<?xml version="1.0" encoding="UTF-8"?>
<testsuites tests="24" failures="0" errors="0" skipped="0">
  <testsuite timestamp="2025-05-29T15:39:42" time="709.112" tests="5" failures="0" errors="0" skipped="0">
    <properties>
      <property name="specId" value="0"/>
      <property name="suiteName" value="Manage Requests Tags Tests US120163"/>
      <property name="capabilities" value="chrome.136_0_7103_93.windows"/>
      <property name="file" value="file:///D:/a/1/s/test/specs/R2C/create-request-Tags.spec.js"/>
    </properties>
    <testcase classname="chrome.136_0_7103_93.windows.Manage_Requests_Tags_Tests_US120163" name="Should create a new yard" time="141.721">
      <system-out><![CDATA[
COMMAND: POST /session/de809374161c7b69160a618664f1a5fa/execute/async - {"script":"<script> [1562 bytes]","args":[{"selector":{"controlType":"sap.m.GenericTile","properties":{"header":"Manage Yards"}},"wdio_ui5_key":"sapm.GenericTile{\"header\":\"Manage Yards\"}"}]}
RESULT: {"script":"<script> [1562 bytes]","args":[{"selector":{"controlType":"sap.m.GenericTile","properties":{"header":"Manage Yards"}},"wdio_ui5_key":"sapm.GenericTile{\"header\":\"Manage Yards\"}"}]}
RESULT: undefined
COMMAND: POST /session/de809374161c7b69160a618664f1a5fa/element - {"using":"xpath","value":"//*[@id=\"__tile41\"]"}
RESULT: {"using":"xpath","value":"//*[@id=\"__tile41\"]"}
COMMAND: POST /session/de809374161c7b69160a618664f1a5fa/element/f.BF26AF8B2ED0E270307A0F05FC587F4F.d.BEEFD0896A462893232EF8AD1E0997ED.e.113/click - {}
RESULT: {}
COMMAND: GET /session/de809374161c7b69160a618664f1a5fa/screenshot - {}
RESULT: {}
COMMAND: POST /session/de809374161c7b69160a618664f1a5fa/elements - {"using":"xpath","value":"//span[text()='Error']"}
RESULT: {"using":"xpath","value":"//span[text()='Error']"}
COMMAND: POST /session/de809374161c7b69160a618664f1a5fa/execute/async - {"script":"<script> [1562 bytes]","args":[{"selector":{"controlType":"sap.ui.core.Icon","viewName":"etm.portal.ui.manageyards.view.Master","viewId":"application-manageyards-display-component---masterYard","properties":{"src":{"regex":{"source":"add"}}}},"wdio_ui5_key":"etmportal.ui.manageyards.view.Mastersap.ui.core.Icon{\"src\":{\"regex\":{\"source\":\"add\"}}}"}]}
RESULT: {"script":"<script> [1562 bytes]","args":[{"selector":{"controlType":"sap.ui.core.Icon","viewName":"etm.portal.ui.manageyards.view.Master","viewId":"application-manageyards-display-component---masterYard","properties":{"src":{"regex":{"source":"add"}}}},"wdio_ui5_key":"etmportal.ui.manageyards.view.Mastersap.ui.core.Icon{\"src\":{\"regex\":{\"source\":\"add\"}}}"}]}
RESULT: undefined
COMMAND: POST /session/de809374161c7b69160a618664f1a5fa/element - {"using":"xpath","value":"//*[@id=\"__button4-img\"]"}
RESULT: {"using":"xpath","value":"//*[@id=\"__button4-img\"]"}
COMMAND: POST /session/de809374161c7b69160a618664f1a5fa/element/f.BF26AF8B2ED0E270307A0F05FC587F4F.d.BEEFD0896A462893232EF8AD1E0997ED.e.161/click - {}
RESULT: {}
COMMAND: GET /session/de809374161c7b69160a618664f1a5fa/screenshot - {}
RESULT: {}
COMMAND: POST /session/de809374161c7b69160a618664f1a5fa/execute/async - {"script":"<script> [1562 bytes]","args":[{"selector":{"id":"application-manageyards-display-component---NewYard--yardId","interaction":{"idSuffix":"inner"}},"wdio_ui5_key":"applicationmanageyards-display-component---NewYard--yardId"}]}
RESULT: {"script":"<script> [1562 bytes]","args":[{"selector":{"id":"application-manageyards-display-component---NewYard--yardId","interaction":{"idSuffix":"inner"}},"wdio_ui5_key":"applicationmanageyards-display-component---NewYard--yardId"}]}
RESULT: undefined
COMMAND: POST /session/de809374161c7b69160a618664f1a5fa/element - {"using":"xpath","value":"//*[@id=\"application-manageyards-display-component---NewYard--addressDetailDetailsName1-inner\"]"}
RESULT: {"using":"xpath","value":"//*[@id=\"application-manageyards-display-component---NewYard--addressDetailDetailsName1-inner\"]"}
COMMAND: POST /session/de809374161c7b69160a618664f1a5fa/element/f.BF26AF8B2ED0E270307A0F05FC587F4F.d.BEEFD0896A462893232EF8AD1E0997ED.e.376/clear - {}
RESULT: {}
COMMAND: POST /session/de809374161c7b69160a618664f1a5fa/element/f.BF26AF8B2ED0E270307A0F05FC587F4F.d.BEEFD0896A462893232EF8AD1E0997ED.e.376/value - {"text":"WebdriverYarduxu1d"}
COMMAND: GET /session/de809374161c7b69160a618664f1a5fa/screenshot - {}
RESULT: {"text":"WebdriverYarduxu1d"}
COMMAND: POST /session/de809374161c7b69160a618664f1a5fa/element - {"using":"xpath","value":"//*[@id=\"application-manageyards-display-component---NewYard--addressDetailDetailsLanguage-inner\"]"}
COMMAND: GET /session/de809374161c7b69160a618664f1a5fa/screenshot - {}
RESULT: {}
RESULT: {"using":"xpath","value":"//*[@id=\"application-manageyards-display-component---NewYard--addressDetailDetailsLanguage-inner\"]"}
COMMAND: POST /session/de809374161c7b69160a618664f1a5fa/element/f.BF26AF8B2ED0E270307A0F05FC587F4F.d.BEEFD0896A462893232EF8AD1E0997ED.e.377/clear - {}
RESULT: {}
RESULT: {}
COMMAND: POST /session/de809374161c7b69160a618664f1a5fa/element/f.BF26AF8B2ED0E270307A0F05FC587F4F.d.BEEFD0896A462893232EF8AD1E0997ED.e.377/value - {"text":"Romanian"}
COMMAND: GET /session/de809374161c7b69160a618664f1a5fa/screenshot - {}
RESULT: {"text":"Romanian"}
COMMAND: POST /session/de809374161c7b69160a618664f1a5fa/element - {"using":"xpath","value":"//input[contains(@id ,\"application-manageyards-display-component---NewYard--addressDetailDetailsName1-inner\")]"}
COMMAND: GET /session/de809374161c7b69160a618664f1a5fa/screenshot - {}
RESULT: {}
RESULT: {"using":"xpath","value":"//input[contains(@id ,\"application-manageyards-display-component---NewYard--addressDetailDetailsName1-inner\")]"}
COMMAND: GET /session/de809374161c7b69160a618664f1a5fa/element/f.BF26AF8B2ED0E270307A0F05FC587F4F.d.BEEFD0896A462893232EF8AD1E0997ED.e.376/property/value - {}
RESULT: {}
RESULT: {}
COMMAND: GET /session/de809374161c7b69160a618664f1a5fa/screenshot - {}
RESULT: {}
COMMAND: POST /session/de809374161c7b69160a618664f1a5fa/element - {"using":"xpath","value":"//*[@id=\"application-manageyards-display-component---NewYard--addressDetailDetailsCity1-inner\"]"}
RESULT: {"using":"xpath","value":"//*[@id=\"application-manageyards-display-component---NewYard--addressDetailDetailsCity1-inner\"]"}
COMMAND: POST /session/de809374161c7b69160a618664f1a5fa/element/f.BF26AF8B2ED0E270307A0F05FC587F4F.d.BEEFD0896A462893232EF8AD1E0997ED.e.379/clear - {}
RESULT: {}
COMMAND: POST /session/de809374161c7b69160a618664f1a5fa/element/f.BF26AF8B2ED0E270307A0F05FC587F4F.d.BEEFD0896A462893232EF8AD1E0997ED.e.379/value - {"text":"Bucuresti"}
COMMAND: GET /session/de809374161c7b69160a618664f1a5fa/screenshot - {}
RESULT: {"text":"Bucuresti"}
COMMAND: GET /session/de809374161c7b69160a618664f1a5fa/screenshot - {}
RESULT: {}
RESULT: {}
COMMAND: POST /session/de809374161c7b69160a618664f1a5fa/element - {"using":"xpath","value":"//*[@id=\"application-manageyards-display-component---NewYard--addressDetailDetailsCountry-inner\"]"}
RESULT: {"using":"xpath","value":"//*[@id=\"application-manageyards-display-component---NewYard--addressDetailDetailsCountry-inner\"]"}
COMMAND: POST /session/de809374161c7b69160a618664f1a5fa/element/f.BF26AF8B2ED0E270307A0F05FC587F4F.d.BEEFD0896A462893232EF8AD1E0997ED.e.383/clear - {}
RESULT: {}
COMMAND: POST /session/de809374161c7b69160a618664f1a5fa/element/f.BF26AF8B2ED0E270307A0F05FC587F4F.d.BEEFD0896A462893232EF8AD1E0997ED.e.383/value - {"text":"Romania"}
COMMAND: GET /session/de809374161c7b69160a618664f1a5fa/screenshot - {}
RESULT: {"text":"Romania"}
COMMAND: GET /session/de809374161c7b69160a618664f1a5fa/screenshot - {}
RESULT: {}
COMMAND: POST /session/de809374161c7b69160a618664f1a5fa/element - {"using":"xpath","value":"//div[contains(text(), \"Commercial\")]"}
RESULT: {}
RESULT: {"using":"xpath","value":"//div[contains(text(), \"Commercial\")]"}
COMMAND: GET /session/de809374161c7b69160a618664f1a5fa/element/f.BF26AF8B2ED0E270307A0F05FC587F4F.d.BEEFD0896A462893232EF8AD1E0997ED.e.570/rect - {}
RESULT: {}
COMMAND: GET /session/de809374161c7b69160a618664f1a5fa/window/rect - {}
RESULT: {}
COMMAND: POST /session/de809374161c7b69160a618664f1a5fa/execute/sync - {"script":"<script> [92 bytes]","args":[]}
RESULT: {"script":"<script> [92 bytes]","args":[]}
COMMAND: POST /session/de809374161c7b69160a618664f1a5fa/actions - {"actions":[{"id":"action1","type":"wheel","parameters":{},"actions":[{"type":"scroll","x":-1841,"y":-44,"deltaX":0,"deltaY":0,"duration":0,"origin":{"element-6066-11e4-a52e-4f735466cecf":"f.BF26AF8B2ED0E270307A0F05FC587F4F.d.BEEFD0896A462893232EF8AD1E0997ED.e.570"}}]}]}
COMMAND: GET /session/de809374161c7b69160a618664f1a5fa/screenshot - {}
RESULT: {}
COMMAND: POST /session/de809374161c7b69160a618664f1a5fa/execute/sync - {"script":"<script> [79 bytes]","args":[{"element-6066-11e4-a52e-4f735466cecf":"f.BF26AF8B2ED0E270307A0F05FC587F4F.d.BEEFD0896A462893232EF8AD1E0997ED.e.570","ELEMENT":"f.BF26AF8B2ED0E270307A0F05FC587F4F.d.BEEFD0896A462893232EF8AD1E0997ED.e.570"},{"block":"start","inline":"nearest"}]}
RESULT: {"script":"<script> [79 bytes]","args":[{"element-6066-11e4-a52e-4f735466cecf":"f.BF26AF8B2ED0E270307A0F05FC587F4F.d.BEEFD0896A462893232EF8AD1E0997ED.e.570","ELEMENT":"f.BF26AF8B2ED0E270307A0F05FC587F4F.d.BEEFD0896A462893232EF8AD1E0997ED.e.570"},{"block":"start","inline":"nearest"}]}
COMMAND: GET /session/de809374161c7b69160a618664f1a5fa/screenshot - {}
COMMAND: POST /session/de809374161c7b69160a618664f1a5fa/execute/async - {"script":"<script> [1562 bytes]","args":[{"selector":{"id":"application-manageyards-display-component---NewYard--addressEditDetailsCostObjectCstType-arrow"},"wdio_ui5_key":"applicationmanageyards-display-component---NewYard--addressEditDetailsCostObjectCstType-arrow"}]}
RESULT: {}
RESULT: {"script":"<script> [1562 bytes]","args":[{"selector":{"id":"application-manageyards-display-component---NewYard--addressEditDetailsCostObjectCstType-arrow"},"wdio_ui5_key":"applicationmanageyards-display-component---NewYard--addressEditDetailsCostObjectCstType-arrow"}]}
RESULT: undefined
COMMAND: POST /session/de809374161c7b69160a618664f1a5fa/element - {"using":"xpath","value":"//*[@id=\"application-manageyards-display-component---NewYard--addressEditDetailsCostObjectCstType-arrow\"]"}
RESULT: {"using":"xpath","value":"//*[@id=\"application-manageyards-display-component---NewYard--addressEditDetailsCostObjectCstType-arrow\"]"}
COMMAND: POST /session/de809374161c7b69160a618664f1a5fa/element/f.BF26AF8B2ED0E270307A0F05FC587F4F.d.BEEFD0896A462893232EF8AD1E0997ED.e.578/click - {}
RESULT: {}
COMMAND: POST /session/de809374161c7b69160a618664f1a5fa/element - {"using":"xpath","value":"//span[contains(text(), \"Cost Center\")]"}
COMMAND: GET /session/de809374161c7b69160a618664f1a5fa/screenshot - {}
RESULT: {"using":"xpath","value":"//span[contains(text(), \"Cost Center\")]"}
COMMAND: POST /session/de809374161c7b69160a618664f1a5fa/element/f.BF26AF8B2ED0E270307A0F05FC587F4F.d.BEEFD0896A462893232EF8AD1E0997ED.e.579/click - {}
RESULT: {}
RESULT: {}
COMMAND: GET /session/de809374161c7b69160a618664f1a5fa/screenshot - {}
RESULT: {}
COMMAND: POST /session/de809374161c7b69160a618664f1a5fa/execute/async - {"script":"<script> [1562 bytes]","args":[{"selector":{"id":"application-manageyards-display-component---NewYard--addressNewCostObjectCstID-vhi"},"wdio_ui5_key":"applicationmanageyards-display-component---NewYard--addressNewCostObjectCstID-vhi"}]}
RESULT: {"script":"<script> [1562 bytes]","args":[{"selector":{"id":"application-manageyards-display-component---NewYard--addressNewCostObjectCstID-vhi"},"wdio_ui5_key":"applicationmanageyards-display-component---NewYard--addressNewCostObjectCstID-vhi"}]}
RESULT: undefined
COMMAND: POST /session/de809374161c7b69160a618664f1a5fa/element - {"using":"xpath","value":"//*[@id=\"application-manageyards-display-component---NewYard--addressNewCostObjectCstID-vhi\"]"}
RESULT: {"using":"xpath","value":"//*[@id=\"application-manageyards-display-component---NewYard--addressNewCostObjectCstID-vhi\"]"}
COMMAND: POST /session/de809374161c7b69160a618664f1a5fa/element/f.BF26AF8B2ED0E270307A0F05FC587F4F.d.BEEFD0896A462893232EF8AD1E0997ED.e.583/click - {}
RESULT: {}
COMMAND: GET /session/de809374161c7b69160a618664f1a5fa/screenshot - {}
RESULT: {}
COMMAND: POST /session/de809374161c7b69160a618664f1a5fa/execute/async - {"script":"<script> [1562 bytes]","args":[{"selector":{"controlType":"sap.m.SearchField","properties":{"placeholder":"Search"},"searchOpenDialogs":true,"interaction":{"idSuffix":"I"}},"wdio_ui5_key":"sapm.SearchField{\"placeholder\":\"Search\"}"}]}
RESULT: {"script":"<script> [1562 bytes]","args":[{"selector":{"controlType":"sap.m.SearchField","properties":{"placeholder":"Search"},"searchOpenDialogs":true,"interaction":{"idSuffix":"I"}},"wdio_ui5_key":"sapm.SearchField{\"placeholder\":\"Search\"}"}]}
RESULT: undefined
COMMAND: POST /session/de809374161c7b69160a618664f1a5fa/execute/async - {"script":"<script> [776 bytes]","args":[{"enterText":"10001013","selector":{"controlType":"sap.m.SearchField","properties":{"placeholder":"Search"},"searchOpenDialogs":true,"interaction":{"idSuffix":"I"}},"clearTextFirst":true,"interactionType":"ENTER_TEXT"}]}
RESULT: {"script":"<script> [776 bytes]","args":[{"enterText":"10001013","selector":{"controlType":"sap.m.SearchField","properties":{"placeholder":"Search"},"searchOpenDialogs":true,"interaction":{"idSuffix":"I"}},"clearTextFirst":true,"interactionType":"ENTER_TEXT"}]}
COMMAND: POST /session/de809374161c7b69160a618664f1a5fa/actions - {"actions":[{"id":"action2","type":"key","parameters":{},"actions":[{"type":"keyDown","value":""},{"type":"pause","duration":10},{"type":"keyUp","value":""}]}]}
RESULT: {"actions":[{"id":"action2","type":"key","parameters":{},"actions":[{"type":"keyDown","value":""},{"type":"pause","duration":10},{"type":"keyUp","value":""}]}]}
COMMAND: GET /session/de809374161c7b69160a618664f1a5fa/screenshot - {}
RESULT: {}
COMMAND: POST /session/de809374161c7b69160a618664f1a5fa/element - {"using":"xpath","value":"//span[contains(text(), \"General Management\")]"}
RESULT: {"using":"xpath","value":"//span[contains(text(), \"General Management\")]"}
COMMAND: POST /session/de809374161c7b69160a618664f1a5fa/element/f.BF26AF8B2ED0E270307A0F05FC587F4F.d.BEEFD0896A462893232EF8AD1E0997ED.e.625/click - {}
RESULT: {}
COMMAND: GET /session/de809374161c7b69160a618664f1a5fa/screenshot - {}
RESULT: {}
COMMAND: POST /session/de809374161c7b69160a618664f1a5fa/element - {"using":"xpath","value":"//bdi[contains(text(), \"OK\")]"}
RESULT: {"using":"xpath","value":"//bdi[contains(text(), \"OK\")]"}
COMMAND: POST /session/de809374161c7b69160a618664f1a5fa/element/f.BF26AF8B2ED0E270307A0F05FC587F4F.d.BEEFD0896A462893232EF8AD1E0997ED.e.626/click - {}
RESULT: {}
COMMAND: GET /session/de809374161c7b69160a618664f1a5fa/screenshot - {}
RESULT: {}
COMMAND: POST /session/de809374161c7b69160a618664f1a5fa/execute/async - {"script":"<script> [1562 bytes]","args":[{"selector":{"controlType":"sap.m.Button","viewName":"etm.portal.ui.manageyards.view.New","viewId":"application-manageyards-display-component---NewYard","i18NText":{"propertyName":"text","key":"save"},"interaction":{"idSuffix":"inner"}},"wdio_ui5_key":"etmportal.ui.manageyards.view.Newsap.m.Button{\"propertyName\":\"text\",\"key\":\"save\"}"}]}
RESULT: {"script":"<script> [1562 bytes]","args":[{"selector":{"controlType":"sap.m.Button","viewName":"etm.portal.ui.manageyards.view.New","viewId":"application-manageyards-display-component---NewYard","i18NText":{"propertyName":"text","key":"save"},"interaction":{"idSuffix":"inner"}},"wdio_ui5_key":"etmportal.ui.manageyards.view.Newsap.m.Button{\"propertyName\":\"text\",\"key\":\"save\"}"}]}
RESULT: undefined
COMMAND: POST /session/de809374161c7b69160a618664f1a5fa/element - {"using":"xpath","value":"//*[@id=\"__button18\"]"}
RESULT: {"using":"xpath","value":"//*[@id=\"__button18\"]"}
COMMAND: POST /session/de809374161c7b69160a618664f1a5fa/element/f.BF26AF8B2ED0E270307A0F05FC587F4F.d.BEEFD0896A462893232EF8AD1E0997ED.e.550/click - {}
RESULT: {}
COMMAND: GET /session/de809374161c7b69160a618664f1a5fa/screenshot - {}
RESULT: {}
COMMAND: POST /session/de809374161c7b69160a618664f1a5fa/element - {"using":"xpath","value":"//header/div/div[2]/div[2]/span"}
RESULT: {"using":"xpath","value":"//header/div/div[2]/div[2]/span"}
COMMAND: GET /session/de809374161c7b69160a618664f1a5fa/element/f.BF26AF8B2ED0E270307A0F05FC587F4F.d.BEEFD0896A462893232EF8AD1E0997ED.e.824/text - {}
RESULT: {}
COMMAND: POST /session/de809374161c7b69160a618664f1a5fa/execute/async - {"script":"<script> [1562 bytes]","args":[{"selector":{"controlType":"sap.m.OverflowToolbarButton","viewName":"etm.portal.ui.manageyards.view.Detail","viewId":"application-manageyards-display-component---detailYard","i18NText":{"propertyName":"tooltip","key":"closeColumn"},"interaction":{"idSuffix":"inner"}},"wdio_ui5_key":"etmportal.ui.manageyards.view.Detailsap.m.OverflowToolbarButton{\"propertyName\":\"tooltip\",\"key\":\"closeColumn\"}"}]}
RESULT: {"script":"<script> [1562 bytes]","args":[{"selector":{"controlType":"sap.m.OverflowToolbarButton","viewName":"etm.portal.ui.manageyards.view.Detail","viewId":"application-manageyards-display-component---detailYard","i18NText":{"propertyName":"tooltip","key":"closeColumn"},"interaction":{"idSuffix":"inner"}},"wdio_ui5_key":"etmportal.ui.manageyards.view.Detailsap.m.OverflowToolbarButton{\"propertyName\":\"tooltip\",\"key\":\"closeColumn\"}"}]}
RESULT: undefined
COMMAND: POST /session/de809374161c7b69160a618664f1a5fa/element - {"using":"xpath","value":"//*[@id=\"__button42\"]"}
RESULT: {"using":"xpath","value":"//*[@id=\"__button42\"]"}
COMMAND: POST /session/de809374161c7b69160a618664f1a5fa/element/f.BF26AF8B2ED0E270307A0F05FC587F4F.d.BEEFD0896A462893232EF8AD1E0997ED.e.826/click - {}
RESULT: {}
COMMAND: GET /session/de809374161c7b69160a618664f1a5fa/screenshot - {}
RESULT: {}
COMMAND: POST /session/de809374161c7b69160a618664f1a5fa/element - {"using":"css selector","value":"#shell-header-logo"}
RESULT: {"using":"css selector","value":"#shell-header-logo"}
COMMAND: POST /session/de809374161c7b69160a618664f1a5fa/element/f.BF26AF8B2ED0E270307A0F05FC587F4F.d.BEEFD0896A462893232EF8AD1E0997ED.e.115/click - {}
RESULT: {}
COMMAND: GET /session/de809374161c7b69160a618664f1a5fa/screenshot - {}
COMMAND: POST /session/de809374161c7b69160a618664f1a5fa/refresh - {}
RESULT: {}
RESULT: {}
COMMAND: GET /session/de809374161c7b69160a618664f1a5fa/screenshot - {}
RESULT: {}
COMMAND: POST /session/de809374161c7b69160a618664f1a5fa/execute/async - {"script":"<script> [189 bytes]","args":[]}
RESULT: {"script":"<script> [189 bytes]","args":[]}
COMMAND: POST /session/de809374161c7b69160a618664f1a5fa/execute/async - {"script":"<script> [123 bytes]","args":[]}
RESULT: {"script":"<script> [123 bytes]","args":[]}
COMMAND: POST /session/de809374161c7b69160a618664f1a5fa/timeouts - {"script":"<number>"}
RESULT: {"script":"<number>"}
COMMAND: GET /session/de809374161c7b69160a618664f1a5fa/timeouts - {}
RESULT: {}
RESULT: undefined
COMMAND: POST /session/de809374161c7b69160a618664f1a5fa/execute/async - {"script":"<script> [2676 bytes]","args":[]}
RESULT: {"script":"<script> [2676 bytes]","args":[]}
COMMAND: POST /session/de809374161c7b69160a618664f1a5fa/execute/async - {"script":"<script> [2342 bytes]","args":[{"protocol":"http","hostname":"0.0.0.0","path":"/","capabilities":{"browserName":"chrome","goog:chromeOptions":{"binary":"C:\\Program Files\\Google\\Chrome\\Application\\chrome.exe","args":["--start-maximized"]}},"logLevel":"warn","connectionRetryTimeout":120000,"connectionRetryCount":3,"logLevels":{},"enableDirectConnect":true,"strictSSL":true,"_":"65 more keys: [\"cacheDir\",\"port\",\"requestedCapabilities\",\"automationProtocol\",\"baseUrl\",\"waitforInterval\",\"waitforTimeout\",\"onReload\",\"beforeCommand\",\"afterCommand\",\"rootDir\",\"specs\",\"suites\",\"exclude\",\"groupLogsByTestSpec\",\"excludeDriverLogs\",\"bail\",\"framework\",\"reporters\",\"services\",\"maxInstances\",\"maxInstancesPerCapability\",\"injectGlobals\",\"filesToWatch\",\"execArgv\",\"runnerEnv\",\"runner\",\"shard\",\"specFileRetries\",\"specFileRetriesDelay\",\"specFileRetriesDeferred\",\"reporterSyncInterval\",\"reporterSyncTimeout\",\"cucumberFeaturesWithLineNumbers\",\"autoCompileOpts\",\"mochaOpts\",\"jasmineOpts\",\"cucumberOpts\",\"onPrepare\",\"onWorkerStart\",\"onWorkerEnd\",\"before\",\"beforeSession\",\"beforeSuite\",\"beforeHook\",\"beforeTest\",\"afterTest\",\"afterHook\",\"afterSuite\",\"afterSession\",\"after\",\"onComplete\",\"beforeAssertion\",\"afterAssertion\",\"beforeFeature\",\"beforeScenario\",\"beforeStep\",\"afterStep\",\"afterScenario\",\"afterFeature\",\"_\",\"suite\",\"$0\",\"ignoredWorkerServices\",\"wdi5\"]"}]}
RESULT: {"script":"<script> [2342 bytes]","args":[{"protocol":"http","hostname":"0.0.0.0","path":"/","capabilities":{"browserName":"chrome","goog:chromeOptions":{"binary":"C:\\Program Files\\Google\\Chrome\\Application\\chrome.exe","args":["--start-maximized"]}},"logLevel":"warn","connectionRetryTimeout":120000,"connectionRetryCount":3,"logLevels":{},"enableDirectConnect":true,"strictSSL":true,"_":"65 more keys: [\"cacheDir\",\"port\",\"requestedCapabilities\",\"automationProtocol\",\"baseUrl\",\"waitforInterval\",\"waitforTimeout\",\"onReload\",\"beforeCommand\",\"afterCommand\",\"rootDir\",\"specs\",\"suites\",\"exclude\",\"groupLogsByTestSpec\",\"excludeDriverLogs\",\"bail\",\"framework\",\"reporters\",\"services\",\"maxInstances\",\"maxInstancesPerCapability\",\"injectGlobals\",\"filesToWatch\",\"execArgv\",\"runnerEnv\",\"runner\",\"shard\",\"specFileRetries\",\"specFileRetriesDelay\",\"specFileRetriesDeferred\",\"reporterSyncInterval\",\"reporterSyncTimeout\",\"cucumberFeaturesWithLineNumbers\",\"autoCompileOpts\",\"mochaOpts\",\"jasmineOpts\",\"cucumberOpts\",\"onPrepare\",\"onWorkerStart\",\"onWorkerEnd\",\"before\",\"beforeSession\",\"beforeSuite\",\"beforeHook\",\"beforeTest\",\"afterTest\",\"afterHook\",\"afterSuite\",\"afterSession\",\"after\",\"onComplete\",\"beforeAssertion\",\"afterAssertion\",\"beforeFeature\",\"beforeScenario\",\"beforeStep\",\"afterStep\",\"afterScenario\",\"afterFeature\",\"_\",\"suite\",\"$0\",\"ignoredWorkerServices\",\"wdi5\"]"}]}
COMMAND: POST /session/de809374161c7b69160a618664f1a5fa/execute/async - {"script":"<script> [21126 bytes]","args":[35000]}
RESULT: {"script":"<script> [21126 bytes]","args":[35000]}
]]></system-out>
    </testcase>
    <testcase classname="chrome.136_0_7103_93.windows.Manage_Requests_Tags_Tests_US120163" name="Should create a new partner" time="82.443">
      <system-out><![CDATA[
COMMAND: POST /session/de809374161c7b69160a618664f1a5fa/execute/async - {"script":"<script> [1562 bytes]","args":[{"selector":{"controlType":"sap.m.GenericTile","properties":{"header":"Manage Partners"}},"wdio_ui5_key":"sapm.GenericTile{\"header\":\"Manage Partners\"}"}]}
RESULT: {"script":"<script> [1562 bytes]","args":[{"selector":{"controlType":"sap.m.GenericTile","properties":{"header":"Manage Partners"}},"wdio_ui5_key":"sapm.GenericTile{\"header\":\"Manage Partners\"}"}]}
RESULT: undefined
COMMAND: POST /session/de809374161c7b69160a618664f1a5fa/element - {"using":"xpath","value":"//*[@id=\"__tile38\"]"}
RESULT: {"using":"xpath","value":"//*[@id=\"__tile38\"]"}
COMMAND: POST /session/de809374161c7b69160a618664f1a5fa/element/f.BF26AF8B2ED0E270307A0F05FC587F4F.d.DDAE61E392AB3DA5E80FB5F31050A430.e.1185/click - {}
RESULT: {}
COMMAND: GET /session/de809374161c7b69160a618664f1a5fa/screenshot - {}
RESULT: {}
COMMAND: POST /session/de809374161c7b69160a618664f1a5fa/elements - {"using":"xpath","value":"//span[text()='Error']"}
RESULT: {"using":"xpath","value":"//span[text()='Error']"}
COMMAND: POST /session/de809374161c7b69160a618664f1a5fa/execute/async - {"script":"<script> [1562 bytes]","args":[{"selector":{"controlType":"sap.ui.core.Icon","viewName":"etm.portal.ui.managepartners.view.Master","viewId":"application-managepartners-display-component---masterPtm","properties":{"src":{"regex":{"source":"add"}}}},"wdio_ui5_key":"etmportal.ui.managepartners.view.Mastersap.ui.core.Icon{\"src\":{\"regex\":{\"source\":\"add\"}}}"}]}
RESULT: {"script":"<script> [1562 bytes]","args":[{"selector":{"controlType":"sap.ui.core.Icon","viewName":"etm.portal.ui.managepartners.view.Master","viewId":"application-managepartners-display-component---masterPtm","properties":{"src":{"regex":{"source":"add"}}}},"wdio_ui5_key":"etmportal.ui.managepartners.view.Mastersap.ui.core.Icon{\"src\":{\"regex\":{\"source\":\"add\"}}}"}]}
RESULT: undefined
COMMAND: POST /session/de809374161c7b69160a618664f1a5fa/element - {"using":"xpath","value":"//*[@id=\"__button4-img\"]"}
RESULT: {"using":"xpath","value":"//*[@id=\"__button4-img\"]"}
COMMAND: POST /session/de809374161c7b69160a618664f1a5fa/element/f.BF26AF8B2ED0E270307A0F05FC587F4F.d.DDAE61E392AB3DA5E80FB5F31050A430.e.1237/click - {}
RESULT: {}
COMMAND: GET /session/de809374161c7b69160a618664f1a5fa/screenshot - {}
COMMAND: POST /session/de809374161c7b69160a618664f1a5fa/execute/async - {"script":"<script> [1562 bytes]","args":[{"selector":{"id":"application-managepartners-display-component---NewPartner--partnerId","interaction":{"idSuffix":"inner"}},"wdio_ui5_key":"applicationmanagepartners-display-component---NewPartner--partnerId"}]}
RESULT: {}
RESULT: {"script":"<script> [1562 bytes]","args":[{"selector":{"id":"application-managepartners-display-component---NewPartner--partnerId","interaction":{"idSuffix":"inner"}},"wdio_ui5_key":"applicationmanagepartners-display-component---NewPartner--partnerId"}]}
RESULT: undefined
COMMAND: POST /session/de809374161c7b69160a618664f1a5fa/execute/async - {"script":"<script> [1562 bytes]","args":[{"selector":{"id":"application-managepartners-display-component---NewPartner--addressDetailDetailsName1","interaction":{"idSuffix":"inner"}},"wdio_ui5_key":"applicationmanagepartners-display-component---NewPartner--addressDetailDetailsName1"}]}
RESULT: {"script":"<script> [1562 bytes]","args":[{"selector":{"id":"application-managepartners-display-component---NewPartner--addressDetailDetailsName1","interaction":{"idSuffix":"inner"}},"wdio_ui5_key":"applicationmanagepartners-display-component---NewPartner--addressDetailDetailsName1"}]}
RESULT: undefined
COMMAND: POST /session/de809374161c7b69160a618664f1a5fa/execute/async - {"script":"<script> [776 bytes]","args":[{"enterText":"WebdriverPartnermab88","selector":{"id":"application-managepartners-display-component---NewPartner--addressDetailDetailsName1","interaction":{"idSuffix":"inner"}},"clearTextFirst":true,"interactionType":"ENTER_TEXT"}]}
RESULT: {"script":"<script> [776 bytes]","args":[{"enterText":"WebdriverPartnermab88","selector":{"id":"application-managepartners-display-component---NewPartner--addressDetailDetailsName1","interaction":{"idSuffix":"inner"}},"clearTextFirst":true,"interactionType":"ENTER_TEXT"}]}
COMMAND: POST /session/de809374161c7b69160a618664f1a5fa/execute/async - {"script":"<script> [1562 bytes]","args":[{"selector":{"id":"application-managepartners-display-component---NewPartner--addressDetailDetailsLanguage","interaction":{"idSuffix":"inner"}},"wdio_ui5_key":"applicationmanagepartners-display-component---NewPartner--addressDetailDetailsLanguage"}]}
RESULT: {"script":"<script> [1562 bytes]","args":[{"selector":{"id":"application-managepartners-display-component---NewPartner--addressDetailDetailsLanguage","interaction":{"idSuffix":"inner"}},"wdio_ui5_key":"applicationmanagepartners-display-component---NewPartner--addressDetailDetailsLanguage"}]}
RESULT: undefined
COMMAND: POST /session/de809374161c7b69160a618664f1a5fa/execute/async - {"script":"<script> [776 bytes]","args":[{"enterText":"Romanian","selector":{"id":"application-managepartners-display-component---NewPartner--addressDetailDetailsLanguage","interaction":{"idSuffix":"inner"}},"clearTextFirst":true,"interactionType":"ENTER_TEXT"}]}
RESULT: {"script":"<script> [776 bytes]","args":[{"enterText":"Romanian","selector":{"id":"application-managepartners-display-component---NewPartner--addressDetailDetailsLanguage","interaction":{"idSuffix":"inner"}},"clearTextFirst":true,"interactionType":"ENTER_TEXT"}]}
COMMAND: POST /session/de809374161c7b69160a618664f1a5fa/element - {"using":"xpath","value":"//input[contains(@id ,\"application-managepartners-display-component---NewPartner--addressDetailDetailsName1-inner\")]"}
RESULT: {"using":"xpath","value":"//input[contains(@id ,\"application-managepartners-display-component---NewPartner--addressDetailDetailsName1-inner\")]"}
COMMAND: GET /session/de809374161c7b69160a618664f1a5fa/element/f.BF26AF8B2ED0E270307A0F05FC587F4F.d.DDAE61E392AB3DA5E80FB5F31050A430.e.1500/property/value - {}
RESULT: {}
COMMAND: POST /session/de809374161c7b69160a618664f1a5fa/execute/async - {"script":"<script> [1562 bytes]","args":[{"selector":{"id":"application-managepartners-display-component---NewPartner--addressDetailDetailsCity1","interaction":{"idSuffix":"inner"}},"wdio_ui5_key":"applicationmanagepartners-display-component---NewPartner--addressDetailDetailsCity1"}]}
COMMAND: GET /session/de809374161c7b69160a618664f1a5fa/screenshot - {}
RESULT: {"script":"<script> [1562 bytes]","args":[{"selector":{"id":"application-managepartners-display-component---NewPartner--addressDetailDetailsCity1","interaction":{"idSuffix":"inner"}},"wdio_ui5_key":"applicationmanagepartners-display-component---NewPartner--addressDetailDetailsCity1"}]}
RESULT: undefined
COMMAND: POST /session/de809374161c7b69160a618664f1a5fa/execute/async - {"script":"<script> [776 bytes]","args":[{"enterText":"Bucharest","selector":{"id":"application-managepartners-display-component---NewPartner--addressDetailDetailsCity1","interaction":{"idSuffix":"inner"}},"clearTextFirst":true,"interactionType":"ENTER_TEXT"}]}
RESULT: {}
RESULT: {"script":"<script> [776 bytes]","args":[{"enterText":"Bucharest","selector":{"id":"application-managepartners-display-component---NewPartner--addressDetailDetailsCity1","interaction":{"idSuffix":"inner"}},"clearTextFirst":true,"interactionType":"ENTER_TEXT"}]}
COMMAND: POST /session/de809374161c7b69160a618664f1a5fa/execute/async - {"script":"<script> [1562 bytes]","args":[{"selector":{"id":"application-managepartners-display-component---NewPartner--addressDetailDetailsCountry","interaction":{"idSuffix":"inner"}},"wdio_ui5_key":"applicationmanagepartners-display-component---NewPartner--addressDetailDetailsCountry"}]}
RESULT: {"script":"<script> [1562 bytes]","args":[{"selector":{"id":"application-managepartners-display-component---NewPartner--addressDetailDetailsCountry","interaction":{"idSuffix":"inner"}},"wdio_ui5_key":"applicationmanagepartners-display-component---NewPartner--addressDetailDetailsCountry"}]}
RESULT: undefined
COMMAND: POST /session/de809374161c7b69160a618664f1a5fa/execute/async - {"script":"<script> [6424 bytes]","args":[{"element-6066-11e4-a52e-4f735466cecf":"f.BF26AF8B2ED0E270307A0F05FC587F4F.d.DDAE61E392AB3DA5E80FB5F31050A430.e.1507"},"setValue",["Romania"]]}
RESULT: {"script":"<script> [6424 bytes]","args":[{"element-6066-11e4-a52e-4f735466cecf":"f.BF26AF8B2ED0E270307A0F05FC587F4F.d.DDAE61E392AB3DA5E80FB5F31050A430.e.1507"},"setValue",["Romania"]]}
COMMAND: POST /session/de809374161c7b69160a618664f1a5fa/execute/async - {"script":"<script> [1562 bytes]","args":[{"selector":{"id":"application-managepartners-display-component---NewPartner--partnerDetailInternal","interaction":{"idSuffix":"inner"}},"wdio_ui5_key":"applicationmanagepartners-display-component---NewPartner--partnerDetailInternal"}]}
RESULT: {"script":"<script> [1562 bytes]","args":[{"selector":{"id":"application-managepartners-display-component---NewPartner--partnerDetailInternal","interaction":{"idSuffix":"inner"}},"wdio_ui5_key":"applicationmanagepartners-display-component---NewPartner--partnerDetailInternal"}]}
RESULT: undefined
COMMAND: POST /session/de809374161c7b69160a618664f1a5fa/execute/async - {"script":"<script> [776 bytes]","args":[{"enterText":"External partner","selector":{"id":"application-managepartners-display-component---NewPartner--partnerDetailInternal","interaction":{"idSuffix":"inner"}},"clearTextFirst":true,"interactionType":"ENTER_TEXT"}]}
RESULT: {"script":"<script> [776 bytes]","args":[{"enterText":"External partner","selector":{"id":"application-managepartners-display-component---NewPartner--partnerDetailInternal","interaction":{"idSuffix":"inner"}},"clearTextFirst":true,"interactionType":"ENTER_TEXT"}]}
COMMAND: POST /session/de809374161c7b69160a618664f1a5fa/execute/async - {"script":"<script> [1562 bytes]","args":[{"selector":{"id":"application-managepartners-display-component---NewPartner--partnerDetailsCurrency","interaction":{"idSuffix":"inner"}},"wdio_ui5_key":"applicationmanagepartners-display-component---NewPartner--partnerDetailsCurrency"}]}
RESULT: {"script":"<script> [1562 bytes]","args":[{"selector":{"id":"application-managepartners-display-component---NewPartner--partnerDetailsCurrency","interaction":{"idSuffix":"inner"}},"wdio_ui5_key":"applicationmanagepartners-display-component---NewPartner--partnerDetailsCurrency"}]}
RESULT: undefined
COMMAND: POST /session/de809374161c7b69160a618664f1a5fa/execute/async - {"script":"<script> [776 bytes]","args":[{"enterText":"Euro","selector":{"id":"application-managepartners-display-component---NewPartner--partnerDetailsCurrency","interaction":{"idSuffix":"inner"}},"clearTextFirst":true,"interactionType":"ENTER_TEXT"}]}
RESULT: {"script":"<script> [776 bytes]","args":[{"enterText":"Euro","selector":{"id":"application-managepartners-display-component---NewPartner--partnerDetailsCurrency","interaction":{"idSuffix":"inner"}},"clearTextFirst":true,"interactionType":"ENTER_TEXT"}]}
COMMAND: POST /session/de809374161c7b69160a618664f1a5fa/execute/async - {"script":"<script> [1562 bytes]","args":[{"selector":{"controlType":"sap.m.Button","viewName":"etm.portal.ui.managepartners.view.NewPartner","viewId":"application-managepartners-display-component---NewPartner","properties":{"text":"Commercial"},"interaction":{"idSuffix":"BDI-content"}},"wdio_ui5_key":"etmportal.ui.managepartners.view.NewPartnersap.m.Button{\"text\":\"Commercial\"}"}]}
RESULT: {"script":"<script> [1562 bytes]","args":[{"selector":{"controlType":"sap.m.Button","viewName":"etm.portal.ui.managepartners.view.NewPartner","viewId":"application-managepartners-display-component---NewPartner","properties":{"text":"Commercial"},"interaction":{"idSuffix":"BDI-content"}},"wdio_ui5_key":"etmportal.ui.managepartners.view.NewPartnersap.m.Button{\"text\":\"Commercial\"}"}]}
RESULT: undefined
COMMAND: POST /session/de809374161c7b69160a618664f1a5fa/element - {"using":"xpath","value":"//*[@id=\"application-managepartners-display-component---NewPartner--ObjectPageLayout-anchBar-__section5-anchor\"]"}
RESULT: {"using":"xpath","value":"//*[@id=\"application-managepartners-display-component---NewPartner--ObjectPageLayout-anchBar-__section5-anchor\"]"}
COMMAND: POST /session/de809374161c7b69160a618664f1a5fa/element/f.BF26AF8B2ED0E270307A0F05FC587F4F.d.DDAE61E392AB3DA5E80FB5F31050A430.e.1666/click - {}
RESULT: {}
COMMAND: GET /session/de809374161c7b69160a618664f1a5fa/screenshot - {}
RESULT: {}
COMMAND: POST /session/de809374161c7b69160a618664f1a5fa/execute/async - {"script":"<script> [1562 bytes]","args":[{"selector":{"id":"application-managepartners-display-component---NewPartner--btnAddTableRow-img"},"wdio_ui5_key":"applicationmanagepartners-display-component---NewPartner--btnAddTableRow-img"}]}
RESULT: {"script":"<script> [1562 bytes]","args":[{"selector":{"id":"application-managepartners-display-component---NewPartner--btnAddTableRow-img"},"wdio_ui5_key":"applicationmanagepartners-display-component---NewPartner--btnAddTableRow-img"}]}
RESULT: undefined
COMMAND: POST /session/de809374161c7b69160a618664f1a5fa/element - {"using":"xpath","value":"//*[@id=\"application-managepartners-display-component---NewPartner--btnAddTableRow-img\"]"}
RESULT: {"using":"xpath","value":"//*[@id=\"application-managepartners-display-component---NewPartner--btnAddTableRow-img\"]"}
COMMAND: POST /session/de809374161c7b69160a618664f1a5fa/element/f.BF26AF8B2ED0E270307A0F05FC587F4F.d.DDAE61E392AB3DA5E80FB5F31050A430.e.1672/click - {}
RESULT: {}
COMMAND: POST /session/de809374161c7b69160a618664f1a5fa/element - {"using":"xpath","value":"//input[contains(@id ,\"application-managepartners-display-component---NewPartner--assignmentYard-application-managepartners-display-component---NewPartner\")]"}
COMMAND: GET /session/de809374161c7b69160a618664f1a5fa/screenshot - {}
RESULT: {"using":"xpath","value":"//input[contains(@id ,\"application-managepartners-display-component---NewPartner--assignmentYard-application-managepartners-display-component---NewPartner\")]"}
COMMAND: POST /session/de809374161c7b69160a618664f1a5fa/element/f.BF26AF8B2ED0E270307A0F05FC587F4F.d.DDAE61E392AB3DA5E80FB5F31050A430.e.1677/clear - {}
RESULT: {}
RESULT: {}
COMMAND: POST /session/de809374161c7b69160a618664f1a5fa/element/f.BF26AF8B2ED0E270307A0F05FC587F4F.d.DDAE61E392AB3DA5E80FB5F31050A430.e.1677/value - {"text":"WebdriverYarduxu1d"}
COMMAND: GET /session/de809374161c7b69160a618664f1a5fa/screenshot - {}
RESULT: {"text":"WebdriverYarduxu1d"}
COMMAND: GET /session/de809374161c7b69160a618664f1a5fa/screenshot - {}
RESULT: {}
RESULT: {}
COMMAND: POST /session/de809374161c7b69160a618664f1a5fa/execute/async - {"script":"<script> [1562 bytes]","args":[{"selector":{"controlType":"sap.m.Button","viewName":"etm.portal.ui.managepartners.view.NewPartner","viewId":"application-managepartners-display-component---NewPartner","i18NText":{"propertyName":"text","key":"save"},"interaction":{"idSuffix":"BDI-content"}},"wdio_ui5_key":"etmportal.ui.managepartners.view.NewPartnersap.m.Button{\"propertyName\":\"text\",\"key\":\"save\"}"}]}
RESULT: {"script":"<script> [1562 bytes]","args":[{"selector":{"controlType":"sap.m.Button","viewName":"etm.portal.ui.managepartners.view.NewPartner","viewId":"application-managepartners-display-component---NewPartner","i18NText":{"propertyName":"text","key":"save"},"interaction":{"idSuffix":"BDI-content"}},"wdio_ui5_key":"etmportal.ui.managepartners.view.NewPartnersap.m.Button{\"propertyName\":\"text\",\"key\":\"save\"}"}]}
RESULT: undefined
COMMAND: POST /session/de809374161c7b69160a618664f1a5fa/element - {"using":"xpath","value":"//*[@id=\"__button12\"]"}
RESULT: {"using":"xpath","value":"//*[@id=\"__button12\"]"}
COMMAND: POST /session/de809374161c7b69160a618664f1a5fa/element/f.BF26AF8B2ED0E270307A0F05FC587F4F.d.DDAE61E392AB3DA5E80FB5F31050A430.e.1645/click - {}
RESULT: {}
COMMAND: GET /session/de809374161c7b69160a618664f1a5fa/screenshot - {}
RESULT: {}
COMMAND: POST /session/de809374161c7b69160a618664f1a5fa/element - {"using":"xpath","value":"//header/div/div[2]/div[2]/span"}
RESULT: {"using":"xpath","value":"//header/div/div[2]/div[2]/span"}
COMMAND: GET /session/de809374161c7b69160a618664f1a5fa/element/f.BF26AF8B2ED0E270307A0F05FC587F4F.d.DDAE61E392AB3DA5E80FB5F31050A430.e.1847/text - {}
RESULT: {}
COMMAND: POST /session/de809374161c7b69160a618664f1a5fa/element - {"using":"xpath","value":"//header/div/div/div/div/div/div[2]/div/span"}
RESULT: {"using":"xpath","value":"//header/div/div/div/div/div/div[2]/div/span"}
COMMAND: GET /session/de809374161c7b69160a618664f1a5fa/element/f.BF26AF8B2ED0E270307A0F05FC587F4F.d.DDAE61E392AB3DA5E80FB5F31050A430.e.1848/text - {}
RESULT: {}
COMMAND: POST /session/de809374161c7b69160a618664f1a5fa/execute/async - {"script":"<script> [1562 bytes]","args":[{"selector":{"id":"application-managepartners-display-component---detailPtm--partnerType"},"wdio_ui5_key":"applicationmanagepartners-display-component---detailPtm--partnerType"}]}
RESULT: {"script":"<script> [1562 bytes]","args":[{"selector":{"id":"application-managepartners-display-component---detailPtm--partnerType"},"wdio_ui5_key":"applicationmanagepartners-display-component---detailPtm--partnerType"}]}
RESULT: undefined
COMMAND: POST /session/de809374161c7b69160a618664f1a5fa/execute/async - {"script":"<script> [6424 bytes]","args":[{"element-6066-11e4-a52e-4f735466cecf":"f.BF26AF8B2ED0E270307A0F05FC587F4F.d.DDAE61E392AB3DA5E80FB5F31050A430.e.1849"},"getText",[]]}
RESULT: {"script":"<script> [6424 bytes]","args":[{"element-6066-11e4-a52e-4f735466cecf":"f.BF26AF8B2ED0E270307A0F05FC587F4F.d.DDAE61E392AB3DA5E80FB5F31050A430.e.1849"},"getText",[]]}
COMMAND: POST /session/de809374161c7b69160a618664f1a5fa/element - {"using":"css selector","value":"#shell-header-logo"}
RESULT: {"using":"css selector","value":"#shell-header-logo"}
COMMAND: POST /session/de809374161c7b69160a618664f1a5fa/element/f.BF26AF8B2ED0E270307A0F05FC587F4F.d.DDAE61E392AB3DA5E80FB5F31050A430.e.1188/click - {}
RESULT: {}
COMMAND: GET /session/de809374161c7b69160a618664f1a5fa/screenshot - {}
RESULT: {}
]]></system-out>
    </testcase>
    <testcase classname="chrome.136_0_7103_93.windows.Manage_Requests_Tags_Tests_US120163" name="Should create a new site" time="106.872">
      <system-out><![CDATA[
COMMAND: POST /session/de809374161c7b69160a618664f1a5fa/execute/async - {"script":"<script> [1562 bytes]","args":[{"selector":{"controlType":"sap.m.GenericTile","properties":{"header":"Manage Sites"}},"wdio_ui5_key":"sapm.GenericTile{\"header\":\"Manage Sites\"}"}]}
RESULT: {"script":"<script> [1562 bytes]","args":[{"selector":{"controlType":"sap.m.GenericTile","properties":{"header":"Manage Sites"}},"wdio_ui5_key":"sapm.GenericTile{\"header\":\"Manage Sites\"}"}]}
RESULT: undefined
COMMAND: POST /session/de809374161c7b69160a618664f1a5fa/element - {"using":"xpath","value":"//*[@id=\"__tile40\"]"}
RESULT: {"using":"xpath","value":"//*[@id=\"__tile40\"]"}
COMMAND: POST /session/de809374161c7b69160a618664f1a5fa/element/f.BF26AF8B2ED0E270307A0F05FC587F4F.d.DDAE61E392AB3DA5E80FB5F31050A430.e.1851/click - {}
RESULT: {}
COMMAND: GET /session/de809374161c7b69160a618664f1a5fa/screenshot - {}
RESULT: {}
COMMAND: POST /session/de809374161c7b69160a618664f1a5fa/elements - {"using":"xpath","value":"//span[text()='Error']"}
RESULT: {"using":"xpath","value":"//span[text()='Error']"}
COMMAND: POST /session/de809374161c7b69160a618664f1a5fa/execute/async - {"script":"<script> [1562 bytes]","args":[{"selector":{"controlType":"sap.ui.core.Icon","viewName":"etm.portal.ui.managesites.view.Master","viewId":"application-managesites-display-component---masterSite","properties":{"src":{"regex":{"source":"add"}}}},"wdio_ui5_key":"etmportal.ui.managesites.view.Mastersap.ui.core.Icon{\"src\":{\"regex\":{\"source\":\"add\"}}}"}]}
RESULT: {"script":"<script> [1562 bytes]","args":[{"selector":{"controlType":"sap.ui.core.Icon","viewName":"etm.portal.ui.managesites.view.Master","viewId":"application-managesites-display-component---masterSite","properties":{"src":{"regex":{"source":"add"}}}},"wdio_ui5_key":"etmportal.ui.managesites.view.Mastersap.ui.core.Icon{\"src\":{\"regex\":{\"source\":\"add\"}}}"}]}
RESULT: undefined
COMMAND: POST /session/de809374161c7b69160a618664f1a5fa/element - {"using":"xpath","value":"//*[@id=\"__button52-img\"]"}
RESULT: {"using":"xpath","value":"//*[@id=\"__button52-img\"]"}
COMMAND: POST /session/de809374161c7b69160a618664f1a5fa/element/f.BF26AF8B2ED0E270307A0F05FC587F4F.d.DDAE61E392AB3DA5E80FB5F31050A430.e.1900/click - {}
RESULT: {}
COMMAND: POST /session/de809374161c7b69160a618664f1a5fa/execute/async - {"script":"<script> [1562 bytes]","args":[{"selector":{"id":"application-managesites-display-component---NewSite--siteId","interaction":{"idSuffix":"inner"}},"wdio_ui5_key":"applicationmanagesites-display-component---NewSite--siteId"}]}
COMMAND: GET /session/de809374161c7b69160a618664f1a5fa/screenshot - {}
RESULT: {"script":"<script> [1562 bytes]","args":[{"selector":{"id":"application-managesites-display-component---NewSite--siteId","interaction":{"idSuffix":"inner"}},"wdio_ui5_key":"applicationmanagesites-display-component---NewSite--siteId"}]}
RESULT: undefined
COMMAND: POST /session/de809374161c7b69160a618664f1a5fa/execute/async - {"script":"<script> [1562 bytes]","args":[{"selector":{"id":"application-managesites-display-component---NewSite--addressDetailDetailsName1","interaction":{"idSuffix":"inner"}},"wdio_ui5_key":"applicationmanagesites-display-component---NewSite--addressDetailDetailsName1"}]}
RESULT: {}
RESULT: {"script":"<script> [1562 bytes]","args":[{"selector":{"id":"application-managesites-display-component---NewSite--addressDetailDetailsName1","interaction":{"idSuffix":"inner"}},"wdio_ui5_key":"applicationmanagesites-display-component---NewSite--addressDetailDetailsName1"}]}
RESULT: undefined
COMMAND: POST /session/de809374161c7b69160a618664f1a5fa/execute/async - {"script":"<script> [776 bytes]","args":[{"enterText":"WebdriverSitee9o56","selector":{"id":"application-managesites-display-component---NewSite--addressDetailDetailsName1","interaction":{"idSuffix":"inner"}},"clearTextFirst":true,"interactionType":"ENTER_TEXT"}]}
RESULT: {"script":"<script> [776 bytes]","args":[{"enterText":"WebdriverSitee9o56","selector":{"id":"application-managesites-display-component---NewSite--addressDetailDetailsName1","interaction":{"idSuffix":"inner"}},"clearTextFirst":true,"interactionType":"ENTER_TEXT"}]}
COMMAND: POST /session/de809374161c7b69160a618664f1a5fa/execute/async - {"script":"<script> [1562 bytes]","args":[{"selector":{"id":"application-managesites-display-component---NewSite--addressDetailDetailsLanguage","interaction":{"idSuffix":"inner"}},"wdio_ui5_key":"applicationmanagesites-display-component---NewSite--addressDetailDetailsLanguage"}]}
RESULT: {"script":"<script> [1562 bytes]","args":[{"selector":{"id":"application-managesites-display-component---NewSite--addressDetailDetailsLanguage","interaction":{"idSuffix":"inner"}},"wdio_ui5_key":"applicationmanagesites-display-component---NewSite--addressDetailDetailsLanguage"}]}
RESULT: undefined
COMMAND: POST /session/de809374161c7b69160a618664f1a5fa/execute/async - {"script":"<script> [776 bytes]","args":[{"enterText":"Romanian","selector":{"id":"application-managesites-display-component---NewSite--addressDetailDetailsLanguage","interaction":{"idSuffix":"inner"}},"clearTextFirst":true,"interactionType":"ENTER_TEXT"}]}
RESULT: {"script":"<script> [776 bytes]","args":[{"enterText":"Romanian","selector":{"id":"application-managesites-display-component---NewSite--addressDetailDetailsLanguage","interaction":{"idSuffix":"inner"}},"clearTextFirst":true,"interactionType":"ENTER_TEXT"}]}
COMMAND: POST /session/de809374161c7b69160a618664f1a5fa/execute/async - {"script":"<script> [1562 bytes]","args":[{"selector":{"id":"application-managesites-display-component---NewSite--addressDetailDetailsCity1","interaction":{"idSuffix":"inner"}},"wdio_ui5_key":"applicationmanagesites-display-component---NewSite--addressDetailDetailsCity1"}]}
RESULT: {"script":"<script> [1562 bytes]","args":[{"selector":{"id":"application-managesites-display-component---NewSite--addressDetailDetailsCity1","interaction":{"idSuffix":"inner"}},"wdio_ui5_key":"applicationmanagesites-display-component---NewSite--addressDetailDetailsCity1"}]}
RESULT: undefined
COMMAND: POST /session/de809374161c7b69160a618664f1a5fa/execute/async - {"script":"<script> [776 bytes]","args":[{"enterText":"Bucharest","selector":{"id":"application-managesites-display-component---NewSite--addressDetailDetailsCity1","interaction":{"idSuffix":"inner"}},"clearTextFirst":true,"interactionType":"ENTER_TEXT"}]}
RESULT: {"script":"<script> [776 bytes]","args":[{"enterText":"Bucharest","selector":{"id":"application-managesites-display-component---NewSite--addressDetailDetailsCity1","interaction":{"idSuffix":"inner"}},"clearTextFirst":true,"interactionType":"ENTER_TEXT"}]}
COMMAND: POST /session/de809374161c7b69160a618664f1a5fa/execute/async - {"script":"<script> [1562 bytes]","args":[{"selector":{"id":"application-managesites-display-component---NewSite--addressDetailDetailsCountry","interaction":{"idSuffix":"inner"}},"wdio_ui5_key":"applicationmanagesites-display-component---NewSite--addressDetailDetailsCountry"}]}
RESULT: {"script":"<script> [1562 bytes]","args":[{"selector":{"id":"application-managesites-display-component---NewSite--addressDetailDetailsCountry","interaction":{"idSuffix":"inner"}},"wdio_ui5_key":"applicationmanagesites-display-component---NewSite--addressDetailDetailsCountry"}]}
RESULT: undefined
COMMAND: POST /session/de809374161c7b69160a618664f1a5fa/execute/async - {"script":"<script> [776 bytes]","args":[{"enterText":"Romania","selector":{"id":"application-managesites-display-component---NewSite--addressDetailDetailsCountry","interaction":{"idSuffix":"inner"}},"clearTextFirst":true,"interactionType":"ENTER_TEXT"}]}
RESULT: {"script":"<script> [776 bytes]","args":[{"enterText":"Romania","selector":{"id":"application-managesites-display-component---NewSite--addressDetailDetailsCountry","interaction":{"idSuffix":"inner"}},"clearTextFirst":true,"interactionType":"ENTER_TEXT"}]}
COMMAND: POST /session/de809374161c7b69160a618664f1a5fa/element - {"using":"css selector","value":"#application-managesites-display-component---NewSite--addressDetailDetailsCalendar-inner"}
RESULT: {"using":"css selector","value":"#application-managesites-display-component---NewSite--addressDetailDetailsCalendar-inner"}
COMMAND: POST /session/de809374161c7b69160a618664f1a5fa/element/f.BF26AF8B2ED0E270307A0F05FC587F4F.d.DDAE61E392AB3DA5E80FB5F31050A430.e.2283/clear - {}
RESULT: {}
COMMAND: POST /session/de809374161c7b69160a618664f1a5fa/element/f.BF26AF8B2ED0E270307A0F05FC587F4F.d.DDAE61E392AB3DA5E80FB5F31050A430.e.2283/value - {"text":"Germany"}
COMMAND: GET /session/de809374161c7b69160a618664f1a5fa/screenshot - {}
RESULT: {"text":"Germany"}
COMMAND: POST /session/de809374161c7b69160a618664f1a5fa/execute/async - {"script":"<script> [1562 bytes]","args":[{"selector":{"id":"application-managesites-display-component---NewSite--addressEditDetailsCostObjectCstType-arrow"},"wdio_ui5_key":"applicationmanagesites-display-component---NewSite--addressEditDetailsCostObjectCstType-arrow"}]}
COMMAND: GET /session/de809374161c7b69160a618664f1a5fa/screenshot - {}
RESULT: {}
RESULT: {"script":"<script> [1562 bytes]","args":[{"selector":{"id":"application-managesites-display-component---NewSite--addressEditDetailsCostObjectCstType-arrow"},"wdio_ui5_key":"applicationmanagesites-display-component---NewSite--addressEditDetailsCostObjectCstType-arrow"}]}
RESULT: undefined
COMMAND: POST /session/de809374161c7b69160a618664f1a5fa/element - {"using":"xpath","value":"//*[@id=\"application-managesites-display-component---NewSite--addressEditDetailsCostObjectCstType-arrow\"]"}
RESULT: {}
RESULT: {"using":"xpath","value":"//*[@id=\"application-managesites-display-component---NewSite--addressEditDetailsCostObjectCstType-arrow\"]"}
COMMAND: POST /session/de809374161c7b69160a618664f1a5fa/element/f.BF26AF8B2ED0E270307A0F05FC587F4F.d.DDAE61E392AB3DA5E80FB5F31050A430.e.2491/click - {}
RESULT: {}
COMMAND: POST /session/de809374161c7b69160a618664f1a5fa/element - {"using":"xpath","value":"//span[contains(text(), \"Work Breakdown Structure\")]"}
COMMAND: GET /session/de809374161c7b69160a618664f1a5fa/screenshot - {}
RESULT: {"using":"xpath","value":"//span[contains(text(), \"Work Breakdown Structure\")]"}
COMMAND: POST /session/de809374161c7b69160a618664f1a5fa/element/f.BF26AF8B2ED0E270307A0F05FC587F4F.d.DDAE61E392AB3DA5E80FB5F31050A430.e.2492/click - {}
RESULT: {}
RESULT: {}
COMMAND: GET /session/de809374161c7b69160a618664f1a5fa/screenshot - {}
RESULT: {}
COMMAND: POST /session/de809374161c7b69160a618664f1a5fa/execute/async - {"script":"<script> [1562 bytes]","args":[{"selector":{"id":"application-managesites-display-component---NewSite--addressNewCostObjectCstID-vhi"},"wdio_ui5_key":"applicationmanagesites-display-component---NewSite--addressNewCostObjectCstID-vhi"}]}
RESULT: {"script":"<script> [1562 bytes]","args":[{"selector":{"id":"application-managesites-display-component---NewSite--addressNewCostObjectCstID-vhi"},"wdio_ui5_key":"applicationmanagesites-display-component---NewSite--addressNewCostObjectCstID-vhi"}]}
RESULT: undefined
COMMAND: POST /session/de809374161c7b69160a618664f1a5fa/element - {"using":"xpath","value":"//*[@id=\"application-managesites-display-component---NewSite--addressNewCostObjectCstID-vhi\"]"}
RESULT: {"using":"xpath","value":"//*[@id=\"application-managesites-display-component---NewSite--addressNewCostObjectCstID-vhi\"]"}
COMMAND: POST /session/de809374161c7b69160a618664f1a5fa/element/f.BF26AF8B2ED0E270307A0F05FC587F4F.d.DDAE61E392AB3DA5E80FB5F31050A430.e.2496/click - {}
RESULT: {}
COMMAND: GET /session/de809374161c7b69160a618664f1a5fa/screenshot - {}
RESULT: {}
COMMAND: POST /session/de809374161c7b69160a618664f1a5fa/execute/async - {"script":"<script> [1562 bytes]","args":[{"selector":{"controlType":"sap.m.SearchField","properties":{"placeholder":"Search"},"searchOpenDialogs":true,"interaction":{"idSuffix":"I"}},"wdio_ui5_key":"sapm.SearchField{\"placeholder\":\"Search\"}"}]}
RESULT: {"script":"<script> [1562 bytes]","args":[{"selector":{"controlType":"sap.m.SearchField","properties":{"placeholder":"Search"},"searchOpenDialogs":true,"interaction":{"idSuffix":"I"}},"wdio_ui5_key":"sapm.SearchField{\"placeholder\":\"Search\"}"}]}
RESULT: undefined
COMMAND: POST /session/de809374161c7b69160a618664f1a5fa/execute/async - {"script":"<script> [776 bytes]","args":[{"enterText":"A1-000100-01","selector":{"controlType":"sap.m.SearchField","properties":{"placeholder":"Search"},"searchOpenDialogs":true,"interaction":{"idSuffix":"I"}},"clearTextFirst":true,"interactionType":"ENTER_TEXT"}]}
RESULT: {"script":"<script> [776 bytes]","args":[{"enterText":"A1-000100-01","selector":{"controlType":"sap.m.SearchField","properties":{"placeholder":"Search"},"searchOpenDialogs":true,"interaction":{"idSuffix":"I"}},"clearTextFirst":true,"interactionType":"ENTER_TEXT"}]}
COMMAND: POST /session/de809374161c7b69160a618664f1a5fa/actions - {"actions":[{"id":"action3","type":"key","parameters":{},"actions":[{"type":"keyDown","value":""},{"type":"pause","duration":10},{"type":"keyUp","value":""}]}]}
RESULT: {"actions":[{"id":"action3","type":"key","parameters":{},"actions":[{"type":"keyDown","value":""},{"type":"pause","duration":10},{"type":"keyUp","value":""}]}]}
COMMAND: GET /session/de809374161c7b69160a618664f1a5fa/screenshot - {}
RESULT: {}
COMMAND: POST /session/de809374161c7b69160a618664f1a5fa/element - {"using":"xpath","value":"//span[contains(text(), \"Template for ETO-Process\")]"}
RESULT: {"using":"xpath","value":"//span[contains(text(), \"Template for ETO-Process\")]"}
COMMAND: POST /session/de809374161c7b69160a618664f1a5fa/element/f.BF26AF8B2ED0E270307A0F05FC587F4F.d.DDAE61E392AB3DA5E80FB5F31050A430.e.2516/click - {}
RESULT: {}
COMMAND: GET /session/de809374161c7b69160a618664f1a5fa/screenshot - {}
RESULT: {}
COMMAND: POST /session/de809374161c7b69160a618664f1a5fa/element - {"using":"xpath","value":"//bdi[contains(text(), \"OK\")]"}
RESULT: {"using":"xpath","value":"//bdi[contains(text(), \"OK\")]"}
COMMAND: POST /session/de809374161c7b69160a618664f1a5fa/element/f.BF26AF8B2ED0E270307A0F05FC587F4F.d.DDAE61E392AB3DA5E80FB5F31050A430.e.2517/click - {}
RESULT: {}
COMMAND: GET /session/de809374161c7b69160a618664f1a5fa/screenshot - {}
RESULT: {}
COMMAND: POST /session/de809374161c7b69160a618664f1a5fa/element - {"using":"xpath","value":"//input[@id=\"application-managesites-display-component---NewSite--addressDetailDetailsYard-inner\"]"}
RESULT: {"using":"xpath","value":"//input[@id=\"application-managesites-display-component---NewSite--addressDetailDetailsYard-inner\"]"}
COMMAND: POST /session/de809374161c7b69160a618664f1a5fa/element/f.BF26AF8B2ED0E270307A0F05FC587F4F.d.DDAE61E392AB3DA5E80FB5F31050A430.e.2284/value - {"text":"WebdriverYarduxu1d"}
RESULT: {"text":"WebdriverYarduxu1d"}
COMMAND: GET /session/de809374161c7b69160a618664f1a5fa/screenshot - {}
RESULT: {}
COMMAND: POST /session/de809374161c7b69160a618664f1a5fa/actions - {"actions":[{"id":"action4","type":"key","parameters":{},"actions":[{"type":"keyDown","value":""},{"type":"pause","duration":10},{"type":"keyUp","value":""}]}]}
RESULT: {"actions":[{"id":"action4","type":"key","parameters":{},"actions":[{"type":"keyDown","value":""},{"type":"pause","duration":10},{"type":"keyUp","value":""}]}]}
COMMAND: GET /session/de809374161c7b69160a618664f1a5fa/screenshot - {}
RESULT: {}
COMMAND: POST /session/de809374161c7b69160a618664f1a5fa/element - {"using":"xpath","value":"//input[@id=\"application-managesites-display-component---NewSite--addressDetailDetailsPartner-inner\"]"}
RESULT: {"using":"xpath","value":"//input[@id=\"application-managesites-display-component---NewSite--addressDetailDetailsPartner-inner\"]"}
COMMAND: POST /session/de809374161c7b69160a618664f1a5fa/elements - {"using":"xpath","value":"//input[@id=\"application-managesites-display-component---NewSite--addressDetailDetailsPartner-inner\"]"}
RESULT: {"using":"xpath","value":"//input[@id=\"application-managesites-display-component---NewSite--addressDetailDetailsPartner-inner\"]"}
COMMAND: POST /session/de809374161c7b69160a618664f1a5fa/execute/async - {"script":"<script> [1562 bytes]","args":[{"selector":{"controlType":"sap.m.Button","viewName":"etm.portal.ui.managesites.view.NewSmartSite","viewId":"application-managesites-display-component---NewSite","properties":{"text":"Commercial"},"interaction":{"idSuffix":"BDI-content"}},"wdio_ui5_key":"etmportal.ui.managesites.view.NewSmartSitesap.m.Button{\"text\":\"Commercial\"}"}]}
RESULT: {"script":"<script> [1562 bytes]","args":[{"selector":{"controlType":"sap.m.Button","viewName":"etm.portal.ui.managesites.view.NewSmartSite","viewId":"application-managesites-display-component---NewSite","properties":{"text":"Commercial"},"interaction":{"idSuffix":"BDI-content"}},"wdio_ui5_key":"etmportal.ui.managesites.view.NewSmartSitesap.m.Button{\"text\":\"Commercial\"}"}]}
RESULT: undefined
COMMAND: POST /session/de809374161c7b69160a618664f1a5fa/element - {"using":"xpath","value":"//*[@id=\"application-managesites-display-component---NewSite--ObjectPageLayout-anchBar-__section31-anchor\"]"}
RESULT: {"using":"xpath","value":"//*[@id=\"application-managesites-display-component---NewSite--ObjectPageLayout-anchBar-__section31-anchor\"]"}
COMMAND: POST /session/de809374161c7b69160a618664f1a5fa/element/f.BF26AF8B2ED0E270307A0F05FC587F4F.d.DDAE61E392AB3DA5E80FB5F31050A430.e.2524/click - {}
RESULT: {}
COMMAND: POST /session/de809374161c7b69160a618664f1a5fa/execute/async - {"script":"<script> [1562 bytes]","args":[{"selector":{"controlType":"sap.m.Button","viewName":"etm.portal.ui.managesites.view.NewSmartSite","viewId":"application-managesites-display-component---NewSite","i18NText":{"propertyName":"text","key":"save"},"interaction":{"idSuffix":"BDI-content"}},"wdio_ui5_key":"etmportal.ui.managesites.view.NewSmartSitesap.m.Button{\"propertyName\":\"text\",\"key\":\"save\"}"}]}
COMMAND: GET /session/de809374161c7b69160a618664f1a5fa/screenshot - {}
RESULT: {"script":"<script> [1562 bytes]","args":[{"selector":{"controlType":"sap.m.Button","viewName":"etm.portal.ui.managesites.view.NewSmartSite","viewId":"application-managesites-display-component---NewSite","i18NText":{"propertyName":"text","key":"save"},"interaction":{"idSuffix":"BDI-content"}},"wdio_ui5_key":"etmportal.ui.managesites.view.NewSmartSitesap.m.Button{\"propertyName\":\"text\",\"key\":\"save\"}"}]}
RESULT: undefined
COMMAND: POST /session/de809374161c7b69160a618664f1a5fa/element - {"using":"xpath","value":"//*[@id=\"__button64\"]"}
RESULT: {}
RESULT: {"using":"xpath","value":"//*[@id=\"__button64\"]"}
COMMAND: POST /session/de809374161c7b69160a618664f1a5fa/element/f.BF26AF8B2ED0E270307A0F05FC587F4F.d.DDAE61E392AB3DA5E80FB5F31050A430.e.2470/click - {}
RESULT: {}
COMMAND: GET /session/de809374161c7b69160a618664f1a5fa/screenshot - {}
RESULT: {}
COMMAND: POST /session/de809374161c7b69160a618664f1a5fa/execute/async - {"script":"<script> [1562 bytes]","args":[{"selector":{"id":"application-managesites-display-component---detailSite--addressDetailDetailsYardText"},"wdio_ui5_key":"applicationmanagesites-display-component---detailSite--addressDetailDetailsYardText"}]}
RESULT: {"script":"<script> [1562 bytes]","args":[{"selector":{"id":"application-managesites-display-component---detailSite--addressDetailDetailsYardText"},"wdio_ui5_key":"applicationmanagesites-display-component---detailSite--addressDetailDetailsYardText"}]}
RESULT: undefined
COMMAND: POST /session/de809374161c7b69160a618664f1a5fa/element - {"using":"xpath","value":"//header/div/div[2]/div[2]/span"}
RESULT: {"using":"xpath","value":"//header/div/div[2]/div[2]/span"}
COMMAND: GET /session/de809374161c7b69160a618664f1a5fa/element/f.BF26AF8B2ED0E270307A0F05FC587F4F.d.DDAE61E392AB3DA5E80FB5F31050A430.e.2728/text - {}
RESULT: {}
COMMAND: POST /session/de809374161c7b69160a618664f1a5fa/element - {"using":"xpath","value":"//header/div/div/div/div/div/div[2]/div/span"}
RESULT: {"using":"xpath","value":"//header/div/div/div/div/div/div[2]/div/span"}
COMMAND: GET /session/de809374161c7b69160a618664f1a5fa/element/f.BF26AF8B2ED0E270307A0F05FC587F4F.d.DDAE61E392AB3DA5E80FB5F31050A430.e.2729/text - {}
RESULT: {}
COMMAND: POST /session/de809374161c7b69160a618664f1a5fa/element - {"using":"css selector","value":"#shell-header-logo"}
RESULT: {"using":"css selector","value":"#shell-header-logo"}
COMMAND: POST /session/de809374161c7b69160a618664f1a5fa/element/f.BF26AF8B2ED0E270307A0F05FC587F4F.d.DDAE61E392AB3DA5E80FB5F31050A430.e.1856/click - {}
RESULT: {}
COMMAND: GET /session/de809374161c7b69160a618664f1a5fa/screenshot - {}
RESULT: {}
]]></system-out>
    </testcase>
    <testcase classname="chrome.136_0_7103_93.windows.Manage_Requests_Tags_Tests_US120163" name="Should Create New Request Tags" time="238.509">
      <system-out><![CDATA[
COMMAND: POST /session/de809374161c7b69160a618664f1a5fa/execute/async - {"script":"<script> [1562 bytes]","args":[{"selector":{"controlType":"sap.m.GenericTile","properties":{"header":"Manage Requests"}},"wdio_ui5_key":"sapm.GenericTile{\"header\":\"Manage Requests\"}"}]}
RESULT: {"script":"<script> [1562 bytes]","args":[{"selector":{"controlType":"sap.m.GenericTile","properties":{"header":"Manage Requests"}},"wdio_ui5_key":"sapm.GenericTile{\"header\":\"Manage Requests\"}"}]}
RESULT: undefined
COMMAND: POST /session/de809374161c7b69160a618664f1a5fa/element - {"using":"xpath","value":"//*[@id=\"__tile47\"]"}
RESULT: {"using":"xpath","value":"//*[@id=\"__tile47\"]"}
COMMAND: POST /session/de809374161c7b69160a618664f1a5fa/element/f.BF26AF8B2ED0E270307A0F05FC587F4F.d.DDAE61E392AB3DA5E80FB5F31050A430.e.2731/click - {}
RESULT: {}
COMMAND: GET /session/de809374161c7b69160a618664f1a5fa/screenshot - {}
RESULT: {}
COMMAND: POST /session/de809374161c7b69160a618664f1a5fa/elements - {"using":"xpath","value":"//span[text()='Error']"}
RESULT: {"using":"xpath","value":"//span[text()='Error']"}
COMMAND: POST /session/de809374161c7b69160a618664f1a5fa/element - {"using":"xpath","value":"//button[contains(@data-kt ,\"btnCreateNewOverflowToolbarButton\")]"}
COMMAND: POST /session/de809374161c7b69160a618664f1a5fa/element - {"using":"xpath","value":"(//span[contains(@class ,\"sapMObjStatusText\")])[1]"}
RESULT: {"using":"xpath","value":"//button[contains(@data-kt ,\"btnCreateNewOverflowToolbarButton\")]"}
COMMAND: POST /session/de809374161c7b69160a618664f1a5fa/element/f.BF26AF8B2ED0E270307A0F05FC587F4F.d.DDAE61E392AB3DA5E80FB5F31050A430.e.2788/click - {}
RESULT: {"using":"xpath","value":"(//span[contains(@class ,\"sapMObjStatusText\")])[1]"}
COMMAND: POST /session/de809374161c7b69160a618664f1a5fa/execute/sync - {"script":"<script> [8489 bytes]","args":[{"element-6066-11e4-a52e-4f735466cecf":"f.BF26AF8B2ED0E270307A0F05FC587F4F.d.DDAE61E392AB3DA5E80FB5F31050A430.e.2830","ELEMENT":"f.BF26AF8B2ED0E270307A0F05FC587F4F.d.DDAE61E392AB3DA5E80FB5F31050A430.e.2830"}]}
RESULT: {}
COMMAND: GET /session/de809374161c7b69160a618664f1a5fa/screenshot - {}
RESULT: {"script":"<script> [8489 bytes]","args":[{"element-6066-11e4-a52e-4f735466cecf":"f.BF26AF8B2ED0E270307A0F05FC587F4F.d.DDAE61E392AB3DA5E80FB5F31050A430.e.2830","ELEMENT":"f.BF26AF8B2ED0E270307A0F05FC587F4F.d.DDAE61E392AB3DA5E80FB5F31050A430.e.2830"}]}
COMMAND: GET /session/de809374161c7b69160a618664f1a5fa/screenshot - {}
RESULT: {}
RESULT: {}
COMMAND: POST /session/de809374161c7b69160a618664f1a5fa/element - {"using":"xpath","value":"//input[contains(@id ,\"yardId-inner\")]"}
RESULT: {"using":"xpath","value":"//input[contains(@id ,\"yardId-inner\")]"}
COMMAND: POST /session/de809374161c7b69160a618664f1a5fa/execute/sync - {"script":"<script> [8489 bytes]","args":[{"element-6066-11e4-a52e-4f735466cecf":"f.BF26AF8B2ED0E270307A0F05FC587F4F.d.DDAE61E392AB3DA5E80FB5F31050A430.e.2922","ELEMENT":"f.BF26AF8B2ED0E270307A0F05FC587F4F.d.DDAE61E392AB3DA5E80FB5F31050A430.e.2922"}]}
RESULT: {"script":"<script> [8489 bytes]","args":[{"element-6066-11e4-a52e-4f735466cecf":"f.BF26AF8B2ED0E270307A0F05FC587F4F.d.DDAE61E392AB3DA5E80FB5F31050A430.e.2922","ELEMENT":"f.BF26AF8B2ED0E270307A0F05FC587F4F.d.DDAE61E392AB3DA5E80FB5F31050A430.e.2922"}]}
COMMAND: POST /session/de809374161c7b69160a618664f1a5fa/element - {"using":"xpath","value":"//input[contains(@id ,\"yardId-inner\")]"}
COMMAND: GET /session/de809374161c7b69160a618664f1a5fa/screenshot - {}
RESULT: {"using":"xpath","value":"//input[contains(@id ,\"yardId-inner\")]"}
COMMAND: GET /session/de809374161c7b69160a618664f1a5fa/element/f.BF26AF8B2ED0E270307A0F05FC587F4F.d.DDAE61E392AB3DA5E80FB5F31050A430.e.2922/enabled - {}
RESULT: {}
RESULT: {}
COMMAND: POST /session/de809374161c7b69160a618664f1a5fa/element/f.BF26AF8B2ED0E270307A0F05FC587F4F.d.DDAE61E392AB3DA5E80FB5F31050A430.e.2922/clear - {}
COMMAND: GET /session/de809374161c7b69160a618664f1a5fa/screenshot - {}
RESULT: {}
COMMAND: POST /session/de809374161c7b69160a618664f1a5fa/element/f.BF26AF8B2ED0E270307A0F05FC587F4F.d.DDAE61E392AB3DA5E80FB5F31050A430.e.2922/value - {"text":"WebdriverYarduxu1d"}
COMMAND: GET /session/de809374161c7b69160a618664f1a5fa/screenshot - {}
RESULT: {}
RESULT: {"text":"WebdriverYarduxu1d"}
COMMAND: GET /session/de809374161c7b69160a618664f1a5fa/screenshot - {}
RESULT: {}
RESULT: {}
COMMAND: POST /session/de809374161c7b69160a618664f1a5fa/element - {"using":"xpath","value":"//input[contains(@id ,\"customerNumber-inner\")]"}
RESULT: {"using":"xpath","value":"//input[contains(@id ,\"customerNumber-inner\")]"}
COMMAND: POST /session/de809374161c7b69160a618664f1a5fa/element/f.BF26AF8B2ED0E270307A0F05FC587F4F.d.DDAE61E392AB3DA5E80FB5F31050A430.e.2916/value - {"text":"WebdriverPartnermab88"}
COMMAND: POST /session/de809374161c7b69160a618664f1a5fa/actions - {"actions":[{"id":"action5","type":"key","parameters":{},"actions":[{"type":"keyDown","value":""},{"type":"pause","duration":10},{"type":"keyUp","value":""}]}]}
RESULT: {"actions":[{"id":"action5","type":"key","parameters":{},"actions":[{"type":"keyDown","value":""},{"type":"pause","duration":10},{"type":"keyUp","value":""}]}]}
COMMAND: GET /session/de809374161c7b69160a618664f1a5fa/screenshot - {}
COMMAND: POST /session/de809374161c7b69160a618664f1a5fa/element/f.BF26AF8B2ED0E270307A0F05FC587F4F.d.DDAE61E392AB3DA5E80FB5F31050A430.e.2922/clear - {}
RESULT: {"text":"WebdriverPartnermab88"}
COMMAND: GET /session/de809374161c7b69160a618664f1a5fa/screenshot - {}
RESULT: {}
RESULT: {}
COMMAND: POST /session/de809374161c7b69160a618664f1a5fa/element/f.BF26AF8B2ED0E270307A0F05FC587F4F.d.DDAE61E392AB3DA5E80FB5F31050A430.e.2922/clear - {}
COMMAND: GET /session/de809374161c7b69160a618664f1a5fa/screenshot - {}
RESULT: {}
RESULT: {}
COMMAND: POST /session/de809374161c7b69160a618664f1a5fa/element/f.BF26AF8B2ED0E270307A0F05FC587F4F.d.DDAE61E392AB3DA5E80FB5F31050A430.e.2922/value - {"text":"WebdriverYarduxu1d"}
COMMAND: GET /session/de809374161c7b69160a618664f1a5fa/screenshot - {}
RESULT: {}
RESULT: {"text":"WebdriverYarduxu1d"}
COMMAND: GET /session/de809374161c7b69160a618664f1a5fa/screenshot - {}
RESULT: {}
RESULT: {}
COMMAND: POST /session/de809374161c7b69160a618664f1a5fa/actions - {"actions":[{"id":"action6","type":"key","parameters":{},"actions":[{"type":"keyDown","value":""},{"type":"pause","duration":10},{"type":"keyUp","value":""}]}]}
RESULT: {"actions":[{"id":"action6","type":"key","parameters":{},"actions":[{"type":"keyDown","value":""},{"type":"pause","duration":10},{"type":"keyUp","value":""}]}]}
COMMAND: GET /session/de809374161c7b69160a618664f1a5fa/screenshot - {}
RESULT: {}
COMMAND: POST /session/de809374161c7b69160a618664f1a5fa/actions - {"actions":[{"id":"action7","type":"key","parameters":{},"actions":[{"type":"keyDown","value":""},{"type":"pause","duration":10},{"type":"keyUp","value":""}]}]}
RESULT: {"actions":[{"id":"action7","type":"key","parameters":{},"actions":[{"type":"keyDown","value":""},{"type":"pause","duration":10},{"type":"keyUp","value":""}]}]}
COMMAND: GET /session/de809374161c7b69160a618664f1a5fa/screenshot - {}
RESULT: {}
COMMAND: GET /session/de809374161c7b69160a618664f1a5fa/element/f.BF26AF8B2ED0E270307A0F05FC587F4F.d.DDAE61E392AB3DA5E80FB5F31050A430.e.2916/property/value - {}
RESULT: {}
COMMAND: POST /session/de809374161c7b69160a618664f1a5fa/element/f.BF26AF8B2ED0E270307A0F05FC587F4F.d.DDAE61E392AB3DA5E80FB5F31050A430.e.2916/clear - {}
COMMAND: GET /session/de809374161c7b69160a618664f1a5fa/screenshot - {}
RESULT: {}
COMMAND: GET /session/de809374161c7b69160a618664f1a5fa/screenshot - {}
RESULT: {}
RESULT: {}
COMMAND: POST /session/de809374161c7b69160a618664f1a5fa/element/f.BF26AF8B2ED0E270307A0F05FC587F4F.d.DDAE61E392AB3DA5E80FB5F31050A430.e.2916/value - {"text":"WebdriverPartnermab88"}
RESULT: {"text":"WebdriverPartnermab88"}
COMMAND: GET /session/de809374161c7b69160a618664f1a5fa/screenshot - {}
RESULT: {}
COMMAND: POST /session/de809374161c7b69160a618664f1a5fa/actions - {"actions":[{"id":"action8","type":"key","parameters":{},"actions":[{"type":"keyDown","value":""},{"type":"pause","duration":10},{"type":"keyUp","value":""}]}]}
RESULT: {"actions":[{"id":"action8","type":"key","parameters":{},"actions":[{"type":"keyDown","value":""},{"type":"pause","duration":10},{"type":"keyUp","value":""}]}]}
COMMAND: GET /session/de809374161c7b69160a618664f1a5fa/screenshot - {}
RESULT: {}
COMMAND: POST /session/de809374161c7b69160a618664f1a5fa/element - {"using":"xpath","value":"//input[contains(@id ,\"requestSiteId-inner\")]"}
RESULT: {"using":"xpath","value":"//input[contains(@id ,\"requestSiteId-inner\")]"}
COMMAND: POST /session/de809374161c7b69160a618664f1a5fa/element/f.BF26AF8B2ED0E270307A0F05FC587F4F.d.DDAE61E392AB3DA5E80FB5F31050A430.e.2915/value - {"text":"WebdriverSitee9o56"}
RESULT: {"text":"WebdriverSitee9o56"}
COMMAND: GET /session/de809374161c7b69160a618664f1a5fa/screenshot - {}
RESULT: {}
COMMAND: POST /session/de809374161c7b69160a618664f1a5fa/actions - {"actions":[{"id":"action9","type":"key","parameters":{},"actions":[{"type":"keyDown","value":""},{"type":"pause","duration":10},{"type":"keyUp","value":""}]}]}
RESULT: {"actions":[{"id":"action9","type":"key","parameters":{},"actions":[{"type":"keyDown","value":""},{"type":"pause","duration":10},{"type":"keyUp","value":""}]}]}
COMMAND: GET /session/de809374161c7b69160a618664f1a5fa/screenshot - {}
RESULT: {}
COMMAND: POST /session/de809374161c7b69160a618664f1a5fa/execute/async - {"script":"<script> [1562 bytes]","args":[{"selector":{"controlType":"sap.m.Input","viewName":"etm.portal.ui.managerequests.view.NewRequest","bindingPath":{"path":"","propertyPath":"/DESCRIPTION","modelName":"oNewRequestModel"},"interaction":{"idSuffix":"inner"}},"wdio_ui5_key":"etmportal.ui.managerequests.view.NewRequestsap.m.Input{\"path\":\"\",\"propertyPath\":\"/DESCRIPTION\",\"modelName\":\"oNewRequestModel\"}"}]}
RESULT: {"script":"<script> [1562 bytes]","args":[{"selector":{"controlType":"sap.m.Input","viewName":"etm.portal.ui.managerequests.view.NewRequest","bindingPath":{"path":"","propertyPath":"/DESCRIPTION","modelName":"oNewRequestModel"},"interaction":{"idSuffix":"inner"}},"wdio_ui5_key":"etmportal.ui.managerequests.view.NewRequestsap.m.Input{\"path\":\"\",\"propertyPath\":\"/DESCRIPTION\",\"modelName\":\"oNewRequestModel\"}"}]}
RESULT: undefined
COMMAND: POST /session/de809374161c7b69160a618664f1a5fa/execute/async - {"script":"<script> [776 bytes]","args":[{"enterText":"Wdi5 Tags Test","selector":{"controlType":"sap.m.Input","viewName":"etm.portal.ui.managerequests.view.NewRequest","bindingPath":{"path":"","propertyPath":"/DESCRIPTION","modelName":"oNewRequestModel"},"interaction":{"idSuffix":"inner"}},"clearTextFirst":true,"interactionType":"ENTER_TEXT"}]}
RESULT: {"script":"<script> [776 bytes]","args":[{"enterText":"Wdi5 Tags Test","selector":{"controlType":"sap.m.Input","viewName":"etm.portal.ui.managerequests.view.NewRequest","bindingPath":{"path":"","propertyPath":"/DESCRIPTION","modelName":"oNewRequestModel"},"interaction":{"idSuffix":"inner"}},"clearTextFirst":true,"interactionType":"ENTER_TEXT"}]}
COMMAND: POST /session/de809374161c7b69160a618664f1a5fa/execute/async - {"script":"<script> [1562 bytes]","args":[{"selector":{"id":"tagInputAdd","viewName":"etm.portal.ui.managerequests.view.NewRequest","interaction":{"idSuffix":"inner"}},"wdio_ui5_key":"tagInputAddetmportal.ui.managerequests.view.NewRequest"}]}
RESULT: {"script":"<script> [1562 bytes]","args":[{"selector":{"id":"tagInputAdd","viewName":"etm.portal.ui.managerequests.view.NewRequest","interaction":{"idSuffix":"inner"}},"wdio_ui5_key":"tagInputAddetmportal.ui.managerequests.view.NewRequest"}]}
RESULT: undefined
COMMAND: POST /session/de809374161c7b69160a618664f1a5fa/execute/async - {"script":"<script> [776 bytes]","args":[{"enterText":"RefTag","selector":{"id":"tagInputAdd","viewName":"etm.portal.ui.managerequests.view.NewRequest","interaction":{"idSuffix":"inner"}},"clearTextFirst":true,"interactionType":"ENTER_TEXT"}]}
RESULT: {"script":"<script> [776 bytes]","args":[{"enterText":"RefTag","selector":{"id":"tagInputAdd","viewName":"etm.portal.ui.managerequests.view.NewRequest","interaction":{"idSuffix":"inner"}},"clearTextFirst":true,"interactionType":"ENTER_TEXT"}]}
COMMAND: POST /session/de809374161c7b69160a618664f1a5fa/actions - {"actions":[{"id":"action10","type":"key","parameters":{},"actions":[{"type":"keyDown","value":""},{"type":"pause","duration":10},{"type":"keyUp","value":""}]}]}
RESULT: {"actions":[{"id":"action10","type":"key","parameters":{},"actions":[{"type":"keyDown","value":""},{"type":"pause","duration":10},{"type":"keyUp","value":""}]}]}
COMMAND: GET /session/de809374161c7b69160a618664f1a5fa/screenshot - {}
RESULT: {}
RESULT: undefined
COMMAND: POST /session/de809374161c7b69160a618664f1a5fa/execute/async - {"script":"<script> [776 bytes]","args":[{"enterText":"tag-header","selector":{"id":"tagInputAdd","viewName":"etm.portal.ui.managerequests.view.NewRequest","interaction":{"idSuffix":"inner"}},"clearTextFirst":true,"interactionType":"ENTER_TEXT"}]}
RESULT: {"script":"<script> [776 bytes]","args":[{"enterText":"tag-header","selector":{"id":"tagInputAdd","viewName":"etm.portal.ui.managerequests.view.NewRequest","interaction":{"idSuffix":"inner"}},"clearTextFirst":true,"interactionType":"ENTER_TEXT"}]}
COMMAND: POST /session/de809374161c7b69160a618664f1a5fa/actions - {"actions":[{"id":"action11","type":"key","parameters":{},"actions":[{"type":"keyDown","value":""},{"type":"pause","duration":10},{"type":"keyUp","value":""}]}]}
RESULT: {"actions":[{"id":"action11","type":"key","parameters":{},"actions":[{"type":"keyDown","value":""},{"type":"pause","duration":10},{"type":"keyUp","value":""}]}]}
COMMAND: GET /session/de809374161c7b69160a618664f1a5fa/screenshot - {}
RESULT: {}
RESULT: undefined
COMMAND: POST /session/de809374161c7b69160a618664f1a5fa/execute/async - {"script":"<script> [776 bytes]","args":[{"enterText":"tag-duplicate","selector":{"id":"tagInputAdd","viewName":"etm.portal.ui.managerequests.view.NewRequest","interaction":{"idSuffix":"inner"}},"clearTextFirst":true,"interactionType":"ENTER_TEXT"}]}
RESULT: {"script":"<script> [776 bytes]","args":[{"enterText":"tag-duplicate","selector":{"id":"tagInputAdd","viewName":"etm.portal.ui.managerequests.view.NewRequest","interaction":{"idSuffix":"inner"}},"clearTextFirst":true,"interactionType":"ENTER_TEXT"}]}
COMMAND: POST /session/de809374161c7b69160a618664f1a5fa/actions - {"actions":[{"id":"action12","type":"key","parameters":{},"actions":[{"type":"keyDown","value":""},{"type":"pause","duration":10},{"type":"keyUp","value":""}]}]}
RESULT: {"actions":[{"id":"action12","type":"key","parameters":{},"actions":[{"type":"keyDown","value":""},{"type":"pause","duration":10},{"type":"keyUp","value":""}]}]}
COMMAND: GET /session/de809374161c7b69160a618664f1a5fa/screenshot - {}
RESULT: {}
COMMAND: POST /session/de809374161c7b69160a618664f1a5fa/execute/async - {"script":"<script> [1562 bytes]","args":[{"selector":{"id":"tagsLayoutAdd","viewName":"etm.portal.ui.managerequests.view.NewRequest"},"wdio_ui5_key":"tagsLayoutAddetmportal.ui.managerequests.view.NewRequest"}]}
RESULT: {"script":"<script> [1562 bytes]","args":[{"selector":{"id":"tagsLayoutAdd","viewName":"etm.portal.ui.managerequests.view.NewRequest"},"wdio_ui5_key":"tagsLayoutAddetmportal.ui.managerequests.view.NewRequest"}]}
RESULT: undefined
COMMAND: POST /session/de809374161c7b69160a618664f1a5fa/execute/async - {"script":"<script> [6424 bytes]","args":[{"element-6066-11e4-a52e-4f735466cecf":"f.BF26AF8B2ED0E270307A0F05FC587F4F.d.DDAE61E392AB3DA5E80FB5F31050A430.e.3063"},"getTokens",[]]}
RESULT: {"script":"<script> [6424 bytes]","args":[{"element-6066-11e4-a52e-4f735466cecf":"f.BF26AF8B2ED0E270307A0F05FC587F4F.d.DDAE61E392AB3DA5E80FB5F31050A430.e.3063"},"getTokens",[]]}
COMMAND: POST /session/de809374161c7b69160a618664f1a5fa/execute/async - {"script":"<script> [1562 bytes]","args":[{"wdio_ui5_key":"__token9","selector":{"id":"__token9"}}]}
COMMAND: POST /session/de809374161c7b69160a618664f1a5fa/execute/async - {"script":"<script> [1562 bytes]","args":[{"wdio_ui5_key":"__token10","selector":{"id":"__token10"}}]}
COMMAND: POST /session/de809374161c7b69160a618664f1a5fa/execute/async - {"script":"<script> [1562 bytes]","args":[{"wdio_ui5_key":"__token8","selector":{"id":"__token8"}}]}
RESULT: {"script":"<script> [1562 bytes]","args":[{"wdio_ui5_key":"__token8","selector":{"id":"__token8"}}]}
RESULT: undefined
RESULT: {"script":"<script> [1562 bytes]","args":[{"wdio_ui5_key":"__token10","selector":{"id":"__token10"}}]}
RESULT: undefined
RESULT: {"script":"<script> [1562 bytes]","args":[{"wdio_ui5_key":"__token9","selector":{"id":"__token9"}}]}
RESULT: undefined
COMMAND: POST /session/de809374161c7b69160a618664f1a5fa/execute/async - {"script":"<script> [1562 bytes]","args":[{"selector":{"controlType":"sap.ui.core.Icon","viewName":"etm.portal.ui.managerequests.view.NewRequest","properties":{"src":{"regex":{"source":"decline"}}},"ancestor":{"controlType":"sap.m.Token","viewName":"etm.portal.ui.managerequests.view.NewRequest","properties":{"text":"tag-duplicate"}}},"wdio_ui5_key":"etmportal.ui.managerequests.view.NewRequestsap.ui.core.Icon{\"src\":{\"regex\":{\"source\":\"decline\"}}}{\"controlType\":\"sap.m.Token\",\"viewName\":\"etm.portal.ui.managerequests.view.NewRequest\",\"properties\":{\"text\":\"tag-duplicate\"}}"}]}
RESULT: {"script":"<script> [1562 bytes]","args":[{"selector":{"controlType":"sap.ui.core.Icon","viewName":"etm.portal.ui.managerequests.view.NewRequest","properties":{"src":{"regex":{"source":"decline"}}},"ancestor":{"controlType":"sap.m.Token","viewName":"etm.portal.ui.managerequests.view.NewRequest","properties":{"text":"tag-duplicate"}}},"wdio_ui5_key":"etmportal.ui.managerequests.view.NewRequestsap.ui.core.Icon{\"src\":{\"regex\":{\"source\":\"decline\"}}}{\"controlType\":\"sap.m.Token\",\"viewName\":\"etm.portal.ui.managerequests.view.NewRequest\",\"properties\":{\"text\":\"tag-duplicate\"}}"}]}
RESULT: undefined
COMMAND: POST /session/de809374161c7b69160a618664f1a5fa/element - {"using":"xpath","value":"//*[@id=\"__token10-icon\"]"}
RESULT: {"using":"xpath","value":"//*[@id=\"__token10-icon\"]"}
COMMAND: POST /session/de809374161c7b69160a618664f1a5fa/element/f.BF26AF8B2ED0E270307A0F05FC587F4F.d.DDAE61E392AB3DA5E80FB5F31050A430.e.3086/click - {}
RESULT: {}
COMMAND: POST /session/de809374161c7b69160a618664f1a5fa/execute/async - {"script":"<script> [1562 bytes]","args":[{"selector":{"controlType":"sap.ui.core.Icon","viewName":"etm.portal.ui.managerequests.view.NewRequest","properties":{"src":{"regex":{"source":"decline"}}},"ancestor":{"controlType":"sap.m.Token","viewName":"etm.portal.ui.managerequests.view.NewRequest","properties":{"text":"tag1"}}},"wdio_ui5_key":"etmportal.ui.managerequests.view.NewRequestsap.ui.core.Icon{\"src\":{\"regex\":{\"source\":\"decline\"}}}{\"controlType\":\"sap.m.Token\",\"viewName\":\"etm.portal.ui.managerequests.view.NewRequest\",\"properties\":{\"text\":\"tag1\"}}"}]}
COMMAND: GET /session/de809374161c7b69160a618664f1a5fa/screenshot - {}
RESULT: {"script":"<script> [1562 bytes]","args":[{"selector":{"controlType":"sap.ui.core.Icon","viewName":"etm.portal.ui.managerequests.view.NewRequest","properties":{"src":{"regex":{"source":"decline"}}},"ancestor":{"controlType":"sap.m.Token","viewName":"etm.portal.ui.managerequests.view.NewRequest","properties":{"text":"tag1"}}},"wdio_ui5_key":"etmportal.ui.managerequests.view.NewRequestsap.ui.core.Icon{\"src\":{\"regex\":{\"source\":\"decline\"}}}{\"controlType\":\"sap.m.Token\",\"viewName\":\"etm.portal.ui.managerequests.view.NewRequest\",\"properties\":{\"text\":\"tag1\"}}"}]}
RESULT: undefined
RESULT: {}
COMMAND: POST /session/de809374161c7b69160a618664f1a5fa/actions - {"actions":[{"id":"action13","type":"key","parameters":{},"actions":[{"type":"keyDown","value":""},{"type":"pause","duration":10},{"type":"keyUp","value":""}]}]}
RESULT: {"actions":[{"id":"action13","type":"key","parameters":{},"actions":[{"type":"keyDown","value":""},{"type":"pause","duration":10},{"type":"keyUp","value":""}]}]}
COMMAND: GET /session/de809374161c7b69160a618664f1a5fa/screenshot - {}
RESULT: {}
RESULT: undefined
COMMAND: POST /session/de809374161c7b69160a618664f1a5fa/execute/async - {"script":"<script> [6424 bytes]","args":[{"element-6066-11e4-a52e-4f735466cecf":"f.BF26AF8B2ED0E270307A0F05FC587F4F.d.DDAE61E392AB3DA5E80FB5F31050A430.e.3063"},"getTokens",[]]}
RESULT: {"script":"<script> [6424 bytes]","args":[{"element-6066-11e4-a52e-4f735466cecf":"f.BF26AF8B2ED0E270307A0F05FC587F4F.d.DDAE61E392AB3DA5E80FB5F31050A430.e.3063"},"getTokens",[]]}
RESULT: undefined
RESULT: undefined
COMMAND: POST /session/de809374161c7b69160a618664f1a5fa/execute/async - {"script":"<script> [1562 bytes]","args":[{"selector":{"controlType":"sap.m.Button","viewName":"etm.portal.ui.managerequests.view.NewRequest","properties":{"text":"Items"},"interaction":{"idSuffix":"BDI-content"}},"wdio_ui5_key":"etmportal.ui.managerequests.view.NewRequestsap.m.Button{\"text\":\"Items\"}"}]}
RESULT: {"script":"<script> [1562 bytes]","args":[{"selector":{"controlType":"sap.m.Button","viewName":"etm.portal.ui.managerequests.view.NewRequest","properties":{"text":"Items"},"interaction":{"idSuffix":"BDI-content"}},"wdio_ui5_key":"etmportal.ui.managerequests.view.NewRequestsap.m.Button{\"text\":\"Items\"}"}]}
RESULT: undefined
COMMAND: POST /session/de809374161c7b69160a618664f1a5fa/element - {"using":"xpath","value":"//*[@id=\"__xmlview59--newRequestPage-anchBar-__xmlview59--requestItemsSection-anchor\"]"}
RESULT: {"using":"xpath","value":"//*[@id=\"__xmlview59--newRequestPage-anchBar-__xmlview59--requestItemsSection-anchor\"]"}
COMMAND: POST /session/de809374161c7b69160a618664f1a5fa/element/f.BF26AF8B2ED0E270307A0F05FC587F4F.d.DDAE61E392AB3DA5E80FB5F31050A430.e.3093/click - {}
RESULT: {}
COMMAND: GET /session/de809374161c7b69160a618664f1a5fa/screenshot - {}
RESULT: {}
COMMAND: POST /session/de809374161c7b69160a618664f1a5fa/execute/async - {"script":"<script> [1562 bytes]","args":[{"selector":{"controlType":"sap.ui.core.Icon","viewName":"etm.portal.ui.managerequests.view.NewRequest","properties":{"src":{"regex":{"source":"inspect"}}}},"wdio_ui5_key":"etmportal.ui.managerequests.view.NewRequestsap.ui.core.Icon{\"src\":{\"regex\":{\"source\":\"inspect\"}}}"}]}
RESULT: {"script":"<script> [1562 bytes]","args":[{"selector":{"controlType":"sap.ui.core.Icon","viewName":"etm.portal.ui.managerequests.view.NewRequest","properties":{"src":{"regex":{"source":"inspect"}}}},"wdio_ui5_key":"etmportal.ui.managerequests.view.NewRequestsap.ui.core.Icon{\"src\":{\"regex\":{\"source\":\"inspect\"}}}"}]}
RESULT: undefined
COMMAND: POST /session/de809374161c7b69160a618664f1a5fa/element - {"using":"xpath","value":"//*[@id=\"__button114-img\"]"}
RESULT: {"using":"xpath","value":"//*[@id=\"__button114-img\"]"}
COMMAND: POST /session/de809374161c7b69160a618664f1a5fa/element/f.BF26AF8B2ED0E270307A0F05FC587F4F.d.DDAE61E392AB3DA5E80FB5F31050A430.e.3098/click - {}
RESULT: {}
COMMAND: GET /session/de809374161c7b69160a618664f1a5fa/screenshot - {}
RESULT: {}
COMMAND: POST /session/de809374161c7b69160a618664f1a5fa/execute/async - {"script":"<script> [1562 bytes]","args":[{"selector":{"controlType":"sap.ui.core.Icon","viewName":"etm.portal.ui.managerequests.view.NewRequest","properties":{"src":{"regex":{"source":"add"}}}},"wdio_ui5_key":"etmportal.ui.managerequests.view.NewRequestsap.ui.core.Icon{\"src\":{\"regex\":{\"source\":\"add\"}}}"}]}
RESULT: {"script":"<script> [1562 bytes]","args":[{"selector":{"controlType":"sap.ui.core.Icon","viewName":"etm.portal.ui.managerequests.view.NewRequest","properties":{"src":{"regex":{"source":"add"}}}},"wdio_ui5_key":"etmportal.ui.managerequests.view.NewRequestsap.ui.core.Icon{\"src\":{\"regex\":{\"source\":\"add\"}}}"}]}
RESULT: undefined
COMMAND: POST /session/de809374161c7b69160a618664f1a5fa/element - {"using":"xpath","value":"//*[@id=\"__xmlview59--btnAddTableRow-img\"]"}
RESULT: {"using":"xpath","value":"//*[@id=\"__xmlview59--btnAddTableRow-img\"]"}
COMMAND: POST /session/de809374161c7b69160a618664f1a5fa/element/f.BF26AF8B2ED0E270307A0F05FC587F4F.d.DDAE61E392AB3DA5E80FB5F31050A430.e.3106/click - {}
RESULT: {}
COMMAND: GET /session/de809374161c7b69160a618664f1a5fa/screenshot - {}
RESULT: {}
COMMAND: POST /session/de809374161c7b69160a618664f1a5fa/execute/async - {"script":"<script> [1562 bytes]","args":[{"selector":{"controlType":"sap.ui.unified.MenuItem","viewName":"etm.portal.ui.managerequests.view.NewRequest","i18NText":{"propertyName":"text","key":"standardEntry"},"searchOpenDialogs":true,"interaction":{"idSuffix":"txt"}},"wdio_ui5_key":"etmportal.ui.managerequests.view.NewRequestsap.ui.unified.MenuItem{\"propertyName\":\"text\",\"key\":\"standardEntry\"}"}]}
RESULT: {"script":"<script> [1562 bytes]","args":[{"selector":{"controlType":"sap.ui.unified.MenuItem","viewName":"etm.portal.ui.managerequests.view.NewRequest","i18NText":{"propertyName":"text","key":"standardEntry"},"searchOpenDialogs":true,"interaction":{"idSuffix":"txt"}},"wdio_ui5_key":"etmportal.ui.managerequests.view.NewRequestsap.ui.unified.MenuItem{\"propertyName\":\"text\",\"key\":\"standardEntry\"}"}]}
RESULT: undefined
COMMAND: POST /session/de809374161c7b69160a618664f1a5fa/element - {"using":"xpath","value":"//*[@id=\"__item1472\"]"}
RESULT: {"using":"xpath","value":"//*[@id=\"__item1472\"]"}
COMMAND: POST /session/de809374161c7b69160a618664f1a5fa/element/f.BF26AF8B2ED0E270307A0F05FC587F4F.d.DDAE61E392AB3DA5E80FB5F31050A430.e.3109/click - {}
RESULT: {}
COMMAND: GET /session/de809374161c7b69160a618664f1a5fa/screenshot - {}
RESULT: {}
RESULT: undefined
COMMAND: POST /session/de809374161c7b69160a618664f1a5fa/element - {"using":"xpath","value":"//*[@id=\"__xmlview59--btnAddTableRow-img\"]"}
RESULT: {"using":"xpath","value":"//*[@id=\"__xmlview59--btnAddTableRow-img\"]"}
COMMAND: POST /session/de809374161c7b69160a618664f1a5fa/element/f.BF26AF8B2ED0E270307A0F05FC587F4F.d.DDAE61E392AB3DA5E80FB5F31050A430.e.3106/click - {}
RESULT: {}
COMMAND: GET /session/de809374161c7b69160a618664f1a5fa/screenshot - {}
RESULT: {}
RESULT: undefined
COMMAND: POST /session/de809374161c7b69160a618664f1a5fa/element - {"using":"xpath","value":"//*[@id=\"__item1472\"]"}
RESULT: {"using":"xpath","value":"//*[@id=\"__item1472\"]"}
COMMAND: POST /session/de809374161c7b69160a618664f1a5fa/element/f.BF26AF8B2ED0E270307A0F05FC587F4F.d.DDAE61E392AB3DA5E80FB5F31050A430.e.3130/click - {}
RESULT: {}
COMMAND: GET /session/de809374161c7b69160a618664f1a5fa/screenshot - {}
RESULT: {}
COMMAND: POST /session/de809374161c7b69160a618664f1a5fa/element - {"using":"xpath","value":"(//input[contains(@id ,\"requestItemsTable-0-inner\")])[5]"}
RESULT: {"using":"xpath","value":"(//input[contains(@id ,\"requestItemsTable-0-inner\")])[5]"}
COMMAND: POST /session/de809374161c7b69160a618664f1a5fa/element/f.BF26AF8B2ED0E270307A0F05FC587F4F.d.DDAE61E392AB3DA5E80FB5F31050A430.e.3121/clear - {}
RESULT: {}
COMMAND: POST /session/de809374161c7b69160a618664f1a5fa/element/f.BF26AF8B2ED0E270307A0F05FC587F4F.d.DDAE61E392AB3DA5E80FB5F31050A430.e.3121/value - {"text":"1000001"}
COMMAND: GET /session/de809374161c7b69160a618664f1a5fa/screenshot - {}
RESULT: {"text":"1000001"}
COMMAND: GET /session/de809374161c7b69160a618664f1a5fa/screenshot - {}
RESULT: {}
RESULT: {}
COMMAND: POST /session/de809374161c7b69160a618664f1a5fa/actions - {"actions":[{"id":"action14","type":"key","parameters":{},"actions":[{"type":"keyDown","value":""},{"type":"pause","duration":10},{"type":"keyUp","value":""}]}]}
RESULT: {"actions":[{"id":"action14","type":"key","parameters":{},"actions":[{"type":"keyDown","value":""},{"type":"pause","duration":10},{"type":"keyUp","value":""}]}]}
COMMAND: POST /session/de809374161c7b69160a618664f1a5fa/element - {"using":"xpath","value":"(//input[contains(@id ,\"requestItemsTable-1-inner\")])[5]"}
COMMAND: GET /session/de809374161c7b69160a618664f1a5fa/screenshot - {}
RESULT: {"using":"xpath","value":"(//input[contains(@id ,\"requestItemsTable-1-inner\")])[5]"}
COMMAND: POST /session/de809374161c7b69160a618664f1a5fa/element/f.BF26AF8B2ED0E270307A0F05FC587F4F.d.DDAE61E392AB3DA5E80FB5F31050A430.e.3136/clear - {}
RESULT: {}
RESULT: {}
COMMAND: POST /session/de809374161c7b69160a618664f1a5fa/element/f.BF26AF8B2ED0E270307A0F05FC587F4F.d.DDAE61E392AB3DA5E80FB5F31050A430.e.3136/value - {"text":"1000002"}
COMMAND: GET /session/de809374161c7b69160a618664f1a5fa/screenshot - {}
RESULT: {"text":"1000002"}
COMMAND: GET /session/de809374161c7b69160a618664f1a5fa/screenshot - {}
RESULT: {}
RESULT: {}
COMMAND: POST /session/de809374161c7b69160a618664f1a5fa/actions - {"actions":[{"id":"action15","type":"key","parameters":{},"actions":[{"type":"keyDown","value":""},{"type":"pause","duration":10},{"type":"keyUp","value":""}]}]}
RESULT: {"actions":[{"id":"action15","type":"key","parameters":{},"actions":[{"type":"keyDown","value":""},{"type":"pause","duration":10},{"type":"keyUp","value":""}]}]}
COMMAND: POST /session/de809374161c7b69160a618664f1a5fa/execute/async - {"script":"<script> [1562 bytes]","args":[{"selector":{"controlType":"sap.m.Input","viewName":"etm.portal.ui.managerequests.view.NewRequest","bindingPath":{"path":"","propertyPath":"/Tags","modelName":"catalogModel"},"ancestor":{"controlType":"sap.m.ColumnListItem","viewName":"etm.portal.ui.managerequests.view.NewRequest","bindingPath":{"modelName":"newRequestItems","path":"/RequestItems/0"},"ancestor":{"id":"requestItemsTable","viewName":"etm.portal.ui.managerequests.view.NewRequest"}},"interaction":{"idSuffix":"inner"}},"wdio_ui5_key":"etmportal.ui.managerequests.view.NewRequestsap.m.Input{\"path\":\"\",\"propertyPath\":\"/Tags\",\"modelName\":\"catalogModel\"}{\"controlType\":\"sap.m.ColumnListItem\",\"viewName\":\"etm.portal.ui.managerequests.view.NewRequest\",\"bindingPath\":{\"modelName\":\"newRequestItems\",\"path\":\"/RequestItems/0\"},\"ancestor\":{\"id\":\"requestItemsTable\",\"viewName\":\"etm.portal.ui.managerequests.view.NewRequest\"}}"}]}
COMMAND: GET /session/de809374161c7b69160a618664f1a5fa/screenshot - {}
RESULT: {"script":"<script> [1562 bytes]","args":[{"selector":{"controlType":"sap.m.Input","viewName":"etm.portal.ui.managerequests.view.NewRequest","bindingPath":{"path":"","propertyPath":"/Tags","modelName":"catalogModel"},"ancestor":{"controlType":"sap.m.ColumnListItem","viewName":"etm.portal.ui.managerequests.view.NewRequest","bindingPath":{"modelName":"newRequestItems","path":"/RequestItems/0"},"ancestor":{"id":"requestItemsTable","viewName":"etm.portal.ui.managerequests.view.NewRequest"}},"interaction":{"idSuffix":"inner"}},"wdio_ui5_key":"etmportal.ui.managerequests.view.NewRequestsap.m.Input{\"path\":\"\",\"propertyPath\":\"/Tags\",\"modelName\":\"catalogModel\"}{\"controlType\":\"sap.m.ColumnListItem\",\"viewName\":\"etm.portal.ui.managerequests.view.NewRequest\",\"bindingPath\":{\"modelName\":\"newRequestItems\",\"path\":\"/RequestItems/0\"},\"ancestor\":{\"id\":\"requestItemsTable\",\"viewName\":\"etm.portal.ui.managerequests.view.NewRequest\"}}"}]}
RESULT: undefined
COMMAND: POST /session/de809374161c7b69160a618664f1a5fa/execute/async - {"script":"<script> [776 bytes]","args":[{"enterText":"tag1","selector":{"controlType":"sap.m.Input","viewName":"etm.portal.ui.managerequests.view.NewRequest","bindingPath":{"path":"","propertyPath":"/Tags","modelName":"catalogModel"},"ancestor":{"controlType":"sap.m.ColumnListItem","viewName":"etm.portal.ui.managerequests.view.NewRequest","bindingPath":{"modelName":"newRequestItems","path":"/RequestItems/0"},"ancestor":{"id":"requestItemsTable","viewName":"etm.portal.ui.managerequests.view.NewRequest"}},"interaction":{"idSuffix":"inner"}},"clearTextFirst":true,"interactionType":"ENTER_TEXT"}]}
RESULT: {}
RESULT: {"script":"<script> [776 bytes]","args":[{"enterText":"tag1","selector":{"controlType":"sap.m.Input","viewName":"etm.portal.ui.managerequests.view.NewRequest","bindingPath":{"path":"","propertyPath":"/Tags","modelName":"catalogModel"},"ancestor":{"controlType":"sap.m.ColumnListItem","viewName":"etm.portal.ui.managerequests.view.NewRequest","bindingPath":{"modelName":"newRequestItems","path":"/RequestItems/0"},"ancestor":{"id":"requestItemsTable","viewName":"etm.portal.ui.managerequests.view.NewRequest"}},"interaction":{"idSuffix":"inner"}},"clearTextFirst":true,"interactionType":"ENTER_TEXT"}]}
COMMAND: POST /session/de809374161c7b69160a618664f1a5fa/actions - {"actions":[{"id":"action16","type":"key","parameters":{},"actions":[{"type":"keyDown","value":""},{"type":"pause","duration":10},{"type":"keyUp","value":""}]}]}
RESULT: {"actions":[{"id":"action16","type":"key","parameters":{},"actions":[{"type":"keyDown","value":""},{"type":"pause","duration":10},{"type":"keyUp","value":""}]}]}
RESULT: undefined
COMMAND: POST /session/de809374161c7b69160a618664f1a5fa/execute/async - {"script":"<script> [776 bytes]","args":[{"enterText":"tag-duplicate","selector":{"controlType":"sap.m.Input","viewName":"etm.portal.ui.managerequests.view.NewRequest","bindingPath":{"path":"","propertyPath":"/Tags","modelName":"catalogModel"},"ancestor":{"controlType":"sap.m.ColumnListItem","viewName":"etm.portal.ui.managerequests.view.NewRequest","bindingPath":{"modelName":"newRequestItems","path":"/RequestItems/0"},"ancestor":{"id":"requestItemsTable","viewName":"etm.portal.ui.managerequests.view.NewRequest"}},"interaction":{"idSuffix":"inner"}},"clearTextFirst":true,"interactionType":"ENTER_TEXT"}]}
COMMAND: GET /session/de809374161c7b69160a618664f1a5fa/screenshot - {}
RESULT: {"script":"<script> [776 bytes]","args":[{"enterText":"tag-duplicate","selector":{"controlType":"sap.m.Input","viewName":"etm.portal.ui.managerequests.view.NewRequest","bindingPath":{"path":"","propertyPath":"/Tags","modelName":"catalogModel"},"ancestor":{"controlType":"sap.m.ColumnListItem","viewName":"etm.portal.ui.managerequests.view.NewRequest","bindingPath":{"modelName":"newRequestItems","path":"/RequestItems/0"},"ancestor":{"id":"requestItemsTable","viewName":"etm.portal.ui.managerequests.view.NewRequest"}},"interaction":{"idSuffix":"inner"}},"clearTextFirst":true,"interactionType":"ENTER_TEXT"}]}
RESULT: {}
COMMAND: POST /session/de809374161c7b69160a618664f1a5fa/actions - {"actions":[{"id":"action17","type":"key","parameters":{},"actions":[{"type":"keyDown","value":""},{"type":"pause","duration":10},{"type":"keyUp","value":""}]}]}
RESULT: {"actions":[{"id":"action17","type":"key","parameters":{},"actions":[{"type":"keyDown","value":""},{"type":"pause","duration":10},{"type":"keyUp","value":""}]}]}
COMMAND: GET /session/de809374161c7b69160a618664f1a5fa/screenshot - {}
RESULT: {}
COMMAND: POST /session/de809374161c7b69160a618664f1a5fa/execute/async - {"script":"<script> [1562 bytes]","args":[{"selector":{"controlType":"sap.m.Input","viewName":"etm.portal.ui.managerequests.view.NewRequest","bindingPath":{"path":"","propertyPath":"/Tags","modelName":"catalogModel"},"ancestor":{"controlType":"sap.m.ColumnListItem","viewName":"etm.portal.ui.managerequests.view.NewRequest","bindingPath":{"modelName":"newRequestItems","path":"/RequestItems/1"},"ancestor":{"id":"requestItemsTable","viewName":"etm.portal.ui.managerequests.view.NewRequest"}},"interaction":{"idSuffix":"inner"}},"wdio_ui5_key":"etmportal.ui.managerequests.view.NewRequestsap.m.Input{\"path\":\"\",\"propertyPath\":\"/Tags\",\"modelName\":\"catalogModel\"}{\"controlType\":\"sap.m.ColumnListItem\",\"viewName\":\"etm.portal.ui.managerequests.view.NewRequest\",\"bindingPath\":{\"modelName\":\"newRequestItems\",\"path\":\"/RequestItems/1\"},\"ancestor\":{\"id\":\"requestItemsTable\",\"viewName\":\"etm.portal.ui.managerequests.view.NewRequest\"}}"}]}
RESULT: {"script":"<script> [1562 bytes]","args":[{"selector":{"controlType":"sap.m.Input","viewName":"etm.portal.ui.managerequests.view.NewRequest","bindingPath":{"path":"","propertyPath":"/Tags","modelName":"catalogModel"},"ancestor":{"controlType":"sap.m.ColumnListItem","viewName":"etm.portal.ui.managerequests.view.NewRequest","bindingPath":{"modelName":"newRequestItems","path":"/RequestItems/1"},"ancestor":{"id":"requestItemsTable","viewName":"etm.portal.ui.managerequests.view.NewRequest"}},"interaction":{"idSuffix":"inner"}},"wdio_ui5_key":"etmportal.ui.managerequests.view.NewRequestsap.m.Input{\"path\":\"\",\"propertyPath\":\"/Tags\",\"modelName\":\"catalogModel\"}{\"controlType\":\"sap.m.ColumnListItem\",\"viewName\":\"etm.portal.ui.managerequests.view.NewRequest\",\"bindingPath\":{\"modelName\":\"newRequestItems\",\"path\":\"/RequestItems/1\"},\"ancestor\":{\"id\":\"requestItemsTable\",\"viewName\":\"etm.portal.ui.managerequests.view.NewRequest\"}}"}]}
RESULT: undefined
COMMAND: POST /session/de809374161c7b69160a618664f1a5fa/execute/async - {"script":"<script> [776 bytes]","args":[{"enterText":"tag1","selector":{"controlType":"sap.m.Input","viewName":"etm.portal.ui.managerequests.view.NewRequest","bindingPath":{"path":"","propertyPath":"/Tags","modelName":"catalogModel"},"ancestor":{"controlType":"sap.m.ColumnListItem","viewName":"etm.portal.ui.managerequests.view.NewRequest","bindingPath":{"modelName":"newRequestItems","path":"/RequestItems/1"},"ancestor":{"id":"requestItemsTable","viewName":"etm.portal.ui.managerequests.view.NewRequest"}},"interaction":{"idSuffix":"inner"}},"clearTextFirst":true,"interactionType":"ENTER_TEXT"}]}
RESULT: {"script":"<script> [776 bytes]","args":[{"enterText":"tag1","selector":{"controlType":"sap.m.Input","viewName":"etm.portal.ui.managerequests.view.NewRequest","bindingPath":{"path":"","propertyPath":"/Tags","modelName":"catalogModel"},"ancestor":{"controlType":"sap.m.ColumnListItem","viewName":"etm.portal.ui.managerequests.view.NewRequest","bindingPath":{"modelName":"newRequestItems","path":"/RequestItems/1"},"ancestor":{"id":"requestItemsTable","viewName":"etm.portal.ui.managerequests.view.NewRequest"}},"interaction":{"idSuffix":"inner"}},"clearTextFirst":true,"interactionType":"ENTER_TEXT"}]}
COMMAND: POST /session/de809374161c7b69160a618664f1a5fa/actions - {"actions":[{"id":"action18","type":"key","parameters":{},"actions":[{"type":"keyDown","value":""},{"type":"pause","duration":10},{"type":"keyUp","value":""}]}]}
RESULT: {"actions":[{"id":"action18","type":"key","parameters":{},"actions":[{"type":"keyDown","value":""},{"type":"pause","duration":10},{"type":"keyUp","value":""}]}]}
RESULT: undefined
COMMAND: POST /session/de809374161c7b69160a618664f1a5fa/execute/async - {"script":"<script> [776 bytes]","args":[{"enterText":"tag-duplicate","selector":{"controlType":"sap.m.Input","viewName":"etm.portal.ui.managerequests.view.NewRequest","bindingPath":{"path":"","propertyPath":"/Tags","modelName":"catalogModel"},"ancestor":{"controlType":"sap.m.ColumnListItem","viewName":"etm.portal.ui.managerequests.view.NewRequest","bindingPath":{"modelName":"newRequestItems","path":"/RequestItems/1"},"ancestor":{"id":"requestItemsTable","viewName":"etm.portal.ui.managerequests.view.NewRequest"}},"interaction":{"idSuffix":"inner"}},"clearTextFirst":true,"interactionType":"ENTER_TEXT"}]}
COMMAND: GET /session/de809374161c7b69160a618664f1a5fa/screenshot - {}
RESULT: {"script":"<script> [776 bytes]","args":[{"enterText":"tag-duplicate","selector":{"controlType":"sap.m.Input","viewName":"etm.portal.ui.managerequests.view.NewRequest","bindingPath":{"path":"","propertyPath":"/Tags","modelName":"catalogModel"},"ancestor":{"controlType":"sap.m.ColumnListItem","viewName":"etm.portal.ui.managerequests.view.NewRequest","bindingPath":{"modelName":"newRequestItems","path":"/RequestItems/1"},"ancestor":{"id":"requestItemsTable","viewName":"etm.portal.ui.managerequests.view.NewRequest"}},"interaction":{"idSuffix":"inner"}},"clearTextFirst":true,"interactionType":"ENTER_TEXT"}]}
RESULT: {}
COMMAND: POST /session/de809374161c7b69160a618664f1a5fa/actions - {"actions":[{"id":"action19","type":"key","parameters":{},"actions":[{"type":"keyDown","value":""},{"type":"pause","duration":10},{"type":"keyUp","value":""}]}]}
RESULT: {"actions":[{"id":"action19","type":"key","parameters":{},"actions":[{"type":"keyDown","value":""},{"type":"pause","duration":10},{"type":"keyUp","value":""}]}]}
COMMAND: GET /session/de809374161c7b69160a618664f1a5fa/screenshot - {}
RESULT: {}
COMMAND: POST /session/de809374161c7b69160a618664f1a5fa/execute/async - {"script":"<script> [1562 bytes]","args":[{"selector":{"controlType":"sap.ui.core.Icon","viewName":"etm.portal.ui.managerequests.view.NewRequest","properties":{"src":{"regex":{"source":"slim\\-arrow\\-down"}}},"ancestor":{"controlType":"sap.m.Button","viewName":"etm.portal.ui.managerequests.view.NewRequest","properties":{"icon":"sap-icon://slim-arrow-down"}}},"wdio_ui5_key":"etmportal.ui.managerequests.view.NewRequestsap.ui.core.Icon{\"src\":{\"regex\":{\"source\":\"slim\\\\-arrow\\\\-down\"}}}{\"controlType\":\"sap.m.Button\",\"viewName\":\"etm.portal.ui.managerequests.view.NewRequest\",\"properties\":{\"icon\":\"sap-icon://slim-arrow-down\"}}"}]}
RESULT: {"script":"<script> [1562 bytes]","args":[{"selector":{"controlType":"sap.ui.core.Icon","viewName":"etm.portal.ui.managerequests.view.NewRequest","properties":{"src":{"regex":{"source":"slim\\-arrow\\-down"}}},"ancestor":{"controlType":"sap.m.Button","viewName":"etm.portal.ui.managerequests.view.NewRequest","properties":{"icon":"sap-icon://slim-arrow-down"}}},"wdio_ui5_key":"etmportal.ui.managerequests.view.NewRequestsap.ui.core.Icon{\"src\":{\"regex\":{\"source\":\"slim\\\\-arrow\\\\-down\"}}}{\"controlType\":\"sap.m.Button\",\"viewName\":\"etm.portal.ui.managerequests.view.NewRequest\",\"properties\":{\"icon\":\"sap-icon://slim-arrow-down\"}}"}]}
RESULT: undefined
COMMAND: POST /session/de809374161c7b69160a618664f1a5fa/element - {"using":"xpath","value":"//*[@id=\"__title25-expandBtn-img\"]"}
RESULT: {"using":"xpath","value":"//*[@id=\"__title25-expandBtn-img\"]"}
COMMAND: POST /session/de809374161c7b69160a618664f1a5fa/element/f.BF26AF8B2ED0E270307A0F05FC587F4F.d.DDAE61E392AB3DA5E80FB5F31050A430.e.3182/click - {}
RESULT: {}
COMMAND: GET /session/de809374161c7b69160a618664f1a5fa/screenshot - {}
RESULT: {}
COMMAND: POST /session/de809374161c7b69160a618664f1a5fa/element - {"using":"xpath","value":"//div[contains(@data-kt ,\"splitAllocationObjectStatus\")]"}
RESULT: {"using":"xpath","value":"//div[contains(@data-kt ,\"splitAllocationObjectStatus\")]"}
COMMAND: POST /session/de809374161c7b69160a618664f1a5fa/elements - {"using":"xpath","value":"//div[contains(@data-kt ,\"splitAllocationObjectStatus\")]"}
RESULT: {"using":"xpath","value":"//div[contains(@data-kt ,\"splitAllocationObjectStatus\")]"}
COMMAND: POST /session/de809374161c7b69160a618664f1a5fa/execute/async - {"script":"<script> [1562 bytes]","args":[{"selector":{"controlType":"sap.ui.core.Icon","viewName":"etm.portal.ui.managerequests.view.NewRequest","properties":{"src":{"regex":{"source":"message\\-error"}}},"ancestor":{"controlType":"sap.m.ColumnListItem","viewName":"etm.portal.ui.managerequests.view.NewRequest","bindingPath":{"modelName":"newRequestItems","path":"/RequestItems/0"},"ancestor":{"id":"requestItemsTable","viewName":"etm.portal.ui.managerequests.view.NewRequest"}}},"wdio_ui5_key":"etmportal.ui.managerequests.view.NewRequestsap.ui.core.Icon{\"src\":{\"regex\":{\"source\":\"message\\\\-error\"}}}{\"controlType\":\"sap.m.ColumnListItem\",\"viewName\":\"etm.portal.ui.managerequests.view.NewRequest\",\"bindingPath\":{\"modelName\":\"newRequestItems\",\"path\":\"/RequestItems/0\"},\"ancestor\":{\"id\":\"requestItemsTable\",\"viewName\":\"etm.portal.ui.managerequests.view.NewRequest\"}}"}]}
RESULT: {"script":"<script> [1562 bytes]","args":[{"selector":{"controlType":"sap.ui.core.Icon","viewName":"etm.portal.ui.managerequests.view.NewRequest","properties":{"src":{"regex":{"source":"message\\-error"}}},"ancestor":{"controlType":"sap.m.ColumnListItem","viewName":"etm.portal.ui.managerequests.view.NewRequest","bindingPath":{"modelName":"newRequestItems","path":"/RequestItems/0"},"ancestor":{"id":"requestItemsTable","viewName":"etm.portal.ui.managerequests.view.NewRequest"}}},"wdio_ui5_key":"etmportal.ui.managerequests.view.NewRequestsap.ui.core.Icon{\"src\":{\"regex\":{\"source\":\"message\\\\-error\"}}}{\"controlType\":\"sap.m.ColumnListItem\",\"viewName\":\"etm.portal.ui.managerequests.view.NewRequest\",\"bindingPath\":{\"modelName\":\"newRequestItems\",\"path\":\"/RequestItems/0\"},\"ancestor\":{\"id\":\"requestItemsTable\",\"viewName\":\"etm.portal.ui.managerequests.view.NewRequest\"}}"}]}
RESULT: undefined
COMMAND: POST /session/de809374161c7b69160a618664f1a5fa/element - {"using":"xpath","value":"//*[@id=\"__status6-__xmlview59--requestItemsTable-0-icon\"]"}
RESULT: {"using":"xpath","value":"//*[@id=\"__status6-__xmlview59--requestItemsTable-0-icon\"]"}
COMMAND: POST /session/de809374161c7b69160a618664f1a5fa/element/f.BF26AF8B2ED0E270307A0F05FC587F4F.d.DDAE61E392AB3DA5E80FB5F31050A430.e.3163/click - {}
RESULT: {}
COMMAND: GET /session/de809374161c7b69160a618664f1a5fa/screenshot - {}
RESULT: {}
COMMAND: POST /session/de809374161c7b69160a618664f1a5fa/execute/async - {"script":"<script> [1562 bytes]","args":[{"selector":{"id":"costObjectAdminTypeComboBox","viewName":"etm.portal.ui.managerequests.view.NewRequest","searchOpenDialogs":true,"interaction":{"idSuffix":"inner"}},"wdio_ui5_key":"costObjectAdminTypeComboBoxetmportal.ui.managerequests.view.NewRequest"}]}
RESULT: {"script":"<script> [1562 bytes]","args":[{"selector":{"id":"costObjectAdminTypeComboBox","viewName":"etm.portal.ui.managerequests.view.NewRequest","searchOpenDialogs":true,"interaction":{"idSuffix":"inner"}},"wdio_ui5_key":"costObjectAdminTypeComboBoxetmportal.ui.managerequests.view.NewRequest"}]}
RESULT: undefined
COMMAND: POST /session/de809374161c7b69160a618664f1a5fa/execute/async - {"script":"<script> [776 bytes]","args":[{"enterText":"Cost Center","selector":{"id":"costObjectAdminTypeComboBox","viewName":"etm.portal.ui.managerequests.view.NewRequest","searchOpenDialogs":true,"interaction":{"idSuffix":"inner"}},"clearTextFirst":true,"interactionType":"ENTER_TEXT"}]}
RESULT: {"script":"<script> [776 bytes]","args":[{"enterText":"Cost Center","selector":{"id":"costObjectAdminTypeComboBox","viewName":"etm.portal.ui.managerequests.view.NewRequest","searchOpenDialogs":true,"interaction":{"idSuffix":"inner"}},"clearTextFirst":true,"interactionType":"ENTER_TEXT"}]}
COMMAND: POST /session/de809374161c7b69160a618664f1a5fa/actions - {"actions":[{"id":"action20","type":"key","parameters":{},"actions":[{"type":"keyDown","value":""},{"type":"pause","duration":10},{"type":"keyUp","value":""}]}]}
RESULT: {"actions":[{"id":"action20","type":"key","parameters":{},"actions":[{"type":"keyDown","value":""},{"type":"pause","duration":10},{"type":"keyUp","value":""}]}]}
COMMAND: GET /session/de809374161c7b69160a618664f1a5fa/screenshot - {}
RESULT: {}
COMMAND: POST /session/de809374161c7b69160a618664f1a5fa/execute/async - {"script":"<script> [1562 bytes]","args":[{"selector":{"id":"costObjectIdComboBox","viewName":"etm.portal.ui.managerequests.view.NewRequest","searchOpenDialogs":true,"interaction":{"idSuffix":"inner"}},"wdio_ui5_key":"costObjectIdComboBoxetmportal.ui.managerequests.view.NewRequest"}]}
RESULT: {"script":"<script> [1562 bytes]","args":[{"selector":{"id":"costObjectIdComboBox","viewName":"etm.portal.ui.managerequests.view.NewRequest","searchOpenDialogs":true,"interaction":{"idSuffix":"inner"}},"wdio_ui5_key":"costObjectIdComboBoxetmportal.ui.managerequests.view.NewRequest"}]}
RESULT: undefined
COMMAND: POST /session/de809374161c7b69160a618664f1a5fa/execute/async - {"script":"<script> [776 bytes]","args":[{"enterText":"1001 - 1001","selector":{"id":"costObjectIdComboBox","viewName":"etm.portal.ui.managerequests.view.NewRequest","searchOpenDialogs":true,"interaction":{"idSuffix":"inner"}},"clearTextFirst":true,"interactionType":"ENTER_TEXT"}]}
RESULT: {"script":"<script> [776 bytes]","args":[{"enterText":"1001 - 1001","selector":{"id":"costObjectIdComboBox","viewName":"etm.portal.ui.managerequests.view.NewRequest","searchOpenDialogs":true,"interaction":{"idSuffix":"inner"}},"clearTextFirst":true,"interactionType":"ENTER_TEXT"}]}
COMMAND: POST /session/de809374161c7b69160a618664f1a5fa/actions - {"actions":[{"id":"action21","type":"key","parameters":{},"actions":[{"type":"keyDown","value":""},{"type":"pause","duration":10},{"type":"keyUp","value":""}]}]}
RESULT: {"actions":[{"id":"action21","type":"key","parameters":{},"actions":[{"type":"keyDown","value":""},{"type":"pause","duration":10},{"type":"keyUp","value":""}]}]}
COMMAND: GET /session/de809374161c7b69160a618664f1a5fa/screenshot - {}
RESULT: {}
COMMAND: POST /session/de809374161c7b69160a618664f1a5fa/element - {"using":"xpath","value":"(//bdi[(text() = 'Save' or . = 'Save')])[1]"}
RESULT: {"using":"xpath","value":"(//bdi[(text() = 'Save' or . = 'Save')])[1]"}
COMMAND: POST /session/de809374161c7b69160a618664f1a5fa/element/f.BF26AF8B2ED0E270307A0F05FC587F4F.d.DDAE61E392AB3DA5E80FB5F31050A430.e.3203/click - {}
RESULT: {}
COMMAND: POST /session/de809374161c7b69160a618664f1a5fa/execute/async - {"script":"<script> [1562 bytes]","args":[{"selector":{"controlType":"sap.ui.core.Icon","viewName":"etm.portal.ui.managerequests.view.NewRequest","properties":{"src":{"regex":{"source":"message\\-error"}}},"ancestor":{"controlType":"sap.m.ColumnListItem","viewName":"etm.portal.ui.managerequests.view.NewRequest","bindingPath":{"modelName":"newRequestItems","path":"/RequestItems/1"},"ancestor":{"id":"requestItemsTable","viewName":"etm.portal.ui.managerequests.view.NewRequest"}}},"wdio_ui5_key":"etmportal.ui.managerequests.view.NewRequestsap.ui.core.Icon{\"src\":{\"regex\":{\"source\":\"message\\\\-error\"}}}{\"controlType\":\"sap.m.ColumnListItem\",\"viewName\":\"etm.portal.ui.managerequests.view.NewRequest\",\"bindingPath\":{\"modelName\":\"newRequestItems\",\"path\":\"/RequestItems/1\"},\"ancestor\":{\"id\":\"requestItemsTable\",\"viewName\":\"etm.portal.ui.managerequests.view.NewRequest\"}}"}]}
COMMAND: GET /session/de809374161c7b69160a618664f1a5fa/screenshot - {}
RESULT: {"script":"<script> [1562 bytes]","args":[{"selector":{"controlType":"sap.ui.core.Icon","viewName":"etm.portal.ui.managerequests.view.NewRequest","properties":{"src":{"regex":{"source":"message\\-error"}}},"ancestor":{"controlType":"sap.m.ColumnListItem","viewName":"etm.portal.ui.managerequests.view.NewRequest","bindingPath":{"modelName":"newRequestItems","path":"/RequestItems/1"},"ancestor":{"id":"requestItemsTable","viewName":"etm.portal.ui.managerequests.view.NewRequest"}}},"wdio_ui5_key":"etmportal.ui.managerequests.view.NewRequestsap.ui.core.Icon{\"src\":{\"regex\":{\"source\":\"message\\\\-error\"}}}{\"controlType\":\"sap.m.ColumnListItem\",\"viewName\":\"etm.portal.ui.managerequests.view.NewRequest\",\"bindingPath\":{\"modelName\":\"newRequestItems\",\"path\":\"/RequestItems/1\"},\"ancestor\":{\"id\":\"requestItemsTable\",\"viewName\":\"etm.portal.ui.managerequests.view.NewRequest\"}}"}]}
RESULT: undefined
COMMAND: POST /session/de809374161c7b69160a618664f1a5fa/element - {"using":"xpath","value":"//*[@id=\"__status6-__xmlview59--requestItemsTable-1-icon\"]"}
RESULT: {}
RESULT: {"using":"xpath","value":"//*[@id=\"__status6-__xmlview59--requestItemsTable-1-icon\"]"}
COMMAND: POST /session/de809374161c7b69160a618664f1a5fa/element/f.BF26AF8B2ED0E270307A0F05FC587F4F.d.DDAE61E392AB3DA5E80FB5F31050A430.e.3180/click - {}
RESULT: {}
COMMAND: GET /session/de809374161c7b69160a618664f1a5fa/screenshot - {}
RESULT: {}
RESULT: undefined
COMMAND: POST /session/de809374161c7b69160a618664f1a5fa/execute/async - {"script":"<script> [776 bytes]","args":[{"enterText":"Cost Center","selector":{"id":"costObjectAdminTypeComboBox","viewName":"etm.portal.ui.managerequests.view.NewRequest","searchOpenDialogs":true,"interaction":{"idSuffix":"inner"}},"clearTextFirst":true,"interactionType":"ENTER_TEXT"}]}
RESULT: {"script":"<script> [776 bytes]","args":[{"enterText":"Cost Center","selector":{"id":"costObjectAdminTypeComboBox","viewName":"etm.portal.ui.managerequests.view.NewRequest","searchOpenDialogs":true,"interaction":{"idSuffix":"inner"}},"clearTextFirst":true,"interactionType":"ENTER_TEXT"}]}
COMMAND: POST /session/de809374161c7b69160a618664f1a5fa/actions - {"actions":[{"id":"action22","type":"key","parameters":{},"actions":[{"type":"keyDown","value":""},{"type":"pause","duration":10},{"type":"keyUp","value":""}]}]}
RESULT: {"actions":[{"id":"action22","type":"key","parameters":{},"actions":[{"type":"keyDown","value":""},{"type":"pause","duration":10},{"type":"keyUp","value":""}]}]}
COMMAND: GET /session/de809374161c7b69160a618664f1a5fa/screenshot - {}
RESULT: {}
RESULT: undefined
COMMAND: POST /session/de809374161c7b69160a618664f1a5fa/execute/async - {"script":"<script> [776 bytes]","args":[{"enterText":"1001 - 1001","selector":{"id":"costObjectIdComboBox","viewName":"etm.portal.ui.managerequests.view.NewRequest","searchOpenDialogs":true,"interaction":{"idSuffix":"inner"}},"clearTextFirst":true,"interactionType":"ENTER_TEXT"}]}
RESULT: {"script":"<script> [776 bytes]","args":[{"enterText":"1001 - 1001","selector":{"id":"costObjectIdComboBox","viewName":"etm.portal.ui.managerequests.view.NewRequest","searchOpenDialogs":true,"interaction":{"idSuffix":"inner"}},"clearTextFirst":true,"interactionType":"ENTER_TEXT"}]}
COMMAND: POST /session/de809374161c7b69160a618664f1a5fa/actions - {"actions":[{"id":"action23","type":"key","parameters":{},"actions":[{"type":"keyDown","value":""},{"type":"pause","duration":10},{"type":"keyUp","value":""}]}]}
RESULT: {"actions":[{"id":"action23","type":"key","parameters":{},"actions":[{"type":"keyDown","value":""},{"type":"pause","duration":10},{"type":"keyUp","value":""}]}]}
COMMAND: GET /session/de809374161c7b69160a618664f1a5fa/screenshot - {}
RESULT: {}
COMMAND: POST /session/de809374161c7b69160a618664f1a5fa/element - {"using":"xpath","value":"(//bdi[(text() = 'Save' or . = 'Save')])[1]"}
RESULT: {"using":"xpath","value":"(//bdi[(text() = 'Save' or . = 'Save')])[1]"}
COMMAND: POST /session/de809374161c7b69160a618664f1a5fa/element/f.BF26AF8B2ED0E270307A0F05FC587F4F.d.DDAE61E392AB3DA5E80FB5F31050A430.e.3217/click - {}
RESULT: {}
COMMAND: POST /session/de809374161c7b69160a618664f1a5fa/execute/async - {"script":"<script> [1562 bytes]","args":[{"selector":{"controlType":"sap.ui.core.Icon","viewName":"etm.portal.ui.managerequests.view.NewRequest","properties":{"src":{"regex":{"source":"decline"}}},"ancestor":{"controlType":"sap.m.Token","viewName":"etm.portal.ui.managerequests.view.NewRequest","bindingPath":{"path":"/RequestItems/0/TOKENS/0","propertyPath":"TAG","modelName":"newRequestItems"}}},"wdio_ui5_key":"etmportal.ui.managerequests.view.NewRequestsap.ui.core.Icon{\"src\":{\"regex\":{\"source\":\"decline\"}}}{\"controlType\":\"sap.m.Token\",\"viewName\":\"etm.portal.ui.managerequests.view.NewRequest\",\"bindingPath\":{\"path\":\"/RequestItems/0/TOKENS/0\",\"propertyPath\":\"TAG\",\"modelName\":\"newRequestItems\"}}"}]}
COMMAND: GET /session/de809374161c7b69160a618664f1a5fa/screenshot - {}
RESULT: {"script":"<script> [1562 bytes]","args":[{"selector":{"controlType":"sap.ui.core.Icon","viewName":"etm.portal.ui.managerequests.view.NewRequest","properties":{"src":{"regex":{"source":"decline"}}},"ancestor":{"controlType":"sap.m.Token","viewName":"etm.portal.ui.managerequests.view.NewRequest","bindingPath":{"path":"/RequestItems/0/TOKENS/0","propertyPath":"TAG","modelName":"newRequestItems"}}},"wdio_ui5_key":"etmportal.ui.managerequests.view.NewRequestsap.ui.core.Icon{\"src\":{\"regex\":{\"source\":\"decline\"}}}{\"controlType\":\"sap.m.Token\",\"viewName\":\"etm.portal.ui.managerequests.view.NewRequest\",\"bindingPath\":{\"path\":\"/RequestItems/0/TOKENS/0\",\"propertyPath\":\"TAG\",\"modelName\":\"newRequestItems\"}}"}]}
RESULT: undefined
COMMAND: POST /session/de809374161c7b69160a618664f1a5fa/element - {"using":"xpath","value":"//*[@id=\"__token7-__tokenizer62-__xmlview59--requestItemsTable-0-0-icon\"]"}
RESULT: {}
RESULT: {"using":"xpath","value":"//*[@id=\"__token7-__tokenizer62-__xmlview59--requestItemsTable-0-0-icon\"]"}
COMMAND: POST /session/de809374161c7b69160a618664f1a5fa/element/f.BF26AF8B2ED0E270307A0F05FC587F4F.d.DDAE61E392AB3DA5E80FB5F31050A430.e.3219/click - {}
RESULT: {}
COMMAND: GET /session/de809374161c7b69160a618664f1a5fa/screenshot - {}
RESULT: {}
COMMAND: POST /session/de809374161c7b69160a618664f1a5fa/actions - {"actions":[{"id":"action24","type":"key","parameters":{},"actions":[{"type":"keyDown","value":""},{"type":"pause","duration":10},{"type":"keyUp","value":""}]}]}
RESULT: {"actions":[{"id":"action24","type":"key","parameters":{},"actions":[{"type":"keyDown","value":""},{"type":"pause","duration":10},{"type":"keyUp","value":""}]}]}
COMMAND: GET /session/de809374161c7b69160a618664f1a5fa/screenshot - {}
RESULT: {}
COMMAND: POST /session/de809374161c7b69160a618664f1a5fa/execute/async - {"script":"<script> [1562 bytes]","args":[{"selector":{"controlType":"sap.m.Tokenizer","viewName":"etm.portal.ui.managerequests.view.NewRequest","bindingPath":{"path":"/RequestItems/0","propertyPath":"TOKENS","modelName":"newRequestItems"}},"wdio_ui5_key":"etmportal.ui.managerequests.view.NewRequestsap.m.Tokenizer{\"path\":\"/RequestItems/0\",\"propertyPath\":\"TOKENS\",\"modelName\":\"newRequestItems\"}"}]}
RESULT: {"script":"<script> [1562 bytes]","args":[{"selector":{"controlType":"sap.m.Tokenizer","viewName":"etm.portal.ui.managerequests.view.NewRequest","bindingPath":{"path":"/RequestItems/0","propertyPath":"TOKENS","modelName":"newRequestItems"}},"wdio_ui5_key":"etmportal.ui.managerequests.view.NewRequestsap.m.Tokenizer{\"path\":\"/RequestItems/0\",\"propertyPath\":\"TOKENS\",\"modelName\":\"newRequestItems\"}"}]}
RESULT: undefined
COMMAND: POST /session/de809374161c7b69160a618664f1a5fa/execute/async - {"script":"<script> [6424 bytes]","args":[{"element-6066-11e4-a52e-4f735466cecf":"f.BF26AF8B2ED0E270307A0F05FC587F4F.d.DDAE61E392AB3DA5E80FB5F31050A430.e.3225"},"getTokens",[]]}
RESULT: {"script":"<script> [6424 bytes]","args":[{"element-6066-11e4-a52e-4f735466cecf":"f.BF26AF8B2ED0E270307A0F05FC587F4F.d.DDAE61E392AB3DA5E80FB5F31050A430.e.3225"},"getTokens",[]]}
COMMAND: POST /session/de809374161c7b69160a618664f1a5fa/execute/async - {"script":"<script> [1562 bytes]","args":[{"wdio_ui5_key":"__token7-__tokenizer62-__xmlview59--requestItemsTable-0-0","selector":{"id":"__token7-__tokenizer62-__xmlview59--requestItemsTable-0-0"}}]}
RESULT: {"script":"<script> [1562 bytes]","args":[{"wdio_ui5_key":"__token7-__tokenizer62-__xmlview59--requestItemsTable-0-0","selector":{"id":"__token7-__tokenizer62-__xmlview59--requestItemsTable-0-0"}}]}
RESULT: undefined
RESULT: undefined
COMMAND: POST /session/de809374161c7b69160a618664f1a5fa/execute/async - {"script":"<script> [776 bytes]","args":[{"enterText":"tagRequest1","selector":{"controlType":"sap.m.Input","viewName":"etm.portal.ui.managerequests.view.NewRequest","bindingPath":{"path":"","propertyPath":"/Tags","modelName":"catalogModel"},"ancestor":{"controlType":"sap.m.ColumnListItem","viewName":"etm.portal.ui.managerequests.view.NewRequest","bindingPath":{"modelName":"newRequestItems","path":"/RequestItems/0"},"ancestor":{"id":"requestItemsTable","viewName":"etm.portal.ui.managerequests.view.NewRequest"}},"interaction":{"idSuffix":"inner"}},"clearTextFirst":true,"interactionType":"ENTER_TEXT"}]}
RESULT: {"script":"<script> [776 bytes]","args":[{"enterText":"tagRequest1","selector":{"controlType":"sap.m.Input","viewName":"etm.portal.ui.managerequests.view.NewRequest","bindingPath":{"path":"","propertyPath":"/Tags","modelName":"catalogModel"},"ancestor":{"controlType":"sap.m.ColumnListItem","viewName":"etm.portal.ui.managerequests.view.NewRequest","bindingPath":{"modelName":"newRequestItems","path":"/RequestItems/0"},"ancestor":{"id":"requestItemsTable","viewName":"etm.portal.ui.managerequests.view.NewRequest"}},"interaction":{"idSuffix":"inner"}},"clearTextFirst":true,"interactionType":"ENTER_TEXT"}]}
COMMAND: POST /session/de809374161c7b69160a618664f1a5fa/actions - {"actions":[{"id":"action25","type":"key","parameters":{},"actions":[{"type":"keyDown","value":""},{"type":"pause","duration":10},{"type":"keyUp","value":""}]}]}
RESULT: {"actions":[{"id":"action25","type":"key","parameters":{},"actions":[{"type":"keyDown","value":""},{"type":"pause","duration":10},{"type":"keyUp","value":""}]}]}
COMMAND: GET /session/de809374161c7b69160a618664f1a5fa/screenshot - {}
RESULT: {}
RESULT: undefined
COMMAND: POST /session/de809374161c7b69160a618664f1a5fa/execute/async - {"script":"<script> [6424 bytes]","args":[{"element-6066-11e4-a52e-4f735466cecf":"f.BF26AF8B2ED0E270307A0F05FC587F4F.d.DDAE61E392AB3DA5E80FB5F31050A430.e.3225"},"getTokens",[]]}
RESULT: {"script":"<script> [6424 bytes]","args":[{"element-6066-11e4-a52e-4f735466cecf":"f.BF26AF8B2ED0E270307A0F05FC587F4F.d.DDAE61E392AB3DA5E80FB5F31050A430.e.3225"},"getTokens",[]]}
COMMAND: POST /session/de809374161c7b69160a618664f1a5fa/execute/async - {"script":"<script> [1562 bytes]","args":[{"wdio_ui5_key":"__token7-__tokenizer62-__xmlview59--requestItemsTable-0-1","selector":{"id":"__token7-__tokenizer62-__xmlview59--requestItemsTable-0-1"}}]}
RESULT: undefined
RESULT: {"script":"<script> [1562 bytes]","args":[{"wdio_ui5_key":"__token7-__tokenizer62-__xmlview59--requestItemsTable-0-1","selector":{"id":"__token7-__tokenizer62-__xmlview59--requestItemsTable-0-1"}}]}
RESULT: undefined
COMMAND: POST /session/de809374161c7b69160a618664f1a5fa/execute/async - {"script":"<script> [1562 bytes]","args":[{"selector":{"controlType":"sap.ui.core.Icon","viewName":"etm.portal.ui.managerequests.view.NewRequest","properties":{"src":{"regex":{"source":"decline"}}},"ancestor":{"controlType":"sap.m.Token","viewName":"etm.portal.ui.managerequests.view.NewRequest","bindingPath":{"path":"/RequestItems/1/TOKENS/0","propertyPath":"TAG","modelName":"newRequestItems"}}},"wdio_ui5_key":"etmportal.ui.managerequests.view.NewRequestsap.ui.core.Icon{\"src\":{\"regex\":{\"source\":\"decline\"}}}{\"controlType\":\"sap.m.Token\",\"viewName\":\"etm.portal.ui.managerequests.view.NewRequest\",\"bindingPath\":{\"path\":\"/RequestItems/1/TOKENS/0\",\"propertyPath\":\"TAG\",\"modelName\":\"newRequestItems\"}}"}]}
RESULT: {"script":"<script> [1562 bytes]","args":[{"selector":{"controlType":"sap.ui.core.Icon","viewName":"etm.portal.ui.managerequests.view.NewRequest","properties":{"src":{"regex":{"source":"decline"}}},"ancestor":{"controlType":"sap.m.Token","viewName":"etm.portal.ui.managerequests.view.NewRequest","bindingPath":{"path":"/RequestItems/1/TOKENS/0","propertyPath":"TAG","modelName":"newRequestItems"}}},"wdio_ui5_key":"etmportal.ui.managerequests.view.NewRequestsap.ui.core.Icon{\"src\":{\"regex\":{\"source\":\"decline\"}}}{\"controlType\":\"sap.m.Token\",\"viewName\":\"etm.portal.ui.managerequests.view.NewRequest\",\"bindingPath\":{\"path\":\"/RequestItems/1/TOKENS/0\",\"propertyPath\":\"TAG\",\"modelName\":\"newRequestItems\"}}"}]}
RESULT: undefined
COMMAND: POST /session/de809374161c7b69160a618664f1a5fa/element - {"using":"xpath","value":"//*[@id=\"__token7-__tokenizer62-__xmlview59--requestItemsTable-1-0-icon\"]"}
RESULT: {"using":"xpath","value":"//*[@id=\"__token7-__tokenizer62-__xmlview59--requestItemsTable-1-0-icon\"]"}
COMMAND: POST /session/de809374161c7b69160a618664f1a5fa/element/f.BF26AF8B2ED0E270307A0F05FC587F4F.d.DDAE61E392AB3DA5E80FB5F31050A430.e.3227/click - {}
RESULT: {}
COMMAND: GET /session/de809374161c7b69160a618664f1a5fa/screenshot - {}
COMMAND: POST /session/de809374161c7b69160a618664f1a5fa/actions - {"actions":[{"id":"action26","type":"key","parameters":{},"actions":[{"type":"keyDown","value":""},{"type":"pause","duration":10},{"type":"keyUp","value":""}]}]}
RESULT: {}
RESULT: {"actions":[{"id":"action26","type":"key","parameters":{},"actions":[{"type":"keyDown","value":""},{"type":"pause","duration":10},{"type":"keyUp","value":""}]}]}
COMMAND: GET /session/de809374161c7b69160a618664f1a5fa/screenshot - {}
RESULT: {}
COMMAND: POST /session/de809374161c7b69160a618664f1a5fa/execute/async - {"script":"<script> [1562 bytes]","args":[{"selector":{"controlType":"sap.m.Tokenizer","viewName":"etm.portal.ui.managerequests.view.NewRequest","bindingPath":{"path":"/RequestItems/1","propertyPath":"TOKENS","modelName":"newRequestItems"}},"wdio_ui5_key":"etmportal.ui.managerequests.view.NewRequestsap.m.Tokenizer{\"path\":\"/RequestItems/1\",\"propertyPath\":\"TOKENS\",\"modelName\":\"newRequestItems\"}"}]}
RESULT: {"script":"<script> [1562 bytes]","args":[{"selector":{"controlType":"sap.m.Tokenizer","viewName":"etm.portal.ui.managerequests.view.NewRequest","bindingPath":{"path":"/RequestItems/1","propertyPath":"TOKENS","modelName":"newRequestItems"}},"wdio_ui5_key":"etmportal.ui.managerequests.view.NewRequestsap.m.Tokenizer{\"path\":\"/RequestItems/1\",\"propertyPath\":\"TOKENS\",\"modelName\":\"newRequestItems\"}"}]}
RESULT: undefined
COMMAND: POST /session/de809374161c7b69160a618664f1a5fa/execute/async - {"script":"<script> [6424 bytes]","args":[{"element-6066-11e4-a52e-4f735466cecf":"f.BF26AF8B2ED0E270307A0F05FC587F4F.d.DDAE61E392AB3DA5E80FB5F31050A430.e.3233"},"getTokens",[]]}
RESULT: {"script":"<script> [6424 bytes]","args":[{"element-6066-11e4-a52e-4f735466cecf":"f.BF26AF8B2ED0E270307A0F05FC587F4F.d.DDAE61E392AB3DA5E80FB5F31050A430.e.3233"},"getTokens",[]]}
COMMAND: POST /session/de809374161c7b69160a618664f1a5fa/execute/async - {"script":"<script> [1562 bytes]","args":[{"wdio_ui5_key":"__token7-__tokenizer62-__xmlview59--requestItemsTable-1-0","selector":{"id":"__token7-__tokenizer62-__xmlview59--requestItemsTable-1-0"}}]}
RESULT: {"script":"<script> [1562 bytes]","args":[{"wdio_ui5_key":"__token7-__tokenizer62-__xmlview59--requestItemsTable-1-0","selector":{"id":"__token7-__tokenizer62-__xmlview59--requestItemsTable-1-0"}}]}
RESULT: undefined
RESULT: undefined
COMMAND: POST /session/de809374161c7b69160a618664f1a5fa/execute/async - {"script":"<script> [776 bytes]","args":[{"enterText":"tagRequest1","selector":{"controlType":"sap.m.Input","viewName":"etm.portal.ui.managerequests.view.NewRequest","bindingPath":{"path":"","propertyPath":"/Tags","modelName":"catalogModel"},"ancestor":{"controlType":"sap.m.ColumnListItem","viewName":"etm.portal.ui.managerequests.view.NewRequest","bindingPath":{"modelName":"newRequestItems","path":"/RequestItems/1"},"ancestor":{"id":"requestItemsTable","viewName":"etm.portal.ui.managerequests.view.NewRequest"}},"interaction":{"idSuffix":"inner"}},"clearTextFirst":true,"interactionType":"ENTER_TEXT"}]}
RESULT: {"script":"<script> [776 bytes]","args":[{"enterText":"tagRequest1","selector":{"controlType":"sap.m.Input","viewName":"etm.portal.ui.managerequests.view.NewRequest","bindingPath":{"path":"","propertyPath":"/Tags","modelName":"catalogModel"},"ancestor":{"controlType":"sap.m.ColumnListItem","viewName":"etm.portal.ui.managerequests.view.NewRequest","bindingPath":{"modelName":"newRequestItems","path":"/RequestItems/1"},"ancestor":{"id":"requestItemsTable","viewName":"etm.portal.ui.managerequests.view.NewRequest"}},"interaction":{"idSuffix":"inner"}},"clearTextFirst":true,"interactionType":"ENTER_TEXT"}]}
COMMAND: POST /session/de809374161c7b69160a618664f1a5fa/actions - {"actions":[{"id":"action27","type":"key","parameters":{},"actions":[{"type":"keyDown","value":""},{"type":"pause","duration":10},{"type":"keyUp","value":""}]}]}
RESULT: {"actions":[{"id":"action27","type":"key","parameters":{},"actions":[{"type":"keyDown","value":""},{"type":"pause","duration":10},{"type":"keyUp","value":""}]}]}
COMMAND: GET /session/de809374161c7b69160a618664f1a5fa/screenshot - {}
RESULT: {}
RESULT: undefined
COMMAND: POST /session/de809374161c7b69160a618664f1a5fa/execute/async - {"script":"<script> [6424 bytes]","args":[{"element-6066-11e4-a52e-4f735466cecf":"f.BF26AF8B2ED0E270307A0F05FC587F4F.d.DDAE61E392AB3DA5E80FB5F31050A430.e.3233"},"getTokens",[]]}
RESULT: {"script":"<script> [6424 bytes]","args":[{"element-6066-11e4-a52e-4f735466cecf":"f.BF26AF8B2ED0E270307A0F05FC587F4F.d.DDAE61E392AB3DA5E80FB5F31050A430.e.3233"},"getTokens",[]]}
COMMAND: POST /session/de809374161c7b69160a618664f1a5fa/execute/async - {"script":"<script> [1562 bytes]","args":[{"wdio_ui5_key":"__token7-__tokenizer62-__xmlview59--requestItemsTable-1-1","selector":{"id":"__token7-__tokenizer62-__xmlview59--requestItemsTable-1-1"}}]}
RESULT: undefined
RESULT: {"script":"<script> [1562 bytes]","args":[{"wdio_ui5_key":"__token7-__tokenizer62-__xmlview59--requestItemsTable-1-1","selector":{"id":"__token7-__tokenizer62-__xmlview59--requestItemsTable-1-1"}}]}
RESULT: undefined
COMMAND: POST /session/de809374161c7b69160a618664f1a5fa/execute/async - {"script":"<script> [1562 bytes]","args":[{"selector":{"controlType":"sap.m.Button","viewName":"etm.portal.ui.managerequests.view.NewRequest","properties":{"text":"Save"},"i18NText":{"propertyName":"tooltip","key":"save"},"interaction":{"idSuffix":"BDI-content"}},"wdio_ui5_key":"etmportal.ui.managerequests.view.NewRequestsap.m.Button{\"propertyName\":\"tooltip\",\"key\":\"save\"}{\"text\":\"Save\"}"}]}
RESULT: {"script":"<script> [1562 bytes]","args":[{"selector":{"controlType":"sap.m.Button","viewName":"etm.portal.ui.managerequests.view.NewRequest","properties":{"text":"Save"},"i18NText":{"propertyName":"tooltip","key":"save"},"interaction":{"idSuffix":"BDI-content"}},"wdio_ui5_key":"etmportal.ui.managerequests.view.NewRequestsap.m.Button{\"propertyName\":\"tooltip\",\"key\":\"save\"}{\"text\":\"Save\"}"}]}
RESULT: undefined
COMMAND: POST /session/de809374161c7b69160a618664f1a5fa/element - {"using":"xpath","value":"//*[@id=\"__button117\"]"}
RESULT: {"using":"xpath","value":"//*[@id=\"__button117\"]"}
COMMAND: POST /session/de809374161c7b69160a618664f1a5fa/element/f.BF26AF8B2ED0E270307A0F05FC587F4F.d.DDAE61E392AB3DA5E80FB5F31050A430.e.3015/click - {}
RESULT: {}
COMMAND: GET /session/de809374161c7b69160a618664f1a5fa/screenshot - {}
RESULT: {}
COMMAND: POST /session/de809374161c7b69160a618664f1a5fa/element - {"using":"xpath","value":"//bdi[contains(@id ,\"BDI-content\")][contains(text(), \"Close\")]"}
RESULT: {"using":"xpath","value":"//bdi[contains(@id ,\"BDI-content\")][contains(text(), \"Close\")]"}
COMMAND: POST /session/de809374161c7b69160a618664f1a5fa/element/f.BF26AF8B2ED0E270307A0F05FC587F4F.d.DDAE61E392AB3DA5E80FB5F31050A430.e.3241/click - {}
RESULT: {}
COMMAND: GET /session/de809374161c7b69160a618664f1a5fa/screenshot - {}
RESULT: {}
]]></system-out>
    </testcase>
    <testcase classname="chrome.136_0_7103_93.windows.Manage_Requests_Tags_Tests_US120163" name="Should Edit Request Tags" time="107.052">
      <system-out><![CDATA[
COMMAND: POST /session/de809374161c7b69160a618664f1a5fa/execute/async - {"script":"<script> [1562 bytes]","args":[{"selector":{"controlType":"sap.ui.core.Icon","viewName":"etm.portal.ui.managerequests.view.Detail","properties":{"src":{"regex":{"source":"overflow"}}}},"wdio_ui5_key":"etmportal.ui.managerequests.view.Detailsap.ui.core.Icon{\"src\":{\"regex\":{\"source\":\"overflow\"}}}"}]}
RESULT: {"script":"<script> [1562 bytes]","args":[{"selector":{"controlType":"sap.ui.core.Icon","viewName":"etm.portal.ui.managerequests.view.Detail","properties":{"src":{"regex":{"source":"overflow"}}}},"wdio_ui5_key":"etmportal.ui.managerequests.view.Detailsap.ui.core.Icon{\"src\":{\"regex\":{\"source\":\"overflow\"}}}"}]}
RESULT: undefined
COMMAND: POST /session/de809374161c7b69160a618664f1a5fa/element - {"using":"xpath","value":"//*[@id=\"__xmlview60--detailHeaderTitle-_actionsToolbar-overflowButton-img\"]"}
RESULT: {"using":"xpath","value":"//*[@id=\"__xmlview60--detailHeaderTitle-_actionsToolbar-overflowButton-img\"]"}
COMMAND: POST /session/de809374161c7b69160a618664f1a5fa/element/f.BF26AF8B2ED0E270307A0F05FC587F4F.d.DDAE61E392AB3DA5E80FB5F31050A430.e.3366/click - {}
RESULT: {}
COMMAND: GET /session/de809374161c7b69160a618664f1a5fa/screenshot - {}
RESULT: {}
COMMAND: POST /session/de809374161c7b69160a618664f1a5fa/execute/async - {"script":"<script> [1562 bytes]","args":[{"selector":{"controlType":"sap.uxap.ObjectPageHeaderActionButton","viewName":"etm.portal.ui.managerequests.view.Detail","i18NText":{"propertyName":"text","key":"edit"},"searchOpenDialogs":true,"interaction":{"idSuffix":"inner"}},"wdio_ui5_key":"etmportal.ui.managerequests.view.Detailsap.uxap.ObjectPageHeaderActionButton{\"propertyName\":\"text\",\"key\":\"edit\"}"}]}
RESULT: {"script":"<script> [1562 bytes]","args":[{"selector":{"controlType":"sap.uxap.ObjectPageHeaderActionButton","viewName":"etm.portal.ui.managerequests.view.Detail","i18NText":{"propertyName":"text","key":"edit"},"searchOpenDialogs":true,"interaction":{"idSuffix":"inner"}},"wdio_ui5_key":"etmportal.ui.managerequests.view.Detailsap.uxap.ObjectPageHeaderActionButton{\"propertyName\":\"text\",\"key\":\"edit\"}"}]}
RESULT: undefined
COMMAND: POST /session/de809374161c7b69160a618664f1a5fa/element - {"using":"xpath","value":"//*[@id=\"__button138\"]"}
RESULT: {"using":"xpath","value":"//*[@id=\"__button138\"]"}
COMMAND: POST /session/de809374161c7b69160a618664f1a5fa/element/f.BF26AF8B2ED0E270307A0F05FC587F4F.d.DDAE61E392AB3DA5E80FB5F31050A430.e.3368/click - {}
RESULT: {}
COMMAND: GET /session/de809374161c7b69160a618664f1a5fa/screenshot - {}
RESULT: {}
COMMAND: POST /session/de809374161c7b69160a618664f1a5fa/execute/async - {"script":"<script> [1562 bytes]","args":[{"selector":{"controlType":"sap.ui.core.Icon","viewName":"etm.portal.ui.managerequests.view.Edit","properties":{"src":{"regex":{"source":"decline"}}},"ancestor":{"controlType":"sap.m.Token","viewName":"etm.portal.ui.managerequests.view.Edit","bindingPath":{"propertyPath":"TAG","modelName":"catalogModel"},"properties":{"text":"RefTag"}}},"wdio_ui5_key":"etmportal.ui.managerequests.view.Editsap.ui.core.Icon{\"src\":{\"regex\":{\"source\":\"decline\"}}}{\"controlType\":\"sap.m.Token\",\"viewName\":\"etm.portal.ui.managerequests.view.Edit\",\"bindingPath\":{\"propertyPath\":\"TAG\",\"modelName\":\"catalogModel\"},\"properties\":{\"text\":\"RefTag\"}}"}]}
RESULT: {"script":"<script> [1562 bytes]","args":[{"selector":{"controlType":"sap.ui.core.Icon","viewName":"etm.portal.ui.managerequests.view.Edit","properties":{"src":{"regex":{"source":"decline"}}},"ancestor":{"controlType":"sap.m.Token","viewName":"etm.portal.ui.managerequests.view.Edit","bindingPath":{"propertyPath":"TAG","modelName":"catalogModel"},"properties":{"text":"RefTag"}}},"wdio_ui5_key":"etmportal.ui.managerequests.view.Editsap.ui.core.Icon{\"src\":{\"regex\":{\"source\":\"decline\"}}}{\"controlType\":\"sap.m.Token\",\"viewName\":\"etm.portal.ui.managerequests.view.Edit\",\"bindingPath\":{\"propertyPath\":\"TAG\",\"modelName\":\"catalogModel\"},\"properties\":{\"text\":\"RefTag\"}}"}]}
RESULT: undefined
COMMAND: POST /session/de809374161c7b69160a618664f1a5fa/element - {"using":"xpath","value":"//*[@id=\"__token13-__tokenizer64-0-icon\"]"}
RESULT: {"using":"xpath","value":"//*[@id=\"__token13-__tokenizer64-0-icon\"]"}
COMMAND: POST /session/de809374161c7b69160a618664f1a5fa/element/f.BF26AF8B2ED0E270307A0F05FC587F4F.d.DDAE61E392AB3DA5E80FB5F31050A430.e.3475/click - {}
RESULT: {}
COMMAND: POST /session/de809374161c7b69160a618664f1a5fa/execute/async - {"script":"<script> [1562 bytes]","args":[{"selector":{"id":"tagMultiInputRequests","viewName":"etm.portal.ui.managerequests.view.Edit","interaction":{"idSuffix":"inner"}},"wdio_ui5_key":"tagMultiInputRequestsetmportal.ui.managerequests.view.Edit"}]}
COMMAND: GET /session/de809374161c7b69160a618664f1a5fa/screenshot - {}
RESULT: {"script":"<script> [1562 bytes]","args":[{"selector":{"id":"tagMultiInputRequests","viewName":"etm.portal.ui.managerequests.view.Edit","interaction":{"idSuffix":"inner"}},"wdio_ui5_key":"tagMultiInputRequestsetmportal.ui.managerequests.view.Edit"}]}
RESULT: undefined
COMMAND: POST /session/de809374161c7b69160a618664f1a5fa/execute/async - {"script":"<script> [6424 bytes]","args":[{"element-6066-11e4-a52e-4f735466cecf":"f.BF26AF8B2ED0E270307A0F05FC587F4F.d.DDAE61E392AB3DA5E80FB5F31050A430.e.3402"},"getTokens",[]]}
RESULT: {}
RESULT: {"script":"<script> [6424 bytes]","args":[{"element-6066-11e4-a52e-4f735466cecf":"f.BF26AF8B2ED0E270307A0F05FC587F4F.d.DDAE61E392AB3DA5E80FB5F31050A430.e.3402"},"getTokens",[]]}
COMMAND: POST /session/de809374161c7b69160a618664f1a5fa/execute/async - {"script":"<script> [1562 bytes]","args":[{"wdio_ui5_key":"__token13-__tokenizer64-1","selector":{"id":"__token13-__tokenizer64-1"}}]}
RESULT: {"script":"<script> [1562 bytes]","args":[{"wdio_ui5_key":"__token13-__tokenizer64-1","selector":{"id":"__token13-__tokenizer64-1"}}]}
RESULT: undefined
RESULT: undefined
COMMAND: POST /session/de809374161c7b69160a618664f1a5fa/execute/async - {"script":"<script> [776 bytes]","args":[{"enterText":"RefTag","selector":{"id":"tagMultiInputRequests","viewName":"etm.portal.ui.managerequests.view.Edit","interaction":{"idSuffix":"inner"}},"clearTextFirst":true,"interactionType":"ENTER_TEXT"}]}
RESULT: {"script":"<script> [776 bytes]","args":[{"enterText":"RefTag","selector":{"id":"tagMultiInputRequests","viewName":"etm.portal.ui.managerequests.view.Edit","interaction":{"idSuffix":"inner"}},"clearTextFirst":true,"interactionType":"ENTER_TEXT"}]}
COMMAND: POST /session/de809374161c7b69160a618664f1a5fa/actions - {"actions":[{"id":"action28","type":"key","parameters":{},"actions":[{"type":"keyDown","value":""},{"type":"pause","duration":10},{"type":"keyUp","value":""}]}]}
RESULT: {"actions":[{"id":"action28","type":"key","parameters":{},"actions":[{"type":"keyDown","value":""},{"type":"pause","duration":10},{"type":"keyUp","value":""}]}]}
COMMAND: GET /session/de809374161c7b69160a618664f1a5fa/screenshot - {}
RESULT: {}
RESULT: undefined
COMMAND: POST /session/de809374161c7b69160a618664f1a5fa/execute/async - {"script":"<script> [6424 bytes]","args":[{"element-6066-11e4-a52e-4f735466cecf":"f.BF26AF8B2ED0E270307A0F05FC587F4F.d.DDAE61E392AB3DA5E80FB5F31050A430.e.3402"},"getTokens",[]]}
RESULT: {"script":"<script> [6424 bytes]","args":[{"element-6066-11e4-a52e-4f735466cecf":"f.BF26AF8B2ED0E270307A0F05FC587F4F.d.DDAE61E392AB3DA5E80FB5F31050A430.e.3402"},"getTokens",[]]}
COMMAND: POST /session/de809374161c7b69160a618664f1a5fa/execute/async - {"script":"<script> [1562 bytes]","args":[{"wdio_ui5_key":"__token16","selector":{"id":"__token16"}}]}
RESULT: undefined
RESULT: {"script":"<script> [1562 bytes]","args":[{"wdio_ui5_key":"__token16","selector":{"id":"__token16"}}]}
RESULT: undefined
COMMAND: POST /session/de809374161c7b69160a618664f1a5fa/execute/async - {"script":"<script> [1562 bytes]","args":[{"selector":{"controlType":"sap.m.Button","viewName":"etm.portal.ui.managerequests.view.Edit","properties":{"text":"Items (2)"},"interaction":{"idSuffix":"BDI-content"}},"wdio_ui5_key":"etmportal.ui.managerequests.view.Editsap.m.Button{\"text\":\"Items (2)\"}"}]}
RESULT: {"script":"<script> [1562 bytes]","args":[{"selector":{"controlType":"sap.m.Button","viewName":"etm.portal.ui.managerequests.view.Edit","properties":{"text":"Items (2)"},"interaction":{"idSuffix":"BDI-content"}},"wdio_ui5_key":"etmportal.ui.managerequests.view.Editsap.m.Button{\"text\":\"Items (2)\"}"}]}
RESULT: undefined
COMMAND: POST /session/de809374161c7b69160a618664f1a5fa/element - {"using":"xpath","value":"//*[@id=\"__xmlview61--editRequestPage-anchBar-__xmlview61--requestItemsSection-anchor\"]"}
RESULT: {"using":"xpath","value":"//*[@id=\"__xmlview61--editRequestPage-anchBar-__xmlview61--requestItemsSection-anchor\"]"}
COMMAND: POST /session/de809374161c7b69160a618664f1a5fa/element/f.BF26AF8B2ED0E270307A0F05FC587F4F.d.DDAE61E392AB3DA5E80FB5F31050A430.e.3480/click - {}
RESULT: {}
COMMAND: GET /session/de809374161c7b69160a618664f1a5fa/screenshot - {}
RESULT: {}
COMMAND: POST /session/de809374161c7b69160a618664f1a5fa/execute/async - {"script":"<script> [1562 bytes]","args":[{"selector":{"controlType":"sap.ui.core.Icon","viewName":"etm.portal.ui.managerequests.view.Edit","properties":{"src":{"regex":{"source":"inspect"}}}},"wdio_ui5_key":"etmportal.ui.managerequests.view.Editsap.ui.core.Icon{\"src\":{\"regex\":{\"source\":\"inspect\"}}}"}]}
RESULT: {"script":"<script> [1562 bytes]","args":[{"selector":{"controlType":"sap.ui.core.Icon","viewName":"etm.portal.ui.managerequests.view.Edit","properties":{"src":{"regex":{"source":"inspect"}}}},"wdio_ui5_key":"etmportal.ui.managerequests.view.Editsap.ui.core.Icon{\"src\":{\"regex\":{\"source\":\"inspect\"}}}"}]}
RESULT: undefined
COMMAND: POST /session/de809374161c7b69160a618664f1a5fa/element - {"using":"xpath","value":"//*[@id=\"__button165-img\"]"}
RESULT: {"using":"xpath","value":"//*[@id=\"__button165-img\"]"}
COMMAND: POST /session/de809374161c7b69160a618664f1a5fa/element/f.BF26AF8B2ED0E270307A0F05FC587F4F.d.DDAE61E392AB3DA5E80FB5F31050A430.e.3486/click - {}
RESULT: {}
COMMAND: GET /session/de809374161c7b69160a618664f1a5fa/screenshot - {}
RESULT: {}
COMMAND: POST /session/de809374161c7b69160a618664f1a5fa/execute/async - {"script":"<script> [1562 bytes]","args":[{"selector":{"controlType":"sap.m.Tokenizer","viewName":"etm.portal.ui.managerequests.view.Edit","bindingPath":{"path":"/RequestItems/0","propertyPath":"LINK_TO_TAGS","modelName":"RequestItemsModel"}},"wdio_ui5_key":"etmportal.ui.managerequests.view.Editsap.m.Tokenizer{\"path\":\"/RequestItems/0\",\"propertyPath\":\"LINK_TO_TAGS\",\"modelName\":\"RequestItemsModel\"}"}]}
RESULT: {"script":"<script> [1562 bytes]","args":[{"selector":{"controlType":"sap.m.Tokenizer","viewName":"etm.portal.ui.managerequests.view.Edit","bindingPath":{"path":"/RequestItems/0","propertyPath":"LINK_TO_TAGS","modelName":"RequestItemsModel"}},"wdio_ui5_key":"etmportal.ui.managerequests.view.Editsap.m.Tokenizer{\"path\":\"/RequestItems/0\",\"propertyPath\":\"LINK_TO_TAGS\",\"modelName\":\"RequestItemsModel\"}"}]}
RESULT: undefined
COMMAND: POST /session/de809374161c7b69160a618664f1a5fa/element - {"using":"xpath","value":"//*[@id=\"__tokenizer66\"]"}
RESULT: {"using":"xpath","value":"//*[@id=\"__tokenizer66\"]"}
COMMAND: POST /session/de809374161c7b69160a618664f1a5fa/element/f.BF26AF8B2ED0E270307A0F05FC587F4F.d.DDAE61E392AB3DA5E80FB5F31050A430.e.3488/click - {}
RESULT: {}
COMMAND: GET /session/de809374161c7b69160a618664f1a5fa/screenshot - {}
RESULT: {}
COMMAND: POST /session/de809374161c7b69160a618664f1a5fa/execute/async - {"script":"<script> [1562 bytes]","args":[{"selector":{"controlType":"sap.ui.core.Icon","viewName":"etm.portal.ui.managerequests.view.Edit","properties":{"src":{"regex":{"source":"decline"}}},"searchOpenDialogs":true,"ancestor":{"controlType":"sap.m.StandardListItem","viewName":"etm.portal.ui.managerequests.view.Edit","properties":{"title":"tag-duplicate"},"searchOpenDialogs":true}},"wdio_ui5_key":"etmportal.ui.managerequests.view.Editsap.ui.core.Icon{\"src\":{\"regex\":{\"source\":\"decline\"}}}{\"controlType\":\"sap.m.StandardListItem\",\"viewName\":\"etm.portal.ui.managerequests.view.Edit\",\"properties\":{\"title\":\"tag-duplicate\"},\"searchOpenDialogs\":true}"}]}
RESULT: {"script":"<script> [1562 bytes]","args":[{"selector":{"controlType":"sap.ui.core.Icon","viewName":"etm.portal.ui.managerequests.view.Edit","properties":{"src":{"regex":{"source":"decline"}}},"searchOpenDialogs":true,"ancestor":{"controlType":"sap.m.StandardListItem","viewName":"etm.portal.ui.managerequests.view.Edit","properties":{"title":"tag-duplicate"},"searchOpenDialogs":true}},"wdio_ui5_key":"etmportal.ui.managerequests.view.Editsap.ui.core.Icon{\"src\":{\"regex\":{\"source\":\"decline\"}}}{\"controlType\":\"sap.m.StandardListItem\",\"viewName\":\"etm.portal.ui.managerequests.view.Edit\",\"properties\":{\"title\":\"tag-duplicate\"},\"searchOpenDialogs\":true}"}]}
RESULT: undefined
COMMAND: POST /session/de809374161c7b69160a618664f1a5fa/element - {"using":"xpath","value":"//*[@id=\"__item1803-imgDel-img\"]"}
RESULT: {"using":"xpath","value":"//*[@id=\"__item1803-imgDel-img\"]"}
COMMAND: POST /session/de809374161c7b69160a618664f1a5fa/element/f.BF26AF8B2ED0E270307A0F05FC587F4F.d.DDAE61E392AB3DA5E80FB5F31050A430.e.3491/click - {}
RESULT: {}
COMMAND: GET /session/de809374161c7b69160a618664f1a5fa/screenshot - {}
RESULT: {}
COMMAND: POST /session/de809374161c7b69160a618664f1a5fa/actions - {"actions":[{"id":"action29","type":"key","parameters":{},"actions":[{"type":"keyDown","value":""},{"type":"pause","duration":10},{"type":"keyUp","value":""}]}]}
RESULT: {"actions":[{"id":"action29","type":"key","parameters":{},"actions":[{"type":"keyDown","value":""},{"type":"pause","duration":10},{"type":"keyUp","value":""}]}]}
COMMAND: POST /session/de809374161c7b69160a618664f1a5fa/execute/async - {"script":"<script> [1562 bytes]","args":[{"selector":{"controlType":"sap.m.Tokenizer","viewName":"etm.portal.ui.managerequests.view.Edit","bindingPath":{"path":"/RequestItems/1","propertyPath":"LINK_TO_TAGS","modelName":"RequestItemsModel"}},"wdio_ui5_key":"etmportal.ui.managerequests.view.Editsap.m.Tokenizer{\"path\":\"/RequestItems/1\",\"propertyPath\":\"LINK_TO_TAGS\",\"modelName\":\"RequestItemsModel\"}"}]}
COMMAND: GET /session/de809374161c7b69160a618664f1a5fa/screenshot - {}
RESULT: {"script":"<script> [1562 bytes]","args":[{"selector":{"controlType":"sap.m.Tokenizer","viewName":"etm.portal.ui.managerequests.view.Edit","bindingPath":{"path":"/RequestItems/1","propertyPath":"LINK_TO_TAGS","modelName":"RequestItemsModel"}},"wdio_ui5_key":"etmportal.ui.managerequests.view.Editsap.m.Tokenizer{\"path\":\"/RequestItems/1\",\"propertyPath\":\"LINK_TO_TAGS\",\"modelName\":\"RequestItemsModel\"}"}]}
RESULT: undefined
COMMAND: POST /session/de809374161c7b69160a618664f1a5fa/element - {"using":"xpath","value":"//*[@id=\"__tokenizer67\"]"}
RESULT: {}
RESULT: {"using":"xpath","value":"//*[@id=\"__tokenizer67\"]"}
COMMAND: POST /session/de809374161c7b69160a618664f1a5fa/element/f.BF26AF8B2ED0E270307A0F05FC587F4F.d.DDAE61E392AB3DA5E80FB5F31050A430.e.3494/click - {}
RESULT: {}
COMMAND: GET /session/de809374161c7b69160a618664f1a5fa/screenshot - {}
RESULT: {}
COMMAND: POST /session/de809374161c7b69160a618664f1a5fa/execute/async - {"script":"<script> [1562 bytes]","args":[{"selector":{"controlType":"sap.ui.core.Icon","viewName":"etm.portal.ui.managerequests.view.Edit","properties":{"src":{"regex":{"source":"decline"}}},"searchOpenDialogs":true,"ancestor":{"controlType":"sap.m.StandardListItem","viewName":"etm.portal.ui.managerequests.view.Edit","properties":{"title":"tagRequest1"},"searchOpenDialogs":true}},"wdio_ui5_key":"etmportal.ui.managerequests.view.Editsap.ui.core.Icon{\"src\":{\"regex\":{\"source\":\"decline\"}}}{\"controlType\":\"sap.m.StandardListItem\",\"viewName\":\"etm.portal.ui.managerequests.view.Edit\",\"properties\":{\"title\":\"tagRequest1\"},\"searchOpenDialogs\":true}"}]}
RESULT: {"script":"<script> [1562 bytes]","args":[{"selector":{"controlType":"sap.ui.core.Icon","viewName":"etm.portal.ui.managerequests.view.Edit","properties":{"src":{"regex":{"source":"decline"}}},"searchOpenDialogs":true,"ancestor":{"controlType":"sap.m.StandardListItem","viewName":"etm.portal.ui.managerequests.view.Edit","properties":{"title":"tagRequest1"},"searchOpenDialogs":true}},"wdio_ui5_key":"etmportal.ui.managerequests.view.Editsap.ui.core.Icon{\"src\":{\"regex\":{\"source\":\"decline\"}}}{\"controlType\":\"sap.m.StandardListItem\",\"viewName\":\"etm.portal.ui.managerequests.view.Edit\",\"properties\":{\"title\":\"tagRequest1\"},\"searchOpenDialogs\":true}"}]}
RESULT: undefined
COMMAND: POST /session/de809374161c7b69160a618664f1a5fa/element - {"using":"xpath","value":"//*[@id=\"__item1811-imgDel-img\"]"}
RESULT: {"using":"xpath","value":"//*[@id=\"__item1811-imgDel-img\"]"}
COMMAND: POST /session/de809374161c7b69160a618664f1a5fa/element/f.BF26AF8B2ED0E270307A0F05FC587F4F.d.DDAE61E392AB3DA5E80FB5F31050A430.e.3497/click - {}
RESULT: {}
COMMAND: GET /session/de809374161c7b69160a618664f1a5fa/screenshot - {}
RESULT: {}
COMMAND: POST /session/de809374161c7b69160a618664f1a5fa/execute/async - {"script":"<script> [1562 bytes]","args":[{"selector":{"controlType":"sap.ui.core.Icon","viewName":"etm.portal.ui.managerequests.view.Edit","properties":{"src":{"regex":{"source":"decline"}}},"searchOpenDialogs":true,"ancestor":{"controlType":"sap.m.StandardListItem","viewName":"etm.portal.ui.managerequests.view.Edit","properties":{"title":"RefTag"},"searchOpenDialogs":true}},"wdio_ui5_key":"etmportal.ui.managerequests.view.Editsap.ui.core.Icon{\"src\":{\"regex\":{\"source\":\"decline\"}}}{\"controlType\":\"sap.m.StandardListItem\",\"viewName\":\"etm.portal.ui.managerequests.view.Edit\",\"properties\":{\"title\":\"RefTag\"},\"searchOpenDialogs\":true}"}]}
RESULT: {"script":"<script> [1562 bytes]","args":[{"selector":{"controlType":"sap.ui.core.Icon","viewName":"etm.portal.ui.managerequests.view.Edit","properties":{"src":{"regex":{"source":"decline"}}},"searchOpenDialogs":true,"ancestor":{"controlType":"sap.m.StandardListItem","viewName":"etm.portal.ui.managerequests.view.Edit","properties":{"title":"RefTag"},"searchOpenDialogs":true}},"wdio_ui5_key":"etmportal.ui.managerequests.view.Editsap.ui.core.Icon{\"src\":{\"regex\":{\"source\":\"decline\"}}}{\"controlType\":\"sap.m.StandardListItem\",\"viewName\":\"etm.portal.ui.managerequests.view.Edit\",\"properties\":{\"title\":\"RefTag\"},\"searchOpenDialogs\":true}"}]}
RESULT: undefined
COMMAND: POST /session/de809374161c7b69160a618664f1a5fa/element - {"using":"xpath","value":"//*[@id=\"__item1815-imgDel-img\"]"}
RESULT: {"using":"xpath","value":"//*[@id=\"__item1815-imgDel-img\"]"}
COMMAND: POST /session/de809374161c7b69160a618664f1a5fa/element/f.BF26AF8B2ED0E270307A0F05FC587F4F.d.DDAE61E392AB3DA5E80FB5F31050A430.e.3500/click - {}
RESULT: {}
COMMAND: GET /session/de809374161c7b69160a618664f1a5fa/screenshot - {}
RESULT: {}
COMMAND: POST /session/de809374161c7b69160a618664f1a5fa/execute/async - {"script":"<script> [1562 bytes]","args":[{"selector":{"controlType":"sap.ui.core.Icon","viewName":"etm.portal.ui.managerequests.view.Edit","properties":{"src":{"regex":{"source":"decline"}}},"searchOpenDialogs":true,"ancestor":{"controlType":"sap.m.StandardListItem","viewName":"etm.portal.ui.managerequests.view.Edit","properties":{"title":"tag-header"},"searchOpenDialogs":true}},"wdio_ui5_key":"etmportal.ui.managerequests.view.Editsap.ui.core.Icon{\"src\":{\"regex\":{\"source\":\"decline\"}}}{\"controlType\":\"sap.m.StandardListItem\",\"viewName\":\"etm.portal.ui.managerequests.view.Edit\",\"properties\":{\"title\":\"tag-header\"},\"searchOpenDialogs\":true}"}]}
RESULT: {"script":"<script> [1562 bytes]","args":[{"selector":{"controlType":"sap.ui.core.Icon","viewName":"etm.portal.ui.managerequests.view.Edit","properties":{"src":{"regex":{"source":"decline"}}},"searchOpenDialogs":true,"ancestor":{"controlType":"sap.m.StandardListItem","viewName":"etm.portal.ui.managerequests.view.Edit","properties":{"title":"tag-header"},"searchOpenDialogs":true}},"wdio_ui5_key":"etmportal.ui.managerequests.view.Editsap.ui.core.Icon{\"src\":{\"regex\":{\"source\":\"decline\"}}}{\"controlType\":\"sap.m.StandardListItem\",\"viewName\":\"etm.portal.ui.managerequests.view.Edit\",\"properties\":{\"title\":\"tag-header\"},\"searchOpenDialogs\":true}"}]}
RESULT: undefined
COMMAND: POST /session/de809374161c7b69160a618664f1a5fa/element - {"using":"xpath","value":"//*[@id=\"__item1818-imgDel-img\"]"}
RESULT: {"using":"xpath","value":"//*[@id=\"__item1818-imgDel-img\"]"}
COMMAND: POST /session/de809374161c7b69160a618664f1a5fa/element/f.BF26AF8B2ED0E270307A0F05FC587F4F.d.DDAE61E392AB3DA5E80FB5F31050A430.e.3503/click - {}
RESULT: {}
COMMAND: GET /session/de809374161c7b69160a618664f1a5fa/screenshot - {}
RESULT: {}
COMMAND: POST /session/de809374161c7b69160a618664f1a5fa/actions - {"actions":[{"id":"action30","type":"key","parameters":{},"actions":[{"type":"keyDown","value":""},{"type":"pause","duration":10},{"type":"keyUp","value":""}]}]}
RESULT: {"actions":[{"id":"action30","type":"key","parameters":{},"actions":[{"type":"keyDown","value":""},{"type":"pause","duration":10},{"type":"keyUp","value":""}]}]}
COMMAND: POST /session/de809374161c7b69160a618664f1a5fa/actions - {"actions":[{"id":"action31","type":"key","parameters":{},"actions":[{"type":"keyDown","value":""},{"type":"pause","duration":10},{"type":"keyUp","value":""}]}]}
COMMAND: GET /session/de809374161c7b69160a618664f1a5fa/screenshot - {}
RESULT: {"actions":[{"id":"action31","type":"key","parameters":{},"actions":[{"type":"keyDown","value":""},{"type":"pause","duration":10},{"type":"keyUp","value":""}]}]}
COMMAND: GET /session/de809374161c7b69160a618664f1a5fa/screenshot - {}
RESULT: {}
RESULT: {}
COMMAND: POST /session/de809374161c7b69160a618664f1a5fa/execute/async - {"script":"<script> [1562 bytes]","args":[{"selector":{"controlType":"sap.m.Button","viewName":"etm.portal.ui.managerequests.view.Edit","i18NText":{"propertyName":"tooltip","key":"save"},"interaction":{"idSuffix":"BDI-content"}},"wdio_ui5_key":"etmportal.ui.managerequests.view.Editsap.m.Button{\"propertyName\":\"tooltip\",\"key\":\"save\"}"}]}
RESULT: {"script":"<script> [1562 bytes]","args":[{"selector":{"controlType":"sap.m.Button","viewName":"etm.portal.ui.managerequests.view.Edit","i18NText":{"propertyName":"tooltip","key":"save"},"interaction":{"idSuffix":"BDI-content"}},"wdio_ui5_key":"etmportal.ui.managerequests.view.Editsap.m.Button{\"propertyName\":\"tooltip\",\"key\":\"save\"}"}]}
RESULT: undefined
COMMAND: POST /session/de809374161c7b69160a618664f1a5fa/element - {"using":"xpath","value":"//*[@id=\"__xmlview61--saveButtonId\"]"}
RESULT: {"using":"xpath","value":"//*[@id=\"__xmlview61--saveButtonId\"]"}
COMMAND: POST /session/de809374161c7b69160a618664f1a5fa/element/f.BF26AF8B2ED0E270307A0F05FC587F4F.d.DDAE61E392AB3DA5E80FB5F31050A430.e.3415/click - {}
RESULT: {}
COMMAND: GET /session/de809374161c7b69160a618664f1a5fa/screenshot - {}
RESULT: {}
COMMAND: POST /session/de809374161c7b69160a618664f1a5fa/execute/async - {"script":"<script> [1562 bytes]","args":[{"selector":{"id":"tagsLayoutViewMode","viewName":"etm.portal.ui.managerequests.view.Detail"},"wdio_ui5_key":"tagsLayoutViewModeetmportal.ui.managerequests.view.Detail"}]}
RESULT: {"script":"<script> [1562 bytes]","args":[{"selector":{"id":"tagsLayoutViewMode","viewName":"etm.portal.ui.managerequests.view.Detail"},"wdio_ui5_key":"tagsLayoutViewModeetmportal.ui.managerequests.view.Detail"}]}
RESULT: undefined
COMMAND: POST /session/de809374161c7b69160a618664f1a5fa/execute/async - {"script":"<script> [6424 bytes]","args":[{"element-6066-11e4-a52e-4f735466cecf":"f.BF26AF8B2ED0E270307A0F05FC587F4F.d.DDAE61E392AB3DA5E80FB5F31050A430.e.3631"},"getTokens",[]]}
RESULT: {"script":"<script> [6424 bytes]","args":[{"element-6066-11e4-a52e-4f735466cecf":"f.BF26AF8B2ED0E270307A0F05FC587F4F.d.DDAE61E392AB3DA5E80FB5F31050A430.e.3631"},"getTokens",[]]}
COMMAND: POST /session/de809374161c7b69160a618664f1a5fa/execute/async - {"script":"<script> [1562 bytes]","args":[{"wdio_ui5_key":"__token11-__xmlview60--tagsLayoutViewMode-1","selector":{"id":"__token11-__xmlview60--tagsLayoutViewMode-1"}}]}
COMMAND: POST /session/de809374161c7b69160a618664f1a5fa/execute/async - {"script":"<script> [1562 bytes]","args":[{"wdio_ui5_key":"__token11-__xmlview60--tagsLayoutViewMode-0","selector":{"id":"__token11-__xmlview60--tagsLayoutViewMode-0"}}]}
RESULT: {"script":"<script> [1562 bytes]","args":[{"wdio_ui5_key":"__token11-__xmlview60--tagsLayoutViewMode-1","selector":{"id":"__token11-__xmlview60--tagsLayoutViewMode-1"}}]}
RESULT: undefined
RESULT: {"script":"<script> [1562 bytes]","args":[{"wdio_ui5_key":"__token11-__xmlview60--tagsLayoutViewMode-0","selector":{"id":"__token11-__xmlview60--tagsLayoutViewMode-0"}}]}
RESULT: undefined
COMMAND: POST /session/de809374161c7b69160a618664f1a5fa/execute/async - {"script":"<script> [1562 bytes]","args":[{"selector":{"controlType":"sap.m.OverflowToolbarButton","viewName":"etm.portal.ui.managerequests.view.Detail","properties":{"text":"Settings"},"interaction":{"idSuffix":"inner"}},"wdio_ui5_key":"etmportal.ui.managerequests.view.Detailsap.m.OverflowToolbarButton{\"text\":\"Settings\"}"}]}
RESULT: {"script":"<script> [1562 bytes]","args":[{"selector":{"controlType":"sap.m.OverflowToolbarButton","viewName":"etm.portal.ui.managerequests.view.Detail","properties":{"text":"Settings"},"interaction":{"idSuffix":"inner"}},"wdio_ui5_key":"etmportal.ui.managerequests.view.Detailsap.m.OverflowToolbarButton{\"text\":\"Settings\"}"}]}
RESULT: undefined
COMMAND: POST /session/de809374161c7b69160a618664f1a5fa/element - {"using":"xpath","value":"//*[@id=\"__xmlview60--smartTableRequestItems-btnPersonalisation\"]"}
RESULT: {"using":"xpath","value":"//*[@id=\"__xmlview60--smartTableRequestItems-btnPersonalisation\"]"}
COMMAND: POST /session/de809374161c7b69160a618664f1a5fa/element/f.BF26AF8B2ED0E270307A0F05FC587F4F.d.DDAE61E392AB3DA5E80FB5F31050A430.e.3635/click - {}
RESULT: {}
COMMAND: POST /session/de809374161c7b69160a618664f1a5fa/execute/async - {"script":"<script> [1562 bytes]","args":[{"selector":{"controlType":"sap.m.SearchField","viewName":"etm.portal.ui.managerequests.view.Detail","searchOpenDialogs":true,"interaction":{"idSuffix":"I"}},"wdio_ui5_key":"etmportal.ui.managerequests.view.Detailsap.m.SearchField"}]}
COMMAND: GET /session/de809374161c7b69160a618664f1a5fa/screenshot - {}
RESULT: {"script":"<script> [1562 bytes]","args":[{"selector":{"controlType":"sap.m.SearchField","viewName":"etm.portal.ui.managerequests.view.Detail","searchOpenDialogs":true,"interaction":{"idSuffix":"I"}},"wdio_ui5_key":"etmportal.ui.managerequests.view.Detailsap.m.SearchField"}]}
RESULT: undefined
COMMAND: POST /session/de809374161c7b69160a618664f1a5fa/execute/async - {"script":"<script> [776 bytes]","args":[{"enterText":"tag","selector":{"controlType":"sap.m.SearchField","viewName":"etm.portal.ui.managerequests.view.Detail","searchOpenDialogs":true,"interaction":{"idSuffix":"I"}},"clearTextFirst":true,"interactionType":"ENTER_TEXT"}]}
RESULT: {}
RESULT: {"script":"<script> [776 bytes]","args":[{"enterText":"tag","selector":{"controlType":"sap.m.SearchField","viewName":"etm.portal.ui.managerequests.view.Detail","searchOpenDialogs":true,"interaction":{"idSuffix":"I"}},"clearTextFirst":true,"interactionType":"ENTER_TEXT"}]}
COMMAND: POST /session/de809374161c7b69160a618664f1a5fa/element - {"using":"xpath","value":"//div[contains(@id ,\"innerSelectionPanelTable-0-selectMulti-CbBg\")]"}
RESULT: {"using":"xpath","value":"//div[contains(@id ,\"innerSelectionPanelTable-0-selectMulti-CbBg\")]"}
COMMAND: POST /session/de809374161c7b69160a618664f1a5fa/element/f.BF26AF8B2ED0E270307A0F05FC587F4F.d.DDAE61E392AB3DA5E80FB5F31050A430.e.3672/click - {}
RESULT: {}
COMMAND: POST /session/de809374161c7b69160a618664f1a5fa/execute/async - {"script":"<script> [1562 bytes]","args":[{"selector":{"controlType":"sap.m.Button","viewName":"etm.portal.ui.managerequests.view.Detail","properties":{"text":"OK"},"searchOpenDialogs":true,"interaction":{"idSuffix":"BDI-content"}},"wdio_ui5_key":"etmportal.ui.managerequests.view.Detailsap.m.Button{\"text\":\"OK\"}"}]}
COMMAND: GET /session/de809374161c7b69160a618664f1a5fa/screenshot - {}
RESULT: {"script":"<script> [1562 bytes]","args":[{"selector":{"controlType":"sap.m.Button","viewName":"etm.portal.ui.managerequests.view.Detail","properties":{"text":"OK"},"searchOpenDialogs":true,"interaction":{"idSuffix":"BDI-content"}},"wdio_ui5_key":"etmportal.ui.managerequests.view.Detailsap.m.Button{\"text\":\"OK\"}"}]}
RESULT: undefined
COMMAND: POST /session/de809374161c7b69160a618664f1a5fa/element - {"using":"xpath","value":"//*[@id=\"__popup378-confirmBtn\"]"}
RESULT: {}
RESULT: {"using":"xpath","value":"//*[@id=\"__popup378-confirmBtn\"]"}
COMMAND: POST /session/de809374161c7b69160a618664f1a5fa/element/f.BF26AF8B2ED0E270307A0F05FC587F4F.d.DDAE61E392AB3DA5E80FB5F31050A430.e.3677/click - {}
RESULT: {}
COMMAND: GET /session/de809374161c7b69160a618664f1a5fa/screenshot - {}
RESULT: {}
COMMAND: POST /session/de809374161c7b69160a618664f1a5fa/execute/async - {"script":"<script> [1562 bytes]","args":[{"selector":{"controlType":"sap.m.Text","viewName":"etm.portal.ui.managerequests.view.Detail","bindingPath":{"propertyPath":"NO","modelName":"catalogModel"}},"wdio_ui5_key":"etmportal.ui.managerequests.view.Detailsap.m.Text{\"propertyPath\":\"NO\",\"modelName\":\"catalogModel\"}"}]}
RESULT: {"script":"<script> [1562 bytes]","args":[{"selector":{"controlType":"sap.m.Text","viewName":"etm.portal.ui.managerequests.view.Detail","bindingPath":{"propertyPath":"NO","modelName":"catalogModel"}},"wdio_ui5_key":"etmportal.ui.managerequests.view.Detailsap.m.Text{\"propertyPath\":\"NO\",\"modelName\":\"catalogModel\"}"}]}
RESULT: undefined
COMMAND: POST /session/de809374161c7b69160a618664f1a5fa/execute/async - {"script":"<script> [6424 bytes]","args":[{"element-6066-11e4-a52e-4f735466cecf":"f.BF26AF8B2ED0E270307A0F05FC587F4F.d.DDAE61E392AB3DA5E80FB5F31050A430.e.3690"},"getText",[]]}
RESULT: {"script":"<script> [6424 bytes]","args":[{"element-6066-11e4-a52e-4f735466cecf":"f.BF26AF8B2ED0E270307A0F05FC587F4F.d.DDAE61E392AB3DA5E80FB5F31050A430.e.3690"},"getText",[]]}
COMMAND: POST /session/de809374161c7b69160a618664f1a5fa/execute/async - {"script":"<script> [1562 bytes]","args":[{"selector":{"controlType":"sap.m.Tokenizer","viewName":"etm.portal.ui.managerequests.view.Detail","bindingPath":{"path":"/SmartRequestItemsPlanningBoard(ITEM=10m,REQUEST='20160')","propertyPath":"LINK_TO_TAGS"}},"wdio_ui5_key":"etmportal.ui.managerequests.view.Detailsap.m.Tokenizer{\"path\":\"/SmartRequestItemsPlanningBoard(ITEM=10m,REQUEST='20160')\",\"propertyPath\":\"LINK_TO_TAGS\"}"}]}
RESULT: {"script":"<script> [1562 bytes]","args":[{"selector":{"controlType":"sap.m.Tokenizer","viewName":"etm.portal.ui.managerequests.view.Detail","bindingPath":{"path":"/SmartRequestItemsPlanningBoard(ITEM=10m,REQUEST='20160')","propertyPath":"LINK_TO_TAGS"}},"wdio_ui5_key":"etmportal.ui.managerequests.view.Detailsap.m.Tokenizer{\"path\":\"/SmartRequestItemsPlanningBoard(ITEM=10m,REQUEST='20160')\",\"propertyPath\":\"LINK_TO_TAGS\"}"}]}
RESULT: undefined
COMMAND: POST /session/de809374161c7b69160a618664f1a5fa/execute/async - {"script":"<script> [6424 bytes]","args":[{"element-6066-11e4-a52e-4f735466cecf":"f.BF26AF8B2ED0E270307A0F05FC587F4F.d.DDAE61E392AB3DA5E80FB5F31050A430.e.3691"},"getTokens",[]]}
RESULT: {"script":"<script> [6424 bytes]","args":[{"element-6066-11e4-a52e-4f735466cecf":"f.BF26AF8B2ED0E270307A0F05FC587F4F.d.DDAE61E392AB3DA5E80FB5F31050A430.e.3691"},"getTokens",[]]}
COMMAND: POST /session/de809374161c7b69160a618664f1a5fa/execute/async - {"script":"<script> [1562 bytes]","args":[{"wdio_ui5_key":"__token12-__tokenizer63-__clone4756-1","selector":{"id":"__token12-__tokenizer63-__clone4756-1"}}]}
COMMAND: POST /session/de809374161c7b69160a618664f1a5fa/execute/async - {"script":"<script> [1562 bytes]","args":[{"wdio_ui5_key":"__token12-__tokenizer63-__clone4756-2","selector":{"id":"__token12-__tokenizer63-__clone4756-2"}}]}
COMMAND: POST /session/de809374161c7b69160a618664f1a5fa/execute/async - {"script":"<script> [1562 bytes]","args":[{"wdio_ui5_key":"__token12-__tokenizer63-__clone4756-0","selector":{"id":"__token12-__tokenizer63-__clone4756-0"}}]}
RESULT: {"script":"<script> [1562 bytes]","args":[{"wdio_ui5_key":"__token12-__tokenizer63-__clone4756-1","selector":{"id":"__token12-__tokenizer63-__clone4756-1"}}]}
RESULT: undefined
RESULT: {"script":"<script> [1562 bytes]","args":[{"wdio_ui5_key":"__token12-__tokenizer63-__clone4756-2","selector":{"id":"__token12-__tokenizer63-__clone4756-2"}}]}
RESULT: undefined
RESULT: {"script":"<script> [1562 bytes]","args":[{"wdio_ui5_key":"__token12-__tokenizer63-__clone4756-0","selector":{"id":"__token12-__tokenizer63-__clone4756-0"}}]}
RESULT: undefined
COMMAND: POST /session/de809374161c7b69160a618664f1a5fa/element - {"using":"xpath","value":"(//span[contains(text(), \"tag-header\")])[2]"}
RESULT: {"using":"xpath","value":"(//span[contains(text(), \"tag-header\")])[2]"}
COMMAND: POST /session/de809374161c7b69160a618664f1a5fa/elements - {"using":"xpath","value":"(//span[contains(text(), \"tag-header\")])[2]"}
RESULT: {"using":"xpath","value":"(//span[contains(text(), \"tag-header\")])[2]"}
COMMAND: POST /session/de809374161c7b69160a618664f1a5fa/execute/async - {"script":"<script> [1562 bytes]","args":[{"selector":{"controlType":"sap.m.Tokenizer","viewName":"etm.portal.ui.managerequests.view.Detail","bindingPath":{"path":"/SmartRequestItemsPlanningBoard(ITEM=20m,REQUEST='20160')","propertyPath":"LINK_TO_TAGS"}},"wdio_ui5_key":"etmportal.ui.managerequests.view.Detailsap.m.Tokenizer{\"path\":\"/SmartRequestItemsPlanningBoard(ITEM=20m,REQUEST='20160')\",\"propertyPath\":\"LINK_TO_TAGS\"}"}]}
RESULT: {"script":"<script> [1562 bytes]","args":[{"selector":{"controlType":"sap.m.Tokenizer","viewName":"etm.portal.ui.managerequests.view.Detail","bindingPath":{"path":"/SmartRequestItemsPlanningBoard(ITEM=20m,REQUEST='20160')","propertyPath":"LINK_TO_TAGS"}},"wdio_ui5_key":"etmportal.ui.managerequests.view.Detailsap.m.Tokenizer{\"path\":\"/SmartRequestItemsPlanningBoard(ITEM=20m,REQUEST='20160')\",\"propertyPath\":\"LINK_TO_TAGS\"}"}]}
RESULT: undefined
COMMAND: POST /session/de809374161c7b69160a618664f1a5fa/execute/async - {"script":"<script> [6424 bytes]","args":[{"element-6066-11e4-a52e-4f735466cecf":"f.BF26AF8B2ED0E270307A0F05FC587F4F.d.DDAE61E392AB3DA5E80FB5F31050A430.e.3696"},"getTokens",[]]}
RESULT: {"script":"<script> [6424 bytes]","args":[{"element-6066-11e4-a52e-4f735466cecf":"f.BF26AF8B2ED0E270307A0F05FC587F4F.d.DDAE61E392AB3DA5E80FB5F31050A430.e.3696"},"getTokens",[]]}
COMMAND: POST /session/de809374161c7b69160a618664f1a5fa/element - {"using":"css selector","value":"#shell-header-logo"}
RESULT: {"using":"css selector","value":"#shell-header-logo"}
COMMAND: POST /session/de809374161c7b69160a618664f1a5fa/element/f.BF26AF8B2ED0E270307A0F05FC587F4F.d.DDAE61E392AB3DA5E80FB5F31050A430.e.2733/click - {}
RESULT: {}
COMMAND: GET /session/de809374161c7b69160a618664f1a5fa/screenshot - {}
RESULT: {}
]]></system-out>
    </testcase>
  </testsuite>
  <testsuite timestamp="2025-05-29T15:51:31" time="671.203" tests="4" failures="0" errors="0" skipped="0">
    <properties>
      <property name="specId" value="0"/>
      <property name="suiteName" value="Manage request + Contract processing pick up option US120163 "/>
      <property name="capabilities" value="chrome.136_0_7103_93.windows"/>
      <property name="file" value="file:///D:/a/1/s/test/specs/R2C/create-request-Pickup.spec.js"/>
    </properties>
    <testcase classname="chrome.136_0_7103_93.windows.Manage_request_+_Contract_processing_pick_up_option_US120163_" name="Should create a new contract" time="76.671">
      <system-out><![CDATA[
COMMAND: POST /session/de809374161c7b69160a618664f1a5fa/execute/async - {"script":"<script> [1562 bytes]","args":[{"selector":{"controlType":"sap.m.Text","viewName":"etm.portal.ui.managecontractstile.view.Master","properties":{"text":"Manage Contracts"},"interaction":{"idSuffix":"inner"}},"wdio_ui5_key":"etmportal.ui.managecontractstile.view.Mastersap.m.Text{\"text\":\"Manage Contracts\"}"}]}
RESULT: {"script":"<script> [1562 bytes]","args":[{"selector":{"controlType":"sap.m.Text","viewName":"etm.portal.ui.managecontractstile.view.Master","properties":{"text":"Manage Contracts"},"interaction":{"idSuffix":"inner"}},"wdio_ui5_key":"etmportal.ui.managecontractstile.view.Mastersap.m.Text{\"text\":\"Manage Contracts\"}"}]}
RESULT: undefined
COMMAND: POST /session/de809374161c7b69160a618664f1a5fa/element - {"using":"xpath","value":"//*[@id=\"__tile131-title\"]"}
RESULT: {"using":"xpath","value":"//*[@id=\"__tile131-title\"]"}
COMMAND: POST /session/de809374161c7b69160a618664f1a5fa/element/f.BF26AF8B2ED0E270307A0F05FC587F4F.d.DDAE61E392AB3DA5E80FB5F31050A430.e.3700/click - {}
RESULT: {}
COMMAND: GET /session/de809374161c7b69160a618664f1a5fa/screenshot - {}
RESULT: {}
COMMAND: POST /session/de809374161c7b69160a618664f1a5fa/execute/async - {"script":"<script> [1562 bytes]","args":[{"selector":{"controlType":"sap.ui.core.Icon","viewName":"etm.portal.ui.managecontracts.view.Master","properties":{"src":{"regex":{"source":"add"}}}},"wdio_ui5_key":"etmportal.ui.managecontracts.view.Mastersap.ui.core.Icon{\"src\":{\"regex\":{\"source\":\"add\"}}}"}]}
RESULT: {"script":"<script> [1562 bytes]","args":[{"selector":{"controlType":"sap.ui.core.Icon","viewName":"etm.portal.ui.managecontracts.view.Master","properties":{"src":{"regex":{"source":"add"}}}},"wdio_ui5_key":"etmportal.ui.managecontracts.view.Mastersap.ui.core.Icon{\"src\":{\"regex\":{\"source\":\"add\"}}}"}]}
RESULT: undefined
COMMAND: POST /session/de809374161c7b69160a618664f1a5fa/element - {"using":"xpath","value":"//*[@id=\"__button187-img\"]"}
RESULT: {"using":"xpath","value":"//*[@id=\"__button187-img\"]"}
COMMAND: POST /session/de809374161c7b69160a618664f1a5fa/element/f.BF26AF8B2ED0E270307A0F05FC587F4F.d.DDAE61E392AB3DA5E80FB5F31050A430.e.3743/click - {}
RESULT: {}
COMMAND: POST /session/de809374161c7b69160a618664f1a5fa/execute/async - {"script":"<script> [1562 bytes]","args":[{"selector":{"id":"application-managecontracts-display-component---AddNewContract--projectDescription","interaction":{"idSuffix":"inner"}},"wdio_ui5_key":"applicationmanagecontracts-display-component---AddNewContract--projectDescription"}]}
COMMAND: GET /session/de809374161c7b69160a618664f1a5fa/screenshot - {}
RESULT: {"script":"<script> [1562 bytes]","args":[{"selector":{"id":"application-managecontracts-display-component---AddNewContract--projectDescription","interaction":{"idSuffix":"inner"}},"wdio_ui5_key":"applicationmanagecontracts-display-component---AddNewContract--projectDescription"}]}
RESULT: undefined
COMMAND: POST /session/de809374161c7b69160a618664f1a5fa/execute/async - {"script":"<script> [776 bytes]","args":[{"enterText":"PickupContract40l9q","selector":{"id":"application-managecontracts-display-component---AddNewContract--projectDescription","interaction":{"idSuffix":"inner"}},"clearTextFirst":true,"interactionType":"ENTER_TEXT"}]}
RESULT: {}
RESULT: {"script":"<script> [776 bytes]","args":[{"enterText":"PickupContract40l9q","selector":{"id":"application-managecontracts-display-component---AddNewContract--projectDescription","interaction":{"idSuffix":"inner"}},"clearTextFirst":true,"interactionType":"ENTER_TEXT"}]}
COMMAND: POST /session/de809374161c7b69160a618664f1a5fa/element - {"using":"xpath","value":"//input[contains(@id ,\"application-managecontracts-display-component---AddNewContract--yardId-inner\")]"}
RESULT: {"using":"xpath","value":"//input[contains(@id ,\"application-managecontracts-display-component---AddNewContract--yardId-inner\")]"}
COMMAND: POST /session/de809374161c7b69160a618664f1a5fa/element/f.BF26AF8B2ED0E270307A0F05FC587F4F.d.DDAE61E392AB3DA5E80FB5F31050A430.e.4015/value - {"text":"WebdriverYarduxu1d"}
RESULT: {"text":"WebdriverYarduxu1d"}
COMMAND: GET /session/de809374161c7b69160a618664f1a5fa/screenshot - {}
RESULT: {}
COMMAND: POST /session/de809374161c7b69160a618664f1a5fa/actions - {"actions":[{"id":"action32","type":"key","parameters":{},"actions":[{"type":"keyDown","value":""},{"type":"pause","duration":10},{"type":"keyUp","value":""}]}]}
RESULT: {"actions":[{"id":"action32","type":"key","parameters":{},"actions":[{"type":"keyDown","value":""},{"type":"pause","duration":10},{"type":"keyUp","value":""}]}]}
COMMAND: GET /session/de809374161c7b69160a618664f1a5fa/screenshot - {}
RESULT: {}
COMMAND: POST /session/de809374161c7b69160a618664f1a5fa/element - {"using":"xpath","value":"//input[contains(@id ,\"application-managecontracts-display-component---AddNewContract--customerSelect-inner\")]"}
RESULT: {"using":"xpath","value":"//input[contains(@id ,\"application-managecontracts-display-component---AddNewContract--customerSelect-inner\")]"}
COMMAND: POST /session/de809374161c7b69160a618664f1a5fa/element/f.BF26AF8B2ED0E270307A0F05FC587F4F.d.DDAE61E392AB3DA5E80FB5F31050A430.e.4013/value - {"text":"WebdriverPartnermab88"}
RESULT: {"text":"WebdriverPartnermab88"}
COMMAND: GET /session/de809374161c7b69160a618664f1a5fa/screenshot - {}
RESULT: {}
COMMAND: POST /session/de809374161c7b69160a618664f1a5fa/actions - {"actions":[{"id":"action33","type":"key","parameters":{},"actions":[{"type":"keyDown","value":""},{"type":"pause","duration":10},{"type":"keyUp","value":""}]}]}
RESULT: {"actions":[{"id":"action33","type":"key","parameters":{},"actions":[{"type":"keyDown","value":""},{"type":"pause","duration":10},{"type":"keyUp","value":""}]}]}
COMMAND: GET /session/de809374161c7b69160a618664f1a5fa/screenshot - {}
RESULT: {}
COMMAND: POST /session/de809374161c7b69160a618664f1a5fa/element - {"using":"xpath","value":"//input[contains(@id ,\"application-managecontracts-display-component---AddNewContract--site-inner\")]"}
RESULT: {"using":"xpath","value":"//input[contains(@id ,\"application-managecontracts-display-component---AddNewContract--site-inner\")]"}
COMMAND: POST /session/de809374161c7b69160a618664f1a5fa/element/f.BF26AF8B2ED0E270307A0F05FC587F4F.d.DDAE61E392AB3DA5E80FB5F31050A430.e.4014/value - {"text":"WebdriverSitee9o56"}
RESULT: {"text":"WebdriverSitee9o56"}
COMMAND: GET /session/de809374161c7b69160a618664f1a5fa/screenshot - {}
RESULT: {}
COMMAND: POST /session/de809374161c7b69160a618664f1a5fa/actions - {"actions":[{"id":"action34","type":"key","parameters":{},"actions":[{"type":"keyDown","value":""},{"type":"pause","duration":10},{"type":"keyUp","value":""}]}]}
RESULT: {"actions":[{"id":"action34","type":"key","parameters":{},"actions":[{"type":"keyDown","value":""},{"type":"pause","duration":10},{"type":"keyUp","value":""}]}]}
COMMAND: GET /session/de809374161c7b69160a618664f1a5fa/screenshot - {}
COMMAND: POST /session/de809374161c7b69160a618664f1a5fa/execute/async - {"script":"<script> [1562 bytes]","args":[{"selector":{"id":"application-managecontracts-display-component---AddNewContract--saveBtn","interaction":{"idSuffix":"BDI-content"}},"wdio_ui5_key":"applicationmanagecontracts-display-component---AddNewContract--saveBtn"}]}
RESULT: {}
RESULT: {"script":"<script> [1562 bytes]","args":[{"selector":{"id":"application-managecontracts-display-component---AddNewContract--saveBtn","interaction":{"idSuffix":"BDI-content"}},"wdio_ui5_key":"applicationmanagecontracts-display-component---AddNewContract--saveBtn"}]}
RESULT: undefined
COMMAND: POST /session/de809374161c7b69160a618664f1a5fa/element - {"using":"xpath","value":"//*[@id=\"application-managecontracts-display-component---AddNewContract--saveBtn\"]"}
RESULT: {"using":"xpath","value":"//*[@id=\"application-managecontracts-display-component---AddNewContract--saveBtn\"]"}
COMMAND: POST /session/de809374161c7b69160a618664f1a5fa/element/f.BF26AF8B2ED0E270307A0F05FC587F4F.d.DDAE61E392AB3DA5E80FB5F31050A430.e.4089/click - {}
RESULT: {}
COMMAND: GET /session/de809374161c7b69160a618664f1a5fa/screenshot - {}
RESULT: {}
COMMAND: POST /session/de809374161c7b69160a618664f1a5fa/element - {"using":"xpath","value":"//span[contains(@id ,\"contractDetailTitleNoExpanded\")]"}
RESULT: {"using":"xpath","value":"//span[contains(@id ,\"contractDetailTitleNoExpanded\")]"}
COMMAND: GET /session/de809374161c7b69160a618664f1a5fa/element/f.BF26AF8B2ED0E270307A0F05FC587F4F.d.DDAE61E392AB3DA5E80FB5F31050A430.e.4171/text - {}
RESULT: {}
COMMAND: POST /session/de809374161c7b69160a618664f1a5fa/element - {"using":"css selector","value":"#shell-header-logo"}
RESULT: {"using":"css selector","value":"#shell-header-logo"}
COMMAND: POST /session/de809374161c7b69160a618664f1a5fa/element/f.BF26AF8B2ED0E270307A0F05FC587F4F.d.DDAE61E392AB3DA5E80FB5F31050A430.e.3703/click - {}
RESULT: {}
COMMAND: GET /session/de809374161c7b69160a618664f1a5fa/screenshot - {}
RESULT: {}
]]></system-out>
    </testcase>
    <testcase classname="chrome.136_0_7103_93.windows.Manage_request_+_Contract_processing_pick_up_option_US120163_" name="Should create a new material" time="149.337">
      <system-out><![CDATA[
COMMAND: POST /session/de809374161c7b69160a618664f1a5fa/execute/async - {"script":"<script> [1562 bytes]","args":[{"selector":{"controlType":"sap.m.GenericTile","properties":{"header":"Manage Resources"}},"wdio_ui5_key":"sapm.GenericTile{\"header\":\"Manage Resources\"}"}]}
RESULT: {"script":"<script> [1562 bytes]","args":[{"selector":{"controlType":"sap.m.GenericTile","properties":{"header":"Manage Resources"}},"wdio_ui5_key":"sapm.GenericTile{\"header\":\"Manage Resources\"}"}]}
RESULT: undefined
COMMAND: POST /session/de809374161c7b69160a618664f1a5fa/element - {"using":"xpath","value":"//*[@id=\"__tile39\"]"}
RESULT: {"using":"xpath","value":"//*[@id=\"__tile39\"]"}
COMMAND: POST /session/de809374161c7b69160a618664f1a5fa/element/f.BF26AF8B2ED0E270307A0F05FC587F4F.d.DDAE61E392AB3DA5E80FB5F31050A430.e.4173/click - {}
RESULT: {}
COMMAND: GET /session/de809374161c7b69160a618664f1a5fa/screenshot - {}
RESULT: {}
COMMAND: POST /session/de809374161c7b69160a618664f1a5fa/elements - {"using":"xpath","value":"//span[text()='Error']"}
RESULT: {"using":"xpath","value":"//span[text()='Error']"}
COMMAND: POST /session/de809374161c7b69160a618664f1a5fa/element - {"using":"xpath","value":"//button[@data-kt=\"addNewRUOverflowToolbarButton\"]"}
RESULT: {"using":"xpath","value":"//button[@data-kt=\"addNewRUOverflowToolbarButton\"]"}
COMMAND: POST /session/de809374161c7b69160a618664f1a5fa/execute/sync - {"script":"<script> [8489 bytes]","args":[{"element-6066-11e4-a52e-4f735466cecf":"f.BF26AF8B2ED0E270307A0F05FC587F4F.d.DDAE61E392AB3DA5E80FB5F31050A430.e.4215","ELEMENT":"f.BF26AF8B2ED0E270307A0F05FC587F4F.d.DDAE61E392AB3DA5E80FB5F31050A430.e.4215"}]}
RESULT: {"script":"<script> [8489 bytes]","args":[{"element-6066-11e4-a52e-4f735466cecf":"f.BF26AF8B2ED0E270307A0F05FC587F4F.d.DDAE61E392AB3DA5E80FB5F31050A430.e.4215","ELEMENT":"f.BF26AF8B2ED0E270307A0F05FC587F4F.d.DDAE61E392AB3DA5E80FB5F31050A430.e.4215"}]}
COMMAND: POST /session/de809374161c7b69160a618664f1a5fa/element/f.BF26AF8B2ED0E270307A0F05FC587F4F.d.DDAE61E392AB3DA5E80FB5F31050A430.e.4215/click - {}
COMMAND: GET /session/de809374161c7b69160a618664f1a5fa/screenshot - {}
RESULT: {}
RESULT: {}
COMMAND: POST /session/de809374161c7b69160a618664f1a5fa/execute/async - {"script":"<script> [1562 bytes]","args":[{"selector":{"id":"application-manageresources-display-component---newResourceUnit--TYPE-arrow"},"wdio_ui5_key":"applicationmanageresources-display-component---newResourceUnit--TYPE-arrow"}]}
COMMAND: GET /session/de809374161c7b69160a618664f1a5fa/screenshot - {}
RESULT: {"script":"<script> [1562 bytes]","args":[{"selector":{"id":"application-manageresources-display-component---newResourceUnit--TYPE-arrow"},"wdio_ui5_key":"applicationmanageresources-display-component---newResourceUnit--TYPE-arrow"}]}
RESULT: undefined
COMMAND: POST /session/de809374161c7b69160a618664f1a5fa/element - {"using":"xpath","value":"//*[@id=\"application-manageresources-display-component---newResourceUnit--TYPE-arrow\"]"}
RESULT: {}
RESULT: {"using":"xpath","value":"//*[@id=\"application-manageresources-display-component---newResourceUnit--TYPE-arrow\"]"}
COMMAND: POST /session/de809374161c7b69160a618664f1a5fa/element/f.BF26AF8B2ED0E270307A0F05FC587F4F.d.DDAE61E392AB3DA5E80FB5F31050A430.e.4536/click - {}
RESULT: {}
COMMAND: POST /session/de809374161c7b69160a618664f1a5fa/execute/async - {"script":"<script> [1562 bytes]","args":[{"selector":{"controlType":"sap.m.StandardListItem","viewName":"reusables.view.manageresources.NewResourceUnit","viewId":"application-manageresources-display-component---newResourceUnit","properties":{"title":"Material"},"searchOpenDialogs":true,"interaction":{"idSuffix":"titleText"}},"wdio_ui5_key":"reusablesview.manageresources.NewResourceUnitsap.m.StandardListItem{\"title\":\"Material\"}"}]}
COMMAND: GET /session/de809374161c7b69160a618664f1a5fa/screenshot - {}
RESULT: {"script":"<script> [1562 bytes]","args":[{"selector":{"controlType":"sap.m.StandardListItem","viewName":"reusables.view.manageresources.NewResourceUnit","viewId":"application-manageresources-display-component---newResourceUnit","properties":{"title":"Material"},"searchOpenDialogs":true,"interaction":{"idSuffix":"titleText"}},"wdio_ui5_key":"reusablesview.manageresources.NewResourceUnitsap.m.StandardListItem{\"title\":\"Material\"}"}]}
RESULT: undefined
COMMAND: POST /session/de809374161c7b69160a618664f1a5fa/element - {"using":"xpath","value":"//*[@id=\"__item3325\"]"}
RESULT: {}
RESULT: {"using":"xpath","value":"//*[@id=\"__item3325\"]"}
COMMAND: POST /session/de809374161c7b69160a618664f1a5fa/element/f.BF26AF8B2ED0E270307A0F05FC587F4F.d.DDAE61E392AB3DA5E80FB5F31050A430.e.4539/click - {}
RESULT: {}
COMMAND: POST /session/de809374161c7b69160a618664f1a5fa/execute/async - {"script":"<script> [1562 bytes]","args":[{"selector":{"id":"application-manageresources-display-component---newResourceUnit--SHORT_TEXT","interaction":{"idSuffix":"inner"}},"wdio_ui5_key":"applicationmanageresources-display-component---newResourceUnit--SHORT_TEXT"}]}
COMMAND: GET /session/de809374161c7b69160a618664f1a5fa/screenshot - {}
RESULT: {"script":"<script> [1562 bytes]","args":[{"selector":{"id":"application-manageresources-display-component---newResourceUnit--SHORT_TEXT","interaction":{"idSuffix":"inner"}},"wdio_ui5_key":"applicationmanageresources-display-component---newResourceUnit--SHORT_TEXT"}]}
RESULT: undefined
COMMAND: POST /session/de809374161c7b69160a618664f1a5fa/execute/async - {"script":"<script> [776 bytes]","args":[{"enterText":"WebdriverMatTest0afie","selector":{"id":"application-manageresources-display-component---newResourceUnit--SHORT_TEXT","interaction":{"idSuffix":"inner"}},"clearTextFirst":true,"interactionType":"ENTER_TEXT"}]}
RESULT: {}
RESULT: {"script":"<script> [776 bytes]","args":[{"enterText":"WebdriverMatTest0afie","selector":{"id":"application-manageresources-display-component---newResourceUnit--SHORT_TEXT","interaction":{"idSuffix":"inner"}},"clearTextFirst":true,"interactionType":"ENTER_TEXT"}]}
COMMAND: POST /session/de809374161c7b69160a618664f1a5fa/execute/async - {"script":"<script> [1562 bytes]","args":[{"selector":{"id":"application-manageresources-display-component---newResourceUnit--BASE_UNIT_OF_MEASURE-arrow"},"wdio_ui5_key":"applicationmanageresources-display-component---newResourceUnit--BASE_UNIT_OF_MEASURE-arrow"}]}
RESULT: {"script":"<script> [1562 bytes]","args":[{"selector":{"id":"application-manageresources-display-component---newResourceUnit--BASE_UNIT_OF_MEASURE-arrow"},"wdio_ui5_key":"applicationmanageresources-display-component---newResourceUnit--BASE_UNIT_OF_MEASURE-arrow"}]}
RESULT: undefined
COMMAND: POST /session/de809374161c7b69160a618664f1a5fa/element - {"using":"xpath","value":"//*[@id=\"application-manageresources-display-component---newResourceUnit--BASE_UNIT_OF_MEASURE-arrow\"]"}
RESULT: {"using":"xpath","value":"//*[@id=\"application-manageresources-display-component---newResourceUnit--BASE_UNIT_OF_MEASURE-arrow\"]"}
COMMAND: POST /session/de809374161c7b69160a618664f1a5fa/element/f.BF26AF8B2ED0E270307A0F05FC587F4F.d.DDAE61E392AB3DA5E80FB5F31050A430.e.4659/click - {}
RESULT: {}
COMMAND: POST /session/de809374161c7b69160a618664f1a5fa/execute/async - {"script":"<script> [1562 bytes]","args":[{"selector":{"controlType":"sap.m.StandardListItem","viewName":"reusables.view.manageresources.NewResourceUnit","viewId":"application-manageresources-display-component---newResourceUnit","properties":{"title":"Piece"},"searchOpenDialogs":true,"interaction":{"idSuffix":"titleText"}},"wdio_ui5_key":"reusablesview.manageresources.NewResourceUnitsap.m.StandardListItem{\"title\":\"Piece\"}"}]}
COMMAND: GET /session/de809374161c7b69160a618664f1a5fa/screenshot - {}
RESULT: {"script":"<script> [1562 bytes]","args":[{"selector":{"controlType":"sap.m.StandardListItem","viewName":"reusables.view.manageresources.NewResourceUnit","viewId":"application-manageresources-display-component---newResourceUnit","properties":{"title":"Piece"},"searchOpenDialogs":true,"interaction":{"idSuffix":"titleText"}},"wdio_ui5_key":"reusablesview.manageresources.NewResourceUnitsap.m.StandardListItem{\"title\":\"Piece\"}"}]}
RESULT: undefined
COMMAND: POST /session/de809374161c7b69160a618664f1a5fa/element - {"using":"xpath","value":"//*[@id=\"__item3378\"]"}
RESULT: {}
RESULT: {"using":"xpath","value":"//*[@id=\"__item3378\"]"}
COMMAND: POST /session/de809374161c7b69160a618664f1a5fa/element/f.BF26AF8B2ED0E270307A0F05FC587F4F.d.DDAE61E392AB3DA5E80FB5F31050A430.e.4661/click - {}
RESULT: {}
COMMAND: POST /session/de809374161c7b69160a618664f1a5fa/element - {"using":"xpath","value":"//input[contains(@id ,\"application-manageresources-display-component---newResourceUnit--SHORT_TEXT-inner\")]"}
COMMAND: GET /session/de809374161c7b69160a618664f1a5fa/screenshot - {}
RESULT: {"using":"xpath","value":"//input[contains(@id ,\"application-manageresources-display-component---newResourceUnit--SHORT_TEXT-inner\")]"}
COMMAND: GET /session/de809374161c7b69160a618664f1a5fa/element/f.BF26AF8B2ED0E270307A0F05FC587F4F.d.DDAE61E392AB3DA5E80FB5F31050A430.e.4556/property/value - {}
RESULT: {}
RESULT: {}
COMMAND: POST /session/de809374161c7b69160a618664f1a5fa/execute/async - {"script":"<script> [1562 bytes]","args":[{"selector":{"id":"application-manageresources-display-component---newResourceUnit--WEIGHT_UNIT-arrow"},"wdio_ui5_key":"applicationmanageresources-display-component---newResourceUnit--WEIGHT_UNIT-arrow"}]}
COMMAND: GET /session/de809374161c7b69160a618664f1a5fa/screenshot - {}
RESULT: {"script":"<script> [1562 bytes]","args":[{"selector":{"id":"application-manageresources-display-component---newResourceUnit--WEIGHT_UNIT-arrow"},"wdio_ui5_key":"applicationmanageresources-display-component---newResourceUnit--WEIGHT_UNIT-arrow"}]}
RESULT: undefined
COMMAND: POST /session/de809374161c7b69160a618664f1a5fa/element - {"using":"xpath","value":"//*[@id=\"application-manageresources-display-component---newResourceUnit--WEIGHT_UNIT-arrow\"]"}
RESULT: {}
RESULT: {"using":"xpath","value":"//*[@id=\"application-manageresources-display-component---newResourceUnit--WEIGHT_UNIT-arrow\"]"}
COMMAND: POST /session/de809374161c7b69160a618664f1a5fa/element/f.BF26AF8B2ED0E270307A0F05FC587F4F.d.DDAE61E392AB3DA5E80FB5F31050A430.e.4662/click - {}
RESULT: {}
COMMAND: POST /session/de809374161c7b69160a618664f1a5fa/execute/async - {"script":"<script> [1562 bytes]","args":[{"selector":{"controlType":"sap.m.StandardListItem","viewName":"reusables.view.manageresources.NewResourceUnit","viewId":"application-manageresources-display-component---newResourceUnit","properties":{"title":"Gram"},"searchOpenDialogs":true,"interaction":{"idSuffix":"content"}},"wdio_ui5_key":"reusablesview.manageresources.NewResourceUnitsap.m.StandardListItem{\"title\":\"Gram\"}"}]}
COMMAND: GET /session/de809374161c7b69160a618664f1a5fa/screenshot - {}
RESULT: {"script":"<script> [1562 bytes]","args":[{"selector":{"controlType":"sap.m.StandardListItem","viewName":"reusables.view.manageresources.NewResourceUnit","viewId":"application-manageresources-display-component---newResourceUnit","properties":{"title":"Gram"},"searchOpenDialogs":true,"interaction":{"idSuffix":"content"}},"wdio_ui5_key":"reusablesview.manageresources.NewResourceUnitsap.m.StandardListItem{\"title\":\"Gram\"}"}]}
RESULT: undefined
COMMAND: POST /session/de809374161c7b69160a618664f1a5fa/element - {"using":"xpath","value":"//*[@id=\"__item3443\"]"}
RESULT: {}
RESULT: {"using":"xpath","value":"//*[@id=\"__item3443\"]"}
COMMAND: POST /session/de809374161c7b69160a618664f1a5fa/element/f.BF26AF8B2ED0E270307A0F05FC587F4F.d.DDAE61E392AB3DA5E80FB5F31050A430.e.4664/click - {}
RESULT: {}
COMMAND: POST /session/de809374161c7b69160a618664f1a5fa/execute/async - {"script":"<script> [1562 bytes]","args":[{"selector":{"id":"application-manageresources-display-component---newResourceUnit--newRRUPage-OPHeaderContent-collapseBtn-img"},"wdio_ui5_key":"applicationmanageresources-display-component---newResourceUnit--newRRUPage-OPHeaderContent-collapseBtn-img"}]}
COMMAND: GET /session/de809374161c7b69160a618664f1a5fa/screenshot - {}
RESULT: {"script":"<script> [1562 bytes]","args":[{"selector":{"id":"application-manageresources-display-component---newResourceUnit--newRRUPage-OPHeaderContent-collapseBtn-img"},"wdio_ui5_key":"applicationmanageresources-display-component---newResourceUnit--newRRUPage-OPHeaderContent-collapseBtn-img"}]}
RESULT: undefined
COMMAND: POST /session/de809374161c7b69160a618664f1a5fa/element - {"using":"xpath","value":"//*[@id=\"application-manageresources-display-component---newResourceUnit--newRRUPage-OPHeaderContent-collapseBtn-img\"]"}
RESULT: {}
RESULT: {"using":"xpath","value":"//*[@id=\"application-manageresources-display-component---newResourceUnit--newRRUPage-OPHeaderContent-collapseBtn-img\"]"}
COMMAND: POST /session/de809374161c7b69160a618664f1a5fa/element/f.BF26AF8B2ED0E270307A0F05FC587F4F.d.DDAE61E392AB3DA5E80FB5F31050A430.e.4546/click - {}
RESULT: {}
COMMAND: GET /session/de809374161c7b69160a618664f1a5fa/screenshot - {}
RESULT: {}
COMMAND: POST /session/de809374161c7b69160a618664f1a5fa/element - {"using":"xpath","value":"(//span[contains(@id ,\"application-manageresources-display-component---newResourceUnit--DIMENSION_UNIT-arrow\")])[1]"}
RESULT: {"using":"xpath","value":"(//span[contains(@id ,\"application-manageresources-display-component---newResourceUnit--DIMENSION_UNIT-arrow\")])[1]"}
COMMAND: POST /session/de809374161c7b69160a618664f1a5fa/element/f.BF26AF8B2ED0E270307A0F05FC587F4F.d.DDAE61E392AB3DA5E80FB5F31050A430.e.4668/click - {}
RESULT: {}
COMMAND: GET /session/de809374161c7b69160a618664f1a5fa/screenshot - {}
RESULT: {}
COMMAND: POST /session/de809374161c7b69160a618664f1a5fa/execute/async - {"script":"<script> [1562 bytes]","args":[{"selector":{"controlType":"sap.m.StandardListItem","viewName":"reusables.view.manageresources.NewResourceUnit","viewId":"application-manageresources-display-component---newResourceUnit","properties":{"title":"Centimeter"},"searchOpenDialogs":true,"interaction":{"idSuffix":"titleText"}},"wdio_ui5_key":"reusablesview.manageresources.NewResourceUnitsap.m.StandardListItem{\"title\":\"Centimeter\"}"}]}
RESULT: {"script":"<script> [1562 bytes]","args":[{"selector":{"controlType":"sap.m.StandardListItem","viewName":"reusables.view.manageresources.NewResourceUnit","viewId":"application-manageresources-display-component---newResourceUnit","properties":{"title":"Centimeter"},"searchOpenDialogs":true,"interaction":{"idSuffix":"titleText"}},"wdio_ui5_key":"reusablesview.manageresources.NewResourceUnitsap.m.StandardListItem{\"title\":\"Centimeter\"}"}]}
RESULT: undefined
COMMAND: POST /session/de809374161c7b69160a618664f1a5fa/element - {"using":"xpath","value":"//*[@id=\"__item3446\"]"}
RESULT: {"using":"xpath","value":"//*[@id=\"__item3446\"]"}
COMMAND: POST /session/de809374161c7b69160a618664f1a5fa/element/f.BF26AF8B2ED0E270307A0F05FC587F4F.d.DDAE61E392AB3DA5E80FB5F31050A430.e.4672/click - {}
RESULT: {}
COMMAND: POST /session/de809374161c7b69160a618664f1a5fa/execute/async - {"script":"<script> [1562 bytes]","args":[{"selector":{"id":"application-manageresources-display-component---newResourceUnit--newRRUPage-anchBar-application-manageresources-display-component---newResourceUnit--reference-anchor","interaction":{"idSuffix":"BDI-content"}},"wdio_ui5_key":"applicationmanageresources-display-component---newResourceUnit--newRRUPage-anchBar-application-manageresources-display-component---newResourceUnit--reference-anchor"}]}
COMMAND: GET /session/de809374161c7b69160a618664f1a5fa/screenshot - {}
RESULT: {"script":"<script> [1562 bytes]","args":[{"selector":{"id":"application-manageresources-display-component---newResourceUnit--newRRUPage-anchBar-application-manageresources-display-component---newResourceUnit--reference-anchor","interaction":{"idSuffix":"BDI-content"}},"wdio_ui5_key":"applicationmanageresources-display-component---newResourceUnit--newRRUPage-anchBar-application-manageresources-display-component---newResourceUnit--reference-anchor"}]}
RESULT: undefined
COMMAND: POST /session/de809374161c7b69160a618664f1a5fa/element - {"using":"xpath","value":"//*[@id=\"application-manageresources-display-component---newResourceUnit--newRRUPage-anchBar-application-manageresources-display-component---newResourceUnit--reference-anchor\"]"}
RESULT: {}
RESULT: {"using":"xpath","value":"//*[@id=\"application-manageresources-display-component---newResourceUnit--newRRUPage-anchBar-application-manageresources-display-component---newResourceUnit--reference-anchor\"]"}
COMMAND: POST /session/de809374161c7b69160a618664f1a5fa/element/f.BF26AF8B2ED0E270307A0F05FC587F4F.d.DDAE61E392AB3DA5E80FB5F31050A430.e.4674/click - {}
RESULT: {}
COMMAND: POST /session/de809374161c7b69160a618664f1a5fa/execute/async - {"script":"<script> [1562 bytes]","args":[{"selector":{"id":"application-manageresources-display-component---newResourceUnit--PLANNING_GROUP-arrow"},"wdio_ui5_key":"applicationmanageresources-display-component---newResourceUnit--PLANNING_GROUP-arrow"}]}
COMMAND: GET /session/de809374161c7b69160a618664f1a5fa/screenshot - {}
RESULT: {"script":"<script> [1562 bytes]","args":[{"selector":{"id":"application-manageresources-display-component---newResourceUnit--PLANNING_GROUP-arrow"},"wdio_ui5_key":"applicationmanageresources-display-component---newResourceUnit--PLANNING_GROUP-arrow"}]}
RESULT: undefined
COMMAND: POST /session/de809374161c7b69160a618664f1a5fa/element - {"using":"xpath","value":"//*[@id=\"application-manageresources-display-component---newResourceUnit--PLANNING_GROUP-arrow\"]"}
RESULT: {}
RESULT: {"using":"xpath","value":"//*[@id=\"application-manageresources-display-component---newResourceUnit--PLANNING_GROUP-arrow\"]"}
COMMAND: POST /session/de809374161c7b69160a618664f1a5fa/element/f.BF26AF8B2ED0E270307A0F05FC587F4F.d.DDAE61E392AB3DA5E80FB5F31050A430.e.4677/click - {}
RESULT: {}
COMMAND: POST /session/de809374161c7b69160a618664f1a5fa/execute/async - {"script":"<script> [1562 bytes]","args":[{"selector":{"controlType":"sap.m.StandardListItem","viewName":"reusables.view.manageresources.NewResourceUnit","viewId":"application-manageresources-display-component---newResourceUnit","properties":{"title":"Heavy Equi"},"searchOpenDialogs":true,"interaction":{"idSuffix":"content"}},"wdio_ui5_key":"reusablesview.manageresources.NewResourceUnitsap.m.StandardListItem{\"title\":\"Heavy Equi\"}"}]}
COMMAND: GET /session/de809374161c7b69160a618664f1a5fa/screenshot - {}
RESULT: {"script":"<script> [1562 bytes]","args":[{"selector":{"controlType":"sap.m.StandardListItem","viewName":"reusables.view.manageresources.NewResourceUnit","viewId":"application-manageresources-display-component---newResourceUnit","properties":{"title":"Heavy Equi"},"searchOpenDialogs":true,"interaction":{"idSuffix":"content"}},"wdio_ui5_key":"reusablesview.manageresources.NewResourceUnitsap.m.StandardListItem{\"title\":\"Heavy Equi\"}"}]}
RESULT: undefined
COMMAND: POST /session/de809374161c7b69160a618664f1a5fa/element - {"using":"xpath","value":"//*[@id=\"__item3454\"]"}
RESULT: {}
RESULT: {"using":"xpath","value":"//*[@id=\"__item3454\"]"}
COMMAND: POST /session/de809374161c7b69160a618664f1a5fa/element/f.BF26AF8B2ED0E270307A0F05FC587F4F.d.DDAE61E392AB3DA5E80FB5F31050A430.e.4681/click - {}
RESULT: {}
COMMAND: GET /session/de809374161c7b69160a618664f1a5fa/screenshot - {}
RESULT: {}
COMMAND: POST /session/de809374161c7b69160a618664f1a5fa/execute/async - {"script":"<script> [1562 bytes]","args":[{"selector":{"id":"application-manageresources-display-component---newResourceUnit--PLANNING_INDICATOR-arrow"},"wdio_ui5_key":"applicationmanageresources-display-component---newResourceUnit--PLANNING_INDICATOR-arrow"}]}
RESULT: {"script":"<script> [1562 bytes]","args":[{"selector":{"id":"application-manageresources-display-component---newResourceUnit--PLANNING_INDICATOR-arrow"},"wdio_ui5_key":"applicationmanageresources-display-component---newResourceUnit--PLANNING_INDICATOR-arrow"}]}
RESULT: undefined
COMMAND: POST /session/de809374161c7b69160a618664f1a5fa/element - {"using":"xpath","value":"//*[@id=\"application-manageresources-display-component---newResourceUnit--PLANNING_INDICATOR-arrow\"]"}
RESULT: {"using":"xpath","value":"//*[@id=\"application-manageresources-display-component---newResourceUnit--PLANNING_INDICATOR-arrow\"]"}
COMMAND: POST /session/de809374161c7b69160a618664f1a5fa/element/f.BF26AF8B2ED0E270307A0F05FC587F4F.d.DDAE61E392AB3DA5E80FB5F31050A430.e.4682/click - {}
RESULT: {}
COMMAND: POST /session/de809374161c7b69160a618664f1a5fa/execute/async - {"script":"<script> [1562 bytes]","args":[{"selector":{"controlType":"sap.m.StandardListItem","viewName":"reusables.view.manageresources.NewResourceUnit","viewId":"application-manageresources-display-component---newResourceUnit","properties":{"title":"10 - infinite"},"searchOpenDialogs":true,"interaction":{"idSuffix":"content"}},"wdio_ui5_key":"reusablesview.manageresources.NewResourceUnitsap.m.StandardListItem{\"title\":\"10 - infinite\"}"}]}
COMMAND: GET /session/de809374161c7b69160a618664f1a5fa/screenshot - {}
RESULT: {"script":"<script> [1562 bytes]","args":[{"selector":{"controlType":"sap.m.StandardListItem","viewName":"reusables.view.manageresources.NewResourceUnit","viewId":"application-manageresources-display-component---newResourceUnit","properties":{"title":"10 - infinite"},"searchOpenDialogs":true,"interaction":{"idSuffix":"content"}},"wdio_ui5_key":"reusablesview.manageresources.NewResourceUnitsap.m.StandardListItem{\"title\":\"10 - infinite\"}"}]}
RESULT: undefined
COMMAND: POST /session/de809374161c7b69160a618664f1a5fa/element - {"using":"xpath","value":"//*[@id=\"__item3464\"]"}
RESULT: {}
RESULT: {"using":"xpath","value":"//*[@id=\"__item3464\"]"}
COMMAND: POST /session/de809374161c7b69160a618664f1a5fa/element/f.BF26AF8B2ED0E270307A0F05FC587F4F.d.DDAE61E392AB3DA5E80FB5F31050A430.e.4684/click - {}
RESULT: {}
COMMAND: GET /session/de809374161c7b69160a618664f1a5fa/screenshot - {}
RESULT: {}
COMMAND: POST /session/de809374161c7b69160a618664f1a5fa/element - {"using":"xpath","value":"//bdi[contains(text(), \"Time Segment\")]"}
RESULT: {"using":"xpath","value":"//bdi[contains(text(), \"Time Segment\")]"}
COMMAND: GET /session/de809374161c7b69160a618664f1a5fa/element/f.BF26AF8B2ED0E270307A0F05FC587F4F.d.DDAE61E392AB3DA5E80FB5F31050A430.e.4685/rect - {}
RESULT: {}
COMMAND: GET /session/de809374161c7b69160a618664f1a5fa/window/rect - {}
RESULT: {}
COMMAND: POST /session/de809374161c7b69160a618664f1a5fa/execute/sync - {"script":"<script> [92 bytes]","args":[]}
RESULT: {"script":"<script> [92 bytes]","args":[]}
COMMAND: POST /session/de809374161c7b69160a618664f1a5fa/actions - {"actions":[{"id":"action35","type":"wheel","parameters":{},"actions":[{"type":"scroll","x":-1820,"y":-21,"deltaX":0,"deltaY":0,"duration":0,"origin":{"element-6066-11e4-a52e-4f735466cecf":"f.BF26AF8B2ED0E270307A0F05FC587F4F.d.DDAE61E392AB3DA5E80FB5F31050A430.e.4685"}}]}]}
COMMAND: GET /session/de809374161c7b69160a618664f1a5fa/screenshot - {}
RESULT: {}
COMMAND: POST /session/de809374161c7b69160a618664f1a5fa/execute/sync - {"script":"<script> [79 bytes]","args":[{"element-6066-11e4-a52e-4f735466cecf":"f.BF26AF8B2ED0E270307A0F05FC587F4F.d.DDAE61E392AB3DA5E80FB5F31050A430.e.4685","ELEMENT":"f.BF26AF8B2ED0E270307A0F05FC587F4F.d.DDAE61E392AB3DA5E80FB5F31050A430.e.4685"},{"block":"start","inline":"nearest"}]}
RESULT: {"script":"<script> [79 bytes]","args":[{"element-6066-11e4-a52e-4f735466cecf":"f.BF26AF8B2ED0E270307A0F05FC587F4F.d.DDAE61E392AB3DA5E80FB5F31050A430.e.4685","ELEMENT":"f.BF26AF8B2ED0E270307A0F05FC587F4F.d.DDAE61E392AB3DA5E80FB5F31050A430.e.4685"},{"block":"start","inline":"nearest"}]}
COMMAND: GET /session/de809374161c7b69160a618664f1a5fa/screenshot - {}
RESULT: {}
COMMAND: POST /session/de809374161c7b69160a618664f1a5fa/element - {"using":"xpath","value":"//span[@id=\"application-manageresources-display-component---newResourceUnit--btnAddTimeSegment-img\"]"}
RESULT: {"using":"xpath","value":"//span[@id=\"application-manageresources-display-component---newResourceUnit--btnAddTimeSegment-img\"]"}
COMMAND: POST /session/de809374161c7b69160a618664f1a5fa/execute/sync - {"script":"<script> [8489 bytes]","args":[{"element-6066-11e4-a52e-4f735466cecf":"f.BF26AF8B2ED0E270307A0F05FC587F4F.d.DDAE61E392AB3DA5E80FB5F31050A430.e.4688","ELEMENT":"f.BF26AF8B2ED0E270307A0F05FC587F4F.d.DDAE61E392AB3DA5E80FB5F31050A430.e.4688"}]}
RESULT: {"script":"<script> [8489 bytes]","args":[{"element-6066-11e4-a52e-4f735466cecf":"f.BF26AF8B2ED0E270307A0F05FC587F4F.d.DDAE61E392AB3DA5E80FB5F31050A430.e.4688","ELEMENT":"f.BF26AF8B2ED0E270307A0F05FC587F4F.d.DDAE61E392AB3DA5E80FB5F31050A430.e.4688"}]}
COMMAND: POST /session/de809374161c7b69160a618664f1a5fa/element/f.BF26AF8B2ED0E270307A0F05FC587F4F.d.DDAE61E392AB3DA5E80FB5F31050A430.e.4688/click - {}
COMMAND: GET /session/de809374161c7b69160a618664f1a5fa/screenshot - {}
RESULT: {}
COMMAND: GET /session/de809374161c7b69160a618664f1a5fa/screenshot - {}
RESULT: {}
RESULT: {}
COMMAND: POST /session/de809374161c7b69160a618664f1a5fa/element - {"using":"xpath","value":"//input[@id=\"application-manageresources-display-component---newResourceUnit--idRuTSAdmin-application-manageresources-display-component---newResourceUnit--RUTimeSegment-0-inner\"]"}
RESULT: {"using":"xpath","value":"//input[@id=\"application-manageresources-display-component---newResourceUnit--idRuTSAdmin-application-manageresources-display-component---newResourceUnit--RUTimeSegment-0-inner\"]"}
COMMAND: POST /session/de809374161c7b69160a618664f1a5fa/element/f.BF26AF8B2ED0E270307A0F05FC587F4F.d.DDAE61E392AB3DA5E80FB5F31050A430.e.4691/clear - {}
RESULT: {}
COMMAND: POST /session/de809374161c7b69160a618664f1a5fa/element/f.BF26AF8B2ED0E270307A0F05FC587F4F.d.DDAE61E392AB3DA5E80FB5F31050A430.e.4691/value - {"text":"WebdriverYarduxu1d"}
COMMAND: GET /session/de809374161c7b69160a618664f1a5fa/screenshot - {}
RESULT: {"text":"WebdriverYarduxu1d"}
COMMAND: GET /session/de809374161c7b69160a618664f1a5fa/screenshot - {}
RESULT: {}
RESULT: {}
COMMAND: POST /session/de809374161c7b69160a618664f1a5fa/actions - {"actions":[{"id":"action36","type":"key","parameters":{},"actions":[{"type":"keyDown","value":""},{"type":"pause","duration":10},{"type":"keyUp","value":""}]}]}
RESULT: {"actions":[{"id":"action36","type":"key","parameters":{},"actions":[{"type":"keyDown","value":""},{"type":"pause","duration":10},{"type":"keyUp","value":""}]}]}
COMMAND: GET /session/de809374161c7b69160a618664f1a5fa/screenshot - {}
RESULT: {}
COMMAND: POST /session/de809374161c7b69160a618664f1a5fa/execute/async - {"script":"<script> [1562 bytes]","args":[{"selector":{"controlType":"sap.m.Button","viewName":"reusables.view.manageresources.NewResourceUnit","viewId":"application-manageresources-display-component---newResourceUnit","i18NText":{"propertyName":"tooltip","key":"save"},"interaction":{"idSuffix":"BDI-content"}},"wdio_ui5_key":"reusablesview.manageresources.NewResourceUnitsap.m.Button{\"propertyName\":\"tooltip\",\"key\":\"save\"}"}]}
RESULT: {"script":"<script> [1562 bytes]","args":[{"selector":{"controlType":"sap.m.Button","viewName":"reusables.view.manageresources.NewResourceUnit","viewId":"application-manageresources-display-component---newResourceUnit","i18NText":{"propertyName":"tooltip","key":"save"},"interaction":{"idSuffix":"BDI-content"}},"wdio_ui5_key":"reusablesview.manageresources.NewResourceUnitsap.m.Button{\"propertyName\":\"tooltip\",\"key\":\"save\"}"}]}
RESULT: undefined
COMMAND: POST /session/de809374161c7b69160a618664f1a5fa/element - {"using":"xpath","value":"//*[@id=\"application-manageresources-display-component---newResourceUnit--createRuButton\"]"}
RESULT: {"using":"xpath","value":"//*[@id=\"application-manageresources-display-component---newResourceUnit--createRuButton\"]"}
COMMAND: POST /session/de809374161c7b69160a618664f1a5fa/element/f.BF26AF8B2ED0E270307A0F05FC587F4F.d.DDAE61E392AB3DA5E80FB5F31050A430.e.4552/click - {}
RESULT: {}
COMMAND: GET /session/de809374161c7b69160a618664f1a5fa/screenshot - {}
RESULT: {}
COMMAND: POST /session/de809374161c7b69160a618664f1a5fa/execute/async - {"script":"<script> [1562 bytes]","args":[{"selector":{"controlType":"sap.m.Title","properties":{"text":"Success"},"searchOpenDialogs":true},"wdio_ui5_key":"sapm.Title{\"text\":\"Success\"}"}]}
RESULT: {"script":"<script> [1562 bytes]","args":[{"selector":{"controlType":"sap.m.Title","properties":{"text":"Success"},"searchOpenDialogs":true},"wdio_ui5_key":"sapm.Title{\"text\":\"Success\"}"}]}
RESULT: undefined
COMMAND: POST /session/de809374161c7b69160a618664f1a5fa/execute/async - {"script":"<script> [6424 bytes]","args":[{"element-6066-11e4-a52e-4f735466cecf":"f.BF26AF8B2ED0E270307A0F05FC587F4F.d.DDAE61E392AB3DA5E80FB5F31050A430.e.4706"},"getText",[]]}
RESULT: {"script":"<script> [6424 bytes]","args":[{"element-6066-11e4-a52e-4f735466cecf":"f.BF26AF8B2ED0E270307A0F05FC587F4F.d.DDAE61E392AB3DA5E80FB5F31050A430.e.4706"},"getText",[]]}
COMMAND: POST /session/de809374161c7b69160a618664f1a5fa/element - {"using":"xpath","value":"//*[contains(@id, '__text') and (contains(text(), 'successfully created') or contains(., 'successfully created'))]"}
RESULT: {"using":"xpath","value":"//*[contains(@id, '__text') and (contains(text(), 'successfully created') or contains(., 'successfully created'))]"}
COMMAND: GET /session/de809374161c7b69160a618664f1a5fa/element/f.BF26AF8B2ED0E270307A0F05FC587F4F.d.DDAE61E392AB3DA5E80FB5F31050A430.e.4704/text - {}
RESULT: {}
COMMAND: POST /session/de809374161c7b69160a618664f1a5fa/execute/async - {"script":"<script> [1562 bytes]","args":[{"selector":{"controlType":"sap.m.Button","properties":{"text":"Close"},"searchOpenDialogs":true,"interaction":{"idSuffix":"BDI-content"}},"wdio_ui5_key":"sapm.Button{\"text\":\"Close\"}"}]}
RESULT: {"script":"<script> [1562 bytes]","args":[{"selector":{"controlType":"sap.m.Button","properties":{"text":"Close"},"searchOpenDialogs":true,"interaction":{"idSuffix":"BDI-content"}},"wdio_ui5_key":"sapm.Button{\"text\":\"Close\"}"}]}
RESULT: undefined
COMMAND: POST /session/de809374161c7b69160a618664f1a5fa/element - {"using":"xpath","value":"//*[@id=\"__mbox-btn-1\"]"}
RESULT: {"using":"xpath","value":"//*[@id=\"__mbox-btn-1\"]"}
COMMAND: POST /session/de809374161c7b69160a618664f1a5fa/element/f.BF26AF8B2ED0E270307A0F05FC587F4F.d.DDAE61E392AB3DA5E80FB5F31050A430.e.4703/click - {}
RESULT: {}
COMMAND: GET /session/de809374161c7b69160a618664f1a5fa/screenshot - {}
RESULT: {}
COMMAND: POST /session/de809374161c7b69160a618664f1a5fa/execute/async - {"script":"<script> [1562 bytes]","args":[{"selector":{"controlType":"sap.ui.core.Icon","viewName":"etm.portal.ui.manageresources.view.Detail","viewId":"application-manageresources-display-component---detailRU","properties":{"src":{"regex":{"source":"overflow"}}}},"wdio_ui5_key":"etmportal.ui.manageresources.view.Detailsap.ui.core.Icon{\"src\":{\"regex\":{\"source\":\"overflow\"}}}"}]}
RESULT: {"script":"<script> [1562 bytes]","args":[{"selector":{"controlType":"sap.ui.core.Icon","viewName":"etm.portal.ui.manageresources.view.Detail","viewId":"application-manageresources-display-component---detailRU","properties":{"src":{"regex":{"source":"overflow"}}}},"wdio_ui5_key":"etmportal.ui.manageresources.view.Detailsap.ui.core.Icon{\"src\":{\"regex\":{\"source\":\"overflow\"}}}"}]}
RESULT: undefined
COMMAND: POST /session/de809374161c7b69160a618664f1a5fa/element - {"using":"xpath","value":"//*[@id=\"__title81-_actionsToolbar-overflowButton-img\"]"}
RESULT: {"using":"xpath","value":"//*[@id=\"__title81-_actionsToolbar-overflowButton-img\"]"}
COMMAND: POST /session/de809374161c7b69160a618664f1a5fa/element/f.BF26AF8B2ED0E270307A0F05FC587F4F.d.DDAE61E392AB3DA5E80FB5F31050A430.e.4741/click - {}
RESULT: {}
COMMAND: POST /session/de809374161c7b69160a618664f1a5fa/execute/async - {"script":"<script> [1562 bytes]","args":[{"selector":{"controlType":"sap.m.Button","viewName":"etm.portal.ui.manageresources.view.Detail","viewId":"application-manageresources-display-component---detailRU","i18NText":{"propertyName":"tooltip","key":"closeColumn"},"searchOpenDialogs":true,"interaction":{"idSuffix":"inner"}},"wdio_ui5_key":"etmportal.ui.manageresources.view.Detailsap.m.Button{\"propertyName\":\"tooltip\",\"key\":\"closeColumn\"}"}]}
COMMAND: GET /session/de809374161c7b69160a618664f1a5fa/screenshot - {}
RESULT: {"script":"<script> [1562 bytes]","args":[{"selector":{"controlType":"sap.m.Button","viewName":"etm.portal.ui.manageresources.view.Detail","viewId":"application-manageresources-display-component---detailRU","i18NText":{"propertyName":"tooltip","key":"closeColumn"},"searchOpenDialogs":true,"interaction":{"idSuffix":"inner"}},"wdio_ui5_key":"etmportal.ui.manageresources.view.Detailsap.m.Button{\"propertyName\":\"tooltip\",\"key\":\"closeColumn\"}"}]}
RESULT: undefined
COMMAND: POST /session/de809374161c7b69160a618664f1a5fa/element - {"using":"xpath","value":"//*[@id=\"__button257\"]"}
RESULT: {}
RESULT: {"using":"xpath","value":"//*[@id=\"__button257\"]"}
COMMAND: POST /session/de809374161c7b69160a618664f1a5fa/element/f.BF26AF8B2ED0E270307A0F05FC587F4F.d.DDAE61E392AB3DA5E80FB5F31050A430.e.4743/click - {}
RESULT: {}
COMMAND: GET /session/de809374161c7b69160a618664f1a5fa/screenshot - {}
RESULT: {}
COMMAND: POST /session/de809374161c7b69160a618664f1a5fa/refresh - {}
RESULT: {}
COMMAND: GET /session/de809374161c7b69160a618664f1a5fa/screenshot - {}
RESULT: {}
COMMAND: POST /session/de809374161c7b69160a618664f1a5fa/execute/async - {"script":"<script> [189 bytes]","args":[]}
RESULT: {"script":"<script> [189 bytes]","args":[]}
COMMAND: POST /session/de809374161c7b69160a618664f1a5fa/execute/async - {"script":"<script> [123 bytes]","args":[]}
RESULT: {"script":"<script> [123 bytes]","args":[]}
COMMAND: POST /session/de809374161c7b69160a618664f1a5fa/timeouts - {"script":"<number>"}
RESULT: {"script":"<number>"}
COMMAND: GET /session/de809374161c7b69160a618664f1a5fa/timeouts - {}
RESULT: {}
RESULT: undefined
COMMAND: POST /session/de809374161c7b69160a618664f1a5fa/execute/async - {"script":"<script> [2676 bytes]","args":[]}
RESULT: {"script":"<script> [2676 bytes]","args":[]}
COMMAND: POST /session/de809374161c7b69160a618664f1a5fa/execute/async - {"script":"<script> [2342 bytes]","args":[{"protocol":"http","hostname":"0.0.0.0","path":"/","capabilities":{"browserName":"chrome","goog:chromeOptions":{"binary":"C:\\Program Files\\Google\\Chrome\\Application\\chrome.exe","args":["--start-maximized"]}},"logLevel":"warn","connectionRetryTimeout":120000,"connectionRetryCount":3,"logLevels":{},"enableDirectConnect":true,"strictSSL":true,"_":"65 more keys: [\"cacheDir\",\"port\",\"requestedCapabilities\",\"automationProtocol\",\"baseUrl\",\"waitforInterval\",\"waitforTimeout\",\"onReload\",\"beforeCommand\",\"afterCommand\",\"rootDir\",\"specs\",\"suites\",\"exclude\",\"groupLogsByTestSpec\",\"excludeDriverLogs\",\"bail\",\"framework\",\"reporters\",\"services\",\"maxInstances\",\"maxInstancesPerCapability\",\"injectGlobals\",\"filesToWatch\",\"execArgv\",\"runnerEnv\",\"runner\",\"shard\",\"specFileRetries\",\"specFileRetriesDelay\",\"specFileRetriesDeferred\",\"reporterSyncInterval\",\"reporterSyncTimeout\",\"cucumberFeaturesWithLineNumbers\",\"autoCompileOpts\",\"mochaOpts\",\"jasmineOpts\",\"cucumberOpts\",\"onPrepare\",\"onWorkerStart\",\"onWorkerEnd\",\"before\",\"beforeSession\",\"beforeSuite\",\"beforeHook\",\"beforeTest\",\"afterTest\",\"afterHook\",\"afterSuite\",\"afterSession\",\"after\",\"onComplete\",\"beforeAssertion\",\"afterAssertion\",\"beforeFeature\",\"beforeScenario\",\"beforeStep\",\"afterStep\",\"afterScenario\",\"afterFeature\",\"_\",\"suite\",\"$0\",\"ignoredWorkerServices\",\"wdi5\"]"}]}
RESULT: {"script":"<script> [2342 bytes]","args":[{"protocol":"http","hostname":"0.0.0.0","path":"/","capabilities":{"browserName":"chrome","goog:chromeOptions":{"binary":"C:\\Program Files\\Google\\Chrome\\Application\\chrome.exe","args":["--start-maximized"]}},"logLevel":"warn","connectionRetryTimeout":120000,"connectionRetryCount":3,"logLevels":{},"enableDirectConnect":true,"strictSSL":true,"_":"65 more keys: [\"cacheDir\",\"port\",\"requestedCapabilities\",\"automationProtocol\",\"baseUrl\",\"waitforInterval\",\"waitforTimeout\",\"onReload\",\"beforeCommand\",\"afterCommand\",\"rootDir\",\"specs\",\"suites\",\"exclude\",\"groupLogsByTestSpec\",\"excludeDriverLogs\",\"bail\",\"framework\",\"reporters\",\"services\",\"maxInstances\",\"maxInstancesPerCapability\",\"injectGlobals\",\"filesToWatch\",\"execArgv\",\"runnerEnv\",\"runner\",\"shard\",\"specFileRetries\",\"specFileRetriesDelay\",\"specFileRetriesDeferred\",\"reporterSyncInterval\",\"reporterSyncTimeout\",\"cucumberFeaturesWithLineNumbers\",\"autoCompileOpts\",\"mochaOpts\",\"jasmineOpts\",\"cucumberOpts\",\"onPrepare\",\"onWorkerStart\",\"onWorkerEnd\",\"before\",\"beforeSession\",\"beforeSuite\",\"beforeHook\",\"beforeTest\",\"afterTest\",\"afterHook\",\"afterSuite\",\"afterSession\",\"after\",\"onComplete\",\"beforeAssertion\",\"afterAssertion\",\"beforeFeature\",\"beforeScenario\",\"beforeStep\",\"afterStep\",\"afterScenario\",\"afterFeature\",\"_\",\"suite\",\"$0\",\"ignoredWorkerServices\",\"wdi5\"]"}]}
COMMAND: POST /session/de809374161c7b69160a618664f1a5fa/execute/async - {"script":"<script> [21126 bytes]","args":[35000]}
RESULT: {"script":"<script> [21126 bytes]","args":[35000]}
COMMAND: POST /session/de809374161c7b69160a618664f1a5fa/element - {"using":"css selector","value":"#shell-header-logo"}
RESULT: {"using":"css selector","value":"#shell-header-logo"}
COMMAND: POST /session/de809374161c7b69160a618664f1a5fa/element/f.BF26AF8B2ED0E270307A0F05FC587F4F.d.16CB1A4E91D200929D4A73507BF19739.e.4842/click - {}
RESULT: {}
COMMAND: GET /session/de809374161c7b69160a618664f1a5fa/screenshot - {}
RESULT: {}
COMMAND: POST /session/de809374161c7b69160a618664f1a5fa/element - {"using":"css selector","value":"#shell-header-logo"}
RESULT: {"using":"css selector","value":"#shell-header-logo"}
COMMAND: POST /session/de809374161c7b69160a618664f1a5fa/element/f.BF26AF8B2ED0E270307A0F05FC587F4F.d.16CB1A4E91D200929D4A73507BF19739.e.5019/click - {}
RESULT: {}
COMMAND: GET /session/de809374161c7b69160a618664f1a5fa/screenshot - {}
RESULT: {}
]]></system-out>
    </testcase>
    <testcase classname="chrome.136_0_7103_93.windows.Manage_request_+_Contract_processing_pick_up_option_US120163_" name="Should Create New Request pick up option" time="233.852">
      <system-out><![CDATA[
COMMAND: POST /session/de809374161c7b69160a618664f1a5fa/element - {"using":"css selector","value":"#shell-header-logo"}
RESULT: {"using":"css selector","value":"#shell-header-logo"}
COMMAND: POST /session/de809374161c7b69160a618664f1a5fa/element/f.BF26AF8B2ED0E270307A0F05FC587F4F.d.16CB1A4E91D200929D4A73507BF19739.e.5019/click - {}
RESULT: {}
COMMAND: GET /session/de809374161c7b69160a618664f1a5fa/screenshot - {}
RESULT: {}
COMMAND: POST /session/de809374161c7b69160a618664f1a5fa/execute/async - {"script":"<script> [1562 bytes]","args":[{"selector":{"controlType":"sap.m.GenericTile","properties":{"header":"Manage Requests"}},"wdio_ui5_key":"sapm.GenericTile{\"header\":\"Manage Requests\"}"}]}
RESULT: {"script":"<script> [1562 bytes]","args":[{"selector":{"controlType":"sap.m.GenericTile","properties":{"header":"Manage Requests"}},"wdio_ui5_key":"sapm.GenericTile{\"header\":\"Manage Requests\"}"}]}
RESULT: undefined
COMMAND: POST /session/de809374161c7b69160a618664f1a5fa/element - {"using":"xpath","value":"//*[@id=\"__tile47\"]"}
RESULT: {"using":"xpath","value":"//*[@id=\"__tile47\"]"}
COMMAND: POST /session/de809374161c7b69160a618664f1a5fa/element/f.BF26AF8B2ED0E270307A0F05FC587F4F.d.16CB1A4E91D200929D4A73507BF19739.e.5028/click - {}
RESULT: {}
COMMAND: GET /session/de809374161c7b69160a618664f1a5fa/screenshot - {}
RESULT: {}
COMMAND: POST /session/de809374161c7b69160a618664f1a5fa/elements - {"using":"xpath","value":"//span[text()='Error']"}
RESULT: {"using":"xpath","value":"//span[text()='Error']"}
COMMAND: POST /session/de809374161c7b69160a618664f1a5fa/refresh - {}
RESULT: {}
COMMAND: GET /session/de809374161c7b69160a618664f1a5fa/screenshot - {}
RESULT: {}
COMMAND: POST /session/de809374161c7b69160a618664f1a5fa/execute/async - {"script":"<script> [189 bytes]","args":[]}
RESULT: {"script":"<script> [189 bytes]","args":[]}
COMMAND: POST /session/de809374161c7b69160a618664f1a5fa/execute/async - {"script":"<script> [123 bytes]","args":[]}
RESULT: {"script":"<script> [123 bytes]","args":[]}
COMMAND: POST /session/de809374161c7b69160a618664f1a5fa/timeouts - {"script":"<number>"}
RESULT: {"script":"<number>"}
COMMAND: GET /session/de809374161c7b69160a618664f1a5fa/timeouts - {}
RESULT: {}
RESULT: undefined
COMMAND: POST /session/de809374161c7b69160a618664f1a5fa/execute/async - {"script":"<script> [2676 bytes]","args":[]}
RESULT: {"script":"<script> [2676 bytes]","args":[]}
COMMAND: POST /session/de809374161c7b69160a618664f1a5fa/execute/async - {"script":"<script> [2342 bytes]","args":[{"protocol":"http","hostname":"0.0.0.0","path":"/","capabilities":{"browserName":"chrome","goog:chromeOptions":{"binary":"C:\\Program Files\\Google\\Chrome\\Application\\chrome.exe","args":["--start-maximized"]}},"logLevel":"warn","connectionRetryTimeout":120000,"connectionRetryCount":3,"logLevels":{},"enableDirectConnect":true,"strictSSL":true,"_":"65 more keys: [\"cacheDir\",\"port\",\"requestedCapabilities\",\"automationProtocol\",\"baseUrl\",\"waitforInterval\",\"waitforTimeout\",\"onReload\",\"beforeCommand\",\"afterCommand\",\"rootDir\",\"specs\",\"suites\",\"exclude\",\"groupLogsByTestSpec\",\"excludeDriverLogs\",\"bail\",\"framework\",\"reporters\",\"services\",\"maxInstances\",\"maxInstancesPerCapability\",\"injectGlobals\",\"filesToWatch\",\"execArgv\",\"runnerEnv\",\"runner\",\"shard\",\"specFileRetries\",\"specFileRetriesDelay\",\"specFileRetriesDeferred\",\"reporterSyncInterval\",\"reporterSyncTimeout\",\"cucumberFeaturesWithLineNumbers\",\"autoCompileOpts\",\"mochaOpts\",\"jasmineOpts\",\"cucumberOpts\",\"onPrepare\",\"onWorkerStart\",\"onWorkerEnd\",\"before\",\"beforeSession\",\"beforeSuite\",\"beforeHook\",\"beforeTest\",\"afterTest\",\"afterHook\",\"afterSuite\",\"afterSession\",\"after\",\"onComplete\",\"beforeAssertion\",\"afterAssertion\",\"beforeFeature\",\"beforeScenario\",\"beforeStep\",\"afterStep\",\"afterScenario\",\"afterFeature\",\"_\",\"suite\",\"$0\",\"ignoredWorkerServices\",\"wdi5\"]"}]}
RESULT: {"script":"<script> [2342 bytes]","args":[{"protocol":"http","hostname":"0.0.0.0","path":"/","capabilities":{"browserName":"chrome","goog:chromeOptions":{"binary":"C:\\Program Files\\Google\\Chrome\\Application\\chrome.exe","args":["--start-maximized"]}},"logLevel":"warn","connectionRetryTimeout":120000,"connectionRetryCount":3,"logLevels":{},"enableDirectConnect":true,"strictSSL":true,"_":"65 more keys: [\"cacheDir\",\"port\",\"requestedCapabilities\",\"automationProtocol\",\"baseUrl\",\"waitforInterval\",\"waitforTimeout\",\"onReload\",\"beforeCommand\",\"afterCommand\",\"rootDir\",\"specs\",\"suites\",\"exclude\",\"groupLogsByTestSpec\",\"excludeDriverLogs\",\"bail\",\"framework\",\"reporters\",\"services\",\"maxInstances\",\"maxInstancesPerCapability\",\"injectGlobals\",\"filesToWatch\",\"execArgv\",\"runnerEnv\",\"runner\",\"shard\",\"specFileRetries\",\"specFileRetriesDelay\",\"specFileRetriesDeferred\",\"reporterSyncInterval\",\"reporterSyncTimeout\",\"cucumberFeaturesWithLineNumbers\",\"autoCompileOpts\",\"mochaOpts\",\"jasmineOpts\",\"cucumberOpts\",\"onPrepare\",\"onWorkerStart\",\"onWorkerEnd\",\"before\",\"beforeSession\",\"beforeSuite\",\"beforeHook\",\"beforeTest\",\"afterTest\",\"afterHook\",\"afterSuite\",\"afterSession\",\"after\",\"onComplete\",\"beforeAssertion\",\"afterAssertion\",\"beforeFeature\",\"beforeScenario\",\"beforeStep\",\"afterStep\",\"afterScenario\",\"afterFeature\",\"_\",\"suite\",\"$0\",\"ignoredWorkerServices\",\"wdi5\"]"}]}
COMMAND: POST /session/de809374161c7b69160a618664f1a5fa/execute/async - {"script":"<script> [21126 bytes]","args":[35000]}
RESULT: {"script":"<script> [21126 bytes]","args":[35000]}
COMMAND: POST /session/de809374161c7b69160a618664f1a5fa/element - {"using":"xpath","value":"//button[contains(@data-kt ,\"btnCreateNewOverflowToolbarButton\")]"}
COMMAND: POST /session/de809374161c7b69160a618664f1a5fa/element - {"using":"xpath","value":"(//span[contains(@class ,\"sapMObjStatusText\")])[1]"}
RESULT: {"using":"xpath","value":"(//span[contains(@class ,\"sapMObjStatusText\")])[1]"}
COMMAND: POST /session/de809374161c7b69160a618664f1a5fa/execute/sync - {"script":"<script> [8489 bytes]","args":[{"element-6066-11e4-a52e-4f735466cecf":"f.BF26AF8B2ED0E270307A0F05FC587F4F.d.2E402DC2E2807546DF7DA8B31F3CE976.e.5219","ELEMENT":"f.BF26AF8B2ED0E270307A0F05FC587F4F.d.2E402DC2E2807546DF7DA8B31F3CE976.e.5219"}]}
RESULT: {"using":"xpath","value":"//button[contains(@data-kt ,\"btnCreateNewOverflowToolbarButton\")]"}
COMMAND: POST /session/de809374161c7b69160a618664f1a5fa/element/f.BF26AF8B2ED0E270307A0F05FC587F4F.d.2E402DC2E2807546DF7DA8B31F3CE976.e.5181/click - {}
RESULT: {"script":"<script> [8489 bytes]","args":[{"element-6066-11e4-a52e-4f735466cecf":"f.BF26AF8B2ED0E270307A0F05FC587F4F.d.2E402DC2E2807546DF7DA8B31F3CE976.e.5219","ELEMENT":"f.BF26AF8B2ED0E270307A0F05FC587F4F.d.2E402DC2E2807546DF7DA8B31F3CE976.e.5219"}]}
COMMAND: GET /session/de809374161c7b69160a618664f1a5fa/screenshot - {}
RESULT: {}
COMMAND: GET /session/de809374161c7b69160a618664f1a5fa/screenshot - {}
RESULT: {}
RESULT: {}
COMMAND: POST /session/de809374161c7b69160a618664f1a5fa/element - {"using":"xpath","value":"//input[contains(@id ,\"yardId-inner\")]"}
RESULT: {"using":"xpath","value":"//input[contains(@id ,\"yardId-inner\")]"}
COMMAND: POST /session/de809374161c7b69160a618664f1a5fa/execute/sync - {"script":"<script> [8489 bytes]","args":[{"element-6066-11e4-a52e-4f735466cecf":"f.BF26AF8B2ED0E270307A0F05FC587F4F.d.2E402DC2E2807546DF7DA8B31F3CE976.e.5321","ELEMENT":"f.BF26AF8B2ED0E270307A0F05FC587F4F.d.2E402DC2E2807546DF7DA8B31F3CE976.e.5321"}]}
RESULT: {"script":"<script> [8489 bytes]","args":[{"element-6066-11e4-a52e-4f735466cecf":"f.BF26AF8B2ED0E270307A0F05FC587F4F.d.2E402DC2E2807546DF7DA8B31F3CE976.e.5321","ELEMENT":"f.BF26AF8B2ED0E270307A0F05FC587F4F.d.2E402DC2E2807546DF7DA8B31F3CE976.e.5321"}]}
COMMAND: POST /session/de809374161c7b69160a618664f1a5fa/element - {"using":"xpath","value":"//input[contains(@id ,\"requestContractNo-inner\")]"}
COMMAND: POST /session/de809374161c7b69160a618664f1a5fa/element - {"using":"xpath","value":"//input[contains(@id ,\"yardId-inner\")]"}
COMMAND: GET /session/de809374161c7b69160a618664f1a5fa/screenshot - {}
RESULT: {"using":"xpath","value":"//input[contains(@id ,\"yardId-inner\")]"}
COMMAND: GET /session/de809374161c7b69160a618664f1a5fa/element/f.BF26AF8B2ED0E270307A0F05FC587F4F.d.2E402DC2E2807546DF7DA8B31F3CE976.e.5321/enabled - {}
RESULT: {"using":"xpath","value":"//input[contains(@id ,\"requestContractNo-inner\")]"}
COMMAND: POST /session/de809374161c7b69160a618664f1a5fa/element/f.BF26AF8B2ED0E270307A0F05FC587F4F.d.2E402DC2E2807546DF7DA8B31F3CE976.e.5316/value - {"text":"10371"}
RESULT: {}
RESULT: {}
RESULT: {"text":"10371"}
COMMAND: GET /session/de809374161c7b69160a618664f1a5fa/screenshot - {}
COMMAND: GET /session/de809374161c7b69160a618664f1a5fa/screenshot - {}
RESULT: {}
RESULT: {}
COMMAND: POST /session/de809374161c7b69160a618664f1a5fa/actions - {"actions":[{"id":"action37","type":"key","parameters":{},"actions":[{"type":"keyDown","value":""},{"type":"pause","duration":10},{"type":"keyUp","value":""}]}]}
RESULT: {"actions":[{"id":"action37","type":"key","parameters":{},"actions":[{"type":"keyDown","value":""},{"type":"pause","duration":10},{"type":"keyUp","value":""}]}]}
COMMAND: GET /session/de809374161c7b69160a618664f1a5fa/screenshot - {}
RESULT: {}
COMMAND: POST /session/de809374161c7b69160a618664f1a5fa/execute/async - {"script":"<script> [1562 bytes]","args":[{"selector":{"controlType":"sap.m.Button","viewName":"etm.portal.ui.managerequests.view.NewRequest","properties":{"text":"Items"},"interaction":{"idSuffix":"BDI-content"}},"wdio_ui5_key":"etmportal.ui.managerequests.view.NewRequestsap.m.Button{\"text\":\"Items\"}"}]}
RESULT: {"script":"<script> [1562 bytes]","args":[{"selector":{"controlType":"sap.m.Button","viewName":"etm.portal.ui.managerequests.view.NewRequest","properties":{"text":"Items"},"interaction":{"idSuffix":"BDI-content"}},"wdio_ui5_key":"etmportal.ui.managerequests.view.NewRequestsap.m.Button{\"text\":\"Items\"}"}]}
RESULT: undefined
COMMAND: POST /session/de809374161c7b69160a618664f1a5fa/element - {"using":"xpath","value":"//*[@id=\"__xmlview1--newRequestPage-anchBar-__xmlview1--requestItemsSection-anchor\"]"}
RESULT: {"using":"xpath","value":"//*[@id=\"__xmlview1--newRequestPage-anchBar-__xmlview1--requestItemsSection-anchor\"]"}
COMMAND: POST /session/de809374161c7b69160a618664f1a5fa/element/f.BF26AF8B2ED0E270307A0F05FC587F4F.d.2E402DC2E2807546DF7DA8B31F3CE976.e.5473/click - {}
RESULT: {}
COMMAND: GET /session/de809374161c7b69160a618664f1a5fa/screenshot - {}
RESULT: {}
COMMAND: POST /session/de809374161c7b69160a618664f1a5fa/execute/async - {"script":"<script> [1562 bytes]","args":[{"selector":{"controlType":"sap.ui.core.Icon","viewName":"etm.portal.ui.managerequests.view.NewRequest","properties":{"src":{"regex":{"source":"inspect"}}}},"wdio_ui5_key":"etmportal.ui.managerequests.view.NewRequestsap.ui.core.Icon{\"src\":{\"regex\":{\"source\":\"inspect\"}}}"}]}
RESULT: {"script":"<script> [1562 bytes]","args":[{"selector":{"controlType":"sap.ui.core.Icon","viewName":"etm.portal.ui.managerequests.view.NewRequest","properties":{"src":{"regex":{"source":"inspect"}}}},"wdio_ui5_key":"etmportal.ui.managerequests.view.NewRequestsap.ui.core.Icon{\"src\":{\"regex\":{\"source\":\"inspect\"}}}"}]}
RESULT: undefined
COMMAND: POST /session/de809374161c7b69160a618664f1a5fa/element - {"using":"xpath","value":"//*[@id=\"__button8-img\"]"}
RESULT: {"using":"xpath","value":"//*[@id=\"__button8-img\"]"}
COMMAND: POST /session/de809374161c7b69160a618664f1a5fa/element/f.BF26AF8B2ED0E270307A0F05FC587F4F.d.2E402DC2E2807546DF7DA8B31F3CE976.e.5478/click - {}
RESULT: {}
COMMAND: GET /session/de809374161c7b69160a618664f1a5fa/screenshot - {}
RESULT: {}
COMMAND: POST /session/de809374161c7b69160a618664f1a5fa/execute/async - {"script":"<script> [1562 bytes]","args":[{"selector":{"controlType":"sap.ui.core.Icon","viewName":"etm.portal.ui.managerequests.view.NewRequest","properties":{"src":{"regex":{"source":"add"}}}},"wdio_ui5_key":"etmportal.ui.managerequests.view.NewRequestsap.ui.core.Icon{\"src\":{\"regex\":{\"source\":\"add\"}}}"}]}
RESULT: {"script":"<script> [1562 bytes]","args":[{"selector":{"controlType":"sap.ui.core.Icon","viewName":"etm.portal.ui.managerequests.view.NewRequest","properties":{"src":{"regex":{"source":"add"}}}},"wdio_ui5_key":"etmportal.ui.managerequests.view.NewRequestsap.ui.core.Icon{\"src\":{\"regex\":{\"source\":\"add\"}}}"}]}
RESULT: undefined
COMMAND: POST /session/de809374161c7b69160a618664f1a5fa/element - {"using":"xpath","value":"//*[@id=\"__xmlview1--btnAddTableRow-img\"]"}
RESULT: {"using":"xpath","value":"//*[@id=\"__xmlview1--btnAddTableRow-img\"]"}
COMMAND: POST /session/de809374161c7b69160a618664f1a5fa/element/f.BF26AF8B2ED0E270307A0F05FC587F4F.d.2E402DC2E2807546DF7DA8B31F3CE976.e.5486/click - {}
RESULT: {}
COMMAND: GET /session/de809374161c7b69160a618664f1a5fa/screenshot - {}
RESULT: {}
COMMAND: POST /session/de809374161c7b69160a618664f1a5fa/execute/async - {"script":"<script> [1562 bytes]","args":[{"selector":{"controlType":"sap.ui.unified.MenuItem","viewName":"etm.portal.ui.managerequests.view.NewRequest","i18NText":{"propertyName":"text","key":"standardEntry"},"searchOpenDialogs":true,"interaction":{"idSuffix":"txt"}},"wdio_ui5_key":"etmportal.ui.managerequests.view.NewRequestsap.ui.unified.MenuItem{\"propertyName\":\"text\",\"key\":\"standardEntry\"}"}]}
RESULT: {"script":"<script> [1562 bytes]","args":[{"selector":{"controlType":"sap.ui.unified.MenuItem","viewName":"etm.portal.ui.managerequests.view.NewRequest","i18NText":{"propertyName":"text","key":"standardEntry"},"searchOpenDialogs":true,"interaction":{"idSuffix":"txt"}},"wdio_ui5_key":"etmportal.ui.managerequests.view.NewRequestsap.ui.unified.MenuItem{\"propertyName\":\"text\",\"key\":\"standardEntry\"}"}]}
RESULT: undefined
COMMAND: POST /session/de809374161c7b69160a618664f1a5fa/element - {"using":"xpath","value":"//*[@id=\"__item178\"]"}
RESULT: {"using":"xpath","value":"//*[@id=\"__item178\"]"}
COMMAND: POST /session/de809374161c7b69160a618664f1a5fa/element/f.BF26AF8B2ED0E270307A0F05FC587F4F.d.2E402DC2E2807546DF7DA8B31F3CE976.e.5490/click - {}
RESULT: {}
COMMAND: GET /session/de809374161c7b69160a618664f1a5fa/screenshot - {}
RESULT: undefined
COMMAND: POST /session/de809374161c7b69160a618664f1a5fa/element - {"using":"xpath","value":"//*[@id=\"__xmlview1--btnAddTableRow-img\"]"}
RESULT: {}
RESULT: {"using":"xpath","value":"//*[@id=\"__xmlview1--btnAddTableRow-img\"]"}
COMMAND: POST /session/de809374161c7b69160a618664f1a5fa/element/f.BF26AF8B2ED0E270307A0F05FC587F4F.d.2E402DC2E2807546DF7DA8B31F3CE976.e.5486/click - {}
RESULT: {}
COMMAND: GET /session/de809374161c7b69160a618664f1a5fa/screenshot - {}
RESULT: {}
RESULT: undefined
COMMAND: POST /session/de809374161c7b69160a618664f1a5fa/element - {"using":"xpath","value":"//*[@id=\"__item178\"]"}
RESULT: {"using":"xpath","value":"//*[@id=\"__item178\"]"}
COMMAND: POST /session/de809374161c7b69160a618664f1a5fa/element/f.BF26AF8B2ED0E270307A0F05FC587F4F.d.2E402DC2E2807546DF7DA8B31F3CE976.e.5511/click - {}
RESULT: {}
COMMAND: GET /session/de809374161c7b69160a618664f1a5fa/screenshot - {}
COMMAND: POST /session/de809374161c7b69160a618664f1a5fa/element - {"using":"xpath","value":"(//input[contains(@id ,\"requestItemsTable-0-inner\")])[5]"}
RESULT: {}
RESULT: {"using":"xpath","value":"(//input[contains(@id ,\"requestItemsTable-0-inner\")])[5]"}
COMMAND: POST /session/de809374161c7b69160a618664f1a5fa/element/f.BF26AF8B2ED0E270307A0F05FC587F4F.d.2E402DC2E2807546DF7DA8B31F3CE976.e.5502/clear - {}
RESULT: {}
COMMAND: POST /session/de809374161c7b69160a618664f1a5fa/element/f.BF26AF8B2ED0E270307A0F05FC587F4F.d.2E402DC2E2807546DF7DA8B31F3CE976.e.5502/value - {"text":"1000001"}
COMMAND: GET /session/de809374161c7b69160a618664f1a5fa/screenshot - {}
RESULT: {"text":"1000001"}
COMMAND: GET /session/de809374161c7b69160a618664f1a5fa/screenshot - {}
RESULT: {}
RESULT: {}
COMMAND: POST /session/de809374161c7b69160a618664f1a5fa/actions - {"actions":[{"id":"action38","type":"key","parameters":{},"actions":[{"type":"keyDown","value":""},{"type":"pause","duration":10},{"type":"keyUp","value":""}]}]}
RESULT: {"actions":[{"id":"action38","type":"key","parameters":{},"actions":[{"type":"keyDown","value":""},{"type":"pause","duration":10},{"type":"keyUp","value":""}]}]}
COMMAND: POST /session/de809374161c7b69160a618664f1a5fa/element - {"using":"xpath","value":"(//input[contains(@id ,\"requestItemsTable-1-inner\")])[5]"}
COMMAND: GET /session/de809374161c7b69160a618664f1a5fa/screenshot - {}
RESULT: {"using":"xpath","value":"(//input[contains(@id ,\"requestItemsTable-1-inner\")])[5]"}
COMMAND: POST /session/de809374161c7b69160a618664f1a5fa/element/f.BF26AF8B2ED0E270307A0F05FC587F4F.d.2E402DC2E2807546DF7DA8B31F3CE976.e.5517/clear - {}
RESULT: {}
RESULT: {}
COMMAND: POST /session/de809374161c7b69160a618664f1a5fa/element/f.BF26AF8B2ED0E270307A0F05FC587F4F.d.2E402DC2E2807546DF7DA8B31F3CE976.e.5517/value - {"text":"200249"}
COMMAND: GET /session/de809374161c7b69160a618664f1a5fa/screenshot - {}
RESULT: {"text":"200249"}
COMMAND: GET /session/de809374161c7b69160a618664f1a5fa/screenshot - {}
RESULT: {}
RESULT: {}
COMMAND: POST /session/de809374161c7b69160a618664f1a5fa/actions - {"actions":[{"id":"action39","type":"key","parameters":{},"actions":[{"type":"keyDown","value":""},{"type":"pause","duration":10},{"type":"keyUp","value":""}]}]}
RESULT: {"actions":[{"id":"action39","type":"key","parameters":{},"actions":[{"type":"keyDown","value":""},{"type":"pause","duration":10},{"type":"keyUp","value":""}]}]}
COMMAND: POST /session/de809374161c7b69160a618664f1a5fa/element - {"using":"xpath","value":"//div[contains(@data-kt ,\"splitAllocationObjectStatus\")]"}
COMMAND: GET /session/de809374161c7b69160a618664f1a5fa/screenshot - {}
RESULT: {"using":"xpath","value":"//div[contains(@data-kt ,\"splitAllocationObjectStatus\")]"}
COMMAND: POST /session/de809374161c7b69160a618664f1a5fa/elements - {"using":"xpath","value":"//div[contains(@data-kt ,\"splitAllocationObjectStatus\")]"}
RESULT: {}
RESULT: {"using":"xpath","value":"//div[contains(@data-kt ,\"splitAllocationObjectStatus\")]"}
COMMAND: POST /session/de809374161c7b69160a618664f1a5fa/execute/async - {"script":"<script> [1562 bytes]","args":[{"selector":{"controlType":"sap.ui.core.Icon","viewName":"etm.portal.ui.managerequests.view.NewRequest","properties":{"src":{"regex":{"source":"message\\-error"}}},"ancestor":{"controlType":"sap.m.ColumnListItem","viewName":"etm.portal.ui.managerequests.view.NewRequest","bindingPath":{"modelName":"newRequestItems","path":"/RequestItems/0"},"ancestor":{"id":"requestItemsTable","viewName":"etm.portal.ui.managerequests.view.NewRequest"}}},"wdio_ui5_key":"etmportal.ui.managerequests.view.NewRequestsap.ui.core.Icon{\"src\":{\"regex\":{\"source\":\"message\\\\-error\"}}}{\"controlType\":\"sap.m.ColumnListItem\",\"viewName\":\"etm.portal.ui.managerequests.view.NewRequest\",\"bindingPath\":{\"modelName\":\"newRequestItems\",\"path\":\"/RequestItems/0\"},\"ancestor\":{\"id\":\"requestItemsTable\",\"viewName\":\"etm.portal.ui.managerequests.view.NewRequest\"}}"}]}
RESULT: {"script":"<script> [1562 bytes]","args":[{"selector":{"controlType":"sap.ui.core.Icon","viewName":"etm.portal.ui.managerequests.view.NewRequest","properties":{"src":{"regex":{"source":"message\\-error"}}},"ancestor":{"controlType":"sap.m.ColumnListItem","viewName":"etm.portal.ui.managerequests.view.NewRequest","bindingPath":{"modelName":"newRequestItems","path":"/RequestItems/0"},"ancestor":{"id":"requestItemsTable","viewName":"etm.portal.ui.managerequests.view.NewRequest"}}},"wdio_ui5_key":"etmportal.ui.managerequests.view.NewRequestsap.ui.core.Icon{\"src\":{\"regex\":{\"source\":\"message\\\\-error\"}}}{\"controlType\":\"sap.m.ColumnListItem\",\"viewName\":\"etm.portal.ui.managerequests.view.NewRequest\",\"bindingPath\":{\"modelName\":\"newRequestItems\",\"path\":\"/RequestItems/0\"},\"ancestor\":{\"id\":\"requestItemsTable\",\"viewName\":\"etm.portal.ui.managerequests.view.NewRequest\"}}"}]}
RESULT: undefined
COMMAND: POST /session/de809374161c7b69160a618664f1a5fa/element - {"using":"xpath","value":"//*[@id=\"__status4-__xmlview1--requestItemsTable-0-icon\"]"}
RESULT: {"using":"xpath","value":"//*[@id=\"__status4-__xmlview1--requestItemsTable-0-icon\"]"}
COMMAND: POST /session/de809374161c7b69160a618664f1a5fa/element/f.BF26AF8B2ED0E270307A0F05FC587F4F.d.2E402DC2E2807546DF7DA8B31F3CE976.e.5529/click - {}
RESULT: {}
COMMAND: GET /session/de809374161c7b69160a618664f1a5fa/screenshot - {}
RESULT: {}
COMMAND: POST /session/de809374161c7b69160a618664f1a5fa/execute/async - {"script":"<script> [1562 bytes]","args":[{"selector":{"id":"costObjectAdminTypeComboBox","viewName":"etm.portal.ui.managerequests.view.NewRequest","searchOpenDialogs":true,"interaction":{"idSuffix":"inner"}},"wdio_ui5_key":"costObjectAdminTypeComboBoxetmportal.ui.managerequests.view.NewRequest"}]}
RESULT: {"script":"<script> [1562 bytes]","args":[{"selector":{"id":"costObjectAdminTypeComboBox","viewName":"etm.portal.ui.managerequests.view.NewRequest","searchOpenDialogs":true,"interaction":{"idSuffix":"inner"}},"wdio_ui5_key":"costObjectAdminTypeComboBoxetmportal.ui.managerequests.view.NewRequest"}]}
RESULT: undefined
COMMAND: POST /session/de809374161c7b69160a618664f1a5fa/execute/async - {"script":"<script> [776 bytes]","args":[{"enterText":"Cost Center","selector":{"id":"costObjectAdminTypeComboBox","viewName":"etm.portal.ui.managerequests.view.NewRequest","searchOpenDialogs":true,"interaction":{"idSuffix":"inner"}},"clearTextFirst":true,"interactionType":"ENTER_TEXT"}]}
RESULT: {"script":"<script> [776 bytes]","args":[{"enterText":"Cost Center","selector":{"id":"costObjectAdminTypeComboBox","viewName":"etm.portal.ui.managerequests.view.NewRequest","searchOpenDialogs":true,"interaction":{"idSuffix":"inner"}},"clearTextFirst":true,"interactionType":"ENTER_TEXT"}]}
COMMAND: POST /session/de809374161c7b69160a618664f1a5fa/actions - {"actions":[{"id":"action40","type":"key","parameters":{},"actions":[{"type":"keyDown","value":""},{"type":"pause","duration":10},{"type":"keyUp","value":""}]}]}
RESULT: {"actions":[{"id":"action40","type":"key","parameters":{},"actions":[{"type":"keyDown","value":""},{"type":"pause","duration":10},{"type":"keyUp","value":""}]}]}
COMMAND: GET /session/de809374161c7b69160a618664f1a5fa/screenshot - {}
RESULT: {}
COMMAND: POST /session/de809374161c7b69160a618664f1a5fa/execute/async - {"script":"<script> [1562 bytes]","args":[{"selector":{"id":"costObjectIdComboBox","viewName":"etm.portal.ui.managerequests.view.NewRequest","searchOpenDialogs":true,"interaction":{"idSuffix":"inner"}},"wdio_ui5_key":"costObjectIdComboBoxetmportal.ui.managerequests.view.NewRequest"}]}
RESULT: {"script":"<script> [1562 bytes]","args":[{"selector":{"id":"costObjectIdComboBox","viewName":"etm.portal.ui.managerequests.view.NewRequest","searchOpenDialogs":true,"interaction":{"idSuffix":"inner"}},"wdio_ui5_key":"costObjectIdComboBoxetmportal.ui.managerequests.view.NewRequest"}]}
RESULT: undefined
COMMAND: POST /session/de809374161c7b69160a618664f1a5fa/execute/async - {"script":"<script> [776 bytes]","args":[{"enterText":"1001 - 1001","selector":{"id":"costObjectIdComboBox","viewName":"etm.portal.ui.managerequests.view.NewRequest","searchOpenDialogs":true,"interaction":{"idSuffix":"inner"}},"clearTextFirst":true,"interactionType":"ENTER_TEXT"}]}
RESULT: {"script":"<script> [776 bytes]","args":[{"enterText":"1001 - 1001","selector":{"id":"costObjectIdComboBox","viewName":"etm.portal.ui.managerequests.view.NewRequest","searchOpenDialogs":true,"interaction":{"idSuffix":"inner"}},"clearTextFirst":true,"interactionType":"ENTER_TEXT"}]}
COMMAND: POST /session/de809374161c7b69160a618664f1a5fa/actions - {"actions":[{"id":"action41","type":"key","parameters":{},"actions":[{"type":"keyDown","value":""},{"type":"pause","duration":10},{"type":"keyUp","value":""}]}]}
RESULT: {"actions":[{"id":"action41","type":"key","parameters":{},"actions":[{"type":"keyDown","value":""},{"type":"pause","duration":10},{"type":"keyUp","value":""}]}]}
COMMAND: GET /session/de809374161c7b69160a618664f1a5fa/screenshot - {}
RESULT: {}
COMMAND: POST /session/de809374161c7b69160a618664f1a5fa/element - {"using":"xpath","value":"(//bdi[(text() = 'Save' or . = 'Save')])[1]"}
RESULT: {"using":"xpath","value":"(//bdi[(text() = 'Save' or . = 'Save')])[1]"}
COMMAND: POST /session/de809374161c7b69160a618664f1a5fa/element/f.BF26AF8B2ED0E270307A0F05FC587F4F.d.2E402DC2E2807546DF7DA8B31F3CE976.e.5545/click - {}
RESULT: {}
COMMAND: POST /session/de809374161c7b69160a618664f1a5fa/execute/async - {"script":"<script> [1562 bytes]","args":[{"selector":{"controlType":"sap.ui.core.Icon","viewName":"etm.portal.ui.managerequests.view.NewRequest","properties":{"src":{"regex":{"source":"message\\-error"}}},"ancestor":{"controlType":"sap.m.ColumnListItem","viewName":"etm.portal.ui.managerequests.view.NewRequest","bindingPath":{"modelName":"newRequestItems","path":"/RequestItems/1"},"ancestor":{"id":"requestItemsTable","viewName":"etm.portal.ui.managerequests.view.NewRequest"}}},"wdio_ui5_key":"etmportal.ui.managerequests.view.NewRequestsap.ui.core.Icon{\"src\":{\"regex\":{\"source\":\"message\\\\-error\"}}}{\"controlType\":\"sap.m.ColumnListItem\",\"viewName\":\"etm.portal.ui.managerequests.view.NewRequest\",\"bindingPath\":{\"modelName\":\"newRequestItems\",\"path\":\"/RequestItems/1\"},\"ancestor\":{\"id\":\"requestItemsTable\",\"viewName\":\"etm.portal.ui.managerequests.view.NewRequest\"}}"}]}
COMMAND: GET /session/de809374161c7b69160a618664f1a5fa/screenshot - {}
RESULT: {"script":"<script> [1562 bytes]","args":[{"selector":{"controlType":"sap.ui.core.Icon","viewName":"etm.portal.ui.managerequests.view.NewRequest","properties":{"src":{"regex":{"source":"message\\-error"}}},"ancestor":{"controlType":"sap.m.ColumnListItem","viewName":"etm.portal.ui.managerequests.view.NewRequest","bindingPath":{"modelName":"newRequestItems","path":"/RequestItems/1"},"ancestor":{"id":"requestItemsTable","viewName":"etm.portal.ui.managerequests.view.NewRequest"}}},"wdio_ui5_key":"etmportal.ui.managerequests.view.NewRequestsap.ui.core.Icon{\"src\":{\"regex\":{\"source\":\"message\\\\-error\"}}}{\"controlType\":\"sap.m.ColumnListItem\",\"viewName\":\"etm.portal.ui.managerequests.view.NewRequest\",\"bindingPath\":{\"modelName\":\"newRequestItems\",\"path\":\"/RequestItems/1\"},\"ancestor\":{\"id\":\"requestItemsTable\",\"viewName\":\"etm.portal.ui.managerequests.view.NewRequest\"}}"}]}
RESULT: undefined
COMMAND: POST /session/de809374161c7b69160a618664f1a5fa/element - {"using":"xpath","value":"//*[@id=\"__status4-__xmlview1--requestItemsTable-1-icon\"]"}
RESULT: {}
RESULT: {"using":"xpath","value":"//*[@id=\"__status4-__xmlview1--requestItemsTable-1-icon\"]"}
COMMAND: POST /session/de809374161c7b69160a618664f1a5fa/element/f.BF26AF8B2ED0E270307A0F05FC587F4F.d.2E402DC2E2807546DF7DA8B31F3CE976.e.5548/click - {}
RESULT: {}
COMMAND: GET /session/de809374161c7b69160a618664f1a5fa/screenshot - {}
RESULT: {}
RESULT: undefined
COMMAND: POST /session/de809374161c7b69160a618664f1a5fa/execute/async - {"script":"<script> [776 bytes]","args":[{"enterText":"Cost Center","selector":{"id":"costObjectAdminTypeComboBox","viewName":"etm.portal.ui.managerequests.view.NewRequest","searchOpenDialogs":true,"interaction":{"idSuffix":"inner"}},"clearTextFirst":true,"interactionType":"ENTER_TEXT"}]}
RESULT: {"script":"<script> [776 bytes]","args":[{"enterText":"Cost Center","selector":{"id":"costObjectAdminTypeComboBox","viewName":"etm.portal.ui.managerequests.view.NewRequest","searchOpenDialogs":true,"interaction":{"idSuffix":"inner"}},"clearTextFirst":true,"interactionType":"ENTER_TEXT"}]}
COMMAND: POST /session/de809374161c7b69160a618664f1a5fa/actions - {"actions":[{"id":"action42","type":"key","parameters":{},"actions":[{"type":"keyDown","value":""},{"type":"pause","duration":10},{"type":"keyUp","value":""}]}]}
RESULT: {"actions":[{"id":"action42","type":"key","parameters":{},"actions":[{"type":"keyDown","value":""},{"type":"pause","duration":10},{"type":"keyUp","value":""}]}]}
COMMAND: GET /session/de809374161c7b69160a618664f1a5fa/screenshot - {}
RESULT: {}
RESULT: undefined
COMMAND: POST /session/de809374161c7b69160a618664f1a5fa/execute/async - {"script":"<script> [776 bytes]","args":[{"enterText":"1001 - 1001","selector":{"id":"costObjectIdComboBox","viewName":"etm.portal.ui.managerequests.view.NewRequest","searchOpenDialogs":true,"interaction":{"idSuffix":"inner"}},"clearTextFirst":true,"interactionType":"ENTER_TEXT"}]}
RESULT: {"script":"<script> [776 bytes]","args":[{"enterText":"1001 - 1001","selector":{"id":"costObjectIdComboBox","viewName":"etm.portal.ui.managerequests.view.NewRequest","searchOpenDialogs":true,"interaction":{"idSuffix":"inner"}},"clearTextFirst":true,"interactionType":"ENTER_TEXT"}]}
COMMAND: POST /session/de809374161c7b69160a618664f1a5fa/actions - {"actions":[{"id":"action43","type":"key","parameters":{},"actions":[{"type":"keyDown","value":""},{"type":"pause","duration":10},{"type":"keyUp","value":""}]}]}
RESULT: {"actions":[{"id":"action43","type":"key","parameters":{},"actions":[{"type":"keyDown","value":""},{"type":"pause","duration":10},{"type":"keyUp","value":""}]}]}
COMMAND: GET /session/de809374161c7b69160a618664f1a5fa/screenshot - {}
RESULT: {}
COMMAND: POST /session/de809374161c7b69160a618664f1a5fa/element - {"using":"xpath","value":"(//bdi[(text() = 'Save' or . = 'Save')])[1]"}
RESULT: {"using":"xpath","value":"(//bdi[(text() = 'Save' or . = 'Save')])[1]"}
COMMAND: POST /session/de809374161c7b69160a618664f1a5fa/element/f.BF26AF8B2ED0E270307A0F05FC587F4F.d.2E402DC2E2807546DF7DA8B31F3CE976.e.5560/click - {}
RESULT: {}
COMMAND: GET /session/de809374161c7b69160a618664f1a5fa/screenshot - {}
RESULT: {}
COMMAND: POST /session/de809374161c7b69160a618664f1a5fa/execute/async - {"script":"<script> [1562 bytes]","args":[{"selector":{"controlType":"sap.m.Button","viewName":"etm.portal.ui.managerequests.view.NewRequest","bindingPath":{"path":"/RequestItems/0","propertyPath":"PICK_UP","modelName":"newRequestItems"},"interaction":{"idSuffix":"BDI-content"}},"wdio_ui5_key":"etmportal.ui.managerequests.view.NewRequestsap.m.Button{\"path\":\"/RequestItems/0\",\"propertyPath\":\"PICK_UP\",\"modelName\":\"newRequestItems\"}"}]}
RESULT: {"script":"<script> [1562 bytes]","args":[{"selector":{"controlType":"sap.m.Button","viewName":"etm.portal.ui.managerequests.view.NewRequest","bindingPath":{"path":"/RequestItems/0","propertyPath":"PICK_UP","modelName":"newRequestItems"},"interaction":{"idSuffix":"BDI-content"}},"wdio_ui5_key":"etmportal.ui.managerequests.view.NewRequestsap.m.Button{\"path\":\"/RequestItems/0\",\"propertyPath\":\"PICK_UP\",\"modelName\":\"newRequestItems\"}"}]}
RESULT: undefined
COMMAND: POST /session/de809374161c7b69160a618664f1a5fa/element - {"using":"xpath","value":"//*[@id=\"__xmlview1--pickUpItemButton-__xmlview1--requestItemsTable-0\"]"}
RESULT: {"using":"xpath","value":"//*[@id=\"__xmlview1--pickUpItemButton-__xmlview1--requestItemsTable-0\"]"}
COMMAND: POST /session/de809374161c7b69160a618664f1a5fa/element/f.BF26AF8B2ED0E270307A0F05FC587F4F.d.2E402DC2E2807546DF7DA8B31F3CE976.e.5564/click - {}
RESULT: {}
COMMAND: GET /session/de809374161c7b69160a618664f1a5fa/screenshot - {}
RESULT: {}
COMMAND: POST /session/de809374161c7b69160a618664f1a5fa/execute/async - {"script":"<script> [1562 bytes]","args":[{"selector":{"controlType":"sap.m.Button","viewName":"etm.portal.ui.managerequests.view.NewRequest","properties":{"text":"Save"},"i18NText":{"propertyName":"tooltip","key":"save"},"interaction":{"idSuffix":"BDI-content"}},"wdio_ui5_key":"etmportal.ui.managerequests.view.NewRequestsap.m.Button{\"propertyName\":\"tooltip\",\"key\":\"save\"}{\"text\":\"Save\"}"}]}
RESULT: {"script":"<script> [1562 bytes]","args":[{"selector":{"controlType":"sap.m.Button","viewName":"etm.portal.ui.managerequests.view.NewRequest","properties":{"text":"Save"},"i18NText":{"propertyName":"tooltip","key":"save"},"interaction":{"idSuffix":"BDI-content"}},"wdio_ui5_key":"etmportal.ui.managerequests.view.NewRequestsap.m.Button{\"propertyName\":\"tooltip\",\"key\":\"save\"}{\"text\":\"Save\"}"}]}
RESULT: undefined
COMMAND: POST /session/de809374161c7b69160a618664f1a5fa/element - {"using":"xpath","value":"//*[@id=\"__button11\"]"}
RESULT: {"using":"xpath","value":"//*[@id=\"__button11\"]"}
COMMAND: POST /session/de809374161c7b69160a618664f1a5fa/element/f.BF26AF8B2ED0E270307A0F05FC587F4F.d.2E402DC2E2807546DF7DA8B31F3CE976.e.5381/click - {}
RESULT: {}
COMMAND: GET /session/de809374161c7b69160a618664f1a5fa/screenshot - {}
RESULT: {}
COMMAND: POST /session/de809374161c7b69160a618664f1a5fa/execute/async - {"script":"<script> [1562 bytes]","args":[{"selector":{"controlType":"sap.m.Text","searchOpenDialogs":true},"wdio_ui5_key":"sapm.Text"}]}
RESULT: {"script":"<script> [1562 bytes]","args":[{"selector":{"controlType":"sap.m.Text","searchOpenDialogs":true},"wdio_ui5_key":"sapm.Text"}]}
RESULT: undefined
COMMAND: POST /session/de809374161c7b69160a618664f1a5fa/execute/async - {"script":"<script> [6424 bytes]","args":[{"element-6066-11e4-a52e-4f735466cecf":"f.BF26AF8B2ED0E270307A0F05FC587F4F.d.2E402DC2E2807546DF7DA8B31F3CE976.e.5568"},"getText",[]]}
RESULT: {"script":"<script> [6424 bytes]","args":[{"element-6066-11e4-a52e-4f735466cecf":"f.BF26AF8B2ED0E270307A0F05FC587F4F.d.2E402DC2E2807546DF7DA8B31F3CE976.e.5568"},"getText",[]]}
COMMAND: POST /session/de809374161c7b69160a618664f1a5fa/execute/async - {"script":"<script> [1562 bytes]","args":[{"selector":{"controlType":"sap.m.Button","properties":{"text":"Close"},"searchOpenDialogs":true,"interaction":{"idSuffix":"BDI-content"}},"wdio_ui5_key":"sapm.Button{\"text\":\"Close\"}"}]}
RESULT: {"script":"<script> [1562 bytes]","args":[{"selector":{"controlType":"sap.m.Button","properties":{"text":"Close"},"searchOpenDialogs":true,"interaction":{"idSuffix":"BDI-content"}},"wdio_ui5_key":"sapm.Button{\"text\":\"Close\"}"}]}
RESULT: undefined
COMMAND: POST /session/de809374161c7b69160a618664f1a5fa/element - {"using":"xpath","value":"//*[@id=\"__mbox-btn-0\"]"}
RESULT: {"using":"xpath","value":"//*[@id=\"__mbox-btn-0\"]"}
COMMAND: POST /session/de809374161c7b69160a618664f1a5fa/element/f.BF26AF8B2ED0E270307A0F05FC587F4F.d.2E402DC2E2807546DF7DA8B31F3CE976.e.5567/click - {}
RESULT: {}
COMMAND: GET /session/de809374161c7b69160a618664f1a5fa/screenshot - {}
RESULT: {}
COMMAND: POST /session/de809374161c7b69160a618664f1a5fa/execute/async - {"script":"<script> [1562 bytes]","args":[{"selector":{"controlType":"sap.m.Button","viewName":"etm.portal.ui.managerequests.view.Detail","bindingPath":{"path":"/SmartRequestItemsPlanningBoard(ITEM=10m,REQUEST='20162')","propertyPath":"PICK_UP"}},"wdio_ui5_key":"etmportal.ui.managerequests.view.Detailsap.m.Button{\"path\":\"/SmartRequestItemsPlanningBoard(ITEM=10m,REQUEST='20162')\",\"propertyPath\":\"PICK_UP\"}"}]}
RESULT: {"script":"<script> [1562 bytes]","args":[{"selector":{"controlType":"sap.m.Button","viewName":"etm.portal.ui.managerequests.view.Detail","bindingPath":{"path":"/SmartRequestItemsPlanningBoard(ITEM=10m,REQUEST='20162')","propertyPath":"PICK_UP"}},"wdio_ui5_key":"etmportal.ui.managerequests.view.Detailsap.m.Button{\"path\":\"/SmartRequestItemsPlanningBoard(ITEM=10m,REQUEST='20162')\",\"propertyPath\":\"PICK_UP\"}"}]}
RESULT: undefined
COMMAND: POST /session/de809374161c7b69160a618664f1a5fa/execute/async - {"script":"<script> [6424 bytes]","args":[{"element-6066-11e4-a52e-4f735466cecf":"f.BF26AF8B2ED0E270307A0F05FC587F4F.d.2E402DC2E2807546DF7DA8B31F3CE976.e.5676"},"getType",[]]}
RESULT: {"script":"<script> [6424 bytes]","args":[{"element-6066-11e4-a52e-4f735466cecf":"f.BF26AF8B2ED0E270307A0F05FC587F4F.d.2E402DC2E2807546DF7DA8B31F3CE976.e.5676"},"getType",[]]}
COMMAND: POST /session/de809374161c7b69160a618664f1a5fa/execute/async - {"script":"<script> [1562 bytes]","args":[{"selector":{"controlType":"sap.m.Button","viewName":"etm.portal.ui.managerequests.view.Detail","bindingPath":{"path":"/SmartRequestItemsPlanningBoard(ITEM=20m,REQUEST='20162')","propertyPath":"PICK_UP"}},"wdio_ui5_key":"etmportal.ui.managerequests.view.Detailsap.m.Button{\"path\":\"/SmartRequestItemsPlanningBoard(ITEM=20m,REQUEST='20162')\",\"propertyPath\":\"PICK_UP\"}"}]}
RESULT: {"script":"<script> [1562 bytes]","args":[{"selector":{"controlType":"sap.m.Button","viewName":"etm.portal.ui.managerequests.view.Detail","bindingPath":{"path":"/SmartRequestItemsPlanningBoard(ITEM=20m,REQUEST='20162')","propertyPath":"PICK_UP"}},"wdio_ui5_key":"etmportal.ui.managerequests.view.Detailsap.m.Button{\"path\":\"/SmartRequestItemsPlanningBoard(ITEM=20m,REQUEST='20162')\",\"propertyPath\":\"PICK_UP\"}"}]}
RESULT: undefined
COMMAND: POST /session/de809374161c7b69160a618664f1a5fa/execute/async - {"script":"<script> [6424 bytes]","args":[{"element-6066-11e4-a52e-4f735466cecf":"f.BF26AF8B2ED0E270307A0F05FC587F4F.d.2E402DC2E2807546DF7DA8B31F3CE976.e.5694"},"getType",[]]}
RESULT: {"script":"<script> [6424 bytes]","args":[{"element-6066-11e4-a52e-4f735466cecf":"f.BF26AF8B2ED0E270307A0F05FC587F4F.d.2E402DC2E2807546DF7DA8B31F3CE976.e.5694"},"getType",[]]}
COMMAND: POST /session/de809374161c7b69160a618664f1a5fa/execute/async - {"script":"<script> [1562 bytes]","args":[{"selector":{"id":"pickUpSwitchHeader","viewName":"etm.portal.ui.managerequests.view.Detail","interaction":{"idSuffix":"handle"}},"wdio_ui5_key":"pickUpSwitchHeaderetmportal.ui.managerequests.view.Detail"}]}
RESULT: {"script":"<script> [1562 bytes]","args":[{"selector":{"id":"pickUpSwitchHeader","viewName":"etm.portal.ui.managerequests.view.Detail","interaction":{"idSuffix":"handle"}},"wdio_ui5_key":"pickUpSwitchHeaderetmportal.ui.managerequests.view.Detail"}]}
RESULT: undefined
COMMAND: POST /session/de809374161c7b69160a618664f1a5fa/element - {"using":"xpath","value":"//*[@id=\"__xmlview2--pickUpSwitchHeader\"]"}
RESULT: {"using":"xpath","value":"//*[@id=\"__xmlview2--pickUpSwitchHeader\"]"}
COMMAND: POST /session/de809374161c7b69160a618664f1a5fa/element/f.BF26AF8B2ED0E270307A0F05FC587F4F.d.2E402DC2E2807546DF7DA8B31F3CE976.e.5647/click - {}
RESULT: {}
COMMAND: POST /session/de809374161c7b69160a618664f1a5fa/execute/async - {"script":"<script> [1562 bytes]","args":[{"selector":{"controlType":"sap.ui.core.Icon","viewName":"etm.portal.ui.managerequests.view.Detail","properties":{"src":{"regex":{"source":"pushpin\\-off"}}}},"wdio_ui5_key":"etmportal.ui.managerequests.view.Detailsap.ui.core.Icon{\"src\":{\"regex\":{\"source\":\"pushpin\\\\-off\"}}}"}]}
COMMAND: GET /session/de809374161c7b69160a618664f1a5fa/screenshot - {}
RESULT: {"script":"<script> [1562 bytes]","args":[{"selector":{"controlType":"sap.ui.core.Icon","viewName":"etm.portal.ui.managerequests.view.Detail","properties":{"src":{"regex":{"source":"pushpin\\-off"}}}},"wdio_ui5_key":"etmportal.ui.managerequests.view.Detailsap.ui.core.Icon{\"src\":{\"regex\":{\"source\":\"pushpin\\\\-off\"}}}"}]}
RESULT: undefined
COMMAND: POST /session/de809374161c7b69160a618664f1a5fa/element - {"using":"xpath","value":"//*[@id=\"__xmlview2--detailRequestPage-OPHeaderContent-pinBtn-img\"]"}
RESULT: {}
RESULT: {"using":"xpath","value":"//*[@id=\"__xmlview2--detailRequestPage-OPHeaderContent-pinBtn-img\"]"}
COMMAND: POST /session/de809374161c7b69160a618664f1a5fa/element/f.BF26AF8B2ED0E270307A0F05FC587F4F.d.2E402DC2E2807546DF7DA8B31F3CE976.e.5655/click - {}
RESULT: {}
RESULT: undefined
COMMAND: POST /session/de809374161c7b69160a618664f1a5fa/execute/async - {"script":"<script> [6424 bytes]","args":[{"element-6066-11e4-a52e-4f735466cecf":"f.BF26AF8B2ED0E270307A0F05FC587F4F.d.2E402DC2E2807546DF7DA8B31F3CE976.e.5676"},"getType",[]]}
COMMAND: GET /session/de809374161c7b69160a618664f1a5fa/screenshot - {}
RESULT: {"script":"<script> [6424 bytes]","args":[{"element-6066-11e4-a52e-4f735466cecf":"f.BF26AF8B2ED0E270307A0F05FC587F4F.d.2E402DC2E2807546DF7DA8B31F3CE976.e.5676"},"getType",[]]}
RESULT: undefined
COMMAND: POST /session/de809374161c7b69160a618664f1a5fa/execute/async - {"script":"<script> [6424 bytes]","args":[{"element-6066-11e4-a52e-4f735466cecf":"f.BF26AF8B2ED0E270307A0F05FC587F4F.d.2E402DC2E2807546DF7DA8B31F3CE976.e.5694"},"getType",[]]}
RESULT: {}
RESULT: {"script":"<script> [6424 bytes]","args":[{"element-6066-11e4-a52e-4f735466cecf":"f.BF26AF8B2ED0E270307A0F05FC587F4F.d.2E402DC2E2807546DF7DA8B31F3CE976.e.5694"},"getType",[]]}
COMMAND: POST /session/de809374161c7b69160a618664f1a5fa/execute/async - {"script":"<script> [1562 bytes]","args":[{"selector":{"controlType":"sap.ui.core.Icon","viewName":"etm.portal.ui.managerequests.view.Detail","properties":{"src":{"regex":{"source":"date\\-time"}}},"ancestor":{"controlType":"sap.m.ColumnListItem","viewName":"etm.portal.ui.managerequests.view.Detail","bindingPath":{"path":"/SmartRequestItemsPlanningBoard(ITEM=10m,REQUEST='20162')"},"ancestor":{"id":"requestItemsTable","viewName":"etm.portal.ui.managerequests.view.Detail"}}},"wdio_ui5_key":"etmportal.ui.managerequests.view.Detailsap.ui.core.Icon{\"src\":{\"regex\":{\"source\":\"date\\\\-time\"}}}{\"controlType\":\"sap.m.ColumnListItem\",\"viewName\":\"etm.portal.ui.managerequests.view.Detail\",\"bindingPath\":{\"path\":\"/SmartRequestItemsPlanningBoard(ITEM=10m,REQUEST='20162')\"},\"ancestor\":{\"id\":\"requestItemsTable\",\"viewName\":\"etm.portal.ui.managerequests.view.Detail\"}}"}]}
RESULT: {"script":"<script> [1562 bytes]","args":[{"selector":{"controlType":"sap.ui.core.Icon","viewName":"etm.portal.ui.managerequests.view.Detail","properties":{"src":{"regex":{"source":"date\\-time"}}},"ancestor":{"controlType":"sap.m.ColumnListItem","viewName":"etm.portal.ui.managerequests.view.Detail","bindingPath":{"path":"/SmartRequestItemsPlanningBoard(ITEM=10m,REQUEST='20162')"},"ancestor":{"id":"requestItemsTable","viewName":"etm.portal.ui.managerequests.view.Detail"}}},"wdio_ui5_key":"etmportal.ui.managerequests.view.Detailsap.ui.core.Icon{\"src\":{\"regex\":{\"source\":\"date\\\\-time\"}}}{\"controlType\":\"sap.m.ColumnListItem\",\"viewName\":\"etm.portal.ui.managerequests.view.Detail\",\"bindingPath\":{\"path\":\"/SmartRequestItemsPlanningBoard(ITEM=10m,REQUEST='20162')\"},\"ancestor\":{\"id\":\"requestItemsTable\",\"viewName\":\"etm.portal.ui.managerequests.view.Detail\"}}"}]}
RESULT: undefined
COMMAND: POST /session/de809374161c7b69160a618664f1a5fa/element - {"using":"xpath","value":"//*[@id=\"__button39-__clone1825-img\"]"}
RESULT: {"using":"xpath","value":"//*[@id=\"__button39-__clone1825-img\"]"}
COMMAND: POST /session/de809374161c7b69160a618664f1a5fa/element/f.BF26AF8B2ED0E270307A0F05FC587F4F.d.2E402DC2E2807546DF7DA8B31F3CE976.e.5701/click - {}
RESULT: {}
COMMAND: POST /session/de809374161c7b69160a618664f1a5fa/execute/async - {"script":"<script> [1562 bytes]","args":[{"selector":{"controlType":"sap.m.Button","viewName":"etm.portal.ui.managerequests.view.Detail","properties":{"text":"Close"},"searchOpenDialogs":true,"interaction":{"idSuffix":"inner"}},"wdio_ui5_key":"etmportal.ui.managerequests.view.Detailsap.m.Button{\"text\":\"Close\"}"}]}
COMMAND: GET /session/de809374161c7b69160a618664f1a5fa/screenshot - {}
RESULT: {"script":"<script> [1562 bytes]","args":[{"selector":{"controlType":"sap.m.Button","viewName":"etm.portal.ui.managerequests.view.Detail","properties":{"text":"Close"},"searchOpenDialogs":true,"interaction":{"idSuffix":"inner"}},"wdio_ui5_key":"etmportal.ui.managerequests.view.Detailsap.m.Button{\"text\":\"Close\"}"}]}
RESULT: undefined
COMMAND: POST /session/de809374161c7b69160a618664f1a5fa/element - {"using":"xpath","value":"//*[@id=\"__button49\"]"}
RESULT: {}
RESULT: {"using":"xpath","value":"//*[@id=\"__button49\"]"}
COMMAND: POST /session/de809374161c7b69160a618664f1a5fa/element/f.BF26AF8B2ED0E270307A0F05FC587F4F.d.2E402DC2E2807546DF7DA8B31F3CE976.e.5703/click - {}
RESULT: {}
COMMAND: POST /session/de809374161c7b69160a618664f1a5fa/execute/async - {"script":"<script> [1562 bytes]","args":[{"selector":{"controlType":"sap.ui.core.Icon","viewName":"etm.portal.ui.managerequests.view.Detail","properties":{"src":{"regex":{"source":"date\\-time"}}},"ancestor":{"controlType":"sap.m.ColumnListItem","viewName":"etm.portal.ui.managerequests.view.Detail","bindingPath":{"path":"/SmartRequestItemsPlanningBoard(ITEM=20m,REQUEST='20162')"},"ancestor":{"id":"requestItemsTable","viewName":"etm.portal.ui.managerequests.view.Detail"}}},"wdio_ui5_key":"etmportal.ui.managerequests.view.Detailsap.ui.core.Icon{\"src\":{\"regex\":{\"source\":\"date\\\\-time\"}}}{\"controlType\":\"sap.m.ColumnListItem\",\"viewName\":\"etm.portal.ui.managerequests.view.Detail\",\"bindingPath\":{\"path\":\"/SmartRequestItemsPlanningBoard(ITEM=20m,REQUEST='20162')\"},\"ancestor\":{\"id\":\"requestItemsTable\",\"viewName\":\"etm.portal.ui.managerequests.view.Detail\"}}"}]}
COMMAND: GET /session/de809374161c7b69160a618664f1a5fa/screenshot - {}
RESULT: {"script":"<script> [1562 bytes]","args":[{"selector":{"controlType":"sap.ui.core.Icon","viewName":"etm.portal.ui.managerequests.view.Detail","properties":{"src":{"regex":{"source":"date\\-time"}}},"ancestor":{"controlType":"sap.m.ColumnListItem","viewName":"etm.portal.ui.managerequests.view.Detail","bindingPath":{"path":"/SmartRequestItemsPlanningBoard(ITEM=20m,REQUEST='20162')"},"ancestor":{"id":"requestItemsTable","viewName":"etm.portal.ui.managerequests.view.Detail"}}},"wdio_ui5_key":"etmportal.ui.managerequests.view.Detailsap.ui.core.Icon{\"src\":{\"regex\":{\"source\":\"date\\\\-time\"}}}{\"controlType\":\"sap.m.ColumnListItem\",\"viewName\":\"etm.portal.ui.managerequests.view.Detail\",\"bindingPath\":{\"path\":\"/SmartRequestItemsPlanningBoard(ITEM=20m,REQUEST='20162')\"},\"ancestor\":{\"id\":\"requestItemsTable\",\"viewName\":\"etm.portal.ui.managerequests.view.Detail\"}}"}]}
RESULT: undefined
COMMAND: POST /session/de809374161c7b69160a618664f1a5fa/element - {"using":"xpath","value":"//*[@id=\"__button39-__clone1826-img\"]"}
RESULT: {}
RESULT: {"using":"xpath","value":"//*[@id=\"__button39-__clone1826-img\"]"}
COMMAND: POST /session/de809374161c7b69160a618664f1a5fa/element/f.BF26AF8B2ED0E270307A0F05FC587F4F.d.2E402DC2E2807546DF7DA8B31F3CE976.e.5710/click - {}
RESULT: {}
RESULT: undefined
COMMAND: POST /session/de809374161c7b69160a618664f1a5fa/element - {"using":"xpath","value":"//*[@id=\"__button49\"]"}
COMMAND: GET /session/de809374161c7b69160a618664f1a5fa/screenshot - {}
RESULT: {"using":"xpath","value":"//*[@id=\"__button49\"]"}
COMMAND: POST /session/de809374161c7b69160a618664f1a5fa/elements - {"using":"xpath","value":"//*[@id=\"__button49\"]"}
RESULT: {}
RESULT: {"using":"xpath","value":"//*[@id=\"__button49\"]"}
COMMAND: POST /session/de809374161c7b69160a618664f1a5fa/elements - {"using":"xpath","value":"//*[@id=\"__button49\"]"}
RESULT: {"using":"xpath","value":"//*[@id=\"__button49\"]"}
COMMAND: POST /session/de809374161c7b69160a618664f1a5fa/element - {"using":"xpath","value":"//*[@id=\"__button49\"]"}
RESULT: {"using":"xpath","value":"//*[@id=\"__button49\"]"}
COMMAND: POST /session/de809374161c7b69160a618664f1a5fa/element/f.BF26AF8B2ED0E270307A0F05FC587F4F.d.2E402DC2E2807546DF7DA8B31F3CE976.e.5717/click - {}
RESULT: {}
COMMAND: POST /session/de809374161c7b69160a618664f1a5fa/execute/async - {"script":"<script> [189 bytes]","args":[]}
COMMAND: GET /session/de809374161c7b69160a618664f1a5fa/screenshot - {}
RESULT: {"script":"<script> [189 bytes]","args":[]}
COMMAND: POST /session/de809374161c7b69160a618664f1a5fa/execute/async - {"script":"<script> [123 bytes]","args":[]}
RESULT: {}
RESULT: {"script":"<script> [123 bytes]","args":[]}
COMMAND: POST /session/de809374161c7b69160a618664f1a5fa/timeouts - {"script":"<number>"}
RESULT: {"script":"<number>"}
COMMAND: GET /session/de809374161c7b69160a618664f1a5fa/timeouts - {}
RESULT: {}
RESULT: undefined
COMMAND: POST /session/de809374161c7b69160a618664f1a5fa/execute/async - {"script":"<script> [2676 bytes]","args":[]}
RESULT: {"script":"<script> [2676 bytes]","args":[]}
COMMAND: POST /session/de809374161c7b69160a618664f1a5fa/execute/async - {"script":"<script> [2342 bytes]","args":[{"protocol":"http","hostname":"0.0.0.0","path":"/","capabilities":{"browserName":"chrome","goog:chromeOptions":{"binary":"C:\\Program Files\\Google\\Chrome\\Application\\chrome.exe","args":["--start-maximized"]}},"logLevel":"warn","connectionRetryTimeout":120000,"connectionRetryCount":3,"logLevels":{},"enableDirectConnect":true,"strictSSL":true,"_":"65 more keys: [\"cacheDir\",\"port\",\"requestedCapabilities\",\"automationProtocol\",\"baseUrl\",\"waitforInterval\",\"waitforTimeout\",\"onReload\",\"beforeCommand\",\"afterCommand\",\"rootDir\",\"specs\",\"suites\",\"exclude\",\"groupLogsByTestSpec\",\"excludeDriverLogs\",\"bail\",\"framework\",\"reporters\",\"services\",\"maxInstances\",\"maxInstancesPerCapability\",\"injectGlobals\",\"filesToWatch\",\"execArgv\",\"runnerEnv\",\"runner\",\"shard\",\"specFileRetries\",\"specFileRetriesDelay\",\"specFileRetriesDeferred\",\"reporterSyncInterval\",\"reporterSyncTimeout\",\"cucumberFeaturesWithLineNumbers\",\"autoCompileOpts\",\"mochaOpts\",\"jasmineOpts\",\"cucumberOpts\",\"onPrepare\",\"onWorkerStart\",\"onWorkerEnd\",\"before\",\"beforeSession\",\"beforeSuite\",\"beforeHook\",\"beforeTest\",\"afterTest\",\"afterHook\",\"afterSuite\",\"afterSession\",\"after\",\"onComplete\",\"beforeAssertion\",\"afterAssertion\",\"beforeFeature\",\"beforeScenario\",\"beforeStep\",\"afterStep\",\"afterScenario\",\"afterFeature\",\"_\",\"suite\",\"$0\",\"ignoredWorkerServices\",\"wdi5\"]"}]}
RESULT: {"script":"<script> [2342 bytes]","args":[{"protocol":"http","hostname":"0.0.0.0","path":"/","capabilities":{"browserName":"chrome","goog:chromeOptions":{"binary":"C:\\Program Files\\Google\\Chrome\\Application\\chrome.exe","args":["--start-maximized"]}},"logLevel":"warn","connectionRetryTimeout":120000,"connectionRetryCount":3,"logLevels":{},"enableDirectConnect":true,"strictSSL":true,"_":"65 more keys: [\"cacheDir\",\"port\",\"requestedCapabilities\",\"automationProtocol\",\"baseUrl\",\"waitforInterval\",\"waitforTimeout\",\"onReload\",\"beforeCommand\",\"afterCommand\",\"rootDir\",\"specs\",\"suites\",\"exclude\",\"groupLogsByTestSpec\",\"excludeDriverLogs\",\"bail\",\"framework\",\"reporters\",\"services\",\"maxInstances\",\"maxInstancesPerCapability\",\"injectGlobals\",\"filesToWatch\",\"execArgv\",\"runnerEnv\",\"runner\",\"shard\",\"specFileRetries\",\"specFileRetriesDelay\",\"specFileRetriesDeferred\",\"reporterSyncInterval\",\"reporterSyncTimeout\",\"cucumberFeaturesWithLineNumbers\",\"autoCompileOpts\",\"mochaOpts\",\"jasmineOpts\",\"cucumberOpts\",\"onPrepare\",\"onWorkerStart\",\"onWorkerEnd\",\"before\",\"beforeSession\",\"beforeSuite\",\"beforeHook\",\"beforeTest\",\"afterTest\",\"afterHook\",\"afterSuite\",\"afterSession\",\"after\",\"onComplete\",\"beforeAssertion\",\"afterAssertion\",\"beforeFeature\",\"beforeScenario\",\"beforeStep\",\"afterStep\",\"afterScenario\",\"afterFeature\",\"_\",\"suite\",\"$0\",\"ignoredWorkerServices\",\"wdi5\"]"}]}
COMMAND: POST /session/de809374161c7b69160a618664f1a5fa/execute/async - {"script":"<script> [21126 bytes]","args":[35000]}
RESULT: {"script":"<script> [21126 bytes]","args":[35000]}
COMMAND: POST /session/de809374161c7b69160a618664f1a5fa/execute/async - {"script":"<script> [1562 bytes]","args":[{"selector":{"controlType":"sap.m.Button","viewName":"etm.portal.ui.managerequests.view.Detail","bindingPath":{"path":"/SmartRequestItemsPlanningBoard(ITEM=10m,REQUEST='20162')","propertyPath":"PICK_UP"}},"wdio_ui5_key":"etmportal.ui.managerequests.view.Detailsap.m.Button{\"path\":\"/SmartRequestItemsPlanningBoard(ITEM=10m,REQUEST='20162')\",\"propertyPath\":\"PICK_UP\"}"}]}
RESULT: {"script":"<script> [1562 bytes]","args":[{"selector":{"controlType":"sap.m.Button","viewName":"etm.portal.ui.managerequests.view.Detail","bindingPath":{"path":"/SmartRequestItemsPlanningBoard(ITEM=10m,REQUEST='20162')","propertyPath":"PICK_UP"}},"wdio_ui5_key":"etmportal.ui.managerequests.view.Detailsap.m.Button{\"path\":\"/SmartRequestItemsPlanningBoard(ITEM=10m,REQUEST='20162')\",\"propertyPath\":\"PICK_UP\"}"}]}
RESULT: undefined
COMMAND: POST /session/de809374161c7b69160a618664f1a5fa/execute/async - {"script":"<script> [6424 bytes]","args":[{"element-6066-11e4-a52e-4f735466cecf":"f.BF26AF8B2ED0E270307A0F05FC587F4F.d.2E402DC2E2807546DF7DA8B31F3CE976.e.5676"},"getType",[]]}
RESULT: {"script":"<script> [6424 bytes]","args":[{"element-6066-11e4-a52e-4f735466cecf":"f.BF26AF8B2ED0E270307A0F05FC587F4F.d.2E402DC2E2807546DF7DA8B31F3CE976.e.5676"},"getType",[]]}
COMMAND: POST /session/de809374161c7b69160a618664f1a5fa/execute/async - {"script":"<script> [1562 bytes]","args":[{"selector":{"controlType":"sap.m.Button","viewName":"etm.portal.ui.managerequests.view.Detail","bindingPath":{"path":"/SmartRequestItemsPlanningBoard(ITEM=20m,REQUEST='20162')","propertyPath":"PICK_UP"}},"wdio_ui5_key":"etmportal.ui.managerequests.view.Detailsap.m.Button{\"path\":\"/SmartRequestItemsPlanningBoard(ITEM=20m,REQUEST='20162')\",\"propertyPath\":\"PICK_UP\"}"}]}
RESULT: {"script":"<script> [1562 bytes]","args":[{"selector":{"controlType":"sap.m.Button","viewName":"etm.portal.ui.managerequests.view.Detail","bindingPath":{"path":"/SmartRequestItemsPlanningBoard(ITEM=20m,REQUEST='20162')","propertyPath":"PICK_UP"}},"wdio_ui5_key":"etmportal.ui.managerequests.view.Detailsap.m.Button{\"path\":\"/SmartRequestItemsPlanningBoard(ITEM=20m,REQUEST='20162')\",\"propertyPath\":\"PICK_UP\"}"}]}
RESULT: undefined
COMMAND: POST /session/de809374161c7b69160a618664f1a5fa/execute/async - {"script":"<script> [6424 bytes]","args":[{"element-6066-11e4-a52e-4f735466cecf":"f.BF26AF8B2ED0E270307A0F05FC587F4F.d.2E402DC2E2807546DF7DA8B31F3CE976.e.5694"},"getType",[]]}
RESULT: {"script":"<script> [6424 bytes]","args":[{"element-6066-11e4-a52e-4f735466cecf":"f.BF26AF8B2ED0E270307A0F05FC587F4F.d.2E402DC2E2807546DF7DA8B31F3CE976.e.5694"},"getType",[]]}
]]></system-out>
    </testcase>
    <testcase classname="chrome.136_0_7103_93.windows.Manage_request_+_Contract_processing_pick_up_option_US120163_" name="Should Contract processing pick up option" time="203.784">
      <system-out><![CDATA[
COMMAND: POST /session/de809374161c7b69160a618664f1a5fa/execute/async - {"script":"<script> [1562 bytes]","args":[{"selector":{"id":"requestContractNo","viewName":"etm.portal.ui.managerequests.view.Detail"},"wdio_ui5_key":"requestContractNoetmportal.ui.managerequests.view.Detail"}]}
RESULT: {"script":"<script> [1562 bytes]","args":[{"selector":{"id":"requestContractNo","viewName":"etm.portal.ui.managerequests.view.Detail"},"wdio_ui5_key":"requestContractNoetmportal.ui.managerequests.view.Detail"}]}
RESULT: undefined
COMMAND: POST /session/de809374161c7b69160a618664f1a5fa/element - {"using":"xpath","value":"//*[@id=\"__xmlview2--requestContractNo\"]"}
RESULT: {"using":"xpath","value":"//*[@id=\"__xmlview2--requestContractNo\"]"}
COMMAND: POST /session/de809374161c7b69160a618664f1a5fa/element/f.BF26AF8B2ED0E270307A0F05FC587F4F.d.2E402DC2E2807546DF7DA8B31F3CE976.e.5719/click - {}
RESULT: {}
COMMAND: POST /session/de809374161c7b69160a618664f1a5fa/execute/async - {"script":"<script> [1562 bytes]","args":[{"selector":{"controlType":"sap.m.Link","viewName":"etm.portal.ui.managerequests.view.Detail","properties":{"text":"Contract Overview"},"searchOpenDialogs":true},"wdio_ui5_key":"etmportal.ui.managerequests.view.Detailsap.m.Link{\"text\":\"Contract Overview\"}"}]}
COMMAND: GET /session/de809374161c7b69160a618664f1a5fa/screenshot - {}
RESULT: {"script":"<script> [1562 bytes]","args":[{"selector":{"controlType":"sap.m.Link","viewName":"etm.portal.ui.managerequests.view.Detail","properties":{"text":"Contract Overview"},"searchOpenDialogs":true},"wdio_ui5_key":"etmportal.ui.managerequests.view.Detailsap.m.Link{\"text\":\"Contract Overview\"}"}]}
RESULT: undefined
COMMAND: POST /session/de809374161c7b69160a618664f1a5fa/element - {"using":"xpath","value":"//*[@id=\"__link8\"]"}
RESULT: {}
RESULT: {"using":"xpath","value":"//*[@id=\"__link8\"]"}
COMMAND: POST /session/de809374161c7b69160a618664f1a5fa/element/f.BF26AF8B2ED0E270307A0F05FC587F4F.d.2E402DC2E2807546DF7DA8B31F3CE976.e.5721/click - {}
RESULT: {}
COMMAND: GET /session/de809374161c7b69160a618664f1a5fa/screenshot - {}
RESULT: {}
COMMAND: POST /session/de809374161c7b69160a618664f1a5fa/element - {"using":"xpath","value":"//div[contains(@id ,\"headerBillingItemsTabFilter-text\")]"}
RESULT: {"using":"xpath","value":"//div[contains(@id ,\"headerBillingItemsTabFilter-text\")]"}
COMMAND: POST /session/de809374161c7b69160a618664f1a5fa/elements - {"using":"xpath","value":"//div[contains(@id ,\"headerBillingItemsTabFilter-text\")]"}
RESULT: {"using":"xpath","value":"//div[contains(@id ,\"headerBillingItemsTabFilter-text\")]"}
COMMAND: POST /session/de809374161c7b69160a618664f1a5fa/elements - {"using":"xpath","value":"//div[contains(@id ,\"headerBillingItemsTabFilter-text\")]"}
RESULT: {"using":"xpath","value":"//div[contains(@id ,\"headerBillingItemsTabFilter-text\")]"}
COMMAND: POST /session/de809374161c7b69160a618664f1a5fa/element - {"using":"xpath","value":"//div[contains(@id ,\"headerBillingItemsTabFilter-text\")]"}
RESULT: {"using":"xpath","value":"//div[contains(@id ,\"headerBillingItemsTabFilter-text\")]"}
COMMAND: POST /session/de809374161c7b69160a618664f1a5fa/element/f.BF26AF8B2ED0E270307A0F05FC587F4F.d.2E402DC2E2807546DF7DA8B31F3CE976.e.5827/click - {}
RESULT: {}
COMMAND: GET /session/de809374161c7b69160a618664f1a5fa/screenshot - {}
RESULT: {}
COMMAND: POST /session/de809374161c7b69160a618664f1a5fa/execute/async - {"script":"<script> [1562 bytes]","args":[{"selector":{"id":"addRequestItemBtn","viewName":"etm.portal.ui.managecontracts.view.Detail","interaction":{"idSuffix":"BDI-content"}},"wdio_ui5_key":"addRequestItemBtnetmportal.ui.managecontracts.view.Detail"}]}
RESULT: {"script":"<script> [1562 bytes]","args":[{"selector":{"id":"addRequestItemBtn","viewName":"etm.portal.ui.managecontracts.view.Detail","interaction":{"idSuffix":"BDI-content"}},"wdio_ui5_key":"addRequestItemBtnetmportal.ui.managecontracts.view.Detail"}]}
RESULT: undefined
COMMAND: POST /session/de809374161c7b69160a618664f1a5fa/element - {"using":"xpath","value":"//*[@id=\"__xmlview4--addRequestItemBtn\"]"}
RESULT: {"using":"xpath","value":"//*[@id=\"__xmlview4--addRequestItemBtn\"]"}
COMMAND: POST /session/de809374161c7b69160a618664f1a5fa/element/f.BF26AF8B2ED0E270307A0F05FC587F4F.d.2E402DC2E2807546DF7DA8B31F3CE976.e.5883/click - {}
RESULT: {}
COMMAND: GET /session/de809374161c7b69160a618664f1a5fa/screenshot - {}
RESULT: {}
COMMAND: POST /session/de809374161c7b69160a618664f1a5fa/element - {"using":"xpath","value":"//div[contains(@id ,\"popupRequestTable-sa-CbBg\")]"}
RESULT: {"using":"xpath","value":"//div[contains(@id ,\"popupRequestTable-sa-CbBg\")]"}
COMMAND: POST /session/de809374161c7b69160a618664f1a5fa/element/f.BF26AF8B2ED0E270307A0F05FC587F4F.d.2E402DC2E2807546DF7DA8B31F3CE976.e.5906/click - {}
RESULT: {}
COMMAND: GET /session/de809374161c7b69160a618664f1a5fa/screenshot - {}
RESULT: {}
COMMAND: POST /session/de809374161c7b69160a618664f1a5fa/execute/async - {"script":"<script> [1562 bytes]","args":[{"selector":{"controlType":"sap.m.Button","viewName":"etm.portal.ui.managecontracts.view.Detail","i18NText":{"propertyName":"text","key":"selectionDone"},"searchOpenDialogs":true,"interaction":{"idSuffix":"content"}},"wdio_ui5_key":"etmportal.ui.managecontracts.view.Detailsap.m.Button{\"propertyName\":\"text\",\"key\":\"selectionDone\"}"}]}
RESULT: {"script":"<script> [1562 bytes]","args":[{"selector":{"controlType":"sap.m.Button","viewName":"etm.portal.ui.managecontracts.view.Detail","i18NText":{"propertyName":"text","key":"selectionDone"},"searchOpenDialogs":true,"interaction":{"idSuffix":"content"}},"wdio_ui5_key":"etmportal.ui.managecontracts.view.Detailsap.m.Button{\"propertyName\":\"text\",\"key\":\"selectionDone\"}"}]}
RESULT: undefined
COMMAND: POST /session/de809374161c7b69160a618664f1a5fa/element - {"using":"xpath","value":"//*[@id=\"__button64\"]"}
RESULT: {"using":"xpath","value":"//*[@id=\"__button64\"]"}
COMMAND: POST /session/de809374161c7b69160a618664f1a5fa/element/f.BF26AF8B2ED0E270307A0F05FC587F4F.d.2E402DC2E2807546DF7DA8B31F3CE976.e.5909/click - {}
RESULT: {}
COMMAND: POST /session/de809374161c7b69160a618664f1a5fa/execute/async - {"script":"<script> [1562 bytes]","args":[{"selector":{"controlType":"sap.m.Button","properties":{"text":"OK"},"searchOpenDialogs":true,"interaction":{"idSuffix":"inner"}},"wdio_ui5_key":"sapm.Button{\"text\":\"OK\"}"}]}
COMMAND: GET /session/de809374161c7b69160a618664f1a5fa/screenshot - {}
RESULT: {"script":"<script> [1562 bytes]","args":[{"selector":{"controlType":"sap.m.Button","properties":{"text":"OK"},"searchOpenDialogs":true,"interaction":{"idSuffix":"inner"}},"wdio_ui5_key":"sapm.Button{\"text\":\"OK\"}"}]}
RESULT: undefined
COMMAND: POST /session/de809374161c7b69160a618664f1a5fa/element - {"using":"xpath","value":"//*[@id=\"__mbox-btn-1\"]"}
RESULT: {}
RESULT: {"using":"xpath","value":"//*[@id=\"__mbox-btn-1\"]"}
COMMAND: POST /session/de809374161c7b69160a618664f1a5fa/element/f.BF26AF8B2ED0E270307A0F05FC587F4F.d.2E402DC2E2807546DF7DA8B31F3CE976.e.5910/click - {}
RESULT: {}
COMMAND: GET /session/de809374161c7b69160a618664f1a5fa/screenshot - {}
RESULT: {}
COMMAND: POST /session/de809374161c7b69160a618664f1a5fa/element - {"using":"xpath","value":"//div[contains(@id ,\"headerBillingItemsTabFilter-text\")]"}
RESULT: {"using":"xpath","value":"//div[contains(@id ,\"headerBillingItemsTabFilter-text\")]"}
COMMAND: POST /session/de809374161c7b69160a618664f1a5fa/element/f.BF26AF8B2ED0E270307A0F05FC587F4F.d.2E402DC2E2807546DF7DA8B31F3CE976.e.5827/click - {}
RESULT: {}
COMMAND: GET /session/de809374161c7b69160a618664f1a5fa/screenshot - {}
RESULT: {}
COMMAND: POST /session/de809374161c7b69160a618664f1a5fa/element - {"using":"xpath","value":"//button[contains(@data-kt ,\"refreshButton\")]"}
RESULT: {"using":"xpath","value":"//button[contains(@data-kt ,\"refreshButton\")]"}
COMMAND: POST /session/de809374161c7b69160a618664f1a5fa/element/f.BF26AF8B2ED0E270307A0F05FC587F4F.d.2E402DC2E2807546DF7DA8B31F3CE976.e.5924/click - {}
RESULT: {}
COMMAND: GET /session/de809374161c7b69160a618664f1a5fa/screenshot - {}
RESULT: {}
COMMAND: POST /session/de809374161c7b69160a618664f1a5fa/element - {"using":"xpath","value":"//div[contains(@id ,\"headerBillingItemsTabFilter-text\")]"}
RESULT: {"using":"xpath","value":"//div[contains(@id ,\"headerBillingItemsTabFilter-text\")]"}
COMMAND: POST /session/de809374161c7b69160a618664f1a5fa/element/f.BF26AF8B2ED0E270307A0F05FC587F4F.d.2E402DC2E2807546DF7DA8B31F3CE976.e.5827/click - {}
RESULT: {}
COMMAND: GET /session/de809374161c7b69160a618664f1a5fa/screenshot - {}
RESULT: {}
COMMAND: POST /session/de809374161c7b69160a618664f1a5fa/execute/async - {"script":"<script> [1562 bytes]","args":[{"selector":{"id":"contractDetailProvideButton","viewName":"etm.portal.ui.managecontracts.view.Detail","interaction":{"idSuffix":"BDI-content"}},"wdio_ui5_key":"contractDetailProvideButtonetmportal.ui.managecontracts.view.Detail"}]}
RESULT: {"script":"<script> [1562 bytes]","args":[{"selector":{"id":"contractDetailProvideButton","viewName":"etm.portal.ui.managecontracts.view.Detail","interaction":{"idSuffix":"BDI-content"}},"wdio_ui5_key":"contractDetailProvideButtonetmportal.ui.managecontracts.view.Detail"}]}
RESULT: undefined
COMMAND: POST /session/de809374161c7b69160a618664f1a5fa/element - {"using":"xpath","value":"//*[@id=\"__xmlview4--contractDetailProvideButton\"]"}
RESULT: {"using":"xpath","value":"//*[@id=\"__xmlview4--contractDetailProvideButton\"]"}
COMMAND: POST /session/de809374161c7b69160a618664f1a5fa/element/f.BF26AF8B2ED0E270307A0F05FC587F4F.d.2E402DC2E2807546DF7DA8B31F3CE976.e.5932/click - {}
RESULT: {}
COMMAND: GET /session/de809374161c7b69160a618664f1a5fa/screenshot - {}
RESULT: {}
COMMAND: POST /session/de809374161c7b69160a618664f1a5fa/execute/async - {"script":"<script> [1562 bytes]","args":[{"selector":{"id":"application-managehandovers-display-component---AddNewHO--pickUpCheckbox","interaction":{"idSuffix":"CbBg"}},"wdio_ui5_key":"applicationmanagehandovers-display-component---AddNewHO--pickUpCheckbox"}]}
RESULT: {"script":"<script> [1562 bytes]","args":[{"selector":{"id":"application-managehandovers-display-component---AddNewHO--pickUpCheckbox","interaction":{"idSuffix":"CbBg"}},"wdio_ui5_key":"applicationmanagehandovers-display-component---AddNewHO--pickUpCheckbox"}]}
RESULT: undefined
COMMAND: POST /session/de809374161c7b69160a618664f1a5fa/element - {"using":"xpath","value":"//*[@id=\"application-managehandovers-display-component---AddNewHO--pickUpCheckbox\"]"}
RESULT: {"using":"xpath","value":"//*[@id=\"application-managehandovers-display-component---AddNewHO--pickUpCheckbox\"]"}
COMMAND: POST /session/de809374161c7b69160a618664f1a5fa/element/f.BF26AF8B2ED0E270307A0F05FC587F4F.d.2E402DC2E2807546DF7DA8B31F3CE976.e.6094/click - {}
RESULT: {}
COMMAND: POST /session/de809374161c7b69160a618664f1a5fa/execute/async - {"script":"<script> [1562 bytes]","args":[{"selector":{"id":"application-managehandovers-display-component---AddNewHO--ObjectPageLayout-anchBar-application-managehandovers-display-component---AddNewHO--section4-anchor","interaction":{"idSuffix":"content"}},"wdio_ui5_key":"applicationmanagehandovers-display-component---AddNewHO--ObjectPageLayout-anchBar-application-managehandovers-display-component---AddNewHO--section4-anchor"}]}
COMMAND: GET /session/de809374161c7b69160a618664f1a5fa/screenshot - {}
RESULT: {"script":"<script> [1562 bytes]","args":[{"selector":{"id":"application-managehandovers-display-component---AddNewHO--ObjectPageLayout-anchBar-application-managehandovers-display-component---AddNewHO--section4-anchor","interaction":{"idSuffix":"content"}},"wdio_ui5_key":"applicationmanagehandovers-display-component---AddNewHO--ObjectPageLayout-anchBar-application-managehandovers-display-component---AddNewHO--section4-anchor"}]}
RESULT: undefined
COMMAND: POST /session/de809374161c7b69160a618664f1a5fa/element - {"using":"xpath","value":"//*[@id=\"application-managehandovers-display-component---AddNewHO--ObjectPageLayout-anchBar-application-managehandovers-display-component---AddNewHO--section4-anchor\"]"}
RESULT: {}
RESULT: {"using":"xpath","value":"//*[@id=\"application-managehandovers-display-component---AddNewHO--ObjectPageLayout-anchBar-application-managehandovers-display-component---AddNewHO--section4-anchor\"]"}
COMMAND: POST /session/de809374161c7b69160a618664f1a5fa/element/f.BF26AF8B2ED0E270307A0F05FC587F4F.d.2E402DC2E2807546DF7DA8B31F3CE976.e.6098/click - {}
RESULT: {}
COMMAND: POST /session/de809374161c7b69160a618664f1a5fa/execute/async - {"script":"<script> [1562 bytes]","args":[{"selector":{"controlType":"sap.m.Button","viewName":"etm.portal.ui.managehandovers.view.AddNewHO","viewId":"application-managehandovers-display-component---AddNewHO","i18NText":{"propertyName":"tooltip","key":"addItems"},"interaction":{"idSuffix":"inner"}},"wdio_ui5_key":"etmportal.ui.managehandovers.view.AddNewHOsap.m.Button{\"propertyName\":\"tooltip\",\"key\":\"addItems\"}"}]}
COMMAND: GET /session/de809374161c7b69160a618664f1a5fa/screenshot - {}
RESULT: {"script":"<script> [1562 bytes]","args":[{"selector":{"controlType":"sap.m.Button","viewName":"etm.portal.ui.managehandovers.view.AddNewHO","viewId":"application-managehandovers-display-component---AddNewHO","i18NText":{"propertyName":"tooltip","key":"addItems"},"interaction":{"idSuffix":"inner"}},"wdio_ui5_key":"etmportal.ui.managehandovers.view.AddNewHOsap.m.Button{\"propertyName\":\"tooltip\",\"key\":\"addItems\"}"}]}
RESULT: undefined
COMMAND: POST /session/de809374161c7b69160a618664f1a5fa/element - {"using":"xpath","value":"//*[@id=\"__button81\"]"}
RESULT: {}
RESULT: {"using":"xpath","value":"//*[@id=\"__button81\"]"}
COMMAND: POST /session/de809374161c7b69160a618664f1a5fa/element/f.BF26AF8B2ED0E270307A0F05FC587F4F.d.2E402DC2E2807546DF7DA8B31F3CE976.e.6102/click - {}
RESULT: {}
COMMAND: POST /session/de809374161c7b69160a618664f1a5fa/execute/async - {"script":"<script> [1562 bytes]","args":[{"selector":{"id":"application-managehandovers-display-component---AddNewHO--smartTableHOPopup-header","searchOpenDialogs":true},"wdio_ui5_key":"applicationmanagehandovers-display-component---AddNewHO--smartTableHOPopup-header"}]}
COMMAND: GET /session/de809374161c7b69160a618664f1a5fa/screenshot - {}
RESULT: {"script":"<script> [1562 bytes]","args":[{"selector":{"id":"application-managehandovers-display-component---AddNewHO--smartTableHOPopup-header","searchOpenDialogs":true},"wdio_ui5_key":"applicationmanagehandovers-display-component---AddNewHO--smartTableHOPopup-header"}]}
RESULT: undefined
COMMAND: POST /session/de809374161c7b69160a618664f1a5fa/execute/async - {"script":"<script> [6424 bytes]","args":[{"element-6066-11e4-a52e-4f735466cecf":"f.BF26AF8B2ED0E270307A0F05FC587F4F.d.2E402DC2E2807546DF7DA8B31F3CE976.e.6111"},"getText",[]]}
RESULT: {}
RESULT: {"script":"<script> [6424 bytes]","args":[{"element-6066-11e4-a52e-4f735466cecf":"f.BF26AF8B2ED0E270307A0F05FC587F4F.d.2E402DC2E2807546DF7DA8B31F3CE976.e.6111"},"getText",[]]}
COMMAND: POST /session/de809374161c7b69160a618664f1a5fa/actions - {"actions":[{"id":"action44","type":"key","parameters":{},"actions":[{"type":"keyDown","value":""},{"type":"pause","duration":10},{"type":"keyUp","value":""}]}]}
RESULT: {"actions":[{"id":"action44","type":"key","parameters":{},"actions":[{"type":"keyDown","value":""},{"type":"pause","duration":10},{"type":"keyUp","value":""}]}]}
COMMAND: GET /session/de809374161c7b69160a618664f1a5fa/screenshot - {}
RESULT: {}
COMMAND: POST /session/de809374161c7b69160a618664f1a5fa/execute/async - {"script":"<script> [1562 bytes]","args":[{"selector":{"id":"backBtn"},"wdio_ui5_key":"backBtn"}]}
RESULT: {"script":"<script> [1562 bytes]","args":[{"selector":{"id":"backBtn"},"wdio_ui5_key":"backBtn"}]}
RESULT: undefined
COMMAND: POST /session/de809374161c7b69160a618664f1a5fa/element - {"using":"xpath","value":"//*[@id=\"backBtn\"]"}
RESULT: {"using":"xpath","value":"//*[@id=\"backBtn\"]"}
COMMAND: POST /session/de809374161c7b69160a618664f1a5fa/element/f.BF26AF8B2ED0E270307A0F05FC587F4F.d.2E402DC2E2807546DF7DA8B31F3CE976.e.6113/click - {}
RESULT: {}
COMMAND: GET /session/de809374161c7b69160a618664f1a5fa/screenshot - {}
RESULT: {}
COMMAND: POST /session/de809374161c7b69160a618664f1a5fa/refresh - {}
RESULT: {}
COMMAND: GET /session/de809374161c7b69160a618664f1a5fa/screenshot - {}
RESULT: {}
COMMAND: POST /session/de809374161c7b69160a618664f1a5fa/execute/async - {"script":"<script> [189 bytes]","args":[]}
RESULT: {"script":"<script> [189 bytes]","args":[]}
COMMAND: POST /session/de809374161c7b69160a618664f1a5fa/execute/async - {"script":"<script> [123 bytes]","args":[]}
RESULT: {"script":"<script> [123 bytes]","args":[]}
COMMAND: POST /session/de809374161c7b69160a618664f1a5fa/timeouts - {"script":"<number>"}
RESULT: {"script":"<number>"}
COMMAND: GET /session/de809374161c7b69160a618664f1a5fa/timeouts - {}
RESULT: {}
RESULT: undefined
COMMAND: POST /session/de809374161c7b69160a618664f1a5fa/execute/async - {"script":"<script> [2676 bytes]","args":[]}
RESULT: {"script":"<script> [2676 bytes]","args":[]}
COMMAND: POST /session/de809374161c7b69160a618664f1a5fa/execute/async - {"script":"<script> [2342 bytes]","args":[{"protocol":"http","hostname":"0.0.0.0","path":"/","capabilities":{"browserName":"chrome","goog:chromeOptions":{"binary":"C:\\Program Files\\Google\\Chrome\\Application\\chrome.exe","args":["--start-maximized"]}},"logLevel":"warn","connectionRetryTimeout":120000,"connectionRetryCount":3,"logLevels":{},"enableDirectConnect":true,"strictSSL":true,"_":"65 more keys: [\"cacheDir\",\"port\",\"requestedCapabilities\",\"automationProtocol\",\"baseUrl\",\"waitforInterval\",\"waitforTimeout\",\"onReload\",\"beforeCommand\",\"afterCommand\",\"rootDir\",\"specs\",\"suites\",\"exclude\",\"groupLogsByTestSpec\",\"excludeDriverLogs\",\"bail\",\"framework\",\"reporters\",\"services\",\"maxInstances\",\"maxInstancesPerCapability\",\"injectGlobals\",\"filesToWatch\",\"execArgv\",\"runnerEnv\",\"runner\",\"shard\",\"specFileRetries\",\"specFileRetriesDelay\",\"specFileRetriesDeferred\",\"reporterSyncInterval\",\"reporterSyncTimeout\",\"cucumberFeaturesWithLineNumbers\",\"autoCompileOpts\",\"mochaOpts\",\"jasmineOpts\",\"cucumberOpts\",\"onPrepare\",\"onWorkerStart\",\"onWorkerEnd\",\"before\",\"beforeSession\",\"beforeSuite\",\"beforeHook\",\"beforeTest\",\"afterTest\",\"afterHook\",\"afterSuite\",\"afterSession\",\"after\",\"onComplete\",\"beforeAssertion\",\"afterAssertion\",\"beforeFeature\",\"beforeScenario\",\"beforeStep\",\"afterStep\",\"afterScenario\",\"afterFeature\",\"_\",\"suite\",\"$0\",\"ignoredWorkerServices\",\"wdi5\"]"}]}
RESULT: {"script":"<script> [2342 bytes]","args":[{"protocol":"http","hostname":"0.0.0.0","path":"/","capabilities":{"browserName":"chrome","goog:chromeOptions":{"binary":"C:\\Program Files\\Google\\Chrome\\Application\\chrome.exe","args":["--start-maximized"]}},"logLevel":"warn","connectionRetryTimeout":120000,"connectionRetryCount":3,"logLevels":{},"enableDirectConnect":true,"strictSSL":true,"_":"65 more keys: [\"cacheDir\",\"port\",\"requestedCapabilities\",\"automationProtocol\",\"baseUrl\",\"waitforInterval\",\"waitforTimeout\",\"onReload\",\"beforeCommand\",\"afterCommand\",\"rootDir\",\"specs\",\"suites\",\"exclude\",\"groupLogsByTestSpec\",\"excludeDriverLogs\",\"bail\",\"framework\",\"reporters\",\"services\",\"maxInstances\",\"maxInstancesPerCapability\",\"injectGlobals\",\"filesToWatch\",\"execArgv\",\"runnerEnv\",\"runner\",\"shard\",\"specFileRetries\",\"specFileRetriesDelay\",\"specFileRetriesDeferred\",\"reporterSyncInterval\",\"reporterSyncTimeout\",\"cucumberFeaturesWithLineNumbers\",\"autoCompileOpts\",\"mochaOpts\",\"jasmineOpts\",\"cucumberOpts\",\"onPrepare\",\"onWorkerStart\",\"onWorkerEnd\",\"before\",\"beforeSession\",\"beforeSuite\",\"beforeHook\",\"beforeTest\",\"afterTest\",\"afterHook\",\"afterSuite\",\"afterSession\",\"after\",\"onComplete\",\"beforeAssertion\",\"afterAssertion\",\"beforeFeature\",\"beforeScenario\",\"beforeStep\",\"afterStep\",\"afterScenario\",\"afterFeature\",\"_\",\"suite\",\"$0\",\"ignoredWorkerServices\",\"wdi5\"]"}]}
COMMAND: POST /session/de809374161c7b69160a618664f1a5fa/execute/async - {"script":"<script> [21126 bytes]","args":[35000]}
RESULT: {"script":"<script> [21126 bytes]","args":[35000]}
COMMAND: POST /session/de809374161c7b69160a618664f1a5fa/element - {"using":"xpath","value":"//div[contains(@id ,\"headerBillingItemsTabFilter-text\")]"}
RESULT: {"using":"xpath","value":"//div[contains(@id ,\"headerBillingItemsTabFilter-text\")]"}
COMMAND: POST /session/de809374161c7b69160a618664f1a5fa/element/f.BF26AF8B2ED0E270307A0F05FC587F4F.d.9966CF202AF4BCB4A520D7E015DF3D51.e.6466/click - {}
RESULT: {}
COMMAND: GET /session/de809374161c7b69160a618664f1a5fa/screenshot - {}
RESULT: {}
COMMAND: POST /session/de809374161c7b69160a618664f1a5fa/execute/async - {"script":"<script> [1562 bytes]","args":[{"selector":{"id":"revertPlanningBtn","viewName":"etm.portal.ui.managecontracts.view.Detail","interaction":{"idSuffix":"BDI-content"}},"wdio_ui5_key":"revertPlanningBtnetmportal.ui.managecontracts.view.Detail"}]}
RESULT: {"script":"<script> [1562 bytes]","args":[{"selector":{"id":"revertPlanningBtn","viewName":"etm.portal.ui.managecontracts.view.Detail","interaction":{"idSuffix":"BDI-content"}},"wdio_ui5_key":"revertPlanningBtnetmportal.ui.managecontracts.view.Detail"}]}
RESULT: undefined
COMMAND: POST /session/de809374161c7b69160a618664f1a5fa/element - {"using":"xpath","value":"//*[@id=\"__xmlview1--revertPlanningBtn\"]"}
RESULT: {"using":"xpath","value":"//*[@id=\"__xmlview1--revertPlanningBtn\"]"}
COMMAND: POST /session/de809374161c7b69160a618664f1a5fa/element/f.BF26AF8B2ED0E270307A0F05FC587F4F.d.9966CF202AF4BCB4A520D7E015DF3D51.e.6350/click - {}
RESULT: {}
COMMAND: GET /session/de809374161c7b69160a618664f1a5fa/screenshot - {}
RESULT: {}
COMMAND: POST /session/de809374161c7b69160a618664f1a5fa/actions - {"actions":[{"id":"action45","type":"key","parameters":{},"actions":[{"type":"keyDown","value":""},{"type":"pause","duration":10},{"type":"keyUp","value":""}]}]}
RESULT: {"actions":[{"id":"action45","type":"key","parameters":{},"actions":[{"type":"keyDown","value":""},{"type":"pause","duration":10},{"type":"keyUp","value":""}]}]}
COMMAND: GET /session/de809374161c7b69160a618664f1a5fa/screenshot - {}
RESULT: {}
COMMAND: POST /session/de809374161c7b69160a618664f1a5fa/element - {"using":"xpath","value":"//div[contains(@id ,\"ProductsTable-sa-CbBg\")]"}
RESULT: {"using":"xpath","value":"//div[contains(@id ,\"ProductsTable-sa-CbBg\")]"}
COMMAND: POST /session/de809374161c7b69160a618664f1a5fa/element/f.BF26AF8B2ED0E270307A0F05FC587F4F.d.9966CF202AF4BCB4A520D7E015DF3D51.e.6516/click - {}
RESULT: {}
COMMAND: GET /session/de809374161c7b69160a618664f1a5fa/screenshot - {}
RESULT: {}
COMMAND: POST /session/de809374161c7b69160a618664f1a5fa/execute/async - {"script":"<script> [1562 bytes]","args":[{"selector":{"id":"executeRevertPlanningBtn","viewName":"etm.portal.ui.managecontracts.view.Detail","interaction":{"idSuffix":"BDI-content"}},"wdio_ui5_key":"executeRevertPlanningBtnetmportal.ui.managecontracts.view.Detail"}]}
RESULT: {"script":"<script> [1562 bytes]","args":[{"selector":{"id":"executeRevertPlanningBtn","viewName":"etm.portal.ui.managecontracts.view.Detail","interaction":{"idSuffix":"BDI-content"}},"wdio_ui5_key":"executeRevertPlanningBtnetmportal.ui.managecontracts.view.Detail"}]}
RESULT: undefined
COMMAND: POST /session/de809374161c7b69160a618664f1a5fa/element - {"using":"xpath","value":"//*[@id=\"__xmlview1--executeRevertPlanningBtn\"]"}
RESULT: {"using":"xpath","value":"//*[@id=\"__xmlview1--executeRevertPlanningBtn\"]"}
COMMAND: POST /session/de809374161c7b69160a618664f1a5fa/element/f.BF26AF8B2ED0E270307A0F05FC587F4F.d.9966CF202AF4BCB4A520D7E015DF3D51.e.6515/click - {}
RESULT: {}
COMMAND: GET /session/de809374161c7b69160a618664f1a5fa/screenshot - {}
RESULT: {}
COMMAND: POST /session/de809374161c7b69160a618664f1a5fa/actions - {"actions":[{"id":"action46","type":"key","parameters":{},"actions":[{"type":"keyDown","value":""},{"type":"pause","duration":10},{"type":"keyUp","value":""}]}]}
RESULT: {"actions":[{"id":"action46","type":"key","parameters":{},"actions":[{"type":"keyDown","value":""},{"type":"pause","duration":10},{"type":"keyUp","value":""}]}]}
COMMAND: POST /session/de809374161c7b69160a618664f1a5fa/execute/async - {"script":"<script> [1562 bytes]","args":[{"selector":{"id":"backBtn"},"wdio_ui5_key":"backBtn"}]}
COMMAND: GET /session/de809374161c7b69160a618664f1a5fa/screenshot - {}
RESULT: {"script":"<script> [1562 bytes]","args":[{"selector":{"id":"backBtn"},"wdio_ui5_key":"backBtn"}]}
RESULT: undefined
COMMAND: POST /session/de809374161c7b69160a618664f1a5fa/element - {"using":"xpath","value":"//*[@id=\"backBtn\"]"}
RESULT: {}
RESULT: {"using":"xpath","value":"//*[@id=\"backBtn\"]"}
COMMAND: POST /session/de809374161c7b69160a618664f1a5fa/element/f.BF26AF8B2ED0E270307A0F05FC587F4F.d.9966CF202AF4BCB4A520D7E015DF3D51.e.6529/click - {}
RESULT: {}
COMMAND: GET /session/de809374161c7b69160a618664f1a5fa/screenshot - {}
RESULT: {}
COMMAND: POST /session/de809374161c7b69160a618664f1a5fa/refresh - {}
RESULT: {}
COMMAND: GET /session/de809374161c7b69160a618664f1a5fa/screenshot - {}
RESULT: {}
COMMAND: POST /session/de809374161c7b69160a618664f1a5fa/execute/async - {"script":"<script> [189 bytes]","args":[]}
RESULT: {"script":"<script> [189 bytes]","args":[]}
COMMAND: POST /session/de809374161c7b69160a618664f1a5fa/execute/async - {"script":"<script> [123 bytes]","args":[]}
RESULT: {"script":"<script> [123 bytes]","args":[]}
COMMAND: POST /session/de809374161c7b69160a618664f1a5fa/timeouts - {"script":"<number>"}
RESULT: {"script":"<number>"}
COMMAND: GET /session/de809374161c7b69160a618664f1a5fa/timeouts - {}
RESULT: {}
RESULT: undefined
COMMAND: POST /session/de809374161c7b69160a618664f1a5fa/execute/async - {"script":"<script> [2676 bytes]","args":[]}
RESULT: {"script":"<script> [2676 bytes]","args":[]}
COMMAND: POST /session/de809374161c7b69160a618664f1a5fa/execute/async - {"script":"<script> [2342 bytes]","args":[{"protocol":"http","hostname":"0.0.0.0","path":"/","capabilities":{"browserName":"chrome","goog:chromeOptions":{"binary":"C:\\Program Files\\Google\\Chrome\\Application\\chrome.exe","args":["--start-maximized"]}},"logLevel":"warn","connectionRetryTimeout":120000,"connectionRetryCount":3,"logLevels":{},"enableDirectConnect":true,"strictSSL":true,"_":"65 more keys: [\"cacheDir\",\"port\",\"requestedCapabilities\",\"automationProtocol\",\"baseUrl\",\"waitforInterval\",\"waitforTimeout\",\"onReload\",\"beforeCommand\",\"afterCommand\",\"rootDir\",\"specs\",\"suites\",\"exclude\",\"groupLogsByTestSpec\",\"excludeDriverLogs\",\"bail\",\"framework\",\"reporters\",\"services\",\"maxInstances\",\"maxInstancesPerCapability\",\"injectGlobals\",\"filesToWatch\",\"execArgv\",\"runnerEnv\",\"runner\",\"shard\",\"specFileRetries\",\"specFileRetriesDelay\",\"specFileRetriesDeferred\",\"reporterSyncInterval\",\"reporterSyncTimeout\",\"cucumberFeaturesWithLineNumbers\",\"autoCompileOpts\",\"mochaOpts\",\"jasmineOpts\",\"cucumberOpts\",\"onPrepare\",\"onWorkerStart\",\"onWorkerEnd\",\"before\",\"beforeSession\",\"beforeSuite\",\"beforeHook\",\"beforeTest\",\"afterTest\",\"afterHook\",\"afterSuite\",\"afterSession\",\"after\",\"onComplete\",\"beforeAssertion\",\"afterAssertion\",\"beforeFeature\",\"beforeScenario\",\"beforeStep\",\"afterStep\",\"afterScenario\",\"afterFeature\",\"_\",\"suite\",\"$0\",\"ignoredWorkerServices\",\"wdi5\"]"}]}
RESULT: {"script":"<script> [2342 bytes]","args":[{"protocol":"http","hostname":"0.0.0.0","path":"/","capabilities":{"browserName":"chrome","goog:chromeOptions":{"binary":"C:\\Program Files\\Google\\Chrome\\Application\\chrome.exe","args":["--start-maximized"]}},"logLevel":"warn","connectionRetryTimeout":120000,"connectionRetryCount":3,"logLevels":{},"enableDirectConnect":true,"strictSSL":true,"_":"65 more keys: [\"cacheDir\",\"port\",\"requestedCapabilities\",\"automationProtocol\",\"baseUrl\",\"waitforInterval\",\"waitforTimeout\",\"onReload\",\"beforeCommand\",\"afterCommand\",\"rootDir\",\"specs\",\"suites\",\"exclude\",\"groupLogsByTestSpec\",\"excludeDriverLogs\",\"bail\",\"framework\",\"reporters\",\"services\",\"maxInstances\",\"maxInstancesPerCapability\",\"injectGlobals\",\"filesToWatch\",\"execArgv\",\"runnerEnv\",\"runner\",\"shard\",\"specFileRetries\",\"specFileRetriesDelay\",\"specFileRetriesDeferred\",\"reporterSyncInterval\",\"reporterSyncTimeout\",\"cucumberFeaturesWithLineNumbers\",\"autoCompileOpts\",\"mochaOpts\",\"jasmineOpts\",\"cucumberOpts\",\"onPrepare\",\"onWorkerStart\",\"onWorkerEnd\",\"before\",\"beforeSession\",\"beforeSuite\",\"beforeHook\",\"beforeTest\",\"afterTest\",\"afterHook\",\"afterSuite\",\"afterSession\",\"after\",\"onComplete\",\"beforeAssertion\",\"afterAssertion\",\"beforeFeature\",\"beforeScenario\",\"beforeStep\",\"afterStep\",\"afterScenario\",\"afterFeature\",\"_\",\"suite\",\"$0\",\"ignoredWorkerServices\",\"wdi5\"]"}]}
COMMAND: POST /session/de809374161c7b69160a618664f1a5fa/execute/async - {"script":"<script> [21126 bytes]","args":[35000]}
RESULT: {"script":"<script> [21126 bytes]","args":[35000]}
COMMAND: POST /session/de809374161c7b69160a618664f1a5fa/execute/async - {"script":"<script> [1562 bytes]","args":[{"selector":{"controlType":"sap.m.ObjectStatus","viewName":"etm.portal.ui.managerequests.view.Detail","bindingPath":{"path":"/RequestHeaders('20162')","propertyPath":"LINK_TO_STATUS/DESCRIPTION","modelName":"catalogModel"}},"wdio_ui5_key":"etmportal.ui.managerequests.view.Detailsap.m.ObjectStatus{\"path\":\"/RequestHeaders('20162')\",\"propertyPath\":\"LINK_TO_STATUS/DESCRIPTION\",\"modelName\":\"catalogModel\"}"}]}
RESULT: {"script":"<script> [1562 bytes]","args":[{"selector":{"controlType":"sap.m.ObjectStatus","viewName":"etm.portal.ui.managerequests.view.Detail","bindingPath":{"path":"/RequestHeaders('20162')","propertyPath":"LINK_TO_STATUS/DESCRIPTION","modelName":"catalogModel"}},"wdio_ui5_key":"etmportal.ui.managerequests.view.Detailsap.m.ObjectStatus{\"path\":\"/RequestHeaders('20162')\",\"propertyPath\":\"LINK_TO_STATUS/DESCRIPTION\",\"modelName\":\"catalogModel\"}"}]}
RESULT: undefined
COMMAND: POST /session/de809374161c7b69160a618664f1a5fa/execute/async - {"script":"<script> [6424 bytes]","args":[{"element-6066-11e4-a52e-4f735466cecf":"f.BF26AF8B2ED0E270307A0F05FC587F4F.d.8083B7D187D4A3A6683EDE18A9538CD8.e.6832"},"getText",[]]}
RESULT: {"script":"<script> [6424 bytes]","args":[{"element-6066-11e4-a52e-4f735466cecf":"f.BF26AF8B2ED0E270307A0F05FC587F4F.d.8083B7D187D4A3A6683EDE18A9538CD8.e.6832"},"getText",[]]}
COMMAND: POST /session/de809374161c7b69160a618664f1a5fa/execute/async - {"script":"<script> [1562 bytes]","args":[{"selector":{"controlType":"sap.m.Button","viewName":"etm.portal.ui.managerequests.view.Detail","bindingPath":{"path":"/SmartRequestItemsPlanningBoard(ITEM=10m,REQUEST='20162')","propertyPath":"PICK_UP"}},"wdio_ui5_key":"etmportal.ui.managerequests.view.Detailsap.m.Button{\"path\":\"/SmartRequestItemsPlanningBoard(ITEM=10m,REQUEST='20162')\",\"propertyPath\":\"PICK_UP\"}"}]}
RESULT: {"script":"<script> [1562 bytes]","args":[{"selector":{"controlType":"sap.m.Button","viewName":"etm.portal.ui.managerequests.view.Detail","bindingPath":{"path":"/SmartRequestItemsPlanningBoard(ITEM=10m,REQUEST='20162')","propertyPath":"PICK_UP"}},"wdio_ui5_key":"etmportal.ui.managerequests.view.Detailsap.m.Button{\"path\":\"/SmartRequestItemsPlanningBoard(ITEM=10m,REQUEST='20162')\",\"propertyPath\":\"PICK_UP\"}"}]}
RESULT: undefined
COMMAND: POST /session/de809374161c7b69160a618664f1a5fa/execute/async - {"script":"<script> [6424 bytes]","args":[{"element-6066-11e4-a52e-4f735466cecf":"f.BF26AF8B2ED0E270307A0F05FC587F4F.d.8083B7D187D4A3A6683EDE18A9538CD8.e.6820"},"getType",[]]}
RESULT: {"script":"<script> [6424 bytes]","args":[{"element-6066-11e4-a52e-4f735466cecf":"f.BF26AF8B2ED0E270307A0F05FC587F4F.d.8083B7D187D4A3A6683EDE18A9538CD8.e.6820"},"getType",[]]}
COMMAND: POST /session/de809374161c7b69160a618664f1a5fa/execute/async - {"script":"<script> [1562 bytes]","args":[{"selector":{"controlType":"sap.m.Button","viewName":"etm.portal.ui.managerequests.view.Detail","bindingPath":{"path":"/SmartRequestItemsPlanningBoard(ITEM=20m,REQUEST='20162')","propertyPath":"PICK_UP"}},"wdio_ui5_key":"etmportal.ui.managerequests.view.Detailsap.m.Button{\"path\":\"/SmartRequestItemsPlanningBoard(ITEM=20m,REQUEST='20162')\",\"propertyPath\":\"PICK_UP\"}"}]}
RESULT: {"script":"<script> [1562 bytes]","args":[{"selector":{"controlType":"sap.m.Button","viewName":"etm.portal.ui.managerequests.view.Detail","bindingPath":{"path":"/SmartRequestItemsPlanningBoard(ITEM=20m,REQUEST='20162')","propertyPath":"PICK_UP"}},"wdio_ui5_key":"etmportal.ui.managerequests.view.Detailsap.m.Button{\"path\":\"/SmartRequestItemsPlanningBoard(ITEM=20m,REQUEST='20162')\",\"propertyPath\":\"PICK_UP\"}"}]}
RESULT: undefined
COMMAND: POST /session/de809374161c7b69160a618664f1a5fa/execute/async - {"script":"<script> [6424 bytes]","args":[{"element-6066-11e4-a52e-4f735466cecf":"f.BF26AF8B2ED0E270307A0F05FC587F4F.d.8083B7D187D4A3A6683EDE18A9538CD8.e.6833"},"getType",[]]}
RESULT: {"script":"<script> [6424 bytes]","args":[{"element-6066-11e4-a52e-4f735466cecf":"f.BF26AF8B2ED0E270307A0F05FC587F4F.d.8083B7D187D4A3A6683EDE18A9538CD8.e.6833"},"getType",[]]}
COMMAND: POST /session/de809374161c7b69160a618664f1a5fa/element - {"using":"css selector","value":"#shell-header-logo"}
RESULT: {"using":"css selector","value":"#shell-header-logo"}
COMMAND: POST /session/de809374161c7b69160a618664f1a5fa/element/f.BF26AF8B2ED0E270307A0F05FC587F4F.d.8083B7D187D4A3A6683EDE18A9538CD8.e.6623/click - {}
RESULT: {}
COMMAND: GET /session/de809374161c7b69160a618664f1a5fa/screenshot - {}
COMMAND: POST /session/de809374161c7b69160a618664f1a5fa/execute/async - {"script":"<script> [1562 bytes]","args":[{"selector":{"controlType":"sap.m.GenericTile","properties":{"header":"Manage Classifications"}},"wdio_ui5_key":"sapm.GenericTile{\"header\":\"Manage Classifications\"}"}]}
RESULT: {}
RESULT: {"script":"<script> [1562 bytes]","args":[{"selector":{"controlType":"sap.m.GenericTile","properties":{"header":"Manage Classifications"}},"wdio_ui5_key":"sapm.GenericTile{\"header\":\"Manage Classifications\"}"}]}
RESULT: undefined
COMMAND: POST /session/de809374161c7b69160a618664f1a5fa/element - {"using":"xpath","value":"//*[@id=\"__tile115\"]"}
RESULT: {"using":"xpath","value":"//*[@id=\"__tile115\"]"}
COMMAND: POST /session/de809374161c7b69160a618664f1a5fa/element/f.BF26AF8B2ED0E270307A0F05FC587F4F.d.8083B7D187D4A3A6683EDE18A9538CD8.e.6851/click - {}
RESULT: {}
COMMAND: GET /session/de809374161c7b69160a618664f1a5fa/screenshot - {}
RESULT: {}
COMMAND: POST /session/de809374161c7b69160a618664f1a5fa/elements - {"using":"xpath","value":"//span[text()='Error']"}
RESULT: {"using":"xpath","value":"//span[text()='Error']"}
]]></system-out>
    </testcase>
  </testsuite>
  <testsuite timestamp="2025-05-29T16:02:42" time="431.342" tests="4" failures="0" errors="0" skipped="0">
    <properties>
      <property name="specId" value="0"/>
      <property name="suiteName" value="Manage requests - requests specifications US141095"/>
      <property name="capabilities" value="chrome.136_0_7103_93.windows"/>
      <property name="file" value="file:///D:/a/1/s/test/specs/R2C/manage-requests-request-specifications.spec.js"/>
    </properties>
    <testcase classname="chrome.136_0_7103_93.windows.Manage_requests_-_requests_specifications_US141095" name="Should create a new classification of type request item" time="42.357">
      <system-out><![CDATA[
COMMAND: POST /session/de809374161c7b69160a618664f1a5fa/execute/async - {"script":"<script> [1562 bytes]","args":[{"selector":{"controlType":"sap.ui.core.Icon","viewName":"etm.portal.ui.manageclassifications.view.Master","viewId":"application-manageclassifications-display-component---classificationMaster","properties":{"src":{"regex":{"source":"add"}}}},"wdio_ui5_key":"etmportal.ui.manageclassifications.view.Mastersap.ui.core.Icon{\"src\":{\"regex\":{\"source\":\"add\"}}}"}]}
RESULT: {"script":"<script> [1562 bytes]","args":[{"selector":{"controlType":"sap.ui.core.Icon","viewName":"etm.portal.ui.manageclassifications.view.Master","viewId":"application-manageclassifications-display-component---classificationMaster","properties":{"src":{"regex":{"source":"add"}}}},"wdio_ui5_key":"etmportal.ui.manageclassifications.view.Mastersap.ui.core.Icon{\"src\":{\"regex\":{\"source\":\"add\"}}}"}]}
RESULT: undefined
COMMAND: POST /session/de809374161c7b69160a618664f1a5fa/element - {"using":"xpath","value":"//*[@id=\"__button27-img\"]"}
RESULT: {"using":"xpath","value":"//*[@id=\"__button27-img\"]"}
COMMAND: POST /session/de809374161c7b69160a618664f1a5fa/element/f.BF26AF8B2ED0E270307A0F05FC587F4F.d.8083B7D187D4A3A6683EDE18A9538CD8.e.6892/click - {}
RESULT: {}
COMMAND: POST /session/de809374161c7b69160a618664f1a5fa/execute/async - {"script":"<script> [1562 bytes]","args":[{"selector":{"id":"application-manageclassifications-display-component---classificationCreate--classHeaderName","interaction":{"idSuffix":"inner"}},"wdio_ui5_key":"applicationmanageclassifications-display-component---classificationCreate--classHeaderName"}]}
COMMAND: GET /session/de809374161c7b69160a618664f1a5fa/screenshot - {}
RESULT: {"script":"<script> [1562 bytes]","args":[{"selector":{"id":"application-manageclassifications-display-component---classificationCreate--classHeaderName","interaction":{"idSuffix":"inner"}},"wdio_ui5_key":"applicationmanageclassifications-display-component---classificationCreate--classHeaderName"}]}
RESULT: undefined
COMMAND: POST /session/de809374161c7b69160a618664f1a5fa/execute/async - {"script":"<script> [776 bytes]","args":[{"enterText":"WebdriverItemClassfzsdj","selector":{"id":"application-manageclassifications-display-component---classificationCreate--classHeaderName","interaction":{"idSuffix":"inner"}},"clearTextFirst":true,"interactionType":"ENTER_TEXT"}]}
RESULT: {}
RESULT: {"script":"<script> [776 bytes]","args":[{"enterText":"WebdriverItemClassfzsdj","selector":{"id":"application-manageclassifications-display-component---classificationCreate--classHeaderName","interaction":{"idSuffix":"inner"}},"clearTextFirst":true,"interactionType":"ENTER_TEXT"}]}
COMMAND: POST /session/de809374161c7b69160a618664f1a5fa/execute/async - {"script":"<script> [1562 bytes]","args":[{"selector":{"controlType":"sap.ui.core.Icon","viewName":"etm.portal.ui.manageclassifications.view.Create","viewId":"application-manageclassifications-display-component---classificationCreate","properties":{"src":{"regex":{"source":"slim\\-arrow\\-down"}}}},"wdio_ui5_key":"etmportal.ui.manageclassifications.view.Createsap.ui.core.Icon{\"src\":{\"regex\":{\"source\":\"slim\\\\-arrow\\\\-down\"}}}"}]}
RESULT: {"script":"<script> [1562 bytes]","args":[{"selector":{"controlType":"sap.ui.core.Icon","viewName":"etm.portal.ui.manageclassifications.view.Create","viewId":"application-manageclassifications-display-component---classificationCreate","properties":{"src":{"regex":{"source":"slim\\-arrow\\-down"}}}},"wdio_ui5_key":"etmportal.ui.manageclassifications.view.Createsap.ui.core.Icon{\"src\":{\"regex\":{\"source\":\"slim\\\\-arrow\\\\-down\"}}}"}]}
RESULT: undefined
COMMAND: POST /session/de809374161c7b69160a618664f1a5fa/element - {"using":"xpath","value":"//*[@id=\"__box12-arrow\"]"}
RESULT: {"using":"xpath","value":"//*[@id=\"__box12-arrow\"]"}
COMMAND: POST /session/de809374161c7b69160a618664f1a5fa/element/f.BF26AF8B2ED0E270307A0F05FC587F4F.d.8083B7D187D4A3A6683EDE18A9538CD8.e.7175/click - {}
RESULT: {}
COMMAND: POST /session/de809374161c7b69160a618664f1a5fa/execute/async - {"script":"<script> [1562 bytes]","args":[{"selector":{"controlType":"sap.m.StandardListItem","viewName":"etm.portal.ui.manageclassifications.view.Create","viewId":"application-manageclassifications-display-component---classificationCreate","properties":{"title":"Request Item Specifications"},"searchOpenDialogs":true,"interaction":{"idSuffix":"titleText"}},"wdio_ui5_key":"etmportal.ui.manageclassifications.view.Createsap.m.StandardListItem{\"title\":\"Request Item Specifications\"}"}]}
COMMAND: GET /session/de809374161c7b69160a618664f1a5fa/screenshot - {}
RESULT: {"script":"<script> [1562 bytes]","args":[{"selector":{"controlType":"sap.m.StandardListItem","viewName":"etm.portal.ui.manageclassifications.view.Create","viewId":"application-manageclassifications-display-component---classificationCreate","properties":{"title":"Request Item Specifications"},"searchOpenDialogs":true,"interaction":{"idSuffix":"titleText"}},"wdio_ui5_key":"etmportal.ui.manageclassifications.view.Createsap.m.StandardListItem{\"title\":\"Request Item Specifications\"}"}]}
RESULT: undefined
COMMAND: POST /session/de809374161c7b69160a618664f1a5fa/element - {"using":"xpath","value":"//*[@id=\"__item88\"]"}
RESULT: {}
RESULT: {"using":"xpath","value":"//*[@id=\"__item88\"]"}
COMMAND: POST /session/de809374161c7b69160a618664f1a5fa/element/f.BF26AF8B2ED0E270307A0F05FC587F4F.d.8083B7D187D4A3A6683EDE18A9538CD8.e.7239/click - {}
RESULT: {}
COMMAND: POST /session/de809374161c7b69160a618664f1a5fa/execute/async - {"script":"<script> [1562 bytes]","args":[{"selector":{"controlType":"sap.ui.core.Icon","viewName":"etm.portal.ui.manageclassifications.view.Create","viewId":"application-manageclassifications-display-component---classificationCreate","properties":{"src":{"regex":{"source":"add"}}}},"wdio_ui5_key":"etmportal.ui.manageclassifications.view.Createsap.ui.core.Icon{\"src\":{\"regex\":{\"source\":\"add\"}}}"}]}
COMMAND: GET /session/de809374161c7b69160a618664f1a5fa/screenshot - {}
RESULT: {"script":"<script> [1562 bytes]","args":[{"selector":{"controlType":"sap.ui.core.Icon","viewName":"etm.portal.ui.manageclassifications.view.Create","viewId":"application-manageclassifications-display-component---classificationCreate","properties":{"src":{"regex":{"source":"add"}}}},"wdio_ui5_key":"etmportal.ui.manageclassifications.view.Createsap.ui.core.Icon{\"src\":{\"regex\":{\"source\":\"add\"}}}"}]}
RESULT: undefined
COMMAND: POST /session/de809374161c7b69160a618664f1a5fa/element - {"using":"xpath","value":"//*[@id=\"__button32-img\"]"}
RESULT: {}
RESULT: {"using":"xpath","value":"//*[@id=\"__button32-img\"]"}
COMMAND: POST /session/de809374161c7b69160a618664f1a5fa/element/f.BF26AF8B2ED0E270307A0F05FC587F4F.d.8083B7D187D4A3A6683EDE18A9538CD8.e.7178/click - {}
RESULT: {}
COMMAND: POST /session/de809374161c7b69160a618664f1a5fa/execute/async - {"script":"<script> [1562 bytes]","args":[{"selector":{"controlType":"sap.m.Input","viewName":"etm.portal.ui.manageclassifications.view.Create","viewId":"application-manageclassifications-display-component---classificationCreate","bindingPath":{"path":"/0","propertyPath":"PROPERTY","modelName":"newConfigModel"},"interaction":{"idSuffix":"inner"}},"wdio_ui5_key":"etmportal.ui.manageclassifications.view.Createsap.m.Input{\"path\":\"/0\",\"propertyPath\":\"PROPERTY\",\"modelName\":\"newConfigModel\"}"}]}
COMMAND: GET /session/de809374161c7b69160a618664f1a5fa/screenshot - {}
RESULT: {"script":"<script> [1562 bytes]","args":[{"selector":{"controlType":"sap.m.Input","viewName":"etm.portal.ui.manageclassifications.view.Create","viewId":"application-manageclassifications-display-component---classificationCreate","bindingPath":{"path":"/0","propertyPath":"PROPERTY","modelName":"newConfigModel"},"interaction":{"idSuffix":"inner"}},"wdio_ui5_key":"etmportal.ui.manageclassifications.view.Createsap.m.Input{\"path\":\"/0\",\"propertyPath\":\"PROPERTY\",\"modelName\":\"newConfigModel\"}"}]}
RESULT: undefined
COMMAND: POST /session/de809374161c7b69160a618664f1a5fa/execute/async - {"script":"<script> [776 bytes]","args":[{"enterText":"Color","selector":{"controlType":"sap.m.Input","viewName":"etm.portal.ui.manageclassifications.view.Create","viewId":"application-manageclassifications-display-component---classificationCreate","bindingPath":{"path":"/0","propertyPath":"PROPERTY","modelName":"newConfigModel"},"interaction":{"idSuffix":"inner"}},"clearTextFirst":true,"interactionType":"ENTER_TEXT"}]}
RESULT: {}
RESULT: {"script":"<script> [776 bytes]","args":[{"enterText":"Color","selector":{"controlType":"sap.m.Input","viewName":"etm.portal.ui.manageclassifications.view.Create","viewId":"application-manageclassifications-display-component---classificationCreate","bindingPath":{"path":"/0","propertyPath":"PROPERTY","modelName":"newConfigModel"},"interaction":{"idSuffix":"inner"}},"clearTextFirst":true,"interactionType":"ENTER_TEXT"}]}
COMMAND: POST /session/de809374161c7b69160a618664f1a5fa/execute/async - {"script":"<script> [1562 bytes]","args":[{"selector":{"controlType":"sap.m.Input","viewName":"etm.portal.ui.manageclassifications.view.Create","viewId":"application-manageclassifications-display-component---classificationCreate","bindingPath":{"path":"/0","propertyPath":"DESCRIPTION","modelName":"newConfigModel"},"interaction":{"idSuffix":"inner"}},"wdio_ui5_key":"etmportal.ui.manageclassifications.view.Createsap.m.Input{\"path\":\"/0\",\"propertyPath\":\"DESCRIPTION\",\"modelName\":\"newConfigModel\"}"}]}
RESULT: {"script":"<script> [1562 bytes]","args":[{"selector":{"controlType":"sap.m.Input","viewName":"etm.portal.ui.manageclassifications.view.Create","viewId":"application-manageclassifications-display-component---classificationCreate","bindingPath":{"path":"/0","propertyPath":"DESCRIPTION","modelName":"newConfigModel"},"interaction":{"idSuffix":"inner"}},"wdio_ui5_key":"etmportal.ui.manageclassifications.view.Createsap.m.Input{\"path\":\"/0\",\"propertyPath\":\"DESCRIPTION\",\"modelName\":\"newConfigModel\"}"}]}
RESULT: undefined
COMMAND: POST /session/de809374161c7b69160a618664f1a5fa/execute/async - {"script":"<script> [776 bytes]","args":[{"enterText":"Color","selector":{"controlType":"sap.m.Input","viewName":"etm.portal.ui.manageclassifications.view.Create","viewId":"application-manageclassifications-display-component---classificationCreate","bindingPath":{"path":"/0","propertyPath":"DESCRIPTION","modelName":"newConfigModel"},"interaction":{"idSuffix":"inner"}},"clearTextFirst":true,"interactionType":"ENTER_TEXT"}]}
RESULT: {"script":"<script> [776 bytes]","args":[{"enterText":"Color","selector":{"controlType":"sap.m.Input","viewName":"etm.portal.ui.manageclassifications.view.Create","viewId":"application-manageclassifications-display-component---classificationCreate","bindingPath":{"path":"/0","propertyPath":"DESCRIPTION","modelName":"newConfigModel"},"interaction":{"idSuffix":"inner"}},"clearTextFirst":true,"interactionType":"ENTER_TEXT"}]}
COMMAND: POST /session/de809374161c7b69160a618664f1a5fa/execute/async - {"script":"<script> [1562 bytes]","args":[{"selector":{"controlType":"sap.ui.core.Icon","viewName":"etm.portal.ui.manageclassifications.view.Create","viewId":"application-manageclassifications-display-component---classificationCreate","properties":{"src":{"regex":{"source":"slim\\-arrow\\-down"}}},"ancestor":{"controlType":"sap.m.ComboBox","viewName":"etm.portal.ui.manageclassifications.view.Create","viewId":"application-manageclassifications-display-component---classificationCreate","bindingPath":{"path":"/0","propertyPath":"VALUE_TYPE","modelName":"newConfigModel"}}},"wdio_ui5_key":"etmportal.ui.manageclassifications.view.Createsap.ui.core.Icon{\"src\":{\"regex\":{\"source\":\"slim\\\\-arrow\\\\-down\"}}}{\"controlType\":\"sap.m.ComboBox\",\"viewName\":\"etm.portal.ui.manageclassifications.view.Create\",\"viewId\":\"application-manageclassifications-display-component---classificationCreate\",\"bindingPath\":{\"path\":\"/0\",\"propertyPath\":\"VALUE_TYPE\",\"modelName\":\"newConfigModel\"}}"}]}
RESULT: {"script":"<script> [1562 bytes]","args":[{"selector":{"controlType":"sap.ui.core.Icon","viewName":"etm.portal.ui.manageclassifications.view.Create","viewId":"application-manageclassifications-display-component---classificationCreate","properties":{"src":{"regex":{"source":"slim\\-arrow\\-down"}}},"ancestor":{"controlType":"sap.m.ComboBox","viewName":"etm.portal.ui.manageclassifications.view.Create","viewId":"application-manageclassifications-display-component---classificationCreate","bindingPath":{"path":"/0","propertyPath":"VALUE_TYPE","modelName":"newConfigModel"}}},"wdio_ui5_key":"etmportal.ui.manageclassifications.view.Createsap.ui.core.Icon{\"src\":{\"regex\":{\"source\":\"slim\\\\-arrow\\\\-down\"}}}{\"controlType\":\"sap.m.ComboBox\",\"viewName\":\"etm.portal.ui.manageclassifications.view.Create\",\"viewId\":\"application-manageclassifications-display-component---classificationCreate\",\"bindingPath\":{\"path\":\"/0\",\"propertyPath\":\"VALUE_TYPE\",\"modelName\":\"newConfigModel\"}}"}]}
RESULT: undefined
COMMAND: POST /session/de809374161c7b69160a618664f1a5fa/element - {"using":"xpath","value":"//*[@id=\"__box13-application-manageclassifications-display-component---classificationCreate--configurationList-0-arrow\"]"}
RESULT: {"using":"xpath","value":"//*[@id=\"__box13-application-manageclassifications-display-component---classificationCreate--configurationList-0-arrow\"]"}
COMMAND: POST /session/de809374161c7b69160a618664f1a5fa/element/f.BF26AF8B2ED0E270307A0F05FC587F4F.d.8083B7D187D4A3A6683EDE18A9538CD8.e.7248/click - {}
RESULT: {}
COMMAND: POST /session/de809374161c7b69160a618664f1a5fa/execute/async - {"script":"<script> [1562 bytes]","args":[{"selector":{"controlType":"sap.m.StandardListItem","viewName":"etm.portal.ui.manageclassifications.view.Create","viewId":"application-manageclassifications-display-component---classificationCreate","properties":{"title":"Dropdown"},"searchOpenDialogs":true,"interaction":{"idSuffix":"titleText"}},"wdio_ui5_key":"etmportal.ui.manageclassifications.view.Createsap.m.StandardListItem{\"title\":\"Dropdown\"}"}]}
COMMAND: GET /session/de809374161c7b69160a618664f1a5fa/screenshot - {}
RESULT: {"script":"<script> [1562 bytes]","args":[{"selector":{"controlType":"sap.m.StandardListItem","viewName":"etm.portal.ui.manageclassifications.view.Create","viewId":"application-manageclassifications-display-component---classificationCreate","properties":{"title":"Dropdown"},"searchOpenDialogs":true,"interaction":{"idSuffix":"titleText"}},"wdio_ui5_key":"etmportal.ui.manageclassifications.view.Createsap.m.StandardListItem{\"title\":\"Dropdown\"}"}]}
RESULT: undefined
COMMAND: POST /session/de809374161c7b69160a618664f1a5fa/element - {"using":"xpath","value":"//*[@id=\"__item96\"]"}
RESULT: {}
RESULT: {"using":"xpath","value":"//*[@id=\"__item96\"]"}
COMMAND: POST /session/de809374161c7b69160a618664f1a5fa/element/f.BF26AF8B2ED0E270307A0F05FC587F4F.d.8083B7D187D4A3A6683EDE18A9538CD8.e.7250/click - {}
RESULT: {}
COMMAND: POST /session/de809374161c7b69160a618664f1a5fa/execute/async - {"script":"<script> [1562 bytes]","args":[{"selector":{"controlType":"sap.ui.core.Icon","viewName":"etm.portal.ui.manageclassifications.view.Create","viewId":"application-manageclassifications-display-component---classificationCreate","properties":{"src":{"regex":{"source":"crm\\-service\\-manager"}}}},"wdio_ui5_key":"etmportal.ui.manageclassifications.view.Createsap.ui.core.Icon{\"src\":{\"regex\":{\"source\":\"crm\\\\-service\\\\-manager\"}}}"}]}
COMMAND: GET /session/de809374161c7b69160a618664f1a5fa/screenshot - {}
RESULT: {"script":"<script> [1562 bytes]","args":[{"selector":{"controlType":"sap.ui.core.Icon","viewName":"etm.portal.ui.manageclassifications.view.Create","viewId":"application-manageclassifications-display-component---classificationCreate","properties":{"src":{"regex":{"source":"crm\\-service\\-manager"}}}},"wdio_ui5_key":"etmportal.ui.manageclassifications.view.Createsap.ui.core.Icon{\"src\":{\"regex\":{\"source\":\"crm\\\\-service\\\\-manager\"}}}"}]}
RESULT: undefined
COMMAND: POST /session/de809374161c7b69160a618664f1a5fa/element - {"using":"xpath","value":"//*[@id=\"__button34-application-manageclassifications-display-component---classificationCreate--configurationList-0-img\"]"}
RESULT: {}
RESULT: {"using":"xpath","value":"//*[@id=\"__button34-application-manageclassifications-display-component---classificationCreate--configurationList-0-img\"]"}
COMMAND: POST /session/de809374161c7b69160a618664f1a5fa/element/f.BF26AF8B2ED0E270307A0F05FC587F4F.d.8083B7D187D4A3A6683EDE18A9538CD8.e.7252/click - {}
RESULT: {}
COMMAND: POST /session/de809374161c7b69160a618664f1a5fa/element - {"using":"xpath","value":"//button[@title=\"Add additional value\"]"}
COMMAND: GET /session/de809374161c7b69160a618664f1a5fa/screenshot - {}
RESULT: {"using":"xpath","value":"//button[@title=\"Add additional value\"]"}
COMMAND: POST /session/de809374161c7b69160a618664f1a5fa/element/f.BF26AF8B2ED0E270307A0F05FC587F4F.d.8083B7D187D4A3A6683EDE18A9538CD8.e.7253/click - {}
RESULT: {}
RESULT: {}
COMMAND: POST /session/de809374161c7b69160a618664f1a5fa/execute/async - {"script":"<script> [1562 bytes]","args":[{"selector":{"controlType":"sap.m.Input","viewName":"etm.portal.ui.manageclassifications.view.Create","viewId":"application-manageclassifications-display-component---classificationCreate","bindingPath":{"path":"/VALUES/0","propertyPath":"VALUE","modelName":"dropdownValuesModel"},"searchOpenDialogs":true,"interaction":{"idSuffix":"inner"}},"wdio_ui5_key":"etmportal.ui.manageclassifications.view.Createsap.m.Input{\"path\":\"/VALUES/0\",\"propertyPath\":\"VALUE\",\"modelName\":\"dropdownValuesModel\"}"}]}
COMMAND: GET /session/de809374161c7b69160a618664f1a5fa/screenshot - {}
RESULT: {"script":"<script> [1562 bytes]","args":[{"selector":{"controlType":"sap.m.Input","viewName":"etm.portal.ui.manageclassifications.view.Create","viewId":"application-manageclassifications-display-component---classificationCreate","bindingPath":{"path":"/VALUES/0","propertyPath":"VALUE","modelName":"dropdownValuesModel"},"searchOpenDialogs":true,"interaction":{"idSuffix":"inner"}},"wdio_ui5_key":"etmportal.ui.manageclassifications.view.Createsap.m.Input{\"path\":\"/VALUES/0\",\"propertyPath\":\"VALUE\",\"modelName\":\"dropdownValuesModel\"}"}]}
RESULT: undefined
COMMAND: POST /session/de809374161c7b69160a618664f1a5fa/execute/async - {"script":"<script> [776 bytes]","args":[{"enterText":"1","selector":{"controlType":"sap.m.Input","viewName":"etm.portal.ui.manageclassifications.view.Create","viewId":"application-manageclassifications-display-component---classificationCreate","bindingPath":{"path":"/VALUES/0","propertyPath":"VALUE","modelName":"dropdownValuesModel"},"searchOpenDialogs":true,"interaction":{"idSuffix":"inner"}},"clearTextFirst":true,"interactionType":"ENTER_TEXT"}]}
RESULT: {}
RESULT: {"script":"<script> [776 bytes]","args":[{"enterText":"1","selector":{"controlType":"sap.m.Input","viewName":"etm.portal.ui.manageclassifications.view.Create","viewId":"application-manageclassifications-display-component---classificationCreate","bindingPath":{"path":"/VALUES/0","propertyPath":"VALUE","modelName":"dropdownValuesModel"},"searchOpenDialogs":true,"interaction":{"idSuffix":"inner"}},"clearTextFirst":true,"interactionType":"ENTER_TEXT"}]}
COMMAND: POST /session/de809374161c7b69160a618664f1a5fa/execute/async - {"script":"<script> [1562 bytes]","args":[{"selector":{"controlType":"sap.m.Input","viewName":"etm.portal.ui.manageclassifications.view.Create","viewId":"application-manageclassifications-display-component---classificationCreate","bindingPath":{"path":"/VALUES/0","propertyPath":"TEXT","modelName":"dropdownValuesModel"},"searchOpenDialogs":true,"interaction":{"idSuffix":"inner"}},"wdio_ui5_key":"etmportal.ui.manageclassifications.view.Createsap.m.Input{\"path\":\"/VALUES/0\",\"propertyPath\":\"TEXT\",\"modelName\":\"dropdownValuesModel\"}"}]}
RESULT: {"script":"<script> [1562 bytes]","args":[{"selector":{"controlType":"sap.m.Input","viewName":"etm.portal.ui.manageclassifications.view.Create","viewId":"application-manageclassifications-display-component---classificationCreate","bindingPath":{"path":"/VALUES/0","propertyPath":"TEXT","modelName":"dropdownValuesModel"},"searchOpenDialogs":true,"interaction":{"idSuffix":"inner"}},"wdio_ui5_key":"etmportal.ui.manageclassifications.view.Createsap.m.Input{\"path\":\"/VALUES/0\",\"propertyPath\":\"TEXT\",\"modelName\":\"dropdownValuesModel\"}"}]}
RESULT: undefined
COMMAND: POST /session/de809374161c7b69160a618664f1a5fa/execute/async - {"script":"<script> [776 bytes]","args":[{"enterText":"blue","selector":{"controlType":"sap.m.Input","viewName":"etm.portal.ui.manageclassifications.view.Create","viewId":"application-manageclassifications-display-component---classificationCreate","bindingPath":{"path":"/VALUES/0","propertyPath":"TEXT","modelName":"dropdownValuesModel"},"searchOpenDialogs":true,"interaction":{"idSuffix":"inner"}},"clearTextFirst":true,"interactionType":"ENTER_TEXT"}]}
RESULT: {"script":"<script> [776 bytes]","args":[{"enterText":"blue","selector":{"controlType":"sap.m.Input","viewName":"etm.portal.ui.manageclassifications.view.Create","viewId":"application-manageclassifications-display-component---classificationCreate","bindingPath":{"path":"/VALUES/0","propertyPath":"TEXT","modelName":"dropdownValuesModel"},"searchOpenDialogs":true,"interaction":{"idSuffix":"inner"}},"clearTextFirst":true,"interactionType":"ENTER_TEXT"}]}
COMMAND: POST /session/de809374161c7b69160a618664f1a5fa/element - {"using":"xpath","value":"//button[@title=\"Add additional value\"]"}
RESULT: {"using":"xpath","value":"//button[@title=\"Add additional value\"]"}
COMMAND: POST /session/de809374161c7b69160a618664f1a5fa/element/f.BF26AF8B2ED0E270307A0F05FC587F4F.d.8083B7D187D4A3A6683EDE18A9538CD8.e.7253/click - {}
RESULT: {}
COMMAND: POST /session/de809374161c7b69160a618664f1a5fa/execute/async - {"script":"<script> [1562 bytes]","args":[{"selector":{"controlType":"sap.m.Input","viewName":"etm.portal.ui.manageclassifications.view.Create","viewId":"application-manageclassifications-display-component---classificationCreate","bindingPath":{"path":"/VALUES/1","propertyPath":"VALUE","modelName":"dropdownValuesModel"},"searchOpenDialogs":true,"interaction":{"idSuffix":"inner"}},"wdio_ui5_key":"etmportal.ui.manageclassifications.view.Createsap.m.Input{\"path\":\"/VALUES/1\",\"propertyPath\":\"VALUE\",\"modelName\":\"dropdownValuesModel\"}"}]}
COMMAND: GET /session/de809374161c7b69160a618664f1a5fa/screenshot - {}
RESULT: {"script":"<script> [1562 bytes]","args":[{"selector":{"controlType":"sap.m.Input","viewName":"etm.portal.ui.manageclassifications.view.Create","viewId":"application-manageclassifications-display-component---classificationCreate","bindingPath":{"path":"/VALUES/1","propertyPath":"VALUE","modelName":"dropdownValuesModel"},"searchOpenDialogs":true,"interaction":{"idSuffix":"inner"}},"wdio_ui5_key":"etmportal.ui.manageclassifications.view.Createsap.m.Input{\"path\":\"/VALUES/1\",\"propertyPath\":\"VALUE\",\"modelName\":\"dropdownValuesModel\"}"}]}
RESULT: undefined
COMMAND: POST /session/de809374161c7b69160a618664f1a5fa/execute/async - {"script":"<script> [776 bytes]","args":[{"enterText":"2","selector":{"controlType":"sap.m.Input","viewName":"etm.portal.ui.manageclassifications.view.Create","viewId":"application-manageclassifications-display-component---classificationCreate","bindingPath":{"path":"/VALUES/1","propertyPath":"VALUE","modelName":"dropdownValuesModel"},"searchOpenDialogs":true,"interaction":{"idSuffix":"inner"}},"clearTextFirst":true,"interactionType":"ENTER_TEXT"}]}
RESULT: {}
RESULT: {"script":"<script> [776 bytes]","args":[{"enterText":"2","selector":{"controlType":"sap.m.Input","viewName":"etm.portal.ui.manageclassifications.view.Create","viewId":"application-manageclassifications-display-component---classificationCreate","bindingPath":{"path":"/VALUES/1","propertyPath":"VALUE","modelName":"dropdownValuesModel"},"searchOpenDialogs":true,"interaction":{"idSuffix":"inner"}},"clearTextFirst":true,"interactionType":"ENTER_TEXT"}]}
COMMAND: POST /session/de809374161c7b69160a618664f1a5fa/execute/async - {"script":"<script> [1562 bytes]","args":[{"selector":{"controlType":"sap.m.Input","viewName":"etm.portal.ui.manageclassifications.view.Create","viewId":"application-manageclassifications-display-component---classificationCreate","bindingPath":{"path":"/VALUES/1","propertyPath":"TEXT","modelName":"dropdownValuesModel"},"searchOpenDialogs":true,"interaction":{"idSuffix":"inner"}},"wdio_ui5_key":"etmportal.ui.manageclassifications.view.Createsap.m.Input{\"path\":\"/VALUES/1\",\"propertyPath\":\"TEXT\",\"modelName\":\"dropdownValuesModel\"}"}]}
RESULT: {"script":"<script> [1562 bytes]","args":[{"selector":{"controlType":"sap.m.Input","viewName":"etm.portal.ui.manageclassifications.view.Create","viewId":"application-manageclassifications-display-component---classificationCreate","bindingPath":{"path":"/VALUES/1","propertyPath":"TEXT","modelName":"dropdownValuesModel"},"searchOpenDialogs":true,"interaction":{"idSuffix":"inner"}},"wdio_ui5_key":"etmportal.ui.manageclassifications.view.Createsap.m.Input{\"path\":\"/VALUES/1\",\"propertyPath\":\"TEXT\",\"modelName\":\"dropdownValuesModel\"}"}]}
RESULT: undefined
COMMAND: POST /session/de809374161c7b69160a618664f1a5fa/execute/async - {"script":"<script> [776 bytes]","args":[{"enterText":"red","selector":{"controlType":"sap.m.Input","viewName":"etm.portal.ui.manageclassifications.view.Create","viewId":"application-manageclassifications-display-component---classificationCreate","bindingPath":{"path":"/VALUES/1","propertyPath":"TEXT","modelName":"dropdownValuesModel"},"searchOpenDialogs":true,"interaction":{"idSuffix":"inner"}},"clearTextFirst":true,"interactionType":"ENTER_TEXT"}]}
RESULT: {"script":"<script> [776 bytes]","args":[{"enterText":"red","selector":{"controlType":"sap.m.Input","viewName":"etm.portal.ui.manageclassifications.view.Create","viewId":"application-manageclassifications-display-component---classificationCreate","bindingPath":{"path":"/VALUES/1","propertyPath":"TEXT","modelName":"dropdownValuesModel"},"searchOpenDialogs":true,"interaction":{"idSuffix":"inner"}},"clearTextFirst":true,"interactionType":"ENTER_TEXT"}]}
COMMAND: POST /session/de809374161c7b69160a618664f1a5fa/execute/async - {"script":"<script> [1562 bytes]","args":[{"selector":{"controlType":"sap.m.Button","viewName":"etm.portal.ui.manageclassifications.view.Create","viewId":"application-manageclassifications-display-component---classificationCreate","i18NText":{"propertyName":"text","key":"save"},"searchOpenDialogs":true,"interaction":{"idSuffix":"BDI-content"}},"wdio_ui5_key":"etmportal.ui.manageclassifications.view.Createsap.m.Button{\"propertyName\":\"text\",\"key\":\"save\"}"}]}
RESULT: {"script":"<script> [1562 bytes]","args":[{"selector":{"controlType":"sap.m.Button","viewName":"etm.portal.ui.manageclassifications.view.Create","viewId":"application-manageclassifications-display-component---classificationCreate","i18NText":{"propertyName":"text","key":"save"},"searchOpenDialogs":true,"interaction":{"idSuffix":"BDI-content"}},"wdio_ui5_key":"etmportal.ui.manageclassifications.view.Createsap.m.Button{\"propertyName\":\"text\",\"key\":\"save\"}"}]}
RESULT: undefined
COMMAND: POST /session/de809374161c7b69160a618664f1a5fa/element - {"using":"xpath","value":"//*[@id=\"__button44\"]"}
RESULT: {"using":"xpath","value":"//*[@id=\"__button44\"]"}
COMMAND: POST /session/de809374161c7b69160a618664f1a5fa/element/f.BF26AF8B2ED0E270307A0F05FC587F4F.d.8083B7D187D4A3A6683EDE18A9538CD8.e.7274/click - {}
RESULT: {}
COMMAND: GET /session/de809374161c7b69160a618664f1a5fa/screenshot - {}
RESULT: {}
COMMAND: POST /session/de809374161c7b69160a618664f1a5fa/element - {"using":"xpath","value":"//button[@title=\"Save\"]"}
RESULT: {"using":"xpath","value":"//button[@title=\"Save\"]"}
COMMAND: POST /session/de809374161c7b69160a618664f1a5fa/element/f.BF26AF8B2ED0E270307A0F05FC587F4F.d.8083B7D187D4A3A6683EDE18A9538CD8.e.7186/click - {}
RESULT: {}
COMMAND: GET /session/de809374161c7b69160a618664f1a5fa/screenshot - {}
RESULT: {}
COMMAND: POST /session/de809374161c7b69160a618664f1a5fa/execute/async - {"script":"<script> [1562 bytes]","args":[{"selector":{"id":"application-manageclassifications-display-component---classificationMaster--smartFilterBar-btnBasicSearch","interaction":{"idSuffix":"I"}},"wdio_ui5_key":"applicationmanageclassifications-display-component---classificationMaster--smartFilterBar-btnBasicSearch"}]}
RESULT: {"script":"<script> [1562 bytes]","args":[{"selector":{"id":"application-manageclassifications-display-component---classificationMaster--smartFilterBar-btnBasicSearch","interaction":{"idSuffix":"I"}},"wdio_ui5_key":"applicationmanageclassifications-display-component---classificationMaster--smartFilterBar-btnBasicSearch"}]}
RESULT: undefined
COMMAND: POST /session/de809374161c7b69160a618664f1a5fa/execute/async - {"script":"<script> [776 bytes]","args":[{"enterText":"WebdriverItemClassfzsdj","selector":{"id":"application-manageclassifications-display-component---classificationMaster--smartFilterBar-btnBasicSearch","interaction":{"idSuffix":"I"}},"clearTextFirst":true,"interactionType":"ENTER_TEXT"}]}
RESULT: {"script":"<script> [776 bytes]","args":[{"enterText":"WebdriverItemClassfzsdj","selector":{"id":"application-manageclassifications-display-component---classificationMaster--smartFilterBar-btnBasicSearch","interaction":{"idSuffix":"I"}},"clearTextFirst":true,"interactionType":"ENTER_TEXT"}]}
COMMAND: POST /session/de809374161c7b69160a618664f1a5fa/actions - {"actions":[{"id":"action47","type":"key","parameters":{},"actions":[{"type":"keyDown","value":""},{"type":"pause","duration":10},{"type":"keyUp","value":""}]}]}
RESULT: {"actions":[{"id":"action47","type":"key","parameters":{},"actions":[{"type":"keyDown","value":""},{"type":"pause","duration":10},{"type":"keyUp","value":""}]}]}
COMMAND: POST /session/de809374161c7b69160a618664f1a5fa/execute/async - {"script":"<script> [1562 bytes]","args":[{"selector":{"id":"application-manageclassifications-display-component---classificationMaster--smartTable-header"},"wdio_ui5_key":"applicationmanageclassifications-display-component---classificationMaster--smartTable-header"}]}
COMMAND: GET /session/de809374161c7b69160a618664f1a5fa/screenshot - {}
RESULT: {"script":"<script> [1562 bytes]","args":[{"selector":{"id":"application-manageclassifications-display-component---classificationMaster--smartTable-header"},"wdio_ui5_key":"applicationmanageclassifications-display-component---classificationMaster--smartTable-header"}]}
RESULT: undefined
COMMAND: POST /session/de809374161c7b69160a618664f1a5fa/execute/async - {"script":"<script> [6424 bytes]","args":[{"element-6066-11e4-a52e-4f735466cecf":"f.BF26AF8B2ED0E270307A0F05FC587F4F.d.8083B7D187D4A3A6683EDE18A9538CD8.e.7452"},"getText",[]]}
RESULT: {}
RESULT: {"script":"<script> [6424 bytes]","args":[{"element-6066-11e4-a52e-4f735466cecf":"f.BF26AF8B2ED0E270307A0F05FC587F4F.d.8083B7D187D4A3A6683EDE18A9538CD8.e.7452"},"getText",[]]}
COMMAND: POST /session/de809374161c7b69160a618664f1a5fa/element - {"using":"css selector","value":"#shell-header-logo"}
RESULT: {"using":"css selector","value":"#shell-header-logo"}
COMMAND: POST /session/de809374161c7b69160a618664f1a5fa/element/f.BF26AF8B2ED0E270307A0F05FC587F4F.d.8083B7D187D4A3A6683EDE18A9538CD8.e.6858/click - {}
RESULT: {}
COMMAND: GET /session/de809374161c7b69160a618664f1a5fa/screenshot - {}
RESULT: {}
]]></system-out>
    </testcase>
    <testcase classname="chrome.136_0_7103_93.windows.Manage_requests_-_requests_specifications_US141095" name="Should create a new section and a catalog item" time="149.421">
      <system-out><![CDATA[
COMMAND: POST /session/de809374161c7b69160a618664f1a5fa/execute/async - {"script":"<script> [1562 bytes]","args":[{"selector":{"controlType":"sap.m.GenericTile","properties":{"header":"Manage Catalogs"}},"wdio_ui5_key":"sapm.GenericTile{\"header\":\"Manage Catalogs\"}"}]}
RESULT: {"script":"<script> [1562 bytes]","args":[{"selector":{"controlType":"sap.m.GenericTile","properties":{"header":"Manage Catalogs"}},"wdio_ui5_key":"sapm.GenericTile{\"header\":\"Manage Catalogs\"}"}]}
RESULT: undefined
COMMAND: POST /session/de809374161c7b69160a618664f1a5fa/element - {"using":"xpath","value":"//*[@id=\"__tile37\"]"}
RESULT: {"using":"xpath","value":"//*[@id=\"__tile37\"]"}
COMMAND: POST /session/de809374161c7b69160a618664f1a5fa/element/f.BF26AF8B2ED0E270307A0F05FC587F4F.d.8083B7D187D4A3A6683EDE18A9538CD8.e.7456/click - {}
RESULT: {}
COMMAND: GET /session/de809374161c7b69160a618664f1a5fa/screenshot - {}
RESULT: {}
COMMAND: POST /session/de809374161c7b69160a618664f1a5fa/elements - {"using":"xpath","value":"//span[text()='Error']"}
RESULT: {"using":"xpath","value":"//span[text()='Error']"}
COMMAND: POST /session/de809374161c7b69160a618664f1a5fa/execute/async - {"script":"<script> [1562 bytes]","args":[{"selector":{"controlType":"sap.m.Text","viewName":"etm.portal.ui.managecatalogs.view.MasterCatalogs","viewId":"application-managecatalogs-display-component---masterCatalogs","bindingPath":{"path":"/Catalogs('0D7502D073D53A0F1700BE067B89AFF9')","propertyPath":"DESCRIPTION","modelName":"catalogModel"}},"wdio_ui5_key":"etmportal.ui.managecatalogs.view.MasterCatalogssap.m.Text{\"path\":\"/Catalogs('0D7502D073D53A0F1700BE067B89AFF9')\",\"propertyPath\":\"DESCRIPTION\",\"modelName\":\"catalogModel\"}"}]}
RESULT: {"script":"<script> [1562 bytes]","args":[{"selector":{"controlType":"sap.m.Text","viewName":"etm.portal.ui.managecatalogs.view.MasterCatalogs","viewId":"application-managecatalogs-display-component---masterCatalogs","bindingPath":{"path":"/Catalogs('0D7502D073D53A0F1700BE067B89AFF9')","propertyPath":"DESCRIPTION","modelName":"catalogModel"}},"wdio_ui5_key":"etmportal.ui.managecatalogs.view.MasterCatalogssap.m.Text{\"path\":\"/Catalogs('0D7502D073D53A0F1700BE067B89AFF9')\",\"propertyPath\":\"DESCRIPTION\",\"modelName\":\"catalogModel\"}"}]}
RESULT: undefined
COMMAND: POST /session/de809374161c7b69160a618664f1a5fa/element - {"using":"xpath","value":"//*[@id=\"__text434-application-managecatalogs-display-component---masterCatalogs--CatalogsTable-11\"]"}
RESULT: {"using":"xpath","value":"//*[@id=\"__text434-application-managecatalogs-display-component---masterCatalogs--CatalogsTable-11\"]"}
COMMAND: POST /session/de809374161c7b69160a618664f1a5fa/element/f.BF26AF8B2ED0E270307A0F05FC587F4F.d.8083B7D187D4A3A6683EDE18A9538CD8.e.7525/click - {}
RESULT: {}
COMMAND: POST /session/de809374161c7b69160a618664f1a5fa/execute/async - {"script":"<script> [1562 bytes]","args":[{"selector":{"controlType":"sap.ui.layout.HorizontalLayout","viewName":"etm.portal.ui.managecatalogs.view.MasterItems","viewId":"application-managecatalogs-display-component---masterCatalogItems","ancestor":{"id":"application-managecatalogs-display-component---masterCatalogItems--idCatalogItemsTree-rows-row0"}},"wdio_ui5_key":"etmportal.ui.managecatalogs.view.MasterItemssap.ui.layout.HorizontalLayout{\"id\":\"application-managecatalogs-display-component---masterCatalogItems--idCatalogItemsTree-rows-row0\"}"}]}
COMMAND: GET /session/de809374161c7b69160a618664f1a5fa/screenshot - {}
RESULT: {"script":"<script> [1562 bytes]","args":[{"selector":{"controlType":"sap.ui.layout.HorizontalLayout","viewName":"etm.portal.ui.managecatalogs.view.MasterItems","viewId":"application-managecatalogs-display-component---masterCatalogItems","ancestor":{"id":"application-managecatalogs-display-component---masterCatalogItems--idCatalogItemsTree-rows-row0"}},"wdio_ui5_key":"etmportal.ui.managecatalogs.view.MasterItemssap.ui.layout.HorizontalLayout{\"id\":\"application-managecatalogs-display-component---masterCatalogItems--idCatalogItemsTree-rows-row0\"}"}]}
RESULT: undefined
COMMAND: POST /session/de809374161c7b69160a618664f1a5fa/element - {"using":"xpath","value":"//*[@id=\"__layout40-__clone414\"]"}
RESULT: {}
RESULT: {"using":"xpath","value":"//*[@id=\"__layout40-__clone414\"]"}
COMMAND: POST /session/de809374161c7b69160a618664f1a5fa/element/f.BF26AF8B2ED0E270307A0F05FC587F4F.d.8083B7D187D4A3A6683EDE18A9538CD8.e.7560/click - {}
RESULT: {}
COMMAND: GET /session/de809374161c7b69160a618664f1a5fa/screenshot - {}
COMMAND: POST /session/de809374161c7b69160a618664f1a5fa/execute/async - {"script":"<script> [1562 bytes]","args":[{"selector":{"controlType":"sap.m.Button","viewName":"etm.portal.ui.managecatalogs.view.Detail","viewId":"application-managecatalogs-display-component---detailCatalog","i18NText":{"propertyName":"text","key":"edit"},"interaction":{"idSuffix":"BDI-content"}},"wdio_ui5_key":"etmportal.ui.managecatalogs.view.Detailsap.m.Button{\"propertyName\":\"text\",\"key\":\"edit\"}"}]}
RESULT: {}
RESULT: {"script":"<script> [1562 bytes]","args":[{"selector":{"controlType":"sap.m.Button","viewName":"etm.portal.ui.managecatalogs.view.Detail","viewId":"application-managecatalogs-display-component---detailCatalog","i18NText":{"propertyName":"text","key":"edit"},"interaction":{"idSuffix":"BDI-content"}},"wdio_ui5_key":"etmportal.ui.managecatalogs.view.Detailsap.m.Button{\"propertyName\":\"text\",\"key\":\"edit\"}"}]}
RESULT: undefined
COMMAND: POST /session/de809374161c7b69160a618664f1a5fa/element - {"using":"xpath","value":"//*[@id=\"__button88\"]"}
RESULT: {"using":"xpath","value":"//*[@id=\"__button88\"]"}
COMMAND: POST /session/de809374161c7b69160a618664f1a5fa/element/f.BF26AF8B2ED0E270307A0F05FC587F4F.d.8083B7D187D4A3A6683EDE18A9538CD8.e.7674/click - {}
RESULT: {}
COMMAND: GET /session/de809374161c7b69160a618664f1a5fa/screenshot - {}
RESULT: {}
COMMAND: POST /session/de809374161c7b69160a618664f1a5fa/element - {"using":"xpath","value":"//bdi[contains(text(), \"Unlock\")]"}
RESULT: {"using":"xpath","value":"//bdi[contains(text(), \"Unlock\")]"}
COMMAND: POST /session/de809374161c7b69160a618664f1a5fa/elements - {"using":"xpath","value":"//bdi[contains(text(), \"Unlock\")]"}
RESULT: {"using":"xpath","value":"//bdi[contains(text(), \"Unlock\")]"}
COMMAND: POST /session/de809374161c7b69160a618664f1a5fa/execute/async - {"script":"<script> [1562 bytes]","args":[{"selector":{"controlType":"sap.ui.core.Icon","viewName":"etm.portal.ui.managecatalogs.view.Detail","viewId":"application-managecatalogs-display-component---detailCatalog","properties":{"src":{"regex":{"source":"add\\-folder"}}}},"wdio_ui5_key":"etmportal.ui.managecatalogs.view.Detailsap.ui.core.Icon{\"src\":{\"regex\":{\"source\":\"add\\\\-folder\"}}}"}]}
RESULT: {"script":"<script> [1562 bytes]","args":[{"selector":{"controlType":"sap.ui.core.Icon","viewName":"etm.portal.ui.managecatalogs.view.Detail","viewId":"application-managecatalogs-display-component---detailCatalog","properties":{"src":{"regex":{"source":"add\\-folder"}}}},"wdio_ui5_key":"etmportal.ui.managecatalogs.view.Detailsap.ui.core.Icon{\"src\":{\"regex\":{\"source\":\"add\\\\-folder\"}}}"}]}
RESULT: undefined
COMMAND: POST /session/de809374161c7b69160a618664f1a5fa/element - {"using":"xpath","value":"//*[@id=\"__button96-img\"]"}
RESULT: {"using":"xpath","value":"//*[@id=\"__button96-img\"]"}
COMMAND: POST /session/de809374161c7b69160a618664f1a5fa/element/f.BF26AF8B2ED0E270307A0F05FC587F4F.d.8083B7D187D4A3A6683EDE18A9538CD8.e.7684/click - {}
RESULT: {}
COMMAND: GET /session/de809374161c7b69160a618664f1a5fa/screenshot - {}
RESULT: {}
COMMAND: POST /session/de809374161c7b69160a618664f1a5fa/execute/async - {"script":"<script> [1562 bytes]","args":[{"selector":{"id":"application-managecatalogs-display-component---detailCatalog--numberInput","searchOpenDialogs":true,"interaction":{"idSuffix":"inner"}},"wdio_ui5_key":"applicationmanagecatalogs-display-component---detailCatalog--numberInput"}]}
RESULT: {"script":"<script> [1562 bytes]","args":[{"selector":{"id":"application-managecatalogs-display-component---detailCatalog--numberInput","searchOpenDialogs":true,"interaction":{"idSuffix":"inner"}},"wdio_ui5_key":"applicationmanagecatalogs-display-component---detailCatalog--numberInput"}]}
RESULT: undefined
COMMAND: POST /session/de809374161c7b69160a618664f1a5fa/execute/async - {"script":"<script> [776 bytes]","args":[{"enterText":"Sectionleozn","selector":{"id":"application-managecatalogs-display-component---detailCatalog--numberInput","searchOpenDialogs":true,"interaction":{"idSuffix":"inner"}},"clearTextFirst":true,"interactionType":"ENTER_TEXT"}]}
RESULT: {"script":"<script> [776 bytes]","args":[{"enterText":"Sectionleozn","selector":{"id":"application-managecatalogs-display-component---detailCatalog--numberInput","searchOpenDialogs":true,"interaction":{"idSuffix":"inner"}},"clearTextFirst":true,"interactionType":"ENTER_TEXT"}]}
COMMAND: POST /session/de809374161c7b69160a618664f1a5fa/element - {"using":"css selector","value":"#application-managecatalogs-display-component---detailCatalog--nameInput-inner"}
RESULT: {"using":"css selector","value":"#application-managecatalogs-display-component---detailCatalog--nameInput-inner"}
COMMAND: POST /session/de809374161c7b69160a618664f1a5fa/elements - {"using":"css selector","value":"#application-managecatalogs-display-component---detailCatalog--nameInput-inner"}
RESULT: {"using":"css selector","value":"#application-managecatalogs-display-component---detailCatalog--nameInput-inner"}
COMMAND: POST /session/de809374161c7b69160a618664f1a5fa/element/f.BF26AF8B2ED0E270307A0F05FC587F4F.d.8083B7D187D4A3A6683EDE18A9538CD8.e.7688/clear - {}
RESULT: {}
COMMAND: POST /session/de809374161c7b69160a618664f1a5fa/element/f.BF26AF8B2ED0E270307A0F05FC587F4F.d.8083B7D187D4A3A6683EDE18A9538CD8.e.7688/value - {"text":"Webdriverj13x9h"}
COMMAND: GET /session/de809374161c7b69160a618664f1a5fa/screenshot - {}
RESULT: {"text":"Webdriverj13x9h"}
COMMAND: POST /session/de809374161c7b69160a618664f1a5fa/execute/async - {"script":"<script> [1562 bytes]","args":[{"selector":{"controlType":"sap.m.Button","viewName":"etm.portal.ui.managecatalogs.view.Detail","viewId":"application-managecatalogs-display-component---detailCatalog","i18NText":{"propertyName":"text","key":"create"},"searchOpenDialogs":true,"interaction":{"idSuffix":"BDI-content"}},"wdio_ui5_key":"etmportal.ui.managecatalogs.view.Detailsap.m.Button{\"propertyName\":\"text\",\"key\":\"create\"}"}]}
COMMAND: GET /session/de809374161c7b69160a618664f1a5fa/screenshot - {}
RESULT: {}
RESULT: {"script":"<script> [1562 bytes]","args":[{"selector":{"controlType":"sap.m.Button","viewName":"etm.portal.ui.managecatalogs.view.Detail","viewId":"application-managecatalogs-display-component---detailCatalog","i18NText":{"propertyName":"text","key":"create"},"searchOpenDialogs":true,"interaction":{"idSuffix":"BDI-content"}},"wdio_ui5_key":"etmportal.ui.managecatalogs.view.Detailsap.m.Button{\"propertyName\":\"text\",\"key\":\"create\"}"}]}
RESULT: undefined
COMMAND: POST /session/de809374161c7b69160a618664f1a5fa/element - {"using":"xpath","value":"//*[@id=\"__button66\"]"}
RESULT: {}
RESULT: {"using":"xpath","value":"//*[@id=\"__button66\"]"}
COMMAND: POST /session/de809374161c7b69160a618664f1a5fa/element/f.BF26AF8B2ED0E270307A0F05FC587F4F.d.8083B7D187D4A3A6683EDE18A9538CD8.e.7693/click - {}
RESULT: {}
COMMAND: GET /session/de809374161c7b69160a618664f1a5fa/screenshot - {}
RESULT: {}
COMMAND: POST /session/de809374161c7b69160a618664f1a5fa/element - {"using":"xpath","value":"//button[@title=\"Save\"]"}
RESULT: {"using":"xpath","value":"//button[@title=\"Save\"]"}
COMMAND: POST /session/de809374161c7b69160a618664f1a5fa/element/f.BF26AF8B2ED0E270307A0F05FC587F4F.d.8083B7D187D4A3A6683EDE18A9538CD8.e.7694/click - {}
RESULT: {}
COMMAND: POST /session/de809374161c7b69160a618664f1a5fa/execute/async - {"script":"<script> [1562 bytes]","args":[{"selector":{"controlType":"sap.ui.core.Icon","viewName":"etm.portal.ui.managecatalogs.view.Detail","viewId":"application-managecatalogs-display-component---detailCatalog","properties":{"src":{"regex":{"source":"decline"}}}},"wdio_ui5_key":"etmportal.ui.managecatalogs.view.Detailsap.ui.core.Icon{\"src\":{\"regex\":{\"source\":\"decline\"}}}"}]}
COMMAND: GET /session/de809374161c7b69160a618664f1a5fa/screenshot - {}
RESULT: {"script":"<script> [1562 bytes]","args":[{"selector":{"controlType":"sap.ui.core.Icon","viewName":"etm.portal.ui.managecatalogs.view.Detail","viewId":"application-managecatalogs-display-component---detailCatalog","properties":{"src":{"regex":{"source":"decline"}}}},"wdio_ui5_key":"etmportal.ui.managecatalogs.view.Detailsap.ui.core.Icon{\"src\":{\"regex\":{\"source\":\"decline\"}}}"}]}
RESULT: undefined
COMMAND: POST /session/de809374161c7b69160a618664f1a5fa/element - {"using":"xpath","value":"//*[@id=\"__button91-img\"]"}
RESULT: {}
RESULT: {"using":"xpath","value":"//*[@id=\"__button91-img\"]"}
COMMAND: POST /session/de809374161c7b69160a618664f1a5fa/element/f.BF26AF8B2ED0E270307A0F05FC587F4F.d.8083B7D187D4A3A6683EDE18A9538CD8.e.7701/click - {}
RESULT: {}
COMMAND: GET /session/de809374161c7b69160a618664f1a5fa/screenshot - {}
RESULT: {}
COMMAND: POST /session/de809374161c7b69160a618664f1a5fa/execute/async - {"script":"<script> [1562 bytes]","args":[{"selector":{"controlType":"sap.ui.core.Icon","viewName":"etm.portal.ui.managecatalogs.view.MasterItems","viewId":"application-managecatalogs-display-component---masterCatalogItems","properties":{"src":{"regex":{"source":"refresh"}}}},"wdio_ui5_key":"etmportal.ui.managecatalogs.view.MasterItemssap.ui.core.Icon{\"src\":{\"regex\":{\"source\":\"refresh\"}}}"}]}
RESULT: {"script":"<script> [1562 bytes]","args":[{"selector":{"controlType":"sap.ui.core.Icon","viewName":"etm.portal.ui.managecatalogs.view.MasterItems","viewId":"application-managecatalogs-display-component---masterCatalogItems","properties":{"src":{"regex":{"source":"refresh"}}}},"wdio_ui5_key":"etmportal.ui.managecatalogs.view.MasterItemssap.ui.core.Icon{\"src\":{\"regex\":{\"source\":\"refresh\"}}}"}]}
RESULT: undefined
COMMAND: POST /session/de809374161c7b69160a618664f1a5fa/element - {"using":"xpath","value":"//*[@id=\"__button64-img\"]"}
RESULT: {"using":"xpath","value":"//*[@id=\"__button64-img\"]"}
COMMAND: POST /session/de809374161c7b69160a618664f1a5fa/element/f.BF26AF8B2ED0E270307A0F05FC587F4F.d.8083B7D187D4A3A6683EDE18A9538CD8.e.7737/click - {}
RESULT: {}
COMMAND: POST /session/de809374161c7b69160a618664f1a5fa/execute/async - {"script":"<script> [1562 bytes]","args":[{"selector":{"id":"application-managecatalogs-display-component---masterCatalogItems--searchItemsField","interaction":{"idSuffix":"I"}},"wdio_ui5_key":"applicationmanagecatalogs-display-component---masterCatalogItems--searchItemsField"}]}
COMMAND: GET /session/de809374161c7b69160a618664f1a5fa/screenshot - {}
RESULT: {"script":"<script> [1562 bytes]","args":[{"selector":{"id":"application-managecatalogs-display-component---masterCatalogItems--searchItemsField","interaction":{"idSuffix":"I"}},"wdio_ui5_key":"applicationmanagecatalogs-display-component---masterCatalogItems--searchItemsField"}]}
RESULT: undefined
COMMAND: POST /session/de809374161c7b69160a618664f1a5fa/execute/async - {"script":"<script> [776 bytes]","args":[{"enterText":"Webdriverj13x9h","selector":{"id":"application-managecatalogs-display-component---masterCatalogItems--searchItemsField","interaction":{"idSuffix":"I"}},"clearTextFirst":true,"interactionType":"ENTER_TEXT"}]}
RESULT: {}
RESULT: {"script":"<script> [776 bytes]","args":[{"enterText":"Webdriverj13x9h","selector":{"id":"application-managecatalogs-display-component---masterCatalogItems--searchItemsField","interaction":{"idSuffix":"I"}},"clearTextFirst":true,"interactionType":"ENTER_TEXT"}]}
COMMAND: POST /session/de809374161c7b69160a618664f1a5fa/actions - {"actions":[{"id":"action48","type":"key","parameters":{},"actions":[{"type":"keyDown","value":""},{"type":"pause","duration":10},{"type":"keyUp","value":""}]}]}
RESULT: {"actions":[{"id":"action48","type":"key","parameters":{},"actions":[{"type":"keyDown","value":""},{"type":"pause","duration":10},{"type":"keyUp","value":""}]}]}
COMMAND: POST /session/de809374161c7b69160a618664f1a5fa/element - {"using":"xpath","value":"(//span[contains(text(), \"Webdriverj13x9h\")])[1]"}
COMMAND: GET /session/de809374161c7b69160a618664f1a5fa/screenshot - {}
RESULT: {"using":"xpath","value":"(//span[contains(text(), \"Webdriverj13x9h\")])[1]"}
COMMAND: POST /session/de809374161c7b69160a618664f1a5fa/element/f.BF26AF8B2ED0E270307A0F05FC587F4F.d.8083B7D187D4A3A6683EDE18A9538CD8.e.7740/click - {}
RESULT: {}
RESULT: {}
COMMAND: GET /session/de809374161c7b69160a618664f1a5fa/screenshot - {}
RESULT: {}
RESULT: undefined
COMMAND: POST /session/de809374161c7b69160a618664f1a5fa/element - {"using":"xpath","value":"//*[@id=\"__button88\"]"}
RESULT: {"using":"xpath","value":"//*[@id=\"__button88\"]"}
COMMAND: POST /session/de809374161c7b69160a618664f1a5fa/element/f.BF26AF8B2ED0E270307A0F05FC587F4F.d.8083B7D187D4A3A6683EDE18A9538CD8.e.7777/click - {}
RESULT: {}
COMMAND: GET /session/de809374161c7b69160a618664f1a5fa/screenshot - {}
RESULT: {}
RESULT: undefined
COMMAND: POST /session/de809374161c7b69160a618664f1a5fa/element - {"using":"xpath","value":"//*[@id=\"__button96-img\"]"}
RESULT: {"using":"xpath","value":"//*[@id=\"__button96-img\"]"}
COMMAND: POST /session/de809374161c7b69160a618664f1a5fa/element/f.BF26AF8B2ED0E270307A0F05FC587F4F.d.8083B7D187D4A3A6683EDE18A9538CD8.e.7826/click - {}
RESULT: {}
COMMAND: GET /session/de809374161c7b69160a618664f1a5fa/screenshot - {}
RESULT: {}
RESULT: undefined
COMMAND: POST /session/de809374161c7b69160a618664f1a5fa/execute/async - {"script":"<script> [776 bytes]","args":[{"enterText":"SecondSection1f85h","selector":{"id":"application-managecatalogs-display-component---detailCatalog--numberInput","searchOpenDialogs":true,"interaction":{"idSuffix":"inner"}},"clearTextFirst":true,"interactionType":"ENTER_TEXT"}]}
RESULT: {"script":"<script> [776 bytes]","args":[{"enterText":"SecondSection1f85h","selector":{"id":"application-managecatalogs-display-component---detailCatalog--numberInput","searchOpenDialogs":true,"interaction":{"idSuffix":"inner"}},"clearTextFirst":true,"interactionType":"ENTER_TEXT"}]}
COMMAND: POST /session/de809374161c7b69160a618664f1a5fa/element - {"using":"xpath","value":"//input[contains(@id ,\"application-managecatalogs-display-component---detailCatalog--nameInput-inner\")]"}
RESULT: {"using":"xpath","value":"//input[contains(@id ,\"application-managecatalogs-display-component---detailCatalog--nameInput-inner\")]"}
COMMAND: POST /session/de809374161c7b69160a618664f1a5fa/elements - {"using":"xpath","value":"//input[contains(@id ,\"application-managecatalogs-display-component---detailCatalog--nameInput-inner\")]"}
RESULT: {"using":"xpath","value":"//input[contains(@id ,\"application-managecatalogs-display-component---detailCatalog--nameInput-inner\")]"}
COMMAND: POST /session/de809374161c7b69160a618664f1a5fa/element/f.BF26AF8B2ED0E270307A0F05FC587F4F.d.8083B7D187D4A3A6683EDE18A9538CD8.e.7830/clear - {}
RESULT: {}
COMMAND: POST /session/de809374161c7b69160a618664f1a5fa/element/f.BF26AF8B2ED0E270307A0F05FC587F4F.d.8083B7D187D4A3A6683EDE18A9538CD8.e.7830/value - {"text":"webdriversecondpj8xr"}
COMMAND: GET /session/de809374161c7b69160a618664f1a5fa/screenshot - {}
RESULT: {"text":"webdriversecondpj8xr"}
RESULT: undefined
COMMAND: POST /session/de809374161c7b69160a618664f1a5fa/element - {"using":"xpath","value":"//*[@id=\"__button66\"]"}
COMMAND: GET /session/de809374161c7b69160a618664f1a5fa/screenshot - {}
RESULT: {}
RESULT: {"using":"xpath","value":"//*[@id=\"__button66\"]"}
COMMAND: POST /session/de809374161c7b69160a618664f1a5fa/element/f.BF26AF8B2ED0E270307A0F05FC587F4F.d.8083B7D187D4A3A6683EDE18A9538CD8.e.7834/click - {}
RESULT: {}
RESULT: {}
COMMAND: GET /session/de809374161c7b69160a618664f1a5fa/screenshot - {}
RESULT: {}
COMMAND: POST /session/de809374161c7b69160a618664f1a5fa/element - {"using":"xpath","value":"//button[@title=\"Save\"]"}
RESULT: {"using":"xpath","value":"//button[@title=\"Save\"]"}
COMMAND: POST /session/de809374161c7b69160a618664f1a5fa/element/f.BF26AF8B2ED0E270307A0F05FC587F4F.d.8083B7D187D4A3A6683EDE18A9538CD8.e.7811/click - {}
RESULT: {}
COMMAND: GET /session/de809374161c7b69160a618664f1a5fa/screenshot - {}
RESULT: {}
RESULT: undefined
COMMAND: POST /session/de809374161c7b69160a618664f1a5fa/element - {"using":"xpath","value":"//*[@id=\"__button91-img\"]"}
RESULT: {"using":"xpath","value":"//*[@id=\"__button91-img\"]"}
COMMAND: POST /session/de809374161c7b69160a618664f1a5fa/element/f.BF26AF8B2ED0E270307A0F05FC587F4F.d.8083B7D187D4A3A6683EDE18A9538CD8.e.7784/click - {}
RESULT: {}
COMMAND: GET /session/de809374161c7b69160a618664f1a5fa/screenshot - {}
RESULT: {}
RESULT: undefined
COMMAND: POST /session/de809374161c7b69160a618664f1a5fa/element - {"using":"xpath","value":"//*[@id=\"__button64-img\"]"}
RESULT: {"using":"xpath","value":"//*[@id=\"__button64-img\"]"}
COMMAND: POST /session/de809374161c7b69160a618664f1a5fa/element/f.BF26AF8B2ED0E270307A0F05FC587F4F.d.8083B7D187D4A3A6683EDE18A9538CD8.e.7874/click - {}
RESULT: {}
COMMAND: GET /session/de809374161c7b69160a618664f1a5fa/screenshot - {}
RESULT: {}
RESULT: undefined
COMMAND: POST /session/de809374161c7b69160a618664f1a5fa/execute/async - {"script":"<script> [776 bytes]","args":[{"enterText":"SecondSection1f85h","selector":{"id":"application-managecatalogs-display-component---masterCatalogItems--searchItemsField","interaction":{"idSuffix":"I"}},"clearTextFirst":true,"interactionType":"ENTER_TEXT"}]}
RESULT: {"script":"<script> [776 bytes]","args":[{"enterText":"SecondSection1f85h","selector":{"id":"application-managecatalogs-display-component---masterCatalogItems--searchItemsField","interaction":{"idSuffix":"I"}},"clearTextFirst":true,"interactionType":"ENTER_TEXT"}]}
COMMAND: POST /session/de809374161c7b69160a618664f1a5fa/actions - {"actions":[{"id":"action49","type":"key","parameters":{},"actions":[{"type":"keyDown","value":""},{"type":"pause","duration":10},{"type":"keyUp","value":""}]}]}
RESULT: {"actions":[{"id":"action49","type":"key","parameters":{},"actions":[{"type":"keyDown","value":""},{"type":"pause","duration":10},{"type":"keyUp","value":""}]}]}
COMMAND: POST /session/de809374161c7b69160a618664f1a5fa/element - {"using":"xpath","value":"(//span[contains(text(), \"SecondSection1f85h\")])[1]"}
COMMAND: GET /session/de809374161c7b69160a618664f1a5fa/screenshot - {}
RESULT: {"using":"xpath","value":"(//span[contains(text(), \"SecondSection1f85h\")])[1]"}
COMMAND: POST /session/de809374161c7b69160a618664f1a5fa/element/f.BF26AF8B2ED0E270307A0F05FC587F4F.d.8083B7D187D4A3A6683EDE18A9538CD8.e.7877/click - {}
RESULT: {}
RESULT: {}
COMMAND: POST /session/de809374161c7b69160a618664f1a5fa/element - {"using":"xpath","value":"(//span[contains(text(), \"SecondSection1f85h\")])[1]"}
COMMAND: GET /session/de809374161c7b69160a618664f1a5fa/screenshot - {}
RESULT: {"using":"xpath","value":"(//span[contains(text(), \"SecondSection1f85h\")])[1]"}
COMMAND: GET /session/de809374161c7b69160a618664f1a5fa/element/f.BF26AF8B2ED0E270307A0F05FC587F4F.d.8083B7D187D4A3A6683EDE18A9538CD8.e.7877/text - {}
RESULT: {}
COMMAND: POST /session/de809374161c7b69160a618664f1a5fa/element - {"using":"xpath","value":"(//span[contains(text(), \"SecondSection1f85h\")])[1]"}
RESULT: {"using":"xpath","value":"(//span[contains(text(), \"SecondSection1f85h\")])[1]"}
COMMAND: GET /session/de809374161c7b69160a618664f1a5fa/element/f.BF26AF8B2ED0E270307A0F05FC587F4F.d.8083B7D187D4A3A6683EDE18A9538CD8.e.7877/text - {}
COMMAND: POST /session/de809374161c7b69160a618664f1a5fa/element - {"using":"xpath","value":"(//span[contains(text(), \"SecondSection1f85h\")])[1]"}
RESULT: {"using":"xpath","value":"(//span[contains(text(), \"SecondSection1f85h\")])[1]"}
COMMAND: GET /session/de809374161c7b69160a618664f1a5fa/element/f.BF26AF8B2ED0E270307A0F05FC587F4F.d.8083B7D187D4A3A6683EDE18A9538CD8.e.7929/text - {}
RESULT: {}
COMMAND: POST /session/de809374161c7b69160a618664f1a5fa/refresh - {}
RESULT: {}
COMMAND: GET /session/de809374161c7b69160a618664f1a5fa/screenshot - {}
RESULT: {}
COMMAND: POST /session/de809374161c7b69160a618664f1a5fa/execute/async - {"script":"<script> [189 bytes]","args":[]}
RESULT: {"script":"<script> [189 bytes]","args":[]}
COMMAND: POST /session/de809374161c7b69160a618664f1a5fa/execute/async - {"script":"<script> [123 bytes]","args":[]}
RESULT: {"script":"<script> [123 bytes]","args":[]}
COMMAND: POST /session/de809374161c7b69160a618664f1a5fa/timeouts - {"script":"<number>"}
RESULT: {"script":"<number>"}
COMMAND: GET /session/de809374161c7b69160a618664f1a5fa/timeouts - {}
RESULT: {}
RESULT: undefined
COMMAND: POST /session/de809374161c7b69160a618664f1a5fa/execute/async - {"script":"<script> [2676 bytes]","args":[]}
RESULT: {"script":"<script> [2676 bytes]","args":[]}
COMMAND: POST /session/de809374161c7b69160a618664f1a5fa/execute/async - {"script":"<script> [2342 bytes]","args":[{"protocol":"http","hostname":"0.0.0.0","path":"/","capabilities":{"browserName":"chrome","goog:chromeOptions":{"binary":"C:\\Program Files\\Google\\Chrome\\Application\\chrome.exe","args":["--start-maximized"]}},"logLevel":"warn","connectionRetryTimeout":120000,"connectionRetryCount":3,"logLevels":{},"enableDirectConnect":true,"strictSSL":true,"_":"65 more keys: [\"cacheDir\",\"port\",\"requestedCapabilities\",\"automationProtocol\",\"baseUrl\",\"waitforInterval\",\"waitforTimeout\",\"onReload\",\"beforeCommand\",\"afterCommand\",\"rootDir\",\"specs\",\"suites\",\"exclude\",\"groupLogsByTestSpec\",\"excludeDriverLogs\",\"bail\",\"framework\",\"reporters\",\"services\",\"maxInstances\",\"maxInstancesPerCapability\",\"injectGlobals\",\"filesToWatch\",\"execArgv\",\"runnerEnv\",\"runner\",\"shard\",\"specFileRetries\",\"specFileRetriesDelay\",\"specFileRetriesDeferred\",\"reporterSyncInterval\",\"reporterSyncTimeout\",\"cucumberFeaturesWithLineNumbers\",\"autoCompileOpts\",\"mochaOpts\",\"jasmineOpts\",\"cucumberOpts\",\"onPrepare\",\"onWorkerStart\",\"onWorkerEnd\",\"before\",\"beforeSession\",\"beforeSuite\",\"beforeHook\",\"beforeTest\",\"afterTest\",\"afterHook\",\"afterSuite\",\"afterSession\",\"after\",\"onComplete\",\"beforeAssertion\",\"afterAssertion\",\"beforeFeature\",\"beforeScenario\",\"beforeStep\",\"afterStep\",\"afterScenario\",\"afterFeature\",\"_\",\"suite\",\"$0\",\"ignoredWorkerServices\",\"wdi5\"]"}]}
RESULT: {"script":"<script> [2342 bytes]","args":[{"protocol":"http","hostname":"0.0.0.0","path":"/","capabilities":{"browserName":"chrome","goog:chromeOptions":{"binary":"C:\\Program Files\\Google\\Chrome\\Application\\chrome.exe","args":["--start-maximized"]}},"logLevel":"warn","connectionRetryTimeout":120000,"connectionRetryCount":3,"logLevels":{},"enableDirectConnect":true,"strictSSL":true,"_":"65 more keys: [\"cacheDir\",\"port\",\"requestedCapabilities\",\"automationProtocol\",\"baseUrl\",\"waitforInterval\",\"waitforTimeout\",\"onReload\",\"beforeCommand\",\"afterCommand\",\"rootDir\",\"specs\",\"suites\",\"exclude\",\"groupLogsByTestSpec\",\"excludeDriverLogs\",\"bail\",\"framework\",\"reporters\",\"services\",\"maxInstances\",\"maxInstancesPerCapability\",\"injectGlobals\",\"filesToWatch\",\"execArgv\",\"runnerEnv\",\"runner\",\"shard\",\"specFileRetries\",\"specFileRetriesDelay\",\"specFileRetriesDeferred\",\"reporterSyncInterval\",\"reporterSyncTimeout\",\"cucumberFeaturesWithLineNumbers\",\"autoCompileOpts\",\"mochaOpts\",\"jasmineOpts\",\"cucumberOpts\",\"onPrepare\",\"onWorkerStart\",\"onWorkerEnd\",\"before\",\"beforeSession\",\"beforeSuite\",\"beforeHook\",\"beforeTest\",\"afterTest\",\"afterHook\",\"afterSuite\",\"afterSession\",\"after\",\"onComplete\",\"beforeAssertion\",\"afterAssertion\",\"beforeFeature\",\"beforeScenario\",\"beforeStep\",\"afterStep\",\"afterScenario\",\"afterFeature\",\"_\",\"suite\",\"$0\",\"ignoredWorkerServices\",\"wdi5\"]"}]}
COMMAND: POST /session/de809374161c7b69160a618664f1a5fa/execute/async - {"script":"<script> [21126 bytes]","args":[35000]}
RESULT: {"script":"<script> [21126 bytes]","args":[35000]}
COMMAND: POST /session/de809374161c7b69160a618664f1a5fa/execute/async - {"script":"<script> [1562 bytes]","args":[{"selector":{"controlType":"sap.m.Button","viewName":"etm.portal.ui.managecatalogs.view.Detail","viewId":"application-managecatalogs-display-component---detailCatalog","i18NText":{"propertyName":"text","key":"edit"},"interaction":{"idSuffix":"BDI-content"}},"wdio_ui5_key":"etmportal.ui.managecatalogs.view.Detailsap.m.Button{\"propertyName\":\"text\",\"key\":\"edit\"}"}]}
RESULT: {"script":"<script> [1562 bytes]","args":[{"selector":{"controlType":"sap.m.Button","viewName":"etm.portal.ui.managecatalogs.view.Detail","viewId":"application-managecatalogs-display-component---detailCatalog","i18NText":{"propertyName":"text","key":"edit"},"interaction":{"idSuffix":"BDI-content"}},"wdio_ui5_key":"etmportal.ui.managecatalogs.view.Detailsap.m.Button{\"propertyName\":\"text\",\"key\":\"edit\"}"}]}
RESULT: undefined
COMMAND: POST /session/de809374161c7b69160a618664f1a5fa/element - {"using":"xpath","value":"//*[@id=\"__button25\"]"}
RESULT: {"using":"xpath","value":"//*[@id=\"__button25\"]"}
COMMAND: POST /session/de809374161c7b69160a618664f1a5fa/element/f.BF26AF8B2ED0E270307A0F05FC587F4F.d.58BD2E53B56D1B31E6AD24547FFF3E5E.e.7987/click - {}
RESULT: {}
COMMAND: POST /session/de809374161c7b69160a618664f1a5fa/execute/async - {"script":"<script> [1562 bytes]","args":[{"selector":{"controlType":"sap.ui.core.Icon","viewName":"etm.portal.ui.managecatalogs.view.Detail","viewId":"application-managecatalogs-display-component---detailCatalog","properties":{"src":{"regex":{"source":"add\\-document"}}}},"wdio_ui5_key":"etmportal.ui.managecatalogs.view.Detailsap.ui.core.Icon{\"src\":{\"regex\":{\"source\":\"add\\\\-document\"}}}"}]}
COMMAND: GET /session/de809374161c7b69160a618664f1a5fa/screenshot - {}
RESULT: {"script":"<script> [1562 bytes]","args":[{"selector":{"controlType":"sap.ui.core.Icon","viewName":"etm.portal.ui.managecatalogs.view.Detail","viewId":"application-managecatalogs-display-component---detailCatalog","properties":{"src":{"regex":{"source":"add\\-document"}}}},"wdio_ui5_key":"etmportal.ui.managecatalogs.view.Detailsap.ui.core.Icon{\"src\":{\"regex\":{\"source\":\"add\\\\-document\"}}}"}]}
RESULT: undefined
COMMAND: POST /session/de809374161c7b69160a618664f1a5fa/element - {"using":"xpath","value":"//*[@id=\"__button34-img\"]"}
RESULT: {}
RESULT: {"using":"xpath","value":"//*[@id=\"__button34-img\"]"}
COMMAND: POST /session/de809374161c7b69160a618664f1a5fa/element/f.BF26AF8B2ED0E270307A0F05FC587F4F.d.58BD2E53B56D1B31E6AD24547FFF3E5E.e.7994/click - {}
RESULT: {}
COMMAND: POST /session/de809374161c7b69160a618664f1a5fa/execute/async - {"script":"<script> [1562 bytes]","args":[{"selector":{"id":"application-managecatalogs-display-component---detailCatalog--newItemNumberInput","searchOpenDialogs":true,"interaction":{"idSuffix":"inner"}},"wdio_ui5_key":"applicationmanagecatalogs-display-component---detailCatalog--newItemNumberInput"}]}
COMMAND: GET /session/de809374161c7b69160a618664f1a5fa/screenshot - {}
RESULT: {"script":"<script> [1562 bytes]","args":[{"selector":{"id":"application-managecatalogs-display-component---detailCatalog--newItemNumberInput","searchOpenDialogs":true,"interaction":{"idSuffix":"inner"}},"wdio_ui5_key":"applicationmanagecatalogs-display-component---detailCatalog--newItemNumberInput"}]}
RESULT: undefined
COMMAND: POST /session/de809374161c7b69160a618664f1a5fa/execute/async - {"script":"<script> [776 bytes]","args":[{"enterText":"catalogItemoyq7v","selector":{"id":"application-managecatalogs-display-component---detailCatalog--newItemNumberInput","searchOpenDialogs":true,"interaction":{"idSuffix":"inner"}},"clearTextFirst":true,"interactionType":"ENTER_TEXT"}]}
RESULT: {}
RESULT: {"script":"<script> [776 bytes]","args":[{"enterText":"catalogItemoyq7v","selector":{"id":"application-managecatalogs-display-component---detailCatalog--newItemNumberInput","searchOpenDialogs":true,"interaction":{"idSuffix":"inner"}},"clearTextFirst":true,"interactionType":"ENTER_TEXT"}]}
COMMAND: POST /session/de809374161c7b69160a618664f1a5fa/execute/async - {"script":"<script> [1562 bytes]","args":[{"selector":{"controlType":"sap.m.Input","viewName":"etm.portal.ui.managecatalogs.view.Detail","viewId":"application-managecatalogs-display-component---detailCatalog","bindingPath":{"path":"","propertyPath":"/DESCRIPTION"},"searchOpenDialogs":true,"interaction":{"idSuffix":"inner"}},"wdio_ui5_key":"etmportal.ui.managecatalogs.view.Detailsap.m.Input{\"path\":\"\",\"propertyPath\":\"/DESCRIPTION\"}"}]}
RESULT: {"script":"<script> [1562 bytes]","args":[{"selector":{"controlType":"sap.m.Input","viewName":"etm.portal.ui.managecatalogs.view.Detail","viewId":"application-managecatalogs-display-component---detailCatalog","bindingPath":{"path":"","propertyPath":"/DESCRIPTION"},"searchOpenDialogs":true,"interaction":{"idSuffix":"inner"}},"wdio_ui5_key":"etmportal.ui.managecatalogs.view.Detailsap.m.Input{\"path\":\"\",\"propertyPath\":\"/DESCRIPTION\"}"}]}
RESULT: undefined
COMMAND: POST /session/de809374161c7b69160a618664f1a5fa/execute/async - {"script":"<script> [776 bytes]","args":[{"enterText":"catalogItemName8ycgn","selector":{"controlType":"sap.m.Input","viewName":"etm.portal.ui.managecatalogs.view.Detail","viewId":"application-managecatalogs-display-component---detailCatalog","bindingPath":{"path":"","propertyPath":"/DESCRIPTION"},"searchOpenDialogs":true,"interaction":{"idSuffix":"inner"}},"clearTextFirst":true,"interactionType":"ENTER_TEXT"}]}
RESULT: {"script":"<script> [776 bytes]","args":[{"enterText":"catalogItemName8ycgn","selector":{"controlType":"sap.m.Input","viewName":"etm.portal.ui.managecatalogs.view.Detail","viewId":"application-managecatalogs-display-component---detailCatalog","bindingPath":{"path":"","propertyPath":"/DESCRIPTION"},"searchOpenDialogs":true,"interaction":{"idSuffix":"inner"}},"clearTextFirst":true,"interactionType":"ENTER_TEXT"}]}
COMMAND: POST /session/de809374161c7b69160a618664f1a5fa/execute/async - {"script":"<script> [1562 bytes]","args":[{"selector":{"controlType":"sap.m.Button","viewName":"etm.portal.ui.managecatalogs.view.Detail","viewId":"application-managecatalogs-display-component---detailCatalog","i18NText":{"propertyName":"text","key":"create"},"searchOpenDialogs":true,"interaction":{"idSuffix":"BDI-content"}},"wdio_ui5_key":"etmportal.ui.managecatalogs.view.Detailsap.m.Button{\"propertyName\":\"text\",\"key\":\"create\"}"}]}
RESULT: {"script":"<script> [1562 bytes]","args":[{"selector":{"controlType":"sap.m.Button","viewName":"etm.portal.ui.managecatalogs.view.Detail","viewId":"application-managecatalogs-display-component---detailCatalog","i18NText":{"propertyName":"text","key":"create"},"searchOpenDialogs":true,"interaction":{"idSuffix":"BDI-content"}},"wdio_ui5_key":"etmportal.ui.managecatalogs.view.Detailsap.m.Button{\"propertyName\":\"text\",\"key\":\"create\"}"}]}
RESULT: undefined
COMMAND: POST /session/de809374161c7b69160a618664f1a5fa/element - {"using":"xpath","value":"//*[@id=\"__button9\"]"}
RESULT: {"using":"xpath","value":"//*[@id=\"__button9\"]"}
COMMAND: POST /session/de809374161c7b69160a618664f1a5fa/element/f.BF26AF8B2ED0E270307A0F05FC587F4F.d.58BD2E53B56D1B31E6AD24547FFF3E5E.e.8003/click - {}
RESULT: {}
COMMAND: GET /session/de809374161c7b69160a618664f1a5fa/screenshot - {}
RESULT: {}
COMMAND: POST /session/de809374161c7b69160a618664f1a5fa/element - {"using":"xpath","value":"//button[@title=\"Save\"]"}
RESULT: {"using":"xpath","value":"//button[@title=\"Save\"]"}
COMMAND: POST /session/de809374161c7b69160a618664f1a5fa/element/f.BF26AF8B2ED0E270307A0F05FC587F4F.d.58BD2E53B56D1B31E6AD24547FFF3E5E.e.8004/click - {}
RESULT: {}
COMMAND: GET /session/de809374161c7b69160a618664f1a5fa/screenshot - {}
RESULT: {}
COMMAND: POST /session/de809374161c7b69160a618664f1a5fa/execute/async - {"script":"<script> [1562 bytes]","args":[{"selector":{"controlType":"sap.ui.core.Icon","viewName":"etm.portal.ui.managecatalogs.view.Detail","viewId":"application-managecatalogs-display-component---detailCatalog","properties":{"src":{"regex":{"source":"decline"}}}},"wdio_ui5_key":"etmportal.ui.managecatalogs.view.Detailsap.ui.core.Icon{\"src\":{\"regex\":{\"source\":\"decline\"}}}"}]}
RESULT: {"script":"<script> [1562 bytes]","args":[{"selector":{"controlType":"sap.ui.core.Icon","viewName":"etm.portal.ui.managecatalogs.view.Detail","viewId":"application-managecatalogs-display-component---detailCatalog","properties":{"src":{"regex":{"source":"decline"}}}},"wdio_ui5_key":"etmportal.ui.managecatalogs.view.Detailsap.ui.core.Icon{\"src\":{\"regex\":{\"source\":\"decline\"}}}"}]}
RESULT: undefined
COMMAND: POST /session/de809374161c7b69160a618664f1a5fa/element - {"using":"xpath","value":"//*[@id=\"__button28-img\"]"}
RESULT: {"using":"xpath","value":"//*[@id=\"__button28-img\"]"}
COMMAND: POST /session/de809374161c7b69160a618664f1a5fa/element/f.BF26AF8B2ED0E270307A0F05FC587F4F.d.58BD2E53B56D1B31E6AD24547FFF3E5E.e.8009/click - {}
RESULT: {}
COMMAND: GET /session/de809374161c7b69160a618664f1a5fa/screenshot - {}
RESULT: {}
COMMAND: POST /session/de809374161c7b69160a618664f1a5fa/execute/async - {"script":"<script> [1562 bytes]","args":[{"selector":{"controlType":"sap.ui.core.Icon","viewName":"etm.portal.ui.managecatalogs.view.MasterItems","viewId":"application-managecatalogs-display-component---masterCatalogItems","properties":{"src":{"regex":{"source":"refresh"}}}},"wdio_ui5_key":"etmportal.ui.managecatalogs.view.MasterItemssap.ui.core.Icon{\"src\":{\"regex\":{\"source\":\"refresh\"}}}"}]}
RESULT: {"script":"<script> [1562 bytes]","args":[{"selector":{"controlType":"sap.ui.core.Icon","viewName":"etm.portal.ui.managecatalogs.view.MasterItems","viewId":"application-managecatalogs-display-component---masterCatalogItems","properties":{"src":{"regex":{"source":"refresh"}}}},"wdio_ui5_key":"etmportal.ui.managecatalogs.view.MasterItemssap.ui.core.Icon{\"src\":{\"regex\":{\"source\":\"refresh\"}}}"}]}
RESULT: undefined
COMMAND: POST /session/de809374161c7b69160a618664f1a5fa/element - {"using":"xpath","value":"//*[@id=\"__button1-img\"]"}
RESULT: {"using":"xpath","value":"//*[@id=\"__button1-img\"]"}
COMMAND: POST /session/de809374161c7b69160a618664f1a5fa/element/f.BF26AF8B2ED0E270307A0F05FC587F4F.d.58BD2E53B56D1B31E6AD24547FFF3E5E.e.8018/click - {}
RESULT: {}
COMMAND: GET /session/de809374161c7b69160a618664f1a5fa/screenshot - {}
RESULT: {}
COMMAND: POST /session/de809374161c7b69160a618664f1a5fa/execute/async - {"script":"<script> [1562 bytes]","args":[{"selector":{"id":"application-managecatalogs-display-component---masterCatalogItems--searchItemsField","interaction":{"idSuffix":"I"}},"wdio_ui5_key":"applicationmanagecatalogs-display-component---masterCatalogItems--searchItemsField"}]}
RESULT: {"script":"<script> [1562 bytes]","args":[{"selector":{"id":"application-managecatalogs-display-component---masterCatalogItems--searchItemsField","interaction":{"idSuffix":"I"}},"wdio_ui5_key":"applicationmanagecatalogs-display-component---masterCatalogItems--searchItemsField"}]}
RESULT: undefined
COMMAND: POST /session/de809374161c7b69160a618664f1a5fa/execute/async - {"script":"<script> [776 bytes]","args":[{"enterText":"catalogItemName8ycgn","selector":{"id":"application-managecatalogs-display-component---masterCatalogItems--searchItemsField","interaction":{"idSuffix":"I"}},"clearTextFirst":true,"interactionType":"ENTER_TEXT"}]}
RESULT: {"script":"<script> [776 bytes]","args":[{"enterText":"catalogItemName8ycgn","selector":{"id":"application-managecatalogs-display-component---masterCatalogItems--searchItemsField","interaction":{"idSuffix":"I"}},"clearTextFirst":true,"interactionType":"ENTER_TEXT"}]}
COMMAND: POST /session/de809374161c7b69160a618664f1a5fa/actions - {"actions":[{"id":"action50","type":"key","parameters":{},"actions":[{"type":"keyDown","value":""},{"type":"pause","duration":10},{"type":"keyUp","value":""}]}]}
RESULT: {"actions":[{"id":"action50","type":"key","parameters":{},"actions":[{"type":"keyDown","value":""},{"type":"pause","duration":10},{"type":"keyUp","value":""}]}]}
COMMAND: POST /session/de809374161c7b69160a618664f1a5fa/element - {"using":"xpath","value":"(//span[contains(text(), \"catalogItemName8ycgn\")])[1]"}
COMMAND: GET /session/de809374161c7b69160a618664f1a5fa/screenshot - {}
RESULT: {"using":"xpath","value":"(//span[contains(text(), \"catalogItemName8ycgn\")])[1]"}
COMMAND: POST /session/de809374161c7b69160a618664f1a5fa/element/f.BF26AF8B2ED0E270307A0F05FC587F4F.d.58BD2E53B56D1B31E6AD24547FFF3E5E.e.8052/click - {}
RESULT: {}
RESULT: {}
COMMAND: GET /session/de809374161c7b69160a618664f1a5fa/screenshot - {}
RESULT: {}
COMMAND: POST /session/de809374161c7b69160a618664f1a5fa/element - {"using":"xpath","value":"//span[contains(text(), \"catalogItemoyq7v\")]"}
RESULT: {"using":"xpath","value":"//span[contains(text(), \"catalogItemoyq7v\")]"}
COMMAND: GET /session/de809374161c7b69160a618664f1a5fa/element/f.BF26AF8B2ED0E270307A0F05FC587F4F.d.58BD2E53B56D1B31E6AD24547FFF3E5E.e.8105/text - {}
RESULT: {}
]]></system-out>
    </testcase>
    <testcase classname="chrome.136_0_7103_93.windows.Manage_requests_-_requests_specifications_US141095" name="Should add the classification to the catalog item" time="40.045">
      <system-out><![CDATA[
RESULT: undefined
COMMAND: POST /session/de809374161c7b69160a618664f1a5fa/element - {"using":"xpath","value":"//*[@id=\"__button25\"]"}
RESULT: {"using":"xpath","value":"//*[@id=\"__button25\"]"}
COMMAND: POST /session/de809374161c7b69160a618664f1a5fa/element/f.BF26AF8B2ED0E270307A0F05FC587F4F.d.58BD2E53B56D1B31E6AD24547FFF3E5E.e.8115/click - {}
RESULT: {}
COMMAND: GET /session/de809374161c7b69160a618664f1a5fa/screenshot - {}
RESULT: {}
COMMAND: POST /session/de809374161c7b69160a618664f1a5fa/execute/async - {"script":"<script> [1562 bytes]","args":[{"selector":{"id":"application-managecatalogs-display-component---detailCatalog--BASE_UNIT_OF_MEASURE-arrow"},"wdio_ui5_key":"applicationmanagecatalogs-display-component---detailCatalog--BASE_UNIT_OF_MEASURE-arrow"}]}
RESULT: {"script":"<script> [1562 bytes]","args":[{"selector":{"id":"application-managecatalogs-display-component---detailCatalog--BASE_UNIT_OF_MEASURE-arrow"},"wdio_ui5_key":"applicationmanagecatalogs-display-component---detailCatalog--BASE_UNIT_OF_MEASURE-arrow"}]}
RESULT: undefined
COMMAND: POST /session/de809374161c7b69160a618664f1a5fa/element - {"using":"xpath","value":"//*[@id=\"application-managecatalogs-display-component---detailCatalog--BASE_UNIT_OF_MEASURE-arrow\"]"}
RESULT: {"using":"xpath","value":"//*[@id=\"application-managecatalogs-display-component---detailCatalog--BASE_UNIT_OF_MEASURE-arrow\"]"}
COMMAND: POST /session/de809374161c7b69160a618664f1a5fa/element/f.BF26AF8B2ED0E270307A0F05FC587F4F.d.58BD2E53B56D1B31E6AD24547FFF3E5E.e.8144/click - {}
RESULT: {}
COMMAND: POST /session/de809374161c7b69160a618664f1a5fa/execute/async - {"script":"<script> [1562 bytes]","args":[{"selector":{"controlType":"sap.m.StandardListItem","viewName":"etm.portal.ui.managecatalogs.view.Detail","viewId":"application-managecatalogs-display-component---detailCatalog","properties":{"title":"Piece"},"searchOpenDialogs":true,"interaction":{"idSuffix":"titleText"}},"wdio_ui5_key":"etmportal.ui.managecatalogs.view.Detailsap.m.StandardListItem{\"title\":\"Piece\"}"}]}
COMMAND: GET /session/de809374161c7b69160a618664f1a5fa/screenshot - {}
RESULT: {"script":"<script> [1562 bytes]","args":[{"selector":{"controlType":"sap.m.StandardListItem","viewName":"etm.portal.ui.managecatalogs.view.Detail","viewId":"application-managecatalogs-display-component---detailCatalog","properties":{"title":"Piece"},"searchOpenDialogs":true,"interaction":{"idSuffix":"titleText"}},"wdio_ui5_key":"etmportal.ui.managecatalogs.view.Detailsap.m.StandardListItem{\"title\":\"Piece\"}"}]}
RESULT: undefined
COMMAND: POST /session/de809374161c7b69160a618664f1a5fa/element - {"using":"xpath","value":"//*[@id=\"__item229\"]"}
RESULT: {}
RESULT: {"using":"xpath","value":"//*[@id=\"__item229\"]"}
COMMAND: POST /session/de809374161c7b69160a618664f1a5fa/element/f.BF26AF8B2ED0E270307A0F05FC587F4F.d.58BD2E53B56D1B31E6AD24547FFF3E5E.e.8148/click - {}
RESULT: {}
COMMAND: POST /session/de809374161c7b69160a618664f1a5fa/element - {"using":"xpath","value":"//button[contains(@data-kt ,\"ClassificationAddClassButton\")]"}
COMMAND: GET /session/de809374161c7b69160a618664f1a5fa/screenshot - {}
RESULT: {"using":"xpath","value":"//button[contains(@data-kt ,\"ClassificationAddClassButton\")]"}
COMMAND: POST /session/de809374161c7b69160a618664f1a5fa/element/f.BF26AF8B2ED0E270307A0F05FC587F4F.d.58BD2E53B56D1B31E6AD24547FFF3E5E.e.8149/click - {}
RESULT: {}
RESULT: {}
COMMAND: GET /session/de809374161c7b69160a618664f1a5fa/screenshot - {}
RESULT: {}
COMMAND: POST /session/de809374161c7b69160a618664f1a5fa/element - {"using":"xpath","value":"//input[contains(@id ,\"searchField-I\")]"}
RESULT: {"using":"xpath","value":"//input[contains(@id ,\"searchField-I\")]"}
COMMAND: POST /session/de809374161c7b69160a618664f1a5fa/element/f.BF26AF8B2ED0E270307A0F05FC587F4F.d.58BD2E53B56D1B31E6AD24547FFF3E5E.e.8152/value - {"text":"WebdriverItemClassfzsdj"}
RESULT: {"text":"WebdriverItemClassfzsdj"}
COMMAND: POST /session/de809374161c7b69160a618664f1a5fa/actions - {"actions":[{"id":"action51","type":"key","parameters":{},"actions":[{"type":"keyDown","value":""},{"type":"pause","duration":10},{"type":"keyUp","value":""}]}]}
COMMAND: GET /session/de809374161c7b69160a618664f1a5fa/screenshot - {}
RESULT: {"actions":[{"id":"action51","type":"key","parameters":{},"actions":[{"type":"keyDown","value":""},{"type":"pause","duration":10},{"type":"keyUp","value":""}]}]}
COMMAND: GET /session/de809374161c7b69160a618664f1a5fa/screenshot - {}
RESULT: {}
RESULT: {}
COMMAND: POST /session/de809374161c7b69160a618664f1a5fa/element - {"using":"xpath","value":"//span[contains(text(), \"WebdriverItemClassfzsdj\")]"}
RESULT: {"using":"xpath","value":"//span[contains(text(), \"WebdriverItemClassfzsdj\")]"}
COMMAND: POST /session/de809374161c7b69160a618664f1a5fa/element/f.BF26AF8B2ED0E270307A0F05FC587F4F.d.58BD2E53B56D1B31E6AD24547FFF3E5E.e.8186/click - {}
RESULT: {}
COMMAND: GET /session/de809374161c7b69160a618664f1a5fa/screenshot - {}
RESULT: {}
COMMAND: POST /session/de809374161c7b69160a618664f1a5fa/execute/async - {"script":"<script> [1562 bytes]","args":[{"selector":{"controlType":"sap.m.Button","viewName":"etm.portal.ui.managecatalogs.view.Detail","viewId":"application-managecatalogs-display-component---detailCatalog","properties":{"text":"Classification"},"interaction":{"idSuffix":"BDI-content"}},"wdio_ui5_key":"etmportal.ui.managecatalogs.view.Detailsap.m.Button{\"text\":\"Classification\"}"}]}
RESULT: {"script":"<script> [1562 bytes]","args":[{"selector":{"controlType":"sap.m.Button","viewName":"etm.portal.ui.managecatalogs.view.Detail","viewId":"application-managecatalogs-display-component---detailCatalog","properties":{"text":"Classification"},"interaction":{"idSuffix":"BDI-content"}},"wdio_ui5_key":"etmportal.ui.managecatalogs.view.Detailsap.m.Button{\"text\":\"Classification\"}"}]}
RESULT: undefined
COMMAND: POST /session/de809374161c7b69160a618664f1a5fa/element - {"using":"xpath","value":"//*[@id=\"application-managecatalogs-display-component---detailCatalog--ObjectPageLayout-anchBar-__section3-anchor\"]"}
RESULT: {"using":"xpath","value":"//*[@id=\"application-managecatalogs-display-component---detailCatalog--ObjectPageLayout-anchBar-__section3-anchor\"]"}
COMMAND: POST /session/de809374161c7b69160a618664f1a5fa/element/f.BF26AF8B2ED0E270307A0F05FC587F4F.d.58BD2E53B56D1B31E6AD24547FFF3E5E.e.8191/click - {}
RESULT: {}
COMMAND: POST /session/de809374161c7b69160a618664f1a5fa/execute/async - {"script":"<script> [1562 bytes]","args":[{"selector":{"controlType":"sap.ui.core.Icon","viewName":"etm.portal.ui.managecatalogs.view.Detail","viewId":"application-managecatalogs-display-component---detailCatalog","properties":{"src":{"regex":{"source":"slim\\-arrow\\-right"}}},"ancestor":{"controlType":"sap.m.Panel","viewName":"etm.portal.ui.managecatalogs.view.Detail","viewId":"application-managecatalogs-display-component---detailCatalog"}},"wdio_ui5_key":"etmportal.ui.managecatalogs.view.Detailsap.ui.core.Icon{\"src\":{\"regex\":{\"source\":\"slim\\\\-arrow\\\\-right\"}}}{\"controlType\":\"sap.m.Panel\",\"viewName\":\"etm.portal.ui.managecatalogs.view.Detail\",\"viewId\":\"application-managecatalogs-display-component---detailCatalog\"}"}]}
COMMAND: GET /session/de809374161c7b69160a618664f1a5fa/screenshot - {}
RESULT: {"script":"<script> [1562 bytes]","args":[{"selector":{"controlType":"sap.ui.core.Icon","viewName":"etm.portal.ui.managecatalogs.view.Detail","viewId":"application-managecatalogs-display-component---detailCatalog","properties":{"src":{"regex":{"source":"slim\\-arrow\\-right"}}},"ancestor":{"controlType":"sap.m.Panel","viewName":"etm.portal.ui.managecatalogs.view.Detail","viewId":"application-managecatalogs-display-component---detailCatalog"}},"wdio_ui5_key":"etmportal.ui.managecatalogs.view.Detailsap.ui.core.Icon{\"src\":{\"regex\":{\"source\":\"slim\\\\-arrow\\\\-right\"}}}{\"controlType\":\"sap.m.Panel\",\"viewName\":\"etm.portal.ui.managecatalogs.view.Detail\",\"viewId\":\"application-managecatalogs-display-component---detailCatalog\"}"}]}
RESULT: undefined
COMMAND: POST /session/de809374161c7b69160a618664f1a5fa/element - {"using":"xpath","value":"//*[@id=\"__panel0-__layout17-0-expandButton-img\"]"}
RESULT: {}
RESULT: {"using":"xpath","value":"//*[@id=\"__panel0-__layout17-0-expandButton-img\"]"}
COMMAND: POST /session/de809374161c7b69160a618664f1a5fa/element/f.BF26AF8B2ED0E270307A0F05FC587F4F.d.58BD2E53B56D1B31E6AD24547FFF3E5E.e.8197/click - {}
RESULT: {}
COMMAND: POST /session/de809374161c7b69160a618664f1a5fa/execute/async - {"script":"<script> [1562 bytes]","args":[{"selector":{"controlType":"sap.ui.core.Icon","viewName":"etm.portal.ui.managecatalogs.view.Detail","viewId":"application-managecatalogs-display-component---detailCatalog","properties":{"src":{"regex":{"source":"slim\\-arrow\\-down"}}},"ancestor":{"controlType":"sap.m.ColumnListItem","viewName":"etm.portal.ui.managecatalogs.view.Detail","viewId":"application-managecatalogs-display-component---detailCatalog","bindingPath":{"modelName":"classModel","path":"/data/0/PROPERTIES/0"},"ancestor":{"controlType":"sap.m.Table","viewName":"etm.portal.ui.managecatalogs.view.Detail","viewId":"application-managecatalogs-display-component---detailCatalog","bindingPath":{"path":"/data/0","propertyPath":"PROPERTIES","modelName":"classModel"}}}},"wdio_ui5_key":"etmportal.ui.managecatalogs.view.Detailsap.ui.core.Icon{\"src\":{\"regex\":{\"source\":\"slim\\\\-arrow\\\\-down\"}}}{\"controlType\":\"sap.m.ColumnListItem\",\"viewName\":\"etm.portal.ui.managecatalogs.view.Detail\",\"viewId\":\"application-managecatalogs-display-component---detailCatalog\",\"bindingPath\":{\"modelName\":\"classModel\",\"path\":\"/data/0/PROPERTIES/0\"},\"ancestor\":{\"controlType\":\"sap.m.Table\",\"viewName\":\"etm.portal.ui.managecatalogs.view.Detail\",\"viewId\":\"application-managecatalogs-display-component---detailCatalog\",\"bindingPath\":{\"path\":\"/data/0\",\"propertyPath\":\"PROPERTIES\",\"modelName\":\"classModel\"}}}"}]}
COMMAND: GET /session/de809374161c7b69160a618664f1a5fa/screenshot - {}
RESULT: {"script":"<script> [1562 bytes]","args":[{"selector":{"controlType":"sap.ui.core.Icon","viewName":"etm.portal.ui.managecatalogs.view.Detail","viewId":"application-managecatalogs-display-component---detailCatalog","properties":{"src":{"regex":{"source":"slim\\-arrow\\-down"}}},"ancestor":{"controlType":"sap.m.ColumnListItem","viewName":"etm.portal.ui.managecatalogs.view.Detail","viewId":"application-managecatalogs-display-component---detailCatalog","bindingPath":{"modelName":"classModel","path":"/data/0/PROPERTIES/0"},"ancestor":{"controlType":"sap.m.Table","viewName":"etm.portal.ui.managecatalogs.view.Detail","viewId":"application-managecatalogs-display-component---detailCatalog","bindingPath":{"path":"/data/0","propertyPath":"PROPERTIES","modelName":"classModel"}}}},"wdio_ui5_key":"etmportal.ui.managecatalogs.view.Detailsap.ui.core.Icon{\"src\":{\"regex\":{\"source\":\"slim\\\\-arrow\\\\-down\"}}}{\"controlType\":\"sap.m.ColumnListItem\",\"viewName\":\"etm.portal.ui.managecatalogs.view.Detail\",\"viewId\":\"application-managecatalogs-display-component---detailCatalog\",\"bindingPath\":{\"modelName\":\"classModel\",\"path\":\"/data/0/PROPERTIES/0\"},\"ancestor\":{\"controlType\":\"sap.m.Table\",\"viewName\":\"etm.portal.ui.managecatalogs.view.Detail\",\"viewId\":\"application-managecatalogs-display-component---detailCatalog\",\"bindingPath\":{\"path\":\"/data/0\",\"propertyPath\":\"PROPERTIES\",\"modelName\":\"classModel\"}}}"}]}
RESULT: undefined
COMMAND: POST /session/de809374161c7b69160a618664f1a5fa/element - {"using":"xpath","value":"//*[@id=\"__box31-arrow\"]"}
RESULT: {}
RESULT: {"using":"xpath","value":"//*[@id=\"__box31-arrow\"]"}
COMMAND: POST /session/de809374161c7b69160a618664f1a5fa/element/f.BF26AF8B2ED0E270307A0F05FC587F4F.d.58BD2E53B56D1B31E6AD24547FFF3E5E.e.8211/click - {}
RESULT: {}
COMMAND: POST /session/de809374161c7b69160a618664f1a5fa/execute/async - {"script":"<script> [1562 bytes]","args":[{"selector":{"controlType":"sap.m.StandardListItem","viewName":"etm.portal.ui.managecatalogs.view.Detail","viewId":"application-managecatalogs-display-component---detailCatalog","properties":{"title":"red"},"searchOpenDialogs":true,"interaction":{"idSuffix":"content"}},"wdio_ui5_key":"etmportal.ui.managecatalogs.view.Detailsap.m.StandardListItem{\"title\":\"red\"}"}]}
COMMAND: GET /session/de809374161c7b69160a618664f1a5fa/screenshot - {}
RESULT: {"script":"<script> [1562 bytes]","args":[{"selector":{"controlType":"sap.m.StandardListItem","viewName":"etm.portal.ui.managecatalogs.view.Detail","viewId":"application-managecatalogs-display-component---detailCatalog","properties":{"title":"red"},"searchOpenDialogs":true,"interaction":{"idSuffix":"content"}},"wdio_ui5_key":"etmportal.ui.managecatalogs.view.Detailsap.m.StandardListItem{\"title\":\"red\"}"}]}
RESULT: undefined
COMMAND: POST /session/de809374161c7b69160a618664f1a5fa/element - {"using":"xpath","value":"//*[@id=\"__item237\"]"}
RESULT: {}
RESULT: {"using":"xpath","value":"//*[@id=\"__item237\"]"}
COMMAND: POST /session/de809374161c7b69160a618664f1a5fa/element/f.BF26AF8B2ED0E270307A0F05FC587F4F.d.58BD2E53B56D1B31E6AD24547FFF3E5E.e.8214/click - {}
RESULT: {}
COMMAND: GET /session/de809374161c7b69160a618664f1a5fa/screenshot - {}
RESULT: {}
COMMAND: POST /session/de809374161c7b69160a618664f1a5fa/execute/async - {"script":"<script> [1562 bytes]","args":[{"selector":{"controlType":"sap.m.Button","viewName":"etm.portal.ui.managecatalogs.view.Detail","viewId":"application-managecatalogs-display-component---detailCatalog","i18NText":{"propertyName":"text","key":"save"},"interaction":{"idSuffix":"BDI-content"}},"wdio_ui5_key":"etmportal.ui.managecatalogs.view.Detailsap.m.Button{\"propertyName\":\"text\",\"key\":\"save\"}"}]}
RESULT: {"script":"<script> [1562 bytes]","args":[{"selector":{"controlType":"sap.m.Button","viewName":"etm.portal.ui.managecatalogs.view.Detail","viewId":"application-managecatalogs-display-component---detailCatalog","i18NText":{"propertyName":"text","key":"save"},"interaction":{"idSuffix":"BDI-content"}},"wdio_ui5_key":"etmportal.ui.managecatalogs.view.Detailsap.m.Button{\"propertyName\":\"text\",\"key\":\"save\"}"}]}
RESULT: undefined
COMMAND: POST /session/de809374161c7b69160a618664f1a5fa/element - {"using":"xpath","value":"//*[@id=\"__button43\"]"}
RESULT: {"using":"xpath","value":"//*[@id=\"__button43\"]"}
COMMAND: POST /session/de809374161c7b69160a618664f1a5fa/element/f.BF26AF8B2ED0E270307A0F05FC587F4F.d.58BD2E53B56D1B31E6AD24547FFF3E5E.e.8118/click - {}
RESULT: {}
COMMAND: GET /session/de809374161c7b69160a618664f1a5fa/screenshot - {}
RESULT: {}
COMMAND: POST /session/de809374161c7b69160a618664f1a5fa/element - {"using":"css selector","value":"#shell-header-logo"}
RESULT: {"using":"css selector","value":"#shell-header-logo"}
COMMAND: POST /session/de809374161c7b69160a618664f1a5fa/element/f.BF26AF8B2ED0E270307A0F05FC587F4F.d.58BD2E53B56D1B31E6AD24547FFF3E5E.e.7951/click - {}
RESULT: {}
COMMAND: GET /session/de809374161c7b69160a618664f1a5fa/screenshot - {}
]]></system-out>
    </testcase>
    <testcase classname="chrome.136_0_7103_93.windows.Manage_requests_-_requests_specifications_US141095" name="Should create a new request and add the catalog item with the specifications" time="160.82">
      <system-out><![CDATA[
COMMAND: POST /session/de809374161c7b69160a618664f1a5fa/execute/async - {"script":"<script> [1562 bytes]","args":[{"selector":{"controlType":"sap.m.GenericTile","properties":{"header":"Manage Requests"}},"wdio_ui5_key":"sapm.GenericTile{\"header\":\"Manage Requests\"}"}]}
RESULT: {}
RESULT: {"script":"<script> [1562 bytes]","args":[{"selector":{"controlType":"sap.m.GenericTile","properties":{"header":"Manage Requests"}},"wdio_ui5_key":"sapm.GenericTile{\"header\":\"Manage Requests\"}"}]}
RESULT: undefined
COMMAND: POST /session/de809374161c7b69160a618664f1a5fa/element - {"using":"xpath","value":"//*[@id=\"__tile47\"]"}
RESULT: {"using":"xpath","value":"//*[@id=\"__tile47\"]"}
COMMAND: POST /session/de809374161c7b69160a618664f1a5fa/element/f.BF26AF8B2ED0E270307A0F05FC587F4F.d.58BD2E53B56D1B31E6AD24547FFF3E5E.e.8245/click - {}
RESULT: {}
COMMAND: GET /session/de809374161c7b69160a618664f1a5fa/screenshot - {}
RESULT: {}
COMMAND: POST /session/de809374161c7b69160a618664f1a5fa/elements - {"using":"xpath","value":"//span[text()='Error']"}
RESULT: {"using":"xpath","value":"//span[text()='Error']"}
COMMAND: POST /session/de809374161c7b69160a618664f1a5fa/element - {"using":"xpath","value":"//button[contains(@data-kt ,\"btnCreateNewOverflowToolbarButton\")]"}
COMMAND: POST /session/de809374161c7b69160a618664f1a5fa/element - {"using":"xpath","value":"(//span[contains(@class ,\"sapMObjStatusText\")])[1]"}
RESULT: {"using":"xpath","value":"//button[contains(@data-kt ,\"btnCreateNewOverflowToolbarButton\")]"}
COMMAND: POST /session/de809374161c7b69160a618664f1a5fa/element/f.BF26AF8B2ED0E270307A0F05FC587F4F.d.58BD2E53B56D1B31E6AD24547FFF3E5E.e.8302/click - {}
RESULT: {"using":"xpath","value":"(//span[contains(@class ,\"sapMObjStatusText\")])[1]"}
COMMAND: POST /session/de809374161c7b69160a618664f1a5fa/execute/sync - {"script":"<script> [8489 bytes]","args":[{"element-6066-11e4-a52e-4f735466cecf":"f.BF26AF8B2ED0E270307A0F05FC587F4F.d.58BD2E53B56D1B31E6AD24547FFF3E5E.e.8340","ELEMENT":"f.BF26AF8B2ED0E270307A0F05FC587F4F.d.58BD2E53B56D1B31E6AD24547FFF3E5E.e.8340"}]}
RESULT: {}
RESULT: {"script":"<script> [8489 bytes]","args":[{"element-6066-11e4-a52e-4f735466cecf":"f.BF26AF8B2ED0E270307A0F05FC587F4F.d.58BD2E53B56D1B31E6AD24547FFF3E5E.e.8340","ELEMENT":"f.BF26AF8B2ED0E270307A0F05FC587F4F.d.58BD2E53B56D1B31E6AD24547FFF3E5E.e.8340"}]}
COMMAND: GET /session/de809374161c7b69160a618664f1a5fa/screenshot - {}
COMMAND: GET /session/de809374161c7b69160a618664f1a5fa/screenshot - {}
RESULT: {}
RESULT: {}
COMMAND: POST /session/de809374161c7b69160a618664f1a5fa/element - {"using":"xpath","value":"//input[contains(@id ,\"yardId-inner\")]"}
RESULT: {"using":"xpath","value":"//input[contains(@id ,\"yardId-inner\")]"}
COMMAND: POST /session/de809374161c7b69160a618664f1a5fa/execute/sync - {"script":"<script> [8489 bytes]","args":[{"element-6066-11e4-a52e-4f735466cecf":"f.BF26AF8B2ED0E270307A0F05FC587F4F.d.58BD2E53B56D1B31E6AD24547FFF3E5E.e.8442","ELEMENT":"f.BF26AF8B2ED0E270307A0F05FC587F4F.d.58BD2E53B56D1B31E6AD24547FFF3E5E.e.8442"}]}
RESULT: {"script":"<script> [8489 bytes]","args":[{"element-6066-11e4-a52e-4f735466cecf":"f.BF26AF8B2ED0E270307A0F05FC587F4F.d.58BD2E53B56D1B31E6AD24547FFF3E5E.e.8442","ELEMENT":"f.BF26AF8B2ED0E270307A0F05FC587F4F.d.58BD2E53B56D1B31E6AD24547FFF3E5E.e.8442"}]}
COMMAND: POST /session/de809374161c7b69160a618664f1a5fa/element - {"using":"xpath","value":"//input[contains(@id ,\"yardId-inner\")]"}
COMMAND: GET /session/de809374161c7b69160a618664f1a5fa/screenshot - {}
RESULT: {"using":"xpath","value":"//input[contains(@id ,\"yardId-inner\")]"}
COMMAND: GET /session/de809374161c7b69160a618664f1a5fa/element/f.BF26AF8B2ED0E270307A0F05FC587F4F.d.58BD2E53B56D1B31E6AD24547FFF3E5E.e.8442/enabled - {}
RESULT: {}
RESULT: {}
COMMAND: POST /session/de809374161c7b69160a618664f1a5fa/element/f.BF26AF8B2ED0E270307A0F05FC587F4F.d.58BD2E53B56D1B31E6AD24547FFF3E5E.e.8442/clear - {}
COMMAND: GET /session/de809374161c7b69160a618664f1a5fa/screenshot - {}
RESULT: {}
COMMAND: POST /session/de809374161c7b69160a618664f1a5fa/element/f.BF26AF8B2ED0E270307A0F05FC587F4F.d.58BD2E53B56D1B31E6AD24547FFF3E5E.e.8442/value - {"text":"WebdriverYarduxu1d"}
COMMAND: GET /session/de809374161c7b69160a618664f1a5fa/screenshot - {}
RESULT: {}
RESULT: {"text":"WebdriverYarduxu1d"}
COMMAND: GET /session/de809374161c7b69160a618664f1a5fa/screenshot - {}
RESULT: {}
RESULT: {}
COMMAND: POST /session/de809374161c7b69160a618664f1a5fa/element - {"using":"xpath","value":"//input[contains(@id ,\"customerNumber-inner\")]"}
RESULT: {"using":"xpath","value":"//input[contains(@id ,\"customerNumber-inner\")]"}
COMMAND: POST /session/de809374161c7b69160a618664f1a5fa/element/f.BF26AF8B2ED0E270307A0F05FC587F4F.d.58BD2E53B56D1B31E6AD24547FFF3E5E.e.8436/value - {"text":"WebdriverPartnermab88"}
COMMAND: POST /session/de809374161c7b69160a618664f1a5fa/actions - {"actions":[{"id":"action52","type":"key","parameters":{},"actions":[{"type":"keyDown","value":""},{"type":"pause","duration":10},{"type":"keyUp","value":""}]}]}
RESULT: {"actions":[{"id":"action52","type":"key","parameters":{},"actions":[{"type":"keyDown","value":""},{"type":"pause","duration":10},{"type":"keyUp","value":""}]}]}
COMMAND: GET /session/de809374161c7b69160a618664f1a5fa/screenshot - {}
RESULT: {"text":"WebdriverPartnermab88"}
COMMAND: GET /session/de809374161c7b69160a618664f1a5fa/screenshot - {}
RESULT: {}
RESULT: {}
COMMAND: POST /session/de809374161c7b69160a618664f1a5fa/actions - {"actions":[{"id":"action53","type":"key","parameters":{},"actions":[{"type":"keyDown","value":""},{"type":"pause","duration":10},{"type":"keyUp","value":""}]}]}
RESULT: {"actions":[{"id":"action53","type":"key","parameters":{},"actions":[{"type":"keyDown","value":""},{"type":"pause","duration":10},{"type":"keyUp","value":""}]}]}
COMMAND: GET /session/de809374161c7b69160a618664f1a5fa/screenshot - {}
RESULT: {}
COMMAND: POST /session/de809374161c7b69160a618664f1a5fa/element - {"using":"xpath","value":"//input[contains(@id ,\"requestSiteId-inner\")]"}
RESULT: {"using":"xpath","value":"//input[contains(@id ,\"requestSiteId-inner\")]"}
COMMAND: POST /session/de809374161c7b69160a618664f1a5fa/element/f.BF26AF8B2ED0E270307A0F05FC587F4F.d.58BD2E53B56D1B31E6AD24547FFF3E5E.e.8435/value - {"text":"WebdriverSitee9o56"}
RESULT: {"text":"WebdriverSitee9o56"}
COMMAND: GET /session/de809374161c7b69160a618664f1a5fa/screenshot - {}
RESULT: {}
COMMAND: POST /session/de809374161c7b69160a618664f1a5fa/actions - {"actions":[{"id":"action54","type":"key","parameters":{},"actions":[{"type":"keyDown","value":""},{"type":"pause","duration":10},{"type":"keyUp","value":""}]}]}
RESULT: {"actions":[{"id":"action54","type":"key","parameters":{},"actions":[{"type":"keyDown","value":""},{"type":"pause","duration":10},{"type":"keyUp","value":""}]}]}
COMMAND: POST /session/de809374161c7b69160a618664f1a5fa/execute/async - {"script":"<script> [1562 bytes]","args":[{"selector":{"controlType":"sap.ui.core.Icon","viewName":"etm.portal.ui.managerequests.view.NewRequest","properties":{"src":{"regex":{"source":"add"}}}},"wdio_ui5_key":"etmportal.ui.managerequests.view.NewRequestsap.ui.core.Icon{\"src\":{\"regex\":{\"source\":\"add\"}}}"}]}
COMMAND: GET /session/de809374161c7b69160a618664f1a5fa/screenshot - {}
RESULT: {"script":"<script> [1562 bytes]","args":[{"selector":{"controlType":"sap.ui.core.Icon","viewName":"etm.portal.ui.managerequests.view.NewRequest","properties":{"src":{"regex":{"source":"add"}}}},"wdio_ui5_key":"etmportal.ui.managerequests.view.NewRequestsap.ui.core.Icon{\"src\":{\"regex\":{\"source\":\"add\"}}}"}]}
RESULT: undefined
COMMAND: POST /session/de809374161c7b69160a618664f1a5fa/element - {"using":"xpath","value":"//*[@id=\"__xmlview59--btnAddTableRow-img\"]"}
RESULT: {}
RESULT: {"using":"xpath","value":"//*[@id=\"__xmlview59--btnAddTableRow-img\"]"}
COMMAND: POST /session/de809374161c7b69160a618664f1a5fa/element/f.BF26AF8B2ED0E270307A0F05FC587F4F.d.58BD2E53B56D1B31E6AD24547FFF3E5E.e.8592/click - {}
RESULT: {}
COMMAND: GET /session/de809374161c7b69160a618664f1a5fa/screenshot - {}
RESULT: {}
COMMAND: POST /session/de809374161c7b69160a618664f1a5fa/actions - {"actions":[{"id":"action55","type":"key","parameters":{},"actions":[{"type":"keyDown","value":""},{"type":"pause","duration":10},{"type":"keyUp","value":""}]}]}
RESULT: {"actions":[{"id":"action55","type":"key","parameters":{},"actions":[{"type":"keyDown","value":""},{"type":"pause","duration":10},{"type":"keyUp","value":""}]}]}
COMMAND: POST /session/de809374161c7b69160a618664f1a5fa/actions - {"actions":[{"id":"action56","type":"key","parameters":{},"actions":[{"type":"keyDown","value":""},{"type":"pause","duration":10},{"type":"keyUp","value":""}]}]}
COMMAND: GET /session/de809374161c7b69160a618664f1a5fa/screenshot - {}
RESULT: {"actions":[{"id":"action56","type":"key","parameters":{},"actions":[{"type":"keyDown","value":""},{"type":"pause","duration":10},{"type":"keyUp","value":""}]}]}
COMMAND: POST /session/de809374161c7b69160a618664f1a5fa/element - {"using":"xpath","value":"(//input[contains(@id ,\"requestItemsTable-0-inner\")])[1]"}
COMMAND: GET /session/de809374161c7b69160a618664f1a5fa/screenshot - {}
RESULT: {}
RESULT: {"using":"xpath","value":"(//input[contains(@id ,\"requestItemsTable-0-inner\")])[1]"}
COMMAND: POST /session/de809374161c7b69160a618664f1a5fa/element/f.BF26AF8B2ED0E270307A0F05FC587F4F.d.58BD2E53B56D1B31E6AD24547FFF3E5E.e.8597/clear - {}
RESULT: {}
RESULT: {}
COMMAND: POST /session/de809374161c7b69160a618664f1a5fa/element/f.BF26AF8B2ED0E270307A0F05FC587F4F.d.58BD2E53B56D1B31E6AD24547FFF3E5E.e.8597/value - {"text":"catalogItemName8ycgn"}
COMMAND: GET /session/de809374161c7b69160a618664f1a5fa/screenshot - {}
RESULT: {"text":"catalogItemName8ycgn"}
COMMAND: GET /session/de809374161c7b69160a618664f1a5fa/screenshot - {}
RESULT: {}
RESULT: {}
COMMAND: POST /session/de809374161c7b69160a618664f1a5fa/actions - {"actions":[{"id":"action57","type":"key","parameters":{},"actions":[{"type":"keyDown","value":""},{"type":"pause","duration":10},{"type":"keyUp","value":""}]}]}
RESULT: {"actions":[{"id":"action57","type":"key","parameters":{},"actions":[{"type":"keyDown","value":""},{"type":"pause","duration":10},{"type":"keyUp","value":""}]}]}
COMMAND: GET /session/de809374161c7b69160a618664f1a5fa/screenshot - {}
RESULT: {}
COMMAND: POST /session/de809374161c7b69160a618664f1a5fa/execute/async - {"script":"<script> [1562 bytes]","args":[{"selector":{"controlType":"sap.m.Button","viewName":"etm.portal.ui.managerequests.view.NewRequest","i18NText":{"propertyName":"text","key":"requestSpecifications"},"interaction":{"idSuffix":"BDI-content"}},"wdio_ui5_key":"etmportal.ui.managerequests.view.NewRequestsap.m.Button{\"propertyName\":\"text\",\"key\":\"requestSpecifications\"}"}]}
RESULT: {"script":"<script> [1562 bytes]","args":[{"selector":{"controlType":"sap.m.Button","viewName":"etm.portal.ui.managerequests.view.NewRequest","i18NText":{"propertyName":"text","key":"requestSpecifications"},"interaction":{"idSuffix":"BDI-content"}},"wdio_ui5_key":"etmportal.ui.managerequests.view.NewRequestsap.m.Button{\"propertyName\":\"text\",\"key\":\"requestSpecifications\"}"}]}
RESULT: undefined
COMMAND: POST /session/de809374161c7b69160a618664f1a5fa/element - {"using":"xpath","value":"//*[@id=\"__button78-__xmlview59--requestItemsTable-0\"]"}
RESULT: {"using":"xpath","value":"//*[@id=\"__button78-__xmlview59--requestItemsTable-0\"]"}
COMMAND: POST /session/de809374161c7b69160a618664f1a5fa/element/f.BF26AF8B2ED0E270307A0F05FC587F4F.d.58BD2E53B56D1B31E6AD24547FFF3E5E.e.8611/click - {}
RESULT: {}
COMMAND: GET /session/de809374161c7b69160a618664f1a5fa/screenshot - {}
RESULT: {}
COMMAND: POST /session/de809374161c7b69160a618664f1a5fa/element - {"using":"xpath","value":"//input[@value=\"red\"]"}
RESULT: {"using":"xpath","value":"//input[@value=\"red\"]"}
COMMAND: POST /session/de809374161c7b69160a618664f1a5fa/elements - {"using":"xpath","value":"//input[@value=\"red\"]"}
RESULT: {"using":"xpath","value":"//input[@value=\"red\"]"}
COMMAND: POST /session/de809374161c7b69160a618664f1a5fa/execute/async - {"script":"<script> [1562 bytes]","args":[{"selector":{"controlType":"sap.m.Text","viewName":"etm.portal.ui.managerequests.view.NewRequest","bindingPath":{"path":"/currentEntries/0/PROPERTIES/0","propertyPath":"DESCRIPTION","modelName":"techSpecsClassificationModel"},"searchOpenDialogs":true},"wdio_ui5_key":"etmportal.ui.managerequests.view.NewRequestsap.m.Text{\"path\":\"/currentEntries/0/PROPERTIES/0\",\"propertyPath\":\"DESCRIPTION\",\"modelName\":\"techSpecsClassificationModel\"}"}]}
RESULT: {"script":"<script> [1562 bytes]","args":[{"selector":{"controlType":"sap.m.Text","viewName":"etm.portal.ui.managerequests.view.NewRequest","bindingPath":{"path":"/currentEntries/0/PROPERTIES/0","propertyPath":"DESCRIPTION","modelName":"techSpecsClassificationModel"},"searchOpenDialogs":true},"wdio_ui5_key":"etmportal.ui.managerequests.view.NewRequestsap.m.Text{\"path\":\"/currentEntries/0/PROPERTIES/0\",\"propertyPath\":\"DESCRIPTION\",\"modelName\":\"techSpecsClassificationModel\"}"}]}
RESULT: undefined
COMMAND: POST /session/de809374161c7b69160a618664f1a5fa/execute/async - {"script":"<script> [6424 bytes]","args":[{"element-6066-11e4-a52e-4f735466cecf":"f.BF26AF8B2ED0E270307A0F05FC587F4F.d.58BD2E53B56D1B31E6AD24547FFF3E5E.e.8620"},"getText",[]]}
RESULT: {"script":"<script> [6424 bytes]","args":[{"element-6066-11e4-a52e-4f735466cecf":"f.BF26AF8B2ED0E270307A0F05FC587F4F.d.58BD2E53B56D1B31E6AD24547FFF3E5E.e.8620"},"getText",[]]}
COMMAND: POST /session/de809374161c7b69160a618664f1a5fa/execute/async - {"script":"<script> [1562 bytes]","args":[{"selector":{"controlType":"sap.ui.core.Icon","viewName":"etm.portal.ui.managerequests.view.NewRequest","properties":{"src":{"regex":{"source":"slim\\-arrow\\-down"}}},"searchOpenDialogs":true},"wdio_ui5_key":"etmportal.ui.managerequests.view.NewRequestsap.ui.core.Icon{\"src\":{\"regex\":{\"source\":\"slim\\\\-arrow\\\\-down\"}}}"}]}
RESULT: {"script":"<script> [1562 bytes]","args":[{"selector":{"controlType":"sap.ui.core.Icon","viewName":"etm.portal.ui.managerequests.view.NewRequest","properties":{"src":{"regex":{"source":"slim\\-arrow\\-down"}}},"searchOpenDialogs":true},"wdio_ui5_key":"etmportal.ui.managerequests.view.NewRequestsap.ui.core.Icon{\"src\":{\"regex\":{\"source\":\"slim\\\\-arrow\\\\-down\"}}}"}]}
RESULT: undefined
COMMAND: POST /session/de809374161c7b69160a618664f1a5fa/element - {"using":"xpath","value":"//*[@id=\"__box58-arrow\"]"}
RESULT: {"using":"xpath","value":"//*[@id=\"__box58-arrow\"]"}
COMMAND: POST /session/de809374161c7b69160a618664f1a5fa/element/f.BF26AF8B2ED0E270307A0F05FC587F4F.d.58BD2E53B56D1B31E6AD24547FFF3E5E.e.8621/click - {}
RESULT: {}
COMMAND: POST /session/de809374161c7b69160a618664f1a5fa/execute/async - {"script":"<script> [1562 bytes]","args":[{"selector":{"controlType":"sap.m.StandardListItem","viewName":"etm.portal.ui.managerequests.view.NewRequest","properties":{"title":"blue"},"searchOpenDialogs":true,"interaction":{"idSuffix":"content"}},"wdio_ui5_key":"etmportal.ui.managerequests.view.NewRequestsap.m.StandardListItem{\"title\":\"blue\"}"}]}
COMMAND: GET /session/de809374161c7b69160a618664f1a5fa/screenshot - {}
RESULT: {"script":"<script> [1562 bytes]","args":[{"selector":{"controlType":"sap.m.StandardListItem","viewName":"etm.portal.ui.managerequests.view.NewRequest","properties":{"title":"blue"},"searchOpenDialogs":true,"interaction":{"idSuffix":"content"}},"wdio_ui5_key":"etmportal.ui.managerequests.view.NewRequestsap.m.StandardListItem{\"title\":\"blue\"}"}]}
RESULT: undefined
COMMAND: POST /session/de809374161c7b69160a618664f1a5fa/element - {"using":"xpath","value":"//*[@id=\"__item902\"]"}
RESULT: {}
RESULT: {"using":"xpath","value":"//*[@id=\"__item902\"]"}
COMMAND: POST /session/de809374161c7b69160a618664f1a5fa/element/f.BF26AF8B2ED0E270307A0F05FC587F4F.d.58BD2E53B56D1B31E6AD24547FFF3E5E.e.8624/click - {}
RESULT: {}
COMMAND: GET /session/de809374161c7b69160a618664f1a5fa/screenshot - {}
RESULT: {}
COMMAND: POST /session/de809374161c7b69160a618664f1a5fa/execute/async - {"script":"<script> [1562 bytes]","args":[{"selector":{"id":"saveButton","viewName":"etm.portal.ui.managerequests.view.NewRequest","searchOpenDialogs":true,"interaction":{"idSuffix":"BDI-content"}},"wdio_ui5_key":"saveButtonetmportal.ui.managerequests.view.NewRequest"}]}
RESULT: {"script":"<script> [1562 bytes]","args":[{"selector":{"id":"saveButton","viewName":"etm.portal.ui.managerequests.view.NewRequest","searchOpenDialogs":true,"interaction":{"idSuffix":"BDI-content"}},"wdio_ui5_key":"saveButtonetmportal.ui.managerequests.view.NewRequest"}]}
RESULT: undefined
COMMAND: POST /session/de809374161c7b69160a618664f1a5fa/element - {"using":"xpath","value":"//*[@id=\"__xmlview59--saveButton\"]"}
RESULT: {"using":"xpath","value":"//*[@id=\"__xmlview59--saveButton\"]"}
COMMAND: POST /session/de809374161c7b69160a618664f1a5fa/element/f.BF26AF8B2ED0E270307A0F05FC587F4F.d.58BD2E53B56D1B31E6AD24547FFF3E5E.e.8618/click - {}
RESULT: {}
COMMAND: POST /session/de809374161c7b69160a618664f1a5fa/execute/async - {"script":"<script> [1562 bytes]","args":[{"selector":{"controlType":"sap.ui.core.Icon","viewName":"etm.portal.ui.managerequests.view.NewRequest","properties":{"src":{"regex":{"source":"slim\\-arrow\\-down"}}},"ancestor":{"controlType":"sap.m.Button","viewName":"etm.portal.ui.managerequests.view.NewRequest","properties":{"icon":"sap-icon://slim-arrow-down"}}},"wdio_ui5_key":"etmportal.ui.managerequests.view.NewRequestsap.ui.core.Icon{\"src\":{\"regex\":{\"source\":\"slim\\\\-arrow\\\\-down\"}}}{\"controlType\":\"sap.m.Button\",\"viewName\":\"etm.portal.ui.managerequests.view.NewRequest\",\"properties\":{\"icon\":\"sap-icon://slim-arrow-down\"}}"}]}
COMMAND: GET /session/de809374161c7b69160a618664f1a5fa/screenshot - {}
RESULT: {"script":"<script> [1562 bytes]","args":[{"selector":{"controlType":"sap.ui.core.Icon","viewName":"etm.portal.ui.managerequests.view.NewRequest","properties":{"src":{"regex":{"source":"slim\\-arrow\\-down"}}},"ancestor":{"controlType":"sap.m.Button","viewName":"etm.portal.ui.managerequests.view.NewRequest","properties":{"icon":"sap-icon://slim-arrow-down"}}},"wdio_ui5_key":"etmportal.ui.managerequests.view.NewRequestsap.ui.core.Icon{\"src\":{\"regex\":{\"source\":\"slim\\\\-arrow\\\\-down\"}}}{\"controlType\":\"sap.m.Button\",\"viewName\":\"etm.portal.ui.managerequests.view.NewRequest\",\"properties\":{\"icon\":\"sap-icon://slim-arrow-down\"}}"}]}
RESULT: undefined
RESULT: {}
COMMAND: POST /session/de809374161c7b69160a618664f1a5fa/element - {"using":"xpath","value":"//div[contains(@data-kt ,\"splitAllocationObjectStatus\")]"}
RESULT: {"using":"xpath","value":"//div[contains(@data-kt ,\"splitAllocationObjectStatus\")]"}
COMMAND: POST /session/de809374161c7b69160a618664f1a5fa/elements - {"using":"xpath","value":"//div[contains(@data-kt ,\"splitAllocationObjectStatus\")]"}
RESULT: {"using":"xpath","value":"//div[contains(@data-kt ,\"splitAllocationObjectStatus\")]"}
COMMAND: POST /session/de809374161c7b69160a618664f1a5fa/execute/async - {"script":"<script> [1562 bytes]","args":[{"selector":{"controlType":"sap.ui.core.Icon","viewName":"etm.portal.ui.managerequests.view.NewRequest","properties":{"src":{"regex":{"source":"message\\-error"}}}},"wdio_ui5_key":"etmportal.ui.managerequests.view.NewRequestsap.ui.core.Icon{\"src\":{\"regex\":{\"source\":\"message\\\\-error\"}}}"}]}
RESULT: {"script":"<script> [1562 bytes]","args":[{"selector":{"controlType":"sap.ui.core.Icon","viewName":"etm.portal.ui.managerequests.view.NewRequest","properties":{"src":{"regex":{"source":"message\\-error"}}}},"wdio_ui5_key":"etmportal.ui.managerequests.view.NewRequestsap.ui.core.Icon{\"src\":{\"regex\":{\"source\":\"message\\\\-error\"}}}"}]}
RESULT: undefined
COMMAND: POST /session/de809374161c7b69160a618664f1a5fa/element - {"using":"xpath","value":"//*[@id=\"__status4-__xmlview59--requestItemsTable-0-icon\"]"}
RESULT: {"using":"xpath","value":"//*[@id=\"__status4-__xmlview59--requestItemsTable-0-icon\"]"}
COMMAND: POST /session/de809374161c7b69160a618664f1a5fa/element/f.BF26AF8B2ED0E270307A0F05FC587F4F.d.58BD2E53B56D1B31E6AD24547FFF3E5E.e.8627/click - {}
RESULT: {}
COMMAND: POST /session/de809374161c7b69160a618664f1a5fa/execute/async - {"script":"<script> [1562 bytes]","args":[{"selector":{"controlType":"sap.ui.core.Icon","viewName":"etm.portal.ui.managerequests.view.NewRequest","properties":{"src":{"regex":{"source":"slim\\-arrow\\-down"}}},"searchOpenDialogs":true,"ancestor":{"id":"costObjectAdminTypeComboBox","viewName":"etm.portal.ui.managerequests.view.NewRequest","searchOpenDialogs":true}},"wdio_ui5_key":"etmportal.ui.managerequests.view.NewRequestsap.ui.core.Icon{\"src\":{\"regex\":{\"source\":\"slim\\\\-arrow\\\\-down\"}}}{\"id\":\"costObjectAdminTypeComboBox\",\"viewName\":\"etm.portal.ui.managerequests.view.NewRequest\",\"searchOpenDialogs\":true}"}]}
COMMAND: GET /session/de809374161c7b69160a618664f1a5fa/screenshot - {}
RESULT: {"script":"<script> [1562 bytes]","args":[{"selector":{"controlType":"sap.ui.core.Icon","viewName":"etm.portal.ui.managerequests.view.NewRequest","properties":{"src":{"regex":{"source":"slim\\-arrow\\-down"}}},"searchOpenDialogs":true,"ancestor":{"id":"costObjectAdminTypeComboBox","viewName":"etm.portal.ui.managerequests.view.NewRequest","searchOpenDialogs":true}},"wdio_ui5_key":"etmportal.ui.managerequests.view.NewRequestsap.ui.core.Icon{\"src\":{\"regex\":{\"source\":\"slim\\\\-arrow\\\\-down\"}}}{\"id\":\"costObjectAdminTypeComboBox\",\"viewName\":\"etm.portal.ui.managerequests.view.NewRequest\",\"searchOpenDialogs\":true}"}]}
RESULT: undefined
COMMAND: POST /session/de809374161c7b69160a618664f1a5fa/element - {"using":"xpath","value":"//*[@id=\"__xmlview59--costObjectAdminTypeComboBox-arrow\"]"}
RESULT: {}
RESULT: {"using":"xpath","value":"//*[@id=\"__xmlview59--costObjectAdminTypeComboBox-arrow\"]"}
COMMAND: POST /session/de809374161c7b69160a618664f1a5fa/element/f.BF26AF8B2ED0E270307A0F05FC587F4F.d.58BD2E53B56D1B31E6AD24547FFF3E5E.e.8631/click - {}
RESULT: {}
COMMAND: POST /session/de809374161c7b69160a618664f1a5fa/execute/async - {"script":"<script> [1562 bytes]","args":[{"selector":{"controlType":"sap.m.StandardListItem","viewName":"etm.portal.ui.managerequests.view.NewRequest","properties":{"title":"Cost Center"},"searchOpenDialogs":true,"interaction":{"idSuffix":"titleText"}},"wdio_ui5_key":"etmportal.ui.managerequests.view.NewRequestsap.m.StandardListItem{\"title\":\"Cost Center\"}"}]}
COMMAND: GET /session/de809374161c7b69160a618664f1a5fa/screenshot - {}
RESULT: {"script":"<script> [1562 bytes]","args":[{"selector":{"controlType":"sap.m.StandardListItem","viewName":"etm.portal.ui.managerequests.view.NewRequest","properties":{"title":"Cost Center"},"searchOpenDialogs":true,"interaction":{"idSuffix":"titleText"}},"wdio_ui5_key":"etmportal.ui.managerequests.view.NewRequestsap.m.StandardListItem{\"title\":\"Cost Center\"}"}]}
RESULT: undefined
COMMAND: POST /session/de809374161c7b69160a618664f1a5fa/element - {"using":"xpath","value":"//*[@id=\"__item905\"]"}
RESULT: {}
RESULT: {"using":"xpath","value":"//*[@id=\"__item905\"]"}
COMMAND: POST /session/de809374161c7b69160a618664f1a5fa/element/f.BF26AF8B2ED0E270307A0F05FC587F4F.d.58BD2E53B56D1B31E6AD24547FFF3E5E.e.8634/click - {}
RESULT: {}
COMMAND: GET /session/de809374161c7b69160a618664f1a5fa/screenshot - {}
RESULT: {}
COMMAND: POST /session/de809374161c7b69160a618664f1a5fa/execute/async - {"script":"<script> [1562 bytes]","args":[{"selector":{"controlType":"sap.ui.core.Icon","viewName":"etm.portal.ui.managerequests.view.NewRequest","properties":{"src":{"regex":{"source":"value\\-help"}}},"searchOpenDialogs":true},"wdio_ui5_key":"etmportal.ui.managerequests.view.NewRequestsap.ui.core.Icon{\"src\":{\"regex\":{\"source\":\"value\\\\-help\"}}}"}]}
RESULT: {"script":"<script> [1562 bytes]","args":[{"selector":{"controlType":"sap.ui.core.Icon","viewName":"etm.portal.ui.managerequests.view.NewRequest","properties":{"src":{"regex":{"source":"value\\-help"}}},"searchOpenDialogs":true},"wdio_ui5_key":"etmportal.ui.managerequests.view.NewRequestsap.ui.core.Icon{\"src\":{\"regex\":{\"source\":\"value\\\\-help\"}}}"}]}
RESULT: undefined
COMMAND: POST /session/de809374161c7b69160a618664f1a5fa/element - {"using":"xpath","value":"//*[@id=\"__xmlview59--costObjectIdComboBox-vhi\"]"}
RESULT: {"using":"xpath","value":"//*[@id=\"__xmlview59--costObjectIdComboBox-vhi\"]"}
COMMAND: POST /session/de809374161c7b69160a618664f1a5fa/element/f.BF26AF8B2ED0E270307A0F05FC587F4F.d.58BD2E53B56D1B31E6AD24547FFF3E5E.e.8641/click - {}
RESULT: {}
COMMAND: POST /session/de809374161c7b69160a618664f1a5fa/execute/async - {"script":"<script> [1562 bytes]","args":[{"selector":{"controlType":"sap.m.SearchField","properties":{"placeholder":"Search"},"searchOpenDialogs":true,"interaction":{"idSuffix":"I"}},"wdio_ui5_key":"sapm.SearchField{\"placeholder\":\"Search\"}"}]}
COMMAND: GET /session/de809374161c7b69160a618664f1a5fa/screenshot - {}
RESULT: {"script":"<script> [1562 bytes]","args":[{"selector":{"controlType":"sap.m.SearchField","properties":{"placeholder":"Search"},"searchOpenDialogs":true,"interaction":{"idSuffix":"I"}},"wdio_ui5_key":"sapm.SearchField{\"placeholder\":\"Search\"}"}]}
RESULT: undefined
COMMAND: POST /session/de809374161c7b69160a618664f1a5fa/execute/async - {"script":"<script> [776 bytes]","args":[{"enterText":"10001010","selector":{"controlType":"sap.m.SearchField","properties":{"placeholder":"Search"},"searchOpenDialogs":true,"interaction":{"idSuffix":"I"}},"clearTextFirst":true,"interactionType":"ENTER_TEXT"}]}
RESULT: {}
RESULT: {"script":"<script> [776 bytes]","args":[{"enterText":"10001010","selector":{"controlType":"sap.m.SearchField","properties":{"placeholder":"Search"},"searchOpenDialogs":true,"interaction":{"idSuffix":"I"}},"clearTextFirst":true,"interactionType":"ENTER_TEXT"}]}
COMMAND: POST /session/de809374161c7b69160a618664f1a5fa/actions - {"actions":[{"id":"action58","type":"key","parameters":{},"actions":[{"type":"keyDown","value":""},{"type":"pause","duration":10},{"type":"keyUp","value":""}]}]}
RESULT: {"actions":[{"id":"action58","type":"key","parameters":{},"actions":[{"type":"keyDown","value":""},{"type":"pause","duration":10},{"type":"keyUp","value":""}]}]}
COMMAND: GET /session/de809374161c7b69160a618664f1a5fa/screenshot - {}
RESULT: {}
COMMAND: POST /session/de809374161c7b69160a618664f1a5fa/execute/async - {"script":"<script> [1562 bytes]","args":[{"selector":{"controlType":"sap.m.Text","bindingPath":{"path":"/C_CostCtrValueHelp(CostCenter='10001010',ControllingArea='Z001')","propertyPath":"CostCenterName","modelName":"CostCenterModel"},"searchOpenDialogs":true},"wdio_ui5_key":"sapm.Text{\"path\":\"/C_CostCtrValueHelp(CostCenter='10001010',ControllingArea='Z001')\",\"propertyPath\":\"CostCenterName\",\"modelName\":\"CostCenterModel\"}"}]}
RESULT: {"script":"<script> [1562 bytes]","args":[{"selector":{"controlType":"sap.m.Text","bindingPath":{"path":"/C_CostCtrValueHelp(CostCenter='10001010',ControllingArea='Z001')","propertyPath":"CostCenterName","modelName":"CostCenterModel"},"searchOpenDialogs":true},"wdio_ui5_key":"sapm.Text{\"path\":\"/C_CostCtrValueHelp(CostCenter='10001010',ControllingArea='Z001')\",\"propertyPath\":\"CostCenterName\",\"modelName\":\"CostCenterModel\"}"}]}
RESULT: undefined
COMMAND: POST /session/de809374161c7b69160a618664f1a5fa/element - {"using":"xpath","value":"//*[@id=\"__text550-__clone1116\"]"}
RESULT: {"using":"xpath","value":"//*[@id=\"__text550-__clone1116\"]"}
COMMAND: POST /session/de809374161c7b69160a618664f1a5fa/element/f.BF26AF8B2ED0E270307A0F05FC587F4F.d.58BD2E53B56D1B31E6AD24547FFF3E5E.e.8680/click - {}
RESULT: {}
COMMAND: POST /session/de809374161c7b69160a618664f1a5fa/execute/async - {"script":"<script> [1562 bytes]","args":[{"selector":{"controlType":"sap.m.Button","properties":{"text":"OK"},"searchOpenDialogs":true,"interaction":{"idSuffix":"BDI-content"}},"wdio_ui5_key":"sapm.Button{\"text\":\"OK\"}"}]}
COMMAND: GET /session/de809374161c7b69160a618664f1a5fa/screenshot - {}
RESULT: {"script":"<script> [1562 bytes]","args":[{"selector":{"controlType":"sap.m.Button","properties":{"text":"OK"},"searchOpenDialogs":true,"interaction":{"idSuffix":"BDI-content"}},"wdio_ui5_key":"sapm.Button{\"text\":\"OK\"}"}]}
RESULT: undefined
COMMAND: POST /session/de809374161c7b69160a618664f1a5fa/element - {"using":"xpath","value":"//*[@id=\"__dialog2-ok\"]"}
RESULT: {}
RESULT: {"using":"xpath","value":"//*[@id=\"__dialog2-ok\"]"}
COMMAND: POST /session/de809374161c7b69160a618664f1a5fa/element/f.BF26AF8B2ED0E270307A0F05FC587F4F.d.58BD2E53B56D1B31E6AD24547FFF3E5E.e.8682/click - {}
RESULT: {}
COMMAND: GET /session/de809374161c7b69160a618664f1a5fa/screenshot - {}
RESULT: {}
COMMAND: POST /session/de809374161c7b69160a618664f1a5fa/execute/async - {"script":"<script> [1562 bytes]","args":[{"selector":{"controlType":"sap.m.Button","viewName":"etm.portal.ui.managerequests.view.NewRequest","i18NText":{"propertyName":"text","key":"save"},"searchOpenDialogs":true,"interaction":{"idSuffix":"BDI-content"}},"wdio_ui5_key":"etmportal.ui.managerequests.view.NewRequestsap.m.Button{\"propertyName\":\"text\",\"key\":\"save\"}"}]}
RESULT: {"script":"<script> [1562 bytes]","args":[{"selector":{"controlType":"sap.m.Button","viewName":"etm.portal.ui.managerequests.view.NewRequest","i18NText":{"propertyName":"text","key":"save"},"searchOpenDialogs":true,"interaction":{"idSuffix":"BDI-content"}},"wdio_ui5_key":"etmportal.ui.managerequests.view.NewRequestsap.m.Button{\"propertyName\":\"text\",\"key\":\"save\"}"}]}
RESULT: undefined
COMMAND: POST /session/de809374161c7b69160a618664f1a5fa/element - {"using":"xpath","value":"//*[@id=\"__button91\"]"}
RESULT: {"using":"xpath","value":"//*[@id=\"__button91\"]"}
COMMAND: POST /session/de809374161c7b69160a618664f1a5fa/element/f.BF26AF8B2ED0E270307A0F05FC587F4F.d.58BD2E53B56D1B31E6AD24547FFF3E5E.e.8686/click - {}
RESULT: {}
COMMAND: GET /session/de809374161c7b69160a618664f1a5fa/screenshot - {}
RESULT: {}
COMMAND: POST /session/de809374161c7b69160a618664f1a5fa/execute/async - {"script":"<script> [1562 bytes]","args":[{"selector":{"controlType":"sap.m.Button","viewName":"etm.portal.ui.managerequests.view.NewRequest","i18NText":{"propertyName":"tooltip","key":"save"},"interaction":{"idSuffix":"content"}},"wdio_ui5_key":"etmportal.ui.managerequests.view.NewRequestsap.m.Button{\"propertyName\":\"tooltip\",\"key\":\"save\"}"}]}
RESULT: {"script":"<script> [1562 bytes]","args":[{"selector":{"controlType":"sap.m.Button","viewName":"etm.portal.ui.managerequests.view.NewRequest","i18NText":{"propertyName":"tooltip","key":"save"},"interaction":{"idSuffix":"content"}},"wdio_ui5_key":"etmportal.ui.managerequests.view.NewRequestsap.m.Button{\"propertyName\":\"tooltip\",\"key\":\"save\"}"}]}
RESULT: undefined
COMMAND: POST /session/de809374161c7b69160a618664f1a5fa/element - {"using":"xpath","value":"//*[@id=\"__button80\"]"}
RESULT: {"using":"xpath","value":"//*[@id=\"__button80\"]"}
COMMAND: POST /session/de809374161c7b69160a618664f1a5fa/element/f.BF26AF8B2ED0E270307A0F05FC587F4F.d.58BD2E53B56D1B31E6AD24547FFF3E5E.e.8525/click - {}
RESULT: {}
COMMAND: GET /session/de809374161c7b69160a618664f1a5fa/screenshot - {}
RESULT: {}
COMMAND: POST /session/de809374161c7b69160a618664f1a5fa/execute/async - {"script":"<script> [1562 bytes]","args":[{"selector":{"controlType":"sap.m.Title","properties":{"text":"Success"},"searchOpenDialogs":true},"wdio_ui5_key":"sapm.Title{\"text\":\"Success\"}"}]}
RESULT: {"script":"<script> [1562 bytes]","args":[{"selector":{"controlType":"sap.m.Title","properties":{"text":"Success"},"searchOpenDialogs":true},"wdio_ui5_key":"sapm.Title{\"text\":\"Success\"}"}]}
RESULT: undefined
COMMAND: POST /session/de809374161c7b69160a618664f1a5fa/execute/async - {"script":"<script> [6424 bytes]","args":[{"element-6066-11e4-a52e-4f735466cecf":"f.BF26AF8B2ED0E270307A0F05FC587F4F.d.58BD2E53B56D1B31E6AD24547FFF3E5E.e.8691"},"getText",[]]}
RESULT: {"script":"<script> [6424 bytes]","args":[{"element-6066-11e4-a52e-4f735466cecf":"f.BF26AF8B2ED0E270307A0F05FC587F4F.d.58BD2E53B56D1B31E6AD24547FFF3E5E.e.8691"},"getText",[]]}
COMMAND: POST /session/de809374161c7b69160a618664f1a5fa/execute/async - {"script":"<script> [1562 bytes]","args":[{"selector":{"controlType":"sap.m.Button","properties":{"text":"Close"},"searchOpenDialogs":true,"interaction":{"idSuffix":"BDI-content"}},"wdio_ui5_key":"sapm.Button{\"text\":\"Close\"}"}]}
RESULT: {"script":"<script> [1562 bytes]","args":[{"selector":{"controlType":"sap.m.Button","properties":{"text":"Close"},"searchOpenDialogs":true,"interaction":{"idSuffix":"BDI-content"}},"wdio_ui5_key":"sapm.Button{\"text\":\"Close\"}"}]}
RESULT: undefined
COMMAND: POST /session/de809374161c7b69160a618664f1a5fa/element - {"using":"xpath","value":"//*[@id=\"__mbox-btn-0\"]"}
RESULT: {"using":"xpath","value":"//*[@id=\"__mbox-btn-0\"]"}
COMMAND: POST /session/de809374161c7b69160a618664f1a5fa/element/f.BF26AF8B2ED0E270307A0F05FC587F4F.d.58BD2E53B56D1B31E6AD24547FFF3E5E.e.8690/click - {}
RESULT: {}
COMMAND: GET /session/de809374161c7b69160a618664f1a5fa/screenshot - {}
RESULT: {}
COMMAND: POST /session/de809374161c7b69160a618664f1a5fa/execute/async - {"script":"<script> [1562 bytes]","args":[{"selector":{"controlType":"sap.m.Button","viewName":"etm.portal.ui.managerequests.view.Detail","i18NText":{"propertyName":"text","key":"requestSpecifications"},"interaction":{"idSuffix":"BDI-content"}},"wdio_ui5_key":"etmportal.ui.managerequests.view.Detailsap.m.Button{\"propertyName\":\"text\",\"key\":\"requestSpecifications\"}"}]}
RESULT: {"script":"<script> [1562 bytes]","args":[{"selector":{"controlType":"sap.m.Button","viewName":"etm.portal.ui.managerequests.view.Detail","i18NText":{"propertyName":"text","key":"requestSpecifications"},"interaction":{"idSuffix":"BDI-content"}},"wdio_ui5_key":"etmportal.ui.managerequests.view.Detailsap.m.Button{\"propertyName\":\"text\",\"key\":\"requestSpecifications\"}"}]}
RESULT: undefined
COMMAND: POST /session/de809374161c7b69160a618664f1a5fa/element - {"using":"xpath","value":"//*[@id=\"__button107-__clone1155\"]"}
RESULT: {"using":"xpath","value":"//*[@id=\"__button107-__clone1155\"]"}
COMMAND: POST /session/de809374161c7b69160a618664f1a5fa/element/f.BF26AF8B2ED0E270307A0F05FC587F4F.d.58BD2E53B56D1B31E6AD24547FFF3E5E.e.8826/click - {}
RESULT: {}
COMMAND: GET /session/de809374161c7b69160a618664f1a5fa/screenshot - {}
RESULT: {}
COMMAND: POST /session/de809374161c7b69160a618664f1a5fa/element - {"using":"xpath","value":"//input[@value=\"blue\"]"}
RESULT: {"using":"xpath","value":"//input[@value=\"blue\"]"}
COMMAND: POST /session/de809374161c7b69160a618664f1a5fa/elements - {"using":"xpath","value":"//input[@value=\"blue\"]"}
RESULT: {"using":"xpath","value":"//input[@value=\"blue\"]"}
COMMAND: POST /session/de809374161c7b69160a618664f1a5fa/execute/async - {"script":"<script> [1562 bytes]","args":[{"selector":{"id":"cancelRequestSpecificationsButton","viewName":"etm.portal.ui.managerequests.view.Detail","searchOpenDialogs":true,"interaction":{"idSuffix":"BDI-content"}},"wdio_ui5_key":"cancelRequestSpecificationsButtonetmportal.ui.managerequests.view.Detail"}]}
RESULT: {"script":"<script> [1562 bytes]","args":[{"selector":{"id":"cancelRequestSpecificationsButton","viewName":"etm.portal.ui.managerequests.view.Detail","searchOpenDialogs":true,"interaction":{"idSuffix":"BDI-content"}},"wdio_ui5_key":"cancelRequestSpecificationsButtonetmportal.ui.managerequests.view.Detail"}]}
RESULT: undefined
COMMAND: POST /session/de809374161c7b69160a618664f1a5fa/element - {"using":"xpath","value":"//*[@id=\"__xmlview60--cancelRequestSpecificationsButton\"]"}
RESULT: {"using":"xpath","value":"//*[@id=\"__xmlview60--cancelRequestSpecificationsButton\"]"}
COMMAND: POST /session/de809374161c7b69160a618664f1a5fa/element/f.BF26AF8B2ED0E270307A0F05FC587F4F.d.58BD2E53B56D1B31E6AD24547FFF3E5E.e.8828/click - {}
RESULT: {}
COMMAND: GET /session/de809374161c7b69160a618664f1a5fa/screenshot - {}
COMMAND: POST /session/de809374161c7b69160a618664f1a5fa/element - {"using":"css selector","value":"#shell-header-logo"}
RESULT: {}
RESULT: {"using":"css selector","value":"#shell-header-logo"}
COMMAND: POST /session/de809374161c7b69160a618664f1a5fa/element/f.BF26AF8B2ED0E270307A0F05FC587F4F.d.58BD2E53B56D1B31E6AD24547FFF3E5E.e.8247/click - {}
RESULT: {}
COMMAND: GET /session/de809374161c7b69160a618664f1a5fa/screenshot - {}
RESULT: {}
]]></system-out>
    </testcase>
  </testsuite>
  <testsuite timestamp="2025-05-29T16:09:54" time="365.358" tests="3" failures="0" errors="0" skipped="0">
    <properties>
      <property name="specId" value="0"/>
      <property name="suiteName" value="Reserve/Unreserve request item via reserve option US139161"/>
      <property name="capabilities" value="chrome.136_0_7103_93.windows"/>
      <property name="file" value="file:///D:/a/1/s/test/specs/R2C/reserve-unreserve-request-item-via-reserve-option.spec.js"/>
    </properties>
    <testcase classname="chrome.136_0_7103_93.windows.Reserve/Unreserve_request_item_via_reserve_option_US139161" name="Should add the material to the catalog item" time="88.42">
      <system-out><![CDATA[
COMMAND: POST /session/de809374161c7b69160a618664f1a5fa/execute/async - {"script":"<script> [1562 bytes]","args":[{"selector":{"controlType":"sap.m.GenericTile","properties":{"header":"Manage Catalogs"}},"wdio_ui5_key":"sapm.GenericTile{\"header\":\"Manage Catalogs\"}"}]}
RESULT: {"script":"<script> [1562 bytes]","args":[{"selector":{"controlType":"sap.m.GenericTile","properties":{"header":"Manage Catalogs"}},"wdio_ui5_key":"sapm.GenericTile{\"header\":\"Manage Catalogs\"}"}]}
RESULT: undefined
COMMAND: POST /session/de809374161c7b69160a618664f1a5fa/element - {"using":"xpath","value":"//*[@id=\"__tile37\"]"}
RESULT: {"using":"xpath","value":"//*[@id=\"__tile37\"]"}
COMMAND: POST /session/de809374161c7b69160a618664f1a5fa/element/f.BF26AF8B2ED0E270307A0F05FC587F4F.d.58BD2E53B56D1B31E6AD24547FFF3E5E.e.8835/click - {}
RESULT: {}
COMMAND: GET /session/de809374161c7b69160a618664f1a5fa/screenshot - {}
RESULT: {}
COMMAND: POST /session/de809374161c7b69160a618664f1a5fa/elements - {"using":"xpath","value":"//span[text()='Error']"}
RESULT: {"using":"xpath","value":"//span[text()='Error']"}
COMMAND: POST /session/de809374161c7b69160a618664f1a5fa/execute/async - {"script":"<script> [1562 bytes]","args":[{"selector":{"controlType":"sap.m.Text","viewName":"etm.portal.ui.managecatalogs.view.MasterCatalogs","viewId":"application-managecatalogs-display-component---masterCatalogs","bindingPath":{"path":"/Catalogs('0D7502D073D53A0F1700BE067B89AFF9')","propertyPath":"DESCRIPTION","modelName":"catalogModel"}},"wdio_ui5_key":"etmportal.ui.managecatalogs.view.MasterCatalogssap.m.Text{\"path\":\"/Catalogs('0D7502D073D53A0F1700BE067B89AFF9')\",\"propertyPath\":\"DESCRIPTION\",\"modelName\":\"catalogModel\"}"}]}
RESULT: {"script":"<script> [1562 bytes]","args":[{"selector":{"controlType":"sap.m.Text","viewName":"etm.portal.ui.managecatalogs.view.MasterCatalogs","viewId":"application-managecatalogs-display-component---masterCatalogs","bindingPath":{"path":"/Catalogs('0D7502D073D53A0F1700BE067B89AFF9')","propertyPath":"DESCRIPTION","modelName":"catalogModel"}},"wdio_ui5_key":"etmportal.ui.managecatalogs.view.MasterCatalogssap.m.Text{\"path\":\"/Catalogs('0D7502D073D53A0F1700BE067B89AFF9')\",\"propertyPath\":\"DESCRIPTION\",\"modelName\":\"catalogModel\"}"}]}
RESULT: undefined
COMMAND: POST /session/de809374161c7b69160a618664f1a5fa/element - {"using":"xpath","value":"//*[@id=\"__text685-application-managecatalogs-display-component---masterCatalogs--CatalogsTable-11\"]"}
RESULT: {"using":"xpath","value":"//*[@id=\"__text685-application-managecatalogs-display-component---masterCatalogs--CatalogsTable-11\"]"}
COMMAND: POST /session/de809374161c7b69160a618664f1a5fa/element/f.BF26AF8B2ED0E270307A0F05FC587F4F.d.58BD2E53B56D1B31E6AD24547FFF3E5E.e.8905/click - {}
RESULT: {}
RESULT: undefined
COMMAND: POST /session/de809374161c7b69160a618664f1a5fa/execute/async - {"script":"<script> [776 bytes]","args":[{"enterText":"catalogItemoyq7v","selector":{"id":"application-managecatalogs-display-component---masterCatalogItems--searchItemsField","interaction":{"idSuffix":"I"}},"clearTextFirst":true,"interactionType":"ENTER_TEXT"}]}
COMMAND: GET /session/de809374161c7b69160a618664f1a5fa/screenshot - {}
RESULT: {"script":"<script> [776 bytes]","args":[{"enterText":"catalogItemoyq7v","selector":{"id":"application-managecatalogs-display-component---masterCatalogItems--searchItemsField","interaction":{"idSuffix":"I"}},"clearTextFirst":true,"interactionType":"ENTER_TEXT"}]}
COMMAND: POST /session/de809374161c7b69160a618664f1a5fa/actions - {"actions":[{"id":"action59","type":"key","parameters":{},"actions":[{"type":"keyDown","value":""},{"type":"pause","duration":10},{"type":"keyUp","value":""}]}]}
RESULT: {}
RESULT: {"actions":[{"id":"action59","type":"key","parameters":{},"actions":[{"type":"keyDown","value":""},{"type":"pause","duration":10},{"type":"keyUp","value":""}]}]}
COMMAND: POST /session/de809374161c7b69160a618664f1a5fa/element - {"using":"xpath","value":"(//span[contains(text(), \"catalogItemoyq7v\")])[1]"}
COMMAND: GET /session/de809374161c7b69160a618664f1a5fa/screenshot - {}
RESULT: {"using":"xpath","value":"(//span[contains(text(), \"catalogItemoyq7v\")])[1]"}
COMMAND: POST /session/de809374161c7b69160a618664f1a5fa/element/f.BF26AF8B2ED0E270307A0F05FC587F4F.d.58BD2E53B56D1B31E6AD24547FFF3E5E.e.8943/click - {}
RESULT: {}
RESULT: {}
COMMAND: GET /session/de809374161c7b69160a618664f1a5fa/screenshot - {}
RESULT: {}
COMMAND: POST /session/de809374161c7b69160a618664f1a5fa/element - {"using":"xpath","value":"//*[contains(@id ,\"BDI-content\")][contains(text(), \"Edit\")]"}
RESULT: {"using":"xpath","value":"//*[contains(@id ,\"BDI-content\")][contains(text(), \"Edit\")]"}
COMMAND: POST /session/de809374161c7b69160a618664f1a5fa/element/f.BF26AF8B2ED0E270307A0F05FC587F4F.d.58BD2E53B56D1B31E6AD24547FFF3E5E.e.9024/click - {}
RESULT: {}
COMMAND: GET /session/de809374161c7b69160a618664f1a5fa/screenshot - {}
RESULT: {}
COMMAND: POST /session/de809374161c7b69160a618664f1a5fa/element - {"using":"xpath","value":"//bdi[contains(text(), \"Assigned Resources\")]"}
RESULT: {"using":"xpath","value":"//bdi[contains(text(), \"Assigned Resources\")]"}
COMMAND: POST /session/de809374161c7b69160a618664f1a5fa/element/f.BF26AF8B2ED0E270307A0F05FC587F4F.d.58BD2E53B56D1B31E6AD24547FFF3E5E.e.9049/click - {}
RESULT: {}
COMMAND: GET /session/de809374161c7b69160a618664f1a5fa/screenshot - {}
RESULT: {}
COMMAND: POST /session/de809374161c7b69160a618664f1a5fa/element - {"using":"xpath","value":"//button[contains(@data-kt ,\"catalogItemAssignRuButton\")]"}
RESULT: {"using":"xpath","value":"//button[contains(@data-kt ,\"catalogItemAssignRuButton\")]"}
COMMAND: POST /session/de809374161c7b69160a618664f1a5fa/element/f.BF26AF8B2ED0E270307A0F05FC587F4F.d.58BD2E53B56D1B31E6AD24547FFF3E5E.e.9055/click - {}
RESULT: {}
COMMAND: GET /session/de809374161c7b69160a618664f1a5fa/screenshot - {}
RESULT: {}
COMMAND: POST /session/de809374161c7b69160a618664f1a5fa/actions - {"actions":[{"id":"action60","type":"key","parameters":{},"actions":[{"type":"keyDown","value":""},{"type":"pause","duration":10},{"type":"keyUp","value":""}]}]}
RESULT: {"actions":[{"id":"action60","type":"key","parameters":{},"actions":[{"type":"keyDown","value":""},{"type":"pause","duration":10},{"type":"keyUp","value":""}]}]}
COMMAND: GET /session/de809374161c7b69160a618664f1a5fa/screenshot - {}
RESULT: {}
COMMAND: POST /session/de809374161c7b69160a618664f1a5fa/execute/async - {"script":"<script> [1562 bytes]","args":[{"selector":{"id":"application-managecatalogs-display-component---detailCatalog--assignRUSearchField-vhi","searchOpenDialogs":true},"wdio_ui5_key":"applicationmanagecatalogs-display-component---detailCatalog--assignRUSearchField-vhi"}]}
RESULT: {"script":"<script> [1562 bytes]","args":[{"selector":{"id":"application-managecatalogs-display-component---detailCatalog--assignRUSearchField-vhi","searchOpenDialogs":true},"wdio_ui5_key":"applicationmanagecatalogs-display-component---detailCatalog--assignRUSearchField-vhi"}]}
RESULT: undefined
COMMAND: POST /session/de809374161c7b69160a618664f1a5fa/element - {"using":"xpath","value":"//*[@id=\"application-managecatalogs-display-component---detailCatalog--assignRUSearchField-vhi\"]"}
RESULT: {"using":"xpath","value":"//*[@id=\"application-managecatalogs-display-component---detailCatalog--assignRUSearchField-vhi\"]"}
COMMAND: POST /session/de809374161c7b69160a618664f1a5fa/element/f.BF26AF8B2ED0E270307A0F05FC587F4F.d.58BD2E53B56D1B31E6AD24547FFF3E5E.e.9073/click - {}
RESULT: {}
COMMAND: GET /session/de809374161c7b69160a618664f1a5fa/screenshot - {}
RESULT: {}
COMMAND: POST /session/de809374161c7b69160a618664f1a5fa/element - {"using":"xpath","value":"//input[contains(@id ,\"searchField-I\")]"}
RESULT: {"using":"xpath","value":"//input[contains(@id ,\"searchField-I\")]"}
COMMAND: POST /session/de809374161c7b69160a618664f1a5fa/element/f.BF26AF8B2ED0E270307A0F05FC587F4F.d.58BD2E53B56D1B31E6AD24547FFF3E5E.e.9075/clear - {}
RESULT: {}
COMMAND: POST /session/de809374161c7b69160a618664f1a5fa/element/f.BF26AF8B2ED0E270307A0F05FC587F4F.d.58BD2E53B56D1B31E6AD24547FFF3E5E.e.9075/value - {"text":"WebdriverMatTest0afie"}
COMMAND: GET /session/de809374161c7b69160a618664f1a5fa/screenshot - {}
RESULT: {"text":"WebdriverMatTest0afie"}
COMMAND: GET /session/de809374161c7b69160a618664f1a5fa/screenshot - {}
RESULT: {}
RESULT: {}
COMMAND: POST /session/de809374161c7b69160a618664f1a5fa/actions - {"actions":[{"id":"action61","type":"key","parameters":{},"actions":[{"type":"keyDown","value":""},{"type":"pause","duration":10},{"type":"keyUp","value":""}]}]}
RESULT: {"actions":[{"id":"action61","type":"key","parameters":{},"actions":[{"type":"keyDown","value":""},{"type":"pause","duration":10},{"type":"keyUp","value":""}]}]}
COMMAND: GET /session/de809374161c7b69160a618664f1a5fa/screenshot - {}
RESULT: {}
COMMAND: POST /session/de809374161c7b69160a618664f1a5fa/actions - {"actions":[{"id":"action62","type":"key","parameters":{},"actions":[{"type":"keyDown","value":""},{"type":"pause","duration":10},{"type":"keyUp","value":""}]}]}
RESULT: {"actions":[{"id":"action62","type":"key","parameters":{},"actions":[{"type":"keyDown","value":""},{"type":"pause","duration":10},{"type":"keyUp","value":""}]}]}
COMMAND: GET /session/de809374161c7b69160a618664f1a5fa/screenshot - {}
RESULT: {}
COMMAND: POST /session/de809374161c7b69160a618664f1a5fa/actions - {"actions":[{"id":"action63","type":"key","parameters":{},"actions":[{"type":"keyDown","value":""},{"type":"pause","duration":10},{"type":"keyUp","value":""}]}]}
RESULT: {"actions":[{"id":"action63","type":"key","parameters":{},"actions":[{"type":"keyDown","value":""},{"type":"pause","duration":10},{"type":"keyUp","value":""}]}]}
COMMAND: GET /session/de809374161c7b69160a618664f1a5fa/screenshot - {}
RESULT: {}
COMMAND: POST /session/de809374161c7b69160a618664f1a5fa/element - {"using":"xpath","value":"//bdi[contains(@id ,\"application-managecatalogs-display-component---detailCatalog--RUAssignmentSaveButton-BDI-content\")]"}
RESULT: {"using":"xpath","value":"//bdi[contains(@id ,\"application-managecatalogs-display-component---detailCatalog--RUAssignmentSaveButton-BDI-content\")]"}
COMMAND: POST /session/de809374161c7b69160a618664f1a5fa/element/f.BF26AF8B2ED0E270307A0F05FC587F4F.d.58BD2E53B56D1B31E6AD24547FFF3E5E.e.9090/click - {}
RESULT: {}
COMMAND: GET /session/de809374161c7b69160a618664f1a5fa/screenshot - {}
RESULT: {}
COMMAND: POST /session/de809374161c7b69160a618664f1a5fa/element - {"using":"xpath","value":"//bdi[contains(text(), \"Save\")]"}
RESULT: {"using":"xpath","value":"//bdi[contains(text(), \"Save\")]"}
COMMAND: POST /session/de809374161c7b69160a618664f1a5fa/element/f.BF26AF8B2ED0E270307A0F05FC587F4F.d.58BD2E53B56D1B31E6AD24547FFF3E5E.e.9108/click - {}
RESULT: {}
COMMAND: GET /session/de809374161c7b69160a618664f1a5fa/screenshot - {}
RESULT: {}
COMMAND: POST /session/de809374161c7b69160a618664f1a5fa/element - {"using":"css selector","value":"#shell-header-logo"}
RESULT: {"using":"css selector","value":"#shell-header-logo"}
COMMAND: POST /session/de809374161c7b69160a618664f1a5fa/element/f.BF26AF8B2ED0E270307A0F05FC587F4F.d.58BD2E53B56D1B31E6AD24547FFF3E5E.e.8839/click - {}
RESULT: {}
COMMAND: GET /session/de809374161c7b69160a618664f1a5fa/screenshot - {}
RESULT: {}
COMMAND: POST /session/de809374161c7b69160a618664f1a5fa/refresh - {}
RESULT: {}
COMMAND: GET /session/de809374161c7b69160a618664f1a5fa/screenshot - {}
RESULT: {}
COMMAND: POST /session/de809374161c7b69160a618664f1a5fa/execute/async - {"script":"<script> [189 bytes]","args":[]}
RESULT: {"script":"<script> [189 bytes]","args":[]}
COMMAND: POST /session/de809374161c7b69160a618664f1a5fa/execute/async - {"script":"<script> [123 bytes]","args":[]}
RESULT: {"script":"<script> [123 bytes]","args":[]}
COMMAND: POST /session/de809374161c7b69160a618664f1a5fa/timeouts - {"script":"<number>"}
RESULT: {"script":"<number>"}
COMMAND: GET /session/de809374161c7b69160a618664f1a5fa/timeouts - {}
RESULT: {}
RESULT: undefined
COMMAND: POST /session/de809374161c7b69160a618664f1a5fa/execute/async - {"script":"<script> [2676 bytes]","args":[]}
RESULT: {"script":"<script> [2676 bytes]","args":[]}
COMMAND: POST /session/de809374161c7b69160a618664f1a5fa/execute/async - {"script":"<script> [2342 bytes]","args":[{"protocol":"http","hostname":"0.0.0.0","path":"/","capabilities":{"browserName":"chrome","goog:chromeOptions":{"binary":"C:\\Program Files\\Google\\Chrome\\Application\\chrome.exe","args":["--start-maximized"]}},"logLevel":"warn","connectionRetryTimeout":120000,"connectionRetryCount":3,"logLevels":{},"enableDirectConnect":true,"strictSSL":true,"_":"65 more keys: [\"cacheDir\",\"port\",\"requestedCapabilities\",\"automationProtocol\",\"baseUrl\",\"waitforInterval\",\"waitforTimeout\",\"onReload\",\"beforeCommand\",\"afterCommand\",\"rootDir\",\"specs\",\"suites\",\"exclude\",\"groupLogsByTestSpec\",\"excludeDriverLogs\",\"bail\",\"framework\",\"reporters\",\"services\",\"maxInstances\",\"maxInstancesPerCapability\",\"injectGlobals\",\"filesToWatch\",\"execArgv\",\"runnerEnv\",\"runner\",\"shard\",\"specFileRetries\",\"specFileRetriesDelay\",\"specFileRetriesDeferred\",\"reporterSyncInterval\",\"reporterSyncTimeout\",\"cucumberFeaturesWithLineNumbers\",\"autoCompileOpts\",\"mochaOpts\",\"jasmineOpts\",\"cucumberOpts\",\"onPrepare\",\"onWorkerStart\",\"onWorkerEnd\",\"before\",\"beforeSession\",\"beforeSuite\",\"beforeHook\",\"beforeTest\",\"afterTest\",\"afterHook\",\"afterSuite\",\"afterSession\",\"after\",\"onComplete\",\"beforeAssertion\",\"afterAssertion\",\"beforeFeature\",\"beforeScenario\",\"beforeStep\",\"afterStep\",\"afterScenario\",\"afterFeature\",\"_\",\"suite\",\"$0\",\"ignoredWorkerServices\",\"wdi5\"]"}]}
RESULT: {"script":"<script> [2342 bytes]","args":[{"protocol":"http","hostname":"0.0.0.0","path":"/","capabilities":{"browserName":"chrome","goog:chromeOptions":{"binary":"C:\\Program Files\\Google\\Chrome\\Application\\chrome.exe","args":["--start-maximized"]}},"logLevel":"warn","connectionRetryTimeout":120000,"connectionRetryCount":3,"logLevels":{},"enableDirectConnect":true,"strictSSL":true,"_":"65 more keys: [\"cacheDir\",\"port\",\"requestedCapabilities\",\"automationProtocol\",\"baseUrl\",\"waitforInterval\",\"waitforTimeout\",\"onReload\",\"beforeCommand\",\"afterCommand\",\"rootDir\",\"specs\",\"suites\",\"exclude\",\"groupLogsByTestSpec\",\"excludeDriverLogs\",\"bail\",\"framework\",\"reporters\",\"services\",\"maxInstances\",\"maxInstancesPerCapability\",\"injectGlobals\",\"filesToWatch\",\"execArgv\",\"runnerEnv\",\"runner\",\"shard\",\"specFileRetries\",\"specFileRetriesDelay\",\"specFileRetriesDeferred\",\"reporterSyncInterval\",\"reporterSyncTimeout\",\"cucumberFeaturesWithLineNumbers\",\"autoCompileOpts\",\"mochaOpts\",\"jasmineOpts\",\"cucumberOpts\",\"onPrepare\",\"onWorkerStart\",\"onWorkerEnd\",\"before\",\"beforeSession\",\"beforeSuite\",\"beforeHook\",\"beforeTest\",\"afterTest\",\"afterHook\",\"afterSuite\",\"afterSession\",\"after\",\"onComplete\",\"beforeAssertion\",\"afterAssertion\",\"beforeFeature\",\"beforeScenario\",\"beforeStep\",\"afterStep\",\"afterScenario\",\"afterFeature\",\"_\",\"suite\",\"$0\",\"ignoredWorkerServices\",\"wdi5\"]"}]}
COMMAND: POST /session/de809374161c7b69160a618664f1a5fa/execute/async - {"script":"<script> [21126 bytes]","args":[35000]}
RESULT: {"script":"<script> [21126 bytes]","args":[35000]}
]]></system-out>
    </testcase>
    <testcase classname="chrome.136_0_7103_93.windows.Reserve/Unreserve_request_item_via_reserve_option_US139161" name="Should create a new request with a catalog item that can be planned" time="169.24">
      <system-out><![CDATA[
COMMAND: POST /session/de809374161c7b69160a618664f1a5fa/execute/async - {"script":"<script> [1562 bytes]","args":[{"selector":{"controlType":"sap.m.GenericTile","properties":{"header":"Manage Requests"}},"wdio_ui5_key":"sapm.GenericTile{\"header\":\"Manage Requests\"}"}]}
RESULT: {"script":"<script> [1562 bytes]","args":[{"selector":{"controlType":"sap.m.GenericTile","properties":{"header":"Manage Requests"}},"wdio_ui5_key":"sapm.GenericTile{\"header\":\"Manage Requests\"}"}]}
RESULT: undefined
COMMAND: POST /session/de809374161c7b69160a618664f1a5fa/element - {"using":"xpath","value":"//*[@id=\"__tile47\"]"}
RESULT: {"using":"xpath","value":"//*[@id=\"__tile47\"]"}
COMMAND: POST /session/de809374161c7b69160a618664f1a5fa/element/f.BF26AF8B2ED0E270307A0F05FC587F4F.d.4BEF57EB308949C4DD7F52B94F1A8985.e.9144/click - {}
RESULT: {}
COMMAND: GET /session/de809374161c7b69160a618664f1a5fa/screenshot - {}
RESULT: {}
COMMAND: POST /session/de809374161c7b69160a618664f1a5fa/elements - {"using":"xpath","value":"//span[text()='Error']"}
RESULT: {"using":"xpath","value":"//span[text()='Error']"}
COMMAND: POST /session/de809374161c7b69160a618664f1a5fa/element - {"using":"xpath","value":"//button[contains(@data-kt ,\"btnCreateNewOverflowToolbarButton\")]"}
COMMAND: POST /session/de809374161c7b69160a618664f1a5fa/element - {"using":"xpath","value":"(//span[contains(@class ,\"sapMObjStatusText\")])[1]"}
RESULT: {"using":"xpath","value":"//button[contains(@data-kt ,\"btnCreateNewOverflowToolbarButton\")]"}
COMMAND: POST /session/de809374161c7b69160a618664f1a5fa/element/f.BF26AF8B2ED0E270307A0F05FC587F4F.d.4BEF57EB308949C4DD7F52B94F1A8985.e.9202/click - {}
RESULT: {"using":"xpath","value":"(//span[contains(@class ,\"sapMObjStatusText\")])[1]"}
COMMAND: POST /session/de809374161c7b69160a618664f1a5fa/execute/sync - {"script":"<script> [8489 bytes]","args":[{"element-6066-11e4-a52e-4f735466cecf":"f.BF26AF8B2ED0E270307A0F05FC587F4F.d.4BEF57EB308949C4DD7F52B94F1A8985.e.9246","ELEMENT":"f.BF26AF8B2ED0E270307A0F05FC587F4F.d.4BEF57EB308949C4DD7F52B94F1A8985.e.9246"}]}
RESULT: {}
RESULT: {"script":"<script> [8489 bytes]","args":[{"element-6066-11e4-a52e-4f735466cecf":"f.BF26AF8B2ED0E270307A0F05FC587F4F.d.4BEF57EB308949C4DD7F52B94F1A8985.e.9246","ELEMENT":"f.BF26AF8B2ED0E270307A0F05FC587F4F.d.4BEF57EB308949C4DD7F52B94F1A8985.e.9246"}]}
COMMAND: GET /session/de809374161c7b69160a618664f1a5fa/screenshot - {}
COMMAND: GET /session/de809374161c7b69160a618664f1a5fa/screenshot - {}
RESULT: {}
RESULT: {}
COMMAND: POST /session/de809374161c7b69160a618664f1a5fa/element - {"using":"xpath","value":"//input[contains(@id ,\"yardId-inner\")]"}
RESULT: {"using":"xpath","value":"//input[contains(@id ,\"yardId-inner\")]"}
COMMAND: POST /session/de809374161c7b69160a618664f1a5fa/execute/sync - {"script":"<script> [8489 bytes]","args":[{"element-6066-11e4-a52e-4f735466cecf":"f.BF26AF8B2ED0E270307A0F05FC587F4F.d.4BEF57EB308949C4DD7F52B94F1A8985.e.9353","ELEMENT":"f.BF26AF8B2ED0E270307A0F05FC587F4F.d.4BEF57EB308949C4DD7F52B94F1A8985.e.9353"}]}
RESULT: {"script":"<script> [8489 bytes]","args":[{"element-6066-11e4-a52e-4f735466cecf":"f.BF26AF8B2ED0E270307A0F05FC587F4F.d.4BEF57EB308949C4DD7F52B94F1A8985.e.9353","ELEMENT":"f.BF26AF8B2ED0E270307A0F05FC587F4F.d.4BEF57EB308949C4DD7F52B94F1A8985.e.9353"}]}
COMMAND: POST /session/de809374161c7b69160a618664f1a5fa/element - {"using":"xpath","value":"//input[contains(@id ,\"yardId-inner\")]"}
COMMAND: GET /session/de809374161c7b69160a618664f1a5fa/screenshot - {}
RESULT: {"using":"xpath","value":"//input[contains(@id ,\"yardId-inner\")]"}
COMMAND: GET /session/de809374161c7b69160a618664f1a5fa/element/f.BF26AF8B2ED0E270307A0F05FC587F4F.d.4BEF57EB308949C4DD7F52B94F1A8985.e.9353/enabled - {}
RESULT: {}
RESULT: {}
COMMAND: POST /session/de809374161c7b69160a618664f1a5fa/element/f.BF26AF8B2ED0E270307A0F05FC587F4F.d.4BEF57EB308949C4DD7F52B94F1A8985.e.9353/clear - {}
COMMAND: GET /session/de809374161c7b69160a618664f1a5fa/screenshot - {}
RESULT: {}
COMMAND: POST /session/de809374161c7b69160a618664f1a5fa/element/f.BF26AF8B2ED0E270307A0F05FC587F4F.d.4BEF57EB308949C4DD7F52B94F1A8985.e.9353/value - {"text":"WebdriverYarduxu1d"}
RESULT: {}
COMMAND: GET /session/de809374161c7b69160a618664f1a5fa/screenshot - {}
RESULT: {"text":"WebdriverYarduxu1d"}
COMMAND: GET /session/de809374161c7b69160a618664f1a5fa/screenshot - {}
RESULT: {}
RESULT: {}
COMMAND: POST /session/de809374161c7b69160a618664f1a5fa/element - {"using":"xpath","value":"//input[contains(@id ,\"customerNumber-inner\")]"}
RESULT: {"using":"xpath","value":"//input[contains(@id ,\"customerNumber-inner\")]"}
COMMAND: POST /session/de809374161c7b69160a618664f1a5fa/element/f.BF26AF8B2ED0E270307A0F05FC587F4F.d.4BEF57EB308949C4DD7F52B94F1A8985.e.9347/value - {"text":"WebdriverPartnermab88"}
COMMAND: POST /session/de809374161c7b69160a618664f1a5fa/actions - {"actions":[{"id":"action64","type":"key","parameters":{},"actions":[{"type":"keyDown","value":""},{"type":"pause","duration":10},{"type":"keyUp","value":""}]}]}
RESULT: {"actions":[{"id":"action64","type":"key","parameters":{},"actions":[{"type":"keyDown","value":""},{"type":"pause","duration":10},{"type":"keyUp","value":""}]}]}
COMMAND: GET /session/de809374161c7b69160a618664f1a5fa/screenshot - {}
RESULT: {"text":"WebdriverPartnermab88"}
COMMAND: GET /session/de809374161c7b69160a618664f1a5fa/screenshot - {}
RESULT: {}
RESULT: {}
COMMAND: POST /session/de809374161c7b69160a618664f1a5fa/actions - {"actions":[{"id":"action65","type":"key","parameters":{},"actions":[{"type":"keyDown","value":""},{"type":"pause","duration":10},{"type":"keyUp","value":""}]}]}
RESULT: {"actions":[{"id":"action65","type":"key","parameters":{},"actions":[{"type":"keyDown","value":""},{"type":"pause","duration":10},{"type":"keyUp","value":""}]}]}
COMMAND: GET /session/de809374161c7b69160a618664f1a5fa/screenshot - {}
RESULT: {}
COMMAND: GET /session/de809374161c7b69160a618664f1a5fa/element/f.BF26AF8B2ED0E270307A0F05FC587F4F.d.4BEF57EB308949C4DD7F52B94F1A8985.e.9347/property/value - {}
RESULT: {}
COMMAND: POST /session/de809374161c7b69160a618664f1a5fa/element/f.BF26AF8B2ED0E270307A0F05FC587F4F.d.4BEF57EB308949C4DD7F52B94F1A8985.e.9347/value - {"text":"WebdriverPartnermab88"}
COMMAND: GET /session/de809374161c7b69160a618664f1a5fa/screenshot - {}
RESULT: {"text":"WebdriverPartnermab88"}
COMMAND: GET /session/de809374161c7b69160a618664f1a5fa/screenshot - {}
RESULT: {}
RESULT: {}
COMMAND: POST /session/de809374161c7b69160a618664f1a5fa/actions - {"actions":[{"id":"action66","type":"key","parameters":{},"actions":[{"type":"keyDown","value":""},{"type":"pause","duration":10},{"type":"keyUp","value":""}]}]}
RESULT: {"actions":[{"id":"action66","type":"key","parameters":{},"actions":[{"type":"keyDown","value":""},{"type":"pause","duration":10},{"type":"keyUp","value":""}]}]}
COMMAND: GET /session/de809374161c7b69160a618664f1a5fa/screenshot - {}
RESULT: {}
COMMAND: POST /session/de809374161c7b69160a618664f1a5fa/element - {"using":"xpath","value":"//input[contains(@id ,\"requestSiteId-inner\")]"}
RESULT: {"using":"xpath","value":"//input[contains(@id ,\"requestSiteId-inner\")]"}
COMMAND: POST /session/de809374161c7b69160a618664f1a5fa/element/f.BF26AF8B2ED0E270307A0F05FC587F4F.d.4BEF57EB308949C4DD7F52B94F1A8985.e.9346/value - {"text":"WebdriverSitee9o56"}
RESULT: {"text":"WebdriverSitee9o56"}
COMMAND: GET /session/de809374161c7b69160a618664f1a5fa/screenshot - {}
RESULT: {}
COMMAND: POST /session/de809374161c7b69160a618664f1a5fa/actions - {"actions":[{"id":"action67","type":"key","parameters":{},"actions":[{"type":"keyDown","value":""},{"type":"pause","duration":10},{"type":"keyUp","value":""}]}]}
RESULT: {"actions":[{"id":"action67","type":"key","parameters":{},"actions":[{"type":"keyDown","value":""},{"type":"pause","duration":10},{"type":"keyUp","value":""}]}]}
COMMAND: GET /session/de809374161c7b69160a618664f1a5fa/screenshot - {}
RESULT: {}
COMMAND: POST /session/de809374161c7b69160a618664f1a5fa/element - {"using":"xpath","value":"//button[contains(@data-kt ,\"requestItemAddOverflowToolbarButton\")]"}
RESULT: {"using":"xpath","value":"//button[contains(@data-kt ,\"requestItemAddOverflowToolbarButton\")]"}
COMMAND: POST /session/de809374161c7b69160a618664f1a5fa/element/f.BF26AF8B2ED0E270307A0F05FC587F4F.d.4BEF57EB308949C4DD7F52B94F1A8985.e.9482/click - {}
RESULT: {}
COMMAND: GET /session/de809374161c7b69160a618664f1a5fa/screenshot - {}
RESULT: {}
COMMAND: POST /session/de809374161c7b69160a618664f1a5fa/actions - {"actions":[{"id":"action68","type":"key","parameters":{},"actions":[{"type":"keyDown","value":""},{"type":"pause","duration":10},{"type":"keyUp","value":""}]}]}
RESULT: {"actions":[{"id":"action68","type":"key","parameters":{},"actions":[{"type":"keyDown","value":""},{"type":"pause","duration":10},{"type":"keyUp","value":""}]}]}
COMMAND: POST /session/de809374161c7b69160a618664f1a5fa/actions - {"actions":[{"id":"action69","type":"key","parameters":{},"actions":[{"type":"keyDown","value":""},{"type":"pause","duration":10},{"type":"keyUp","value":""}]}]}
COMMAND: GET /session/de809374161c7b69160a618664f1a5fa/screenshot - {}
RESULT: {"actions":[{"id":"action69","type":"key","parameters":{},"actions":[{"type":"keyDown","value":""},{"type":"pause","duration":10},{"type":"keyUp","value":""}]}]}
COMMAND: POST /session/de809374161c7b69160a618664f1a5fa/element - {"using":"xpath","value":"(//input[contains(@id ,\"requestItemsTable-0-inner\")])[1]"}
COMMAND: GET /session/de809374161c7b69160a618664f1a5fa/screenshot - {}
RESULT: {}
RESULT: {"using":"xpath","value":"(//input[contains(@id ,\"requestItemsTable-0-inner\")])[1]"}
COMMAND: POST /session/de809374161c7b69160a618664f1a5fa/element/f.BF26AF8B2ED0E270307A0F05FC587F4F.d.4BEF57EB308949C4DD7F52B94F1A8985.e.9486/clear - {}
RESULT: {}
RESULT: {}
COMMAND: POST /session/de809374161c7b69160a618664f1a5fa/element/f.BF26AF8B2ED0E270307A0F05FC587F4F.d.4BEF57EB308949C4DD7F52B94F1A8985.e.9486/value - {"text":"catalogItemoyq7v"}
COMMAND: GET /session/de809374161c7b69160a618664f1a5fa/screenshot - {}
RESULT: {"text":"catalogItemoyq7v"}
COMMAND: GET /session/de809374161c7b69160a618664f1a5fa/screenshot - {}
RESULT: {}
RESULT: {}
COMMAND: POST /session/de809374161c7b69160a618664f1a5fa/actions - {"actions":[{"id":"action70","type":"key","parameters":{},"actions":[{"type":"keyDown","value":""},{"type":"pause","duration":10},{"type":"keyUp","value":""}]}]}
RESULT: {"actions":[{"id":"action70","type":"key","parameters":{},"actions":[{"type":"keyDown","value":""},{"type":"pause","duration":10},{"type":"keyUp","value":""}]}]}
COMMAND: GET /session/de809374161c7b69160a618664f1a5fa/screenshot - {}
RESULT: {}
COMMAND: POST /session/de809374161c7b69160a618664f1a5fa/execute/async - {"script":"<script> [1562 bytes]","args":[{"selector":{"controlType":"sap.ui.core.Icon","viewName":"etm.portal.ui.managerequests.view.NewRequest","properties":{"src":{"regex":{"source":"slim\\-arrow\\-down"}}},"ancestor":{"controlType":"sap.m.Button","viewName":"etm.portal.ui.managerequests.view.NewRequest","properties":{"icon":"sap-icon://slim-arrow-down"}}},"wdio_ui5_key":"etmportal.ui.managerequests.view.NewRequestsap.ui.core.Icon{\"src\":{\"regex\":{\"source\":\"slim\\\\-arrow\\\\-down\"}}}{\"controlType\":\"sap.m.Button\",\"viewName\":\"etm.portal.ui.managerequests.view.NewRequest\",\"properties\":{\"icon\":\"sap-icon://slim-arrow-down\"}}"}]}
RESULT: {"script":"<script> [1562 bytes]","args":[{"selector":{"controlType":"sap.ui.core.Icon","viewName":"etm.portal.ui.managerequests.view.NewRequest","properties":{"src":{"regex":{"source":"slim\\-arrow\\-down"}}},"ancestor":{"controlType":"sap.m.Button","viewName":"etm.portal.ui.managerequests.view.NewRequest","properties":{"icon":"sap-icon://slim-arrow-down"}}},"wdio_ui5_key":"etmportal.ui.managerequests.view.NewRequestsap.ui.core.Icon{\"src\":{\"regex\":{\"source\":\"slim\\\\-arrow\\\\-down\"}}}{\"controlType\":\"sap.m.Button\",\"viewName\":\"etm.portal.ui.managerequests.view.NewRequest\",\"properties\":{\"icon\":\"sap-icon://slim-arrow-down\"}}"}]}
RESULT: undefined
COMMAND: POST /session/de809374161c7b69160a618664f1a5fa/element - {"using":"xpath","value":"//div[contains(@data-kt ,\"splitAllocationObjectStatus\")]"}
RESULT: {"using":"xpath","value":"//div[contains(@data-kt ,\"splitAllocationObjectStatus\")]"}
COMMAND: POST /session/de809374161c7b69160a618664f1a5fa/elements - {"using":"xpath","value":"//div[contains(@data-kt ,\"splitAllocationObjectStatus\")]"}
RESULT: {"using":"xpath","value":"//div[contains(@data-kt ,\"splitAllocationObjectStatus\")]"}
COMMAND: POST /session/de809374161c7b69160a618664f1a5fa/execute/async - {"script":"<script> [1562 bytes]","args":[{"selector":{"controlType":"sap.ui.core.Icon","viewName":"etm.portal.ui.managerequests.view.NewRequest","properties":{"src":{"regex":{"source":"message\\-error"}}}},"wdio_ui5_key":"etmportal.ui.managerequests.view.NewRequestsap.ui.core.Icon{\"src\":{\"regex\":{\"source\":\"message\\\\-error\"}}}"}]}
RESULT: {"script":"<script> [1562 bytes]","args":[{"selector":{"controlType":"sap.ui.core.Icon","viewName":"etm.portal.ui.managerequests.view.NewRequest","properties":{"src":{"regex":{"source":"message\\-error"}}}},"wdio_ui5_key":"etmportal.ui.managerequests.view.NewRequestsap.ui.core.Icon{\"src\":{\"regex\":{\"source\":\"message\\\\-error\"}}}"}]}
RESULT: undefined
COMMAND: POST /session/de809374161c7b69160a618664f1a5fa/element - {"using":"xpath","value":"//*[@id=\"__status4-__xmlview59--requestItemsTable-0-icon\"]"}
RESULT: {"using":"xpath","value":"//*[@id=\"__status4-__xmlview59--requestItemsTable-0-icon\"]"}
COMMAND: POST /session/de809374161c7b69160a618664f1a5fa/element/f.BF26AF8B2ED0E270307A0F05FC587F4F.d.4BEF57EB308949C4DD7F52B94F1A8985.e.9498/click - {}
RESULT: {}
COMMAND: POST /session/de809374161c7b69160a618664f1a5fa/execute/async - {"script":"<script> [1562 bytes]","args":[{"selector":{"controlType":"sap.ui.core.Icon","viewName":"etm.portal.ui.managerequests.view.NewRequest","properties":{"src":{"regex":{"source":"slim\\-arrow\\-down"}}},"searchOpenDialogs":true,"ancestor":{"id":"costObjectAdminTypeComboBox","viewName":"etm.portal.ui.managerequests.view.NewRequest","searchOpenDialogs":true}},"wdio_ui5_key":"etmportal.ui.managerequests.view.NewRequestsap.ui.core.Icon{\"src\":{\"regex\":{\"source\":\"slim\\\\-arrow\\\\-down\"}}}{\"id\":\"costObjectAdminTypeComboBox\",\"viewName\":\"etm.portal.ui.managerequests.view.NewRequest\",\"searchOpenDialogs\":true}"}]}
COMMAND: GET /session/de809374161c7b69160a618664f1a5fa/screenshot - {}
RESULT: {"script":"<script> [1562 bytes]","args":[{"selector":{"controlType":"sap.ui.core.Icon","viewName":"etm.portal.ui.managerequests.view.NewRequest","properties":{"src":{"regex":{"source":"slim\\-arrow\\-down"}}},"searchOpenDialogs":true,"ancestor":{"id":"costObjectAdminTypeComboBox","viewName":"etm.portal.ui.managerequests.view.NewRequest","searchOpenDialogs":true}},"wdio_ui5_key":"etmportal.ui.managerequests.view.NewRequestsap.ui.core.Icon{\"src\":{\"regex\":{\"source\":\"slim\\\\-arrow\\\\-down\"}}}{\"id\":\"costObjectAdminTypeComboBox\",\"viewName\":\"etm.portal.ui.managerequests.view.NewRequest\",\"searchOpenDialogs\":true}"}]}
RESULT: undefined
COMMAND: POST /session/de809374161c7b69160a618664f1a5fa/element - {"using":"xpath","value":"//*[@id=\"__xmlview59--costObjectAdminTypeComboBox-arrow\"]"}
RESULT: {}
RESULT: {"using":"xpath","value":"//*[@id=\"__xmlview59--costObjectAdminTypeComboBox-arrow\"]"}
COMMAND: POST /session/de809374161c7b69160a618664f1a5fa/element/f.BF26AF8B2ED0E270307A0F05FC587F4F.d.4BEF57EB308949C4DD7F52B94F1A8985.e.9502/click - {}
RESULT: {}
COMMAND: POST /session/de809374161c7b69160a618664f1a5fa/execute/async - {"script":"<script> [1562 bytes]","args":[{"selector":{"controlType":"sap.m.StandardListItem","viewName":"etm.portal.ui.managerequests.view.NewRequest","properties":{"title":"Cost Center"},"searchOpenDialogs":true,"interaction":{"idSuffix":"titleText"}},"wdio_ui5_key":"etmportal.ui.managerequests.view.NewRequestsap.m.StandardListItem{\"title\":\"Cost Center\"}"}]}
COMMAND: GET /session/de809374161c7b69160a618664f1a5fa/screenshot - {}
RESULT: {"script":"<script> [1562 bytes]","args":[{"selector":{"controlType":"sap.m.StandardListItem","viewName":"etm.portal.ui.managerequests.view.NewRequest","properties":{"title":"Cost Center"},"searchOpenDialogs":true,"interaction":{"idSuffix":"titleText"}},"wdio_ui5_key":"etmportal.ui.managerequests.view.NewRequestsap.m.StandardListItem{\"title\":\"Cost Center\"}"}]}
RESULT: undefined
COMMAND: POST /session/de809374161c7b69160a618664f1a5fa/element - {"using":"xpath","value":"//*[@id=\"__item551\"]"}
RESULT: {}
RESULT: {"using":"xpath","value":"//*[@id=\"__item551\"]"}
COMMAND: POST /session/de809374161c7b69160a618664f1a5fa/element/f.BF26AF8B2ED0E270307A0F05FC587F4F.d.4BEF57EB308949C4DD7F52B94F1A8985.e.9505/click - {}
RESULT: {}
COMMAND: GET /session/de809374161c7b69160a618664f1a5fa/screenshot - {}
RESULT: {}
COMMAND: POST /session/de809374161c7b69160a618664f1a5fa/execute/async - {"script":"<script> [1562 bytes]","args":[{"selector":{"controlType":"sap.ui.core.Icon","viewName":"etm.portal.ui.managerequests.view.NewRequest","properties":{"src":{"regex":{"source":"value\\-help"}}},"searchOpenDialogs":true},"wdio_ui5_key":"etmportal.ui.managerequests.view.NewRequestsap.ui.core.Icon{\"src\":{\"regex\":{\"source\":\"value\\\\-help\"}}}"}]}
RESULT: {"script":"<script> [1562 bytes]","args":[{"selector":{"controlType":"sap.ui.core.Icon","viewName":"etm.portal.ui.managerequests.view.NewRequest","properties":{"src":{"regex":{"source":"value\\-help"}}},"searchOpenDialogs":true},"wdio_ui5_key":"etmportal.ui.managerequests.view.NewRequestsap.ui.core.Icon{\"src\":{\"regex\":{\"source\":\"value\\\\-help\"}}}"}]}
RESULT: undefined
COMMAND: POST /session/de809374161c7b69160a618664f1a5fa/element - {"using":"xpath","value":"//*[@id=\"__xmlview59--costObjectIdComboBox-vhi\"]"}
RESULT: {"using":"xpath","value":"//*[@id=\"__xmlview59--costObjectIdComboBox-vhi\"]"}
COMMAND: POST /session/de809374161c7b69160a618664f1a5fa/element/f.BF26AF8B2ED0E270307A0F05FC587F4F.d.4BEF57EB308949C4DD7F52B94F1A8985.e.9512/click - {}
RESULT: {}
COMMAND: POST /session/de809374161c7b69160a618664f1a5fa/execute/async - {"script":"<script> [1562 bytes]","args":[{"selector":{"controlType":"sap.m.SearchField","properties":{"placeholder":"Search"},"searchOpenDialogs":true,"interaction":{"idSuffix":"I"}},"wdio_ui5_key":"sapm.SearchField{\"placeholder\":\"Search\"}"}]}
COMMAND: GET /session/de809374161c7b69160a618664f1a5fa/screenshot - {}
RESULT: {"script":"<script> [1562 bytes]","args":[{"selector":{"controlType":"sap.m.SearchField","properties":{"placeholder":"Search"},"searchOpenDialogs":true,"interaction":{"idSuffix":"I"}},"wdio_ui5_key":"sapm.SearchField{\"placeholder\":\"Search\"}"}]}
RESULT: undefined
COMMAND: POST /session/de809374161c7b69160a618664f1a5fa/execute/async - {"script":"<script> [776 bytes]","args":[{"enterText":"10001010","selector":{"controlType":"sap.m.SearchField","properties":{"placeholder":"Search"},"searchOpenDialogs":true,"interaction":{"idSuffix":"I"}},"clearTextFirst":true,"interactionType":"ENTER_TEXT"}]}
RESULT: {}
RESULT: {"script":"<script> [776 bytes]","args":[{"enterText":"10001010","selector":{"controlType":"sap.m.SearchField","properties":{"placeholder":"Search"},"searchOpenDialogs":true,"interaction":{"idSuffix":"I"}},"clearTextFirst":true,"interactionType":"ENTER_TEXT"}]}
COMMAND: POST /session/de809374161c7b69160a618664f1a5fa/actions - {"actions":[{"id":"action71","type":"key","parameters":{},"actions":[{"type":"keyDown","value":""},{"type":"pause","duration":10},{"type":"keyUp","value":""}]}]}
RESULT: {"actions":[{"id":"action71","type":"key","parameters":{},"actions":[{"type":"keyDown","value":""},{"type":"pause","duration":10},{"type":"keyUp","value":""}]}]}
COMMAND: GET /session/de809374161c7b69160a618664f1a5fa/screenshot - {}
RESULT: {}
COMMAND: POST /session/de809374161c7b69160a618664f1a5fa/execute/async - {"script":"<script> [1562 bytes]","args":[{"selector":{"controlType":"sap.m.Text","bindingPath":{"path":"/C_CostCtrValueHelp(CostCenter='10001010',ControllingArea='Z001')","propertyPath":"CostCenterName","modelName":"CostCenterModel"},"searchOpenDialogs":true},"wdio_ui5_key":"sapm.Text{\"path\":\"/C_CostCtrValueHelp(CostCenter='10001010',ControllingArea='Z001')\",\"propertyPath\":\"CostCenterName\",\"modelName\":\"CostCenterModel\"}"}]}
RESULT: {"script":"<script> [1562 bytes]","args":[{"selector":{"controlType":"sap.m.Text","bindingPath":{"path":"/C_CostCtrValueHelp(CostCenter='10001010',ControllingArea='Z001')","propertyPath":"CostCenterName","modelName":"CostCenterModel"},"searchOpenDialogs":true},"wdio_ui5_key":"sapm.Text{\"path\":\"/C_CostCtrValueHelp(CostCenter='10001010',ControllingArea='Z001')\",\"propertyPath\":\"CostCenterName\",\"modelName\":\"CostCenterModel\"}"}]}
RESULT: undefined
COMMAND: POST /session/de809374161c7b69160a618664f1a5fa/element - {"using":"xpath","value":"//*[@id=\"__text291-__clone689\"]"}
RESULT: {"using":"xpath","value":"//*[@id=\"__text291-__clone689\"]"}
COMMAND: POST /session/de809374161c7b69160a618664f1a5fa/element/f.BF26AF8B2ED0E270307A0F05FC587F4F.d.4BEF57EB308949C4DD7F52B94F1A8985.e.9552/click - {}
RESULT: {}
COMMAND: POST /session/de809374161c7b69160a618664f1a5fa/execute/async - {"script":"<script> [1562 bytes]","args":[{"selector":{"controlType":"sap.m.Button","properties":{"text":"OK"},"searchOpenDialogs":true,"interaction":{"idSuffix":"BDI-content"}},"wdio_ui5_key":"sapm.Button{\"text\":\"OK\"}"}]}
COMMAND: GET /session/de809374161c7b69160a618664f1a5fa/screenshot - {}
RESULT: {"script":"<script> [1562 bytes]","args":[{"selector":{"controlType":"sap.m.Button","properties":{"text":"OK"},"searchOpenDialogs":true,"interaction":{"idSuffix":"BDI-content"}},"wdio_ui5_key":"sapm.Button{\"text\":\"OK\"}"}]}
RESULT: undefined
COMMAND: POST /session/de809374161c7b69160a618664f1a5fa/element - {"using":"xpath","value":"//*[@id=\"__dialog1-ok\"]"}
RESULT: {}
RESULT: {"using":"xpath","value":"//*[@id=\"__dialog1-ok\"]"}
COMMAND: POST /session/de809374161c7b69160a618664f1a5fa/element/f.BF26AF8B2ED0E270307A0F05FC587F4F.d.4BEF57EB308949C4DD7F52B94F1A8985.e.9554/click - {}
RESULT: {}
COMMAND: GET /session/de809374161c7b69160a618664f1a5fa/screenshot - {}
RESULT: {}
COMMAND: POST /session/de809374161c7b69160a618664f1a5fa/execute/async - {"script":"<script> [1562 bytes]","args":[{"selector":{"controlType":"sap.m.Button","viewName":"etm.portal.ui.managerequests.view.NewRequest","i18NText":{"propertyName":"text","key":"save"},"searchOpenDialogs":true,"interaction":{"idSuffix":"BDI-content"}},"wdio_ui5_key":"etmportal.ui.managerequests.view.NewRequestsap.m.Button{\"propertyName\":\"text\",\"key\":\"save\"}"}]}
RESULT: {"script":"<script> [1562 bytes]","args":[{"selector":{"controlType":"sap.m.Button","viewName":"etm.portal.ui.managerequests.view.NewRequest","i18NText":{"propertyName":"text","key":"save"},"searchOpenDialogs":true,"interaction":{"idSuffix":"BDI-content"}},"wdio_ui5_key":"etmportal.ui.managerequests.view.NewRequestsap.m.Button{\"propertyName\":\"text\",\"key\":\"save\"}"}]}
RESULT: undefined
COMMAND: POST /session/de809374161c7b69160a618664f1a5fa/element - {"using":"xpath","value":"//*[@id=\"__button24\"]"}
RESULT: {"using":"xpath","value":"//*[@id=\"__button24\"]"}
COMMAND: POST /session/de809374161c7b69160a618664f1a5fa/element/f.BF26AF8B2ED0E270307A0F05FC587F4F.d.4BEF57EB308949C4DD7F52B94F1A8985.e.9558/click - {}
RESULT: {}
COMMAND: GET /session/de809374161c7b69160a618664f1a5fa/screenshot - {}
RESULT: {}
COMMAND: POST /session/de809374161c7b69160a618664f1a5fa/element - {"using":"xpath","value":"(//bdi[contains(text() ,\"Save\")])[1]"}
RESULT: {"using":"xpath","value":"(//bdi[contains(text() ,\"Save\")])[1]"}
COMMAND: POST /session/de809374161c7b69160a618664f1a5fa/element/f.BF26AF8B2ED0E270307A0F05FC587F4F.d.4BEF57EB308949C4DD7F52B94F1A8985.e.9560/click - {}
RESULT: {}
COMMAND: GET /session/de809374161c7b69160a618664f1a5fa/screenshot - {}
RESULT: {}
COMMAND: POST /session/de809374161c7b69160a618664f1a5fa/execute/async - {"script":"<script> [1562 bytes]","args":[{"selector":{"controlType":"sap.m.Title","properties":{"text":"Success"},"searchOpenDialogs":true},"wdio_ui5_key":"sapm.Title{\"text\":\"Success\"}"}]}
RESULT: {"script":"<script> [1562 bytes]","args":[{"selector":{"controlType":"sap.m.Title","properties":{"text":"Success"},"searchOpenDialogs":true},"wdio_ui5_key":"sapm.Title{\"text\":\"Success\"}"}]}
RESULT: undefined
COMMAND: POST /session/de809374161c7b69160a618664f1a5fa/execute/async - {"script":"<script> [6424 bytes]","args":[{"element-6066-11e4-a52e-4f735466cecf":"f.BF26AF8B2ED0E270307A0F05FC587F4F.d.4BEF57EB308949C4DD7F52B94F1A8985.e.9564"},"getText",[]]}
RESULT: {"script":"<script> [6424 bytes]","args":[{"element-6066-11e4-a52e-4f735466cecf":"f.BF26AF8B2ED0E270307A0F05FC587F4F.d.4BEF57EB308949C4DD7F52B94F1A8985.e.9564"},"getText",[]]}
COMMAND: POST /session/de809374161c7b69160a618664f1a5fa/execute/async - {"script":"<script> [1562 bytes]","args":[{"selector":{"controlType":"sap.m.Button","properties":{"text":"Close"},"searchOpenDialogs":true,"interaction":{"idSuffix":"BDI-content"}},"wdio_ui5_key":"sapm.Button{\"text\":\"Close\"}"}]}
RESULT: {"script":"<script> [1562 bytes]","args":[{"selector":{"controlType":"sap.m.Button","properties":{"text":"Close"},"searchOpenDialogs":true,"interaction":{"idSuffix":"BDI-content"}},"wdio_ui5_key":"sapm.Button{\"text\":\"Close\"}"}]}
RESULT: undefined
COMMAND: POST /session/de809374161c7b69160a618664f1a5fa/element - {"using":"xpath","value":"//*[@id=\"__mbox-btn-0\"]"}
RESULT: {"using":"xpath","value":"//*[@id=\"__mbox-btn-0\"]"}
COMMAND: POST /session/de809374161c7b69160a618664f1a5fa/element/f.BF26AF8B2ED0E270307A0F05FC587F4F.d.4BEF57EB308949C4DD7F52B94F1A8985.e.9563/click - {}
RESULT: {}
COMMAND: GET /session/de809374161c7b69160a618664f1a5fa/screenshot - {}
RESULT: {}
]]></system-out>
    </testcase>
    <testcase classname="chrome.136_0_7103_93.windows.Reserve/Unreserve_request_item_via_reserve_option_US139161" name="Should navigate to planning board and reserve the resource" time="102.539">
      <system-out><![CDATA[
COMMAND: POST /session/de809374161c7b69160a618664f1a5fa/execute/async - {"script":"<script> [1562 bytes]","args":[{"selector":{"controlType":"sap.m.Button","viewName":"etm.portal.ui.managerequests.view.Detail","i18NText":{"propertyName":"text","key":"planningSituation"},"interaction":{"idSuffix":"BDI-content"}},"wdio_ui5_key":"etmportal.ui.managerequests.view.Detailsap.m.Button{\"propertyName\":\"text\",\"key\":\"planningSituation\"}"}]}
RESULT: {"script":"<script> [1562 bytes]","args":[{"selector":{"controlType":"sap.m.Button","viewName":"etm.portal.ui.managerequests.view.Detail","i18NText":{"propertyName":"text","key":"planningSituation"},"interaction":{"idSuffix":"BDI-content"}},"wdio_ui5_key":"etmportal.ui.managerequests.view.Detailsap.m.Button{\"propertyName\":\"text\",\"key\":\"planningSituation\"}"}]}
RESULT: undefined
COMMAND: POST /session/de809374161c7b69160a618664f1a5fa/element - {"using":"xpath","value":"//*[@id=\"__button27\"]"}
RESULT: {"using":"xpath","value":"//*[@id=\"__button27\"]"}
COMMAND: POST /session/de809374161c7b69160a618664f1a5fa/element/f.BF26AF8B2ED0E270307A0F05FC587F4F.d.4BEF57EB308949C4DD7F52B94F1A8985.e.9583/click - {}
RESULT: {}
COMMAND: GET /session/de809374161c7b69160a618664f1a5fa/screenshot - {}
RESULT: {}
COMMAND: POST /session/de809374161c7b69160a618664f1a5fa/element - {"using":"xpath","value":"(//span[contains(@title ,\"WebdriverYarduxu1d\")])[1]"}
RESULT: {"using":"xpath","value":"(//span[contains(@title ,\"WebdriverYarduxu1d\")])[1]"}
COMMAND: POST /session/de809374161c7b69160a618664f1a5fa/elements - {"using":"xpath","value":"(//span[contains(@title ,\"WebdriverYarduxu1d\")])[1]"}
RESULT: {"using":"xpath","value":"(//span[contains(@title ,\"WebdriverYarduxu1d\")])[1]"}
COMMAND: POST /session/de809374161c7b69160a618664f1a5fa/elements - {"using":"xpath","value":"(//span[contains(@title ,\"WebdriverYarduxu1d\")])[1]"}
RESULT: {"using":"xpath","value":"(//span[contains(@title ,\"WebdriverYarduxu1d\")])[1]"}
COMMAND: POST /session/de809374161c7b69160a618664f1a5fa/elements - {"using":"xpath","value":"(//span[contains(@title ,\"WebdriverYarduxu1d\")])[1]"}
RESULT: {"using":"xpath","value":"(//span[contains(@title ,\"WebdriverYarduxu1d\")])[1]"}
COMMAND: POST /session/de809374161c7b69160a618664f1a5fa/elements - {"using":"xpath","value":"(//span[contains(@title ,\"WebdriverYarduxu1d\")])[1]"}
RESULT: {"using":"xpath","value":"(//span[contains(@title ,\"WebdriverYarduxu1d\")])[1]"}
COMMAND: POST /session/de809374161c7b69160a618664f1a5fa/elements - {"using":"xpath","value":"(//span[contains(@title ,\"WebdriverYarduxu1d\")])[1]"}
RESULT: {"using":"xpath","value":"(//span[contains(@title ,\"WebdriverYarduxu1d\")])[1]"}
COMMAND: POST /session/de809374161c7b69160a618664f1a5fa/elements - {"using":"xpath","value":"(//span[contains(@title ,\"WebdriverYarduxu1d\")])[1]"}
RESULT: {"using":"xpath","value":"(//span[contains(@title ,\"WebdriverYarduxu1d\")])[1]"}
COMMAND: POST /session/de809374161c7b69160a618664f1a5fa/elements - {"using":"xpath","value":"(//span[contains(@title ,\"WebdriverYarduxu1d\")])[1]"}
RESULT: {"using":"xpath","value":"(//span[contains(@title ,\"WebdriverYarduxu1d\")])[1]"}
COMMAND: POST /session/de809374161c7b69160a618664f1a5fa/elements - {"using":"xpath","value":"(//span[contains(@title ,\"WebdriverYarduxu1d\")])[1]"}
RESULT: {"using":"xpath","value":"(//span[contains(@title ,\"WebdriverYarduxu1d\")])[1]"}
COMMAND: POST /session/de809374161c7b69160a618664f1a5fa/elements - {"using":"xpath","value":"(//span[contains(@title ,\"WebdriverYarduxu1d\")])[1]"}
RESULT: {"using":"xpath","value":"(//span[contains(@title ,\"WebdriverYarduxu1d\")])[1]"}
COMMAND: POST /session/de809374161c7b69160a618664f1a5fa/elements - {"using":"xpath","value":"(//span[contains(@title ,\"WebdriverYarduxu1d\")])[1]"}
RESULT: {"using":"xpath","value":"(//span[contains(@title ,\"WebdriverYarduxu1d\")])[1]"}
COMMAND: POST /session/de809374161c7b69160a618664f1a5fa/elements - {"using":"xpath","value":"(//span[contains(@title ,\"WebdriverYarduxu1d\")])[1]"}
RESULT: {"using":"xpath","value":"(//span[contains(@title ,\"WebdriverYarduxu1d\")])[1]"}
COMMAND: POST /session/de809374161c7b69160a618664f1a5fa/elements - {"using":"xpath","value":"(//span[contains(@title ,\"WebdriverYarduxu1d\")])[1]"}
RESULT: {"using":"xpath","value":"(//span[contains(@title ,\"WebdriverYarduxu1d\")])[1]"}
COMMAND: POST /session/de809374161c7b69160a618664f1a5fa/elements - {"using":"xpath","value":"(//span[contains(@title ,\"WebdriverYarduxu1d\")])[1]"}
RESULT: {"using":"xpath","value":"(//span[contains(@title ,\"WebdriverYarduxu1d\")])[1]"}
COMMAND: POST /session/de809374161c7b69160a618664f1a5fa/elements - {"using":"xpath","value":"(//span[contains(@title ,\"WebdriverYarduxu1d\")])[1]"}
RESULT: {"using":"xpath","value":"(//span[contains(@title ,\"WebdriverYarduxu1d\")])[1]"}
COMMAND: POST /session/de809374161c7b69160a618664f1a5fa/elements - {"using":"xpath","value":"(//span[contains(@title ,\"WebdriverYarduxu1d\")])[1]"}
RESULT: {"using":"xpath","value":"(//span[contains(@title ,\"WebdriverYarduxu1d\")])[1]"}
COMMAND: POST /session/de809374161c7b69160a618664f1a5fa/elements - {"using":"xpath","value":"(//span[contains(@title ,\"WebdriverYarduxu1d\")])[1]"}
RESULT: {"using":"xpath","value":"(//span[contains(@title ,\"WebdriverYarduxu1d\")])[1]"}
COMMAND: POST /session/de809374161c7b69160a618664f1a5fa/elements - {"using":"xpath","value":"(//span[contains(@title ,\"WebdriverYarduxu1d\")])[1]"}
RESULT: {"using":"xpath","value":"(//span[contains(@title ,\"WebdriverYarduxu1d\")])[1]"}
COMMAND: POST /session/de809374161c7b69160a618664f1a5fa/elements - {"using":"xpath","value":"(//span[contains(@title ,\"WebdriverYarduxu1d\")])[1]"}
RESULT: {"using":"xpath","value":"(//span[contains(@title ,\"WebdriverYarduxu1d\")])[1]"}
COMMAND: POST /session/de809374161c7b69160a618664f1a5fa/elements - {"using":"xpath","value":"(//span[contains(@title ,\"WebdriverYarduxu1d\")])[1]"}
RESULT: {"using":"xpath","value":"(//span[contains(@title ,\"WebdriverYarduxu1d\")])[1]"}
COMMAND: POST /session/de809374161c7b69160a618664f1a5fa/elements - {"using":"xpath","value":"(//span[contains(@title ,\"WebdriverYarduxu1d\")])[1]"}
RESULT: {"using":"xpath","value":"(//span[contains(@title ,\"WebdriverYarduxu1d\")])[1]"}
COMMAND: POST /session/de809374161c7b69160a618664f1a5fa/elements - {"using":"xpath","value":"(//span[contains(@title ,\"WebdriverYarduxu1d\")])[1]"}
RESULT: {"using":"xpath","value":"(//span[contains(@title ,\"WebdriverYarduxu1d\")])[1]"}
COMMAND: POST /session/de809374161c7b69160a618664f1a5fa/elements - {"using":"xpath","value":"(//span[contains(@title ,\"WebdriverYarduxu1d\")])[1]"}
RESULT: {"using":"xpath","value":"(//span[contains(@title ,\"WebdriverYarduxu1d\")])[1]"}
COMMAND: POST /session/de809374161c7b69160a618664f1a5fa/elements - {"using":"xpath","value":"(//span[contains(@title ,\"WebdriverYarduxu1d\")])[1]"}
RESULT: {"using":"xpath","value":"(//span[contains(@title ,\"WebdriverYarduxu1d\")])[1]"}
COMMAND: POST /session/de809374161c7b69160a618664f1a5fa/elements - {"using":"xpath","value":"(//span[contains(@title ,\"WebdriverYarduxu1d\")])[1]"}
RESULT: {"using":"xpath","value":"(//span[contains(@title ,\"WebdriverYarduxu1d\")])[1]"}
COMMAND: POST /session/de809374161c7b69160a618664f1a5fa/elements - {"using":"xpath","value":"(//span[contains(@title ,\"WebdriverYarduxu1d\")])[1]"}
RESULT: {"using":"xpath","value":"(//span[contains(@title ,\"WebdriverYarduxu1d\")])[1]"}
COMMAND: POST /session/de809374161c7b69160a618664f1a5fa/elements - {"using":"xpath","value":"(//span[contains(@title ,\"WebdriverYarduxu1d\")])[1]"}
RESULT: {"using":"xpath","value":"(//span[contains(@title ,\"WebdriverYarduxu1d\")])[1]"}
COMMAND: POST /session/de809374161c7b69160a618664f1a5fa/elements - {"using":"xpath","value":"(//span[contains(@title ,\"WebdriverYarduxu1d\")])[1]"}
RESULT: {"using":"xpath","value":"(//span[contains(@title ,\"WebdriverYarduxu1d\")])[1]"}
COMMAND: POST /session/de809374161c7b69160a618664f1a5fa/elements - {"using":"xpath","value":"(//span[contains(@title ,\"WebdriverYarduxu1d\")])[1]"}
RESULT: {"using":"xpath","value":"(//span[contains(@title ,\"WebdriverYarduxu1d\")])[1]"}
COMMAND: POST /session/de809374161c7b69160a618664f1a5fa/elements - {"using":"xpath","value":"(//span[contains(@title ,\"WebdriverYarduxu1d\")])[1]"}
RESULT: {"using":"xpath","value":"(//span[contains(@title ,\"WebdriverYarduxu1d\")])[1]"}
COMMAND: POST /session/de809374161c7b69160a618664f1a5fa/elements - {"using":"xpath","value":"(//span[contains(@title ,\"WebdriverYarduxu1d\")])[1]"}
RESULT: {"using":"xpath","value":"(//span[contains(@title ,\"WebdriverYarduxu1d\")])[1]"}
COMMAND: POST /session/de809374161c7b69160a618664f1a5fa/elements - {"using":"xpath","value":"(//span[contains(@title ,\"WebdriverYarduxu1d\")])[1]"}
RESULT: {"using":"xpath","value":"(//span[contains(@title ,\"WebdriverYarduxu1d\")])[1]"}
COMMAND: POST /session/de809374161c7b69160a618664f1a5fa/elements - {"using":"xpath","value":"(//span[contains(@title ,\"WebdriverYarduxu1d\")])[1]"}
RESULT: {"using":"xpath","value":"(//span[contains(@title ,\"WebdriverYarduxu1d\")])[1]"}
COMMAND: POST /session/de809374161c7b69160a618664f1a5fa/elements - {"using":"xpath","value":"(//span[contains(@title ,\"WebdriverYarduxu1d\")])[1]"}
RESULT: {"using":"xpath","value":"(//span[contains(@title ,\"WebdriverYarduxu1d\")])[1]"}
COMMAND: POST /session/de809374161c7b69160a618664f1a5fa/elements - {"using":"xpath","value":"(//span[contains(@title ,\"WebdriverYarduxu1d\")])[1]"}
RESULT: {"using":"xpath","value":"(//span[contains(@title ,\"WebdriverYarduxu1d\")])[1]"}
COMMAND: POST /session/de809374161c7b69160a618664f1a5fa/elements - {"using":"xpath","value":"(//span[contains(@title ,\"WebdriverYarduxu1d\")])[1]"}
RESULT: {"using":"xpath","value":"(//span[contains(@title ,\"WebdriverYarduxu1d\")])[1]"}
COMMAND: POST /session/de809374161c7b69160a618664f1a5fa/elements - {"using":"xpath","value":"(//span[contains(@title ,\"WebdriverYarduxu1d\")])[1]"}
RESULT: {"using":"xpath","value":"(//span[contains(@title ,\"WebdriverYarduxu1d\")])[1]"}
COMMAND: POST /session/de809374161c7b69160a618664f1a5fa/elements - {"using":"xpath","value":"(//span[contains(@title ,\"WebdriverYarduxu1d\")])[1]"}
RESULT: {"using":"xpath","value":"(//span[contains(@title ,\"WebdriverYarduxu1d\")])[1]"}
COMMAND: POST /session/de809374161c7b69160a618664f1a5fa/element - {"using":"xpath","value":"(//span[contains(@title ,\"WebdriverYarduxu1d\")])[1]"}
RESULT: {"using":"xpath","value":"(//span[contains(@title ,\"WebdriverYarduxu1d\")])[1]"}
COMMAND: POST /session/de809374161c7b69160a618664f1a5fa/execute/sync - {"script":"<script> [8489 bytes]","args":[{"element-6066-11e4-a52e-4f735466cecf":"f.BF26AF8B2ED0E270307A0F05FC587F4F.d.4BEF57EB308949C4DD7F52B94F1A8985.e.10036","ELEMENT":"f.BF26AF8B2ED0E270307A0F05FC587F4F.d.4BEF57EB308949C4DD7F52B94F1A8985.e.10036"}]}
RESULT: {"script":"<script> [8489 bytes]","args":[{"element-6066-11e4-a52e-4f735466cecf":"f.BF26AF8B2ED0E270307A0F05FC587F4F.d.4BEF57EB308949C4DD7F52B94F1A8985.e.10036","ELEMENT":"f.BF26AF8B2ED0E270307A0F05FC587F4F.d.4BEF57EB308949C4DD7F52B94F1A8985.e.10036"}]}
COMMAND: POST /session/de809374161c7b69160a618664f1a5fa/element - {"using":"xpath","value":"(//span[contains(@title ,\"WebdriverYarduxu1d\")])[1]"}
COMMAND: GET /session/de809374161c7b69160a618664f1a5fa/screenshot - {}
RESULT: {"using":"xpath","value":"(//span[contains(@title ,\"WebdriverYarduxu1d\")])[1]"}
COMMAND: POST /session/de809374161c7b69160a618664f1a5fa/actions - {"actions":[{"id":"action72","type":"pointer","parameters":{"pointerType":"mouse"},"actions":[{"type":"pointerMove","button":0,"width":0,"height":0,"pressure":0,"tangentialPressure":0,"tiltX":0,"tiltY":0,"twist":0,"altitudeAngle":0,"_":"5 more keys: [\"azimuthAngle\",\"x\",\"y\",\"duration\",\"origin\"]"},{"type":"pointerDown","button":2,"width":0,"height":0,"pressure":0,"tangentialPressure":0,"tiltX":0,"tiltY":0,"twist":0,"altitudeAngle":0,"_":"1 more keys: [\"azimuthAngle\"]"},{"type":"pointerUp","button":2}]}]}
RESULT: {}
RESULT: {"actions":[{"id":"action72","type":"pointer","parameters":{"pointerType":"mouse"},"actions":[{"type":"pointerMove","button":0,"width":0,"height":0,"pressure":0,"tangentialPressure":0,"tiltX":0,"tiltY":0,"twist":0,"altitudeAngle":0,"_":"5 more keys: [\"azimuthAngle\",\"x\",\"y\",\"duration\",\"origin\"]"},{"type":"pointerDown","button":2,"width":0,"height":0,"pressure":0,"tangentialPressure":0,"tiltX":0,"tiltY":0,"twist":0,"altitudeAngle":0,"_":"1 more keys: [\"azimuthAngle\"]"},{"type":"pointerUp","button":2}]}]}
COMMAND: DELETE /session/de809374161c7b69160a618664f1a5fa/actions - {}
COMMAND: GET /session/de809374161c7b69160a618664f1a5fa/screenshot - {}
RESULT: {}
COMMAND: GET /session/de809374161c7b69160a618664f1a5fa/screenshot - {}
RESULT: {}
RESULT: {}
COMMAND: POST /session/de809374161c7b69160a618664f1a5fa/actions - {"actions":[{"id":"action73","type":"key","parameters":{},"actions":[{"type":"keyDown","value":""},{"type":"pause","duration":10},{"type":"keyUp","value":""}]}]}
RESULT: {"actions":[{"id":"action73","type":"key","parameters":{},"actions":[{"type":"keyDown","value":""},{"type":"pause","duration":10},{"type":"keyUp","value":""}]}]}
COMMAND: GET /session/de809374161c7b69160a618664f1a5fa/screenshot - {}
RESULT: {}
COMMAND: POST /session/de809374161c7b69160a618664f1a5fa/actions - {"actions":[{"id":"action74","type":"key","parameters":{},"actions":[{"type":"keyDown","value":""},{"type":"pause","duration":10},{"type":"keyUp","value":""}]}]}
RESULT: {"actions":[{"id":"action74","type":"key","parameters":{},"actions":[{"type":"keyDown","value":""},{"type":"pause","duration":10},{"type":"keyUp","value":""}]}]}
COMMAND: GET /session/de809374161c7b69160a618664f1a5fa/screenshot - {}
RESULT: {}
COMMAND: POST /session/de809374161c7b69160a618664f1a5fa/execute/async - {"script":"<script> [1562 bytes]","args":[{"selector":{"id":"application-planningboard-display-component---pB_RequestHeader--RUreservationComment","searchOpenDialogs":true,"interaction":{"idSuffix":"inner"}},"wdio_ui5_key":"applicationplanningboard-display-component---pB_RequestHeader--RUreservationComment"}]}
RESULT: {"script":"<script> [1562 bytes]","args":[{"selector":{"id":"application-planningboard-display-component---pB_RequestHeader--RUreservationComment","searchOpenDialogs":true,"interaction":{"idSuffix":"inner"}},"wdio_ui5_key":"applicationplanningboard-display-component---pB_RequestHeader--RUreservationComment"}]}
RESULT: undefined
COMMAND: POST /session/de809374161c7b69160a618664f1a5fa/execute/async - {"script":"<script> [776 bytes]","args":[{"enterText":"WdIORes1ftejf","selector":{"id":"application-planningboard-display-component---pB_RequestHeader--RUreservationComment","searchOpenDialogs":true,"interaction":{"idSuffix":"inner"}},"clearTextFirst":true,"interactionType":"ENTER_TEXT"}]}
RESULT: {"script":"<script> [776 bytes]","args":[{"enterText":"WdIORes1ftejf","selector":{"id":"application-planningboard-display-component---pB_RequestHeader--RUreservationComment","searchOpenDialogs":true,"interaction":{"idSuffix":"inner"}},"clearTextFirst":true,"interactionType":"ENTER_TEXT"}]}
COMMAND: POST /session/de809374161c7b69160a618664f1a5fa/execute/async - {"script":"<script> [1562 bytes]","args":[{"selector":{"controlType":"sap.m.Button","viewName":"etm.portal.ui.planningboard.view.detail.RequestHeader","viewId":"application-planningboard-display-component---pB_RequestHeader","properties":{"text":"Ok"},"searchOpenDialogs":true,"interaction":{"idSuffix":"BDI-content"}},"wdio_ui5_key":"etmportal.ui.planningboard.view.detail.RequestHeadersap.m.Button{\"text\":\"Ok\"}"}]}
RESULT: {"script":"<script> [1562 bytes]","args":[{"selector":{"controlType":"sap.m.Button","viewName":"etm.portal.ui.planningboard.view.detail.RequestHeader","viewId":"application-planningboard-display-component---pB_RequestHeader","properties":{"text":"Ok"},"searchOpenDialogs":true,"interaction":{"idSuffix":"BDI-content"}},"wdio_ui5_key":"etmportal.ui.planningboard.view.detail.RequestHeadersap.m.Button{\"text\":\"Ok\"}"}]}
RESULT: undefined
COMMAND: POST /session/de809374161c7b69160a618664f1a5fa/element - {"using":"xpath","value":"//*[@id=\"__button192\"]"}
RESULT: {"using":"xpath","value":"//*[@id=\"__button192\"]"}
COMMAND: POST /session/de809374161c7b69160a618664f1a5fa/element/f.BF26AF8B2ED0E270307A0F05FC587F4F.d.4BEF57EB308949C4DD7F52B94F1A8985.e.10051/click - {}
RESULT: {}
COMMAND: GET /session/de809374161c7b69160a618664f1a5fa/screenshot - {}
RESULT: {}
COMMAND: POST /session/de809374161c7b69160a618664f1a5fa/element - {"using":"xpath","value":"//span[contains(@title ,\"WebdriverYarduxu1d\")]"}
RESULT: {"using":"xpath","value":"//span[contains(@title ,\"WebdriverYarduxu1d\")]"}
COMMAND: POST /session/de809374161c7b69160a618664f1a5fa/actions - {"actions":[{"id":"action75","type":"pointer","parameters":{"pointerType":"mouse"},"actions":[{"type":"pointerMove","button":0,"width":0,"height":0,"pressure":0,"tangentialPressure":0,"tiltX":0,"tiltY":0,"twist":0,"altitudeAngle":0,"_":"5 more keys: [\"azimuthAngle\",\"x\",\"y\",\"duration\",\"origin\"]"},{"type":"pointerDown","button":2,"width":0,"height":0,"pressure":0,"tangentialPressure":0,"tiltX":0,"tiltY":0,"twist":0,"altitudeAngle":0,"_":"1 more keys: [\"azimuthAngle\"]"},{"type":"pointerUp","button":2}]}]}
RESULT: {"actions":[{"id":"action75","type":"pointer","parameters":{"pointerType":"mouse"},"actions":[{"type":"pointerMove","button":0,"width":0,"height":0,"pressure":0,"tangentialPressure":0,"tiltX":0,"tiltY":0,"twist":0,"altitudeAngle":0,"_":"5 more keys: [\"azimuthAngle\",\"x\",\"y\",\"duration\",\"origin\"]"},{"type":"pointerDown","button":2,"width":0,"height":0,"pressure":0,"tangentialPressure":0,"tiltX":0,"tiltY":0,"twist":0,"altitudeAngle":0,"_":"1 more keys: [\"azimuthAngle\"]"},{"type":"pointerUp","button":2}]}]}
COMMAND: DELETE /session/de809374161c7b69160a618664f1a5fa/actions - {}
COMMAND: GET /session/de809374161c7b69160a618664f1a5fa/screenshot - {}
RESULT: {}
COMMAND: GET /session/de809374161c7b69160a618664f1a5fa/screenshot - {}
RESULT: {}
RESULT: {}
COMMAND: POST /session/de809374161c7b69160a618664f1a5fa/actions - {"actions":[{"id":"action76","type":"key","parameters":{},"actions":[{"type":"keyDown","value":""},{"type":"pause","duration":10},{"type":"keyUp","value":""}]}]}
RESULT: {"actions":[{"id":"action76","type":"key","parameters":{},"actions":[{"type":"keyDown","value":""},{"type":"pause","duration":10},{"type":"keyUp","value":""}]}]}
COMMAND: GET /session/de809374161c7b69160a618664f1a5fa/screenshot - {}
RESULT: {}
COMMAND: POST /session/de809374161c7b69160a618664f1a5fa/actions - {"actions":[{"id":"action77","type":"key","parameters":{},"actions":[{"type":"keyDown","value":""},{"type":"pause","duration":10},{"type":"keyUp","value":""}]}]}
RESULT: {"actions":[{"id":"action77","type":"key","parameters":{},"actions":[{"type":"keyDown","value":""},{"type":"pause","duration":10},{"type":"keyUp","value":""}]}]}
COMMAND: GET /session/de809374161c7b69160a618664f1a5fa/screenshot - {}
RESULT: {}
RESULT: undefined
COMMAND: POST /session/de809374161c7b69160a618664f1a5fa/execute/async - {"script":"<script> [776 bytes]","args":[{"enterText":"WdIORes2b62qpf","selector":{"id":"application-planningboard-display-component---pB_RequestHeader--RUreservationComment","searchOpenDialogs":true,"interaction":{"idSuffix":"inner"}},"clearTextFirst":true,"interactionType":"ENTER_TEXT"}]}
RESULT: {"script":"<script> [776 bytes]","args":[{"enterText":"WdIORes2b62qpf","selector":{"id":"application-planningboard-display-component---pB_RequestHeader--RUreservationComment","searchOpenDialogs":true,"interaction":{"idSuffix":"inner"}},"clearTextFirst":true,"interactionType":"ENTER_TEXT"}]}
RESULT: undefined
COMMAND: POST /session/de809374161c7b69160a618664f1a5fa/element - {"using":"xpath","value":"//*[@id=\"__button192\"]"}
RESULT: {"using":"xpath","value":"//*[@id=\"__button192\"]"}
COMMAND: POST /session/de809374161c7b69160a618664f1a5fa/element/f.BF26AF8B2ED0E270307A0F05FC587F4F.d.4BEF57EB308949C4DD7F52B94F1A8985.e.10128/click - {}
RESULT: {}
COMMAND: GET /session/de809374161c7b69160a618664f1a5fa/screenshot - {}
RESULT: {}
COMMAND: POST /session/de809374161c7b69160a618664f1a5fa/execute/async - {"script":"<script> [1562 bytes]","args":[{"selector":{"controlType":"sap.m.Button","viewName":"etm.portal.ui.planningboard.view.detail.RequestHeader","viewId":"application-planningboard-display-component---pB_RequestHeader","i18NText":{"propertyName":"text","key":"close"},"ancestor":{"id":"application-planningboard-display-component---pB_RequestHeader--requestItemDetails"},"interaction":{"idSuffix":"BDI-content"}},"wdio_ui5_key":"etmportal.ui.planningboard.view.detail.RequestHeadersap.m.Button{\"propertyName\":\"text\",\"key\":\"close\"}{\"id\":\"application-planningboard-display-component---pB_RequestHeader--requestItemDetails\"}"}]}
RESULT: {"script":"<script> [1562 bytes]","args":[{"selector":{"controlType":"sap.m.Button","viewName":"etm.portal.ui.planningboard.view.detail.RequestHeader","viewId":"application-planningboard-display-component---pB_RequestHeader","i18NText":{"propertyName":"text","key":"close"},"ancestor":{"id":"application-planningboard-display-component---pB_RequestHeader--requestItemDetails"},"interaction":{"idSuffix":"BDI-content"}},"wdio_ui5_key":"etmportal.ui.planningboard.view.detail.RequestHeadersap.m.Button{\"propertyName\":\"text\",\"key\":\"close\"}{\"id\":\"application-planningboard-display-component---pB_RequestHeader--requestItemDetails\"}"}]}
RESULT: undefined
COMMAND: POST /session/de809374161c7b69160a618664f1a5fa/element - {"using":"xpath","value":"//*[@id=\"__button68\"]"}
RESULT: {"using":"xpath","value":"//*[@id=\"__button68\"]"}
COMMAND: POST /session/de809374161c7b69160a618664f1a5fa/element/f.BF26AF8B2ED0E270307A0F05FC587F4F.d.4BEF57EB308949C4DD7F52B94F1A8985.e.9917/click - {}
RESULT: {}
COMMAND: GET /session/de809374161c7b69160a618664f1a5fa/screenshot - {}
RESULT: {}
COMMAND: POST /session/de809374161c7b69160a618664f1a5fa/execute/async - {"script":"<script> [1562 bytes]","args":[{"selector":{"id":"application-planningboard-display-component---pB_Master--selectView","interaction":{"idSuffix":"arrow"}},"wdio_ui5_key":"applicationplanningboard-display-component---pB_Master--selectView"}]}
RESULT: {"script":"<script> [1562 bytes]","args":[{"selector":{"id":"application-planningboard-display-component---pB_Master--selectView","interaction":{"idSuffix":"arrow"}},"wdio_ui5_key":"applicationplanningboard-display-component---pB_Master--selectView"}]}
RESULT: undefined
COMMAND: POST /session/de809374161c7b69160a618664f1a5fa/element - {"using":"xpath","value":"//*[@id=\"application-planningboard-display-component---pB_Master--selectView\"]"}
RESULT: {"using":"xpath","value":"//*[@id=\"application-planningboard-display-component---pB_Master--selectView\"]"}
COMMAND: POST /session/de809374161c7b69160a618664f1a5fa/element/f.BF26AF8B2ED0E270307A0F05FC587F4F.d.4BEF57EB308949C4DD7F52B94F1A8985.e.10332/click - {}
RESULT: {}
COMMAND: GET /session/de809374161c7b69160a618664f1a5fa/screenshot - {}
RESULT: {}
COMMAND: POST /session/de809374161c7b69160a618664f1a5fa/execute/async - {"script":"<script> [1562 bytes]","args":[{"selector":{"controlType":"sap.ui.core.Item","viewName":"etm.portal.ui.planningboard.view.Master","viewId":"application-planningboard-display-component---pB_Master","i18NText":{"propertyName":"text","key":"manageReservations"},"searchOpenDialogs":true},"wdio_ui5_key":"etmportal.ui.planningboard.view.Mastersap.ui.core.Item{\"propertyName\":\"text\",\"key\":\"manageReservations\"}"}]}
RESULT: {"script":"<script> [1562 bytes]","args":[{"selector":{"controlType":"sap.ui.core.Item","viewName":"etm.portal.ui.planningboard.view.Master","viewId":"application-planningboard-display-component---pB_Master","i18NText":{"propertyName":"text","key":"manageReservations"},"searchOpenDialogs":true},"wdio_ui5_key":"etmportal.ui.planningboard.view.Mastersap.ui.core.Item{\"propertyName\":\"text\",\"key\":\"manageReservations\"}"}]}
RESULT: undefined
COMMAND: POST /session/de809374161c7b69160a618664f1a5fa/element - {"using":"xpath","value":"//*[@id=\"__item601\"]"}
RESULT: {"using":"xpath","value":"//*[@id=\"__item601\"]"}
COMMAND: POST /session/de809374161c7b69160a618664f1a5fa/element/f.BF26AF8B2ED0E270307A0F05FC587F4F.d.4BEF57EB308949C4DD7F52B94F1A8985.e.10333/click - {}
RESULT: {}
COMMAND: GET /session/de809374161c7b69160a618664f1a5fa/screenshot - {}
RESULT: {}
COMMAND: POST /session/de809374161c7b69160a618664f1a5fa/element - {"using":"xpath","value":"//span[contains(@id ,\"clone\")][contains(text(), \"WdIORes1ftejf\")]"}
RESULT: {"using":"xpath","value":"//span[contains(@id ,\"clone\")][contains(text(), \"WdIORes1ftejf\")]"}
COMMAND: GET /session/de809374161c7b69160a618664f1a5fa/element/f.BF26AF8B2ED0E270307A0F05FC587F4F.d.4BEF57EB308949C4DD7F52B94F1A8985.e.10349/text - {}
RESULT: {}
COMMAND: POST /session/de809374161c7b69160a618664f1a5fa/element - {"using":"xpath","value":"//span[contains(@id ,\"clone\")][contains(text(), \"WdIORes2b62qpf\")]"}
RESULT: {"using":"xpath","value":"//span[contains(@id ,\"clone\")][contains(text(), \"WdIORes2b62qpf\")]"}
COMMAND: POST /session/de809374161c7b69160a618664f1a5fa/element/f.BF26AF8B2ED0E270307A0F05FC587F4F.d.4BEF57EB308949C4DD7F52B94F1A8985.e.10350/click - {}
RESULT: {}
COMMAND: GET /session/de809374161c7b69160a618664f1a5fa/screenshot - {}
RESULT: {}
COMMAND: POST /session/de809374161c7b69160a618664f1a5fa/actions - {"actions":[{"id":"action78","type":"key","parameters":{},"actions":[{"type":"keyDown","value":""},{"type":"pause","duration":10},{"type":"keyUp","value":""}]}]}
RESULT: {"actions":[{"id":"action78","type":"key","parameters":{},"actions":[{"type":"keyDown","value":""},{"type":"pause","duration":10},{"type":"keyUp","value":""}]}]}
COMMAND: GET /session/de809374161c7b69160a618664f1a5fa/screenshot - {}
RESULT: {}
COMMAND: POST /session/de809374161c7b69160a618664f1a5fa/execute/async - {"script":"<script> [1562 bytes]","args":[{"selector":{"controlType":"sap.m.Button","viewName":"etm.portal.ui.planningboard.view.detail.Planning","viewId":"application-planningboard-display-component---pB_Planning","i18NText":{"propertyName":"text","key":"unplan"},"interaction":{"idSuffix":"BDI-content"}},"wdio_ui5_key":"etmportal.ui.planningboard.view.detail.Planningsap.m.Button{\"propertyName\":\"text\",\"key\":\"unplan\"}"}]}
RESULT: {"script":"<script> [1562 bytes]","args":[{"selector":{"controlType":"sap.m.Button","viewName":"etm.portal.ui.planningboard.view.detail.Planning","viewId":"application-planningboard-display-component---pB_Planning","i18NText":{"propertyName":"text","key":"unplan"},"interaction":{"idSuffix":"BDI-content"}},"wdio_ui5_key":"etmportal.ui.planningboard.view.detail.Planningsap.m.Button{\"propertyName\":\"text\",\"key\":\"unplan\"}"}]}
RESULT: undefined
COMMAND: POST /session/de809374161c7b69160a618664f1a5fa/element - {"using":"xpath","value":"//*[@id=\"__button258\"]"}
RESULT: {"using":"xpath","value":"//*[@id=\"__button258\"]"}
COMMAND: POST /session/de809374161c7b69160a618664f1a5fa/element/f.BF26AF8B2ED0E270307A0F05FC587F4F.d.4BEF57EB308949C4DD7F52B94F1A8985.e.10413/click - {}
RESULT: {}
COMMAND: GET /session/de809374161c7b69160a618664f1a5fa/screenshot - {}
RESULT: {}
COMMAND: POST /session/de809374161c7b69160a618664f1a5fa/element - {"using":"xpath","value":"//span[contains(@id ,\"clone\")][contains(text(), \"WdIORes2b62qpf\")]"}
RESULT: {"using":"xpath","value":"//span[contains(@id ,\"clone\")][contains(text(), \"WdIORes2b62qpf\")]"}
COMMAND: POST /session/de809374161c7b69160a618664f1a5fa/element - {"using":"xpath","value":"//span[contains(@id ,\"clone\")][contains(text(), \"WdIORes2b62qpf\")]"}
RESULT: {"using":"xpath","value":"//span[contains(@id ,\"clone\")][contains(text(), \"WdIORes2b62qpf\")]"}
COMMAND: POST /session/de809374161c7b69160a618664f1a5fa/element - {"using":"xpath","value":"//span[contains(@id ,\"clone\")][contains(text(), \"WdIORes1ftejf\")]"}
RESULT: {"using":"xpath","value":"//span[contains(@id ,\"clone\")][contains(text(), \"WdIORes1ftejf\")]"}
COMMAND: POST /session/de809374161c7b69160a618664f1a5fa/element/f.BF26AF8B2ED0E270307A0F05FC587F4F.d.4BEF57EB308949C4DD7F52B94F1A8985.e.10477/click - {}
RESULT: {}
COMMAND: GET /session/de809374161c7b69160a618664f1a5fa/screenshot - {}
RESULT: {}
COMMAND: POST /session/de809374161c7b69160a618664f1a5fa/actions - {"actions":[{"id":"action79","type":"key","parameters":{},"actions":[{"type":"keyDown","value":""},{"type":"pause","duration":10},{"type":"keyUp","value":""}]}]}
RESULT: {"actions":[{"id":"action79","type":"key","parameters":{},"actions":[{"type":"keyDown","value":""},{"type":"pause","duration":10},{"type":"keyUp","value":""}]}]}
COMMAND: GET /session/de809374161c7b69160a618664f1a5fa/screenshot - {}
RESULT: {}
]]></system-out>
    </testcase>
  </testsuite>
  <testsuite timestamp="2025-05-29T16:15:59" time="32.686" tests="1" failures="0" errors="0" skipped="0">
    <properties>
      <property name="specId" value="0"/>
      <property name="suiteName" value="Reserve/Unreserve request item via reserve option US139161"/>
      <property name="capabilities" value="chrome.136_0_7103_93.windows"/>
      <property name="file" value="file:///D:/a/1/s/test/specs/R2C/manage-reservations-view-planning-board.spec.js"/>
    </properties>
    <testcase classname="chrome.136_0_7103_93.windows.Reserve/Unreserve_request_item_via_reserve_option_US139161" name="Should open a reservation to verify and edit the details" time="32.684">
      <system-out><![CDATA[
COMMAND: POST /session/de809374161c7b69160a618664f1a5fa/element - {"using":"xpath","value":"//button[contains(@data-kt, \"editButton\")]"}
RESULT: {"using":"xpath","value":"//button[contains(@data-kt, \"editButton\")]"}
COMMAND: POST /session/de809374161c7b69160a618664f1a5fa/execute/sync - {"script":"<script> [8489 bytes]","args":[{"element-6066-11e4-a52e-4f735466cecf":"f.BF26AF8B2ED0E270307A0F05FC587F4F.d.4BEF57EB308949C4DD7F52B94F1A8985.e.10530","ELEMENT":"f.BF26AF8B2ED0E270307A0F05FC587F4F.d.4BEF57EB308949C4DD7F52B94F1A8985.e.10530"}]}
RESULT: {"script":"<script> [8489 bytes]","args":[{"element-6066-11e4-a52e-4f735466cecf":"f.BF26AF8B2ED0E270307A0F05FC587F4F.d.4BEF57EB308949C4DD7F52B94F1A8985.e.10530","ELEMENT":"f.BF26AF8B2ED0E270307A0F05FC587F4F.d.4BEF57EB308949C4DD7F52B94F1A8985.e.10530"}]}
COMMAND: POST /session/de809374161c7b69160a618664f1a5fa/element - {"using":"xpath","value":"//button[contains(@data-kt, \"unplanButton\")]"}
COMMAND: GET /session/de809374161c7b69160a618664f1a5fa/screenshot - {}
RESULT: {"using":"xpath","value":"//button[contains(@data-kt, \"unplanButton\")]"}
COMMAND: POST /session/de809374161c7b69160a618664f1a5fa/execute/sync - {"script":"<script> [8489 bytes]","args":[{"element-6066-11e4-a52e-4f735466cecf":"f.BF26AF8B2ED0E270307A0F05FC587F4F.d.4BEF57EB308949C4DD7F52B94F1A8985.e.10531","ELEMENT":"f.BF26AF8B2ED0E270307A0F05FC587F4F.d.4BEF57EB308949C4DD7F52B94F1A8985.e.10531"}]}
RESULT: {}
RESULT: {"script":"<script> [8489 bytes]","args":[{"element-6066-11e4-a52e-4f735466cecf":"f.BF26AF8B2ED0E270307A0F05FC587F4F.d.4BEF57EB308949C4DD7F52B94F1A8985.e.10531","ELEMENT":"f.BF26AF8B2ED0E270307A0F05FC587F4F.d.4BEF57EB308949C4DD7F52B94F1A8985.e.10531"}]}
COMMAND: POST /session/de809374161c7b69160a618664f1a5fa/element - {"using":"xpath","value":"//button[contains(@data-kt, \"editButton\")]"}
COMMAND: GET /session/de809374161c7b69160a618664f1a5fa/screenshot - {}
RESULT: {"using":"xpath","value":"//button[contains(@data-kt, \"editButton\")]"}
COMMAND: POST /session/de809374161c7b69160a618664f1a5fa/element/f.BF26AF8B2ED0E270307A0F05FC587F4F.d.4BEF57EB308949C4DD7F52B94F1A8985.e.10530/click - {}
RESULT: {}
RESULT: {}
COMMAND: POST /session/de809374161c7b69160a618664f1a5fa/element - {"using":"xpath","value":"(//input[contains(@id ,\"picker\")][contains(@aria-roledescription ,\"Date Input\")])[4]"}
COMMAND: GET /session/de809374161c7b69160a618664f1a5fa/screenshot - {}
RESULT: {"using":"xpath","value":"(//input[contains(@id ,\"picker\")][contains(@aria-roledescription ,\"Date Input\")])[4]"}
COMMAND: POST /session/de809374161c7b69160a618664f1a5fa/element/f.BF26AF8B2ED0E270307A0F05FC587F4F.d.4BEF57EB308949C4DD7F52B94F1A8985.e.10499/clear - {}
RESULT: {}
RESULT: {}
COMMAND: POST /session/de809374161c7b69160a618664f1a5fa/element/f.BF26AF8B2ED0E270307A0F05FC587F4F.d.4BEF57EB308949C4DD7F52B94F1A8985.e.10499/value - {"text":"5/31/25"}
COMMAND: GET /session/de809374161c7b69160a618664f1a5fa/screenshot - {}
RESULT: {"text":"5/31/25"}
COMMAND: GET /session/de809374161c7b69160a618664f1a5fa/screenshot - {}
RESULT: {}
RESULT: {}
COMMAND: POST /session/de809374161c7b69160a618664f1a5fa/element - {"using":"xpath","value":"//bdi[contains(text(), \"Save\")]"}
RESULT: {"using":"xpath","value":"//bdi[contains(text(), \"Save\")]"}
COMMAND: POST /session/de809374161c7b69160a618664f1a5fa/element/f.BF26AF8B2ED0E270307A0F05FC587F4F.d.4BEF57EB308949C4DD7F52B94F1A8985.e.10554/click - {}
RESULT: {}
COMMAND: GET /session/de809374161c7b69160a618664f1a5fa/screenshot - {}
RESULT: {}
COMMAND: POST /session/de809374161c7b69160a618664f1a5fa/element - {"using":"xpath","value":"(//input[contains(@id ,\"picker\")][contains(@aria-roledescription ,\"Date Input\")])[4]"}
RESULT: {"using":"xpath","value":"(//input[contains(@id ,\"picker\")][contains(@aria-roledescription ,\"Date Input\")])[4]"}
COMMAND: GET /session/de809374161c7b69160a618664f1a5fa/element/f.BF26AF8B2ED0E270307A0F05FC587F4F.d.4BEF57EB308949C4DD7F52B94F1A8985.e.10499/property/value - {}
RESULT: {}
COMMAND: GET /session/de809374161c7b69160a618664f1a5fa/screenshot - {}
RESULT: {}
COMMAND: POST /session/de809374161c7b69160a618664f1a5fa/element - {"using":"xpath","value":"//bdi[contains(text(), \"Unplan\")]"}
RESULT: {"using":"xpath","value":"//bdi[contains(text(), \"Unplan\")]"}
COMMAND: POST /session/de809374161c7b69160a618664f1a5fa/element/f.BF26AF8B2ED0E270307A0F05FC587F4F.d.4BEF57EB308949C4DD7F52B94F1A8985.e.10566/click - {}
RESULT: {}
COMMAND: GET /session/de809374161c7b69160a618664f1a5fa/screenshot - {}
RESULT: {}
COMMAND: POST /session/de809374161c7b69160a618664f1a5fa/element - {"using":"css selector","value":"#shell-header-logo"}
RESULT: {"using":"css selector","value":"#shell-header-logo"}
COMMAND: POST /session/de809374161c7b69160a618664f1a5fa/element/f.BF26AF8B2ED0E270307A0F05FC587F4F.d.4BEF57EB308949C4DD7F52B94F1A8985.e.9145/click - {}
RESULT: {}
COMMAND: GET /session/de809374161c7b69160a618664f1a5fa/screenshot - {}
RESULT: {}
]]></system-out>
    </testcase>
  </testsuite>
  <testsuite timestamp="2025-05-29T16:16:32" time="489.914" tests="4" failures="0" errors="0" skipped="0">
    <properties>
      <property name="specId" value="0"/>
      <property name="suiteName" value="Process request items into an existing quotation US120163"/>
      <property name="capabilities" value="chrome.136_0_7103_93.windows"/>
      <property name="file" value="file:///D:/a/1/s/test/specs/R2C/process-request-items-into-existing-quotation.spec.js"/>
    </properties>
    <testcase classname="chrome.136_0_7103_93.windows.Process_request_items_into_an_existing_quotation_US120163" name="Should create a new quotation" time="99.731">
      <system-out><![CDATA[
COMMAND: POST /session/de809374161c7b69160a618664f1a5fa/execute/async - {"script":"<script> [1562 bytes]","args":[{"selector":{"controlType":"sap.m.GenericTile","properties":{"header":"Manage Quotations"}},"wdio_ui5_key":"sapm.GenericTile{\"header\":\"Manage Quotations\"}"}]}
RESULT: {"script":"<script> [1562 bytes]","args":[{"selector":{"controlType":"sap.m.GenericTile","properties":{"header":"Manage Quotations"}},"wdio_ui5_key":"sapm.GenericTile{\"header\":\"Manage Quotations\"}"}]}
RESULT: undefined
COMMAND: POST /session/de809374161c7b69160a618664f1a5fa/element - {"using":"xpath","value":"//*[@id=\"__tile131\"]"}
RESULT: {"using":"xpath","value":"//*[@id=\"__tile131\"]"}
COMMAND: POST /session/de809374161c7b69160a618664f1a5fa/element/f.BF26AF8B2ED0E270307A0F05FC587F4F.d.4BEF57EB308949C4DD7F52B94F1A8985.e.10619/click - {}
RESULT: {}
COMMAND: GET /session/de809374161c7b69160a618664f1a5fa/screenshot - {}
RESULT: {}
COMMAND: POST /session/de809374161c7b69160a618664f1a5fa/elements - {"using":"xpath","value":"//span[text()='Error']"}
RESULT: {"using":"xpath","value":"//span[text()='Error']"}
COMMAND: POST /session/de809374161c7b69160a618664f1a5fa/element - {"using":"xpath","value":"//button[contains(@title ,\"Add New Contract\")]"}
RESULT: {"using":"xpath","value":"//button[contains(@title ,\"Add New Contract\")]"}
COMMAND: POST /session/de809374161c7b69160a618664f1a5fa/element/f.BF26AF8B2ED0E270307A0F05FC587F4F.d.4BEF57EB308949C4DD7F52B94F1A8985.e.10659/click - {}
RESULT: {}
COMMAND: GET /session/de809374161c7b69160a618664f1a5fa/screenshot - {}
RESULT: {}
COMMAND: POST /session/de809374161c7b69160a618664f1a5fa/element - {"using":"xpath","value":"//input[contains(@id ,\"application-managequotations-display-component---AddNewContract--projectDescription-inner\")]"}
RESULT: {"using":"xpath","value":"//input[contains(@id ,\"application-managequotations-display-component---AddNewContract--projectDescription-inner\")]"}
COMMAND: POST /session/de809374161c7b69160a618664f1a5fa/element/f.BF26AF8B2ED0E270307A0F05FC587F4F.d.4BEF57EB308949C4DD7F52B94F1A8985.e.10914/value - {"text":"WdIOQuotationspxgci"}
RESULT: {"text":"WdIOQuotationspxgci"}
COMMAND: GET /session/de809374161c7b69160a618664f1a5fa/screenshot - {}
RESULT: {}
COMMAND: POST /session/de809374161c7b69160a618664f1a5fa/element - {"using":"xpath","value":"//input[contains(@id ,\"application-managequotations-display-component---AddNewContract--yardId-inner\")]"}
RESULT: {"using":"xpath","value":"//input[contains(@id ,\"application-managequotations-display-component---AddNewContract--yardId-inner\")]"}
COMMAND: POST /session/de809374161c7b69160a618664f1a5fa/element/f.BF26AF8B2ED0E270307A0F05FC587F4F.d.4BEF57EB308949C4DD7F52B94F1A8985.e.10917/value - {"text":"WebdriverYarduxu1d"}
RESULT: {"text":"WebdriverYarduxu1d"}
COMMAND: GET /session/de809374161c7b69160a618664f1a5fa/screenshot - {}
RESULT: {}
COMMAND: POST /session/de809374161c7b69160a618664f1a5fa/actions - {"actions":[{"id":"action80","type":"key","parameters":{},"actions":[{"type":"keyDown","value":""},{"type":"pause","duration":10},{"type":"keyUp","value":""}]}]}
RESULT: {"actions":[{"id":"action80","type":"key","parameters":{},"actions":[{"type":"keyDown","value":""},{"type":"pause","duration":10},{"type":"keyUp","value":""}]}]}
COMMAND: GET /session/de809374161c7b69160a618664f1a5fa/screenshot - {}
RESULT: {}
COMMAND: POST /session/de809374161c7b69160a618664f1a5fa/element - {"using":"xpath","value":"//input[contains(@id ,\"application-managequotations-display-component---AddNewContract--customerSelect-inner\")]"}
RESULT: {"using":"xpath","value":"//input[contains(@id ,\"application-managequotations-display-component---AddNewContract--customerSelect-inner\")]"}
COMMAND: POST /session/de809374161c7b69160a618664f1a5fa/element/f.BF26AF8B2ED0E270307A0F05FC587F4F.d.4BEF57EB308949C4DD7F52B94F1A8985.e.10915/value - {"text":"WebdriverPartnermab88"}
RESULT: {"text":"WebdriverPartnermab88"}
COMMAND: GET /session/de809374161c7b69160a618664f1a5fa/screenshot - {}
RESULT: {}
COMMAND: POST /session/de809374161c7b69160a618664f1a5fa/actions - {"actions":[{"id":"action81","type":"key","parameters":{},"actions":[{"type":"keyDown","value":""},{"type":"pause","duration":10},{"type":"keyUp","value":""}]}]}
RESULT: {"actions":[{"id":"action81","type":"key","parameters":{},"actions":[{"type":"keyDown","value":""},{"type":"pause","duration":10},{"type":"keyUp","value":""}]}]}
COMMAND: GET /session/de809374161c7b69160a618664f1a5fa/screenshot - {}
RESULT: {}
COMMAND: POST /session/de809374161c7b69160a618664f1a5fa/element - {"using":"xpath","value":"//input[contains(@id ,\"application-managequotations-display-component---AddNewContract--site-inner\")]"}
RESULT: {"using":"xpath","value":"//input[contains(@id ,\"application-managequotations-display-component---AddNewContract--site-inner\")]"}
COMMAND: POST /session/de809374161c7b69160a618664f1a5fa/element/f.BF26AF8B2ED0E270307A0F05FC587F4F.d.4BEF57EB308949C4DD7F52B94F1A8985.e.10916/value - {"text":"WebdriverSitee9o56"}
RESULT: {"text":"WebdriverSitee9o56"}
COMMAND: GET /session/de809374161c7b69160a618664f1a5fa/screenshot - {}
RESULT: {}
COMMAND: POST /session/de809374161c7b69160a618664f1a5fa/actions - {"actions":[{"id":"action82","type":"key","parameters":{},"actions":[{"type":"keyDown","value":""},{"type":"pause","duration":10},{"type":"keyUp","value":""}]}]}
RESULT: {"actions":[{"id":"action82","type":"key","parameters":{},"actions":[{"type":"keyDown","value":""},{"type":"pause","duration":10},{"type":"keyUp","value":""}]}]}
COMMAND: GET /session/de809374161c7b69160a618664f1a5fa/screenshot - {}
RESULT: {}
COMMAND: POST /session/de809374161c7b69160a618664f1a5fa/element - {"using":"xpath","value":"//bdi[contains(text(), \"Save\")]"}
RESULT: {"using":"xpath","value":"//bdi[contains(text(), \"Save\")]"}
COMMAND: POST /session/de809374161c7b69160a618664f1a5fa/element/f.BF26AF8B2ED0E270307A0F05FC587F4F.d.4BEF57EB308949C4DD7F52B94F1A8985.e.11002/click - {}
RESULT: {}
COMMAND: GET /session/de809374161c7b69160a618664f1a5fa/screenshot - {}
RESULT: {}
COMMAND: POST /session/de809374161c7b69160a618664f1a5fa/element - {"using":"css selector","value":"#shell-header-logo"}
RESULT: {"using":"css selector","value":"#shell-header-logo"}
COMMAND: POST /session/de809374161c7b69160a618664f1a5fa/element/f.BF26AF8B2ED0E270307A0F05FC587F4F.d.4BEF57EB308949C4DD7F52B94F1A8985.e.10621/click - {}
RESULT: {}
COMMAND: GET /session/de809374161c7b69160a618664f1a5fa/screenshot - {}
RESULT: {}
COMMAND: POST /session/de809374161c7b69160a618664f1a5fa/refresh - {}
RESULT: {}
COMMAND: GET /session/de809374161c7b69160a618664f1a5fa/screenshot - {}
RESULT: {}
COMMAND: POST /session/de809374161c7b69160a618664f1a5fa/execute/async - {"script":"<script> [189 bytes]","args":[]}
RESULT: {"script":"<script> [189 bytes]","args":[]}
COMMAND: POST /session/de809374161c7b69160a618664f1a5fa/execute/async - {"script":"<script> [123 bytes]","args":[]}
RESULT: {"script":"<script> [123 bytes]","args":[]}
COMMAND: POST /session/de809374161c7b69160a618664f1a5fa/timeouts - {"script":"<number>"}
RESULT: {"script":"<number>"}
COMMAND: GET /session/de809374161c7b69160a618664f1a5fa/timeouts - {}
RESULT: {}
RESULT: undefined
COMMAND: POST /session/de809374161c7b69160a618664f1a5fa/execute/async - {"script":"<script> [2676 bytes]","args":[]}
RESULT: {"script":"<script> [2676 bytes]","args":[]}
COMMAND: POST /session/de809374161c7b69160a618664f1a5fa/execute/async - {"script":"<script> [2342 bytes]","args":[{"protocol":"http","hostname":"0.0.0.0","path":"/","capabilities":{"browserName":"chrome","goog:chromeOptions":{"binary":"C:\\Program Files\\Google\\Chrome\\Application\\chrome.exe","args":["--start-maximized"]}},"logLevel":"warn","connectionRetryTimeout":120000,"connectionRetryCount":3,"logLevels":{},"enableDirectConnect":true,"strictSSL":true,"_":"65 more keys: [\"cacheDir\",\"port\",\"requestedCapabilities\",\"automationProtocol\",\"baseUrl\",\"waitforInterval\",\"waitforTimeout\",\"onReload\",\"beforeCommand\",\"afterCommand\",\"rootDir\",\"specs\",\"suites\",\"exclude\",\"groupLogsByTestSpec\",\"excludeDriverLogs\",\"bail\",\"framework\",\"reporters\",\"services\",\"maxInstances\",\"maxInstancesPerCapability\",\"injectGlobals\",\"filesToWatch\",\"execArgv\",\"runnerEnv\",\"runner\",\"shard\",\"specFileRetries\",\"specFileRetriesDelay\",\"specFileRetriesDeferred\",\"reporterSyncInterval\",\"reporterSyncTimeout\",\"cucumberFeaturesWithLineNumbers\",\"autoCompileOpts\",\"mochaOpts\",\"jasmineOpts\",\"cucumberOpts\",\"onPrepare\",\"onWorkerStart\",\"onWorkerEnd\",\"before\",\"beforeSession\",\"beforeSuite\",\"beforeHook\",\"beforeTest\",\"afterTest\",\"afterHook\",\"afterSuite\",\"afterSession\",\"after\",\"onComplete\",\"beforeAssertion\",\"afterAssertion\",\"beforeFeature\",\"beforeScenario\",\"beforeStep\",\"afterStep\",\"afterScenario\",\"afterFeature\",\"_\",\"suite\",\"$0\",\"ignoredWorkerServices\",\"wdi5\"]"}]}
RESULT: {"script":"<script> [2342 bytes]","args":[{"protocol":"http","hostname":"0.0.0.0","path":"/","capabilities":{"browserName":"chrome","goog:chromeOptions":{"binary":"C:\\Program Files\\Google\\Chrome\\Application\\chrome.exe","args":["--start-maximized"]}},"logLevel":"warn","connectionRetryTimeout":120000,"connectionRetryCount":3,"logLevels":{},"enableDirectConnect":true,"strictSSL":true,"_":"65 more keys: [\"cacheDir\",\"port\",\"requestedCapabilities\",\"automationProtocol\",\"baseUrl\",\"waitforInterval\",\"waitforTimeout\",\"onReload\",\"beforeCommand\",\"afterCommand\",\"rootDir\",\"specs\",\"suites\",\"exclude\",\"groupLogsByTestSpec\",\"excludeDriverLogs\",\"bail\",\"framework\",\"reporters\",\"services\",\"maxInstances\",\"maxInstancesPerCapability\",\"injectGlobals\",\"filesToWatch\",\"execArgv\",\"runnerEnv\",\"runner\",\"shard\",\"specFileRetries\",\"specFileRetriesDelay\",\"specFileRetriesDeferred\",\"reporterSyncInterval\",\"reporterSyncTimeout\",\"cucumberFeaturesWithLineNumbers\",\"autoCompileOpts\",\"mochaOpts\",\"jasmineOpts\",\"cucumberOpts\",\"onPrepare\",\"onWorkerStart\",\"onWorkerEnd\",\"before\",\"beforeSession\",\"beforeSuite\",\"beforeHook\",\"beforeTest\",\"afterTest\",\"afterHook\",\"afterSuite\",\"afterSession\",\"after\",\"onComplete\",\"beforeAssertion\",\"afterAssertion\",\"beforeFeature\",\"beforeScenario\",\"beforeStep\",\"afterStep\",\"afterScenario\",\"afterFeature\",\"_\",\"suite\",\"$0\",\"ignoredWorkerServices\",\"wdi5\"]"}]}
COMMAND: POST /session/de809374161c7b69160a618664f1a5fa/execute/async - {"script":"<script> [21126 bytes]","args":[35000]}
RESULT: {"script":"<script> [21126 bytes]","args":[35000]}
]]></system-out>
    </testcase>
    <testcase classname="chrome.136_0_7103_93.windows.Process_request_items_into_an_existing_quotation_US120163" name="Should create a new request with catalog items and plan it" time="264.087">
      <system-out><![CDATA[
COMMAND: POST /session/de809374161c7b69160a618664f1a5fa/execute/async - {"script":"<script> [1562 bytes]","args":[{"selector":{"controlType":"sap.m.GenericTile","properties":{"header":"Manage Requests"}},"wdio_ui5_key":"sapm.GenericTile{\"header\":\"Manage Requests\"}"}]}
RESULT: {"script":"<script> [1562 bytes]","args":[{"selector":{"controlType":"sap.m.GenericTile","properties":{"header":"Manage Requests"}},"wdio_ui5_key":"sapm.GenericTile{\"header\":\"Manage Requests\"}"}]}
RESULT: undefined
COMMAND: POST /session/de809374161c7b69160a618664f1a5fa/element - {"using":"xpath","value":"//*[@id=\"__tile47\"]"}
RESULT: {"using":"xpath","value":"//*[@id=\"__tile47\"]"}
COMMAND: POST /session/de809374161c7b69160a618664f1a5fa/element/f.BF26AF8B2ED0E270307A0F05FC587F4F.d.68F19C6F7C44F94F4CA6484A2291C193.e.11036/click - {}
RESULT: {}
COMMAND: GET /session/de809374161c7b69160a618664f1a5fa/screenshot - {}
RESULT: {}
COMMAND: POST /session/de809374161c7b69160a618664f1a5fa/elements - {"using":"xpath","value":"//span[text()='Error']"}
RESULT: {"using":"xpath","value":"//span[text()='Error']"}
COMMAND: POST /session/de809374161c7b69160a618664f1a5fa/element - {"using":"xpath","value":"(//span[contains(@class ,\"sapMObjStatusText\")])[1]"}
RESULT: {"using":"xpath","value":"(//span[contains(@class ,\"sapMObjStatusText\")])[1]"}
COMMAND: POST /session/de809374161c7b69160a618664f1a5fa/execute/sync - {"script":"<script> [8489 bytes]","args":[{"element-6066-11e4-a52e-4f735466cecf":"f.BF26AF8B2ED0E270307A0F05FC587F4F.d.68F19C6F7C44F94F4CA6484A2291C193.e.11134","ELEMENT":"f.BF26AF8B2ED0E270307A0F05FC587F4F.d.68F19C6F7C44F94F4CA6484A2291C193.e.11134"}]}
RESULT: {"script":"<script> [8489 bytes]","args":[{"element-6066-11e4-a52e-4f735466cecf":"f.BF26AF8B2ED0E270307A0F05FC587F4F.d.68F19C6F7C44F94F4CA6484A2291C193.e.11134","ELEMENT":"f.BF26AF8B2ED0E270307A0F05FC587F4F.d.68F19C6F7C44F94F4CA6484A2291C193.e.11134"}]}
COMMAND: POST /session/de809374161c7b69160a618664f1a5fa/element - {"using":"xpath","value":"//button[contains(@data-kt ,\"btnCreateNewOverflowToolbarButton\")]"}
COMMAND: GET /session/de809374161c7b69160a618664f1a5fa/screenshot - {}
RESULT: {"using":"xpath","value":"//button[contains(@data-kt ,\"btnCreateNewOverflowToolbarButton\")]"}
COMMAND: POST /session/de809374161c7b69160a618664f1a5fa/element/f.BF26AF8B2ED0E270307A0F05FC587F4F.d.68F19C6F7C44F94F4CA6484A2291C193.e.11092/click - {}
RESULT: {}
RESULT: {}
COMMAND: GET /session/de809374161c7b69160a618664f1a5fa/screenshot - {}
RESULT: {}
COMMAND: POST /session/de809374161c7b69160a618664f1a5fa/element - {"using":"xpath","value":"//input[contains(@id ,\"yardId-inner\")]"}
RESULT: {"using":"xpath","value":"//input[contains(@id ,\"yardId-inner\")]"}
COMMAND: POST /session/de809374161c7b69160a618664f1a5fa/execute/sync - {"script":"<script> [8489 bytes]","args":[{"element-6066-11e4-a52e-4f735466cecf":"f.BF26AF8B2ED0E270307A0F05FC587F4F.d.68F19C6F7C44F94F4CA6484A2291C193.e.11226","ELEMENT":"f.BF26AF8B2ED0E270307A0F05FC587F4F.d.68F19C6F7C44F94F4CA6484A2291C193.e.11226"}]}
RESULT: {"script":"<script> [8489 bytes]","args":[{"element-6066-11e4-a52e-4f735466cecf":"f.BF26AF8B2ED0E270307A0F05FC587F4F.d.68F19C6F7C44F94F4CA6484A2291C193.e.11226","ELEMENT":"f.BF26AF8B2ED0E270307A0F05FC587F4F.d.68F19C6F7C44F94F4CA6484A2291C193.e.11226"}]}
COMMAND: POST /session/de809374161c7b69160a618664f1a5fa/element - {"using":"xpath","value":"//input[contains(@id ,\"yardId-inner\")]"}
COMMAND: GET /session/de809374161c7b69160a618664f1a5fa/screenshot - {}
RESULT: {"using":"xpath","value":"//input[contains(@id ,\"yardId-inner\")]"}
COMMAND: GET /session/de809374161c7b69160a618664f1a5fa/element/f.BF26AF8B2ED0E270307A0F05FC587F4F.d.68F19C6F7C44F94F4CA6484A2291C193.e.11226/enabled - {}
RESULT: {}
RESULT: {}
COMMAND: POST /session/de809374161c7b69160a618664f1a5fa/element/f.BF26AF8B2ED0E270307A0F05FC587F4F.d.68F19C6F7C44F94F4CA6484A2291C193.e.11226/clear - {}
COMMAND: GET /session/de809374161c7b69160a618664f1a5fa/screenshot - {}
RESULT: {}
COMMAND: POST /session/de809374161c7b69160a618664f1a5fa/element/f.BF26AF8B2ED0E270307A0F05FC587F4F.d.68F19C6F7C44F94F4CA6484A2291C193.e.11226/value - {"text":"WebdriverYarduxu1d"}
COMMAND: GET /session/de809374161c7b69160a618664f1a5fa/screenshot - {}
RESULT: {}
RESULT: {"text":"WebdriverYarduxu1d"}
COMMAND: GET /session/de809374161c7b69160a618664f1a5fa/screenshot - {}
RESULT: {}
RESULT: {}
COMMAND: POST /session/de809374161c7b69160a618664f1a5fa/actions - {"actions":[{"id":"action83","type":"key","parameters":{},"actions":[{"type":"keyDown","value":""},{"type":"pause","duration":10},{"type":"keyUp","value":""}]}]}
RESULT: {"actions":[{"id":"action83","type":"key","parameters":{},"actions":[{"type":"keyDown","value":""},{"type":"pause","duration":10},{"type":"keyUp","value":""}]}]}
COMMAND: GET /session/de809374161c7b69160a618664f1a5fa/screenshot - {}
RESULT: {}
COMMAND: POST /session/de809374161c7b69160a618664f1a5fa/element - {"using":"xpath","value":"//input[contains(@id ,\"customerNumber-inner\")]"}
RESULT: {"using":"xpath","value":"//input[contains(@id ,\"customerNumber-inner\")]"}
COMMAND: POST /session/de809374161c7b69160a618664f1a5fa/element/f.BF26AF8B2ED0E270307A0F05FC587F4F.d.68F19C6F7C44F94F4CA6484A2291C193.e.11220/value - {"text":"WebdriverPartnermab88"}
RESULT: {"text":"WebdriverPartnermab88"}
COMMAND: GET /session/de809374161c7b69160a618664f1a5fa/screenshot - {}
RESULT: {}
COMMAND: POST /session/de809374161c7b69160a618664f1a5fa/actions - {"actions":[{"id":"action84","type":"key","parameters":{},"actions":[{"type":"keyDown","value":""},{"type":"pause","duration":10},{"type":"keyUp","value":""}]}]}
RESULT: {"actions":[{"id":"action84","type":"key","parameters":{},"actions":[{"type":"keyDown","value":""},{"type":"pause","duration":10},{"type":"keyUp","value":""}]}]}
COMMAND: GET /session/de809374161c7b69160a618664f1a5fa/screenshot - {}
RESULT: {}
COMMAND: GET /session/de809374161c7b69160a618664f1a5fa/element/f.BF26AF8B2ED0E270307A0F05FC587F4F.d.68F19C6F7C44F94F4CA6484A2291C193.e.11220/property/value - {}
RESULT: {}
COMMAND: POST /session/de809374161c7b69160a618664f1a5fa/element/f.BF26AF8B2ED0E270307A0F05FC587F4F.d.68F19C6F7C44F94F4CA6484A2291C193.e.11220/value - {"text":"WebdriverPartnermab88"}
COMMAND: GET /session/de809374161c7b69160a618664f1a5fa/screenshot - {}
RESULT: {"text":"WebdriverPartnermab88"}
COMMAND: GET /session/de809374161c7b69160a618664f1a5fa/screenshot - {}
RESULT: {}
RESULT: {}
COMMAND: POST /session/de809374161c7b69160a618664f1a5fa/actions - {"actions":[{"id":"action85","type":"key","parameters":{},"actions":[{"type":"keyDown","value":""},{"type":"pause","duration":10},{"type":"keyUp","value":""}]}]}
RESULT: {"actions":[{"id":"action85","type":"key","parameters":{},"actions":[{"type":"keyDown","value":""},{"type":"pause","duration":10},{"type":"keyUp","value":""}]}]}
COMMAND: GET /session/de809374161c7b69160a618664f1a5fa/screenshot - {}
RESULT: {}
COMMAND: POST /session/de809374161c7b69160a618664f1a5fa/element - {"using":"xpath","value":"//input[contains(@id ,\"requestSiteId-inner\")]"}
RESULT: {"using":"xpath","value":"//input[contains(@id ,\"requestSiteId-inner\")]"}
COMMAND: POST /session/de809374161c7b69160a618664f1a5fa/element/f.BF26AF8B2ED0E270307A0F05FC587F4F.d.68F19C6F7C44F94F4CA6484A2291C193.e.11219/value - {"text":"WebdriverSitee9o56"}
RESULT: {"text":"WebdriverSitee9o56"}
COMMAND: GET /session/de809374161c7b69160a618664f1a5fa/screenshot - {}
RESULT: {}
COMMAND: POST /session/de809374161c7b69160a618664f1a5fa/actions - {"actions":[{"id":"action86","type":"key","parameters":{},"actions":[{"type":"keyDown","value":""},{"type":"pause","duration":10},{"type":"keyUp","value":""}]}]}
RESULT: {"actions":[{"id":"action86","type":"key","parameters":{},"actions":[{"type":"keyDown","value":""},{"type":"pause","duration":10},{"type":"keyUp","value":""}]}]}
COMMAND: GET /session/de809374161c7b69160a618664f1a5fa/screenshot - {}
RESULT: {}
COMMAND: POST /session/de809374161c7b69160a618664f1a5fa/element - {"using":"xpath","value":"//button[contains(@data-kt ,\"requestItemAddOverflowToolbarButton\")]"}
RESULT: {"using":"xpath","value":"//button[contains(@data-kt ,\"requestItemAddOverflowToolbarButton\")]"}
COMMAND: POST /session/de809374161c7b69160a618664f1a5fa/element/f.BF26AF8B2ED0E270307A0F05FC587F4F.d.68F19C6F7C44F94F4CA6484A2291C193.e.11386/click - {}
RESULT: {}
COMMAND: GET /session/de809374161c7b69160a618664f1a5fa/screenshot - {}
RESULT: {}
COMMAND: POST /session/de809374161c7b69160a618664f1a5fa/actions - {"actions":[{"id":"action87","type":"key","parameters":{},"actions":[{"type":"keyDown","value":""},{"type":"pause","duration":10},{"type":"keyUp","value":""}]}]}
RESULT: {"actions":[{"id":"action87","type":"key","parameters":{},"actions":[{"type":"keyDown","value":""},{"type":"pause","duration":10},{"type":"keyUp","value":""}]}]}
COMMAND: POST /session/de809374161c7b69160a618664f1a5fa/actions - {"actions":[{"id":"action88","type":"key","parameters":{},"actions":[{"type":"keyDown","value":""},{"type":"pause","duration":10},{"type":"keyUp","value":""}]}]}
COMMAND: GET /session/de809374161c7b69160a618664f1a5fa/screenshot - {}
RESULT: {"actions":[{"id":"action88","type":"key","parameters":{},"actions":[{"type":"keyDown","value":""},{"type":"pause","duration":10},{"type":"keyUp","value":""}]}]}
COMMAND: GET /session/de809374161c7b69160a618664f1a5fa/screenshot - {}
RESULT: {}
RESULT: {}
COMMAND: POST /session/de809374161c7b69160a618664f1a5fa/element - {"using":"xpath","value":"(//input[contains(@id ,\"requestItemsTable-0-inner\")])[1]"}
RESULT: {"using":"xpath","value":"(//input[contains(@id ,\"requestItemsTable-0-inner\")])[1]"}
COMMAND: POST /session/de809374161c7b69160a618664f1a5fa/element/f.BF26AF8B2ED0E270307A0F05FC587F4F.d.68F19C6F7C44F94F4CA6484A2291C193.e.11390/clear - {}
RESULT: {}
COMMAND: POST /session/de809374161c7b69160a618664f1a5fa/element/f.BF26AF8B2ED0E270307A0F05FC587F4F.d.68F19C6F7C44F94F4CA6484A2291C193.e.11390/value - {"text":"catalogItemoyq7v"}
COMMAND: GET /session/de809374161c7b69160a618664f1a5fa/screenshot - {}
RESULT: {"text":"catalogItemoyq7v"}
COMMAND: GET /session/de809374161c7b69160a618664f1a5fa/screenshot - {}
RESULT: {}
RESULT: {}
COMMAND: POST /session/de809374161c7b69160a618664f1a5fa/actions - {"actions":[{"id":"action89","type":"key","parameters":{},"actions":[{"type":"keyDown","value":""},{"type":"pause","duration":10},{"type":"keyUp","value":""}]}]}
RESULT: {"actions":[{"id":"action89","type":"key","parameters":{},"actions":[{"type":"keyDown","value":""},{"type":"pause","duration":10},{"type":"keyUp","value":""}]}]}
COMMAND: GET /session/de809374161c7b69160a618664f1a5fa/screenshot - {}
RESULT: {}
COMMAND: POST /session/de809374161c7b69160a618664f1a5fa/execute/async - {"script":"<script> [1562 bytes]","args":[{"selector":{"controlType":"sap.ui.core.Icon","viewName":"etm.portal.ui.managerequests.view.NewRequest","properties":{"src":{"regex":{"source":"slim\\-arrow\\-down"}}},"ancestor":{"controlType":"sap.m.Button","viewName":"etm.portal.ui.managerequests.view.NewRequest","properties":{"icon":"sap-icon://slim-arrow-down"}}},"wdio_ui5_key":"etmportal.ui.managerequests.view.NewRequestsap.ui.core.Icon{\"src\":{\"regex\":{\"source\":\"slim\\\\-arrow\\\\-down\"}}}{\"controlType\":\"sap.m.Button\",\"viewName\":\"etm.portal.ui.managerequests.view.NewRequest\",\"properties\":{\"icon\":\"sap-icon://slim-arrow-down\"}}"}]}
RESULT: {"script":"<script> [1562 bytes]","args":[{"selector":{"controlType":"sap.ui.core.Icon","viewName":"etm.portal.ui.managerequests.view.NewRequest","properties":{"src":{"regex":{"source":"slim\\-arrow\\-down"}}},"ancestor":{"controlType":"sap.m.Button","viewName":"etm.portal.ui.managerequests.view.NewRequest","properties":{"icon":"sap-icon://slim-arrow-down"}}},"wdio_ui5_key":"etmportal.ui.managerequests.view.NewRequestsap.ui.core.Icon{\"src\":{\"regex\":{\"source\":\"slim\\\\-arrow\\\\-down\"}}}{\"controlType\":\"sap.m.Button\",\"viewName\":\"etm.portal.ui.managerequests.view.NewRequest\",\"properties\":{\"icon\":\"sap-icon://slim-arrow-down\"}}"}]}
RESULT: undefined
COMMAND: POST /session/de809374161c7b69160a618664f1a5fa/element - {"using":"xpath","value":"//div[contains(@data-kt ,\"splitAllocationObjectStatus\")]"}
RESULT: {"using":"xpath","value":"//div[contains(@data-kt ,\"splitAllocationObjectStatus\")]"}
COMMAND: POST /session/de809374161c7b69160a618664f1a5fa/elements - {"using":"xpath","value":"//div[contains(@data-kt ,\"splitAllocationObjectStatus\")]"}
RESULT: {"using":"xpath","value":"//div[contains(@data-kt ,\"splitAllocationObjectStatus\")]"}
COMMAND: POST /session/de809374161c7b69160a618664f1a5fa/execute/async - {"script":"<script> [1562 bytes]","args":[{"selector":{"controlType":"sap.ui.core.Icon","viewName":"etm.portal.ui.managerequests.view.NewRequest","properties":{"src":{"regex":{"source":"message\\-error"}}}},"wdio_ui5_key":"etmportal.ui.managerequests.view.NewRequestsap.ui.core.Icon{\"src\":{\"regex\":{\"source\":\"message\\\\-error\"}}}"}]}
RESULT: {"script":"<script> [1562 bytes]","args":[{"selector":{"controlType":"sap.ui.core.Icon","viewName":"etm.portal.ui.managerequests.view.NewRequest","properties":{"src":{"regex":{"source":"message\\-error"}}}},"wdio_ui5_key":"etmportal.ui.managerequests.view.NewRequestsap.ui.core.Icon{\"src\":{\"regex\":{\"source\":\"message\\\\-error\"}}}"}]}
RESULT: undefined
COMMAND: POST /session/de809374161c7b69160a618664f1a5fa/element - {"using":"xpath","value":"//*[@id=\"__status4-__xmlview59--requestItemsTable-0-icon\"]"}
RESULT: {"using":"xpath","value":"//*[@id=\"__status4-__xmlview59--requestItemsTable-0-icon\"]"}
COMMAND: POST /session/de809374161c7b69160a618664f1a5fa/element/f.BF26AF8B2ED0E270307A0F05FC587F4F.d.68F19C6F7C44F94F4CA6484A2291C193.e.11405/click - {}
RESULT: {}
COMMAND: POST /session/de809374161c7b69160a618664f1a5fa/execute/async - {"script":"<script> [1562 bytes]","args":[{"selector":{"controlType":"sap.ui.core.Icon","viewName":"etm.portal.ui.managerequests.view.NewRequest","properties":{"src":{"regex":{"source":"slim\\-arrow\\-down"}}},"searchOpenDialogs":true,"ancestor":{"id":"costObjectAdminTypeComboBox","viewName":"etm.portal.ui.managerequests.view.NewRequest","searchOpenDialogs":true}},"wdio_ui5_key":"etmportal.ui.managerequests.view.NewRequestsap.ui.core.Icon{\"src\":{\"regex\":{\"source\":\"slim\\\\-arrow\\\\-down\"}}}{\"id\":\"costObjectAdminTypeComboBox\",\"viewName\":\"etm.portal.ui.managerequests.view.NewRequest\",\"searchOpenDialogs\":true}"}]}
COMMAND: GET /session/de809374161c7b69160a618664f1a5fa/screenshot - {}
RESULT: {"script":"<script> [1562 bytes]","args":[{"selector":{"controlType":"sap.ui.core.Icon","viewName":"etm.portal.ui.managerequests.view.NewRequest","properties":{"src":{"regex":{"source":"slim\\-arrow\\-down"}}},"searchOpenDialogs":true,"ancestor":{"id":"costObjectAdminTypeComboBox","viewName":"etm.portal.ui.managerequests.view.NewRequest","searchOpenDialogs":true}},"wdio_ui5_key":"etmportal.ui.managerequests.view.NewRequestsap.ui.core.Icon{\"src\":{\"regex\":{\"source\":\"slim\\\\-arrow\\\\-down\"}}}{\"id\":\"costObjectAdminTypeComboBox\",\"viewName\":\"etm.portal.ui.managerequests.view.NewRequest\",\"searchOpenDialogs\":true}"}]}
RESULT: undefined
COMMAND: POST /session/de809374161c7b69160a618664f1a5fa/element - {"using":"xpath","value":"//*[@id=\"__xmlview59--costObjectAdminTypeComboBox-arrow\"]"}
RESULT: {}
RESULT: {"using":"xpath","value":"//*[@id=\"__xmlview59--costObjectAdminTypeComboBox-arrow\"]"}
COMMAND: POST /session/de809374161c7b69160a618664f1a5fa/element/f.BF26AF8B2ED0E270307A0F05FC587F4F.d.68F19C6F7C44F94F4CA6484A2291C193.e.11410/click - {}
RESULT: {}
COMMAND: POST /session/de809374161c7b69160a618664f1a5fa/execute/async - {"script":"<script> [1562 bytes]","args":[{"selector":{"controlType":"sap.m.StandardListItem","viewName":"etm.portal.ui.managerequests.view.NewRequest","properties":{"title":"Cost Center"},"searchOpenDialogs":true,"interaction":{"idSuffix":"titleText"}},"wdio_ui5_key":"etmportal.ui.managerequests.view.NewRequestsap.m.StandardListItem{\"title\":\"Cost Center\"}"}]}
COMMAND: GET /session/de809374161c7b69160a618664f1a5fa/screenshot - {}
RESULT: {"script":"<script> [1562 bytes]","args":[{"selector":{"controlType":"sap.m.StandardListItem","viewName":"etm.portal.ui.managerequests.view.NewRequest","properties":{"title":"Cost Center"},"searchOpenDialogs":true,"interaction":{"idSuffix":"titleText"}},"wdio_ui5_key":"etmportal.ui.managerequests.view.NewRequestsap.m.StandardListItem{\"title\":\"Cost Center\"}"}]}
RESULT: undefined
COMMAND: POST /session/de809374161c7b69160a618664f1a5fa/element - {"using":"xpath","value":"//*[@id=\"__item726\"]"}
RESULT: {}
RESULT: {"using":"xpath","value":"//*[@id=\"__item726\"]"}
COMMAND: POST /session/de809374161c7b69160a618664f1a5fa/element/f.BF26AF8B2ED0E270307A0F05FC587F4F.d.68F19C6F7C44F94F4CA6484A2291C193.e.11412/click - {}
RESULT: {}
COMMAND: GET /session/de809374161c7b69160a618664f1a5fa/screenshot - {}
RESULT: {}
COMMAND: POST /session/de809374161c7b69160a618664f1a5fa/execute/async - {"script":"<script> [1562 bytes]","args":[{"selector":{"controlType":"sap.ui.core.Icon","viewName":"etm.portal.ui.managerequests.view.NewRequest","properties":{"src":{"regex":{"source":"value\\-help"}}},"searchOpenDialogs":true},"wdio_ui5_key":"etmportal.ui.managerequests.view.NewRequestsap.ui.core.Icon{\"src\":{\"regex\":{\"source\":\"value\\\\-help\"}}}"}]}
RESULT: {"script":"<script> [1562 bytes]","args":[{"selector":{"controlType":"sap.ui.core.Icon","viewName":"etm.portal.ui.managerequests.view.NewRequest","properties":{"src":{"regex":{"source":"value\\-help"}}},"searchOpenDialogs":true},"wdio_ui5_key":"etmportal.ui.managerequests.view.NewRequestsap.ui.core.Icon{\"src\":{\"regex\":{\"source\":\"value\\\\-help\"}}}"}]}
RESULT: undefined
COMMAND: POST /session/de809374161c7b69160a618664f1a5fa/element - {"using":"xpath","value":"//*[@id=\"__xmlview59--costObjectIdComboBox-vhi\"]"}
RESULT: {"using":"xpath","value":"//*[@id=\"__xmlview59--costObjectIdComboBox-vhi\"]"}
COMMAND: POST /session/de809374161c7b69160a618664f1a5fa/element/f.BF26AF8B2ED0E270307A0F05FC587F4F.d.68F19C6F7C44F94F4CA6484A2291C193.e.11419/click - {}
RESULT: {}
COMMAND: POST /session/de809374161c7b69160a618664f1a5fa/execute/async - {"script":"<script> [1562 bytes]","args":[{"selector":{"controlType":"sap.m.SearchField","properties":{"placeholder":"Search"},"searchOpenDialogs":true,"interaction":{"idSuffix":"I"}},"wdio_ui5_key":"sapm.SearchField{\"placeholder\":\"Search\"}"}]}
COMMAND: GET /session/de809374161c7b69160a618664f1a5fa/screenshot - {}
RESULT: {"script":"<script> [1562 bytes]","args":[{"selector":{"controlType":"sap.m.SearchField","properties":{"placeholder":"Search"},"searchOpenDialogs":true,"interaction":{"idSuffix":"I"}},"wdio_ui5_key":"sapm.SearchField{\"placeholder\":\"Search\"}"}]}
RESULT: undefined
COMMAND: POST /session/de809374161c7b69160a618664f1a5fa/execute/async - {"script":"<script> [776 bytes]","args":[{"enterText":"10001010","selector":{"controlType":"sap.m.SearchField","properties":{"placeholder":"Search"},"searchOpenDialogs":true,"interaction":{"idSuffix":"I"}},"clearTextFirst":true,"interactionType":"ENTER_TEXT"}]}
RESULT: {}
RESULT: {"script":"<script> [776 bytes]","args":[{"enterText":"10001010","selector":{"controlType":"sap.m.SearchField","properties":{"placeholder":"Search"},"searchOpenDialogs":true,"interaction":{"idSuffix":"I"}},"clearTextFirst":true,"interactionType":"ENTER_TEXT"}]}
COMMAND: POST /session/de809374161c7b69160a618664f1a5fa/actions - {"actions":[{"id":"action90","type":"key","parameters":{},"actions":[{"type":"keyDown","value":""},{"type":"pause","duration":10},{"type":"keyUp","value":""}]}]}
RESULT: {"actions":[{"id":"action90","type":"key","parameters":{},"actions":[{"type":"keyDown","value":""},{"type":"pause","duration":10},{"type":"keyUp","value":""}]}]}
COMMAND: GET /session/de809374161c7b69160a618664f1a5fa/screenshot - {}
RESULT: {}
COMMAND: POST /session/de809374161c7b69160a618664f1a5fa/execute/async - {"script":"<script> [1562 bytes]","args":[{"selector":{"controlType":"sap.m.Text","bindingPath":{"path":"/C_CostCtrValueHelp(CostCenter='10001010',ControllingArea='Z001')","propertyPath":"CostCenterName","modelName":"CostCenterModel"},"searchOpenDialogs":true},"wdio_ui5_key":"sapm.Text{\"path\":\"/C_CostCtrValueHelp(CostCenter='10001010',ControllingArea='Z001')\",\"propertyPath\":\"CostCenterName\",\"modelName\":\"CostCenterModel\"}"}]}
RESULT: {"script":"<script> [1562 bytes]","args":[{"selector":{"controlType":"sap.m.Text","bindingPath":{"path":"/C_CostCtrValueHelp(CostCenter='10001010',ControllingArea='Z001')","propertyPath":"CostCenterName","modelName":"CostCenterModel"},"searchOpenDialogs":true},"wdio_ui5_key":"sapm.Text{\"path\":\"/C_CostCtrValueHelp(CostCenter='10001010',ControllingArea='Z001')\",\"propertyPath\":\"CostCenterName\",\"modelName\":\"CostCenterModel\"}"}]}
RESULT: undefined
COMMAND: POST /session/de809374161c7b69160a618664f1a5fa/element - {"using":"xpath","value":"//*[@id=\"__text291-__clone864\"]"}
RESULT: {"using":"xpath","value":"//*[@id=\"__text291-__clone864\"]"}
COMMAND: POST /session/de809374161c7b69160a618664f1a5fa/element/f.BF26AF8B2ED0E270307A0F05FC587F4F.d.68F19C6F7C44F94F4CA6484A2291C193.e.11459/click - {}
RESULT: {}
COMMAND: POST /session/de809374161c7b69160a618664f1a5fa/execute/async - {"script":"<script> [1562 bytes]","args":[{"selector":{"controlType":"sap.m.Button","properties":{"text":"OK"},"searchOpenDialogs":true,"interaction":{"idSuffix":"BDI-content"}},"wdio_ui5_key":"sapm.Button{\"text\":\"OK\"}"}]}
COMMAND: GET /session/de809374161c7b69160a618664f1a5fa/screenshot - {}
RESULT: {"script":"<script> [1562 bytes]","args":[{"selector":{"controlType":"sap.m.Button","properties":{"text":"OK"},"searchOpenDialogs":true,"interaction":{"idSuffix":"BDI-content"}},"wdio_ui5_key":"sapm.Button{\"text\":\"OK\"}"}]}
RESULT: undefined
COMMAND: POST /session/de809374161c7b69160a618664f1a5fa/element - {"using":"xpath","value":"//*[@id=\"__dialog1-ok\"]"}
RESULT: {}
RESULT: {"using":"xpath","value":"//*[@id=\"__dialog1-ok\"]"}
COMMAND: POST /session/de809374161c7b69160a618664f1a5fa/element/f.BF26AF8B2ED0E270307A0F05FC587F4F.d.68F19C6F7C44F94F4CA6484A2291C193.e.11461/click - {}
RESULT: {}
COMMAND: GET /session/de809374161c7b69160a618664f1a5fa/screenshot - {}
RESULT: {}
COMMAND: POST /session/de809374161c7b69160a618664f1a5fa/execute/async - {"script":"<script> [1562 bytes]","args":[{"selector":{"controlType":"sap.m.Button","viewName":"etm.portal.ui.managerequests.view.NewRequest","i18NText":{"propertyName":"text","key":"save"},"searchOpenDialogs":true,"interaction":{"idSuffix":"BDI-content"}},"wdio_ui5_key":"etmportal.ui.managerequests.view.NewRequestsap.m.Button{\"propertyName\":\"text\",\"key\":\"save\"}"}]}
RESULT: {"script":"<script> [1562 bytes]","args":[{"selector":{"controlType":"sap.m.Button","viewName":"etm.portal.ui.managerequests.view.NewRequest","i18NText":{"propertyName":"text","key":"save"},"searchOpenDialogs":true,"interaction":{"idSuffix":"BDI-content"}},"wdio_ui5_key":"etmportal.ui.managerequests.view.NewRequestsap.m.Button{\"propertyName\":\"text\",\"key\":\"save\"}"}]}
RESULT: undefined
COMMAND: POST /session/de809374161c7b69160a618664f1a5fa/element - {"using":"xpath","value":"//*[@id=\"__button24\"]"}
RESULT: {"using":"xpath","value":"//*[@id=\"__button24\"]"}
COMMAND: POST /session/de809374161c7b69160a618664f1a5fa/element/f.BF26AF8B2ED0E270307A0F05FC587F4F.d.68F19C6F7C44F94F4CA6484A2291C193.e.11465/click - {}
RESULT: {}
COMMAND: GET /session/de809374161c7b69160a618664f1a5fa/screenshot - {}
RESULT: {}
COMMAND: POST /session/de809374161c7b69160a618664f1a5fa/element - {"using":"xpath","value":"(//bdi[contains(text() ,\"Save\")])[1]"}
RESULT: {"using":"xpath","value":"(//bdi[contains(text() ,\"Save\")])[1]"}
COMMAND: POST /session/de809374161c7b69160a618664f1a5fa/element/f.BF26AF8B2ED0E270307A0F05FC587F4F.d.68F19C6F7C44F94F4CA6484A2291C193.e.11467/click - {}
RESULT: {}
COMMAND: GET /session/de809374161c7b69160a618664f1a5fa/screenshot - {}
RESULT: {}
COMMAND: POST /session/de809374161c7b69160a618664f1a5fa/execute/async - {"script":"<script> [1562 bytes]","args":[{"selector":{"controlType":"sap.m.Title","properties":{"text":"Success"},"searchOpenDialogs":true},"wdio_ui5_key":"sapm.Title{\"text\":\"Success\"}"}]}
RESULT: {"script":"<script> [1562 bytes]","args":[{"selector":{"controlType":"sap.m.Title","properties":{"text":"Success"},"searchOpenDialogs":true},"wdio_ui5_key":"sapm.Title{\"text\":\"Success\"}"}]}
RESULT: undefined
COMMAND: POST /session/de809374161c7b69160a618664f1a5fa/execute/async - {"script":"<script> [6424 bytes]","args":[{"element-6066-11e4-a52e-4f735466cecf":"f.BF26AF8B2ED0E270307A0F05FC587F4F.d.68F19C6F7C44F94F4CA6484A2291C193.e.11471"},"getText",[]]}
RESULT: {"script":"<script> [6424 bytes]","args":[{"element-6066-11e4-a52e-4f735466cecf":"f.BF26AF8B2ED0E270307A0F05FC587F4F.d.68F19C6F7C44F94F4CA6484A2291C193.e.11471"},"getText",[]]}
COMMAND: POST /session/de809374161c7b69160a618664f1a5fa/execute/async - {"script":"<script> [1562 bytes]","args":[{"selector":{"controlType":"sap.m.Button","properties":{"text":"Close"},"searchOpenDialogs":true,"interaction":{"idSuffix":"BDI-content"}},"wdio_ui5_key":"sapm.Button{\"text\":\"Close\"}"}]}
RESULT: {"script":"<script> [1562 bytes]","args":[{"selector":{"controlType":"sap.m.Button","properties":{"text":"Close"},"searchOpenDialogs":true,"interaction":{"idSuffix":"BDI-content"}},"wdio_ui5_key":"sapm.Button{\"text\":\"Close\"}"}]}
RESULT: undefined
COMMAND: POST /session/de809374161c7b69160a618664f1a5fa/element - {"using":"xpath","value":"//*[@id=\"__mbox-btn-0\"]"}
RESULT: {"using":"xpath","value":"//*[@id=\"__mbox-btn-0\"]"}
COMMAND: POST /session/de809374161c7b69160a618664f1a5fa/element/f.BF26AF8B2ED0E270307A0F05FC587F4F.d.68F19C6F7C44F94F4CA6484A2291C193.e.11470/click - {}
RESULT: {}
COMMAND: GET /session/de809374161c7b69160a618664f1a5fa/screenshot - {}
RESULT: {}
COMMAND: POST /session/de809374161c7b69160a618664f1a5fa/execute/async - {"script":"<script> [1562 bytes]","args":[{"selector":{"controlType":"sap.m.Text","viewName":"etm.portal.ui.managerequests.view.Detail","bindingPath":{"propertyPath":"NO","modelName":"catalogModel"}},"wdio_ui5_key":"etmportal.ui.managerequests.view.Detailsap.m.Text{\"propertyPath\":\"NO\",\"modelName\":\"catalogModel\"}"}]}
RESULT: {"script":"<script> [1562 bytes]","args":[{"selector":{"controlType":"sap.m.Text","viewName":"etm.portal.ui.managerequests.view.Detail","bindingPath":{"propertyPath":"NO","modelName":"catalogModel"}},"wdio_ui5_key":"etmportal.ui.managerequests.view.Detailsap.m.Text{\"propertyPath\":\"NO\",\"modelName\":\"catalogModel\"}"}]}
RESULT: undefined
COMMAND: POST /session/de809374161c7b69160a618664f1a5fa/execute/async - {"script":"<script> [6424 bytes]","args":[{"element-6066-11e4-a52e-4f735466cecf":"f.BF26AF8B2ED0E270307A0F05FC587F4F.d.68F19C6F7C44F94F4CA6484A2291C193.e.11607"},"getText",[]]}
RESULT: {"script":"<script> [6424 bytes]","args":[{"element-6066-11e4-a52e-4f735466cecf":"f.BF26AF8B2ED0E270307A0F05FC587F4F.d.68F19C6F7C44F94F4CA6484A2291C193.e.11607"},"getText",[]]}
COMMAND: POST /session/de809374161c7b69160a618664f1a5fa/execute/async - {"script":"<script> [1562 bytes]","args":[{"selector":{"controlType":"sap.ui.core.Icon","viewName":"etm.portal.ui.managerequests.view.Detail","properties":{"src":{"regex":{"source":"date\\-time"}}},"ancestor":{"controlType":"sap.m.ColumnListItem","viewName":"etm.portal.ui.managerequests.view.Detail","bindingPath":{"path":"/SmartRequestItemsPlanningBoard(ITEM=10m,REQUEST='20166')"},"ancestor":{"id":"requestItemsTable","viewName":"etm.portal.ui.managerequests.view.Detail"}}},"wdio_ui5_key":"etmportal.ui.managerequests.view.Detailsap.ui.core.Icon{\"src\":{\"regex\":{\"source\":\"date\\\\-time\"}}}{\"controlType\":\"sap.m.ColumnListItem\",\"viewName\":\"etm.portal.ui.managerequests.view.Detail\",\"bindingPath\":{\"path\":\"/SmartRequestItemsPlanningBoard(ITEM=10m,REQUEST='20166')\"},\"ancestor\":{\"id\":\"requestItemsTable\",\"viewName\":\"etm.portal.ui.managerequests.view.Detail\"}}"}]}
RESULT: {"script":"<script> [1562 bytes]","args":[{"selector":{"controlType":"sap.ui.core.Icon","viewName":"etm.portal.ui.managerequests.view.Detail","properties":{"src":{"regex":{"source":"date\\-time"}}},"ancestor":{"controlType":"sap.m.ColumnListItem","viewName":"etm.portal.ui.managerequests.view.Detail","bindingPath":{"path":"/SmartRequestItemsPlanningBoard(ITEM=10m,REQUEST='20166')"},"ancestor":{"id":"requestItemsTable","viewName":"etm.portal.ui.managerequests.view.Detail"}}},"wdio_ui5_key":"etmportal.ui.managerequests.view.Detailsap.ui.core.Icon{\"src\":{\"regex\":{\"source\":\"date\\\\-time\"}}}{\"controlType\":\"sap.m.ColumnListItem\",\"viewName\":\"etm.portal.ui.managerequests.view.Detail\",\"bindingPath\":{\"path\":\"/SmartRequestItemsPlanningBoard(ITEM=10m,REQUEST='20166')\"},\"ancestor\":{\"id\":\"requestItemsTable\",\"viewName\":\"etm.portal.ui.managerequests.view.Detail\"}}"}]}
RESULT: undefined
COMMAND: POST /session/de809374161c7b69160a618664f1a5fa/element - {"using":"xpath","value":"//*[@id=\"__button39-__clone903-img\"]"}
RESULT: {"using":"xpath","value":"//*[@id=\"__button39-__clone903-img\"]"}
COMMAND: POST /session/de809374161c7b69160a618664f1a5fa/element/f.BF26AF8B2ED0E270307A0F05FC587F4F.d.68F19C6F7C44F94F4CA6484A2291C193.e.11608/click - {}
RESULT: {}
COMMAND: POST /session/de809374161c7b69160a618664f1a5fa/execute/async - {"script":"<script> [1562 bytes]","args":[{"selector":{"controlType":"sap.m.Button","viewName":"etm.portal.ui.managerequests.view.Detail","properties":{"text":"Close"},"searchOpenDialogs":true,"interaction":{"idSuffix":"BDI-content"}},"wdio_ui5_key":"etmportal.ui.managerequests.view.Detailsap.m.Button{\"text\":\"Close\"}"}]}
COMMAND: GET /session/de809374161c7b69160a618664f1a5fa/screenshot - {}
RESULT: {"script":"<script> [1562 bytes]","args":[{"selector":{"controlType":"sap.m.Button","viewName":"etm.portal.ui.managerequests.view.Detail","properties":{"text":"Close"},"searchOpenDialogs":true,"interaction":{"idSuffix":"BDI-content"}},"wdio_ui5_key":"etmportal.ui.managerequests.view.Detailsap.m.Button{\"text\":\"Close\"}"}]}
RESULT: undefined
COMMAND: POST /session/de809374161c7b69160a618664f1a5fa/element - {"using":"xpath","value":"//*[@id=\"__button49\"]"}
RESULT: {}
RESULT: {"using":"xpath","value":"//*[@id=\"__button49\"]"}
COMMAND: POST /session/de809374161c7b69160a618664f1a5fa/element/f.BF26AF8B2ED0E270307A0F05FC587F4F.d.68F19C6F7C44F94F4CA6484A2291C193.e.11611/click - {}
RESULT: {}
COMMAND: GET /session/de809374161c7b69160a618664f1a5fa/screenshot - {}
RESULT: {}
COMMAND: POST /session/de809374161c7b69160a618664f1a5fa/refresh - {}
RESULT: {}
COMMAND: GET /session/de809374161c7b69160a618664f1a5fa/screenshot - {}
RESULT: {}
COMMAND: POST /session/de809374161c7b69160a618664f1a5fa/execute/async - {"script":"<script> [189 bytes]","args":[]}
RESULT: {"script":"<script> [189 bytes]","args":[]}
COMMAND: POST /session/de809374161c7b69160a618664f1a5fa/execute/async - {"script":"<script> [123 bytes]","args":[]}
RESULT: {"script":"<script> [123 bytes]","args":[]}
COMMAND: POST /session/de809374161c7b69160a618664f1a5fa/timeouts - {"script":"<number>"}
RESULT: {"script":"<number>"}
COMMAND: GET /session/de809374161c7b69160a618664f1a5fa/timeouts - {}
RESULT: {}
RESULT: undefined
COMMAND: POST /session/de809374161c7b69160a618664f1a5fa/execute/async - {"script":"<script> [2676 bytes]","args":[]}
RESULT: {"script":"<script> [2676 bytes]","args":[]}
COMMAND: POST /session/de809374161c7b69160a618664f1a5fa/execute/async - {"script":"<script> [2342 bytes]","args":[{"protocol":"http","hostname":"0.0.0.0","path":"/","capabilities":{"browserName":"chrome","goog:chromeOptions":{"binary":"C:\\Program Files\\Google\\Chrome\\Application\\chrome.exe","args":["--start-maximized"]}},"logLevel":"warn","connectionRetryTimeout":120000,"connectionRetryCount":3,"logLevels":{},"enableDirectConnect":true,"strictSSL":true,"_":"65 more keys: [\"cacheDir\",\"port\",\"requestedCapabilities\",\"automationProtocol\",\"baseUrl\",\"waitforInterval\",\"waitforTimeout\",\"onReload\",\"beforeCommand\",\"afterCommand\",\"rootDir\",\"specs\",\"suites\",\"exclude\",\"groupLogsByTestSpec\",\"excludeDriverLogs\",\"bail\",\"framework\",\"reporters\",\"services\",\"maxInstances\",\"maxInstancesPerCapability\",\"injectGlobals\",\"filesToWatch\",\"execArgv\",\"runnerEnv\",\"runner\",\"shard\",\"specFileRetries\",\"specFileRetriesDelay\",\"specFileRetriesDeferred\",\"reporterSyncInterval\",\"reporterSyncTimeout\",\"cucumberFeaturesWithLineNumbers\",\"autoCompileOpts\",\"mochaOpts\",\"jasmineOpts\",\"cucumberOpts\",\"onPrepare\",\"onWorkerStart\",\"onWorkerEnd\",\"before\",\"beforeSession\",\"beforeSuite\",\"beforeHook\",\"beforeTest\",\"afterTest\",\"afterHook\",\"afterSuite\",\"afterSession\",\"after\",\"onComplete\",\"beforeAssertion\",\"afterAssertion\",\"beforeFeature\",\"beforeScenario\",\"beforeStep\",\"afterStep\",\"afterScenario\",\"afterFeature\",\"_\",\"suite\",\"$0\",\"ignoredWorkerServices\",\"wdi5\"]"}]}
RESULT: {"script":"<script> [2342 bytes]","args":[{"protocol":"http","hostname":"0.0.0.0","path":"/","capabilities":{"browserName":"chrome","goog:chromeOptions":{"binary":"C:\\Program Files\\Google\\Chrome\\Application\\chrome.exe","args":["--start-maximized"]}},"logLevel":"warn","connectionRetryTimeout":120000,"connectionRetryCount":3,"logLevels":{},"enableDirectConnect":true,"strictSSL":true,"_":"65 more keys: [\"cacheDir\",\"port\",\"requestedCapabilities\",\"automationProtocol\",\"baseUrl\",\"waitforInterval\",\"waitforTimeout\",\"onReload\",\"beforeCommand\",\"afterCommand\",\"rootDir\",\"specs\",\"suites\",\"exclude\",\"groupLogsByTestSpec\",\"excludeDriverLogs\",\"bail\",\"framework\",\"reporters\",\"services\",\"maxInstances\",\"maxInstancesPerCapability\",\"injectGlobals\",\"filesToWatch\",\"execArgv\",\"runnerEnv\",\"runner\",\"shard\",\"specFileRetries\",\"specFileRetriesDelay\",\"specFileRetriesDeferred\",\"reporterSyncInterval\",\"reporterSyncTimeout\",\"cucumberFeaturesWithLineNumbers\",\"autoCompileOpts\",\"mochaOpts\",\"jasmineOpts\",\"cucumberOpts\",\"onPrepare\",\"onWorkerStart\",\"onWorkerEnd\",\"before\",\"beforeSession\",\"beforeSuite\",\"beforeHook\",\"beforeTest\",\"afterTest\",\"afterHook\",\"afterSuite\",\"afterSession\",\"after\",\"onComplete\",\"beforeAssertion\",\"afterAssertion\",\"beforeFeature\",\"beforeScenario\",\"beforeStep\",\"afterStep\",\"afterScenario\",\"afterFeature\",\"_\",\"suite\",\"$0\",\"ignoredWorkerServices\",\"wdi5\"]"}]}
COMMAND: POST /session/de809374161c7b69160a618664f1a5fa/execute/async - {"script":"<script> [21126 bytes]","args":[35000]}
RESULT: {"script":"<script> [21126 bytes]","args":[35000]}
]]></system-out>
    </testcase>
    <testcase classname="chrome.136_0_7103_93.windows.Process_request_items_into_an_existing_quotation_US120163" name="Should process the request into an existing quotation" time="77.736">
      <system-out><![CDATA[
COMMAND: GET /session/de809374161c7b69160a618664f1a5fa/window - {}
RESULT: {}
COMMAND: POST /session/de809374161c7b69160a618664f1a5fa/element - {"using":"xpath","value":"//span[contains(@id ,\"detailHeaderTitle-_actionsToolbar-overflowButton-img\")]"}
RESULT: {"using":"xpath","value":"//span[contains(@id ,\"detailHeaderTitle-_actionsToolbar-overflowButton-img\")]"}
COMMAND: POST /session/de809374161c7b69160a618664f1a5fa/element/f.BF26AF8B2ED0E270307A0F05FC587F4F.d.C5F1FF280972CF5AF863AEF1428C640D.e.11779/click - {}
RESULT: {}
COMMAND: GET /session/de809374161c7b69160a618664f1a5fa/screenshot - {}
RESULT: {}
COMMAND: POST /session/de809374161c7b69160a618664f1a5fa/element - {"using":"xpath","value":"//span[contains(@id ,\"actionsMenuButton-internalSplitBtn-arrowButton-img\")]"}
RESULT: {"using":"xpath","value":"//span[contains(@id ,\"actionsMenuButton-internalSplitBtn-arrowButton-img\")]"}
COMMAND: POST /session/de809374161c7b69160a618664f1a5fa/element/f.BF26AF8B2ED0E270307A0F05FC587F4F.d.C5F1FF280972CF5AF863AEF1428C640D.e.11782/click - {}
RESULT: {}
COMMAND: GET /session/de809374161c7b69160a618664f1a5fa/screenshot - {}
RESULT: {}
COMMAND: POST /session/de809374161c7b69160a618664f1a5fa/actions - {"actions":[{"id":"action91","type":"key","parameters":{},"actions":[{"type":"keyDown","value":""},{"type":"pause","duration":10},{"type":"keyUp","value":""}]}]}
RESULT: {"actions":[{"id":"action91","type":"key","parameters":{},"actions":[{"type":"keyDown","value":""},{"type":"pause","duration":10},{"type":"keyUp","value":""}]}]}
COMMAND: GET /session/de809374161c7b69160a618664f1a5fa/screenshot - {}
RESULT: {}
COMMAND: POST /session/de809374161c7b69160a618664f1a5fa/actions - {"actions":[{"id":"action92","type":"key","parameters":{},"actions":[{"type":"keyDown","value":""},{"type":"pause","duration":10},{"type":"keyUp","value":""}]}]}
RESULT: {"actions":[{"id":"action92","type":"key","parameters":{},"actions":[{"type":"keyDown","value":""},{"type":"pause","duration":10},{"type":"keyUp","value":""}]}]}
COMMAND: GET /session/de809374161c7b69160a618664f1a5fa/screenshot - {}
RESULT: {}
COMMAND: POST /session/de809374161c7b69160a618664f1a5fa/actions - {"actions":[{"id":"action93","type":"key","parameters":{},"actions":[{"type":"keyDown","value":""},{"type":"pause","duration":10},{"type":"keyUp","value":""}]}]}
RESULT: {"actions":[{"id":"action93","type":"key","parameters":{},"actions":[{"type":"keyDown","value":""},{"type":"pause","duration":10},{"type":"keyUp","value":""}]}]}
COMMAND: GET /session/de809374161c7b69160a618664f1a5fa/screenshot - {}
RESULT: {}
COMMAND: POST /session/de809374161c7b69160a618664f1a5fa/actions - {"actions":[{"id":"action94","type":"key","parameters":{},"actions":[{"type":"keyDown","value":""},{"type":"pause","duration":10},{"type":"keyUp","value":""}]}]}
RESULT: {"actions":[{"id":"action94","type":"key","parameters":{},"actions":[{"type":"keyDown","value":""},{"type":"pause","duration":10},{"type":"keyUp","value":""}]}]}
COMMAND: GET /session/de809374161c7b69160a618664f1a5fa/screenshot - {}
RESULT: {}
COMMAND: POST /session/de809374161c7b69160a618664f1a5fa/element - {"using":"xpath","value":"//input[contains(@id ,\"quotationsSearchField-I\")]"}
RESULT: {"using":"xpath","value":"//input[contains(@id ,\"quotationsSearchField-I\")]"}
COMMAND: POST /session/de809374161c7b69160a618664f1a5fa/element/f.BF26AF8B2ED0E270307A0F05FC587F4F.d.C5F1FF280972CF5AF863AEF1428C640D.e.11785/clear - {}
RESULT: {}
COMMAND: POST /session/de809374161c7b69160a618664f1a5fa/element/f.BF26AF8B2ED0E270307A0F05FC587F4F.d.C5F1FF280972CF5AF863AEF1428C640D.e.11785/value - {"text":"WdIOQuotationspxgci"}
COMMAND: GET /session/de809374161c7b69160a618664f1a5fa/screenshot - {}
RESULT: {"text":"WdIOQuotationspxgci"}
COMMAND: GET /session/de809374161c7b69160a618664f1a5fa/screenshot - {}
RESULT: {}
RESULT: {}
COMMAND: POST /session/de809374161c7b69160a618664f1a5fa/actions - {"actions":[{"id":"action95","type":"key","parameters":{},"actions":[{"type":"keyDown","value":""},{"type":"pause","duration":10},{"type":"keyUp","value":""}]}]}
RESULT: {"actions":[{"id":"action95","type":"key","parameters":{},"actions":[{"type":"keyDown","value":""},{"type":"pause","duration":10},{"type":"keyUp","value":""}]}]}
COMMAND: GET /session/de809374161c7b69160a618664f1a5fa/screenshot - {}
RESULT: {}
COMMAND: POST /session/de809374161c7b69160a618664f1a5fa/element - {"using":"xpath","value":"//div[contains(@id ,\"selectSingle\")]"}
RESULT: {"using":"xpath","value":"//div[contains(@id ,\"selectSingle\")]"}
COMMAND: POST /session/de809374161c7b69160a618664f1a5fa/element/f.BF26AF8B2ED0E270307A0F05FC587F4F.d.C5F1FF280972CF5AF863AEF1428C640D.e.11797/click - {}
RESULT: {}
COMMAND: GET /session/de809374161c7b69160a618664f1a5fa/screenshot - {}
RESULT: {}
COMMAND: POST /session/de809374161c7b69160a618664f1a5fa/element - {"using":"xpath","value":"//bdi[contains(text() ,\"Selection Done\")]"}
RESULT: {"using":"xpath","value":"//bdi[contains(text() ,\"Selection Done\")]"}
COMMAND: POST /session/de809374161c7b69160a618664f1a5fa/element/f.BF26AF8B2ED0E270307A0F05FC587F4F.d.C5F1FF280972CF5AF863AEF1428C640D.e.11798/click - {}
RESULT: {}
COMMAND: GET /session/de809374161c7b69160a618664f1a5fa/screenshot - {}
RESULT: {}
COMMAND: POST /session/de809374161c7b69160a618664f1a5fa/actions - {"actions":[{"id":"action96","type":"key","parameters":{},"actions":[{"type":"keyDown","value":""},{"type":"pause","duration":10},{"type":"keyUp","value":""}]}]}
RESULT: {"actions":[{"id":"action96","type":"key","parameters":{},"actions":[{"type":"keyDown","value":""},{"type":"pause","duration":10},{"type":"keyUp","value":""}]}]}
COMMAND: GET /session/de809374161c7b69160a618664f1a5fa/screenshot - {}
RESULT: {}
COMMAND: POST /session/de809374161c7b69160a618664f1a5fa/actions - {"actions":[{"id":"action97","type":"key","parameters":{},"actions":[{"type":"keyDown","value":""},{"type":"pause","duration":10},{"type":"keyUp","value":""}]}]}
RESULT: {"actions":[{"id":"action97","type":"key","parameters":{},"actions":[{"type":"keyDown","value":""},{"type":"pause","duration":10},{"type":"keyUp","value":""}]}]}
COMMAND: GET /session/de809374161c7b69160a618664f1a5fa/screenshot - {}
RESULT: {}
COMMAND: GET /session/de809374161c7b69160a618664f1a5fa/window/handles - {}
RESULT: {}
COMMAND: GET /session/de809374161c7b69160a618664f1a5fa/window/handles - {}
RESULT: {}
COMMAND: POST /session/de809374161c7b69160a618664f1a5fa/window - {"handle":"45F63E2470BE5E08166CA3D19FA1D4BC"}
RESULT: {"handle":"45F63E2470BE5E08166CA3D19FA1D4BC"}
COMMAND: GET /session/de809374161c7b69160a618664f1a5fa/url - {}
RESULT: {}
COMMAND: GET /session/de809374161c7b69160a618664f1a5fa/screenshot - {}
RESULT: {}
COMMAND: POST /session/de809374161c7b69160a618664f1a5fa/element - {"using":"xpath","value":"//span[contains(text(), \"Header Billing Items\")]"}
RESULT: {"using":"xpath","value":"//span[contains(text(), \"Header Billing Items\")]"}
COMMAND: POST /session/de809374161c7b69160a618664f1a5fa/elements - {"using":"xpath","value":"//span[contains(text(), \"Header Billing Items\")]"}
RESULT: {"using":"xpath","value":"//span[contains(text(), \"Header Billing Items\")]"}
COMMAND: POST /session/de809374161c7b69160a618664f1a5fa/element - {"using":"xpath","value":"//span[contains(text(), \"Header Billing Items\")]"}
RESULT: {"using":"xpath","value":"//span[contains(text(), \"Header Billing Items\")]"}
COMMAND: POST /session/de809374161c7b69160a618664f1a5fa/element/f.45F63E2470BE5E08166CA3D19FA1D4BC.d.7DD7BB1F543937650207913632AF0C04.e.12034/click - {}
RESULT: {}
COMMAND: GET /session/de809374161c7b69160a618664f1a5fa/screenshot - {}
RESULT: {}
COMMAND: POST /session/de809374161c7b69160a618664f1a5fa/element - {"using":"xpath","value":"//span[contains(@id ,\"contractItemsSmartTable-header-inner\")]"}
RESULT: {"using":"xpath","value":"//span[contains(@id ,\"contractItemsSmartTable-header-inner\")]"}
COMMAND: GET /session/de809374161c7b69160a618664f1a5fa/element/f.45F63E2470BE5E08166CA3D19FA1D4BC.d.7DD7BB1F543937650207913632AF0C04.e.12052/text - {}
RESULT: {}
COMMAND: POST /session/de809374161c7b69160a618664f1a5fa/element - {"using":"xpath","value":"//span[@class=\"sapMObjStatusText\"][contains(text(), \"proposed\")]"}
RESULT: {"using":"xpath","value":"//span[@class=\"sapMObjStatusText\"][contains(text(), \"proposed\")]"}
COMMAND: GET /session/de809374161c7b69160a618664f1a5fa/element/f.45F63E2470BE5E08166CA3D19FA1D4BC.d.7DD7BB1F543937650207913632AF0C04.e.12053/text - {}
RESULT: {}
COMMAND: DELETE /session/de809374161c7b69160a618664f1a5fa/window - {}
RESULT: {}
COMMAND: POST /session/de809374161c7b69160a618664f1a5fa/window - {"handle":"BF26AF8B2ED0E270307A0F05FC587F4F"}
RESULT: {"handle":"BF26AF8B2ED0E270307A0F05FC587F4F"}
COMMAND: GET /session/de809374161c7b69160a618664f1a5fa/url - {}
RESULT: {}
COMMAND: GET /session/de809374161c7b69160a618664f1a5fa/screenshot - {}
RESULT: {}
]]></system-out>
    </testcase>
    <testcase classname="chrome.136_0_7103_93.windows.Process_request_items_into_an_existing_quotation_US120163" name="Should navigate back to the request and check the request and item statuses" time="42.998">
      <system-out><![CDATA[
COMMAND: POST /session/de809374161c7b69160a618664f1a5fa/refresh - {}
RESULT: {}
COMMAND: GET /session/de809374161c7b69160a618664f1a5fa/screenshot - {}
RESULT: {}
COMMAND: POST /session/de809374161c7b69160a618664f1a5fa/execute/async - {"script":"<script> [189 bytes]","args":[]}
RESULT: {"script":"<script> [189 bytes]","args":[]}
COMMAND: POST /session/de809374161c7b69160a618664f1a5fa/execute/async - {"script":"<script> [123 bytes]","args":[]}
RESULT: {"script":"<script> [123 bytes]","args":[]}
COMMAND: POST /session/de809374161c7b69160a618664f1a5fa/timeouts - {"script":"<number>"}
RESULT: {"script":"<number>"}
COMMAND: GET /session/de809374161c7b69160a618664f1a5fa/timeouts - {}
RESULT: {}
RESULT: undefined
COMMAND: POST /session/de809374161c7b69160a618664f1a5fa/execute/async - {"script":"<script> [2676 bytes]","args":[]}
RESULT: {"script":"<script> [2676 bytes]","args":[]}
COMMAND: POST /session/de809374161c7b69160a618664f1a5fa/execute/async - {"script":"<script> [2342 bytes]","args":[{"protocol":"http","hostname":"0.0.0.0","path":"/","capabilities":{"browserName":"chrome","goog:chromeOptions":{"binary":"C:\\Program Files\\Google\\Chrome\\Application\\chrome.exe","args":["--start-maximized"]}},"logLevel":"warn","connectionRetryTimeout":120000,"connectionRetryCount":3,"logLevels":{},"enableDirectConnect":true,"strictSSL":true,"_":"65 more keys: [\"cacheDir\",\"port\",\"requestedCapabilities\",\"automationProtocol\",\"baseUrl\",\"waitforInterval\",\"waitforTimeout\",\"onReload\",\"beforeCommand\",\"afterCommand\",\"rootDir\",\"specs\",\"suites\",\"exclude\",\"groupLogsByTestSpec\",\"excludeDriverLogs\",\"bail\",\"framework\",\"reporters\",\"services\",\"maxInstances\",\"maxInstancesPerCapability\",\"injectGlobals\",\"filesToWatch\",\"execArgv\",\"runnerEnv\",\"runner\",\"shard\",\"specFileRetries\",\"specFileRetriesDelay\",\"specFileRetriesDeferred\",\"reporterSyncInterval\",\"reporterSyncTimeout\",\"cucumberFeaturesWithLineNumbers\",\"autoCompileOpts\",\"mochaOpts\",\"jasmineOpts\",\"cucumberOpts\",\"onPrepare\",\"onWorkerStart\",\"onWorkerEnd\",\"before\",\"beforeSession\",\"beforeSuite\",\"beforeHook\",\"beforeTest\",\"afterTest\",\"afterHook\",\"afterSuite\",\"afterSession\",\"after\",\"onComplete\",\"beforeAssertion\",\"afterAssertion\",\"beforeFeature\",\"beforeScenario\",\"beforeStep\",\"afterStep\",\"afterScenario\",\"afterFeature\",\"_\",\"suite\",\"$0\",\"ignoredWorkerServices\",\"wdi5\"]"}]}
RESULT: {"script":"<script> [2342 bytes]","args":[{"protocol":"http","hostname":"0.0.0.0","path":"/","capabilities":{"browserName":"chrome","goog:chromeOptions":{"binary":"C:\\Program Files\\Google\\Chrome\\Application\\chrome.exe","args":["--start-maximized"]}},"logLevel":"warn","connectionRetryTimeout":120000,"connectionRetryCount":3,"logLevels":{},"enableDirectConnect":true,"strictSSL":true,"_":"65 more keys: [\"cacheDir\",\"port\",\"requestedCapabilities\",\"automationProtocol\",\"baseUrl\",\"waitforInterval\",\"waitforTimeout\",\"onReload\",\"beforeCommand\",\"afterCommand\",\"rootDir\",\"specs\",\"suites\",\"exclude\",\"groupLogsByTestSpec\",\"excludeDriverLogs\",\"bail\",\"framework\",\"reporters\",\"services\",\"maxInstances\",\"maxInstancesPerCapability\",\"injectGlobals\",\"filesToWatch\",\"execArgv\",\"runnerEnv\",\"runner\",\"shard\",\"specFileRetries\",\"specFileRetriesDelay\",\"specFileRetriesDeferred\",\"reporterSyncInterval\",\"reporterSyncTimeout\",\"cucumberFeaturesWithLineNumbers\",\"autoCompileOpts\",\"mochaOpts\",\"jasmineOpts\",\"cucumberOpts\",\"onPrepare\",\"onWorkerStart\",\"onWorkerEnd\",\"before\",\"beforeSession\",\"beforeSuite\",\"beforeHook\",\"beforeTest\",\"afterTest\",\"afterHook\",\"afterSuite\",\"afterSession\",\"after\",\"onComplete\",\"beforeAssertion\",\"afterAssertion\",\"beforeFeature\",\"beforeScenario\",\"beforeStep\",\"afterStep\",\"afterScenario\",\"afterFeature\",\"_\",\"suite\",\"$0\",\"ignoredWorkerServices\",\"wdi5\"]"}]}
COMMAND: POST /session/de809374161c7b69160a618664f1a5fa/execute/async - {"script":"<script> [21126 bytes]","args":[35000]}
RESULT: {"script":"<script> [21126 bytes]","args":[35000]}
COMMAND: POST /session/de809374161c7b69160a618664f1a5fa/execute/async - {"script":"<script> [1562 bytes]","args":[{"selector":{"controlType":"sap.m.Text","viewName":"etm.portal.ui.managerequests.view.Detail","bindingPath":{"path":"/SmartRequestItemsPlanningBoard(ITEM=10m,REQUEST='20166')","propertyPath":"STATUS_DESC"}},"wdio_ui5_key":"etmportal.ui.managerequests.view.Detailsap.m.Text{\"path\":\"/SmartRequestItemsPlanningBoard(ITEM=10m,REQUEST='20166')\",\"propertyPath\":\"STATUS_DESC\"}"}]}
RESULT: {"script":"<script> [1562 bytes]","args":[{"selector":{"controlType":"sap.m.Text","viewName":"etm.portal.ui.managerequests.view.Detail","bindingPath":{"path":"/SmartRequestItemsPlanningBoard(ITEM=10m,REQUEST='20166')","propertyPath":"STATUS_DESC"}},"wdio_ui5_key":"etmportal.ui.managerequests.view.Detailsap.m.Text{\"path\":\"/SmartRequestItemsPlanningBoard(ITEM=10m,REQUEST='20166')\",\"propertyPath\":\"STATUS_DESC\"}"}]}
RESULT: undefined
COMMAND: POST /session/de809374161c7b69160a618664f1a5fa/execute/async - {"script":"<script> [6424 bytes]","args":[{"element-6066-11e4-a52e-4f735466cecf":"f.BF26AF8B2ED0E270307A0F05FC587F4F.d.AF77B640E12845D7D1426DBE4E9687BF.e.12264"},"getText",[]]}
RESULT: {"script":"<script> [6424 bytes]","args":[{"element-6066-11e4-a52e-4f735466cecf":"f.BF26AF8B2ED0E270307A0F05FC587F4F.d.AF77B640E12845D7D1426DBE4E9687BF.e.12264"},"getText",[]]}
COMMAND: POST /session/de809374161c7b69160a618664f1a5fa/execute/async - {"script":"<script> [1562 bytes]","args":[{"selector":{"controlType":"sap.m.ObjectStatus","viewName":"etm.portal.ui.managerequests.view.Detail","bindingPath":{"path":"/RequestHeaders('20166')","propertyPath":"LINK_TO_STATUS/DESCRIPTION","modelName":"catalogModel"}},"wdio_ui5_key":"etmportal.ui.managerequests.view.Detailsap.m.ObjectStatus{\"path\":\"/RequestHeaders('20166')\",\"propertyPath\":\"LINK_TO_STATUS/DESCRIPTION\",\"modelName\":\"catalogModel\"}"}]}
RESULT: {"script":"<script> [1562 bytes]","args":[{"selector":{"controlType":"sap.m.ObjectStatus","viewName":"etm.portal.ui.managerequests.view.Detail","bindingPath":{"path":"/RequestHeaders('20166')","propertyPath":"LINK_TO_STATUS/DESCRIPTION","modelName":"catalogModel"}},"wdio_ui5_key":"etmportal.ui.managerequests.view.Detailsap.m.ObjectStatus{\"path\":\"/RequestHeaders('20166')\",\"propertyPath\":\"LINK_TO_STATUS/DESCRIPTION\",\"modelName\":\"catalogModel\"}"}]}
RESULT: undefined
COMMAND: POST /session/de809374161c7b69160a618664f1a5fa/execute/async - {"script":"<script> [6424 bytes]","args":[{"element-6066-11e4-a52e-4f735466cecf":"f.BF26AF8B2ED0E270307A0F05FC587F4F.d.AF77B640E12845D7D1426DBE4E9687BF.e.12265"},"getText",[]]}
RESULT: {"script":"<script> [6424 bytes]","args":[{"element-6066-11e4-a52e-4f735466cecf":"f.BF26AF8B2ED0E270307A0F05FC587F4F.d.AF77B640E12845D7D1426DBE4E9687BF.e.12265"},"getText",[]]}
COMMAND: POST /session/de809374161c7b69160a618664f1a5fa/element - {"using":"css selector","value":"#shell-header-logo"}
RESULT: {"using":"css selector","value":"#shell-header-logo"}
COMMAND: POST /session/de809374161c7b69160a618664f1a5fa/element/f.BF26AF8B2ED0E270307A0F05FC587F4F.d.AF77B640E12845D7D1426DBE4E9687BF.e.12058/click - {}
RESULT: {}
COMMAND: GET /session/de809374161c7b69160a618664f1a5fa/screenshot - {}
COMMAND: POST /session/de809374161c7b69160a618664f1a5fa/refresh - {}
RESULT: {}
RESULT: {}
COMMAND: GET /session/de809374161c7b69160a618664f1a5fa/screenshot - {}
RESULT: {}
COMMAND: POST /session/de809374161c7b69160a618664f1a5fa/execute/async - {"script":"<script> [189 bytes]","args":[]}
RESULT: {"script":"<script> [189 bytes]","args":[]}
COMMAND: POST /session/de809374161c7b69160a618664f1a5fa/execute/async - {"script":"<script> [123 bytes]","args":[]}
RESULT: {"script":"<script> [123 bytes]","args":[]}
COMMAND: POST /session/de809374161c7b69160a618664f1a5fa/timeouts - {"script":"<number>"}
RESULT: {"script":"<number>"}
COMMAND: GET /session/de809374161c7b69160a618664f1a5fa/timeouts - {}
RESULT: {}
RESULT: undefined
COMMAND: POST /session/de809374161c7b69160a618664f1a5fa/execute/async - {"script":"<script> [2676 bytes]","args":[]}
RESULT: {"script":"<script> [2676 bytes]","args":[]}
COMMAND: POST /session/de809374161c7b69160a618664f1a5fa/execute/async - {"script":"<script> [2342 bytes]","args":[{"protocol":"http","hostname":"0.0.0.0","path":"/","capabilities":{"browserName":"chrome","goog:chromeOptions":{"binary":"C:\\Program Files\\Google\\Chrome\\Application\\chrome.exe","args":["--start-maximized"]}},"logLevel":"warn","connectionRetryTimeout":120000,"connectionRetryCount":3,"logLevels":{},"enableDirectConnect":true,"strictSSL":true,"_":"65 more keys: [\"cacheDir\",\"port\",\"requestedCapabilities\",\"automationProtocol\",\"baseUrl\",\"waitforInterval\",\"waitforTimeout\",\"onReload\",\"beforeCommand\",\"afterCommand\",\"rootDir\",\"specs\",\"suites\",\"exclude\",\"groupLogsByTestSpec\",\"excludeDriverLogs\",\"bail\",\"framework\",\"reporters\",\"services\",\"maxInstances\",\"maxInstancesPerCapability\",\"injectGlobals\",\"filesToWatch\",\"execArgv\",\"runnerEnv\",\"runner\",\"shard\",\"specFileRetries\",\"specFileRetriesDelay\",\"specFileRetriesDeferred\",\"reporterSyncInterval\",\"reporterSyncTimeout\",\"cucumberFeaturesWithLineNumbers\",\"autoCompileOpts\",\"mochaOpts\",\"jasmineOpts\",\"cucumberOpts\",\"onPrepare\",\"onWorkerStart\",\"onWorkerEnd\",\"before\",\"beforeSession\",\"beforeSuite\",\"beforeHook\",\"beforeTest\",\"afterTest\",\"afterHook\",\"afterSuite\",\"afterSession\",\"after\",\"onComplete\",\"beforeAssertion\",\"afterAssertion\",\"beforeFeature\",\"beforeScenario\",\"beforeStep\",\"afterStep\",\"afterScenario\",\"afterFeature\",\"_\",\"suite\",\"$0\",\"ignoredWorkerServices\",\"wdi5\"]"}]}
RESULT: {"script":"<script> [2342 bytes]","args":[{"protocol":"http","hostname":"0.0.0.0","path":"/","capabilities":{"browserName":"chrome","goog:chromeOptions":{"binary":"C:\\Program Files\\Google\\Chrome\\Application\\chrome.exe","args":["--start-maximized"]}},"logLevel":"warn","connectionRetryTimeout":120000,"connectionRetryCount":3,"logLevels":{},"enableDirectConnect":true,"strictSSL":true,"_":"65 more keys: [\"cacheDir\",\"port\",\"requestedCapabilities\",\"automationProtocol\",\"baseUrl\",\"waitforInterval\",\"waitforTimeout\",\"onReload\",\"beforeCommand\",\"afterCommand\",\"rootDir\",\"specs\",\"suites\",\"exclude\",\"groupLogsByTestSpec\",\"excludeDriverLogs\",\"bail\",\"framework\",\"reporters\",\"services\",\"maxInstances\",\"maxInstancesPerCapability\",\"injectGlobals\",\"filesToWatch\",\"execArgv\",\"runnerEnv\",\"runner\",\"shard\",\"specFileRetries\",\"specFileRetriesDelay\",\"specFileRetriesDeferred\",\"reporterSyncInterval\",\"reporterSyncTimeout\",\"cucumberFeaturesWithLineNumbers\",\"autoCompileOpts\",\"mochaOpts\",\"jasmineOpts\",\"cucumberOpts\",\"onPrepare\",\"onWorkerStart\",\"onWorkerEnd\",\"before\",\"beforeSession\",\"beforeSuite\",\"beforeHook\",\"beforeTest\",\"afterTest\",\"afterHook\",\"afterSuite\",\"afterSession\",\"after\",\"onComplete\",\"beforeAssertion\",\"afterAssertion\",\"beforeFeature\",\"beforeScenario\",\"beforeStep\",\"afterStep\",\"afterScenario\",\"afterFeature\",\"_\",\"suite\",\"$0\",\"ignoredWorkerServices\",\"wdi5\"]"}]}
COMMAND: POST /session/de809374161c7b69160a618664f1a5fa/execute/async - {"script":"<script> [21126 bytes]","args":[35000]}
RESULT: {"script":"<script> [21126 bytes]","args":[35000]}
]]></system-out>
    </testcase>
  </testsuite>
  <testsuite timestamp="2025-05-29T16:24:42" time="363.62" tests="3" failures="0" errors="0" skipped="0">
    <properties>
      <property name="specId" value="0"/>
      <property name="suiteName" value="Process request items into new quotation US120163"/>
      <property name="capabilities" value="chrome.136_0_7103_93.windows"/>
      <property name="file" value="file:///D:/a/1/s/test/specs/R2C/process-request-items-into-new-quotation.spec.js"/>
    </properties>
    <testcase classname="chrome.136_0_7103_93.windows.Process_request_items_into_new_quotation_US120163" name="Should create a new request with catalog items and plan it" time="222.576">
      <system-out><![CDATA[
COMMAND: POST /session/de809374161c7b69160a618664f1a5fa/execute/async - {"script":"<script> [1562 bytes]","args":[{"selector":{"controlType":"sap.m.GenericTile","properties":{"header":"Manage Requests"}},"wdio_ui5_key":"sapm.GenericTile{\"header\":\"Manage Requests\"}"}]}
RESULT: {"script":"<script> [1562 bytes]","args":[{"selector":{"controlType":"sap.m.GenericTile","properties":{"header":"Manage Requests"}},"wdio_ui5_key":"sapm.GenericTile{\"header\":\"Manage Requests\"}"}]}
RESULT: undefined
COMMAND: POST /session/de809374161c7b69160a618664f1a5fa/element - {"using":"xpath","value":"//*[@id=\"__tile47\"]"}
RESULT: {"using":"xpath","value":"//*[@id=\"__tile47\"]"}
COMMAND: POST /session/de809374161c7b69160a618664f1a5fa/element/f.BF26AF8B2ED0E270307A0F05FC587F4F.d.67BD263DC81DB6B2B9B5790F0A8064DC.e.12290/click - {}
RESULT: {}
COMMAND: GET /session/de809374161c7b69160a618664f1a5fa/screenshot - {}
RESULT: {}
COMMAND: POST /session/de809374161c7b69160a618664f1a5fa/elements - {"using":"xpath","value":"//span[text()='Error']"}
RESULT: {"using":"xpath","value":"//span[text()='Error']"}
COMMAND: POST /session/de809374161c7b69160a618664f1a5fa/element - {"using":"xpath","value":"//button[contains(@data-kt ,\"btnCreateNewOverflowToolbarButton\")]"}
COMMAND: POST /session/de809374161c7b69160a618664f1a5fa/element - {"using":"xpath","value":"(//span[contains(@class ,\"sapMObjStatusText\")])[1]"}
RESULT: {"using":"xpath","value":"//button[contains(@data-kt ,\"btnCreateNewOverflowToolbarButton\")]"}
COMMAND: POST /session/de809374161c7b69160a618664f1a5fa/element/f.BF26AF8B2ED0E270307A0F05FC587F4F.d.67BD263DC81DB6B2B9B5790F0A8064DC.e.12347/click - {}
RESULT: {"using":"xpath","value":"(//span[contains(@class ,\"sapMObjStatusText\")])[1]"}
COMMAND: POST /session/de809374161c7b69160a618664f1a5fa/execute/sync - {"script":"<script> [8489 bytes]","args":[{"element-6066-11e4-a52e-4f735466cecf":"f.BF26AF8B2ED0E270307A0F05FC587F4F.d.67BD263DC81DB6B2B9B5790F0A8064DC.e.12386","ELEMENT":"f.BF26AF8B2ED0E270307A0F05FC587F4F.d.67BD263DC81DB6B2B9B5790F0A8064DC.e.12386"}]}
RESULT: {}
COMMAND: GET /session/de809374161c7b69160a618664f1a5fa/screenshot - {}
RESULT: {"script":"<script> [8489 bytes]","args":[{"element-6066-11e4-a52e-4f735466cecf":"f.BF26AF8B2ED0E270307A0F05FC587F4F.d.67BD263DC81DB6B2B9B5790F0A8064DC.e.12386","ELEMENT":"f.BF26AF8B2ED0E270307A0F05FC587F4F.d.67BD263DC81DB6B2B9B5790F0A8064DC.e.12386"}]}
COMMAND: GET /session/de809374161c7b69160a618664f1a5fa/screenshot - {}
RESULT: {}
RESULT: {}
COMMAND: POST /session/de809374161c7b69160a618664f1a5fa/element - {"using":"xpath","value":"//input[contains(@id ,\"yardId-inner\")]"}
RESULT: {"using":"xpath","value":"//input[contains(@id ,\"yardId-inner\")]"}
COMMAND: POST /session/de809374161c7b69160a618664f1a5fa/execute/sync - {"script":"<script> [8489 bytes]","args":[{"element-6066-11e4-a52e-4f735466cecf":"f.BF26AF8B2ED0E270307A0F05FC587F4F.d.67BD263DC81DB6B2B9B5790F0A8064DC.e.12478","ELEMENT":"f.BF26AF8B2ED0E270307A0F05FC587F4F.d.67BD263DC81DB6B2B9B5790F0A8064DC.e.12478"}]}
RESULT: {"script":"<script> [8489 bytes]","args":[{"element-6066-11e4-a52e-4f735466cecf":"f.BF26AF8B2ED0E270307A0F05FC587F4F.d.67BD263DC81DB6B2B9B5790F0A8064DC.e.12478","ELEMENT":"f.BF26AF8B2ED0E270307A0F05FC587F4F.d.67BD263DC81DB6B2B9B5790F0A8064DC.e.12478"}]}
COMMAND: POST /session/de809374161c7b69160a618664f1a5fa/element - {"using":"xpath","value":"//input[contains(@id ,\"yardId-inner\")]"}
COMMAND: GET /session/de809374161c7b69160a618664f1a5fa/screenshot - {}
RESULT: {"using":"xpath","value":"//input[contains(@id ,\"yardId-inner\")]"}
COMMAND: GET /session/de809374161c7b69160a618664f1a5fa/element/f.BF26AF8B2ED0E270307A0F05FC587F4F.d.67BD263DC81DB6B2B9B5790F0A8064DC.e.12478/enabled - {}
RESULT: {}
RESULT: {}
COMMAND: POST /session/de809374161c7b69160a618664f1a5fa/element/f.BF26AF8B2ED0E270307A0F05FC587F4F.d.67BD263DC81DB6B2B9B5790F0A8064DC.e.12478/clear - {}
COMMAND: GET /session/de809374161c7b69160a618664f1a5fa/screenshot - {}
RESULT: {}
COMMAND: POST /session/de809374161c7b69160a618664f1a5fa/element/f.BF26AF8B2ED0E270307A0F05FC587F4F.d.67BD263DC81DB6B2B9B5790F0A8064DC.e.12478/value - {"text":"WebdriverYarduxu1d"}
COMMAND: GET /session/de809374161c7b69160a618664f1a5fa/screenshot - {}
RESULT: {}
RESULT: {"text":"WebdriverYarduxu1d"}
COMMAND: GET /session/de809374161c7b69160a618664f1a5fa/screenshot - {}
RESULT: {}
RESULT: {}
COMMAND: POST /session/de809374161c7b69160a618664f1a5fa/element - {"using":"xpath","value":"//input[contains(@id ,\"customerNumber-inner\")]"}
RESULT: {"using":"xpath","value":"//input[contains(@id ,\"customerNumber-inner\")]"}
COMMAND: POST /session/de809374161c7b69160a618664f1a5fa/element/f.BF26AF8B2ED0E270307A0F05FC587F4F.d.67BD263DC81DB6B2B9B5790F0A8064DC.e.12472/value - {"text":"WebdriverPartnermab88"}
COMMAND: POST /session/de809374161c7b69160a618664f1a5fa/actions - {"actions":[{"id":"action98","type":"key","parameters":{},"actions":[{"type":"keyDown","value":""},{"type":"pause","duration":10},{"type":"keyUp","value":""}]}]}
RESULT: {"text":"WebdriverPartnermab88"}
COMMAND: GET /session/de809374161c7b69160a618664f1a5fa/screenshot - {}
RESULT: {"actions":[{"id":"action98","type":"key","parameters":{},"actions":[{"type":"keyDown","value":""},{"type":"pause","duration":10},{"type":"keyUp","value":""}]}]}
COMMAND: GET /session/de809374161c7b69160a618664f1a5fa/screenshot - {}
RESULT: {}
RESULT: {}
COMMAND: POST /session/de809374161c7b69160a618664f1a5fa/element/f.BF26AF8B2ED0E270307A0F05FC587F4F.d.67BD263DC81DB6B2B9B5790F0A8064DC.e.12478/clear - {}
RESULT: {}
COMMAND: POST /session/de809374161c7b69160a618664f1a5fa/element/f.BF26AF8B2ED0E270307A0F05FC587F4F.d.67BD263DC81DB6B2B9B5790F0A8064DC.e.12478/clear - {}
COMMAND: GET /session/de809374161c7b69160a618664f1a5fa/screenshot - {}
RESULT: {}
COMMAND: POST /session/de809374161c7b69160a618664f1a5fa/element/f.BF26AF8B2ED0E270307A0F05FC587F4F.d.67BD263DC81DB6B2B9B5790F0A8064DC.e.12478/value - {"text":"WebdriverYarduxu1d"}
COMMAND: GET /session/de809374161c7b69160a618664f1a5fa/screenshot - {}
RESULT: {}
COMMAND: POST /session/de809374161c7b69160a618664f1a5fa/actions - {"actions":[{"id":"action99","type":"key","parameters":{},"actions":[{"type":"keyDown","value":""},{"type":"pause","duration":10},{"type":"keyUp","value":""}]}]}
RESULT: {"text":"WebdriverYarduxu1d"}
COMMAND: GET /session/de809374161c7b69160a618664f1a5fa/screenshot - {}
RESULT: {}
RESULT: {"actions":[{"id":"action99","type":"key","parameters":{},"actions":[{"type":"keyDown","value":""},{"type":"pause","duration":10},{"type":"keyUp","value":""}]}]}
COMMAND: GET /session/de809374161c7b69160a618664f1a5fa/screenshot - {}
RESULT: {}
RESULT: {}
COMMAND: GET /session/de809374161c7b69160a618664f1a5fa/element/f.BF26AF8B2ED0E270307A0F05FC587F4F.d.67BD263DC81DB6B2B9B5790F0A8064DC.e.12472/property/value - {}
RESULT: {}
COMMAND: POST /session/de809374161c7b69160a618664f1a5fa/element - {"using":"xpath","value":"//input[contains(@id ,\"requestSiteId-inner\")]"}
COMMAND: GET /session/de809374161c7b69160a618664f1a5fa/screenshot - {}
RESULT: {"using":"xpath","value":"//input[contains(@id ,\"requestSiteId-inner\")]"}
COMMAND: POST /session/de809374161c7b69160a618664f1a5fa/element/f.BF26AF8B2ED0E270307A0F05FC587F4F.d.67BD263DC81DB6B2B9B5790F0A8064DC.e.12471/value - {"text":"WebdriverSitee9o56"}
RESULT: {}
COMMAND: POST /session/de809374161c7b69160a618664f1a5fa/actions - {"actions":[{"id":"action100","type":"key","parameters":{},"actions":[{"type":"keyDown","value":""},{"type":"pause","duration":10},{"type":"keyUp","value":""}]}]}
RESULT: {"text":"WebdriverSitee9o56"}
COMMAND: GET /session/de809374161c7b69160a618664f1a5fa/screenshot - {}
RESULT: {"actions":[{"id":"action100","type":"key","parameters":{},"actions":[{"type":"keyDown","value":""},{"type":"pause","duration":10},{"type":"keyUp","value":""}]}]}
COMMAND: GET /session/de809374161c7b69160a618664f1a5fa/screenshot - {}
RESULT: {}
RESULT: {}
COMMAND: POST /session/de809374161c7b69160a618664f1a5fa/actions - {"actions":[{"id":"action101","type":"key","parameters":{},"actions":[{"type":"keyDown","value":""},{"type":"pause","duration":10},{"type":"keyUp","value":""}]}]}
RESULT: {"actions":[{"id":"action101","type":"key","parameters":{},"actions":[{"type":"keyDown","value":""},{"type":"pause","duration":10},{"type":"keyUp","value":""}]}]}
COMMAND: GET /session/de809374161c7b69160a618664f1a5fa/screenshot - {}
RESULT: {}
COMMAND: POST /session/de809374161c7b69160a618664f1a5fa/element - {"using":"xpath","value":"//button[contains(@data-kt ,\"requestItemAddOverflowToolbarButton\")]"}
RESULT: {"using":"xpath","value":"//button[contains(@data-kt ,\"requestItemAddOverflowToolbarButton\")]"}
COMMAND: POST /session/de809374161c7b69160a618664f1a5fa/element/f.BF26AF8B2ED0E270307A0F05FC587F4F.d.67BD263DC81DB6B2B9B5790F0A8064DC.e.12659/click - {}
RESULT: {}
COMMAND: GET /session/de809374161c7b69160a618664f1a5fa/screenshot - {}
RESULT: {}
COMMAND: POST /session/de809374161c7b69160a618664f1a5fa/actions - {"actions":[{"id":"action102","type":"key","parameters":{},"actions":[{"type":"keyDown","value":""},{"type":"pause","duration":10},{"type":"keyUp","value":""}]}]}
RESULT: {"actions":[{"id":"action102","type":"key","parameters":{},"actions":[{"type":"keyDown","value":""},{"type":"pause","duration":10},{"type":"keyUp","value":""}]}]}
COMMAND: POST /session/de809374161c7b69160a618664f1a5fa/actions - {"actions":[{"id":"action103","type":"key","parameters":{},"actions":[{"type":"keyDown","value":""},{"type":"pause","duration":10},{"type":"keyUp","value":""}]}]}
COMMAND: GET /session/de809374161c7b69160a618664f1a5fa/screenshot - {}
RESULT: {"actions":[{"id":"action103","type":"key","parameters":{},"actions":[{"type":"keyDown","value":""},{"type":"pause","duration":10},{"type":"keyUp","value":""}]}]}
COMMAND: GET /session/de809374161c7b69160a618664f1a5fa/screenshot - {}
RESULT: {}
RESULT: {}
COMMAND: POST /session/de809374161c7b69160a618664f1a5fa/element - {"using":"xpath","value":"(//input[contains(@id ,\"requestItemsTable-0-inner\")])[1]"}
RESULT: {"using":"xpath","value":"(//input[contains(@id ,\"requestItemsTable-0-inner\")])[1]"}
COMMAND: POST /session/de809374161c7b69160a618664f1a5fa/element/f.BF26AF8B2ED0E270307A0F05FC587F4F.d.67BD263DC81DB6B2B9B5790F0A8064DC.e.12663/clear - {}
RESULT: {}
COMMAND: POST /session/de809374161c7b69160a618664f1a5fa/element/f.BF26AF8B2ED0E270307A0F05FC587F4F.d.67BD263DC81DB6B2B9B5790F0A8064DC.e.12663/value - {"text":"catalogItemoyq7v"}
COMMAND: GET /session/de809374161c7b69160a618664f1a5fa/screenshot - {}
RESULT: {"text":"catalogItemoyq7v"}
COMMAND: GET /session/de809374161c7b69160a618664f1a5fa/screenshot - {}
RESULT: {}
RESULT: {}
COMMAND: POST /session/de809374161c7b69160a618664f1a5fa/actions - {"actions":[{"id":"action104","type":"key","parameters":{},"actions":[{"type":"keyDown","value":""},{"type":"pause","duration":10},{"type":"keyUp","value":""}]}]}
RESULT: {"actions":[{"id":"action104","type":"key","parameters":{},"actions":[{"type":"keyDown","value":""},{"type":"pause","duration":10},{"type":"keyUp","value":""}]}]}
COMMAND: GET /session/de809374161c7b69160a618664f1a5fa/screenshot - {}
RESULT: {}
COMMAND: POST /session/de809374161c7b69160a618664f1a5fa/execute/async - {"script":"<script> [1562 bytes]","args":[{"selector":{"controlType":"sap.ui.core.Icon","viewName":"etm.portal.ui.managerequests.view.NewRequest","properties":{"src":{"regex":{"source":"slim\\-arrow\\-down"}}},"ancestor":{"controlType":"sap.m.Button","viewName":"etm.portal.ui.managerequests.view.NewRequest","properties":{"icon":"sap-icon://slim-arrow-down"}}},"wdio_ui5_key":"etmportal.ui.managerequests.view.NewRequestsap.ui.core.Icon{\"src\":{\"regex\":{\"source\":\"slim\\\\-arrow\\\\-down\"}}}{\"controlType\":\"sap.m.Button\",\"viewName\":\"etm.portal.ui.managerequests.view.NewRequest\",\"properties\":{\"icon\":\"sap-icon://slim-arrow-down\"}}"}]}
RESULT: {"script":"<script> [1562 bytes]","args":[{"selector":{"controlType":"sap.ui.core.Icon","viewName":"etm.portal.ui.managerequests.view.NewRequest","properties":{"src":{"regex":{"source":"slim\\-arrow\\-down"}}},"ancestor":{"controlType":"sap.m.Button","viewName":"etm.portal.ui.managerequests.view.NewRequest","properties":{"icon":"sap-icon://slim-arrow-down"}}},"wdio_ui5_key":"etmportal.ui.managerequests.view.NewRequestsap.ui.core.Icon{\"src\":{\"regex\":{\"source\":\"slim\\\\-arrow\\\\-down\"}}}{\"controlType\":\"sap.m.Button\",\"viewName\":\"etm.portal.ui.managerequests.view.NewRequest\",\"properties\":{\"icon\":\"sap-icon://slim-arrow-down\"}}"}]}
RESULT: undefined
COMMAND: POST /session/de809374161c7b69160a618664f1a5fa/element - {"using":"xpath","value":"//div[contains(@data-kt ,\"splitAllocationObjectStatus\")]"}
RESULT: {"using":"xpath","value":"//div[contains(@data-kt ,\"splitAllocationObjectStatus\")]"}
COMMAND: POST /session/de809374161c7b69160a618664f1a5fa/elements - {"using":"xpath","value":"//div[contains(@data-kt ,\"splitAllocationObjectStatus\")]"}
RESULT: {"using":"xpath","value":"//div[contains(@data-kt ,\"splitAllocationObjectStatus\")]"}
COMMAND: POST /session/de809374161c7b69160a618664f1a5fa/execute/async - {"script":"<script> [1562 bytes]","args":[{"selector":{"controlType":"sap.ui.core.Icon","viewName":"etm.portal.ui.managerequests.view.NewRequest","properties":{"src":{"regex":{"source":"message\\-error"}}}},"wdio_ui5_key":"etmportal.ui.managerequests.view.NewRequestsap.ui.core.Icon{\"src\":{\"regex\":{\"source\":\"message\\\\-error\"}}}"}]}
RESULT: {"script":"<script> [1562 bytes]","args":[{"selector":{"controlType":"sap.ui.core.Icon","viewName":"etm.portal.ui.managerequests.view.NewRequest","properties":{"src":{"regex":{"source":"message\\-error"}}}},"wdio_ui5_key":"etmportal.ui.managerequests.view.NewRequestsap.ui.core.Icon{\"src\":{\"regex\":{\"source\":\"message\\\\-error\"}}}"}]}
RESULT: undefined
COMMAND: POST /session/de809374161c7b69160a618664f1a5fa/element - {"using":"xpath","value":"//*[@id=\"__status4-__xmlview59--requestItemsTable-0-icon\"]"}
RESULT: {"using":"xpath","value":"//*[@id=\"__status4-__xmlview59--requestItemsTable-0-icon\"]"}
COMMAND: POST /session/de809374161c7b69160a618664f1a5fa/element/f.BF26AF8B2ED0E270307A0F05FC587F4F.d.67BD263DC81DB6B2B9B5790F0A8064DC.e.12678/click - {}
RESULT: {}
COMMAND: POST /session/de809374161c7b69160a618664f1a5fa/execute/async - {"script":"<script> [1562 bytes]","args":[{"selector":{"controlType":"sap.ui.core.Icon","viewName":"etm.portal.ui.managerequests.view.NewRequest","properties":{"src":{"regex":{"source":"slim\\-arrow\\-down"}}},"searchOpenDialogs":true,"ancestor":{"id":"costObjectAdminTypeComboBox","viewName":"etm.portal.ui.managerequests.view.NewRequest","searchOpenDialogs":true}},"wdio_ui5_key":"etmportal.ui.managerequests.view.NewRequestsap.ui.core.Icon{\"src\":{\"regex\":{\"source\":\"slim\\\\-arrow\\\\-down\"}}}{\"id\":\"costObjectAdminTypeComboBox\",\"viewName\":\"etm.portal.ui.managerequests.view.NewRequest\",\"searchOpenDialogs\":true}"}]}
COMMAND: GET /session/de809374161c7b69160a618664f1a5fa/screenshot - {}
RESULT: {"script":"<script> [1562 bytes]","args":[{"selector":{"controlType":"sap.ui.core.Icon","viewName":"etm.portal.ui.managerequests.view.NewRequest","properties":{"src":{"regex":{"source":"slim\\-arrow\\-down"}}},"searchOpenDialogs":true,"ancestor":{"id":"costObjectAdminTypeComboBox","viewName":"etm.portal.ui.managerequests.view.NewRequest","searchOpenDialogs":true}},"wdio_ui5_key":"etmportal.ui.managerequests.view.NewRequestsap.ui.core.Icon{\"src\":{\"regex\":{\"source\":\"slim\\\\-arrow\\\\-down\"}}}{\"id\":\"costObjectAdminTypeComboBox\",\"viewName\":\"etm.portal.ui.managerequests.view.NewRequest\",\"searchOpenDialogs\":true}"}]}
RESULT: undefined
COMMAND: POST /session/de809374161c7b69160a618664f1a5fa/element - {"using":"xpath","value":"//*[@id=\"__xmlview59--costObjectAdminTypeComboBox-arrow\"]"}
RESULT: {}
RESULT: {"using":"xpath","value":"//*[@id=\"__xmlview59--costObjectAdminTypeComboBox-arrow\"]"}
COMMAND: POST /session/de809374161c7b69160a618664f1a5fa/element/f.BF26AF8B2ED0E270307A0F05FC587F4F.d.67BD263DC81DB6B2B9B5790F0A8064DC.e.12683/click - {}
RESULT: {}
COMMAND: POST /session/de809374161c7b69160a618664f1a5fa/execute/async - {"script":"<script> [1562 bytes]","args":[{"selector":{"controlType":"sap.m.StandardListItem","viewName":"etm.portal.ui.managerequests.view.NewRequest","properties":{"title":"Cost Center"},"searchOpenDialogs":true,"interaction":{"idSuffix":"titleText"}},"wdio_ui5_key":"etmportal.ui.managerequests.view.NewRequestsap.m.StandardListItem{\"title\":\"Cost Center\"}"}]}
COMMAND: GET /session/de809374161c7b69160a618664f1a5fa/screenshot - {}
RESULT: {"script":"<script> [1562 bytes]","args":[{"selector":{"controlType":"sap.m.StandardListItem","viewName":"etm.portal.ui.managerequests.view.NewRequest","properties":{"title":"Cost Center"},"searchOpenDialogs":true,"interaction":{"idSuffix":"titleText"}},"wdio_ui5_key":"etmportal.ui.managerequests.view.NewRequestsap.m.StandardListItem{\"title\":\"Cost Center\"}"}]}
RESULT: undefined
COMMAND: POST /session/de809374161c7b69160a618664f1a5fa/element - {"using":"xpath","value":"//*[@id=\"__item950\"]"}
RESULT: {}
RESULT: {"using":"xpath","value":"//*[@id=\"__item950\"]"}
COMMAND: POST /session/de809374161c7b69160a618664f1a5fa/element/f.BF26AF8B2ED0E270307A0F05FC587F4F.d.67BD263DC81DB6B2B9B5790F0A8064DC.e.12686/click - {}
RESULT: {}
COMMAND: GET /session/de809374161c7b69160a618664f1a5fa/screenshot - {}
RESULT: {}
COMMAND: POST /session/de809374161c7b69160a618664f1a5fa/execute/async - {"script":"<script> [1562 bytes]","args":[{"selector":{"controlType":"sap.ui.core.Icon","viewName":"etm.portal.ui.managerequests.view.NewRequest","properties":{"src":{"regex":{"source":"value\\-help"}}},"searchOpenDialogs":true},"wdio_ui5_key":"etmportal.ui.managerequests.view.NewRequestsap.ui.core.Icon{\"src\":{\"regex\":{\"source\":\"value\\\\-help\"}}}"}]}
RESULT: {"script":"<script> [1562 bytes]","args":[{"selector":{"controlType":"sap.ui.core.Icon","viewName":"etm.portal.ui.managerequests.view.NewRequest","properties":{"src":{"regex":{"source":"value\\-help"}}},"searchOpenDialogs":true},"wdio_ui5_key":"etmportal.ui.managerequests.view.NewRequestsap.ui.core.Icon{\"src\":{\"regex\":{\"source\":\"value\\\\-help\"}}}"}]}
RESULT: undefined
COMMAND: POST /session/de809374161c7b69160a618664f1a5fa/element - {"using":"xpath","value":"//*[@id=\"__xmlview59--costObjectIdComboBox-vhi\"]"}
RESULT: {"using":"xpath","value":"//*[@id=\"__xmlview59--costObjectIdComboBox-vhi\"]"}
COMMAND: POST /session/de809374161c7b69160a618664f1a5fa/element/f.BF26AF8B2ED0E270307A0F05FC587F4F.d.67BD263DC81DB6B2B9B5790F0A8064DC.e.12693/click - {}
RESULT: {}
COMMAND: POST /session/de809374161c7b69160a618664f1a5fa/execute/async - {"script":"<script> [1562 bytes]","args":[{"selector":{"controlType":"sap.m.SearchField","properties":{"placeholder":"Search"},"searchOpenDialogs":true,"interaction":{"idSuffix":"I"}},"wdio_ui5_key":"sapm.SearchField{\"placeholder\":\"Search\"}"}]}
COMMAND: GET /session/de809374161c7b69160a618664f1a5fa/screenshot - {}
RESULT: {"script":"<script> [1562 bytes]","args":[{"selector":{"controlType":"sap.m.SearchField","properties":{"placeholder":"Search"},"searchOpenDialogs":true,"interaction":{"idSuffix":"I"}},"wdio_ui5_key":"sapm.SearchField{\"placeholder\":\"Search\"}"}]}
RESULT: undefined
COMMAND: POST /session/de809374161c7b69160a618664f1a5fa/execute/async - {"script":"<script> [776 bytes]","args":[{"enterText":"10001010","selector":{"controlType":"sap.m.SearchField","properties":{"placeholder":"Search"},"searchOpenDialogs":true,"interaction":{"idSuffix":"I"}},"clearTextFirst":true,"interactionType":"ENTER_TEXT"}]}
RESULT: {}
RESULT: {"script":"<script> [776 bytes]","args":[{"enterText":"10001010","selector":{"controlType":"sap.m.SearchField","properties":{"placeholder":"Search"},"searchOpenDialogs":true,"interaction":{"idSuffix":"I"}},"clearTextFirst":true,"interactionType":"ENTER_TEXT"}]}
COMMAND: POST /session/de809374161c7b69160a618664f1a5fa/actions - {"actions":[{"id":"action105","type":"key","parameters":{},"actions":[{"type":"keyDown","value":""},{"type":"pause","duration":10},{"type":"keyUp","value":""}]}]}
RESULT: {"actions":[{"id":"action105","type":"key","parameters":{},"actions":[{"type":"keyDown","value":""},{"type":"pause","duration":10},{"type":"keyUp","value":""}]}]}
COMMAND: GET /session/de809374161c7b69160a618664f1a5fa/screenshot - {}
RESULT: {}
COMMAND: POST /session/de809374161c7b69160a618664f1a5fa/execute/async - {"script":"<script> [1562 bytes]","args":[{"selector":{"controlType":"sap.m.Text","bindingPath":{"path":"/C_CostCtrValueHelp(CostCenter='10001010',ControllingArea='Z001')","propertyPath":"CostCenterName","modelName":"CostCenterModel"},"searchOpenDialogs":true},"wdio_ui5_key":"sapm.Text{\"path\":\"/C_CostCtrValueHelp(CostCenter='10001010',ControllingArea='Z001')\",\"propertyPath\":\"CostCenterName\",\"modelName\":\"CostCenterModel\"}"}]}
RESULT: {"script":"<script> [1562 bytes]","args":[{"selector":{"controlType":"sap.m.Text","bindingPath":{"path":"/C_CostCtrValueHelp(CostCenter='10001010',ControllingArea='Z001')","propertyPath":"CostCenterName","modelName":"CostCenterModel"},"searchOpenDialogs":true},"wdio_ui5_key":"sapm.Text{\"path\":\"/C_CostCtrValueHelp(CostCenter='10001010',ControllingArea='Z001')\",\"propertyPath\":\"CostCenterName\",\"modelName\":\"CostCenterModel\"}"}]}
RESULT: undefined
COMMAND: POST /session/de809374161c7b69160a618664f1a5fa/element - {"using":"xpath","value":"//*[@id=\"__text291-__clone1083\"]"}
RESULT: {"using":"xpath","value":"//*[@id=\"__text291-__clone1083\"]"}
COMMAND: POST /session/de809374161c7b69160a618664f1a5fa/element/f.BF26AF8B2ED0E270307A0F05FC587F4F.d.67BD263DC81DB6B2B9B5790F0A8064DC.e.12733/click - {}
RESULT: {}
COMMAND: POST /session/de809374161c7b69160a618664f1a5fa/execute/async - {"script":"<script> [1562 bytes]","args":[{"selector":{"controlType":"sap.m.Button","properties":{"text":"OK"},"searchOpenDialogs":true,"interaction":{"idSuffix":"BDI-content"}},"wdio_ui5_key":"sapm.Button{\"text\":\"OK\"}"}]}
COMMAND: GET /session/de809374161c7b69160a618664f1a5fa/screenshot - {}
RESULT: {"script":"<script> [1562 bytes]","args":[{"selector":{"controlType":"sap.m.Button","properties":{"text":"OK"},"searchOpenDialogs":true,"interaction":{"idSuffix":"BDI-content"}},"wdio_ui5_key":"sapm.Button{\"text\":\"OK\"}"}]}
RESULT: undefined
COMMAND: POST /session/de809374161c7b69160a618664f1a5fa/element - {"using":"xpath","value":"//*[@id=\"__dialog1-ok\"]"}
RESULT: {}
RESULT: {"using":"xpath","value":"//*[@id=\"__dialog1-ok\"]"}
COMMAND: POST /session/de809374161c7b69160a618664f1a5fa/element/f.BF26AF8B2ED0E270307A0F05FC587F4F.d.67BD263DC81DB6B2B9B5790F0A8064DC.e.12735/click - {}
RESULT: {}
COMMAND: GET /session/de809374161c7b69160a618664f1a5fa/screenshot - {}
RESULT: {}
COMMAND: POST /session/de809374161c7b69160a618664f1a5fa/execute/async - {"script":"<script> [1562 bytes]","args":[{"selector":{"controlType":"sap.m.Button","viewName":"etm.portal.ui.managerequests.view.NewRequest","i18NText":{"propertyName":"text","key":"save"},"searchOpenDialogs":true,"interaction":{"idSuffix":"BDI-content"}},"wdio_ui5_key":"etmportal.ui.managerequests.view.NewRequestsap.m.Button{\"propertyName\":\"text\",\"key\":\"save\"}"}]}
RESULT: {"script":"<script> [1562 bytes]","args":[{"selector":{"controlType":"sap.m.Button","viewName":"etm.portal.ui.managerequests.view.NewRequest","i18NText":{"propertyName":"text","key":"save"},"searchOpenDialogs":true,"interaction":{"idSuffix":"BDI-content"}},"wdio_ui5_key":"etmportal.ui.managerequests.view.NewRequestsap.m.Button{\"propertyName\":\"text\",\"key\":\"save\"}"}]}
RESULT: undefined
COMMAND: POST /session/de809374161c7b69160a618664f1a5fa/element - {"using":"xpath","value":"//*[@id=\"__button24\"]"}
RESULT: {"using":"xpath","value":"//*[@id=\"__button24\"]"}
COMMAND: POST /session/de809374161c7b69160a618664f1a5fa/element/f.BF26AF8B2ED0E270307A0F05FC587F4F.d.67BD263DC81DB6B2B9B5790F0A8064DC.e.12739/click - {}
RESULT: {}
COMMAND: GET /session/de809374161c7b69160a618664f1a5fa/screenshot - {}
RESULT: {}
COMMAND: POST /session/de809374161c7b69160a618664f1a5fa/element - {"using":"xpath","value":"(//bdi[contains(text() ,\"Save\")])[1]"}
RESULT: {"using":"xpath","value":"(//bdi[contains(text() ,\"Save\")])[1]"}
COMMAND: POST /session/de809374161c7b69160a618664f1a5fa/element/f.BF26AF8B2ED0E270307A0F05FC587F4F.d.67BD263DC81DB6B2B9B5790F0A8064DC.e.12741/click - {}
RESULT: {}
COMMAND: GET /session/de809374161c7b69160a618664f1a5fa/screenshot - {}
RESULT: {}
COMMAND: POST /session/de809374161c7b69160a618664f1a5fa/execute/async - {"script":"<script> [1562 bytes]","args":[{"selector":{"controlType":"sap.m.Title","properties":{"text":"Success"},"searchOpenDialogs":true},"wdio_ui5_key":"sapm.Title{\"text\":\"Success\"}"}]}
RESULT: {"script":"<script> [1562 bytes]","args":[{"selector":{"controlType":"sap.m.Title","properties":{"text":"Success"},"searchOpenDialogs":true},"wdio_ui5_key":"sapm.Title{\"text\":\"Success\"}"}]}
RESULT: undefined
COMMAND: POST /session/de809374161c7b69160a618664f1a5fa/execute/async - {"script":"<script> [6424 bytes]","args":[{"element-6066-11e4-a52e-4f735466cecf":"f.BF26AF8B2ED0E270307A0F05FC587F4F.d.67BD263DC81DB6B2B9B5790F0A8064DC.e.12744"},"getText",[]]}
RESULT: {"script":"<script> [6424 bytes]","args":[{"element-6066-11e4-a52e-4f735466cecf":"f.BF26AF8B2ED0E270307A0F05FC587F4F.d.67BD263DC81DB6B2B9B5790F0A8064DC.e.12744"},"getText",[]]}
COMMAND: POST /session/de809374161c7b69160a618664f1a5fa/execute/async - {"script":"<script> [1562 bytes]","args":[{"selector":{"controlType":"sap.m.Button","properties":{"text":"Close"},"searchOpenDialogs":true,"interaction":{"idSuffix":"BDI-content"}},"wdio_ui5_key":"sapm.Button{\"text\":\"Close\"}"}]}
RESULT: {"script":"<script> [1562 bytes]","args":[{"selector":{"controlType":"sap.m.Button","properties":{"text":"Close"},"searchOpenDialogs":true,"interaction":{"idSuffix":"BDI-content"}},"wdio_ui5_key":"sapm.Button{\"text\":\"Close\"}"}]}
RESULT: undefined
COMMAND: POST /session/de809374161c7b69160a618664f1a5fa/element - {"using":"xpath","value":"//*[@id=\"__mbox-btn-0\"]"}
RESULT: {"using":"xpath","value":"//*[@id=\"__mbox-btn-0\"]"}
COMMAND: POST /session/de809374161c7b69160a618664f1a5fa/element/f.BF26AF8B2ED0E270307A0F05FC587F4F.d.67BD263DC81DB6B2B9B5790F0A8064DC.e.12743/click - {}
RESULT: {}
COMMAND: GET /session/de809374161c7b69160a618664f1a5fa/screenshot - {}
RESULT: {}
COMMAND: POST /session/de809374161c7b69160a618664f1a5fa/execute/async - {"script":"<script> [1562 bytes]","args":[{"selector":{"controlType":"sap.m.Text","viewName":"etm.portal.ui.managerequests.view.Detail","bindingPath":{"propertyPath":"NO","modelName":"catalogModel"}},"wdio_ui5_key":"etmportal.ui.managerequests.view.Detailsap.m.Text{\"propertyPath\":\"NO\",\"modelName\":\"catalogModel\"}"}]}
RESULT: {"script":"<script> [1562 bytes]","args":[{"selector":{"controlType":"sap.m.Text","viewName":"etm.portal.ui.managerequests.view.Detail","bindingPath":{"propertyPath":"NO","modelName":"catalogModel"}},"wdio_ui5_key":"etmportal.ui.managerequests.view.Detailsap.m.Text{\"propertyPath\":\"NO\",\"modelName\":\"catalogModel\"}"}]}
RESULT: undefined
COMMAND: POST /session/de809374161c7b69160a618664f1a5fa/execute/async - {"script":"<script> [6424 bytes]","args":[{"element-6066-11e4-a52e-4f735466cecf":"f.BF26AF8B2ED0E270307A0F05FC587F4F.d.67BD263DC81DB6B2B9B5790F0A8064DC.e.12878"},"getText",[]]}
RESULT: {"script":"<script> [6424 bytes]","args":[{"element-6066-11e4-a52e-4f735466cecf":"f.BF26AF8B2ED0E270307A0F05FC587F4F.d.67BD263DC81DB6B2B9B5790F0A8064DC.e.12878"},"getText",[]]}
COMMAND: POST /session/de809374161c7b69160a618664f1a5fa/execute/async - {"script":"<script> [1562 bytes]","args":[{"selector":{"controlType":"sap.ui.core.Icon","viewName":"etm.portal.ui.managerequests.view.Detail","properties":{"src":{"regex":{"source":"date\\-time"}}},"ancestor":{"controlType":"sap.m.ColumnListItem","viewName":"etm.portal.ui.managerequests.view.Detail","bindingPath":{"path":"/SmartRequestItemsPlanningBoard(ITEM=10m,REQUEST='20167')"},"ancestor":{"id":"requestItemsTable","viewName":"etm.portal.ui.managerequests.view.Detail"}}},"wdio_ui5_key":"etmportal.ui.managerequests.view.Detailsap.ui.core.Icon{\"src\":{\"regex\":{\"source\":\"date\\\\-time\"}}}{\"controlType\":\"sap.m.ColumnListItem\",\"viewName\":\"etm.portal.ui.managerequests.view.Detail\",\"bindingPath\":{\"path\":\"/SmartRequestItemsPlanningBoard(ITEM=10m,REQUEST='20167')\"},\"ancestor\":{\"id\":\"requestItemsTable\",\"viewName\":\"etm.portal.ui.managerequests.view.Detail\"}}"}]}
RESULT: {"script":"<script> [1562 bytes]","args":[{"selector":{"controlType":"sap.ui.core.Icon","viewName":"etm.portal.ui.managerequests.view.Detail","properties":{"src":{"regex":{"source":"date\\-time"}}},"ancestor":{"controlType":"sap.m.ColumnListItem","viewName":"etm.portal.ui.managerequests.view.Detail","bindingPath":{"path":"/SmartRequestItemsPlanningBoard(ITEM=10m,REQUEST='20167')"},"ancestor":{"id":"requestItemsTable","viewName":"etm.portal.ui.managerequests.view.Detail"}}},"wdio_ui5_key":"etmportal.ui.managerequests.view.Detailsap.ui.core.Icon{\"src\":{\"regex\":{\"source\":\"date\\\\-time\"}}}{\"controlType\":\"sap.m.ColumnListItem\",\"viewName\":\"etm.portal.ui.managerequests.view.Detail\",\"bindingPath\":{\"path\":\"/SmartRequestItemsPlanningBoard(ITEM=10m,REQUEST='20167')\"},\"ancestor\":{\"id\":\"requestItemsTable\",\"viewName\":\"etm.portal.ui.managerequests.view.Detail\"}}"}]}
RESULT: undefined
COMMAND: POST /session/de809374161c7b69160a618664f1a5fa/element - {"using":"xpath","value":"//*[@id=\"__button39-__clone1122-img\"]"}
RESULT: {"using":"xpath","value":"//*[@id=\"__button39-__clone1122-img\"]"}
COMMAND: POST /session/de809374161c7b69160a618664f1a5fa/element/f.BF26AF8B2ED0E270307A0F05FC587F4F.d.67BD263DC81DB6B2B9B5790F0A8064DC.e.12879/click - {}
RESULT: {}
COMMAND: POST /session/de809374161c7b69160a618664f1a5fa/execute/async - {"script":"<script> [1562 bytes]","args":[{"selector":{"controlType":"sap.m.Button","viewName":"etm.portal.ui.managerequests.view.Detail","properties":{"text":"Close"},"searchOpenDialogs":true,"interaction":{"idSuffix":"BDI-content"}},"wdio_ui5_key":"etmportal.ui.managerequests.view.Detailsap.m.Button{\"text\":\"Close\"}"}]}
COMMAND: GET /session/de809374161c7b69160a618664f1a5fa/screenshot - {}
RESULT: {"script":"<script> [1562 bytes]","args":[{"selector":{"controlType":"sap.m.Button","viewName":"etm.portal.ui.managerequests.view.Detail","properties":{"text":"Close"},"searchOpenDialogs":true,"interaction":{"idSuffix":"BDI-content"}},"wdio_ui5_key":"etmportal.ui.managerequests.view.Detailsap.m.Button{\"text\":\"Close\"}"}]}
RESULT: undefined
COMMAND: POST /session/de809374161c7b69160a618664f1a5fa/element - {"using":"xpath","value":"//*[@id=\"__button49\"]"}
RESULT: {}
RESULT: {"using":"xpath","value":"//*[@id=\"__button49\"]"}
COMMAND: POST /session/de809374161c7b69160a618664f1a5fa/element/f.BF26AF8B2ED0E270307A0F05FC587F4F.d.67BD263DC81DB6B2B9B5790F0A8064DC.e.12881/click - {}
RESULT: {}
COMMAND: POST /session/de809374161c7b69160a618664f1a5fa/refresh - {}
COMMAND: GET /session/de809374161c7b69160a618664f1a5fa/screenshot - {}
RESULT: {}
COMMAND: GET /session/de809374161c7b69160a618664f1a5fa/screenshot - {}
RESULT: {}
RESULT: {}
COMMAND: POST /session/de809374161c7b69160a618664f1a5fa/execute/async - {"script":"<script> [189 bytes]","args":[]}
RESULT: {"script":"<script> [189 bytes]","args":[]}
COMMAND: POST /session/de809374161c7b69160a618664f1a5fa/execute/async - {"script":"<script> [123 bytes]","args":[]}
RESULT: {"script":"<script> [123 bytes]","args":[]}
COMMAND: POST /session/de809374161c7b69160a618664f1a5fa/timeouts - {"script":"<number>"}
RESULT: {"script":"<number>"}
COMMAND: GET /session/de809374161c7b69160a618664f1a5fa/timeouts - {}
RESULT: {}
RESULT: undefined
COMMAND: POST /session/de809374161c7b69160a618664f1a5fa/execute/async - {"script":"<script> [2676 bytes]","args":[]}
RESULT: {"script":"<script> [2676 bytes]","args":[]}
COMMAND: POST /session/de809374161c7b69160a618664f1a5fa/execute/async - {"script":"<script> [2342 bytes]","args":[{"protocol":"http","hostname":"0.0.0.0","path":"/","capabilities":{"browserName":"chrome","goog:chromeOptions":{"binary":"C:\\Program Files\\Google\\Chrome\\Application\\chrome.exe","args":["--start-maximized"]}},"logLevel":"warn","connectionRetryTimeout":120000,"connectionRetryCount":3,"logLevels":{},"enableDirectConnect":true,"strictSSL":true,"_":"65 more keys: [\"cacheDir\",\"port\",\"requestedCapabilities\",\"automationProtocol\",\"baseUrl\",\"waitforInterval\",\"waitforTimeout\",\"onReload\",\"beforeCommand\",\"afterCommand\",\"rootDir\",\"specs\",\"suites\",\"exclude\",\"groupLogsByTestSpec\",\"excludeDriverLogs\",\"bail\",\"framework\",\"reporters\",\"services\",\"maxInstances\",\"maxInstancesPerCapability\",\"injectGlobals\",\"filesToWatch\",\"execArgv\",\"runnerEnv\",\"runner\",\"shard\",\"specFileRetries\",\"specFileRetriesDelay\",\"specFileRetriesDeferred\",\"reporterSyncInterval\",\"reporterSyncTimeout\",\"cucumberFeaturesWithLineNumbers\",\"autoCompileOpts\",\"mochaOpts\",\"jasmineOpts\",\"cucumberOpts\",\"onPrepare\",\"onWorkerStart\",\"onWorkerEnd\",\"before\",\"beforeSession\",\"beforeSuite\",\"beforeHook\",\"beforeTest\",\"afterTest\",\"afterHook\",\"afterSuite\",\"afterSession\",\"after\",\"onComplete\",\"beforeAssertion\",\"afterAssertion\",\"beforeFeature\",\"beforeScenario\",\"beforeStep\",\"afterStep\",\"afterScenario\",\"afterFeature\",\"_\",\"suite\",\"$0\",\"ignoredWorkerServices\",\"wdi5\"]"}]}
RESULT: {"script":"<script> [2342 bytes]","args":[{"protocol":"http","hostname":"0.0.0.0","path":"/","capabilities":{"browserName":"chrome","goog:chromeOptions":{"binary":"C:\\Program Files\\Google\\Chrome\\Application\\chrome.exe","args":["--start-maximized"]}},"logLevel":"warn","connectionRetryTimeout":120000,"connectionRetryCount":3,"logLevels":{},"enableDirectConnect":true,"strictSSL":true,"_":"65 more keys: [\"cacheDir\",\"port\",\"requestedCapabilities\",\"automationProtocol\",\"baseUrl\",\"waitforInterval\",\"waitforTimeout\",\"onReload\",\"beforeCommand\",\"afterCommand\",\"rootDir\",\"specs\",\"suites\",\"exclude\",\"groupLogsByTestSpec\",\"excludeDriverLogs\",\"bail\",\"framework\",\"reporters\",\"services\",\"maxInstances\",\"maxInstancesPerCapability\",\"injectGlobals\",\"filesToWatch\",\"execArgv\",\"runnerEnv\",\"runner\",\"shard\",\"specFileRetries\",\"specFileRetriesDelay\",\"specFileRetriesDeferred\",\"reporterSyncInterval\",\"reporterSyncTimeout\",\"cucumberFeaturesWithLineNumbers\",\"autoCompileOpts\",\"mochaOpts\",\"jasmineOpts\",\"cucumberOpts\",\"onPrepare\",\"onWorkerStart\",\"onWorkerEnd\",\"before\",\"beforeSession\",\"beforeSuite\",\"beforeHook\",\"beforeTest\",\"afterTest\",\"afterHook\",\"afterSuite\",\"afterSession\",\"after\",\"onComplete\",\"beforeAssertion\",\"afterAssertion\",\"beforeFeature\",\"beforeScenario\",\"beforeStep\",\"afterStep\",\"afterScenario\",\"afterFeature\",\"_\",\"suite\",\"$0\",\"ignoredWorkerServices\",\"wdi5\"]"}]}
COMMAND: POST /session/de809374161c7b69160a618664f1a5fa/execute/async - {"script":"<script> [21126 bytes]","args":[35000]}
RESULT: {"script":"<script> [21126 bytes]","args":[35000]}
]]></system-out>
    </testcase>
    <testcase classname="chrome.136_0_7103_93.windows.Process_request_items_into_new_quotation_US120163" name="Should process the request into a new quotation" time="71.115">
      <system-out><![CDATA[
COMMAND: GET /session/de809374161c7b69160a618664f1a5fa/window - {}
RESULT: {}
COMMAND: POST /session/de809374161c7b69160a618664f1a5fa/element - {"using":"xpath","value":"//span[contains(@id ,\"detailHeaderTitle-_actionsToolbar-overflowButton-img\")]"}
RESULT: {"using":"xpath","value":"//span[contains(@id ,\"detailHeaderTitle-_actionsToolbar-overflowButton-img\")]"}
COMMAND: POST /session/de809374161c7b69160a618664f1a5fa/element/f.BF26AF8B2ED0E270307A0F05FC587F4F.d.5F114E1D712FFDFBA5BBB2B124917BE8.e.13102/click - {}
RESULT: {}
COMMAND: GET /session/de809374161c7b69160a618664f1a5fa/screenshot - {}
RESULT: {}
COMMAND: POST /session/de809374161c7b69160a618664f1a5fa/element - {"using":"xpath","value":"//span[contains(@id ,\"actionsMenuButton-internalSplitBtn-arrowButton-img\")]"}
RESULT: {"using":"xpath","value":"//span[contains(@id ,\"actionsMenuButton-internalSplitBtn-arrowButton-img\")]"}
COMMAND: POST /session/de809374161c7b69160a618664f1a5fa/element/f.BF26AF8B2ED0E270307A0F05FC587F4F.d.5F114E1D712FFDFBA5BBB2B124917BE8.e.13106/click - {}
RESULT: {}
COMMAND: GET /session/de809374161c7b69160a618664f1a5fa/screenshot - {}
RESULT: {}
COMMAND: POST /session/de809374161c7b69160a618664f1a5fa/actions - {"actions":[{"id":"action106","type":"key","parameters":{},"actions":[{"type":"keyDown","value":""},{"type":"pause","duration":10},{"type":"keyUp","value":""}]}]}
RESULT: {"actions":[{"id":"action106","type":"key","parameters":{},"actions":[{"type":"keyDown","value":""},{"type":"pause","duration":10},{"type":"keyUp","value":""}]}]}
COMMAND: GET /session/de809374161c7b69160a618664f1a5fa/screenshot - {}
RESULT: {}
COMMAND: POST /session/de809374161c7b69160a618664f1a5fa/actions - {"actions":[{"id":"action107","type":"key","parameters":{},"actions":[{"type":"keyDown","value":""},{"type":"pause","duration":10},{"type":"keyUp","value":""}]}]}
RESULT: {"actions":[{"id":"action107","type":"key","parameters":{},"actions":[{"type":"keyDown","value":""},{"type":"pause","duration":10},{"type":"keyUp","value":""}]}]}
COMMAND: GET /session/de809374161c7b69160a618664f1a5fa/screenshot - {}
RESULT: {}
COMMAND: POST /session/de809374161c7b69160a618664f1a5fa/actions - {"actions":[{"id":"action108","type":"key","parameters":{},"actions":[{"type":"keyDown","value":""},{"type":"pause","duration":10},{"type":"keyUp","value":""}]}]}
RESULT: {"actions":[{"id":"action108","type":"key","parameters":{},"actions":[{"type":"keyDown","value":""},{"type":"pause","duration":10},{"type":"keyUp","value":""}]}]}
COMMAND: GET /session/de809374161c7b69160a618664f1a5fa/screenshot - {}
RESULT: {}
COMMAND: POST /session/de809374161c7b69160a618664f1a5fa/actions - {"actions":[{"id":"action109","type":"key","parameters":{},"actions":[{"type":"keyDown","value":""},{"type":"pause","duration":10},{"type":"keyUp","value":""}]}]}
RESULT: {"actions":[{"id":"action109","type":"key","parameters":{},"actions":[{"type":"keyDown","value":""},{"type":"pause","duration":10},{"type":"keyUp","value":""}]}]}
COMMAND: GET /session/de809374161c7b69160a618664f1a5fa/screenshot - {}
RESULT: {}
COMMAND: POST /session/de809374161c7b69160a618664f1a5fa/actions - {"actions":[{"id":"action110","type":"key","parameters":{},"actions":[{"type":"keyDown","value":""},{"type":"pause","duration":10},{"type":"keyUp","value":""}]}]}
RESULT: {"actions":[{"id":"action110","type":"key","parameters":{},"actions":[{"type":"keyDown","value":""},{"type":"pause","duration":10},{"type":"keyUp","value":""}]}]}
COMMAND: GET /session/de809374161c7b69160a618664f1a5fa/screenshot - {}
RESULT: {}
COMMAND: GET /session/de809374161c7b69160a618664f1a5fa/window/handles - {}
RESULT: {}
COMMAND: GET /session/de809374161c7b69160a618664f1a5fa/window/handles - {}
RESULT: {}
COMMAND: POST /session/de809374161c7b69160a618664f1a5fa/window - {"handle":"19A940C9DCCA0B0471694B6EB6BD935B"}
RESULT: {"handle":"19A940C9DCCA0B0471694B6EB6BD935B"}
COMMAND: GET /session/de809374161c7b69160a618664f1a5fa/url - {}
RESULT: {}
COMMAND: GET /session/de809374161c7b69160a618664f1a5fa/screenshot - {}
COMMAND: POST /session/de809374161c7b69160a618664f1a5fa/element - {"using":"xpath","value":"//span[contains(text(), \"Header Billing Items\")]"}
RESULT: {}
RESULT: {"using":"xpath","value":"//span[contains(text(), \"Header Billing Items\")]"}
COMMAND: POST /session/de809374161c7b69160a618664f1a5fa/element/f.19A940C9DCCA0B0471694B6EB6BD935B.d.7111DF4D9792E8EB48D02CC5CFA98D44.e.13253/click - {}
RESULT: {}
COMMAND: GET /session/de809374161c7b69160a618664f1a5fa/screenshot - {}
RESULT: {}
COMMAND: POST /session/de809374161c7b69160a618664f1a5fa/element - {"using":"xpath","value":"//span[contains(@id ,\"contractItemsSmartTable-header-inner\")]"}
RESULT: {"using":"xpath","value":"//span[contains(@id ,\"contractItemsSmartTable-header-inner\")]"}
COMMAND: GET /session/de809374161c7b69160a618664f1a5fa/element/f.19A940C9DCCA0B0471694B6EB6BD935B.d.7111DF4D9792E8EB48D02CC5CFA98D44.e.13317/text - {}
RESULT: {}
COMMAND: POST /session/de809374161c7b69160a618664f1a5fa/element - {"using":"xpath","value":"//span[@class=\"sapMObjStatusText\"][contains(text(), \"proposed\")]"}
RESULT: {"using":"xpath","value":"//span[@class=\"sapMObjStatusText\"][contains(text(), \"proposed\")]"}
COMMAND: GET /session/de809374161c7b69160a618664f1a5fa/element/f.19A940C9DCCA0B0471694B6EB6BD935B.d.7111DF4D9792E8EB48D02CC5CFA98D44.e.13318/text - {}
RESULT: {}
COMMAND: DELETE /session/de809374161c7b69160a618664f1a5fa/window - {}
RESULT: {}
COMMAND: POST /session/de809374161c7b69160a618664f1a5fa/window - {"handle":"BF26AF8B2ED0E270307A0F05FC587F4F"}
RESULT: {"handle":"BF26AF8B2ED0E270307A0F05FC587F4F"}
COMMAND: GET /session/de809374161c7b69160a618664f1a5fa/url - {}
RESULT: {}
COMMAND: GET /session/de809374161c7b69160a618664f1a5fa/screenshot - {}
RESULT: {}
]]></system-out>
    </testcase>
    <testcase classname="chrome.136_0_7103_93.windows.Process_request_items_into_new_quotation_US120163" name="Should navigate back to the request and check the request and item statuses" time="38.562">
      <system-out><![CDATA[
COMMAND: POST /session/de809374161c7b69160a618664f1a5fa/refresh - {}
RESULT: {}
COMMAND: GET /session/de809374161c7b69160a618664f1a5fa/screenshot - {}
RESULT: {}
COMMAND: POST /session/de809374161c7b69160a618664f1a5fa/execute/async - {"script":"<script> [189 bytes]","args":[]}
RESULT: {"script":"<script> [189 bytes]","args":[]}
COMMAND: POST /session/de809374161c7b69160a618664f1a5fa/execute/async - {"script":"<script> [123 bytes]","args":[]}
RESULT: {"script":"<script> [123 bytes]","args":[]}
COMMAND: POST /session/de809374161c7b69160a618664f1a5fa/timeouts - {"script":"<number>"}
RESULT: {"script":"<number>"}
COMMAND: GET /session/de809374161c7b69160a618664f1a5fa/timeouts - {}
RESULT: {}
RESULT: undefined
COMMAND: POST /session/de809374161c7b69160a618664f1a5fa/execute/async - {"script":"<script> [2676 bytes]","args":[]}
RESULT: {"script":"<script> [2676 bytes]","args":[]}
COMMAND: POST /session/de809374161c7b69160a618664f1a5fa/execute/async - {"script":"<script> [2342 bytes]","args":[{"protocol":"http","hostname":"0.0.0.0","path":"/","capabilities":{"browserName":"chrome","goog:chromeOptions":{"binary":"C:\\Program Files\\Google\\Chrome\\Application\\chrome.exe","args":["--start-maximized"]}},"logLevel":"warn","connectionRetryTimeout":120000,"connectionRetryCount":3,"logLevels":{},"enableDirectConnect":true,"strictSSL":true,"_":"65 more keys: [\"cacheDir\",\"port\",\"requestedCapabilities\",\"automationProtocol\",\"baseUrl\",\"waitforInterval\",\"waitforTimeout\",\"onReload\",\"beforeCommand\",\"afterCommand\",\"rootDir\",\"specs\",\"suites\",\"exclude\",\"groupLogsByTestSpec\",\"excludeDriverLogs\",\"bail\",\"framework\",\"reporters\",\"services\",\"maxInstances\",\"maxInstancesPerCapability\",\"injectGlobals\",\"filesToWatch\",\"execArgv\",\"runnerEnv\",\"runner\",\"shard\",\"specFileRetries\",\"specFileRetriesDelay\",\"specFileRetriesDeferred\",\"reporterSyncInterval\",\"reporterSyncTimeout\",\"cucumberFeaturesWithLineNumbers\",\"autoCompileOpts\",\"mochaOpts\",\"jasmineOpts\",\"cucumberOpts\",\"onPrepare\",\"onWorkerStart\",\"onWorkerEnd\",\"before\",\"beforeSession\",\"beforeSuite\",\"beforeHook\",\"beforeTest\",\"afterTest\",\"afterHook\",\"afterSuite\",\"afterSession\",\"after\",\"onComplete\",\"beforeAssertion\",\"afterAssertion\",\"beforeFeature\",\"beforeScenario\",\"beforeStep\",\"afterStep\",\"afterScenario\",\"afterFeature\",\"_\",\"suite\",\"$0\",\"ignoredWorkerServices\",\"wdi5\"]"}]}
RESULT: {"script":"<script> [2342 bytes]","args":[{"protocol":"http","hostname":"0.0.0.0","path":"/","capabilities":{"browserName":"chrome","goog:chromeOptions":{"binary":"C:\\Program Files\\Google\\Chrome\\Application\\chrome.exe","args":["--start-maximized"]}},"logLevel":"warn","connectionRetryTimeout":120000,"connectionRetryCount":3,"logLevels":{},"enableDirectConnect":true,"strictSSL":true,"_":"65 more keys: [\"cacheDir\",\"port\",\"requestedCapabilities\",\"automationProtocol\",\"baseUrl\",\"waitforInterval\",\"waitforTimeout\",\"onReload\",\"beforeCommand\",\"afterCommand\",\"rootDir\",\"specs\",\"suites\",\"exclude\",\"groupLogsByTestSpec\",\"excludeDriverLogs\",\"bail\",\"framework\",\"reporters\",\"services\",\"maxInstances\",\"maxInstancesPerCapability\",\"injectGlobals\",\"filesToWatch\",\"execArgv\",\"runnerEnv\",\"runner\",\"shard\",\"specFileRetries\",\"specFileRetriesDelay\",\"specFileRetriesDeferred\",\"reporterSyncInterval\",\"reporterSyncTimeout\",\"cucumberFeaturesWithLineNumbers\",\"autoCompileOpts\",\"mochaOpts\",\"jasmineOpts\",\"cucumberOpts\",\"onPrepare\",\"onWorkerStart\",\"onWorkerEnd\",\"before\",\"beforeSession\",\"beforeSuite\",\"beforeHook\",\"beforeTest\",\"afterTest\",\"afterHook\",\"afterSuite\",\"afterSession\",\"after\",\"onComplete\",\"beforeAssertion\",\"afterAssertion\",\"beforeFeature\",\"beforeScenario\",\"beforeStep\",\"afterStep\",\"afterScenario\",\"afterFeature\",\"_\",\"suite\",\"$0\",\"ignoredWorkerServices\",\"wdi5\"]"}]}
COMMAND: POST /session/de809374161c7b69160a618664f1a5fa/execute/async - {"script":"<script> [21126 bytes]","args":[35000]}
RESULT: {"script":"<script> [21126 bytes]","args":[35000]}
COMMAND: POST /session/de809374161c7b69160a618664f1a5fa/execute/async - {"script":"<script> [1562 bytes]","args":[{"selector":{"controlType":"sap.m.Text","viewName":"etm.portal.ui.managerequests.view.Detail","bindingPath":{"path":"/SmartRequestItemsPlanningBoard(ITEM=10m,REQUEST='20167')","propertyPath":"STATUS_DESC"}},"wdio_ui5_key":"etmportal.ui.managerequests.view.Detailsap.m.Text{\"path\":\"/SmartRequestItemsPlanningBoard(ITEM=10m,REQUEST='20167')\",\"propertyPath\":\"STATUS_DESC\"}"}]}
RESULT: {"script":"<script> [1562 bytes]","args":[{"selector":{"controlType":"sap.m.Text","viewName":"etm.portal.ui.managerequests.view.Detail","bindingPath":{"path":"/SmartRequestItemsPlanningBoard(ITEM=10m,REQUEST='20167')","propertyPath":"STATUS_DESC"}},"wdio_ui5_key":"etmportal.ui.managerequests.view.Detailsap.m.Text{\"path\":\"/SmartRequestItemsPlanningBoard(ITEM=10m,REQUEST='20167')\",\"propertyPath\":\"STATUS_DESC\"}"}]}
RESULT: undefined
COMMAND: POST /session/de809374161c7b69160a618664f1a5fa/execute/async - {"script":"<script> [6424 bytes]","args":[{"element-6066-11e4-a52e-4f735466cecf":"f.BF26AF8B2ED0E270307A0F05FC587F4F.d.7546F15F8CF327BC461216296B60E452.e.13531"},"getText",[]]}
RESULT: {"script":"<script> [6424 bytes]","args":[{"element-6066-11e4-a52e-4f735466cecf":"f.BF26AF8B2ED0E270307A0F05FC587F4F.d.7546F15F8CF327BC461216296B60E452.e.13531"},"getText",[]]}
COMMAND: POST /session/de809374161c7b69160a618664f1a5fa/execute/async - {"script":"<script> [1562 bytes]","args":[{"selector":{"controlType":"sap.m.ObjectStatus","viewName":"etm.portal.ui.managerequests.view.Detail","bindingPath":{"path":"/RequestHeaders('20167')","propertyPath":"LINK_TO_STATUS/DESCRIPTION","modelName":"catalogModel"}},"wdio_ui5_key":"etmportal.ui.managerequests.view.Detailsap.m.ObjectStatus{\"path\":\"/RequestHeaders('20167')\",\"propertyPath\":\"LINK_TO_STATUS/DESCRIPTION\",\"modelName\":\"catalogModel\"}"}]}
RESULT: {"script":"<script> [1562 bytes]","args":[{"selector":{"controlType":"sap.m.ObjectStatus","viewName":"etm.portal.ui.managerequests.view.Detail","bindingPath":{"path":"/RequestHeaders('20167')","propertyPath":"LINK_TO_STATUS/DESCRIPTION","modelName":"catalogModel"}},"wdio_ui5_key":"etmportal.ui.managerequests.view.Detailsap.m.ObjectStatus{\"path\":\"/RequestHeaders('20167')\",\"propertyPath\":\"LINK_TO_STATUS/DESCRIPTION\",\"modelName\":\"catalogModel\"}"}]}
RESULT: undefined
COMMAND: POST /session/de809374161c7b69160a618664f1a5fa/execute/async - {"script":"<script> [6424 bytes]","args":[{"element-6066-11e4-a52e-4f735466cecf":"f.BF26AF8B2ED0E270307A0F05FC587F4F.d.7546F15F8CF327BC461216296B60E452.e.13533"},"getText",[]]}
RESULT: {"script":"<script> [6424 bytes]","args":[{"element-6066-11e4-a52e-4f735466cecf":"f.BF26AF8B2ED0E270307A0F05FC587F4F.d.7546F15F8CF327BC461216296B60E452.e.13533"},"getText",[]]}
COMMAND: DELETE /session/de809374161c7b69160a618664f1a5fa - {}
RESULT: {}
]]></system-out>
    </testcase>
  </testsuite>
</testsuites>