<?xml version="1.0" encoding="UTF-8"?>
<testsuites tests="23" failures="7" errors="7" skipped="0">
  <testsuite timestamp="2025-06-13T17:46:32" time="1083.382" tests="6" failures="0" errors="0" skipped="0">
    <properties>
      <property name="specId" value="0"/>
      <property name="suiteName" value="Standard contract - add contract items by Insert Request US118222"/>
      <property name="capabilities" value="chrome.137_0_7151_69.windows"/>
      <property name="file" value="file:///D:/a/1/s/test/specs/R2C/standard-contract-add-contract-items-by-insert-request.spec.js"/>
    </properties>
    <testcase classname="chrome.137_0_7151_69.windows.Standard_contract_-_add_contract_items_by_Insert_Request_US118222" name="Should create prerequisites yard partner site material and equipment" time="297.236">
      <system-out><![CDATA[
COMMAND: POST /session/b65fc9896dbbad70d7119bd0d8ca6151/execute/async - {"script":"<script> [1562 bytes]","args":[{"selector":{"controlType":"sap.m.GenericTile","properties":{"header":"Manage Yards"}},"wdio_ui5_key":"sapm.GenericTile{\"header\":\"Manage Yards\"}"}]}
RESULT: {"script":"<script> [1562 bytes]","args":[{"selector":{"controlType":"sap.m.GenericTile","properties":{"header":"Manage Yards"}},"wdio_ui5_key":"sapm.GenericTile{\"header\":\"Manage Yards\"}"}]}
RESULT: undefined
COMMAND: POST /session/b65fc9896dbbad70d7119bd0d8ca6151/element - {"using":"xpath","value":"//*[@id=\"__tile42\"]"}
RESULT: {"using":"xpath","value":"//*[@id=\"__tile42\"]"}
COMMAND: POST /session/b65fc9896dbbad70d7119bd0d8ca6151/element/f.B1DE806DB4DF8D130682F5CACC3F0FDB.d.0CD6351F95F2DA5D8283403C26FE59A0.e.119/click - {}
RESULT: {}
COMMAND: GET /session/b65fc9896dbbad70d7119bd0d8ca6151/screenshot - {}
RESULT: {}
COMMAND: POST /session/b65fc9896dbbad70d7119bd0d8ca6151/elements - {"using":"xpath","value":"//span[text()='Error']"}
RESULT: {"using":"xpath","value":"//span[text()='Error']"}
COMMAND: POST /session/b65fc9896dbbad70d7119bd0d8ca6151/execute/async - {"script":"<script> [1562 bytes]","args":[{"selector":{"controlType":"sap.ui.core.Icon","viewName":"etm.portal.ui.manageyards.view.Master","viewId":"application-manageyards-display-component---masterYard","properties":{"src":{"regex":{"source":"add"}}}},"wdio_ui5_key":"etmportal.ui.manageyards.view.Mastersap.ui.core.Icon{\"src\":{\"regex\":{\"source\":\"add\"}}}"}]}
RESULT: {"script":"<script> [1562 bytes]","args":[{"selector":{"controlType":"sap.ui.core.Icon","viewName":"etm.portal.ui.manageyards.view.Master","viewId":"application-manageyards-display-component---masterYard","properties":{"src":{"regex":{"source":"add"}}}},"wdio_ui5_key":"etmportal.ui.manageyards.view.Mastersap.ui.core.Icon{\"src\":{\"regex\":{\"source\":\"add\"}}}"}]}
RESULT: undefined
COMMAND: POST /session/b65fc9896dbbad70d7119bd0d8ca6151/element - {"using":"xpath","value":"//*[@id=\"__button4-img\"]"}
RESULT: {"using":"xpath","value":"//*[@id=\"__button4-img\"]"}
COMMAND: POST /session/b65fc9896dbbad70d7119bd0d8ca6151/element/f.B1DE806DB4DF8D130682F5CACC3F0FDB.d.0CD6351F95F2DA5D8283403C26FE59A0.e.168/click - {}
RESULT: {}
COMMAND: GET /session/b65fc9896dbbad70d7119bd0d8ca6151/screenshot - {}
RESULT: {}
COMMAND: POST /session/b65fc9896dbbad70d7119bd0d8ca6151/execute/async - {"script":"<script> [1562 bytes]","args":[{"selector":{"id":"application-manageyards-display-component---NewYard--yardId","interaction":{"idSuffix":"inner"}},"wdio_ui5_key":"applicationmanageyards-display-component---NewYard--yardId"}]}
RESULT: {"script":"<script> [1562 bytes]","args":[{"selector":{"id":"application-manageyards-display-component---NewYard--yardId","interaction":{"idSuffix":"inner"}},"wdio_ui5_key":"applicationmanageyards-display-component---NewYard--yardId"}]}
RESULT: undefined
COMMAND: POST /session/b65fc9896dbbad70d7119bd0d8ca6151/element - {"using":"xpath","value":"//*[@id=\"application-manageyards-display-component---NewYard--addressDetailDetailsName1-inner\"]"}
RESULT: {"using":"xpath","value":"//*[@id=\"application-manageyards-display-component---NewYard--addressDetailDetailsName1-inner\"]"}
COMMAND: POST /session/b65fc9896dbbad70d7119bd0d8ca6151/element/f.B1DE806DB4DF8D130682F5CACC3F0FDB.d.0CD6351F95F2DA5D8283403C26FE59A0.e.383/clear - {}
RESULT: {}
COMMAND: POST /session/b65fc9896dbbad70d7119bd0d8ca6151/element/f.B1DE806DB4DF8D130682F5CACC3F0FDB.d.0CD6351F95F2DA5D8283403C26FE59A0.e.383/value - {"text":"WebdriverYardiuaq2g"}
COMMAND: GET /session/b65fc9896dbbad70d7119bd0d8ca6151/screenshot - {}
RESULT: {"text":"WebdriverYardiuaq2g"}
COMMAND: POST /session/b65fc9896dbbad70d7119bd0d8ca6151/element - {"using":"xpath","value":"//*[@id=\"application-manageyards-display-component---NewYard--addressDetailDetailsLanguage-inner\"]"}
COMMAND: GET /session/b65fc9896dbbad70d7119bd0d8ca6151/screenshot - {}
RESULT: {}
RESULT: {}
RESULT: {"using":"xpath","value":"//*[@id=\"application-manageyards-display-component---NewYard--addressDetailDetailsLanguage-inner\"]"}
COMMAND: POST /session/b65fc9896dbbad70d7119bd0d8ca6151/element/f.B1DE806DB4DF8D130682F5CACC3F0FDB.d.0CD6351F95F2DA5D8283403C26FE59A0.e.384/clear - {}
RESULT: {}
COMMAND: POST /session/b65fc9896dbbad70d7119bd0d8ca6151/element/f.B1DE806DB4DF8D130682F5CACC3F0FDB.d.0CD6351F95F2DA5D8283403C26FE59A0.e.384/value - {"text":"Romanian"}
COMMAND: GET /session/b65fc9896dbbad70d7119bd0d8ca6151/screenshot - {}
RESULT: {"text":"Romanian"}
COMMAND: POST /session/b65fc9896dbbad70d7119bd0d8ca6151/element - {"using":"xpath","value":"//input[contains(@id ,\"application-manageyards-display-component---NewYard--addressDetailDetailsName1-inner\")]"}
COMMAND: GET /session/b65fc9896dbbad70d7119bd0d8ca6151/screenshot - {}
RESULT: {}
RESULT: {"using":"xpath","value":"//input[contains(@id ,\"application-manageyards-display-component---NewYard--addressDetailDetailsName1-inner\")]"}
COMMAND: GET /session/b65fc9896dbbad70d7119bd0d8ca6151/element/f.B1DE806DB4DF8D130682F5CACC3F0FDB.d.0CD6351F95F2DA5D8283403C26FE59A0.e.383/property/value - {}
RESULT: {}
RESULT: {}
COMMAND: GET /session/b65fc9896dbbad70d7119bd0d8ca6151/screenshot - {}
RESULT: {}
COMMAND: POST /session/b65fc9896dbbad70d7119bd0d8ca6151/element - {"using":"xpath","value":"//*[@id=\"application-manageyards-display-component---NewYard--addressDetailDetailsCity1-inner\"]"}
RESULT: {"using":"xpath","value":"//*[@id=\"application-manageyards-display-component---NewYard--addressDetailDetailsCity1-inner\"]"}
COMMAND: POST /session/b65fc9896dbbad70d7119bd0d8ca6151/element/f.B1DE806DB4DF8D130682F5CACC3F0FDB.d.0CD6351F95F2DA5D8283403C26FE59A0.e.386/clear - {}
RESULT: {}
COMMAND: POST /session/b65fc9896dbbad70d7119bd0d8ca6151/element/f.B1DE806DB4DF8D130682F5CACC3F0FDB.d.0CD6351F95F2DA5D8283403C26FE59A0.e.386/value - {"text":"Bucuresti"}
COMMAND: GET /session/b65fc9896dbbad70d7119bd0d8ca6151/screenshot - {}
RESULT: {"text":"Bucuresti"}
COMMAND: GET /session/b65fc9896dbbad70d7119bd0d8ca6151/screenshot - {}
RESULT: {}
RESULT: {}
COMMAND: POST /session/b65fc9896dbbad70d7119bd0d8ca6151/element - {"using":"xpath","value":"//*[@id=\"application-manageyards-display-component---NewYard--addressDetailDetailsCountry-inner\"]"}
RESULT: {"using":"xpath","value":"//*[@id=\"application-manageyards-display-component---NewYard--addressDetailDetailsCountry-inner\"]"}
COMMAND: POST /session/b65fc9896dbbad70d7119bd0d8ca6151/element/f.B1DE806DB4DF8D130682F5CACC3F0FDB.d.0CD6351F95F2DA5D8283403C26FE59A0.e.390/clear - {}
RESULT: {}
COMMAND: POST /session/b65fc9896dbbad70d7119bd0d8ca6151/element/f.B1DE806DB4DF8D130682F5CACC3F0FDB.d.0CD6351F95F2DA5D8283403C26FE59A0.e.390/value - {"text":"Romania"}
COMMAND: GET /session/b65fc9896dbbad70d7119bd0d8ca6151/screenshot - {}
RESULT: {"text":"Romania"}
COMMAND: GET /session/b65fc9896dbbad70d7119bd0d8ca6151/screenshot - {}
RESULT: {}
RESULT: {}
COMMAND: POST /session/b65fc9896dbbad70d7119bd0d8ca6151/element - {"using":"xpath","value":"//div[contains(text(), \"Commercial\")]"}
RESULT: {"using":"xpath","value":"//div[contains(text(), \"Commercial\")]"}
COMMAND: GET /session/b65fc9896dbbad70d7119bd0d8ca6151/element/f.B1DE806DB4DF8D130682F5CACC3F0FDB.d.0CD6351F95F2DA5D8283403C26FE59A0.e.580/rect - {}
RESULT: {}
COMMAND: GET /session/b65fc9896dbbad70d7119bd0d8ca6151/window/rect - {}
RESULT: {}
COMMAND: POST /session/b65fc9896dbbad70d7119bd0d8ca6151/execute/sync - {"script":"<script> [92 bytes]","args":[]}
RESULT: {"script":"<script> [92 bytes]","args":[]}
COMMAND: POST /session/b65fc9896dbbad70d7119bd0d8ca6151/actions - {"actions":[{"id":"action1","type":"wheel","parameters":{},"actions":[{"type":"scroll","x":-1841,"y":-44,"deltaX":0,"deltaY":0,"duration":0,"origin":{"element-6066-11e4-a52e-4f735466cecf":"f.B1DE806DB4DF8D130682F5CACC3F0FDB.d.0CD6351F95F2DA5D8283403C26FE59A0.e.580"}}]}]}
COMMAND: GET /session/b65fc9896dbbad70d7119bd0d8ca6151/screenshot - {}
RESULT: {}
COMMAND: POST /session/b65fc9896dbbad70d7119bd0d8ca6151/execute/sync - {"script":"<script> [79 bytes]","args":[{"element-6066-11e4-a52e-4f735466cecf":"f.B1DE806DB4DF8D130682F5CACC3F0FDB.d.0CD6351F95F2DA5D8283403C26FE59A0.e.580","ELEMENT":"f.B1DE806DB4DF8D130682F5CACC3F0FDB.d.0CD6351F95F2DA5D8283403C26FE59A0.e.580"},{"block":"start","inline":"nearest"}]}
RESULT: {"script":"<script> [79 bytes]","args":[{"element-6066-11e4-a52e-4f735466cecf":"f.B1DE806DB4DF8D130682F5CACC3F0FDB.d.0CD6351F95F2DA5D8283403C26FE59A0.e.580","ELEMENT":"f.B1DE806DB4DF8D130682F5CACC3F0FDB.d.0CD6351F95F2DA5D8283403C26FE59A0.e.580"},{"block":"start","inline":"nearest"}]}
COMMAND: GET /session/b65fc9896dbbad70d7119bd0d8ca6151/screenshot - {}
RESULT: {}
COMMAND: POST /session/b65fc9896dbbad70d7119bd0d8ca6151/execute/async - {"script":"<script> [1562 bytes]","args":[{"selector":{"id":"application-manageyards-display-component---NewYard--addressEditDetailsCostObjectCstType-arrow"},"wdio_ui5_key":"applicationmanageyards-display-component---NewYard--addressEditDetailsCostObjectCstType-arrow"}]}
RESULT: {"script":"<script> [1562 bytes]","args":[{"selector":{"id":"application-manageyards-display-component---NewYard--addressEditDetailsCostObjectCstType-arrow"},"wdio_ui5_key":"applicationmanageyards-display-component---NewYard--addressEditDetailsCostObjectCstType-arrow"}]}
RESULT: undefined
COMMAND: POST /session/b65fc9896dbbad70d7119bd0d8ca6151/element - {"using":"xpath","value":"//*[@id=\"application-manageyards-display-component---NewYard--addressEditDetailsCostObjectCstType-arrow\"]"}
RESULT: {"using":"xpath","value":"//*[@id=\"application-manageyards-display-component---NewYard--addressEditDetailsCostObjectCstType-arrow\"]"}
COMMAND: POST /session/b65fc9896dbbad70d7119bd0d8ca6151/element/f.B1DE806DB4DF8D130682F5CACC3F0FDB.d.0CD6351F95F2DA5D8283403C26FE59A0.e.589/click - {}
RESULT: {}
COMMAND: POST /session/b65fc9896dbbad70d7119bd0d8ca6151/element - {"using":"xpath","value":"//span[contains(text(), \"Cost Center\")]"}
COMMAND: GET /session/b65fc9896dbbad70d7119bd0d8ca6151/screenshot - {}
RESULT: {"using":"xpath","value":"//span[contains(text(), \"Cost Center\")]"}
COMMAND: POST /session/b65fc9896dbbad70d7119bd0d8ca6151/element/f.B1DE806DB4DF8D130682F5CACC3F0FDB.d.0CD6351F95F2DA5D8283403C26FE59A0.e.590/click - {}
RESULT: {}
RESULT: {}
COMMAND: GET /session/b65fc9896dbbad70d7119bd0d8ca6151/screenshot - {}
RESULT: {}
COMMAND: POST /session/b65fc9896dbbad70d7119bd0d8ca6151/execute/async - {"script":"<script> [1562 bytes]","args":[{"selector":{"id":"application-manageyards-display-component---NewYard--addressNewCostObjectCstID-vhi"},"wdio_ui5_key":"applicationmanageyards-display-component---NewYard--addressNewCostObjectCstID-vhi"}]}
RESULT: {"script":"<script> [1562 bytes]","args":[{"selector":{"id":"application-manageyards-display-component---NewYard--addressNewCostObjectCstID-vhi"},"wdio_ui5_key":"applicationmanageyards-display-component---NewYard--addressNewCostObjectCstID-vhi"}]}
RESULT: undefined
COMMAND: POST /session/b65fc9896dbbad70d7119bd0d8ca6151/element - {"using":"xpath","value":"//*[@id=\"application-manageyards-display-component---NewYard--addressNewCostObjectCstID-vhi\"]"}
RESULT: {"using":"xpath","value":"//*[@id=\"application-manageyards-display-component---NewYard--addressNewCostObjectCstID-vhi\"]"}
COMMAND: POST /session/b65fc9896dbbad70d7119bd0d8ca6151/element/f.B1DE806DB4DF8D130682F5CACC3F0FDB.d.0CD6351F95F2DA5D8283403C26FE59A0.e.594/click - {}
RESULT: {}
COMMAND: GET /session/b65fc9896dbbad70d7119bd0d8ca6151/screenshot - {}
RESULT: {}
COMMAND: POST /session/b65fc9896dbbad70d7119bd0d8ca6151/execute/async - {"script":"<script> [1562 bytes]","args":[{"selector":{"controlType":"sap.m.SearchField","properties":{"placeholder":"Search"},"searchOpenDialogs":true,"interaction":{"idSuffix":"I"}},"wdio_ui5_key":"sapm.SearchField{\"placeholder\":\"Search\"}"}]}
RESULT: {"script":"<script> [1562 bytes]","args":[{"selector":{"controlType":"sap.m.SearchField","properties":{"placeholder":"Search"},"searchOpenDialogs":true,"interaction":{"idSuffix":"I"}},"wdio_ui5_key":"sapm.SearchField{\"placeholder\":\"Search\"}"}]}
RESULT: undefined
COMMAND: POST /session/b65fc9896dbbad70d7119bd0d8ca6151/execute/async - {"script":"<script> [776 bytes]","args":[{"enterText":"10001013","selector":{"controlType":"sap.m.SearchField","properties":{"placeholder":"Search"},"searchOpenDialogs":true,"interaction":{"idSuffix":"I"}},"clearTextFirst":true,"interactionType":"ENTER_TEXT"}]}
RESULT: {"script":"<script> [776 bytes]","args":[{"enterText":"10001013","selector":{"controlType":"sap.m.SearchField","properties":{"placeholder":"Search"},"searchOpenDialogs":true,"interaction":{"idSuffix":"I"}},"clearTextFirst":true,"interactionType":"ENTER_TEXT"}]}
COMMAND: POST /session/b65fc9896dbbad70d7119bd0d8ca6151/actions - {"actions":[{"id":"action2","type":"key","parameters":{},"actions":[{"type":"keyDown","value":""},{"type":"pause","duration":10},{"type":"keyUp","value":""}]}]}
RESULT: {"actions":[{"id":"action2","type":"key","parameters":{},"actions":[{"type":"keyDown","value":""},{"type":"pause","duration":10},{"type":"keyUp","value":""}]}]}
COMMAND: GET /session/b65fc9896dbbad70d7119bd0d8ca6151/screenshot - {}
RESULT: {}
COMMAND: POST /session/b65fc9896dbbad70d7119bd0d8ca6151/element - {"using":"xpath","value":"//span[contains(text(), \"General Management\")]"}
RESULT: {"using":"xpath","value":"//span[contains(text(), \"General Management\")]"}
COMMAND: POST /session/b65fc9896dbbad70d7119bd0d8ca6151/element/f.B1DE806DB4DF8D130682F5CACC3F0FDB.d.0CD6351F95F2DA5D8283403C26FE59A0.e.635/click - {}
RESULT: {}
COMMAND: GET /session/b65fc9896dbbad70d7119bd0d8ca6151/screenshot - {}
RESULT: {}
COMMAND: POST /session/b65fc9896dbbad70d7119bd0d8ca6151/element - {"using":"xpath","value":"//bdi[contains(text(), \"OK\")]"}
RESULT: {"using":"xpath","value":"//bdi[contains(text(), \"OK\")]"}
COMMAND: POST /session/b65fc9896dbbad70d7119bd0d8ca6151/element/f.B1DE806DB4DF8D130682F5CACC3F0FDB.d.0CD6351F95F2DA5D8283403C26FE59A0.e.636/click - {}
RESULT: {}
COMMAND: GET /session/b65fc9896dbbad70d7119bd0d8ca6151/screenshot - {}
RESULT: {}
COMMAND: POST /session/b65fc9896dbbad70d7119bd0d8ca6151/execute/async - {"script":"<script> [1562 bytes]","args":[{"selector":{"controlType":"sap.m.Button","viewName":"etm.portal.ui.manageyards.view.New","viewId":"application-manageyards-display-component---NewYard","i18NText":{"propertyName":"text","key":"save"},"interaction":{"idSuffix":"inner"}},"wdio_ui5_key":"etmportal.ui.manageyards.view.Newsap.m.Button{\"propertyName\":\"text\",\"key\":\"save\"}"}]}
RESULT: {"script":"<script> [1562 bytes]","args":[{"selector":{"controlType":"sap.m.Button","viewName":"etm.portal.ui.manageyards.view.New","viewId":"application-manageyards-display-component---NewYard","i18NText":{"propertyName":"text","key":"save"},"interaction":{"idSuffix":"inner"}},"wdio_ui5_key":"etmportal.ui.manageyards.view.Newsap.m.Button{\"propertyName\":\"text\",\"key\":\"save\"}"}]}
RESULT: undefined
COMMAND: POST /session/b65fc9896dbbad70d7119bd0d8ca6151/element - {"using":"xpath","value":"//*[@id=\"__button18\"]"}
RESULT: {"using":"xpath","value":"//*[@id=\"__button18\"]"}
COMMAND: POST /session/b65fc9896dbbad70d7119bd0d8ca6151/element/f.B1DE806DB4DF8D130682F5CACC3F0FDB.d.0CD6351F95F2DA5D8283403C26FE59A0.e.545/click - {}
RESULT: {}
COMMAND: GET /session/b65fc9896dbbad70d7119bd0d8ca6151/screenshot - {}
RESULT: {}
COMMAND: POST /session/b65fc9896dbbad70d7119bd0d8ca6151/element - {"using":"xpath","value":"//header/div/div[2]/div[2]/span"}
RESULT: {"using":"xpath","value":"//header/div/div[2]/div[2]/span"}
COMMAND: GET /session/b65fc9896dbbad70d7119bd0d8ca6151/element/f.B1DE806DB4DF8D130682F5CACC3F0FDB.d.0CD6351F95F2DA5D8283403C26FE59A0.e.832/text - {}
RESULT: {}
COMMAND: POST /session/b65fc9896dbbad70d7119bd0d8ca6151/execute/async - {"script":"<script> [1562 bytes]","args":[{"selector":{"controlType":"sap.m.OverflowToolbarButton","viewName":"etm.portal.ui.manageyards.view.Detail","viewId":"application-manageyards-display-component---detailYard","i18NText":{"propertyName":"tooltip","key":"closeColumn"},"interaction":{"idSuffix":"inner"}},"wdio_ui5_key":"etmportal.ui.manageyards.view.Detailsap.m.OverflowToolbarButton{\"propertyName\":\"tooltip\",\"key\":\"closeColumn\"}"}]}
RESULT: {"script":"<script> [1562 bytes]","args":[{"selector":{"controlType":"sap.m.OverflowToolbarButton","viewName":"etm.portal.ui.manageyards.view.Detail","viewId":"application-manageyards-display-component---detailYard","i18NText":{"propertyName":"tooltip","key":"closeColumn"},"interaction":{"idSuffix":"inner"}},"wdio_ui5_key":"etmportal.ui.manageyards.view.Detailsap.m.OverflowToolbarButton{\"propertyName\":\"tooltip\",\"key\":\"closeColumn\"}"}]}
RESULT: undefined
COMMAND: POST /session/b65fc9896dbbad70d7119bd0d8ca6151/element - {"using":"xpath","value":"//*[@id=\"__button42\"]"}
RESULT: {"using":"xpath","value":"//*[@id=\"__button42\"]"}
COMMAND: POST /session/b65fc9896dbbad70d7119bd0d8ca6151/element/f.B1DE806DB4DF8D130682F5CACC3F0FDB.d.0CD6351F95F2DA5D8283403C26FE59A0.e.834/click - {}
RESULT: {}
COMMAND: GET /session/b65fc9896dbbad70d7119bd0d8ca6151/screenshot - {}
RESULT: {}
COMMAND: POST /session/b65fc9896dbbad70d7119bd0d8ca6151/element - {"using":"css selector","value":"#shell-header-logo"}
RESULT: {"using":"css selector","value":"#shell-header-logo"}
COMMAND: POST /session/b65fc9896dbbad70d7119bd0d8ca6151/element/f.B1DE806DB4DF8D130682F5CACC3F0FDB.d.0CD6351F95F2DA5D8283403C26FE59A0.e.122/click - {}
RESULT: {}
COMMAND: GET /session/b65fc9896dbbad70d7119bd0d8ca6151/screenshot - {}
RESULT: {}
COMMAND: POST /session/b65fc9896dbbad70d7119bd0d8ca6151/refresh - {}
RESULT: {}
COMMAND: GET /session/b65fc9896dbbad70d7119bd0d8ca6151/screenshot - {}
RESULT: {}
COMMAND: POST /session/b65fc9896dbbad70d7119bd0d8ca6151/execute/async - {"script":"<script> [189 bytes]","args":[]}
RESULT: {"script":"<script> [189 bytes]","args":[]}
COMMAND: POST /session/b65fc9896dbbad70d7119bd0d8ca6151/execute/async - {"script":"<script> [123 bytes]","args":[]}
RESULT: {"script":"<script> [123 bytes]","args":[]}
COMMAND: POST /session/b65fc9896dbbad70d7119bd0d8ca6151/timeouts - {"script":"<number>"}
RESULT: {"script":"<number>"}
COMMAND: GET /session/b65fc9896dbbad70d7119bd0d8ca6151/timeouts - {}
RESULT: {}
RESULT: undefined
COMMAND: POST /session/b65fc9896dbbad70d7119bd0d8ca6151/execute/async - {"script":"<script> [2676 bytes]","args":[]}
RESULT: {"script":"<script> [2676 bytes]","args":[]}
COMMAND: POST /session/b65fc9896dbbad70d7119bd0d8ca6151/execute/async - {"script":"<script> [2342 bytes]","args":[{"protocol":"http","hostname":"0.0.0.0","path":"/","capabilities":{"browserName":"chrome","goog:chromeOptions":{"binary":"C:\\Program Files\\Google\\Chrome\\Application\\chrome.exe","args":["--start-maximized"]}},"logLevel":"warn","connectionRetryTimeout":120000,"connectionRetryCount":3,"logLevels":{},"enableDirectConnect":true,"strictSSL":true,"_":"65 more keys: [\"cacheDir\",\"port\",\"requestedCapabilities\",\"automationProtocol\",\"baseUrl\",\"waitforInterval\",\"waitforTimeout\",\"onReload\",\"beforeCommand\",\"afterCommand\",\"rootDir\",\"specs\",\"suites\",\"exclude\",\"groupLogsByTestSpec\",\"excludeDriverLogs\",\"bail\",\"framework\",\"reporters\",\"services\",\"maxInstances\",\"maxInstancesPerCapability\",\"injectGlobals\",\"filesToWatch\",\"execArgv\",\"runnerEnv\",\"runner\",\"shard\",\"specFileRetries\",\"specFileRetriesDelay\",\"specFileRetriesDeferred\",\"reporterSyncInterval\",\"reporterSyncTimeout\",\"cucumberFeaturesWithLineNumbers\",\"autoCompileOpts\",\"mochaOpts\",\"jasmineOpts\",\"cucumberOpts\",\"onPrepare\",\"onWorkerStart\",\"onWorkerEnd\",\"before\",\"beforeSession\",\"beforeSuite\",\"beforeHook\",\"beforeTest\",\"afterTest\",\"afterHook\",\"afterSuite\",\"afterSession\",\"after\",\"onComplete\",\"beforeAssertion\",\"afterAssertion\",\"beforeFeature\",\"beforeScenario\",\"beforeStep\",\"afterStep\",\"afterScenario\",\"afterFeature\",\"_\",\"suite\",\"$0\",\"ignoredWorkerServices\",\"wdi5\"]"}]}
RESULT: {"script":"<script> [2342 bytes]","args":[{"protocol":"http","hostname":"0.0.0.0","path":"/","capabilities":{"browserName":"chrome","goog:chromeOptions":{"binary":"C:\\Program Files\\Google\\Chrome\\Application\\chrome.exe","args":["--start-maximized"]}},"logLevel":"warn","connectionRetryTimeout":120000,"connectionRetryCount":3,"logLevels":{},"enableDirectConnect":true,"strictSSL":true,"_":"65 more keys: [\"cacheDir\",\"port\",\"requestedCapabilities\",\"automationProtocol\",\"baseUrl\",\"waitforInterval\",\"waitforTimeout\",\"onReload\",\"beforeCommand\",\"afterCommand\",\"rootDir\",\"specs\",\"suites\",\"exclude\",\"groupLogsByTestSpec\",\"excludeDriverLogs\",\"bail\",\"framework\",\"reporters\",\"services\",\"maxInstances\",\"maxInstancesPerCapability\",\"injectGlobals\",\"filesToWatch\",\"execArgv\",\"runnerEnv\",\"runner\",\"shard\",\"specFileRetries\",\"specFileRetriesDelay\",\"specFileRetriesDeferred\",\"reporterSyncInterval\",\"reporterSyncTimeout\",\"cucumberFeaturesWithLineNumbers\",\"autoCompileOpts\",\"mochaOpts\",\"jasmineOpts\",\"cucumberOpts\",\"onPrepare\",\"onWorkerStart\",\"onWorkerEnd\",\"before\",\"beforeSession\",\"beforeSuite\",\"beforeHook\",\"beforeTest\",\"afterTest\",\"afterHook\",\"afterSuite\",\"afterSession\",\"after\",\"onComplete\",\"beforeAssertion\",\"afterAssertion\",\"beforeFeature\",\"beforeScenario\",\"beforeStep\",\"afterStep\",\"afterScenario\",\"afterFeature\",\"_\",\"suite\",\"$0\",\"ignoredWorkerServices\",\"wdi5\"]"}]}
COMMAND: POST /session/b65fc9896dbbad70d7119bd0d8ca6151/execute/async - {"script":"<script> [21126 bytes]","args":[35000]}
RESULT: {"script":"<script> [21126 bytes]","args":[35000]}
COMMAND: POST /session/b65fc9896dbbad70d7119bd0d8ca6151/execute/async - {"script":"<script> [1562 bytes]","args":[{"selector":{"controlType":"sap.m.GenericTile","properties":{"header":"Manage Partners"}},"wdio_ui5_key":"sapm.GenericTile{\"header\":\"Manage Partners\"}"}]}
RESULT: {"script":"<script> [1562 bytes]","args":[{"selector":{"controlType":"sap.m.GenericTile","properties":{"header":"Manage Partners"}},"wdio_ui5_key":"sapm.GenericTile{\"header\":\"Manage Partners\"}"}]}
RESULT: undefined
COMMAND: POST /session/b65fc9896dbbad70d7119bd0d8ca6151/element - {"using":"xpath","value":"//*[@id=\"__tile39\"]"}
RESULT: {"using":"xpath","value":"//*[@id=\"__tile39\"]"}
COMMAND: POST /session/b65fc9896dbbad70d7119bd0d8ca6151/element/f.B1DE806DB4DF8D130682F5CACC3F0FDB.d.B7B69377BE5493949EB735729642D868.e.1189/click - {}
RESULT: {}
COMMAND: GET /session/b65fc9896dbbad70d7119bd0d8ca6151/screenshot - {}
RESULT: {}
COMMAND: POST /session/b65fc9896dbbad70d7119bd0d8ca6151/elements - {"using":"xpath","value":"//span[text()='Error']"}
RESULT: {"using":"xpath","value":"//span[text()='Error']"}
COMMAND: POST /session/b65fc9896dbbad70d7119bd0d8ca6151/execute/async - {"script":"<script> [1562 bytes]","args":[{"selector":{"controlType":"sap.ui.core.Icon","viewName":"etm.portal.ui.managepartners.view.Master","viewId":"application-managepartners-display-component---masterPtm","properties":{"src":{"regex":{"source":"add"}}}},"wdio_ui5_key":"etmportal.ui.managepartners.view.Mastersap.ui.core.Icon{\"src\":{\"regex\":{\"source\":\"add\"}}}"}]}
RESULT: {"script":"<script> [1562 bytes]","args":[{"selector":{"controlType":"sap.ui.core.Icon","viewName":"etm.portal.ui.managepartners.view.Master","viewId":"application-managepartners-display-component---masterPtm","properties":{"src":{"regex":{"source":"add"}}}},"wdio_ui5_key":"etmportal.ui.managepartners.view.Mastersap.ui.core.Icon{\"src\":{\"regex\":{\"source\":\"add\"}}}"}]}
RESULT: undefined
COMMAND: POST /session/b65fc9896dbbad70d7119bd0d8ca6151/element - {"using":"xpath","value":"//*[@id=\"__button4-img\"]"}
RESULT: {"using":"xpath","value":"//*[@id=\"__button4-img\"]"}
COMMAND: POST /session/b65fc9896dbbad70d7119bd0d8ca6151/element/f.B1DE806DB4DF8D130682F5CACC3F0FDB.d.B7B69377BE5493949EB735729642D868.e.1240/click - {}
RESULT: {}
COMMAND: GET /session/b65fc9896dbbad70d7119bd0d8ca6151/screenshot - {}
RESULT: {}
COMMAND: POST /session/b65fc9896dbbad70d7119bd0d8ca6151/execute/async - {"script":"<script> [1562 bytes]","args":[{"selector":{"id":"application-managepartners-display-component---NewPartner--partnerId","interaction":{"idSuffix":"inner"}},"wdio_ui5_key":"applicationmanagepartners-display-component---NewPartner--partnerId"}]}
RESULT: {"script":"<script> [1562 bytes]","args":[{"selector":{"id":"application-managepartners-display-component---NewPartner--partnerId","interaction":{"idSuffix":"inner"}},"wdio_ui5_key":"applicationmanagepartners-display-component---NewPartner--partnerId"}]}
RESULT: undefined
COMMAND: POST /session/b65fc9896dbbad70d7119bd0d8ca6151/execute/async - {"script":"<script> [1562 bytes]","args":[{"selector":{"id":"application-managepartners-display-component---NewPartner--addressDetailDetailsName1","interaction":{"idSuffix":"inner"}},"wdio_ui5_key":"applicationmanagepartners-display-component---NewPartner--addressDetailDetailsName1"}]}
RESULT: {"script":"<script> [1562 bytes]","args":[{"selector":{"id":"application-managepartners-display-component---NewPartner--addressDetailDetailsName1","interaction":{"idSuffix":"inner"}},"wdio_ui5_key":"applicationmanagepartners-display-component---NewPartner--addressDetailDetailsName1"}]}
RESULT: undefined
COMMAND: POST /session/b65fc9896dbbad70d7119bd0d8ca6151/execute/async - {"script":"<script> [776 bytes]","args":[{"enterText":"WebdriverPartner9q6jjg","selector":{"id":"application-managepartners-display-component---NewPartner--addressDetailDetailsName1","interaction":{"idSuffix":"inner"}},"clearTextFirst":true,"interactionType":"ENTER_TEXT"}]}
RESULT: {"script":"<script> [776 bytes]","args":[{"enterText":"WebdriverPartner9q6jjg","selector":{"id":"application-managepartners-display-component---NewPartner--addressDetailDetailsName1","interaction":{"idSuffix":"inner"}},"clearTextFirst":true,"interactionType":"ENTER_TEXT"}]}
COMMAND: POST /session/b65fc9896dbbad70d7119bd0d8ca6151/execute/async - {"script":"<script> [1562 bytes]","args":[{"selector":{"id":"application-managepartners-display-component---NewPartner--addressDetailDetailsLanguage","interaction":{"idSuffix":"inner"}},"wdio_ui5_key":"applicationmanagepartners-display-component---NewPartner--addressDetailDetailsLanguage"}]}
RESULT: {"script":"<script> [1562 bytes]","args":[{"selector":{"id":"application-managepartners-display-component---NewPartner--addressDetailDetailsLanguage","interaction":{"idSuffix":"inner"}},"wdio_ui5_key":"applicationmanagepartners-display-component---NewPartner--addressDetailDetailsLanguage"}]}
RESULT: undefined
COMMAND: POST /session/b65fc9896dbbad70d7119bd0d8ca6151/execute/async - {"script":"<script> [776 bytes]","args":[{"enterText":"Romanian","selector":{"id":"application-managepartners-display-component---NewPartner--addressDetailDetailsLanguage","interaction":{"idSuffix":"inner"}},"clearTextFirst":true,"interactionType":"ENTER_TEXT"}]}
RESULT: {"script":"<script> [776 bytes]","args":[{"enterText":"Romanian","selector":{"id":"application-managepartners-display-component---NewPartner--addressDetailDetailsLanguage","interaction":{"idSuffix":"inner"}},"clearTextFirst":true,"interactionType":"ENTER_TEXT"}]}
COMMAND: POST /session/b65fc9896dbbad70d7119bd0d8ca6151/element - {"using":"xpath","value":"//input[contains(@id ,\"application-managepartners-display-component---NewPartner--addressDetailDetailsName1-inner\")]"}
RESULT: {"using":"xpath","value":"//input[contains(@id ,\"application-managepartners-display-component---NewPartner--addressDetailDetailsName1-inner\")]"}
COMMAND: GET /session/b65fc9896dbbad70d7119bd0d8ca6151/element/f.B1DE806DB4DF8D130682F5CACC3F0FDB.d.B7B69377BE5493949EB735729642D868.e.1417/property/value - {}
RESULT: {}
COMMAND: POST /session/b65fc9896dbbad70d7119bd0d8ca6151/execute/async - {"script":"<script> [1562 bytes]","args":[{"selector":{"id":"application-managepartners-display-component---NewPartner--addressDetailDetailsCity1","interaction":{"idSuffix":"inner"}},"wdio_ui5_key":"applicationmanagepartners-display-component---NewPartner--addressDetailDetailsCity1"}]}
COMMAND: GET /session/b65fc9896dbbad70d7119bd0d8ca6151/screenshot - {}
RESULT: {"script":"<script> [1562 bytes]","args":[{"selector":{"id":"application-managepartners-display-component---NewPartner--addressDetailDetailsCity1","interaction":{"idSuffix":"inner"}},"wdio_ui5_key":"applicationmanagepartners-display-component---NewPartner--addressDetailDetailsCity1"}]}
RESULT: undefined
COMMAND: POST /session/b65fc9896dbbad70d7119bd0d8ca6151/execute/async - {"script":"<script> [776 bytes]","args":[{"enterText":"Bucharest","selector":{"id":"application-managepartners-display-component---NewPartner--addressDetailDetailsCity1","interaction":{"idSuffix":"inner"}},"clearTextFirst":true,"interactionType":"ENTER_TEXT"}]}
RESULT: {}
RESULT: {"script":"<script> [776 bytes]","args":[{"enterText":"Bucharest","selector":{"id":"application-managepartners-display-component---NewPartner--addressDetailDetailsCity1","interaction":{"idSuffix":"inner"}},"clearTextFirst":true,"interactionType":"ENTER_TEXT"}]}
COMMAND: POST /session/b65fc9896dbbad70d7119bd0d8ca6151/execute/async - {"script":"<script> [1562 bytes]","args":[{"selector":{"id":"application-managepartners-display-component---NewPartner--addressDetailDetailsCountry","interaction":{"idSuffix":"inner"}},"wdio_ui5_key":"applicationmanagepartners-display-component---NewPartner--addressDetailDetailsCountry"}]}
RESULT: {"script":"<script> [1562 bytes]","args":[{"selector":{"id":"application-managepartners-display-component---NewPartner--addressDetailDetailsCountry","interaction":{"idSuffix":"inner"}},"wdio_ui5_key":"applicationmanagepartners-display-component---NewPartner--addressDetailDetailsCountry"}]}
RESULT: undefined
COMMAND: POST /session/b65fc9896dbbad70d7119bd0d8ca6151/execute/async - {"script":"<script> [6424 bytes]","args":[{"element-6066-11e4-a52e-4f735466cecf":"f.B1DE806DB4DF8D130682F5CACC3F0FDB.d.B7B69377BE5493949EB735729642D868.e.1424"},"setValue",["Romania"]]}
RESULT: {"script":"<script> [6424 bytes]","args":[{"element-6066-11e4-a52e-4f735466cecf":"f.B1DE806DB4DF8D130682F5CACC3F0FDB.d.B7B69377BE5493949EB735729642D868.e.1424"},"setValue",["Romania"]]}
COMMAND: POST /session/b65fc9896dbbad70d7119bd0d8ca6151/execute/async - {"script":"<script> [1562 bytes]","args":[{"selector":{"id":"application-managepartners-display-component---NewPartner--partnerDetailInternal","interaction":{"idSuffix":"inner"}},"wdio_ui5_key":"applicationmanagepartners-display-component---NewPartner--partnerDetailInternal"}]}
RESULT: {"script":"<script> [1562 bytes]","args":[{"selector":{"id":"application-managepartners-display-component---NewPartner--partnerDetailInternal","interaction":{"idSuffix":"inner"}},"wdio_ui5_key":"applicationmanagepartners-display-component---NewPartner--partnerDetailInternal"}]}
RESULT: undefined
COMMAND: POST /session/b65fc9896dbbad70d7119bd0d8ca6151/execute/async - {"script":"<script> [776 bytes]","args":[{"enterText":"External partner","selector":{"id":"application-managepartners-display-component---NewPartner--partnerDetailInternal","interaction":{"idSuffix":"inner"}},"clearTextFirst":true,"interactionType":"ENTER_TEXT"}]}
RESULT: {"script":"<script> [776 bytes]","args":[{"enterText":"External partner","selector":{"id":"application-managepartners-display-component---NewPartner--partnerDetailInternal","interaction":{"idSuffix":"inner"}},"clearTextFirst":true,"interactionType":"ENTER_TEXT"}]}
COMMAND: POST /session/b65fc9896dbbad70d7119bd0d8ca6151/execute/async - {"script":"<script> [1562 bytes]","args":[{"selector":{"id":"application-managepartners-display-component---NewPartner--partnerDetailsCurrency","interaction":{"idSuffix":"inner"}},"wdio_ui5_key":"applicationmanagepartners-display-component---NewPartner--partnerDetailsCurrency"}]}
RESULT: {"script":"<script> [1562 bytes]","args":[{"selector":{"id":"application-managepartners-display-component---NewPartner--partnerDetailsCurrency","interaction":{"idSuffix":"inner"}},"wdio_ui5_key":"applicationmanagepartners-display-component---NewPartner--partnerDetailsCurrency"}]}
RESULT: undefined
COMMAND: POST /session/b65fc9896dbbad70d7119bd0d8ca6151/execute/async - {"script":"<script> [776 bytes]","args":[{"enterText":"Euro","selector":{"id":"application-managepartners-display-component---NewPartner--partnerDetailsCurrency","interaction":{"idSuffix":"inner"}},"clearTextFirst":true,"interactionType":"ENTER_TEXT"}]}
RESULT: {"script":"<script> [776 bytes]","args":[{"enterText":"Euro","selector":{"id":"application-managepartners-display-component---NewPartner--partnerDetailsCurrency","interaction":{"idSuffix":"inner"}},"clearTextFirst":true,"interactionType":"ENTER_TEXT"}]}
COMMAND: POST /session/b65fc9896dbbad70d7119bd0d8ca6151/execute/async - {"script":"<script> [1562 bytes]","args":[{"selector":{"controlType":"sap.m.Button","viewName":"etm.portal.ui.managepartners.view.NewPartner","viewId":"application-managepartners-display-component---NewPartner","properties":{"text":"Commercial"},"interaction":{"idSuffix":"BDI-content"}},"wdio_ui5_key":"etmportal.ui.managepartners.view.NewPartnersap.m.Button{\"text\":\"Commercial\"}"}]}
RESULT: {"script":"<script> [1562 bytes]","args":[{"selector":{"controlType":"sap.m.Button","viewName":"etm.portal.ui.managepartners.view.NewPartner","viewId":"application-managepartners-display-component---NewPartner","properties":{"text":"Commercial"},"interaction":{"idSuffix":"BDI-content"}},"wdio_ui5_key":"etmportal.ui.managepartners.view.NewPartnersap.m.Button{\"text\":\"Commercial\"}"}]}
RESULT: undefined
COMMAND: POST /session/b65fc9896dbbad70d7119bd0d8ca6151/element - {"using":"xpath","value":"//*[@id=\"application-managepartners-display-component---NewPartner--ObjectPageLayout-anchBar-__section5-anchor\"]"}
RESULT: {"using":"xpath","value":"//*[@id=\"application-managepartners-display-component---NewPartner--ObjectPageLayout-anchBar-__section5-anchor\"]"}
COMMAND: POST /session/b65fc9896dbbad70d7119bd0d8ca6151/element/f.B1DE806DB4DF8D130682F5CACC3F0FDB.d.B7B69377BE5493949EB735729642D868.e.1672/click - {}
RESULT: {}
COMMAND: GET /session/b65fc9896dbbad70d7119bd0d8ca6151/screenshot - {}
RESULT: {}
COMMAND: POST /session/b65fc9896dbbad70d7119bd0d8ca6151/execute/async - {"script":"<script> [1562 bytes]","args":[{"selector":{"id":"application-managepartners-display-component---NewPartner--btnAddTableRow-img"},"wdio_ui5_key":"applicationmanagepartners-display-component---NewPartner--btnAddTableRow-img"}]}
RESULT: {"script":"<script> [1562 bytes]","args":[{"selector":{"id":"application-managepartners-display-component---NewPartner--btnAddTableRow-img"},"wdio_ui5_key":"applicationmanagepartners-display-component---NewPartner--btnAddTableRow-img"}]}
RESULT: undefined
COMMAND: POST /session/b65fc9896dbbad70d7119bd0d8ca6151/element - {"using":"xpath","value":"//*[@id=\"application-managepartners-display-component---NewPartner--btnAddTableRow-img\"]"}
RESULT: {"using":"xpath","value":"//*[@id=\"application-managepartners-display-component---NewPartner--btnAddTableRow-img\"]"}
COMMAND: POST /session/b65fc9896dbbad70d7119bd0d8ca6151/element/f.B1DE806DB4DF8D130682F5CACC3F0FDB.d.B7B69377BE5493949EB735729642D868.e.1680/click - {}
RESULT: {}
COMMAND: POST /session/b65fc9896dbbad70d7119bd0d8ca6151/element - {"using":"xpath","value":"//input[contains(@id ,\"application-managepartners-display-component---NewPartner--assignmentYard-application-managepartners-display-component---NewPartner\")]"}
COMMAND: GET /session/b65fc9896dbbad70d7119bd0d8ca6151/screenshot - {}
RESULT: {"using":"xpath","value":"//input[contains(@id ,\"application-managepartners-display-component---NewPartner--assignmentYard-application-managepartners-display-component---NewPartner\")]"}
COMMAND: POST /session/b65fc9896dbbad70d7119bd0d8ca6151/element/f.B1DE806DB4DF8D130682F5CACC3F0FDB.d.B7B69377BE5493949EB735729642D868.e.1683/clear - {}
RESULT: {}
RESULT: {}
COMMAND: POST /session/b65fc9896dbbad70d7119bd0d8ca6151/element/f.B1DE806DB4DF8D130682F5CACC3F0FDB.d.B7B69377BE5493949EB735729642D868.e.1683/value - {"text":"WebdriverYardiuaq2g"}
COMMAND: GET /session/b65fc9896dbbad70d7119bd0d8ca6151/screenshot - {}
RESULT: {"text":"WebdriverYardiuaq2g"}
COMMAND: GET /session/b65fc9896dbbad70d7119bd0d8ca6151/screenshot - {}
RESULT: {}
RESULT: {}
COMMAND: POST /session/b65fc9896dbbad70d7119bd0d8ca6151/execute/async - {"script":"<script> [1562 bytes]","args":[{"selector":{"controlType":"sap.m.Button","viewName":"etm.portal.ui.managepartners.view.NewPartner","viewId":"application-managepartners-display-component---NewPartner","i18NText":{"propertyName":"text","key":"save"},"interaction":{"idSuffix":"BDI-content"}},"wdio_ui5_key":"etmportal.ui.managepartners.view.NewPartnersap.m.Button{\"propertyName\":\"text\",\"key\":\"save\"}"}]}
RESULT: {"script":"<script> [1562 bytes]","args":[{"selector":{"controlType":"sap.m.Button","viewName":"etm.portal.ui.managepartners.view.NewPartner","viewId":"application-managepartners-display-component---NewPartner","i18NText":{"propertyName":"text","key":"save"},"interaction":{"idSuffix":"BDI-content"}},"wdio_ui5_key":"etmportal.ui.managepartners.view.NewPartnersap.m.Button{\"propertyName\":\"text\",\"key\":\"save\"}"}]}
RESULT: undefined
COMMAND: POST /session/b65fc9896dbbad70d7119bd0d8ca6151/element - {"using":"xpath","value":"//*[@id=\"__button12\"]"}
RESULT: {"using":"xpath","value":"//*[@id=\"__button12\"]"}
COMMAND: POST /session/b65fc9896dbbad70d7119bd0d8ca6151/element/f.B1DE806DB4DF8D130682F5CACC3F0FDB.d.B7B69377BE5493949EB735729642D868.e.1612/click - {}
RESULT: {}
COMMAND: GET /session/b65fc9896dbbad70d7119bd0d8ca6151/screenshot - {}
RESULT: {}
COMMAND: POST /session/b65fc9896dbbad70d7119bd0d8ca6151/element - {"using":"xpath","value":"//header/div/div[2]/div[2]/span"}
RESULT: {"using":"xpath","value":"//header/div/div[2]/div[2]/span"}
COMMAND: GET /session/b65fc9896dbbad70d7119bd0d8ca6151/element/f.B1DE806DB4DF8D130682F5CACC3F0FDB.d.B7B69377BE5493949EB735729642D868.e.1852/text - {}
RESULT: {}
COMMAND: POST /session/b65fc9896dbbad70d7119bd0d8ca6151/element - {"using":"xpath","value":"//header/div/div/div/div/div/div[2]/div/span"}
RESULT: {"using":"xpath","value":"//header/div/div/div/div/div/div[2]/div/span"}
COMMAND: GET /session/b65fc9896dbbad70d7119bd0d8ca6151/element/f.B1DE806DB4DF8D130682F5CACC3F0FDB.d.B7B69377BE5493949EB735729642D868.e.1853/text - {}
RESULT: {}
COMMAND: POST /session/b65fc9896dbbad70d7119bd0d8ca6151/execute/async - {"script":"<script> [1562 bytes]","args":[{"selector":{"id":"application-managepartners-display-component---detailPtm--partnerType"},"wdio_ui5_key":"applicationmanagepartners-display-component---detailPtm--partnerType"}]}
RESULT: {"script":"<script> [1562 bytes]","args":[{"selector":{"id":"application-managepartners-display-component---detailPtm--partnerType"},"wdio_ui5_key":"applicationmanagepartners-display-component---detailPtm--partnerType"}]}
RESULT: undefined
COMMAND: POST /session/b65fc9896dbbad70d7119bd0d8ca6151/execute/async - {"script":"<script> [6424 bytes]","args":[{"element-6066-11e4-a52e-4f735466cecf":"f.B1DE806DB4DF8D130682F5CACC3F0FDB.d.B7B69377BE5493949EB735729642D868.e.1854"},"getText",[]]}
RESULT: {"script":"<script> [6424 bytes]","args":[{"element-6066-11e4-a52e-4f735466cecf":"f.B1DE806DB4DF8D130682F5CACC3F0FDB.d.B7B69377BE5493949EB735729642D868.e.1854"},"getText",[]]}
COMMAND: POST /session/b65fc9896dbbad70d7119bd0d8ca6151/element - {"using":"css selector","value":"#shell-header-logo"}
RESULT: {"using":"css selector","value":"#shell-header-logo"}
COMMAND: POST /session/b65fc9896dbbad70d7119bd0d8ca6151/element/f.B1DE806DB4DF8D130682F5CACC3F0FDB.d.B7B69377BE5493949EB735729642D868.e.1192/click - {}
RESULT: {}
COMMAND: GET /session/b65fc9896dbbad70d7119bd0d8ca6151/screenshot - {}
RESULT: {}
COMMAND: POST /session/b65fc9896dbbad70d7119bd0d8ca6151/execute/async - {"script":"<script> [1562 bytes]","args":[{"selector":{"controlType":"sap.m.GenericTile","properties":{"header":"Manage Sites"}},"wdio_ui5_key":"sapm.GenericTile{\"header\":\"Manage Sites\"}"}]}
RESULT: {"script":"<script> [1562 bytes]","args":[{"selector":{"controlType":"sap.m.GenericTile","properties":{"header":"Manage Sites"}},"wdio_ui5_key":"sapm.GenericTile{\"header\":\"Manage Sites\"}"}]}
RESULT: undefined
COMMAND: POST /session/b65fc9896dbbad70d7119bd0d8ca6151/element - {"using":"xpath","value":"//*[@id=\"__tile41\"]"}
RESULT: {"using":"xpath","value":"//*[@id=\"__tile41\"]"}
COMMAND: POST /session/b65fc9896dbbad70d7119bd0d8ca6151/element/f.B1DE806DB4DF8D130682F5CACC3F0FDB.d.B7B69377BE5493949EB735729642D868.e.1856/click - {}
RESULT: {}
COMMAND: GET /session/b65fc9896dbbad70d7119bd0d8ca6151/screenshot - {}
RESULT: {}
COMMAND: POST /session/b65fc9896dbbad70d7119bd0d8ca6151/elements - {"using":"xpath","value":"//span[text()='Error']"}
RESULT: {"using":"xpath","value":"//span[text()='Error']"}
COMMAND: POST /session/b65fc9896dbbad70d7119bd0d8ca6151/execute/async - {"script":"<script> [1562 bytes]","args":[{"selector":{"controlType":"sap.ui.core.Icon","viewName":"etm.portal.ui.managesites.view.Master","viewId":"application-managesites-display-component---masterSite","properties":{"src":{"regex":{"source":"add"}}}},"wdio_ui5_key":"etmportal.ui.managesites.view.Mastersap.ui.core.Icon{\"src\":{\"regex\":{\"source\":\"add\"}}}"}]}
RESULT: {"script":"<script> [1562 bytes]","args":[{"selector":{"controlType":"sap.ui.core.Icon","viewName":"etm.portal.ui.managesites.view.Master","viewId":"application-managesites-display-component---masterSite","properties":{"src":{"regex":{"source":"add"}}}},"wdio_ui5_key":"etmportal.ui.managesites.view.Mastersap.ui.core.Icon{\"src\":{\"regex\":{\"source\":\"add\"}}}"}]}
RESULT: undefined
COMMAND: POST /session/b65fc9896dbbad70d7119bd0d8ca6151/element - {"using":"xpath","value":"//*[@id=\"__button52-img\"]"}
RESULT: {"using":"xpath","value":"//*[@id=\"__button52-img\"]"}
COMMAND: POST /session/b65fc9896dbbad70d7119bd0d8ca6151/element/f.B1DE806DB4DF8D130682F5CACC3F0FDB.d.B7B69377BE5493949EB735729642D868.e.1903/click - {}
RESULT: {}
COMMAND: POST /session/b65fc9896dbbad70d7119bd0d8ca6151/execute/async - {"script":"<script> [1562 bytes]","args":[{"selector":{"id":"application-managesites-display-component---NewSite--siteId","interaction":{"idSuffix":"inner"}},"wdio_ui5_key":"applicationmanagesites-display-component---NewSite--siteId"}]}
COMMAND: GET /session/b65fc9896dbbad70d7119bd0d8ca6151/screenshot - {}
RESULT: {"script":"<script> [1562 bytes]","args":[{"selector":{"id":"application-managesites-display-component---NewSite--siteId","interaction":{"idSuffix":"inner"}},"wdio_ui5_key":"applicationmanagesites-display-component---NewSite--siteId"}]}
RESULT: undefined
COMMAND: POST /session/b65fc9896dbbad70d7119bd0d8ca6151/execute/async - {"script":"<script> [1562 bytes]","args":[{"selector":{"id":"application-managesites-display-component---NewSite--addressDetailDetailsName1","interaction":{"idSuffix":"inner"}},"wdio_ui5_key":"applicationmanagesites-display-component---NewSite--addressDetailDetailsName1"}]}
RESULT: {}
RESULT: {"script":"<script> [1562 bytes]","args":[{"selector":{"id":"application-managesites-display-component---NewSite--addressDetailDetailsName1","interaction":{"idSuffix":"inner"}},"wdio_ui5_key":"applicationmanagesites-display-component---NewSite--addressDetailDetailsName1"}]}
RESULT: undefined
COMMAND: POST /session/b65fc9896dbbad70d7119bd0d8ca6151/execute/async - {"script":"<script> [776 bytes]","args":[{"enterText":"WebdriverSite0ndr7","selector":{"id":"application-managesites-display-component---NewSite--addressDetailDetailsName1","interaction":{"idSuffix":"inner"}},"clearTextFirst":true,"interactionType":"ENTER_TEXT"}]}
RESULT: {"script":"<script> [776 bytes]","args":[{"enterText":"WebdriverSite0ndr7","selector":{"id":"application-managesites-display-component---NewSite--addressDetailDetailsName1","interaction":{"idSuffix":"inner"}},"clearTextFirst":true,"interactionType":"ENTER_TEXT"}]}
COMMAND: POST /session/b65fc9896dbbad70d7119bd0d8ca6151/execute/async - {"script":"<script> [1562 bytes]","args":[{"selector":{"id":"application-managesites-display-component---NewSite--addressDetailDetailsLanguage","interaction":{"idSuffix":"inner"}},"wdio_ui5_key":"applicationmanagesites-display-component---NewSite--addressDetailDetailsLanguage"}]}
RESULT: {"script":"<script> [1562 bytes]","args":[{"selector":{"id":"application-managesites-display-component---NewSite--addressDetailDetailsLanguage","interaction":{"idSuffix":"inner"}},"wdio_ui5_key":"applicationmanagesites-display-component---NewSite--addressDetailDetailsLanguage"}]}
RESULT: undefined
COMMAND: POST /session/b65fc9896dbbad70d7119bd0d8ca6151/execute/async - {"script":"<script> [776 bytes]","args":[{"enterText":"Romanian","selector":{"id":"application-managesites-display-component---NewSite--addressDetailDetailsLanguage","interaction":{"idSuffix":"inner"}},"clearTextFirst":true,"interactionType":"ENTER_TEXT"}]}
RESULT: {"script":"<script> [776 bytes]","args":[{"enterText":"Romanian","selector":{"id":"application-managesites-display-component---NewSite--addressDetailDetailsLanguage","interaction":{"idSuffix":"inner"}},"clearTextFirst":true,"interactionType":"ENTER_TEXT"}]}
COMMAND: POST /session/b65fc9896dbbad70d7119bd0d8ca6151/execute/async - {"script":"<script> [1562 bytes]","args":[{"selector":{"id":"application-managesites-display-component---NewSite--addressDetailDetailsCity1","interaction":{"idSuffix":"inner"}},"wdio_ui5_key":"applicationmanagesites-display-component---NewSite--addressDetailDetailsCity1"}]}
RESULT: {"script":"<script> [1562 bytes]","args":[{"selector":{"id":"application-managesites-display-component---NewSite--addressDetailDetailsCity1","interaction":{"idSuffix":"inner"}},"wdio_ui5_key":"applicationmanagesites-display-component---NewSite--addressDetailDetailsCity1"}]}
RESULT: undefined
COMMAND: POST /session/b65fc9896dbbad70d7119bd0d8ca6151/execute/async - {"script":"<script> [776 bytes]","args":[{"enterText":"Bucharest","selector":{"id":"application-managesites-display-component---NewSite--addressDetailDetailsCity1","interaction":{"idSuffix":"inner"}},"clearTextFirst":true,"interactionType":"ENTER_TEXT"}]}
RESULT: {"script":"<script> [776 bytes]","args":[{"enterText":"Bucharest","selector":{"id":"application-managesites-display-component---NewSite--addressDetailDetailsCity1","interaction":{"idSuffix":"inner"}},"clearTextFirst":true,"interactionType":"ENTER_TEXT"}]}
COMMAND: POST /session/b65fc9896dbbad70d7119bd0d8ca6151/execute/async - {"script":"<script> [1562 bytes]","args":[{"selector":{"id":"application-managesites-display-component---NewSite--addressDetailDetailsCountry","interaction":{"idSuffix":"inner"}},"wdio_ui5_key":"applicationmanagesites-display-component---NewSite--addressDetailDetailsCountry"}]}
RESULT: {"script":"<script> [1562 bytes]","args":[{"selector":{"id":"application-managesites-display-component---NewSite--addressDetailDetailsCountry","interaction":{"idSuffix":"inner"}},"wdio_ui5_key":"applicationmanagesites-display-component---NewSite--addressDetailDetailsCountry"}]}
RESULT: undefined
COMMAND: POST /session/b65fc9896dbbad70d7119bd0d8ca6151/execute/async - {"script":"<script> [776 bytes]","args":[{"enterText":"Romania","selector":{"id":"application-managesites-display-component---NewSite--addressDetailDetailsCountry","interaction":{"idSuffix":"inner"}},"clearTextFirst":true,"interactionType":"ENTER_TEXT"}]}
RESULT: {"script":"<script> [776 bytes]","args":[{"enterText":"Romania","selector":{"id":"application-managesites-display-component---NewSite--addressDetailDetailsCountry","interaction":{"idSuffix":"inner"}},"clearTextFirst":true,"interactionType":"ENTER_TEXT"}]}
COMMAND: POST /session/b65fc9896dbbad70d7119bd0d8ca6151/element - {"using":"css selector","value":"#application-managesites-display-component---NewSite--addressDetailDetailsCalendar-inner"}
RESULT: {"using":"css selector","value":"#application-managesites-display-component---NewSite--addressDetailDetailsCalendar-inner"}
COMMAND: POST /session/b65fc9896dbbad70d7119bd0d8ca6151/element/f.B1DE806DB4DF8D130682F5CACC3F0FDB.d.B7B69377BE5493949EB735729642D868.e.2281/clear - {}
RESULT: {}
COMMAND: POST /session/b65fc9896dbbad70d7119bd0d8ca6151/element/f.B1DE806DB4DF8D130682F5CACC3F0FDB.d.B7B69377BE5493949EB735729642D868.e.2281/value - {"text":"Germany"}
COMMAND: GET /session/b65fc9896dbbad70d7119bd0d8ca6151/screenshot - {}
RESULT: {"text":"Germany"}
COMMAND: POST /session/b65fc9896dbbad70d7119bd0d8ca6151/execute/async - {"script":"<script> [1562 bytes]","args":[{"selector":{"id":"application-managesites-display-component---NewSite--addressEditDetailsCostObjectCstType-arrow"},"wdio_ui5_key":"applicationmanagesites-display-component---NewSite--addressEditDetailsCostObjectCstType-arrow"}]}
COMMAND: GET /session/b65fc9896dbbad70d7119bd0d8ca6151/screenshot - {}
RESULT: {}
RESULT: {"script":"<script> [1562 bytes]","args":[{"selector":{"id":"application-managesites-display-component---NewSite--addressEditDetailsCostObjectCstType-arrow"},"wdio_ui5_key":"applicationmanagesites-display-component---NewSite--addressEditDetailsCostObjectCstType-arrow"}]}
RESULT: undefined
COMMAND: POST /session/b65fc9896dbbad70d7119bd0d8ca6151/element - {"using":"xpath","value":"//*[@id=\"application-managesites-display-component---NewSite--addressEditDetailsCostObjectCstType-arrow\"]"}
RESULT: {}
RESULT: {"using":"xpath","value":"//*[@id=\"application-managesites-display-component---NewSite--addressEditDetailsCostObjectCstType-arrow\"]"}
COMMAND: POST /session/b65fc9896dbbad70d7119bd0d8ca6151/element/f.B1DE806DB4DF8D130682F5CACC3F0FDB.d.B7B69377BE5493949EB735729642D868.e.2479/click - {}
RESULT: {}
COMMAND: POST /session/b65fc9896dbbad70d7119bd0d8ca6151/element - {"using":"xpath","value":"//span[contains(text(), \"Work Breakdown Structure\")]"}
COMMAND: GET /session/b65fc9896dbbad70d7119bd0d8ca6151/screenshot - {}
RESULT: {"using":"xpath","value":"//span[contains(text(), \"Work Breakdown Structure\")]"}
COMMAND: POST /session/b65fc9896dbbad70d7119bd0d8ca6151/element/f.B1DE806DB4DF8D130682F5CACC3F0FDB.d.B7B69377BE5493949EB735729642D868.e.2480/click - {}
RESULT: {}
RESULT: {}
COMMAND: GET /session/b65fc9896dbbad70d7119bd0d8ca6151/screenshot - {}
RESULT: {}
RESULT: undefined
RESULT: undefined
COMMAND: POST /session/b65fc9896dbbad70d7119bd0d8ca6151/execute/async - {"script":"<script> [1562 bytes]","args":[{"selector":{"id":"application-managesites-display-component---NewSite--addressNewCostObjectCstID-vhi"},"wdio_ui5_key":"applicationmanagesites-display-component---NewSite--addressNewCostObjectCstID-vhi"}]}
RESULT: {"script":"<script> [1562 bytes]","args":[{"selector":{"id":"application-managesites-display-component---NewSite--addressNewCostObjectCstID-vhi"},"wdio_ui5_key":"applicationmanagesites-display-component---NewSite--addressNewCostObjectCstID-vhi"}]}
RESULT: undefined
COMMAND: POST /session/b65fc9896dbbad70d7119bd0d8ca6151/element - {"using":"xpath","value":"//*[@id=\"application-managesites-display-component---NewSite--addressNewCostObjectCstID-vhi\"]"}
RESULT: {"using":"xpath","value":"//*[@id=\"application-managesites-display-component---NewSite--addressNewCostObjectCstID-vhi\"]"}
COMMAND: POST /session/b65fc9896dbbad70d7119bd0d8ca6151/element/f.B1DE806DB4DF8D130682F5CACC3F0FDB.d.B7B69377BE5493949EB735729642D868.e.2484/click - {}
RESULT: {}
COMMAND: GET /session/b65fc9896dbbad70d7119bd0d8ca6151/screenshot - {}
RESULT: {}
COMMAND: POST /session/b65fc9896dbbad70d7119bd0d8ca6151/execute/async - {"script":"<script> [1562 bytes]","args":[{"selector":{"controlType":"sap.m.SearchField","properties":{"placeholder":"Search"},"searchOpenDialogs":true,"interaction":{"idSuffix":"I"}},"wdio_ui5_key":"sapm.SearchField{\"placeholder\":\"Search\"}"}]}
RESULT: {"script":"<script> [1562 bytes]","args":[{"selector":{"controlType":"sap.m.SearchField","properties":{"placeholder":"Search"},"searchOpenDialogs":true,"interaction":{"idSuffix":"I"}},"wdio_ui5_key":"sapm.SearchField{\"placeholder\":\"Search\"}"}]}
RESULT: undefined
COMMAND: POST /session/b65fc9896dbbad70d7119bd0d8ca6151/execute/async - {"script":"<script> [776 bytes]","args":[{"enterText":"A1-000100-01","selector":{"controlType":"sap.m.SearchField","properties":{"placeholder":"Search"},"searchOpenDialogs":true,"interaction":{"idSuffix":"I"}},"clearTextFirst":true,"interactionType":"ENTER_TEXT"}]}
RESULT: {"script":"<script> [776 bytes]","args":[{"enterText":"A1-000100-01","selector":{"controlType":"sap.m.SearchField","properties":{"placeholder":"Search"},"searchOpenDialogs":true,"interaction":{"idSuffix":"I"}},"clearTextFirst":true,"interactionType":"ENTER_TEXT"}]}
COMMAND: POST /session/b65fc9896dbbad70d7119bd0d8ca6151/actions - {"actions":[{"id":"action3","type":"key","parameters":{},"actions":[{"type":"keyDown","value":""},{"type":"pause","duration":10},{"type":"keyUp","value":""}]}]}
RESULT: {"actions":[{"id":"action3","type":"key","parameters":{},"actions":[{"type":"keyDown","value":""},{"type":"pause","duration":10},{"type":"keyUp","value":""}]}]}
COMMAND: GET /session/b65fc9896dbbad70d7119bd0d8ca6151/screenshot - {}
RESULT: {}
COMMAND: POST /session/b65fc9896dbbad70d7119bd0d8ca6151/element - {"using":"xpath","value":"//span[contains(text(), \"Template for ETO-Process\")]"}
RESULT: {"using":"xpath","value":"//span[contains(text(), \"Template for ETO-Process\")]"}
COMMAND: POST /session/b65fc9896dbbad70d7119bd0d8ca6151/element/f.B1DE806DB4DF8D130682F5CACC3F0FDB.d.B7B69377BE5493949EB735729642D868.e.2505/click - {}
RESULT: {}
COMMAND: GET /session/b65fc9896dbbad70d7119bd0d8ca6151/screenshot - {}
RESULT: {}
COMMAND: POST /session/b65fc9896dbbad70d7119bd0d8ca6151/element - {"using":"xpath","value":"//bdi[contains(text(), \"OK\")]"}
RESULT: {"using":"xpath","value":"//bdi[contains(text(), \"OK\")]"}
COMMAND: POST /session/b65fc9896dbbad70d7119bd0d8ca6151/element/f.B1DE806DB4DF8D130682F5CACC3F0FDB.d.B7B69377BE5493949EB735729642D868.e.2506/click - {}
RESULT: {}
COMMAND: GET /session/b65fc9896dbbad70d7119bd0d8ca6151/screenshot - {}
RESULT: {}
COMMAND: POST /session/b65fc9896dbbad70d7119bd0d8ca6151/element - {"using":"xpath","value":"//input[@id=\"application-managesites-display-component---NewSite--addressDetailDetailsYard-inner\"]"}
RESULT: {"using":"xpath","value":"//input[@id=\"application-managesites-display-component---NewSite--addressDetailDetailsYard-inner\"]"}
COMMAND: POST /session/b65fc9896dbbad70d7119bd0d8ca6151/element/f.B1DE806DB4DF8D130682F5CACC3F0FDB.d.B7B69377BE5493949EB735729642D868.e.2282/value - {"text":"WebdriverYardiuaq2g"}
RESULT: {"text":"WebdriverYardiuaq2g"}
COMMAND: GET /session/b65fc9896dbbad70d7119bd0d8ca6151/screenshot - {}
RESULT: {}
COMMAND: POST /session/b65fc9896dbbad70d7119bd0d8ca6151/actions - {"actions":[{"id":"action4","type":"key","parameters":{},"actions":[{"type":"keyDown","value":""},{"type":"pause","duration":10},{"type":"keyUp","value":""}]}]}
RESULT: {"actions":[{"id":"action4","type":"key","parameters":{},"actions":[{"type":"keyDown","value":""},{"type":"pause","duration":10},{"type":"keyUp","value":""}]}]}
COMMAND: GET /session/b65fc9896dbbad70d7119bd0d8ca6151/screenshot - {}
RESULT: {}
COMMAND: POST /session/b65fc9896dbbad70d7119bd0d8ca6151/element - {"using":"xpath","value":"//input[@id=\"application-managesites-display-component---NewSite--addressDetailDetailsPartner-inner\"]"}
RESULT: {"using":"xpath","value":"//input[@id=\"application-managesites-display-component---NewSite--addressDetailDetailsPartner-inner\"]"}
COMMAND: POST /session/b65fc9896dbbad70d7119bd0d8ca6151/elements - {"using":"xpath","value":"//input[@id=\"application-managesites-display-component---NewSite--addressDetailDetailsPartner-inner\"]"}
RESULT: {"using":"xpath","value":"//input[@id=\"application-managesites-display-component---NewSite--addressDetailDetailsPartner-inner\"]"}
COMMAND: POST /session/b65fc9896dbbad70d7119bd0d8ca6151/execute/async - {"script":"<script> [1562 bytes]","args":[{"selector":{"controlType":"sap.m.Button","viewName":"etm.portal.ui.managesites.view.NewSmartSite","viewId":"application-managesites-display-component---NewSite","properties":{"text":"Commercial"},"interaction":{"idSuffix":"BDI-content"}},"wdio_ui5_key":"etmportal.ui.managesites.view.NewSmartSitesap.m.Button{\"text\":\"Commercial\"}"}]}
RESULT: {"script":"<script> [1562 bytes]","args":[{"selector":{"controlType":"sap.m.Button","viewName":"etm.portal.ui.managesites.view.NewSmartSite","viewId":"application-managesites-display-component---NewSite","properties":{"text":"Commercial"},"interaction":{"idSuffix":"BDI-content"}},"wdio_ui5_key":"etmportal.ui.managesites.view.NewSmartSitesap.m.Button{\"text\":\"Commercial\"}"}]}
RESULT: undefined
COMMAND: POST /session/b65fc9896dbbad70d7119bd0d8ca6151/element - {"using":"xpath","value":"//*[@id=\"application-managesites-display-component---NewSite--ObjectPageLayout-anchBar-__section31-anchor\"]"}
RESULT: {"using":"xpath","value":"//*[@id=\"application-managesites-display-component---NewSite--ObjectPageLayout-anchBar-__section31-anchor\"]"}
COMMAND: POST /session/b65fc9896dbbad70d7119bd0d8ca6151/element/f.B1DE806DB4DF8D130682F5CACC3F0FDB.d.B7B69377BE5493949EB735729642D868.e.2534/click - {}
RESULT: {}
COMMAND: POST /session/b65fc9896dbbad70d7119bd0d8ca6151/execute/async - {"script":"<script> [1562 bytes]","args":[{"selector":{"controlType":"sap.m.Button","viewName":"etm.portal.ui.managesites.view.NewSmartSite","viewId":"application-managesites-display-component---NewSite","i18NText":{"propertyName":"text","key":"save"},"interaction":{"idSuffix":"BDI-content"}},"wdio_ui5_key":"etmportal.ui.managesites.view.NewSmartSitesap.m.Button{\"propertyName\":\"text\",\"key\":\"save\"}"}]}
COMMAND: GET /session/b65fc9896dbbad70d7119bd0d8ca6151/screenshot - {}
RESULT: {"script":"<script> [1562 bytes]","args":[{"selector":{"controlType":"sap.m.Button","viewName":"etm.portal.ui.managesites.view.NewSmartSite","viewId":"application-managesites-display-component---NewSite","i18NText":{"propertyName":"text","key":"save"},"interaction":{"idSuffix":"BDI-content"}},"wdio_ui5_key":"etmportal.ui.managesites.view.NewSmartSitesap.m.Button{\"propertyName\":\"text\",\"key\":\"save\"}"}]}
RESULT: undefined
COMMAND: POST /session/b65fc9896dbbad70d7119bd0d8ca6151/element - {"using":"xpath","value":"//*[@id=\"__button64\"]"}
RESULT: {}
RESULT: {"using":"xpath","value":"//*[@id=\"__button64\"]"}
COMMAND: POST /session/b65fc9896dbbad70d7119bd0d8ca6151/element/f.B1DE806DB4DF8D130682F5CACC3F0FDB.d.B7B69377BE5493949EB735729642D868.e.2456/click - {}
RESULT: {}
COMMAND: GET /session/b65fc9896dbbad70d7119bd0d8ca6151/screenshot - {}
RESULT: {}
COMMAND: POST /session/b65fc9896dbbad70d7119bd0d8ca6151/execute/async - {"script":"<script> [1562 bytes]","args":[{"selector":{"id":"application-managesites-display-component---detailSite--addressDetailDetailsYardText"},"wdio_ui5_key":"applicationmanagesites-display-component---detailSite--addressDetailDetailsYardText"}]}
RESULT: {"script":"<script> [1562 bytes]","args":[{"selector":{"id":"application-managesites-display-component---detailSite--addressDetailDetailsYardText"},"wdio_ui5_key":"applicationmanagesites-display-component---detailSite--addressDetailDetailsYardText"}]}
RESULT: undefined
COMMAND: POST /session/b65fc9896dbbad70d7119bd0d8ca6151/element - {"using":"xpath","value":"//header/div/div[2]/div[2]/span"}
RESULT: {"using":"xpath","value":"//header/div/div[2]/div[2]/span"}
COMMAND: GET /session/b65fc9896dbbad70d7119bd0d8ca6151/element/f.B1DE806DB4DF8D130682F5CACC3F0FDB.d.B7B69377BE5493949EB735729642D868.e.2734/text - {}
RESULT: {}
COMMAND: POST /session/b65fc9896dbbad70d7119bd0d8ca6151/element - {"using":"xpath","value":"//header/div/div/div/div/div/div[2]/div/span"}
RESULT: {"using":"xpath","value":"//header/div/div/div/div/div/div[2]/div/span"}
COMMAND: GET /session/b65fc9896dbbad70d7119bd0d8ca6151/element/f.B1DE806DB4DF8D130682F5CACC3F0FDB.d.B7B69377BE5493949EB735729642D868.e.2735/text - {}
RESULT: {}
COMMAND: POST /session/b65fc9896dbbad70d7119bd0d8ca6151/element - {"using":"css selector","value":"#shell-header-logo"}
RESULT: {"using":"css selector","value":"#shell-header-logo"}
COMMAND: POST /session/b65fc9896dbbad70d7119bd0d8ca6151/element/f.B1DE806DB4DF8D130682F5CACC3F0FDB.d.B7B69377BE5493949EB735729642D868.e.1859/click - {}
RESULT: {}
COMMAND: GET /session/b65fc9896dbbad70d7119bd0d8ca6151/screenshot - {}
RESULT: {}
]]></system-out>
    </testcase>
    <testcase classname="chrome.137_0_7151_69.windows.Standard_contract_-_add_contract_items_by_Insert_Request_US118222" name="Should create 2 new resources and a catalog item" time="384.192">
      <system-out><![CDATA[
COMMAND: POST /session/b65fc9896dbbad70d7119bd0d8ca6151/execute/async - {"script":"<script> [1562 bytes]","args":[{"selector":{"controlType":"sap.m.GenericTile","properties":{"header":"Manage Resources"}},"wdio_ui5_key":"sapm.GenericTile{\"header\":\"Manage Resources\"}"}]}
RESULT: {"script":"<script> [1562 bytes]","args":[{"selector":{"controlType":"sap.m.GenericTile","properties":{"header":"Manage Resources"}},"wdio_ui5_key":"sapm.GenericTile{\"header\":\"Manage Resources\"}"}]}
RESULT: undefined
COMMAND: POST /session/b65fc9896dbbad70d7119bd0d8ca6151/element - {"using":"xpath","value":"//*[@id=\"__tile40\"]"}
RESULT: {"using":"xpath","value":"//*[@id=\"__tile40\"]"}
COMMAND: POST /session/b65fc9896dbbad70d7119bd0d8ca6151/element/f.B1DE806DB4DF8D130682F5CACC3F0FDB.d.B7B69377BE5493949EB735729642D868.e.2738/click - {}
RESULT: {}
COMMAND: GET /session/b65fc9896dbbad70d7119bd0d8ca6151/screenshot - {}
RESULT: {}
COMMAND: POST /session/b65fc9896dbbad70d7119bd0d8ca6151/elements - {"using":"xpath","value":"//span[text()='Error']"}
RESULT: {"using":"xpath","value":"//span[text()='Error']"}
COMMAND: POST /session/b65fc9896dbbad70d7119bd0d8ca6151/element - {"using":"xpath","value":"//button[@data-kt=\"addNewRUOverflowToolbarButton\"]"}
RESULT: {"using":"xpath","value":"//button[@data-kt=\"addNewRUOverflowToolbarButton\"]"}
COMMAND: POST /session/b65fc9896dbbad70d7119bd0d8ca6151/execute/sync - {"script":"<script> [8489 bytes]","args":[{"element-6066-11e4-a52e-4f735466cecf":"f.B1DE806DB4DF8D130682F5CACC3F0FDB.d.B7B69377BE5493949EB735729642D868.e.2780","ELEMENT":"f.B1DE806DB4DF8D130682F5CACC3F0FDB.d.B7B69377BE5493949EB735729642D868.e.2780"}]}
RESULT: {"script":"<script> [8489 bytes]","args":[{"element-6066-11e4-a52e-4f735466cecf":"f.B1DE806DB4DF8D130682F5CACC3F0FDB.d.B7B69377BE5493949EB735729642D868.e.2780","ELEMENT":"f.B1DE806DB4DF8D130682F5CACC3F0FDB.d.B7B69377BE5493949EB735729642D868.e.2780"}]}
COMMAND: POST /session/b65fc9896dbbad70d7119bd0d8ca6151/element/f.B1DE806DB4DF8D130682F5CACC3F0FDB.d.B7B69377BE5493949EB735729642D868.e.2780/click - {}
COMMAND: GET /session/b65fc9896dbbad70d7119bd0d8ca6151/screenshot - {}
RESULT: {}
COMMAND: POST /session/b65fc9896dbbad70d7119bd0d8ca6151/execute/async - {"script":"<script> [1562 bytes]","args":[{"selector":{"id":"application-manageresources-display-component---newResourceUnit--TYPE-arrow"},"wdio_ui5_key":"applicationmanageresources-display-component---newResourceUnit--TYPE-arrow"}]}
COMMAND: GET /session/b65fc9896dbbad70d7119bd0d8ca6151/screenshot - {}
RESULT: {}
RESULT: {"script":"<script> [1562 bytes]","args":[{"selector":{"id":"application-manageresources-display-component---newResourceUnit--TYPE-arrow"},"wdio_ui5_key":"applicationmanageresources-display-component---newResourceUnit--TYPE-arrow"}]}
RESULT: undefined
COMMAND: POST /session/b65fc9896dbbad70d7119bd0d8ca6151/element - {"using":"xpath","value":"//*[@id=\"application-manageresources-display-component---newResourceUnit--TYPE-arrow\"]"}
RESULT: {}
RESULT: {"using":"xpath","value":"//*[@id=\"application-manageresources-display-component---newResourceUnit--TYPE-arrow\"]"}
COMMAND: POST /session/b65fc9896dbbad70d7119bd0d8ca6151/element/f.B1DE806DB4DF8D130682F5CACC3F0FDB.d.B7B69377BE5493949EB735729642D868.e.3102/click - {}
RESULT: {}
COMMAND: POST /session/b65fc9896dbbad70d7119bd0d8ca6151/execute/async - {"script":"<script> [1562 bytes]","args":[{"selector":{"controlType":"sap.m.StandardListItem","viewName":"reusables.view.manageresources.NewResourceUnit","viewId":"application-manageresources-display-component---newResourceUnit","properties":{"title":"Material"},"searchOpenDialogs":true,"interaction":{"idSuffix":"titleText"}},"wdio_ui5_key":"reusablesview.manageresources.NewResourceUnitsap.m.StandardListItem{\"title\":\"Material\"}"}]}
COMMAND: GET /session/b65fc9896dbbad70d7119bd0d8ca6151/screenshot - {}
RESULT: {"script":"<script> [1562 bytes]","args":[{"selector":{"controlType":"sap.m.StandardListItem","viewName":"reusables.view.manageresources.NewResourceUnit","viewId":"application-manageresources-display-component---newResourceUnit","properties":{"title":"Material"},"searchOpenDialogs":true,"interaction":{"idSuffix":"titleText"}},"wdio_ui5_key":"reusablesview.manageresources.NewResourceUnitsap.m.StandardListItem{\"title\":\"Material\"}"}]}
RESULT: undefined
COMMAND: POST /session/b65fc9896dbbad70d7119bd0d8ca6151/element - {"using":"xpath","value":"//*[@id=\"__item938\"]"}
RESULT: {}
RESULT: {"using":"xpath","value":"//*[@id=\"__item938\"]"}
COMMAND: POST /session/b65fc9896dbbad70d7119bd0d8ca6151/element/f.B1DE806DB4DF8D130682F5CACC3F0FDB.d.B7B69377BE5493949EB735729642D868.e.3105/click - {}
RESULT: {}
COMMAND: POST /session/b65fc9896dbbad70d7119bd0d8ca6151/execute/async - {"script":"<script> [1562 bytes]","args":[{"selector":{"id":"application-manageresources-display-component---newResourceUnit--SHORT_TEXT","interaction":{"idSuffix":"inner"}},"wdio_ui5_key":"applicationmanageresources-display-component---newResourceUnit--SHORT_TEXT"}]}
COMMAND: GET /session/b65fc9896dbbad70d7119bd0d8ca6151/screenshot - {}
RESULT: undefined
RESULT: undefined
RESULT: {"script":"<script> [1562 bytes]","args":[{"selector":{"id":"application-manageresources-display-component---newResourceUnit--SHORT_TEXT","interaction":{"idSuffix":"inner"}},"wdio_ui5_key":"applicationmanageresources-display-component---newResourceUnit--SHORT_TEXT"}]}
RESULT: undefined
COMMAND: POST /session/b65fc9896dbbad70d7119bd0d8ca6151/execute/async - {"script":"<script> [776 bytes]","args":[{"enterText":"WebdriverMatTestma4e7","selector":{"id":"application-manageresources-display-component---newResourceUnit--SHORT_TEXT","interaction":{"idSuffix":"inner"}},"clearTextFirst":true,"interactionType":"ENTER_TEXT"}]}
RESULT: {}
RESULT: {"script":"<script> [776 bytes]","args":[{"enterText":"WebdriverMatTestma4e7","selector":{"id":"application-manageresources-display-component---newResourceUnit--SHORT_TEXT","interaction":{"idSuffix":"inner"}},"clearTextFirst":true,"interactionType":"ENTER_TEXT"}]}
COMMAND: POST /session/b65fc9896dbbad70d7119bd0d8ca6151/execute/async - {"script":"<script> [1562 bytes]","args":[{"selector":{"id":"application-manageresources-display-component---newResourceUnit--BASE_UNIT_OF_MEASURE-arrow"},"wdio_ui5_key":"applicationmanageresources-display-component---newResourceUnit--BASE_UNIT_OF_MEASURE-arrow"}]}
RESULT: {"script":"<script> [1562 bytes]","args":[{"selector":{"id":"application-manageresources-display-component---newResourceUnit--BASE_UNIT_OF_MEASURE-arrow"},"wdio_ui5_key":"applicationmanageresources-display-component---newResourceUnit--BASE_UNIT_OF_MEASURE-arrow"}]}
RESULT: undefined
COMMAND: POST /session/b65fc9896dbbad70d7119bd0d8ca6151/element - {"using":"xpath","value":"//*[@id=\"application-manageresources-display-component---newResourceUnit--BASE_UNIT_OF_MEASURE-arrow\"]"}
RESULT: {"using":"xpath","value":"//*[@id=\"application-manageresources-display-component---newResourceUnit--BASE_UNIT_OF_MEASURE-arrow\"]"}
COMMAND: POST /session/b65fc9896dbbad70d7119bd0d8ca6151/element/f.B1DE806DB4DF8D130682F5CACC3F0FDB.d.B7B69377BE5493949EB735729642D868.e.3228/click - {}
RESULT: {}
COMMAND: POST /session/b65fc9896dbbad70d7119bd0d8ca6151/execute/async - {"script":"<script> [1562 bytes]","args":[{"selector":{"controlType":"sap.m.StandardListItem","viewName":"reusables.view.manageresources.NewResourceUnit","viewId":"application-manageresources-display-component---newResourceUnit","properties":{"title":"Piece"},"searchOpenDialogs":true,"interaction":{"idSuffix":"titleText"}},"wdio_ui5_key":"reusablesview.manageresources.NewResourceUnitsap.m.StandardListItem{\"title\":\"Piece\"}"}]}
COMMAND: GET /session/b65fc9896dbbad70d7119bd0d8ca6151/screenshot - {}
RESULT: {"script":"<script> [1562 bytes]","args":[{"selector":{"controlType":"sap.m.StandardListItem","viewName":"reusables.view.manageresources.NewResourceUnit","viewId":"application-manageresources-display-component---newResourceUnit","properties":{"title":"Piece"},"searchOpenDialogs":true,"interaction":{"idSuffix":"titleText"}},"wdio_ui5_key":"reusablesview.manageresources.NewResourceUnitsap.m.StandardListItem{\"title\":\"Piece\"}"}]}
RESULT: undefined
COMMAND: POST /session/b65fc9896dbbad70d7119bd0d8ca6151/element - {"using":"xpath","value":"//*[@id=\"__item991\"]"}
RESULT: {}
RESULT: {"using":"xpath","value":"//*[@id=\"__item991\"]"}
COMMAND: POST /session/b65fc9896dbbad70d7119bd0d8ca6151/element/f.B1DE806DB4DF8D130682F5CACC3F0FDB.d.B7B69377BE5493949EB735729642D868.e.3230/click - {}
RESULT: {}
COMMAND: POST /session/b65fc9896dbbad70d7119bd0d8ca6151/element - {"using":"xpath","value":"//input[contains(@id ,\"application-manageresources-display-component---newResourceUnit--SHORT_TEXT-inner\")]"}
COMMAND: GET /session/b65fc9896dbbad70d7119bd0d8ca6151/screenshot - {}
RESULT: {"using":"xpath","value":"//input[contains(@id ,\"application-manageresources-display-component---newResourceUnit--SHORT_TEXT-inner\")]"}
COMMAND: GET /session/b65fc9896dbbad70d7119bd0d8ca6151/element/f.B1DE806DB4DF8D130682F5CACC3F0FDB.d.B7B69377BE5493949EB735729642D868.e.3122/property/value - {}
RESULT: {}
RESULT: {}
COMMAND: POST /session/b65fc9896dbbad70d7119bd0d8ca6151/execute/async - {"script":"<script> [1562 bytes]","args":[{"selector":{"id":"application-manageresources-display-component---newResourceUnit--WEIGHT_UNIT-arrow"},"wdio_ui5_key":"applicationmanageresources-display-component---newResourceUnit--WEIGHT_UNIT-arrow"}]}
COMMAND: GET /session/b65fc9896dbbad70d7119bd0d8ca6151/screenshot - {}
RESULT: {"script":"<script> [1562 bytes]","args":[{"selector":{"id":"application-manageresources-display-component---newResourceUnit--WEIGHT_UNIT-arrow"},"wdio_ui5_key":"applicationmanageresources-display-component---newResourceUnit--WEIGHT_UNIT-arrow"}]}
RESULT: undefined
COMMAND: POST /session/b65fc9896dbbad70d7119bd0d8ca6151/element - {"using":"xpath","value":"//*[@id=\"application-manageresources-display-component---newResourceUnit--WEIGHT_UNIT-arrow\"]"}
RESULT: {}
RESULT: {"using":"xpath","value":"//*[@id=\"application-manageresources-display-component---newResourceUnit--WEIGHT_UNIT-arrow\"]"}
COMMAND: POST /session/b65fc9896dbbad70d7119bd0d8ca6151/element/f.B1DE806DB4DF8D130682F5CACC3F0FDB.d.B7B69377BE5493949EB735729642D868.e.3231/click - {}
RESULT: {}
COMMAND: POST /session/b65fc9896dbbad70d7119bd0d8ca6151/execute/async - {"script":"<script> [1562 bytes]","args":[{"selector":{"controlType":"sap.m.StandardListItem","viewName":"reusables.view.manageresources.NewResourceUnit","viewId":"application-manageresources-display-component---newResourceUnit","properties":{"title":"Gram"},"searchOpenDialogs":true,"interaction":{"idSuffix":"content"}},"wdio_ui5_key":"reusablesview.manageresources.NewResourceUnitsap.m.StandardListItem{\"title\":\"Gram\"}"}]}
COMMAND: GET /session/b65fc9896dbbad70d7119bd0d8ca6151/screenshot - {}
RESULT: {"script":"<script> [1562 bytes]","args":[{"selector":{"controlType":"sap.m.StandardListItem","viewName":"reusables.view.manageresources.NewResourceUnit","viewId":"application-manageresources-display-component---newResourceUnit","properties":{"title":"Gram"},"searchOpenDialogs":true,"interaction":{"idSuffix":"content"}},"wdio_ui5_key":"reusablesview.manageresources.NewResourceUnitsap.m.StandardListItem{\"title\":\"Gram\"}"}]}
RESULT: undefined
COMMAND: POST /session/b65fc9896dbbad70d7119bd0d8ca6151/element - {"using":"xpath","value":"//*[@id=\"__item1056\"]"}
RESULT: {}
RESULT: {"using":"xpath","value":"//*[@id=\"__item1056\"]"}
COMMAND: POST /session/b65fc9896dbbad70d7119bd0d8ca6151/element/f.B1DE806DB4DF8D130682F5CACC3F0FDB.d.B7B69377BE5493949EB735729642D868.e.3233/click - {}
RESULT: {}
COMMAND: POST /session/b65fc9896dbbad70d7119bd0d8ca6151/execute/async - {"script":"<script> [1562 bytes]","args":[{"selector":{"id":"application-manageresources-display-component---newResourceUnit--newRRUPage-OPHeaderContent-collapseBtn-img"},"wdio_ui5_key":"applicationmanageresources-display-component---newResourceUnit--newRRUPage-OPHeaderContent-collapseBtn-img"}]}
COMMAND: GET /session/b65fc9896dbbad70d7119bd0d8ca6151/screenshot - {}
RESULT: {"script":"<script> [1562 bytes]","args":[{"selector":{"id":"application-manageresources-display-component---newResourceUnit--newRRUPage-OPHeaderContent-collapseBtn-img"},"wdio_ui5_key":"applicationmanageresources-display-component---newResourceUnit--newRRUPage-OPHeaderContent-collapseBtn-img"}]}
RESULT: undefined
COMMAND: POST /session/b65fc9896dbbad70d7119bd0d8ca6151/element - {"using":"xpath","value":"//*[@id=\"application-manageresources-display-component---newResourceUnit--newRRUPage-OPHeaderContent-collapseBtn-img\"]"}
RESULT: {}
RESULT: {"using":"xpath","value":"//*[@id=\"application-manageresources-display-component---newResourceUnit--newRRUPage-OPHeaderContent-collapseBtn-img\"]"}
COMMAND: POST /session/b65fc9896dbbad70d7119bd0d8ca6151/element/f.B1DE806DB4DF8D130682F5CACC3F0FDB.d.B7B69377BE5493949EB735729642D868.e.3112/click - {}
RESULT: {}
COMMAND: GET /session/b65fc9896dbbad70d7119bd0d8ca6151/screenshot - {}
RESULT: {}
COMMAND: POST /session/b65fc9896dbbad70d7119bd0d8ca6151/element - {"using":"xpath","value":"(//span[contains(@id ,\"application-manageresources-display-component---newResourceUnit--DIMENSION_UNIT-arrow\")])[1]"}
RESULT: {"using":"xpath","value":"(//span[contains(@id ,\"application-manageresources-display-component---newResourceUnit--DIMENSION_UNIT-arrow\")])[1]"}
COMMAND: POST /session/b65fc9896dbbad70d7119bd0d8ca6151/element/f.B1DE806DB4DF8D130682F5CACC3F0FDB.d.B7B69377BE5493949EB735729642D868.e.3237/click - {}
RESULT: {}
COMMAND: GET /session/b65fc9896dbbad70d7119bd0d8ca6151/screenshot - {}
RESULT: {}
COMMAND: POST /session/b65fc9896dbbad70d7119bd0d8ca6151/execute/async - {"script":"<script> [1562 bytes]","args":[{"selector":{"controlType":"sap.m.StandardListItem","viewName":"reusables.view.manageresources.NewResourceUnit","viewId":"application-manageresources-display-component---newResourceUnit","properties":{"title":"Centimeter"},"searchOpenDialogs":true,"interaction":{"idSuffix":"titleText"}},"wdio_ui5_key":"reusablesview.manageresources.NewResourceUnitsap.m.StandardListItem{\"title\":\"Centimeter\"}"}]}
RESULT: {"script":"<script> [1562 bytes]","args":[{"selector":{"controlType":"sap.m.StandardListItem","viewName":"reusables.view.manageresources.NewResourceUnit","viewId":"application-manageresources-display-component---newResourceUnit","properties":{"title":"Centimeter"},"searchOpenDialogs":true,"interaction":{"idSuffix":"titleText"}},"wdio_ui5_key":"reusablesview.manageresources.NewResourceUnitsap.m.StandardListItem{\"title\":\"Centimeter\"}"}]}
RESULT: undefined
COMMAND: POST /session/b65fc9896dbbad70d7119bd0d8ca6151/element - {"using":"xpath","value":"//*[@id=\"__item1059\"]"}
RESULT: {"using":"xpath","value":"//*[@id=\"__item1059\"]"}
COMMAND: POST /session/b65fc9896dbbad70d7119bd0d8ca6151/element/f.B1DE806DB4DF8D130682F5CACC3F0FDB.d.B7B69377BE5493949EB735729642D868.e.3241/click - {}
RESULT: {}
COMMAND: POST /session/b65fc9896dbbad70d7119bd0d8ca6151/execute/async - {"script":"<script> [1562 bytes]","args":[{"selector":{"id":"application-manageresources-display-component---newResourceUnit--newRRUPage-anchBar-application-manageresources-display-component---newResourceUnit--reference-anchor","interaction":{"idSuffix":"BDI-content"}},"wdio_ui5_key":"applicationmanageresources-display-component---newResourceUnit--newRRUPage-anchBar-application-manageresources-display-component---newResourceUnit--reference-anchor"}]}
COMMAND: GET /session/b65fc9896dbbad70d7119bd0d8ca6151/screenshot - {}
RESULT: {"script":"<script> [1562 bytes]","args":[{"selector":{"id":"application-manageresources-display-component---newResourceUnit--newRRUPage-anchBar-application-manageresources-display-component---newResourceUnit--reference-anchor","interaction":{"idSuffix":"BDI-content"}},"wdio_ui5_key":"applicationmanageresources-display-component---newResourceUnit--newRRUPage-anchBar-application-manageresources-display-component---newResourceUnit--reference-anchor"}]}
RESULT: undefined
COMMAND: POST /session/b65fc9896dbbad70d7119bd0d8ca6151/element - {"using":"xpath","value":"//*[@id=\"application-manageresources-display-component---newResourceUnit--newRRUPage-anchBar-application-manageresources-display-component---newResourceUnit--reference-anchor\"]"}
RESULT: {}
RESULT: {"using":"xpath","value":"//*[@id=\"application-manageresources-display-component---newResourceUnit--newRRUPage-anchBar-application-manageresources-display-component---newResourceUnit--reference-anchor\"]"}
COMMAND: POST /session/b65fc9896dbbad70d7119bd0d8ca6151/element/f.B1DE806DB4DF8D130682F5CACC3F0FDB.d.B7B69377BE5493949EB735729642D868.e.3243/click - {}
RESULT: {}
COMMAND: POST /session/b65fc9896dbbad70d7119bd0d8ca6151/execute/async - {"script":"<script> [1562 bytes]","args":[{"selector":{"id":"application-manageresources-display-component---newResourceUnit--PLANNING_GROUP-arrow"},"wdio_ui5_key":"applicationmanageresources-display-component---newResourceUnit--PLANNING_GROUP-arrow"}]}
COMMAND: GET /session/b65fc9896dbbad70d7119bd0d8ca6151/screenshot - {}
RESULT: {"script":"<script> [1562 bytes]","args":[{"selector":{"id":"application-manageresources-display-component---newResourceUnit--PLANNING_GROUP-arrow"},"wdio_ui5_key":"applicationmanageresources-display-component---newResourceUnit--PLANNING_GROUP-arrow"}]}
RESULT: undefined
COMMAND: POST /session/b65fc9896dbbad70d7119bd0d8ca6151/element - {"using":"xpath","value":"//*[@id=\"application-manageresources-display-component---newResourceUnit--PLANNING_GROUP-arrow\"]"}
RESULT: {}
RESULT: {"using":"xpath","value":"//*[@id=\"application-manageresources-display-component---newResourceUnit--PLANNING_GROUP-arrow\"]"}
COMMAND: POST /session/b65fc9896dbbad70d7119bd0d8ca6151/element/f.B1DE806DB4DF8D130682F5CACC3F0FDB.d.B7B69377BE5493949EB735729642D868.e.3247/click - {}
RESULT: {}
COMMAND: POST /session/b65fc9896dbbad70d7119bd0d8ca6151/execute/async - {"script":"<script> [1562 bytes]","args":[{"selector":{"controlType":"sap.m.StandardListItem","viewName":"reusables.view.manageresources.NewResourceUnit","viewId":"application-manageresources-display-component---newResourceUnit","properties":{"title":"Heavy Equi"},"searchOpenDialogs":true,"interaction":{"idSuffix":"content"}},"wdio_ui5_key":"reusablesview.manageresources.NewResourceUnitsap.m.StandardListItem{\"title\":\"Heavy Equi\"}"}]}
COMMAND: GET /session/b65fc9896dbbad70d7119bd0d8ca6151/screenshot - {}
RESULT: {"script":"<script> [1562 bytes]","args":[{"selector":{"controlType":"sap.m.StandardListItem","viewName":"reusables.view.manageresources.NewResourceUnit","viewId":"application-manageresources-display-component---newResourceUnit","properties":{"title":"Heavy Equi"},"searchOpenDialogs":true,"interaction":{"idSuffix":"content"}},"wdio_ui5_key":"reusablesview.manageresources.NewResourceUnitsap.m.StandardListItem{\"title\":\"Heavy Equi\"}"}]}
RESULT: undefined
COMMAND: POST /session/b65fc9896dbbad70d7119bd0d8ca6151/element - {"using":"xpath","value":"//*[@id=\"__item1067\"]"}
RESULT: {}
RESULT: {"using":"xpath","value":"//*[@id=\"__item1067\"]"}
COMMAND: POST /session/b65fc9896dbbad70d7119bd0d8ca6151/element/f.B1DE806DB4DF8D130682F5CACC3F0FDB.d.B7B69377BE5493949EB735729642D868.e.3249/click - {}
RESULT: {}
COMMAND: GET /session/b65fc9896dbbad70d7119bd0d8ca6151/screenshot - {}
RESULT: {}
COMMAND: POST /session/b65fc9896dbbad70d7119bd0d8ca6151/execute/async - {"script":"<script> [1562 bytes]","args":[{"selector":{"id":"application-manageresources-display-component---newResourceUnit--PLANNING_INDICATOR-arrow"},"wdio_ui5_key":"applicationmanageresources-display-component---newResourceUnit--PLANNING_INDICATOR-arrow"}]}
RESULT: {"script":"<script> [1562 bytes]","args":[{"selector":{"id":"application-manageresources-display-component---newResourceUnit--PLANNING_INDICATOR-arrow"},"wdio_ui5_key":"applicationmanageresources-display-component---newResourceUnit--PLANNING_INDICATOR-arrow"}]}
RESULT: undefined
COMMAND: POST /session/b65fc9896dbbad70d7119bd0d8ca6151/element - {"using":"xpath","value":"//*[@id=\"application-manageresources-display-component---newResourceUnit--PLANNING_INDICATOR-arrow\"]"}
RESULT: {"using":"xpath","value":"//*[@id=\"application-manageresources-display-component---newResourceUnit--PLANNING_INDICATOR-arrow\"]"}
COMMAND: POST /session/b65fc9896dbbad70d7119bd0d8ca6151/element/f.B1DE806DB4DF8D130682F5CACC3F0FDB.d.B7B69377BE5493949EB735729642D868.e.3250/click - {}
RESULT: {}
COMMAND: POST /session/b65fc9896dbbad70d7119bd0d8ca6151/execute/async - {"script":"<script> [1562 bytes]","args":[{"selector":{"controlType":"sap.m.StandardListItem","viewName":"reusables.view.manageresources.NewResourceUnit","viewId":"application-manageresources-display-component---newResourceUnit","properties":{"title":"10 - infinite"},"searchOpenDialogs":true,"interaction":{"idSuffix":"content"}},"wdio_ui5_key":"reusablesview.manageresources.NewResourceUnitsap.m.StandardListItem{\"title\":\"10 - infinite\"}"}]}
COMMAND: GET /session/b65fc9896dbbad70d7119bd0d8ca6151/screenshot - {}
RESULT: {"script":"<script> [1562 bytes]","args":[{"selector":{"controlType":"sap.m.StandardListItem","viewName":"reusables.view.manageresources.NewResourceUnit","viewId":"application-manageresources-display-component---newResourceUnit","properties":{"title":"10 - infinite"},"searchOpenDialogs":true,"interaction":{"idSuffix":"content"}},"wdio_ui5_key":"reusablesview.manageresources.NewResourceUnitsap.m.StandardListItem{\"title\":\"10 - infinite\"}"}]}
RESULT: undefined
COMMAND: POST /session/b65fc9896dbbad70d7119bd0d8ca6151/element - {"using":"xpath","value":"//*[@id=\"__item1077\"]"}
RESULT: {}
RESULT: {"using":"xpath","value":"//*[@id=\"__item1077\"]"}
COMMAND: POST /session/b65fc9896dbbad70d7119bd0d8ca6151/element/f.B1DE806DB4DF8D130682F5CACC3F0FDB.d.B7B69377BE5493949EB735729642D868.e.3252/click - {}
RESULT: {}
COMMAND: GET /session/b65fc9896dbbad70d7119bd0d8ca6151/screenshot - {}
RESULT: {}
COMMAND: POST /session/b65fc9896dbbad70d7119bd0d8ca6151/element - {"using":"xpath","value":"//bdi[contains(text(), \"Time Segment\")]"}
RESULT: {"using":"xpath","value":"//bdi[contains(text(), \"Time Segment\")]"}
COMMAND: GET /session/b65fc9896dbbad70d7119bd0d8ca6151/element/f.B1DE806DB4DF8D130682F5CACC3F0FDB.d.B7B69377BE5493949EB735729642D868.e.3253/rect - {}
RESULT: {}
COMMAND: GET /session/b65fc9896dbbad70d7119bd0d8ca6151/window/rect - {}
RESULT: {}
COMMAND: POST /session/b65fc9896dbbad70d7119bd0d8ca6151/execute/sync - {"script":"<script> [92 bytes]","args":[]}
RESULT: {"script":"<script> [92 bytes]","args":[]}
COMMAND: POST /session/b65fc9896dbbad70d7119bd0d8ca6151/actions - {"actions":[{"id":"action5","type":"wheel","parameters":{},"actions":[{"type":"scroll","x":-1820,"y":-21,"deltaX":0,"deltaY":0,"duration":0,"origin":{"element-6066-11e4-a52e-4f735466cecf":"f.B1DE806DB4DF8D130682F5CACC3F0FDB.d.B7B69377BE5493949EB735729642D868.e.3253"}}]}]}
COMMAND: GET /session/b65fc9896dbbad70d7119bd0d8ca6151/screenshot - {}
RESULT: {}
COMMAND: POST /session/b65fc9896dbbad70d7119bd0d8ca6151/execute/sync - {"script":"<script> [79 bytes]","args":[{"element-6066-11e4-a52e-4f735466cecf":"f.B1DE806DB4DF8D130682F5CACC3F0FDB.d.B7B69377BE5493949EB735729642D868.e.3253","ELEMENT":"f.B1DE806DB4DF8D130682F5CACC3F0FDB.d.B7B69377BE5493949EB735729642D868.e.3253"},{"block":"start","inline":"nearest"}]}
RESULT: {"script":"<script> [79 bytes]","args":[{"element-6066-11e4-a52e-4f735466cecf":"f.B1DE806DB4DF8D130682F5CACC3F0FDB.d.B7B69377BE5493949EB735729642D868.e.3253","ELEMENT":"f.B1DE806DB4DF8D130682F5CACC3F0FDB.d.B7B69377BE5493949EB735729642D868.e.3253"},{"block":"start","inline":"nearest"}]}
COMMAND: GET /session/b65fc9896dbbad70d7119bd0d8ca6151/screenshot - {}
RESULT: {}
COMMAND: POST /session/b65fc9896dbbad70d7119bd0d8ca6151/element - {"using":"xpath","value":"//span[@id=\"application-manageresources-display-component---newResourceUnit--btnAddTimeSegment-img\"]"}
RESULT: {"using":"xpath","value":"//span[@id=\"application-manageresources-display-component---newResourceUnit--btnAddTimeSegment-img\"]"}
COMMAND: POST /session/b65fc9896dbbad70d7119bd0d8ca6151/execute/sync - {"script":"<script> [8489 bytes]","args":[{"element-6066-11e4-a52e-4f735466cecf":"f.B1DE806DB4DF8D130682F5CACC3F0FDB.d.B7B69377BE5493949EB735729642D868.e.3256","ELEMENT":"f.B1DE806DB4DF8D130682F5CACC3F0FDB.d.B7B69377BE5493949EB735729642D868.e.3256"}]}
RESULT: {"script":"<script> [8489 bytes]","args":[{"element-6066-11e4-a52e-4f735466cecf":"f.B1DE806DB4DF8D130682F5CACC3F0FDB.d.B7B69377BE5493949EB735729642D868.e.3256","ELEMENT":"f.B1DE806DB4DF8D130682F5CACC3F0FDB.d.B7B69377BE5493949EB735729642D868.e.3256"}]}
COMMAND: POST /session/b65fc9896dbbad70d7119bd0d8ca6151/element/f.B1DE806DB4DF8D130682F5CACC3F0FDB.d.B7B69377BE5493949EB735729642D868.e.3256/click - {}
COMMAND: GET /session/b65fc9896dbbad70d7119bd0d8ca6151/screenshot - {}
RESULT: {}
COMMAND: GET /session/b65fc9896dbbad70d7119bd0d8ca6151/screenshot - {}
RESULT: {}
COMMAND: POST /session/b65fc9896dbbad70d7119bd0d8ca6151/element - {"using":"xpath","value":"//input[@id=\"application-manageresources-display-component---newResourceUnit--idRuTSAdmin-application-manageresources-display-component---newResourceUnit--RUTimeSegment-0-inner\"]"}
RESULT: {}
RESULT: {"using":"xpath","value":"//input[@id=\"application-manageresources-display-component---newResourceUnit--idRuTSAdmin-application-manageresources-display-component---newResourceUnit--RUTimeSegment-0-inner\"]"}
COMMAND: POST /session/b65fc9896dbbad70d7119bd0d8ca6151/element/f.B1DE806DB4DF8D130682F5CACC3F0FDB.d.B7B69377BE5493949EB735729642D868.e.3259/clear - {}
RESULT: {}
COMMAND: POST /session/b65fc9896dbbad70d7119bd0d8ca6151/element/f.B1DE806DB4DF8D130682F5CACC3F0FDB.d.B7B69377BE5493949EB735729642D868.e.3259/value - {"text":"WebdriverYardiuaq2g"}
COMMAND: GET /session/b65fc9896dbbad70d7119bd0d8ca6151/screenshot - {}
RESULT: {"text":"WebdriverYardiuaq2g"}
COMMAND: GET /session/b65fc9896dbbad70d7119bd0d8ca6151/screenshot - {}
RESULT: {}
RESULT: {}
COMMAND: POST /session/b65fc9896dbbad70d7119bd0d8ca6151/actions - {"actions":[{"id":"action6","type":"key","parameters":{},"actions":[{"type":"keyDown","value":""},{"type":"pause","duration":10},{"type":"keyUp","value":""}]}]}
RESULT: {"actions":[{"id":"action6","type":"key","parameters":{},"actions":[{"type":"keyDown","value":""},{"type":"pause","duration":10},{"type":"keyUp","value":""}]}]}
COMMAND: GET /session/b65fc9896dbbad70d7119bd0d8ca6151/screenshot - {}
RESULT: {}
COMMAND: POST /session/b65fc9896dbbad70d7119bd0d8ca6151/execute/async - {"script":"<script> [1562 bytes]","args":[{"selector":{"controlType":"sap.m.Button","viewName":"reusables.view.manageresources.NewResourceUnit","viewId":"application-manageresources-display-component---newResourceUnit","i18NText":{"propertyName":"tooltip","key":"save"},"interaction":{"idSuffix":"BDI-content"}},"wdio_ui5_key":"reusablesview.manageresources.NewResourceUnitsap.m.Button{\"propertyName\":\"tooltip\",\"key\":\"save\"}"}]}
RESULT: {"script":"<script> [1562 bytes]","args":[{"selector":{"controlType":"sap.m.Button","viewName":"reusables.view.manageresources.NewResourceUnit","viewId":"application-manageresources-display-component---newResourceUnit","i18NText":{"propertyName":"tooltip","key":"save"},"interaction":{"idSuffix":"BDI-content"}},"wdio_ui5_key":"reusablesview.manageresources.NewResourceUnitsap.m.Button{\"propertyName\":\"tooltip\",\"key\":\"save\"}"}]}
RESULT: undefined
COMMAND: POST /session/b65fc9896dbbad70d7119bd0d8ca6151/element - {"using":"xpath","value":"//*[@id=\"application-manageresources-display-component---newResourceUnit--createRuButton\"]"}
RESULT: {"using":"xpath","value":"//*[@id=\"application-manageresources-display-component---newResourceUnit--createRuButton\"]"}
COMMAND: POST /session/b65fc9896dbbad70d7119bd0d8ca6151/element/f.B1DE806DB4DF8D130682F5CACC3F0FDB.d.B7B69377BE5493949EB735729642D868.e.3118/click - {}
RESULT: {}
COMMAND: GET /session/b65fc9896dbbad70d7119bd0d8ca6151/screenshot - {}
RESULT: {}
COMMAND: POST /session/b65fc9896dbbad70d7119bd0d8ca6151/execute/async - {"script":"<script> [1562 bytes]","args":[{"selector":{"controlType":"sap.m.Title","properties":{"text":"Success"},"searchOpenDialogs":true},"wdio_ui5_key":"sapm.Title{\"text\":\"Success\"}"}]}
RESULT: {"script":"<script> [1562 bytes]","args":[{"selector":{"controlType":"sap.m.Title","properties":{"text":"Success"},"searchOpenDialogs":true},"wdio_ui5_key":"sapm.Title{\"text\":\"Success\"}"}]}
RESULT: undefined
COMMAND: POST /session/b65fc9896dbbad70d7119bd0d8ca6151/execute/async - {"script":"<script> [6424 bytes]","args":[{"element-6066-11e4-a52e-4f735466cecf":"f.B1DE806DB4DF8D130682F5CACC3F0FDB.d.B7B69377BE5493949EB735729642D868.e.3272"},"getText",[]]}
RESULT: {"script":"<script> [6424 bytes]","args":[{"element-6066-11e4-a52e-4f735466cecf":"f.B1DE806DB4DF8D130682F5CACC3F0FDB.d.B7B69377BE5493949EB735729642D868.e.3272"},"getText",[]]}
COMMAND: POST /session/b65fc9896dbbad70d7119bd0d8ca6151/element - {"using":"xpath","value":"//*[contains(@id, '__text') and (contains(text(), 'successfully created') or contains(., 'successfully created'))]"}
RESULT: {"using":"xpath","value":"//*[contains(@id, '__text') and (contains(text(), 'successfully created') or contains(., 'successfully created'))]"}
COMMAND: GET /session/b65fc9896dbbad70d7119bd0d8ca6151/element/f.B1DE806DB4DF8D130682F5CACC3F0FDB.d.B7B69377BE5493949EB735729642D868.e.3271/text - {}
RESULT: {}
COMMAND: POST /session/b65fc9896dbbad70d7119bd0d8ca6151/execute/async - {"script":"<script> [1562 bytes]","args":[{"selector":{"controlType":"sap.m.Button","properties":{"text":"Close"},"searchOpenDialogs":true,"interaction":{"idSuffix":"BDI-content"}},"wdio_ui5_key":"sapm.Button{\"text\":\"Close\"}"}]}
RESULT: {"script":"<script> [1562 bytes]","args":[{"selector":{"controlType":"sap.m.Button","properties":{"text":"Close"},"searchOpenDialogs":true,"interaction":{"idSuffix":"BDI-content"}},"wdio_ui5_key":"sapm.Button{\"text\":\"Close\"}"}]}
RESULT: undefined
COMMAND: POST /session/b65fc9896dbbad70d7119bd0d8ca6151/element - {"using":"xpath","value":"//*[@id=\"__mbox-btn-0\"]"}
RESULT: {"using":"xpath","value":"//*[@id=\"__mbox-btn-0\"]"}
COMMAND: POST /session/b65fc9896dbbad70d7119bd0d8ca6151/element/f.B1DE806DB4DF8D130682F5CACC3F0FDB.d.B7B69377BE5493949EB735729642D868.e.3269/click - {}
RESULT: {}
COMMAND: GET /session/b65fc9896dbbad70d7119bd0d8ca6151/screenshot - {}
RESULT: {}
COMMAND: POST /session/b65fc9896dbbad70d7119bd0d8ca6151/execute/async - {"script":"<script> [1562 bytes]","args":[{"selector":{"controlType":"sap.ui.core.Icon","viewName":"etm.portal.ui.manageresources.view.Detail","viewId":"application-manageresources-display-component---detailRU","properties":{"src":{"regex":{"source":"overflow"}}}},"wdio_ui5_key":"etmportal.ui.manageresources.view.Detailsap.ui.core.Icon{\"src\":{\"regex\":{\"source\":\"overflow\"}}}"}]}
RESULT: {"script":"<script> [1562 bytes]","args":[{"selector":{"controlType":"sap.ui.core.Icon","viewName":"etm.portal.ui.manageresources.view.Detail","viewId":"application-manageresources-display-component---detailRU","properties":{"src":{"regex":{"source":"overflow"}}}},"wdio_ui5_key":"etmportal.ui.manageresources.view.Detailsap.ui.core.Icon{\"src\":{\"regex\":{\"source\":\"overflow\"}}}"}]}
RESULT: undefined
COMMAND: POST /session/b65fc9896dbbad70d7119bd0d8ca6151/element - {"using":"xpath","value":"//*[@id=\"__title36-_actionsToolbar-overflowButton-img\"]"}
RESULT: {"using":"xpath","value":"//*[@id=\"__title36-_actionsToolbar-overflowButton-img\"]"}
COMMAND: POST /session/b65fc9896dbbad70d7119bd0d8ca6151/element/f.B1DE806DB4DF8D130682F5CACC3F0FDB.d.B7B69377BE5493949EB735729642D868.e.3303/click - {}
RESULT: {}
COMMAND: POST /session/b65fc9896dbbad70d7119bd0d8ca6151/execute/async - {"script":"<script> [1562 bytes]","args":[{"selector":{"controlType":"sap.m.Button","viewName":"etm.portal.ui.manageresources.view.Detail","viewId":"application-manageresources-display-component---detailRU","i18NText":{"propertyName":"tooltip","key":"closeColumn"},"searchOpenDialogs":true,"interaction":{"idSuffix":"inner"}},"wdio_ui5_key":"etmportal.ui.manageresources.view.Detailsap.m.Button{\"propertyName\":\"tooltip\",\"key\":\"closeColumn\"}"}]}
COMMAND: GET /session/b65fc9896dbbad70d7119bd0d8ca6151/screenshot - {}
RESULT: {"script":"<script> [1562 bytes]","args":[{"selector":{"controlType":"sap.m.Button","viewName":"etm.portal.ui.manageresources.view.Detail","viewId":"application-manageresources-display-component---detailRU","i18NText":{"propertyName":"tooltip","key":"closeColumn"},"searchOpenDialogs":true,"interaction":{"idSuffix":"inner"}},"wdio_ui5_key":"etmportal.ui.manageresources.view.Detailsap.m.Button{\"propertyName\":\"tooltip\",\"key\":\"closeColumn\"}"}]}
RESULT: undefined
COMMAND: POST /session/b65fc9896dbbad70d7119bd0d8ca6151/element - {"using":"xpath","value":"//*[@id=\"__button151\"]"}
RESULT: {}
RESULT: {"using":"xpath","value":"//*[@id=\"__button151\"]"}
COMMAND: POST /session/b65fc9896dbbad70d7119bd0d8ca6151/element/f.B1DE806DB4DF8D130682F5CACC3F0FDB.d.B7B69377BE5493949EB735729642D868.e.3305/click - {}
RESULT: {}
COMMAND: GET /session/b65fc9896dbbad70d7119bd0d8ca6151/screenshot - {}
RESULT: {}
COMMAND: POST /session/b65fc9896dbbad70d7119bd0d8ca6151/refresh - {}
RESULT: {}
COMMAND: GET /session/b65fc9896dbbad70d7119bd0d8ca6151/screenshot - {}
RESULT: {}
COMMAND: POST /session/b65fc9896dbbad70d7119bd0d8ca6151/execute/async - {"script":"<script> [189 bytes]","args":[]}
RESULT: {"script":"<script> [189 bytes]","args":[]}
COMMAND: POST /session/b65fc9896dbbad70d7119bd0d8ca6151/execute/async - {"script":"<script> [123 bytes]","args":[]}
RESULT: {"script":"<script> [123 bytes]","args":[]}
COMMAND: POST /session/b65fc9896dbbad70d7119bd0d8ca6151/timeouts - {"script":"<number>"}
RESULT: {"script":"<number>"}
COMMAND: GET /session/b65fc9896dbbad70d7119bd0d8ca6151/timeouts - {}
RESULT: {}
RESULT: undefined
COMMAND: POST /session/b65fc9896dbbad70d7119bd0d8ca6151/execute/async - {"script":"<script> [2676 bytes]","args":[]}
RESULT: {"script":"<script> [2676 bytes]","args":[]}
COMMAND: POST /session/b65fc9896dbbad70d7119bd0d8ca6151/execute/async - {"script":"<script> [2342 bytes]","args":[{"protocol":"http","hostname":"0.0.0.0","path":"/","capabilities":{"browserName":"chrome","goog:chromeOptions":{"binary":"C:\\Program Files\\Google\\Chrome\\Application\\chrome.exe","args":["--start-maximized"]}},"logLevel":"warn","connectionRetryTimeout":120000,"connectionRetryCount":3,"logLevels":{},"enableDirectConnect":true,"strictSSL":true,"_":"65 more keys: [\"cacheDir\",\"port\",\"requestedCapabilities\",\"automationProtocol\",\"baseUrl\",\"waitforInterval\",\"waitforTimeout\",\"onReload\",\"beforeCommand\",\"afterCommand\",\"rootDir\",\"specs\",\"suites\",\"exclude\",\"groupLogsByTestSpec\",\"excludeDriverLogs\",\"bail\",\"framework\",\"reporters\",\"services\",\"maxInstances\",\"maxInstancesPerCapability\",\"injectGlobals\",\"filesToWatch\",\"execArgv\",\"runnerEnv\",\"runner\",\"shard\",\"specFileRetries\",\"specFileRetriesDelay\",\"specFileRetriesDeferred\",\"reporterSyncInterval\",\"reporterSyncTimeout\",\"cucumberFeaturesWithLineNumbers\",\"autoCompileOpts\",\"mochaOpts\",\"jasmineOpts\",\"cucumberOpts\",\"onPrepare\",\"onWorkerStart\",\"onWorkerEnd\",\"before\",\"beforeSession\",\"beforeSuite\",\"beforeHook\",\"beforeTest\",\"afterTest\",\"afterHook\",\"afterSuite\",\"afterSession\",\"after\",\"onComplete\",\"beforeAssertion\",\"afterAssertion\",\"beforeFeature\",\"beforeScenario\",\"beforeStep\",\"afterStep\",\"afterScenario\",\"afterFeature\",\"_\",\"suite\",\"$0\",\"ignoredWorkerServices\",\"wdi5\"]"}]}
RESULT: {"script":"<script> [2342 bytes]","args":[{"protocol":"http","hostname":"0.0.0.0","path":"/","capabilities":{"browserName":"chrome","goog:chromeOptions":{"binary":"C:\\Program Files\\Google\\Chrome\\Application\\chrome.exe","args":["--start-maximized"]}},"logLevel":"warn","connectionRetryTimeout":120000,"connectionRetryCount":3,"logLevels":{},"enableDirectConnect":true,"strictSSL":true,"_":"65 more keys: [\"cacheDir\",\"port\",\"requestedCapabilities\",\"automationProtocol\",\"baseUrl\",\"waitforInterval\",\"waitforTimeout\",\"onReload\",\"beforeCommand\",\"afterCommand\",\"rootDir\",\"specs\",\"suites\",\"exclude\",\"groupLogsByTestSpec\",\"excludeDriverLogs\",\"bail\",\"framework\",\"reporters\",\"services\",\"maxInstances\",\"maxInstancesPerCapability\",\"injectGlobals\",\"filesToWatch\",\"execArgv\",\"runnerEnv\",\"runner\",\"shard\",\"specFileRetries\",\"specFileRetriesDelay\",\"specFileRetriesDeferred\",\"reporterSyncInterval\",\"reporterSyncTimeout\",\"cucumberFeaturesWithLineNumbers\",\"autoCompileOpts\",\"mochaOpts\",\"jasmineOpts\",\"cucumberOpts\",\"onPrepare\",\"onWorkerStart\",\"onWorkerEnd\",\"before\",\"beforeSession\",\"beforeSuite\",\"beforeHook\",\"beforeTest\",\"afterTest\",\"afterHook\",\"afterSuite\",\"afterSession\",\"after\",\"onComplete\",\"beforeAssertion\",\"afterAssertion\",\"beforeFeature\",\"beforeScenario\",\"beforeStep\",\"afterStep\",\"afterScenario\",\"afterFeature\",\"_\",\"suite\",\"$0\",\"ignoredWorkerServices\",\"wdi5\"]"}]}
COMMAND: POST /session/b65fc9896dbbad70d7119bd0d8ca6151/execute/async - {"script":"<script> [21126 bytes]","args":[35000]}
RESULT: {"script":"<script> [21126 bytes]","args":[35000]}
COMMAND: POST /session/b65fc9896dbbad70d7119bd0d8ca6151/element - {"using":"css selector","value":"#shell-header-logo"}
RESULT: {"using":"css selector","value":"#shell-header-logo"}
COMMAND: POST /session/b65fc9896dbbad70d7119bd0d8ca6151/element/f.B1DE806DB4DF8D130682F5CACC3F0FDB.d.AC1428B186666951F43243A03A08384C.e.3434/click - {}
RESULT: {}
COMMAND: GET /session/b65fc9896dbbad70d7119bd0d8ca6151/screenshot - {}
RESULT: undefined
RESULT: {}
COMMAND: POST /session/b65fc9896dbbad70d7119bd0d8ca6151/execute/async - {"script":"<script> [1562 bytes]","args":[{"selector":{"controlType":"sap.m.GenericTile","properties":{"header":"Manage Resources"}},"wdio_ui5_key":"sapm.GenericTile{\"header\":\"Manage Resources\"}"}]}
RESULT: {"script":"<script> [1562 bytes]","args":[{"selector":{"controlType":"sap.m.GenericTile","properties":{"header":"Manage Resources"}},"wdio_ui5_key":"sapm.GenericTile{\"header\":\"Manage Resources\"}"}]}
RESULT: undefined
COMMAND: POST /session/b65fc9896dbbad70d7119bd0d8ca6151/element - {"using":"xpath","value":"//*[@id=\"__tile40\"]"}
RESULT: {"using":"xpath","value":"//*[@id=\"__tile40\"]"}
COMMAND: POST /session/b65fc9896dbbad70d7119bd0d8ca6151/element/f.B1DE806DB4DF8D130682F5CACC3F0FDB.d.AC1428B186666951F43243A03A08384C.e.3619/click - {}
RESULT: {}
COMMAND: GET /session/b65fc9896dbbad70d7119bd0d8ca6151/screenshot - {}
RESULT: {}
COMMAND: POST /session/b65fc9896dbbad70d7119bd0d8ca6151/elements - {"using":"xpath","value":"//span[text()='Error']"}
RESULT: {"using":"xpath","value":"//span[text()='Error']"}
COMMAND: POST /session/b65fc9896dbbad70d7119bd0d8ca6151/element - {"using":"xpath","value":"//button[@data-kt=\"addNewRUOverflowToolbarButton\"]"}
RESULT: {"using":"xpath","value":"//button[@data-kt=\"addNewRUOverflowToolbarButton\"]"}
COMMAND: POST /session/b65fc9896dbbad70d7119bd0d8ca6151/execute/sync - {"script":"<script> [8489 bytes]","args":[{"element-6066-11e4-a52e-4f735466cecf":"f.B1DE806DB4DF8D130682F5CACC3F0FDB.d.AC1428B186666951F43243A03A08384C.e.3661","ELEMENT":"f.B1DE806DB4DF8D130682F5CACC3F0FDB.d.AC1428B186666951F43243A03A08384C.e.3661"}]}
RESULT: {"script":"<script> [8489 bytes]","args":[{"element-6066-11e4-a52e-4f735466cecf":"f.B1DE806DB4DF8D130682F5CACC3F0FDB.d.AC1428B186666951F43243A03A08384C.e.3661","ELEMENT":"f.B1DE806DB4DF8D130682F5CACC3F0FDB.d.AC1428B186666951F43243A03A08384C.e.3661"}]}
COMMAND: POST /session/b65fc9896dbbad70d7119bd0d8ca6151/element/f.B1DE806DB4DF8D130682F5CACC3F0FDB.d.AC1428B186666951F43243A03A08384C.e.3661/click - {}
COMMAND: GET /session/b65fc9896dbbad70d7119bd0d8ca6151/screenshot - {}
RESULT: {}
COMMAND: GET /session/b65fc9896dbbad70d7119bd0d8ca6151/screenshot - {}
RESULT: {}
RESULT: {}
COMMAND: POST /session/b65fc9896dbbad70d7119bd0d8ca6151/execute/async - {"script":"<script> [1562 bytes]","args":[{"selector":{"id":"application-manageresources-display-component---newResourceUnit--TYPE-arrow"},"wdio_ui5_key":"applicationmanageresources-display-component---newResourceUnit--TYPE-arrow"}]}
RESULT: {"script":"<script> [1562 bytes]","args":[{"selector":{"id":"application-manageresources-display-component---newResourceUnit--TYPE-arrow"},"wdio_ui5_key":"applicationmanageresources-display-component---newResourceUnit--TYPE-arrow"}]}
RESULT: undefined
COMMAND: POST /session/b65fc9896dbbad70d7119bd0d8ca6151/element - {"using":"xpath","value":"//*[@id=\"application-manageresources-display-component---newResourceUnit--TYPE-arrow\"]"}
RESULT: {"using":"xpath","value":"//*[@id=\"application-manageresources-display-component---newResourceUnit--TYPE-arrow\"]"}
COMMAND: POST /session/b65fc9896dbbad70d7119bd0d8ca6151/element/f.B1DE806DB4DF8D130682F5CACC3F0FDB.d.AC1428B186666951F43243A03A08384C.e.3977/click - {}
RESULT: {}
COMMAND: POST /session/b65fc9896dbbad70d7119bd0d8ca6151/execute/async - {"script":"<script> [1562 bytes]","args":[{"selector":{"controlType":"sap.m.StandardListItem","viewName":"reusables.view.manageresources.NewResourceUnit","viewId":"application-manageresources-display-component---newResourceUnit","properties":{"title":"Equipment"},"searchOpenDialogs":true,"interaction":{"idSuffix":"content"}},"wdio_ui5_key":"reusablesview.manageresources.NewResourceUnitsap.m.StandardListItem{\"title\":\"Equipment\"}"}]}
COMMAND: GET /session/b65fc9896dbbad70d7119bd0d8ca6151/screenshot - {}
RESULT: {"script":"<script> [1562 bytes]","args":[{"selector":{"controlType":"sap.m.StandardListItem","viewName":"reusables.view.manageresources.NewResourceUnit","viewId":"application-manageresources-display-component---newResourceUnit","properties":{"title":"Equipment"},"searchOpenDialogs":true,"interaction":{"idSuffix":"content"}},"wdio_ui5_key":"reusablesview.manageresources.NewResourceUnitsap.m.StandardListItem{\"title\":\"Equipment\"}"}]}
RESULT: undefined
COMMAND: POST /session/b65fc9896dbbad70d7119bd0d8ca6151/element - {"using":"xpath","value":"//*[@id=\"__item185\"]"}
RESULT: {}
RESULT: {"using":"xpath","value":"//*[@id=\"__item185\"]"}
COMMAND: POST /session/b65fc9896dbbad70d7119bd0d8ca6151/element/f.B1DE806DB4DF8D130682F5CACC3F0FDB.d.AC1428B186666951F43243A03A08384C.e.3980/click - {}
RESULT: {}
COMMAND: POST /session/b65fc9896dbbad70d7119bd0d8ca6151/execute/async - {"script":"<script> [1562 bytes]","args":[{"selector":{"id":"application-manageresources-display-component---newResourceUnit--resourceId","interaction":{"idSuffix":"inner"}},"wdio_ui5_key":"applicationmanageresources-display-component---newResourceUnit--resourceId"}]}
COMMAND: GET /session/b65fc9896dbbad70d7119bd0d8ca6151/screenshot - {}
RESULT: {"script":"<script> [1562 bytes]","args":[{"selector":{"id":"application-manageresources-display-component---newResourceUnit--resourceId","interaction":{"idSuffix":"inner"}},"wdio_ui5_key":"applicationmanageresources-display-component---newResourceUnit--resourceId"}]}
RESULT: undefined
COMMAND: POST /session/b65fc9896dbbad70d7119bd0d8ca6151/execute/async - {"script":"<script> [776 bytes]","args":[{"enterText":"WdIOTestEquipqpc3q","selector":{"id":"application-manageresources-display-component---newResourceUnit--resourceId","interaction":{"idSuffix":"inner"}},"clearTextFirst":true,"interactionType":"ENTER_TEXT"}]}
RESULT: {}
RESULT: {"script":"<script> [776 bytes]","args":[{"enterText":"WdIOTestEquipqpc3q","selector":{"id":"application-manageresources-display-component---newResourceUnit--resourceId","interaction":{"idSuffix":"inner"}},"clearTextFirst":true,"interactionType":"ENTER_TEXT"}]}
COMMAND: POST /session/b65fc9896dbbad70d7119bd0d8ca6151/execute/async - {"script":"<script> [1562 bytes]","args":[{"selector":{"id":"application-manageresources-display-component---newResourceUnit--SHORT_TEXT","interaction":{"idSuffix":"inner"}},"wdio_ui5_key":"applicationmanageresources-display-component---newResourceUnit--SHORT_TEXT"}]}
RESULT: {"script":"<script> [1562 bytes]","args":[{"selector":{"id":"application-manageresources-display-component---newResourceUnit--SHORT_TEXT","interaction":{"idSuffix":"inner"}},"wdio_ui5_key":"applicationmanageresources-display-component---newResourceUnit--SHORT_TEXT"}]}
RESULT: undefined
COMMAND: POST /session/b65fc9896dbbad70d7119bd0d8ca6151/execute/async - {"script":"<script> [776 bytes]","args":[{"enterText":"WdIOTestEquipqpc3q","selector":{"id":"application-manageresources-display-component---newResourceUnit--SHORT_TEXT","interaction":{"idSuffix":"inner"}},"clearTextFirst":true,"interactionType":"ENTER_TEXT"}]}
RESULT: {"script":"<script> [776 bytes]","args":[{"enterText":"WdIOTestEquipqpc3q","selector":{"id":"application-manageresources-display-component---newResourceUnit--SHORT_TEXT","interaction":{"idSuffix":"inner"}},"clearTextFirst":true,"interactionType":"ENTER_TEXT"}]}
COMMAND: POST /session/b65fc9896dbbad70d7119bd0d8ca6151/execute/async - {"script":"<script> [1562 bytes]","args":[{"selector":{"id":"application-manageresources-display-component---newResourceUnit--BASE_UNIT_OF_MEASURE","interaction":{"idSuffix":"inner"}},"wdio_ui5_key":"applicationmanageresources-display-component---newResourceUnit--BASE_UNIT_OF_MEASURE"}]}
RESULT: {"script":"<script> [1562 bytes]","args":[{"selector":{"id":"application-manageresources-display-component---newResourceUnit--BASE_UNIT_OF_MEASURE","interaction":{"idSuffix":"inner"}},"wdio_ui5_key":"applicationmanageresources-display-component---newResourceUnit--BASE_UNIT_OF_MEASURE"}]}
RESULT: undefined
COMMAND: POST /session/b65fc9896dbbad70d7119bd0d8ca6151/execute/async - {"script":"<script> [776 bytes]","args":[{"enterText":"Piece","selector":{"id":"application-manageresources-display-component---newResourceUnit--BASE_UNIT_OF_MEASURE","interaction":{"idSuffix":"inner"}},"clearTextFirst":true,"interactionType":"ENTER_TEXT"}]}
RESULT: {"script":"<script> [776 bytes]","args":[{"enterText":"Piece","selector":{"id":"application-manageresources-display-component---newResourceUnit--BASE_UNIT_OF_MEASURE","interaction":{"idSuffix":"inner"}},"clearTextFirst":true,"interactionType":"ENTER_TEXT"}]}
COMMAND: POST /session/b65fc9896dbbad70d7119bd0d8ca6151/execute/async - {"script":"<script> [1562 bytes]","args":[{"selector":{"id":"application-manageresources-display-component---newResourceUnit--WEIGHT_UNIT","interaction":{"idSuffix":"inner"}},"wdio_ui5_key":"applicationmanageresources-display-component---newResourceUnit--WEIGHT_UNIT"}]}
RESULT: {"script":"<script> [1562 bytes]","args":[{"selector":{"id":"application-manageresources-display-component---newResourceUnit--WEIGHT_UNIT","interaction":{"idSuffix":"inner"}},"wdio_ui5_key":"applicationmanageresources-display-component---newResourceUnit--WEIGHT_UNIT"}]}
RESULT: undefined
COMMAND: POST /session/b65fc9896dbbad70d7119bd0d8ca6151/execute/async - {"script":"<script> [776 bytes]","args":[{"enterText":"Gram","selector":{"id":"application-manageresources-display-component---newResourceUnit--WEIGHT_UNIT","interaction":{"idSuffix":"inner"}},"clearTextFirst":true,"interactionType":"ENTER_TEXT"}]}
RESULT: {"script":"<script> [776 bytes]","args":[{"enterText":"Gram","selector":{"id":"application-manageresources-display-component---newResourceUnit--WEIGHT_UNIT","interaction":{"idSuffix":"inner"}},"clearTextFirst":true,"interactionType":"ENTER_TEXT"}]}
COMMAND: POST /session/b65fc9896dbbad70d7119bd0d8ca6151/execute/async - {"script":"<script> [1562 bytes]","args":[{"selector":{"id":"application-manageresources-display-component---newResourceUnit--newRRUPage-OPHeaderContent-collapseBtn-img"},"wdio_ui5_key":"applicationmanageresources-display-component---newResourceUnit--newRRUPage-OPHeaderContent-collapseBtn-img"}]}
RESULT: {"script":"<script> [1562 bytes]","args":[{"selector":{"id":"application-manageresources-display-component---newResourceUnit--newRRUPage-OPHeaderContent-collapseBtn-img"},"wdio_ui5_key":"applicationmanageresources-display-component---newResourceUnit--newRRUPage-OPHeaderContent-collapseBtn-img"}]}
RESULT: undefined
COMMAND: POST /session/b65fc9896dbbad70d7119bd0d8ca6151/element - {"using":"xpath","value":"//*[@id=\"application-manageresources-display-component---newResourceUnit--newRRUPage-OPHeaderContent-collapseBtn-img\"]"}
RESULT: {"using":"xpath","value":"//*[@id=\"application-manageresources-display-component---newResourceUnit--newRRUPage-OPHeaderContent-collapseBtn-img\"]"}
COMMAND: POST /session/b65fc9896dbbad70d7119bd0d8ca6151/element/f.B1DE806DB4DF8D130682F5CACC3F0FDB.d.AC1428B186666951F43243A03A08384C.e.3988/click - {}
RESULT: {}
COMMAND: GET /session/b65fc9896dbbad70d7119bd0d8ca6151/screenshot - {}
RESULT: {}
COMMAND: POST /session/b65fc9896dbbad70d7119bd0d8ca6151/element - {"using":"xpath","value":"(//span[contains(@id ,\"application-manageresources-display-component---newResourceUnit--DIMENSION_UNIT-arrow\")])[1]"}
RESULT: {"using":"xpath","value":"(//span[contains(@id ,\"application-manageresources-display-component---newResourceUnit--DIMENSION_UNIT-arrow\")])[1]"}
COMMAND: POST /session/b65fc9896dbbad70d7119bd0d8ca6151/element/f.B1DE806DB4DF8D130682F5CACC3F0FDB.d.AC1428B186666951F43243A03A08384C.e.4135/click - {}
RESULT: {}
COMMAND: GET /session/b65fc9896dbbad70d7119bd0d8ca6151/screenshot - {}
RESULT: {}
COMMAND: POST /session/b65fc9896dbbad70d7119bd0d8ca6151/execute/async - {"script":"<script> [1562 bytes]","args":[{"selector":{"controlType":"sap.m.StandardListItem","viewName":"reusables.view.manageresources.NewResourceUnit","viewId":"application-manageresources-display-component---newResourceUnit","properties":{"title":"Centimeter"},"searchOpenDialogs":true,"interaction":{"idSuffix":"titleText"}},"wdio_ui5_key":"reusablesview.manageresources.NewResourceUnitsap.m.StandardListItem{\"title\":\"Centimeter\"}"}]}
RESULT: {"script":"<script> [1562 bytes]","args":[{"selector":{"controlType":"sap.m.StandardListItem","viewName":"reusables.view.manageresources.NewResourceUnit","viewId":"application-manageresources-display-component---newResourceUnit","properties":{"title":"Centimeter"},"searchOpenDialogs":true,"interaction":{"idSuffix":"titleText"}},"wdio_ui5_key":"reusablesview.manageresources.NewResourceUnitsap.m.StandardListItem{\"title\":\"Centimeter\"}"}]}
RESULT: undefined
COMMAND: POST /session/b65fc9896dbbad70d7119bd0d8ca6151/element - {"using":"xpath","value":"//*[@id=\"__item243\"]"}
RESULT: {"using":"xpath","value":"//*[@id=\"__item243\"]"}
COMMAND: POST /session/b65fc9896dbbad70d7119bd0d8ca6151/element/f.B1DE806DB4DF8D130682F5CACC3F0FDB.d.AC1428B186666951F43243A03A08384C.e.4139/click - {}
RESULT: {}
COMMAND: GET /session/b65fc9896dbbad70d7119bd0d8ca6151/screenshot - {}
RESULT: {}
COMMAND: POST /session/b65fc9896dbbad70d7119bd0d8ca6151/execute/async - {"script":"<script> [1562 bytes]","args":[{"selector":{"id":"application-manageresources-display-component---newResourceUnit--newRRUPage-anchBar-application-manageresources-display-component---newResourceUnit--control-anchor","interaction":{"idSuffix":"BDI-content"}},"wdio_ui5_key":"applicationmanageresources-display-component---newResourceUnit--newRRUPage-anchBar-application-manageresources-display-component---newResourceUnit--control-anchor"}]}
RESULT: {"script":"<script> [1562 bytes]","args":[{"selector":{"id":"application-manageresources-display-component---newResourceUnit--newRRUPage-anchBar-application-manageresources-display-component---newResourceUnit--control-anchor","interaction":{"idSuffix":"BDI-content"}},"wdio_ui5_key":"applicationmanageresources-display-component---newResourceUnit--newRRUPage-anchBar-application-manageresources-display-component---newResourceUnit--control-anchor"}]}
RESULT: undefined
COMMAND: POST /session/b65fc9896dbbad70d7119bd0d8ca6151/element - {"using":"xpath","value":"//*[@id=\"application-manageresources-display-component---newResourceUnit--newRRUPage-anchBar-application-manageresources-display-component---newResourceUnit--control-anchor\"]"}
RESULT: {"using":"xpath","value":"//*[@id=\"application-manageresources-display-component---newResourceUnit--newRRUPage-anchBar-application-manageresources-display-component---newResourceUnit--control-anchor\"]"}
COMMAND: POST /session/b65fc9896dbbad70d7119bd0d8ca6151/element/f.B1DE806DB4DF8D130682F5CACC3F0FDB.d.AC1428B186666951F43243A03A08384C.e.4141/click - {}
RESULT: {}
COMMAND: POST /session/b65fc9896dbbad70d7119bd0d8ca6151/execute/async - {"script":"<script> [1562 bytes]","args":[{"selector":{"id":"application-manageresources-display-component---newResourceUnit--PLANNING_GROUP","interaction":{"idSuffix":"inner"}},"wdio_ui5_key":"applicationmanageresources-display-component---newResourceUnit--PLANNING_GROUP"}]}
COMMAND: GET /session/b65fc9896dbbad70d7119bd0d8ca6151/screenshot - {}
RESULT: {"script":"<script> [1562 bytes]","args":[{"selector":{"id":"application-manageresources-display-component---newResourceUnit--PLANNING_GROUP","interaction":{"idSuffix":"inner"}},"wdio_ui5_key":"applicationmanageresources-display-component---newResourceUnit--PLANNING_GROUP"}]}
RESULT: undefined
COMMAND: POST /session/b65fc9896dbbad70d7119bd0d8ca6151/execute/async - {"script":"<script> [776 bytes]","args":[{"enterText":"Heavy Equi","selector":{"id":"application-manageresources-display-component---newResourceUnit--PLANNING_GROUP","interaction":{"idSuffix":"inner"}},"clearTextFirst":true,"interactionType":"ENTER_TEXT"}]}
RESULT: {}
RESULT: {"script":"<script> [776 bytes]","args":[{"enterText":"Heavy Equi","selector":{"id":"application-manageresources-display-component---newResourceUnit--PLANNING_GROUP","interaction":{"idSuffix":"inner"}},"clearTextFirst":true,"interactionType":"ENTER_TEXT"}]}
COMMAND: POST /session/b65fc9896dbbad70d7119bd0d8ca6151/execute/async - {"script":"<script> [1562 bytes]","args":[{"selector":{"id":"application-manageresources-display-component---newResourceUnit--ITEM_TYPE-arrow"},"wdio_ui5_key":"applicationmanageresources-display-component---newResourceUnit--ITEM_TYPE-arrow"}]}
RESULT: {"script":"<script> [1562 bytes]","args":[{"selector":{"id":"application-manageresources-display-component---newResourceUnit--ITEM_TYPE-arrow"},"wdio_ui5_key":"applicationmanageresources-display-component---newResourceUnit--ITEM_TYPE-arrow"}]}
RESULT: undefined
COMMAND: POST /session/b65fc9896dbbad70d7119bd0d8ca6151/element - {"using":"xpath","value":"//*[@id=\"application-manageresources-display-component---newResourceUnit--ITEM_TYPE-arrow\"]"}
RESULT: {"using":"xpath","value":"//*[@id=\"application-manageresources-display-component---newResourceUnit--ITEM_TYPE-arrow\"]"}
COMMAND: POST /session/b65fc9896dbbad70d7119bd0d8ca6151/element/f.B1DE806DB4DF8D130682F5CACC3F0FDB.d.AC1428B186666951F43243A03A08384C.e.4146/click - {}
RESULT: {}
COMMAND: POST /session/b65fc9896dbbad70d7119bd0d8ca6151/execute/async - {"script":"<script> [1562 bytes]","args":[{"selector":{"controlType":"sap.m.StandardListItem","viewName":"reusables.view.manageresources.NewResourceUnit","viewId":"application-manageresources-display-component---newResourceUnit","properties":{"title":"Resource Unit"},"searchOpenDialogs":true,"interaction":{"idSuffix":"titleText"}},"wdio_ui5_key":"reusablesview.manageresources.NewResourceUnitsap.m.StandardListItem{\"title\":\"Resource Unit\"}"}]}
COMMAND: GET /session/b65fc9896dbbad70d7119bd0d8ca6151/screenshot - {}
RESULT: {"script":"<script> [1562 bytes]","args":[{"selector":{"controlType":"sap.m.StandardListItem","viewName":"reusables.view.manageresources.NewResourceUnit","viewId":"application-manageresources-display-component---newResourceUnit","properties":{"title":"Resource Unit"},"searchOpenDialogs":true,"interaction":{"idSuffix":"titleText"}},"wdio_ui5_key":"reusablesview.manageresources.NewResourceUnitsap.m.StandardListItem{\"title\":\"Resource Unit\"}"}]}
RESULT: undefined
COMMAND: POST /session/b65fc9896dbbad70d7119bd0d8ca6151/element - {"using":"xpath","value":"//*[@id=\"__item265\"]"}
RESULT: {}
RESULT: {"using":"xpath","value":"//*[@id=\"__item265\"]"}
COMMAND: POST /session/b65fc9896dbbad70d7119bd0d8ca6151/element/f.B1DE806DB4DF8D130682F5CACC3F0FDB.d.AC1428B186666951F43243A03A08384C.e.4148/click - {}
RESULT: {}
COMMAND: POST /session/b65fc9896dbbad70d7119bd0d8ca6151/element - {"using":"xpath","value":"//bdi[contains(text(), \"Time Segment\")]"}
COMMAND: GET /session/b65fc9896dbbad70d7119bd0d8ca6151/screenshot - {}
RESULT: {"using":"xpath","value":"//bdi[contains(text(), \"Time Segment\")]"}
COMMAND: GET /session/b65fc9896dbbad70d7119bd0d8ca6151/element/f.B1DE806DB4DF8D130682F5CACC3F0FDB.d.AC1428B186666951F43243A03A08384C.e.4156/rect - {}
RESULT: {}
RESULT: {}
COMMAND: GET /session/b65fc9896dbbad70d7119bd0d8ca6151/window/rect - {}
RESULT: {}
COMMAND: POST /session/b65fc9896dbbad70d7119bd0d8ca6151/execute/sync - {"script":"<script> [92 bytes]","args":[]}
RESULT: {"script":"<script> [92 bytes]","args":[]}
COMMAND: POST /session/b65fc9896dbbad70d7119bd0d8ca6151/actions - {"actions":[{"id":"action7","type":"wheel","parameters":{},"actions":[{"type":"scroll","x":-1820,"y":-21,"deltaX":0,"deltaY":0,"duration":0,"origin":{"element-6066-11e4-a52e-4f735466cecf":"f.B1DE806DB4DF8D130682F5CACC3F0FDB.d.AC1428B186666951F43243A03A08384C.e.4156"}}]}]}
COMMAND: GET /session/b65fc9896dbbad70d7119bd0d8ca6151/screenshot - {}
RESULT: {}
COMMAND: POST /session/b65fc9896dbbad70d7119bd0d8ca6151/execute/sync - {"script":"<script> [79 bytes]","args":[{"element-6066-11e4-a52e-4f735466cecf":"f.B1DE806DB4DF8D130682F5CACC3F0FDB.d.AC1428B186666951F43243A03A08384C.e.4156","ELEMENT":"f.B1DE806DB4DF8D130682F5CACC3F0FDB.d.AC1428B186666951F43243A03A08384C.e.4156"},{"block":"start","inline":"nearest"}]}
RESULT: {"script":"<script> [79 bytes]","args":[{"element-6066-11e4-a52e-4f735466cecf":"f.B1DE806DB4DF8D130682F5CACC3F0FDB.d.AC1428B186666951F43243A03A08384C.e.4156","ELEMENT":"f.B1DE806DB4DF8D130682F5CACC3F0FDB.d.AC1428B186666951F43243A03A08384C.e.4156"},{"block":"start","inline":"nearest"}]}
COMMAND: POST /session/b65fc9896dbbad70d7119bd0d8ca6151/execute/async - {"script":"<script> [1562 bytes]","args":[{"selector":{"id":"application-manageresources-display-component---newResourceUnit--btnAddTimeSegment-img"},"wdio_ui5_key":"applicationmanageresources-display-component---newResourceUnit--btnAddTimeSegment-img"}]}
COMMAND: GET /session/b65fc9896dbbad70d7119bd0d8ca6151/screenshot - {}
RESULT: {"script":"<script> [1562 bytes]","args":[{"selector":{"id":"application-manageresources-display-component---newResourceUnit--btnAddTimeSegment-img"},"wdio_ui5_key":"applicationmanageresources-display-component---newResourceUnit--btnAddTimeSegment-img"}]}
RESULT: undefined
COMMAND: POST /session/b65fc9896dbbad70d7119bd0d8ca6151/element - {"using":"xpath","value":"//*[@id=\"application-manageresources-display-component---newResourceUnit--btnAddTimeSegment-img\"]"}
RESULT: {}
RESULT: {"using":"xpath","value":"//*[@id=\"application-manageresources-display-component---newResourceUnit--btnAddTimeSegment-img\"]"}
COMMAND: POST /session/b65fc9896dbbad70d7119bd0d8ca6151/element/f.B1DE806DB4DF8D130682F5CACC3F0FDB.d.AC1428B186666951F43243A03A08384C.e.4159/click - {}
RESULT: {}
COMMAND: GET /session/b65fc9896dbbad70d7119bd0d8ca6151/screenshot - {}
RESULT: {}
COMMAND: POST /session/b65fc9896dbbad70d7119bd0d8ca6151/element - {"using":"xpath","value":"//input[@id=\"application-manageresources-display-component---newResourceUnit--idRuTSAdmin-application-manageresources-display-component---newResourceUnit--RUTimeSegment-0-inner\"]"}
RESULT: {"using":"xpath","value":"//input[@id=\"application-manageresources-display-component---newResourceUnit--idRuTSAdmin-application-manageresources-display-component---newResourceUnit--RUTimeSegment-0-inner\"]"}
COMMAND: POST /session/b65fc9896dbbad70d7119bd0d8ca6151/element/f.B1DE806DB4DF8D130682F5CACC3F0FDB.d.AC1428B186666951F43243A03A08384C.e.4163/clear - {}
RESULT: {}
COMMAND: POST /session/b65fc9896dbbad70d7119bd0d8ca6151/element/f.B1DE806DB4DF8D130682F5CACC3F0FDB.d.AC1428B186666951F43243A03A08384C.e.4163/value - {"text":"WebdriverYardiuaq2g"}
COMMAND: GET /session/b65fc9896dbbad70d7119bd0d8ca6151/screenshot - {}
RESULT: {"text":"WebdriverYardiuaq2g"}
COMMAND: GET /session/b65fc9896dbbad70d7119bd0d8ca6151/screenshot - {}
RESULT: {}
RESULT: {}
COMMAND: POST /session/b65fc9896dbbad70d7119bd0d8ca6151/actions - {"actions":[{"id":"action8","type":"key","parameters":{},"actions":[{"type":"keyDown","value":""},{"type":"pause","duration":10},{"type":"keyUp","value":""}]}]}
RESULT: {"actions":[{"id":"action8","type":"key","parameters":{},"actions":[{"type":"keyDown","value":""},{"type":"pause","duration":10},{"type":"keyUp","value":""}]}]}
COMMAND: POST /session/b65fc9896dbbad70d7119bd0d8ca6151/execute/async - {"script":"<script> [1562 bytes]","args":[{"selector":{"controlType":"sap.ui.core.Icon","viewName":"reusables.view.manageresources.NewResourceUnit","viewId":"application-manageresources-display-component---newResourceUnit","properties":{"src":{"regex":{"source":"slim\\-arrow\\-down"}}},"ancestor":{"controlType":"sap.m.ComboBox","viewName":"reusables.view.manageresources.NewResourceUnit","viewId":"application-manageresources-display-component---newResourceUnit","bindingPath":{"path":"/RESOURCE_UNIT_TIME_SEQUENCES/0","propertyPath":"COST_OBJECT_ADMIN_CST_TYPE","modelName":"oNewRruModel"}}},"wdio_ui5_key":"reusablesview.manageresources.NewResourceUnitsap.ui.core.Icon{\"src\":{\"regex\":{\"source\":\"slim\\\\-arrow\\\\-down\"}}}{\"controlType\":\"sap.m.ComboBox\",\"viewName\":\"reusables.view.manageresources.NewResourceUnit\",\"viewId\":\"application-manageresources-display-component---newResourceUnit\",\"bindingPath\":{\"path\":\"/RESOURCE_UNIT_TIME_SEQUENCES/0\",\"propertyPath\":\"COST_OBJECT_ADMIN_CST_TYPE\",\"modelName\":\"oNewRruModel\"}}"}]}
COMMAND: GET /session/b65fc9896dbbad70d7119bd0d8ca6151/screenshot - {}
RESULT: {"script":"<script> [1562 bytes]","args":[{"selector":{"controlType":"sap.ui.core.Icon","viewName":"reusables.view.manageresources.NewResourceUnit","viewId":"application-manageresources-display-component---newResourceUnit","properties":{"src":{"regex":{"source":"slim\\-arrow\\-down"}}},"ancestor":{"controlType":"sap.m.ComboBox","viewName":"reusables.view.manageresources.NewResourceUnit","viewId":"application-manageresources-display-component---newResourceUnit","bindingPath":{"path":"/RESOURCE_UNIT_TIME_SEQUENCES/0","propertyPath":"COST_OBJECT_ADMIN_CST_TYPE","modelName":"oNewRruModel"}}},"wdio_ui5_key":"reusablesview.manageresources.NewResourceUnitsap.ui.core.Icon{\"src\":{\"regex\":{\"source\":\"slim\\\\-arrow\\\\-down\"}}}{\"controlType\":\"sap.m.ComboBox\",\"viewName\":\"reusables.view.manageresources.NewResourceUnit\",\"viewId\":\"application-manageresources-display-component---newResourceUnit\",\"bindingPath\":{\"path\":\"/RESOURCE_UNIT_TIME_SEQUENCES/0\",\"propertyPath\":\"COST_OBJECT_ADMIN_CST_TYPE\",\"modelName\":\"oNewRruModel\"}}"}]}
RESULT: undefined
COMMAND: POST /session/b65fc9896dbbad70d7119bd0d8ca6151/element - {"using":"xpath","value":"//*[@id=\"__box7-application-manageresources-display-component---newResourceUnit--RUTimeSegment-0-arrow\"]"}
RESULT: {}
RESULT: {"using":"xpath","value":"//*[@id=\"__box7-application-manageresources-display-component---newResourceUnit--RUTimeSegment-0-arrow\"]"}
COMMAND: POST /session/b65fc9896dbbad70d7119bd0d8ca6151/element/f.B1DE806DB4DF8D130682F5CACC3F0FDB.d.AC1428B186666951F43243A03A08384C.e.4176/click - {}
RESULT: {}
COMMAND: POST /session/b65fc9896dbbad70d7119bd0d8ca6151/execute/async - {"script":"<script> [1562 bytes]","args":[{"selector":{"controlType":"sap.m.StandardListItem","viewName":"reusables.view.manageresources.NewResourceUnit","viewId":"application-manageresources-display-component---newResourceUnit","properties":{"title":"PM Order"},"searchOpenDialogs":true,"interaction":{"idSuffix":"titleText"}},"wdio_ui5_key":"reusablesview.manageresources.NewResourceUnitsap.m.StandardListItem{\"title\":\"PM Order\"}"}]}
COMMAND: GET /session/b65fc9896dbbad70d7119bd0d8ca6151/screenshot - {}
RESULT: {"script":"<script> [1562 bytes]","args":[{"selector":{"controlType":"sap.m.StandardListItem","viewName":"reusables.view.manageresources.NewResourceUnit","viewId":"application-manageresources-display-component---newResourceUnit","properties":{"title":"PM Order"},"searchOpenDialogs":true,"interaction":{"idSuffix":"titleText"}},"wdio_ui5_key":"reusablesview.manageresources.NewResourceUnitsap.m.StandardListItem{\"title\":\"PM Order\"}"}]}
RESULT: undefined
COMMAND: POST /session/b65fc9896dbbad70d7119bd0d8ca6151/element - {"using":"xpath","value":"//*[@id=\"__item433\"]"}
RESULT: {}
RESULT: {"using":"xpath","value":"//*[@id=\"__item433\"]"}
COMMAND: POST /session/b65fc9896dbbad70d7119bd0d8ca6151/element/f.B1DE806DB4DF8D130682F5CACC3F0FDB.d.AC1428B186666951F43243A03A08384C.e.4180/click - {}
RESULT: {}
COMMAND: GET /session/b65fc9896dbbad70d7119bd0d8ca6151/screenshot - {}
RESULT: {}
COMMAND: POST /session/b65fc9896dbbad70d7119bd0d8ca6151/element - {"using":"xpath","value":"(//input[contains(@id ,\"-application-manageresources-display-component---newResourceUnit--RUTimeSegment-0-inner\")])[8]"}
RESULT: {"using":"xpath","value":"(//input[contains(@id ,\"-application-manageresources-display-component---newResourceUnit--RUTimeSegment-0-inner\")])[8]"}
COMMAND: POST /session/b65fc9896dbbad70d7119bd0d8ca6151/element/f.B1DE806DB4DF8D130682F5CACC3F0FDB.d.AC1428B186666951F43243A03A08384C.e.4183/clear - {}
RESULT: {}
COMMAND: POST /session/b65fc9896dbbad70d7119bd0d8ca6151/element/f.B1DE806DB4DF8D130682F5CACC3F0FDB.d.AC1428B186666951F43243A03A08384C.e.4183/value - {"text":"4000360"}
COMMAND: GET /session/b65fc9896dbbad70d7119bd0d8ca6151/screenshot - {}
RESULT: {"text":"4000360"}
COMMAND: GET /session/b65fc9896dbbad70d7119bd0d8ca6151/screenshot - {}
RESULT: {}
RESULT: {}
COMMAND: POST /session/b65fc9896dbbad70d7119bd0d8ca6151/actions - {"actions":[{"id":"action9","type":"key","parameters":{},"actions":[{"type":"keyDown","value":""},{"type":"pause","duration":10},{"type":"keyUp","value":""}]}]}
RESULT: {"actions":[{"id":"action9","type":"key","parameters":{},"actions":[{"type":"keyDown","value":""},{"type":"pause","duration":10},{"type":"keyUp","value":""}]}]}
COMMAND: GET /session/b65fc9896dbbad70d7119bd0d8ca6151/screenshot - {}
RESULT: {}
COMMAND: POST /session/b65fc9896dbbad70d7119bd0d8ca6151/element - {"using":"xpath","value":"//input[contains(@id ,\"application-manageresources-display-component---newResourceUnit--newTimeSegmentFromDatePicker-application-manageresources-display-component---newResourceUnit--RUTimeSegment-0-inner\")]"}
RESULT: {"using":"xpath","value":"//input[contains(@id ,\"application-manageresources-display-component---newResourceUnit--newTimeSegmentFromDatePicker-application-manageresources-display-component---newResourceUnit--RUTimeSegment-0-inner\")]"}
COMMAND: POST /session/b65fc9896dbbad70d7119bd0d8ca6151/element/f.B1DE806DB4DF8D130682F5CACC3F0FDB.d.AC1428B186666951F43243A03A08384C.e.4170/clear - {}
RESULT: {}
COMMAND: POST /session/b65fc9896dbbad70d7119bd0d8ca6151/element/f.B1DE806DB4DF8D130682F5CACC3F0FDB.d.AC1428B186666951F43243A03A08384C.e.4170/clear - {}
COMMAND: GET /session/b65fc9896dbbad70d7119bd0d8ca6151/screenshot - {}
RESULT: {}
COMMAND: POST /session/b65fc9896dbbad70d7119bd0d8ca6151/element/f.B1DE806DB4DF8D130682F5CACC3F0FDB.d.AC1428B186666951F43243A03A08384C.e.4170/value - {"text":"7/13/24"}
COMMAND: GET /session/b65fc9896dbbad70d7119bd0d8ca6151/screenshot - {}
RESULT: {}
RESULT: {"text":"7/13/24"}
COMMAND: POST /session/b65fc9896dbbad70d7119bd0d8ca6151/execute/async - {"script":"<script> [1562 bytes]","args":[{"selector":{"id":"application-manageresources-display-component---newResourceUnit--newRRUPage-anchBar-application-manageresources-display-component---newResourceUnit--resource-anchor","interaction":{"idSuffix":"BDI-content"}},"wdio_ui5_key":"applicationmanageresources-display-component---newResourceUnit--newRRUPage-anchBar-application-manageresources-display-component---newResourceUnit--resource-anchor"}]}
COMMAND: GET /session/b65fc9896dbbad70d7119bd0d8ca6151/screenshot - {}
RESULT: {}
RESULT: {"script":"<script> [1562 bytes]","args":[{"selector":{"id":"application-manageresources-display-component---newResourceUnit--newRRUPage-anchBar-application-manageresources-display-component---newResourceUnit--resource-anchor","interaction":{"idSuffix":"BDI-content"}},"wdio_ui5_key":"applicationmanageresources-display-component---newResourceUnit--newRRUPage-anchBar-application-manageresources-display-component---newResourceUnit--resource-anchor"}]}
RESULT: undefined
COMMAND: POST /session/b65fc9896dbbad70d7119bd0d8ca6151/element - {"using":"xpath","value":"//*[@id=\"application-manageresources-display-component---newResourceUnit--newRRUPage-anchBar-application-manageresources-display-component---newResourceUnit--resource-anchor\"]"}
RESULT: {}
RESULT: {"using":"xpath","value":"//*[@id=\"application-manageresources-display-component---newResourceUnit--newRRUPage-anchBar-application-manageresources-display-component---newResourceUnit--resource-anchor\"]"}
COMMAND: POST /session/b65fc9896dbbad70d7119bd0d8ca6151/element/f.B1DE806DB4DF8D130682F5CACC3F0FDB.d.AC1428B186666951F43243A03A08384C.e.4205/click - {}
RESULT: {}
COMMAND: POST /session/b65fc9896dbbad70d7119bd0d8ca6151/execute/async - {"script":"<script> [1562 bytes]","args":[{"selector":{"id":"application-manageresources-display-component---newResourceUnit--PLANNED_DELIVERY_DATE","interaction":{"idSuffix":"inner"}},"wdio_ui5_key":"applicationmanageresources-display-component---newResourceUnit--PLANNED_DELIVERY_DATE"}]}
COMMAND: GET /session/b65fc9896dbbad70d7119bd0d8ca6151/screenshot - {}
RESULT: {"script":"<script> [1562 bytes]","args":[{"selector":{"id":"application-manageresources-display-component---newResourceUnit--PLANNED_DELIVERY_DATE","interaction":{"idSuffix":"inner"}},"wdio_ui5_key":"applicationmanageresources-display-component---newResourceUnit--PLANNED_DELIVERY_DATE"}]}
RESULT: undefined
COMMAND: POST /session/b65fc9896dbbad70d7119bd0d8ca6151/execute/async - {"script":"<script> [6424 bytes]","args":[{"element-6066-11e4-a52e-4f735466cecf":"f.B1DE806DB4DF8D130682F5CACC3F0FDB.d.AC1428B186666951F43243A03A08384C.e.4035"},"setValue",["7/13/24"]]}
RESULT: {}
RESULT: {"script":"<script> [6424 bytes]","args":[{"element-6066-11e4-a52e-4f735466cecf":"f.B1DE806DB4DF8D130682F5CACC3F0FDB.d.AC1428B186666951F43243A03A08384C.e.4035"},"setValue",["7/13/24"]]}
COMMAND: POST /session/b65fc9896dbbad70d7119bd0d8ca6151/execute/async - {"script":"<script> [1562 bytes]","args":[{"selector":{"id":"application-manageresources-display-component---newResourceUnit--RETIRE_PLANNED_DATE","interaction":{"idSuffix":"inner"}},"wdio_ui5_key":"applicationmanageresources-display-component---newResourceUnit--RETIRE_PLANNED_DATE"}]}
RESULT: {"script":"<script> [1562 bytes]","args":[{"selector":{"id":"application-manageresources-display-component---newResourceUnit--RETIRE_PLANNED_DATE","interaction":{"idSuffix":"inner"}},"wdio_ui5_key":"applicationmanageresources-display-component---newResourceUnit--RETIRE_PLANNED_DATE"}]}
RESULT: undefined
COMMAND: POST /session/b65fc9896dbbad70d7119bd0d8ca6151/execute/async - {"script":"<script> [776 bytes]","args":[{"enterText":"3/14/29","selector":{"id":"application-manageresources-display-component---newResourceUnit--RETIRE_PLANNED_DATE","interaction":{"idSuffix":"inner"}},"clearTextFirst":true,"interactionType":"ENTER_TEXT"}]}
RESULT: {"script":"<script> [776 bytes]","args":[{"enterText":"3/14/29","selector":{"id":"application-manageresources-display-component---newResourceUnit--RETIRE_PLANNED_DATE","interaction":{"idSuffix":"inner"}},"clearTextFirst":true,"interactionType":"ENTER_TEXT"}]}
COMMAND: POST /session/b65fc9896dbbad70d7119bd0d8ca6151/execute/async - {"script":"<script> [1562 bytes]","args":[{"selector":{"controlType":"sap.m.Button","viewName":"reusables.view.manageresources.NewResourceUnit","viewId":"application-manageresources-display-component---newResourceUnit","i18NText":{"propertyName":"tooltip","key":"save"},"interaction":{"idSuffix":"BDI-content"}},"wdio_ui5_key":"reusablesview.manageresources.NewResourceUnitsap.m.Button{\"propertyName\":\"tooltip\",\"key\":\"save\"}"}]}
RESULT: {"script":"<script> [1562 bytes]","args":[{"selector":{"controlType":"sap.m.Button","viewName":"reusables.view.manageresources.NewResourceUnit","viewId":"application-manageresources-display-component---newResourceUnit","i18NText":{"propertyName":"tooltip","key":"save"},"interaction":{"idSuffix":"BDI-content"}},"wdio_ui5_key":"reusablesview.manageresources.NewResourceUnitsap.m.Button{\"propertyName\":\"tooltip\",\"key\":\"save\"}"}]}
RESULT: undefined
COMMAND: POST /session/b65fc9896dbbad70d7119bd0d8ca6151/element - {"using":"xpath","value":"//*[@id=\"application-manageresources-display-component---newResourceUnit--createRuButton\"]"}
RESULT: {"using":"xpath","value":"//*[@id=\"application-manageresources-display-component---newResourceUnit--createRuButton\"]"}
COMMAND: POST /session/b65fc9896dbbad70d7119bd0d8ca6151/element/f.B1DE806DB4DF8D130682F5CACC3F0FDB.d.AC1428B186666951F43243A03A08384C.e.3994/click - {}
RESULT: {}
COMMAND: GET /session/b65fc9896dbbad70d7119bd0d8ca6151/screenshot - {}
RESULT: {}
COMMAND: POST /session/b65fc9896dbbad70d7119bd0d8ca6151/execute/async - {"script":"<script> [1562 bytes]","args":[{"selector":{"controlType":"sap.m.Button","properties":{"text":"Close"},"searchOpenDialogs":true,"interaction":{"idSuffix":"inner"}},"wdio_ui5_key":"sapm.Button{\"text\":\"Close\"}"}]}
RESULT: {"script":"<script> [1562 bytes]","args":[{"selector":{"controlType":"sap.m.Button","properties":{"text":"Close"},"searchOpenDialogs":true,"interaction":{"idSuffix":"inner"}},"wdio_ui5_key":"sapm.Button{\"text\":\"Close\"}"}]}
RESULT: undefined
COMMAND: POST /session/b65fc9896dbbad70d7119bd0d8ca6151/element - {"using":"xpath","value":"//*[@id=\"__mbox-btn-0\"]"}
RESULT: {"using":"xpath","value":"//*[@id=\"__mbox-btn-0\"]"}
COMMAND: POST /session/b65fc9896dbbad70d7119bd0d8ca6151/element/f.B1DE806DB4DF8D130682F5CACC3F0FDB.d.AC1428B186666951F43243A03A08384C.e.4213/click - {}
RESULT: {}
COMMAND: GET /session/b65fc9896dbbad70d7119bd0d8ca6151/screenshot - {}
RESULT: {}
COMMAND: POST /session/b65fc9896dbbad70d7119bd0d8ca6151/execute/async - {"script":"<script> [1562 bytes]","args":[{"selector":{"controlType":"sap.m.Text","viewName":"etm.portal.ui.manageresources.view.Detail","viewId":"application-manageresources-display-component---detailRU","bindingPath":{"propertyPath":"ID","modelName":"catalogModel"}},"wdio_ui5_key":"etmportal.ui.manageresources.view.Detailsap.m.Text{\"propertyPath\":\"ID\",\"modelName\":\"catalogModel\"}"}]}
RESULT: {"script":"<script> [1562 bytes]","args":[{"selector":{"controlType":"sap.m.Text","viewName":"etm.portal.ui.manageresources.view.Detail","viewId":"application-manageresources-display-component---detailRU","bindingPath":{"propertyPath":"ID","modelName":"catalogModel"}},"wdio_ui5_key":"etmportal.ui.manageresources.view.Detailsap.m.Text{\"propertyPath\":\"ID\",\"modelName\":\"catalogModel\"}"}]}
RESULT: undefined
COMMAND: POST /session/b65fc9896dbbad70d7119bd0d8ca6151/execute/async - {"script":"<script> [6424 bytes]","args":[{"element-6066-11e4-a52e-4f735466cecf":"f.B1DE806DB4DF8D130682F5CACC3F0FDB.d.AC1428B186666951F43243A03A08384C.e.4270"},"getText",[]]}
RESULT: {"script":"<script> [6424 bytes]","args":[{"element-6066-11e4-a52e-4f735466cecf":"f.B1DE806DB4DF8D130682F5CACC3F0FDB.d.AC1428B186666951F43243A03A08384C.e.4270"},"getText",[]]}
COMMAND: POST /session/b65fc9896dbbad70d7119bd0d8ca6151/element - {"using":"css selector","value":"#shell-header-logo"}
RESULT: {"using":"css selector","value":"#shell-header-logo"}
COMMAND: POST /session/b65fc9896dbbad70d7119bd0d8ca6151/element/f.B1DE806DB4DF8D130682F5CACC3F0FDB.d.AC1428B186666951F43243A03A08384C.e.3621/click - {}
RESULT: {}
COMMAND: GET /session/b65fc9896dbbad70d7119bd0d8ca6151/screenshot - {}
RESULT: {}
COMMAND: POST /session/b65fc9896dbbad70d7119bd0d8ca6151/execute/async - {"script":"<script> [1562 bytes]","args":[{"selector":{"controlType":"sap.m.GenericTile","properties":{"header":"Manage Catalogs"}},"wdio_ui5_key":"sapm.GenericTile{\"header\":\"Manage Catalogs\"}"}]}
RESULT: {"script":"<script> [1562 bytes]","args":[{"selector":{"controlType":"sap.m.GenericTile","properties":{"header":"Manage Catalogs"}},"wdio_ui5_key":"sapm.GenericTile{\"header\":\"Manage Catalogs\"}"}]}
RESULT: undefined
COMMAND: POST /session/b65fc9896dbbad70d7119bd0d8ca6151/element - {"using":"xpath","value":"//*[@id=\"__tile38\"]"}
RESULT: {"using":"xpath","value":"//*[@id=\"__tile38\"]"}
COMMAND: POST /session/b65fc9896dbbad70d7119bd0d8ca6151/element/f.B1DE806DB4DF8D130682F5CACC3F0FDB.d.AC1428B186666951F43243A03A08384C.e.4272/click - {}
RESULT: {}
COMMAND: GET /session/b65fc9896dbbad70d7119bd0d8ca6151/screenshot - {}
RESULT: {}
COMMAND: POST /session/b65fc9896dbbad70d7119bd0d8ca6151/elements - {"using":"xpath","value":"//span[text()='Error']"}
RESULT: {"using":"xpath","value":"//span[text()='Error']"}
COMMAND: POST /session/b65fc9896dbbad70d7119bd0d8ca6151/execute/async - {"script":"<script> [1562 bytes]","args":[{"selector":{"controlType":"sap.m.Text","viewName":"etm.portal.ui.managecatalogs.view.MasterCatalogs","viewId":"application-managecatalogs-display-component---masterCatalogs","bindingPath":{"path":"/Catalogs('0D7502D073D53A0F1700BE067B89AFF9')","propertyPath":"DESCRIPTION","modelName":"catalogModel"}},"wdio_ui5_key":"etmportal.ui.managecatalogs.view.MasterCatalogssap.m.Text{\"path\":\"/Catalogs('0D7502D073D53A0F1700BE067B89AFF9')\",\"propertyPath\":\"DESCRIPTION\",\"modelName\":\"catalogModel\"}"}]}
RESULT: {"script":"<script> [1562 bytes]","args":[{"selector":{"controlType":"sap.m.Text","viewName":"etm.portal.ui.managecatalogs.view.MasterCatalogs","viewId":"application-managecatalogs-display-component---masterCatalogs","bindingPath":{"path":"/Catalogs('0D7502D073D53A0F1700BE067B89AFF9')","propertyPath":"DESCRIPTION","modelName":"catalogModel"}},"wdio_ui5_key":"etmportal.ui.managecatalogs.view.MasterCatalogssap.m.Text{\"path\":\"/Catalogs('0D7502D073D53A0F1700BE067B89AFF9')\",\"propertyPath\":\"DESCRIPTION\",\"modelName\":\"catalogModel\"}"}]}
RESULT: undefined
COMMAND: POST /session/b65fc9896dbbad70d7119bd0d8ca6151/element - {"using":"xpath","value":"//*[@id=\"__text1058-application-managecatalogs-display-component---masterCatalogs--CatalogsTable-11\"]"}
RESULT: {"using":"xpath","value":"//*[@id=\"__text1058-application-managecatalogs-display-component---masterCatalogs--CatalogsTable-11\"]"}
COMMAND: POST /session/b65fc9896dbbad70d7119bd0d8ca6151/element/f.B1DE806DB4DF8D130682F5CACC3F0FDB.d.AC1428B186666951F43243A03A08384C.e.4341/click - {}
RESULT: {}
COMMAND: POST /session/b65fc9896dbbad70d7119bd0d8ca6151/execute/async - {"script":"<script> [1562 bytes]","args":[{"selector":{"controlType":"sap.ui.layout.HorizontalLayout","viewName":"etm.portal.ui.managecatalogs.view.MasterItems","viewId":"application-managecatalogs-display-component---masterCatalogItems","ancestor":{"id":"application-managecatalogs-display-component---masterCatalogItems--idCatalogItemsTree-rows-row0"}},"wdio_ui5_key":"etmportal.ui.managecatalogs.view.MasterItemssap.ui.layout.HorizontalLayout{\"id\":\"application-managecatalogs-display-component---masterCatalogItems--idCatalogItemsTree-rows-row0\"}"}]}
COMMAND: GET /session/b65fc9896dbbad70d7119bd0d8ca6151/screenshot - {}
RESULT: {"script":"<script> [1562 bytes]","args":[{"selector":{"controlType":"sap.ui.layout.HorizontalLayout","viewName":"etm.portal.ui.managecatalogs.view.MasterItems","viewId":"application-managecatalogs-display-component---masterCatalogItems","ancestor":{"id":"application-managecatalogs-display-component---masterCatalogItems--idCatalogItemsTree-rows-row0"}},"wdio_ui5_key":"etmportal.ui.managecatalogs.view.MasterItemssap.ui.layout.HorizontalLayout{\"id\":\"application-managecatalogs-display-component---masterCatalogItems--idCatalogItemsTree-rows-row0\"}"}]}
RESULT: undefined
COMMAND: POST /session/b65fc9896dbbad70d7119bd0d8ca6151/element - {"using":"xpath","value":"//*[@id=\"__layout304-__clone1275\"]"}
RESULT: {}
RESULT: {"using":"xpath","value":"//*[@id=\"__layout304-__clone1275\"]"}
COMMAND: POST /session/b65fc9896dbbad70d7119bd0d8ca6151/element/f.B1DE806DB4DF8D130682F5CACC3F0FDB.d.AC1428B186666951F43243A03A08384C.e.4352/click - {}
RESULT: {}
COMMAND: GET /session/b65fc9896dbbad70d7119bd0d8ca6151/screenshot - {}
RESULT: {}
COMMAND: POST /session/b65fc9896dbbad70d7119bd0d8ca6151/execute/async - {"script":"<script> [1562 bytes]","args":[{"selector":{"controlType":"sap.m.Button","viewName":"etm.portal.ui.managecatalogs.view.Detail","viewId":"application-managecatalogs-display-component---detailCatalog","i18NText":{"propertyName":"text","key":"edit"},"interaction":{"idSuffix":"BDI-content"}},"wdio_ui5_key":"etmportal.ui.managecatalogs.view.Detailsap.m.Button{\"propertyName\":\"text\",\"key\":\"edit\"}"}]}
RESULT: {"script":"<script> [1562 bytes]","args":[{"selector":{"controlType":"sap.m.Button","viewName":"etm.portal.ui.managecatalogs.view.Detail","viewId":"application-managecatalogs-display-component---detailCatalog","i18NText":{"propertyName":"text","key":"edit"},"interaction":{"idSuffix":"BDI-content"}},"wdio_ui5_key":"etmportal.ui.managecatalogs.view.Detailsap.m.Button{\"propertyName\":\"text\",\"key\":\"edit\"}"}]}
RESULT: undefined
COMMAND: POST /session/b65fc9896dbbad70d7119bd0d8ca6151/element - {"using":"xpath","value":"//*[@id=\"__button134\"]"}
RESULT: {"using":"xpath","value":"//*[@id=\"__button134\"]"}
COMMAND: POST /session/b65fc9896dbbad70d7119bd0d8ca6151/element/f.B1DE806DB4DF8D130682F5CACC3F0FDB.d.AC1428B186666951F43243A03A08384C.e.4460/click - {}
RESULT: {}
COMMAND: GET /session/b65fc9896dbbad70d7119bd0d8ca6151/screenshot - {}
RESULT: {}
RESULT: undefined
COMMAND: POST /session/b65fc9896dbbad70d7119bd0d8ca6151/element - {"using":"xpath","value":"//bdi[contains(text(), \"Unlock\")]"}
RESULT: {"using":"xpath","value":"//bdi[contains(text(), \"Unlock\")]"}
COMMAND: POST /session/b65fc9896dbbad70d7119bd0d8ca6151/elements - {"using":"xpath","value":"//bdi[contains(text(), \"Unlock\")]"}
RESULT: {"using":"xpath","value":"//bdi[contains(text(), \"Unlock\")]"}
COMMAND: POST /session/b65fc9896dbbad70d7119bd0d8ca6151/execute/async - {"script":"<script> [1562 bytes]","args":[{"selector":{"controlType":"sap.ui.core.Icon","viewName":"etm.portal.ui.managecatalogs.view.Detail","viewId":"application-managecatalogs-display-component---detailCatalog","properties":{"src":{"regex":{"source":"add\\-folder"}}}},"wdio_ui5_key":"etmportal.ui.managecatalogs.view.Detailsap.ui.core.Icon{\"src\":{\"regex\":{\"source\":\"add\\\\-folder\"}}}"}]}
RESULT: {"script":"<script> [1562 bytes]","args":[{"selector":{"controlType":"sap.ui.core.Icon","viewName":"etm.portal.ui.managecatalogs.view.Detail","viewId":"application-managecatalogs-display-component---detailCatalog","properties":{"src":{"regex":{"source":"add\\-folder"}}}},"wdio_ui5_key":"etmportal.ui.managecatalogs.view.Detailsap.ui.core.Icon{\"src\":{\"regex\":{\"source\":\"add\\\\-folder\"}}}"}]}
RESULT: undefined
COMMAND: POST /session/b65fc9896dbbad70d7119bd0d8ca6151/element - {"using":"xpath","value":"//*[@id=\"__button142-img\"]"}
RESULT: {"using":"xpath","value":"//*[@id=\"__button142-img\"]"}
COMMAND: POST /session/b65fc9896dbbad70d7119bd0d8ca6151/element/f.B1DE806DB4DF8D130682F5CACC3F0FDB.d.AC1428B186666951F43243A03A08384C.e.4469/click - {}
RESULT: {}
COMMAND: GET /session/b65fc9896dbbad70d7119bd0d8ca6151/screenshot - {}
RESULT: {}
COMMAND: POST /session/b65fc9896dbbad70d7119bd0d8ca6151/execute/async - {"script":"<script> [1562 bytes]","args":[{"selector":{"id":"application-managecatalogs-display-component---detailCatalog--numberInput","searchOpenDialogs":true,"interaction":{"idSuffix":"inner"}},"wdio_ui5_key":"applicationmanagecatalogs-display-component---detailCatalog--numberInput"}]}
RESULT: {"script":"<script> [1562 bytes]","args":[{"selector":{"id":"application-managecatalogs-display-component---detailCatalog--numberInput","searchOpenDialogs":true,"interaction":{"idSuffix":"inner"}},"wdio_ui5_key":"applicationmanagecatalogs-display-component---detailCatalog--numberInput"}]}
RESULT: undefined
COMMAND: POST /session/b65fc9896dbbad70d7119bd0d8ca6151/execute/async - {"script":"<script> [776 bytes]","args":[{"enterText":"Section5e8zb","selector":{"id":"application-managecatalogs-display-component---detailCatalog--numberInput","searchOpenDialogs":true,"interaction":{"idSuffix":"inner"}},"clearTextFirst":true,"interactionType":"ENTER_TEXT"}]}
RESULT: {"script":"<script> [776 bytes]","args":[{"enterText":"Section5e8zb","selector":{"id":"application-managecatalogs-display-component---detailCatalog--numberInput","searchOpenDialogs":true,"interaction":{"idSuffix":"inner"}},"clearTextFirst":true,"interactionType":"ENTER_TEXT"}]}
COMMAND: POST /session/b65fc9896dbbad70d7119bd0d8ca6151/element - {"using":"css selector","value":"#application-managecatalogs-display-component---detailCatalog--nameInput-inner"}
RESULT: {"using":"css selector","value":"#application-managecatalogs-display-component---detailCatalog--nameInput-inner"}
COMMAND: POST /session/b65fc9896dbbad70d7119bd0d8ca6151/elements - {"using":"css selector","value":"#application-managecatalogs-display-component---detailCatalog--nameInput-inner"}
RESULT: {"using":"css selector","value":"#application-managecatalogs-display-component---detailCatalog--nameInput-inner"}
COMMAND: POST /session/b65fc9896dbbad70d7119bd0d8ca6151/element/f.B1DE806DB4DF8D130682F5CACC3F0FDB.d.AC1428B186666951F43243A03A08384C.e.4473/clear - {}
RESULT: {}
COMMAND: POST /session/b65fc9896dbbad70d7119bd0d8ca6151/element/f.B1DE806DB4DF8D130682F5CACC3F0FDB.d.AC1428B186666951F43243A03A08384C.e.4473/value - {"text":"Webdriver8h5xa"}
COMMAND: GET /session/b65fc9896dbbad70d7119bd0d8ca6151/screenshot - {}
RESULT: {"text":"Webdriver8h5xa"}
COMMAND: POST /session/b65fc9896dbbad70d7119bd0d8ca6151/execute/async - {"script":"<script> [1562 bytes]","args":[{"selector":{"controlType":"sap.m.Button","viewName":"etm.portal.ui.managecatalogs.view.Detail","viewId":"application-managecatalogs-display-component---detailCatalog","i18NText":{"propertyName":"text","key":"create"},"searchOpenDialogs":true,"interaction":{"idSuffix":"BDI-content"}},"wdio_ui5_key":"etmportal.ui.managecatalogs.view.Detailsap.m.Button{\"propertyName\":\"text\",\"key\":\"create\"}"}]}
COMMAND: GET /session/b65fc9896dbbad70d7119bd0d8ca6151/screenshot - {}
RESULT: {}
RESULT: {"script":"<script> [1562 bytes]","args":[{"selector":{"controlType":"sap.m.Button","viewName":"etm.portal.ui.managecatalogs.view.Detail","viewId":"application-managecatalogs-display-component---detailCatalog","i18NText":{"propertyName":"text","key":"create"},"searchOpenDialogs":true,"interaction":{"idSuffix":"BDI-content"}},"wdio_ui5_key":"etmportal.ui.managecatalogs.view.Detailsap.m.Button{\"propertyName\":\"text\",\"key\":\"create\"}"}]}
RESULT: undefined
COMMAND: POST /session/b65fc9896dbbad70d7119bd0d8ca6151/element - {"using":"xpath","value":"//*[@id=\"__button112\"]"}
RESULT: {}
RESULT: {"using":"xpath","value":"//*[@id=\"__button112\"]"}
COMMAND: POST /session/b65fc9896dbbad70d7119bd0d8ca6151/element/f.B1DE806DB4DF8D130682F5CACC3F0FDB.d.AC1428B186666951F43243A03A08384C.e.4478/click - {}
RESULT: {}
COMMAND: GET /session/b65fc9896dbbad70d7119bd0d8ca6151/screenshot - {}
RESULT: {}
COMMAND: POST /session/b65fc9896dbbad70d7119bd0d8ca6151/element - {"using":"xpath","value":"//button[@title=\"Save\"]"}
RESULT: {"using":"xpath","value":"//button[@title=\"Save\"]"}
COMMAND: POST /session/b65fc9896dbbad70d7119bd0d8ca6151/element/f.B1DE806DB4DF8D130682F5CACC3F0FDB.d.AC1428B186666951F43243A03A08384C.e.4479/click - {}
RESULT: {}
COMMAND: POST /session/b65fc9896dbbad70d7119bd0d8ca6151/execute/async - {"script":"<script> [1562 bytes]","args":[{"selector":{"controlType":"sap.ui.core.Icon","viewName":"etm.portal.ui.managecatalogs.view.Detail","viewId":"application-managecatalogs-display-component---detailCatalog","properties":{"src":{"regex":{"source":"decline"}}}},"wdio_ui5_key":"etmportal.ui.managecatalogs.view.Detailsap.ui.core.Icon{\"src\":{\"regex\":{\"source\":\"decline\"}}}"}]}
COMMAND: GET /session/b65fc9896dbbad70d7119bd0d8ca6151/screenshot - {}
RESULT: {"script":"<script> [1562 bytes]","args":[{"selector":{"controlType":"sap.ui.core.Icon","viewName":"etm.portal.ui.managecatalogs.view.Detail","viewId":"application-managecatalogs-display-component---detailCatalog","properties":{"src":{"regex":{"source":"decline"}}}},"wdio_ui5_key":"etmportal.ui.managecatalogs.view.Detailsap.ui.core.Icon{\"src\":{\"regex\":{\"source\":\"decline\"}}}"}]}
RESULT: undefined
COMMAND: POST /session/b65fc9896dbbad70d7119bd0d8ca6151/element - {"using":"xpath","value":"//*[@id=\"__button137-img\"]"}
RESULT: {}
RESULT: {"using":"xpath","value":"//*[@id=\"__button137-img\"]"}
COMMAND: POST /session/b65fc9896dbbad70d7119bd0d8ca6151/element/f.B1DE806DB4DF8D130682F5CACC3F0FDB.d.AC1428B186666951F43243A03A08384C.e.4485/click - {}
RESULT: {}
COMMAND: GET /session/b65fc9896dbbad70d7119bd0d8ca6151/screenshot - {}
RESULT: {}
COMMAND: POST /session/b65fc9896dbbad70d7119bd0d8ca6151/execute/async - {"script":"<script> [1562 bytes]","args":[{"selector":{"controlType":"sap.ui.core.Icon","viewName":"etm.portal.ui.managecatalogs.view.MasterItems","viewId":"application-managecatalogs-display-component---masterCatalogItems","properties":{"src":{"regex":{"source":"refresh"}}}},"wdio_ui5_key":"etmportal.ui.managecatalogs.view.MasterItemssap.ui.core.Icon{\"src\":{\"regex\":{\"source\":\"refresh\"}}}"}]}
RESULT: {"script":"<script> [1562 bytes]","args":[{"selector":{"controlType":"sap.ui.core.Icon","viewName":"etm.portal.ui.managecatalogs.view.MasterItems","viewId":"application-managecatalogs-display-component---masterCatalogItems","properties":{"src":{"regex":{"source":"refresh"}}}},"wdio_ui5_key":"etmportal.ui.managecatalogs.view.MasterItemssap.ui.core.Icon{\"src\":{\"regex\":{\"source\":\"refresh\"}}}"}]}
RESULT: undefined
COMMAND: POST /session/b65fc9896dbbad70d7119bd0d8ca6151/element - {"using":"xpath","value":"//*[@id=\"__button110-img\"]"}
RESULT: {"using":"xpath","value":"//*[@id=\"__button110-img\"]"}
COMMAND: POST /session/b65fc9896dbbad70d7119bd0d8ca6151/element/f.B1DE806DB4DF8D130682F5CACC3F0FDB.d.AC1428B186666951F43243A03A08384C.e.4518/click - {}
RESULT: {}
COMMAND: POST /session/b65fc9896dbbad70d7119bd0d8ca6151/execute/async - {"script":"<script> [1562 bytes]","args":[{"selector":{"id":"application-managecatalogs-display-component---masterCatalogItems--searchItemsField","interaction":{"idSuffix":"I"}},"wdio_ui5_key":"applicationmanagecatalogs-display-component---masterCatalogItems--searchItemsField"}]}
COMMAND: GET /session/b65fc9896dbbad70d7119bd0d8ca6151/screenshot - {}
RESULT: {"script":"<script> [1562 bytes]","args":[{"selector":{"id":"application-managecatalogs-display-component---masterCatalogItems--searchItemsField","interaction":{"idSuffix":"I"}},"wdio_ui5_key":"applicationmanagecatalogs-display-component---masterCatalogItems--searchItemsField"}]}
RESULT: undefined
COMMAND: POST /session/b65fc9896dbbad70d7119bd0d8ca6151/execute/async - {"script":"<script> [776 bytes]","args":[{"enterText":"Webdriver8h5xa","selector":{"id":"application-managecatalogs-display-component---masterCatalogItems--searchItemsField","interaction":{"idSuffix":"I"}},"clearTextFirst":true,"interactionType":"ENTER_TEXT"}]}
RESULT: {}
RESULT: {"script":"<script> [776 bytes]","args":[{"enterText":"Webdriver8h5xa","selector":{"id":"application-managecatalogs-display-component---masterCatalogItems--searchItemsField","interaction":{"idSuffix":"I"}},"clearTextFirst":true,"interactionType":"ENTER_TEXT"}]}
COMMAND: POST /session/b65fc9896dbbad70d7119bd0d8ca6151/actions - {"actions":[{"id":"action10","type":"key","parameters":{},"actions":[{"type":"keyDown","value":""},{"type":"pause","duration":10},{"type":"keyUp","value":""}]}]}
RESULT: {"actions":[{"id":"action10","type":"key","parameters":{},"actions":[{"type":"keyDown","value":""},{"type":"pause","duration":10},{"type":"keyUp","value":""}]}]}
COMMAND: POST /session/b65fc9896dbbad70d7119bd0d8ca6151/element - {"using":"xpath","value":"(//span[contains(text(), \"Webdriver8h5xa\")])[1]"}
COMMAND: GET /session/b65fc9896dbbad70d7119bd0d8ca6151/screenshot - {}
RESULT: {"using":"xpath","value":"(//span[contains(text(), \"Webdriver8h5xa\")])[1]"}
COMMAND: POST /session/b65fc9896dbbad70d7119bd0d8ca6151/element/f.B1DE806DB4DF8D130682F5CACC3F0FDB.d.AC1428B186666951F43243A03A08384C.e.4521/click - {}
RESULT: {}
RESULT: {}
COMMAND: GET /session/b65fc9896dbbad70d7119bd0d8ca6151/screenshot - {}
RESULT: {}
RESULT: undefined
COMMAND: POST /session/b65fc9896dbbad70d7119bd0d8ca6151/element - {"using":"xpath","value":"//*[@id=\"__button134\"]"}
RESULT: {"using":"xpath","value":"//*[@id=\"__button134\"]"}
COMMAND: POST /session/b65fc9896dbbad70d7119bd0d8ca6151/element/f.B1DE806DB4DF8D130682F5CACC3F0FDB.d.AC1428B186666951F43243A03A08384C.e.4558/click - {}
RESULT: {}
COMMAND: GET /session/b65fc9896dbbad70d7119bd0d8ca6151/screenshot - {}
RESULT: {}
RESULT: undefined
COMMAND: POST /session/b65fc9896dbbad70d7119bd0d8ca6151/element - {"using":"xpath","value":"//*[@id=\"__button142-img\"]"}
RESULT: {"using":"xpath","value":"//*[@id=\"__button142-img\"]"}
COMMAND: POST /session/b65fc9896dbbad70d7119bd0d8ca6151/element/f.B1DE806DB4DF8D130682F5CACC3F0FDB.d.AC1428B186666951F43243A03A08384C.e.4607/click - {}
RESULT: {}
COMMAND: GET /session/b65fc9896dbbad70d7119bd0d8ca6151/screenshot - {}
RESULT: {}
RESULT: undefined
COMMAND: POST /session/b65fc9896dbbad70d7119bd0d8ca6151/execute/async - {"script":"<script> [776 bytes]","args":[{"enterText":"SecondSectionejvdv","selector":{"id":"application-managecatalogs-display-component---detailCatalog--numberInput","searchOpenDialogs":true,"interaction":{"idSuffix":"inner"}},"clearTextFirst":true,"interactionType":"ENTER_TEXT"}]}
RESULT: {"script":"<script> [776 bytes]","args":[{"enterText":"SecondSectionejvdv","selector":{"id":"application-managecatalogs-display-component---detailCatalog--numberInput","searchOpenDialogs":true,"interaction":{"idSuffix":"inner"}},"clearTextFirst":true,"interactionType":"ENTER_TEXT"}]}
COMMAND: POST /session/b65fc9896dbbad70d7119bd0d8ca6151/element - {"using":"xpath","value":"//input[contains(@id ,\"application-managecatalogs-display-component---detailCatalog--nameInput-inner\")]"}
RESULT: {"using":"xpath","value":"//input[contains(@id ,\"application-managecatalogs-display-component---detailCatalog--nameInput-inner\")]"}
COMMAND: POST /session/b65fc9896dbbad70d7119bd0d8ca6151/elements - {"using":"xpath","value":"//input[contains(@id ,\"application-managecatalogs-display-component---detailCatalog--nameInput-inner\")]"}
RESULT: {"using":"xpath","value":"//input[contains(@id ,\"application-managecatalogs-display-component---detailCatalog--nameInput-inner\")]"}
COMMAND: POST /session/b65fc9896dbbad70d7119bd0d8ca6151/element/f.B1DE806DB4DF8D130682F5CACC3F0FDB.d.AC1428B186666951F43243A03A08384C.e.4611/clear - {}
RESULT: {}
COMMAND: POST /session/b65fc9896dbbad70d7119bd0d8ca6151/element/f.B1DE806DB4DF8D130682F5CACC3F0FDB.d.AC1428B186666951F43243A03A08384C.e.4611/value - {"text":"webdriversecondjcmpn"}
COMMAND: GET /session/b65fc9896dbbad70d7119bd0d8ca6151/screenshot - {}
RESULT: {"text":"webdriversecondjcmpn"}
RESULT: undefined
COMMAND: POST /session/b65fc9896dbbad70d7119bd0d8ca6151/element - {"using":"xpath","value":"//*[@id=\"__button112\"]"}
COMMAND: GET /session/b65fc9896dbbad70d7119bd0d8ca6151/screenshot - {}
RESULT: {}
RESULT: {"using":"xpath","value":"//*[@id=\"__button112\"]"}
COMMAND: POST /session/b65fc9896dbbad70d7119bd0d8ca6151/element/f.B1DE806DB4DF8D130682F5CACC3F0FDB.d.AC1428B186666951F43243A03A08384C.e.4615/click - {}
RESULT: {}
RESULT: {}
COMMAND: GET /session/b65fc9896dbbad70d7119bd0d8ca6151/screenshot - {}
RESULT: {}
COMMAND: POST /session/b65fc9896dbbad70d7119bd0d8ca6151/element - {"using":"xpath","value":"//button[@title=\"Save\"]"}
RESULT: {"using":"xpath","value":"//button[@title=\"Save\"]"}
COMMAND: POST /session/b65fc9896dbbad70d7119bd0d8ca6151/element/f.B1DE806DB4DF8D130682F5CACC3F0FDB.d.AC1428B186666951F43243A03A08384C.e.4593/click - {}
RESULT: {}
COMMAND: GET /session/b65fc9896dbbad70d7119bd0d8ca6151/screenshot - {}
RESULT: {}
RESULT: undefined
COMMAND: POST /session/b65fc9896dbbad70d7119bd0d8ca6151/element - {"using":"xpath","value":"//*[@id=\"__button137-img\"]"}
RESULT: {"using":"xpath","value":"//*[@id=\"__button137-img\"]"}
COMMAND: POST /session/b65fc9896dbbad70d7119bd0d8ca6151/element/f.B1DE806DB4DF8D130682F5CACC3F0FDB.d.AC1428B186666951F43243A03A08384C.e.4565/click - {}
RESULT: {}
COMMAND: GET /session/b65fc9896dbbad70d7119bd0d8ca6151/screenshot - {}
RESULT: {}
RESULT: undefined
COMMAND: POST /session/b65fc9896dbbad70d7119bd0d8ca6151/element - {"using":"xpath","value":"//*[@id=\"__button110-img\"]"}
RESULT: {"using":"xpath","value":"//*[@id=\"__button110-img\"]"}
COMMAND: POST /session/b65fc9896dbbad70d7119bd0d8ca6151/element/f.B1DE806DB4DF8D130682F5CACC3F0FDB.d.AC1428B186666951F43243A03A08384C.e.4652/click - {}
RESULT: {}
COMMAND: GET /session/b65fc9896dbbad70d7119bd0d8ca6151/screenshot - {}
RESULT: {}
RESULT: undefined
COMMAND: POST /session/b65fc9896dbbad70d7119bd0d8ca6151/execute/async - {"script":"<script> [776 bytes]","args":[{"enterText":"SecondSectionejvdv","selector":{"id":"application-managecatalogs-display-component---masterCatalogItems--searchItemsField","interaction":{"idSuffix":"I"}},"clearTextFirst":true,"interactionType":"ENTER_TEXT"}]}
RESULT: {"script":"<script> [776 bytes]","args":[{"enterText":"SecondSectionejvdv","selector":{"id":"application-managecatalogs-display-component---masterCatalogItems--searchItemsField","interaction":{"idSuffix":"I"}},"clearTextFirst":true,"interactionType":"ENTER_TEXT"}]}
COMMAND: POST /session/b65fc9896dbbad70d7119bd0d8ca6151/actions - {"actions":[{"id":"action11","type":"key","parameters":{},"actions":[{"type":"keyDown","value":""},{"type":"pause","duration":10},{"type":"keyUp","value":""}]}]}
RESULT: {"actions":[{"id":"action11","type":"key","parameters":{},"actions":[{"type":"keyDown","value":""},{"type":"pause","duration":10},{"type":"keyUp","value":""}]}]}
COMMAND: POST /session/b65fc9896dbbad70d7119bd0d8ca6151/element - {"using":"xpath","value":"(//span[contains(text(), \"SecondSectionejvdv\")])[1]"}
COMMAND: GET /session/b65fc9896dbbad70d7119bd0d8ca6151/screenshot - {}
RESULT: {"using":"xpath","value":"(//span[contains(text(), \"SecondSectionejvdv\")])[1]"}
COMMAND: POST /session/b65fc9896dbbad70d7119bd0d8ca6151/element/f.B1DE806DB4DF8D130682F5CACC3F0FDB.d.AC1428B186666951F43243A03A08384C.e.4655/click - {}
RESULT: {}
RESULT: {}
COMMAND: POST /session/b65fc9896dbbad70d7119bd0d8ca6151/element - {"using":"xpath","value":"(//span[contains(text(), \"SecondSectionejvdv\")])[1]"}
COMMAND: GET /session/b65fc9896dbbad70d7119bd0d8ca6151/screenshot - {}
RESULT: {"using":"xpath","value":"(//span[contains(text(), \"SecondSectionejvdv\")])[1]"}
COMMAND: GET /session/b65fc9896dbbad70d7119bd0d8ca6151/element/f.B1DE806DB4DF8D130682F5CACC3F0FDB.d.AC1428B186666951F43243A03A08384C.e.4655/text - {}
RESULT: {}
COMMAND: POST /session/b65fc9896dbbad70d7119bd0d8ca6151/element - {"using":"xpath","value":"(//span[contains(text(), \"SecondSectionejvdv\")])[1]"}
RESULT: {"using":"xpath","value":"(//span[contains(text(), \"SecondSectionejvdv\")])[1]"}
COMMAND: GET /session/b65fc9896dbbad70d7119bd0d8ca6151/element/f.B1DE806DB4DF8D130682F5CACC3F0FDB.d.AC1428B186666951F43243A03A08384C.e.4655/text - {}
COMMAND: POST /session/b65fc9896dbbad70d7119bd0d8ca6151/element - {"using":"xpath","value":"(//span[contains(text(), \"SecondSectionejvdv\")])[1]"}
RESULT: {"using":"xpath","value":"(//span[contains(text(), \"SecondSectionejvdv\")])[1]"}
COMMAND: GET /session/b65fc9896dbbad70d7119bd0d8ca6151/element/f.B1DE806DB4DF8D130682F5CACC3F0FDB.d.AC1428B186666951F43243A03A08384C.e.4711/text - {}
RESULT: {}
COMMAND: POST /session/b65fc9896dbbad70d7119bd0d8ca6151/refresh - {}
RESULT: {}
COMMAND: GET /session/b65fc9896dbbad70d7119bd0d8ca6151/screenshot - {}
RESULT: {}
COMMAND: POST /session/b65fc9896dbbad70d7119bd0d8ca6151/execute/async - {"script":"<script> [189 bytes]","args":[]}
RESULT: {"script":"<script> [189 bytes]","args":[]}
COMMAND: POST /session/b65fc9896dbbad70d7119bd0d8ca6151/execute/async - {"script":"<script> [123 bytes]","args":[]}
RESULT: {"script":"<script> [123 bytes]","args":[]}
COMMAND: POST /session/b65fc9896dbbad70d7119bd0d8ca6151/timeouts - {"script":"<number>"}
RESULT: {"script":"<number>"}
COMMAND: GET /session/b65fc9896dbbad70d7119bd0d8ca6151/timeouts - {}
RESULT: {}
RESULT: undefined
COMMAND: POST /session/b65fc9896dbbad70d7119bd0d8ca6151/execute/async - {"script":"<script> [2676 bytes]","args":[]}
RESULT: {"script":"<script> [2676 bytes]","args":[]}
COMMAND: POST /session/b65fc9896dbbad70d7119bd0d8ca6151/execute/async - {"script":"<script> [2342 bytes]","args":[{"protocol":"http","hostname":"0.0.0.0","path":"/","capabilities":{"browserName":"chrome","goog:chromeOptions":{"binary":"C:\\Program Files\\Google\\Chrome\\Application\\chrome.exe","args":["--start-maximized"]}},"logLevel":"warn","connectionRetryTimeout":120000,"connectionRetryCount":3,"logLevels":{},"enableDirectConnect":true,"strictSSL":true,"_":"65 more keys: [\"cacheDir\",\"port\",\"requestedCapabilities\",\"automationProtocol\",\"baseUrl\",\"waitforInterval\",\"waitforTimeout\",\"onReload\",\"beforeCommand\",\"afterCommand\",\"rootDir\",\"specs\",\"suites\",\"exclude\",\"groupLogsByTestSpec\",\"excludeDriverLogs\",\"bail\",\"framework\",\"reporters\",\"services\",\"maxInstances\",\"maxInstancesPerCapability\",\"injectGlobals\",\"filesToWatch\",\"execArgv\",\"runnerEnv\",\"runner\",\"shard\",\"specFileRetries\",\"specFileRetriesDelay\",\"specFileRetriesDeferred\",\"reporterSyncInterval\",\"reporterSyncTimeout\",\"cucumberFeaturesWithLineNumbers\",\"autoCompileOpts\",\"mochaOpts\",\"jasmineOpts\",\"cucumberOpts\",\"onPrepare\",\"onWorkerStart\",\"onWorkerEnd\",\"before\",\"beforeSession\",\"beforeSuite\",\"beforeHook\",\"beforeTest\",\"afterTest\",\"afterHook\",\"afterSuite\",\"afterSession\",\"after\",\"onComplete\",\"beforeAssertion\",\"afterAssertion\",\"beforeFeature\",\"beforeScenario\",\"beforeStep\",\"afterStep\",\"afterScenario\",\"afterFeature\",\"_\",\"suite\",\"$0\",\"ignoredWorkerServices\",\"wdi5\"]"}]}
RESULT: {"script":"<script> [2342 bytes]","args":[{"protocol":"http","hostname":"0.0.0.0","path":"/","capabilities":{"browserName":"chrome","goog:chromeOptions":{"binary":"C:\\Program Files\\Google\\Chrome\\Application\\chrome.exe","args":["--start-maximized"]}},"logLevel":"warn","connectionRetryTimeout":120000,"connectionRetryCount":3,"logLevels":{},"enableDirectConnect":true,"strictSSL":true,"_":"65 more keys: [\"cacheDir\",\"port\",\"requestedCapabilities\",\"automationProtocol\",\"baseUrl\",\"waitforInterval\",\"waitforTimeout\",\"onReload\",\"beforeCommand\",\"afterCommand\",\"rootDir\",\"specs\",\"suites\",\"exclude\",\"groupLogsByTestSpec\",\"excludeDriverLogs\",\"bail\",\"framework\",\"reporters\",\"services\",\"maxInstances\",\"maxInstancesPerCapability\",\"injectGlobals\",\"filesToWatch\",\"execArgv\",\"runnerEnv\",\"runner\",\"shard\",\"specFileRetries\",\"specFileRetriesDelay\",\"specFileRetriesDeferred\",\"reporterSyncInterval\",\"reporterSyncTimeout\",\"cucumberFeaturesWithLineNumbers\",\"autoCompileOpts\",\"mochaOpts\",\"jasmineOpts\",\"cucumberOpts\",\"onPrepare\",\"onWorkerStart\",\"onWorkerEnd\",\"before\",\"beforeSession\",\"beforeSuite\",\"beforeHook\",\"beforeTest\",\"afterTest\",\"afterHook\",\"afterSuite\",\"afterSession\",\"after\",\"onComplete\",\"beforeAssertion\",\"afterAssertion\",\"beforeFeature\",\"beforeScenario\",\"beforeStep\",\"afterStep\",\"afterScenario\",\"afterFeature\",\"_\",\"suite\",\"$0\",\"ignoredWorkerServices\",\"wdi5\"]"}]}
COMMAND: POST /session/b65fc9896dbbad70d7119bd0d8ca6151/execute/async - {"script":"<script> [21126 bytes]","args":[35000]}
RESULT: {"script":"<script> [21126 bytes]","args":[35000]}
COMMAND: POST /session/b65fc9896dbbad70d7119bd0d8ca6151/execute/async - {"script":"<script> [1562 bytes]","args":[{"selector":{"controlType":"sap.m.Button","viewName":"etm.portal.ui.managecatalogs.view.Detail","viewId":"application-managecatalogs-display-component---detailCatalog","i18NText":{"propertyName":"text","key":"edit"},"interaction":{"idSuffix":"BDI-content"}},"wdio_ui5_key":"etmportal.ui.managecatalogs.view.Detailsap.m.Button{\"propertyName\":\"text\",\"key\":\"edit\"}"}]}
RESULT: {"script":"<script> [1562 bytes]","args":[{"selector":{"controlType":"sap.m.Button","viewName":"etm.portal.ui.managecatalogs.view.Detail","viewId":"application-managecatalogs-display-component---detailCatalog","i18NText":{"propertyName":"text","key":"edit"},"interaction":{"idSuffix":"BDI-content"}},"wdio_ui5_key":"etmportal.ui.managecatalogs.view.Detailsap.m.Button{\"propertyName\":\"text\",\"key\":\"edit\"}"}]}
RESULT: undefined
COMMAND: POST /session/b65fc9896dbbad70d7119bd0d8ca6151/element - {"using":"xpath","value":"//*[@id=\"__button25\"]"}
RESULT: {"using":"xpath","value":"//*[@id=\"__button25\"]"}
COMMAND: POST /session/b65fc9896dbbad70d7119bd0d8ca6151/element/f.B1DE806DB4DF8D130682F5CACC3F0FDB.d.BC886E6F2A6EBF3C8BA02E1A46D471E1.e.4767/click - {}
RESULT: {}
COMMAND: GET /session/b65fc9896dbbad70d7119bd0d8ca6151/screenshot - {}
RESULT: {}
RESULT: undefined
RESULT: undefined
COMMAND: POST /session/b65fc9896dbbad70d7119bd0d8ca6151/element - {"using":"xpath","value":"//button[contains(@title ,\"Create Catalog Item\")]"}
RESULT: {"using":"xpath","value":"//button[contains(@title ,\"Create Catalog Item\")]"}
COMMAND: POST /session/b65fc9896dbbad70d7119bd0d8ca6151/element/f.B1DE806DB4DF8D130682F5CACC3F0FDB.d.BC886E6F2A6EBF3C8BA02E1A46D471E1.e.4773/click - {}
RESULT: {}
COMMAND: POST /session/b65fc9896dbbad70d7119bd0d8ca6151/execute/async - {"script":"<script> [1562 bytes]","args":[{"selector":{"id":"application-managecatalogs-display-component---detailCatalog--newItemNumberInput","searchOpenDialogs":true,"interaction":{"idSuffix":"inner"}},"wdio_ui5_key":"applicationmanagecatalogs-display-component---detailCatalog--newItemNumberInput"}]}
COMMAND: GET /session/b65fc9896dbbad70d7119bd0d8ca6151/screenshot - {}
RESULT: {"script":"<script> [1562 bytes]","args":[{"selector":{"id":"application-managecatalogs-display-component---detailCatalog--newItemNumberInput","searchOpenDialogs":true,"interaction":{"idSuffix":"inner"}},"wdio_ui5_key":"applicationmanagecatalogs-display-component---detailCatalog--newItemNumberInput"}]}
RESULT: undefined
COMMAND: POST /session/b65fc9896dbbad70d7119bd0d8ca6151/execute/async - {"script":"<script> [776 bytes]","args":[{"enterText":"catalogItemadhkel","selector":{"id":"application-managecatalogs-display-component---detailCatalog--newItemNumberInput","searchOpenDialogs":true,"interaction":{"idSuffix":"inner"}},"clearTextFirst":true,"interactionType":"ENTER_TEXT"}]}
RESULT: {}
RESULT: {"script":"<script> [776 bytes]","args":[{"enterText":"catalogItemadhkel","selector":{"id":"application-managecatalogs-display-component---detailCatalog--newItemNumberInput","searchOpenDialogs":true,"interaction":{"idSuffix":"inner"}},"clearTextFirst":true,"interactionType":"ENTER_TEXT"}]}
COMMAND: POST /session/b65fc9896dbbad70d7119bd0d8ca6151/execute/async - {"script":"<script> [1562 bytes]","args":[{"selector":{"controlType":"sap.m.Input","viewName":"etm.portal.ui.managecatalogs.view.Detail","viewId":"application-managecatalogs-display-component---detailCatalog","bindingPath":{"path":"","propertyPath":"/DESCRIPTION"},"searchOpenDialogs":true,"interaction":{"idSuffix":"inner"}},"wdio_ui5_key":"etmportal.ui.managecatalogs.view.Detailsap.m.Input{\"path\":\"\",\"propertyPath\":\"/DESCRIPTION\"}"}]}
RESULT: {"script":"<script> [1562 bytes]","args":[{"selector":{"controlType":"sap.m.Input","viewName":"etm.portal.ui.managecatalogs.view.Detail","viewId":"application-managecatalogs-display-component---detailCatalog","bindingPath":{"path":"","propertyPath":"/DESCRIPTION"},"searchOpenDialogs":true,"interaction":{"idSuffix":"inner"}},"wdio_ui5_key":"etmportal.ui.managecatalogs.view.Detailsap.m.Input{\"path\":\"\",\"propertyPath\":\"/DESCRIPTION\"}"}]}
RESULT: undefined
COMMAND: POST /session/b65fc9896dbbad70d7119bd0d8ca6151/execute/async - {"script":"<script> [776 bytes]","args":[{"enterText":"catalogItemNamejf66p","selector":{"controlType":"sap.m.Input","viewName":"etm.portal.ui.managecatalogs.view.Detail","viewId":"application-managecatalogs-display-component---detailCatalog","bindingPath":{"path":"","propertyPath":"/DESCRIPTION"},"searchOpenDialogs":true,"interaction":{"idSuffix":"inner"}},"clearTextFirst":true,"interactionType":"ENTER_TEXT"}]}
RESULT: {"script":"<script> [776 bytes]","args":[{"enterText":"catalogItemNamejf66p","selector":{"controlType":"sap.m.Input","viewName":"etm.portal.ui.managecatalogs.view.Detail","viewId":"application-managecatalogs-display-component---detailCatalog","bindingPath":{"path":"","propertyPath":"/DESCRIPTION"},"searchOpenDialogs":true,"interaction":{"idSuffix":"inner"}},"clearTextFirst":true,"interactionType":"ENTER_TEXT"}]}
COMMAND: POST /session/b65fc9896dbbad70d7119bd0d8ca6151/actions - {"actions":[{"id":"action12","type":"key","parameters":{},"actions":[{"type":"keyDown","value":""},{"type":"pause","duration":10},{"type":"keyUp","value":""}]}]}
RESULT: {"actions":[{"id":"action12","type":"key","parameters":{},"actions":[{"type":"keyDown","value":""},{"type":"pause","duration":10},{"type":"keyUp","value":""}]}]}
COMMAND: GET /session/b65fc9896dbbad70d7119bd0d8ca6151/screenshot - {}
RESULT: {}
COMMAND: POST /session/b65fc9896dbbad70d7119bd0d8ca6151/actions - {"actions":[{"id":"action13","type":"key","parameters":{},"actions":[{"type":"keyDown","value":""},{"type":"pause","duration":10},{"type":"keyUp","value":""}]}]}
RESULT: {"actions":[{"id":"action13","type":"key","parameters":{},"actions":[{"type":"keyDown","value":""},{"type":"pause","duration":10},{"type":"keyUp","value":""}]}]}
COMMAND: GET /session/b65fc9896dbbad70d7119bd0d8ca6151/screenshot - {}
RESULT: {}
COMMAND: POST /session/b65fc9896dbbad70d7119bd0d8ca6151/element - {"using":"xpath","value":"//button[@title=\"Save\"]"}
RESULT: {"using":"xpath","value":"//button[@title=\"Save\"]"}
COMMAND: POST /session/b65fc9896dbbad70d7119bd0d8ca6151/element/f.B1DE806DB4DF8D130682F5CACC3F0FDB.d.BC886E6F2A6EBF3C8BA02E1A46D471E1.e.4782/click - {}
RESULT: {}
COMMAND: GET /session/b65fc9896dbbad70d7119bd0d8ca6151/screenshot - {}
RESULT: {}
COMMAND: POST /session/b65fc9896dbbad70d7119bd0d8ca6151/execute/async - {"script":"<script> [1562 bytes]","args":[{"selector":{"controlType":"sap.ui.core.Icon","viewName":"etm.portal.ui.managecatalogs.view.Detail","viewId":"application-managecatalogs-display-component---detailCatalog","properties":{"src":{"regex":{"source":"decline"}}}},"wdio_ui5_key":"etmportal.ui.managecatalogs.view.Detailsap.ui.core.Icon{\"src\":{\"regex\":{\"source\":\"decline\"}}}"}]}
RESULT: {"script":"<script> [1562 bytes]","args":[{"selector":{"controlType":"sap.ui.core.Icon","viewName":"etm.portal.ui.managecatalogs.view.Detail","viewId":"application-managecatalogs-display-component---detailCatalog","properties":{"src":{"regex":{"source":"decline"}}}},"wdio_ui5_key":"etmportal.ui.managecatalogs.view.Detailsap.ui.core.Icon{\"src\":{\"regex\":{\"source\":\"decline\"}}}"}]}
RESULT: undefined
COMMAND: POST /session/b65fc9896dbbad70d7119bd0d8ca6151/element - {"using":"xpath","value":"//*[@id=\"__button28-img\"]"}
RESULT: {"using":"xpath","value":"//*[@id=\"__button28-img\"]"}
COMMAND: POST /session/b65fc9896dbbad70d7119bd0d8ca6151/element/f.B1DE806DB4DF8D130682F5CACC3F0FDB.d.BC886E6F2A6EBF3C8BA02E1A46D471E1.e.4789/click - {}
RESULT: {}
COMMAND: GET /session/b65fc9896dbbad70d7119bd0d8ca6151/screenshot - {}
RESULT: {}
COMMAND: POST /session/b65fc9896dbbad70d7119bd0d8ca6151/execute/async - {"script":"<script> [1562 bytes]","args":[{"selector":{"controlType":"sap.ui.core.Icon","viewName":"etm.portal.ui.managecatalogs.view.MasterItems","viewId":"application-managecatalogs-display-component---masterCatalogItems","properties":{"src":{"regex":{"source":"refresh"}}}},"wdio_ui5_key":"etmportal.ui.managecatalogs.view.MasterItemssap.ui.core.Icon{\"src\":{\"regex\":{\"source\":\"refresh\"}}}"}]}
RESULT: {"script":"<script> [1562 bytes]","args":[{"selector":{"controlType":"sap.ui.core.Icon","viewName":"etm.portal.ui.managecatalogs.view.MasterItems","viewId":"application-managecatalogs-display-component---masterCatalogItems","properties":{"src":{"regex":{"source":"refresh"}}}},"wdio_ui5_key":"etmportal.ui.managecatalogs.view.MasterItemssap.ui.core.Icon{\"src\":{\"regex\":{\"source\":\"refresh\"}}}"}]}
RESULT: undefined
COMMAND: POST /session/b65fc9896dbbad70d7119bd0d8ca6151/element - {"using":"xpath","value":"//*[@id=\"__button1-img\"]"}
RESULT: {"using":"xpath","value":"//*[@id=\"__button1-img\"]"}
COMMAND: POST /session/b65fc9896dbbad70d7119bd0d8ca6151/element/f.B1DE806DB4DF8D130682F5CACC3F0FDB.d.BC886E6F2A6EBF3C8BA02E1A46D471E1.e.4797/click - {}
RESULT: {}
COMMAND: GET /session/b65fc9896dbbad70d7119bd0d8ca6151/screenshot - {}
RESULT: {}
COMMAND: POST /session/b65fc9896dbbad70d7119bd0d8ca6151/execute/async - {"script":"<script> [1562 bytes]","args":[{"selector":{"id":"application-managecatalogs-display-component---masterCatalogItems--searchItemsField","interaction":{"idSuffix":"I"}},"wdio_ui5_key":"applicationmanagecatalogs-display-component---masterCatalogItems--searchItemsField"}]}
RESULT: {"script":"<script> [1562 bytes]","args":[{"selector":{"id":"application-managecatalogs-display-component---masterCatalogItems--searchItemsField","interaction":{"idSuffix":"I"}},"wdio_ui5_key":"applicationmanagecatalogs-display-component---masterCatalogItems--searchItemsField"}]}
RESULT: undefined
COMMAND: POST /session/b65fc9896dbbad70d7119bd0d8ca6151/execute/async - {"script":"<script> [776 bytes]","args":[{"enterText":"catalogItemNamejf66p","selector":{"id":"application-managecatalogs-display-component---masterCatalogItems--searchItemsField","interaction":{"idSuffix":"I"}},"clearTextFirst":true,"interactionType":"ENTER_TEXT"}]}
RESULT: {"script":"<script> [776 bytes]","args":[{"enterText":"catalogItemNamejf66p","selector":{"id":"application-managecatalogs-display-component---masterCatalogItems--searchItemsField","interaction":{"idSuffix":"I"}},"clearTextFirst":true,"interactionType":"ENTER_TEXT"}]}
COMMAND: POST /session/b65fc9896dbbad70d7119bd0d8ca6151/actions - {"actions":[{"id":"action14","type":"key","parameters":{},"actions":[{"type":"keyDown","value":""},{"type":"pause","duration":10},{"type":"keyUp","value":""}]}]}
RESULT: {"actions":[{"id":"action14","type":"key","parameters":{},"actions":[{"type":"keyDown","value":""},{"type":"pause","duration":10},{"type":"keyUp","value":""}]}]}
COMMAND: POST /session/b65fc9896dbbad70d7119bd0d8ca6151/element - {"using":"xpath","value":"(//span[contains(text(), \"catalogItemNamejf66p\")])[1]"}
COMMAND: GET /session/b65fc9896dbbad70d7119bd0d8ca6151/screenshot - {}
RESULT: {"using":"xpath","value":"(//span[contains(text(), \"catalogItemNamejf66p\")])[1]"}
COMMAND: POST /session/b65fc9896dbbad70d7119bd0d8ca6151/element/f.B1DE806DB4DF8D130682F5CACC3F0FDB.d.BC886E6F2A6EBF3C8BA02E1A46D471E1.e.4831/click - {}
RESULT: {}
RESULT: {}
COMMAND: GET /session/b65fc9896dbbad70d7119bd0d8ca6151/screenshot - {}
RESULT: {}
COMMAND: POST /session/b65fc9896dbbad70d7119bd0d8ca6151/element - {"using":"xpath","value":"//span[contains(text(), \"catalogItemadhkel\")]"}
RESULT: {"using":"xpath","value":"//span[contains(text(), \"catalogItemadhkel\")]"}
COMMAND: GET /session/b65fc9896dbbad70d7119bd0d8ca6151/element/f.B1DE806DB4DF8D130682F5CACC3F0FDB.d.BC886E6F2A6EBF3C8BA02E1A46D471E1.e.4894/text - {}
RESULT: {}
]]></system-out>
    </testcase>
    <testcase classname="chrome.137_0_7151_69.windows.Standard_contract_-_add_contract_items_by_Insert_Request_US118222" name="Should assign resources to the catalog item" time="52.886">
      <system-out><![CDATA[
RESULT: undefined
COMMAND: POST /session/b65fc9896dbbad70d7119bd0d8ca6151/element - {"using":"xpath","value":"//*[@id=\"__button25\"]"}
RESULT: {"using":"xpath","value":"//*[@id=\"__button25\"]"}
COMMAND: POST /session/b65fc9896dbbad70d7119bd0d8ca6151/element/f.B1DE806DB4DF8D130682F5CACC3F0FDB.d.BC886E6F2A6EBF3C8BA02E1A46D471E1.e.4895/click - {}
RESULT: {}
COMMAND: GET /session/b65fc9896dbbad70d7119bd0d8ca6151/screenshot - {}
RESULT: {}
COMMAND: POST /session/b65fc9896dbbad70d7119bd0d8ca6151/execute/async - {"script":"<script> [1562 bytes]","args":[{"selector":{"id":"application-managecatalogs-display-component---detailCatalog--BASE_UNIT_OF_MEASURE-arrow"},"wdio_ui5_key":"applicationmanagecatalogs-display-component---detailCatalog--BASE_UNIT_OF_MEASURE-arrow"}]}
RESULT: {"script":"<script> [1562 bytes]","args":[{"selector":{"id":"application-managecatalogs-display-component---detailCatalog--BASE_UNIT_OF_MEASURE-arrow"},"wdio_ui5_key":"applicationmanagecatalogs-display-component---detailCatalog--BASE_UNIT_OF_MEASURE-arrow"}]}
RESULT: undefined
COMMAND: POST /session/b65fc9896dbbad70d7119bd0d8ca6151/element - {"using":"xpath","value":"//*[@id=\"application-managecatalogs-display-component---detailCatalog--BASE_UNIT_OF_MEASURE-arrow\"]"}
RESULT: {"using":"xpath","value":"//*[@id=\"application-managecatalogs-display-component---detailCatalog--BASE_UNIT_OF_MEASURE-arrow\"]"}
COMMAND: POST /session/b65fc9896dbbad70d7119bd0d8ca6151/element/f.B1DE806DB4DF8D130682F5CACC3F0FDB.d.BC886E6F2A6EBF3C8BA02E1A46D471E1.e.4925/click - {}
RESULT: {}
COMMAND: POST /session/b65fc9896dbbad70d7119bd0d8ca6151/execute/async - {"script":"<script> [1562 bytes]","args":[{"selector":{"controlType":"sap.m.StandardListItem","viewName":"etm.portal.ui.managecatalogs.view.Detail","viewId":"application-managecatalogs-display-component---detailCatalog","properties":{"title":"Piece"},"searchOpenDialogs":true,"interaction":{"idSuffix":"titleText"}},"wdio_ui5_key":"etmportal.ui.managecatalogs.view.Detailsap.m.StandardListItem{\"title\":\"Piece\"}"}]}
COMMAND: GET /session/b65fc9896dbbad70d7119bd0d8ca6151/screenshot - {}
RESULT: {"script":"<script> [1562 bytes]","args":[{"selector":{"controlType":"sap.m.StandardListItem","viewName":"etm.portal.ui.managecatalogs.view.Detail","viewId":"application-managecatalogs-display-component---detailCatalog","properties":{"title":"Piece"},"searchOpenDialogs":true,"interaction":{"idSuffix":"titleText"}},"wdio_ui5_key":"etmportal.ui.managecatalogs.view.Detailsap.m.StandardListItem{\"title\":\"Piece\"}"}]}
RESULT: undefined
COMMAND: POST /session/b65fc9896dbbad70d7119bd0d8ca6151/element - {"using":"xpath","value":"//*[@id=\"__item223\"]"}
RESULT: {}
RESULT: {"using":"xpath","value":"//*[@id=\"__item223\"]"}
COMMAND: POST /session/b65fc9896dbbad70d7119bd0d8ca6151/element/f.B1DE806DB4DF8D130682F5CACC3F0FDB.d.BC886E6F2A6EBF3C8BA02E1A46D471E1.e.4927/click - {}
RESULT: {}
COMMAND: POST /session/b65fc9896dbbad70d7119bd0d8ca6151/execute/async - {"script":"<script> [1562 bytes]","args":[{"selector":{"id":"application-managecatalogs-display-component---detailCatalog--ObjectPageLayout-anchBar-application-managecatalogs-display-component---detailCatalog--sectionRUs-anchor","interaction":{"idSuffix":"BDI-content"}},"wdio_ui5_key":"applicationmanagecatalogs-display-component---detailCatalog--ObjectPageLayout-anchBar-application-managecatalogs-display-component---detailCatalog--sectionRUs-anchor"}]}
COMMAND: GET /session/b65fc9896dbbad70d7119bd0d8ca6151/screenshot - {}
RESULT: {"script":"<script> [1562 bytes]","args":[{"selector":{"id":"application-managecatalogs-display-component---detailCatalog--ObjectPageLayout-anchBar-application-managecatalogs-display-component---detailCatalog--sectionRUs-anchor","interaction":{"idSuffix":"BDI-content"}},"wdio_ui5_key":"applicationmanagecatalogs-display-component---detailCatalog--ObjectPageLayout-anchBar-application-managecatalogs-display-component---detailCatalog--sectionRUs-anchor"}]}
RESULT: undefined
COMMAND: POST /session/b65fc9896dbbad70d7119bd0d8ca6151/element - {"using":"xpath","value":"//*[@id=\"application-managecatalogs-display-component---detailCatalog--ObjectPageLayout-anchBar-application-managecatalogs-display-component---detailCatalog--sectionRUs-anchor\"]"}
RESULT: {}
RESULT: {"using":"xpath","value":"//*[@id=\"application-managecatalogs-display-component---detailCatalog--ObjectPageLayout-anchBar-application-managecatalogs-display-component---detailCatalog--sectionRUs-anchor\"]"}
COMMAND: POST /session/b65fc9896dbbad70d7119bd0d8ca6151/element/f.B1DE806DB4DF8D130682F5CACC3F0FDB.d.BC886E6F2A6EBF3C8BA02E1A46D471E1.e.4929/click - {}
RESULT: {}
COMMAND: POST /session/b65fc9896dbbad70d7119bd0d8ca6151/element - {"using":"xpath","value":"//button[contains(@data-kt ,\"catalogItemAssignRuButton\")]"}
COMMAND: GET /session/b65fc9896dbbad70d7119bd0d8ca6151/screenshot - {}
RESULT: {"using":"xpath","value":"//button[contains(@data-kt ,\"catalogItemAssignRuButton\")]"}
COMMAND: POST /session/b65fc9896dbbad70d7119bd0d8ca6151/element/f.B1DE806DB4DF8D130682F5CACC3F0FDB.d.BC886E6F2A6EBF3C8BA02E1A46D471E1.e.4933/click - {}
RESULT: {}
RESULT: {}
COMMAND: GET /session/b65fc9896dbbad70d7119bd0d8ca6151/screenshot - {}
RESULT: {}
COMMAND: POST /session/b65fc9896dbbad70d7119bd0d8ca6151/actions - {"actions":[{"id":"action15","type":"key","parameters":{},"actions":[{"type":"keyDown","value":""},{"type":"pause","duration":10},{"type":"keyUp","value":""}]}]}
RESULT: {"actions":[{"id":"action15","type":"key","parameters":{},"actions":[{"type":"keyDown","value":""},{"type":"pause","duration":10},{"type":"keyUp","value":""}]}]}
COMMAND: POST /session/b65fc9896dbbad70d7119bd0d8ca6151/execute/async - {"script":"<script> [1562 bytes]","args":[{"selector":{"id":"application-managecatalogs-display-component---detailCatalog--assignRUSearchField-vhi","searchOpenDialogs":true},"wdio_ui5_key":"applicationmanagecatalogs-display-component---detailCatalog--assignRUSearchField-vhi"}]}
COMMAND: GET /session/b65fc9896dbbad70d7119bd0d8ca6151/screenshot - {}
RESULT: {"script":"<script> [1562 bytes]","args":[{"selector":{"id":"application-managecatalogs-display-component---detailCatalog--assignRUSearchField-vhi","searchOpenDialogs":true},"wdio_ui5_key":"applicationmanagecatalogs-display-component---detailCatalog--assignRUSearchField-vhi"}]}
RESULT: undefined
COMMAND: POST /session/b65fc9896dbbad70d7119bd0d8ca6151/element - {"using":"xpath","value":"//*[@id=\"application-managecatalogs-display-component---detailCatalog--assignRUSearchField-vhi\"]"}
RESULT: {}
RESULT: {"using":"xpath","value":"//*[@id=\"application-managecatalogs-display-component---detailCatalog--assignRUSearchField-vhi\"]"}
COMMAND: POST /session/b65fc9896dbbad70d7119bd0d8ca6151/element/f.B1DE806DB4DF8D130682F5CACC3F0FDB.d.BC886E6F2A6EBF3C8BA02E1A46D471E1.e.4954/click - {}
RESULT: {}
COMMAND: GET /session/b65fc9896dbbad70d7119bd0d8ca6151/screenshot - {}
RESULT: {}
COMMAND: POST /session/b65fc9896dbbad70d7119bd0d8ca6151/element - {"using":"xpath","value":"//input[contains(@id ,\"searchField-I\")]"}
RESULT: {"using":"xpath","value":"//input[contains(@id ,\"searchField-I\")]"}
COMMAND: POST /session/b65fc9896dbbad70d7119bd0d8ca6151/element/f.B1DE806DB4DF8D130682F5CACC3F0FDB.d.BC886E6F2A6EBF3C8BA02E1A46D471E1.e.4958/clear - {}
RESULT: {}
COMMAND: POST /session/b65fc9896dbbad70d7119bd0d8ca6151/element/f.B1DE806DB4DF8D130682F5CACC3F0FDB.d.BC886E6F2A6EBF3C8BA02E1A46D471E1.e.4958/value - {"text":"WdIOTestEquipqpc3q"}
COMMAND: GET /session/b65fc9896dbbad70d7119bd0d8ca6151/screenshot - {}
RESULT: {"text":"WdIOTestEquipqpc3q"}
COMMAND: GET /session/b65fc9896dbbad70d7119bd0d8ca6151/screenshot - {}
RESULT: {}
RESULT: {}
COMMAND: POST /session/b65fc9896dbbad70d7119bd0d8ca6151/actions - {"actions":[{"id":"action16","type":"key","parameters":{},"actions":[{"type":"keyDown","value":""},{"type":"pause","duration":10},{"type":"keyUp","value":""}]}]}
RESULT: {"actions":[{"id":"action16","type":"key","parameters":{},"actions":[{"type":"keyDown","value":""},{"type":"pause","duration":10},{"type":"keyUp","value":""}]}]}
COMMAND: GET /session/b65fc9896dbbad70d7119bd0d8ca6151/screenshot - {}
RESULT: {}
COMMAND: POST /session/b65fc9896dbbad70d7119bd0d8ca6151/actions - {"actions":[{"id":"action17","type":"key","parameters":{},"actions":[{"type":"keyDown","value":""},{"type":"pause","duration":10},{"type":"keyUp","value":""}]}]}
RESULT: {"actions":[{"id":"action17","type":"key","parameters":{},"actions":[{"type":"keyDown","value":""},{"type":"pause","duration":10},{"type":"keyUp","value":""}]}]}
COMMAND: GET /session/b65fc9896dbbad70d7119bd0d8ca6151/screenshot - {}
RESULT: {}
COMMAND: POST /session/b65fc9896dbbad70d7119bd0d8ca6151/actions - {"actions":[{"id":"action18","type":"key","parameters":{},"actions":[{"type":"keyDown","value":""},{"type":"pause","duration":10},{"type":"keyUp","value":""}]}]}
RESULT: {"actions":[{"id":"action18","type":"key","parameters":{},"actions":[{"type":"keyDown","value":""},{"type":"pause","duration":10},{"type":"keyUp","value":""}]}]}
COMMAND: GET /session/b65fc9896dbbad70d7119bd0d8ca6151/screenshot - {}
RESULT: {}
COMMAND: POST /session/b65fc9896dbbad70d7119bd0d8ca6151/element - {"using":"xpath","value":"//bdi[contains(@id ,\"application-managecatalogs-display-component---detailCatalog--RUAssignmentSaveButton-BDI-content\")]"}
RESULT: {"using":"xpath","value":"//bdi[contains(@id ,\"application-managecatalogs-display-component---detailCatalog--RUAssignmentSaveButton-BDI-content\")]"}
COMMAND: POST /session/b65fc9896dbbad70d7119bd0d8ca6151/element/f.B1DE806DB4DF8D130682F5CACC3F0FDB.d.BC886E6F2A6EBF3C8BA02E1A46D471E1.e.4977/click - {}
RESULT: {}
COMMAND: GET /session/b65fc9896dbbad70d7119bd0d8ca6151/screenshot - {}
RESULT: {}
COMMAND: POST /session/b65fc9896dbbad70d7119bd0d8ca6151/element - {"using":"xpath","value":"//bdi[contains(@id ,\"application-managecatalogs-display-component---detailCatalog--ObjectPageLayout-anchBar-application-managecatalogs-display-component---detailCatalog--sectionRUs-anchor-BDI-content\")]"}
RESULT: {"using":"xpath","value":"//bdi[contains(@id ,\"application-managecatalogs-display-component---detailCatalog--ObjectPageLayout-anchBar-application-managecatalogs-display-component---detailCatalog--sectionRUs-anchor-BDI-content\")]"}
COMMAND: POST /session/b65fc9896dbbad70d7119bd0d8ca6151/element/f.B1DE806DB4DF8D130682F5CACC3F0FDB.d.BC886E6F2A6EBF3C8BA02E1A46D471E1.e.4995/click - {}
RESULT: {}
COMMAND: GET /session/b65fc9896dbbad70d7119bd0d8ca6151/screenshot - {}
RESULT: {}
COMMAND: POST /session/b65fc9896dbbad70d7119bd0d8ca6151/element - {"using":"xpath","value":"//button[contains(@data-kt ,\"catalogItemAssignRuButton\")]"}
RESULT: {"using":"xpath","value":"//button[contains(@data-kt ,\"catalogItemAssignRuButton\")]"}
COMMAND: POST /session/b65fc9896dbbad70d7119bd0d8ca6151/element/f.B1DE806DB4DF8D130682F5CACC3F0FDB.d.BC886E6F2A6EBF3C8BA02E1A46D471E1.e.4933/click - {}
RESULT: {}
COMMAND: GET /session/b65fc9896dbbad70d7119bd0d8ca6151/screenshot - {}
RESULT: {}
COMMAND: POST /session/b65fc9896dbbad70d7119bd0d8ca6151/actions - {"actions":[{"id":"action19","type":"key","parameters":{},"actions":[{"type":"keyDown","value":""},{"type":"pause","duration":10},{"type":"keyUp","value":""}]}]}
RESULT: {"actions":[{"id":"action19","type":"key","parameters":{},"actions":[{"type":"keyDown","value":""},{"type":"pause","duration":10},{"type":"keyUp","value":""}]}]}
RESULT: undefined
COMMAND: POST /session/b65fc9896dbbad70d7119bd0d8ca6151/element - {"using":"xpath","value":"//*[@id=\"application-managecatalogs-display-component---detailCatalog--assignRUSearchField-vhi\"]"}
COMMAND: GET /session/b65fc9896dbbad70d7119bd0d8ca6151/screenshot - {}
RESULT: {"using":"xpath","value":"//*[@id=\"application-managecatalogs-display-component---detailCatalog--assignRUSearchField-vhi\"]"}
COMMAND: POST /session/b65fc9896dbbad70d7119bd0d8ca6151/elements - {"using":"xpath","value":"//*[@id=\"application-managecatalogs-display-component---detailCatalog--assignRUSearchField-vhi\"]"}
RESULT: {}
RESULT: {"using":"xpath","value":"//*[@id=\"application-managecatalogs-display-component---detailCatalog--assignRUSearchField-vhi\"]"}
COMMAND: POST /session/b65fc9896dbbad70d7119bd0d8ca6151/element - {"using":"xpath","value":"//*[@id=\"application-managecatalogs-display-component---detailCatalog--assignRUSearchField-vhi\"]"}
RESULT: {"using":"xpath","value":"//*[@id=\"application-managecatalogs-display-component---detailCatalog--assignRUSearchField-vhi\"]"}
COMMAND: POST /session/b65fc9896dbbad70d7119bd0d8ca6151/element/f.B1DE806DB4DF8D130682F5CACC3F0FDB.d.BC886E6F2A6EBF3C8BA02E1A46D471E1.e.5013/click - {}
RESULT: {}
COMMAND: POST /session/b65fc9896dbbad70d7119bd0d8ca6151/execute/async - {"script":"<script> [1562 bytes]","args":[{"selector":{"controlType":"sap.m.SearchField","viewName":"etm.portal.ui.managecatalogs.view.Detail","viewId":"application-managecatalogs-display-component---detailCatalog","searchOpenDialogs":true,"interaction":{"idSuffix":"I"}},"wdio_ui5_key":"etmportal.ui.managecatalogs.view.Detailsap.m.SearchField"}]}
COMMAND: GET /session/b65fc9896dbbad70d7119bd0d8ca6151/screenshot - {}
RESULT: {"script":"<script> [1562 bytes]","args":[{"selector":{"controlType":"sap.m.SearchField","viewName":"etm.portal.ui.managecatalogs.view.Detail","viewId":"application-managecatalogs-display-component---detailCatalog","searchOpenDialogs":true,"interaction":{"idSuffix":"I"}},"wdio_ui5_key":"etmportal.ui.managecatalogs.view.Detailsap.m.SearchField"}]}
RESULT: undefined
COMMAND: POST /session/b65fc9896dbbad70d7119bd0d8ca6151/execute/async - {"script":"<script> [776 bytes]","args":[{"enterText":"WebdriverMatTestma4e7","selector":{"controlType":"sap.m.SearchField","viewName":"etm.portal.ui.managecatalogs.view.Detail","viewId":"application-managecatalogs-display-component---detailCatalog","searchOpenDialogs":true,"interaction":{"idSuffix":"I"}},"clearTextFirst":true,"interactionType":"ENTER_TEXT"}]}
RESULT: {}
RESULT: {"script":"<script> [776 bytes]","args":[{"enterText":"WebdriverMatTestma4e7","selector":{"controlType":"sap.m.SearchField","viewName":"etm.portal.ui.managecatalogs.view.Detail","viewId":"application-managecatalogs-display-component---detailCatalog","searchOpenDialogs":true,"interaction":{"idSuffix":"I"}},"clearTextFirst":true,"interactionType":"ENTER_TEXT"}]}
COMMAND: POST /session/b65fc9896dbbad70d7119bd0d8ca6151/actions - {"actions":[{"id":"action20","type":"key","parameters":{},"actions":[{"type":"keyDown","value":""},{"type":"pause","duration":10},{"type":"keyUp","value":""}]}]}
RESULT: {"actions":[{"id":"action20","type":"key","parameters":{},"actions":[{"type":"keyDown","value":""},{"type":"pause","duration":10},{"type":"keyUp","value":""}]}]}
COMMAND: GET /session/b65fc9896dbbad70d7119bd0d8ca6151/screenshot - {}
RESULT: {}
COMMAND: POST /session/b65fc9896dbbad70d7119bd0d8ca6151/element - {"using":"xpath","value":"(//span[contains(text(), \"WebdriverMatTestma4e7\")])[1]"}
RESULT: {"using":"xpath","value":"(//span[contains(text(), \"WebdriverMatTestma4e7\")])[1]"}
COMMAND: POST /session/b65fc9896dbbad70d7119bd0d8ca6151/element/f.B1DE806DB4DF8D130682F5CACC3F0FDB.d.BC886E6F2A6EBF3C8BA02E1A46D471E1.e.5047/click - {}
RESULT: {}
COMMAND: POST /session/b65fc9896dbbad70d7119bd0d8ca6151/execute/async - {"script":"<script> [1562 bytes]","args":[{"selector":{"id":"application-managecatalogs-display-component---detailCatalog--RUAssignmentSaveButton","searchOpenDialogs":true,"interaction":{"idSuffix":"BDI-content"}},"wdio_ui5_key":"applicationmanagecatalogs-display-component---detailCatalog--RUAssignmentSaveButton"}]}
COMMAND: GET /session/b65fc9896dbbad70d7119bd0d8ca6151/screenshot - {}
RESULT: {"script":"<script> [1562 bytes]","args":[{"selector":{"id":"application-managecatalogs-display-component---detailCatalog--RUAssignmentSaveButton","searchOpenDialogs":true,"interaction":{"idSuffix":"BDI-content"}},"wdio_ui5_key":"applicationmanagecatalogs-display-component---detailCatalog--RUAssignmentSaveButton"}]}
RESULT: undefined
COMMAND: POST /session/b65fc9896dbbad70d7119bd0d8ca6151/element - {"using":"xpath","value":"//*[@id=\"application-managecatalogs-display-component---detailCatalog--RUAssignmentSaveButton\"]"}
RESULT: {}
RESULT: {"using":"xpath","value":"//*[@id=\"application-managecatalogs-display-component---detailCatalog--RUAssignmentSaveButton\"]"}
COMMAND: POST /session/b65fc9896dbbad70d7119bd0d8ca6151/element/f.B1DE806DB4DF8D130682F5CACC3F0FDB.d.BC886E6F2A6EBF3C8BA02E1A46D471E1.e.5050/click - {}
RESULT: {}
COMMAND: GET /session/b65fc9896dbbad70d7119bd0d8ca6151/screenshot - {}
RESULT: {}
COMMAND: POST /session/b65fc9896dbbad70d7119bd0d8ca6151/element - {"using":"xpath","value":"//bdi[contains(text(), \"Save\")]"}
RESULT: {"using":"xpath","value":"//bdi[contains(text(), \"Save\")]"}
COMMAND: POST /session/b65fc9896dbbad70d7119bd0d8ca6151/element/f.B1DE806DB4DF8D130682F5CACC3F0FDB.d.BC886E6F2A6EBF3C8BA02E1A46D471E1.e.5061/click - {}
RESULT: {}
COMMAND: GET /session/b65fc9896dbbad70d7119bd0d8ca6151/screenshot - {}
RESULT: {}
COMMAND: POST /session/b65fc9896dbbad70d7119bd0d8ca6151/element - {"using":"css selector","value":"#shell-header-logo"}
RESULT: {"using":"css selector","value":"#shell-header-logo"}
COMMAND: POST /session/b65fc9896dbbad70d7119bd0d8ca6151/element/f.B1DE806DB4DF8D130682F5CACC3F0FDB.d.BC886E6F2A6EBF3C8BA02E1A46D471E1.e.4732/click - {}
RESULT: {}
COMMAND: GET /session/b65fc9896dbbad70d7119bd0d8ca6151/screenshot - {}
RESULT: {}
]]></system-out>
    </testcase>
    <testcase classname="chrome.137_0_7151_69.windows.Standard_contract_-_add_contract_items_by_Insert_Request_US118222" name="Should create a new contract" time="93.014">
      <system-out><![CDATA[
COMMAND: POST /session/b65fc9896dbbad70d7119bd0d8ca6151/execute/async - {"script":"<script> [1562 bytes]","args":[{"selector":{"controlType":"sap.m.GenericTile","properties":{"header":"Manage Contracts"}},"wdio_ui5_key":"sapm.GenericTile{\"header\":\"Manage Contracts\"}"}]}
RESULT: {"script":"<script> [1562 bytes]","args":[{"selector":{"controlType":"sap.m.GenericTile","properties":{"header":"Manage Contracts"}},"wdio_ui5_key":"sapm.GenericTile{\"header\":\"Manage Contracts\"}"}]}
RESULT: undefined
COMMAND: POST /session/b65fc9896dbbad70d7119bd0d8ca6151/element - {"using":"xpath","value":"//*[@id=\"__tile135\"]"}
RESULT: {"using":"xpath","value":"//*[@id=\"__tile135\"]"}
COMMAND: POST /session/b65fc9896dbbad70d7119bd0d8ca6151/element/f.B1DE806DB4DF8D130682F5CACC3F0FDB.d.BC886E6F2A6EBF3C8BA02E1A46D471E1.e.5094/click - {}
RESULT: {}
COMMAND: GET /session/b65fc9896dbbad70d7119bd0d8ca6151/screenshot - {}
RESULT: {}
COMMAND: POST /session/b65fc9896dbbad70d7119bd0d8ca6151/elements - {"using":"xpath","value":"//span[text()='Error']"}
RESULT: {"using":"xpath","value":"//span[text()='Error']"}
COMMAND: POST /session/b65fc9896dbbad70d7119bd0d8ca6151/element - {"using":"xpath","value":"//button[@data-kt=\"addButton\"]"}
RESULT: {"using":"xpath","value":"//button[@data-kt=\"addButton\"]"}
COMMAND: POST /session/b65fc9896dbbad70d7119bd0d8ca6151/element/f.B1DE806DB4DF8D130682F5CACC3F0FDB.d.BC886E6F2A6EBF3C8BA02E1A46D471E1.e.5146/click - {}
RESULT: {}
COMMAND: GET /session/b65fc9896dbbad70d7119bd0d8ca6151/screenshot - {}
RESULT: {}
COMMAND: POST /session/b65fc9896dbbad70d7119bd0d8ca6151/execute/async - {"script":"<script> [1562 bytes]","args":[{"selector":{"id":"application-managecontracts-display-component---AddNewContract--projectDescription","interaction":{"idSuffix":"inner"}},"wdio_ui5_key":"applicationmanagecontracts-display-component---AddNewContract--projectDescription"}]}
RESULT: {"script":"<script> [1562 bytes]","args":[{"selector":{"id":"application-managecontracts-display-component---AddNewContract--projectDescription","interaction":{"idSuffix":"inner"}},"wdio_ui5_key":"applicationmanagecontracts-display-component---AddNewContract--projectDescription"}]}
RESULT: undefined
COMMAND: POST /session/b65fc9896dbbad70d7119bd0d8ca6151/execute/async - {"script":"<script> [776 bytes]","args":[{"enterText":"WdIOTest0yi76","selector":{"id":"application-managecontracts-display-component---AddNewContract--projectDescription","interaction":{"idSuffix":"inner"}},"clearTextFirst":true,"interactionType":"ENTER_TEXT"}]}
RESULT: {"script":"<script> [776 bytes]","args":[{"enterText":"WdIOTest0yi76","selector":{"id":"application-managecontracts-display-component---AddNewContract--projectDescription","interaction":{"idSuffix":"inner"}},"clearTextFirst":true,"interactionType":"ENTER_TEXT"}]}
COMMAND: POST /session/b65fc9896dbbad70d7119bd0d8ca6151/element - {"using":"xpath","value":"//input[@id=\"application-managecontracts-display-component---AddNewContract--yardId-inner\"]"}
RESULT: {"using":"xpath","value":"//input[@id=\"application-managecontracts-display-component---AddNewContract--yardId-inner\"]"}
COMMAND: POST /session/b65fc9896dbbad70d7119bd0d8ca6151/element/f.B1DE806DB4DF8D130682F5CACC3F0FDB.d.BC886E6F2A6EBF3C8BA02E1A46D471E1.e.5407/clear - {}
RESULT: {}
COMMAND: POST /session/b65fc9896dbbad70d7119bd0d8ca6151/element/f.B1DE806DB4DF8D130682F5CACC3F0FDB.d.BC886E6F2A6EBF3C8BA02E1A46D471E1.e.5407/value - {"text":"WebdriverYardiuaq2g"}
COMMAND: GET /session/b65fc9896dbbad70d7119bd0d8ca6151/screenshot - {}
RESULT: {"text":"WebdriverYardiuaq2g"}
COMMAND: GET /session/b65fc9896dbbad70d7119bd0d8ca6151/screenshot - {}
RESULT: {}
RESULT: {}
COMMAND: POST /session/b65fc9896dbbad70d7119bd0d8ca6151/actions - {"actions":[{"id":"action21","type":"key","parameters":{},"actions":[{"type":"keyDown","value":""},{"type":"pause","duration":10},{"type":"keyUp","value":""}]}]}
RESULT: {"actions":[{"id":"action21","type":"key","parameters":{},"actions":[{"type":"keyDown","value":""},{"type":"pause","duration":10},{"type":"keyUp","value":""}]}]}
COMMAND: GET /session/b65fc9896dbbad70d7119bd0d8ca6151/screenshot - {}
RESULT: {}
COMMAND: POST /session/b65fc9896dbbad70d7119bd0d8ca6151/element - {"using":"xpath","value":"//input[@id=\"application-managecontracts-display-component---AddNewContract--customerSelect-inner\"]"}
RESULT: {"using":"xpath","value":"//input[@id=\"application-managecontracts-display-component---AddNewContract--customerSelect-inner\"]"}
COMMAND: POST /session/b65fc9896dbbad70d7119bd0d8ca6151/element/f.B1DE806DB4DF8D130682F5CACC3F0FDB.d.BC886E6F2A6EBF3C8BA02E1A46D471E1.e.5405/clear - {}
RESULT: {}
COMMAND: POST /session/b65fc9896dbbad70d7119bd0d8ca6151/element/f.B1DE806DB4DF8D130682F5CACC3F0FDB.d.BC886E6F2A6EBF3C8BA02E1A46D471E1.e.5405/value - {"text":"WebdriverPartner9q6jjg"}
COMMAND: GET /session/b65fc9896dbbad70d7119bd0d8ca6151/screenshot - {}
RESULT: {"text":"WebdriverPartner9q6jjg"}
COMMAND: GET /session/b65fc9896dbbad70d7119bd0d8ca6151/screenshot - {}
RESULT: {}
RESULT: {}
COMMAND: POST /session/b65fc9896dbbad70d7119bd0d8ca6151/actions - {"actions":[{"id":"action22","type":"key","parameters":{},"actions":[{"type":"keyDown","value":""},{"type":"pause","duration":10},{"type":"keyUp","value":""}]}]}
RESULT: {"actions":[{"id":"action22","type":"key","parameters":{},"actions":[{"type":"keyDown","value":""},{"type":"pause","duration":10},{"type":"keyUp","value":""}]}]}
COMMAND: GET /session/b65fc9896dbbad70d7119bd0d8ca6151/screenshot - {}
RESULT: {}
COMMAND: POST /session/b65fc9896dbbad70d7119bd0d8ca6151/element - {"using":"xpath","value":"//input[@id=\"application-managecontracts-display-component---AddNewContract--site-inner\"]"}
RESULT: {"using":"xpath","value":"//input[@id=\"application-managecontracts-display-component---AddNewContract--site-inner\"]"}
COMMAND: POST /session/b65fc9896dbbad70d7119bd0d8ca6151/element/f.B1DE806DB4DF8D130682F5CACC3F0FDB.d.BC886E6F2A6EBF3C8BA02E1A46D471E1.e.5406/clear - {}
RESULT: {}
COMMAND: POST /session/b65fc9896dbbad70d7119bd0d8ca6151/element/f.B1DE806DB4DF8D130682F5CACC3F0FDB.d.BC886E6F2A6EBF3C8BA02E1A46D471E1.e.5406/value - {"text":"WebdriverSite0ndr7"}
COMMAND: GET /session/b65fc9896dbbad70d7119bd0d8ca6151/screenshot - {}
RESULT: {"text":"WebdriverSite0ndr7"}
COMMAND: GET /session/b65fc9896dbbad70d7119bd0d8ca6151/screenshot - {}
RESULT: {}
RESULT: {}
COMMAND: POST /session/b65fc9896dbbad70d7119bd0d8ca6151/actions - {"actions":[{"id":"action23","type":"key","parameters":{},"actions":[{"type":"keyDown","value":""},{"type":"pause","duration":10},{"type":"keyUp","value":""}]}]}
RESULT: {"actions":[{"id":"action23","type":"key","parameters":{},"actions":[{"type":"keyDown","value":""},{"type":"pause","duration":10},{"type":"keyUp","value":""}]}]}
COMMAND: GET /session/b65fc9896dbbad70d7119bd0d8ca6151/screenshot - {}
RESULT: {}
COMMAND: POST /session/b65fc9896dbbad70d7119bd0d8ca6151/element - {"using":"xpath","value":"//button[@data-kt=\"saveButton\"]"}
RESULT: {"using":"xpath","value":"//button[@data-kt=\"saveButton\"]"}
COMMAND: POST /session/b65fc9896dbbad70d7119bd0d8ca6151/element/f.B1DE806DB4DF8D130682F5CACC3F0FDB.d.BC886E6F2A6EBF3C8BA02E1A46D471E1.e.5483/click - {}
RESULT: {}
COMMAND: GET /session/b65fc9896dbbad70d7119bd0d8ca6151/screenshot - {}
RESULT: {}
COMMAND: POST /session/b65fc9896dbbad70d7119bd0d8ca6151/execute/async - {"script":"<script> [1562 bytes]","args":[{"selector":{"id":"contractDetailTitleNoExpanded","viewName":"etm.portal.ui.managecontracts.view.Detail"},"wdio_ui5_key":"contractDetailTitleNoExpandedetmportal.ui.managecontracts.view.Detail"}]}
RESULT: {"script":"<script> [1562 bytes]","args":[{"selector":{"id":"contractDetailTitleNoExpanded","viewName":"etm.portal.ui.managecontracts.view.Detail"},"wdio_ui5_key":"contractDetailTitleNoExpandedetmportal.ui.managecontracts.view.Detail"}]}
RESULT: undefined
COMMAND: POST /session/b65fc9896dbbad70d7119bd0d8ca6151/execute/async - {"script":"<script> [6424 bytes]","args":[{"element-6066-11e4-a52e-4f735466cecf":"f.B1DE806DB4DF8D130682F5CACC3F0FDB.d.BC886E6F2A6EBF3C8BA02E1A46D471E1.e.5561"},"getText",[]]}
RESULT: {"script":"<script> [6424 bytes]","args":[{"element-6066-11e4-a52e-4f735466cecf":"f.B1DE806DB4DF8D130682F5CACC3F0FDB.d.BC886E6F2A6EBF3C8BA02E1A46D471E1.e.5561"},"getText",[]]}
]]></system-out>
    </testcase>
    <testcase classname="chrome.137_0_7151_69.windows.Standard_contract_-_add_contract_items_by_Insert_Request_US118222" name="Should create a new request and plan it" time="158.284">
      <system-out><![CDATA[
COMMAND: POST /session/b65fc9896dbbad70d7119bd0d8ca6151/element - {"using":"css selector","value":"#shell-header-logo"}
RESULT: {"using":"css selector","value":"#shell-header-logo"}
COMMAND: POST /session/b65fc9896dbbad70d7119bd0d8ca6151/element/f.B1DE806DB4DF8D130682F5CACC3F0FDB.d.BC886E6F2A6EBF3C8BA02E1A46D471E1.e.5096/click - {}
RESULT: {}
COMMAND: GET /session/b65fc9896dbbad70d7119bd0d8ca6151/screenshot - {}
RESULT: {}
COMMAND: POST /session/b65fc9896dbbad70d7119bd0d8ca6151/execute/async - {"script":"<script> [1562 bytes]","args":[{"selector":{"controlType":"sap.m.GenericTile","properties":{"header":"Manage Requests"}},"wdio_ui5_key":"sapm.GenericTile{\"header\":\"Manage Requests\"}"}]}
RESULT: {"script":"<script> [1562 bytes]","args":[{"selector":{"controlType":"sap.m.GenericTile","properties":{"header":"Manage Requests"}},"wdio_ui5_key":"sapm.GenericTile{\"header\":\"Manage Requests\"}"}]}
RESULT: undefined
COMMAND: POST /session/b65fc9896dbbad70d7119bd0d8ca6151/element - {"using":"xpath","value":"//*[@id=\"__tile48\"]"}
RESULT: {"using":"xpath","value":"//*[@id=\"__tile48\"]"}
COMMAND: POST /session/b65fc9896dbbad70d7119bd0d8ca6151/element/f.B1DE806DB4DF8D130682F5CACC3F0FDB.d.BC886E6F2A6EBF3C8BA02E1A46D471E1.e.5566/click - {}
RESULT: {}
COMMAND: GET /session/b65fc9896dbbad70d7119bd0d8ca6151/screenshot - {}
RESULT: {}
COMMAND: POST /session/b65fc9896dbbad70d7119bd0d8ca6151/elements - {"using":"xpath","value":"//span[text()='Error']"}
RESULT: {"using":"xpath","value":"//span[text()='Error']"}
COMMAND: POST /session/b65fc9896dbbad70d7119bd0d8ca6151/element - {"using":"xpath","value":"//button[contains(@data-kt ,\"btnCreateNewOverflowToolbarButton\")]"}
COMMAND: POST /session/b65fc9896dbbad70d7119bd0d8ca6151/element - {"using":"xpath","value":"(//span[contains(@class ,\"sapMObjStatusText\")])[1]"}
RESULT: {"using":"xpath","value":"//button[contains(@data-kt ,\"btnCreateNewOverflowToolbarButton\")]"}
COMMAND: POST /session/b65fc9896dbbad70d7119bd0d8ca6151/element/f.B1DE806DB4DF8D130682F5CACC3F0FDB.d.BC886E6F2A6EBF3C8BA02E1A46D471E1.e.5640/click - {}
RESULT: {"using":"xpath","value":"(//span[contains(@class ,\"sapMObjStatusText\")])[1]"}
COMMAND: POST /session/b65fc9896dbbad70d7119bd0d8ca6151/execute/sync - {"script":"<script> [8489 bytes]","args":[{"element-6066-11e4-a52e-4f735466cecf":"f.B1DE806DB4DF8D130682F5CACC3F0FDB.d.BC886E6F2A6EBF3C8BA02E1A46D471E1.e.5674","ELEMENT":"f.B1DE806DB4DF8D130682F5CACC3F0FDB.d.BC886E6F2A6EBF3C8BA02E1A46D471E1.e.5674"}]}
RESULT: {}
COMMAND: GET /session/b65fc9896dbbad70d7119bd0d8ca6151/screenshot - {}
RESULT: {"script":"<script> [8489 bytes]","args":[{"element-6066-11e4-a52e-4f735466cecf":"f.B1DE806DB4DF8D130682F5CACC3F0FDB.d.BC886E6F2A6EBF3C8BA02E1A46D471E1.e.5674","ELEMENT":"f.B1DE806DB4DF8D130682F5CACC3F0FDB.d.BC886E6F2A6EBF3C8BA02E1A46D471E1.e.5674"}]}
COMMAND: GET /session/b65fc9896dbbad70d7119bd0d8ca6151/screenshot - {}
RESULT: {}
RESULT: {}
COMMAND: POST /session/b65fc9896dbbad70d7119bd0d8ca6151/element - {"using":"xpath","value":"//input[contains(@id ,\"yardId-inner\")]"}
RESULT: {"using":"xpath","value":"//input[contains(@id ,\"yardId-inner\")]"}
COMMAND: POST /session/b65fc9896dbbad70d7119bd0d8ca6151/execute/sync - {"script":"<script> [8489 bytes]","args":[{"element-6066-11e4-a52e-4f735466cecf":"f.B1DE806DB4DF8D130682F5CACC3F0FDB.d.BC886E6F2A6EBF3C8BA02E1A46D471E1.e.5755","ELEMENT":"f.B1DE806DB4DF8D130682F5CACC3F0FDB.d.BC886E6F2A6EBF3C8BA02E1A46D471E1.e.5755"}]}
RESULT: {"script":"<script> [8489 bytes]","args":[{"element-6066-11e4-a52e-4f735466cecf":"f.B1DE806DB4DF8D130682F5CACC3F0FDB.d.BC886E6F2A6EBF3C8BA02E1A46D471E1.e.5755","ELEMENT":"f.B1DE806DB4DF8D130682F5CACC3F0FDB.d.BC886E6F2A6EBF3C8BA02E1A46D471E1.e.5755"}]}
COMMAND: POST /session/b65fc9896dbbad70d7119bd0d8ca6151/element - {"using":"xpath","value":"//input[contains(@id ,\"requestContractNo-inner\")]"}
COMMAND: POST /session/b65fc9896dbbad70d7119bd0d8ca6151/element - {"using":"xpath","value":"//input[contains(@id ,\"requestContractNo-inner\")]"}
COMMAND: GET /session/b65fc9896dbbad70d7119bd0d8ca6151/screenshot - {}
RESULT: {}
RESULT: {"using":"xpath","value":"//input[contains(@id ,\"requestContractNo-inner\")]"}
COMMAND: GET /session/b65fc9896dbbad70d7119bd0d8ca6151/element/f.B1DE806DB4DF8D130682F5CACC3F0FDB.d.BC886E6F2A6EBF3C8BA02E1A46D471E1.e.5750/enabled - {}
RESULT: {"using":"xpath","value":"//input[contains(@id ,\"requestContractNo-inner\")]"}
COMMAND: POST /session/b65fc9896dbbad70d7119bd0d8ca6151/element/f.B1DE806DB4DF8D130682F5CACC3F0FDB.d.BC886E6F2A6EBF3C8BA02E1A46D471E1.e.5750/value - {"text":"10181"}
RESULT: {}
COMMAND: GET /session/b65fc9896dbbad70d7119bd0d8ca6151/screenshot - {}
RESULT: {"text":"10181"}
COMMAND: GET /session/b65fc9896dbbad70d7119bd0d8ca6151/screenshot - {}
RESULT: {}
RESULT: {}
COMMAND: POST /session/b65fc9896dbbad70d7119bd0d8ca6151/actions - {"actions":[{"id":"action24","type":"key","parameters":{},"actions":[{"type":"keyDown","value":""},{"type":"pause","duration":10},{"type":"keyUp","value":""}]}]}
RESULT: {"actions":[{"id":"action24","type":"key","parameters":{},"actions":[{"type":"keyDown","value":""},{"type":"pause","duration":10},{"type":"keyUp","value":""}]}]}
COMMAND: GET /session/b65fc9896dbbad70d7119bd0d8ca6151/screenshot - {}
RESULT: {}
COMMAND: POST /session/b65fc9896dbbad70d7119bd0d8ca6151/execute/async - {"script":"<script> [1562 bytes]","args":[{"selector":{"controlType":"sap.ui.core.Icon","viewName":"etm.portal.ui.managerequests.view.NewRequest","properties":{"src":{"regex":{"source":"add"}}}},"wdio_ui5_key":"etmportal.ui.managerequests.view.NewRequestsap.ui.core.Icon{\"src\":{\"regex\":{\"source\":\"add\"}}}"}]}
RESULT: {"script":"<script> [1562 bytes]","args":[{"selector":{"controlType":"sap.ui.core.Icon","viewName":"etm.portal.ui.managerequests.view.NewRequest","properties":{"src":{"regex":{"source":"add"}}}},"wdio_ui5_key":"etmportal.ui.managerequests.view.NewRequestsap.ui.core.Icon{\"src\":{\"regex\":{\"source\":\"add\"}}}"}]}
RESULT: undefined
COMMAND: POST /session/b65fc9896dbbad70d7119bd0d8ca6151/element - {"using":"xpath","value":"//*[@id=\"__xmlview62--btnAddTableRow-img\"]"}
RESULT: {"using":"xpath","value":"//*[@id=\"__xmlview62--btnAddTableRow-img\"]"}
COMMAND: POST /session/b65fc9896dbbad70d7119bd0d8ca6151/element/f.B1DE806DB4DF8D130682F5CACC3F0FDB.d.BC886E6F2A6EBF3C8BA02E1A46D471E1.e.5933/click - {}
RESULT: {}
COMMAND: GET /session/b65fc9896dbbad70d7119bd0d8ca6151/screenshot - {}
RESULT: {}
COMMAND: POST /session/b65fc9896dbbad70d7119bd0d8ca6151/execute/async - {"script":"<script> [1562 bytes]","args":[{"selector":{"controlType":"sap.ui.unified.MenuItem","viewName":"etm.portal.ui.managerequests.view.NewRequest","i18NText":{"propertyName":"text","key":"standardEntry"},"searchOpenDialogs":true,"interaction":{"idSuffix":"txt"}},"wdio_ui5_key":"etmportal.ui.managerequests.view.NewRequestsap.ui.unified.MenuItem{\"propertyName\":\"text\",\"key\":\"standardEntry\"}"}]}
RESULT: {"script":"<script> [1562 bytes]","args":[{"selector":{"controlType":"sap.ui.unified.MenuItem","viewName":"etm.portal.ui.managerequests.view.NewRequest","i18NText":{"propertyName":"text","key":"standardEntry"},"searchOpenDialogs":true,"interaction":{"idSuffix":"txt"}},"wdio_ui5_key":"etmportal.ui.managerequests.view.NewRequestsap.ui.unified.MenuItem{\"propertyName\":\"text\",\"key\":\"standardEntry\"}"}]}
RESULT: undefined
COMMAND: POST /session/b65fc9896dbbad70d7119bd0d8ca6151/element - {"using":"xpath","value":"//*[@id=\"__item1049\"]"}
RESULT: {"using":"xpath","value":"//*[@id=\"__item1049\"]"}
COMMAND: POST /session/b65fc9896dbbad70d7119bd0d8ca6151/element/f.B1DE806DB4DF8D130682F5CACC3F0FDB.d.BC886E6F2A6EBF3C8BA02E1A46D471E1.e.5937/click - {}
RESULT: {}
COMMAND: GET /session/b65fc9896dbbad70d7119bd0d8ca6151/screenshot - {}
RESULT: {}
RESULT: undefined
COMMAND: POST /session/b65fc9896dbbad70d7119bd0d8ca6151/element - {"using":"xpath","value":"//*[@id=\"__xmlview62--btnAddTableRow-img\"]"}
RESULT: {"using":"xpath","value":"//*[@id=\"__xmlview62--btnAddTableRow-img\"]"}
COMMAND: POST /session/b65fc9896dbbad70d7119bd0d8ca6151/element/f.B1DE806DB4DF8D130682F5CACC3F0FDB.d.BC886E6F2A6EBF3C8BA02E1A46D471E1.e.5933/click - {}
RESULT: {}
COMMAND: GET /session/b65fc9896dbbad70d7119bd0d8ca6151/screenshot - {}
RESULT: {}
RESULT: undefined
COMMAND: POST /session/b65fc9896dbbad70d7119bd0d8ca6151/element - {"using":"xpath","value":"//*[@id=\"__item1049\"]"}
RESULT: {"using":"xpath","value":"//*[@id=\"__item1049\"]"}
COMMAND: POST /session/b65fc9896dbbad70d7119bd0d8ca6151/element/f.B1DE806DB4DF8D130682F5CACC3F0FDB.d.BC886E6F2A6EBF3C8BA02E1A46D471E1.e.5949/click - {}
RESULT: {}
COMMAND: GET /session/b65fc9896dbbad70d7119bd0d8ca6151/screenshot - {}
RESULT: {}
COMMAND: POST /session/b65fc9896dbbad70d7119bd0d8ca6151/element - {"using":"xpath","value":"(//input[contains(@id ,\"requestItemsTable-0-inner\")])[1]"}
RESULT: {"using":"xpath","value":"(//input[contains(@id ,\"requestItemsTable-0-inner\")])[1]"}
COMMAND: POST /session/b65fc9896dbbad70d7119bd0d8ca6151/element/f.B1DE806DB4DF8D130682F5CACC3F0FDB.d.BC886E6F2A6EBF3C8BA02E1A46D471E1.e.5939/clear - {}
RESULT: {}
COMMAND: POST /session/b65fc9896dbbad70d7119bd0d8ca6151/element/f.B1DE806DB4DF8D130682F5CACC3F0FDB.d.BC886E6F2A6EBF3C8BA02E1A46D471E1.e.5939/value - {"text":"catalogItemadhkel"}
COMMAND: GET /session/b65fc9896dbbad70d7119bd0d8ca6151/screenshot - {}
RESULT: {"text":"catalogItemadhkel"}
COMMAND: GET /session/b65fc9896dbbad70d7119bd0d8ca6151/screenshot - {}
RESULT: {}
RESULT: {}
COMMAND: POST /session/b65fc9896dbbad70d7119bd0d8ca6151/actions - {"actions":[{"id":"action25","type":"key","parameters":{},"actions":[{"type":"keyDown","value":""},{"type":"pause","duration":10},{"type":"keyUp","value":""}]}]}
RESULT: {"actions":[{"id":"action25","type":"key","parameters":{},"actions":[{"type":"keyDown","value":""},{"type":"pause","duration":10},{"type":"keyUp","value":""}]}]}
COMMAND: POST /session/b65fc9896dbbad70d7119bd0d8ca6151/element - {"using":"xpath","value":"(//input[contains(@id ,\"requestItemsTable-1-inner\")])[1]"}
COMMAND: GET /session/b65fc9896dbbad70d7119bd0d8ca6151/screenshot - {}
RESULT: {"using":"xpath","value":"(//input[contains(@id ,\"requestItemsTable-1-inner\")])[1]"}
COMMAND: POST /session/b65fc9896dbbad70d7119bd0d8ca6151/element/f.B1DE806DB4DF8D130682F5CACC3F0FDB.d.BC886E6F2A6EBF3C8BA02E1A46D471E1.e.5951/clear - {}
RESULT: {}
RESULT: {}
COMMAND: POST /session/b65fc9896dbbad70d7119bd0d8ca6151/element/f.B1DE806DB4DF8D130682F5CACC3F0FDB.d.BC886E6F2A6EBF3C8BA02E1A46D471E1.e.5951/value - {"text":"catalogItemadhkel"}
COMMAND: GET /session/b65fc9896dbbad70d7119bd0d8ca6151/screenshot - {}
RESULT: {"text":"catalogItemadhkel"}
COMMAND: GET /session/b65fc9896dbbad70d7119bd0d8ca6151/screenshot - {}
RESULT: {}
RESULT: {}
COMMAND: POST /session/b65fc9896dbbad70d7119bd0d8ca6151/actions - {"actions":[{"id":"action26","type":"key","parameters":{},"actions":[{"type":"keyDown","value":""},{"type":"pause","duration":10},{"type":"keyUp","value":""}]}]}
RESULT: {"actions":[{"id":"action26","type":"key","parameters":{},"actions":[{"type":"keyDown","value":""},{"type":"pause","duration":10},{"type":"keyUp","value":""}]}]}
COMMAND: GET /session/b65fc9896dbbad70d7119bd0d8ca6151/screenshot - {}
RESULT: {}
COMMAND: POST /session/b65fc9896dbbad70d7119bd0d8ca6151/execute/async - {"script":"<script> [1562 bytes]","args":[{"selector":{"controlType":"sap.ui.core.Icon","viewName":"etm.portal.ui.managerequests.view.NewRequest","properties":{"src":{"regex":{"source":"slim\\-arrow\\-down"}}},"ancestor":{"controlType":"sap.m.Button","viewName":"etm.portal.ui.managerequests.view.NewRequest","properties":{"icon":"sap-icon://slim-arrow-down"}}},"wdio_ui5_key":"etmportal.ui.managerequests.view.NewRequestsap.ui.core.Icon{\"src\":{\"regex\":{\"source\":\"slim\\\\-arrow\\\\-down\"}}}{\"controlType\":\"sap.m.Button\",\"viewName\":\"etm.portal.ui.managerequests.view.NewRequest\",\"properties\":{\"icon\":\"sap-icon://slim-arrow-down\"}}"}]}
RESULT: {"script":"<script> [1562 bytes]","args":[{"selector":{"controlType":"sap.ui.core.Icon","viewName":"etm.portal.ui.managerequests.view.NewRequest","properties":{"src":{"regex":{"source":"slim\\-arrow\\-down"}}},"ancestor":{"controlType":"sap.m.Button","viewName":"etm.portal.ui.managerequests.view.NewRequest","properties":{"icon":"sap-icon://slim-arrow-down"}}},"wdio_ui5_key":"etmportal.ui.managerequests.view.NewRequestsap.ui.core.Icon{\"src\":{\"regex\":{\"source\":\"slim\\\\-arrow\\\\-down\"}}}{\"controlType\":\"sap.m.Button\",\"viewName\":\"etm.portal.ui.managerequests.view.NewRequest\",\"properties\":{\"icon\":\"sap-icon://slim-arrow-down\"}}"}]}
RESULT: undefined
COMMAND: POST /session/b65fc9896dbbad70d7119bd0d8ca6151/element - {"using":"xpath","value":"//*[@id=\"__title47-expandBtn-img\"]"}
RESULT: {"using":"xpath","value":"//*[@id=\"__title47-expandBtn-img\"]"}
COMMAND: POST /session/b65fc9896dbbad70d7119bd0d8ca6151/element/f.B1DE806DB4DF8D130682F5CACC3F0FDB.d.BC886E6F2A6EBF3C8BA02E1A46D471E1.e.5971/click - {}
RESULT: {}
COMMAND: POST /session/b65fc9896dbbad70d7119bd0d8ca6151/element - {"using":"xpath","value":"//div[contains(@data-kt ,\"splitAllocationObjectStatus\")]"}
COMMAND: GET /session/b65fc9896dbbad70d7119bd0d8ca6151/screenshot - {}
RESULT: {"using":"xpath","value":"//div[contains(@data-kt ,\"splitAllocationObjectStatus\")]"}
COMMAND: POST /session/b65fc9896dbbad70d7119bd0d8ca6151/elements - {"using":"xpath","value":"//div[contains(@data-kt ,\"splitAllocationObjectStatus\")]"}
RESULT: {}
RESULT: {"using":"xpath","value":"//div[contains(@data-kt ,\"splitAllocationObjectStatus\")]"}
COMMAND: POST /session/b65fc9896dbbad70d7119bd0d8ca6151/execute/async - {"script":"<script> [1562 bytes]","args":[{"selector":{"controlType":"sap.ui.core.Icon","viewName":"etm.portal.ui.managerequests.view.NewRequest","properties":{"src":{"regex":{"source":"message\\-error"}}},"ancestor":{"controlType":"sap.m.ColumnListItem","viewName":"etm.portal.ui.managerequests.view.NewRequest","bindingPath":{"modelName":"newRequestItems","path":"/RequestItems/0"},"ancestor":{"id":"requestItemsTable","viewName":"etm.portal.ui.managerequests.view.NewRequest"}}},"wdio_ui5_key":"etmportal.ui.managerequests.view.NewRequestsap.ui.core.Icon{\"src\":{\"regex\":{\"source\":\"message\\\\-error\"}}}{\"controlType\":\"sap.m.ColumnListItem\",\"viewName\":\"etm.portal.ui.managerequests.view.NewRequest\",\"bindingPath\":{\"modelName\":\"newRequestItems\",\"path\":\"/RequestItems/0\"},\"ancestor\":{\"id\":\"requestItemsTable\",\"viewName\":\"etm.portal.ui.managerequests.view.NewRequest\"}}"}]}
RESULT: {"script":"<script> [1562 bytes]","args":[{"selector":{"controlType":"sap.ui.core.Icon","viewName":"etm.portal.ui.managerequests.view.NewRequest","properties":{"src":{"regex":{"source":"message\\-error"}}},"ancestor":{"controlType":"sap.m.ColumnListItem","viewName":"etm.portal.ui.managerequests.view.NewRequest","bindingPath":{"modelName":"newRequestItems","path":"/RequestItems/0"},"ancestor":{"id":"requestItemsTable","viewName":"etm.portal.ui.managerequests.view.NewRequest"}}},"wdio_ui5_key":"etmportal.ui.managerequests.view.NewRequestsap.ui.core.Icon{\"src\":{\"regex\":{\"source\":\"message\\\\-error\"}}}{\"controlType\":\"sap.m.ColumnListItem\",\"viewName\":\"etm.portal.ui.managerequests.view.NewRequest\",\"bindingPath\":{\"modelName\":\"newRequestItems\",\"path\":\"/RequestItems/0\"},\"ancestor\":{\"id\":\"requestItemsTable\",\"viewName\":\"etm.portal.ui.managerequests.view.NewRequest\"}}"}]}
RESULT: undefined
COMMAND: POST /session/b65fc9896dbbad70d7119bd0d8ca6151/element - {"using":"xpath","value":"//*[@id=\"__status15-__xmlview62--requestItemsTable-0-icon\"]"}
RESULT: {"using":"xpath","value":"//*[@id=\"__status15-__xmlview62--requestItemsTable-0-icon\"]"}
COMMAND: POST /session/b65fc9896dbbad70d7119bd0d8ca6151/element/f.B1DE806DB4DF8D130682F5CACC3F0FDB.d.BC886E6F2A6EBF3C8BA02E1A46D471E1.e.5978/click - {}
RESULT: {}
COMMAND: GET /session/b65fc9896dbbad70d7119bd0d8ca6151/screenshot - {}
RESULT: {}
COMMAND: POST /session/b65fc9896dbbad70d7119bd0d8ca6151/execute/async - {"script":"<script> [1562 bytes]","args":[{"selector":{"id":"costObjectAdminTypeComboBox","viewName":"etm.portal.ui.managerequests.view.NewRequest","searchOpenDialogs":true,"interaction":{"idSuffix":"inner"}},"wdio_ui5_key":"costObjectAdminTypeComboBoxetmportal.ui.managerequests.view.NewRequest"}]}
RESULT: {"script":"<script> [1562 bytes]","args":[{"selector":{"id":"costObjectAdminTypeComboBox","viewName":"etm.portal.ui.managerequests.view.NewRequest","searchOpenDialogs":true,"interaction":{"idSuffix":"inner"}},"wdio_ui5_key":"costObjectAdminTypeComboBoxetmportal.ui.managerequests.view.NewRequest"}]}
RESULT: undefined
COMMAND: POST /session/b65fc9896dbbad70d7119bd0d8ca6151/execute/async - {"script":"<script> [776 bytes]","args":[{"enterText":"Cost Center","selector":{"id":"costObjectAdminTypeComboBox","viewName":"etm.portal.ui.managerequests.view.NewRequest","searchOpenDialogs":true,"interaction":{"idSuffix":"inner"}},"clearTextFirst":true,"interactionType":"ENTER_TEXT"}]}
RESULT: {"script":"<script> [776 bytes]","args":[{"enterText":"Cost Center","selector":{"id":"costObjectAdminTypeComboBox","viewName":"etm.portal.ui.managerequests.view.NewRequest","searchOpenDialogs":true,"interaction":{"idSuffix":"inner"}},"clearTextFirst":true,"interactionType":"ENTER_TEXT"}]}
COMMAND: POST /session/b65fc9896dbbad70d7119bd0d8ca6151/actions - {"actions":[{"id":"action27","type":"key","parameters":{},"actions":[{"type":"keyDown","value":""},{"type":"pause","duration":10},{"type":"keyUp","value":""}]}]}
RESULT: {"actions":[{"id":"action27","type":"key","parameters":{},"actions":[{"type":"keyDown","value":""},{"type":"pause","duration":10},{"type":"keyUp","value":""}]}]}
COMMAND: GET /session/b65fc9896dbbad70d7119bd0d8ca6151/screenshot - {}
RESULT: {}
COMMAND: POST /session/b65fc9896dbbad70d7119bd0d8ca6151/execute/async - {"script":"<script> [1562 bytes]","args":[{"selector":{"controlType":"sap.ui.core.Icon","viewName":"etm.portal.ui.managerequests.view.NewRequest","properties":{"src":{"regex":{"source":"value\\-help"}}},"searchOpenDialogs":true},"wdio_ui5_key":"etmportal.ui.managerequests.view.NewRequestsap.ui.core.Icon{\"src\":{\"regex\":{\"source\":\"value\\\\-help\"}}}"}]}
RESULT: {"script":"<script> [1562 bytes]","args":[{"selector":{"controlType":"sap.ui.core.Icon","viewName":"etm.portal.ui.managerequests.view.NewRequest","properties":{"src":{"regex":{"source":"value\\-help"}}},"searchOpenDialogs":true},"wdio_ui5_key":"etmportal.ui.managerequests.view.NewRequestsap.ui.core.Icon{\"src\":{\"regex\":{\"source\":\"value\\\\-help\"}}}"}]}
RESULT: undefined
COMMAND: POST /session/b65fc9896dbbad70d7119bd0d8ca6151/element - {"using":"xpath","value":"//*[@id=\"__xmlview62--costObjectIdComboBox-vhi\"]"}
RESULT: {"using":"xpath","value":"//*[@id=\"__xmlview62--costObjectIdComboBox-vhi\"]"}
COMMAND: POST /session/b65fc9896dbbad70d7119bd0d8ca6151/element/f.B1DE806DB4DF8D130682F5CACC3F0FDB.d.BC886E6F2A6EBF3C8BA02E1A46D471E1.e.5990/click - {}
RESULT: {}
COMMAND: POST /session/b65fc9896dbbad70d7119bd0d8ca6151/execute/async - {"script":"<script> [1562 bytes]","args":[{"selector":{"controlType":"sap.m.SearchField","properties":{"placeholder":"Search"},"searchOpenDialogs":true,"interaction":{"idSuffix":"I"}},"wdio_ui5_key":"sapm.SearchField{\"placeholder\":\"Search\"}"}]}
COMMAND: GET /session/b65fc9896dbbad70d7119bd0d8ca6151/screenshot - {}
RESULT: {"script":"<script> [1562 bytes]","args":[{"selector":{"controlType":"sap.m.SearchField","properties":{"placeholder":"Search"},"searchOpenDialogs":true,"interaction":{"idSuffix":"I"}},"wdio_ui5_key":"sapm.SearchField{\"placeholder\":\"Search\"}"}]}
RESULT: undefined
COMMAND: POST /session/b65fc9896dbbad70d7119bd0d8ca6151/execute/async - {"script":"<script> [776 bytes]","args":[{"enterText":"10001013","selector":{"controlType":"sap.m.SearchField","properties":{"placeholder":"Search"},"searchOpenDialogs":true,"interaction":{"idSuffix":"I"}},"clearTextFirst":true,"interactionType":"ENTER_TEXT"}]}
RESULT: {}
RESULT: {"script":"<script> [776 bytes]","args":[{"enterText":"10001013","selector":{"controlType":"sap.m.SearchField","properties":{"placeholder":"Search"},"searchOpenDialogs":true,"interaction":{"idSuffix":"I"}},"clearTextFirst":true,"interactionType":"ENTER_TEXT"}]}
COMMAND: POST /session/b65fc9896dbbad70d7119bd0d8ca6151/actions - {"actions":[{"id":"action28","type":"key","parameters":{},"actions":[{"type":"keyDown","value":""},{"type":"pause","duration":10},{"type":"keyUp","value":""}]}]}
RESULT: {"actions":[{"id":"action28","type":"key","parameters":{},"actions":[{"type":"keyDown","value":""},{"type":"pause","duration":10},{"type":"keyUp","value":""}]}]}
COMMAND: GET /session/b65fc9896dbbad70d7119bd0d8ca6151/screenshot - {}
RESULT: {}
COMMAND: POST /session/b65fc9896dbbad70d7119bd0d8ca6151/element - {"using":"xpath","value":"//span[contains(text(), \"General Management\")]"}
RESULT: {"using":"xpath","value":"//span[contains(text(), \"General Management\")]"}
COMMAND: POST /session/b65fc9896dbbad70d7119bd0d8ca6151/element/f.B1DE806DB4DF8D130682F5CACC3F0FDB.d.BC886E6F2A6EBF3C8BA02E1A46D471E1.e.6029/click - {}
RESULT: {}
COMMAND: GET /session/b65fc9896dbbad70d7119bd0d8ca6151/screenshot - {}
RESULT: {}
COMMAND: POST /session/b65fc9896dbbad70d7119bd0d8ca6151/element - {"using":"xpath","value":"//bdi[contains(text(), \"OK\")]"}
RESULT: {"using":"xpath","value":"//bdi[contains(text(), \"OK\")]"}
COMMAND: POST /session/b65fc9896dbbad70d7119bd0d8ca6151/element/f.B1DE806DB4DF8D130682F5CACC3F0FDB.d.BC886E6F2A6EBF3C8BA02E1A46D471E1.e.6030/click - {}
RESULT: {}
COMMAND: GET /session/b65fc9896dbbad70d7119bd0d8ca6151/screenshot - {}
RESULT: {}
COMMAND: POST /session/b65fc9896dbbad70d7119bd0d8ca6151/element - {"using":"xpath","value":"(//bdi[contains(@id ,\"BDI-content\")][contains(text(), \"Save\")])[1]"}
RESULT: {"using":"xpath","value":"(//bdi[contains(@id ,\"BDI-content\")][contains(text(), \"Save\")])[1]"}
COMMAND: POST /session/b65fc9896dbbad70d7119bd0d8ca6151/element/f.B1DE806DB4DF8D130682F5CACC3F0FDB.d.BC886E6F2A6EBF3C8BA02E1A46D471E1.e.6034/click - {}
RESULT: {}
COMMAND: GET /session/b65fc9896dbbad70d7119bd0d8ca6151/screenshot - {}
RESULT: {}
COMMAND: POST /session/b65fc9896dbbad70d7119bd0d8ca6151/execute/async - {"script":"<script> [1562 bytes]","args":[{"selector":{"controlType":"sap.ui.core.Icon","viewName":"etm.portal.ui.managerequests.view.NewRequest","properties":{"src":{"regex":{"source":"message\\-error"}}},"ancestor":{"controlType":"sap.m.ColumnListItem","viewName":"etm.portal.ui.managerequests.view.NewRequest","bindingPath":{"modelName":"newRequestItems","path":"/RequestItems/1"},"ancestor":{"id":"requestItemsTable","viewName":"etm.portal.ui.managerequests.view.NewRequest"}}},"wdio_ui5_key":"etmportal.ui.managerequests.view.NewRequestsap.ui.core.Icon{\"src\":{\"regex\":{\"source\":\"message\\\\-error\"}}}{\"controlType\":\"sap.m.ColumnListItem\",\"viewName\":\"etm.portal.ui.managerequests.view.NewRequest\",\"bindingPath\":{\"modelName\":\"newRequestItems\",\"path\":\"/RequestItems/1\"},\"ancestor\":{\"id\":\"requestItemsTable\",\"viewName\":\"etm.portal.ui.managerequests.view.NewRequest\"}}"}]}
RESULT: {"script":"<script> [1562 bytes]","args":[{"selector":{"controlType":"sap.ui.core.Icon","viewName":"etm.portal.ui.managerequests.view.NewRequest","properties":{"src":{"regex":{"source":"message\\-error"}}},"ancestor":{"controlType":"sap.m.ColumnListItem","viewName":"etm.portal.ui.managerequests.view.NewRequest","bindingPath":{"modelName":"newRequestItems","path":"/RequestItems/1"},"ancestor":{"id":"requestItemsTable","viewName":"etm.portal.ui.managerequests.view.NewRequest"}}},"wdio_ui5_key":"etmportal.ui.managerequests.view.NewRequestsap.ui.core.Icon{\"src\":{\"regex\":{\"source\":\"message\\\\-error\"}}}{\"controlType\":\"sap.m.ColumnListItem\",\"viewName\":\"etm.portal.ui.managerequests.view.NewRequest\",\"bindingPath\":{\"modelName\":\"newRequestItems\",\"path\":\"/RequestItems/1\"},\"ancestor\":{\"id\":\"requestItemsTable\",\"viewName\":\"etm.portal.ui.managerequests.view.NewRequest\"}}"}]}
RESULT: undefined
COMMAND: POST /session/b65fc9896dbbad70d7119bd0d8ca6151/element - {"using":"xpath","value":"//*[@id=\"__status15-__xmlview62--requestItemsTable-1-icon\"]"}
RESULT: {"using":"xpath","value":"//*[@id=\"__status15-__xmlview62--requestItemsTable-1-icon\"]"}
COMMAND: POST /session/b65fc9896dbbad70d7119bd0d8ca6151/element/f.B1DE806DB4DF8D130682F5CACC3F0FDB.d.BC886E6F2A6EBF3C8BA02E1A46D471E1.e.6037/click - {}
RESULT: {}
COMMAND: GET /session/b65fc9896dbbad70d7119bd0d8ca6151/screenshot - {}
RESULT: {}
RESULT: undefined
COMMAND: POST /session/b65fc9896dbbad70d7119bd0d8ca6151/execute/async - {"script":"<script> [776 bytes]","args":[{"enterText":"Cost Center","selector":{"id":"costObjectAdminTypeComboBox","viewName":"etm.portal.ui.managerequests.view.NewRequest","searchOpenDialogs":true,"interaction":{"idSuffix":"inner"}},"clearTextFirst":true,"interactionType":"ENTER_TEXT"}]}
RESULT: {"script":"<script> [776 bytes]","args":[{"enterText":"Cost Center","selector":{"id":"costObjectAdminTypeComboBox","viewName":"etm.portal.ui.managerequests.view.NewRequest","searchOpenDialogs":true,"interaction":{"idSuffix":"inner"}},"clearTextFirst":true,"interactionType":"ENTER_TEXT"}]}
COMMAND: POST /session/b65fc9896dbbad70d7119bd0d8ca6151/actions - {"actions":[{"id":"action29","type":"key","parameters":{},"actions":[{"type":"keyDown","value":""},{"type":"pause","duration":10},{"type":"keyUp","value":""}]}]}
RESULT: {"actions":[{"id":"action29","type":"key","parameters":{},"actions":[{"type":"keyDown","value":""},{"type":"pause","duration":10},{"type":"keyUp","value":""}]}]}
COMMAND: GET /session/b65fc9896dbbad70d7119bd0d8ca6151/screenshot - {}
RESULT: {}
RESULT: undefined
COMMAND: POST /session/b65fc9896dbbad70d7119bd0d8ca6151/element - {"using":"xpath","value":"//*[@id=\"__xmlview62--costObjectIdComboBox-vhi\"]"}
RESULT: {"using":"xpath","value":"//*[@id=\"__xmlview62--costObjectIdComboBox-vhi\"]"}
COMMAND: POST /session/b65fc9896dbbad70d7119bd0d8ca6151/element/f.B1DE806DB4DF8D130682F5CACC3F0FDB.d.BC886E6F2A6EBF3C8BA02E1A46D471E1.e.6047/click - {}
RESULT: {}
RESULT: undefined
COMMAND: POST /session/b65fc9896dbbad70d7119bd0d8ca6151/execute/async - {"script":"<script> [776 bytes]","args":[{"enterText":"10001013","selector":{"controlType":"sap.m.SearchField","properties":{"placeholder":"Search"},"searchOpenDialogs":true,"interaction":{"idSuffix":"I"}},"clearTextFirst":true,"interactionType":"ENTER_TEXT"}]}
COMMAND: GET /session/b65fc9896dbbad70d7119bd0d8ca6151/screenshot - {}
RESULT: {"script":"<script> [776 bytes]","args":[{"enterText":"10001013","selector":{"controlType":"sap.m.SearchField","properties":{"placeholder":"Search"},"searchOpenDialogs":true,"interaction":{"idSuffix":"I"}},"clearTextFirst":true,"interactionType":"ENTER_TEXT"}]}
COMMAND: POST /session/b65fc9896dbbad70d7119bd0d8ca6151/actions - {"actions":[{"id":"action30","type":"key","parameters":{},"actions":[{"type":"keyDown","value":""},{"type":"pause","duration":10},{"type":"keyUp","value":""}]}]}
RESULT: {}
RESULT: {"actions":[{"id":"action30","type":"key","parameters":{},"actions":[{"type":"keyDown","value":""},{"type":"pause","duration":10},{"type":"keyUp","value":""}]}]}
COMMAND: GET /session/b65fc9896dbbad70d7119bd0d8ca6151/screenshot - {}
RESULT: {}
COMMAND: POST /session/b65fc9896dbbad70d7119bd0d8ca6151/element - {"using":"xpath","value":"//span[contains(text(), \"General Management\")]"}
RESULT: {"using":"xpath","value":"//span[contains(text(), \"General Management\")]"}
COMMAND: POST /session/b65fc9896dbbad70d7119bd0d8ca6151/element/f.B1DE806DB4DF8D130682F5CACC3F0FDB.d.BC886E6F2A6EBF3C8BA02E1A46D471E1.e.6086/click - {}
RESULT: {}
COMMAND: GET /session/b65fc9896dbbad70d7119bd0d8ca6151/screenshot - {}
RESULT: {}
COMMAND: POST /session/b65fc9896dbbad70d7119bd0d8ca6151/element - {"using":"xpath","value":"//bdi[contains(text(), \"OK\")]"}
RESULT: {"using":"xpath","value":"//bdi[contains(text(), \"OK\")]"}
COMMAND: POST /session/b65fc9896dbbad70d7119bd0d8ca6151/element/f.B1DE806DB4DF8D130682F5CACC3F0FDB.d.BC886E6F2A6EBF3C8BA02E1A46D471E1.e.6087/click - {}
RESULT: {}
COMMAND: GET /session/b65fc9896dbbad70d7119bd0d8ca6151/screenshot - {}
RESULT: {}
COMMAND: POST /session/b65fc9896dbbad70d7119bd0d8ca6151/element - {"using":"xpath","value":"(//bdi[contains(@id ,\"BDI-content\")][contains(text(), \"Save\")])[1]"}
RESULT: {"using":"xpath","value":"(//bdi[contains(@id ,\"BDI-content\")][contains(text(), \"Save\")])[1]"}
COMMAND: POST /session/b65fc9896dbbad70d7119bd0d8ca6151/element/f.B1DE806DB4DF8D130682F5CACC3F0FDB.d.BC886E6F2A6EBF3C8BA02E1A46D471E1.e.6091/click - {}
RESULT: {}
COMMAND: GET /session/b65fc9896dbbad70d7119bd0d8ca6151/screenshot - {}
RESULT: {}
COMMAND: POST /session/b65fc9896dbbad70d7119bd0d8ca6151/execute/async - {"script":"<script> [1562 bytes]","args":[{"selector":{"controlType":"sap.m.Button","viewName":"etm.portal.ui.managerequests.view.NewRequest","i18NText":{"propertyName":"tooltip","key":"save"},"interaction":{"idSuffix":"content"}},"wdio_ui5_key":"etmportal.ui.managerequests.view.NewRequestsap.m.Button{\"propertyName\":\"tooltip\",\"key\":\"save\"}"}]}
RESULT: {"script":"<script> [1562 bytes]","args":[{"selector":{"controlType":"sap.m.Button","viewName":"etm.portal.ui.managerequests.view.NewRequest","i18NText":{"propertyName":"tooltip","key":"save"},"interaction":{"idSuffix":"content"}},"wdio_ui5_key":"etmportal.ui.managerequests.view.NewRequestsap.m.Button{\"propertyName\":\"tooltip\",\"key\":\"save\"}"}]}
RESULT: undefined
COMMAND: POST /session/b65fc9896dbbad70d7119bd0d8ca6151/element - {"using":"xpath","value":"//*[@id=\"__button107\"]"}
RESULT: {"using":"xpath","value":"//*[@id=\"__button107\"]"}
COMMAND: POST /session/b65fc9896dbbad70d7119bd0d8ca6151/element/f.B1DE806DB4DF8D130682F5CACC3F0FDB.d.BC886E6F2A6EBF3C8BA02E1A46D471E1.e.5865/click - {}
RESULT: {}
COMMAND: GET /session/b65fc9896dbbad70d7119bd0d8ca6151/screenshot - {}
RESULT: {}
COMMAND: POST /session/b65fc9896dbbad70d7119bd0d8ca6151/execute/async - {"script":"<script> [1562 bytes]","args":[{"selector":{"controlType":"sap.m.Title","properties":{"text":"Success"},"searchOpenDialogs":true},"wdio_ui5_key":"sapm.Title{\"text\":\"Success\"}"}]}
RESULT: {"script":"<script> [1562 bytes]","args":[{"selector":{"controlType":"sap.m.Title","properties":{"text":"Success"},"searchOpenDialogs":true},"wdio_ui5_key":"sapm.Title{\"text\":\"Success\"}"}]}
RESULT: undefined
COMMAND: POST /session/b65fc9896dbbad70d7119bd0d8ca6151/execute/async - {"script":"<script> [6424 bytes]","args":[{"element-6066-11e4-a52e-4f735466cecf":"f.B1DE806DB4DF8D130682F5CACC3F0FDB.d.BC886E6F2A6EBF3C8BA02E1A46D471E1.e.6097"},"getText",[]]}
RESULT: {"script":"<script> [6424 bytes]","args":[{"element-6066-11e4-a52e-4f735466cecf":"f.B1DE806DB4DF8D130682F5CACC3F0FDB.d.BC886E6F2A6EBF3C8BA02E1A46D471E1.e.6097"},"getText",[]]}
COMMAND: POST /session/b65fc9896dbbad70d7119bd0d8ca6151/execute/async - {"script":"<script> [1562 bytes]","args":[{"selector":{"controlType":"sap.m.Button","properties":{"text":"Close"},"searchOpenDialogs":true,"interaction":{"idSuffix":"BDI-content"}},"wdio_ui5_key":"sapm.Button{\"text\":\"Close\"}"}]}
RESULT: {"script":"<script> [1562 bytes]","args":[{"selector":{"controlType":"sap.m.Button","properties":{"text":"Close"},"searchOpenDialogs":true,"interaction":{"idSuffix":"BDI-content"}},"wdio_ui5_key":"sapm.Button{\"text\":\"Close\"}"}]}
RESULT: undefined
COMMAND: POST /session/b65fc9896dbbad70d7119bd0d8ca6151/element - {"using":"xpath","value":"//*[@id=\"__mbox-btn-4\"]"}
RESULT: {"using":"xpath","value":"//*[@id=\"__mbox-btn-4\"]"}
COMMAND: POST /session/b65fc9896dbbad70d7119bd0d8ca6151/element/f.B1DE806DB4DF8D130682F5CACC3F0FDB.d.BC886E6F2A6EBF3C8BA02E1A46D471E1.e.6096/click - {}
RESULT: {}
COMMAND: GET /session/b65fc9896dbbad70d7119bd0d8ca6151/screenshot - {}
RESULT: {}
COMMAND: POST /session/b65fc9896dbbad70d7119bd0d8ca6151/execute/async - {"script":"<script> [1562 bytes]","args":[{"selector":{"controlType":"sap.m.Text","viewName":"etm.portal.ui.managerequests.view.Detail","bindingPath":{"propertyPath":"NO","modelName":"catalogModel"}},"wdio_ui5_key":"etmportal.ui.managerequests.view.Detailsap.m.Text{\"propertyPath\":\"NO\",\"modelName\":\"catalogModel\"}"}]}
RESULT: {"script":"<script> [1562 bytes]","args":[{"selector":{"controlType":"sap.m.Text","viewName":"etm.portal.ui.managerequests.view.Detail","bindingPath":{"propertyPath":"NO","modelName":"catalogModel"}},"wdio_ui5_key":"etmportal.ui.managerequests.view.Detailsap.m.Text{\"propertyPath\":\"NO\",\"modelName\":\"catalogModel\"}"}]}
RESULT: undefined
COMMAND: POST /session/b65fc9896dbbad70d7119bd0d8ca6151/execute/async - {"script":"<script> [6424 bytes]","args":[{"element-6066-11e4-a52e-4f735466cecf":"f.B1DE806DB4DF8D130682F5CACC3F0FDB.d.BC886E6F2A6EBF3C8BA02E1A46D471E1.e.6224"},"getText",[]]}
RESULT: {"script":"<script> [6424 bytes]","args":[{"element-6066-11e4-a52e-4f735466cecf":"f.B1DE806DB4DF8D130682F5CACC3F0FDB.d.BC886E6F2A6EBF3C8BA02E1A46D471E1.e.6224"},"getText",[]]}
COMMAND: POST /session/b65fc9896dbbad70d7119bd0d8ca6151/execute/async - {"script":"<script> [1562 bytes]","args":[{"selector":{"controlType":"sap.ui.core.Icon","viewName":"etm.portal.ui.managerequests.view.Detail","properties":{"src":{"regex":{"source":"date\\-time"}}},"ancestor":{"controlType":"sap.m.ColumnListItem","viewName":"etm.portal.ui.managerequests.view.Detail","bindingPath":{"path":"/SmartRequestItemsPlanningBoard(ITEM=10m,REQUEST='20084')"},"ancestor":{"id":"requestItemsTable","viewName":"etm.portal.ui.managerequests.view.Detail"}}},"wdio_ui5_key":"etmportal.ui.managerequests.view.Detailsap.ui.core.Icon{\"src\":{\"regex\":{\"source\":\"date\\\\-time\"}}}{\"controlType\":\"sap.m.ColumnListItem\",\"viewName\":\"etm.portal.ui.managerequests.view.Detail\",\"bindingPath\":{\"path\":\"/SmartRequestItemsPlanningBoard(ITEM=10m,REQUEST='20084')\"},\"ancestor\":{\"id\":\"requestItemsTable\",\"viewName\":\"etm.portal.ui.managerequests.view.Detail\"}}"}]}
RESULT: {"script":"<script> [1562 bytes]","args":[{"selector":{"controlType":"sap.ui.core.Icon","viewName":"etm.portal.ui.managerequests.view.Detail","properties":{"src":{"regex":{"source":"date\\-time"}}},"ancestor":{"controlType":"sap.m.ColumnListItem","viewName":"etm.portal.ui.managerequests.view.Detail","bindingPath":{"path":"/SmartRequestItemsPlanningBoard(ITEM=10m,REQUEST='20084')"},"ancestor":{"id":"requestItemsTable","viewName":"etm.portal.ui.managerequests.view.Detail"}}},"wdio_ui5_key":"etmportal.ui.managerequests.view.Detailsap.ui.core.Icon{\"src\":{\"regex\":{\"source\":\"date\\\\-time\"}}}{\"controlType\":\"sap.m.ColumnListItem\",\"viewName\":\"etm.portal.ui.managerequests.view.Detail\",\"bindingPath\":{\"path\":\"/SmartRequestItemsPlanningBoard(ITEM=10m,REQUEST='20084')\"},\"ancestor\":{\"id\":\"requestItemsTable\",\"viewName\":\"etm.portal.ui.managerequests.view.Detail\"}}"}]}
RESULT: undefined
COMMAND: POST /session/b65fc9896dbbad70d7119bd0d8ca6151/element - {"using":"xpath","value":"//*[@id=\"__button135-__clone4659-img\"]"}
RESULT: {"using":"xpath","value":"//*[@id=\"__button135-__clone4659-img\"]"}
COMMAND: POST /session/b65fc9896dbbad70d7119bd0d8ca6151/element/f.B1DE806DB4DF8D130682F5CACC3F0FDB.d.BC886E6F2A6EBF3C8BA02E1A46D471E1.e.6225/click - {}
RESULT: {}
COMMAND: POST /session/b65fc9896dbbad70d7119bd0d8ca6151/execute/async - {"script":"<script> [1562 bytes]","args":[{"selector":{"controlType":"sap.m.Button","viewName":"etm.portal.ui.managerequests.view.Detail","properties":{"text":"Close"},"searchOpenDialogs":true,"interaction":{"idSuffix":"BDI-content"}},"wdio_ui5_key":"etmportal.ui.managerequests.view.Detailsap.m.Button{\"text\":\"Close\"}"}]}
COMMAND: GET /session/b65fc9896dbbad70d7119bd0d8ca6151/screenshot - {}
RESULT: {"script":"<script> [1562 bytes]","args":[{"selector":{"controlType":"sap.m.Button","viewName":"etm.portal.ui.managerequests.view.Detail","properties":{"text":"Close"},"searchOpenDialogs":true,"interaction":{"idSuffix":"BDI-content"}},"wdio_ui5_key":"etmportal.ui.managerequests.view.Detailsap.m.Button{\"text\":\"Close\"}"}]}
RESULT: undefined
COMMAND: POST /session/b65fc9896dbbad70d7119bd0d8ca6151/element - {"using":"xpath","value":"//*[@id=\"__button145\"]"}
RESULT: {}
RESULT: {"using":"xpath","value":"//*[@id=\"__button145\"]"}
COMMAND: POST /session/b65fc9896dbbad70d7119bd0d8ca6151/element/f.B1DE806DB4DF8D130682F5CACC3F0FDB.d.BC886E6F2A6EBF3C8BA02E1A46D471E1.e.6227/click - {}
RESULT: {}
COMMAND: POST /session/b65fc9896dbbad70d7119bd0d8ca6151/execute/async - {"script":"<script> [1562 bytes]","args":[{"selector":{"controlType":"sap.ui.core.Icon","viewName":"etm.portal.ui.managerequests.view.Detail","properties":{"src":{"regex":{"source":"date\\-time"}}},"ancestor":{"controlType":"sap.m.ColumnListItem","viewName":"etm.portal.ui.managerequests.view.Detail","bindingPath":{"path":"/SmartRequestItemsPlanningBoard(ITEM=20m,REQUEST='20084')"},"ancestor":{"id":"requestItemsTable","viewName":"etm.portal.ui.managerequests.view.Detail"}}},"wdio_ui5_key":"etmportal.ui.managerequests.view.Detailsap.ui.core.Icon{\"src\":{\"regex\":{\"source\":\"date\\\\-time\"}}}{\"controlType\":\"sap.m.ColumnListItem\",\"viewName\":\"etm.portal.ui.managerequests.view.Detail\",\"bindingPath\":{\"path\":\"/SmartRequestItemsPlanningBoard(ITEM=20m,REQUEST='20084')\"},\"ancestor\":{\"id\":\"requestItemsTable\",\"viewName\":\"etm.portal.ui.managerequests.view.Detail\"}}"}]}
COMMAND: GET /session/b65fc9896dbbad70d7119bd0d8ca6151/screenshot - {}
RESULT: {"script":"<script> [1562 bytes]","args":[{"selector":{"controlType":"sap.ui.core.Icon","viewName":"etm.portal.ui.managerequests.view.Detail","properties":{"src":{"regex":{"source":"date\\-time"}}},"ancestor":{"controlType":"sap.m.ColumnListItem","viewName":"etm.portal.ui.managerequests.view.Detail","bindingPath":{"path":"/SmartRequestItemsPlanningBoard(ITEM=20m,REQUEST='20084')"},"ancestor":{"id":"requestItemsTable","viewName":"etm.portal.ui.managerequests.view.Detail"}}},"wdio_ui5_key":"etmportal.ui.managerequests.view.Detailsap.ui.core.Icon{\"src\":{\"regex\":{\"source\":\"date\\\\-time\"}}}{\"controlType\":\"sap.m.ColumnListItem\",\"viewName\":\"etm.portal.ui.managerequests.view.Detail\",\"bindingPath\":{\"path\":\"/SmartRequestItemsPlanningBoard(ITEM=20m,REQUEST='20084')\"},\"ancestor\":{\"id\":\"requestItemsTable\",\"viewName\":\"etm.portal.ui.managerequests.view.Detail\"}}"}]}
RESULT: undefined
COMMAND: POST /session/b65fc9896dbbad70d7119bd0d8ca6151/element - {"using":"xpath","value":"//*[@id=\"__button135-__clone4660-img\"]"}
RESULT: {}
RESULT: {"using":"xpath","value":"//*[@id=\"__button135-__clone4660-img\"]"}
COMMAND: POST /session/b65fc9896dbbad70d7119bd0d8ca6151/element/f.B1DE806DB4DF8D130682F5CACC3F0FDB.d.BC886E6F2A6EBF3C8BA02E1A46D471E1.e.6236/click - {}
RESULT: {}
RESULT: undefined
COMMAND: POST /session/b65fc9896dbbad70d7119bd0d8ca6151/element - {"using":"xpath","value":"//*[@id=\"__button145\"]"}
COMMAND: GET /session/b65fc9896dbbad70d7119bd0d8ca6151/screenshot - {}
RESULT: {"using":"xpath","value":"//*[@id=\"__button145\"]"}
COMMAND: POST /session/b65fc9896dbbad70d7119bd0d8ca6151/elements - {"using":"xpath","value":"//*[@id=\"__button145\"]"}
RESULT: {}
RESULT: {"using":"xpath","value":"//*[@id=\"__button145\"]"}
COMMAND: POST /session/b65fc9896dbbad70d7119bd0d8ca6151/element - {"using":"xpath","value":"//*[@id=\"__button145\"]"}
RESULT: {"using":"xpath","value":"//*[@id=\"__button145\"]"}
COMMAND: POST /session/b65fc9896dbbad70d7119bd0d8ca6151/element/f.B1DE806DB4DF8D130682F5CACC3F0FDB.d.BC886E6F2A6EBF3C8BA02E1A46D471E1.e.6250/click - {}
RESULT: {}
COMMAND: POST /session/b65fc9896dbbad70d7119bd0d8ca6151/element - {"using":"css selector","value":"#shell-header-logo"}
COMMAND: GET /session/b65fc9896dbbad70d7119bd0d8ca6151/screenshot - {}
RESULT: {"using":"css selector","value":"#shell-header-logo"}
COMMAND: POST /session/b65fc9896dbbad70d7119bd0d8ca6151/element/f.B1DE806DB4DF8D130682F5CACC3F0FDB.d.BC886E6F2A6EBF3C8BA02E1A46D471E1.e.5570/click - {}
RESULT: {}
RESULT: {}
COMMAND: GET /session/b65fc9896dbbad70d7119bd0d8ca6151/screenshot - {}
RESULT: {}
]]></system-out>
    </testcase>
    <testcase classname="chrome.137_0_7151_69.windows.Standard_contract_-_add_contract_items_by_Insert_Request_US118222" name="Should insert the request into the contract" time="66.754">
      <system-out><![CDATA[
RESULT: undefined
COMMAND: POST /session/b65fc9896dbbad70d7119bd0d8ca6151/element - {"using":"xpath","value":"//*[@id=\"__tile135\"]"}
RESULT: {"using":"xpath","value":"//*[@id=\"__tile135\"]"}
COMMAND: POST /session/b65fc9896dbbad70d7119bd0d8ca6151/element/f.B1DE806DB4DF8D130682F5CACC3F0FDB.d.BC886E6F2A6EBF3C8BA02E1A46D471E1.e.5094/click - {}
RESULT: {}
COMMAND: GET /session/b65fc9896dbbad70d7119bd0d8ca6151/screenshot - {}
RESULT: {}
COMMAND: POST /session/b65fc9896dbbad70d7119bd0d8ca6151/elements - {"using":"xpath","value":"//span[text()='Error']"}
RESULT: {"using":"xpath","value":"//span[text()='Error']"}
COMMAND: POST /session/b65fc9896dbbad70d7119bd0d8ca6151/execute/async - {"script":"<script> [1562 bytes]","args":[{"selector":{"controlType":"sap.m.SearchField","viewName":"etm.portal.ui.managecontracts.view.Master","bindingPath":{"path":"","propertyPath":"/_BASIC_SEARCH_FIELD","modelName":"fi1t3rM0d31"},"interaction":{"idSuffix":"I"}},"wdio_ui5_key":"etmportal.ui.managecontracts.view.Mastersap.m.SearchField{\"path\":\"\",\"propertyPath\":\"/_BASIC_SEARCH_FIELD\",\"modelName\":\"fi1t3rM0d31\"}"}]}
RESULT: {"script":"<script> [1562 bytes]","args":[{"selector":{"controlType":"sap.m.SearchField","viewName":"etm.portal.ui.managecontracts.view.Master","bindingPath":{"path":"","propertyPath":"/_BASIC_SEARCH_FIELD","modelName":"fi1t3rM0d31"},"interaction":{"idSuffix":"I"}},"wdio_ui5_key":"etmportal.ui.managecontracts.view.Mastersap.m.SearchField{\"path\":\"\",\"propertyPath\":\"/_BASIC_SEARCH_FIELD\",\"modelName\":\"fi1t3rM0d31\"}"}]}
RESULT: undefined
COMMAND: POST /session/b65fc9896dbbad70d7119bd0d8ca6151/execute/async - {"script":"<script> [776 bytes]","args":[{"enterText":"10181","selector":{"controlType":"sap.m.SearchField","viewName":"etm.portal.ui.managecontracts.view.Master","bindingPath":{"path":"","propertyPath":"/_BASIC_SEARCH_FIELD","modelName":"fi1t3rM0d31"},"interaction":{"idSuffix":"I"}},"clearTextFirst":true,"interactionType":"ENTER_TEXT"}]}
RESULT: {"script":"<script> [776 bytes]","args":[{"enterText":"10181","selector":{"controlType":"sap.m.SearchField","viewName":"etm.portal.ui.managecontracts.view.Master","bindingPath":{"path":"","propertyPath":"/_BASIC_SEARCH_FIELD","modelName":"fi1t3rM0d31"},"interaction":{"idSuffix":"I"}},"clearTextFirst":true,"interactionType":"ENTER_TEXT"}]}
COMMAND: POST /session/b65fc9896dbbad70d7119bd0d8ca6151/actions - {"actions":[{"id":"action31","type":"key","parameters":{},"actions":[{"type":"keyDown","value":""},{"type":"pause","duration":10},{"type":"keyUp","value":""}]}]}
RESULT: {"actions":[{"id":"action31","type":"key","parameters":{},"actions":[{"type":"keyDown","value":""},{"type":"pause","duration":10},{"type":"keyUp","value":""}]}]}
COMMAND: GET /session/b65fc9896dbbad70d7119bd0d8ca6151/screenshot - {}
RESULT: {}
COMMAND: POST /session/b65fc9896dbbad70d7119bd0d8ca6151/execute/async - {"script":"<script> [1562 bytes]","args":[{"selector":{"controlType":"sap.ui.core.Icon","viewName":"etm.portal.ui.managecontracts.view.Master","properties":{"src":{"regex":{"source":"slim\\-arrow\\-right"}}}},"wdio_ui5_key":"etmportal.ui.managecontracts.view.Mastersap.ui.core.Icon{\"src\":{\"regex\":{\"source\":\"slim\\\\-arrow\\\\-right\"}}}"}]}
RESULT: {"script":"<script> [1562 bytes]","args":[{"selector":{"controlType":"sap.ui.core.Icon","viewName":"etm.portal.ui.managecontracts.view.Master","properties":{"src":{"regex":{"source":"slim\\-arrow\\-right"}}}},"wdio_ui5_key":"etmportal.ui.managecontracts.view.Mastersap.ui.core.Icon{\"src\":{\"regex\":{\"source\":\"slim\\\\-arrow\\\\-right\"}}}"}]}
RESULT: undefined
COMMAND: POST /session/b65fc9896dbbad70d7119bd0d8ca6151/element - {"using":"xpath","value":"//*[@id=\"__item1437-__clone4772-imgNav\"]"}
RESULT: {"using":"xpath","value":"//*[@id=\"__item1437-__clone4772-imgNav\"]"}
COMMAND: POST /session/b65fc9896dbbad70d7119bd0d8ca6151/element/f.B1DE806DB4DF8D130682F5CACC3F0FDB.d.BC886E6F2A6EBF3C8BA02E1A46D471E1.e.6361/click - {}
RESULT: {}
COMMAND: POST /session/b65fc9896dbbad70d7119bd0d8ca6151/execute/async - {"script":"<script> [1562 bytes]","args":[{"selector":{"id":"addRequestItemBtn","viewName":"etm.portal.ui.managecontracts.view.Detail","interaction":{"idSuffix":"BDI-content"}},"wdio_ui5_key":"addRequestItemBtnetmportal.ui.managecontracts.view.Detail"}]}
COMMAND: GET /session/b65fc9896dbbad70d7119bd0d8ca6151/screenshot - {}
RESULT: {"script":"<script> [1562 bytes]","args":[{"selector":{"id":"addRequestItemBtn","viewName":"etm.portal.ui.managecontracts.view.Detail","interaction":{"idSuffix":"BDI-content"}},"wdio_ui5_key":"addRequestItemBtnetmportal.ui.managecontracts.view.Detail"}]}
RESULT: undefined
COMMAND: POST /session/b65fc9896dbbad70d7119bd0d8ca6151/element - {"using":"xpath","value":"//*[@id=\"__xmlview65--addRequestItemBtn\"]"}
RESULT: {}
RESULT: {"using":"xpath","value":"//*[@id=\"__xmlview65--addRequestItemBtn\"]"}
COMMAND: POST /session/b65fc9896dbbad70d7119bd0d8ca6151/element/f.B1DE806DB4DF8D130682F5CACC3F0FDB.d.BC886E6F2A6EBF3C8BA02E1A46D471E1.e.6433/click - {}
RESULT: {}
COMMAND: GET /session/b65fc9896dbbad70d7119bd0d8ca6151/screenshot - {}
RESULT: {}
COMMAND: POST /session/b65fc9896dbbad70d7119bd0d8ca6151/element - {"using":"xpath","value":"//div[contains(@id ,\"popupRequestTable-sa-CbBg\")]"}
RESULT: {"using":"xpath","value":"//div[contains(@id ,\"popupRequestTable-sa-CbBg\")]"}
COMMAND: POST /session/b65fc9896dbbad70d7119bd0d8ca6151/element/f.B1DE806DB4DF8D130682F5CACC3F0FDB.d.BC886E6F2A6EBF3C8BA02E1A46D471E1.e.6547/click - {}
RESULT: {}
COMMAND: GET /session/b65fc9896dbbad70d7119bd0d8ca6151/screenshot - {}
RESULT: {}
COMMAND: POST /session/b65fc9896dbbad70d7119bd0d8ca6151/execute/async - {"script":"<script> [1562 bytes]","args":[{"selector":{"controlType":"sap.m.Button","viewName":"etm.portal.ui.managecontracts.view.Detail","i18NText":{"propertyName":"text","key":"selectionDone"},"searchOpenDialogs":true,"interaction":{"idSuffix":"BDI-content"}},"wdio_ui5_key":"etmportal.ui.managecontracts.view.Detailsap.m.Button{\"propertyName\":\"text\",\"key\":\"selectionDone\"}"}]}
RESULT: {"script":"<script> [1562 bytes]","args":[{"selector":{"controlType":"sap.m.Button","viewName":"etm.portal.ui.managecontracts.view.Detail","i18NText":{"propertyName":"text","key":"selectionDone"},"searchOpenDialogs":true,"interaction":{"idSuffix":"BDI-content"}},"wdio_ui5_key":"etmportal.ui.managecontracts.view.Detailsap.m.Button{\"propertyName\":\"text\",\"key\":\"selectionDone\"}"}]}
RESULT: undefined
COMMAND: POST /session/b65fc9896dbbad70d7119bd0d8ca6151/element - {"using":"xpath","value":"//*[@id=\"__button156\"]"}
RESULT: {"using":"xpath","value":"//*[@id=\"__button156\"]"}
COMMAND: POST /session/b65fc9896dbbad70d7119bd0d8ca6151/element/f.B1DE806DB4DF8D130682F5CACC3F0FDB.d.BC886E6F2A6EBF3C8BA02E1A46D471E1.e.6550/click - {}
RESULT: {}
COMMAND: POST /session/b65fc9896dbbad70d7119bd0d8ca6151/execute/async - {"script":"<script> [1562 bytes]","args":[{"selector":{"controlType":"sap.m.Text","properties":{"text":"Started processing request items into the contract."},"searchOpenDialogs":true},"wdio_ui5_key":"sapm.Text{\"text\":\"Started processing request items into the contract.\"}"}]}
COMMAND: GET /session/b65fc9896dbbad70d7119bd0d8ca6151/screenshot - {}
RESULT: {"script":"<script> [1562 bytes]","args":[{"selector":{"controlType":"sap.m.Text","properties":{"text":"Started processing request items into the contract."},"searchOpenDialogs":true},"wdio_ui5_key":"sapm.Text{\"text\":\"Started processing request items into the contract.\"}"}]}
RESULT: undefined
COMMAND: POST /session/b65fc9896dbbad70d7119bd0d8ca6151/execute/async - {"script":"<script> [6424 bytes]","args":[{"element-6066-11e4-a52e-4f735466cecf":"f.B1DE806DB4DF8D130682F5CACC3F0FDB.d.BC886E6F2A6EBF3C8BA02E1A46D471E1.e.6552"},"getText",[]]}
RESULT: {}
RESULT: {"script":"<script> [6424 bytes]","args":[{"element-6066-11e4-a52e-4f735466cecf":"f.B1DE806DB4DF8D130682F5CACC3F0FDB.d.BC886E6F2A6EBF3C8BA02E1A46D471E1.e.6552"},"getText",[]]}
COMMAND: POST /session/b65fc9896dbbad70d7119bd0d8ca6151/execute/async - {"script":"<script> [1562 bytes]","args":[{"selector":{"controlType":"sap.m.Button","properties":{"text":"OK"},"searchOpenDialogs":true,"interaction":{"idSuffix":"inner"}},"wdio_ui5_key":"sapm.Button{\"text\":\"OK\"}"}]}
RESULT: {"script":"<script> [1562 bytes]","args":[{"selector":{"controlType":"sap.m.Button","properties":{"text":"OK"},"searchOpenDialogs":true,"interaction":{"idSuffix":"inner"}},"wdio_ui5_key":"sapm.Button{\"text\":\"OK\"}"}]}
RESULT: undefined
COMMAND: POST /session/b65fc9896dbbad70d7119bd0d8ca6151/element - {"using":"xpath","value":"//*[@id=\"__mbox-btn-5\"]"}
RESULT: {"using":"xpath","value":"//*[@id=\"__mbox-btn-5\"]"}
COMMAND: POST /session/b65fc9896dbbad70d7119bd0d8ca6151/element/f.B1DE806DB4DF8D130682F5CACC3F0FDB.d.BC886E6F2A6EBF3C8BA02E1A46D471E1.e.6551/click - {}
RESULT: {}
COMMAND: POST /session/b65fc9896dbbad70d7119bd0d8ca6151/execute/async - {"script":"<script> [1562 bytes]","args":[{"selector":{"id":"headerBillingItemsTabFilter","viewName":"etm.portal.ui.managecontracts.view.Detail","interaction":{"idSuffix":"text"}},"wdio_ui5_key":"headerBillingItemsTabFilteretmportal.ui.managecontracts.view.Detail"}]}
COMMAND: GET /session/b65fc9896dbbad70d7119bd0d8ca6151/screenshot - {}
RESULT: {"script":"<script> [1562 bytes]","args":[{"selector":{"id":"headerBillingItemsTabFilter","viewName":"etm.portal.ui.managecontracts.view.Detail","interaction":{"idSuffix":"text"}},"wdio_ui5_key":"headerBillingItemsTabFilteretmportal.ui.managecontracts.view.Detail"}]}
RESULT: undefined
COMMAND: POST /session/b65fc9896dbbad70d7119bd0d8ca6151/element - {"using":"xpath","value":"//*[@id=\"__xmlview65--headerBillingItemsTabFilter\"]"}
RESULT: {}
RESULT: {"using":"xpath","value":"//*[@id=\"__xmlview65--headerBillingItemsTabFilter\"]"}
COMMAND: POST /session/b65fc9896dbbad70d7119bd0d8ca6151/element/f.B1DE806DB4DF8D130682F5CACC3F0FDB.d.BC886E6F2A6EBF3C8BA02E1A46D471E1.e.6562/click - {}
RESULT: {}
COMMAND: GET /session/b65fc9896dbbad70d7119bd0d8ca6151/screenshot - {}
RESULT: {}
COMMAND: POST /session/b65fc9896dbbad70d7119bd0d8ca6151/execute/async - {"script":"<script> [1562 bytes]","args":[{"selector":{"controlType":"sap.ui.core.Icon","viewName":"etm.portal.ui.managecontracts.view.Detail","properties":{"src":{"regex":{"source":"synchronize"}}}},"wdio_ui5_key":"etmportal.ui.managecontracts.view.Detailsap.ui.core.Icon{\"src\":{\"regex\":{\"source\":\"synchronize\"}}}"}]}
RESULT: {"script":"<script> [1562 bytes]","args":[{"selector":{"controlType":"sap.ui.core.Icon","viewName":"etm.portal.ui.managecontracts.view.Detail","properties":{"src":{"regex":{"source":"synchronize"}}}},"wdio_ui5_key":"etmportal.ui.managecontracts.view.Detailsap.ui.core.Icon{\"src\":{\"regex\":{\"source\":\"synchronize\"}}}"}]}
RESULT: undefined
COMMAND: POST /session/b65fc9896dbbad70d7119bd0d8ca6151/element - {"using":"xpath","value":"//*[@id=\"__xmlview65--btnToggleUpdate-img\"]"}
RESULT: {"using":"xpath","value":"//*[@id=\"__xmlview65--btnToggleUpdate-img\"]"}
COMMAND: POST /session/b65fc9896dbbad70d7119bd0d8ca6151/element/f.B1DE806DB4DF8D130682F5CACC3F0FDB.d.BC886E6F2A6EBF3C8BA02E1A46D471E1.e.6432/click - {}
RESULT: {}
COMMAND: GET /session/b65fc9896dbbad70d7119bd0d8ca6151/screenshot - {}
RESULT: {}
RESULT: undefined
COMMAND: POST /session/b65fc9896dbbad70d7119bd0d8ca6151/element - {"using":"xpath","value":"//*[@id=\"__xmlview65--headerBillingItemsTabFilter\"]"}
RESULT: {"using":"xpath","value":"//*[@id=\"__xmlview65--headerBillingItemsTabFilter\"]"}
COMMAND: POST /session/b65fc9896dbbad70d7119bd0d8ca6151/element/f.B1DE806DB4DF8D130682F5CACC3F0FDB.d.BC886E6F2A6EBF3C8BA02E1A46D471E1.e.6562/click - {}
RESULT: {}
COMMAND: POST /session/b65fc9896dbbad70d7119bd0d8ca6151/execute/async - {"script":"<script> [1562 bytes]","args":[{"selector":{"controlType":"sap.m.Title","viewName":"etm.portal.ui.managecontracts.view.Detail","properties":{"text":"Contract Items (2)"}},"wdio_ui5_key":"etmportal.ui.managecontracts.view.Detailsap.m.Title{\"text\":\"Contract Items (2)\"}"}]}
COMMAND: GET /session/b65fc9896dbbad70d7119bd0d8ca6151/screenshot - {}
RESULT: {"script":"<script> [1562 bytes]","args":[{"selector":{"controlType":"sap.m.Title","viewName":"etm.portal.ui.managecontracts.view.Detail","properties":{"text":"Contract Items (2)"}},"wdio_ui5_key":"etmportal.ui.managecontracts.view.Detailsap.m.Title{\"text\":\"Contract Items (2)\"}"}]}
RESULT: undefined
COMMAND: POST /session/b65fc9896dbbad70d7119bd0d8ca6151/execute/async - {"script":"<script> [6424 bytes]","args":[{"element-6066-11e4-a52e-4f735466cecf":"f.B1DE806DB4DF8D130682F5CACC3F0FDB.d.BC886E6F2A6EBF3C8BA02E1A46D471E1.e.6570"},"getText",[]]}
RESULT: {}
RESULT: {"script":"<script> [6424 bytes]","args":[{"element-6066-11e4-a52e-4f735466cecf":"f.B1DE806DB4DF8D130682F5CACC3F0FDB.d.BC886E6F2A6EBF3C8BA02E1A46D471E1.e.6570"},"getText",[]]}
COMMAND: POST /session/b65fc9896dbbad70d7119bd0d8ca6151/execute/async - {"script":"<script> [1562 bytes]","args":[{"selector":{"controlType":"sap.m.ObjectStatus","viewName":"etm.portal.ui.managecontracts.view.Detail","bindingPath":{"path":"/SmartContractItems(CONTRACT='10181',ITEM=10m,SUB_ITEM=0m)","propertyPath":"STATUS"}},"wdio_ui5_key":"etmportal.ui.managecontracts.view.Detailsap.m.ObjectStatus{\"path\":\"/SmartContractItems(CONTRACT='10181',ITEM=10m,SUB_ITEM=0m)\",\"propertyPath\":\"STATUS\"}"}]}
RESULT: {"script":"<script> [1562 bytes]","args":[{"selector":{"controlType":"sap.m.ObjectStatus","viewName":"etm.portal.ui.managecontracts.view.Detail","bindingPath":{"path":"/SmartContractItems(CONTRACT='10181',ITEM=10m,SUB_ITEM=0m)","propertyPath":"STATUS"}},"wdio_ui5_key":"etmportal.ui.managecontracts.view.Detailsap.m.ObjectStatus{\"path\":\"/SmartContractItems(CONTRACT='10181',ITEM=10m,SUB_ITEM=0m)\",\"propertyPath\":\"STATUS\"}"}]}
RESULT: undefined
COMMAND: POST /session/b65fc9896dbbad70d7119bd0d8ca6151/execute/async - {"script":"<script> [6424 bytes]","args":[{"element-6066-11e4-a52e-4f735466cecf":"f.B1DE806DB4DF8D130682F5CACC3F0FDB.d.BC886E6F2A6EBF3C8BA02E1A46D471E1.e.6572"},"getText",[]]}
RESULT: {"script":"<script> [6424 bytes]","args":[{"element-6066-11e4-a52e-4f735466cecf":"f.B1DE806DB4DF8D130682F5CACC3F0FDB.d.BC886E6F2A6EBF3C8BA02E1A46D471E1.e.6572"},"getText",[]]}
COMMAND: POST /session/b65fc9896dbbad70d7119bd0d8ca6151/execute/async - {"script":"<script> [1562 bytes]","args":[{"selector":{"controlType":"sap.m.ObjectStatus","viewName":"etm.portal.ui.managecontracts.view.Detail","bindingPath":{"path":"/SmartContractItems(CONTRACT='10181',ITEM=20m,SUB_ITEM=0m)","propertyPath":"STATUS"}},"wdio_ui5_key":"etmportal.ui.managecontracts.view.Detailsap.m.ObjectStatus{\"path\":\"/SmartContractItems(CONTRACT='10181',ITEM=20m,SUB_ITEM=0m)\",\"propertyPath\":\"STATUS\"}"}]}
RESULT: {"script":"<script> [1562 bytes]","args":[{"selector":{"controlType":"sap.m.ObjectStatus","viewName":"etm.portal.ui.managecontracts.view.Detail","bindingPath":{"path":"/SmartContractItems(CONTRACT='10181',ITEM=20m,SUB_ITEM=0m)","propertyPath":"STATUS"}},"wdio_ui5_key":"etmportal.ui.managecontracts.view.Detailsap.m.ObjectStatus{\"path\":\"/SmartContractItems(CONTRACT='10181',ITEM=20m,SUB_ITEM=0m)\",\"propertyPath\":\"STATUS\"}"}]}
RESULT: undefined
COMMAND: POST /session/b65fc9896dbbad70d7119bd0d8ca6151/execute/async - {"script":"<script> [6424 bytes]","args":[{"element-6066-11e4-a52e-4f735466cecf":"f.B1DE806DB4DF8D130682F5CACC3F0FDB.d.BC886E6F2A6EBF3C8BA02E1A46D471E1.e.6573"},"getText",[]]}
RESULT: {"script":"<script> [6424 bytes]","args":[{"element-6066-11e4-a52e-4f735466cecf":"f.B1DE806DB4DF8D130682F5CACC3F0FDB.d.BC886E6F2A6EBF3C8BA02E1A46D471E1.e.6573"},"getText",[]]}
]]></system-out>
    </testcase>
  </testsuite>
  <testsuite timestamp="2025-06-13T18:04:36" time="81.763" tests="1" failures="0" errors="0" skipped="0">
    <properties>
      <property name="specId" value="0"/>
      <property name="suiteName" value="Manage contracts - revert request US152962"/>
      <property name="capabilities" value="chrome.137_0_7151_69.windows"/>
      <property name="file" value="file:///D:/a/1/s/test/specs/R2C/manage-contracts-revert-request.spec.js"/>
    </properties>
    <testcase classname="chrome.137_0_7151_69.windows.Manage_contracts_-_revert_request_US152962" name="Should revert the request" time="81.761">
      <system-out><![CDATA[
COMMAND: POST /session/b65fc9896dbbad70d7119bd0d8ca6151/execute/async - {"script":"<script> [1562 bytes]","args":[{"selector":{"id":"revertPlanningBtn","viewName":"etm.portal.ui.managecontracts.view.Detail","interaction":{"idSuffix":"BDI-content"}},"wdio_ui5_key":"revertPlanningBtnetmportal.ui.managecontracts.view.Detail"}]}
RESULT: {"script":"<script> [1562 bytes]","args":[{"selector":{"id":"revertPlanningBtn","viewName":"etm.portal.ui.managecontracts.view.Detail","interaction":{"idSuffix":"BDI-content"}},"wdio_ui5_key":"revertPlanningBtnetmportal.ui.managecontracts.view.Detail"}]}
RESULT: undefined
COMMAND: POST /session/b65fc9896dbbad70d7119bd0d8ca6151/element - {"using":"xpath","value":"//*[@id=\"__xmlview65--revertPlanningBtn\"]"}
RESULT: {"using":"xpath","value":"//*[@id=\"__xmlview65--revertPlanningBtn\"]"}
COMMAND: POST /session/b65fc9896dbbad70d7119bd0d8ca6151/element/f.B1DE806DB4DF8D130682F5CACC3F0FDB.d.BC886E6F2A6EBF3C8BA02E1A46D471E1.e.6436/click - {}
RESULT: {}
COMMAND: POST /session/b65fc9896dbbad70d7119bd0d8ca6151/element - {"using":"xpath","value":"(//div[contains(@id ,\"selectMulti-CbBg\")])[2]"}
COMMAND: GET /session/b65fc9896dbbad70d7119bd0d8ca6151/screenshot - {}
RESULT: {"using":"xpath","value":"(//div[contains(@id ,\"selectMulti-CbBg\")])[2]"}
COMMAND: POST /session/b65fc9896dbbad70d7119bd0d8ca6151/element/f.B1DE806DB4DF8D130682F5CACC3F0FDB.d.BC886E6F2A6EBF3C8BA02E1A46D471E1.e.6620/click - {}
RESULT: {}
RESULT: {}
COMMAND: GET /session/b65fc9896dbbad70d7119bd0d8ca6151/screenshot - {}
RESULT: {}
COMMAND: POST /session/b65fc9896dbbad70d7119bd0d8ca6151/element - {"using":"xpath","value":"//span[contains(@id ,\"executeRevertPlanningBtn-content\")]"}
RESULT: {"using":"xpath","value":"//span[contains(@id ,\"executeRevertPlanningBtn-content\")]"}
COMMAND: POST /session/b65fc9896dbbad70d7119bd0d8ca6151/element/f.B1DE806DB4DF8D130682F5CACC3F0FDB.d.BC886E6F2A6EBF3C8BA02E1A46D471E1.e.6621/click - {}
RESULT: {}
COMMAND: GET /session/b65fc9896dbbad70d7119bd0d8ca6151/screenshot - {}
RESULT: {}
COMMAND: POST /session/b65fc9896dbbad70d7119bd0d8ca6151/actions - {"actions":[{"id":"action32","type":"key","parameters":{},"actions":[{"type":"keyDown","value":""},{"type":"pause","duration":10},{"type":"keyUp","value":""}]}]}
RESULT: {"actions":[{"id":"action32","type":"key","parameters":{},"actions":[{"type":"keyDown","value":""},{"type":"pause","duration":10},{"type":"keyUp","value":""}]}]}
COMMAND: GET /session/b65fc9896dbbad70d7119bd0d8ca6151/screenshot - {}
RESULT: {}
COMMAND: POST /session/b65fc9896dbbad70d7119bd0d8ca6151/refresh - {}
RESULT: {}
COMMAND: GET /session/b65fc9896dbbad70d7119bd0d8ca6151/screenshot - {}
RESULT: {}
COMMAND: POST /session/b65fc9896dbbad70d7119bd0d8ca6151/execute/async - {"script":"<script> [189 bytes]","args":[]}
RESULT: {"script":"<script> [189 bytes]","args":[]}
COMMAND: POST /session/b65fc9896dbbad70d7119bd0d8ca6151/execute/async - {"script":"<script> [123 bytes]","args":[]}
RESULT: {"script":"<script> [123 bytes]","args":[]}
COMMAND: POST /session/b65fc9896dbbad70d7119bd0d8ca6151/timeouts - {"script":"<number>"}
RESULT: {"script":"<number>"}
COMMAND: GET /session/b65fc9896dbbad70d7119bd0d8ca6151/timeouts - {}
RESULT: {}
RESULT: undefined
COMMAND: POST /session/b65fc9896dbbad70d7119bd0d8ca6151/execute/async - {"script":"<script> [2676 bytes]","args":[]}
RESULT: {"script":"<script> [2676 bytes]","args":[]}
COMMAND: POST /session/b65fc9896dbbad70d7119bd0d8ca6151/execute/async - {"script":"<script> [2342 bytes]","args":[{"protocol":"http","hostname":"0.0.0.0","path":"/","capabilities":{"browserName":"chrome","goog:chromeOptions":{"binary":"C:\\Program Files\\Google\\Chrome\\Application\\chrome.exe","args":["--start-maximized"]}},"logLevel":"warn","connectionRetryTimeout":120000,"connectionRetryCount":3,"logLevels":{},"enableDirectConnect":true,"strictSSL":true,"_":"65 more keys: [\"cacheDir\",\"port\",\"requestedCapabilities\",\"automationProtocol\",\"baseUrl\",\"waitforInterval\",\"waitforTimeout\",\"onReload\",\"beforeCommand\",\"afterCommand\",\"rootDir\",\"specs\",\"suites\",\"exclude\",\"groupLogsByTestSpec\",\"excludeDriverLogs\",\"bail\",\"framework\",\"reporters\",\"services\",\"maxInstances\",\"maxInstancesPerCapability\",\"injectGlobals\",\"filesToWatch\",\"execArgv\",\"runnerEnv\",\"runner\",\"shard\",\"specFileRetries\",\"specFileRetriesDelay\",\"specFileRetriesDeferred\",\"reporterSyncInterval\",\"reporterSyncTimeout\",\"cucumberFeaturesWithLineNumbers\",\"autoCompileOpts\",\"mochaOpts\",\"jasmineOpts\",\"cucumberOpts\",\"onPrepare\",\"onWorkerStart\",\"onWorkerEnd\",\"before\",\"beforeSession\",\"beforeSuite\",\"beforeHook\",\"beforeTest\",\"afterTest\",\"afterHook\",\"afterSuite\",\"afterSession\",\"after\",\"onComplete\",\"beforeAssertion\",\"afterAssertion\",\"beforeFeature\",\"beforeScenario\",\"beforeStep\",\"afterStep\",\"afterScenario\",\"afterFeature\",\"_\",\"suite\",\"$0\",\"ignoredWorkerServices\",\"wdi5\"]"}]}
RESULT: {"script":"<script> [2342 bytes]","args":[{"protocol":"http","hostname":"0.0.0.0","path":"/","capabilities":{"browserName":"chrome","goog:chromeOptions":{"binary":"C:\\Program Files\\Google\\Chrome\\Application\\chrome.exe","args":["--start-maximized"]}},"logLevel":"warn","connectionRetryTimeout":120000,"connectionRetryCount":3,"logLevels":{},"enableDirectConnect":true,"strictSSL":true,"_":"65 more keys: [\"cacheDir\",\"port\",\"requestedCapabilities\",\"automationProtocol\",\"baseUrl\",\"waitforInterval\",\"waitforTimeout\",\"onReload\",\"beforeCommand\",\"afterCommand\",\"rootDir\",\"specs\",\"suites\",\"exclude\",\"groupLogsByTestSpec\",\"excludeDriverLogs\",\"bail\",\"framework\",\"reporters\",\"services\",\"maxInstances\",\"maxInstancesPerCapability\",\"injectGlobals\",\"filesToWatch\",\"execArgv\",\"runnerEnv\",\"runner\",\"shard\",\"specFileRetries\",\"specFileRetriesDelay\",\"specFileRetriesDeferred\",\"reporterSyncInterval\",\"reporterSyncTimeout\",\"cucumberFeaturesWithLineNumbers\",\"autoCompileOpts\",\"mochaOpts\",\"jasmineOpts\",\"cucumberOpts\",\"onPrepare\",\"onWorkerStart\",\"onWorkerEnd\",\"before\",\"beforeSession\",\"beforeSuite\",\"beforeHook\",\"beforeTest\",\"afterTest\",\"afterHook\",\"afterSuite\",\"afterSession\",\"after\",\"onComplete\",\"beforeAssertion\",\"afterAssertion\",\"beforeFeature\",\"beforeScenario\",\"beforeStep\",\"afterStep\",\"afterScenario\",\"afterFeature\",\"_\",\"suite\",\"$0\",\"ignoredWorkerServices\",\"wdi5\"]"}]}
COMMAND: POST /session/b65fc9896dbbad70d7119bd0d8ca6151/execute/async - {"script":"<script> [21126 bytes]","args":[35000]}
RESULT: {"script":"<script> [21126 bytes]","args":[35000]}
COMMAND: POST /session/b65fc9896dbbad70d7119bd0d8ca6151/execute/async - {"script":"<script> [1562 bytes]","args":[{"selector":{"controlType":"sap.m.Title","viewName":"etm.portal.ui.managecontracts.view.Detail","properties":{"text":"Contract Items (1)"}},"wdio_ui5_key":"etmportal.ui.managecontracts.view.Detailsap.m.Title{\"text\":\"Contract Items (1)\"}"}]}
RESULT: {"script":"<script> [1562 bytes]","args":[{"selector":{"controlType":"sap.m.Title","viewName":"etm.portal.ui.managecontracts.view.Detail","properties":{"text":"Contract Items (1)"}},"wdio_ui5_key":"etmportal.ui.managecontracts.view.Detailsap.m.Title{\"text\":\"Contract Items (1)\"}"}]}
RESULT: undefined
COMMAND: POST /session/b65fc9896dbbad70d7119bd0d8ca6151/execute/async - {"script":"<script> [6424 bytes]","args":[{"element-6066-11e4-a52e-4f735466cecf":"f.B1DE806DB4DF8D130682F5CACC3F0FDB.d.0C500B8F73190A190C0B5AE980D5E63E.e.6848"},"getText",[]]}
RESULT: {"script":"<script> [6424 bytes]","args":[{"element-6066-11e4-a52e-4f735466cecf":"f.B1DE806DB4DF8D130682F5CACC3F0FDB.d.0C500B8F73190A190C0B5AE980D5E63E.e.6848"},"getText",[]]}
COMMAND: POST /session/b65fc9896dbbad70d7119bd0d8ca6151/execute/async - {"script":"<script> [1562 bytes]","args":[{"selector":{"id":"contractDetailEditBtn","viewName":"etm.portal.ui.managecontracts.view.Detail","interaction":{"idSuffix":"inner"}},"wdio_ui5_key":"contractDetailEditBtnetmportal.ui.managecontracts.view.Detail"}]}
RESULT: {"script":"<script> [1562 bytes]","args":[{"selector":{"id":"contractDetailEditBtn","viewName":"etm.portal.ui.managecontracts.view.Detail","interaction":{"idSuffix":"inner"}},"wdio_ui5_key":"contractDetailEditBtnetmportal.ui.managecontracts.view.Detail"}]}
RESULT: undefined
COMMAND: POST /session/b65fc9896dbbad70d7119bd0d8ca6151/element - {"using":"xpath","value":"//*[@id=\"__xmlview1--contractDetailEditBtn\"]"}
RESULT: {"using":"xpath","value":"//*[@id=\"__xmlview1--contractDetailEditBtn\"]"}
COMMAND: POST /session/b65fc9896dbbad70d7119bd0d8ca6151/element/f.B1DE806DB4DF8D130682F5CACC3F0FDB.d.0C500B8F73190A190C0B5AE980D5E63E.e.6693/click - {}
RESULT: {}
COMMAND: GET /session/b65fc9896dbbad70d7119bd0d8ca6151/screenshot - {}
RESULT: {}
COMMAND: POST /session/b65fc9896dbbad70d7119bd0d8ca6151/element - {"using":"xpath","value":"(//span[contains(text(), \"Header Billing Items\")])[2]"}
RESULT: {"using":"xpath","value":"(//span[contains(text(), \"Header Billing Items\")])[2]"}
COMMAND: POST /session/b65fc9896dbbad70d7119bd0d8ca6151/element/f.B1DE806DB4DF8D130682F5CACC3F0FDB.d.0C500B8F73190A190C0B5AE980D5E63E.e.6913/click - {}
RESULT: {}
COMMAND: GET /session/b65fc9896dbbad70d7119bd0d8ca6151/screenshot - {}
RESULT: {}
COMMAND: POST /session/b65fc9896dbbad70d7119bd0d8ca6151/element - {"using":"xpath","value":"//div[contains(@id ,\"ProductsTable-sa-CbBg\")]"}
RESULT: {"using":"xpath","value":"//div[contains(@id ,\"ProductsTable-sa-CbBg\")]"}
COMMAND: POST /session/b65fc9896dbbad70d7119bd0d8ca6151/element/f.B1DE806DB4DF8D130682F5CACC3F0FDB.d.0C500B8F73190A190C0B5AE980D5E63E.e.6916/click - {}
RESULT: {}
COMMAND: GET /session/b65fc9896dbbad70d7119bd0d8ca6151/screenshot - {}
RESULT: {}
COMMAND: POST /session/b65fc9896dbbad70d7119bd0d8ca6151/execute/async - {"script":"<script> [1562 bytes]","args":[{"selector":{"id":"deleteBtn","viewName":"etm.portal.ui.managecontracts.view.EditContract","interaction":{"idSuffix":"BDI-content"}},"wdio_ui5_key":"deleteBtnetmportal.ui.managecontracts.view.EditContract"}]}
RESULT: {"script":"<script> [1562 bytes]","args":[{"selector":{"id":"deleteBtn","viewName":"etm.portal.ui.managecontracts.view.EditContract","interaction":{"idSuffix":"BDI-content"}},"wdio_ui5_key":"deleteBtnetmportal.ui.managecontracts.view.EditContract"}]}
RESULT: undefined
COMMAND: POST /session/b65fc9896dbbad70d7119bd0d8ca6151/element - {"using":"xpath","value":"//*[@id=\"__xmlview2--deleteBtn\"]"}
RESULT: {"using":"xpath","value":"//*[@id=\"__xmlview2--deleteBtn\"]"}
COMMAND: POST /session/b65fc9896dbbad70d7119bd0d8ca6151/element/f.B1DE806DB4DF8D130682F5CACC3F0FDB.d.0C500B8F73190A190C0B5AE980D5E63E.e.6919/click - {}
RESULT: {}
COMMAND: POST /session/b65fc9896dbbad70d7119bd0d8ca6151/element - {"using":"xpath","value":"//bdi[contains(@id ,\"BDI-content\")][contains(text(), \"OK\")]"}
COMMAND: GET /session/b65fc9896dbbad70d7119bd0d8ca6151/screenshot - {}
RESULT: {"using":"xpath","value":"//bdi[contains(@id ,\"BDI-content\")][contains(text(), \"OK\")]"}
COMMAND: POST /session/b65fc9896dbbad70d7119bd0d8ca6151/element/f.B1DE806DB4DF8D130682F5CACC3F0FDB.d.0C500B8F73190A190C0B5AE980D5E63E.e.6921/click - {}
RESULT: {}
RESULT: {}
COMMAND: GET /session/b65fc9896dbbad70d7119bd0d8ca6151/screenshot - {}
RESULT: {}
COMMAND: POST /session/b65fc9896dbbad70d7119bd0d8ca6151/element - {"using":"xpath","value":"//bdi[contains(@id ,\"BDI-content\")][contains(text(), \"Save\")]"}
RESULT: {"using":"xpath","value":"//bdi[contains(@id ,\"BDI-content\")][contains(text(), \"Save\")]"}
COMMAND: POST /session/b65fc9896dbbad70d7119bd0d8ca6151/element/f.B1DE806DB4DF8D130682F5CACC3F0FDB.d.0C500B8F73190A190C0B5AE980D5E63E.e.6922/click - {}
RESULT: {}
COMMAND: GET /session/b65fc9896dbbad70d7119bd0d8ca6151/screenshot - {}
RESULT: {}
COMMAND: POST /session/b65fc9896dbbad70d7119bd0d8ca6151/element - {"using":"xpath","value":"(//span[contains(text(), \"Header Billing Items\")])[1]"}
RESULT: {"using":"xpath","value":"(//span[contains(text(), \"Header Billing Items\")])[1]"}
COMMAND: POST /session/b65fc9896dbbad70d7119bd0d8ca6151/element/f.B1DE806DB4DF8D130682F5CACC3F0FDB.d.0C500B8F73190A190C0B5AE980D5E63E.e.6925/click - {}
RESULT: {}
COMMAND: GET /session/b65fc9896dbbad70d7119bd0d8ca6151/screenshot - {}
RESULT: {}
COMMAND: POST /session/b65fc9896dbbad70d7119bd0d8ca6151/execute/async - {"script":"<script> [1562 bytes]","args":[{"selector":{"controlType":"sap.m.ObjectStatus","viewName":"etm.portal.ui.managecontracts.view.Detail","bindingPath":{"path":"/SmartContractItems(CONTRACT='10181',ITEM=10m,SUB_ITEM=0m)","propertyPath":"STATUS"}},"wdio_ui5_key":"etmportal.ui.managecontracts.view.Detailsap.m.ObjectStatus{\"path\":\"/SmartContractItems(CONTRACT='10181',ITEM=10m,SUB_ITEM=0m)\",\"propertyPath\":\"STATUS\"}"}]}
RESULT: {"script":"<script> [1562 bytes]","args":[{"selector":{"controlType":"sap.m.ObjectStatus","viewName":"etm.portal.ui.managecontracts.view.Detail","bindingPath":{"path":"/SmartContractItems(CONTRACT='10181',ITEM=10m,SUB_ITEM=0m)","propertyPath":"STATUS"}},"wdio_ui5_key":"etmportal.ui.managecontracts.view.Detailsap.m.ObjectStatus{\"path\":\"/SmartContractItems(CONTRACT='10181',ITEM=10m,SUB_ITEM=0m)\",\"propertyPath\":\"STATUS\"}"}]}
RESULT: undefined
COMMAND: POST /session/b65fc9896dbbad70d7119bd0d8ca6151/execute/async - {"script":"<script> [6424 bytes]","args":[{"element-6066-11e4-a52e-4f735466cecf":"f.B1DE806DB4DF8D130682F5CACC3F0FDB.d.0C500B8F73190A190C0B5AE980D5E63E.e.6927"},"getText",[]]}
RESULT: {"script":"<script> [6424 bytes]","args":[{"element-6066-11e4-a52e-4f735466cecf":"f.B1DE806DB4DF8D130682F5CACC3F0FDB.d.0C500B8F73190A190C0B5AE980D5E63E.e.6927"},"getText",[]]}
COMMAND: POST /session/b65fc9896dbbad70d7119bd0d8ca6151/element - {"using":"css selector","value":"#shell-header-logo"}
RESULT: {"using":"css selector","value":"#shell-header-logo"}
COMMAND: POST /session/b65fc9896dbbad70d7119bd0d8ca6151/element/f.B1DE806DB4DF8D130682F5CACC3F0FDB.d.0C500B8F73190A190C0B5AE980D5E63E.e.6810/click - {}
RESULT: undefined
RESULT: {}
COMMAND: GET /session/b65fc9896dbbad70d7119bd0d8ca6151/screenshot - {}
RESULT: {}
COMMAND: POST /session/b65fc9896dbbad70d7119bd0d8ca6151/execute/async - {"script":"<script> [1562 bytes]","args":[{"selector":{"controlType":"sap.m.GenericTile","properties":{"header":"Manage Requests"}},"wdio_ui5_key":"sapm.GenericTile{\"header\":\"Manage Requests\"}"}]}
RESULT: {"script":"<script> [1562 bytes]","args":[{"selector":{"controlType":"sap.m.GenericTile","properties":{"header":"Manage Requests"}},"wdio_ui5_key":"sapm.GenericTile{\"header\":\"Manage Requests\"}"}]}
RESULT: undefined
COMMAND: POST /session/b65fc9896dbbad70d7119bd0d8ca6151/element - {"using":"xpath","value":"//*[@id=\"__tile48\"]"}
RESULT: {"using":"xpath","value":"//*[@id=\"__tile48\"]"}
COMMAND: POST /session/b65fc9896dbbad70d7119bd0d8ca6151/element/f.B1DE806DB4DF8D130682F5CACC3F0FDB.d.0C500B8F73190A190C0B5AE980D5E63E.e.6947/click - {}
RESULT: {}
COMMAND: GET /session/b65fc9896dbbad70d7119bd0d8ca6151/screenshot - {}
RESULT: {}
COMMAND: POST /session/b65fc9896dbbad70d7119bd0d8ca6151/elements - {"using":"xpath","value":"//span[text()='Error']"}
COMMAND: POST /session/b65fc9896dbbad70d7119bd0d8ca6151/execute/async - {"script":"<script> [1562 bytes]","args":[{"selector":{"controlType":"sap.m.SearchField","viewName":"etm.portal.ui.managerequests.view.Master","bindingPath":{"path":"","propertyPath":"/_BASIC_SEARCH_FIELD","modelName":"fi1t3rM0d31"},"interaction":{"idSuffix":"I"}},"wdio_ui5_key":"etmportal.ui.managerequests.view.Mastersap.m.SearchField{\"path\":\"\",\"propertyPath\":\"/_BASIC_SEARCH_FIELD\",\"modelName\":\"fi1t3rM0d31\"}"}]}
RESULT: {"using":"xpath","value":"//span[text()='Error']"}
RESULT: {"script":"<script> [1562 bytes]","args":[{"selector":{"controlType":"sap.m.SearchField","viewName":"etm.portal.ui.managerequests.view.Master","bindingPath":{"path":"","propertyPath":"/_BASIC_SEARCH_FIELD","modelName":"fi1t3rM0d31"},"interaction":{"idSuffix":"I"}},"wdio_ui5_key":"etmportal.ui.managerequests.view.Mastersap.m.SearchField{\"path\":\"\",\"propertyPath\":\"/_BASIC_SEARCH_FIELD\",\"modelName\":\"fi1t3rM0d31\"}"}]}
RESULT: undefined
COMMAND: POST /session/b65fc9896dbbad70d7119bd0d8ca6151/execute/async - {"script":"<script> [776 bytes]","args":[{"enterText":"20084","selector":{"controlType":"sap.m.SearchField","viewName":"etm.portal.ui.managerequests.view.Master","bindingPath":{"path":"","propertyPath":"/_BASIC_SEARCH_FIELD","modelName":"fi1t3rM0d31"},"interaction":{"idSuffix":"I"}},"clearTextFirst":true,"interactionType":"ENTER_TEXT"}]}
RESULT: {"script":"<script> [776 bytes]","args":[{"enterText":"20084","selector":{"controlType":"sap.m.SearchField","viewName":"etm.portal.ui.managerequests.view.Master","bindingPath":{"path":"","propertyPath":"/_BASIC_SEARCH_FIELD","modelName":"fi1t3rM0d31"},"interaction":{"idSuffix":"I"}},"clearTextFirst":true,"interactionType":"ENTER_TEXT"}]}
COMMAND: POST /session/b65fc9896dbbad70d7119bd0d8ca6151/actions - {"actions":[{"id":"action33","type":"key","parameters":{},"actions":[{"type":"keyDown","value":""},{"type":"pause","duration":10},{"type":"keyUp","value":""}]}]}
RESULT: {"actions":[{"id":"action33","type":"key","parameters":{},"actions":[{"type":"keyDown","value":""},{"type":"pause","duration":10},{"type":"keyUp","value":""}]}]}
COMMAND: GET /session/b65fc9896dbbad70d7119bd0d8ca6151/screenshot - {}
RESULT: {}
COMMAND: POST /session/b65fc9896dbbad70d7119bd0d8ca6151/execute/async - {"script":"<script> [1562 bytes]","args":[{"selector":{"controlType":"sap.m.Text","viewName":"etm.portal.ui.managerequests.view.Master","bindingPath":{"path":"/SmartManageRequests('20084')","propertyPath":"NO"}},"wdio_ui5_key":"etmportal.ui.managerequests.view.Mastersap.m.Text{\"path\":\"/SmartManageRequests('20084')\",\"propertyPath\":\"NO\"}"}]}
RESULT: {"script":"<script> [1562 bytes]","args":[{"selector":{"controlType":"sap.m.Text","viewName":"etm.portal.ui.managerequests.view.Master","bindingPath":{"path":"/SmartManageRequests('20084')","propertyPath":"NO"}},"wdio_ui5_key":"etmportal.ui.managerequests.view.Mastersap.m.Text{\"path\":\"/SmartManageRequests('20084')\",\"propertyPath\":\"NO\"}"}]}
RESULT: undefined
COMMAND: POST /session/b65fc9896dbbad70d7119bd0d8ca6151/element - {"using":"xpath","value":"//*[@id=\"__text463-__clone233\"]"}
RESULT: {"using":"xpath","value":"//*[@id=\"__text463-__clone233\"]"}
COMMAND: POST /session/b65fc9896dbbad70d7119bd0d8ca6151/element/f.B1DE806DB4DF8D130682F5CACC3F0FDB.d.0C500B8F73190A190C0B5AE980D5E63E.e.7078/click - {}
RESULT: {}
COMMAND: GET /session/b65fc9896dbbad70d7119bd0d8ca6151/screenshot - {}
RESULT: {}
COMMAND: POST /session/b65fc9896dbbad70d7119bd0d8ca6151/execute/async - {"script":"<script> [1562 bytes]","args":[{"selector":{"controlType":"sap.ui.core.Icon","viewName":"etm.portal.ui.managerequests.view.Detail","properties":{"src":{"regex":{"source":"slim\\-arrow\\-up"}}}},"wdio_ui5_key":"etmportal.ui.managerequests.view.Detailsap.ui.core.Icon{\"src\":{\"regex\":{\"source\":\"slim\\\\-arrow\\\\-up\"}}}"}]}
RESULT: {"script":"<script> [1562 bytes]","args":[{"selector":{"controlType":"sap.ui.core.Icon","viewName":"etm.portal.ui.managerequests.view.Detail","properties":{"src":{"regex":{"source":"slim\\-arrow\\-up"}}}},"wdio_ui5_key":"etmportal.ui.managerequests.view.Detailsap.ui.core.Icon{\"src\":{\"regex\":{\"source\":\"slim\\\\-arrow\\\\-up\"}}}"}]}
RESULT: undefined
COMMAND: POST /session/b65fc9896dbbad70d7119bd0d8ca6151/element - {"using":"xpath","value":"//*[@id=\"__xmlview63--detailRequestPage-OPHeaderContent-collapseBtn-img\"]"}
RESULT: {"using":"xpath","value":"//*[@id=\"__xmlview63--detailRequestPage-OPHeaderContent-collapseBtn-img\"]"}
COMMAND: POST /session/b65fc9896dbbad70d7119bd0d8ca6151/element/f.B1DE806DB4DF8D130682F5CACC3F0FDB.d.0C500B8F73190A190C0B5AE980D5E63E.e.7224/click - {}
RESULT: {}
COMMAND: GET /session/b65fc9896dbbad70d7119bd0d8ca6151/screenshot - {}
RESULT: {}
COMMAND: POST /session/b65fc9896dbbad70d7119bd0d8ca6151/execute/async - {"script":"<script> [1562 bytes]","args":[{"selector":{"controlType":"sap.m.Text","viewName":"etm.portal.ui.managerequests.view.Detail","bindingPath":{"path":"/SmartRequestItemsPlanningBoard(ITEM=20m,REQUEST='20084')","propertyPath":"STATUS_DESC"}},"wdio_ui5_key":"etmportal.ui.managerequests.view.Detailsap.m.Text{\"path\":\"/SmartRequestItemsPlanningBoard(ITEM=20m,REQUEST='20084')\",\"propertyPath\":\"STATUS_DESC\"}"}]}
RESULT: {"script":"<script> [1562 bytes]","args":[{"selector":{"controlType":"sap.m.Text","viewName":"etm.portal.ui.managerequests.view.Detail","bindingPath":{"path":"/SmartRequestItemsPlanningBoard(ITEM=20m,REQUEST='20084')","propertyPath":"STATUS_DESC"}},"wdio_ui5_key":"etmportal.ui.managerequests.view.Detailsap.m.Text{\"path\":\"/SmartRequestItemsPlanningBoard(ITEM=20m,REQUEST='20084')\",\"propertyPath\":\"STATUS_DESC\"}"}]}
RESULT: undefined
COMMAND: POST /session/b65fc9896dbbad70d7119bd0d8ca6151/execute/async - {"script":"<script> [6424 bytes]","args":[{"element-6066-11e4-a52e-4f735466cecf":"f.B1DE806DB4DF8D130682F5CACC3F0FDB.d.0C500B8F73190A190C0B5AE980D5E63E.e.7281"},"getText",[]]}
RESULT: {"script":"<script> [6424 bytes]","args":[{"element-6066-11e4-a52e-4f735466cecf":"f.B1DE806DB4DF8D130682F5CACC3F0FDB.d.0C500B8F73190A190C0B5AE980D5E63E.e.7281"},"getText",[]]}
COMMAND: POST /session/b65fc9896dbbad70d7119bd0d8ca6151/element - {"using":"css selector","value":"#shell-header-logo"}
RESULT: {"using":"css selector","value":"#shell-header-logo"}
COMMAND: POST /session/b65fc9896dbbad70d7119bd0d8ca6151/element/f.B1DE806DB4DF8D130682F5CACC3F0FDB.d.0C500B8F73190A190C0B5AE980D5E63E.e.6951/click - {}
RESULT: {}
COMMAND: GET /session/b65fc9896dbbad70d7119bd0d8ca6151/screenshot - {}
RESULT: {}
]]></system-out>
    </testcase>
  </testsuite>
  <testsuite timestamp="2025-06-13T18:05:57" time="163.974" tests="4" failures="3" errors="3" skipped="0">
    <properties>
      <property name="specId" value="0"/>
      <property name="suiteName" value="Standard contract close-reopen US111278"/>
      <property name="capabilities" value="chrome.137_0_7151_69.windows"/>
      <property name="file" value="file:///D:/a/1/s/test/specs/R2C/standard-contract-close-reopen.spec.js"/>
    </properties>
    <testcase classname="chrome.137_0_7151_69.windows.Standard_contract_close-reopen_US111278" name="Should create a new contract and add an item" time="135.946">
      <system-out><![CDATA[
COMMAND: POST /session/b65fc9896dbbad70d7119bd0d8ca6151/execute/async - {"script":"<script> [1562 bytes]","args":[{"selector":{"controlType":"sap.m.GenericTile","properties":{"header":"Manage Contracts"}},"wdio_ui5_key":"sapm.GenericTile{\"header\":\"Manage Contracts\"}"}]}
RESULT: {"script":"<script> [1562 bytes]","args":[{"selector":{"controlType":"sap.m.GenericTile","properties":{"header":"Manage Contracts"}},"wdio_ui5_key":"sapm.GenericTile{\"header\":\"Manage Contracts\"}"}]}
RESULT: undefined
COMMAND: POST /session/b65fc9896dbbad70d7119bd0d8ca6151/element - {"using":"xpath","value":"//*[@id=\"__tile132\"]"}
RESULT: {"using":"xpath","value":"//*[@id=\"__tile132\"]"}
COMMAND: POST /session/b65fc9896dbbad70d7119bd0d8ca6151/element/f.B1DE806DB4DF8D130682F5CACC3F0FDB.d.0C500B8F73190A190C0B5AE980D5E63E.e.7286/click - {}
RESULT: {}
COMMAND: GET /session/b65fc9896dbbad70d7119bd0d8ca6151/screenshot - {}
RESULT: {}
COMMAND: POST /session/b65fc9896dbbad70d7119bd0d8ca6151/elements - {"using":"xpath","value":"//span[text()='Error']"}
RESULT: {"using":"xpath","value":"//span[text()='Error']"}
COMMAND: POST /session/b65fc9896dbbad70d7119bd0d8ca6151/element - {"using":"xpath","value":"//button[@data-kt=\"addButton\"]"}
RESULT: {"using":"xpath","value":"//button[@data-kt=\"addButton\"]"}
COMMAND: POST /session/b65fc9896dbbad70d7119bd0d8ca6151/element/f.B1DE806DB4DF8D130682F5CACC3F0FDB.d.0C500B8F73190A190C0B5AE980D5E63E.e.7335/click - {}
RESULT: {}
COMMAND: GET /session/b65fc9896dbbad70d7119bd0d8ca6151/screenshot - {}
RESULT: {}
COMMAND: POST /session/b65fc9896dbbad70d7119bd0d8ca6151/execute/async - {"script":"<script> [1562 bytes]","args":[{"selector":{"id":"application-managecontracts-display-component---AddNewContract--projectDescription","interaction":{"idSuffix":"inner"}},"wdio_ui5_key":"applicationmanagecontracts-display-component---AddNewContract--projectDescription"}]}
RESULT: {"script":"<script> [1562 bytes]","args":[{"selector":{"id":"application-managecontracts-display-component---AddNewContract--projectDescription","interaction":{"idSuffix":"inner"}},"wdio_ui5_key":"applicationmanagecontracts-display-component---AddNewContract--projectDescription"}]}
RESULT: undefined
COMMAND: POST /session/b65fc9896dbbad70d7119bd0d8ca6151/execute/async - {"script":"<script> [776 bytes]","args":[{"enterText":"WdIOTestzytdq","selector":{"id":"application-managecontracts-display-component---AddNewContract--projectDescription","interaction":{"idSuffix":"inner"}},"clearTextFirst":true,"interactionType":"ENTER_TEXT"}]}
RESULT: {"script":"<script> [776 bytes]","args":[{"enterText":"WdIOTestzytdq","selector":{"id":"application-managecontracts-display-component---AddNewContract--projectDescription","interaction":{"idSuffix":"inner"}},"clearTextFirst":true,"interactionType":"ENTER_TEXT"}]}
COMMAND: POST /session/b65fc9896dbbad70d7119bd0d8ca6151/element - {"using":"xpath","value":"//input[@id=\"application-managecontracts-display-component---AddNewContract--yardId-inner\"]"}
RESULT: {"using":"xpath","value":"//input[@id=\"application-managecontracts-display-component---AddNewContract--yardId-inner\"]"}
COMMAND: POST /session/b65fc9896dbbad70d7119bd0d8ca6151/element/f.B1DE806DB4DF8D130682F5CACC3F0FDB.d.0C500B8F73190A190C0B5AE980D5E63E.e.7598/clear - {}
RESULT: {}
COMMAND: POST /session/b65fc9896dbbad70d7119bd0d8ca6151/element/f.B1DE806DB4DF8D130682F5CACC3F0FDB.d.0C500B8F73190A190C0B5AE980D5E63E.e.7598/value - {"text":"WebdriverYardiuaq2g"}
COMMAND: GET /session/b65fc9896dbbad70d7119bd0d8ca6151/screenshot - {}
RESULT: {"text":"WebdriverYardiuaq2g"}
COMMAND: GET /session/b65fc9896dbbad70d7119bd0d8ca6151/screenshot - {}
RESULT: {}
RESULT: {}
COMMAND: POST /session/b65fc9896dbbad70d7119bd0d8ca6151/actions - {"actions":[{"id":"action34","type":"key","parameters":{},"actions":[{"type":"keyDown","value":""},{"type":"pause","duration":10},{"type":"keyUp","value":""}]}]}
RESULT: {"actions":[{"id":"action34","type":"key","parameters":{},"actions":[{"type":"keyDown","value":""},{"type":"pause","duration":10},{"type":"keyUp","value":""}]}]}
COMMAND: GET /session/b65fc9896dbbad70d7119bd0d8ca6151/screenshot - {}
RESULT: {}
COMMAND: POST /session/b65fc9896dbbad70d7119bd0d8ca6151/element - {"using":"xpath","value":"//input[@id=\"application-managecontracts-display-component---AddNewContract--customerSelect-inner\"]"}
RESULT: {"using":"xpath","value":"//input[@id=\"application-managecontracts-display-component---AddNewContract--customerSelect-inner\"]"}
COMMAND: POST /session/b65fc9896dbbad70d7119bd0d8ca6151/element/f.B1DE806DB4DF8D130682F5CACC3F0FDB.d.0C500B8F73190A190C0B5AE980D5E63E.e.7596/clear - {}
RESULT: {}
COMMAND: POST /session/b65fc9896dbbad70d7119bd0d8ca6151/element/f.B1DE806DB4DF8D130682F5CACC3F0FDB.d.0C500B8F73190A190C0B5AE980D5E63E.e.7596/value - {"text":"WebdriverPartner9q6jjg"}
COMMAND: GET /session/b65fc9896dbbad70d7119bd0d8ca6151/screenshot - {}
RESULT: {"text":"WebdriverPartner9q6jjg"}
COMMAND: GET /session/b65fc9896dbbad70d7119bd0d8ca6151/screenshot - {}
RESULT: {}
RESULT: {}
COMMAND: POST /session/b65fc9896dbbad70d7119bd0d8ca6151/actions - {"actions":[{"id":"action35","type":"key","parameters":{},"actions":[{"type":"keyDown","value":""},{"type":"pause","duration":10},{"type":"keyUp","value":""}]}]}
RESULT: {"actions":[{"id":"action35","type":"key","parameters":{},"actions":[{"type":"keyDown","value":""},{"type":"pause","duration":10},{"type":"keyUp","value":""}]}]}
COMMAND: GET /session/b65fc9896dbbad70d7119bd0d8ca6151/screenshot - {}
RESULT: {}
COMMAND: POST /session/b65fc9896dbbad70d7119bd0d8ca6151/element - {"using":"xpath","value":"//input[@id=\"application-managecontracts-display-component---AddNewContract--site-inner\"]"}
RESULT: {"using":"xpath","value":"//input[@id=\"application-managecontracts-display-component---AddNewContract--site-inner\"]"}
COMMAND: POST /session/b65fc9896dbbad70d7119bd0d8ca6151/element/f.B1DE806DB4DF8D130682F5CACC3F0FDB.d.0C500B8F73190A190C0B5AE980D5E63E.e.7597/clear - {}
RESULT: {}
COMMAND: POST /session/b65fc9896dbbad70d7119bd0d8ca6151/element/f.B1DE806DB4DF8D130682F5CACC3F0FDB.d.0C500B8F73190A190C0B5AE980D5E63E.e.7597/value - {"text":"WebdriverSite0ndr7"}
COMMAND: GET /session/b65fc9896dbbad70d7119bd0d8ca6151/screenshot - {}
RESULT: {"text":"WebdriverSite0ndr7"}
COMMAND: GET /session/b65fc9896dbbad70d7119bd0d8ca6151/screenshot - {}
RESULT: {}
RESULT: {}
COMMAND: POST /session/b65fc9896dbbad70d7119bd0d8ca6151/actions - {"actions":[{"id":"action36","type":"key","parameters":{},"actions":[{"type":"keyDown","value":""},{"type":"pause","duration":10},{"type":"keyUp","value":""}]}]}
RESULT: {"actions":[{"id":"action36","type":"key","parameters":{},"actions":[{"type":"keyDown","value":""},{"type":"pause","duration":10},{"type":"keyUp","value":""}]}]}
COMMAND: GET /session/b65fc9896dbbad70d7119bd0d8ca6151/screenshot - {}
RESULT: {}
COMMAND: POST /session/b65fc9896dbbad70d7119bd0d8ca6151/element - {"using":"xpath","value":"//button[@data-kt=\"saveButton\"]"}
RESULT: {"using":"xpath","value":"//button[@data-kt=\"saveButton\"]"}
COMMAND: POST /session/b65fc9896dbbad70d7119bd0d8ca6151/element/f.B1DE806DB4DF8D130682F5CACC3F0FDB.d.0C500B8F73190A190C0B5AE980D5E63E.e.7674/click - {}
RESULT: {}
COMMAND: GET /session/b65fc9896dbbad70d7119bd0d8ca6151/screenshot - {}
RESULT: {}
COMMAND: POST /session/b65fc9896dbbad70d7119bd0d8ca6151/execute/async - {"script":"<script> [1562 bytes]","args":[{"selector":{"id":"contractDetailTitleNoExpanded","viewName":"etm.portal.ui.managecontracts.view.Detail"},"wdio_ui5_key":"contractDetailTitleNoExpandedetmportal.ui.managecontracts.view.Detail"}]}
RESULT: {"script":"<script> [1562 bytes]","args":[{"selector":{"id":"contractDetailTitleNoExpanded","viewName":"etm.portal.ui.managecontracts.view.Detail"},"wdio_ui5_key":"contractDetailTitleNoExpandedetmportal.ui.managecontracts.view.Detail"}]}
RESULT: undefined
COMMAND: POST /session/b65fc9896dbbad70d7119bd0d8ca6151/execute/async - {"script":"<script> [6424 bytes]","args":[{"element-6066-11e4-a52e-4f735466cecf":"f.B1DE806DB4DF8D130682F5CACC3F0FDB.d.0C500B8F73190A190C0B5AE980D5E63E.e.7691"},"getText",[]]}
RESULT: {"script":"<script> [6424 bytes]","args":[{"element-6066-11e4-a52e-4f735466cecf":"f.B1DE806DB4DF8D130682F5CACC3F0FDB.d.0C500B8F73190A190C0B5AE980D5E63E.e.7691"},"getText",[]]}
COMMAND: POST /session/b65fc9896dbbad70d7119bd0d8ca6151/execute/async - {"script":"<script> [1562 bytes]","args":[{"selector":{"id":"closeContractBtn","viewName":"etm.portal.ui.managecontracts.view.Detail"},"wdio_ui5_key":"closeContractBtnetmportal.ui.managecontracts.view.Detail"}]}
RESULT: {"script":"<script> [1562 bytes]","args":[{"selector":{"id":"closeContractBtn","viewName":"etm.portal.ui.managecontracts.view.Detail"},"wdio_ui5_key":"closeContractBtnetmportal.ui.managecontracts.view.Detail"}]}
RESULT: undefined
COMMAND: POST /session/b65fc9896dbbad70d7119bd0d8ca6151/execute/async - {"script":"<script> [6424 bytes]","args":[{"element-6066-11e4-a52e-4f735466cecf":"f.B1DE806DB4DF8D130682F5CACC3F0FDB.d.0C500B8F73190A190C0B5AE980D5E63E.e.7692"},"getEnabled",[]]}
RESULT: {"script":"<script> [6424 bytes]","args":[{"element-6066-11e4-a52e-4f735466cecf":"f.B1DE806DB4DF8D130682F5CACC3F0FDB.d.0C500B8F73190A190C0B5AE980D5E63E.e.7692"},"getEnabled",[]]}
COMMAND: POST /session/b65fc9896dbbad70d7119bd0d8ca6151/element - {"using":"xpath","value":"//button[@data-kt=\"contractDetailEditBtnButton\"]"}
RESULT: {"using":"xpath","value":"//button[@data-kt=\"contractDetailEditBtnButton\"]"}
COMMAND: POST /session/b65fc9896dbbad70d7119bd0d8ca6151/element/f.B1DE806DB4DF8D130682F5CACC3F0FDB.d.0C500B8F73190A190C0B5AE980D5E63E.e.7693/click - {}
RESULT: {}
COMMAND: GET /session/b65fc9896dbbad70d7119bd0d8ca6151/screenshot - {}
RESULT: {}
COMMAND: POST /session/b65fc9896dbbad70d7119bd0d8ca6151/element - {"using":"xpath","value":"(//span[contains(text(), \"Additional Addresses\")])[2]"}
RESULT: {"using":"xpath","value":"(//span[contains(text(), \"Additional Addresses\")])[2]"}
COMMAND: POST /session/b65fc9896dbbad70d7119bd0d8ca6151/element/f.B1DE806DB4DF8D130682F5CACC3F0FDB.d.0C500B8F73190A190C0B5AE980D5E63E.e.7749/click - {}
RESULT: {}
COMMAND: GET /session/b65fc9896dbbad70d7119bd0d8ca6151/screenshot - {}
RESULT: {}
COMMAND: POST /session/b65fc9896dbbad70d7119bd0d8ca6151/element - {"using":"xpath","value":"//button[@data-kt=\"btnAddTableRowOverflowToolbarButton\"]"}
RESULT: {"using":"xpath","value":"//button[@data-kt=\"btnAddTableRowOverflowToolbarButton\"]"}
COMMAND: POST /session/b65fc9896dbbad70d7119bd0d8ca6151/element/f.B1DE806DB4DF8D130682F5CACC3F0FDB.d.0C500B8F73190A190C0B5AE980D5E63E.e.7753/click - {}
RESULT: {}
COMMAND: GET /session/b65fc9896dbbad70d7119bd0d8ca6151/screenshot - {}
RESULT: {}
COMMAND: POST /session/b65fc9896dbbad70d7119bd0d8ca6151/element - {"using":"xpath","value":"//div[(text() = 'Standard Entry' or . = 'Standard Entry')]"}
RESULT: {"using":"xpath","value":"//div[(text() = 'Standard Entry' or . = 'Standard Entry')]"}
COMMAND: POST /session/b65fc9896dbbad70d7119bd0d8ca6151/element/f.B1DE806DB4DF8D130682F5CACC3F0FDB.d.0C500B8F73190A190C0B5AE980D5E63E.e.7755/click - {}
RESULT: {}
COMMAND: POST /session/b65fc9896dbbad70d7119bd0d8ca6151/element - {"using":"xpath","value":"//td[6]/div/div/input[1]"}
COMMAND: GET /session/b65fc9896dbbad70d7119bd0d8ca6151/screenshot - {}
RESULT: {"using":"xpath","value":"//td[6]/div/div/input[1]"}
COMMAND: POST /session/b65fc9896dbbad70d7119bd0d8ca6151/element/f.B1DE806DB4DF8D130682F5CACC3F0FDB.d.0C500B8F73190A190C0B5AE980D5E63E.e.7757/click - {}
RESULT: {}
RESULT: {}
COMMAND: POST /session/b65fc9896dbbad70d7119bd0d8ca6151/actions - {"actions":[{"id":"action37","type":"key","parameters":{},"actions":[{"type":"keyDown","value":""},{"type":"pause","duration":10},{"type":"keyUp","value":""}]}]}
COMMAND: GET /session/b65fc9896dbbad70d7119bd0d8ca6151/screenshot - {}
RESULT: {"actions":[{"id":"action37","type":"key","parameters":{},"actions":[{"type":"keyDown","value":""},{"type":"pause","duration":10},{"type":"keyUp","value":""}]}]}
COMMAND: POST /session/b65fc9896dbbad70d7119bd0d8ca6151/element - {"using":"xpath","value":"//td[6]/div/div/input[1]"}
COMMAND: GET /session/b65fc9896dbbad70d7119bd0d8ca6151/screenshot - {}
RESULT: {}
RESULT: {"using":"xpath","value":"//td[6]/div/div/input[1]"}
COMMAND: POST /session/b65fc9896dbbad70d7119bd0d8ca6151/element/f.B1DE806DB4DF8D130682F5CACC3F0FDB.d.0C500B8F73190A190C0B5AE980D5E63E.e.7757/clear - {}
RESULT: {}
RESULT: {}
COMMAND: POST /session/b65fc9896dbbad70d7119bd0d8ca6151/element/f.B1DE806DB4DF8D130682F5CACC3F0FDB.d.0C500B8F73190A190C0B5AE980D5E63E.e.7757/value - {"text":"Material"}
COMMAND: GET /session/b65fc9896dbbad70d7119bd0d8ca6151/screenshot - {}
RESULT: {"text":"Material"}
COMMAND: GET /session/b65fc9896dbbad70d7119bd0d8ca6151/screenshot - {}
RESULT: {}
RESULT: {}
COMMAND: POST /session/b65fc9896dbbad70d7119bd0d8ca6151/actions - {"actions":[{"id":"action38","type":"key","parameters":{},"actions":[{"type":"keyDown","value":""},{"type":"pause","duration":10},{"type":"keyUp","value":""}]}]}
RESULT: {"actions":[{"id":"action38","type":"key","parameters":{},"actions":[{"type":"keyDown","value":""},{"type":"pause","duration":10},{"type":"keyUp","value":""}]}]}
COMMAND: GET /session/b65fc9896dbbad70d7119bd0d8ca6151/screenshot - {}
RESULT: {}
COMMAND: POST /session/b65fc9896dbbad70d7119bd0d8ca6151/actions - {"actions":[{"id":"action39","type":"key","parameters":{},"actions":[{"type":"keyDown","value":""},{"type":"pause","duration":10},{"type":"keyUp","value":""}]}]}
RESULT: {"actions":[{"id":"action39","type":"key","parameters":{},"actions":[{"type":"keyDown","value":""},{"type":"pause","duration":10},{"type":"keyUp","value":""}]}]}
COMMAND: POST /session/b65fc9896dbbad70d7119bd0d8ca6151/element - {"using":"xpath","value":"//td[7]/div/div/input"}
COMMAND: GET /session/b65fc9896dbbad70d7119bd0d8ca6151/screenshot - {}
RESULT: {"using":"xpath","value":"//td[7]/div/div/input"}
COMMAND: POST /session/b65fc9896dbbad70d7119bd0d8ca6151/element/f.B1DE806DB4DF8D130682F5CACC3F0FDB.d.0C500B8F73190A190C0B5AE980D5E63E.e.7770/clear - {}
RESULT: {}
RESULT: {}
COMMAND: POST /session/b65fc9896dbbad70d7119bd0d8ca6151/element/f.B1DE806DB4DF8D130682F5CACC3F0FDB.d.0C500B8F73190A190C0B5AE980D5E63E.e.7770/value - {"text":"WebdriverMatTestma4e7"}
COMMAND: GET /session/b65fc9896dbbad70d7119bd0d8ca6151/screenshot - {}
RESULT: {"text":"WebdriverMatTestma4e7"}
COMMAND: GET /session/b65fc9896dbbad70d7119bd0d8ca6151/screenshot - {}
RESULT: {}
RESULT: {}
COMMAND: POST /session/b65fc9896dbbad70d7119bd0d8ca6151/actions - {"actions":[{"id":"action40","type":"key","parameters":{},"actions":[{"type":"keyDown","value":""},{"type":"pause","duration":10},{"type":"keyUp","value":""}]}]}
RESULT: {"actions":[{"id":"action40","type":"key","parameters":{},"actions":[{"type":"keyDown","value":""},{"type":"pause","duration":10},{"type":"keyUp","value":""}]}]}
COMMAND: GET /session/b65fc9896dbbad70d7119bd0d8ca6151/screenshot - {}
RESULT: {}
COMMAND: POST /session/b65fc9896dbbad70d7119bd0d8ca6151/actions - {"actions":[{"id":"action41","type":"key","parameters":{},"actions":[{"type":"keyDown","value":""},{"type":"pause","duration":10},{"type":"keyUp","value":""}]}]}
RESULT: {"actions":[{"id":"action41","type":"key","parameters":{},"actions":[{"type":"keyDown","value":""},{"type":"pause","duration":10},{"type":"keyUp","value":""}]}]}
COMMAND: GET /session/b65fc9896dbbad70d7119bd0d8ca6151/screenshot - {}
RESULT: {}
COMMAND: POST /session/b65fc9896dbbad70d7119bd0d8ca6151/element - {"using":"xpath","value":"(//button[@data-kt=\"saveButton\"])[2]"}
RESULT: {"using":"xpath","value":"(//button[@data-kt=\"saveButton\"])[2]"}
COMMAND: POST /session/b65fc9896dbbad70d7119bd0d8ca6151/element/f.B1DE806DB4DF8D130682F5CACC3F0FDB.d.0C500B8F73190A190C0B5AE980D5E63E.e.7796/click - {}
RESULT: {}
COMMAND: GET /session/b65fc9896dbbad70d7119bd0d8ca6151/screenshot - {}
RESULT: {}
]]></system-out>
    </testcase>
    <testcase classname="chrome.137_0_7151_69.windows.Standard_contract_close-reopen_US111278" name="It should close the contract" time="19.752">
      <failure/>
      <error message="expect(received).toEqual(expected) // deep equality&#xA;&#xA;Expected: &quot;closed&quot;&#xA;Received: undefined"/>
      <system-out><![CDATA[
RESULT: undefined
COMMAND: POST /session/b65fc9896dbbad70d7119bd0d8ca6151/element - {"using":"xpath","value":"//*[@id=\"__xmlview65--closeContractBtn\"]"}
RESULT: {"using":"xpath","value":"//*[@id=\"__xmlview65--closeContractBtn\"]"}
COMMAND: POST /session/b65fc9896dbbad70d7119bd0d8ca6151/element/f.B1DE806DB4DF8D130682F5CACC3F0FDB.d.0C500B8F73190A190C0B5AE980D5E63E.e.7692/click - {}
RESULT: {}
COMMAND: GET /session/b65fc9896dbbad70d7119bd0d8ca6151/screenshot - {}
RESULT: {}
COMMAND: POST /session/b65fc9896dbbad70d7119bd0d8ca6151/element - {"using":"xpath","value":"//span[contains(text(), \"Do you want to close the whole contract?\")]"}
RESULT: {"using":"xpath","value":"//span[contains(text(), \"Do you want to close the whole contract?\")]"}
COMMAND: POST /session/b65fc9896dbbad70d7119bd0d8ca6151/execute/sync - {"script":"<script> [8489 bytes]","args":[{"element-6066-11e4-a52e-4f735466cecf":"f.B1DE806DB4DF8D130682F5CACC3F0FDB.d.0C500B8F73190A190C0B5AE980D5E63E.e.7800","ELEMENT":"f.B1DE806DB4DF8D130682F5CACC3F0FDB.d.0C500B8F73190A190C0B5AE980D5E63E.e.7800"}]}
RESULT: {"script":"<script> [8489 bytes]","args":[{"element-6066-11e4-a52e-4f735466cecf":"f.B1DE806DB4DF8D130682F5CACC3F0FDB.d.0C500B8F73190A190C0B5AE980D5E63E.e.7800","ELEMENT":"f.B1DE806DB4DF8D130682F5CACC3F0FDB.d.0C500B8F73190A190C0B5AE980D5E63E.e.7800"}]}
COMMAND: POST /session/b65fc9896dbbad70d7119bd0d8ca6151/element - {"using":"xpath","value":"//bdi[contains(text(), \"OK\")]"}
COMMAND: GET /session/b65fc9896dbbad70d7119bd0d8ca6151/screenshot - {}
RESULT: {"using":"xpath","value":"//bdi[contains(text(), \"OK\")]"}
COMMAND: POST /session/b65fc9896dbbad70d7119bd0d8ca6151/element/f.B1DE806DB4DF8D130682F5CACC3F0FDB.d.0C500B8F73190A190C0B5AE980D5E63E.e.7801/click - {}
RESULT: {}
RESULT: {}
COMMAND: GET /session/b65fc9896dbbad70d7119bd0d8ca6151/screenshot - {}
RESULT: {}
COMMAND: POST /session/b65fc9896dbbad70d7119bd0d8ca6151/element - {"using":"xpath","value":"//input[contains(@id ,\"smartContractFilterBar-btnBasicSearch-I\")]"}
RESULT: {"using":"xpath","value":"//input[contains(@id ,\"smartContractFilterBar-btnBasicSearch-I\")]"}
COMMAND: POST /session/b65fc9896dbbad70d7119bd0d8ca6151/element/f.B1DE806DB4DF8D130682F5CACC3F0FDB.d.0C500B8F73190A190C0B5AE980D5E63E.e.7297/clear - {}
RESULT: {}
COMMAND: POST /session/b65fc9896dbbad70d7119bd0d8ca6151/element/f.B1DE806DB4DF8D130682F5CACC3F0FDB.d.0C500B8F73190A190C0B5AE980D5E63E.e.7297/value - {"text":"10182"}
COMMAND: GET /session/b65fc9896dbbad70d7119bd0d8ca6151/screenshot - {}
RESULT: {"text":"10182"}
COMMAND: POST /session/b65fc9896dbbad70d7119bd0d8ca6151/actions - {"actions":[{"id":"action42","type":"key","parameters":{},"actions":[{"type":"keyDown","value":""},{"type":"pause","duration":10},{"type":"keyUp","value":""}]}]}
COMMAND: GET /session/b65fc9896dbbad70d7119bd0d8ca6151/screenshot - {}
RESULT: {}
RESULT: {"actions":[{"id":"action42","type":"key","parameters":{},"actions":[{"type":"keyDown","value":""},{"type":"pause","duration":10},{"type":"keyUp","value":""}]}]}
COMMAND: GET /session/b65fc9896dbbad70d7119bd0d8ca6151/screenshot - {}
RESULT: {}
RESULT: {}
COMMAND: POST /session/b65fc9896dbbad70d7119bd0d8ca6151/execute/async - {"script":"<script> [1562 bytes]","args":[{"selector":{"controlType":"sap.ui.core.Icon","viewName":"etm.portal.ui.managecontracts.view.Master","properties":{"src":{"regex":{"source":"slim\\-arrow\\-right"}}}},"wdio_ui5_key":"etmportal.ui.managecontracts.view.Mastersap.ui.core.Icon{\"src\":{\"regex\":{\"source\":\"slim\\\\-arrow\\\\-right\"}}}"}]}
RESULT: {"script":"<script> [1562 bytes]","args":[{"selector":{"controlType":"sap.ui.core.Icon","viewName":"etm.portal.ui.managecontracts.view.Master","properties":{"src":{"regex":{"source":"slim\\-arrow\\-right"}}}},"wdio_ui5_key":"etmportal.ui.managecontracts.view.Mastersap.ui.core.Icon{\"src\":{\"regex\":{\"source\":\"slim\\\\-arrow\\\\-right\"}}}"}]}
RESULT: undefined
COMMAND: POST /session/b65fc9896dbbad70d7119bd0d8ca6151/element - {"using":"xpath","value":"//*[@id=\"__item129-__clone300-imgNav\"]"}
RESULT: {"using":"xpath","value":"//*[@id=\"__item129-__clone300-imgNav\"]"}
COMMAND: POST /session/b65fc9896dbbad70d7119bd0d8ca6151/element/f.B1DE806DB4DF8D130682F5CACC3F0FDB.d.0C500B8F73190A190C0B5AE980D5E63E.e.7347/click - {}
RESULT: {}
COMMAND: POST /session/b65fc9896dbbad70d7119bd0d8ca6151/execute/async - {"script":"<script> [1562 bytes]","args":[{"selector":{"controlType":"sap.m.ObjectStatus","viewName":"etm.portal.ui.managecontracts.view.Detail","bindingPath":{"propertyPath":"LINK_TO_LOGISTICAL_STATUS/DESCRIPTION","modelName":"catalogModel"}},"wdio_ui5_key":"etmportal.ui.managecontracts.view.Detailsap.m.ObjectStatus{\"propertyPath\":\"LINK_TO_LOGISTICAL_STATUS/DESCRIPTION\",\"modelName\":\"catalogModel\"}"}]}
COMMAND: GET /session/b65fc9896dbbad70d7119bd0d8ca6151/screenshot - {}
RESULT: {"script":"<script> [1562 bytes]","args":[{"selector":{"controlType":"sap.m.ObjectStatus","viewName":"etm.portal.ui.managecontracts.view.Detail","bindingPath":{"propertyPath":"LINK_TO_LOGISTICAL_STATUS/DESCRIPTION","modelName":"catalogModel"}},"wdio_ui5_key":"etmportal.ui.managecontracts.view.Detailsap.m.ObjectStatus{\"propertyPath\":\"LINK_TO_LOGISTICAL_STATUS/DESCRIPTION\",\"modelName\":\"catalogModel\"}"}]}
RESULT: undefined
COMMAND: GET /session/b65fc9896dbbad70d7119bd0d8ca6151/screenshot - {}
RESULT: {}
RESULT: {}
]]></system-out>
      <system-err><![CDATA[
Error: expect(received).toEqual(expected) // deep equality

Expected: "closed"
Received: undefined
    at Context.<anonymous> (D:\a\1\s\test\specs\R2C\standard-contract-close-reopen.spec.js:101:30)
]]></system-err>
    </testcase>
    <testcase classname="chrome.137_0_7151_69.windows.Standard_contract_close-reopen_US111278" name="Should reopen the contract" time="0.932">
      <failure/>
      <error message="expect(received).toBeTruthy()&#xA;&#xA;Received: undefined"/>
      <system-out><![CDATA[
COMMAND: GET /session/b65fc9896dbbad70d7119bd0d8ca6151/screenshot - {}
COMMAND: POST /session/b65fc9896dbbad70d7119bd0d8ca6151/execute/async - {"script":"<script> [1562 bytes]","args":[{"selector":{"id":"openContractBtn","viewName":"etm.portal.ui.managecontracts.view.Detail"},"wdio_ui5_key":"openContractBtnetmportal.ui.managecontracts.view.Detail"}]}
RESULT: {"script":"<script> [1562 bytes]","args":[{"selector":{"id":"openContractBtn","viewName":"etm.portal.ui.managecontracts.view.Detail"},"wdio_ui5_key":"openContractBtnetmportal.ui.managecontracts.view.Detail"}]}
RESULT: undefined
COMMAND: GET /session/b65fc9896dbbad70d7119bd0d8ca6151/screenshot - {}
RESULT: {}
RESULT: {}
]]></system-out>
      <system-err><![CDATA[
Error: expect(received).toBeTruthy()

Received: undefined
    at Context.<anonymous> (D:\a\1\s\test\specs\R2C\standard-contract-close-reopen.spec.js:115:29)
]]></system-err>
    </testcase>
    <testcase classname="chrome.137_0_7151_69.windows.Standard_contract_close-reopen_US111278" name="Should verify for multiple statuses that open button is not visible" time="3.782">
      <failure/>
      <error message="element not interactable&#xA;  (Session info: chrome=137.0.7151.69)"/>
      <system-out><![CDATA[
COMMAND: POST /session/b65fc9896dbbad70d7119bd0d8ca6151/execute/async - {"script":"<script> [1562 bytes]","args":[{"selector":{"controlType":"sap.ui.core.Icon","viewName":"etm.portal.ui.managecontracts.view.Detail","properties":{"src":{"regex":{"source":"decline"}}}},"wdio_ui5_key":"etmportal.ui.managecontracts.view.Detailsap.ui.core.Icon{\"src\":{\"regex\":{\"source\":\"decline\"}}}"}]}
COMMAND: GET /session/b65fc9896dbbad70d7119bd0d8ca6151/screenshot - {}
RESULT: {"script":"<script> [1562 bytes]","args":[{"selector":{"controlType":"sap.ui.core.Icon","viewName":"etm.portal.ui.managecontracts.view.Detail","properties":{"src":{"regex":{"source":"decline"}}}},"wdio_ui5_key":"etmportal.ui.managecontracts.view.Detailsap.ui.core.Icon{\"src\":{\"regex\":{\"source\":\"decline\"}}}"}]}
RESULT: undefined
COMMAND: POST /session/b65fc9896dbbad70d7119bd0d8ca6151/element - {"using":"xpath","value":"//*[@id=\"__xmlview65--closeColumnBtn-img\"]"}
RESULT: {}
RESULT: {"using":"xpath","value":"//*[@id=\"__xmlview65--closeColumnBtn-img\"]"}
COMMAND: POST /session/b65fc9896dbbad70d7119bd0d8ca6151/element/f.B1DE806DB4DF8D130682F5CACC3F0FDB.d.0C500B8F73190A190C0B5AE980D5E63E.e.7824/click - {}
RESULT: {}
COMMAND: GET /session/b65fc9896dbbad70d7119bd0d8ca6151/screenshot - {}
COMMAND: POST /session/b65fc9896dbbad70d7119bd0d8ca6151/element - {"using":"xpath","value":"//div[contains(@id ,\"smartContractFilterBar-btnBasicSearch-reset\")]"}
RESULT: {}
RESULT: {"using":"xpath","value":"//div[contains(@id ,\"smartContractFilterBar-btnBasicSearch-reset\")]"}
COMMAND: POST /session/b65fc9896dbbad70d7119bd0d8ca6151/element/f.B1DE806DB4DF8D130682F5CACC3F0FDB.d.0C500B8F73190A190C0B5AE980D5E63E.e.7966/click - {}
COMMAND: GET /session/b65fc9896dbbad70d7119bd0d8ca6151/screenshot - {}
RESULT: {}
COMMAND: GET /session/b65fc9896dbbad70d7119bd0d8ca6151/screenshot - {}
COMMAND: POST /session/b65fc9896dbbad70d7119bd0d8ca6151/element - {"using":"css selector","value":"#shell-header-logo"}
COMMAND: GET /session/b65fc9896dbbad70d7119bd0d8ca6151/screenshot - {}
RESULT: {}
RESULT: {"using":"css selector","value":"#shell-header-logo"}
COMMAND: POST /session/b65fc9896dbbad70d7119bd0d8ca6151/element/f.B1DE806DB4DF8D130682F5CACC3F0FDB.d.0C500B8F73190A190C0B5AE980D5E63E.e.7288/click - {}
RESULT: {}
RESULT: {}
COMMAND: GET /session/b65fc9896dbbad70d7119bd0d8ca6151/screenshot - {}
RESULT: {}
]]></system-out>
      <system-err><![CDATA[
element not interactable: element not interactable
  (Session info: chrome=137.0.7151.69)
    at async Context.<anonymous> (D:\a\1\s\test\specs\R2C\standard-contract-close-reopen.spec.js:177:9)
]]></system-err>
    </testcase>
  </testsuite>
  <testsuite timestamp="2025-06-13T18:08:41" time="91.987" tests="1" failures="1" errors="1" skipped="0">
    <properties>
      <property name="specId" value="0"/>
      <property name="suiteName" value="Standard contract decline US151279"/>
      <property name="capabilities" value="chrome.137_0_7151_69.windows"/>
      <property name="file" value="file:///D:/a/1/s/test/specs/R2C/standard-contract-decline.spec.js"/>
    </properties>
    <testcase classname="chrome.137_0_7151_69.windows.Standard_contract_decline_US151279" name="Should decline a contract" time="86.012">
      <failure/>
      <error message="expect(received).toEqual(expected) // deep equality&#xA;&#xA;Expected: &quot;Do you want to cancel the whole contract?&quot;&#xA;Received: undefined"/>
      <system-out><![CDATA[
RESULT: undefined
COMMAND: POST /session/b65fc9896dbbad70d7119bd0d8ca6151/element - {"using":"xpath","value":"//*[@id=\"__tile132\"]"}
RESULT: {"using":"xpath","value":"//*[@id=\"__tile132\"]"}
COMMAND: POST /session/b65fc9896dbbad70d7119bd0d8ca6151/element/f.B1DE806DB4DF8D130682F5CACC3F0FDB.d.0C500B8F73190A190C0B5AE980D5E63E.e.7286/click - {}
RESULT: {}
COMMAND: GET /session/b65fc9896dbbad70d7119bd0d8ca6151/screenshot - {}
RESULT: {}
COMMAND: POST /session/b65fc9896dbbad70d7119bd0d8ca6151/element - {"using":"xpath","value":"//input[contains(@id ,\"smartContractFilterBar-btnBasicSearch-I\")]"}
RESULT: {"using":"xpath","value":"//input[contains(@id ,\"smartContractFilterBar-btnBasicSearch-I\")]"}
COMMAND: POST /session/b65fc9896dbbad70d7119bd0d8ca6151/element/f.B1DE806DB4DF8D130682F5CACC3F0FDB.d.0C500B8F73190A190C0B5AE980D5E63E.e.7973/clear - {}
RESULT: {}
COMMAND: POST /session/b65fc9896dbbad70d7119bd0d8ca6151/element/f.B1DE806DB4DF8D130682F5CACC3F0FDB.d.0C500B8F73190A190C0B5AE980D5E63E.e.7973/value - {"text":"10182"}
COMMAND: GET /session/b65fc9896dbbad70d7119bd0d8ca6151/screenshot - {}
RESULT: {"text":"10182"}
COMMAND: POST /session/b65fc9896dbbad70d7119bd0d8ca6151/actions - {"actions":[{"id":"action43","type":"key","parameters":{},"actions":[{"type":"keyDown","value":""},{"type":"pause","duration":10},{"type":"keyUp","value":""}]}]}
COMMAND: GET /session/b65fc9896dbbad70d7119bd0d8ca6151/screenshot - {}
RESULT: {}
RESULT: {"actions":[{"id":"action43","type":"key","parameters":{},"actions":[{"type":"keyDown","value":""},{"type":"pause","duration":10},{"type":"keyUp","value":""}]}]}
COMMAND: GET /session/b65fc9896dbbad70d7119bd0d8ca6151/screenshot - {}
RESULT: {}
RESULT: {}
COMMAND: POST /session/b65fc9896dbbad70d7119bd0d8ca6151/elements - {"using":"xpath","value":"//span[text()='Error']"}
RESULT: {"using":"xpath","value":"//span[text()='Error']"}
RESULT: undefined
COMMAND: POST /session/b65fc9896dbbad70d7119bd0d8ca6151/element - {"using":"xpath","value":"//*[@id=\"__item129-__clone300-imgNav\"]"}
RESULT: {"using":"xpath","value":"//*[@id=\"__item129-__clone300-imgNav\"]"}
COMMAND: POST /session/b65fc9896dbbad70d7119bd0d8ca6151/elements - {"using":"xpath","value":"//*[@id=\"__item129-__clone300-imgNav\"]"}
RESULT: {"using":"xpath","value":"//*[@id=\"__item129-__clone300-imgNav\"]"}
COMMAND: POST /session/b65fc9896dbbad70d7119bd0d8ca6151/elements - {"using":"xpath","value":"//*[@id=\"__item129-__clone300-imgNav\"]"}
RESULT: {"using":"xpath","value":"//*[@id=\"__item129-__clone300-imgNav\"]"}
COMMAND: POST /session/b65fc9896dbbad70d7119bd0d8ca6151/elements - {"using":"xpath","value":"//*[@id=\"__item129-__clone300-imgNav\"]"}
RESULT: {"using":"xpath","value":"//*[@id=\"__item129-__clone300-imgNav\"]"}
COMMAND: POST /session/b65fc9896dbbad70d7119bd0d8ca6151/elements - {"using":"xpath","value":"//*[@id=\"__item129-__clone300-imgNav\"]"}
RESULT: {"using":"xpath","value":"//*[@id=\"__item129-__clone300-imgNav\"]"}
COMMAND: POST /session/b65fc9896dbbad70d7119bd0d8ca6151/elements - {"using":"xpath","value":"//*[@id=\"__item129-__clone300-imgNav\"]"}
RESULT: {"using":"xpath","value":"//*[@id=\"__item129-__clone300-imgNav\"]"}
COMMAND: POST /session/b65fc9896dbbad70d7119bd0d8ca6151/elements - {"using":"xpath","value":"//*[@id=\"__item129-__clone300-imgNav\"]"}
RESULT: {"using":"xpath","value":"//*[@id=\"__item129-__clone300-imgNav\"]"}
COMMAND: POST /session/b65fc9896dbbad70d7119bd0d8ca6151/elements - {"using":"xpath","value":"//*[@id=\"__item129-__clone300-imgNav\"]"}
RESULT: {"using":"xpath","value":"//*[@id=\"__item129-__clone300-imgNav\"]"}
COMMAND: POST /session/b65fc9896dbbad70d7119bd0d8ca6151/elements - {"using":"xpath","value":"//*[@id=\"__item129-__clone300-imgNav\"]"}
RESULT: {"using":"xpath","value":"//*[@id=\"__item129-__clone300-imgNav\"]"}
COMMAND: POST /session/b65fc9896dbbad70d7119bd0d8ca6151/elements - {"using":"xpath","value":"//*[@id=\"__item129-__clone300-imgNav\"]"}
RESULT: {"using":"xpath","value":"//*[@id=\"__item129-__clone300-imgNav\"]"}
COMMAND: POST /session/b65fc9896dbbad70d7119bd0d8ca6151/elements - {"using":"xpath","value":"//*[@id=\"__item129-__clone300-imgNav\"]"}
RESULT: {"using":"xpath","value":"//*[@id=\"__item129-__clone300-imgNav\"]"}
COMMAND: POST /session/b65fc9896dbbad70d7119bd0d8ca6151/elements - {"using":"xpath","value":"//*[@id=\"__item129-__clone300-imgNav\"]"}
RESULT: {"using":"xpath","value":"//*[@id=\"__item129-__clone300-imgNav\"]"}
COMMAND: POST /session/b65fc9896dbbad70d7119bd0d8ca6151/elements - {"using":"xpath","value":"//*[@id=\"__item129-__clone300-imgNav\"]"}
RESULT: {"using":"xpath","value":"//*[@id=\"__item129-__clone300-imgNav\"]"}
COMMAND: POST /session/b65fc9896dbbad70d7119bd0d8ca6151/elements - {"using":"xpath","value":"//*[@id=\"__item129-__clone300-imgNav\"]"}
RESULT: {"using":"xpath","value":"//*[@id=\"__item129-__clone300-imgNav\"]"}
COMMAND: POST /session/b65fc9896dbbad70d7119bd0d8ca6151/elements - {"using":"xpath","value":"//*[@id=\"__item129-__clone300-imgNav\"]"}
RESULT: {"using":"xpath","value":"//*[@id=\"__item129-__clone300-imgNav\"]"}
COMMAND: POST /session/b65fc9896dbbad70d7119bd0d8ca6151/elements - {"using":"xpath","value":"//*[@id=\"__item129-__clone300-imgNav\"]"}
RESULT: {"using":"xpath","value":"//*[@id=\"__item129-__clone300-imgNav\"]"}
COMMAND: POST /session/b65fc9896dbbad70d7119bd0d8ca6151/elements - {"using":"xpath","value":"//*[@id=\"__item129-__clone300-imgNav\"]"}
RESULT: {"using":"xpath","value":"//*[@id=\"__item129-__clone300-imgNav\"]"}
COMMAND: POST /session/b65fc9896dbbad70d7119bd0d8ca6151/elements - {"using":"xpath","value":"//*[@id=\"__item129-__clone300-imgNav\"]"}
RESULT: {"using":"xpath","value":"//*[@id=\"__item129-__clone300-imgNav\"]"}
COMMAND: POST /session/b65fc9896dbbad70d7119bd0d8ca6151/elements - {"using":"xpath","value":"//*[@id=\"__item129-__clone300-imgNav\"]"}
RESULT: {"using":"xpath","value":"//*[@id=\"__item129-__clone300-imgNav\"]"}
COMMAND: POST /session/b65fc9896dbbad70d7119bd0d8ca6151/elements - {"using":"xpath","value":"//*[@id=\"__item129-__clone300-imgNav\"]"}
RESULT: {"using":"xpath","value":"//*[@id=\"__item129-__clone300-imgNav\"]"}
COMMAND: POST /session/b65fc9896dbbad70d7119bd0d8ca6151/elements - {"using":"xpath","value":"//*[@id=\"__item129-__clone300-imgNav\"]"}
RESULT: {"using":"xpath","value":"//*[@id=\"__item129-__clone300-imgNav\"]"}
COMMAND: POST /session/b65fc9896dbbad70d7119bd0d8ca6151/elements - {"using":"xpath","value":"//*[@id=\"__item129-__clone300-imgNav\"]"}
RESULT: {"using":"xpath","value":"//*[@id=\"__item129-__clone300-imgNav\"]"}
COMMAND: POST /session/b65fc9896dbbad70d7119bd0d8ca6151/elements - {"using":"xpath","value":"//*[@id=\"__item129-__clone300-imgNav\"]"}
RESULT: {"using":"xpath","value":"//*[@id=\"__item129-__clone300-imgNav\"]"}
COMMAND: POST /session/b65fc9896dbbad70d7119bd0d8ca6151/elements - {"using":"xpath","value":"//*[@id=\"__item129-__clone300-imgNav\"]"}
RESULT: {"using":"xpath","value":"//*[@id=\"__item129-__clone300-imgNav\"]"}
COMMAND: POST /session/b65fc9896dbbad70d7119bd0d8ca6151/elements - {"using":"xpath","value":"//*[@id=\"__item129-__clone300-imgNav\"]"}
RESULT: {"using":"xpath","value":"//*[@id=\"__item129-__clone300-imgNav\"]"}
COMMAND: POST /session/b65fc9896dbbad70d7119bd0d8ca6151/elements - {"using":"xpath","value":"//*[@id=\"__item129-__clone300-imgNav\"]"}
RESULT: {"using":"xpath","value":"//*[@id=\"__item129-__clone300-imgNav\"]"}
COMMAND: POST /session/b65fc9896dbbad70d7119bd0d8ca6151/elements - {"using":"xpath","value":"//*[@id=\"__item129-__clone300-imgNav\"]"}
RESULT: {"using":"xpath","value":"//*[@id=\"__item129-__clone300-imgNav\"]"}
COMMAND: POST /session/b65fc9896dbbad70d7119bd0d8ca6151/elements - {"using":"xpath","value":"//*[@id=\"__item129-__clone300-imgNav\"]"}
RESULT: {"using":"xpath","value":"//*[@id=\"__item129-__clone300-imgNav\"]"}
COMMAND: POST /session/b65fc9896dbbad70d7119bd0d8ca6151/elements - {"using":"xpath","value":"//*[@id=\"__item129-__clone300-imgNav\"]"}
RESULT: {"using":"xpath","value":"//*[@id=\"__item129-__clone300-imgNav\"]"}
COMMAND: POST /session/b65fc9896dbbad70d7119bd0d8ca6151/elements - {"using":"xpath","value":"//*[@id=\"__item129-__clone300-imgNav\"]"}
RESULT: {"using":"xpath","value":"//*[@id=\"__item129-__clone300-imgNav\"]"}
COMMAND: POST /session/b65fc9896dbbad70d7119bd0d8ca6151/elements - {"using":"xpath","value":"//*[@id=\"__item129-__clone300-imgNav\"]"}
RESULT: {"using":"xpath","value":"//*[@id=\"__item129-__clone300-imgNav\"]"}
COMMAND: POST /session/b65fc9896dbbad70d7119bd0d8ca6151/elements - {"using":"xpath","value":"//*[@id=\"__item129-__clone300-imgNav\"]"}
RESULT: {"using":"xpath","value":"//*[@id=\"__item129-__clone300-imgNav\"]"}
COMMAND: POST /session/b65fc9896dbbad70d7119bd0d8ca6151/elements - {"using":"xpath","value":"//*[@id=\"__item129-__clone300-imgNav\"]"}
RESULT: {"using":"xpath","value":"//*[@id=\"__item129-__clone300-imgNav\"]"}
COMMAND: POST /session/b65fc9896dbbad70d7119bd0d8ca6151/elements - {"using":"xpath","value":"//*[@id=\"__item129-__clone300-imgNav\"]"}
RESULT: {"using":"xpath","value":"//*[@id=\"__item129-__clone300-imgNav\"]"}
COMMAND: POST /session/b65fc9896dbbad70d7119bd0d8ca6151/elements - {"using":"xpath","value":"//*[@id=\"__item129-__clone300-imgNav\"]"}
RESULT: {"using":"xpath","value":"//*[@id=\"__item129-__clone300-imgNav\"]"}
COMMAND: POST /session/b65fc9896dbbad70d7119bd0d8ca6151/elements - {"using":"xpath","value":"//*[@id=\"__item129-__clone300-imgNav\"]"}
RESULT: {"using":"xpath","value":"//*[@id=\"__item129-__clone300-imgNav\"]"}
COMMAND: POST /session/b65fc9896dbbad70d7119bd0d8ca6151/elements - {"using":"xpath","value":"//*[@id=\"__item129-__clone300-imgNav\"]"}
RESULT: {"using":"xpath","value":"//*[@id=\"__item129-__clone300-imgNav\"]"}
COMMAND: POST /session/b65fc9896dbbad70d7119bd0d8ca6151/elements - {"using":"xpath","value":"//*[@id=\"__item129-__clone300-imgNav\"]"}
RESULT: {"using":"xpath","value":"//*[@id=\"__item129-__clone300-imgNav\"]"}
COMMAND: POST /session/b65fc9896dbbad70d7119bd0d8ca6151/elements - {"using":"xpath","value":"//*[@id=\"__item129-__clone300-imgNav\"]"}
RESULT: {"using":"xpath","value":"//*[@id=\"__item129-__clone300-imgNav\"]"}
COMMAND: POST /session/b65fc9896dbbad70d7119bd0d8ca6151/elements - {"using":"xpath","value":"//*[@id=\"__item129-__clone300-imgNav\"]"}
RESULT: {"using":"xpath","value":"//*[@id=\"__item129-__clone300-imgNav\"]"}
COMMAND: POST /session/b65fc9896dbbad70d7119bd0d8ca6151/elements - {"using":"xpath","value":"//*[@id=\"__item129-__clone300-imgNav\"]"}
RESULT: {"using":"xpath","value":"//*[@id=\"__item129-__clone300-imgNav\"]"}
COMMAND: POST /session/b65fc9896dbbad70d7119bd0d8ca6151/elements - {"using":"xpath","value":"//*[@id=\"__item129-__clone300-imgNav\"]"}
RESULT: {"using":"xpath","value":"//*[@id=\"__item129-__clone300-imgNav\"]"}
COMMAND: POST /session/b65fc9896dbbad70d7119bd0d8ca6151/elements - {"using":"xpath","value":"//*[@id=\"__item129-__clone300-imgNav\"]"}
RESULT: {"using":"xpath","value":"//*[@id=\"__item129-__clone300-imgNav\"]"}
COMMAND: POST /session/b65fc9896dbbad70d7119bd0d8ca6151/elements - {"using":"xpath","value":"//*[@id=\"__item129-__clone300-imgNav\"]"}
RESULT: {"using":"xpath","value":"//*[@id=\"__item129-__clone300-imgNav\"]"}
COMMAND: POST /session/b65fc9896dbbad70d7119bd0d8ca6151/elements - {"using":"xpath","value":"//*[@id=\"__item129-__clone300-imgNav\"]"}
RESULT: {"using":"xpath","value":"//*[@id=\"__item129-__clone300-imgNav\"]"}
COMMAND: POST /session/b65fc9896dbbad70d7119bd0d8ca6151/elements - {"using":"xpath","value":"//*[@id=\"__item129-__clone300-imgNav\"]"}
RESULT: {"using":"xpath","value":"//*[@id=\"__item129-__clone300-imgNav\"]"}
COMMAND: POST /session/b65fc9896dbbad70d7119bd0d8ca6151/elements - {"using":"xpath","value":"//*[@id=\"__item129-__clone300-imgNav\"]"}
RESULT: {"using":"xpath","value":"//*[@id=\"__item129-__clone300-imgNav\"]"}
COMMAND: POST /session/b65fc9896dbbad70d7119bd0d8ca6151/elements - {"using":"xpath","value":"//*[@id=\"__item129-__clone300-imgNav\"]"}
RESULT: {"using":"xpath","value":"//*[@id=\"__item129-__clone300-imgNav\"]"}
COMMAND: POST /session/b65fc9896dbbad70d7119bd0d8ca6151/elements - {"using":"xpath","value":"//*[@id=\"__item129-__clone300-imgNav\"]"}
RESULT: {"using":"xpath","value":"//*[@id=\"__item129-__clone300-imgNav\"]"}
COMMAND: POST /session/b65fc9896dbbad70d7119bd0d8ca6151/elements - {"using":"xpath","value":"//*[@id=\"__item129-__clone300-imgNav\"]"}
RESULT: {"using":"xpath","value":"//*[@id=\"__item129-__clone300-imgNav\"]"}
COMMAND: POST /session/b65fc9896dbbad70d7119bd0d8ca6151/elements - {"using":"xpath","value":"//*[@id=\"__item129-__clone300-imgNav\"]"}
RESULT: {"using":"xpath","value":"//*[@id=\"__item129-__clone300-imgNav\"]"}
COMMAND: POST /session/b65fc9896dbbad70d7119bd0d8ca6151/elements - {"using":"xpath","value":"//*[@id=\"__item129-__clone300-imgNav\"]"}
RESULT: {"using":"xpath","value":"//*[@id=\"__item129-__clone300-imgNav\"]"}
COMMAND: POST /session/b65fc9896dbbad70d7119bd0d8ca6151/elements - {"using":"xpath","value":"//*[@id=\"__item129-__clone300-imgNav\"]"}
RESULT: {"using":"xpath","value":"//*[@id=\"__item129-__clone300-imgNav\"]"}
COMMAND: POST /session/b65fc9896dbbad70d7119bd0d8ca6151/elements - {"using":"xpath","value":"//*[@id=\"__item129-__clone300-imgNav\"]"}
RESULT: {"using":"xpath","value":"//*[@id=\"__item129-__clone300-imgNav\"]"}
COMMAND: POST /session/b65fc9896dbbad70d7119bd0d8ca6151/elements - {"using":"xpath","value":"//*[@id=\"__item129-__clone300-imgNav\"]"}
RESULT: {"using":"xpath","value":"//*[@id=\"__item129-__clone300-imgNav\"]"}
COMMAND: POST /session/b65fc9896dbbad70d7119bd0d8ca6151/elements - {"using":"xpath","value":"//*[@id=\"__item129-__clone300-imgNav\"]"}
RESULT: {"using":"xpath","value":"//*[@id=\"__item129-__clone300-imgNav\"]"}
COMMAND: POST /session/b65fc9896dbbad70d7119bd0d8ca6151/elements - {"using":"xpath","value":"//*[@id=\"__item129-__clone300-imgNav\"]"}
RESULT: {"using":"xpath","value":"//*[@id=\"__item129-__clone300-imgNav\"]"}
COMMAND: POST /session/b65fc9896dbbad70d7119bd0d8ca6151/elements - {"using":"xpath","value":"//*[@id=\"__item129-__clone300-imgNav\"]"}
RESULT: {"using":"xpath","value":"//*[@id=\"__item129-__clone300-imgNav\"]"}
COMMAND: POST /session/b65fc9896dbbad70d7119bd0d8ca6151/elements - {"using":"xpath","value":"//*[@id=\"__item129-__clone300-imgNav\"]"}
RESULT: {"using":"xpath","value":"//*[@id=\"__item129-__clone300-imgNav\"]"}
COMMAND: POST /session/b65fc9896dbbad70d7119bd0d8ca6151/elements - {"using":"xpath","value":"//*[@id=\"__item129-__clone300-imgNav\"]"}
RESULT: {"using":"xpath","value":"//*[@id=\"__item129-__clone300-imgNav\"]"}
COMMAND: POST /session/b65fc9896dbbad70d7119bd0d8ca6151/elements - {"using":"xpath","value":"//*[@id=\"__item129-__clone300-imgNav\"]"}
RESULT: {"using":"xpath","value":"//*[@id=\"__item129-__clone300-imgNav\"]"}
COMMAND: POST /session/b65fc9896dbbad70d7119bd0d8ca6151/elements - {"using":"xpath","value":"//*[@id=\"__item129-__clone300-imgNav\"]"}
RESULT: {"using":"xpath","value":"//*[@id=\"__item129-__clone300-imgNav\"]"}
COMMAND: POST /session/b65fc9896dbbad70d7119bd0d8ca6151/elements - {"using":"xpath","value":"//*[@id=\"__item129-__clone300-imgNav\"]"}
RESULT: {"using":"xpath","value":"//*[@id=\"__item129-__clone300-imgNav\"]"}
COMMAND: POST /session/b65fc9896dbbad70d7119bd0d8ca6151/elements - {"using":"xpath","value":"//*[@id=\"__item129-__clone300-imgNav\"]"}
RESULT: {"using":"xpath","value":"//*[@id=\"__item129-__clone300-imgNav\"]"}
COMMAND: POST /session/b65fc9896dbbad70d7119bd0d8ca6151/elements - {"using":"xpath","value":"//*[@id=\"__item129-__clone300-imgNav\"]"}
RESULT: {"using":"xpath","value":"//*[@id=\"__item129-__clone300-imgNav\"]"}
COMMAND: POST /session/b65fc9896dbbad70d7119bd0d8ca6151/elements - {"using":"xpath","value":"//*[@id=\"__item129-__clone300-imgNav\"]"}
RESULT: {"using":"xpath","value":"//*[@id=\"__item129-__clone300-imgNav\"]"}
COMMAND: POST /session/b65fc9896dbbad70d7119bd0d8ca6151/elements - {"using":"xpath","value":"//*[@id=\"__item129-__clone300-imgNav\"]"}
RESULT: {"using":"xpath","value":"//*[@id=\"__item129-__clone300-imgNav\"]"}
COMMAND: POST /session/b65fc9896dbbad70d7119bd0d8ca6151/elements - {"using":"xpath","value":"//*[@id=\"__item129-__clone300-imgNav\"]"}
RESULT: {"using":"xpath","value":"//*[@id=\"__item129-__clone300-imgNav\"]"}
COMMAND: POST /session/b65fc9896dbbad70d7119bd0d8ca6151/elements - {"using":"xpath","value":"//*[@id=\"__item129-__clone300-imgNav\"]"}
RESULT: {"using":"xpath","value":"//*[@id=\"__item129-__clone300-imgNav\"]"}
COMMAND: POST /session/b65fc9896dbbad70d7119bd0d8ca6151/elements - {"using":"xpath","value":"//*[@id=\"__item129-__clone300-imgNav\"]"}
RESULT: {"using":"xpath","value":"//*[@id=\"__item129-__clone300-imgNav\"]"}
COMMAND: POST /session/b65fc9896dbbad70d7119bd0d8ca6151/elements - {"using":"xpath","value":"//*[@id=\"__item129-__clone300-imgNav\"]"}
RESULT: {"using":"xpath","value":"//*[@id=\"__item129-__clone300-imgNav\"]"}
COMMAND: POST /session/b65fc9896dbbad70d7119bd0d8ca6151/elements - {"using":"xpath","value":"//*[@id=\"__item129-__clone300-imgNav\"]"}
RESULT: {"using":"xpath","value":"//*[@id=\"__item129-__clone300-imgNav\"]"}
COMMAND: POST /session/b65fc9896dbbad70d7119bd0d8ca6151/elements - {"using":"xpath","value":"//*[@id=\"__item129-__clone300-imgNav\"]"}
RESULT: {"using":"xpath","value":"//*[@id=\"__item129-__clone300-imgNav\"]"}
COMMAND: POST /session/b65fc9896dbbad70d7119bd0d8ca6151/elements - {"using":"xpath","value":"//*[@id=\"__item129-__clone300-imgNav\"]"}
RESULT: {"using":"xpath","value":"//*[@id=\"__item129-__clone300-imgNav\"]"}
COMMAND: POST /session/b65fc9896dbbad70d7119bd0d8ca6151/elements - {"using":"xpath","value":"//*[@id=\"__item129-__clone300-imgNav\"]"}
RESULT: {"using":"xpath","value":"//*[@id=\"__item129-__clone300-imgNav\"]"}
COMMAND: POST /session/b65fc9896dbbad70d7119bd0d8ca6151/elements - {"using":"xpath","value":"//*[@id=\"__item129-__clone300-imgNav\"]"}
RESULT: {"using":"xpath","value":"//*[@id=\"__item129-__clone300-imgNav\"]"}
COMMAND: POST /session/b65fc9896dbbad70d7119bd0d8ca6151/elements - {"using":"xpath","value":"//*[@id=\"__item129-__clone300-imgNav\"]"}
RESULT: {"using":"xpath","value":"//*[@id=\"__item129-__clone300-imgNav\"]"}
COMMAND: POST /session/b65fc9896dbbad70d7119bd0d8ca6151/elements - {"using":"xpath","value":"//*[@id=\"__item129-__clone300-imgNav\"]"}
RESULT: {"using":"xpath","value":"//*[@id=\"__item129-__clone300-imgNav\"]"}
COMMAND: POST /session/b65fc9896dbbad70d7119bd0d8ca6151/elements - {"using":"xpath","value":"//*[@id=\"__item129-__clone300-imgNav\"]"}
RESULT: {"using":"xpath","value":"//*[@id=\"__item129-__clone300-imgNav\"]"}
COMMAND: POST /session/b65fc9896dbbad70d7119bd0d8ca6151/elements - {"using":"xpath","value":"//*[@id=\"__item129-__clone300-imgNav\"]"}
RESULT: {"using":"xpath","value":"//*[@id=\"__item129-__clone300-imgNav\"]"}
COMMAND: POST /session/b65fc9896dbbad70d7119bd0d8ca6151/elements - {"using":"xpath","value":"//*[@id=\"__item129-__clone300-imgNav\"]"}
RESULT: {"using":"xpath","value":"//*[@id=\"__item129-__clone300-imgNav\"]"}
COMMAND: POST /session/b65fc9896dbbad70d7119bd0d8ca6151/elements - {"using":"xpath","value":"//*[@id=\"__item129-__clone300-imgNav\"]"}
RESULT: {"using":"xpath","value":"//*[@id=\"__item129-__clone300-imgNav\"]"}
COMMAND: POST /session/b65fc9896dbbad70d7119bd0d8ca6151/elements - {"using":"xpath","value":"//*[@id=\"__item129-__clone300-imgNav\"]"}
RESULT: {"using":"xpath","value":"//*[@id=\"__item129-__clone300-imgNav\"]"}
COMMAND: POST /session/b65fc9896dbbad70d7119bd0d8ca6151/elements - {"using":"xpath","value":"//*[@id=\"__item129-__clone300-imgNav\"]"}
RESULT: {"using":"xpath","value":"//*[@id=\"__item129-__clone300-imgNav\"]"}
COMMAND: POST /session/b65fc9896dbbad70d7119bd0d8ca6151/elements - {"using":"xpath","value":"//*[@id=\"__item129-__clone300-imgNav\"]"}
RESULT: {"using":"xpath","value":"//*[@id=\"__item129-__clone300-imgNav\"]"}
COMMAND: POST /session/b65fc9896dbbad70d7119bd0d8ca6151/elements - {"using":"xpath","value":"//*[@id=\"__item129-__clone300-imgNav\"]"}
RESULT: {"using":"xpath","value":"//*[@id=\"__item129-__clone300-imgNav\"]"}
COMMAND: POST /session/b65fc9896dbbad70d7119bd0d8ca6151/elements - {"using":"xpath","value":"//*[@id=\"__item129-__clone300-imgNav\"]"}
RESULT: {"using":"xpath","value":"//*[@id=\"__item129-__clone300-imgNav\"]"}
COMMAND: POST /session/b65fc9896dbbad70d7119bd0d8ca6151/elements - {"using":"xpath","value":"//*[@id=\"__item129-__clone300-imgNav\"]"}
RESULT: {"using":"xpath","value":"//*[@id=\"__item129-__clone300-imgNav\"]"}
COMMAND: POST /session/b65fc9896dbbad70d7119bd0d8ca6151/elements - {"using":"xpath","value":"//*[@id=\"__item129-__clone300-imgNav\"]"}
RESULT: {"using":"xpath","value":"//*[@id=\"__item129-__clone300-imgNav\"]"}
COMMAND: POST /session/b65fc9896dbbad70d7119bd0d8ca6151/elements - {"using":"xpath","value":"//*[@id=\"__item129-__clone300-imgNav\"]"}
RESULT: {"using":"xpath","value":"//*[@id=\"__item129-__clone300-imgNav\"]"}
COMMAND: POST /session/b65fc9896dbbad70d7119bd0d8ca6151/elements - {"using":"xpath","value":"//*[@id=\"__item129-__clone300-imgNav\"]"}
RESULT: {"using":"xpath","value":"//*[@id=\"__item129-__clone300-imgNav\"]"}
COMMAND: POST /session/b65fc9896dbbad70d7119bd0d8ca6151/elements - {"using":"xpath","value":"//*[@id=\"__item129-__clone300-imgNav\"]"}
RESULT: {"using":"xpath","value":"//*[@id=\"__item129-__clone300-imgNav\"]"}
COMMAND: POST /session/b65fc9896dbbad70d7119bd0d8ca6151/elements - {"using":"xpath","value":"//*[@id=\"__item129-__clone300-imgNav\"]"}
RESULT: {"using":"xpath","value":"//*[@id=\"__item129-__clone300-imgNav\"]"}
COMMAND: POST /session/b65fc9896dbbad70d7119bd0d8ca6151/elements - {"using":"xpath","value":"//*[@id=\"__item129-__clone300-imgNav\"]"}
RESULT: {"using":"xpath","value":"//*[@id=\"__item129-__clone300-imgNav\"]"}
COMMAND: POST /session/b65fc9896dbbad70d7119bd0d8ca6151/elements - {"using":"xpath","value":"//*[@id=\"__item129-__clone300-imgNav\"]"}
RESULT: {"using":"xpath","value":"//*[@id=\"__item129-__clone300-imgNav\"]"}
COMMAND: POST /session/b65fc9896dbbad70d7119bd0d8ca6151/elements - {"using":"xpath","value":"//*[@id=\"__item129-__clone300-imgNav\"]"}
RESULT: {"using":"xpath","value":"//*[@id=\"__item129-__clone300-imgNav\"]"}
COMMAND: POST /session/b65fc9896dbbad70d7119bd0d8ca6151/elements - {"using":"xpath","value":"//*[@id=\"__item129-__clone300-imgNav\"]"}
RESULT: {"using":"xpath","value":"//*[@id=\"__item129-__clone300-imgNav\"]"}
COMMAND: POST /session/b65fc9896dbbad70d7119bd0d8ca6151/elements - {"using":"xpath","value":"//*[@id=\"__item129-__clone300-imgNav\"]"}
RESULT: {"using":"xpath","value":"//*[@id=\"__item129-__clone300-imgNav\"]"}
COMMAND: POST /session/b65fc9896dbbad70d7119bd0d8ca6151/elements - {"using":"xpath","value":"//*[@id=\"__item129-__clone300-imgNav\"]"}
RESULT: {"using":"xpath","value":"//*[@id=\"__item129-__clone300-imgNav\"]"}
COMMAND: POST /session/b65fc9896dbbad70d7119bd0d8ca6151/elements - {"using":"xpath","value":"//*[@id=\"__item129-__clone300-imgNav\"]"}
RESULT: {"using":"xpath","value":"//*[@id=\"__item129-__clone300-imgNav\"]"}
COMMAND: POST /session/b65fc9896dbbad70d7119bd0d8ca6151/elements - {"using":"xpath","value":"//*[@id=\"__item129-__clone300-imgNav\"]"}
RESULT: {"using":"xpath","value":"//*[@id=\"__item129-__clone300-imgNav\"]"}
COMMAND: POST /session/b65fc9896dbbad70d7119bd0d8ca6151/elements - {"using":"xpath","value":"//*[@id=\"__item129-__clone300-imgNav\"]"}
RESULT: {"using":"xpath","value":"//*[@id=\"__item129-__clone300-imgNav\"]"}
COMMAND: POST /session/b65fc9896dbbad70d7119bd0d8ca6151/elements - {"using":"xpath","value":"//*[@id=\"__item129-__clone300-imgNav\"]"}
RESULT: {"using":"xpath","value":"//*[@id=\"__item129-__clone300-imgNav\"]"}
COMMAND: POST /session/b65fc9896dbbad70d7119bd0d8ca6151/elements - {"using":"xpath","value":"//*[@id=\"__item129-__clone300-imgNav\"]"}
RESULT: {"using":"xpath","value":"//*[@id=\"__item129-__clone300-imgNav\"]"}
COMMAND: POST /session/b65fc9896dbbad70d7119bd0d8ca6151/elements - {"using":"xpath","value":"//*[@id=\"__item129-__clone300-imgNav\"]"}
RESULT: {"using":"xpath","value":"//*[@id=\"__item129-__clone300-imgNav\"]"}
COMMAND: POST /session/b65fc9896dbbad70d7119bd0d8ca6151/elements - {"using":"xpath","value":"//*[@id=\"__item129-__clone300-imgNav\"]"}
RESULT: {"using":"xpath","value":"//*[@id=\"__item129-__clone300-imgNav\"]"}
COMMAND: POST /session/b65fc9896dbbad70d7119bd0d8ca6151/elements - {"using":"xpath","value":"//*[@id=\"__item129-__clone300-imgNav\"]"}
RESULT: {"using":"xpath","value":"//*[@id=\"__item129-__clone300-imgNav\"]"}
COMMAND: POST /session/b65fc9896dbbad70d7119bd0d8ca6151/elements - {"using":"xpath","value":"//*[@id=\"__item129-__clone300-imgNav\"]"}
RESULT: {"using":"xpath","value":"//*[@id=\"__item129-__clone300-imgNav\"]"}
COMMAND: POST /session/b65fc9896dbbad70d7119bd0d8ca6151/elements - {"using":"xpath","value":"//*[@id=\"__item129-__clone300-imgNav\"]"}
RESULT: {"using":"xpath","value":"//*[@id=\"__item129-__clone300-imgNav\"]"}
COMMAND: POST /session/b65fc9896dbbad70d7119bd0d8ca6151/elements - {"using":"xpath","value":"//*[@id=\"__item129-__clone300-imgNav\"]"}
RESULT: {"using":"xpath","value":"//*[@id=\"__item129-__clone300-imgNav\"]"}
COMMAND: POST /session/b65fc9896dbbad70d7119bd0d8ca6151/elements - {"using":"xpath","value":"//*[@id=\"__item129-__clone300-imgNav\"]"}
RESULT: {"using":"xpath","value":"//*[@id=\"__item129-__clone300-imgNav\"]"}
COMMAND: POST /session/b65fc9896dbbad70d7119bd0d8ca6151/elements - {"using":"xpath","value":"//*[@id=\"__item129-__clone300-imgNav\"]"}
RESULT: {"using":"xpath","value":"//*[@id=\"__item129-__clone300-imgNav\"]"}
COMMAND: POST /session/b65fc9896dbbad70d7119bd0d8ca6151/elements - {"using":"xpath","value":"//*[@id=\"__item129-__clone300-imgNav\"]"}
RESULT: {"using":"xpath","value":"//*[@id=\"__item129-__clone300-imgNav\"]"}
COMMAND: POST /session/b65fc9896dbbad70d7119bd0d8ca6151/elements - {"using":"xpath","value":"//*[@id=\"__item129-__clone300-imgNav\"]"}
RESULT: {"using":"xpath","value":"//*[@id=\"__item129-__clone300-imgNav\"]"}
COMMAND: POST /session/b65fc9896dbbad70d7119bd0d8ca6151/elements - {"using":"xpath","value":"//*[@id=\"__item129-__clone300-imgNav\"]"}
RESULT: {"using":"xpath","value":"//*[@id=\"__item129-__clone300-imgNav\"]"}
COMMAND: POST /session/b65fc9896dbbad70d7119bd0d8ca6151/elements - {"using":"xpath","value":"//*[@id=\"__item129-__clone300-imgNav\"]"}
RESULT: {"using":"xpath","value":"//*[@id=\"__item129-__clone300-imgNav\"]"}
COMMAND: POST /session/b65fc9896dbbad70d7119bd0d8ca6151/elements - {"using":"xpath","value":"//*[@id=\"__item129-__clone300-imgNav\"]"}
RESULT: {"using":"xpath","value":"//*[@id=\"__item129-__clone300-imgNav\"]"}
COMMAND: POST /session/b65fc9896dbbad70d7119bd0d8ca6151/elements - {"using":"xpath","value":"//*[@id=\"__item129-__clone300-imgNav\"]"}
RESULT: {"using":"xpath","value":"//*[@id=\"__item129-__clone300-imgNav\"]"}
COMMAND: POST /session/b65fc9896dbbad70d7119bd0d8ca6151/elements - {"using":"xpath","value":"//*[@id=\"__item129-__clone300-imgNav\"]"}
RESULT: {"using":"xpath","value":"//*[@id=\"__item129-__clone300-imgNav\"]"}
COMMAND: POST /session/b65fc9896dbbad70d7119bd0d8ca6151/elements - {"using":"xpath","value":"//*[@id=\"__item129-__clone300-imgNav\"]"}
RESULT: {"using":"xpath","value":"//*[@id=\"__item129-__clone300-imgNav\"]"}
COMMAND: POST /session/b65fc9896dbbad70d7119bd0d8ca6151/elements - {"using":"xpath","value":"//*[@id=\"__item129-__clone300-imgNav\"]"}
RESULT: {"using":"xpath","value":"//*[@id=\"__item129-__clone300-imgNav\"]"}
COMMAND: POST /session/b65fc9896dbbad70d7119bd0d8ca6151/elements - {"using":"xpath","value":"//*[@id=\"__item129-__clone300-imgNav\"]"}
RESULT: {"using":"xpath","value":"//*[@id=\"__item129-__clone300-imgNav\"]"}
COMMAND: POST /session/b65fc9896dbbad70d7119bd0d8ca6151/execute/async - {"script":"<script> [1562 bytes]","args":[{"selector":{"id":"cancelContractBtn","viewName":"etm.portal.ui.managecontracts.view.Detail","interaction":{"idSuffix":"BDI-content"}},"wdio_ui5_key":"cancelContractBtnetmportal.ui.managecontracts.view.Detail"}]}
RESULT: {"script":"<script> [1562 bytes]","args":[{"selector":{"id":"cancelContractBtn","viewName":"etm.portal.ui.managecontracts.view.Detail","interaction":{"idSuffix":"BDI-content"}},"wdio_ui5_key":"cancelContractBtnetmportal.ui.managecontracts.view.Detail"}]}
RESULT: undefined
COMMAND: POST /session/b65fc9896dbbad70d7119bd0d8ca6151/execute/async - {"script":"<script> [1562 bytes]","args":[{"selector":{"controlType":"sap.m.Text","properties":{"text":"Do you want to cancel the whole contract?"},"searchOpenDialogs":true},"wdio_ui5_key":"sapm.Text{\"text\":\"Do you want to cancel the whole contract?\"}"}]}
RESULT: {"script":"<script> [1562 bytes]","args":[{"selector":{"controlType":"sap.m.Text","properties":{"text":"Do you want to cancel the whole contract?"},"searchOpenDialogs":true},"wdio_ui5_key":"sapm.Text{\"text\":\"Do you want to cancel the whole contract?\"}"}]}
RESULT: undefined
COMMAND: GET /session/b65fc9896dbbad70d7119bd0d8ca6151/screenshot - {}
RESULT: {}
COMMAND: POST /session/b65fc9896dbbad70d7119bd0d8ca6151/element - {"using":"css selector","value":"#shell-header-logo"}
COMMAND: GET /session/b65fc9896dbbad70d7119bd0d8ca6151/screenshot - {}
COMMAND: GET /session/b65fc9896dbbad70d7119bd0d8ca6151/screenshot - {}
RESULT: {"using":"css selector","value":"#shell-header-logo"}
COMMAND: POST /session/b65fc9896dbbad70d7119bd0d8ca6151/element/f.B1DE806DB4DF8D130682F5CACC3F0FDB.d.0C500B8F73190A190C0B5AE980D5E63E.e.7969/click - {}
RESULT: {}
RESULT: {}
RESULT: {}
COMMAND: GET /session/b65fc9896dbbad70d7119bd0d8ca6151/screenshot - {}
RESULT: {}
]]></system-out>
      <system-err><![CDATA[
Error: expect(received).toEqual(expected) // deep equality

Expected: "Do you want to cancel the whole contract?"
Received: undefined
    at Context.<anonymous> (D:\a\1\s\test\specs\R2C\standard-contract-decline.spec.js:78:37)
]]></system-err>
    </testcase>
  </testsuite>
  <testsuite timestamp="2025-06-13T18:10:13" time="173.163" tests="2" failures="0" errors="0" skipped="0">
    <properties>
      <property name="specId" value="0"/>
      <property name="suiteName" value="Insert service into a contract US152956"/>
      <property name="capabilities" value="chrome.137_0_7151_69.windows"/>
      <property name="file" value="file:///D:/a/1/s/test/specs/R2C/insert-service-into-a-contract.spec.js"/>
    </properties>
    <testcase classname="chrome.137_0_7151_69.windows.Insert_service_into_a_contract_US152956" name="Should create a new contract" time="94.302">
      <system-out><![CDATA[
RESULT: undefined
COMMAND: POST /session/b65fc9896dbbad70d7119bd0d8ca6151/element - {"using":"xpath","value":"//*[@id=\"__tile132\"]"}
RESULT: {"using":"xpath","value":"//*[@id=\"__tile132\"]"}
COMMAND: POST /session/b65fc9896dbbad70d7119bd0d8ca6151/element/f.B1DE806DB4DF8D130682F5CACC3F0FDB.d.0C500B8F73190A190C0B5AE980D5E63E.e.7286/click - {}
RESULT: {}
COMMAND: GET /session/b65fc9896dbbad70d7119bd0d8ca6151/screenshot - {}
RESULT: {}
COMMAND: POST /session/b65fc9896dbbad70d7119bd0d8ca6151/elements - {"using":"xpath","value":"//span[text()='Error']"}
RESULT: {"using":"xpath","value":"//span[text()='Error']"}
COMMAND: POST /session/b65fc9896dbbad70d7119bd0d8ca6151/element - {"using":"xpath","value":"//button[@data-kt=\"addButton\"]"}
RESULT: {"using":"xpath","value":"//button[@data-kt=\"addButton\"]"}
COMMAND: POST /session/b65fc9896dbbad70d7119bd0d8ca6151/element/f.B1DE806DB4DF8D130682F5CACC3F0FDB.d.0C500B8F73190A190C0B5AE980D5E63E.e.8122/click - {}
RESULT: {}
COMMAND: GET /session/b65fc9896dbbad70d7119bd0d8ca6151/screenshot - {}
RESULT: {}
RESULT: undefined
COMMAND: POST /session/b65fc9896dbbad70d7119bd0d8ca6151/execute/async - {"script":"<script> [776 bytes]","args":[{"enterText":"WdIOTestc7xf8","selector":{"id":"application-managecontracts-display-component---AddNewContract--projectDescription","interaction":{"idSuffix":"inner"}},"clearTextFirst":true,"interactionType":"ENTER_TEXT"}]}
RESULT: {"script":"<script> [776 bytes]","args":[{"enterText":"WdIOTestc7xf8","selector":{"id":"application-managecontracts-display-component---AddNewContract--projectDescription","interaction":{"idSuffix":"inner"}},"clearTextFirst":true,"interactionType":"ENTER_TEXT"}]}
COMMAND: POST /session/b65fc9896dbbad70d7119bd0d8ca6151/element - {"using":"xpath","value":"//input[@id=\"application-managecontracts-display-component---AddNewContract--yardId-inner\"]"}
RESULT: {"using":"xpath","value":"//input[@id=\"application-managecontracts-display-component---AddNewContract--yardId-inner\"]"}
COMMAND: POST /session/b65fc9896dbbad70d7119bd0d8ca6151/element/f.B1DE806DB4DF8D130682F5CACC3F0FDB.d.0C500B8F73190A190C0B5AE980D5E63E.e.8385/clear - {}
RESULT: {}
COMMAND: POST /session/b65fc9896dbbad70d7119bd0d8ca6151/element/f.B1DE806DB4DF8D130682F5CACC3F0FDB.d.0C500B8F73190A190C0B5AE980D5E63E.e.8385/value - {"text":"WebdriverYardiuaq2g"}
COMMAND: GET /session/b65fc9896dbbad70d7119bd0d8ca6151/screenshot - {}
RESULT: {"text":"WebdriverYardiuaq2g"}
COMMAND: GET /session/b65fc9896dbbad70d7119bd0d8ca6151/screenshot - {}
RESULT: {}
RESULT: {}
COMMAND: POST /session/b65fc9896dbbad70d7119bd0d8ca6151/actions - {"actions":[{"id":"action44","type":"key","parameters":{},"actions":[{"type":"keyDown","value":""},{"type":"pause","duration":10},{"type":"keyUp","value":""}]}]}
RESULT: {"actions":[{"id":"action44","type":"key","parameters":{},"actions":[{"type":"keyDown","value":""},{"type":"pause","duration":10},{"type":"keyUp","value":""}]}]}
COMMAND: GET /session/b65fc9896dbbad70d7119bd0d8ca6151/screenshot - {}
RESULT: {}
COMMAND: POST /session/b65fc9896dbbad70d7119bd0d8ca6151/element - {"using":"xpath","value":"//input[@id=\"application-managecontracts-display-component---AddNewContract--customerSelect-inner\"]"}
RESULT: {"using":"xpath","value":"//input[@id=\"application-managecontracts-display-component---AddNewContract--customerSelect-inner\"]"}
COMMAND: POST /session/b65fc9896dbbad70d7119bd0d8ca6151/element/f.B1DE806DB4DF8D130682F5CACC3F0FDB.d.0C500B8F73190A190C0B5AE980D5E63E.e.8383/clear - {}
RESULT: {}
COMMAND: POST /session/b65fc9896dbbad70d7119bd0d8ca6151/element/f.B1DE806DB4DF8D130682F5CACC3F0FDB.d.0C500B8F73190A190C0B5AE980D5E63E.e.8383/value - {"text":"WebdriverPartner9q6jjg"}
COMMAND: GET /session/b65fc9896dbbad70d7119bd0d8ca6151/screenshot - {}
RESULT: {"text":"WebdriverPartner9q6jjg"}
COMMAND: GET /session/b65fc9896dbbad70d7119bd0d8ca6151/screenshot - {}
RESULT: {}
RESULT: {}
COMMAND: POST /session/b65fc9896dbbad70d7119bd0d8ca6151/actions - {"actions":[{"id":"action45","type":"key","parameters":{},"actions":[{"type":"keyDown","value":""},{"type":"pause","duration":10},{"type":"keyUp","value":""}]}]}
RESULT: {"actions":[{"id":"action45","type":"key","parameters":{},"actions":[{"type":"keyDown","value":""},{"type":"pause","duration":10},{"type":"keyUp","value":""}]}]}
COMMAND: GET /session/b65fc9896dbbad70d7119bd0d8ca6151/screenshot - {}
RESULT: {}
COMMAND: POST /session/b65fc9896dbbad70d7119bd0d8ca6151/element - {"using":"xpath","value":"//input[@id=\"application-managecontracts-display-component---AddNewContract--site-inner\"]"}
RESULT: {"using":"xpath","value":"//input[@id=\"application-managecontracts-display-component---AddNewContract--site-inner\"]"}
COMMAND: POST /session/b65fc9896dbbad70d7119bd0d8ca6151/element/f.B1DE806DB4DF8D130682F5CACC3F0FDB.d.0C500B8F73190A190C0B5AE980D5E63E.e.8384/clear - {}
RESULT: {}
COMMAND: POST /session/b65fc9896dbbad70d7119bd0d8ca6151/element/f.B1DE806DB4DF8D130682F5CACC3F0FDB.d.0C500B8F73190A190C0B5AE980D5E63E.e.8384/value - {"text":"WebdriverSite0ndr7"}
COMMAND: GET /session/b65fc9896dbbad70d7119bd0d8ca6151/screenshot - {}
RESULT: {"text":"WebdriverSite0ndr7"}
COMMAND: GET /session/b65fc9896dbbad70d7119bd0d8ca6151/screenshot - {}
RESULT: {}
RESULT: {}
COMMAND: POST /session/b65fc9896dbbad70d7119bd0d8ca6151/actions - {"actions":[{"id":"action46","type":"key","parameters":{},"actions":[{"type":"keyDown","value":""},{"type":"pause","duration":10},{"type":"keyUp","value":""}]}]}
RESULT: {"actions":[{"id":"action46","type":"key","parameters":{},"actions":[{"type":"keyDown","value":""},{"type":"pause","duration":10},{"type":"keyUp","value":""}]}]}
COMMAND: GET /session/b65fc9896dbbad70d7119bd0d8ca6151/screenshot - {}
RESULT: {}
COMMAND: POST /session/b65fc9896dbbad70d7119bd0d8ca6151/element - {"using":"xpath","value":"//button[@data-kt=\"saveButton\"]"}
RESULT: {"using":"xpath","value":"//button[@data-kt=\"saveButton\"]"}
COMMAND: POST /session/b65fc9896dbbad70d7119bd0d8ca6151/element/f.B1DE806DB4DF8D130682F5CACC3F0FDB.d.0C500B8F73190A190C0B5AE980D5E63E.e.8461/click - {}
RESULT: {}
COMMAND: GET /session/b65fc9896dbbad70d7119bd0d8ca6151/screenshot - {}
RESULT: {}
RESULT: undefined
COMMAND: POST /session/b65fc9896dbbad70d7119bd0d8ca6151/execute/async - {"script":"<script> [6424 bytes]","args":[{"element-6066-11e4-a52e-4f735466cecf":"f.B1DE806DB4DF8D130682F5CACC3F0FDB.d.0C500B8F73190A190C0B5AE980D5E63E.e.7691"},"getText",[]]}
COMMAND: POST /session/b65fc9896dbbad70d7119bd0d8ca6151/execute/async - {"script":"<script> [1562 bytes]","args":[{"selector":{"id":"contractDetailTitleNoExpanded","viewName":"etm.portal.ui.managecontracts.view.Detail"},"wdio_ui5_key":"contractDetailTitleNoExpandedetmportal.ui.managecontracts.view.Detail"}]}
RESULT: {"script":"<script> [1562 bytes]","args":[{"selector":{"id":"contractDetailTitleNoExpanded","viewName":"etm.portal.ui.managecontracts.view.Detail"},"wdio_ui5_key":"contractDetailTitleNoExpandedetmportal.ui.managecontracts.view.Detail"}]}
COMMAND: POST /session/b65fc9896dbbad70d7119bd0d8ca6151/execute/async - {"script":"<script> [6424 bytes]","args":[{"element-6066-11e4-a52e-4f735466cecf":"f.B1DE806DB4DF8D130682F5CACC3F0FDB.d.0C500B8F73190A190C0B5AE980D5E63E.e.8538"},"getText",[]]}
RESULT: {"script":"<script> [6424 bytes]","args":[{"element-6066-11e4-a52e-4f735466cecf":"f.B1DE806DB4DF8D130682F5CACC3F0FDB.d.0C500B8F73190A190C0B5AE980D5E63E.e.8538"},"getText",[]]}
]]></system-out>
    </testcase>
    <testcase classname="chrome.137_0_7151_69.windows.Insert_service_into_a_contract_US152956" name="Should add a service unit and a service group to the contract" time="75.003">
      <system-out><![CDATA[
COMMAND: POST /session/b65fc9896dbbad70d7119bd0d8ca6151/element - {"using":"xpath","value":"//button[@data-kt=\"contractDetailEditBtnButton\"]"}
RESULT: {"using":"xpath","value":"//button[@data-kt=\"contractDetailEditBtnButton\"]"}
COMMAND: POST /session/b65fc9896dbbad70d7119bd0d8ca6151/execute/sync - {"script":"<script> [8489 bytes]","args":[{"element-6066-11e4-a52e-4f735466cecf":"f.B1DE806DB4DF8D130682F5CACC3F0FDB.d.0C500B8F73190A190C0B5AE980D5E63E.e.8539","ELEMENT":"f.B1DE806DB4DF8D130682F5CACC3F0FDB.d.0C500B8F73190A190C0B5AE980D5E63E.e.8539"}]}
RESULT: {"script":"<script> [8489 bytes]","args":[{"element-6066-11e4-a52e-4f735466cecf":"f.B1DE806DB4DF8D130682F5CACC3F0FDB.d.0C500B8F73190A190C0B5AE980D5E63E.e.8539","ELEMENT":"f.B1DE806DB4DF8D130682F5CACC3F0FDB.d.0C500B8F73190A190C0B5AE980D5E63E.e.8539"}]}
COMMAND: POST /session/b65fc9896dbbad70d7119bd0d8ca6151/execute/sync - {"script":"<script> [8489 bytes]","args":[{"element-6066-11e4-a52e-4f735466cecf":"f.B1DE806DB4DF8D130682F5CACC3F0FDB.d.0C500B8F73190A190C0B5AE980D5E63E.e.8539","ELEMENT":"f.B1DE806DB4DF8D130682F5CACC3F0FDB.d.0C500B8F73190A190C0B5AE980D5E63E.e.8539"}]}
COMMAND: GET /session/b65fc9896dbbad70d7119bd0d8ca6151/screenshot - {}
RESULT: {"script":"<script> [8489 bytes]","args":[{"element-6066-11e4-a52e-4f735466cecf":"f.B1DE806DB4DF8D130682F5CACC3F0FDB.d.0C500B8F73190A190C0B5AE980D5E63E.e.8539","ELEMENT":"f.B1DE806DB4DF8D130682F5CACC3F0FDB.d.0C500B8F73190A190C0B5AE980D5E63E.e.8539"}]}
COMMAND: POST /session/b65fc9896dbbad70d7119bd0d8ca6151/execute/sync - {"script":"<script> [5351 bytes]","args":[{"element-6066-11e4-a52e-4f735466cecf":"f.B1DE806DB4DF8D130682F5CACC3F0FDB.d.0C500B8F73190A190C0B5AE980D5E63E.e.8539","ELEMENT":"f.B1DE806DB4DF8D130682F5CACC3F0FDB.d.0C500B8F73190A190C0B5AE980D5E63E.e.8539"}]}
COMMAND: GET /session/b65fc9896dbbad70d7119bd0d8ca6151/screenshot - {}
RESULT: {}
RESULT: {"script":"<script> [5351 bytes]","args":[{"element-6066-11e4-a52e-4f735466cecf":"f.B1DE806DB4DF8D130682F5CACC3F0FDB.d.0C500B8F73190A190C0B5AE980D5E63E.e.8539","ELEMENT":"f.B1DE806DB4DF8D130682F5CACC3F0FDB.d.0C500B8F73190A190C0B5AE980D5E63E.e.8539"}]}
COMMAND: POST /session/b65fc9896dbbad70d7119bd0d8ca6151/element/f.B1DE806DB4DF8D130682F5CACC3F0FDB.d.0C500B8F73190A190C0B5AE980D5E63E.e.8539/click - {}
COMMAND: GET /session/b65fc9896dbbad70d7119bd0d8ca6151/screenshot - {}
RESULT: {}
RESULT: {}
COMMAND: GET /session/b65fc9896dbbad70d7119bd0d8ca6151/screenshot - {}
RESULT: {}
RESULT: {}
COMMAND: POST /session/b65fc9896dbbad70d7119bd0d8ca6151/element - {"using":"xpath","value":"(//span[contains(text(), \"Additional Addresses\")])[2]"}
RESULT: {"using":"xpath","value":"(//span[contains(text(), \"Additional Addresses\")])[2]"}
COMMAND: POST /session/b65fc9896dbbad70d7119bd0d8ca6151/element/f.B1DE806DB4DF8D130682F5CACC3F0FDB.d.0C500B8F73190A190C0B5AE980D5E63E.e.8595/click - {}
RESULT: {}
COMMAND: GET /session/b65fc9896dbbad70d7119bd0d8ca6151/screenshot - {}
RESULT: {}
COMMAND: POST /session/b65fc9896dbbad70d7119bd0d8ca6151/element - {"using":"xpath","value":"//button[@data-kt=\"btnAddTableRowOverflowToolbarButton\"]"}
RESULT: {"using":"xpath","value":"//button[@data-kt=\"btnAddTableRowOverflowToolbarButton\"]"}
COMMAND: POST /session/b65fc9896dbbad70d7119bd0d8ca6151/element/f.B1DE806DB4DF8D130682F5CACC3F0FDB.d.0C500B8F73190A190C0B5AE980D5E63E.e.8599/click - {}
RESULT: {}
COMMAND: GET /session/b65fc9896dbbad70d7119bd0d8ca6151/screenshot - {}
RESULT: {}
COMMAND: POST /session/b65fc9896dbbad70d7119bd0d8ca6151/element - {"using":"xpath","value":"//div[(text() = 'Standard Entry' or . = 'Standard Entry')]"}
RESULT: {"using":"xpath","value":"//div[(text() = 'Standard Entry' or . = 'Standard Entry')]"}
COMMAND: POST /session/b65fc9896dbbad70d7119bd0d8ca6151/element/f.B1DE806DB4DF8D130682F5CACC3F0FDB.d.0C500B8F73190A190C0B5AE980D5E63E.e.8601/click - {}
RESULT: {}
COMMAND: POST /session/b65fc9896dbbad70d7119bd0d8ca6151/element - {"using":"xpath","value":"//button[@data-kt=\"btnAddTableRowOverflowToolbarButton\"]"}
COMMAND: GET /session/b65fc9896dbbad70d7119bd0d8ca6151/screenshot - {}
RESULT: {"using":"xpath","value":"//button[@data-kt=\"btnAddTableRowOverflowToolbarButton\"]"}
COMMAND: POST /session/b65fc9896dbbad70d7119bd0d8ca6151/element/f.B1DE806DB4DF8D130682F5CACC3F0FDB.d.0C500B8F73190A190C0B5AE980D5E63E.e.8599/click - {}
RESULT: {}
RESULT: {}
COMMAND: GET /session/b65fc9896dbbad70d7119bd0d8ca6151/screenshot - {}
RESULT: {}
COMMAND: POST /session/b65fc9896dbbad70d7119bd0d8ca6151/element - {"using":"xpath","value":"//div[(text() = 'Standard Entry' or . = 'Standard Entry')]"}
RESULT: {"using":"xpath","value":"//div[(text() = 'Standard Entry' or . = 'Standard Entry')]"}
COMMAND: POST /session/b65fc9896dbbad70d7119bd0d8ca6151/element/f.B1DE806DB4DF8D130682F5CACC3F0FDB.d.0C500B8F73190A190C0B5AE980D5E63E.e.8613/click - {}
RESULT: {}
COMMAND: POST /session/b65fc9896dbbad70d7119bd0d8ca6151/element - {"using":"xpath","value":"(//td[6]/div/div/input)[1]"}
COMMAND: GET /session/b65fc9896dbbad70d7119bd0d8ca6151/screenshot - {}
RESULT: {"using":"xpath","value":"(//td[6]/div/div/input)[1]"}
COMMAND: POST /session/b65fc9896dbbad70d7119bd0d8ca6151/element/f.B1DE806DB4DF8D130682F5CACC3F0FDB.d.0C500B8F73190A190C0B5AE980D5E63E.e.8615/click - {}
RESULT: {}
RESULT: {}
COMMAND: POST /session/b65fc9896dbbad70d7119bd0d8ca6151/actions - {"actions":[{"id":"action47","type":"key","parameters":{},"actions":[{"type":"keyDown","value":""},{"type":"pause","duration":10},{"type":"keyUp","value":""}]}]}
COMMAND: GET /session/b65fc9896dbbad70d7119bd0d8ca6151/screenshot - {}
RESULT: {"actions":[{"id":"action47","type":"key","parameters":{},"actions":[{"type":"keyDown","value":""},{"type":"pause","duration":10},{"type":"keyUp","value":""}]}]}
COMMAND: POST /session/b65fc9896dbbad70d7119bd0d8ca6151/element - {"using":"xpath","value":"(//td[6]/div/div/input)[1]"}
COMMAND: GET /session/b65fc9896dbbad70d7119bd0d8ca6151/screenshot - {}
RESULT: {}
RESULT: {"using":"xpath","value":"(//td[6]/div/div/input)[1]"}
COMMAND: POST /session/b65fc9896dbbad70d7119bd0d8ca6151/element/f.B1DE806DB4DF8D130682F5CACC3F0FDB.d.0C500B8F73190A190C0B5AE980D5E63E.e.8615/clear - {}
RESULT: {}
RESULT: {}
COMMAND: POST /session/b65fc9896dbbad70d7119bd0d8ca6151/element/f.B1DE806DB4DF8D130682F5CACC3F0FDB.d.0C500B8F73190A190C0B5AE980D5E63E.e.8615/value - {"text":"Service Unit"}
COMMAND: GET /session/b65fc9896dbbad70d7119bd0d8ca6151/screenshot - {}
RESULT: {"text":"Service Unit"}
COMMAND: GET /session/b65fc9896dbbad70d7119bd0d8ca6151/screenshot - {}
RESULT: {}
RESULT: {}
COMMAND: POST /session/b65fc9896dbbad70d7119bd0d8ca6151/actions - {"actions":[{"id":"action48","type":"key","parameters":{},"actions":[{"type":"keyDown","value":""},{"type":"pause","duration":10},{"type":"keyUp","value":""}]}]}
RESULT: {"actions":[{"id":"action48","type":"key","parameters":{},"actions":[{"type":"keyDown","value":""},{"type":"pause","duration":10},{"type":"keyUp","value":""}]}]}
COMMAND: GET /session/b65fc9896dbbad70d7119bd0d8ca6151/screenshot - {}
RESULT: {}
COMMAND: POST /session/b65fc9896dbbad70d7119bd0d8ca6151/actions - {"actions":[{"id":"action49","type":"key","parameters":{},"actions":[{"type":"keyDown","value":""},{"type":"pause","duration":10},{"type":"keyUp","value":""}]}]}
RESULT: {"actions":[{"id":"action49","type":"key","parameters":{},"actions":[{"type":"keyDown","value":""},{"type":"pause","duration":10},{"type":"keyUp","value":""}]}]}
COMMAND: POST /session/b65fc9896dbbad70d7119bd0d8ca6151/element - {"using":"xpath","value":"(//td[7]/div/div/input)[1]"}
COMMAND: GET /session/b65fc9896dbbad70d7119bd0d8ca6151/screenshot - {}
RESULT: {"using":"xpath","value":"(//td[7]/div/div/input)[1]"}
COMMAND: POST /session/b65fc9896dbbad70d7119bd0d8ca6151/element/f.B1DE806DB4DF8D130682F5CACC3F0FDB.d.0C500B8F73190A190C0B5AE980D5E63E.e.8631/clear - {}
RESULT: {}
RESULT: {}
COMMAND: POST /session/b65fc9896dbbad70d7119bd0d8ca6151/element/f.B1DE806DB4DF8D130682F5CACC3F0FDB.d.0C500B8F73190A190C0B5AE980D5E63E.e.8631/value - {"text":"1000001"}
COMMAND: GET /session/b65fc9896dbbad70d7119bd0d8ca6151/screenshot - {}
RESULT: {"text":"1000001"}
COMMAND: GET /session/b65fc9896dbbad70d7119bd0d8ca6151/screenshot - {}
RESULT: {}
RESULT: {}
COMMAND: POST /session/b65fc9896dbbad70d7119bd0d8ca6151/actions - {"actions":[{"id":"action50","type":"key","parameters":{},"actions":[{"type":"keyDown","value":""},{"type":"pause","duration":10},{"type":"keyUp","value":""}]}]}
RESULT: {"actions":[{"id":"action50","type":"key","parameters":{},"actions":[{"type":"keyDown","value":""},{"type":"pause","duration":10},{"type":"keyUp","value":""}]}]}
COMMAND: GET /session/b65fc9896dbbad70d7119bd0d8ca6151/screenshot - {}
RESULT: {}
COMMAND: POST /session/b65fc9896dbbad70d7119bd0d8ca6151/actions - {"actions":[{"id":"action51","type":"key","parameters":{},"actions":[{"type":"keyDown","value":""},{"type":"pause","duration":10},{"type":"keyUp","value":""}]}]}
RESULT: {"actions":[{"id":"action51","type":"key","parameters":{},"actions":[{"type":"keyDown","value":""},{"type":"pause","duration":10},{"type":"keyUp","value":""}]}]}
COMMAND: GET /session/b65fc9896dbbad70d7119bd0d8ca6151/screenshot - {}
RESULT: {}
COMMAND: POST /session/b65fc9896dbbad70d7119bd0d8ca6151/element - {"using":"xpath","value":"(//td[6]/div/div/input)[2]"}
RESULT: {"using":"xpath","value":"(//td[6]/div/div/input)[2]"}
COMMAND: POST /session/b65fc9896dbbad70d7119bd0d8ca6151/element/f.B1DE806DB4DF8D130682F5CACC3F0FDB.d.0C500B8F73190A190C0B5AE980D5E63E.e.8603/click - {}
RESULT: {}
COMMAND: POST /session/b65fc9896dbbad70d7119bd0d8ca6151/actions - {"actions":[{"id":"action52","type":"key","parameters":{},"actions":[{"type":"keyDown","value":""},{"type":"pause","duration":10},{"type":"keyUp","value":""}]}]}
COMMAND: GET /session/b65fc9896dbbad70d7119bd0d8ca6151/screenshot - {}
RESULT: {"actions":[{"id":"action52","type":"key","parameters":{},"actions":[{"type":"keyDown","value":""},{"type":"pause","duration":10},{"type":"keyUp","value":""}]}]}
COMMAND: POST /session/b65fc9896dbbad70d7119bd0d8ca6151/element - {"using":"xpath","value":"(//td[6]/div/div/input)[2]"}
COMMAND: GET /session/b65fc9896dbbad70d7119bd0d8ca6151/screenshot - {}
RESULT: {}
RESULT: {"using":"xpath","value":"(//td[6]/div/div/input)[2]"}
COMMAND: POST /session/b65fc9896dbbad70d7119bd0d8ca6151/element/f.B1DE806DB4DF8D130682F5CACC3F0FDB.d.0C500B8F73190A190C0B5AE980D5E63E.e.8603/clear - {}
RESULT: {}
RESULT: {}
COMMAND: POST /session/b65fc9896dbbad70d7119bd0d8ca6151/element/f.B1DE806DB4DF8D130682F5CACC3F0FDB.d.0C500B8F73190A190C0B5AE980D5E63E.e.8603/value - {"text":"Service Unit Group"}
COMMAND: GET /session/b65fc9896dbbad70d7119bd0d8ca6151/screenshot - {}
RESULT: {"text":"Service Unit Group"}
COMMAND: GET /session/b65fc9896dbbad70d7119bd0d8ca6151/screenshot - {}
RESULT: {}
RESULT: {}
COMMAND: POST /session/b65fc9896dbbad70d7119bd0d8ca6151/actions - {"actions":[{"id":"action53","type":"key","parameters":{},"actions":[{"type":"keyDown","value":""},{"type":"pause","duration":10},{"type":"keyUp","value":""}]}]}
RESULT: {"actions":[{"id":"action53","type":"key","parameters":{},"actions":[{"type":"keyDown","value":""},{"type":"pause","duration":10},{"type":"keyUp","value":""}]}]}
COMMAND: GET /session/b65fc9896dbbad70d7119bd0d8ca6151/screenshot - {}
RESULT: {}
COMMAND: POST /session/b65fc9896dbbad70d7119bd0d8ca6151/actions - {"actions":[{"id":"action54","type":"key","parameters":{},"actions":[{"type":"keyDown","value":""},{"type":"pause","duration":10},{"type":"keyUp","value":""}]}]}
RESULT: {"actions":[{"id":"action54","type":"key","parameters":{},"actions":[{"type":"keyDown","value":""},{"type":"pause","duration":10},{"type":"keyUp","value":""}]}]}
COMMAND: POST /session/b65fc9896dbbad70d7119bd0d8ca6151/element - {"using":"xpath","value":"(//td[7]/div/div/input)[2]"}
COMMAND: GET /session/b65fc9896dbbad70d7119bd0d8ca6151/screenshot - {}
RESULT: {"using":"xpath","value":"(//td[7]/div/div/input)[2]"}
COMMAND: POST /session/b65fc9896dbbad70d7119bd0d8ca6151/element/f.B1DE806DB4DF8D130682F5CACC3F0FDB.d.0C500B8F73190A190C0B5AE980D5E63E.e.8660/clear - {}
RESULT: {}
RESULT: {}
COMMAND: POST /session/b65fc9896dbbad70d7119bd0d8ca6151/element/f.B1DE806DB4DF8D130682F5CACC3F0FDB.d.0C500B8F73190A190C0B5AE980D5E63E.e.8660/value - {"text":"1100001"}
COMMAND: GET /session/b65fc9896dbbad70d7119bd0d8ca6151/screenshot - {}
RESULT: {"text":"1100001"}
COMMAND: GET /session/b65fc9896dbbad70d7119bd0d8ca6151/screenshot - {}
RESULT: {}
RESULT: {}
COMMAND: POST /session/b65fc9896dbbad70d7119bd0d8ca6151/actions - {"actions":[{"id":"action55","type":"key","parameters":{},"actions":[{"type":"keyDown","value":""},{"type":"pause","duration":10},{"type":"keyUp","value":""}]}]}
RESULT: {"actions":[{"id":"action55","type":"key","parameters":{},"actions":[{"type":"keyDown","value":""},{"type":"pause","duration":10},{"type":"keyUp","value":""}]}]}
COMMAND: GET /session/b65fc9896dbbad70d7119bd0d8ca6151/screenshot - {}
RESULT: {}
COMMAND: POST /session/b65fc9896dbbad70d7119bd0d8ca6151/actions - {"actions":[{"id":"action56","type":"key","parameters":{},"actions":[{"type":"keyDown","value":""},{"type":"pause","duration":10},{"type":"keyUp","value":""}]}]}
RESULT: {"actions":[{"id":"action56","type":"key","parameters":{},"actions":[{"type":"keyDown","value":""},{"type":"pause","duration":10},{"type":"keyUp","value":""}]}]}
COMMAND: GET /session/b65fc9896dbbad70d7119bd0d8ca6151/screenshot - {}
RESULT: {}
COMMAND: POST /session/b65fc9896dbbad70d7119bd0d8ca6151/element - {"using":"xpath","value":"(//button[@data-kt=\"saveButton\"])[2]"}
RESULT: {"using":"xpath","value":"(//button[@data-kt=\"saveButton\"])[2]"}
COMMAND: POST /session/b65fc9896dbbad70d7119bd0d8ca6151/element/f.B1DE806DB4DF8D130682F5CACC3F0FDB.d.0C500B8F73190A190C0B5AE980D5E63E.e.8684/click - {}
RESULT: {}
COMMAND: GET /session/b65fc9896dbbad70d7119bd0d8ca6151/screenshot - {}
RESULT: {}
COMMAND: POST /session/b65fc9896dbbad70d7119bd0d8ca6151/element - {"using":"xpath","value":"(//span[contains(text(), \"Additional Addresses\")])[1]"}
RESULT: {"using":"xpath","value":"(//span[contains(text(), \"Additional Addresses\")])[1]"}
COMMAND: POST /session/b65fc9896dbbad70d7119bd0d8ca6151/element/f.B1DE806DB4DF8D130682F5CACC3F0FDB.d.0C500B8F73190A190C0B5AE980D5E63E.e.8687/click - {}
RESULT: {}
COMMAND: GET /session/b65fc9896dbbad70d7119bd0d8ca6151/screenshot - {}
RESULT: {}
COMMAND: POST /session/b65fc9896dbbad70d7119bd0d8ca6151/execute/async - {"script":"<script> [1562 bytes]","args":[{"selector":{"controlType":"sap.m.Title","viewName":"etm.portal.ui.managecontracts.view.Detail","properties":{"text":"Contract Items (2)"}},"wdio_ui5_key":"etmportal.ui.managecontracts.view.Detailsap.m.Title{\"text\":\"Contract Items (2)\"}"}]}
RESULT: {"script":"<script> [1562 bytes]","args":[{"selector":{"controlType":"sap.m.Title","viewName":"etm.portal.ui.managecontracts.view.Detail","properties":{"text":"Contract Items (2)"}},"wdio_ui5_key":"etmportal.ui.managecontracts.view.Detailsap.m.Title{\"text\":\"Contract Items (2)\"}"}]}
RESULT: undefined
COMMAND: POST /session/b65fc9896dbbad70d7119bd0d8ca6151/execute/async - {"script":"<script> [6424 bytes]","args":[{"element-6066-11e4-a52e-4f735466cecf":"f.B1DE806DB4DF8D130682F5CACC3F0FDB.d.0C500B8F73190A190C0B5AE980D5E63E.e.8689"},"getText",[]]}
RESULT: {"script":"<script> [6424 bytes]","args":[{"element-6066-11e4-a52e-4f735466cecf":"f.B1DE806DB4DF8D130682F5CACC3F0FDB.d.0C500B8F73190A190C0B5AE980D5E63E.e.8689"},"getText",[]]}
COMMAND: POST /session/b65fc9896dbbad70d7119bd0d8ca6151/element - {"using":"xpath","value":"(//span[contains(@class ,\"sapMObjStatusText\")])[1]"}
RESULT: {"using":"xpath","value":"(//span[contains(@class ,\"sapMObjStatusText\")])[1]"}
COMMAND: GET /session/b65fc9896dbbad70d7119bd0d8ca6151/element/f.B1DE806DB4DF8D130682F5CACC3F0FDB.d.0C500B8F73190A190C0B5AE980D5E63E.e.8690/text - {}
RESULT: {}
COMMAND: POST /session/b65fc9896dbbad70d7119bd0d8ca6151/element - {"using":"xpath","value":"(//span[contains(@class ,\"sapMObjStatusText\")])[4]"}
RESULT: {"using":"xpath","value":"(//span[contains(@class ,\"sapMObjStatusText\")])[4]"}
COMMAND: GET /session/b65fc9896dbbad70d7119bd0d8ca6151/element/f.B1DE806DB4DF8D130682F5CACC3F0FDB.d.0C500B8F73190A190C0B5AE980D5E63E.e.8691/text - {}
RESULT: {}
COMMAND: POST /session/b65fc9896dbbad70d7119bd0d8ca6151/element - {"using":"css selector","value":"#shell-header-logo"}
RESULT: {"using":"css selector","value":"#shell-header-logo"}
COMMAND: POST /session/b65fc9896dbbad70d7119bd0d8ca6151/element/f.B1DE806DB4DF8D130682F5CACC3F0FDB.d.0C500B8F73190A190C0B5AE980D5E63E.e.8072/click - {}
RESULT: {}
COMMAND: GET /session/b65fc9896dbbad70d7119bd0d8ca6151/screenshot - {}
RESULT: {}
]]></system-out>
    </testcase>
  </testsuite>
  <testsuite timestamp="2025-06-13T18:13:07" time="193.322" tests="2" failures="1" errors="1" skipped="0">
    <properties>
      <property name="specId" value="0"/>
      <property name="suiteName" value="Reduced contract US151275"/>
      <property name="capabilities" value="chrome.137_0_7151_69.windows"/>
      <property name="file" value="file:///D:/a/1/s/test/specs/R2C/reduced-contract-creation.spec.js"/>
    </properties>
    <testcase classname="chrome.137_0_7151_69.windows.Reduced_contract_US151275" name="Should create a new reduced contract" time="123.421">
      <system-out><![CDATA[
RESULT: undefined
COMMAND: POST /session/b65fc9896dbbad70d7119bd0d8ca6151/element - {"using":"xpath","value":"//*[@id=\"__tile132\"]"}
RESULT: {"using":"xpath","value":"//*[@id=\"__tile132\"]"}
COMMAND: POST /session/b65fc9896dbbad70d7119bd0d8ca6151/element/f.B1DE806DB4DF8D130682F5CACC3F0FDB.d.0C500B8F73190A190C0B5AE980D5E63E.e.7286/click - {}
RESULT: {}
COMMAND: GET /session/b65fc9896dbbad70d7119bd0d8ca6151/screenshot - {}
RESULT: {}
COMMAND: POST /session/b65fc9896dbbad70d7119bd0d8ca6151/element - {"using":"xpath","value":"//button[@data-kt=\"addButton\"]"}
RESULT: {"using":"xpath","value":"//button[@data-kt=\"addButton\"]"}
COMMAND: POST /session/b65fc9896dbbad70d7119bd0d8ca6151/element/f.B1DE806DB4DF8D130682F5CACC3F0FDB.d.0C500B8F73190A190C0B5AE980D5E63E.e.8746/click - {}
RESULT: {}
COMMAND: GET /session/b65fc9896dbbad70d7119bd0d8ca6151/screenshot - {}
COMMAND: POST /session/b65fc9896dbbad70d7119bd0d8ca6151/elements - {"using":"xpath","value":"//span[text()='Error']"}
RESULT: {}
RESULT: {"using":"xpath","value":"//span[text()='Error']"}
COMMAND: POST /session/b65fc9896dbbad70d7119bd0d8ca6151/refresh - {}
RESULT: {}
COMMAND: GET /session/b65fc9896dbbad70d7119bd0d8ca6151/screenshot - {}
RESULT: {}
COMMAND: POST /session/b65fc9896dbbad70d7119bd0d8ca6151/execute/async - {"script":"<script> [189 bytes]","args":[]}
RESULT: {"script":"<script> [189 bytes]","args":[]}
COMMAND: POST /session/b65fc9896dbbad70d7119bd0d8ca6151/execute/async - {"script":"<script> [123 bytes]","args":[]}
RESULT: {"script":"<script> [123 bytes]","args":[]}
COMMAND: POST /session/b65fc9896dbbad70d7119bd0d8ca6151/timeouts - {"script":"<number>"}
RESULT: {"script":"<number>"}
COMMAND: GET /session/b65fc9896dbbad70d7119bd0d8ca6151/timeouts - {}
RESULT: {}
RESULT: undefined
COMMAND: POST /session/b65fc9896dbbad70d7119bd0d8ca6151/execute/async - {"script":"<script> [2676 bytes]","args":[]}
RESULT: {"script":"<script> [2676 bytes]","args":[]}
COMMAND: POST /session/b65fc9896dbbad70d7119bd0d8ca6151/execute/async - {"script":"<script> [2342 bytes]","args":[{"protocol":"http","hostname":"0.0.0.0","path":"/","capabilities":{"browserName":"chrome","goog:chromeOptions":{"binary":"C:\\Program Files\\Google\\Chrome\\Application\\chrome.exe","args":["--start-maximized"]}},"logLevel":"warn","connectionRetryTimeout":120000,"connectionRetryCount":3,"logLevels":{},"enableDirectConnect":true,"strictSSL":true,"_":"65 more keys: [\"cacheDir\",\"port\",\"requestedCapabilities\",\"automationProtocol\",\"baseUrl\",\"waitforInterval\",\"waitforTimeout\",\"onReload\",\"beforeCommand\",\"afterCommand\",\"rootDir\",\"specs\",\"suites\",\"exclude\",\"groupLogsByTestSpec\",\"excludeDriverLogs\",\"bail\",\"framework\",\"reporters\",\"services\",\"maxInstances\",\"maxInstancesPerCapability\",\"injectGlobals\",\"filesToWatch\",\"execArgv\",\"runnerEnv\",\"runner\",\"shard\",\"specFileRetries\",\"specFileRetriesDelay\",\"specFileRetriesDeferred\",\"reporterSyncInterval\",\"reporterSyncTimeout\",\"cucumberFeaturesWithLineNumbers\",\"autoCompileOpts\",\"mochaOpts\",\"jasmineOpts\",\"cucumberOpts\",\"onPrepare\",\"onWorkerStart\",\"onWorkerEnd\",\"before\",\"beforeSession\",\"beforeSuite\",\"beforeHook\",\"beforeTest\",\"afterTest\",\"afterHook\",\"afterSuite\",\"afterSession\",\"after\",\"onComplete\",\"beforeAssertion\",\"afterAssertion\",\"beforeFeature\",\"beforeScenario\",\"beforeStep\",\"afterStep\",\"afterScenario\",\"afterFeature\",\"_\",\"suite\",\"$0\",\"ignoredWorkerServices\",\"wdi5\"]"}]}
RESULT: {"script":"<script> [2342 bytes]","args":[{"protocol":"http","hostname":"0.0.0.0","path":"/","capabilities":{"browserName":"chrome","goog:chromeOptions":{"binary":"C:\\Program Files\\Google\\Chrome\\Application\\chrome.exe","args":["--start-maximized"]}},"logLevel":"warn","connectionRetryTimeout":120000,"connectionRetryCount":3,"logLevels":{},"enableDirectConnect":true,"strictSSL":true,"_":"65 more keys: [\"cacheDir\",\"port\",\"requestedCapabilities\",\"automationProtocol\",\"baseUrl\",\"waitforInterval\",\"waitforTimeout\",\"onReload\",\"beforeCommand\",\"afterCommand\",\"rootDir\",\"specs\",\"suites\",\"exclude\",\"groupLogsByTestSpec\",\"excludeDriverLogs\",\"bail\",\"framework\",\"reporters\",\"services\",\"maxInstances\",\"maxInstancesPerCapability\",\"injectGlobals\",\"filesToWatch\",\"execArgv\",\"runnerEnv\",\"runner\",\"shard\",\"specFileRetries\",\"specFileRetriesDelay\",\"specFileRetriesDeferred\",\"reporterSyncInterval\",\"reporterSyncTimeout\",\"cucumberFeaturesWithLineNumbers\",\"autoCompileOpts\",\"mochaOpts\",\"jasmineOpts\",\"cucumberOpts\",\"onPrepare\",\"onWorkerStart\",\"onWorkerEnd\",\"before\",\"beforeSession\",\"beforeSuite\",\"beforeHook\",\"beforeTest\",\"afterTest\",\"afterHook\",\"afterSuite\",\"afterSession\",\"after\",\"onComplete\",\"beforeAssertion\",\"afterAssertion\",\"beforeFeature\",\"beforeScenario\",\"beforeStep\",\"afterStep\",\"afterScenario\",\"afterFeature\",\"_\",\"suite\",\"$0\",\"ignoredWorkerServices\",\"wdi5\"]"}]}
COMMAND: POST /session/b65fc9896dbbad70d7119bd0d8ca6151/execute/async - {"script":"<script> [21126 bytes]","args":[35000]}
RESULT: {"script":"<script> [21126 bytes]","args":[35000]}
COMMAND: POST /session/b65fc9896dbbad70d7119bd0d8ca6151/execute/async - {"script":"<script> [1562 bytes]","args":[{"selector":{"id":"application-managecontracts-display-component---AddNewContract--contractType","interaction":{"idSuffix":"arrow"}},"wdio_ui5_key":"applicationmanagecontracts-display-component---AddNewContract--contractType"}]}
RESULT: {"script":"<script> [1562 bytes]","args":[{"selector":{"id":"application-managecontracts-display-component---AddNewContract--contractType","interaction":{"idSuffix":"arrow"}},"wdio_ui5_key":"applicationmanagecontracts-display-component---AddNewContract--contractType"}]}
RESULT: undefined
COMMAND: POST /session/b65fc9896dbbad70d7119bd0d8ca6151/element - {"using":"xpath","value":"//*[@id=\"application-managecontracts-display-component---AddNewContract--contractType\"]"}
RESULT: {"using":"xpath","value":"//*[@id=\"application-managecontracts-display-component---AddNewContract--contractType\"]"}
COMMAND: POST /session/b65fc9896dbbad70d7119bd0d8ca6151/element/f.B1DE806DB4DF8D130682F5CACC3F0FDB.d.088605F0DE8E4DD5798BA3D3F5995121.e.9311/click - {}
RESULT: {}
COMMAND: GET /session/b65fc9896dbbad70d7119bd0d8ca6151/screenshot - {}
RESULT: {}
COMMAND: POST /session/b65fc9896dbbad70d7119bd0d8ca6151/execute/async - {"script":"<script> [1562 bytes]","args":[{"selector":{"controlType":"sap.ui.core.Item","viewName":"etm.portal.ui.managecontracts.view.AddNewContract","viewId":"application-managecontracts-display-component---AddNewContract","bindingPath":{"path":"/ContractTypes('02')","propertyPath":"ID","modelName":"catalogModel"},"searchOpenDialogs":true},"wdio_ui5_key":"etmportal.ui.managecontracts.view.AddNewContractsap.ui.core.Item{\"path\":\"/ContractTypes('02')\",\"propertyPath\":\"ID\",\"modelName\":\"catalogModel\"}"}]}
RESULT: {"script":"<script> [1562 bytes]","args":[{"selector":{"controlType":"sap.ui.core.Item","viewName":"etm.portal.ui.managecontracts.view.AddNewContract","viewId":"application-managecontracts-display-component---AddNewContract","bindingPath":{"path":"/ContractTypes('02')","propertyPath":"ID","modelName":"catalogModel"},"searchOpenDialogs":true},"wdio_ui5_key":"etmportal.ui.managecontracts.view.AddNewContractsap.ui.core.Item{\"path\":\"/ContractTypes('02')\",\"propertyPath\":\"ID\",\"modelName\":\"catalogModel\"}"}]}
RESULT: undefined
COMMAND: POST /session/b65fc9896dbbad70d7119bd0d8ca6151/element - {"using":"xpath","value":"//*[@id=\"__item44-application-managecontracts-display-component---AddNewContract--contractType-1\"]"}
RESULT: {"using":"xpath","value":"//*[@id=\"__item44-application-managecontracts-display-component---AddNewContract--contractType-1\"]"}
COMMAND: POST /session/b65fc9896dbbad70d7119bd0d8ca6151/element/f.B1DE806DB4DF8D130682F5CACC3F0FDB.d.088605F0DE8E4DD5798BA3D3F5995121.e.9312/click - {}
RESULT: {}
COMMAND: GET /session/b65fc9896dbbad70d7119bd0d8ca6151/screenshot - {}
RESULT: {}
COMMAND: POST /session/b65fc9896dbbad70d7119bd0d8ca6151/execute/async - {"script":"<script> [1562 bytes]","args":[{"selector":{"id":"application-managecontracts-display-component---AddNewContract--projectDescription","interaction":{"idSuffix":"inner"}},"wdio_ui5_key":"applicationmanagecontracts-display-component---AddNewContract--projectDescription"}]}
RESULT: {"script":"<script> [1562 bytes]","args":[{"selector":{"id":"application-managecontracts-display-component---AddNewContract--projectDescription","interaction":{"idSuffix":"inner"}},"wdio_ui5_key":"applicationmanagecontracts-display-component---AddNewContract--projectDescription"}]}
RESULT: undefined
COMMAND: POST /session/b65fc9896dbbad70d7119bd0d8ca6151/execute/async - {"script":"<script> [776 bytes]","args":[{"enterText":"WdIOReducedlxfsrj","selector":{"id":"application-managecontracts-display-component---AddNewContract--projectDescription","interaction":{"idSuffix":"inner"}},"clearTextFirst":true,"interactionType":"ENTER_TEXT"}]}
RESULT: {"script":"<script> [776 bytes]","args":[{"enterText":"WdIOReducedlxfsrj","selector":{"id":"application-managecontracts-display-component---AddNewContract--projectDescription","interaction":{"idSuffix":"inner"}},"clearTextFirst":true,"interactionType":"ENTER_TEXT"}]}
COMMAND: POST /session/b65fc9896dbbad70d7119bd0d8ca6151/element - {"using":"xpath","value":"//input[@id=\"application-managecontracts-display-component---AddNewContract--yardId-inner\"]"}
RESULT: {"using":"xpath","value":"//input[@id=\"application-managecontracts-display-component---AddNewContract--yardId-inner\"]"}
COMMAND: POST /session/b65fc9896dbbad70d7119bd0d8ca6151/element/f.B1DE806DB4DF8D130682F5CACC3F0FDB.d.088605F0DE8E4DD5798BA3D3F5995121.e.9174/clear - {}
RESULT: {}
COMMAND: POST /session/b65fc9896dbbad70d7119bd0d8ca6151/element/f.B1DE806DB4DF8D130682F5CACC3F0FDB.d.088605F0DE8E4DD5798BA3D3F5995121.e.9174/value - {"text":"WebdriverYardiuaq2g"}
COMMAND: GET /session/b65fc9896dbbad70d7119bd0d8ca6151/screenshot - {}
RESULT: {"text":"WebdriverYardiuaq2g"}
COMMAND: GET /session/b65fc9896dbbad70d7119bd0d8ca6151/screenshot - {}
RESULT: {}
RESULT: {}
COMMAND: POST /session/b65fc9896dbbad70d7119bd0d8ca6151/actions - {"actions":[{"id":"action57","type":"key","parameters":{},"actions":[{"type":"keyDown","value":""},{"type":"pause","duration":10},{"type":"keyUp","value":""}]}]}
RESULT: {"actions":[{"id":"action57","type":"key","parameters":{},"actions":[{"type":"keyDown","value":""},{"type":"pause","duration":10},{"type":"keyUp","value":""}]}]}
COMMAND: GET /session/b65fc9896dbbad70d7119bd0d8ca6151/screenshot - {}
RESULT: {}
COMMAND: POST /session/b65fc9896dbbad70d7119bd0d8ca6151/element - {"using":"xpath","value":"//input[@id=\"application-managecontracts-display-component---AddNewContract--customerSelect-inner\"]"}
RESULT: {"using":"xpath","value":"//input[@id=\"application-managecontracts-display-component---AddNewContract--customerSelect-inner\"]"}
COMMAND: POST /session/b65fc9896dbbad70d7119bd0d8ca6151/element/f.B1DE806DB4DF8D130682F5CACC3F0FDB.d.088605F0DE8E4DD5798BA3D3F5995121.e.9172/clear - {}
RESULT: {}
COMMAND: POST /session/b65fc9896dbbad70d7119bd0d8ca6151/element/f.B1DE806DB4DF8D130682F5CACC3F0FDB.d.088605F0DE8E4DD5798BA3D3F5995121.e.9172/value - {"text":"WebdriverPartner9q6jjg"}
COMMAND: GET /session/b65fc9896dbbad70d7119bd0d8ca6151/screenshot - {}
RESULT: {"text":"WebdriverPartner9q6jjg"}
COMMAND: GET /session/b65fc9896dbbad70d7119bd0d8ca6151/screenshot - {}
RESULT: {}
RESULT: {}
COMMAND: POST /session/b65fc9896dbbad70d7119bd0d8ca6151/actions - {"actions":[{"id":"action58","type":"key","parameters":{},"actions":[{"type":"keyDown","value":""},{"type":"pause","duration":10},{"type":"keyUp","value":""}]}]}
RESULT: {"actions":[{"id":"action58","type":"key","parameters":{},"actions":[{"type":"keyDown","value":""},{"type":"pause","duration":10},{"type":"keyUp","value":""}]}]}
COMMAND: GET /session/b65fc9896dbbad70d7119bd0d8ca6151/screenshot - {}
RESULT: {}
COMMAND: POST /session/b65fc9896dbbad70d7119bd0d8ca6151/execute/async - {"script":"<script> [1562 bytes]","args":[{"selector":{"id":"application-managecontracts-display-component---AddNewContract--calendarInput-arrow"},"wdio_ui5_key":"applicationmanagecontracts-display-component---AddNewContract--calendarInput-arrow"}]}
RESULT: {"script":"<script> [1562 bytes]","args":[{"selector":{"id":"application-managecontracts-display-component---AddNewContract--calendarInput-arrow"},"wdio_ui5_key":"applicationmanagecontracts-display-component---AddNewContract--calendarInput-arrow"}]}
RESULT: undefined
COMMAND: POST /session/b65fc9896dbbad70d7119bd0d8ca6151/element - {"using":"xpath","value":"//*[@id=\"application-managecontracts-display-component---AddNewContract--calendarInput-arrow\"]"}
RESULT: {"using":"xpath","value":"//*[@id=\"application-managecontracts-display-component---AddNewContract--calendarInput-arrow\"]"}
COMMAND: POST /session/b65fc9896dbbad70d7119bd0d8ca6151/element/f.B1DE806DB4DF8D130682F5CACC3F0FDB.d.088605F0DE8E4DD5798BA3D3F5995121.e.9316/click - {}
RESULT: {}
COMMAND: GET /session/b65fc9896dbbad70d7119bd0d8ca6151/screenshot - {}
RESULT: {}
COMMAND: POST /session/b65fc9896dbbad70d7119bd0d8ca6151/execute/async - {"script":"<script> [1562 bytes]","args":[{"selector":{"controlType":"sap.m.StandardListItem","viewName":"etm.portal.ui.managecontracts.view.AddNewContract","viewId":"application-managecontracts-display-component---AddNewContract","properties":{"title":"1 - Calendar unit test patch"},"searchOpenDialogs":true,"interaction":{"idSuffix":"titleText"}},"wdio_ui5_key":"etmportal.ui.managecontracts.view.AddNewContractsap.m.StandardListItem{\"title\":\"1 - Calendar unit test patch\"}"}]}
RESULT: {"script":"<script> [1562 bytes]","args":[{"selector":{"controlType":"sap.m.StandardListItem","viewName":"etm.portal.ui.managecontracts.view.AddNewContract","viewId":"application-managecontracts-display-component---AddNewContract","properties":{"title":"1 - Calendar unit test patch"},"searchOpenDialogs":true,"interaction":{"idSuffix":"titleText"}},"wdio_ui5_key":"etmportal.ui.managecontracts.view.AddNewContractsap.m.StandardListItem{\"title\":\"1 - Calendar unit test patch\"}"}]}
RESULT: undefined
COMMAND: POST /session/b65fc9896dbbad70d7119bd0d8ca6151/element - {"using":"xpath","value":"//*[@id=\"__item323\"]"}
RESULT: {"using":"xpath","value":"//*[@id=\"__item323\"]"}
COMMAND: POST /session/b65fc9896dbbad70d7119bd0d8ca6151/element/f.B1DE806DB4DF8D130682F5CACC3F0FDB.d.088605F0DE8E4DD5798BA3D3F5995121.e.9318/click - {}
RESULT: {}
COMMAND: GET /session/b65fc9896dbbad70d7119bd0d8ca6151/screenshot - {}
RESULT: {}
COMMAND: POST /session/b65fc9896dbbad70d7119bd0d8ca6151/execute/async - {"script":"<script> [1562 bytes]","args":[{"selector":{"id":"application-managecontracts-display-component---AddNewContract--streetInput","interaction":{"idSuffix":"inner"}},"wdio_ui5_key":"applicationmanagecontracts-display-component---AddNewContract--streetInput"}]}
RESULT: {"script":"<script> [1562 bytes]","args":[{"selector":{"id":"application-managecontracts-display-component---AddNewContract--streetInput","interaction":{"idSuffix":"inner"}},"wdio_ui5_key":"applicationmanagecontracts-display-component---AddNewContract--streetInput"}]}
RESULT: undefined
COMMAND: POST /session/b65fc9896dbbad70d7119bd0d8ca6151/execute/async - {"script":"<script> [776 bytes]","args":[{"enterText":"StreetWdIO","selector":{"id":"application-managecontracts-display-component---AddNewContract--streetInput","interaction":{"idSuffix":"inner"}},"clearTextFirst":true,"interactionType":"ENTER_TEXT"}]}
RESULT: {"script":"<script> [776 bytes]","args":[{"enterText":"StreetWdIO","selector":{"id":"application-managecontracts-display-component---AddNewContract--streetInput","interaction":{"idSuffix":"inner"}},"clearTextFirst":true,"interactionType":"ENTER_TEXT"}]}
COMMAND: POST /session/b65fc9896dbbad70d7119bd0d8ca6151/execute/async - {"script":"<script> [1562 bytes]","args":[{"selector":{"id":"application-managecontracts-display-component---AddNewContract--numberInput","interaction":{"idSuffix":"inner"}},"wdio_ui5_key":"applicationmanagecontracts-display-component---AddNewContract--numberInput"}]}
RESULT: {"script":"<script> [1562 bytes]","args":[{"selector":{"id":"application-managecontracts-display-component---AddNewContract--numberInput","interaction":{"idSuffix":"inner"}},"wdio_ui5_key":"applicationmanagecontracts-display-component---AddNewContract--numberInput"}]}
RESULT: undefined
COMMAND: POST /session/b65fc9896dbbad70d7119bd0d8ca6151/execute/async - {"script":"<script> [776 bytes]","args":[{"enterText":"3","selector":{"id":"application-managecontracts-display-component---AddNewContract--numberInput","interaction":{"idSuffix":"inner"}},"clearTextFirst":true,"interactionType":"ENTER_TEXT"}]}
RESULT: {"script":"<script> [776 bytes]","args":[{"enterText":"3","selector":{"id":"application-managecontracts-display-component---AddNewContract--numberInput","interaction":{"idSuffix":"inner"}},"clearTextFirst":true,"interactionType":"ENTER_TEXT"}]}
COMMAND: POST /session/b65fc9896dbbad70d7119bd0d8ca6151/execute/async - {"script":"<script> [1562 bytes]","args":[{"selector":{"id":"application-managecontracts-display-component---AddNewContract--cityInput","interaction":{"idSuffix":"inner"}},"wdio_ui5_key":"applicationmanagecontracts-display-component---AddNewContract--cityInput"}]}
RESULT: {"script":"<script> [1562 bytes]","args":[{"selector":{"id":"application-managecontracts-display-component---AddNewContract--cityInput","interaction":{"idSuffix":"inner"}},"wdio_ui5_key":"applicationmanagecontracts-display-component---AddNewContract--cityInput"}]}
RESULT: undefined
COMMAND: POST /session/b65fc9896dbbad70d7119bd0d8ca6151/execute/async - {"script":"<script> [776 bytes]","args":[{"enterText":"Bucharest","selector":{"id":"application-managecontracts-display-component---AddNewContract--cityInput","interaction":{"idSuffix":"inner"}},"clearTextFirst":true,"interactionType":"ENTER_TEXT"}]}
RESULT: {"script":"<script> [776 bytes]","args":[{"enterText":"Bucharest","selector":{"id":"application-managecontracts-display-component---AddNewContract--cityInput","interaction":{"idSuffix":"inner"}},"clearTextFirst":true,"interactionType":"ENTER_TEXT"}]}
COMMAND: POST /session/b65fc9896dbbad70d7119bd0d8ca6151/execute/async - {"script":"<script> [1562 bytes]","args":[{"selector":{"id":"application-managecontracts-display-component---AddNewContract--zipInput","interaction":{"idSuffix":"inner"}},"wdio_ui5_key":"applicationmanagecontracts-display-component---AddNewContract--zipInput"}]}
RESULT: {"script":"<script> [1562 bytes]","args":[{"selector":{"id":"application-managecontracts-display-component---AddNewContract--zipInput","interaction":{"idSuffix":"inner"}},"wdio_ui5_key":"applicationmanagecontracts-display-component---AddNewContract--zipInput"}]}
RESULT: undefined
COMMAND: POST /session/b65fc9896dbbad70d7119bd0d8ca6151/execute/async - {"script":"<script> [776 bytes]","args":[{"enterText":"021210","selector":{"id":"application-managecontracts-display-component---AddNewContract--zipInput","interaction":{"idSuffix":"inner"}},"clearTextFirst":true,"interactionType":"ENTER_TEXT"}]}
RESULT: {"script":"<script> [776 bytes]","args":[{"enterText":"021210","selector":{"id":"application-managecontracts-display-component---AddNewContract--zipInput","interaction":{"idSuffix":"inner"}},"clearTextFirst":true,"interactionType":"ENTER_TEXT"}]}
COMMAND: POST /session/b65fc9896dbbad70d7119bd0d8ca6151/element - {"using":"xpath","value":"//bdi[contains(@id ,\"application-managecontracts-display-component---AddNewContract--saveBtn-BDI-content\")]"}
RESULT: {"using":"xpath","value":"//bdi[contains(@id ,\"application-managecontracts-display-component---AddNewContract--saveBtn-BDI-content\")]"}
COMMAND: POST /session/b65fc9896dbbad70d7119bd0d8ca6151/element/f.B1DE806DB4DF8D130682F5CACC3F0FDB.d.088605F0DE8E4DD5798BA3D3F5995121.e.9323/click - {}
RESULT: {}
COMMAND: GET /session/b65fc9896dbbad70d7119bd0d8ca6151/screenshot - {}
RESULT: {}
COMMAND: POST /session/b65fc9896dbbad70d7119bd0d8ca6151/element - {"using":"xpath","value":"//button[contains(@data-kt ,\"contractDetailEditBtnButton\")]"}
RESULT: {"using":"xpath","value":"//button[contains(@data-kt ,\"contractDetailEditBtnButton\")]"}
COMMAND: POST /session/b65fc9896dbbad70d7119bd0d8ca6151/execute/sync - {"script":"<script> [8489 bytes]","args":[{"element-6066-11e4-a52e-4f735466cecf":"f.B1DE806DB4DF8D130682F5CACC3F0FDB.d.088605F0DE8E4DD5798BA3D3F5995121.e.9381","ELEMENT":"f.B1DE806DB4DF8D130682F5CACC3F0FDB.d.088605F0DE8E4DD5798BA3D3F5995121.e.9381"}]}
RESULT: {"script":"<script> [8489 bytes]","args":[{"element-6066-11e4-a52e-4f735466cecf":"f.B1DE806DB4DF8D130682F5CACC3F0FDB.d.088605F0DE8E4DD5798BA3D3F5995121.e.9381","ELEMENT":"f.B1DE806DB4DF8D130682F5CACC3F0FDB.d.088605F0DE8E4DD5798BA3D3F5995121.e.9381"}]}
COMMAND: POST /session/b65fc9896dbbad70d7119bd0d8ca6151/execute/sync - {"script":"<script> [8489 bytes]","args":[{"element-6066-11e4-a52e-4f735466cecf":"f.B1DE806DB4DF8D130682F5CACC3F0FDB.d.088605F0DE8E4DD5798BA3D3F5995121.e.9381","ELEMENT":"f.B1DE806DB4DF8D130682F5CACC3F0FDB.d.088605F0DE8E4DD5798BA3D3F5995121.e.9381"}]}
COMMAND: GET /session/b65fc9896dbbad70d7119bd0d8ca6151/screenshot - {}
RESULT: {"script":"<script> [8489 bytes]","args":[{"element-6066-11e4-a52e-4f735466cecf":"f.B1DE806DB4DF8D130682F5CACC3F0FDB.d.088605F0DE8E4DD5798BA3D3F5995121.e.9381","ELEMENT":"f.B1DE806DB4DF8D130682F5CACC3F0FDB.d.088605F0DE8E4DD5798BA3D3F5995121.e.9381"}]}
COMMAND: POST /session/b65fc9896dbbad70d7119bd0d8ca6151/execute/sync - {"script":"<script> [5351 bytes]","args":[{"element-6066-11e4-a52e-4f735466cecf":"f.B1DE806DB4DF8D130682F5CACC3F0FDB.d.088605F0DE8E4DD5798BA3D3F5995121.e.9381","ELEMENT":"f.B1DE806DB4DF8D130682F5CACC3F0FDB.d.088605F0DE8E4DD5798BA3D3F5995121.e.9381"}]}
COMMAND: GET /session/b65fc9896dbbad70d7119bd0d8ca6151/screenshot - {}
RESULT: {}
RESULT: {"script":"<script> [5351 bytes]","args":[{"element-6066-11e4-a52e-4f735466cecf":"f.B1DE806DB4DF8D130682F5CACC3F0FDB.d.088605F0DE8E4DD5798BA3D3F5995121.e.9381","ELEMENT":"f.B1DE806DB4DF8D130682F5CACC3F0FDB.d.088605F0DE8E4DD5798BA3D3F5995121.e.9381"}]}
COMMAND: POST /session/b65fc9896dbbad70d7119bd0d8ca6151/execute/async - {"script":"<script> [1562 bytes]","args":[{"selector":{"controlType":"sap.m.Text","viewName":"etm.portal.ui.managecontracts.view.Detail","bindingPath":{"propertyPath":"LINK_TO_C_CONTRACT_TYPES/DESCRIPTION","modelName":"catalogModel"}},"wdio_ui5_key":"etmportal.ui.managecontracts.view.Detailsap.m.Text{\"propertyPath\":\"LINK_TO_C_CONTRACT_TYPES/DESCRIPTION\",\"modelName\":\"catalogModel\"}"}]}
COMMAND: GET /session/b65fc9896dbbad70d7119bd0d8ca6151/screenshot - {}
RESULT: {}
RESULT: {"script":"<script> [1562 bytes]","args":[{"selector":{"controlType":"sap.m.Text","viewName":"etm.portal.ui.managecontracts.view.Detail","bindingPath":{"propertyPath":"LINK_TO_C_CONTRACT_TYPES/DESCRIPTION","modelName":"catalogModel"}},"wdio_ui5_key":"etmportal.ui.managecontracts.view.Detailsap.m.Text{\"propertyPath\":\"LINK_TO_C_CONTRACT_TYPES/DESCRIPTION\",\"modelName\":\"catalogModel\"}"}]}
RESULT: undefined
COMMAND: POST /session/b65fc9896dbbad70d7119bd0d8ca6151/execute/async - {"script":"<script> [6424 bytes]","args":[{"element-6066-11e4-a52e-4f735466cecf":"f.B1DE806DB4DF8D130682F5CACC3F0FDB.d.088605F0DE8E4DD5798BA3D3F5995121.e.9383"},"getText",[]]}
RESULT: {}
RESULT: {"script":"<script> [6424 bytes]","args":[{"element-6066-11e4-a52e-4f735466cecf":"f.B1DE806DB4DF8D130682F5CACC3F0FDB.d.088605F0DE8E4DD5798BA3D3F5995121.e.9383"},"getText",[]]}
COMMAND: POST /session/b65fc9896dbbad70d7119bd0d8ca6151/element/f.B1DE806DB4DF8D130682F5CACC3F0FDB.d.088605F0DE8E4DD5798BA3D3F5995121.e.9381/click - {}
RESULT: {}
COMMAND: GET /session/b65fc9896dbbad70d7119bd0d8ca6151/screenshot - {}
RESULT: {}
]]></system-out>
    </testcase>
    <testcase classname="chrome.137_0_7151_69.windows.Reduced_contract_US151275" name="Should add a RU to the contract" time="65.149">
      <failure/>
      <error message="element (&quot;//button[contains(@data-kt ,&quot;contractDetailEditBtnButton&quot;)]&quot;) still not displayed after 30000ms"/>
      <system-out><![CDATA[
COMMAND: POST /session/b65fc9896dbbad70d7119bd0d8ca6151/element - {"using":"xpath","value":"(//span[contains(text(), \"Header Billing Items\")])[2]"}
RESULT: {"using":"xpath","value":"(//span[contains(text(), \"Header Billing Items\")])[2]"}
COMMAND: POST /session/b65fc9896dbbad70d7119bd0d8ca6151/element/f.B1DE806DB4DF8D130682F5CACC3F0FDB.d.088605F0DE8E4DD5798BA3D3F5995121.e.9425/click - {}
RESULT: {}
COMMAND: GET /session/b65fc9896dbbad70d7119bd0d8ca6151/screenshot - {}
RESULT: {}
COMMAND: POST /session/b65fc9896dbbad70d7119bd0d8ca6151/element - {"using":"xpath","value":"//button[@data-kt=\"btnAddTableRowOverflowToolbarButton\"]"}
RESULT: {"using":"xpath","value":"//button[@data-kt=\"btnAddTableRowOverflowToolbarButton\"]"}
COMMAND: POST /session/b65fc9896dbbad70d7119bd0d8ca6151/element/f.B1DE806DB4DF8D130682F5CACC3F0FDB.d.088605F0DE8E4DD5798BA3D3F5995121.e.9430/click - {}
RESULT: {}
COMMAND: GET /session/b65fc9896dbbad70d7119bd0d8ca6151/screenshot - {}
RESULT: {}
COMMAND: POST /session/b65fc9896dbbad70d7119bd0d8ca6151/element - {"using":"xpath","value":"//div[(text() = 'Standard Entry' or . = 'Standard Entry')]"}
RESULT: {"using":"xpath","value":"//div[(text() = 'Standard Entry' or . = 'Standard Entry')]"}
COMMAND: POST /session/b65fc9896dbbad70d7119bd0d8ca6151/element/f.B1DE806DB4DF8D130682F5CACC3F0FDB.d.088605F0DE8E4DD5798BA3D3F5995121.e.9432/click - {}
RESULT: {}
COMMAND: POST /session/b65fc9896dbbad70d7119bd0d8ca6151/element - {"using":"xpath","value":"//td[6]/div/div/input[1]"}
COMMAND: GET /session/b65fc9896dbbad70d7119bd0d8ca6151/screenshot - {}
RESULT: {"using":"xpath","value":"//td[6]/div/div/input[1]"}
COMMAND: POST /session/b65fc9896dbbad70d7119bd0d8ca6151/element/f.B1DE806DB4DF8D130682F5CACC3F0FDB.d.088605F0DE8E4DD5798BA3D3F5995121.e.9434/click - {}
RESULT: {}
RESULT: {}
COMMAND: POST /session/b65fc9896dbbad70d7119bd0d8ca6151/actions - {"actions":[{"id":"action59","type":"key","parameters":{},"actions":[{"type":"keyDown","value":""},{"type":"pause","duration":10},{"type":"keyUp","value":""}]}]}
COMMAND: GET /session/b65fc9896dbbad70d7119bd0d8ca6151/screenshot - {}
RESULT: {"actions":[{"id":"action59","type":"key","parameters":{},"actions":[{"type":"keyDown","value":""},{"type":"pause","duration":10},{"type":"keyUp","value":""}]}]}
COMMAND: POST /session/b65fc9896dbbad70d7119bd0d8ca6151/element - {"using":"xpath","value":"//td[6]/div/div/input[1]"}
COMMAND: GET /session/b65fc9896dbbad70d7119bd0d8ca6151/screenshot - {}
RESULT: {}
RESULT: {"using":"xpath","value":"//td[6]/div/div/input[1]"}
COMMAND: POST /session/b65fc9896dbbad70d7119bd0d8ca6151/element/f.B1DE806DB4DF8D130682F5CACC3F0FDB.d.088605F0DE8E4DD5798BA3D3F5995121.e.9434/clear - {}
RESULT: {}
RESULT: {}
COMMAND: POST /session/b65fc9896dbbad70d7119bd0d8ca6151/element/f.B1DE806DB4DF8D130682F5CACC3F0FDB.d.088605F0DE8E4DD5798BA3D3F5995121.e.9434/value - {"text":"Material"}
COMMAND: GET /session/b65fc9896dbbad70d7119bd0d8ca6151/screenshot - {}
RESULT: {"text":"Material"}
COMMAND: GET /session/b65fc9896dbbad70d7119bd0d8ca6151/screenshot - {}
RESULT: {}
RESULT: {}
COMMAND: POST /session/b65fc9896dbbad70d7119bd0d8ca6151/actions - {"actions":[{"id":"action60","type":"key","parameters":{},"actions":[{"type":"keyDown","value":""},{"type":"pause","duration":10},{"type":"keyUp","value":""}]}]}
RESULT: {"actions":[{"id":"action60","type":"key","parameters":{},"actions":[{"type":"keyDown","value":""},{"type":"pause","duration":10},{"type":"keyUp","value":""}]}]}
COMMAND: GET /session/b65fc9896dbbad70d7119bd0d8ca6151/screenshot - {}
RESULT: {}
COMMAND: POST /session/b65fc9896dbbad70d7119bd0d8ca6151/actions - {"actions":[{"id":"action61","type":"key","parameters":{},"actions":[{"type":"keyDown","value":""},{"type":"pause","duration":10},{"type":"keyUp","value":""}]}]}
RESULT: {"actions":[{"id":"action61","type":"key","parameters":{},"actions":[{"type":"keyDown","value":""},{"type":"pause","duration":10},{"type":"keyUp","value":""}]}]}
COMMAND: POST /session/b65fc9896dbbad70d7119bd0d8ca6151/element - {"using":"xpath","value":"//td[7]/div/div/input"}
COMMAND: GET /session/b65fc9896dbbad70d7119bd0d8ca6151/screenshot - {}
RESULT: {"using":"xpath","value":"//td[7]/div/div/input"}
COMMAND: POST /session/b65fc9896dbbad70d7119bd0d8ca6151/element/f.B1DE806DB4DF8D130682F5CACC3F0FDB.d.088605F0DE8E4DD5798BA3D3F5995121.e.9447/clear - {}
RESULT: {}
RESULT: {}
COMMAND: POST /session/b65fc9896dbbad70d7119bd0d8ca6151/element/f.B1DE806DB4DF8D130682F5CACC3F0FDB.d.088605F0DE8E4DD5798BA3D3F5995121.e.9447/value - {"text":"WebdriverRUR2C"}
COMMAND: GET /session/b65fc9896dbbad70d7119bd0d8ca6151/screenshot - {}
RESULT: {"text":"WebdriverRUR2C"}
COMMAND: GET /session/b65fc9896dbbad70d7119bd0d8ca6151/screenshot - {}
RESULT: {}
RESULT: {}
COMMAND: POST /session/b65fc9896dbbad70d7119bd0d8ca6151/actions - {"actions":[{"id":"action62","type":"key","parameters":{},"actions":[{"type":"keyDown","value":""},{"type":"pause","duration":10},{"type":"keyUp","value":""}]}]}
RESULT: {"actions":[{"id":"action62","type":"key","parameters":{},"actions":[{"type":"keyDown","value":""},{"type":"pause","duration":10},{"type":"keyUp","value":""}]}]}
COMMAND: GET /session/b65fc9896dbbad70d7119bd0d8ca6151/screenshot - {}
RESULT: {}
COMMAND: POST /session/b65fc9896dbbad70d7119bd0d8ca6151/actions - {"actions":[{"id":"action63","type":"key","parameters":{},"actions":[{"type":"keyDown","value":""},{"type":"pause","duration":10},{"type":"keyUp","value":""}]}]}
RESULT: {"actions":[{"id":"action63","type":"key","parameters":{},"actions":[{"type":"keyDown","value":""},{"type":"pause","duration":10},{"type":"keyUp","value":""}]}]}
COMMAND: GET /session/b65fc9896dbbad70d7119bd0d8ca6151/screenshot - {}
RESULT: {}
COMMAND: POST /session/b65fc9896dbbad70d7119bd0d8ca6151/element - {"using":"xpath","value":"(//button[@data-kt=\"saveButton\"])[2]"}
RESULT: {"using":"xpath","value":"(//button[@data-kt=\"saveButton\"])[2]"}
COMMAND: POST /session/b65fc9896dbbad70d7119bd0d8ca6151/element/f.B1DE806DB4DF8D130682F5CACC3F0FDB.d.088605F0DE8E4DD5798BA3D3F5995121.e.9459/click - {}
RESULT: {}
COMMAND: GET /session/b65fc9896dbbad70d7119bd0d8ca6151/screenshot - {}
RESULT: {}
COMMAND: POST /session/b65fc9896dbbad70d7119bd0d8ca6151/element - {"using":"xpath","value":"//button[contains(@data-kt ,\"contractDetailEditBtnButton\")]"}
RESULT: {"using":"xpath","value":"//button[contains(@data-kt ,\"contractDetailEditBtnButton\")]"}
COMMAND: POST /session/b65fc9896dbbad70d7119bd0d8ca6151/execute/sync - {"script":"<script> [8489 bytes]","args":[{"element-6066-11e4-a52e-4f735466cecf":"f.B1DE806DB4DF8D130682F5CACC3F0FDB.d.088605F0DE8E4DD5798BA3D3F5995121.e.9381","ELEMENT":"f.B1DE806DB4DF8D130682F5CACC3F0FDB.d.088605F0DE8E4DD5798BA3D3F5995121.e.9381"}]}
RESULT: {"script":"<script> [8489 bytes]","args":[{"element-6066-11e4-a52e-4f735466cecf":"f.B1DE806DB4DF8D130682F5CACC3F0FDB.d.088605F0DE8E4DD5798BA3D3F5995121.e.9381","ELEMENT":"f.B1DE806DB4DF8D130682F5CACC3F0FDB.d.088605F0DE8E4DD5798BA3D3F5995121.e.9381"}]}
COMMAND: GET /session/b65fc9896dbbad70d7119bd0d8ca6151/screenshot - {}
RESULT: {}
COMMAND: POST /session/b65fc9896dbbad70d7119bd0d8ca6151/execute/sync - {"script":"<script> [8489 bytes]","args":[{"element-6066-11e4-a52e-4f735466cecf":"f.B1DE806DB4DF8D130682F5CACC3F0FDB.d.088605F0DE8E4DD5798BA3D3F5995121.e.9381","ELEMENT":"f.B1DE806DB4DF8D130682F5CACC3F0FDB.d.088605F0DE8E4DD5798BA3D3F5995121.e.9381"}]}
RESULT: {"script":"<script> [8489 bytes]","args":[{"element-6066-11e4-a52e-4f735466cecf":"f.B1DE806DB4DF8D130682F5CACC3F0FDB.d.088605F0DE8E4DD5798BA3D3F5995121.e.9381","ELEMENT":"f.B1DE806DB4DF8D130682F5CACC3F0FDB.d.088605F0DE8E4DD5798BA3D3F5995121.e.9381"}]}
COMMAND: GET /session/b65fc9896dbbad70d7119bd0d8ca6151/screenshot - {}
RESULT: {}
COMMAND: POST /session/b65fc9896dbbad70d7119bd0d8ca6151/execute/sync - {"script":"<script> [8489 bytes]","args":[{"element-6066-11e4-a52e-4f735466cecf":"f.B1DE806DB4DF8D130682F5CACC3F0FDB.d.088605F0DE8E4DD5798BA3D3F5995121.e.9381","ELEMENT":"f.B1DE806DB4DF8D130682F5CACC3F0FDB.d.088605F0DE8E4DD5798BA3D3F5995121.e.9381"}]}
RESULT: {"script":"<script> [8489 bytes]","args":[{"element-6066-11e4-a52e-4f735466cecf":"f.B1DE806DB4DF8D130682F5CACC3F0FDB.d.088605F0DE8E4DD5798BA3D3F5995121.e.9381","ELEMENT":"f.B1DE806DB4DF8D130682F5CACC3F0FDB.d.088605F0DE8E4DD5798BA3D3F5995121.e.9381"}]}
COMMAND: GET /session/b65fc9896dbbad70d7119bd0d8ca6151/screenshot - {}
RESULT: {}
COMMAND: POST /session/b65fc9896dbbad70d7119bd0d8ca6151/execute/sync - {"script":"<script> [8489 bytes]","args":[{"element-6066-11e4-a52e-4f735466cecf":"f.B1DE806DB4DF8D130682F5CACC3F0FDB.d.088605F0DE8E4DD5798BA3D3F5995121.e.9381","ELEMENT":"f.B1DE806DB4DF8D130682F5CACC3F0FDB.d.088605F0DE8E4DD5798BA3D3F5995121.e.9381"}]}
RESULT: {"script":"<script> [8489 bytes]","args":[{"element-6066-11e4-a52e-4f735466cecf":"f.B1DE806DB4DF8D130682F5CACC3F0FDB.d.088605F0DE8E4DD5798BA3D3F5995121.e.9381","ELEMENT":"f.B1DE806DB4DF8D130682F5CACC3F0FDB.d.088605F0DE8E4DD5798BA3D3F5995121.e.9381"}]}
COMMAND: GET /session/b65fc9896dbbad70d7119bd0d8ca6151/screenshot - {}
RESULT: {}
COMMAND: POST /session/b65fc9896dbbad70d7119bd0d8ca6151/execute/sync - {"script":"<script> [8489 bytes]","args":[{"element-6066-11e4-a52e-4f735466cecf":"f.B1DE806DB4DF8D130682F5CACC3F0FDB.d.088605F0DE8E4DD5798BA3D3F5995121.e.9381","ELEMENT":"f.B1DE806DB4DF8D130682F5CACC3F0FDB.d.088605F0DE8E4DD5798BA3D3F5995121.e.9381"}]}
RESULT: {"script":"<script> [8489 bytes]","args":[{"element-6066-11e4-a52e-4f735466cecf":"f.B1DE806DB4DF8D130682F5CACC3F0FDB.d.088605F0DE8E4DD5798BA3D3F5995121.e.9381","ELEMENT":"f.B1DE806DB4DF8D130682F5CACC3F0FDB.d.088605F0DE8E4DD5798BA3D3F5995121.e.9381"}]}
COMMAND: GET /session/b65fc9896dbbad70d7119bd0d8ca6151/screenshot - {}
RESULT: {}
COMMAND: POST /session/b65fc9896dbbad70d7119bd0d8ca6151/execute/sync - {"script":"<script> [8489 bytes]","args":[{"element-6066-11e4-a52e-4f735466cecf":"f.B1DE806DB4DF8D130682F5CACC3F0FDB.d.088605F0DE8E4DD5798BA3D3F5995121.e.9381","ELEMENT":"f.B1DE806DB4DF8D130682F5CACC3F0FDB.d.088605F0DE8E4DD5798BA3D3F5995121.e.9381"}]}
RESULT: {"script":"<script> [8489 bytes]","args":[{"element-6066-11e4-a52e-4f735466cecf":"f.B1DE806DB4DF8D130682F5CACC3F0FDB.d.088605F0DE8E4DD5798BA3D3F5995121.e.9381","ELEMENT":"f.B1DE806DB4DF8D130682F5CACC3F0FDB.d.088605F0DE8E4DD5798BA3D3F5995121.e.9381"}]}
COMMAND: GET /session/b65fc9896dbbad70d7119bd0d8ca6151/screenshot - {}
RESULT: {}
COMMAND: POST /session/b65fc9896dbbad70d7119bd0d8ca6151/execute/sync - {"script":"<script> [8489 bytes]","args":[{"element-6066-11e4-a52e-4f735466cecf":"f.B1DE806DB4DF8D130682F5CACC3F0FDB.d.088605F0DE8E4DD5798BA3D3F5995121.e.9381","ELEMENT":"f.B1DE806DB4DF8D130682F5CACC3F0FDB.d.088605F0DE8E4DD5798BA3D3F5995121.e.9381"}]}
RESULT: {"script":"<script> [8489 bytes]","args":[{"element-6066-11e4-a52e-4f735466cecf":"f.B1DE806DB4DF8D130682F5CACC3F0FDB.d.088605F0DE8E4DD5798BA3D3F5995121.e.9381","ELEMENT":"f.B1DE806DB4DF8D130682F5CACC3F0FDB.d.088605F0DE8E4DD5798BA3D3F5995121.e.9381"}]}
COMMAND: GET /session/b65fc9896dbbad70d7119bd0d8ca6151/screenshot - {}
RESULT: {}
COMMAND: POST /session/b65fc9896dbbad70d7119bd0d8ca6151/execute/sync - {"script":"<script> [8489 bytes]","args":[{"element-6066-11e4-a52e-4f735466cecf":"f.B1DE806DB4DF8D130682F5CACC3F0FDB.d.088605F0DE8E4DD5798BA3D3F5995121.e.9381","ELEMENT":"f.B1DE806DB4DF8D130682F5CACC3F0FDB.d.088605F0DE8E4DD5798BA3D3F5995121.e.9381"}]}
RESULT: {"script":"<script> [8489 bytes]","args":[{"element-6066-11e4-a52e-4f735466cecf":"f.B1DE806DB4DF8D130682F5CACC3F0FDB.d.088605F0DE8E4DD5798BA3D3F5995121.e.9381","ELEMENT":"f.B1DE806DB4DF8D130682F5CACC3F0FDB.d.088605F0DE8E4DD5798BA3D3F5995121.e.9381"}]}
COMMAND: GET /session/b65fc9896dbbad70d7119bd0d8ca6151/screenshot - {}
RESULT: {}
COMMAND: POST /session/b65fc9896dbbad70d7119bd0d8ca6151/execute/sync - {"script":"<script> [8489 bytes]","args":[{"element-6066-11e4-a52e-4f735466cecf":"f.B1DE806DB4DF8D130682F5CACC3F0FDB.d.088605F0DE8E4DD5798BA3D3F5995121.e.9381","ELEMENT":"f.B1DE806DB4DF8D130682F5CACC3F0FDB.d.088605F0DE8E4DD5798BA3D3F5995121.e.9381"}]}
RESULT: {"script":"<script> [8489 bytes]","args":[{"element-6066-11e4-a52e-4f735466cecf":"f.B1DE806DB4DF8D130682F5CACC3F0FDB.d.088605F0DE8E4DD5798BA3D3F5995121.e.9381","ELEMENT":"f.B1DE806DB4DF8D130682F5CACC3F0FDB.d.088605F0DE8E4DD5798BA3D3F5995121.e.9381"}]}
COMMAND: GET /session/b65fc9896dbbad70d7119bd0d8ca6151/screenshot - {}
RESULT: {}
COMMAND: POST /session/b65fc9896dbbad70d7119bd0d8ca6151/execute/sync - {"script":"<script> [8489 bytes]","args":[{"element-6066-11e4-a52e-4f735466cecf":"f.B1DE806DB4DF8D130682F5CACC3F0FDB.d.088605F0DE8E4DD5798BA3D3F5995121.e.9381","ELEMENT":"f.B1DE806DB4DF8D130682F5CACC3F0FDB.d.088605F0DE8E4DD5798BA3D3F5995121.e.9381"}]}
RESULT: {"script":"<script> [8489 bytes]","args":[{"element-6066-11e4-a52e-4f735466cecf":"f.B1DE806DB4DF8D130682F5CACC3F0FDB.d.088605F0DE8E4DD5798BA3D3F5995121.e.9381","ELEMENT":"f.B1DE806DB4DF8D130682F5CACC3F0FDB.d.088605F0DE8E4DD5798BA3D3F5995121.e.9381"}]}
COMMAND: GET /session/b65fc9896dbbad70d7119bd0d8ca6151/screenshot - {}
RESULT: {}
COMMAND: POST /session/b65fc9896dbbad70d7119bd0d8ca6151/execute/sync - {"script":"<script> [8489 bytes]","args":[{"element-6066-11e4-a52e-4f735466cecf":"f.B1DE806DB4DF8D130682F5CACC3F0FDB.d.088605F0DE8E4DD5798BA3D3F5995121.e.9381","ELEMENT":"f.B1DE806DB4DF8D130682F5CACC3F0FDB.d.088605F0DE8E4DD5798BA3D3F5995121.e.9381"}]}
RESULT: {"script":"<script> [8489 bytes]","args":[{"element-6066-11e4-a52e-4f735466cecf":"f.B1DE806DB4DF8D130682F5CACC3F0FDB.d.088605F0DE8E4DD5798BA3D3F5995121.e.9381","ELEMENT":"f.B1DE806DB4DF8D130682F5CACC3F0FDB.d.088605F0DE8E4DD5798BA3D3F5995121.e.9381"}]}
COMMAND: GET /session/b65fc9896dbbad70d7119bd0d8ca6151/screenshot - {}
RESULT: {}
COMMAND: POST /session/b65fc9896dbbad70d7119bd0d8ca6151/execute/sync - {"script":"<script> [8489 bytes]","args":[{"element-6066-11e4-a52e-4f735466cecf":"f.B1DE806DB4DF8D130682F5CACC3F0FDB.d.088605F0DE8E4DD5798BA3D3F5995121.e.9381","ELEMENT":"f.B1DE806DB4DF8D130682F5CACC3F0FDB.d.088605F0DE8E4DD5798BA3D3F5995121.e.9381"}]}
RESULT: {"script":"<script> [8489 bytes]","args":[{"element-6066-11e4-a52e-4f735466cecf":"f.B1DE806DB4DF8D130682F5CACC3F0FDB.d.088605F0DE8E4DD5798BA3D3F5995121.e.9381","ELEMENT":"f.B1DE806DB4DF8D130682F5CACC3F0FDB.d.088605F0DE8E4DD5798BA3D3F5995121.e.9381"}]}
COMMAND: GET /session/b65fc9896dbbad70d7119bd0d8ca6151/screenshot - {}
RESULT: {}
COMMAND: POST /session/b65fc9896dbbad70d7119bd0d8ca6151/execute/sync - {"script":"<script> [8489 bytes]","args":[{"element-6066-11e4-a52e-4f735466cecf":"f.B1DE806DB4DF8D130682F5CACC3F0FDB.d.088605F0DE8E4DD5798BA3D3F5995121.e.9381","ELEMENT":"f.B1DE806DB4DF8D130682F5CACC3F0FDB.d.088605F0DE8E4DD5798BA3D3F5995121.e.9381"}]}
RESULT: {"script":"<script> [8489 bytes]","args":[{"element-6066-11e4-a52e-4f735466cecf":"f.B1DE806DB4DF8D130682F5CACC3F0FDB.d.088605F0DE8E4DD5798BA3D3F5995121.e.9381","ELEMENT":"f.B1DE806DB4DF8D130682F5CACC3F0FDB.d.088605F0DE8E4DD5798BA3D3F5995121.e.9381"}]}
COMMAND: GET /session/b65fc9896dbbad70d7119bd0d8ca6151/screenshot - {}
RESULT: {}
COMMAND: POST /session/b65fc9896dbbad70d7119bd0d8ca6151/execute/sync - {"script":"<script> [8489 bytes]","args":[{"element-6066-11e4-a52e-4f735466cecf":"f.B1DE806DB4DF8D130682F5CACC3F0FDB.d.088605F0DE8E4DD5798BA3D3F5995121.e.9381","ELEMENT":"f.B1DE806DB4DF8D130682F5CACC3F0FDB.d.088605F0DE8E4DD5798BA3D3F5995121.e.9381"}]}
RESULT: {"script":"<script> [8489 bytes]","args":[{"element-6066-11e4-a52e-4f735466cecf":"f.B1DE806DB4DF8D130682F5CACC3F0FDB.d.088605F0DE8E4DD5798BA3D3F5995121.e.9381","ELEMENT":"f.B1DE806DB4DF8D130682F5CACC3F0FDB.d.088605F0DE8E4DD5798BA3D3F5995121.e.9381"}]}
COMMAND: GET /session/b65fc9896dbbad70d7119bd0d8ca6151/screenshot - {}
RESULT: {}
COMMAND: POST /session/b65fc9896dbbad70d7119bd0d8ca6151/execute/sync - {"script":"<script> [8489 bytes]","args":[{"element-6066-11e4-a52e-4f735466cecf":"f.B1DE806DB4DF8D130682F5CACC3F0FDB.d.088605F0DE8E4DD5798BA3D3F5995121.e.9381","ELEMENT":"f.B1DE806DB4DF8D130682F5CACC3F0FDB.d.088605F0DE8E4DD5798BA3D3F5995121.e.9381"}]}
RESULT: {"script":"<script> [8489 bytes]","args":[{"element-6066-11e4-a52e-4f735466cecf":"f.B1DE806DB4DF8D130682F5CACC3F0FDB.d.088605F0DE8E4DD5798BA3D3F5995121.e.9381","ELEMENT":"f.B1DE806DB4DF8D130682F5CACC3F0FDB.d.088605F0DE8E4DD5798BA3D3F5995121.e.9381"}]}
COMMAND: GET /session/b65fc9896dbbad70d7119bd0d8ca6151/screenshot - {}
RESULT: {}
COMMAND: POST /session/b65fc9896dbbad70d7119bd0d8ca6151/execute/sync - {"script":"<script> [8489 bytes]","args":[{"element-6066-11e4-a52e-4f735466cecf":"f.B1DE806DB4DF8D130682F5CACC3F0FDB.d.088605F0DE8E4DD5798BA3D3F5995121.e.9381","ELEMENT":"f.B1DE806DB4DF8D130682F5CACC3F0FDB.d.088605F0DE8E4DD5798BA3D3F5995121.e.9381"}]}
RESULT: {"script":"<script> [8489 bytes]","args":[{"element-6066-11e4-a52e-4f735466cecf":"f.B1DE806DB4DF8D130682F5CACC3F0FDB.d.088605F0DE8E4DD5798BA3D3F5995121.e.9381","ELEMENT":"f.B1DE806DB4DF8D130682F5CACC3F0FDB.d.088605F0DE8E4DD5798BA3D3F5995121.e.9381"}]}
COMMAND: GET /session/b65fc9896dbbad70d7119bd0d8ca6151/screenshot - {}
RESULT: {}
COMMAND: POST /session/b65fc9896dbbad70d7119bd0d8ca6151/execute/sync - {"script":"<script> [8489 bytes]","args":[{"element-6066-11e4-a52e-4f735466cecf":"f.B1DE806DB4DF8D130682F5CACC3F0FDB.d.088605F0DE8E4DD5798BA3D3F5995121.e.9381","ELEMENT":"f.B1DE806DB4DF8D130682F5CACC3F0FDB.d.088605F0DE8E4DD5798BA3D3F5995121.e.9381"}]}
RESULT: {"script":"<script> [8489 bytes]","args":[{"element-6066-11e4-a52e-4f735466cecf":"f.B1DE806DB4DF8D130682F5CACC3F0FDB.d.088605F0DE8E4DD5798BA3D3F5995121.e.9381","ELEMENT":"f.B1DE806DB4DF8D130682F5CACC3F0FDB.d.088605F0DE8E4DD5798BA3D3F5995121.e.9381"}]}
COMMAND: GET /session/b65fc9896dbbad70d7119bd0d8ca6151/screenshot - {}
RESULT: {}
COMMAND: POST /session/b65fc9896dbbad70d7119bd0d8ca6151/execute/sync - {"script":"<script> [8489 bytes]","args":[{"element-6066-11e4-a52e-4f735466cecf":"f.B1DE806DB4DF8D130682F5CACC3F0FDB.d.088605F0DE8E4DD5798BA3D3F5995121.e.9381","ELEMENT":"f.B1DE806DB4DF8D130682F5CACC3F0FDB.d.088605F0DE8E4DD5798BA3D3F5995121.e.9381"}]}
RESULT: {"script":"<script> [8489 bytes]","args":[{"element-6066-11e4-a52e-4f735466cecf":"f.B1DE806DB4DF8D130682F5CACC3F0FDB.d.088605F0DE8E4DD5798BA3D3F5995121.e.9381","ELEMENT":"f.B1DE806DB4DF8D130682F5CACC3F0FDB.d.088605F0DE8E4DD5798BA3D3F5995121.e.9381"}]}
COMMAND: GET /session/b65fc9896dbbad70d7119bd0d8ca6151/screenshot - {}
RESULT: {}
COMMAND: POST /session/b65fc9896dbbad70d7119bd0d8ca6151/execute/sync - {"script":"<script> [8489 bytes]","args":[{"element-6066-11e4-a52e-4f735466cecf":"f.B1DE806DB4DF8D130682F5CACC3F0FDB.d.088605F0DE8E4DD5798BA3D3F5995121.e.9381","ELEMENT":"f.B1DE806DB4DF8D130682F5CACC3F0FDB.d.088605F0DE8E4DD5798BA3D3F5995121.e.9381"}]}
RESULT: {"script":"<script> [8489 bytes]","args":[{"element-6066-11e4-a52e-4f735466cecf":"f.B1DE806DB4DF8D130682F5CACC3F0FDB.d.088605F0DE8E4DD5798BA3D3F5995121.e.9381","ELEMENT":"f.B1DE806DB4DF8D130682F5CACC3F0FDB.d.088605F0DE8E4DD5798BA3D3F5995121.e.9381"}]}
COMMAND: GET /session/b65fc9896dbbad70d7119bd0d8ca6151/screenshot - {}
RESULT: {}
COMMAND: POST /session/b65fc9896dbbad70d7119bd0d8ca6151/execute/sync - {"script":"<script> [8489 bytes]","args":[{"element-6066-11e4-a52e-4f735466cecf":"f.B1DE806DB4DF8D130682F5CACC3F0FDB.d.088605F0DE8E4DD5798BA3D3F5995121.e.9381","ELEMENT":"f.B1DE806DB4DF8D130682F5CACC3F0FDB.d.088605F0DE8E4DD5798BA3D3F5995121.e.9381"}]}
RESULT: {"script":"<script> [8489 bytes]","args":[{"element-6066-11e4-a52e-4f735466cecf":"f.B1DE806DB4DF8D130682F5CACC3F0FDB.d.088605F0DE8E4DD5798BA3D3F5995121.e.9381","ELEMENT":"f.B1DE806DB4DF8D130682F5CACC3F0FDB.d.088605F0DE8E4DD5798BA3D3F5995121.e.9381"}]}
COMMAND: GET /session/b65fc9896dbbad70d7119bd0d8ca6151/screenshot - {}
RESULT: {}
COMMAND: POST /session/b65fc9896dbbad70d7119bd0d8ca6151/execute/sync - {"script":"<script> [8489 bytes]","args":[{"element-6066-11e4-a52e-4f735466cecf":"f.B1DE806DB4DF8D130682F5CACC3F0FDB.d.088605F0DE8E4DD5798BA3D3F5995121.e.9381","ELEMENT":"f.B1DE806DB4DF8D130682F5CACC3F0FDB.d.088605F0DE8E4DD5798BA3D3F5995121.e.9381"}]}
RESULT: {"script":"<script> [8489 bytes]","args":[{"element-6066-11e4-a52e-4f735466cecf":"f.B1DE806DB4DF8D130682F5CACC3F0FDB.d.088605F0DE8E4DD5798BA3D3F5995121.e.9381","ELEMENT":"f.B1DE806DB4DF8D130682F5CACC3F0FDB.d.088605F0DE8E4DD5798BA3D3F5995121.e.9381"}]}
COMMAND: GET /session/b65fc9896dbbad70d7119bd0d8ca6151/screenshot - {}
RESULT: {}
COMMAND: POST /session/b65fc9896dbbad70d7119bd0d8ca6151/execute/sync - {"script":"<script> [8489 bytes]","args":[{"element-6066-11e4-a52e-4f735466cecf":"f.B1DE806DB4DF8D130682F5CACC3F0FDB.d.088605F0DE8E4DD5798BA3D3F5995121.e.9381","ELEMENT":"f.B1DE806DB4DF8D130682F5CACC3F0FDB.d.088605F0DE8E4DD5798BA3D3F5995121.e.9381"}]}
RESULT: {"script":"<script> [8489 bytes]","args":[{"element-6066-11e4-a52e-4f735466cecf":"f.B1DE806DB4DF8D130682F5CACC3F0FDB.d.088605F0DE8E4DD5798BA3D3F5995121.e.9381","ELEMENT":"f.B1DE806DB4DF8D130682F5CACC3F0FDB.d.088605F0DE8E4DD5798BA3D3F5995121.e.9381"}]}
COMMAND: GET /session/b65fc9896dbbad70d7119bd0d8ca6151/screenshot - {}
RESULT: {}
COMMAND: POST /session/b65fc9896dbbad70d7119bd0d8ca6151/execute/sync - {"script":"<script> [8489 bytes]","args":[{"element-6066-11e4-a52e-4f735466cecf":"f.B1DE806DB4DF8D130682F5CACC3F0FDB.d.088605F0DE8E4DD5798BA3D3F5995121.e.9381","ELEMENT":"f.B1DE806DB4DF8D130682F5CACC3F0FDB.d.088605F0DE8E4DD5798BA3D3F5995121.e.9381"}]}
RESULT: {"script":"<script> [8489 bytes]","args":[{"element-6066-11e4-a52e-4f735466cecf":"f.B1DE806DB4DF8D130682F5CACC3F0FDB.d.088605F0DE8E4DD5798BA3D3F5995121.e.9381","ELEMENT":"f.B1DE806DB4DF8D130682F5CACC3F0FDB.d.088605F0DE8E4DD5798BA3D3F5995121.e.9381"}]}
COMMAND: GET /session/b65fc9896dbbad70d7119bd0d8ca6151/screenshot - {}
RESULT: {}
COMMAND: POST /session/b65fc9896dbbad70d7119bd0d8ca6151/execute/sync - {"script":"<script> [8489 bytes]","args":[{"element-6066-11e4-a52e-4f735466cecf":"f.B1DE806DB4DF8D130682F5CACC3F0FDB.d.088605F0DE8E4DD5798BA3D3F5995121.e.9381","ELEMENT":"f.B1DE806DB4DF8D130682F5CACC3F0FDB.d.088605F0DE8E4DD5798BA3D3F5995121.e.9381"}]}
RESULT: {"script":"<script> [8489 bytes]","args":[{"element-6066-11e4-a52e-4f735466cecf":"f.B1DE806DB4DF8D130682F5CACC3F0FDB.d.088605F0DE8E4DD5798BA3D3F5995121.e.9381","ELEMENT":"f.B1DE806DB4DF8D130682F5CACC3F0FDB.d.088605F0DE8E4DD5798BA3D3F5995121.e.9381"}]}
COMMAND: GET /session/b65fc9896dbbad70d7119bd0d8ca6151/screenshot - {}
RESULT: {}
COMMAND: POST /session/b65fc9896dbbad70d7119bd0d8ca6151/execute/sync - {"script":"<script> [8489 bytes]","args":[{"element-6066-11e4-a52e-4f735466cecf":"f.B1DE806DB4DF8D130682F5CACC3F0FDB.d.088605F0DE8E4DD5798BA3D3F5995121.e.9381","ELEMENT":"f.B1DE806DB4DF8D130682F5CACC3F0FDB.d.088605F0DE8E4DD5798BA3D3F5995121.e.9381"}]}
RESULT: {"script":"<script> [8489 bytes]","args":[{"element-6066-11e4-a52e-4f735466cecf":"f.B1DE806DB4DF8D130682F5CACC3F0FDB.d.088605F0DE8E4DD5798BA3D3F5995121.e.9381","ELEMENT":"f.B1DE806DB4DF8D130682F5CACC3F0FDB.d.088605F0DE8E4DD5798BA3D3F5995121.e.9381"}]}
COMMAND: GET /session/b65fc9896dbbad70d7119bd0d8ca6151/screenshot - {}
RESULT: {}
COMMAND: POST /session/b65fc9896dbbad70d7119bd0d8ca6151/execute/sync - {"script":"<script> [8489 bytes]","args":[{"element-6066-11e4-a52e-4f735466cecf":"f.B1DE806DB4DF8D130682F5CACC3F0FDB.d.088605F0DE8E4DD5798BA3D3F5995121.e.9381","ELEMENT":"f.B1DE806DB4DF8D130682F5CACC3F0FDB.d.088605F0DE8E4DD5798BA3D3F5995121.e.9381"}]}
RESULT: {"script":"<script> [8489 bytes]","args":[{"element-6066-11e4-a52e-4f735466cecf":"f.B1DE806DB4DF8D130682F5CACC3F0FDB.d.088605F0DE8E4DD5798BA3D3F5995121.e.9381","ELEMENT":"f.B1DE806DB4DF8D130682F5CACC3F0FDB.d.088605F0DE8E4DD5798BA3D3F5995121.e.9381"}]}
COMMAND: GET /session/b65fc9896dbbad70d7119bd0d8ca6151/screenshot - {}
RESULT: {}
COMMAND: POST /session/b65fc9896dbbad70d7119bd0d8ca6151/execute/sync - {"script":"<script> [8489 bytes]","args":[{"element-6066-11e4-a52e-4f735466cecf":"f.B1DE806DB4DF8D130682F5CACC3F0FDB.d.088605F0DE8E4DD5798BA3D3F5995121.e.9381","ELEMENT":"f.B1DE806DB4DF8D130682F5CACC3F0FDB.d.088605F0DE8E4DD5798BA3D3F5995121.e.9381"}]}
RESULT: {"script":"<script> [8489 bytes]","args":[{"element-6066-11e4-a52e-4f735466cecf":"f.B1DE806DB4DF8D130682F5CACC3F0FDB.d.088605F0DE8E4DD5798BA3D3F5995121.e.9381","ELEMENT":"f.B1DE806DB4DF8D130682F5CACC3F0FDB.d.088605F0DE8E4DD5798BA3D3F5995121.e.9381"}]}
COMMAND: GET /session/b65fc9896dbbad70d7119bd0d8ca6151/screenshot - {}
RESULT: {}
COMMAND: POST /session/b65fc9896dbbad70d7119bd0d8ca6151/execute/sync - {"script":"<script> [8489 bytes]","args":[{"element-6066-11e4-a52e-4f735466cecf":"f.B1DE806DB4DF8D130682F5CACC3F0FDB.d.088605F0DE8E4DD5798BA3D3F5995121.e.9381","ELEMENT":"f.B1DE806DB4DF8D130682F5CACC3F0FDB.d.088605F0DE8E4DD5798BA3D3F5995121.e.9381"}]}
RESULT: {"script":"<script> [8489 bytes]","args":[{"element-6066-11e4-a52e-4f735466cecf":"f.B1DE806DB4DF8D130682F5CACC3F0FDB.d.088605F0DE8E4DD5798BA3D3F5995121.e.9381","ELEMENT":"f.B1DE806DB4DF8D130682F5CACC3F0FDB.d.088605F0DE8E4DD5798BA3D3F5995121.e.9381"}]}
COMMAND: GET /session/b65fc9896dbbad70d7119bd0d8ca6151/screenshot - {}
RESULT: {}
COMMAND: POST /session/b65fc9896dbbad70d7119bd0d8ca6151/execute/sync - {"script":"<script> [8489 bytes]","args":[{"element-6066-11e4-a52e-4f735466cecf":"f.B1DE806DB4DF8D130682F5CACC3F0FDB.d.088605F0DE8E4DD5798BA3D3F5995121.e.9381","ELEMENT":"f.B1DE806DB4DF8D130682F5CACC3F0FDB.d.088605F0DE8E4DD5798BA3D3F5995121.e.9381"}]}
RESULT: {"script":"<script> [8489 bytes]","args":[{"element-6066-11e4-a52e-4f735466cecf":"f.B1DE806DB4DF8D130682F5CACC3F0FDB.d.088605F0DE8E4DD5798BA3D3F5995121.e.9381","ELEMENT":"f.B1DE806DB4DF8D130682F5CACC3F0FDB.d.088605F0DE8E4DD5798BA3D3F5995121.e.9381"}]}
COMMAND: GET /session/b65fc9896dbbad70d7119bd0d8ca6151/screenshot - {}
RESULT: {}
COMMAND: POST /session/b65fc9896dbbad70d7119bd0d8ca6151/execute/sync - {"script":"<script> [8489 bytes]","args":[{"element-6066-11e4-a52e-4f735466cecf":"f.B1DE806DB4DF8D130682F5CACC3F0FDB.d.088605F0DE8E4DD5798BA3D3F5995121.e.9381","ELEMENT":"f.B1DE806DB4DF8D130682F5CACC3F0FDB.d.088605F0DE8E4DD5798BA3D3F5995121.e.9381"}]}
RESULT: {"script":"<script> [8489 bytes]","args":[{"element-6066-11e4-a52e-4f735466cecf":"f.B1DE806DB4DF8D130682F5CACC3F0FDB.d.088605F0DE8E4DD5798BA3D3F5995121.e.9381","ELEMENT":"f.B1DE806DB4DF8D130682F5CACC3F0FDB.d.088605F0DE8E4DD5798BA3D3F5995121.e.9381"}]}
COMMAND: GET /session/b65fc9896dbbad70d7119bd0d8ca6151/screenshot - {}
RESULT: {}
COMMAND: POST /session/b65fc9896dbbad70d7119bd0d8ca6151/execute/sync - {"script":"<script> [8489 bytes]","args":[{"element-6066-11e4-a52e-4f735466cecf":"f.B1DE806DB4DF8D130682F5CACC3F0FDB.d.088605F0DE8E4DD5798BA3D3F5995121.e.9381","ELEMENT":"f.B1DE806DB4DF8D130682F5CACC3F0FDB.d.088605F0DE8E4DD5798BA3D3F5995121.e.9381"}]}
RESULT: {"script":"<script> [8489 bytes]","args":[{"element-6066-11e4-a52e-4f735466cecf":"f.B1DE806DB4DF8D130682F5CACC3F0FDB.d.088605F0DE8E4DD5798BA3D3F5995121.e.9381","ELEMENT":"f.B1DE806DB4DF8D130682F5CACC3F0FDB.d.088605F0DE8E4DD5798BA3D3F5995121.e.9381"}]}
COMMAND: GET /session/b65fc9896dbbad70d7119bd0d8ca6151/screenshot - {}
RESULT: {}
COMMAND: POST /session/b65fc9896dbbad70d7119bd0d8ca6151/execute/sync - {"script":"<script> [8489 bytes]","args":[{"element-6066-11e4-a52e-4f735466cecf":"f.B1DE806DB4DF8D130682F5CACC3F0FDB.d.088605F0DE8E4DD5798BA3D3F5995121.e.9381","ELEMENT":"f.B1DE806DB4DF8D130682F5CACC3F0FDB.d.088605F0DE8E4DD5798BA3D3F5995121.e.9381"}]}
RESULT: {"script":"<script> [8489 bytes]","args":[{"element-6066-11e4-a52e-4f735466cecf":"f.B1DE806DB4DF8D130682F5CACC3F0FDB.d.088605F0DE8E4DD5798BA3D3F5995121.e.9381","ELEMENT":"f.B1DE806DB4DF8D130682F5CACC3F0FDB.d.088605F0DE8E4DD5798BA3D3F5995121.e.9381"}]}
COMMAND: GET /session/b65fc9896dbbad70d7119bd0d8ca6151/screenshot - {}
RESULT: {}
COMMAND: POST /session/b65fc9896dbbad70d7119bd0d8ca6151/execute/sync - {"script":"<script> [8489 bytes]","args":[{"element-6066-11e4-a52e-4f735466cecf":"f.B1DE806DB4DF8D130682F5CACC3F0FDB.d.088605F0DE8E4DD5798BA3D3F5995121.e.9381","ELEMENT":"f.B1DE806DB4DF8D130682F5CACC3F0FDB.d.088605F0DE8E4DD5798BA3D3F5995121.e.9381"}]}
RESULT: {"script":"<script> [8489 bytes]","args":[{"element-6066-11e4-a52e-4f735466cecf":"f.B1DE806DB4DF8D130682F5CACC3F0FDB.d.088605F0DE8E4DD5798BA3D3F5995121.e.9381","ELEMENT":"f.B1DE806DB4DF8D130682F5CACC3F0FDB.d.088605F0DE8E4DD5798BA3D3F5995121.e.9381"}]}
COMMAND: GET /session/b65fc9896dbbad70d7119bd0d8ca6151/screenshot - {}
RESULT: {}
COMMAND: POST /session/b65fc9896dbbad70d7119bd0d8ca6151/execute/sync - {"script":"<script> [8489 bytes]","args":[{"element-6066-11e4-a52e-4f735466cecf":"f.B1DE806DB4DF8D130682F5CACC3F0FDB.d.088605F0DE8E4DD5798BA3D3F5995121.e.9381","ELEMENT":"f.B1DE806DB4DF8D130682F5CACC3F0FDB.d.088605F0DE8E4DD5798BA3D3F5995121.e.9381"}]}
RESULT: {"script":"<script> [8489 bytes]","args":[{"element-6066-11e4-a52e-4f735466cecf":"f.B1DE806DB4DF8D130682F5CACC3F0FDB.d.088605F0DE8E4DD5798BA3D3F5995121.e.9381","ELEMENT":"f.B1DE806DB4DF8D130682F5CACC3F0FDB.d.088605F0DE8E4DD5798BA3D3F5995121.e.9381"}]}
COMMAND: GET /session/b65fc9896dbbad70d7119bd0d8ca6151/screenshot - {}
RESULT: {}
COMMAND: POST /session/b65fc9896dbbad70d7119bd0d8ca6151/execute/sync - {"script":"<script> [8489 bytes]","args":[{"element-6066-11e4-a52e-4f735466cecf":"f.B1DE806DB4DF8D130682F5CACC3F0FDB.d.088605F0DE8E4DD5798BA3D3F5995121.e.9381","ELEMENT":"f.B1DE806DB4DF8D130682F5CACC3F0FDB.d.088605F0DE8E4DD5798BA3D3F5995121.e.9381"}]}
RESULT: {"script":"<script> [8489 bytes]","args":[{"element-6066-11e4-a52e-4f735466cecf":"f.B1DE806DB4DF8D130682F5CACC3F0FDB.d.088605F0DE8E4DD5798BA3D3F5995121.e.9381","ELEMENT":"f.B1DE806DB4DF8D130682F5CACC3F0FDB.d.088605F0DE8E4DD5798BA3D3F5995121.e.9381"}]}
COMMAND: GET /session/b65fc9896dbbad70d7119bd0d8ca6151/screenshot - {}
RESULT: {}
COMMAND: POST /session/b65fc9896dbbad70d7119bd0d8ca6151/execute/sync - {"script":"<script> [8489 bytes]","args":[{"element-6066-11e4-a52e-4f735466cecf":"f.B1DE806DB4DF8D130682F5CACC3F0FDB.d.088605F0DE8E4DD5798BA3D3F5995121.e.9381","ELEMENT":"f.B1DE806DB4DF8D130682F5CACC3F0FDB.d.088605F0DE8E4DD5798BA3D3F5995121.e.9381"}]}
RESULT: {"script":"<script> [8489 bytes]","args":[{"element-6066-11e4-a52e-4f735466cecf":"f.B1DE806DB4DF8D130682F5CACC3F0FDB.d.088605F0DE8E4DD5798BA3D3F5995121.e.9381","ELEMENT":"f.B1DE806DB4DF8D130682F5CACC3F0FDB.d.088605F0DE8E4DD5798BA3D3F5995121.e.9381"}]}
COMMAND: GET /session/b65fc9896dbbad70d7119bd0d8ca6151/screenshot - {}
RESULT: {}
COMMAND: POST /session/b65fc9896dbbad70d7119bd0d8ca6151/execute/sync - {"script":"<script> [8489 bytes]","args":[{"element-6066-11e4-a52e-4f735466cecf":"f.B1DE806DB4DF8D130682F5CACC3F0FDB.d.088605F0DE8E4DD5798BA3D3F5995121.e.9381","ELEMENT":"f.B1DE806DB4DF8D130682F5CACC3F0FDB.d.088605F0DE8E4DD5798BA3D3F5995121.e.9381"}]}
RESULT: {"script":"<script> [8489 bytes]","args":[{"element-6066-11e4-a52e-4f735466cecf":"f.B1DE806DB4DF8D130682F5CACC3F0FDB.d.088605F0DE8E4DD5798BA3D3F5995121.e.9381","ELEMENT":"f.B1DE806DB4DF8D130682F5CACC3F0FDB.d.088605F0DE8E4DD5798BA3D3F5995121.e.9381"}]}
COMMAND: GET /session/b65fc9896dbbad70d7119bd0d8ca6151/screenshot - {}
RESULT: {}
COMMAND: POST /session/b65fc9896dbbad70d7119bd0d8ca6151/execute/sync - {"script":"<script> [8489 bytes]","args":[{"element-6066-11e4-a52e-4f735466cecf":"f.B1DE806DB4DF8D130682F5CACC3F0FDB.d.088605F0DE8E4DD5798BA3D3F5995121.e.9381","ELEMENT":"f.B1DE806DB4DF8D130682F5CACC3F0FDB.d.088605F0DE8E4DD5798BA3D3F5995121.e.9381"}]}
RESULT: {"script":"<script> [8489 bytes]","args":[{"element-6066-11e4-a52e-4f735466cecf":"f.B1DE806DB4DF8D130682F5CACC3F0FDB.d.088605F0DE8E4DD5798BA3D3F5995121.e.9381","ELEMENT":"f.B1DE806DB4DF8D130682F5CACC3F0FDB.d.088605F0DE8E4DD5798BA3D3F5995121.e.9381"}]}
COMMAND: GET /session/b65fc9896dbbad70d7119bd0d8ca6151/screenshot - {}
RESULT: {}
COMMAND: POST /session/b65fc9896dbbad70d7119bd0d8ca6151/execute/sync - {"script":"<script> [8489 bytes]","args":[{"element-6066-11e4-a52e-4f735466cecf":"f.B1DE806DB4DF8D130682F5CACC3F0FDB.d.088605F0DE8E4DD5798BA3D3F5995121.e.9381","ELEMENT":"f.B1DE806DB4DF8D130682F5CACC3F0FDB.d.088605F0DE8E4DD5798BA3D3F5995121.e.9381"}]}
RESULT: {"script":"<script> [8489 bytes]","args":[{"element-6066-11e4-a52e-4f735466cecf":"f.B1DE806DB4DF8D130682F5CACC3F0FDB.d.088605F0DE8E4DD5798BA3D3F5995121.e.9381","ELEMENT":"f.B1DE806DB4DF8D130682F5CACC3F0FDB.d.088605F0DE8E4DD5798BA3D3F5995121.e.9381"}]}
COMMAND: GET /session/b65fc9896dbbad70d7119bd0d8ca6151/screenshot - {}
RESULT: {}
COMMAND: POST /session/b65fc9896dbbad70d7119bd0d8ca6151/execute/sync - {"script":"<script> [8489 bytes]","args":[{"element-6066-11e4-a52e-4f735466cecf":"f.B1DE806DB4DF8D130682F5CACC3F0FDB.d.088605F0DE8E4DD5798BA3D3F5995121.e.9381","ELEMENT":"f.B1DE806DB4DF8D130682F5CACC3F0FDB.d.088605F0DE8E4DD5798BA3D3F5995121.e.9381"}]}
RESULT: {"script":"<script> [8489 bytes]","args":[{"element-6066-11e4-a52e-4f735466cecf":"f.B1DE806DB4DF8D130682F5CACC3F0FDB.d.088605F0DE8E4DD5798BA3D3F5995121.e.9381","ELEMENT":"f.B1DE806DB4DF8D130682F5CACC3F0FDB.d.088605F0DE8E4DD5798BA3D3F5995121.e.9381"}]}
COMMAND: GET /session/b65fc9896dbbad70d7119bd0d8ca6151/screenshot - {}
RESULT: {}
COMMAND: POST /session/b65fc9896dbbad70d7119bd0d8ca6151/execute/sync - {"script":"<script> [8489 bytes]","args":[{"element-6066-11e4-a52e-4f735466cecf":"f.B1DE806DB4DF8D130682F5CACC3F0FDB.d.088605F0DE8E4DD5798BA3D3F5995121.e.9381","ELEMENT":"f.B1DE806DB4DF8D130682F5CACC3F0FDB.d.088605F0DE8E4DD5798BA3D3F5995121.e.9381"}]}
RESULT: {"script":"<script> [8489 bytes]","args":[{"element-6066-11e4-a52e-4f735466cecf":"f.B1DE806DB4DF8D130682F5CACC3F0FDB.d.088605F0DE8E4DD5798BA3D3F5995121.e.9381","ELEMENT":"f.B1DE806DB4DF8D130682F5CACC3F0FDB.d.088605F0DE8E4DD5798BA3D3F5995121.e.9381"}]}
COMMAND: GET /session/b65fc9896dbbad70d7119bd0d8ca6151/screenshot - {}
RESULT: {}
COMMAND: POST /session/b65fc9896dbbad70d7119bd0d8ca6151/execute/sync - {"script":"<script> [8489 bytes]","args":[{"element-6066-11e4-a52e-4f735466cecf":"f.B1DE806DB4DF8D130682F5CACC3F0FDB.d.088605F0DE8E4DD5798BA3D3F5995121.e.9381","ELEMENT":"f.B1DE806DB4DF8D130682F5CACC3F0FDB.d.088605F0DE8E4DD5798BA3D3F5995121.e.9381"}]}
RESULT: {"script":"<script> [8489 bytes]","args":[{"element-6066-11e4-a52e-4f735466cecf":"f.B1DE806DB4DF8D130682F5CACC3F0FDB.d.088605F0DE8E4DD5798BA3D3F5995121.e.9381","ELEMENT":"f.B1DE806DB4DF8D130682F5CACC3F0FDB.d.088605F0DE8E4DD5798BA3D3F5995121.e.9381"}]}
COMMAND: GET /session/b65fc9896dbbad70d7119bd0d8ca6151/screenshot - {}
RESULT: {}
COMMAND: POST /session/b65fc9896dbbad70d7119bd0d8ca6151/execute/sync - {"script":"<script> [8489 bytes]","args":[{"element-6066-11e4-a52e-4f735466cecf":"f.B1DE806DB4DF8D130682F5CACC3F0FDB.d.088605F0DE8E4DD5798BA3D3F5995121.e.9381","ELEMENT":"f.B1DE806DB4DF8D130682F5CACC3F0FDB.d.088605F0DE8E4DD5798BA3D3F5995121.e.9381"}]}
RESULT: {"script":"<script> [8489 bytes]","args":[{"element-6066-11e4-a52e-4f735466cecf":"f.B1DE806DB4DF8D130682F5CACC3F0FDB.d.088605F0DE8E4DD5798BA3D3F5995121.e.9381","ELEMENT":"f.B1DE806DB4DF8D130682F5CACC3F0FDB.d.088605F0DE8E4DD5798BA3D3F5995121.e.9381"}]}
COMMAND: GET /session/b65fc9896dbbad70d7119bd0d8ca6151/screenshot - {}
RESULT: {}
COMMAND: POST /session/b65fc9896dbbad70d7119bd0d8ca6151/execute/sync - {"script":"<script> [8489 bytes]","args":[{"element-6066-11e4-a52e-4f735466cecf":"f.B1DE806DB4DF8D130682F5CACC3F0FDB.d.088605F0DE8E4DD5798BA3D3F5995121.e.9381","ELEMENT":"f.B1DE806DB4DF8D130682F5CACC3F0FDB.d.088605F0DE8E4DD5798BA3D3F5995121.e.9381"}]}
RESULT: {"script":"<script> [8489 bytes]","args":[{"element-6066-11e4-a52e-4f735466cecf":"f.B1DE806DB4DF8D130682F5CACC3F0FDB.d.088605F0DE8E4DD5798BA3D3F5995121.e.9381","ELEMENT":"f.B1DE806DB4DF8D130682F5CACC3F0FDB.d.088605F0DE8E4DD5798BA3D3F5995121.e.9381"}]}
COMMAND: GET /session/b65fc9896dbbad70d7119bd0d8ca6151/screenshot - {}
RESULT: {}
COMMAND: POST /session/b65fc9896dbbad70d7119bd0d8ca6151/execute/sync - {"script":"<script> [8489 bytes]","args":[{"element-6066-11e4-a52e-4f735466cecf":"f.B1DE806DB4DF8D130682F5CACC3F0FDB.d.088605F0DE8E4DD5798BA3D3F5995121.e.9381","ELEMENT":"f.B1DE806DB4DF8D130682F5CACC3F0FDB.d.088605F0DE8E4DD5798BA3D3F5995121.e.9381"}]}
RESULT: {"script":"<script> [8489 bytes]","args":[{"element-6066-11e4-a52e-4f735466cecf":"f.B1DE806DB4DF8D130682F5CACC3F0FDB.d.088605F0DE8E4DD5798BA3D3F5995121.e.9381","ELEMENT":"f.B1DE806DB4DF8D130682F5CACC3F0FDB.d.088605F0DE8E4DD5798BA3D3F5995121.e.9381"}]}
COMMAND: GET /session/b65fc9896dbbad70d7119bd0d8ca6151/screenshot - {}
RESULT: {}
COMMAND: POST /session/b65fc9896dbbad70d7119bd0d8ca6151/execute/sync - {"script":"<script> [8489 bytes]","args":[{"element-6066-11e4-a52e-4f735466cecf":"f.B1DE806DB4DF8D130682F5CACC3F0FDB.d.088605F0DE8E4DD5798BA3D3F5995121.e.9381","ELEMENT":"f.B1DE806DB4DF8D130682F5CACC3F0FDB.d.088605F0DE8E4DD5798BA3D3F5995121.e.9381"}]}
RESULT: {"script":"<script> [8489 bytes]","args":[{"element-6066-11e4-a52e-4f735466cecf":"f.B1DE806DB4DF8D130682F5CACC3F0FDB.d.088605F0DE8E4DD5798BA3D3F5995121.e.9381","ELEMENT":"f.B1DE806DB4DF8D130682F5CACC3F0FDB.d.088605F0DE8E4DD5798BA3D3F5995121.e.9381"}]}
COMMAND: GET /session/b65fc9896dbbad70d7119bd0d8ca6151/screenshot - {}
RESULT: {}
COMMAND: POST /session/b65fc9896dbbad70d7119bd0d8ca6151/execute/sync - {"script":"<script> [8489 bytes]","args":[{"element-6066-11e4-a52e-4f735466cecf":"f.B1DE806DB4DF8D130682F5CACC3F0FDB.d.088605F0DE8E4DD5798BA3D3F5995121.e.9381","ELEMENT":"f.B1DE806DB4DF8D130682F5CACC3F0FDB.d.088605F0DE8E4DD5798BA3D3F5995121.e.9381"}]}
RESULT: {"script":"<script> [8489 bytes]","args":[{"element-6066-11e4-a52e-4f735466cecf":"f.B1DE806DB4DF8D130682F5CACC3F0FDB.d.088605F0DE8E4DD5798BA3D3F5995121.e.9381","ELEMENT":"f.B1DE806DB4DF8D130682F5CACC3F0FDB.d.088605F0DE8E4DD5798BA3D3F5995121.e.9381"}]}
COMMAND: GET /session/b65fc9896dbbad70d7119bd0d8ca6151/screenshot - {}
RESULT: {}
COMMAND: POST /session/b65fc9896dbbad70d7119bd0d8ca6151/execute/sync - {"script":"<script> [8489 bytes]","args":[{"element-6066-11e4-a52e-4f735466cecf":"f.B1DE806DB4DF8D130682F5CACC3F0FDB.d.088605F0DE8E4DD5798BA3D3F5995121.e.9381","ELEMENT":"f.B1DE806DB4DF8D130682F5CACC3F0FDB.d.088605F0DE8E4DD5798BA3D3F5995121.e.9381"}]}
RESULT: {"script":"<script> [8489 bytes]","args":[{"element-6066-11e4-a52e-4f735466cecf":"f.B1DE806DB4DF8D130682F5CACC3F0FDB.d.088605F0DE8E4DD5798BA3D3F5995121.e.9381","ELEMENT":"f.B1DE806DB4DF8D130682F5CACC3F0FDB.d.088605F0DE8E4DD5798BA3D3F5995121.e.9381"}]}
COMMAND: GET /session/b65fc9896dbbad70d7119bd0d8ca6151/screenshot - {}
RESULT: {}
COMMAND: POST /session/b65fc9896dbbad70d7119bd0d8ca6151/execute/sync - {"script":"<script> [8489 bytes]","args":[{"element-6066-11e4-a52e-4f735466cecf":"f.B1DE806DB4DF8D130682F5CACC3F0FDB.d.088605F0DE8E4DD5798BA3D3F5995121.e.9381","ELEMENT":"f.B1DE806DB4DF8D130682F5CACC3F0FDB.d.088605F0DE8E4DD5798BA3D3F5995121.e.9381"}]}
RESULT: {"script":"<script> [8489 bytes]","args":[{"element-6066-11e4-a52e-4f735466cecf":"f.B1DE806DB4DF8D130682F5CACC3F0FDB.d.088605F0DE8E4DD5798BA3D3F5995121.e.9381","ELEMENT":"f.B1DE806DB4DF8D130682F5CACC3F0FDB.d.088605F0DE8E4DD5798BA3D3F5995121.e.9381"}]}
COMMAND: GET /session/b65fc9896dbbad70d7119bd0d8ca6151/screenshot - {}
RESULT: {}
COMMAND: POST /session/b65fc9896dbbad70d7119bd0d8ca6151/execute/sync - {"script":"<script> [8489 bytes]","args":[{"element-6066-11e4-a52e-4f735466cecf":"f.B1DE806DB4DF8D130682F5CACC3F0FDB.d.088605F0DE8E4DD5798BA3D3F5995121.e.9381","ELEMENT":"f.B1DE806DB4DF8D130682F5CACC3F0FDB.d.088605F0DE8E4DD5798BA3D3F5995121.e.9381"}]}
RESULT: {"script":"<script> [8489 bytes]","args":[{"element-6066-11e4-a52e-4f735466cecf":"f.B1DE806DB4DF8D130682F5CACC3F0FDB.d.088605F0DE8E4DD5798BA3D3F5995121.e.9381","ELEMENT":"f.B1DE806DB4DF8D130682F5CACC3F0FDB.d.088605F0DE8E4DD5798BA3D3F5995121.e.9381"}]}
COMMAND: GET /session/b65fc9896dbbad70d7119bd0d8ca6151/screenshot - {}
RESULT: {}
COMMAND: POST /session/b65fc9896dbbad70d7119bd0d8ca6151/execute/sync - {"script":"<script> [8489 bytes]","args":[{"element-6066-11e4-a52e-4f735466cecf":"f.B1DE806DB4DF8D130682F5CACC3F0FDB.d.088605F0DE8E4DD5798BA3D3F5995121.e.9381","ELEMENT":"f.B1DE806DB4DF8D130682F5CACC3F0FDB.d.088605F0DE8E4DD5798BA3D3F5995121.e.9381"}]}
RESULT: {"script":"<script> [8489 bytes]","args":[{"element-6066-11e4-a52e-4f735466cecf":"f.B1DE806DB4DF8D130682F5CACC3F0FDB.d.088605F0DE8E4DD5798BA3D3F5995121.e.9381","ELEMENT":"f.B1DE806DB4DF8D130682F5CACC3F0FDB.d.088605F0DE8E4DD5798BA3D3F5995121.e.9381"}]}
COMMAND: GET /session/b65fc9896dbbad70d7119bd0d8ca6151/screenshot - {}
RESULT: {}
COMMAND: POST /session/b65fc9896dbbad70d7119bd0d8ca6151/execute/sync - {"script":"<script> [8489 bytes]","args":[{"element-6066-11e4-a52e-4f735466cecf":"f.B1DE806DB4DF8D130682F5CACC3F0FDB.d.088605F0DE8E4DD5798BA3D3F5995121.e.9381","ELEMENT":"f.B1DE806DB4DF8D130682F5CACC3F0FDB.d.088605F0DE8E4DD5798BA3D3F5995121.e.9381"}]}
RESULT: {"script":"<script> [8489 bytes]","args":[{"element-6066-11e4-a52e-4f735466cecf":"f.B1DE806DB4DF8D130682F5CACC3F0FDB.d.088605F0DE8E4DD5798BA3D3F5995121.e.9381","ELEMENT":"f.B1DE806DB4DF8D130682F5CACC3F0FDB.d.088605F0DE8E4DD5798BA3D3F5995121.e.9381"}]}
COMMAND: GET /session/b65fc9896dbbad70d7119bd0d8ca6151/screenshot - {}
RESULT: {}
COMMAND: POST /session/b65fc9896dbbad70d7119bd0d8ca6151/execute/sync - {"script":"<script> [8489 bytes]","args":[{"element-6066-11e4-a52e-4f735466cecf":"f.B1DE806DB4DF8D130682F5CACC3F0FDB.d.088605F0DE8E4DD5798BA3D3F5995121.e.9381","ELEMENT":"f.B1DE806DB4DF8D130682F5CACC3F0FDB.d.088605F0DE8E4DD5798BA3D3F5995121.e.9381"}]}
RESULT: {"script":"<script> [8489 bytes]","args":[{"element-6066-11e4-a52e-4f735466cecf":"f.B1DE806DB4DF8D130682F5CACC3F0FDB.d.088605F0DE8E4DD5798BA3D3F5995121.e.9381","ELEMENT":"f.B1DE806DB4DF8D130682F5CACC3F0FDB.d.088605F0DE8E4DD5798BA3D3F5995121.e.9381"}]}
COMMAND: GET /session/b65fc9896dbbad70d7119bd0d8ca6151/screenshot - {}
RESULT: {}
COMMAND: POST /session/b65fc9896dbbad70d7119bd0d8ca6151/execute/sync - {"script":"<script> [8489 bytes]","args":[{"element-6066-11e4-a52e-4f735466cecf":"f.B1DE806DB4DF8D130682F5CACC3F0FDB.d.088605F0DE8E4DD5798BA3D3F5995121.e.9381","ELEMENT":"f.B1DE806DB4DF8D130682F5CACC3F0FDB.d.088605F0DE8E4DD5798BA3D3F5995121.e.9381"}]}
RESULT: {"script":"<script> [8489 bytes]","args":[{"element-6066-11e4-a52e-4f735466cecf":"f.B1DE806DB4DF8D130682F5CACC3F0FDB.d.088605F0DE8E4DD5798BA3D3F5995121.e.9381","ELEMENT":"f.B1DE806DB4DF8D130682F5CACC3F0FDB.d.088605F0DE8E4DD5798BA3D3F5995121.e.9381"}]}
COMMAND: GET /session/b65fc9896dbbad70d7119bd0d8ca6151/screenshot - {}
RESULT: {}
COMMAND: POST /session/b65fc9896dbbad70d7119bd0d8ca6151/execute/sync - {"script":"<script> [8489 bytes]","args":[{"element-6066-11e4-a52e-4f735466cecf":"f.B1DE806DB4DF8D130682F5CACC3F0FDB.d.088605F0DE8E4DD5798BA3D3F5995121.e.9381","ELEMENT":"f.B1DE806DB4DF8D130682F5CACC3F0FDB.d.088605F0DE8E4DD5798BA3D3F5995121.e.9381"}]}
RESULT: {"script":"<script> [8489 bytes]","args":[{"element-6066-11e4-a52e-4f735466cecf":"f.B1DE806DB4DF8D130682F5CACC3F0FDB.d.088605F0DE8E4DD5798BA3D3F5995121.e.9381","ELEMENT":"f.B1DE806DB4DF8D130682F5CACC3F0FDB.d.088605F0DE8E4DD5798BA3D3F5995121.e.9381"}]}
COMMAND: GET /session/b65fc9896dbbad70d7119bd0d8ca6151/screenshot - {}
RESULT: {}
COMMAND: POST /session/b65fc9896dbbad70d7119bd0d8ca6151/execute/sync - {"script":"<script> [8489 bytes]","args":[{"element-6066-11e4-a52e-4f735466cecf":"f.B1DE806DB4DF8D130682F5CACC3F0FDB.d.088605F0DE8E4DD5798BA3D3F5995121.e.9381","ELEMENT":"f.B1DE806DB4DF8D130682F5CACC3F0FDB.d.088605F0DE8E4DD5798BA3D3F5995121.e.9381"}]}
RESULT: {"script":"<script> [8489 bytes]","args":[{"element-6066-11e4-a52e-4f735466cecf":"f.B1DE806DB4DF8D130682F5CACC3F0FDB.d.088605F0DE8E4DD5798BA3D3F5995121.e.9381","ELEMENT":"f.B1DE806DB4DF8D130682F5CACC3F0FDB.d.088605F0DE8E4DD5798BA3D3F5995121.e.9381"}]}
COMMAND: GET /session/b65fc9896dbbad70d7119bd0d8ca6151/screenshot - {}
RESULT: {}
COMMAND: POST /session/b65fc9896dbbad70d7119bd0d8ca6151/execute/sync - {"script":"<script> [8489 bytes]","args":[{"element-6066-11e4-a52e-4f735466cecf":"f.B1DE806DB4DF8D130682F5CACC3F0FDB.d.088605F0DE8E4DD5798BA3D3F5995121.e.9381","ELEMENT":"f.B1DE806DB4DF8D130682F5CACC3F0FDB.d.088605F0DE8E4DD5798BA3D3F5995121.e.9381"}]}
RESULT: {"script":"<script> [8489 bytes]","args":[{"element-6066-11e4-a52e-4f735466cecf":"f.B1DE806DB4DF8D130682F5CACC3F0FDB.d.088605F0DE8E4DD5798BA3D3F5995121.e.9381","ELEMENT":"f.B1DE806DB4DF8D130682F5CACC3F0FDB.d.088605F0DE8E4DD5798BA3D3F5995121.e.9381"}]}
COMMAND: GET /session/b65fc9896dbbad70d7119bd0d8ca6151/screenshot - {}
RESULT: {}
COMMAND: POST /session/b65fc9896dbbad70d7119bd0d8ca6151/execute/sync - {"script":"<script> [8489 bytes]","args":[{"element-6066-11e4-a52e-4f735466cecf":"f.B1DE806DB4DF8D130682F5CACC3F0FDB.d.088605F0DE8E4DD5798BA3D3F5995121.e.9381","ELEMENT":"f.B1DE806DB4DF8D130682F5CACC3F0FDB.d.088605F0DE8E4DD5798BA3D3F5995121.e.9381"}]}
RESULT: {"script":"<script> [8489 bytes]","args":[{"element-6066-11e4-a52e-4f735466cecf":"f.B1DE806DB4DF8D130682F5CACC3F0FDB.d.088605F0DE8E4DD5798BA3D3F5995121.e.9381","ELEMENT":"f.B1DE806DB4DF8D130682F5CACC3F0FDB.d.088605F0DE8E4DD5798BA3D3F5995121.e.9381"}]}
COMMAND: GET /session/b65fc9896dbbad70d7119bd0d8ca6151/screenshot - {}
RESULT: {}
COMMAND: POST /session/b65fc9896dbbad70d7119bd0d8ca6151/execute/sync - {"script":"<script> [8489 bytes]","args":[{"element-6066-11e4-a52e-4f735466cecf":"f.B1DE806DB4DF8D130682F5CACC3F0FDB.d.088605F0DE8E4DD5798BA3D3F5995121.e.9381","ELEMENT":"f.B1DE806DB4DF8D130682F5CACC3F0FDB.d.088605F0DE8E4DD5798BA3D3F5995121.e.9381"}]}
RESULT: {"script":"<script> [8489 bytes]","args":[{"element-6066-11e4-a52e-4f735466cecf":"f.B1DE806DB4DF8D130682F5CACC3F0FDB.d.088605F0DE8E4DD5798BA3D3F5995121.e.9381","ELEMENT":"f.B1DE806DB4DF8D130682F5CACC3F0FDB.d.088605F0DE8E4DD5798BA3D3F5995121.e.9381"}]}
COMMAND: GET /session/b65fc9896dbbad70d7119bd0d8ca6151/screenshot - {}
RESULT: {}
COMMAND: POST /session/b65fc9896dbbad70d7119bd0d8ca6151/execute/sync - {"script":"<script> [8489 bytes]","args":[{"element-6066-11e4-a52e-4f735466cecf":"f.B1DE806DB4DF8D130682F5CACC3F0FDB.d.088605F0DE8E4DD5798BA3D3F5995121.e.9381","ELEMENT":"f.B1DE806DB4DF8D130682F5CACC3F0FDB.d.088605F0DE8E4DD5798BA3D3F5995121.e.9381"}]}
RESULT: {"script":"<script> [8489 bytes]","args":[{"element-6066-11e4-a52e-4f735466cecf":"f.B1DE806DB4DF8D130682F5CACC3F0FDB.d.088605F0DE8E4DD5798BA3D3F5995121.e.9381","ELEMENT":"f.B1DE806DB4DF8D130682F5CACC3F0FDB.d.088605F0DE8E4DD5798BA3D3F5995121.e.9381"}]}
COMMAND: GET /session/b65fc9896dbbad70d7119bd0d8ca6151/screenshot - {}
RESULT: {}
COMMAND: GET /session/b65fc9896dbbad70d7119bd0d8ca6151/screenshot - {}
RESULT: {}
COMMAND: GET /session/b65fc9896dbbad70d7119bd0d8ca6151/screenshot - {}
COMMAND: POST /session/b65fc9896dbbad70d7119bd0d8ca6151/refresh - {}
COMMAND: GET /session/b65fc9896dbbad70d7119bd0d8ca6151/screenshot - {}
RESULT: {}
RESULT: {}
COMMAND: GET /session/b65fc9896dbbad70d7119bd0d8ca6151/screenshot - {}
RESULT: {}
RESULT: {}
COMMAND: POST /session/b65fc9896dbbad70d7119bd0d8ca6151/execute/async - {"script":"<script> [189 bytes]","args":[]}
RESULT: {"script":"<script> [189 bytes]","args":[]}
COMMAND: POST /session/b65fc9896dbbad70d7119bd0d8ca6151/execute/async - {"script":"<script> [123 bytes]","args":[]}
RESULT: {"script":"<script> [123 bytes]","args":[]}
COMMAND: POST /session/b65fc9896dbbad70d7119bd0d8ca6151/timeouts - {"script":"<number>"}
RESULT: {"script":"<number>"}
COMMAND: GET /session/b65fc9896dbbad70d7119bd0d8ca6151/timeouts - {}
RESULT: {}
RESULT: undefined
COMMAND: POST /session/b65fc9896dbbad70d7119bd0d8ca6151/execute/async - {"script":"<script> [2676 bytes]","args":[]}
RESULT: {"script":"<script> [2676 bytes]","args":[]}
COMMAND: POST /session/b65fc9896dbbad70d7119bd0d8ca6151/execute/async - {"script":"<script> [2342 bytes]","args":[{"protocol":"http","hostname":"0.0.0.0","path":"/","capabilities":{"browserName":"chrome","goog:chromeOptions":{"binary":"C:\\Program Files\\Google\\Chrome\\Application\\chrome.exe","args":["--start-maximized"]}},"logLevel":"warn","connectionRetryTimeout":120000,"connectionRetryCount":3,"logLevels":{},"enableDirectConnect":true,"strictSSL":true,"_":"65 more keys: [\"cacheDir\",\"port\",\"requestedCapabilities\",\"automationProtocol\",\"baseUrl\",\"waitforInterval\",\"waitforTimeout\",\"onReload\",\"beforeCommand\",\"afterCommand\",\"rootDir\",\"specs\",\"suites\",\"exclude\",\"groupLogsByTestSpec\",\"excludeDriverLogs\",\"bail\",\"framework\",\"reporters\",\"services\",\"maxInstances\",\"maxInstancesPerCapability\",\"injectGlobals\",\"filesToWatch\",\"execArgv\",\"runnerEnv\",\"runner\",\"shard\",\"specFileRetries\",\"specFileRetriesDelay\",\"specFileRetriesDeferred\",\"reporterSyncInterval\",\"reporterSyncTimeout\",\"cucumberFeaturesWithLineNumbers\",\"autoCompileOpts\",\"mochaOpts\",\"jasmineOpts\",\"cucumberOpts\",\"onPrepare\",\"onWorkerStart\",\"onWorkerEnd\",\"before\",\"beforeSession\",\"beforeSuite\",\"beforeHook\",\"beforeTest\",\"afterTest\",\"afterHook\",\"afterSuite\",\"afterSession\",\"after\",\"onComplete\",\"beforeAssertion\",\"afterAssertion\",\"beforeFeature\",\"beforeScenario\",\"beforeStep\",\"afterStep\",\"afterScenario\",\"afterFeature\",\"_\",\"suite\",\"$0\",\"ignoredWorkerServices\",\"wdi5\"]"}]}
RESULT: {"script":"<script> [2342 bytes]","args":[{"protocol":"http","hostname":"0.0.0.0","path":"/","capabilities":{"browserName":"chrome","goog:chromeOptions":{"binary":"C:\\Program Files\\Google\\Chrome\\Application\\chrome.exe","args":["--start-maximized"]}},"logLevel":"warn","connectionRetryTimeout":120000,"connectionRetryCount":3,"logLevels":{},"enableDirectConnect":true,"strictSSL":true,"_":"65 more keys: [\"cacheDir\",\"port\",\"requestedCapabilities\",\"automationProtocol\",\"baseUrl\",\"waitforInterval\",\"waitforTimeout\",\"onReload\",\"beforeCommand\",\"afterCommand\",\"rootDir\",\"specs\",\"suites\",\"exclude\",\"groupLogsByTestSpec\",\"excludeDriverLogs\",\"bail\",\"framework\",\"reporters\",\"services\",\"maxInstances\",\"maxInstancesPerCapability\",\"injectGlobals\",\"filesToWatch\",\"execArgv\",\"runnerEnv\",\"runner\",\"shard\",\"specFileRetries\",\"specFileRetriesDelay\",\"specFileRetriesDeferred\",\"reporterSyncInterval\",\"reporterSyncTimeout\",\"cucumberFeaturesWithLineNumbers\",\"autoCompileOpts\",\"mochaOpts\",\"jasmineOpts\",\"cucumberOpts\",\"onPrepare\",\"onWorkerStart\",\"onWorkerEnd\",\"before\",\"beforeSession\",\"beforeSuite\",\"beforeHook\",\"beforeTest\",\"afterTest\",\"afterHook\",\"afterSuite\",\"afterSession\",\"after\",\"onComplete\",\"beforeAssertion\",\"afterAssertion\",\"beforeFeature\",\"beforeScenario\",\"beforeStep\",\"afterStep\",\"afterScenario\",\"afterFeature\",\"_\",\"suite\",\"$0\",\"ignoredWorkerServices\",\"wdi5\"]"}]}
COMMAND: POST /session/b65fc9896dbbad70d7119bd0d8ca6151/execute/async - {"script":"<script> [21126 bytes]","args":[35000]}
RESULT: {"script":"<script> [21126 bytes]","args":[35000]}
COMMAND: POST /session/b65fc9896dbbad70d7119bd0d8ca6151/element - {"using":"css selector","value":"#shell-header-logo"}
RESULT: {"using":"css selector","value":"#shell-header-logo"}
COMMAND: POST /session/b65fc9896dbbad70d7119bd0d8ca6151/element/f.B1DE806DB4DF8D130682F5CACC3F0FDB.d.44DA8EEF5C79C3C00FDAF5F708FCA299.e.9582/click - {}
RESULT: undefined
RESULT: {}
COMMAND: GET /session/b65fc9896dbbad70d7119bd0d8ca6151/screenshot - {}
]]></system-out>
      <system-err><![CDATA[
Error: element ("//button[contains(@data-kt ,"contractDetailEditBtnButton")]") still not displayed after 30000ms
    at async Context.<anonymous> (D:\a\1\s\test\specs\R2C\reduced-contract-creation.spec.js:227:9)
]]></system-err>
    </testcase>
  </testsuite>
  <testsuite timestamp="2025-06-13T18:16:20" time="979.276" tests="7" failures="2" errors="2" skipped="0">
    <properties>
      <property name="specId" value="0"/>
      <property name="suiteName" value="E2E - Logistical and commercial statuses"/>
      <property name="capabilities" value="chrome.137_0_7151_69.windows"/>
      <property name="file" value="file:///D:/a/1/s/test/specs/R2C/E2E-Logistical-and-commercial-status.spec.js"/>
    </properties>
    <testcase classname="chrome.137_0_7151_69.windows.E2E_-_Logistical_and_commercial_statuses" name="Should create prerequisites yard partner and site" time="297.844">
      <system-out><![CDATA[
COMMAND: POST /session/b65fc9896dbbad70d7119bd0d8ca6151/execute/async - {"script":"<script> [1562 bytes]","args":[{"selector":{"controlType":"sap.m.GenericTile","properties":{"header":"Manage Yards"}},"wdio_ui5_key":"sapm.GenericTile{\"header\":\"Manage Yards\"}"}]}
RESULT: {}
RESULT: {"script":"<script> [1562 bytes]","args":[{"selector":{"controlType":"sap.m.GenericTile","properties":{"header":"Manage Yards"}},"wdio_ui5_key":"sapm.GenericTile{\"header\":\"Manage Yards\"}"}]}
RESULT: undefined
COMMAND: POST /session/b65fc9896dbbad70d7119bd0d8ca6151/element - {"using":"xpath","value":"//*[@id=\"__tile42\"]"}
RESULT: {"using":"xpath","value":"//*[@id=\"__tile42\"]"}
COMMAND: POST /session/b65fc9896dbbad70d7119bd0d8ca6151/element/f.B1DE806DB4DF8D130682F5CACC3F0FDB.d.44DA8EEF5C79C3C00FDAF5F708FCA299.e.9650/click - {}
RESULT: {}
COMMAND: GET /session/b65fc9896dbbad70d7119bd0d8ca6151/screenshot - {}
RESULT: {}
COMMAND: POST /session/b65fc9896dbbad70d7119bd0d8ca6151/elements - {"using":"xpath","value":"//span[text()='Error']"}
RESULT: {"using":"xpath","value":"//span[text()='Error']"}
COMMAND: POST /session/b65fc9896dbbad70d7119bd0d8ca6151/execute/async - {"script":"<script> [1562 bytes]","args":[{"selector":{"controlType":"sap.ui.core.Icon","viewName":"etm.portal.ui.manageyards.view.Master","viewId":"application-manageyards-display-component---masterYard","properties":{"src":{"regex":{"source":"add"}}}},"wdio_ui5_key":"etmportal.ui.manageyards.view.Mastersap.ui.core.Icon{\"src\":{\"regex\":{\"source\":\"add\"}}}"}]}
RESULT: {"script":"<script> [1562 bytes]","args":[{"selector":{"controlType":"sap.ui.core.Icon","viewName":"etm.portal.ui.manageyards.view.Master","viewId":"application-manageyards-display-component---masterYard","properties":{"src":{"regex":{"source":"add"}}}},"wdio_ui5_key":"etmportal.ui.manageyards.view.Mastersap.ui.core.Icon{\"src\":{\"regex\":{\"source\":\"add\"}}}"}]}
RESULT: undefined
COMMAND: POST /session/b65fc9896dbbad70d7119bd0d8ca6151/element - {"using":"xpath","value":"//*[@id=\"__button16-img\"]"}
RESULT: {"using":"xpath","value":"//*[@id=\"__button16-img\"]"}
COMMAND: POST /session/b65fc9896dbbad70d7119bd0d8ca6151/element/f.B1DE806DB4DF8D130682F5CACC3F0FDB.d.44DA8EEF5C79C3C00FDAF5F708FCA299.e.9689/click - {}
RESULT: {}
COMMAND: GET /session/b65fc9896dbbad70d7119bd0d8ca6151/screenshot - {}
RESULT: {}
COMMAND: POST /session/b65fc9896dbbad70d7119bd0d8ca6151/execute/async - {"script":"<script> [1562 bytes]","args":[{"selector":{"id":"application-manageyards-display-component---NewYard--yardId","interaction":{"idSuffix":"inner"}},"wdio_ui5_key":"applicationmanageyards-display-component---NewYard--yardId"}]}
RESULT: {"script":"<script> [1562 bytes]","args":[{"selector":{"id":"application-manageyards-display-component---NewYard--yardId","interaction":{"idSuffix":"inner"}},"wdio_ui5_key":"applicationmanageyards-display-component---NewYard--yardId"}]}
RESULT: undefined
COMMAND: POST /session/b65fc9896dbbad70d7119bd0d8ca6151/element - {"using":"xpath","value":"//*[@id=\"application-manageyards-display-component---NewYard--addressDetailDetailsName1-inner\"]"}
RESULT: {"using":"xpath","value":"//*[@id=\"application-manageyards-display-component---NewYard--addressDetailDetailsName1-inner\"]"}
COMMAND: POST /session/b65fc9896dbbad70d7119bd0d8ca6151/element/f.B1DE806DB4DF8D130682F5CACC3F0FDB.d.44DA8EEF5C79C3C00FDAF5F708FCA299.e.9918/clear - {}
RESULT: {}
COMMAND: POST /session/b65fc9896dbbad70d7119bd0d8ca6151/element/f.B1DE806DB4DF8D130682F5CACC3F0FDB.d.44DA8EEF5C79C3C00FDAF5F708FCA299.e.9918/value - {"text":"WebdriverYardgn6a8"}
COMMAND: GET /session/b65fc9896dbbad70d7119bd0d8ca6151/screenshot - {}
RESULT: {"text":"WebdriverYardgn6a8"}
COMMAND: POST /session/b65fc9896dbbad70d7119bd0d8ca6151/element - {"using":"xpath","value":"//*[@id=\"application-manageyards-display-component---NewYard--addressDetailDetailsLanguage-inner\"]"}
COMMAND: GET /session/b65fc9896dbbad70d7119bd0d8ca6151/screenshot - {}
RESULT: {}
RESULT: {"using":"xpath","value":"//*[@id=\"application-manageyards-display-component---NewYard--addressDetailDetailsLanguage-inner\"]"}
COMMAND: POST /session/b65fc9896dbbad70d7119bd0d8ca6151/element/f.B1DE806DB4DF8D130682F5CACC3F0FDB.d.44DA8EEF5C79C3C00FDAF5F708FCA299.e.9919/clear - {}
RESULT: {}
RESULT: {}
COMMAND: POST /session/b65fc9896dbbad70d7119bd0d8ca6151/element/f.B1DE806DB4DF8D130682F5CACC3F0FDB.d.44DA8EEF5C79C3C00FDAF5F708FCA299.e.9919/value - {"text":"Romanian"}
COMMAND: GET /session/b65fc9896dbbad70d7119bd0d8ca6151/screenshot - {}
RESULT: {"text":"Romanian"}
COMMAND: POST /session/b65fc9896dbbad70d7119bd0d8ca6151/element - {"using":"xpath","value":"//input[contains(@id ,\"application-manageyards-display-component---NewYard--addressDetailDetailsName1-inner\")]"}
COMMAND: GET /session/b65fc9896dbbad70d7119bd0d8ca6151/screenshot - {}
RESULT: {}
RESULT: {"using":"xpath","value":"//input[contains(@id ,\"application-manageyards-display-component---NewYard--addressDetailDetailsName1-inner\")]"}
COMMAND: GET /session/b65fc9896dbbad70d7119bd0d8ca6151/element/f.B1DE806DB4DF8D130682F5CACC3F0FDB.d.44DA8EEF5C79C3C00FDAF5F708FCA299.e.9918/property/value - {}
RESULT: {}
RESULT: {}
COMMAND: GET /session/b65fc9896dbbad70d7119bd0d8ca6151/screenshot - {}
RESULT: {}
COMMAND: POST /session/b65fc9896dbbad70d7119bd0d8ca6151/element - {"using":"xpath","value":"//*[@id=\"application-manageyards-display-component---NewYard--addressDetailDetailsCity1-inner\"]"}
RESULT: {"using":"xpath","value":"//*[@id=\"application-manageyards-display-component---NewYard--addressDetailDetailsCity1-inner\"]"}
COMMAND: POST /session/b65fc9896dbbad70d7119bd0d8ca6151/element/f.B1DE806DB4DF8D130682F5CACC3F0FDB.d.44DA8EEF5C79C3C00FDAF5F708FCA299.e.9921/clear - {}
RESULT: {}
COMMAND: POST /session/b65fc9896dbbad70d7119bd0d8ca6151/element/f.B1DE806DB4DF8D130682F5CACC3F0FDB.d.44DA8EEF5C79C3C00FDAF5F708FCA299.e.9921/value - {"text":"Bucuresti"}
COMMAND: GET /session/b65fc9896dbbad70d7119bd0d8ca6151/screenshot - {}
RESULT: {"text":"Bucuresti"}
COMMAND: GET /session/b65fc9896dbbad70d7119bd0d8ca6151/screenshot - {}
RESULT: {}
RESULT: {}
COMMAND: POST /session/b65fc9896dbbad70d7119bd0d8ca6151/element - {"using":"xpath","value":"//*[@id=\"application-manageyards-display-component---NewYard--addressDetailDetailsCountry-inner\"]"}
RESULT: {"using":"xpath","value":"//*[@id=\"application-manageyards-display-component---NewYard--addressDetailDetailsCountry-inner\"]"}
COMMAND: POST /session/b65fc9896dbbad70d7119bd0d8ca6151/element/f.B1DE806DB4DF8D130682F5CACC3F0FDB.d.44DA8EEF5C79C3C00FDAF5F708FCA299.e.9925/clear - {}
RESULT: {}
COMMAND: POST /session/b65fc9896dbbad70d7119bd0d8ca6151/element/f.B1DE806DB4DF8D130682F5CACC3F0FDB.d.44DA8EEF5C79C3C00FDAF5F708FCA299.e.9925/value - {"text":"Romania"}
COMMAND: GET /session/b65fc9896dbbad70d7119bd0d8ca6151/screenshot - {}
RESULT: {"text":"Romania"}
COMMAND: GET /session/b65fc9896dbbad70d7119bd0d8ca6151/screenshot - {}
RESULT: {}
RESULT: {}
COMMAND: POST /session/b65fc9896dbbad70d7119bd0d8ca6151/element - {"using":"xpath","value":"//div[contains(text(), \"Commercial\")]"}
RESULT: {"using":"xpath","value":"//div[contains(text(), \"Commercial\")]"}
COMMAND: GET /session/b65fc9896dbbad70d7119bd0d8ca6151/element/f.B1DE806DB4DF8D130682F5CACC3F0FDB.d.44DA8EEF5C79C3C00FDAF5F708FCA299.e.10117/rect - {}
RESULT: {}
COMMAND: GET /session/b65fc9896dbbad70d7119bd0d8ca6151/window/rect - {}
RESULT: {}
COMMAND: POST /session/b65fc9896dbbad70d7119bd0d8ca6151/execute/sync - {"script":"<script> [92 bytes]","args":[]}
RESULT: {"script":"<script> [92 bytes]","args":[]}
COMMAND: POST /session/b65fc9896dbbad70d7119bd0d8ca6151/actions - {"actions":[{"id":"action64","type":"wheel","parameters":{},"actions":[{"type":"scroll","x":-1841,"y":-44,"deltaX":0,"deltaY":0,"duration":0,"origin":{"element-6066-11e4-a52e-4f735466cecf":"f.B1DE806DB4DF8D130682F5CACC3F0FDB.d.44DA8EEF5C79C3C00FDAF5F708FCA299.e.10117"}}]}]}
COMMAND: GET /session/b65fc9896dbbad70d7119bd0d8ca6151/screenshot - {}
RESULT: {}
COMMAND: POST /session/b65fc9896dbbad70d7119bd0d8ca6151/execute/sync - {"script":"<script> [79 bytes]","args":[{"element-6066-11e4-a52e-4f735466cecf":"f.B1DE806DB4DF8D130682F5CACC3F0FDB.d.44DA8EEF5C79C3C00FDAF5F708FCA299.e.10117","ELEMENT":"f.B1DE806DB4DF8D130682F5CACC3F0FDB.d.44DA8EEF5C79C3C00FDAF5F708FCA299.e.10117"},{"block":"start","inline":"nearest"}]}
RESULT: {"script":"<script> [79 bytes]","args":[{"element-6066-11e4-a52e-4f735466cecf":"f.B1DE806DB4DF8D130682F5CACC3F0FDB.d.44DA8EEF5C79C3C00FDAF5F708FCA299.e.10117","ELEMENT":"f.B1DE806DB4DF8D130682F5CACC3F0FDB.d.44DA8EEF5C79C3C00FDAF5F708FCA299.e.10117"},{"block":"start","inline":"nearest"}]}
COMMAND: GET /session/b65fc9896dbbad70d7119bd0d8ca6151/screenshot - {}
RESULT: {}
COMMAND: POST /session/b65fc9896dbbad70d7119bd0d8ca6151/execute/async - {"script":"<script> [1562 bytes]","args":[{"selector":{"id":"application-manageyards-display-component---NewYard--addressEditDetailsCostObjectCstType-arrow"},"wdio_ui5_key":"applicationmanageyards-display-component---NewYard--addressEditDetailsCostObjectCstType-arrow"}]}
RESULT: {"script":"<script> [1562 bytes]","args":[{"selector":{"id":"application-manageyards-display-component---NewYard--addressEditDetailsCostObjectCstType-arrow"},"wdio_ui5_key":"applicationmanageyards-display-component---NewYard--addressEditDetailsCostObjectCstType-arrow"}]}
RESULT: undefined
COMMAND: POST /session/b65fc9896dbbad70d7119bd0d8ca6151/element - {"using":"xpath","value":"//*[@id=\"application-manageyards-display-component---NewYard--addressEditDetailsCostObjectCstType-arrow\"]"}
RESULT: {"using":"xpath","value":"//*[@id=\"application-manageyards-display-component---NewYard--addressEditDetailsCostObjectCstType-arrow\"]"}
COMMAND: POST /session/b65fc9896dbbad70d7119bd0d8ca6151/element/f.B1DE806DB4DF8D130682F5CACC3F0FDB.d.44DA8EEF5C79C3C00FDAF5F708FCA299.e.10126/click - {}
RESULT: {}
COMMAND: POST /session/b65fc9896dbbad70d7119bd0d8ca6151/element - {"using":"xpath","value":"//span[contains(text(), \"Cost Center\")]"}
COMMAND: GET /session/b65fc9896dbbad70d7119bd0d8ca6151/screenshot - {}
RESULT: {"using":"xpath","value":"//span[contains(text(), \"Cost Center\")]"}
COMMAND: POST /session/b65fc9896dbbad70d7119bd0d8ca6151/element/f.B1DE806DB4DF8D130682F5CACC3F0FDB.d.44DA8EEF5C79C3C00FDAF5F708FCA299.e.10127/click - {}
RESULT: {}
RESULT: {}
COMMAND: GET /session/b65fc9896dbbad70d7119bd0d8ca6151/screenshot - {}
RESULT: {}
COMMAND: POST /session/b65fc9896dbbad70d7119bd0d8ca6151/execute/async - {"script":"<script> [1562 bytes]","args":[{"selector":{"id":"application-manageyards-display-component---NewYard--addressNewCostObjectCstID-vhi"},"wdio_ui5_key":"applicationmanageyards-display-component---NewYard--addressNewCostObjectCstID-vhi"}]}
RESULT: {"script":"<script> [1562 bytes]","args":[{"selector":{"id":"application-manageyards-display-component---NewYard--addressNewCostObjectCstID-vhi"},"wdio_ui5_key":"applicationmanageyards-display-component---NewYard--addressNewCostObjectCstID-vhi"}]}
RESULT: undefined
COMMAND: POST /session/b65fc9896dbbad70d7119bd0d8ca6151/element - {"using":"xpath","value":"//*[@id=\"application-manageyards-display-component---NewYard--addressNewCostObjectCstID-vhi\"]"}
RESULT: {"using":"xpath","value":"//*[@id=\"application-manageyards-display-component---NewYard--addressNewCostObjectCstID-vhi\"]"}
COMMAND: POST /session/b65fc9896dbbad70d7119bd0d8ca6151/element/f.B1DE806DB4DF8D130682F5CACC3F0FDB.d.44DA8EEF5C79C3C00FDAF5F708FCA299.e.10131/click - {}
RESULT: {}
COMMAND: GET /session/b65fc9896dbbad70d7119bd0d8ca6151/screenshot - {}
RESULT: {}
COMMAND: POST /session/b65fc9896dbbad70d7119bd0d8ca6151/execute/async - {"script":"<script> [1562 bytes]","args":[{"selector":{"controlType":"sap.m.SearchField","properties":{"placeholder":"Search"},"searchOpenDialogs":true,"interaction":{"idSuffix":"I"}},"wdio_ui5_key":"sapm.SearchField{\"placeholder\":\"Search\"}"}]}
RESULT: {"script":"<script> [1562 bytes]","args":[{"selector":{"controlType":"sap.m.SearchField","properties":{"placeholder":"Search"},"searchOpenDialogs":true,"interaction":{"idSuffix":"I"}},"wdio_ui5_key":"sapm.SearchField{\"placeholder\":\"Search\"}"}]}
RESULT: undefined
COMMAND: POST /session/b65fc9896dbbad70d7119bd0d8ca6151/execute/async - {"script":"<script> [776 bytes]","args":[{"enterText":"10001013","selector":{"controlType":"sap.m.SearchField","properties":{"placeholder":"Search"},"searchOpenDialogs":true,"interaction":{"idSuffix":"I"}},"clearTextFirst":true,"interactionType":"ENTER_TEXT"}]}
RESULT: {"script":"<script> [776 bytes]","args":[{"enterText":"10001013","selector":{"controlType":"sap.m.SearchField","properties":{"placeholder":"Search"},"searchOpenDialogs":true,"interaction":{"idSuffix":"I"}},"clearTextFirst":true,"interactionType":"ENTER_TEXT"}]}
COMMAND: POST /session/b65fc9896dbbad70d7119bd0d8ca6151/actions - {"actions":[{"id":"action65","type":"key","parameters":{},"actions":[{"type":"keyDown","value":""},{"type":"pause","duration":10},{"type":"keyUp","value":""}]}]}
RESULT: {"actions":[{"id":"action65","type":"key","parameters":{},"actions":[{"type":"keyDown","value":""},{"type":"pause","duration":10},{"type":"keyUp","value":""}]}]}
COMMAND: GET /session/b65fc9896dbbad70d7119bd0d8ca6151/screenshot - {}
RESULT: {}
COMMAND: POST /session/b65fc9896dbbad70d7119bd0d8ca6151/element - {"using":"xpath","value":"//span[contains(text(), \"General Management\")]"}
RESULT: {"using":"xpath","value":"//span[contains(text(), \"General Management\")]"}
COMMAND: POST /session/b65fc9896dbbad70d7119bd0d8ca6151/element/f.B1DE806DB4DF8D130682F5CACC3F0FDB.d.44DA8EEF5C79C3C00FDAF5F708FCA299.e.10172/click - {}
RESULT: {}
COMMAND: GET /session/b65fc9896dbbad70d7119bd0d8ca6151/screenshot - {}
RESULT: {}
COMMAND: POST /session/b65fc9896dbbad70d7119bd0d8ca6151/element - {"using":"xpath","value":"//bdi[contains(text(), \"OK\")]"}
RESULT: {"using":"xpath","value":"//bdi[contains(text(), \"OK\")]"}
COMMAND: POST /session/b65fc9896dbbad70d7119bd0d8ca6151/element/f.B1DE806DB4DF8D130682F5CACC3F0FDB.d.44DA8EEF5C79C3C00FDAF5F708FCA299.e.10173/click - {}
RESULT: {}
COMMAND: GET /session/b65fc9896dbbad70d7119bd0d8ca6151/screenshot - {}
RESULT: {}
COMMAND: POST /session/b65fc9896dbbad70d7119bd0d8ca6151/execute/async - {"script":"<script> [1562 bytes]","args":[{"selector":{"controlType":"sap.m.Button","viewName":"etm.portal.ui.manageyards.view.New","viewId":"application-manageyards-display-component---NewYard","i18NText":{"propertyName":"text","key":"save"},"interaction":{"idSuffix":"inner"}},"wdio_ui5_key":"etmportal.ui.manageyards.view.Newsap.m.Button{\"propertyName\":\"text\",\"key\":\"save\"}"}]}
RESULT: {"script":"<script> [1562 bytes]","args":[{"selector":{"controlType":"sap.m.Button","viewName":"etm.portal.ui.manageyards.view.New","viewId":"application-manageyards-display-component---NewYard","i18NText":{"propertyName":"text","key":"save"},"interaction":{"idSuffix":"inner"}},"wdio_ui5_key":"etmportal.ui.manageyards.view.Newsap.m.Button{\"propertyName\":\"text\",\"key\":\"save\"}"}]}
RESULT: undefined
COMMAND: POST /session/b65fc9896dbbad70d7119bd0d8ca6151/element - {"using":"xpath","value":"//*[@id=\"__button30\"]"}
RESULT: {"using":"xpath","value":"//*[@id=\"__button30\"]"}
COMMAND: POST /session/b65fc9896dbbad70d7119bd0d8ca6151/element/f.B1DE806DB4DF8D130682F5CACC3F0FDB.d.44DA8EEF5C79C3C00FDAF5F708FCA299.e.10093/click - {}
RESULT: {}
COMMAND: GET /session/b65fc9896dbbad70d7119bd0d8ca6151/screenshot - {}
RESULT: {}
COMMAND: POST /session/b65fc9896dbbad70d7119bd0d8ca6151/element - {"using":"xpath","value":"//header/div/div[2]/div[2]/span"}
RESULT: {"using":"xpath","value":"//header/div/div[2]/div[2]/span"}
COMMAND: GET /session/b65fc9896dbbad70d7119bd0d8ca6151/element/f.B1DE806DB4DF8D130682F5CACC3F0FDB.d.44DA8EEF5C79C3C00FDAF5F708FCA299.e.10370/text - {}
RESULT: {}
COMMAND: POST /session/b65fc9896dbbad70d7119bd0d8ca6151/execute/async - {"script":"<script> [1562 bytes]","args":[{"selector":{"controlType":"sap.m.OverflowToolbarButton","viewName":"etm.portal.ui.manageyards.view.Detail","viewId":"application-manageyards-display-component---detailYard","i18NText":{"propertyName":"tooltip","key":"closeColumn"},"interaction":{"idSuffix":"inner"}},"wdio_ui5_key":"etmportal.ui.manageyards.view.Detailsap.m.OverflowToolbarButton{\"propertyName\":\"tooltip\",\"key\":\"closeColumn\"}"}]}
RESULT: {"script":"<script> [1562 bytes]","args":[{"selector":{"controlType":"sap.m.OverflowToolbarButton","viewName":"etm.portal.ui.manageyards.view.Detail","viewId":"application-manageyards-display-component---detailYard","i18NText":{"propertyName":"tooltip","key":"closeColumn"},"interaction":{"idSuffix":"inner"}},"wdio_ui5_key":"etmportal.ui.manageyards.view.Detailsap.m.OverflowToolbarButton{\"propertyName\":\"tooltip\",\"key\":\"closeColumn\"}"}]}
RESULT: undefined
COMMAND: POST /session/b65fc9896dbbad70d7119bd0d8ca6151/element - {"using":"xpath","value":"//*[@id=\"__button54\"]"}
RESULT: {"using":"xpath","value":"//*[@id=\"__button54\"]"}
COMMAND: POST /session/b65fc9896dbbad70d7119bd0d8ca6151/element/f.B1DE806DB4DF8D130682F5CACC3F0FDB.d.44DA8EEF5C79C3C00FDAF5F708FCA299.e.10372/click - {}
RESULT: {}
COMMAND: GET /session/b65fc9896dbbad70d7119bd0d8ca6151/screenshot - {}
RESULT: {}
COMMAND: POST /session/b65fc9896dbbad70d7119bd0d8ca6151/element - {"using":"css selector","value":"#shell-header-logo"}
RESULT: {"using":"css selector","value":"#shell-header-logo"}
COMMAND: POST /session/b65fc9896dbbad70d7119bd0d8ca6151/element/f.B1DE806DB4DF8D130682F5CACC3F0FDB.d.44DA8EEF5C79C3C00FDAF5F708FCA299.e.9655/click - {}
RESULT: {}
COMMAND: GET /session/b65fc9896dbbad70d7119bd0d8ca6151/screenshot - {}
RESULT: {}
COMMAND: POST /session/b65fc9896dbbad70d7119bd0d8ca6151/refresh - {}
RESULT: {}
COMMAND: GET /session/b65fc9896dbbad70d7119bd0d8ca6151/screenshot - {}
RESULT: {}
COMMAND: POST /session/b65fc9896dbbad70d7119bd0d8ca6151/execute/async - {"script":"<script> [189 bytes]","args":[]}
RESULT: {"script":"<script> [189 bytes]","args":[]}
COMMAND: POST /session/b65fc9896dbbad70d7119bd0d8ca6151/execute/async - {"script":"<script> [123 bytes]","args":[]}
RESULT: {"script":"<script> [123 bytes]","args":[]}
COMMAND: POST /session/b65fc9896dbbad70d7119bd0d8ca6151/timeouts - {"script":"<number>"}
RESULT: {"script":"<number>"}
COMMAND: GET /session/b65fc9896dbbad70d7119bd0d8ca6151/timeouts - {}
RESULT: {}
RESULT: undefined
COMMAND: POST /session/b65fc9896dbbad70d7119bd0d8ca6151/execute/async - {"script":"<script> [2676 bytes]","args":[]}
RESULT: {"script":"<script> [2676 bytes]","args":[]}
COMMAND: POST /session/b65fc9896dbbad70d7119bd0d8ca6151/execute/async - {"script":"<script> [2342 bytes]","args":[{"protocol":"http","hostname":"0.0.0.0","path":"/","capabilities":{"browserName":"chrome","goog:chromeOptions":{"binary":"C:\\Program Files\\Google\\Chrome\\Application\\chrome.exe","args":["--start-maximized"]}},"logLevel":"warn","connectionRetryTimeout":120000,"connectionRetryCount":3,"logLevels":{},"enableDirectConnect":true,"strictSSL":true,"_":"65 more keys: [\"cacheDir\",\"port\",\"requestedCapabilities\",\"automationProtocol\",\"baseUrl\",\"waitforInterval\",\"waitforTimeout\",\"onReload\",\"beforeCommand\",\"afterCommand\",\"rootDir\",\"specs\",\"suites\",\"exclude\",\"groupLogsByTestSpec\",\"excludeDriverLogs\",\"bail\",\"framework\",\"reporters\",\"services\",\"maxInstances\",\"maxInstancesPerCapability\",\"injectGlobals\",\"filesToWatch\",\"execArgv\",\"runnerEnv\",\"runner\",\"shard\",\"specFileRetries\",\"specFileRetriesDelay\",\"specFileRetriesDeferred\",\"reporterSyncInterval\",\"reporterSyncTimeout\",\"cucumberFeaturesWithLineNumbers\",\"autoCompileOpts\",\"mochaOpts\",\"jasmineOpts\",\"cucumberOpts\",\"onPrepare\",\"onWorkerStart\",\"onWorkerEnd\",\"before\",\"beforeSession\",\"beforeSuite\",\"beforeHook\",\"beforeTest\",\"afterTest\",\"afterHook\",\"afterSuite\",\"afterSession\",\"after\",\"onComplete\",\"beforeAssertion\",\"afterAssertion\",\"beforeFeature\",\"beforeScenario\",\"beforeStep\",\"afterStep\",\"afterScenario\",\"afterFeature\",\"_\",\"suite\",\"$0\",\"ignoredWorkerServices\",\"wdi5\"]"}]}
RESULT: {"script":"<script> [2342 bytes]","args":[{"protocol":"http","hostname":"0.0.0.0","path":"/","capabilities":{"browserName":"chrome","goog:chromeOptions":{"binary":"C:\\Program Files\\Google\\Chrome\\Application\\chrome.exe","args":["--start-maximized"]}},"logLevel":"warn","connectionRetryTimeout":120000,"connectionRetryCount":3,"logLevels":{},"enableDirectConnect":true,"strictSSL":true,"_":"65 more keys: [\"cacheDir\",\"port\",\"requestedCapabilities\",\"automationProtocol\",\"baseUrl\",\"waitforInterval\",\"waitforTimeout\",\"onReload\",\"beforeCommand\",\"afterCommand\",\"rootDir\",\"specs\",\"suites\",\"exclude\",\"groupLogsByTestSpec\",\"excludeDriverLogs\",\"bail\",\"framework\",\"reporters\",\"services\",\"maxInstances\",\"maxInstancesPerCapability\",\"injectGlobals\",\"filesToWatch\",\"execArgv\",\"runnerEnv\",\"runner\",\"shard\",\"specFileRetries\",\"specFileRetriesDelay\",\"specFileRetriesDeferred\",\"reporterSyncInterval\",\"reporterSyncTimeout\",\"cucumberFeaturesWithLineNumbers\",\"autoCompileOpts\",\"mochaOpts\",\"jasmineOpts\",\"cucumberOpts\",\"onPrepare\",\"onWorkerStart\",\"onWorkerEnd\",\"before\",\"beforeSession\",\"beforeSuite\",\"beforeHook\",\"beforeTest\",\"afterTest\",\"afterHook\",\"afterSuite\",\"afterSession\",\"after\",\"onComplete\",\"beforeAssertion\",\"afterAssertion\",\"beforeFeature\",\"beforeScenario\",\"beforeStep\",\"afterStep\",\"afterScenario\",\"afterFeature\",\"_\",\"suite\",\"$0\",\"ignoredWorkerServices\",\"wdi5\"]"}]}
COMMAND: POST /session/b65fc9896dbbad70d7119bd0d8ca6151/execute/async - {"script":"<script> [21126 bytes]","args":[35000]}
RESULT: {"script":"<script> [21126 bytes]","args":[35000]}
COMMAND: POST /session/b65fc9896dbbad70d7119bd0d8ca6151/execute/async - {"script":"<script> [1562 bytes]","args":[{"selector":{"controlType":"sap.m.GenericTile","properties":{"header":"Manage Partners"}},"wdio_ui5_key":"sapm.GenericTile{\"header\":\"Manage Partners\"}"}]}
RESULT: {"script":"<script> [1562 bytes]","args":[{"selector":{"controlType":"sap.m.GenericTile","properties":{"header":"Manage Partners"}},"wdio_ui5_key":"sapm.GenericTile{\"header\":\"Manage Partners\"}"}]}
RESULT: undefined
COMMAND: POST /session/b65fc9896dbbad70d7119bd0d8ca6151/element - {"using":"xpath","value":"//*[@id=\"__tile39\"]"}
RESULT: {"using":"xpath","value":"//*[@id=\"__tile39\"]"}
COMMAND: POST /session/b65fc9896dbbad70d7119bd0d8ca6151/element/f.B1DE806DB4DF8D130682F5CACC3F0FDB.d.45007BE9817D160BD19F8D973246962A.e.10727/click - {}
RESULT: {}
COMMAND: GET /session/b65fc9896dbbad70d7119bd0d8ca6151/screenshot - {}
RESULT: {}
COMMAND: POST /session/b65fc9896dbbad70d7119bd0d8ca6151/elements - {"using":"xpath","value":"//span[text()='Error']"}
RESULT: {"using":"xpath","value":"//span[text()='Error']"}
COMMAND: POST /session/b65fc9896dbbad70d7119bd0d8ca6151/execute/async - {"script":"<script> [1562 bytes]","args":[{"selector":{"controlType":"sap.ui.core.Icon","viewName":"etm.portal.ui.managepartners.view.Master","viewId":"application-managepartners-display-component---masterPtm","properties":{"src":{"regex":{"source":"add"}}}},"wdio_ui5_key":"etmportal.ui.managepartners.view.Mastersap.ui.core.Icon{\"src\":{\"regex\":{\"source\":\"add\"}}}"}]}
RESULT: {"script":"<script> [1562 bytes]","args":[{"selector":{"controlType":"sap.ui.core.Icon","viewName":"etm.portal.ui.managepartners.view.Master","viewId":"application-managepartners-display-component---masterPtm","properties":{"src":{"regex":{"source":"add"}}}},"wdio_ui5_key":"etmportal.ui.managepartners.view.Mastersap.ui.core.Icon{\"src\":{\"regex\":{\"source\":\"add\"}}}"}]}
RESULT: undefined
COMMAND: POST /session/b65fc9896dbbad70d7119bd0d8ca6151/element - {"using":"xpath","value":"//*[@id=\"__button4-img\"]"}
RESULT: {"using":"xpath","value":"//*[@id=\"__button4-img\"]"}
COMMAND: POST /session/b65fc9896dbbad70d7119bd0d8ca6151/element/f.B1DE806DB4DF8D130682F5CACC3F0FDB.d.45007BE9817D160BD19F8D973246962A.e.10778/click - {}
RESULT: {}
COMMAND: GET /session/b65fc9896dbbad70d7119bd0d8ca6151/screenshot - {}
RESULT: {}
COMMAND: POST /session/b65fc9896dbbad70d7119bd0d8ca6151/execute/async - {"script":"<script> [1562 bytes]","args":[{"selector":{"id":"application-managepartners-display-component---NewPartner--partnerId","interaction":{"idSuffix":"inner"}},"wdio_ui5_key":"applicationmanagepartners-display-component---NewPartner--partnerId"}]}
RESULT: {"script":"<script> [1562 bytes]","args":[{"selector":{"id":"application-managepartners-display-component---NewPartner--partnerId","interaction":{"idSuffix":"inner"}},"wdio_ui5_key":"applicationmanagepartners-display-component---NewPartner--partnerId"}]}
RESULT: undefined
COMMAND: POST /session/b65fc9896dbbad70d7119bd0d8ca6151/execute/async - {"script":"<script> [1562 bytes]","args":[{"selector":{"id":"application-managepartners-display-component---NewPartner--addressDetailDetailsName1","interaction":{"idSuffix":"inner"}},"wdio_ui5_key":"applicationmanagepartners-display-component---NewPartner--addressDetailDetailsName1"}]}
RESULT: {"script":"<script> [1562 bytes]","args":[{"selector":{"id":"application-managepartners-display-component---NewPartner--addressDetailDetailsName1","interaction":{"idSuffix":"inner"}},"wdio_ui5_key":"applicationmanagepartners-display-component---NewPartner--addressDetailDetailsName1"}]}
RESULT: undefined
COMMAND: POST /session/b65fc9896dbbad70d7119bd0d8ca6151/execute/async - {"script":"<script> [776 bytes]","args":[{"enterText":"WebdriverPartnerldr6x","selector":{"id":"application-managepartners-display-component---NewPartner--addressDetailDetailsName1","interaction":{"idSuffix":"inner"}},"clearTextFirst":true,"interactionType":"ENTER_TEXT"}]}
RESULT: {"script":"<script> [776 bytes]","args":[{"enterText":"WebdriverPartnerldr6x","selector":{"id":"application-managepartners-display-component---NewPartner--addressDetailDetailsName1","interaction":{"idSuffix":"inner"}},"clearTextFirst":true,"interactionType":"ENTER_TEXT"}]}
COMMAND: POST /session/b65fc9896dbbad70d7119bd0d8ca6151/execute/async - {"script":"<script> [1562 bytes]","args":[{"selector":{"id":"application-managepartners-display-component---NewPartner--addressDetailDetailsLanguage","interaction":{"idSuffix":"inner"}},"wdio_ui5_key":"applicationmanagepartners-display-component---NewPartner--addressDetailDetailsLanguage"}]}
RESULT: {"script":"<script> [1562 bytes]","args":[{"selector":{"id":"application-managepartners-display-component---NewPartner--addressDetailDetailsLanguage","interaction":{"idSuffix":"inner"}},"wdio_ui5_key":"applicationmanagepartners-display-component---NewPartner--addressDetailDetailsLanguage"}]}
RESULT: undefined
COMMAND: POST /session/b65fc9896dbbad70d7119bd0d8ca6151/execute/async - {"script":"<script> [776 bytes]","args":[{"enterText":"Romanian","selector":{"id":"application-managepartners-display-component---NewPartner--addressDetailDetailsLanguage","interaction":{"idSuffix":"inner"}},"clearTextFirst":true,"interactionType":"ENTER_TEXT"}]}
RESULT: {"script":"<script> [776 bytes]","args":[{"enterText":"Romanian","selector":{"id":"application-managepartners-display-component---NewPartner--addressDetailDetailsLanguage","interaction":{"idSuffix":"inner"}},"clearTextFirst":true,"interactionType":"ENTER_TEXT"}]}
COMMAND: POST /session/b65fc9896dbbad70d7119bd0d8ca6151/element - {"using":"xpath","value":"//input[contains(@id ,\"application-managepartners-display-component---NewPartner--addressDetailDetailsName1-inner\")]"}
RESULT: {"using":"xpath","value":"//input[contains(@id ,\"application-managepartners-display-component---NewPartner--addressDetailDetailsName1-inner\")]"}
COMMAND: GET /session/b65fc9896dbbad70d7119bd0d8ca6151/element/f.B1DE806DB4DF8D130682F5CACC3F0FDB.d.45007BE9817D160BD19F8D973246962A.e.10989/property/value - {}
RESULT: {}
COMMAND: POST /session/b65fc9896dbbad70d7119bd0d8ca6151/execute/async - {"script":"<script> [1562 bytes]","args":[{"selector":{"id":"application-managepartners-display-component---NewPartner--addressDetailDetailsCity1","interaction":{"idSuffix":"inner"}},"wdio_ui5_key":"applicationmanagepartners-display-component---NewPartner--addressDetailDetailsCity1"}]}
COMMAND: GET /session/b65fc9896dbbad70d7119bd0d8ca6151/screenshot - {}
RESULT: {"script":"<script> [1562 bytes]","args":[{"selector":{"id":"application-managepartners-display-component---NewPartner--addressDetailDetailsCity1","interaction":{"idSuffix":"inner"}},"wdio_ui5_key":"applicationmanagepartners-display-component---NewPartner--addressDetailDetailsCity1"}]}
RESULT: undefined
COMMAND: POST /session/b65fc9896dbbad70d7119bd0d8ca6151/execute/async - {"script":"<script> [776 bytes]","args":[{"enterText":"Bucharest","selector":{"id":"application-managepartners-display-component---NewPartner--addressDetailDetailsCity1","interaction":{"idSuffix":"inner"}},"clearTextFirst":true,"interactionType":"ENTER_TEXT"}]}
RESULT: {}
RESULT: {"script":"<script> [776 bytes]","args":[{"enterText":"Bucharest","selector":{"id":"application-managepartners-display-component---NewPartner--addressDetailDetailsCity1","interaction":{"idSuffix":"inner"}},"clearTextFirst":true,"interactionType":"ENTER_TEXT"}]}
COMMAND: POST /session/b65fc9896dbbad70d7119bd0d8ca6151/execute/async - {"script":"<script> [1562 bytes]","args":[{"selector":{"id":"application-managepartners-display-component---NewPartner--addressDetailDetailsCountry","interaction":{"idSuffix":"inner"}},"wdio_ui5_key":"applicationmanagepartners-display-component---NewPartner--addressDetailDetailsCountry"}]}
RESULT: {"script":"<script> [1562 bytes]","args":[{"selector":{"id":"application-managepartners-display-component---NewPartner--addressDetailDetailsCountry","interaction":{"idSuffix":"inner"}},"wdio_ui5_key":"applicationmanagepartners-display-component---NewPartner--addressDetailDetailsCountry"}]}
RESULT: undefined
COMMAND: POST /session/b65fc9896dbbad70d7119bd0d8ca6151/execute/async - {"script":"<script> [6424 bytes]","args":[{"element-6066-11e4-a52e-4f735466cecf":"f.B1DE806DB4DF8D130682F5CACC3F0FDB.d.45007BE9817D160BD19F8D973246962A.e.10996"},"setValue",["Romania"]]}
RESULT: {"script":"<script> [6424 bytes]","args":[{"element-6066-11e4-a52e-4f735466cecf":"f.B1DE806DB4DF8D130682F5CACC3F0FDB.d.45007BE9817D160BD19F8D973246962A.e.10996"},"setValue",["Romania"]]}
COMMAND: POST /session/b65fc9896dbbad70d7119bd0d8ca6151/execute/async - {"script":"<script> [1562 bytes]","args":[{"selector":{"id":"application-managepartners-display-component---NewPartner--partnerDetailInternal","interaction":{"idSuffix":"inner"}},"wdio_ui5_key":"applicationmanagepartners-display-component---NewPartner--partnerDetailInternal"}]}
RESULT: {"script":"<script> [1562 bytes]","args":[{"selector":{"id":"application-managepartners-display-component---NewPartner--partnerDetailInternal","interaction":{"idSuffix":"inner"}},"wdio_ui5_key":"applicationmanagepartners-display-component---NewPartner--partnerDetailInternal"}]}
RESULT: undefined
COMMAND: POST /session/b65fc9896dbbad70d7119bd0d8ca6151/execute/async - {"script":"<script> [776 bytes]","args":[{"enterText":"External partner","selector":{"id":"application-managepartners-display-component---NewPartner--partnerDetailInternal","interaction":{"idSuffix":"inner"}},"clearTextFirst":true,"interactionType":"ENTER_TEXT"}]}
RESULT: {"script":"<script> [776 bytes]","args":[{"enterText":"External partner","selector":{"id":"application-managepartners-display-component---NewPartner--partnerDetailInternal","interaction":{"idSuffix":"inner"}},"clearTextFirst":true,"interactionType":"ENTER_TEXT"}]}
COMMAND: POST /session/b65fc9896dbbad70d7119bd0d8ca6151/execute/async - {"script":"<script> [1562 bytes]","args":[{"selector":{"id":"application-managepartners-display-component---NewPartner--partnerDetailsCurrency","interaction":{"idSuffix":"inner"}},"wdio_ui5_key":"applicationmanagepartners-display-component---NewPartner--partnerDetailsCurrency"}]}
RESULT: {"script":"<script> [1562 bytes]","args":[{"selector":{"id":"application-managepartners-display-component---NewPartner--partnerDetailsCurrency","interaction":{"idSuffix":"inner"}},"wdio_ui5_key":"applicationmanagepartners-display-component---NewPartner--partnerDetailsCurrency"}]}
RESULT: undefined
COMMAND: POST /session/b65fc9896dbbad70d7119bd0d8ca6151/execute/async - {"script":"<script> [776 bytes]","args":[{"enterText":"Euro","selector":{"id":"application-managepartners-display-component---NewPartner--partnerDetailsCurrency","interaction":{"idSuffix":"inner"}},"clearTextFirst":true,"interactionType":"ENTER_TEXT"}]}
RESULT: {"script":"<script> [776 bytes]","args":[{"enterText":"Euro","selector":{"id":"application-managepartners-display-component---NewPartner--partnerDetailsCurrency","interaction":{"idSuffix":"inner"}},"clearTextFirst":true,"interactionType":"ENTER_TEXT"}]}
COMMAND: POST /session/b65fc9896dbbad70d7119bd0d8ca6151/execute/async - {"script":"<script> [1562 bytes]","args":[{"selector":{"controlType":"sap.m.Button","viewName":"etm.portal.ui.managepartners.view.NewPartner","viewId":"application-managepartners-display-component---NewPartner","properties":{"text":"Commercial"},"interaction":{"idSuffix":"BDI-content"}},"wdio_ui5_key":"etmportal.ui.managepartners.view.NewPartnersap.m.Button{\"text\":\"Commercial\"}"}]}
RESULT: {"script":"<script> [1562 bytes]","args":[{"selector":{"controlType":"sap.m.Button","viewName":"etm.portal.ui.managepartners.view.NewPartner","viewId":"application-managepartners-display-component---NewPartner","properties":{"text":"Commercial"},"interaction":{"idSuffix":"BDI-content"}},"wdio_ui5_key":"etmportal.ui.managepartners.view.NewPartnersap.m.Button{\"text\":\"Commercial\"}"}]}
RESULT: undefined
COMMAND: POST /session/b65fc9896dbbad70d7119bd0d8ca6151/element - {"using":"xpath","value":"//*[@id=\"application-managepartners-display-component---NewPartner--ObjectPageLayout-anchBar-__section5-anchor\"]"}
RESULT: {"using":"xpath","value":"//*[@id=\"application-managepartners-display-component---NewPartner--ObjectPageLayout-anchBar-__section5-anchor\"]"}
COMMAND: POST /session/b65fc9896dbbad70d7119bd0d8ca6151/element/f.B1DE806DB4DF8D130682F5CACC3F0FDB.d.45007BE9817D160BD19F8D973246962A.e.11201/click - {}
RESULT: {}
COMMAND: GET /session/b65fc9896dbbad70d7119bd0d8ca6151/screenshot - {}
RESULT: {}
COMMAND: POST /session/b65fc9896dbbad70d7119bd0d8ca6151/execute/async - {"script":"<script> [1562 bytes]","args":[{"selector":{"id":"application-managepartners-display-component---NewPartner--btnAddTableRow-img"},"wdio_ui5_key":"applicationmanagepartners-display-component---NewPartner--btnAddTableRow-img"}]}
RESULT: {"script":"<script> [1562 bytes]","args":[{"selector":{"id":"application-managepartners-display-component---NewPartner--btnAddTableRow-img"},"wdio_ui5_key":"applicationmanagepartners-display-component---NewPartner--btnAddTableRow-img"}]}
RESULT: undefined
COMMAND: POST /session/b65fc9896dbbad70d7119bd0d8ca6151/element - {"using":"xpath","value":"//*[@id=\"application-managepartners-display-component---NewPartner--btnAddTableRow-img\"]"}
RESULT: {"using":"xpath","value":"//*[@id=\"application-managepartners-display-component---NewPartner--btnAddTableRow-img\"]"}
COMMAND: POST /session/b65fc9896dbbad70d7119bd0d8ca6151/element/f.B1DE806DB4DF8D130682F5CACC3F0FDB.d.45007BE9817D160BD19F8D973246962A.e.11206/click - {}
RESULT: {}
COMMAND: POST /session/b65fc9896dbbad70d7119bd0d8ca6151/element - {"using":"xpath","value":"//input[contains(@id ,\"application-managepartners-display-component---NewPartner--assignmentYard-application-managepartners-display-component---NewPartner\")]"}
COMMAND: GET /session/b65fc9896dbbad70d7119bd0d8ca6151/screenshot - {}
RESULT: {"using":"xpath","value":"//input[contains(@id ,\"application-managepartners-display-component---NewPartner--assignmentYard-application-managepartners-display-component---NewPartner\")]"}
COMMAND: POST /session/b65fc9896dbbad70d7119bd0d8ca6151/element/f.B1DE806DB4DF8D130682F5CACC3F0FDB.d.45007BE9817D160BD19F8D973246962A.e.11211/clear - {}
RESULT: {}
RESULT: {}
COMMAND: POST /session/b65fc9896dbbad70d7119bd0d8ca6151/element/f.B1DE806DB4DF8D130682F5CACC3F0FDB.d.45007BE9817D160BD19F8D973246962A.e.11211/value - {"text":"WebdriverYardgn6a8"}
COMMAND: GET /session/b65fc9896dbbad70d7119bd0d8ca6151/screenshot - {}
RESULT: {"text":"WebdriverYardgn6a8"}
COMMAND: GET /session/b65fc9896dbbad70d7119bd0d8ca6151/screenshot - {}
RESULT: {}
RESULT: {}
COMMAND: POST /session/b65fc9896dbbad70d7119bd0d8ca6151/execute/async - {"script":"<script> [1562 bytes]","args":[{"selector":{"controlType":"sap.m.Button","viewName":"etm.portal.ui.managepartners.view.NewPartner","viewId":"application-managepartners-display-component---NewPartner","i18NText":{"propertyName":"text","key":"save"},"interaction":{"idSuffix":"BDI-content"}},"wdio_ui5_key":"etmportal.ui.managepartners.view.NewPartnersap.m.Button{\"propertyName\":\"text\",\"key\":\"save\"}"}]}
RESULT: {"script":"<script> [1562 bytes]","args":[{"selector":{"controlType":"sap.m.Button","viewName":"etm.portal.ui.managepartners.view.NewPartner","viewId":"application-managepartners-display-component---NewPartner","i18NText":{"propertyName":"text","key":"save"},"interaction":{"idSuffix":"BDI-content"}},"wdio_ui5_key":"etmportal.ui.managepartners.view.NewPartnersap.m.Button{\"propertyName\":\"text\",\"key\":\"save\"}"}]}
RESULT: undefined
COMMAND: POST /session/b65fc9896dbbad70d7119bd0d8ca6151/element - {"using":"xpath","value":"//*[@id=\"__button12\"]"}
RESULT: {"using":"xpath","value":"//*[@id=\"__button12\"]"}
COMMAND: POST /session/b65fc9896dbbad70d7119bd0d8ca6151/element/f.B1DE806DB4DF8D130682F5CACC3F0FDB.d.45007BE9817D160BD19F8D973246962A.e.11179/click - {}
RESULT: {}
COMMAND: GET /session/b65fc9896dbbad70d7119bd0d8ca6151/screenshot - {}
RESULT: {}
COMMAND: POST /session/b65fc9896dbbad70d7119bd0d8ca6151/element - {"using":"xpath","value":"//header/div/div[2]/div[2]/span"}
RESULT: {"using":"xpath","value":"//header/div/div[2]/div[2]/span"}
COMMAND: GET /session/b65fc9896dbbad70d7119bd0d8ca6151/element/f.B1DE806DB4DF8D130682F5CACC3F0FDB.d.45007BE9817D160BD19F8D973246962A.e.11380/text - {}
RESULT: {}
COMMAND: POST /session/b65fc9896dbbad70d7119bd0d8ca6151/element - {"using":"xpath","value":"//header/div/div/div/div/div/div[2]/div/span"}
RESULT: {"using":"xpath","value":"//header/div/div/div/div/div/div[2]/div/span"}
COMMAND: GET /session/b65fc9896dbbad70d7119bd0d8ca6151/element/f.B1DE806DB4DF8D130682F5CACC3F0FDB.d.45007BE9817D160BD19F8D973246962A.e.11381/text - {}
RESULT: {}
COMMAND: POST /session/b65fc9896dbbad70d7119bd0d8ca6151/execute/async - {"script":"<script> [1562 bytes]","args":[{"selector":{"id":"application-managepartners-display-component---detailPtm--partnerType"},"wdio_ui5_key":"applicationmanagepartners-display-component---detailPtm--partnerType"}]}
RESULT: {"script":"<script> [1562 bytes]","args":[{"selector":{"id":"application-managepartners-display-component---detailPtm--partnerType"},"wdio_ui5_key":"applicationmanagepartners-display-component---detailPtm--partnerType"}]}
RESULT: undefined
COMMAND: POST /session/b65fc9896dbbad70d7119bd0d8ca6151/execute/async - {"script":"<script> [6424 bytes]","args":[{"element-6066-11e4-a52e-4f735466cecf":"f.B1DE806DB4DF8D130682F5CACC3F0FDB.d.45007BE9817D160BD19F8D973246962A.e.11382"},"getText",[]]}
RESULT: {"script":"<script> [6424 bytes]","args":[{"element-6066-11e4-a52e-4f735466cecf":"f.B1DE806DB4DF8D130682F5CACC3F0FDB.d.45007BE9817D160BD19F8D973246962A.e.11382"},"getText",[]]}
COMMAND: POST /session/b65fc9896dbbad70d7119bd0d8ca6151/element - {"using":"css selector","value":"#shell-header-logo"}
RESULT: {"using":"css selector","value":"#shell-header-logo"}
COMMAND: POST /session/b65fc9896dbbad70d7119bd0d8ca6151/element/f.B1DE806DB4DF8D130682F5CACC3F0FDB.d.45007BE9817D160BD19F8D973246962A.e.10729/click - {}
RESULT: {}
COMMAND: GET /session/b65fc9896dbbad70d7119bd0d8ca6151/screenshot - {}
RESULT: {}
COMMAND: POST /session/b65fc9896dbbad70d7119bd0d8ca6151/execute/async - {"script":"<script> [1562 bytes]","args":[{"selector":{"controlType":"sap.m.GenericTile","properties":{"header":"Manage Sites"}},"wdio_ui5_key":"sapm.GenericTile{\"header\":\"Manage Sites\"}"}]}
RESULT: {"script":"<script> [1562 bytes]","args":[{"selector":{"controlType":"sap.m.GenericTile","properties":{"header":"Manage Sites"}},"wdio_ui5_key":"sapm.GenericTile{\"header\":\"Manage Sites\"}"}]}
RESULT: undefined
COMMAND: POST /session/b65fc9896dbbad70d7119bd0d8ca6151/element - {"using":"xpath","value":"//*[@id=\"__tile41\"]"}
RESULT: {"using":"xpath","value":"//*[@id=\"__tile41\"]"}
COMMAND: POST /session/b65fc9896dbbad70d7119bd0d8ca6151/element/f.B1DE806DB4DF8D130682F5CACC3F0FDB.d.45007BE9817D160BD19F8D973246962A.e.11384/click - {}
RESULT: {}
COMMAND: GET /session/b65fc9896dbbad70d7119bd0d8ca6151/screenshot - {}
RESULT: {}
COMMAND: POST /session/b65fc9896dbbad70d7119bd0d8ca6151/elements - {"using":"xpath","value":"//span[text()='Error']"}
RESULT: {"using":"xpath","value":"//span[text()='Error']"}
COMMAND: POST /session/b65fc9896dbbad70d7119bd0d8ca6151/execute/async - {"script":"<script> [1562 bytes]","args":[{"selector":{"controlType":"sap.ui.core.Icon","viewName":"etm.portal.ui.managesites.view.Master","viewId":"application-managesites-display-component---masterSite","properties":{"src":{"regex":{"source":"add"}}}},"wdio_ui5_key":"etmportal.ui.managesites.view.Mastersap.ui.core.Icon{\"src\":{\"regex\":{\"source\":\"add\"}}}"}]}
RESULT: {"script":"<script> [1562 bytes]","args":[{"selector":{"controlType":"sap.ui.core.Icon","viewName":"etm.portal.ui.managesites.view.Master","viewId":"application-managesites-display-component---masterSite","properties":{"src":{"regex":{"source":"add"}}}},"wdio_ui5_key":"etmportal.ui.managesites.view.Mastersap.ui.core.Icon{\"src\":{\"regex\":{\"source\":\"add\"}}}"}]}
RESULT: undefined
COMMAND: POST /session/b65fc9896dbbad70d7119bd0d8ca6151/element - {"using":"xpath","value":"//*[@id=\"__button52-img\"]"}
RESULT: {"using":"xpath","value":"//*[@id=\"__button52-img\"]"}
COMMAND: POST /session/b65fc9896dbbad70d7119bd0d8ca6151/element/f.B1DE806DB4DF8D130682F5CACC3F0FDB.d.45007BE9817D160BD19F8D973246962A.e.11431/click - {}
RESULT: {}
COMMAND: POST /session/b65fc9896dbbad70d7119bd0d8ca6151/execute/async - {"script":"<script> [1562 bytes]","args":[{"selector":{"id":"application-managesites-display-component---NewSite--siteId","interaction":{"idSuffix":"inner"}},"wdio_ui5_key":"applicationmanagesites-display-component---NewSite--siteId"}]}
COMMAND: GET /session/b65fc9896dbbad70d7119bd0d8ca6151/screenshot - {}
RESULT: {"script":"<script> [1562 bytes]","args":[{"selector":{"id":"application-managesites-display-component---NewSite--siteId","interaction":{"idSuffix":"inner"}},"wdio_ui5_key":"applicationmanagesites-display-component---NewSite--siteId"}]}
RESULT: undefined
COMMAND: POST /session/b65fc9896dbbad70d7119bd0d8ca6151/execute/async - {"script":"<script> [1562 bytes]","args":[{"selector":{"id":"application-managesites-display-component---NewSite--addressDetailDetailsName1","interaction":{"idSuffix":"inner"}},"wdio_ui5_key":"applicationmanagesites-display-component---NewSite--addressDetailDetailsName1"}]}
RESULT: {}
RESULT: {"script":"<script> [1562 bytes]","args":[{"selector":{"id":"application-managesites-display-component---NewSite--addressDetailDetailsName1","interaction":{"idSuffix":"inner"}},"wdio_ui5_key":"applicationmanagesites-display-component---NewSite--addressDetailDetailsName1"}]}
RESULT: undefined
COMMAND: POST /session/b65fc9896dbbad70d7119bd0d8ca6151/execute/async - {"script":"<script> [776 bytes]","args":[{"enterText":"WebdriverSitemwbff","selector":{"id":"application-managesites-display-component---NewSite--addressDetailDetailsName1","interaction":{"idSuffix":"inner"}},"clearTextFirst":true,"interactionType":"ENTER_TEXT"}]}
RESULT: {"script":"<script> [776 bytes]","args":[{"enterText":"WebdriverSitemwbff","selector":{"id":"application-managesites-display-component---NewSite--addressDetailDetailsName1","interaction":{"idSuffix":"inner"}},"clearTextFirst":true,"interactionType":"ENTER_TEXT"}]}
COMMAND: POST /session/b65fc9896dbbad70d7119bd0d8ca6151/execute/async - {"script":"<script> [1562 bytes]","args":[{"selector":{"id":"application-managesites-display-component---NewSite--addressDetailDetailsLanguage","interaction":{"idSuffix":"inner"}},"wdio_ui5_key":"applicationmanagesites-display-component---NewSite--addressDetailDetailsLanguage"}]}
RESULT: {"script":"<script> [1562 bytes]","args":[{"selector":{"id":"application-managesites-display-component---NewSite--addressDetailDetailsLanguage","interaction":{"idSuffix":"inner"}},"wdio_ui5_key":"applicationmanagesites-display-component---NewSite--addressDetailDetailsLanguage"}]}
RESULT: undefined
COMMAND: POST /session/b65fc9896dbbad70d7119bd0d8ca6151/execute/async - {"script":"<script> [776 bytes]","args":[{"enterText":"Romanian","selector":{"id":"application-managesites-display-component---NewSite--addressDetailDetailsLanguage","interaction":{"idSuffix":"inner"}},"clearTextFirst":true,"interactionType":"ENTER_TEXT"}]}
RESULT: {"script":"<script> [776 bytes]","args":[{"enterText":"Romanian","selector":{"id":"application-managesites-display-component---NewSite--addressDetailDetailsLanguage","interaction":{"idSuffix":"inner"}},"clearTextFirst":true,"interactionType":"ENTER_TEXT"}]}
COMMAND: POST /session/b65fc9896dbbad70d7119bd0d8ca6151/execute/async - {"script":"<script> [1562 bytes]","args":[{"selector":{"id":"application-managesites-display-component---NewSite--addressDetailDetailsCity1","interaction":{"idSuffix":"inner"}},"wdio_ui5_key":"applicationmanagesites-display-component---NewSite--addressDetailDetailsCity1"}]}
RESULT: {"script":"<script> [1562 bytes]","args":[{"selector":{"id":"application-managesites-display-component---NewSite--addressDetailDetailsCity1","interaction":{"idSuffix":"inner"}},"wdio_ui5_key":"applicationmanagesites-display-component---NewSite--addressDetailDetailsCity1"}]}
RESULT: undefined
COMMAND: POST /session/b65fc9896dbbad70d7119bd0d8ca6151/execute/async - {"script":"<script> [776 bytes]","args":[{"enterText":"Bucharest","selector":{"id":"application-managesites-display-component---NewSite--addressDetailDetailsCity1","interaction":{"idSuffix":"inner"}},"clearTextFirst":true,"interactionType":"ENTER_TEXT"}]}
RESULT: {"script":"<script> [776 bytes]","args":[{"enterText":"Bucharest","selector":{"id":"application-managesites-display-component---NewSite--addressDetailDetailsCity1","interaction":{"idSuffix":"inner"}},"clearTextFirst":true,"interactionType":"ENTER_TEXT"}]}
COMMAND: POST /session/b65fc9896dbbad70d7119bd0d8ca6151/execute/async - {"script":"<script> [1562 bytes]","args":[{"selector":{"id":"application-managesites-display-component---NewSite--addressDetailDetailsCountry","interaction":{"idSuffix":"inner"}},"wdio_ui5_key":"applicationmanagesites-display-component---NewSite--addressDetailDetailsCountry"}]}
RESULT: {"script":"<script> [1562 bytes]","args":[{"selector":{"id":"application-managesites-display-component---NewSite--addressDetailDetailsCountry","interaction":{"idSuffix":"inner"}},"wdio_ui5_key":"applicationmanagesites-display-component---NewSite--addressDetailDetailsCountry"}]}
RESULT: undefined
COMMAND: POST /session/b65fc9896dbbad70d7119bd0d8ca6151/execute/async - {"script":"<script> [776 bytes]","args":[{"enterText":"Romania","selector":{"id":"application-managesites-display-component---NewSite--addressDetailDetailsCountry","interaction":{"idSuffix":"inner"}},"clearTextFirst":true,"interactionType":"ENTER_TEXT"}]}
RESULT: {"script":"<script> [776 bytes]","args":[{"enterText":"Romania","selector":{"id":"application-managesites-display-component---NewSite--addressDetailDetailsCountry","interaction":{"idSuffix":"inner"}},"clearTextFirst":true,"interactionType":"ENTER_TEXT"}]}
COMMAND: POST /session/b65fc9896dbbad70d7119bd0d8ca6151/element - {"using":"css selector","value":"#application-managesites-display-component---NewSite--addressDetailDetailsCalendar-inner"}
RESULT: {"using":"css selector","value":"#application-managesites-display-component---NewSite--addressDetailDetailsCalendar-inner"}
COMMAND: POST /session/b65fc9896dbbad70d7119bd0d8ca6151/element/f.B1DE806DB4DF8D130682F5CACC3F0FDB.d.45007BE9817D160BD19F8D973246962A.e.11843/clear - {}
RESULT: {}
COMMAND: POST /session/b65fc9896dbbad70d7119bd0d8ca6151/element/f.B1DE806DB4DF8D130682F5CACC3F0FDB.d.45007BE9817D160BD19F8D973246962A.e.11843/value - {"text":"Germany"}
COMMAND: GET /session/b65fc9896dbbad70d7119bd0d8ca6151/screenshot - {}
RESULT: {}
RESULT: {"text":"Germany"}
COMMAND: POST /session/b65fc9896dbbad70d7119bd0d8ca6151/execute/async - {"script":"<script> [1562 bytes]","args":[{"selector":{"id":"application-managesites-display-component---NewSite--addressEditDetailsCostObjectCstType-arrow"},"wdio_ui5_key":"applicationmanagesites-display-component---NewSite--addressEditDetailsCostObjectCstType-arrow"}]}
COMMAND: GET /session/b65fc9896dbbad70d7119bd0d8ca6151/screenshot - {}
RESULT: {"script":"<script> [1562 bytes]","args":[{"selector":{"id":"application-managesites-display-component---NewSite--addressEditDetailsCostObjectCstType-arrow"},"wdio_ui5_key":"applicationmanagesites-display-component---NewSite--addressEditDetailsCostObjectCstType-arrow"}]}
RESULT: undefined
COMMAND: POST /session/b65fc9896dbbad70d7119bd0d8ca6151/element - {"using":"xpath","value":"//*[@id=\"application-managesites-display-component---NewSite--addressEditDetailsCostObjectCstType-arrow\"]"}
RESULT: {}
RESULT: {"using":"xpath","value":"//*[@id=\"application-managesites-display-component---NewSite--addressEditDetailsCostObjectCstType-arrow\"]"}
COMMAND: POST /session/b65fc9896dbbad70d7119bd0d8ca6151/element/f.B1DE806DB4DF8D130682F5CACC3F0FDB.d.45007BE9817D160BD19F8D973246962A.e.12009/click - {}
RESULT: {}
COMMAND: POST /session/b65fc9896dbbad70d7119bd0d8ca6151/element - {"using":"xpath","value":"//span[contains(text(), \"Work Breakdown Structure\")]"}
COMMAND: GET /session/b65fc9896dbbad70d7119bd0d8ca6151/screenshot - {}
RESULT: {"using":"xpath","value":"//span[contains(text(), \"Work Breakdown Structure\")]"}
COMMAND: POST /session/b65fc9896dbbad70d7119bd0d8ca6151/element/f.B1DE806DB4DF8D130682F5CACC3F0FDB.d.45007BE9817D160BD19F8D973246962A.e.12010/click - {}
RESULT: {}
RESULT: {}
COMMAND: GET /session/b65fc9896dbbad70d7119bd0d8ca6151/screenshot - {}
RESULT: {}
RESULT: undefined
RESULT: undefined
COMMAND: POST /session/b65fc9896dbbad70d7119bd0d8ca6151/execute/async - {"script":"<script> [1562 bytes]","args":[{"selector":{"id":"application-managesites-display-component---NewSite--addressNewCostObjectCstID-vhi"},"wdio_ui5_key":"applicationmanagesites-display-component---NewSite--addressNewCostObjectCstID-vhi"}]}
RESULT: {"script":"<script> [1562 bytes]","args":[{"selector":{"id":"application-managesites-display-component---NewSite--addressNewCostObjectCstID-vhi"},"wdio_ui5_key":"applicationmanagesites-display-component---NewSite--addressNewCostObjectCstID-vhi"}]}
RESULT: undefined
COMMAND: POST /session/b65fc9896dbbad70d7119bd0d8ca6151/element - {"using":"xpath","value":"//*[@id=\"application-managesites-display-component---NewSite--addressNewCostObjectCstID-vhi\"]"}
RESULT: {"using":"xpath","value":"//*[@id=\"application-managesites-display-component---NewSite--addressNewCostObjectCstID-vhi\"]"}
COMMAND: POST /session/b65fc9896dbbad70d7119bd0d8ca6151/element/f.B1DE806DB4DF8D130682F5CACC3F0FDB.d.45007BE9817D160BD19F8D973246962A.e.12014/click - {}
RESULT: {}
COMMAND: GET /session/b65fc9896dbbad70d7119bd0d8ca6151/screenshot - {}
RESULT: {}
COMMAND: POST /session/b65fc9896dbbad70d7119bd0d8ca6151/execute/async - {"script":"<script> [1562 bytes]","args":[{"selector":{"controlType":"sap.m.SearchField","properties":{"placeholder":"Search"},"searchOpenDialogs":true,"interaction":{"idSuffix":"I"}},"wdio_ui5_key":"sapm.SearchField{\"placeholder\":\"Search\"}"}]}
RESULT: {"script":"<script> [1562 bytes]","args":[{"selector":{"controlType":"sap.m.SearchField","properties":{"placeholder":"Search"},"searchOpenDialogs":true,"interaction":{"idSuffix":"I"}},"wdio_ui5_key":"sapm.SearchField{\"placeholder\":\"Search\"}"}]}
RESULT: undefined
COMMAND: POST /session/b65fc9896dbbad70d7119bd0d8ca6151/execute/async - {"script":"<script> [776 bytes]","args":[{"enterText":"A1-000100-01","selector":{"controlType":"sap.m.SearchField","properties":{"placeholder":"Search"},"searchOpenDialogs":true,"interaction":{"idSuffix":"I"}},"clearTextFirst":true,"interactionType":"ENTER_TEXT"}]}
RESULT: {"script":"<script> [776 bytes]","args":[{"enterText":"A1-000100-01","selector":{"controlType":"sap.m.SearchField","properties":{"placeholder":"Search"},"searchOpenDialogs":true,"interaction":{"idSuffix":"I"}},"clearTextFirst":true,"interactionType":"ENTER_TEXT"}]}
COMMAND: POST /session/b65fc9896dbbad70d7119bd0d8ca6151/actions - {"actions":[{"id":"action66","type":"key","parameters":{},"actions":[{"type":"keyDown","value":""},{"type":"pause","duration":10},{"type":"keyUp","value":""}]}]}
RESULT: {"actions":[{"id":"action66","type":"key","parameters":{},"actions":[{"type":"keyDown","value":""},{"type":"pause","duration":10},{"type":"keyUp","value":""}]}]}
COMMAND: GET /session/b65fc9896dbbad70d7119bd0d8ca6151/screenshot - {}
RESULT: {}
COMMAND: POST /session/b65fc9896dbbad70d7119bd0d8ca6151/element - {"using":"xpath","value":"//span[contains(text(), \"Template for ETO-Process\")]"}
RESULT: {"using":"xpath","value":"//span[contains(text(), \"Template for ETO-Process\")]"}
COMMAND: POST /session/b65fc9896dbbad70d7119bd0d8ca6151/element/f.B1DE806DB4DF8D130682F5CACC3F0FDB.d.45007BE9817D160BD19F8D973246962A.e.12035/click - {}
RESULT: {}
COMMAND: GET /session/b65fc9896dbbad70d7119bd0d8ca6151/screenshot - {}
RESULT: {}
COMMAND: POST /session/b65fc9896dbbad70d7119bd0d8ca6151/element - {"using":"xpath","value":"//bdi[contains(text(), \"OK\")]"}
RESULT: {"using":"xpath","value":"//bdi[contains(text(), \"OK\")]"}
COMMAND: POST /session/b65fc9896dbbad70d7119bd0d8ca6151/element/f.B1DE806DB4DF8D130682F5CACC3F0FDB.d.45007BE9817D160BD19F8D973246962A.e.12036/click - {}
RESULT: {}
COMMAND: GET /session/b65fc9896dbbad70d7119bd0d8ca6151/screenshot - {}
RESULT: {}
COMMAND: POST /session/b65fc9896dbbad70d7119bd0d8ca6151/element - {"using":"xpath","value":"//input[@id=\"application-managesites-display-component---NewSite--addressDetailDetailsYard-inner\"]"}
RESULT: {"using":"xpath","value":"//input[@id=\"application-managesites-display-component---NewSite--addressDetailDetailsYard-inner\"]"}
COMMAND: POST /session/b65fc9896dbbad70d7119bd0d8ca6151/element/f.B1DE806DB4DF8D130682F5CACC3F0FDB.d.45007BE9817D160BD19F8D973246962A.e.11844/value - {"text":"WebdriverYardgn6a8"}
RESULT: {"text":"WebdriverYardgn6a8"}
COMMAND: GET /session/b65fc9896dbbad70d7119bd0d8ca6151/screenshot - {}
RESULT: {}
COMMAND: POST /session/b65fc9896dbbad70d7119bd0d8ca6151/actions - {"actions":[{"id":"action67","type":"key","parameters":{},"actions":[{"type":"keyDown","value":""},{"type":"pause","duration":10},{"type":"keyUp","value":""}]}]}
RESULT: {"actions":[{"id":"action67","type":"key","parameters":{},"actions":[{"type":"keyDown","value":""},{"type":"pause","duration":10},{"type":"keyUp","value":""}]}]}
COMMAND: GET /session/b65fc9896dbbad70d7119bd0d8ca6151/screenshot - {}
RESULT: {}
COMMAND: POST /session/b65fc9896dbbad70d7119bd0d8ca6151/element - {"using":"xpath","value":"//input[@id=\"application-managesites-display-component---NewSite--addressDetailDetailsPartner-inner\"]"}
RESULT: {"using":"xpath","value":"//input[@id=\"application-managesites-display-component---NewSite--addressDetailDetailsPartner-inner\"]"}
COMMAND: POST /session/b65fc9896dbbad70d7119bd0d8ca6151/elements - {"using":"xpath","value":"//input[@id=\"application-managesites-display-component---NewSite--addressDetailDetailsPartner-inner\"]"}
RESULT: {"using":"xpath","value":"//input[@id=\"application-managesites-display-component---NewSite--addressDetailDetailsPartner-inner\"]"}
COMMAND: POST /session/b65fc9896dbbad70d7119bd0d8ca6151/execute/async - {"script":"<script> [1562 bytes]","args":[{"selector":{"controlType":"sap.m.Button","viewName":"etm.portal.ui.managesites.view.NewSmartSite","viewId":"application-managesites-display-component---NewSite","properties":{"text":"Commercial"},"interaction":{"idSuffix":"BDI-content"}},"wdio_ui5_key":"etmportal.ui.managesites.view.NewSmartSitesap.m.Button{\"text\":\"Commercial\"}"}]}
RESULT: {"script":"<script> [1562 bytes]","args":[{"selector":{"controlType":"sap.m.Button","viewName":"etm.portal.ui.managesites.view.NewSmartSite","viewId":"application-managesites-display-component---NewSite","properties":{"text":"Commercial"},"interaction":{"idSuffix":"BDI-content"}},"wdio_ui5_key":"etmportal.ui.managesites.view.NewSmartSitesap.m.Button{\"text\":\"Commercial\"}"}]}
RESULT: undefined
COMMAND: POST /session/b65fc9896dbbad70d7119bd0d8ca6151/element - {"using":"xpath","value":"//*[@id=\"application-managesites-display-component---NewSite--ObjectPageLayout-anchBar-__section31-anchor\"]"}
RESULT: {"using":"xpath","value":"//*[@id=\"application-managesites-display-component---NewSite--ObjectPageLayout-anchBar-__section31-anchor\"]"}
COMMAND: POST /session/b65fc9896dbbad70d7119bd0d8ca6151/element/f.B1DE806DB4DF8D130682F5CACC3F0FDB.d.45007BE9817D160BD19F8D973246962A.e.12043/click - {}
RESULT: {}
COMMAND: POST /session/b65fc9896dbbad70d7119bd0d8ca6151/execute/async - {"script":"<script> [1562 bytes]","args":[{"selector":{"controlType":"sap.m.Button","viewName":"etm.portal.ui.managesites.view.NewSmartSite","viewId":"application-managesites-display-component---NewSite","i18NText":{"propertyName":"text","key":"save"},"interaction":{"idSuffix":"BDI-content"}},"wdio_ui5_key":"etmportal.ui.managesites.view.NewSmartSitesap.m.Button{\"propertyName\":\"text\",\"key\":\"save\"}"}]}
COMMAND: GET /session/b65fc9896dbbad70d7119bd0d8ca6151/screenshot - {}
RESULT: {"script":"<script> [1562 bytes]","args":[{"selector":{"controlType":"sap.m.Button","viewName":"etm.portal.ui.managesites.view.NewSmartSite","viewId":"application-managesites-display-component---NewSite","i18NText":{"propertyName":"text","key":"save"},"interaction":{"idSuffix":"BDI-content"}},"wdio_ui5_key":"etmportal.ui.managesites.view.NewSmartSitesap.m.Button{\"propertyName\":\"text\",\"key\":\"save\"}"}]}
RESULT: undefined
COMMAND: POST /session/b65fc9896dbbad70d7119bd0d8ca6151/element - {"using":"xpath","value":"//*[@id=\"__button64\"]"}
RESULT: {}
RESULT: {"using":"xpath","value":"//*[@id=\"__button64\"]"}
COMMAND: POST /session/b65fc9896dbbad70d7119bd0d8ca6151/element/f.B1DE806DB4DF8D130682F5CACC3F0FDB.d.45007BE9817D160BD19F8D973246962A.e.11984/click - {}
RESULT: {}
COMMAND: GET /session/b65fc9896dbbad70d7119bd0d8ca6151/screenshot - {}
RESULT: {}
COMMAND: POST /session/b65fc9896dbbad70d7119bd0d8ca6151/execute/async - {"script":"<script> [1562 bytes]","args":[{"selector":{"id":"application-managesites-display-component---detailSite--addressDetailDetailsYardText"},"wdio_ui5_key":"applicationmanagesites-display-component---detailSite--addressDetailDetailsYardText"}]}
RESULT: {"script":"<script> [1562 bytes]","args":[{"selector":{"id":"application-managesites-display-component---detailSite--addressDetailDetailsYardText"},"wdio_ui5_key":"applicationmanagesites-display-component---detailSite--addressDetailDetailsYardText"}]}
RESULT: undefined
COMMAND: POST /session/b65fc9896dbbad70d7119bd0d8ca6151/element - {"using":"xpath","value":"//header/div/div[2]/div[2]/span"}
RESULT: {"using":"xpath","value":"//header/div/div[2]/div[2]/span"}
COMMAND: GET /session/b65fc9896dbbad70d7119bd0d8ca6151/element/f.B1DE806DB4DF8D130682F5CACC3F0FDB.d.45007BE9817D160BD19F8D973246962A.e.12249/text - {}
RESULT: {}
COMMAND: POST /session/b65fc9896dbbad70d7119bd0d8ca6151/element - {"using":"xpath","value":"//header/div/div/div/div/div/div[2]/div/span"}
RESULT: {"using":"xpath","value":"//header/div/div/div/div/div/div[2]/div/span"}
COMMAND: GET /session/b65fc9896dbbad70d7119bd0d8ca6151/element/f.B1DE806DB4DF8D130682F5CACC3F0FDB.d.45007BE9817D160BD19F8D973246962A.e.12250/text - {}
RESULT: {}
COMMAND: POST /session/b65fc9896dbbad70d7119bd0d8ca6151/element - {"using":"css selector","value":"#shell-header-logo"}
RESULT: {"using":"css selector","value":"#shell-header-logo"}
COMMAND: POST /session/b65fc9896dbbad70d7119bd0d8ca6151/element/f.B1DE806DB4DF8D130682F5CACC3F0FDB.d.45007BE9817D160BD19F8D973246962A.e.11387/click - {}
RESULT: {}
COMMAND: GET /session/b65fc9896dbbad70d7119bd0d8ca6151/screenshot - {}
RESULT: {}
]]></system-out>
    </testcase>
    <testcase classname="chrome.137_0_7151_69.windows.E2E_-_Logistical_and_commercial_statuses" name="It should stock increase the resource" time="207.438">
      <system-out><![CDATA[
COMMAND: POST /session/b65fc9896dbbad70d7119bd0d8ca6151/execute/async - {"script":"<script> [1562 bytes]","args":[{"selector":{"controlType":"sap.m.GenericTile","properties":{"header":"Manage Resources"}},"wdio_ui5_key":"sapm.GenericTile{\"header\":\"Manage Resources\"}"}]}
RESULT: {"script":"<script> [1562 bytes]","args":[{"selector":{"controlType":"sap.m.GenericTile","properties":{"header":"Manage Resources"}},"wdio_ui5_key":"sapm.GenericTile{\"header\":\"Manage Resources\"}"}]}
RESULT: undefined
COMMAND: POST /session/b65fc9896dbbad70d7119bd0d8ca6151/element - {"using":"xpath","value":"//*[@id=\"__tile40\"]"}
RESULT: {"using":"xpath","value":"//*[@id=\"__tile40\"]"}
COMMAND: POST /session/b65fc9896dbbad70d7119bd0d8ca6151/element/f.B1DE806DB4DF8D130682F5CACC3F0FDB.d.45007BE9817D160BD19F8D973246962A.e.12252/click - {}
RESULT: {}
COMMAND: GET /session/b65fc9896dbbad70d7119bd0d8ca6151/screenshot - {}
RESULT: {}
COMMAND: POST /session/b65fc9896dbbad70d7119bd0d8ca6151/elements - {"using":"xpath","value":"//span[text()='Error']"}
RESULT: {"using":"xpath","value":"//span[text()='Error']"}
COMMAND: POST /session/b65fc9896dbbad70d7119bd0d8ca6151/element - {"using":"xpath","value":"//button[@data-kt=\"addNewRUOverflowToolbarButton\"]"}
RESULT: {"using":"xpath","value":"//button[@data-kt=\"addNewRUOverflowToolbarButton\"]"}
COMMAND: POST /session/b65fc9896dbbad70d7119bd0d8ca6151/execute/sync - {"script":"<script> [8489 bytes]","args":[{"element-6066-11e4-a52e-4f735466cecf":"f.B1DE806DB4DF8D130682F5CACC3F0FDB.d.45007BE9817D160BD19F8D973246962A.e.12294","ELEMENT":"f.B1DE806DB4DF8D130682F5CACC3F0FDB.d.45007BE9817D160BD19F8D973246962A.e.12294"}]}
RESULT: {"script":"<script> [8489 bytes]","args":[{"element-6066-11e4-a52e-4f735466cecf":"f.B1DE806DB4DF8D130682F5CACC3F0FDB.d.45007BE9817D160BD19F8D973246962A.e.12294","ELEMENT":"f.B1DE806DB4DF8D130682F5CACC3F0FDB.d.45007BE9817D160BD19F8D973246962A.e.12294"}]}
COMMAND: POST /session/b65fc9896dbbad70d7119bd0d8ca6151/element/f.B1DE806DB4DF8D130682F5CACC3F0FDB.d.45007BE9817D160BD19F8D973246962A.e.12294/click - {}
COMMAND: GET /session/b65fc9896dbbad70d7119bd0d8ca6151/screenshot - {}
RESULT: {}
COMMAND: POST /session/b65fc9896dbbad70d7119bd0d8ca6151/execute/async - {"script":"<script> [1562 bytes]","args":[{"selector":{"id":"application-manageresources-display-component---newResourceUnit--TYPE-arrow"},"wdio_ui5_key":"applicationmanageresources-display-component---newResourceUnit--TYPE-arrow"}]}
COMMAND: GET /session/b65fc9896dbbad70d7119bd0d8ca6151/screenshot - {}
RESULT: {}
RESULT: {"script":"<script> [1562 bytes]","args":[{"selector":{"id":"application-manageresources-display-component---newResourceUnit--TYPE-arrow"},"wdio_ui5_key":"applicationmanageresources-display-component---newResourceUnit--TYPE-arrow"}]}
RESULT: undefined
COMMAND: POST /session/b65fc9896dbbad70d7119bd0d8ca6151/element - {"using":"xpath","value":"//*[@id=\"application-manageresources-display-component---newResourceUnit--TYPE-arrow\"]"}
RESULT: {}
RESULT: {"using":"xpath","value":"//*[@id=\"application-manageresources-display-component---newResourceUnit--TYPE-arrow\"]"}
COMMAND: POST /session/b65fc9896dbbad70d7119bd0d8ca6151/element/f.B1DE806DB4DF8D130682F5CACC3F0FDB.d.45007BE9817D160BD19F8D973246962A.e.12624/click - {}
RESULT: {}
COMMAND: POST /session/b65fc9896dbbad70d7119bd0d8ca6151/execute/async - {"script":"<script> [1562 bytes]","args":[{"selector":{"controlType":"sap.m.StandardListItem","viewName":"reusables.view.manageresources.NewResourceUnit","viewId":"application-manageresources-display-component---newResourceUnit","properties":{"title":"Material"},"searchOpenDialogs":true,"interaction":{"idSuffix":"titleText"}},"wdio_ui5_key":"reusablesview.manageresources.NewResourceUnitsap.m.StandardListItem{\"title\":\"Material\"}"}]}
COMMAND: GET /session/b65fc9896dbbad70d7119bd0d8ca6151/screenshot - {}
RESULT: {"script":"<script> [1562 bytes]","args":[{"selector":{"controlType":"sap.m.StandardListItem","viewName":"reusables.view.manageresources.NewResourceUnit","viewId":"application-manageresources-display-component---newResourceUnit","properties":{"title":"Material"},"searchOpenDialogs":true,"interaction":{"idSuffix":"titleText"}},"wdio_ui5_key":"reusablesview.manageresources.NewResourceUnitsap.m.StandardListItem{\"title\":\"Material\"}"}]}
RESULT: undefined
COMMAND: POST /session/b65fc9896dbbad70d7119bd0d8ca6151/element - {"using":"xpath","value":"//*[@id=\"__item852\"]"}
RESULT: {}
RESULT: {"using":"xpath","value":"//*[@id=\"__item852\"]"}
COMMAND: POST /session/b65fc9896dbbad70d7119bd0d8ca6151/element/f.B1DE806DB4DF8D130682F5CACC3F0FDB.d.45007BE9817D160BD19F8D973246962A.e.12627/click - {}
RESULT: {}
COMMAND: POST /session/b65fc9896dbbad70d7119bd0d8ca6151/execute/async - {"script":"<script> [1562 bytes]","args":[{"selector":{"id":"application-manageresources-display-component---newResourceUnit--SHORT_TEXT","interaction":{"idSuffix":"inner"}},"wdio_ui5_key":"applicationmanageresources-display-component---newResourceUnit--SHORT_TEXT"}]}
COMMAND: GET /session/b65fc9896dbbad70d7119bd0d8ca6151/screenshot - {}
RESULT: undefined
RESULT: undefined
RESULT: {"script":"<script> [1562 bytes]","args":[{"selector":{"id":"application-manageresources-display-component---newResourceUnit--SHORT_TEXT","interaction":{"idSuffix":"inner"}},"wdio_ui5_key":"applicationmanageresources-display-component---newResourceUnit--SHORT_TEXT"}]}
RESULT: undefined
COMMAND: POST /session/b65fc9896dbbad70d7119bd0d8ca6151/execute/async - {"script":"<script> [776 bytes]","args":[{"enterText":"WebdriverMatTestknef9","selector":{"id":"application-manageresources-display-component---newResourceUnit--SHORT_TEXT","interaction":{"idSuffix":"inner"}},"clearTextFirst":true,"interactionType":"ENTER_TEXT"}]}
RESULT: {}
RESULT: {"script":"<script> [776 bytes]","args":[{"enterText":"WebdriverMatTestknef9","selector":{"id":"application-manageresources-display-component---newResourceUnit--SHORT_TEXT","interaction":{"idSuffix":"inner"}},"clearTextFirst":true,"interactionType":"ENTER_TEXT"}]}
COMMAND: POST /session/b65fc9896dbbad70d7119bd0d8ca6151/execute/async - {"script":"<script> [1562 bytes]","args":[{"selector":{"id":"application-manageresources-display-component---newResourceUnit--BASE_UNIT_OF_MEASURE-arrow"},"wdio_ui5_key":"applicationmanageresources-display-component---newResourceUnit--BASE_UNIT_OF_MEASURE-arrow"}]}
RESULT: {"script":"<script> [1562 bytes]","args":[{"selector":{"id":"application-manageresources-display-component---newResourceUnit--BASE_UNIT_OF_MEASURE-arrow"},"wdio_ui5_key":"applicationmanageresources-display-component---newResourceUnit--BASE_UNIT_OF_MEASURE-arrow"}]}
RESULT: undefined
COMMAND: POST /session/b65fc9896dbbad70d7119bd0d8ca6151/element - {"using":"xpath","value":"//*[@id=\"application-manageresources-display-component---newResourceUnit--BASE_UNIT_OF_MEASURE-arrow\"]"}
RESULT: {"using":"xpath","value":"//*[@id=\"application-manageresources-display-component---newResourceUnit--BASE_UNIT_OF_MEASURE-arrow\"]"}
COMMAND: POST /session/b65fc9896dbbad70d7119bd0d8ca6151/element/f.B1DE806DB4DF8D130682F5CACC3F0FDB.d.45007BE9817D160BD19F8D973246962A.e.12749/click - {}
RESULT: {}
COMMAND: POST /session/b65fc9896dbbad70d7119bd0d8ca6151/execute/async - {"script":"<script> [1562 bytes]","args":[{"selector":{"controlType":"sap.m.StandardListItem","viewName":"reusables.view.manageresources.NewResourceUnit","viewId":"application-manageresources-display-component---newResourceUnit","properties":{"title":"Piece"},"searchOpenDialogs":true,"interaction":{"idSuffix":"titleText"}},"wdio_ui5_key":"reusablesview.manageresources.NewResourceUnitsap.m.StandardListItem{\"title\":\"Piece\"}"}]}
COMMAND: GET /session/b65fc9896dbbad70d7119bd0d8ca6151/screenshot - {}
RESULT: {"script":"<script> [1562 bytes]","args":[{"selector":{"controlType":"sap.m.StandardListItem","viewName":"reusables.view.manageresources.NewResourceUnit","viewId":"application-manageresources-display-component---newResourceUnit","properties":{"title":"Piece"},"searchOpenDialogs":true,"interaction":{"idSuffix":"titleText"}},"wdio_ui5_key":"reusablesview.manageresources.NewResourceUnitsap.m.StandardListItem{\"title\":\"Piece\"}"}]}
RESULT: undefined
COMMAND: POST /session/b65fc9896dbbad70d7119bd0d8ca6151/element - {"using":"xpath","value":"//*[@id=\"__item905\"]"}
RESULT: {}
RESULT: {"using":"xpath","value":"//*[@id=\"__item905\"]"}
COMMAND: POST /session/b65fc9896dbbad70d7119bd0d8ca6151/element/f.B1DE806DB4DF8D130682F5CACC3F0FDB.d.45007BE9817D160BD19F8D973246962A.e.12751/click - {}
RESULT: {}
COMMAND: POST /session/b65fc9896dbbad70d7119bd0d8ca6151/element - {"using":"xpath","value":"//input[contains(@id ,\"application-manageresources-display-component---newResourceUnit--SHORT_TEXT-inner\")]"}
COMMAND: GET /session/b65fc9896dbbad70d7119bd0d8ca6151/screenshot - {}
RESULT: {"using":"xpath","value":"//input[contains(@id ,\"application-manageresources-display-component---newResourceUnit--SHORT_TEXT-inner\")]"}
COMMAND: GET /session/b65fc9896dbbad70d7119bd0d8ca6151/element/f.B1DE806DB4DF8D130682F5CACC3F0FDB.d.45007BE9817D160BD19F8D973246962A.e.12644/property/value - {}
RESULT: {}
RESULT: {}
COMMAND: POST /session/b65fc9896dbbad70d7119bd0d8ca6151/execute/async - {"script":"<script> [1562 bytes]","args":[{"selector":{"id":"application-manageresources-display-component---newResourceUnit--WEIGHT_UNIT-arrow"},"wdio_ui5_key":"applicationmanageresources-display-component---newResourceUnit--WEIGHT_UNIT-arrow"}]}
COMMAND: GET /session/b65fc9896dbbad70d7119bd0d8ca6151/screenshot - {}
RESULT: {"script":"<script> [1562 bytes]","args":[{"selector":{"id":"application-manageresources-display-component---newResourceUnit--WEIGHT_UNIT-arrow"},"wdio_ui5_key":"applicationmanageresources-display-component---newResourceUnit--WEIGHT_UNIT-arrow"}]}
RESULT: undefined
COMMAND: POST /session/b65fc9896dbbad70d7119bd0d8ca6151/element - {"using":"xpath","value":"//*[@id=\"application-manageresources-display-component---newResourceUnit--WEIGHT_UNIT-arrow\"]"}
RESULT: {}
RESULT: {"using":"xpath","value":"//*[@id=\"application-manageresources-display-component---newResourceUnit--WEIGHT_UNIT-arrow\"]"}
COMMAND: POST /session/b65fc9896dbbad70d7119bd0d8ca6151/element/f.B1DE806DB4DF8D130682F5CACC3F0FDB.d.45007BE9817D160BD19F8D973246962A.e.12752/click - {}
RESULT: {}
COMMAND: POST /session/b65fc9896dbbad70d7119bd0d8ca6151/execute/async - {"script":"<script> [1562 bytes]","args":[{"selector":{"controlType":"sap.m.StandardListItem","viewName":"reusables.view.manageresources.NewResourceUnit","viewId":"application-manageresources-display-component---newResourceUnit","properties":{"title":"Gram"},"searchOpenDialogs":true,"interaction":{"idSuffix":"content"}},"wdio_ui5_key":"reusablesview.manageresources.NewResourceUnitsap.m.StandardListItem{\"title\":\"Gram\"}"}]}
COMMAND: GET /session/b65fc9896dbbad70d7119bd0d8ca6151/screenshot - {}
RESULT: {"script":"<script> [1562 bytes]","args":[{"selector":{"controlType":"sap.m.StandardListItem","viewName":"reusables.view.manageresources.NewResourceUnit","viewId":"application-manageresources-display-component---newResourceUnit","properties":{"title":"Gram"},"searchOpenDialogs":true,"interaction":{"idSuffix":"content"}},"wdio_ui5_key":"reusablesview.manageresources.NewResourceUnitsap.m.StandardListItem{\"title\":\"Gram\"}"}]}
RESULT: undefined
COMMAND: POST /session/b65fc9896dbbad70d7119bd0d8ca6151/element - {"using":"xpath","value":"//*[@id=\"__item970\"]"}
RESULT: {}
RESULT: {"using":"xpath","value":"//*[@id=\"__item970\"]"}
COMMAND: POST /session/b65fc9896dbbad70d7119bd0d8ca6151/element/f.B1DE806DB4DF8D130682F5CACC3F0FDB.d.45007BE9817D160BD19F8D973246962A.e.12754/click - {}
RESULT: {}
COMMAND: POST /session/b65fc9896dbbad70d7119bd0d8ca6151/execute/async - {"script":"<script> [1562 bytes]","args":[{"selector":{"id":"application-manageresources-display-component---newResourceUnit--newRRUPage-OPHeaderContent-collapseBtn-img"},"wdio_ui5_key":"applicationmanageresources-display-component---newResourceUnit--newRRUPage-OPHeaderContent-collapseBtn-img"}]}
COMMAND: GET /session/b65fc9896dbbad70d7119bd0d8ca6151/screenshot - {}
RESULT: {"script":"<script> [1562 bytes]","args":[{"selector":{"id":"application-manageresources-display-component---newResourceUnit--newRRUPage-OPHeaderContent-collapseBtn-img"},"wdio_ui5_key":"applicationmanageresources-display-component---newResourceUnit--newRRUPage-OPHeaderContent-collapseBtn-img"}]}
RESULT: undefined
COMMAND: POST /session/b65fc9896dbbad70d7119bd0d8ca6151/element - {"using":"xpath","value":"//*[@id=\"application-manageresources-display-component---newResourceUnit--newRRUPage-OPHeaderContent-collapseBtn-img\"]"}
RESULT: {}
RESULT: {"using":"xpath","value":"//*[@id=\"application-manageresources-display-component---newResourceUnit--newRRUPage-OPHeaderContent-collapseBtn-img\"]"}
COMMAND: POST /session/b65fc9896dbbad70d7119bd0d8ca6151/element/f.B1DE806DB4DF8D130682F5CACC3F0FDB.d.45007BE9817D160BD19F8D973246962A.e.12634/click - {}
RESULT: {}
COMMAND: GET /session/b65fc9896dbbad70d7119bd0d8ca6151/screenshot - {}
RESULT: {}
COMMAND: POST /session/b65fc9896dbbad70d7119bd0d8ca6151/element - {"using":"xpath","value":"(//span[contains(@id ,\"application-manageresources-display-component---newResourceUnit--DIMENSION_UNIT-arrow\")])[1]"}
RESULT: {"using":"xpath","value":"(//span[contains(@id ,\"application-manageresources-display-component---newResourceUnit--DIMENSION_UNIT-arrow\")])[1]"}
COMMAND: POST /session/b65fc9896dbbad70d7119bd0d8ca6151/element/f.B1DE806DB4DF8D130682F5CACC3F0FDB.d.45007BE9817D160BD19F8D973246962A.e.12758/click - {}
RESULT: {}
COMMAND: GET /session/b65fc9896dbbad70d7119bd0d8ca6151/screenshot - {}
RESULT: {}
COMMAND: POST /session/b65fc9896dbbad70d7119bd0d8ca6151/execute/async - {"script":"<script> [1562 bytes]","args":[{"selector":{"controlType":"sap.m.StandardListItem","viewName":"reusables.view.manageresources.NewResourceUnit","viewId":"application-manageresources-display-component---newResourceUnit","properties":{"title":"Centimeter"},"searchOpenDialogs":true,"interaction":{"idSuffix":"titleText"}},"wdio_ui5_key":"reusablesview.manageresources.NewResourceUnitsap.m.StandardListItem{\"title\":\"Centimeter\"}"}]}
RESULT: {"script":"<script> [1562 bytes]","args":[{"selector":{"controlType":"sap.m.StandardListItem","viewName":"reusables.view.manageresources.NewResourceUnit","viewId":"application-manageresources-display-component---newResourceUnit","properties":{"title":"Centimeter"},"searchOpenDialogs":true,"interaction":{"idSuffix":"titleText"}},"wdio_ui5_key":"reusablesview.manageresources.NewResourceUnitsap.m.StandardListItem{\"title\":\"Centimeter\"}"}]}
RESULT: undefined
COMMAND: POST /session/b65fc9896dbbad70d7119bd0d8ca6151/element - {"using":"xpath","value":"//*[@id=\"__item973\"]"}
RESULT: {"using":"xpath","value":"//*[@id=\"__item973\"]"}
COMMAND: POST /session/b65fc9896dbbad70d7119bd0d8ca6151/element/f.B1DE806DB4DF8D130682F5CACC3F0FDB.d.45007BE9817D160BD19F8D973246962A.e.12762/click - {}
RESULT: {}
COMMAND: POST /session/b65fc9896dbbad70d7119bd0d8ca6151/execute/async - {"script":"<script> [1562 bytes]","args":[{"selector":{"id":"application-manageresources-display-component---newResourceUnit--newRRUPage-anchBar-application-manageresources-display-component---newResourceUnit--reference-anchor","interaction":{"idSuffix":"BDI-content"}},"wdio_ui5_key":"applicationmanageresources-display-component---newResourceUnit--newRRUPage-anchBar-application-manageresources-display-component---newResourceUnit--reference-anchor"}]}
COMMAND: GET /session/b65fc9896dbbad70d7119bd0d8ca6151/screenshot - {}
RESULT: {"script":"<script> [1562 bytes]","args":[{"selector":{"id":"application-manageresources-display-component---newResourceUnit--newRRUPage-anchBar-application-manageresources-display-component---newResourceUnit--reference-anchor","interaction":{"idSuffix":"BDI-content"}},"wdio_ui5_key":"applicationmanageresources-display-component---newResourceUnit--newRRUPage-anchBar-application-manageresources-display-component---newResourceUnit--reference-anchor"}]}
RESULT: undefined
COMMAND: POST /session/b65fc9896dbbad70d7119bd0d8ca6151/element - {"using":"xpath","value":"//*[@id=\"application-manageresources-display-component---newResourceUnit--newRRUPage-anchBar-application-manageresources-display-component---newResourceUnit--reference-anchor\"]"}
RESULT: {}
RESULT: {"using":"xpath","value":"//*[@id=\"application-manageresources-display-component---newResourceUnit--newRRUPage-anchBar-application-manageresources-display-component---newResourceUnit--reference-anchor\"]"}
COMMAND: POST /session/b65fc9896dbbad70d7119bd0d8ca6151/element/f.B1DE806DB4DF8D130682F5CACC3F0FDB.d.45007BE9817D160BD19F8D973246962A.e.12764/click - {}
RESULT: {}
COMMAND: POST /session/b65fc9896dbbad70d7119bd0d8ca6151/execute/async - {"script":"<script> [1562 bytes]","args":[{"selector":{"id":"application-manageresources-display-component---newResourceUnit--PLANNING_GROUP-arrow"},"wdio_ui5_key":"applicationmanageresources-display-component---newResourceUnit--PLANNING_GROUP-arrow"}]}
COMMAND: GET /session/b65fc9896dbbad70d7119bd0d8ca6151/screenshot - {}
RESULT: {"script":"<script> [1562 bytes]","args":[{"selector":{"id":"application-manageresources-display-component---newResourceUnit--PLANNING_GROUP-arrow"},"wdio_ui5_key":"applicationmanageresources-display-component---newResourceUnit--PLANNING_GROUP-arrow"}]}
RESULT: undefined
COMMAND: POST /session/b65fc9896dbbad70d7119bd0d8ca6151/element - {"using":"xpath","value":"//*[@id=\"application-manageresources-display-component---newResourceUnit--PLANNING_GROUP-arrow\"]"}
RESULT: {}
RESULT: {"using":"xpath","value":"//*[@id=\"application-manageresources-display-component---newResourceUnit--PLANNING_GROUP-arrow\"]"}
COMMAND: POST /session/b65fc9896dbbad70d7119bd0d8ca6151/element/f.B1DE806DB4DF8D130682F5CACC3F0FDB.d.45007BE9817D160BD19F8D973246962A.e.12768/click - {}
RESULT: {}
COMMAND: POST /session/b65fc9896dbbad70d7119bd0d8ca6151/execute/async - {"script":"<script> [1562 bytes]","args":[{"selector":{"controlType":"sap.m.StandardListItem","viewName":"reusables.view.manageresources.NewResourceUnit","viewId":"application-manageresources-display-component---newResourceUnit","properties":{"title":"Heavy Equi"},"searchOpenDialogs":true,"interaction":{"idSuffix":"content"}},"wdio_ui5_key":"reusablesview.manageresources.NewResourceUnitsap.m.StandardListItem{\"title\":\"Heavy Equi\"}"}]}
COMMAND: GET /session/b65fc9896dbbad70d7119bd0d8ca6151/screenshot - {}
RESULT: {"script":"<script> [1562 bytes]","args":[{"selector":{"controlType":"sap.m.StandardListItem","viewName":"reusables.view.manageresources.NewResourceUnit","viewId":"application-manageresources-display-component---newResourceUnit","properties":{"title":"Heavy Equi"},"searchOpenDialogs":true,"interaction":{"idSuffix":"content"}},"wdio_ui5_key":"reusablesview.manageresources.NewResourceUnitsap.m.StandardListItem{\"title\":\"Heavy Equi\"}"}]}
RESULT: undefined
COMMAND: POST /session/b65fc9896dbbad70d7119bd0d8ca6151/element - {"using":"xpath","value":"//*[@id=\"__item981\"]"}
RESULT: {}
RESULT: {"using":"xpath","value":"//*[@id=\"__item981\"]"}
COMMAND: POST /session/b65fc9896dbbad70d7119bd0d8ca6151/element/f.B1DE806DB4DF8D130682F5CACC3F0FDB.d.45007BE9817D160BD19F8D973246962A.e.12770/click - {}
RESULT: {}
COMMAND: GET /session/b65fc9896dbbad70d7119bd0d8ca6151/screenshot - {}
RESULT: {}
COMMAND: POST /session/b65fc9896dbbad70d7119bd0d8ca6151/execute/async - {"script":"<script> [1562 bytes]","args":[{"selector":{"id":"application-manageresources-display-component---newResourceUnit--PLANNING_INDICATOR-arrow"},"wdio_ui5_key":"applicationmanageresources-display-component---newResourceUnit--PLANNING_INDICATOR-arrow"}]}
RESULT: {"script":"<script> [1562 bytes]","args":[{"selector":{"id":"application-manageresources-display-component---newResourceUnit--PLANNING_INDICATOR-arrow"},"wdio_ui5_key":"applicationmanageresources-display-component---newResourceUnit--PLANNING_INDICATOR-arrow"}]}
RESULT: undefined
COMMAND: POST /session/b65fc9896dbbad70d7119bd0d8ca6151/element - {"using":"xpath","value":"//*[@id=\"application-manageresources-display-component---newResourceUnit--PLANNING_INDICATOR-arrow\"]"}
RESULT: {"using":"xpath","value":"//*[@id=\"application-manageresources-display-component---newResourceUnit--PLANNING_INDICATOR-arrow\"]"}
COMMAND: POST /session/b65fc9896dbbad70d7119bd0d8ca6151/element/f.B1DE806DB4DF8D130682F5CACC3F0FDB.d.45007BE9817D160BD19F8D973246962A.e.12771/click - {}
RESULT: {}
COMMAND: POST /session/b65fc9896dbbad70d7119bd0d8ca6151/execute/async - {"script":"<script> [1562 bytes]","args":[{"selector":{"controlType":"sap.m.StandardListItem","viewName":"reusables.view.manageresources.NewResourceUnit","viewId":"application-manageresources-display-component---newResourceUnit","properties":{"title":"10 - infinite"},"searchOpenDialogs":true,"interaction":{"idSuffix":"content"}},"wdio_ui5_key":"reusablesview.manageresources.NewResourceUnitsap.m.StandardListItem{\"title\":\"10 - infinite\"}"}]}
COMMAND: GET /session/b65fc9896dbbad70d7119bd0d8ca6151/screenshot - {}
RESULT: {"script":"<script> [1562 bytes]","args":[{"selector":{"controlType":"sap.m.StandardListItem","viewName":"reusables.view.manageresources.NewResourceUnit","viewId":"application-manageresources-display-component---newResourceUnit","properties":{"title":"10 - infinite"},"searchOpenDialogs":true,"interaction":{"idSuffix":"content"}},"wdio_ui5_key":"reusablesview.manageresources.NewResourceUnitsap.m.StandardListItem{\"title\":\"10 - infinite\"}"}]}
RESULT: undefined
COMMAND: POST /session/b65fc9896dbbad70d7119bd0d8ca6151/element - {"using":"xpath","value":"//*[@id=\"__item991\"]"}
RESULT: {}
RESULT: {"using":"xpath","value":"//*[@id=\"__item991\"]"}
COMMAND: POST /session/b65fc9896dbbad70d7119bd0d8ca6151/element/f.B1DE806DB4DF8D130682F5CACC3F0FDB.d.45007BE9817D160BD19F8D973246962A.e.12773/click - {}
RESULT: {}
COMMAND: GET /session/b65fc9896dbbad70d7119bd0d8ca6151/screenshot - {}
RESULT: {}
COMMAND: POST /session/b65fc9896dbbad70d7119bd0d8ca6151/element - {"using":"xpath","value":"//bdi[contains(text(), \"Time Segment\")]"}
RESULT: {"using":"xpath","value":"//bdi[contains(text(), \"Time Segment\")]"}
COMMAND: GET /session/b65fc9896dbbad70d7119bd0d8ca6151/element/f.B1DE806DB4DF8D130682F5CACC3F0FDB.d.45007BE9817D160BD19F8D973246962A.e.12774/rect - {}
RESULT: {}
COMMAND: GET /session/b65fc9896dbbad70d7119bd0d8ca6151/window/rect - {}
RESULT: {}
COMMAND: POST /session/b65fc9896dbbad70d7119bd0d8ca6151/execute/sync - {"script":"<script> [92 bytes]","args":[]}
RESULT: {"script":"<script> [92 bytes]","args":[]}
COMMAND: POST /session/b65fc9896dbbad70d7119bd0d8ca6151/actions - {"actions":[{"id":"action68","type":"wheel","parameters":{},"actions":[{"type":"scroll","x":-1820,"y":-21,"deltaX":0,"deltaY":0,"duration":0,"origin":{"element-6066-11e4-a52e-4f735466cecf":"f.B1DE806DB4DF8D130682F5CACC3F0FDB.d.45007BE9817D160BD19F8D973246962A.e.12774"}}]}]}
COMMAND: GET /session/b65fc9896dbbad70d7119bd0d8ca6151/screenshot - {}
RESULT: {}
COMMAND: POST /session/b65fc9896dbbad70d7119bd0d8ca6151/execute/sync - {"script":"<script> [79 bytes]","args":[{"element-6066-11e4-a52e-4f735466cecf":"f.B1DE806DB4DF8D130682F5CACC3F0FDB.d.45007BE9817D160BD19F8D973246962A.e.12774","ELEMENT":"f.B1DE806DB4DF8D130682F5CACC3F0FDB.d.45007BE9817D160BD19F8D973246962A.e.12774"},{"block":"start","inline":"nearest"}]}
RESULT: {"script":"<script> [79 bytes]","args":[{"element-6066-11e4-a52e-4f735466cecf":"f.B1DE806DB4DF8D130682F5CACC3F0FDB.d.45007BE9817D160BD19F8D973246962A.e.12774","ELEMENT":"f.B1DE806DB4DF8D130682F5CACC3F0FDB.d.45007BE9817D160BD19F8D973246962A.e.12774"},{"block":"start","inline":"nearest"}]}
COMMAND: GET /session/b65fc9896dbbad70d7119bd0d8ca6151/screenshot - {}
RESULT: {}
COMMAND: POST /session/b65fc9896dbbad70d7119bd0d8ca6151/element - {"using":"xpath","value":"//span[@id=\"application-manageresources-display-component---newResourceUnit--btnAddTimeSegment-img\"]"}
RESULT: {"using":"xpath","value":"//span[@id=\"application-manageresources-display-component---newResourceUnit--btnAddTimeSegment-img\"]"}
COMMAND: POST /session/b65fc9896dbbad70d7119bd0d8ca6151/execute/sync - {"script":"<script> [8489 bytes]","args":[{"element-6066-11e4-a52e-4f735466cecf":"f.B1DE806DB4DF8D130682F5CACC3F0FDB.d.45007BE9817D160BD19F8D973246962A.e.12777","ELEMENT":"f.B1DE806DB4DF8D130682F5CACC3F0FDB.d.45007BE9817D160BD19F8D973246962A.e.12777"}]}
RESULT: {"script":"<script> [8489 bytes]","args":[{"element-6066-11e4-a52e-4f735466cecf":"f.B1DE806DB4DF8D130682F5CACC3F0FDB.d.45007BE9817D160BD19F8D973246962A.e.12777","ELEMENT":"f.B1DE806DB4DF8D130682F5CACC3F0FDB.d.45007BE9817D160BD19F8D973246962A.e.12777"}]}
COMMAND: POST /session/b65fc9896dbbad70d7119bd0d8ca6151/element/f.B1DE806DB4DF8D130682F5CACC3F0FDB.d.45007BE9817D160BD19F8D973246962A.e.12777/click - {}
COMMAND: GET /session/b65fc9896dbbad70d7119bd0d8ca6151/screenshot - {}
RESULT: {}
COMMAND: GET /session/b65fc9896dbbad70d7119bd0d8ca6151/screenshot - {}
RESULT: {}
COMMAND: POST /session/b65fc9896dbbad70d7119bd0d8ca6151/element - {"using":"xpath","value":"//input[@id=\"application-manageresources-display-component---newResourceUnit--idRuTSAdmin-application-manageresources-display-component---newResourceUnit--RUTimeSegment-0-inner\"]"}
RESULT: {}
RESULT: {"using":"xpath","value":"//input[@id=\"application-manageresources-display-component---newResourceUnit--idRuTSAdmin-application-manageresources-display-component---newResourceUnit--RUTimeSegment-0-inner\"]"}
COMMAND: POST /session/b65fc9896dbbad70d7119bd0d8ca6151/element/f.B1DE806DB4DF8D130682F5CACC3F0FDB.d.45007BE9817D160BD19F8D973246962A.e.12780/clear - {}
RESULT: {}
COMMAND: POST /session/b65fc9896dbbad70d7119bd0d8ca6151/element/f.B1DE806DB4DF8D130682F5CACC3F0FDB.d.45007BE9817D160BD19F8D973246962A.e.12780/value - {"text":"WebdriverYardgn6a8"}
COMMAND: GET /session/b65fc9896dbbad70d7119bd0d8ca6151/screenshot - {}
RESULT: {"text":"WebdriverYardgn6a8"}
COMMAND: GET /session/b65fc9896dbbad70d7119bd0d8ca6151/screenshot - {}
RESULT: {}
RESULT: {}
COMMAND: POST /session/b65fc9896dbbad70d7119bd0d8ca6151/actions - {"actions":[{"id":"action69","type":"key","parameters":{},"actions":[{"type":"keyDown","value":""},{"type":"pause","duration":10},{"type":"keyUp","value":""}]}]}
RESULT: {"actions":[{"id":"action69","type":"key","parameters":{},"actions":[{"type":"keyDown","value":""},{"type":"pause","duration":10},{"type":"keyUp","value":""}]}]}
COMMAND: GET /session/b65fc9896dbbad70d7119bd0d8ca6151/screenshot - {}
RESULT: {}
COMMAND: POST /session/b65fc9896dbbad70d7119bd0d8ca6151/execute/async - {"script":"<script> [1562 bytes]","args":[{"selector":{"controlType":"sap.m.Button","viewName":"reusables.view.manageresources.NewResourceUnit","viewId":"application-manageresources-display-component---newResourceUnit","i18NText":{"propertyName":"tooltip","key":"save"},"interaction":{"idSuffix":"BDI-content"}},"wdio_ui5_key":"reusablesview.manageresources.NewResourceUnitsap.m.Button{\"propertyName\":\"tooltip\",\"key\":\"save\"}"}]}
RESULT: {"script":"<script> [1562 bytes]","args":[{"selector":{"controlType":"sap.m.Button","viewName":"reusables.view.manageresources.NewResourceUnit","viewId":"application-manageresources-display-component---newResourceUnit","i18NText":{"propertyName":"tooltip","key":"save"},"interaction":{"idSuffix":"BDI-content"}},"wdio_ui5_key":"reusablesview.manageresources.NewResourceUnitsap.m.Button{\"propertyName\":\"tooltip\",\"key\":\"save\"}"}]}
RESULT: undefined
COMMAND: POST /session/b65fc9896dbbad70d7119bd0d8ca6151/element - {"using":"xpath","value":"//*[@id=\"application-manageresources-display-component---newResourceUnit--createRuButton\"]"}
RESULT: {"using":"xpath","value":"//*[@id=\"application-manageresources-display-component---newResourceUnit--createRuButton\"]"}
COMMAND: POST /session/b65fc9896dbbad70d7119bd0d8ca6151/element/f.B1DE806DB4DF8D130682F5CACC3F0FDB.d.45007BE9817D160BD19F8D973246962A.e.12640/click - {}
RESULT: {}
COMMAND: GET /session/b65fc9896dbbad70d7119bd0d8ca6151/screenshot - {}
RESULT: {}
COMMAND: POST /session/b65fc9896dbbad70d7119bd0d8ca6151/execute/async - {"script":"<script> [1562 bytes]","args":[{"selector":{"controlType":"sap.m.Title","properties":{"text":"Success"},"searchOpenDialogs":true},"wdio_ui5_key":"sapm.Title{\"text\":\"Success\"}"}]}
RESULT: {"script":"<script> [1562 bytes]","args":[{"selector":{"controlType":"sap.m.Title","properties":{"text":"Success"},"searchOpenDialogs":true},"wdio_ui5_key":"sapm.Title{\"text\":\"Success\"}"}]}
RESULT: undefined
COMMAND: POST /session/b65fc9896dbbad70d7119bd0d8ca6151/execute/async - {"script":"<script> [6424 bytes]","args":[{"element-6066-11e4-a52e-4f735466cecf":"f.B1DE806DB4DF8D130682F5CACC3F0FDB.d.45007BE9817D160BD19F8D973246962A.e.12794"},"getText",[]]}
RESULT: {"script":"<script> [6424 bytes]","args":[{"element-6066-11e4-a52e-4f735466cecf":"f.B1DE806DB4DF8D130682F5CACC3F0FDB.d.45007BE9817D160BD19F8D973246962A.e.12794"},"getText",[]]}
COMMAND: POST /session/b65fc9896dbbad70d7119bd0d8ca6151/element - {"using":"xpath","value":"//*[contains(@id, '__text') and (contains(text(), 'successfully created') or contains(., 'successfully created'))]"}
RESULT: {"using":"xpath","value":"//*[contains(@id, '__text') and (contains(text(), 'successfully created') or contains(., 'successfully created'))]"}
COMMAND: GET /session/b65fc9896dbbad70d7119bd0d8ca6151/element/f.B1DE806DB4DF8D130682F5CACC3F0FDB.d.45007BE9817D160BD19F8D973246962A.e.12793/text - {}
RESULT: {}
COMMAND: POST /session/b65fc9896dbbad70d7119bd0d8ca6151/execute/async - {"script":"<script> [1562 bytes]","args":[{"selector":{"controlType":"sap.m.Button","properties":{"text":"Close"},"searchOpenDialogs":true,"interaction":{"idSuffix":"BDI-content"}},"wdio_ui5_key":"sapm.Button{\"text\":\"Close\"}"}]}
RESULT: {"script":"<script> [1562 bytes]","args":[{"selector":{"controlType":"sap.m.Button","properties":{"text":"Close"},"searchOpenDialogs":true,"interaction":{"idSuffix":"BDI-content"}},"wdio_ui5_key":"sapm.Button{\"text\":\"Close\"}"}]}
RESULT: undefined
COMMAND: POST /session/b65fc9896dbbad70d7119bd0d8ca6151/element - {"using":"xpath","value":"//*[@id=\"__mbox-btn-0\"]"}
RESULT: {"using":"xpath","value":"//*[@id=\"__mbox-btn-0\"]"}
COMMAND: POST /session/b65fc9896dbbad70d7119bd0d8ca6151/element/f.B1DE806DB4DF8D130682F5CACC3F0FDB.d.45007BE9817D160BD19F8D973246962A.e.12791/click - {}
RESULT: {}
COMMAND: GET /session/b65fc9896dbbad70d7119bd0d8ca6151/screenshot - {}
RESULT: {}
COMMAND: POST /session/b65fc9896dbbad70d7119bd0d8ca6151/execute/async - {"script":"<script> [1562 bytes]","args":[{"selector":{"controlType":"sap.ui.core.Icon","viewName":"etm.portal.ui.manageresources.view.Detail","viewId":"application-manageresources-display-component---detailRU","properties":{"src":{"regex":{"source":"overflow"}}}},"wdio_ui5_key":"etmportal.ui.manageresources.view.Detailsap.ui.core.Icon{\"src\":{\"regex\":{\"source\":\"overflow\"}}}"}]}
RESULT: {"script":"<script> [1562 bytes]","args":[{"selector":{"controlType":"sap.ui.core.Icon","viewName":"etm.portal.ui.manageresources.view.Detail","viewId":"application-manageresources-display-component---detailRU","properties":{"src":{"regex":{"source":"overflow"}}}},"wdio_ui5_key":"etmportal.ui.manageresources.view.Detailsap.ui.core.Icon{\"src\":{\"regex\":{\"source\":\"overflow\"}}}"}]}
RESULT: undefined
COMMAND: POST /session/b65fc9896dbbad70d7119bd0d8ca6151/element - {"using":"xpath","value":"//*[@id=\"__title36-_actionsToolbar-overflowButton-img\"]"}
RESULT: {"using":"xpath","value":"//*[@id=\"__title36-_actionsToolbar-overflowButton-img\"]"}
COMMAND: POST /session/b65fc9896dbbad70d7119bd0d8ca6151/element/f.B1DE806DB4DF8D130682F5CACC3F0FDB.d.45007BE9817D160BD19F8D973246962A.e.12824/click - {}
RESULT: {}
COMMAND: POST /session/b65fc9896dbbad70d7119bd0d8ca6151/execute/async - {"script":"<script> [1562 bytes]","args":[{"selector":{"controlType":"sap.m.Button","viewName":"etm.portal.ui.manageresources.view.Detail","viewId":"application-manageresources-display-component---detailRU","i18NText":{"propertyName":"tooltip","key":"closeColumn"},"searchOpenDialogs":true,"interaction":{"idSuffix":"inner"}},"wdio_ui5_key":"etmportal.ui.manageresources.view.Detailsap.m.Button{\"propertyName\":\"tooltip\",\"key\":\"closeColumn\"}"}]}
COMMAND: GET /session/b65fc9896dbbad70d7119bd0d8ca6151/screenshot - {}
RESULT: {"script":"<script> [1562 bytes]","args":[{"selector":{"controlType":"sap.m.Button","viewName":"etm.portal.ui.manageresources.view.Detail","viewId":"application-manageresources-display-component---detailRU","i18NText":{"propertyName":"tooltip","key":"closeColumn"},"searchOpenDialogs":true,"interaction":{"idSuffix":"inner"}},"wdio_ui5_key":"etmportal.ui.manageresources.view.Detailsap.m.Button{\"propertyName\":\"tooltip\",\"key\":\"closeColumn\"}"}]}
RESULT: undefined
COMMAND: POST /session/b65fc9896dbbad70d7119bd0d8ca6151/element - {"using":"xpath","value":"//*[@id=\"__button151\"]"}
RESULT: {}
RESULT: {"using":"xpath","value":"//*[@id=\"__button151\"]"}
COMMAND: POST /session/b65fc9896dbbad70d7119bd0d8ca6151/element/f.B1DE806DB4DF8D130682F5CACC3F0FDB.d.45007BE9817D160BD19F8D973246962A.e.12826/click - {}
RESULT: {}
COMMAND: GET /session/b65fc9896dbbad70d7119bd0d8ca6151/screenshot - {}
RESULT: {}
COMMAND: POST /session/b65fc9896dbbad70d7119bd0d8ca6151/refresh - {}
RESULT: {}
COMMAND: GET /session/b65fc9896dbbad70d7119bd0d8ca6151/screenshot - {}
RESULT: {}
COMMAND: POST /session/b65fc9896dbbad70d7119bd0d8ca6151/execute/async - {"script":"<script> [189 bytes]","args":[]}
RESULT: {"script":"<script> [189 bytes]","args":[]}
COMMAND: POST /session/b65fc9896dbbad70d7119bd0d8ca6151/execute/async - {"script":"<script> [123 bytes]","args":[]}
RESULT: {"script":"<script> [123 bytes]","args":[]}
COMMAND: POST /session/b65fc9896dbbad70d7119bd0d8ca6151/timeouts - {"script":"<number>"}
RESULT: {"script":"<number>"}
COMMAND: GET /session/b65fc9896dbbad70d7119bd0d8ca6151/timeouts - {}
RESULT: {}
RESULT: undefined
COMMAND: POST /session/b65fc9896dbbad70d7119bd0d8ca6151/execute/async - {"script":"<script> [2676 bytes]","args":[]}
RESULT: {"script":"<script> [2676 bytes]","args":[]}
COMMAND: POST /session/b65fc9896dbbad70d7119bd0d8ca6151/execute/async - {"script":"<script> [2342 bytes]","args":[{"protocol":"http","hostname":"0.0.0.0","path":"/","capabilities":{"browserName":"chrome","goog:chromeOptions":{"binary":"C:\\Program Files\\Google\\Chrome\\Application\\chrome.exe","args":["--start-maximized"]}},"logLevel":"warn","connectionRetryTimeout":120000,"connectionRetryCount":3,"logLevels":{},"enableDirectConnect":true,"strictSSL":true,"_":"65 more keys: [\"cacheDir\",\"port\",\"requestedCapabilities\",\"automationProtocol\",\"baseUrl\",\"waitforInterval\",\"waitforTimeout\",\"onReload\",\"beforeCommand\",\"afterCommand\",\"rootDir\",\"specs\",\"suites\",\"exclude\",\"groupLogsByTestSpec\",\"excludeDriverLogs\",\"bail\",\"framework\",\"reporters\",\"services\",\"maxInstances\",\"maxInstancesPerCapability\",\"injectGlobals\",\"filesToWatch\",\"execArgv\",\"runnerEnv\",\"runner\",\"shard\",\"specFileRetries\",\"specFileRetriesDelay\",\"specFileRetriesDeferred\",\"reporterSyncInterval\",\"reporterSyncTimeout\",\"cucumberFeaturesWithLineNumbers\",\"autoCompileOpts\",\"mochaOpts\",\"jasmineOpts\",\"cucumberOpts\",\"onPrepare\",\"onWorkerStart\",\"onWorkerEnd\",\"before\",\"beforeSession\",\"beforeSuite\",\"beforeHook\",\"beforeTest\",\"afterTest\",\"afterHook\",\"afterSuite\",\"afterSession\",\"after\",\"onComplete\",\"beforeAssertion\",\"afterAssertion\",\"beforeFeature\",\"beforeScenario\",\"beforeStep\",\"afterStep\",\"afterScenario\",\"afterFeature\",\"_\",\"suite\",\"$0\",\"ignoredWorkerServices\",\"wdi5\"]"}]}
RESULT: {"script":"<script> [2342 bytes]","args":[{"protocol":"http","hostname":"0.0.0.0","path":"/","capabilities":{"browserName":"chrome","goog:chromeOptions":{"binary":"C:\\Program Files\\Google\\Chrome\\Application\\chrome.exe","args":["--start-maximized"]}},"logLevel":"warn","connectionRetryTimeout":120000,"connectionRetryCount":3,"logLevels":{},"enableDirectConnect":true,"strictSSL":true,"_":"65 more keys: [\"cacheDir\",\"port\",\"requestedCapabilities\",\"automationProtocol\",\"baseUrl\",\"waitforInterval\",\"waitforTimeout\",\"onReload\",\"beforeCommand\",\"afterCommand\",\"rootDir\",\"specs\",\"suites\",\"exclude\",\"groupLogsByTestSpec\",\"excludeDriverLogs\",\"bail\",\"framework\",\"reporters\",\"services\",\"maxInstances\",\"maxInstancesPerCapability\",\"injectGlobals\",\"filesToWatch\",\"execArgv\",\"runnerEnv\",\"runner\",\"shard\",\"specFileRetries\",\"specFileRetriesDelay\",\"specFileRetriesDeferred\",\"reporterSyncInterval\",\"reporterSyncTimeout\",\"cucumberFeaturesWithLineNumbers\",\"autoCompileOpts\",\"mochaOpts\",\"jasmineOpts\",\"cucumberOpts\",\"onPrepare\",\"onWorkerStart\",\"onWorkerEnd\",\"before\",\"beforeSession\",\"beforeSuite\",\"beforeHook\",\"beforeTest\",\"afterTest\",\"afterHook\",\"afterSuite\",\"afterSession\",\"after\",\"onComplete\",\"beforeAssertion\",\"afterAssertion\",\"beforeFeature\",\"beforeScenario\",\"beforeStep\",\"afterStep\",\"afterScenario\",\"afterFeature\",\"_\",\"suite\",\"$0\",\"ignoredWorkerServices\",\"wdi5\"]"}]}
COMMAND: POST /session/b65fc9896dbbad70d7119bd0d8ca6151/execute/async - {"script":"<script> [21126 bytes]","args":[35000]}
RESULT: {"script":"<script> [21126 bytes]","args":[35000]}
COMMAND: POST /session/b65fc9896dbbad70d7119bd0d8ca6151/element - {"using":"css selector","value":"#shell-header-logo"}
RESULT: {"using":"css selector","value":"#shell-header-logo"}
COMMAND: POST /session/b65fc9896dbbad70d7119bd0d8ca6151/element/f.B1DE806DB4DF8D130682F5CACC3F0FDB.d.FA949BB325F8D87256A371530E4BA180.e.12977/click - {}
RESULT: {}
COMMAND: GET /session/b65fc9896dbbad70d7119bd0d8ca6151/screenshot - {}
RESULT: {}
COMMAND: POST /session/b65fc9896dbbad70d7119bd0d8ca6151/execute/async - {"script":"<script> [1562 bytes]","args":[{"selector":{"controlType":"sap.m.GenericTile","properties":{"header":"Manage Handovers"}},"wdio_ui5_key":"sapm.GenericTile{\"header\":\"Manage Handovers\"}"}]}
RESULT: {"script":"<script> [1562 bytes]","args":[{"selector":{"controlType":"sap.m.GenericTile","properties":{"header":"Manage Handovers"}},"wdio_ui5_key":"sapm.GenericTile{\"header\":\"Manage Handovers\"}"}]}
RESULT: undefined
COMMAND: POST /session/b65fc9896dbbad70d7119bd0d8ca6151/element - {"using":"xpath","value":"//*[@id=\"__tile133\"]"}
RESULT: {"using":"xpath","value":"//*[@id=\"__tile133\"]"}
COMMAND: POST /session/b65fc9896dbbad70d7119bd0d8ca6151/element/f.B1DE806DB4DF8D130682F5CACC3F0FDB.d.FA949BB325F8D87256A371530E4BA180.e.13160/click - {}
RESULT: {}
COMMAND: GET /session/b65fc9896dbbad70d7119bd0d8ca6151/screenshot - {}
RESULT: {}
COMMAND: POST /session/b65fc9896dbbad70d7119bd0d8ca6151/elements - {"using":"xpath","value":"//span[text()='Error']"}
RESULT: {"using":"xpath","value":"//span[text()='Error']"}
COMMAND: POST /session/b65fc9896dbbad70d7119bd0d8ca6151/element - {"using":"xpath","value":"//button[@data-kt=\"masterHOAddButton\"]"}
RESULT: {"using":"xpath","value":"//button[@data-kt=\"masterHOAddButton\"]"}
COMMAND: POST /session/b65fc9896dbbad70d7119bd0d8ca6151/execute/sync - {"script":"<script> [8489 bytes]","args":[{"element-6066-11e4-a52e-4f735466cecf":"f.B1DE806DB4DF8D130682F5CACC3F0FDB.d.FA949BB325F8D87256A371530E4BA180.e.13196","ELEMENT":"f.B1DE806DB4DF8D130682F5CACC3F0FDB.d.FA949BB325F8D87256A371530E4BA180.e.13196"}]}
RESULT: {"script":"<script> [8489 bytes]","args":[{"element-6066-11e4-a52e-4f735466cecf":"f.B1DE806DB4DF8D130682F5CACC3F0FDB.d.FA949BB325F8D87256A371530E4BA180.e.13196","ELEMENT":"f.B1DE806DB4DF8D130682F5CACC3F0FDB.d.FA949BB325F8D87256A371530E4BA180.e.13196"}]}
COMMAND: POST /session/b65fc9896dbbad70d7119bd0d8ca6151/element/f.B1DE806DB4DF8D130682F5CACC3F0FDB.d.FA949BB325F8D87256A371530E4BA180.e.13196/click - {}
COMMAND: GET /session/b65fc9896dbbad70d7119bd0d8ca6151/screenshot - {}
RESULT: {}
COMMAND: GET /session/b65fc9896dbbad70d7119bd0d8ca6151/screenshot - {}
COMMAND: POST /session/b65fc9896dbbad70d7119bd0d8ca6151/element - {"using":"xpath","value":"//span[contains(@id ,\"AddNewHO--typeSelect-arrow\")]"}
RESULT: {}
RESULT: {}
RESULT: {"using":"xpath","value":"//span[contains(@id ,\"AddNewHO--typeSelect-arrow\")]"}
COMMAND: POST /session/b65fc9896dbbad70d7119bd0d8ca6151/element/f.B1DE806DB4DF8D130682F5CACC3F0FDB.d.FA949BB325F8D87256A371530E4BA180.e.13504/click - {}
RESULT: {}
COMMAND: GET /session/b65fc9896dbbad70d7119bd0d8ca6151/screenshot - {}
RESULT: {}
COMMAND: POST /session/b65fc9896dbbad70d7119bd0d8ca6151/element - {"using":"xpath","value":"(//li[contains(text(), \"stock increase yard\")])[1]"}
RESULT: {"using":"xpath","value":"(//li[contains(text(), \"stock increase yard\")])[1]"}
COMMAND: POST /session/b65fc9896dbbad70d7119bd0d8ca6151/element/f.B1DE806DB4DF8D130682F5CACC3F0FDB.d.FA949BB325F8D87256A371530E4BA180.e.13505/click - {}
RESULT: {}
COMMAND: GET /session/b65fc9896dbbad70d7119bd0d8ca6151/screenshot - {}
RESULT: {}
COMMAND: POST /session/b65fc9896dbbad70d7119bd0d8ca6151/execute/async - {"script":"<script> [1562 bytes]","args":[{"selector":{"id":"application-managehandovers-display-component---AddNewHO--dueDate","interaction":{"idSuffix":"inner"}},"wdio_ui5_key":"applicationmanagehandovers-display-component---AddNewHO--dueDate"}]}
RESULT: {"script":"<script> [1562 bytes]","args":[{"selector":{"id":"application-managehandovers-display-component---AddNewHO--dueDate","interaction":{"idSuffix":"inner"}},"wdio_ui5_key":"applicationmanagehandovers-display-component---AddNewHO--dueDate"}]}
RESULT: undefined
COMMAND: POST /session/b65fc9896dbbad70d7119bd0d8ca6151/execute/async - {"script":"<script> [6424 bytes]","args":[{"element-6066-11e4-a52e-4f735466cecf":"f.B1DE806DB4DF8D130682F5CACC3F0FDB.d.FA949BB325F8D87256A371530E4BA180.e.13508"},"setValue",["6/13/25"]]}
RESULT: {"script":"<script> [6424 bytes]","args":[{"element-6066-11e4-a52e-4f735466cecf":"f.B1DE806DB4DF8D130682F5CACC3F0FDB.d.FA949BB325F8D87256A371530E4BA180.e.13508"},"setValue",["6/13/25"]]}
COMMAND: POST /session/b65fc9896dbbad70d7119bd0d8ca6151/element - {"using":"xpath","value":"//input[@id=\"generalSectionFrg--receiveYard-inner\"]"}
RESULT: {"using":"xpath","value":"//input[@id=\"generalSectionFrg--receiveYard-inner\"]"}
COMMAND: POST /session/b65fc9896dbbad70d7119bd0d8ca6151/element/f.B1DE806DB4DF8D130682F5CACC3F0FDB.d.FA949BB325F8D87256A371530E4BA180.e.13514/clear - {}
RESULT: {}
COMMAND: POST /session/b65fc9896dbbad70d7119bd0d8ca6151/element/f.B1DE806DB4DF8D130682F5CACC3F0FDB.d.FA949BB325F8D87256A371530E4BA180.e.13514/value - {"text":"WebdriverYardgn6a8"}
COMMAND: GET /session/b65fc9896dbbad70d7119bd0d8ca6151/screenshot - {}
RESULT: {"text":"WebdriverYardgn6a8"}
COMMAND: GET /session/b65fc9896dbbad70d7119bd0d8ca6151/screenshot - {}
RESULT: {}
RESULT: {}
COMMAND: POST /session/b65fc9896dbbad70d7119bd0d8ca6151/execute/async - {"script":"<script> [1562 bytes]","args":[{"selector":{"id":"application-managehandovers-display-component---AddNewHO--ObjectPageLayout-anchBar-application-managehandovers-display-component---AddNewHO--section4-anchor","interaction":{"idSuffix":"BDI-content"}},"wdio_ui5_key":"applicationmanagehandovers-display-component---AddNewHO--ObjectPageLayout-anchBar-application-managehandovers-display-component---AddNewHO--section4-anchor"}]}
RESULT: {"script":"<script> [1562 bytes]","args":[{"selector":{"id":"application-managehandovers-display-component---AddNewHO--ObjectPageLayout-anchBar-application-managehandovers-display-component---AddNewHO--section4-anchor","interaction":{"idSuffix":"BDI-content"}},"wdio_ui5_key":"applicationmanagehandovers-display-component---AddNewHO--ObjectPageLayout-anchBar-application-managehandovers-display-component---AddNewHO--section4-anchor"}]}
RESULT: undefined
COMMAND: POST /session/b65fc9896dbbad70d7119bd0d8ca6151/element - {"using":"xpath","value":"//*[@id=\"application-managehandovers-display-component---AddNewHO--ObjectPageLayout-anchBar-application-managehandovers-display-component---AddNewHO--section4-anchor\"]"}
RESULT: {"using":"xpath","value":"//*[@id=\"application-managehandovers-display-component---AddNewHO--ObjectPageLayout-anchBar-application-managehandovers-display-component---AddNewHO--section4-anchor\"]"}
COMMAND: POST /session/b65fc9896dbbad70d7119bd0d8ca6151/element/f.B1DE806DB4DF8D130682F5CACC3F0FDB.d.FA949BB325F8D87256A371530E4BA180.e.13534/click - {}
RESULT: {}
COMMAND: GET /session/b65fc9896dbbad70d7119bd0d8ca6151/screenshot - {}
RESULT: {}
COMMAND: POST /session/b65fc9896dbbad70d7119bd0d8ca6151/element - {"using":"xpath","value":"//button[@aria-label=\"Add\"]"}
RESULT: {"using":"xpath","value":"//button[@aria-label=\"Add\"]"}
COMMAND: POST /session/b65fc9896dbbad70d7119bd0d8ca6151/element/f.B1DE806DB4DF8D130682F5CACC3F0FDB.d.FA949BB325F8D87256A371530E4BA180.e.13538/click - {}
RESULT: {}
COMMAND: GET /session/b65fc9896dbbad70d7119bd0d8ca6151/screenshot - {}
RESULT: {}
COMMAND: POST /session/b65fc9896dbbad70d7119bd0d8ca6151/execute/async - {"script":"<script> [1562 bytes]","args":[{"selector":{"id":"application-managehandovers-display-component---AddNewHO--smartFilterBar-btnBasicSearch","searchOpenDialogs":true,"interaction":{"idSuffix":"I"}},"wdio_ui5_key":"applicationmanagehandovers-display-component---AddNewHO--smartFilterBar-btnBasicSearch"}]}
RESULT: {"script":"<script> [1562 bytes]","args":[{"selector":{"id":"application-managehandovers-display-component---AddNewHO--smartFilterBar-btnBasicSearch","searchOpenDialogs":true,"interaction":{"idSuffix":"I"}},"wdio_ui5_key":"applicationmanagehandovers-display-component---AddNewHO--smartFilterBar-btnBasicSearch"}]}
RESULT: undefined
COMMAND: POST /session/b65fc9896dbbad70d7119bd0d8ca6151/execute/async - {"script":"<script> [776 bytes]","args":[{"enterText":"WebdriverMatTestknef9","selector":{"id":"application-managehandovers-display-component---AddNewHO--smartFilterBar-btnBasicSearch","searchOpenDialogs":true,"interaction":{"idSuffix":"I"}},"clearTextFirst":true,"interactionType":"ENTER_TEXT"}]}
RESULT: {"script":"<script> [776 bytes]","args":[{"enterText":"WebdriverMatTestknef9","selector":{"id":"application-managehandovers-display-component---AddNewHO--smartFilterBar-btnBasicSearch","searchOpenDialogs":true,"interaction":{"idSuffix":"I"}},"clearTextFirst":true,"interactionType":"ENTER_TEXT"}]}
COMMAND: POST /session/b65fc9896dbbad70d7119bd0d8ca6151/actions - {"actions":[{"id":"action70","type":"key","parameters":{},"actions":[{"type":"keyDown","value":""},{"type":"pause","duration":10},{"type":"keyUp","value":""}]}]}
RESULT: {"actions":[{"id":"action70","type":"key","parameters":{},"actions":[{"type":"keyDown","value":""},{"type":"pause","duration":10},{"type":"keyUp","value":""}]}]}
COMMAND: POST /session/b65fc9896dbbad70d7119bd0d8ca6151/execute/async - {"script":"<script> [1562 bytes]","args":[{"selector":{"id":"application-managehandovers-display-component---AddNewHO--popup-sa","searchOpenDialogs":true,"interaction":{"idSuffix":"CbBg"}},"wdio_ui5_key":"applicationmanagehandovers-display-component---AddNewHO--popup-sa"}]}
COMMAND: GET /session/b65fc9896dbbad70d7119bd0d8ca6151/screenshot - {}
RESULT: {"script":"<script> [1562 bytes]","args":[{"selector":{"id":"application-managehandovers-display-component---AddNewHO--popup-sa","searchOpenDialogs":true,"interaction":{"idSuffix":"CbBg"}},"wdio_ui5_key":"applicationmanagehandovers-display-component---AddNewHO--popup-sa"}]}
RESULT: undefined
COMMAND: POST /session/b65fc9896dbbad70d7119bd0d8ca6151/element - {"using":"xpath","value":"//*[@id=\"application-managehandovers-display-component---AddNewHO--popup-sa\"]"}
RESULT: {}
RESULT: {"using":"xpath","value":"//*[@id=\"application-managehandovers-display-component---AddNewHO--popup-sa\"]"}
COMMAND: POST /session/b65fc9896dbbad70d7119bd0d8ca6151/element/f.B1DE806DB4DF8D130682F5CACC3F0FDB.d.FA949BB325F8D87256A371530E4BA180.e.13619/click - {}
RESULT: {}
COMMAND: GET /session/b65fc9896dbbad70d7119bd0d8ca6151/screenshot - {}
RESULT: {}
COMMAND: POST /session/b65fc9896dbbad70d7119bd0d8ca6151/element - {"using":"xpath","value":"//bdi[contains(text(), \"Select\")]"}
RESULT: {"using":"xpath","value":"//bdi[contains(text(), \"Select\")]"}
COMMAND: POST /session/b65fc9896dbbad70d7119bd0d8ca6151/element/f.B1DE806DB4DF8D130682F5CACC3F0FDB.d.FA949BB325F8D87256A371530E4BA180.e.13620/click - {}
RESULT: {}
COMMAND: GET /session/b65fc9896dbbad70d7119bd0d8ca6151/screenshot - {}
RESULT: {}
COMMAND: POST /session/b65fc9896dbbad70d7119bd0d8ca6151/execute/async - {"script":"<script> [1562 bytes]","args":[{"selector":{"controlType":"sap.m.Input","viewName":"etm.portal.ui.managehandovers.view.AddNewHO","viewId":"application-managehandovers-display-component---AddNewHO","bindingPath":{"path":"/items/0","propertyPath":"TYPE","modelName":"hoItemsModel"},"interaction":{"idSuffix":"inner"}},"wdio_ui5_key":"etmportal.ui.managehandovers.view.AddNewHOsap.m.Input{\"path\":\"/items/0\",\"propertyPath\":\"TYPE\",\"modelName\":\"hoItemsModel\"}"}]}
RESULT: {"script":"<script> [1562 bytes]","args":[{"selector":{"controlType":"sap.m.Input","viewName":"etm.portal.ui.managehandovers.view.AddNewHO","viewId":"application-managehandovers-display-component---AddNewHO","bindingPath":{"path":"/items/0","propertyPath":"TYPE","modelName":"hoItemsModel"},"interaction":{"idSuffix":"inner"}},"wdio_ui5_key":"etmportal.ui.managehandovers.view.AddNewHOsap.m.Input{\"path\":\"/items/0\",\"propertyPath\":\"TYPE\",\"modelName\":\"hoItemsModel\"}"}]}
RESULT: undefined
COMMAND: POST /session/b65fc9896dbbad70d7119bd0d8ca6151/execute/async - {"script":"<script> [776 bytes]","args":[{"enterText":"100","selector":{"controlType":"sap.m.Input","viewName":"etm.portal.ui.managehandovers.view.AddNewHO","viewId":"application-managehandovers-display-component---AddNewHO","bindingPath":{"path":"/items/0","propertyPath":"TYPE","modelName":"hoItemsModel"},"interaction":{"idSuffix":"inner"}},"clearTextFirst":true,"interactionType":"ENTER_TEXT"}]}
RESULT: {"script":"<script> [776 bytes]","args":[{"enterText":"100","selector":{"controlType":"sap.m.Input","viewName":"etm.portal.ui.managehandovers.view.AddNewHO","viewId":"application-managehandovers-display-component---AddNewHO","bindingPath":{"path":"/items/0","propertyPath":"TYPE","modelName":"hoItemsModel"},"interaction":{"idSuffix":"inner"}},"clearTextFirst":true,"interactionType":"ENTER_TEXT"}]}
COMMAND: POST /session/b65fc9896dbbad70d7119bd0d8ca6151/element - {"using":"xpath","value":"//button[@data-kt=\"AddNewHOSaveButton\"]"}
RESULT: {"using":"xpath","value":"//button[@data-kt=\"AddNewHOSaveButton\"]"}
COMMAND: POST /session/b65fc9896dbbad70d7119bd0d8ca6151/element/f.B1DE806DB4DF8D130682F5CACC3F0FDB.d.FA949BB325F8D87256A371530E4BA180.e.13625/click - {}
RESULT: {}
COMMAND: GET /session/b65fc9896dbbad70d7119bd0d8ca6151/screenshot - {}
RESULT: {}
COMMAND: POST /session/b65fc9896dbbad70d7119bd0d8ca6151/execute/async - {"script":"<script> [1562 bytes]","args":[{"selector":{"id":"receiptDatePicker","viewName":"etm.portal.ui.managehandovers.view.DetailExecuteHO","interaction":{"idSuffix":"inner"}},"wdio_ui5_key":"receiptDatePickeretmportal.ui.managehandovers.view.DetailExecuteHO"}]}
RESULT: {"script":"<script> [1562 bytes]","args":[{"selector":{"id":"receiptDatePicker","viewName":"etm.portal.ui.managehandovers.view.DetailExecuteHO","interaction":{"idSuffix":"inner"}},"wdio_ui5_key":"receiptDatePickeretmportal.ui.managehandovers.view.DetailExecuteHO"}]}
RESULT: undefined
COMMAND: POST /session/b65fc9896dbbad70d7119bd0d8ca6151/execute/async - {"script":"<script> [6424 bytes]","args":[{"element-6066-11e4-a52e-4f735466cecf":"f.B1DE806DB4DF8D130682F5CACC3F0FDB.d.FA949BB325F8D87256A371530E4BA180.e.13647"},"setValue",["6/13/25"]]}
RESULT: {"script":"<script> [6424 bytes]","args":[{"element-6066-11e4-a52e-4f735466cecf":"f.B1DE806DB4DF8D130682F5CACC3F0FDB.d.FA949BB325F8D87256A371530E4BA180.e.13647"},"setValue",["6/13/25"]]}
COMMAND: POST /session/b65fc9896dbbad70d7119bd0d8ca6151/actions - {"actions":[{"id":"action71","type":"key","parameters":{},"actions":[{"type":"keyDown","value":""},{"type":"pause","duration":10},{"type":"keyUp","value":""}]}]}
RESULT: {"actions":[{"id":"action71","type":"key","parameters":{},"actions":[{"type":"keyDown","value":""},{"type":"pause","duration":10},{"type":"keyUp","value":""}]}]}
COMMAND: POST /session/b65fc9896dbbad70d7119bd0d8ca6151/actions - {"actions":[{"id":"action72","type":"key","parameters":{},"actions":[{"type":"keyDown","value":""},{"type":"pause","duration":10},{"type":"keyUp","value":""}]}]}
COMMAND: GET /session/b65fc9896dbbad70d7119bd0d8ca6151/screenshot - {}
RESULT: {}
RESULT: {"actions":[{"id":"action72","type":"key","parameters":{},"actions":[{"type":"keyDown","value":""},{"type":"pause","duration":10},{"type":"keyUp","value":""}]}]}
COMMAND: POST /session/b65fc9896dbbad70d7119bd0d8ca6151/element - {"using":"xpath","value":"//button[@data-kt=\"ReceivingTableConfirmAllButton\"]"}
COMMAND: GET /session/b65fc9896dbbad70d7119bd0d8ca6151/screenshot - {}
RESULT: {"using":"xpath","value":"//button[@data-kt=\"ReceivingTableConfirmAllButton\"]"}
COMMAND: POST /session/b65fc9896dbbad70d7119bd0d8ca6151/element/f.B1DE806DB4DF8D130682F5CACC3F0FDB.d.FA949BB325F8D87256A371530E4BA180.e.13664/click - {}
RESULT: {}
RESULT: {}
COMMAND: GET /session/b65fc9896dbbad70d7119bd0d8ca6151/screenshot - {}
RESULT: {}
COMMAND: POST /session/b65fc9896dbbad70d7119bd0d8ca6151/element - {"using":"xpath","value":"//bdi[contains(text(), \"OK\")]"}
RESULT: {"using":"xpath","value":"//bdi[contains(text(), \"OK\")]"}
COMMAND: POST /session/b65fc9896dbbad70d7119bd0d8ca6151/element/f.B1DE806DB4DF8D130682F5CACC3F0FDB.d.FA949BB325F8D87256A371530E4BA180.e.13667/click - {}
RESULT: {}
COMMAND: GET /session/b65fc9896dbbad70d7119bd0d8ca6151/screenshot - {}
RESULT: {}
COMMAND: POST /session/b65fc9896dbbad70d7119bd0d8ca6151/element - {"using":"xpath","value":"(//bdi[contains(text(), \"Receive\")])[2]"}
RESULT: {"using":"xpath","value":"(//bdi[contains(text(), \"Receive\")])[2]"}
COMMAND: POST /session/b65fc9896dbbad70d7119bd0d8ca6151/element/f.B1DE806DB4DF8D130682F5CACC3F0FDB.d.FA949BB325F8D87256A371530E4BA180.e.13668/click - {}
RESULT: {}
COMMAND: GET /session/b65fc9896dbbad70d7119bd0d8ca6151/screenshot - {}
RESULT: {}
COMMAND: POST /session/b65fc9896dbbad70d7119bd0d8ca6151/element - {"using":"css selector","value":"#shell-header-logo"}
RESULT: {"using":"css selector","value":"#shell-header-logo"}
COMMAND: POST /session/b65fc9896dbbad70d7119bd0d8ca6151/element/f.B1DE806DB4DF8D130682F5CACC3F0FDB.d.FA949BB325F8D87256A371530E4BA180.e.13163/click - {}
RESULT: {}
]]></system-out>
    </testcase>
    <testcase classname="chrome.137_0_7151_69.windows.E2E_-_Logistical_and_commercial_statuses" name="Should add a pricing rule and a condition to the RU" time="96.99">
      <system-out><![CDATA[
COMMAND: GET /session/b65fc9896dbbad70d7119bd0d8ca6151/screenshot - {}
COMMAND: POST /session/b65fc9896dbbad70d7119bd0d8ca6151/execute/async - {"script":"<script> [1562 bytes]","args":[{"selector":{"controlType":"sap.m.GenericTile","properties":{"header":"Manage Pricing Rules"}},"wdio_ui5_key":"sapm.GenericTile{\"header\":\"Manage Pricing Rules\"}"}]}
RESULT: {"script":"<script> [1562 bytes]","args":[{"selector":{"controlType":"sap.m.GenericTile","properties":{"header":"Manage Pricing Rules"}},"wdio_ui5_key":"sapm.GenericTile{\"header\":\"Manage Pricing Rules\"}"}]}
RESULT: undefined
COMMAND: POST /session/b65fc9896dbbad70d7119bd0d8ca6151/element - {"using":"xpath","value":"//*[@id=\"__tile57\"]"}
RESULT: {}
RESULT: {"using":"xpath","value":"//*[@id=\"__tile57\"]"}
COMMAND: POST /session/b65fc9896dbbad70d7119bd0d8ca6151/element/f.B1DE806DB4DF8D130682F5CACC3F0FDB.d.FA949BB325F8D87256A371530E4BA180.e.13812/click - {}
RESULT: {}
COMMAND: GET /session/b65fc9896dbbad70d7119bd0d8ca6151/screenshot - {}
RESULT: {}
COMMAND: POST /session/b65fc9896dbbad70d7119bd0d8ca6151/elements - {"using":"xpath","value":"//span[text()='Error']"}
RESULT: {"using":"xpath","value":"//span[text()='Error']"}
COMMAND: POST /session/b65fc9896dbbad70d7119bd0d8ca6151/execute/async - {"script":"<script> [1562 bytes]","args":[{"selector":{"controlType":"sap.ui.core.Icon","viewName":"etm.portal.ui.managepricingrules.view.MasterHeader","viewId":"application-managepricingrules-display-component---priceInfoHeader","properties":{"src":{"regex":{"source":"activity\\-items"}}}},"wdio_ui5_key":"etmportal.ui.managepricingrules.view.MasterHeadersap.ui.core.Icon{\"src\":{\"regex\":{\"source\":\"activity\\\\-items\"}}}"}]}
RESULT: {"script":"<script> [1562 bytes]","args":[{"selector":{"controlType":"sap.ui.core.Icon","viewName":"etm.portal.ui.managepricingrules.view.MasterHeader","viewId":"application-managepricingrules-display-component---priceInfoHeader","properties":{"src":{"regex":{"source":"activity\\-items"}}}},"wdio_ui5_key":"etmportal.ui.managepricingrules.view.MasterHeadersap.ui.core.Icon{\"src\":{\"regex\":{\"source\":\"activity\\\\-items\"}}}"}]}
RESULT: undefined
COMMAND: POST /session/b65fc9896dbbad70d7119bd0d8ca6151/element - {"using":"xpath","value":"//*[@id=\"__filter22-icon\"]"}
RESULT: {"using":"xpath","value":"//*[@id=\"__filter22-icon\"]"}
COMMAND: POST /session/b65fc9896dbbad70d7119bd0d8ca6151/element/f.B1DE806DB4DF8D130682F5CACC3F0FDB.d.FA949BB325F8D87256A371530E4BA180.e.13899/click - {}
RESULT: {}
COMMAND: GET /session/b65fc9896dbbad70d7119bd0d8ca6151/screenshot - {}
RESULT: {}
COMMAND: POST /session/b65fc9896dbbad70d7119bd0d8ca6151/execute/async - {"script":"<script> [1562 bytes]","args":[{"selector":{"controlType":"sap.ui.core.Icon","viewName":"etm.portal.ui.managepricingrules.view.MasterItem","viewId":"application-managepricingrules-display-component---priceInfoItem","properties":{"src":{"regex":{"source":"add"}}}},"wdio_ui5_key":"etmportal.ui.managepricingrules.view.MasterItemsap.ui.core.Icon{\"src\":{\"regex\":{\"source\":\"add\"}}}"}]}
RESULT: {"script":"<script> [1562 bytes]","args":[{"selector":{"controlType":"sap.ui.core.Icon","viewName":"etm.portal.ui.managepricingrules.view.MasterItem","viewId":"application-managepricingrules-display-component---priceInfoItem","properties":{"src":{"regex":{"source":"add"}}}},"wdio_ui5_key":"etmportal.ui.managepricingrules.view.MasterItemsap.ui.core.Icon{\"src\":{\"regex\":{\"source\":\"add\"}}}"}]}
RESULT: undefined
COMMAND: POST /session/b65fc9896dbbad70d7119bd0d8ca6151/element - {"using":"xpath","value":"//*[@id=\"__button80-img\"]"}
RESULT: {"using":"xpath","value":"//*[@id=\"__button80-img\"]"}
COMMAND: POST /session/b65fc9896dbbad70d7119bd0d8ca6151/element/f.B1DE806DB4DF8D130682F5CACC3F0FDB.d.FA949BB325F8D87256A371530E4BA180.e.13948/click - {}
RESULT: {}
COMMAND: GET /session/b65fc9896dbbad70d7119bd0d8ca6151/screenshot - {}
RESULT: {}
COMMAND: POST /session/b65fc9896dbbad70d7119bd0d8ca6151/element - {"using":"xpath","value":"//input[@id=\"application-managepricingrules-display-component---newInfoPriceItem--condRU-inner\"]"}
RESULT: {"using":"xpath","value":"//input[@id=\"application-managepricingrules-display-component---newInfoPriceItem--condRU-inner\"]"}
COMMAND: POST /session/b65fc9896dbbad70d7119bd0d8ca6151/element/f.B1DE806DB4DF8D130682F5CACC3F0FDB.d.FA949BB325F8D87256A371530E4BA180.e.14188/clear - {}
RESULT: {}
COMMAND: POST /session/b65fc9896dbbad70d7119bd0d8ca6151/element/f.B1DE806DB4DF8D130682F5CACC3F0FDB.d.FA949BB325F8D87256A371530E4BA180.e.14188/value - {"text":"WebdriverMatTestknef9"}
COMMAND: GET /session/b65fc9896dbbad70d7119bd0d8ca6151/screenshot - {}
RESULT: {"text":"WebdriverMatTestknef9"}
COMMAND: POST /session/b65fc9896dbbad70d7119bd0d8ca6151/execute/async - {"script":"<script> [1562 bytes]","args":[{"selector":{"id":"application-managepricingrules-display-component---newInfoPriceItem--condValidTo","interaction":{"idSuffix":"inner"}},"wdio_ui5_key":"applicationmanagepricingrules-display-component---newInfoPriceItem--condValidTo"}]}
COMMAND: GET /session/b65fc9896dbbad70d7119bd0d8ca6151/screenshot - {}
RESULT: {}
RESULT: {"script":"<script> [1562 bytes]","args":[{"selector":{"id":"application-managepricingrules-display-component---newInfoPriceItem--condValidTo","interaction":{"idSuffix":"inner"}},"wdio_ui5_key":"applicationmanagepricingrules-display-component---newInfoPriceItem--condValidTo"}]}
RESULT: undefined
COMMAND: POST /session/b65fc9896dbbad70d7119bd0d8ca6151/execute/async - {"script":"<script> [776 bytes]","args":[{"enterText":"5/18/33","selector":{"id":"application-managepricingrules-display-component---newInfoPriceItem--condValidTo","interaction":{"idSuffix":"inner"}},"clearTextFirst":true,"interactionType":"ENTER_TEXT"}]}
RESULT: {}
RESULT: {"script":"<script> [776 bytes]","args":[{"enterText":"5/18/33","selector":{"id":"application-managepricingrules-display-component---newInfoPriceItem--condValidTo","interaction":{"idSuffix":"inner"}},"clearTextFirst":true,"interactionType":"ENTER_TEXT"}]}
COMMAND: POST /session/b65fc9896dbbad70d7119bd0d8ca6151/execute/async - {"script":"<script> [1562 bytes]","args":[{"selector":{"id":"application-managepricingrules-display-component---newInfoPriceItem--billType-arrow"},"wdio_ui5_key":"applicationmanagepricingrules-display-component---newInfoPriceItem--billType-arrow"}]}
RESULT: {"script":"<script> [1562 bytes]","args":[{"selector":{"id":"application-managepricingrules-display-component---newInfoPriceItem--billType-arrow"},"wdio_ui5_key":"applicationmanagepricingrules-display-component---newInfoPriceItem--billType-arrow"}]}
RESULT: undefined
COMMAND: POST /session/b65fc9896dbbad70d7119bd0d8ca6151/element - {"using":"xpath","value":"//*[@id=\"application-managepricingrules-display-component---newInfoPriceItem--billType-arrow\"]"}
RESULT: {"using":"xpath","value":"//*[@id=\"application-managepricingrules-display-component---newInfoPriceItem--billType-arrow\"]"}
COMMAND: POST /session/b65fc9896dbbad70d7119bd0d8ca6151/element/f.B1DE806DB4DF8D130682F5CACC3F0FDB.d.FA949BB325F8D87256A371530E4BA180.e.14245/click - {}
RESULT: {}
COMMAND: POST /session/b65fc9896dbbad70d7119bd0d8ca6151/element - {"using":"xpath","value":"//span[contains(text(), \"TB - Time based\")]"}
COMMAND: GET /session/b65fc9896dbbad70d7119bd0d8ca6151/screenshot - {}
RESULT: {"using":"xpath","value":"//span[contains(text(), \"TB - Time based\")]"}
COMMAND: POST /session/b65fc9896dbbad70d7119bd0d8ca6151/element/f.B1DE806DB4DF8D130682F5CACC3F0FDB.d.FA949BB325F8D87256A371530E4BA180.e.14246/click - {}
RESULT: {}
RESULT: {}
COMMAND: POST /session/b65fc9896dbbad70d7119bd0d8ca6151/execute/async - {"script":"<script> [1562 bytes]","args":[{"selector":{"id":"application-managepricingrules-display-component---newInfoPriceItem--priceProc-arrow"},"wdio_ui5_key":"applicationmanagepricingrules-display-component---newInfoPriceItem--priceProc-arrow"}]}
COMMAND: GET /session/b65fc9896dbbad70d7119bd0d8ca6151/screenshot - {}
RESULT: {"script":"<script> [1562 bytes]","args":[{"selector":{"id":"application-managepricingrules-display-component---newInfoPriceItem--priceProc-arrow"},"wdio_ui5_key":"applicationmanagepricingrules-display-component---newInfoPriceItem--priceProc-arrow"}]}
RESULT: undefined
COMMAND: POST /session/b65fc9896dbbad70d7119bd0d8ca6151/element - {"using":"xpath","value":"//*[@id=\"application-managepricingrules-display-component---newInfoPriceItem--priceProc-arrow\"]"}
RESULT: {}
RESULT: {"using":"xpath","value":"//*[@id=\"application-managepricingrules-display-component---newInfoPriceItem--priceProc-arrow\"]"}
COMMAND: POST /session/b65fc9896dbbad70d7119bd0d8ca6151/element/f.B1DE806DB4DF8D130682F5CACC3F0FDB.d.FA949BB325F8D87256A371530E4BA180.e.14247/click - {}
RESULT: {}
COMMAND: POST /session/b65fc9896dbbad70d7119bd0d8ca6151/element - {"using":"xpath","value":"//span[contains(text(), \"TBS - Time based standard\")]"}
COMMAND: GET /session/b65fc9896dbbad70d7119bd0d8ca6151/screenshot - {}
RESULT: {"using":"xpath","value":"//span[contains(text(), \"TBS - Time based standard\")]"}
COMMAND: POST /session/b65fc9896dbbad70d7119bd0d8ca6151/element/f.B1DE806DB4DF8D130682F5CACC3F0FDB.d.FA949BB325F8D87256A371530E4BA180.e.14248/click - {}
RESULT: {}
RESULT: {}
COMMAND: POST /session/b65fc9896dbbad70d7119bd0d8ca6151/execute/async - {"script":"<script> [1562 bytes]","args":[{"selector":{"id":"application-managepricingrules-display-component---newInfoPriceItem--calcBase-arrow"},"wdio_ui5_key":"applicationmanagepricingrules-display-component---newInfoPriceItem--calcBase-arrow"}]}
COMMAND: GET /session/b65fc9896dbbad70d7119bd0d8ca6151/screenshot - {}
RESULT: {"script":"<script> [1562 bytes]","args":[{"selector":{"id":"application-managepricingrules-display-component---newInfoPriceItem--calcBase-arrow"},"wdio_ui5_key":"applicationmanagepricingrules-display-component---newInfoPriceItem--calcBase-arrow"}]}
RESULT: undefined
COMMAND: POST /session/b65fc9896dbbad70d7119bd0d8ca6151/element - {"using":"xpath","value":"//*[@id=\"application-managepricingrules-display-component---newInfoPriceItem--calcBase-arrow\"]"}
RESULT: {}
RESULT: {"using":"xpath","value":"//*[@id=\"application-managepricingrules-display-component---newInfoPriceItem--calcBase-arrow\"]"}
COMMAND: POST /session/b65fc9896dbbad70d7119bd0d8ca6151/element/f.B1DE806DB4DF8D130682F5CACC3F0FDB.d.FA949BB325F8D87256A371530E4BA180.e.14249/click - {}
RESULT: {}
COMMAND: GET /session/b65fc9896dbbad70d7119bd0d8ca6151/screenshot - {}
RESULT: {}
COMMAND: POST /session/b65fc9896dbbad70d7119bd0d8ca6151/element - {"using":"xpath","value":"//span[contains(text(), \"0006 - TB(calendar days)\")]"}
RESULT: {"using":"xpath","value":"//span[contains(text(), \"0006 - TB(calendar days)\")]"}
COMMAND: POST /session/b65fc9896dbbad70d7119bd0d8ca6151/element/f.B1DE806DB4DF8D130682F5CACC3F0FDB.d.FA949BB325F8D87256A371530E4BA180.e.14250/click - {}
RESULT: {}
COMMAND: POST /session/b65fc9896dbbad70d7119bd0d8ca6151/execute/async - {"script":"<script> [1562 bytes]","args":[{"selector":{"id":"application-managepricingrules-display-component---newInfoPriceItem--daysMonth","interaction":{"idSuffix":"inner"}},"wdio_ui5_key":"applicationmanagepricingrules-display-component---newInfoPriceItem--daysMonth"}]}
COMMAND: GET /session/b65fc9896dbbad70d7119bd0d8ca6151/screenshot - {}
RESULT: {"script":"<script> [1562 bytes]","args":[{"selector":{"id":"application-managepricingrules-display-component---newInfoPriceItem--daysMonth","interaction":{"idSuffix":"inner"}},"wdio_ui5_key":"applicationmanagepricingrules-display-component---newInfoPriceItem--daysMonth"}]}
RESULT: undefined
COMMAND: POST /session/b65fc9896dbbad70d7119bd0d8ca6151/execute/async - {"script":"<script> [776 bytes]","args":[{"enterText":"30","selector":{"id":"application-managepricingrules-display-component---newInfoPriceItem--daysMonth","interaction":{"idSuffix":"inner"}},"clearTextFirst":true,"interactionType":"ENTER_TEXT"}]}
RESULT: {}
RESULT: {"script":"<script> [776 bytes]","args":[{"enterText":"30","selector":{"id":"application-managepricingrules-display-component---newInfoPriceItem--daysMonth","interaction":{"idSuffix":"inner"}},"clearTextFirst":true,"interactionType":"ENTER_TEXT"}]}
COMMAND: POST /session/b65fc9896dbbad70d7119bd0d8ca6151/element - {"using":"xpath","value":"//button[@data-kt=\"saveNewRuleButton\"]"}
RESULT: {"using":"xpath","value":"//button[@data-kt=\"saveNewRuleButton\"]"}
COMMAND: POST /session/b65fc9896dbbad70d7119bd0d8ca6151/element/f.B1DE806DB4DF8D130682F5CACC3F0FDB.d.FA949BB325F8D87256A371530E4BA180.e.14239/click - {}
RESULT: {}
COMMAND: GET /session/b65fc9896dbbad70d7119bd0d8ca6151/screenshot - {}
RESULT: {}
COMMAND: POST /session/b65fc9896dbbad70d7119bd0d8ca6151/element - {"using":"css selector","value":"#shell-header-logo"}
RESULT: {"using":"css selector","value":"#shell-header-logo"}
COMMAND: POST /session/b65fc9896dbbad70d7119bd0d8ca6151/element/f.B1DE806DB4DF8D130682F5CACC3F0FDB.d.FA949BB325F8D87256A371530E4BA180.e.13814/click - {}
RESULT: {}
COMMAND: GET /session/b65fc9896dbbad70d7119bd0d8ca6151/screenshot - {}
RESULT: {}
COMMAND: POST /session/b65fc9896dbbad70d7119bd0d8ca6151/execute/async - {"script":"<script> [1562 bytes]","args":[{"selector":{"controlType":"sap.m.Text","properties":{"text":"Manage Conditions & Prices"},"interaction":{"idSuffix":"inner"}},"wdio_ui5_key":"sapm.Text{\"text\":\"Manage Conditions & Prices\"}"}]}
RESULT: {"script":"<script> [1562 bytes]","args":[{"selector":{"controlType":"sap.m.Text","properties":{"text":"Manage Conditions & Prices"},"interaction":{"idSuffix":"inner"}},"wdio_ui5_key":"sapm.Text{\"text\":\"Manage Conditions & Prices\"}"}]}
RESULT: undefined
COMMAND: POST /session/b65fc9896dbbad70d7119bd0d8ca6151/element - {"using":"xpath","value":"//*[@id=\"__tile55-title\"]"}
RESULT: {"using":"xpath","value":"//*[@id=\"__tile55-title\"]"}
COMMAND: POST /session/b65fc9896dbbad70d7119bd0d8ca6151/element/f.B1DE806DB4DF8D130682F5CACC3F0FDB.d.FA949BB325F8D87256A371530E4BA180.e.14258/click - {}
RESULT: {}
COMMAND: GET /session/b65fc9896dbbad70d7119bd0d8ca6151/screenshot - {}
RESULT: {}
COMMAND: POST /session/b65fc9896dbbad70d7119bd0d8ca6151/element - {"using":"xpath","value":"//button[@aria-label=\"Create\"]"}
RESULT: {"using":"xpath","value":"//button[@aria-label=\"Create\"]"}
COMMAND: POST /session/b65fc9896dbbad70d7119bd0d8ca6151/elements - {"using":"xpath","value":"//button[@aria-label=\"Create\"]"}
RESULT: {"using":"xpath","value":"//button[@aria-label=\"Create\"]"}
COMMAND: POST /session/b65fc9896dbbad70d7119bd0d8ca6151/elements - {"using":"xpath","value":"//button[@aria-label=\"Create\"]"}
RESULT: {"using":"xpath","value":"//button[@aria-label=\"Create\"]"}
COMMAND: POST /session/b65fc9896dbbad70d7119bd0d8ca6151/element - {"using":"xpath","value":"//button[@aria-label=\"Create\"]"}
RESULT: {"using":"xpath","value":"//button[@aria-label=\"Create\"]"}
COMMAND: POST /session/b65fc9896dbbad70d7119bd0d8ca6151/element/f.B1DE806DB4DF8D130682F5CACC3F0FDB.d.FA949BB325F8D87256A371530E4BA180.e.14289/click - {}
RESULT: {}
COMMAND: POST /session/b65fc9896dbbad70d7119bd0d8ca6151/actions - {"actions":[{"id":"action73","type":"key","parameters":{},"actions":[{"type":"keyDown","value":""},{"type":"pause","duration":10},{"type":"keyUp","value":""}]}]}
COMMAND: GET /session/b65fc9896dbbad70d7119bd0d8ca6151/screenshot - {}
RESULT: {"actions":[{"id":"action73","type":"key","parameters":{},"actions":[{"type":"keyDown","value":""},{"type":"pause","duration":10},{"type":"keyUp","value":""}]}]}
COMMAND: GET /session/b65fc9896dbbad70d7119bd0d8ca6151/screenshot - {}
COMMAND: POST /session/b65fc9896dbbad70d7119bd0d8ca6151/execute/async - {"script":"<script> [1562 bytes]","args":[{"selector":{"id":"application-manageconditionprice-display-component---newCondition--condBillCond-arrow"},"wdio_ui5_key":"applicationmanageconditionprice-display-component---newCondition--condBillCond-arrow"}]}
RESULT: {}
RESULT: {}
RESULT: {"script":"<script> [1562 bytes]","args":[{"selector":{"id":"application-manageconditionprice-display-component---newCondition--condBillCond-arrow"},"wdio_ui5_key":"applicationmanageconditionprice-display-component---newCondition--condBillCond-arrow"}]}
RESULT: undefined
COMMAND: POST /session/b65fc9896dbbad70d7119bd0d8ca6151/element - {"using":"xpath","value":"//*[@id=\"application-manageconditionprice-display-component---newCondition--condBillCond-arrow\"]"}
RESULT: {"using":"xpath","value":"//*[@id=\"application-manageconditionprice-display-component---newCondition--condBillCond-arrow\"]"}
COMMAND: POST /session/b65fc9896dbbad70d7119bd0d8ca6151/element/f.B1DE806DB4DF8D130682F5CACC3F0FDB.d.FA949BB325F8D87256A371530E4BA180.e.14673/click - {}
RESULT: {}
COMMAND: POST /session/b65fc9896dbbad70d7119bd0d8ca6151/element - {"using":"xpath","value":"//span[contains(text(), \"DISP - D&I special price\")]"}
COMMAND: GET /session/b65fc9896dbbad70d7119bd0d8ca6151/screenshot - {}
RESULT: {"using":"xpath","value":"//span[contains(text(), \"DISP - D&I special price\")]"}
COMMAND: POST /session/b65fc9896dbbad70d7119bd0d8ca6151/element/f.B1DE806DB4DF8D130682F5CACC3F0FDB.d.FA949BB325F8D87256A371530E4BA180.e.14674/click - {}
RESULT: {}
RESULT: {}
COMMAND: POST /session/b65fc9896dbbad70d7119bd0d8ca6151/execute/async - {"script":"<script> [1562 bytes]","args":[{"selector":{"id":"application-manageconditionprice-display-component---newCondition--condValidTo","interaction":{"idSuffix":"inner"}},"wdio_ui5_key":"applicationmanageconditionprice-display-component---newCondition--condValidTo"}]}
COMMAND: GET /session/b65fc9896dbbad70d7119bd0d8ca6151/screenshot - {}
RESULT: {"script":"<script> [1562 bytes]","args":[{"selector":{"id":"application-manageconditionprice-display-component---newCondition--condValidTo","interaction":{"idSuffix":"inner"}},"wdio_ui5_key":"applicationmanageconditionprice-display-component---newCondition--condValidTo"}]}
RESULT: undefined
COMMAND: POST /session/b65fc9896dbbad70d7119bd0d8ca6151/execute/async - {"script":"<script> [776 bytes]","args":[{"enterText":"5/11/33","selector":{"id":"application-manageconditionprice-display-component---newCondition--condValidTo","interaction":{"idSuffix":"inner"}},"clearTextFirst":true,"interactionType":"ENTER_TEXT"}]}
RESULT: {}
RESULT: {"script":"<script> [776 bytes]","args":[{"enterText":"5/11/33","selector":{"id":"application-manageconditionprice-display-component---newCondition--condValidTo","interaction":{"idSuffix":"inner"}},"clearTextFirst":true,"interactionType":"ENTER_TEXT"}]}
COMMAND: POST /session/b65fc9896dbbad70d7119bd0d8ca6151/element - {"using":"xpath","value":"//input[@id=\"application-manageconditionprice-display-component---newCondition--condRU-inner\"]"}
RESULT: {"using":"xpath","value":"//input[@id=\"application-manageconditionprice-display-component---newCondition--condRU-inner\"]"}
COMMAND: POST /session/b65fc9896dbbad70d7119bd0d8ca6151/element/f.B1DE806DB4DF8D130682F5CACC3F0FDB.d.FA949BB325F8D87256A371530E4BA180.e.14443/clear - {}
RESULT: {}
COMMAND: POST /session/b65fc9896dbbad70d7119bd0d8ca6151/element/f.B1DE806DB4DF8D130682F5CACC3F0FDB.d.FA949BB325F8D87256A371530E4BA180.e.14443/value - {"text":"WebdriverMatTestknef9"}
COMMAND: GET /session/b65fc9896dbbad70d7119bd0d8ca6151/screenshot - {}
RESULT: {"text":"WebdriverMatTestknef9"}
COMMAND: GET /session/b65fc9896dbbad70d7119bd0d8ca6151/screenshot - {}
RESULT: {}
RESULT: {}
COMMAND: POST /session/b65fc9896dbbad70d7119bd0d8ca6151/actions - {"actions":[{"id":"action74","type":"key","parameters":{},"actions":[{"type":"keyDown","value":""},{"type":"pause","duration":10},{"type":"keyUp","value":""}]}]}
RESULT: {"actions":[{"id":"action74","type":"key","parameters":{},"actions":[{"type":"keyDown","value":""},{"type":"pause","duration":10},{"type":"keyUp","value":""}]}]}
COMMAND: POST /session/b65fc9896dbbad70d7119bd0d8ca6151/execute/async - {"script":"<script> [1562 bytes]","args":[{"selector":{"id":"application-manageconditionprice-display-component---newCondition--condBaseQty","interaction":{"idSuffix":"inner"}},"wdio_ui5_key":"applicationmanageconditionprice-display-component---newCondition--condBaseQty"}]}
COMMAND: GET /session/b65fc9896dbbad70d7119bd0d8ca6151/screenshot - {}
RESULT: {"script":"<script> [1562 bytes]","args":[{"selector":{"id":"application-manageconditionprice-display-component---newCondition--condBaseQty","interaction":{"idSuffix":"inner"}},"wdio_ui5_key":"applicationmanageconditionprice-display-component---newCondition--condBaseQty"}]}
RESULT: undefined
COMMAND: POST /session/b65fc9896dbbad70d7119bd0d8ca6151/execute/async - {"script":"<script> [776 bytes]","args":[{"enterText":"1","selector":{"id":"application-manageconditionprice-display-component---newCondition--condBaseQty","interaction":{"idSuffix":"inner"}},"clearTextFirst":true,"interactionType":"ENTER_TEXT"}]}
RESULT: {}
RESULT: {"script":"<script> [776 bytes]","args":[{"enterText":"1","selector":{"id":"application-manageconditionprice-display-component---newCondition--condBaseQty","interaction":{"idSuffix":"inner"}},"clearTextFirst":true,"interactionType":"ENTER_TEXT"}]}
COMMAND: POST /session/b65fc9896dbbad70d7119bd0d8ca6151/execute/async - {"script":"<script> [1562 bytes]","args":[{"selector":{"id":"application-manageconditionprice-display-component---newCondition--condValue","interaction":{"idSuffix":"inner"}},"wdio_ui5_key":"applicationmanageconditionprice-display-component---newCondition--condValue"}]}
RESULT: {"script":"<script> [1562 bytes]","args":[{"selector":{"id":"application-manageconditionprice-display-component---newCondition--condValue","interaction":{"idSuffix":"inner"}},"wdio_ui5_key":"applicationmanageconditionprice-display-component---newCondition--condValue"}]}
RESULT: undefined
COMMAND: POST /session/b65fc9896dbbad70d7119bd0d8ca6151/execute/async - {"script":"<script> [776 bytes]","args":[{"enterText":"100","selector":{"id":"application-manageconditionprice-display-component---newCondition--condValue","interaction":{"idSuffix":"inner"}},"clearTextFirst":true,"interactionType":"ENTER_TEXT"}]}
RESULT: {"script":"<script> [776 bytes]","args":[{"enterText":"100","selector":{"id":"application-manageconditionprice-display-component---newCondition--condValue","interaction":{"idSuffix":"inner"}},"clearTextFirst":true,"interactionType":"ENTER_TEXT"}]}
COMMAND: POST /session/b65fc9896dbbad70d7119bd0d8ca6151/execute/async - {"script":"<script> [1562 bytes]","args":[{"selector":{"id":"application-manageconditionprice-display-component---newCondition--condCurr-arrow"},"wdio_ui5_key":"applicationmanageconditionprice-display-component---newCondition--condCurr-arrow"}]}
RESULT: {"script":"<script> [1562 bytes]","args":[{"selector":{"id":"application-manageconditionprice-display-component---newCondition--condCurr-arrow"},"wdio_ui5_key":"applicationmanageconditionprice-display-component---newCondition--condCurr-arrow"}]}
RESULT: undefined
COMMAND: POST /session/b65fc9896dbbad70d7119bd0d8ca6151/element - {"using":"xpath","value":"//*[@id=\"application-manageconditionprice-display-component---newCondition--condCurr-arrow\"]"}
RESULT: {"using":"xpath","value":"//*[@id=\"application-manageconditionprice-display-component---newCondition--condCurr-arrow\"]"}
COMMAND: POST /session/b65fc9896dbbad70d7119bd0d8ca6151/element/f.B1DE806DB4DF8D130682F5CACC3F0FDB.d.FA949BB325F8D87256A371530E4BA180.e.14641/click - {}
RESULT: {}
COMMAND: POST /session/b65fc9896dbbad70d7119bd0d8ca6151/element - {"using":"xpath","value":"//span[contains(text(), \"Euro\")]"}
COMMAND: GET /session/b65fc9896dbbad70d7119bd0d8ca6151/screenshot - {}
RESULT: {"using":"xpath","value":"//span[contains(text(), \"Euro\")]"}
COMMAND: POST /session/b65fc9896dbbad70d7119bd0d8ca6151/element/f.B1DE806DB4DF8D130682F5CACC3F0FDB.d.FA949BB325F8D87256A371530E4BA180.e.14710/click - {}
RESULT: {}
RESULT: {}
COMMAND: POST /session/b65fc9896dbbad70d7119bd0d8ca6151/element - {"using":"xpath","value":"//button[@data-kt=\"saveButton\"]"}
COMMAND: GET /session/b65fc9896dbbad70d7119bd0d8ca6151/screenshot - {}
RESULT: {"using":"xpath","value":"//button[@data-kt=\"saveButton\"]"}
COMMAND: POST /session/b65fc9896dbbad70d7119bd0d8ca6151/element/f.B1DE806DB4DF8D130682F5CACC3F0FDB.d.FA949BB325F8D87256A371530E4BA180.e.14642/click - {}
RESULT: {}
RESULT: {}
COMMAND: GET /session/b65fc9896dbbad70d7119bd0d8ca6151/screenshot - {}
RESULT: {}
COMMAND: POST /session/b65fc9896dbbad70d7119bd0d8ca6151/element - {"using":"css selector","value":"#shell-header-logo"}
RESULT: {"using":"css selector","value":"#shell-header-logo"}
COMMAND: POST /session/b65fc9896dbbad70d7119bd0d8ca6151/element/f.B1DE806DB4DF8D130682F5CACC3F0FDB.d.FA949BB325F8D87256A371530E4BA180.e.14261/click - {}
RESULT: {}
COMMAND: GET /session/b65fc9896dbbad70d7119bd0d8ca6151/screenshot - {}
RESULT: {}
]]></system-out>
    </testcase>
    <testcase classname="chrome.137_0_7151_69.windows.E2E_-_Logistical_and_commercial_statuses" name="Should create a new contract" time="62.489">
      <system-out><![CDATA[
COMMAND: POST /session/b65fc9896dbbad70d7119bd0d8ca6151/execute/async - {"script":"<script> [1562 bytes]","args":[{"selector":{"controlType":"sap.m.GenericTile","properties":{"header":"Manage Contracts"}},"wdio_ui5_key":"sapm.GenericTile{\"header\":\"Manage Contracts\"}"}]}
RESULT: {"script":"<script> [1562 bytes]","args":[{"selector":{"controlType":"sap.m.GenericTile","properties":{"header":"Manage Contracts"}},"wdio_ui5_key":"sapm.GenericTile{\"header\":\"Manage Contracts\"}"}]}
RESULT: undefined
COMMAND: POST /session/b65fc9896dbbad70d7119bd0d8ca6151/element - {"using":"xpath","value":"//*[@id=\"__tile132\"]"}
RESULT: {"using":"xpath","value":"//*[@id=\"__tile132\"]"}
COMMAND: POST /session/b65fc9896dbbad70d7119bd0d8ca6151/element/f.B1DE806DB4DF8D130682F5CACC3F0FDB.d.FA949BB325F8D87256A371530E4BA180.e.14715/click - {}
RESULT: {}
COMMAND: GET /session/b65fc9896dbbad70d7119bd0d8ca6151/screenshot - {}
RESULT: {}
COMMAND: POST /session/b65fc9896dbbad70d7119bd0d8ca6151/elements - {"using":"xpath","value":"//span[text()='Error']"}
RESULT: {"using":"xpath","value":"//span[text()='Error']"}
COMMAND: POST /session/b65fc9896dbbad70d7119bd0d8ca6151/element - {"using":"xpath","value":"//button[@data-kt=\"addButton\"]"}
RESULT: {"using":"xpath","value":"//button[@data-kt=\"addButton\"]"}
COMMAND: POST /session/b65fc9896dbbad70d7119bd0d8ca6151/element/f.B1DE806DB4DF8D130682F5CACC3F0FDB.d.FA949BB325F8D87256A371530E4BA180.e.14764/click - {}
RESULT: {}
COMMAND: GET /session/b65fc9896dbbad70d7119bd0d8ca6151/screenshot - {}
COMMAND: POST /session/b65fc9896dbbad70d7119bd0d8ca6151/execute/async - {"script":"<script> [1562 bytes]","args":[{"selector":{"id":"application-managecontracts-display-component---AddNewContract--projectDescription","interaction":{"idSuffix":"inner"}},"wdio_ui5_key":"applicationmanagecontracts-display-component---AddNewContract--projectDescription"}]}
RESULT: {}
RESULT: {"script":"<script> [1562 bytes]","args":[{"selector":{"id":"application-managecontracts-display-component---AddNewContract--projectDescription","interaction":{"idSuffix":"inner"}},"wdio_ui5_key":"applicationmanagecontracts-display-component---AddNewContract--projectDescription"}]}
RESULT: undefined
COMMAND: POST /session/b65fc9896dbbad70d7119bd0d8ca6151/execute/async - {"script":"<script> [776 bytes]","args":[{"enterText":"WdIOR2cb09fy","selector":{"id":"application-managecontracts-display-component---AddNewContract--projectDescription","interaction":{"idSuffix":"inner"}},"clearTextFirst":true,"interactionType":"ENTER_TEXT"}]}
RESULT: {"script":"<script> [776 bytes]","args":[{"enterText":"WdIOR2cb09fy","selector":{"id":"application-managecontracts-display-component---AddNewContract--projectDescription","interaction":{"idSuffix":"inner"}},"clearTextFirst":true,"interactionType":"ENTER_TEXT"}]}
COMMAND: POST /session/b65fc9896dbbad70d7119bd0d8ca6151/element - {"using":"xpath","value":"//input[@id=\"application-managecontracts-display-component---AddNewContract--yardId-inner\"]"}
RESULT: {"using":"xpath","value":"//input[@id=\"application-managecontracts-display-component---AddNewContract--yardId-inner\"]"}
COMMAND: POST /session/b65fc9896dbbad70d7119bd0d8ca6151/element/f.B1DE806DB4DF8D130682F5CACC3F0FDB.d.FA949BB325F8D87256A371530E4BA180.e.15033/clear - {}
RESULT: {}
COMMAND: POST /session/b65fc9896dbbad70d7119bd0d8ca6151/element/f.B1DE806DB4DF8D130682F5CACC3F0FDB.d.FA949BB325F8D87256A371530E4BA180.e.15033/value - {"text":"WebdriverYardgn6a8"}
COMMAND: GET /session/b65fc9896dbbad70d7119bd0d8ca6151/screenshot - {}
RESULT: {"text":"WebdriverYardgn6a8"}
COMMAND: GET /session/b65fc9896dbbad70d7119bd0d8ca6151/screenshot - {}
RESULT: {}
RESULT: {}
COMMAND: POST /session/b65fc9896dbbad70d7119bd0d8ca6151/actions - {"actions":[{"id":"action75","type":"key","parameters":{},"actions":[{"type":"keyDown","value":""},{"type":"pause","duration":10},{"type":"keyUp","value":""}]}]}
RESULT: {"actions":[{"id":"action75","type":"key","parameters":{},"actions":[{"type":"keyDown","value":""},{"type":"pause","duration":10},{"type":"keyUp","value":""}]}]}
COMMAND: GET /session/b65fc9896dbbad70d7119bd0d8ca6151/screenshot - {}
RESULT: {}
COMMAND: POST /session/b65fc9896dbbad70d7119bd0d8ca6151/element - {"using":"xpath","value":"//input[@id=\"application-managecontracts-display-component---AddNewContract--customerSelect-inner\"]"}
RESULT: {"using":"xpath","value":"//input[@id=\"application-managecontracts-display-component---AddNewContract--customerSelect-inner\"]"}
COMMAND: POST /session/b65fc9896dbbad70d7119bd0d8ca6151/element/f.B1DE806DB4DF8D130682F5CACC3F0FDB.d.FA949BB325F8D87256A371530E4BA180.e.15031/clear - {}
RESULT: {}
COMMAND: POST /session/b65fc9896dbbad70d7119bd0d8ca6151/element/f.B1DE806DB4DF8D130682F5CACC3F0FDB.d.FA949BB325F8D87256A371530E4BA180.e.15031/value - {"text":"WebdriverPartnerldr6x"}
COMMAND: GET /session/b65fc9896dbbad70d7119bd0d8ca6151/screenshot - {}
RESULT: {"text":"WebdriverPartnerldr6x"}
COMMAND: GET /session/b65fc9896dbbad70d7119bd0d8ca6151/screenshot - {}
RESULT: {}
RESULT: {}
COMMAND: POST /session/b65fc9896dbbad70d7119bd0d8ca6151/actions - {"actions":[{"id":"action76","type":"key","parameters":{},"actions":[{"type":"keyDown","value":""},{"type":"pause","duration":10},{"type":"keyUp","value":""}]}]}
RESULT: {"actions":[{"id":"action76","type":"key","parameters":{},"actions":[{"type":"keyDown","value":""},{"type":"pause","duration":10},{"type":"keyUp","value":""}]}]}
COMMAND: GET /session/b65fc9896dbbad70d7119bd0d8ca6151/screenshot - {}
RESULT: {}
COMMAND: POST /session/b65fc9896dbbad70d7119bd0d8ca6151/element - {"using":"xpath","value":"//input[@id=\"application-managecontracts-display-component---AddNewContract--site-inner\"]"}
RESULT: {"using":"xpath","value":"//input[@id=\"application-managecontracts-display-component---AddNewContract--site-inner\"]"}
COMMAND: POST /session/b65fc9896dbbad70d7119bd0d8ca6151/element/f.B1DE806DB4DF8D130682F5CACC3F0FDB.d.FA949BB325F8D87256A371530E4BA180.e.15032/clear - {}
RESULT: {}
COMMAND: POST /session/b65fc9896dbbad70d7119bd0d8ca6151/element/f.B1DE806DB4DF8D130682F5CACC3F0FDB.d.FA949BB325F8D87256A371530E4BA180.e.15032/value - {"text":"WebdriverSitemwbff"}
COMMAND: GET /session/b65fc9896dbbad70d7119bd0d8ca6151/screenshot - {}
RESULT: {"text":"WebdriverSitemwbff"}
COMMAND: GET /session/b65fc9896dbbad70d7119bd0d8ca6151/screenshot - {}
RESULT: {}
RESULT: {}
COMMAND: POST /session/b65fc9896dbbad70d7119bd0d8ca6151/actions - {"actions":[{"id":"action77","type":"key","parameters":{},"actions":[{"type":"keyDown","value":""},{"type":"pause","duration":10},{"type":"keyUp","value":""}]}]}
RESULT: {"actions":[{"id":"action77","type":"key","parameters":{},"actions":[{"type":"keyDown","value":""},{"type":"pause","duration":10},{"type":"keyUp","value":""}]}]}
COMMAND: POST /session/b65fc9896dbbad70d7119bd0d8ca6151/element - {"using":"xpath","value":"//button[@data-kt=\"saveButton\"]"}
COMMAND: GET /session/b65fc9896dbbad70d7119bd0d8ca6151/screenshot - {}
RESULT: {"using":"xpath","value":"//button[@data-kt=\"saveButton\"]"}
COMMAND: POST /session/b65fc9896dbbad70d7119bd0d8ca6151/element/f.B1DE806DB4DF8D130682F5CACC3F0FDB.d.FA949BB325F8D87256A371530E4BA180.e.15109/click - {}
RESULT: {}
RESULT: {}
COMMAND: GET /session/b65fc9896dbbad70d7119bd0d8ca6151/screenshot - {}
RESULT: {}
COMMAND: POST /session/b65fc9896dbbad70d7119bd0d8ca6151/execute/async - {"script":"<script> [1562 bytes]","args":[{"selector":{"id":"contractDetailTitleNoExpanded","viewName":"etm.portal.ui.managecontracts.view.Detail"},"wdio_ui5_key":"contractDetailTitleNoExpandedetmportal.ui.managecontracts.view.Detail"}]}
RESULT: {"script":"<script> [1562 bytes]","args":[{"selector":{"id":"contractDetailTitleNoExpanded","viewName":"etm.portal.ui.managecontracts.view.Detail"},"wdio_ui5_key":"contractDetailTitleNoExpandedetmportal.ui.managecontracts.view.Detail"}]}
RESULT: undefined
COMMAND: POST /session/b65fc9896dbbad70d7119bd0d8ca6151/execute/async - {"script":"<script> [6424 bytes]","args":[{"element-6066-11e4-a52e-4f735466cecf":"f.B1DE806DB4DF8D130682F5CACC3F0FDB.d.FA949BB325F8D87256A371530E4BA180.e.15186"},"getText",[]]}
RESULT: {"script":"<script> [6424 bytes]","args":[{"element-6066-11e4-a52e-4f735466cecf":"f.B1DE806DB4DF8D130682F5CACC3F0FDB.d.FA949BB325F8D87256A371530E4BA180.e.15186"},"getText",[]]}
]]></system-out>
    </testcase>
    <testcase classname="chrome.137_0_7151_69.windows.E2E_-_Logistical_and_commercial_statuses" name="Should add materialID to the contract" time="44.014">
      <system-out><![CDATA[
COMMAND: POST /session/b65fc9896dbbad70d7119bd0d8ca6151/element - {"using":"xpath","value":"//button[@data-kt=\"contractDetailEditBtnButton\"]"}
RESULT: {"using":"xpath","value":"//button[@data-kt=\"contractDetailEditBtnButton\"]"}
COMMAND: POST /session/b65fc9896dbbad70d7119bd0d8ca6151/element/f.B1DE806DB4DF8D130682F5CACC3F0FDB.d.FA949BB325F8D87256A371530E4BA180.e.15187/click - {}
RESULT: {}
COMMAND: GET /session/b65fc9896dbbad70d7119bd0d8ca6151/screenshot - {}
RESULT: {}
COMMAND: POST /session/b65fc9896dbbad70d7119bd0d8ca6151/element - {"using":"xpath","value":"(//span[contains(text(), \"Additional Addresses\")])[2]"}
RESULT: {"using":"xpath","value":"(//span[contains(text(), \"Additional Addresses\")])[2]"}
COMMAND: POST /session/b65fc9896dbbad70d7119bd0d8ca6151/element/f.B1DE806DB4DF8D130682F5CACC3F0FDB.d.FA949BB325F8D87256A371530E4BA180.e.15243/click - {}
RESULT: {}
COMMAND: GET /session/b65fc9896dbbad70d7119bd0d8ca6151/screenshot - {}
RESULT: {}
COMMAND: POST /session/b65fc9896dbbad70d7119bd0d8ca6151/element - {"using":"xpath","value":"//button[@data-kt=\"btnAddTableRowOverflowToolbarButton\"]"}
RESULT: {"using":"xpath","value":"//button[@data-kt=\"btnAddTableRowOverflowToolbarButton\"]"}
COMMAND: POST /session/b65fc9896dbbad70d7119bd0d8ca6151/element/f.B1DE806DB4DF8D130682F5CACC3F0FDB.d.FA949BB325F8D87256A371530E4BA180.e.15245/click - {}
RESULT: {}
COMMAND: GET /session/b65fc9896dbbad70d7119bd0d8ca6151/screenshot - {}
RESULT: {}
COMMAND: POST /session/b65fc9896dbbad70d7119bd0d8ca6151/element - {"using":"xpath","value":"//div[(text() = 'Standard Entry' or . = 'Standard Entry')]"}
RESULT: {"using":"xpath","value":"//div[(text() = 'Standard Entry' or . = 'Standard Entry')]"}
COMMAND: POST /session/b65fc9896dbbad70d7119bd0d8ca6151/element/f.B1DE806DB4DF8D130682F5CACC3F0FDB.d.FA949BB325F8D87256A371530E4BA180.e.15247/click - {}
RESULT: {}
COMMAND: POST /session/b65fc9896dbbad70d7119bd0d8ca6151/element - {"using":"xpath","value":"//td[6]/div/div/input[1]"}
COMMAND: GET /session/b65fc9896dbbad70d7119bd0d8ca6151/screenshot - {}
RESULT: {"using":"xpath","value":"//td[6]/div/div/input[1]"}
COMMAND: POST /session/b65fc9896dbbad70d7119bd0d8ca6151/element/f.B1DE806DB4DF8D130682F5CACC3F0FDB.d.FA949BB325F8D87256A371530E4BA180.e.15249/click - {}
RESULT: {}
RESULT: {}
COMMAND: POST /session/b65fc9896dbbad70d7119bd0d8ca6151/actions - {"actions":[{"id":"action78","type":"key","parameters":{},"actions":[{"type":"keyDown","value":""},{"type":"pause","duration":10},{"type":"keyUp","value":""}]}]}
COMMAND: GET /session/b65fc9896dbbad70d7119bd0d8ca6151/screenshot - {}
RESULT: {"actions":[{"id":"action78","type":"key","parameters":{},"actions":[{"type":"keyDown","value":""},{"type":"pause","duration":10},{"type":"keyUp","value":""}]}]}
COMMAND: POST /session/b65fc9896dbbad70d7119bd0d8ca6151/element - {"using":"xpath","value":"//td[6]/div/div/input[1]"}
COMMAND: GET /session/b65fc9896dbbad70d7119bd0d8ca6151/screenshot - {}
RESULT: {}
RESULT: {"using":"xpath","value":"//td[6]/div/div/input[1]"}
COMMAND: POST /session/b65fc9896dbbad70d7119bd0d8ca6151/element/f.B1DE806DB4DF8D130682F5CACC3F0FDB.d.FA949BB325F8D87256A371530E4BA180.e.15249/clear - {}
RESULT: {}
RESULT: {}
COMMAND: POST /session/b65fc9896dbbad70d7119bd0d8ca6151/element/f.B1DE806DB4DF8D130682F5CACC3F0FDB.d.FA949BB325F8D87256A371530E4BA180.e.15249/value - {"text":"Material"}
COMMAND: GET /session/b65fc9896dbbad70d7119bd0d8ca6151/screenshot - {}
RESULT: {"text":"Material"}
COMMAND: GET /session/b65fc9896dbbad70d7119bd0d8ca6151/screenshot - {}
RESULT: {}
RESULT: {}
COMMAND: POST /session/b65fc9896dbbad70d7119bd0d8ca6151/actions - {"actions":[{"id":"action79","type":"key","parameters":{},"actions":[{"type":"keyDown","value":""},{"type":"pause","duration":10},{"type":"keyUp","value":""}]}]}
RESULT: {"actions":[{"id":"action79","type":"key","parameters":{},"actions":[{"type":"keyDown","value":""},{"type":"pause","duration":10},{"type":"keyUp","value":""}]}]}
COMMAND: GET /session/b65fc9896dbbad70d7119bd0d8ca6151/screenshot - {}
RESULT: {}
COMMAND: POST /session/b65fc9896dbbad70d7119bd0d8ca6151/actions - {"actions":[{"id":"action80","type":"key","parameters":{},"actions":[{"type":"keyDown","value":""},{"type":"pause","duration":10},{"type":"keyUp","value":""}]}]}
RESULT: {"actions":[{"id":"action80","type":"key","parameters":{},"actions":[{"type":"keyDown","value":""},{"type":"pause","duration":10},{"type":"keyUp","value":""}]}]}
COMMAND: POST /session/b65fc9896dbbad70d7119bd0d8ca6151/element - {"using":"xpath","value":"//td[7]/div/div/input"}
COMMAND: GET /session/b65fc9896dbbad70d7119bd0d8ca6151/screenshot - {}
RESULT: {"using":"xpath","value":"//td[7]/div/div/input"}
COMMAND: POST /session/b65fc9896dbbad70d7119bd0d8ca6151/element/f.B1DE806DB4DF8D130682F5CACC3F0FDB.d.FA949BB325F8D87256A371530E4BA180.e.15262/clear - {}
RESULT: {}
RESULT: {}
COMMAND: POST /session/b65fc9896dbbad70d7119bd0d8ca6151/element/f.B1DE806DB4DF8D130682F5CACC3F0FDB.d.FA949BB325F8D87256A371530E4BA180.e.15262/value - {"text":"WebdriverMatTestknef9"}
COMMAND: GET /session/b65fc9896dbbad70d7119bd0d8ca6151/screenshot - {}
RESULT: {"text":"WebdriverMatTestknef9"}
COMMAND: GET /session/b65fc9896dbbad70d7119bd0d8ca6151/screenshot - {}
RESULT: {}
RESULT: {}
COMMAND: POST /session/b65fc9896dbbad70d7119bd0d8ca6151/actions - {"actions":[{"id":"action81","type":"key","parameters":{},"actions":[{"type":"keyDown","value":""},{"type":"pause","duration":10},{"type":"keyUp","value":""}]}]}
RESULT: {"actions":[{"id":"action81","type":"key","parameters":{},"actions":[{"type":"keyDown","value":""},{"type":"pause","duration":10},{"type":"keyUp","value":""}]}]}
COMMAND: GET /session/b65fc9896dbbad70d7119bd0d8ca6151/screenshot - {}
RESULT: {}
COMMAND: POST /session/b65fc9896dbbad70d7119bd0d8ca6151/actions - {"actions":[{"id":"action82","type":"key","parameters":{},"actions":[{"type":"keyDown","value":""},{"type":"pause","duration":10},{"type":"keyUp","value":""}]}]}
RESULT: {"actions":[{"id":"action82","type":"key","parameters":{},"actions":[{"type":"keyDown","value":""},{"type":"pause","duration":10},{"type":"keyUp","value":""}]}]}
COMMAND: GET /session/b65fc9896dbbad70d7119bd0d8ca6151/screenshot - {}
RESULT: {}
COMMAND: POST /session/b65fc9896dbbad70d7119bd0d8ca6151/element - {"using":"xpath","value":"(//button[@data-kt=\"saveButton\"])[2]"}
RESULT: {"using":"xpath","value":"(//button[@data-kt=\"saveButton\"])[2]"}
COMMAND: POST /session/b65fc9896dbbad70d7119bd0d8ca6151/element/f.B1DE806DB4DF8D130682F5CACC3F0FDB.d.FA949BB325F8D87256A371530E4BA180.e.15285/click - {}
RESULT: {}
COMMAND: GET /session/b65fc9896dbbad70d7119bd0d8ca6151/screenshot - {}
RESULT: {}
]]></system-out>
    </testcase>
    <testcase classname="chrome.137_0_7151_69.windows.E2E_-_Logistical_and_commercial_statuses" name="It should follow the handover steps to the status fully provided" time="172.06">
      <failure/>
      <error message="expect(received).toEqual(expected) // deep equality&#xA;&#xA;Expected: &quot;partial provided&quot;&#xA;Received: &quot;provide (prepared)&quot;"/>
      <system-out><![CDATA[
COMMAND: POST /session/b65fc9896dbbad70d7119bd0d8ca6151/execute/async - {"script":"<script> [1562 bytes]","args":[{"selector":{"id":"contractDetailProvideButton","viewName":"etm.portal.ui.managecontracts.view.Detail","interaction":{"idSuffix":"BDI-content"}},"wdio_ui5_key":"contractDetailProvideButtonetmportal.ui.managecontracts.view.Detail"}]}
RESULT: {"script":"<script> [1562 bytes]","args":[{"selector":{"id":"contractDetailProvideButton","viewName":"etm.portal.ui.managecontracts.view.Detail","interaction":{"idSuffix":"BDI-content"}},"wdio_ui5_key":"contractDetailProvideButtonetmportal.ui.managecontracts.view.Detail"}]}
RESULT: undefined
COMMAND: POST /session/b65fc9896dbbad70d7119bd0d8ca6151/element - {"using":"xpath","value":"//*[@id=\"__xmlview62--contractDetailProvideButton\"]"}
RESULT: {"using":"xpath","value":"//*[@id=\"__xmlview62--contractDetailProvideButton\"]"}
COMMAND: POST /session/b65fc9896dbbad70d7119bd0d8ca6151/element/f.B1DE806DB4DF8D130682F5CACC3F0FDB.d.FA949BB325F8D87256A371530E4BA180.e.15289/click - {}
RESULT: {}
COMMAND: GET /session/b65fc9896dbbad70d7119bd0d8ca6151/screenshot - {}
COMMAND: POST /session/b65fc9896dbbad70d7119bd0d8ca6151/execute/async - {"script":"<script> [1562 bytes]","args":[{"selector":{"id":"application-managehandovers-display-component---AddNewHO--oneStep","interaction":{"idSuffix":"CbBg"}},"wdio_ui5_key":"applicationmanagehandovers-display-component---AddNewHO--oneStep"}]}
RESULT: {}
RESULT: {"script":"<script> [1562 bytes]","args":[{"selector":{"id":"application-managehandovers-display-component---AddNewHO--oneStep","interaction":{"idSuffix":"CbBg"}},"wdio_ui5_key":"applicationmanagehandovers-display-component---AddNewHO--oneStep"}]}
RESULT: undefined
COMMAND: POST /session/b65fc9896dbbad70d7119bd0d8ca6151/element - {"using":"xpath","value":"//*[@id=\"application-managehandovers-display-component---AddNewHO--oneStep\"]"}
RESULT: {"using":"xpath","value":"//*[@id=\"application-managehandovers-display-component---AddNewHO--oneStep\"]"}
COMMAND: POST /session/b65fc9896dbbad70d7119bd0d8ca6151/element/f.B1DE806DB4DF8D130682F5CACC3F0FDB.d.FA949BB325F8D87256A371530E4BA180.e.15459/click - {}
RESULT: {}
RESULT: undefined
COMMAND: POST /session/b65fc9896dbbad70d7119bd0d8ca6151/execute/async - {"script":"<script> [776 bytes]","args":[{"enterText":"06/13/25","selector":{"id":"application-managehandovers-display-component---AddNewHO--dueDate","interaction":{"idSuffix":"inner"}},"clearTextFirst":true,"interactionType":"ENTER_TEXT"}]}
COMMAND: GET /session/b65fc9896dbbad70d7119bd0d8ca6151/screenshot - {}
RESULT: {"script":"<script> [776 bytes]","args":[{"enterText":"06/13/25","selector":{"id":"application-managehandovers-display-component---AddNewHO--dueDate","interaction":{"idSuffix":"inner"}},"clearTextFirst":true,"interactionType":"ENTER_TEXT"}]}
RESULT: undefined
COMMAND: POST /session/b65fc9896dbbad70d7119bd0d8ca6151/element - {"using":"xpath","value":"//*[@id=\"application-managehandovers-display-component---AddNewHO--ObjectPageLayout-anchBar-application-managehandovers-display-component---AddNewHO--section4-anchor\"]"}
RESULT: {}
RESULT: {"using":"xpath","value":"//*[@id=\"application-managehandovers-display-component---AddNewHO--ObjectPageLayout-anchBar-application-managehandovers-display-component---AddNewHO--section4-anchor\"]"}
COMMAND: POST /session/b65fc9896dbbad70d7119bd0d8ca6151/element/f.B1DE806DB4DF8D130682F5CACC3F0FDB.d.FA949BB325F8D87256A371530E4BA180.e.15462/click - {}
RESULT: {}
COMMAND: POST /session/b65fc9896dbbad70d7119bd0d8ca6151/execute/async - {"script":"<script> [1562 bytes]","args":[{"selector":{"controlType":"sap.ui.core.Icon","viewName":"etm.portal.ui.managehandovers.view.AddNewHO","viewId":"application-managehandovers-display-component---AddNewHO","properties":{"src":{"regex":{"source":"add"}}}},"wdio_ui5_key":"etmportal.ui.managehandovers.view.AddNewHOsap.ui.core.Icon{\"src\":{\"regex\":{\"source\":\"add\"}}}"}]}
COMMAND: GET /session/b65fc9896dbbad70d7119bd0d8ca6151/screenshot - {}
RESULT: {"script":"<script> [1562 bytes]","args":[{"selector":{"controlType":"sap.ui.core.Icon","viewName":"etm.portal.ui.managehandovers.view.AddNewHO","viewId":"application-managehandovers-display-component---AddNewHO","properties":{"src":{"regex":{"source":"add"}}}},"wdio_ui5_key":"etmportal.ui.managehandovers.view.AddNewHOsap.ui.core.Icon{\"src\":{\"regex\":{\"source\":\"add\"}}}"}]}
RESULT: undefined
COMMAND: POST /session/b65fc9896dbbad70d7119bd0d8ca6151/element - {"using":"xpath","value":"//*[@id=\"__button158-img\"]"}
RESULT: {}
RESULT: {"using":"xpath","value":"//*[@id=\"__button158-img\"]"}
COMMAND: POST /session/b65fc9896dbbad70d7119bd0d8ca6151/element/f.B1DE806DB4DF8D130682F5CACC3F0FDB.d.FA949BB325F8D87256A371530E4BA180.e.15466/click - {}
RESULT: {}
COMMAND: GET /session/b65fc9896dbbad70d7119bd0d8ca6151/screenshot - {}
RESULT: {}
RESULT: undefined
COMMAND: POST /session/b65fc9896dbbad70d7119bd0d8ca6151/element - {"using":"xpath","value":"//*[@id=\"application-managehandovers-display-component---AddNewHO--popup-sa\"]"}
RESULT: {"using":"xpath","value":"//*[@id=\"application-managehandovers-display-component---AddNewHO--popup-sa\"]"}
COMMAND: POST /session/b65fc9896dbbad70d7119bd0d8ca6151/element/f.B1DE806DB4DF8D130682F5CACC3F0FDB.d.FA949BB325F8D87256A371530E4BA180.e.15476/click - {}
RESULT: {}
COMMAND: POST /session/b65fc9896dbbad70d7119bd0d8ca6151/execute/async - {"script":"<script> [1562 bytes]","args":[{"selector":{"controlType":"sap.m.Button","viewName":"etm.portal.ui.managehandovers.view.AddNewHO","viewId":"application-managehandovers-display-component---AddNewHO","i18NText":{"propertyName":"text","key":"select"},"searchOpenDialogs":true,"interaction":{"idSuffix":"inner"}},"wdio_ui5_key":"etmportal.ui.managehandovers.view.AddNewHOsap.m.Button{\"propertyName\":\"text\",\"key\":\"select\"}"}]}
COMMAND: GET /session/b65fc9896dbbad70d7119bd0d8ca6151/screenshot - {}
RESULT: {"script":"<script> [1562 bytes]","args":[{"selector":{"controlType":"sap.m.Button","viewName":"etm.portal.ui.managehandovers.view.AddNewHO","viewId":"application-managehandovers-display-component---AddNewHO","i18NText":{"propertyName":"text","key":"select"},"searchOpenDialogs":true,"interaction":{"idSuffix":"inner"}},"wdio_ui5_key":"etmportal.ui.managehandovers.view.AddNewHOsap.m.Button{\"propertyName\":\"text\",\"key\":\"select\"}"}]}
RESULT: undefined
COMMAND: POST /session/b65fc9896dbbad70d7119bd0d8ca6151/element - {"using":"xpath","value":"//*[@id=\"__button162\"]"}
RESULT: {}
RESULT: {"using":"xpath","value":"//*[@id=\"__button162\"]"}
COMMAND: POST /session/b65fc9896dbbad70d7119bd0d8ca6151/element/f.B1DE806DB4DF8D130682F5CACC3F0FDB.d.FA949BB325F8D87256A371530E4BA180.e.15479/click - {}
RESULT: {}
COMMAND: POST /session/b65fc9896dbbad70d7119bd0d8ca6151/execute/async - {"script":"<script> [1562 bytes]","args":[{"selector":{"id":"application-managehandovers-display-component---AddNewHO--confirmCreationButton","interaction":{"idSuffix":"BDI-content"}},"wdio_ui5_key":"applicationmanagehandovers-display-component---AddNewHO--confirmCreationButton"}]}
COMMAND: GET /session/b65fc9896dbbad70d7119bd0d8ca6151/screenshot - {}
RESULT: {"script":"<script> [1562 bytes]","args":[{"selector":{"id":"application-managehandovers-display-component---AddNewHO--confirmCreationButton","interaction":{"idSuffix":"BDI-content"}},"wdio_ui5_key":"applicationmanagehandovers-display-component---AddNewHO--confirmCreationButton"}]}
RESULT: undefined
COMMAND: POST /session/b65fc9896dbbad70d7119bd0d8ca6151/element - {"using":"xpath","value":"//*[@id=\"application-managehandovers-display-component---AddNewHO--confirmCreationButton\"]"}
RESULT: {}
RESULT: {"using":"xpath","value":"//*[@id=\"application-managehandovers-display-component---AddNewHO--confirmCreationButton\"]"}
COMMAND: POST /session/b65fc9896dbbad70d7119bd0d8ca6151/element/f.B1DE806DB4DF8D130682F5CACC3F0FDB.d.FA949BB325F8D87256A371530E4BA180.e.15425/click - {}
RESULT: {}
COMMAND: GET /session/b65fc9896dbbad70d7119bd0d8ca6151/screenshot - {}
RESULT: {}
COMMAND: POST /session/b65fc9896dbbad70d7119bd0d8ca6151/element - {"using":"xpath","value":"//a[contains(@data-kt ,\"GeneralSectionReceiveContracttLink\")]"}
RESULT: {"using":"xpath","value":"//a[contains(@data-kt ,\"GeneralSectionReceiveContracttLink\")]"}
COMMAND: POST /session/b65fc9896dbbad70d7119bd0d8ca6151/element/f.B1DE806DB4DF8D130682F5CACC3F0FDB.d.FA949BB325F8D87256A371530E4BA180.e.15527/click - {}
RESULT: {}
COMMAND: GET /session/b65fc9896dbbad70d7119bd0d8ca6151/screenshot - {}
RESULT: {}
COMMAND: POST /session/b65fc9896dbbad70d7119bd0d8ca6151/element - {"using":"xpath","value":"//a[contains(@data-kt ,\"ContextMenuId2Link\")]"}
RESULT: {"using":"xpath","value":"//a[contains(@data-kt ,\"ContextMenuId2Link\")]"}
COMMAND: POST /session/b65fc9896dbbad70d7119bd0d8ca6151/element/f.B1DE806DB4DF8D130682F5CACC3F0FDB.d.FA949BB325F8D87256A371530E4BA180.e.15531/click - {}
RESULT: {}
COMMAND: GET /session/b65fc9896dbbad70d7119bd0d8ca6151/screenshot - {}
RESULT: {}
COMMAND: POST /session/b65fc9896dbbad70d7119bd0d8ca6151/execute/async - {"script":"<script> [1562 bytes]","args":[{"selector":{"controlType":"sap.m.ObjectStatus","viewName":"etm.portal.ui.managecontracts.view.Detail","bindingPath":{"propertyPath":"LINK_TO_LOGISTICAL_STATUS/DESCRIPTION","modelName":"catalogModel"}},"wdio_ui5_key":"etmportal.ui.managecontracts.view.Detailsap.m.ObjectStatus{\"propertyPath\":\"LINK_TO_LOGISTICAL_STATUS/DESCRIPTION\",\"modelName\":\"catalogModel\"}"}]}
RESULT: {"script":"<script> [1562 bytes]","args":[{"selector":{"controlType":"sap.m.ObjectStatus","viewName":"etm.portal.ui.managecontracts.view.Detail","bindingPath":{"propertyPath":"LINK_TO_LOGISTICAL_STATUS/DESCRIPTION","modelName":"catalogModel"}},"wdio_ui5_key":"etmportal.ui.managecontracts.view.Detailsap.m.ObjectStatus{\"propertyPath\":\"LINK_TO_LOGISTICAL_STATUS/DESCRIPTION\",\"modelName\":\"catalogModel\"}"}]}
RESULT: undefined
COMMAND: POST /session/b65fc9896dbbad70d7119bd0d8ca6151/execute/async - {"script":"<script> [6424 bytes]","args":[{"element-6066-11e4-a52e-4f735466cecf":"f.B1DE806DB4DF8D130682F5CACC3F0FDB.d.FA949BB325F8D87256A371530E4BA180.e.15768"},"getText",[]]}
RESULT: {"script":"<script> [6424 bytes]","args":[{"element-6066-11e4-a52e-4f735466cecf":"f.B1DE806DB4DF8D130682F5CACC3F0FDB.d.FA949BB325F8D87256A371530E4BA180.e.15768"},"getText",[]]}
COMMAND: POST /session/b65fc9896dbbad70d7119bd0d8ca6151/execute/async - {"script":"<script> [1562 bytes]","args":[{"selector":{"controlType":"sap.m.ObjectStatus","viewName":"etm.portal.ui.managecontracts.view.Detail","bindingPath":{"propertyPath":"LINK_TO_COMMERCIAL_STATUS/DESCRIPTION","modelName":"catalogModel"}},"wdio_ui5_key":"etmportal.ui.managecontracts.view.Detailsap.m.ObjectStatus{\"propertyPath\":\"LINK_TO_COMMERCIAL_STATUS/DESCRIPTION\",\"modelName\":\"catalogModel\"}"}]}
RESULT: {"script":"<script> [1562 bytes]","args":[{"selector":{"controlType":"sap.m.ObjectStatus","viewName":"etm.portal.ui.managecontracts.view.Detail","bindingPath":{"propertyPath":"LINK_TO_COMMERCIAL_STATUS/DESCRIPTION","modelName":"catalogModel"}},"wdio_ui5_key":"etmportal.ui.managecontracts.view.Detailsap.m.ObjectStatus{\"propertyPath\":\"LINK_TO_COMMERCIAL_STATUS/DESCRIPTION\",\"modelName\":\"catalogModel\"}"}]}
RESULT: undefined
COMMAND: POST /session/b65fc9896dbbad70d7119bd0d8ca6151/execute/async - {"script":"<script> [6424 bytes]","args":[{"element-6066-11e4-a52e-4f735466cecf":"f.B1DE806DB4DF8D130682F5CACC3F0FDB.d.FA949BB325F8D87256A371530E4BA180.e.15769"},"getText",[]]}
RESULT: {"script":"<script> [6424 bytes]","args":[{"element-6066-11e4-a52e-4f735466cecf":"f.B1DE806DB4DF8D130682F5CACC3F0FDB.d.FA949BB325F8D87256A371530E4BA180.e.15769"},"getText",[]]}
COMMAND: POST /session/b65fc9896dbbad70d7119bd0d8ca6151/execute/async - {"script":"<script> [1562 bytes]","args":[{"selector":{"id":"backBtn"},"wdio_ui5_key":"backBtn"}]}
RESULT: {"script":"<script> [1562 bytes]","args":[{"selector":{"id":"backBtn"},"wdio_ui5_key":"backBtn"}]}
RESULT: undefined
COMMAND: POST /session/b65fc9896dbbad70d7119bd0d8ca6151/element - {"using":"xpath","value":"//*[@id=\"backBtn\"]"}
RESULT: {"using":"xpath","value":"//*[@id=\"backBtn\"]"}
COMMAND: POST /session/b65fc9896dbbad70d7119bd0d8ca6151/element/f.B1DE806DB4DF8D130682F5CACC3F0FDB.d.FA949BB325F8D87256A371530E4BA180.e.15770/click - {}
RESULT: {}
COMMAND: GET /session/b65fc9896dbbad70d7119bd0d8ca6151/screenshot - {}
COMMAND: POST /session/b65fc9896dbbad70d7119bd0d8ca6151/execute/async - {"script":"<script> [1562 bytes]","args":[{"selector":{"controlType":"sap.m.Text","viewName":"etm.portal.ui.managehandovers.view.DetailExecuteHO","bindingPath":{"propertyPath":"NO","modelName":"catalogModel"}},"wdio_ui5_key":"etmportal.ui.managehandovers.view.DetailExecuteHOsap.m.Text{\"propertyPath\":\"NO\",\"modelName\":\"catalogModel\"}"}]}
RESULT: {}
RESULT: {"script":"<script> [1562 bytes]","args":[{"selector":{"controlType":"sap.m.Text","viewName":"etm.portal.ui.managehandovers.view.DetailExecuteHO","bindingPath":{"propertyPath":"NO","modelName":"catalogModel"}},"wdio_ui5_key":"etmportal.ui.managehandovers.view.DetailExecuteHOsap.m.Text{\"propertyPath\":\"NO\",\"modelName\":\"catalogModel\"}"}]}
RESULT: undefined
COMMAND: POST /session/b65fc9896dbbad70d7119bd0d8ca6151/execute/async - {"script":"<script> [6424 bytes]","args":[{"element-6066-11e4-a52e-4f735466cecf":"f.B1DE806DB4DF8D130682F5CACC3F0FDB.d.FA949BB325F8D87256A371530E4BA180.e.15910"},"getText",[]]}
RESULT: {"script":"<script> [6424 bytes]","args":[{"element-6066-11e4-a52e-4f735466cecf":"f.B1DE806DB4DF8D130682F5CACC3F0FDB.d.FA949BB325F8D87256A371530E4BA180.e.15910"},"getText",[]]}
COMMAND: POST /session/b65fc9896dbbad70d7119bd0d8ca6151/element - {"using":"xpath","value":"//input[contains(@id ,\"issueDatePicker-inner\")]"}
RESULT: {"using":"xpath","value":"//input[contains(@id ,\"issueDatePicker-inner\")]"}
COMMAND: GET /session/b65fc9896dbbad70d7119bd0d8ca6151/element/f.B1DE806DB4DF8D130682F5CACC3F0FDB.d.FA949BB325F8D87256A371530E4BA180.e.15889/property/value - {}
RESULT: {}
COMMAND: POST /session/b65fc9896dbbad70d7119bd0d8ca6151/element/f.B1DE806DB4DF8D130682F5CACC3F0FDB.d.FA949BB325F8D87256A371530E4BA180.e.15889/clear - {}
COMMAND: GET /session/b65fc9896dbbad70d7119bd0d8ca6151/screenshot - {}
RESULT: {}
COMMAND: POST /session/b65fc9896dbbad70d7119bd0d8ca6151/element/f.B1DE806DB4DF8D130682F5CACC3F0FDB.d.FA949BB325F8D87256A371530E4BA180.e.15889/value - {"text":"06/13/25"}
COMMAND: GET /session/b65fc9896dbbad70d7119bd0d8ca6151/screenshot - {}
RESULT: {}
RESULT: {"text":"06/13/25"}
COMMAND: GET /session/b65fc9896dbbad70d7119bd0d8ca6151/screenshot - {}
RESULT: {}
RESULT: {}
COMMAND: POST /session/b65fc9896dbbad70d7119bd0d8ca6151/execute/async - {"script":"<script> [1562 bytes]","args":[{"selector":{"controlType":"sap.m.Button","viewName":"etm.portal.ui.managehandovers.view.DetailExecuteHO","i18NText":{"propertyName":"text","key":"confirmAll"},"interaction":{"idSuffix":"inner"}},"wdio_ui5_key":"etmportal.ui.managehandovers.view.DetailExecuteHOsap.m.Button{\"propertyName\":\"text\",\"key\":\"confirmAll\"}"}]}
RESULT: {"script":"<script> [1562 bytes]","args":[{"selector":{"controlType":"sap.m.Button","viewName":"etm.portal.ui.managehandovers.view.DetailExecuteHO","i18NText":{"propertyName":"text","key":"confirmAll"},"interaction":{"idSuffix":"inner"}},"wdio_ui5_key":"etmportal.ui.managehandovers.view.DetailExecuteHOsap.m.Button{\"propertyName\":\"text\",\"key\":\"confirmAll\"}"}]}
RESULT: undefined
COMMAND: POST /session/b65fc9896dbbad70d7119bd0d8ca6151/element - {"using":"xpath","value":"//*[@id=\"__button246\"]"}
RESULT: {"using":"xpath","value":"//*[@id=\"__button246\"]"}
COMMAND: POST /session/b65fc9896dbbad70d7119bd0d8ca6151/element/f.B1DE806DB4DF8D130682F5CACC3F0FDB.d.FA949BB325F8D87256A371530E4BA180.e.15916/click - {}
COMMAND: POST /session/b65fc9896dbbad70d7119bd0d8ca6151/actions - {"actions":[{"id":"action83","type":"key","parameters":{},"actions":[{"type":"keyDown","value":""},{"type":"pause","duration":10},{"type":"keyUp","value":""}]}]}
RESULT: {"actions":[{"id":"action83","type":"key","parameters":{},"actions":[{"type":"keyDown","value":""},{"type":"pause","duration":10},{"type":"keyUp","value":""}]}]}
COMMAND: GET /session/b65fc9896dbbad70d7119bd0d8ca6151/screenshot - {}
RESULT: {}
RESULT: undefined
COMMAND: POST /session/b65fc9896dbbad70d7119bd0d8ca6151/element - {"using":"xpath","value":"//*[@id=\"__button246\"]"}
RESULT: {"using":"xpath","value":"//*[@id=\"__button246\"]"}
COMMAND: POST /session/b65fc9896dbbad70d7119bd0d8ca6151/element/f.B1DE806DB4DF8D130682F5CACC3F0FDB.d.FA949BB325F8D87256A371530E4BA180.e.15916/click - {}
RESULT: {}
COMMAND: GET /session/b65fc9896dbbad70d7119bd0d8ca6151/screenshot - {}
RESULT: {}
COMMAND: POST /session/b65fc9896dbbad70d7119bd0d8ca6151/execute/async - {"script":"<script> [1562 bytes]","args":[{"selector":{"controlType":"sap.m.Button","properties":{"text":"OK"},"searchOpenDialogs":true,"interaction":{"idSuffix":"content"}},"wdio_ui5_key":"sapm.Button{\"text\":\"OK\"}"}]}
RESULT: {"script":"<script> [1562 bytes]","args":[{"selector":{"controlType":"sap.m.Button","properties":{"text":"OK"},"searchOpenDialogs":true,"interaction":{"idSuffix":"content"}},"wdio_ui5_key":"sapm.Button{\"text\":\"OK\"}"}]}
RESULT: undefined
COMMAND: POST /session/b65fc9896dbbad70d7119bd0d8ca6151/element - {"using":"xpath","value":"//*[@id=\"__mbox-btn-3\"]"}
RESULT: {"using":"xpath","value":"//*[@id=\"__mbox-btn-3\"]"}
COMMAND: POST /session/b65fc9896dbbad70d7119bd0d8ca6151/element/f.B1DE806DB4DF8D130682F5CACC3F0FDB.d.FA949BB325F8D87256A371530E4BA180.e.15918/click - {}
RESULT: {}
COMMAND: GET /session/b65fc9896dbbad70d7119bd0d8ca6151/screenshot - {}
RESULT: {}
COMMAND: POST /session/b65fc9896dbbad70d7119bd0d8ca6151/element - {"using":"xpath","value":"//button[contains(@data-kt ,\"execHoPickFooterButton\")]"}
RESULT: {"using":"xpath","value":"//button[contains(@data-kt ,\"execHoPickFooterButton\")]"}
COMMAND: POST /session/b65fc9896dbbad70d7119bd0d8ca6151/element/f.B1DE806DB4DF8D130682F5CACC3F0FDB.d.FA949BB325F8D87256A371530E4BA180.e.15922/click - {}
RESULT: {}
COMMAND: GET /session/b65fc9896dbbad70d7119bd0d8ca6151/screenshot - {}
RESULT: {}
COMMAND: POST /session/b65fc9896dbbad70d7119bd0d8ca6151/refresh - {}
RESULT: {}
COMMAND: GET /session/b65fc9896dbbad70d7119bd0d8ca6151/screenshot - {}
RESULT: {}
COMMAND: POST /session/b65fc9896dbbad70d7119bd0d8ca6151/refresh - {}
RESULT: {}
COMMAND: GET /session/b65fc9896dbbad70d7119bd0d8ca6151/screenshot - {}
RESULT: {}
COMMAND: POST /session/b65fc9896dbbad70d7119bd0d8ca6151/window/fullscreen - {}
RESULT: {}
COMMAND: POST /session/b65fc9896dbbad70d7119bd0d8ca6151/execute/async - {"script":"<script> [189 bytes]","args":[]}
RESULT: {"script":"<script> [189 bytes]","args":[]}
COMMAND: POST /session/b65fc9896dbbad70d7119bd0d8ca6151/execute/async - {"script":"<script> [123 bytes]","args":[]}
RESULT: {"script":"<script> [123 bytes]","args":[]}
COMMAND: POST /session/b65fc9896dbbad70d7119bd0d8ca6151/timeouts - {"script":"<number>"}
RESULT: {"script":"<number>"}
COMMAND: GET /session/b65fc9896dbbad70d7119bd0d8ca6151/timeouts - {}
RESULT: {}
RESULT: undefined
COMMAND: POST /session/b65fc9896dbbad70d7119bd0d8ca6151/execute/async - {"script":"<script> [2676 bytes]","args":[]}
RESULT: {"script":"<script> [2676 bytes]","args":[]}
COMMAND: POST /session/b65fc9896dbbad70d7119bd0d8ca6151/execute/async - {"script":"<script> [2342 bytes]","args":[{"protocol":"http","hostname":"0.0.0.0","path":"/","capabilities":{"browserName":"chrome","goog:chromeOptions":{"binary":"C:\\Program Files\\Google\\Chrome\\Application\\chrome.exe","args":["--start-maximized"]}},"logLevel":"warn","connectionRetryTimeout":120000,"connectionRetryCount":3,"logLevels":{},"enableDirectConnect":true,"strictSSL":true,"_":"65 more keys: [\"cacheDir\",\"port\",\"requestedCapabilities\",\"automationProtocol\",\"baseUrl\",\"waitforInterval\",\"waitforTimeout\",\"onReload\",\"beforeCommand\",\"afterCommand\",\"rootDir\",\"specs\",\"suites\",\"exclude\",\"groupLogsByTestSpec\",\"excludeDriverLogs\",\"bail\",\"framework\",\"reporters\",\"services\",\"maxInstances\",\"maxInstancesPerCapability\",\"injectGlobals\",\"filesToWatch\",\"execArgv\",\"runnerEnv\",\"runner\",\"shard\",\"specFileRetries\",\"specFileRetriesDelay\",\"specFileRetriesDeferred\",\"reporterSyncInterval\",\"reporterSyncTimeout\",\"cucumberFeaturesWithLineNumbers\",\"autoCompileOpts\",\"mochaOpts\",\"jasmineOpts\",\"cucumberOpts\",\"onPrepare\",\"onWorkerStart\",\"onWorkerEnd\",\"before\",\"beforeSession\",\"beforeSuite\",\"beforeHook\",\"beforeTest\",\"afterTest\",\"afterHook\",\"afterSuite\",\"afterSession\",\"after\",\"onComplete\",\"beforeAssertion\",\"afterAssertion\",\"beforeFeature\",\"beforeScenario\",\"beforeStep\",\"afterStep\",\"afterScenario\",\"afterFeature\",\"_\",\"suite\",\"$0\",\"ignoredWorkerServices\",\"wdi5\"]"}]}
RESULT: {"script":"<script> [2342 bytes]","args":[{"protocol":"http","hostname":"0.0.0.0","path":"/","capabilities":{"browserName":"chrome","goog:chromeOptions":{"binary":"C:\\Program Files\\Google\\Chrome\\Application\\chrome.exe","args":["--start-maximized"]}},"logLevel":"warn","connectionRetryTimeout":120000,"connectionRetryCount":3,"logLevels":{},"enableDirectConnect":true,"strictSSL":true,"_":"65 more keys: [\"cacheDir\",\"port\",\"requestedCapabilities\",\"automationProtocol\",\"baseUrl\",\"waitforInterval\",\"waitforTimeout\",\"onReload\",\"beforeCommand\",\"afterCommand\",\"rootDir\",\"specs\",\"suites\",\"exclude\",\"groupLogsByTestSpec\",\"excludeDriverLogs\",\"bail\",\"framework\",\"reporters\",\"services\",\"maxInstances\",\"maxInstancesPerCapability\",\"injectGlobals\",\"filesToWatch\",\"execArgv\",\"runnerEnv\",\"runner\",\"shard\",\"specFileRetries\",\"specFileRetriesDelay\",\"specFileRetriesDeferred\",\"reporterSyncInterval\",\"reporterSyncTimeout\",\"cucumberFeaturesWithLineNumbers\",\"autoCompileOpts\",\"mochaOpts\",\"jasmineOpts\",\"cucumberOpts\",\"onPrepare\",\"onWorkerStart\",\"onWorkerEnd\",\"before\",\"beforeSession\",\"beforeSuite\",\"beforeHook\",\"beforeTest\",\"afterTest\",\"afterHook\",\"afterSuite\",\"afterSession\",\"after\",\"onComplete\",\"beforeAssertion\",\"afterAssertion\",\"beforeFeature\",\"beforeScenario\",\"beforeStep\",\"afterStep\",\"afterScenario\",\"afterFeature\",\"_\",\"suite\",\"$0\",\"ignoredWorkerServices\",\"wdi5\"]"}]}
COMMAND: POST /session/b65fc9896dbbad70d7119bd0d8ca6151/execute/async - {"script":"<script> [21126 bytes]","args":[35000]}
RESULT: {"script":"<script> [21126 bytes]","args":[35000]}
COMMAND: POST /session/b65fc9896dbbad70d7119bd0d8ca6151/execute/async - {"script":"<script> [1562 bytes]","args":[{"selector":{"controlType":"sap.m.SearchField","viewName":"etm.portal.ui.managehandovers.view.MasterHO","bindingPath":{"path":"","propertyPath":"/_BASIC_SEARCH_FIELD","modelName":"fi1t3rM0d31"},"interaction":{"idSuffix":"I"}},"wdio_ui5_key":"etmportal.ui.managehandovers.view.MasterHOsap.m.SearchField{\"path\":\"\",\"propertyPath\":\"/_BASIC_SEARCH_FIELD\",\"modelName\":\"fi1t3rM0d31\"}"}]}
RESULT: {"script":"<script> [1562 bytes]","args":[{"selector":{"controlType":"sap.m.SearchField","viewName":"etm.portal.ui.managehandovers.view.MasterHO","bindingPath":{"path":"","propertyPath":"/_BASIC_SEARCH_FIELD","modelName":"fi1t3rM0d31"},"interaction":{"idSuffix":"I"}},"wdio_ui5_key":"etmportal.ui.managehandovers.view.MasterHOsap.m.SearchField{\"path\":\"\",\"propertyPath\":\"/_BASIC_SEARCH_FIELD\",\"modelName\":\"fi1t3rM0d31\"}"}]}
RESULT: undefined
COMMAND: POST /session/b65fc9896dbbad70d7119bd0d8ca6151/execute/async - {"script":"<script> [776 bytes]","args":[{"enterText":"30409","selector":{"controlType":"sap.m.SearchField","viewName":"etm.portal.ui.managehandovers.view.MasterHO","bindingPath":{"path":"","propertyPath":"/_BASIC_SEARCH_FIELD","modelName":"fi1t3rM0d31"},"interaction":{"idSuffix":"I"}},"clearTextFirst":true,"interactionType":"ENTER_TEXT"}]}
RESULT: {"script":"<script> [776 bytes]","args":[{"enterText":"30409","selector":{"controlType":"sap.m.SearchField","viewName":"etm.portal.ui.managehandovers.view.MasterHO","bindingPath":{"path":"","propertyPath":"/_BASIC_SEARCH_FIELD","modelName":"fi1t3rM0d31"},"interaction":{"idSuffix":"I"}},"clearTextFirst":true,"interactionType":"ENTER_TEXT"}]}
COMMAND: POST /session/b65fc9896dbbad70d7119bd0d8ca6151/actions - {"actions":[{"id":"action84","type":"key","parameters":{},"actions":[{"type":"keyDown","value":""},{"type":"pause","duration":10},{"type":"keyUp","value":""}]}]}
RESULT: {"actions":[{"id":"action84","type":"key","parameters":{},"actions":[{"type":"keyDown","value":""},{"type":"pause","duration":10},{"type":"keyUp","value":""}]}]}
COMMAND: GET /session/b65fc9896dbbad70d7119bd0d8ca6151/screenshot - {}
RESULT: {}
COMMAND: POST /session/b65fc9896dbbad70d7119bd0d8ca6151/execute/async - {"script":"<script> [1562 bytes]","args":[{"selector":{"controlType":"sap.m.Title","viewName":"etm.portal.ui.managehandovers.view.MasterHO","properties":{"text":"Records (1)"}},"wdio_ui5_key":"etmportal.ui.managehandovers.view.MasterHOsap.m.Title{\"text\":\"Records (1)\"}"}]}
RESULT: {"script":"<script> [1562 bytes]","args":[{"selector":{"controlType":"sap.m.Title","viewName":"etm.portal.ui.managehandovers.view.MasterHO","properties":{"text":"Records (1)"}},"wdio_ui5_key":"etmportal.ui.managehandovers.view.MasterHOsap.m.Title{\"text\":\"Records (1)\"}"}]}
RESULT: undefined
COMMAND: POST /session/b65fc9896dbbad70d7119bd0d8ca6151/execute/async - {"script":"<script> [6424 bytes]","args":[{"element-6066-11e4-a52e-4f735466cecf":"f.B1DE806DB4DF8D130682F5CACC3F0FDB.d.CC58BD69AA756825DABBCDD3175E2E48.e.16275"},"getText",[]]}
RESULT: {"script":"<script> [6424 bytes]","args":[{"element-6066-11e4-a52e-4f735466cecf":"f.B1DE806DB4DF8D130682F5CACC3F0FDB.d.CC58BD69AA756825DABBCDD3175E2E48.e.16275"},"getText",[]]}
COMMAND: POST /session/b65fc9896dbbad70d7119bd0d8ca6151/execute/async - {"script":"<script> [1562 bytes]","args":[{"selector":{"controlType":"sap.ui.core.Icon","viewName":"etm.portal.ui.managehandovers.view.MasterHO","properties":{"src":{"regex":{"source":"slim\\-arrow\\-right"}}}},"wdio_ui5_key":"etmportal.ui.managehandovers.view.MasterHOsap.ui.core.Icon{\"src\":{\"regex\":{\"source\":\"slim\\\\-arrow\\\\-right\"}}}"}]}
RESULT: {"script":"<script> [1562 bytes]","args":[{"selector":{"controlType":"sap.ui.core.Icon","viewName":"etm.portal.ui.managehandovers.view.MasterHO","properties":{"src":{"regex":{"source":"slim\\-arrow\\-right"}}}},"wdio_ui5_key":"etmportal.ui.managehandovers.view.MasterHOsap.ui.core.Icon{\"src\":{\"regex\":{\"source\":\"slim\\\\-arrow\\\\-right\"}}}"}]}
RESULT: undefined
COMMAND: POST /session/b65fc9896dbbad70d7119bd0d8ca6151/element - {"using":"xpath","value":"//*[@id=\"__item29-__clone17-imgNav\"]"}
RESULT: {"using":"xpath","value":"//*[@id=\"__item29-__clone17-imgNav\"]"}
COMMAND: POST /session/b65fc9896dbbad70d7119bd0d8ca6151/element/f.B1DE806DB4DF8D130682F5CACC3F0FDB.d.CC58BD69AA756825DABBCDD3175E2E48.e.16162/click - {}
RESULT: {}
COMMAND: GET /session/b65fc9896dbbad70d7119bd0d8ca6151/screenshot - {}
RESULT: {}
COMMAND: POST /session/b65fc9896dbbad70d7119bd0d8ca6151/element - {"using":"xpath","value":"//a[contains(@data-kt ,\"GeneralSectionReceiveContracttLink\")]"}
RESULT: {"using":"xpath","value":"//a[contains(@data-kt ,\"GeneralSectionReceiveContracttLink\")]"}
COMMAND: POST /session/b65fc9896dbbad70d7119bd0d8ca6151/element/f.B1DE806DB4DF8D130682F5CACC3F0FDB.d.CC58BD69AA756825DABBCDD3175E2E48.e.16276/click - {}
RESULT: {}
COMMAND: GET /session/b65fc9896dbbad70d7119bd0d8ca6151/screenshot - {}
RESULT: {}
COMMAND: POST /session/b65fc9896dbbad70d7119bd0d8ca6151/element - {"using":"xpath","value":"//a[contains(@data-kt ,\"ContextMenuId2Link\")]"}
RESULT: {"using":"xpath","value":"//a[contains(@data-kt ,\"ContextMenuId2Link\")]"}
COMMAND: POST /session/b65fc9896dbbad70d7119bd0d8ca6151/element/f.B1DE806DB4DF8D130682F5CACC3F0FDB.d.CC58BD69AA756825DABBCDD3175E2E48.e.16278/click - {}
RESULT: {}
COMMAND: GET /session/b65fc9896dbbad70d7119bd0d8ca6151/screenshot - {}
RESULT: {}
COMMAND: POST /session/b65fc9896dbbad70d7119bd0d8ca6151/execute/async - {"script":"<script> [1562 bytes]","args":[{"selector":{"controlType":"sap.m.ObjectStatus","viewName":"etm.portal.ui.managecontracts.view.Detail","bindingPath":{"propertyPath":"LINK_TO_LOGISTICAL_STATUS/DESCRIPTION","modelName":"catalogModel"}},"wdio_ui5_key":"etmportal.ui.managecontracts.view.Detailsap.m.ObjectStatus{\"propertyPath\":\"LINK_TO_LOGISTICAL_STATUS/DESCRIPTION\",\"modelName\":\"catalogModel\"}"}]}
RESULT: {"script":"<script> [1562 bytes]","args":[{"selector":{"controlType":"sap.m.ObjectStatus","viewName":"etm.portal.ui.managecontracts.view.Detail","bindingPath":{"propertyPath":"LINK_TO_LOGISTICAL_STATUS/DESCRIPTION","modelName":"catalogModel"}},"wdio_ui5_key":"etmportal.ui.managecontracts.view.Detailsap.m.ObjectStatus{\"propertyPath\":\"LINK_TO_LOGISTICAL_STATUS/DESCRIPTION\",\"modelName\":\"catalogModel\"}"}]}
RESULT: undefined
COMMAND: POST /session/b65fc9896dbbad70d7119bd0d8ca6151/execute/async - {"script":"<script> [6424 bytes]","args":[{"element-6066-11e4-a52e-4f735466cecf":"f.B1DE806DB4DF8D130682F5CACC3F0FDB.d.CC58BD69AA756825DABBCDD3175E2E48.e.16509"},"getText",[]]}
RESULT: {"script":"<script> [6424 bytes]","args":[{"element-6066-11e4-a52e-4f735466cecf":"f.B1DE806DB4DF8D130682F5CACC3F0FDB.d.CC58BD69AA756825DABBCDD3175E2E48.e.16509"},"getText",[]]}
COMMAND: GET /session/b65fc9896dbbad70d7119bd0d8ca6151/screenshot - {}
RESULT: {}
]]></system-out>
      <system-err><![CDATA[
Error: expect(received).toEqual(expected) // deep equality

Expected: "partial provided"
Received: "provide (prepared)"
    at Context.<anonymous> (D:\a\1\s\test\specs\R2C\E2E-Logistical-and-commercial-status.spec.js:667:38)
]]></system-err>
    </testcase>
    <testcase classname="chrome.137_0_7151_69.windows.E2E_-_Logistical_and_commercial_statuses" name="It should follow the handover steps to the status fully returned" time="66.614">
      <failure/>
      <error message="Can't call click on element with selector &quot;//bdi[contains(@id ,&quot;application-managehandovers-display-component---AddNewHO--ObjectPageLayout-anchBar-application-managehandovers-display-component---AddNewHO--section4-anchor-BDI-content&quot;)]&quot; because element wasn't found"/>
      <system-out><![CDATA[
COMMAND: GET /session/b65fc9896dbbad70d7119bd0d8ca6151/screenshot - {}
RESULT: {}
COMMAND: POST /session/b65fc9896dbbad70d7119bd0d8ca6151/execute/async - {"script":"<script> [1562 bytes]","args":[{"selector":{"id":"contractDetailReturnButton","viewName":"etm.portal.ui.managecontracts.view.Detail","interaction":{"idSuffix":"BDI-content"}},"wdio_ui5_key":"contractDetailReturnButtonetmportal.ui.managecontracts.view.Detail"}]}
RESULT: {"script":"<script> [1562 bytes]","args":[{"selector":{"id":"contractDetailReturnButton","viewName":"etm.portal.ui.managecontracts.view.Detail","interaction":{"idSuffix":"BDI-content"}},"wdio_ui5_key":"contractDetailReturnButtonetmportal.ui.managecontracts.view.Detail"}]}
RESULT: undefined
COMMAND: POST /session/b65fc9896dbbad70d7119bd0d8ca6151/element - {"using":"xpath","value":"//*[@id=\"__xmlview3--contractDetailReturnButton\"]"}
RESULT: {"using":"xpath","value":"//*[@id=\"__xmlview3--contractDetailReturnButton\"]"}
COMMAND: POST /session/b65fc9896dbbad70d7119bd0d8ca6151/element/f.B1DE806DB4DF8D130682F5CACC3F0FDB.d.CC58BD69AA756825DABBCDD3175E2E48.e.16403/click - {}
RESULT: {}
COMMAND: POST /session/b65fc9896dbbad70d7119bd0d8ca6151/execute/async - {"script":"<script> [1562 bytes]","args":[{"selector":{"id":"application-managehandovers-display-component---AddNewHO--dueDate","interaction":{"idSuffix":"inner"}},"wdio_ui5_key":"applicationmanagehandovers-display-component---AddNewHO--dueDate"}]}
COMMAND: GET /session/b65fc9896dbbad70d7119bd0d8ca6151/screenshot - {}
RESULT: {"script":"<script> [1562 bytes]","args":[{"selector":{"id":"application-managehandovers-display-component---AddNewHO--dueDate","interaction":{"idSuffix":"inner"}},"wdio_ui5_key":"applicationmanagehandovers-display-component---AddNewHO--dueDate"}]}
RESULT: undefined
COMMAND: POST /session/b65fc9896dbbad70d7119bd0d8ca6151/element - {"using":"xpath","value":"//bdi[contains(@id ,\"application-managehandovers-display-component---AddNewHO--ObjectPageLayout-anchBar-application-managehandovers-display-component---AddNewHO--section4-anchor-BDI-content\")]"}
RESULT: {}
RESULT: {"using":"xpath","value":"//bdi[contains(@id ,\"application-managehandovers-display-component---AddNewHO--ObjectPageLayout-anchBar-application-managehandovers-display-component---AddNewHO--section4-anchor-BDI-content\")]"}
COMMAND: POST /session/b65fc9896dbbad70d7119bd0d8ca6151/elements - {"using":"xpath","value":"//bdi[contains(@id ,\"application-managehandovers-display-component---AddNewHO--ObjectPageLayout-anchBar-application-managehandovers-display-component---AddNewHO--section4-anchor-BDI-content\")]"}
RESULT: {"using":"xpath","value":"//bdi[contains(@id ,\"application-managehandovers-display-component---AddNewHO--ObjectPageLayout-anchBar-application-managehandovers-display-component---AddNewHO--section4-anchor-BDI-content\")]"}
COMMAND: POST /session/b65fc9896dbbad70d7119bd0d8ca6151/elements - {"using":"xpath","value":"//bdi[contains(@id ,\"application-managehandovers-display-component---AddNewHO--ObjectPageLayout-anchBar-application-managehandovers-display-component---AddNewHO--section4-anchor-BDI-content\")]"}
RESULT: {"using":"xpath","value":"//bdi[contains(@id ,\"application-managehandovers-display-component---AddNewHO--ObjectPageLayout-anchBar-application-managehandovers-display-component---AddNewHO--section4-anchor-BDI-content\")]"}
COMMAND: POST /session/b65fc9896dbbad70d7119bd0d8ca6151/elements - {"using":"xpath","value":"//bdi[contains(@id ,\"application-managehandovers-display-component---AddNewHO--ObjectPageLayout-anchBar-application-managehandovers-display-component---AddNewHO--section4-anchor-BDI-content\")]"}
RESULT: {"using":"xpath","value":"//bdi[contains(@id ,\"application-managehandovers-display-component---AddNewHO--ObjectPageLayout-anchBar-application-managehandovers-display-component---AddNewHO--section4-anchor-BDI-content\")]"}
COMMAND: POST /session/b65fc9896dbbad70d7119bd0d8ca6151/elements - {"using":"xpath","value":"//bdi[contains(@id ,\"application-managehandovers-display-component---AddNewHO--ObjectPageLayout-anchBar-application-managehandovers-display-component---AddNewHO--section4-anchor-BDI-content\")]"}
RESULT: {"using":"xpath","value":"//bdi[contains(@id ,\"application-managehandovers-display-component---AddNewHO--ObjectPageLayout-anchBar-application-managehandovers-display-component---AddNewHO--section4-anchor-BDI-content\")]"}
COMMAND: POST /session/b65fc9896dbbad70d7119bd0d8ca6151/elements - {"using":"xpath","value":"//bdi[contains(@id ,\"application-managehandovers-display-component---AddNewHO--ObjectPageLayout-anchBar-application-managehandovers-display-component---AddNewHO--section4-anchor-BDI-content\")]"}
RESULT: {"using":"xpath","value":"//bdi[contains(@id ,\"application-managehandovers-display-component---AddNewHO--ObjectPageLayout-anchBar-application-managehandovers-display-component---AddNewHO--section4-anchor-BDI-content\")]"}
COMMAND: POST /session/b65fc9896dbbad70d7119bd0d8ca6151/elements - {"using":"xpath","value":"//bdi[contains(@id ,\"application-managehandovers-display-component---AddNewHO--ObjectPageLayout-anchBar-application-managehandovers-display-component---AddNewHO--section4-anchor-BDI-content\")]"}
RESULT: {"using":"xpath","value":"//bdi[contains(@id ,\"application-managehandovers-display-component---AddNewHO--ObjectPageLayout-anchBar-application-managehandovers-display-component---AddNewHO--section4-anchor-BDI-content\")]"}
COMMAND: POST /session/b65fc9896dbbad70d7119bd0d8ca6151/elements - {"using":"xpath","value":"//bdi[contains(@id ,\"application-managehandovers-display-component---AddNewHO--ObjectPageLayout-anchBar-application-managehandovers-display-component---AddNewHO--section4-anchor-BDI-content\")]"}
RESULT: {"using":"xpath","value":"//bdi[contains(@id ,\"application-managehandovers-display-component---AddNewHO--ObjectPageLayout-anchBar-application-managehandovers-display-component---AddNewHO--section4-anchor-BDI-content\")]"}
COMMAND: POST /session/b65fc9896dbbad70d7119bd0d8ca6151/elements - {"using":"xpath","value":"//bdi[contains(@id ,\"application-managehandovers-display-component---AddNewHO--ObjectPageLayout-anchBar-application-managehandovers-display-component---AddNewHO--section4-anchor-BDI-content\")]"}
RESULT: {"using":"xpath","value":"//bdi[contains(@id ,\"application-managehandovers-display-component---AddNewHO--ObjectPageLayout-anchBar-application-managehandovers-display-component---AddNewHO--section4-anchor-BDI-content\")]"}
COMMAND: POST /session/b65fc9896dbbad70d7119bd0d8ca6151/elements - {"using":"xpath","value":"//bdi[contains(@id ,\"application-managehandovers-display-component---AddNewHO--ObjectPageLayout-anchBar-application-managehandovers-display-component---AddNewHO--section4-anchor-BDI-content\")]"}
RESULT: {"using":"xpath","value":"//bdi[contains(@id ,\"application-managehandovers-display-component---AddNewHO--ObjectPageLayout-anchBar-application-managehandovers-display-component---AddNewHO--section4-anchor-BDI-content\")]"}
COMMAND: POST /session/b65fc9896dbbad70d7119bd0d8ca6151/elements - {"using":"xpath","value":"//bdi[contains(@id ,\"application-managehandovers-display-component---AddNewHO--ObjectPageLayout-anchBar-application-managehandovers-display-component---AddNewHO--section4-anchor-BDI-content\")]"}
RESULT: {"using":"xpath","value":"//bdi[contains(@id ,\"application-managehandovers-display-component---AddNewHO--ObjectPageLayout-anchBar-application-managehandovers-display-component---AddNewHO--section4-anchor-BDI-content\")]"}
COMMAND: POST /session/b65fc9896dbbad70d7119bd0d8ca6151/elements - {"using":"xpath","value":"//bdi[contains(@id ,\"application-managehandovers-display-component---AddNewHO--ObjectPageLayout-anchBar-application-managehandovers-display-component---AddNewHO--section4-anchor-BDI-content\")]"}
RESULT: {"using":"xpath","value":"//bdi[contains(@id ,\"application-managehandovers-display-component---AddNewHO--ObjectPageLayout-anchBar-application-managehandovers-display-component---AddNewHO--section4-anchor-BDI-content\")]"}
COMMAND: POST /session/b65fc9896dbbad70d7119bd0d8ca6151/elements - {"using":"xpath","value":"//bdi[contains(@id ,\"application-managehandovers-display-component---AddNewHO--ObjectPageLayout-anchBar-application-managehandovers-display-component---AddNewHO--section4-anchor-BDI-content\")]"}
RESULT: {"using":"xpath","value":"//bdi[contains(@id ,\"application-managehandovers-display-component---AddNewHO--ObjectPageLayout-anchBar-application-managehandovers-display-component---AddNewHO--section4-anchor-BDI-content\")]"}
COMMAND: POST /session/b65fc9896dbbad70d7119bd0d8ca6151/elements - {"using":"xpath","value":"//bdi[contains(@id ,\"application-managehandovers-display-component---AddNewHO--ObjectPageLayout-anchBar-application-managehandovers-display-component---AddNewHO--section4-anchor-BDI-content\")]"}
RESULT: {"using":"xpath","value":"//bdi[contains(@id ,\"application-managehandovers-display-component---AddNewHO--ObjectPageLayout-anchBar-application-managehandovers-display-component---AddNewHO--section4-anchor-BDI-content\")]"}
COMMAND: POST /session/b65fc9896dbbad70d7119bd0d8ca6151/elements - {"using":"xpath","value":"//bdi[contains(@id ,\"application-managehandovers-display-component---AddNewHO--ObjectPageLayout-anchBar-application-managehandovers-display-component---AddNewHO--section4-anchor-BDI-content\")]"}
RESULT: {"using":"xpath","value":"//bdi[contains(@id ,\"application-managehandovers-display-component---AddNewHO--ObjectPageLayout-anchBar-application-managehandovers-display-component---AddNewHO--section4-anchor-BDI-content\")]"}
COMMAND: POST /session/b65fc9896dbbad70d7119bd0d8ca6151/elements - {"using":"xpath","value":"//bdi[contains(@id ,\"application-managehandovers-display-component---AddNewHO--ObjectPageLayout-anchBar-application-managehandovers-display-component---AddNewHO--section4-anchor-BDI-content\")]"}
RESULT: {"using":"xpath","value":"//bdi[contains(@id ,\"application-managehandovers-display-component---AddNewHO--ObjectPageLayout-anchBar-application-managehandovers-display-component---AddNewHO--section4-anchor-BDI-content\")]"}
COMMAND: POST /session/b65fc9896dbbad70d7119bd0d8ca6151/elements - {"using":"xpath","value":"//bdi[contains(@id ,\"application-managehandovers-display-component---AddNewHO--ObjectPageLayout-anchBar-application-managehandovers-display-component---AddNewHO--section4-anchor-BDI-content\")]"}
RESULT: {"using":"xpath","value":"//bdi[contains(@id ,\"application-managehandovers-display-component---AddNewHO--ObjectPageLayout-anchBar-application-managehandovers-display-component---AddNewHO--section4-anchor-BDI-content\")]"}
COMMAND: POST /session/b65fc9896dbbad70d7119bd0d8ca6151/elements - {"using":"xpath","value":"//bdi[contains(@id ,\"application-managehandovers-display-component---AddNewHO--ObjectPageLayout-anchBar-application-managehandovers-display-component---AddNewHO--section4-anchor-BDI-content\")]"}
RESULT: {"using":"xpath","value":"//bdi[contains(@id ,\"application-managehandovers-display-component---AddNewHO--ObjectPageLayout-anchBar-application-managehandovers-display-component---AddNewHO--section4-anchor-BDI-content\")]"}
COMMAND: POST /session/b65fc9896dbbad70d7119bd0d8ca6151/elements - {"using":"xpath","value":"//bdi[contains(@id ,\"application-managehandovers-display-component---AddNewHO--ObjectPageLayout-anchBar-application-managehandovers-display-component---AddNewHO--section4-anchor-BDI-content\")]"}
RESULT: {"using":"xpath","value":"//bdi[contains(@id ,\"application-managehandovers-display-component---AddNewHO--ObjectPageLayout-anchBar-application-managehandovers-display-component---AddNewHO--section4-anchor-BDI-content\")]"}
COMMAND: POST /session/b65fc9896dbbad70d7119bd0d8ca6151/elements - {"using":"xpath","value":"//bdi[contains(@id ,\"application-managehandovers-display-component---AddNewHO--ObjectPageLayout-anchBar-application-managehandovers-display-component---AddNewHO--section4-anchor-BDI-content\")]"}
RESULT: {"using":"xpath","value":"//bdi[contains(@id ,\"application-managehandovers-display-component---AddNewHO--ObjectPageLayout-anchBar-application-managehandovers-display-component---AddNewHO--section4-anchor-BDI-content\")]"}
COMMAND: POST /session/b65fc9896dbbad70d7119bd0d8ca6151/elements - {"using":"xpath","value":"//bdi[contains(@id ,\"application-managehandovers-display-component---AddNewHO--ObjectPageLayout-anchBar-application-managehandovers-display-component---AddNewHO--section4-anchor-BDI-content\")]"}
RESULT: {"using":"xpath","value":"//bdi[contains(@id ,\"application-managehandovers-display-component---AddNewHO--ObjectPageLayout-anchBar-application-managehandovers-display-component---AddNewHO--section4-anchor-BDI-content\")]"}
COMMAND: POST /session/b65fc9896dbbad70d7119bd0d8ca6151/elements - {"using":"xpath","value":"//bdi[contains(@id ,\"application-managehandovers-display-component---AddNewHO--ObjectPageLayout-anchBar-application-managehandovers-display-component---AddNewHO--section4-anchor-BDI-content\")]"}
RESULT: {"using":"xpath","value":"//bdi[contains(@id ,\"application-managehandovers-display-component---AddNewHO--ObjectPageLayout-anchBar-application-managehandovers-display-component---AddNewHO--section4-anchor-BDI-content\")]"}
COMMAND: POST /session/b65fc9896dbbad70d7119bd0d8ca6151/elements - {"using":"xpath","value":"//bdi[contains(@id ,\"application-managehandovers-display-component---AddNewHO--ObjectPageLayout-anchBar-application-managehandovers-display-component---AddNewHO--section4-anchor-BDI-content\")]"}
RESULT: {"using":"xpath","value":"//bdi[contains(@id ,\"application-managehandovers-display-component---AddNewHO--ObjectPageLayout-anchBar-application-managehandovers-display-component---AddNewHO--section4-anchor-BDI-content\")]"}
COMMAND: POST /session/b65fc9896dbbad70d7119bd0d8ca6151/elements - {"using":"xpath","value":"//bdi[contains(@id ,\"application-managehandovers-display-component---AddNewHO--ObjectPageLayout-anchBar-application-managehandovers-display-component---AddNewHO--section4-anchor-BDI-content\")]"}
RESULT: {"using":"xpath","value":"//bdi[contains(@id ,\"application-managehandovers-display-component---AddNewHO--ObjectPageLayout-anchBar-application-managehandovers-display-component---AddNewHO--section4-anchor-BDI-content\")]"}
COMMAND: POST /session/b65fc9896dbbad70d7119bd0d8ca6151/elements - {"using":"xpath","value":"//bdi[contains(@id ,\"application-managehandovers-display-component---AddNewHO--ObjectPageLayout-anchBar-application-managehandovers-display-component---AddNewHO--section4-anchor-BDI-content\")]"}
RESULT: {"using":"xpath","value":"//bdi[contains(@id ,\"application-managehandovers-display-component---AddNewHO--ObjectPageLayout-anchBar-application-managehandovers-display-component---AddNewHO--section4-anchor-BDI-content\")]"}
COMMAND: POST /session/b65fc9896dbbad70d7119bd0d8ca6151/elements - {"using":"xpath","value":"//bdi[contains(@id ,\"application-managehandovers-display-component---AddNewHO--ObjectPageLayout-anchBar-application-managehandovers-display-component---AddNewHO--section4-anchor-BDI-content\")]"}
RESULT: {"using":"xpath","value":"//bdi[contains(@id ,\"application-managehandovers-display-component---AddNewHO--ObjectPageLayout-anchBar-application-managehandovers-display-component---AddNewHO--section4-anchor-BDI-content\")]"}
COMMAND: POST /session/b65fc9896dbbad70d7119bd0d8ca6151/elements - {"using":"xpath","value":"//bdi[contains(@id ,\"application-managehandovers-display-component---AddNewHO--ObjectPageLayout-anchBar-application-managehandovers-display-component---AddNewHO--section4-anchor-BDI-content\")]"}
RESULT: {"using":"xpath","value":"//bdi[contains(@id ,\"application-managehandovers-display-component---AddNewHO--ObjectPageLayout-anchBar-application-managehandovers-display-component---AddNewHO--section4-anchor-BDI-content\")]"}
COMMAND: POST /session/b65fc9896dbbad70d7119bd0d8ca6151/elements - {"using":"xpath","value":"//bdi[contains(@id ,\"application-managehandovers-display-component---AddNewHO--ObjectPageLayout-anchBar-application-managehandovers-display-component---AddNewHO--section4-anchor-BDI-content\")]"}
RESULT: {"using":"xpath","value":"//bdi[contains(@id ,\"application-managehandovers-display-component---AddNewHO--ObjectPageLayout-anchBar-application-managehandovers-display-component---AddNewHO--section4-anchor-BDI-content\")]"}
COMMAND: POST /session/b65fc9896dbbad70d7119bd0d8ca6151/elements - {"using":"xpath","value":"//bdi[contains(@id ,\"application-managehandovers-display-component---AddNewHO--ObjectPageLayout-anchBar-application-managehandovers-display-component---AddNewHO--section4-anchor-BDI-content\")]"}
RESULT: {"using":"xpath","value":"//bdi[contains(@id ,\"application-managehandovers-display-component---AddNewHO--ObjectPageLayout-anchBar-application-managehandovers-display-component---AddNewHO--section4-anchor-BDI-content\")]"}
COMMAND: POST /session/b65fc9896dbbad70d7119bd0d8ca6151/elements - {"using":"xpath","value":"//bdi[contains(@id ,\"application-managehandovers-display-component---AddNewHO--ObjectPageLayout-anchBar-application-managehandovers-display-component---AddNewHO--section4-anchor-BDI-content\")]"}
RESULT: {"using":"xpath","value":"//bdi[contains(@id ,\"application-managehandovers-display-component---AddNewHO--ObjectPageLayout-anchBar-application-managehandovers-display-component---AddNewHO--section4-anchor-BDI-content\")]"}
COMMAND: POST /session/b65fc9896dbbad70d7119bd0d8ca6151/elements - {"using":"xpath","value":"//bdi[contains(@id ,\"application-managehandovers-display-component---AddNewHO--ObjectPageLayout-anchBar-application-managehandovers-display-component---AddNewHO--section4-anchor-BDI-content\")]"}
RESULT: {"using":"xpath","value":"//bdi[contains(@id ,\"application-managehandovers-display-component---AddNewHO--ObjectPageLayout-anchBar-application-managehandovers-display-component---AddNewHO--section4-anchor-BDI-content\")]"}
COMMAND: POST /session/b65fc9896dbbad70d7119bd0d8ca6151/elements - {"using":"xpath","value":"//bdi[contains(@id ,\"application-managehandovers-display-component---AddNewHO--ObjectPageLayout-anchBar-application-managehandovers-display-component---AddNewHO--section4-anchor-BDI-content\")]"}
RESULT: {"using":"xpath","value":"//bdi[contains(@id ,\"application-managehandovers-display-component---AddNewHO--ObjectPageLayout-anchBar-application-managehandovers-display-component---AddNewHO--section4-anchor-BDI-content\")]"}
COMMAND: POST /session/b65fc9896dbbad70d7119bd0d8ca6151/elements - {"using":"xpath","value":"//bdi[contains(@id ,\"application-managehandovers-display-component---AddNewHO--ObjectPageLayout-anchBar-application-managehandovers-display-component---AddNewHO--section4-anchor-BDI-content\")]"}
RESULT: {"using":"xpath","value":"//bdi[contains(@id ,\"application-managehandovers-display-component---AddNewHO--ObjectPageLayout-anchBar-application-managehandovers-display-component---AddNewHO--section4-anchor-BDI-content\")]"}
COMMAND: POST /session/b65fc9896dbbad70d7119bd0d8ca6151/elements - {"using":"xpath","value":"//bdi[contains(@id ,\"application-managehandovers-display-component---AddNewHO--ObjectPageLayout-anchBar-application-managehandovers-display-component---AddNewHO--section4-anchor-BDI-content\")]"}
RESULT: {"using":"xpath","value":"//bdi[contains(@id ,\"application-managehandovers-display-component---AddNewHO--ObjectPageLayout-anchBar-application-managehandovers-display-component---AddNewHO--section4-anchor-BDI-content\")]"}
COMMAND: POST /session/b65fc9896dbbad70d7119bd0d8ca6151/elements - {"using":"xpath","value":"//bdi[contains(@id ,\"application-managehandovers-display-component---AddNewHO--ObjectPageLayout-anchBar-application-managehandovers-display-component---AddNewHO--section4-anchor-BDI-content\")]"}
RESULT: {"using":"xpath","value":"//bdi[contains(@id ,\"application-managehandovers-display-component---AddNewHO--ObjectPageLayout-anchBar-application-managehandovers-display-component---AddNewHO--section4-anchor-BDI-content\")]"}
COMMAND: POST /session/b65fc9896dbbad70d7119bd0d8ca6151/elements - {"using":"xpath","value":"//bdi[contains(@id ,\"application-managehandovers-display-component---AddNewHO--ObjectPageLayout-anchBar-application-managehandovers-display-component---AddNewHO--section4-anchor-BDI-content\")]"}
RESULT: {"using":"xpath","value":"//bdi[contains(@id ,\"application-managehandovers-display-component---AddNewHO--ObjectPageLayout-anchBar-application-managehandovers-display-component---AddNewHO--section4-anchor-BDI-content\")]"}
COMMAND: POST /session/b65fc9896dbbad70d7119bd0d8ca6151/elements - {"using":"xpath","value":"//bdi[contains(@id ,\"application-managehandovers-display-component---AddNewHO--ObjectPageLayout-anchBar-application-managehandovers-display-component---AddNewHO--section4-anchor-BDI-content\")]"}
RESULT: {"using":"xpath","value":"//bdi[contains(@id ,\"application-managehandovers-display-component---AddNewHO--ObjectPageLayout-anchBar-application-managehandovers-display-component---AddNewHO--section4-anchor-BDI-content\")]"}
COMMAND: POST /session/b65fc9896dbbad70d7119bd0d8ca6151/elements - {"using":"xpath","value":"//bdi[contains(@id ,\"application-managehandovers-display-component---AddNewHO--ObjectPageLayout-anchBar-application-managehandovers-display-component---AddNewHO--section4-anchor-BDI-content\")]"}
RESULT: {"using":"xpath","value":"//bdi[contains(@id ,\"application-managehandovers-display-component---AddNewHO--ObjectPageLayout-anchBar-application-managehandovers-display-component---AddNewHO--section4-anchor-BDI-content\")]"}
COMMAND: POST /session/b65fc9896dbbad70d7119bd0d8ca6151/elements - {"using":"xpath","value":"//bdi[contains(@id ,\"application-managehandovers-display-component---AddNewHO--ObjectPageLayout-anchBar-application-managehandovers-display-component---AddNewHO--section4-anchor-BDI-content\")]"}
RESULT: {"using":"xpath","value":"//bdi[contains(@id ,\"application-managehandovers-display-component---AddNewHO--ObjectPageLayout-anchBar-application-managehandovers-display-component---AddNewHO--section4-anchor-BDI-content\")]"}
COMMAND: POST /session/b65fc9896dbbad70d7119bd0d8ca6151/elements - {"using":"xpath","value":"//bdi[contains(@id ,\"application-managehandovers-display-component---AddNewHO--ObjectPageLayout-anchBar-application-managehandovers-display-component---AddNewHO--section4-anchor-BDI-content\")]"}
RESULT: {"using":"xpath","value":"//bdi[contains(@id ,\"application-managehandovers-display-component---AddNewHO--ObjectPageLayout-anchBar-application-managehandovers-display-component---AddNewHO--section4-anchor-BDI-content\")]"}
COMMAND: POST /session/b65fc9896dbbad70d7119bd0d8ca6151/elements - {"using":"xpath","value":"//bdi[contains(@id ,\"application-managehandovers-display-component---AddNewHO--ObjectPageLayout-anchBar-application-managehandovers-display-component---AddNewHO--section4-anchor-BDI-content\")]"}
RESULT: {"using":"xpath","value":"//bdi[contains(@id ,\"application-managehandovers-display-component---AddNewHO--ObjectPageLayout-anchBar-application-managehandovers-display-component---AddNewHO--section4-anchor-BDI-content\")]"}
COMMAND: POST /session/b65fc9896dbbad70d7119bd0d8ca6151/elements - {"using":"xpath","value":"//bdi[contains(@id ,\"application-managehandovers-display-component---AddNewHO--ObjectPageLayout-anchBar-application-managehandovers-display-component---AddNewHO--section4-anchor-BDI-content\")]"}
RESULT: {"using":"xpath","value":"//bdi[contains(@id ,\"application-managehandovers-display-component---AddNewHO--ObjectPageLayout-anchBar-application-managehandovers-display-component---AddNewHO--section4-anchor-BDI-content\")]"}
COMMAND: POST /session/b65fc9896dbbad70d7119bd0d8ca6151/elements - {"using":"xpath","value":"//bdi[contains(@id ,\"application-managehandovers-display-component---AddNewHO--ObjectPageLayout-anchBar-application-managehandovers-display-component---AddNewHO--section4-anchor-BDI-content\")]"}
RESULT: {"using":"xpath","value":"//bdi[contains(@id ,\"application-managehandovers-display-component---AddNewHO--ObjectPageLayout-anchBar-application-managehandovers-display-component---AddNewHO--section4-anchor-BDI-content\")]"}
COMMAND: POST /session/b65fc9896dbbad70d7119bd0d8ca6151/elements - {"using":"xpath","value":"//bdi[contains(@id ,\"application-managehandovers-display-component---AddNewHO--ObjectPageLayout-anchBar-application-managehandovers-display-component---AddNewHO--section4-anchor-BDI-content\")]"}
RESULT: {"using":"xpath","value":"//bdi[contains(@id ,\"application-managehandovers-display-component---AddNewHO--ObjectPageLayout-anchBar-application-managehandovers-display-component---AddNewHO--section4-anchor-BDI-content\")]"}
COMMAND: POST /session/b65fc9896dbbad70d7119bd0d8ca6151/elements - {"using":"xpath","value":"//bdi[contains(@id ,\"application-managehandovers-display-component---AddNewHO--ObjectPageLayout-anchBar-application-managehandovers-display-component---AddNewHO--section4-anchor-BDI-content\")]"}
RESULT: {"using":"xpath","value":"//bdi[contains(@id ,\"application-managehandovers-display-component---AddNewHO--ObjectPageLayout-anchBar-application-managehandovers-display-component---AddNewHO--section4-anchor-BDI-content\")]"}
COMMAND: POST /session/b65fc9896dbbad70d7119bd0d8ca6151/elements - {"using":"xpath","value":"//bdi[contains(@id ,\"application-managehandovers-display-component---AddNewHO--ObjectPageLayout-anchBar-application-managehandovers-display-component---AddNewHO--section4-anchor-BDI-content\")]"}
RESULT: {"using":"xpath","value":"//bdi[contains(@id ,\"application-managehandovers-display-component---AddNewHO--ObjectPageLayout-anchBar-application-managehandovers-display-component---AddNewHO--section4-anchor-BDI-content\")]"}
COMMAND: POST /session/b65fc9896dbbad70d7119bd0d8ca6151/elements - {"using":"xpath","value":"//bdi[contains(@id ,\"application-managehandovers-display-component---AddNewHO--ObjectPageLayout-anchBar-application-managehandovers-display-component---AddNewHO--section4-anchor-BDI-content\")]"}
RESULT: {"using":"xpath","value":"//bdi[contains(@id ,\"application-managehandovers-display-component---AddNewHO--ObjectPageLayout-anchBar-application-managehandovers-display-component---AddNewHO--section4-anchor-BDI-content\")]"}
COMMAND: POST /session/b65fc9896dbbad70d7119bd0d8ca6151/elements - {"using":"xpath","value":"//bdi[contains(@id ,\"application-managehandovers-display-component---AddNewHO--ObjectPageLayout-anchBar-application-managehandovers-display-component---AddNewHO--section4-anchor-BDI-content\")]"}
RESULT: {"using":"xpath","value":"//bdi[contains(@id ,\"application-managehandovers-display-component---AddNewHO--ObjectPageLayout-anchBar-application-managehandovers-display-component---AddNewHO--section4-anchor-BDI-content\")]"}
COMMAND: POST /session/b65fc9896dbbad70d7119bd0d8ca6151/elements - {"using":"xpath","value":"//bdi[contains(@id ,\"application-managehandovers-display-component---AddNewHO--ObjectPageLayout-anchBar-application-managehandovers-display-component---AddNewHO--section4-anchor-BDI-content\")]"}
RESULT: {"using":"xpath","value":"//bdi[contains(@id ,\"application-managehandovers-display-component---AddNewHO--ObjectPageLayout-anchBar-application-managehandovers-display-component---AddNewHO--section4-anchor-BDI-content\")]"}
COMMAND: POST /session/b65fc9896dbbad70d7119bd0d8ca6151/elements - {"using":"xpath","value":"//bdi[contains(@id ,\"application-managehandovers-display-component---AddNewHO--ObjectPageLayout-anchBar-application-managehandovers-display-component---AddNewHO--section4-anchor-BDI-content\")]"}
RESULT: {"using":"xpath","value":"//bdi[contains(@id ,\"application-managehandovers-display-component---AddNewHO--ObjectPageLayout-anchBar-application-managehandovers-display-component---AddNewHO--section4-anchor-BDI-content\")]"}
COMMAND: POST /session/b65fc9896dbbad70d7119bd0d8ca6151/elements - {"using":"xpath","value":"//bdi[contains(@id ,\"application-managehandovers-display-component---AddNewHO--ObjectPageLayout-anchBar-application-managehandovers-display-component---AddNewHO--section4-anchor-BDI-content\")]"}
RESULT: {"using":"xpath","value":"//bdi[contains(@id ,\"application-managehandovers-display-component---AddNewHO--ObjectPageLayout-anchBar-application-managehandovers-display-component---AddNewHO--section4-anchor-BDI-content\")]"}
COMMAND: POST /session/b65fc9896dbbad70d7119bd0d8ca6151/elements - {"using":"xpath","value":"//bdi[contains(@id ,\"application-managehandovers-display-component---AddNewHO--ObjectPageLayout-anchBar-application-managehandovers-display-component---AddNewHO--section4-anchor-BDI-content\")]"}
RESULT: {"using":"xpath","value":"//bdi[contains(@id ,\"application-managehandovers-display-component---AddNewHO--ObjectPageLayout-anchBar-application-managehandovers-display-component---AddNewHO--section4-anchor-BDI-content\")]"}
COMMAND: POST /session/b65fc9896dbbad70d7119bd0d8ca6151/elements - {"using":"xpath","value":"//bdi[contains(@id ,\"application-managehandovers-display-component---AddNewHO--ObjectPageLayout-anchBar-application-managehandovers-display-component---AddNewHO--section4-anchor-BDI-content\")]"}
RESULT: {"using":"xpath","value":"//bdi[contains(@id ,\"application-managehandovers-display-component---AddNewHO--ObjectPageLayout-anchBar-application-managehandovers-display-component---AddNewHO--section4-anchor-BDI-content\")]"}
COMMAND: POST /session/b65fc9896dbbad70d7119bd0d8ca6151/elements - {"using":"xpath","value":"//bdi[contains(@id ,\"application-managehandovers-display-component---AddNewHO--ObjectPageLayout-anchBar-application-managehandovers-display-component---AddNewHO--section4-anchor-BDI-content\")]"}
RESULT: {"using":"xpath","value":"//bdi[contains(@id ,\"application-managehandovers-display-component---AddNewHO--ObjectPageLayout-anchBar-application-managehandovers-display-component---AddNewHO--section4-anchor-BDI-content\")]"}
COMMAND: POST /session/b65fc9896dbbad70d7119bd0d8ca6151/elements - {"using":"xpath","value":"//bdi[contains(@id ,\"application-managehandovers-display-component---AddNewHO--ObjectPageLayout-anchBar-application-managehandovers-display-component---AddNewHO--section4-anchor-BDI-content\")]"}
RESULT: {"using":"xpath","value":"//bdi[contains(@id ,\"application-managehandovers-display-component---AddNewHO--ObjectPageLayout-anchBar-application-managehandovers-display-component---AddNewHO--section4-anchor-BDI-content\")]"}
COMMAND: POST /session/b65fc9896dbbad70d7119bd0d8ca6151/elements - {"using":"xpath","value":"//bdi[contains(@id ,\"application-managehandovers-display-component---AddNewHO--ObjectPageLayout-anchBar-application-managehandovers-display-component---AddNewHO--section4-anchor-BDI-content\")]"}
RESULT: {"using":"xpath","value":"//bdi[contains(@id ,\"application-managehandovers-display-component---AddNewHO--ObjectPageLayout-anchBar-application-managehandovers-display-component---AddNewHO--section4-anchor-BDI-content\")]"}
COMMAND: POST /session/b65fc9896dbbad70d7119bd0d8ca6151/elements - {"using":"xpath","value":"//bdi[contains(@id ,\"application-managehandovers-display-component---AddNewHO--ObjectPageLayout-anchBar-application-managehandovers-display-component---AddNewHO--section4-anchor-BDI-content\")]"}
RESULT: {"using":"xpath","value":"//bdi[contains(@id ,\"application-managehandovers-display-component---AddNewHO--ObjectPageLayout-anchBar-application-managehandovers-display-component---AddNewHO--section4-anchor-BDI-content\")]"}
COMMAND: POST /session/b65fc9896dbbad70d7119bd0d8ca6151/elements - {"using":"xpath","value":"//bdi[contains(@id ,\"application-managehandovers-display-component---AddNewHO--ObjectPageLayout-anchBar-application-managehandovers-display-component---AddNewHO--section4-anchor-BDI-content\")]"}
RESULT: {"using":"xpath","value":"//bdi[contains(@id ,\"application-managehandovers-display-component---AddNewHO--ObjectPageLayout-anchBar-application-managehandovers-display-component---AddNewHO--section4-anchor-BDI-content\")]"}
COMMAND: POST /session/b65fc9896dbbad70d7119bd0d8ca6151/elements - {"using":"xpath","value":"//bdi[contains(@id ,\"application-managehandovers-display-component---AddNewHO--ObjectPageLayout-anchBar-application-managehandovers-display-component---AddNewHO--section4-anchor-BDI-content\")]"}
RESULT: {"using":"xpath","value":"//bdi[contains(@id ,\"application-managehandovers-display-component---AddNewHO--ObjectPageLayout-anchBar-application-managehandovers-display-component---AddNewHO--section4-anchor-BDI-content\")]"}
COMMAND: POST /session/b65fc9896dbbad70d7119bd0d8ca6151/elements - {"using":"xpath","value":"//bdi[contains(@id ,\"application-managehandovers-display-component---AddNewHO--ObjectPageLayout-anchBar-application-managehandovers-display-component---AddNewHO--section4-anchor-BDI-content\")]"}
RESULT: {"using":"xpath","value":"//bdi[contains(@id ,\"application-managehandovers-display-component---AddNewHO--ObjectPageLayout-anchBar-application-managehandovers-display-component---AddNewHO--section4-anchor-BDI-content\")]"}
COMMAND: POST /session/b65fc9896dbbad70d7119bd0d8ca6151/elements - {"using":"xpath","value":"//bdi[contains(@id ,\"application-managehandovers-display-component---AddNewHO--ObjectPageLayout-anchBar-application-managehandovers-display-component---AddNewHO--section4-anchor-BDI-content\")]"}
RESULT: {"using":"xpath","value":"//bdi[contains(@id ,\"application-managehandovers-display-component---AddNewHO--ObjectPageLayout-anchBar-application-managehandovers-display-component---AddNewHO--section4-anchor-BDI-content\")]"}
COMMAND: POST /session/b65fc9896dbbad70d7119bd0d8ca6151/elements - {"using":"xpath","value":"//bdi[contains(@id ,\"application-managehandovers-display-component---AddNewHO--ObjectPageLayout-anchBar-application-managehandovers-display-component---AddNewHO--section4-anchor-BDI-content\")]"}
RESULT: {"using":"xpath","value":"//bdi[contains(@id ,\"application-managehandovers-display-component---AddNewHO--ObjectPageLayout-anchBar-application-managehandovers-display-component---AddNewHO--section4-anchor-BDI-content\")]"}
COMMAND: POST /session/b65fc9896dbbad70d7119bd0d8ca6151/elements - {"using":"xpath","value":"//bdi[contains(@id ,\"application-managehandovers-display-component---AddNewHO--ObjectPageLayout-anchBar-application-managehandovers-display-component---AddNewHO--section4-anchor-BDI-content\")]"}
RESULT: {"using":"xpath","value":"//bdi[contains(@id ,\"application-managehandovers-display-component---AddNewHO--ObjectPageLayout-anchBar-application-managehandovers-display-component---AddNewHO--section4-anchor-BDI-content\")]"}
COMMAND: POST /session/b65fc9896dbbad70d7119bd0d8ca6151/elements - {"using":"xpath","value":"//bdi[contains(@id ,\"application-managehandovers-display-component---AddNewHO--ObjectPageLayout-anchBar-application-managehandovers-display-component---AddNewHO--section4-anchor-BDI-content\")]"}
RESULT: {"using":"xpath","value":"//bdi[contains(@id ,\"application-managehandovers-display-component---AddNewHO--ObjectPageLayout-anchBar-application-managehandovers-display-component---AddNewHO--section4-anchor-BDI-content\")]"}
COMMAND: POST /session/b65fc9896dbbad70d7119bd0d8ca6151/elements - {"using":"xpath","value":"//bdi[contains(@id ,\"application-managehandovers-display-component---AddNewHO--ObjectPageLayout-anchBar-application-managehandovers-display-component---AddNewHO--section4-anchor-BDI-content\")]"}
RESULT: {"using":"xpath","value":"//bdi[contains(@id ,\"application-managehandovers-display-component---AddNewHO--ObjectPageLayout-anchBar-application-managehandovers-display-component---AddNewHO--section4-anchor-BDI-content\")]"}
COMMAND: POST /session/b65fc9896dbbad70d7119bd0d8ca6151/elements - {"using":"xpath","value":"//bdi[contains(@id ,\"application-managehandovers-display-component---AddNewHO--ObjectPageLayout-anchBar-application-managehandovers-display-component---AddNewHO--section4-anchor-BDI-content\")]"}
RESULT: {"using":"xpath","value":"//bdi[contains(@id ,\"application-managehandovers-display-component---AddNewHO--ObjectPageLayout-anchBar-application-managehandovers-display-component---AddNewHO--section4-anchor-BDI-content\")]"}
COMMAND: POST /session/b65fc9896dbbad70d7119bd0d8ca6151/elements - {"using":"xpath","value":"//bdi[contains(@id ,\"application-managehandovers-display-component---AddNewHO--ObjectPageLayout-anchBar-application-managehandovers-display-component---AddNewHO--section4-anchor-BDI-content\")]"}
RESULT: {"using":"xpath","value":"//bdi[contains(@id ,\"application-managehandovers-display-component---AddNewHO--ObjectPageLayout-anchBar-application-managehandovers-display-component---AddNewHO--section4-anchor-BDI-content\")]"}
COMMAND: POST /session/b65fc9896dbbad70d7119bd0d8ca6151/elements - {"using":"xpath","value":"//bdi[contains(@id ,\"application-managehandovers-display-component---AddNewHO--ObjectPageLayout-anchBar-application-managehandovers-display-component---AddNewHO--section4-anchor-BDI-content\")]"}
RESULT: {"using":"xpath","value":"//bdi[contains(@id ,\"application-managehandovers-display-component---AddNewHO--ObjectPageLayout-anchBar-application-managehandovers-display-component---AddNewHO--section4-anchor-BDI-content\")]"}
COMMAND: POST /session/b65fc9896dbbad70d7119bd0d8ca6151/elements - {"using":"xpath","value":"//bdi[contains(@id ,\"application-managehandovers-display-component---AddNewHO--ObjectPageLayout-anchBar-application-managehandovers-display-component---AddNewHO--section4-anchor-BDI-content\")]"}
RESULT: {"using":"xpath","value":"//bdi[contains(@id ,\"application-managehandovers-display-component---AddNewHO--ObjectPageLayout-anchBar-application-managehandovers-display-component---AddNewHO--section4-anchor-BDI-content\")]"}
COMMAND: POST /session/b65fc9896dbbad70d7119bd0d8ca6151/elements - {"using":"xpath","value":"//bdi[contains(@id ,\"application-managehandovers-display-component---AddNewHO--ObjectPageLayout-anchBar-application-managehandovers-display-component---AddNewHO--section4-anchor-BDI-content\")]"}
RESULT: {"using":"xpath","value":"//bdi[contains(@id ,\"application-managehandovers-display-component---AddNewHO--ObjectPageLayout-anchBar-application-managehandovers-display-component---AddNewHO--section4-anchor-BDI-content\")]"}
COMMAND: POST /session/b65fc9896dbbad70d7119bd0d8ca6151/elements - {"using":"xpath","value":"//bdi[contains(@id ,\"application-managehandovers-display-component---AddNewHO--ObjectPageLayout-anchBar-application-managehandovers-display-component---AddNewHO--section4-anchor-BDI-content\")]"}
RESULT: {"using":"xpath","value":"//bdi[contains(@id ,\"application-managehandovers-display-component---AddNewHO--ObjectPageLayout-anchBar-application-managehandovers-display-component---AddNewHO--section4-anchor-BDI-content\")]"}
COMMAND: POST /session/b65fc9896dbbad70d7119bd0d8ca6151/elements - {"using":"xpath","value":"//bdi[contains(@id ,\"application-managehandovers-display-component---AddNewHO--ObjectPageLayout-anchBar-application-managehandovers-display-component---AddNewHO--section4-anchor-BDI-content\")]"}
RESULT: {"using":"xpath","value":"//bdi[contains(@id ,\"application-managehandovers-display-component---AddNewHO--ObjectPageLayout-anchBar-application-managehandovers-display-component---AddNewHO--section4-anchor-BDI-content\")]"}
COMMAND: POST /session/b65fc9896dbbad70d7119bd0d8ca6151/elements - {"using":"xpath","value":"//bdi[contains(@id ,\"application-managehandovers-display-component---AddNewHO--ObjectPageLayout-anchBar-application-managehandovers-display-component---AddNewHO--section4-anchor-BDI-content\")]"}
RESULT: {"using":"xpath","value":"//bdi[contains(@id ,\"application-managehandovers-display-component---AddNewHO--ObjectPageLayout-anchBar-application-managehandovers-display-component---AddNewHO--section4-anchor-BDI-content\")]"}
COMMAND: POST /session/b65fc9896dbbad70d7119bd0d8ca6151/elements - {"using":"xpath","value":"//bdi[contains(@id ,\"application-managehandovers-display-component---AddNewHO--ObjectPageLayout-anchBar-application-managehandovers-display-component---AddNewHO--section4-anchor-BDI-content\")]"}
RESULT: {"using":"xpath","value":"//bdi[contains(@id ,\"application-managehandovers-display-component---AddNewHO--ObjectPageLayout-anchBar-application-managehandovers-display-component---AddNewHO--section4-anchor-BDI-content\")]"}
COMMAND: POST /session/b65fc9896dbbad70d7119bd0d8ca6151/elements - {"using":"xpath","value":"//bdi[contains(@id ,\"application-managehandovers-display-component---AddNewHO--ObjectPageLayout-anchBar-application-managehandovers-display-component---AddNewHO--section4-anchor-BDI-content\")]"}
RESULT: {"using":"xpath","value":"//bdi[contains(@id ,\"application-managehandovers-display-component---AddNewHO--ObjectPageLayout-anchBar-application-managehandovers-display-component---AddNewHO--section4-anchor-BDI-content\")]"}
COMMAND: POST /session/b65fc9896dbbad70d7119bd0d8ca6151/elements - {"using":"xpath","value":"//bdi[contains(@id ,\"application-managehandovers-display-component---AddNewHO--ObjectPageLayout-anchBar-application-managehandovers-display-component---AddNewHO--section4-anchor-BDI-content\")]"}
RESULT: {"using":"xpath","value":"//bdi[contains(@id ,\"application-managehandovers-display-component---AddNewHO--ObjectPageLayout-anchBar-application-managehandovers-display-component---AddNewHO--section4-anchor-BDI-content\")]"}
COMMAND: POST /session/b65fc9896dbbad70d7119bd0d8ca6151/elements - {"using":"xpath","value":"//bdi[contains(@id ,\"application-managehandovers-display-component---AddNewHO--ObjectPageLayout-anchBar-application-managehandovers-display-component---AddNewHO--section4-anchor-BDI-content\")]"}
RESULT: {"using":"xpath","value":"//bdi[contains(@id ,\"application-managehandovers-display-component---AddNewHO--ObjectPageLayout-anchBar-application-managehandovers-display-component---AddNewHO--section4-anchor-BDI-content\")]"}
COMMAND: POST /session/b65fc9896dbbad70d7119bd0d8ca6151/elements - {"using":"xpath","value":"//bdi[contains(@id ,\"application-managehandovers-display-component---AddNewHO--ObjectPageLayout-anchBar-application-managehandovers-display-component---AddNewHO--section4-anchor-BDI-content\")]"}
RESULT: {"using":"xpath","value":"//bdi[contains(@id ,\"application-managehandovers-display-component---AddNewHO--ObjectPageLayout-anchBar-application-managehandovers-display-component---AddNewHO--section4-anchor-BDI-content\")]"}
COMMAND: POST /session/b65fc9896dbbad70d7119bd0d8ca6151/elements - {"using":"xpath","value":"//bdi[contains(@id ,\"application-managehandovers-display-component---AddNewHO--ObjectPageLayout-anchBar-application-managehandovers-display-component---AddNewHO--section4-anchor-BDI-content\")]"}
RESULT: {"using":"xpath","value":"//bdi[contains(@id ,\"application-managehandovers-display-component---AddNewHO--ObjectPageLayout-anchBar-application-managehandovers-display-component---AddNewHO--section4-anchor-BDI-content\")]"}
COMMAND: POST /session/b65fc9896dbbad70d7119bd0d8ca6151/elements - {"using":"xpath","value":"//bdi[contains(@id ,\"application-managehandovers-display-component---AddNewHO--ObjectPageLayout-anchBar-application-managehandovers-display-component---AddNewHO--section4-anchor-BDI-content\")]"}
RESULT: {"using":"xpath","value":"//bdi[contains(@id ,\"application-managehandovers-display-component---AddNewHO--ObjectPageLayout-anchBar-application-managehandovers-display-component---AddNewHO--section4-anchor-BDI-content\")]"}
COMMAND: POST /session/b65fc9896dbbad70d7119bd0d8ca6151/elements - {"using":"xpath","value":"//bdi[contains(@id ,\"application-managehandovers-display-component---AddNewHO--ObjectPageLayout-anchBar-application-managehandovers-display-component---AddNewHO--section4-anchor-BDI-content\")]"}
RESULT: {"using":"xpath","value":"//bdi[contains(@id ,\"application-managehandovers-display-component---AddNewHO--ObjectPageLayout-anchBar-application-managehandovers-display-component---AddNewHO--section4-anchor-BDI-content\")]"}
COMMAND: POST /session/b65fc9896dbbad70d7119bd0d8ca6151/elements - {"using":"xpath","value":"//bdi[contains(@id ,\"application-managehandovers-display-component---AddNewHO--ObjectPageLayout-anchBar-application-managehandovers-display-component---AddNewHO--section4-anchor-BDI-content\")]"}
RESULT: {"using":"xpath","value":"//bdi[contains(@id ,\"application-managehandovers-display-component---AddNewHO--ObjectPageLayout-anchBar-application-managehandovers-display-component---AddNewHO--section4-anchor-BDI-content\")]"}
COMMAND: POST /session/b65fc9896dbbad70d7119bd0d8ca6151/elements - {"using":"xpath","value":"//bdi[contains(@id ,\"application-managehandovers-display-component---AddNewHO--ObjectPageLayout-anchBar-application-managehandovers-display-component---AddNewHO--section4-anchor-BDI-content\")]"}
RESULT: {"using":"xpath","value":"//bdi[contains(@id ,\"application-managehandovers-display-component---AddNewHO--ObjectPageLayout-anchBar-application-managehandovers-display-component---AddNewHO--section4-anchor-BDI-content\")]"}
COMMAND: POST /session/b65fc9896dbbad70d7119bd0d8ca6151/elements - {"using":"xpath","value":"//bdi[contains(@id ,\"application-managehandovers-display-component---AddNewHO--ObjectPageLayout-anchBar-application-managehandovers-display-component---AddNewHO--section4-anchor-BDI-content\")]"}
RESULT: {"using":"xpath","value":"//bdi[contains(@id ,\"application-managehandovers-display-component---AddNewHO--ObjectPageLayout-anchBar-application-managehandovers-display-component---AddNewHO--section4-anchor-BDI-content\")]"}
COMMAND: POST /session/b65fc9896dbbad70d7119bd0d8ca6151/elements - {"using":"xpath","value":"//bdi[contains(@id ,\"application-managehandovers-display-component---AddNewHO--ObjectPageLayout-anchBar-application-managehandovers-display-component---AddNewHO--section4-anchor-BDI-content\")]"}
RESULT: {"using":"xpath","value":"//bdi[contains(@id ,\"application-managehandovers-display-component---AddNewHO--ObjectPageLayout-anchBar-application-managehandovers-display-component---AddNewHO--section4-anchor-BDI-content\")]"}
COMMAND: POST /session/b65fc9896dbbad70d7119bd0d8ca6151/elements - {"using":"xpath","value":"//bdi[contains(@id ,\"application-managehandovers-display-component---AddNewHO--ObjectPageLayout-anchBar-application-managehandovers-display-component---AddNewHO--section4-anchor-BDI-content\")]"}
RESULT: {"using":"xpath","value":"//bdi[contains(@id ,\"application-managehandovers-display-component---AddNewHO--ObjectPageLayout-anchBar-application-managehandovers-display-component---AddNewHO--section4-anchor-BDI-content\")]"}
COMMAND: POST /session/b65fc9896dbbad70d7119bd0d8ca6151/elements - {"using":"xpath","value":"//bdi[contains(@id ,\"application-managehandovers-display-component---AddNewHO--ObjectPageLayout-anchBar-application-managehandovers-display-component---AddNewHO--section4-anchor-BDI-content\")]"}
RESULT: {"using":"xpath","value":"//bdi[contains(@id ,\"application-managehandovers-display-component---AddNewHO--ObjectPageLayout-anchBar-application-managehandovers-display-component---AddNewHO--section4-anchor-BDI-content\")]"}
COMMAND: POST /session/b65fc9896dbbad70d7119bd0d8ca6151/elements - {"using":"xpath","value":"//bdi[contains(@id ,\"application-managehandovers-display-component---AddNewHO--ObjectPageLayout-anchBar-application-managehandovers-display-component---AddNewHO--section4-anchor-BDI-content\")]"}
RESULT: {"using":"xpath","value":"//bdi[contains(@id ,\"application-managehandovers-display-component---AddNewHO--ObjectPageLayout-anchBar-application-managehandovers-display-component---AddNewHO--section4-anchor-BDI-content\")]"}
COMMAND: POST /session/b65fc9896dbbad70d7119bd0d8ca6151/elements - {"using":"xpath","value":"//bdi[contains(@id ,\"application-managehandovers-display-component---AddNewHO--ObjectPageLayout-anchBar-application-managehandovers-display-component---AddNewHO--section4-anchor-BDI-content\")]"}
RESULT: {"using":"xpath","value":"//bdi[contains(@id ,\"application-managehandovers-display-component---AddNewHO--ObjectPageLayout-anchBar-application-managehandovers-display-component---AddNewHO--section4-anchor-BDI-content\")]"}
COMMAND: POST /session/b65fc9896dbbad70d7119bd0d8ca6151/elements - {"using":"xpath","value":"//bdi[contains(@id ,\"application-managehandovers-display-component---AddNewHO--ObjectPageLayout-anchBar-application-managehandovers-display-component---AddNewHO--section4-anchor-BDI-content\")]"}
RESULT: {"using":"xpath","value":"//bdi[contains(@id ,\"application-managehandovers-display-component---AddNewHO--ObjectPageLayout-anchBar-application-managehandovers-display-component---AddNewHO--section4-anchor-BDI-content\")]"}
COMMAND: POST /session/b65fc9896dbbad70d7119bd0d8ca6151/elements - {"using":"xpath","value":"//bdi[contains(@id ,\"application-managehandovers-display-component---AddNewHO--ObjectPageLayout-anchBar-application-managehandovers-display-component---AddNewHO--section4-anchor-BDI-content\")]"}
RESULT: {"using":"xpath","value":"//bdi[contains(@id ,\"application-managehandovers-display-component---AddNewHO--ObjectPageLayout-anchBar-application-managehandovers-display-component---AddNewHO--section4-anchor-BDI-content\")]"}
COMMAND: POST /session/b65fc9896dbbad70d7119bd0d8ca6151/elements - {"using":"xpath","value":"//bdi[contains(@id ,\"application-managehandovers-display-component---AddNewHO--ObjectPageLayout-anchBar-application-managehandovers-display-component---AddNewHO--section4-anchor-BDI-content\")]"}
RESULT: {"using":"xpath","value":"//bdi[contains(@id ,\"application-managehandovers-display-component---AddNewHO--ObjectPageLayout-anchBar-application-managehandovers-display-component---AddNewHO--section4-anchor-BDI-content\")]"}
COMMAND: POST /session/b65fc9896dbbad70d7119bd0d8ca6151/elements - {"using":"xpath","value":"//bdi[contains(@id ,\"application-managehandovers-display-component---AddNewHO--ObjectPageLayout-anchBar-application-managehandovers-display-component---AddNewHO--section4-anchor-BDI-content\")]"}
RESULT: {"using":"xpath","value":"//bdi[contains(@id ,\"application-managehandovers-display-component---AddNewHO--ObjectPageLayout-anchBar-application-managehandovers-display-component---AddNewHO--section4-anchor-BDI-content\")]"}
COMMAND: POST /session/b65fc9896dbbad70d7119bd0d8ca6151/elements - {"using":"xpath","value":"//bdi[contains(@id ,\"application-managehandovers-display-component---AddNewHO--ObjectPageLayout-anchBar-application-managehandovers-display-component---AddNewHO--section4-anchor-BDI-content\")]"}
RESULT: {"using":"xpath","value":"//bdi[contains(@id ,\"application-managehandovers-display-component---AddNewHO--ObjectPageLayout-anchBar-application-managehandovers-display-component---AddNewHO--section4-anchor-BDI-content\")]"}
COMMAND: POST /session/b65fc9896dbbad70d7119bd0d8ca6151/elements - {"using":"xpath","value":"//bdi[contains(@id ,\"application-managehandovers-display-component---AddNewHO--ObjectPageLayout-anchBar-application-managehandovers-display-component---AddNewHO--section4-anchor-BDI-content\")]"}
RESULT: {"using":"xpath","value":"//bdi[contains(@id ,\"application-managehandovers-display-component---AddNewHO--ObjectPageLayout-anchBar-application-managehandovers-display-component---AddNewHO--section4-anchor-BDI-content\")]"}
COMMAND: POST /session/b65fc9896dbbad70d7119bd0d8ca6151/elements - {"using":"xpath","value":"//bdi[contains(@id ,\"application-managehandovers-display-component---AddNewHO--ObjectPageLayout-anchBar-application-managehandovers-display-component---AddNewHO--section4-anchor-BDI-content\")]"}
RESULT: {"using":"xpath","value":"//bdi[contains(@id ,\"application-managehandovers-display-component---AddNewHO--ObjectPageLayout-anchBar-application-managehandovers-display-component---AddNewHO--section4-anchor-BDI-content\")]"}
COMMAND: POST /session/b65fc9896dbbad70d7119bd0d8ca6151/elements - {"using":"xpath","value":"//bdi[contains(@id ,\"application-managehandovers-display-component---AddNewHO--ObjectPageLayout-anchBar-application-managehandovers-display-component---AddNewHO--section4-anchor-BDI-content\")]"}
RESULT: {"using":"xpath","value":"//bdi[contains(@id ,\"application-managehandovers-display-component---AddNewHO--ObjectPageLayout-anchBar-application-managehandovers-display-component---AddNewHO--section4-anchor-BDI-content\")]"}
COMMAND: POST /session/b65fc9896dbbad70d7119bd0d8ca6151/elements - {"using":"xpath","value":"//bdi[contains(@id ,\"application-managehandovers-display-component---AddNewHO--ObjectPageLayout-anchBar-application-managehandovers-display-component---AddNewHO--section4-anchor-BDI-content\")]"}
RESULT: {"using":"xpath","value":"//bdi[contains(@id ,\"application-managehandovers-display-component---AddNewHO--ObjectPageLayout-anchBar-application-managehandovers-display-component---AddNewHO--section4-anchor-BDI-content\")]"}
COMMAND: POST /session/b65fc9896dbbad70d7119bd0d8ca6151/elements - {"using":"xpath","value":"//bdi[contains(@id ,\"application-managehandovers-display-component---AddNewHO--ObjectPageLayout-anchBar-application-managehandovers-display-component---AddNewHO--section4-anchor-BDI-content\")]"}
RESULT: {"using":"xpath","value":"//bdi[contains(@id ,\"application-managehandovers-display-component---AddNewHO--ObjectPageLayout-anchBar-application-managehandovers-display-component---AddNewHO--section4-anchor-BDI-content\")]"}
COMMAND: POST /session/b65fc9896dbbad70d7119bd0d8ca6151/elements - {"using":"xpath","value":"//bdi[contains(@id ,\"application-managehandovers-display-component---AddNewHO--ObjectPageLayout-anchBar-application-managehandovers-display-component---AddNewHO--section4-anchor-BDI-content\")]"}
RESULT: {"using":"xpath","value":"//bdi[contains(@id ,\"application-managehandovers-display-component---AddNewHO--ObjectPageLayout-anchBar-application-managehandovers-display-component---AddNewHO--section4-anchor-BDI-content\")]"}
COMMAND: POST /session/b65fc9896dbbad70d7119bd0d8ca6151/elements - {"using":"xpath","value":"//bdi[contains(@id ,\"application-managehandovers-display-component---AddNewHO--ObjectPageLayout-anchBar-application-managehandovers-display-component---AddNewHO--section4-anchor-BDI-content\")]"}
RESULT: {"using":"xpath","value":"//bdi[contains(@id ,\"application-managehandovers-display-component---AddNewHO--ObjectPageLayout-anchBar-application-managehandovers-display-component---AddNewHO--section4-anchor-BDI-content\")]"}
COMMAND: POST /session/b65fc9896dbbad70d7119bd0d8ca6151/elements - {"using":"xpath","value":"//bdi[contains(@id ,\"application-managehandovers-display-component---AddNewHO--ObjectPageLayout-anchBar-application-managehandovers-display-component---AddNewHO--section4-anchor-BDI-content\")]"}
RESULT: {"using":"xpath","value":"//bdi[contains(@id ,\"application-managehandovers-display-component---AddNewHO--ObjectPageLayout-anchBar-application-managehandovers-display-component---AddNewHO--section4-anchor-BDI-content\")]"}
COMMAND: POST /session/b65fc9896dbbad70d7119bd0d8ca6151/elements - {"using":"xpath","value":"//bdi[contains(@id ,\"application-managehandovers-display-component---AddNewHO--ObjectPageLayout-anchBar-application-managehandovers-display-component---AddNewHO--section4-anchor-BDI-content\")]"}
RESULT: {"using":"xpath","value":"//bdi[contains(@id ,\"application-managehandovers-display-component---AddNewHO--ObjectPageLayout-anchBar-application-managehandovers-display-component---AddNewHO--section4-anchor-BDI-content\")]"}
COMMAND: POST /session/b65fc9896dbbad70d7119bd0d8ca6151/elements - {"using":"xpath","value":"//bdi[contains(@id ,\"application-managehandovers-display-component---AddNewHO--ObjectPageLayout-anchBar-application-managehandovers-display-component---AddNewHO--section4-anchor-BDI-content\")]"}
RESULT: {"using":"xpath","value":"//bdi[contains(@id ,\"application-managehandovers-display-component---AddNewHO--ObjectPageLayout-anchBar-application-managehandovers-display-component---AddNewHO--section4-anchor-BDI-content\")]"}
COMMAND: POST /session/b65fc9896dbbad70d7119bd0d8ca6151/elements - {"using":"xpath","value":"//bdi[contains(@id ,\"application-managehandovers-display-component---AddNewHO--ObjectPageLayout-anchBar-application-managehandovers-display-component---AddNewHO--section4-anchor-BDI-content\")]"}
RESULT: {"using":"xpath","value":"//bdi[contains(@id ,\"application-managehandovers-display-component---AddNewHO--ObjectPageLayout-anchBar-application-managehandovers-display-component---AddNewHO--section4-anchor-BDI-content\")]"}
COMMAND: POST /session/b65fc9896dbbad70d7119bd0d8ca6151/elements - {"using":"xpath","value":"//bdi[contains(@id ,\"application-managehandovers-display-component---AddNewHO--ObjectPageLayout-anchBar-application-managehandovers-display-component---AddNewHO--section4-anchor-BDI-content\")]"}
RESULT: {"using":"xpath","value":"//bdi[contains(@id ,\"application-managehandovers-display-component---AddNewHO--ObjectPageLayout-anchBar-application-managehandovers-display-component---AddNewHO--section4-anchor-BDI-content\")]"}
COMMAND: POST /session/b65fc9896dbbad70d7119bd0d8ca6151/elements - {"using":"xpath","value":"//bdi[contains(@id ,\"application-managehandovers-display-component---AddNewHO--ObjectPageLayout-anchBar-application-managehandovers-display-component---AddNewHO--section4-anchor-BDI-content\")]"}
RESULT: {"using":"xpath","value":"//bdi[contains(@id ,\"application-managehandovers-display-component---AddNewHO--ObjectPageLayout-anchBar-application-managehandovers-display-component---AddNewHO--section4-anchor-BDI-content\")]"}
COMMAND: POST /session/b65fc9896dbbad70d7119bd0d8ca6151/elements - {"using":"xpath","value":"//bdi[contains(@id ,\"application-managehandovers-display-component---AddNewHO--ObjectPageLayout-anchBar-application-managehandovers-display-component---AddNewHO--section4-anchor-BDI-content\")]"}
RESULT: {"using":"xpath","value":"//bdi[contains(@id ,\"application-managehandovers-display-component---AddNewHO--ObjectPageLayout-anchBar-application-managehandovers-display-component---AddNewHO--section4-anchor-BDI-content\")]"}
COMMAND: POST /session/b65fc9896dbbad70d7119bd0d8ca6151/elements - {"using":"xpath","value":"//bdi[contains(@id ,\"application-managehandovers-display-component---AddNewHO--ObjectPageLayout-anchBar-application-managehandovers-display-component---AddNewHO--section4-anchor-BDI-content\")]"}
RESULT: {"using":"xpath","value":"//bdi[contains(@id ,\"application-managehandovers-display-component---AddNewHO--ObjectPageLayout-anchBar-application-managehandovers-display-component---AddNewHO--section4-anchor-BDI-content\")]"}
COMMAND: POST /session/b65fc9896dbbad70d7119bd0d8ca6151/elements - {"using":"xpath","value":"//bdi[contains(@id ,\"application-managehandovers-display-component---AddNewHO--ObjectPageLayout-anchBar-application-managehandovers-display-component---AddNewHO--section4-anchor-BDI-content\")]"}
RESULT: {"using":"xpath","value":"//bdi[contains(@id ,\"application-managehandovers-display-component---AddNewHO--ObjectPageLayout-anchBar-application-managehandovers-display-component---AddNewHO--section4-anchor-BDI-content\")]"}
COMMAND: POST /session/b65fc9896dbbad70d7119bd0d8ca6151/elements - {"using":"xpath","value":"//bdi[contains(@id ,\"application-managehandovers-display-component---AddNewHO--ObjectPageLayout-anchBar-application-managehandovers-display-component---AddNewHO--section4-anchor-BDI-content\")]"}
RESULT: {"using":"xpath","value":"//bdi[contains(@id ,\"application-managehandovers-display-component---AddNewHO--ObjectPageLayout-anchBar-application-managehandovers-display-component---AddNewHO--section4-anchor-BDI-content\")]"}
COMMAND: POST /session/b65fc9896dbbad70d7119bd0d8ca6151/elements - {"using":"xpath","value":"//bdi[contains(@id ,\"application-managehandovers-display-component---AddNewHO--ObjectPageLayout-anchBar-application-managehandovers-display-component---AddNewHO--section4-anchor-BDI-content\")]"}
RESULT: {"using":"xpath","value":"//bdi[contains(@id ,\"application-managehandovers-display-component---AddNewHO--ObjectPageLayout-anchBar-application-managehandovers-display-component---AddNewHO--section4-anchor-BDI-content\")]"}
COMMAND: POST /session/b65fc9896dbbad70d7119bd0d8ca6151/elements - {"using":"xpath","value":"//bdi[contains(@id ,\"application-managehandovers-display-component---AddNewHO--ObjectPageLayout-anchBar-application-managehandovers-display-component---AddNewHO--section4-anchor-BDI-content\")]"}
RESULT: {"using":"xpath","value":"//bdi[contains(@id ,\"application-managehandovers-display-component---AddNewHO--ObjectPageLayout-anchBar-application-managehandovers-display-component---AddNewHO--section4-anchor-BDI-content\")]"}
COMMAND: POST /session/b65fc9896dbbad70d7119bd0d8ca6151/elements - {"using":"xpath","value":"//bdi[contains(@id ,\"application-managehandovers-display-component---AddNewHO--ObjectPageLayout-anchBar-application-managehandovers-display-component---AddNewHO--section4-anchor-BDI-content\")]"}
RESULT: {"using":"xpath","value":"//bdi[contains(@id ,\"application-managehandovers-display-component---AddNewHO--ObjectPageLayout-anchBar-application-managehandovers-display-component---AddNewHO--section4-anchor-BDI-content\")]"}
COMMAND: POST /session/b65fc9896dbbad70d7119bd0d8ca6151/elements - {"using":"xpath","value":"//bdi[contains(@id ,\"application-managehandovers-display-component---AddNewHO--ObjectPageLayout-anchBar-application-managehandovers-display-component---AddNewHO--section4-anchor-BDI-content\")]"}
RESULT: {"using":"xpath","value":"//bdi[contains(@id ,\"application-managehandovers-display-component---AddNewHO--ObjectPageLayout-anchBar-application-managehandovers-display-component---AddNewHO--section4-anchor-BDI-content\")]"}
COMMAND: POST /session/b65fc9896dbbad70d7119bd0d8ca6151/elements - {"using":"xpath","value":"//bdi[contains(@id ,\"application-managehandovers-display-component---AddNewHO--ObjectPageLayout-anchBar-application-managehandovers-display-component---AddNewHO--section4-anchor-BDI-content\")]"}
RESULT: {"using":"xpath","value":"//bdi[contains(@id ,\"application-managehandovers-display-component---AddNewHO--ObjectPageLayout-anchBar-application-managehandovers-display-component---AddNewHO--section4-anchor-BDI-content\")]"}
COMMAND: POST /session/b65fc9896dbbad70d7119bd0d8ca6151/elements - {"using":"xpath","value":"//bdi[contains(@id ,\"application-managehandovers-display-component---AddNewHO--ObjectPageLayout-anchBar-application-managehandovers-display-component---AddNewHO--section4-anchor-BDI-content\")]"}
RESULT: {"using":"xpath","value":"//bdi[contains(@id ,\"application-managehandovers-display-component---AddNewHO--ObjectPageLayout-anchBar-application-managehandovers-display-component---AddNewHO--section4-anchor-BDI-content\")]"}
COMMAND: POST /session/b65fc9896dbbad70d7119bd0d8ca6151/elements - {"using":"xpath","value":"//bdi[contains(@id ,\"application-managehandovers-display-component---AddNewHO--ObjectPageLayout-anchBar-application-managehandovers-display-component---AddNewHO--section4-anchor-BDI-content\")]"}
RESULT: {"using":"xpath","value":"//bdi[contains(@id ,\"application-managehandovers-display-component---AddNewHO--ObjectPageLayout-anchBar-application-managehandovers-display-component---AddNewHO--section4-anchor-BDI-content\")]"}
COMMAND: POST /session/b65fc9896dbbad70d7119bd0d8ca6151/elements - {"using":"xpath","value":"//bdi[contains(@id ,\"application-managehandovers-display-component---AddNewHO--ObjectPageLayout-anchBar-application-managehandovers-display-component---AddNewHO--section4-anchor-BDI-content\")]"}
RESULT: {"using":"xpath","value":"//bdi[contains(@id ,\"application-managehandovers-display-component---AddNewHO--ObjectPageLayout-anchBar-application-managehandovers-display-component---AddNewHO--section4-anchor-BDI-content\")]"}
COMMAND: POST /session/b65fc9896dbbad70d7119bd0d8ca6151/elements - {"using":"xpath","value":"//bdi[contains(@id ,\"application-managehandovers-display-component---AddNewHO--ObjectPageLayout-anchBar-application-managehandovers-display-component---AddNewHO--section4-anchor-BDI-content\")]"}
RESULT: {"using":"xpath","value":"//bdi[contains(@id ,\"application-managehandovers-display-component---AddNewHO--ObjectPageLayout-anchBar-application-managehandovers-display-component---AddNewHO--section4-anchor-BDI-content\")]"}
COMMAND: POST /session/b65fc9896dbbad70d7119bd0d8ca6151/elements - {"using":"xpath","value":"//bdi[contains(@id ,\"application-managehandovers-display-component---AddNewHO--ObjectPageLayout-anchBar-application-managehandovers-display-component---AddNewHO--section4-anchor-BDI-content\")]"}
RESULT: {"using":"xpath","value":"//bdi[contains(@id ,\"application-managehandovers-display-component---AddNewHO--ObjectPageLayout-anchBar-application-managehandovers-display-component---AddNewHO--section4-anchor-BDI-content\")]"}
COMMAND: POST /session/b65fc9896dbbad70d7119bd0d8ca6151/elements - {"using":"xpath","value":"//bdi[contains(@id ,\"application-managehandovers-display-component---AddNewHO--ObjectPageLayout-anchBar-application-managehandovers-display-component---AddNewHO--section4-anchor-BDI-content\")]"}
COMMAND: GET /session/b65fc9896dbbad70d7119bd0d8ca6151/screenshot - {}
RESULT: {"using":"xpath","value":"//bdi[contains(@id ,\"application-managehandovers-display-component---AddNewHO--ObjectPageLayout-anchBar-application-managehandovers-display-component---AddNewHO--section4-anchor-BDI-content\")]"}
RESULT: {}
COMMAND: GET /session/b65fc9896dbbad70d7119bd0d8ca6151/screenshot - {}
COMMAND: GET /session/b65fc9896dbbad70d7119bd0d8ca6151/screenshot - {}
RESULT: {}
RESULT: {}
COMMAND: DELETE /session/b65fc9896dbbad70d7119bd0d8ca6151 - {}
RESULT: {}
]]></system-out>
      <system-err><![CDATA[
Error: Can't call click on element with selector "//bdi[contains(@id ,"application-managehandovers-display-component---AddNewHO--ObjectPageLayout-anchBar-application-managehandovers-display-component---AddNewHO--section4-anchor-BDI-content")]" because element wasn't found
    at async Context.<anonymous> (D:\a\1\s\test\specs\R2C\E2E-Logistical-and-commercial-status.spec.js:945:9)
]]></system-err>
    </testcase>
  </testsuite>
</testsuites>