<?xml version="1.0" encoding="UTF-8"?>
<testsuites tests="48" failures="0" errors="0" skipped="0">
  <testsuite timestamp="2025-05-03T17:17:20" time="1116.13" tests="12" failures="0" errors="0" skipped="0">
    <properties>
      <property name="specId" value="0" />
      <property name="suiteName" value="Billing Transfer - Master data &amp; Intercompany US127250" />
      <property name="capabilities" value="chrome.135_0_7049_96.windows" />
      <property name="file" value="file:///D:/a/1/s/test/specs/BTS/billing-transfer-intercompany.spec.js" />
    </properties>
    <testcase classname="chrome.135_0_7049_96.windows.Billing_Transfer_-_Master_data_&amp;_Intercompany_US127250" name="Should create a new yard" time="121.78">
      <system-out><![CDATA[
COMMAND: POST /session/d65bb1f3e2f9080c12776954838ef114/window/fullscreen - {}
RESULT: {}
COMMAND: POST /session/d65bb1f3e2f9080c12776954838ef114/execute/async - {"script":"<script> [1562 bytes]","args":[{"selector":{"controlType":"sap.m.GenericTile","properties":{"header":"Manage Yards"}},"wdio_ui5_key":"sapm.GenericTile{\"header\":\"Manage Yards\"}"}]}
RESULT: {"script":"<script> [1562 bytes]","args":[{"selector":{"controlType":"sap.m.GenericTile","properties":{"header":"Manage Yards"}},"wdio_ui5_key":"sapm.GenericTile{\"header\":\"Manage Yards\"}"}]}
RESULT: undefined
COMMAND: POST /session/d65bb1f3e2f9080c12776954838ef114/element - {"using":"xpath","value":"//*[@id=\"__tile41\"]"}
RESULT: {"using":"xpath","value":"//*[@id=\"__tile41\"]"}
COMMAND: POST /session/d65bb1f3e2f9080c12776954838ef114/element/f.AD1387FB3635F7347677CF9BEECFB356.d.31F57455007ED1AB6E54C7CCD3CC82D9.e.170/click - {}
RESULT: {}
COMMAND: POST /session/d65bb1f3e2f9080c12776954838ef114/element - {"using":"xpath","value":"//button[@data-kt=\"addNewYardOverflowToolbarButton\"]"}
COMMAND: GET /session/d65bb1f3e2f9080c12776954838ef114/screenshot - {}
RESULT: {"using":"xpath","value":"//button[@data-kt=\"addNewYardOverflowToolbarButton\"]"}
COMMAND: POST /session/d65bb1f3e2f9080c12776954838ef114/elements - {"using":"xpath","value":"//button[@data-kt=\"addNewYardOverflowToolbarButton\"]"}
RESULT: {}
RESULT: {"using":"xpath","value":"//button[@data-kt=\"addNewYardOverflowToolbarButton\"]"}
COMMAND: POST /session/d65bb1f3e2f9080c12776954838ef114/elements - {"using":"xpath","value":"//button[@data-kt=\"addNewYardOverflowToolbarButton\"]"}
RESULT: {"using":"xpath","value":"//button[@data-kt=\"addNewYardOverflowToolbarButton\"]"}
COMMAND: POST /session/d65bb1f3e2f9080c12776954838ef114/elements - {"using":"xpath","value":"//button[@data-kt=\"addNewYardOverflowToolbarButton\"]"}
RESULT: {"using":"xpath","value":"//button[@data-kt=\"addNewYardOverflowToolbarButton\"]"}
COMMAND: POST /session/d65bb1f3e2f9080c12776954838ef114/elements - {"using":"xpath","value":"//button[@data-kt=\"addNewYardOverflowToolbarButton\"]"}
RESULT: {"using":"xpath","value":"//button[@data-kt=\"addNewYardOverflowToolbarButton\"]"}
COMMAND: POST /session/d65bb1f3e2f9080c12776954838ef114/elements - {"using":"xpath","value":"//button[@data-kt=\"addNewYardOverflowToolbarButton\"]"}
RESULT: {"using":"xpath","value":"//button[@data-kt=\"addNewYardOverflowToolbarButton\"]"}
COMMAND: POST /session/d65bb1f3e2f9080c12776954838ef114/elements - {"using":"xpath","value":"//button[@data-kt=\"addNewYardOverflowToolbarButton\"]"}
RESULT: {"using":"xpath","value":"//button[@data-kt=\"addNewYardOverflowToolbarButton\"]"}
COMMAND: POST /session/d65bb1f3e2f9080c12776954838ef114/elements - {"using":"xpath","value":"//button[@data-kt=\"addNewYardOverflowToolbarButton\"]"}
RESULT: {"using":"xpath","value":"//button[@data-kt=\"addNewYardOverflowToolbarButton\"]"}
COMMAND: POST /session/d65bb1f3e2f9080c12776954838ef114/elements - {"using":"xpath","value":"//button[@data-kt=\"addNewYardOverflowToolbarButton\"]"}
RESULT: {"using":"xpath","value":"//button[@data-kt=\"addNewYardOverflowToolbarButton\"]"}
COMMAND: POST /session/d65bb1f3e2f9080c12776954838ef114/elements - {"using":"xpath","value":"//button[@data-kt=\"addNewYardOverflowToolbarButton\"]"}
RESULT: {"using":"xpath","value":"//button[@data-kt=\"addNewYardOverflowToolbarButton\"]"}
COMMAND: POST /session/d65bb1f3e2f9080c12776954838ef114/elements - {"using":"xpath","value":"//button[@data-kt=\"addNewYardOverflowToolbarButton\"]"}
RESULT: {"using":"xpath","value":"//button[@data-kt=\"addNewYardOverflowToolbarButton\"]"}
COMMAND: POST /session/d65bb1f3e2f9080c12776954838ef114/elements - {"using":"xpath","value":"//button[@data-kt=\"addNewYardOverflowToolbarButton\"]"}
RESULT: {"using":"xpath","value":"//button[@data-kt=\"addNewYardOverflowToolbarButton\"]"}
COMMAND: POST /session/d65bb1f3e2f9080c12776954838ef114/elements - {"using":"xpath","value":"//button[@data-kt=\"addNewYardOverflowToolbarButton\"]"}
RESULT: {"using":"xpath","value":"//button[@data-kt=\"addNewYardOverflowToolbarButton\"]"}
COMMAND: POST /session/d65bb1f3e2f9080c12776954838ef114/elements - {"using":"xpath","value":"//button[@data-kt=\"addNewYardOverflowToolbarButton\"]"}
RESULT: {"using":"xpath","value":"//button[@data-kt=\"addNewYardOverflowToolbarButton\"]"}
COMMAND: POST /session/d65bb1f3e2f9080c12776954838ef114/elements - {"using":"xpath","value":"//button[@data-kt=\"addNewYardOverflowToolbarButton\"]"}
RESULT: {"using":"xpath","value":"//button[@data-kt=\"addNewYardOverflowToolbarButton\"]"}
COMMAND: POST /session/d65bb1f3e2f9080c12776954838ef114/elements - {"using":"xpath","value":"//button[@data-kt=\"addNewYardOverflowToolbarButton\"]"}
RESULT: {"using":"xpath","value":"//button[@data-kt=\"addNewYardOverflowToolbarButton\"]"}
COMMAND: POST /session/d65bb1f3e2f9080c12776954838ef114/elements - {"using":"xpath","value":"//button[@data-kt=\"addNewYardOverflowToolbarButton\"]"}
RESULT: {"using":"xpath","value":"//button[@data-kt=\"addNewYardOverflowToolbarButton\"]"}
COMMAND: POST /session/d65bb1f3e2f9080c12776954838ef114/elements - {"using":"xpath","value":"//button[@data-kt=\"addNewYardOverflowToolbarButton\"]"}
RESULT: {"using":"xpath","value":"//button[@data-kt=\"addNewYardOverflowToolbarButton\"]"}
COMMAND: POST /session/d65bb1f3e2f9080c12776954838ef114/elements - {"using":"xpath","value":"//button[@data-kt=\"addNewYardOverflowToolbarButton\"]"}
RESULT: {"using":"xpath","value":"//button[@data-kt=\"addNewYardOverflowToolbarButton\"]"}
COMMAND: POST /session/d65bb1f3e2f9080c12776954838ef114/elements - {"using":"xpath","value":"//button[@data-kt=\"addNewYardOverflowToolbarButton\"]"}
RESULT: {"using":"xpath","value":"//button[@data-kt=\"addNewYardOverflowToolbarButton\"]"}
COMMAND: POST /session/d65bb1f3e2f9080c12776954838ef114/elements - {"using":"xpath","value":"//button[@data-kt=\"addNewYardOverflowToolbarButton\"]"}
RESULT: {"using":"xpath","value":"//button[@data-kt=\"addNewYardOverflowToolbarButton\"]"}
COMMAND: POST /session/d65bb1f3e2f9080c12776954838ef114/elements - {"using":"xpath","value":"//button[@data-kt=\"addNewYardOverflowToolbarButton\"]"}
RESULT: {"using":"xpath","value":"//button[@data-kt=\"addNewYardOverflowToolbarButton\"]"}
COMMAND: POST /session/d65bb1f3e2f9080c12776954838ef114/elements - {"using":"xpath","value":"//button[@data-kt=\"addNewYardOverflowToolbarButton\"]"}
RESULT: {"using":"xpath","value":"//button[@data-kt=\"addNewYardOverflowToolbarButton\"]"}
COMMAND: POST /session/d65bb1f3e2f9080c12776954838ef114/elements - {"using":"xpath","value":"//button[@data-kt=\"addNewYardOverflowToolbarButton\"]"}
RESULT: {"using":"xpath","value":"//button[@data-kt=\"addNewYardOverflowToolbarButton\"]"}
COMMAND: POST /session/d65bb1f3e2f9080c12776954838ef114/elements - {"using":"xpath","value":"//button[@data-kt=\"addNewYardOverflowToolbarButton\"]"}
RESULT: {"using":"xpath","value":"//button[@data-kt=\"addNewYardOverflowToolbarButton\"]"}
COMMAND: POST /session/d65bb1f3e2f9080c12776954838ef114/elements - {"using":"xpath","value":"//button[@data-kt=\"addNewYardOverflowToolbarButton\"]"}
RESULT: {"using":"xpath","value":"//button[@data-kt=\"addNewYardOverflowToolbarButton\"]"}
COMMAND: POST /session/d65bb1f3e2f9080c12776954838ef114/elements - {"using":"xpath","value":"//button[@data-kt=\"addNewYardOverflowToolbarButton\"]"}
RESULT: {"using":"xpath","value":"//button[@data-kt=\"addNewYardOverflowToolbarButton\"]"}
COMMAND: POST /session/d65bb1f3e2f9080c12776954838ef114/elements - {"using":"xpath","value":"//button[@data-kt=\"addNewYardOverflowToolbarButton\"]"}
RESULT: {"using":"xpath","value":"//button[@data-kt=\"addNewYardOverflowToolbarButton\"]"}
COMMAND: POST /session/d65bb1f3e2f9080c12776954838ef114/elements - {"using":"xpath","value":"//button[@data-kt=\"addNewYardOverflowToolbarButton\"]"}
RESULT: {"using":"xpath","value":"//button[@data-kt=\"addNewYardOverflowToolbarButton\"]"}
COMMAND: POST /session/d65bb1f3e2f9080c12776954838ef114/elements - {"using":"xpath","value":"//button[@data-kt=\"addNewYardOverflowToolbarButton\"]"}
RESULT: {"using":"xpath","value":"//button[@data-kt=\"addNewYardOverflowToolbarButton\"]"}
COMMAND: POST /session/d65bb1f3e2f9080c12776954838ef114/elements - {"using":"xpath","value":"//button[@data-kt=\"addNewYardOverflowToolbarButton\"]"}
RESULT: {"using":"xpath","value":"//button[@data-kt=\"addNewYardOverflowToolbarButton\"]"}
COMMAND: POST /session/d65bb1f3e2f9080c12776954838ef114/elements - {"using":"xpath","value":"//button[@data-kt=\"addNewYardOverflowToolbarButton\"]"}
RESULT: {"using":"xpath","value":"//button[@data-kt=\"addNewYardOverflowToolbarButton\"]"}
COMMAND: POST /session/d65bb1f3e2f9080c12776954838ef114/elements - {"using":"xpath","value":"//button[@data-kt=\"addNewYardOverflowToolbarButton\"]"}
RESULT: {"using":"xpath","value":"//button[@data-kt=\"addNewYardOverflowToolbarButton\"]"}
COMMAND: POST /session/d65bb1f3e2f9080c12776954838ef114/elements - {"using":"xpath","value":"//button[@data-kt=\"addNewYardOverflowToolbarButton\"]"}
RESULT: {"using":"xpath","value":"//button[@data-kt=\"addNewYardOverflowToolbarButton\"]"}
COMMAND: POST /session/d65bb1f3e2f9080c12776954838ef114/elements - {"using":"xpath","value":"//button[@data-kt=\"addNewYardOverflowToolbarButton\"]"}
RESULT: {"using":"xpath","value":"//button[@data-kt=\"addNewYardOverflowToolbarButton\"]"}
COMMAND: POST /session/d65bb1f3e2f9080c12776954838ef114/elements - {"using":"xpath","value":"//button[@data-kt=\"addNewYardOverflowToolbarButton\"]"}
RESULT: {"using":"xpath","value":"//button[@data-kt=\"addNewYardOverflowToolbarButton\"]"}
COMMAND: POST /session/d65bb1f3e2f9080c12776954838ef114/elements - {"using":"xpath","value":"//button[@data-kt=\"addNewYardOverflowToolbarButton\"]"}
RESULT: {"using":"xpath","value":"//button[@data-kt=\"addNewYardOverflowToolbarButton\"]"}
COMMAND: POST /session/d65bb1f3e2f9080c12776954838ef114/elements - {"using":"xpath","value":"//button[@data-kt=\"addNewYardOverflowToolbarButton\"]"}
RESULT: {"using":"xpath","value":"//button[@data-kt=\"addNewYardOverflowToolbarButton\"]"}
COMMAND: POST /session/d65bb1f3e2f9080c12776954838ef114/element - {"using":"xpath","value":"//button[@data-kt=\"addNewYardOverflowToolbarButton\"]"}
RESULT: {"using":"xpath","value":"//button[@data-kt=\"addNewYardOverflowToolbarButton\"]"}
COMMAND: POST /session/d65bb1f3e2f9080c12776954838ef114/execute/sync - {"script":"<script> [8489 bytes]","args":[{"element-6066-11e4-a52e-4f735466cecf":"f.AD1387FB3635F7347677CF9BEECFB356.d.31F57455007ED1AB6E54C7CCD3CC82D9.e.303","ELEMENT":"f.AD1387FB3635F7347677CF9BEECFB356.d.31F57455007ED1AB6E54C7CCD3CC82D9.e.303"}]}
RESULT: {"script":"<script> [8489 bytes]","args":[{"element-6066-11e4-a52e-4f735466cecf":"f.AD1387FB3635F7347677CF9BEECFB356.d.31F57455007ED1AB6E54C7CCD3CC82D9.e.303","ELEMENT":"f.AD1387FB3635F7347677CF9BEECFB356.d.31F57455007ED1AB6E54C7CCD3CC82D9.e.303"}]}
COMMAND: GET /session/d65bb1f3e2f9080c12776954838ef114/element/f.AD1387FB3635F7347677CF9BEECFB356.d.31F57455007ED1AB6E54C7CCD3CC82D9.e.303/enabled - {}
COMMAND: GET /session/d65bb1f3e2f9080c12776954838ef114/screenshot - {}
RESULT: {}
COMMAND: POST /session/d65bb1f3e2f9080c12776954838ef114/execute/sync - {"script":"<script> [8489 bytes]","args":[{"element-6066-11e4-a52e-4f735466cecf":"f.AD1387FB3635F7347677CF9BEECFB356.d.31F57455007ED1AB6E54C7CCD3CC82D9.e.303","ELEMENT":"f.AD1387FB3635F7347677CF9BEECFB356.d.31F57455007ED1AB6E54C7CCD3CC82D9.e.303"}]}
COMMAND: GET /session/d65bb1f3e2f9080c12776954838ef114/screenshot - {}
RESULT: {}
RESULT: {"script":"<script> [8489 bytes]","args":[{"element-6066-11e4-a52e-4f735466cecf":"f.AD1387FB3635F7347677CF9BEECFB356.d.31F57455007ED1AB6E54C7CCD3CC82D9.e.303","ELEMENT":"f.AD1387FB3635F7347677CF9BEECFB356.d.31F57455007ED1AB6E54C7CCD3CC82D9.e.303"}]}
COMMAND: POST /session/d65bb1f3e2f9080c12776954838ef114/execute/sync - {"script":"<script> [5351 bytes]","args":[{"element-6066-11e4-a52e-4f735466cecf":"f.AD1387FB3635F7347677CF9BEECFB356.d.31F57455007ED1AB6E54C7CCD3CC82D9.e.303","ELEMENT":"f.AD1387FB3635F7347677CF9BEECFB356.d.31F57455007ED1AB6E54C7CCD3CC82D9.e.303"}]}
COMMAND: GET /session/d65bb1f3e2f9080c12776954838ef114/screenshot - {}
RESULT: {}
RESULT: {"script":"<script> [5351 bytes]","args":[{"element-6066-11e4-a52e-4f735466cecf":"f.AD1387FB3635F7347677CF9BEECFB356.d.31F57455007ED1AB6E54C7CCD3CC82D9.e.303","ELEMENT":"f.AD1387FB3635F7347677CF9BEECFB356.d.31F57455007ED1AB6E54C7CCD3CC82D9.e.303"}]}
COMMAND: POST /session/d65bb1f3e2f9080c12776954838ef114/element/f.AD1387FB3635F7347677CF9BEECFB356.d.31F57455007ED1AB6E54C7CCD3CC82D9.e.303/click - {}
COMMAND: GET /session/d65bb1f3e2f9080c12776954838ef114/screenshot - {}
RESULT: {}
RESULT: {}
COMMAND: GET /session/d65bb1f3e2f9080c12776954838ef114/screenshot - {}
COMMAND: POST /session/d65bb1f3e2f9080c12776954838ef114/element - {"using":"xpath","value":"//input[@id=\"application-manageyards-display-component---NewYard--yardId-inner\"]"}
RESULT: {}
RESULT: {}
RESULT: {"using":"xpath","value":"//input[@id=\"application-manageyards-display-component---NewYard--yardId-inner\"]"}
COMMAND: POST /session/d65bb1f3e2f9080c12776954838ef114/element - {"using":"xpath","value":"//input[@id=\"application-manageyards-display-component---NewYard--yardId-inner\"]"}
RESULT: {"using":"xpath","value":"//input[@id=\"application-manageyards-display-component---NewYard--yardId-inner\"]"}
COMMAND: POST /session/d65bb1f3e2f9080c12776954838ef114/execute/async - {"script":"<script> [1562 bytes]","args":[{"selector":{"id":"application-manageyards-display-component---NewYard--addressDetailDetailsName1","interaction":{"idSuffix":"inner"}},"wdio_ui5_key":"applicationmanageyards-display-component---NewYard--addressDetailDetailsName1"}]}
RESULT: {"script":"<script> [1562 bytes]","args":[{"selector":{"id":"application-manageyards-display-component---NewYard--addressDetailDetailsName1","interaction":{"idSuffix":"inner"}},"wdio_ui5_key":"applicationmanageyards-display-component---NewYard--addressDetailDetailsName1"}]}
RESULT: undefined
COMMAND: POST /session/d65bb1f3e2f9080c12776954838ef114/execute/async - {"script":"<script> [776 bytes]","args":[{"enterText":"Intercompany Yard wdIO","selector":{"id":"application-manageyards-display-component---NewYard--addressDetailDetailsName1","interaction":{"idSuffix":"inner"}},"clearTextFirst":true,"interactionType":"ENTER_TEXT"}]}
RESULT: {"script":"<script> [776 bytes]","args":[{"enterText":"Intercompany Yard wdIO","selector":{"id":"application-manageyards-display-component---NewYard--addressDetailDetailsName1","interaction":{"idSuffix":"inner"}},"clearTextFirst":true,"interactionType":"ENTER_TEXT"}]}
COMMAND: POST /session/d65bb1f3e2f9080c12776954838ef114/execute/async - {"script":"<script> [1562 bytes]","args":[{"selector":{"id":"application-manageyards-display-component---NewYard--addressDetailDetailsLanguage-arrow"},"wdio_ui5_key":"applicationmanageyards-display-component---NewYard--addressDetailDetailsLanguage-arrow"}]}
RESULT: {"script":"<script> [1562 bytes]","args":[{"selector":{"id":"application-manageyards-display-component---NewYard--addressDetailDetailsLanguage-arrow"},"wdio_ui5_key":"applicationmanageyards-display-component---NewYard--addressDetailDetailsLanguage-arrow"}]}
RESULT: undefined
COMMAND: POST /session/d65bb1f3e2f9080c12776954838ef114/element - {"using":"xpath","value":"//*[@id=\"application-manageyards-display-component---NewYard--addressDetailDetailsLanguage-arrow\"]"}
RESULT: {"using":"xpath","value":"//*[@id=\"application-manageyards-display-component---NewYard--addressDetailDetailsLanguage-arrow\"]"}
COMMAND: POST /session/d65bb1f3e2f9080c12776954838ef114/element/f.AD1387FB3635F7347677CF9BEECFB356.d.31F57455007ED1AB6E54C7CCD3CC82D9.e.725/click - {}
RESULT: {}
COMMAND: POST /session/d65bb1f3e2f9080c12776954838ef114/element - {"using":"xpath","value":"//span[contains(text(), \"English\")]"}
COMMAND: GET /session/d65bb1f3e2f9080c12776954838ef114/screenshot - {}
RESULT: {"using":"xpath","value":"//span[contains(text(), \"English\")]"}
COMMAND: POST /session/d65bb1f3e2f9080c12776954838ef114/element/f.AD1387FB3635F7347677CF9BEECFB356.d.31F57455007ED1AB6E54C7CCD3CC82D9.e.726/click - {}
RESULT: {}
RESULT: {}
COMMAND: POST /session/d65bb1f3e2f9080c12776954838ef114/execute/async - {"script":"<script> [1562 bytes]","args":[{"selector":{"id":"application-manageyards-display-component---NewYard--addressDetailDetailsCity1","interaction":{"idSuffix":"inner"}},"wdio_ui5_key":"applicationmanageyards-display-component---NewYard--addressDetailDetailsCity1"}]}
COMMAND: GET /session/d65bb1f3e2f9080c12776954838ef114/screenshot - {}
RESULT: {"script":"<script> [1562 bytes]","args":[{"selector":{"id":"application-manageyards-display-component---NewYard--addressDetailDetailsCity1","interaction":{"idSuffix":"inner"}},"wdio_ui5_key":"applicationmanageyards-display-component---NewYard--addressDetailDetailsCity1"}]}
RESULT: undefined
COMMAND: POST /session/d65bb1f3e2f9080c12776954838ef114/execute/async - {"script":"<script> [776 bytes]","args":[{"enterText":"Rosario","selector":{"id":"application-manageyards-display-component---NewYard--addressDetailDetailsCity1","interaction":{"idSuffix":"inner"}},"clearTextFirst":true,"interactionType":"ENTER_TEXT"}]}
RESULT: {}
RESULT: {"script":"<script> [776 bytes]","args":[{"enterText":"Rosario","selector":{"id":"application-manageyards-display-component---NewYard--addressDetailDetailsCity1","interaction":{"idSuffix":"inner"}},"clearTextFirst":true,"interactionType":"ENTER_TEXT"}]}
COMMAND: POST /session/d65bb1f3e2f9080c12776954838ef114/execute/async - {"script":"<script> [1562 bytes]","args":[{"selector":{"id":"application-manageyards-display-component---NewYard--addressDetailDetailsCountry-arrow"},"wdio_ui5_key":"applicationmanageyards-display-component---NewYard--addressDetailDetailsCountry-arrow"}]}
RESULT: {"script":"<script> [1562 bytes]","args":[{"selector":{"id":"application-manageyards-display-component---NewYard--addressDetailDetailsCountry-arrow"},"wdio_ui5_key":"applicationmanageyards-display-component---NewYard--addressDetailDetailsCountry-arrow"}]}
RESULT: undefined
COMMAND: POST /session/d65bb1f3e2f9080c12776954838ef114/element - {"using":"xpath","value":"//*[@id=\"application-manageyards-display-component---NewYard--addressDetailDetailsCountry-arrow\"]"}
RESULT: {"using":"xpath","value":"//*[@id=\"application-manageyards-display-component---NewYard--addressDetailDetailsCountry-arrow\"]"}
COMMAND: POST /session/d65bb1f3e2f9080c12776954838ef114/element/f.AD1387FB3635F7347677CF9BEECFB356.d.31F57455007ED1AB6E54C7CCD3CC82D9.e.728/click - {}
RESULT: {}
COMMAND: POST /session/d65bb1f3e2f9080c12776954838ef114/element - {"using":"xpath","value":"//span[contains(text(), \"Argentina\")]"}
COMMAND: GET /session/d65bb1f3e2f9080c12776954838ef114/screenshot - {}
RESULT: {"using":"xpath","value":"//span[contains(text(), \"Argentina\")]"}
COMMAND: POST /session/d65bb1f3e2f9080c12776954838ef114/element/f.AD1387FB3635F7347677CF9BEECFB356.d.31F57455007ED1AB6E54C7CCD3CC82D9.e.730/click - {}
RESULT: {}
RESULT: {}
COMMAND: POST /session/d65bb1f3e2f9080c12776954838ef114/execute/async - {"script":"<script> [1562 bytes]","args":[{"selector":{"id":"application-manageyards-display-component---NewYard--addressEditDetailsCostObjectCstType-arrow"},"wdio_ui5_key":"applicationmanageyards-display-component---NewYard--addressEditDetailsCostObjectCstType-arrow"}]}
COMMAND: GET /session/d65bb1f3e2f9080c12776954838ef114/screenshot - {}
RESULT: {"script":"<script> [1562 bytes]","args":[{"selector":{"id":"application-manageyards-display-component---NewYard--addressEditDetailsCostObjectCstType-arrow"},"wdio_ui5_key":"applicationmanageyards-display-component---NewYard--addressEditDetailsCostObjectCstType-arrow"}]}
RESULT: undefined
COMMAND: POST /session/d65bb1f3e2f9080c12776954838ef114/element - {"using":"xpath","value":"//*[@id=\"application-manageyards-display-component---NewYard--addressEditDetailsCostObjectCstType-arrow\"]"}
RESULT: {}
RESULT: {"using":"xpath","value":"//*[@id=\"application-manageyards-display-component---NewYard--addressEditDetailsCostObjectCstType-arrow\"]"}
COMMAND: POST /session/d65bb1f3e2f9080c12776954838ef114/element/f.AD1387FB3635F7347677CF9BEECFB356.d.31F57455007ED1AB6E54C7CCD3CC82D9.e.731/click - {}
RESULT: {}
COMMAND: POST /session/d65bb1f3e2f9080c12776954838ef114/element - {"using":"xpath","value":"//span[contains(text(), \"Cost Center\")]"}
COMMAND: GET /session/d65bb1f3e2f9080c12776954838ef114/screenshot - {}
RESULT: {"using":"xpath","value":"//span[contains(text(), \"Cost Center\")]"}
COMMAND: POST /session/d65bb1f3e2f9080c12776954838ef114/element/f.AD1387FB3635F7347677CF9BEECFB356.d.31F57455007ED1AB6E54C7CCD3CC82D9.e.732/click - {}
RESULT: {}
RESULT: {}
COMMAND: GET /session/d65bb1f3e2f9080c12776954838ef114/screenshot - {}
RESULT: {}
COMMAND: POST /session/d65bb1f3e2f9080c12776954838ef114/element - {"using":"xpath","value":"//span[@id=\"application-manageyards-display-component---NewYard--addressNewCostObjectCstID-vhi\"]"}
RESULT: {"using":"xpath","value":"//span[@id=\"application-manageyards-display-component---NewYard--addressNewCostObjectCstID-vhi\"]"}
COMMAND: POST /session/d65bb1f3e2f9080c12776954838ef114/execute/sync - {"script":"<script> [8489 bytes]","args":[{"element-6066-11e4-a52e-4f735466cecf":"f.AD1387FB3635F7347677CF9BEECFB356.d.31F57455007ED1AB6E54C7CCD3CC82D9.e.736","ELEMENT":"f.AD1387FB3635F7347677CF9BEECFB356.d.31F57455007ED1AB6E54C7CCD3CC82D9.e.736"}]}
RESULT: {"script":"<script> [8489 bytes]","args":[{"element-6066-11e4-a52e-4f735466cecf":"f.AD1387FB3635F7347677CF9BEECFB356.d.31F57455007ED1AB6E54C7CCD3CC82D9.e.736","ELEMENT":"f.AD1387FB3635F7347677CF9BEECFB356.d.31F57455007ED1AB6E54C7CCD3CC82D9.e.736"}]}
COMMAND: POST /session/d65bb1f3e2f9080c12776954838ef114/execute/async - {"script":"<script> [1562 bytes]","args":[{"selector":{"id":"application-manageyards-display-component---NewYard--addressNewCostObjectCstID-vhi"},"wdio_ui5_key":"applicationmanageyards-display-component---NewYard--addressNewCostObjectCstID-vhi"}]}
COMMAND: GET /session/d65bb1f3e2f9080c12776954838ef114/screenshot - {}
RESULT: {}
RESULT: {"script":"<script> [1562 bytes]","args":[{"selector":{"id":"application-manageyards-display-component---NewYard--addressNewCostObjectCstID-vhi"},"wdio_ui5_key":"applicationmanageyards-display-component---NewYard--addressNewCostObjectCstID-vhi"}]}
RESULT: undefined
COMMAND: POST /session/d65bb1f3e2f9080c12776954838ef114/element - {"using":"xpath","value":"//*[@id=\"application-manageyards-display-component---NewYard--addressNewCostObjectCstID-vhi\"]"}
RESULT: {"using":"xpath","value":"//*[@id=\"application-manageyards-display-component---NewYard--addressNewCostObjectCstID-vhi\"]"}
COMMAND: POST /session/d65bb1f3e2f9080c12776954838ef114/element/f.AD1387FB3635F7347677CF9BEECFB356.d.31F57455007ED1AB6E54C7CCD3CC82D9.e.736/click - {}
RESULT: {}
COMMAND: GET /session/d65bb1f3e2f9080c12776954838ef114/screenshot - {}
RESULT: {}
COMMAND: POST /session/d65bb1f3e2f9080c12776954838ef114/execute/async - {"script":"<script> [1562 bytes]","args":[{"selector":{"controlType":"sap.m.SearchField","properties":{"placeholder":"Search"},"searchOpenDialogs":true,"interaction":{"idSuffix":"I"}},"wdio_ui5_key":"sapm.SearchField{\"placeholder\":\"Search\"}"}]}
RESULT: {"script":"<script> [1562 bytes]","args":[{"selector":{"controlType":"sap.m.SearchField","properties":{"placeholder":"Search"},"searchOpenDialogs":true,"interaction":{"idSuffix":"I"}},"wdio_ui5_key":"sapm.SearchField{\"placeholder\":\"Search\"}"}]}
RESULT: undefined
COMMAND: POST /session/d65bb1f3e2f9080c12776954838ef114/execute/async - {"script":"<script> [776 bytes]","args":[{"enterText":"10001013","selector":{"controlType":"sap.m.SearchField","properties":{"placeholder":"Search"},"searchOpenDialogs":true,"interaction":{"idSuffix":"I"}},"clearTextFirst":true,"interactionType":"ENTER_TEXT"}]}
RESULT: {"script":"<script> [776 bytes]","args":[{"enterText":"10001013","selector":{"controlType":"sap.m.SearchField","properties":{"placeholder":"Search"},"searchOpenDialogs":true,"interaction":{"idSuffix":"I"}},"clearTextFirst":true,"interactionType":"ENTER_TEXT"}]}
COMMAND: POST /session/d65bb1f3e2f9080c12776954838ef114/actions - {"actions":[{"id":"action1","type":"key","parameters":{},"actions":[{"type":"keyDown","value":"î€‡"},{"type":"pause","duration":10},{"type":"keyUp","value":"î€‡"}]}]}
RESULT: {"actions":[{"id":"action1","type":"key","parameters":{},"actions":[{"type":"keyDown","value":"î€‡"},{"type":"pause","duration":10},{"type":"keyUp","value":"î€‡"}]}]}
COMMAND: GET /session/d65bb1f3e2f9080c12776954838ef114/screenshot - {}
RESULT: {}
COMMAND: POST /session/d65bb1f3e2f9080c12776954838ef114/element - {"using":"xpath","value":"//span[contains(text(), \"General Management\")]"}
RESULT: {"using":"xpath","value":"//span[contains(text(), \"General Management\")]"}
COMMAND: POST /session/d65bb1f3e2f9080c12776954838ef114/element/f.AD1387FB3635F7347677CF9BEECFB356.d.31F57455007ED1AB6E54C7CCD3CC82D9.e.777/click - {}
RESULT: {}
COMMAND: GET /session/d65bb1f3e2f9080c12776954838ef114/screenshot - {}
RESULT: {}
COMMAND: POST /session/d65bb1f3e2f9080c12776954838ef114/element - {"using":"xpath","value":"//bdi[contains(text(), \"OK\")]"}
RESULT: {"using":"xpath","value":"//bdi[contains(text(), \"OK\")]"}
COMMAND: POST /session/d65bb1f3e2f9080c12776954838ef114/element/f.AD1387FB3635F7347677CF9BEECFB356.d.31F57455007ED1AB6E54C7CCD3CC82D9.e.778/click - {}
RESULT: {}
COMMAND: GET /session/d65bb1f3e2f9080c12776954838ef114/screenshot - {}
RESULT: {}
COMMAND: POST /session/d65bb1f3e2f9080c12776954838ef114/execute/async - {"script":"<script> [1562 bytes]","args":[{"selector":{"id":"application-manageyards-display-component---NewYard--addressEditDetailsCurrency-arrow"},"wdio_ui5_key":"applicationmanageyards-display-component---NewYard--addressEditDetailsCurrency-arrow"}]}
RESULT: {"script":"<script> [1562 bytes]","args":[{"selector":{"id":"application-manageyards-display-component---NewYard--addressEditDetailsCurrency-arrow"},"wdio_ui5_key":"applicationmanageyards-display-component---NewYard--addressEditDetailsCurrency-arrow"}]}
RESULT: undefined
COMMAND: POST /session/d65bb1f3e2f9080c12776954838ef114/element - {"using":"xpath","value":"//*[@id=\"application-manageyards-display-component---NewYard--addressEditDetailsCurrency-arrow\"]"}
RESULT: {"using":"xpath","value":"//*[@id=\"application-manageyards-display-component---NewYard--addressEditDetailsCurrency-arrow\"]"}
COMMAND: POST /session/d65bb1f3e2f9080c12776954838ef114/element/f.AD1387FB3635F7347677CF9BEECFB356.d.31F57455007ED1AB6E54C7CCD3CC82D9.e.781/click - {}
RESULT: {}
COMMAND: POST /session/d65bb1f3e2f9080c12776954838ef114/element - {"using":"xpath","value":"//span[contains(text(), \"Euro\")]"}
COMMAND: GET /session/d65bb1f3e2f9080c12776954838ef114/screenshot - {}
RESULT: {"using":"xpath","value":"//span[contains(text(), \"Euro\")]"}
COMMAND: POST /session/d65bb1f3e2f9080c12776954838ef114/element/f.AD1387FB3635F7347677CF9BEECFB356.d.31F57455007ED1AB6E54C7CCD3CC82D9.e.782/click - {}
RESULT: {}
RESULT: {}
COMMAND: POST /session/d65bb1f3e2f9080c12776954838ef114/execute/async - {"script":"<script> [1562 bytes]","args":[{"selector":{"controlType":"sap.m.Input","viewName":"etm.portal.ui.manageyards.view.New","viewId":"application-manageyards-display-component---NewYard","bindingPath":{"path":"","propertyPath":"/CONTROLLING_AREA","modelName":"NewYardModel"},"interaction":{"idSuffix":"inner"}},"wdio_ui5_key":"etmportal.ui.manageyards.view.Newsap.m.Input{\"path\":\"\",\"propertyPath\":\"/CONTROLLING_AREA\",\"modelName\":\"NewYardModel\"}"}]}
COMMAND: GET /session/d65bb1f3e2f9080c12776954838ef114/screenshot - {}
RESULT: {"script":"<script> [1562 bytes]","args":[{"selector":{"controlType":"sap.m.Input","viewName":"etm.portal.ui.manageyards.view.New","viewId":"application-manageyards-display-component---NewYard","bindingPath":{"path":"","propertyPath":"/CONTROLLING_AREA","modelName":"NewYardModel"},"interaction":{"idSuffix":"inner"}},"wdio_ui5_key":"etmportal.ui.manageyards.view.Newsap.m.Input{\"path\":\"\",\"propertyPath\":\"/CONTROLLING_AREA\",\"modelName\":\"NewYardModel\"}"}]}
RESULT: undefined
COMMAND: POST /session/d65bb1f3e2f9080c12776954838ef114/execute/async - {"script":"<script> [776 bytes]","args":[{"enterText":"Z001","selector":{"controlType":"sap.m.Input","viewName":"etm.portal.ui.manageyards.view.New","viewId":"application-manageyards-display-component---NewYard","bindingPath":{"path":"","propertyPath":"/CONTROLLING_AREA","modelName":"NewYardModel"},"interaction":{"idSuffix":"inner"}},"clearTextFirst":true,"interactionType":"ENTER_TEXT"}]}
RESULT: {}
RESULT: {"script":"<script> [776 bytes]","args":[{"enterText":"Z001","selector":{"controlType":"sap.m.Input","viewName":"etm.portal.ui.manageyards.view.New","viewId":"application-manageyards-display-component---NewYard","bindingPath":{"path":"","propertyPath":"/CONTROLLING_AREA","modelName":"NewYardModel"},"interaction":{"idSuffix":"inner"}},"clearTextFirst":true,"interactionType":"ENTER_TEXT"}]}
COMMAND: POST /session/d65bb1f3e2f9080c12776954838ef114/execute/async - {"script":"<script> [1562 bytes]","args":[{"selector":{"id":"application-manageyards-display-component---NewYard--companyCodeComboBox","interaction":{"idSuffix":"inner"}},"wdio_ui5_key":"applicationmanageyards-display-component---NewYard--companyCodeComboBox"}]}
RESULT: {"script":"<script> [1562 bytes]","args":[{"selector":{"id":"application-manageyards-display-component---NewYard--companyCodeComboBox","interaction":{"idSuffix":"inner"}},"wdio_ui5_key":"applicationmanageyards-display-component---NewYard--companyCodeComboBox"}]}
RESULT: undefined
COMMAND: POST /session/d65bb1f3e2f9080c12776954838ef114/execute/async - {"script":"<script> [776 bytes]","args":[{"enterText":"1000","selector":{"id":"application-manageyards-display-component---NewYard--companyCodeComboBox","interaction":{"idSuffix":"inner"}},"clearTextFirst":true,"interactionType":"ENTER_TEXT"}]}
RESULT: {"script":"<script> [776 bytes]","args":[{"enterText":"1000","selector":{"id":"application-manageyards-display-component---NewYard--companyCodeComboBox","interaction":{"idSuffix":"inner"}},"clearTextFirst":true,"interactionType":"ENTER_TEXT"}]}
COMMAND: POST /session/d65bb1f3e2f9080c12776954838ef114/execute/async - {"script":"<script> [1562 bytes]","args":[{"selector":{"controlType":"sap.m.Input","viewName":"etm.portal.ui.manageyards.view.New","viewId":"application-manageyards-display-component---NewYard","bindingPath":{"path":"","propertyPath":"/PLANT","modelName":"NewYardModel"},"interaction":{"idSuffix":"inner"}},"wdio_ui5_key":"etmportal.ui.manageyards.view.Newsap.m.Input{\"path\":\"\",\"propertyPath\":\"/PLANT\",\"modelName\":\"NewYardModel\"}"}]}
RESULT: {"script":"<script> [1562 bytes]","args":[{"selector":{"controlType":"sap.m.Input","viewName":"etm.portal.ui.manageyards.view.New","viewId":"application-manageyards-display-component---NewYard","bindingPath":{"path":"","propertyPath":"/PLANT","modelName":"NewYardModel"},"interaction":{"idSuffix":"inner"}},"wdio_ui5_key":"etmportal.ui.manageyards.view.Newsap.m.Input{\"path\":\"\",\"propertyPath\":\"/PLANT\",\"modelName\":\"NewYardModel\"}"}]}
RESULT: undefined
COMMAND: POST /session/d65bb1f3e2f9080c12776954838ef114/execute/async - {"script":"<script> [776 bytes]","args":[{"enterText":"1001","selector":{"controlType":"sap.m.Input","viewName":"etm.portal.ui.manageyards.view.New","viewId":"application-manageyards-display-component---NewYard","bindingPath":{"path":"","propertyPath":"/PLANT","modelName":"NewYardModel"},"interaction":{"idSuffix":"inner"}},"clearTextFirst":true,"interactionType":"ENTER_TEXT"}]}
RESULT: {"script":"<script> [776 bytes]","args":[{"enterText":"1001","selector":{"controlType":"sap.m.Input","viewName":"etm.portal.ui.manageyards.view.New","viewId":"application-manageyards-display-component---NewYard","bindingPath":{"path":"","propertyPath":"/PLANT","modelName":"NewYardModel"},"interaction":{"idSuffix":"inner"}},"clearTextFirst":true,"interactionType":"ENTER_TEXT"}]}
COMMAND: POST /session/d65bb1f3e2f9080c12776954838ef114/execute/async - {"script":"<script> [1562 bytes]","args":[{"selector":{"controlType":"sap.m.Input","viewName":"etm.portal.ui.manageyards.view.New","viewId":"application-manageyards-display-component---NewYard","bindingPath":{"path":"","propertyPath":"/SALES_AREA_VKORG","modelName":"NewYardModel"},"interaction":{"idSuffix":"inner"}},"wdio_ui5_key":"etmportal.ui.manageyards.view.Newsap.m.Input{\"path\":\"\",\"propertyPath\":\"/SALES_AREA_VKORG\",\"modelName\":\"NewYardModel\"}"}]}
RESULT: {"script":"<script> [1562 bytes]","args":[{"selector":{"controlType":"sap.m.Input","viewName":"etm.portal.ui.manageyards.view.New","viewId":"application-manageyards-display-component---NewYard","bindingPath":{"path":"","propertyPath":"/SALES_AREA_VKORG","modelName":"NewYardModel"},"interaction":{"idSuffix":"inner"}},"wdio_ui5_key":"etmportal.ui.manageyards.view.Newsap.m.Input{\"path\":\"\",\"propertyPath\":\"/SALES_AREA_VKORG\",\"modelName\":\"NewYardModel\"}"}]}
RESULT: undefined
COMMAND: POST /session/d65bb1f3e2f9080c12776954838ef114/execute/async - {"script":"<script> [776 bytes]","args":[{"enterText":"C002","selector":{"controlType":"sap.m.Input","viewName":"etm.portal.ui.manageyards.view.New","viewId":"application-manageyards-display-component---NewYard","bindingPath":{"path":"","propertyPath":"/SALES_AREA_VKORG","modelName":"NewYardModel"},"interaction":{"idSuffix":"inner"}},"clearTextFirst":true,"interactionType":"ENTER_TEXT"}]}
RESULT: {"script":"<script> [776 bytes]","args":[{"enterText":"C002","selector":{"controlType":"sap.m.Input","viewName":"etm.portal.ui.manageyards.view.New","viewId":"application-manageyards-display-component---NewYard","bindingPath":{"path":"","propertyPath":"/SALES_AREA_VKORG","modelName":"NewYardModel"},"interaction":{"idSuffix":"inner"}},"clearTextFirst":true,"interactionType":"ENTER_TEXT"}]}
COMMAND: POST /session/d65bb1f3e2f9080c12776954838ef114/execute/async - {"script":"<script> [1562 bytes]","args":[{"selector":{"controlType":"sap.m.Input","viewName":"etm.portal.ui.manageyards.view.New","viewId":"application-manageyards-display-component---NewYard","bindingPath":{"path":"","propertyPath":"/SALES_AREA_VTWEG","modelName":"NewYardModel"},"interaction":{"idSuffix":"inner"}},"wdio_ui5_key":"etmportal.ui.manageyards.view.Newsap.m.Input{\"path\":\"\",\"propertyPath\":\"/SALES_AREA_VTWEG\",\"modelName\":\"NewYardModel\"}"}]}
RESULT: {"script":"<script> [1562 bytes]","args":[{"selector":{"controlType":"sap.m.Input","viewName":"etm.portal.ui.manageyards.view.New","viewId":"application-manageyards-display-component---NewYard","bindingPath":{"path":"","propertyPath":"/SALES_AREA_VTWEG","modelName":"NewYardModel"},"interaction":{"idSuffix":"inner"}},"wdio_ui5_key":"etmportal.ui.manageyards.view.Newsap.m.Input{\"path\":\"\",\"propertyPath\":\"/SALES_AREA_VTWEG\",\"modelName\":\"NewYardModel\"}"}]}
RESULT: undefined
COMMAND: POST /session/d65bb1f3e2f9080c12776954838ef114/execute/async - {"script":"<script> [776 bytes]","args":[{"enterText":"C2","selector":{"controlType":"sap.m.Input","viewName":"etm.portal.ui.manageyards.view.New","viewId":"application-manageyards-display-component---NewYard","bindingPath":{"path":"","propertyPath":"/SALES_AREA_VTWEG","modelName":"NewYardModel"},"interaction":{"idSuffix":"inner"}},"clearTextFirst":true,"interactionType":"ENTER_TEXT"}]}
RESULT: {"script":"<script> [776 bytes]","args":[{"enterText":"C2","selector":{"controlType":"sap.m.Input","viewName":"etm.portal.ui.manageyards.view.New","viewId":"application-manageyards-display-component---NewYard","bindingPath":{"path":"","propertyPath":"/SALES_AREA_VTWEG","modelName":"NewYardModel"},"interaction":{"idSuffix":"inner"}},"clearTextFirst":true,"interactionType":"ENTER_TEXT"}]}
COMMAND: POST /session/d65bb1f3e2f9080c12776954838ef114/execute/async - {"script":"<script> [1562 bytes]","args":[{"selector":{"controlType":"sap.m.Input","viewName":"etm.portal.ui.manageyards.view.New","viewId":"application-manageyards-display-component---NewYard","bindingPath":{"path":"","propertyPath":"/SALES_AREA_SPART","modelName":"NewYardModel"},"interaction":{"idSuffix":"inner"}},"wdio_ui5_key":"etmportal.ui.manageyards.view.Newsap.m.Input{\"path\":\"\",\"propertyPath\":\"/SALES_AREA_SPART\",\"modelName\":\"NewYardModel\"}"}]}
RESULT: {"script":"<script> [1562 bytes]","args":[{"selector":{"controlType":"sap.m.Input","viewName":"etm.portal.ui.manageyards.view.New","viewId":"application-manageyards-display-component---NewYard","bindingPath":{"path":"","propertyPath":"/SALES_AREA_SPART","modelName":"NewYardModel"},"interaction":{"idSuffix":"inner"}},"wdio_ui5_key":"etmportal.ui.manageyards.view.Newsap.m.Input{\"path\":\"\",\"propertyPath\":\"/SALES_AREA_SPART\",\"modelName\":\"NewYardModel\"}"}]}
RESULT: undefined
COMMAND: POST /session/d65bb1f3e2f9080c12776954838ef114/execute/async - {"script":"<script> [776 bytes]","args":[{"enterText":"C2","selector":{"controlType":"sap.m.Input","viewName":"etm.portal.ui.manageyards.view.New","viewId":"application-manageyards-display-component---NewYard","bindingPath":{"path":"","propertyPath":"/SALES_AREA_SPART","modelName":"NewYardModel"},"interaction":{"idSuffix":"inner"}},"clearTextFirst":true,"interactionType":"ENTER_TEXT"}]}
RESULT: {"script":"<script> [776 bytes]","args":[{"enterText":"C2","selector":{"controlType":"sap.m.Input","viewName":"etm.portal.ui.manageyards.view.New","viewId":"application-manageyards-display-component---NewYard","bindingPath":{"path":"","propertyPath":"/SALES_AREA_SPART","modelName":"NewYardModel"},"interaction":{"idSuffix":"inner"}},"clearTextFirst":true,"interactionType":"ENTER_TEXT"}]}
COMMAND: POST /session/d65bb1f3e2f9080c12776954838ef114/execute/async - {"script":"<script> [1562 bytes]","args":[{"selector":{"controlType":"sap.m.Input","viewName":"etm.portal.ui.manageyards.view.New","viewId":"application-manageyards-display-component---NewYard","bindingPath":{"path":"","propertyPath":"/SHIP_POINT","modelName":"NewYardModel"},"interaction":{"idSuffix":"inner"}},"wdio_ui5_key":"etmportal.ui.manageyards.view.Newsap.m.Input{\"path\":\"\",\"propertyPath\":\"/SHIP_POINT\",\"modelName\":\"NewYardModel\"}"}]}
RESULT: {"script":"<script> [1562 bytes]","args":[{"selector":{"controlType":"sap.m.Input","viewName":"etm.portal.ui.manageyards.view.New","viewId":"application-manageyards-display-component---NewYard","bindingPath":{"path":"","propertyPath":"/SHIP_POINT","modelName":"NewYardModel"},"interaction":{"idSuffix":"inner"}},"wdio_ui5_key":"etmportal.ui.manageyards.view.Newsap.m.Input{\"path\":\"\",\"propertyPath\":\"/SHIP_POINT\",\"modelName\":\"NewYardModel\"}"}]}
RESULT: undefined
COMMAND: POST /session/d65bb1f3e2f9080c12776954838ef114/execute/async - {"script":"<script> [776 bytes]","args":[{"enterText":"1710","selector":{"controlType":"sap.m.Input","viewName":"etm.portal.ui.manageyards.view.New","viewId":"application-manageyards-display-component---NewYard","bindingPath":{"path":"","propertyPath":"/SHIP_POINT","modelName":"NewYardModel"},"interaction":{"idSuffix":"inner"}},"clearTextFirst":true,"interactionType":"ENTER_TEXT"}]}
RESULT: {"script":"<script> [776 bytes]","args":[{"enterText":"1710","selector":{"controlType":"sap.m.Input","viewName":"etm.portal.ui.manageyards.view.New","viewId":"application-manageyards-display-component---NewYard","bindingPath":{"path":"","propertyPath":"/SHIP_POINT","modelName":"NewYardModel"},"interaction":{"idSuffix":"inner"}},"clearTextFirst":true,"interactionType":"ENTER_TEXT"}]}
COMMAND: POST /session/d65bb1f3e2f9080c12776954838ef114/execute/async - {"script":"<script> [1562 bytes]","args":[{"selector":{"controlType":"sap.m.Input","viewName":"etm.portal.ui.manageyards.view.New","viewId":"application-manageyards-display-component---NewYard","bindingPath":{"path":"","propertyPath":"/DELIVERY_TYPE","modelName":"NewYardModel"},"interaction":{"idSuffix":"inner"}},"wdio_ui5_key":"etmportal.ui.manageyards.view.Newsap.m.Input{\"path\":\"\",\"propertyPath\":\"/DELIVERY_TYPE\",\"modelName\":\"NewYardModel\"}"}]}
RESULT: {"script":"<script> [1562 bytes]","args":[{"selector":{"controlType":"sap.m.Input","viewName":"etm.portal.ui.manageyards.view.New","viewId":"application-manageyards-display-component---NewYard","bindingPath":{"path":"","propertyPath":"/DELIVERY_TYPE","modelName":"NewYardModel"},"interaction":{"idSuffix":"inner"}},"wdio_ui5_key":"etmportal.ui.manageyards.view.Newsap.m.Input{\"path\":\"\",\"propertyPath\":\"/DELIVERY_TYPE\",\"modelName\":\"NewYardModel\"}"}]}
RESULT: undefined
COMMAND: POST /session/d65bb1f3e2f9080c12776954838ef114/execute/async - {"script":"<script> [776 bytes]","args":[{"enterText":"ZL01","selector":{"controlType":"sap.m.Input","viewName":"etm.portal.ui.manageyards.view.New","viewId":"application-manageyards-display-component---NewYard","bindingPath":{"path":"","propertyPath":"/DELIVERY_TYPE","modelName":"NewYardModel"},"interaction":{"idSuffix":"inner"}},"clearTextFirst":true,"interactionType":"ENTER_TEXT"}]}
RESULT: {"script":"<script> [776 bytes]","args":[{"enterText":"ZL01","selector":{"controlType":"sap.m.Input","viewName":"etm.portal.ui.manageyards.view.New","viewId":"application-manageyards-display-component---NewYard","bindingPath":{"path":"","propertyPath":"/DELIVERY_TYPE","modelName":"NewYardModel"},"interaction":{"idSuffix":"inner"}},"clearTextFirst":true,"interactionType":"ENTER_TEXT"}]}
COMMAND: POST /session/d65bb1f3e2f9080c12776954838ef114/execute/async - {"script":"<script> [1562 bytes]","args":[{"selector":{"controlType":"sap.m.Input","viewName":"etm.portal.ui.manageyards.view.New","viewId":"application-manageyards-display-component---NewYard","bindingPath":{"path":"","propertyPath":"/AUART","modelName":"NewYardModel"},"interaction":{"idSuffix":"inner"}},"wdio_ui5_key":"etmportal.ui.manageyards.view.Newsap.m.Input{\"path\":\"\",\"propertyPath\":\"/AUART\",\"modelName\":\"NewYardModel\"}"}]}
RESULT: {"script":"<script> [1562 bytes]","args":[{"selector":{"controlType":"sap.m.Input","viewName":"etm.portal.ui.manageyards.view.New","viewId":"application-manageyards-display-component---NewYard","bindingPath":{"path":"","propertyPath":"/AUART","modelName":"NewYardModel"},"interaction":{"idSuffix":"inner"}},"wdio_ui5_key":"etmportal.ui.manageyards.view.Newsap.m.Input{\"path\":\"\",\"propertyPath\":\"/AUART\",\"modelName\":\"NewYardModel\"}"}]}
RESULT: undefined
COMMAND: POST /session/d65bb1f3e2f9080c12776954838ef114/execute/async - {"script":"<script> [776 bytes]","args":[{"enterText":"TA","selector":{"controlType":"sap.m.Input","viewName":"etm.portal.ui.manageyards.view.New","viewId":"application-manageyards-display-component---NewYard","bindingPath":{"path":"","propertyPath":"/AUART","modelName":"NewYardModel"},"interaction":{"idSuffix":"inner"}},"clearTextFirst":true,"interactionType":"ENTER_TEXT"}]}
RESULT: {"script":"<script> [776 bytes]","args":[{"enterText":"TA","selector":{"controlType":"sap.m.Input","viewName":"etm.portal.ui.manageyards.view.New","viewId":"application-manageyards-display-component---NewYard","bindingPath":{"path":"","propertyPath":"/AUART","modelName":"NewYardModel"},"interaction":{"idSuffix":"inner"}},"clearTextFirst":true,"interactionType":"ENTER_TEXT"}]}
COMMAND: POST /session/d65bb1f3e2f9080c12776954838ef114/element - {"using":"xpath","value":"//button[@data-kt=\"newYardSaveButton\"]"}
RESULT: {"using":"xpath","value":"//button[@data-kt=\"newYardSaveButton\"]"}
COMMAND: POST /session/d65bb1f3e2f9080c12776954838ef114/element/f.AD1387FB3635F7347677CF9BEECFB356.d.31F57455007ED1AB6E54C7CCD3CC82D9.e.708/click - {}
RESULT: {}
COMMAND: GET /session/d65bb1f3e2f9080c12776954838ef114/screenshot - {}
RESULT: {}
COMMAND: POST /session/d65bb1f3e2f9080c12776954838ef114/element - {"using":"xpath","value":"//header[contains(@id, 'ObjectPageLayout-headerTitle')]/div[1]/div[2]/div[1]/span[1]"}
RESULT: {"using":"xpath","value":"//header[contains(@id, 'ObjectPageLayout-headerTitle')]/div[1]/div[2]/div[1]/span[1]"}
COMMAND: POST /session/d65bb1f3e2f9080c12776954838ef114/elements - {"using":"xpath","value":"//header[contains(@id, 'ObjectPageLayout-headerTitle')]/div[1]/div[2]/div[1]/span[1]"}
RESULT: {"using":"xpath","value":"//header[contains(@id, 'ObjectPageLayout-headerTitle')]/div[1]/div[2]/div[1]/span[1]"}
COMMAND: POST /session/d65bb1f3e2f9080c12776954838ef114/execute/sync - {"script":"<script> [56 bytes]","args":[{"element-6066-11e4-a52e-4f735466cecf":"f.AD1387FB3635F7347677CF9BEECFB356.d.31F57455007ED1AB6E54C7CCD3CC82D9.e.1009","ELEMENT":"f.AD1387FB3635F7347677CF9BEECFB356.d.31F57455007ED1AB6E54C7CCD3CC82D9.e.1009"}]}
RESULT: {"script":"<script> [56 bytes]","args":[{"element-6066-11e4-a52e-4f735466cecf":"f.AD1387FB3635F7347677CF9BEECFB356.d.31F57455007ED1AB6E54C7CCD3CC82D9.e.1009","ELEMENT":"f.AD1387FB3635F7347677CF9BEECFB356.d.31F57455007ED1AB6E54C7CCD3CC82D9.e.1009"}]}
COMMAND: GET /session/d65bb1f3e2f9080c12776954838ef114/screenshot - {}
COMMAND: POST /session/d65bb1f3e2f9080c12776954838ef114/execute/sync - {"script":"<script> [56 bytes]","args":[{"element-6066-11e4-a52e-4f735466cecf":"f.AD1387FB3635F7347677CF9BEECFB356.d.31F57455007ED1AB6E54C7CCD3CC82D9.e.1009","ELEMENT":"f.AD1387FB3635F7347677CF9BEECFB356.d.31F57455007ED1AB6E54C7CCD3CC82D9.e.1009"}]}
RESULT: {}
RESULT: {"script":"<script> [56 bytes]","args":[{"element-6066-11e4-a52e-4f735466cecf":"f.AD1387FB3635F7347677CF9BEECFB356.d.31F57455007ED1AB6E54C7CCD3CC82D9.e.1009","ELEMENT":"f.AD1387FB3635F7347677CF9BEECFB356.d.31F57455007ED1AB6E54C7CCD3CC82D9.e.1009"}]}
COMMAND: GET /session/d65bb1f3e2f9080c12776954838ef114/screenshot - {}
RESULT: {}
COMMAND: POST /session/d65bb1f3e2f9080c12776954838ef114/element - {"using":"css selector","value":"#shell-header-logo"}
RESULT: {"using":"css selector","value":"#shell-header-logo"}
COMMAND: POST /session/d65bb1f3e2f9080c12776954838ef114/element/f.AD1387FB3635F7347677CF9BEECFB356.d.31F57455007ED1AB6E54C7CCD3CC82D9.e.272/click - {}
RESULT: {}
COMMAND: GET /session/d65bb1f3e2f9080c12776954838ef114/screenshot - {}
RESULT: {}
COMMAND: POST /session/d65bb1f3e2f9080c12776954838ef114/execute/sync - {"script":"<script> [299 bytes]","args":[["getModel","getResource"]]}
RESULT: {"script":"<script> [299 bytes]","args":[["getModel","getResource"]]}
COMMAND: GET /session/d65bb1f3e2f9080c12776954838ef114/screenshot - {}
]]></system-out>
    </testcase>
    <testcase classname="chrome.135_0_7049_96.windows.Billing_Transfer_-_Master_data_&amp;_Intercompany_US127250" name="Should create a new partner" time="140.705">
      <system-out><![CDATA[
COMMAND: POST /session/d65bb1f3e2f9080c12776954838ef114/window/fullscreen - {}
RESULT: {}
RESULT: {}
COMMAND: POST /session/d65bb1f3e2f9080c12776954838ef114/execute/async - {"script":"<script> [1562 bytes]","args":[{"selector":{"controlType":"sap.m.GenericTile","properties":{"header":"Manage Partners"}},"wdio_ui5_key":"sapm.GenericTile{\"header\":\"Manage Partners\"}"}]}
RESULT: {"script":"<script> [1562 bytes]","args":[{"selector":{"controlType":"sap.m.GenericTile","properties":{"header":"Manage Partners"}},"wdio_ui5_key":"sapm.GenericTile{\"header\":\"Manage Partners\"}"}]}
RESULT: undefined
COMMAND: POST /session/d65bb1f3e2f9080c12776954838ef114/element - {"using":"xpath","value":"//*[@id=\"__tile38\"]"}
RESULT: {"using":"xpath","value":"//*[@id=\"__tile38\"]"}
COMMAND: POST /session/d65bb1f3e2f9080c12776954838ef114/element/f.AD1387FB3635F7347677CF9BEECFB356.d.31F57455007ED1AB6E54C7CCD3CC82D9.e.161/click - {}
RESULT: {}
COMMAND: POST /session/d65bb1f3e2f9080c12776954838ef114/element - {"using":"xpath","value":"//button[@data-kt=\"addButton\"]"}
COMMAND: GET /session/d65bb1f3e2f9080c12776954838ef114/screenshot - {}
RESULT: {"using":"xpath","value":"//button[@data-kt=\"addButton\"]"}
COMMAND: POST /session/d65bb1f3e2f9080c12776954838ef114/elements - {"using":"xpath","value":"//button[@data-kt=\"addButton\"]"}
RESULT: {}
RESULT: {"using":"xpath","value":"//button[@data-kt=\"addButton\"]"}
COMMAND: POST /session/d65bb1f3e2f9080c12776954838ef114/elements - {"using":"xpath","value":"//button[@data-kt=\"addButton\"]"}
RESULT: {"using":"xpath","value":"//button[@data-kt=\"addButton\"]"}
COMMAND: POST /session/d65bb1f3e2f9080c12776954838ef114/elements - {"using":"xpath","value":"//button[@data-kt=\"addButton\"]"}
RESULT: {"using":"xpath","value":"//button[@data-kt=\"addButton\"]"}
COMMAND: POST /session/d65bb1f3e2f9080c12776954838ef114/elements - {"using":"xpath","value":"//button[@data-kt=\"addButton\"]"}
RESULT: {"using":"xpath","value":"//button[@data-kt=\"addButton\"]"}
COMMAND: POST /session/d65bb1f3e2f9080c12776954838ef114/elements - {"using":"xpath","value":"//button[@data-kt=\"addButton\"]"}
RESULT: {"using":"xpath","value":"//button[@data-kt=\"addButton\"]"}
COMMAND: POST /session/d65bb1f3e2f9080c12776954838ef114/elements - {"using":"xpath","value":"//button[@data-kt=\"addButton\"]"}
RESULT: {"using":"xpath","value":"//button[@data-kt=\"addButton\"]"}
COMMAND: POST /session/d65bb1f3e2f9080c12776954838ef114/elements - {"using":"xpath","value":"//button[@data-kt=\"addButton\"]"}
RESULT: {"using":"xpath","value":"//button[@data-kt=\"addButton\"]"}
COMMAND: POST /session/d65bb1f3e2f9080c12776954838ef114/elements - {"using":"xpath","value":"//button[@data-kt=\"addButton\"]"}
RESULT: {"using":"xpath","value":"//button[@data-kt=\"addButton\"]"}
COMMAND: POST /session/d65bb1f3e2f9080c12776954838ef114/elements - {"using":"xpath","value":"//button[@data-kt=\"addButton\"]"}
RESULT: {"using":"xpath","value":"//button[@data-kt=\"addButton\"]"}
COMMAND: POST /session/d65bb1f3e2f9080c12776954838ef114/elements - {"using":"xpath","value":"//button[@data-kt=\"addButton\"]"}
RESULT: {"using":"xpath","value":"//button[@data-kt=\"addButton\"]"}
COMMAND: POST /session/d65bb1f3e2f9080c12776954838ef114/elements - {"using":"xpath","value":"//button[@data-kt=\"addButton\"]"}
RESULT: {"using":"xpath","value":"//button[@data-kt=\"addButton\"]"}
COMMAND: POST /session/d65bb1f3e2f9080c12776954838ef114/elements - {"using":"xpath","value":"//button[@data-kt=\"addButton\"]"}
RESULT: {"using":"xpath","value":"//button[@data-kt=\"addButton\"]"}
COMMAND: POST /session/d65bb1f3e2f9080c12776954838ef114/elements - {"using":"xpath","value":"//button[@data-kt=\"addButton\"]"}
RESULT: {"using":"xpath","value":"//button[@data-kt=\"addButton\"]"}
COMMAND: POST /session/d65bb1f3e2f9080c12776954838ef114/elements - {"using":"xpath","value":"//button[@data-kt=\"addButton\"]"}
RESULT: {"using":"xpath","value":"//button[@data-kt=\"addButton\"]"}
COMMAND: POST /session/d65bb1f3e2f9080c12776954838ef114/elements - {"using":"xpath","value":"//button[@data-kt=\"addButton\"]"}
RESULT: {"using":"xpath","value":"//button[@data-kt=\"addButton\"]"}
COMMAND: POST /session/d65bb1f3e2f9080c12776954838ef114/elements - {"using":"xpath","value":"//button[@data-kt=\"addButton\"]"}
RESULT: {"using":"xpath","value":"//button[@data-kt=\"addButton\"]"}
COMMAND: POST /session/d65bb1f3e2f9080c12776954838ef114/elements - {"using":"xpath","value":"//button[@data-kt=\"addButton\"]"}
RESULT: {"using":"xpath","value":"//button[@data-kt=\"addButton\"]"}
COMMAND: POST /session/d65bb1f3e2f9080c12776954838ef114/elements - {"using":"xpath","value":"//button[@data-kt=\"addButton\"]"}
RESULT: {"using":"xpath","value":"//button[@data-kt=\"addButton\"]"}
COMMAND: POST /session/d65bb1f3e2f9080c12776954838ef114/elements - {"using":"xpath","value":"//button[@data-kt=\"addButton\"]"}
RESULT: {"using":"xpath","value":"//button[@data-kt=\"addButton\"]"}
COMMAND: POST /session/d65bb1f3e2f9080c12776954838ef114/elements - {"using":"xpath","value":"//button[@data-kt=\"addButton\"]"}
RESULT: {"using":"xpath","value":"//button[@data-kt=\"addButton\"]"}
COMMAND: POST /session/d65bb1f3e2f9080c12776954838ef114/elements - {"using":"xpath","value":"//button[@data-kt=\"addButton\"]"}
RESULT: {"using":"xpath","value":"//button[@data-kt=\"addButton\"]"}
COMMAND: POST /session/d65bb1f3e2f9080c12776954838ef114/elements - {"using":"xpath","value":"//button[@data-kt=\"addButton\"]"}
RESULT: {"using":"xpath","value":"//button[@data-kt=\"addButton\"]"}
COMMAND: POST /session/d65bb1f3e2f9080c12776954838ef114/elements - {"using":"xpath","value":"//button[@data-kt=\"addButton\"]"}
RESULT: {"using":"xpath","value":"//button[@data-kt=\"addButton\"]"}
COMMAND: POST /session/d65bb1f3e2f9080c12776954838ef114/elements - {"using":"xpath","value":"//button[@data-kt=\"addButton\"]"}
RESULT: {"using":"xpath","value":"//button[@data-kt=\"addButton\"]"}
COMMAND: POST /session/d65bb1f3e2f9080c12776954838ef114/elements - {"using":"xpath","value":"//button[@data-kt=\"addButton\"]"}
RESULT: {"using":"xpath","value":"//button[@data-kt=\"addButton\"]"}
COMMAND: POST /session/d65bb1f3e2f9080c12776954838ef114/elements - {"using":"xpath","value":"//button[@data-kt=\"addButton\"]"}
RESULT: {"using":"xpath","value":"//button[@data-kt=\"addButton\"]"}
COMMAND: POST /session/d65bb1f3e2f9080c12776954838ef114/elements - {"using":"xpath","value":"//button[@data-kt=\"addButton\"]"}
RESULT: {"using":"xpath","value":"//button[@data-kt=\"addButton\"]"}
COMMAND: POST /session/d65bb1f3e2f9080c12776954838ef114/element - {"using":"xpath","value":"//button[@data-kt=\"addButton\"]"}
RESULT: {"using":"xpath","value":"//button[@data-kt=\"addButton\"]"}
COMMAND: POST /session/d65bb1f3e2f9080c12776954838ef114/execute/sync - {"script":"<script> [8489 bytes]","args":[{"element-6066-11e4-a52e-4f735466cecf":"f.AD1387FB3635F7347677CF9BEECFB356.d.31F57455007ED1AB6E54C7CCD3CC82D9.e.1064","ELEMENT":"f.AD1387FB3635F7347677CF9BEECFB356.d.31F57455007ED1AB6E54C7CCD3CC82D9.e.1064"}]}
RESULT: {"script":"<script> [8489 bytes]","args":[{"element-6066-11e4-a52e-4f735466cecf":"f.AD1387FB3635F7347677CF9BEECFB356.d.31F57455007ED1AB6E54C7CCD3CC82D9.e.1064","ELEMENT":"f.AD1387FB3635F7347677CF9BEECFB356.d.31F57455007ED1AB6E54C7CCD3CC82D9.e.1064"}]}
COMMAND: GET /session/d65bb1f3e2f9080c12776954838ef114/element/f.AD1387FB3635F7347677CF9BEECFB356.d.31F57455007ED1AB6E54C7CCD3CC82D9.e.1064/enabled - {}
COMMAND: GET /session/d65bb1f3e2f9080c12776954838ef114/screenshot - {}
RESULT: {}
COMMAND: POST /session/d65bb1f3e2f9080c12776954838ef114/execute/sync - {"script":"<script> [8489 bytes]","args":[{"element-6066-11e4-a52e-4f735466cecf":"f.AD1387FB3635F7347677CF9BEECFB356.d.31F57455007ED1AB6E54C7CCD3CC82D9.e.1064","ELEMENT":"f.AD1387FB3635F7347677CF9BEECFB356.d.31F57455007ED1AB6E54C7CCD3CC82D9.e.1064"}]}
COMMAND: GET /session/d65bb1f3e2f9080c12776954838ef114/screenshot - {}
RESULT: {}
RESULT: {"script":"<script> [8489 bytes]","args":[{"element-6066-11e4-a52e-4f735466cecf":"f.AD1387FB3635F7347677CF9BEECFB356.d.31F57455007ED1AB6E54C7CCD3CC82D9.e.1064","ELEMENT":"f.AD1387FB3635F7347677CF9BEECFB356.d.31F57455007ED1AB6E54C7CCD3CC82D9.e.1064"}]}
COMMAND: POST /session/d65bb1f3e2f9080c12776954838ef114/execute/sync - {"script":"<script> [5351 bytes]","args":[{"element-6066-11e4-a52e-4f735466cecf":"f.AD1387FB3635F7347677CF9BEECFB356.d.31F57455007ED1AB6E54C7CCD3CC82D9.e.1064","ELEMENT":"f.AD1387FB3635F7347677CF9BEECFB356.d.31F57455007ED1AB6E54C7CCD3CC82D9.e.1064"}]}
COMMAND: GET /session/d65bb1f3e2f9080c12776954838ef114/screenshot - {}
RESULT: {}
RESULT: {"script":"<script> [5351 bytes]","args":[{"element-6066-11e4-a52e-4f735466cecf":"f.AD1387FB3635F7347677CF9BEECFB356.d.31F57455007ED1AB6E54C7CCD3CC82D9.e.1064","ELEMENT":"f.AD1387FB3635F7347677CF9BEECFB356.d.31F57455007ED1AB6E54C7CCD3CC82D9.e.1064"}]}
COMMAND: POST /session/d65bb1f3e2f9080c12776954838ef114/element/f.AD1387FB3635F7347677CF9BEECFB356.d.31F57455007ED1AB6E54C7CCD3CC82D9.e.1064/click - {}
COMMAND: GET /session/d65bb1f3e2f9080c12776954838ef114/screenshot - {}
RESULT: {}
RESULT: {}
COMMAND: GET /session/d65bb1f3e2f9080c12776954838ef114/screenshot - {}
COMMAND: POST /session/d65bb1f3e2f9080c12776954838ef114/execute/async - {"script":"<script> [1562 bytes]","args":[{"selector":{"id":"application-managepartners-display-component---NewPartner--addressDetailDetailsName1","interaction":{"idSuffix":"inner"}},"wdio_ui5_key":"applicationmanagepartners-display-component---NewPartner--addressDetailDetailsName1"}]}
RESULT: {}
RESULT: {}
RESULT: {"script":"<script> [1562 bytes]","args":[{"selector":{"id":"application-managepartners-display-component---NewPartner--addressDetailDetailsName1","interaction":{"idSuffix":"inner"}},"wdio_ui5_key":"applicationmanagepartners-display-component---NewPartner--addressDetailDetailsName1"}]}
RESULT: undefined
COMMAND: POST /session/d65bb1f3e2f9080c12776954838ef114/execute/async - {"script":"<script> [776 bytes]","args":[{"enterText":"Intercompany Partner WDIO","selector":{"id":"application-managepartners-display-component---NewPartner--addressDetailDetailsName1","interaction":{"idSuffix":"inner"}},"clearTextFirst":true,"interactionType":"ENTER_TEXT"}]}
RESULT: {"script":"<script> [776 bytes]","args":[{"enterText":"Intercompany Partner WDIO","selector":{"id":"application-managepartners-display-component---NewPartner--addressDetailDetailsName1","interaction":{"idSuffix":"inner"}},"clearTextFirst":true,"interactionType":"ENTER_TEXT"}]}
COMMAND: POST /session/d65bb1f3e2f9080c12776954838ef114/execute/async - {"script":"<script> [1562 bytes]","args":[{"selector":{"id":"application-managepartners-display-component---NewPartner--addressDetailDetailsLanguage-arrow"},"wdio_ui5_key":"applicationmanagepartners-display-component---NewPartner--addressDetailDetailsLanguage-arrow"}]}
RESULT: {"script":"<script> [1562 bytes]","args":[{"selector":{"id":"application-managepartners-display-component---NewPartner--addressDetailDetailsLanguage-arrow"},"wdio_ui5_key":"applicationmanagepartners-display-component---NewPartner--addressDetailDetailsLanguage-arrow"}]}
RESULT: undefined
COMMAND: POST /session/d65bb1f3e2f9080c12776954838ef114/element - {"using":"xpath","value":"//*[@id=\"application-managepartners-display-component---NewPartner--addressDetailDetailsLanguage-arrow\"]"}
RESULT: {"using":"xpath","value":"//*[@id=\"application-managepartners-display-component---NewPartner--addressDetailDetailsLanguage-arrow\"]"}
COMMAND: POST /session/d65bb1f3e2f9080c12776954838ef114/element/f.AD1387FB3635F7347677CF9BEECFB356.d.31F57455007ED1AB6E54C7CCD3CC82D9.e.1504/click - {}
RESULT: {}
COMMAND: POST /session/d65bb1f3e2f9080c12776954838ef114/element - {"using":"xpath","value":"//span[contains(text(), \"English\")]"}
COMMAND: GET /session/d65bb1f3e2f9080c12776954838ef114/screenshot - {}
RESULT: {"using":"xpath","value":"//span[contains(text(), \"English\")]"}
COMMAND: POST /session/d65bb1f3e2f9080c12776954838ef114/element/f.AD1387FB3635F7347677CF9BEECFB356.d.31F57455007ED1AB6E54C7CCD3CC82D9.e.1505/click - {}
RESULT: {}
RESULT: {}
COMMAND: GET /session/d65bb1f3e2f9080c12776954838ef114/screenshot - {}
RESULT: {}
COMMAND: POST /session/d65bb1f3e2f9080c12776954838ef114/execute/async - {"script":"<script> [1562 bytes]","args":[{"selector":{"id":"application-managepartners-display-component---NewPartner--addressDetailDetailsCity1","interaction":{"idSuffix":"inner"}},"wdio_ui5_key":"applicationmanagepartners-display-component---NewPartner--addressDetailDetailsCity1"}]}
RESULT: {"script":"<script> [1562 bytes]","args":[{"selector":{"id":"application-managepartners-display-component---NewPartner--addressDetailDetailsCity1","interaction":{"idSuffix":"inner"}},"wdio_ui5_key":"applicationmanagepartners-display-component---NewPartner--addressDetailDetailsCity1"}]}
RESULT: undefined
COMMAND: POST /session/d65bb1f3e2f9080c12776954838ef114/execute/async - {"script":"<script> [776 bytes]","args":[{"enterText":"Rosario","selector":{"id":"application-managepartners-display-component---NewPartner--addressDetailDetailsCity1","interaction":{"idSuffix":"inner"}},"clearTextFirst":true,"interactionType":"ENTER_TEXT"}]}
RESULT: {"script":"<script> [776 bytes]","args":[{"enterText":"Rosario","selector":{"id":"application-managepartners-display-component---NewPartner--addressDetailDetailsCity1","interaction":{"idSuffix":"inner"}},"clearTextFirst":true,"interactionType":"ENTER_TEXT"}]}
COMMAND: POST /session/d65bb1f3e2f9080c12776954838ef114/execute/async - {"script":"<script> [1562 bytes]","args":[{"selector":{"id":"application-managepartners-display-component---NewPartner--addressDetailDetailsCountry-arrow"},"wdio_ui5_key":"applicationmanagepartners-display-component---NewPartner--addressDetailDetailsCountry-arrow"}]}
RESULT: {"script":"<script> [1562 bytes]","args":[{"selector":{"id":"application-managepartners-display-component---NewPartner--addressDetailDetailsCountry-arrow"},"wdio_ui5_key":"applicationmanagepartners-display-component---NewPartner--addressDetailDetailsCountry-arrow"}]}
RESULT: undefined
COMMAND: POST /session/d65bb1f3e2f9080c12776954838ef114/element - {"using":"xpath","value":"//*[@id=\"application-managepartners-display-component---NewPartner--addressDetailDetailsCountry-arrow\"]"}
RESULT: {"using":"xpath","value":"//*[@id=\"application-managepartners-display-component---NewPartner--addressDetailDetailsCountry-arrow\"]"}
COMMAND: POST /session/d65bb1f3e2f9080c12776954838ef114/element/f.AD1387FB3635F7347677CF9BEECFB356.d.31F57455007ED1AB6E54C7CCD3CC82D9.e.1468/click - {}
RESULT: {}
COMMAND: POST /session/d65bb1f3e2f9080c12776954838ef114/element - {"using":"xpath","value":"//span[contains(text(), \"Argentina\")]"}
COMMAND: GET /session/d65bb1f3e2f9080c12776954838ef114/screenshot - {}
RESULT: {"using":"xpath","value":"//span[contains(text(), \"Argentina\")]"}
COMMAND: POST /session/d65bb1f3e2f9080c12776954838ef114/element/f.AD1387FB3635F7347677CF9BEECFB356.d.31F57455007ED1AB6E54C7CCD3CC82D9.e.1507/click - {}
RESULT: {}
RESULT: {}
COMMAND: GET /session/d65bb1f3e2f9080c12776954838ef114/screenshot - {}
RESULT: {}
COMMAND: POST /session/d65bb1f3e2f9080c12776954838ef114/element - {"using":"xpath","value":"//bdi[contains(text(), \"Commercial\")]"}
RESULT: {"using":"xpath","value":"//bdi[contains(text(), \"Commercial\")]"}
COMMAND: POST /session/d65bb1f3e2f9080c12776954838ef114/element/f.AD1387FB3635F7347677CF9BEECFB356.d.31F57455007ED1AB6E54C7CCD3CC82D9.e.1508/click - {}
RESULT: {}
COMMAND: GET /session/d65bb1f3e2f9080c12776954838ef114/screenshot - {}
RESULT: {}
COMMAND: POST /session/d65bb1f3e2f9080c12776954838ef114/execute/async - {"script":"<script> [1562 bytes]","args":[{"selector":{"id":"application-managepartners-display-component---NewPartner--partnerDetailInternal-arrow"},"wdio_ui5_key":"applicationmanagepartners-display-component---NewPartner--partnerDetailInternal-arrow"}]}
RESULT: {"script":"<script> [1562 bytes]","args":[{"selector":{"id":"application-managepartners-display-component---NewPartner--partnerDetailInternal-arrow"},"wdio_ui5_key":"applicationmanagepartners-display-component---NewPartner--partnerDetailInternal-arrow"}]}
RESULT: undefined
COMMAND: POST /session/d65bb1f3e2f9080c12776954838ef114/element - {"using":"xpath","value":"//*[@id=\"application-managepartners-display-component---NewPartner--partnerDetailInternal-arrow\"]"}
RESULT: {"using":"xpath","value":"//*[@id=\"application-managepartners-display-component---NewPartner--partnerDetailInternal-arrow\"]"}
COMMAND: POST /session/d65bb1f3e2f9080c12776954838ef114/element/f.AD1387FB3635F7347677CF9BEECFB356.d.31F57455007ED1AB6E54C7CCD3CC82D9.e.1514/click - {}
RESULT: {}
COMMAND: POST /session/d65bb1f3e2f9080c12776954838ef114/element - {"using":"xpath","value":"//span[contains(text(), \"Affiliated company\")]"}
COMMAND: GET /session/d65bb1f3e2f9080c12776954838ef114/screenshot - {}
RESULT: {"using":"xpath","value":"//span[contains(text(), \"Affiliated company\")]"}
COMMAND: POST /session/d65bb1f3e2f9080c12776954838ef114/element/f.AD1387FB3635F7347677CF9BEECFB356.d.31F57455007ED1AB6E54C7CCD3CC82D9.e.1515/click - {}
RESULT: {}
RESULT: {}
COMMAND: POST /session/d65bb1f3e2f9080c12776954838ef114/execute/async - {"script":"<script> [1562 bytes]","args":[{"selector":{"id":"application-managepartners-display-component---NewPartner--partnerDetailsCurrency-arrow"},"wdio_ui5_key":"applicationmanagepartners-display-component---NewPartner--partnerDetailsCurrency-arrow"}]}
COMMAND: GET /session/d65bb1f3e2f9080c12776954838ef114/screenshot - {}
RESULT: {"script":"<script> [1562 bytes]","args":[{"selector":{"id":"application-managepartners-display-component---NewPartner--partnerDetailsCurrency-arrow"},"wdio_ui5_key":"applicationmanagepartners-display-component---NewPartner--partnerDetailsCurrency-arrow"}]}
RESULT: undefined
COMMAND: POST /session/d65bb1f3e2f9080c12776954838ef114/element - {"using":"xpath","value":"//*[@id=\"application-managepartners-display-component---NewPartner--partnerDetailsCurrency-arrow\"]"}
RESULT: {}
RESULT: {"using":"xpath","value":"//*[@id=\"application-managepartners-display-component---NewPartner--partnerDetailsCurrency-arrow\"]"}
COMMAND: POST /session/d65bb1f3e2f9080c12776954838ef114/element/f.AD1387FB3635F7347677CF9BEECFB356.d.31F57455007ED1AB6E54C7CCD3CC82D9.e.1522/click - {}
RESULT: {}
COMMAND: POST /session/d65bb1f3e2f9080c12776954838ef114/element - {"using":"xpath","value":"//span[contains(text(), \"Euro\")]"}
COMMAND: GET /session/d65bb1f3e2f9080c12776954838ef114/screenshot - {}
RESULT: {"using":"xpath","value":"//span[contains(text(), \"Euro\")]"}
COMMAND: POST /session/d65bb1f3e2f9080c12776954838ef114/element/f.AD1387FB3635F7347677CF9BEECFB356.d.31F57455007ED1AB6E54C7CCD3CC82D9.e.1523/click - {}
RESULT: {}
RESULT: {}
COMMAND: POST /session/d65bb1f3e2f9080c12776954838ef114/execute/async - {"script":"<script> [1562 bytes]","args":[{"selector":{"id":"application-managepartners-display-component---NewPartner--addressEditDetailsCostObjectCstType-arrow"},"wdio_ui5_key":"applicationmanagepartners-display-component---NewPartner--addressEditDetailsCostObjectCstType-arrow"}]}
COMMAND: GET /session/d65bb1f3e2f9080c12776954838ef114/screenshot - {}
RESULT: {"script":"<script> [1562 bytes]","args":[{"selector":{"id":"application-managepartners-display-component---NewPartner--addressEditDetailsCostObjectCstType-arrow"},"wdio_ui5_key":"applicationmanagepartners-display-component---NewPartner--addressEditDetailsCostObjectCstType-arrow"}]}
RESULT: undefined
COMMAND: POST /session/d65bb1f3e2f9080c12776954838ef114/element - {"using":"xpath","value":"//*[@id=\"application-managepartners-display-component---NewPartner--addressEditDetailsCostObjectCstType-arrow\"]"}
RESULT: {}
RESULT: {"using":"xpath","value":"//*[@id=\"application-managepartners-display-component---NewPartner--addressEditDetailsCostObjectCstType-arrow\"]"}
COMMAND: POST /session/d65bb1f3e2f9080c12776954838ef114/element/f.AD1387FB3635F7347677CF9BEECFB356.d.31F57455007ED1AB6E54C7CCD3CC82D9.e.1524/click - {}
RESULT: {}
COMMAND: POST /session/d65bb1f3e2f9080c12776954838ef114/element - {"using":"xpath","value":"//span[contains(text(), \"Cost Center\")]"}
COMMAND: GET /session/d65bb1f3e2f9080c12776954838ef114/screenshot - {}
RESULT: {"using":"xpath","value":"//span[contains(text(), \"Cost Center\")]"}
COMMAND: POST /session/d65bb1f3e2f9080c12776954838ef114/element/f.AD1387FB3635F7347677CF9BEECFB356.d.31F57455007ED1AB6E54C7CCD3CC82D9.e.1525/click - {}
RESULT: {}
RESULT: {}
COMMAND: GET /session/d65bb1f3e2f9080c12776954838ef114/screenshot - {}
RESULT: {}
COMMAND: POST /session/d65bb1f3e2f9080c12776954838ef114/element - {"using":"xpath","value":"//span[@id=\"application-managepartners-display-component---NewPartner--addressNewCostObjectCstID-vhi\"]"}
RESULT: {"using":"xpath","value":"//span[@id=\"application-managepartners-display-component---NewPartner--addressNewCostObjectCstID-vhi\"]"}
COMMAND: POST /session/d65bb1f3e2f9080c12776954838ef114/execute/sync - {"script":"<script> [8489 bytes]","args":[{"element-6066-11e4-a52e-4f735466cecf":"f.AD1387FB3635F7347677CF9BEECFB356.d.31F57455007ED1AB6E54C7CCD3CC82D9.e.1529","ELEMENT":"f.AD1387FB3635F7347677CF9BEECFB356.d.31F57455007ED1AB6E54C7CCD3CC82D9.e.1529"}]}
RESULT: {"script":"<script> [8489 bytes]","args":[{"element-6066-11e4-a52e-4f735466cecf":"f.AD1387FB3635F7347677CF9BEECFB356.d.31F57455007ED1AB6E54C7CCD3CC82D9.e.1529","ELEMENT":"f.AD1387FB3635F7347677CF9BEECFB356.d.31F57455007ED1AB6E54C7CCD3CC82D9.e.1529"}]}
COMMAND: POST /session/d65bb1f3e2f9080c12776954838ef114/execute/async - {"script":"<script> [1562 bytes]","args":[{"selector":{"id":"application-managepartners-display-component---NewPartner--addressNewCostObjectCstID-vhi"},"wdio_ui5_key":"applicationmanagepartners-display-component---NewPartner--addressNewCostObjectCstID-vhi"}]}
COMMAND: GET /session/d65bb1f3e2f9080c12776954838ef114/screenshot - {}
RESULT: {"script":"<script> [1562 bytes]","args":[{"selector":{"id":"application-managepartners-display-component---NewPartner--addressNewCostObjectCstID-vhi"},"wdio_ui5_key":"applicationmanagepartners-display-component---NewPartner--addressNewCostObjectCstID-vhi"}]}
RESULT: undefined
COMMAND: POST /session/d65bb1f3e2f9080c12776954838ef114/element - {"using":"xpath","value":"//*[@id=\"application-managepartners-display-component---NewPartner--addressNewCostObjectCstID-vhi\"]"}
RESULT: {}
RESULT: {"using":"xpath","value":"//*[@id=\"application-managepartners-display-component---NewPartner--addressNewCostObjectCstID-vhi\"]"}
COMMAND: POST /session/d65bb1f3e2f9080c12776954838ef114/element/f.AD1387FB3635F7347677CF9BEECFB356.d.31F57455007ED1AB6E54C7CCD3CC82D9.e.1529/click - {}
RESULT: {}
COMMAND: GET /session/d65bb1f3e2f9080c12776954838ef114/screenshot - {}
RESULT: {}
RESULT: undefined
COMMAND: POST /session/d65bb1f3e2f9080c12776954838ef114/execute/async - {"script":"<script> [776 bytes]","args":[{"enterText":"10001013","selector":{"controlType":"sap.m.SearchField","properties":{"placeholder":"Search"},"searchOpenDialogs":true,"interaction":{"idSuffix":"I"}},"clearTextFirst":true,"interactionType":"ENTER_TEXT"}]}
RESULT: {"script":"<script> [776 bytes]","args":[{"enterText":"10001013","selector":{"controlType":"sap.m.SearchField","properties":{"placeholder":"Search"},"searchOpenDialogs":true,"interaction":{"idSuffix":"I"}},"clearTextFirst":true,"interactionType":"ENTER_TEXT"}]}
COMMAND: POST /session/d65bb1f3e2f9080c12776954838ef114/actions - {"actions":[{"id":"action2","type":"key","parameters":{},"actions":[{"type":"keyDown","value":"î€‡"},{"type":"pause","duration":10},{"type":"keyUp","value":"î€‡"}]}]}
RESULT: {"actions":[{"id":"action2","type":"key","parameters":{},"actions":[{"type":"keyDown","value":"î€‡"},{"type":"pause","duration":10},{"type":"keyUp","value":"î€‡"}]}]}
COMMAND: GET /session/d65bb1f3e2f9080c12776954838ef114/screenshot - {}
RESULT: {}
COMMAND: POST /session/d65bb1f3e2f9080c12776954838ef114/element - {"using":"xpath","value":"//span[contains(text(), \"General Management\")]"}
RESULT: {"using":"xpath","value":"//span[contains(text(), \"General Management\")]"}
COMMAND: POST /session/d65bb1f3e2f9080c12776954838ef114/element/f.AD1387FB3635F7347677CF9BEECFB356.d.31F57455007ED1AB6E54C7CCD3CC82D9.e.1568/click - {}
RESULT: {}
COMMAND: GET /session/d65bb1f3e2f9080c12776954838ef114/screenshot - {}
RESULT: {}
COMMAND: POST /session/d65bb1f3e2f9080c12776954838ef114/element - {"using":"xpath","value":"//bdi[contains(text(), \"OK\")]"}
RESULT: {"using":"xpath","value":"//bdi[contains(text(), \"OK\")]"}
COMMAND: POST /session/d65bb1f3e2f9080c12776954838ef114/element/f.AD1387FB3635F7347677CF9BEECFB356.d.31F57455007ED1AB6E54C7CCD3CC82D9.e.1569/click - {}
RESULT: {}
COMMAND: GET /session/d65bb1f3e2f9080c12776954838ef114/screenshot - {}
RESULT: {}
COMMAND: POST /session/d65bb1f3e2f9080c12776954838ef114/element - {"using":"xpath","value":"//input[@id=\"application-managepartners-display-component---NewPartner--companyCodeComboBox-inner\"]"}
RESULT: {"using":"xpath","value":"//input[@id=\"application-managepartners-display-component---NewPartner--companyCodeComboBox-inner\"]"}
COMMAND: POST /session/d65bb1f3e2f9080c12776954838ef114/element/f.AD1387FB3635F7347677CF9BEECFB356.d.31F57455007ED1AB6E54C7CCD3CC82D9.e.1410/clear - {}
RESULT: {}
COMMAND: POST /session/d65bb1f3e2f9080c12776954838ef114/element/f.AD1387FB3635F7347677CF9BEECFB356.d.31F57455007ED1AB6E54C7CCD3CC82D9.e.1410/value - {"text":"C002"}
COMMAND: GET /session/d65bb1f3e2f9080c12776954838ef114/screenshot - {}
RESULT: {"text":"C002"}
COMMAND: GET /session/d65bb1f3e2f9080c12776954838ef114/screenshot - {}
RESULT: {}
RESULT: {}
COMMAND: POST /session/d65bb1f3e2f9080c12776954838ef114/element - {"using":"xpath","value":"//span[contains(text(), \"C002\")]"}
RESULT: {"using":"xpath","value":"//span[contains(text(), \"C002\")]"}
COMMAND: POST /session/d65bb1f3e2f9080c12776954838ef114/element/f.AD1387FB3635F7347677CF9BEECFB356.d.31F57455007ED1AB6E54C7CCD3CC82D9.e.1575/click - {}
RESULT: {}
COMMAND: GET /session/d65bb1f3e2f9080c12776954838ef114/screenshot - {}
RESULT: {}
COMMAND: POST /session/d65bb1f3e2f9080c12776954838ef114/execute/async - {"script":"<script> [1562 bytes]","args":[{"selector":{"id":"application-managepartners-display-component---NewPartner--btnAddTableRow-img"},"wdio_ui5_key":"applicationmanagepartners-display-component---NewPartner--btnAddTableRow-img"}]}
RESULT: {"script":"<script> [1562 bytes]","args":[{"selector":{"id":"application-managepartners-display-component---NewPartner--btnAddTableRow-img"},"wdio_ui5_key":"applicationmanagepartners-display-component---NewPartner--btnAddTableRow-img"}]}
RESULT: undefined
COMMAND: POST /session/d65bb1f3e2f9080c12776954838ef114/element - {"using":"xpath","value":"//*[@id=\"application-managepartners-display-component---NewPartner--btnAddTableRow-img\"]"}
RESULT: {"using":"xpath","value":"//*[@id=\"application-managepartners-display-component---NewPartner--btnAddTableRow-img\"]"}
COMMAND: POST /session/d65bb1f3e2f9080c12776954838ef114/element/f.AD1387FB3635F7347677CF9BEECFB356.d.31F57455007ED1AB6E54C7CCD3CC82D9.e.1576/click - {}
RESULT: {}
COMMAND: GET /session/d65bb1f3e2f9080c12776954838ef114/screenshot - {}
RESULT: {}
COMMAND: POST /session/d65bb1f3e2f9080c12776954838ef114/element - {"using":"xpath","value":"//input[@id=\"application-managepartners-display-component---NewPartner--assignmentYard-application-managepartners-display-component---NewPartner--assignmentsTable-0-inner\"]"}
RESULT: {"using":"xpath","value":"//input[@id=\"application-managepartners-display-component---NewPartner--assignmentYard-application-managepartners-display-component---NewPartner--assignmentsTable-0-inner\"]"}
COMMAND: POST /session/d65bb1f3e2f9080c12776954838ef114/element/f.AD1387FB3635F7347677CF9BEECFB356.d.31F57455007ED1AB6E54C7CCD3CC82D9.e.1579/clear - {}
RESULT: {}
COMMAND: POST /session/d65bb1f3e2f9080c12776954838ef114/element/f.AD1387FB3635F7347677CF9BEECFB356.d.31F57455007ED1AB6E54C7CCD3CC82D9.e.1579/value - {"text":"529"}
COMMAND: GET /session/d65bb1f3e2f9080c12776954838ef114/screenshot - {}
RESULT: {"text":"529"}
COMMAND: GET /session/d65bb1f3e2f9080c12776954838ef114/screenshot - {}
RESULT: {}
RESULT: {}
COMMAND: POST /session/d65bb1f3e2f9080c12776954838ef114/element - {"using":"xpath","value":"//li[.//span[text()='529']]"}
RESULT: {"using":"xpath","value":"//li[.//span[text()='529']]"}
COMMAND: POST /session/d65bb1f3e2f9080c12776954838ef114/element/f.AD1387FB3635F7347677CF9BEECFB356.d.31F57455007ED1AB6E54C7CCD3CC82D9.e.1588/click - {}
RESULT: {}
COMMAND: GET /session/d65bb1f3e2f9080c12776954838ef114/screenshot - {}
RESULT: {}
COMMAND: POST /session/d65bb1f3e2f9080c12776954838ef114/actions - {"actions":[{"id":"action3","type":"key","parameters":{},"actions":[{"type":"keyDown","value":"î€‡"},{"type":"pause","duration":10},{"type":"keyUp","value":"î€‡"}]}]}
RESULT: {"actions":[{"id":"action3","type":"key","parameters":{},"actions":[{"type":"keyDown","value":"î€‡"},{"type":"pause","duration":10},{"type":"keyUp","value":"î€‡"}]}]}
COMMAND: POST /session/d65bb1f3e2f9080c12776954838ef114/execute/async - {"script":"<script> [1562 bytes]","args":[{"selector":{"id":"application-managepartners-display-component---NewPartner--externalCustomerComboBox-application-managepartners-display-component---NewPartner--assignmentsTable-0-vhi"},"wdio_ui5_key":"applicationmanagepartners-display-component---NewPartner--externalCustomerComboBox-application-managepartners-display-component---NewPartner--assignmentsTable-0-vhi"}]}
COMMAND: GET /session/d65bb1f3e2f9080c12776954838ef114/screenshot - {}
RESULT: {"script":"<script> [1562 bytes]","args":[{"selector":{"id":"application-managepartners-display-component---NewPartner--externalCustomerComboBox-application-managepartners-display-component---NewPartner--assignmentsTable-0-vhi"},"wdio_ui5_key":"applicationmanagepartners-display-component---NewPartner--externalCustomerComboBox-application-managepartners-display-component---NewPartner--assignmentsTable-0-vhi"}]}
RESULT: undefined
COMMAND: POST /session/d65bb1f3e2f9080c12776954838ef114/element - {"using":"xpath","value":"//*[@id=\"application-managepartners-display-component---NewPartner--externalCustomerComboBox-application-managepartners-display-component---NewPartner--assignmentsTable-0-vhi\"]"}
RESULT: {}
RESULT: {"using":"xpath","value":"//*[@id=\"application-managepartners-display-component---NewPartner--externalCustomerComboBox-application-managepartners-display-component---NewPartner--assignmentsTable-0-vhi\"]"}
COMMAND: POST /session/d65bb1f3e2f9080c12776954838ef114/element/f.AD1387FB3635F7347677CF9BEECFB356.d.31F57455007ED1AB6E54C7CCD3CC82D9.e.1592/click - {}
RESULT: {}
RESULT: undefined
COMMAND: POST /session/d65bb1f3e2f9080c12776954838ef114/execute/async - {"script":"<script> [776 bytes]","args":[{"enterText":"300003","selector":{"controlType":"sap.m.SearchField","properties":{"placeholder":"Search"},"searchOpenDialogs":true,"interaction":{"idSuffix":"I"}},"clearTextFirst":true,"interactionType":"ENTER_TEXT"}]}
COMMAND: GET /session/d65bb1f3e2f9080c12776954838ef114/screenshot - {}
RESULT: {"script":"<script> [776 bytes]","args":[{"enterText":"300003","selector":{"controlType":"sap.m.SearchField","properties":{"placeholder":"Search"},"searchOpenDialogs":true,"interaction":{"idSuffix":"I"}},"clearTextFirst":true,"interactionType":"ENTER_TEXT"}]}
COMMAND: POST /session/d65bb1f3e2f9080c12776954838ef114/actions - {"actions":[{"id":"action4","type":"key","parameters":{},"actions":[{"type":"keyDown","value":"î€‡"},{"type":"pause","duration":10},{"type":"keyUp","value":"î€‡"}]}]}
RESULT: {}
RESULT: {"actions":[{"id":"action4","type":"key","parameters":{},"actions":[{"type":"keyDown","value":"î€‡"},{"type":"pause","duration":10},{"type":"keyUp","value":"î€‡"}]}]}
COMMAND: GET /session/d65bb1f3e2f9080c12776954838ef114/screenshot - {}
RESULT: {}
COMMAND: POST /session/d65bb1f3e2f9080c12776954838ef114/element - {"using":"xpath","value":"//span[contains(text(), \"300003\")]"}
RESULT: {"using":"xpath","value":"//span[contains(text(), \"300003\")]"}
COMMAND: POST /session/d65bb1f3e2f9080c12776954838ef114/element/f.AD1387FB3635F7347677CF9BEECFB356.d.31F57455007ED1AB6E54C7CCD3CC82D9.e.1610/click - {}
RESULT: {}
COMMAND: GET /session/d65bb1f3e2f9080c12776954838ef114/screenshot - {}
RESULT: {}
COMMAND: POST /session/d65bb1f3e2f9080c12776954838ef114/element - {"using":"xpath","value":"//bdi[contains(text(), \"OK\")]"}
RESULT: {"using":"xpath","value":"//bdi[contains(text(), \"OK\")]"}
COMMAND: POST /session/d65bb1f3e2f9080c12776954838ef114/element/f.AD1387FB3635F7347677CF9BEECFB356.d.31F57455007ED1AB6E54C7CCD3CC82D9.e.1612/click - {}
RESULT: {}
COMMAND: GET /session/d65bb1f3e2f9080c12776954838ef114/screenshot - {}
RESULT: {}
COMMAND: POST /session/d65bb1f3e2f9080c12776954838ef114/execute/async - {"script":"<script> [1562 bytes]","args":[{"selector":{"id":"application-managepartners-display-component---NewPartner--intercompVendorComboBox-application-managepartners-display-component---NewPartner--assignmentsTable-0-vhi"},"wdio_ui5_key":"applicationmanagepartners-display-component---NewPartner--intercompVendorComboBox-application-managepartners-display-component---NewPartner--assignmentsTable-0-vhi"}]}
RESULT: {"script":"<script> [1562 bytes]","args":[{"selector":{"id":"application-managepartners-display-component---NewPartner--intercompVendorComboBox-application-managepartners-display-component---NewPartner--assignmentsTable-0-vhi"},"wdio_ui5_key":"applicationmanagepartners-display-component---NewPartner--intercompVendorComboBox-application-managepartners-display-component---NewPartner--assignmentsTable-0-vhi"}]}
RESULT: undefined
COMMAND: POST /session/d65bb1f3e2f9080c12776954838ef114/element - {"using":"xpath","value":"//*[@id=\"application-managepartners-display-component---NewPartner--intercompVendorComboBox-application-managepartners-display-component---NewPartner--assignmentsTable-0-vhi\"]"}
RESULT: {"using":"xpath","value":"//*[@id=\"application-managepartners-display-component---NewPartner--intercompVendorComboBox-application-managepartners-display-component---NewPartner--assignmentsTable-0-vhi\"]"}
COMMAND: POST /session/d65bb1f3e2f9080c12776954838ef114/element/f.AD1387FB3635F7347677CF9BEECFB356.d.31F57455007ED1AB6E54C7CCD3CC82D9.e.1615/click - {}
RESULT: {}
RESULT: undefined
COMMAND: POST /session/d65bb1f3e2f9080c12776954838ef114/execute/async - {"script":"<script> [776 bytes]","args":[{"enterText":"100005","selector":{"controlType":"sap.m.SearchField","properties":{"placeholder":"Search"},"searchOpenDialogs":true,"interaction":{"idSuffix":"I"}},"clearTextFirst":true,"interactionType":"ENTER_TEXT"}]}
COMMAND: GET /session/d65bb1f3e2f9080c12776954838ef114/screenshot - {}
RESULT: {"script":"<script> [776 bytes]","args":[{"enterText":"100005","selector":{"controlType":"sap.m.SearchField","properties":{"placeholder":"Search"},"searchOpenDialogs":true,"interaction":{"idSuffix":"I"}},"clearTextFirst":true,"interactionType":"ENTER_TEXT"}]}
COMMAND: POST /session/d65bb1f3e2f9080c12776954838ef114/actions - {"actions":[{"id":"action5","type":"key","parameters":{},"actions":[{"type":"keyDown","value":"î€‡"},{"type":"pause","duration":10},{"type":"keyUp","value":"î€‡"}]}]}
RESULT: {}
RESULT: {"actions":[{"id":"action5","type":"key","parameters":{},"actions":[{"type":"keyDown","value":"î€‡"},{"type":"pause","duration":10},{"type":"keyUp","value":"î€‡"}]}]}
COMMAND: GET /session/d65bb1f3e2f9080c12776954838ef114/screenshot - {}
RESULT: {}
COMMAND: POST /session/d65bb1f3e2f9080c12776954838ef114/element - {"using":"xpath","value":"//span[contains(text(), \"Penguins - Field/12345 Berlin\")]"}
RESULT: {"using":"xpath","value":"//span[contains(text(), \"Penguins - Field/12345 Berlin\")]"}
COMMAND: POST /session/d65bb1f3e2f9080c12776954838ef114/element/f.AD1387FB3635F7347677CF9BEECFB356.d.31F57455007ED1AB6E54C7CCD3CC82D9.e.1632/click - {}
RESULT: {}
COMMAND: GET /session/d65bb1f3e2f9080c12776954838ef114/screenshot - {}
RESULT: {}
COMMAND: POST /session/d65bb1f3e2f9080c12776954838ef114/element - {"using":"xpath","value":"//bdi[contains(text(), \"OK\")]"}
RESULT: {"using":"xpath","value":"//bdi[contains(text(), \"OK\")]"}
COMMAND: POST /session/d65bb1f3e2f9080c12776954838ef114/element/f.AD1387FB3635F7347677CF9BEECFB356.d.31F57455007ED1AB6E54C7CCD3CC82D9.e.1633/click - {}
RESULT: {}
COMMAND: GET /session/d65bb1f3e2f9080c12776954838ef114/screenshot - {}
RESULT: {}
COMMAND: POST /session/d65bb1f3e2f9080c12776954838ef114/element - {"using":"xpath","value":"//button[@data-kt=\"saveButton\"]"}
RESULT: {"using":"xpath","value":"//button[@data-kt=\"saveButton\"]"}
COMMAND: POST /session/d65bb1f3e2f9080c12776954838ef114/element/f.AD1387FB3635F7347677CF9BEECFB356.d.31F57455007ED1AB6E54C7CCD3CC82D9.e.1489/click - {}
RESULT: {}
COMMAND: GET /session/d65bb1f3e2f9080c12776954838ef114/screenshot - {}
RESULT: {}
COMMAND: POST /session/d65bb1f3e2f9080c12776954838ef114/element - {"using":"xpath","value":"//header[contains(@id, 'ObjectPageLayout-headerTitle')]/div[1]/div[2]/div[2]/span[1]"}
RESULT: {"using":"xpath","value":"//header[contains(@id, 'ObjectPageLayout-headerTitle')]/div[1]/div[2]/div[2]/span[1]"}
COMMAND: POST /session/d65bb1f3e2f9080c12776954838ef114/elements - {"using":"xpath","value":"//header[contains(@id, 'ObjectPageLayout-headerTitle')]/div[1]/div[2]/div[2]/span[1]"}
RESULT: {"using":"xpath","value":"//header[contains(@id, 'ObjectPageLayout-headerTitle')]/div[1]/div[2]/div[2]/span[1]"}
COMMAND: POST /session/d65bb1f3e2f9080c12776954838ef114/execute/sync - {"script":"<script> [56 bytes]","args":[{"element-6066-11e4-a52e-4f735466cecf":"f.AD1387FB3635F7347677CF9BEECFB356.d.31F57455007ED1AB6E54C7CCD3CC82D9.e.1795","ELEMENT":"f.AD1387FB3635F7347677CF9BEECFB356.d.31F57455007ED1AB6E54C7CCD3CC82D9.e.1795"}]}
RESULT: {"script":"<script> [56 bytes]","args":[{"element-6066-11e4-a52e-4f735466cecf":"f.AD1387FB3635F7347677CF9BEECFB356.d.31F57455007ED1AB6E54C7CCD3CC82D9.e.1795","ELEMENT":"f.AD1387FB3635F7347677CF9BEECFB356.d.31F57455007ED1AB6E54C7CCD3CC82D9.e.1795"}]}
COMMAND: POST /session/d65bb1f3e2f9080c12776954838ef114/element - {"using":"css selector","value":"#shell-header-logo"}
COMMAND: GET /session/d65bb1f3e2f9080c12776954838ef114/screenshot - {}
RESULT: {"using":"css selector","value":"#shell-header-logo"}
COMMAND: POST /session/d65bb1f3e2f9080c12776954838ef114/element/f.AD1387FB3635F7347677CF9BEECFB356.d.31F57455007ED1AB6E54C7CCD3CC82D9.e.1019/click - {}
RESULT: {}
RESULT: {}
COMMAND: GET /session/d65bb1f3e2f9080c12776954838ef114/screenshot - {}
RESULT: {}
COMMAND: POST /session/d65bb1f3e2f9080c12776954838ef114/execute/sync - {"script":"<script> [299 bytes]","args":[["getModel","getResource"]]}
RESULT: {"script":"<script> [299 bytes]","args":[["getModel","getResource"]]}
COMMAND: GET /session/d65bb1f3e2f9080c12776954838ef114/screenshot - {}
]]></system-out>
    </testcase>
    <testcase classname="chrome.135_0_7049_96.windows.Billing_Transfer_-_Master_data_&amp;_Intercompany_US127250" name="Should create a new site" time="120.962">
      <system-out><![CDATA[
COMMAND: POST /session/d65bb1f3e2f9080c12776954838ef114/execute/async - {"script":"<script> [1562 bytes]","args":[{"selector":{"controlType":"sap.m.TileContent","bindingPath":{"path":"","propertyPath":"/properties/info"},"ancestor":{"controlType":"sap.m.GenericTile","properties":{"header":"Manage Sites"}}},"wdio_ui5_key":"sapm.TileContent{\"path\":\"\",\"propertyPath\":\"/properties/info\"}{\"controlType\":\"sap.m.GenericTile\",\"properties\":{\"header\":\"Manage Sites\"}}"}]}
RESULT: {}
RESULT: {"script":"<script> [1562 bytes]","args":[{"selector":{"controlType":"sap.m.TileContent","bindingPath":{"path":"","propertyPath":"/properties/info"},"ancestor":{"controlType":"sap.m.GenericTile","properties":{"header":"Manage Sites"}}},"wdio_ui5_key":"sapm.TileContent{\"path\":\"\",\"propertyPath\":\"/properties/info\"}{\"controlType\":\"sap.m.GenericTile\",\"properties\":{\"header\":\"Manage Sites\"}}"}]}
RESULT: undefined
COMMAND: POST /session/d65bb1f3e2f9080c12776954838ef114/element - {"using":"xpath","value":"//*[@id=\"__xmlview7--numericTileContent\"]"}
RESULT: {"using":"xpath","value":"//*[@id=\"__xmlview7--numericTileContent\"]"}
COMMAND: POST /session/d65bb1f3e2f9080c12776954838ef114/element/f.AD1387FB3635F7347677CF9BEECFB356.d.31F57455007ED1AB6E54C7CCD3CC82D9.e.1797/click - {}
RESULT: {}
COMMAND: POST /session/d65bb1f3e2f9080c12776954838ef114/element - {"using":"xpath","value":"//button[@data-kt=\"addOverflowToolbarButton\"]"}
COMMAND: GET /session/d65bb1f3e2f9080c12776954838ef114/screenshot - {}
RESULT: {"using":"xpath","value":"//button[@data-kt=\"addOverflowToolbarButton\"]"}
COMMAND: POST /session/d65bb1f3e2f9080c12776954838ef114/elements - {"using":"xpath","value":"//button[@data-kt=\"addOverflowToolbarButton\"]"}
RESULT: {}
RESULT: {"using":"xpath","value":"//button[@data-kt=\"addOverflowToolbarButton\"]"}
COMMAND: POST /session/d65bb1f3e2f9080c12776954838ef114/elements - {"using":"xpath","value":"//button[@data-kt=\"addOverflowToolbarButton\"]"}
RESULT: {"using":"xpath","value":"//button[@data-kt=\"addOverflowToolbarButton\"]"}
COMMAND: POST /session/d65bb1f3e2f9080c12776954838ef114/elements - {"using":"xpath","value":"//button[@data-kt=\"addOverflowToolbarButton\"]"}
RESULT: {"using":"xpath","value":"//button[@data-kt=\"addOverflowToolbarButton\"]"}
COMMAND: POST /session/d65bb1f3e2f9080c12776954838ef114/elements - {"using":"xpath","value":"//button[@data-kt=\"addOverflowToolbarButton\"]"}
RESULT: {"using":"xpath","value":"//button[@data-kt=\"addOverflowToolbarButton\"]"}
COMMAND: POST /session/d65bb1f3e2f9080c12776954838ef114/element - {"using":"xpath","value":"//button[@data-kt=\"addOverflowToolbarButton\"]"}
RESULT: {"using":"xpath","value":"//button[@data-kt=\"addOverflowToolbarButton\"]"}
COMMAND: POST /session/d65bb1f3e2f9080c12776954838ef114/execute/sync - {"script":"<script> [8489 bytes]","args":[{"element-6066-11e4-a52e-4f735466cecf":"f.AD1387FB3635F7347677CF9BEECFB356.d.31F57455007ED1AB6E54C7CCD3CC82D9.e.1952","ELEMENT":"f.AD1387FB3635F7347677CF9BEECFB356.d.31F57455007ED1AB6E54C7CCD3CC82D9.e.1952"}]}
RESULT: {"script":"<script> [8489 bytes]","args":[{"element-6066-11e4-a52e-4f735466cecf":"f.AD1387FB3635F7347677CF9BEECFB356.d.31F57455007ED1AB6E54C7CCD3CC82D9.e.1952","ELEMENT":"f.AD1387FB3635F7347677CF9BEECFB356.d.31F57455007ED1AB6E54C7CCD3CC82D9.e.1952"}]}
COMMAND: GET /session/d65bb1f3e2f9080c12776954838ef114/element/f.AD1387FB3635F7347677CF9BEECFB356.d.31F57455007ED1AB6E54C7CCD3CC82D9.e.1952/enabled - {}
COMMAND: GET /session/d65bb1f3e2f9080c12776954838ef114/screenshot - {}
RESULT: {}
COMMAND: POST /session/d65bb1f3e2f9080c12776954838ef114/execute/sync - {"script":"<script> [8489 bytes]","args":[{"element-6066-11e4-a52e-4f735466cecf":"f.AD1387FB3635F7347677CF9BEECFB356.d.31F57455007ED1AB6E54C7CCD3CC82D9.e.1952","ELEMENT":"f.AD1387FB3635F7347677CF9BEECFB356.d.31F57455007ED1AB6E54C7CCD3CC82D9.e.1952"}]}
COMMAND: GET /session/d65bb1f3e2f9080c12776954838ef114/screenshot - {}
RESULT: {}
RESULT: {"script":"<script> [8489 bytes]","args":[{"element-6066-11e4-a52e-4f735466cecf":"f.AD1387FB3635F7347677CF9BEECFB356.d.31F57455007ED1AB6E54C7CCD3CC82D9.e.1952","ELEMENT":"f.AD1387FB3635F7347677CF9BEECFB356.d.31F57455007ED1AB6E54C7CCD3CC82D9.e.1952"}]}
COMMAND: POST /session/d65bb1f3e2f9080c12776954838ef114/execute/sync - {"script":"<script> [5351 bytes]","args":[{"element-6066-11e4-a52e-4f735466cecf":"f.AD1387FB3635F7347677CF9BEECFB356.d.31F57455007ED1AB6E54C7CCD3CC82D9.e.1952","ELEMENT":"f.AD1387FB3635F7347677CF9BEECFB356.d.31F57455007ED1AB6E54C7CCD3CC82D9.e.1952"}]}
COMMAND: GET /session/d65bb1f3e2f9080c12776954838ef114/screenshot - {}
RESULT: {}
RESULT: {"script":"<script> [5351 bytes]","args":[{"element-6066-11e4-a52e-4f735466cecf":"f.AD1387FB3635F7347677CF9BEECFB356.d.31F57455007ED1AB6E54C7CCD3CC82D9.e.1952","ELEMENT":"f.AD1387FB3635F7347677CF9BEECFB356.d.31F57455007ED1AB6E54C7CCD3CC82D9.e.1952"}]}
COMMAND: POST /session/d65bb1f3e2f9080c12776954838ef114/element/f.AD1387FB3635F7347677CF9BEECFB356.d.31F57455007ED1AB6E54C7CCD3CC82D9.e.1952/click - {}
COMMAND: GET /session/d65bb1f3e2f9080c12776954838ef114/screenshot - {}
RESULT: {}
RESULT: {}
COMMAND: GET /session/d65bb1f3e2f9080c12776954838ef114/screenshot - {}
COMMAND: POST /session/d65bb1f3e2f9080c12776954838ef114/execute/async - {"script":"<script> [1562 bytes]","args":[{"selector":{"id":"application-managesites-display-component---NewSite--addressDetailDetailsName1","interaction":{"idSuffix":"inner"}},"wdio_ui5_key":"applicationmanagesites-display-component---NewSite--addressDetailDetailsName1"}]}
RESULT: {}
RESULT: {}
RESULT: {"script":"<script> [1562 bytes]","args":[{"selector":{"id":"application-managesites-display-component---NewSite--addressDetailDetailsName1","interaction":{"idSuffix":"inner"}},"wdio_ui5_key":"applicationmanagesites-display-component---NewSite--addressDetailDetailsName1"}]}
RESULT: undefined
COMMAND: POST /session/d65bb1f3e2f9080c12776954838ef114/execute/async - {"script":"<script> [776 bytes]","args":[{"enterText":"Intercompany Site wdIO","selector":{"id":"application-managesites-display-component---NewSite--addressDetailDetailsName1","interaction":{"idSuffix":"inner"}},"clearTextFirst":true,"interactionType":"ENTER_TEXT"}]}
RESULT: {"script":"<script> [776 bytes]","args":[{"enterText":"Intercompany Site wdIO","selector":{"id":"application-managesites-display-component---NewSite--addressDetailDetailsName1","interaction":{"idSuffix":"inner"}},"clearTextFirst":true,"interactionType":"ENTER_TEXT"}]}
COMMAND: POST /session/d65bb1f3e2f9080c12776954838ef114/execute/async - {"script":"<script> [1562 bytes]","args":[{"selector":{"id":"application-managesites-display-component---NewSite--addressDetailDetailsLanguage-arrow"},"wdio_ui5_key":"applicationmanagesites-display-component---NewSite--addressDetailDetailsLanguage-arrow"}]}
RESULT: {"script":"<script> [1562 bytes]","args":[{"selector":{"id":"application-managesites-display-component---NewSite--addressDetailDetailsLanguage-arrow"},"wdio_ui5_key":"applicationmanagesites-display-component---NewSite--addressDetailDetailsLanguage-arrow"}]}
RESULT: undefined
COMMAND: POST /session/d65bb1f3e2f9080c12776954838ef114/element - {"using":"xpath","value":"//*[@id=\"application-managesites-display-component---NewSite--addressDetailDetailsLanguage-arrow\"]"}
RESULT: {"using":"xpath","value":"//*[@id=\"application-managesites-display-component---NewSite--addressDetailDetailsLanguage-arrow\"]"}
COMMAND: POST /session/d65bb1f3e2f9080c12776954838ef114/element/f.AD1387FB3635F7347677CF9BEECFB356.d.31F57455007ED1AB6E54C7CCD3CC82D9.e.2449/click - {}
RESULT: {}
COMMAND: POST /session/d65bb1f3e2f9080c12776954838ef114/element - {"using":"xpath","value":"//span[contains(text(), \"English\")]"}
COMMAND: GET /session/d65bb1f3e2f9080c12776954838ef114/screenshot - {}
RESULT: {"using":"xpath","value":"//span[contains(text(), \"English\")]"}
COMMAND: POST /session/d65bb1f3e2f9080c12776954838ef114/element/f.AD1387FB3635F7347677CF9BEECFB356.d.31F57455007ED1AB6E54C7CCD3CC82D9.e.2450/click - {}
RESULT: {}
RESULT: {}
COMMAND: POST /session/d65bb1f3e2f9080c12776954838ef114/execute/async - {"script":"<script> [1562 bytes]","args":[{"selector":{"id":"application-managesites-display-component---NewSite--addressDetailDetailsCity1","interaction":{"idSuffix":"inner"}},"wdio_ui5_key":"applicationmanagesites-display-component---NewSite--addressDetailDetailsCity1"}]}
COMMAND: GET /session/d65bb1f3e2f9080c12776954838ef114/screenshot - {}
RESULT: {"script":"<script> [1562 bytes]","args":[{"selector":{"id":"application-managesites-display-component---NewSite--addressDetailDetailsCity1","interaction":{"idSuffix":"inner"}},"wdio_ui5_key":"applicationmanagesites-display-component---NewSite--addressDetailDetailsCity1"}]}
RESULT: undefined
COMMAND: POST /session/d65bb1f3e2f9080c12776954838ef114/execute/async - {"script":"<script> [776 bytes]","args":[{"enterText":"Rosario","selector":{"id":"application-managesites-display-component---NewSite--addressDetailDetailsCity1","interaction":{"idSuffix":"inner"}},"clearTextFirst":true,"interactionType":"ENTER_TEXT"}]}
RESULT: {}
RESULT: {"script":"<script> [776 bytes]","args":[{"enterText":"Rosario","selector":{"id":"application-managesites-display-component---NewSite--addressDetailDetailsCity1","interaction":{"idSuffix":"inner"}},"clearTextFirst":true,"interactionType":"ENTER_TEXT"}]}
COMMAND: POST /session/d65bb1f3e2f9080c12776954838ef114/execute/async - {"script":"<script> [1562 bytes]","args":[{"selector":{"id":"application-managesites-display-component---NewSite--addressDetailDetailsCountry-arrow"},"wdio_ui5_key":"applicationmanagesites-display-component---NewSite--addressDetailDetailsCountry-arrow"}]}
RESULT: {"script":"<script> [1562 bytes]","args":[{"selector":{"id":"application-managesites-display-component---NewSite--addressDetailDetailsCountry-arrow"},"wdio_ui5_key":"applicationmanagesites-display-component---NewSite--addressDetailDetailsCountry-arrow"}]}
RESULT: undefined
COMMAND: POST /session/d65bb1f3e2f9080c12776954838ef114/element - {"using":"xpath","value":"//*[@id=\"application-managesites-display-component---NewSite--addressDetailDetailsCountry-arrow\"]"}
RESULT: {"using":"xpath","value":"//*[@id=\"application-managesites-display-component---NewSite--addressDetailDetailsCountry-arrow\"]"}
COMMAND: POST /session/d65bb1f3e2f9080c12776954838ef114/element/f.AD1387FB3635F7347677CF9BEECFB356.d.31F57455007ED1AB6E54C7CCD3CC82D9.e.2452/click - {}
RESULT: {}
COMMAND: POST /session/d65bb1f3e2f9080c12776954838ef114/element - {"using":"xpath","value":"//span[contains(text(), \"Argentina\")]"}
COMMAND: GET /session/d65bb1f3e2f9080c12776954838ef114/screenshot - {}
RESULT: {"using":"xpath","value":"//span[contains(text(), \"Argentina\")]"}
COMMAND: POST /session/d65bb1f3e2f9080c12776954838ef114/element/f.AD1387FB3635F7347677CF9BEECFB356.d.31F57455007ED1AB6E54C7CCD3CC82D9.e.2453/click - {}
RESULT: {}
RESULT: {}
COMMAND: GET /session/d65bb1f3e2f9080c12776954838ef114/screenshot - {}
RESULT: {}
COMMAND: POST /session/d65bb1f3e2f9080c12776954838ef114/execute/async - {"script":"<script> [1562 bytes]","args":[{"selector":{"id":"application-managesites-display-component---NewSite--addressEditDetailsCostObjectCstType-arrow"},"wdio_ui5_key":"applicationmanagesites-display-component---NewSite--addressEditDetailsCostObjectCstType-arrow"}]}
RESULT: {"script":"<script> [1562 bytes]","args":[{"selector":{"id":"application-managesites-display-component---NewSite--addressEditDetailsCostObjectCstType-arrow"},"wdio_ui5_key":"applicationmanagesites-display-component---NewSite--addressEditDetailsCostObjectCstType-arrow"}]}
RESULT: undefined
COMMAND: POST /session/d65bb1f3e2f9080c12776954838ef114/element - {"using":"xpath","value":"//*[@id=\"application-managesites-display-component---NewSite--addressEditDetailsCostObjectCstType-arrow\"]"}
RESULT: {"using":"xpath","value":"//*[@id=\"application-managesites-display-component---NewSite--addressEditDetailsCostObjectCstType-arrow\"]"}
COMMAND: POST /session/d65bb1f3e2f9080c12776954838ef114/element/f.AD1387FB3635F7347677CF9BEECFB356.d.31F57455007ED1AB6E54C7CCD3CC82D9.e.2455/click - {}
RESULT: {}
COMMAND: POST /session/d65bb1f3e2f9080c12776954838ef114/element - {"using":"xpath","value":"//span[contains(text(), \"Cost Center\")]"}
COMMAND: GET /session/d65bb1f3e2f9080c12776954838ef114/screenshot - {}
RESULT: {"using":"xpath","value":"//span[contains(text(), \"Cost Center\")]"}
COMMAND: POST /session/d65bb1f3e2f9080c12776954838ef114/element/f.AD1387FB3635F7347677CF9BEECFB356.d.31F57455007ED1AB6E54C7CCD3CC82D9.e.2456/click - {}
RESULT: {}
RESULT: {}
COMMAND: GET /session/d65bb1f3e2f9080c12776954838ef114/screenshot - {}
RESULT: {}
COMMAND: POST /session/d65bb1f3e2f9080c12776954838ef114/element - {"using":"xpath","value":"//span[@id=\"application-managesites-display-component---NewSite--addressNewCostObjectCstID-vhi\"]"}
RESULT: {"using":"xpath","value":"//span[@id=\"application-managesites-display-component---NewSite--addressNewCostObjectCstID-vhi\"]"}
COMMAND: POST /session/d65bb1f3e2f9080c12776954838ef114/execute/sync - {"script":"<script> [8489 bytes]","args":[{"element-6066-11e4-a52e-4f735466cecf":"f.AD1387FB3635F7347677CF9BEECFB356.d.31F57455007ED1AB6E54C7CCD3CC82D9.e.2461","ELEMENT":"f.AD1387FB3635F7347677CF9BEECFB356.d.31F57455007ED1AB6E54C7CCD3CC82D9.e.2461"}]}
RESULT: {"script":"<script> [8489 bytes]","args":[{"element-6066-11e4-a52e-4f735466cecf":"f.AD1387FB3635F7347677CF9BEECFB356.d.31F57455007ED1AB6E54C7CCD3CC82D9.e.2461","ELEMENT":"f.AD1387FB3635F7347677CF9BEECFB356.d.31F57455007ED1AB6E54C7CCD3CC82D9.e.2461"}]}
COMMAND: POST /session/d65bb1f3e2f9080c12776954838ef114/execute/async - {"script":"<script> [1562 bytes]","args":[{"selector":{"id":"application-managesites-display-component---NewSite--addressNewCostObjectCstID-vhi"},"wdio_ui5_key":"applicationmanagesites-display-component---NewSite--addressNewCostObjectCstID-vhi"}]}
COMMAND: GET /session/d65bb1f3e2f9080c12776954838ef114/screenshot - {}
RESULT: {"script":"<script> [1562 bytes]","args":[{"selector":{"id":"application-managesites-display-component---NewSite--addressNewCostObjectCstID-vhi"},"wdio_ui5_key":"applicationmanagesites-display-component---NewSite--addressNewCostObjectCstID-vhi"}]}
RESULT: undefined
COMMAND: POST /session/d65bb1f3e2f9080c12776954838ef114/element - {"using":"xpath","value":"//*[@id=\"application-managesites-display-component---NewSite--addressNewCostObjectCstID-vhi\"]"}
RESULT: {}
RESULT: {"using":"xpath","value":"//*[@id=\"application-managesites-display-component---NewSite--addressNewCostObjectCstID-vhi\"]"}
COMMAND: POST /session/d65bb1f3e2f9080c12776954838ef114/element/f.AD1387FB3635F7347677CF9BEECFB356.d.31F57455007ED1AB6E54C7CCD3CC82D9.e.2461/click - {}
RESULT: {}
COMMAND: GET /session/d65bb1f3e2f9080c12776954838ef114/screenshot - {}
RESULT: {}
RESULT: undefined
COMMAND: POST /session/d65bb1f3e2f9080c12776954838ef114/execute/async - {"script":"<script> [776 bytes]","args":[{"enterText":"10001013","selector":{"controlType":"sap.m.SearchField","properties":{"placeholder":"Search"},"searchOpenDialogs":true,"interaction":{"idSuffix":"I"}},"clearTextFirst":true,"interactionType":"ENTER_TEXT"}]}
RESULT: {"script":"<script> [776 bytes]","args":[{"enterText":"10001013","selector":{"controlType":"sap.m.SearchField","properties":{"placeholder":"Search"},"searchOpenDialogs":true,"interaction":{"idSuffix":"I"}},"clearTextFirst":true,"interactionType":"ENTER_TEXT"}]}
COMMAND: POST /session/d65bb1f3e2f9080c12776954838ef114/actions - {"actions":[{"id":"action6","type":"key","parameters":{},"actions":[{"type":"keyDown","value":"î€‡"},{"type":"pause","duration":10},{"type":"keyUp","value":"î€‡"}]}]}
RESULT: {"actions":[{"id":"action6","type":"key","parameters":{},"actions":[{"type":"keyDown","value":"î€‡"},{"type":"pause","duration":10},{"type":"keyUp","value":"î€‡"}]}]}
COMMAND: GET /session/d65bb1f3e2f9080c12776954838ef114/screenshot - {}
RESULT: {}
COMMAND: POST /session/d65bb1f3e2f9080c12776954838ef114/element - {"using":"xpath","value":"//span[contains(text(), \"General Management\")]"}
RESULT: {"using":"xpath","value":"//span[contains(text(), \"General Management\")]"}
COMMAND: POST /session/d65bb1f3e2f9080c12776954838ef114/element/f.AD1387FB3635F7347677CF9BEECFB356.d.31F57455007ED1AB6E54C7CCD3CC82D9.e.2499/click - {}
RESULT: {}
COMMAND: GET /session/d65bb1f3e2f9080c12776954838ef114/screenshot - {}
RESULT: {}
COMMAND: POST /session/d65bb1f3e2f9080c12776954838ef114/element - {"using":"xpath","value":"//bdi[contains(text(), \"OK\")]"}
RESULT: {"using":"xpath","value":"//bdi[contains(text(), \"OK\")]"}
COMMAND: POST /session/d65bb1f3e2f9080c12776954838ef114/element/f.AD1387FB3635F7347677CF9BEECFB356.d.31F57455007ED1AB6E54C7CCD3CC82D9.e.2500/click - {}
RESULT: {}
COMMAND: GET /session/d65bb1f3e2f9080c12776954838ef114/screenshot - {}
RESULT: {}
COMMAND: POST /session/d65bb1f3e2f9080c12776954838ef114/element - {"using":"xpath","value":"//input[@id=\"application-managesites-display-component---NewSite--addressDetailDetailsCalendar-inner\"]"}
RESULT: {"using":"xpath","value":"//input[@id=\"application-managesites-display-component---NewSite--addressDetailDetailsCalendar-inner\"]"}
COMMAND: POST /session/d65bb1f3e2f9080c12776954838ef114/element/f.AD1387FB3635F7347677CF9BEECFB356.d.31F57455007ED1AB6E54C7CCD3CC82D9.e.2248/clear - {}
RESULT: {}
COMMAND: POST /session/d65bb1f3e2f9080c12776954838ef114/element/f.AD1387FB3635F7347677CF9BEECFB356.d.31F57455007ED1AB6E54C7CCD3CC82D9.e.2248/value - {"text":"Unit"}
COMMAND: GET /session/d65bb1f3e2f9080c12776954838ef114/screenshot - {}
RESULT: {"text":"Unit"}
COMMAND: GET /session/d65bb1f3e2f9080c12776954838ef114/screenshot - {}
RESULT: {}
RESULT: {}
COMMAND: POST /session/d65bb1f3e2f9080c12776954838ef114/actions - {"actions":[{"id":"action7","type":"key","parameters":{},"actions":[{"type":"keyDown","value":"î€‡"},{"type":"pause","duration":10},{"type":"keyUp","value":"î€‡"}]}]}
RESULT: {"actions":[{"id":"action7","type":"key","parameters":{},"actions":[{"type":"keyDown","value":"î€‡"},{"type":"pause","duration":10},{"type":"keyUp","value":"î€‡"}]}]}
COMMAND: POST /session/d65bb1f3e2f9080c12776954838ef114/element - {"using":"xpath","value":"//input[@id=\"application-managesites-display-component---NewSite--addressDetailDetailsYard-inner\"]"}
COMMAND: GET /session/d65bb1f3e2f9080c12776954838ef114/screenshot - {}
RESULT: {"using":"xpath","value":"//input[@id=\"application-managesites-display-component---NewSite--addressDetailDetailsYard-inner\"]"}
COMMAND: POST /session/d65bb1f3e2f9080c12776954838ef114/element/f.AD1387FB3635F7347677CF9BEECFB356.d.31F57455007ED1AB6E54C7CCD3CC82D9.e.2249/clear - {}
RESULT: {}
RESULT: {}
COMMAND: POST /session/d65bb1f3e2f9080c12776954838ef114/element/f.AD1387FB3635F7347677CF9BEECFB356.d.31F57455007ED1AB6E54C7CCD3CC82D9.e.2249/value - {"text":"529"}
COMMAND: GET /session/d65bb1f3e2f9080c12776954838ef114/screenshot - {}
RESULT: {"text":"529"}
COMMAND: GET /session/d65bb1f3e2f9080c12776954838ef114/screenshot - {}
RESULT: {}
RESULT: {}
COMMAND: POST /session/d65bb1f3e2f9080c12776954838ef114/element - {"using":"xpath","value":"//li[.//span[text()='529']]"}
RESULT: {"using":"xpath","value":"//li[.//span[text()='529']]"}
COMMAND: POST /session/d65bb1f3e2f9080c12776954838ef114/element/f.AD1387FB3635F7347677CF9BEECFB356.d.31F57455007ED1AB6E54C7CCD3CC82D9.e.2508/click - {}
RESULT: {}
COMMAND: GET /session/d65bb1f3e2f9080c12776954838ef114/screenshot - {}
RESULT: {}
COMMAND: POST /session/d65bb1f3e2f9080c12776954838ef114/element - {"using":"xpath","value":"//input[@id=\"application-managesites-display-component---NewSite--addressDetailDetailsPartner-inner\"]"}
RESULT: {"using":"xpath","value":"//input[@id=\"application-managesites-display-component---NewSite--addressDetailDetailsPartner-inner\"]"}
COMMAND: POST /session/d65bb1f3e2f9080c12776954838ef114/element - {"using":"xpath","value":"//input[@id=\"application-managesites-display-component---NewSite--addressDetailDetailsPartner-inner\"]"}
RESULT: {"using":"xpath","value":"//input[@id=\"application-managesites-display-component---NewSite--addressDetailDetailsPartner-inner\"]"}
COMMAND: POST /session/d65bb1f3e2f9080c12776954838ef114/element - {"using":"xpath","value":"//button[@data-kt=\"saveButton\"]"}
RESULT: {"using":"xpath","value":"//button[@data-kt=\"saveButton\"]"}
COMMAND: POST /session/d65bb1f3e2f9080c12776954838ef114/element/f.AD1387FB3635F7347677CF9BEECFB356.d.31F57455007ED1AB6E54C7CCD3CC82D9.e.2442/click - {}
RESULT: {}
COMMAND: GET /session/d65bb1f3e2f9080c12776954838ef114/screenshot - {}
RESULT: {}
COMMAND: POST /session/d65bb1f3e2f9080c12776954838ef114/element - {"using":"xpath","value":"//header[contains(@id, 'ObjectPageLayout-headerTitle')]/div[1]/div[2]/div[2]/span[1]"}
RESULT: {"using":"xpath","value":"//header[contains(@id, 'ObjectPageLayout-headerTitle')]/div[1]/div[2]/div[2]/span[1]"}
COMMAND: POST /session/d65bb1f3e2f9080c12776954838ef114/elements - {"using":"xpath","value":"//header[contains(@id, 'ObjectPageLayout-headerTitle')]/div[1]/div[2]/div[2]/span[1]"}
RESULT: {"using":"xpath","value":"//header[contains(@id, 'ObjectPageLayout-headerTitle')]/div[1]/div[2]/div[2]/span[1]"}
COMMAND: POST /session/d65bb1f3e2f9080c12776954838ef114/execute/sync - {"script":"<script> [56 bytes]","args":[{"element-6066-11e4-a52e-4f735466cecf":"f.AD1387FB3635F7347677CF9BEECFB356.d.31F57455007ED1AB6E54C7CCD3CC82D9.e.2709","ELEMENT":"f.AD1387FB3635F7347677CF9BEECFB356.d.31F57455007ED1AB6E54C7CCD3CC82D9.e.2709"}]}
RESULT: {"script":"<script> [56 bytes]","args":[{"element-6066-11e4-a52e-4f735466cecf":"f.AD1387FB3635F7347677CF9BEECFB356.d.31F57455007ED1AB6E54C7CCD3CC82D9.e.2709","ELEMENT":"f.AD1387FB3635F7347677CF9BEECFB356.d.31F57455007ED1AB6E54C7CCD3CC82D9.e.2709"}]}
COMMAND: POST /session/d65bb1f3e2f9080c12776954838ef114/element - {"using":"css selector","value":"#shell-header-logo"}
COMMAND: GET /session/d65bb1f3e2f9080c12776954838ef114/screenshot - {}
RESULT: {"using":"css selector","value":"#shell-header-logo"}
COMMAND: POST /session/d65bb1f3e2f9080c12776954838ef114/element/f.AD1387FB3635F7347677CF9BEECFB356.d.31F57455007ED1AB6E54C7CCD3CC82D9.e.1801/click - {}
RESULT: {}
RESULT: {}
COMMAND: GET /session/d65bb1f3e2f9080c12776954838ef114/screenshot - {}
RESULT: {}
COMMAND: POST /session/d65bb1f3e2f9080c12776954838ef114/execute/sync - {"script":"<script> [299 bytes]","args":[["getModel","getResource"]]}
RESULT: {"script":"<script> [299 bytes]","args":[["getModel","getResource"]]}
]]></system-out>
    </testcase>
    <testcase classname="chrome.135_0_7049_96.windows.Billing_Transfer_-_Master_data_&amp;_Intercompany_US127250" name="Should create a new equipment" time="128.552">
      <system-out><![CDATA[
COMMAND: GET /session/d65bb1f3e2f9080c12776954838ef114/screenshot - {}
COMMAND: POST /session/d65bb1f3e2f9080c12776954838ef114/execute/async - {"script":"<script> [1562 bytes]","args":[{"selector":{"controlType":"sap.m.GenericTile","properties":{"header":"Manage Resources"}},"wdio_ui5_key":"sapm.GenericTile{\"header\":\"Manage Resources\"}"}]}
RESULT: {}
RESULT: {"script":"<script> [1562 bytes]","args":[{"selector":{"controlType":"sap.m.GenericTile","properties":{"header":"Manage Resources"}},"wdio_ui5_key":"sapm.GenericTile{\"header\":\"Manage Resources\"}"}]}
RESULT: undefined
COMMAND: POST /session/d65bb1f3e2f9080c12776954838ef114/element - {"using":"xpath","value":"//*[@id=\"__tile39\"]"}
RESULT: {"using":"xpath","value":"//*[@id=\"__tile39\"]"}
COMMAND: POST /session/d65bb1f3e2f9080c12776954838ef114/element/f.AD1387FB3635F7347677CF9BEECFB356.d.31F57455007ED1AB6E54C7CCD3CC82D9.e.164/click - {}
RESULT: {}
COMMAND: POST /session/d65bb1f3e2f9080c12776954838ef114/element - {"using":"xpath","value":"//button[@data-kt=\"addNewRUOverflowToolbarButton\"]"}
COMMAND: GET /session/d65bb1f3e2f9080c12776954838ef114/screenshot - {}
RESULT: {"using":"xpath","value":"//button[@data-kt=\"addNewRUOverflowToolbarButton\"]"}
COMMAND: POST /session/d65bb1f3e2f9080c12776954838ef114/elements - {"using":"xpath","value":"//button[@data-kt=\"addNewRUOverflowToolbarButton\"]"}
RESULT: {}
RESULT: {"using":"xpath","value":"//button[@data-kt=\"addNewRUOverflowToolbarButton\"]"}
COMMAND: POST /session/d65bb1f3e2f9080c12776954838ef114/elements - {"using":"xpath","value":"//button[@data-kt=\"addNewRUOverflowToolbarButton\"]"}
RESULT: {"using":"xpath","value":"//button[@data-kt=\"addNewRUOverflowToolbarButton\"]"}
COMMAND: POST /session/d65bb1f3e2f9080c12776954838ef114/elements - {"using":"xpath","value":"//button[@data-kt=\"addNewRUOverflowToolbarButton\"]"}
RESULT: {"using":"xpath","value":"//button[@data-kt=\"addNewRUOverflowToolbarButton\"]"}
COMMAND: POST /session/d65bb1f3e2f9080c12776954838ef114/element - {"using":"xpath","value":"//button[@data-kt=\"addNewRUOverflowToolbarButton\"]"}
RESULT: {"using":"xpath","value":"//button[@data-kt=\"addNewRUOverflowToolbarButton\"]"}
COMMAND: POST /session/d65bb1f3e2f9080c12776954838ef114/execute/sync - {"script":"<script> [8489 bytes]","args":[{"element-6066-11e4-a52e-4f735466cecf":"f.AD1387FB3635F7347677CF9BEECFB356.d.31F57455007ED1AB6E54C7CCD3CC82D9.e.2752","ELEMENT":"f.AD1387FB3635F7347677CF9BEECFB356.d.31F57455007ED1AB6E54C7CCD3CC82D9.e.2752"}]}
RESULT: {"script":"<script> [8489 bytes]","args":[{"element-6066-11e4-a52e-4f735466cecf":"f.AD1387FB3635F7347677CF9BEECFB356.d.31F57455007ED1AB6E54C7CCD3CC82D9.e.2752","ELEMENT":"f.AD1387FB3635F7347677CF9BEECFB356.d.31F57455007ED1AB6E54C7CCD3CC82D9.e.2752"}]}
COMMAND: GET /session/d65bb1f3e2f9080c12776954838ef114/element/f.AD1387FB3635F7347677CF9BEECFB356.d.31F57455007ED1AB6E54C7CCD3CC82D9.e.2752/enabled - {}
COMMAND: GET /session/d65bb1f3e2f9080c12776954838ef114/screenshot - {}
RESULT: {}
COMMAND: POST /session/d65bb1f3e2f9080c12776954838ef114/execute/sync - {"script":"<script> [8489 bytes]","args":[{"element-6066-11e4-a52e-4f735466cecf":"f.AD1387FB3635F7347677CF9BEECFB356.d.31F57455007ED1AB6E54C7CCD3CC82D9.e.2752","ELEMENT":"f.AD1387FB3635F7347677CF9BEECFB356.d.31F57455007ED1AB6E54C7CCD3CC82D9.e.2752"}]}
COMMAND: GET /session/d65bb1f3e2f9080c12776954838ef114/screenshot - {}
RESULT: {}
RESULT: {"script":"<script> [8489 bytes]","args":[{"element-6066-11e4-a52e-4f735466cecf":"f.AD1387FB3635F7347677CF9BEECFB356.d.31F57455007ED1AB6E54C7CCD3CC82D9.e.2752","ELEMENT":"f.AD1387FB3635F7347677CF9BEECFB356.d.31F57455007ED1AB6E54C7CCD3CC82D9.e.2752"}]}
COMMAND: POST /session/d65bb1f3e2f9080c12776954838ef114/execute/sync - {"script":"<script> [5351 bytes]","args":[{"element-6066-11e4-a52e-4f735466cecf":"f.AD1387FB3635F7347677CF9BEECFB356.d.31F57455007ED1AB6E54C7CCD3CC82D9.e.2752","ELEMENT":"f.AD1387FB3635F7347677CF9BEECFB356.d.31F57455007ED1AB6E54C7CCD3CC82D9.e.2752"}]}
COMMAND: GET /session/d65bb1f3e2f9080c12776954838ef114/screenshot - {}
RESULT: {}
RESULT: {"script":"<script> [5351 bytes]","args":[{"element-6066-11e4-a52e-4f735466cecf":"f.AD1387FB3635F7347677CF9BEECFB356.d.31F57455007ED1AB6E54C7CCD3CC82D9.e.2752","ELEMENT":"f.AD1387FB3635F7347677CF9BEECFB356.d.31F57455007ED1AB6E54C7CCD3CC82D9.e.2752"}]}
COMMAND: POST /session/d65bb1f3e2f9080c12776954838ef114/element/f.AD1387FB3635F7347677CF9BEECFB356.d.31F57455007ED1AB6E54C7CCD3CC82D9.e.2752/click - {}
COMMAND: GET /session/d65bb1f3e2f9080c12776954838ef114/screenshot - {}
RESULT: {}
RESULT: {}
COMMAND: GET /session/d65bb1f3e2f9080c12776954838ef114/screenshot - {}
COMMAND: POST /session/d65bb1f3e2f9080c12776954838ef114/execute/async - {"script":"<script> [1562 bytes]","args":[{"selector":{"id":"application-manageresources-display-component---newResourceUnit--TYPE-arrow"},"wdio_ui5_key":"applicationmanageresources-display-component---newResourceUnit--TYPE-arrow"}]}
RESULT: {}
RESULT: {}
RESULT: {"script":"<script> [1562 bytes]","args":[{"selector":{"id":"application-manageresources-display-component---newResourceUnit--TYPE-arrow"},"wdio_ui5_key":"applicationmanageresources-display-component---newResourceUnit--TYPE-arrow"}]}
RESULT: undefined
COMMAND: POST /session/d65bb1f3e2f9080c12776954838ef114/element - {"using":"xpath","value":"//*[@id=\"application-manageresources-display-component---newResourceUnit--TYPE-arrow\"]"}
RESULT: {"using":"xpath","value":"//*[@id=\"application-manageresources-display-component---newResourceUnit--TYPE-arrow\"]"}
COMMAND: POST /session/d65bb1f3e2f9080c12776954838ef114/element/f.AD1387FB3635F7347677CF9BEECFB356.d.31F57455007ED1AB6E54C7CCD3CC82D9.e.3097/click - {}
RESULT: {}
COMMAND: POST /session/d65bb1f3e2f9080c12776954838ef114/element - {"using":"xpath","value":"//input[@id=\"application-manageresources-display-component---newResourceUnit--TYPE-inner\"]"}
COMMAND: GET /session/d65bb1f3e2f9080c12776954838ef114/screenshot - {}
RESULT: {"using":"xpath","value":"//input[@id=\"application-manageresources-display-component---newResourceUnit--TYPE-inner\"]"}
COMMAND: POST /session/d65bb1f3e2f9080c12776954838ef114/element/f.AD1387FB3635F7347677CF9BEECFB356.d.31F57455007ED1AB6E54C7CCD3CC82D9.e.3093/clear - {}
RESULT: {}
RESULT: {}
COMMAND: POST /session/d65bb1f3e2f9080c12776954838ef114/element/f.AD1387FB3635F7347677CF9BEECFB356.d.31F57455007ED1AB6E54C7CCD3CC82D9.e.3093/value - {"text":"Equipment"}
COMMAND: GET /session/d65bb1f3e2f9080c12776954838ef114/screenshot - {}
RESULT: {"text":"Equipment"}
COMMAND: GET /session/d65bb1f3e2f9080c12776954838ef114/screenshot - {}
RESULT: {}
RESULT: {}
COMMAND: POST /session/d65bb1f3e2f9080c12776954838ef114/actions - {"actions":[{"id":"action8","type":"key","parameters":{},"actions":[{"type":"keyDown","value":"î€‡"},{"type":"pause","duration":10},{"type":"keyUp","value":"î€‡"}]}]}
RESULT: {"actions":[{"id":"action8","type":"key","parameters":{},"actions":[{"type":"keyDown","value":"î€‡"},{"type":"pause","duration":10},{"type":"keyUp","value":"î€‡"}]}]}
COMMAND: POST /session/d65bb1f3e2f9080c12776954838ef114/execute/async - {"script":"<script> [1562 bytes]","args":[{"selector":{"id":"application-manageresources-display-component---newResourceUnit--resourceId","interaction":{"idSuffix":"inner"}},"wdio_ui5_key":"applicationmanageresources-display-component---newResourceUnit--resourceId"}]}
COMMAND: GET /session/d65bb1f3e2f9080c12776954838ef114/screenshot - {}
RESULT: {"script":"<script> [1562 bytes]","args":[{"selector":{"id":"application-manageresources-display-component---newResourceUnit--resourceId","interaction":{"idSuffix":"inner"}},"wdio_ui5_key":"applicationmanageresources-display-component---newResourceUnit--resourceId"}]}
RESULT: undefined
COMMAND: POST /session/d65bb1f3e2f9080c12776954838ef114/execute/async - {"script":"<script> [776 bytes]","args":[{"enterText":"Gdbpdum4cg","selector":{"id":"application-manageresources-display-component---newResourceUnit--resourceId","interaction":{"idSuffix":"inner"}},"clearTextFirst":true,"interactionType":"ENTER_TEXT"}]}
RESULT: {}
RESULT: {"script":"<script> [776 bytes]","args":[{"enterText":"Gdbpdum4cg","selector":{"id":"application-manageresources-display-component---newResourceUnit--resourceId","interaction":{"idSuffix":"inner"}},"clearTextFirst":true,"interactionType":"ENTER_TEXT"}]}
COMMAND: POST /session/d65bb1f3e2f9080c12776954838ef114/execute/async - {"script":"<script> [1562 bytes]","args":[{"selector":{"id":"application-manageresources-display-component---newResourceUnit--SHORT_TEXT","interaction":{"idSuffix":"inner"}},"wdio_ui5_key":"applicationmanageresources-display-component---newResourceUnit--SHORT_TEXT"}]}
RESULT: {"script":"<script> [1562 bytes]","args":[{"selector":{"id":"application-manageresources-display-component---newResourceUnit--SHORT_TEXT","interaction":{"idSuffix":"inner"}},"wdio_ui5_key":"applicationmanageresources-display-component---newResourceUnit--SHORT_TEXT"}]}
RESULT: undefined
COMMAND: POST /session/d65bb1f3e2f9080c12776954838ef114/execute/async - {"script":"<script> [776 bytes]","args":[{"enterText":"Intercompany Equipment WDIO","selector":{"id":"application-manageresources-display-component---newResourceUnit--SHORT_TEXT","interaction":{"idSuffix":"inner"}},"clearTextFirst":true,"interactionType":"ENTER_TEXT"}]}
RESULT: {"script":"<script> [776 bytes]","args":[{"enterText":"Intercompany Equipment WDIO","selector":{"id":"application-manageresources-display-component---newResourceUnit--SHORT_TEXT","interaction":{"idSuffix":"inner"}},"clearTextFirst":true,"interactionType":"ENTER_TEXT"}]}
COMMAND: POST /session/d65bb1f3e2f9080c12776954838ef114/execute/async - {"script":"<script> [1562 bytes]","args":[{"selector":{"id":"application-manageresources-display-component---newResourceUnit--BASE_UNIT_OF_MEASURE","interaction":{"idSuffix":"inner"}},"wdio_ui5_key":"applicationmanageresources-display-component---newResourceUnit--BASE_UNIT_OF_MEASURE"}]}
RESULT: {"script":"<script> [1562 bytes]","args":[{"selector":{"id":"application-manageresources-display-component---newResourceUnit--BASE_UNIT_OF_MEASURE","interaction":{"idSuffix":"inner"}},"wdio_ui5_key":"applicationmanageresources-display-component---newResourceUnit--BASE_UNIT_OF_MEASURE"}]}
RESULT: undefined
COMMAND: POST /session/d65bb1f3e2f9080c12776954838ef114/execute/async - {"script":"<script> [776 bytes]","args":[{"enterText":"Piece","selector":{"id":"application-manageresources-display-component---newResourceUnit--BASE_UNIT_OF_MEASURE","interaction":{"idSuffix":"inner"}},"clearTextFirst":true,"interactionType":"ENTER_TEXT"}]}
RESULT: {"script":"<script> [776 bytes]","args":[{"enterText":"Piece","selector":{"id":"application-manageresources-display-component---newResourceUnit--BASE_UNIT_OF_MEASURE","interaction":{"idSuffix":"inner"}},"clearTextFirst":true,"interactionType":"ENTER_TEXT"}]}
COMMAND: POST /session/d65bb1f3e2f9080c12776954838ef114/execute/async - {"script":"<script> [1562 bytes]","args":[{"selector":{"id":"application-manageresources-display-component---newResourceUnit--WEIGHT_UNIT","interaction":{"idSuffix":"inner"}},"wdio_ui5_key":"applicationmanageresources-display-component---newResourceUnit--WEIGHT_UNIT"}]}
RESULT: {"script":"<script> [1562 bytes]","args":[{"selector":{"id":"application-manageresources-display-component---newResourceUnit--WEIGHT_UNIT","interaction":{"idSuffix":"inner"}},"wdio_ui5_key":"applicationmanageresources-display-component---newResourceUnit--WEIGHT_UNIT"}]}
RESULT: undefined
COMMAND: POST /session/d65bb1f3e2f9080c12776954838ef114/execute/async - {"script":"<script> [776 bytes]","args":[{"enterText":"Gram","selector":{"id":"application-manageresources-display-component---newResourceUnit--WEIGHT_UNIT","interaction":{"idSuffix":"inner"}},"clearTextFirst":true,"interactionType":"ENTER_TEXT"}]}
RESULT: {"script":"<script> [776 bytes]","args":[{"enterText":"Gram","selector":{"id":"application-manageresources-display-component---newResourceUnit--WEIGHT_UNIT","interaction":{"idSuffix":"inner"}},"clearTextFirst":true,"interactionType":"ENTER_TEXT"}]}
COMMAND: POST /session/d65bb1f3e2f9080c12776954838ef114/execute/async - {"script":"<script> [1562 bytes]","args":[{"selector":{"id":"application-manageresources-display-component---newResourceUnit--DIMENSION_UNIT","interaction":{"idSuffix":"inner"}},"wdio_ui5_key":"applicationmanageresources-display-component---newResourceUnit--DIMENSION_UNIT"}]}
RESULT: {"script":"<script> [1562 bytes]","args":[{"selector":{"id":"application-manageresources-display-component---newResourceUnit--DIMENSION_UNIT","interaction":{"idSuffix":"inner"}},"wdio_ui5_key":"applicationmanageresources-display-component---newResourceUnit--DIMENSION_UNIT"}]}
RESULT: undefined
COMMAND: POST /session/d65bb1f3e2f9080c12776954838ef114/execute/async - {"script":"<script> [776 bytes]","args":[{"enterText":"Meter","selector":{"id":"application-manageresources-display-component---newResourceUnit--DIMENSION_UNIT","interaction":{"idSuffix":"inner"}},"clearTextFirst":true,"interactionType":"ENTER_TEXT"}]}
RESULT: {"script":"<script> [776 bytes]","args":[{"enterText":"Meter","selector":{"id":"application-manageresources-display-component---newResourceUnit--DIMENSION_UNIT","interaction":{"idSuffix":"inner"}},"clearTextFirst":true,"interactionType":"ENTER_TEXT"}]}
COMMAND: POST /session/d65bb1f3e2f9080c12776954838ef114/execute/async - {"script":"<script> [1562 bytes]","args":[{"selector":{"id":"application-manageresources-display-component---newResourceUnit--newRRUPage-anchBar-application-manageresources-display-component---newResourceUnit--control-anchor","interaction":{"idSuffix":"BDI-content"}},"wdio_ui5_key":"applicationmanageresources-display-component---newResourceUnit--newRRUPage-anchBar-application-manageresources-display-component---newResourceUnit--control-anchor"}]}
RESULT: {"script":"<script> [1562 bytes]","args":[{"selector":{"id":"application-manageresources-display-component---newResourceUnit--newRRUPage-anchBar-application-manageresources-display-component---newResourceUnit--control-anchor","interaction":{"idSuffix":"BDI-content"}},"wdio_ui5_key":"applicationmanageresources-display-component---newResourceUnit--newRRUPage-anchBar-application-manageresources-display-component---newResourceUnit--control-anchor"}]}
RESULT: undefined
COMMAND: POST /session/d65bb1f3e2f9080c12776954838ef114/element - {"using":"xpath","value":"//*[@id=\"application-manageresources-display-component---newResourceUnit--newRRUPage-anchBar-application-manageresources-display-component---newResourceUnit--control-anchor\"]"}
RESULT: {"using":"xpath","value":"//*[@id=\"application-manageresources-display-component---newResourceUnit--newRRUPage-anchBar-application-manageresources-display-component---newResourceUnit--control-anchor\"]"}
COMMAND: POST /session/d65bb1f3e2f9080c12776954838ef114/element/f.AD1387FB3635F7347677CF9BEECFB356.d.31F57455007ED1AB6E54C7CCD3CC82D9.e.3228/click - {}
RESULT: {}
COMMAND: POST /session/d65bb1f3e2f9080c12776954838ef114/execute/async - {"script":"<script> [1562 bytes]","args":[{"selector":{"id":"application-manageresources-display-component---newResourceUnit--PLANNING_GROUP","interaction":{"idSuffix":"inner"}},"wdio_ui5_key":"applicationmanageresources-display-component---newResourceUnit--PLANNING_GROUP"}]}
COMMAND: GET /session/d65bb1f3e2f9080c12776954838ef114/screenshot - {}
RESULT: {"script":"<script> [1562 bytes]","args":[{"selector":{"id":"application-manageresources-display-component---newResourceUnit--PLANNING_GROUP","interaction":{"idSuffix":"inner"}},"wdio_ui5_key":"applicationmanageresources-display-component---newResourceUnit--PLANNING_GROUP"}]}
RESULT: undefined
COMMAND: POST /session/d65bb1f3e2f9080c12776954838ef114/execute/async - {"script":"<script> [776 bytes]","args":[{"enterText":"Heavy Equi","selector":{"id":"application-manageresources-display-component---newResourceUnit--PLANNING_GROUP","interaction":{"idSuffix":"inner"}},"clearTextFirst":true,"interactionType":"ENTER_TEXT"}]}
RESULT: {}
RESULT: {"script":"<script> [776 bytes]","args":[{"enterText":"Heavy Equi","selector":{"id":"application-manageresources-display-component---newResourceUnit--PLANNING_GROUP","interaction":{"idSuffix":"inner"}},"clearTextFirst":true,"interactionType":"ENTER_TEXT"}]}
COMMAND: POST /session/d65bb1f3e2f9080c12776954838ef114/execute/async - {"script":"<script> [1562 bytes]","args":[{"selector":{"id":"application-manageresources-display-component---newResourceUnit--ITEM_TYPE-arrow"},"wdio_ui5_key":"applicationmanageresources-display-component---newResourceUnit--ITEM_TYPE-arrow"}]}
RESULT: {"script":"<script> [1562 bytes]","args":[{"selector":{"id":"application-manageresources-display-component---newResourceUnit--ITEM_TYPE-arrow"},"wdio_ui5_key":"applicationmanageresources-display-component---newResourceUnit--ITEM_TYPE-arrow"}]}
RESULT: undefined
COMMAND: POST /session/d65bb1f3e2f9080c12776954838ef114/element - {"using":"xpath","value":"//*[@id=\"application-manageresources-display-component---newResourceUnit--ITEM_TYPE-arrow\"]"}
RESULT: {"using":"xpath","value":"//*[@id=\"application-manageresources-display-component---newResourceUnit--ITEM_TYPE-arrow\"]"}
COMMAND: POST /session/d65bb1f3e2f9080c12776954838ef114/element/f.AD1387FB3635F7347677CF9BEECFB356.d.31F57455007ED1AB6E54C7CCD3CC82D9.e.3235/click - {}
RESULT: {}
COMMAND: POST /session/d65bb1f3e2f9080c12776954838ef114/element - {"using":"xpath","value":"(//span[contains(text(), \"Resource Unit\")])[2]"}
COMMAND: GET /session/d65bb1f3e2f9080c12776954838ef114/screenshot - {}
RESULT: {"using":"xpath","value":"(//span[contains(text(), \"Resource Unit\")])[2]"}
COMMAND: POST /session/d65bb1f3e2f9080c12776954838ef114/element/f.AD1387FB3635F7347677CF9BEECFB356.d.31F57455007ED1AB6E54C7CCD3CC82D9.e.3236/click - {}
RESULT: {}
RESULT: {}
COMMAND: GET /session/d65bb1f3e2f9080c12776954838ef114/screenshot - {}
RESULT: {}
COMMAND: POST /session/d65bb1f3e2f9080c12776954838ef114/element - {"using":"css selector","value":"#application-manageresources-display-component---newResourceUnit--btnAddTimeSegment"}
RESULT: {"using":"css selector","value":"#application-manageresources-display-component---newResourceUnit--btnAddTimeSegment"}
COMMAND: GET /session/d65bb1f3e2f9080c12776954838ef114/element/f.AD1387FB3635F7347677CF9BEECFB356.d.31F57455007ED1AB6E54C7CCD3CC82D9.e.3237/rect - {}
RESULT: {}
COMMAND: GET /session/d65bb1f3e2f9080c12776954838ef114/window/rect - {}
RESULT: {}
COMMAND: POST /session/d65bb1f3e2f9080c12776954838ef114/execute/sync - {"script":"<script> [92 bytes]","args":[]}
RESULT: {"script":"<script> [92 bytes]","args":[]}
COMMAND: POST /session/d65bb1f3e2f9080c12776954838ef114/actions - {"actions":[{"id":"action9","type":"wheel","parameters":{},"actions":[{"type":"scroll","x":-1888,"y":-32,"deltaX":0,"deltaY":0,"duration":0,"origin":{"element-6066-11e4-a52e-4f735466cecf":"f.AD1387FB3635F7347677CF9BEECFB356.d.31F57455007ED1AB6E54C7CCD3CC82D9.e.3237"}}]}]}
COMMAND: GET /session/d65bb1f3e2f9080c12776954838ef114/screenshot - {}
RESULT: {}
COMMAND: POST /session/d65bb1f3e2f9080c12776954838ef114/execute/sync - {"script":"<script> [79 bytes]","args":[{"element-6066-11e4-a52e-4f735466cecf":"f.AD1387FB3635F7347677CF9BEECFB356.d.31F57455007ED1AB6E54C7CCD3CC82D9.e.3237","ELEMENT":"f.AD1387FB3635F7347677CF9BEECFB356.d.31F57455007ED1AB6E54C7CCD3CC82D9.e.3237"},{"block":"start","inline":"nearest"}]}
RESULT: {"script":"<script> [79 bytes]","args":[{"element-6066-11e4-a52e-4f735466cecf":"f.AD1387FB3635F7347677CF9BEECFB356.d.31F57455007ED1AB6E54C7CCD3CC82D9.e.3237","ELEMENT":"f.AD1387FB3635F7347677CF9BEECFB356.d.31F57455007ED1AB6E54C7CCD3CC82D9.e.3237"},{"block":"start","inline":"nearest"}]}
COMMAND: POST /session/d65bb1f3e2f9080c12776954838ef114/execute/async - {"script":"<script> [1562 bytes]","args":[{"selector":{"id":"application-manageresources-display-component---newResourceUnit--btnAddTimeSegment","interaction":{"idSuffix":"inner"}},"wdio_ui5_key":"applicationmanageresources-display-component---newResourceUnit--btnAddTimeSegment"}]}
COMMAND: GET /session/d65bb1f3e2f9080c12776954838ef114/screenshot - {}
RESULT: {"script":"<script> [1562 bytes]","args":[{"selector":{"id":"application-manageresources-display-component---newResourceUnit--btnAddTimeSegment","interaction":{"idSuffix":"inner"}},"wdio_ui5_key":"applicationmanageresources-display-component---newResourceUnit--btnAddTimeSegment"}]}
RESULT: undefined
COMMAND: POST /session/d65bb1f3e2f9080c12776954838ef114/element - {"using":"xpath","value":"//*[@id=\"application-manageresources-display-component---newResourceUnit--btnAddTimeSegment\"]"}
RESULT: {}
RESULT: {"using":"xpath","value":"//*[@id=\"application-manageresources-display-component---newResourceUnit--btnAddTimeSegment\"]"}
COMMAND: POST /session/d65bb1f3e2f9080c12776954838ef114/element/f.AD1387FB3635F7347677CF9BEECFB356.d.31F57455007ED1AB6E54C7CCD3CC82D9.e.3237/click - {}
RESULT: {}
COMMAND: GET /session/d65bb1f3e2f9080c12776954838ef114/screenshot - {}
RESULT: {}
COMMAND: POST /session/d65bb1f3e2f9080c12776954838ef114/element - {"using":"xpath","value":"//input[@id=\"application-manageresources-display-component---newResourceUnit--idRuTSAdmin-application-manageresources-display-component---newResourceUnit--RUTimeSegment-0-inner\"]"}
RESULT: {"using":"xpath","value":"//input[@id=\"application-manageresources-display-component---newResourceUnit--idRuTSAdmin-application-manageresources-display-component---newResourceUnit--RUTimeSegment-0-inner\"]"}
COMMAND: POST /session/d65bb1f3e2f9080c12776954838ef114/element/f.AD1387FB3635F7347677CF9BEECFB356.d.31F57455007ED1AB6E54C7CCD3CC82D9.e.3243/clear - {}
RESULT: {}
COMMAND: POST /session/d65bb1f3e2f9080c12776954838ef114/element/f.AD1387FB3635F7347677CF9BEECFB356.d.31F57455007ED1AB6E54C7CCD3CC82D9.e.3243/value - {"text":"529"}
COMMAND: GET /session/d65bb1f3e2f9080c12776954838ef114/screenshot - {}
RESULT: {"text":"529"}
COMMAND: GET /session/d65bb1f3e2f9080c12776954838ef114/screenshot - {}
RESULT: {}
RESULT: {}
COMMAND: POST /session/d65bb1f3e2f9080c12776954838ef114/element - {"using":"xpath","value":"//li[.//span[text()='529']]"}
RESULT: {"using":"xpath","value":"//li[.//span[text()='529']]"}
COMMAND: POST /session/d65bb1f3e2f9080c12776954838ef114/element/f.AD1387FB3635F7347677CF9BEECFB356.d.31F57455007ED1AB6E54C7CCD3CC82D9.e.3255/click - {}
RESULT: {}
COMMAND: GET /session/d65bb1f3e2f9080c12776954838ef114/screenshot - {}
RESULT: {}
COMMAND: POST /session/d65bb1f3e2f9080c12776954838ef114/element - {"using":"xpath","value":"(//span[contains(@id, \"-application-manageresources-display-component---newResourceUnit--RUTimeSegment-0-arrow\")])[6]"}
RESULT: {"using":"xpath","value":"(//span[contains(@id, \"-application-manageresources-display-component---newResourceUnit--RUTimeSegment-0-arrow\")])[6]"}
COMMAND: POST /session/d65bb1f3e2f9080c12776954838ef114/element/f.AD1387FB3635F7347677CF9BEECFB356.d.31F57455007ED1AB6E54C7CCD3CC82D9.e.3256/click - {}
RESULT: {}
COMMAND: GET /session/d65bb1f3e2f9080c12776954838ef114/screenshot - {}
RESULT: {}
COMMAND: POST /session/d65bb1f3e2f9080c12776954838ef114/element - {"using":"xpath","value":"//span[contains(text(), \"PM Order\")]"}
RESULT: {"using":"xpath","value":"//span[contains(text(), \"PM Order\")]"}
COMMAND: POST /session/d65bb1f3e2f9080c12776954838ef114/element/f.AD1387FB3635F7347677CF9BEECFB356.d.31F57455007ED1AB6E54C7CCD3CC82D9.e.3259/click - {}
RESULT: {}
COMMAND: GET /session/d65bb1f3e2f9080c12776954838ef114/screenshot - {}
RESULT: {}
COMMAND: POST /session/d65bb1f3e2f9080c12776954838ef114/element - {"using":"xpath","value":"(//span[contains(@id ,\"manageresources-display-component---newResourceUnit--RUTimeSegment-0-vhi\")])[1]"}
RESULT: {"using":"xpath","value":"(//span[contains(@id ,\"manageresources-display-component---newResourceUnit--RUTimeSegment-0-vhi\")])[1]"}
COMMAND: GET /session/d65bb1f3e2f9080c12776954838ef114/element/f.AD1387FB3635F7347677CF9BEECFB356.d.31F57455007ED1AB6E54C7CCD3CC82D9.e.3263/rect - {}
RESULT: {}
COMMAND: GET /session/d65bb1f3e2f9080c12776954838ef114/window/rect - {}
RESULT: {}
COMMAND: POST /session/d65bb1f3e2f9080c12776954838ef114/execute/sync - {"script":"<script> [92 bytes]","args":[]}
RESULT: {"script":"<script> [92 bytes]","args":[]}
COMMAND: POST /session/d65bb1f3e2f9080c12776954838ef114/actions - {"actions":[{"id":"action10","type":"wheel","parameters":{},"actions":[{"type":"scroll","x":-869,"y":-24,"deltaX":0,"deltaY":0,"duration":0,"origin":{"element-6066-11e4-a52e-4f735466cecf":"f.AD1387FB3635F7347677CF9BEECFB356.d.31F57455007ED1AB6E54C7CCD3CC82D9.e.3263"}}]}]}
COMMAND: GET /session/d65bb1f3e2f9080c12776954838ef114/screenshot - {}
RESULT: {"actions":[{"id":"action10","type":"wheel","parameters":{},"actions":[{"type":"scroll","x":-869,"y":-24,"deltaX":0,"deltaY":0,"duration":0,"origin":{"element-6066-11e4-a52e-4f735466cecf":"f.AD1387FB3635F7347677CF9BEECFB356.d.31F57455007ED1AB6E54C7CCD3CC82D9.e.3263"}}]}]}
COMMAND: DELETE /session/d65bb1f3e2f9080c12776954838ef114/actions - {}
COMMAND: GET /session/d65bb1f3e2f9080c12776954838ef114/screenshot - {}
RESULT: {}
RESULT: {}
COMMAND: GET /session/d65bb1f3e2f9080c12776954838ef114/screenshot - {}
RESULT: {}
RESULT: {}
COMMAND: POST /session/d65bb1f3e2f9080c12776954838ef114/element/f.AD1387FB3635F7347677CF9BEECFB356.d.31F57455007ED1AB6E54C7CCD3CC82D9.e.3263/click - {}
RESULT: {}
COMMAND: GET /session/d65bb1f3e2f9080c12776954838ef114/screenshot - {}
RESULT: {}
RESULT: undefined
COMMAND: POST /session/d65bb1f3e2f9080c12776954838ef114/execute/async - {"script":"<script> [776 bytes]","args":[{"enterText":"4000360","selector":{"controlType":"sap.m.SearchField","properties":{"placeholder":"Search"},"searchOpenDialogs":true,"interaction":{"idSuffix":"I"}},"clearTextFirst":true,"interactionType":"ENTER_TEXT"}]}
RESULT: {"script":"<script> [776 bytes]","args":[{"enterText":"4000360","selector":{"controlType":"sap.m.SearchField","properties":{"placeholder":"Search"},"searchOpenDialogs":true,"interaction":{"idSuffix":"I"}},"clearTextFirst":true,"interactionType":"ENTER_TEXT"}]}
COMMAND: POST /session/d65bb1f3e2f9080c12776954838ef114/actions - {"actions":[{"id":"action11","type":"key","parameters":{},"actions":[{"type":"keyDown","value":"î€‡"},{"type":"pause","duration":10},{"type":"keyUp","value":"î€‡"}]}]}
RESULT: {"actions":[{"id":"action11","type":"key","parameters":{},"actions":[{"type":"keyDown","value":"î€‡"},{"type":"pause","duration":10},{"type":"keyUp","value":"î€‡"}]}]}
COMMAND: GET /session/d65bb1f3e2f9080c12776954838ef114/screenshot - {}
RESULT: {}
COMMAND: POST /session/d65bb1f3e2f9080c12776954838ef114/element - {"using":"xpath","value":"//td/div/span[contains(text(), \"BGL Vehicles\")]"}
RESULT: {"using":"xpath","value":"//td/div/span[contains(text(), \"BGL Vehicles\")]"}
COMMAND: POST /session/d65bb1f3e2f9080c12776954838ef114/element/f.AD1387FB3635F7347677CF9BEECFB356.d.31F57455007ED1AB6E54C7CCD3CC82D9.e.3284/click - {}
RESULT: {}
COMMAND: GET /session/d65bb1f3e2f9080c12776954838ef114/screenshot - {}
RESULT: {}
COMMAND: POST /session/d65bb1f3e2f9080c12776954838ef114/element - {"using":"xpath","value":"//bdi[contains(text(), \"OK\")]"}
RESULT: {"using":"xpath","value":"//bdi[contains(text(), \"OK\")]"}
COMMAND: POST /session/d65bb1f3e2f9080c12776954838ef114/element/f.AD1387FB3635F7347677CF9BEECFB356.d.31F57455007ED1AB6E54C7CCD3CC82D9.e.3285/click - {}
RESULT: {}
COMMAND: GET /session/d65bb1f3e2f9080c12776954838ef114/screenshot - {}
RESULT: {}
COMMAND: POST /session/d65bb1f3e2f9080c12776954838ef114/execute/async - {"script":"<script> [1562 bytes]","args":[{"selector":{"id":"application-manageresources-display-component---newResourceUnit--newRRUPage-anchBar-application-manageresources-display-component---newResourceUnit--resource-anchor","interaction":{"idSuffix":"BDI-content"}},"wdio_ui5_key":"applicationmanageresources-display-component---newResourceUnit--newRRUPage-anchBar-application-manageresources-display-component---newResourceUnit--resource-anchor"}]}
RESULT: {"script":"<script> [1562 bytes]","args":[{"selector":{"id":"application-manageresources-display-component---newResourceUnit--newRRUPage-anchBar-application-manageresources-display-component---newResourceUnit--resource-anchor","interaction":{"idSuffix":"BDI-content"}},"wdio_ui5_key":"applicationmanageresources-display-component---newResourceUnit--newRRUPage-anchBar-application-manageresources-display-component---newResourceUnit--resource-anchor"}]}
RESULT: undefined
COMMAND: POST /session/d65bb1f3e2f9080c12776954838ef114/element - {"using":"xpath","value":"//*[@id=\"application-manageresources-display-component---newResourceUnit--newRRUPage-anchBar-application-manageresources-display-component---newResourceUnit--resource-anchor\"]"}
RESULT: {"using":"xpath","value":"//*[@id=\"application-manageresources-display-component---newResourceUnit--newRRUPage-anchBar-application-manageresources-display-component---newResourceUnit--resource-anchor\"]"}
COMMAND: POST /session/d65bb1f3e2f9080c12776954838ef114/element/f.AD1387FB3635F7347677CF9BEECFB356.d.31F57455007ED1AB6E54C7CCD3CC82D9.e.3289/click - {}
RESULT: {}
COMMAND: POST /session/d65bb1f3e2f9080c12776954838ef114/execute/async - {"script":"<script> [1562 bytes]","args":[{"selector":{"id":"application-manageresources-display-component---newResourceUnit--PLANNED_DELIVERY_DATE","interaction":{"idSuffix":"inner"}},"wdio_ui5_key":"applicationmanageresources-display-component---newResourceUnit--PLANNED_DELIVERY_DATE"}]}
COMMAND: GET /session/d65bb1f3e2f9080c12776954838ef114/screenshot - {}
RESULT: {"script":"<script> [1562 bytes]","args":[{"selector":{"id":"application-manageresources-display-component---newResourceUnit--PLANNED_DELIVERY_DATE","interaction":{"idSuffix":"inner"}},"wdio_ui5_key":"applicationmanageresources-display-component---newResourceUnit--PLANNED_DELIVERY_DATE"}]}
RESULT: undefined
COMMAND: POST /session/d65bb1f3e2f9080c12776954838ef114/execute/async - {"script":"<script> [6424 bytes]","args":[{"element-6066-11e4-a52e-4f735466cecf":"f.AD1387FB3635F7347677CF9BEECFB356.d.31F57455007ED1AB6E54C7CCD3CC82D9.e.3151"},"setValue",["5/3/25"]]}
RESULT: {}
RESULT: {"script":"<script> [6424 bytes]","args":[{"element-6066-11e4-a52e-4f735466cecf":"f.AD1387FB3635F7347677CF9BEECFB356.d.31F57455007ED1AB6E54C7CCD3CC82D9.e.3151"},"setValue",["5/3/25"]]}
COMMAND: POST /session/d65bb1f3e2f9080c12776954838ef114/element - {"using":"xpath","value":"//button[@data-kt=\"resourceUnitSaveButton\"]"}
RESULT: {"using":"xpath","value":"//button[@data-kt=\"resourceUnitSaveButton\"]"}
COMMAND: POST /session/d65bb1f3e2f9080c12776954838ef114/element/f.AD1387FB3635F7347677CF9BEECFB356.d.31F57455007ED1AB6E54C7CCD3CC82D9.e.3112/click - {}
RESULT: {}
COMMAND: GET /session/d65bb1f3e2f9080c12776954838ef114/screenshot - {}
RESULT: {}
COMMAND: POST /session/d65bb1f3e2f9080c12776954838ef114/element - {"using":"xpath","value":"//bdi[contains(text(), \"Close\")]"}
RESULT: {"using":"xpath","value":"//bdi[contains(text(), \"Close\")]"}
COMMAND: POST /session/d65bb1f3e2f9080c12776954838ef114/element/f.AD1387FB3635F7347677CF9BEECFB356.d.31F57455007ED1AB6E54C7CCD3CC82D9.e.3297/click - {}
RESULT: {}
COMMAND: GET /session/d65bb1f3e2f9080c12776954838ef114/screenshot - {}
RESULT: {}
COMMAND: POST /session/d65bb1f3e2f9080c12776954838ef114/element - {"using":"xpath","value":"(//button[contains(@id ,\"actionsToolbar-overflowButton\")])[1]"}
RESULT: {"using":"xpath","value":"(//button[contains(@id ,\"actionsToolbar-overflowButton\")])[1]"}
COMMAND: POST /session/d65bb1f3e2f9080c12776954838ef114/element/f.AD1387FB3635F7347677CF9BEECFB356.d.31F57455007ED1AB6E54C7CCD3CC82D9.e.3328/click - {}
RESULT: {}
COMMAND: GET /session/d65bb1f3e2f9080c12776954838ef114/screenshot - {}
RESULT: {}
COMMAND: POST /session/d65bb1f3e2f9080c12776954838ef114/element - {"using":"xpath","value":"//button[@data-kt=\"priceInfoButton\"]"}
RESULT: {"using":"xpath","value":"//button[@data-kt=\"priceInfoButton\"]"}
COMMAND: POST /session/d65bb1f3e2f9080c12776954838ef114/element/f.AD1387FB3635F7347677CF9BEECFB356.d.31F57455007ED1AB6E54C7CCD3CC82D9.e.3330/click - {}
RESULT: {}
COMMAND: GET /session/d65bb1f3e2f9080c12776954838ef114/screenshot - {}
RESULT: {}
]]></system-out>
    </testcase>
    <testcase classname="chrome.135_0_7049_96.windows.Billing_Transfer_-_Master_data_&amp;_Intercompany_US127250" name="Should create new pricing rule TB on the equipment TB" time="55.493">
      <system-out><![CDATA[
COMMAND: POST /session/d65bb1f3e2f9080c12776954838ef114/element - {"using":"xpath","value":"//button[@data-kt=\"addButton\"]"}
RESULT: {"using":"xpath","value":"//button[@data-kt=\"addButton\"]"}
COMMAND: POST /session/d65bb1f3e2f9080c12776954838ef114/elements - {"using":"xpath","value":"//button[@data-kt=\"addButton\"]"}
RESULT: {"using":"xpath","value":"//button[@data-kt=\"addButton\"]"}
COMMAND: POST /session/d65bb1f3e2f9080c12776954838ef114/execute/sync - {"script":"<script> [8489 bytes]","args":[{"element-6066-11e4-a52e-4f735466cecf":"f.AD1387FB3635F7347677CF9BEECFB356.d.31F57455007ED1AB6E54C7CCD3CC82D9.e.3366","ELEMENT":"f.AD1387FB3635F7347677CF9BEECFB356.d.31F57455007ED1AB6E54C7CCD3CC82D9.e.3366"}]}
RESULT: {"script":"<script> [8489 bytes]","args":[{"element-6066-11e4-a52e-4f735466cecf":"f.AD1387FB3635F7347677CF9BEECFB356.d.31F57455007ED1AB6E54C7CCD3CC82D9.e.3366","ELEMENT":"f.AD1387FB3635F7347677CF9BEECFB356.d.31F57455007ED1AB6E54C7CCD3CC82D9.e.3366"}]}
COMMAND: GET /session/d65bb1f3e2f9080c12776954838ef114/element/f.AD1387FB3635F7347677CF9BEECFB356.d.31F57455007ED1AB6E54C7CCD3CC82D9.e.3366/enabled - {}
COMMAND: GET /session/d65bb1f3e2f9080c12776954838ef114/screenshot - {}
RESULT: {}
COMMAND: POST /session/d65bb1f3e2f9080c12776954838ef114/execute/sync - {"script":"<script> [8489 bytes]","args":[{"element-6066-11e4-a52e-4f735466cecf":"f.AD1387FB3635F7347677CF9BEECFB356.d.31F57455007ED1AB6E54C7CCD3CC82D9.e.3366","ELEMENT":"f.AD1387FB3635F7347677CF9BEECFB356.d.31F57455007ED1AB6E54C7CCD3CC82D9.e.3366"}]}
COMMAND: GET /session/d65bb1f3e2f9080c12776954838ef114/screenshot - {}
RESULT: {}
RESULT: {"script":"<script> [8489 bytes]","args":[{"element-6066-11e4-a52e-4f735466cecf":"f.AD1387FB3635F7347677CF9BEECFB356.d.31F57455007ED1AB6E54C7CCD3CC82D9.e.3366","ELEMENT":"f.AD1387FB3635F7347677CF9BEECFB356.d.31F57455007ED1AB6E54C7CCD3CC82D9.e.3366"}]}
COMMAND: POST /session/d65bb1f3e2f9080c12776954838ef114/execute/sync - {"script":"<script> [5351 bytes]","args":[{"element-6066-11e4-a52e-4f735466cecf":"f.AD1387FB3635F7347677CF9BEECFB356.d.31F57455007ED1AB6E54C7CCD3CC82D9.e.3366","ELEMENT":"f.AD1387FB3635F7347677CF9BEECFB356.d.31F57455007ED1AB6E54C7CCD3CC82D9.e.3366"}]}
COMMAND: GET /session/d65bb1f3e2f9080c12776954838ef114/screenshot - {}
RESULT: {}
RESULT: {"script":"<script> [5351 bytes]","args":[{"element-6066-11e4-a52e-4f735466cecf":"f.AD1387FB3635F7347677CF9BEECFB356.d.31F57455007ED1AB6E54C7CCD3CC82D9.e.3366","ELEMENT":"f.AD1387FB3635F7347677CF9BEECFB356.d.31F57455007ED1AB6E54C7CCD3CC82D9.e.3366"}]}
COMMAND: POST /session/d65bb1f3e2f9080c12776954838ef114/element/f.AD1387FB3635F7347677CF9BEECFB356.d.31F57455007ED1AB6E54C7CCD3CC82D9.e.3366/click - {}
COMMAND: GET /session/d65bb1f3e2f9080c12776954838ef114/screenshot - {}
RESULT: {}
RESULT: {}
COMMAND: GET /session/d65bb1f3e2f9080c12776954838ef114/screenshot - {}
RESULT: {}
RESULT: {}
COMMAND: POST /session/d65bb1f3e2f9080c12776954838ef114/execute/async - {"script":"<script> [1562 bytes]","args":[{"selector":{"controlType":"sap.m.Title","viewName":"etm.portal.ui.managepricingrules.view.NewItem","viewId":"application-managepricingrules-display-component---newInfoPriceItem","properties":{"text":"New Pricing Rules - Item Level"}},"wdio_ui5_key":"etmportal.ui.managepricingrules.view.NewItemsap.m.Title{\"text\":\"New Pricing Rules - Item Level\"}"}]}
RESULT: {"script":"<script> [1562 bytes]","args":[{"selector":{"controlType":"sap.m.Title","viewName":"etm.portal.ui.managepricingrules.view.NewItem","viewId":"application-managepricingrules-display-component---newInfoPriceItem","properties":{"text":"New Pricing Rules - Item Level"}},"wdio_ui5_key":"etmportal.ui.managepricingrules.view.NewItemsap.m.Title{\"text\":\"New Pricing Rules - Item Level\"}"}]}
RESULT: undefined
COMMAND: POST /session/d65bb1f3e2f9080c12776954838ef114/execute/async - {"script":"<script> [6424 bytes]","args":[{"element-6066-11e4-a52e-4f735466cecf":"f.AD1387FB3635F7347677CF9BEECFB356.d.31F57455007ED1AB6E54C7CCD3CC82D9.e.3538"},"getText",[]]}
RESULT: {"script":"<script> [6424 bytes]","args":[{"element-6066-11e4-a52e-4f735466cecf":"f.AD1387FB3635F7347677CF9BEECFB356.d.31F57455007ED1AB6E54C7CCD3CC82D9.e.3538"},"getText",[]]}
COMMAND: POST /session/d65bb1f3e2f9080c12776954838ef114/execute/async - {"script":"<script> [1562 bytes]","args":[{"selector":{"id":"application-managepricingrules-display-component---newInfoPriceItem--condValidTo","interaction":{"idSuffix":"inner"}},"wdio_ui5_key":"applicationmanagepricingrules-display-component---newInfoPriceItem--condValidTo"}]}
RESULT: {"script":"<script> [1562 bytes]","args":[{"selector":{"id":"application-managepricingrules-display-component---newInfoPriceItem--condValidTo","interaction":{"idSuffix":"inner"}},"wdio_ui5_key":"applicationmanagepricingrules-display-component---newInfoPriceItem--condValidTo"}]}
RESULT: undefined
COMMAND: POST /session/d65bb1f3e2f9080c12776954838ef114/execute/async - {"script":"<script> [776 bytes]","args":[{"enterText":"01/03/26","selector":{"id":"application-managepricingrules-display-component---newInfoPriceItem--condValidTo","interaction":{"idSuffix":"inner"}},"clearTextFirst":true,"interactionType":"ENTER_TEXT"}]}
RESULT: {"script":"<script> [776 bytes]","args":[{"enterText":"01/03/26","selector":{"id":"application-managepricingrules-display-component---newInfoPriceItem--condValidTo","interaction":{"idSuffix":"inner"}},"clearTextFirst":true,"interactionType":"ENTER_TEXT"}]}
COMMAND: POST /session/d65bb1f3e2f9080c12776954838ef114/execute/async - {"script":"<script> [1562 bytes]","args":[{"selector":{"id":"application-managepricingrules-display-component---newInfoPriceItem--billType-arrow"},"wdio_ui5_key":"applicationmanagepricingrules-display-component---newInfoPriceItem--billType-arrow"}]}
RESULT: {"script":"<script> [1562 bytes]","args":[{"selector":{"id":"application-managepricingrules-display-component---newInfoPriceItem--billType-arrow"},"wdio_ui5_key":"applicationmanagepricingrules-display-component---newInfoPriceItem--billType-arrow"}]}
RESULT: undefined
COMMAND: POST /session/d65bb1f3e2f9080c12776954838ef114/element - {"using":"xpath","value":"//*[@id=\"application-managepricingrules-display-component---newInfoPriceItem--billType-arrow\"]"}
RESULT: {"using":"xpath","value":"//*[@id=\"application-managepricingrules-display-component---newInfoPriceItem--billType-arrow\"]"}
COMMAND: POST /session/d65bb1f3e2f9080c12776954838ef114/element/f.AD1387FB3635F7347677CF9BEECFB356.d.31F57455007ED1AB6E54C7CCD3CC82D9.e.3498/click - {}
RESULT: {}
COMMAND: POST /session/d65bb1f3e2f9080c12776954838ef114/element - {"using":"xpath","value":"//span[contains(text(), \"TB - Time based\")]"}
COMMAND: GET /session/d65bb1f3e2f9080c12776954838ef114/screenshot - {}
RESULT: {"using":"xpath","value":"//span[contains(text(), \"TB - Time based\")]"}
COMMAND: POST /session/d65bb1f3e2f9080c12776954838ef114/element/f.AD1387FB3635F7347677CF9BEECFB356.d.31F57455007ED1AB6E54C7CCD3CC82D9.e.3540/click - {}
RESULT: {}
RESULT: {}
COMMAND: POST /session/d65bb1f3e2f9080c12776954838ef114/execute/async - {"script":"<script> [1562 bytes]","args":[{"selector":{"id":"application-managepricingrules-display-component---newInfoPriceItem--priceProc-arrow"},"wdio_ui5_key":"applicationmanagepricingrules-display-component---newInfoPriceItem--priceProc-arrow"}]}
COMMAND: GET /session/d65bb1f3e2f9080c12776954838ef114/screenshot - {}
RESULT: {"script":"<script> [1562 bytes]","args":[{"selector":{"id":"application-managepricingrules-display-component---newInfoPriceItem--priceProc-arrow"},"wdio_ui5_key":"applicationmanagepricingrules-display-component---newInfoPriceItem--priceProc-arrow"}]}
RESULT: undefined
COMMAND: POST /session/d65bb1f3e2f9080c12776954838ef114/element - {"using":"xpath","value":"//*[@id=\"application-managepricingrules-display-component---newInfoPriceItem--priceProc-arrow\"]"}
RESULT: {}
RESULT: {"using":"xpath","value":"//*[@id=\"application-managepricingrules-display-component---newInfoPriceItem--priceProc-arrow\"]"}
COMMAND: POST /session/d65bb1f3e2f9080c12776954838ef114/element/f.AD1387FB3635F7347677CF9BEECFB356.d.31F57455007ED1AB6E54C7CCD3CC82D9.e.3505/click - {}
RESULT: {}
COMMAND: POST /session/d65bb1f3e2f9080c12776954838ef114/element - {"using":"xpath","value":"//span[contains(text(), \"TBS - Time based standard\")]"}
COMMAND: GET /session/d65bb1f3e2f9080c12776954838ef114/screenshot - {}
RESULT: {"using":"xpath","value":"//span[contains(text(), \"TBS - Time based standard\")]"}
COMMAND: POST /session/d65bb1f3e2f9080c12776954838ef114/element/f.AD1387FB3635F7347677CF9BEECFB356.d.31F57455007ED1AB6E54C7CCD3CC82D9.e.3541/click - {}
RESULT: {}
RESULT: {}
COMMAND: POST /session/d65bb1f3e2f9080c12776954838ef114/execute/async - {"script":"<script> [1562 bytes]","args":[{"selector":{"id":"application-managepricingrules-display-component---newInfoPriceItem--calcBase-arrow"},"wdio_ui5_key":"applicationmanagepricingrules-display-component---newInfoPriceItem--calcBase-arrow"}]}
COMMAND: GET /session/d65bb1f3e2f9080c12776954838ef114/screenshot - {}
RESULT: {"script":"<script> [1562 bytes]","args":[{"selector":{"id":"application-managepricingrules-display-component---newInfoPriceItem--calcBase-arrow"},"wdio_ui5_key":"applicationmanagepricingrules-display-component---newInfoPriceItem--calcBase-arrow"}]}
RESULT: undefined
COMMAND: POST /session/d65bb1f3e2f9080c12776954838ef114/element - {"using":"xpath","value":"//*[@id=\"application-managepricingrules-display-component---newInfoPriceItem--calcBase-arrow\"]"}
RESULT: {}
RESULT: {"using":"xpath","value":"//*[@id=\"application-managepricingrules-display-component---newInfoPriceItem--calcBase-arrow\"]"}
COMMAND: POST /session/d65bb1f3e2f9080c12776954838ef114/element/f.AD1387FB3635F7347677CF9BEECFB356.d.31F57455007ED1AB6E54C7CCD3CC82D9.e.3512/click - {}
RESULT: {}
COMMAND: GET /session/d65bb1f3e2f9080c12776954838ef114/screenshot - {}
RESULT: {}
COMMAND: POST /session/d65bb1f3e2f9080c12776954838ef114/element - {"using":"xpath","value":"//span[contains(text(), \"0006 - TB(calendar days)\")]"}
RESULT: {"using":"xpath","value":"//span[contains(text(), \"0006 - TB(calendar days)\")]"}
COMMAND: POST /session/d65bb1f3e2f9080c12776954838ef114/element/f.AD1387FB3635F7347677CF9BEECFB356.d.31F57455007ED1AB6E54C7CCD3CC82D9.e.3542/click - {}
RESULT: {}
COMMAND: GET /session/d65bb1f3e2f9080c12776954838ef114/screenshot - {}
RESULT: {}
COMMAND: POST /session/d65bb1f3e2f9080c12776954838ef114/execute/async - {"script":"<script> [1562 bytes]","args":[{"selector":{"id":"application-managepricingrules-display-component---newInfoPriceItem--daysMonth","interaction":{"idSuffix":"inner"}},"wdio_ui5_key":"applicationmanagepricingrules-display-component---newInfoPriceItem--daysMonth"}]}
RESULT: {"script":"<script> [1562 bytes]","args":[{"selector":{"id":"application-managepricingrules-display-component---newInfoPriceItem--daysMonth","interaction":{"idSuffix":"inner"}},"wdio_ui5_key":"applicationmanagepricingrules-display-component---newInfoPriceItem--daysMonth"}]}
RESULT: undefined
COMMAND: POST /session/d65bb1f3e2f9080c12776954838ef114/execute/async - {"script":"<script> [776 bytes]","args":[{"enterText":"30","selector":{"id":"application-managepricingrules-display-component---newInfoPriceItem--daysMonth","interaction":{"idSuffix":"inner"}},"clearTextFirst":true,"interactionType":"ENTER_TEXT"}]}
RESULT: {"script":"<script> [776 bytes]","args":[{"enterText":"30","selector":{"id":"application-managepricingrules-display-component---newInfoPriceItem--daysMonth","interaction":{"idSuffix":"inner"}},"clearTextFirst":true,"interactionType":"ENTER_TEXT"}]}
COMMAND: POST /session/d65bb1f3e2f9080c12776954838ef114/element - {"using":"xpath","value":"//button[@data-kt=\"saveNewRuleButton\"]"}
RESULT: {"using":"xpath","value":"//button[@data-kt=\"saveNewRuleButton\"]"}
COMMAND: POST /session/d65bb1f3e2f9080c12776954838ef114/element/f.AD1387FB3635F7347677CF9BEECFB356.d.31F57455007ED1AB6E54C7CCD3CC82D9.e.3532/click - {}
RESULT: {}
COMMAND: GET /session/d65bb1f3e2f9080c12776954838ef114/screenshot - {}
RESULT: {}
COMMAND: POST /session/d65bb1f3e2f9080c12776954838ef114/execute/async - {"script":"<script> [1562 bytes]","args":[{"selector":{"id":"application-managepricingrules-display-component---priceInfoItem--smartFilterBar-btnBasicSearch","interaction":{"idSuffix":"I"}},"wdio_ui5_key":"applicationmanagepricingrules-display-component---priceInfoItem--smartFilterBar-btnBasicSearch"}]}
RESULT: {"script":"<script> [1562 bytes]","args":[{"selector":{"id":"application-managepricingrules-display-component---priceInfoItem--smartFilterBar-btnBasicSearch","interaction":{"idSuffix":"I"}},"wdio_ui5_key":"applicationmanagepricingrules-display-component---priceInfoItem--smartFilterBar-btnBasicSearch"}]}
RESULT: undefined
COMMAND: POST /session/d65bb1f3e2f9080c12776954838ef114/execute/async - {"script":"<script> [776 bytes]","args":[{"enterText":"Gdbpdum4cg","selector":{"id":"application-managepricingrules-display-component---priceInfoItem--smartFilterBar-btnBasicSearch","interaction":{"idSuffix":"I"}},"clearTextFirst":true,"interactionType":"ENTER_TEXT"}]}
RESULT: {"script":"<script> [776 bytes]","args":[{"enterText":"Gdbpdum4cg","selector":{"id":"application-managepricingrules-display-component---priceInfoItem--smartFilterBar-btnBasicSearch","interaction":{"idSuffix":"I"}},"clearTextFirst":true,"interactionType":"ENTER_TEXT"}]}
COMMAND: POST /session/d65bb1f3e2f9080c12776954838ef114/actions - {"actions":[{"id":"action12","type":"key","parameters":{},"actions":[{"type":"keyDown","value":"î€‡"},{"type":"pause","duration":10},{"type":"keyUp","value":"î€‡"}]}]}
RESULT: {"actions":[{"id":"action12","type":"key","parameters":{},"actions":[{"type":"keyDown","value":"î€‡"},{"type":"pause","duration":10},{"type":"keyUp","value":"î€‡"}]}]}
COMMAND: GET /session/d65bb1f3e2f9080c12776954838ef114/screenshot - {}
RESULT: {}
COMMAND: POST /session/d65bb1f3e2f9080c12776954838ef114/element - {"using":"xpath","value":"//span[@id=\"application-managepricingrules-display-component---priceInfoItem--smartTable-header-inner\"]"}
RESULT: {"using":"xpath","value":"//span[@id=\"application-managepricingrules-display-component---priceInfoItem--smartTable-header-inner\"]"}
COMMAND: POST /session/d65bb1f3e2f9080c12776954838ef114/elements - {"using":"xpath","value":"//span[@id=\"application-managepricingrules-display-component---priceInfoItem--smartTable-header-inner\"]"}
RESULT: {"using":"xpath","value":"//span[@id=\"application-managepricingrules-display-component---priceInfoItem--smartTable-header-inner\"]"}
COMMAND: POST /session/d65bb1f3e2f9080c12776954838ef114/execute/sync - {"script":"<script> [56 bytes]","args":[{"element-6066-11e4-a52e-4f735466cecf":"f.AD1387FB3635F7347677CF9BEECFB356.d.31F57455007ED1AB6E54C7CCD3CC82D9.e.3567","ELEMENT":"f.AD1387FB3635F7347677CF9BEECFB356.d.31F57455007ED1AB6E54C7CCD3CC82D9.e.3567"}]}
RESULT: {"script":"<script> [56 bytes]","args":[{"element-6066-11e4-a52e-4f735466cecf":"f.AD1387FB3635F7347677CF9BEECFB356.d.31F57455007ED1AB6E54C7CCD3CC82D9.e.3567","ELEMENT":"f.AD1387FB3635F7347677CF9BEECFB356.d.31F57455007ED1AB6E54C7CCD3CC82D9.e.3567"}]}
COMMAND: POST /session/d65bb1f3e2f9080c12776954838ef114/element - {"using":"css selector","value":"#shell-header-logo"}
COMMAND: GET /session/d65bb1f3e2f9080c12776954838ef114/screenshot - {}
RESULT: {"using":"css selector","value":"#shell-header-logo"}
COMMAND: POST /session/d65bb1f3e2f9080c12776954838ef114/element/f.AD1387FB3635F7347677CF9BEECFB356.d.31F57455007ED1AB6E54C7CCD3CC82D9.e.2712/click - {}
RESULT: {}
RESULT: {}
COMMAND: GET /session/d65bb1f3e2f9080c12776954838ef114/screenshot - {}
RESULT: {}
]]></system-out>
    </testcase>
    <testcase classname="chrome.135_0_7049_96.windows.Billing_Transfer_-_Master_data_&amp;_Intercompany_US127250" name="Should create new condition for equipment TB" time="72.089">
      <system-out><![CDATA[
COMMAND: POST /session/d65bb1f3e2f9080c12776954838ef114/execute/async - {"script":"<script> [1562 bytes]","args":[{"selector":{"controlType":"sap.m.Text","properties":{"text":"Manage Conditions & Prices"},"interaction":{"idSuffix":"inner"}},"wdio_ui5_key":"sapm.Text{\"text\":\"Manage Conditions & Prices\"}"}]}
RESULT: {"script":"<script> [1562 bytes]","args":[{"selector":{"controlType":"sap.m.Text","properties":{"text":"Manage Conditions & Prices"},"interaction":{"idSuffix":"inner"}},"wdio_ui5_key":"sapm.Text{\"text\":\"Manage Conditions & Prices\"}"}]}
RESULT: undefined
COMMAND: POST /session/d65bb1f3e2f9080c12776954838ef114/element - {"using":"xpath","value":"//*[@id=\"__tile53-title\"]"}
RESULT: {"using":"xpath","value":"//*[@id=\"__tile53-title\"]"}
COMMAND: POST /session/d65bb1f3e2f9080c12776954838ef114/element/f.AD1387FB3635F7347677CF9BEECFB356.d.31F57455007ED1AB6E54C7CCD3CC82D9.e.3570/click - {}
RESULT: {}
COMMAND: POST /session/d65bb1f3e2f9080c12776954838ef114/element - {"using":"xpath","value":"//button[@aria-label=\"Create\"]"}
COMMAND: GET /session/d65bb1f3e2f9080c12776954838ef114/screenshot - {}
RESULT: {"using":"xpath","value":"//button[@aria-label=\"Create\"]"}
COMMAND: POST /session/d65bb1f3e2f9080c12776954838ef114/elements - {"using":"xpath","value":"//button[@aria-label=\"Create\"]"}
RESULT: {}
RESULT: {"using":"xpath","value":"//button[@aria-label=\"Create\"]"}
COMMAND: POST /session/d65bb1f3e2f9080c12776954838ef114/elements - {"using":"xpath","value":"//button[@aria-label=\"Create\"]"}
RESULT: {"using":"xpath","value":"//button[@aria-label=\"Create\"]"}
COMMAND: POST /session/d65bb1f3e2f9080c12776954838ef114/elements - {"using":"xpath","value":"//button[@aria-label=\"Create\"]"}
RESULT: {"using":"xpath","value":"//button[@aria-label=\"Create\"]"}
COMMAND: POST /session/d65bb1f3e2f9080c12776954838ef114/elements - {"using":"xpath","value":"//button[@aria-label=\"Create\"]"}
RESULT: {"using":"xpath","value":"//button[@aria-label=\"Create\"]"}
COMMAND: POST /session/d65bb1f3e2f9080c12776954838ef114/element - {"using":"xpath","value":"//button[@aria-label=\"Create\"]"}
RESULT: {"using":"xpath","value":"//button[@aria-label=\"Create\"]"}
COMMAND: POST /session/d65bb1f3e2f9080c12776954838ef114/execute/sync - {"script":"<script> [8489 bytes]","args":[{"element-6066-11e4-a52e-4f735466cecf":"f.AD1387FB3635F7347677CF9BEECFB356.d.31F57455007ED1AB6E54C7CCD3CC82D9.e.3609","ELEMENT":"f.AD1387FB3635F7347677CF9BEECFB356.d.31F57455007ED1AB6E54C7CCD3CC82D9.e.3609"}]}
RESULT: {"script":"<script> [8489 bytes]","args":[{"element-6066-11e4-a52e-4f735466cecf":"f.AD1387FB3635F7347677CF9BEECFB356.d.31F57455007ED1AB6E54C7CCD3CC82D9.e.3609","ELEMENT":"f.AD1387FB3635F7347677CF9BEECFB356.d.31F57455007ED1AB6E54C7CCD3CC82D9.e.3609"}]}
COMMAND: GET /session/d65bb1f3e2f9080c12776954838ef114/element/f.AD1387FB3635F7347677CF9BEECFB356.d.31F57455007ED1AB6E54C7CCD3CC82D9.e.3609/enabled - {}
COMMAND: GET /session/d65bb1f3e2f9080c12776954838ef114/screenshot - {}
RESULT: {}
COMMAND: POST /session/d65bb1f3e2f9080c12776954838ef114/execute/sync - {"script":"<script> [8489 bytes]","args":[{"element-6066-11e4-a52e-4f735466cecf":"f.AD1387FB3635F7347677CF9BEECFB356.d.31F57455007ED1AB6E54C7CCD3CC82D9.e.3609","ELEMENT":"f.AD1387FB3635F7347677CF9BEECFB356.d.31F57455007ED1AB6E54C7CCD3CC82D9.e.3609"}]}
COMMAND: GET /session/d65bb1f3e2f9080c12776954838ef114/screenshot - {}
RESULT: {}
RESULT: {"script":"<script> [8489 bytes]","args":[{"element-6066-11e4-a52e-4f735466cecf":"f.AD1387FB3635F7347677CF9BEECFB356.d.31F57455007ED1AB6E54C7CCD3CC82D9.e.3609","ELEMENT":"f.AD1387FB3635F7347677CF9BEECFB356.d.31F57455007ED1AB6E54C7CCD3CC82D9.e.3609"}]}
COMMAND: POST /session/d65bb1f3e2f9080c12776954838ef114/execute/sync - {"script":"<script> [5351 bytes]","args":[{"element-6066-11e4-a52e-4f735466cecf":"f.AD1387FB3635F7347677CF9BEECFB356.d.31F57455007ED1AB6E54C7CCD3CC82D9.e.3609","ELEMENT":"f.AD1387FB3635F7347677CF9BEECFB356.d.31F57455007ED1AB6E54C7CCD3CC82D9.e.3609"}]}
COMMAND: GET /session/d65bb1f3e2f9080c12776954838ef114/screenshot - {}
RESULT: {}
RESULT: {"script":"<script> [5351 bytes]","args":[{"element-6066-11e4-a52e-4f735466cecf":"f.AD1387FB3635F7347677CF9BEECFB356.d.31F57455007ED1AB6E54C7CCD3CC82D9.e.3609","ELEMENT":"f.AD1387FB3635F7347677CF9BEECFB356.d.31F57455007ED1AB6E54C7CCD3CC82D9.e.3609"}]}
COMMAND: POST /session/d65bb1f3e2f9080c12776954838ef114/element/f.AD1387FB3635F7347677CF9BEECFB356.d.31F57455007ED1AB6E54C7CCD3CC82D9.e.3609/click - {}
COMMAND: GET /session/d65bb1f3e2f9080c12776954838ef114/screenshot - {}
RESULT: {}
RESULT: {}
COMMAND: GET /session/d65bb1f3e2f9080c12776954838ef114/screenshot - {}
RESULT: {}
RESULT: {}
COMMAND: POST /session/d65bb1f3e2f9080c12776954838ef114/actions - {"actions":[{"id":"action13","type":"key","parameters":{},"actions":[{"type":"keyDown","value":"î€‡"},{"type":"pause","duration":10},{"type":"keyUp","value":"î€‡"}]}]}
RESULT: {"actions":[{"id":"action13","type":"key","parameters":{},"actions":[{"type":"keyDown","value":"î€‡"},{"type":"pause","duration":10},{"type":"keyUp","value":"î€‡"}]}]}
COMMAND: GET /session/d65bb1f3e2f9080c12776954838ef114/screenshot - {}
RESULT: {}
COMMAND: POST /session/d65bb1f3e2f9080c12776954838ef114/execute/async - {"script":"<script> [1562 bytes]","args":[{"selector":{"id":"application-manageconditionprice-display-component---newCondition--condBillCond-arrow"},"wdio_ui5_key":"applicationmanageconditionprice-display-component---newCondition--condBillCond-arrow"}]}
RESULT: {"script":"<script> [1562 bytes]","args":[{"selector":{"id":"application-manageconditionprice-display-component---newCondition--condBillCond-arrow"},"wdio_ui5_key":"applicationmanageconditionprice-display-component---newCondition--condBillCond-arrow"}]}
RESULT: undefined
COMMAND: POST /session/d65bb1f3e2f9080c12776954838ef114/element - {"using":"xpath","value":"//*[@id=\"application-manageconditionprice-display-component---newCondition--condBillCond-arrow\"]"}
RESULT: {"using":"xpath","value":"//*[@id=\"application-manageconditionprice-display-component---newCondition--condBillCond-arrow\"]"}
COMMAND: POST /session/d65bb1f3e2f9080c12776954838ef114/element/f.AD1387FB3635F7347677CF9BEECFB356.d.31F57455007ED1AB6E54C7CCD3CC82D9.e.3814/click - {}
RESULT: {}
COMMAND: GET /session/d65bb1f3e2f9080c12776954838ef114/screenshot - {}
RESULT: {}
COMMAND: POST /session/d65bb1f3e2f9080c12776954838ef114/element - {"using":"xpath","value":"//li[.//span[contains(text(), \"DISP - D&I special price\")]]"}
RESULT: {"using":"xpath","value":"//li[.//span[contains(text(), \"DISP - D&I special price\")]]"}
COMMAND: POST /session/d65bb1f3e2f9080c12776954838ef114/element/f.AD1387FB3635F7347677CF9BEECFB356.d.31F57455007ED1AB6E54C7CCD3CC82D9.e.3817/click - {}
RESULT: {}
COMMAND: GET /session/d65bb1f3e2f9080c12776954838ef114/screenshot - {}
RESULT: {}
COMMAND: POST /session/d65bb1f3e2f9080c12776954838ef114/execute/async - {"script":"<script> [1562 bytes]","args":[{"selector":{"id":"application-manageconditionprice-display-component---newCondition--condValidTo","interaction":{"idSuffix":"inner"}},"wdio_ui5_key":"applicationmanageconditionprice-display-component---newCondition--condValidTo"}]}
RESULT: {"script":"<script> [1562 bytes]","args":[{"selector":{"id":"application-manageconditionprice-display-component---newCondition--condValidTo","interaction":{"idSuffix":"inner"}},"wdio_ui5_key":"applicationmanageconditionprice-display-component---newCondition--condValidTo"}]}
RESULT: undefined
COMMAND: POST /session/d65bb1f3e2f9080c12776954838ef114/execute/async - {"script":"<script> [776 bytes]","args":[{"enterText":"01/03/26","selector":{"id":"application-manageconditionprice-display-component---newCondition--condValidTo","interaction":{"idSuffix":"inner"}},"clearTextFirst":true,"interactionType":"ENTER_TEXT"}]}
RESULT: {"script":"<script> [776 bytes]","args":[{"enterText":"01/03/26","selector":{"id":"application-manageconditionprice-display-component---newCondition--condValidTo","interaction":{"idSuffix":"inner"}},"clearTextFirst":true,"interactionType":"ENTER_TEXT"}]}
COMMAND: POST /session/d65bb1f3e2f9080c12776954838ef114/element - {"using":"xpath","value":"//input[@id=\"application-manageconditionprice-display-component---newCondition--condRU-inner\"]"}
RESULT: {"using":"xpath","value":"//input[@id=\"application-manageconditionprice-display-component---newCondition--condRU-inner\"]"}
COMMAND: POST /session/d65bb1f3e2f9080c12776954838ef114/element/f.AD1387FB3635F7347677CF9BEECFB356.d.31F57455007ED1AB6E54C7CCD3CC82D9.e.3682/clear - {}
RESULT: {}
COMMAND: POST /session/d65bb1f3e2f9080c12776954838ef114/element/f.AD1387FB3635F7347677CF9BEECFB356.d.31F57455007ED1AB6E54C7CCD3CC82D9.e.3682/value - {"text":"Gdbpdum4cg"}
COMMAND: GET /session/d65bb1f3e2f9080c12776954838ef114/screenshot - {}
RESULT: {"text":"Gdbpdum4cg"}
COMMAND: GET /session/d65bb1f3e2f9080c12776954838ef114/screenshot - {}
RESULT: {}
RESULT: {}
COMMAND: POST /session/d65bb1f3e2f9080c12776954838ef114/actions - {"actions":[{"id":"action14","type":"key","parameters":{},"actions":[{"type":"keyDown","value":"î€‡"},{"type":"pause","duration":10},{"type":"keyUp","value":"î€‡"}]}]}
RESULT: {"actions":[{"id":"action14","type":"key","parameters":{},"actions":[{"type":"keyDown","value":"î€‡"},{"type":"pause","duration":10},{"type":"keyUp","value":"î€‡"}]}]}
COMMAND: POST /session/d65bb1f3e2f9080c12776954838ef114/execute/async - {"script":"<script> [1562 bytes]","args":[{"selector":{"id":"application-manageconditionprice-display-component---newCondition--condBaseQty","interaction":{"idSuffix":"inner"}},"wdio_ui5_key":"applicationmanageconditionprice-display-component---newCondition--condBaseQty"}]}
COMMAND: GET /session/d65bb1f3e2f9080c12776954838ef114/screenshot - {}
RESULT: {"script":"<script> [1562 bytes]","args":[{"selector":{"id":"application-manageconditionprice-display-component---newCondition--condBaseQty","interaction":{"idSuffix":"inner"}},"wdio_ui5_key":"applicationmanageconditionprice-display-component---newCondition--condBaseQty"}]}
RESULT: undefined
COMMAND: POST /session/d65bb1f3e2f9080c12776954838ef114/execute/async - {"script":"<script> [776 bytes]","args":[{"enterText":"1","selector":{"id":"application-manageconditionprice-display-component---newCondition--condBaseQty","interaction":{"idSuffix":"inner"}},"clearTextFirst":true,"interactionType":"ENTER_TEXT"}]}
RESULT: {}
RESULT: {"script":"<script> [776 bytes]","args":[{"enterText":"1","selector":{"id":"application-manageconditionprice-display-component---newCondition--condBaseQty","interaction":{"idSuffix":"inner"}},"clearTextFirst":true,"interactionType":"ENTER_TEXT"}]}
COMMAND: POST /session/d65bb1f3e2f9080c12776954838ef114/execute/async - {"script":"<script> [1562 bytes]","args":[{"selector":{"id":"application-manageconditionprice-display-component---newCondition--condValue","interaction":{"idSuffix":"inner"}},"wdio_ui5_key":"applicationmanageconditionprice-display-component---newCondition--condValue"}]}
RESULT: {"script":"<script> [1562 bytes]","args":[{"selector":{"id":"application-manageconditionprice-display-component---newCondition--condValue","interaction":{"idSuffix":"inner"}},"wdio_ui5_key":"applicationmanageconditionprice-display-component---newCondition--condValue"}]}
RESULT: undefined
COMMAND: POST /session/d65bb1f3e2f9080c12776954838ef114/execute/async - {"script":"<script> [776 bytes]","args":[{"enterText":"100","selector":{"id":"application-manageconditionprice-display-component---newCondition--condValue","interaction":{"idSuffix":"inner"}},"clearTextFirst":true,"interactionType":"ENTER_TEXT"}]}
RESULT: {"script":"<script> [776 bytes]","args":[{"enterText":"100","selector":{"id":"application-manageconditionprice-display-component---newCondition--condValue","interaction":{"idSuffix":"inner"}},"clearTextFirst":true,"interactionType":"ENTER_TEXT"}]}
COMMAND: POST /session/d65bb1f3e2f9080c12776954838ef114/execute/async - {"script":"<script> [1562 bytes]","args":[{"selector":{"id":"application-manageconditionprice-display-component---newCondition--condCurr-arrow"},"wdio_ui5_key":"applicationmanageconditionprice-display-component---newCondition--condCurr-arrow"}]}
RESULT: {"script":"<script> [1562 bytes]","args":[{"selector":{"id":"application-manageconditionprice-display-component---newCondition--condCurr-arrow"},"wdio_ui5_key":"applicationmanageconditionprice-display-component---newCondition--condCurr-arrow"}]}
RESULT: undefined
COMMAND: POST /session/d65bb1f3e2f9080c12776954838ef114/element - {"using":"xpath","value":"//*[@id=\"application-manageconditionprice-display-component---newCondition--condCurr-arrow\"]"}
RESULT: {"using":"xpath","value":"//*[@id=\"application-manageconditionprice-display-component---newCondition--condCurr-arrow\"]"}
COMMAND: POST /session/d65bb1f3e2f9080c12776954838ef114/element/f.AD1387FB3635F7347677CF9BEECFB356.d.31F57455007ED1AB6E54C7CCD3CC82D9.e.3776/click - {}
RESULT: {}
COMMAND: POST /session/d65bb1f3e2f9080c12776954838ef114/element - {"using":"xpath","value":"//span[contains(text(), \"Euro\")]"}
COMMAND: GET /session/d65bb1f3e2f9080c12776954838ef114/screenshot - {}
RESULT: {}
RESULT: {"using":"xpath","value":"//span[contains(text(), \"Euro\")]"}
COMMAND: POST /session/d65bb1f3e2f9080c12776954838ef114/element/f.AD1387FB3635F7347677CF9BEECFB356.d.31F57455007ED1AB6E54C7CCD3CC82D9.e.3854/click - {}
RESULT: {}
COMMAND: POST /session/d65bb1f3e2f9080c12776954838ef114/element - {"using":"xpath","value":"//button[@data-kt=\"saveButton\"]"}
COMMAND: GET /session/d65bb1f3e2f9080c12776954838ef114/screenshot - {}
RESULT: {"using":"xpath","value":"//button[@data-kt=\"saveButton\"]"}
COMMAND: POST /session/d65bb1f3e2f9080c12776954838ef114/element/f.AD1387FB3635F7347677CF9BEECFB356.d.31F57455007ED1AB6E54C7CCD3CC82D9.e.3777/click - {}
RESULT: {}
RESULT: {}
COMMAND: GET /session/d65bb1f3e2f9080c12776954838ef114/screenshot - {}
RESULT: {}
COMMAND: POST /session/d65bb1f3e2f9080c12776954838ef114/execute/async - {"script":"<script> [1562 bytes]","args":[{"selector":{"id":"application-manageconditionprice-display-component---conditions--smartFilterBar-btnBasicSearch","interaction":{"idSuffix":"I"}},"wdio_ui5_key":"applicationmanageconditionprice-display-component---conditions--smartFilterBar-btnBasicSearch"}]}
RESULT: {"script":"<script> [1562 bytes]","args":[{"selector":{"id":"application-manageconditionprice-display-component---conditions--smartFilterBar-btnBasicSearch","interaction":{"idSuffix":"I"}},"wdio_ui5_key":"applicationmanageconditionprice-display-component---conditions--smartFilterBar-btnBasicSearch"}]}
RESULT: undefined
COMMAND: POST /session/d65bb1f3e2f9080c12776954838ef114/execute/async - {"script":"<script> [776 bytes]","args":[{"enterText":"Gdbpdum4cg","selector":{"id":"application-manageconditionprice-display-component---conditions--smartFilterBar-btnBasicSearch","interaction":{"idSuffix":"I"}},"clearTextFirst":true,"interactionType":"ENTER_TEXT"}]}
RESULT: {"script":"<script> [776 bytes]","args":[{"enterText":"Gdbpdum4cg","selector":{"id":"application-manageconditionprice-display-component---conditions--smartFilterBar-btnBasicSearch","interaction":{"idSuffix":"I"}},"clearTextFirst":true,"interactionType":"ENTER_TEXT"}]}
COMMAND: POST /session/d65bb1f3e2f9080c12776954838ef114/actions - {"actions":[{"id":"action15","type":"key","parameters":{},"actions":[{"type":"keyDown","value":"î€‡"},{"type":"pause","duration":10},{"type":"keyUp","value":"î€‡"}]}]}
RESULT: {"actions":[{"id":"action15","type":"key","parameters":{},"actions":[{"type":"keyDown","value":"î€‡"},{"type":"pause","duration":10},{"type":"keyUp","value":"î€‡"}]}]}
COMMAND: GET /session/d65bb1f3e2f9080c12776954838ef114/screenshot - {}
RESULT: {}
COMMAND: POST /session/d65bb1f3e2f9080c12776954838ef114/execute/async - {"script":"<script> [1562 bytes]","args":[{"selector":{"id":"application-manageconditionprice-display-component---conditions--smartFilterBar-filterItemControl_BASIC-BILL_TYPES-vhi"},"wdio_ui5_key":"applicationmanageconditionprice-display-component---conditions--smartFilterBar-filterItemControl_BASIC-BILL_TYPES-vhi"}]}
RESULT: {"script":"<script> [1562 bytes]","args":[{"selector":{"id":"application-manageconditionprice-display-component---conditions--smartFilterBar-filterItemControl_BASIC-BILL_TYPES-vhi"},"wdio_ui5_key":"applicationmanageconditionprice-display-component---conditions--smartFilterBar-filterItemControl_BASIC-BILL_TYPES-vhi"}]}
RESULT: undefined
COMMAND: POST /session/d65bb1f3e2f9080c12776954838ef114/element - {"using":"xpath","value":"//*[@id=\"application-manageconditionprice-display-component---conditions--smartFilterBar-filterItemControl_BASIC-BILL_TYPES-vhi\"]"}
RESULT: {"using":"xpath","value":"//*[@id=\"application-manageconditionprice-display-component---conditions--smartFilterBar-filterItemControl_BASIC-BILL_TYPES-vhi\"]"}
COMMAND: POST /session/d65bb1f3e2f9080c12776954838ef114/element/f.AD1387FB3635F7347677CF9BEECFB356.d.31F57455007ED1AB6E54C7CCD3CC82D9.e.3960/click - {}
RESULT: {}
COMMAND: POST /session/d65bb1f3e2f9080c12776954838ef114/execute/async - {"script":"<script> [1562 bytes]","args":[{"selector":{"id":"application-manageconditionprice-display-component---conditions--smartFilterBar-filterItemControl_BASIC-BILL_TYPES-valueHelpDialog-smartFilterBar-btnBasicSearch","searchOpenDialogs":true,"interaction":{"idSuffix":"I"}},"wdio_ui5_key":"applicationmanageconditionprice-display-component---conditions--smartFilterBar-filterItemControl_BASIC-BILL_TYPES-valueHelpDialog-smartFilterBar-btnBasicSearch"}]}
COMMAND: GET /session/d65bb1f3e2f9080c12776954838ef114/screenshot - {}
RESULT: {"script":"<script> [1562 bytes]","args":[{"selector":{"id":"application-manageconditionprice-display-component---conditions--smartFilterBar-filterItemControl_BASIC-BILL_TYPES-valueHelpDialog-smartFilterBar-btnBasicSearch","searchOpenDialogs":true,"interaction":{"idSuffix":"I"}},"wdio_ui5_key":"applicationmanageconditionprice-display-component---conditions--smartFilterBar-filterItemControl_BASIC-BILL_TYPES-valueHelpDialog-smartFilterBar-btnBasicSearch"}]}
RESULT: undefined
COMMAND: POST /session/d65bb1f3e2f9080c12776954838ef114/execute/async - {"script":"<script> [776 bytes]","args":[{"enterText":"TB","selector":{"id":"application-manageconditionprice-display-component---conditions--smartFilterBar-filterItemControl_BASIC-BILL_TYPES-valueHelpDialog-smartFilterBar-btnBasicSearch","searchOpenDialogs":true,"interaction":{"idSuffix":"I"}},"clearTextFirst":true,"interactionType":"ENTER_TEXT"}]}
RESULT: {}
RESULT: {"script":"<script> [776 bytes]","args":[{"enterText":"TB","selector":{"id":"application-manageconditionprice-display-component---conditions--smartFilterBar-filterItemControl_BASIC-BILL_TYPES-valueHelpDialog-smartFilterBar-btnBasicSearch","searchOpenDialogs":true,"interaction":{"idSuffix":"I"}},"clearTextFirst":true,"interactionType":"ENTER_TEXT"}]}
COMMAND: POST /session/d65bb1f3e2f9080c12776954838ef114/actions - {"actions":[{"id":"action16","type":"key","parameters":{},"actions":[{"type":"keyDown","value":"î€‡"},{"type":"pause","duration":10},{"type":"keyUp","value":"î€‡"}]}]}
RESULT: {"actions":[{"id":"action16","type":"key","parameters":{},"actions":[{"type":"keyDown","value":"î€‡"},{"type":"pause","duration":10},{"type":"keyUp","value":"î€‡"}]}]}
COMMAND: GET /session/d65bb1f3e2f9080c12776954838ef114/screenshot - {}
RESULT: {}
COMMAND: POST /session/d65bb1f3e2f9080c12776954838ef114/element - {"using":"xpath","value":"//div[contains(@id, 'application-manageconditionprice-display-component---conditions--smartFilterBar-filterItemControl_BASIC-BILL_TYPES-valueHelpDialog-table-rowsel0')]"}
RESULT: {"using":"xpath","value":"//div[contains(@id, 'application-manageconditionprice-display-component---conditions--smartFilterBar-filterItemControl_BASIC-BILL_TYPES-valueHelpDialog-table-rowsel0')]"}
COMMAND: POST /session/d65bb1f3e2f9080c12776954838ef114/element/f.AD1387FB3635F7347677CF9BEECFB356.d.31F57455007ED1AB6E54C7CCD3CC82D9.e.3970/click - {}
RESULT: {}
COMMAND: GET /session/d65bb1f3e2f9080c12776954838ef114/screenshot - {}
RESULT: {}
COMMAND: POST /session/d65bb1f3e2f9080c12776954838ef114/element - {"using":"xpath","value":"//bdi[contains(text(), \"OK\")]"}
RESULT: {"using":"xpath","value":"//bdi[contains(text(), \"OK\")]"}
COMMAND: POST /session/d65bb1f3e2f9080c12776954838ef114/element/f.AD1387FB3635F7347677CF9BEECFB356.d.31F57455007ED1AB6E54C7CCD3CC82D9.e.3972/click - {}
RESULT: {}
COMMAND: GET /session/d65bb1f3e2f9080c12776954838ef114/screenshot - {}
RESULT: {}
COMMAND: POST /session/d65bb1f3e2f9080c12776954838ef114/element - {"using":"xpath","value":"//span[@id=\"application-manageconditionprice-display-component---conditions--smartTable-header-inner\"]"}
RESULT: {"using":"xpath","value":"//span[@id=\"application-manageconditionprice-display-component---conditions--smartTable-header-inner\"]"}
COMMAND: POST /session/d65bb1f3e2f9080c12776954838ef114/elements - {"using":"xpath","value":"//span[@id=\"application-manageconditionprice-display-component---conditions--smartTable-header-inner\"]"}
RESULT: {"using":"xpath","value":"//span[@id=\"application-manageconditionprice-display-component---conditions--smartTable-header-inner\"]"}
COMMAND: POST /session/d65bb1f3e2f9080c12776954838ef114/execute/sync - {"script":"<script> [56 bytes]","args":[{"element-6066-11e4-a52e-4f735466cecf":"f.AD1387FB3635F7347677CF9BEECFB356.d.31F57455007ED1AB6E54C7CCD3CC82D9.e.3975","ELEMENT":"f.AD1387FB3635F7347677CF9BEECFB356.d.31F57455007ED1AB6E54C7CCD3CC82D9.e.3975"}]}
RESULT: {"script":"<script> [56 bytes]","args":[{"element-6066-11e4-a52e-4f735466cecf":"f.AD1387FB3635F7347677CF9BEECFB356.d.31F57455007ED1AB6E54C7CCD3CC82D9.e.3975","ELEMENT":"f.AD1387FB3635F7347677CF9BEECFB356.d.31F57455007ED1AB6E54C7CCD3CC82D9.e.3975"}]}
COMMAND: POST /session/d65bb1f3e2f9080c12776954838ef114/element - {"using":"css selector","value":"#shell-header-logo"}
COMMAND: GET /session/d65bb1f3e2f9080c12776954838ef114/screenshot - {}
RESULT: {"using":"css selector","value":"#shell-header-logo"}
COMMAND: POST /session/d65bb1f3e2f9080c12776954838ef114/element/f.AD1387FB3635F7347677CF9BEECFB356.d.31F57455007ED1AB6E54C7CCD3CC82D9.e.3572/click - {}
RESULT: {}
RESULT: {}
COMMAND: GET /session/d65bb1f3e2f9080c12776954838ef114/screenshot - {}
RESULT: {}
]]></system-out>
    </testcase>
    <testcase classname="chrome.135_0_7049_96.windows.Billing_Transfer_-_Master_data_&amp;_Intercompany_US127250" name="Should do a stock increase" time="85.657">
      <system-out><![CDATA[
COMMAND: POST /session/d65bb1f3e2f9080c12776954838ef114/execute/async - {"script":"<script> [1562 bytes]","args":[{"selector":{"controlType":"sap.m.Text","viewName":"etm.portal.ui.managehandoverstile.view.Master","properties":{"text":"Manage Handovers"},"interaction":{"idSuffix":"inner"}},"wdio_ui5_key":"etmportal.ui.managehandoverstile.view.Mastersap.m.Text{\"text\":\"Manage Handovers\"}"}]}
RESULT: {"script":"<script> [1562 bytes]","args":[{"selector":{"controlType":"sap.m.Text","viewName":"etm.portal.ui.managehandoverstile.view.Master","properties":{"text":"Manage Handovers"},"interaction":{"idSuffix":"inner"}},"wdio_ui5_key":"etmportal.ui.managehandoverstile.view.Mastersap.m.Text{\"text\":\"Manage Handovers\"}"}]}
RESULT: undefined
COMMAND: POST /session/d65bb1f3e2f9080c12776954838ef114/element - {"using":"xpath","value":"//*[@id=\"__tile131-title\"]"}
RESULT: {"using":"xpath","value":"//*[@id=\"__tile131-title\"]"}
COMMAND: POST /session/d65bb1f3e2f9080c12776954838ef114/element/f.AD1387FB3635F7347677CF9BEECFB356.d.31F57455007ED1AB6E54C7CCD3CC82D9.e.3980/click - {}
RESULT: {}
COMMAND: POST /session/d65bb1f3e2f9080c12776954838ef114/element - {"using":"xpath","value":"//button[@data-kt=\"masterHOAddButton\"]"}
COMMAND: GET /session/d65bb1f3e2f9080c12776954838ef114/screenshot - {}
RESULT: {"using":"xpath","value":"//button[@data-kt=\"masterHOAddButton\"]"}
COMMAND: POST /session/d65bb1f3e2f9080c12776954838ef114/elements - {"using":"xpath","value":"//button[@data-kt=\"masterHOAddButton\"]"}
RESULT: {}
RESULT: {"using":"xpath","value":"//button[@data-kt=\"masterHOAddButton\"]"}
COMMAND: POST /session/d65bb1f3e2f9080c12776954838ef114/elements - {"using":"xpath","value":"//button[@data-kt=\"masterHOAddButton\"]"}
RESULT: {"using":"xpath","value":"//button[@data-kt=\"masterHOAddButton\"]"}
COMMAND: POST /session/d65bb1f3e2f9080c12776954838ef114/elements - {"using":"xpath","value":"//button[@data-kt=\"masterHOAddButton\"]"}
RESULT: {"using":"xpath","value":"//button[@data-kt=\"masterHOAddButton\"]"}
COMMAND: POST /session/d65bb1f3e2f9080c12776954838ef114/elements - {"using":"xpath","value":"//button[@data-kt=\"masterHOAddButton\"]"}
RESULT: {"using":"xpath","value":"//button[@data-kt=\"masterHOAddButton\"]"}
COMMAND: POST /session/d65bb1f3e2f9080c12776954838ef114/elements - {"using":"xpath","value":"//button[@data-kt=\"masterHOAddButton\"]"}
RESULT: {"using":"xpath","value":"//button[@data-kt=\"masterHOAddButton\"]"}
COMMAND: POST /session/d65bb1f3e2f9080c12776954838ef114/elements - {"using":"xpath","value":"//button[@data-kt=\"masterHOAddButton\"]"}
RESULT: {"using":"xpath","value":"//button[@data-kt=\"masterHOAddButton\"]"}
COMMAND: POST /session/d65bb1f3e2f9080c12776954838ef114/elements - {"using":"xpath","value":"//button[@data-kt=\"masterHOAddButton\"]"}
RESULT: {"using":"xpath","value":"//button[@data-kt=\"masterHOAddButton\"]"}
COMMAND: POST /session/d65bb1f3e2f9080c12776954838ef114/elements - {"using":"xpath","value":"//button[@data-kt=\"masterHOAddButton\"]"}
RESULT: {"using":"xpath","value":"//button[@data-kt=\"masterHOAddButton\"]"}
COMMAND: POST /session/d65bb1f3e2f9080c12776954838ef114/elements - {"using":"xpath","value":"//button[@data-kt=\"masterHOAddButton\"]"}
RESULT: {"using":"xpath","value":"//button[@data-kt=\"masterHOAddButton\"]"}
COMMAND: POST /session/d65bb1f3e2f9080c12776954838ef114/elements - {"using":"xpath","value":"//button[@data-kt=\"masterHOAddButton\"]"}
RESULT: {"using":"xpath","value":"//button[@data-kt=\"masterHOAddButton\"]"}
COMMAND: POST /session/d65bb1f3e2f9080c12776954838ef114/elements - {"using":"xpath","value":"//button[@data-kt=\"masterHOAddButton\"]"}
RESULT: {"using":"xpath","value":"//button[@data-kt=\"masterHOAddButton\"]"}
COMMAND: POST /session/d65bb1f3e2f9080c12776954838ef114/elements - {"using":"xpath","value":"//button[@data-kt=\"masterHOAddButton\"]"}
RESULT: {"using":"xpath","value":"//button[@data-kt=\"masterHOAddButton\"]"}
COMMAND: POST /session/d65bb1f3e2f9080c12776954838ef114/element - {"using":"xpath","value":"//button[@data-kt=\"masterHOAddButton\"]"}
RESULT: {"using":"xpath","value":"//button[@data-kt=\"masterHOAddButton\"]"}
COMMAND: POST /session/d65bb1f3e2f9080c12776954838ef114/execute/sync - {"script":"<script> [8489 bytes]","args":[{"element-6066-11e4-a52e-4f735466cecf":"f.AD1387FB3635F7347677CF9BEECFB356.d.31F57455007ED1AB6E54C7CCD3CC82D9.e.4020","ELEMENT":"f.AD1387FB3635F7347677CF9BEECFB356.d.31F57455007ED1AB6E54C7CCD3CC82D9.e.4020"}]}
RESULT: {"script":"<script> [8489 bytes]","args":[{"element-6066-11e4-a52e-4f735466cecf":"f.AD1387FB3635F7347677CF9BEECFB356.d.31F57455007ED1AB6E54C7CCD3CC82D9.e.4020","ELEMENT":"f.AD1387FB3635F7347677CF9BEECFB356.d.31F57455007ED1AB6E54C7CCD3CC82D9.e.4020"}]}
COMMAND: GET /session/d65bb1f3e2f9080c12776954838ef114/element/f.AD1387FB3635F7347677CF9BEECFB356.d.31F57455007ED1AB6E54C7CCD3CC82D9.e.4020/enabled - {}
COMMAND: GET /session/d65bb1f3e2f9080c12776954838ef114/screenshot - {}
RESULT: {}
COMMAND: POST /session/d65bb1f3e2f9080c12776954838ef114/execute/sync - {"script":"<script> [8489 bytes]","args":[{"element-6066-11e4-a52e-4f735466cecf":"f.AD1387FB3635F7347677CF9BEECFB356.d.31F57455007ED1AB6E54C7CCD3CC82D9.e.4020","ELEMENT":"f.AD1387FB3635F7347677CF9BEECFB356.d.31F57455007ED1AB6E54C7CCD3CC82D9.e.4020"}]}
COMMAND: GET /session/d65bb1f3e2f9080c12776954838ef114/screenshot - {}
RESULT: {}
RESULT: {"script":"<script> [8489 bytes]","args":[{"element-6066-11e4-a52e-4f735466cecf":"f.AD1387FB3635F7347677CF9BEECFB356.d.31F57455007ED1AB6E54C7CCD3CC82D9.e.4020","ELEMENT":"f.AD1387FB3635F7347677CF9BEECFB356.d.31F57455007ED1AB6E54C7CCD3CC82D9.e.4020"}]}
COMMAND: POST /session/d65bb1f3e2f9080c12776954838ef114/execute/sync - {"script":"<script> [5351 bytes]","args":[{"element-6066-11e4-a52e-4f735466cecf":"f.AD1387FB3635F7347677CF9BEECFB356.d.31F57455007ED1AB6E54C7CCD3CC82D9.e.4020","ELEMENT":"f.AD1387FB3635F7347677CF9BEECFB356.d.31F57455007ED1AB6E54C7CCD3CC82D9.e.4020"}]}
COMMAND: GET /session/d65bb1f3e2f9080c12776954838ef114/screenshot - {}
RESULT: {}
RESULT: {"script":"<script> [5351 bytes]","args":[{"element-6066-11e4-a52e-4f735466cecf":"f.AD1387FB3635F7347677CF9BEECFB356.d.31F57455007ED1AB6E54C7CCD3CC82D9.e.4020","ELEMENT":"f.AD1387FB3635F7347677CF9BEECFB356.d.31F57455007ED1AB6E54C7CCD3CC82D9.e.4020"}]}
COMMAND: POST /session/d65bb1f3e2f9080c12776954838ef114/element/f.AD1387FB3635F7347677CF9BEECFB356.d.31F57455007ED1AB6E54C7CCD3CC82D9.e.4020/click - {}
COMMAND: GET /session/d65bb1f3e2f9080c12776954838ef114/screenshot - {}
RESULT: {}
RESULT: {}
COMMAND: GET /session/d65bb1f3e2f9080c12776954838ef114/screenshot - {}
COMMAND: POST /session/d65bb1f3e2f9080c12776954838ef114/element - {"using":"xpath","value":"//span[contains(@id ,\"AddNewHO--typeSelect-arrow\")]"}
RESULT: {}
RESULT: {}
RESULT: {"using":"xpath","value":"//span[contains(@id ,\"AddNewHO--typeSelect-arrow\")]"}
COMMAND: POST /session/d65bb1f3e2f9080c12776954838ef114/element/f.AD1387FB3635F7347677CF9BEECFB356.d.31F57455007ED1AB6E54C7CCD3CC82D9.e.4356/click - {}
RESULT: {}
COMMAND: GET /session/d65bb1f3e2f9080c12776954838ef114/screenshot - {}
RESULT: {}
COMMAND: POST /session/d65bb1f3e2f9080c12776954838ef114/element - {"using":"xpath","value":"(//li[contains(text(), \"stock increase yard\")])[1]"}
RESULT: {"using":"xpath","value":"(//li[contains(text(), \"stock increase yard\")])[1]"}
COMMAND: POST /session/d65bb1f3e2f9080c12776954838ef114/element/f.AD1387FB3635F7347677CF9BEECFB356.d.31F57455007ED1AB6E54C7CCD3CC82D9.e.4357/click - {}
RESULT: {}
COMMAND: GET /session/d65bb1f3e2f9080c12776954838ef114/screenshot - {}
RESULT: {}
COMMAND: POST /session/d65bb1f3e2f9080c12776954838ef114/execute/async - {"script":"<script> [1562 bytes]","args":[{"selector":{"id":"application-managehandovers-display-component---AddNewHO--dueDate","interaction":{"idSuffix":"inner"}},"wdio_ui5_key":"applicationmanagehandovers-display-component---AddNewHO--dueDate"}]}
RESULT: {"script":"<script> [1562 bytes]","args":[{"selector":{"id":"application-managehandovers-display-component---AddNewHO--dueDate","interaction":{"idSuffix":"inner"}},"wdio_ui5_key":"applicationmanagehandovers-display-component---AddNewHO--dueDate"}]}
RESULT: undefined
COMMAND: POST /session/d65bb1f3e2f9080c12776954838ef114/execute/async - {"script":"<script> [6424 bytes]","args":[{"element-6066-11e4-a52e-4f735466cecf":"f.AD1387FB3635F7347677CF9BEECFB356.d.31F57455007ED1AB6E54C7CCD3CC82D9.e.4359"},"setValue",["05/03/2025"]]}
RESULT: {"script":"<script> [6424 bytes]","args":[{"element-6066-11e4-a52e-4f735466cecf":"f.AD1387FB3635F7347677CF9BEECFB356.d.31F57455007ED1AB6E54C7CCD3CC82D9.e.4359"},"setValue",["05/03/2025"]]}
COMMAND: POST /session/d65bb1f3e2f9080c12776954838ef114/element - {"using":"xpath","value":"//input[@id=\"generalSectionFrg--receiveYard-inner\"]"}
RESULT: {"using":"xpath","value":"//input[@id=\"generalSectionFrg--receiveYard-inner\"]"}
COMMAND: POST /session/d65bb1f3e2f9080c12776954838ef114/element/f.AD1387FB3635F7347677CF9BEECFB356.d.31F57455007ED1AB6E54C7CCD3CC82D9.e.4365/clear - {}
RESULT: {}
COMMAND: POST /session/d65bb1f3e2f9080c12776954838ef114/element/f.AD1387FB3635F7347677CF9BEECFB356.d.31F57455007ED1AB6E54C7CCD3CC82D9.e.4365/value - {"text":"529"}
COMMAND: GET /session/d65bb1f3e2f9080c12776954838ef114/screenshot - {}
RESULT: {"text":"529"}
COMMAND: GET /session/d65bb1f3e2f9080c12776954838ef114/screenshot - {}
RESULT: {}
RESULT: {}
COMMAND: POST /session/d65bb1f3e2f9080c12776954838ef114/element - {"using":"xpath","value":"//li[.//span[text()='529']]"}
RESULT: {"using":"xpath","value":"//li[.//span[text()='529']]"}
COMMAND: POST /session/d65bb1f3e2f9080c12776954838ef114/element/f.AD1387FB3635F7347677CF9BEECFB356.d.31F57455007ED1AB6E54C7CCD3CC82D9.e.4383/click - {}
RESULT: {}
COMMAND: GET /session/d65bb1f3e2f9080c12776954838ef114/screenshot - {}
RESULT: {}
COMMAND: POST /session/d65bb1f3e2f9080c12776954838ef114/execute/async - {"script":"<script> [1562 bytes]","args":[{"selector":{"id":"application-managehandovers-display-component---AddNewHO--ObjectPageLayout-anchBar-application-managehandovers-display-component---AddNewHO--section4-anchor","interaction":{"idSuffix":"BDI-content"}},"wdio_ui5_key":"applicationmanagehandovers-display-component---AddNewHO--ObjectPageLayout-anchBar-application-managehandovers-display-component---AddNewHO--section4-anchor"}]}
RESULT: {"script":"<script> [1562 bytes]","args":[{"selector":{"id":"application-managehandovers-display-component---AddNewHO--ObjectPageLayout-anchBar-application-managehandovers-display-component---AddNewHO--section4-anchor","interaction":{"idSuffix":"BDI-content"}},"wdio_ui5_key":"applicationmanagehandovers-display-component---AddNewHO--ObjectPageLayout-anchBar-application-managehandovers-display-component---AddNewHO--section4-anchor"}]}
RESULT: undefined
COMMAND: POST /session/d65bb1f3e2f9080c12776954838ef114/element - {"using":"xpath","value":"//*[@id=\"application-managehandovers-display-component---AddNewHO--ObjectPageLayout-anchBar-application-managehandovers-display-component---AddNewHO--section4-anchor\"]"}
RESULT: {"using":"xpath","value":"//*[@id=\"application-managehandovers-display-component---AddNewHO--ObjectPageLayout-anchBar-application-managehandovers-display-component---AddNewHO--section4-anchor\"]"}
COMMAND: POST /session/d65bb1f3e2f9080c12776954838ef114/element/f.AD1387FB3635F7347677CF9BEECFB356.d.31F57455007ED1AB6E54C7CCD3CC82D9.e.4385/click - {}
RESULT: {}
COMMAND: POST /session/d65bb1f3e2f9080c12776954838ef114/element - {"using":"xpath","value":"//button[@aria-label=\"Add\"]"}
COMMAND: GET /session/d65bb1f3e2f9080c12776954838ef114/screenshot - {}
RESULT: {"using":"xpath","value":"//button[@aria-label=\"Add\"]"}
COMMAND: POST /session/d65bb1f3e2f9080c12776954838ef114/element/f.AD1387FB3635F7347677CF9BEECFB356.d.31F57455007ED1AB6E54C7CCD3CC82D9.e.4389/click - {}
RESULT: {}
RESULT: {}
COMMAND: GET /session/d65bb1f3e2f9080c12776954838ef114/screenshot - {}
RESULT: {}
COMMAND: POST /session/d65bb1f3e2f9080c12776954838ef114/execute/async - {"script":"<script> [1562 bytes]","args":[{"selector":{"id":"application-managehandovers-display-component---AddNewHO--smartFilterBar-btnBasicSearch","searchOpenDialogs":true,"interaction":{"idSuffix":"I"}},"wdio_ui5_key":"applicationmanagehandovers-display-component---AddNewHO--smartFilterBar-btnBasicSearch"}]}
RESULT: {"script":"<script> [1562 bytes]","args":[{"selector":{"id":"application-managehandovers-display-component---AddNewHO--smartFilterBar-btnBasicSearch","searchOpenDialogs":true,"interaction":{"idSuffix":"I"}},"wdio_ui5_key":"applicationmanagehandovers-display-component---AddNewHO--smartFilterBar-btnBasicSearch"}]}
RESULT: undefined
COMMAND: POST /session/d65bb1f3e2f9080c12776954838ef114/execute/async - {"script":"<script> [776 bytes]","args":[{"enterText":"Gdbpdum4cg","selector":{"id":"application-managehandovers-display-component---AddNewHO--smartFilterBar-btnBasicSearch","searchOpenDialogs":true,"interaction":{"idSuffix":"I"}},"clearTextFirst":true,"interactionType":"ENTER_TEXT"}]}
RESULT: {"script":"<script> [776 bytes]","args":[{"enterText":"Gdbpdum4cg","selector":{"id":"application-managehandovers-display-component---AddNewHO--smartFilterBar-btnBasicSearch","searchOpenDialogs":true,"interaction":{"idSuffix":"I"}},"clearTextFirst":true,"interactionType":"ENTER_TEXT"}]}
COMMAND: POST /session/d65bb1f3e2f9080c12776954838ef114/actions - {"actions":[{"id":"action17","type":"key","parameters":{},"actions":[{"type":"keyDown","value":"î€‡"},{"type":"pause","duration":10},{"type":"keyUp","value":"î€‡"}]}]}
RESULT: {"actions":[{"id":"action17","type":"key","parameters":{},"actions":[{"type":"keyDown","value":"î€‡"},{"type":"pause","duration":10},{"type":"keyUp","value":"î€‡"}]}]}
COMMAND: GET /session/d65bb1f3e2f9080c12776954838ef114/screenshot - {}
RESULT: {}
COMMAND: POST /session/d65bb1f3e2f9080c12776954838ef114/execute/async - {"script":"<script> [1562 bytes]","args":[{"selector":{"id":"application-managehandovers-display-component---AddNewHO--popup-sa","searchOpenDialogs":true,"interaction":{"idSuffix":"CbBg"}},"wdio_ui5_key":"applicationmanagehandovers-display-component---AddNewHO--popup-sa"}]}
RESULT: {"script":"<script> [1562 bytes]","args":[{"selector":{"id":"application-managehandovers-display-component---AddNewHO--popup-sa","searchOpenDialogs":true,"interaction":{"idSuffix":"CbBg"}},"wdio_ui5_key":"applicationmanagehandovers-display-component---AddNewHO--popup-sa"}]}
RESULT: undefined
COMMAND: POST /session/d65bb1f3e2f9080c12776954838ef114/element - {"using":"xpath","value":"//*[@id=\"application-managehandovers-display-component---AddNewHO--popup-sa\"]"}
RESULT: {"using":"xpath","value":"//*[@id=\"application-managehandovers-display-component---AddNewHO--popup-sa\"]"}
COMMAND: POST /session/d65bb1f3e2f9080c12776954838ef114/element/f.AD1387FB3635F7347677CF9BEECFB356.d.31F57455007ED1AB6E54C7CCD3CC82D9.e.4542/click - {}
RESULT: {}
COMMAND: GET /session/d65bb1f3e2f9080c12776954838ef114/screenshot - {}
RESULT: {}
COMMAND: POST /session/d65bb1f3e2f9080c12776954838ef114/element - {"using":"xpath","value":"//bdi[contains(text(), \"Select\")]"}
RESULT: {"using":"xpath","value":"//bdi[contains(text(), \"Select\")]"}
COMMAND: POST /session/d65bb1f3e2f9080c12776954838ef114/element/f.AD1387FB3635F7347677CF9BEECFB356.d.31F57455007ED1AB6E54C7CCD3CC82D9.e.4543/click - {}
RESULT: {}
COMMAND: GET /session/d65bb1f3e2f9080c12776954838ef114/screenshot - {}
RESULT: {}
COMMAND: POST /session/d65bb1f3e2f9080c12776954838ef114/element - {"using":"xpath","value":"//button[@data-kt=\"AddNewHOSaveButton\"]"}
RESULT: {"using":"xpath","value":"//button[@data-kt=\"AddNewHOSaveButton\"]"}
COMMAND: POST /session/d65bb1f3e2f9080c12776954838ef114/element/f.AD1387FB3635F7347677CF9BEECFB356.d.31F57455007ED1AB6E54C7CCD3CC82D9.e.4547/click - {}
RESULT: {}
COMMAND: GET /session/d65bb1f3e2f9080c12776954838ef114/screenshot - {}
RESULT: {}
COMMAND: POST /session/d65bb1f3e2f9080c12776954838ef114/execute/async - {"script":"<script> [1562 bytes]","args":[{"selector":{"id":"receiptDatePicker","viewName":"etm.portal.ui.managehandovers.view.DetailExecuteHO","interaction":{"idSuffix":"inner"}},"wdio_ui5_key":"receiptDatePickeretmportal.ui.managehandovers.view.DetailExecuteHO"}]}
RESULT: {"script":"<script> [1562 bytes]","args":[{"selector":{"id":"receiptDatePicker","viewName":"etm.portal.ui.managehandovers.view.DetailExecuteHO","interaction":{"idSuffix":"inner"}},"wdio_ui5_key":"receiptDatePickeretmportal.ui.managehandovers.view.DetailExecuteHO"}]}
RESULT: undefined
COMMAND: POST /session/d65bb1f3e2f9080c12776954838ef114/execute/async - {"script":"<script> [6424 bytes]","args":[{"element-6066-11e4-a52e-4f735466cecf":"f.AD1387FB3635F7347677CF9BEECFB356.d.31F57455007ED1AB6E54C7CCD3CC82D9.e.4573"},"setValue",["05/03/2025"]]}
RESULT: {"script":"<script> [6424 bytes]","args":[{"element-6066-11e4-a52e-4f735466cecf":"f.AD1387FB3635F7347677CF9BEECFB356.d.31F57455007ED1AB6E54C7CCD3CC82D9.e.4573"},"setValue",["05/03/2025"]]}
COMMAND: POST /session/d65bb1f3e2f9080c12776954838ef114/element - {"using":"xpath","value":"//button[@data-kt=\"PickingTableConfirmAllButton\"]"}
RESULT: {"using":"xpath","value":"//button[@data-kt=\"PickingTableConfirmAllButton\"]"}
COMMAND: POST /session/d65bb1f3e2f9080c12776954838ef114/element/f.AD1387FB3635F7347677CF9BEECFB356.d.31F57455007ED1AB6E54C7CCD3CC82D9.e.4588/click - {}
RESULT: {}
COMMAND: GET /session/d65bb1f3e2f9080c12776954838ef114/screenshot - {}
RESULT: {}
COMMAND: POST /session/d65bb1f3e2f9080c12776954838ef114/element - {"using":"xpath","value":"//bdi[contains(text(), \"OK\")]"}
RESULT: {"using":"xpath","value":"//bdi[contains(text(), \"OK\")]"}
COMMAND: POST /session/d65bb1f3e2f9080c12776954838ef114/element/f.AD1387FB3635F7347677CF9BEECFB356.d.31F57455007ED1AB6E54C7CCD3CC82D9.e.4590/click - {}
RESULT: {}
COMMAND: GET /session/d65bb1f3e2f9080c12776954838ef114/screenshot - {}
RESULT: {}
COMMAND: POST /session/d65bb1f3e2f9080c12776954838ef114/element - {"using":"xpath","value":"(//bdi[contains(text(), \"Receive\")])[2]"}
RESULT: {"using":"xpath","value":"(//bdi[contains(text(), \"Receive\")])[2]"}
COMMAND: POST /session/d65bb1f3e2f9080c12776954838ef114/element/f.AD1387FB3635F7347677CF9BEECFB356.d.31F57455007ED1AB6E54C7CCD3CC82D9.e.4592/click - {}
RESULT: {}
COMMAND: GET /session/d65bb1f3e2f9080c12776954838ef114/screenshot - {}
RESULT: {}
COMMAND: POST /session/d65bb1f3e2f9080c12776954838ef114/element - {"using":"css selector","value":"#shell-header-logo"}
RESULT: {"using":"css selector","value":"#shell-header-logo"}
COMMAND: POST /session/d65bb1f3e2f9080c12776954838ef114/element/f.AD1387FB3635F7347677CF9BEECFB356.d.31F57455007ED1AB6E54C7CCD3CC82D9.e.3983/click - {}
RESULT: {}
COMMAND: GET /session/d65bb1f3e2f9080c12776954838ef114/screenshot - {}
RESULT: {}
]]></system-out>
    </testcase>
    <testcase classname="chrome.135_0_7049_96.windows.Billing_Transfer_-_Master_data_&amp;_Intercompany_US127250" name="Should create a new contract" time="72.28">
      <system-out><![CDATA[
COMMAND: POST /session/d65bb1f3e2f9080c12776954838ef114/execute/async - {"script":"<script> [1562 bytes]","args":[{"selector":{"controlType":"sap.m.Text","viewName":"etm.portal.ui.managecontractstile.view.Master","properties":{"text":"Manage Contracts"},"interaction":{"idSuffix":"inner"}},"wdio_ui5_key":"etmportal.ui.managecontractstile.view.Mastersap.m.Text{\"text\":\"Manage Contracts\"}"}]}
RESULT: {"script":"<script> [1562 bytes]","args":[{"selector":{"controlType":"sap.m.Text","viewName":"etm.portal.ui.managecontractstile.view.Master","properties":{"text":"Manage Contracts"},"interaction":{"idSuffix":"inner"}},"wdio_ui5_key":"etmportal.ui.managecontractstile.view.Mastersap.m.Text{\"text\":\"Manage Contracts\"}"}]}
RESULT: undefined
COMMAND: POST /session/d65bb1f3e2f9080c12776954838ef114/element - {"using":"xpath","value":"//*[@id=\"__tile130-title\"]"}
RESULT: {"using":"xpath","value":"//*[@id=\"__tile130-title\"]"}
COMMAND: POST /session/d65bb1f3e2f9080c12776954838ef114/element/f.AD1387FB3635F7347677CF9BEECFB356.d.31F57455007ED1AB6E54C7CCD3CC82D9.e.4767/click - {}
RESULT: {}
COMMAND: GET /session/d65bb1f3e2f9080c12776954838ef114/screenshot - {}
RESULT: {}
COMMAND: POST /session/d65bb1f3e2f9080c12776954838ef114/element - {"using":"xpath","value":"//button[@data-kt=\"addButton\"]"}
RESULT: {"using":"xpath","value":"//button[@data-kt=\"addButton\"]"}
COMMAND: POST /session/d65bb1f3e2f9080c12776954838ef114/elements - {"using":"xpath","value":"//button[@data-kt=\"addButton\"]"}
RESULT: {"using":"xpath","value":"//button[@data-kt=\"addButton\"]"}
COMMAND: POST /session/d65bb1f3e2f9080c12776954838ef114/execute/sync - {"script":"<script> [8489 bytes]","args":[{"element-6066-11e4-a52e-4f735466cecf":"f.AD1387FB3635F7347677CF9BEECFB356.d.31F57455007ED1AB6E54C7CCD3CC82D9.e.4838","ELEMENT":"f.AD1387FB3635F7347677CF9BEECFB356.d.31F57455007ED1AB6E54C7CCD3CC82D9.e.4838"}]}
RESULT: {"script":"<script> [8489 bytes]","args":[{"element-6066-11e4-a52e-4f735466cecf":"f.AD1387FB3635F7347677CF9BEECFB356.d.31F57455007ED1AB6E54C7CCD3CC82D9.e.4838","ELEMENT":"f.AD1387FB3635F7347677CF9BEECFB356.d.31F57455007ED1AB6E54C7CCD3CC82D9.e.4838"}]}
COMMAND: GET /session/d65bb1f3e2f9080c12776954838ef114/element/f.AD1387FB3635F7347677CF9BEECFB356.d.31F57455007ED1AB6E54C7CCD3CC82D9.e.4838/enabled - {}
COMMAND: GET /session/d65bb1f3e2f9080c12776954838ef114/screenshot - {}
RESULT: {}
COMMAND: POST /session/d65bb1f3e2f9080c12776954838ef114/execute/sync - {"script":"<script> [8489 bytes]","args":[{"element-6066-11e4-a52e-4f735466cecf":"f.AD1387FB3635F7347677CF9BEECFB356.d.31F57455007ED1AB6E54C7CCD3CC82D9.e.4838","ELEMENT":"f.AD1387FB3635F7347677CF9BEECFB356.d.31F57455007ED1AB6E54C7CCD3CC82D9.e.4838"}]}
COMMAND: GET /session/d65bb1f3e2f9080c12776954838ef114/screenshot - {}
RESULT: {}
RESULT: {"script":"<script> [8489 bytes]","args":[{"element-6066-11e4-a52e-4f735466cecf":"f.AD1387FB3635F7347677CF9BEECFB356.d.31F57455007ED1AB6E54C7CCD3CC82D9.e.4838","ELEMENT":"f.AD1387FB3635F7347677CF9BEECFB356.d.31F57455007ED1AB6E54C7CCD3CC82D9.e.4838"}]}
COMMAND: POST /session/d65bb1f3e2f9080c12776954838ef114/execute/sync - {"script":"<script> [5351 bytes]","args":[{"element-6066-11e4-a52e-4f735466cecf":"f.AD1387FB3635F7347677CF9BEECFB356.d.31F57455007ED1AB6E54C7CCD3CC82D9.e.4838","ELEMENT":"f.AD1387FB3635F7347677CF9BEECFB356.d.31F57455007ED1AB6E54C7CCD3CC82D9.e.4838"}]}
COMMAND: GET /session/d65bb1f3e2f9080c12776954838ef114/screenshot - {}
RESULT: {}
RESULT: {"script":"<script> [5351 bytes]","args":[{"element-6066-11e4-a52e-4f735466cecf":"f.AD1387FB3635F7347677CF9BEECFB356.d.31F57455007ED1AB6E54C7CCD3CC82D9.e.4838","ELEMENT":"f.AD1387FB3635F7347677CF9BEECFB356.d.31F57455007ED1AB6E54C7CCD3CC82D9.e.4838"}]}
COMMAND: GET /session/d65bb1f3e2f9080c12776954838ef114/screenshot - {}
RESULT: {}
RESULT: {}
COMMAND: POST /session/d65bb1f3e2f9080c12776954838ef114/element/f.AD1387FB3635F7347677CF9BEECFB356.d.31F57455007ED1AB6E54C7CCD3CC82D9.e.4838/click - {}
RESULT: {}
COMMAND: GET /session/d65bb1f3e2f9080c12776954838ef114/screenshot - {}
COMMAND: POST /session/d65bb1f3e2f9080c12776954838ef114/execute/async - {"script":"<script> [1562 bytes]","args":[{"selector":{"id":"application-managecontracts-display-component---AddNewContract--projectDescription","interaction":{"idSuffix":"inner"}},"wdio_ui5_key":"applicationmanagecontracts-display-component---AddNewContract--projectDescription"}]}
RESULT: {}
RESULT: {"script":"<script> [1562 bytes]","args":[{"selector":{"id":"application-managecontracts-display-component---AddNewContract--projectDescription","interaction":{"idSuffix":"inner"}},"wdio_ui5_key":"applicationmanagecontracts-display-component---AddNewContract--projectDescription"}]}
RESULT: undefined
COMMAND: POST /session/d65bb1f3e2f9080c12776954838ef114/execute/async - {"script":"<script> [776 bytes]","args":[{"enterText":"Intercompany Contract WDIO","selector":{"id":"application-managecontracts-display-component---AddNewContract--projectDescription","interaction":{"idSuffix":"inner"}},"clearTextFirst":true,"interactionType":"ENTER_TEXT"}]}
RESULT: {"script":"<script> [776 bytes]","args":[{"enterText":"Intercompany Contract WDIO","selector":{"id":"application-managecontracts-display-component---AddNewContract--projectDescription","interaction":{"idSuffix":"inner"}},"clearTextFirst":true,"interactionType":"ENTER_TEXT"}]}
COMMAND: POST /session/d65bb1f3e2f9080c12776954838ef114/element - {"using":"xpath","value":"//input[@id=\"application-managecontracts-display-component---AddNewContract--site-inner\"]"}
RESULT: {"using":"xpath","value":"//input[@id=\"application-managecontracts-display-component---AddNewContract--site-inner\"]"}
COMMAND: POST /session/d65bb1f3e2f9080c12776954838ef114/element/f.AD1387FB3635F7347677CF9BEECFB356.d.31F57455007ED1AB6E54C7CCD3CC82D9.e.5137/clear - {}
RESULT: {}
COMMAND: POST /session/d65bb1f3e2f9080c12776954838ef114/element/f.AD1387FB3635F7347677CF9BEECFB356.d.31F57455007ED1AB6E54C7CCD3CC82D9.e.5137/value - {"text":"2363"}
COMMAND: GET /session/d65bb1f3e2f9080c12776954838ef114/screenshot - {}
RESULT: {"text":"2363"}
COMMAND: GET /session/d65bb1f3e2f9080c12776954838ef114/screenshot - {}
RESULT: {}
RESULT: {}
COMMAND: POST /session/d65bb1f3e2f9080c12776954838ef114/element - {"using":"xpath","value":"//li[.//span[text()='2363']]"}
RESULT: {"using":"xpath","value":"//li[.//span[text()='2363']]"}
COMMAND: POST /session/d65bb1f3e2f9080c12776954838ef114/element/f.AD1387FB3635F7347677CF9BEECFB356.d.31F57455007ED1AB6E54C7CCD3CC82D9.e.5160/click - {}
RESULT: {}
COMMAND: GET /session/d65bb1f3e2f9080c12776954838ef114/screenshot - {}
RESULT: {}
COMMAND: POST /session/d65bb1f3e2f9080c12776954838ef114/element - {"using":"xpath","value":"//input[@id=\"application-managecontracts-display-component---AddNewContract--yardId-inner\"]"}
RESULT: {"using":"xpath","value":"//input[@id=\"application-managecontracts-display-component---AddNewContract--yardId-inner\"]"}
COMMAND: GET /session/d65bb1f3e2f9080c12776954838ef114/element/f.AD1387FB3635F7347677CF9BEECFB356.d.31F57455007ED1AB6E54C7CCD3CC82D9.e.5138/property/value - {}
RESULT: {}
COMMAND: POST /session/d65bb1f3e2f9080c12776954838ef114/element - {"using":"xpath","value":"//input[@id=\"application-managecontracts-display-component---AddNewContract--customerSelect-inner\"]"}
COMMAND: GET /session/d65bb1f3e2f9080c12776954838ef114/screenshot - {}
RESULT: {"using":"xpath","value":"//input[@id=\"application-managecontracts-display-component---AddNewContract--customerSelect-inner\"]"}
COMMAND: POST /session/d65bb1f3e2f9080c12776954838ef114/element/f.AD1387FB3635F7347677CF9BEECFB356.d.31F57455007ED1AB6E54C7CCD3CC82D9.e.5136/clear - {}
RESULT: {}
RESULT: {}
COMMAND: POST /session/d65bb1f3e2f9080c12776954838ef114/element/f.AD1387FB3635F7347677CF9BEECFB356.d.31F57455007ED1AB6E54C7CCD3CC82D9.e.5136/value - {"text":"1403"}
COMMAND: GET /session/d65bb1f3e2f9080c12776954838ef114/screenshot - {}
RESULT: {"text":"1403"}
COMMAND: GET /session/d65bb1f3e2f9080c12776954838ef114/screenshot - {}
RESULT: {}
RESULT: {}
COMMAND: POST /session/d65bb1f3e2f9080c12776954838ef114/element - {"using":"xpath","value":"//li[.//span[text()='1403']]"}
RESULT: {"using":"xpath","value":"//li[.//span[text()='1403']]"}
COMMAND: POST /session/d65bb1f3e2f9080c12776954838ef114/element/f.AD1387FB3635F7347677CF9BEECFB356.d.31F57455007ED1AB6E54C7CCD3CC82D9.e.5163/click - {}
RESULT: {}
COMMAND: GET /session/d65bb1f3e2f9080c12776954838ef114/screenshot - {}
RESULT: {}
COMMAND: POST /session/d65bb1f3e2f9080c12776954838ef114/element - {"using":"xpath","value":"//button[@data-kt=\"saveButton\"]"}
RESULT: {"using":"xpath","value":"//button[@data-kt=\"saveButton\"]"}
COMMAND: POST /session/d65bb1f3e2f9080c12776954838ef114/element/f.AD1387FB3635F7347677CF9BEECFB356.d.31F57455007ED1AB6E54C7CCD3CC82D9.e.5152/click - {}
RESULT: {}
COMMAND: GET /session/d65bb1f3e2f9080c12776954838ef114/screenshot - {}
RESULT: {}
COMMAND: POST /session/d65bb1f3e2f9080c12776954838ef114/element - {"using":"xpath","value":"//span[contains(@id ,\"contractDetailTitleNoExpanded\")]"}
RESULT: {"using":"xpath","value":"//span[contains(@id ,\"contractDetailTitleNoExpanded\")]"}
COMMAND: POST /session/d65bb1f3e2f9080c12776954838ef114/elements - {"using":"xpath","value":"//span[contains(@id ,\"contractDetailTitleNoExpanded\")]"}
RESULT: {"using":"xpath","value":"//span[contains(@id ,\"contractDetailTitleNoExpanded\")]"}
COMMAND: POST /session/d65bb1f3e2f9080c12776954838ef114/execute/sync - {"script":"<script> [56 bytes]","args":[{"element-6066-11e4-a52e-4f735466cecf":"f.AD1387FB3635F7347677CF9BEECFB356.d.31F57455007ED1AB6E54C7CCD3CC82D9.e.5174","ELEMENT":"f.AD1387FB3635F7347677CF9BEECFB356.d.31F57455007ED1AB6E54C7CCD3CC82D9.e.5174"}]}
RESULT: {"script":"<script> [56 bytes]","args":[{"element-6066-11e4-a52e-4f735466cecf":"f.AD1387FB3635F7347677CF9BEECFB356.d.31F57455007ED1AB6E54C7CCD3CC82D9.e.5174","ELEMENT":"f.AD1387FB3635F7347677CF9BEECFB356.d.31F57455007ED1AB6E54C7CCD3CC82D9.e.5174"}]}
COMMAND: GET /session/d65bb1f3e2f9080c12776954838ef114/screenshot - {}
RESULT: {}
]]></system-out>
    </testcase>
    <testcase classname="chrome.135_0_7049_96.windows.Billing_Transfer_-_Master_data_&amp;_Intercompany_US127250" name="Should add equipment to the contract" time="49.588">
      <system-out><![CDATA[
COMMAND: POST /session/d65bb1f3e2f9080c12776954838ef114/element - {"using":"xpath","value":"//button[@data-kt=\"contractDetailEditBtnButton\"]"}
RESULT: {"using":"xpath","value":"//button[@data-kt=\"contractDetailEditBtnButton\"]"}
COMMAND: POST /session/d65bb1f3e2f9080c12776954838ef114/element/f.AD1387FB3635F7347677CF9BEECFB356.d.31F57455007ED1AB6E54C7CCD3CC82D9.e.5176/click - {}
RESULT: {}
COMMAND: GET /session/d65bb1f3e2f9080c12776954838ef114/screenshot - {}
RESULT: {}
COMMAND: POST /session/d65bb1f3e2f9080c12776954838ef114/element - {"using":"xpath","value":"(//span[contains(text(), \"Additional Addresses\")])[2]"}
RESULT: {"using":"xpath","value":"(//span[contains(text(), \"Additional Addresses\")])[2]"}
COMMAND: POST /session/d65bb1f3e2f9080c12776954838ef114/element/f.AD1387FB3635F7347677CF9BEECFB356.d.31F57455007ED1AB6E54C7CCD3CC82D9.e.5231/click - {}
RESULT: {}
COMMAND: GET /session/d65bb1f3e2f9080c12776954838ef114/screenshot - {}
RESULT: {}
COMMAND: POST /session/d65bb1f3e2f9080c12776954838ef114/element - {"using":"xpath","value":"//button[@data-kt=\"btnAddTableRowOverflowToolbarButton\"]"}
RESULT: {"using":"xpath","value":"//button[@data-kt=\"btnAddTableRowOverflowToolbarButton\"]"}
COMMAND: POST /session/d65bb1f3e2f9080c12776954838ef114/element/f.AD1387FB3635F7347677CF9BEECFB356.d.31F57455007ED1AB6E54C7CCD3CC82D9.e.5235/click - {}
RESULT: {}
COMMAND: GET /session/d65bb1f3e2f9080c12776954838ef114/screenshot - {}
RESULT: {}
COMMAND: POST /session/d65bb1f3e2f9080c12776954838ef114/element - {"using":"xpath","value":"//div[(text() = 'Standard Entry' or . = 'Standard Entry')]"}
RESULT: {"using":"xpath","value":"//div[(text() = 'Standard Entry' or . = 'Standard Entry')]"}
COMMAND: POST /session/d65bb1f3e2f9080c12776954838ef114/element/f.AD1387FB3635F7347677CF9BEECFB356.d.31F57455007ED1AB6E54C7CCD3CC82D9.e.5237/click - {}
RESULT: {}
COMMAND: GET /session/d65bb1f3e2f9080c12776954838ef114/screenshot - {}
RESULT: {}
COMMAND: POST /session/d65bb1f3e2f9080c12776954838ef114/element - {"using":"xpath","value":"//td[7]/div/div/input"}
RESULT: {"using":"xpath","value":"//td[7]/div/div/input"}
COMMAND: POST /session/d65bb1f3e2f9080c12776954838ef114/element/f.AD1387FB3635F7347677CF9BEECFB356.d.31F57455007ED1AB6E54C7CCD3CC82D9.e.5246/clear - {}
RESULT: {}
COMMAND: POST /session/d65bb1f3e2f9080c12776954838ef114/element/f.AD1387FB3635F7347677CF9BEECFB356.d.31F57455007ED1AB6E54C7CCD3CC82D9.e.5246/value - {"text":"Gdbpdum4cg"}
COMMAND: GET /session/d65bb1f3e2f9080c12776954838ef114/screenshot - {}
RESULT: {"text":"Gdbpdum4cg"}
COMMAND: GET /session/d65bb1f3e2f9080c12776954838ef114/screenshot - {}
RESULT: {}
RESULT: {}
COMMAND: POST /session/d65bb1f3e2f9080c12776954838ef114/actions - {"actions":[{"id":"action18","type":"key","parameters":{},"actions":[{"type":"keyDown","value":"î€‡"},{"type":"pause","duration":10},{"type":"keyUp","value":"î€‡"}]}]}
RESULT: {"actions":[{"id":"action18","type":"key","parameters":{},"actions":[{"type":"keyDown","value":"î€‡"},{"type":"pause","duration":10},{"type":"keyUp","value":"î€‡"}]}]}
COMMAND: GET /session/d65bb1f3e2f9080c12776954838ef114/screenshot - {}
COMMAND: POST /session/d65bb1f3e2f9080c12776954838ef114/execute/sync - {"script":"<script> [276 bytes]","args":["No pricing information was found"]}
RESULT: {}
RESULT: {"script":"<script> [276 bytes]","args":["No pricing information was found"]}
COMMAND: POST /session/d65bb1f3e2f9080c12776954838ef114/element - {"using":"xpath","value":"(//button[@data-kt=\"saveButton\"])[2]"}
COMMAND: GET /session/d65bb1f3e2f9080c12776954838ef114/screenshot - {}
RESULT: {"using":"xpath","value":"(//button[@data-kt=\"saveButton\"])[2]"}
COMMAND: POST /session/d65bb1f3e2f9080c12776954838ef114/element/f.AD1387FB3635F7347677CF9BEECFB356.d.31F57455007ED1AB6E54C7CCD3CC82D9.e.5261/click - {}
RESULT: {}
RESULT: {}
COMMAND: GET /session/d65bb1f3e2f9080c12776954838ef114/screenshot - {}
RESULT: {}
COMMAND: POST /session/d65bb1f3e2f9080c12776954838ef114/execute/sync - {"script":"<script> [276 bytes]","args":["Some contract items are having rental validity exceeding header rental validity"]}
RESULT: {"script":"<script> [276 bytes]","args":["Some contract items are having rental validity exceeding header rental validity"]}
COMMAND: GET /session/d65bb1f3e2f9080c12776954838ef114/screenshot - {}
RESULT: {}
COMMAND: POST /session/d65bb1f3e2f9080c12776954838ef114/element - {"using":"xpath","value":"//span[contains(@id ,\"contractItemsSmartTable-header-inner\")]"}
RESULT: {"using":"xpath","value":"//span[contains(@id ,\"contractItemsSmartTable-header-inner\")]"}
COMMAND: POST /session/d65bb1f3e2f9080c12776954838ef114/elements - {"using":"xpath","value":"//span[contains(@id ,\"contractItemsSmartTable-header-inner\")]"}
RESULT: {"using":"xpath","value":"//span[contains(@id ,\"contractItemsSmartTable-header-inner\")]"}
COMMAND: POST /session/d65bb1f3e2f9080c12776954838ef114/execute/sync - {"script":"<script> [56 bytes]","args":[{"element-6066-11e4-a52e-4f735466cecf":"f.AD1387FB3635F7347677CF9BEECFB356.d.31F57455007ED1AB6E54C7CCD3CC82D9.e.5266","ELEMENT":"f.AD1387FB3635F7347677CF9BEECFB356.d.31F57455007ED1AB6E54C7CCD3CC82D9.e.5266"}]}
RESULT: {"script":"<script> [56 bytes]","args":[{"element-6066-11e4-a52e-4f735466cecf":"f.AD1387FB3635F7347677CF9BEECFB356.d.31F57455007ED1AB6E54C7CCD3CC82D9.e.5266","ELEMENT":"f.AD1387FB3635F7347677CF9BEECFB356.d.31F57455007ED1AB6E54C7CCD3CC82D9.e.5266"}]}
]]></system-out>
    </testcase>
    <testcase classname="chrome.135_0_7049_96.windows.Billing_Transfer_-_Master_data_&amp;_Intercompany_US127250" name="Should do a provide to site handover" time="63.318">
      <system-out><![CDATA[
COMMAND: POST /session/d65bb1f3e2f9080c12776954838ef114/element - {"using":"xpath","value":"//button[@data-kt=\"provideButton\"]"}
COMMAND: GET /session/d65bb1f3e2f9080c12776954838ef114/screenshot - {}
RESULT: {"using":"xpath","value":"//button[@data-kt=\"provideButton\"]"}
COMMAND: POST /session/d65bb1f3e2f9080c12776954838ef114/element/f.AD1387FB3635F7347677CF9BEECFB356.d.31F57455007ED1AB6E54C7CCD3CC82D9.e.5267/click - {}
RESULT: {}
RESULT: {}
COMMAND: GET /session/d65bb1f3e2f9080c12776954838ef114/screenshot - {}
RESULT: {}
RESULT: undefined
COMMAND: POST /session/d65bb1f3e2f9080c12776954838ef114/execute/async - {"script":"<script> [6424 bytes]","args":[{"element-6066-11e4-a52e-4f735466cecf":"f.AD1387FB3635F7347677CF9BEECFB356.d.31F57455007ED1AB6E54C7CCD3CC82D9.e.4359"},"setValue",["05/03/2025"]]}
COMMAND: POST /session/d65bb1f3e2f9080c12776954838ef114/execute/async - {"script":"<script> [1562 bytes]","args":[{"selector":{"id":"application-managehandovers-display-component---AddNewHO--dueDate","interaction":{"idSuffix":"inner"}},"wdio_ui5_key":"applicationmanagehandovers-display-component---AddNewHO--dueDate"}]}
RESULT: {"script":"<script> [1562 bytes]","args":[{"selector":{"id":"application-managehandovers-display-component---AddNewHO--dueDate","interaction":{"idSuffix":"inner"}},"wdio_ui5_key":"applicationmanagehandovers-display-component---AddNewHO--dueDate"}]}
COMMAND: POST /session/d65bb1f3e2f9080c12776954838ef114/execute/async - {"script":"<script> [6424 bytes]","args":[{"element-6066-11e4-a52e-4f735466cecf":"f.AD1387FB3635F7347677CF9BEECFB356.d.31F57455007ED1AB6E54C7CCD3CC82D9.e.5341"},"setValue",["05/03/2025"]]}
RESULT: {"script":"<script> [6424 bytes]","args":[{"element-6066-11e4-a52e-4f735466cecf":"f.AD1387FB3635F7347677CF9BEECFB356.d.31F57455007ED1AB6E54C7CCD3CC82D9.e.5341"},"setValue",["05/03/2025"]]}
COMMAND: POST /session/d65bb1f3e2f9080c12776954838ef114/element - {"using":"xpath","value":"//bdi[contains(text(), \"Instructions\")]"}
RESULT: {"using":"xpath","value":"//bdi[contains(text(), \"Instructions\")]"}
COMMAND: POST /session/d65bb1f3e2f9080c12776954838ef114/element/f.AD1387FB3635F7347677CF9BEECFB356.d.31F57455007ED1AB6E54C7CCD3CC82D9.e.5610/click - {}
RESULT: {}
COMMAND: GET /session/d65bb1f3e2f9080c12776954838ef114/screenshot - {}
RESULT: {}
COMMAND: POST /session/d65bb1f3e2f9080c12776954838ef114/element - {"using":"xpath","value":"//button[@data-kt=\"AddNewHOProvideAddItemsButton\"]"}
RESULT: {"using":"xpath","value":"//button[@data-kt=\"AddNewHOProvideAddItemsButton\"]"}
COMMAND: POST /session/d65bb1f3e2f9080c12776954838ef114/element/f.AD1387FB3635F7347677CF9BEECFB356.d.31F57455007ED1AB6E54C7CCD3CC82D9.e.5614/click - {}
RESULT: {}
COMMAND: GET /session/d65bb1f3e2f9080c12776954838ef114/screenshot - {}
RESULT: {}
RESULT: undefined
COMMAND: POST /session/d65bb1f3e2f9080c12776954838ef114/element - {"using":"xpath","value":"//*[@id=\"application-managehandovers-display-component---AddNewHO--popup-sa\"]"}
RESULT: {"using":"xpath","value":"//*[@id=\"application-managehandovers-display-component---AddNewHO--popup-sa\"]"}
COMMAND: POST /session/d65bb1f3e2f9080c12776954838ef114/element/f.AD1387FB3635F7347677CF9BEECFB356.d.31F57455007ED1AB6E54C7CCD3CC82D9.e.5626/click - {}
RESULT: {}
COMMAND: GET /session/d65bb1f3e2f9080c12776954838ef114/screenshot - {}
RESULT: {}
COMMAND: POST /session/d65bb1f3e2f9080c12776954838ef114/element - {"using":"xpath","value":"//*[contains(@id ,\"BDI-content\")][contains(text(), \"Select\")]"}
RESULT: {"using":"xpath","value":"//*[contains(@id ,\"BDI-content\")][contains(text(), \"Select\")]"}
COMMAND: POST /session/d65bb1f3e2f9080c12776954838ef114/element/f.AD1387FB3635F7347677CF9BEECFB356.d.31F57455007ED1AB6E54C7CCD3CC82D9.e.5627/click - {}
RESULT: {}
COMMAND: GET /session/d65bb1f3e2f9080c12776954838ef114/screenshot - {}
RESULT: {}
COMMAND: POST /session/d65bb1f3e2f9080c12776954838ef114/execute/async - {"script":"<script> [1562 bytes]","args":[{"selector":{"id":"application-managehandovers-display-component---AddNewHO--confirmCreationButton","interaction":{"idSuffix":"BDI-content"}},"wdio_ui5_key":"applicationmanagehandovers-display-component---AddNewHO--confirmCreationButton"}]}
RESULT: {"script":"<script> [1562 bytes]","args":[{"selector":{"id":"application-managehandovers-display-component---AddNewHO--confirmCreationButton","interaction":{"idSuffix":"BDI-content"}},"wdio_ui5_key":"applicationmanagehandovers-display-component---AddNewHO--confirmCreationButton"}]}
RESULT: undefined
COMMAND: POST /session/d65bb1f3e2f9080c12776954838ef114/element - {"using":"xpath","value":"//*[@id=\"application-managehandovers-display-component---AddNewHO--confirmCreationButton\"]"}
RESULT: {"using":"xpath","value":"//*[@id=\"application-managehandovers-display-component---AddNewHO--confirmCreationButton\"]"}
COMMAND: POST /session/d65bb1f3e2f9080c12776954838ef114/element/f.AD1387FB3635F7347677CF9BEECFB356.d.31F57455007ED1AB6E54C7CCD3CC82D9.e.5387/click - {}
RESULT: {}
COMMAND: GET /session/d65bb1f3e2f9080c12776954838ef114/screenshot - {}
COMMAND: POST /session/d65bb1f3e2f9080c12776954838ef114/element - {"using":"xpath","value":"//button[@data-kt=\"PickingTableConfirmAllButton\"]"}
RESULT: {}
RESULT: {"using":"xpath","value":"//button[@data-kt=\"PickingTableConfirmAllButton\"]"}
COMMAND: POST /session/d65bb1f3e2f9080c12776954838ef114/elements - {"using":"xpath","value":"//button[@data-kt=\"PickingTableConfirmAllButton\"]"}
RESULT: {"using":"xpath","value":"//button[@data-kt=\"PickingTableConfirmAllButton\"]"}
COMMAND: POST /session/d65bb1f3e2f9080c12776954838ef114/elements - {"using":"xpath","value":"//button[@data-kt=\"PickingTableConfirmAllButton\"]"}
RESULT: {"using":"xpath","value":"//button[@data-kt=\"PickingTableConfirmAllButton\"]"}
COMMAND: POST /session/d65bb1f3e2f9080c12776954838ef114/elements - {"using":"xpath","value":"//button[@data-kt=\"PickingTableConfirmAllButton\"]"}
RESULT: {"using":"xpath","value":"//button[@data-kt=\"PickingTableConfirmAllButton\"]"}
COMMAND: POST /session/d65bb1f3e2f9080c12776954838ef114/element - {"using":"xpath","value":"//button[@data-kt=\"PickingTableConfirmAllButton\"]"}
RESULT: {"using":"xpath","value":"//button[@data-kt=\"PickingTableConfirmAllButton\"]"}
COMMAND: POST /session/d65bb1f3e2f9080c12776954838ef114/element/f.AD1387FB3635F7347677CF9BEECFB356.d.31F57455007ED1AB6E54C7CCD3CC82D9.e.5665/click - {}
COMMAND: POST /session/d65bb1f3e2f9080c12776954838ef114/element - {"using":"xpath","value":"//button[@data-kt=\"PickingTableConfirmAllButton\"]"}
RESULT: {"using":"xpath","value":"//button[@data-kt=\"PickingTableConfirmAllButton\"]"}
COMMAND: POST /session/d65bb1f3e2f9080c12776954838ef114/element/f.AD1387FB3635F7347677CF9BEECFB356.d.31F57455007ED1AB6E54C7CCD3CC82D9.e.5665/click - {}
COMMAND: POST /session/d65bb1f3e2f9080c12776954838ef114/element - {"using":"xpath","value":"//button[@data-kt=\"PickingTableConfirmAllButton\"]"}
RESULT: {"using":"xpath","value":"//button[@data-kt=\"PickingTableConfirmAllButton\"]"}
COMMAND: POST /session/d65bb1f3e2f9080c12776954838ef114/element/f.AD1387FB3635F7347677CF9BEECFB356.d.31F57455007ED1AB6E54C7CCD3CC82D9.e.5689/click - {}
RESULT: {}
COMMAND: GET /session/d65bb1f3e2f9080c12776954838ef114/screenshot - {}
RESULT: {}
COMMAND: POST /session/d65bb1f3e2f9080c12776954838ef114/element - {"using":"xpath","value":"//bdi[contains(text(), \"OK\")]"}
RESULT: {"using":"xpath","value":"//bdi[contains(text(), \"OK\")]"}
COMMAND: POST /session/d65bb1f3e2f9080c12776954838ef114/element/f.AD1387FB3635F7347677CF9BEECFB356.d.31F57455007ED1AB6E54C7CCD3CC82D9.e.5691/click - {}
RESULT: {}
COMMAND: GET /session/d65bb1f3e2f9080c12776954838ef114/screenshot - {}
RESULT: {}
COMMAND: POST /session/d65bb1f3e2f9080c12776954838ef114/element - {"using":"xpath","value":"//bdi[contains(text(), \"Issue\")]"}
RESULT: {"using":"xpath","value":"//bdi[contains(text(), \"Issue\")]"}
COMMAND: POST /session/d65bb1f3e2f9080c12776954838ef114/element/f.AD1387FB3635F7347677CF9BEECFB356.d.31F57455007ED1AB6E54C7CCD3CC82D9.e.5693/click - {}
RESULT: {}
COMMAND: GET /session/d65bb1f3e2f9080c12776954838ef114/screenshot - {}
RESULT: {}
COMMAND: POST /session/d65bb1f3e2f9080c12776954838ef114/element - {"using":"css selector","value":"#shell-header-logo"}
RESULT: {"using":"css selector","value":"#shell-header-logo"}
COMMAND: POST /session/d65bb1f3e2f9080c12776954838ef114/element/f.AD1387FB3635F7347677CF9BEECFB356.d.31F57455007ED1AB6E54C7CCD3CC82D9.e.4770/click - {}
RESULT: {}
COMMAND: GET /session/d65bb1f3e2f9080c12776954838ef114/screenshot - {}
RESULT: {}
]]></system-out>
    </testcase>
    <testcase classname="chrome.135_0_7049_96.windows.Billing_Transfer_-_Master_data_&amp;_Intercompany_US127250" name="Should go navigate to Manage Billings and trigger contract calculation check result" time="61.206">
      <system-out><![CDATA[
COMMAND: POST /session/d65bb1f3e2f9080c12776954838ef114/execute/async - {"script":"<script> [1562 bytes]","args":[{"selector":{"controlType":"sap.m.GenericTile","properties":{"header":"Manage Billings"}},"wdio_ui5_key":"sapm.GenericTile{\"header\":\"Manage Billings\"}"}]}
RESULT: {"script":"<script> [1562 bytes]","args":[{"selector":{"controlType":"sap.m.GenericTile","properties":{"header":"Manage Billings"}},"wdio_ui5_key":"sapm.GenericTile{\"header\":\"Manage Billings\"}"}]}
RESULT: undefined
COMMAND: POST /session/d65bb1f3e2f9080c12776954838ef114/element - {"using":"xpath","value":"//*[@id=\"__tile51\"]"}
RESULT: {"using":"xpath","value":"//*[@id=\"__tile51\"]"}
COMMAND: POST /session/d65bb1f3e2f9080c12776954838ef114/element/f.AD1387FB3635F7347677CF9BEECFB356.d.31F57455007ED1AB6E54C7CCD3CC82D9.e.207/click - {}
RESULT: {}
COMMAND: GET /session/d65bb1f3e2f9080c12776954838ef114/screenshot - {}
RESULT: {}
COMMAND: POST /session/d65bb1f3e2f9080c12776954838ef114/execute/async - {"script":"<script> [1562 bytes]","args":[{"selector":{"id":"application-managebillings-display-component---billRunCalcResult--smartFilterBar-btnBasicSearch","interaction":{"idSuffix":"I"}},"wdio_ui5_key":"applicationmanagebillings-display-component---billRunCalcResult--smartFilterBar-btnBasicSearch"}]}
RESULT: {"script":"<script> [1562 bytes]","args":[{"selector":{"id":"application-managebillings-display-component---billRunCalcResult--smartFilterBar-btnBasicSearch","interaction":{"idSuffix":"I"}},"wdio_ui5_key":"applicationmanagebillings-display-component---billRunCalcResult--smartFilterBar-btnBasicSearch"}]}
RESULT: undefined
COMMAND: POST /session/d65bb1f3e2f9080c12776954838ef114/execute/async - {"script":"<script> [776 bytes]","args":[{"enterText":"10485","selector":{"id":"application-managebillings-display-component---billRunCalcResult--smartFilterBar-btnBasicSearch","interaction":{"idSuffix":"I"}},"clearTextFirst":true,"interactionType":"ENTER_TEXT"}]}
RESULT: {"script":"<script> [776 bytes]","args":[{"enterText":"10485","selector":{"id":"application-managebillings-display-component---billRunCalcResult--smartFilterBar-btnBasicSearch","interaction":{"idSuffix":"I"}},"clearTextFirst":true,"interactionType":"ENTER_TEXT"}]}
COMMAND: POST /session/d65bb1f3e2f9080c12776954838ef114/actions - {"actions":[{"id":"action19","type":"key","parameters":{},"actions":[{"type":"keyDown","value":"î€‡"},{"type":"pause","duration":10},{"type":"keyUp","value":"î€‡"}]}]}
RESULT: {"actions":[{"id":"action19","type":"key","parameters":{},"actions":[{"type":"keyDown","value":"î€‡"},{"type":"pause","duration":10},{"type":"keyUp","value":"î€‡"}]}]}
COMMAND: GET /session/d65bb1f3e2f9080c12776954838ef114/screenshot - {}
RESULT: {}
COMMAND: POST /session/d65bb1f3e2f9080c12776954838ef114/element - {"using":"xpath","value":"//td[@aria-colindex=\"1\"]/div/div[contains(@class, \"sapMCbBg\")]"}
RESULT: {"using":"xpath","value":"//td[@aria-colindex=\"1\"]/div/div[contains(@class, \"sapMCbBg\")]"}
COMMAND: POST /session/d65bb1f3e2f9080c12776954838ef114/element/f.AD1387FB3635F7347677CF9BEECFB356.d.31F57455007ED1AB6E54C7CCD3CC82D9.e.6086/click - {}
RESULT: {}
COMMAND: GET /session/d65bb1f3e2f9080c12776954838ef114/screenshot - {}
RESULT: {}
COMMAND: POST /session/d65bb1f3e2f9080c12776954838ef114/execute/async - {"script":"<script> [1562 bytes]","args":[{"selector":{"id":"application-managebillings-display-component---billRunCalcResult--contractBillRunDate","interaction":{"idSuffix":"inner"}},"wdio_ui5_key":"applicationmanagebillings-display-component---billRunCalcResult--contractBillRunDate"}]}
RESULT: {"script":"<script> [1562 bytes]","args":[{"selector":{"id":"application-managebillings-display-component---billRunCalcResult--contractBillRunDate","interaction":{"idSuffix":"inner"}},"wdio_ui5_key":"applicationmanagebillings-display-component---billRunCalcResult--contractBillRunDate"}]}
RESULT: undefined
COMMAND: POST /session/d65bb1f3e2f9080c12776954838ef114/execute/async - {"script":"<script> [776 bytes]","args":[{"enterText":"06/03/25","selector":{"id":"application-managebillings-display-component---billRunCalcResult--contractBillRunDate","interaction":{"idSuffix":"inner"}},"clearTextFirst":true,"interactionType":"ENTER_TEXT"}]}
RESULT: {"script":"<script> [776 bytes]","args":[{"enterText":"06/03/25","selector":{"id":"application-managebillings-display-component---billRunCalcResult--contractBillRunDate","interaction":{"idSuffix":"inner"}},"clearTextFirst":true,"interactionType":"ENTER_TEXT"}]}
COMMAND: POST /session/d65bb1f3e2f9080c12776954838ef114/element - {"using":"xpath","value":"//bdi[contains(text(), \"Trigger Calculation\")]"}
RESULT: {"using":"xpath","value":"//bdi[contains(text(), \"Trigger Calculation\")]"}
COMMAND: POST /session/d65bb1f3e2f9080c12776954838ef114/element/f.AD1387FB3635F7347677CF9BEECFB356.d.31F57455007ED1AB6E54C7CCD3CC82D9.e.6138/click - {}
RESULT: {}
COMMAND: GET /session/d65bb1f3e2f9080c12776954838ef114/screenshot - {}
RESULT: {}
COMMAND: POST /session/d65bb1f3e2f9080c12776954838ef114/element - {"using":"xpath","value":"(//span[contains(@id, \"imgNav\")])[1]"}
RESULT: {"using":"xpath","value":"(//span[contains(@id, \"imgNav\")])[1]"}
COMMAND: POST /session/d65bb1f3e2f9080c12776954838ef114/element/f.AD1387FB3635F7347677CF9BEECFB356.d.31F57455007ED1AB6E54C7CCD3CC82D9.e.6087/click - {}
RESULT: {}
COMMAND: GET /session/d65bb1f3e2f9080c12776954838ef114/screenshot - {}
RESULT: {}
COMMAND: POST /session/d65bb1f3e2f9080c12776954838ef114/element - {"using":"xpath","value":"//tr/td[6]/div[1]/span[1]/span[1]"}
RESULT: {"using":"xpath","value":"//tr/td[6]/div[1]/span[1]/span[1]"}
COMMAND: GET /session/d65bb1f3e2f9080c12776954838ef114/element/f.AD1387FB3635F7347677CF9BEECFB356.d.31F57455007ED1AB6E54C7CCD3CC82D9.e.6143/text - {}
RESULT: {}
COMMAND: POST /session/d65bb1f3e2f9080c12776954838ef114/element - {"using":"xpath","value":"(//span[contains(@id, \"imgNav\")])[2]"}
RESULT: {"using":"xpath","value":"(//span[contains(@id, \"imgNav\")])[2]"}
COMMAND: POST /session/d65bb1f3e2f9080c12776954838ef114/element/f.AD1387FB3635F7347677CF9BEECFB356.d.31F57455007ED1AB6E54C7CCD3CC82D9.e.6144/click - {}
RESULT: {}
COMMAND: POST /session/d65bb1f3e2f9080c12776954838ef114/element - {"using":"xpath","value":"//bdi[contains(text(), \"Business Confirm\")]"}
COMMAND: GET /session/d65bb1f3e2f9080c12776954838ef114/screenshot - {}
RESULT: {"using":"xpath","value":"//bdi[contains(text(), \"Business Confirm\")]"}
COMMAND: POST /session/d65bb1f3e2f9080c12776954838ef114/elements - {"using":"xpath","value":"//bdi[contains(text(), \"Business Confirm\")]"}
RESULT: {}
RESULT: {"using":"xpath","value":"//bdi[contains(text(), \"Business Confirm\")]"}
COMMAND: POST /session/d65bb1f3e2f9080c12776954838ef114/element - {"using":"xpath","value":"//bdi[contains(text(), \"Business Confirm\")]"}
RESULT: {"using":"xpath","value":"//bdi[contains(text(), \"Business Confirm\")]"}
COMMAND: POST /session/d65bb1f3e2f9080c12776954838ef114/element/f.AD1387FB3635F7347677CF9BEECFB356.d.31F57455007ED1AB6E54C7CCD3CC82D9.e.6217/click - {}
RESULT: {}
COMMAND: POST /session/d65bb1f3e2f9080c12776954838ef114/element - {"using":"css selector","value":"#shell-header-logo"}
COMMAND: GET /session/d65bb1f3e2f9080c12776954838ef114/screenshot - {}
RESULT: {"using":"css selector","value":"#shell-header-logo"}
COMMAND: POST /session/d65bb1f3e2f9080c12776954838ef114/element/f.AD1387FB3635F7347677CF9BEECFB356.d.31F57455007ED1AB6E54C7CCD3CC82D9.e.5872/click - {}
RESULT: {}
RESULT: {}
COMMAND: GET /session/d65bb1f3e2f9080c12776954838ef114/screenshot - {}
RESULT: {}
]]></system-out>
    </testcase>
    <testcase classname="chrome.135_0_7049_96.windows.Billing_Transfer_-_Master_data_&amp;_Intercompany_US127250" name="Should do Billing Transfer all the way into invoice open for intercompany case" time="84.448">
      <system-out><![CDATA[
COMMAND: POST /session/d65bb1f3e2f9080c12776954838ef114/execute/async - {"script":"<script> [1562 bytes]","args":[{"selector":{"controlType":"sap.m.GenericTile","properties":{"header":"Billing Transfer"}},"wdio_ui5_key":"sapm.GenericTile{\"header\":\"Billing Transfer\"}"}]}
RESULT: {"script":"<script> [1562 bytes]","args":[{"selector":{"controlType":"sap.m.GenericTile","properties":{"header":"Billing Transfer"}},"wdio_ui5_key":"sapm.GenericTile{\"header\":\"Billing Transfer\"}"}]}
RESULT: undefined
COMMAND: POST /session/d65bb1f3e2f9080c12776954838ef114/element - {"using":"xpath","value":"//*[@id=\"__tile50\"]"}
RESULT: {"using":"xpath","value":"//*[@id=\"__tile50\"]"}
COMMAND: POST /session/d65bb1f3e2f9080c12776954838ef114/element/f.AD1387FB3635F7347677CF9BEECFB356.d.31F57455007ED1AB6E54C7CCD3CC82D9.e.205/click - {}
RESULT: {}
COMMAND: POST /session/d65bb1f3e2f9080c12776954838ef114/element - {"using":"xpath","value":"//input[contains(@id ,\"application-billingtransfer-display-component---billingWorkbench--smartFilterBar-btnBasicSearch\")]"}
COMMAND: GET /session/d65bb1f3e2f9080c12776954838ef114/screenshot - {}
RESULT: {"using":"xpath","value":"//input[contains(@id ,\"application-billingtransfer-display-component---billingWorkbench--smartFilterBar-btnBasicSearch\")]"}
COMMAND: POST /session/d65bb1f3e2f9080c12776954838ef114/elements - {"using":"xpath","value":"//input[contains(@id ,\"application-billingtransfer-display-component---billingWorkbench--smartFilterBar-btnBasicSearch\")]"}
RESULT: {}
RESULT: {"using":"xpath","value":"//input[contains(@id ,\"application-billingtransfer-display-component---billingWorkbench--smartFilterBar-btnBasicSearch\")]"}
COMMAND: POST /session/d65bb1f3e2f9080c12776954838ef114/elements - {"using":"xpath","value":"//input[contains(@id ,\"application-billingtransfer-display-component---billingWorkbench--smartFilterBar-btnBasicSearch\")]"}
RESULT: {"using":"xpath","value":"//input[contains(@id ,\"application-billingtransfer-display-component---billingWorkbench--smartFilterBar-btnBasicSearch\")]"}
COMMAND: POST /session/d65bb1f3e2f9080c12776954838ef114/elements - {"using":"xpath","value":"//input[contains(@id ,\"application-billingtransfer-display-component---billingWorkbench--smartFilterBar-btnBasicSearch\")]"}
RESULT: {"using":"xpath","value":"//input[contains(@id ,\"application-billingtransfer-display-component---billingWorkbench--smartFilterBar-btnBasicSearch\")]"}
COMMAND: POST /session/d65bb1f3e2f9080c12776954838ef114/elements - {"using":"xpath","value":"//input[contains(@id ,\"application-billingtransfer-display-component---billingWorkbench--smartFilterBar-btnBasicSearch\")]"}
RESULT: {"using":"xpath","value":"//input[contains(@id ,\"application-billingtransfer-display-component---billingWorkbench--smartFilterBar-btnBasicSearch\")]"}
COMMAND: POST /session/d65bb1f3e2f9080c12776954838ef114/element - {"using":"xpath","value":"//input[contains(@id ,\"application-billingtransfer-display-component---billingWorkbench--smartFilterBar-btnBasicSearch\")]"}
RESULT: {"using":"xpath","value":"//input[contains(@id ,\"application-billingtransfer-display-component---billingWorkbench--smartFilterBar-btnBasicSearch\")]"}
COMMAND: POST /session/d65bb1f3e2f9080c12776954838ef114/execute/sync - {"script":"<script> [8489 bytes]","args":[{"element-6066-11e4-a52e-4f735466cecf":"f.AD1387FB3635F7347677CF9BEECFB356.d.31F57455007ED1AB6E54C7CCD3CC82D9.e.6226","ELEMENT":"f.AD1387FB3635F7347677CF9BEECFB356.d.31F57455007ED1AB6E54C7CCD3CC82D9.e.6226"}]}
RESULT: {"script":"<script> [8489 bytes]","args":[{"element-6066-11e4-a52e-4f735466cecf":"f.AD1387FB3635F7347677CF9BEECFB356.d.31F57455007ED1AB6E54C7CCD3CC82D9.e.6226","ELEMENT":"f.AD1387FB3635F7347677CF9BEECFB356.d.31F57455007ED1AB6E54C7CCD3CC82D9.e.6226"}]}
COMMAND: GET /session/d65bb1f3e2f9080c12776954838ef114/element/f.AD1387FB3635F7347677CF9BEECFB356.d.31F57455007ED1AB6E54C7CCD3CC82D9.e.6226/enabled - {}
COMMAND: GET /session/d65bb1f3e2f9080c12776954838ef114/screenshot - {}
RESULT: {}
COMMAND: POST /session/d65bb1f3e2f9080c12776954838ef114/element/f.AD1387FB3635F7347677CF9BEECFB356.d.31F57455007ED1AB6E54C7CCD3CC82D9.e.6226/click - {}
COMMAND: GET /session/d65bb1f3e2f9080c12776954838ef114/screenshot - {}
RESULT: {}
RESULT: {}
COMMAND: GET /session/d65bb1f3e2f9080c12776954838ef114/screenshot - {}
RESULT: {}
RESULT: {}
COMMAND: POST /session/d65bb1f3e2f9080c12776954838ef114/element/f.AD1387FB3635F7347677CF9BEECFB356.d.31F57455007ED1AB6E54C7CCD3CC82D9.e.6226/clear - {}
RESULT: {}
COMMAND: POST /session/d65bb1f3e2f9080c12776954838ef114/element/f.AD1387FB3635F7347677CF9BEECFB356.d.31F57455007ED1AB6E54C7CCD3CC82D9.e.6226/value - {"text":"10485"}
COMMAND: GET /session/d65bb1f3e2f9080c12776954838ef114/screenshot - {}
RESULT: {"text":"10485"}
COMMAND: POST /session/d65bb1f3e2f9080c12776954838ef114/actions - {"actions":[{"id":"action20","type":"key","parameters":{},"actions":[{"type":"keyDown","value":"î€‡"},{"type":"pause","duration":10},{"type":"keyUp","value":"î€‡"}]}]}
COMMAND: GET /session/d65bb1f3e2f9080c12776954838ef114/screenshot - {}
RESULT: {}
RESULT: {"actions":[{"id":"action20","type":"key","parameters":{},"actions":[{"type":"keyDown","value":"î€‡"},{"type":"pause","duration":10},{"type":"keyUp","value":"î€‡"}]}]}
COMMAND: GET /session/d65bb1f3e2f9080c12776954838ef114/screenshot - {}
RESULT: {}
RESULT: {}
COMMAND: POST /session/d65bb1f3e2f9080c12776954838ef114/element - {"using":"xpath","value":"//span[contains(@id ,\"application-billingtransfer-display-component---billingWorkbench--smartTableBillingRuns-header-inner\")]"}
RESULT: {"using":"xpath","value":"//span[contains(@id ,\"application-billingtransfer-display-component---billingWorkbench--smartTableBillingRuns-header-inner\")]"}
COMMAND: POST /session/d65bb1f3e2f9080c12776954838ef114/elements - {"using":"xpath","value":"//span[contains(@id ,\"application-billingtransfer-display-component---billingWorkbench--smartTableBillingRuns-header-inner\")]"}
RESULT: {"using":"xpath","value":"//span[contains(@id ,\"application-billingtransfer-display-component---billingWorkbench--smartTableBillingRuns-header-inner\")]"}
COMMAND: POST /session/d65bb1f3e2f9080c12776954838ef114/execute/sync - {"script":"<script> [56 bytes]","args":[{"element-6066-11e4-a52e-4f735466cecf":"f.AD1387FB3635F7347677CF9BEECFB356.d.31F57455007ED1AB6E54C7CCD3CC82D9.e.6629","ELEMENT":"f.AD1387FB3635F7347677CF9BEECFB356.d.31F57455007ED1AB6E54C7CCD3CC82D9.e.6629"}]}
RESULT: {"script":"<script> [56 bytes]","args":[{"element-6066-11e4-a52e-4f735466cecf":"f.AD1387FB3635F7347677CF9BEECFB356.d.31F57455007ED1AB6E54C7CCD3CC82D9.e.6629","ELEMENT":"f.AD1387FB3635F7347677CF9BEECFB356.d.31F57455007ED1AB6E54C7CCD3CC82D9.e.6629"}]}
COMMAND: POST /session/d65bb1f3e2f9080c12776954838ef114/element - {"using":"xpath","value":"//td[@aria-colindex=\"1\"]/div/div[contains(@class, \"sapMCbBg\")]"}
COMMAND: GET /session/d65bb1f3e2f9080c12776954838ef114/screenshot - {}
RESULT: {"using":"xpath","value":"//td[@aria-colindex=\"1\"]/div/div[contains(@class, \"sapMCbBg\")]"}
COMMAND: POST /session/d65bb1f3e2f9080c12776954838ef114/element/f.AD1387FB3635F7347677CF9BEECFB356.d.31F57455007ED1AB6E54C7CCD3CC82D9.e.6621/click - {}
RESULT: {}
RESULT: {}
COMMAND: GET /session/d65bb1f3e2f9080c12776954838ef114/screenshot - {}
RESULT: {}
COMMAND: POST /session/d65bb1f3e2f9080c12776954838ef114/element - {"using":"xpath","value":"//bdi[contains(text(), \"Check\")]"}
RESULT: {"using":"xpath","value":"//bdi[contains(text(), \"Check\")]"}
COMMAND: POST /session/d65bb1f3e2f9080c12776954838ef114/element/f.AD1387FB3635F7347677CF9BEECFB356.d.31F57455007ED1AB6E54C7CCD3CC82D9.e.6630/click - {}
RESULT: {}
COMMAND: GET /session/d65bb1f3e2f9080c12776954838ef114/screenshot - {}
RESULT: {}
COMMAND: POST /session/d65bb1f3e2f9080c12776954838ef114/element - {"using":"xpath","value":"//bdi[contains(text(), \"OK\")]"}
RESULT: {"using":"xpath","value":"//bdi[contains(text(), \"OK\")]"}
COMMAND: POST /session/d65bb1f3e2f9080c12776954838ef114/element/f.AD1387FB3635F7347677CF9BEECFB356.d.31F57455007ED1AB6E54C7CCD3CC82D9.e.6633/click - {}
RESULT: {}
COMMAND: GET /session/d65bb1f3e2f9080c12776954838ef114/screenshot - {}
RESULT: {}
COMMAND: POST /session/d65bb1f3e2f9080c12776954838ef114/element - {"using":"xpath","value":"(//span[contains(text(), \"CO/SD checked\")]/parent::div/preceding-sibling::div/span)[1]"}
RESULT: {"using":"xpath","value":"(//span[contains(text(), \"CO/SD checked\")]/parent::div/preceding-sibling::div/span)[1]"}
COMMAND: POST /session/d65bb1f3e2f9080c12776954838ef114/element/f.AD1387FB3635F7347677CF9BEECFB356.d.31F57455007ED1AB6E54C7CCD3CC82D9.e.6635/click - {}
RESULT: {}
COMMAND: GET /session/d65bb1f3e2f9080c12776954838ef114/screenshot - {}
RESULT: {}
COMMAND: POST /session/d65bb1f3e2f9080c12776954838ef114/element - {"using":"xpath","value":"//input[contains(@id ,\"application-billingtransfer-display-component---billingWorkbench--smartFilterBar-btnBasicSearch\")]"}
RESULT: {"using":"xpath","value":"//input[contains(@id ,\"application-billingtransfer-display-component---billingWorkbench--smartFilterBar-btnBasicSearch\")]"}
COMMAND: POST /session/d65bb1f3e2f9080c12776954838ef114/elements - {"using":"xpath","value":"//input[contains(@id ,\"application-billingtransfer-display-component---billingWorkbench--smartFilterBar-btnBasicSearch\")]"}
RESULT: {"using":"xpath","value":"//input[contains(@id ,\"application-billingtransfer-display-component---billingWorkbench--smartFilterBar-btnBasicSearch\")]"}
COMMAND: POST /session/d65bb1f3e2f9080c12776954838ef114/execute/sync - {"script":"<script> [8489 bytes]","args":[{"element-6066-11e4-a52e-4f735466cecf":"f.AD1387FB3635F7347677CF9BEECFB356.d.31F57455007ED1AB6E54C7CCD3CC82D9.e.6226","ELEMENT":"f.AD1387FB3635F7347677CF9BEECFB356.d.31F57455007ED1AB6E54C7CCD3CC82D9.e.6226"}]}
RESULT: {"script":"<script> [8489 bytes]","args":[{"element-6066-11e4-a52e-4f735466cecf":"f.AD1387FB3635F7347677CF9BEECFB356.d.31F57455007ED1AB6E54C7CCD3CC82D9.e.6226","ELEMENT":"f.AD1387FB3635F7347677CF9BEECFB356.d.31F57455007ED1AB6E54C7CCD3CC82D9.e.6226"}]}
COMMAND: GET /session/d65bb1f3e2f9080c12776954838ef114/element/f.AD1387FB3635F7347677CF9BEECFB356.d.31F57455007ED1AB6E54C7CCD3CC82D9.e.6226/enabled - {}
COMMAND: GET /session/d65bb1f3e2f9080c12776954838ef114/screenshot - {}
RESULT: {}
COMMAND: POST /session/d65bb1f3e2f9080c12776954838ef114/element/f.AD1387FB3635F7347677CF9BEECFB356.d.31F57455007ED1AB6E54C7CCD3CC82D9.e.6226/click - {}
COMMAND: GET /session/d65bb1f3e2f9080c12776954838ef114/screenshot - {}
RESULT: {}
RESULT: {}
COMMAND: GET /session/d65bb1f3e2f9080c12776954838ef114/screenshot - {}
RESULT: {}
RESULT: {}
COMMAND: POST /session/d65bb1f3e2f9080c12776954838ef114/element/f.AD1387FB3635F7347677CF9BEECFB356.d.31F57455007ED1AB6E54C7CCD3CC82D9.e.6226/clear - {}
RESULT: {}
COMMAND: POST /session/d65bb1f3e2f9080c12776954838ef114/element/f.AD1387FB3635F7347677CF9BEECFB356.d.31F57455007ED1AB6E54C7CCD3CC82D9.e.6226/value - {"text":"10485"}
COMMAND: GET /session/d65bb1f3e2f9080c12776954838ef114/screenshot - {}
RESULT: {"text":"10485"}
COMMAND: POST /session/d65bb1f3e2f9080c12776954838ef114/actions - {"actions":[{"id":"action21","type":"key","parameters":{},"actions":[{"type":"keyDown","value":"î€‡"},{"type":"pause","duration":10},{"type":"keyUp","value":"î€‡"}]}]}
COMMAND: GET /session/d65bb1f3e2f9080c12776954838ef114/screenshot - {}
RESULT: {}
RESULT: {"actions":[{"id":"action21","type":"key","parameters":{},"actions":[{"type":"keyDown","value":"î€‡"},{"type":"pause","duration":10},{"type":"keyUp","value":"î€‡"}]}]}
COMMAND: GET /session/d65bb1f3e2f9080c12776954838ef114/screenshot - {}
RESULT: {}
RESULT: {}
COMMAND: POST /session/d65bb1f3e2f9080c12776954838ef114/element - {"using":"xpath","value":"//span[contains(@id ,\"application-billingtransfer-display-component---billingWorkbench--smartTableBillingRuns-header-inner\")]"}
RESULT: {"using":"xpath","value":"//span[contains(@id ,\"application-billingtransfer-display-component---billingWorkbench--smartTableBillingRuns-header-inner\")]"}
COMMAND: POST /session/d65bb1f3e2f9080c12776954838ef114/elements - {"using":"xpath","value":"//span[contains(@id ,\"application-billingtransfer-display-component---billingWorkbench--smartTableBillingRuns-header-inner\")]"}
RESULT: {"using":"xpath","value":"//span[contains(@id ,\"application-billingtransfer-display-component---billingWorkbench--smartTableBillingRuns-header-inner\")]"}
COMMAND: POST /session/d65bb1f3e2f9080c12776954838ef114/execute/sync - {"script":"<script> [56 bytes]","args":[{"element-6066-11e4-a52e-4f735466cecf":"f.AD1387FB3635F7347677CF9BEECFB356.d.31F57455007ED1AB6E54C7CCD3CC82D9.e.6629","ELEMENT":"f.AD1387FB3635F7347677CF9BEECFB356.d.31F57455007ED1AB6E54C7CCD3CC82D9.e.6629"}]}
RESULT: {"script":"<script> [56 bytes]","args":[{"element-6066-11e4-a52e-4f735466cecf":"f.AD1387FB3635F7347677CF9BEECFB356.d.31F57455007ED1AB6E54C7CCD3CC82D9.e.6629","ELEMENT":"f.AD1387FB3635F7347677CF9BEECFB356.d.31F57455007ED1AB6E54C7CCD3CC82D9.e.6629"}]}
COMMAND: POST /session/d65bb1f3e2f9080c12776954838ef114/element - {"using":"xpath","value":"//td[@aria-colindex=\"1\"]/div/div[contains(@class, \"sapMCbBg\")]"}
COMMAND: GET /session/d65bb1f3e2f9080c12776954838ef114/screenshot - {}
RESULT: {"using":"xpath","value":"//td[@aria-colindex=\"1\"]/div/div[contains(@class, \"sapMCbBg\")]"}
COMMAND: POST /session/d65bb1f3e2f9080c12776954838ef114/element/f.AD1387FB3635F7347677CF9BEECFB356.d.31F57455007ED1AB6E54C7CCD3CC82D9.e.6639/click - {}
RESULT: {}
RESULT: {}
COMMAND: GET /session/d65bb1f3e2f9080c12776954838ef114/screenshot - {}
RESULT: {}
COMMAND: POST /session/d65bb1f3e2f9080c12776954838ef114/element - {"using":"xpath","value":"//bdi[text()=\"Transfer\"]"}
RESULT: {"using":"xpath","value":"//bdi[text()=\"Transfer\"]"}
COMMAND: POST /session/d65bb1f3e2f9080c12776954838ef114/element/f.AD1387FB3635F7347677CF9BEECFB356.d.31F57455007ED1AB6E54C7CCD3CC82D9.e.6640/click - {}
RESULT: {}
COMMAND: GET /session/d65bb1f3e2f9080c12776954838ef114/screenshot - {}
RESULT: {}
COMMAND: POST /session/d65bb1f3e2f9080c12776954838ef114/element - {"using":"xpath","value":"//bdi[contains(text(), \"OK\")]"}
RESULT: {"using":"xpath","value":"//bdi[contains(text(), \"OK\")]"}
COMMAND: POST /session/d65bb1f3e2f9080c12776954838ef114/element/f.AD1387FB3635F7347677CF9BEECFB356.d.31F57455007ED1AB6E54C7CCD3CC82D9.e.6643/click - {}
RESULT: {}
COMMAND: GET /session/d65bb1f3e2f9080c12776954838ef114/screenshot - {}
RESULT: {}
COMMAND: POST /session/d65bb1f3e2f9080c12776954838ef114/element - {"using":"xpath","value":"(//span[contains(text(), \"Invoice open\")]/parent::div/preceding-sibling::div/span)[1]"}
RESULT: {"using":"xpath","value":"(//span[contains(text(), \"Invoice open\")]/parent::div/preceding-sibling::div/span)[1]"}
COMMAND: POST /session/d65bb1f3e2f9080c12776954838ef114/element/f.AD1387FB3635F7347677CF9BEECFB356.d.31F57455007ED1AB6E54C7CCD3CC82D9.e.6651/click - {}
RESULT: {}
COMMAND: GET /session/d65bb1f3e2f9080c12776954838ef114/screenshot - {}
RESULT: {}
COMMAND: POST /session/d65bb1f3e2f9080c12776954838ef114/element - {"using":"xpath","value":"//input[contains(@id ,\"application-billingtransfer-display-component---billingWorkbench--smartFilterBar-btnBasicSearch\")]"}
RESULT: {"using":"xpath","value":"//input[contains(@id ,\"application-billingtransfer-display-component---billingWorkbench--smartFilterBar-btnBasicSearch\")]"}
COMMAND: POST /session/d65bb1f3e2f9080c12776954838ef114/elements - {"using":"xpath","value":"//input[contains(@id ,\"application-billingtransfer-display-component---billingWorkbench--smartFilterBar-btnBasicSearch\")]"}
RESULT: {"using":"xpath","value":"//input[contains(@id ,\"application-billingtransfer-display-component---billingWorkbench--smartFilterBar-btnBasicSearch\")]"}
COMMAND: POST /session/d65bb1f3e2f9080c12776954838ef114/execute/sync - {"script":"<script> [8489 bytes]","args":[{"element-6066-11e4-a52e-4f735466cecf":"f.AD1387FB3635F7347677CF9BEECFB356.d.31F57455007ED1AB6E54C7CCD3CC82D9.e.6226","ELEMENT":"f.AD1387FB3635F7347677CF9BEECFB356.d.31F57455007ED1AB6E54C7CCD3CC82D9.e.6226"}]}
RESULT: {"script":"<script> [8489 bytes]","args":[{"element-6066-11e4-a52e-4f735466cecf":"f.AD1387FB3635F7347677CF9BEECFB356.d.31F57455007ED1AB6E54C7CCD3CC82D9.e.6226","ELEMENT":"f.AD1387FB3635F7347677CF9BEECFB356.d.31F57455007ED1AB6E54C7CCD3CC82D9.e.6226"}]}
COMMAND: GET /session/d65bb1f3e2f9080c12776954838ef114/element/f.AD1387FB3635F7347677CF9BEECFB356.d.31F57455007ED1AB6E54C7CCD3CC82D9.e.6226/enabled - {}
COMMAND: GET /session/d65bb1f3e2f9080c12776954838ef114/screenshot - {}
RESULT: {}
COMMAND: POST /session/d65bb1f3e2f9080c12776954838ef114/element/f.AD1387FB3635F7347677CF9BEECFB356.d.31F57455007ED1AB6E54C7CCD3CC82D9.e.6226/click - {}
COMMAND: GET /session/d65bb1f3e2f9080c12776954838ef114/screenshot - {}
RESULT: {}
RESULT: {}
COMMAND: GET /session/d65bb1f3e2f9080c12776954838ef114/screenshot - {}
RESULT: {}
RESULT: {}
COMMAND: POST /session/d65bb1f3e2f9080c12776954838ef114/element/f.AD1387FB3635F7347677CF9BEECFB356.d.31F57455007ED1AB6E54C7CCD3CC82D9.e.6226/clear - {}
RESULT: {}
COMMAND: POST /session/d65bb1f3e2f9080c12776954838ef114/element/f.AD1387FB3635F7347677CF9BEECFB356.d.31F57455007ED1AB6E54C7CCD3CC82D9.e.6226/value - {"text":"10485"}
COMMAND: GET /session/d65bb1f3e2f9080c12776954838ef114/screenshot - {}
RESULT: {"text":"10485"}
COMMAND: POST /session/d65bb1f3e2f9080c12776954838ef114/actions - {"actions":[{"id":"action22","type":"key","parameters":{},"actions":[{"type":"keyDown","value":"î€‡"},{"type":"pause","duration":10},{"type":"keyUp","value":"î€‡"}]}]}
COMMAND: GET /session/d65bb1f3e2f9080c12776954838ef114/screenshot - {}
RESULT: {}
RESULT: {"actions":[{"id":"action22","type":"key","parameters":{},"actions":[{"type":"keyDown","value":"î€‡"},{"type":"pause","duration":10},{"type":"keyUp","value":"î€‡"}]}]}
COMMAND: GET /session/d65bb1f3e2f9080c12776954838ef114/screenshot - {}
RESULT: {}
RESULT: {}
COMMAND: POST /session/d65bb1f3e2f9080c12776954838ef114/element - {"using":"xpath","value":"//span[contains(@id ,\"application-billingtransfer-display-component---billingWorkbench--smartTableBillingRuns-header-inner\")]"}
RESULT: {"using":"xpath","value":"//span[contains(@id ,\"application-billingtransfer-display-component---billingWorkbench--smartTableBillingRuns-header-inner\")]"}
COMMAND: POST /session/d65bb1f3e2f9080c12776954838ef114/elements - {"using":"xpath","value":"//span[contains(@id ,\"application-billingtransfer-display-component---billingWorkbench--smartTableBillingRuns-header-inner\")]"}
RESULT: {"using":"xpath","value":"//span[contains(@id ,\"application-billingtransfer-display-component---billingWorkbench--smartTableBillingRuns-header-inner\")]"}
COMMAND: POST /session/d65bb1f3e2f9080c12776954838ef114/execute/sync - {"script":"<script> [56 bytes]","args":[{"element-6066-11e4-a52e-4f735466cecf":"f.AD1387FB3635F7347677CF9BEECFB356.d.31F57455007ED1AB6E54C7CCD3CC82D9.e.6629","ELEMENT":"f.AD1387FB3635F7347677CF9BEECFB356.d.31F57455007ED1AB6E54C7CCD3CC82D9.e.6629"}]}
RESULT: {"script":"<script> [56 bytes]","args":[{"element-6066-11e4-a52e-4f735466cecf":"f.AD1387FB3635F7347677CF9BEECFB356.d.31F57455007ED1AB6E54C7CCD3CC82D9.e.6629","ELEMENT":"f.AD1387FB3635F7347677CF9BEECFB356.d.31F57455007ED1AB6E54C7CCD3CC82D9.e.6629"}]}
COMMAND: POST /session/d65bb1f3e2f9080c12776954838ef114/element - {"using":"css selector","value":"#shell-header-logo"}
COMMAND: GET /session/d65bb1f3e2f9080c12776954838ef114/screenshot - {}
RESULT: {"using":"css selector","value":"#shell-header-logo"}
COMMAND: POST /session/d65bb1f3e2f9080c12776954838ef114/element/f.AD1387FB3635F7347677CF9BEECFB356.d.31F57455007ED1AB6E54C7CCD3CC82D9.e.6223/click - {}
RESULT: {}
RESULT: {}
COMMAND: GET /session/d65bb1f3e2f9080c12776954838ef114/screenshot - {}
RESULT: {}
COMMAND: POST /session/d65bb1f3e2f9080c12776954838ef114/element - {"using":"css selector","value":"#j_username"}
COMMAND: POST /session/d65bb1f3e2f9080c12776954838ef114/url - {"url":"https://qa-testing-00-live-etm-ui.cfapps.eu10-004.hana.ondemand.com/"}
RESULT: {"using":"css selector","value":"#j_username"}
COMMAND: POST /session/d65bb1f3e2f9080c12776954838ef114/element - {"using":"css selector","value":"#j_username"}
RESULT: {"url":"https://qa-testing-00-live-etm-ui.cfapps.eu10-004.hana.ondemand.com/"}
RESULT: undefined
COMMAND: GET /session/d65bb1f3e2f9080c12776954838ef114/screenshot - {}
RESULT: {"using":"css selector","value":"#j_username"}
COMMAND: POST /session/d65bb1f3e2f9080c12776954838ef114/element - {"using":"css selector","value":"#shell-header-logo"}
RESULT: {}
RESULT: {"using":"css selector","value":"#shell-header-logo"}
COMMAND: POST /session/d65bb1f3e2f9080c12776954838ef114/execute/sync - {"script":"<script> [8489 bytes]","args":[{"element-6066-11e4-a52e-4f735466cecf":"f.AD1387FB3635F7347677CF9BEECFB356.d.10583154CE49F7096A1F624119433423.e.6674","ELEMENT":"f.AD1387FB3635F7347677CF9BEECFB356.d.10583154CE49F7096A1F624119433423.e.6674"}]}
RESULT: {"script":"<script> [8489 bytes]","args":[{"element-6066-11e4-a52e-4f735466cecf":"f.AD1387FB3635F7347677CF9BEECFB356.d.10583154CE49F7096A1F624119433423.e.6674","ELEMENT":"f.AD1387FB3635F7347677CF9BEECFB356.d.10583154CE49F7096A1F624119433423.e.6674"}]}
COMMAND: POST /session/d65bb1f3e2f9080c12776954838ef114/element - {"using":"css selector","value":"#shell-header-logo"}
COMMAND: GET /session/d65bb1f3e2f9080c12776954838ef114/screenshot - {}
RESULT: {"using":"css selector","value":"#shell-header-logo"}
COMMAND: POST /session/d65bb1f3e2f9080c12776954838ef114/execute/sync - {"script":"<script> [8489 bytes]","args":[{"element-6066-11e4-a52e-4f735466cecf":"f.AD1387FB3635F7347677CF9BEECFB356.d.10583154CE49F7096A1F624119433423.e.6674","ELEMENT":"f.AD1387FB3635F7347677CF9BEECFB356.d.10583154CE49F7096A1F624119433423.e.6674"}]}
RESULT: {}
RESULT: {"script":"<script> [8489 bytes]","args":[{"element-6066-11e4-a52e-4f735466cecf":"f.AD1387FB3635F7347677CF9BEECFB356.d.10583154CE49F7096A1F624119433423.e.6674","ELEMENT":"f.AD1387FB3635F7347677CF9BEECFB356.d.10583154CE49F7096A1F624119433423.e.6674"}]}
COMMAND: POST /session/d65bb1f3e2f9080c12776954838ef114/execute/sync - {"script":"<script> [5351 bytes]","args":[{"element-6066-11e4-a52e-4f735466cecf":"f.AD1387FB3635F7347677CF9BEECFB356.d.10583154CE49F7096A1F624119433423.e.6674","ELEMENT":"f.AD1387FB3635F7347677CF9BEECFB356.d.10583154CE49F7096A1F624119433423.e.6674"}]}
COMMAND: GET /session/d65bb1f3e2f9080c12776954838ef114/screenshot - {}
RESULT: {"script":"<script> [5351 bytes]","args":[{"element-6066-11e4-a52e-4f735466cecf":"f.AD1387FB3635F7347677CF9BEECFB356.d.10583154CE49F7096A1F624119433423.e.6674","ELEMENT":"f.AD1387FB3635F7347677CF9BEECFB356.d.10583154CE49F7096A1F624119433423.e.6674"}]}
COMMAND: POST /session/d65bb1f3e2f9080c12776954838ef114/element - {"using":"css selector","value":"#shell-header-logo"}
COMMAND: GET /session/d65bb1f3e2f9080c12776954838ef114/screenshot - {}
RESULT: {}
RESULT: {"using":"css selector","value":"#shell-header-logo"}
COMMAND: POST /session/d65bb1f3e2f9080c12776954838ef114/element/f.AD1387FB3635F7347677CF9BEECFB356.d.10583154CE49F7096A1F624119433423.e.6674/click - {}
RESULT: {}
RESULT: {}
COMMAND: GET /session/d65bb1f3e2f9080c12776954838ef114/screenshot - {}
RESULT: {}
COMMAND: POST /session/d65bb1f3e2f9080c12776954838ef114/execute/async - {"script":"<script> [189 bytes]","args":[]}
RESULT: {"script":"<script> [189 bytes]","args":[]}
COMMAND: POST /session/d65bb1f3e2f9080c12776954838ef114/execute/async - {"script":"<script> [123 bytes]","args":[]}
RESULT: {"script":"<script> [123 bytes]","args":[]}
COMMAND: POST /session/d65bb1f3e2f9080c12776954838ef114/timeouts - {"script":"<number>"}
RESULT: {"script":"<number>"}
COMMAND: GET /session/d65bb1f3e2f9080c12776954838ef114/timeouts - {}
RESULT: {}
RESULT: undefined
COMMAND: POST /session/d65bb1f3e2f9080c12776954838ef114/execute/async - {"script":"<script> [2676 bytes]","args":[]}
RESULT: {"script":"<script> [2676 bytes]","args":[]}
COMMAND: POST /session/d65bb1f3e2f9080c12776954838ef114/execute/async - {"script":"<script> [2342 bytes]","args":[{"protocol":"http","hostname":"0.0.0.0","path":"/","capabilities":{"browserName":"chrome","goog:chromeOptions":{"binary":"C:\\Program Files\\Google\\Chrome\\Application\\chrome.exe","args":["--start-maximized"]}},"logLevel":"warn","connectionRetryTimeout":120000,"connectionRetryCount":3,"logLevels":{},"enableDirectConnect":true,"strictSSL":true,"_":"65 more keys: [\"cacheDir\",\"port\",\"requestedCapabilities\",\"automationProtocol\",\"baseUrl\",\"waitforInterval\",\"waitforTimeout\",\"onReload\",\"beforeCommand\",\"afterCommand\",\"rootDir\",\"specs\",\"suites\",\"exclude\",\"groupLogsByTestSpec\",\"excludeDriverLogs\",\"bail\",\"framework\",\"reporters\",\"services\",\"maxInstances\",\"maxInstancesPerCapability\",\"injectGlobals\",\"filesToWatch\",\"execArgv\",\"runnerEnv\",\"runner\",\"shard\",\"specFileRetries\",\"specFileRetriesDelay\",\"specFileRetriesDeferred\",\"reporterSyncInterval\",\"reporterSyncTimeout\",\"cucumberFeaturesWithLineNumbers\",\"autoCompileOpts\",\"mochaOpts\",\"jasmineOpts\",\"cucumberOpts\",\"onPrepare\",\"onWorkerStart\",\"onWorkerEnd\",\"before\",\"beforeSession\",\"beforeSuite\",\"beforeHook\",\"beforeTest\",\"afterTest\",\"afterHook\",\"afterSuite\",\"afterSession\",\"after\",\"onComplete\",\"beforeAssertion\",\"afterAssertion\",\"beforeFeature\",\"beforeScenario\",\"beforeStep\",\"afterStep\",\"afterScenario\",\"afterFeature\",\"_\",\"suite\",\"$0\",\"ignoredWorkerServices\",\"wdi5\"]"}]}
RESULT: {"script":"<script> [2342 bytes]","args":[{"protocol":"http","hostname":"0.0.0.0","path":"/","capabilities":{"browserName":"chrome","goog:chromeOptions":{"binary":"C:\\Program Files\\Google\\Chrome\\Application\\chrome.exe","args":["--start-maximized"]}},"logLevel":"warn","connectionRetryTimeout":120000,"connectionRetryCount":3,"logLevels":{},"enableDirectConnect":true,"strictSSL":true,"_":"65 more keys: [\"cacheDir\",\"port\",\"requestedCapabilities\",\"automationProtocol\",\"baseUrl\",\"waitforInterval\",\"waitforTimeout\",\"onReload\",\"beforeCommand\",\"afterCommand\",\"rootDir\",\"specs\",\"suites\",\"exclude\",\"groupLogsByTestSpec\",\"excludeDriverLogs\",\"bail\",\"framework\",\"reporters\",\"services\",\"maxInstances\",\"maxInstancesPerCapability\",\"injectGlobals\",\"filesToWatch\",\"execArgv\",\"runnerEnv\",\"runner\",\"shard\",\"specFileRetries\",\"specFileRetriesDelay\",\"specFileRetriesDeferred\",\"reporterSyncInterval\",\"reporterSyncTimeout\",\"cucumberFeaturesWithLineNumbers\",\"autoCompileOpts\",\"mochaOpts\",\"jasmineOpts\",\"cucumberOpts\",\"onPrepare\",\"onWorkerStart\",\"onWorkerEnd\",\"before\",\"beforeSession\",\"beforeSuite\",\"beforeHook\",\"beforeTest\",\"afterTest\",\"afterHook\",\"afterSuite\",\"afterSession\",\"after\",\"onComplete\",\"beforeAssertion\",\"afterAssertion\",\"beforeFeature\",\"beforeScenario\",\"beforeStep\",\"afterStep\",\"afterScenario\",\"afterFeature\",\"_\",\"suite\",\"$0\",\"ignoredWorkerServices\",\"wdi5\"]"}]}
COMMAND: POST /session/d65bb1f3e2f9080c12776954838ef114/execute/async - {"script":"<script> [21126 bytes]","args":[35000]}
RESULT: {"script":"<script> [21126 bytes]","args":[35000]}
COMMAND: POST /session/d65bb1f3e2f9080c12776954838ef114/window/maximize - {}
RESULT: {}
COMMAND: POST /session/d65bb1f3e2f9080c12776954838ef114/execute/async - {"script":"<script> [1562 bytes]","args":[{"selector":{"id":"shell-header","interaction":{"idSuffix":"icon"}},"wdio_ui5_key":"shellheader"}]}
COMMAND: GET /session/d65bb1f3e2f9080c12776954838ef114/screenshot - {}
RESULT: {"script":"<script> [1562 bytes]","args":[{"selector":{"id":"shell-header","interaction":{"idSuffix":"icon"}},"wdio_ui5_key":"shellheader"}]}
RESULT: undefined
COMMAND: POST /session/d65bb1f3e2f9080c12776954838ef114/refresh - {}
RESULT: {}
RESULT: {}
COMMAND: GET /session/d65bb1f3e2f9080c12776954838ef114/screenshot - {}
RESULT: {}
COMMAND: POST /session/d65bb1f3e2f9080c12776954838ef114/refresh - {}
RESULT: {}
COMMAND: GET /session/d65bb1f3e2f9080c12776954838ef114/screenshot - {}
RESULT: {}
COMMAND: POST /session/d65bb1f3e2f9080c12776954838ef114/window/fullscreen - {}
RESULT: {}
COMMAND: POST /session/d65bb1f3e2f9080c12776954838ef114/execute/async - {"script":"<script> [189 bytes]","args":[]}
RESULT: {"script":"<script> [189 bytes]","args":[]}
COMMAND: POST /session/d65bb1f3e2f9080c12776954838ef114/execute/async - {"script":"<script> [123 bytes]","args":[]}
RESULT: {"script":"<script> [123 bytes]","args":[]}
COMMAND: POST /session/d65bb1f3e2f9080c12776954838ef114/timeouts - {"script":"<number>"}
RESULT: {"script":"<number>"}
COMMAND: GET /session/d65bb1f3e2f9080c12776954838ef114/timeouts - {}
RESULT: {}
RESULT: undefined
COMMAND: POST /session/d65bb1f3e2f9080c12776954838ef114/execute/async - {"script":"<script> [2676 bytes]","args":[]}
RESULT: {"script":"<script> [2676 bytes]","args":[]}
COMMAND: POST /session/d65bb1f3e2f9080c12776954838ef114/execute/async - {"script":"<script> [2342 bytes]","args":[{"protocol":"http","hostname":"0.0.0.0","path":"/","capabilities":{"browserName":"chrome","goog:chromeOptions":{"binary":"C:\\Program Files\\Google\\Chrome\\Application\\chrome.exe","args":["--start-maximized"]}},"logLevel":"warn","connectionRetryTimeout":120000,"connectionRetryCount":3,"logLevels":{},"enableDirectConnect":true,"strictSSL":true,"_":"65 more keys: [\"cacheDir\",\"port\",\"requestedCapabilities\",\"automationProtocol\",\"baseUrl\",\"waitforInterval\",\"waitforTimeout\",\"onReload\",\"beforeCommand\",\"afterCommand\",\"rootDir\",\"specs\",\"suites\",\"exclude\",\"groupLogsByTestSpec\",\"excludeDriverLogs\",\"bail\",\"framework\",\"reporters\",\"services\",\"maxInstances\",\"maxInstancesPerCapability\",\"injectGlobals\",\"filesToWatch\",\"execArgv\",\"runnerEnv\",\"runner\",\"shard\",\"specFileRetries\",\"specFileRetriesDelay\",\"specFileRetriesDeferred\",\"reporterSyncInterval\",\"reporterSyncTimeout\",\"cucumberFeaturesWithLineNumbers\",\"autoCompileOpts\",\"mochaOpts\",\"jasmineOpts\",\"cucumberOpts\",\"onPrepare\",\"onWorkerStart\",\"onWorkerEnd\",\"before\",\"beforeSession\",\"beforeSuite\",\"beforeHook\",\"beforeTest\",\"afterTest\",\"afterHook\",\"afterSuite\",\"afterSession\",\"after\",\"onComplete\",\"beforeAssertion\",\"afterAssertion\",\"beforeFeature\",\"beforeScenario\",\"beforeStep\",\"afterStep\",\"afterScenario\",\"afterFeature\",\"_\",\"suite\",\"$0\",\"ignoredWorkerServices\",\"wdi5\"]"}]}
RESULT: {"script":"<script> [2342 bytes]","args":[{"protocol":"http","hostname":"0.0.0.0","path":"/","capabilities":{"browserName":"chrome","goog:chromeOptions":{"binary":"C:\\Program Files\\Google\\Chrome\\Application\\chrome.exe","args":["--start-maximized"]}},"logLevel":"warn","connectionRetryTimeout":120000,"connectionRetryCount":3,"logLevels":{},"enableDirectConnect":true,"strictSSL":true,"_":"65 more keys: [\"cacheDir\",\"port\",\"requestedCapabilities\",\"automationProtocol\",\"baseUrl\",\"waitforInterval\",\"waitforTimeout\",\"onReload\",\"beforeCommand\",\"afterCommand\",\"rootDir\",\"specs\",\"suites\",\"exclude\",\"groupLogsByTestSpec\",\"excludeDriverLogs\",\"bail\",\"framework\",\"reporters\",\"services\",\"maxInstances\",\"maxInstancesPerCapability\",\"injectGlobals\",\"filesToWatch\",\"execArgv\",\"runnerEnv\",\"runner\",\"shard\",\"specFileRetries\",\"specFileRetriesDelay\",\"specFileRetriesDeferred\",\"reporterSyncInterval\",\"reporterSyncTimeout\",\"cucumberFeaturesWithLineNumbers\",\"autoCompileOpts\",\"mochaOpts\",\"jasmineOpts\",\"cucumberOpts\",\"onPrepare\",\"onWorkerStart\",\"onWorkerEnd\",\"before\",\"beforeSession\",\"beforeSuite\",\"beforeHook\",\"beforeTest\",\"afterTest\",\"afterHook\",\"afterSuite\",\"afterSession\",\"after\",\"onComplete\",\"beforeAssertion\",\"afterAssertion\",\"beforeFeature\",\"beforeScenario\",\"beforeStep\",\"afterStep\",\"afterScenario\",\"afterFeature\",\"_\",\"suite\",\"$0\",\"ignoredWorkerServices\",\"wdi5\"]"}]}
COMMAND: POST /session/d65bb1f3e2f9080c12776954838ef114/execute/async - {"script":"<script> [21126 bytes]","args":[35000]}
RESULT: {"script":"<script> [21126 bytes]","args":[35000]}
]]></system-out>
    </testcase>
  </testsuite>
  <testsuite timestamp="2025-05-03T17:35:56" time="1104.304" tests="12" failures="0" errors="0" skipped="0">
    <properties>
      <property name="specId" value="0" />
      <property name="suiteName" value="Billing Transfer - Intracompany US127249" />
      <property name="capabilities" value="chrome.135_0_7049_96.windows" />
      <property name="file" value="file:///D:/a/1/s/test/specs/BTS/billing-transfer-intracompany.spec.js" />
    </properties>
    <testcase classname="chrome.135_0_7049_96.windows.Billing_Transfer_-_Intracompany_US127249" name="Should create a new yard" time="121.011">
      <system-out><![CDATA[
COMMAND: POST /session/d65bb1f3e2f9080c12776954838ef114/window/fullscreen - {}
RESULT: {}
COMMAND: POST /session/d65bb1f3e2f9080c12776954838ef114/execute/async - {"script":"<script> [1562 bytes]","args":[{"selector":{"controlType":"sap.m.GenericTile","properties":{"header":"Manage Yards"}},"wdio_ui5_key":"sapm.GenericTile{\"header\":\"Manage Yards\"}"}]}
RESULT: {"script":"<script> [1562 bytes]","args":[{"selector":{"controlType":"sap.m.GenericTile","properties":{"header":"Manage Yards"}},"wdio_ui5_key":"sapm.GenericTile{\"header\":\"Manage Yards\"}"}]}
RESULT: undefined
COMMAND: POST /session/d65bb1f3e2f9080c12776954838ef114/element - {"using":"xpath","value":"//*[@id=\"__tile41\"]"}
RESULT: {"using":"xpath","value":"//*[@id=\"__tile41\"]"}
COMMAND: POST /session/d65bb1f3e2f9080c12776954838ef114/element/f.AD1387FB3635F7347677CF9BEECFB356.d.F4E6ECE6AD6CED7A7007CA59B2CA13DF.e.6833/click - {}
RESULT: {}
COMMAND: POST /session/d65bb1f3e2f9080c12776954838ef114/element - {"using":"xpath","value":"//button[@data-kt=\"addNewYardOverflowToolbarButton\"]"}
COMMAND: GET /session/d65bb1f3e2f9080c12776954838ef114/screenshot - {}
RESULT: {"using":"xpath","value":"//button[@data-kt=\"addNewYardOverflowToolbarButton\"]"}
COMMAND: POST /session/d65bb1f3e2f9080c12776954838ef114/elements - {"using":"xpath","value":"//button[@data-kt=\"addNewYardOverflowToolbarButton\"]"}
RESULT: {}
RESULT: {"using":"xpath","value":"//button[@data-kt=\"addNewYardOverflowToolbarButton\"]"}
COMMAND: POST /session/d65bb1f3e2f9080c12776954838ef114/elements - {"using":"xpath","value":"//button[@data-kt=\"addNewYardOverflowToolbarButton\"]"}
RESULT: {"using":"xpath","value":"//button[@data-kt=\"addNewYardOverflowToolbarButton\"]"}
COMMAND: POST /session/d65bb1f3e2f9080c12776954838ef114/elements - {"using":"xpath","value":"//button[@data-kt=\"addNewYardOverflowToolbarButton\"]"}
RESULT: {"using":"xpath","value":"//button[@data-kt=\"addNewYardOverflowToolbarButton\"]"}
COMMAND: POST /session/d65bb1f3e2f9080c12776954838ef114/elements - {"using":"xpath","value":"//button[@data-kt=\"addNewYardOverflowToolbarButton\"]"}
RESULT: {"using":"xpath","value":"//button[@data-kt=\"addNewYardOverflowToolbarButton\"]"}
COMMAND: POST /session/d65bb1f3e2f9080c12776954838ef114/elements - {"using":"xpath","value":"//button[@data-kt=\"addNewYardOverflowToolbarButton\"]"}
RESULT: {"using":"xpath","value":"//button[@data-kt=\"addNewYardOverflowToolbarButton\"]"}
COMMAND: POST /session/d65bb1f3e2f9080c12776954838ef114/elements - {"using":"xpath","value":"//button[@data-kt=\"addNewYardOverflowToolbarButton\"]"}
RESULT: {"using":"xpath","value":"//button[@data-kt=\"addNewYardOverflowToolbarButton\"]"}
COMMAND: POST /session/d65bb1f3e2f9080c12776954838ef114/elements - {"using":"xpath","value":"//button[@data-kt=\"addNewYardOverflowToolbarButton\"]"}
RESULT: {"using":"xpath","value":"//button[@data-kt=\"addNewYardOverflowToolbarButton\"]"}
COMMAND: POST /session/d65bb1f3e2f9080c12776954838ef114/elements - {"using":"xpath","value":"//button[@data-kt=\"addNewYardOverflowToolbarButton\"]"}
RESULT: {"using":"xpath","value":"//button[@data-kt=\"addNewYardOverflowToolbarButton\"]"}
COMMAND: POST /session/d65bb1f3e2f9080c12776954838ef114/elements - {"using":"xpath","value":"//button[@data-kt=\"addNewYardOverflowToolbarButton\"]"}
RESULT: {"using":"xpath","value":"//button[@data-kt=\"addNewYardOverflowToolbarButton\"]"}
COMMAND: POST /session/d65bb1f3e2f9080c12776954838ef114/elements - {"using":"xpath","value":"//button[@data-kt=\"addNewYardOverflowToolbarButton\"]"}
RESULT: {"using":"xpath","value":"//button[@data-kt=\"addNewYardOverflowToolbarButton\"]"}
COMMAND: POST /session/d65bb1f3e2f9080c12776954838ef114/elements - {"using":"xpath","value":"//button[@data-kt=\"addNewYardOverflowToolbarButton\"]"}
RESULT: {"using":"xpath","value":"//button[@data-kt=\"addNewYardOverflowToolbarButton\"]"}
COMMAND: POST /session/d65bb1f3e2f9080c12776954838ef114/elements - {"using":"xpath","value":"//button[@data-kt=\"addNewYardOverflowToolbarButton\"]"}
RESULT: {"using":"xpath","value":"//button[@data-kt=\"addNewYardOverflowToolbarButton\"]"}
COMMAND: POST /session/d65bb1f3e2f9080c12776954838ef114/elements - {"using":"xpath","value":"//button[@data-kt=\"addNewYardOverflowToolbarButton\"]"}
RESULT: {"using":"xpath","value":"//button[@data-kt=\"addNewYardOverflowToolbarButton\"]"}
COMMAND: POST /session/d65bb1f3e2f9080c12776954838ef114/elements - {"using":"xpath","value":"//button[@data-kt=\"addNewYardOverflowToolbarButton\"]"}
RESULT: {"using":"xpath","value":"//button[@data-kt=\"addNewYardOverflowToolbarButton\"]"}
COMMAND: POST /session/d65bb1f3e2f9080c12776954838ef114/elements - {"using":"xpath","value":"//button[@data-kt=\"addNewYardOverflowToolbarButton\"]"}
RESULT: {"using":"xpath","value":"//button[@data-kt=\"addNewYardOverflowToolbarButton\"]"}
COMMAND: POST /session/d65bb1f3e2f9080c12776954838ef114/elements - {"using":"xpath","value":"//button[@data-kt=\"addNewYardOverflowToolbarButton\"]"}
RESULT: {"using":"xpath","value":"//button[@data-kt=\"addNewYardOverflowToolbarButton\"]"}
COMMAND: POST /session/d65bb1f3e2f9080c12776954838ef114/elements - {"using":"xpath","value":"//button[@data-kt=\"addNewYardOverflowToolbarButton\"]"}
RESULT: {"using":"xpath","value":"//button[@data-kt=\"addNewYardOverflowToolbarButton\"]"}
COMMAND: POST /session/d65bb1f3e2f9080c12776954838ef114/elements - {"using":"xpath","value":"//button[@data-kt=\"addNewYardOverflowToolbarButton\"]"}
RESULT: {"using":"xpath","value":"//button[@data-kt=\"addNewYardOverflowToolbarButton\"]"}
COMMAND: POST /session/d65bb1f3e2f9080c12776954838ef114/elements - {"using":"xpath","value":"//button[@data-kt=\"addNewYardOverflowToolbarButton\"]"}
RESULT: {"using":"xpath","value":"//button[@data-kt=\"addNewYardOverflowToolbarButton\"]"}
COMMAND: POST /session/d65bb1f3e2f9080c12776954838ef114/elements - {"using":"xpath","value":"//button[@data-kt=\"addNewYardOverflowToolbarButton\"]"}
RESULT: {"using":"xpath","value":"//button[@data-kt=\"addNewYardOverflowToolbarButton\"]"}
COMMAND: POST /session/d65bb1f3e2f9080c12776954838ef114/elements - {"using":"xpath","value":"//button[@data-kt=\"addNewYardOverflowToolbarButton\"]"}
RESULT: {"using":"xpath","value":"//button[@data-kt=\"addNewYardOverflowToolbarButton\"]"}
COMMAND: POST /session/d65bb1f3e2f9080c12776954838ef114/elements - {"using":"xpath","value":"//button[@data-kt=\"addNewYardOverflowToolbarButton\"]"}
RESULT: {"using":"xpath","value":"//button[@data-kt=\"addNewYardOverflowToolbarButton\"]"}
COMMAND: POST /session/d65bb1f3e2f9080c12776954838ef114/elements - {"using":"xpath","value":"//button[@data-kt=\"addNewYardOverflowToolbarButton\"]"}
RESULT: {"using":"xpath","value":"//button[@data-kt=\"addNewYardOverflowToolbarButton\"]"}
COMMAND: POST /session/d65bb1f3e2f9080c12776954838ef114/elements - {"using":"xpath","value":"//button[@data-kt=\"addNewYardOverflowToolbarButton\"]"}
RESULT: {"using":"xpath","value":"//button[@data-kt=\"addNewYardOverflowToolbarButton\"]"}
COMMAND: POST /session/d65bb1f3e2f9080c12776954838ef114/elements - {"using":"xpath","value":"//button[@data-kt=\"addNewYardOverflowToolbarButton\"]"}
RESULT: {"using":"xpath","value":"//button[@data-kt=\"addNewYardOverflowToolbarButton\"]"}
COMMAND: POST /session/d65bb1f3e2f9080c12776954838ef114/elements - {"using":"xpath","value":"//button[@data-kt=\"addNewYardOverflowToolbarButton\"]"}
RESULT: {"using":"xpath","value":"//button[@data-kt=\"addNewYardOverflowToolbarButton\"]"}
COMMAND: POST /session/d65bb1f3e2f9080c12776954838ef114/element - {"using":"xpath","value":"//button[@data-kt=\"addNewYardOverflowToolbarButton\"]"}
RESULT: {"using":"xpath","value":"//button[@data-kt=\"addNewYardOverflowToolbarButton\"]"}
COMMAND: POST /session/d65bb1f3e2f9080c12776954838ef114/execute/sync - {"script":"<script> [8489 bytes]","args":[{"element-6066-11e4-a52e-4f735466cecf":"f.AD1387FB3635F7347677CF9BEECFB356.d.F4E6ECE6AD6CED7A7007CA59B2CA13DF.e.6969","ELEMENT":"f.AD1387FB3635F7347677CF9BEECFB356.d.F4E6ECE6AD6CED7A7007CA59B2CA13DF.e.6969"}]}
RESULT: {"script":"<script> [8489 bytes]","args":[{"element-6066-11e4-a52e-4f735466cecf":"f.AD1387FB3635F7347677CF9BEECFB356.d.F4E6ECE6AD6CED7A7007CA59B2CA13DF.e.6969","ELEMENT":"f.AD1387FB3635F7347677CF9BEECFB356.d.F4E6ECE6AD6CED7A7007CA59B2CA13DF.e.6969"}]}
COMMAND: GET /session/d65bb1f3e2f9080c12776954838ef114/element/f.AD1387FB3635F7347677CF9BEECFB356.d.F4E6ECE6AD6CED7A7007CA59B2CA13DF.e.6969/enabled - {}
COMMAND: GET /session/d65bb1f3e2f9080c12776954838ef114/screenshot - {}
RESULT: {}
COMMAND: POST /session/d65bb1f3e2f9080c12776954838ef114/execute/sync - {"script":"<script> [8489 bytes]","args":[{"element-6066-11e4-a52e-4f735466cecf":"f.AD1387FB3635F7347677CF9BEECFB356.d.F4E6ECE6AD6CED7A7007CA59B2CA13DF.e.6969","ELEMENT":"f.AD1387FB3635F7347677CF9BEECFB356.d.F4E6ECE6AD6CED7A7007CA59B2CA13DF.e.6969"}]}
COMMAND: GET /session/d65bb1f3e2f9080c12776954838ef114/screenshot - {}
RESULT: {}
RESULT: {"script":"<script> [8489 bytes]","args":[{"element-6066-11e4-a52e-4f735466cecf":"f.AD1387FB3635F7347677CF9BEECFB356.d.F4E6ECE6AD6CED7A7007CA59B2CA13DF.e.6969","ELEMENT":"f.AD1387FB3635F7347677CF9BEECFB356.d.F4E6ECE6AD6CED7A7007CA59B2CA13DF.e.6969"}]}
COMMAND: POST /session/d65bb1f3e2f9080c12776954838ef114/execute/sync - {"script":"<script> [5351 bytes]","args":[{"element-6066-11e4-a52e-4f735466cecf":"f.AD1387FB3635F7347677CF9BEECFB356.d.F4E6ECE6AD6CED7A7007CA59B2CA13DF.e.6969","ELEMENT":"f.AD1387FB3635F7347677CF9BEECFB356.d.F4E6ECE6AD6CED7A7007CA59B2CA13DF.e.6969"}]}
COMMAND: GET /session/d65bb1f3e2f9080c12776954838ef114/screenshot - {}
RESULT: {}
RESULT: {"script":"<script> [5351 bytes]","args":[{"element-6066-11e4-a52e-4f735466cecf":"f.AD1387FB3635F7347677CF9BEECFB356.d.F4E6ECE6AD6CED7A7007CA59B2CA13DF.e.6969","ELEMENT":"f.AD1387FB3635F7347677CF9BEECFB356.d.F4E6ECE6AD6CED7A7007CA59B2CA13DF.e.6969"}]}
COMMAND: POST /session/d65bb1f3e2f9080c12776954838ef114/element/f.AD1387FB3635F7347677CF9BEECFB356.d.F4E6ECE6AD6CED7A7007CA59B2CA13DF.e.6969/click - {}
COMMAND: GET /session/d65bb1f3e2f9080c12776954838ef114/screenshot - {}
RESULT: {}
RESULT: {}
COMMAND: GET /session/d65bb1f3e2f9080c12776954838ef114/screenshot - {}
COMMAND: POST /session/d65bb1f3e2f9080c12776954838ef114/element - {"using":"xpath","value":"//input[@id=\"application-manageyards-display-component---NewYard--yardId-inner\"]"}
RESULT: {}
RESULT: {}
RESULT: {"using":"xpath","value":"//input[@id=\"application-manageyards-display-component---NewYard--yardId-inner\"]"}
COMMAND: POST /session/d65bb1f3e2f9080c12776954838ef114/element - {"using":"xpath","value":"//input[@id=\"application-manageyards-display-component---NewYard--yardId-inner\"]"}
RESULT: {"using":"xpath","value":"//input[@id=\"application-manageyards-display-component---NewYard--yardId-inner\"]"}
COMMAND: POST /session/d65bb1f3e2f9080c12776954838ef114/execute/async - {"script":"<script> [1562 bytes]","args":[{"selector":{"id":"application-manageyards-display-component---NewYard--addressDetailDetailsName1","interaction":{"idSuffix":"inner"}},"wdio_ui5_key":"applicationmanageyards-display-component---NewYard--addressDetailDetailsName1"}]}
RESULT: {"script":"<script> [1562 bytes]","args":[{"selector":{"id":"application-manageyards-display-component---NewYard--addressDetailDetailsName1","interaction":{"idSuffix":"inner"}},"wdio_ui5_key":"applicationmanageyards-display-component---NewYard--addressDetailDetailsName1"}]}
RESULT: undefined
COMMAND: POST /session/d65bb1f3e2f9080c12776954838ef114/execute/async - {"script":"<script> [776 bytes]","args":[{"enterText":"Intracompany Yard wdIO","selector":{"id":"application-manageyards-display-component---NewYard--addressDetailDetailsName1","interaction":{"idSuffix":"inner"}},"clearTextFirst":true,"interactionType":"ENTER_TEXT"}]}
RESULT: {"script":"<script> [776 bytes]","args":[{"enterText":"Intracompany Yard wdIO","selector":{"id":"application-manageyards-display-component---NewYard--addressDetailDetailsName1","interaction":{"idSuffix":"inner"}},"clearTextFirst":true,"interactionType":"ENTER_TEXT"}]}
COMMAND: POST /session/d65bb1f3e2f9080c12776954838ef114/execute/async - {"script":"<script> [1562 bytes]","args":[{"selector":{"id":"application-manageyards-display-component---NewYard--addressDetailDetailsLanguage-arrow"},"wdio_ui5_key":"applicationmanageyards-display-component---NewYard--addressDetailDetailsLanguage-arrow"}]}
RESULT: {"script":"<script> [1562 bytes]","args":[{"selector":{"id":"application-manageyards-display-component---NewYard--addressDetailDetailsLanguage-arrow"},"wdio_ui5_key":"applicationmanageyards-display-component---NewYard--addressDetailDetailsLanguage-arrow"}]}
RESULT: undefined
COMMAND: POST /session/d65bb1f3e2f9080c12776954838ef114/element - {"using":"xpath","value":"//*[@id=\"application-manageyards-display-component---NewYard--addressDetailDetailsLanguage-arrow\"]"}
RESULT: {"using":"xpath","value":"//*[@id=\"application-manageyards-display-component---NewYard--addressDetailDetailsLanguage-arrow\"]"}
COMMAND: POST /session/d65bb1f3e2f9080c12776954838ef114/element/f.AD1387FB3635F7347677CF9BEECFB356.d.F4E6ECE6AD6CED7A7007CA59B2CA13DF.e.7392/click - {}
RESULT: {}
COMMAND: POST /session/d65bb1f3e2f9080c12776954838ef114/element - {"using":"xpath","value":"//span[contains(text(), \"English\")]"}
COMMAND: GET /session/d65bb1f3e2f9080c12776954838ef114/screenshot - {}
RESULT: {"using":"xpath","value":"//span[contains(text(), \"English\")]"}
COMMAND: POST /session/d65bb1f3e2f9080c12776954838ef114/element/f.AD1387FB3635F7347677CF9BEECFB356.d.F4E6ECE6AD6CED7A7007CA59B2CA13DF.e.7393/click - {}
RESULT: {}
RESULT: {}
COMMAND: POST /session/d65bb1f3e2f9080c12776954838ef114/execute/async - {"script":"<script> [1562 bytes]","args":[{"selector":{"id":"application-manageyards-display-component---NewYard--addressDetailDetailsCity1","interaction":{"idSuffix":"inner"}},"wdio_ui5_key":"applicationmanageyards-display-component---NewYard--addressDetailDetailsCity1"}]}
COMMAND: GET /session/d65bb1f3e2f9080c12776954838ef114/screenshot - {}
RESULT: {"script":"<script> [1562 bytes]","args":[{"selector":{"id":"application-manageyards-display-component---NewYard--addressDetailDetailsCity1","interaction":{"idSuffix":"inner"}},"wdio_ui5_key":"applicationmanageyards-display-component---NewYard--addressDetailDetailsCity1"}]}
RESULT: undefined
COMMAND: POST /session/d65bb1f3e2f9080c12776954838ef114/execute/async - {"script":"<script> [776 bytes]","args":[{"enterText":"Rosario","selector":{"id":"application-manageyards-display-component---NewYard--addressDetailDetailsCity1","interaction":{"idSuffix":"inner"}},"clearTextFirst":true,"interactionType":"ENTER_TEXT"}]}
RESULT: {}
RESULT: {"script":"<script> [776 bytes]","args":[{"enterText":"Rosario","selector":{"id":"application-manageyards-display-component---NewYard--addressDetailDetailsCity1","interaction":{"idSuffix":"inner"}},"clearTextFirst":true,"interactionType":"ENTER_TEXT"}]}
COMMAND: POST /session/d65bb1f3e2f9080c12776954838ef114/execute/async - {"script":"<script> [1562 bytes]","args":[{"selector":{"id":"application-manageyards-display-component---NewYard--addressDetailDetailsCountry-arrow"},"wdio_ui5_key":"applicationmanageyards-display-component---NewYard--addressDetailDetailsCountry-arrow"}]}
RESULT: {"script":"<script> [1562 bytes]","args":[{"selector":{"id":"application-manageyards-display-component---NewYard--addressDetailDetailsCountry-arrow"},"wdio_ui5_key":"applicationmanageyards-display-component---NewYard--addressDetailDetailsCountry-arrow"}]}
RESULT: undefined
COMMAND: POST /session/d65bb1f3e2f9080c12776954838ef114/element - {"using":"xpath","value":"//*[@id=\"application-manageyards-display-component---NewYard--addressDetailDetailsCountry-arrow\"]"}
RESULT: {"using":"xpath","value":"//*[@id=\"application-manageyards-display-component---NewYard--addressDetailDetailsCountry-arrow\"]"}
COMMAND: POST /session/d65bb1f3e2f9080c12776954838ef114/element/f.AD1387FB3635F7347677CF9BEECFB356.d.F4E6ECE6AD6CED7A7007CA59B2CA13DF.e.7395/click - {}
RESULT: {}
COMMAND: POST /session/d65bb1f3e2f9080c12776954838ef114/element - {"using":"xpath","value":"//span[contains(text(), \"Argentina\")]"}
COMMAND: GET /session/d65bb1f3e2f9080c12776954838ef114/screenshot - {}
RESULT: {"using":"xpath","value":"//span[contains(text(), \"Argentina\")]"}
COMMAND: POST /session/d65bb1f3e2f9080c12776954838ef114/element/f.AD1387FB3635F7347677CF9BEECFB356.d.F4E6ECE6AD6CED7A7007CA59B2CA13DF.e.7396/click - {}
RESULT: {}
RESULT: {}
COMMAND: POST /session/d65bb1f3e2f9080c12776954838ef114/execute/async - {"script":"<script> [1562 bytes]","args":[{"selector":{"id":"application-manageyards-display-component---NewYard--addressEditDetailsCostObjectCstType-arrow"},"wdio_ui5_key":"applicationmanageyards-display-component---NewYard--addressEditDetailsCostObjectCstType-arrow"}]}
COMMAND: GET /session/d65bb1f3e2f9080c12776954838ef114/screenshot - {}
RESULT: {"script":"<script> [1562 bytes]","args":[{"selector":{"id":"application-manageyards-display-component---NewYard--addressEditDetailsCostObjectCstType-arrow"},"wdio_ui5_key":"applicationmanageyards-display-component---NewYard--addressEditDetailsCostObjectCstType-arrow"}]}
RESULT: undefined
COMMAND: POST /session/d65bb1f3e2f9080c12776954838ef114/element - {"using":"xpath","value":"//*[@id=\"application-manageyards-display-component---NewYard--addressEditDetailsCostObjectCstType-arrow\"]"}
RESULT: {}
RESULT: {"using":"xpath","value":"//*[@id=\"application-manageyards-display-component---NewYard--addressEditDetailsCostObjectCstType-arrow\"]"}
COMMAND: POST /session/d65bb1f3e2f9080c12776954838ef114/element/f.AD1387FB3635F7347677CF9BEECFB356.d.F4E6ECE6AD6CED7A7007CA59B2CA13DF.e.7398/click - {}
RESULT: {}
COMMAND: POST /session/d65bb1f3e2f9080c12776954838ef114/element - {"using":"xpath","value":"//span[contains(text(), \"Cost Center\")]"}
COMMAND: GET /session/d65bb1f3e2f9080c12776954838ef114/screenshot - {}
RESULT: {"using":"xpath","value":"//span[contains(text(), \"Cost Center\")]"}
COMMAND: POST /session/d65bb1f3e2f9080c12776954838ef114/element/f.AD1387FB3635F7347677CF9BEECFB356.d.F4E6ECE6AD6CED7A7007CA59B2CA13DF.e.7399/click - {}
RESULT: {}
RESULT: {}
COMMAND: GET /session/d65bb1f3e2f9080c12776954838ef114/screenshot - {}
RESULT: {}
COMMAND: POST /session/d65bb1f3e2f9080c12776954838ef114/element - {"using":"xpath","value":"//span[@id=\"application-manageyards-display-component---NewYard--addressNewCostObjectCstID-vhi\"]"}
RESULT: {"using":"xpath","value":"//span[@id=\"application-manageyards-display-component---NewYard--addressNewCostObjectCstID-vhi\"]"}
COMMAND: POST /session/d65bb1f3e2f9080c12776954838ef114/execute/sync - {"script":"<script> [8489 bytes]","args":[{"element-6066-11e4-a52e-4f735466cecf":"f.AD1387FB3635F7347677CF9BEECFB356.d.F4E6ECE6AD6CED7A7007CA59B2CA13DF.e.7403","ELEMENT":"f.AD1387FB3635F7347677CF9BEECFB356.d.F4E6ECE6AD6CED7A7007CA59B2CA13DF.e.7403"}]}
RESULT: {"script":"<script> [8489 bytes]","args":[{"element-6066-11e4-a52e-4f735466cecf":"f.AD1387FB3635F7347677CF9BEECFB356.d.F4E6ECE6AD6CED7A7007CA59B2CA13DF.e.7403","ELEMENT":"f.AD1387FB3635F7347677CF9BEECFB356.d.F4E6ECE6AD6CED7A7007CA59B2CA13DF.e.7403"}]}
COMMAND: POST /session/d65bb1f3e2f9080c12776954838ef114/execute/async - {"script":"<script> [1562 bytes]","args":[{"selector":{"id":"application-manageyards-display-component---NewYard--addressNewCostObjectCstID-vhi"},"wdio_ui5_key":"applicationmanageyards-display-component---NewYard--addressNewCostObjectCstID-vhi"}]}
COMMAND: GET /session/d65bb1f3e2f9080c12776954838ef114/screenshot - {}
RESULT: {"script":"<script> [1562 bytes]","args":[{"selector":{"id":"application-manageyards-display-component---NewYard--addressNewCostObjectCstID-vhi"},"wdio_ui5_key":"applicationmanageyards-display-component---NewYard--addressNewCostObjectCstID-vhi"}]}
RESULT: undefined
COMMAND: POST /session/d65bb1f3e2f9080c12776954838ef114/element - {"using":"xpath","value":"//*[@id=\"application-manageyards-display-component---NewYard--addressNewCostObjectCstID-vhi\"]"}
RESULT: {}
RESULT: {"using":"xpath","value":"//*[@id=\"application-manageyards-display-component---NewYard--addressNewCostObjectCstID-vhi\"]"}
COMMAND: POST /session/d65bb1f3e2f9080c12776954838ef114/element/f.AD1387FB3635F7347677CF9BEECFB356.d.F4E6ECE6AD6CED7A7007CA59B2CA13DF.e.7403/click - {}
RESULT: {}
COMMAND: GET /session/d65bb1f3e2f9080c12776954838ef114/screenshot - {}
RESULT: {}
COMMAND: POST /session/d65bb1f3e2f9080c12776954838ef114/execute/async - {"script":"<script> [1562 bytes]","args":[{"selector":{"controlType":"sap.m.SearchField","properties":{"placeholder":"Search"},"searchOpenDialogs":true,"interaction":{"idSuffix":"I"}},"wdio_ui5_key":"sapm.SearchField{\"placeholder\":\"Search\"}"}]}
RESULT: {"script":"<script> [1562 bytes]","args":[{"selector":{"controlType":"sap.m.SearchField","properties":{"placeholder":"Search"},"searchOpenDialogs":true,"interaction":{"idSuffix":"I"}},"wdio_ui5_key":"sapm.SearchField{\"placeholder\":\"Search\"}"}]}
RESULT: undefined
COMMAND: POST /session/d65bb1f3e2f9080c12776954838ef114/execute/async - {"script":"<script> [776 bytes]","args":[{"enterText":"10001013","selector":{"controlType":"sap.m.SearchField","properties":{"placeholder":"Search"},"searchOpenDialogs":true,"interaction":{"idSuffix":"I"}},"clearTextFirst":true,"interactionType":"ENTER_TEXT"}]}
RESULT: {"script":"<script> [776 bytes]","args":[{"enterText":"10001013","selector":{"controlType":"sap.m.SearchField","properties":{"placeholder":"Search"},"searchOpenDialogs":true,"interaction":{"idSuffix":"I"}},"clearTextFirst":true,"interactionType":"ENTER_TEXT"}]}
COMMAND: POST /session/d65bb1f3e2f9080c12776954838ef114/actions - {"actions":[{"id":"action23","type":"key","parameters":{},"actions":[{"type":"keyDown","value":"î€‡"},{"type":"pause","duration":10},{"type":"keyUp","value":"î€‡"}]}]}
RESULT: {"actions":[{"id":"action23","type":"key","parameters":{},"actions":[{"type":"keyDown","value":"î€‡"},{"type":"pause","duration":10},{"type":"keyUp","value":"î€‡"}]}]}
COMMAND: GET /session/d65bb1f3e2f9080c12776954838ef114/screenshot - {}
RESULT: {}
COMMAND: POST /session/d65bb1f3e2f9080c12776954838ef114/element - {"using":"xpath","value":"//span[contains(text(), \"General Management\")]"}
RESULT: {"using":"xpath","value":"//span[contains(text(), \"General Management\")]"}
COMMAND: POST /session/d65bb1f3e2f9080c12776954838ef114/element/f.AD1387FB3635F7347677CF9BEECFB356.d.F4E6ECE6AD6CED7A7007CA59B2CA13DF.e.7443/click - {}
RESULT: {}
COMMAND: GET /session/d65bb1f3e2f9080c12776954838ef114/screenshot - {}
RESULT: {}
COMMAND: POST /session/d65bb1f3e2f9080c12776954838ef114/element - {"using":"xpath","value":"//bdi[contains(text(), \"OK\")]"}
RESULT: {"using":"xpath","value":"//bdi[contains(text(), \"OK\")]"}
COMMAND: POST /session/d65bb1f3e2f9080c12776954838ef114/element/f.AD1387FB3635F7347677CF9BEECFB356.d.F4E6ECE6AD6CED7A7007CA59B2CA13DF.e.7444/click - {}
RESULT: {}
COMMAND: GET /session/d65bb1f3e2f9080c12776954838ef114/screenshot - {}
RESULT: {}
COMMAND: POST /session/d65bb1f3e2f9080c12776954838ef114/execute/async - {"script":"<script> [1562 bytes]","args":[{"selector":{"id":"application-manageyards-display-component---NewYard--addressEditDetailsCurrency-arrow"},"wdio_ui5_key":"applicationmanageyards-display-component---NewYard--addressEditDetailsCurrency-arrow"}]}
RESULT: {"script":"<script> [1562 bytes]","args":[{"selector":{"id":"application-manageyards-display-component---NewYard--addressEditDetailsCurrency-arrow"},"wdio_ui5_key":"applicationmanageyards-display-component---NewYard--addressEditDetailsCurrency-arrow"}]}
RESULT: undefined
COMMAND: POST /session/d65bb1f3e2f9080c12776954838ef114/element - {"using":"xpath","value":"//*[@id=\"application-manageyards-display-component---NewYard--addressEditDetailsCurrency-arrow\"]"}
RESULT: {"using":"xpath","value":"//*[@id=\"application-manageyards-display-component---NewYard--addressEditDetailsCurrency-arrow\"]"}
COMMAND: POST /session/d65bb1f3e2f9080c12776954838ef114/element/f.AD1387FB3635F7347677CF9BEECFB356.d.F4E6ECE6AD6CED7A7007CA59B2CA13DF.e.7447/click - {}
RESULT: {}
COMMAND: POST /session/d65bb1f3e2f9080c12776954838ef114/element - {"using":"xpath","value":"//span[contains(text(), \"Euro\")]"}
COMMAND: GET /session/d65bb1f3e2f9080c12776954838ef114/screenshot - {}
RESULT: {"using":"xpath","value":"//span[contains(text(), \"Euro\")]"}
COMMAND: POST /session/d65bb1f3e2f9080c12776954838ef114/element/f.AD1387FB3635F7347677CF9BEECFB356.d.F4E6ECE6AD6CED7A7007CA59B2CA13DF.e.7448/click - {}
RESULT: {}
RESULT: {}
COMMAND: POST /session/d65bb1f3e2f9080c12776954838ef114/execute/async - {"script":"<script> [1562 bytes]","args":[{"selector":{"controlType":"sap.m.Input","viewName":"etm.portal.ui.manageyards.view.New","viewId":"application-manageyards-display-component---NewYard","bindingPath":{"path":"","propertyPath":"/CONTROLLING_AREA","modelName":"NewYardModel"},"interaction":{"idSuffix":"inner"}},"wdio_ui5_key":"etmportal.ui.manageyards.view.Newsap.m.Input{\"path\":\"\",\"propertyPath\":\"/CONTROLLING_AREA\",\"modelName\":\"NewYardModel\"}"}]}
COMMAND: GET /session/d65bb1f3e2f9080c12776954838ef114/screenshot - {}
RESULT: {"script":"<script> [1562 bytes]","args":[{"selector":{"controlType":"sap.m.Input","viewName":"etm.portal.ui.manageyards.view.New","viewId":"application-manageyards-display-component---NewYard","bindingPath":{"path":"","propertyPath":"/CONTROLLING_AREA","modelName":"NewYardModel"},"interaction":{"idSuffix":"inner"}},"wdio_ui5_key":"etmportal.ui.manageyards.view.Newsap.m.Input{\"path\":\"\",\"propertyPath\":\"/CONTROLLING_AREA\",\"modelName\":\"NewYardModel\"}"}]}
RESULT: undefined
COMMAND: POST /session/d65bb1f3e2f9080c12776954838ef114/execute/async - {"script":"<script> [776 bytes]","args":[{"enterText":"Z001","selector":{"controlType":"sap.m.Input","viewName":"etm.portal.ui.manageyards.view.New","viewId":"application-manageyards-display-component---NewYard","bindingPath":{"path":"","propertyPath":"/CONTROLLING_AREA","modelName":"NewYardModel"},"interaction":{"idSuffix":"inner"}},"clearTextFirst":true,"interactionType":"ENTER_TEXT"}]}
RESULT: {}
RESULT: {"script":"<script> [776 bytes]","args":[{"enterText":"Z001","selector":{"controlType":"sap.m.Input","viewName":"etm.portal.ui.manageyards.view.New","viewId":"application-manageyards-display-component---NewYard","bindingPath":{"path":"","propertyPath":"/CONTROLLING_AREA","modelName":"NewYardModel"},"interaction":{"idSuffix":"inner"}},"clearTextFirst":true,"interactionType":"ENTER_TEXT"}]}
COMMAND: POST /session/d65bb1f3e2f9080c12776954838ef114/execute/async - {"script":"<script> [1562 bytes]","args":[{"selector":{"id":"application-manageyards-display-component---NewYard--companyCodeComboBox","interaction":{"idSuffix":"inner"}},"wdio_ui5_key":"applicationmanageyards-display-component---NewYard--companyCodeComboBox"}]}
RESULT: {"script":"<script> [1562 bytes]","args":[{"selector":{"id":"application-manageyards-display-component---NewYard--companyCodeComboBox","interaction":{"idSuffix":"inner"}},"wdio_ui5_key":"applicationmanageyards-display-component---NewYard--companyCodeComboBox"}]}
RESULT: undefined
COMMAND: POST /session/d65bb1f3e2f9080c12776954838ef114/execute/async - {"script":"<script> [776 bytes]","args":[{"enterText":"1000","selector":{"id":"application-manageyards-display-component---NewYard--companyCodeComboBox","interaction":{"idSuffix":"inner"}},"clearTextFirst":true,"interactionType":"ENTER_TEXT"}]}
RESULT: {"script":"<script> [776 bytes]","args":[{"enterText":"1000","selector":{"id":"application-manageyards-display-component---NewYard--companyCodeComboBox","interaction":{"idSuffix":"inner"}},"clearTextFirst":true,"interactionType":"ENTER_TEXT"}]}
COMMAND: POST /session/d65bb1f3e2f9080c12776954838ef114/execute/async - {"script":"<script> [1562 bytes]","args":[{"selector":{"controlType":"sap.m.Input","viewName":"etm.portal.ui.manageyards.view.New","viewId":"application-manageyards-display-component---NewYard","bindingPath":{"path":"","propertyPath":"/PLANT","modelName":"NewYardModel"},"interaction":{"idSuffix":"inner"}},"wdio_ui5_key":"etmportal.ui.manageyards.view.Newsap.m.Input{\"path\":\"\",\"propertyPath\":\"/PLANT\",\"modelName\":\"NewYardModel\"}"}]}
RESULT: {"script":"<script> [1562 bytes]","args":[{"selector":{"controlType":"sap.m.Input","viewName":"etm.portal.ui.manageyards.view.New","viewId":"application-manageyards-display-component---NewYard","bindingPath":{"path":"","propertyPath":"/PLANT","modelName":"NewYardModel"},"interaction":{"idSuffix":"inner"}},"wdio_ui5_key":"etmportal.ui.manageyards.view.Newsap.m.Input{\"path\":\"\",\"propertyPath\":\"/PLANT\",\"modelName\":\"NewYardModel\"}"}]}
RESULT: undefined
COMMAND: POST /session/d65bb1f3e2f9080c12776954838ef114/execute/async - {"script":"<script> [776 bytes]","args":[{"enterText":"1001","selector":{"controlType":"sap.m.Input","viewName":"etm.portal.ui.manageyards.view.New","viewId":"application-manageyards-display-component---NewYard","bindingPath":{"path":"","propertyPath":"/PLANT","modelName":"NewYardModel"},"interaction":{"idSuffix":"inner"}},"clearTextFirst":true,"interactionType":"ENTER_TEXT"}]}
RESULT: {"script":"<script> [776 bytes]","args":[{"enterText":"1001","selector":{"controlType":"sap.m.Input","viewName":"etm.portal.ui.manageyards.view.New","viewId":"application-manageyards-display-component---NewYard","bindingPath":{"path":"","propertyPath":"/PLANT","modelName":"NewYardModel"},"interaction":{"idSuffix":"inner"}},"clearTextFirst":true,"interactionType":"ENTER_TEXT"}]}
COMMAND: POST /session/d65bb1f3e2f9080c12776954838ef114/execute/async - {"script":"<script> [1562 bytes]","args":[{"selector":{"controlType":"sap.m.Input","viewName":"etm.portal.ui.manageyards.view.New","viewId":"application-manageyards-display-component---NewYard","bindingPath":{"path":"","propertyPath":"/SALES_AREA_VKORG","modelName":"NewYardModel"},"interaction":{"idSuffix":"inner"}},"wdio_ui5_key":"etmportal.ui.manageyards.view.Newsap.m.Input{\"path\":\"\",\"propertyPath\":\"/SALES_AREA_VKORG\",\"modelName\":\"NewYardModel\"}"}]}
RESULT: {"script":"<script> [1562 bytes]","args":[{"selector":{"controlType":"sap.m.Input","viewName":"etm.portal.ui.manageyards.view.New","viewId":"application-manageyards-display-component---NewYard","bindingPath":{"path":"","propertyPath":"/SALES_AREA_VKORG","modelName":"NewYardModel"},"interaction":{"idSuffix":"inner"}},"wdio_ui5_key":"etmportal.ui.manageyards.view.Newsap.m.Input{\"path\":\"\",\"propertyPath\":\"/SALES_AREA_VKORG\",\"modelName\":\"NewYardModel\"}"}]}
RESULT: undefined
COMMAND: POST /session/d65bb1f3e2f9080c12776954838ef114/execute/async - {"script":"<script> [776 bytes]","args":[{"enterText":"C002","selector":{"controlType":"sap.m.Input","viewName":"etm.portal.ui.manageyards.view.New","viewId":"application-manageyards-display-component---NewYard","bindingPath":{"path":"","propertyPath":"/SALES_AREA_VKORG","modelName":"NewYardModel"},"interaction":{"idSuffix":"inner"}},"clearTextFirst":true,"interactionType":"ENTER_TEXT"}]}
RESULT: {"script":"<script> [776 bytes]","args":[{"enterText":"C002","selector":{"controlType":"sap.m.Input","viewName":"etm.portal.ui.manageyards.view.New","viewId":"application-manageyards-display-component---NewYard","bindingPath":{"path":"","propertyPath":"/SALES_AREA_VKORG","modelName":"NewYardModel"},"interaction":{"idSuffix":"inner"}},"clearTextFirst":true,"interactionType":"ENTER_TEXT"}]}
COMMAND: POST /session/d65bb1f3e2f9080c12776954838ef114/execute/async - {"script":"<script> [1562 bytes]","args":[{"selector":{"controlType":"sap.m.Input","viewName":"etm.portal.ui.manageyards.view.New","viewId":"application-manageyards-display-component---NewYard","bindingPath":{"path":"","propertyPath":"/SALES_AREA_VTWEG","modelName":"NewYardModel"},"interaction":{"idSuffix":"inner"}},"wdio_ui5_key":"etmportal.ui.manageyards.view.Newsap.m.Input{\"path\":\"\",\"propertyPath\":\"/SALES_AREA_VTWEG\",\"modelName\":\"NewYardModel\"}"}]}
RESULT: {"script":"<script> [1562 bytes]","args":[{"selector":{"controlType":"sap.m.Input","viewName":"etm.portal.ui.manageyards.view.New","viewId":"application-manageyards-display-component---NewYard","bindingPath":{"path":"","propertyPath":"/SALES_AREA_VTWEG","modelName":"NewYardModel"},"interaction":{"idSuffix":"inner"}},"wdio_ui5_key":"etmportal.ui.manageyards.view.Newsap.m.Input{\"path\":\"\",\"propertyPath\":\"/SALES_AREA_VTWEG\",\"modelName\":\"NewYardModel\"}"}]}
RESULT: undefined
COMMAND: POST /session/d65bb1f3e2f9080c12776954838ef114/execute/async - {"script":"<script> [776 bytes]","args":[{"enterText":"C2","selector":{"controlType":"sap.m.Input","viewName":"etm.portal.ui.manageyards.view.New","viewId":"application-manageyards-display-component---NewYard","bindingPath":{"path":"","propertyPath":"/SALES_AREA_VTWEG","modelName":"NewYardModel"},"interaction":{"idSuffix":"inner"}},"clearTextFirst":true,"interactionType":"ENTER_TEXT"}]}
RESULT: {"script":"<script> [776 bytes]","args":[{"enterText":"C2","selector":{"controlType":"sap.m.Input","viewName":"etm.portal.ui.manageyards.view.New","viewId":"application-manageyards-display-component---NewYard","bindingPath":{"path":"","propertyPath":"/SALES_AREA_VTWEG","modelName":"NewYardModel"},"interaction":{"idSuffix":"inner"}},"clearTextFirst":true,"interactionType":"ENTER_TEXT"}]}
COMMAND: POST /session/d65bb1f3e2f9080c12776954838ef114/execute/async - {"script":"<script> [1562 bytes]","args":[{"selector":{"controlType":"sap.m.Input","viewName":"etm.portal.ui.manageyards.view.New","viewId":"application-manageyards-display-component---NewYard","bindingPath":{"path":"","propertyPath":"/SALES_AREA_SPART","modelName":"NewYardModel"},"interaction":{"idSuffix":"inner"}},"wdio_ui5_key":"etmportal.ui.manageyards.view.Newsap.m.Input{\"path\":\"\",\"propertyPath\":\"/SALES_AREA_SPART\",\"modelName\":\"NewYardModel\"}"}]}
RESULT: {"script":"<script> [1562 bytes]","args":[{"selector":{"controlType":"sap.m.Input","viewName":"etm.portal.ui.manageyards.view.New","viewId":"application-manageyards-display-component---NewYard","bindingPath":{"path":"","propertyPath":"/SALES_AREA_SPART","modelName":"NewYardModel"},"interaction":{"idSuffix":"inner"}},"wdio_ui5_key":"etmportal.ui.manageyards.view.Newsap.m.Input{\"path\":\"\",\"propertyPath\":\"/SALES_AREA_SPART\",\"modelName\":\"NewYardModel\"}"}]}
RESULT: undefined
COMMAND: POST /session/d65bb1f3e2f9080c12776954838ef114/execute/async - {"script":"<script> [776 bytes]","args":[{"enterText":"C2","selector":{"controlType":"sap.m.Input","viewName":"etm.portal.ui.manageyards.view.New","viewId":"application-manageyards-display-component---NewYard","bindingPath":{"path":"","propertyPath":"/SALES_AREA_SPART","modelName":"NewYardModel"},"interaction":{"idSuffix":"inner"}},"clearTextFirst":true,"interactionType":"ENTER_TEXT"}]}
RESULT: {"script":"<script> [776 bytes]","args":[{"enterText":"C2","selector":{"controlType":"sap.m.Input","viewName":"etm.portal.ui.manageyards.view.New","viewId":"application-manageyards-display-component---NewYard","bindingPath":{"path":"","propertyPath":"/SALES_AREA_SPART","modelName":"NewYardModel"},"interaction":{"idSuffix":"inner"}},"clearTextFirst":true,"interactionType":"ENTER_TEXT"}]}
COMMAND: POST /session/d65bb1f3e2f9080c12776954838ef114/execute/async - {"script":"<script> [1562 bytes]","args":[{"selector":{"controlType":"sap.m.Input","viewName":"etm.portal.ui.manageyards.view.New","viewId":"application-manageyards-display-component---NewYard","bindingPath":{"path":"","propertyPath":"/SHIP_POINT","modelName":"NewYardModel"},"interaction":{"idSuffix":"inner"}},"wdio_ui5_key":"etmportal.ui.manageyards.view.Newsap.m.Input{\"path\":\"\",\"propertyPath\":\"/SHIP_POINT\",\"modelName\":\"NewYardModel\"}"}]}
RESULT: {"script":"<script> [1562 bytes]","args":[{"selector":{"controlType":"sap.m.Input","viewName":"etm.portal.ui.manageyards.view.New","viewId":"application-manageyards-display-component---NewYard","bindingPath":{"path":"","propertyPath":"/SHIP_POINT","modelName":"NewYardModel"},"interaction":{"idSuffix":"inner"}},"wdio_ui5_key":"etmportal.ui.manageyards.view.Newsap.m.Input{\"path\":\"\",\"propertyPath\":\"/SHIP_POINT\",\"modelName\":\"NewYardModel\"}"}]}
RESULT: undefined
COMMAND: POST /session/d65bb1f3e2f9080c12776954838ef114/execute/async - {"script":"<script> [776 bytes]","args":[{"enterText":"1710","selector":{"controlType":"sap.m.Input","viewName":"etm.portal.ui.manageyards.view.New","viewId":"application-manageyards-display-component---NewYard","bindingPath":{"path":"","propertyPath":"/SHIP_POINT","modelName":"NewYardModel"},"interaction":{"idSuffix":"inner"}},"clearTextFirst":true,"interactionType":"ENTER_TEXT"}]}
RESULT: {"script":"<script> [776 bytes]","args":[{"enterText":"1710","selector":{"controlType":"sap.m.Input","viewName":"etm.portal.ui.manageyards.view.New","viewId":"application-manageyards-display-component---NewYard","bindingPath":{"path":"","propertyPath":"/SHIP_POINT","modelName":"NewYardModel"},"interaction":{"idSuffix":"inner"}},"clearTextFirst":true,"interactionType":"ENTER_TEXT"}]}
COMMAND: POST /session/d65bb1f3e2f9080c12776954838ef114/execute/async - {"script":"<script> [1562 bytes]","args":[{"selector":{"controlType":"sap.m.Input","viewName":"etm.portal.ui.manageyards.view.New","viewId":"application-manageyards-display-component---NewYard","bindingPath":{"path":"","propertyPath":"/DELIVERY_TYPE","modelName":"NewYardModel"},"interaction":{"idSuffix":"inner"}},"wdio_ui5_key":"etmportal.ui.manageyards.view.Newsap.m.Input{\"path\":\"\",\"propertyPath\":\"/DELIVERY_TYPE\",\"modelName\":\"NewYardModel\"}"}]}
RESULT: {"script":"<script> [1562 bytes]","args":[{"selector":{"controlType":"sap.m.Input","viewName":"etm.portal.ui.manageyards.view.New","viewId":"application-manageyards-display-component---NewYard","bindingPath":{"path":"","propertyPath":"/DELIVERY_TYPE","modelName":"NewYardModel"},"interaction":{"idSuffix":"inner"}},"wdio_ui5_key":"etmportal.ui.manageyards.view.Newsap.m.Input{\"path\":\"\",\"propertyPath\":\"/DELIVERY_TYPE\",\"modelName\":\"NewYardModel\"}"}]}
RESULT: undefined
COMMAND: POST /session/d65bb1f3e2f9080c12776954838ef114/execute/async - {"script":"<script> [776 bytes]","args":[{"enterText":"ZL01","selector":{"controlType":"sap.m.Input","viewName":"etm.portal.ui.manageyards.view.New","viewId":"application-manageyards-display-component---NewYard","bindingPath":{"path":"","propertyPath":"/DELIVERY_TYPE","modelName":"NewYardModel"},"interaction":{"idSuffix":"inner"}},"clearTextFirst":true,"interactionType":"ENTER_TEXT"}]}
RESULT: {"script":"<script> [776 bytes]","args":[{"enterText":"ZL01","selector":{"controlType":"sap.m.Input","viewName":"etm.portal.ui.manageyards.view.New","viewId":"application-manageyards-display-component---NewYard","bindingPath":{"path":"","propertyPath":"/DELIVERY_TYPE","modelName":"NewYardModel"},"interaction":{"idSuffix":"inner"}},"clearTextFirst":true,"interactionType":"ENTER_TEXT"}]}
COMMAND: POST /session/d65bb1f3e2f9080c12776954838ef114/execute/async - {"script":"<script> [1562 bytes]","args":[{"selector":{"controlType":"sap.m.Input","viewName":"etm.portal.ui.manageyards.view.New","viewId":"application-manageyards-display-component---NewYard","bindingPath":{"path":"","propertyPath":"/AUART","modelName":"NewYardModel"},"interaction":{"idSuffix":"inner"}},"wdio_ui5_key":"etmportal.ui.manageyards.view.Newsap.m.Input{\"path\":\"\",\"propertyPath\":\"/AUART\",\"modelName\":\"NewYardModel\"}"}]}
RESULT: {"script":"<script> [1562 bytes]","args":[{"selector":{"controlType":"sap.m.Input","viewName":"etm.portal.ui.manageyards.view.New","viewId":"application-manageyards-display-component---NewYard","bindingPath":{"path":"","propertyPath":"/AUART","modelName":"NewYardModel"},"interaction":{"idSuffix":"inner"}},"wdio_ui5_key":"etmportal.ui.manageyards.view.Newsap.m.Input{\"path\":\"\",\"propertyPath\":\"/AUART\",\"modelName\":\"NewYardModel\"}"}]}
RESULT: undefined
COMMAND: POST /session/d65bb1f3e2f9080c12776954838ef114/execute/async - {"script":"<script> [776 bytes]","args":[{"enterText":"TA","selector":{"controlType":"sap.m.Input","viewName":"etm.portal.ui.manageyards.view.New","viewId":"application-manageyards-display-component---NewYard","bindingPath":{"path":"","propertyPath":"/AUART","modelName":"NewYardModel"},"interaction":{"idSuffix":"inner"}},"clearTextFirst":true,"interactionType":"ENTER_TEXT"}]}
RESULT: {"script":"<script> [776 bytes]","args":[{"enterText":"TA","selector":{"controlType":"sap.m.Input","viewName":"etm.portal.ui.manageyards.view.New","viewId":"application-manageyards-display-component---NewYard","bindingPath":{"path":"","propertyPath":"/AUART","modelName":"NewYardModel"},"interaction":{"idSuffix":"inner"}},"clearTextFirst":true,"interactionType":"ENTER_TEXT"}]}
COMMAND: POST /session/d65bb1f3e2f9080c12776954838ef114/element - {"using":"xpath","value":"//button[@data-kt=\"newYardSaveButton\"]"}
RESULT: {"using":"xpath","value":"//button[@data-kt=\"newYardSaveButton\"]"}
COMMAND: POST /session/d65bb1f3e2f9080c12776954838ef114/element/f.AD1387FB3635F7347677CF9BEECFB356.d.F4E6ECE6AD6CED7A7007CA59B2CA13DF.e.7346/click - {}
RESULT: {}
COMMAND: GET /session/d65bb1f3e2f9080c12776954838ef114/screenshot - {}
COMMAND: POST /session/d65bb1f3e2f9080c12776954838ef114/element - {"using":"xpath","value":"//header[contains(@id, 'ObjectPageLayout-headerTitle')]/div[1]/div[2]/div[1]/span[1]"}
RESULT: {}
RESULT: {"using":"xpath","value":"//header[contains(@id, 'ObjectPageLayout-headerTitle')]/div[1]/div[2]/div[1]/span[1]"}
COMMAND: POST /session/d65bb1f3e2f9080c12776954838ef114/elements - {"using":"xpath","value":"//header[contains(@id, 'ObjectPageLayout-headerTitle')]/div[1]/div[2]/div[1]/span[1]"}
RESULT: {"using":"xpath","value":"//header[contains(@id, 'ObjectPageLayout-headerTitle')]/div[1]/div[2]/div[1]/span[1]"}
COMMAND: POST /session/d65bb1f3e2f9080c12776954838ef114/execute/sync - {"script":"<script> [56 bytes]","args":[{"element-6066-11e4-a52e-4f735466cecf":"f.AD1387FB3635F7347677CF9BEECFB356.d.F4E6ECE6AD6CED7A7007CA59B2CA13DF.e.7677","ELEMENT":"f.AD1387FB3635F7347677CF9BEECFB356.d.F4E6ECE6AD6CED7A7007CA59B2CA13DF.e.7677"}]}
RESULT: {"script":"<script> [56 bytes]","args":[{"element-6066-11e4-a52e-4f735466cecf":"f.AD1387FB3635F7347677CF9BEECFB356.d.F4E6ECE6AD6CED7A7007CA59B2CA13DF.e.7677","ELEMENT":"f.AD1387FB3635F7347677CF9BEECFB356.d.F4E6ECE6AD6CED7A7007CA59B2CA13DF.e.7677"}]}
COMMAND: GET /session/d65bb1f3e2f9080c12776954838ef114/screenshot - {}
RESULT: {}
COMMAND: POST /session/d65bb1f3e2f9080c12776954838ef114/element - {"using":"css selector","value":"#shell-header-logo"}
RESULT: {"using":"css selector","value":"#shell-header-logo"}
COMMAND: POST /session/d65bb1f3e2f9080c12776954838ef114/element/f.AD1387FB3635F7347677CF9BEECFB356.d.F4E6ECE6AD6CED7A7007CA59B2CA13DF.e.6939/click - {}
RESULT: {}
COMMAND: GET /session/d65bb1f3e2f9080c12776954838ef114/screenshot - {}
RESULT: {}
COMMAND: POST /session/d65bb1f3e2f9080c12776954838ef114/execute/sync - {"script":"<script> [299 bytes]","args":[["getModel","getResource"]]}
RESULT: {"script":"<script> [299 bytes]","args":[["getModel","getResource"]]}
]]></system-out>
    </testcase>
    <testcase classname="chrome.135_0_7049_96.windows.Billing_Transfer_-_Intracompany_US127249" name="Should create a new partner" time="133.786">
      <system-out><![CDATA[
COMMAND: GET /session/d65bb1f3e2f9080c12776954838ef114/screenshot - {}
COMMAND: POST /session/d65bb1f3e2f9080c12776954838ef114/window/fullscreen - {}
RESULT: {}
COMMAND: POST /session/d65bb1f3e2f9080c12776954838ef114/execute/async - {"script":"<script> [1562 bytes]","args":[{"selector":{"controlType":"sap.m.GenericTile","properties":{"header":"Manage Partners"}},"wdio_ui5_key":"sapm.GenericTile{\"header\":\"Manage Partners\"}"}]}
RESULT: {}
RESULT: {"script":"<script> [1562 bytes]","args":[{"selector":{"controlType":"sap.m.GenericTile","properties":{"header":"Manage Partners"}},"wdio_ui5_key":"sapm.GenericTile{\"header\":\"Manage Partners\"}"}]}
RESULT: undefined
COMMAND: POST /session/d65bb1f3e2f9080c12776954838ef114/element - {"using":"xpath","value":"//*[@id=\"__tile38\"]"}
RESULT: {"using":"xpath","value":"//*[@id=\"__tile38\"]"}
COMMAND: POST /session/d65bb1f3e2f9080c12776954838ef114/element/f.AD1387FB3635F7347677CF9BEECFB356.d.F4E6ECE6AD6CED7A7007CA59B2CA13DF.e.6824/click - {}
RESULT: {}
COMMAND: POST /session/d65bb1f3e2f9080c12776954838ef114/element - {"using":"xpath","value":"//button[@data-kt=\"addButton\"]"}
COMMAND: GET /session/d65bb1f3e2f9080c12776954838ef114/screenshot - {}
RESULT: {"using":"xpath","value":"//button[@data-kt=\"addButton\"]"}
COMMAND: POST /session/d65bb1f3e2f9080c12776954838ef114/elements - {"using":"xpath","value":"//button[@data-kt=\"addButton\"]"}
RESULT: {}
RESULT: {"using":"xpath","value":"//button[@data-kt=\"addButton\"]"}
COMMAND: POST /session/d65bb1f3e2f9080c12776954838ef114/elements - {"using":"xpath","value":"//button[@data-kt=\"addButton\"]"}
RESULT: {"using":"xpath","value":"//button[@data-kt=\"addButton\"]"}
COMMAND: POST /session/d65bb1f3e2f9080c12776954838ef114/elements - {"using":"xpath","value":"//button[@data-kt=\"addButton\"]"}
RESULT: {"using":"xpath","value":"//button[@data-kt=\"addButton\"]"}
COMMAND: POST /session/d65bb1f3e2f9080c12776954838ef114/elements - {"using":"xpath","value":"//button[@data-kt=\"addButton\"]"}
RESULT: {"using":"xpath","value":"//button[@data-kt=\"addButton\"]"}
COMMAND: POST /session/d65bb1f3e2f9080c12776954838ef114/elements - {"using":"xpath","value":"//button[@data-kt=\"addButton\"]"}
RESULT: {"using":"xpath","value":"//button[@data-kt=\"addButton\"]"}
COMMAND: POST /session/d65bb1f3e2f9080c12776954838ef114/elements - {"using":"xpath","value":"//button[@data-kt=\"addButton\"]"}
RESULT: {"using":"xpath","value":"//button[@data-kt=\"addButton\"]"}
COMMAND: POST /session/d65bb1f3e2f9080c12776954838ef114/elements - {"using":"xpath","value":"//button[@data-kt=\"addButton\"]"}
RESULT: {"using":"xpath","value":"//button[@data-kt=\"addButton\"]"}
COMMAND: POST /session/d65bb1f3e2f9080c12776954838ef114/elements - {"using":"xpath","value":"//button[@data-kt=\"addButton\"]"}
RESULT: {"using":"xpath","value":"//button[@data-kt=\"addButton\"]"}
COMMAND: POST /session/d65bb1f3e2f9080c12776954838ef114/elements - {"using":"xpath","value":"//button[@data-kt=\"addButton\"]"}
RESULT: {"using":"xpath","value":"//button[@data-kt=\"addButton\"]"}
COMMAND: POST /session/d65bb1f3e2f9080c12776954838ef114/elements - {"using":"xpath","value":"//button[@data-kt=\"addButton\"]"}
RESULT: {"using":"xpath","value":"//button[@data-kt=\"addButton\"]"}
COMMAND: POST /session/d65bb1f3e2f9080c12776954838ef114/elements - {"using":"xpath","value":"//button[@data-kt=\"addButton\"]"}
RESULT: {"using":"xpath","value":"//button[@data-kt=\"addButton\"]"}
COMMAND: POST /session/d65bb1f3e2f9080c12776954838ef114/elements - {"using":"xpath","value":"//button[@data-kt=\"addButton\"]"}
RESULT: {"using":"xpath","value":"//button[@data-kt=\"addButton\"]"}
COMMAND: POST /session/d65bb1f3e2f9080c12776954838ef114/elements - {"using":"xpath","value":"//button[@data-kt=\"addButton\"]"}
RESULT: {"using":"xpath","value":"//button[@data-kt=\"addButton\"]"}
COMMAND: POST /session/d65bb1f3e2f9080c12776954838ef114/elements - {"using":"xpath","value":"//button[@data-kt=\"addButton\"]"}
RESULT: {"using":"xpath","value":"//button[@data-kt=\"addButton\"]"}
COMMAND: POST /session/d65bb1f3e2f9080c12776954838ef114/elements - {"using":"xpath","value":"//button[@data-kt=\"addButton\"]"}
RESULT: {"using":"xpath","value":"//button[@data-kt=\"addButton\"]"}
COMMAND: POST /session/d65bb1f3e2f9080c12776954838ef114/elements - {"using":"xpath","value":"//button[@data-kt=\"addButton\"]"}
RESULT: {"using":"xpath","value":"//button[@data-kt=\"addButton\"]"}
COMMAND: POST /session/d65bb1f3e2f9080c12776954838ef114/elements - {"using":"xpath","value":"//button[@data-kt=\"addButton\"]"}
RESULT: {"using":"xpath","value":"//button[@data-kt=\"addButton\"]"}
COMMAND: POST /session/d65bb1f3e2f9080c12776954838ef114/elements - {"using":"xpath","value":"//button[@data-kt=\"addButton\"]"}
RESULT: {"using":"xpath","value":"//button[@data-kt=\"addButton\"]"}
COMMAND: POST /session/d65bb1f3e2f9080c12776954838ef114/elements - {"using":"xpath","value":"//button[@data-kt=\"addButton\"]"}
RESULT: {"using":"xpath","value":"//button[@data-kt=\"addButton\"]"}
COMMAND: POST /session/d65bb1f3e2f9080c12776954838ef114/elements - {"using":"xpath","value":"//button[@data-kt=\"addButton\"]"}
RESULT: {"using":"xpath","value":"//button[@data-kt=\"addButton\"]"}
COMMAND: POST /session/d65bb1f3e2f9080c12776954838ef114/element - {"using":"xpath","value":"//button[@data-kt=\"addButton\"]"}
RESULT: {"using":"xpath","value":"//button[@data-kt=\"addButton\"]"}
COMMAND: POST /session/d65bb1f3e2f9080c12776954838ef114/execute/sync - {"script":"<script> [8489 bytes]","args":[{"element-6066-11e4-a52e-4f735466cecf":"f.AD1387FB3635F7347677CF9BEECFB356.d.F4E6ECE6AD6CED7A7007CA59B2CA13DF.e.7726","ELEMENT":"f.AD1387FB3635F7347677CF9BEECFB356.d.F4E6ECE6AD6CED7A7007CA59B2CA13DF.e.7726"}]}
RESULT: {"script":"<script> [8489 bytes]","args":[{"element-6066-11e4-a52e-4f735466cecf":"f.AD1387FB3635F7347677CF9BEECFB356.d.F4E6ECE6AD6CED7A7007CA59B2CA13DF.e.7726","ELEMENT":"f.AD1387FB3635F7347677CF9BEECFB356.d.F4E6ECE6AD6CED7A7007CA59B2CA13DF.e.7726"}]}
COMMAND: GET /session/d65bb1f3e2f9080c12776954838ef114/element/f.AD1387FB3635F7347677CF9BEECFB356.d.F4E6ECE6AD6CED7A7007CA59B2CA13DF.e.7726/enabled - {}
COMMAND: GET /session/d65bb1f3e2f9080c12776954838ef114/screenshot - {}
RESULT: {}
COMMAND: POST /session/d65bb1f3e2f9080c12776954838ef114/execute/sync - {"script":"<script> [8489 bytes]","args":[{"element-6066-11e4-a52e-4f735466cecf":"f.AD1387FB3635F7347677CF9BEECFB356.d.F4E6ECE6AD6CED7A7007CA59B2CA13DF.e.7726","ELEMENT":"f.AD1387FB3635F7347677CF9BEECFB356.d.F4E6ECE6AD6CED7A7007CA59B2CA13DF.e.7726"}]}
COMMAND: GET /session/d65bb1f3e2f9080c12776954838ef114/screenshot - {}
RESULT: {}
RESULT: {"script":"<script> [8489 bytes]","args":[{"element-6066-11e4-a52e-4f735466cecf":"f.AD1387FB3635F7347677CF9BEECFB356.d.F4E6ECE6AD6CED7A7007CA59B2CA13DF.e.7726","ELEMENT":"f.AD1387FB3635F7347677CF9BEECFB356.d.F4E6ECE6AD6CED7A7007CA59B2CA13DF.e.7726"}]}
COMMAND: POST /session/d65bb1f3e2f9080c12776954838ef114/execute/sync - {"script":"<script> [5351 bytes]","args":[{"element-6066-11e4-a52e-4f735466cecf":"f.AD1387FB3635F7347677CF9BEECFB356.d.F4E6ECE6AD6CED7A7007CA59B2CA13DF.e.7726","ELEMENT":"f.AD1387FB3635F7347677CF9BEECFB356.d.F4E6ECE6AD6CED7A7007CA59B2CA13DF.e.7726"}]}
COMMAND: GET /session/d65bb1f3e2f9080c12776954838ef114/screenshot - {}
RESULT: {}
RESULT: {"script":"<script> [5351 bytes]","args":[{"element-6066-11e4-a52e-4f735466cecf":"f.AD1387FB3635F7347677CF9BEECFB356.d.F4E6ECE6AD6CED7A7007CA59B2CA13DF.e.7726","ELEMENT":"f.AD1387FB3635F7347677CF9BEECFB356.d.F4E6ECE6AD6CED7A7007CA59B2CA13DF.e.7726"}]}
COMMAND: POST /session/d65bb1f3e2f9080c12776954838ef114/element/f.AD1387FB3635F7347677CF9BEECFB356.d.F4E6ECE6AD6CED7A7007CA59B2CA13DF.e.7726/click - {}
COMMAND: GET /session/d65bb1f3e2f9080c12776954838ef114/screenshot - {}
RESULT: {}
RESULT: {}
COMMAND: GET /session/d65bb1f3e2f9080c12776954838ef114/screenshot - {}
COMMAND: POST /session/d65bb1f3e2f9080c12776954838ef114/execute/async - {"script":"<script> [1562 bytes]","args":[{"selector":{"id":"application-managepartners-display-component---NewPartner--addressDetailDetailsName1","interaction":{"idSuffix":"inner"}},"wdio_ui5_key":"applicationmanagepartners-display-component---NewPartner--addressDetailDetailsName1"}]}
RESULT: {}
RESULT: {}
RESULT: {"script":"<script> [1562 bytes]","args":[{"selector":{"id":"application-managepartners-display-component---NewPartner--addressDetailDetailsName1","interaction":{"idSuffix":"inner"}},"wdio_ui5_key":"applicationmanagepartners-display-component---NewPartner--addressDetailDetailsName1"}]}
RESULT: undefined
COMMAND: POST /session/d65bb1f3e2f9080c12776954838ef114/execute/async - {"script":"<script> [776 bytes]","args":[{"enterText":"Intracompany Partner WDIO","selector":{"id":"application-managepartners-display-component---NewPartner--addressDetailDetailsName1","interaction":{"idSuffix":"inner"}},"clearTextFirst":true,"interactionType":"ENTER_TEXT"}]}
RESULT: {"script":"<script> [776 bytes]","args":[{"enterText":"Intracompany Partner WDIO","selector":{"id":"application-managepartners-display-component---NewPartner--addressDetailDetailsName1","interaction":{"idSuffix":"inner"}},"clearTextFirst":true,"interactionType":"ENTER_TEXT"}]}
COMMAND: POST /session/d65bb1f3e2f9080c12776954838ef114/execute/async - {"script":"<script> [1562 bytes]","args":[{"selector":{"id":"application-managepartners-display-component---NewPartner--addressDetailDetailsLanguage-arrow"},"wdio_ui5_key":"applicationmanagepartners-display-component---NewPartner--addressDetailDetailsLanguage-arrow"}]}
RESULT: {"script":"<script> [1562 bytes]","args":[{"selector":{"id":"application-managepartners-display-component---NewPartner--addressDetailDetailsLanguage-arrow"},"wdio_ui5_key":"applicationmanagepartners-display-component---NewPartner--addressDetailDetailsLanguage-arrow"}]}
RESULT: undefined
COMMAND: POST /session/d65bb1f3e2f9080c12776954838ef114/element - {"using":"xpath","value":"//*[@id=\"application-managepartners-display-component---NewPartner--addressDetailDetailsLanguage-arrow\"]"}
RESULT: {"using":"xpath","value":"//*[@id=\"application-managepartners-display-component---NewPartner--addressDetailDetailsLanguage-arrow\"]"}
COMMAND: POST /session/d65bb1f3e2f9080c12776954838ef114/element/f.AD1387FB3635F7347677CF9BEECFB356.d.F4E6ECE6AD6CED7A7007CA59B2CA13DF.e.8163/click - {}
RESULT: {}
COMMAND: POST /session/d65bb1f3e2f9080c12776954838ef114/element - {"using":"xpath","value":"//span[contains(text(), \"English\")]"}
COMMAND: GET /session/d65bb1f3e2f9080c12776954838ef114/screenshot - {}
RESULT: {"using":"xpath","value":"//span[contains(text(), \"English\")]"}
COMMAND: POST /session/d65bb1f3e2f9080c12776954838ef114/element/f.AD1387FB3635F7347677CF9BEECFB356.d.F4E6ECE6AD6CED7A7007CA59B2CA13DF.e.8164/click - {}
RESULT: {}
RESULT: {}
COMMAND: GET /session/d65bb1f3e2f9080c12776954838ef114/screenshot - {}
RESULT: {}
COMMAND: POST /session/d65bb1f3e2f9080c12776954838ef114/execute/async - {"script":"<script> [1562 bytes]","args":[{"selector":{"id":"application-managepartners-display-component---NewPartner--addressDetailDetailsCity1","interaction":{"idSuffix":"inner"}},"wdio_ui5_key":"applicationmanagepartners-display-component---NewPartner--addressDetailDetailsCity1"}]}
RESULT: {"script":"<script> [1562 bytes]","args":[{"selector":{"id":"application-managepartners-display-component---NewPartner--addressDetailDetailsCity1","interaction":{"idSuffix":"inner"}},"wdio_ui5_key":"applicationmanagepartners-display-component---NewPartner--addressDetailDetailsCity1"}]}
RESULT: undefined
COMMAND: POST /session/d65bb1f3e2f9080c12776954838ef114/execute/async - {"script":"<script> [776 bytes]","args":[{"enterText":"Rosario","selector":{"id":"application-managepartners-display-component---NewPartner--addressDetailDetailsCity1","interaction":{"idSuffix":"inner"}},"clearTextFirst":true,"interactionType":"ENTER_TEXT"}]}
RESULT: {"script":"<script> [776 bytes]","args":[{"enterText":"Rosario","selector":{"id":"application-managepartners-display-component---NewPartner--addressDetailDetailsCity1","interaction":{"idSuffix":"inner"}},"clearTextFirst":true,"interactionType":"ENTER_TEXT"}]}
COMMAND: POST /session/d65bb1f3e2f9080c12776954838ef114/execute/async - {"script":"<script> [1562 bytes]","args":[{"selector":{"id":"application-managepartners-display-component---NewPartner--addressDetailDetailsCountry-arrow"},"wdio_ui5_key":"applicationmanagepartners-display-component---NewPartner--addressDetailDetailsCountry-arrow"}]}
RESULT: {"script":"<script> [1562 bytes]","args":[{"selector":{"id":"application-managepartners-display-component---NewPartner--addressDetailDetailsCountry-arrow"},"wdio_ui5_key":"applicationmanagepartners-display-component---NewPartner--addressDetailDetailsCountry-arrow"}]}
RESULT: undefined
COMMAND: POST /session/d65bb1f3e2f9080c12776954838ef114/element - {"using":"xpath","value":"//*[@id=\"application-managepartners-display-component---NewPartner--addressDetailDetailsCountry-arrow\"]"}
RESULT: {"using":"xpath","value":"//*[@id=\"application-managepartners-display-component---NewPartner--addressDetailDetailsCountry-arrow\"]"}
COMMAND: POST /session/d65bb1f3e2f9080c12776954838ef114/element/f.AD1387FB3635F7347677CF9BEECFB356.d.F4E6ECE6AD6CED7A7007CA59B2CA13DF.e.8142/click - {}
RESULT: {}
COMMAND: POST /session/d65bb1f3e2f9080c12776954838ef114/element - {"using":"xpath","value":"//span[contains(text(), \"Argentina\")]"}
COMMAND: GET /session/d65bb1f3e2f9080c12776954838ef114/screenshot - {}
RESULT: {"using":"xpath","value":"//span[contains(text(), \"Argentina\")]"}
COMMAND: POST /session/d65bb1f3e2f9080c12776954838ef114/element/f.AD1387FB3635F7347677CF9BEECFB356.d.F4E6ECE6AD6CED7A7007CA59B2CA13DF.e.8166/click - {}
RESULT: {}
RESULT: {}
COMMAND: GET /session/d65bb1f3e2f9080c12776954838ef114/screenshot - {}
RESULT: {}
COMMAND: POST /session/d65bb1f3e2f9080c12776954838ef114/element - {"using":"xpath","value":"//bdi[contains(text(), \"Commercial\")]"}
RESULT: {"using":"xpath","value":"//bdi[contains(text(), \"Commercial\")]"}
COMMAND: POST /session/d65bb1f3e2f9080c12776954838ef114/element/f.AD1387FB3635F7347677CF9BEECFB356.d.F4E6ECE6AD6CED7A7007CA59B2CA13DF.e.8167/click - {}
RESULT: {}
COMMAND: GET /session/d65bb1f3e2f9080c12776954838ef114/screenshot - {}
RESULT: {}
COMMAND: POST /session/d65bb1f3e2f9080c12776954838ef114/execute/async - {"script":"<script> [1562 bytes]","args":[{"selector":{"id":"application-managepartners-display-component---NewPartner--partnerDetailInternal-arrow"},"wdio_ui5_key":"applicationmanagepartners-display-component---NewPartner--partnerDetailInternal-arrow"}]}
RESULT: {"script":"<script> [1562 bytes]","args":[{"selector":{"id":"application-managepartners-display-component---NewPartner--partnerDetailInternal-arrow"},"wdio_ui5_key":"applicationmanagepartners-display-component---NewPartner--partnerDetailInternal-arrow"}]}
RESULT: undefined
COMMAND: POST /session/d65bb1f3e2f9080c12776954838ef114/element - {"using":"xpath","value":"//*[@id=\"application-managepartners-display-component---NewPartner--partnerDetailInternal-arrow\"]"}
RESULT: {"using":"xpath","value":"//*[@id=\"application-managepartners-display-component---NewPartner--partnerDetailInternal-arrow\"]"}
COMMAND: POST /session/d65bb1f3e2f9080c12776954838ef114/element/f.AD1387FB3635F7347677CF9BEECFB356.d.F4E6ECE6AD6CED7A7007CA59B2CA13DF.e.8173/click - {}
RESULT: {}
COMMAND: POST /session/d65bb1f3e2f9080c12776954838ef114/element - {"using":"xpath","value":"//span[contains(text(), \"Affiliated company\")]"}
COMMAND: GET /session/d65bb1f3e2f9080c12776954838ef114/screenshot - {}
RESULT: {"using":"xpath","value":"//span[contains(text(), \"Affiliated company\")]"}
COMMAND: POST /session/d65bb1f3e2f9080c12776954838ef114/element/f.AD1387FB3635F7347677CF9BEECFB356.d.F4E6ECE6AD6CED7A7007CA59B2CA13DF.e.8174/click - {}
RESULT: {}
RESULT: {}
COMMAND: POST /session/d65bb1f3e2f9080c12776954838ef114/execute/async - {"script":"<script> [1562 bytes]","args":[{"selector":{"id":"application-managepartners-display-component---NewPartner--partnerDetailsCurrency-arrow"},"wdio_ui5_key":"applicationmanagepartners-display-component---NewPartner--partnerDetailsCurrency-arrow"}]}
COMMAND: GET /session/d65bb1f3e2f9080c12776954838ef114/screenshot - {}
RESULT: {"script":"<script> [1562 bytes]","args":[{"selector":{"id":"application-managepartners-display-component---NewPartner--partnerDetailsCurrency-arrow"},"wdio_ui5_key":"applicationmanagepartners-display-component---NewPartner--partnerDetailsCurrency-arrow"}]}
RESULT: undefined
COMMAND: POST /session/d65bb1f3e2f9080c12776954838ef114/element - {"using":"xpath","value":"//*[@id=\"application-managepartners-display-component---NewPartner--partnerDetailsCurrency-arrow\"]"}
RESULT: {}
RESULT: {"using":"xpath","value":"//*[@id=\"application-managepartners-display-component---NewPartner--partnerDetailsCurrency-arrow\"]"}
COMMAND: POST /session/d65bb1f3e2f9080c12776954838ef114/element/f.AD1387FB3635F7347677CF9BEECFB356.d.F4E6ECE6AD6CED7A7007CA59B2CA13DF.e.8181/click - {}
RESULT: {}
COMMAND: POST /session/d65bb1f3e2f9080c12776954838ef114/element - {"using":"xpath","value":"//span[contains(text(), \"Euro\")]"}
COMMAND: GET /session/d65bb1f3e2f9080c12776954838ef114/screenshot - {}
RESULT: {"using":"xpath","value":"//span[contains(text(), \"Euro\")]"}
COMMAND: POST /session/d65bb1f3e2f9080c12776954838ef114/element/f.AD1387FB3635F7347677CF9BEECFB356.d.F4E6ECE6AD6CED7A7007CA59B2CA13DF.e.8182/click - {}
RESULT: {}
RESULT: {}
COMMAND: POST /session/d65bb1f3e2f9080c12776954838ef114/execute/async - {"script":"<script> [1562 bytes]","args":[{"selector":{"id":"application-managepartners-display-component---NewPartner--addressEditDetailsCostObjectCstType-arrow"},"wdio_ui5_key":"applicationmanagepartners-display-component---NewPartner--addressEditDetailsCostObjectCstType-arrow"}]}
COMMAND: GET /session/d65bb1f3e2f9080c12776954838ef114/screenshot - {}
RESULT: {"script":"<script> [1562 bytes]","args":[{"selector":{"id":"application-managepartners-display-component---NewPartner--addressEditDetailsCostObjectCstType-arrow"},"wdio_ui5_key":"applicationmanagepartners-display-component---NewPartner--addressEditDetailsCostObjectCstType-arrow"}]}
RESULT: undefined
COMMAND: POST /session/d65bb1f3e2f9080c12776954838ef114/element - {"using":"xpath","value":"//*[@id=\"application-managepartners-display-component---NewPartner--addressEditDetailsCostObjectCstType-arrow\"]"}
RESULT: {}
RESULT: {"using":"xpath","value":"//*[@id=\"application-managepartners-display-component---NewPartner--addressEditDetailsCostObjectCstType-arrow\"]"}
COMMAND: POST /session/d65bb1f3e2f9080c12776954838ef114/element/f.AD1387FB3635F7347677CF9BEECFB356.d.F4E6ECE6AD6CED7A7007CA59B2CA13DF.e.8183/click - {}
RESULT: {}
COMMAND: POST /session/d65bb1f3e2f9080c12776954838ef114/element - {"using":"xpath","value":"//span[contains(text(), \"Cost Center\")]"}
COMMAND: GET /session/d65bb1f3e2f9080c12776954838ef114/screenshot - {}
RESULT: {"using":"xpath","value":"//span[contains(text(), \"Cost Center\")]"}
COMMAND: POST /session/d65bb1f3e2f9080c12776954838ef114/element/f.AD1387FB3635F7347677CF9BEECFB356.d.F4E6ECE6AD6CED7A7007CA59B2CA13DF.e.8184/click - {}
RESULT: {}
RESULT: {}
COMMAND: GET /session/d65bb1f3e2f9080c12776954838ef114/screenshot - {}
RESULT: {}
COMMAND: POST /session/d65bb1f3e2f9080c12776954838ef114/element - {"using":"xpath","value":"//span[@id=\"application-managepartners-display-component---NewPartner--addressNewCostObjectCstID-vhi\"]"}
RESULT: {"using":"xpath","value":"//span[@id=\"application-managepartners-display-component---NewPartner--addressNewCostObjectCstID-vhi\"]"}
COMMAND: POST /session/d65bb1f3e2f9080c12776954838ef114/execute/sync - {"script":"<script> [8489 bytes]","args":[{"element-6066-11e4-a52e-4f735466cecf":"f.AD1387FB3635F7347677CF9BEECFB356.d.F4E6ECE6AD6CED7A7007CA59B2CA13DF.e.8188","ELEMENT":"f.AD1387FB3635F7347677CF9BEECFB356.d.F4E6ECE6AD6CED7A7007CA59B2CA13DF.e.8188"}]}
RESULT: {"script":"<script> [8489 bytes]","args":[{"element-6066-11e4-a52e-4f735466cecf":"f.AD1387FB3635F7347677CF9BEECFB356.d.F4E6ECE6AD6CED7A7007CA59B2CA13DF.e.8188","ELEMENT":"f.AD1387FB3635F7347677CF9BEECFB356.d.F4E6ECE6AD6CED7A7007CA59B2CA13DF.e.8188"}]}
COMMAND: POST /session/d65bb1f3e2f9080c12776954838ef114/execute/async - {"script":"<script> [1562 bytes]","args":[{"selector":{"id":"application-managepartners-display-component---NewPartner--addressNewCostObjectCstID-vhi"},"wdio_ui5_key":"applicationmanagepartners-display-component---NewPartner--addressNewCostObjectCstID-vhi"}]}
COMMAND: GET /session/d65bb1f3e2f9080c12776954838ef114/screenshot - {}
RESULT: {"script":"<script> [1562 bytes]","args":[{"selector":{"id":"application-managepartners-display-component---NewPartner--addressNewCostObjectCstID-vhi"},"wdio_ui5_key":"applicationmanagepartners-display-component---NewPartner--addressNewCostObjectCstID-vhi"}]}
RESULT: undefined
COMMAND: POST /session/d65bb1f3e2f9080c12776954838ef114/element - {"using":"xpath","value":"//*[@id=\"application-managepartners-display-component---NewPartner--addressNewCostObjectCstID-vhi\"]"}
RESULT: {}
RESULT: {"using":"xpath","value":"//*[@id=\"application-managepartners-display-component---NewPartner--addressNewCostObjectCstID-vhi\"]"}
COMMAND: POST /session/d65bb1f3e2f9080c12776954838ef114/element/f.AD1387FB3635F7347677CF9BEECFB356.d.F4E6ECE6AD6CED7A7007CA59B2CA13DF.e.8188/click - {}
RESULT: {}
COMMAND: GET /session/d65bb1f3e2f9080c12776954838ef114/screenshot - {}
RESULT: {}
RESULT: undefined
COMMAND: POST /session/d65bb1f3e2f9080c12776954838ef114/execute/async - {"script":"<script> [776 bytes]","args":[{"enterText":"10001013","selector":{"controlType":"sap.m.SearchField","properties":{"placeholder":"Search"},"searchOpenDialogs":true,"interaction":{"idSuffix":"I"}},"clearTextFirst":true,"interactionType":"ENTER_TEXT"}]}
RESULT: {"script":"<script> [776 bytes]","args":[{"enterText":"10001013","selector":{"controlType":"sap.m.SearchField","properties":{"placeholder":"Search"},"searchOpenDialogs":true,"interaction":{"idSuffix":"I"}},"clearTextFirst":true,"interactionType":"ENTER_TEXT"}]}
COMMAND: POST /session/d65bb1f3e2f9080c12776954838ef114/actions - {"actions":[{"id":"action24","type":"key","parameters":{},"actions":[{"type":"keyDown","value":"î€‡"},{"type":"pause","duration":10},{"type":"keyUp","value":"î€‡"}]}]}
RESULT: {"actions":[{"id":"action24","type":"key","parameters":{},"actions":[{"type":"keyDown","value":"î€‡"},{"type":"pause","duration":10},{"type":"keyUp","value":"î€‡"}]}]}
COMMAND: GET /session/d65bb1f3e2f9080c12776954838ef114/screenshot - {}
RESULT: {}
COMMAND: POST /session/d65bb1f3e2f9080c12776954838ef114/element - {"using":"xpath","value":"//span[contains(text(), \"General Management\")]"}
RESULT: {"using":"xpath","value":"//span[contains(text(), \"General Management\")]"}
COMMAND: POST /session/d65bb1f3e2f9080c12776954838ef114/element/f.AD1387FB3635F7347677CF9BEECFB356.d.F4E6ECE6AD6CED7A7007CA59B2CA13DF.e.8226/click - {}
RESULT: {}
COMMAND: GET /session/d65bb1f3e2f9080c12776954838ef114/screenshot - {}
RESULT: {}
COMMAND: POST /session/d65bb1f3e2f9080c12776954838ef114/element - {"using":"xpath","value":"//bdi[contains(text(), \"OK\")]"}
RESULT: {"using":"xpath","value":"//bdi[contains(text(), \"OK\")]"}
COMMAND: POST /session/d65bb1f3e2f9080c12776954838ef114/element/f.AD1387FB3635F7347677CF9BEECFB356.d.F4E6ECE6AD6CED7A7007CA59B2CA13DF.e.8227/click - {}
RESULT: {}
COMMAND: GET /session/d65bb1f3e2f9080c12776954838ef114/screenshot - {}
RESULT: {}
COMMAND: POST /session/d65bb1f3e2f9080c12776954838ef114/element - {"using":"xpath","value":"//input[@id=\"application-managepartners-display-component---NewPartner--companyCodeComboBox-inner\"]"}
RESULT: {"using":"xpath","value":"//input[@id=\"application-managepartners-display-component---NewPartner--companyCodeComboBox-inner\"]"}
COMMAND: POST /session/d65bb1f3e2f9080c12776954838ef114/element/f.AD1387FB3635F7347677CF9BEECFB356.d.F4E6ECE6AD6CED7A7007CA59B2CA13DF.e.8028/clear - {}
RESULT: {}
COMMAND: POST /session/d65bb1f3e2f9080c12776954838ef114/element/f.AD1387FB3635F7347677CF9BEECFB356.d.F4E6ECE6AD6CED7A7007CA59B2CA13DF.e.8028/value - {"text":"1000"}
COMMAND: GET /session/d65bb1f3e2f9080c12776954838ef114/screenshot - {}
RESULT: {"text":"1000"}
COMMAND: GET /session/d65bb1f3e2f9080c12776954838ef114/screenshot - {}
RESULT: {}
RESULT: {}
COMMAND: POST /session/d65bb1f3e2f9080c12776954838ef114/element - {"using":"xpath","value":"//span[contains(text(), \"1000\")]"}
RESULT: {"using":"xpath","value":"//span[contains(text(), \"1000\")]"}
COMMAND: POST /session/d65bb1f3e2f9080c12776954838ef114/element/f.AD1387FB3635F7347677CF9BEECFB356.d.F4E6ECE6AD6CED7A7007CA59B2CA13DF.e.8233/click - {}
RESULT: {}
COMMAND: GET /session/d65bb1f3e2f9080c12776954838ef114/screenshot - {}
RESULT: {}
COMMAND: POST /session/d65bb1f3e2f9080c12776954838ef114/execute/async - {"script":"<script> [1562 bytes]","args":[{"selector":{"id":"application-managepartners-display-component---NewPartner--btnAddTableRow-img"},"wdio_ui5_key":"applicationmanagepartners-display-component---NewPartner--btnAddTableRow-img"}]}
RESULT: {"script":"<script> [1562 bytes]","args":[{"selector":{"id":"application-managepartners-display-component---NewPartner--btnAddTableRow-img"},"wdio_ui5_key":"applicationmanagepartners-display-component---NewPartner--btnAddTableRow-img"}]}
RESULT: undefined
COMMAND: POST /session/d65bb1f3e2f9080c12776954838ef114/element - {"using":"xpath","value":"//*[@id=\"application-managepartners-display-component---NewPartner--btnAddTableRow-img\"]"}
RESULT: {"using":"xpath","value":"//*[@id=\"application-managepartners-display-component---NewPartner--btnAddTableRow-img\"]"}
COMMAND: POST /session/d65bb1f3e2f9080c12776954838ef114/element/f.AD1387FB3635F7347677CF9BEECFB356.d.F4E6ECE6AD6CED7A7007CA59B2CA13DF.e.8234/click - {}
RESULT: {}
COMMAND: GET /session/d65bb1f3e2f9080c12776954838ef114/screenshot - {}
RESULT: {}
COMMAND: POST /session/d65bb1f3e2f9080c12776954838ef114/element - {"using":"xpath","value":"//input[@id=\"application-managepartners-display-component---NewPartner--assignmentYard-application-managepartners-display-component---NewPartner--assignmentsTable-0-inner\"]"}
RESULT: {"using":"xpath","value":"//input[@id=\"application-managepartners-display-component---NewPartner--assignmentYard-application-managepartners-display-component---NewPartner--assignmentsTable-0-inner\"]"}
COMMAND: POST /session/d65bb1f3e2f9080c12776954838ef114/element/f.AD1387FB3635F7347677CF9BEECFB356.d.F4E6ECE6AD6CED7A7007CA59B2CA13DF.e.8237/clear - {}
RESULT: {}
COMMAND: POST /session/d65bb1f3e2f9080c12776954838ef114/element/f.AD1387FB3635F7347677CF9BEECFB356.d.F4E6ECE6AD6CED7A7007CA59B2CA13DF.e.8237/value - {"text":"533"}
COMMAND: GET /session/d65bb1f3e2f9080c12776954838ef114/screenshot - {}
RESULT: {"text":"533"}
COMMAND: GET /session/d65bb1f3e2f9080c12776954838ef114/screenshot - {}
RESULT: {}
RESULT: {}
COMMAND: POST /session/d65bb1f3e2f9080c12776954838ef114/element - {"using":"xpath","value":"//li[.//span[text()='533']]"}
RESULT: {"using":"xpath","value":"//li[.//span[text()='533']]"}
COMMAND: POST /session/d65bb1f3e2f9080c12776954838ef114/element/f.AD1387FB3635F7347677CF9BEECFB356.d.F4E6ECE6AD6CED7A7007CA59B2CA13DF.e.8246/click - {}
RESULT: {}
COMMAND: GET /session/d65bb1f3e2f9080c12776954838ef114/screenshot - {}
RESULT: {}
COMMAND: POST /session/d65bb1f3e2f9080c12776954838ef114/actions - {"actions":[{"id":"action25","type":"key","parameters":{},"actions":[{"type":"keyDown","value":"î€‡"},{"type":"pause","duration":10},{"type":"keyUp","value":"î€‡"}]}]}
RESULT: {"actions":[{"id":"action25","type":"key","parameters":{},"actions":[{"type":"keyDown","value":"î€‡"},{"type":"pause","duration":10},{"type":"keyUp","value":"î€‡"}]}]}
COMMAND: POST /session/d65bb1f3e2f9080c12776954838ef114/execute/async - {"script":"<script> [1562 bytes]","args":[{"selector":{"id":"application-managepartners-display-component---NewPartner--externalCustomerComboBox-application-managepartners-display-component---NewPartner--assignmentsTable-0-vhi"},"wdio_ui5_key":"applicationmanagepartners-display-component---NewPartner--externalCustomerComboBox-application-managepartners-display-component---NewPartner--assignmentsTable-0-vhi"}]}
COMMAND: GET /session/d65bb1f3e2f9080c12776954838ef114/screenshot - {}
RESULT: {"script":"<script> [1562 bytes]","args":[{"selector":{"id":"application-managepartners-display-component---NewPartner--externalCustomerComboBox-application-managepartners-display-component---NewPartner--assignmentsTable-0-vhi"},"wdio_ui5_key":"applicationmanagepartners-display-component---NewPartner--externalCustomerComboBox-application-managepartners-display-component---NewPartner--assignmentsTable-0-vhi"}]}
RESULT: undefined
COMMAND: POST /session/d65bb1f3e2f9080c12776954838ef114/element - {"using":"xpath","value":"//*[@id=\"application-managepartners-display-component---NewPartner--externalCustomerComboBox-application-managepartners-display-component---NewPartner--assignmentsTable-0-vhi\"]"}
RESULT: {}
RESULT: {"using":"xpath","value":"//*[@id=\"application-managepartners-display-component---NewPartner--externalCustomerComboBox-application-managepartners-display-component---NewPartner--assignmentsTable-0-vhi\"]"}
COMMAND: POST /session/d65bb1f3e2f9080c12776954838ef114/element/f.AD1387FB3635F7347677CF9BEECFB356.d.F4E6ECE6AD6CED7A7007CA59B2CA13DF.e.8250/click - {}
RESULT: {}
RESULT: undefined
COMMAND: POST /session/d65bb1f3e2f9080c12776954838ef114/execute/async - {"script":"<script> [776 bytes]","args":[{"enterText":"300003","selector":{"controlType":"sap.m.SearchField","properties":{"placeholder":"Search"},"searchOpenDialogs":true,"interaction":{"idSuffix":"I"}},"clearTextFirst":true,"interactionType":"ENTER_TEXT"}]}
COMMAND: GET /session/d65bb1f3e2f9080c12776954838ef114/screenshot - {}
RESULT: {"script":"<script> [776 bytes]","args":[{"enterText":"300003","selector":{"controlType":"sap.m.SearchField","properties":{"placeholder":"Search"},"searchOpenDialogs":true,"interaction":{"idSuffix":"I"}},"clearTextFirst":true,"interactionType":"ENTER_TEXT"}]}
COMMAND: POST /session/d65bb1f3e2f9080c12776954838ef114/actions - {"actions":[{"id":"action26","type":"key","parameters":{},"actions":[{"type":"keyDown","value":"î€‡"},{"type":"pause","duration":10},{"type":"keyUp","value":"î€‡"}]}]}
RESULT: {}
RESULT: {"actions":[{"id":"action26","type":"key","parameters":{},"actions":[{"type":"keyDown","value":"î€‡"},{"type":"pause","duration":10},{"type":"keyUp","value":"î€‡"}]}]}
COMMAND: GET /session/d65bb1f3e2f9080c12776954838ef114/screenshot - {}
RESULT: {}
COMMAND: POST /session/d65bb1f3e2f9080c12776954838ef114/element - {"using":"xpath","value":"//span[contains(text(), \"300003\")]"}
RESULT: {"using":"xpath","value":"//span[contains(text(), \"300003\")]"}
COMMAND: POST /session/d65bb1f3e2f9080c12776954838ef114/element/f.AD1387FB3635F7347677CF9BEECFB356.d.F4E6ECE6AD6CED7A7007CA59B2CA13DF.e.8266/click - {}
RESULT: {}
COMMAND: GET /session/d65bb1f3e2f9080c12776954838ef114/screenshot - {}
RESULT: {}
COMMAND: POST /session/d65bb1f3e2f9080c12776954838ef114/element - {"using":"xpath","value":"//bdi[contains(text(), \"OK\")]"}
RESULT: {"using":"xpath","value":"//bdi[contains(text(), \"OK\")]"}
COMMAND: POST /session/d65bb1f3e2f9080c12776954838ef114/element/f.AD1387FB3635F7347677CF9BEECFB356.d.F4E6ECE6AD6CED7A7007CA59B2CA13DF.e.8268/click - {}
RESULT: {}
COMMAND: GET /session/d65bb1f3e2f9080c12776954838ef114/screenshot - {}
RESULT: {}
COMMAND: POST /session/d65bb1f3e2f9080c12776954838ef114/execute/async - {"script":"<script> [1562 bytes]","args":[{"selector":{"id":"application-managepartners-display-component---NewPartner--intercompVendorComboBox-application-managepartners-display-component---NewPartner--assignmentsTable-0-vhi"},"wdio_ui5_key":"applicationmanagepartners-display-component---NewPartner--intercompVendorComboBox-application-managepartners-display-component---NewPartner--assignmentsTable-0-vhi"}]}
RESULT: {"script":"<script> [1562 bytes]","args":[{"selector":{"id":"application-managepartners-display-component---NewPartner--intercompVendorComboBox-application-managepartners-display-component---NewPartner--assignmentsTable-0-vhi"},"wdio_ui5_key":"applicationmanagepartners-display-component---NewPartner--intercompVendorComboBox-application-managepartners-display-component---NewPartner--assignmentsTable-0-vhi"}]}
RESULT: undefined
COMMAND: POST /session/d65bb1f3e2f9080c12776954838ef114/element - {"using":"xpath","value":"//*[@id=\"application-managepartners-display-component---NewPartner--intercompVendorComboBox-application-managepartners-display-component---NewPartner--assignmentsTable-0-vhi\"]"}
RESULT: {"using":"xpath","value":"//*[@id=\"application-managepartners-display-component---NewPartner--intercompVendorComboBox-application-managepartners-display-component---NewPartner--assignmentsTable-0-vhi\"]"}
COMMAND: POST /session/d65bb1f3e2f9080c12776954838ef114/element/f.AD1387FB3635F7347677CF9BEECFB356.d.F4E6ECE6AD6CED7A7007CA59B2CA13DF.e.8271/click - {}
RESULT: {}
RESULT: undefined
COMMAND: POST /session/d65bb1f3e2f9080c12776954838ef114/execute/async - {"script":"<script> [776 bytes]","args":[{"enterText":"100005","selector":{"controlType":"sap.m.SearchField","properties":{"placeholder":"Search"},"searchOpenDialogs":true,"interaction":{"idSuffix":"I"}},"clearTextFirst":true,"interactionType":"ENTER_TEXT"}]}
COMMAND: GET /session/d65bb1f3e2f9080c12776954838ef114/screenshot - {}
RESULT: {"script":"<script> [776 bytes]","args":[{"enterText":"100005","selector":{"controlType":"sap.m.SearchField","properties":{"placeholder":"Search"},"searchOpenDialogs":true,"interaction":{"idSuffix":"I"}},"clearTextFirst":true,"interactionType":"ENTER_TEXT"}]}
COMMAND: POST /session/d65bb1f3e2f9080c12776954838ef114/actions - {"actions":[{"id":"action27","type":"key","parameters":{},"actions":[{"type":"keyDown","value":"î€‡"},{"type":"pause","duration":10},{"type":"keyUp","value":"î€‡"}]}]}
RESULT: {}
RESULT: {"actions":[{"id":"action27","type":"key","parameters":{},"actions":[{"type":"keyDown","value":"î€‡"},{"type":"pause","duration":10},{"type":"keyUp","value":"î€‡"}]}]}
COMMAND: GET /session/d65bb1f3e2f9080c12776954838ef114/screenshot - {}
RESULT: {}
COMMAND: POST /session/d65bb1f3e2f9080c12776954838ef114/element - {"using":"xpath","value":"//span[contains(text(), \"Penguins - Field/12345 Berlin\")]"}
RESULT: {"using":"xpath","value":"//span[contains(text(), \"Penguins - Field/12345 Berlin\")]"}
COMMAND: POST /session/d65bb1f3e2f9080c12776954838ef114/element/f.AD1387FB3635F7347677CF9BEECFB356.d.F4E6ECE6AD6CED7A7007CA59B2CA13DF.e.8288/click - {}
RESULT: {}
COMMAND: GET /session/d65bb1f3e2f9080c12776954838ef114/screenshot - {}
RESULT: {}
COMMAND: POST /session/d65bb1f3e2f9080c12776954838ef114/element - {"using":"xpath","value":"//bdi[contains(text(), \"OK\")]"}
RESULT: {"using":"xpath","value":"//bdi[contains(text(), \"OK\")]"}
COMMAND: POST /session/d65bb1f3e2f9080c12776954838ef114/element/f.AD1387FB3635F7347677CF9BEECFB356.d.F4E6ECE6AD6CED7A7007CA59B2CA13DF.e.8289/click - {}
RESULT: {}
COMMAND: GET /session/d65bb1f3e2f9080c12776954838ef114/screenshot - {}
RESULT: {}
COMMAND: POST /session/d65bb1f3e2f9080c12776954838ef114/element - {"using":"xpath","value":"//button[@data-kt=\"saveButton\"]"}
RESULT: {"using":"xpath","value":"//button[@data-kt=\"saveButton\"]"}
COMMAND: POST /session/d65bb1f3e2f9080c12776954838ef114/element/f.AD1387FB3635F7347677CF9BEECFB356.d.F4E6ECE6AD6CED7A7007CA59B2CA13DF.e.8082/click - {}
RESULT: {}
COMMAND: GET /session/d65bb1f3e2f9080c12776954838ef114/screenshot - {}
RESULT: {}
COMMAND: POST /session/d65bb1f3e2f9080c12776954838ef114/element - {"using":"xpath","value":"//header[contains(@id, 'ObjectPageLayout-headerTitle')]/div[1]/div[2]/div[2]/span[1]"}
RESULT: {"using":"xpath","value":"//header[contains(@id, 'ObjectPageLayout-headerTitle')]/div[1]/div[2]/div[2]/span[1]"}
COMMAND: POST /session/d65bb1f3e2f9080c12776954838ef114/elements - {"using":"xpath","value":"//header[contains(@id, 'ObjectPageLayout-headerTitle')]/div[1]/div[2]/div[2]/span[1]"}
RESULT: {"using":"xpath","value":"//header[contains(@id, 'ObjectPageLayout-headerTitle')]/div[1]/div[2]/div[2]/span[1]"}
COMMAND: POST /session/d65bb1f3e2f9080c12776954838ef114/execute/sync - {"script":"<script> [56 bytes]","args":[{"element-6066-11e4-a52e-4f735466cecf":"f.AD1387FB3635F7347677CF9BEECFB356.d.F4E6ECE6AD6CED7A7007CA59B2CA13DF.e.8453","ELEMENT":"f.AD1387FB3635F7347677CF9BEECFB356.d.F4E6ECE6AD6CED7A7007CA59B2CA13DF.e.8453"}]}
RESULT: {"script":"<script> [56 bytes]","args":[{"element-6066-11e4-a52e-4f735466cecf":"f.AD1387FB3635F7347677CF9BEECFB356.d.F4E6ECE6AD6CED7A7007CA59B2CA13DF.e.8453","ELEMENT":"f.AD1387FB3635F7347677CF9BEECFB356.d.F4E6ECE6AD6CED7A7007CA59B2CA13DF.e.8453"}]}
COMMAND: POST /session/d65bb1f3e2f9080c12776954838ef114/element - {"using":"css selector","value":"#shell-header-logo"}
COMMAND: GET /session/d65bb1f3e2f9080c12776954838ef114/screenshot - {}
RESULT: {"using":"css selector","value":"#shell-header-logo"}
COMMAND: POST /session/d65bb1f3e2f9080c12776954838ef114/element/f.AD1387FB3635F7347677CF9BEECFB356.d.F4E6ECE6AD6CED7A7007CA59B2CA13DF.e.7682/click - {}
RESULT: {}
RESULT: {}
COMMAND: GET /session/d65bb1f3e2f9080c12776954838ef114/screenshot - {}
RESULT: {}
COMMAND: POST /session/d65bb1f3e2f9080c12776954838ef114/execute/sync - {"script":"<script> [299 bytes]","args":[["getModel","getResource"]]}
RESULT: {"script":"<script> [299 bytes]","args":[["getModel","getResource"]]}
COMMAND: GET /session/d65bb1f3e2f9080c12776954838ef114/screenshot - {}
]]></system-out>
    </testcase>
    <testcase classname="chrome.135_0_7049_96.windows.Billing_Transfer_-_Intracompany_US127249" name="Should create a new site" time="101.814">
      <system-out><![CDATA[
COMMAND: POST /session/d65bb1f3e2f9080c12776954838ef114/execute/async - {"script":"<script> [1562 bytes]","args":[{"selector":{"controlType":"sap.m.TileContent","bindingPath":{"path":"","propertyPath":"/properties/info"},"ancestor":{"controlType":"sap.m.GenericTile","properties":{"header":"Manage Sites"}}},"wdio_ui5_key":"sapm.TileContent{\"path\":\"\",\"propertyPath\":\"/properties/info\"}{\"controlType\":\"sap.m.GenericTile\",\"properties\":{\"header\":\"Manage Sites\"}}"}]}
RESULT: {}
RESULT: {"script":"<script> [1562 bytes]","args":[{"selector":{"controlType":"sap.m.TileContent","bindingPath":{"path":"","propertyPath":"/properties/info"},"ancestor":{"controlType":"sap.m.GenericTile","properties":{"header":"Manage Sites"}}},"wdio_ui5_key":"sapm.TileContent{\"path\":\"\",\"propertyPath\":\"/properties/info\"}{\"controlType\":\"sap.m.GenericTile\",\"properties\":{\"header\":\"Manage Sites\"}}"}]}
RESULT: undefined
COMMAND: POST /session/d65bb1f3e2f9080c12776954838ef114/element - {"using":"xpath","value":"//*[@id=\"__xmlview7--numericTileContent\"]"}
RESULT: {"using":"xpath","value":"//*[@id=\"__xmlview7--numericTileContent\"]"}
COMMAND: POST /session/d65bb1f3e2f9080c12776954838ef114/element/f.AD1387FB3635F7347677CF9BEECFB356.d.F4E6ECE6AD6CED7A7007CA59B2CA13DF.e.8455/click - {}
RESULT: {}
COMMAND: POST /session/d65bb1f3e2f9080c12776954838ef114/element - {"using":"xpath","value":"//button[@data-kt=\"addOverflowToolbarButton\"]"}
COMMAND: GET /session/d65bb1f3e2f9080c12776954838ef114/screenshot - {}
RESULT: {"using":"xpath","value":"//button[@data-kt=\"addOverflowToolbarButton\"]"}
COMMAND: POST /session/d65bb1f3e2f9080c12776954838ef114/elements - {"using":"xpath","value":"//button[@data-kt=\"addOverflowToolbarButton\"]"}
RESULT: {}
RESULT: {"using":"xpath","value":"//button[@data-kt=\"addOverflowToolbarButton\"]"}
COMMAND: POST /session/d65bb1f3e2f9080c12776954838ef114/elements - {"using":"xpath","value":"//button[@data-kt=\"addOverflowToolbarButton\"]"}
RESULT: {"using":"xpath","value":"//button[@data-kt=\"addOverflowToolbarButton\"]"}
COMMAND: POST /session/d65bb1f3e2f9080c12776954838ef114/element - {"using":"xpath","value":"//button[@data-kt=\"addOverflowToolbarButton\"]"}
RESULT: {"using":"xpath","value":"//button[@data-kt=\"addOverflowToolbarButton\"]"}
COMMAND: POST /session/d65bb1f3e2f9080c12776954838ef114/execute/sync - {"script":"<script> [8489 bytes]","args":[{"element-6066-11e4-a52e-4f735466cecf":"f.AD1387FB3635F7347677CF9BEECFB356.d.F4E6ECE6AD6CED7A7007CA59B2CA13DF.e.8501","ELEMENT":"f.AD1387FB3635F7347677CF9BEECFB356.d.F4E6ECE6AD6CED7A7007CA59B2CA13DF.e.8501"}]}
RESULT: {"script":"<script> [8489 bytes]","args":[{"element-6066-11e4-a52e-4f735466cecf":"f.AD1387FB3635F7347677CF9BEECFB356.d.F4E6ECE6AD6CED7A7007CA59B2CA13DF.e.8501","ELEMENT":"f.AD1387FB3635F7347677CF9BEECFB356.d.F4E6ECE6AD6CED7A7007CA59B2CA13DF.e.8501"}]}
COMMAND: GET /session/d65bb1f3e2f9080c12776954838ef114/element/f.AD1387FB3635F7347677CF9BEECFB356.d.F4E6ECE6AD6CED7A7007CA59B2CA13DF.e.8501/enabled - {}
COMMAND: GET /session/d65bb1f3e2f9080c12776954838ef114/screenshot - {}
RESULT: {}
COMMAND: POST /session/d65bb1f3e2f9080c12776954838ef114/execute/sync - {"script":"<script> [8489 bytes]","args":[{"element-6066-11e4-a52e-4f735466cecf":"f.AD1387FB3635F7347677CF9BEECFB356.d.F4E6ECE6AD6CED7A7007CA59B2CA13DF.e.8501","ELEMENT":"f.AD1387FB3635F7347677CF9BEECFB356.d.F4E6ECE6AD6CED7A7007CA59B2CA13DF.e.8501"}]}
COMMAND: GET /session/d65bb1f3e2f9080c12776954838ef114/screenshot - {}
RESULT: {}
RESULT: {"script":"<script> [8489 bytes]","args":[{"element-6066-11e4-a52e-4f735466cecf":"f.AD1387FB3635F7347677CF9BEECFB356.d.F4E6ECE6AD6CED7A7007CA59B2CA13DF.e.8501","ELEMENT":"f.AD1387FB3635F7347677CF9BEECFB356.d.F4E6ECE6AD6CED7A7007CA59B2CA13DF.e.8501"}]}
COMMAND: POST /session/d65bb1f3e2f9080c12776954838ef114/execute/sync - {"script":"<script> [5351 bytes]","args":[{"element-6066-11e4-a52e-4f735466cecf":"f.AD1387FB3635F7347677CF9BEECFB356.d.F4E6ECE6AD6CED7A7007CA59B2CA13DF.e.8501","ELEMENT":"f.AD1387FB3635F7347677CF9BEECFB356.d.F4E6ECE6AD6CED7A7007CA59B2CA13DF.e.8501"}]}
COMMAND: GET /session/d65bb1f3e2f9080c12776954838ef114/screenshot - {}
RESULT: {}
RESULT: {"script":"<script> [5351 bytes]","args":[{"element-6066-11e4-a52e-4f735466cecf":"f.AD1387FB3635F7347677CF9BEECFB356.d.F4E6ECE6AD6CED7A7007CA59B2CA13DF.e.8501","ELEMENT":"f.AD1387FB3635F7347677CF9BEECFB356.d.F4E6ECE6AD6CED7A7007CA59B2CA13DF.e.8501"}]}
COMMAND: POST /session/d65bb1f3e2f9080c12776954838ef114/element/f.AD1387FB3635F7347677CF9BEECFB356.d.F4E6ECE6AD6CED7A7007CA59B2CA13DF.e.8501/click - {}
COMMAND: GET /session/d65bb1f3e2f9080c12776954838ef114/screenshot - {}
RESULT: {}
RESULT: {}
COMMAND: GET /session/d65bb1f3e2f9080c12776954838ef114/screenshot - {}
COMMAND: POST /session/d65bb1f3e2f9080c12776954838ef114/execute/async - {"script":"<script> [1562 bytes]","args":[{"selector":{"id":"application-managesites-display-component---NewSite--addressDetailDetailsName1","interaction":{"idSuffix":"inner"}},"wdio_ui5_key":"applicationmanagesites-display-component---NewSite--addressDetailDetailsName1"}]}
RESULT: {}
RESULT: {}
RESULT: {"script":"<script> [1562 bytes]","args":[{"selector":{"id":"application-managesites-display-component---NewSite--addressDetailDetailsName1","interaction":{"idSuffix":"inner"}},"wdio_ui5_key":"applicationmanagesites-display-component---NewSite--addressDetailDetailsName1"}]}
RESULT: undefined
COMMAND: POST /session/d65bb1f3e2f9080c12776954838ef114/execute/async - {"script":"<script> [776 bytes]","args":[{"enterText":"Intracompany Site wdIO","selector":{"id":"application-managesites-display-component---NewSite--addressDetailDetailsName1","interaction":{"idSuffix":"inner"}},"clearTextFirst":true,"interactionType":"ENTER_TEXT"}]}
RESULT: {"script":"<script> [776 bytes]","args":[{"enterText":"Intracompany Site wdIO","selector":{"id":"application-managesites-display-component---NewSite--addressDetailDetailsName1","interaction":{"idSuffix":"inner"}},"clearTextFirst":true,"interactionType":"ENTER_TEXT"}]}
COMMAND: POST /session/d65bb1f3e2f9080c12776954838ef114/execute/async - {"script":"<script> [1562 bytes]","args":[{"selector":{"id":"application-managesites-display-component---NewSite--addressDetailDetailsLanguage-arrow"},"wdio_ui5_key":"applicationmanagesites-display-component---NewSite--addressDetailDetailsLanguage-arrow"}]}
RESULT: {"script":"<script> [1562 bytes]","args":[{"selector":{"id":"application-managesites-display-component---NewSite--addressDetailDetailsLanguage-arrow"},"wdio_ui5_key":"applicationmanagesites-display-component---NewSite--addressDetailDetailsLanguage-arrow"}]}
RESULT: undefined
COMMAND: POST /session/d65bb1f3e2f9080c12776954838ef114/element - {"using":"xpath","value":"//*[@id=\"application-managesites-display-component---NewSite--addressDetailDetailsLanguage-arrow\"]"}
RESULT: {"using":"xpath","value":"//*[@id=\"application-managesites-display-component---NewSite--addressDetailDetailsLanguage-arrow\"]"}
COMMAND: POST /session/d65bb1f3e2f9080c12776954838ef114/element/f.AD1387FB3635F7347677CF9BEECFB356.d.F4E6ECE6AD6CED7A7007CA59B2CA13DF.e.9141/click - {}
RESULT: {}
COMMAND: POST /session/d65bb1f3e2f9080c12776954838ef114/element - {"using":"xpath","value":"//span[contains(text(), \"English\")]"}
COMMAND: GET /session/d65bb1f3e2f9080c12776954838ef114/screenshot - {}
RESULT: {"using":"xpath","value":"//span[contains(text(), \"English\")]"}
COMMAND: POST /session/d65bb1f3e2f9080c12776954838ef114/element/f.AD1387FB3635F7347677CF9BEECFB356.d.F4E6ECE6AD6CED7A7007CA59B2CA13DF.e.9142/click - {}
RESULT: {}
RESULT: {}
COMMAND: POST /session/d65bb1f3e2f9080c12776954838ef114/execute/async - {"script":"<script> [1562 bytes]","args":[{"selector":{"id":"application-managesites-display-component---NewSite--addressDetailDetailsCity1","interaction":{"idSuffix":"inner"}},"wdio_ui5_key":"applicationmanagesites-display-component---NewSite--addressDetailDetailsCity1"}]}
COMMAND: GET /session/d65bb1f3e2f9080c12776954838ef114/screenshot - {}
RESULT: {"script":"<script> [1562 bytes]","args":[{"selector":{"id":"application-managesites-display-component---NewSite--addressDetailDetailsCity1","interaction":{"idSuffix":"inner"}},"wdio_ui5_key":"applicationmanagesites-display-component---NewSite--addressDetailDetailsCity1"}]}
RESULT: undefined
COMMAND: POST /session/d65bb1f3e2f9080c12776954838ef114/execute/async - {"script":"<script> [776 bytes]","args":[{"enterText":"Rosario","selector":{"id":"application-managesites-display-component---NewSite--addressDetailDetailsCity1","interaction":{"idSuffix":"inner"}},"clearTextFirst":true,"interactionType":"ENTER_TEXT"}]}
RESULT: {}
RESULT: {"script":"<script> [776 bytes]","args":[{"enterText":"Rosario","selector":{"id":"application-managesites-display-component---NewSite--addressDetailDetailsCity1","interaction":{"idSuffix":"inner"}},"clearTextFirst":true,"interactionType":"ENTER_TEXT"}]}
COMMAND: POST /session/d65bb1f3e2f9080c12776954838ef114/execute/async - {"script":"<script> [1562 bytes]","args":[{"selector":{"id":"application-managesites-display-component---NewSite--addressDetailDetailsCountry-arrow"},"wdio_ui5_key":"applicationmanagesites-display-component---NewSite--addressDetailDetailsCountry-arrow"}]}
RESULT: {"script":"<script> [1562 bytes]","args":[{"selector":{"id":"application-managesites-display-component---NewSite--addressDetailDetailsCountry-arrow"},"wdio_ui5_key":"applicationmanagesites-display-component---NewSite--addressDetailDetailsCountry-arrow"}]}
RESULT: undefined
COMMAND: POST /session/d65bb1f3e2f9080c12776954838ef114/element - {"using":"xpath","value":"//*[@id=\"application-managesites-display-component---NewSite--addressDetailDetailsCountry-arrow\"]"}
RESULT: {"using":"xpath","value":"//*[@id=\"application-managesites-display-component---NewSite--addressDetailDetailsCountry-arrow\"]"}
COMMAND: POST /session/d65bb1f3e2f9080c12776954838ef114/element/f.AD1387FB3635F7347677CF9BEECFB356.d.F4E6ECE6AD6CED7A7007CA59B2CA13DF.e.9144/click - {}
RESULT: {}
COMMAND: POST /session/d65bb1f3e2f9080c12776954838ef114/element - {"using":"xpath","value":"//span[contains(text(), \"Argentina\")]"}
COMMAND: GET /session/d65bb1f3e2f9080c12776954838ef114/screenshot - {}
RESULT: {"using":"xpath","value":"//span[contains(text(), \"Argentina\")]"}
COMMAND: POST /session/d65bb1f3e2f9080c12776954838ef114/element/f.AD1387FB3635F7347677CF9BEECFB356.d.F4E6ECE6AD6CED7A7007CA59B2CA13DF.e.9145/click - {}
RESULT: {}
RESULT: {}
COMMAND: GET /session/d65bb1f3e2f9080c12776954838ef114/screenshot - {}
RESULT: {}
COMMAND: POST /session/d65bb1f3e2f9080c12776954838ef114/execute/async - {"script":"<script> [1562 bytes]","args":[{"selector":{"id":"application-managesites-display-component---NewSite--addressEditDetailsCostObjectCstType-arrow"},"wdio_ui5_key":"applicationmanagesites-display-component---NewSite--addressEditDetailsCostObjectCstType-arrow"}]}
RESULT: {"script":"<script> [1562 bytes]","args":[{"selector":{"id":"application-managesites-display-component---NewSite--addressEditDetailsCostObjectCstType-arrow"},"wdio_ui5_key":"applicationmanagesites-display-component---NewSite--addressEditDetailsCostObjectCstType-arrow"}]}
RESULT: undefined
COMMAND: POST /session/d65bb1f3e2f9080c12776954838ef114/element - {"using":"xpath","value":"//*[@id=\"application-managesites-display-component---NewSite--addressEditDetailsCostObjectCstType-arrow\"]"}
RESULT: {"using":"xpath","value":"//*[@id=\"application-managesites-display-component---NewSite--addressEditDetailsCostObjectCstType-arrow\"]"}
COMMAND: POST /session/d65bb1f3e2f9080c12776954838ef114/element/f.AD1387FB3635F7347677CF9BEECFB356.d.F4E6ECE6AD6CED7A7007CA59B2CA13DF.e.9147/click - {}
RESULT: {}
COMMAND: POST /session/d65bb1f3e2f9080c12776954838ef114/element - {"using":"xpath","value":"//span[contains(text(), \"Cost Center\")]"}
COMMAND: GET /session/d65bb1f3e2f9080c12776954838ef114/screenshot - {}
RESULT: {"using":"xpath","value":"//span[contains(text(), \"Cost Center\")]"}
COMMAND: POST /session/d65bb1f3e2f9080c12776954838ef114/element/f.AD1387FB3635F7347677CF9BEECFB356.d.F4E6ECE6AD6CED7A7007CA59B2CA13DF.e.9148/click - {}
RESULT: {}
RESULT: {}
COMMAND: GET /session/d65bb1f3e2f9080c12776954838ef114/screenshot - {}
RESULT: {}
COMMAND: POST /session/d65bb1f3e2f9080c12776954838ef114/element - {"using":"xpath","value":"//span[@id=\"application-managesites-display-component---NewSite--addressNewCostObjectCstID-vhi\"]"}
RESULT: {"using":"xpath","value":"//span[@id=\"application-managesites-display-component---NewSite--addressNewCostObjectCstID-vhi\"]"}
COMMAND: POST /session/d65bb1f3e2f9080c12776954838ef114/execute/sync - {"script":"<script> [8489 bytes]","args":[{"element-6066-11e4-a52e-4f735466cecf":"f.AD1387FB3635F7347677CF9BEECFB356.d.F4E6ECE6AD6CED7A7007CA59B2CA13DF.e.9152","ELEMENT":"f.AD1387FB3635F7347677CF9BEECFB356.d.F4E6ECE6AD6CED7A7007CA59B2CA13DF.e.9152"}]}
RESULT: {"script":"<script> [8489 bytes]","args":[{"element-6066-11e4-a52e-4f735466cecf":"f.AD1387FB3635F7347677CF9BEECFB356.d.F4E6ECE6AD6CED7A7007CA59B2CA13DF.e.9152","ELEMENT":"f.AD1387FB3635F7347677CF9BEECFB356.d.F4E6ECE6AD6CED7A7007CA59B2CA13DF.e.9152"}]}
COMMAND: POST /session/d65bb1f3e2f9080c12776954838ef114/execute/async - {"script":"<script> [1562 bytes]","args":[{"selector":{"id":"application-managesites-display-component---NewSite--addressNewCostObjectCstID-vhi"},"wdio_ui5_key":"applicationmanagesites-display-component---NewSite--addressNewCostObjectCstID-vhi"}]}
COMMAND: GET /session/d65bb1f3e2f9080c12776954838ef114/screenshot - {}
RESULT: {"script":"<script> [1562 bytes]","args":[{"selector":{"id":"application-managesites-display-component---NewSite--addressNewCostObjectCstID-vhi"},"wdio_ui5_key":"applicationmanagesites-display-component---NewSite--addressNewCostObjectCstID-vhi"}]}
RESULT: undefined
COMMAND: POST /session/d65bb1f3e2f9080c12776954838ef114/element - {"using":"xpath","value":"//*[@id=\"application-managesites-display-component---NewSite--addressNewCostObjectCstID-vhi\"]"}
RESULT: {}
RESULT: {"using":"xpath","value":"//*[@id=\"application-managesites-display-component---NewSite--addressNewCostObjectCstID-vhi\"]"}
COMMAND: POST /session/d65bb1f3e2f9080c12776954838ef114/element/f.AD1387FB3635F7347677CF9BEECFB356.d.F4E6ECE6AD6CED7A7007CA59B2CA13DF.e.9152/click - {}
RESULT: {}
COMMAND: GET /session/d65bb1f3e2f9080c12776954838ef114/screenshot - {}
RESULT: {}
RESULT: undefined
COMMAND: POST /session/d65bb1f3e2f9080c12776954838ef114/execute/async - {"script":"<script> [776 bytes]","args":[{"enterText":"10001013","selector":{"controlType":"sap.m.SearchField","properties":{"placeholder":"Search"},"searchOpenDialogs":true,"interaction":{"idSuffix":"I"}},"clearTextFirst":true,"interactionType":"ENTER_TEXT"}]}
RESULT: {"script":"<script> [776 bytes]","args":[{"enterText":"10001013","selector":{"controlType":"sap.m.SearchField","properties":{"placeholder":"Search"},"searchOpenDialogs":true,"interaction":{"idSuffix":"I"}},"clearTextFirst":true,"interactionType":"ENTER_TEXT"}]}
COMMAND: POST /session/d65bb1f3e2f9080c12776954838ef114/actions - {"actions":[{"id":"action28","type":"key","parameters":{},"actions":[{"type":"keyDown","value":"î€‡"},{"type":"pause","duration":10},{"type":"keyUp","value":"î€‡"}]}]}
RESULT: {"actions":[{"id":"action28","type":"key","parameters":{},"actions":[{"type":"keyDown","value":"î€‡"},{"type":"pause","duration":10},{"type":"keyUp","value":"î€‡"}]}]}
COMMAND: GET /session/d65bb1f3e2f9080c12776954838ef114/screenshot - {}
RESULT: {}
COMMAND: POST /session/d65bb1f3e2f9080c12776954838ef114/element - {"using":"xpath","value":"//span[contains(text(), \"General Management\")]"}
RESULT: {"using":"xpath","value":"//span[contains(text(), \"General Management\")]"}
COMMAND: POST /session/d65bb1f3e2f9080c12776954838ef114/element/f.AD1387FB3635F7347677CF9BEECFB356.d.F4E6ECE6AD6CED7A7007CA59B2CA13DF.e.9191/click - {}
RESULT: {}
COMMAND: GET /session/d65bb1f3e2f9080c12776954838ef114/screenshot - {}
RESULT: {}
COMMAND: POST /session/d65bb1f3e2f9080c12776954838ef114/element - {"using":"xpath","value":"//bdi[contains(text(), \"OK\")]"}
RESULT: {"using":"xpath","value":"//bdi[contains(text(), \"OK\")]"}
COMMAND: POST /session/d65bb1f3e2f9080c12776954838ef114/element/f.AD1387FB3635F7347677CF9BEECFB356.d.F4E6ECE6AD6CED7A7007CA59B2CA13DF.e.9192/click - {}
RESULT: {}
COMMAND: GET /session/d65bb1f3e2f9080c12776954838ef114/screenshot - {}
RESULT: {}
COMMAND: POST /session/d65bb1f3e2f9080c12776954838ef114/element - {"using":"xpath","value":"//input[@id=\"application-managesites-display-component---NewSite--addressDetailDetailsCalendar-inner\"]"}
RESULT: {"using":"xpath","value":"//input[@id=\"application-managesites-display-component---NewSite--addressDetailDetailsCalendar-inner\"]"}
COMMAND: POST /session/d65bb1f3e2f9080c12776954838ef114/element/f.AD1387FB3635F7347677CF9BEECFB356.d.F4E6ECE6AD6CED7A7007CA59B2CA13DF.e.8933/clear - {}
RESULT: {}
COMMAND: POST /session/d65bb1f3e2f9080c12776954838ef114/element/f.AD1387FB3635F7347677CF9BEECFB356.d.F4E6ECE6AD6CED7A7007CA59B2CA13DF.e.8933/value - {"text":"Unit"}
COMMAND: GET /session/d65bb1f3e2f9080c12776954838ef114/screenshot - {}
RESULT: {"text":"Unit"}
COMMAND: GET /session/d65bb1f3e2f9080c12776954838ef114/screenshot - {}
RESULT: {}
RESULT: {}
COMMAND: POST /session/d65bb1f3e2f9080c12776954838ef114/actions - {"actions":[{"id":"action29","type":"key","parameters":{},"actions":[{"type":"keyDown","value":"î€‡"},{"type":"pause","duration":10},{"type":"keyUp","value":"î€‡"}]}]}
RESULT: {"actions":[{"id":"action29","type":"key","parameters":{},"actions":[{"type":"keyDown","value":"î€‡"},{"type":"pause","duration":10},{"type":"keyUp","value":"î€‡"}]}]}
COMMAND: POST /session/d65bb1f3e2f9080c12776954838ef114/element - {"using":"xpath","value":"//input[@id=\"application-managesites-display-component---NewSite--addressDetailDetailsYard-inner\"]"}
COMMAND: GET /session/d65bb1f3e2f9080c12776954838ef114/screenshot - {}
RESULT: {"using":"xpath","value":"//input[@id=\"application-managesites-display-component---NewSite--addressDetailDetailsYard-inner\"]"}
COMMAND: POST /session/d65bb1f3e2f9080c12776954838ef114/element/f.AD1387FB3635F7347677CF9BEECFB356.d.F4E6ECE6AD6CED7A7007CA59B2CA13DF.e.8934/clear - {}
RESULT: {}
RESULT: {}
COMMAND: POST /session/d65bb1f3e2f9080c12776954838ef114/element/f.AD1387FB3635F7347677CF9BEECFB356.d.F4E6ECE6AD6CED7A7007CA59B2CA13DF.e.8934/value - {"text":"533"}
COMMAND: GET /session/d65bb1f3e2f9080c12776954838ef114/screenshot - {}
RESULT: {"text":"533"}
COMMAND: GET /session/d65bb1f3e2f9080c12776954838ef114/screenshot - {}
RESULT: {}
RESULT: {}
COMMAND: POST /session/d65bb1f3e2f9080c12776954838ef114/element - {"using":"xpath","value":"//li[.//span[text()='533']]"}
RESULT: {"using":"xpath","value":"//li[.//span[text()='533']]"}
COMMAND: POST /session/d65bb1f3e2f9080c12776954838ef114/element/f.AD1387FB3635F7347677CF9BEECFB356.d.F4E6ECE6AD6CED7A7007CA59B2CA13DF.e.9200/click - {}
RESULT: {}
COMMAND: GET /session/d65bb1f3e2f9080c12776954838ef114/screenshot - {}
RESULT: {}
COMMAND: POST /session/d65bb1f3e2f9080c12776954838ef114/element - {"using":"xpath","value":"//input[@id=\"application-managesites-display-component---NewSite--addressDetailDetailsPartner-inner\"]"}
RESULT: {"using":"xpath","value":"//input[@id=\"application-managesites-display-component---NewSite--addressDetailDetailsPartner-inner\"]"}
COMMAND: POST /session/d65bb1f3e2f9080c12776954838ef114/element - {"using":"xpath","value":"//input[@id=\"application-managesites-display-component---NewSite--addressDetailDetailsPartner-inner\"]"}
RESULT: {"using":"xpath","value":"//input[@id=\"application-managesites-display-component---NewSite--addressDetailDetailsPartner-inner\"]"}
COMMAND: POST /session/d65bb1f3e2f9080c12776954838ef114/element - {"using":"xpath","value":"//button[@data-kt=\"saveButton\"]"}
RESULT: {"using":"xpath","value":"//button[@data-kt=\"saveButton\"]"}
COMMAND: POST /session/d65bb1f3e2f9080c12776954838ef114/element/f.AD1387FB3635F7347677CF9BEECFB356.d.F4E6ECE6AD6CED7A7007CA59B2CA13DF.e.9126/click - {}
RESULT: {}
COMMAND: GET /session/d65bb1f3e2f9080c12776954838ef114/screenshot - {}
RESULT: {}
COMMAND: POST /session/d65bb1f3e2f9080c12776954838ef114/element - {"using":"xpath","value":"//header[contains(@id, 'ObjectPageLayout-headerTitle')]/div[1]/div[2]/div[2]/span[1]"}
RESULT: {"using":"xpath","value":"//header[contains(@id, 'ObjectPageLayout-headerTitle')]/div[1]/div[2]/div[2]/span[1]"}
COMMAND: POST /session/d65bb1f3e2f9080c12776954838ef114/elements - {"using":"xpath","value":"//header[contains(@id, 'ObjectPageLayout-headerTitle')]/div[1]/div[2]/div[2]/span[1]"}
RESULT: {"using":"xpath","value":"//header[contains(@id, 'ObjectPageLayout-headerTitle')]/div[1]/div[2]/div[2]/span[1]"}
COMMAND: POST /session/d65bb1f3e2f9080c12776954838ef114/execute/sync - {"script":"<script> [56 bytes]","args":[{"element-6066-11e4-a52e-4f735466cecf":"f.AD1387FB3635F7347677CF9BEECFB356.d.F4E6ECE6AD6CED7A7007CA59B2CA13DF.e.9401","ELEMENT":"f.AD1387FB3635F7347677CF9BEECFB356.d.F4E6ECE6AD6CED7A7007CA59B2CA13DF.e.9401"}]}
RESULT: {"script":"<script> [56 bytes]","args":[{"element-6066-11e4-a52e-4f735466cecf":"f.AD1387FB3635F7347677CF9BEECFB356.d.F4E6ECE6AD6CED7A7007CA59B2CA13DF.e.9401","ELEMENT":"f.AD1387FB3635F7347677CF9BEECFB356.d.F4E6ECE6AD6CED7A7007CA59B2CA13DF.e.9401"}]}
COMMAND: POST /session/d65bb1f3e2f9080c12776954838ef114/element - {"using":"css selector","value":"#shell-header-logo"}
COMMAND: GET /session/d65bb1f3e2f9080c12776954838ef114/screenshot - {}
RESULT: {"using":"css selector","value":"#shell-header-logo"}
COMMAND: POST /session/d65bb1f3e2f9080c12776954838ef114/element/f.AD1387FB3635F7347677CF9BEECFB356.d.F4E6ECE6AD6CED7A7007CA59B2CA13DF.e.8459/click - {}
RESULT: {}
RESULT: {}
COMMAND: GET /session/d65bb1f3e2f9080c12776954838ef114/screenshot - {}
RESULT: {}
COMMAND: POST /session/d65bb1f3e2f9080c12776954838ef114/execute/sync - {"script":"<script> [299 bytes]","args":[["getModel","getResource"]]}
RESULT: {"script":"<script> [299 bytes]","args":[["getModel","getResource"]]}
]]></system-out>
    </testcase>
    <testcase classname="chrome.135_0_7049_96.windows.Billing_Transfer_-_Intracompany_US127249" name="Should create a new equipment" time="134.904">
      <system-out><![CDATA[
COMMAND: GET /session/d65bb1f3e2f9080c12776954838ef114/screenshot - {}
COMMAND: POST /session/d65bb1f3e2f9080c12776954838ef114/execute/async - {"script":"<script> [1562 bytes]","args":[{"selector":{"controlType":"sap.m.GenericTile","properties":{"header":"Manage Resources"}},"wdio_ui5_key":"sapm.GenericTile{\"header\":\"Manage Resources\"}"}]}
RESULT: {}
RESULT: {"script":"<script> [1562 bytes]","args":[{"selector":{"controlType":"sap.m.GenericTile","properties":{"header":"Manage Resources"}},"wdio_ui5_key":"sapm.GenericTile{\"header\":\"Manage Resources\"}"}]}
RESULT: undefined
COMMAND: POST /session/d65bb1f3e2f9080c12776954838ef114/element - {"using":"xpath","value":"//*[@id=\"__tile39\"]"}
RESULT: {"using":"xpath","value":"//*[@id=\"__tile39\"]"}
COMMAND: POST /session/d65bb1f3e2f9080c12776954838ef114/element/f.AD1387FB3635F7347677CF9BEECFB356.d.F4E6ECE6AD6CED7A7007CA59B2CA13DF.e.6827/click - {}
RESULT: {}
COMMAND: POST /session/d65bb1f3e2f9080c12776954838ef114/element - {"using":"xpath","value":"//button[@data-kt=\"addNewRUOverflowToolbarButton\"]"}
COMMAND: GET /session/d65bb1f3e2f9080c12776954838ef114/screenshot - {}
RESULT: {"using":"xpath","value":"//button[@data-kt=\"addNewRUOverflowToolbarButton\"]"}
COMMAND: POST /session/d65bb1f3e2f9080c12776954838ef114/elements - {"using":"xpath","value":"//button[@data-kt=\"addNewRUOverflowToolbarButton\"]"}
RESULT: {}
RESULT: {"using":"xpath","value":"//button[@data-kt=\"addNewRUOverflowToolbarButton\"]"}
COMMAND: POST /session/d65bb1f3e2f9080c12776954838ef114/elements - {"using":"xpath","value":"//button[@data-kt=\"addNewRUOverflowToolbarButton\"]"}
RESULT: {"using":"xpath","value":"//button[@data-kt=\"addNewRUOverflowToolbarButton\"]"}
COMMAND: POST /session/d65bb1f3e2f9080c12776954838ef114/elements - {"using":"xpath","value":"//button[@data-kt=\"addNewRUOverflowToolbarButton\"]"}
RESULT: {"using":"xpath","value":"//button[@data-kt=\"addNewRUOverflowToolbarButton\"]"}
COMMAND: POST /session/d65bb1f3e2f9080c12776954838ef114/elements - {"using":"xpath","value":"//button[@data-kt=\"addNewRUOverflowToolbarButton\"]"}
RESULT: {"using":"xpath","value":"//button[@data-kt=\"addNewRUOverflowToolbarButton\"]"}
COMMAND: POST /session/d65bb1f3e2f9080c12776954838ef114/elements - {"using":"xpath","value":"//button[@data-kt=\"addNewRUOverflowToolbarButton\"]"}
RESULT: {"using":"xpath","value":"//button[@data-kt=\"addNewRUOverflowToolbarButton\"]"}
COMMAND: POST /session/d65bb1f3e2f9080c12776954838ef114/elements - {"using":"xpath","value":"//button[@data-kt=\"addNewRUOverflowToolbarButton\"]"}
RESULT: {"using":"xpath","value":"//button[@data-kt=\"addNewRUOverflowToolbarButton\"]"}
COMMAND: POST /session/d65bb1f3e2f9080c12776954838ef114/elements - {"using":"xpath","value":"//button[@data-kt=\"addNewRUOverflowToolbarButton\"]"}
RESULT: {"using":"xpath","value":"//button[@data-kt=\"addNewRUOverflowToolbarButton\"]"}
COMMAND: POST /session/d65bb1f3e2f9080c12776954838ef114/element - {"using":"xpath","value":"//button[@data-kt=\"addNewRUOverflowToolbarButton\"]"}
RESULT: {"using":"xpath","value":"//button[@data-kt=\"addNewRUOverflowToolbarButton\"]"}
COMMAND: POST /session/d65bb1f3e2f9080c12776954838ef114/execute/sync - {"script":"<script> [8489 bytes]","args":[{"element-6066-11e4-a52e-4f735466cecf":"f.AD1387FB3635F7347677CF9BEECFB356.d.F4E6ECE6AD6CED7A7007CA59B2CA13DF.e.9444","ELEMENT":"f.AD1387FB3635F7347677CF9BEECFB356.d.F4E6ECE6AD6CED7A7007CA59B2CA13DF.e.9444"}]}
RESULT: {"script":"<script> [8489 bytes]","args":[{"element-6066-11e4-a52e-4f735466cecf":"f.AD1387FB3635F7347677CF9BEECFB356.d.F4E6ECE6AD6CED7A7007CA59B2CA13DF.e.9444","ELEMENT":"f.AD1387FB3635F7347677CF9BEECFB356.d.F4E6ECE6AD6CED7A7007CA59B2CA13DF.e.9444"}]}
COMMAND: GET /session/d65bb1f3e2f9080c12776954838ef114/element/f.AD1387FB3635F7347677CF9BEECFB356.d.F4E6ECE6AD6CED7A7007CA59B2CA13DF.e.9444/enabled - {}
COMMAND: GET /session/d65bb1f3e2f9080c12776954838ef114/screenshot - {}
RESULT: {}
COMMAND: POST /session/d65bb1f3e2f9080c12776954838ef114/execute/sync - {"script":"<script> [8489 bytes]","args":[{"element-6066-11e4-a52e-4f735466cecf":"f.AD1387FB3635F7347677CF9BEECFB356.d.F4E6ECE6AD6CED7A7007CA59B2CA13DF.e.9444","ELEMENT":"f.AD1387FB3635F7347677CF9BEECFB356.d.F4E6ECE6AD6CED7A7007CA59B2CA13DF.e.9444"}]}
COMMAND: GET /session/d65bb1f3e2f9080c12776954838ef114/screenshot - {}
RESULT: {}
RESULT: {"script":"<script> [8489 bytes]","args":[{"element-6066-11e4-a52e-4f735466cecf":"f.AD1387FB3635F7347677CF9BEECFB356.d.F4E6ECE6AD6CED7A7007CA59B2CA13DF.e.9444","ELEMENT":"f.AD1387FB3635F7347677CF9BEECFB356.d.F4E6ECE6AD6CED7A7007CA59B2CA13DF.e.9444"}]}
COMMAND: POST /session/d65bb1f3e2f9080c12776954838ef114/execute/sync - {"script":"<script> [5351 bytes]","args":[{"element-6066-11e4-a52e-4f735466cecf":"f.AD1387FB3635F7347677CF9BEECFB356.d.F4E6ECE6AD6CED7A7007CA59B2CA13DF.e.9444","ELEMENT":"f.AD1387FB3635F7347677CF9BEECFB356.d.F4E6ECE6AD6CED7A7007CA59B2CA13DF.e.9444"}]}
COMMAND: GET /session/d65bb1f3e2f9080c12776954838ef114/screenshot - {}
RESULT: {}
RESULT: {"script":"<script> [5351 bytes]","args":[{"element-6066-11e4-a52e-4f735466cecf":"f.AD1387FB3635F7347677CF9BEECFB356.d.F4E6ECE6AD6CED7A7007CA59B2CA13DF.e.9444","ELEMENT":"f.AD1387FB3635F7347677CF9BEECFB356.d.F4E6ECE6AD6CED7A7007CA59B2CA13DF.e.9444"}]}
COMMAND: POST /session/d65bb1f3e2f9080c12776954838ef114/element/f.AD1387FB3635F7347677CF9BEECFB356.d.F4E6ECE6AD6CED7A7007CA59B2CA13DF.e.9444/click - {}
COMMAND: GET /session/d65bb1f3e2f9080c12776954838ef114/screenshot - {}
RESULT: {}
RESULT: {}
COMMAND: GET /session/d65bb1f3e2f9080c12776954838ef114/screenshot - {}
RESULT: {}
RESULT: {}
COMMAND: POST /session/d65bb1f3e2f9080c12776954838ef114/execute/async - {"script":"<script> [1562 bytes]","args":[{"selector":{"id":"application-manageresources-display-component---newResourceUnit--TYPE-arrow"},"wdio_ui5_key":"applicationmanageresources-display-component---newResourceUnit--TYPE-arrow"}]}
RESULT: {"script":"<script> [1562 bytes]","args":[{"selector":{"id":"application-manageresources-display-component---newResourceUnit--TYPE-arrow"},"wdio_ui5_key":"applicationmanageresources-display-component---newResourceUnit--TYPE-arrow"}]}
RESULT: undefined
COMMAND: POST /session/d65bb1f3e2f9080c12776954838ef114/element - {"using":"xpath","value":"//*[@id=\"application-manageresources-display-component---newResourceUnit--TYPE-arrow\"]"}
RESULT: {"using":"xpath","value":"//*[@id=\"application-manageresources-display-component---newResourceUnit--TYPE-arrow\"]"}
COMMAND: POST /session/d65bb1f3e2f9080c12776954838ef114/element/f.AD1387FB3635F7347677CF9BEECFB356.d.F4E6ECE6AD6CED7A7007CA59B2CA13DF.e.9791/click - {}
RESULT: {}
COMMAND: POST /session/d65bb1f3e2f9080c12776954838ef114/element - {"using":"xpath","value":"//input[@id=\"application-manageresources-display-component---newResourceUnit--TYPE-inner\"]"}
COMMAND: GET /session/d65bb1f3e2f9080c12776954838ef114/screenshot - {}
RESULT: {"using":"xpath","value":"//input[@id=\"application-manageresources-display-component---newResourceUnit--TYPE-inner\"]"}
COMMAND: POST /session/d65bb1f3e2f9080c12776954838ef114/element/f.AD1387FB3635F7347677CF9BEECFB356.d.F4E6ECE6AD6CED7A7007CA59B2CA13DF.e.9783/clear - {}
RESULT: {}
RESULT: {}
COMMAND: POST /session/d65bb1f3e2f9080c12776954838ef114/element/f.AD1387FB3635F7347677CF9BEECFB356.d.F4E6ECE6AD6CED7A7007CA59B2CA13DF.e.9783/value - {"text":"Equipment"}
COMMAND: GET /session/d65bb1f3e2f9080c12776954838ef114/screenshot - {}
RESULT: {"text":"Equipment"}
COMMAND: GET /session/d65bb1f3e2f9080c12776954838ef114/screenshot - {}
RESULT: {}
RESULT: {}
COMMAND: POST /session/d65bb1f3e2f9080c12776954838ef114/actions - {"actions":[{"id":"action30","type":"key","parameters":{},"actions":[{"type":"keyDown","value":"î€‡"},{"type":"pause","duration":10},{"type":"keyUp","value":"î€‡"}]}]}
RESULT: {"actions":[{"id":"action30","type":"key","parameters":{},"actions":[{"type":"keyDown","value":"î€‡"},{"type":"pause","duration":10},{"type":"keyUp","value":"î€‡"}]}]}
COMMAND: POST /session/d65bb1f3e2f9080c12776954838ef114/execute/async - {"script":"<script> [1562 bytes]","args":[{"selector":{"id":"application-manageresources-display-component---newResourceUnit--resourceId","interaction":{"idSuffix":"inner"}},"wdio_ui5_key":"applicationmanageresources-display-component---newResourceUnit--resourceId"}]}
COMMAND: GET /session/d65bb1f3e2f9080c12776954838ef114/screenshot - {}
RESULT: {"script":"<script> [1562 bytes]","args":[{"selector":{"id":"application-manageresources-display-component---newResourceUnit--resourceId","interaction":{"idSuffix":"inner"}},"wdio_ui5_key":"applicationmanageresources-display-component---newResourceUnit--resourceId"}]}
RESULT: undefined
COMMAND: POST /session/d65bb1f3e2f9080c12776954838ef114/execute/async - {"script":"<script> [776 bytes]","args":[{"enterText":"lbeaZcAKVm","selector":{"id":"application-manageresources-display-component---newResourceUnit--resourceId","interaction":{"idSuffix":"inner"}},"clearTextFirst":true,"interactionType":"ENTER_TEXT"}]}
RESULT: {}
RESULT: {"script":"<script> [776 bytes]","args":[{"enterText":"lbeaZcAKVm","selector":{"id":"application-manageresources-display-component---newResourceUnit--resourceId","interaction":{"idSuffix":"inner"}},"clearTextFirst":true,"interactionType":"ENTER_TEXT"}]}
COMMAND: POST /session/d65bb1f3e2f9080c12776954838ef114/execute/async - {"script":"<script> [1562 bytes]","args":[{"selector":{"id":"application-manageresources-display-component---newResourceUnit--SHORT_TEXT","interaction":{"idSuffix":"inner"}},"wdio_ui5_key":"applicationmanageresources-display-component---newResourceUnit--SHORT_TEXT"}]}
RESULT: {"script":"<script> [1562 bytes]","args":[{"selector":{"id":"application-manageresources-display-component---newResourceUnit--SHORT_TEXT","interaction":{"idSuffix":"inner"}},"wdio_ui5_key":"applicationmanageresources-display-component---newResourceUnit--SHORT_TEXT"}]}
RESULT: undefined
COMMAND: POST /session/d65bb1f3e2f9080c12776954838ef114/execute/async - {"script":"<script> [776 bytes]","args":[{"enterText":"Intercompany Equipment WDIO","selector":{"id":"application-manageresources-display-component---newResourceUnit--SHORT_TEXT","interaction":{"idSuffix":"inner"}},"clearTextFirst":true,"interactionType":"ENTER_TEXT"}]}
RESULT: {"script":"<script> [776 bytes]","args":[{"enterText":"Intercompany Equipment WDIO","selector":{"id":"application-manageresources-display-component---newResourceUnit--SHORT_TEXT","interaction":{"idSuffix":"inner"}},"clearTextFirst":true,"interactionType":"ENTER_TEXT"}]}
COMMAND: POST /session/d65bb1f3e2f9080c12776954838ef114/execute/async - {"script":"<script> [1562 bytes]","args":[{"selector":{"id":"application-manageresources-display-component---newResourceUnit--BASE_UNIT_OF_MEASURE","interaction":{"idSuffix":"inner"}},"wdio_ui5_key":"applicationmanageresources-display-component---newResourceUnit--BASE_UNIT_OF_MEASURE"}]}
RESULT: {"script":"<script> [1562 bytes]","args":[{"selector":{"id":"application-manageresources-display-component---newResourceUnit--BASE_UNIT_OF_MEASURE","interaction":{"idSuffix":"inner"}},"wdio_ui5_key":"applicationmanageresources-display-component---newResourceUnit--BASE_UNIT_OF_MEASURE"}]}
RESULT: undefined
COMMAND: POST /session/d65bb1f3e2f9080c12776954838ef114/execute/async - {"script":"<script> [776 bytes]","args":[{"enterText":"Piece","selector":{"id":"application-manageresources-display-component---newResourceUnit--BASE_UNIT_OF_MEASURE","interaction":{"idSuffix":"inner"}},"clearTextFirst":true,"interactionType":"ENTER_TEXT"}]}
RESULT: {"script":"<script> [776 bytes]","args":[{"enterText":"Piece","selector":{"id":"application-manageresources-display-component---newResourceUnit--BASE_UNIT_OF_MEASURE","interaction":{"idSuffix":"inner"}},"clearTextFirst":true,"interactionType":"ENTER_TEXT"}]}
COMMAND: POST /session/d65bb1f3e2f9080c12776954838ef114/execute/async - {"script":"<script> [1562 bytes]","args":[{"selector":{"id":"application-manageresources-display-component---newResourceUnit--WEIGHT_UNIT","interaction":{"idSuffix":"inner"}},"wdio_ui5_key":"applicationmanageresources-display-component---newResourceUnit--WEIGHT_UNIT"}]}
RESULT: {"script":"<script> [1562 bytes]","args":[{"selector":{"id":"application-manageresources-display-component---newResourceUnit--WEIGHT_UNIT","interaction":{"idSuffix":"inner"}},"wdio_ui5_key":"applicationmanageresources-display-component---newResourceUnit--WEIGHT_UNIT"}]}
RESULT: undefined
COMMAND: POST /session/d65bb1f3e2f9080c12776954838ef114/execute/async - {"script":"<script> [776 bytes]","args":[{"enterText":"Gram","selector":{"id":"application-manageresources-display-component---newResourceUnit--WEIGHT_UNIT","interaction":{"idSuffix":"inner"}},"clearTextFirst":true,"interactionType":"ENTER_TEXT"}]}
RESULT: {"script":"<script> [776 bytes]","args":[{"enterText":"Gram","selector":{"id":"application-manageresources-display-component---newResourceUnit--WEIGHT_UNIT","interaction":{"idSuffix":"inner"}},"clearTextFirst":true,"interactionType":"ENTER_TEXT"}]}
COMMAND: POST /session/d65bb1f3e2f9080c12776954838ef114/execute/async - {"script":"<script> [1562 bytes]","args":[{"selector":{"id":"application-manageresources-display-component---newResourceUnit--DIMENSION_UNIT","interaction":{"idSuffix":"inner"}},"wdio_ui5_key":"applicationmanageresources-display-component---newResourceUnit--DIMENSION_UNIT"}]}
RESULT: {"script":"<script> [1562 bytes]","args":[{"selector":{"id":"application-manageresources-display-component---newResourceUnit--DIMENSION_UNIT","interaction":{"idSuffix":"inner"}},"wdio_ui5_key":"applicationmanageresources-display-component---newResourceUnit--DIMENSION_UNIT"}]}
RESULT: undefined
COMMAND: POST /session/d65bb1f3e2f9080c12776954838ef114/execute/async - {"script":"<script> [776 bytes]","args":[{"enterText":"Meter","selector":{"id":"application-manageresources-display-component---newResourceUnit--DIMENSION_UNIT","interaction":{"idSuffix":"inner"}},"clearTextFirst":true,"interactionType":"ENTER_TEXT"}]}
RESULT: {"script":"<script> [776 bytes]","args":[{"enterText":"Meter","selector":{"id":"application-manageresources-display-component---newResourceUnit--DIMENSION_UNIT","interaction":{"idSuffix":"inner"}},"clearTextFirst":true,"interactionType":"ENTER_TEXT"}]}
COMMAND: POST /session/d65bb1f3e2f9080c12776954838ef114/execute/async - {"script":"<script> [1562 bytes]","args":[{"selector":{"id":"application-manageresources-display-component---newResourceUnit--newRRUPage-anchBar-application-manageresources-display-component---newResourceUnit--control-anchor","interaction":{"idSuffix":"BDI-content"}},"wdio_ui5_key":"applicationmanageresources-display-component---newResourceUnit--newRRUPage-anchBar-application-manageresources-display-component---newResourceUnit--control-anchor"}]}
RESULT: {"script":"<script> [1562 bytes]","args":[{"selector":{"id":"application-manageresources-display-component---newResourceUnit--newRRUPage-anchBar-application-manageresources-display-component---newResourceUnit--control-anchor","interaction":{"idSuffix":"BDI-content"}},"wdio_ui5_key":"applicationmanageresources-display-component---newResourceUnit--newRRUPage-anchBar-application-manageresources-display-component---newResourceUnit--control-anchor"}]}
RESULT: undefined
COMMAND: POST /session/d65bb1f3e2f9080c12776954838ef114/element - {"using":"xpath","value":"//*[@id=\"application-manageresources-display-component---newResourceUnit--newRRUPage-anchBar-application-manageresources-display-component---newResourceUnit--control-anchor\"]"}
RESULT: {"using":"xpath","value":"//*[@id=\"application-manageresources-display-component---newResourceUnit--newRRUPage-anchBar-application-manageresources-display-component---newResourceUnit--control-anchor\"]"}
COMMAND: POST /session/d65bb1f3e2f9080c12776954838ef114/element/f.AD1387FB3635F7347677CF9BEECFB356.d.F4E6ECE6AD6CED7A7007CA59B2CA13DF.e.9924/click - {}
RESULT: {}
COMMAND: POST /session/d65bb1f3e2f9080c12776954838ef114/execute/async - {"script":"<script> [1562 bytes]","args":[{"selector":{"id":"application-manageresources-display-component---newResourceUnit--PLANNING_GROUP","interaction":{"idSuffix":"inner"}},"wdio_ui5_key":"applicationmanageresources-display-component---newResourceUnit--PLANNING_GROUP"}]}
COMMAND: GET /session/d65bb1f3e2f9080c12776954838ef114/screenshot - {}
RESULT: {"script":"<script> [1562 bytes]","args":[{"selector":{"id":"application-manageresources-display-component---newResourceUnit--PLANNING_GROUP","interaction":{"idSuffix":"inner"}},"wdio_ui5_key":"applicationmanageresources-display-component---newResourceUnit--PLANNING_GROUP"}]}
RESULT: undefined
COMMAND: POST /session/d65bb1f3e2f9080c12776954838ef114/execute/async - {"script":"<script> [776 bytes]","args":[{"enterText":"Heavy Equi","selector":{"id":"application-manageresources-display-component---newResourceUnit--PLANNING_GROUP","interaction":{"idSuffix":"inner"}},"clearTextFirst":true,"interactionType":"ENTER_TEXT"}]}
RESULT: {}
RESULT: {"script":"<script> [776 bytes]","args":[{"enterText":"Heavy Equi","selector":{"id":"application-manageresources-display-component---newResourceUnit--PLANNING_GROUP","interaction":{"idSuffix":"inner"}},"clearTextFirst":true,"interactionType":"ENTER_TEXT"}]}
COMMAND: POST /session/d65bb1f3e2f9080c12776954838ef114/execute/async - {"script":"<script> [1562 bytes]","args":[{"selector":{"id":"application-manageresources-display-component---newResourceUnit--ITEM_TYPE-arrow"},"wdio_ui5_key":"applicationmanageresources-display-component---newResourceUnit--ITEM_TYPE-arrow"}]}
RESULT: {"script":"<script> [1562 bytes]","args":[{"selector":{"id":"application-manageresources-display-component---newResourceUnit--ITEM_TYPE-arrow"},"wdio_ui5_key":"applicationmanageresources-display-component---newResourceUnit--ITEM_TYPE-arrow"}]}
RESULT: undefined
COMMAND: POST /session/d65bb1f3e2f9080c12776954838ef114/element - {"using":"xpath","value":"//*[@id=\"application-manageresources-display-component---newResourceUnit--ITEM_TYPE-arrow\"]"}
RESULT: {"using":"xpath","value":"//*[@id=\"application-manageresources-display-component---newResourceUnit--ITEM_TYPE-arrow\"]"}
COMMAND: POST /session/d65bb1f3e2f9080c12776954838ef114/element/f.AD1387FB3635F7347677CF9BEECFB356.d.F4E6ECE6AD6CED7A7007CA59B2CA13DF.e.9933/click - {}
RESULT: {}
COMMAND: POST /session/d65bb1f3e2f9080c12776954838ef114/element - {"using":"xpath","value":"(//span[contains(text(), \"Resource Unit\")])[2]"}
COMMAND: GET /session/d65bb1f3e2f9080c12776954838ef114/screenshot - {}
RESULT: {"using":"xpath","value":"(//span[contains(text(), \"Resource Unit\")])[2]"}
COMMAND: POST /session/d65bb1f3e2f9080c12776954838ef114/element/f.AD1387FB3635F7347677CF9BEECFB356.d.F4E6ECE6AD6CED7A7007CA59B2CA13DF.e.9934/click - {}
RESULT: {}
RESULT: {}
COMMAND: GET /session/d65bb1f3e2f9080c12776954838ef114/screenshot - {}
RESULT: {}
COMMAND: POST /session/d65bb1f3e2f9080c12776954838ef114/element - {"using":"css selector","value":"#application-manageresources-display-component---newResourceUnit--btnAddTimeSegment"}
RESULT: {"using":"css selector","value":"#application-manageresources-display-component---newResourceUnit--btnAddTimeSegment"}
COMMAND: GET /session/d65bb1f3e2f9080c12776954838ef114/element/f.AD1387FB3635F7347677CF9BEECFB356.d.F4E6ECE6AD6CED7A7007CA59B2CA13DF.e.9935/rect - {}
RESULT: {}
COMMAND: GET /session/d65bb1f3e2f9080c12776954838ef114/window/rect - {}
RESULT: {}
COMMAND: POST /session/d65bb1f3e2f9080c12776954838ef114/execute/sync - {"script":"<script> [92 bytes]","args":[]}
RESULT: {"script":"<script> [92 bytes]","args":[]}
COMMAND: POST /session/d65bb1f3e2f9080c12776954838ef114/actions - {"actions":[{"id":"action31","type":"wheel","parameters":{},"actions":[{"type":"scroll","x":-1888,"y":-32,"deltaX":0,"deltaY":0,"duration":0,"origin":{"element-6066-11e4-a52e-4f735466cecf":"f.AD1387FB3635F7347677CF9BEECFB356.d.F4E6ECE6AD6CED7A7007CA59B2CA13DF.e.9935"}}]}]}
COMMAND: GET /session/d65bb1f3e2f9080c12776954838ef114/screenshot - {}
RESULT: {}
COMMAND: POST /session/d65bb1f3e2f9080c12776954838ef114/execute/sync - {"script":"<script> [79 bytes]","args":[{"element-6066-11e4-a52e-4f735466cecf":"f.AD1387FB3635F7347677CF9BEECFB356.d.F4E6ECE6AD6CED7A7007CA59B2CA13DF.e.9935","ELEMENT":"f.AD1387FB3635F7347677CF9BEECFB356.d.F4E6ECE6AD6CED7A7007CA59B2CA13DF.e.9935"},{"block":"start","inline":"nearest"}]}
RESULT: {"script":"<script> [79 bytes]","args":[{"element-6066-11e4-a52e-4f735466cecf":"f.AD1387FB3635F7347677CF9BEECFB356.d.F4E6ECE6AD6CED7A7007CA59B2CA13DF.e.9935","ELEMENT":"f.AD1387FB3635F7347677CF9BEECFB356.d.F4E6ECE6AD6CED7A7007CA59B2CA13DF.e.9935"},{"block":"start","inline":"nearest"}]}
COMMAND: POST /session/d65bb1f3e2f9080c12776954838ef114/execute/async - {"script":"<script> [1562 bytes]","args":[{"selector":{"id":"application-manageresources-display-component---newResourceUnit--btnAddTimeSegment","interaction":{"idSuffix":"inner"}},"wdio_ui5_key":"applicationmanageresources-display-component---newResourceUnit--btnAddTimeSegment"}]}
COMMAND: GET /session/d65bb1f3e2f9080c12776954838ef114/screenshot - {}
RESULT: {"script":"<script> [1562 bytes]","args":[{"selector":{"id":"application-manageresources-display-component---newResourceUnit--btnAddTimeSegment","interaction":{"idSuffix":"inner"}},"wdio_ui5_key":"applicationmanageresources-display-component---newResourceUnit--btnAddTimeSegment"}]}
RESULT: undefined
COMMAND: POST /session/d65bb1f3e2f9080c12776954838ef114/element - {"using":"xpath","value":"//*[@id=\"application-manageresources-display-component---newResourceUnit--btnAddTimeSegment\"]"}
RESULT: {}
RESULT: {"using":"xpath","value":"//*[@id=\"application-manageresources-display-component---newResourceUnit--btnAddTimeSegment\"]"}
COMMAND: POST /session/d65bb1f3e2f9080c12776954838ef114/element/f.AD1387FB3635F7347677CF9BEECFB356.d.F4E6ECE6AD6CED7A7007CA59B2CA13DF.e.9935/click - {}
RESULT: {}
COMMAND: GET /session/d65bb1f3e2f9080c12776954838ef114/screenshot - {}
RESULT: {}
COMMAND: POST /session/d65bb1f3e2f9080c12776954838ef114/element - {"using":"xpath","value":"//input[@id=\"application-manageresources-display-component---newResourceUnit--idRuTSAdmin-application-manageresources-display-component---newResourceUnit--RUTimeSegment-0-inner\"]"}
RESULT: {"using":"xpath","value":"//input[@id=\"application-manageresources-display-component---newResourceUnit--idRuTSAdmin-application-manageresources-display-component---newResourceUnit--RUTimeSegment-0-inner\"]"}
COMMAND: POST /session/d65bb1f3e2f9080c12776954838ef114/element/f.AD1387FB3635F7347677CF9BEECFB356.d.F4E6ECE6AD6CED7A7007CA59B2CA13DF.e.9941/clear - {}
RESULT: {}
COMMAND: POST /session/d65bb1f3e2f9080c12776954838ef114/element/f.AD1387FB3635F7347677CF9BEECFB356.d.F4E6ECE6AD6CED7A7007CA59B2CA13DF.e.9941/value - {"text":"533"}
COMMAND: GET /session/d65bb1f3e2f9080c12776954838ef114/screenshot - {}
RESULT: {"text":"533"}
COMMAND: GET /session/d65bb1f3e2f9080c12776954838ef114/screenshot - {}
RESULT: {}
RESULT: {}
COMMAND: POST /session/d65bb1f3e2f9080c12776954838ef114/element - {"using":"xpath","value":"//li[.//span[text()='533']]"}
RESULT: {"using":"xpath","value":"//li[.//span[text()='533']]"}
COMMAND: POST /session/d65bb1f3e2f9080c12776954838ef114/element/f.AD1387FB3635F7347677CF9BEECFB356.d.F4E6ECE6AD6CED7A7007CA59B2CA13DF.e.9953/click - {}
RESULT: {}
COMMAND: GET /session/d65bb1f3e2f9080c12776954838ef114/screenshot - {}
RESULT: {}
COMMAND: POST /session/d65bb1f3e2f9080c12776954838ef114/element - {"using":"xpath","value":"(//span[contains(@id, \"-application-manageresources-display-component---newResourceUnit--RUTimeSegment-0-arrow\")])[6]"}
RESULT: {"using":"xpath","value":"(//span[contains(@id, \"-application-manageresources-display-component---newResourceUnit--RUTimeSegment-0-arrow\")])[6]"}
COMMAND: POST /session/d65bb1f3e2f9080c12776954838ef114/element/f.AD1387FB3635F7347677CF9BEECFB356.d.F4E6ECE6AD6CED7A7007CA59B2CA13DF.e.9954/click - {}
RESULT: {}
COMMAND: GET /session/d65bb1f3e2f9080c12776954838ef114/screenshot - {}
COMMAND: POST /session/d65bb1f3e2f9080c12776954838ef114/element - {"using":"xpath","value":"//span[contains(text(), \"PM Order\")]"}
RESULT: {}
RESULT: {"using":"xpath","value":"//span[contains(text(), \"PM Order\")]"}
COMMAND: POST /session/d65bb1f3e2f9080c12776954838ef114/element/f.AD1387FB3635F7347677CF9BEECFB356.d.F4E6ECE6AD6CED7A7007CA59B2CA13DF.e.9957/click - {}
RESULT: {}
COMMAND: GET /session/d65bb1f3e2f9080c12776954838ef114/screenshot - {}
RESULT: {}
COMMAND: POST /session/d65bb1f3e2f9080c12776954838ef114/element - {"using":"xpath","value":"(//span[contains(@id ,\"manageresources-display-component---newResourceUnit--RUTimeSegment-0-vhi\")])[1]"}
RESULT: {"using":"xpath","value":"(//span[contains(@id ,\"manageresources-display-component---newResourceUnit--RUTimeSegment-0-vhi\")])[1]"}
COMMAND: GET /session/d65bb1f3e2f9080c12776954838ef114/element/f.AD1387FB3635F7347677CF9BEECFB356.d.F4E6ECE6AD6CED7A7007CA59B2CA13DF.e.9961/rect - {}
RESULT: {}
COMMAND: GET /session/d65bb1f3e2f9080c12776954838ef114/window/rect - {}
RESULT: {}
COMMAND: POST /session/d65bb1f3e2f9080c12776954838ef114/execute/sync - {"script":"<script> [92 bytes]","args":[]}
RESULT: {"script":"<script> [92 bytes]","args":[]}
COMMAND: POST /session/d65bb1f3e2f9080c12776954838ef114/actions - {"actions":[{"id":"action32","type":"wheel","parameters":{},"actions":[{"type":"scroll","x":-869,"y":-24,"deltaX":0,"deltaY":0,"duration":0,"origin":{"element-6066-11e4-a52e-4f735466cecf":"f.AD1387FB3635F7347677CF9BEECFB356.d.F4E6ECE6AD6CED7A7007CA59B2CA13DF.e.9961"}}]}]}
COMMAND: GET /session/d65bb1f3e2f9080c12776954838ef114/screenshot - {}
RESULT: {"actions":[{"id":"action32","type":"wheel","parameters":{},"actions":[{"type":"scroll","x":-869,"y":-24,"deltaX":0,"deltaY":0,"duration":0,"origin":{"element-6066-11e4-a52e-4f735466cecf":"f.AD1387FB3635F7347677CF9BEECFB356.d.F4E6ECE6AD6CED7A7007CA59B2CA13DF.e.9961"}}]}]}
COMMAND: DELETE /session/d65bb1f3e2f9080c12776954838ef114/actions - {}
COMMAND: GET /session/d65bb1f3e2f9080c12776954838ef114/screenshot - {}
RESULT: {}
RESULT: {}
COMMAND: GET /session/d65bb1f3e2f9080c12776954838ef114/screenshot - {}
RESULT: {}
RESULT: {}
COMMAND: POST /session/d65bb1f3e2f9080c12776954838ef114/element/f.AD1387FB3635F7347677CF9BEECFB356.d.F4E6ECE6AD6CED7A7007CA59B2CA13DF.e.9961/click - {}
RESULT: {}
COMMAND: GET /session/d65bb1f3e2f9080c12776954838ef114/screenshot - {}
RESULT: {}
RESULT: undefined
COMMAND: POST /session/d65bb1f3e2f9080c12776954838ef114/execute/async - {"script":"<script> [776 bytes]","args":[{"enterText":"4000360","selector":{"controlType":"sap.m.SearchField","properties":{"placeholder":"Search"},"searchOpenDialogs":true,"interaction":{"idSuffix":"I"}},"clearTextFirst":true,"interactionType":"ENTER_TEXT"}]}
RESULT: {"script":"<script> [776 bytes]","args":[{"enterText":"4000360","selector":{"controlType":"sap.m.SearchField","properties":{"placeholder":"Search"},"searchOpenDialogs":true,"interaction":{"idSuffix":"I"}},"clearTextFirst":true,"interactionType":"ENTER_TEXT"}]}
COMMAND: POST /session/d65bb1f3e2f9080c12776954838ef114/actions - {"actions":[{"id":"action33","type":"key","parameters":{},"actions":[{"type":"keyDown","value":"î€‡"},{"type":"pause","duration":10},{"type":"keyUp","value":"î€‡"}]}]}
RESULT: {"actions":[{"id":"action33","type":"key","parameters":{},"actions":[{"type":"keyDown","value":"î€‡"},{"type":"pause","duration":10},{"type":"keyUp","value":"î€‡"}]}]}
COMMAND: GET /session/d65bb1f3e2f9080c12776954838ef114/screenshot - {}
RESULT: {}
COMMAND: POST /session/d65bb1f3e2f9080c12776954838ef114/element - {"using":"xpath","value":"//td/div/span[contains(text(), \"BGL Vehicles\")]"}
RESULT: {"using":"xpath","value":"//td/div/span[contains(text(), \"BGL Vehicles\")]"}
COMMAND: POST /session/d65bb1f3e2f9080c12776954838ef114/element/f.AD1387FB3635F7347677CF9BEECFB356.d.F4E6ECE6AD6CED7A7007CA59B2CA13DF.e.9980/click - {}
RESULT: {}
COMMAND: GET /session/d65bb1f3e2f9080c12776954838ef114/screenshot - {}
RESULT: {}
COMMAND: POST /session/d65bb1f3e2f9080c12776954838ef114/element - {"using":"xpath","value":"//bdi[contains(text(), \"OK\")]"}
RESULT: {"using":"xpath","value":"//bdi[contains(text(), \"OK\")]"}
COMMAND: POST /session/d65bb1f3e2f9080c12776954838ef114/element/f.AD1387FB3635F7347677CF9BEECFB356.d.F4E6ECE6AD6CED7A7007CA59B2CA13DF.e.9981/click - {}
RESULT: {}
COMMAND: GET /session/d65bb1f3e2f9080c12776954838ef114/screenshot - {}
RESULT: {}
COMMAND: POST /session/d65bb1f3e2f9080c12776954838ef114/execute/async - {"script":"<script> [1562 bytes]","args":[{"selector":{"id":"application-manageresources-display-component---newResourceUnit--newRRUPage-anchBar-application-manageresources-display-component---newResourceUnit--resource-anchor","interaction":{"idSuffix":"BDI-content"}},"wdio_ui5_key":"applicationmanageresources-display-component---newResourceUnit--newRRUPage-anchBar-application-manageresources-display-component---newResourceUnit--resource-anchor"}]}
RESULT: {"script":"<script> [1562 bytes]","args":[{"selector":{"id":"application-manageresources-display-component---newResourceUnit--newRRUPage-anchBar-application-manageresources-display-component---newResourceUnit--resource-anchor","interaction":{"idSuffix":"BDI-content"}},"wdio_ui5_key":"applicationmanageresources-display-component---newResourceUnit--newRRUPage-anchBar-application-manageresources-display-component---newResourceUnit--resource-anchor"}]}
RESULT: undefined
COMMAND: POST /session/d65bb1f3e2f9080c12776954838ef114/element - {"using":"xpath","value":"//*[@id=\"application-manageresources-display-component---newResourceUnit--newRRUPage-anchBar-application-manageresources-display-component---newResourceUnit--resource-anchor\"]"}
RESULT: {"using":"xpath","value":"//*[@id=\"application-manageresources-display-component---newResourceUnit--newRRUPage-anchBar-application-manageresources-display-component---newResourceUnit--resource-anchor\"]"}
COMMAND: POST /session/d65bb1f3e2f9080c12776954838ef114/element/f.AD1387FB3635F7347677CF9BEECFB356.d.F4E6ECE6AD6CED7A7007CA59B2CA13DF.e.9985/click - {}
RESULT: {}
COMMAND: POST /session/d65bb1f3e2f9080c12776954838ef114/execute/async - {"script":"<script> [1562 bytes]","args":[{"selector":{"id":"application-manageresources-display-component---newResourceUnit--PLANNED_DELIVERY_DATE","interaction":{"idSuffix":"inner"}},"wdio_ui5_key":"applicationmanageresources-display-component---newResourceUnit--PLANNED_DELIVERY_DATE"}]}
COMMAND: GET /session/d65bb1f3e2f9080c12776954838ef114/screenshot - {}
RESULT: {"script":"<script> [1562 bytes]","args":[{"selector":{"id":"application-manageresources-display-component---newResourceUnit--PLANNED_DELIVERY_DATE","interaction":{"idSuffix":"inner"}},"wdio_ui5_key":"applicationmanageresources-display-component---newResourceUnit--PLANNED_DELIVERY_DATE"}]}
RESULT: undefined
COMMAND: POST /session/d65bb1f3e2f9080c12776954838ef114/execute/async - {"script":"<script> [6424 bytes]","args":[{"element-6066-11e4-a52e-4f735466cecf":"f.AD1387FB3635F7347677CF9BEECFB356.d.F4E6ECE6AD6CED7A7007CA59B2CA13DF.e.9847"},"setValue",["5/3/25"]]}
RESULT: {}
RESULT: {"script":"<script> [6424 bytes]","args":[{"element-6066-11e4-a52e-4f735466cecf":"f.AD1387FB3635F7347677CF9BEECFB356.d.F4E6ECE6AD6CED7A7007CA59B2CA13DF.e.9847"},"setValue",["5/3/25"]]}
COMMAND: POST /session/d65bb1f3e2f9080c12776954838ef114/element - {"using":"xpath","value":"//button[@data-kt=\"resourceUnitSaveButton\"]"}
RESULT: {"using":"xpath","value":"//button[@data-kt=\"resourceUnitSaveButton\"]"}
COMMAND: POST /session/d65bb1f3e2f9080c12776954838ef114/element/f.AD1387FB3635F7347677CF9BEECFB356.d.F4E6ECE6AD6CED7A7007CA59B2CA13DF.e.9808/click - {}
RESULT: {}
COMMAND: GET /session/d65bb1f3e2f9080c12776954838ef114/screenshot - {}
RESULT: {}
COMMAND: POST /session/d65bb1f3e2f9080c12776954838ef114/element - {"using":"xpath","value":"//bdi[contains(text(), \"Close\")]"}
RESULT: {"using":"xpath","value":"//bdi[contains(text(), \"Close\")]"}
COMMAND: POST /session/d65bb1f3e2f9080c12776954838ef114/element/f.AD1387FB3635F7347677CF9BEECFB356.d.F4E6ECE6AD6CED7A7007CA59B2CA13DF.e.9993/click - {}
RESULT: {}
COMMAND: GET /session/d65bb1f3e2f9080c12776954838ef114/screenshot - {}
RESULT: {}
COMMAND: POST /session/d65bb1f3e2f9080c12776954838ef114/element - {"using":"xpath","value":"(//button[contains(@id ,\"actionsToolbar-overflowButton\")])[1]"}
RESULT: {"using":"xpath","value":"(//button[contains(@id ,\"actionsToolbar-overflowButton\")])[1]"}
COMMAND: POST /session/d65bb1f3e2f9080c12776954838ef114/element/f.AD1387FB3635F7347677CF9BEECFB356.d.F4E6ECE6AD6CED7A7007CA59B2CA13DF.e.10048/click - {}
RESULT: {}
COMMAND: GET /session/d65bb1f3e2f9080c12776954838ef114/screenshot - {}
RESULT: {}
COMMAND: POST /session/d65bb1f3e2f9080c12776954838ef114/element - {"using":"xpath","value":"//button[@data-kt=\"priceInfoButton\"]"}
RESULT: {"using":"xpath","value":"//button[@data-kt=\"priceInfoButton\"]"}
COMMAND: POST /session/d65bb1f3e2f9080c12776954838ef114/element/f.AD1387FB3635F7347677CF9BEECFB356.d.F4E6ECE6AD6CED7A7007CA59B2CA13DF.e.10050/click - {}
RESULT: {}
COMMAND: GET /session/d65bb1f3e2f9080c12776954838ef114/screenshot - {}
RESULT: {}
]]></system-out>
    </testcase>
    <testcase classname="chrome.135_0_7049_96.windows.Billing_Transfer_-_Intracompany_US127249" name="Should create a pricing procedure" time="57.391">
      <system-out><![CDATA[
COMMAND: POST /session/d65bb1f3e2f9080c12776954838ef114/element - {"using":"xpath","value":"//button[@data-kt=\"addButton\"]"}
RESULT: {"using":"xpath","value":"//button[@data-kt=\"addButton\"]"}
COMMAND: POST /session/d65bb1f3e2f9080c12776954838ef114/elements - {"using":"xpath","value":"//button[@data-kt=\"addButton\"]"}
RESULT: {"using":"xpath","value":"//button[@data-kt=\"addButton\"]"}
COMMAND: POST /session/d65bb1f3e2f9080c12776954838ef114/element - {"using":"xpath","value":"//button[@data-kt=\"addButton\"]"}
RESULT: {"using":"xpath","value":"//button[@data-kt=\"addButton\"]"}
COMMAND: POST /session/d65bb1f3e2f9080c12776954838ef114/execute/sync - {"script":"<script> [8489 bytes]","args":[{"element-6066-11e4-a52e-4f735466cecf":"f.AD1387FB3635F7347677CF9BEECFB356.d.F4E6ECE6AD6CED7A7007CA59B2CA13DF.e.10086","ELEMENT":"f.AD1387FB3635F7347677CF9BEECFB356.d.F4E6ECE6AD6CED7A7007CA59B2CA13DF.e.10086"}]}
RESULT: {"script":"<script> [8489 bytes]","args":[{"element-6066-11e4-a52e-4f735466cecf":"f.AD1387FB3635F7347677CF9BEECFB356.d.F4E6ECE6AD6CED7A7007CA59B2CA13DF.e.10086","ELEMENT":"f.AD1387FB3635F7347677CF9BEECFB356.d.F4E6ECE6AD6CED7A7007CA59B2CA13DF.e.10086"}]}
COMMAND: GET /session/d65bb1f3e2f9080c12776954838ef114/element/f.AD1387FB3635F7347677CF9BEECFB356.d.F4E6ECE6AD6CED7A7007CA59B2CA13DF.e.10086/enabled - {}
COMMAND: GET /session/d65bb1f3e2f9080c12776954838ef114/screenshot - {}
RESULT: {}
COMMAND: POST /session/d65bb1f3e2f9080c12776954838ef114/execute/sync - {"script":"<script> [8489 bytes]","args":[{"element-6066-11e4-a52e-4f735466cecf":"f.AD1387FB3635F7347677CF9BEECFB356.d.F4E6ECE6AD6CED7A7007CA59B2CA13DF.e.10086","ELEMENT":"f.AD1387FB3635F7347677CF9BEECFB356.d.F4E6ECE6AD6CED7A7007CA59B2CA13DF.e.10086"}]}
COMMAND: GET /session/d65bb1f3e2f9080c12776954838ef114/screenshot - {}
RESULT: {}
RESULT: {"script":"<script> [8489 bytes]","args":[{"element-6066-11e4-a52e-4f735466cecf":"f.AD1387FB3635F7347677CF9BEECFB356.d.F4E6ECE6AD6CED7A7007CA59B2CA13DF.e.10086","ELEMENT":"f.AD1387FB3635F7347677CF9BEECFB356.d.F4E6ECE6AD6CED7A7007CA59B2CA13DF.e.10086"}]}
COMMAND: POST /session/d65bb1f3e2f9080c12776954838ef114/execute/sync - {"script":"<script> [5351 bytes]","args":[{"element-6066-11e4-a52e-4f735466cecf":"f.AD1387FB3635F7347677CF9BEECFB356.d.F4E6ECE6AD6CED7A7007CA59B2CA13DF.e.10086","ELEMENT":"f.AD1387FB3635F7347677CF9BEECFB356.d.F4E6ECE6AD6CED7A7007CA59B2CA13DF.e.10086"}]}
COMMAND: GET /session/d65bb1f3e2f9080c12776954838ef114/screenshot - {}
RESULT: {}
RESULT: {"script":"<script> [5351 bytes]","args":[{"element-6066-11e4-a52e-4f735466cecf":"f.AD1387FB3635F7347677CF9BEECFB356.d.F4E6ECE6AD6CED7A7007CA59B2CA13DF.e.10086","ELEMENT":"f.AD1387FB3635F7347677CF9BEECFB356.d.F4E6ECE6AD6CED7A7007CA59B2CA13DF.e.10086"}]}
COMMAND: POST /session/d65bb1f3e2f9080c12776954838ef114/element/f.AD1387FB3635F7347677CF9BEECFB356.d.F4E6ECE6AD6CED7A7007CA59B2CA13DF.e.10086/click - {}
COMMAND: GET /session/d65bb1f3e2f9080c12776954838ef114/screenshot - {}
RESULT: {}
RESULT: {}
COMMAND: GET /session/d65bb1f3e2f9080c12776954838ef114/screenshot - {}
RESULT: {}
RESULT: {}
COMMAND: POST /session/d65bb1f3e2f9080c12776954838ef114/execute/async - {"script":"<script> [1562 bytes]","args":[{"selector":{"controlType":"sap.m.Title","viewName":"etm.portal.ui.managepricingrules.view.NewItem","viewId":"application-managepricingrules-display-component---newInfoPriceItem","properties":{"text":"New Pricing Rules - Item Level"}},"wdio_ui5_key":"etmportal.ui.managepricingrules.view.NewItemsap.m.Title{\"text\":\"New Pricing Rules - Item Level\"}"}]}
RESULT: {"script":"<script> [1562 bytes]","args":[{"selector":{"controlType":"sap.m.Title","viewName":"etm.portal.ui.managepricingrules.view.NewItem","viewId":"application-managepricingrules-display-component---newInfoPriceItem","properties":{"text":"New Pricing Rules - Item Level"}},"wdio_ui5_key":"etmportal.ui.managepricingrules.view.NewItemsap.m.Title{\"text\":\"New Pricing Rules - Item Level\"}"}]}
RESULT: undefined
COMMAND: POST /session/d65bb1f3e2f9080c12776954838ef114/execute/async - {"script":"<script> [6424 bytes]","args":[{"element-6066-11e4-a52e-4f735466cecf":"f.AD1387FB3635F7347677CF9BEECFB356.d.F4E6ECE6AD6CED7A7007CA59B2CA13DF.e.10215"},"getText",[]]}
RESULT: {"script":"<script> [6424 bytes]","args":[{"element-6066-11e4-a52e-4f735466cecf":"f.AD1387FB3635F7347677CF9BEECFB356.d.F4E6ECE6AD6CED7A7007CA59B2CA13DF.e.10215"},"getText",[]]}
COMMAND: POST /session/d65bb1f3e2f9080c12776954838ef114/execute/async - {"script":"<script> [1562 bytes]","args":[{"selector":{"id":"application-managepricingrules-display-component---newInfoPriceItem--condValidTo","interaction":{"idSuffix":"inner"}},"wdio_ui5_key":"applicationmanagepricingrules-display-component---newInfoPriceItem--condValidTo"}]}
RESULT: {"script":"<script> [1562 bytes]","args":[{"selector":{"id":"application-managepricingrules-display-component---newInfoPriceItem--condValidTo","interaction":{"idSuffix":"inner"}},"wdio_ui5_key":"applicationmanagepricingrules-display-component---newInfoPriceItem--condValidTo"}]}
RESULT: undefined
COMMAND: POST /session/d65bb1f3e2f9080c12776954838ef114/execute/async - {"script":"<script> [776 bytes]","args":[{"enterText":"01/03/26","selector":{"id":"application-managepricingrules-display-component---newInfoPriceItem--condValidTo","interaction":{"idSuffix":"inner"}},"clearTextFirst":true,"interactionType":"ENTER_TEXT"}]}
RESULT: {"script":"<script> [776 bytes]","args":[{"enterText":"01/03/26","selector":{"id":"application-managepricingrules-display-component---newInfoPriceItem--condValidTo","interaction":{"idSuffix":"inner"}},"clearTextFirst":true,"interactionType":"ENTER_TEXT"}]}
COMMAND: POST /session/d65bb1f3e2f9080c12776954838ef114/execute/async - {"script":"<script> [1562 bytes]","args":[{"selector":{"id":"application-managepricingrules-display-component---newInfoPriceItem--billType-arrow"},"wdio_ui5_key":"applicationmanagepricingrules-display-component---newInfoPriceItem--billType-arrow"}]}
RESULT: {"script":"<script> [1562 bytes]","args":[{"selector":{"id":"application-managepricingrules-display-component---newInfoPriceItem--billType-arrow"},"wdio_ui5_key":"applicationmanagepricingrules-display-component---newInfoPriceItem--billType-arrow"}]}
RESULT: undefined
COMMAND: POST /session/d65bb1f3e2f9080c12776954838ef114/element - {"using":"xpath","value":"//*[@id=\"application-managepricingrules-display-component---newInfoPriceItem--billType-arrow\"]"}
RESULT: {"using":"xpath","value":"//*[@id=\"application-managepricingrules-display-component---newInfoPriceItem--billType-arrow\"]"}
COMMAND: POST /session/d65bb1f3e2f9080c12776954838ef114/element/f.AD1387FB3635F7347677CF9BEECFB356.d.F4E6ECE6AD6CED7A7007CA59B2CA13DF.e.10217/click - {}
RESULT: {}
COMMAND: POST /session/d65bb1f3e2f9080c12776954838ef114/element - {"using":"xpath","value":"//span[contains(text(), \"TB - Time based\")]"}
COMMAND: GET /session/d65bb1f3e2f9080c12776954838ef114/screenshot - {}
RESULT: {"using":"xpath","value":"//span[contains(text(), \"TB - Time based\")]"}
COMMAND: POST /session/d65bb1f3e2f9080c12776954838ef114/element/f.AD1387FB3635F7347677CF9BEECFB356.d.F4E6ECE6AD6CED7A7007CA59B2CA13DF.e.10218/click - {}
RESULT: {}
RESULT: {}
COMMAND: POST /session/d65bb1f3e2f9080c12776954838ef114/execute/async - {"script":"<script> [1562 bytes]","args":[{"selector":{"id":"application-managepricingrules-display-component---newInfoPriceItem--priceProc-arrow"},"wdio_ui5_key":"applicationmanagepricingrules-display-component---newInfoPriceItem--priceProc-arrow"}]}
COMMAND: GET /session/d65bb1f3e2f9080c12776954838ef114/screenshot - {}
RESULT: {"script":"<script> [1562 bytes]","args":[{"selector":{"id":"application-managepricingrules-display-component---newInfoPriceItem--priceProc-arrow"},"wdio_ui5_key":"applicationmanagepricingrules-display-component---newInfoPriceItem--priceProc-arrow"}]}
RESULT: undefined
COMMAND: POST /session/d65bb1f3e2f9080c12776954838ef114/element - {"using":"xpath","value":"//*[@id=\"application-managepricingrules-display-component---newInfoPriceItem--priceProc-arrow\"]"}
RESULT: {}
RESULT: {"using":"xpath","value":"//*[@id=\"application-managepricingrules-display-component---newInfoPriceItem--priceProc-arrow\"]"}
COMMAND: POST /session/d65bb1f3e2f9080c12776954838ef114/element/f.AD1387FB3635F7347677CF9BEECFB356.d.F4E6ECE6AD6CED7A7007CA59B2CA13DF.e.10219/click - {}
RESULT: {}
COMMAND: POST /session/d65bb1f3e2f9080c12776954838ef114/element - {"using":"xpath","value":"//span[contains(text(), \"TBS - Time based standard\")]"}
COMMAND: GET /session/d65bb1f3e2f9080c12776954838ef114/screenshot - {}
RESULT: {"using":"xpath","value":"//span[contains(text(), \"TBS - Time based standard\")]"}
COMMAND: POST /session/d65bb1f3e2f9080c12776954838ef114/element/f.AD1387FB3635F7347677CF9BEECFB356.d.F4E6ECE6AD6CED7A7007CA59B2CA13DF.e.10220/click - {}
RESULT: {}
RESULT: {}
COMMAND: POST /session/d65bb1f3e2f9080c12776954838ef114/execute/async - {"script":"<script> [1562 bytes]","args":[{"selector":{"id":"application-managepricingrules-display-component---newInfoPriceItem--calcBase-arrow"},"wdio_ui5_key":"applicationmanagepricingrules-display-component---newInfoPriceItem--calcBase-arrow"}]}
COMMAND: GET /session/d65bb1f3e2f9080c12776954838ef114/screenshot - {}
RESULT: {"script":"<script> [1562 bytes]","args":[{"selector":{"id":"application-managepricingrules-display-component---newInfoPriceItem--calcBase-arrow"},"wdio_ui5_key":"applicationmanagepricingrules-display-component---newInfoPriceItem--calcBase-arrow"}]}
RESULT: undefined
COMMAND: POST /session/d65bb1f3e2f9080c12776954838ef114/element - {"using":"xpath","value":"//*[@id=\"application-managepricingrules-display-component---newInfoPriceItem--calcBase-arrow\"]"}
RESULT: {}
RESULT: {"using":"xpath","value":"//*[@id=\"application-managepricingrules-display-component---newInfoPriceItem--calcBase-arrow\"]"}
COMMAND: POST /session/d65bb1f3e2f9080c12776954838ef114/element/f.AD1387FB3635F7347677CF9BEECFB356.d.F4E6ECE6AD6CED7A7007CA59B2CA13DF.e.10191/click - {}
RESULT: {}
COMMAND: GET /session/d65bb1f3e2f9080c12776954838ef114/screenshot - {}
RESULT: {}
COMMAND: POST /session/d65bb1f3e2f9080c12776954838ef114/element - {"using":"xpath","value":"//span[contains(text(), \"0006 - TB(calendar days)\")]"}
RESULT: {"using":"xpath","value":"//span[contains(text(), \"0006 - TB(calendar days)\")]"}
COMMAND: POST /session/d65bb1f3e2f9080c12776954838ef114/element/f.AD1387FB3635F7347677CF9BEECFB356.d.F4E6ECE6AD6CED7A7007CA59B2CA13DF.e.10221/click - {}
RESULT: {}
COMMAND: GET /session/d65bb1f3e2f9080c12776954838ef114/screenshot - {}
RESULT: {}
COMMAND: POST /session/d65bb1f3e2f9080c12776954838ef114/execute/async - {"script":"<script> [1562 bytes]","args":[{"selector":{"id":"application-managepricingrules-display-component---newInfoPriceItem--daysMonth","interaction":{"idSuffix":"inner"}},"wdio_ui5_key":"applicationmanagepricingrules-display-component---newInfoPriceItem--daysMonth"}]}
RESULT: {"script":"<script> [1562 bytes]","args":[{"selector":{"id":"application-managepricingrules-display-component---newInfoPriceItem--daysMonth","interaction":{"idSuffix":"inner"}},"wdio_ui5_key":"applicationmanagepricingrules-display-component---newInfoPriceItem--daysMonth"}]}
RESULT: undefined
COMMAND: POST /session/d65bb1f3e2f9080c12776954838ef114/execute/async - {"script":"<script> [776 bytes]","args":[{"enterText":"30","selector":{"id":"application-managepricingrules-display-component---newInfoPriceItem--daysMonth","interaction":{"idSuffix":"inner"}},"clearTextFirst":true,"interactionType":"ENTER_TEXT"}]}
RESULT: {"script":"<script> [776 bytes]","args":[{"enterText":"30","selector":{"id":"application-managepricingrules-display-component---newInfoPriceItem--daysMonth","interaction":{"idSuffix":"inner"}},"clearTextFirst":true,"interactionType":"ENTER_TEXT"}]}
COMMAND: POST /session/d65bb1f3e2f9080c12776954838ef114/element - {"using":"xpath","value":"//button[@data-kt=\"saveNewRuleButton\"]"}
RESULT: {"using":"xpath","value":"//button[@data-kt=\"saveNewRuleButton\"]"}
COMMAND: POST /session/d65bb1f3e2f9080c12776954838ef114/element/f.AD1387FB3635F7347677CF9BEECFB356.d.F4E6ECE6AD6CED7A7007CA59B2CA13DF.e.10203/click - {}
RESULT: {}
COMMAND: GET /session/d65bb1f3e2f9080c12776954838ef114/screenshot - {}
RESULT: {}
COMMAND: POST /session/d65bb1f3e2f9080c12776954838ef114/execute/async - {"script":"<script> [1562 bytes]","args":[{"selector":{"id":"application-managepricingrules-display-component---priceInfoItem--smartFilterBar-btnBasicSearch","interaction":{"idSuffix":"I"}},"wdio_ui5_key":"applicationmanagepricingrules-display-component---priceInfoItem--smartFilterBar-btnBasicSearch"}]}
RESULT: {"script":"<script> [1562 bytes]","args":[{"selector":{"id":"application-managepricingrules-display-component---priceInfoItem--smartFilterBar-btnBasicSearch","interaction":{"idSuffix":"I"}},"wdio_ui5_key":"applicationmanagepricingrules-display-component---priceInfoItem--smartFilterBar-btnBasicSearch"}]}
RESULT: undefined
COMMAND: POST /session/d65bb1f3e2f9080c12776954838ef114/execute/async - {"script":"<script> [776 bytes]","args":[{"enterText":"lbeaZcAKVm","selector":{"id":"application-managepricingrules-display-component---priceInfoItem--smartFilterBar-btnBasicSearch","interaction":{"idSuffix":"I"}},"clearTextFirst":true,"interactionType":"ENTER_TEXT"}]}
RESULT: {"script":"<script> [776 bytes]","args":[{"enterText":"lbeaZcAKVm","selector":{"id":"application-managepricingrules-display-component---priceInfoItem--smartFilterBar-btnBasicSearch","interaction":{"idSuffix":"I"}},"clearTextFirst":true,"interactionType":"ENTER_TEXT"}]}
COMMAND: POST /session/d65bb1f3e2f9080c12776954838ef114/actions - {"actions":[{"id":"action34","type":"key","parameters":{},"actions":[{"type":"keyDown","value":"î€‡"},{"type":"pause","duration":10},{"type":"keyUp","value":"î€‡"}]}]}
RESULT: {"actions":[{"id":"action34","type":"key","parameters":{},"actions":[{"type":"keyDown","value":"î€‡"},{"type":"pause","duration":10},{"type":"keyUp","value":"î€‡"}]}]}
COMMAND: GET /session/d65bb1f3e2f9080c12776954838ef114/screenshot - {}
RESULT: {}
COMMAND: POST /session/d65bb1f3e2f9080c12776954838ef114/element - {"using":"xpath","value":"//span[@id=\"application-managepricingrules-display-component---priceInfoItem--smartTable-header-inner\"]"}
RESULT: {"using":"xpath","value":"//span[@id=\"application-managepricingrules-display-component---priceInfoItem--smartTable-header-inner\"]"}
COMMAND: POST /session/d65bb1f3e2f9080c12776954838ef114/elements - {"using":"xpath","value":"//span[@id=\"application-managepricingrules-display-component---priceInfoItem--smartTable-header-inner\"]"}
RESULT: {"using":"xpath","value":"//span[@id=\"application-managepricingrules-display-component---priceInfoItem--smartTable-header-inner\"]"}
COMMAND: POST /session/d65bb1f3e2f9080c12776954838ef114/execute/sync - {"script":"<script> [56 bytes]","args":[{"element-6066-11e4-a52e-4f735466cecf":"f.AD1387FB3635F7347677CF9BEECFB356.d.F4E6ECE6AD6CED7A7007CA59B2CA13DF.e.10235","ELEMENT":"f.AD1387FB3635F7347677CF9BEECFB356.d.F4E6ECE6AD6CED7A7007CA59B2CA13DF.e.10235"}]}
RESULT: {"script":"<script> [56 bytes]","args":[{"element-6066-11e4-a52e-4f735466cecf":"f.AD1387FB3635F7347677CF9BEECFB356.d.F4E6ECE6AD6CED7A7007CA59B2CA13DF.e.10235","ELEMENT":"f.AD1387FB3635F7347677CF9BEECFB356.d.F4E6ECE6AD6CED7A7007CA59B2CA13DF.e.10235"}]}
COMMAND: POST /session/d65bb1f3e2f9080c12776954838ef114/element - {"using":"css selector","value":"#shell-header-logo"}
COMMAND: GET /session/d65bb1f3e2f9080c12776954838ef114/screenshot - {}
RESULT: {"using":"css selector","value":"#shell-header-logo"}
COMMAND: POST /session/d65bb1f3e2f9080c12776954838ef114/element/f.AD1387FB3635F7347677CF9BEECFB356.d.F4E6ECE6AD6CED7A7007CA59B2CA13DF.e.9406/click - {}
RESULT: {}
RESULT: {}
COMMAND: GET /session/d65bb1f3e2f9080c12776954838ef114/screenshot - {}
RESULT: {}
]]></system-out>
    </testcase>
    <testcase classname="chrome.135_0_7049_96.windows.Billing_Transfer_-_Intracompany_US127249" name="Should manage conditions" time="68.181">
      <system-out><![CDATA[
COMMAND: POST /session/d65bb1f3e2f9080c12776954838ef114/execute/async - {"script":"<script> [1562 bytes]","args":[{"selector":{"controlType":"sap.m.Text","properties":{"text":"Manage Conditions & Prices"},"interaction":{"idSuffix":"inner"}},"wdio_ui5_key":"sapm.Text{\"text\":\"Manage Conditions & Prices\"}"}]}
RESULT: {"script":"<script> [1562 bytes]","args":[{"selector":{"controlType":"sap.m.Text","properties":{"text":"Manage Conditions & Prices"},"interaction":{"idSuffix":"inner"}},"wdio_ui5_key":"sapm.Text{\"text\":\"Manage Conditions & Prices\"}"}]}
RESULT: undefined
COMMAND: POST /session/d65bb1f3e2f9080c12776954838ef114/element - {"using":"xpath","value":"//*[@id=\"__tile53-title\"]"}
RESULT: {"using":"xpath","value":"//*[@id=\"__tile53-title\"]"}
COMMAND: POST /session/d65bb1f3e2f9080c12776954838ef114/element/f.AD1387FB3635F7347677CF9BEECFB356.d.F4E6ECE6AD6CED7A7007CA59B2CA13DF.e.10238/click - {}
RESULT: {}
COMMAND: POST /session/d65bb1f3e2f9080c12776954838ef114/element - {"using":"xpath","value":"//button[@aria-label=\"Create\"]"}
COMMAND: GET /session/d65bb1f3e2f9080c12776954838ef114/screenshot - {}
RESULT: {"using":"xpath","value":"//button[@aria-label=\"Create\"]"}
COMMAND: POST /session/d65bb1f3e2f9080c12776954838ef114/elements - {"using":"xpath","value":"//button[@aria-label=\"Create\"]"}
RESULT: {}
RESULT: {"using":"xpath","value":"//button[@aria-label=\"Create\"]"}
COMMAND: POST /session/d65bb1f3e2f9080c12776954838ef114/elements - {"using":"xpath","value":"//button[@aria-label=\"Create\"]"}
RESULT: {"using":"xpath","value":"//button[@aria-label=\"Create\"]"}
COMMAND: POST /session/d65bb1f3e2f9080c12776954838ef114/element - {"using":"xpath","value":"//button[@aria-label=\"Create\"]"}
RESULT: {"using":"xpath","value":"//button[@aria-label=\"Create\"]"}
COMMAND: POST /session/d65bb1f3e2f9080c12776954838ef114/execute/sync - {"script":"<script> [8489 bytes]","args":[{"element-6066-11e4-a52e-4f735466cecf":"f.AD1387FB3635F7347677CF9BEECFB356.d.F4E6ECE6AD6CED7A7007CA59B2CA13DF.e.10272","ELEMENT":"f.AD1387FB3635F7347677CF9BEECFB356.d.F4E6ECE6AD6CED7A7007CA59B2CA13DF.e.10272"}]}
RESULT: {"script":"<script> [8489 bytes]","args":[{"element-6066-11e4-a52e-4f735466cecf":"f.AD1387FB3635F7347677CF9BEECFB356.d.F4E6ECE6AD6CED7A7007CA59B2CA13DF.e.10272","ELEMENT":"f.AD1387FB3635F7347677CF9BEECFB356.d.F4E6ECE6AD6CED7A7007CA59B2CA13DF.e.10272"}]}
COMMAND: GET /session/d65bb1f3e2f9080c12776954838ef114/element/f.AD1387FB3635F7347677CF9BEECFB356.d.F4E6ECE6AD6CED7A7007CA59B2CA13DF.e.10272/enabled - {}
COMMAND: GET /session/d65bb1f3e2f9080c12776954838ef114/screenshot - {}
RESULT: {}
COMMAND: POST /session/d65bb1f3e2f9080c12776954838ef114/execute/sync - {"script":"<script> [8489 bytes]","args":[{"element-6066-11e4-a52e-4f735466cecf":"f.AD1387FB3635F7347677CF9BEECFB356.d.F4E6ECE6AD6CED7A7007CA59B2CA13DF.e.10272","ELEMENT":"f.AD1387FB3635F7347677CF9BEECFB356.d.F4E6ECE6AD6CED7A7007CA59B2CA13DF.e.10272"}]}
COMMAND: GET /session/d65bb1f3e2f9080c12776954838ef114/screenshot - {}
RESULT: {}
RESULT: {"script":"<script> [8489 bytes]","args":[{"element-6066-11e4-a52e-4f735466cecf":"f.AD1387FB3635F7347677CF9BEECFB356.d.F4E6ECE6AD6CED7A7007CA59B2CA13DF.e.10272","ELEMENT":"f.AD1387FB3635F7347677CF9BEECFB356.d.F4E6ECE6AD6CED7A7007CA59B2CA13DF.e.10272"}]}
COMMAND: POST /session/d65bb1f3e2f9080c12776954838ef114/execute/sync - {"script":"<script> [5351 bytes]","args":[{"element-6066-11e4-a52e-4f735466cecf":"f.AD1387FB3635F7347677CF9BEECFB356.d.F4E6ECE6AD6CED7A7007CA59B2CA13DF.e.10272","ELEMENT":"f.AD1387FB3635F7347677CF9BEECFB356.d.F4E6ECE6AD6CED7A7007CA59B2CA13DF.e.10272"}]}
COMMAND: GET /session/d65bb1f3e2f9080c12776954838ef114/screenshot - {}
RESULT: {}
RESULT: {"script":"<script> [5351 bytes]","args":[{"element-6066-11e4-a52e-4f735466cecf":"f.AD1387FB3635F7347677CF9BEECFB356.d.F4E6ECE6AD6CED7A7007CA59B2CA13DF.e.10272","ELEMENT":"f.AD1387FB3635F7347677CF9BEECFB356.d.F4E6ECE6AD6CED7A7007CA59B2CA13DF.e.10272"}]}
COMMAND: POST /session/d65bb1f3e2f9080c12776954838ef114/element/f.AD1387FB3635F7347677CF9BEECFB356.d.F4E6ECE6AD6CED7A7007CA59B2CA13DF.e.10272/click - {}
COMMAND: GET /session/d65bb1f3e2f9080c12776954838ef114/screenshot - {}
RESULT: {}
RESULT: {}
COMMAND: GET /session/d65bb1f3e2f9080c12776954838ef114/screenshot - {}
RESULT: {}
RESULT: {}
COMMAND: POST /session/d65bb1f3e2f9080c12776954838ef114/actions - {"actions":[{"id":"action35","type":"key","parameters":{},"actions":[{"type":"keyDown","value":"î€‡"},{"type":"pause","duration":10},{"type":"keyUp","value":"î€‡"}]}]}
RESULT: {"actions":[{"id":"action35","type":"key","parameters":{},"actions":[{"type":"keyDown","value":"î€‡"},{"type":"pause","duration":10},{"type":"keyUp","value":"î€‡"}]}]}
COMMAND: GET /session/d65bb1f3e2f9080c12776954838ef114/screenshot - {}
COMMAND: POST /session/d65bb1f3e2f9080c12776954838ef114/execute/async - {"script":"<script> [1562 bytes]","args":[{"selector":{"id":"application-manageconditionprice-display-component---newCondition--condBillCond-arrow"},"wdio_ui5_key":"applicationmanageconditionprice-display-component---newCondition--condBillCond-arrow"}]}
RESULT: {}
RESULT: {"script":"<script> [1562 bytes]","args":[{"selector":{"id":"application-manageconditionprice-display-component---newCondition--condBillCond-arrow"},"wdio_ui5_key":"applicationmanageconditionprice-display-component---newCondition--condBillCond-arrow"}]}
RESULT: undefined
COMMAND: POST /session/d65bb1f3e2f9080c12776954838ef114/element - {"using":"xpath","value":"//*[@id=\"application-manageconditionprice-display-component---newCondition--condBillCond-arrow\"]"}
RESULT: {"using":"xpath","value":"//*[@id=\"application-manageconditionprice-display-component---newCondition--condBillCond-arrow\"]"}
COMMAND: POST /session/d65bb1f3e2f9080c12776954838ef114/element/f.AD1387FB3635F7347677CF9BEECFB356.d.F4E6ECE6AD6CED7A7007CA59B2CA13DF.e.10453/click - {}
RESULT: {}
COMMAND: GET /session/d65bb1f3e2f9080c12776954838ef114/screenshot - {}
RESULT: {}
COMMAND: POST /session/d65bb1f3e2f9080c12776954838ef114/element - {"using":"xpath","value":"//li[.//span[contains(text(), \"DISP - D&I special price\")]]"}
RESULT: {"using":"xpath","value":"//li[.//span[contains(text(), \"DISP - D&I special price\")]]"}
COMMAND: POST /session/d65bb1f3e2f9080c12776954838ef114/element/f.AD1387FB3635F7347677CF9BEECFB356.d.F4E6ECE6AD6CED7A7007CA59B2CA13DF.e.10456/click - {}
RESULT: {}
COMMAND: GET /session/d65bb1f3e2f9080c12776954838ef114/screenshot - {}
RESULT: {}
COMMAND: POST /session/d65bb1f3e2f9080c12776954838ef114/execute/async - {"script":"<script> [1562 bytes]","args":[{"selector":{"id":"application-manageconditionprice-display-component---newCondition--condValidTo","interaction":{"idSuffix":"inner"}},"wdio_ui5_key":"applicationmanageconditionprice-display-component---newCondition--condValidTo"}]}
RESULT: {"script":"<script> [1562 bytes]","args":[{"selector":{"id":"application-manageconditionprice-display-component---newCondition--condValidTo","interaction":{"idSuffix":"inner"}},"wdio_ui5_key":"applicationmanageconditionprice-display-component---newCondition--condValidTo"}]}
RESULT: undefined
COMMAND: POST /session/d65bb1f3e2f9080c12776954838ef114/execute/async - {"script":"<script> [776 bytes]","args":[{"enterText":"01/03/26","selector":{"id":"application-manageconditionprice-display-component---newCondition--condValidTo","interaction":{"idSuffix":"inner"}},"clearTextFirst":true,"interactionType":"ENTER_TEXT"}]}
RESULT: {"script":"<script> [776 bytes]","args":[{"enterText":"01/03/26","selector":{"id":"application-manageconditionprice-display-component---newCondition--condValidTo","interaction":{"idSuffix":"inner"}},"clearTextFirst":true,"interactionType":"ENTER_TEXT"}]}
COMMAND: POST /session/d65bb1f3e2f9080c12776954838ef114/element - {"using":"xpath","value":"//input[@id=\"application-manageconditionprice-display-component---newCondition--condRU-inner\"]"}
RESULT: {"using":"xpath","value":"//input[@id=\"application-manageconditionprice-display-component---newCondition--condRU-inner\"]"}
COMMAND: POST /session/d65bb1f3e2f9080c12776954838ef114/element/f.AD1387FB3635F7347677CF9BEECFB356.d.F4E6ECE6AD6CED7A7007CA59B2CA13DF.e.10318/clear - {}
RESULT: {}
COMMAND: POST /session/d65bb1f3e2f9080c12776954838ef114/element/f.AD1387FB3635F7347677CF9BEECFB356.d.F4E6ECE6AD6CED7A7007CA59B2CA13DF.e.10318/value - {"text":"lbeaZcAKVm"}
COMMAND: GET /session/d65bb1f3e2f9080c12776954838ef114/screenshot - {}
RESULT: {"text":"lbeaZcAKVm"}
COMMAND: GET /session/d65bb1f3e2f9080c12776954838ef114/screenshot - {}
RESULT: {}
RESULT: {}
COMMAND: POST /session/d65bb1f3e2f9080c12776954838ef114/actions - {"actions":[{"id":"action36","type":"key","parameters":{},"actions":[{"type":"keyDown","value":"î€‡"},{"type":"pause","duration":10},{"type":"keyUp","value":"î€‡"}]}]}
RESULT: {"actions":[{"id":"action36","type":"key","parameters":{},"actions":[{"type":"keyDown","value":"î€‡"},{"type":"pause","duration":10},{"type":"keyUp","value":"î€‡"}]}]}
COMMAND: POST /session/d65bb1f3e2f9080c12776954838ef114/execute/async - {"script":"<script> [1562 bytes]","args":[{"selector":{"id":"application-manageconditionprice-display-component---newCondition--condBaseQty","interaction":{"idSuffix":"inner"}},"wdio_ui5_key":"applicationmanageconditionprice-display-component---newCondition--condBaseQty"}]}
COMMAND: GET /session/d65bb1f3e2f9080c12776954838ef114/screenshot - {}
RESULT: {"script":"<script> [1562 bytes]","args":[{"selector":{"id":"application-manageconditionprice-display-component---newCondition--condBaseQty","interaction":{"idSuffix":"inner"}},"wdio_ui5_key":"applicationmanageconditionprice-display-component---newCondition--condBaseQty"}]}
RESULT: undefined
COMMAND: POST /session/d65bb1f3e2f9080c12776954838ef114/execute/async - {"script":"<script> [776 bytes]","args":[{"enterText":"1","selector":{"id":"application-manageconditionprice-display-component---newCondition--condBaseQty","interaction":{"idSuffix":"inner"}},"clearTextFirst":true,"interactionType":"ENTER_TEXT"}]}
RESULT: {}
RESULT: {"script":"<script> [776 bytes]","args":[{"enterText":"1","selector":{"id":"application-manageconditionprice-display-component---newCondition--condBaseQty","interaction":{"idSuffix":"inner"}},"clearTextFirst":true,"interactionType":"ENTER_TEXT"}]}
COMMAND: POST /session/d65bb1f3e2f9080c12776954838ef114/execute/async - {"script":"<script> [1562 bytes]","args":[{"selector":{"id":"application-manageconditionprice-display-component---newCondition--condValue","interaction":{"idSuffix":"inner"}},"wdio_ui5_key":"applicationmanageconditionprice-display-component---newCondition--condValue"}]}
RESULT: {"script":"<script> [1562 bytes]","args":[{"selector":{"id":"application-manageconditionprice-display-component---newCondition--condValue","interaction":{"idSuffix":"inner"}},"wdio_ui5_key":"applicationmanageconditionprice-display-component---newCondition--condValue"}]}
RESULT: undefined
COMMAND: POST /session/d65bb1f3e2f9080c12776954838ef114/execute/async - {"script":"<script> [776 bytes]","args":[{"enterText":"200","selector":{"id":"application-manageconditionprice-display-component---newCondition--condValue","interaction":{"idSuffix":"inner"}},"clearTextFirst":true,"interactionType":"ENTER_TEXT"}]}
RESULT: {"script":"<script> [776 bytes]","args":[{"enterText":"200","selector":{"id":"application-manageconditionprice-display-component---newCondition--condValue","interaction":{"idSuffix":"inner"}},"clearTextFirst":true,"interactionType":"ENTER_TEXT"}]}
COMMAND: POST /session/d65bb1f3e2f9080c12776954838ef114/execute/async - {"script":"<script> [1562 bytes]","args":[{"selector":{"id":"application-manageconditionprice-display-component---newCondition--condCurr-arrow"},"wdio_ui5_key":"applicationmanageconditionprice-display-component---newCondition--condCurr-arrow"}]}
RESULT: {"script":"<script> [1562 bytes]","args":[{"selector":{"id":"application-manageconditionprice-display-component---newCondition--condCurr-arrow"},"wdio_ui5_key":"applicationmanageconditionprice-display-component---newCondition--condCurr-arrow"}]}
RESULT: undefined
COMMAND: POST /session/d65bb1f3e2f9080c12776954838ef114/element - {"using":"xpath","value":"//*[@id=\"application-manageconditionprice-display-component---newCondition--condCurr-arrow\"]"}
RESULT: {"using":"xpath","value":"//*[@id=\"application-manageconditionprice-display-component---newCondition--condCurr-arrow\"]"}
COMMAND: POST /session/d65bb1f3e2f9080c12776954838ef114/element/f.AD1387FB3635F7347677CF9BEECFB356.d.F4E6ECE6AD6CED7A7007CA59B2CA13DF.e.10409/click - {}
RESULT: {}
COMMAND: POST /session/d65bb1f3e2f9080c12776954838ef114/element - {"using":"xpath","value":"//span[contains(text(), \"Euro\")]"}
COMMAND: GET /session/d65bb1f3e2f9080c12776954838ef114/screenshot - {}
RESULT: {"using":"xpath","value":"//span[contains(text(), \"Euro\")]"}
COMMAND: POST /session/d65bb1f3e2f9080c12776954838ef114/element/f.AD1387FB3635F7347677CF9BEECFB356.d.F4E6ECE6AD6CED7A7007CA59B2CA13DF.e.10493/click - {}
RESULT: {}
RESULT: {}
COMMAND: POST /session/d65bb1f3e2f9080c12776954838ef114/element - {"using":"xpath","value":"//button[@data-kt=\"saveButton\"]"}
COMMAND: GET /session/d65bb1f3e2f9080c12776954838ef114/screenshot - {}
RESULT: {"using":"xpath","value":"//button[@data-kt=\"saveButton\"]"}
COMMAND: POST /session/d65bb1f3e2f9080c12776954838ef114/element/f.AD1387FB3635F7347677CF9BEECFB356.d.F4E6ECE6AD6CED7A7007CA59B2CA13DF.e.10410/click - {}
RESULT: {}
RESULT: {}
COMMAND: GET /session/d65bb1f3e2f9080c12776954838ef114/screenshot - {}
RESULT: {}
COMMAND: POST /session/d65bb1f3e2f9080c12776954838ef114/execute/async - {"script":"<script> [1562 bytes]","args":[{"selector":{"id":"application-manageconditionprice-display-component---conditions--smartFilterBar-btnBasicSearch","interaction":{"idSuffix":"I"}},"wdio_ui5_key":"applicationmanageconditionprice-display-component---conditions--smartFilterBar-btnBasicSearch"}]}
RESULT: {"script":"<script> [1562 bytes]","args":[{"selector":{"id":"application-manageconditionprice-display-component---conditions--smartFilterBar-btnBasicSearch","interaction":{"idSuffix":"I"}},"wdio_ui5_key":"applicationmanageconditionprice-display-component---conditions--smartFilterBar-btnBasicSearch"}]}
RESULT: undefined
COMMAND: POST /session/d65bb1f3e2f9080c12776954838ef114/execute/async - {"script":"<script> [776 bytes]","args":[{"enterText":"lbeaZcAKVm","selector":{"id":"application-manageconditionprice-display-component---conditions--smartFilterBar-btnBasicSearch","interaction":{"idSuffix":"I"}},"clearTextFirst":true,"interactionType":"ENTER_TEXT"}]}
RESULT: {"script":"<script> [776 bytes]","args":[{"enterText":"lbeaZcAKVm","selector":{"id":"application-manageconditionprice-display-component---conditions--smartFilterBar-btnBasicSearch","interaction":{"idSuffix":"I"}},"clearTextFirst":true,"interactionType":"ENTER_TEXT"}]}
COMMAND: POST /session/d65bb1f3e2f9080c12776954838ef114/actions - {"actions":[{"id":"action37","type":"key","parameters":{},"actions":[{"type":"keyDown","value":"î€‡"},{"type":"pause","duration":10},{"type":"keyUp","value":"î€‡"}]}]}
RESULT: {"actions":[{"id":"action37","type":"key","parameters":{},"actions":[{"type":"keyDown","value":"î€‡"},{"type":"pause","duration":10},{"type":"keyUp","value":"î€‡"}]}]}
COMMAND: GET /session/d65bb1f3e2f9080c12776954838ef114/screenshot - {}
RESULT: {}
COMMAND: POST /session/d65bb1f3e2f9080c12776954838ef114/execute/async - {"script":"<script> [1562 bytes]","args":[{"selector":{"id":"application-manageconditionprice-display-component---conditions--smartFilterBar-filterItemControl_BASIC-BILL_TYPES-vhi"},"wdio_ui5_key":"applicationmanageconditionprice-display-component---conditions--smartFilterBar-filterItemControl_BASIC-BILL_TYPES-vhi"}]}
RESULT: {"script":"<script> [1562 bytes]","args":[{"selector":{"id":"application-manageconditionprice-display-component---conditions--smartFilterBar-filterItemControl_BASIC-BILL_TYPES-vhi"},"wdio_ui5_key":"applicationmanageconditionprice-display-component---conditions--smartFilterBar-filterItemControl_BASIC-BILL_TYPES-vhi"}]}
RESULT: undefined
COMMAND: POST /session/d65bb1f3e2f9080c12776954838ef114/element - {"using":"xpath","value":"//*[@id=\"application-manageconditionprice-display-component---conditions--smartFilterBar-filterItemControl_BASIC-BILL_TYPES-vhi\"]"}
RESULT: {"using":"xpath","value":"//*[@id=\"application-manageconditionprice-display-component---conditions--smartFilterBar-filterItemControl_BASIC-BILL_TYPES-vhi\"]"}
COMMAND: POST /session/d65bb1f3e2f9080c12776954838ef114/element/f.AD1387FB3635F7347677CF9BEECFB356.d.F4E6ECE6AD6CED7A7007CA59B2CA13DF.e.10509/click - {}
RESULT: {}
COMMAND: POST /session/d65bb1f3e2f9080c12776954838ef114/execute/async - {"script":"<script> [1562 bytes]","args":[{"selector":{"id":"application-manageconditionprice-display-component---conditions--smartFilterBar-filterItemControl_BASIC-BILL_TYPES-valueHelpDialog-smartFilterBar-btnBasicSearch","searchOpenDialogs":true,"interaction":{"idSuffix":"I"}},"wdio_ui5_key":"applicationmanageconditionprice-display-component---conditions--smartFilterBar-filterItemControl_BASIC-BILL_TYPES-valueHelpDialog-smartFilterBar-btnBasicSearch"}]}
COMMAND: GET /session/d65bb1f3e2f9080c12776954838ef114/screenshot - {}
RESULT: {"script":"<script> [1562 bytes]","args":[{"selector":{"id":"application-manageconditionprice-display-component---conditions--smartFilterBar-filterItemControl_BASIC-BILL_TYPES-valueHelpDialog-smartFilterBar-btnBasicSearch","searchOpenDialogs":true,"interaction":{"idSuffix":"I"}},"wdio_ui5_key":"applicationmanageconditionprice-display-component---conditions--smartFilterBar-filterItemControl_BASIC-BILL_TYPES-valueHelpDialog-smartFilterBar-btnBasicSearch"}]}
RESULT: undefined
COMMAND: POST /session/d65bb1f3e2f9080c12776954838ef114/execute/async - {"script":"<script> [776 bytes]","args":[{"enterText":"TB","selector":{"id":"application-manageconditionprice-display-component---conditions--smartFilterBar-filterItemControl_BASIC-BILL_TYPES-valueHelpDialog-smartFilterBar-btnBasicSearch","searchOpenDialogs":true,"interaction":{"idSuffix":"I"}},"clearTextFirst":true,"interactionType":"ENTER_TEXT"}]}
RESULT: {}
RESULT: {"script":"<script> [776 bytes]","args":[{"enterText":"TB","selector":{"id":"application-manageconditionprice-display-component---conditions--smartFilterBar-filterItemControl_BASIC-BILL_TYPES-valueHelpDialog-smartFilterBar-btnBasicSearch","searchOpenDialogs":true,"interaction":{"idSuffix":"I"}},"clearTextFirst":true,"interactionType":"ENTER_TEXT"}]}
COMMAND: POST /session/d65bb1f3e2f9080c12776954838ef114/actions - {"actions":[{"id":"action38","type":"key","parameters":{},"actions":[{"type":"keyDown","value":"î€‡"},{"type":"pause","duration":10},{"type":"keyUp","value":"î€‡"}]}]}
RESULT: {"actions":[{"id":"action38","type":"key","parameters":{},"actions":[{"type":"keyDown","value":"î€‡"},{"type":"pause","duration":10},{"type":"keyUp","value":"î€‡"}]}]}
COMMAND: GET /session/d65bb1f3e2f9080c12776954838ef114/screenshot - {}
RESULT: {}
COMMAND: POST /session/d65bb1f3e2f9080c12776954838ef114/element - {"using":"xpath","value":"//div[contains(@id, 'application-manageconditionprice-display-component---conditions--smartFilterBar-filterItemControl_BASIC-BILL_TYPES-valueHelpDialog-table-rowsel0')]"}
RESULT: {"using":"xpath","value":"//div[contains(@id, 'application-manageconditionprice-display-component---conditions--smartFilterBar-filterItemControl_BASIC-BILL_TYPES-valueHelpDialog-table-rowsel0')]"}
COMMAND: POST /session/d65bb1f3e2f9080c12776954838ef114/element/f.AD1387FB3635F7347677CF9BEECFB356.d.F4E6ECE6AD6CED7A7007CA59B2CA13DF.e.10519/click - {}
RESULT: {}
COMMAND: GET /session/d65bb1f3e2f9080c12776954838ef114/screenshot - {}
RESULT: {}
COMMAND: POST /session/d65bb1f3e2f9080c12776954838ef114/element - {"using":"xpath","value":"//bdi[contains(text(), \"OK\")]"}
RESULT: {"using":"xpath","value":"//bdi[contains(text(), \"OK\")]"}
COMMAND: POST /session/d65bb1f3e2f9080c12776954838ef114/element/f.AD1387FB3635F7347677CF9BEECFB356.d.F4E6ECE6AD6CED7A7007CA59B2CA13DF.e.10521/click - {}
RESULT: {}
COMMAND: GET /session/d65bb1f3e2f9080c12776954838ef114/screenshot - {}
RESULT: {}
COMMAND: POST /session/d65bb1f3e2f9080c12776954838ef114/element - {"using":"xpath","value":"//span[@id=\"application-manageconditionprice-display-component---conditions--smartTable-header-inner\"]"}
RESULT: {"using":"xpath","value":"//span[@id=\"application-manageconditionprice-display-component---conditions--smartTable-header-inner\"]"}
COMMAND: POST /session/d65bb1f3e2f9080c12776954838ef114/elements - {"using":"xpath","value":"//span[@id=\"application-manageconditionprice-display-component---conditions--smartTable-header-inner\"]"}
RESULT: {"using":"xpath","value":"//span[@id=\"application-manageconditionprice-display-component---conditions--smartTable-header-inner\"]"}
COMMAND: POST /session/d65bb1f3e2f9080c12776954838ef114/execute/sync - {"script":"<script> [56 bytes]","args":[{"element-6066-11e4-a52e-4f735466cecf":"f.AD1387FB3635F7347677CF9BEECFB356.d.F4E6ECE6AD6CED7A7007CA59B2CA13DF.e.10524","ELEMENT":"f.AD1387FB3635F7347677CF9BEECFB356.d.F4E6ECE6AD6CED7A7007CA59B2CA13DF.e.10524"}]}
RESULT: {"script":"<script> [56 bytes]","args":[{"element-6066-11e4-a52e-4f735466cecf":"f.AD1387FB3635F7347677CF9BEECFB356.d.F4E6ECE6AD6CED7A7007CA59B2CA13DF.e.10524","ELEMENT":"f.AD1387FB3635F7347677CF9BEECFB356.d.F4E6ECE6AD6CED7A7007CA59B2CA13DF.e.10524"}]}
COMMAND: POST /session/d65bb1f3e2f9080c12776954838ef114/element - {"using":"css selector","value":"#shell-header-logo"}
COMMAND: GET /session/d65bb1f3e2f9080c12776954838ef114/screenshot - {}
RESULT: {"using":"css selector","value":"#shell-header-logo"}
COMMAND: POST /session/d65bb1f3e2f9080c12776954838ef114/element/f.AD1387FB3635F7347677CF9BEECFB356.d.F4E6ECE6AD6CED7A7007CA59B2CA13DF.e.10240/click - {}
RESULT: {}
RESULT: {}
COMMAND: GET /session/d65bb1f3e2f9080c12776954838ef114/screenshot - {}
RESULT: {}
]]></system-out>
    </testcase>
    <testcase classname="chrome.135_0_7049_96.windows.Billing_Transfer_-_Intracompany_US127249" name="Should do a stock increase handover" time="92.899">
      <system-out><![CDATA[
COMMAND: POST /session/d65bb1f3e2f9080c12776954838ef114/execute/async - {"script":"<script> [1562 bytes]","args":[{"selector":{"controlType":"sap.m.Text","viewName":"etm.portal.ui.managehandoverstile.view.Master","properties":{"text":"Manage Handovers"},"interaction":{"idSuffix":"inner"}},"wdio_ui5_key":"etmportal.ui.managehandoverstile.view.Mastersap.m.Text{\"text\":\"Manage Handovers\"}"}]}
RESULT: {"script":"<script> [1562 bytes]","args":[{"selector":{"controlType":"sap.m.Text","viewName":"etm.portal.ui.managehandoverstile.view.Master","properties":{"text":"Manage Handovers"},"interaction":{"idSuffix":"inner"}},"wdio_ui5_key":"etmportal.ui.managehandoverstile.view.Mastersap.m.Text{\"text\":\"Manage Handovers\"}"}]}
RESULT: undefined
COMMAND: POST /session/d65bb1f3e2f9080c12776954838ef114/element - {"using":"xpath","value":"//*[@id=\"__tile130-title\"]"}
RESULT: {"using":"xpath","value":"//*[@id=\"__tile130-title\"]"}
COMMAND: POST /session/d65bb1f3e2f9080c12776954838ef114/element/f.AD1387FB3635F7347677CF9BEECFB356.d.F4E6ECE6AD6CED7A7007CA59B2CA13DF.e.10529/click - {}
RESULT: {}
COMMAND: POST /session/d65bb1f3e2f9080c12776954838ef114/element - {"using":"xpath","value":"//button[@data-kt=\"masterHOAddButton\"]"}
COMMAND: GET /session/d65bb1f3e2f9080c12776954838ef114/screenshot - {}
RESULT: {"using":"xpath","value":"//button[@data-kt=\"masterHOAddButton\"]"}
COMMAND: POST /session/d65bb1f3e2f9080c12776954838ef114/elements - {"using":"xpath","value":"//button[@data-kt=\"masterHOAddButton\"]"}
RESULT: {}
RESULT: {"using":"xpath","value":"//button[@data-kt=\"masterHOAddButton\"]"}
COMMAND: POST /session/d65bb1f3e2f9080c12776954838ef114/element - {"using":"xpath","value":"//button[@data-kt=\"masterHOAddButton\"]"}
RESULT: {"using":"xpath","value":"//button[@data-kt=\"masterHOAddButton\"]"}
COMMAND: POST /session/d65bb1f3e2f9080c12776954838ef114/execute/sync - {"script":"<script> [8489 bytes]","args":[{"element-6066-11e4-a52e-4f735466cecf":"f.AD1387FB3635F7347677CF9BEECFB356.d.F4E6ECE6AD6CED7A7007CA59B2CA13DF.e.10566","ELEMENT":"f.AD1387FB3635F7347677CF9BEECFB356.d.F4E6ECE6AD6CED7A7007CA59B2CA13DF.e.10566"}]}
RESULT: {"script":"<script> [8489 bytes]","args":[{"element-6066-11e4-a52e-4f735466cecf":"f.AD1387FB3635F7347677CF9BEECFB356.d.F4E6ECE6AD6CED7A7007CA59B2CA13DF.e.10566","ELEMENT":"f.AD1387FB3635F7347677CF9BEECFB356.d.F4E6ECE6AD6CED7A7007CA59B2CA13DF.e.10566"}]}
COMMAND: GET /session/d65bb1f3e2f9080c12776954838ef114/element/f.AD1387FB3635F7347677CF9BEECFB356.d.F4E6ECE6AD6CED7A7007CA59B2CA13DF.e.10566/enabled - {}
COMMAND: GET /session/d65bb1f3e2f9080c12776954838ef114/screenshot - {}
RESULT: {}
COMMAND: POST /session/d65bb1f3e2f9080c12776954838ef114/execute/sync - {"script":"<script> [8489 bytes]","args":[{"element-6066-11e4-a52e-4f735466cecf":"f.AD1387FB3635F7347677CF9BEECFB356.d.F4E6ECE6AD6CED7A7007CA59B2CA13DF.e.10566","ELEMENT":"f.AD1387FB3635F7347677CF9BEECFB356.d.F4E6ECE6AD6CED7A7007CA59B2CA13DF.e.10566"}]}
COMMAND: GET /session/d65bb1f3e2f9080c12776954838ef114/screenshot - {}
RESULT: {}
RESULT: {"script":"<script> [8489 bytes]","args":[{"element-6066-11e4-a52e-4f735466cecf":"f.AD1387FB3635F7347677CF9BEECFB356.d.F4E6ECE6AD6CED7A7007CA59B2CA13DF.e.10566","ELEMENT":"f.AD1387FB3635F7347677CF9BEECFB356.d.F4E6ECE6AD6CED7A7007CA59B2CA13DF.e.10566"}]}
COMMAND: POST /session/d65bb1f3e2f9080c12776954838ef114/execute/sync - {"script":"<script> [5351 bytes]","args":[{"element-6066-11e4-a52e-4f735466cecf":"f.AD1387FB3635F7347677CF9BEECFB356.d.F4E6ECE6AD6CED7A7007CA59B2CA13DF.e.10566","ELEMENT":"f.AD1387FB3635F7347677CF9BEECFB356.d.F4E6ECE6AD6CED7A7007CA59B2CA13DF.e.10566"}]}
COMMAND: GET /session/d65bb1f3e2f9080c12776954838ef114/screenshot - {}
RESULT: {}
RESULT: {"script":"<script> [5351 bytes]","args":[{"element-6066-11e4-a52e-4f735466cecf":"f.AD1387FB3635F7347677CF9BEECFB356.d.F4E6ECE6AD6CED7A7007CA59B2CA13DF.e.10566","ELEMENT":"f.AD1387FB3635F7347677CF9BEECFB356.d.F4E6ECE6AD6CED7A7007CA59B2CA13DF.e.10566"}]}
COMMAND: POST /session/d65bb1f3e2f9080c12776954838ef114/element/f.AD1387FB3635F7347677CF9BEECFB356.d.F4E6ECE6AD6CED7A7007CA59B2CA13DF.e.10566/click - {}
COMMAND: GET /session/d65bb1f3e2f9080c12776954838ef114/screenshot - {}
RESULT: {}
RESULT: {}
COMMAND: GET /session/d65bb1f3e2f9080c12776954838ef114/screenshot - {}
RESULT: {}
RESULT: {}
COMMAND: POST /session/d65bb1f3e2f9080c12776954838ef114/element - {"using":"xpath","value":"//span[contains(@id ,\"AddNewHO--typeSelect-arrow\")]"}
RESULT: {"using":"xpath","value":"//span[contains(@id ,\"AddNewHO--typeSelect-arrow\")]"}
COMMAND: POST /session/d65bb1f3e2f9080c12776954838ef114/element/f.AD1387FB3635F7347677CF9BEECFB356.d.F4E6ECE6AD6CED7A7007CA59B2CA13DF.e.10908/click - {}
RESULT: {}
COMMAND: GET /session/d65bb1f3e2f9080c12776954838ef114/screenshot - {}
RESULT: {}
COMMAND: POST /session/d65bb1f3e2f9080c12776954838ef114/element - {"using":"xpath","value":"(//li[contains(text(), \"stock increase yard\")])[1]"}
RESULT: {"using":"xpath","value":"(//li[contains(text(), \"stock increase yard\")])[1]"}
COMMAND: POST /session/d65bb1f3e2f9080c12776954838ef114/element/f.AD1387FB3635F7347677CF9BEECFB356.d.F4E6ECE6AD6CED7A7007CA59B2CA13DF.e.10909/click - {}
RESULT: {}
COMMAND: GET /session/d65bb1f3e2f9080c12776954838ef114/screenshot - {}
RESULT: {}
COMMAND: POST /session/d65bb1f3e2f9080c12776954838ef114/execute/async - {"script":"<script> [1562 bytes]","args":[{"selector":{"id":"application-managehandovers-display-component---AddNewHO--dueDate","interaction":{"idSuffix":"inner"}},"wdio_ui5_key":"applicationmanagehandovers-display-component---AddNewHO--dueDate"}]}
RESULT: {"script":"<script> [1562 bytes]","args":[{"selector":{"id":"application-managehandovers-display-component---AddNewHO--dueDate","interaction":{"idSuffix":"inner"}},"wdio_ui5_key":"applicationmanagehandovers-display-component---AddNewHO--dueDate"}]}
RESULT: undefined
COMMAND: POST /session/d65bb1f3e2f9080c12776954838ef114/execute/async - {"script":"<script> [6424 bytes]","args":[{"element-6066-11e4-a52e-4f735466cecf":"f.AD1387FB3635F7347677CF9BEECFB356.d.F4E6ECE6AD6CED7A7007CA59B2CA13DF.e.10913"},"setValue",["05/03/2025"]]}
RESULT: {"script":"<script> [6424 bytes]","args":[{"element-6066-11e4-a52e-4f735466cecf":"f.AD1387FB3635F7347677CF9BEECFB356.d.F4E6ECE6AD6CED7A7007CA59B2CA13DF.e.10913"},"setValue",["05/03/2025"]]}
COMMAND: POST /session/d65bb1f3e2f9080c12776954838ef114/element - {"using":"xpath","value":"//input[@id=\"generalSectionFrg--receiveYard-inner\"]"}
RESULT: {"using":"xpath","value":"//input[@id=\"generalSectionFrg--receiveYard-inner\"]"}
COMMAND: POST /session/d65bb1f3e2f9080c12776954838ef114/element/f.AD1387FB3635F7347677CF9BEECFB356.d.F4E6ECE6AD6CED7A7007CA59B2CA13DF.e.10919/clear - {}
RESULT: {}
COMMAND: POST /session/d65bb1f3e2f9080c12776954838ef114/element/f.AD1387FB3635F7347677CF9BEECFB356.d.F4E6ECE6AD6CED7A7007CA59B2CA13DF.e.10919/value - {"text":"533"}
COMMAND: GET /session/d65bb1f3e2f9080c12776954838ef114/screenshot - {}
RESULT: {"text":"533"}
COMMAND: GET /session/d65bb1f3e2f9080c12776954838ef114/screenshot - {}
RESULT: {}
RESULT: {}
COMMAND: POST /session/d65bb1f3e2f9080c12776954838ef114/element - {"using":"xpath","value":"//li[.//span[text()='533']]"}
RESULT: {"using":"xpath","value":"//li[.//span[text()='533']]"}
COMMAND: POST /session/d65bb1f3e2f9080c12776954838ef114/element/f.AD1387FB3635F7347677CF9BEECFB356.d.F4E6ECE6AD6CED7A7007CA59B2CA13DF.e.10935/click - {}
RESULT: {}
COMMAND: GET /session/d65bb1f3e2f9080c12776954838ef114/screenshot - {}
RESULT: {}
COMMAND: POST /session/d65bb1f3e2f9080c12776954838ef114/execute/async - {"script":"<script> [1562 bytes]","args":[{"selector":{"id":"application-managehandovers-display-component---AddNewHO--ObjectPageLayout-anchBar-application-managehandovers-display-component---AddNewHO--section4-anchor","interaction":{"idSuffix":"BDI-content"}},"wdio_ui5_key":"applicationmanagehandovers-display-component---AddNewHO--ObjectPageLayout-anchBar-application-managehandovers-display-component---AddNewHO--section4-anchor"}]}
RESULT: {"script":"<script> [1562 bytes]","args":[{"selector":{"id":"application-managehandovers-display-component---AddNewHO--ObjectPageLayout-anchBar-application-managehandovers-display-component---AddNewHO--section4-anchor","interaction":{"idSuffix":"BDI-content"}},"wdio_ui5_key":"applicationmanagehandovers-display-component---AddNewHO--ObjectPageLayout-anchBar-application-managehandovers-display-component---AddNewHO--section4-anchor"}]}
RESULT: undefined
COMMAND: POST /session/d65bb1f3e2f9080c12776954838ef114/element - {"using":"xpath","value":"//*[@id=\"application-managehandovers-display-component---AddNewHO--ObjectPageLayout-anchBar-application-managehandovers-display-component---AddNewHO--section4-anchor\"]"}
RESULT: {"using":"xpath","value":"//*[@id=\"application-managehandovers-display-component---AddNewHO--ObjectPageLayout-anchBar-application-managehandovers-display-component---AddNewHO--section4-anchor\"]"}
COMMAND: POST /session/d65bb1f3e2f9080c12776954838ef114/element/f.AD1387FB3635F7347677CF9BEECFB356.d.F4E6ECE6AD6CED7A7007CA59B2CA13DF.e.10937/click - {}
RESULT: {}
COMMAND: POST /session/d65bb1f3e2f9080c12776954838ef114/element - {"using":"xpath","value":"//button[@aria-label=\"Add\"]"}
COMMAND: GET /session/d65bb1f3e2f9080c12776954838ef114/screenshot - {}
RESULT: {"using":"xpath","value":"//button[@aria-label=\"Add\"]"}
COMMAND: POST /session/d65bb1f3e2f9080c12776954838ef114/element/f.AD1387FB3635F7347677CF9BEECFB356.d.F4E6ECE6AD6CED7A7007CA59B2CA13DF.e.10941/click - {}
RESULT: {}
RESULT: {}
COMMAND: GET /session/d65bb1f3e2f9080c12776954838ef114/screenshot - {}
RESULT: {}
COMMAND: POST /session/d65bb1f3e2f9080c12776954838ef114/execute/async - {"script":"<script> [1562 bytes]","args":[{"selector":{"id":"application-managehandovers-display-component---AddNewHO--smartFilterBar-btnBasicSearch","searchOpenDialogs":true,"interaction":{"idSuffix":"I"}},"wdio_ui5_key":"applicationmanagehandovers-display-component---AddNewHO--smartFilterBar-btnBasicSearch"}]}
RESULT: {"script":"<script> [1562 bytes]","args":[{"selector":{"id":"application-managehandovers-display-component---AddNewHO--smartFilterBar-btnBasicSearch","searchOpenDialogs":true,"interaction":{"idSuffix":"I"}},"wdio_ui5_key":"applicationmanagehandovers-display-component---AddNewHO--smartFilterBar-btnBasicSearch"}]}
RESULT: undefined
COMMAND: POST /session/d65bb1f3e2f9080c12776954838ef114/execute/async - {"script":"<script> [776 bytes]","args":[{"enterText":"lbeaZcAKVm","selector":{"id":"application-managehandovers-display-component---AddNewHO--smartFilterBar-btnBasicSearch","searchOpenDialogs":true,"interaction":{"idSuffix":"I"}},"clearTextFirst":true,"interactionType":"ENTER_TEXT"}]}
RESULT: {"script":"<script> [776 bytes]","args":[{"enterText":"lbeaZcAKVm","selector":{"id":"application-managehandovers-display-component---AddNewHO--smartFilterBar-btnBasicSearch","searchOpenDialogs":true,"interaction":{"idSuffix":"I"}},"clearTextFirst":true,"interactionType":"ENTER_TEXT"}]}
COMMAND: POST /session/d65bb1f3e2f9080c12776954838ef114/actions - {"actions":[{"id":"action39","type":"key","parameters":{},"actions":[{"type":"keyDown","value":"î€‡"},{"type":"pause","duration":10},{"type":"keyUp","value":"î€‡"}]}]}
RESULT: {"actions":[{"id":"action39","type":"key","parameters":{},"actions":[{"type":"keyDown","value":"î€‡"},{"type":"pause","duration":10},{"type":"keyUp","value":"î€‡"}]}]}
COMMAND: GET /session/d65bb1f3e2f9080c12776954838ef114/screenshot - {}
RESULT: {}
COMMAND: POST /session/d65bb1f3e2f9080c12776954838ef114/execute/async - {"script":"<script> [1562 bytes]","args":[{"selector":{"id":"application-managehandovers-display-component---AddNewHO--popup-sa","searchOpenDialogs":true,"interaction":{"idSuffix":"CbBg"}},"wdio_ui5_key":"applicationmanagehandovers-display-component---AddNewHO--popup-sa"}]}
RESULT: {"script":"<script> [1562 bytes]","args":[{"selector":{"id":"application-managehandovers-display-component---AddNewHO--popup-sa","searchOpenDialogs":true,"interaction":{"idSuffix":"CbBg"}},"wdio_ui5_key":"applicationmanagehandovers-display-component---AddNewHO--popup-sa"}]}
RESULT: undefined
COMMAND: POST /session/d65bb1f3e2f9080c12776954838ef114/element - {"using":"xpath","value":"//*[@id=\"application-managehandovers-display-component---AddNewHO--popup-sa\"]"}
RESULT: {"using":"xpath","value":"//*[@id=\"application-managehandovers-display-component---AddNewHO--popup-sa\"]"}
COMMAND: POST /session/d65bb1f3e2f9080c12776954838ef114/element/f.AD1387FB3635F7347677CF9BEECFB356.d.F4E6ECE6AD6CED7A7007CA59B2CA13DF.e.11095/click - {}
RESULT: {}
COMMAND: GET /session/d65bb1f3e2f9080c12776954838ef114/screenshot - {}
RESULT: {}
COMMAND: POST /session/d65bb1f3e2f9080c12776954838ef114/element - {"using":"xpath","value":"//bdi[contains(text(), \"Select\")]"}
RESULT: {"using":"xpath","value":"//bdi[contains(text(), \"Select\")]"}
COMMAND: POST /session/d65bb1f3e2f9080c12776954838ef114/element/f.AD1387FB3635F7347677CF9BEECFB356.d.F4E6ECE6AD6CED7A7007CA59B2CA13DF.e.11096/click - {}
RESULT: {}
COMMAND: GET /session/d65bb1f3e2f9080c12776954838ef114/screenshot - {}
RESULT: {}
COMMAND: POST /session/d65bb1f3e2f9080c12776954838ef114/element - {"using":"xpath","value":"//button[@data-kt=\"AddNewHOSaveButton\"]"}
RESULT: {"using":"xpath","value":"//button[@data-kt=\"AddNewHOSaveButton\"]"}
COMMAND: POST /session/d65bb1f3e2f9080c12776954838ef114/element/f.AD1387FB3635F7347677CF9BEECFB356.d.F4E6ECE6AD6CED7A7007CA59B2CA13DF.e.11101/click - {}
RESULT: {}
COMMAND: GET /session/d65bb1f3e2f9080c12776954838ef114/screenshot - {}
RESULT: {}
COMMAND: POST /session/d65bb1f3e2f9080c12776954838ef114/execute/async - {"script":"<script> [1562 bytes]","args":[{"selector":{"id":"receiptDatePicker","viewName":"etm.portal.ui.managehandovers.view.DetailExecuteHO","interaction":{"idSuffix":"inner"}},"wdio_ui5_key":"receiptDatePickeretmportal.ui.managehandovers.view.DetailExecuteHO"}]}
RESULT: {"script":"<script> [1562 bytes]","args":[{"selector":{"id":"receiptDatePicker","viewName":"etm.portal.ui.managehandovers.view.DetailExecuteHO","interaction":{"idSuffix":"inner"}},"wdio_ui5_key":"receiptDatePickeretmportal.ui.managehandovers.view.DetailExecuteHO"}]}
RESULT: undefined
COMMAND: POST /session/d65bb1f3e2f9080c12776954838ef114/execute/async - {"script":"<script> [6424 bytes]","args":[{"element-6066-11e4-a52e-4f735466cecf":"f.AD1387FB3635F7347677CF9BEECFB356.d.F4E6ECE6AD6CED7A7007CA59B2CA13DF.e.11129"},"setValue",["05/03/2025"]]}
RESULT: {"script":"<script> [6424 bytes]","args":[{"element-6066-11e4-a52e-4f735466cecf":"f.AD1387FB3635F7347677CF9BEECFB356.d.F4E6ECE6AD6CED7A7007CA59B2CA13DF.e.11129"},"setValue",["05/03/2025"]]}
COMMAND: POST /session/d65bb1f3e2f9080c12776954838ef114/element - {"using":"xpath","value":"//button[@data-kt=\"PickingTableConfirmAllButton\"]"}
RESULT: {"using":"xpath","value":"//button[@data-kt=\"PickingTableConfirmAllButton\"]"}
COMMAND: POST /session/d65bb1f3e2f9080c12776954838ef114/element/f.AD1387FB3635F7347677CF9BEECFB356.d.F4E6ECE6AD6CED7A7007CA59B2CA13DF.e.11144/click - {}
RESULT: {}
COMMAND: GET /session/d65bb1f3e2f9080c12776954838ef114/screenshot - {}
RESULT: {}
COMMAND: POST /session/d65bb1f3e2f9080c12776954838ef114/element - {"using":"xpath","value":"//bdi[contains(text(), \"OK\")]"}
RESULT: {"using":"xpath","value":"//bdi[contains(text(), \"OK\")]"}
COMMAND: POST /session/d65bb1f3e2f9080c12776954838ef114/element/f.AD1387FB3635F7347677CF9BEECFB356.d.F4E6ECE6AD6CED7A7007CA59B2CA13DF.e.11146/click - {}
RESULT: {}
COMMAND: GET /session/d65bb1f3e2f9080c12776954838ef114/screenshot - {}
RESULT: {}
COMMAND: POST /session/d65bb1f3e2f9080c12776954838ef114/element - {"using":"xpath","value":"(//bdi[contains(text(), \"Receive\")])[2]"}
RESULT: {"using":"xpath","value":"(//bdi[contains(text(), \"Receive\")])[2]"}
COMMAND: POST /session/d65bb1f3e2f9080c12776954838ef114/element/f.AD1387FB3635F7347677CF9BEECFB356.d.F4E6ECE6AD6CED7A7007CA59B2CA13DF.e.11148/click - {}
RESULT: {}
COMMAND: GET /session/d65bb1f3e2f9080c12776954838ef114/screenshot - {}
RESULT: {}
COMMAND: POST /session/d65bb1f3e2f9080c12776954838ef114/element - {"using":"css selector","value":"#shell-header-logo"}
RESULT: {"using":"css selector","value":"#shell-header-logo"}
COMMAND: POST /session/d65bb1f3e2f9080c12776954838ef114/element/f.AD1387FB3635F7347677CF9BEECFB356.d.F4E6ECE6AD6CED7A7007CA59B2CA13DF.e.10531/click - {}
RESULT: {}
COMMAND: GET /session/d65bb1f3e2f9080c12776954838ef114/screenshot - {}
RESULT: {}
]]></system-out>
    </testcase>
    <testcase classname="chrome.135_0_7049_96.windows.Billing_Transfer_-_Intracompany_US127249" name="Should create a new contract" time="70.441">
      <system-out><![CDATA[
COMMAND: POST /session/d65bb1f3e2f9080c12776954838ef114/execute/async - {"script":"<script> [1562 bytes]","args":[{"selector":{"controlType":"sap.m.Text","viewName":"etm.portal.ui.managecontractstile.view.Master","properties":{"text":"Manage Contracts"},"interaction":{"idSuffix":"inner"}},"wdio_ui5_key":"etmportal.ui.managecontractstile.view.Mastersap.m.Text{\"text\":\"Manage Contracts\"}"}]}
RESULT: {"script":"<script> [1562 bytes]","args":[{"selector":{"controlType":"sap.m.Text","viewName":"etm.portal.ui.managecontractstile.view.Master","properties":{"text":"Manage Contracts"},"interaction":{"idSuffix":"inner"}},"wdio_ui5_key":"etmportal.ui.managecontractstile.view.Mastersap.m.Text{\"text\":\"Manage Contracts\"}"}]}
RESULT: undefined
COMMAND: POST /session/d65bb1f3e2f9080c12776954838ef114/element - {"using":"xpath","value":"//*[@id=\"__tile132-title\"]"}
RESULT: {"using":"xpath","value":"//*[@id=\"__tile132-title\"]"}
COMMAND: POST /session/d65bb1f3e2f9080c12776954838ef114/element/f.AD1387FB3635F7347677CF9BEECFB356.d.F4E6ECE6AD6CED7A7007CA59B2CA13DF.e.11323/click - {}
RESULT: {}
COMMAND: GET /session/d65bb1f3e2f9080c12776954838ef114/screenshot - {}
COMMAND: POST /session/d65bb1f3e2f9080c12776954838ef114/element - {"using":"xpath","value":"//button[@data-kt=\"addButton\"]"}
RESULT: {}
RESULT: {"using":"xpath","value":"//button[@data-kt=\"addButton\"]"}
COMMAND: POST /session/d65bb1f3e2f9080c12776954838ef114/elements - {"using":"xpath","value":"//button[@data-kt=\"addButton\"]"}
RESULT: {"using":"xpath","value":"//button[@data-kt=\"addButton\"]"}
COMMAND: POST /session/d65bb1f3e2f9080c12776954838ef114/elements - {"using":"xpath","value":"//button[@data-kt=\"addButton\"]"}
RESULT: {"using":"xpath","value":"//button[@data-kt=\"addButton\"]"}
COMMAND: POST /session/d65bb1f3e2f9080c12776954838ef114/elements - {"using":"xpath","value":"//button[@data-kt=\"addButton\"]"}
RESULT: {"using":"xpath","value":"//button[@data-kt=\"addButton\"]"}
COMMAND: POST /session/d65bb1f3e2f9080c12776954838ef114/elements - {"using":"xpath","value":"//button[@data-kt=\"addButton\"]"}
RESULT: {"using":"xpath","value":"//button[@data-kt=\"addButton\"]"}
COMMAND: POST /session/d65bb1f3e2f9080c12776954838ef114/element - {"using":"xpath","value":"//button[@data-kt=\"addButton\"]"}
RESULT: {"using":"xpath","value":"//button[@data-kt=\"addButton\"]"}
COMMAND: POST /session/d65bb1f3e2f9080c12776954838ef114/execute/sync - {"script":"<script> [8489 bytes]","args":[{"element-6066-11e4-a52e-4f735466cecf":"f.AD1387FB3635F7347677CF9BEECFB356.d.F4E6ECE6AD6CED7A7007CA59B2CA13DF.e.11395","ELEMENT":"f.AD1387FB3635F7347677CF9BEECFB356.d.F4E6ECE6AD6CED7A7007CA59B2CA13DF.e.11395"}]}
RESULT: {"script":"<script> [8489 bytes]","args":[{"element-6066-11e4-a52e-4f735466cecf":"f.AD1387FB3635F7347677CF9BEECFB356.d.F4E6ECE6AD6CED7A7007CA59B2CA13DF.e.11395","ELEMENT":"f.AD1387FB3635F7347677CF9BEECFB356.d.F4E6ECE6AD6CED7A7007CA59B2CA13DF.e.11395"}]}
COMMAND: GET /session/d65bb1f3e2f9080c12776954838ef114/element/f.AD1387FB3635F7347677CF9BEECFB356.d.F4E6ECE6AD6CED7A7007CA59B2CA13DF.e.11395/enabled - {}
COMMAND: GET /session/d65bb1f3e2f9080c12776954838ef114/screenshot - {}
RESULT: {}
COMMAND: POST /session/d65bb1f3e2f9080c12776954838ef114/execute/sync - {"script":"<script> [8489 bytes]","args":[{"element-6066-11e4-a52e-4f735466cecf":"f.AD1387FB3635F7347677CF9BEECFB356.d.F4E6ECE6AD6CED7A7007CA59B2CA13DF.e.11395","ELEMENT":"f.AD1387FB3635F7347677CF9BEECFB356.d.F4E6ECE6AD6CED7A7007CA59B2CA13DF.e.11395"}]}
COMMAND: GET /session/d65bb1f3e2f9080c12776954838ef114/screenshot - {}
RESULT: {}
RESULT: {"script":"<script> [8489 bytes]","args":[{"element-6066-11e4-a52e-4f735466cecf":"f.AD1387FB3635F7347677CF9BEECFB356.d.F4E6ECE6AD6CED7A7007CA59B2CA13DF.e.11395","ELEMENT":"f.AD1387FB3635F7347677CF9BEECFB356.d.F4E6ECE6AD6CED7A7007CA59B2CA13DF.e.11395"}]}
COMMAND: POST /session/d65bb1f3e2f9080c12776954838ef114/execute/sync - {"script":"<script> [5351 bytes]","args":[{"element-6066-11e4-a52e-4f735466cecf":"f.AD1387FB3635F7347677CF9BEECFB356.d.F4E6ECE6AD6CED7A7007CA59B2CA13DF.e.11395","ELEMENT":"f.AD1387FB3635F7347677CF9BEECFB356.d.F4E6ECE6AD6CED7A7007CA59B2CA13DF.e.11395"}]}
RESULT: {}
COMMAND: GET /session/d65bb1f3e2f9080c12776954838ef114/screenshot - {}
RESULT: {"script":"<script> [5351 bytes]","args":[{"element-6066-11e4-a52e-4f735466cecf":"f.AD1387FB3635F7347677CF9BEECFB356.d.F4E6ECE6AD6CED7A7007CA59B2CA13DF.e.11395","ELEMENT":"f.AD1387FB3635F7347677CF9BEECFB356.d.F4E6ECE6AD6CED7A7007CA59B2CA13DF.e.11395"}]}
COMMAND: GET /session/d65bb1f3e2f9080c12776954838ef114/screenshot - {}
RESULT: {}
RESULT: {}
COMMAND: POST /session/d65bb1f3e2f9080c12776954838ef114/element/f.AD1387FB3635F7347677CF9BEECFB356.d.F4E6ECE6AD6CED7A7007CA59B2CA13DF.e.11395/click - {}
RESULT: {}
COMMAND: GET /session/d65bb1f3e2f9080c12776954838ef114/screenshot - {}
COMMAND: POST /session/d65bb1f3e2f9080c12776954838ef114/execute/async - {"script":"<script> [1562 bytes]","args":[{"selector":{"id":"application-managecontracts-display-component---AddNewContract--projectDescription","interaction":{"idSuffix":"inner"}},"wdio_ui5_key":"applicationmanagecontracts-display-component---AddNewContract--projectDescription"}]}
RESULT: {}
RESULT: {"script":"<script> [1562 bytes]","args":[{"selector":{"id":"application-managecontracts-display-component---AddNewContract--projectDescription","interaction":{"idSuffix":"inner"}},"wdio_ui5_key":"applicationmanagecontracts-display-component---AddNewContract--projectDescription"}]}
RESULT: undefined
COMMAND: POST /session/d65bb1f3e2f9080c12776954838ef114/execute/async - {"script":"<script> [776 bytes]","args":[{"enterText":"Contract WDIO","selector":{"id":"application-managecontracts-display-component---AddNewContract--projectDescription","interaction":{"idSuffix":"inner"}},"clearTextFirst":true,"interactionType":"ENTER_TEXT"}]}
RESULT: {"script":"<script> [776 bytes]","args":[{"enterText":"Contract WDIO","selector":{"id":"application-managecontracts-display-component---AddNewContract--projectDescription","interaction":{"idSuffix":"inner"}},"clearTextFirst":true,"interactionType":"ENTER_TEXT"}]}
COMMAND: POST /session/d65bb1f3e2f9080c12776954838ef114/element - {"using":"xpath","value":"//input[@id=\"application-managecontracts-display-component---AddNewContract--site-inner\"]"}
RESULT: {"using":"xpath","value":"//input[@id=\"application-managecontracts-display-component---AddNewContract--site-inner\"]"}
COMMAND: POST /session/d65bb1f3e2f9080c12776954838ef114/element/f.AD1387FB3635F7347677CF9BEECFB356.d.F4E6ECE6AD6CED7A7007CA59B2CA13DF.e.11694/clear - {}
RESULT: {}
COMMAND: POST /session/d65bb1f3e2f9080c12776954838ef114/element/f.AD1387FB3635F7347677CF9BEECFB356.d.F4E6ECE6AD6CED7A7007CA59B2CA13DF.e.11694/value - {"text":"2366"}
COMMAND: GET /session/d65bb1f3e2f9080c12776954838ef114/screenshot - {}
RESULT: {"text":"2366"}
COMMAND: GET /session/d65bb1f3e2f9080c12776954838ef114/screenshot - {}
RESULT: {}
RESULT: {}
COMMAND: POST /session/d65bb1f3e2f9080c12776954838ef114/element - {"using":"xpath","value":"//li[.//span[text()='2366']]"}
RESULT: {"using":"xpath","value":"//li[.//span[text()='2366']]"}
COMMAND: POST /session/d65bb1f3e2f9080c12776954838ef114/element/f.AD1387FB3635F7347677CF9BEECFB356.d.F4E6ECE6AD6CED7A7007CA59B2CA13DF.e.11717/click - {}
RESULT: {}
COMMAND: GET /session/d65bb1f3e2f9080c12776954838ef114/screenshot - {}
RESULT: {}
COMMAND: POST /session/d65bb1f3e2f9080c12776954838ef114/element - {"using":"xpath","value":"//input[@id=\"application-managecontracts-display-component---AddNewContract--yardId-inner\"]"}
RESULT: {"using":"xpath","value":"//input[@id=\"application-managecontracts-display-component---AddNewContract--yardId-inner\"]"}
COMMAND: GET /session/d65bb1f3e2f9080c12776954838ef114/element/f.AD1387FB3635F7347677CF9BEECFB356.d.F4E6ECE6AD6CED7A7007CA59B2CA13DF.e.11695/property/value - {}
RESULT: {}
COMMAND: POST /session/d65bb1f3e2f9080c12776954838ef114/element - {"using":"xpath","value":"//input[@id=\"application-managecontracts-display-component---AddNewContract--customerSelect-inner\"]"}
COMMAND: GET /session/d65bb1f3e2f9080c12776954838ef114/screenshot - {}
RESULT: {"using":"xpath","value":"//input[@id=\"application-managecontracts-display-component---AddNewContract--customerSelect-inner\"]"}
COMMAND: POST /session/d65bb1f3e2f9080c12776954838ef114/element/f.AD1387FB3635F7347677CF9BEECFB356.d.F4E6ECE6AD6CED7A7007CA59B2CA13DF.e.11693/clear - {}
RESULT: {}
RESULT: {}
COMMAND: POST /session/d65bb1f3e2f9080c12776954838ef114/element/f.AD1387FB3635F7347677CF9BEECFB356.d.F4E6ECE6AD6CED7A7007CA59B2CA13DF.e.11693/value - {"text":"1408"}
COMMAND: GET /session/d65bb1f3e2f9080c12776954838ef114/screenshot - {}
RESULT: {"text":"1408"}
COMMAND: GET /session/d65bb1f3e2f9080c12776954838ef114/screenshot - {}
RESULT: {}
RESULT: {}
COMMAND: POST /session/d65bb1f3e2f9080c12776954838ef114/element - {"using":"xpath","value":"//li[.//span[text()='1408']]"}
RESULT: {"using":"xpath","value":"//li[.//span[text()='1408']]"}
COMMAND: POST /session/d65bb1f3e2f9080c12776954838ef114/element/f.AD1387FB3635F7347677CF9BEECFB356.d.F4E6ECE6AD6CED7A7007CA59B2CA13DF.e.11720/click - {}
RESULT: {}
COMMAND: GET /session/d65bb1f3e2f9080c12776954838ef114/screenshot - {}
RESULT: {}
COMMAND: POST /session/d65bb1f3e2f9080c12776954838ef114/element - {"using":"xpath","value":"//button[@data-kt=\"saveButton\"]"}
RESULT: {"using":"xpath","value":"//button[@data-kt=\"saveButton\"]"}
COMMAND: POST /session/d65bb1f3e2f9080c12776954838ef114/element/f.AD1387FB3635F7347677CF9BEECFB356.d.F4E6ECE6AD6CED7A7007CA59B2CA13DF.e.11710/click - {}
RESULT: {}
COMMAND: GET /session/d65bb1f3e2f9080c12776954838ef114/screenshot - {}
RESULT: {}
COMMAND: POST /session/d65bb1f3e2f9080c12776954838ef114/element - {"using":"xpath","value":"//span[contains(@id ,\"contractDetailTitleNoExpanded\")]"}
RESULT: {"using":"xpath","value":"//span[contains(@id ,\"contractDetailTitleNoExpanded\")]"}
COMMAND: POST /session/d65bb1f3e2f9080c12776954838ef114/elements - {"using":"xpath","value":"//span[contains(@id ,\"contractDetailTitleNoExpanded\")]"}
RESULT: {"using":"xpath","value":"//span[contains(@id ,\"contractDetailTitleNoExpanded\")]"}
COMMAND: POST /session/d65bb1f3e2f9080c12776954838ef114/execute/sync - {"script":"<script> [56 bytes]","args":[{"element-6066-11e4-a52e-4f735466cecf":"f.AD1387FB3635F7347677CF9BEECFB356.d.F4E6ECE6AD6CED7A7007CA59B2CA13DF.e.11792","ELEMENT":"f.AD1387FB3635F7347677CF9BEECFB356.d.F4E6ECE6AD6CED7A7007CA59B2CA13DF.e.11792"}]}
RESULT: {"script":"<script> [56 bytes]","args":[{"element-6066-11e4-a52e-4f735466cecf":"f.AD1387FB3635F7347677CF9BEECFB356.d.F4E6ECE6AD6CED7A7007CA59B2CA13DF.e.11792","ELEMENT":"f.AD1387FB3635F7347677CF9BEECFB356.d.F4E6ECE6AD6CED7A7007CA59B2CA13DF.e.11792"}]}
COMMAND: GET /session/d65bb1f3e2f9080c12776954838ef114/screenshot - {}
RESULT: {}
]]></system-out>
    </testcase>
    <testcase classname="chrome.135_0_7049_96.windows.Billing_Transfer_-_Intracompany_US127249" name="Should add equipment to the contract" time="52.299">
      <system-out><![CDATA[
COMMAND: POST /session/d65bb1f3e2f9080c12776954838ef114/element - {"using":"xpath","value":"//button[@data-kt=\"contractDetailEditBtnButton\"]"}
RESULT: {"using":"xpath","value":"//button[@data-kt=\"contractDetailEditBtnButton\"]"}
COMMAND: POST /session/d65bb1f3e2f9080c12776954838ef114/element/f.AD1387FB3635F7347677CF9BEECFB356.d.F4E6ECE6AD6CED7A7007CA59B2CA13DF.e.11794/click - {}
RESULT: {}
COMMAND: GET /session/d65bb1f3e2f9080c12776954838ef114/screenshot - {}
RESULT: {}
COMMAND: POST /session/d65bb1f3e2f9080c12776954838ef114/element - {"using":"xpath","value":"(//span[contains(text(), \"Additional Addresses\")])[2]"}
RESULT: {"using":"xpath","value":"(//span[contains(text(), \"Additional Addresses\")])[2]"}
COMMAND: POST /session/d65bb1f3e2f9080c12776954838ef114/element/f.AD1387FB3635F7347677CF9BEECFB356.d.F4E6ECE6AD6CED7A7007CA59B2CA13DF.e.11849/click - {}
RESULT: {}
COMMAND: GET /session/d65bb1f3e2f9080c12776954838ef114/screenshot - {}
COMMAND: POST /session/d65bb1f3e2f9080c12776954838ef114/element - {"using":"xpath","value":"//button[@data-kt=\"btnAddTableRowOverflowToolbarButton\"]"}
RESULT: {}
RESULT: {"using":"xpath","value":"//button[@data-kt=\"btnAddTableRowOverflowToolbarButton\"]"}
COMMAND: POST /session/d65bb1f3e2f9080c12776954838ef114/element/f.AD1387FB3635F7347677CF9BEECFB356.d.F4E6ECE6AD6CED7A7007CA59B2CA13DF.e.11854/click - {}
RESULT: {}
COMMAND: GET /session/d65bb1f3e2f9080c12776954838ef114/screenshot - {}
RESULT: {}
COMMAND: POST /session/d65bb1f3e2f9080c12776954838ef114/element - {"using":"xpath","value":"//div[(text() = 'Standard Entry' or . = 'Standard Entry')]"}
RESULT: {"using":"xpath","value":"//div[(text() = 'Standard Entry' or . = 'Standard Entry')]"}
COMMAND: POST /session/d65bb1f3e2f9080c12776954838ef114/element/f.AD1387FB3635F7347677CF9BEECFB356.d.F4E6ECE6AD6CED7A7007CA59B2CA13DF.e.11855/click - {}
RESULT: {}
COMMAND: GET /session/d65bb1f3e2f9080c12776954838ef114/screenshot - {}
RESULT: {}
COMMAND: POST /session/d65bb1f3e2f9080c12776954838ef114/element - {"using":"xpath","value":"//td[7]/div/div/input"}
RESULT: {"using":"xpath","value":"//td[7]/div/div/input"}
COMMAND: POST /session/d65bb1f3e2f9080c12776954838ef114/element/f.AD1387FB3635F7347677CF9BEECFB356.d.F4E6ECE6AD6CED7A7007CA59B2CA13DF.e.11864/clear - {}
RESULT: {}
COMMAND: POST /session/d65bb1f3e2f9080c12776954838ef114/element/f.AD1387FB3635F7347677CF9BEECFB356.d.F4E6ECE6AD6CED7A7007CA59B2CA13DF.e.11864/value - {"text":"lbeaZcAKVm"}
COMMAND: GET /session/d65bb1f3e2f9080c12776954838ef114/screenshot - {}
RESULT: {"text":"lbeaZcAKVm"}
COMMAND: GET /session/d65bb1f3e2f9080c12776954838ef114/screenshot - {}
RESULT: {}
RESULT: {}
COMMAND: POST /session/d65bb1f3e2f9080c12776954838ef114/actions - {"actions":[{"id":"action40","type":"key","parameters":{},"actions":[{"type":"keyDown","value":"î€‡"},{"type":"pause","duration":10},{"type":"keyUp","value":"î€‡"}]}]}
RESULT: {"actions":[{"id":"action40","type":"key","parameters":{},"actions":[{"type":"keyDown","value":"î€‡"},{"type":"pause","duration":10},{"type":"keyUp","value":"î€‡"}]}]}
COMMAND: GET /session/d65bb1f3e2f9080c12776954838ef114/screenshot - {}
RESULT: {}
COMMAND: POST /session/d65bb1f3e2f9080c12776954838ef114/execute/sync - {"script":"<script> [276 bytes]","args":["No pricing information was found"]}
RESULT: {"script":"<script> [276 bytes]","args":["No pricing information was found"]}
COMMAND: POST /session/d65bb1f3e2f9080c12776954838ef114/element - {"using":"xpath","value":"(//button[@data-kt=\"saveButton\"])[2]"}
COMMAND: GET /session/d65bb1f3e2f9080c12776954838ef114/screenshot - {}
RESULT: {"using":"xpath","value":"(//button[@data-kt=\"saveButton\"])[2]"}
COMMAND: POST /session/d65bb1f3e2f9080c12776954838ef114/element/f.AD1387FB3635F7347677CF9BEECFB356.d.F4E6ECE6AD6CED7A7007CA59B2CA13DF.e.11879/click - {}
RESULT: {}
RESULT: {}
COMMAND: GET /session/d65bb1f3e2f9080c12776954838ef114/screenshot - {}
RESULT: {}
COMMAND: POST /session/d65bb1f3e2f9080c12776954838ef114/execute/sync - {"script":"<script> [276 bytes]","args":["Some contract items are having rental validity exceeding header rental validity"]}
RESULT: {"script":"<script> [276 bytes]","args":["Some contract items are having rental validity exceeding header rental validity"]}
COMMAND: GET /session/d65bb1f3e2f9080c12776954838ef114/screenshot - {}
RESULT: {}
COMMAND: POST /session/d65bb1f3e2f9080c12776954838ef114/element - {"using":"xpath","value":"//span[contains(@id ,\"contractItemsSmartTable-header-inner\")]"}
RESULT: {"using":"xpath","value":"//span[contains(@id ,\"contractItemsSmartTable-header-inner\")]"}
COMMAND: POST /session/d65bb1f3e2f9080c12776954838ef114/elements - {"using":"xpath","value":"//span[contains(@id ,\"contractItemsSmartTable-header-inner\")]"}
RESULT: {"using":"xpath","value":"//span[contains(@id ,\"contractItemsSmartTable-header-inner\")]"}
COMMAND: POST /session/d65bb1f3e2f9080c12776954838ef114/execute/sync - {"script":"<script> [56 bytes]","args":[{"element-6066-11e4-a52e-4f735466cecf":"f.AD1387FB3635F7347677CF9BEECFB356.d.F4E6ECE6AD6CED7A7007CA59B2CA13DF.e.11885","ELEMENT":"f.AD1387FB3635F7347677CF9BEECFB356.d.F4E6ECE6AD6CED7A7007CA59B2CA13DF.e.11885"}]}
RESULT: {"script":"<script> [56 bytes]","args":[{"element-6066-11e4-a52e-4f735466cecf":"f.AD1387FB3635F7347677CF9BEECFB356.d.F4E6ECE6AD6CED7A7007CA59B2CA13DF.e.11885","ELEMENT":"f.AD1387FB3635F7347677CF9BEECFB356.d.F4E6ECE6AD6CED7A7007CA59B2CA13DF.e.11885"}]}
]]></system-out>
    </testcase>
    <testcase classname="chrome.135_0_7049_96.windows.Billing_Transfer_-_Intracompany_US127249" name="Should do a provide to site handover" time="65.8">
      <system-out><![CDATA[
COMMAND: GET /session/d65bb1f3e2f9080c12776954838ef114/screenshot - {}
COMMAND: POST /session/d65bb1f3e2f9080c12776954838ef114/element - {"using":"xpath","value":"//button[@data-kt=\"provideButton\"]"}
RESULT: {}
RESULT: {"using":"xpath","value":"//button[@data-kt=\"provideButton\"]"}
COMMAND: POST /session/d65bb1f3e2f9080c12776954838ef114/element/f.AD1387FB3635F7347677CF9BEECFB356.d.F4E6ECE6AD6CED7A7007CA59B2CA13DF.e.11886/click - {}
RESULT: {}
COMMAND: GET /session/d65bb1f3e2f9080c12776954838ef114/screenshot - {}
RESULT: {}
RESULT: undefined
COMMAND: POST /session/d65bb1f3e2f9080c12776954838ef114/execute/async - {"script":"<script> [6424 bytes]","args":[{"element-6066-11e4-a52e-4f735466cecf":"f.AD1387FB3635F7347677CF9BEECFB356.d.F4E6ECE6AD6CED7A7007CA59B2CA13DF.e.10913"},"setValue",["05/03/2025"]]}
COMMAND: POST /session/d65bb1f3e2f9080c12776954838ef114/execute/async - {"script":"<script> [1562 bytes]","args":[{"selector":{"id":"application-managehandovers-display-component---AddNewHO--dueDate","interaction":{"idSuffix":"inner"}},"wdio_ui5_key":"applicationmanagehandovers-display-component---AddNewHO--dueDate"}]}
RESULT: {"script":"<script> [1562 bytes]","args":[{"selector":{"id":"application-managehandovers-display-component---AddNewHO--dueDate","interaction":{"idSuffix":"inner"}},"wdio_ui5_key":"applicationmanagehandovers-display-component---AddNewHO--dueDate"}]}
COMMAND: POST /session/d65bb1f3e2f9080c12776954838ef114/execute/async - {"script":"<script> [6424 bytes]","args":[{"element-6066-11e4-a52e-4f735466cecf":"f.AD1387FB3635F7347677CF9BEECFB356.d.F4E6ECE6AD6CED7A7007CA59B2CA13DF.e.11962"},"setValue",["05/03/2025"]]}
RESULT: {"script":"<script> [6424 bytes]","args":[{"element-6066-11e4-a52e-4f735466cecf":"f.AD1387FB3635F7347677CF9BEECFB356.d.F4E6ECE6AD6CED7A7007CA59B2CA13DF.e.11962"},"setValue",["05/03/2025"]]}
COMMAND: POST /session/d65bb1f3e2f9080c12776954838ef114/element - {"using":"xpath","value":"//bdi[contains(text(), \"Instructions\")]"}
RESULT: {"using":"xpath","value":"//bdi[contains(text(), \"Instructions\")]"}
COMMAND: POST /session/d65bb1f3e2f9080c12776954838ef114/element/f.AD1387FB3635F7347677CF9BEECFB356.d.F4E6ECE6AD6CED7A7007CA59B2CA13DF.e.12208/click - {}
RESULT: {}
COMMAND: GET /session/d65bb1f3e2f9080c12776954838ef114/screenshot - {}
RESULT: {}
COMMAND: POST /session/d65bb1f3e2f9080c12776954838ef114/element - {"using":"xpath","value":"//button[@data-kt=\"AddNewHOProvideAddItemsButton\"]"}
RESULT: {"using":"xpath","value":"//button[@data-kt=\"AddNewHOProvideAddItemsButton\"]"}
COMMAND: POST /session/d65bb1f3e2f9080c12776954838ef114/element/f.AD1387FB3635F7347677CF9BEECFB356.d.F4E6ECE6AD6CED7A7007CA59B2CA13DF.e.12212/click - {}
RESULT: {}
COMMAND: GET /session/d65bb1f3e2f9080c12776954838ef114/screenshot - {}
RESULT: {}
RESULT: undefined
COMMAND: POST /session/d65bb1f3e2f9080c12776954838ef114/element - {"using":"xpath","value":"//*[@id=\"application-managehandovers-display-component---AddNewHO--popup-sa\"]"}
RESULT: {"using":"xpath","value":"//*[@id=\"application-managehandovers-display-component---AddNewHO--popup-sa\"]"}
COMMAND: POST /session/d65bb1f3e2f9080c12776954838ef114/element/f.AD1387FB3635F7347677CF9BEECFB356.d.F4E6ECE6AD6CED7A7007CA59B2CA13DF.e.12223/click - {}
RESULT: {}
COMMAND: GET /session/d65bb1f3e2f9080c12776954838ef114/screenshot - {}
RESULT: {}
COMMAND: POST /session/d65bb1f3e2f9080c12776954838ef114/element - {"using":"xpath","value":"//*[contains(@id ,\"BDI-content\")][contains(text(), \"Select\")]"}
RESULT: {"using":"xpath","value":"//*[contains(@id ,\"BDI-content\")][contains(text(), \"Select\")]"}
COMMAND: POST /session/d65bb1f3e2f9080c12776954838ef114/element/f.AD1387FB3635F7347677CF9BEECFB356.d.F4E6ECE6AD6CED7A7007CA59B2CA13DF.e.12224/click - {}
RESULT: {}
COMMAND: GET /session/d65bb1f3e2f9080c12776954838ef114/screenshot - {}
RESULT: {}
COMMAND: POST /session/d65bb1f3e2f9080c12776954838ef114/execute/async - {"script":"<script> [1562 bytes]","args":[{"selector":{"id":"application-managehandovers-display-component---AddNewHO--confirmCreationButton","interaction":{"idSuffix":"BDI-content"}},"wdio_ui5_key":"applicationmanagehandovers-display-component---AddNewHO--confirmCreationButton"}]}
RESULT: {"script":"<script> [1562 bytes]","args":[{"selector":{"id":"application-managehandovers-display-component---AddNewHO--confirmCreationButton","interaction":{"idSuffix":"BDI-content"}},"wdio_ui5_key":"applicationmanagehandovers-display-component---AddNewHO--confirmCreationButton"}]}
RESULT: undefined
COMMAND: POST /session/d65bb1f3e2f9080c12776954838ef114/element - {"using":"xpath","value":"//*[@id=\"application-managehandovers-display-component---AddNewHO--confirmCreationButton\"]"}
RESULT: {"using":"xpath","value":"//*[@id=\"application-managehandovers-display-component---AddNewHO--confirmCreationButton\"]"}
COMMAND: POST /session/d65bb1f3e2f9080c12776954838ef114/element/f.AD1387FB3635F7347677CF9BEECFB356.d.F4E6ECE6AD6CED7A7007CA59B2CA13DF.e.12010/click - {}
RESULT: {}
COMMAND: GET /session/d65bb1f3e2f9080c12776954838ef114/screenshot - {}
COMMAND: POST /session/d65bb1f3e2f9080c12776954838ef114/element - {"using":"xpath","value":"//button[@data-kt=\"PickingTableConfirmAllButton\"]"}
RESULT: {}
RESULT: {"using":"xpath","value":"//button[@data-kt=\"PickingTableConfirmAllButton\"]"}
COMMAND: POST /session/d65bb1f3e2f9080c12776954838ef114/element/f.AD1387FB3635F7347677CF9BEECFB356.d.F4E6ECE6AD6CED7A7007CA59B2CA13DF.e.12282/click - {}
RESULT: {}
COMMAND: GET /session/d65bb1f3e2f9080c12776954838ef114/screenshot - {}
RESULT: {}
COMMAND: POST /session/d65bb1f3e2f9080c12776954838ef114/element - {"using":"xpath","value":"//bdi[contains(text(), \"OK\")]"}
RESULT: {"using":"xpath","value":"//bdi[contains(text(), \"OK\")]"}
COMMAND: POST /session/d65bb1f3e2f9080c12776954838ef114/element/f.AD1387FB3635F7347677CF9BEECFB356.d.F4E6ECE6AD6CED7A7007CA59B2CA13DF.e.12286/click - {}
RESULT: {}
COMMAND: GET /session/d65bb1f3e2f9080c12776954838ef114/screenshot - {}
RESULT: {}
COMMAND: POST /session/d65bb1f3e2f9080c12776954838ef114/element - {"using":"xpath","value":"//bdi[contains(text(), \"Issue\")]"}
RESULT: {"using":"xpath","value":"//bdi[contains(text(), \"Issue\")]"}
COMMAND: POST /session/d65bb1f3e2f9080c12776954838ef114/element/f.AD1387FB3635F7347677CF9BEECFB356.d.F4E6ECE6AD6CED7A7007CA59B2CA13DF.e.12288/click - {}
RESULT: {}
COMMAND: GET /session/d65bb1f3e2f9080c12776954838ef114/screenshot - {}
RESULT: {}
COMMAND: POST /session/d65bb1f3e2f9080c12776954838ef114/element - {"using":"css selector","value":"#shell-header-logo"}
RESULT: {"using":"css selector","value":"#shell-header-logo"}
COMMAND: POST /session/d65bb1f3e2f9080c12776954838ef114/element/f.AD1387FB3635F7347677CF9BEECFB356.d.F4E6ECE6AD6CED7A7007CA59B2CA13DF.e.11327/click - {}
RESULT: {}
COMMAND: GET /session/d65bb1f3e2f9080c12776954838ef114/screenshot - {}
RESULT: {}
]]></system-out>
    </testcase>
    <testcase classname="chrome.135_0_7049_96.windows.Billing_Transfer_-_Intracompany_US127249" name="Should go navigate to Manage Billings and trigger contract calculation check result" time="58.953">
      <system-out><![CDATA[
COMMAND: POST /session/d65bb1f3e2f9080c12776954838ef114/execute/async - {"script":"<script> [1562 bytes]","args":[{"selector":{"controlType":"sap.m.GenericTile","properties":{"header":"Manage Billings"}},"wdio_ui5_key":"sapm.GenericTile{\"header\":\"Manage Billings\"}"}]}
RESULT: {"script":"<script> [1562 bytes]","args":[{"selector":{"controlType":"sap.m.GenericTile","properties":{"header":"Manage Billings"}},"wdio_ui5_key":"sapm.GenericTile{\"header\":\"Manage Billings\"}"}]}
RESULT: undefined
COMMAND: POST /session/d65bb1f3e2f9080c12776954838ef114/element - {"using":"xpath","value":"//*[@id=\"__tile51\"]"}
RESULT: {"using":"xpath","value":"//*[@id=\"__tile51\"]"}
COMMAND: POST /session/d65bb1f3e2f9080c12776954838ef114/element/f.AD1387FB3635F7347677CF9BEECFB356.d.F4E6ECE6AD6CED7A7007CA59B2CA13DF.e.6870/click - {}
RESULT: {}
COMMAND: GET /session/d65bb1f3e2f9080c12776954838ef114/screenshot - {}
COMMAND: POST /session/d65bb1f3e2f9080c12776954838ef114/execute/async - {"script":"<script> [1562 bytes]","args":[{"selector":{"id":"application-managebillings-display-component---billRunCalcResult--smartFilterBar-btnBasicSearch","interaction":{"idSuffix":"I"}},"wdio_ui5_key":"applicationmanagebillings-display-component---billRunCalcResult--smartFilterBar-btnBasicSearch"}]}
RESULT: {}
RESULT: {"script":"<script> [1562 bytes]","args":[{"selector":{"id":"application-managebillings-display-component---billRunCalcResult--smartFilterBar-btnBasicSearch","interaction":{"idSuffix":"I"}},"wdio_ui5_key":"applicationmanagebillings-display-component---billRunCalcResult--smartFilterBar-btnBasicSearch"}]}
RESULT: undefined
COMMAND: POST /session/d65bb1f3e2f9080c12776954838ef114/execute/async - {"script":"<script> [776 bytes]","args":[{"enterText":"10487","selector":{"id":"application-managebillings-display-component---billRunCalcResult--smartFilterBar-btnBasicSearch","interaction":{"idSuffix":"I"}},"clearTextFirst":true,"interactionType":"ENTER_TEXT"}]}
RESULT: {"script":"<script> [776 bytes]","args":[{"enterText":"10487","selector":{"id":"application-managebillings-display-component---billRunCalcResult--smartFilterBar-btnBasicSearch","interaction":{"idSuffix":"I"}},"clearTextFirst":true,"interactionType":"ENTER_TEXT"}]}
COMMAND: POST /session/d65bb1f3e2f9080c12776954838ef114/actions - {"actions":[{"id":"action41","type":"key","parameters":{},"actions":[{"type":"keyDown","value":"î€‡"},{"type":"pause","duration":10},{"type":"keyUp","value":"î€‡"}]}]}
RESULT: {"actions":[{"id":"action41","type":"key","parameters":{},"actions":[{"type":"keyDown","value":"î€‡"},{"type":"pause","duration":10},{"type":"keyUp","value":"î€‡"}]}]}
COMMAND: GET /session/d65bb1f3e2f9080c12776954838ef114/screenshot - {}
RESULT: {}
COMMAND: POST /session/d65bb1f3e2f9080c12776954838ef114/element - {"using":"xpath","value":"//td[@aria-colindex=\"1\"]/div/div[contains(@class, \"sapMCbBg\")]"}
RESULT: {"using":"xpath","value":"//td[@aria-colindex=\"1\"]/div/div[contains(@class, \"sapMCbBg\")]"}
COMMAND: POST /session/d65bb1f3e2f9080c12776954838ef114/element/f.AD1387FB3635F7347677CF9BEECFB356.d.F4E6ECE6AD6CED7A7007CA59B2CA13DF.e.12671/click - {}
RESULT: {}
COMMAND: GET /session/d65bb1f3e2f9080c12776954838ef114/screenshot - {}
RESULT: {}
COMMAND: POST /session/d65bb1f3e2f9080c12776954838ef114/execute/async - {"script":"<script> [1562 bytes]","args":[{"selector":{"id":"application-managebillings-display-component---billRunCalcResult--contractBillRunDate","interaction":{"idSuffix":"inner"}},"wdio_ui5_key":"applicationmanagebillings-display-component---billRunCalcResult--contractBillRunDate"}]}
RESULT: {"script":"<script> [1562 bytes]","args":[{"selector":{"id":"application-managebillings-display-component---billRunCalcResult--contractBillRunDate","interaction":{"idSuffix":"inner"}},"wdio_ui5_key":"applicationmanagebillings-display-component---billRunCalcResult--contractBillRunDate"}]}
RESULT: undefined
COMMAND: POST /session/d65bb1f3e2f9080c12776954838ef114/execute/async - {"script":"<script> [776 bytes]","args":[{"enterText":"05/03/25","selector":{"id":"application-managebillings-display-component---billRunCalcResult--contractBillRunDate","interaction":{"idSuffix":"inner"}},"clearTextFirst":true,"interactionType":"ENTER_TEXT"}]}
RESULT: {"script":"<script> [776 bytes]","args":[{"enterText":"05/03/25","selector":{"id":"application-managebillings-display-component---billRunCalcResult--contractBillRunDate","interaction":{"idSuffix":"inner"}},"clearTextFirst":true,"interactionType":"ENTER_TEXT"}]}
COMMAND: POST /session/d65bb1f3e2f9080c12776954838ef114/element - {"using":"xpath","value":"//bdi[contains(text(), \"Trigger Calculation\")]"}
RESULT: {"using":"xpath","value":"//bdi[contains(text(), \"Trigger Calculation\")]"}
COMMAND: POST /session/d65bb1f3e2f9080c12776954838ef114/element/f.AD1387FB3635F7347677CF9BEECFB356.d.F4E6ECE6AD6CED7A7007CA59B2CA13DF.e.12723/click - {}
RESULT: {}
COMMAND: GET /session/d65bb1f3e2f9080c12776954838ef114/screenshot - {}
RESULT: {}
COMMAND: POST /session/d65bb1f3e2f9080c12776954838ef114/element - {"using":"xpath","value":"(//span[contains(@id, \"imgNav\")])[1]"}
RESULT: {"using":"xpath","value":"(//span[contains(@id, \"imgNav\")])[1]"}
COMMAND: POST /session/d65bb1f3e2f9080c12776954838ef114/element/f.AD1387FB3635F7347677CF9BEECFB356.d.F4E6ECE6AD6CED7A7007CA59B2CA13DF.e.12672/click - {}
RESULT: {}
COMMAND: GET /session/d65bb1f3e2f9080c12776954838ef114/screenshot - {}
RESULT: {}
COMMAND: POST /session/d65bb1f3e2f9080c12776954838ef114/element - {"using":"xpath","value":"//tr/td[6]/div[1]/span[1]/span[1]"}
RESULT: {"using":"xpath","value":"//tr/td[6]/div[1]/span[1]/span[1]"}
COMMAND: GET /session/d65bb1f3e2f9080c12776954838ef114/element/f.AD1387FB3635F7347677CF9BEECFB356.d.F4E6ECE6AD6CED7A7007CA59B2CA13DF.e.12728/text - {}
RESULT: {}
COMMAND: POST /session/d65bb1f3e2f9080c12776954838ef114/element - {"using":"xpath","value":"(//span[contains(@id, \"imgNav\")])[2]"}
RESULT: {"using":"xpath","value":"(//span[contains(@id, \"imgNav\")])[2]"}
COMMAND: POST /session/d65bb1f3e2f9080c12776954838ef114/element/f.AD1387FB3635F7347677CF9BEECFB356.d.F4E6ECE6AD6CED7A7007CA59B2CA13DF.e.12729/click - {}
RESULT: {}
COMMAND: POST /session/d65bb1f3e2f9080c12776954838ef114/element - {"using":"xpath","value":"//bdi[contains(text(), \"Business Confirm\")]"}
COMMAND: GET /session/d65bb1f3e2f9080c12776954838ef114/screenshot - {}
RESULT: {"using":"xpath","value":"//bdi[contains(text(), \"Business Confirm\")]"}
COMMAND: POST /session/d65bb1f3e2f9080c12776954838ef114/elements - {"using":"xpath","value":"//bdi[contains(text(), \"Business Confirm\")]"}
RESULT: {}
RESULT: {"using":"xpath","value":"//bdi[contains(text(), \"Business Confirm\")]"}
COMMAND: POST /session/d65bb1f3e2f9080c12776954838ef114/element - {"using":"xpath","value":"//bdi[contains(text(), \"Business Confirm\")]"}
RESULT: {"using":"xpath","value":"//bdi[contains(text(), \"Business Confirm\")]"}
COMMAND: POST /session/d65bb1f3e2f9080c12776954838ef114/element/f.AD1387FB3635F7347677CF9BEECFB356.d.F4E6ECE6AD6CED7A7007CA59B2CA13DF.e.12756/click - {}
RESULT: {}
COMMAND: POST /session/d65bb1f3e2f9080c12776954838ef114/element - {"using":"css selector","value":"#shell-header-logo"}
COMMAND: GET /session/d65bb1f3e2f9080c12776954838ef114/screenshot - {}
RESULT: {"using":"css selector","value":"#shell-header-logo"}
COMMAND: POST /session/d65bb1f3e2f9080c12776954838ef114/element/f.AD1387FB3635F7347677CF9BEECFB356.d.F4E6ECE6AD6CED7A7007CA59B2CA13DF.e.12463/click - {}
RESULT: {}
RESULT: {}
COMMAND: GET /session/d65bb1f3e2f9080c12776954838ef114/screenshot - {}
RESULT: {}
]]></system-out>
    </testcase>
    <testcase classname="chrome.135_0_7049_96.windows.Billing_Transfer_-_Intracompany_US127249" name="Should navigate to billing transfer and invoice the contract" time="76.037">
      <system-out><![CDATA[
COMMAND: POST /session/d65bb1f3e2f9080c12776954838ef114/execute/async - {"script":"<script> [1562 bytes]","args":[{"selector":{"controlType":"sap.m.GenericTile","properties":{"header":"Billing Transfer"}},"wdio_ui5_key":"sapm.GenericTile{\"header\":\"Billing Transfer\"}"}]}
RESULT: {"script":"<script> [1562 bytes]","args":[{"selector":{"controlType":"sap.m.GenericTile","properties":{"header":"Billing Transfer"}},"wdio_ui5_key":"sapm.GenericTile{\"header\":\"Billing Transfer\"}"}]}
RESULT: undefined
COMMAND: POST /session/d65bb1f3e2f9080c12776954838ef114/element - {"using":"xpath","value":"//*[@id=\"__tile50\"]"}
RESULT: {"using":"xpath","value":"//*[@id=\"__tile50\"]"}
COMMAND: POST /session/d65bb1f3e2f9080c12776954838ef114/element/f.AD1387FB3635F7347677CF9BEECFB356.d.F4E6ECE6AD6CED7A7007CA59B2CA13DF.e.6868/click - {}
RESULT: {}
COMMAND: POST /session/d65bb1f3e2f9080c12776954838ef114/element - {"using":"xpath","value":"//input[contains(@id ,\"application-billingtransfer-display-component---billingWorkbench--smartFilterBar-btnBasicSearch\")]"}
COMMAND: GET /session/d65bb1f3e2f9080c12776954838ef114/screenshot - {}
RESULT: {"using":"xpath","value":"//input[contains(@id ,\"application-billingtransfer-display-component---billingWorkbench--smartFilterBar-btnBasicSearch\")]"}
COMMAND: POST /session/d65bb1f3e2f9080c12776954838ef114/elements - {"using":"xpath","value":"//input[contains(@id ,\"application-billingtransfer-display-component---billingWorkbench--smartFilterBar-btnBasicSearch\")]"}
RESULT: {}
RESULT: {"using":"xpath","value":"//input[contains(@id ,\"application-billingtransfer-display-component---billingWorkbench--smartFilterBar-btnBasicSearch\")]"}
COMMAND: POST /session/d65bb1f3e2f9080c12776954838ef114/element - {"using":"xpath","value":"//input[contains(@id ,\"application-billingtransfer-display-component---billingWorkbench--smartFilterBar-btnBasicSearch\")]"}
RESULT: {"using":"xpath","value":"//input[contains(@id ,\"application-billingtransfer-display-component---billingWorkbench--smartFilterBar-btnBasicSearch\")]"}
COMMAND: POST /session/d65bb1f3e2f9080c12776954838ef114/execute/sync - {"script":"<script> [8489 bytes]","args":[{"element-6066-11e4-a52e-4f735466cecf":"f.AD1387FB3635F7347677CF9BEECFB356.d.F4E6ECE6AD6CED7A7007CA59B2CA13DF.e.12802","ELEMENT":"f.AD1387FB3635F7347677CF9BEECFB356.d.F4E6ECE6AD6CED7A7007CA59B2CA13DF.e.12802"}]}
RESULT: {"script":"<script> [8489 bytes]","args":[{"element-6066-11e4-a52e-4f735466cecf":"f.AD1387FB3635F7347677CF9BEECFB356.d.F4E6ECE6AD6CED7A7007CA59B2CA13DF.e.12802","ELEMENT":"f.AD1387FB3635F7347677CF9BEECFB356.d.F4E6ECE6AD6CED7A7007CA59B2CA13DF.e.12802"}]}
COMMAND: GET /session/d65bb1f3e2f9080c12776954838ef114/element/f.AD1387FB3635F7347677CF9BEECFB356.d.F4E6ECE6AD6CED7A7007CA59B2CA13DF.e.12802/enabled - {}
COMMAND: GET /session/d65bb1f3e2f9080c12776954838ef114/screenshot - {}
RESULT: {}
COMMAND: POST /session/d65bb1f3e2f9080c12776954838ef114/element/f.AD1387FB3635F7347677CF9BEECFB356.d.F4E6ECE6AD6CED7A7007CA59B2CA13DF.e.12802/click - {}
COMMAND: GET /session/d65bb1f3e2f9080c12776954838ef114/screenshot - {}
RESULT: {}
RESULT: {}
COMMAND: GET /session/d65bb1f3e2f9080c12776954838ef114/screenshot - {}
RESULT: {}
RESULT: {}
COMMAND: POST /session/d65bb1f3e2f9080c12776954838ef114/element/f.AD1387FB3635F7347677CF9BEECFB356.d.F4E6ECE6AD6CED7A7007CA59B2CA13DF.e.12802/clear - {}
RESULT: {}
COMMAND: POST /session/d65bb1f3e2f9080c12776954838ef114/element/f.AD1387FB3635F7347677CF9BEECFB356.d.F4E6ECE6AD6CED7A7007CA59B2CA13DF.e.12802/value - {"text":"10487"}
COMMAND: GET /session/d65bb1f3e2f9080c12776954838ef114/screenshot - {}
RESULT: {"text":"10487"}
COMMAND: POST /session/d65bb1f3e2f9080c12776954838ef114/actions - {"actions":[{"id":"action42","type":"key","parameters":{},"actions":[{"type":"keyDown","value":"î€‡"},{"type":"pause","duration":10},{"type":"keyUp","value":"î€‡"}]}]}
COMMAND: GET /session/d65bb1f3e2f9080c12776954838ef114/screenshot - {}
RESULT: {}
RESULT: {"actions":[{"id":"action42","type":"key","parameters":{},"actions":[{"type":"keyDown","value":"î€‡"},{"type":"pause","duration":10},{"type":"keyUp","value":"î€‡"}]}]}
RESULT: {}
COMMAND: GET /session/d65bb1f3e2f9080c12776954838ef114/screenshot - {}
RESULT: {}
COMMAND: POST /session/d65bb1f3e2f9080c12776954838ef114/element - {"using":"xpath","value":"//span[contains(@id ,\"application-billingtransfer-display-component---billingWorkbench--smartTableBillingRuns-header-inner\")]"}
RESULT: {"using":"xpath","value":"//span[contains(@id ,\"application-billingtransfer-display-component---billingWorkbench--smartTableBillingRuns-header-inner\")]"}
COMMAND: POST /session/d65bb1f3e2f9080c12776954838ef114/elements - {"using":"xpath","value":"//span[contains(@id ,\"application-billingtransfer-display-component---billingWorkbench--smartTableBillingRuns-header-inner\")]"}
RESULT: {"using":"xpath","value":"//span[contains(@id ,\"application-billingtransfer-display-component---billingWorkbench--smartTableBillingRuns-header-inner\")]"}
COMMAND: POST /session/d65bb1f3e2f9080c12776954838ef114/execute/sync - {"script":"<script> [56 bytes]","args":[{"element-6066-11e4-a52e-4f735466cecf":"f.AD1387FB3635F7347677CF9BEECFB356.d.F4E6ECE6AD6CED7A7007CA59B2CA13DF.e.12972","ELEMENT":"f.AD1387FB3635F7347677CF9BEECFB356.d.F4E6ECE6AD6CED7A7007CA59B2CA13DF.e.12972"}]}
RESULT: {"script":"<script> [56 bytes]","args":[{"element-6066-11e4-a52e-4f735466cecf":"f.AD1387FB3635F7347677CF9BEECFB356.d.F4E6ECE6AD6CED7A7007CA59B2CA13DF.e.12972","ELEMENT":"f.AD1387FB3635F7347677CF9BEECFB356.d.F4E6ECE6AD6CED7A7007CA59B2CA13DF.e.12972"}]}
COMMAND: POST /session/d65bb1f3e2f9080c12776954838ef114/element - {"using":"xpath","value":"//td[@aria-colindex=\"1\"]/div/div[contains(@class, \"sapMCbBg\")]"}
COMMAND: GET /session/d65bb1f3e2f9080c12776954838ef114/screenshot - {}
RESULT: {"using":"xpath","value":"//td[@aria-colindex=\"1\"]/div/div[contains(@class, \"sapMCbBg\")]"}
COMMAND: POST /session/d65bb1f3e2f9080c12776954838ef114/element/f.AD1387FB3635F7347677CF9BEECFB356.d.F4E6ECE6AD6CED7A7007CA59B2CA13DF.e.12963/click - {}
RESULT: {}
RESULT: {}
COMMAND: GET /session/d65bb1f3e2f9080c12776954838ef114/screenshot - {}
RESULT: {}
COMMAND: POST /session/d65bb1f3e2f9080c12776954838ef114/element - {"using":"xpath","value":"//bdi[contains(text(), \"Check\")]"}
RESULT: {"using":"xpath","value":"//bdi[contains(text(), \"Check\")]"}
COMMAND: POST /session/d65bb1f3e2f9080c12776954838ef114/element/f.AD1387FB3635F7347677CF9BEECFB356.d.F4E6ECE6AD6CED7A7007CA59B2CA13DF.e.12973/click - {}
RESULT: {}
COMMAND: GET /session/d65bb1f3e2f9080c12776954838ef114/screenshot - {}
RESULT: {}
COMMAND: POST /session/d65bb1f3e2f9080c12776954838ef114/element - {"using":"xpath","value":"//bdi[contains(text(), \"OK\")]"}
RESULT: {"using":"xpath","value":"//bdi[contains(text(), \"OK\")]"}
COMMAND: POST /session/d65bb1f3e2f9080c12776954838ef114/element/f.AD1387FB3635F7347677CF9BEECFB356.d.F4E6ECE6AD6CED7A7007CA59B2CA13DF.e.12976/click - {}
RESULT: {}
COMMAND: GET /session/d65bb1f3e2f9080c12776954838ef114/screenshot - {}
RESULT: {}
COMMAND: POST /session/d65bb1f3e2f9080c12776954838ef114/element - {"using":"xpath","value":"(//span[contains(text(), \"CO/SD checked\")]/parent::div/preceding-sibling::div/span)[1]"}
RESULT: {"using":"xpath","value":"(//span[contains(text(), \"CO/SD checked\")]/parent::div/preceding-sibling::div/span)[1]"}
COMMAND: POST /session/d65bb1f3e2f9080c12776954838ef114/element/f.AD1387FB3635F7347677CF9BEECFB356.d.F4E6ECE6AD6CED7A7007CA59B2CA13DF.e.12977/click - {}
RESULT: {}
COMMAND: GET /session/d65bb1f3e2f9080c12776954838ef114/screenshot - {}
RESULT: {}
COMMAND: POST /session/d65bb1f3e2f9080c12776954838ef114/element - {"using":"xpath","value":"//input[contains(@id ,\"application-billingtransfer-display-component---billingWorkbench--smartFilterBar-btnBasicSearch\")]"}
RESULT: {"using":"xpath","value":"//input[contains(@id ,\"application-billingtransfer-display-component---billingWorkbench--smartFilterBar-btnBasicSearch\")]"}
COMMAND: POST /session/d65bb1f3e2f9080c12776954838ef114/elements - {"using":"xpath","value":"//input[contains(@id ,\"application-billingtransfer-display-component---billingWorkbench--smartFilterBar-btnBasicSearch\")]"}
RESULT: {"using":"xpath","value":"//input[contains(@id ,\"application-billingtransfer-display-component---billingWorkbench--smartFilterBar-btnBasicSearch\")]"}
COMMAND: POST /session/d65bb1f3e2f9080c12776954838ef114/execute/sync - {"script":"<script> [8489 bytes]","args":[{"element-6066-11e4-a52e-4f735466cecf":"f.AD1387FB3635F7347677CF9BEECFB356.d.F4E6ECE6AD6CED7A7007CA59B2CA13DF.e.12802","ELEMENT":"f.AD1387FB3635F7347677CF9BEECFB356.d.F4E6ECE6AD6CED7A7007CA59B2CA13DF.e.12802"}]}
RESULT: {"script":"<script> [8489 bytes]","args":[{"element-6066-11e4-a52e-4f735466cecf":"f.AD1387FB3635F7347677CF9BEECFB356.d.F4E6ECE6AD6CED7A7007CA59B2CA13DF.e.12802","ELEMENT":"f.AD1387FB3635F7347677CF9BEECFB356.d.F4E6ECE6AD6CED7A7007CA59B2CA13DF.e.12802"}]}
COMMAND: GET /session/d65bb1f3e2f9080c12776954838ef114/element/f.AD1387FB3635F7347677CF9BEECFB356.d.F4E6ECE6AD6CED7A7007CA59B2CA13DF.e.12802/enabled - {}
COMMAND: GET /session/d65bb1f3e2f9080c12776954838ef114/screenshot - {}
RESULT: {}
COMMAND: POST /session/d65bb1f3e2f9080c12776954838ef114/element/f.AD1387FB3635F7347677CF9BEECFB356.d.F4E6ECE6AD6CED7A7007CA59B2CA13DF.e.12802/click - {}
COMMAND: GET /session/d65bb1f3e2f9080c12776954838ef114/screenshot - {}
RESULT: {}
RESULT: {}
COMMAND: GET /session/d65bb1f3e2f9080c12776954838ef114/screenshot - {}
RESULT: {}
RESULT: {}
COMMAND: POST /session/d65bb1f3e2f9080c12776954838ef114/element/f.AD1387FB3635F7347677CF9BEECFB356.d.F4E6ECE6AD6CED7A7007CA59B2CA13DF.e.12802/clear - {}
RESULT: {}
COMMAND: POST /session/d65bb1f3e2f9080c12776954838ef114/element/f.AD1387FB3635F7347677CF9BEECFB356.d.F4E6ECE6AD6CED7A7007CA59B2CA13DF.e.12802/value - {"text":"10487"}
COMMAND: GET /session/d65bb1f3e2f9080c12776954838ef114/screenshot - {}
RESULT: {"text":"10487"}
COMMAND: POST /session/d65bb1f3e2f9080c12776954838ef114/actions - {"actions":[{"id":"action43","type":"key","parameters":{},"actions":[{"type":"keyDown","value":"î€‡"},{"type":"pause","duration":10},{"type":"keyUp","value":"î€‡"}]}]}
COMMAND: GET /session/d65bb1f3e2f9080c12776954838ef114/screenshot - {}
RESULT: {}
RESULT: {"actions":[{"id":"action43","type":"key","parameters":{},"actions":[{"type":"keyDown","value":"î€‡"},{"type":"pause","duration":10},{"type":"keyUp","value":"î€‡"}]}]}
COMMAND: GET /session/d65bb1f3e2f9080c12776954838ef114/screenshot - {}
RESULT: {}
RESULT: {}
COMMAND: POST /session/d65bb1f3e2f9080c12776954838ef114/element - {"using":"xpath","value":"//span[contains(@id ,\"application-billingtransfer-display-component---billingWorkbench--smartTableBillingRuns-header-inner\")]"}
RESULT: {"using":"xpath","value":"//span[contains(@id ,\"application-billingtransfer-display-component---billingWorkbench--smartTableBillingRuns-header-inner\")]"}
COMMAND: POST /session/d65bb1f3e2f9080c12776954838ef114/elements - {"using":"xpath","value":"//span[contains(@id ,\"application-billingtransfer-display-component---billingWorkbench--smartTableBillingRuns-header-inner\")]"}
RESULT: {"using":"xpath","value":"//span[contains(@id ,\"application-billingtransfer-display-component---billingWorkbench--smartTableBillingRuns-header-inner\")]"}
COMMAND: POST /session/d65bb1f3e2f9080c12776954838ef114/execute/sync - {"script":"<script> [56 bytes]","args":[{"element-6066-11e4-a52e-4f735466cecf":"f.AD1387FB3635F7347677CF9BEECFB356.d.F4E6ECE6AD6CED7A7007CA59B2CA13DF.e.12972","ELEMENT":"f.AD1387FB3635F7347677CF9BEECFB356.d.F4E6ECE6AD6CED7A7007CA59B2CA13DF.e.12972"}]}
RESULT: {"script":"<script> [56 bytes]","args":[{"element-6066-11e4-a52e-4f735466cecf":"f.AD1387FB3635F7347677CF9BEECFB356.d.F4E6ECE6AD6CED7A7007CA59B2CA13DF.e.12972","ELEMENT":"f.AD1387FB3635F7347677CF9BEECFB356.d.F4E6ECE6AD6CED7A7007CA59B2CA13DF.e.12972"}]}
COMMAND: POST /session/d65bb1f3e2f9080c12776954838ef114/element - {"using":"xpath","value":"//td[@aria-colindex=\"1\"]/div/div[contains(@class, \"sapMCbBg\")]"}
COMMAND: GET /session/d65bb1f3e2f9080c12776954838ef114/screenshot - {}
RESULT: {"using":"xpath","value":"//td[@aria-colindex=\"1\"]/div/div[contains(@class, \"sapMCbBg\")]"}
COMMAND: POST /session/d65bb1f3e2f9080c12776954838ef114/element/f.AD1387FB3635F7347677CF9BEECFB356.d.F4E6ECE6AD6CED7A7007CA59B2CA13DF.e.12982/click - {}
RESULT: {}
RESULT: {}
COMMAND: GET /session/d65bb1f3e2f9080c12776954838ef114/screenshot - {}
RESULT: {}
COMMAND: POST /session/d65bb1f3e2f9080c12776954838ef114/element - {"using":"xpath","value":"//bdi[text()=\"Transfer\"]"}
RESULT: {"using":"xpath","value":"//bdi[text()=\"Transfer\"]"}
COMMAND: POST /session/d65bb1f3e2f9080c12776954838ef114/element/f.AD1387FB3635F7347677CF9BEECFB356.d.F4E6ECE6AD6CED7A7007CA59B2CA13DF.e.12983/click - {}
RESULT: {}
COMMAND: GET /session/d65bb1f3e2f9080c12776954838ef114/screenshot - {}
RESULT: {}
COMMAND: POST /session/d65bb1f3e2f9080c12776954838ef114/element - {"using":"xpath","value":"//bdi[contains(text(), \"OK\")]"}
RESULT: {"using":"xpath","value":"//bdi[contains(text(), \"OK\")]"}
COMMAND: POST /session/d65bb1f3e2f9080c12776954838ef114/element/f.AD1387FB3635F7347677CF9BEECFB356.d.F4E6ECE6AD6CED7A7007CA59B2CA13DF.e.12986/click - {}
RESULT: {}
COMMAND: GET /session/d65bb1f3e2f9080c12776954838ef114/screenshot - {}
RESULT: {}
COMMAND: POST /session/d65bb1f3e2f9080c12776954838ef114/element - {"using":"xpath","value":"(//span[contains(text(), \"Completed\")]/parent::div/preceding-sibling::div/span)[1]"}
RESULT: {"using":"xpath","value":"(//span[contains(text(), \"Completed\")]/parent::div/preceding-sibling::div/span)[1]"}
COMMAND: POST /session/d65bb1f3e2f9080c12776954838ef114/element/f.AD1387FB3635F7347677CF9BEECFB356.d.F4E6ECE6AD6CED7A7007CA59B2CA13DF.e.12994/click - {}
RESULT: {}
COMMAND: POST /session/d65bb1f3e2f9080c12776954838ef114/element - {"using":"xpath","value":"//input[contains(@id ,\"application-billingtransfer-display-component---billingWorkbench--smartFilterBar-btnBasicSearch\")]"}
COMMAND: GET /session/d65bb1f3e2f9080c12776954838ef114/screenshot - {}
RESULT: {"using":"xpath","value":"//input[contains(@id ,\"application-billingtransfer-display-component---billingWorkbench--smartFilterBar-btnBasicSearch\")]"}
COMMAND: POST /session/d65bb1f3e2f9080c12776954838ef114/elements - {"using":"xpath","value":"//input[contains(@id ,\"application-billingtransfer-display-component---billingWorkbench--smartFilterBar-btnBasicSearch\")]"}
RESULT: {}
RESULT: {"using":"xpath","value":"//input[contains(@id ,\"application-billingtransfer-display-component---billingWorkbench--smartFilterBar-btnBasicSearch\")]"}
COMMAND: POST /session/d65bb1f3e2f9080c12776954838ef114/execute/sync - {"script":"<script> [8489 bytes]","args":[{"element-6066-11e4-a52e-4f735466cecf":"f.AD1387FB3635F7347677CF9BEECFB356.d.F4E6ECE6AD6CED7A7007CA59B2CA13DF.e.12802","ELEMENT":"f.AD1387FB3635F7347677CF9BEECFB356.d.F4E6ECE6AD6CED7A7007CA59B2CA13DF.e.12802"}]}
RESULT: {"script":"<script> [8489 bytes]","args":[{"element-6066-11e4-a52e-4f735466cecf":"f.AD1387FB3635F7347677CF9BEECFB356.d.F4E6ECE6AD6CED7A7007CA59B2CA13DF.e.12802","ELEMENT":"f.AD1387FB3635F7347677CF9BEECFB356.d.F4E6ECE6AD6CED7A7007CA59B2CA13DF.e.12802"}]}
COMMAND: GET /session/d65bb1f3e2f9080c12776954838ef114/element/f.AD1387FB3635F7347677CF9BEECFB356.d.F4E6ECE6AD6CED7A7007CA59B2CA13DF.e.12802/enabled - {}
COMMAND: GET /session/d65bb1f3e2f9080c12776954838ef114/screenshot - {}
RESULT: {}
COMMAND: POST /session/d65bb1f3e2f9080c12776954838ef114/element/f.AD1387FB3635F7347677CF9BEECFB356.d.F4E6ECE6AD6CED7A7007CA59B2CA13DF.e.12802/click - {}
COMMAND: GET /session/d65bb1f3e2f9080c12776954838ef114/screenshot - {}
RESULT: {}
RESULT: {}
COMMAND: GET /session/d65bb1f3e2f9080c12776954838ef114/screenshot - {}
RESULT: {}
RESULT: {}
COMMAND: POST /session/d65bb1f3e2f9080c12776954838ef114/element/f.AD1387FB3635F7347677CF9BEECFB356.d.F4E6ECE6AD6CED7A7007CA59B2CA13DF.e.12802/clear - {}
RESULT: {}
COMMAND: POST /session/d65bb1f3e2f9080c12776954838ef114/element/f.AD1387FB3635F7347677CF9BEECFB356.d.F4E6ECE6AD6CED7A7007CA59B2CA13DF.e.12802/value - {"text":"10487"}
COMMAND: GET /session/d65bb1f3e2f9080c12776954838ef114/screenshot - {}
RESULT: {"text":"10487"}
COMMAND: POST /session/d65bb1f3e2f9080c12776954838ef114/actions - {"actions":[{"id":"action44","type":"key","parameters":{},"actions":[{"type":"keyDown","value":"î€‡"},{"type":"pause","duration":10},{"type":"keyUp","value":"î€‡"}]}]}
COMMAND: GET /session/d65bb1f3e2f9080c12776954838ef114/screenshot - {}
RESULT: {}
RESULT: {"actions":[{"id":"action44","type":"key","parameters":{},"actions":[{"type":"keyDown","value":"î€‡"},{"type":"pause","duration":10},{"type":"keyUp","value":"î€‡"}]}]}
COMMAND: GET /session/d65bb1f3e2f9080c12776954838ef114/screenshot - {}
RESULT: {}
RESULT: {}
COMMAND: POST /session/d65bb1f3e2f9080c12776954838ef114/element - {"using":"xpath","value":"//span[contains(@id ,\"application-billingtransfer-display-component---billingWorkbench--smartTableBillingRuns-header-inner\")]"}
RESULT: {"using":"xpath","value":"//span[contains(@id ,\"application-billingtransfer-display-component---billingWorkbench--smartTableBillingRuns-header-inner\")]"}
COMMAND: POST /session/d65bb1f3e2f9080c12776954838ef114/elements - {"using":"xpath","value":"//span[contains(@id ,\"application-billingtransfer-display-component---billingWorkbench--smartTableBillingRuns-header-inner\")]"}
RESULT: {"using":"xpath","value":"//span[contains(@id ,\"application-billingtransfer-display-component---billingWorkbench--smartTableBillingRuns-header-inner\")]"}
COMMAND: POST /session/d65bb1f3e2f9080c12776954838ef114/execute/sync - {"script":"<script> [56 bytes]","args":[{"element-6066-11e4-a52e-4f735466cecf":"f.AD1387FB3635F7347677CF9BEECFB356.d.F4E6ECE6AD6CED7A7007CA59B2CA13DF.e.12972","ELEMENT":"f.AD1387FB3635F7347677CF9BEECFB356.d.F4E6ECE6AD6CED7A7007CA59B2CA13DF.e.12972"}]}
RESULT: {"script":"<script> [56 bytes]","args":[{"element-6066-11e4-a52e-4f735466cecf":"f.AD1387FB3635F7347677CF9BEECFB356.d.F4E6ECE6AD6CED7A7007CA59B2CA13DF.e.12972","ELEMENT":"f.AD1387FB3635F7347677CF9BEECFB356.d.F4E6ECE6AD6CED7A7007CA59B2CA13DF.e.12972"}]}
COMMAND: POST /session/d65bb1f3e2f9080c12776954838ef114/element - {"using":"css selector","value":"#shell-header-logo"}
COMMAND: GET /session/d65bb1f3e2f9080c12776954838ef114/screenshot - {}
RESULT: {"using":"css selector","value":"#shell-header-logo"}
COMMAND: POST /session/d65bb1f3e2f9080c12776954838ef114/element/f.AD1387FB3635F7347677CF9BEECFB356.d.F4E6ECE6AD6CED7A7007CA59B2CA13DF.e.12800/click - {}
RESULT: {}
RESULT: {}
COMMAND: GET /session/d65bb1f3e2f9080c12776954838ef114/screenshot - {}
RESULT: {}
COMMAND: POST /session/d65bb1f3e2f9080c12776954838ef114/element - {"using":"css selector","value":"#j_username"}
COMMAND: POST /session/d65bb1f3e2f9080c12776954838ef114/url - {"url":"https://qa-testing-00-live-etm-ui.cfapps.eu10-004.hana.ondemand.com/"}
RESULT: {"using":"css selector","value":"#j_username"}
COMMAND: POST /session/d65bb1f3e2f9080c12776954838ef114/element - {"using":"css selector","value":"#j_username"}
RESULT: {"url":"https://qa-testing-00-live-etm-ui.cfapps.eu10-004.hana.ondemand.com/"}
RESULT: undefined
COMMAND: GET /session/d65bb1f3e2f9080c12776954838ef114/screenshot - {}
RESULT: {"using":"css selector","value":"#j_username"}
COMMAND: POST /session/d65bb1f3e2f9080c12776954838ef114/element - {"using":"css selector","value":"#shell-header-logo"}
RESULT: {}
RESULT: {"using":"css selector","value":"#shell-header-logo"}
COMMAND: POST /session/d65bb1f3e2f9080c12776954838ef114/execute/sync - {"script":"<script> [8489 bytes]","args":[{"element-6066-11e4-a52e-4f735466cecf":"f.AD1387FB3635F7347677CF9BEECFB356.d.713844998ED6FEF4199662F9C76D087B.e.13015","ELEMENT":"f.AD1387FB3635F7347677CF9BEECFB356.d.713844998ED6FEF4199662F9C76D087B.e.13015"}]}
RESULT: {"script":"<script> [8489 bytes]","args":[{"element-6066-11e4-a52e-4f735466cecf":"f.AD1387FB3635F7347677CF9BEECFB356.d.713844998ED6FEF4199662F9C76D087B.e.13015","ELEMENT":"f.AD1387FB3635F7347677CF9BEECFB356.d.713844998ED6FEF4199662F9C76D087B.e.13015"}]}
COMMAND: POST /session/d65bb1f3e2f9080c12776954838ef114/element - {"using":"css selector","value":"#shell-header-logo"}
COMMAND: GET /session/d65bb1f3e2f9080c12776954838ef114/screenshot - {}
RESULT: {"using":"css selector","value":"#shell-header-logo"}
COMMAND: POST /session/d65bb1f3e2f9080c12776954838ef114/execute/sync - {"script":"<script> [8489 bytes]","args":[{"element-6066-11e4-a52e-4f735466cecf":"f.AD1387FB3635F7347677CF9BEECFB356.d.713844998ED6FEF4199662F9C76D087B.e.13015","ELEMENT":"f.AD1387FB3635F7347677CF9BEECFB356.d.713844998ED6FEF4199662F9C76D087B.e.13015"}]}
RESULT: {}
RESULT: {"script":"<script> [8489 bytes]","args":[{"element-6066-11e4-a52e-4f735466cecf":"f.AD1387FB3635F7347677CF9BEECFB356.d.713844998ED6FEF4199662F9C76D087B.e.13015","ELEMENT":"f.AD1387FB3635F7347677CF9BEECFB356.d.713844998ED6FEF4199662F9C76D087B.e.13015"}]}
COMMAND: POST /session/d65bb1f3e2f9080c12776954838ef114/execute/sync - {"script":"<script> [5351 bytes]","args":[{"element-6066-11e4-a52e-4f735466cecf":"f.AD1387FB3635F7347677CF9BEECFB356.d.713844998ED6FEF4199662F9C76D087B.e.13015","ELEMENT":"f.AD1387FB3635F7347677CF9BEECFB356.d.713844998ED6FEF4199662F9C76D087B.e.13015"}]}
COMMAND: GET /session/d65bb1f3e2f9080c12776954838ef114/screenshot - {}
RESULT: {"script":"<script> [5351 bytes]","args":[{"element-6066-11e4-a52e-4f735466cecf":"f.AD1387FB3635F7347677CF9BEECFB356.d.713844998ED6FEF4199662F9C76D087B.e.13015","ELEMENT":"f.AD1387FB3635F7347677CF9BEECFB356.d.713844998ED6FEF4199662F9C76D087B.e.13015"}]}
COMMAND: POST /session/d65bb1f3e2f9080c12776954838ef114/element - {"using":"css selector","value":"#shell-header-logo"}
COMMAND: GET /session/d65bb1f3e2f9080c12776954838ef114/screenshot - {}
RESULT: {}
RESULT: {"using":"css selector","value":"#shell-header-logo"}
COMMAND: POST /session/d65bb1f3e2f9080c12776954838ef114/element/f.AD1387FB3635F7347677CF9BEECFB356.d.713844998ED6FEF4199662F9C76D087B.e.13015/click - {}
RESULT: {}
RESULT: {}
COMMAND: GET /session/d65bb1f3e2f9080c12776954838ef114/screenshot - {}
RESULT: {}
COMMAND: POST /session/d65bb1f3e2f9080c12776954838ef114/execute/async - {"script":"<script> [189 bytes]","args":[]}
RESULT: {"script":"<script> [189 bytes]","args":[]}
COMMAND: POST /session/d65bb1f3e2f9080c12776954838ef114/execute/async - {"script":"<script> [123 bytes]","args":[]}
RESULT: {"script":"<script> [123 bytes]","args":[]}
COMMAND: POST /session/d65bb1f3e2f9080c12776954838ef114/timeouts - {"script":"<number>"}
RESULT: {"script":"<number>"}
COMMAND: GET /session/d65bb1f3e2f9080c12776954838ef114/timeouts - {}
RESULT: {}
RESULT: undefined
COMMAND: POST /session/d65bb1f3e2f9080c12776954838ef114/execute/async - {"script":"<script> [2676 bytes]","args":[]}
RESULT: {"script":"<script> [2676 bytes]","args":[]}
COMMAND: POST /session/d65bb1f3e2f9080c12776954838ef114/execute/async - {"script":"<script> [2342 bytes]","args":[{"protocol":"http","hostname":"0.0.0.0","path":"/","capabilities":{"browserName":"chrome","goog:chromeOptions":{"binary":"C:\\Program Files\\Google\\Chrome\\Application\\chrome.exe","args":["--start-maximized"]}},"logLevel":"warn","connectionRetryTimeout":120000,"connectionRetryCount":3,"logLevels":{},"enableDirectConnect":true,"strictSSL":true,"_":"65 more keys: [\"cacheDir\",\"port\",\"requestedCapabilities\",\"automationProtocol\",\"baseUrl\",\"waitforInterval\",\"waitforTimeout\",\"onReload\",\"beforeCommand\",\"afterCommand\",\"rootDir\",\"specs\",\"suites\",\"exclude\",\"groupLogsByTestSpec\",\"excludeDriverLogs\",\"bail\",\"framework\",\"reporters\",\"services\",\"maxInstances\",\"maxInstancesPerCapability\",\"injectGlobals\",\"filesToWatch\",\"execArgv\",\"runnerEnv\",\"runner\",\"shard\",\"specFileRetries\",\"specFileRetriesDelay\",\"specFileRetriesDeferred\",\"reporterSyncInterval\",\"reporterSyncTimeout\",\"cucumberFeaturesWithLineNumbers\",\"autoCompileOpts\",\"mochaOpts\",\"jasmineOpts\",\"cucumberOpts\",\"onPrepare\",\"onWorkerStart\",\"onWorkerEnd\",\"before\",\"beforeSession\",\"beforeSuite\",\"beforeHook\",\"beforeTest\",\"afterTest\",\"afterHook\",\"afterSuite\",\"afterSession\",\"after\",\"onComplete\",\"beforeAssertion\",\"afterAssertion\",\"beforeFeature\",\"beforeScenario\",\"beforeStep\",\"afterStep\",\"afterScenario\",\"afterFeature\",\"_\",\"suite\",\"$0\",\"ignoredWorkerServices\",\"wdi5\"]"}]}
RESULT: {"script":"<script> [2342 bytes]","args":[{"protocol":"http","hostname":"0.0.0.0","path":"/","capabilities":{"browserName":"chrome","goog:chromeOptions":{"binary":"C:\\Program Files\\Google\\Chrome\\Application\\chrome.exe","args":["--start-maximized"]}},"logLevel":"warn","connectionRetryTimeout":120000,"connectionRetryCount":3,"logLevels":{},"enableDirectConnect":true,"strictSSL":true,"_":"65 more keys: [\"cacheDir\",\"port\",\"requestedCapabilities\",\"automationProtocol\",\"baseUrl\",\"waitforInterval\",\"waitforTimeout\",\"onReload\",\"beforeCommand\",\"afterCommand\",\"rootDir\",\"specs\",\"suites\",\"exclude\",\"groupLogsByTestSpec\",\"excludeDriverLogs\",\"bail\",\"framework\",\"reporters\",\"services\",\"maxInstances\",\"maxInstancesPerCapability\",\"injectGlobals\",\"filesToWatch\",\"execArgv\",\"runnerEnv\",\"runner\",\"shard\",\"specFileRetries\",\"specFileRetriesDelay\",\"specFileRetriesDeferred\",\"reporterSyncInterval\",\"reporterSyncTimeout\",\"cucumberFeaturesWithLineNumbers\",\"autoCompileOpts\",\"mochaOpts\",\"jasmineOpts\",\"cucumberOpts\",\"onPrepare\",\"onWorkerStart\",\"onWorkerEnd\",\"before\",\"beforeSession\",\"beforeSuite\",\"beforeHook\",\"beforeTest\",\"afterTest\",\"afterHook\",\"afterSuite\",\"afterSession\",\"after\",\"onComplete\",\"beforeAssertion\",\"afterAssertion\",\"beforeFeature\",\"beforeScenario\",\"beforeStep\",\"afterStep\",\"afterScenario\",\"afterFeature\",\"_\",\"suite\",\"$0\",\"ignoredWorkerServices\",\"wdi5\"]"}]}
COMMAND: POST /session/d65bb1f3e2f9080c12776954838ef114/execute/async - {"script":"<script> [21126 bytes]","args":[35000]}
RESULT: {"script":"<script> [21126 bytes]","args":[35000]}
COMMAND: POST /session/d65bb1f3e2f9080c12776954838ef114/window/maximize - {}
RESULT: {}
COMMAND: POST /session/d65bb1f3e2f9080c12776954838ef114/execute/async - {"script":"<script> [1562 bytes]","args":[{"selector":{"id":"shell-header","interaction":{"idSuffix":"icon"}},"wdio_ui5_key":"shellheader"}]}
COMMAND: GET /session/d65bb1f3e2f9080c12776954838ef114/screenshot - {}
RESULT: {"script":"<script> [1562 bytes]","args":[{"selector":{"id":"shell-header","interaction":{"idSuffix":"icon"}},"wdio_ui5_key":"shellheader"}]}
RESULT: undefined
COMMAND: POST /session/d65bb1f3e2f9080c12776954838ef114/refresh - {}
RESULT: {}
RESULT: {}
COMMAND: GET /session/d65bb1f3e2f9080c12776954838ef114/screenshot - {}
RESULT: {}
COMMAND: POST /session/d65bb1f3e2f9080c12776954838ef114/refresh - {}
RESULT: {}
COMMAND: GET /session/d65bb1f3e2f9080c12776954838ef114/screenshot - {}
RESULT: {}
COMMAND: POST /session/d65bb1f3e2f9080c12776954838ef114/window/fullscreen - {}
RESULT: {}
COMMAND: POST /session/d65bb1f3e2f9080c12776954838ef114/execute/async - {"script":"<script> [189 bytes]","args":[]}
RESULT: {"script":"<script> [189 bytes]","args":[]}
COMMAND: POST /session/d65bb1f3e2f9080c12776954838ef114/execute/async - {"script":"<script> [123 bytes]","args":[]}
RESULT: {"script":"<script> [123 bytes]","args":[]}
COMMAND: POST /session/d65bb1f3e2f9080c12776954838ef114/timeouts - {"script":"<number>"}
RESULT: {"script":"<number>"}
COMMAND: GET /session/d65bb1f3e2f9080c12776954838ef114/timeouts - {}
RESULT: {}
RESULT: undefined
COMMAND: POST /session/d65bb1f3e2f9080c12776954838ef114/execute/async - {"script":"<script> [2676 bytes]","args":[]}
RESULT: {"script":"<script> [2676 bytes]","args":[]}
COMMAND: POST /session/d65bb1f3e2f9080c12776954838ef114/execute/async - {"script":"<script> [2342 bytes]","args":[{"protocol":"http","hostname":"0.0.0.0","path":"/","capabilities":{"browserName":"chrome","goog:chromeOptions":{"binary":"C:\\Program Files\\Google\\Chrome\\Application\\chrome.exe","args":["--start-maximized"]}},"logLevel":"warn","connectionRetryTimeout":120000,"connectionRetryCount":3,"logLevels":{},"enableDirectConnect":true,"strictSSL":true,"_":"65 more keys: [\"cacheDir\",\"port\",\"requestedCapabilities\",\"automationProtocol\",\"baseUrl\",\"waitforInterval\",\"waitforTimeout\",\"onReload\",\"beforeCommand\",\"afterCommand\",\"rootDir\",\"specs\",\"suites\",\"exclude\",\"groupLogsByTestSpec\",\"excludeDriverLogs\",\"bail\",\"framework\",\"reporters\",\"services\",\"maxInstances\",\"maxInstancesPerCapability\",\"injectGlobals\",\"filesToWatch\",\"execArgv\",\"runnerEnv\",\"runner\",\"shard\",\"specFileRetries\",\"specFileRetriesDelay\",\"specFileRetriesDeferred\",\"reporterSyncInterval\",\"reporterSyncTimeout\",\"cucumberFeaturesWithLineNumbers\",\"autoCompileOpts\",\"mochaOpts\",\"jasmineOpts\",\"cucumberOpts\",\"onPrepare\",\"onWorkerStart\",\"onWorkerEnd\",\"before\",\"beforeSession\",\"beforeSuite\",\"beforeHook\",\"beforeTest\",\"afterTest\",\"afterHook\",\"afterSuite\",\"afterSession\",\"after\",\"onComplete\",\"beforeAssertion\",\"afterAssertion\",\"beforeFeature\",\"beforeScenario\",\"beforeStep\",\"afterStep\",\"afterScenario\",\"afterFeature\",\"_\",\"suite\",\"$0\",\"ignoredWorkerServices\",\"wdi5\"]"}]}
RESULT: {"script":"<script> [2342 bytes]","args":[{"protocol":"http","hostname":"0.0.0.0","path":"/","capabilities":{"browserName":"chrome","goog:chromeOptions":{"binary":"C:\\Program Files\\Google\\Chrome\\Application\\chrome.exe","args":["--start-maximized"]}},"logLevel":"warn","connectionRetryTimeout":120000,"connectionRetryCount":3,"logLevels":{},"enableDirectConnect":true,"strictSSL":true,"_":"65 more keys: [\"cacheDir\",\"port\",\"requestedCapabilities\",\"automationProtocol\",\"baseUrl\",\"waitforInterval\",\"waitforTimeout\",\"onReload\",\"beforeCommand\",\"afterCommand\",\"rootDir\",\"specs\",\"suites\",\"exclude\",\"groupLogsByTestSpec\",\"excludeDriverLogs\",\"bail\",\"framework\",\"reporters\",\"services\",\"maxInstances\",\"maxInstancesPerCapability\",\"injectGlobals\",\"filesToWatch\",\"execArgv\",\"runnerEnv\",\"runner\",\"shard\",\"specFileRetries\",\"specFileRetriesDelay\",\"specFileRetriesDeferred\",\"reporterSyncInterval\",\"reporterSyncTimeout\",\"cucumberFeaturesWithLineNumbers\",\"autoCompileOpts\",\"mochaOpts\",\"jasmineOpts\",\"cucumberOpts\",\"onPrepare\",\"onWorkerStart\",\"onWorkerEnd\",\"before\",\"beforeSession\",\"beforeSuite\",\"beforeHook\",\"beforeTest\",\"afterTest\",\"afterHook\",\"afterSuite\",\"afterSession\",\"after\",\"onComplete\",\"beforeAssertion\",\"afterAssertion\",\"beforeFeature\",\"beforeScenario\",\"beforeStep\",\"afterStep\",\"afterScenario\",\"afterFeature\",\"_\",\"suite\",\"$0\",\"ignoredWorkerServices\",\"wdi5\"]"}]}
COMMAND: POST /session/d65bb1f3e2f9080c12776954838ef114/execute/async - {"script":"<script> [21126 bytes]","args":[35000]}
RESULT: {"script":"<script> [21126 bytes]","args":[35000]}
]]></system-out>
    </testcase>
  </testsuite>
  <testsuite timestamp="2025-05-03T17:54:21" time="726.409" tests="12" failures="0" errors="0" skipped="0">
    <properties>
      <property name="specId" value="0" />
      <property name="suiteName" value="Billing transfer US117289" />
      <property name="capabilities" value="chrome.135_0_7049_96.windows" />
      <property name="file" value="file:///D:/a/1/s/test/specs/BTS/billing-transfer.spec.js" />
    </properties>
    <testcase classname="chrome.135_0_7049_96.windows.Billing_transfer_US117289" name="Should create a new yard" time="0.031">
      <system-out><![CDATA[
COMMAND: POST /session/d65bb1f3e2f9080c12776954838ef114/window/fullscreen - {}
RESULT: {}
]]></system-out>
    </testcase>
    <testcase classname="chrome.135_0_7049_96.windows.Billing_transfer_US117289" name="Should create a new partner" time="0.005" />
    <testcase classname="chrome.135_0_7049_96.windows.Billing_transfer_US117289" name="Should create a new site" time="0.006" />
    <testcase classname="chrome.135_0_7049_96.windows.Billing_transfer_US117289" name="Should create a new equipment" time="136.022">
      <system-out><![CDATA[
COMMAND: POST /session/d65bb1f3e2f9080c12776954838ef114/execute/async - {"script":"<script> [1562 bytes]","args":[{"selector":{"controlType":"sap.m.GenericTile","properties":{"header":"Manage Resources"}},"wdio_ui5_key":"sapm.GenericTile{\"header\":\"Manage Resources\"}"}]}
RESULT: {"script":"<script> [1562 bytes]","args":[{"selector":{"controlType":"sap.m.GenericTile","properties":{"header":"Manage Resources"}},"wdio_ui5_key":"sapm.GenericTile{\"header\":\"Manage Resources\"}"}]}
RESULT: undefined
COMMAND: POST /session/d65bb1f3e2f9080c12776954838ef114/element - {"using":"xpath","value":"//*[@id=\"__tile39\"]"}
RESULT: {"using":"xpath","value":"//*[@id=\"__tile39\"]"}
COMMAND: POST /session/d65bb1f3e2f9080c12776954838ef114/element/f.AD1387FB3635F7347677CF9BEECFB356.d.E228139699CA07DB9887D2743C242FA0.e.13159/click - {}
RESULT: {}
COMMAND: POST /session/d65bb1f3e2f9080c12776954838ef114/element - {"using":"xpath","value":"//button[@data-kt=\"addNewRUOverflowToolbarButton\"]"}
COMMAND: GET /session/d65bb1f3e2f9080c12776954838ef114/screenshot - {}
RESULT: {"using":"xpath","value":"//button[@data-kt=\"addNewRUOverflowToolbarButton\"]"}
COMMAND: POST /session/d65bb1f3e2f9080c12776954838ef114/elements - {"using":"xpath","value":"//button[@data-kt=\"addNewRUOverflowToolbarButton\"]"}
RESULT: {}
RESULT: {"using":"xpath","value":"//button[@data-kt=\"addNewRUOverflowToolbarButton\"]"}
COMMAND: POST /session/d65bb1f3e2f9080c12776954838ef114/elements - {"using":"xpath","value":"//button[@data-kt=\"addNewRUOverflowToolbarButton\"]"}
RESULT: {"using":"xpath","value":"//button[@data-kt=\"addNewRUOverflowToolbarButton\"]"}
COMMAND: POST /session/d65bb1f3e2f9080c12776954838ef114/elements - {"using":"xpath","value":"//button[@data-kt=\"addNewRUOverflowToolbarButton\"]"}
RESULT: {"using":"xpath","value":"//button[@data-kt=\"addNewRUOverflowToolbarButton\"]"}
COMMAND: POST /session/d65bb1f3e2f9080c12776954838ef114/elements - {"using":"xpath","value":"//button[@data-kt=\"addNewRUOverflowToolbarButton\"]"}
RESULT: {"using":"xpath","value":"//button[@data-kt=\"addNewRUOverflowToolbarButton\"]"}
COMMAND: POST /session/d65bb1f3e2f9080c12776954838ef114/elements - {"using":"xpath","value":"//button[@data-kt=\"addNewRUOverflowToolbarButton\"]"}
RESULT: {"using":"xpath","value":"//button[@data-kt=\"addNewRUOverflowToolbarButton\"]"}
COMMAND: POST /session/d65bb1f3e2f9080c12776954838ef114/elements - {"using":"xpath","value":"//button[@data-kt=\"addNewRUOverflowToolbarButton\"]"}
RESULT: {"using":"xpath","value":"//button[@data-kt=\"addNewRUOverflowToolbarButton\"]"}
COMMAND: POST /session/d65bb1f3e2f9080c12776954838ef114/elements - {"using":"xpath","value":"//button[@data-kt=\"addNewRUOverflowToolbarButton\"]"}
RESULT: {"using":"xpath","value":"//button[@data-kt=\"addNewRUOverflowToolbarButton\"]"}
COMMAND: POST /session/d65bb1f3e2f9080c12776954838ef114/elements - {"using":"xpath","value":"//button[@data-kt=\"addNewRUOverflowToolbarButton\"]"}
RESULT: {"using":"xpath","value":"//button[@data-kt=\"addNewRUOverflowToolbarButton\"]"}
COMMAND: POST /session/d65bb1f3e2f9080c12776954838ef114/elements - {"using":"xpath","value":"//button[@data-kt=\"addNewRUOverflowToolbarButton\"]"}
RESULT: {"using":"xpath","value":"//button[@data-kt=\"addNewRUOverflowToolbarButton\"]"}
COMMAND: POST /session/d65bb1f3e2f9080c12776954838ef114/elements - {"using":"xpath","value":"//button[@data-kt=\"addNewRUOverflowToolbarButton\"]"}
RESULT: {"using":"xpath","value":"//button[@data-kt=\"addNewRUOverflowToolbarButton\"]"}
COMMAND: POST /session/d65bb1f3e2f9080c12776954838ef114/elements - {"using":"xpath","value":"//button[@data-kt=\"addNewRUOverflowToolbarButton\"]"}
RESULT: {"using":"xpath","value":"//button[@data-kt=\"addNewRUOverflowToolbarButton\"]"}
COMMAND: POST /session/d65bb1f3e2f9080c12776954838ef114/elements - {"using":"xpath","value":"//button[@data-kt=\"addNewRUOverflowToolbarButton\"]"}
RESULT: {"using":"xpath","value":"//button[@data-kt=\"addNewRUOverflowToolbarButton\"]"}
COMMAND: POST /session/d65bb1f3e2f9080c12776954838ef114/elements - {"using":"xpath","value":"//button[@data-kt=\"addNewRUOverflowToolbarButton\"]"}
RESULT: {"using":"xpath","value":"//button[@data-kt=\"addNewRUOverflowToolbarButton\"]"}
COMMAND: POST /session/d65bb1f3e2f9080c12776954838ef114/elements - {"using":"xpath","value":"//button[@data-kt=\"addNewRUOverflowToolbarButton\"]"}
RESULT: {"using":"xpath","value":"//button[@data-kt=\"addNewRUOverflowToolbarButton\"]"}
COMMAND: POST /session/d65bb1f3e2f9080c12776954838ef114/elements - {"using":"xpath","value":"//button[@data-kt=\"addNewRUOverflowToolbarButton\"]"}
RESULT: {"using":"xpath","value":"//button[@data-kt=\"addNewRUOverflowToolbarButton\"]"}
COMMAND: POST /session/d65bb1f3e2f9080c12776954838ef114/elements - {"using":"xpath","value":"//button[@data-kt=\"addNewRUOverflowToolbarButton\"]"}
RESULT: {"using":"xpath","value":"//button[@data-kt=\"addNewRUOverflowToolbarButton\"]"}
COMMAND: POST /session/d65bb1f3e2f9080c12776954838ef114/elements - {"using":"xpath","value":"//button[@data-kt=\"addNewRUOverflowToolbarButton\"]"}
RESULT: {"using":"xpath","value":"//button[@data-kt=\"addNewRUOverflowToolbarButton\"]"}
COMMAND: POST /session/d65bb1f3e2f9080c12776954838ef114/elements - {"using":"xpath","value":"//button[@data-kt=\"addNewRUOverflowToolbarButton\"]"}
RESULT: {"using":"xpath","value":"//button[@data-kt=\"addNewRUOverflowToolbarButton\"]"}
COMMAND: POST /session/d65bb1f3e2f9080c12776954838ef114/elements - {"using":"xpath","value":"//button[@data-kt=\"addNewRUOverflowToolbarButton\"]"}
RESULT: {"using":"xpath","value":"//button[@data-kt=\"addNewRUOverflowToolbarButton\"]"}
COMMAND: POST /session/d65bb1f3e2f9080c12776954838ef114/elements - {"using":"xpath","value":"//button[@data-kt=\"addNewRUOverflowToolbarButton\"]"}
RESULT: {"using":"xpath","value":"//button[@data-kt=\"addNewRUOverflowToolbarButton\"]"}
COMMAND: POST /session/d65bb1f3e2f9080c12776954838ef114/elements - {"using":"xpath","value":"//button[@data-kt=\"addNewRUOverflowToolbarButton\"]"}
RESULT: {"using":"xpath","value":"//button[@data-kt=\"addNewRUOverflowToolbarButton\"]"}
COMMAND: POST /session/d65bb1f3e2f9080c12776954838ef114/elements - {"using":"xpath","value":"//button[@data-kt=\"addNewRUOverflowToolbarButton\"]"}
RESULT: {"using":"xpath","value":"//button[@data-kt=\"addNewRUOverflowToolbarButton\"]"}
COMMAND: POST /session/d65bb1f3e2f9080c12776954838ef114/elements - {"using":"xpath","value":"//button[@data-kt=\"addNewRUOverflowToolbarButton\"]"}
RESULT: {"using":"xpath","value":"//button[@data-kt=\"addNewRUOverflowToolbarButton\"]"}
COMMAND: POST /session/d65bb1f3e2f9080c12776954838ef114/elements - {"using":"xpath","value":"//button[@data-kt=\"addNewRUOverflowToolbarButton\"]"}
RESULT: {"using":"xpath","value":"//button[@data-kt=\"addNewRUOverflowToolbarButton\"]"}
COMMAND: POST /session/d65bb1f3e2f9080c12776954838ef114/elements - {"using":"xpath","value":"//button[@data-kt=\"addNewRUOverflowToolbarButton\"]"}
RESULT: {"using":"xpath","value":"//button[@data-kt=\"addNewRUOverflowToolbarButton\"]"}
COMMAND: POST /session/d65bb1f3e2f9080c12776954838ef114/elements - {"using":"xpath","value":"//button[@data-kt=\"addNewRUOverflowToolbarButton\"]"}
RESULT: {"using":"xpath","value":"//button[@data-kt=\"addNewRUOverflowToolbarButton\"]"}
COMMAND: POST /session/d65bb1f3e2f9080c12776954838ef114/elements - {"using":"xpath","value":"//button[@data-kt=\"addNewRUOverflowToolbarButton\"]"}
RESULT: {"using":"xpath","value":"//button[@data-kt=\"addNewRUOverflowToolbarButton\"]"}
COMMAND: POST /session/d65bb1f3e2f9080c12776954838ef114/elements - {"using":"xpath","value":"//button[@data-kt=\"addNewRUOverflowToolbarButton\"]"}
RESULT: {"using":"xpath","value":"//button[@data-kt=\"addNewRUOverflowToolbarButton\"]"}
COMMAND: POST /session/d65bb1f3e2f9080c12776954838ef114/elements - {"using":"xpath","value":"//button[@data-kt=\"addNewRUOverflowToolbarButton\"]"}
RESULT: {"using":"xpath","value":"//button[@data-kt=\"addNewRUOverflowToolbarButton\"]"}
COMMAND: POST /session/d65bb1f3e2f9080c12776954838ef114/elements - {"using":"xpath","value":"//button[@data-kt=\"addNewRUOverflowToolbarButton\"]"}
RESULT: {"using":"xpath","value":"//button[@data-kt=\"addNewRUOverflowToolbarButton\"]"}
COMMAND: POST /session/d65bb1f3e2f9080c12776954838ef114/elements - {"using":"xpath","value":"//button[@data-kt=\"addNewRUOverflowToolbarButton\"]"}
RESULT: {"using":"xpath","value":"//button[@data-kt=\"addNewRUOverflowToolbarButton\"]"}
COMMAND: POST /session/d65bb1f3e2f9080c12776954838ef114/elements - {"using":"xpath","value":"//button[@data-kt=\"addNewRUOverflowToolbarButton\"]"}
RESULT: {"using":"xpath","value":"//button[@data-kt=\"addNewRUOverflowToolbarButton\"]"}
COMMAND: POST /session/d65bb1f3e2f9080c12776954838ef114/elements - {"using":"xpath","value":"//button[@data-kt=\"addNewRUOverflowToolbarButton\"]"}
RESULT: {"using":"xpath","value":"//button[@data-kt=\"addNewRUOverflowToolbarButton\"]"}
COMMAND: POST /session/d65bb1f3e2f9080c12776954838ef114/elements - {"using":"xpath","value":"//button[@data-kt=\"addNewRUOverflowToolbarButton\"]"}
RESULT: {"using":"xpath","value":"//button[@data-kt=\"addNewRUOverflowToolbarButton\"]"}
COMMAND: POST /session/d65bb1f3e2f9080c12776954838ef114/elements - {"using":"xpath","value":"//button[@data-kt=\"addNewRUOverflowToolbarButton\"]"}
RESULT: {"using":"xpath","value":"//button[@data-kt=\"addNewRUOverflowToolbarButton\"]"}
COMMAND: POST /session/d65bb1f3e2f9080c12776954838ef114/elements - {"using":"xpath","value":"//button[@data-kt=\"addNewRUOverflowToolbarButton\"]"}
RESULT: {"using":"xpath","value":"//button[@data-kt=\"addNewRUOverflowToolbarButton\"]"}
COMMAND: POST /session/d65bb1f3e2f9080c12776954838ef114/elements - {"using":"xpath","value":"//button[@data-kt=\"addNewRUOverflowToolbarButton\"]"}
RESULT: {"using":"xpath","value":"//button[@data-kt=\"addNewRUOverflowToolbarButton\"]"}
COMMAND: POST /session/d65bb1f3e2f9080c12776954838ef114/elements - {"using":"xpath","value":"//button[@data-kt=\"addNewRUOverflowToolbarButton\"]"}
RESULT: {"using":"xpath","value":"//button[@data-kt=\"addNewRUOverflowToolbarButton\"]"}
COMMAND: POST /session/d65bb1f3e2f9080c12776954838ef114/elements - {"using":"xpath","value":"//button[@data-kt=\"addNewRUOverflowToolbarButton\"]"}
RESULT: {"using":"xpath","value":"//button[@data-kt=\"addNewRUOverflowToolbarButton\"]"}
COMMAND: POST /session/d65bb1f3e2f9080c12776954838ef114/element - {"using":"xpath","value":"//button[@data-kt=\"addNewRUOverflowToolbarButton\"]"}
RESULT: {"using":"xpath","value":"//button[@data-kt=\"addNewRUOverflowToolbarButton\"]"}
COMMAND: POST /session/d65bb1f3e2f9080c12776954838ef114/execute/sync - {"script":"<script> [8489 bytes]","args":[{"element-6066-11e4-a52e-4f735466cecf":"f.AD1387FB3635F7347677CF9BEECFB356.d.E228139699CA07DB9887D2743C242FA0.e.13292","ELEMENT":"f.AD1387FB3635F7347677CF9BEECFB356.d.E228139699CA07DB9887D2743C242FA0.e.13292"}]}
RESULT: {"script":"<script> [8489 bytes]","args":[{"element-6066-11e4-a52e-4f735466cecf":"f.AD1387FB3635F7347677CF9BEECFB356.d.E228139699CA07DB9887D2743C242FA0.e.13292","ELEMENT":"f.AD1387FB3635F7347677CF9BEECFB356.d.E228139699CA07DB9887D2743C242FA0.e.13292"}]}
COMMAND: GET /session/d65bb1f3e2f9080c12776954838ef114/element/f.AD1387FB3635F7347677CF9BEECFB356.d.E228139699CA07DB9887D2743C242FA0.e.13292/enabled - {}
COMMAND: GET /session/d65bb1f3e2f9080c12776954838ef114/screenshot - {}
RESULT: {}
COMMAND: POST /session/d65bb1f3e2f9080c12776954838ef114/execute/sync - {"script":"<script> [8489 bytes]","args":[{"element-6066-11e4-a52e-4f735466cecf":"f.AD1387FB3635F7347677CF9BEECFB356.d.E228139699CA07DB9887D2743C242FA0.e.13292","ELEMENT":"f.AD1387FB3635F7347677CF9BEECFB356.d.E228139699CA07DB9887D2743C242FA0.e.13292"}]}
COMMAND: GET /session/d65bb1f3e2f9080c12776954838ef114/screenshot - {}
RESULT: {}
RESULT: {"script":"<script> [8489 bytes]","args":[{"element-6066-11e4-a52e-4f735466cecf":"f.AD1387FB3635F7347677CF9BEECFB356.d.E228139699CA07DB9887D2743C242FA0.e.13292","ELEMENT":"f.AD1387FB3635F7347677CF9BEECFB356.d.E228139699CA07DB9887D2743C242FA0.e.13292"}]}
COMMAND: POST /session/d65bb1f3e2f9080c12776954838ef114/execute/sync - {"script":"<script> [5351 bytes]","args":[{"element-6066-11e4-a52e-4f735466cecf":"f.AD1387FB3635F7347677CF9BEECFB356.d.E228139699CA07DB9887D2743C242FA0.e.13292","ELEMENT":"f.AD1387FB3635F7347677CF9BEECFB356.d.E228139699CA07DB9887D2743C242FA0.e.13292"}]}
COMMAND: GET /session/d65bb1f3e2f9080c12776954838ef114/screenshot - {}
RESULT: {}
RESULT: {"script":"<script> [5351 bytes]","args":[{"element-6066-11e4-a52e-4f735466cecf":"f.AD1387FB3635F7347677CF9BEECFB356.d.E228139699CA07DB9887D2743C242FA0.e.13292","ELEMENT":"f.AD1387FB3635F7347677CF9BEECFB356.d.E228139699CA07DB9887D2743C242FA0.e.13292"}]}
COMMAND: POST /session/d65bb1f3e2f9080c12776954838ef114/element/f.AD1387FB3635F7347677CF9BEECFB356.d.E228139699CA07DB9887D2743C242FA0.e.13292/click - {}
COMMAND: GET /session/d65bb1f3e2f9080c12776954838ef114/screenshot - {}
RESULT: {}
RESULT: {}
COMMAND: GET /session/d65bb1f3e2f9080c12776954838ef114/screenshot - {}
RESULT: {}
COMMAND: POST /session/d65bb1f3e2f9080c12776954838ef114/execute/async - {"script":"<script> [1562 bytes]","args":[{"selector":{"id":"application-manageresources-display-component---newResourceUnit--TYPE-arrow"},"wdio_ui5_key":"applicationmanageresources-display-component---newResourceUnit--TYPE-arrow"}]}
RESULT: {}
RESULT: {"script":"<script> [1562 bytes]","args":[{"selector":{"id":"application-manageresources-display-component---newResourceUnit--TYPE-arrow"},"wdio_ui5_key":"applicationmanageresources-display-component---newResourceUnit--TYPE-arrow"}]}
RESULT: undefined
COMMAND: POST /session/d65bb1f3e2f9080c12776954838ef114/element - {"using":"xpath","value":"//*[@id=\"application-manageresources-display-component---newResourceUnit--TYPE-arrow\"]"}
RESULT: {"using":"xpath","value":"//*[@id=\"application-manageresources-display-component---newResourceUnit--TYPE-arrow\"]"}
COMMAND: POST /session/d65bb1f3e2f9080c12776954838ef114/element/f.AD1387FB3635F7347677CF9BEECFB356.d.E228139699CA07DB9887D2743C242FA0.e.13465/click - {}
RESULT: {}
COMMAND: POST /session/d65bb1f3e2f9080c12776954838ef114/element - {"using":"xpath","value":"//input[@id=\"application-manageresources-display-component---newResourceUnit--TYPE-inner\"]"}
COMMAND: GET /session/d65bb1f3e2f9080c12776954838ef114/screenshot - {}
RESULT: {"using":"xpath","value":"//input[@id=\"application-manageresources-display-component---newResourceUnit--TYPE-inner\"]"}
COMMAND: POST /session/d65bb1f3e2f9080c12776954838ef114/element/f.AD1387FB3635F7347677CF9BEECFB356.d.E228139699CA07DB9887D2743C242FA0.e.13348/clear - {}
RESULT: {}
RESULT: {}
COMMAND: POST /session/d65bb1f3e2f9080c12776954838ef114/element/f.AD1387FB3635F7347677CF9BEECFB356.d.E228139699CA07DB9887D2743C242FA0.e.13348/value - {"text":"Equipment"}
COMMAND: GET /session/d65bb1f3e2f9080c12776954838ef114/screenshot - {}
RESULT: {"text":"Equipment"}
COMMAND: GET /session/d65bb1f3e2f9080c12776954838ef114/screenshot - {}
RESULT: {}
RESULT: {}
COMMAND: POST /session/d65bb1f3e2f9080c12776954838ef114/actions - {"actions":[{"id":"action45","type":"key","parameters":{},"actions":[{"type":"keyDown","value":"î€‡"},{"type":"pause","duration":10},{"type":"keyUp","value":"î€‡"}]}]}
RESULT: {"actions":[{"id":"action45","type":"key","parameters":{},"actions":[{"type":"keyDown","value":"î€‡"},{"type":"pause","duration":10},{"type":"keyUp","value":"î€‡"}]}]}
COMMAND: POST /session/d65bb1f3e2f9080c12776954838ef114/execute/async - {"script":"<script> [1562 bytes]","args":[{"selector":{"id":"application-manageresources-display-component---newResourceUnit--resourceId","interaction":{"idSuffix":"inner"}},"wdio_ui5_key":"applicationmanageresources-display-component---newResourceUnit--resourceId"}]}
COMMAND: GET /session/d65bb1f3e2f9080c12776954838ef114/screenshot - {}
RESULT: {"script":"<script> [1562 bytes]","args":[{"selector":{"id":"application-manageresources-display-component---newResourceUnit--resourceId","interaction":{"idSuffix":"inner"}},"wdio_ui5_key":"applicationmanageresources-display-component---newResourceUnit--resourceId"}]}
RESULT: undefined
COMMAND: POST /session/d65bb1f3e2f9080c12776954838ef114/execute/async - {"script":"<script> [776 bytes]","args":[{"enterText":"Mmr6dTnULR","selector":{"id":"application-manageresources-display-component---newResourceUnit--resourceId","interaction":{"idSuffix":"inner"}},"clearTextFirst":true,"interactionType":"ENTER_TEXT"}]}
RESULT: {}
RESULT: {"script":"<script> [776 bytes]","args":[{"enterText":"Mmr6dTnULR","selector":{"id":"application-manageresources-display-component---newResourceUnit--resourceId","interaction":{"idSuffix":"inner"}},"clearTextFirst":true,"interactionType":"ENTER_TEXT"}]}
COMMAND: POST /session/d65bb1f3e2f9080c12776954838ef114/execute/async - {"script":"<script> [1562 bytes]","args":[{"selector":{"id":"application-manageresources-display-component---newResourceUnit--SHORT_TEXT","interaction":{"idSuffix":"inner"}},"wdio_ui5_key":"applicationmanageresources-display-component---newResourceUnit--SHORT_TEXT"}]}
RESULT: {"script":"<script> [1562 bytes]","args":[{"selector":{"id":"application-manageresources-display-component---newResourceUnit--SHORT_TEXT","interaction":{"idSuffix":"inner"}},"wdio_ui5_key":"applicationmanageresources-display-component---newResourceUnit--SHORT_TEXT"}]}
RESULT: undefined
COMMAND: POST /session/d65bb1f3e2f9080c12776954838ef114/execute/async - {"script":"<script> [776 bytes]","args":[{"enterText":"Intercompany Equipment WDIO","selector":{"id":"application-manageresources-display-component---newResourceUnit--SHORT_TEXT","interaction":{"idSuffix":"inner"}},"clearTextFirst":true,"interactionType":"ENTER_TEXT"}]}
RESULT: {"script":"<script> [776 bytes]","args":[{"enterText":"Intercompany Equipment WDIO","selector":{"id":"application-manageresources-display-component---newResourceUnit--SHORT_TEXT","interaction":{"idSuffix":"inner"}},"clearTextFirst":true,"interactionType":"ENTER_TEXT"}]}
COMMAND: POST /session/d65bb1f3e2f9080c12776954838ef114/execute/async - {"script":"<script> [1562 bytes]","args":[{"selector":{"id":"application-manageresources-display-component---newResourceUnit--BASE_UNIT_OF_MEASURE","interaction":{"idSuffix":"inner"}},"wdio_ui5_key":"applicationmanageresources-display-component---newResourceUnit--BASE_UNIT_OF_MEASURE"}]}
RESULT: {"script":"<script> [1562 bytes]","args":[{"selector":{"id":"application-manageresources-display-component---newResourceUnit--BASE_UNIT_OF_MEASURE","interaction":{"idSuffix":"inner"}},"wdio_ui5_key":"applicationmanageresources-display-component---newResourceUnit--BASE_UNIT_OF_MEASURE"}]}
RESULT: undefined
COMMAND: POST /session/d65bb1f3e2f9080c12776954838ef114/execute/async - {"script":"<script> [776 bytes]","args":[{"enterText":"Piece","selector":{"id":"application-manageresources-display-component---newResourceUnit--BASE_UNIT_OF_MEASURE","interaction":{"idSuffix":"inner"}},"clearTextFirst":true,"interactionType":"ENTER_TEXT"}]}
RESULT: {"script":"<script> [776 bytes]","args":[{"enterText":"Piece","selector":{"id":"application-manageresources-display-component---newResourceUnit--BASE_UNIT_OF_MEASURE","interaction":{"idSuffix":"inner"}},"clearTextFirst":true,"interactionType":"ENTER_TEXT"}]}
COMMAND: POST /session/d65bb1f3e2f9080c12776954838ef114/execute/async - {"script":"<script> [1562 bytes]","args":[{"selector":{"id":"application-manageresources-display-component---newResourceUnit--WEIGHT_UNIT","interaction":{"idSuffix":"inner"}},"wdio_ui5_key":"applicationmanageresources-display-component---newResourceUnit--WEIGHT_UNIT"}]}
RESULT: {"script":"<script> [1562 bytes]","args":[{"selector":{"id":"application-manageresources-display-component---newResourceUnit--WEIGHT_UNIT","interaction":{"idSuffix":"inner"}},"wdio_ui5_key":"applicationmanageresources-display-component---newResourceUnit--WEIGHT_UNIT"}]}
RESULT: undefined
COMMAND: POST /session/d65bb1f3e2f9080c12776954838ef114/execute/async - {"script":"<script> [776 bytes]","args":[{"enterText":"Gram","selector":{"id":"application-manageresources-display-component---newResourceUnit--WEIGHT_UNIT","interaction":{"idSuffix":"inner"}},"clearTextFirst":true,"interactionType":"ENTER_TEXT"}]}
RESULT: {"script":"<script> [776 bytes]","args":[{"enterText":"Gram","selector":{"id":"application-manageresources-display-component---newResourceUnit--WEIGHT_UNIT","interaction":{"idSuffix":"inner"}},"clearTextFirst":true,"interactionType":"ENTER_TEXT"}]}
COMMAND: POST /session/d65bb1f3e2f9080c12776954838ef114/execute/async - {"script":"<script> [1562 bytes]","args":[{"selector":{"id":"application-manageresources-display-component---newResourceUnit--DIMENSION_UNIT","interaction":{"idSuffix":"inner"}},"wdio_ui5_key":"applicationmanageresources-display-component---newResourceUnit--DIMENSION_UNIT"}]}
RESULT: {"script":"<script> [1562 bytes]","args":[{"selector":{"id":"application-manageresources-display-component---newResourceUnit--DIMENSION_UNIT","interaction":{"idSuffix":"inner"}},"wdio_ui5_key":"applicationmanageresources-display-component---newResourceUnit--DIMENSION_UNIT"}]}
RESULT: undefined
COMMAND: POST /session/d65bb1f3e2f9080c12776954838ef114/execute/async - {"script":"<script> [776 bytes]","args":[{"enterText":"Meter","selector":{"id":"application-manageresources-display-component---newResourceUnit--DIMENSION_UNIT","interaction":{"idSuffix":"inner"}},"clearTextFirst":true,"interactionType":"ENTER_TEXT"}]}
RESULT: {"script":"<script> [776 bytes]","args":[{"enterText":"Meter","selector":{"id":"application-manageresources-display-component---newResourceUnit--DIMENSION_UNIT","interaction":{"idSuffix":"inner"}},"clearTextFirst":true,"interactionType":"ENTER_TEXT"}]}
COMMAND: POST /session/d65bb1f3e2f9080c12776954838ef114/execute/async - {"script":"<script> [1562 bytes]","args":[{"selector":{"id":"application-manageresources-display-component---newResourceUnit--newRRUPage-anchBar-application-manageresources-display-component---newResourceUnit--control-anchor","interaction":{"idSuffix":"BDI-content"}},"wdio_ui5_key":"applicationmanageresources-display-component---newResourceUnit--newRRUPage-anchBar-application-manageresources-display-component---newResourceUnit--control-anchor"}]}
RESULT: {"script":"<script> [1562 bytes]","args":[{"selector":{"id":"application-manageresources-display-component---newResourceUnit--newRRUPage-anchBar-application-manageresources-display-component---newResourceUnit--control-anchor","interaction":{"idSuffix":"BDI-content"}},"wdio_ui5_key":"applicationmanageresources-display-component---newResourceUnit--newRRUPage-anchBar-application-manageresources-display-component---newResourceUnit--control-anchor"}]}
RESULT: undefined
COMMAND: POST /session/d65bb1f3e2f9080c12776954838ef114/element - {"using":"xpath","value":"//*[@id=\"application-manageresources-display-component---newResourceUnit--newRRUPage-anchBar-application-manageresources-display-component---newResourceUnit--control-anchor\"]"}
RESULT: {"using":"xpath","value":"//*[@id=\"application-manageresources-display-component---newResourceUnit--newRRUPage-anchBar-application-manageresources-display-component---newResourceUnit--control-anchor\"]"}
COMMAND: POST /session/d65bb1f3e2f9080c12776954838ef114/element/f.AD1387FB3635F7347677CF9BEECFB356.d.E228139699CA07DB9887D2743C242FA0.e.13599/click - {}
RESULT: {}
COMMAND: POST /session/d65bb1f3e2f9080c12776954838ef114/execute/async - {"script":"<script> [1562 bytes]","args":[{"selector":{"id":"application-manageresources-display-component---newResourceUnit--PLANNING_GROUP","interaction":{"idSuffix":"inner"}},"wdio_ui5_key":"applicationmanageresources-display-component---newResourceUnit--PLANNING_GROUP"}]}
COMMAND: GET /session/d65bb1f3e2f9080c12776954838ef114/screenshot - {}
RESULT: {"script":"<script> [1562 bytes]","args":[{"selector":{"id":"application-manageresources-display-component---newResourceUnit--PLANNING_GROUP","interaction":{"idSuffix":"inner"}},"wdio_ui5_key":"applicationmanageresources-display-component---newResourceUnit--PLANNING_GROUP"}]}
RESULT: undefined
COMMAND: POST /session/d65bb1f3e2f9080c12776954838ef114/execute/async - {"script":"<script> [776 bytes]","args":[{"enterText":"Heavy Equi","selector":{"id":"application-manageresources-display-component---newResourceUnit--PLANNING_GROUP","interaction":{"idSuffix":"inner"}},"clearTextFirst":true,"interactionType":"ENTER_TEXT"}]}
RESULT: {}
RESULT: {"script":"<script> [776 bytes]","args":[{"enterText":"Heavy Equi","selector":{"id":"application-manageresources-display-component---newResourceUnit--PLANNING_GROUP","interaction":{"idSuffix":"inner"}},"clearTextFirst":true,"interactionType":"ENTER_TEXT"}]}
COMMAND: POST /session/d65bb1f3e2f9080c12776954838ef114/execute/async - {"script":"<script> [1562 bytes]","args":[{"selector":{"id":"application-manageresources-display-component---newResourceUnit--ITEM_TYPE-arrow"},"wdio_ui5_key":"applicationmanageresources-display-component---newResourceUnit--ITEM_TYPE-arrow"}]}
RESULT: {"script":"<script> [1562 bytes]","args":[{"selector":{"id":"application-manageresources-display-component---newResourceUnit--ITEM_TYPE-arrow"},"wdio_ui5_key":"applicationmanageresources-display-component---newResourceUnit--ITEM_TYPE-arrow"}]}
RESULT: undefined
COMMAND: POST /session/d65bb1f3e2f9080c12776954838ef114/element - {"using":"xpath","value":"//*[@id=\"application-manageresources-display-component---newResourceUnit--ITEM_TYPE-arrow\"]"}
RESULT: {"using":"xpath","value":"//*[@id=\"application-manageresources-display-component---newResourceUnit--ITEM_TYPE-arrow\"]"}
COMMAND: POST /session/d65bb1f3e2f9080c12776954838ef114/element/f.AD1387FB3635F7347677CF9BEECFB356.d.E228139699CA07DB9887D2743C242FA0.e.13608/click - {}
RESULT: {}
COMMAND: POST /session/d65bb1f3e2f9080c12776954838ef114/element - {"using":"xpath","value":"(//span[contains(text(), \"Resource Unit\")])[2]"}
COMMAND: GET /session/d65bb1f3e2f9080c12776954838ef114/screenshot - {}
RESULT: {"using":"xpath","value":"(//span[contains(text(), \"Resource Unit\")])[2]"}
COMMAND: POST /session/d65bb1f3e2f9080c12776954838ef114/element/f.AD1387FB3635F7347677CF9BEECFB356.d.E228139699CA07DB9887D2743C242FA0.e.13609/click - {}
RESULT: {}
RESULT: {}
COMMAND: GET /session/d65bb1f3e2f9080c12776954838ef114/screenshot - {}
RESULT: {}
COMMAND: POST /session/d65bb1f3e2f9080c12776954838ef114/element - {"using":"css selector","value":"#application-manageresources-display-component---newResourceUnit--btnAddTimeSegment"}
RESULT: {"using":"css selector","value":"#application-manageresources-display-component---newResourceUnit--btnAddTimeSegment"}
COMMAND: GET /session/d65bb1f3e2f9080c12776954838ef114/element/f.AD1387FB3635F7347677CF9BEECFB356.d.E228139699CA07DB9887D2743C242FA0.e.13610/rect - {}
RESULT: {}
COMMAND: GET /session/d65bb1f3e2f9080c12776954838ef114/window/rect - {}
RESULT: {}
COMMAND: POST /session/d65bb1f3e2f9080c12776954838ef114/execute/sync - {"script":"<script> [92 bytes]","args":[]}
RESULT: {"script":"<script> [92 bytes]","args":[]}
COMMAND: POST /session/d65bb1f3e2f9080c12776954838ef114/actions - {"actions":[{"id":"action46","type":"wheel","parameters":{},"actions":[{"type":"scroll","x":-1888,"y":-32,"deltaX":0,"deltaY":0,"duration":0,"origin":{"element-6066-11e4-a52e-4f735466cecf":"f.AD1387FB3635F7347677CF9BEECFB356.d.E228139699CA07DB9887D2743C242FA0.e.13610"}}]}]}
COMMAND: GET /session/d65bb1f3e2f9080c12776954838ef114/screenshot - {}
RESULT: {}
COMMAND: POST /session/d65bb1f3e2f9080c12776954838ef114/execute/sync - {"script":"<script> [79 bytes]","args":[{"element-6066-11e4-a52e-4f735466cecf":"f.AD1387FB3635F7347677CF9BEECFB356.d.E228139699CA07DB9887D2743C242FA0.e.13610","ELEMENT":"f.AD1387FB3635F7347677CF9BEECFB356.d.E228139699CA07DB9887D2743C242FA0.e.13610"},{"block":"start","inline":"nearest"}]}
RESULT: {"script":"<script> [79 bytes]","args":[{"element-6066-11e4-a52e-4f735466cecf":"f.AD1387FB3635F7347677CF9BEECFB356.d.E228139699CA07DB9887D2743C242FA0.e.13610","ELEMENT":"f.AD1387FB3635F7347677CF9BEECFB356.d.E228139699CA07DB9887D2743C242FA0.e.13610"},{"block":"start","inline":"nearest"}]}
COMMAND: POST /session/d65bb1f3e2f9080c12776954838ef114/execute/async - {"script":"<script> [1562 bytes]","args":[{"selector":{"id":"application-manageresources-display-component---newResourceUnit--btnAddTimeSegment","interaction":{"idSuffix":"inner"}},"wdio_ui5_key":"applicationmanageresources-display-component---newResourceUnit--btnAddTimeSegment"}]}
COMMAND: GET /session/d65bb1f3e2f9080c12776954838ef114/screenshot - {}
RESULT: {"script":"<script> [1562 bytes]","args":[{"selector":{"id":"application-manageresources-display-component---newResourceUnit--btnAddTimeSegment","interaction":{"idSuffix":"inner"}},"wdio_ui5_key":"applicationmanageresources-display-component---newResourceUnit--btnAddTimeSegment"}]}
RESULT: undefined
COMMAND: POST /session/d65bb1f3e2f9080c12776954838ef114/element - {"using":"xpath","value":"//*[@id=\"application-manageresources-display-component---newResourceUnit--btnAddTimeSegment\"]"}
RESULT: {}
RESULT: {"using":"xpath","value":"//*[@id=\"application-manageresources-display-component---newResourceUnit--btnAddTimeSegment\"]"}
COMMAND: POST /session/d65bb1f3e2f9080c12776954838ef114/element/f.AD1387FB3635F7347677CF9BEECFB356.d.E228139699CA07DB9887D2743C242FA0.e.13610/click - {}
RESULT: {}
COMMAND: GET /session/d65bb1f3e2f9080c12776954838ef114/screenshot - {}
RESULT: {}
COMMAND: POST /session/d65bb1f3e2f9080c12776954838ef114/element - {"using":"xpath","value":"//input[@id=\"application-manageresources-display-component---newResourceUnit--idRuTSAdmin-application-manageresources-display-component---newResourceUnit--RUTimeSegment-0-inner\"]"}
RESULT: {"using":"xpath","value":"//input[@id=\"application-manageresources-display-component---newResourceUnit--idRuTSAdmin-application-manageresources-display-component---newResourceUnit--RUTimeSegment-0-inner\"]"}
COMMAND: POST /session/d65bb1f3e2f9080c12776954838ef114/element/f.AD1387FB3635F7347677CF9BEECFB356.d.E228139699CA07DB9887D2743C242FA0.e.13616/clear - {}
RESULT: {}
COMMAND: POST /session/d65bb1f3e2f9080c12776954838ef114/element/f.AD1387FB3635F7347677CF9BEECFB356.d.E228139699CA07DB9887D2743C242FA0.e.13616/value - {"text":"533"}
COMMAND: GET /session/d65bb1f3e2f9080c12776954838ef114/screenshot - {}
RESULT: {"text":"533"}
COMMAND: GET /session/d65bb1f3e2f9080c12776954838ef114/screenshot - {}
RESULT: {}
RESULT: {}
COMMAND: POST /session/d65bb1f3e2f9080c12776954838ef114/element - {"using":"xpath","value":"//li[.//span[text()='533']]"}
RESULT: {"using":"xpath","value":"//li[.//span[text()='533']]"}
COMMAND: POST /session/d65bb1f3e2f9080c12776954838ef114/element/f.AD1387FB3635F7347677CF9BEECFB356.d.E228139699CA07DB9887D2743C242FA0.e.13628/click - {}
RESULT: {}
COMMAND: GET /session/d65bb1f3e2f9080c12776954838ef114/screenshot - {}
RESULT: {}
COMMAND: POST /session/d65bb1f3e2f9080c12776954838ef114/element - {"using":"xpath","value":"(//span[contains(@id, \"-application-manageresources-display-component---newResourceUnit--RUTimeSegment-0-arrow\")])[6]"}
RESULT: {"using":"xpath","value":"(//span[contains(@id, \"-application-manageresources-display-component---newResourceUnit--RUTimeSegment-0-arrow\")])[6]"}
COMMAND: POST /session/d65bb1f3e2f9080c12776954838ef114/element/f.AD1387FB3635F7347677CF9BEECFB356.d.E228139699CA07DB9887D2743C242FA0.e.13629/click - {}
RESULT: {}
COMMAND: GET /session/d65bb1f3e2f9080c12776954838ef114/screenshot - {}
RESULT: {}
COMMAND: POST /session/d65bb1f3e2f9080c12776954838ef114/element - {"using":"xpath","value":"//span[contains(text(), \"PM Order\")]"}
RESULT: {"using":"xpath","value":"//span[contains(text(), \"PM Order\")]"}
COMMAND: POST /session/d65bb1f3e2f9080c12776954838ef114/element/f.AD1387FB3635F7347677CF9BEECFB356.d.E228139699CA07DB9887D2743C242FA0.e.13632/click - {}
RESULT: {}
COMMAND: GET /session/d65bb1f3e2f9080c12776954838ef114/screenshot - {}
RESULT: {}
COMMAND: POST /session/d65bb1f3e2f9080c12776954838ef114/element - {"using":"xpath","value":"(//span[contains(@id ,\"manageresources-display-component---newResourceUnit--RUTimeSegment-0-vhi\")])[1]"}
RESULT: {"using":"xpath","value":"(//span[contains(@id ,\"manageresources-display-component---newResourceUnit--RUTimeSegment-0-vhi\")])[1]"}
COMMAND: GET /session/d65bb1f3e2f9080c12776954838ef114/element/f.AD1387FB3635F7347677CF9BEECFB356.d.E228139699CA07DB9887D2743C242FA0.e.13636/rect - {}
RESULT: {}
COMMAND: GET /session/d65bb1f3e2f9080c12776954838ef114/window/rect - {}
RESULT: {}
COMMAND: POST /session/d65bb1f3e2f9080c12776954838ef114/execute/sync - {"script":"<script> [92 bytes]","args":[]}
RESULT: {"script":"<script> [92 bytes]","args":[]}
COMMAND: POST /session/d65bb1f3e2f9080c12776954838ef114/actions - {"actions":[{"id":"action47","type":"wheel","parameters":{},"actions":[{"type":"scroll","x":-869,"y":-24,"deltaX":0,"deltaY":0,"duration":0,"origin":{"element-6066-11e4-a52e-4f735466cecf":"f.AD1387FB3635F7347677CF9BEECFB356.d.E228139699CA07DB9887D2743C242FA0.e.13636"}}]}]}
COMMAND: GET /session/d65bb1f3e2f9080c12776954838ef114/screenshot - {}
RESULT: {"actions":[{"id":"action47","type":"wheel","parameters":{},"actions":[{"type":"scroll","x":-869,"y":-24,"deltaX":0,"deltaY":0,"duration":0,"origin":{"element-6066-11e4-a52e-4f735466cecf":"f.AD1387FB3635F7347677CF9BEECFB356.d.E228139699CA07DB9887D2743C242FA0.e.13636"}}]}]}
COMMAND: DELETE /session/d65bb1f3e2f9080c12776954838ef114/actions - {}
COMMAND: GET /session/d65bb1f3e2f9080c12776954838ef114/screenshot - {}
RESULT: {}
RESULT: {}
COMMAND: GET /session/d65bb1f3e2f9080c12776954838ef114/screenshot - {}
RESULT: {}
RESULT: {}
COMMAND: POST /session/d65bb1f3e2f9080c12776954838ef114/element/f.AD1387FB3635F7347677CF9BEECFB356.d.E228139699CA07DB9887D2743C242FA0.e.13636/click - {}
RESULT: {}
COMMAND: GET /session/d65bb1f3e2f9080c12776954838ef114/screenshot - {}
RESULT: {}
COMMAND: POST /session/d65bb1f3e2f9080c12776954838ef114/execute/async - {"script":"<script> [1562 bytes]","args":[{"selector":{"controlType":"sap.m.SearchField","properties":{"placeholder":"Search"},"searchOpenDialogs":true,"interaction":{"idSuffix":"I"}},"wdio_ui5_key":"sapm.SearchField{\"placeholder\":\"Search\"}"}]}
RESULT: {"script":"<script> [1562 bytes]","args":[{"selector":{"controlType":"sap.m.SearchField","properties":{"placeholder":"Search"},"searchOpenDialogs":true,"interaction":{"idSuffix":"I"}},"wdio_ui5_key":"sapm.SearchField{\"placeholder\":\"Search\"}"}]}
RESULT: undefined
COMMAND: POST /session/d65bb1f3e2f9080c12776954838ef114/execute/async - {"script":"<script> [776 bytes]","args":[{"enterText":"4000360","selector":{"controlType":"sap.m.SearchField","properties":{"placeholder":"Search"},"searchOpenDialogs":true,"interaction":{"idSuffix":"I"}},"clearTextFirst":true,"interactionType":"ENTER_TEXT"}]}
RESULT: {"script":"<script> [776 bytes]","args":[{"enterText":"4000360","selector":{"controlType":"sap.m.SearchField","properties":{"placeholder":"Search"},"searchOpenDialogs":true,"interaction":{"idSuffix":"I"}},"clearTextFirst":true,"interactionType":"ENTER_TEXT"}]}
COMMAND: POST /session/d65bb1f3e2f9080c12776954838ef114/actions - {"actions":[{"id":"action48","type":"key","parameters":{},"actions":[{"type":"keyDown","value":"î€‡"},{"type":"pause","duration":10},{"type":"keyUp","value":"î€‡"}]}]}
RESULT: {"actions":[{"id":"action48","type":"key","parameters":{},"actions":[{"type":"keyDown","value":"î€‡"},{"type":"pause","duration":10},{"type":"keyUp","value":"î€‡"}]}]}
COMMAND: GET /session/d65bb1f3e2f9080c12776954838ef114/screenshot - {}
RESULT: {}
COMMAND: POST /session/d65bb1f3e2f9080c12776954838ef114/element - {"using":"xpath","value":"//td/div/span[contains(text(), \"BGL Vehicles\")]"}
RESULT: {"using":"xpath","value":"//td/div/span[contains(text(), \"BGL Vehicles\")]"}
COMMAND: POST /session/d65bb1f3e2f9080c12776954838ef114/element/f.AD1387FB3635F7347677CF9BEECFB356.d.E228139699CA07DB9887D2743C242FA0.e.13658/click - {}
RESULT: {}
COMMAND: GET /session/d65bb1f3e2f9080c12776954838ef114/screenshot - {}
RESULT: {}
COMMAND: POST /session/d65bb1f3e2f9080c12776954838ef114/element - {"using":"xpath","value":"//bdi[contains(text(), \"OK\")]"}
RESULT: {"using":"xpath","value":"//bdi[contains(text(), \"OK\")]"}
COMMAND: POST /session/d65bb1f3e2f9080c12776954838ef114/element/f.AD1387FB3635F7347677CF9BEECFB356.d.E228139699CA07DB9887D2743C242FA0.e.13659/click - {}
RESULT: {}
COMMAND: GET /session/d65bb1f3e2f9080c12776954838ef114/screenshot - {}
RESULT: {}
COMMAND: POST /session/d65bb1f3e2f9080c12776954838ef114/execute/async - {"script":"<script> [1562 bytes]","args":[{"selector":{"id":"application-manageresources-display-component---newResourceUnit--newRRUPage-anchBar-application-manageresources-display-component---newResourceUnit--resource-anchor","interaction":{"idSuffix":"BDI-content"}},"wdio_ui5_key":"applicationmanageresources-display-component---newResourceUnit--newRRUPage-anchBar-application-manageresources-display-component---newResourceUnit--resource-anchor"}]}
RESULT: {"script":"<script> [1562 bytes]","args":[{"selector":{"id":"application-manageresources-display-component---newResourceUnit--newRRUPage-anchBar-application-manageresources-display-component---newResourceUnit--resource-anchor","interaction":{"idSuffix":"BDI-content"}},"wdio_ui5_key":"applicationmanageresources-display-component---newResourceUnit--newRRUPage-anchBar-application-manageresources-display-component---newResourceUnit--resource-anchor"}]}
RESULT: undefined
COMMAND: POST /session/d65bb1f3e2f9080c12776954838ef114/element - {"using":"xpath","value":"//*[@id=\"application-manageresources-display-component---newResourceUnit--newRRUPage-anchBar-application-manageresources-display-component---newResourceUnit--resource-anchor\"]"}
RESULT: {"using":"xpath","value":"//*[@id=\"application-manageresources-display-component---newResourceUnit--newRRUPage-anchBar-application-manageresources-display-component---newResourceUnit--resource-anchor\"]"}
COMMAND: POST /session/d65bb1f3e2f9080c12776954838ef114/element/f.AD1387FB3635F7347677CF9BEECFB356.d.E228139699CA07DB9887D2743C242FA0.e.13663/click - {}
RESULT: {}
COMMAND: POST /session/d65bb1f3e2f9080c12776954838ef114/execute/async - {"script":"<script> [1562 bytes]","args":[{"selector":{"id":"application-manageresources-display-component---newResourceUnit--PLANNED_DELIVERY_DATE","interaction":{"idSuffix":"inner"}},"wdio_ui5_key":"applicationmanageresources-display-component---newResourceUnit--PLANNED_DELIVERY_DATE"}]}
COMMAND: GET /session/d65bb1f3e2f9080c12776954838ef114/screenshot - {}
RESULT: {"script":"<script> [1562 bytes]","args":[{"selector":{"id":"application-manageresources-display-component---newResourceUnit--PLANNED_DELIVERY_DATE","interaction":{"idSuffix":"inner"}},"wdio_ui5_key":"applicationmanageresources-display-component---newResourceUnit--PLANNED_DELIVERY_DATE"}]}
RESULT: undefined
COMMAND: POST /session/d65bb1f3e2f9080c12776954838ef114/execute/async - {"script":"<script> [6424 bytes]","args":[{"element-6066-11e4-a52e-4f735466cecf":"f.AD1387FB3635F7347677CF9BEECFB356.d.E228139699CA07DB9887D2743C242FA0.e.13522"},"setValue",["5/3/25"]]}
RESULT: {}
RESULT: {"script":"<script> [6424 bytes]","args":[{"element-6066-11e4-a52e-4f735466cecf":"f.AD1387FB3635F7347677CF9BEECFB356.d.E228139699CA07DB9887D2743C242FA0.e.13522"},"setValue",["5/3/25"]]}
COMMAND: POST /session/d65bb1f3e2f9080c12776954838ef114/element - {"using":"xpath","value":"//button[@data-kt=\"resourceUnitSaveButton\"]"}
RESULT: {"using":"xpath","value":"//button[@data-kt=\"resourceUnitSaveButton\"]"}
COMMAND: POST /session/d65bb1f3e2f9080c12776954838ef114/element/f.AD1387FB3635F7347677CF9BEECFB356.d.E228139699CA07DB9887D2743C242FA0.e.13483/click - {}
RESULT: {}
COMMAND: GET /session/d65bb1f3e2f9080c12776954838ef114/screenshot - {}
RESULT: {}
COMMAND: POST /session/d65bb1f3e2f9080c12776954838ef114/element - {"using":"xpath","value":"//bdi[contains(text(), \"Close\")]"}
RESULT: {"using":"xpath","value":"//bdi[contains(text(), \"Close\")]"}
COMMAND: POST /session/d65bb1f3e2f9080c12776954838ef114/element/f.AD1387FB3635F7347677CF9BEECFB356.d.E228139699CA07DB9887D2743C242FA0.e.13671/click - {}
RESULT: {}
COMMAND: GET /session/d65bb1f3e2f9080c12776954838ef114/screenshot - {}
RESULT: {}
COMMAND: POST /session/d65bb1f3e2f9080c12776954838ef114/element - {"using":"xpath","value":"(//button[contains(@id ,\"actionsToolbar-overflowButton\")])[1]"}
RESULT: {"using":"xpath","value":"(//button[contains(@id ,\"actionsToolbar-overflowButton\")])[1]"}
COMMAND: POST /session/d65bb1f3e2f9080c12776954838ef114/element/f.AD1387FB3635F7347677CF9BEECFB356.d.E228139699CA07DB9887D2743C242FA0.e.13702/click - {}
RESULT: {}
COMMAND: GET /session/d65bb1f3e2f9080c12776954838ef114/screenshot - {}
RESULT: {}
COMMAND: POST /session/d65bb1f3e2f9080c12776954838ef114/element - {"using":"xpath","value":"//button[@data-kt=\"priceInfoButton\"]"}
RESULT: {"using":"xpath","value":"//button[@data-kt=\"priceInfoButton\"]"}
COMMAND: POST /session/d65bb1f3e2f9080c12776954838ef114/element/f.AD1387FB3635F7347677CF9BEECFB356.d.E228139699CA07DB9887D2743C242FA0.e.13704/click - {}
RESULT: {}
COMMAND: GET /session/d65bb1f3e2f9080c12776954838ef114/screenshot - {}
]]></system-out>
    </testcase>
    <testcase classname="chrome.135_0_7049_96.windows.Billing_transfer_US117289" name="Should create new pricing rule" time="53.368">
      <system-out><![CDATA[
COMMAND: POST /session/d65bb1f3e2f9080c12776954838ef114/element - {"using":"xpath","value":"//button[@data-kt=\"addButton\"]"}
RESULT: {}
RESULT: {"using":"xpath","value":"//button[@data-kt=\"addButton\"]"}
COMMAND: POST /session/d65bb1f3e2f9080c12776954838ef114/elements - {"using":"xpath","value":"//button[@data-kt=\"addButton\"]"}
RESULT: {"using":"xpath","value":"//button[@data-kt=\"addButton\"]"}
COMMAND: POST /session/d65bb1f3e2f9080c12776954838ef114/execute/sync - {"script":"<script> [8489 bytes]","args":[{"element-6066-11e4-a52e-4f735466cecf":"f.AD1387FB3635F7347677CF9BEECFB356.d.E228139699CA07DB9887D2743C242FA0.e.13740","ELEMENT":"f.AD1387FB3635F7347677CF9BEECFB356.d.E228139699CA07DB9887D2743C242FA0.e.13740"}]}
RESULT: {"script":"<script> [8489 bytes]","args":[{"element-6066-11e4-a52e-4f735466cecf":"f.AD1387FB3635F7347677CF9BEECFB356.d.E228139699CA07DB9887D2743C242FA0.e.13740","ELEMENT":"f.AD1387FB3635F7347677CF9BEECFB356.d.E228139699CA07DB9887D2743C242FA0.e.13740"}]}
COMMAND: GET /session/d65bb1f3e2f9080c12776954838ef114/element/f.AD1387FB3635F7347677CF9BEECFB356.d.E228139699CA07DB9887D2743C242FA0.e.13740/enabled - {}
COMMAND: GET /session/d65bb1f3e2f9080c12776954838ef114/screenshot - {}
RESULT: {}
COMMAND: POST /session/d65bb1f3e2f9080c12776954838ef114/execute/sync - {"script":"<script> [8489 bytes]","args":[{"element-6066-11e4-a52e-4f735466cecf":"f.AD1387FB3635F7347677CF9BEECFB356.d.E228139699CA07DB9887D2743C242FA0.e.13740","ELEMENT":"f.AD1387FB3635F7347677CF9BEECFB356.d.E228139699CA07DB9887D2743C242FA0.e.13740"}]}
COMMAND: GET /session/d65bb1f3e2f9080c12776954838ef114/screenshot - {}
RESULT: {}
RESULT: {"script":"<script> [8489 bytes]","args":[{"element-6066-11e4-a52e-4f735466cecf":"f.AD1387FB3635F7347677CF9BEECFB356.d.E228139699CA07DB9887D2743C242FA0.e.13740","ELEMENT":"f.AD1387FB3635F7347677CF9BEECFB356.d.E228139699CA07DB9887D2743C242FA0.e.13740"}]}
COMMAND: POST /session/d65bb1f3e2f9080c12776954838ef114/execute/sync - {"script":"<script> [5351 bytes]","args":[{"element-6066-11e4-a52e-4f735466cecf":"f.AD1387FB3635F7347677CF9BEECFB356.d.E228139699CA07DB9887D2743C242FA0.e.13740","ELEMENT":"f.AD1387FB3635F7347677CF9BEECFB356.d.E228139699CA07DB9887D2743C242FA0.e.13740"}]}
COMMAND: GET /session/d65bb1f3e2f9080c12776954838ef114/screenshot - {}
RESULT: {}
RESULT: {"script":"<script> [5351 bytes]","args":[{"element-6066-11e4-a52e-4f735466cecf":"f.AD1387FB3635F7347677CF9BEECFB356.d.E228139699CA07DB9887D2743C242FA0.e.13740","ELEMENT":"f.AD1387FB3635F7347677CF9BEECFB356.d.E228139699CA07DB9887D2743C242FA0.e.13740"}]}
COMMAND: POST /session/d65bb1f3e2f9080c12776954838ef114/element/f.AD1387FB3635F7347677CF9BEECFB356.d.E228139699CA07DB9887D2743C242FA0.e.13740/click - {}
COMMAND: GET /session/d65bb1f3e2f9080c12776954838ef114/screenshot - {}
RESULT: {}
RESULT: {}
COMMAND: GET /session/d65bb1f3e2f9080c12776954838ef114/screenshot - {}
RESULT: {}
RESULT: {}
COMMAND: POST /session/d65bb1f3e2f9080c12776954838ef114/execute/async - {"script":"<script> [1562 bytes]","args":[{"selector":{"controlType":"sap.m.Title","viewName":"etm.portal.ui.managepricingrules.view.NewItem","viewId":"application-managepricingrules-display-component---newInfoPriceItem","properties":{"text":"New Pricing Rules - Item Level"}},"wdio_ui5_key":"etmportal.ui.managepricingrules.view.NewItemsap.m.Title{\"text\":\"New Pricing Rules - Item Level\"}"}]}
RESULT: {"script":"<script> [1562 bytes]","args":[{"selector":{"controlType":"sap.m.Title","viewName":"etm.portal.ui.managepricingrules.view.NewItem","viewId":"application-managepricingrules-display-component---newInfoPriceItem","properties":{"text":"New Pricing Rules - Item Level"}},"wdio_ui5_key":"etmportal.ui.managepricingrules.view.NewItemsap.m.Title{\"text\":\"New Pricing Rules - Item Level\"}"}]}
RESULT: undefined
COMMAND: POST /session/d65bb1f3e2f9080c12776954838ef114/execute/async - {"script":"<script> [6424 bytes]","args":[{"element-6066-11e4-a52e-4f735466cecf":"f.AD1387FB3635F7347677CF9BEECFB356.d.E228139699CA07DB9887D2743C242FA0.e.13814"},"getText",[]]}
RESULT: {"script":"<script> [6424 bytes]","args":[{"element-6066-11e4-a52e-4f735466cecf":"f.AD1387FB3635F7347677CF9BEECFB356.d.E228139699CA07DB9887D2743C242FA0.e.13814"},"getText",[]]}
COMMAND: POST /session/d65bb1f3e2f9080c12776954838ef114/execute/async - {"script":"<script> [1562 bytes]","args":[{"selector":{"id":"application-managepricingrules-display-component---newInfoPriceItem--condValidTo","interaction":{"idSuffix":"inner"}},"wdio_ui5_key":"applicationmanagepricingrules-display-component---newInfoPriceItem--condValidTo"}]}
RESULT: {"script":"<script> [1562 bytes]","args":[{"selector":{"id":"application-managepricingrules-display-component---newInfoPriceItem--condValidTo","interaction":{"idSuffix":"inner"}},"wdio_ui5_key":"applicationmanagepricingrules-display-component---newInfoPriceItem--condValidTo"}]}
RESULT: undefined
COMMAND: POST /session/d65bb1f3e2f9080c12776954838ef114/execute/async - {"script":"<script> [776 bytes]","args":[{"enterText":"01/03/26","selector":{"id":"application-managepricingrules-display-component---newInfoPriceItem--condValidTo","interaction":{"idSuffix":"inner"}},"clearTextFirst":true,"interactionType":"ENTER_TEXT"}]}
RESULT: {"script":"<script> [776 bytes]","args":[{"enterText":"01/03/26","selector":{"id":"application-managepricingrules-display-component---newInfoPriceItem--condValidTo","interaction":{"idSuffix":"inner"}},"clearTextFirst":true,"interactionType":"ENTER_TEXT"}]}
COMMAND: POST /session/d65bb1f3e2f9080c12776954838ef114/execute/async - {"script":"<script> [1562 bytes]","args":[{"selector":{"id":"application-managepricingrules-display-component---newInfoPriceItem--billType-arrow"},"wdio_ui5_key":"applicationmanagepricingrules-display-component---newInfoPriceItem--billType-arrow"}]}
RESULT: {"script":"<script> [1562 bytes]","args":[{"selector":{"id":"application-managepricingrules-display-component---newInfoPriceItem--billType-arrow"},"wdio_ui5_key":"applicationmanagepricingrules-display-component---newInfoPriceItem--billType-arrow"}]}
RESULT: undefined
COMMAND: POST /session/d65bb1f3e2f9080c12776954838ef114/element - {"using":"xpath","value":"//*[@id=\"application-managepricingrules-display-component---newInfoPriceItem--billType-arrow\"]"}
RESULT: {"using":"xpath","value":"//*[@id=\"application-managepricingrules-display-component---newInfoPriceItem--billType-arrow\"]"}
COMMAND: POST /session/d65bb1f3e2f9080c12776954838ef114/element/f.AD1387FB3635F7347677CF9BEECFB356.d.E228139699CA07DB9887D2743C242FA0.e.13871/click - {}
RESULT: {}
COMMAND: POST /session/d65bb1f3e2f9080c12776954838ef114/element - {"using":"xpath","value":"//span[contains(text(), \"TB - Time based\")]"}
COMMAND: GET /session/d65bb1f3e2f9080c12776954838ef114/screenshot - {}
RESULT: {"using":"xpath","value":"//span[contains(text(), \"TB - Time based\")]"}
COMMAND: POST /session/d65bb1f3e2f9080c12776954838ef114/element/f.AD1387FB3635F7347677CF9BEECFB356.d.E228139699CA07DB9887D2743C242FA0.e.13913/click - {}
RESULT: {}
RESULT: {}
COMMAND: POST /session/d65bb1f3e2f9080c12776954838ef114/execute/async - {"script":"<script> [1562 bytes]","args":[{"selector":{"id":"application-managepricingrules-display-component---newInfoPriceItem--priceProc-arrow"},"wdio_ui5_key":"applicationmanagepricingrules-display-component---newInfoPriceItem--priceProc-arrow"}]}
COMMAND: GET /session/d65bb1f3e2f9080c12776954838ef114/screenshot - {}
RESULT: {"script":"<script> [1562 bytes]","args":[{"selector":{"id":"application-managepricingrules-display-component---newInfoPriceItem--priceProc-arrow"},"wdio_ui5_key":"applicationmanagepricingrules-display-component---newInfoPriceItem--priceProc-arrow"}]}
RESULT: undefined
COMMAND: POST /session/d65bb1f3e2f9080c12776954838ef114/element - {"using":"xpath","value":"//*[@id=\"application-managepricingrules-display-component---newInfoPriceItem--priceProc-arrow\"]"}
RESULT: {}
RESULT: {"using":"xpath","value":"//*[@id=\"application-managepricingrules-display-component---newInfoPriceItem--priceProc-arrow\"]"}
COMMAND: POST /session/d65bb1f3e2f9080c12776954838ef114/element/f.AD1387FB3635F7347677CF9BEECFB356.d.E228139699CA07DB9887D2743C242FA0.e.13878/click - {}
RESULT: {}
COMMAND: POST /session/d65bb1f3e2f9080c12776954838ef114/element - {"using":"xpath","value":"//span[contains(text(), \"TBS - Time based standard\")]"}
COMMAND: GET /session/d65bb1f3e2f9080c12776954838ef114/screenshot - {}
RESULT: {"using":"xpath","value":"//span[contains(text(), \"TBS - Time based standard\")]"}
COMMAND: POST /session/d65bb1f3e2f9080c12776954838ef114/element/f.AD1387FB3635F7347677CF9BEECFB356.d.E228139699CA07DB9887D2743C242FA0.e.13914/click - {}
RESULT: {}
RESULT: {}
COMMAND: POST /session/d65bb1f3e2f9080c12776954838ef114/execute/async - {"script":"<script> [1562 bytes]","args":[{"selector":{"id":"application-managepricingrules-display-component---newInfoPriceItem--calcBase-arrow"},"wdio_ui5_key":"applicationmanagepricingrules-display-component---newInfoPriceItem--calcBase-arrow"}]}
COMMAND: GET /session/d65bb1f3e2f9080c12776954838ef114/screenshot - {}
RESULT: {"script":"<script> [1562 bytes]","args":[{"selector":{"id":"application-managepricingrules-display-component---newInfoPriceItem--calcBase-arrow"},"wdio_ui5_key":"applicationmanagepricingrules-display-component---newInfoPriceItem--calcBase-arrow"}]}
RESULT: undefined
COMMAND: POST /session/d65bb1f3e2f9080c12776954838ef114/element - {"using":"xpath","value":"//*[@id=\"application-managepricingrules-display-component---newInfoPriceItem--calcBase-arrow\"]"}
RESULT: {}
RESULT: {"using":"xpath","value":"//*[@id=\"application-managepricingrules-display-component---newInfoPriceItem--calcBase-arrow\"]"}
COMMAND: POST /session/d65bb1f3e2f9080c12776954838ef114/element/f.AD1387FB3635F7347677CF9BEECFB356.d.E228139699CA07DB9887D2743C242FA0.e.13885/click - {}
RESULT: {}
COMMAND: GET /session/d65bb1f3e2f9080c12776954838ef114/screenshot - {}
RESULT: {}
COMMAND: POST /session/d65bb1f3e2f9080c12776954838ef114/element - {"using":"xpath","value":"//span[contains(text(), \"0006 - TB(calendar days)\")]"}
RESULT: {"using":"xpath","value":"//span[contains(text(), \"0006 - TB(calendar days)\")]"}
COMMAND: POST /session/d65bb1f3e2f9080c12776954838ef114/element/f.AD1387FB3635F7347677CF9BEECFB356.d.E228139699CA07DB9887D2743C242FA0.e.13915/click - {}
RESULT: {}
COMMAND: GET /session/d65bb1f3e2f9080c12776954838ef114/screenshot - {}
RESULT: {}
COMMAND: POST /session/d65bb1f3e2f9080c12776954838ef114/execute/async - {"script":"<script> [1562 bytes]","args":[{"selector":{"id":"application-managepricingrules-display-component---newInfoPriceItem--daysMonth","interaction":{"idSuffix":"inner"}},"wdio_ui5_key":"applicationmanagepricingrules-display-component---newInfoPriceItem--daysMonth"}]}
RESULT: {"script":"<script> [1562 bytes]","args":[{"selector":{"id":"application-managepricingrules-display-component---newInfoPriceItem--daysMonth","interaction":{"idSuffix":"inner"}},"wdio_ui5_key":"applicationmanagepricingrules-display-component---newInfoPriceItem--daysMonth"}]}
RESULT: undefined
COMMAND: POST /session/d65bb1f3e2f9080c12776954838ef114/execute/async - {"script":"<script> [776 bytes]","args":[{"enterText":"30","selector":{"id":"application-managepricingrules-display-component---newInfoPriceItem--daysMonth","interaction":{"idSuffix":"inner"}},"clearTextFirst":true,"interactionType":"ENTER_TEXT"}]}
RESULT: {"script":"<script> [776 bytes]","args":[{"enterText":"30","selector":{"id":"application-managepricingrules-display-component---newInfoPriceItem--daysMonth","interaction":{"idSuffix":"inner"}},"clearTextFirst":true,"interactionType":"ENTER_TEXT"}]}
COMMAND: POST /session/d65bb1f3e2f9080c12776954838ef114/element - {"using":"xpath","value":"//button[@data-kt=\"saveNewRuleButton\"]"}
RESULT: {"using":"xpath","value":"//button[@data-kt=\"saveNewRuleButton\"]"}
COMMAND: POST /session/d65bb1f3e2f9080c12776954838ef114/element/f.AD1387FB3635F7347677CF9BEECFB356.d.E228139699CA07DB9887D2743C242FA0.e.13906/click - {}
RESULT: {}
COMMAND: GET /session/d65bb1f3e2f9080c12776954838ef114/screenshot - {}
RESULT: {}
COMMAND: POST /session/d65bb1f3e2f9080c12776954838ef114/execute/async - {"script":"<script> [1562 bytes]","args":[{"selector":{"id":"application-managepricingrules-display-component---priceInfoItem--smartFilterBar-btnBasicSearch","interaction":{"idSuffix":"I"}},"wdio_ui5_key":"applicationmanagepricingrules-display-component---priceInfoItem--smartFilterBar-btnBasicSearch"}]}
RESULT: {"script":"<script> [1562 bytes]","args":[{"selector":{"id":"application-managepricingrules-display-component---priceInfoItem--smartFilterBar-btnBasicSearch","interaction":{"idSuffix":"I"}},"wdio_ui5_key":"applicationmanagepricingrules-display-component---priceInfoItem--smartFilterBar-btnBasicSearch"}]}
RESULT: undefined
COMMAND: POST /session/d65bb1f3e2f9080c12776954838ef114/execute/async - {"script":"<script> [776 bytes]","args":[{"enterText":"Mmr6dTnULR","selector":{"id":"application-managepricingrules-display-component---priceInfoItem--smartFilterBar-btnBasicSearch","interaction":{"idSuffix":"I"}},"clearTextFirst":true,"interactionType":"ENTER_TEXT"}]}
RESULT: {"script":"<script> [776 bytes]","args":[{"enterText":"Mmr6dTnULR","selector":{"id":"application-managepricingrules-display-component---priceInfoItem--smartFilterBar-btnBasicSearch","interaction":{"idSuffix":"I"}},"clearTextFirst":true,"interactionType":"ENTER_TEXT"}]}
COMMAND: POST /session/d65bb1f3e2f9080c12776954838ef114/actions - {"actions":[{"id":"action49","type":"key","parameters":{},"actions":[{"type":"keyDown","value":"î€‡"},{"type":"pause","duration":10},{"type":"keyUp","value":"î€‡"}]}]}
RESULT: {"actions":[{"id":"action49","type":"key","parameters":{},"actions":[{"type":"keyDown","value":"î€‡"},{"type":"pause","duration":10},{"type":"keyUp","value":"î€‡"}]}]}
COMMAND: GET /session/d65bb1f3e2f9080c12776954838ef114/screenshot - {}
RESULT: {}
COMMAND: POST /session/d65bb1f3e2f9080c12776954838ef114/element - {"using":"xpath","value":"//span[@id=\"application-managepricingrules-display-component---priceInfoItem--smartTable-header-inner\"]"}
RESULT: {"using":"xpath","value":"//span[@id=\"application-managepricingrules-display-component---priceInfoItem--smartTable-header-inner\"]"}
COMMAND: POST /session/d65bb1f3e2f9080c12776954838ef114/elements - {"using":"xpath","value":"//span[@id=\"application-managepricingrules-display-component---priceInfoItem--smartTable-header-inner\"]"}
RESULT: {"using":"xpath","value":"//span[@id=\"application-managepricingrules-display-component---priceInfoItem--smartTable-header-inner\"]"}
COMMAND: POST /session/d65bb1f3e2f9080c12776954838ef114/execute/sync - {"script":"<script> [56 bytes]","args":[{"element-6066-11e4-a52e-4f735466cecf":"f.AD1387FB3635F7347677CF9BEECFB356.d.E228139699CA07DB9887D2743C242FA0.e.13940","ELEMENT":"f.AD1387FB3635F7347677CF9BEECFB356.d.E228139699CA07DB9887D2743C242FA0.e.13940"}]}
RESULT: {"script":"<script> [56 bytes]","args":[{"element-6066-11e4-a52e-4f735466cecf":"f.AD1387FB3635F7347677CF9BEECFB356.d.E228139699CA07DB9887D2743C242FA0.e.13940","ELEMENT":"f.AD1387FB3635F7347677CF9BEECFB356.d.E228139699CA07DB9887D2743C242FA0.e.13940"}]}
COMMAND: POST /session/d65bb1f3e2f9080c12776954838ef114/element - {"using":"css selector","value":"#shell-header-logo"}
COMMAND: GET /session/d65bb1f3e2f9080c12776954838ef114/screenshot - {}
RESULT: {"using":"css selector","value":"#shell-header-logo"}
COMMAND: POST /session/d65bb1f3e2f9080c12776954838ef114/element/f.AD1387FB3635F7347677CF9BEECFB356.d.E228139699CA07DB9887D2743C242FA0.e.13266/click - {}
RESULT: {}
RESULT: {}
COMMAND: GET /session/d65bb1f3e2f9080c12776954838ef114/screenshot - {}
RESULT: {}
]]></system-out>
    </testcase>
    <testcase classname="chrome.135_0_7049_96.windows.Billing_transfer_US117289" name="Should create new condition for equipment" time="67.334">
      <system-out><![CDATA[
COMMAND: POST /session/d65bb1f3e2f9080c12776954838ef114/execute/async - {"script":"<script> [1562 bytes]","args":[{"selector":{"controlType":"sap.m.Text","properties":{"text":"Manage Conditions & Prices"},"interaction":{"idSuffix":"inner"}},"wdio_ui5_key":"sapm.Text{\"text\":\"Manage Conditions & Prices\"}"}]}
RESULT: {"script":"<script> [1562 bytes]","args":[{"selector":{"controlType":"sap.m.Text","properties":{"text":"Manage Conditions & Prices"},"interaction":{"idSuffix":"inner"}},"wdio_ui5_key":"sapm.Text{\"text\":\"Manage Conditions & Prices\"}"}]}
RESULT: undefined
COMMAND: POST /session/d65bb1f3e2f9080c12776954838ef114/element - {"using":"xpath","value":"//*[@id=\"__tile53-title\"]"}
RESULT: {"using":"xpath","value":"//*[@id=\"__tile53-title\"]"}
COMMAND: POST /session/d65bb1f3e2f9080c12776954838ef114/element/f.AD1387FB3635F7347677CF9BEECFB356.d.E228139699CA07DB9887D2743C242FA0.e.13943/click - {}
RESULT: {}
COMMAND: POST /session/d65bb1f3e2f9080c12776954838ef114/element - {"using":"xpath","value":"//button[@aria-label=\"Create\"]"}
COMMAND: GET /session/d65bb1f3e2f9080c12776954838ef114/screenshot - {}
RESULT: {"using":"xpath","value":"//button[@aria-label=\"Create\"]"}
COMMAND: POST /session/d65bb1f3e2f9080c12776954838ef114/elements - {"using":"xpath","value":"//button[@aria-label=\"Create\"]"}
RESULT: {}
RESULT: {"using":"xpath","value":"//button[@aria-label=\"Create\"]"}
COMMAND: POST /session/d65bb1f3e2f9080c12776954838ef114/element - {"using":"xpath","value":"//button[@aria-label=\"Create\"]"}
RESULT: {"using":"xpath","value":"//button[@aria-label=\"Create\"]"}
COMMAND: POST /session/d65bb1f3e2f9080c12776954838ef114/execute/sync - {"script":"<script> [8489 bytes]","args":[{"element-6066-11e4-a52e-4f735466cecf":"f.AD1387FB3635F7347677CF9BEECFB356.d.E228139699CA07DB9887D2743C242FA0.e.13977","ELEMENT":"f.AD1387FB3635F7347677CF9BEECFB356.d.E228139699CA07DB9887D2743C242FA0.e.13977"}]}
RESULT: {"script":"<script> [8489 bytes]","args":[{"element-6066-11e4-a52e-4f735466cecf":"f.AD1387FB3635F7347677CF9BEECFB356.d.E228139699CA07DB9887D2743C242FA0.e.13977","ELEMENT":"f.AD1387FB3635F7347677CF9BEECFB356.d.E228139699CA07DB9887D2743C242FA0.e.13977"}]}
COMMAND: GET /session/d65bb1f3e2f9080c12776954838ef114/element/f.AD1387FB3635F7347677CF9BEECFB356.d.E228139699CA07DB9887D2743C242FA0.e.13977/enabled - {}
COMMAND: GET /session/d65bb1f3e2f9080c12776954838ef114/screenshot - {}
RESULT: {}
COMMAND: POST /session/d65bb1f3e2f9080c12776954838ef114/execute/sync - {"script":"<script> [8489 bytes]","args":[{"element-6066-11e4-a52e-4f735466cecf":"f.AD1387FB3635F7347677CF9BEECFB356.d.E228139699CA07DB9887D2743C242FA0.e.13977","ELEMENT":"f.AD1387FB3635F7347677CF9BEECFB356.d.E228139699CA07DB9887D2743C242FA0.e.13977"}]}
COMMAND: GET /session/d65bb1f3e2f9080c12776954838ef114/screenshot - {}
RESULT: {}
RESULT: {"script":"<script> [8489 bytes]","args":[{"element-6066-11e4-a52e-4f735466cecf":"f.AD1387FB3635F7347677CF9BEECFB356.d.E228139699CA07DB9887D2743C242FA0.e.13977","ELEMENT":"f.AD1387FB3635F7347677CF9BEECFB356.d.E228139699CA07DB9887D2743C242FA0.e.13977"}]}
COMMAND: POST /session/d65bb1f3e2f9080c12776954838ef114/execute/sync - {"script":"<script> [5351 bytes]","args":[{"element-6066-11e4-a52e-4f735466cecf":"f.AD1387FB3635F7347677CF9BEECFB356.d.E228139699CA07DB9887D2743C242FA0.e.13977","ELEMENT":"f.AD1387FB3635F7347677CF9BEECFB356.d.E228139699CA07DB9887D2743C242FA0.e.13977"}]}
COMMAND: GET /session/d65bb1f3e2f9080c12776954838ef114/screenshot - {}
RESULT: {}
RESULT: {"script":"<script> [5351 bytes]","args":[{"element-6066-11e4-a52e-4f735466cecf":"f.AD1387FB3635F7347677CF9BEECFB356.d.E228139699CA07DB9887D2743C242FA0.e.13977","ELEMENT":"f.AD1387FB3635F7347677CF9BEECFB356.d.E228139699CA07DB9887D2743C242FA0.e.13977"}]}
COMMAND: POST /session/d65bb1f3e2f9080c12776954838ef114/element/f.AD1387FB3635F7347677CF9BEECFB356.d.E228139699CA07DB9887D2743C242FA0.e.13977/click - {}
COMMAND: GET /session/d65bb1f3e2f9080c12776954838ef114/screenshot - {}
RESULT: {}
RESULT: {}
COMMAND: GET /session/d65bb1f3e2f9080c12776954838ef114/screenshot - {}
RESULT: {}
RESULT: {}
COMMAND: POST /session/d65bb1f3e2f9080c12776954838ef114/actions - {"actions":[{"id":"action50","type":"key","parameters":{},"actions":[{"type":"keyDown","value":"î€‡"},{"type":"pause","duration":10},{"type":"keyUp","value":"î€‡"}]}]}
RESULT: {"actions":[{"id":"action50","type":"key","parameters":{},"actions":[{"type":"keyDown","value":"î€‡"},{"type":"pause","duration":10},{"type":"keyUp","value":"î€‡"}]}]}
COMMAND: GET /session/d65bb1f3e2f9080c12776954838ef114/screenshot - {}
RESULT: {}
COMMAND: POST /session/d65bb1f3e2f9080c12776954838ef114/execute/async - {"script":"<script> [1562 bytes]","args":[{"selector":{"id":"application-manageconditionprice-display-component---newCondition--condBillCond-arrow"},"wdio_ui5_key":"applicationmanageconditionprice-display-component---newCondition--condBillCond-arrow"}]}
RESULT: {"script":"<script> [1562 bytes]","args":[{"selector":{"id":"application-manageconditionprice-display-component---newCondition--condBillCond-arrow"},"wdio_ui5_key":"applicationmanageconditionprice-display-component---newCondition--condBillCond-arrow"}]}
RESULT: undefined
COMMAND: POST /session/d65bb1f3e2f9080c12776954838ef114/element - {"using":"xpath","value":"//*[@id=\"application-manageconditionprice-display-component---newCondition--condBillCond-arrow\"]"}
RESULT: {"using":"xpath","value":"//*[@id=\"application-manageconditionprice-display-component---newCondition--condBillCond-arrow\"]"}
COMMAND: POST /session/d65bb1f3e2f9080c12776954838ef114/element/f.AD1387FB3635F7347677CF9BEECFB356.d.E228139699CA07DB9887D2743C242FA0.e.14157/click - {}
RESULT: {}
COMMAND: GET /session/d65bb1f3e2f9080c12776954838ef114/screenshot - {}
RESULT: {}
COMMAND: POST /session/d65bb1f3e2f9080c12776954838ef114/element - {"using":"xpath","value":"//li[.//span[contains(text(), \"DISP - D&I special price\")]]"}
RESULT: {"using":"xpath","value":"//li[.//span[contains(text(), \"DISP - D&I special price\")]]"}
COMMAND: POST /session/d65bb1f3e2f9080c12776954838ef114/element/f.AD1387FB3635F7347677CF9BEECFB356.d.E228139699CA07DB9887D2743C242FA0.e.14160/click - {}
RESULT: {}
COMMAND: GET /session/d65bb1f3e2f9080c12776954838ef114/screenshot - {}
RESULT: {}
COMMAND: POST /session/d65bb1f3e2f9080c12776954838ef114/execute/async - {"script":"<script> [1562 bytes]","args":[{"selector":{"id":"application-manageconditionprice-display-component---newCondition--condValidTo","interaction":{"idSuffix":"inner"}},"wdio_ui5_key":"applicationmanageconditionprice-display-component---newCondition--condValidTo"}]}
RESULT: {"script":"<script> [1562 bytes]","args":[{"selector":{"id":"application-manageconditionprice-display-component---newCondition--condValidTo","interaction":{"idSuffix":"inner"}},"wdio_ui5_key":"applicationmanageconditionprice-display-component---newCondition--condValidTo"}]}
RESULT: undefined
COMMAND: POST /session/d65bb1f3e2f9080c12776954838ef114/execute/async - {"script":"<script> [776 bytes]","args":[{"enterText":"01/03/26","selector":{"id":"application-manageconditionprice-display-component---newCondition--condValidTo","interaction":{"idSuffix":"inner"}},"clearTextFirst":true,"interactionType":"ENTER_TEXT"}]}
RESULT: {"script":"<script> [776 bytes]","args":[{"enterText":"01/03/26","selector":{"id":"application-manageconditionprice-display-component---newCondition--condValidTo","interaction":{"idSuffix":"inner"}},"clearTextFirst":true,"interactionType":"ENTER_TEXT"}]}
COMMAND: POST /session/d65bb1f3e2f9080c12776954838ef114/element - {"using":"xpath","value":"//input[@id=\"application-manageconditionprice-display-component---newCondition--condRU-inner\"]"}
RESULT: {"using":"xpath","value":"//input[@id=\"application-manageconditionprice-display-component---newCondition--condRU-inner\"]"}
COMMAND: POST /session/d65bb1f3e2f9080c12776954838ef114/element/f.AD1387FB3635F7347677CF9BEECFB356.d.E228139699CA07DB9887D2743C242FA0.e.14022/clear - {}
RESULT: {}
COMMAND: POST /session/d65bb1f3e2f9080c12776954838ef114/element/f.AD1387FB3635F7347677CF9BEECFB356.d.E228139699CA07DB9887D2743C242FA0.e.14022/value - {"text":"Mmr6dTnULR"}
COMMAND: GET /session/d65bb1f3e2f9080c12776954838ef114/screenshot - {}
RESULT: {"text":"Mmr6dTnULR"}
COMMAND: GET /session/d65bb1f3e2f9080c12776954838ef114/screenshot - {}
RESULT: {}
RESULT: {}
COMMAND: POST /session/d65bb1f3e2f9080c12776954838ef114/actions - {"actions":[{"id":"action51","type":"key","parameters":{},"actions":[{"type":"keyDown","value":"î€‡"},{"type":"pause","duration":10},{"type":"keyUp","value":"î€‡"}]}]}
RESULT: {"actions":[{"id":"action51","type":"key","parameters":{},"actions":[{"type":"keyDown","value":"î€‡"},{"type":"pause","duration":10},{"type":"keyUp","value":"î€‡"}]}]}
COMMAND: POST /session/d65bb1f3e2f9080c12776954838ef114/execute/async - {"script":"<script> [1562 bytes]","args":[{"selector":{"id":"application-manageconditionprice-display-component---newCondition--condBaseQty","interaction":{"idSuffix":"inner"}},"wdio_ui5_key":"applicationmanageconditionprice-display-component---newCondition--condBaseQty"}]}
COMMAND: GET /session/d65bb1f3e2f9080c12776954838ef114/screenshot - {}
RESULT: {"script":"<script> [1562 bytes]","args":[{"selector":{"id":"application-manageconditionprice-display-component---newCondition--condBaseQty","interaction":{"idSuffix":"inner"}},"wdio_ui5_key":"applicationmanageconditionprice-display-component---newCondition--condBaseQty"}]}
RESULT: undefined
COMMAND: POST /session/d65bb1f3e2f9080c12776954838ef114/execute/async - {"script":"<script> [776 bytes]","args":[{"enterText":"1","selector":{"id":"application-manageconditionprice-display-component---newCondition--condBaseQty","interaction":{"idSuffix":"inner"}},"clearTextFirst":true,"interactionType":"ENTER_TEXT"}]}
RESULT: {}
RESULT: {"script":"<script> [776 bytes]","args":[{"enterText":"1","selector":{"id":"application-manageconditionprice-display-component---newCondition--condBaseQty","interaction":{"idSuffix":"inner"}},"clearTextFirst":true,"interactionType":"ENTER_TEXT"}]}
COMMAND: POST /session/d65bb1f3e2f9080c12776954838ef114/execute/async - {"script":"<script> [1562 bytes]","args":[{"selector":{"id":"application-manageconditionprice-display-component---newCondition--condValue","interaction":{"idSuffix":"inner"}},"wdio_ui5_key":"applicationmanageconditionprice-display-component---newCondition--condValue"}]}
RESULT: {"script":"<script> [1562 bytes]","args":[{"selector":{"id":"application-manageconditionprice-display-component---newCondition--condValue","interaction":{"idSuffix":"inner"}},"wdio_ui5_key":"applicationmanageconditionprice-display-component---newCondition--condValue"}]}
RESULT: undefined
COMMAND: POST /session/d65bb1f3e2f9080c12776954838ef114/execute/async - {"script":"<script> [776 bytes]","args":[{"enterText":"100","selector":{"id":"application-manageconditionprice-display-component---newCondition--condValue","interaction":{"idSuffix":"inner"}},"clearTextFirst":true,"interactionType":"ENTER_TEXT"}]}
RESULT: {"script":"<script> [776 bytes]","args":[{"enterText":"100","selector":{"id":"application-manageconditionprice-display-component---newCondition--condValue","interaction":{"idSuffix":"inner"}},"clearTextFirst":true,"interactionType":"ENTER_TEXT"}]}
COMMAND: POST /session/d65bb1f3e2f9080c12776954838ef114/execute/async - {"script":"<script> [1562 bytes]","args":[{"selector":{"id":"application-manageconditionprice-display-component---newCondition--condCurr-arrow"},"wdio_ui5_key":"applicationmanageconditionprice-display-component---newCondition--condCurr-arrow"}]}
RESULT: {"script":"<script> [1562 bytes]","args":[{"selector":{"id":"application-manageconditionprice-display-component---newCondition--condCurr-arrow"},"wdio_ui5_key":"applicationmanageconditionprice-display-component---newCondition--condCurr-arrow"}]}
RESULT: undefined
COMMAND: POST /session/d65bb1f3e2f9080c12776954838ef114/element - {"using":"xpath","value":"//*[@id=\"application-manageconditionprice-display-component---newCondition--condCurr-arrow\"]"}
RESULT: {"using":"xpath","value":"//*[@id=\"application-manageconditionprice-display-component---newCondition--condCurr-arrow\"]"}
COMMAND: POST /session/d65bb1f3e2f9080c12776954838ef114/element/f.AD1387FB3635F7347677CF9BEECFB356.d.E228139699CA07DB9887D2743C242FA0.e.14113/click - {}
RESULT: {}
COMMAND: POST /session/d65bb1f3e2f9080c12776954838ef114/element - {"using":"xpath","value":"//span[contains(text(), \"Euro\")]"}
COMMAND: GET /session/d65bb1f3e2f9080c12776954838ef114/screenshot - {}
RESULT: {"using":"xpath","value":"//span[contains(text(), \"Euro\")]"}
COMMAND: POST /session/d65bb1f3e2f9080c12776954838ef114/element/f.AD1387FB3635F7347677CF9BEECFB356.d.E228139699CA07DB9887D2743C242FA0.e.14197/click - {}
RESULT: {}
RESULT: {}
COMMAND: POST /session/d65bb1f3e2f9080c12776954838ef114/element - {"using":"xpath","value":"//button[@data-kt=\"saveButton\"]"}
COMMAND: GET /session/d65bb1f3e2f9080c12776954838ef114/screenshot - {}
RESULT: {"using":"xpath","value":"//button[@data-kt=\"saveButton\"]"}
COMMAND: POST /session/d65bb1f3e2f9080c12776954838ef114/element/f.AD1387FB3635F7347677CF9BEECFB356.d.E228139699CA07DB9887D2743C242FA0.e.14114/click - {}
RESULT: {}
RESULT: {}
COMMAND: GET /session/d65bb1f3e2f9080c12776954838ef114/screenshot - {}
RESULT: {}
COMMAND: POST /session/d65bb1f3e2f9080c12776954838ef114/execute/async - {"script":"<script> [1562 bytes]","args":[{"selector":{"id":"application-manageconditionprice-display-component---conditions--smartFilterBar-btnBasicSearch","interaction":{"idSuffix":"I"}},"wdio_ui5_key":"applicationmanageconditionprice-display-component---conditions--smartFilterBar-btnBasicSearch"}]}
RESULT: {"script":"<script> [1562 bytes]","args":[{"selector":{"id":"application-manageconditionprice-display-component---conditions--smartFilterBar-btnBasicSearch","interaction":{"idSuffix":"I"}},"wdio_ui5_key":"applicationmanageconditionprice-display-component---conditions--smartFilterBar-btnBasicSearch"}]}
RESULT: undefined
COMMAND: POST /session/d65bb1f3e2f9080c12776954838ef114/execute/async - {"script":"<script> [776 bytes]","args":[{"enterText":"Mmr6dTnULR","selector":{"id":"application-manageconditionprice-display-component---conditions--smartFilterBar-btnBasicSearch","interaction":{"idSuffix":"I"}},"clearTextFirst":true,"interactionType":"ENTER_TEXT"}]}
RESULT: {"script":"<script> [776 bytes]","args":[{"enterText":"Mmr6dTnULR","selector":{"id":"application-manageconditionprice-display-component---conditions--smartFilterBar-btnBasicSearch","interaction":{"idSuffix":"I"}},"clearTextFirst":true,"interactionType":"ENTER_TEXT"}]}
COMMAND: POST /session/d65bb1f3e2f9080c12776954838ef114/actions - {"actions":[{"id":"action52","type":"key","parameters":{},"actions":[{"type":"keyDown","value":"î€‡"},{"type":"pause","duration":10},{"type":"keyUp","value":"î€‡"}]}]}
RESULT: {"actions":[{"id":"action52","type":"key","parameters":{},"actions":[{"type":"keyDown","value":"î€‡"},{"type":"pause","duration":10},{"type":"keyUp","value":"î€‡"}]}]}
COMMAND: GET /session/d65bb1f3e2f9080c12776954838ef114/screenshot - {}
RESULT: {}
COMMAND: POST /session/d65bb1f3e2f9080c12776954838ef114/execute/async - {"script":"<script> [1562 bytes]","args":[{"selector":{"id":"application-manageconditionprice-display-component---conditions--smartFilterBar-filterItemControl_BASIC-BILL_TYPES-vhi"},"wdio_ui5_key":"applicationmanageconditionprice-display-component---conditions--smartFilterBar-filterItemControl_BASIC-BILL_TYPES-vhi"}]}
RESULT: {"script":"<script> [1562 bytes]","args":[{"selector":{"id":"application-manageconditionprice-display-component---conditions--smartFilterBar-filterItemControl_BASIC-BILL_TYPES-vhi"},"wdio_ui5_key":"applicationmanageconditionprice-display-component---conditions--smartFilterBar-filterItemControl_BASIC-BILL_TYPES-vhi"}]}
RESULT: undefined
COMMAND: POST /session/d65bb1f3e2f9080c12776954838ef114/element - {"using":"xpath","value":"//*[@id=\"application-manageconditionprice-display-component---conditions--smartFilterBar-filterItemControl_BASIC-BILL_TYPES-vhi\"]"}
RESULT: {"using":"xpath","value":"//*[@id=\"application-manageconditionprice-display-component---conditions--smartFilterBar-filterItemControl_BASIC-BILL_TYPES-vhi\"]"}
COMMAND: POST /session/d65bb1f3e2f9080c12776954838ef114/element/f.AD1387FB3635F7347677CF9BEECFB356.d.E228139699CA07DB9887D2743C242FA0.e.14213/click - {}
RESULT: {}
COMMAND: POST /session/d65bb1f3e2f9080c12776954838ef114/execute/async - {"script":"<script> [1562 bytes]","args":[{"selector":{"id":"application-manageconditionprice-display-component---conditions--smartFilterBar-filterItemControl_BASIC-BILL_TYPES-valueHelpDialog-smartFilterBar-btnBasicSearch","searchOpenDialogs":true,"interaction":{"idSuffix":"I"}},"wdio_ui5_key":"applicationmanageconditionprice-display-component---conditions--smartFilterBar-filterItemControl_BASIC-BILL_TYPES-valueHelpDialog-smartFilterBar-btnBasicSearch"}]}
COMMAND: GET /session/d65bb1f3e2f9080c12776954838ef114/screenshot - {}
RESULT: {"script":"<script> [1562 bytes]","args":[{"selector":{"id":"application-manageconditionprice-display-component---conditions--smartFilterBar-filterItemControl_BASIC-BILL_TYPES-valueHelpDialog-smartFilterBar-btnBasicSearch","searchOpenDialogs":true,"interaction":{"idSuffix":"I"}},"wdio_ui5_key":"applicationmanageconditionprice-display-component---conditions--smartFilterBar-filterItemControl_BASIC-BILL_TYPES-valueHelpDialog-smartFilterBar-btnBasicSearch"}]}
RESULT: undefined
COMMAND: POST /session/d65bb1f3e2f9080c12776954838ef114/execute/async - {"script":"<script> [776 bytes]","args":[{"enterText":"TB","selector":{"id":"application-manageconditionprice-display-component---conditions--smartFilterBar-filterItemControl_BASIC-BILL_TYPES-valueHelpDialog-smartFilterBar-btnBasicSearch","searchOpenDialogs":true,"interaction":{"idSuffix":"I"}},"clearTextFirst":true,"interactionType":"ENTER_TEXT"}]}
RESULT: {}
RESULT: {"script":"<script> [776 bytes]","args":[{"enterText":"TB","selector":{"id":"application-manageconditionprice-display-component---conditions--smartFilterBar-filterItemControl_BASIC-BILL_TYPES-valueHelpDialog-smartFilterBar-btnBasicSearch","searchOpenDialogs":true,"interaction":{"idSuffix":"I"}},"clearTextFirst":true,"interactionType":"ENTER_TEXT"}]}
COMMAND: POST /session/d65bb1f3e2f9080c12776954838ef114/actions - {"actions":[{"id":"action53","type":"key","parameters":{},"actions":[{"type":"keyDown","value":"î€‡"},{"type":"pause","duration":10},{"type":"keyUp","value":"î€‡"}]}]}
RESULT: {"actions":[{"id":"action53","type":"key","parameters":{},"actions":[{"type":"keyDown","value":"î€‡"},{"type":"pause","duration":10},{"type":"keyUp","value":"î€‡"}]}]}
COMMAND: GET /session/d65bb1f3e2f9080c12776954838ef114/screenshot - {}
RESULT: {}
COMMAND: POST /session/d65bb1f3e2f9080c12776954838ef114/element - {"using":"xpath","value":"//div[contains(@id, 'application-manageconditionprice-display-component---conditions--smartFilterBar-filterItemControl_BASIC-BILL_TYPES-valueHelpDialog-table-rowsel0')]"}
RESULT: {"using":"xpath","value":"//div[contains(@id, 'application-manageconditionprice-display-component---conditions--smartFilterBar-filterItemControl_BASIC-BILL_TYPES-valueHelpDialog-table-rowsel0')]"}
COMMAND: POST /session/d65bb1f3e2f9080c12776954838ef114/element/f.AD1387FB3635F7347677CF9BEECFB356.d.E228139699CA07DB9887D2743C242FA0.e.14223/click - {}
RESULT: {}
COMMAND: GET /session/d65bb1f3e2f9080c12776954838ef114/screenshot - {}
RESULT: {}
COMMAND: POST /session/d65bb1f3e2f9080c12776954838ef114/element - {"using":"xpath","value":"//bdi[contains(text(), \"OK\")]"}
RESULT: {"using":"xpath","value":"//bdi[contains(text(), \"OK\")]"}
COMMAND: POST /session/d65bb1f3e2f9080c12776954838ef114/element/f.AD1387FB3635F7347677CF9BEECFB356.d.E228139699CA07DB9887D2743C242FA0.e.14225/click - {}
RESULT: {}
COMMAND: GET /session/d65bb1f3e2f9080c12776954838ef114/screenshot - {}
RESULT: {}
COMMAND: POST /session/d65bb1f3e2f9080c12776954838ef114/element - {"using":"xpath","value":"//span[@id=\"application-manageconditionprice-display-component---conditions--smartTable-header-inner\"]"}
RESULT: {"using":"xpath","value":"//span[@id=\"application-manageconditionprice-display-component---conditions--smartTable-header-inner\"]"}
COMMAND: POST /session/d65bb1f3e2f9080c12776954838ef114/elements - {"using":"xpath","value":"//span[@id=\"application-manageconditionprice-display-component---conditions--smartTable-header-inner\"]"}
RESULT: {"using":"xpath","value":"//span[@id=\"application-manageconditionprice-display-component---conditions--smartTable-header-inner\"]"}
COMMAND: POST /session/d65bb1f3e2f9080c12776954838ef114/execute/sync - {"script":"<script> [56 bytes]","args":[{"element-6066-11e4-a52e-4f735466cecf":"f.AD1387FB3635F7347677CF9BEECFB356.d.E228139699CA07DB9887D2743C242FA0.e.14228","ELEMENT":"f.AD1387FB3635F7347677CF9BEECFB356.d.E228139699CA07DB9887D2743C242FA0.e.14228"}]}
RESULT: {"script":"<script> [56 bytes]","args":[{"element-6066-11e4-a52e-4f735466cecf":"f.AD1387FB3635F7347677CF9BEECFB356.d.E228139699CA07DB9887D2743C242FA0.e.14228","ELEMENT":"f.AD1387FB3635F7347677CF9BEECFB356.d.E228139699CA07DB9887D2743C242FA0.e.14228"}]}
COMMAND: POST /session/d65bb1f3e2f9080c12776954838ef114/element - {"using":"css selector","value":"#shell-header-logo"}
COMMAND: GET /session/d65bb1f3e2f9080c12776954838ef114/screenshot - {}
RESULT: {"using":"css selector","value":"#shell-header-logo"}
COMMAND: POST /session/d65bb1f3e2f9080c12776954838ef114/element/f.AD1387FB3635F7347677CF9BEECFB356.d.E228139699CA07DB9887D2743C242FA0.e.13945/click - {}
RESULT: {}
RESULT: {}
COMMAND: GET /session/d65bb1f3e2f9080c12776954838ef114/screenshot - {}
RESULT: {}
]]></system-out>
    </testcase>
    <testcase classname="chrome.135_0_7049_96.windows.Billing_transfer_US117289" name="Should do a stock increase" time="87.287">
      <system-out><![CDATA[
COMMAND: POST /session/d65bb1f3e2f9080c12776954838ef114/execute/async - {"script":"<script> [1562 bytes]","args":[{"selector":{"controlType":"sap.m.Text","viewName":"etm.portal.ui.managehandoverstile.view.Master","properties":{"text":"Manage Handovers"},"interaction":{"idSuffix":"inner"}},"wdio_ui5_key":"etmportal.ui.managehandoverstile.view.Mastersap.m.Text{\"text\":\"Manage Handovers\"}"}]}
RESULT: {"script":"<script> [1562 bytes]","args":[{"selector":{"controlType":"sap.m.Text","viewName":"etm.portal.ui.managehandoverstile.view.Master","properties":{"text":"Manage Handovers"},"interaction":{"idSuffix":"inner"}},"wdio_ui5_key":"etmportal.ui.managehandoverstile.view.Mastersap.m.Text{\"text\":\"Manage Handovers\"}"}]}
RESULT: undefined
COMMAND: POST /session/d65bb1f3e2f9080c12776954838ef114/element - {"using":"xpath","value":"//*[@id=\"__tile133-title\"]"}
RESULT: {"using":"xpath","value":"//*[@id=\"__tile133-title\"]"}
COMMAND: POST /session/d65bb1f3e2f9080c12776954838ef114/element/f.AD1387FB3635F7347677CF9BEECFB356.d.E228139699CA07DB9887D2743C242FA0.e.14233/click - {}
RESULT: {}
COMMAND: POST /session/d65bb1f3e2f9080c12776954838ef114/element - {"using":"xpath","value":"//button[@data-kt=\"masterHOAddButton\"]"}
COMMAND: GET /session/d65bb1f3e2f9080c12776954838ef114/screenshot - {}
RESULT: {"using":"xpath","value":"//button[@data-kt=\"masterHOAddButton\"]"}
COMMAND: POST /session/d65bb1f3e2f9080c12776954838ef114/elements - {"using":"xpath","value":"//button[@data-kt=\"masterHOAddButton\"]"}
RESULT: {}
RESULT: {"using":"xpath","value":"//button[@data-kt=\"masterHOAddButton\"]"}
COMMAND: POST /session/d65bb1f3e2f9080c12776954838ef114/elements - {"using":"xpath","value":"//button[@data-kt=\"masterHOAddButton\"]"}
RESULT: {"using":"xpath","value":"//button[@data-kt=\"masterHOAddButton\"]"}
COMMAND: POST /session/d65bb1f3e2f9080c12776954838ef114/elements - {"using":"xpath","value":"//button[@data-kt=\"masterHOAddButton\"]"}
RESULT: {"using":"xpath","value":"//button[@data-kt=\"masterHOAddButton\"]"}
COMMAND: POST /session/d65bb1f3e2f9080c12776954838ef114/elements - {"using":"xpath","value":"//button[@data-kt=\"masterHOAddButton\"]"}
RESULT: {"using":"xpath","value":"//button[@data-kt=\"masterHOAddButton\"]"}
COMMAND: POST /session/d65bb1f3e2f9080c12776954838ef114/element - {"using":"xpath","value":"//button[@data-kt=\"masterHOAddButton\"]"}
RESULT: {"using":"xpath","value":"//button[@data-kt=\"masterHOAddButton\"]"}
COMMAND: POST /session/d65bb1f3e2f9080c12776954838ef114/execute/sync - {"script":"<script> [8489 bytes]","args":[{"element-6066-11e4-a52e-4f735466cecf":"f.AD1387FB3635F7347677CF9BEECFB356.d.E228139699CA07DB9887D2743C242FA0.e.14272","ELEMENT":"f.AD1387FB3635F7347677CF9BEECFB356.d.E228139699CA07DB9887D2743C242FA0.e.14272"}]}
RESULT: {"script":"<script> [8489 bytes]","args":[{"element-6066-11e4-a52e-4f735466cecf":"f.AD1387FB3635F7347677CF9BEECFB356.d.E228139699CA07DB9887D2743C242FA0.e.14272","ELEMENT":"f.AD1387FB3635F7347677CF9BEECFB356.d.E228139699CA07DB9887D2743C242FA0.e.14272"}]}
COMMAND: GET /session/d65bb1f3e2f9080c12776954838ef114/element/f.AD1387FB3635F7347677CF9BEECFB356.d.E228139699CA07DB9887D2743C242FA0.e.14272/enabled - {}
COMMAND: GET /session/d65bb1f3e2f9080c12776954838ef114/screenshot - {}
RESULT: {}
COMMAND: POST /session/d65bb1f3e2f9080c12776954838ef114/execute/sync - {"script":"<script> [8489 bytes]","args":[{"element-6066-11e4-a52e-4f735466cecf":"f.AD1387FB3635F7347677CF9BEECFB356.d.E228139699CA07DB9887D2743C242FA0.e.14272","ELEMENT":"f.AD1387FB3635F7347677CF9BEECFB356.d.E228139699CA07DB9887D2743C242FA0.e.14272"}]}
COMMAND: GET /session/d65bb1f3e2f9080c12776954838ef114/screenshot - {}
RESULT: {}
RESULT: {"script":"<script> [8489 bytes]","args":[{"element-6066-11e4-a52e-4f735466cecf":"f.AD1387FB3635F7347677CF9BEECFB356.d.E228139699CA07DB9887D2743C242FA0.e.14272","ELEMENT":"f.AD1387FB3635F7347677CF9BEECFB356.d.E228139699CA07DB9887D2743C242FA0.e.14272"}]}
COMMAND: POST /session/d65bb1f3e2f9080c12776954838ef114/execute/sync - {"script":"<script> [5351 bytes]","args":[{"element-6066-11e4-a52e-4f735466cecf":"f.AD1387FB3635F7347677CF9BEECFB356.d.E228139699CA07DB9887D2743C242FA0.e.14272","ELEMENT":"f.AD1387FB3635F7347677CF9BEECFB356.d.E228139699CA07DB9887D2743C242FA0.e.14272"}]}
COMMAND: GET /session/d65bb1f3e2f9080c12776954838ef114/screenshot - {}
RESULT: {}
RESULT: {"script":"<script> [5351 bytes]","args":[{"element-6066-11e4-a52e-4f735466cecf":"f.AD1387FB3635F7347677CF9BEECFB356.d.E228139699CA07DB9887D2743C242FA0.e.14272","ELEMENT":"f.AD1387FB3635F7347677CF9BEECFB356.d.E228139699CA07DB9887D2743C242FA0.e.14272"}]}
COMMAND: POST /session/d65bb1f3e2f9080c12776954838ef114/element/f.AD1387FB3635F7347677CF9BEECFB356.d.E228139699CA07DB9887D2743C242FA0.e.14272/click - {}
COMMAND: GET /session/d65bb1f3e2f9080c12776954838ef114/screenshot - {}
RESULT: {}
RESULT: {}
COMMAND: GET /session/d65bb1f3e2f9080c12776954838ef114/screenshot - {}
COMMAND: POST /session/d65bb1f3e2f9080c12776954838ef114/element - {"using":"xpath","value":"//span[contains(@id ,\"AddNewHO--typeSelect-arrow\")]"}
RESULT: {}
RESULT: {}
RESULT: {"using":"xpath","value":"//span[contains(@id ,\"AddNewHO--typeSelect-arrow\")]"}
COMMAND: POST /session/d65bb1f3e2f9080c12776954838ef114/element/f.AD1387FB3635F7347677CF9BEECFB356.d.E228139699CA07DB9887D2743C242FA0.e.14607/click - {}
RESULT: {}
COMMAND: GET /session/d65bb1f3e2f9080c12776954838ef114/screenshot - {}
RESULT: {}
COMMAND: POST /session/d65bb1f3e2f9080c12776954838ef114/element - {"using":"xpath","value":"(//li[contains(text(), \"stock increase yard\")])[1]"}
RESULT: {"using":"xpath","value":"(//li[contains(text(), \"stock increase yard\")])[1]"}
COMMAND: POST /session/d65bb1f3e2f9080c12776954838ef114/element/f.AD1387FB3635F7347677CF9BEECFB356.d.E228139699CA07DB9887D2743C242FA0.e.14608/click - {}
RESULT: {}
COMMAND: GET /session/d65bb1f3e2f9080c12776954838ef114/screenshot - {}
RESULT: {}
COMMAND: POST /session/d65bb1f3e2f9080c12776954838ef114/execute/async - {"script":"<script> [1562 bytes]","args":[{"selector":{"id":"application-managehandovers-display-component---AddNewHO--dueDate","interaction":{"idSuffix":"inner"}},"wdio_ui5_key":"applicationmanagehandovers-display-component---AddNewHO--dueDate"}]}
RESULT: {"script":"<script> [1562 bytes]","args":[{"selector":{"id":"application-managehandovers-display-component---AddNewHO--dueDate","interaction":{"idSuffix":"inner"}},"wdio_ui5_key":"applicationmanagehandovers-display-component---AddNewHO--dueDate"}]}
RESULT: undefined
COMMAND: POST /session/d65bb1f3e2f9080c12776954838ef114/execute/async - {"script":"<script> [6424 bytes]","args":[{"element-6066-11e4-a52e-4f735466cecf":"f.AD1387FB3635F7347677CF9BEECFB356.d.E228139699CA07DB9887D2743C242FA0.e.14612"},"setValue",["05/03/2025"]]}
RESULT: {"script":"<script> [6424 bytes]","args":[{"element-6066-11e4-a52e-4f735466cecf":"f.AD1387FB3635F7347677CF9BEECFB356.d.E228139699CA07DB9887D2743C242FA0.e.14612"},"setValue",["05/03/2025"]]}
COMMAND: POST /session/d65bb1f3e2f9080c12776954838ef114/element - {"using":"xpath","value":"//input[@id=\"generalSectionFrg--receiveYard-inner\"]"}
RESULT: {"using":"xpath","value":"//input[@id=\"generalSectionFrg--receiveYard-inner\"]"}
COMMAND: POST /session/d65bb1f3e2f9080c12776954838ef114/element/f.AD1387FB3635F7347677CF9BEECFB356.d.E228139699CA07DB9887D2743C242FA0.e.14618/clear - {}
RESULT: {}
COMMAND: POST /session/d65bb1f3e2f9080c12776954838ef114/element/f.AD1387FB3635F7347677CF9BEECFB356.d.E228139699CA07DB9887D2743C242FA0.e.14618/value - {"text":"533"}
COMMAND: GET /session/d65bb1f3e2f9080c12776954838ef114/screenshot - {}
RESULT: {"text":"533"}
COMMAND: GET /session/d65bb1f3e2f9080c12776954838ef114/screenshot - {}
RESULT: {}
RESULT: {}
COMMAND: POST /session/d65bb1f3e2f9080c12776954838ef114/element - {"using":"xpath","value":"//li[.//span[text()='533']]"}
RESULT: {"using":"xpath","value":"//li[.//span[text()='533']]"}
COMMAND: POST /session/d65bb1f3e2f9080c12776954838ef114/element/f.AD1387FB3635F7347677CF9BEECFB356.d.E228139699CA07DB9887D2743C242FA0.e.14634/click - {}
RESULT: {}
COMMAND: GET /session/d65bb1f3e2f9080c12776954838ef114/screenshot - {}
RESULT: {}
COMMAND: POST /session/d65bb1f3e2f9080c12776954838ef114/execute/async - {"script":"<script> [1562 bytes]","args":[{"selector":{"id":"application-managehandovers-display-component---AddNewHO--ObjectPageLayout-anchBar-application-managehandovers-display-component---AddNewHO--section4-anchor","interaction":{"idSuffix":"BDI-content"}},"wdio_ui5_key":"applicationmanagehandovers-display-component---AddNewHO--ObjectPageLayout-anchBar-application-managehandovers-display-component---AddNewHO--section4-anchor"}]}
RESULT: {"script":"<script> [1562 bytes]","args":[{"selector":{"id":"application-managehandovers-display-component---AddNewHO--ObjectPageLayout-anchBar-application-managehandovers-display-component---AddNewHO--section4-anchor","interaction":{"idSuffix":"BDI-content"}},"wdio_ui5_key":"applicationmanagehandovers-display-component---AddNewHO--ObjectPageLayout-anchBar-application-managehandovers-display-component---AddNewHO--section4-anchor"}]}
RESULT: undefined
COMMAND: POST /session/d65bb1f3e2f9080c12776954838ef114/element - {"using":"xpath","value":"//*[@id=\"application-managehandovers-display-component---AddNewHO--ObjectPageLayout-anchBar-application-managehandovers-display-component---AddNewHO--section4-anchor\"]"}
RESULT: {"using":"xpath","value":"//*[@id=\"application-managehandovers-display-component---AddNewHO--ObjectPageLayout-anchBar-application-managehandovers-display-component---AddNewHO--section4-anchor\"]"}
COMMAND: POST /session/d65bb1f3e2f9080c12776954838ef114/element/f.AD1387FB3635F7347677CF9BEECFB356.d.E228139699CA07DB9887D2743C242FA0.e.14636/click - {}
RESULT: {}
COMMAND: POST /session/d65bb1f3e2f9080c12776954838ef114/element - {"using":"xpath","value":"//button[@aria-label=\"Add\"]"}
COMMAND: GET /session/d65bb1f3e2f9080c12776954838ef114/screenshot - {}
RESULT: {"using":"xpath","value":"//button[@aria-label=\"Add\"]"}
COMMAND: POST /session/d65bb1f3e2f9080c12776954838ef114/element/f.AD1387FB3635F7347677CF9BEECFB356.d.E228139699CA07DB9887D2743C242FA0.e.14640/click - {}
RESULT: {}
RESULT: {}
COMMAND: GET /session/d65bb1f3e2f9080c12776954838ef114/screenshot - {}
RESULT: {}
COMMAND: POST /session/d65bb1f3e2f9080c12776954838ef114/execute/async - {"script":"<script> [1562 bytes]","args":[{"selector":{"id":"application-managehandovers-display-component---AddNewHO--smartFilterBar-btnBasicSearch","searchOpenDialogs":true,"interaction":{"idSuffix":"I"}},"wdio_ui5_key":"applicationmanagehandovers-display-component---AddNewHO--smartFilterBar-btnBasicSearch"}]}
RESULT: {"script":"<script> [1562 bytes]","args":[{"selector":{"id":"application-managehandovers-display-component---AddNewHO--smartFilterBar-btnBasicSearch","searchOpenDialogs":true,"interaction":{"idSuffix":"I"}},"wdio_ui5_key":"applicationmanagehandovers-display-component---AddNewHO--smartFilterBar-btnBasicSearch"}]}
RESULT: undefined
COMMAND: POST /session/d65bb1f3e2f9080c12776954838ef114/execute/async - {"script":"<script> [776 bytes]","args":[{"enterText":"Mmr6dTnULR","selector":{"id":"application-managehandovers-display-component---AddNewHO--smartFilterBar-btnBasicSearch","searchOpenDialogs":true,"interaction":{"idSuffix":"I"}},"clearTextFirst":true,"interactionType":"ENTER_TEXT"}]}
RESULT: {"script":"<script> [776 bytes]","args":[{"enterText":"Mmr6dTnULR","selector":{"id":"application-managehandovers-display-component---AddNewHO--smartFilterBar-btnBasicSearch","searchOpenDialogs":true,"interaction":{"idSuffix":"I"}},"clearTextFirst":true,"interactionType":"ENTER_TEXT"}]}
COMMAND: POST /session/d65bb1f3e2f9080c12776954838ef114/actions - {"actions":[{"id":"action54","type":"key","parameters":{},"actions":[{"type":"keyDown","value":"î€‡"},{"type":"pause","duration":10},{"type":"keyUp","value":"î€‡"}]}]}
RESULT: {"actions":[{"id":"action54","type":"key","parameters":{},"actions":[{"type":"keyDown","value":"î€‡"},{"type":"pause","duration":10},{"type":"keyUp","value":"î€‡"}]}]}
COMMAND: GET /session/d65bb1f3e2f9080c12776954838ef114/screenshot - {}
RESULT: {}
COMMAND: POST /session/d65bb1f3e2f9080c12776954838ef114/execute/async - {"script":"<script> [1562 bytes]","args":[{"selector":{"id":"application-managehandovers-display-component---AddNewHO--popup-sa","searchOpenDialogs":true,"interaction":{"idSuffix":"CbBg"}},"wdio_ui5_key":"applicationmanagehandovers-display-component---AddNewHO--popup-sa"}]}
RESULT: {"script":"<script> [1562 bytes]","args":[{"selector":{"id":"application-managehandovers-display-component---AddNewHO--popup-sa","searchOpenDialogs":true,"interaction":{"idSuffix":"CbBg"}},"wdio_ui5_key":"applicationmanagehandovers-display-component---AddNewHO--popup-sa"}]}
RESULT: undefined
COMMAND: POST /session/d65bb1f3e2f9080c12776954838ef114/element - {"using":"xpath","value":"//*[@id=\"application-managehandovers-display-component---AddNewHO--popup-sa\"]"}
RESULT: {"using":"xpath","value":"//*[@id=\"application-managehandovers-display-component---AddNewHO--popup-sa\"]"}
COMMAND: POST /session/d65bb1f3e2f9080c12776954838ef114/element/f.AD1387FB3635F7347677CF9BEECFB356.d.E228139699CA07DB9887D2743C242FA0.e.14793/click - {}
RESULT: {}
COMMAND: GET /session/d65bb1f3e2f9080c12776954838ef114/screenshot - {}
RESULT: {}
COMMAND: POST /session/d65bb1f3e2f9080c12776954838ef114/element - {"using":"xpath","value":"//bdi[contains(text(), \"Select\")]"}
RESULT: {"using":"xpath","value":"//bdi[contains(text(), \"Select\")]"}
COMMAND: POST /session/d65bb1f3e2f9080c12776954838ef114/element/f.AD1387FB3635F7347677CF9BEECFB356.d.E228139699CA07DB9887D2743C242FA0.e.14794/click - {}
RESULT: {}
COMMAND: GET /session/d65bb1f3e2f9080c12776954838ef114/screenshot - {}
RESULT: {}
COMMAND: POST /session/d65bb1f3e2f9080c12776954838ef114/element - {"using":"xpath","value":"//button[@data-kt=\"AddNewHOSaveButton\"]"}
RESULT: {"using":"xpath","value":"//button[@data-kt=\"AddNewHOSaveButton\"]"}
COMMAND: POST /session/d65bb1f3e2f9080c12776954838ef114/element/f.AD1387FB3635F7347677CF9BEECFB356.d.E228139699CA07DB9887D2743C242FA0.e.14798/click - {}
RESULT: {}
COMMAND: GET /session/d65bb1f3e2f9080c12776954838ef114/screenshot - {}
RESULT: {}
COMMAND: POST /session/d65bb1f3e2f9080c12776954838ef114/execute/async - {"script":"<script> [1562 bytes]","args":[{"selector":{"id":"receiptDatePicker","viewName":"etm.portal.ui.managehandovers.view.DetailExecuteHO","interaction":{"idSuffix":"inner"}},"wdio_ui5_key":"receiptDatePickeretmportal.ui.managehandovers.view.DetailExecuteHO"}]}
RESULT: {"script":"<script> [1562 bytes]","args":[{"selector":{"id":"receiptDatePicker","viewName":"etm.portal.ui.managehandovers.view.DetailExecuteHO","interaction":{"idSuffix":"inner"}},"wdio_ui5_key":"receiptDatePickeretmportal.ui.managehandovers.view.DetailExecuteHO"}]}
RESULT: undefined
COMMAND: POST /session/d65bb1f3e2f9080c12776954838ef114/execute/async - {"script":"<script> [6424 bytes]","args":[{"element-6066-11e4-a52e-4f735466cecf":"f.AD1387FB3635F7347677CF9BEECFB356.d.E228139699CA07DB9887D2743C242FA0.e.14827"},"setValue",["05/03/2025"]]}
RESULT: {"script":"<script> [6424 bytes]","args":[{"element-6066-11e4-a52e-4f735466cecf":"f.AD1387FB3635F7347677CF9BEECFB356.d.E228139699CA07DB9887D2743C242FA0.e.14827"},"setValue",["05/03/2025"]]}
COMMAND: POST /session/d65bb1f3e2f9080c12776954838ef114/element - {"using":"xpath","value":"//button[@data-kt=\"PickingTableConfirmAllButton\"]"}
RESULT: {"using":"xpath","value":"//button[@data-kt=\"PickingTableConfirmAllButton\"]"}
COMMAND: POST /session/d65bb1f3e2f9080c12776954838ef114/element/f.AD1387FB3635F7347677CF9BEECFB356.d.E228139699CA07DB9887D2743C242FA0.e.14843/click - {}
RESULT: {}
COMMAND: GET /session/d65bb1f3e2f9080c12776954838ef114/screenshot - {}
RESULT: {}
COMMAND: POST /session/d65bb1f3e2f9080c12776954838ef114/element - {"using":"xpath","value":"//bdi[contains(text(), \"OK\")]"}
RESULT: {"using":"xpath","value":"//bdi[contains(text(), \"OK\")]"}
COMMAND: POST /session/d65bb1f3e2f9080c12776954838ef114/element/f.AD1387FB3635F7347677CF9BEECFB356.d.E228139699CA07DB9887D2743C242FA0.e.14845/click - {}
RESULT: {}
COMMAND: GET /session/d65bb1f3e2f9080c12776954838ef114/screenshot - {}
RESULT: {}
COMMAND: POST /session/d65bb1f3e2f9080c12776954838ef114/element - {"using":"xpath","value":"(//bdi[contains(text(), \"Receive\")])[2]"}
RESULT: {"using":"xpath","value":"(//bdi[contains(text(), \"Receive\")])[2]"}
COMMAND: POST /session/d65bb1f3e2f9080c12776954838ef114/element/f.AD1387FB3635F7347677CF9BEECFB356.d.E228139699CA07DB9887D2743C242FA0.e.14847/click - {}
RESULT: {}
COMMAND: GET /session/d65bb1f3e2f9080c12776954838ef114/screenshot - {}
RESULT: {}
COMMAND: POST /session/d65bb1f3e2f9080c12776954838ef114/element - {"using":"css selector","value":"#shell-header-logo"}
RESULT: {"using":"css selector","value":"#shell-header-logo"}
COMMAND: POST /session/d65bb1f3e2f9080c12776954838ef114/element/f.AD1387FB3635F7347677CF9BEECFB356.d.E228139699CA07DB9887D2743C242FA0.e.14235/click - {}
RESULT: {}
COMMAND: GET /session/d65bb1f3e2f9080c12776954838ef114/screenshot - {}
RESULT: {}
]]></system-out>
    </testcase>
    <testcase classname="chrome.135_0_7049_96.windows.Billing_transfer_US117289" name="Should create a new contract" time="68.191">
      <system-out><![CDATA[
COMMAND: POST /session/d65bb1f3e2f9080c12776954838ef114/execute/async - {"script":"<script> [1562 bytes]","args":[{"selector":{"controlType":"sap.m.Text","viewName":"etm.portal.ui.managecontractstile.view.Master","properties":{"text":"Manage Contracts"},"interaction":{"idSuffix":"inner"}},"wdio_ui5_key":"etmportal.ui.managecontractstile.view.Mastersap.m.Text{\"text\":\"Manage Contracts\"}"}]}
RESULT: {"script":"<script> [1562 bytes]","args":[{"selector":{"controlType":"sap.m.Text","viewName":"etm.portal.ui.managecontractstile.view.Master","properties":{"text":"Manage Contracts"},"interaction":{"idSuffix":"inner"}},"wdio_ui5_key":"etmportal.ui.managecontractstile.view.Mastersap.m.Text{\"text\":\"Manage Contracts\"}"}]}
RESULT: undefined
COMMAND: POST /session/d65bb1f3e2f9080c12776954838ef114/element - {"using":"xpath","value":"//*[@id=\"__tile130-title\"]"}
RESULT: {"using":"xpath","value":"//*[@id=\"__tile130-title\"]"}
COMMAND: POST /session/d65bb1f3e2f9080c12776954838ef114/element/f.AD1387FB3635F7347677CF9BEECFB356.d.E228139699CA07DB9887D2743C242FA0.e.15021/click - {}
RESULT: {}
COMMAND: GET /session/d65bb1f3e2f9080c12776954838ef114/screenshot - {}
COMMAND: POST /session/d65bb1f3e2f9080c12776954838ef114/element - {"using":"xpath","value":"//button[@data-kt=\"addButton\"]"}
RESULT: {}
RESULT: {"using":"xpath","value":"//button[@data-kt=\"addButton\"]"}
COMMAND: POST /session/d65bb1f3e2f9080c12776954838ef114/elements - {"using":"xpath","value":"//button[@data-kt=\"addButton\"]"}
RESULT: {"using":"xpath","value":"//button[@data-kt=\"addButton\"]"}
COMMAND: POST /session/d65bb1f3e2f9080c12776954838ef114/execute/sync - {"script":"<script> [8489 bytes]","args":[{"element-6066-11e4-a52e-4f735466cecf":"f.AD1387FB3635F7347677CF9BEECFB356.d.E228139699CA07DB9887D2743C242FA0.e.15087","ELEMENT":"f.AD1387FB3635F7347677CF9BEECFB356.d.E228139699CA07DB9887D2743C242FA0.e.15087"}]}
RESULT: {"script":"<script> [8489 bytes]","args":[{"element-6066-11e4-a52e-4f735466cecf":"f.AD1387FB3635F7347677CF9BEECFB356.d.E228139699CA07DB9887D2743C242FA0.e.15087","ELEMENT":"f.AD1387FB3635F7347677CF9BEECFB356.d.E228139699CA07DB9887D2743C242FA0.e.15087"}]}
COMMAND: GET /session/d65bb1f3e2f9080c12776954838ef114/element/f.AD1387FB3635F7347677CF9BEECFB356.d.E228139699CA07DB9887D2743C242FA0.e.15087/enabled - {}
COMMAND: GET /session/d65bb1f3e2f9080c12776954838ef114/screenshot - {}
RESULT: {}
COMMAND: POST /session/d65bb1f3e2f9080c12776954838ef114/execute/sync - {"script":"<script> [8489 bytes]","args":[{"element-6066-11e4-a52e-4f735466cecf":"f.AD1387FB3635F7347677CF9BEECFB356.d.E228139699CA07DB9887D2743C242FA0.e.15087","ELEMENT":"f.AD1387FB3635F7347677CF9BEECFB356.d.E228139699CA07DB9887D2743C242FA0.e.15087"}]}
COMMAND: GET /session/d65bb1f3e2f9080c12776954838ef114/screenshot - {}
RESULT: {}
RESULT: {"script":"<script> [8489 bytes]","args":[{"element-6066-11e4-a52e-4f735466cecf":"f.AD1387FB3635F7347677CF9BEECFB356.d.E228139699CA07DB9887D2743C242FA0.e.15087","ELEMENT":"f.AD1387FB3635F7347677CF9BEECFB356.d.E228139699CA07DB9887D2743C242FA0.e.15087"}]}
COMMAND: POST /session/d65bb1f3e2f9080c12776954838ef114/execute/sync - {"script":"<script> [5351 bytes]","args":[{"element-6066-11e4-a52e-4f735466cecf":"f.AD1387FB3635F7347677CF9BEECFB356.d.E228139699CA07DB9887D2743C242FA0.e.15087","ELEMENT":"f.AD1387FB3635F7347677CF9BEECFB356.d.E228139699CA07DB9887D2743C242FA0.e.15087"}]}
COMMAND: GET /session/d65bb1f3e2f9080c12776954838ef114/screenshot - {}
RESULT: {}
RESULT: {"script":"<script> [5351 bytes]","args":[{"element-6066-11e4-a52e-4f735466cecf":"f.AD1387FB3635F7347677CF9BEECFB356.d.E228139699CA07DB9887D2743C242FA0.e.15087","ELEMENT":"f.AD1387FB3635F7347677CF9BEECFB356.d.E228139699CA07DB9887D2743C242FA0.e.15087"}]}
COMMAND: GET /session/d65bb1f3e2f9080c12776954838ef114/screenshot - {}
RESULT: {}
RESULT: {}
COMMAND: POST /session/d65bb1f3e2f9080c12776954838ef114/element/f.AD1387FB3635F7347677CF9BEECFB356.d.E228139699CA07DB9887D2743C242FA0.e.15087/click - {}
RESULT: {}
COMMAND: GET /session/d65bb1f3e2f9080c12776954838ef114/screenshot - {}
COMMAND: POST /session/d65bb1f3e2f9080c12776954838ef114/execute/async - {"script":"<script> [1562 bytes]","args":[{"selector":{"id":"application-managecontracts-display-component---AddNewContract--projectDescription","interaction":{"idSuffix":"inner"}},"wdio_ui5_key":"applicationmanagecontracts-display-component---AddNewContract--projectDescription"}]}
RESULT: {}
RESULT: {"script":"<script> [1562 bytes]","args":[{"selector":{"id":"application-managecontracts-display-component---AddNewContract--projectDescription","interaction":{"idSuffix":"inner"}},"wdio_ui5_key":"applicationmanagecontracts-display-component---AddNewContract--projectDescription"}]}
RESULT: undefined
COMMAND: POST /session/d65bb1f3e2f9080c12776954838ef114/execute/async - {"script":"<script> [776 bytes]","args":[{"enterText":"Contract WDIO","selector":{"id":"application-managecontracts-display-component---AddNewContract--projectDescription","interaction":{"idSuffix":"inner"}},"clearTextFirst":true,"interactionType":"ENTER_TEXT"}]}
RESULT: {"script":"<script> [776 bytes]","args":[{"enterText":"Contract WDIO","selector":{"id":"application-managecontracts-display-component---AddNewContract--projectDescription","interaction":{"idSuffix":"inner"}},"clearTextFirst":true,"interactionType":"ENTER_TEXT"}]}
COMMAND: POST /session/d65bb1f3e2f9080c12776954838ef114/element - {"using":"xpath","value":"//input[@id=\"application-managecontracts-display-component---AddNewContract--site-inner\"]"}
RESULT: {"using":"xpath","value":"//input[@id=\"application-managecontracts-display-component---AddNewContract--site-inner\"]"}
COMMAND: POST /session/d65bb1f3e2f9080c12776954838ef114/element/f.AD1387FB3635F7347677CF9BEECFB356.d.E228139699CA07DB9887D2743C242FA0.e.15416/clear - {}
RESULT: {}
COMMAND: POST /session/d65bb1f3e2f9080c12776954838ef114/element/f.AD1387FB3635F7347677CF9BEECFB356.d.E228139699CA07DB9887D2743C242FA0.e.15416/value - {"text":"2366"}
COMMAND: GET /session/d65bb1f3e2f9080c12776954838ef114/screenshot - {}
RESULT: {"text":"2366"}
COMMAND: GET /session/d65bb1f3e2f9080c12776954838ef114/screenshot - {}
RESULT: {}
RESULT: {}
COMMAND: POST /session/d65bb1f3e2f9080c12776954838ef114/element - {"using":"xpath","value":"//li[.//span[text()='2366']]"}
RESULT: {"using":"xpath","value":"//li[.//span[text()='2366']]"}
COMMAND: POST /session/d65bb1f3e2f9080c12776954838ef114/element/f.AD1387FB3635F7347677CF9BEECFB356.d.E228139699CA07DB9887D2743C242FA0.e.15439/click - {}
RESULT: {}
COMMAND: GET /session/d65bb1f3e2f9080c12776954838ef114/screenshot - {}
RESULT: {}
COMMAND: POST /session/d65bb1f3e2f9080c12776954838ef114/element - {"using":"xpath","value":"//input[@id=\"application-managecontracts-display-component---AddNewContract--yardId-inner\"]"}
RESULT: {"using":"xpath","value":"//input[@id=\"application-managecontracts-display-component---AddNewContract--yardId-inner\"]"}
COMMAND: GET /session/d65bb1f3e2f9080c12776954838ef114/element/f.AD1387FB3635F7347677CF9BEECFB356.d.E228139699CA07DB9887D2743C242FA0.e.15417/property/value - {}
RESULT: {}
COMMAND: POST /session/d65bb1f3e2f9080c12776954838ef114/element - {"using":"xpath","value":"//input[@id=\"application-managecontracts-display-component---AddNewContract--customerSelect-inner\"]"}
COMMAND: GET /session/d65bb1f3e2f9080c12776954838ef114/screenshot - {}
RESULT: {"using":"xpath","value":"//input[@id=\"application-managecontracts-display-component---AddNewContract--customerSelect-inner\"]"}
COMMAND: POST /session/d65bb1f3e2f9080c12776954838ef114/element/f.AD1387FB3635F7347677CF9BEECFB356.d.E228139699CA07DB9887D2743C242FA0.e.15415/clear - {}
RESULT: {}
RESULT: {}
COMMAND: POST /session/d65bb1f3e2f9080c12776954838ef114/element/f.AD1387FB3635F7347677CF9BEECFB356.d.E228139699CA07DB9887D2743C242FA0.e.15415/value - {"text":"1408"}
COMMAND: GET /session/d65bb1f3e2f9080c12776954838ef114/screenshot - {}
RESULT: {"text":"1408"}
COMMAND: GET /session/d65bb1f3e2f9080c12776954838ef114/screenshot - {}
RESULT: {}
RESULT: {}
COMMAND: POST /session/d65bb1f3e2f9080c12776954838ef114/element - {"using":"xpath","value":"//li[.//span[text()='1408']]"}
RESULT: {"using":"xpath","value":"//li[.//span[text()='1408']]"}
COMMAND: POST /session/d65bb1f3e2f9080c12776954838ef114/element/f.AD1387FB3635F7347677CF9BEECFB356.d.E228139699CA07DB9887D2743C242FA0.e.15442/click - {}
RESULT: {}
COMMAND: GET /session/d65bb1f3e2f9080c12776954838ef114/screenshot - {}
RESULT: {}
COMMAND: POST /session/d65bb1f3e2f9080c12776954838ef114/element - {"using":"xpath","value":"//button[@data-kt=\"saveButton\"]"}
RESULT: {"using":"xpath","value":"//button[@data-kt=\"saveButton\"]"}
COMMAND: POST /session/d65bb1f3e2f9080c12776954838ef114/element/f.AD1387FB3635F7347677CF9BEECFB356.d.E228139699CA07DB9887D2743C242FA0.e.15432/click - {}
RESULT: {}
COMMAND: GET /session/d65bb1f3e2f9080c12776954838ef114/screenshot - {}
RESULT: {}
COMMAND: POST /session/d65bb1f3e2f9080c12776954838ef114/element - {"using":"xpath","value":"//span[contains(@id ,\"contractDetailTitleNoExpanded\")]"}
RESULT: {"using":"xpath","value":"//span[contains(@id ,\"contractDetailTitleNoExpanded\")]"}
COMMAND: POST /session/d65bb1f3e2f9080c12776954838ef114/elements - {"using":"xpath","value":"//span[contains(@id ,\"contractDetailTitleNoExpanded\")]"}
RESULT: {"using":"xpath","value":"//span[contains(@id ,\"contractDetailTitleNoExpanded\")]"}
COMMAND: POST /session/d65bb1f3e2f9080c12776954838ef114/execute/sync - {"script":"<script> [56 bytes]","args":[{"element-6066-11e4-a52e-4f735466cecf":"f.AD1387FB3635F7347677CF9BEECFB356.d.E228139699CA07DB9887D2743C242FA0.e.15493","ELEMENT":"f.AD1387FB3635F7347677CF9BEECFB356.d.E228139699CA07DB9887D2743C242FA0.e.15493"}]}
RESULT: {"script":"<script> [56 bytes]","args":[{"element-6066-11e4-a52e-4f735466cecf":"f.AD1387FB3635F7347677CF9BEECFB356.d.E228139699CA07DB9887D2743C242FA0.e.15493","ELEMENT":"f.AD1387FB3635F7347677CF9BEECFB356.d.E228139699CA07DB9887D2743C242FA0.e.15493"}]}
COMMAND: GET /session/d65bb1f3e2f9080c12776954838ef114/screenshot - {}
RESULT: {}
]]></system-out>
    </testcase>
    <testcase classname="chrome.135_0_7049_96.windows.Billing_transfer_US117289" name="Should add created equipment to contract" time="52.204">
      <system-out><![CDATA[
COMMAND: POST /session/d65bb1f3e2f9080c12776954838ef114/element - {"using":"xpath","value":"//button[@data-kt=\"contractDetailEditBtnButton\"]"}
RESULT: {"using":"xpath","value":"//button[@data-kt=\"contractDetailEditBtnButton\"]"}
COMMAND: POST /session/d65bb1f3e2f9080c12776954838ef114/element/f.AD1387FB3635F7347677CF9BEECFB356.d.E228139699CA07DB9887D2743C242FA0.e.15495/click - {}
RESULT: {}
COMMAND: GET /session/d65bb1f3e2f9080c12776954838ef114/screenshot - {}
RESULT: {}
COMMAND: POST /session/d65bb1f3e2f9080c12776954838ef114/element - {"using":"xpath","value":"(//span[contains(text(), \"Additional Addresses\")])[2]"}
RESULT: {"using":"xpath","value":"(//span[contains(text(), \"Additional Addresses\")])[2]"}
COMMAND: POST /session/d65bb1f3e2f9080c12776954838ef114/element/f.AD1387FB3635F7347677CF9BEECFB356.d.E228139699CA07DB9887D2743C242FA0.e.15552/click - {}
RESULT: {}
COMMAND: GET /session/d65bb1f3e2f9080c12776954838ef114/screenshot - {}
RESULT: {}
COMMAND: POST /session/d65bb1f3e2f9080c12776954838ef114/element - {"using":"xpath","value":"//button[@data-kt=\"btnAddTableRowOverflowToolbarButton\"]"}
RESULT: {"using":"xpath","value":"//button[@data-kt=\"btnAddTableRowOverflowToolbarButton\"]"}
COMMAND: POST /session/d65bb1f3e2f9080c12776954838ef114/element/f.AD1387FB3635F7347677CF9BEECFB356.d.E228139699CA07DB9887D2743C242FA0.e.15554/click - {}
RESULT: {}
COMMAND: GET /session/d65bb1f3e2f9080c12776954838ef114/screenshot - {}
RESULT: {}
COMMAND: POST /session/d65bb1f3e2f9080c12776954838ef114/element - {"using":"xpath","value":"//div[(text() = 'Standard Entry' or . = 'Standard Entry')]"}
RESULT: {"using":"xpath","value":"//div[(text() = 'Standard Entry' or . = 'Standard Entry')]"}
COMMAND: POST /session/d65bb1f3e2f9080c12776954838ef114/element/f.AD1387FB3635F7347677CF9BEECFB356.d.E228139699CA07DB9887D2743C242FA0.e.15556/click - {}
RESULT: {}
COMMAND: GET /session/d65bb1f3e2f9080c12776954838ef114/screenshot - {}
RESULT: {}
COMMAND: POST /session/d65bb1f3e2f9080c12776954838ef114/element - {"using":"xpath","value":"//td[7]/div/div/input"}
RESULT: {"using":"xpath","value":"//td[7]/div/div/input"}
COMMAND: POST /session/d65bb1f3e2f9080c12776954838ef114/element/f.AD1387FB3635F7347677CF9BEECFB356.d.E228139699CA07DB9887D2743C242FA0.e.15565/clear - {}
RESULT: {}
COMMAND: POST /session/d65bb1f3e2f9080c12776954838ef114/element/f.AD1387FB3635F7347677CF9BEECFB356.d.E228139699CA07DB9887D2743C242FA0.e.15565/value - {"text":"Mmr6dTnULR"}
COMMAND: GET /session/d65bb1f3e2f9080c12776954838ef114/screenshot - {}
RESULT: {"text":"Mmr6dTnULR"}
COMMAND: GET /session/d65bb1f3e2f9080c12776954838ef114/screenshot - {}
RESULT: {}
RESULT: {}
COMMAND: POST /session/d65bb1f3e2f9080c12776954838ef114/actions - {"actions":[{"id":"action55","type":"key","parameters":{},"actions":[{"type":"keyDown","value":"î€‡"},{"type":"pause","duration":10},{"type":"keyUp","value":"î€‡"}]}]}
RESULT: {"actions":[{"id":"action55","type":"key","parameters":{},"actions":[{"type":"keyDown","value":"î€‡"},{"type":"pause","duration":10},{"type":"keyUp","value":"î€‡"}]}]}
COMMAND: GET /session/d65bb1f3e2f9080c12776954838ef114/screenshot - {}
RESULT: {}
COMMAND: POST /session/d65bb1f3e2f9080c12776954838ef114/execute/sync - {"script":"<script> [276 bytes]","args":["No pricing information was found"]}
RESULT: {"script":"<script> [276 bytes]","args":["No pricing information was found"]}
COMMAND: POST /session/d65bb1f3e2f9080c12776954838ef114/element - {"using":"xpath","value":"(//button[@data-kt=\"saveButton\"])[2]"}
COMMAND: GET /session/d65bb1f3e2f9080c12776954838ef114/screenshot - {}
RESULT: {"using":"xpath","value":"(//button[@data-kt=\"saveButton\"])[2]"}
COMMAND: POST /session/d65bb1f3e2f9080c12776954838ef114/element/f.AD1387FB3635F7347677CF9BEECFB356.d.E228139699CA07DB9887D2743C242FA0.e.15580/click - {}
RESULT: {}
RESULT: {}
COMMAND: GET /session/d65bb1f3e2f9080c12776954838ef114/screenshot - {}
RESULT: {}
COMMAND: POST /session/d65bb1f3e2f9080c12776954838ef114/execute/sync - {"script":"<script> [276 bytes]","args":["Some contract items are having rental validity exceeding header rental validity"]}
RESULT: {"script":"<script> [276 bytes]","args":["Some contract items are having rental validity exceeding header rental validity"]}
COMMAND: GET /session/d65bb1f3e2f9080c12776954838ef114/screenshot - {}
RESULT: {}
COMMAND: POST /session/d65bb1f3e2f9080c12776954838ef114/element - {"using":"xpath","value":"//span[contains(@id ,\"contractItemsSmartTable-header-inner\")]"}
RESULT: {"using":"xpath","value":"//span[contains(@id ,\"contractItemsSmartTable-header-inner\")]"}
COMMAND: POST /session/d65bb1f3e2f9080c12776954838ef114/elements - {"using":"xpath","value":"//span[contains(@id ,\"contractItemsSmartTable-header-inner\")]"}
RESULT: {"using":"xpath","value":"//span[contains(@id ,\"contractItemsSmartTable-header-inner\")]"}
COMMAND: POST /session/d65bb1f3e2f9080c12776954838ef114/execute/sync - {"script":"<script> [56 bytes]","args":[{"element-6066-11e4-a52e-4f735466cecf":"f.AD1387FB3635F7347677CF9BEECFB356.d.E228139699CA07DB9887D2743C242FA0.e.15586","ELEMENT":"f.AD1387FB3635F7347677CF9BEECFB356.d.E228139699CA07DB9887D2743C242FA0.e.15586"}]}
RESULT: {"script":"<script> [56 bytes]","args":[{"element-6066-11e4-a52e-4f735466cecf":"f.AD1387FB3635F7347677CF9BEECFB356.d.E228139699CA07DB9887D2743C242FA0.e.15586","ELEMENT":"f.AD1387FB3635F7347677CF9BEECFB356.d.E228139699CA07DB9887D2743C242FA0.e.15586"}]}
COMMAND: GET /session/d65bb1f3e2f9080c12776954838ef114/screenshot - {}
]]></system-out>
    </testcase>
    <testcase classname="chrome.135_0_7049_96.windows.Billing_transfer_US117289" name="Should do a provide to site handover" time="64.019">
      <system-out><![CDATA[
COMMAND: POST /session/d65bb1f3e2f9080c12776954838ef114/element - {"using":"xpath","value":"//button[@data-kt=\"provideButton\"]"}
RESULT: {}
RESULT: {"using":"xpath","value":"//button[@data-kt=\"provideButton\"]"}
COMMAND: POST /session/d65bb1f3e2f9080c12776954838ef114/element/f.AD1387FB3635F7347677CF9BEECFB356.d.E228139699CA07DB9887D2743C242FA0.e.15587/click - {}
RESULT: {}
COMMAND: GET /session/d65bb1f3e2f9080c12776954838ef114/screenshot - {}
RESULT: {}
RESULT: undefined
COMMAND: POST /session/d65bb1f3e2f9080c12776954838ef114/execute/async - {"script":"<script> [6424 bytes]","args":[{"element-6066-11e4-a52e-4f735466cecf":"f.AD1387FB3635F7347677CF9BEECFB356.d.E228139699CA07DB9887D2743C242FA0.e.14612"},"setValue",["05/03/2025"]]}
COMMAND: POST /session/d65bb1f3e2f9080c12776954838ef114/execute/async - {"script":"<script> [1562 bytes]","args":[{"selector":{"id":"application-managehandovers-display-component---AddNewHO--dueDate","interaction":{"idSuffix":"inner"}},"wdio_ui5_key":"applicationmanagehandovers-display-component---AddNewHO--dueDate"}]}
RESULT: {"script":"<script> [1562 bytes]","args":[{"selector":{"id":"application-managehandovers-display-component---AddNewHO--dueDate","interaction":{"idSuffix":"inner"}},"wdio_ui5_key":"applicationmanagehandovers-display-component---AddNewHO--dueDate"}]}
COMMAND: POST /session/d65bb1f3e2f9080c12776954838ef114/execute/async - {"script":"<script> [6424 bytes]","args":[{"element-6066-11e4-a52e-4f735466cecf":"f.AD1387FB3635F7347677CF9BEECFB356.d.E228139699CA07DB9887D2743C242FA0.e.15677"},"setValue",["05/03/2025"]]}
RESULT: {"script":"<script> [6424 bytes]","args":[{"element-6066-11e4-a52e-4f735466cecf":"f.AD1387FB3635F7347677CF9BEECFB356.d.E228139699CA07DB9887D2743C242FA0.e.15677"},"setValue",["05/03/2025"]]}
COMMAND: POST /session/d65bb1f3e2f9080c12776954838ef114/element - {"using":"xpath","value":"//bdi[contains(text(), \"Instructions\")]"}
RESULT: {"using":"xpath","value":"//bdi[contains(text(), \"Instructions\")]"}
COMMAND: POST /session/d65bb1f3e2f9080c12776954838ef114/element/f.AD1387FB3635F7347677CF9BEECFB356.d.E228139699CA07DB9887D2743C242FA0.e.15905/click - {}
RESULT: {}
COMMAND: GET /session/d65bb1f3e2f9080c12776954838ef114/screenshot - {}
RESULT: {}
COMMAND: POST /session/d65bb1f3e2f9080c12776954838ef114/element - {"using":"xpath","value":"//button[@data-kt=\"AddNewHOProvideAddItemsButton\"]"}
RESULT: {"using":"xpath","value":"//button[@data-kt=\"AddNewHOProvideAddItemsButton\"]"}
COMMAND: POST /session/d65bb1f3e2f9080c12776954838ef114/element/f.AD1387FB3635F7347677CF9BEECFB356.d.E228139699CA07DB9887D2743C242FA0.e.15909/click - {}
RESULT: {}
COMMAND: GET /session/d65bb1f3e2f9080c12776954838ef114/screenshot - {}
RESULT: {}
RESULT: undefined
COMMAND: POST /session/d65bb1f3e2f9080c12776954838ef114/element - {"using":"xpath","value":"//*[@id=\"application-managehandovers-display-component---AddNewHO--popup-sa\"]"}
RESULT: {"using":"xpath","value":"//*[@id=\"application-managehandovers-display-component---AddNewHO--popup-sa\"]"}
COMMAND: POST /session/d65bb1f3e2f9080c12776954838ef114/element/f.AD1387FB3635F7347677CF9BEECFB356.d.E228139699CA07DB9887D2743C242FA0.e.15919/click - {}
RESULT: {}
COMMAND: GET /session/d65bb1f3e2f9080c12776954838ef114/screenshot - {}
RESULT: {}
COMMAND: POST /session/d65bb1f3e2f9080c12776954838ef114/element - {"using":"xpath","value":"//*[contains(@id ,\"BDI-content\")][contains(text(), \"Select\")]"}
RESULT: {"using":"xpath","value":"//*[contains(@id ,\"BDI-content\")][contains(text(), \"Select\")]"}
COMMAND: POST /session/d65bb1f3e2f9080c12776954838ef114/element/f.AD1387FB3635F7347677CF9BEECFB356.d.E228139699CA07DB9887D2743C242FA0.e.15920/click - {}
RESULT: {}
COMMAND: GET /session/d65bb1f3e2f9080c12776954838ef114/screenshot - {}
RESULT: {}
COMMAND: POST /session/d65bb1f3e2f9080c12776954838ef114/execute/async - {"script":"<script> [1562 bytes]","args":[{"selector":{"id":"application-managehandovers-display-component---AddNewHO--confirmCreationButton","interaction":{"idSuffix":"BDI-content"}},"wdio_ui5_key":"applicationmanagehandovers-display-component---AddNewHO--confirmCreationButton"}]}
RESULT: {"script":"<script> [1562 bytes]","args":[{"selector":{"id":"application-managehandovers-display-component---AddNewHO--confirmCreationButton","interaction":{"idSuffix":"BDI-content"}},"wdio_ui5_key":"applicationmanagehandovers-display-component---AddNewHO--confirmCreationButton"}]}
RESULT: undefined
COMMAND: POST /session/d65bb1f3e2f9080c12776954838ef114/element - {"using":"xpath","value":"//*[@id=\"application-managehandovers-display-component---AddNewHO--confirmCreationButton\"]"}
RESULT: {"using":"xpath","value":"//*[@id=\"application-managehandovers-display-component---AddNewHO--confirmCreationButton\"]"}
COMMAND: POST /session/d65bb1f3e2f9080c12776954838ef114/element/f.AD1387FB3635F7347677CF9BEECFB356.d.E228139699CA07DB9887D2743C242FA0.e.15724/click - {}
RESULT: {}
COMMAND: GET /session/d65bb1f3e2f9080c12776954838ef114/screenshot - {}
RESULT: {}
COMMAND: POST /session/d65bb1f3e2f9080c12776954838ef114/element - {"using":"xpath","value":"//button[@data-kt=\"PickingTableConfirmAllButton\"]"}
RESULT: {"using":"xpath","value":"//button[@data-kt=\"PickingTableConfirmAllButton\"]"}
COMMAND: POST /session/d65bb1f3e2f9080c12776954838ef114/element/f.AD1387FB3635F7347677CF9BEECFB356.d.E228139699CA07DB9887D2743C242FA0.e.15957/click - {}
COMMAND: POST /session/d65bb1f3e2f9080c12776954838ef114/element - {"using":"xpath","value":"//button[@data-kt=\"PickingTableConfirmAllButton\"]"}
RESULT: {"using":"xpath","value":"//button[@data-kt=\"PickingTableConfirmAllButton\"]"}
COMMAND: POST /session/d65bb1f3e2f9080c12776954838ef114/element/f.AD1387FB3635F7347677CF9BEECFB356.d.E228139699CA07DB9887D2743C242FA0.e.15957/click - {}
COMMAND: POST /session/d65bb1f3e2f9080c12776954838ef114/element - {"using":"xpath","value":"//button[@data-kt=\"PickingTableConfirmAllButton\"]"}
RESULT: {"using":"xpath","value":"//button[@data-kt=\"PickingTableConfirmAllButton\"]"}
COMMAND: POST /session/d65bb1f3e2f9080c12776954838ef114/element/f.AD1387FB3635F7347677CF9BEECFB356.d.E228139699CA07DB9887D2743C242FA0.e.15979/click - {}
RESULT: {}
COMMAND: GET /session/d65bb1f3e2f9080c12776954838ef114/screenshot - {}
RESULT: {}
COMMAND: POST /session/d65bb1f3e2f9080c12776954838ef114/element - {"using":"xpath","value":"//bdi[contains(text(), \"OK\")]"}
RESULT: {"using":"xpath","value":"//bdi[contains(text(), \"OK\")]"}
COMMAND: POST /session/d65bb1f3e2f9080c12776954838ef114/element/f.AD1387FB3635F7347677CF9BEECFB356.d.E228139699CA07DB9887D2743C242FA0.e.15982/click - {}
RESULT: {}
COMMAND: GET /session/d65bb1f3e2f9080c12776954838ef114/screenshot - {}
RESULT: {}
COMMAND: POST /session/d65bb1f3e2f9080c12776954838ef114/element - {"using":"xpath","value":"//bdi[contains(text(), \"Issue\")]"}
RESULT: {"using":"xpath","value":"//bdi[contains(text(), \"Issue\")]"}
COMMAND: POST /session/d65bb1f3e2f9080c12776954838ef114/element/f.AD1387FB3635F7347677CF9BEECFB356.d.E228139699CA07DB9887D2743C242FA0.e.15983/click - {}
RESULT: {}
COMMAND: GET /session/d65bb1f3e2f9080c12776954838ef114/screenshot - {}
RESULT: {}
COMMAND: POST /session/d65bb1f3e2f9080c12776954838ef114/element - {"using":"css selector","value":"#shell-header-logo"}
RESULT: {"using":"css selector","value":"#shell-header-logo"}
COMMAND: POST /session/d65bb1f3e2f9080c12776954838ef114/element/f.AD1387FB3635F7347677CF9BEECFB356.d.E228139699CA07DB9887D2743C242FA0.e.15025/click - {}
RESULT: {}
COMMAND: GET /session/d65bb1f3e2f9080c12776954838ef114/screenshot - {}
RESULT: {}
]]></system-out>
    </testcase>
    <testcase classname="chrome.135_0_7049_96.windows.Billing_transfer_US117289" name="Should navigate to Manage Billings and trigger contract calculation business confirm it" time="59.822">
      <system-out><![CDATA[
COMMAND: POST /session/d65bb1f3e2f9080c12776954838ef114/execute/async - {"script":"<script> [1562 bytes]","args":[{"selector":{"controlType":"sap.m.GenericTile","properties":{"header":"Manage Billings"}},"wdio_ui5_key":"sapm.GenericTile{\"header\":\"Manage Billings\"}"}]}
RESULT: {"script":"<script> [1562 bytes]","args":[{"selector":{"controlType":"sap.m.GenericTile","properties":{"header":"Manage Billings"}},"wdio_ui5_key":"sapm.GenericTile{\"header\":\"Manage Billings\"}"}]}
RESULT: undefined
COMMAND: POST /session/d65bb1f3e2f9080c12776954838ef114/element - {"using":"xpath","value":"//*[@id=\"__tile51\"]"}
RESULT: {"using":"xpath","value":"//*[@id=\"__tile51\"]"}
COMMAND: POST /session/d65bb1f3e2f9080c12776954838ef114/element/f.AD1387FB3635F7347677CF9BEECFB356.d.E228139699CA07DB9887D2743C242FA0.e.13201/click - {}
RESULT: {}
COMMAND: GET /session/d65bb1f3e2f9080c12776954838ef114/screenshot - {}
COMMAND: POST /session/d65bb1f3e2f9080c12776954838ef114/execute/async - {"script":"<script> [1562 bytes]","args":[{"selector":{"id":"application-managebillings-display-component---billRunCalcResult--smartFilterBar-btnBasicSearch","interaction":{"idSuffix":"I"}},"wdio_ui5_key":"applicationmanagebillings-display-component---billRunCalcResult--smartFilterBar-btnBasicSearch"}]}
RESULT: {}
RESULT: {"script":"<script> [1562 bytes]","args":[{"selector":{"id":"application-managebillings-display-component---billRunCalcResult--smartFilterBar-btnBasicSearch","interaction":{"idSuffix":"I"}},"wdio_ui5_key":"applicationmanagebillings-display-component---billRunCalcResult--smartFilterBar-btnBasicSearch"}]}
RESULT: undefined
COMMAND: POST /session/d65bb1f3e2f9080c12776954838ef114/execute/async - {"script":"<script> [776 bytes]","args":[{"enterText":"10490","selector":{"id":"application-managebillings-display-component---billRunCalcResult--smartFilterBar-btnBasicSearch","interaction":{"idSuffix":"I"}},"clearTextFirst":true,"interactionType":"ENTER_TEXT"}]}
RESULT: {"script":"<script> [776 bytes]","args":[{"enterText":"10490","selector":{"id":"application-managebillings-display-component---billRunCalcResult--smartFilterBar-btnBasicSearch","interaction":{"idSuffix":"I"}},"clearTextFirst":true,"interactionType":"ENTER_TEXT"}]}
COMMAND: POST /session/d65bb1f3e2f9080c12776954838ef114/actions - {"actions":[{"id":"action56","type":"key","parameters":{},"actions":[{"type":"keyDown","value":"î€‡"},{"type":"pause","duration":10},{"type":"keyUp","value":"î€‡"}]}]}
RESULT: {"actions":[{"id":"action56","type":"key","parameters":{},"actions":[{"type":"keyDown","value":"î€‡"},{"type":"pause","duration":10},{"type":"keyUp","value":"î€‡"}]}]}
COMMAND: GET /session/d65bb1f3e2f9080c12776954838ef114/screenshot - {}
RESULT: {}
COMMAND: POST /session/d65bb1f3e2f9080c12776954838ef114/element - {"using":"xpath","value":"//td[@aria-colindex=\"1\"]/div/div[contains(@class, \"sapMCbBg\")]"}
RESULT: {"using":"xpath","value":"//td[@aria-colindex=\"1\"]/div/div[contains(@class, \"sapMCbBg\")]"}
COMMAND: POST /session/d65bb1f3e2f9080c12776954838ef114/element/f.AD1387FB3635F7347677CF9BEECFB356.d.E228139699CA07DB9887D2743C242FA0.e.16373/click - {}
RESULT: {}
COMMAND: GET /session/d65bb1f3e2f9080c12776954838ef114/screenshot - {}
RESULT: {}
COMMAND: POST /session/d65bb1f3e2f9080c12776954838ef114/execute/async - {"script":"<script> [1562 bytes]","args":[{"selector":{"id":"application-managebillings-display-component---billRunCalcResult--contractBillRunDate","interaction":{"idSuffix":"inner"}},"wdio_ui5_key":"applicationmanagebillings-display-component---billRunCalcResult--contractBillRunDate"}]}
RESULT: {"script":"<script> [1562 bytes]","args":[{"selector":{"id":"application-managebillings-display-component---billRunCalcResult--contractBillRunDate","interaction":{"idSuffix":"inner"}},"wdio_ui5_key":"applicationmanagebillings-display-component---billRunCalcResult--contractBillRunDate"}]}
RESULT: undefined
COMMAND: POST /session/d65bb1f3e2f9080c12776954838ef114/execute/async - {"script":"<script> [776 bytes]","args":[{"enterText":"06/03/25","selector":{"id":"application-managebillings-display-component---billRunCalcResult--contractBillRunDate","interaction":{"idSuffix":"inner"}},"clearTextFirst":true,"interactionType":"ENTER_TEXT"}]}
RESULT: {"script":"<script> [776 bytes]","args":[{"enterText":"06/03/25","selector":{"id":"application-managebillings-display-component---billRunCalcResult--contractBillRunDate","interaction":{"idSuffix":"inner"}},"clearTextFirst":true,"interactionType":"ENTER_TEXT"}]}
COMMAND: POST /session/d65bb1f3e2f9080c12776954838ef114/element - {"using":"xpath","value":"//bdi[contains(text(), \"Trigger Calculation\")]"}
RESULT: {"using":"xpath","value":"//bdi[contains(text(), \"Trigger Calculation\")]"}
COMMAND: POST /session/d65bb1f3e2f9080c12776954838ef114/element/f.AD1387FB3635F7347677CF9BEECFB356.d.E228139699CA07DB9887D2743C242FA0.e.16425/click - {}
RESULT: {}
COMMAND: GET /session/d65bb1f3e2f9080c12776954838ef114/screenshot - {}
RESULT: {}
COMMAND: POST /session/d65bb1f3e2f9080c12776954838ef114/element - {"using":"xpath","value":"(//span[contains(@id, \"imgNav\")])[1]"}
RESULT: {"using":"xpath","value":"(//span[contains(@id, \"imgNav\")])[1]"}
COMMAND: POST /session/d65bb1f3e2f9080c12776954838ef114/element/f.AD1387FB3635F7347677CF9BEECFB356.d.E228139699CA07DB9887D2743C242FA0.e.16374/click - {}
RESULT: {}
COMMAND: GET /session/d65bb1f3e2f9080c12776954838ef114/screenshot - {}
RESULT: {}
COMMAND: POST /session/d65bb1f3e2f9080c12776954838ef114/execute/async - {"script":"<script> [1562 bytes]","args":[{"selector":{"controlType":"sap.ui.core.Icon","viewName":"etm.portal.ui.managebillings.view.Master","viewId":"application-managebillings-display-component---billRunCalcResult","properties":{"src":{"regex":{"source":"slim\\-arrow\\-right"}}}},"wdio_ui5_key":"etmportal.ui.managebillings.view.Mastersap.ui.core.Icon{\"src\":{\"regex\":{\"source\":\"slim\\\\-arrow\\\\-right\"}}}"}]}
RESULT: {"script":"<script> [1562 bytes]","args":[{"selector":{"controlType":"sap.ui.core.Icon","viewName":"etm.portal.ui.managebillings.view.Master","viewId":"application-managebillings-display-component---billRunCalcResult","properties":{"src":{"regex":{"source":"slim\\-arrow\\-right"}}}},"wdio_ui5_key":"etmportal.ui.managebillings.view.Mastersap.ui.core.Icon{\"src\":{\"regex\":{\"source\":\"slim\\\\-arrow\\\\-right\"}}}"}]}
RESULT: undefined
COMMAND: POST /session/d65bb1f3e2f9080c12776954838ef114/element - {"using":"xpath","value":"//*[@id=\"__item2191-application-managebillings-display-component---billRunCalcResult--billingRunsTable-0-imgNav\"]"}
RESULT: {"using":"xpath","value":"//*[@id=\"__item2191-application-managebillings-display-component---billRunCalcResult--billingRunsTable-0-imgNav\"]"}
COMMAND: POST /session/d65bb1f3e2f9080c12776954838ef114/element/f.AD1387FB3635F7347677CF9BEECFB356.d.E228139699CA07DB9887D2743C242FA0.e.16428/click - {}
RESULT: {}
COMMAND: POST /session/d65bb1f3e2f9080c12776954838ef114/execute/async - {"script":"<script> [1562 bytes]","args":[{"selector":{"id":"application-managebillings-display-component---billRunCalcResult--btnConf","interaction":{"idSuffix":"BDI-content"}},"wdio_ui5_key":"applicationmanagebillings-display-component---billRunCalcResult--btnConf"}]}
COMMAND: GET /session/d65bb1f3e2f9080c12776954838ef114/screenshot - {}
RESULT: {"script":"<script> [1562 bytes]","args":[{"selector":{"id":"application-managebillings-display-component---billRunCalcResult--btnConf","interaction":{"idSuffix":"BDI-content"}},"wdio_ui5_key":"applicationmanagebillings-display-component---billRunCalcResult--btnConf"}]}
RESULT: undefined
COMMAND: POST /session/d65bb1f3e2f9080c12776954838ef114/element - {"using":"xpath","value":"//*[@id=\"application-managebillings-display-component---billRunCalcResult--btnConf\"]"}
RESULT: {}
RESULT: {"using":"xpath","value":"//*[@id=\"application-managebillings-display-component---billRunCalcResult--btnConf\"]"}
COMMAND: POST /session/d65bb1f3e2f9080c12776954838ef114/element/f.AD1387FB3635F7347677CF9BEECFB356.d.E228139699CA07DB9887D2743C242FA0.e.16477/click - {}
RESULT: {}
COMMAND: POST /session/d65bb1f3e2f9080c12776954838ef114/element - {"using":"css selector","value":"#shell-header-logo"}
COMMAND: GET /session/d65bb1f3e2f9080c12776954838ef114/screenshot - {}
RESULT: {"using":"css selector","value":"#shell-header-logo"}
COMMAND: POST /session/d65bb1f3e2f9080c12776954838ef114/element/f.AD1387FB3635F7347677CF9BEECFB356.d.E228139699CA07DB9887D2743C242FA0.e.16165/click - {}
RESULT: {}
RESULT: {}
COMMAND: GET /session/d65bb1f3e2f9080c12776954838ef114/screenshot - {}
RESULT: {}
]]></system-out>
    </testcase>
    <testcase classname="chrome.135_0_7049_96.windows.Billing_transfer_US117289" name="Should trigger Billing Transfer process all the way to completion" time="79.156">
      <system-out><![CDATA[
COMMAND: POST /session/d65bb1f3e2f9080c12776954838ef114/execute/async - {"script":"<script> [1562 bytes]","args":[{"selector":{"controlType":"sap.m.GenericTile","properties":{"header":"Billing Transfer"}},"wdio_ui5_key":"sapm.GenericTile{\"header\":\"Billing Transfer\"}"}]}
RESULT: {"script":"<script> [1562 bytes]","args":[{"selector":{"controlType":"sap.m.GenericTile","properties":{"header":"Billing Transfer"}},"wdio_ui5_key":"sapm.GenericTile{\"header\":\"Billing Transfer\"}"}]}
RESULT: undefined
COMMAND: POST /session/d65bb1f3e2f9080c12776954838ef114/element - {"using":"xpath","value":"//*[@id=\"__tile50\"]"}
RESULT: {"using":"xpath","value":"//*[@id=\"__tile50\"]"}
COMMAND: POST /session/d65bb1f3e2f9080c12776954838ef114/element/f.AD1387FB3635F7347677CF9BEECFB356.d.E228139699CA07DB9887D2743C242FA0.e.13199/click - {}
RESULT: {}
COMMAND: POST /session/d65bb1f3e2f9080c12776954838ef114/element - {"using":"xpath","value":"//input[contains(@id ,\"application-billingtransfer-display-component---billingWorkbench--smartFilterBar-btnBasicSearch\")]"}
COMMAND: GET /session/d65bb1f3e2f9080c12776954838ef114/screenshot - {}
RESULT: {"using":"xpath","value":"//input[contains(@id ,\"application-billingtransfer-display-component---billingWorkbench--smartFilterBar-btnBasicSearch\")]"}
COMMAND: POST /session/d65bb1f3e2f9080c12776954838ef114/elements - {"using":"xpath","value":"//input[contains(@id ,\"application-billingtransfer-display-component---billingWorkbench--smartFilterBar-btnBasicSearch\")]"}
RESULT: {}
RESULT: {"using":"xpath","value":"//input[contains(@id ,\"application-billingtransfer-display-component---billingWorkbench--smartFilterBar-btnBasicSearch\")]"}
COMMAND: POST /session/d65bb1f3e2f9080c12776954838ef114/element - {"using":"xpath","value":"//input[contains(@id ,\"application-billingtransfer-display-component---billingWorkbench--smartFilterBar-btnBasicSearch\")]"}
RESULT: {"using":"xpath","value":"//input[contains(@id ,\"application-billingtransfer-display-component---billingWorkbench--smartFilterBar-btnBasicSearch\")]"}
COMMAND: POST /session/d65bb1f3e2f9080c12776954838ef114/execute/sync - {"script":"<script> [8489 bytes]","args":[{"element-6066-11e4-a52e-4f735466cecf":"f.AD1387FB3635F7347677CF9BEECFB356.d.E228139699CA07DB9887D2743C242FA0.e.16487","ELEMENT":"f.AD1387FB3635F7347677CF9BEECFB356.d.E228139699CA07DB9887D2743C242FA0.e.16487"}]}
RESULT: {"script":"<script> [8489 bytes]","args":[{"element-6066-11e4-a52e-4f735466cecf":"f.AD1387FB3635F7347677CF9BEECFB356.d.E228139699CA07DB9887D2743C242FA0.e.16487","ELEMENT":"f.AD1387FB3635F7347677CF9BEECFB356.d.E228139699CA07DB9887D2743C242FA0.e.16487"}]}
COMMAND: GET /session/d65bb1f3e2f9080c12776954838ef114/element/f.AD1387FB3635F7347677CF9BEECFB356.d.E228139699CA07DB9887D2743C242FA0.e.16487/enabled - {}
COMMAND: GET /session/d65bb1f3e2f9080c12776954838ef114/screenshot - {}
RESULT: {}
COMMAND: POST /session/d65bb1f3e2f9080c12776954838ef114/element/f.AD1387FB3635F7347677CF9BEECFB356.d.E228139699CA07DB9887D2743C242FA0.e.16487/click - {}
COMMAND: GET /session/d65bb1f3e2f9080c12776954838ef114/screenshot - {}
RESULT: {}
RESULT: {}
COMMAND: GET /session/d65bb1f3e2f9080c12776954838ef114/screenshot - {}
RESULT: {}
RESULT: {}
COMMAND: POST /session/d65bb1f3e2f9080c12776954838ef114/element/f.AD1387FB3635F7347677CF9BEECFB356.d.E228139699CA07DB9887D2743C242FA0.e.16487/clear - {}
RESULT: {}
COMMAND: POST /session/d65bb1f3e2f9080c12776954838ef114/element/f.AD1387FB3635F7347677CF9BEECFB356.d.E228139699CA07DB9887D2743C242FA0.e.16487/value - {"text":"10490"}
COMMAND: GET /session/d65bb1f3e2f9080c12776954838ef114/screenshot - {}
RESULT: {"text":"10490"}
COMMAND: POST /session/d65bb1f3e2f9080c12776954838ef114/actions - {"actions":[{"id":"action57","type":"key","parameters":{},"actions":[{"type":"keyDown","value":"î€‡"},{"type":"pause","duration":10},{"type":"keyUp","value":"î€‡"}]}]}
COMMAND: GET /session/d65bb1f3e2f9080c12776954838ef114/screenshot - {}
RESULT: {}
RESULT: {"actions":[{"id":"action57","type":"key","parameters":{},"actions":[{"type":"keyDown","value":"î€‡"},{"type":"pause","duration":10},{"type":"keyUp","value":"î€‡"}]}]}
COMMAND: GET /session/d65bb1f3e2f9080c12776954838ef114/screenshot - {}
RESULT: {}
RESULT: {}
COMMAND: POST /session/d65bb1f3e2f9080c12776954838ef114/element - {"using":"xpath","value":"//span[contains(@id ,\"application-billingtransfer-display-component---billingWorkbench--smartTableBillingRuns-header-inner\")]"}
RESULT: {"using":"xpath","value":"//span[contains(@id ,\"application-billingtransfer-display-component---billingWorkbench--smartTableBillingRuns-header-inner\")]"}
COMMAND: POST /session/d65bb1f3e2f9080c12776954838ef114/elements - {"using":"xpath","value":"//span[contains(@id ,\"application-billingtransfer-display-component---billingWorkbench--smartTableBillingRuns-header-inner\")]"}
RESULT: {"using":"xpath","value":"//span[contains(@id ,\"application-billingtransfer-display-component---billingWorkbench--smartTableBillingRuns-header-inner\")]"}
COMMAND: POST /session/d65bb1f3e2f9080c12776954838ef114/execute/sync - {"script":"<script> [56 bytes]","args":[{"element-6066-11e4-a52e-4f735466cecf":"f.AD1387FB3635F7347677CF9BEECFB356.d.E228139699CA07DB9887D2743C242FA0.e.16654","ELEMENT":"f.AD1387FB3635F7347677CF9BEECFB356.d.E228139699CA07DB9887D2743C242FA0.e.16654"}]}
RESULT: {"script":"<script> [56 bytes]","args":[{"element-6066-11e4-a52e-4f735466cecf":"f.AD1387FB3635F7347677CF9BEECFB356.d.E228139699CA07DB9887D2743C242FA0.e.16654","ELEMENT":"f.AD1387FB3635F7347677CF9BEECFB356.d.E228139699CA07DB9887D2743C242FA0.e.16654"}]}
COMMAND: POST /session/d65bb1f3e2f9080c12776954838ef114/element - {"using":"xpath","value":"//td[@aria-colindex=\"1\"]/div/div[contains(@class, \"sapMCbBg\")]"}
COMMAND: GET /session/d65bb1f3e2f9080c12776954838ef114/screenshot - {}
RESULT: {"using":"xpath","value":"//td[@aria-colindex=\"1\"]/div/div[contains(@class, \"sapMCbBg\")]"}
COMMAND: POST /session/d65bb1f3e2f9080c12776954838ef114/element/f.AD1387FB3635F7347677CF9BEECFB356.d.E228139699CA07DB9887D2743C242FA0.e.16612/click - {}
RESULT: {}
RESULT: {}
COMMAND: GET /session/d65bb1f3e2f9080c12776954838ef114/screenshot - {}
RESULT: {}
COMMAND: POST /session/d65bb1f3e2f9080c12776954838ef114/element - {"using":"xpath","value":"//bdi[contains(text(), \"Check\")]"}
RESULT: {"using":"xpath","value":"//bdi[contains(text(), \"Check\")]"}
COMMAND: POST /session/d65bb1f3e2f9080c12776954838ef114/element/f.AD1387FB3635F7347677CF9BEECFB356.d.E228139699CA07DB9887D2743C242FA0.e.16655/click - {}
RESULT: {}
COMMAND: GET /session/d65bb1f3e2f9080c12776954838ef114/screenshot - {}
RESULT: {}
COMMAND: POST /session/d65bb1f3e2f9080c12776954838ef114/element - {"using":"xpath","value":"//bdi[contains(text(), \"OK\")]"}
RESULT: {"using":"xpath","value":"//bdi[contains(text(), \"OK\")]"}
COMMAND: POST /session/d65bb1f3e2f9080c12776954838ef114/element/f.AD1387FB3635F7347677CF9BEECFB356.d.E228139699CA07DB9887D2743C242FA0.e.16658/click - {}
RESULT: {}
COMMAND: GET /session/d65bb1f3e2f9080c12776954838ef114/screenshot - {}
RESULT: {}
COMMAND: POST /session/d65bb1f3e2f9080c12776954838ef114/element - {"using":"xpath","value":"(//span[contains(text(), \"CO/SD checked\")]/parent::div/preceding-sibling::div/span)[1]"}
RESULT: {"using":"xpath","value":"(//span[contains(text(), \"CO/SD checked\")]/parent::div/preceding-sibling::div/span)[1]"}
COMMAND: POST /session/d65bb1f3e2f9080c12776954838ef114/element/f.AD1387FB3635F7347677CF9BEECFB356.d.E228139699CA07DB9887D2743C242FA0.e.16659/click - {}
RESULT: {}
COMMAND: GET /session/d65bb1f3e2f9080c12776954838ef114/screenshot - {}
RESULT: {}
COMMAND: POST /session/d65bb1f3e2f9080c12776954838ef114/element - {"using":"xpath","value":"//input[contains(@id ,\"application-billingtransfer-display-component---billingWorkbench--smartFilterBar-btnBasicSearch\")]"}
RESULT: {"using":"xpath","value":"//input[contains(@id ,\"application-billingtransfer-display-component---billingWorkbench--smartFilterBar-btnBasicSearch\")]"}
COMMAND: POST /session/d65bb1f3e2f9080c12776954838ef114/elements - {"using":"xpath","value":"//input[contains(@id ,\"application-billingtransfer-display-component---billingWorkbench--smartFilterBar-btnBasicSearch\")]"}
RESULT: {"using":"xpath","value":"//input[contains(@id ,\"application-billingtransfer-display-component---billingWorkbench--smartFilterBar-btnBasicSearch\")]"}
COMMAND: POST /session/d65bb1f3e2f9080c12776954838ef114/execute/sync - {"script":"<script> [8489 bytes]","args":[{"element-6066-11e4-a52e-4f735466cecf":"f.AD1387FB3635F7347677CF9BEECFB356.d.E228139699CA07DB9887D2743C242FA0.e.16487","ELEMENT":"f.AD1387FB3635F7347677CF9BEECFB356.d.E228139699CA07DB9887D2743C242FA0.e.16487"}]}
RESULT: {"script":"<script> [8489 bytes]","args":[{"element-6066-11e4-a52e-4f735466cecf":"f.AD1387FB3635F7347677CF9BEECFB356.d.E228139699CA07DB9887D2743C242FA0.e.16487","ELEMENT":"f.AD1387FB3635F7347677CF9BEECFB356.d.E228139699CA07DB9887D2743C242FA0.e.16487"}]}
COMMAND: GET /session/d65bb1f3e2f9080c12776954838ef114/element/f.AD1387FB3635F7347677CF9BEECFB356.d.E228139699CA07DB9887D2743C242FA0.e.16487/enabled - {}
COMMAND: GET /session/d65bb1f3e2f9080c12776954838ef114/screenshot - {}
RESULT: {}
COMMAND: POST /session/d65bb1f3e2f9080c12776954838ef114/element/f.AD1387FB3635F7347677CF9BEECFB356.d.E228139699CA07DB9887D2743C242FA0.e.16487/click - {}
COMMAND: GET /session/d65bb1f3e2f9080c12776954838ef114/screenshot - {}
RESULT: {}
RESULT: {}
COMMAND: GET /session/d65bb1f3e2f9080c12776954838ef114/screenshot - {}
RESULT: {}
RESULT: {}
COMMAND: POST /session/d65bb1f3e2f9080c12776954838ef114/element/f.AD1387FB3635F7347677CF9BEECFB356.d.E228139699CA07DB9887D2743C242FA0.e.16487/clear - {}
RESULT: {}
COMMAND: POST /session/d65bb1f3e2f9080c12776954838ef114/element/f.AD1387FB3635F7347677CF9BEECFB356.d.E228139699CA07DB9887D2743C242FA0.e.16487/value - {"text":"10490"}
COMMAND: GET /session/d65bb1f3e2f9080c12776954838ef114/screenshot - {}
RESULT: {"text":"10490"}
COMMAND: POST /session/d65bb1f3e2f9080c12776954838ef114/actions - {"actions":[{"id":"action58","type":"key","parameters":{},"actions":[{"type":"keyDown","value":"î€‡"},{"type":"pause","duration":10},{"type":"keyUp","value":"î€‡"}]}]}
COMMAND: GET /session/d65bb1f3e2f9080c12776954838ef114/screenshot - {}
RESULT: {}
RESULT: {"actions":[{"id":"action58","type":"key","parameters":{},"actions":[{"type":"keyDown","value":"î€‡"},{"type":"pause","duration":10},{"type":"keyUp","value":"î€‡"}]}]}
COMMAND: GET /session/d65bb1f3e2f9080c12776954838ef114/screenshot - {}
RESULT: {}
RESULT: {}
COMMAND: POST /session/d65bb1f3e2f9080c12776954838ef114/element - {"using":"xpath","value":"//span[contains(@id ,\"application-billingtransfer-display-component---billingWorkbench--smartTableBillingRuns-header-inner\")]"}
RESULT: {"using":"xpath","value":"//span[contains(@id ,\"application-billingtransfer-display-component---billingWorkbench--smartTableBillingRuns-header-inner\")]"}
COMMAND: POST /session/d65bb1f3e2f9080c12776954838ef114/elements - {"using":"xpath","value":"//span[contains(@id ,\"application-billingtransfer-display-component---billingWorkbench--smartTableBillingRuns-header-inner\")]"}
RESULT: {"using":"xpath","value":"//span[contains(@id ,\"application-billingtransfer-display-component---billingWorkbench--smartTableBillingRuns-header-inner\")]"}
COMMAND: POST /session/d65bb1f3e2f9080c12776954838ef114/execute/sync - {"script":"<script> [56 bytes]","args":[{"element-6066-11e4-a52e-4f735466cecf":"f.AD1387FB3635F7347677CF9BEECFB356.d.E228139699CA07DB9887D2743C242FA0.e.16654","ELEMENT":"f.AD1387FB3635F7347677CF9BEECFB356.d.E228139699CA07DB9887D2743C242FA0.e.16654"}]}
RESULT: {"script":"<script> [56 bytes]","args":[{"element-6066-11e4-a52e-4f735466cecf":"f.AD1387FB3635F7347677CF9BEECFB356.d.E228139699CA07DB9887D2743C242FA0.e.16654","ELEMENT":"f.AD1387FB3635F7347677CF9BEECFB356.d.E228139699CA07DB9887D2743C242FA0.e.16654"}]}
COMMAND: POST /session/d65bb1f3e2f9080c12776954838ef114/element - {"using":"xpath","value":"//td[@aria-colindex=\"1\"]/div/div[contains(@class, \"sapMCbBg\")]"}
COMMAND: GET /session/d65bb1f3e2f9080c12776954838ef114/screenshot - {}
RESULT: {"using":"xpath","value":"//td[@aria-colindex=\"1\"]/div/div[contains(@class, \"sapMCbBg\")]"}
COMMAND: POST /session/d65bb1f3e2f9080c12776954838ef114/element/f.AD1387FB3635F7347677CF9BEECFB356.d.E228139699CA07DB9887D2743C242FA0.e.16663/click - {}
RESULT: {}
RESULT: {}
COMMAND: GET /session/d65bb1f3e2f9080c12776954838ef114/screenshot - {}
RESULT: {}
COMMAND: POST /session/d65bb1f3e2f9080c12776954838ef114/element - {"using":"xpath","value":"//bdi[text()=\"Transfer\"]"}
RESULT: {"using":"xpath","value":"//bdi[text()=\"Transfer\"]"}
COMMAND: POST /session/d65bb1f3e2f9080c12776954838ef114/element/f.AD1387FB3635F7347677CF9BEECFB356.d.E228139699CA07DB9887D2743C242FA0.e.16664/click - {}
RESULT: {}
COMMAND: GET /session/d65bb1f3e2f9080c12776954838ef114/screenshot - {}
RESULT: {}
COMMAND: POST /session/d65bb1f3e2f9080c12776954838ef114/element - {"using":"xpath","value":"//bdi[contains(text(), \"OK\")]"}
RESULT: {"using":"xpath","value":"//bdi[contains(text(), \"OK\")]"}
COMMAND: POST /session/d65bb1f3e2f9080c12776954838ef114/element/f.AD1387FB3635F7347677CF9BEECFB356.d.E228139699CA07DB9887D2743C242FA0.e.16667/click - {}
RESULT: {}
COMMAND: GET /session/d65bb1f3e2f9080c12776954838ef114/screenshot - {}
RESULT: {}
COMMAND: POST /session/d65bb1f3e2f9080c12776954838ef114/element - {"using":"xpath","value":"(//span[contains(text(), \"Completed\")]/parent::div/preceding-sibling::div/span)[1]"}
RESULT: {"using":"xpath","value":"(//span[contains(text(), \"Completed\")]/parent::div/preceding-sibling::div/span)[1]"}
COMMAND: POST /session/d65bb1f3e2f9080c12776954838ef114/element/f.AD1387FB3635F7347677CF9BEECFB356.d.E228139699CA07DB9887D2743C242FA0.e.16668/click - {}
RESULT: {}
COMMAND: POST /session/d65bb1f3e2f9080c12776954838ef114/element - {"using":"xpath","value":"//input[contains(@id ,\"application-billingtransfer-display-component---billingWorkbench--smartFilterBar-btnBasicSearch\")]"}
COMMAND: GET /session/d65bb1f3e2f9080c12776954838ef114/screenshot - {}
RESULT: {"using":"xpath","value":"//input[contains(@id ,\"application-billingtransfer-display-component---billingWorkbench--smartFilterBar-btnBasicSearch\")]"}
COMMAND: POST /session/d65bb1f3e2f9080c12776954838ef114/elements - {"using":"xpath","value":"//input[contains(@id ,\"application-billingtransfer-display-component---billingWorkbench--smartFilterBar-btnBasicSearch\")]"}
RESULT: {}
RESULT: {"using":"xpath","value":"//input[contains(@id ,\"application-billingtransfer-display-component---billingWorkbench--smartFilterBar-btnBasicSearch\")]"}
COMMAND: POST /session/d65bb1f3e2f9080c12776954838ef114/execute/sync - {"script":"<script> [8489 bytes]","args":[{"element-6066-11e4-a52e-4f735466cecf":"f.AD1387FB3635F7347677CF9BEECFB356.d.E228139699CA07DB9887D2743C242FA0.e.16487","ELEMENT":"f.AD1387FB3635F7347677CF9BEECFB356.d.E228139699CA07DB9887D2743C242FA0.e.16487"}]}
RESULT: {"script":"<script> [8489 bytes]","args":[{"element-6066-11e4-a52e-4f735466cecf":"f.AD1387FB3635F7347677CF9BEECFB356.d.E228139699CA07DB9887D2743C242FA0.e.16487","ELEMENT":"f.AD1387FB3635F7347677CF9BEECFB356.d.E228139699CA07DB9887D2743C242FA0.e.16487"}]}
COMMAND: GET /session/d65bb1f3e2f9080c12776954838ef114/element/f.AD1387FB3635F7347677CF9BEECFB356.d.E228139699CA07DB9887D2743C242FA0.e.16487/enabled - {}
COMMAND: GET /session/d65bb1f3e2f9080c12776954838ef114/screenshot - {}
RESULT: {}
COMMAND: POST /session/d65bb1f3e2f9080c12776954838ef114/element/f.AD1387FB3635F7347677CF9BEECFB356.d.E228139699CA07DB9887D2743C242FA0.e.16487/click - {}
COMMAND: GET /session/d65bb1f3e2f9080c12776954838ef114/screenshot - {}
RESULT: {}
RESULT: {}
COMMAND: GET /session/d65bb1f3e2f9080c12776954838ef114/screenshot - {}
RESULT: {}
RESULT: {}
COMMAND: POST /session/d65bb1f3e2f9080c12776954838ef114/element/f.AD1387FB3635F7347677CF9BEECFB356.d.E228139699CA07DB9887D2743C242FA0.e.16487/clear - {}
RESULT: {}
COMMAND: POST /session/d65bb1f3e2f9080c12776954838ef114/element/f.AD1387FB3635F7347677CF9BEECFB356.d.E228139699CA07DB9887D2743C242FA0.e.16487/value - {"text":"10490"}
COMMAND: GET /session/d65bb1f3e2f9080c12776954838ef114/screenshot - {}
RESULT: {"text":"10490"}
COMMAND: POST /session/d65bb1f3e2f9080c12776954838ef114/actions - {"actions":[{"id":"action59","type":"key","parameters":{},"actions":[{"type":"keyDown","value":"î€‡"},{"type":"pause","duration":10},{"type":"keyUp","value":"î€‡"}]}]}
COMMAND: GET /session/d65bb1f3e2f9080c12776954838ef114/screenshot - {}
RESULT: {}
RESULT: {"actions":[{"id":"action59","type":"key","parameters":{},"actions":[{"type":"keyDown","value":"î€‡"},{"type":"pause","duration":10},{"type":"keyUp","value":"î€‡"}]}]}
COMMAND: GET /session/d65bb1f3e2f9080c12776954838ef114/screenshot - {}
RESULT: {}
RESULT: {}
COMMAND: POST /session/d65bb1f3e2f9080c12776954838ef114/element - {"using":"xpath","value":"//span[contains(@id ,\"application-billingtransfer-display-component---billingWorkbench--smartTableBillingRuns-header-inner\")]"}
RESULT: {"using":"xpath","value":"//span[contains(@id ,\"application-billingtransfer-display-component---billingWorkbench--smartTableBillingRuns-header-inner\")]"}
COMMAND: POST /session/d65bb1f3e2f9080c12776954838ef114/elements - {"using":"xpath","value":"//span[contains(@id ,\"application-billingtransfer-display-component---billingWorkbench--smartTableBillingRuns-header-inner\")]"}
RESULT: {"using":"xpath","value":"//span[contains(@id ,\"application-billingtransfer-display-component---billingWorkbench--smartTableBillingRuns-header-inner\")]"}
COMMAND: POST /session/d65bb1f3e2f9080c12776954838ef114/execute/sync - {"script":"<script> [56 bytes]","args":[{"element-6066-11e4-a52e-4f735466cecf":"f.AD1387FB3635F7347677CF9BEECFB356.d.E228139699CA07DB9887D2743C242FA0.e.16654","ELEMENT":"f.AD1387FB3635F7347677CF9BEECFB356.d.E228139699CA07DB9887D2743C242FA0.e.16654"}]}
RESULT: {"script":"<script> [56 bytes]","args":[{"element-6066-11e4-a52e-4f735466cecf":"f.AD1387FB3635F7347677CF9BEECFB356.d.E228139699CA07DB9887D2743C242FA0.e.16654","ELEMENT":"f.AD1387FB3635F7347677CF9BEECFB356.d.E228139699CA07DB9887D2743C242FA0.e.16654"}]}
COMMAND: POST /session/d65bb1f3e2f9080c12776954838ef114/element - {"using":"css selector","value":"#shell-header-logo"}
COMMAND: GET /session/d65bb1f3e2f9080c12776954838ef114/screenshot - {}
RESULT: {"using":"css selector","value":"#shell-header-logo"}
COMMAND: POST /session/d65bb1f3e2f9080c12776954838ef114/element/f.AD1387FB3635F7347677CF9BEECFB356.d.E228139699CA07DB9887D2743C242FA0.e.16485/click - {}
RESULT: {}
RESULT: {}
COMMAND: GET /session/d65bb1f3e2f9080c12776954838ef114/screenshot - {}
RESULT: {}
COMMAND: POST /session/d65bb1f3e2f9080c12776954838ef114/element - {"using":"css selector","value":"#j_username"}
COMMAND: POST /session/d65bb1f3e2f9080c12776954838ef114/url - {"url":"https://qa-testing-00-live-etm-ui.cfapps.eu10-004.hana.ondemand.com/"}
RESULT: {"using":"css selector","value":"#j_username"}
COMMAND: POST /session/d65bb1f3e2f9080c12776954838ef114/element - {"using":"css selector","value":"#j_username"}
RESULT: {"url":"https://qa-testing-00-live-etm-ui.cfapps.eu10-004.hana.ondemand.com/"}
RESULT: undefined
COMMAND: GET /session/d65bb1f3e2f9080c12776954838ef114/screenshot - {}
RESULT: {"using":"css selector","value":"#j_username"}
COMMAND: POST /session/d65bb1f3e2f9080c12776954838ef114/element - {"using":"css selector","value":"#shell-header-logo"}
RESULT: {}
RESULT: {"using":"css selector","value":"#shell-header-logo"}
COMMAND: POST /session/d65bb1f3e2f9080c12776954838ef114/execute/sync - {"script":"<script> [8489 bytes]","args":[{"element-6066-11e4-a52e-4f735466cecf":"f.AD1387FB3635F7347677CF9BEECFB356.d.CB064A319093BAE7CB3D4DFA023DE809.e.16687","ELEMENT":"f.AD1387FB3635F7347677CF9BEECFB356.d.CB064A319093BAE7CB3D4DFA023DE809.e.16687"}]}
RESULT: {"script":"<script> [8489 bytes]","args":[{"element-6066-11e4-a52e-4f735466cecf":"f.AD1387FB3635F7347677CF9BEECFB356.d.CB064A319093BAE7CB3D4DFA023DE809.e.16687","ELEMENT":"f.AD1387FB3635F7347677CF9BEECFB356.d.CB064A319093BAE7CB3D4DFA023DE809.e.16687"}]}
COMMAND: POST /session/d65bb1f3e2f9080c12776954838ef114/element - {"using":"css selector","value":"#shell-header-logo"}
COMMAND: GET /session/d65bb1f3e2f9080c12776954838ef114/screenshot - {}
RESULT: {"using":"css selector","value":"#shell-header-logo"}
COMMAND: POST /session/d65bb1f3e2f9080c12776954838ef114/execute/sync - {"script":"<script> [8489 bytes]","args":[{"element-6066-11e4-a52e-4f735466cecf":"f.AD1387FB3635F7347677CF9BEECFB356.d.CB064A319093BAE7CB3D4DFA023DE809.e.16687","ELEMENT":"f.AD1387FB3635F7347677CF9BEECFB356.d.CB064A319093BAE7CB3D4DFA023DE809.e.16687"}]}
RESULT: {}
RESULT: {"script":"<script> [8489 bytes]","args":[{"element-6066-11e4-a52e-4f735466cecf":"f.AD1387FB3635F7347677CF9BEECFB356.d.CB064A319093BAE7CB3D4DFA023DE809.e.16687","ELEMENT":"f.AD1387FB3635F7347677CF9BEECFB356.d.CB064A319093BAE7CB3D4DFA023DE809.e.16687"}]}
COMMAND: POST /session/d65bb1f3e2f9080c12776954838ef114/execute/sync - {"script":"<script> [5351 bytes]","args":[{"element-6066-11e4-a52e-4f735466cecf":"f.AD1387FB3635F7347677CF9BEECFB356.d.CB064A319093BAE7CB3D4DFA023DE809.e.16687","ELEMENT":"f.AD1387FB3635F7347677CF9BEECFB356.d.CB064A319093BAE7CB3D4DFA023DE809.e.16687"}]}
COMMAND: GET /session/d65bb1f3e2f9080c12776954838ef114/screenshot - {}
RESULT: {"script":"<script> [5351 bytes]","args":[{"element-6066-11e4-a52e-4f735466cecf":"f.AD1387FB3635F7347677CF9BEECFB356.d.CB064A319093BAE7CB3D4DFA023DE809.e.16687","ELEMENT":"f.AD1387FB3635F7347677CF9BEECFB356.d.CB064A319093BAE7CB3D4DFA023DE809.e.16687"}]}
COMMAND: POST /session/d65bb1f3e2f9080c12776954838ef114/element - {"using":"css selector","value":"#shell-header-logo"}
COMMAND: GET /session/d65bb1f3e2f9080c12776954838ef114/screenshot - {}
RESULT: {}
RESULT: {"using":"css selector","value":"#shell-header-logo"}
COMMAND: POST /session/d65bb1f3e2f9080c12776954838ef114/element/f.AD1387FB3635F7347677CF9BEECFB356.d.CB064A319093BAE7CB3D4DFA023DE809.e.16687/click - {}
RESULT: {}
RESULT: {}
COMMAND: GET /session/d65bb1f3e2f9080c12776954838ef114/screenshot - {}
RESULT: {}
COMMAND: POST /session/d65bb1f3e2f9080c12776954838ef114/execute/async - {"script":"<script> [189 bytes]","args":[]}
RESULT: {"script":"<script> [189 bytes]","args":[]}
COMMAND: POST /session/d65bb1f3e2f9080c12776954838ef114/execute/async - {"script":"<script> [123 bytes]","args":[]}
RESULT: {"script":"<script> [123 bytes]","args":[]}
COMMAND: POST /session/d65bb1f3e2f9080c12776954838ef114/timeouts - {"script":"<number>"}
RESULT: {"script":"<number>"}
COMMAND: GET /session/d65bb1f3e2f9080c12776954838ef114/timeouts - {}
RESULT: {}
RESULT: undefined
COMMAND: POST /session/d65bb1f3e2f9080c12776954838ef114/execute/async - {"script":"<script> [2676 bytes]","args":[]}
RESULT: {"script":"<script> [2676 bytes]","args":[]}
COMMAND: POST /session/d65bb1f3e2f9080c12776954838ef114/execute/async - {"script":"<script> [2342 bytes]","args":[{"protocol":"http","hostname":"0.0.0.0","path":"/","capabilities":{"browserName":"chrome","goog:chromeOptions":{"binary":"C:\\Program Files\\Google\\Chrome\\Application\\chrome.exe","args":["--start-maximized"]}},"logLevel":"warn","connectionRetryTimeout":120000,"connectionRetryCount":3,"logLevels":{},"enableDirectConnect":true,"strictSSL":true,"_":"65 more keys: [\"cacheDir\",\"port\",\"requestedCapabilities\",\"automationProtocol\",\"baseUrl\",\"waitforInterval\",\"waitforTimeout\",\"onReload\",\"beforeCommand\",\"afterCommand\",\"rootDir\",\"specs\",\"suites\",\"exclude\",\"groupLogsByTestSpec\",\"excludeDriverLogs\",\"bail\",\"framework\",\"reporters\",\"services\",\"maxInstances\",\"maxInstancesPerCapability\",\"injectGlobals\",\"filesToWatch\",\"execArgv\",\"runnerEnv\",\"runner\",\"shard\",\"specFileRetries\",\"specFileRetriesDelay\",\"specFileRetriesDeferred\",\"reporterSyncInterval\",\"reporterSyncTimeout\",\"cucumberFeaturesWithLineNumbers\",\"autoCompileOpts\",\"mochaOpts\",\"jasmineOpts\",\"cucumberOpts\",\"onPrepare\",\"onWorkerStart\",\"onWorkerEnd\",\"before\",\"beforeSession\",\"beforeSuite\",\"beforeHook\",\"beforeTest\",\"afterTest\",\"afterHook\",\"afterSuite\",\"afterSession\",\"after\",\"onComplete\",\"beforeAssertion\",\"afterAssertion\",\"beforeFeature\",\"beforeScenario\",\"beforeStep\",\"afterStep\",\"afterScenario\",\"afterFeature\",\"_\",\"suite\",\"$0\",\"ignoredWorkerServices\",\"wdi5\"]"}]}
RESULT: {"script":"<script> [2342 bytes]","args":[{"protocol":"http","hostname":"0.0.0.0","path":"/","capabilities":{"browserName":"chrome","goog:chromeOptions":{"binary":"C:\\Program Files\\Google\\Chrome\\Application\\chrome.exe","args":["--start-maximized"]}},"logLevel":"warn","connectionRetryTimeout":120000,"connectionRetryCount":3,"logLevels":{},"enableDirectConnect":true,"strictSSL":true,"_":"65 more keys: [\"cacheDir\",\"port\",\"requestedCapabilities\",\"automationProtocol\",\"baseUrl\",\"waitforInterval\",\"waitforTimeout\",\"onReload\",\"beforeCommand\",\"afterCommand\",\"rootDir\",\"specs\",\"suites\",\"exclude\",\"groupLogsByTestSpec\",\"excludeDriverLogs\",\"bail\",\"framework\",\"reporters\",\"services\",\"maxInstances\",\"maxInstancesPerCapability\",\"injectGlobals\",\"filesToWatch\",\"execArgv\",\"runnerEnv\",\"runner\",\"shard\",\"specFileRetries\",\"specFileRetriesDelay\",\"specFileRetriesDeferred\",\"reporterSyncInterval\",\"reporterSyncTimeout\",\"cucumberFeaturesWithLineNumbers\",\"autoCompileOpts\",\"mochaOpts\",\"jasmineOpts\",\"cucumberOpts\",\"onPrepare\",\"onWorkerStart\",\"onWorkerEnd\",\"before\",\"beforeSession\",\"beforeSuite\",\"beforeHook\",\"beforeTest\",\"afterTest\",\"afterHook\",\"afterSuite\",\"afterSession\",\"after\",\"onComplete\",\"beforeAssertion\",\"afterAssertion\",\"beforeFeature\",\"beforeScenario\",\"beforeStep\",\"afterStep\",\"afterScenario\",\"afterFeature\",\"_\",\"suite\",\"$0\",\"ignoredWorkerServices\",\"wdi5\"]"}]}
COMMAND: POST /session/d65bb1f3e2f9080c12776954838ef114/execute/async - {"script":"<script> [21126 bytes]","args":[35000]}
RESULT: {"script":"<script> [21126 bytes]","args":[35000]}
COMMAND: POST /session/d65bb1f3e2f9080c12776954838ef114/window/maximize - {}
RESULT: {}
COMMAND: POST /session/d65bb1f3e2f9080c12776954838ef114/execute/async - {"script":"<script> [1562 bytes]","args":[{"selector":{"id":"shell-header","interaction":{"idSuffix":"icon"}},"wdio_ui5_key":"shellheader"}]}
COMMAND: GET /session/d65bb1f3e2f9080c12776954838ef114/screenshot - {}
RESULT: {"script":"<script> [1562 bytes]","args":[{"selector":{"id":"shell-header","interaction":{"idSuffix":"icon"}},"wdio_ui5_key":"shellheader"}]}
RESULT: undefined
COMMAND: POST /session/d65bb1f3e2f9080c12776954838ef114/refresh - {}
RESULT: {}
RESULT: {}
COMMAND: GET /session/d65bb1f3e2f9080c12776954838ef114/screenshot - {}
RESULT: {}
COMMAND: POST /session/d65bb1f3e2f9080c12776954838ef114/refresh - {}
RESULT: {}
COMMAND: GET /session/d65bb1f3e2f9080c12776954838ef114/screenshot - {}
RESULT: {}
COMMAND: POST /session/d65bb1f3e2f9080c12776954838ef114/window/fullscreen - {}
RESULT: {}
COMMAND: POST /session/d65bb1f3e2f9080c12776954838ef114/execute/async - {"script":"<script> [189 bytes]","args":[]}
RESULT: {"script":"<script> [189 bytes]","args":[]}
COMMAND: POST /session/d65bb1f3e2f9080c12776954838ef114/execute/async - {"script":"<script> [123 bytes]","args":[]}
RESULT: {"script":"<script> [123 bytes]","args":[]}
COMMAND: POST /session/d65bb1f3e2f9080c12776954838ef114/timeouts - {"script":"<number>"}
RESULT: {"script":"<number>"}
COMMAND: GET /session/d65bb1f3e2f9080c12776954838ef114/timeouts - {}
RESULT: {}
RESULT: undefined
COMMAND: POST /session/d65bb1f3e2f9080c12776954838ef114/execute/async - {"script":"<script> [2676 bytes]","args":[]}
RESULT: {"script":"<script> [2676 bytes]","args":[]}
COMMAND: POST /session/d65bb1f3e2f9080c12776954838ef114/execute/async - {"script":"<script> [2342 bytes]","args":[{"protocol":"http","hostname":"0.0.0.0","path":"/","capabilities":{"browserName":"chrome","goog:chromeOptions":{"binary":"C:\\Program Files\\Google\\Chrome\\Application\\chrome.exe","args":["--start-maximized"]}},"logLevel":"warn","connectionRetryTimeout":120000,"connectionRetryCount":3,"logLevels":{},"enableDirectConnect":true,"strictSSL":true,"_":"65 more keys: [\"cacheDir\",\"port\",\"requestedCapabilities\",\"automationProtocol\",\"baseUrl\",\"waitforInterval\",\"waitforTimeout\",\"onReload\",\"beforeCommand\",\"afterCommand\",\"rootDir\",\"specs\",\"suites\",\"exclude\",\"groupLogsByTestSpec\",\"excludeDriverLogs\",\"bail\",\"framework\",\"reporters\",\"services\",\"maxInstances\",\"maxInstancesPerCapability\",\"injectGlobals\",\"filesToWatch\",\"execArgv\",\"runnerEnv\",\"runner\",\"shard\",\"specFileRetries\",\"specFileRetriesDelay\",\"specFileRetriesDeferred\",\"reporterSyncInterval\",\"reporterSyncTimeout\",\"cucumberFeaturesWithLineNumbers\",\"autoCompileOpts\",\"mochaOpts\",\"jasmineOpts\",\"cucumberOpts\",\"onPrepare\",\"onWorkerStart\",\"onWorkerEnd\",\"before\",\"beforeSession\",\"beforeSuite\",\"beforeHook\",\"beforeTest\",\"afterTest\",\"afterHook\",\"afterSuite\",\"afterSession\",\"after\",\"onComplete\",\"beforeAssertion\",\"afterAssertion\",\"beforeFeature\",\"beforeScenario\",\"beforeStep\",\"afterStep\",\"afterScenario\",\"afterFeature\",\"_\",\"suite\",\"$0\",\"ignoredWorkerServices\",\"wdi5\"]"}]}
RESULT: {"script":"<script> [2342 bytes]","args":[{"protocol":"http","hostname":"0.0.0.0","path":"/","capabilities":{"browserName":"chrome","goog:chromeOptions":{"binary":"C:\\Program Files\\Google\\Chrome\\Application\\chrome.exe","args":["--start-maximized"]}},"logLevel":"warn","connectionRetryTimeout":120000,"connectionRetryCount":3,"logLevels":{},"enableDirectConnect":true,"strictSSL":true,"_":"65 more keys: [\"cacheDir\",\"port\",\"requestedCapabilities\",\"automationProtocol\",\"baseUrl\",\"waitforInterval\",\"waitforTimeout\",\"onReload\",\"beforeCommand\",\"afterCommand\",\"rootDir\",\"specs\",\"suites\",\"exclude\",\"groupLogsByTestSpec\",\"excludeDriverLogs\",\"bail\",\"framework\",\"reporters\",\"services\",\"maxInstances\",\"maxInstancesPerCapability\",\"injectGlobals\",\"filesToWatch\",\"execArgv\",\"runnerEnv\",\"runner\",\"shard\",\"specFileRetries\",\"specFileRetriesDelay\",\"specFileRetriesDeferred\",\"reporterSyncInterval\",\"reporterSyncTimeout\",\"cucumberFeaturesWithLineNumbers\",\"autoCompileOpts\",\"mochaOpts\",\"jasmineOpts\",\"cucumberOpts\",\"onPrepare\",\"onWorkerStart\",\"onWorkerEnd\",\"before\",\"beforeSession\",\"beforeSuite\",\"beforeHook\",\"beforeTest\",\"afterTest\",\"afterHook\",\"afterSuite\",\"afterSession\",\"after\",\"onComplete\",\"beforeAssertion\",\"afterAssertion\",\"beforeFeature\",\"beforeScenario\",\"beforeStep\",\"afterStep\",\"afterScenario\",\"afterFeature\",\"_\",\"suite\",\"$0\",\"ignoredWorkerServices\",\"wdi5\"]"}]}
COMMAND: POST /session/d65bb1f3e2f9080c12776954838ef114/execute/async - {"script":"<script> [21126 bytes]","args":[35000]}
RESULT: {"script":"<script> [21126 bytes]","args":[35000]}
]]></system-out>
    </testcase>
  </testsuite>
  <testsuite timestamp="2025-05-03T18:06:27" time="707.141" tests="12" failures="0" errors="0" skipped="0">
    <properties>
      <property name="specId" value="0" />
      <property name="suiteName" value="Create Reverse Billing US127248" />
      <property name="capabilities" value="chrome.135_0_7049_96.windows" />
      <property name="file" value="file:///D:/a/1/s/test/specs/BTS/reverse-billing.spec.js" />
    </properties>
    <testcase classname="chrome.135_0_7049_96.windows.Create_Reverse_Billing_US127248" name="Should create a new yard" time="0.012">
      <system-out><![CDATA[
COMMAND: POST /session/d65bb1f3e2f9080c12776954838ef114/window/fullscreen - {}
RESULT: {}
]]></system-out>
    </testcase>
    <testcase classname="chrome.135_0_7049_96.windows.Create_Reverse_Billing_US127248" name="Should create a new partner" time="0.005" />
    <testcase classname="chrome.135_0_7049_96.windows.Create_Reverse_Billing_US127248" name="Should create a new site" time="0.003" />
    <testcase classname="chrome.135_0_7049_96.windows.Create_Reverse_Billing_US127248" name="Should create a resource" time="146.824">
      <system-out><![CDATA[
COMMAND: POST /session/d65bb1f3e2f9080c12776954838ef114/execute/async - {"script":"<script> [1562 bytes]","args":[{"selector":{"controlType":"sap.m.GenericTile","properties":{"header":"Manage Resources"}},"wdio_ui5_key":"sapm.GenericTile{\"header\":\"Manage Resources\"}"}]}
RESULT: {"script":"<script> [1562 bytes]","args":[{"selector":{"controlType":"sap.m.GenericTile","properties":{"header":"Manage Resources"}},"wdio_ui5_key":"sapm.GenericTile{\"header\":\"Manage Resources\"}"}]}
RESULT: undefined
COMMAND: POST /session/d65bb1f3e2f9080c12776954838ef114/element - {"using":"xpath","value":"//*[@id=\"__tile39\"]"}
RESULT: {"using":"xpath","value":"//*[@id=\"__tile39\"]"}
COMMAND: POST /session/d65bb1f3e2f9080c12776954838ef114/element/f.AD1387FB3635F7347677CF9BEECFB356.d.23EB32D7F2A50E6C9699247549799E7B.e.16837/click - {}
RESULT: {}
COMMAND: POST /session/d65bb1f3e2f9080c12776954838ef114/element - {"using":"xpath","value":"//button[@data-kt=\"addNewRUOverflowToolbarButton\"]"}
COMMAND: GET /session/d65bb1f3e2f9080c12776954838ef114/screenshot - {}
RESULT: {"using":"xpath","value":"//button[@data-kt=\"addNewRUOverflowToolbarButton\"]"}
COMMAND: POST /session/d65bb1f3e2f9080c12776954838ef114/elements - {"using":"xpath","value":"//button[@data-kt=\"addNewRUOverflowToolbarButton\"]"}
RESULT: {}
RESULT: {"using":"xpath","value":"//button[@data-kt=\"addNewRUOverflowToolbarButton\"]"}
COMMAND: POST /session/d65bb1f3e2f9080c12776954838ef114/elements - {"using":"xpath","value":"//button[@data-kt=\"addNewRUOverflowToolbarButton\"]"}
RESULT: {"using":"xpath","value":"//button[@data-kt=\"addNewRUOverflowToolbarButton\"]"}
COMMAND: POST /session/d65bb1f3e2f9080c12776954838ef114/elements - {"using":"xpath","value":"//button[@data-kt=\"addNewRUOverflowToolbarButton\"]"}
RESULT: {"using":"xpath","value":"//button[@data-kt=\"addNewRUOverflowToolbarButton\"]"}
COMMAND: POST /session/d65bb1f3e2f9080c12776954838ef114/elements - {"using":"xpath","value":"//button[@data-kt=\"addNewRUOverflowToolbarButton\"]"}
RESULT: {"using":"xpath","value":"//button[@data-kt=\"addNewRUOverflowToolbarButton\"]"}
COMMAND: POST /session/d65bb1f3e2f9080c12776954838ef114/element - {"using":"xpath","value":"//button[@data-kt=\"addNewRUOverflowToolbarButton\"]"}
RESULT: {"using":"xpath","value":"//button[@data-kt=\"addNewRUOverflowToolbarButton\"]"}
COMMAND: POST /session/d65bb1f3e2f9080c12776954838ef114/execute/sync - {"script":"<script> [8489 bytes]","args":[{"element-6066-11e4-a52e-4f735466cecf":"f.AD1387FB3635F7347677CF9BEECFB356.d.23EB32D7F2A50E6C9699247549799E7B.e.16988","ELEMENT":"f.AD1387FB3635F7347677CF9BEECFB356.d.23EB32D7F2A50E6C9699247549799E7B.e.16988"}]}
RESULT: {"script":"<script> [8489 bytes]","args":[{"element-6066-11e4-a52e-4f735466cecf":"f.AD1387FB3635F7347677CF9BEECFB356.d.23EB32D7F2A50E6C9699247549799E7B.e.16988","ELEMENT":"f.AD1387FB3635F7347677CF9BEECFB356.d.23EB32D7F2A50E6C9699247549799E7B.e.16988"}]}
COMMAND: GET /session/d65bb1f3e2f9080c12776954838ef114/element/f.AD1387FB3635F7347677CF9BEECFB356.d.23EB32D7F2A50E6C9699247549799E7B.e.16988/enabled - {}
COMMAND: GET /session/d65bb1f3e2f9080c12776954838ef114/screenshot - {}
RESULT: {}
COMMAND: POST /session/d65bb1f3e2f9080c12776954838ef114/execute/sync - {"script":"<script> [8489 bytes]","args":[{"element-6066-11e4-a52e-4f735466cecf":"f.AD1387FB3635F7347677CF9BEECFB356.d.23EB32D7F2A50E6C9699247549799E7B.e.16988","ELEMENT":"f.AD1387FB3635F7347677CF9BEECFB356.d.23EB32D7F2A50E6C9699247549799E7B.e.16988"}]}
COMMAND: GET /session/d65bb1f3e2f9080c12776954838ef114/screenshot - {}
RESULT: {}
RESULT: {"script":"<script> [8489 bytes]","args":[{"element-6066-11e4-a52e-4f735466cecf":"f.AD1387FB3635F7347677CF9BEECFB356.d.23EB32D7F2A50E6C9699247549799E7B.e.16988","ELEMENT":"f.AD1387FB3635F7347677CF9BEECFB356.d.23EB32D7F2A50E6C9699247549799E7B.e.16988"}]}
COMMAND: POST /session/d65bb1f3e2f9080c12776954838ef114/execute/sync - {"script":"<script> [5351 bytes]","args":[{"element-6066-11e4-a52e-4f735466cecf":"f.AD1387FB3635F7347677CF9BEECFB356.d.23EB32D7F2A50E6C9699247549799E7B.e.16988","ELEMENT":"f.AD1387FB3635F7347677CF9BEECFB356.d.23EB32D7F2A50E6C9699247549799E7B.e.16988"}]}
COMMAND: GET /session/d65bb1f3e2f9080c12776954838ef114/screenshot - {}
RESULT: {}
RESULT: {"script":"<script> [5351 bytes]","args":[{"element-6066-11e4-a52e-4f735466cecf":"f.AD1387FB3635F7347677CF9BEECFB356.d.23EB32D7F2A50E6C9699247549799E7B.e.16988","ELEMENT":"f.AD1387FB3635F7347677CF9BEECFB356.d.23EB32D7F2A50E6C9699247549799E7B.e.16988"}]}
COMMAND: POST /session/d65bb1f3e2f9080c12776954838ef114/element/f.AD1387FB3635F7347677CF9BEECFB356.d.23EB32D7F2A50E6C9699247549799E7B.e.16988/click - {}
COMMAND: GET /session/d65bb1f3e2f9080c12776954838ef114/screenshot - {}
RESULT: {}
RESULT: {}
COMMAND: GET /session/d65bb1f3e2f9080c12776954838ef114/screenshot - {}
COMMAND: POST /session/d65bb1f3e2f9080c12776954838ef114/execute/async - {"script":"<script> [1562 bytes]","args":[{"selector":{"id":"application-manageresources-display-component---newResourceUnit--TYPE-arrow"},"wdio_ui5_key":"applicationmanageresources-display-component---newResourceUnit--TYPE-arrow"}]}
RESULT: {}
RESULT: {}
RESULT: {"script":"<script> [1562 bytes]","args":[{"selector":{"id":"application-manageresources-display-component---newResourceUnit--TYPE-arrow"},"wdio_ui5_key":"applicationmanageresources-display-component---newResourceUnit--TYPE-arrow"}]}
RESULT: undefined
COMMAND: POST /session/d65bb1f3e2f9080c12776954838ef114/element - {"using":"xpath","value":"//*[@id=\"application-manageresources-display-component---newResourceUnit--TYPE-arrow\"]"}
RESULT: {"using":"xpath","value":"//*[@id=\"application-manageresources-display-component---newResourceUnit--TYPE-arrow\"]"}
COMMAND: POST /session/d65bb1f3e2f9080c12776954838ef114/element/f.AD1387FB3635F7347677CF9BEECFB356.d.23EB32D7F2A50E6C9699247549799E7B.e.17333/click - {}
RESULT: {}
COMMAND: POST /session/d65bb1f3e2f9080c12776954838ef114/element - {"using":"xpath","value":"//input[@id=\"application-manageresources-display-component---newResourceUnit--TYPE-inner\"]"}
COMMAND: GET /session/d65bb1f3e2f9080c12776954838ef114/screenshot - {}
RESULT: {"using":"xpath","value":"//input[@id=\"application-manageresources-display-component---newResourceUnit--TYPE-inner\"]"}
COMMAND: POST /session/d65bb1f3e2f9080c12776954838ef114/element/f.AD1387FB3635F7347677CF9BEECFB356.d.23EB32D7F2A50E6C9699247549799E7B.e.17329/clear - {}
RESULT: {}
RESULT: {}
COMMAND: POST /session/d65bb1f3e2f9080c12776954838ef114/element/f.AD1387FB3635F7347677CF9BEECFB356.d.23EB32D7F2A50E6C9699247549799E7B.e.17329/value - {"text":"Equipment"}
COMMAND: GET /session/d65bb1f3e2f9080c12776954838ef114/screenshot - {}
RESULT: {"text":"Equipment"}
COMMAND: GET /session/d65bb1f3e2f9080c12776954838ef114/screenshot - {}
RESULT: {}
RESULT: {}
COMMAND: POST /session/d65bb1f3e2f9080c12776954838ef114/actions - {"actions":[{"id":"action60","type":"key","parameters":{},"actions":[{"type":"keyDown","value":"î€‡"},{"type":"pause","duration":10},{"type":"keyUp","value":"î€‡"}]}]}
RESULT: {"actions":[{"id":"action60","type":"key","parameters":{},"actions":[{"type":"keyDown","value":"î€‡"},{"type":"pause","duration":10},{"type":"keyUp","value":"î€‡"}]}]}
COMMAND: POST /session/d65bb1f3e2f9080c12776954838ef114/execute/async - {"script":"<script> [1562 bytes]","args":[{"selector":{"id":"application-manageresources-display-component---newResourceUnit--resourceId","interaction":{"idSuffix":"inner"}},"wdio_ui5_key":"applicationmanageresources-display-component---newResourceUnit--resourceId"}]}
COMMAND: GET /session/d65bb1f3e2f9080c12776954838ef114/screenshot - {}
RESULT: {"script":"<script> [1562 bytes]","args":[{"selector":{"id":"application-manageresources-display-component---newResourceUnit--resourceId","interaction":{"idSuffix":"inner"}},"wdio_ui5_key":"applicationmanageresources-display-component---newResourceUnit--resourceId"}]}
RESULT: undefined
COMMAND: POST /session/d65bb1f3e2f9080c12776954838ef114/execute/async - {"script":"<script> [776 bytes]","args":[{"enterText":"evaFEulebo","selector":{"id":"application-manageresources-display-component---newResourceUnit--resourceId","interaction":{"idSuffix":"inner"}},"clearTextFirst":true,"interactionType":"ENTER_TEXT"}]}
RESULT: {}
RESULT: {"script":"<script> [776 bytes]","args":[{"enterText":"evaFEulebo","selector":{"id":"application-manageresources-display-component---newResourceUnit--resourceId","interaction":{"idSuffix":"inner"}},"clearTextFirst":true,"interactionType":"ENTER_TEXT"}]}
COMMAND: POST /session/d65bb1f3e2f9080c12776954838ef114/execute/async - {"script":"<script> [1562 bytes]","args":[{"selector":{"id":"application-manageresources-display-component---newResourceUnit--SHORT_TEXT","interaction":{"idSuffix":"inner"}},"wdio_ui5_key":"applicationmanageresources-display-component---newResourceUnit--SHORT_TEXT"}]}
RESULT: {"script":"<script> [1562 bytes]","args":[{"selector":{"id":"application-manageresources-display-component---newResourceUnit--SHORT_TEXT","interaction":{"idSuffix":"inner"}},"wdio_ui5_key":"applicationmanageresources-display-component---newResourceUnit--SHORT_TEXT"}]}
RESULT: undefined
COMMAND: POST /session/d65bb1f3e2f9080c12776954838ef114/execute/async - {"script":"<script> [776 bytes]","args":[{"enterText":"Intercompany Equipment WDIO","selector":{"id":"application-manageresources-display-component---newResourceUnit--SHORT_TEXT","interaction":{"idSuffix":"inner"}},"clearTextFirst":true,"interactionType":"ENTER_TEXT"}]}
RESULT: {"script":"<script> [776 bytes]","args":[{"enterText":"Intercompany Equipment WDIO","selector":{"id":"application-manageresources-display-component---newResourceUnit--SHORT_TEXT","interaction":{"idSuffix":"inner"}},"clearTextFirst":true,"interactionType":"ENTER_TEXT"}]}
COMMAND: POST /session/d65bb1f3e2f9080c12776954838ef114/execute/async - {"script":"<script> [1562 bytes]","args":[{"selector":{"id":"application-manageresources-display-component---newResourceUnit--BASE_UNIT_OF_MEASURE","interaction":{"idSuffix":"inner"}},"wdio_ui5_key":"applicationmanageresources-display-component---newResourceUnit--BASE_UNIT_OF_MEASURE"}]}
RESULT: {"script":"<script> [1562 bytes]","args":[{"selector":{"id":"application-manageresources-display-component---newResourceUnit--BASE_UNIT_OF_MEASURE","interaction":{"idSuffix":"inner"}},"wdio_ui5_key":"applicationmanageresources-display-component---newResourceUnit--BASE_UNIT_OF_MEASURE"}]}
RESULT: undefined
COMMAND: POST /session/d65bb1f3e2f9080c12776954838ef114/execute/async - {"script":"<script> [776 bytes]","args":[{"enterText":"Piece","selector":{"id":"application-manageresources-display-component---newResourceUnit--BASE_UNIT_OF_MEASURE","interaction":{"idSuffix":"inner"}},"clearTextFirst":true,"interactionType":"ENTER_TEXT"}]}
RESULT: {"script":"<script> [776 bytes]","args":[{"enterText":"Piece","selector":{"id":"application-manageresources-display-component---newResourceUnit--BASE_UNIT_OF_MEASURE","interaction":{"idSuffix":"inner"}},"clearTextFirst":true,"interactionType":"ENTER_TEXT"}]}
COMMAND: POST /session/d65bb1f3e2f9080c12776954838ef114/execute/async - {"script":"<script> [1562 bytes]","args":[{"selector":{"id":"application-manageresources-display-component---newResourceUnit--WEIGHT_UNIT","interaction":{"idSuffix":"inner"}},"wdio_ui5_key":"applicationmanageresources-display-component---newResourceUnit--WEIGHT_UNIT"}]}
RESULT: {"script":"<script> [1562 bytes]","args":[{"selector":{"id":"application-manageresources-display-component---newResourceUnit--WEIGHT_UNIT","interaction":{"idSuffix":"inner"}},"wdio_ui5_key":"applicationmanageresources-display-component---newResourceUnit--WEIGHT_UNIT"}]}
RESULT: undefined
COMMAND: POST /session/d65bb1f3e2f9080c12776954838ef114/execute/async - {"script":"<script> [776 bytes]","args":[{"enterText":"Gram","selector":{"id":"application-manageresources-display-component---newResourceUnit--WEIGHT_UNIT","interaction":{"idSuffix":"inner"}},"clearTextFirst":true,"interactionType":"ENTER_TEXT"}]}
RESULT: {"script":"<script> [776 bytes]","args":[{"enterText":"Gram","selector":{"id":"application-manageresources-display-component---newResourceUnit--WEIGHT_UNIT","interaction":{"idSuffix":"inner"}},"clearTextFirst":true,"interactionType":"ENTER_TEXT"}]}
COMMAND: POST /session/d65bb1f3e2f9080c12776954838ef114/execute/async - {"script":"<script> [1562 bytes]","args":[{"selector":{"id":"application-manageresources-display-component---newResourceUnit--DIMENSION_UNIT","interaction":{"idSuffix":"inner"}},"wdio_ui5_key":"applicationmanageresources-display-component---newResourceUnit--DIMENSION_UNIT"}]}
RESULT: {"script":"<script> [1562 bytes]","args":[{"selector":{"id":"application-manageresources-display-component---newResourceUnit--DIMENSION_UNIT","interaction":{"idSuffix":"inner"}},"wdio_ui5_key":"applicationmanageresources-display-component---newResourceUnit--DIMENSION_UNIT"}]}
RESULT: undefined
COMMAND: POST /session/d65bb1f3e2f9080c12776954838ef114/execute/async - {"script":"<script> [776 bytes]","args":[{"enterText":"Meter","selector":{"id":"application-manageresources-display-component---newResourceUnit--DIMENSION_UNIT","interaction":{"idSuffix":"inner"}},"clearTextFirst":true,"interactionType":"ENTER_TEXT"}]}
RESULT: {"script":"<script> [776 bytes]","args":[{"enterText":"Meter","selector":{"id":"application-manageresources-display-component---newResourceUnit--DIMENSION_UNIT","interaction":{"idSuffix":"inner"}},"clearTextFirst":true,"interactionType":"ENTER_TEXT"}]}
COMMAND: POST /session/d65bb1f3e2f9080c12776954838ef114/execute/async - {"script":"<script> [1562 bytes]","args":[{"selector":{"id":"application-manageresources-display-component---newResourceUnit--newRRUPage-anchBar-application-manageresources-display-component---newResourceUnit--control-anchor","interaction":{"idSuffix":"BDI-content"}},"wdio_ui5_key":"applicationmanageresources-display-component---newResourceUnit--newRRUPage-anchBar-application-manageresources-display-component---newResourceUnit--control-anchor"}]}
RESULT: {"script":"<script> [1562 bytes]","args":[{"selector":{"id":"application-manageresources-display-component---newResourceUnit--newRRUPage-anchBar-application-manageresources-display-component---newResourceUnit--control-anchor","interaction":{"idSuffix":"BDI-content"}},"wdio_ui5_key":"applicationmanageresources-display-component---newResourceUnit--newRRUPage-anchBar-application-manageresources-display-component---newResourceUnit--control-anchor"}]}
RESULT: undefined
COMMAND: POST /session/d65bb1f3e2f9080c12776954838ef114/element - {"using":"xpath","value":"//*[@id=\"application-manageresources-display-component---newResourceUnit--newRRUPage-anchBar-application-manageresources-display-component---newResourceUnit--control-anchor\"]"}
RESULT: {"using":"xpath","value":"//*[@id=\"application-manageresources-display-component---newResourceUnit--newRRUPage-anchBar-application-manageresources-display-component---newResourceUnit--control-anchor\"]"}
COMMAND: POST /session/d65bb1f3e2f9080c12776954838ef114/element/f.AD1387FB3635F7347677CF9BEECFB356.d.23EB32D7F2A50E6C9699247549799E7B.e.17467/click - {}
RESULT: {}
COMMAND: POST /session/d65bb1f3e2f9080c12776954838ef114/execute/async - {"script":"<script> [1562 bytes]","args":[{"selector":{"id":"application-manageresources-display-component---newResourceUnit--PLANNING_GROUP","interaction":{"idSuffix":"inner"}},"wdio_ui5_key":"applicationmanageresources-display-component---newResourceUnit--PLANNING_GROUP"}]}
COMMAND: GET /session/d65bb1f3e2f9080c12776954838ef114/screenshot - {}
RESULT: {"script":"<script> [1562 bytes]","args":[{"selector":{"id":"application-manageresources-display-component---newResourceUnit--PLANNING_GROUP","interaction":{"idSuffix":"inner"}},"wdio_ui5_key":"applicationmanageresources-display-component---newResourceUnit--PLANNING_GROUP"}]}
RESULT: undefined
COMMAND: POST /session/d65bb1f3e2f9080c12776954838ef114/execute/async - {"script":"<script> [776 bytes]","args":[{"enterText":"Heavy Equi","selector":{"id":"application-manageresources-display-component---newResourceUnit--PLANNING_GROUP","interaction":{"idSuffix":"inner"}},"clearTextFirst":true,"interactionType":"ENTER_TEXT"}]}
RESULT: {}
RESULT: {"script":"<script> [776 bytes]","args":[{"enterText":"Heavy Equi","selector":{"id":"application-manageresources-display-component---newResourceUnit--PLANNING_GROUP","interaction":{"idSuffix":"inner"}},"clearTextFirst":true,"interactionType":"ENTER_TEXT"}]}
COMMAND: POST /session/d65bb1f3e2f9080c12776954838ef114/execute/async - {"script":"<script> [1562 bytes]","args":[{"selector":{"id":"application-manageresources-display-component---newResourceUnit--ITEM_TYPE-arrow"},"wdio_ui5_key":"applicationmanageresources-display-component---newResourceUnit--ITEM_TYPE-arrow"}]}
RESULT: {"script":"<script> [1562 bytes]","args":[{"selector":{"id":"application-manageresources-display-component---newResourceUnit--ITEM_TYPE-arrow"},"wdio_ui5_key":"applicationmanageresources-display-component---newResourceUnit--ITEM_TYPE-arrow"}]}
RESULT: undefined
COMMAND: POST /session/d65bb1f3e2f9080c12776954838ef114/element - {"using":"xpath","value":"//*[@id=\"application-manageresources-display-component---newResourceUnit--ITEM_TYPE-arrow\"]"}
RESULT: {"using":"xpath","value":"//*[@id=\"application-manageresources-display-component---newResourceUnit--ITEM_TYPE-arrow\"]"}
COMMAND: POST /session/d65bb1f3e2f9080c12776954838ef114/element/f.AD1387FB3635F7347677CF9BEECFB356.d.23EB32D7F2A50E6C9699247549799E7B.e.17474/click - {}
RESULT: {}
COMMAND: POST /session/d65bb1f3e2f9080c12776954838ef114/element - {"using":"xpath","value":"(//span[contains(text(), \"Resource Unit\")])[2]"}
COMMAND: GET /session/d65bb1f3e2f9080c12776954838ef114/screenshot - {}
RESULT: {"using":"xpath","value":"(//span[contains(text(), \"Resource Unit\")])[2]"}
COMMAND: POST /session/d65bb1f3e2f9080c12776954838ef114/element/f.AD1387FB3635F7347677CF9BEECFB356.d.23EB32D7F2A50E6C9699247549799E7B.e.17475/click - {}
RESULT: {}
RESULT: {}
COMMAND: GET /session/d65bb1f3e2f9080c12776954838ef114/screenshot - {}
RESULT: {}
COMMAND: POST /session/d65bb1f3e2f9080c12776954838ef114/element - {"using":"css selector","value":"#application-manageresources-display-component---newResourceUnit--btnAddTimeSegment"}
RESULT: {"using":"css selector","value":"#application-manageresources-display-component---newResourceUnit--btnAddTimeSegment"}
COMMAND: GET /session/d65bb1f3e2f9080c12776954838ef114/element/f.AD1387FB3635F7347677CF9BEECFB356.d.23EB32D7F2A50E6C9699247549799E7B.e.17476/rect - {}
RESULT: {}
COMMAND: GET /session/d65bb1f3e2f9080c12776954838ef114/window/rect - {}
RESULT: {}
COMMAND: POST /session/d65bb1f3e2f9080c12776954838ef114/execute/sync - {"script":"<script> [92 bytes]","args":[]}
RESULT: {"script":"<script> [92 bytes]","args":[]}
COMMAND: POST /session/d65bb1f3e2f9080c12776954838ef114/actions - {"actions":[{"id":"action61","type":"wheel","parameters":{},"actions":[{"type":"scroll","x":-1888,"y":-32,"deltaX":0,"deltaY":0,"duration":0,"origin":{"element-6066-11e4-a52e-4f735466cecf":"f.AD1387FB3635F7347677CF9BEECFB356.d.23EB32D7F2A50E6C9699247549799E7B.e.17476"}}]}]}
COMMAND: GET /session/d65bb1f3e2f9080c12776954838ef114/screenshot - {}
RESULT: {}
COMMAND: POST /session/d65bb1f3e2f9080c12776954838ef114/execute/sync - {"script":"<script> [79 bytes]","args":[{"element-6066-11e4-a52e-4f735466cecf":"f.AD1387FB3635F7347677CF9BEECFB356.d.23EB32D7F2A50E6C9699247549799E7B.e.17476","ELEMENT":"f.AD1387FB3635F7347677CF9BEECFB356.d.23EB32D7F2A50E6C9699247549799E7B.e.17476"},{"block":"start","inline":"nearest"}]}
RESULT: {"script":"<script> [79 bytes]","args":[{"element-6066-11e4-a52e-4f735466cecf":"f.AD1387FB3635F7347677CF9BEECFB356.d.23EB32D7F2A50E6C9699247549799E7B.e.17476","ELEMENT":"f.AD1387FB3635F7347677CF9BEECFB356.d.23EB32D7F2A50E6C9699247549799E7B.e.17476"},{"block":"start","inline":"nearest"}]}
COMMAND: POST /session/d65bb1f3e2f9080c12776954838ef114/execute/async - {"script":"<script> [1562 bytes]","args":[{"selector":{"id":"application-manageresources-display-component---newResourceUnit--btnAddTimeSegment","interaction":{"idSuffix":"inner"}},"wdio_ui5_key":"applicationmanageresources-display-component---newResourceUnit--btnAddTimeSegment"}]}
COMMAND: GET /session/d65bb1f3e2f9080c12776954838ef114/screenshot - {}
RESULT: {"script":"<script> [1562 bytes]","args":[{"selector":{"id":"application-manageresources-display-component---newResourceUnit--btnAddTimeSegment","interaction":{"idSuffix":"inner"}},"wdio_ui5_key":"applicationmanageresources-display-component---newResourceUnit--btnAddTimeSegment"}]}
RESULT: undefined
COMMAND: POST /session/d65bb1f3e2f9080c12776954838ef114/element - {"using":"xpath","value":"//*[@id=\"application-manageresources-display-component---newResourceUnit--btnAddTimeSegment\"]"}
RESULT: {}
RESULT: {"using":"xpath","value":"//*[@id=\"application-manageresources-display-component---newResourceUnit--btnAddTimeSegment\"]"}
COMMAND: POST /session/d65bb1f3e2f9080c12776954838ef114/element/f.AD1387FB3635F7347677CF9BEECFB356.d.23EB32D7F2A50E6C9699247549799E7B.e.17476/click - {}
RESULT: {}
COMMAND: GET /session/d65bb1f3e2f9080c12776954838ef114/screenshot - {}
RESULT: {}
COMMAND: POST /session/d65bb1f3e2f9080c12776954838ef114/element - {"using":"xpath","value":"//input[@id=\"application-manageresources-display-component---newResourceUnit--idRuTSAdmin-application-manageresources-display-component---newResourceUnit--RUTimeSegment-0-inner\"]"}
RESULT: {"using":"xpath","value":"//input[@id=\"application-manageresources-display-component---newResourceUnit--idRuTSAdmin-application-manageresources-display-component---newResourceUnit--RUTimeSegment-0-inner\"]"}
COMMAND: POST /session/d65bb1f3e2f9080c12776954838ef114/element/f.AD1387FB3635F7347677CF9BEECFB356.d.23EB32D7F2A50E6C9699247549799E7B.e.17482/clear - {}
RESULT: {}
COMMAND: POST /session/d65bb1f3e2f9080c12776954838ef114/element/f.AD1387FB3635F7347677CF9BEECFB356.d.23EB32D7F2A50E6C9699247549799E7B.e.17482/value - {"text":"533"}
COMMAND: GET /session/d65bb1f3e2f9080c12776954838ef114/screenshot - {}
RESULT: {"text":"533"}
COMMAND: GET /session/d65bb1f3e2f9080c12776954838ef114/screenshot - {}
RESULT: {}
RESULT: {}
COMMAND: POST /session/d65bb1f3e2f9080c12776954838ef114/element - {"using":"xpath","value":"//li[.//span[text()='533']]"}
RESULT: {"using":"xpath","value":"//li[.//span[text()='533']]"}
COMMAND: POST /session/d65bb1f3e2f9080c12776954838ef114/element/f.AD1387FB3635F7347677CF9BEECFB356.d.23EB32D7F2A50E6C9699247549799E7B.e.17496/click - {}
RESULT: {}
COMMAND: GET /session/d65bb1f3e2f9080c12776954838ef114/screenshot - {}
RESULT: {}
COMMAND: POST /session/d65bb1f3e2f9080c12776954838ef114/element - {"using":"xpath","value":"(//span[contains(@id, \"-application-manageresources-display-component---newResourceUnit--RUTimeSegment-0-arrow\")])[6]"}
RESULT: {"using":"xpath","value":"(//span[contains(@id, \"-application-manageresources-display-component---newResourceUnit--RUTimeSegment-0-arrow\")])[6]"}
COMMAND: POST /session/d65bb1f3e2f9080c12776954838ef114/element/f.AD1387FB3635F7347677CF9BEECFB356.d.23EB32D7F2A50E6C9699247549799E7B.e.17497/click - {}
RESULT: {}
COMMAND: GET /session/d65bb1f3e2f9080c12776954838ef114/screenshot - {}
RESULT: {}
COMMAND: POST /session/d65bb1f3e2f9080c12776954838ef114/element - {"using":"xpath","value":"//span[contains(text(), \"PM Order\")]"}
RESULT: {"using":"xpath","value":"//span[contains(text(), \"PM Order\")]"}
COMMAND: POST /session/d65bb1f3e2f9080c12776954838ef114/element/f.AD1387FB3635F7347677CF9BEECFB356.d.23EB32D7F2A50E6C9699247549799E7B.e.17500/click - {}
RESULT: {}
COMMAND: GET /session/d65bb1f3e2f9080c12776954838ef114/screenshot - {}
RESULT: {}
COMMAND: POST /session/d65bb1f3e2f9080c12776954838ef114/element - {"using":"xpath","value":"(//span[contains(@id ,\"manageresources-display-component---newResourceUnit--RUTimeSegment-0-vhi\")])[1]"}
RESULT: {"using":"xpath","value":"(//span[contains(@id ,\"manageresources-display-component---newResourceUnit--RUTimeSegment-0-vhi\")])[1]"}
COMMAND: GET /session/d65bb1f3e2f9080c12776954838ef114/element/f.AD1387FB3635F7347677CF9BEECFB356.d.23EB32D7F2A50E6C9699247549799E7B.e.17504/rect - {}
RESULT: {}
COMMAND: GET /session/d65bb1f3e2f9080c12776954838ef114/window/rect - {}
RESULT: {}
COMMAND: POST /session/d65bb1f3e2f9080c12776954838ef114/execute/sync - {"script":"<script> [92 bytes]","args":[]}
RESULT: {"script":"<script> [92 bytes]","args":[]}
COMMAND: POST /session/d65bb1f3e2f9080c12776954838ef114/actions - {"actions":[{"id":"action62","type":"wheel","parameters":{},"actions":[{"type":"scroll","x":-869,"y":-24,"deltaX":0,"deltaY":0,"duration":0,"origin":{"element-6066-11e4-a52e-4f735466cecf":"f.AD1387FB3635F7347677CF9BEECFB356.d.23EB32D7F2A50E6C9699247549799E7B.e.17504"}}]}]}
COMMAND: GET /session/d65bb1f3e2f9080c12776954838ef114/screenshot - {}
RESULT: {"actions":[{"id":"action62","type":"wheel","parameters":{},"actions":[{"type":"scroll","x":-869,"y":-24,"deltaX":0,"deltaY":0,"duration":0,"origin":{"element-6066-11e4-a52e-4f735466cecf":"f.AD1387FB3635F7347677CF9BEECFB356.d.23EB32D7F2A50E6C9699247549799E7B.e.17504"}}]}]}
COMMAND: DELETE /session/d65bb1f3e2f9080c12776954838ef114/actions - {}
COMMAND: GET /session/d65bb1f3e2f9080c12776954838ef114/screenshot - {}
RESULT: {}
RESULT: {}
COMMAND: GET /session/d65bb1f3e2f9080c12776954838ef114/screenshot - {}
RESULT: {}
RESULT: {}
COMMAND: POST /session/d65bb1f3e2f9080c12776954838ef114/element/f.AD1387FB3635F7347677CF9BEECFB356.d.23EB32D7F2A50E6C9699247549799E7B.e.17504/click - {}
RESULT: {}
COMMAND: GET /session/d65bb1f3e2f9080c12776954838ef114/screenshot - {}
RESULT: {}
COMMAND: POST /session/d65bb1f3e2f9080c12776954838ef114/execute/async - {"script":"<script> [1562 bytes]","args":[{"selector":{"controlType":"sap.m.SearchField","properties":{"placeholder":"Search"},"searchOpenDialogs":true,"interaction":{"idSuffix":"I"}},"wdio_ui5_key":"sapm.SearchField{\"placeholder\":\"Search\"}"}]}
RESULT: {"script":"<script> [1562 bytes]","args":[{"selector":{"controlType":"sap.m.SearchField","properties":{"placeholder":"Search"},"searchOpenDialogs":true,"interaction":{"idSuffix":"I"}},"wdio_ui5_key":"sapm.SearchField{\"placeholder\":\"Search\"}"}]}
RESULT: undefined
COMMAND: POST /session/d65bb1f3e2f9080c12776954838ef114/execute/async - {"script":"<script> [776 bytes]","args":[{"enterText":"4000360","selector":{"controlType":"sap.m.SearchField","properties":{"placeholder":"Search"},"searchOpenDialogs":true,"interaction":{"idSuffix":"I"}},"clearTextFirst":true,"interactionType":"ENTER_TEXT"}]}
RESULT: {"script":"<script> [776 bytes]","args":[{"enterText":"4000360","selector":{"controlType":"sap.m.SearchField","properties":{"placeholder":"Search"},"searchOpenDialogs":true,"interaction":{"idSuffix":"I"}},"clearTextFirst":true,"interactionType":"ENTER_TEXT"}]}
COMMAND: POST /session/d65bb1f3e2f9080c12776954838ef114/actions - {"actions":[{"id":"action63","type":"key","parameters":{},"actions":[{"type":"keyDown","value":"î€‡"},{"type":"pause","duration":10},{"type":"keyUp","value":"î€‡"}]}]}
RESULT: {"actions":[{"id":"action63","type":"key","parameters":{},"actions":[{"type":"keyDown","value":"î€‡"},{"type":"pause","duration":10},{"type":"keyUp","value":"î€‡"}]}]}
COMMAND: GET /session/d65bb1f3e2f9080c12776954838ef114/screenshot - {}
RESULT: {}
COMMAND: POST /session/d65bb1f3e2f9080c12776954838ef114/element - {"using":"xpath","value":"//td/div/span[contains(text(), \"BGL Vehicles\")]"}
RESULT: {"using":"xpath","value":"//td/div/span[contains(text(), \"BGL Vehicles\")]"}
COMMAND: POST /session/d65bb1f3e2f9080c12776954838ef114/element/f.AD1387FB3635F7347677CF9BEECFB356.d.23EB32D7F2A50E6C9699247549799E7B.e.17527/click - {}
RESULT: {}
COMMAND: GET /session/d65bb1f3e2f9080c12776954838ef114/screenshot - {}
RESULT: {}
COMMAND: POST /session/d65bb1f3e2f9080c12776954838ef114/element - {"using":"xpath","value":"//bdi[contains(text(), \"OK\")]"}
RESULT: {"using":"xpath","value":"//bdi[contains(text(), \"OK\")]"}
COMMAND: POST /session/d65bb1f3e2f9080c12776954838ef114/element/f.AD1387FB3635F7347677CF9BEECFB356.d.23EB32D7F2A50E6C9699247549799E7B.e.17528/click - {}
RESULT: {}
COMMAND: GET /session/d65bb1f3e2f9080c12776954838ef114/screenshot - {}
RESULT: {}
COMMAND: POST /session/d65bb1f3e2f9080c12776954838ef114/execute/async - {"script":"<script> [1562 bytes]","args":[{"selector":{"id":"application-manageresources-display-component---newResourceUnit--newRRUPage-anchBar-application-manageresources-display-component---newResourceUnit--resource-anchor","interaction":{"idSuffix":"BDI-content"}},"wdio_ui5_key":"applicationmanageresources-display-component---newResourceUnit--newRRUPage-anchBar-application-manageresources-display-component---newResourceUnit--resource-anchor"}]}
RESULT: {"script":"<script> [1562 bytes]","args":[{"selector":{"id":"application-manageresources-display-component---newResourceUnit--newRRUPage-anchBar-application-manageresources-display-component---newResourceUnit--resource-anchor","interaction":{"idSuffix":"BDI-content"}},"wdio_ui5_key":"applicationmanageresources-display-component---newResourceUnit--newRRUPage-anchBar-application-manageresources-display-component---newResourceUnit--resource-anchor"}]}
RESULT: undefined
COMMAND: POST /session/d65bb1f3e2f9080c12776954838ef114/element - {"using":"xpath","value":"//*[@id=\"application-manageresources-display-component---newResourceUnit--newRRUPage-anchBar-application-manageresources-display-component---newResourceUnit--resource-anchor\"]"}
RESULT: {"using":"xpath","value":"//*[@id=\"application-manageresources-display-component---newResourceUnit--newRRUPage-anchBar-application-manageresources-display-component---newResourceUnit--resource-anchor\"]"}
COMMAND: POST /session/d65bb1f3e2f9080c12776954838ef114/element/f.AD1387FB3635F7347677CF9BEECFB356.d.23EB32D7F2A50E6C9699247549799E7B.e.17532/click - {}
RESULT: {}
COMMAND: POST /session/d65bb1f3e2f9080c12776954838ef114/execute/async - {"script":"<script> [1562 bytes]","args":[{"selector":{"id":"application-manageresources-display-component---newResourceUnit--PLANNED_DELIVERY_DATE","interaction":{"idSuffix":"inner"}},"wdio_ui5_key":"applicationmanageresources-display-component---newResourceUnit--PLANNED_DELIVERY_DATE"}]}
COMMAND: GET /session/d65bb1f3e2f9080c12776954838ef114/screenshot - {}
RESULT: {"script":"<script> [1562 bytes]","args":[{"selector":{"id":"application-manageresources-display-component---newResourceUnit--PLANNED_DELIVERY_DATE","interaction":{"idSuffix":"inner"}},"wdio_ui5_key":"applicationmanageresources-display-component---newResourceUnit--PLANNED_DELIVERY_DATE"}]}
RESULT: undefined
COMMAND: POST /session/d65bb1f3e2f9080c12776954838ef114/execute/async - {"script":"<script> [6424 bytes]","args":[{"element-6066-11e4-a52e-4f735466cecf":"f.AD1387FB3635F7347677CF9BEECFB356.d.23EB32D7F2A50E6C9699247549799E7B.e.17390"},"setValue",["5/3/25"]]}
RESULT: {}
RESULT: {"script":"<script> [6424 bytes]","args":[{"element-6066-11e4-a52e-4f735466cecf":"f.AD1387FB3635F7347677CF9BEECFB356.d.23EB32D7F2A50E6C9699247549799E7B.e.17390"},"setValue",["5/3/25"]]}
COMMAND: POST /session/d65bb1f3e2f9080c12776954838ef114/element - {"using":"xpath","value":"//button[@data-kt=\"resourceUnitSaveButton\"]"}
RESULT: {"using":"xpath","value":"//button[@data-kt=\"resourceUnitSaveButton\"]"}
COMMAND: POST /session/d65bb1f3e2f9080c12776954838ef114/element/f.AD1387FB3635F7347677CF9BEECFB356.d.23EB32D7F2A50E6C9699247549799E7B.e.17350/click - {}
RESULT: {}
COMMAND: GET /session/d65bb1f3e2f9080c12776954838ef114/screenshot - {}
RESULT: {}
COMMAND: POST /session/d65bb1f3e2f9080c12776954838ef114/element - {"using":"xpath","value":"//bdi[contains(text(), \"Close\")]"}
RESULT: {"using":"xpath","value":"//bdi[contains(text(), \"Close\")]"}
COMMAND: POST /session/d65bb1f3e2f9080c12776954838ef114/element/f.AD1387FB3635F7347677CF9BEECFB356.d.23EB32D7F2A50E6C9699247549799E7B.e.17540/click - {}
RESULT: {}
COMMAND: GET /session/d65bb1f3e2f9080c12776954838ef114/screenshot - {}
RESULT: {}
COMMAND: POST /session/d65bb1f3e2f9080c12776954838ef114/element - {"using":"xpath","value":"(//button[contains(@id ,\"actionsToolbar-overflowButton\")])[1]"}
RESULT: {"using":"xpath","value":"(//button[contains(@id ,\"actionsToolbar-overflowButton\")])[1]"}
COMMAND: POST /session/d65bb1f3e2f9080c12776954838ef114/element/f.AD1387FB3635F7347677CF9BEECFB356.d.23EB32D7F2A50E6C9699247549799E7B.e.17571/click - {}
RESULT: {}
COMMAND: GET /session/d65bb1f3e2f9080c12776954838ef114/screenshot - {}
RESULT: {}
COMMAND: POST /session/d65bb1f3e2f9080c12776954838ef114/element - {"using":"xpath","value":"//button[@data-kt=\"priceInfoButton\"]"}
RESULT: {"using":"xpath","value":"//button[@data-kt=\"priceInfoButton\"]"}
COMMAND: POST /session/d65bb1f3e2f9080c12776954838ef114/element/f.AD1387FB3635F7347677CF9BEECFB356.d.23EB32D7F2A50E6C9699247549799E7B.e.17573/click - {}
RESULT: {}
COMMAND: GET /session/d65bb1f3e2f9080c12776954838ef114/screenshot - {}
]]></system-out>
    </testcase>
    <testcase classname="chrome.135_0_7049_96.windows.Create_Reverse_Billing_US127248" name="Should create a pricing procedure" time="56.436">
      <system-out><![CDATA[
COMMAND: POST /session/d65bb1f3e2f9080c12776954838ef114/element - {"using":"xpath","value":"//button[@data-kt=\"addButton\"]"}
RESULT: {}
RESULT: {"using":"xpath","value":"//button[@data-kt=\"addButton\"]"}
COMMAND: POST /session/d65bb1f3e2f9080c12776954838ef114/elements - {"using":"xpath","value":"//button[@data-kt=\"addButton\"]"}
RESULT: {"using":"xpath","value":"//button[@data-kt=\"addButton\"]"}
COMMAND: POST /session/d65bb1f3e2f9080c12776954838ef114/execute/sync - {"script":"<script> [8489 bytes]","args":[{"element-6066-11e4-a52e-4f735466cecf":"f.AD1387FB3635F7347677CF9BEECFB356.d.23EB32D7F2A50E6C9699247549799E7B.e.17609","ELEMENT":"f.AD1387FB3635F7347677CF9BEECFB356.d.23EB32D7F2A50E6C9699247549799E7B.e.17609"}]}
RESULT: {"script":"<script> [8489 bytes]","args":[{"element-6066-11e4-a52e-4f735466cecf":"f.AD1387FB3635F7347677CF9BEECFB356.d.23EB32D7F2A50E6C9699247549799E7B.e.17609","ELEMENT":"f.AD1387FB3635F7347677CF9BEECFB356.d.23EB32D7F2A50E6C9699247549799E7B.e.17609"}]}
COMMAND: GET /session/d65bb1f3e2f9080c12776954838ef114/element/f.AD1387FB3635F7347677CF9BEECFB356.d.23EB32D7F2A50E6C9699247549799E7B.e.17609/enabled - {}
COMMAND: GET /session/d65bb1f3e2f9080c12776954838ef114/screenshot - {}
RESULT: {}
COMMAND: POST /session/d65bb1f3e2f9080c12776954838ef114/execute/sync - {"script":"<script> [8489 bytes]","args":[{"element-6066-11e4-a52e-4f735466cecf":"f.AD1387FB3635F7347677CF9BEECFB356.d.23EB32D7F2A50E6C9699247549799E7B.e.17609","ELEMENT":"f.AD1387FB3635F7347677CF9BEECFB356.d.23EB32D7F2A50E6C9699247549799E7B.e.17609"}]}
COMMAND: GET /session/d65bb1f3e2f9080c12776954838ef114/screenshot - {}
RESULT: {}
RESULT: {"script":"<script> [8489 bytes]","args":[{"element-6066-11e4-a52e-4f735466cecf":"f.AD1387FB3635F7347677CF9BEECFB356.d.23EB32D7F2A50E6C9699247549799E7B.e.17609","ELEMENT":"f.AD1387FB3635F7347677CF9BEECFB356.d.23EB32D7F2A50E6C9699247549799E7B.e.17609"}]}
COMMAND: POST /session/d65bb1f3e2f9080c12776954838ef114/execute/sync - {"script":"<script> [5351 bytes]","args":[{"element-6066-11e4-a52e-4f735466cecf":"f.AD1387FB3635F7347677CF9BEECFB356.d.23EB32D7F2A50E6C9699247549799E7B.e.17609","ELEMENT":"f.AD1387FB3635F7347677CF9BEECFB356.d.23EB32D7F2A50E6C9699247549799E7B.e.17609"}]}
COMMAND: GET /session/d65bb1f3e2f9080c12776954838ef114/screenshot - {}
RESULT: {}
RESULT: {"script":"<script> [5351 bytes]","args":[{"element-6066-11e4-a52e-4f735466cecf":"f.AD1387FB3635F7347677CF9BEECFB356.d.23EB32D7F2A50E6C9699247549799E7B.e.17609","ELEMENT":"f.AD1387FB3635F7347677CF9BEECFB356.d.23EB32D7F2A50E6C9699247549799E7B.e.17609"}]}
COMMAND: POST /session/d65bb1f3e2f9080c12776954838ef114/element/f.AD1387FB3635F7347677CF9BEECFB356.d.23EB32D7F2A50E6C9699247549799E7B.e.17609/click - {}
COMMAND: GET /session/d65bb1f3e2f9080c12776954838ef114/screenshot - {}
RESULT: {}
RESULT: {}
COMMAND: GET /session/d65bb1f3e2f9080c12776954838ef114/screenshot - {}
RESULT: {}
RESULT: {}
COMMAND: POST /session/d65bb1f3e2f9080c12776954838ef114/execute/async - {"script":"<script> [1562 bytes]","args":[{"selector":{"controlType":"sap.m.Title","viewName":"etm.portal.ui.managepricingrules.view.NewItem","viewId":"application-managepricingrules-display-component---newInfoPriceItem","properties":{"text":"New Pricing Rules - Item Level"}},"wdio_ui5_key":"etmportal.ui.managepricingrules.view.NewItemsap.m.Title{\"text\":\"New Pricing Rules - Item Level\"}"}]}
RESULT: {"script":"<script> [1562 bytes]","args":[{"selector":{"controlType":"sap.m.Title","viewName":"etm.portal.ui.managepricingrules.view.NewItem","viewId":"application-managepricingrules-display-component---newInfoPriceItem","properties":{"text":"New Pricing Rules - Item Level"}},"wdio_ui5_key":"etmportal.ui.managepricingrules.view.NewItemsap.m.Title{\"text\":\"New Pricing Rules - Item Level\"}"}]}
RESULT: undefined
COMMAND: POST /session/d65bb1f3e2f9080c12776954838ef114/execute/async - {"script":"<script> [6424 bytes]","args":[{"element-6066-11e4-a52e-4f735466cecf":"f.AD1387FB3635F7347677CF9BEECFB356.d.23EB32D7F2A50E6C9699247549799E7B.e.17683"},"getText",[]]}
RESULT: {"script":"<script> [6424 bytes]","args":[{"element-6066-11e4-a52e-4f735466cecf":"f.AD1387FB3635F7347677CF9BEECFB356.d.23EB32D7F2A50E6C9699247549799E7B.e.17683"},"getText",[]]}
COMMAND: POST /session/d65bb1f3e2f9080c12776954838ef114/execute/async - {"script":"<script> [1562 bytes]","args":[{"selector":{"id":"application-managepricingrules-display-component---newInfoPriceItem--condValidTo","interaction":{"idSuffix":"inner"}},"wdio_ui5_key":"applicationmanagepricingrules-display-component---newInfoPriceItem--condValidTo"}]}
RESULT: {"script":"<script> [1562 bytes]","args":[{"selector":{"id":"application-managepricingrules-display-component---newInfoPriceItem--condValidTo","interaction":{"idSuffix":"inner"}},"wdio_ui5_key":"applicationmanagepricingrules-display-component---newInfoPriceItem--condValidTo"}]}
RESULT: undefined
COMMAND: POST /session/d65bb1f3e2f9080c12776954838ef114/execute/async - {"script":"<script> [776 bytes]","args":[{"enterText":"01/03/26","selector":{"id":"application-managepricingrules-display-component---newInfoPriceItem--condValidTo","interaction":{"idSuffix":"inner"}},"clearTextFirst":true,"interactionType":"ENTER_TEXT"}]}
RESULT: {"script":"<script> [776 bytes]","args":[{"enterText":"01/03/26","selector":{"id":"application-managepricingrules-display-component---newInfoPriceItem--condValidTo","interaction":{"idSuffix":"inner"}},"clearTextFirst":true,"interactionType":"ENTER_TEXT"}]}
COMMAND: POST /session/d65bb1f3e2f9080c12776954838ef114/execute/async - {"script":"<script> [1562 bytes]","args":[{"selector":{"id":"application-managepricingrules-display-component---newInfoPriceItem--billType-arrow"},"wdio_ui5_key":"applicationmanagepricingrules-display-component---newInfoPriceItem--billType-arrow"}]}
RESULT: {"script":"<script> [1562 bytes]","args":[{"selector":{"id":"application-managepricingrules-display-component---newInfoPriceItem--billType-arrow"},"wdio_ui5_key":"applicationmanagepricingrules-display-component---newInfoPriceItem--billType-arrow"}]}
RESULT: undefined
COMMAND: POST /session/d65bb1f3e2f9080c12776954838ef114/element - {"using":"xpath","value":"//*[@id=\"application-managepricingrules-display-component---newInfoPriceItem--billType-arrow\"]"}
RESULT: {"using":"xpath","value":"//*[@id=\"application-managepricingrules-display-component---newInfoPriceItem--billType-arrow\"]"}
COMMAND: POST /session/d65bb1f3e2f9080c12776954838ef114/element/f.AD1387FB3635F7347677CF9BEECFB356.d.23EB32D7F2A50E6C9699247549799E7B.e.17740/click - {}
RESULT: {}
COMMAND: POST /session/d65bb1f3e2f9080c12776954838ef114/element - {"using":"xpath","value":"//span[contains(text(), \"TB - Time based\")]"}
COMMAND: GET /session/d65bb1f3e2f9080c12776954838ef114/screenshot - {}
RESULT: {"using":"xpath","value":"//span[contains(text(), \"TB - Time based\")]"}
COMMAND: POST /session/d65bb1f3e2f9080c12776954838ef114/element/f.AD1387FB3635F7347677CF9BEECFB356.d.23EB32D7F2A50E6C9699247549799E7B.e.17782/click - {}
RESULT: {}
RESULT: {}
COMMAND: POST /session/d65bb1f3e2f9080c12776954838ef114/execute/async - {"script":"<script> [1562 bytes]","args":[{"selector":{"id":"application-managepricingrules-display-component---newInfoPriceItem--priceProc-arrow"},"wdio_ui5_key":"applicationmanagepricingrules-display-component---newInfoPriceItem--priceProc-arrow"}]}
COMMAND: GET /session/d65bb1f3e2f9080c12776954838ef114/screenshot - {}
RESULT: {"script":"<script> [1562 bytes]","args":[{"selector":{"id":"application-managepricingrules-display-component---newInfoPriceItem--priceProc-arrow"},"wdio_ui5_key":"applicationmanagepricingrules-display-component---newInfoPriceItem--priceProc-arrow"}]}
RESULT: undefined
COMMAND: POST /session/d65bb1f3e2f9080c12776954838ef114/element - {"using":"xpath","value":"//*[@id=\"application-managepricingrules-display-component---newInfoPriceItem--priceProc-arrow\"]"}
RESULT: {}
RESULT: {"using":"xpath","value":"//*[@id=\"application-managepricingrules-display-component---newInfoPriceItem--priceProc-arrow\"]"}
COMMAND: POST /session/d65bb1f3e2f9080c12776954838ef114/element/f.AD1387FB3635F7347677CF9BEECFB356.d.23EB32D7F2A50E6C9699247549799E7B.e.17747/click - {}
RESULT: {}
COMMAND: POST /session/d65bb1f3e2f9080c12776954838ef114/element - {"using":"xpath","value":"//span[contains(text(), \"TBS - Time based standard\")]"}
COMMAND: GET /session/d65bb1f3e2f9080c12776954838ef114/screenshot - {}
RESULT: {"using":"xpath","value":"//span[contains(text(), \"TBS - Time based standard\")]"}
COMMAND: POST /session/d65bb1f3e2f9080c12776954838ef114/element/f.AD1387FB3635F7347677CF9BEECFB356.d.23EB32D7F2A50E6C9699247549799E7B.e.17783/click - {}
RESULT: {}
RESULT: {}
COMMAND: POST /session/d65bb1f3e2f9080c12776954838ef114/execute/async - {"script":"<script> [1562 bytes]","args":[{"selector":{"id":"application-managepricingrules-display-component---newInfoPriceItem--calcBase-arrow"},"wdio_ui5_key":"applicationmanagepricingrules-display-component---newInfoPriceItem--calcBase-arrow"}]}
COMMAND: GET /session/d65bb1f3e2f9080c12776954838ef114/screenshot - {}
RESULT: {"script":"<script> [1562 bytes]","args":[{"selector":{"id":"application-managepricingrules-display-component---newInfoPriceItem--calcBase-arrow"},"wdio_ui5_key":"applicationmanagepricingrules-display-component---newInfoPriceItem--calcBase-arrow"}]}
RESULT: undefined
COMMAND: POST /session/d65bb1f3e2f9080c12776954838ef114/element - {"using":"xpath","value":"//*[@id=\"application-managepricingrules-display-component---newInfoPriceItem--calcBase-arrow\"]"}
RESULT: {}
RESULT: {"using":"xpath","value":"//*[@id=\"application-managepricingrules-display-component---newInfoPriceItem--calcBase-arrow\"]"}
COMMAND: POST /session/d65bb1f3e2f9080c12776954838ef114/element/f.AD1387FB3635F7347677CF9BEECFB356.d.23EB32D7F2A50E6C9699247549799E7B.e.17754/click - {}
RESULT: {}
COMMAND: GET /session/d65bb1f3e2f9080c12776954838ef114/screenshot - {}
RESULT: {}
COMMAND: POST /session/d65bb1f3e2f9080c12776954838ef114/element - {"using":"xpath","value":"//span[contains(text(), \"0006 - TB(calendar days)\")]"}
RESULT: {"using":"xpath","value":"//span[contains(text(), \"0006 - TB(calendar days)\")]"}
COMMAND: POST /session/d65bb1f3e2f9080c12776954838ef114/element/f.AD1387FB3635F7347677CF9BEECFB356.d.23EB32D7F2A50E6C9699247549799E7B.e.17784/click - {}
RESULT: {}
COMMAND: GET /session/d65bb1f3e2f9080c12776954838ef114/screenshot - {}
RESULT: {}
COMMAND: POST /session/d65bb1f3e2f9080c12776954838ef114/execute/async - {"script":"<script> [1562 bytes]","args":[{"selector":{"id":"application-managepricingrules-display-component---newInfoPriceItem--daysMonth","interaction":{"idSuffix":"inner"}},"wdio_ui5_key":"applicationmanagepricingrules-display-component---newInfoPriceItem--daysMonth"}]}
RESULT: {"script":"<script> [1562 bytes]","args":[{"selector":{"id":"application-managepricingrules-display-component---newInfoPriceItem--daysMonth","interaction":{"idSuffix":"inner"}},"wdio_ui5_key":"applicationmanagepricingrules-display-component---newInfoPriceItem--daysMonth"}]}
RESULT: undefined
COMMAND: POST /session/d65bb1f3e2f9080c12776954838ef114/execute/async - {"script":"<script> [776 bytes]","args":[{"enterText":"30","selector":{"id":"application-managepricingrules-display-component---newInfoPriceItem--daysMonth","interaction":{"idSuffix":"inner"}},"clearTextFirst":true,"interactionType":"ENTER_TEXT"}]}
RESULT: {"script":"<script> [776 bytes]","args":[{"enterText":"30","selector":{"id":"application-managepricingrules-display-component---newInfoPriceItem--daysMonth","interaction":{"idSuffix":"inner"}},"clearTextFirst":true,"interactionType":"ENTER_TEXT"}]}
COMMAND: POST /session/d65bb1f3e2f9080c12776954838ef114/element - {"using":"xpath","value":"//button[@data-kt=\"saveNewRuleButton\"]"}
RESULT: {"using":"xpath","value":"//button[@data-kt=\"saveNewRuleButton\"]"}
COMMAND: POST /session/d65bb1f3e2f9080c12776954838ef114/element/f.AD1387FB3635F7347677CF9BEECFB356.d.23EB32D7F2A50E6C9699247549799E7B.e.17775/click - {}
RESULT: {}
COMMAND: GET /session/d65bb1f3e2f9080c12776954838ef114/screenshot - {}
RESULT: {}
COMMAND: POST /session/d65bb1f3e2f9080c12776954838ef114/execute/async - {"script":"<script> [1562 bytes]","args":[{"selector":{"id":"application-managepricingrules-display-component---priceInfoItem--smartFilterBar-btnBasicSearch","interaction":{"idSuffix":"I"}},"wdio_ui5_key":"applicationmanagepricingrules-display-component---priceInfoItem--smartFilterBar-btnBasicSearch"}]}
RESULT: {"script":"<script> [1562 bytes]","args":[{"selector":{"id":"application-managepricingrules-display-component---priceInfoItem--smartFilterBar-btnBasicSearch","interaction":{"idSuffix":"I"}},"wdio_ui5_key":"applicationmanagepricingrules-display-component---priceInfoItem--smartFilterBar-btnBasicSearch"}]}
RESULT: undefined
COMMAND: POST /session/d65bb1f3e2f9080c12776954838ef114/execute/async - {"script":"<script> [776 bytes]","args":[{"enterText":"evaFEulebo","selector":{"id":"application-managepricingrules-display-component---priceInfoItem--smartFilterBar-btnBasicSearch","interaction":{"idSuffix":"I"}},"clearTextFirst":true,"interactionType":"ENTER_TEXT"}]}
RESULT: {"script":"<script> [776 bytes]","args":[{"enterText":"evaFEulebo","selector":{"id":"application-managepricingrules-display-component---priceInfoItem--smartFilterBar-btnBasicSearch","interaction":{"idSuffix":"I"}},"clearTextFirst":true,"interactionType":"ENTER_TEXT"}]}
COMMAND: POST /session/d65bb1f3e2f9080c12776954838ef114/actions - {"actions":[{"id":"action64","type":"key","parameters":{},"actions":[{"type":"keyDown","value":"î€‡"},{"type":"pause","duration":10},{"type":"keyUp","value":"î€‡"}]}]}
RESULT: {"actions":[{"id":"action64","type":"key","parameters":{},"actions":[{"type":"keyDown","value":"î€‡"},{"type":"pause","duration":10},{"type":"keyUp","value":"î€‡"}]}]}
COMMAND: GET /session/d65bb1f3e2f9080c12776954838ef114/screenshot - {}
RESULT: {}
COMMAND: POST /session/d65bb1f3e2f9080c12776954838ef114/element - {"using":"xpath","value":"//span[@id=\"application-managepricingrules-display-component---priceInfoItem--smartTable-header-inner\"]"}
RESULT: {"using":"xpath","value":"//span[@id=\"application-managepricingrules-display-component---priceInfoItem--smartTable-header-inner\"]"}
COMMAND: POST /session/d65bb1f3e2f9080c12776954838ef114/elements - {"using":"xpath","value":"//span[@id=\"application-managepricingrules-display-component---priceInfoItem--smartTable-header-inner\"]"}
RESULT: {"using":"xpath","value":"//span[@id=\"application-managepricingrules-display-component---priceInfoItem--smartTable-header-inner\"]"}
COMMAND: POST /session/d65bb1f3e2f9080c12776954838ef114/execute/sync - {"script":"<script> [56 bytes]","args":[{"element-6066-11e4-a52e-4f735466cecf":"f.AD1387FB3635F7347677CF9BEECFB356.d.23EB32D7F2A50E6C9699247549799E7B.e.17808","ELEMENT":"f.AD1387FB3635F7347677CF9BEECFB356.d.23EB32D7F2A50E6C9699247549799E7B.e.17808"}]}
RESULT: {"script":"<script> [56 bytes]","args":[{"element-6066-11e4-a52e-4f735466cecf":"f.AD1387FB3635F7347677CF9BEECFB356.d.23EB32D7F2A50E6C9699247549799E7B.e.17808","ELEMENT":"f.AD1387FB3635F7347677CF9BEECFB356.d.23EB32D7F2A50E6C9699247549799E7B.e.17808"}]}
COMMAND: POST /session/d65bb1f3e2f9080c12776954838ef114/element - {"using":"css selector","value":"#shell-header-logo"}
COMMAND: GET /session/d65bb1f3e2f9080c12776954838ef114/screenshot - {}
RESULT: {"using":"css selector","value":"#shell-header-logo"}
COMMAND: POST /session/d65bb1f3e2f9080c12776954838ef114/element/f.AD1387FB3635F7347677CF9BEECFB356.d.23EB32D7F2A50E6C9699247549799E7B.e.16945/click - {}
RESULT: {}
RESULT: {}
COMMAND: GET /session/d65bb1f3e2f9080c12776954838ef114/screenshot - {}
RESULT: {}
]]></system-out>
    </testcase>
    <testcase classname="chrome.135_0_7049_96.windows.Create_Reverse_Billing_US127248" name="Should manage conditions" time="68.276">
      <system-out><![CDATA[
COMMAND: POST /session/d65bb1f3e2f9080c12776954838ef114/execute/async - {"script":"<script> [1562 bytes]","args":[{"selector":{"controlType":"sap.m.Text","properties":{"text":"Manage Conditions & Prices"},"interaction":{"idSuffix":"inner"}},"wdio_ui5_key":"sapm.Text{\"text\":\"Manage Conditions & Prices\"}"}]}
RESULT: {"script":"<script> [1562 bytes]","args":[{"selector":{"controlType":"sap.m.Text","properties":{"text":"Manage Conditions & Prices"},"interaction":{"idSuffix":"inner"}},"wdio_ui5_key":"sapm.Text{\"text\":\"Manage Conditions & Prices\"}"}]}
RESULT: undefined
COMMAND: POST /session/d65bb1f3e2f9080c12776954838ef114/element - {"using":"xpath","value":"//*[@id=\"__tile53-title\"]"}
RESULT: {"using":"xpath","value":"//*[@id=\"__tile53-title\"]"}
COMMAND: POST /session/d65bb1f3e2f9080c12776954838ef114/element/f.AD1387FB3635F7347677CF9BEECFB356.d.23EB32D7F2A50E6C9699247549799E7B.e.17811/click - {}
RESULT: {}
COMMAND: POST /session/d65bb1f3e2f9080c12776954838ef114/element - {"using":"xpath","value":"//button[@aria-label=\"Create\"]"}
COMMAND: GET /session/d65bb1f3e2f9080c12776954838ef114/screenshot - {}
RESULT: {"using":"xpath","value":"//button[@aria-label=\"Create\"]"}
COMMAND: POST /session/d65bb1f3e2f9080c12776954838ef114/elements - {"using":"xpath","value":"//button[@aria-label=\"Create\"]"}
RESULT: {}
RESULT: {"using":"xpath","value":"//button[@aria-label=\"Create\"]"}
COMMAND: POST /session/d65bb1f3e2f9080c12776954838ef114/element - {"using":"xpath","value":"//button[@aria-label=\"Create\"]"}
RESULT: {"using":"xpath","value":"//button[@aria-label=\"Create\"]"}
COMMAND: POST /session/d65bb1f3e2f9080c12776954838ef114/execute/sync - {"script":"<script> [8489 bytes]","args":[{"element-6066-11e4-a52e-4f735466cecf":"f.AD1387FB3635F7347677CF9BEECFB356.d.23EB32D7F2A50E6C9699247549799E7B.e.17845","ELEMENT":"f.AD1387FB3635F7347677CF9BEECFB356.d.23EB32D7F2A50E6C9699247549799E7B.e.17845"}]}
RESULT: {"script":"<script> [8489 bytes]","args":[{"element-6066-11e4-a52e-4f735466cecf":"f.AD1387FB3635F7347677CF9BEECFB356.d.23EB32D7F2A50E6C9699247549799E7B.e.17845","ELEMENT":"f.AD1387FB3635F7347677CF9BEECFB356.d.23EB32D7F2A50E6C9699247549799E7B.e.17845"}]}
COMMAND: GET /session/d65bb1f3e2f9080c12776954838ef114/element/f.AD1387FB3635F7347677CF9BEECFB356.d.23EB32D7F2A50E6C9699247549799E7B.e.17845/enabled - {}
COMMAND: GET /session/d65bb1f3e2f9080c12776954838ef114/screenshot - {}
RESULT: {}
COMMAND: POST /session/d65bb1f3e2f9080c12776954838ef114/execute/sync - {"script":"<script> [8489 bytes]","args":[{"element-6066-11e4-a52e-4f735466cecf":"f.AD1387FB3635F7347677CF9BEECFB356.d.23EB32D7F2A50E6C9699247549799E7B.e.17845","ELEMENT":"f.AD1387FB3635F7347677CF9BEECFB356.d.23EB32D7F2A50E6C9699247549799E7B.e.17845"}]}
COMMAND: GET /session/d65bb1f3e2f9080c12776954838ef114/screenshot - {}
RESULT: {}
RESULT: {"script":"<script> [8489 bytes]","args":[{"element-6066-11e4-a52e-4f735466cecf":"f.AD1387FB3635F7347677CF9BEECFB356.d.23EB32D7F2A50E6C9699247549799E7B.e.17845","ELEMENT":"f.AD1387FB3635F7347677CF9BEECFB356.d.23EB32D7F2A50E6C9699247549799E7B.e.17845"}]}
COMMAND: POST /session/d65bb1f3e2f9080c12776954838ef114/execute/sync - {"script":"<script> [5351 bytes]","args":[{"element-6066-11e4-a52e-4f735466cecf":"f.AD1387FB3635F7347677CF9BEECFB356.d.23EB32D7F2A50E6C9699247549799E7B.e.17845","ELEMENT":"f.AD1387FB3635F7347677CF9BEECFB356.d.23EB32D7F2A50E6C9699247549799E7B.e.17845"}]}
COMMAND: GET /session/d65bb1f3e2f9080c12776954838ef114/screenshot - {}
RESULT: {}
RESULT: {"script":"<script> [5351 bytes]","args":[{"element-6066-11e4-a52e-4f735466cecf":"f.AD1387FB3635F7347677CF9BEECFB356.d.23EB32D7F2A50E6C9699247549799E7B.e.17845","ELEMENT":"f.AD1387FB3635F7347677CF9BEECFB356.d.23EB32D7F2A50E6C9699247549799E7B.e.17845"}]}
COMMAND: POST /session/d65bb1f3e2f9080c12776954838ef114/element/f.AD1387FB3635F7347677CF9BEECFB356.d.23EB32D7F2A50E6C9699247549799E7B.e.17845/click - {}
COMMAND: GET /session/d65bb1f3e2f9080c12776954838ef114/screenshot - {}
RESULT: {}
RESULT: {}
COMMAND: GET /session/d65bb1f3e2f9080c12776954838ef114/screenshot - {}
RESULT: {}
RESULT: {}
COMMAND: POST /session/d65bb1f3e2f9080c12776954838ef114/actions - {"actions":[{"id":"action65","type":"key","parameters":{},"actions":[{"type":"keyDown","value":"î€‡"},{"type":"pause","duration":10},{"type":"keyUp","value":"î€‡"}]}]}
RESULT: {"actions":[{"id":"action65","type":"key","parameters":{},"actions":[{"type":"keyDown","value":"î€‡"},{"type":"pause","duration":10},{"type":"keyUp","value":"î€‡"}]}]}
COMMAND: GET /session/d65bb1f3e2f9080c12776954838ef114/screenshot - {}
RESULT: {}
COMMAND: POST /session/d65bb1f3e2f9080c12776954838ef114/execute/async - {"script":"<script> [1562 bytes]","args":[{"selector":{"id":"application-manageconditionprice-display-component---newCondition--condBillCond-arrow"},"wdio_ui5_key":"applicationmanageconditionprice-display-component---newCondition--condBillCond-arrow"}]}
RESULT: {"script":"<script> [1562 bytes]","args":[{"selector":{"id":"application-manageconditionprice-display-component---newCondition--condBillCond-arrow"},"wdio_ui5_key":"applicationmanageconditionprice-display-component---newCondition--condBillCond-arrow"}]}
RESULT: undefined
COMMAND: POST /session/d65bb1f3e2f9080c12776954838ef114/element - {"using":"xpath","value":"//*[@id=\"application-manageconditionprice-display-component---newCondition--condBillCond-arrow\"]"}
RESULT: {"using":"xpath","value":"//*[@id=\"application-manageconditionprice-display-component---newCondition--condBillCond-arrow\"]"}
COMMAND: POST /session/d65bb1f3e2f9080c12776954838ef114/element/f.AD1387FB3635F7347677CF9BEECFB356.d.23EB32D7F2A50E6C9699247549799E7B.e.18025/click - {}
RESULT: {}
COMMAND: GET /session/d65bb1f3e2f9080c12776954838ef114/screenshot - {}
RESULT: {}
COMMAND: POST /session/d65bb1f3e2f9080c12776954838ef114/element - {"using":"xpath","value":"//li[.//span[contains(text(), \"DISP - D&I special price\")]]"}
RESULT: {"using":"xpath","value":"//li[.//span[contains(text(), \"DISP - D&I special price\")]]"}
COMMAND: POST /session/d65bb1f3e2f9080c12776954838ef114/element/f.AD1387FB3635F7347677CF9BEECFB356.d.23EB32D7F2A50E6C9699247549799E7B.e.18028/click - {}
RESULT: {}
COMMAND: GET /session/d65bb1f3e2f9080c12776954838ef114/screenshot - {}
RESULT: {}
COMMAND: POST /session/d65bb1f3e2f9080c12776954838ef114/execute/async - {"script":"<script> [1562 bytes]","args":[{"selector":{"id":"application-manageconditionprice-display-component---newCondition--condValidTo","interaction":{"idSuffix":"inner"}},"wdio_ui5_key":"applicationmanageconditionprice-display-component---newCondition--condValidTo"}]}
RESULT: {"script":"<script> [1562 bytes]","args":[{"selector":{"id":"application-manageconditionprice-display-component---newCondition--condValidTo","interaction":{"idSuffix":"inner"}},"wdio_ui5_key":"applicationmanageconditionprice-display-component---newCondition--condValidTo"}]}
RESULT: undefined
COMMAND: POST /session/d65bb1f3e2f9080c12776954838ef114/execute/async - {"script":"<script> [776 bytes]","args":[{"enterText":"01/03/26","selector":{"id":"application-manageconditionprice-display-component---newCondition--condValidTo","interaction":{"idSuffix":"inner"}},"clearTextFirst":true,"interactionType":"ENTER_TEXT"}]}
RESULT: {"script":"<script> [776 bytes]","args":[{"enterText":"01/03/26","selector":{"id":"application-manageconditionprice-display-component---newCondition--condValidTo","interaction":{"idSuffix":"inner"}},"clearTextFirst":true,"interactionType":"ENTER_TEXT"}]}
COMMAND: POST /session/d65bb1f3e2f9080c12776954838ef114/element - {"using":"xpath","value":"//input[@id=\"application-manageconditionprice-display-component---newCondition--condRU-inner\"]"}
RESULT: {"using":"xpath","value":"//input[@id=\"application-manageconditionprice-display-component---newCondition--condRU-inner\"]"}
COMMAND: POST /session/d65bb1f3e2f9080c12776954838ef114/element/f.AD1387FB3635F7347677CF9BEECFB356.d.23EB32D7F2A50E6C9699247549799E7B.e.17889/clear - {}
RESULT: {}
COMMAND: POST /session/d65bb1f3e2f9080c12776954838ef114/element/f.AD1387FB3635F7347677CF9BEECFB356.d.23EB32D7F2A50E6C9699247549799E7B.e.17889/value - {"text":"evaFEulebo"}
COMMAND: GET /session/d65bb1f3e2f9080c12776954838ef114/screenshot - {}
RESULT: {"text":"evaFEulebo"}
COMMAND: GET /session/d65bb1f3e2f9080c12776954838ef114/screenshot - {}
RESULT: {}
RESULT: {}
COMMAND: POST /session/d65bb1f3e2f9080c12776954838ef114/actions - {"actions":[{"id":"action66","type":"key","parameters":{},"actions":[{"type":"keyDown","value":"î€‡"},{"type":"pause","duration":10},{"type":"keyUp","value":"î€‡"}]}]}
RESULT: {"actions":[{"id":"action66","type":"key","parameters":{},"actions":[{"type":"keyDown","value":"î€‡"},{"type":"pause","duration":10},{"type":"keyUp","value":"î€‡"}]}]}
COMMAND: POST /session/d65bb1f3e2f9080c12776954838ef114/execute/async - {"script":"<script> [1562 bytes]","args":[{"selector":{"id":"application-manageconditionprice-display-component---newCondition--condBaseQty","interaction":{"idSuffix":"inner"}},"wdio_ui5_key":"applicationmanageconditionprice-display-component---newCondition--condBaseQty"}]}
COMMAND: GET /session/d65bb1f3e2f9080c12776954838ef114/screenshot - {}
RESULT: {"script":"<script> [1562 bytes]","args":[{"selector":{"id":"application-manageconditionprice-display-component---newCondition--condBaseQty","interaction":{"idSuffix":"inner"}},"wdio_ui5_key":"applicationmanageconditionprice-display-component---newCondition--condBaseQty"}]}
RESULT: undefined
COMMAND: POST /session/d65bb1f3e2f9080c12776954838ef114/execute/async - {"script":"<script> [776 bytes]","args":[{"enterText":"1","selector":{"id":"application-manageconditionprice-display-component---newCondition--condBaseQty","interaction":{"idSuffix":"inner"}},"clearTextFirst":true,"interactionType":"ENTER_TEXT"}]}
RESULT: {}
RESULT: {"script":"<script> [776 bytes]","args":[{"enterText":"1","selector":{"id":"application-manageconditionprice-display-component---newCondition--condBaseQty","interaction":{"idSuffix":"inner"}},"clearTextFirst":true,"interactionType":"ENTER_TEXT"}]}
COMMAND: POST /session/d65bb1f3e2f9080c12776954838ef114/execute/async - {"script":"<script> [1562 bytes]","args":[{"selector":{"id":"application-manageconditionprice-display-component---newCondition--condValue","interaction":{"idSuffix":"inner"}},"wdio_ui5_key":"applicationmanageconditionprice-display-component---newCondition--condValue"}]}
RESULT: {"script":"<script> [1562 bytes]","args":[{"selector":{"id":"application-manageconditionprice-display-component---newCondition--condValue","interaction":{"idSuffix":"inner"}},"wdio_ui5_key":"applicationmanageconditionprice-display-component---newCondition--condValue"}]}
RESULT: undefined
COMMAND: POST /session/d65bb1f3e2f9080c12776954838ef114/execute/async - {"script":"<script> [776 bytes]","args":[{"enterText":"200","selector":{"id":"application-manageconditionprice-display-component---newCondition--condValue","interaction":{"idSuffix":"inner"}},"clearTextFirst":true,"interactionType":"ENTER_TEXT"}]}
RESULT: {"script":"<script> [776 bytes]","args":[{"enterText":"200","selector":{"id":"application-manageconditionprice-display-component---newCondition--condValue","interaction":{"idSuffix":"inner"}},"clearTextFirst":true,"interactionType":"ENTER_TEXT"}]}
COMMAND: POST /session/d65bb1f3e2f9080c12776954838ef114/execute/async - {"script":"<script> [1562 bytes]","args":[{"selector":{"id":"application-manageconditionprice-display-component---newCondition--condCurr-arrow"},"wdio_ui5_key":"applicationmanageconditionprice-display-component---newCondition--condCurr-arrow"}]}
RESULT: {"script":"<script> [1562 bytes]","args":[{"selector":{"id":"application-manageconditionprice-display-component---newCondition--condCurr-arrow"},"wdio_ui5_key":"applicationmanageconditionprice-display-component---newCondition--condCurr-arrow"}]}
RESULT: undefined
COMMAND: POST /session/d65bb1f3e2f9080c12776954838ef114/element - {"using":"xpath","value":"//*[@id=\"application-manageconditionprice-display-component---newCondition--condCurr-arrow\"]"}
RESULT: {"using":"xpath","value":"//*[@id=\"application-manageconditionprice-display-component---newCondition--condCurr-arrow\"]"}
COMMAND: POST /session/d65bb1f3e2f9080c12776954838ef114/element/f.AD1387FB3635F7347677CF9BEECFB356.d.23EB32D7F2A50E6C9699247549799E7B.e.18006/click - {}
RESULT: {}
COMMAND: POST /session/d65bb1f3e2f9080c12776954838ef114/element - {"using":"xpath","value":"//span[contains(text(), \"Euro\")]"}
COMMAND: GET /session/d65bb1f3e2f9080c12776954838ef114/screenshot - {}
RESULT: {"using":"xpath","value":"//span[contains(text(), \"Euro\")]"}
COMMAND: POST /session/d65bb1f3e2f9080c12776954838ef114/element/f.AD1387FB3635F7347677CF9BEECFB356.d.23EB32D7F2A50E6C9699247549799E7B.e.18065/click - {}
RESULT: {}
RESULT: {}
COMMAND: POST /session/d65bb1f3e2f9080c12776954838ef114/element - {"using":"xpath","value":"//button[@data-kt=\"saveButton\"]"}
COMMAND: GET /session/d65bb1f3e2f9080c12776954838ef114/screenshot - {}
RESULT: {"using":"xpath","value":"//button[@data-kt=\"saveButton\"]"}
COMMAND: POST /session/d65bb1f3e2f9080c12776954838ef114/element/f.AD1387FB3635F7347677CF9BEECFB356.d.23EB32D7F2A50E6C9699247549799E7B.e.18007/click - {}
RESULT: {}
RESULT: {}
COMMAND: GET /session/d65bb1f3e2f9080c12776954838ef114/screenshot - {}
RESULT: {}
COMMAND: POST /session/d65bb1f3e2f9080c12776954838ef114/execute/async - {"script":"<script> [1562 bytes]","args":[{"selector":{"id":"application-manageconditionprice-display-component---conditions--smartFilterBar-btnBasicSearch","interaction":{"idSuffix":"I"}},"wdio_ui5_key":"applicationmanageconditionprice-display-component---conditions--smartFilterBar-btnBasicSearch"}]}
RESULT: {"script":"<script> [1562 bytes]","args":[{"selector":{"id":"application-manageconditionprice-display-component---conditions--smartFilterBar-btnBasicSearch","interaction":{"idSuffix":"I"}},"wdio_ui5_key":"applicationmanageconditionprice-display-component---conditions--smartFilterBar-btnBasicSearch"}]}
RESULT: undefined
COMMAND: POST /session/d65bb1f3e2f9080c12776954838ef114/execute/async - {"script":"<script> [776 bytes]","args":[{"enterText":"evaFEulebo","selector":{"id":"application-manageconditionprice-display-component---conditions--smartFilterBar-btnBasicSearch","interaction":{"idSuffix":"I"}},"clearTextFirst":true,"interactionType":"ENTER_TEXT"}]}
RESULT: {"script":"<script> [776 bytes]","args":[{"enterText":"evaFEulebo","selector":{"id":"application-manageconditionprice-display-component---conditions--smartFilterBar-btnBasicSearch","interaction":{"idSuffix":"I"}},"clearTextFirst":true,"interactionType":"ENTER_TEXT"}]}
COMMAND: POST /session/d65bb1f3e2f9080c12776954838ef114/actions - {"actions":[{"id":"action67","type":"key","parameters":{},"actions":[{"type":"keyDown","value":"î€‡"},{"type":"pause","duration":10},{"type":"keyUp","value":"î€‡"}]}]}
RESULT: {"actions":[{"id":"action67","type":"key","parameters":{},"actions":[{"type":"keyDown","value":"î€‡"},{"type":"pause","duration":10},{"type":"keyUp","value":"î€‡"}]}]}
COMMAND: GET /session/d65bb1f3e2f9080c12776954838ef114/screenshot - {}
RESULT: {}
COMMAND: POST /session/d65bb1f3e2f9080c12776954838ef114/execute/async - {"script":"<script> [1562 bytes]","args":[{"selector":{"id":"application-manageconditionprice-display-component---conditions--smartFilterBar-filterItemControl_BASIC-BILL_TYPES-vhi"},"wdio_ui5_key":"applicationmanageconditionprice-display-component---conditions--smartFilterBar-filterItemControl_BASIC-BILL_TYPES-vhi"}]}
RESULT: {"script":"<script> [1562 bytes]","args":[{"selector":{"id":"application-manageconditionprice-display-component---conditions--smartFilterBar-filterItemControl_BASIC-BILL_TYPES-vhi"},"wdio_ui5_key":"applicationmanageconditionprice-display-component---conditions--smartFilterBar-filterItemControl_BASIC-BILL_TYPES-vhi"}]}
RESULT: undefined
COMMAND: POST /session/d65bb1f3e2f9080c12776954838ef114/element - {"using":"xpath","value":"//*[@id=\"application-manageconditionprice-display-component---conditions--smartFilterBar-filterItemControl_BASIC-BILL_TYPES-vhi\"]"}
RESULT: {"using":"xpath","value":"//*[@id=\"application-manageconditionprice-display-component---conditions--smartFilterBar-filterItemControl_BASIC-BILL_TYPES-vhi\"]"}
COMMAND: POST /session/d65bb1f3e2f9080c12776954838ef114/element/f.AD1387FB3635F7347677CF9BEECFB356.d.23EB32D7F2A50E6C9699247549799E7B.e.18171/click - {}
RESULT: {}
COMMAND: POST /session/d65bb1f3e2f9080c12776954838ef114/execute/async - {"script":"<script> [1562 bytes]","args":[{"selector":{"id":"application-manageconditionprice-display-component---conditions--smartFilterBar-filterItemControl_BASIC-BILL_TYPES-valueHelpDialog-smartFilterBar-btnBasicSearch","searchOpenDialogs":true,"interaction":{"idSuffix":"I"}},"wdio_ui5_key":"applicationmanageconditionprice-display-component---conditions--smartFilterBar-filterItemControl_BASIC-BILL_TYPES-valueHelpDialog-smartFilterBar-btnBasicSearch"}]}
COMMAND: GET /session/d65bb1f3e2f9080c12776954838ef114/screenshot - {}
RESULT: {"script":"<script> [1562 bytes]","args":[{"selector":{"id":"application-manageconditionprice-display-component---conditions--smartFilterBar-filterItemControl_BASIC-BILL_TYPES-valueHelpDialog-smartFilterBar-btnBasicSearch","searchOpenDialogs":true,"interaction":{"idSuffix":"I"}},"wdio_ui5_key":"applicationmanageconditionprice-display-component---conditions--smartFilterBar-filterItemControl_BASIC-BILL_TYPES-valueHelpDialog-smartFilterBar-btnBasicSearch"}]}
RESULT: undefined
COMMAND: POST /session/d65bb1f3e2f9080c12776954838ef114/execute/async - {"script":"<script> [776 bytes]","args":[{"enterText":"TB","selector":{"id":"application-manageconditionprice-display-component---conditions--smartFilterBar-filterItemControl_BASIC-BILL_TYPES-valueHelpDialog-smartFilterBar-btnBasicSearch","searchOpenDialogs":true,"interaction":{"idSuffix":"I"}},"clearTextFirst":true,"interactionType":"ENTER_TEXT"}]}
RESULT: {}
RESULT: {"script":"<script> [776 bytes]","args":[{"enterText":"TB","selector":{"id":"application-manageconditionprice-display-component---conditions--smartFilterBar-filterItemControl_BASIC-BILL_TYPES-valueHelpDialog-smartFilterBar-btnBasicSearch","searchOpenDialogs":true,"interaction":{"idSuffix":"I"}},"clearTextFirst":true,"interactionType":"ENTER_TEXT"}]}
COMMAND: POST /session/d65bb1f3e2f9080c12776954838ef114/actions - {"actions":[{"id":"action68","type":"key","parameters":{},"actions":[{"type":"keyDown","value":"î€‡"},{"type":"pause","duration":10},{"type":"keyUp","value":"î€‡"}]}]}
RESULT: {"actions":[{"id":"action68","type":"key","parameters":{},"actions":[{"type":"keyDown","value":"î€‡"},{"type":"pause","duration":10},{"type":"keyUp","value":"î€‡"}]}]}
COMMAND: GET /session/d65bb1f3e2f9080c12776954838ef114/screenshot - {}
RESULT: {}
COMMAND: POST /session/d65bb1f3e2f9080c12776954838ef114/element - {"using":"xpath","value":"//div[contains(@id, 'application-manageconditionprice-display-component---conditions--smartFilterBar-filterItemControl_BASIC-BILL_TYPES-valueHelpDialog-table-rowsel0')]"}
RESULT: {"using":"xpath","value":"//div[contains(@id, 'application-manageconditionprice-display-component---conditions--smartFilterBar-filterItemControl_BASIC-BILL_TYPES-valueHelpDialog-table-rowsel0')]"}
COMMAND: POST /session/d65bb1f3e2f9080c12776954838ef114/element/f.AD1387FB3635F7347677CF9BEECFB356.d.23EB32D7F2A50E6C9699247549799E7B.e.18180/click - {}
RESULT: {}
COMMAND: GET /session/d65bb1f3e2f9080c12776954838ef114/screenshot - {}
RESULT: {}
COMMAND: POST /session/d65bb1f3e2f9080c12776954838ef114/element - {"using":"xpath","value":"//bdi[contains(text(), \"OK\")]"}
RESULT: {"using":"xpath","value":"//bdi[contains(text(), \"OK\")]"}
COMMAND: POST /session/d65bb1f3e2f9080c12776954838ef114/element/f.AD1387FB3635F7347677CF9BEECFB356.d.23EB32D7F2A50E6C9699247549799E7B.e.18182/click - {}
RESULT: {}
COMMAND: GET /session/d65bb1f3e2f9080c12776954838ef114/screenshot - {}
RESULT: {}
COMMAND: POST /session/d65bb1f3e2f9080c12776954838ef114/element - {"using":"xpath","value":"//span[@id=\"application-manageconditionprice-display-component---conditions--smartTable-header-inner\"]"}
RESULT: {"using":"xpath","value":"//span[@id=\"application-manageconditionprice-display-component---conditions--smartTable-header-inner\"]"}
COMMAND: POST /session/d65bb1f3e2f9080c12776954838ef114/elements - {"using":"xpath","value":"//span[@id=\"application-manageconditionprice-display-component---conditions--smartTable-header-inner\"]"}
RESULT: {"using":"xpath","value":"//span[@id=\"application-manageconditionprice-display-component---conditions--smartTable-header-inner\"]"}
COMMAND: POST /session/d65bb1f3e2f9080c12776954838ef114/execute/sync - {"script":"<script> [56 bytes]","args":[{"element-6066-11e4-a52e-4f735466cecf":"f.AD1387FB3635F7347677CF9BEECFB356.d.23EB32D7F2A50E6C9699247549799E7B.e.18185","ELEMENT":"f.AD1387FB3635F7347677CF9BEECFB356.d.23EB32D7F2A50E6C9699247549799E7B.e.18185"}]}
RESULT: {"script":"<script> [56 bytes]","args":[{"element-6066-11e4-a52e-4f735466cecf":"f.AD1387FB3635F7347677CF9BEECFB356.d.23EB32D7F2A50E6C9699247549799E7B.e.18185","ELEMENT":"f.AD1387FB3635F7347677CF9BEECFB356.d.23EB32D7F2A50E6C9699247549799E7B.e.18185"}]}
COMMAND: POST /session/d65bb1f3e2f9080c12776954838ef114/element - {"using":"css selector","value":"#shell-header-logo"}
COMMAND: GET /session/d65bb1f3e2f9080c12776954838ef114/screenshot - {}
RESULT: {"using":"css selector","value":"#shell-header-logo"}
COMMAND: POST /session/d65bb1f3e2f9080c12776954838ef114/element/f.AD1387FB3635F7347677CF9BEECFB356.d.23EB32D7F2A50E6C9699247549799E7B.e.17813/click - {}
RESULT: {}
RESULT: {}
COMMAND: GET /session/d65bb1f3e2f9080c12776954838ef114/screenshot - {}
RESULT: {}
]]></system-out>
    </testcase>
    <testcase classname="chrome.135_0_7049_96.windows.Create_Reverse_Billing_US127248" name="Should do a stock increase handover" time="92.143">
      <system-out><![CDATA[
COMMAND: POST /session/d65bb1f3e2f9080c12776954838ef114/execute/async - {"script":"<script> [1562 bytes]","args":[{"selector":{"controlType":"sap.m.Text","viewName":"etm.portal.ui.managehandoverstile.view.Master","properties":{"text":"Manage Handovers"},"interaction":{"idSuffix":"inner"}},"wdio_ui5_key":"etmportal.ui.managehandoverstile.view.Mastersap.m.Text{\"text\":\"Manage Handovers\"}"}]}
RESULT: {"script":"<script> [1562 bytes]","args":[{"selector":{"controlType":"sap.m.Text","viewName":"etm.portal.ui.managehandoverstile.view.Master","properties":{"text":"Manage Handovers"},"interaction":{"idSuffix":"inner"}},"wdio_ui5_key":"etmportal.ui.managehandoverstile.view.Mastersap.m.Text{\"text\":\"Manage Handovers\"}"}]}
RESULT: undefined
COMMAND: POST /session/d65bb1f3e2f9080c12776954838ef114/element - {"using":"xpath","value":"//*[@id=\"__tile133-title\"]"}
RESULT: {"using":"xpath","value":"//*[@id=\"__tile133-title\"]"}
COMMAND: POST /session/d65bb1f3e2f9080c12776954838ef114/element/f.AD1387FB3635F7347677CF9BEECFB356.d.23EB32D7F2A50E6C9699247549799E7B.e.18190/click - {}
RESULT: {}
COMMAND: POST /session/d65bb1f3e2f9080c12776954838ef114/element - {"using":"xpath","value":"//button[@data-kt=\"masterHOAddButton\"]"}
COMMAND: GET /session/d65bb1f3e2f9080c12776954838ef114/screenshot - {}
RESULT: {"using":"xpath","value":"//button[@data-kt=\"masterHOAddButton\"]"}
COMMAND: POST /session/d65bb1f3e2f9080c12776954838ef114/elements - {"using":"xpath","value":"//button[@data-kt=\"masterHOAddButton\"]"}
RESULT: {}
RESULT: {"using":"xpath","value":"//button[@data-kt=\"masterHOAddButton\"]"}
COMMAND: POST /session/d65bb1f3e2f9080c12776954838ef114/elements - {"using":"xpath","value":"//button[@data-kt=\"masterHOAddButton\"]"}
RESULT: {"using":"xpath","value":"//button[@data-kt=\"masterHOAddButton\"]"}
COMMAND: POST /session/d65bb1f3e2f9080c12776954838ef114/elements - {"using":"xpath","value":"//button[@data-kt=\"masterHOAddButton\"]"}
RESULT: {"using":"xpath","value":"//button[@data-kt=\"masterHOAddButton\"]"}
COMMAND: POST /session/d65bb1f3e2f9080c12776954838ef114/elements - {"using":"xpath","value":"//button[@data-kt=\"masterHOAddButton\"]"}
RESULT: {"using":"xpath","value":"//button[@data-kt=\"masterHOAddButton\"]"}
COMMAND: POST /session/d65bb1f3e2f9080c12776954838ef114/element - {"using":"xpath","value":"//button[@data-kt=\"masterHOAddButton\"]"}
RESULT: {"using":"xpath","value":"//button[@data-kt=\"masterHOAddButton\"]"}
COMMAND: POST /session/d65bb1f3e2f9080c12776954838ef114/execute/sync - {"script":"<script> [8489 bytes]","args":[{"element-6066-11e4-a52e-4f735466cecf":"f.AD1387FB3635F7347677CF9BEECFB356.d.23EB32D7F2A50E6C9699247549799E7B.e.18229","ELEMENT":"f.AD1387FB3635F7347677CF9BEECFB356.d.23EB32D7F2A50E6C9699247549799E7B.e.18229"}]}
RESULT: {"script":"<script> [8489 bytes]","args":[{"element-6066-11e4-a52e-4f735466cecf":"f.AD1387FB3635F7347677CF9BEECFB356.d.23EB32D7F2A50E6C9699247549799E7B.e.18229","ELEMENT":"f.AD1387FB3635F7347677CF9BEECFB356.d.23EB32D7F2A50E6C9699247549799E7B.e.18229"}]}
COMMAND: GET /session/d65bb1f3e2f9080c12776954838ef114/element/f.AD1387FB3635F7347677CF9BEECFB356.d.23EB32D7F2A50E6C9699247549799E7B.e.18229/enabled - {}
COMMAND: GET /session/d65bb1f3e2f9080c12776954838ef114/screenshot - {}
RESULT: {}
COMMAND: POST /session/d65bb1f3e2f9080c12776954838ef114/execute/sync - {"script":"<script> [8489 bytes]","args":[{"element-6066-11e4-a52e-4f735466cecf":"f.AD1387FB3635F7347677CF9BEECFB356.d.23EB32D7F2A50E6C9699247549799E7B.e.18229","ELEMENT":"f.AD1387FB3635F7347677CF9BEECFB356.d.23EB32D7F2A50E6C9699247549799E7B.e.18229"}]}
COMMAND: GET /session/d65bb1f3e2f9080c12776954838ef114/screenshot - {}
RESULT: {}
RESULT: {"script":"<script> [8489 bytes]","args":[{"element-6066-11e4-a52e-4f735466cecf":"f.AD1387FB3635F7347677CF9BEECFB356.d.23EB32D7F2A50E6C9699247549799E7B.e.18229","ELEMENT":"f.AD1387FB3635F7347677CF9BEECFB356.d.23EB32D7F2A50E6C9699247549799E7B.e.18229"}]}
COMMAND: POST /session/d65bb1f3e2f9080c12776954838ef114/execute/sync - {"script":"<script> [5351 bytes]","args":[{"element-6066-11e4-a52e-4f735466cecf":"f.AD1387FB3635F7347677CF9BEECFB356.d.23EB32D7F2A50E6C9699247549799E7B.e.18229","ELEMENT":"f.AD1387FB3635F7347677CF9BEECFB356.d.23EB32D7F2A50E6C9699247549799E7B.e.18229"}]}
COMMAND: GET /session/d65bb1f3e2f9080c12776954838ef114/screenshot - {}
RESULT: {}
RESULT: {"script":"<script> [5351 bytes]","args":[{"element-6066-11e4-a52e-4f735466cecf":"f.AD1387FB3635F7347677CF9BEECFB356.d.23EB32D7F2A50E6C9699247549799E7B.e.18229","ELEMENT":"f.AD1387FB3635F7347677CF9BEECFB356.d.23EB32D7F2A50E6C9699247549799E7B.e.18229"}]}
COMMAND: POST /session/d65bb1f3e2f9080c12776954838ef114/element/f.AD1387FB3635F7347677CF9BEECFB356.d.23EB32D7F2A50E6C9699247549799E7B.e.18229/click - {}
COMMAND: GET /session/d65bb1f3e2f9080c12776954838ef114/screenshot - {}
RESULT: {}
RESULT: {}
COMMAND: GET /session/d65bb1f3e2f9080c12776954838ef114/screenshot - {}
RESULT: {}
RESULT: {}
COMMAND: POST /session/d65bb1f3e2f9080c12776954838ef114/element - {"using":"xpath","value":"//span[contains(@id ,\"AddNewHO--typeSelect-arrow\")]"}
RESULT: {"using":"xpath","value":"//span[contains(@id ,\"AddNewHO--typeSelect-arrow\")]"}
COMMAND: POST /session/d65bb1f3e2f9080c12776954838ef114/element/f.AD1387FB3635F7347677CF9BEECFB356.d.23EB32D7F2A50E6C9699247549799E7B.e.18568/click - {}
RESULT: {}
COMMAND: GET /session/d65bb1f3e2f9080c12776954838ef114/screenshot - {}
RESULT: {}
COMMAND: POST /session/d65bb1f3e2f9080c12776954838ef114/element - {"using":"xpath","value":"(//li[contains(text(), \"stock increase yard\")])[1]"}
RESULT: {"using":"xpath","value":"(//li[contains(text(), \"stock increase yard\")])[1]"}
COMMAND: POST /session/d65bb1f3e2f9080c12776954838ef114/element/f.AD1387FB3635F7347677CF9BEECFB356.d.23EB32D7F2A50E6C9699247549799E7B.e.18569/click - {}
RESULT: {}
COMMAND: GET /session/d65bb1f3e2f9080c12776954838ef114/screenshot - {}
RESULT: {}
COMMAND: POST /session/d65bb1f3e2f9080c12776954838ef114/execute/async - {"script":"<script> [1562 bytes]","args":[{"selector":{"id":"application-managehandovers-display-component---AddNewHO--dueDate","interaction":{"idSuffix":"inner"}},"wdio_ui5_key":"applicationmanagehandovers-display-component---AddNewHO--dueDate"}]}
RESULT: {"script":"<script> [1562 bytes]","args":[{"selector":{"id":"application-managehandovers-display-component---AddNewHO--dueDate","interaction":{"idSuffix":"inner"}},"wdio_ui5_key":"applicationmanagehandovers-display-component---AddNewHO--dueDate"}]}
RESULT: undefined
COMMAND: POST /session/d65bb1f3e2f9080c12776954838ef114/execute/async - {"script":"<script> [6424 bytes]","args":[{"element-6066-11e4-a52e-4f735466cecf":"f.AD1387FB3635F7347677CF9BEECFB356.d.23EB32D7F2A50E6C9699247549799E7B.e.18573"},"setValue",["05/03/2025"]]}
RESULT: {"script":"<script> [6424 bytes]","args":[{"element-6066-11e4-a52e-4f735466cecf":"f.AD1387FB3635F7347677CF9BEECFB356.d.23EB32D7F2A50E6C9699247549799E7B.e.18573"},"setValue",["05/03/2025"]]}
COMMAND: POST /session/d65bb1f3e2f9080c12776954838ef114/element - {"using":"xpath","value":"//input[@id=\"generalSectionFrg--receiveYard-inner\"]"}
RESULT: {"using":"xpath","value":"//input[@id=\"generalSectionFrg--receiveYard-inner\"]"}
COMMAND: POST /session/d65bb1f3e2f9080c12776954838ef114/element/f.AD1387FB3635F7347677CF9BEECFB356.d.23EB32D7F2A50E6C9699247549799E7B.e.18579/clear - {}
RESULT: {}
COMMAND: POST /session/d65bb1f3e2f9080c12776954838ef114/element/f.AD1387FB3635F7347677CF9BEECFB356.d.23EB32D7F2A50E6C9699247549799E7B.e.18579/value - {"text":"533"}
COMMAND: GET /session/d65bb1f3e2f9080c12776954838ef114/screenshot - {}
RESULT: {"text":"533"}
COMMAND: GET /session/d65bb1f3e2f9080c12776954838ef114/screenshot - {}
RESULT: {}
RESULT: {}
COMMAND: POST /session/d65bb1f3e2f9080c12776954838ef114/element - {"using":"xpath","value":"//li[.//span[text()='533']]"}
RESULT: {"using":"xpath","value":"//li[.//span[text()='533']]"}
COMMAND: POST /session/d65bb1f3e2f9080c12776954838ef114/element/f.AD1387FB3635F7347677CF9BEECFB356.d.23EB32D7F2A50E6C9699247549799E7B.e.18595/click - {}
RESULT: {}
COMMAND: GET /session/d65bb1f3e2f9080c12776954838ef114/screenshot - {}
RESULT: {}
COMMAND: POST /session/d65bb1f3e2f9080c12776954838ef114/execute/async - {"script":"<script> [1562 bytes]","args":[{"selector":{"id":"application-managehandovers-display-component---AddNewHO--ObjectPageLayout-anchBar-application-managehandovers-display-component---AddNewHO--section4-anchor","interaction":{"idSuffix":"BDI-content"}},"wdio_ui5_key":"applicationmanagehandovers-display-component---AddNewHO--ObjectPageLayout-anchBar-application-managehandovers-display-component---AddNewHO--section4-anchor"}]}
RESULT: {"script":"<script> [1562 bytes]","args":[{"selector":{"id":"application-managehandovers-display-component---AddNewHO--ObjectPageLayout-anchBar-application-managehandovers-display-component---AddNewHO--section4-anchor","interaction":{"idSuffix":"BDI-content"}},"wdio_ui5_key":"applicationmanagehandovers-display-component---AddNewHO--ObjectPageLayout-anchBar-application-managehandovers-display-component---AddNewHO--section4-anchor"}]}
RESULT: undefined
COMMAND: POST /session/d65bb1f3e2f9080c12776954838ef114/element - {"using":"xpath","value":"//*[@id=\"application-managehandovers-display-component---AddNewHO--ObjectPageLayout-anchBar-application-managehandovers-display-component---AddNewHO--section4-anchor\"]"}
RESULT: {"using":"xpath","value":"//*[@id=\"application-managehandovers-display-component---AddNewHO--ObjectPageLayout-anchBar-application-managehandovers-display-component---AddNewHO--section4-anchor\"]"}
COMMAND: POST /session/d65bb1f3e2f9080c12776954838ef114/element/f.AD1387FB3635F7347677CF9BEECFB356.d.23EB32D7F2A50E6C9699247549799E7B.e.18597/click - {}
RESULT: {}
COMMAND: POST /session/d65bb1f3e2f9080c12776954838ef114/element - {"using":"xpath","value":"//button[@aria-label=\"Add\"]"}
COMMAND: GET /session/d65bb1f3e2f9080c12776954838ef114/screenshot - {}
RESULT: {"using":"xpath","value":"//button[@aria-label=\"Add\"]"}
COMMAND: POST /session/d65bb1f3e2f9080c12776954838ef114/element/f.AD1387FB3635F7347677CF9BEECFB356.d.23EB32D7F2A50E6C9699247549799E7B.e.18600/click - {}
RESULT: {}
RESULT: {}
COMMAND: GET /session/d65bb1f3e2f9080c12776954838ef114/screenshot - {}
RESULT: {}
COMMAND: POST /session/d65bb1f3e2f9080c12776954838ef114/execute/async - {"script":"<script> [1562 bytes]","args":[{"selector":{"id":"application-managehandovers-display-component---AddNewHO--smartFilterBar-btnBasicSearch","searchOpenDialogs":true,"interaction":{"idSuffix":"I"}},"wdio_ui5_key":"applicationmanagehandovers-display-component---AddNewHO--smartFilterBar-btnBasicSearch"}]}
RESULT: {"script":"<script> [1562 bytes]","args":[{"selector":{"id":"application-managehandovers-display-component---AddNewHO--smartFilterBar-btnBasicSearch","searchOpenDialogs":true,"interaction":{"idSuffix":"I"}},"wdio_ui5_key":"applicationmanagehandovers-display-component---AddNewHO--smartFilterBar-btnBasicSearch"}]}
RESULT: undefined
COMMAND: POST /session/d65bb1f3e2f9080c12776954838ef114/execute/async - {"script":"<script> [776 bytes]","args":[{"enterText":"evaFEulebo","selector":{"id":"application-managehandovers-display-component---AddNewHO--smartFilterBar-btnBasicSearch","searchOpenDialogs":true,"interaction":{"idSuffix":"I"}},"clearTextFirst":true,"interactionType":"ENTER_TEXT"}]}
RESULT: {"script":"<script> [776 bytes]","args":[{"enterText":"evaFEulebo","selector":{"id":"application-managehandovers-display-component---AddNewHO--smartFilterBar-btnBasicSearch","searchOpenDialogs":true,"interaction":{"idSuffix":"I"}},"clearTextFirst":true,"interactionType":"ENTER_TEXT"}]}
COMMAND: POST /session/d65bb1f3e2f9080c12776954838ef114/actions - {"actions":[{"id":"action69","type":"key","parameters":{},"actions":[{"type":"keyDown","value":"î€‡"},{"type":"pause","duration":10},{"type":"keyUp","value":"î€‡"}]}]}
RESULT: {"actions":[{"id":"action69","type":"key","parameters":{},"actions":[{"type":"keyDown","value":"î€‡"},{"type":"pause","duration":10},{"type":"keyUp","value":"î€‡"}]}]}
COMMAND: GET /session/d65bb1f3e2f9080c12776954838ef114/screenshot - {}
RESULT: {}
COMMAND: POST /session/d65bb1f3e2f9080c12776954838ef114/execute/async - {"script":"<script> [1562 bytes]","args":[{"selector":{"id":"application-managehandovers-display-component---AddNewHO--popup-sa","searchOpenDialogs":true,"interaction":{"idSuffix":"CbBg"}},"wdio_ui5_key":"applicationmanagehandovers-display-component---AddNewHO--popup-sa"}]}
RESULT: {"script":"<script> [1562 bytes]","args":[{"selector":{"id":"application-managehandovers-display-component---AddNewHO--popup-sa","searchOpenDialogs":true,"interaction":{"idSuffix":"CbBg"}},"wdio_ui5_key":"applicationmanagehandovers-display-component---AddNewHO--popup-sa"}]}
RESULT: undefined
COMMAND: POST /session/d65bb1f3e2f9080c12776954838ef114/element - {"using":"xpath","value":"//*[@id=\"application-managehandovers-display-component---AddNewHO--popup-sa\"]"}
RESULT: {"using":"xpath","value":"//*[@id=\"application-managehandovers-display-component---AddNewHO--popup-sa\"]"}
COMMAND: POST /session/d65bb1f3e2f9080c12776954838ef114/element/f.AD1387FB3635F7347677CF9BEECFB356.d.23EB32D7F2A50E6C9699247549799E7B.e.18752/click - {}
RESULT: {}
COMMAND: GET /session/d65bb1f3e2f9080c12776954838ef114/screenshot - {}
RESULT: {}
COMMAND: POST /session/d65bb1f3e2f9080c12776954838ef114/element - {"using":"xpath","value":"//bdi[contains(text(), \"Select\")]"}
RESULT: {"using":"xpath","value":"//bdi[contains(text(), \"Select\")]"}
COMMAND: POST /session/d65bb1f3e2f9080c12776954838ef114/element/f.AD1387FB3635F7347677CF9BEECFB356.d.23EB32D7F2A50E6C9699247549799E7B.e.18753/click - {}
RESULT: {}
COMMAND: GET /session/d65bb1f3e2f9080c12776954838ef114/screenshot - {}
RESULT: {}
COMMAND: POST /session/d65bb1f3e2f9080c12776954838ef114/element - {"using":"xpath","value":"//button[@data-kt=\"AddNewHOSaveButton\"]"}
RESULT: {"using":"xpath","value":"//button[@data-kt=\"AddNewHOSaveButton\"]"}
COMMAND: POST /session/d65bb1f3e2f9080c12776954838ef114/element/f.AD1387FB3635F7347677CF9BEECFB356.d.23EB32D7F2A50E6C9699247549799E7B.e.18757/click - {}
RESULT: {}
COMMAND: GET /session/d65bb1f3e2f9080c12776954838ef114/screenshot - {}
RESULT: {}
COMMAND: POST /session/d65bb1f3e2f9080c12776954838ef114/execute/async - {"script":"<script> [1562 bytes]","args":[{"selector":{"id":"receiptDatePicker","viewName":"etm.portal.ui.managehandovers.view.DetailExecuteHO","interaction":{"idSuffix":"inner"}},"wdio_ui5_key":"receiptDatePickeretmportal.ui.managehandovers.view.DetailExecuteHO"}]}
RESULT: {"script":"<script> [1562 bytes]","args":[{"selector":{"id":"receiptDatePicker","viewName":"etm.portal.ui.managehandovers.view.DetailExecuteHO","interaction":{"idSuffix":"inner"}},"wdio_ui5_key":"receiptDatePickeretmportal.ui.managehandovers.view.DetailExecuteHO"}]}
RESULT: undefined
COMMAND: POST /session/d65bb1f3e2f9080c12776954838ef114/execute/async - {"script":"<script> [6424 bytes]","args":[{"element-6066-11e4-a52e-4f735466cecf":"f.AD1387FB3635F7347677CF9BEECFB356.d.23EB32D7F2A50E6C9699247549799E7B.e.18786"},"setValue",["05/03/2025"]]}
RESULT: {"script":"<script> [6424 bytes]","args":[{"element-6066-11e4-a52e-4f735466cecf":"f.AD1387FB3635F7347677CF9BEECFB356.d.23EB32D7F2A50E6C9699247549799E7B.e.18786"},"setValue",["05/03/2025"]]}
COMMAND: POST /session/d65bb1f3e2f9080c12776954838ef114/element - {"using":"xpath","value":"//button[@data-kt=\"PickingTableConfirmAllButton\"]"}
RESULT: {"using":"xpath","value":"//button[@data-kt=\"PickingTableConfirmAllButton\"]"}
COMMAND: POST /session/d65bb1f3e2f9080c12776954838ef114/element/f.AD1387FB3635F7347677CF9BEECFB356.d.23EB32D7F2A50E6C9699247549799E7B.e.18801/click - {}
RESULT: {}
COMMAND: GET /session/d65bb1f3e2f9080c12776954838ef114/screenshot - {}
RESULT: {}
COMMAND: POST /session/d65bb1f3e2f9080c12776954838ef114/element - {"using":"xpath","value":"//bdi[contains(text(), \"OK\")]"}
RESULT: {"using":"xpath","value":"//bdi[contains(text(), \"OK\")]"}
COMMAND: POST /session/d65bb1f3e2f9080c12776954838ef114/element/f.AD1387FB3635F7347677CF9BEECFB356.d.23EB32D7F2A50E6C9699247549799E7B.e.18803/click - {}
RESULT: {}
COMMAND: GET /session/d65bb1f3e2f9080c12776954838ef114/screenshot - {}
RESULT: {}
COMMAND: POST /session/d65bb1f3e2f9080c12776954838ef114/element - {"using":"xpath","value":"(//bdi[contains(text(), \"Receive\")])[2]"}
RESULT: {"using":"xpath","value":"(//bdi[contains(text(), \"Receive\")])[2]"}
COMMAND: POST /session/d65bb1f3e2f9080c12776954838ef114/element/f.AD1387FB3635F7347677CF9BEECFB356.d.23EB32D7F2A50E6C9699247549799E7B.e.18805/click - {}
RESULT: {}
COMMAND: GET /session/d65bb1f3e2f9080c12776954838ef114/screenshot - {}
RESULT: {}
COMMAND: POST /session/d65bb1f3e2f9080c12776954838ef114/element - {"using":"css selector","value":"#shell-header-logo"}
RESULT: {"using":"css selector","value":"#shell-header-logo"}
COMMAND: POST /session/d65bb1f3e2f9080c12776954838ef114/element/f.AD1387FB3635F7347677CF9BEECFB356.d.23EB32D7F2A50E6C9699247549799E7B.e.18192/click - {}
RESULT: {}
COMMAND: GET /session/d65bb1f3e2f9080c12776954838ef114/screenshot - {}
RESULT: {}
]]></system-out>
    </testcase>
    <testcase classname="chrome.135_0_7049_96.windows.Create_Reverse_Billing_US127248" name="Should create a new contract" time="71.419">
      <system-out><![CDATA[
COMMAND: POST /session/d65bb1f3e2f9080c12776954838ef114/execute/async - {"script":"<script> [1562 bytes]","args":[{"selector":{"controlType":"sap.m.Text","viewName":"etm.portal.ui.managecontractstile.view.Master","properties":{"text":"Manage Contracts"},"interaction":{"idSuffix":"inner"}},"wdio_ui5_key":"etmportal.ui.managecontractstile.view.Mastersap.m.Text{\"text\":\"Manage Contracts\"}"}]}
RESULT: {"script":"<script> [1562 bytes]","args":[{"selector":{"controlType":"sap.m.Text","viewName":"etm.portal.ui.managecontractstile.view.Master","properties":{"text":"Manage Contracts"},"interaction":{"idSuffix":"inner"}},"wdio_ui5_key":"etmportal.ui.managecontractstile.view.Mastersap.m.Text{\"text\":\"Manage Contracts\"}"}]}
RESULT: undefined
COMMAND: POST /session/d65bb1f3e2f9080c12776954838ef114/element - {"using":"xpath","value":"//*[@id=\"__tile130-title\"]"}
RESULT: {"using":"xpath","value":"//*[@id=\"__tile130-title\"]"}
COMMAND: POST /session/d65bb1f3e2f9080c12776954838ef114/element/f.AD1387FB3635F7347677CF9BEECFB356.d.23EB32D7F2A50E6C9699247549799E7B.e.18981/click - {}
RESULT: {}
COMMAND: GET /session/d65bb1f3e2f9080c12776954838ef114/screenshot - {}
COMMAND: POST /session/d65bb1f3e2f9080c12776954838ef114/element - {"using":"xpath","value":"//button[@data-kt=\"addButton\"]"}
RESULT: {}
RESULT: {"using":"xpath","value":"//button[@data-kt=\"addButton\"]"}
COMMAND: POST /session/d65bb1f3e2f9080c12776954838ef114/elements - {"using":"xpath","value":"//button[@data-kt=\"addButton\"]"}
RESULT: {"using":"xpath","value":"//button[@data-kt=\"addButton\"]"}
COMMAND: POST /session/d65bb1f3e2f9080c12776954838ef114/execute/sync - {"script":"<script> [8489 bytes]","args":[{"element-6066-11e4-a52e-4f735466cecf":"f.AD1387FB3635F7347677CF9BEECFB356.d.23EB32D7F2A50E6C9699247549799E7B.e.19054","ELEMENT":"f.AD1387FB3635F7347677CF9BEECFB356.d.23EB32D7F2A50E6C9699247549799E7B.e.19054"}]}
RESULT: {"script":"<script> [8489 bytes]","args":[{"element-6066-11e4-a52e-4f735466cecf":"f.AD1387FB3635F7347677CF9BEECFB356.d.23EB32D7F2A50E6C9699247549799E7B.e.19054","ELEMENT":"f.AD1387FB3635F7347677CF9BEECFB356.d.23EB32D7F2A50E6C9699247549799E7B.e.19054"}]}
COMMAND: GET /session/d65bb1f3e2f9080c12776954838ef114/element/f.AD1387FB3635F7347677CF9BEECFB356.d.23EB32D7F2A50E6C9699247549799E7B.e.19054/enabled - {}
RESULT: {}
COMMAND: POST /session/d65bb1f3e2f9080c12776954838ef114/execute/sync - {"script":"<script> [8489 bytes]","args":[{"element-6066-11e4-a52e-4f735466cecf":"f.AD1387FB3635F7347677CF9BEECFB356.d.23EB32D7F2A50E6C9699247549799E7B.e.19054","ELEMENT":"f.AD1387FB3635F7347677CF9BEECFB356.d.23EB32D7F2A50E6C9699247549799E7B.e.19054"}]}
RESULT: {"script":"<script> [8489 bytes]","args":[{"element-6066-11e4-a52e-4f735466cecf":"f.AD1387FB3635F7347677CF9BEECFB356.d.23EB32D7F2A50E6C9699247549799E7B.e.19054","ELEMENT":"f.AD1387FB3635F7347677CF9BEECFB356.d.23EB32D7F2A50E6C9699247549799E7B.e.19054"}]}
COMMAND: POST /session/d65bb1f3e2f9080c12776954838ef114/execute/sync - {"script":"<script> [5351 bytes]","args":[{"element-6066-11e4-a52e-4f735466cecf":"f.AD1387FB3635F7347677CF9BEECFB356.d.23EB32D7F2A50E6C9699247549799E7B.e.19054","ELEMENT":"f.AD1387FB3635F7347677CF9BEECFB356.d.23EB32D7F2A50E6C9699247549799E7B.e.19054"}]}
COMMAND: GET /session/d65bb1f3e2f9080c12776954838ef114/screenshot - {}
COMMAND: GET /session/d65bb1f3e2f9080c12776954838ef114/screenshot - {}
COMMAND: GET /session/d65bb1f3e2f9080c12776954838ef114/screenshot - {}
RESULT: {"script":"<script> [5351 bytes]","args":[{"element-6066-11e4-a52e-4f735466cecf":"f.AD1387FB3635F7347677CF9BEECFB356.d.23EB32D7F2A50E6C9699247549799E7B.e.19054","ELEMENT":"f.AD1387FB3635F7347677CF9BEECFB356.d.23EB32D7F2A50E6C9699247549799E7B.e.19054"}]}
COMMAND: GET /session/d65bb1f3e2f9080c12776954838ef114/screenshot - {}
RESULT: {}
RESULT: {}
RESULT: {}
RESULT: {}
COMMAND: POST /session/d65bb1f3e2f9080c12776954838ef114/element/f.AD1387FB3635F7347677CF9BEECFB356.d.23EB32D7F2A50E6C9699247549799E7B.e.19054/click - {}
RESULT: {}
COMMAND: GET /session/d65bb1f3e2f9080c12776954838ef114/screenshot - {}
COMMAND: POST /session/d65bb1f3e2f9080c12776954838ef114/execute/async - {"script":"<script> [1562 bytes]","args":[{"selector":{"id":"application-managecontracts-display-component---AddNewContract--projectDescription","interaction":{"idSuffix":"inner"}},"wdio_ui5_key":"applicationmanagecontracts-display-component---AddNewContract--projectDescription"}]}
RESULT: {}
RESULT: {"script":"<script> [1562 bytes]","args":[{"selector":{"id":"application-managecontracts-display-component---AddNewContract--projectDescription","interaction":{"idSuffix":"inner"}},"wdio_ui5_key":"applicationmanagecontracts-display-component---AddNewContract--projectDescription"}]}
RESULT: undefined
COMMAND: POST /session/d65bb1f3e2f9080c12776954838ef114/execute/async - {"script":"<script> [776 bytes]","args":[{"enterText":"Contract WDIO","selector":{"id":"application-managecontracts-display-component---AddNewContract--projectDescription","interaction":{"idSuffix":"inner"}},"clearTextFirst":true,"interactionType":"ENTER_TEXT"}]}
RESULT: {"script":"<script> [776 bytes]","args":[{"enterText":"Contract WDIO","selector":{"id":"application-managecontracts-display-component---AddNewContract--projectDescription","interaction":{"idSuffix":"inner"}},"clearTextFirst":true,"interactionType":"ENTER_TEXT"}]}
COMMAND: POST /session/d65bb1f3e2f9080c12776954838ef114/element - {"using":"xpath","value":"//input[@id=\"application-managecontracts-display-component---AddNewContract--site-inner\"]"}
RESULT: {"using":"xpath","value":"//input[@id=\"application-managecontracts-display-component---AddNewContract--site-inner\"]"}
COMMAND: POST /session/d65bb1f3e2f9080c12776954838ef114/element/f.AD1387FB3635F7347677CF9BEECFB356.d.23EB32D7F2A50E6C9699247549799E7B.e.19347/clear - {}
RESULT: {}
COMMAND: POST /session/d65bb1f3e2f9080c12776954838ef114/element/f.AD1387FB3635F7347677CF9BEECFB356.d.23EB32D7F2A50E6C9699247549799E7B.e.19347/value - {"text":"2366"}
COMMAND: GET /session/d65bb1f3e2f9080c12776954838ef114/screenshot - {}
RESULT: {"text":"2366"}
COMMAND: GET /session/d65bb1f3e2f9080c12776954838ef114/screenshot - {}
RESULT: {}
RESULT: {}
COMMAND: POST /session/d65bb1f3e2f9080c12776954838ef114/element - {"using":"xpath","value":"//li[.//span[text()='2366']]"}
RESULT: {"using":"xpath","value":"//li[.//span[text()='2366']]"}
COMMAND: POST /session/d65bb1f3e2f9080c12776954838ef114/element/f.AD1387FB3635F7347677CF9BEECFB356.d.23EB32D7F2A50E6C9699247549799E7B.e.19370/click - {}
RESULT: {}
COMMAND: GET /session/d65bb1f3e2f9080c12776954838ef114/screenshot - {}
RESULT: {}
COMMAND: POST /session/d65bb1f3e2f9080c12776954838ef114/element - {"using":"xpath","value":"//input[@id=\"application-managecontracts-display-component---AddNewContract--yardId-inner\"]"}
RESULT: {"using":"xpath","value":"//input[@id=\"application-managecontracts-display-component---AddNewContract--yardId-inner\"]"}
COMMAND: GET /session/d65bb1f3e2f9080c12776954838ef114/element/f.AD1387FB3635F7347677CF9BEECFB356.d.23EB32D7F2A50E6C9699247549799E7B.e.19348/property/value - {}
RESULT: {}
COMMAND: POST /session/d65bb1f3e2f9080c12776954838ef114/element - {"using":"xpath","value":"//input[@id=\"application-managecontracts-display-component---AddNewContract--customerSelect-inner\"]"}
COMMAND: GET /session/d65bb1f3e2f9080c12776954838ef114/screenshot - {}
RESULT: {"using":"xpath","value":"//input[@id=\"application-managecontracts-display-component---AddNewContract--customerSelect-inner\"]"}
COMMAND: POST /session/d65bb1f3e2f9080c12776954838ef114/element/f.AD1387FB3635F7347677CF9BEECFB356.d.23EB32D7F2A50E6C9699247549799E7B.e.19346/clear - {}
RESULT: {}
RESULT: {}
COMMAND: POST /session/d65bb1f3e2f9080c12776954838ef114/element/f.AD1387FB3635F7347677CF9BEECFB356.d.23EB32D7F2A50E6C9699247549799E7B.e.19346/value - {"text":"1408"}
COMMAND: GET /session/d65bb1f3e2f9080c12776954838ef114/screenshot - {}
RESULT: {"text":"1408"}
COMMAND: GET /session/d65bb1f3e2f9080c12776954838ef114/screenshot - {}
RESULT: {}
RESULT: {}
COMMAND: POST /session/d65bb1f3e2f9080c12776954838ef114/element - {"using":"xpath","value":"//li[.//span[text()='1408']]"}
RESULT: {"using":"xpath","value":"//li[.//span[text()='1408']]"}
COMMAND: POST /session/d65bb1f3e2f9080c12776954838ef114/element/f.AD1387FB3635F7347677CF9BEECFB356.d.23EB32D7F2A50E6C9699247549799E7B.e.19373/click - {}
RESULT: {}
COMMAND: GET /session/d65bb1f3e2f9080c12776954838ef114/screenshot - {}
RESULT: {}
COMMAND: POST /session/d65bb1f3e2f9080c12776954838ef114/element - {"using":"xpath","value":"//button[@data-kt=\"saveButton\"]"}
RESULT: {"using":"xpath","value":"//button[@data-kt=\"saveButton\"]"}
COMMAND: POST /session/d65bb1f3e2f9080c12776954838ef114/element/f.AD1387FB3635F7347677CF9BEECFB356.d.23EB32D7F2A50E6C9699247549799E7B.e.19363/click - {}
RESULT: {}
COMMAND: GET /session/d65bb1f3e2f9080c12776954838ef114/screenshot - {}
RESULT: {}
COMMAND: POST /session/d65bb1f3e2f9080c12776954838ef114/element - {"using":"xpath","value":"//span[contains(@id ,\"contractDetailTitleNoExpanded\")]"}
RESULT: {"using":"xpath","value":"//span[contains(@id ,\"contractDetailTitleNoExpanded\")]"}
COMMAND: POST /session/d65bb1f3e2f9080c12776954838ef114/elements - {"using":"xpath","value":"//span[contains(@id ,\"contractDetailTitleNoExpanded\")]"}
RESULT: {"using":"xpath","value":"//span[contains(@id ,\"contractDetailTitleNoExpanded\")]"}
COMMAND: POST /session/d65bb1f3e2f9080c12776954838ef114/execute/sync - {"script":"<script> [56 bytes]","args":[{"element-6066-11e4-a52e-4f735466cecf":"f.AD1387FB3635F7347677CF9BEECFB356.d.23EB32D7F2A50E6C9699247549799E7B.e.19389","ELEMENT":"f.AD1387FB3635F7347677CF9BEECFB356.d.23EB32D7F2A50E6C9699247549799E7B.e.19389"}]}
RESULT: {"script":"<script> [56 bytes]","args":[{"element-6066-11e4-a52e-4f735466cecf":"f.AD1387FB3635F7347677CF9BEECFB356.d.23EB32D7F2A50E6C9699247549799E7B.e.19389","ELEMENT":"f.AD1387FB3635F7347677CF9BEECFB356.d.23EB32D7F2A50E6C9699247549799E7B.e.19389"}]}
COMMAND: GET /session/d65bb1f3e2f9080c12776954838ef114/screenshot - {}
RESULT: {}
]]></system-out>
    </testcase>
    <testcase classname="chrome.135_0_7049_96.windows.Create_Reverse_Billing_US127248" name="Should add equipment to the contract" time="45.99">
      <system-out><![CDATA[
COMMAND: POST /session/d65bb1f3e2f9080c12776954838ef114/element - {"using":"xpath","value":"//button[@data-kt=\"contractDetailEditBtnButton\"]"}
RESULT: {"using":"xpath","value":"//button[@data-kt=\"contractDetailEditBtnButton\"]"}
COMMAND: POST /session/d65bb1f3e2f9080c12776954838ef114/element/f.AD1387FB3635F7347677CF9BEECFB356.d.23EB32D7F2A50E6C9699247549799E7B.e.19391/click - {}
RESULT: {}
COMMAND: GET /session/d65bb1f3e2f9080c12776954838ef114/screenshot - {}
RESULT: {}
COMMAND: POST /session/d65bb1f3e2f9080c12776954838ef114/element - {"using":"xpath","value":"(//span[contains(text(), \"Additional Addresses\")])[2]"}
RESULT: {"using":"xpath","value":"(//span[contains(text(), \"Additional Addresses\")])[2]"}
COMMAND: POST /session/d65bb1f3e2f9080c12776954838ef114/element/f.AD1387FB3635F7347677CF9BEECFB356.d.23EB32D7F2A50E6C9699247549799E7B.e.19446/click - {}
RESULT: {}
COMMAND: GET /session/d65bb1f3e2f9080c12776954838ef114/screenshot - {}
RESULT: {}
COMMAND: POST /session/d65bb1f3e2f9080c12776954838ef114/element - {"using":"xpath","value":"//button[@data-kt=\"btnAddTableRowOverflowToolbarButton\"]"}
RESULT: {"using":"xpath","value":"//button[@data-kt=\"btnAddTableRowOverflowToolbarButton\"]"}
COMMAND: POST /session/d65bb1f3e2f9080c12776954838ef114/element/f.AD1387FB3635F7347677CF9BEECFB356.d.23EB32D7F2A50E6C9699247549799E7B.e.19449/click - {}
RESULT: {}
COMMAND: GET /session/d65bb1f3e2f9080c12776954838ef114/screenshot - {}
RESULT: {}
COMMAND: POST /session/d65bb1f3e2f9080c12776954838ef114/element - {"using":"xpath","value":"//div[(text() = 'Standard Entry' or . = 'Standard Entry')]"}
RESULT: {"using":"xpath","value":"//div[(text() = 'Standard Entry' or . = 'Standard Entry')]"}
COMMAND: POST /session/d65bb1f3e2f9080c12776954838ef114/element/f.AD1387FB3635F7347677CF9BEECFB356.d.23EB32D7F2A50E6C9699247549799E7B.e.19451/click - {}
RESULT: {}
COMMAND: GET /session/d65bb1f3e2f9080c12776954838ef114/screenshot - {}
RESULT: {}
COMMAND: POST /session/d65bb1f3e2f9080c12776954838ef114/element - {"using":"xpath","value":"//td[7]/div/div/input"}
RESULT: {"using":"xpath","value":"//td[7]/div/div/input"}
COMMAND: POST /session/d65bb1f3e2f9080c12776954838ef114/element/f.AD1387FB3635F7347677CF9BEECFB356.d.23EB32D7F2A50E6C9699247549799E7B.e.19460/clear - {}
RESULT: {}
COMMAND: POST /session/d65bb1f3e2f9080c12776954838ef114/element/f.AD1387FB3635F7347677CF9BEECFB356.d.23EB32D7F2A50E6C9699247549799E7B.e.19460/value - {"text":"evaFEulebo"}
COMMAND: GET /session/d65bb1f3e2f9080c12776954838ef114/screenshot - {}
RESULT: {"text":"evaFEulebo"}
COMMAND: GET /session/d65bb1f3e2f9080c12776954838ef114/screenshot - {}
RESULT: {}
RESULT: {}
COMMAND: POST /session/d65bb1f3e2f9080c12776954838ef114/actions - {"actions":[{"id":"action70","type":"key","parameters":{},"actions":[{"type":"keyDown","value":"î€‡"},{"type":"pause","duration":10},{"type":"keyUp","value":"î€‡"}]}]}
RESULT: {"actions":[{"id":"action70","type":"key","parameters":{},"actions":[{"type":"keyDown","value":"î€‡"},{"type":"pause","duration":10},{"type":"keyUp","value":"î€‡"}]}]}
COMMAND: GET /session/d65bb1f3e2f9080c12776954838ef114/screenshot - {}
RESULT: {}
COMMAND: POST /session/d65bb1f3e2f9080c12776954838ef114/execute/sync - {"script":"<script> [276 bytes]","args":["No pricing information was found"]}
RESULT: {"script":"<script> [276 bytes]","args":["No pricing information was found"]}
COMMAND: POST /session/d65bb1f3e2f9080c12776954838ef114/element - {"using":"xpath","value":"(//button[@data-kt=\"saveButton\"])[2]"}
COMMAND: GET /session/d65bb1f3e2f9080c12776954838ef114/screenshot - {}
RESULT: {"using":"xpath","value":"(//button[@data-kt=\"saveButton\"])[2]"}
COMMAND: POST /session/d65bb1f3e2f9080c12776954838ef114/element/f.AD1387FB3635F7347677CF9BEECFB356.d.23EB32D7F2A50E6C9699247549799E7B.e.19475/click - {}
RESULT: {}
RESULT: {}
COMMAND: GET /session/d65bb1f3e2f9080c12776954838ef114/screenshot - {}
RESULT: {}
COMMAND: POST /session/d65bb1f3e2f9080c12776954838ef114/execute/sync - {"script":"<script> [276 bytes]","args":["Some contract items are having rental validity exceeding header rental validity"]}
RESULT: {"script":"<script> [276 bytes]","args":["Some contract items are having rental validity exceeding header rental validity"]}
COMMAND: GET /session/d65bb1f3e2f9080c12776954838ef114/screenshot - {}
RESULT: {}
COMMAND: POST /session/d65bb1f3e2f9080c12776954838ef114/element - {"using":"xpath","value":"//span[contains(@id ,\"contractItemsSmartTable-header-inner\")]"}
RESULT: {"using":"xpath","value":"//span[contains(@id ,\"contractItemsSmartTable-header-inner\")]"}
COMMAND: POST /session/d65bb1f3e2f9080c12776954838ef114/elements - {"using":"xpath","value":"//span[contains(@id ,\"contractItemsSmartTable-header-inner\")]"}
RESULT: {"using":"xpath","value":"//span[contains(@id ,\"contractItemsSmartTable-header-inner\")]"}
COMMAND: POST /session/d65bb1f3e2f9080c12776954838ef114/execute/sync - {"script":"<script> [56 bytes]","args":[{"element-6066-11e4-a52e-4f735466cecf":"f.AD1387FB3635F7347677CF9BEECFB356.d.23EB32D7F2A50E6C9699247549799E7B.e.19481","ELEMENT":"f.AD1387FB3635F7347677CF9BEECFB356.d.23EB32D7F2A50E6C9699247549799E7B.e.19481"}]}
RESULT: {"script":"<script> [56 bytes]","args":[{"element-6066-11e4-a52e-4f735466cecf":"f.AD1387FB3635F7347677CF9BEECFB356.d.23EB32D7F2A50E6C9699247549799E7B.e.19481","ELEMENT":"f.AD1387FB3635F7347677CF9BEECFB356.d.23EB32D7F2A50E6C9699247549799E7B.e.19481"}]}
]]></system-out>
    </testcase>
    <testcase classname="chrome.135_0_7049_96.windows.Create_Reverse_Billing_US127248" name="Should do a provide to site handover" time="63.607">
      <system-out><![CDATA[
COMMAND: POST /session/d65bb1f3e2f9080c12776954838ef114/element - {"using":"xpath","value":"//button[@data-kt=\"provideButton\"]"}
COMMAND: GET /session/d65bb1f3e2f9080c12776954838ef114/screenshot - {}
RESULT: {"using":"xpath","value":"//button[@data-kt=\"provideButton\"]"}
COMMAND: POST /session/d65bb1f3e2f9080c12776954838ef114/element/f.AD1387FB3635F7347677CF9BEECFB356.d.23EB32D7F2A50E6C9699247549799E7B.e.19482/click - {}
RESULT: {}
RESULT: {}
COMMAND: GET /session/d65bb1f3e2f9080c12776954838ef114/screenshot - {}
RESULT: undefined
COMMAND: POST /session/d65bb1f3e2f9080c12776954838ef114/execute/async - {"script":"<script> [6424 bytes]","args":[{"element-6066-11e4-a52e-4f735466cecf":"f.AD1387FB3635F7347677CF9BEECFB356.d.23EB32D7F2A50E6C9699247549799E7B.e.18573"},"setValue",["05/03/2025"]]}
RESULT: {}
COMMAND: POST /session/d65bb1f3e2f9080c12776954838ef114/execute/async - {"script":"<script> [1562 bytes]","args":[{"selector":{"id":"application-managehandovers-display-component---AddNewHO--dueDate","interaction":{"idSuffix":"inner"}},"wdio_ui5_key":"applicationmanagehandovers-display-component---AddNewHO--dueDate"}]}
RESULT: {"script":"<script> [1562 bytes]","args":[{"selector":{"id":"application-managehandovers-display-component---AddNewHO--dueDate","interaction":{"idSuffix":"inner"}},"wdio_ui5_key":"applicationmanagehandovers-display-component---AddNewHO--dueDate"}]}
COMMAND: POST /session/d65bb1f3e2f9080c12776954838ef114/execute/async - {"script":"<script> [6424 bytes]","args":[{"element-6066-11e4-a52e-4f735466cecf":"f.AD1387FB3635F7347677CF9BEECFB356.d.23EB32D7F2A50E6C9699247549799E7B.e.19558"},"setValue",["05/03/2025"]]}
RESULT: {"script":"<script> [6424 bytes]","args":[{"element-6066-11e4-a52e-4f735466cecf":"f.AD1387FB3635F7347677CF9BEECFB356.d.23EB32D7F2A50E6C9699247549799E7B.e.19558"},"setValue",["05/03/2025"]]}
COMMAND: POST /session/d65bb1f3e2f9080c12776954838ef114/element - {"using":"xpath","value":"//bdi[contains(text(), \"Instructions\")]"}
RESULT: {"using":"xpath","value":"//bdi[contains(text(), \"Instructions\")]"}
COMMAND: POST /session/d65bb1f3e2f9080c12776954838ef114/element/f.AD1387FB3635F7347677CF9BEECFB356.d.23EB32D7F2A50E6C9699247549799E7B.e.19794/click - {}
RESULT: {}
COMMAND: GET /session/d65bb1f3e2f9080c12776954838ef114/screenshot - {}
RESULT: {}
COMMAND: POST /session/d65bb1f3e2f9080c12776954838ef114/element - {"using":"xpath","value":"//button[@data-kt=\"AddNewHOProvideAddItemsButton\"]"}
RESULT: {"using":"xpath","value":"//button[@data-kt=\"AddNewHOProvideAddItemsButton\"]"}
COMMAND: POST /session/d65bb1f3e2f9080c12776954838ef114/element/f.AD1387FB3635F7347677CF9BEECFB356.d.23EB32D7F2A50E6C9699247549799E7B.e.19798/click - {}
RESULT: {}
COMMAND: GET /session/d65bb1f3e2f9080c12776954838ef114/screenshot - {}
RESULT: {}
RESULT: undefined
COMMAND: POST /session/d65bb1f3e2f9080c12776954838ef114/element - {"using":"xpath","value":"//*[@id=\"application-managehandovers-display-component---AddNewHO--popup-sa\"]"}
RESULT: {"using":"xpath","value":"//*[@id=\"application-managehandovers-display-component---AddNewHO--popup-sa\"]"}
COMMAND: POST /session/d65bb1f3e2f9080c12776954838ef114/element/f.AD1387FB3635F7347677CF9BEECFB356.d.23EB32D7F2A50E6C9699247549799E7B.e.19808/click - {}
RESULT: {}
COMMAND: GET /session/d65bb1f3e2f9080c12776954838ef114/screenshot - {}
RESULT: {}
COMMAND: POST /session/d65bb1f3e2f9080c12776954838ef114/element - {"using":"xpath","value":"//*[contains(@id ,\"BDI-content\")][contains(text(), \"Select\")]"}
RESULT: {"using":"xpath","value":"//*[contains(@id ,\"BDI-content\")][contains(text(), \"Select\")]"}
COMMAND: POST /session/d65bb1f3e2f9080c12776954838ef114/element/f.AD1387FB3635F7347677CF9BEECFB356.d.23EB32D7F2A50E6C9699247549799E7B.e.19810/click - {}
RESULT: {}
COMMAND: GET /session/d65bb1f3e2f9080c12776954838ef114/screenshot - {}
RESULT: {}
COMMAND: POST /session/d65bb1f3e2f9080c12776954838ef114/execute/async - {"script":"<script> [1562 bytes]","args":[{"selector":{"id":"application-managehandovers-display-component---AddNewHO--confirmCreationButton","interaction":{"idSuffix":"BDI-content"}},"wdio_ui5_key":"applicationmanagehandovers-display-component---AddNewHO--confirmCreationButton"}]}
RESULT: {"script":"<script> [1562 bytes]","args":[{"selector":{"id":"application-managehandovers-display-component---AddNewHO--confirmCreationButton","interaction":{"idSuffix":"BDI-content"}},"wdio_ui5_key":"applicationmanagehandovers-display-component---AddNewHO--confirmCreationButton"}]}
RESULT: undefined
COMMAND: POST /session/d65bb1f3e2f9080c12776954838ef114/element - {"using":"xpath","value":"//*[@id=\"application-managehandovers-display-component---AddNewHO--confirmCreationButton\"]"}
RESULT: {"using":"xpath","value":"//*[@id=\"application-managehandovers-display-component---AddNewHO--confirmCreationButton\"]"}
COMMAND: POST /session/d65bb1f3e2f9080c12776954838ef114/element/f.AD1387FB3635F7347677CF9BEECFB356.d.23EB32D7F2A50E6C9699247549799E7B.e.19605/click - {}
RESULT: {}
COMMAND: GET /session/d65bb1f3e2f9080c12776954838ef114/screenshot - {}
RESULT: {}
COMMAND: POST /session/d65bb1f3e2f9080c12776954838ef114/element - {"using":"xpath","value":"//button[@data-kt=\"PickingTableConfirmAllButton\"]"}
RESULT: {"using":"xpath","value":"//button[@data-kt=\"PickingTableConfirmAllButton\"]"}
COMMAND: POST /session/d65bb1f3e2f9080c12776954838ef114/elements - {"using":"xpath","value":"//button[@data-kt=\"PickingTableConfirmAllButton\"]"}
RESULT: {"using":"xpath","value":"//button[@data-kt=\"PickingTableConfirmAllButton\"]"}
COMMAND: POST /session/d65bb1f3e2f9080c12776954838ef114/elements - {"using":"xpath","value":"//button[@data-kt=\"PickingTableConfirmAllButton\"]"}
RESULT: {"using":"xpath","value":"//button[@data-kt=\"PickingTableConfirmAllButton\"]"}
COMMAND: POST /session/d65bb1f3e2f9080c12776954838ef114/element - {"using":"xpath","value":"//button[@data-kt=\"PickingTableConfirmAllButton\"]"}
RESULT: {"using":"xpath","value":"//button[@data-kt=\"PickingTableConfirmAllButton\"]"}
COMMAND: POST /session/d65bb1f3e2f9080c12776954838ef114/element/f.AD1387FB3635F7347677CF9BEECFB356.d.23EB32D7F2A50E6C9699247549799E7B.e.19850/click - {}
COMMAND: POST /session/d65bb1f3e2f9080c12776954838ef114/element - {"using":"xpath","value":"//button[@data-kt=\"PickingTableConfirmAllButton\"]"}
RESULT: {"using":"xpath","value":"//button[@data-kt=\"PickingTableConfirmAllButton\"]"}
COMMAND: POST /session/d65bb1f3e2f9080c12776954838ef114/element/f.AD1387FB3635F7347677CF9BEECFB356.d.23EB32D7F2A50E6C9699247549799E7B.e.19850/click - {}
COMMAND: POST /session/d65bb1f3e2f9080c12776954838ef114/element - {"using":"xpath","value":"//button[@data-kt=\"PickingTableConfirmAllButton\"]"}
RESULT: {"using":"xpath","value":"//button[@data-kt=\"PickingTableConfirmAllButton\"]"}
COMMAND: POST /session/d65bb1f3e2f9080c12776954838ef114/element/f.AD1387FB3635F7347677CF9BEECFB356.d.23EB32D7F2A50E6C9699247549799E7B.e.19873/click - {}
RESULT: {}
COMMAND: GET /session/d65bb1f3e2f9080c12776954838ef114/screenshot - {}
RESULT: {}
COMMAND: POST /session/d65bb1f3e2f9080c12776954838ef114/element - {"using":"xpath","value":"//bdi[contains(text(), \"OK\")]"}
RESULT: {"using":"xpath","value":"//bdi[contains(text(), \"OK\")]"}
COMMAND: POST /session/d65bb1f3e2f9080c12776954838ef114/element/f.AD1387FB3635F7347677CF9BEECFB356.d.23EB32D7F2A50E6C9699247549799E7B.e.19875/click - {}
RESULT: {}
COMMAND: GET /session/d65bb1f3e2f9080c12776954838ef114/screenshot - {}
RESULT: {}
COMMAND: POST /session/d65bb1f3e2f9080c12776954838ef114/element - {"using":"xpath","value":"//bdi[contains(text(), \"Issue\")]"}
RESULT: {"using":"xpath","value":"//bdi[contains(text(), \"Issue\")]"}
COMMAND: POST /session/d65bb1f3e2f9080c12776954838ef114/element/f.AD1387FB3635F7347677CF9BEECFB356.d.23EB32D7F2A50E6C9699247549799E7B.e.19877/click - {}
RESULT: {}
COMMAND: GET /session/d65bb1f3e2f9080c12776954838ef114/screenshot - {}
RESULT: {}
COMMAND: POST /session/d65bb1f3e2f9080c12776954838ef114/element - {"using":"css selector","value":"#shell-header-logo"}
RESULT: {"using":"css selector","value":"#shell-header-logo"}
COMMAND: POST /session/d65bb1f3e2f9080c12776954838ef114/element/f.AD1387FB3635F7347677CF9BEECFB356.d.23EB32D7F2A50E6C9699247549799E7B.e.18984/click - {}
RESULT: {}
COMMAND: GET /session/d65bb1f3e2f9080c12776954838ef114/screenshot - {}
RESULT: {}
]]></system-out>
    </testcase>
    <testcase classname="chrome.135_0_7049_96.windows.Create_Reverse_Billing_US127248" name="Should go navigate to Manage Billings and trigger contract calculation check result" time="60.792">
      <system-out><![CDATA[
COMMAND: POST /session/d65bb1f3e2f9080c12776954838ef114/execute/async - {"script":"<script> [1562 bytes]","args":[{"selector":{"controlType":"sap.m.GenericTile","properties":{"header":"Manage Billings"}},"wdio_ui5_key":"sapm.GenericTile{\"header\":\"Manage Billings\"}"}]}
RESULT: {"script":"<script> [1562 bytes]","args":[{"selector":{"controlType":"sap.m.GenericTile","properties":{"header":"Manage Billings"}},"wdio_ui5_key":"sapm.GenericTile{\"header\":\"Manage Billings\"}"}]}
RESULT: undefined
COMMAND: POST /session/d65bb1f3e2f9080c12776954838ef114/element - {"using":"xpath","value":"//*[@id=\"__tile51\"]"}
RESULT: {"using":"xpath","value":"//*[@id=\"__tile51\"]"}
COMMAND: POST /session/d65bb1f3e2f9080c12776954838ef114/element/f.AD1387FB3635F7347677CF9BEECFB356.d.23EB32D7F2A50E6C9699247549799E7B.e.16880/click - {}
RESULT: {}
COMMAND: GET /session/d65bb1f3e2f9080c12776954838ef114/screenshot - {}
COMMAND: POST /session/d65bb1f3e2f9080c12776954838ef114/execute/async - {"script":"<script> [1562 bytes]","args":[{"selector":{"id":"application-managebillings-display-component---billRunCalcResult--smartFilterBar-btnBasicSearch","interaction":{"idSuffix":"I"}},"wdio_ui5_key":"applicationmanagebillings-display-component---billRunCalcResult--smartFilterBar-btnBasicSearch"}]}
RESULT: {}
RESULT: {"script":"<script> [1562 bytes]","args":[{"selector":{"id":"application-managebillings-display-component---billRunCalcResult--smartFilterBar-btnBasicSearch","interaction":{"idSuffix":"I"}},"wdio_ui5_key":"applicationmanagebillings-display-component---billRunCalcResult--smartFilterBar-btnBasicSearch"}]}
RESULT: undefined
COMMAND: POST /session/d65bb1f3e2f9080c12776954838ef114/execute/async - {"script":"<script> [776 bytes]","args":[{"enterText":"10494","selector":{"id":"application-managebillings-display-component---billRunCalcResult--smartFilterBar-btnBasicSearch","interaction":{"idSuffix":"I"}},"clearTextFirst":true,"interactionType":"ENTER_TEXT"}]}
RESULT: {"script":"<script> [776 bytes]","args":[{"enterText":"10494","selector":{"id":"application-managebillings-display-component---billRunCalcResult--smartFilterBar-btnBasicSearch","interaction":{"idSuffix":"I"}},"clearTextFirst":true,"interactionType":"ENTER_TEXT"}]}
COMMAND: POST /session/d65bb1f3e2f9080c12776954838ef114/actions - {"actions":[{"id":"action71","type":"key","parameters":{},"actions":[{"type":"keyDown","value":"î€‡"},{"type":"pause","duration":10},{"type":"keyUp","value":"î€‡"}]}]}
RESULT: {"actions":[{"id":"action71","type":"key","parameters":{},"actions":[{"type":"keyDown","value":"î€‡"},{"type":"pause","duration":10},{"type":"keyUp","value":"î€‡"}]}]}
COMMAND: GET /session/d65bb1f3e2f9080c12776954838ef114/screenshot - {}
COMMAND: POST /session/d65bb1f3e2f9080c12776954838ef114/element - {"using":"xpath","value":"//td[@aria-colindex=\"1\"]/div/div[contains(@class, \"sapMCbBg\")]"}
RESULT: {}
RESULT: {"using":"xpath","value":"//td[@aria-colindex=\"1\"]/div/div[contains(@class, \"sapMCbBg\")]"}
COMMAND: POST /session/d65bb1f3e2f9080c12776954838ef114/element/f.AD1387FB3635F7347677CF9BEECFB356.d.23EB32D7F2A50E6C9699247549799E7B.e.20270/click - {}
RESULT: {}
COMMAND: GET /session/d65bb1f3e2f9080c12776954838ef114/screenshot - {}
RESULT: {}
COMMAND: POST /session/d65bb1f3e2f9080c12776954838ef114/execute/async - {"script":"<script> [1562 bytes]","args":[{"selector":{"id":"application-managebillings-display-component---billRunCalcResult--contractBillRunDate","interaction":{"idSuffix":"inner"}},"wdio_ui5_key":"applicationmanagebillings-display-component---billRunCalcResult--contractBillRunDate"}]}
RESULT: {"script":"<script> [1562 bytes]","args":[{"selector":{"id":"application-managebillings-display-component---billRunCalcResult--contractBillRunDate","interaction":{"idSuffix":"inner"}},"wdio_ui5_key":"applicationmanagebillings-display-component---billRunCalcResult--contractBillRunDate"}]}
RESULT: undefined
COMMAND: POST /session/d65bb1f3e2f9080c12776954838ef114/execute/async - {"script":"<script> [776 bytes]","args":[{"enterText":"06/03/25","selector":{"id":"application-managebillings-display-component---billRunCalcResult--contractBillRunDate","interaction":{"idSuffix":"inner"}},"clearTextFirst":true,"interactionType":"ENTER_TEXT"}]}
RESULT: {"script":"<script> [776 bytes]","args":[{"enterText":"06/03/25","selector":{"id":"application-managebillings-display-component---billRunCalcResult--contractBillRunDate","interaction":{"idSuffix":"inner"}},"clearTextFirst":true,"interactionType":"ENTER_TEXT"}]}
COMMAND: POST /session/d65bb1f3e2f9080c12776954838ef114/element - {"using":"xpath","value":"//bdi[contains(text(), \"Trigger Calculation\")]"}
RESULT: {"using":"xpath","value":"//bdi[contains(text(), \"Trigger Calculation\")]"}
COMMAND: POST /session/d65bb1f3e2f9080c12776954838ef114/element/f.AD1387FB3635F7347677CF9BEECFB356.d.23EB32D7F2A50E6C9699247549799E7B.e.20322/click - {}
RESULT: {}
COMMAND: GET /session/d65bb1f3e2f9080c12776954838ef114/screenshot - {}
RESULT: {}
COMMAND: POST /session/d65bb1f3e2f9080c12776954838ef114/element - {"using":"xpath","value":"(//span[contains(@id, \"imgNav\")])[1]"}
RESULT: {"using":"xpath","value":"(//span[contains(@id, \"imgNav\")])[1]"}
COMMAND: POST /session/d65bb1f3e2f9080c12776954838ef114/element/f.AD1387FB3635F7347677CF9BEECFB356.d.23EB32D7F2A50E6C9699247549799E7B.e.20271/click - {}
RESULT: {}
COMMAND: GET /session/d65bb1f3e2f9080c12776954838ef114/screenshot - {}
RESULT: {}
COMMAND: POST /session/d65bb1f3e2f9080c12776954838ef114/element - {"using":"xpath","value":"//tr/td[6]/div[1]/span[1]/span[1]"}
RESULT: {"using":"xpath","value":"//tr/td[6]/div[1]/span[1]/span[1]"}
COMMAND: GET /session/d65bb1f3e2f9080c12776954838ef114/element/f.AD1387FB3635F7347677CF9BEECFB356.d.23EB32D7F2A50E6C9699247549799E7B.e.20326/text - {}
RESULT: {}
COMMAND: POST /session/d65bb1f3e2f9080c12776954838ef114/element - {"using":"xpath","value":"(//span[contains(@id, \"imgNav\")])[2]"}
RESULT: {"using":"xpath","value":"(//span[contains(@id, \"imgNav\")])[2]"}
COMMAND: POST /session/d65bb1f3e2f9080c12776954838ef114/element/f.AD1387FB3635F7347677CF9BEECFB356.d.23EB32D7F2A50E6C9699247549799E7B.e.20327/click - {}
RESULT: {}
COMMAND: POST /session/d65bb1f3e2f9080c12776954838ef114/element - {"using":"xpath","value":"//bdi[contains(text(), \"Business Confirm\")]"}
COMMAND: GET /session/d65bb1f3e2f9080c12776954838ef114/screenshot - {}
RESULT: {"using":"xpath","value":"//bdi[contains(text(), \"Business Confirm\")]"}
COMMAND: POST /session/d65bb1f3e2f9080c12776954838ef114/elements - {"using":"xpath","value":"//bdi[contains(text(), \"Business Confirm\")]"}
RESULT: {}
RESULT: {"using":"xpath","value":"//bdi[contains(text(), \"Business Confirm\")]"}
COMMAND: POST /session/d65bb1f3e2f9080c12776954838ef114/element - {"using":"xpath","value":"//bdi[contains(text(), \"Business Confirm\")]"}
RESULT: {"using":"xpath","value":"//bdi[contains(text(), \"Business Confirm\")]"}
COMMAND: POST /session/d65bb1f3e2f9080c12776954838ef114/element/f.AD1387FB3635F7347677CF9BEECFB356.d.23EB32D7F2A50E6C9699247549799E7B.e.20387/click - {}
RESULT: {}
COMMAND: POST /session/d65bb1f3e2f9080c12776954838ef114/element - {"using":"css selector","value":"#shell-header-logo"}
COMMAND: GET /session/d65bb1f3e2f9080c12776954838ef114/screenshot - {}
RESULT: {"using":"css selector","value":"#shell-header-logo"}
COMMAND: POST /session/d65bb1f3e2f9080c12776954838ef114/element/f.AD1387FB3635F7347677CF9BEECFB356.d.23EB32D7F2A50E6C9699247549799E7B.e.20055/click - {}
RESULT: {}
RESULT: {}
COMMAND: GET /session/d65bb1f3e2f9080c12776954838ef114/screenshot - {}
RESULT: {}
]]></system-out>
    </testcase>
    <testcase classname="chrome.135_0_7049_96.windows.Create_Reverse_Billing_US127248" name="Should go into Billing Transfer and reverse the billing" time="43.206">
      <system-out><![CDATA[
COMMAND: POST /session/d65bb1f3e2f9080c12776954838ef114/execute/async - {"script":"<script> [1562 bytes]","args":[{"selector":{"controlType":"sap.m.GenericTile","properties":{"header":"Billing Transfer"}},"wdio_ui5_key":"sapm.GenericTile{\"header\":\"Billing Transfer\"}"}]}
RESULT: {"script":"<script> [1562 bytes]","args":[{"selector":{"controlType":"sap.m.GenericTile","properties":{"header":"Billing Transfer"}},"wdio_ui5_key":"sapm.GenericTile{\"header\":\"Billing Transfer\"}"}]}
RESULT: undefined
COMMAND: POST /session/d65bb1f3e2f9080c12776954838ef114/element - {"using":"xpath","value":"//*[@id=\"__tile50\"]"}
RESULT: {"using":"xpath","value":"//*[@id=\"__tile50\"]"}
COMMAND: POST /session/d65bb1f3e2f9080c12776954838ef114/element/f.AD1387FB3635F7347677CF9BEECFB356.d.23EB32D7F2A50E6C9699247549799E7B.e.16878/click - {}
RESULT: {}
COMMAND: POST /session/d65bb1f3e2f9080c12776954838ef114/element - {"using":"xpath","value":"//input[contains(@id ,\"application-billingtransfer-display-component---billingWorkbench--smartFilterBar-btnBasicSearch\")]"}
COMMAND: GET /session/d65bb1f3e2f9080c12776954838ef114/screenshot - {}
RESULT: {"using":"xpath","value":"//input[contains(@id ,\"application-billingtransfer-display-component---billingWorkbench--smartFilterBar-btnBasicSearch\")]"}
COMMAND: POST /session/d65bb1f3e2f9080c12776954838ef114/elements - {"using":"xpath","value":"//input[contains(@id ,\"application-billingtransfer-display-component---billingWorkbench--smartFilterBar-btnBasicSearch\")]"}
RESULT: {}
RESULT: {"using":"xpath","value":"//input[contains(@id ,\"application-billingtransfer-display-component---billingWorkbench--smartFilterBar-btnBasicSearch\")]"}
COMMAND: POST /session/d65bb1f3e2f9080c12776954838ef114/element - {"using":"xpath","value":"//input[contains(@id ,\"application-billingtransfer-display-component---billingWorkbench--smartFilterBar-btnBasicSearch\")]"}
RESULT: {"using":"xpath","value":"//input[contains(@id ,\"application-billingtransfer-display-component---billingWorkbench--smartFilterBar-btnBasicSearch\")]"}
COMMAND: POST /session/d65bb1f3e2f9080c12776954838ef114/execute/sync - {"script":"<script> [8489 bytes]","args":[{"element-6066-11e4-a52e-4f735466cecf":"f.AD1387FB3635F7347677CF9BEECFB356.d.23EB32D7F2A50E6C9699247549799E7B.e.20400","ELEMENT":"f.AD1387FB3635F7347677CF9BEECFB356.d.23EB32D7F2A50E6C9699247549799E7B.e.20400"}]}
RESULT: {"script":"<script> [8489 bytes]","args":[{"element-6066-11e4-a52e-4f735466cecf":"f.AD1387FB3635F7347677CF9BEECFB356.d.23EB32D7F2A50E6C9699247549799E7B.e.20400","ELEMENT":"f.AD1387FB3635F7347677CF9BEECFB356.d.23EB32D7F2A50E6C9699247549799E7B.e.20400"}]}
COMMAND: GET /session/d65bb1f3e2f9080c12776954838ef114/element/f.AD1387FB3635F7347677CF9BEECFB356.d.23EB32D7F2A50E6C9699247549799E7B.e.20400/enabled - {}
COMMAND: GET /session/d65bb1f3e2f9080c12776954838ef114/screenshot - {}
RESULT: {}
COMMAND: POST /session/d65bb1f3e2f9080c12776954838ef114/element/f.AD1387FB3635F7347677CF9BEECFB356.d.23EB32D7F2A50E6C9699247549799E7B.e.20400/click - {}
COMMAND: GET /session/d65bb1f3e2f9080c12776954838ef114/screenshot - {}
RESULT: {}
RESULT: {}
COMMAND: GET /session/d65bb1f3e2f9080c12776954838ef114/screenshot - {}
RESULT: {}
RESULT: {}
COMMAND: POST /session/d65bb1f3e2f9080c12776954838ef114/element/f.AD1387FB3635F7347677CF9BEECFB356.d.23EB32D7F2A50E6C9699247549799E7B.e.20400/clear - {}
RESULT: {}
COMMAND: POST /session/d65bb1f3e2f9080c12776954838ef114/element/f.AD1387FB3635F7347677CF9BEECFB356.d.23EB32D7F2A50E6C9699247549799E7B.e.20400/value - {"text":"10494"}
RESULT: {"text":"10494"}
COMMAND: POST /session/d65bb1f3e2f9080c12776954838ef114/actions - {"actions":[{"id":"action72","type":"key","parameters":{},"actions":[{"type":"keyDown","value":"î€‡"},{"type":"pause","duration":10},{"type":"keyUp","value":"î€‡"}]}]}
RESULT: {"actions":[{"id":"action72","type":"key","parameters":{},"actions":[{"type":"keyDown","value":"î€‡"},{"type":"pause","duration":10},{"type":"keyUp","value":"î€‡"}]}]}
COMMAND: GET /session/d65bb1f3e2f9080c12776954838ef114/screenshot - {}
COMMAND: GET /session/d65bb1f3e2f9080c12776954838ef114/screenshot - {}
COMMAND: GET /session/d65bb1f3e2f9080c12776954838ef114/screenshot - {}
RESULT: {}
RESULT: {}
RESULT: {}
COMMAND: POST /session/d65bb1f3e2f9080c12776954838ef114/element - {"using":"xpath","value":"//span[contains(@id ,\"application-billingtransfer-display-component---billingWorkbench--smartTableBillingRuns-header-inner\")]"}
RESULT: {"using":"xpath","value":"//span[contains(@id ,\"application-billingtransfer-display-component---billingWorkbench--smartTableBillingRuns-header-inner\")]"}
COMMAND: POST /session/d65bb1f3e2f9080c12776954838ef114/elements - {"using":"xpath","value":"//span[contains(@id ,\"application-billingtransfer-display-component---billingWorkbench--smartTableBillingRuns-header-inner\")]"}
RESULT: {"using":"xpath","value":"//span[contains(@id ,\"application-billingtransfer-display-component---billingWorkbench--smartTableBillingRuns-header-inner\")]"}
COMMAND: POST /session/d65bb1f3e2f9080c12776954838ef114/execute/sync - {"script":"<script> [56 bytes]","args":[{"element-6066-11e4-a52e-4f735466cecf":"f.AD1387FB3635F7347677CF9BEECFB356.d.23EB32D7F2A50E6C9699247549799E7B.e.20572","ELEMENT":"f.AD1387FB3635F7347677CF9BEECFB356.d.23EB32D7F2A50E6C9699247549799E7B.e.20572"}]}
RESULT: {"script":"<script> [56 bytes]","args":[{"element-6066-11e4-a52e-4f735466cecf":"f.AD1387FB3635F7347677CF9BEECFB356.d.23EB32D7F2A50E6C9699247549799E7B.e.20572","ELEMENT":"f.AD1387FB3635F7347677CF9BEECFB356.d.23EB32D7F2A50E6C9699247549799E7B.e.20572"}]}
COMMAND: POST /session/d65bb1f3e2f9080c12776954838ef114/element - {"using":"xpath","value":"//td[@aria-colindex=\"1\"]/div/div[contains(@class, \"sapMCbBg\")]"}
COMMAND: GET /session/d65bb1f3e2f9080c12776954838ef114/screenshot - {}
RESULT: {"using":"xpath","value":"//td[@aria-colindex=\"1\"]/div/div[contains(@class, \"sapMCbBg\")]"}
COMMAND: POST /session/d65bb1f3e2f9080c12776954838ef114/element/f.AD1387FB3635F7347677CF9BEECFB356.d.23EB32D7F2A50E6C9699247549799E7B.e.20562/click - {}
RESULT: {}
RESULT: {}
COMMAND: GET /session/d65bb1f3e2f9080c12776954838ef114/screenshot - {}
RESULT: {}
COMMAND: POST /session/d65bb1f3e2f9080c12776954838ef114/element - {"using":"xpath","value":"//bdi[contains(text(), \"Reverse\")]"}
RESULT: {"using":"xpath","value":"//bdi[contains(text(), \"Reverse\")]"}
COMMAND: POST /session/d65bb1f3e2f9080c12776954838ef114/element/f.AD1387FB3635F7347677CF9BEECFB356.d.23EB32D7F2A50E6C9699247549799E7B.e.20573/click - {}
RESULT: {}
COMMAND: GET /session/d65bb1f3e2f9080c12776954838ef114/screenshot - {}
RESULT: {}
COMMAND: POST /session/d65bb1f3e2f9080c12776954838ef114/element - {"using":"xpath","value":"//input[contains(@id ,\"application-billingtransfer-display-component---billingWorkbench--smartFilterBar-btnBasicSearch\")]"}
RESULT: {"using":"xpath","value":"//input[contains(@id ,\"application-billingtransfer-display-component---billingWorkbench--smartFilterBar-btnBasicSearch\")]"}
COMMAND: POST /session/d65bb1f3e2f9080c12776954838ef114/elements - {"using":"xpath","value":"//input[contains(@id ,\"application-billingtransfer-display-component---billingWorkbench--smartFilterBar-btnBasicSearch\")]"}
RESULT: {"using":"xpath","value":"//input[contains(@id ,\"application-billingtransfer-display-component---billingWorkbench--smartFilterBar-btnBasicSearch\")]"}
COMMAND: POST /session/d65bb1f3e2f9080c12776954838ef114/execute/sync - {"script":"<script> [8489 bytes]","args":[{"element-6066-11e4-a52e-4f735466cecf":"f.AD1387FB3635F7347677CF9BEECFB356.d.23EB32D7F2A50E6C9699247549799E7B.e.20400","ELEMENT":"f.AD1387FB3635F7347677CF9BEECFB356.d.23EB32D7F2A50E6C9699247549799E7B.e.20400"}]}
RESULT: {"script":"<script> [8489 bytes]","args":[{"element-6066-11e4-a52e-4f735466cecf":"f.AD1387FB3635F7347677CF9BEECFB356.d.23EB32D7F2A50E6C9699247549799E7B.e.20400","ELEMENT":"f.AD1387FB3635F7347677CF9BEECFB356.d.23EB32D7F2A50E6C9699247549799E7B.e.20400"}]}
COMMAND: GET /session/d65bb1f3e2f9080c12776954838ef114/element/f.AD1387FB3635F7347677CF9BEECFB356.d.23EB32D7F2A50E6C9699247549799E7B.e.20400/enabled - {}
COMMAND: GET /session/d65bb1f3e2f9080c12776954838ef114/screenshot - {}
RESULT: {}
COMMAND: POST /session/d65bb1f3e2f9080c12776954838ef114/element/f.AD1387FB3635F7347677CF9BEECFB356.d.23EB32D7F2A50E6C9699247549799E7B.e.20400/click - {}
COMMAND: GET /session/d65bb1f3e2f9080c12776954838ef114/screenshot - {}
RESULT: {}
RESULT: {}
COMMAND: GET /session/d65bb1f3e2f9080c12776954838ef114/screenshot - {}
RESULT: {}
RESULT: {}
COMMAND: POST /session/d65bb1f3e2f9080c12776954838ef114/element/f.AD1387FB3635F7347677CF9BEECFB356.d.23EB32D7F2A50E6C9699247549799E7B.e.20400/clear - {}
RESULT: {}
COMMAND: POST /session/d65bb1f3e2f9080c12776954838ef114/element/f.AD1387FB3635F7347677CF9BEECFB356.d.23EB32D7F2A50E6C9699247549799E7B.e.20400/value - {"text":"10494"}
COMMAND: GET /session/d65bb1f3e2f9080c12776954838ef114/screenshot - {}
RESULT: {"text":"10494"}
COMMAND: POST /session/d65bb1f3e2f9080c12776954838ef114/actions - {"actions":[{"id":"action73","type":"key","parameters":{},"actions":[{"type":"keyDown","value":"î€‡"},{"type":"pause","duration":10},{"type":"keyUp","value":"î€‡"}]}]}
COMMAND: GET /session/d65bb1f3e2f9080c12776954838ef114/screenshot - {}
RESULT: {}
RESULT: {"actions":[{"id":"action73","type":"key","parameters":{},"actions":[{"type":"keyDown","value":"î€‡"},{"type":"pause","duration":10},{"type":"keyUp","value":"î€‡"}]}]}
COMMAND: GET /session/d65bb1f3e2f9080c12776954838ef114/screenshot - {}
RESULT: {}
RESULT: {}
COMMAND: POST /session/d65bb1f3e2f9080c12776954838ef114/element - {"using":"xpath","value":"//span[contains(@id ,\"application-billingtransfer-display-component---billingWorkbench--smartTableBillingRuns-header-inner\")]"}
RESULT: {"using":"xpath","value":"//span[contains(@id ,\"application-billingtransfer-display-component---billingWorkbench--smartTableBillingRuns-header-inner\")]"}
COMMAND: POST /session/d65bb1f3e2f9080c12776954838ef114/elements - {"using":"xpath","value":"//span[contains(@id ,\"application-billingtransfer-display-component---billingWorkbench--smartTableBillingRuns-header-inner\")]"}
RESULT: {"using":"xpath","value":"//span[contains(@id ,\"application-billingtransfer-display-component---billingWorkbench--smartTableBillingRuns-header-inner\")]"}
COMMAND: POST /session/d65bb1f3e2f9080c12776954838ef114/execute/sync - {"script":"<script> [56 bytes]","args":[{"element-6066-11e4-a52e-4f735466cecf":"f.AD1387FB3635F7347677CF9BEECFB356.d.23EB32D7F2A50E6C9699247549799E7B.e.20572","ELEMENT":"f.AD1387FB3635F7347677CF9BEECFB356.d.23EB32D7F2A50E6C9699247549799E7B.e.20572"}]}
RESULT: {"script":"<script> [56 bytes]","args":[{"element-6066-11e4-a52e-4f735466cecf":"f.AD1387FB3635F7347677CF9BEECFB356.d.23EB32D7F2A50E6C9699247549799E7B.e.20572","ELEMENT":"f.AD1387FB3635F7347677CF9BEECFB356.d.23EB32D7F2A50E6C9699247549799E7B.e.20572"}]}
COMMAND: POST /session/d65bb1f3e2f9080c12776954838ef114/element - {"using":"css selector","value":"#shell-header-logo"}
COMMAND: GET /session/d65bb1f3e2f9080c12776954838ef114/screenshot - {}
RESULT: {"using":"css selector","value":"#shell-header-logo"}
COMMAND: POST /session/d65bb1f3e2f9080c12776954838ef114/element/f.AD1387FB3635F7347677CF9BEECFB356.d.23EB32D7F2A50E6C9699247549799E7B.e.20398/click - {}
RESULT: {}
RESULT: {}
COMMAND: GET /session/d65bb1f3e2f9080c12776954838ef114/screenshot - {}
RESULT: {}
COMMAND: DELETE /session/d65bb1f3e2f9080c12776954838ef114 - {}
RESULT: {}
]]></system-out>
    </testcase>
  </testsuite>
</testsuites>