<?xml version="1.0" encoding="UTF-8"?>
<testsuites tests="18" failures="7" errors="7" skipped="0">
  <testsuite timestamp="2025-05-26T17:50:07" time="1221.324" tests="6" failures="2" errors="2" skipped="0">
    <properties>
      <property name="specId" value="0"/>
      <property name="suiteName" value="Standard contract - add contract items by Insert Request US118222"/>
      <property name="capabilities" value="chrome.136_0_7103_93.windows"/>
      <property name="file" value="file:///D:/a/1/s/test/specs/R2C/standard-contract-add-contract-items-by-insert-request.spec.js"/>
    </properties>
    <testcase classname="chrome.136_0_7103_93.windows.Standard_contract_-_add_contract_items_by_Insert_Request_US118222" name="Should create prerequisites yard partner site material and equipment" time="307.985">
      <system-out><![CDATA[
COMMAND: POST /session/d7e4ce2bf424277d4594bf7056aa8e6c/execute/async - {"script":"<script> [1562 bytes]","args":[{"selector":{"controlType":"sap.m.GenericTile","properties":{"header":"Manage Yards"}},"wdio_ui5_key":"sapm.GenericTile{\"header\":\"Manage Yards\"}"}]}
RESULT: {"script":"<script> [1562 bytes]","args":[{"selector":{"controlType":"sap.m.GenericTile","properties":{"header":"Manage Yards"}},"wdio_ui5_key":"sapm.GenericTile{\"header\":\"Manage Yards\"}"}]}
RESULT: undefined
COMMAND: POST /session/d7e4ce2bf424277d4594bf7056aa8e6c/element - {"using":"xpath","value":"//*[@id=\"__tile41\"]"}
RESULT: {"using":"xpath","value":"//*[@id=\"__tile41\"]"}
COMMAND: POST /session/d7e4ce2bf424277d4594bf7056aa8e6c/element/f.CBC60766CDC2EFD503EA998F31B181AA.d.9AC728E8B550BA2B0DEBBCFCA991C846.e.112/click - {}
RESULT: {}
COMMAND: GET /session/d7e4ce2bf424277d4594bf7056aa8e6c/screenshot - {}
RESULT: {}
COMMAND: POST /session/d7e4ce2bf424277d4594bf7056aa8e6c/elements - {"using":"xpath","value":"//span[text()='Error']"}
RESULT: {"using":"xpath","value":"//span[text()='Error']"}
COMMAND: POST /session/d7e4ce2bf424277d4594bf7056aa8e6c/execute/async - {"script":"<script> [1562 bytes]","args":[{"selector":{"controlType":"sap.ui.core.Icon","viewName":"etm.portal.ui.manageyards.view.Master","viewId":"application-manageyards-display-component---masterYard","properties":{"src":{"regex":{"source":"add"}}}},"wdio_ui5_key":"etmportal.ui.manageyards.view.Mastersap.ui.core.Icon{\"src\":{\"regex\":{\"source\":\"add\"}}}"}]}
RESULT: {"script":"<script> [1562 bytes]","args":[{"selector":{"controlType":"sap.ui.core.Icon","viewName":"etm.portal.ui.manageyards.view.Master","viewId":"application-manageyards-display-component---masterYard","properties":{"src":{"regex":{"source":"add"}}}},"wdio_ui5_key":"etmportal.ui.manageyards.view.Mastersap.ui.core.Icon{\"src\":{\"regex\":{\"source\":\"add\"}}}"}]}
RESULT: undefined
COMMAND: POST /session/d7e4ce2bf424277d4594bf7056aa8e6c/element - {"using":"xpath","value":"//*[@id=\"__button4-img\"]"}
RESULT: {"using":"xpath","value":"//*[@id=\"__button4-img\"]"}
COMMAND: POST /session/d7e4ce2bf424277d4594bf7056aa8e6c/element/f.CBC60766CDC2EFD503EA998F31B181AA.d.9AC728E8B550BA2B0DEBBCFCA991C846.e.160/click - {}
RESULT: {}
COMMAND: GET /session/d7e4ce2bf424277d4594bf7056aa8e6c/screenshot - {}
RESULT: {}
COMMAND: POST /session/d7e4ce2bf424277d4594bf7056aa8e6c/execute/async - {"script":"<script> [1562 bytes]","args":[{"selector":{"id":"application-manageyards-display-component---NewYard--yardId","interaction":{"idSuffix":"inner"}},"wdio_ui5_key":"applicationmanageyards-display-component---NewYard--yardId"}]}
RESULT: {"script":"<script> [1562 bytes]","args":[{"selector":{"id":"application-manageyards-display-component---NewYard--yardId","interaction":{"idSuffix":"inner"}},"wdio_ui5_key":"applicationmanageyards-display-component---NewYard--yardId"}]}
RESULT: undefined
COMMAND: POST /session/d7e4ce2bf424277d4594bf7056aa8e6c/element - {"using":"xpath","value":"//*[@id=\"application-manageyards-display-component---NewYard--addressDetailDetailsName1-inner\"]"}
RESULT: {"using":"xpath","value":"//*[@id=\"application-manageyards-display-component---NewYard--addressDetailDetailsName1-inner\"]"}
COMMAND: POST /session/d7e4ce2bf424277d4594bf7056aa8e6c/element/f.CBC60766CDC2EFD503EA998F31B181AA.d.9AC728E8B550BA2B0DEBBCFCA991C846.e.375/clear - {}
RESULT: {}
COMMAND: POST /session/d7e4ce2bf424277d4594bf7056aa8e6c/element/f.CBC60766CDC2EFD503EA998F31B181AA.d.9AC728E8B550BA2B0DEBBCFCA991C846.e.375/value - {"text":"WebdriverYardwfm0t"}
COMMAND: GET /session/d7e4ce2bf424277d4594bf7056aa8e6c/screenshot - {}
RESULT: {"text":"WebdriverYardwfm0t"}
COMMAND: POST /session/d7e4ce2bf424277d4594bf7056aa8e6c/element - {"using":"xpath","value":"//*[@id=\"application-manageyards-display-component---NewYard--addressDetailDetailsLanguage-inner\"]"}
COMMAND: GET /session/d7e4ce2bf424277d4594bf7056aa8e6c/screenshot - {}
RESULT: {}
RESULT: {"using":"xpath","value":"//*[@id=\"application-manageyards-display-component---NewYard--addressDetailDetailsLanguage-inner\"]"}
COMMAND: POST /session/d7e4ce2bf424277d4594bf7056aa8e6c/element/f.CBC60766CDC2EFD503EA998F31B181AA.d.9AC728E8B550BA2B0DEBBCFCA991C846.e.376/clear - {}
RESULT: {}
RESULT: {}
COMMAND: POST /session/d7e4ce2bf424277d4594bf7056aa8e6c/element/f.CBC60766CDC2EFD503EA998F31B181AA.d.9AC728E8B550BA2B0DEBBCFCA991C846.e.376/value - {"text":"Romanian"}
COMMAND: GET /session/d7e4ce2bf424277d4594bf7056aa8e6c/screenshot - {}
RESULT: {"text":"Romanian"}
COMMAND: POST /session/d7e4ce2bf424277d4594bf7056aa8e6c/element - {"using":"xpath","value":"//input[contains(@id ,\"application-manageyards-display-component---NewYard--addressDetailDetailsName1-inner\")]"}
COMMAND: GET /session/d7e4ce2bf424277d4594bf7056aa8e6c/screenshot - {}
RESULT: {}
RESULT: {"using":"xpath","value":"//input[contains(@id ,\"application-manageyards-display-component---NewYard--addressDetailDetailsName1-inner\")]"}
COMMAND: GET /session/d7e4ce2bf424277d4594bf7056aa8e6c/element/f.CBC60766CDC2EFD503EA998F31B181AA.d.9AC728E8B550BA2B0DEBBCFCA991C846.e.375/property/value - {}
RESULT: {}
RESULT: {}
COMMAND: GET /session/d7e4ce2bf424277d4594bf7056aa8e6c/screenshot - {}
RESULT: {}
COMMAND: POST /session/d7e4ce2bf424277d4594bf7056aa8e6c/element - {"using":"xpath","value":"//*[@id=\"application-manageyards-display-component---NewYard--addressDetailDetailsCity1-inner\"]"}
RESULT: {"using":"xpath","value":"//*[@id=\"application-manageyards-display-component---NewYard--addressDetailDetailsCity1-inner\"]"}
COMMAND: POST /session/d7e4ce2bf424277d4594bf7056aa8e6c/element/f.CBC60766CDC2EFD503EA998F31B181AA.d.9AC728E8B550BA2B0DEBBCFCA991C846.e.378/clear - {}
RESULT: {}
COMMAND: POST /session/d7e4ce2bf424277d4594bf7056aa8e6c/element/f.CBC60766CDC2EFD503EA998F31B181AA.d.9AC728E8B550BA2B0DEBBCFCA991C846.e.378/value - {"text":"Bucuresti"}
COMMAND: GET /session/d7e4ce2bf424277d4594bf7056aa8e6c/screenshot - {}
RESULT: {"text":"Bucuresti"}
COMMAND: GET /session/d7e4ce2bf424277d4594bf7056aa8e6c/screenshot - {}
RESULT: {}
RESULT: {}
COMMAND: POST /session/d7e4ce2bf424277d4594bf7056aa8e6c/element - {"using":"xpath","value":"//*[@id=\"application-manageyards-display-component---NewYard--addressDetailDetailsCountry-inner\"]"}
RESULT: {"using":"xpath","value":"//*[@id=\"application-manageyards-display-component---NewYard--addressDetailDetailsCountry-inner\"]"}
COMMAND: POST /session/d7e4ce2bf424277d4594bf7056aa8e6c/element/f.CBC60766CDC2EFD503EA998F31B181AA.d.9AC728E8B550BA2B0DEBBCFCA991C846.e.382/clear - {}
RESULT: {}
COMMAND: POST /session/d7e4ce2bf424277d4594bf7056aa8e6c/element/f.CBC60766CDC2EFD503EA998F31B181AA.d.9AC728E8B550BA2B0DEBBCFCA991C846.e.382/value - {"text":"Romania"}
COMMAND: GET /session/d7e4ce2bf424277d4594bf7056aa8e6c/screenshot - {}
RESULT: {"text":"Romania"}
COMMAND: GET /session/d7e4ce2bf424277d4594bf7056aa8e6c/screenshot - {}
RESULT: {}
RESULT: {}
COMMAND: POST /session/d7e4ce2bf424277d4594bf7056aa8e6c/element - {"using":"xpath","value":"//div[contains(text(), \"Commercial\")]"}
RESULT: {"using":"xpath","value":"//div[contains(text(), \"Commercial\")]"}
COMMAND: GET /session/d7e4ce2bf424277d4594bf7056aa8e6c/element/f.CBC60766CDC2EFD503EA998F31B181AA.d.9AC728E8B550BA2B0DEBBCFCA991C846.e.571/rect - {}
RESULT: {}
COMMAND: GET /session/d7e4ce2bf424277d4594bf7056aa8e6c/window/rect - {}
RESULT: {}
COMMAND: POST /session/d7e4ce2bf424277d4594bf7056aa8e6c/execute/sync - {"script":"<script> [92 bytes]","args":[]}
RESULT: {"script":"<script> [92 bytes]","args":[]}
COMMAND: POST /session/d7e4ce2bf424277d4594bf7056aa8e6c/actions - {"actions":[{"id":"action1","type":"wheel","parameters":{},"actions":[{"type":"scroll","x":-1841,"y":-44,"deltaX":0,"deltaY":0,"duration":0,"origin":{"element-6066-11e4-a52e-4f735466cecf":"f.CBC60766CDC2EFD503EA998F31B181AA.d.9AC728E8B550BA2B0DEBBCFCA991C846.e.571"}}]}]}
COMMAND: GET /session/d7e4ce2bf424277d4594bf7056aa8e6c/screenshot - {}
RESULT: {}
COMMAND: POST /session/d7e4ce2bf424277d4594bf7056aa8e6c/execute/sync - {"script":"<script> [79 bytes]","args":[{"element-6066-11e4-a52e-4f735466cecf":"f.CBC60766CDC2EFD503EA998F31B181AA.d.9AC728E8B550BA2B0DEBBCFCA991C846.e.571","ELEMENT":"f.CBC60766CDC2EFD503EA998F31B181AA.d.9AC728E8B550BA2B0DEBBCFCA991C846.e.571"},{"block":"start","inline":"nearest"}]}
RESULT: {"script":"<script> [79 bytes]","args":[{"element-6066-11e4-a52e-4f735466cecf":"f.CBC60766CDC2EFD503EA998F31B181AA.d.9AC728E8B550BA2B0DEBBCFCA991C846.e.571","ELEMENT":"f.CBC60766CDC2EFD503EA998F31B181AA.d.9AC728E8B550BA2B0DEBBCFCA991C846.e.571"},{"block":"start","inline":"nearest"}]}
COMMAND: GET /session/d7e4ce2bf424277d4594bf7056aa8e6c/screenshot - {}
RESULT: {}
COMMAND: POST /session/d7e4ce2bf424277d4594bf7056aa8e6c/execute/async - {"script":"<script> [1562 bytes]","args":[{"selector":{"id":"application-manageyards-display-component---NewYard--addressEditDetailsCostObjectCstType-arrow"},"wdio_ui5_key":"applicationmanageyards-display-component---NewYard--addressEditDetailsCostObjectCstType-arrow"}]}
RESULT: {"script":"<script> [1562 bytes]","args":[{"selector":{"id":"application-manageyards-display-component---NewYard--addressEditDetailsCostObjectCstType-arrow"},"wdio_ui5_key":"applicationmanageyards-display-component---NewYard--addressEditDetailsCostObjectCstType-arrow"}]}
RESULT: undefined
COMMAND: POST /session/d7e4ce2bf424277d4594bf7056aa8e6c/element - {"using":"xpath","value":"//*[@id=\"application-manageyards-display-component---NewYard--addressEditDetailsCostObjectCstType-arrow\"]"}
RESULT: {"using":"xpath","value":"//*[@id=\"application-manageyards-display-component---NewYard--addressEditDetailsCostObjectCstType-arrow\"]"}
COMMAND: POST /session/d7e4ce2bf424277d4594bf7056aa8e6c/element/f.CBC60766CDC2EFD503EA998F31B181AA.d.9AC728E8B550BA2B0DEBBCFCA991C846.e.579/click - {}
RESULT: {}
COMMAND: POST /session/d7e4ce2bf424277d4594bf7056aa8e6c/element - {"using":"xpath","value":"//span[contains(text(), \"Cost Center\")]"}
COMMAND: GET /session/d7e4ce2bf424277d4594bf7056aa8e6c/screenshot - {}
RESULT: {"using":"xpath","value":"//span[contains(text(), \"Cost Center\")]"}
COMMAND: POST /session/d7e4ce2bf424277d4594bf7056aa8e6c/element/f.CBC60766CDC2EFD503EA998F31B181AA.d.9AC728E8B550BA2B0DEBBCFCA991C846.e.580/click - {}
RESULT: {}
RESULT: {}
COMMAND: GET /session/d7e4ce2bf424277d4594bf7056aa8e6c/screenshot - {}
RESULT: {}
COMMAND: POST /session/d7e4ce2bf424277d4594bf7056aa8e6c/execute/async - {"script":"<script> [1562 bytes]","args":[{"selector":{"id":"application-manageyards-display-component---NewYard--addressNewCostObjectCstID-vhi"},"wdio_ui5_key":"applicationmanageyards-display-component---NewYard--addressNewCostObjectCstID-vhi"}]}
RESULT: {"script":"<script> [1562 bytes]","args":[{"selector":{"id":"application-manageyards-display-component---NewYard--addressNewCostObjectCstID-vhi"},"wdio_ui5_key":"applicationmanageyards-display-component---NewYard--addressNewCostObjectCstID-vhi"}]}
RESULT: undefined
COMMAND: POST /session/d7e4ce2bf424277d4594bf7056aa8e6c/element - {"using":"xpath","value":"//*[@id=\"application-manageyards-display-component---NewYard--addressNewCostObjectCstID-vhi\"]"}
RESULT: {"using":"xpath","value":"//*[@id=\"application-manageyards-display-component---NewYard--addressNewCostObjectCstID-vhi\"]"}
COMMAND: POST /session/d7e4ce2bf424277d4594bf7056aa8e6c/element/f.CBC60766CDC2EFD503EA998F31B181AA.d.9AC728E8B550BA2B0DEBBCFCA991C846.e.584/click - {}
RESULT: {}
COMMAND: GET /session/d7e4ce2bf424277d4594bf7056aa8e6c/screenshot - {}
RESULT: {}
COMMAND: POST /session/d7e4ce2bf424277d4594bf7056aa8e6c/execute/async - {"script":"<script> [1562 bytes]","args":[{"selector":{"controlType":"sap.m.SearchField","properties":{"placeholder":"Search"},"searchOpenDialogs":true,"interaction":{"idSuffix":"I"}},"wdio_ui5_key":"sapm.SearchField{\"placeholder\":\"Search\"}"}]}
RESULT: {"script":"<script> [1562 bytes]","args":[{"selector":{"controlType":"sap.m.SearchField","properties":{"placeholder":"Search"},"searchOpenDialogs":true,"interaction":{"idSuffix":"I"}},"wdio_ui5_key":"sapm.SearchField{\"placeholder\":\"Search\"}"}]}
RESULT: undefined
COMMAND: POST /session/d7e4ce2bf424277d4594bf7056aa8e6c/execute/async - {"script":"<script> [776 bytes]","args":[{"enterText":"10001013","selector":{"controlType":"sap.m.SearchField","properties":{"placeholder":"Search"},"searchOpenDialogs":true,"interaction":{"idSuffix":"I"}},"clearTextFirst":true,"interactionType":"ENTER_TEXT"}]}
RESULT: {"script":"<script> [776 bytes]","args":[{"enterText":"10001013","selector":{"controlType":"sap.m.SearchField","properties":{"placeholder":"Search"},"searchOpenDialogs":true,"interaction":{"idSuffix":"I"}},"clearTextFirst":true,"interactionType":"ENTER_TEXT"}]}
COMMAND: POST /session/d7e4ce2bf424277d4594bf7056aa8e6c/actions - {"actions":[{"id":"action2","type":"key","parameters":{},"actions":[{"type":"keyDown","value":""},{"type":"pause","duration":10},{"type":"keyUp","value":""}]}]}
RESULT: {"actions":[{"id":"action2","type":"key","parameters":{},"actions":[{"type":"keyDown","value":""},{"type":"pause","duration":10},{"type":"keyUp","value":""}]}]}
COMMAND: GET /session/d7e4ce2bf424277d4594bf7056aa8e6c/screenshot - {}
RESULT: {}
COMMAND: POST /session/d7e4ce2bf424277d4594bf7056aa8e6c/element - {"using":"xpath","value":"//span[contains(text(), \"General Management\")]"}
RESULT: {"using":"xpath","value":"//span[contains(text(), \"General Management\")]"}
COMMAND: POST /session/d7e4ce2bf424277d4594bf7056aa8e6c/element/f.CBC60766CDC2EFD503EA998F31B181AA.d.9AC728E8B550BA2B0DEBBCFCA991C846.e.625/click - {}
RESULT: {}
COMMAND: GET /session/d7e4ce2bf424277d4594bf7056aa8e6c/screenshot - {}
RESULT: {}
COMMAND: POST /session/d7e4ce2bf424277d4594bf7056aa8e6c/element - {"using":"xpath","value":"//bdi[contains(text(), \"OK\")]"}
RESULT: {"using":"xpath","value":"//bdi[contains(text(), \"OK\")]"}
COMMAND: POST /session/d7e4ce2bf424277d4594bf7056aa8e6c/element/f.CBC60766CDC2EFD503EA998F31B181AA.d.9AC728E8B550BA2B0DEBBCFCA991C846.e.626/click - {}
RESULT: {}
COMMAND: GET /session/d7e4ce2bf424277d4594bf7056aa8e6c/screenshot - {}
RESULT: {}
COMMAND: POST /session/d7e4ce2bf424277d4594bf7056aa8e6c/execute/async - {"script":"<script> [1562 bytes]","args":[{"selector":{"controlType":"sap.m.Button","viewName":"etm.portal.ui.manageyards.view.New","viewId":"application-manageyards-display-component---NewYard","i18NText":{"propertyName":"text","key":"save"},"interaction":{"idSuffix":"inner"}},"wdio_ui5_key":"etmportal.ui.manageyards.view.Newsap.m.Button{\"propertyName\":\"text\",\"key\":\"save\"}"}]}
RESULT: {"script":"<script> [1562 bytes]","args":[{"selector":{"controlType":"sap.m.Button","viewName":"etm.portal.ui.manageyards.view.New","viewId":"application-manageyards-display-component---NewYard","i18NText":{"propertyName":"text","key":"save"},"interaction":{"idSuffix":"inner"}},"wdio_ui5_key":"etmportal.ui.manageyards.view.Newsap.m.Button{\"propertyName\":\"text\",\"key\":\"save\"}"}]}
RESULT: undefined
COMMAND: POST /session/d7e4ce2bf424277d4594bf7056aa8e6c/element - {"using":"xpath","value":"//*[@id=\"__button18\"]"}
RESULT: {"using":"xpath","value":"//*[@id=\"__button18\"]"}
COMMAND: POST /session/d7e4ce2bf424277d4594bf7056aa8e6c/element/f.CBC60766CDC2EFD503EA998F31B181AA.d.9AC728E8B550BA2B0DEBBCFCA991C846.e.535/click - {}
RESULT: {}
COMMAND: GET /session/d7e4ce2bf424277d4594bf7056aa8e6c/screenshot - {}
RESULT: {}
COMMAND: POST /session/d7e4ce2bf424277d4594bf7056aa8e6c/element - {"using":"xpath","value":"//header/div/div[2]/div[2]/span"}
RESULT: {"using":"xpath","value":"//header/div/div[2]/div[2]/span"}
COMMAND: GET /session/d7e4ce2bf424277d4594bf7056aa8e6c/element/f.CBC60766CDC2EFD503EA998F31B181AA.d.9AC728E8B550BA2B0DEBBCFCA991C846.e.823/text - {}
RESULT: {}
COMMAND: POST /session/d7e4ce2bf424277d4594bf7056aa8e6c/execute/async - {"script":"<script> [1562 bytes]","args":[{"selector":{"controlType":"sap.m.OverflowToolbarButton","viewName":"etm.portal.ui.manageyards.view.Detail","viewId":"application-manageyards-display-component---detailYard","i18NText":{"propertyName":"tooltip","key":"closeColumn"},"interaction":{"idSuffix":"inner"}},"wdio_ui5_key":"etmportal.ui.manageyards.view.Detailsap.m.OverflowToolbarButton{\"propertyName\":\"tooltip\",\"key\":\"closeColumn\"}"}]}
RESULT: {"script":"<script> [1562 bytes]","args":[{"selector":{"controlType":"sap.m.OverflowToolbarButton","viewName":"etm.portal.ui.manageyards.view.Detail","viewId":"application-manageyards-display-component---detailYard","i18NText":{"propertyName":"tooltip","key":"closeColumn"},"interaction":{"idSuffix":"inner"}},"wdio_ui5_key":"etmportal.ui.manageyards.view.Detailsap.m.OverflowToolbarButton{\"propertyName\":\"tooltip\",\"key\":\"closeColumn\"}"}]}
RESULT: undefined
COMMAND: POST /session/d7e4ce2bf424277d4594bf7056aa8e6c/element - {"using":"xpath","value":"//*[@id=\"__button42\"]"}
RESULT: {"using":"xpath","value":"//*[@id=\"__button42\"]"}
COMMAND: POST /session/d7e4ce2bf424277d4594bf7056aa8e6c/element/f.CBC60766CDC2EFD503EA998F31B181AA.d.9AC728E8B550BA2B0DEBBCFCA991C846.e.825/click - {}
RESULT: {}
COMMAND: GET /session/d7e4ce2bf424277d4594bf7056aa8e6c/screenshot - {}
RESULT: {}
COMMAND: POST /session/d7e4ce2bf424277d4594bf7056aa8e6c/element - {"using":"css selector","value":"#shell-header-logo"}
RESULT: {"using":"css selector","value":"#shell-header-logo"}
COMMAND: POST /session/d7e4ce2bf424277d4594bf7056aa8e6c/element/f.CBC60766CDC2EFD503EA998F31B181AA.d.9AC728E8B550BA2B0DEBBCFCA991C846.e.115/click - {}
RESULT: {}
COMMAND: GET /session/d7e4ce2bf424277d4594bf7056aa8e6c/screenshot - {}
RESULT: {}
COMMAND: POST /session/d7e4ce2bf424277d4594bf7056aa8e6c/refresh - {}
RESULT: {}
COMMAND: GET /session/d7e4ce2bf424277d4594bf7056aa8e6c/screenshot - {}
RESULT: {}
COMMAND: POST /session/d7e4ce2bf424277d4594bf7056aa8e6c/execute/async - {"script":"<script> [189 bytes]","args":[]}
RESULT: {"script":"<script> [189 bytes]","args":[]}
COMMAND: POST /session/d7e4ce2bf424277d4594bf7056aa8e6c/execute/async - {"script":"<script> [123 bytes]","args":[]}
RESULT: {"script":"<script> [123 bytes]","args":[]}
COMMAND: POST /session/d7e4ce2bf424277d4594bf7056aa8e6c/timeouts - {"script":"<number>"}
RESULT: {"script":"<number>"}
COMMAND: GET /session/d7e4ce2bf424277d4594bf7056aa8e6c/timeouts - {}
RESULT: {}
RESULT: undefined
COMMAND: POST /session/d7e4ce2bf424277d4594bf7056aa8e6c/execute/async - {"script":"<script> [2676 bytes]","args":[]}
RESULT: {"script":"<script> [2676 bytes]","args":[]}
COMMAND: POST /session/d7e4ce2bf424277d4594bf7056aa8e6c/execute/async - {"script":"<script> [2342 bytes]","args":[{"protocol":"http","hostname":"0.0.0.0","path":"/","capabilities":{"browserName":"chrome","goog:chromeOptions":{"binary":"C:\\Program Files\\Google\\Chrome\\Application\\chrome.exe","args":["--start-maximized"]}},"logLevel":"warn","connectionRetryTimeout":120000,"connectionRetryCount":3,"logLevels":{},"enableDirectConnect":true,"strictSSL":true,"_":"65 more keys: [\"cacheDir\",\"port\",\"requestedCapabilities\",\"automationProtocol\",\"baseUrl\",\"waitforInterval\",\"waitforTimeout\",\"onReload\",\"beforeCommand\",\"afterCommand\",\"rootDir\",\"specs\",\"suites\",\"exclude\",\"groupLogsByTestSpec\",\"excludeDriverLogs\",\"bail\",\"framework\",\"reporters\",\"services\",\"maxInstances\",\"maxInstancesPerCapability\",\"injectGlobals\",\"filesToWatch\",\"execArgv\",\"runnerEnv\",\"runner\",\"shard\",\"specFileRetries\",\"specFileRetriesDelay\",\"specFileRetriesDeferred\",\"reporterSyncInterval\",\"reporterSyncTimeout\",\"cucumberFeaturesWithLineNumbers\",\"autoCompileOpts\",\"mochaOpts\",\"jasmineOpts\",\"cucumberOpts\",\"onPrepare\",\"onWorkerStart\",\"onWorkerEnd\",\"before\",\"beforeSession\",\"beforeSuite\",\"beforeHook\",\"beforeTest\",\"afterTest\",\"afterHook\",\"afterSuite\",\"afterSession\",\"after\",\"onComplete\",\"beforeAssertion\",\"afterAssertion\",\"beforeFeature\",\"beforeScenario\",\"beforeStep\",\"afterStep\",\"afterScenario\",\"afterFeature\",\"_\",\"suite\",\"$0\",\"ignoredWorkerServices\",\"wdi5\"]"}]}
RESULT: {"script":"<script> [2342 bytes]","args":[{"protocol":"http","hostname":"0.0.0.0","path":"/","capabilities":{"browserName":"chrome","goog:chromeOptions":{"binary":"C:\\Program Files\\Google\\Chrome\\Application\\chrome.exe","args":["--start-maximized"]}},"logLevel":"warn","connectionRetryTimeout":120000,"connectionRetryCount":3,"logLevels":{},"enableDirectConnect":true,"strictSSL":true,"_":"65 more keys: [\"cacheDir\",\"port\",\"requestedCapabilities\",\"automationProtocol\",\"baseUrl\",\"waitforInterval\",\"waitforTimeout\",\"onReload\",\"beforeCommand\",\"afterCommand\",\"rootDir\",\"specs\",\"suites\",\"exclude\",\"groupLogsByTestSpec\",\"excludeDriverLogs\",\"bail\",\"framework\",\"reporters\",\"services\",\"maxInstances\",\"maxInstancesPerCapability\",\"injectGlobals\",\"filesToWatch\",\"execArgv\",\"runnerEnv\",\"runner\",\"shard\",\"specFileRetries\",\"specFileRetriesDelay\",\"specFileRetriesDeferred\",\"reporterSyncInterval\",\"reporterSyncTimeout\",\"cucumberFeaturesWithLineNumbers\",\"autoCompileOpts\",\"mochaOpts\",\"jasmineOpts\",\"cucumberOpts\",\"onPrepare\",\"onWorkerStart\",\"onWorkerEnd\",\"before\",\"beforeSession\",\"beforeSuite\",\"beforeHook\",\"beforeTest\",\"afterTest\",\"afterHook\",\"afterSuite\",\"afterSession\",\"after\",\"onComplete\",\"beforeAssertion\",\"afterAssertion\",\"beforeFeature\",\"beforeScenario\",\"beforeStep\",\"afterStep\",\"afterScenario\",\"afterFeature\",\"_\",\"suite\",\"$0\",\"ignoredWorkerServices\",\"wdi5\"]"}]}
COMMAND: POST /session/d7e4ce2bf424277d4594bf7056aa8e6c/execute/async - {"script":"<script> [21126 bytes]","args":[35000]}
RESULT: {"script":"<script> [21126 bytes]","args":[35000]}
COMMAND: POST /session/d7e4ce2bf424277d4594bf7056aa8e6c/execute/async - {"script":"<script> [1562 bytes]","args":[{"selector":{"controlType":"sap.m.GenericTile","properties":{"header":"Manage Partners"}},"wdio_ui5_key":"sapm.GenericTile{\"header\":\"Manage Partners\"}"}]}
RESULT: {"script":"<script> [1562 bytes]","args":[{"selector":{"controlType":"sap.m.GenericTile","properties":{"header":"Manage Partners"}},"wdio_ui5_key":"sapm.GenericTile{\"header\":\"Manage Partners\"}"}]}
RESULT: undefined
COMMAND: POST /session/d7e4ce2bf424277d4594bf7056aa8e6c/element - {"using":"xpath","value":"//*[@id=\"__tile38\"]"}
RESULT: {"using":"xpath","value":"//*[@id=\"__tile38\"]"}
COMMAND: POST /session/d7e4ce2bf424277d4594bf7056aa8e6c/element/f.CBC60766CDC2EFD503EA998F31B181AA.d.E6752DE32EF8B30305134A6914D9DFE2.e.1178/click - {}
RESULT: {}
COMMAND: GET /session/d7e4ce2bf424277d4594bf7056aa8e6c/screenshot - {}
RESULT: {}
COMMAND: POST /session/d7e4ce2bf424277d4594bf7056aa8e6c/elements - {"using":"xpath","value":"//span[text()='Error']"}
RESULT: {"using":"xpath","value":"//span[text()='Error']"}
COMMAND: POST /session/d7e4ce2bf424277d4594bf7056aa8e6c/execute/async - {"script":"<script> [1562 bytes]","args":[{"selector":{"controlType":"sap.ui.core.Icon","viewName":"etm.portal.ui.managepartners.view.Master","viewId":"application-managepartners-display-component---masterPtm","properties":{"src":{"regex":{"source":"add"}}}},"wdio_ui5_key":"etmportal.ui.managepartners.view.Mastersap.ui.core.Icon{\"src\":{\"regex\":{\"source\":\"add\"}}}"}]}
RESULT: {"script":"<script> [1562 bytes]","args":[{"selector":{"controlType":"sap.ui.core.Icon","viewName":"etm.portal.ui.managepartners.view.Master","viewId":"application-managepartners-display-component---masterPtm","properties":{"src":{"regex":{"source":"add"}}}},"wdio_ui5_key":"etmportal.ui.managepartners.view.Mastersap.ui.core.Icon{\"src\":{\"regex\":{\"source\":\"add\"}}}"}]}
RESULT: undefined
COMMAND: POST /session/d7e4ce2bf424277d4594bf7056aa8e6c/element - {"using":"xpath","value":"//*[@id=\"__button4-img\"]"}
RESULT: {"using":"xpath","value":"//*[@id=\"__button4-img\"]"}
COMMAND: POST /session/d7e4ce2bf424277d4594bf7056aa8e6c/element/f.CBC60766CDC2EFD503EA998F31B181AA.d.E6752DE32EF8B30305134A6914D9DFE2.e.1228/click - {}
RESULT: {}
COMMAND: GET /session/d7e4ce2bf424277d4594bf7056aa8e6c/screenshot - {}
RESULT: {}
COMMAND: POST /session/d7e4ce2bf424277d4594bf7056aa8e6c/execute/async - {"script":"<script> [1562 bytes]","args":[{"selector":{"id":"application-managepartners-display-component---NewPartner--partnerId","interaction":{"idSuffix":"inner"}},"wdio_ui5_key":"applicationmanagepartners-display-component---NewPartner--partnerId"}]}
RESULT: {"script":"<script> [1562 bytes]","args":[{"selector":{"id":"application-managepartners-display-component---NewPartner--partnerId","interaction":{"idSuffix":"inner"}},"wdio_ui5_key":"applicationmanagepartners-display-component---NewPartner--partnerId"}]}
RESULT: undefined
COMMAND: POST /session/d7e4ce2bf424277d4594bf7056aa8e6c/execute/async - {"script":"<script> [1562 bytes]","args":[{"selector":{"id":"application-managepartners-display-component---NewPartner--addressDetailDetailsName1","interaction":{"idSuffix":"inner"}},"wdio_ui5_key":"applicationmanagepartners-display-component---NewPartner--addressDetailDetailsName1"}]}
RESULT: {"script":"<script> [1562 bytes]","args":[{"selector":{"id":"application-managepartners-display-component---NewPartner--addressDetailDetailsName1","interaction":{"idSuffix":"inner"}},"wdio_ui5_key":"applicationmanagepartners-display-component---NewPartner--addressDetailDetailsName1"}]}
RESULT: undefined
COMMAND: POST /session/d7e4ce2bf424277d4594bf7056aa8e6c/execute/async - {"script":"<script> [776 bytes]","args":[{"enterText":"WebdriverPartnerhrr5o","selector":{"id":"application-managepartners-display-component---NewPartner--addressDetailDetailsName1","interaction":{"idSuffix":"inner"}},"clearTextFirst":true,"interactionType":"ENTER_TEXT"}]}
RESULT: {"script":"<script> [776 bytes]","args":[{"enterText":"WebdriverPartnerhrr5o","selector":{"id":"application-managepartners-display-component---NewPartner--addressDetailDetailsName1","interaction":{"idSuffix":"inner"}},"clearTextFirst":true,"interactionType":"ENTER_TEXT"}]}
COMMAND: POST /session/d7e4ce2bf424277d4594bf7056aa8e6c/execute/async - {"script":"<script> [1562 bytes]","args":[{"selector":{"id":"application-managepartners-display-component---NewPartner--addressDetailDetailsLanguage","interaction":{"idSuffix":"inner"}},"wdio_ui5_key":"applicationmanagepartners-display-component---NewPartner--addressDetailDetailsLanguage"}]}
RESULT: {"script":"<script> [1562 bytes]","args":[{"selector":{"id":"application-managepartners-display-component---NewPartner--addressDetailDetailsLanguage","interaction":{"idSuffix":"inner"}},"wdio_ui5_key":"applicationmanagepartners-display-component---NewPartner--addressDetailDetailsLanguage"}]}
RESULT: undefined
COMMAND: POST /session/d7e4ce2bf424277d4594bf7056aa8e6c/execute/async - {"script":"<script> [776 bytes]","args":[{"enterText":"Romanian","selector":{"id":"application-managepartners-display-component---NewPartner--addressDetailDetailsLanguage","interaction":{"idSuffix":"inner"}},"clearTextFirst":true,"interactionType":"ENTER_TEXT"}]}
RESULT: {"script":"<script> [776 bytes]","args":[{"enterText":"Romanian","selector":{"id":"application-managepartners-display-component---NewPartner--addressDetailDetailsLanguage","interaction":{"idSuffix":"inner"}},"clearTextFirst":true,"interactionType":"ENTER_TEXT"}]}
COMMAND: POST /session/d7e4ce2bf424277d4594bf7056aa8e6c/element - {"using":"xpath","value":"//input[contains(@id ,\"application-managepartners-display-component---NewPartner--addressDetailDetailsName1-inner\")]"}
RESULT: {"using":"xpath","value":"//input[contains(@id ,\"application-managepartners-display-component---NewPartner--addressDetailDetailsName1-inner\")]"}
COMMAND: GET /session/d7e4ce2bf424277d4594bf7056aa8e6c/element/f.CBC60766CDC2EFD503EA998F31B181AA.d.E6752DE32EF8B30305134A6914D9DFE2.e.1400/property/value - {}
RESULT: {}
COMMAND: POST /session/d7e4ce2bf424277d4594bf7056aa8e6c/execute/async - {"script":"<script> [1562 bytes]","args":[{"selector":{"id":"application-managepartners-display-component---NewPartner--addressDetailDetailsCity1","interaction":{"idSuffix":"inner"}},"wdio_ui5_key":"applicationmanagepartners-display-component---NewPartner--addressDetailDetailsCity1"}]}
COMMAND: GET /session/d7e4ce2bf424277d4594bf7056aa8e6c/screenshot - {}
RESULT: {"script":"<script> [1562 bytes]","args":[{"selector":{"id":"application-managepartners-display-component---NewPartner--addressDetailDetailsCity1","interaction":{"idSuffix":"inner"}},"wdio_ui5_key":"applicationmanagepartners-display-component---NewPartner--addressDetailDetailsCity1"}]}
RESULT: undefined
COMMAND: POST /session/d7e4ce2bf424277d4594bf7056aa8e6c/execute/async - {"script":"<script> [776 bytes]","args":[{"enterText":"Bucharest","selector":{"id":"application-managepartners-display-component---NewPartner--addressDetailDetailsCity1","interaction":{"idSuffix":"inner"}},"clearTextFirst":true,"interactionType":"ENTER_TEXT"}]}
RESULT: {}
RESULT: {"script":"<script> [776 bytes]","args":[{"enterText":"Bucharest","selector":{"id":"application-managepartners-display-component---NewPartner--addressDetailDetailsCity1","interaction":{"idSuffix":"inner"}},"clearTextFirst":true,"interactionType":"ENTER_TEXT"}]}
COMMAND: POST /session/d7e4ce2bf424277d4594bf7056aa8e6c/execute/async - {"script":"<script> [1562 bytes]","args":[{"selector":{"id":"application-managepartners-display-component---NewPartner--addressDetailDetailsCountry","interaction":{"idSuffix":"inner"}},"wdio_ui5_key":"applicationmanagepartners-display-component---NewPartner--addressDetailDetailsCountry"}]}
RESULT: {"script":"<script> [1562 bytes]","args":[{"selector":{"id":"application-managepartners-display-component---NewPartner--addressDetailDetailsCountry","interaction":{"idSuffix":"inner"}},"wdio_ui5_key":"applicationmanagepartners-display-component---NewPartner--addressDetailDetailsCountry"}]}
RESULT: undefined
COMMAND: POST /session/d7e4ce2bf424277d4594bf7056aa8e6c/execute/async - {"script":"<script> [6424 bytes]","args":[{"element-6066-11e4-a52e-4f735466cecf":"f.CBC60766CDC2EFD503EA998F31B181AA.d.E6752DE32EF8B30305134A6914D9DFE2.e.1407"},"setValue",["Romania"]]}
RESULT: {"script":"<script> [6424 bytes]","args":[{"element-6066-11e4-a52e-4f735466cecf":"f.CBC60766CDC2EFD503EA998F31B181AA.d.E6752DE32EF8B30305134A6914D9DFE2.e.1407"},"setValue",["Romania"]]}
COMMAND: POST /session/d7e4ce2bf424277d4594bf7056aa8e6c/execute/async - {"script":"<script> [1562 bytes]","args":[{"selector":{"id":"application-managepartners-display-component---NewPartner--partnerDetailInternal","interaction":{"idSuffix":"inner"}},"wdio_ui5_key":"applicationmanagepartners-display-component---NewPartner--partnerDetailInternal"}]}
RESULT: {"script":"<script> [1562 bytes]","args":[{"selector":{"id":"application-managepartners-display-component---NewPartner--partnerDetailInternal","interaction":{"idSuffix":"inner"}},"wdio_ui5_key":"applicationmanagepartners-display-component---NewPartner--partnerDetailInternal"}]}
RESULT: undefined
COMMAND: POST /session/d7e4ce2bf424277d4594bf7056aa8e6c/execute/async - {"script":"<script> [776 bytes]","args":[{"enterText":"External partner","selector":{"id":"application-managepartners-display-component---NewPartner--partnerDetailInternal","interaction":{"idSuffix":"inner"}},"clearTextFirst":true,"interactionType":"ENTER_TEXT"}]}
RESULT: {"script":"<script> [776 bytes]","args":[{"enterText":"External partner","selector":{"id":"application-managepartners-display-component---NewPartner--partnerDetailInternal","interaction":{"idSuffix":"inner"}},"clearTextFirst":true,"interactionType":"ENTER_TEXT"}]}
COMMAND: POST /session/d7e4ce2bf424277d4594bf7056aa8e6c/execute/async - {"script":"<script> [1562 bytes]","args":[{"selector":{"id":"application-managepartners-display-component---NewPartner--partnerDetailsCurrency","interaction":{"idSuffix":"inner"}},"wdio_ui5_key":"applicationmanagepartners-display-component---NewPartner--partnerDetailsCurrency"}]}
RESULT: {"script":"<script> [1562 bytes]","args":[{"selector":{"id":"application-managepartners-display-component---NewPartner--partnerDetailsCurrency","interaction":{"idSuffix":"inner"}},"wdio_ui5_key":"applicationmanagepartners-display-component---NewPartner--partnerDetailsCurrency"}]}
RESULT: undefined
COMMAND: POST /session/d7e4ce2bf424277d4594bf7056aa8e6c/execute/async - {"script":"<script> [776 bytes]","args":[{"enterText":"Euro","selector":{"id":"application-managepartners-display-component---NewPartner--partnerDetailsCurrency","interaction":{"idSuffix":"inner"}},"clearTextFirst":true,"interactionType":"ENTER_TEXT"}]}
RESULT: {"script":"<script> [776 bytes]","args":[{"enterText":"Euro","selector":{"id":"application-managepartners-display-component---NewPartner--partnerDetailsCurrency","interaction":{"idSuffix":"inner"}},"clearTextFirst":true,"interactionType":"ENTER_TEXT"}]}
COMMAND: POST /session/d7e4ce2bf424277d4594bf7056aa8e6c/execute/async - {"script":"<script> [1562 bytes]","args":[{"selector":{"controlType":"sap.m.Button","viewName":"etm.portal.ui.managepartners.view.NewPartner","viewId":"application-managepartners-display-component---NewPartner","properties":{"text":"Commercial"},"interaction":{"idSuffix":"BDI-content"}},"wdio_ui5_key":"etmportal.ui.managepartners.view.NewPartnersap.m.Button{\"text\":\"Commercial\"}"}]}
RESULT: {"script":"<script> [1562 bytes]","args":[{"selector":{"controlType":"sap.m.Button","viewName":"etm.portal.ui.managepartners.view.NewPartner","viewId":"application-managepartners-display-component---NewPartner","properties":{"text":"Commercial"},"interaction":{"idSuffix":"BDI-content"}},"wdio_ui5_key":"etmportal.ui.managepartners.view.NewPartnersap.m.Button{\"text\":\"Commercial\"}"}]}
RESULT: undefined
COMMAND: POST /session/d7e4ce2bf424277d4594bf7056aa8e6c/element - {"using":"xpath","value":"//*[@id=\"application-managepartners-display-component---NewPartner--ObjectPageLayout-anchBar-__section5-anchor\"]"}
RESULT: {"using":"xpath","value":"//*[@id=\"application-managepartners-display-component---NewPartner--ObjectPageLayout-anchBar-__section5-anchor\"]"}
COMMAND: POST /session/d7e4ce2bf424277d4594bf7056aa8e6c/element/f.CBC60766CDC2EFD503EA998F31B181AA.d.E6752DE32EF8B30305134A6914D9DFE2.e.1653/click - {}
RESULT: {}
COMMAND: GET /session/d7e4ce2bf424277d4594bf7056aa8e6c/screenshot - {}
RESULT: {}
COMMAND: POST /session/d7e4ce2bf424277d4594bf7056aa8e6c/execute/async - {"script":"<script> [1562 bytes]","args":[{"selector":{"id":"application-managepartners-display-component---NewPartner--btnAddTableRow-img"},"wdio_ui5_key":"applicationmanagepartners-display-component---NewPartner--btnAddTableRow-img"}]}
RESULT: {"script":"<script> [1562 bytes]","args":[{"selector":{"id":"application-managepartners-display-component---NewPartner--btnAddTableRow-img"},"wdio_ui5_key":"applicationmanagepartners-display-component---NewPartner--btnAddTableRow-img"}]}
RESULT: undefined
COMMAND: POST /session/d7e4ce2bf424277d4594bf7056aa8e6c/element - {"using":"xpath","value":"//*[@id=\"application-managepartners-display-component---NewPartner--btnAddTableRow-img\"]"}
RESULT: {"using":"xpath","value":"//*[@id=\"application-managepartners-display-component---NewPartner--btnAddTableRow-img\"]"}
COMMAND: POST /session/d7e4ce2bf424277d4594bf7056aa8e6c/element/f.CBC60766CDC2EFD503EA998F31B181AA.d.E6752DE32EF8B30305134A6914D9DFE2.e.1659/click - {}
RESULT: {}
COMMAND: POST /session/d7e4ce2bf424277d4594bf7056aa8e6c/element - {"using":"xpath","value":"//input[contains(@id ,\"application-managepartners-display-component---NewPartner--assignmentYard-application-managepartners-display-component---NewPartner\")]"}
COMMAND: GET /session/d7e4ce2bf424277d4594bf7056aa8e6c/screenshot - {}
RESULT: {"using":"xpath","value":"//input[contains(@id ,\"application-managepartners-display-component---NewPartner--assignmentYard-application-managepartners-display-component---NewPartner\")]"}
COMMAND: POST /session/d7e4ce2bf424277d4594bf7056aa8e6c/element/f.CBC60766CDC2EFD503EA998F31B181AA.d.E6752DE32EF8B30305134A6914D9DFE2.e.1662/clear - {}
RESULT: {}
RESULT: {}
COMMAND: POST /session/d7e4ce2bf424277d4594bf7056aa8e6c/element/f.CBC60766CDC2EFD503EA998F31B181AA.d.E6752DE32EF8B30305134A6914D9DFE2.e.1662/value - {"text":"WebdriverYardwfm0t"}
COMMAND: GET /session/d7e4ce2bf424277d4594bf7056aa8e6c/screenshot - {}
RESULT: {"text":"WebdriverYardwfm0t"}
COMMAND: GET /session/d7e4ce2bf424277d4594bf7056aa8e6c/screenshot - {}
RESULT: {}
RESULT: {}
COMMAND: POST /session/d7e4ce2bf424277d4594bf7056aa8e6c/execute/async - {"script":"<script> [1562 bytes]","args":[{"selector":{"controlType":"sap.m.Button","viewName":"etm.portal.ui.managepartners.view.NewPartner","viewId":"application-managepartners-display-component---NewPartner","i18NText":{"propertyName":"text","key":"save"},"interaction":{"idSuffix":"BDI-content"}},"wdio_ui5_key":"etmportal.ui.managepartners.view.NewPartnersap.m.Button{\"propertyName\":\"text\",\"key\":\"save\"}"}]}
RESULT: {"script":"<script> [1562 bytes]","args":[{"selector":{"controlType":"sap.m.Button","viewName":"etm.portal.ui.managepartners.view.NewPartner","viewId":"application-managepartners-display-component---NewPartner","i18NText":{"propertyName":"text","key":"save"},"interaction":{"idSuffix":"BDI-content"}},"wdio_ui5_key":"etmportal.ui.managepartners.view.NewPartnersap.m.Button{\"propertyName\":\"text\",\"key\":\"save\"}"}]}
RESULT: undefined
COMMAND: POST /session/d7e4ce2bf424277d4594bf7056aa8e6c/element - {"using":"xpath","value":"//*[@id=\"__button12\"]"}
RESULT: {"using":"xpath","value":"//*[@id=\"__button12\"]"}
COMMAND: POST /session/d7e4ce2bf424277d4594bf7056aa8e6c/element/f.CBC60766CDC2EFD503EA998F31B181AA.d.E6752DE32EF8B30305134A6914D9DFE2.e.1631/click - {}
RESULT: {}
COMMAND: GET /session/d7e4ce2bf424277d4594bf7056aa8e6c/screenshot - {}
RESULT: {}
COMMAND: POST /session/d7e4ce2bf424277d4594bf7056aa8e6c/element - {"using":"xpath","value":"//header/div/div[2]/div[2]/span"}
RESULT: {"using":"xpath","value":"//header/div/div[2]/div[2]/span"}
COMMAND: GET /session/d7e4ce2bf424277d4594bf7056aa8e6c/element/f.CBC60766CDC2EFD503EA998F31B181AA.d.E6752DE32EF8B30305134A6914D9DFE2.e.1836/text - {}
RESULT: {}
COMMAND: POST /session/d7e4ce2bf424277d4594bf7056aa8e6c/element - {"using":"xpath","value":"//header/div/div/div/div/div/div[2]/div/span"}
RESULT: {"using":"xpath","value":"//header/div/div/div/div/div/div[2]/div/span"}
COMMAND: GET /session/d7e4ce2bf424277d4594bf7056aa8e6c/element/f.CBC60766CDC2EFD503EA998F31B181AA.d.E6752DE32EF8B30305134A6914D9DFE2.e.1837/text - {}
RESULT: {}
COMMAND: POST /session/d7e4ce2bf424277d4594bf7056aa8e6c/execute/async - {"script":"<script> [1562 bytes]","args":[{"selector":{"id":"application-managepartners-display-component---detailPtm--partnerType"},"wdio_ui5_key":"applicationmanagepartners-display-component---detailPtm--partnerType"}]}
RESULT: {"script":"<script> [1562 bytes]","args":[{"selector":{"id":"application-managepartners-display-component---detailPtm--partnerType"},"wdio_ui5_key":"applicationmanagepartners-display-component---detailPtm--partnerType"}]}
RESULT: undefined
COMMAND: POST /session/d7e4ce2bf424277d4594bf7056aa8e6c/execute/async - {"script":"<script> [6424 bytes]","args":[{"element-6066-11e4-a52e-4f735466cecf":"f.CBC60766CDC2EFD503EA998F31B181AA.d.E6752DE32EF8B30305134A6914D9DFE2.e.1838"},"getText",[]]}
RESULT: {"script":"<script> [6424 bytes]","args":[{"element-6066-11e4-a52e-4f735466cecf":"f.CBC60766CDC2EFD503EA998F31B181AA.d.E6752DE32EF8B30305134A6914D9DFE2.e.1838"},"getText",[]]}
COMMAND: POST /session/d7e4ce2bf424277d4594bf7056aa8e6c/element - {"using":"css selector","value":"#shell-header-logo"}
RESULT: {"using":"css selector","value":"#shell-header-logo"}
COMMAND: POST /session/d7e4ce2bf424277d4594bf7056aa8e6c/element/f.CBC60766CDC2EFD503EA998F31B181AA.d.E6752DE32EF8B30305134A6914D9DFE2.e.1180/click - {}
RESULT: {}
COMMAND: GET /session/d7e4ce2bf424277d4594bf7056aa8e6c/screenshot - {}
RESULT: {}
COMMAND: POST /session/d7e4ce2bf424277d4594bf7056aa8e6c/execute/async - {"script":"<script> [1562 bytes]","args":[{"selector":{"controlType":"sap.m.GenericTile","properties":{"header":"Manage Sites"}},"wdio_ui5_key":"sapm.GenericTile{\"header\":\"Manage Sites\"}"}]}
RESULT: {"script":"<script> [1562 bytes]","args":[{"selector":{"controlType":"sap.m.GenericTile","properties":{"header":"Manage Sites"}},"wdio_ui5_key":"sapm.GenericTile{\"header\":\"Manage Sites\"}"}]}
RESULT: undefined
COMMAND: POST /session/d7e4ce2bf424277d4594bf7056aa8e6c/element - {"using":"xpath","value":"//*[@id=\"__tile40\"]"}
RESULT: {"using":"xpath","value":"//*[@id=\"__tile40\"]"}
COMMAND: POST /session/d7e4ce2bf424277d4594bf7056aa8e6c/element/f.CBC60766CDC2EFD503EA998F31B181AA.d.E6752DE32EF8B30305134A6914D9DFE2.e.1840/click - {}
RESULT: {}
COMMAND: GET /session/d7e4ce2bf424277d4594bf7056aa8e6c/screenshot - {}
RESULT: {}
COMMAND: POST /session/d7e4ce2bf424277d4594bf7056aa8e6c/elements - {"using":"xpath","value":"//span[text()='Error']"}
RESULT: {"using":"xpath","value":"//span[text()='Error']"}
COMMAND: POST /session/d7e4ce2bf424277d4594bf7056aa8e6c/execute/async - {"script":"<script> [1562 bytes]","args":[{"selector":{"controlType":"sap.ui.core.Icon","viewName":"etm.portal.ui.managesites.view.Master","viewId":"application-managesites-display-component---masterSite","properties":{"src":{"regex":{"source":"add"}}}},"wdio_ui5_key":"etmportal.ui.managesites.view.Mastersap.ui.core.Icon{\"src\":{\"regex\":{\"source\":\"add\"}}}"}]}
RESULT: {"script":"<script> [1562 bytes]","args":[{"selector":{"controlType":"sap.ui.core.Icon","viewName":"etm.portal.ui.managesites.view.Master","viewId":"application-managesites-display-component---masterSite","properties":{"src":{"regex":{"source":"add"}}}},"wdio_ui5_key":"etmportal.ui.managesites.view.Mastersap.ui.core.Icon{\"src\":{\"regex\":{\"source\":\"add\"}}}"}]}
RESULT: undefined
COMMAND: POST /session/d7e4ce2bf424277d4594bf7056aa8e6c/element - {"using":"xpath","value":"//*[@id=\"__button52-img\"]"}
RESULT: {"using":"xpath","value":"//*[@id=\"__button52-img\"]"}
COMMAND: POST /session/d7e4ce2bf424277d4594bf7056aa8e6c/element/f.CBC60766CDC2EFD503EA998F31B181AA.d.E6752DE32EF8B30305134A6914D9DFE2.e.1890/click - {}
RESULT: {}
COMMAND: POST /session/d7e4ce2bf424277d4594bf7056aa8e6c/execute/async - {"script":"<script> [1562 bytes]","args":[{"selector":{"id":"application-managesites-display-component---NewSite--siteId","interaction":{"idSuffix":"inner"}},"wdio_ui5_key":"applicationmanagesites-display-component---NewSite--siteId"}]}
COMMAND: GET /session/d7e4ce2bf424277d4594bf7056aa8e6c/screenshot - {}
RESULT: {"script":"<script> [1562 bytes]","args":[{"selector":{"id":"application-managesites-display-component---NewSite--siteId","interaction":{"idSuffix":"inner"}},"wdio_ui5_key":"applicationmanagesites-display-component---NewSite--siteId"}]}
RESULT: undefined
COMMAND: POST /session/d7e4ce2bf424277d4594bf7056aa8e6c/execute/async - {"script":"<script> [1562 bytes]","args":[{"selector":{"id":"application-managesites-display-component---NewSite--addressDetailDetailsName1","interaction":{"idSuffix":"inner"}},"wdio_ui5_key":"applicationmanagesites-display-component---NewSite--addressDetailDetailsName1"}]}
RESULT: {}
RESULT: {"script":"<script> [1562 bytes]","args":[{"selector":{"id":"application-managesites-display-component---NewSite--addressDetailDetailsName1","interaction":{"idSuffix":"inner"}},"wdio_ui5_key":"applicationmanagesites-display-component---NewSite--addressDetailDetailsName1"}]}
RESULT: undefined
COMMAND: POST /session/d7e4ce2bf424277d4594bf7056aa8e6c/execute/async - {"script":"<script> [776 bytes]","args":[{"enterText":"WebdriverSiteorgq5","selector":{"id":"application-managesites-display-component---NewSite--addressDetailDetailsName1","interaction":{"idSuffix":"inner"}},"clearTextFirst":true,"interactionType":"ENTER_TEXT"}]}
RESULT: {"script":"<script> [776 bytes]","args":[{"enterText":"WebdriverSiteorgq5","selector":{"id":"application-managesites-display-component---NewSite--addressDetailDetailsName1","interaction":{"idSuffix":"inner"}},"clearTextFirst":true,"interactionType":"ENTER_TEXT"}]}
COMMAND: POST /session/d7e4ce2bf424277d4594bf7056aa8e6c/execute/async - {"script":"<script> [1562 bytes]","args":[{"selector":{"id":"application-managesites-display-component---NewSite--addressDetailDetailsLanguage","interaction":{"idSuffix":"inner"}},"wdio_ui5_key":"applicationmanagesites-display-component---NewSite--addressDetailDetailsLanguage"}]}
RESULT: {"script":"<script> [1562 bytes]","args":[{"selector":{"id":"application-managesites-display-component---NewSite--addressDetailDetailsLanguage","interaction":{"idSuffix":"inner"}},"wdio_ui5_key":"applicationmanagesites-display-component---NewSite--addressDetailDetailsLanguage"}]}
RESULT: undefined
COMMAND: POST /session/d7e4ce2bf424277d4594bf7056aa8e6c/execute/async - {"script":"<script> [776 bytes]","args":[{"enterText":"Romanian","selector":{"id":"application-managesites-display-component---NewSite--addressDetailDetailsLanguage","interaction":{"idSuffix":"inner"}},"clearTextFirst":true,"interactionType":"ENTER_TEXT"}]}
RESULT: {"script":"<script> [776 bytes]","args":[{"enterText":"Romanian","selector":{"id":"application-managesites-display-component---NewSite--addressDetailDetailsLanguage","interaction":{"idSuffix":"inner"}},"clearTextFirst":true,"interactionType":"ENTER_TEXT"}]}
COMMAND: POST /session/d7e4ce2bf424277d4594bf7056aa8e6c/execute/async - {"script":"<script> [1562 bytes]","args":[{"selector":{"id":"application-managesites-display-component---NewSite--addressDetailDetailsCity1","interaction":{"idSuffix":"inner"}},"wdio_ui5_key":"applicationmanagesites-display-component---NewSite--addressDetailDetailsCity1"}]}
RESULT: {"script":"<script> [1562 bytes]","args":[{"selector":{"id":"application-managesites-display-component---NewSite--addressDetailDetailsCity1","interaction":{"idSuffix":"inner"}},"wdio_ui5_key":"applicationmanagesites-display-component---NewSite--addressDetailDetailsCity1"}]}
RESULT: undefined
COMMAND: POST /session/d7e4ce2bf424277d4594bf7056aa8e6c/execute/async - {"script":"<script> [776 bytes]","args":[{"enterText":"Bucharest","selector":{"id":"application-managesites-display-component---NewSite--addressDetailDetailsCity1","interaction":{"idSuffix":"inner"}},"clearTextFirst":true,"interactionType":"ENTER_TEXT"}]}
RESULT: {"script":"<script> [776 bytes]","args":[{"enterText":"Bucharest","selector":{"id":"application-managesites-display-component---NewSite--addressDetailDetailsCity1","interaction":{"idSuffix":"inner"}},"clearTextFirst":true,"interactionType":"ENTER_TEXT"}]}
COMMAND: POST /session/d7e4ce2bf424277d4594bf7056aa8e6c/execute/async - {"script":"<script> [1562 bytes]","args":[{"selector":{"id":"application-managesites-display-component---NewSite--addressDetailDetailsCountry","interaction":{"idSuffix":"inner"}},"wdio_ui5_key":"applicationmanagesites-display-component---NewSite--addressDetailDetailsCountry"}]}
RESULT: {"script":"<script> [1562 bytes]","args":[{"selector":{"id":"application-managesites-display-component---NewSite--addressDetailDetailsCountry","interaction":{"idSuffix":"inner"}},"wdio_ui5_key":"applicationmanagesites-display-component---NewSite--addressDetailDetailsCountry"}]}
RESULT: undefined
COMMAND: POST /session/d7e4ce2bf424277d4594bf7056aa8e6c/execute/async - {"script":"<script> [776 bytes]","args":[{"enterText":"Romania","selector":{"id":"application-managesites-display-component---NewSite--addressDetailDetailsCountry","interaction":{"idSuffix":"inner"}},"clearTextFirst":true,"interactionType":"ENTER_TEXT"}]}
RESULT: {"script":"<script> [776 bytes]","args":[{"enterText":"Romania","selector":{"id":"application-managesites-display-component---NewSite--addressDetailDetailsCountry","interaction":{"idSuffix":"inner"}},"clearTextFirst":true,"interactionType":"ENTER_TEXT"}]}
COMMAND: POST /session/d7e4ce2bf424277d4594bf7056aa8e6c/element - {"using":"css selector","value":"#application-managesites-display-component---NewSite--addressDetailDetailsCalendar-inner"}
RESULT: {"using":"css selector","value":"#application-managesites-display-component---NewSite--addressDetailDetailsCalendar-inner"}
COMMAND: POST /session/d7e4ce2bf424277d4594bf7056aa8e6c/element/f.CBC60766CDC2EFD503EA998F31B181AA.d.E6752DE32EF8B30305134A6914D9DFE2.e.2296/clear - {}
RESULT: {}
COMMAND: POST /session/d7e4ce2bf424277d4594bf7056aa8e6c/element/f.CBC60766CDC2EFD503EA998F31B181AA.d.E6752DE32EF8B30305134A6914D9DFE2.e.2296/value - {"text":"Germany"}
COMMAND: GET /session/d7e4ce2bf424277d4594bf7056aa8e6c/screenshot - {}
RESULT: {"text":"Germany"}
COMMAND: POST /session/d7e4ce2bf424277d4594bf7056aa8e6c/execute/async - {"script":"<script> [1562 bytes]","args":[{"selector":{"id":"application-managesites-display-component---NewSite--addressEditDetailsCostObjectCstType-arrow"},"wdio_ui5_key":"applicationmanagesites-display-component---NewSite--addressEditDetailsCostObjectCstType-arrow"}]}
COMMAND: GET /session/d7e4ce2bf424277d4594bf7056aa8e6c/screenshot - {}
RESULT: {}
RESULT: {"script":"<script> [1562 bytes]","args":[{"selector":{"id":"application-managesites-display-component---NewSite--addressEditDetailsCostObjectCstType-arrow"},"wdio_ui5_key":"applicationmanagesites-display-component---NewSite--addressEditDetailsCostObjectCstType-arrow"}]}
RESULT: undefined
COMMAND: POST /session/d7e4ce2bf424277d4594bf7056aa8e6c/element - {"using":"xpath","value":"//*[@id=\"application-managesites-display-component---NewSite--addressEditDetailsCostObjectCstType-arrow\"]"}
RESULT: {}
RESULT: {"using":"xpath","value":"//*[@id=\"application-managesites-display-component---NewSite--addressEditDetailsCostObjectCstType-arrow\"]"}
COMMAND: POST /session/d7e4ce2bf424277d4594bf7056aa8e6c/element/f.CBC60766CDC2EFD503EA998F31B181AA.d.E6752DE32EF8B30305134A6914D9DFE2.e.2459/click - {}
RESULT: {}
COMMAND: POST /session/d7e4ce2bf424277d4594bf7056aa8e6c/element - {"using":"xpath","value":"//span[contains(text(), \"Work Breakdown Structure\")]"}
COMMAND: GET /session/d7e4ce2bf424277d4594bf7056aa8e6c/screenshot - {}
RESULT: {"using":"xpath","value":"//span[contains(text(), \"Work Breakdown Structure\")]"}
COMMAND: POST /session/d7e4ce2bf424277d4594bf7056aa8e6c/element/f.CBC60766CDC2EFD503EA998F31B181AA.d.E6752DE32EF8B30305134A6914D9DFE2.e.2460/click - {}
RESULT: {}
RESULT: {}
COMMAND: GET /session/d7e4ce2bf424277d4594bf7056aa8e6c/screenshot - {}
RESULT: {}
COMMAND: POST /session/d7e4ce2bf424277d4594bf7056aa8e6c/execute/async - {"script":"<script> [1562 bytes]","args":[{"selector":{"id":"application-managesites-display-component---NewSite--addressNewCostObjectCstID-vhi"},"wdio_ui5_key":"applicationmanagesites-display-component---NewSite--addressNewCostObjectCstID-vhi"}]}
RESULT: {"script":"<script> [1562 bytes]","args":[{"selector":{"id":"application-managesites-display-component---NewSite--addressNewCostObjectCstID-vhi"},"wdio_ui5_key":"applicationmanagesites-display-component---NewSite--addressNewCostObjectCstID-vhi"}]}
RESULT: undefined
COMMAND: POST /session/d7e4ce2bf424277d4594bf7056aa8e6c/element - {"using":"xpath","value":"//*[@id=\"application-managesites-display-component---NewSite--addressNewCostObjectCstID-vhi\"]"}
RESULT: {"using":"xpath","value":"//*[@id=\"application-managesites-display-component---NewSite--addressNewCostObjectCstID-vhi\"]"}
COMMAND: POST /session/d7e4ce2bf424277d4594bf7056aa8e6c/element/f.CBC60766CDC2EFD503EA998F31B181AA.d.E6752DE32EF8B30305134A6914D9DFE2.e.2464/click - {}
RESULT: {}
COMMAND: GET /session/d7e4ce2bf424277d4594bf7056aa8e6c/screenshot - {}
RESULT: {}
COMMAND: POST /session/d7e4ce2bf424277d4594bf7056aa8e6c/execute/async - {"script":"<script> [1562 bytes]","args":[{"selector":{"controlType":"sap.m.SearchField","properties":{"placeholder":"Search"},"searchOpenDialogs":true,"interaction":{"idSuffix":"I"}},"wdio_ui5_key":"sapm.SearchField{\"placeholder\":\"Search\"}"}]}
RESULT: {"script":"<script> [1562 bytes]","args":[{"selector":{"controlType":"sap.m.SearchField","properties":{"placeholder":"Search"},"searchOpenDialogs":true,"interaction":{"idSuffix":"I"}},"wdio_ui5_key":"sapm.SearchField{\"placeholder\":\"Search\"}"}]}
RESULT: undefined
COMMAND: POST /session/d7e4ce2bf424277d4594bf7056aa8e6c/execute/async - {"script":"<script> [776 bytes]","args":[{"enterText":"A1-000100-01","selector":{"controlType":"sap.m.SearchField","properties":{"placeholder":"Search"},"searchOpenDialogs":true,"interaction":{"idSuffix":"I"}},"clearTextFirst":true,"interactionType":"ENTER_TEXT"}]}
RESULT: {"script":"<script> [776 bytes]","args":[{"enterText":"A1-000100-01","selector":{"controlType":"sap.m.SearchField","properties":{"placeholder":"Search"},"searchOpenDialogs":true,"interaction":{"idSuffix":"I"}},"clearTextFirst":true,"interactionType":"ENTER_TEXT"}]}
COMMAND: POST /session/d7e4ce2bf424277d4594bf7056aa8e6c/actions - {"actions":[{"id":"action3","type":"key","parameters":{},"actions":[{"type":"keyDown","value":""},{"type":"pause","duration":10},{"type":"keyUp","value":""}]}]}
RESULT: {"actions":[{"id":"action3","type":"key","parameters":{},"actions":[{"type":"keyDown","value":""},{"type":"pause","duration":10},{"type":"keyUp","value":""}]}]}
COMMAND: GET /session/d7e4ce2bf424277d4594bf7056aa8e6c/screenshot - {}
RESULT: {}
COMMAND: POST /session/d7e4ce2bf424277d4594bf7056aa8e6c/element - {"using":"xpath","value":"//span[contains(text(), \"Template for ETO-Process\")]"}
RESULT: {"using":"xpath","value":"//span[contains(text(), \"Template for ETO-Process\")]"}
COMMAND: POST /session/d7e4ce2bf424277d4594bf7056aa8e6c/element/f.CBC60766CDC2EFD503EA998F31B181AA.d.E6752DE32EF8B30305134A6914D9DFE2.e.2484/click - {}
RESULT: {}
COMMAND: GET /session/d7e4ce2bf424277d4594bf7056aa8e6c/screenshot - {}
RESULT: {}
COMMAND: POST /session/d7e4ce2bf424277d4594bf7056aa8e6c/element - {"using":"xpath","value":"//bdi[contains(text(), \"OK\")]"}
RESULT: {"using":"xpath","value":"//bdi[contains(text(), \"OK\")]"}
COMMAND: POST /session/d7e4ce2bf424277d4594bf7056aa8e6c/element/f.CBC60766CDC2EFD503EA998F31B181AA.d.E6752DE32EF8B30305134A6914D9DFE2.e.2485/click - {}
RESULT: {}
COMMAND: GET /session/d7e4ce2bf424277d4594bf7056aa8e6c/screenshot - {}
RESULT: {}
COMMAND: POST /session/d7e4ce2bf424277d4594bf7056aa8e6c/element - {"using":"xpath","value":"//input[@id=\"application-managesites-display-component---NewSite--addressDetailDetailsYard-inner\"]"}
RESULT: {"using":"xpath","value":"//input[@id=\"application-managesites-display-component---NewSite--addressDetailDetailsYard-inner\"]"}
COMMAND: POST /session/d7e4ce2bf424277d4594bf7056aa8e6c/element/f.CBC60766CDC2EFD503EA998F31B181AA.d.E6752DE32EF8B30305134A6914D9DFE2.e.2297/value - {"text":"WebdriverYardwfm0t"}
RESULT: {"text":"WebdriverYardwfm0t"}
COMMAND: GET /session/d7e4ce2bf424277d4594bf7056aa8e6c/screenshot - {}
RESULT: {}
COMMAND: POST /session/d7e4ce2bf424277d4594bf7056aa8e6c/actions - {"actions":[{"id":"action4","type":"key","parameters":{},"actions":[{"type":"keyDown","value":""},{"type":"pause","duration":10},{"type":"keyUp","value":""}]}]}
RESULT: {"actions":[{"id":"action4","type":"key","parameters":{},"actions":[{"type":"keyDown","value":""},{"type":"pause","duration":10},{"type":"keyUp","value":""}]}]}
COMMAND: GET /session/d7e4ce2bf424277d4594bf7056aa8e6c/screenshot - {}
RESULT: {}
COMMAND: POST /session/d7e4ce2bf424277d4594bf7056aa8e6c/element - {"using":"xpath","value":"//input[@id=\"application-managesites-display-component---NewSite--addressDetailDetailsPartner-inner\"]"}
RESULT: {"using":"xpath","value":"//input[@id=\"application-managesites-display-component---NewSite--addressDetailDetailsPartner-inner\"]"}
COMMAND: POST /session/d7e4ce2bf424277d4594bf7056aa8e6c/elements - {"using":"xpath","value":"//input[@id=\"application-managesites-display-component---NewSite--addressDetailDetailsPartner-inner\"]"}
RESULT: {"using":"xpath","value":"//input[@id=\"application-managesites-display-component---NewSite--addressDetailDetailsPartner-inner\"]"}
COMMAND: POST /session/d7e4ce2bf424277d4594bf7056aa8e6c/execute/async - {"script":"<script> [1562 bytes]","args":[{"selector":{"controlType":"sap.m.Button","viewName":"etm.portal.ui.managesites.view.NewSmartSite","viewId":"application-managesites-display-component---NewSite","properties":{"text":"Commercial"},"interaction":{"idSuffix":"BDI-content"}},"wdio_ui5_key":"etmportal.ui.managesites.view.NewSmartSitesap.m.Button{\"text\":\"Commercial\"}"}]}
RESULT: {"script":"<script> [1562 bytes]","args":[{"selector":{"controlType":"sap.m.Button","viewName":"etm.portal.ui.managesites.view.NewSmartSite","viewId":"application-managesites-display-component---NewSite","properties":{"text":"Commercial"},"interaction":{"idSuffix":"BDI-content"}},"wdio_ui5_key":"etmportal.ui.managesites.view.NewSmartSitesap.m.Button{\"text\":\"Commercial\"}"}]}
RESULT: undefined
COMMAND: POST /session/d7e4ce2bf424277d4594bf7056aa8e6c/element - {"using":"xpath","value":"//*[@id=\"application-managesites-display-component---NewSite--ObjectPageLayout-anchBar-__section31-anchor\"]"}
RESULT: {"using":"xpath","value":"//*[@id=\"application-managesites-display-component---NewSite--ObjectPageLayout-anchBar-__section31-anchor\"]"}
COMMAND: POST /session/d7e4ce2bf424277d4594bf7056aa8e6c/element/f.CBC60766CDC2EFD503EA998F31B181AA.d.E6752DE32EF8B30305134A6914D9DFE2.e.2513/click - {}
RESULT: {}
COMMAND: POST /session/d7e4ce2bf424277d4594bf7056aa8e6c/execute/async - {"script":"<script> [1562 bytes]","args":[{"selector":{"controlType":"sap.m.Button","viewName":"etm.portal.ui.managesites.view.NewSmartSite","viewId":"application-managesites-display-component---NewSite","i18NText":{"propertyName":"text","key":"save"},"interaction":{"idSuffix":"BDI-content"}},"wdio_ui5_key":"etmportal.ui.managesites.view.NewSmartSitesap.m.Button{\"propertyName\":\"text\",\"key\":\"save\"}"}]}
COMMAND: GET /session/d7e4ce2bf424277d4594bf7056aa8e6c/screenshot - {}
RESULT: {"script":"<script> [1562 bytes]","args":[{"selector":{"controlType":"sap.m.Button","viewName":"etm.portal.ui.managesites.view.NewSmartSite","viewId":"application-managesites-display-component---NewSite","i18NText":{"propertyName":"text","key":"save"},"interaction":{"idSuffix":"BDI-content"}},"wdio_ui5_key":"etmportal.ui.managesites.view.NewSmartSitesap.m.Button{\"propertyName\":\"text\",\"key\":\"save\"}"}]}
RESULT: undefined
COMMAND: POST /session/d7e4ce2bf424277d4594bf7056aa8e6c/element - {"using":"xpath","value":"//*[@id=\"__button64\"]"}
RESULT: {}
RESULT: {"using":"xpath","value":"//*[@id=\"__button64\"]"}
COMMAND: POST /session/d7e4ce2bf424277d4594bf7056aa8e6c/element/f.CBC60766CDC2EFD503EA998F31B181AA.d.E6752DE32EF8B30305134A6914D9DFE2.e.2436/click - {}
RESULT: {}
COMMAND: GET /session/d7e4ce2bf424277d4594bf7056aa8e6c/screenshot - {}
RESULT: {}
COMMAND: POST /session/d7e4ce2bf424277d4594bf7056aa8e6c/execute/async - {"script":"<script> [1562 bytes]","args":[{"selector":{"id":"application-managesites-display-component---detailSite--addressDetailDetailsYardText"},"wdio_ui5_key":"applicationmanagesites-display-component---detailSite--addressDetailDetailsYardText"}]}
RESULT: {"script":"<script> [1562 bytes]","args":[{"selector":{"id":"application-managesites-display-component---detailSite--addressDetailDetailsYardText"},"wdio_ui5_key":"applicationmanagesites-display-component---detailSite--addressDetailDetailsYardText"}]}
RESULT: undefined
COMMAND: POST /session/d7e4ce2bf424277d4594bf7056aa8e6c/element - {"using":"xpath","value":"//header/div/div[2]/div[2]/span"}
RESULT: {"using":"xpath","value":"//header/div/div[2]/div[2]/span"}
COMMAND: GET /session/d7e4ce2bf424277d4594bf7056aa8e6c/element/f.CBC60766CDC2EFD503EA998F31B181AA.d.E6752DE32EF8B30305134A6914D9DFE2.e.2720/text - {}
RESULT: {}
COMMAND: POST /session/d7e4ce2bf424277d4594bf7056aa8e6c/element - {"using":"xpath","value":"//header/div/div/div/div/div/div[2]/div/span"}
RESULT: {"using":"xpath","value":"//header/div/div/div/div/div/div[2]/div/span"}
COMMAND: GET /session/d7e4ce2bf424277d4594bf7056aa8e6c/element/f.CBC60766CDC2EFD503EA998F31B181AA.d.E6752DE32EF8B30305134A6914D9DFE2.e.2721/text - {}
RESULT: {}
COMMAND: POST /session/d7e4ce2bf424277d4594bf7056aa8e6c/element - {"using":"css selector","value":"#shell-header-logo"}
RESULT: {"using":"css selector","value":"#shell-header-logo"}
COMMAND: POST /session/d7e4ce2bf424277d4594bf7056aa8e6c/element/f.CBC60766CDC2EFD503EA998F31B181AA.d.E6752DE32EF8B30305134A6914D9DFE2.e.1845/click - {}
RESULT: {}
COMMAND: GET /session/d7e4ce2bf424277d4594bf7056aa8e6c/screenshot - {}
RESULT: {}
]]></system-out>
    </testcase>
    <testcase classname="chrome.136_0_7103_93.windows.Standard_contract_-_add_contract_items_by_Insert_Request_US118222" name="Should create 2 new resources and a catalog item" time="413.679">
      <system-out><![CDATA[
COMMAND: POST /session/d7e4ce2bf424277d4594bf7056aa8e6c/execute/async - {"script":"<script> [1562 bytes]","args":[{"selector":{"controlType":"sap.m.GenericTile","properties":{"header":"Manage Resources"}},"wdio_ui5_key":"sapm.GenericTile{\"header\":\"Manage Resources\"}"}]}
RESULT: {"script":"<script> [1562 bytes]","args":[{"selector":{"controlType":"sap.m.GenericTile","properties":{"header":"Manage Resources"}},"wdio_ui5_key":"sapm.GenericTile{\"header\":\"Manage Resources\"}"}]}
RESULT: undefined
COMMAND: POST /session/d7e4ce2bf424277d4594bf7056aa8e6c/element - {"using":"xpath","value":"//*[@id=\"__tile39\"]"}
RESULT: {"using":"xpath","value":"//*[@id=\"__tile39\"]"}
COMMAND: POST /session/d7e4ce2bf424277d4594bf7056aa8e6c/element/f.CBC60766CDC2EFD503EA998F31B181AA.d.E6752DE32EF8B30305134A6914D9DFE2.e.2723/click - {}
RESULT: {}
COMMAND: GET /session/d7e4ce2bf424277d4594bf7056aa8e6c/screenshot - {}
RESULT: {}
COMMAND: POST /session/d7e4ce2bf424277d4594bf7056aa8e6c/elements - {"using":"xpath","value":"//span[text()='Error']"}
RESULT: {"using":"xpath","value":"//span[text()='Error']"}
COMMAND: POST /session/d7e4ce2bf424277d4594bf7056aa8e6c/element - {"using":"xpath","value":"//button[@data-kt=\"addNewRUOverflowToolbarButton\"]"}
RESULT: {"using":"xpath","value":"//button[@data-kt=\"addNewRUOverflowToolbarButton\"]"}
COMMAND: POST /session/d7e4ce2bf424277d4594bf7056aa8e6c/execute/sync - {"script":"<script> [8489 bytes]","args":[{"element-6066-11e4-a52e-4f735466cecf":"f.CBC60766CDC2EFD503EA998F31B181AA.d.E6752DE32EF8B30305134A6914D9DFE2.e.2764","ELEMENT":"f.CBC60766CDC2EFD503EA998F31B181AA.d.E6752DE32EF8B30305134A6914D9DFE2.e.2764"}]}
RESULT: {"script":"<script> [8489 bytes]","args":[{"element-6066-11e4-a52e-4f735466cecf":"f.CBC60766CDC2EFD503EA998F31B181AA.d.E6752DE32EF8B30305134A6914D9DFE2.e.2764","ELEMENT":"f.CBC60766CDC2EFD503EA998F31B181AA.d.E6752DE32EF8B30305134A6914D9DFE2.e.2764"}]}
COMMAND: POST /session/d7e4ce2bf424277d4594bf7056aa8e6c/element/f.CBC60766CDC2EFD503EA998F31B181AA.d.E6752DE32EF8B30305134A6914D9DFE2.e.2764/click - {}
COMMAND: GET /session/d7e4ce2bf424277d4594bf7056aa8e6c/screenshot - {}
RESULT: {}
COMMAND: POST /session/d7e4ce2bf424277d4594bf7056aa8e6c/execute/async - {"script":"<script> [1562 bytes]","args":[{"selector":{"id":"application-manageresources-display-component---newResourceUnit--TYPE-arrow"},"wdio_ui5_key":"applicationmanageresources-display-component---newResourceUnit--TYPE-arrow"}]}
COMMAND: GET /session/d7e4ce2bf424277d4594bf7056aa8e6c/screenshot - {}
RESULT: {}
RESULT: {"script":"<script> [1562 bytes]","args":[{"selector":{"id":"application-manageresources-display-component---newResourceUnit--TYPE-arrow"},"wdio_ui5_key":"applicationmanageresources-display-component---newResourceUnit--TYPE-arrow"}]}
RESULT: undefined
COMMAND: POST /session/d7e4ce2bf424277d4594bf7056aa8e6c/element - {"using":"xpath","value":"//*[@id=\"application-manageresources-display-component---newResourceUnit--TYPE-arrow\"]"}
RESULT: {}
RESULT: {"using":"xpath","value":"//*[@id=\"application-manageresources-display-component---newResourceUnit--TYPE-arrow\"]"}
COMMAND: POST /session/d7e4ce2bf424277d4594bf7056aa8e6c/element/f.CBC60766CDC2EFD503EA998F31B181AA.d.E6752DE32EF8B30305134A6914D9DFE2.e.3080/click - {}
RESULT: {}
COMMAND: POST /session/d7e4ce2bf424277d4594bf7056aa8e6c/execute/async - {"script":"<script> [1562 bytes]","args":[{"selector":{"controlType":"sap.m.StandardListItem","viewName":"reusables.view.manageresources.NewResourceUnit","viewId":"application-manageresources-display-component---newResourceUnit","properties":{"title":"Material"},"searchOpenDialogs":true,"interaction":{"idSuffix":"titleText"}},"wdio_ui5_key":"reusablesview.manageresources.NewResourceUnitsap.m.StandardListItem{\"title\":\"Material\"}"}]}
COMMAND: GET /session/d7e4ce2bf424277d4594bf7056aa8e6c/screenshot - {}
RESULT: {"script":"<script> [1562 bytes]","args":[{"selector":{"controlType":"sap.m.StandardListItem","viewName":"reusables.view.manageresources.NewResourceUnit","viewId":"application-manageresources-display-component---newResourceUnit","properties":{"title":"Material"},"searchOpenDialogs":true,"interaction":{"idSuffix":"titleText"}},"wdio_ui5_key":"reusablesview.manageresources.NewResourceUnitsap.m.StandardListItem{\"title\":\"Material\"}"}]}
RESULT: undefined
COMMAND: POST /session/d7e4ce2bf424277d4594bf7056aa8e6c/element - {"using":"xpath","value":"//*[@id=\"__item1144\"]"}
RESULT: {}
RESULT: {"using":"xpath","value":"//*[@id=\"__item1144\"]"}
COMMAND: POST /session/d7e4ce2bf424277d4594bf7056aa8e6c/element/f.CBC60766CDC2EFD503EA998F31B181AA.d.E6752DE32EF8B30305134A6914D9DFE2.e.3083/click - {}
RESULT: {}
COMMAND: POST /session/d7e4ce2bf424277d4594bf7056aa8e6c/execute/async - {"script":"<script> [1562 bytes]","args":[{"selector":{"id":"application-manageresources-display-component---newResourceUnit--SHORT_TEXT","interaction":{"idSuffix":"inner"}},"wdio_ui5_key":"applicationmanageresources-display-component---newResourceUnit--SHORT_TEXT"}]}
COMMAND: GET /session/d7e4ce2bf424277d4594bf7056aa8e6c/screenshot - {}
RESULT: {"script":"<script> [1562 bytes]","args":[{"selector":{"id":"application-manageresources-display-component---newResourceUnit--SHORT_TEXT","interaction":{"idSuffix":"inner"}},"wdio_ui5_key":"applicationmanageresources-display-component---newResourceUnit--SHORT_TEXT"}]}
RESULT: undefined
COMMAND: POST /session/d7e4ce2bf424277d4594bf7056aa8e6c/execute/async - {"script":"<script> [776 bytes]","args":[{"enterText":"WebdriverRUR2Crwi8ji","selector":{"id":"application-manageresources-display-component---newResourceUnit--SHORT_TEXT","interaction":{"idSuffix":"inner"}},"clearTextFirst":true,"interactionType":"ENTER_TEXT"}]}
RESULT: {}
RESULT: {"script":"<script> [776 bytes]","args":[{"enterText":"WebdriverRUR2Crwi8ji","selector":{"id":"application-manageresources-display-component---newResourceUnit--SHORT_TEXT","interaction":{"idSuffix":"inner"}},"clearTextFirst":true,"interactionType":"ENTER_TEXT"}]}
COMMAND: POST /session/d7e4ce2bf424277d4594bf7056aa8e6c/execute/async - {"script":"<script> [1562 bytes]","args":[{"selector":{"id":"application-manageresources-display-component---newResourceUnit--BASE_UNIT_OF_MEASURE-arrow"},"wdio_ui5_key":"applicationmanageresources-display-component---newResourceUnit--BASE_UNIT_OF_MEASURE-arrow"}]}
RESULT: {"script":"<script> [1562 bytes]","args":[{"selector":{"id":"application-manageresources-display-component---newResourceUnit--BASE_UNIT_OF_MEASURE-arrow"},"wdio_ui5_key":"applicationmanageresources-display-component---newResourceUnit--BASE_UNIT_OF_MEASURE-arrow"}]}
RESULT: undefined
COMMAND: POST /session/d7e4ce2bf424277d4594bf7056aa8e6c/element - {"using":"xpath","value":"//*[@id=\"application-manageresources-display-component---newResourceUnit--BASE_UNIT_OF_MEASURE-arrow\"]"}
RESULT: {"using":"xpath","value":"//*[@id=\"application-manageresources-display-component---newResourceUnit--BASE_UNIT_OF_MEASURE-arrow\"]"}
COMMAND: POST /session/d7e4ce2bf424277d4594bf7056aa8e6c/element/f.CBC60766CDC2EFD503EA998F31B181AA.d.E6752DE32EF8B30305134A6914D9DFE2.e.3203/click - {}
RESULT: {}
COMMAND: POST /session/d7e4ce2bf424277d4594bf7056aa8e6c/execute/async - {"script":"<script> [1562 bytes]","args":[{"selector":{"controlType":"sap.m.StandardListItem","viewName":"reusables.view.manageresources.NewResourceUnit","viewId":"application-manageresources-display-component---newResourceUnit","properties":{"title":"Piece"},"searchOpenDialogs":true,"interaction":{"idSuffix":"titleText"}},"wdio_ui5_key":"reusablesview.manageresources.NewResourceUnitsap.m.StandardListItem{\"title\":\"Piece\"}"}]}
COMMAND: GET /session/d7e4ce2bf424277d4594bf7056aa8e6c/screenshot - {}
RESULT: {"script":"<script> [1562 bytes]","args":[{"selector":{"controlType":"sap.m.StandardListItem","viewName":"reusables.view.manageresources.NewResourceUnit","viewId":"application-manageresources-display-component---newResourceUnit","properties":{"title":"Piece"},"searchOpenDialogs":true,"interaction":{"idSuffix":"titleText"}},"wdio_ui5_key":"reusablesview.manageresources.NewResourceUnitsap.m.StandardListItem{\"title\":\"Piece\"}"}]}
RESULT: undefined
COMMAND: POST /session/d7e4ce2bf424277d4594bf7056aa8e6c/element - {"using":"xpath","value":"//*[@id=\"__item1197\"]"}
RESULT: {}
RESULT: {"using":"xpath","value":"//*[@id=\"__item1197\"]"}
COMMAND: POST /session/d7e4ce2bf424277d4594bf7056aa8e6c/element/f.CBC60766CDC2EFD503EA998F31B181AA.d.E6752DE32EF8B30305134A6914D9DFE2.e.3205/click - {}
RESULT: {}
COMMAND: POST /session/d7e4ce2bf424277d4594bf7056aa8e6c/element - {"using":"xpath","value":"//input[contains(@id ,\"application-manageresources-display-component---newResourceUnit--SHORT_TEXT-inner\")]"}
COMMAND: GET /session/d7e4ce2bf424277d4594bf7056aa8e6c/screenshot - {}
RESULT: {"using":"xpath","value":"//input[contains(@id ,\"application-manageresources-display-component---newResourceUnit--SHORT_TEXT-inner\")]"}
COMMAND: GET /session/d7e4ce2bf424277d4594bf7056aa8e6c/element/f.CBC60766CDC2EFD503EA998F31B181AA.d.E6752DE32EF8B30305134A6914D9DFE2.e.3100/property/value - {}
RESULT: {}
RESULT: {}
COMMAND: POST /session/d7e4ce2bf424277d4594bf7056aa8e6c/execute/async - {"script":"<script> [1562 bytes]","args":[{"selector":{"id":"application-manageresources-display-component---newResourceUnit--WEIGHT_UNIT-arrow"},"wdio_ui5_key":"applicationmanageresources-display-component---newResourceUnit--WEIGHT_UNIT-arrow"}]}
COMMAND: GET /session/d7e4ce2bf424277d4594bf7056aa8e6c/screenshot - {}
RESULT: {"script":"<script> [1562 bytes]","args":[{"selector":{"id":"application-manageresources-display-component---newResourceUnit--WEIGHT_UNIT-arrow"},"wdio_ui5_key":"applicationmanageresources-display-component---newResourceUnit--WEIGHT_UNIT-arrow"}]}
RESULT: undefined
COMMAND: POST /session/d7e4ce2bf424277d4594bf7056aa8e6c/element - {"using":"xpath","value":"//*[@id=\"application-manageresources-display-component---newResourceUnit--WEIGHT_UNIT-arrow\"]"}
RESULT: {}
RESULT: {"using":"xpath","value":"//*[@id=\"application-manageresources-display-component---newResourceUnit--WEIGHT_UNIT-arrow\"]"}
COMMAND: POST /session/d7e4ce2bf424277d4594bf7056aa8e6c/element/f.CBC60766CDC2EFD503EA998F31B181AA.d.E6752DE32EF8B30305134A6914D9DFE2.e.3206/click - {}
RESULT: {}
COMMAND: POST /session/d7e4ce2bf424277d4594bf7056aa8e6c/execute/async - {"script":"<script> [1562 bytes]","args":[{"selector":{"controlType":"sap.m.StandardListItem","viewName":"reusables.view.manageresources.NewResourceUnit","viewId":"application-manageresources-display-component---newResourceUnit","properties":{"title":"Gram"},"searchOpenDialogs":true,"interaction":{"idSuffix":"content"}},"wdio_ui5_key":"reusablesview.manageresources.NewResourceUnitsap.m.StandardListItem{\"title\":\"Gram\"}"}]}
COMMAND: GET /session/d7e4ce2bf424277d4594bf7056aa8e6c/screenshot - {}
RESULT: {"script":"<script> [1562 bytes]","args":[{"selector":{"controlType":"sap.m.StandardListItem","viewName":"reusables.view.manageresources.NewResourceUnit","viewId":"application-manageresources-display-component---newResourceUnit","properties":{"title":"Gram"},"searchOpenDialogs":true,"interaction":{"idSuffix":"content"}},"wdio_ui5_key":"reusablesview.manageresources.NewResourceUnitsap.m.StandardListItem{\"title\":\"Gram\"}"}]}
RESULT: undefined
COMMAND: POST /session/d7e4ce2bf424277d4594bf7056aa8e6c/element - {"using":"xpath","value":"//*[@id=\"__item1262\"]"}
RESULT: {}
RESULT: {"using":"xpath","value":"//*[@id=\"__item1262\"]"}
COMMAND: POST /session/d7e4ce2bf424277d4594bf7056aa8e6c/element/f.CBC60766CDC2EFD503EA998F31B181AA.d.E6752DE32EF8B30305134A6914D9DFE2.e.3208/click - {}
RESULT: {}
COMMAND: POST /session/d7e4ce2bf424277d4594bf7056aa8e6c/execute/async - {"script":"<script> [1562 bytes]","args":[{"selector":{"id":"application-manageresources-display-component---newResourceUnit--newRRUPage-OPHeaderContent-collapseBtn-img"},"wdio_ui5_key":"applicationmanageresources-display-component---newResourceUnit--newRRUPage-OPHeaderContent-collapseBtn-img"}]}
COMMAND: GET /session/d7e4ce2bf424277d4594bf7056aa8e6c/screenshot - {}
RESULT: {"script":"<script> [1562 bytes]","args":[{"selector":{"id":"application-manageresources-display-component---newResourceUnit--newRRUPage-OPHeaderContent-collapseBtn-img"},"wdio_ui5_key":"applicationmanageresources-display-component---newResourceUnit--newRRUPage-OPHeaderContent-collapseBtn-img"}]}
RESULT: undefined
COMMAND: POST /session/d7e4ce2bf424277d4594bf7056aa8e6c/element - {"using":"xpath","value":"//*[@id=\"application-manageresources-display-component---newResourceUnit--newRRUPage-OPHeaderContent-collapseBtn-img\"]"}
RESULT: {}
RESULT: {"using":"xpath","value":"//*[@id=\"application-manageresources-display-component---newResourceUnit--newRRUPage-OPHeaderContent-collapseBtn-img\"]"}
COMMAND: POST /session/d7e4ce2bf424277d4594bf7056aa8e6c/element/f.CBC60766CDC2EFD503EA998F31B181AA.d.E6752DE32EF8B30305134A6914D9DFE2.e.3090/click - {}
RESULT: {}
COMMAND: GET /session/d7e4ce2bf424277d4594bf7056aa8e6c/screenshot - {}
RESULT: {}
COMMAND: POST /session/d7e4ce2bf424277d4594bf7056aa8e6c/element - {"using":"xpath","value":"(//span[contains(@id ,\"application-manageresources-display-component---newResourceUnit--DIMENSION_UNIT-arrow\")])[1]"}
RESULT: {"using":"xpath","value":"(//span[contains(@id ,\"application-manageresources-display-component---newResourceUnit--DIMENSION_UNIT-arrow\")])[1]"}
COMMAND: POST /session/d7e4ce2bf424277d4594bf7056aa8e6c/element/f.CBC60766CDC2EFD503EA998F31B181AA.d.E6752DE32EF8B30305134A6914D9DFE2.e.3212/click - {}
RESULT: {}
COMMAND: GET /session/d7e4ce2bf424277d4594bf7056aa8e6c/screenshot - {}
RESULT: {}
COMMAND: POST /session/d7e4ce2bf424277d4594bf7056aa8e6c/execute/async - {"script":"<script> [1562 bytes]","args":[{"selector":{"controlType":"sap.m.StandardListItem","viewName":"reusables.view.manageresources.NewResourceUnit","viewId":"application-manageresources-display-component---newResourceUnit","properties":{"title":"Centimeter"},"searchOpenDialogs":true,"interaction":{"idSuffix":"titleText"}},"wdio_ui5_key":"reusablesview.manageresources.NewResourceUnitsap.m.StandardListItem{\"title\":\"Centimeter\"}"}]}
RESULT: {"script":"<script> [1562 bytes]","args":[{"selector":{"controlType":"sap.m.StandardListItem","viewName":"reusables.view.manageresources.NewResourceUnit","viewId":"application-manageresources-display-component---newResourceUnit","properties":{"title":"Centimeter"},"searchOpenDialogs":true,"interaction":{"idSuffix":"titleText"}},"wdio_ui5_key":"reusablesview.manageresources.NewResourceUnitsap.m.StandardListItem{\"title\":\"Centimeter\"}"}]}
RESULT: undefined
COMMAND: POST /session/d7e4ce2bf424277d4594bf7056aa8e6c/element - {"using":"xpath","value":"//*[@id=\"__item1265\"]"}
RESULT: {"using":"xpath","value":"//*[@id=\"__item1265\"]"}
COMMAND: POST /session/d7e4ce2bf424277d4594bf7056aa8e6c/element/f.CBC60766CDC2EFD503EA998F31B181AA.d.E6752DE32EF8B30305134A6914D9DFE2.e.3216/click - {}
RESULT: {}
COMMAND: POST /session/d7e4ce2bf424277d4594bf7056aa8e6c/execute/async - {"script":"<script> [1562 bytes]","args":[{"selector":{"id":"application-manageresources-display-component---newResourceUnit--newRRUPage-anchBar-application-manageresources-display-component---newResourceUnit--reference-anchor","interaction":{"idSuffix":"BDI-content"}},"wdio_ui5_key":"applicationmanageresources-display-component---newResourceUnit--newRRUPage-anchBar-application-manageresources-display-component---newResourceUnit--reference-anchor"}]}
COMMAND: GET /session/d7e4ce2bf424277d4594bf7056aa8e6c/screenshot - {}
RESULT: {"script":"<script> [1562 bytes]","args":[{"selector":{"id":"application-manageresources-display-component---newResourceUnit--newRRUPage-anchBar-application-manageresources-display-component---newResourceUnit--reference-anchor","interaction":{"idSuffix":"BDI-content"}},"wdio_ui5_key":"applicationmanageresources-display-component---newResourceUnit--newRRUPage-anchBar-application-manageresources-display-component---newResourceUnit--reference-anchor"}]}
RESULT: undefined
COMMAND: POST /session/d7e4ce2bf424277d4594bf7056aa8e6c/element - {"using":"xpath","value":"//*[@id=\"application-manageresources-display-component---newResourceUnit--newRRUPage-anchBar-application-manageresources-display-component---newResourceUnit--reference-anchor\"]"}
RESULT: {}
RESULT: {"using":"xpath","value":"//*[@id=\"application-manageresources-display-component---newResourceUnit--newRRUPage-anchBar-application-manageresources-display-component---newResourceUnit--reference-anchor\"]"}
COMMAND: POST /session/d7e4ce2bf424277d4594bf7056aa8e6c/element/f.CBC60766CDC2EFD503EA998F31B181AA.d.E6752DE32EF8B30305134A6914D9DFE2.e.3218/click - {}
RESULT: {}
COMMAND: POST /session/d7e4ce2bf424277d4594bf7056aa8e6c/execute/async - {"script":"<script> [1562 bytes]","args":[{"selector":{"id":"application-manageresources-display-component---newResourceUnit--PLANNING_GROUP-arrow"},"wdio_ui5_key":"applicationmanageresources-display-component---newResourceUnit--PLANNING_GROUP-arrow"}]}
COMMAND: GET /session/d7e4ce2bf424277d4594bf7056aa8e6c/screenshot - {}
RESULT: {"script":"<script> [1562 bytes]","args":[{"selector":{"id":"application-manageresources-display-component---newResourceUnit--PLANNING_GROUP-arrow"},"wdio_ui5_key":"applicationmanageresources-display-component---newResourceUnit--PLANNING_GROUP-arrow"}]}
RESULT: undefined
COMMAND: POST /session/d7e4ce2bf424277d4594bf7056aa8e6c/element - {"using":"xpath","value":"//*[@id=\"application-manageresources-display-component---newResourceUnit--PLANNING_GROUP-arrow\"]"}
RESULT: {}
RESULT: {"using":"xpath","value":"//*[@id=\"application-manageresources-display-component---newResourceUnit--PLANNING_GROUP-arrow\"]"}
COMMAND: POST /session/d7e4ce2bf424277d4594bf7056aa8e6c/element/f.CBC60766CDC2EFD503EA998F31B181AA.d.E6752DE32EF8B30305134A6914D9DFE2.e.3221/click - {}
RESULT: {}
COMMAND: POST /session/d7e4ce2bf424277d4594bf7056aa8e6c/execute/async - {"script":"<script> [1562 bytes]","args":[{"selector":{"controlType":"sap.m.StandardListItem","viewName":"reusables.view.manageresources.NewResourceUnit","viewId":"application-manageresources-display-component---newResourceUnit","properties":{"title":"Heavy Equi"},"searchOpenDialogs":true,"interaction":{"idSuffix":"content"}},"wdio_ui5_key":"reusablesview.manageresources.NewResourceUnitsap.m.StandardListItem{\"title\":\"Heavy Equi\"}"}]}
COMMAND: GET /session/d7e4ce2bf424277d4594bf7056aa8e6c/screenshot - {}
RESULT: {"script":"<script> [1562 bytes]","args":[{"selector":{"controlType":"sap.m.StandardListItem","viewName":"reusables.view.manageresources.NewResourceUnit","viewId":"application-manageresources-display-component---newResourceUnit","properties":{"title":"Heavy Equi"},"searchOpenDialogs":true,"interaction":{"idSuffix":"content"}},"wdio_ui5_key":"reusablesview.manageresources.NewResourceUnitsap.m.StandardListItem{\"title\":\"Heavy Equi\"}"}]}
RESULT: undefined
COMMAND: POST /session/d7e4ce2bf424277d4594bf7056aa8e6c/element - {"using":"xpath","value":"//*[@id=\"__item1273\"]"}
RESULT: {}
RESULT: {"using":"xpath","value":"//*[@id=\"__item1273\"]"}
COMMAND: POST /session/d7e4ce2bf424277d4594bf7056aa8e6c/element/f.CBC60766CDC2EFD503EA998F31B181AA.d.E6752DE32EF8B30305134A6914D9DFE2.e.3225/click - {}
RESULT: {}
COMMAND: GET /session/d7e4ce2bf424277d4594bf7056aa8e6c/screenshot - {}
RESULT: {}
COMMAND: POST /session/d7e4ce2bf424277d4594bf7056aa8e6c/execute/async - {"script":"<script> [1562 bytes]","args":[{"selector":{"id":"application-manageresources-display-component---newResourceUnit--PLANNING_INDICATOR-arrow"},"wdio_ui5_key":"applicationmanageresources-display-component---newResourceUnit--PLANNING_INDICATOR-arrow"}]}
RESULT: {"script":"<script> [1562 bytes]","args":[{"selector":{"id":"application-manageresources-display-component---newResourceUnit--PLANNING_INDICATOR-arrow"},"wdio_ui5_key":"applicationmanageresources-display-component---newResourceUnit--PLANNING_INDICATOR-arrow"}]}
RESULT: undefined
COMMAND: POST /session/d7e4ce2bf424277d4594bf7056aa8e6c/element - {"using":"xpath","value":"//*[@id=\"application-manageresources-display-component---newResourceUnit--PLANNING_INDICATOR-arrow\"]"}
RESULT: {"using":"xpath","value":"//*[@id=\"application-manageresources-display-component---newResourceUnit--PLANNING_INDICATOR-arrow\"]"}
COMMAND: POST /session/d7e4ce2bf424277d4594bf7056aa8e6c/element/f.CBC60766CDC2EFD503EA998F31B181AA.d.E6752DE32EF8B30305134A6914D9DFE2.e.3226/click - {}
RESULT: {}
COMMAND: POST /session/d7e4ce2bf424277d4594bf7056aa8e6c/execute/async - {"script":"<script> [1562 bytes]","args":[{"selector":{"controlType":"sap.m.StandardListItem","viewName":"reusables.view.manageresources.NewResourceUnit","viewId":"application-manageresources-display-component---newResourceUnit","properties":{"title":"10 - infinite"},"searchOpenDialogs":true,"interaction":{"idSuffix":"content"}},"wdio_ui5_key":"reusablesview.manageresources.NewResourceUnitsap.m.StandardListItem{\"title\":\"10 - infinite\"}"}]}
COMMAND: GET /session/d7e4ce2bf424277d4594bf7056aa8e6c/screenshot - {}
RESULT: {"script":"<script> [1562 bytes]","args":[{"selector":{"controlType":"sap.m.StandardListItem","viewName":"reusables.view.manageresources.NewResourceUnit","viewId":"application-manageresources-display-component---newResourceUnit","properties":{"title":"10 - infinite"},"searchOpenDialogs":true,"interaction":{"idSuffix":"content"}},"wdio_ui5_key":"reusablesview.manageresources.NewResourceUnitsap.m.StandardListItem{\"title\":\"10 - infinite\"}"}]}
RESULT: undefined
COMMAND: POST /session/d7e4ce2bf424277d4594bf7056aa8e6c/element - {"using":"xpath","value":"//*[@id=\"__item1283\"]"}
RESULT: {}
RESULT: {"using":"xpath","value":"//*[@id=\"__item1283\"]"}
COMMAND: POST /session/d7e4ce2bf424277d4594bf7056aa8e6c/element/f.CBC60766CDC2EFD503EA998F31B181AA.d.E6752DE32EF8B30305134A6914D9DFE2.e.3228/click - {}
RESULT: {}
COMMAND: GET /session/d7e4ce2bf424277d4594bf7056aa8e6c/screenshot - {}
RESULT: {}
COMMAND: POST /session/d7e4ce2bf424277d4594bf7056aa8e6c/element - {"using":"xpath","value":"//bdi[contains(text(), \"Time Segment\")]"}
RESULT: {"using":"xpath","value":"//bdi[contains(text(), \"Time Segment\")]"}
COMMAND: GET /session/d7e4ce2bf424277d4594bf7056aa8e6c/element/f.CBC60766CDC2EFD503EA998F31B181AA.d.E6752DE32EF8B30305134A6914D9DFE2.e.3229/rect - {}
RESULT: {}
COMMAND: GET /session/d7e4ce2bf424277d4594bf7056aa8e6c/window/rect - {}
RESULT: {}
COMMAND: POST /session/d7e4ce2bf424277d4594bf7056aa8e6c/execute/sync - {"script":"<script> [92 bytes]","args":[]}
RESULT: {"script":"<script> [92 bytes]","args":[]}
COMMAND: POST /session/d7e4ce2bf424277d4594bf7056aa8e6c/actions - {"actions":[{"id":"action5","type":"wheel","parameters":{},"actions":[{"type":"scroll","x":-1820,"y":-21,"deltaX":0,"deltaY":0,"duration":0,"origin":{"element-6066-11e4-a52e-4f735466cecf":"f.CBC60766CDC2EFD503EA998F31B181AA.d.E6752DE32EF8B30305134A6914D9DFE2.e.3229"}}]}]}
COMMAND: GET /session/d7e4ce2bf424277d4594bf7056aa8e6c/screenshot - {}
RESULT: {}
COMMAND: POST /session/d7e4ce2bf424277d4594bf7056aa8e6c/execute/sync - {"script":"<script> [79 bytes]","args":[{"element-6066-11e4-a52e-4f735466cecf":"f.CBC60766CDC2EFD503EA998F31B181AA.d.E6752DE32EF8B30305134A6914D9DFE2.e.3229","ELEMENT":"f.CBC60766CDC2EFD503EA998F31B181AA.d.E6752DE32EF8B30305134A6914D9DFE2.e.3229"},{"block":"start","inline":"nearest"}]}
RESULT: {"script":"<script> [79 bytes]","args":[{"element-6066-11e4-a52e-4f735466cecf":"f.CBC60766CDC2EFD503EA998F31B181AA.d.E6752DE32EF8B30305134A6914D9DFE2.e.3229","ELEMENT":"f.CBC60766CDC2EFD503EA998F31B181AA.d.E6752DE32EF8B30305134A6914D9DFE2.e.3229"},{"block":"start","inline":"nearest"}]}
COMMAND: GET /session/d7e4ce2bf424277d4594bf7056aa8e6c/screenshot - {}
RESULT: {}
COMMAND: POST /session/d7e4ce2bf424277d4594bf7056aa8e6c/element - {"using":"xpath","value":"//span[@id=\"application-manageresources-display-component---newResourceUnit--btnAddTimeSegment-img\"]"}
RESULT: {"using":"xpath","value":"//span[@id=\"application-manageresources-display-component---newResourceUnit--btnAddTimeSegment-img\"]"}
COMMAND: POST /session/d7e4ce2bf424277d4594bf7056aa8e6c/execute/sync - {"script":"<script> [8489 bytes]","args":[{"element-6066-11e4-a52e-4f735466cecf":"f.CBC60766CDC2EFD503EA998F31B181AA.d.E6752DE32EF8B30305134A6914D9DFE2.e.3232","ELEMENT":"f.CBC60766CDC2EFD503EA998F31B181AA.d.E6752DE32EF8B30305134A6914D9DFE2.e.3232"}]}
RESULT: {"script":"<script> [8489 bytes]","args":[{"element-6066-11e4-a52e-4f735466cecf":"f.CBC60766CDC2EFD503EA998F31B181AA.d.E6752DE32EF8B30305134A6914D9DFE2.e.3232","ELEMENT":"f.CBC60766CDC2EFD503EA998F31B181AA.d.E6752DE32EF8B30305134A6914D9DFE2.e.3232"}]}
COMMAND: POST /session/d7e4ce2bf424277d4594bf7056aa8e6c/element/f.CBC60766CDC2EFD503EA998F31B181AA.d.E6752DE32EF8B30305134A6914D9DFE2.e.3232/click - {}
COMMAND: GET /session/d7e4ce2bf424277d4594bf7056aa8e6c/screenshot - {}
RESULT: {}
COMMAND: GET /session/d7e4ce2bf424277d4594bf7056aa8e6c/screenshot - {}
RESULT: {}
RESULT: {}
COMMAND: POST /session/d7e4ce2bf424277d4594bf7056aa8e6c/element - {"using":"xpath","value":"//input[@id=\"application-manageresources-display-component---newResourceUnit--idRuTSAdmin-application-manageresources-display-component---newResourceUnit--RUTimeSegment-0-inner\"]"}
RESULT: {"using":"xpath","value":"//input[@id=\"application-manageresources-display-component---newResourceUnit--idRuTSAdmin-application-manageresources-display-component---newResourceUnit--RUTimeSegment-0-inner\"]"}
COMMAND: POST /session/d7e4ce2bf424277d4594bf7056aa8e6c/element/f.CBC60766CDC2EFD503EA998F31B181AA.d.E6752DE32EF8B30305134A6914D9DFE2.e.3235/clear - {}
RESULT: {}
COMMAND: POST /session/d7e4ce2bf424277d4594bf7056aa8e6c/element/f.CBC60766CDC2EFD503EA998F31B181AA.d.E6752DE32EF8B30305134A6914D9DFE2.e.3235/value - {"text":"WebdriverYardwfm0t"}
COMMAND: GET /session/d7e4ce2bf424277d4594bf7056aa8e6c/screenshot - {}
RESULT: {"text":"WebdriverYardwfm0t"}
COMMAND: GET /session/d7e4ce2bf424277d4594bf7056aa8e6c/screenshot - {}
RESULT: {}
RESULT: {}
COMMAND: POST /session/d7e4ce2bf424277d4594bf7056aa8e6c/actions - {"actions":[{"id":"action6","type":"key","parameters":{},"actions":[{"type":"keyDown","value":""},{"type":"pause","duration":10},{"type":"keyUp","value":""}]}]}
RESULT: {"actions":[{"id":"action6","type":"key","parameters":{},"actions":[{"type":"keyDown","value":""},{"type":"pause","duration":10},{"type":"keyUp","value":""}]}]}
COMMAND: GET /session/d7e4ce2bf424277d4594bf7056aa8e6c/screenshot - {}
RESULT: {}
COMMAND: POST /session/d7e4ce2bf424277d4594bf7056aa8e6c/execute/async - {"script":"<script> [1562 bytes]","args":[{"selector":{"controlType":"sap.m.Button","viewName":"reusables.view.manageresources.NewResourceUnit","viewId":"application-manageresources-display-component---newResourceUnit","i18NText":{"propertyName":"tooltip","key":"save"},"interaction":{"idSuffix":"BDI-content"}},"wdio_ui5_key":"reusablesview.manageresources.NewResourceUnitsap.m.Button{\"propertyName\":\"tooltip\",\"key\":\"save\"}"}]}
RESULT: {"script":"<script> [1562 bytes]","args":[{"selector":{"controlType":"sap.m.Button","viewName":"reusables.view.manageresources.NewResourceUnit","viewId":"application-manageresources-display-component---newResourceUnit","i18NText":{"propertyName":"tooltip","key":"save"},"interaction":{"idSuffix":"BDI-content"}},"wdio_ui5_key":"reusablesview.manageresources.NewResourceUnitsap.m.Button{\"propertyName\":\"tooltip\",\"key\":\"save\"}"}]}
RESULT: undefined
COMMAND: POST /session/d7e4ce2bf424277d4594bf7056aa8e6c/element - {"using":"xpath","value":"//*[@id=\"application-manageresources-display-component---newResourceUnit--createRuButton\"]"}
RESULT: {"using":"xpath","value":"//*[@id=\"application-manageresources-display-component---newResourceUnit--createRuButton\"]"}
COMMAND: POST /session/d7e4ce2bf424277d4594bf7056aa8e6c/element/f.CBC60766CDC2EFD503EA998F31B181AA.d.E6752DE32EF8B30305134A6914D9DFE2.e.3096/click - {}
RESULT: {}
COMMAND: GET /session/d7e4ce2bf424277d4594bf7056aa8e6c/screenshot - {}
RESULT: {}
COMMAND: POST /session/d7e4ce2bf424277d4594bf7056aa8e6c/execute/async - {"script":"<script> [1562 bytes]","args":[{"selector":{"controlType":"sap.m.Title","properties":{"text":"Success"},"searchOpenDialogs":true},"wdio_ui5_key":"sapm.Title{\"text\":\"Success\"}"}]}
RESULT: {"script":"<script> [1562 bytes]","args":[{"selector":{"controlType":"sap.m.Title","properties":{"text":"Success"},"searchOpenDialogs":true},"wdio_ui5_key":"sapm.Title{\"text\":\"Success\"}"}]}
RESULT: undefined
COMMAND: POST /session/d7e4ce2bf424277d4594bf7056aa8e6c/execute/async - {"script":"<script> [6424 bytes]","args":[{"element-6066-11e4-a52e-4f735466cecf":"f.CBC60766CDC2EFD503EA998F31B181AA.d.E6752DE32EF8B30305134A6914D9DFE2.e.3249"},"getText",[]]}
RESULT: {"script":"<script> [6424 bytes]","args":[{"element-6066-11e4-a52e-4f735466cecf":"f.CBC60766CDC2EFD503EA998F31B181AA.d.E6752DE32EF8B30305134A6914D9DFE2.e.3249"},"getText",[]]}
COMMAND: POST /session/d7e4ce2bf424277d4594bf7056aa8e6c/element - {"using":"xpath","value":"//*[contains(@id, '__text') and (contains(text(), 'successfully created') or contains(., 'successfully created'))]"}
RESULT: {"using":"xpath","value":"//*[contains(@id, '__text') and (contains(text(), 'successfully created') or contains(., 'successfully created'))]"}
COMMAND: GET /session/d7e4ce2bf424277d4594bf7056aa8e6c/element/f.CBC60766CDC2EFD503EA998F31B181AA.d.E6752DE32EF8B30305134A6914D9DFE2.e.3248/text - {}
RESULT: {}
COMMAND: POST /session/d7e4ce2bf424277d4594bf7056aa8e6c/execute/async - {"script":"<script> [1562 bytes]","args":[{"selector":{"controlType":"sap.m.Button","properties":{"text":"Close"},"searchOpenDialogs":true,"interaction":{"idSuffix":"BDI-content"}},"wdio_ui5_key":"sapm.Button{\"text\":\"Close\"}"}]}
RESULT: {"script":"<script> [1562 bytes]","args":[{"selector":{"controlType":"sap.m.Button","properties":{"text":"Close"},"searchOpenDialogs":true,"interaction":{"idSuffix":"BDI-content"}},"wdio_ui5_key":"sapm.Button{\"text\":\"Close\"}"}]}
RESULT: undefined
COMMAND: POST /session/d7e4ce2bf424277d4594bf7056aa8e6c/element - {"using":"xpath","value":"//*[@id=\"__mbox-btn-0\"]"}
RESULT: {"using":"xpath","value":"//*[@id=\"__mbox-btn-0\"]"}
COMMAND: POST /session/d7e4ce2bf424277d4594bf7056aa8e6c/element/f.CBC60766CDC2EFD503EA998F31B181AA.d.E6752DE32EF8B30305134A6914D9DFE2.e.3246/click - {}
RESULT: {}
COMMAND: GET /session/d7e4ce2bf424277d4594bf7056aa8e6c/screenshot - {}
RESULT: {}
COMMAND: POST /session/d7e4ce2bf424277d4594bf7056aa8e6c/execute/async - {"script":"<script> [1562 bytes]","args":[{"selector":{"controlType":"sap.ui.core.Icon","viewName":"etm.portal.ui.manageresources.view.Detail","viewId":"application-manageresources-display-component---detailRU","properties":{"src":{"regex":{"source":"overflow"}}}},"wdio_ui5_key":"etmportal.ui.manageresources.view.Detailsap.ui.core.Icon{\"src\":{\"regex\":{\"source\":\"overflow\"}}}"}]}
RESULT: {"script":"<script> [1562 bytes]","args":[{"selector":{"controlType":"sap.ui.core.Icon","viewName":"etm.portal.ui.manageresources.view.Detail","viewId":"application-manageresources-display-component---detailRU","properties":{"src":{"regex":{"source":"overflow"}}}},"wdio_ui5_key":"etmportal.ui.manageresources.view.Detailsap.ui.core.Icon{\"src\":{\"regex\":{\"source\":\"overflow\"}}}"}]}
RESULT: undefined
COMMAND: POST /session/d7e4ce2bf424277d4594bf7056aa8e6c/element - {"using":"xpath","value":"//*[@id=\"__title36-_actionsToolbar-overflowButton-img\"]"}
RESULT: {"using":"xpath","value":"//*[@id=\"__title36-_actionsToolbar-overflowButton-img\"]"}
COMMAND: POST /session/d7e4ce2bf424277d4594bf7056aa8e6c/element/f.CBC60766CDC2EFD503EA998F31B181AA.d.E6752DE32EF8B30305134A6914D9DFE2.e.3283/click - {}
RESULT: {}
COMMAND: POST /session/d7e4ce2bf424277d4594bf7056aa8e6c/execute/async - {"script":"<script> [1562 bytes]","args":[{"selector":{"controlType":"sap.m.Button","viewName":"etm.portal.ui.manageresources.view.Detail","viewId":"application-manageresources-display-component---detailRU","i18NText":{"propertyName":"tooltip","key":"closeColumn"},"searchOpenDialogs":true,"interaction":{"idSuffix":"inner"}},"wdio_ui5_key":"etmportal.ui.manageresources.view.Detailsap.m.Button{\"propertyName\":\"tooltip\",\"key\":\"closeColumn\"}"}]}
COMMAND: GET /session/d7e4ce2bf424277d4594bf7056aa8e6c/screenshot - {}
RESULT: {"script":"<script> [1562 bytes]","args":[{"selector":{"controlType":"sap.m.Button","viewName":"etm.portal.ui.manageresources.view.Detail","viewId":"application-manageresources-display-component---detailRU","i18NText":{"propertyName":"tooltip","key":"closeColumn"},"searchOpenDialogs":true,"interaction":{"idSuffix":"inner"}},"wdio_ui5_key":"etmportal.ui.manageresources.view.Detailsap.m.Button{\"propertyName\":\"tooltip\",\"key\":\"closeColumn\"}"}]}
RESULT: undefined
COMMAND: POST /session/d7e4ce2bf424277d4594bf7056aa8e6c/element - {"using":"xpath","value":"//*[@id=\"__button151\"]"}
RESULT: {}
RESULT: {"using":"xpath","value":"//*[@id=\"__button151\"]"}
COMMAND: POST /session/d7e4ce2bf424277d4594bf7056aa8e6c/element/f.CBC60766CDC2EFD503EA998F31B181AA.d.E6752DE32EF8B30305134A6914D9DFE2.e.3285/click - {}
RESULT: {}
COMMAND: GET /session/d7e4ce2bf424277d4594bf7056aa8e6c/screenshot - {}
RESULT: {}
COMMAND: POST /session/d7e4ce2bf424277d4594bf7056aa8e6c/refresh - {}
RESULT: {}
COMMAND: GET /session/d7e4ce2bf424277d4594bf7056aa8e6c/screenshot - {}
RESULT: {}
COMMAND: POST /session/d7e4ce2bf424277d4594bf7056aa8e6c/execute/async - {"script":"<script> [189 bytes]","args":[]}
RESULT: {"script":"<script> [189 bytes]","args":[]}
COMMAND: POST /session/d7e4ce2bf424277d4594bf7056aa8e6c/execute/async - {"script":"<script> [123 bytes]","args":[]}
RESULT: {"script":"<script> [123 bytes]","args":[]}
COMMAND: POST /session/d7e4ce2bf424277d4594bf7056aa8e6c/timeouts - {"script":"<number>"}
RESULT: {"script":"<number>"}
COMMAND: GET /session/d7e4ce2bf424277d4594bf7056aa8e6c/timeouts - {}
RESULT: {}
RESULT: undefined
COMMAND: POST /session/d7e4ce2bf424277d4594bf7056aa8e6c/execute/async - {"script":"<script> [2676 bytes]","args":[]}
RESULT: {"script":"<script> [2676 bytes]","args":[]}
COMMAND: POST /session/d7e4ce2bf424277d4594bf7056aa8e6c/execute/async - {"script":"<script> [2342 bytes]","args":[{"protocol":"http","hostname":"0.0.0.0","path":"/","capabilities":{"browserName":"chrome","goog:chromeOptions":{"binary":"C:\\Program Files\\Google\\Chrome\\Application\\chrome.exe","args":["--start-maximized"]}},"logLevel":"warn","connectionRetryTimeout":120000,"connectionRetryCount":3,"logLevels":{},"enableDirectConnect":true,"strictSSL":true,"_":"65 more keys: [\"cacheDir\",\"port\",\"requestedCapabilities\",\"automationProtocol\",\"baseUrl\",\"waitforInterval\",\"waitforTimeout\",\"onReload\",\"beforeCommand\",\"afterCommand\",\"rootDir\",\"specs\",\"suites\",\"exclude\",\"groupLogsByTestSpec\",\"excludeDriverLogs\",\"bail\",\"framework\",\"reporters\",\"services\",\"maxInstances\",\"maxInstancesPerCapability\",\"injectGlobals\",\"filesToWatch\",\"execArgv\",\"runnerEnv\",\"runner\",\"shard\",\"specFileRetries\",\"specFileRetriesDelay\",\"specFileRetriesDeferred\",\"reporterSyncInterval\",\"reporterSyncTimeout\",\"cucumberFeaturesWithLineNumbers\",\"autoCompileOpts\",\"mochaOpts\",\"jasmineOpts\",\"cucumberOpts\",\"onPrepare\",\"onWorkerStart\",\"onWorkerEnd\",\"before\",\"beforeSession\",\"beforeSuite\",\"beforeHook\",\"beforeTest\",\"afterTest\",\"afterHook\",\"afterSuite\",\"afterSession\",\"after\",\"onComplete\",\"beforeAssertion\",\"afterAssertion\",\"beforeFeature\",\"beforeScenario\",\"beforeStep\",\"afterStep\",\"afterScenario\",\"afterFeature\",\"_\",\"suite\",\"$0\",\"ignoredWorkerServices\",\"wdi5\"]"}]}
RESULT: {"script":"<script> [2342 bytes]","args":[{"protocol":"http","hostname":"0.0.0.0","path":"/","capabilities":{"browserName":"chrome","goog:chromeOptions":{"binary":"C:\\Program Files\\Google\\Chrome\\Application\\chrome.exe","args":["--start-maximized"]}},"logLevel":"warn","connectionRetryTimeout":120000,"connectionRetryCount":3,"logLevels":{},"enableDirectConnect":true,"strictSSL":true,"_":"65 more keys: [\"cacheDir\",\"port\",\"requestedCapabilities\",\"automationProtocol\",\"baseUrl\",\"waitforInterval\",\"waitforTimeout\",\"onReload\",\"beforeCommand\",\"afterCommand\",\"rootDir\",\"specs\",\"suites\",\"exclude\",\"groupLogsByTestSpec\",\"excludeDriverLogs\",\"bail\",\"framework\",\"reporters\",\"services\",\"maxInstances\",\"maxInstancesPerCapability\",\"injectGlobals\",\"filesToWatch\",\"execArgv\",\"runnerEnv\",\"runner\",\"shard\",\"specFileRetries\",\"specFileRetriesDelay\",\"specFileRetriesDeferred\",\"reporterSyncInterval\",\"reporterSyncTimeout\",\"cucumberFeaturesWithLineNumbers\",\"autoCompileOpts\",\"mochaOpts\",\"jasmineOpts\",\"cucumberOpts\",\"onPrepare\",\"onWorkerStart\",\"onWorkerEnd\",\"before\",\"beforeSession\",\"beforeSuite\",\"beforeHook\",\"beforeTest\",\"afterTest\",\"afterHook\",\"afterSuite\",\"afterSession\",\"after\",\"onComplete\",\"beforeAssertion\",\"afterAssertion\",\"beforeFeature\",\"beforeScenario\",\"beforeStep\",\"afterStep\",\"afterScenario\",\"afterFeature\",\"_\",\"suite\",\"$0\",\"ignoredWorkerServices\",\"wdi5\"]"}]}
COMMAND: POST /session/d7e4ce2bf424277d4594bf7056aa8e6c/execute/async - {"script":"<script> [21126 bytes]","args":[35000]}
RESULT: {"script":"<script> [21126 bytes]","args":[35000]}
COMMAND: POST /session/d7e4ce2bf424277d4594bf7056aa8e6c/element - {"using":"css selector","value":"#shell-header-logo"}
RESULT: {"using":"css selector","value":"#shell-header-logo"}
COMMAND: POST /session/d7e4ce2bf424277d4594bf7056aa8e6c/element/f.CBC60766CDC2EFD503EA998F31B181AA.d.E93611F3D5854B97152DDF7349FEBC21.e.3389/click - {}
RESULT: {}
COMMAND: GET /session/d7e4ce2bf424277d4594bf7056aa8e6c/screenshot - {}
COMMAND: POST /session/d7e4ce2bf424277d4594bf7056aa8e6c/execute/async - {"script":"<script> [1562 bytes]","args":[{"selector":{"controlType":"sap.m.GenericTile","properties":{"header":"Manage Resources"}},"wdio_ui5_key":"sapm.GenericTile{\"header\":\"Manage Resources\"}"}]}
RESULT: {}
RESULT: {"script":"<script> [1562 bytes]","args":[{"selector":{"controlType":"sap.m.GenericTile","properties":{"header":"Manage Resources"}},"wdio_ui5_key":"sapm.GenericTile{\"header\":\"Manage Resources\"}"}]}
RESULT: undefined
COMMAND: POST /session/d7e4ce2bf424277d4594bf7056aa8e6c/element - {"using":"xpath","value":"//*[@id=\"__tile39\"]"}
RESULT: {"using":"xpath","value":"//*[@id=\"__tile39\"]"}
COMMAND: POST /session/d7e4ce2bf424277d4594bf7056aa8e6c/element/f.CBC60766CDC2EFD503EA998F31B181AA.d.E93611F3D5854B97152DDF7349FEBC21.e.3404/click - {}
RESULT: {}
COMMAND: GET /session/d7e4ce2bf424277d4594bf7056aa8e6c/screenshot - {}
RESULT: {}
COMMAND: POST /session/d7e4ce2bf424277d4594bf7056aa8e6c/elements - {"using":"xpath","value":"//span[text()='Error']"}
RESULT: {"using":"xpath","value":"//span[text()='Error']"}
COMMAND: POST /session/d7e4ce2bf424277d4594bf7056aa8e6c/element - {"using":"xpath","value":"//button[@data-kt=\"addNewRUOverflowToolbarButton\"]"}
RESULT: {"using":"xpath","value":"//button[@data-kt=\"addNewRUOverflowToolbarButton\"]"}
COMMAND: POST /session/d7e4ce2bf424277d4594bf7056aa8e6c/execute/sync - {"script":"<script> [8489 bytes]","args":[{"element-6066-11e4-a52e-4f735466cecf":"f.CBC60766CDC2EFD503EA998F31B181AA.d.E93611F3D5854B97152DDF7349FEBC21.e.3446","ELEMENT":"f.CBC60766CDC2EFD503EA998F31B181AA.d.E93611F3D5854B97152DDF7349FEBC21.e.3446"}]}
RESULT: {"script":"<script> [8489 bytes]","args":[{"element-6066-11e4-a52e-4f735466cecf":"f.CBC60766CDC2EFD503EA998F31B181AA.d.E93611F3D5854B97152DDF7349FEBC21.e.3446","ELEMENT":"f.CBC60766CDC2EFD503EA998F31B181AA.d.E93611F3D5854B97152DDF7349FEBC21.e.3446"}]}
COMMAND: POST /session/d7e4ce2bf424277d4594bf7056aa8e6c/element/f.CBC60766CDC2EFD503EA998F31B181AA.d.E93611F3D5854B97152DDF7349FEBC21.e.3446/click - {}
COMMAND: GET /session/d7e4ce2bf424277d4594bf7056aa8e6c/screenshot - {}
RESULT: {}
COMMAND: GET /session/d7e4ce2bf424277d4594bf7056aa8e6c/screenshot - {}
COMMAND: POST /session/d7e4ce2bf424277d4594bf7056aa8e6c/execute/async - {"script":"<script> [1562 bytes]","args":[{"selector":{"id":"application-manageresources-display-component---newResourceUnit--TYPE-arrow"},"wdio_ui5_key":"applicationmanageresources-display-component---newResourceUnit--TYPE-arrow"}]}
RESULT: {}
RESULT: {}
RESULT: {"script":"<script> [1562 bytes]","args":[{"selector":{"id":"application-manageresources-display-component---newResourceUnit--TYPE-arrow"},"wdio_ui5_key":"applicationmanageresources-display-component---newResourceUnit--TYPE-arrow"}]}
RESULT: undefined
COMMAND: POST /session/d7e4ce2bf424277d4594bf7056aa8e6c/element - {"using":"xpath","value":"//*[@id=\"application-manageresources-display-component---newResourceUnit--TYPE-arrow\"]"}
RESULT: {"using":"xpath","value":"//*[@id=\"application-manageresources-display-component---newResourceUnit--TYPE-arrow\"]"}
COMMAND: POST /session/d7e4ce2bf424277d4594bf7056aa8e6c/element/f.CBC60766CDC2EFD503EA998F31B181AA.d.E93611F3D5854B97152DDF7349FEBC21.e.3771/click - {}
RESULT: {}
COMMAND: POST /session/d7e4ce2bf424277d4594bf7056aa8e6c/execute/async - {"script":"<script> [1562 bytes]","args":[{"selector":{"controlType":"sap.m.StandardListItem","viewName":"reusables.view.manageresources.NewResourceUnit","viewId":"application-manageresources-display-component---newResourceUnit","properties":{"title":"Equipment"},"searchOpenDialogs":true,"interaction":{"idSuffix":"content"}},"wdio_ui5_key":"reusablesview.manageresources.NewResourceUnitsap.m.StandardListItem{\"title\":\"Equipment\"}"}]}
COMMAND: GET /session/d7e4ce2bf424277d4594bf7056aa8e6c/screenshot - {}
RESULT: {"script":"<script> [1562 bytes]","args":[{"selector":{"controlType":"sap.m.StandardListItem","viewName":"reusables.view.manageresources.NewResourceUnit","viewId":"application-manageresources-display-component---newResourceUnit","properties":{"title":"Equipment"},"searchOpenDialogs":true,"interaction":{"idSuffix":"content"}},"wdio_ui5_key":"reusablesview.manageresources.NewResourceUnitsap.m.StandardListItem{\"title\":\"Equipment\"}"}]}
RESULT: undefined
COMMAND: POST /session/d7e4ce2bf424277d4594bf7056aa8e6c/element - {"using":"xpath","value":"//*[@id=\"__item145\"]"}
RESULT: {}
RESULT: {"using":"xpath","value":"//*[@id=\"__item145\"]"}
COMMAND: POST /session/d7e4ce2bf424277d4594bf7056aa8e6c/element/f.CBC60766CDC2EFD503EA998F31B181AA.d.E93611F3D5854B97152DDF7349FEBC21.e.3774/click - {}
RESULT: {}
COMMAND: POST /session/d7e4ce2bf424277d4594bf7056aa8e6c/execute/async - {"script":"<script> [1562 bytes]","args":[{"selector":{"id":"application-manageresources-display-component---newResourceUnit--resourceId","interaction":{"idSuffix":"inner"}},"wdio_ui5_key":"applicationmanageresources-display-component---newResourceUnit--resourceId"}]}
COMMAND: GET /session/d7e4ce2bf424277d4594bf7056aa8e6c/screenshot - {}
RESULT: {"script":"<script> [1562 bytes]","args":[{"selector":{"id":"application-manageresources-display-component---newResourceUnit--resourceId","interaction":{"idSuffix":"inner"}},"wdio_ui5_key":"applicationmanageresources-display-component---newResourceUnit--resourceId"}]}
RESULT: undefined
COMMAND: POST /session/d7e4ce2bf424277d4594bf7056aa8e6c/execute/async - {"script":"<script> [776 bytes]","args":[{"enterText":"WdIOR2cEquipfn3vr","selector":{"id":"application-manageresources-display-component---newResourceUnit--resourceId","interaction":{"idSuffix":"inner"}},"clearTextFirst":true,"interactionType":"ENTER_TEXT"}]}
RESULT: {}
RESULT: {"script":"<script> [776 bytes]","args":[{"enterText":"WdIOR2cEquipfn3vr","selector":{"id":"application-manageresources-display-component---newResourceUnit--resourceId","interaction":{"idSuffix":"inner"}},"clearTextFirst":true,"interactionType":"ENTER_TEXT"}]}
COMMAND: POST /session/d7e4ce2bf424277d4594bf7056aa8e6c/execute/async - {"script":"<script> [1562 bytes]","args":[{"selector":{"id":"application-manageresources-display-component---newResourceUnit--SHORT_TEXT","interaction":{"idSuffix":"inner"}},"wdio_ui5_key":"applicationmanageresources-display-component---newResourceUnit--SHORT_TEXT"}]}
RESULT: {"script":"<script> [1562 bytes]","args":[{"selector":{"id":"application-manageresources-display-component---newResourceUnit--SHORT_TEXT","interaction":{"idSuffix":"inner"}},"wdio_ui5_key":"applicationmanageresources-display-component---newResourceUnit--SHORT_TEXT"}]}
RESULT: undefined
COMMAND: POST /session/d7e4ce2bf424277d4594bf7056aa8e6c/execute/async - {"script":"<script> [776 bytes]","args":[{"enterText":"WdIOR2cEquipfn3vr","selector":{"id":"application-manageresources-display-component---newResourceUnit--SHORT_TEXT","interaction":{"idSuffix":"inner"}},"clearTextFirst":true,"interactionType":"ENTER_TEXT"}]}
RESULT: {"script":"<script> [776 bytes]","args":[{"enterText":"WdIOR2cEquipfn3vr","selector":{"id":"application-manageresources-display-component---newResourceUnit--SHORT_TEXT","interaction":{"idSuffix":"inner"}},"clearTextFirst":true,"interactionType":"ENTER_TEXT"}]}
COMMAND: POST /session/d7e4ce2bf424277d4594bf7056aa8e6c/execute/async - {"script":"<script> [1562 bytes]","args":[{"selector":{"id":"application-manageresources-display-component---newResourceUnit--BASE_UNIT_OF_MEASURE","interaction":{"idSuffix":"inner"}},"wdio_ui5_key":"applicationmanageresources-display-component---newResourceUnit--BASE_UNIT_OF_MEASURE"}]}
RESULT: {"script":"<script> [1562 bytes]","args":[{"selector":{"id":"application-manageresources-display-component---newResourceUnit--BASE_UNIT_OF_MEASURE","interaction":{"idSuffix":"inner"}},"wdio_ui5_key":"applicationmanageresources-display-component---newResourceUnit--BASE_UNIT_OF_MEASURE"}]}
RESULT: undefined
COMMAND: POST /session/d7e4ce2bf424277d4594bf7056aa8e6c/execute/async - {"script":"<script> [776 bytes]","args":[{"enterText":"Piece","selector":{"id":"application-manageresources-display-component---newResourceUnit--BASE_UNIT_OF_MEASURE","interaction":{"idSuffix":"inner"}},"clearTextFirst":true,"interactionType":"ENTER_TEXT"}]}
RESULT: {"script":"<script> [776 bytes]","args":[{"enterText":"Piece","selector":{"id":"application-manageresources-display-component---newResourceUnit--BASE_UNIT_OF_MEASURE","interaction":{"idSuffix":"inner"}},"clearTextFirst":true,"interactionType":"ENTER_TEXT"}]}
COMMAND: POST /session/d7e4ce2bf424277d4594bf7056aa8e6c/execute/async - {"script":"<script> [1562 bytes]","args":[{"selector":{"id":"application-manageresources-display-component---newResourceUnit--WEIGHT_UNIT","interaction":{"idSuffix":"inner"}},"wdio_ui5_key":"applicationmanageresources-display-component---newResourceUnit--WEIGHT_UNIT"}]}
RESULT: {"script":"<script> [1562 bytes]","args":[{"selector":{"id":"application-manageresources-display-component---newResourceUnit--WEIGHT_UNIT","interaction":{"idSuffix":"inner"}},"wdio_ui5_key":"applicationmanageresources-display-component---newResourceUnit--WEIGHT_UNIT"}]}
RESULT: undefined
COMMAND: POST /session/d7e4ce2bf424277d4594bf7056aa8e6c/execute/async - {"script":"<script> [776 bytes]","args":[{"enterText":"Gram","selector":{"id":"application-manageresources-display-component---newResourceUnit--WEIGHT_UNIT","interaction":{"idSuffix":"inner"}},"clearTextFirst":true,"interactionType":"ENTER_TEXT"}]}
RESULT: {"script":"<script> [776 bytes]","args":[{"enterText":"Gram","selector":{"id":"application-manageresources-display-component---newResourceUnit--WEIGHT_UNIT","interaction":{"idSuffix":"inner"}},"clearTextFirst":true,"interactionType":"ENTER_TEXT"}]}
COMMAND: POST /session/d7e4ce2bf424277d4594bf7056aa8e6c/execute/async - {"script":"<script> [1562 bytes]","args":[{"selector":{"id":"application-manageresources-display-component---newResourceUnit--newRRUPage-OPHeaderContent-collapseBtn-img"},"wdio_ui5_key":"applicationmanageresources-display-component---newResourceUnit--newRRUPage-OPHeaderContent-collapseBtn-img"}]}
RESULT: {"script":"<script> [1562 bytes]","args":[{"selector":{"id":"application-manageresources-display-component---newResourceUnit--newRRUPage-OPHeaderContent-collapseBtn-img"},"wdio_ui5_key":"applicationmanageresources-display-component---newResourceUnit--newRRUPage-OPHeaderContent-collapseBtn-img"}]}
RESULT: undefined
COMMAND: POST /session/d7e4ce2bf424277d4594bf7056aa8e6c/element - {"using":"xpath","value":"//*[@id=\"application-manageresources-display-component---newResourceUnit--newRRUPage-OPHeaderContent-collapseBtn-img\"]"}
RESULT: {"using":"xpath","value":"//*[@id=\"application-manageresources-display-component---newResourceUnit--newRRUPage-OPHeaderContent-collapseBtn-img\"]"}
COMMAND: POST /session/d7e4ce2bf424277d4594bf7056aa8e6c/element/f.CBC60766CDC2EFD503EA998F31B181AA.d.E93611F3D5854B97152DDF7349FEBC21.e.3782/click - {}
RESULT: {}
COMMAND: GET /session/d7e4ce2bf424277d4594bf7056aa8e6c/screenshot - {}
RESULT: {}
COMMAND: POST /session/d7e4ce2bf424277d4594bf7056aa8e6c/element - {"using":"xpath","value":"(//span[contains(@id ,\"application-manageresources-display-component---newResourceUnit--DIMENSION_UNIT-arrow\")])[1]"}
RESULT: {"using":"xpath","value":"(//span[contains(@id ,\"application-manageresources-display-component---newResourceUnit--DIMENSION_UNIT-arrow\")])[1]"}
COMMAND: POST /session/d7e4ce2bf424277d4594bf7056aa8e6c/element/f.CBC60766CDC2EFD503EA998F31B181AA.d.E93611F3D5854B97152DDF7349FEBC21.e.3932/click - {}
RESULT: {}
COMMAND: GET /session/d7e4ce2bf424277d4594bf7056aa8e6c/screenshot - {}
RESULT: {}
COMMAND: POST /session/d7e4ce2bf424277d4594bf7056aa8e6c/execute/async - {"script":"<script> [1562 bytes]","args":[{"selector":{"controlType":"sap.m.StandardListItem","viewName":"reusables.view.manageresources.NewResourceUnit","viewId":"application-manageresources-display-component---newResourceUnit","properties":{"title":"Centimeter"},"searchOpenDialogs":true,"interaction":{"idSuffix":"titleText"}},"wdio_ui5_key":"reusablesview.manageresources.NewResourceUnitsap.m.StandardListItem{\"title\":\"Centimeter\"}"}]}
RESULT: {"script":"<script> [1562 bytes]","args":[{"selector":{"controlType":"sap.m.StandardListItem","viewName":"reusables.view.manageresources.NewResourceUnit","viewId":"application-manageresources-display-component---newResourceUnit","properties":{"title":"Centimeter"},"searchOpenDialogs":true,"interaction":{"idSuffix":"titleText"}},"wdio_ui5_key":"reusablesview.manageresources.NewResourceUnitsap.m.StandardListItem{\"title\":\"Centimeter\"}"}]}
RESULT: undefined
COMMAND: POST /session/d7e4ce2bf424277d4594bf7056aa8e6c/element - {"using":"xpath","value":"//*[@id=\"__item205\"]"}
RESULT: {"using":"xpath","value":"//*[@id=\"__item205\"]"}
COMMAND: POST /session/d7e4ce2bf424277d4594bf7056aa8e6c/element/f.CBC60766CDC2EFD503EA998F31B181AA.d.E93611F3D5854B97152DDF7349FEBC21.e.3934/click - {}
RESULT: {}
COMMAND: GET /session/d7e4ce2bf424277d4594bf7056aa8e6c/screenshot - {}
RESULT: {}
COMMAND: POST /session/d7e4ce2bf424277d4594bf7056aa8e6c/execute/async - {"script":"<script> [1562 bytes]","args":[{"selector":{"id":"application-manageresources-display-component---newResourceUnit--newRRUPage-anchBar-application-manageresources-display-component---newResourceUnit--control-anchor","interaction":{"idSuffix":"BDI-content"}},"wdio_ui5_key":"applicationmanageresources-display-component---newResourceUnit--newRRUPage-anchBar-application-manageresources-display-component---newResourceUnit--control-anchor"}]}
RESULT: {"script":"<script> [1562 bytes]","args":[{"selector":{"id":"application-manageresources-display-component---newResourceUnit--newRRUPage-anchBar-application-manageresources-display-component---newResourceUnit--control-anchor","interaction":{"idSuffix":"BDI-content"}},"wdio_ui5_key":"applicationmanageresources-display-component---newResourceUnit--newRRUPage-anchBar-application-manageresources-display-component---newResourceUnit--control-anchor"}]}
RESULT: undefined
COMMAND: POST /session/d7e4ce2bf424277d4594bf7056aa8e6c/element - {"using":"xpath","value":"//*[@id=\"application-manageresources-display-component---newResourceUnit--newRRUPage-anchBar-application-manageresources-display-component---newResourceUnit--control-anchor\"]"}
RESULT: {"using":"xpath","value":"//*[@id=\"application-manageresources-display-component---newResourceUnit--newRRUPage-anchBar-application-manageresources-display-component---newResourceUnit--control-anchor\"]"}
COMMAND: POST /session/d7e4ce2bf424277d4594bf7056aa8e6c/element/f.CBC60766CDC2EFD503EA998F31B181AA.d.E93611F3D5854B97152DDF7349FEBC21.e.3936/click - {}
RESULT: {}
COMMAND: POST /session/d7e4ce2bf424277d4594bf7056aa8e6c/execute/async - {"script":"<script> [1562 bytes]","args":[{"selector":{"id":"application-manageresources-display-component---newResourceUnit--PLANNING_GROUP","interaction":{"idSuffix":"inner"}},"wdio_ui5_key":"applicationmanageresources-display-component---newResourceUnit--PLANNING_GROUP"}]}
COMMAND: GET /session/d7e4ce2bf424277d4594bf7056aa8e6c/screenshot - {}
RESULT: {"script":"<script> [1562 bytes]","args":[{"selector":{"id":"application-manageresources-display-component---newResourceUnit--PLANNING_GROUP","interaction":{"idSuffix":"inner"}},"wdio_ui5_key":"applicationmanageresources-display-component---newResourceUnit--PLANNING_GROUP"}]}
RESULT: undefined
COMMAND: POST /session/d7e4ce2bf424277d4594bf7056aa8e6c/execute/async - {"script":"<script> [776 bytes]","args":[{"enterText":"Heavy Equi","selector":{"id":"application-manageresources-display-component---newResourceUnit--PLANNING_GROUP","interaction":{"idSuffix":"inner"}},"clearTextFirst":true,"interactionType":"ENTER_TEXT"}]}
RESULT: {}
RESULT: {"script":"<script> [776 bytes]","args":[{"enterText":"Heavy Equi","selector":{"id":"application-manageresources-display-component---newResourceUnit--PLANNING_GROUP","interaction":{"idSuffix":"inner"}},"clearTextFirst":true,"interactionType":"ENTER_TEXT"}]}
COMMAND: POST /session/d7e4ce2bf424277d4594bf7056aa8e6c/execute/async - {"script":"<script> [1562 bytes]","args":[{"selector":{"id":"application-manageresources-display-component---newResourceUnit--ITEM_TYPE-arrow"},"wdio_ui5_key":"applicationmanageresources-display-component---newResourceUnit--ITEM_TYPE-arrow"}]}
RESULT: {"script":"<script> [1562 bytes]","args":[{"selector":{"id":"application-manageresources-display-component---newResourceUnit--ITEM_TYPE-arrow"},"wdio_ui5_key":"applicationmanageresources-display-component---newResourceUnit--ITEM_TYPE-arrow"}]}
RESULT: undefined
COMMAND: POST /session/d7e4ce2bf424277d4594bf7056aa8e6c/element - {"using":"xpath","value":"//*[@id=\"application-manageresources-display-component---newResourceUnit--ITEM_TYPE-arrow\"]"}
RESULT: {"using":"xpath","value":"//*[@id=\"application-manageresources-display-component---newResourceUnit--ITEM_TYPE-arrow\"]"}
COMMAND: POST /session/d7e4ce2bf424277d4594bf7056aa8e6c/element/f.CBC60766CDC2EFD503EA998F31B181AA.d.E93611F3D5854B97152DDF7349FEBC21.e.3941/click - {}
RESULT: {}
COMMAND: POST /session/d7e4ce2bf424277d4594bf7056aa8e6c/execute/async - {"script":"<script> [1562 bytes]","args":[{"selector":{"controlType":"sap.m.StandardListItem","viewName":"reusables.view.manageresources.NewResourceUnit","viewId":"application-manageresources-display-component---newResourceUnit","properties":{"title":"Resource Unit"},"searchOpenDialogs":true,"interaction":{"idSuffix":"titleText"}},"wdio_ui5_key":"reusablesview.manageresources.NewResourceUnitsap.m.StandardListItem{\"title\":\"Resource Unit\"}"}]}
COMMAND: GET /session/d7e4ce2bf424277d4594bf7056aa8e6c/screenshot - {}
RESULT: {"script":"<script> [1562 bytes]","args":[{"selector":{"controlType":"sap.m.StandardListItem","viewName":"reusables.view.manageresources.NewResourceUnit","viewId":"application-manageresources-display-component---newResourceUnit","properties":{"title":"Resource Unit"},"searchOpenDialogs":true,"interaction":{"idSuffix":"titleText"}},"wdio_ui5_key":"reusablesview.manageresources.NewResourceUnitsap.m.StandardListItem{\"title\":\"Resource Unit\"}"}]}
RESULT: undefined
COMMAND: POST /session/d7e4ce2bf424277d4594bf7056aa8e6c/element - {"using":"xpath","value":"//*[@id=\"__item227\"]"}
RESULT: {}
RESULT: {"using":"xpath","value":"//*[@id=\"__item227\"]"}
COMMAND: POST /session/d7e4ce2bf424277d4594bf7056aa8e6c/element/f.CBC60766CDC2EFD503EA998F31B181AA.d.E93611F3D5854B97152DDF7349FEBC21.e.3943/click - {}
RESULT: {}
COMMAND: POST /session/d7e4ce2bf424277d4594bf7056aa8e6c/element - {"using":"xpath","value":"//bdi[contains(text(), \"Time Segment\")]"}
COMMAND: GET /session/d7e4ce2bf424277d4594bf7056aa8e6c/screenshot - {}
RESULT: {"using":"xpath","value":"//bdi[contains(text(), \"Time Segment\")]"}
COMMAND: GET /session/d7e4ce2bf424277d4594bf7056aa8e6c/element/f.CBC60766CDC2EFD503EA998F31B181AA.d.E93611F3D5854B97152DDF7349FEBC21.e.3950/rect - {}
RESULT: {}
RESULT: {}
COMMAND: GET /session/d7e4ce2bf424277d4594bf7056aa8e6c/window/rect - {}
RESULT: {}
COMMAND: POST /session/d7e4ce2bf424277d4594bf7056aa8e6c/execute/sync - {"script":"<script> [92 bytes]","args":[]}
RESULT: {"script":"<script> [92 bytes]","args":[]}
COMMAND: POST /session/d7e4ce2bf424277d4594bf7056aa8e6c/actions - {"actions":[{"id":"action7","type":"wheel","parameters":{},"actions":[{"type":"scroll","x":-1820,"y":-21,"deltaX":0,"deltaY":0,"duration":0,"origin":{"element-6066-11e4-a52e-4f735466cecf":"f.CBC60766CDC2EFD503EA998F31B181AA.d.E93611F3D5854B97152DDF7349FEBC21.e.3950"}}]}]}
COMMAND: GET /session/d7e4ce2bf424277d4594bf7056aa8e6c/screenshot - {}
RESULT: {}
COMMAND: POST /session/d7e4ce2bf424277d4594bf7056aa8e6c/execute/sync - {"script":"<script> [79 bytes]","args":[{"element-6066-11e4-a52e-4f735466cecf":"f.CBC60766CDC2EFD503EA998F31B181AA.d.E93611F3D5854B97152DDF7349FEBC21.e.3950","ELEMENT":"f.CBC60766CDC2EFD503EA998F31B181AA.d.E93611F3D5854B97152DDF7349FEBC21.e.3950"},{"block":"start","inline":"nearest"}]}
RESULT: {"script":"<script> [79 bytes]","args":[{"element-6066-11e4-a52e-4f735466cecf":"f.CBC60766CDC2EFD503EA998F31B181AA.d.E93611F3D5854B97152DDF7349FEBC21.e.3950","ELEMENT":"f.CBC60766CDC2EFD503EA998F31B181AA.d.E93611F3D5854B97152DDF7349FEBC21.e.3950"},{"block":"start","inline":"nearest"}]}
COMMAND: POST /session/d7e4ce2bf424277d4594bf7056aa8e6c/execute/async - {"script":"<script> [1562 bytes]","args":[{"selector":{"id":"application-manageresources-display-component---newResourceUnit--btnAddTimeSegment-img"},"wdio_ui5_key":"applicationmanageresources-display-component---newResourceUnit--btnAddTimeSegment-img"}]}
COMMAND: GET /session/d7e4ce2bf424277d4594bf7056aa8e6c/screenshot - {}
RESULT: {"script":"<script> [1562 bytes]","args":[{"selector":{"id":"application-manageresources-display-component---newResourceUnit--btnAddTimeSegment-img"},"wdio_ui5_key":"applicationmanageresources-display-component---newResourceUnit--btnAddTimeSegment-img"}]}
RESULT: undefined
COMMAND: POST /session/d7e4ce2bf424277d4594bf7056aa8e6c/element - {"using":"xpath","value":"//*[@id=\"application-manageresources-display-component---newResourceUnit--btnAddTimeSegment-img\"]"}
RESULT: {}
RESULT: {"using":"xpath","value":"//*[@id=\"application-manageresources-display-component---newResourceUnit--btnAddTimeSegment-img\"]"}
COMMAND: POST /session/d7e4ce2bf424277d4594bf7056aa8e6c/element/f.CBC60766CDC2EFD503EA998F31B181AA.d.E93611F3D5854B97152DDF7349FEBC21.e.3953/click - {}
RESULT: {}
COMMAND: GET /session/d7e4ce2bf424277d4594bf7056aa8e6c/screenshot - {}
RESULT: {}
COMMAND: POST /session/d7e4ce2bf424277d4594bf7056aa8e6c/element - {"using":"xpath","value":"//input[@id=\"application-manageresources-display-component---newResourceUnit--idRuTSAdmin-application-manageresources-display-component---newResourceUnit--RUTimeSegment-0-inner\"]"}
RESULT: {"using":"xpath","value":"//input[@id=\"application-manageresources-display-component---newResourceUnit--idRuTSAdmin-application-manageresources-display-component---newResourceUnit--RUTimeSegment-0-inner\"]"}
COMMAND: POST /session/d7e4ce2bf424277d4594bf7056aa8e6c/element/f.CBC60766CDC2EFD503EA998F31B181AA.d.E93611F3D5854B97152DDF7349FEBC21.e.3957/clear - {}
RESULT: {}
COMMAND: POST /session/d7e4ce2bf424277d4594bf7056aa8e6c/element/f.CBC60766CDC2EFD503EA998F31B181AA.d.E93611F3D5854B97152DDF7349FEBC21.e.3957/value - {"text":"WebdriverYardwfm0t"}
COMMAND: GET /session/d7e4ce2bf424277d4594bf7056aa8e6c/screenshot - {}
RESULT: {"text":"WebdriverYardwfm0t"}
COMMAND: GET /session/d7e4ce2bf424277d4594bf7056aa8e6c/screenshot - {}
RESULT: {}
RESULT: {}
COMMAND: POST /session/d7e4ce2bf424277d4594bf7056aa8e6c/actions - {"actions":[{"id":"action8","type":"key","parameters":{},"actions":[{"type":"keyDown","value":""},{"type":"pause","duration":10},{"type":"keyUp","value":""}]}]}
RESULT: {"actions":[{"id":"action8","type":"key","parameters":{},"actions":[{"type":"keyDown","value":""},{"type":"pause","duration":10},{"type":"keyUp","value":""}]}]}
COMMAND: POST /session/d7e4ce2bf424277d4594bf7056aa8e6c/execute/async - {"script":"<script> [1562 bytes]","args":[{"selector":{"controlType":"sap.ui.core.Icon","viewName":"reusables.view.manageresources.NewResourceUnit","viewId":"application-manageresources-display-component---newResourceUnit","properties":{"src":{"regex":{"source":"slim\\-arrow\\-down"}}},"ancestor":{"controlType":"sap.m.ComboBox","viewName":"reusables.view.manageresources.NewResourceUnit","viewId":"application-manageresources-display-component---newResourceUnit","bindingPath":{"path":"/RESOURCE_UNIT_TIME_SEQUENCES/0","propertyPath":"COST_OBJECT_ADMIN_CST_TYPE","modelName":"oNewRruModel"}}},"wdio_ui5_key":"reusablesview.manageresources.NewResourceUnitsap.ui.core.Icon{\"src\":{\"regex\":{\"source\":\"slim\\\\-arrow\\\\-down\"}}}{\"controlType\":\"sap.m.ComboBox\",\"viewName\":\"reusables.view.manageresources.NewResourceUnit\",\"viewId\":\"application-manageresources-display-component---newResourceUnit\",\"bindingPath\":{\"path\":\"/RESOURCE_UNIT_TIME_SEQUENCES/0\",\"propertyPath\":\"COST_OBJECT_ADMIN_CST_TYPE\",\"modelName\":\"oNewRruModel\"}}"}]}
COMMAND: GET /session/d7e4ce2bf424277d4594bf7056aa8e6c/screenshot - {}
RESULT: {"script":"<script> [1562 bytes]","args":[{"selector":{"controlType":"sap.ui.core.Icon","viewName":"reusables.view.manageresources.NewResourceUnit","viewId":"application-manageresources-display-component---newResourceUnit","properties":{"src":{"regex":{"source":"slim\\-arrow\\-down"}}},"ancestor":{"controlType":"sap.m.ComboBox","viewName":"reusables.view.manageresources.NewResourceUnit","viewId":"application-manageresources-display-component---newResourceUnit","bindingPath":{"path":"/RESOURCE_UNIT_TIME_SEQUENCES/0","propertyPath":"COST_OBJECT_ADMIN_CST_TYPE","modelName":"oNewRruModel"}}},"wdio_ui5_key":"reusablesview.manageresources.NewResourceUnitsap.ui.core.Icon{\"src\":{\"regex\":{\"source\":\"slim\\\\-arrow\\\\-down\"}}}{\"controlType\":\"sap.m.ComboBox\",\"viewName\":\"reusables.view.manageresources.NewResourceUnit\",\"viewId\":\"application-manageresources-display-component---newResourceUnit\",\"bindingPath\":{\"path\":\"/RESOURCE_UNIT_TIME_SEQUENCES/0\",\"propertyPath\":\"COST_OBJECT_ADMIN_CST_TYPE\",\"modelName\":\"oNewRruModel\"}}"}]}
RESULT: undefined
COMMAND: POST /session/d7e4ce2bf424277d4594bf7056aa8e6c/element - {"using":"xpath","value":"//*[@id=\"__box5-application-manageresources-display-component---newResourceUnit--RUTimeSegment-0-arrow\"]"}
RESULT: {}
RESULT: {"using":"xpath","value":"//*[@id=\"__box5-application-manageresources-display-component---newResourceUnit--RUTimeSegment-0-arrow\"]"}
COMMAND: POST /session/d7e4ce2bf424277d4594bf7056aa8e6c/element/f.CBC60766CDC2EFD503EA998F31B181AA.d.E93611F3D5854B97152DDF7349FEBC21.e.3969/click - {}
RESULT: {}
COMMAND: POST /session/d7e4ce2bf424277d4594bf7056aa8e6c/execute/async - {"script":"<script> [1562 bytes]","args":[{"selector":{"controlType":"sap.m.StandardListItem","viewName":"reusables.view.manageresources.NewResourceUnit","viewId":"application-manageresources-display-component---newResourceUnit","properties":{"title":"PM Order"},"searchOpenDialogs":true,"interaction":{"idSuffix":"titleText"}},"wdio_ui5_key":"reusablesview.manageresources.NewResourceUnitsap.m.StandardListItem{\"title\":\"PM Order\"}"}]}
COMMAND: GET /session/d7e4ce2bf424277d4594bf7056aa8e6c/screenshot - {}
RESULT: {"script":"<script> [1562 bytes]","args":[{"selector":{"controlType":"sap.m.StandardListItem","viewName":"reusables.view.manageresources.NewResourceUnit","viewId":"application-manageresources-display-component---newResourceUnit","properties":{"title":"PM Order"},"searchOpenDialogs":true,"interaction":{"idSuffix":"titleText"}},"wdio_ui5_key":"reusablesview.manageresources.NewResourceUnitsap.m.StandardListItem{\"title\":\"PM Order\"}"}]}
RESULT: undefined
COMMAND: POST /session/d7e4ce2bf424277d4594bf7056aa8e6c/element - {"using":"xpath","value":"//*[@id=\"__item487\"]"}
RESULT: {}
RESULT: {"using":"xpath","value":"//*[@id=\"__item487\"]"}
COMMAND: POST /session/d7e4ce2bf424277d4594bf7056aa8e6c/element/f.CBC60766CDC2EFD503EA998F31B181AA.d.E93611F3D5854B97152DDF7349FEBC21.e.3973/click - {}
RESULT: {}
COMMAND: GET /session/d7e4ce2bf424277d4594bf7056aa8e6c/screenshot - {}
RESULT: {}
COMMAND: POST /session/d7e4ce2bf424277d4594bf7056aa8e6c/element - {"using":"xpath","value":"(//input[contains(@id ,\"-application-manageresources-display-component---newResourceUnit--RUTimeSegment-0-inner\")])[8]"}
RESULT: {"using":"xpath","value":"(//input[contains(@id ,\"-application-manageresources-display-component---newResourceUnit--RUTimeSegment-0-inner\")])[8]"}
COMMAND: POST /session/d7e4ce2bf424277d4594bf7056aa8e6c/element/f.CBC60766CDC2EFD503EA998F31B181AA.d.E93611F3D5854B97152DDF7349FEBC21.e.3976/clear - {}
RESULT: {}
COMMAND: POST /session/d7e4ce2bf424277d4594bf7056aa8e6c/element/f.CBC60766CDC2EFD503EA998F31B181AA.d.E93611F3D5854B97152DDF7349FEBC21.e.3976/value - {"text":"4000360"}
COMMAND: GET /session/d7e4ce2bf424277d4594bf7056aa8e6c/screenshot - {}
RESULT: {"text":"4000360"}
COMMAND: GET /session/d7e4ce2bf424277d4594bf7056aa8e6c/screenshot - {}
RESULT: {}
RESULT: {}
COMMAND: POST /session/d7e4ce2bf424277d4594bf7056aa8e6c/actions - {"actions":[{"id":"action9","type":"key","parameters":{},"actions":[{"type":"keyDown","value":""},{"type":"pause","duration":10},{"type":"keyUp","value":""}]}]}
RESULT: {"actions":[{"id":"action9","type":"key","parameters":{},"actions":[{"type":"keyDown","value":""},{"type":"pause","duration":10},{"type":"keyUp","value":""}]}]}
COMMAND: GET /session/d7e4ce2bf424277d4594bf7056aa8e6c/screenshot - {}
RESULT: {}
COMMAND: POST /session/d7e4ce2bf424277d4594bf7056aa8e6c/element - {"using":"xpath","value":"//input[contains(@id ,\"application-manageresources-display-component---newResourceUnit--newTimeSegmentFromDatePicker-application-manageresources-display-component---newResourceUnit--RUTimeSegment-0-inner\")]"}
RESULT: {"using":"xpath","value":"//input[contains(@id ,\"application-manageresources-display-component---newResourceUnit--newTimeSegmentFromDatePicker-application-manageresources-display-component---newResourceUnit--RUTimeSegment-0-inner\")]"}
COMMAND: POST /session/d7e4ce2bf424277d4594bf7056aa8e6c/element/f.CBC60766CDC2EFD503EA998F31B181AA.d.E93611F3D5854B97152DDF7349FEBC21.e.3964/clear - {}
RESULT: {}
COMMAND: POST /session/d7e4ce2bf424277d4594bf7056aa8e6c/element/f.CBC60766CDC2EFD503EA998F31B181AA.d.E93611F3D5854B97152DDF7349FEBC21.e.3964/clear - {}
COMMAND: GET /session/d7e4ce2bf424277d4594bf7056aa8e6c/screenshot - {}
RESULT: {}
COMMAND: POST /session/d7e4ce2bf424277d4594bf7056aa8e6c/element/f.CBC60766CDC2EFD503EA998F31B181AA.d.E93611F3D5854B97152DDF7349FEBC21.e.3964/value - {"text":"06/26/24"}
COMMAND: GET /session/d7e4ce2bf424277d4594bf7056aa8e6c/screenshot - {}
RESULT: {}
RESULT: {"text":"06/26/24"}
COMMAND: POST /session/d7e4ce2bf424277d4594bf7056aa8e6c/execute/async - {"script":"<script> [1562 bytes]","args":[{"selector":{"id":"application-manageresources-display-component---newResourceUnit--newRRUPage-anchBar-application-manageresources-display-component---newResourceUnit--resource-anchor","interaction":{"idSuffix":"BDI-content"}},"wdio_ui5_key":"applicationmanageresources-display-component---newResourceUnit--newRRUPage-anchBar-application-manageresources-display-component---newResourceUnit--resource-anchor"}]}
COMMAND: GET /session/d7e4ce2bf424277d4594bf7056aa8e6c/screenshot - {}
RESULT: {}
RESULT: {"script":"<script> [1562 bytes]","args":[{"selector":{"id":"application-manageresources-display-component---newResourceUnit--newRRUPage-anchBar-application-manageresources-display-component---newResourceUnit--resource-anchor","interaction":{"idSuffix":"BDI-content"}},"wdio_ui5_key":"applicationmanageresources-display-component---newResourceUnit--newRRUPage-anchBar-application-manageresources-display-component---newResourceUnit--resource-anchor"}]}
RESULT: undefined
COMMAND: POST /session/d7e4ce2bf424277d4594bf7056aa8e6c/element - {"using":"xpath","value":"//*[@id=\"application-manageresources-display-component---newResourceUnit--newRRUPage-anchBar-application-manageresources-display-component---newResourceUnit--resource-anchor\"]"}
RESULT: {}
RESULT: {"using":"xpath","value":"//*[@id=\"application-manageresources-display-component---newResourceUnit--newRRUPage-anchBar-application-manageresources-display-component---newResourceUnit--resource-anchor\"]"}
COMMAND: POST /session/d7e4ce2bf424277d4594bf7056aa8e6c/element/f.CBC60766CDC2EFD503EA998F31B181AA.d.E93611F3D5854B97152DDF7349FEBC21.e.3997/click - {}
RESULT: {}
COMMAND: POST /session/d7e4ce2bf424277d4594bf7056aa8e6c/execute/async - {"script":"<script> [1562 bytes]","args":[{"selector":{"id":"application-manageresources-display-component---newResourceUnit--PLANNED_DELIVERY_DATE","interaction":{"idSuffix":"inner"}},"wdio_ui5_key":"applicationmanageresources-display-component---newResourceUnit--PLANNED_DELIVERY_DATE"}]}
COMMAND: GET /session/d7e4ce2bf424277d4594bf7056aa8e6c/screenshot - {}
RESULT: {"script":"<script> [1562 bytes]","args":[{"selector":{"id":"application-manageresources-display-component---newResourceUnit--PLANNED_DELIVERY_DATE","interaction":{"idSuffix":"inner"}},"wdio_ui5_key":"applicationmanageresources-display-component---newResourceUnit--PLANNED_DELIVERY_DATE"}]}
RESULT: undefined
COMMAND: POST /session/d7e4ce2bf424277d4594bf7056aa8e6c/execute/async - {"script":"<script> [6424 bytes]","args":[{"element-6066-11e4-a52e-4f735466cecf":"f.CBC60766CDC2EFD503EA998F31B181AA.d.E93611F3D5854B97152DDF7349FEBC21.e.3829"},"setValue",["06/26/24"]]}
RESULT: {}
RESULT: {"script":"<script> [6424 bytes]","args":[{"element-6066-11e4-a52e-4f735466cecf":"f.CBC60766CDC2EFD503EA998F31B181AA.d.E93611F3D5854B97152DDF7349FEBC21.e.3829"},"setValue",["06/26/24"]]}
COMMAND: POST /session/d7e4ce2bf424277d4594bf7056aa8e6c/execute/async - {"script":"<script> [1562 bytes]","args":[{"selector":{"id":"application-manageresources-display-component---newResourceUnit--RETIRE_PLANNED_DATE","interaction":{"idSuffix":"inner"}},"wdio_ui5_key":"applicationmanageresources-display-component---newResourceUnit--RETIRE_PLANNED_DATE"}]}
RESULT: {"script":"<script> [1562 bytes]","args":[{"selector":{"id":"application-manageresources-display-component---newResourceUnit--RETIRE_PLANNED_DATE","interaction":{"idSuffix":"inner"}},"wdio_ui5_key":"applicationmanageresources-display-component---newResourceUnit--RETIRE_PLANNED_DATE"}]}
RESULT: undefined
COMMAND: POST /session/d7e4ce2bf424277d4594bf7056aa8e6c/execute/async - {"script":"<script> [776 bytes]","args":[{"enterText":"3/14/29","selector":{"id":"application-manageresources-display-component---newResourceUnit--RETIRE_PLANNED_DATE","interaction":{"idSuffix":"inner"}},"clearTextFirst":true,"interactionType":"ENTER_TEXT"}]}
RESULT: {"script":"<script> [776 bytes]","args":[{"enterText":"3/14/29","selector":{"id":"application-manageresources-display-component---newResourceUnit--RETIRE_PLANNED_DATE","interaction":{"idSuffix":"inner"}},"clearTextFirst":true,"interactionType":"ENTER_TEXT"}]}
COMMAND: POST /session/d7e4ce2bf424277d4594bf7056aa8e6c/execute/async - {"script":"<script> [1562 bytes]","args":[{"selector":{"controlType":"sap.m.Button","viewName":"reusables.view.manageresources.NewResourceUnit","viewId":"application-manageresources-display-component---newResourceUnit","i18NText":{"propertyName":"tooltip","key":"save"},"interaction":{"idSuffix":"BDI-content"}},"wdio_ui5_key":"reusablesview.manageresources.NewResourceUnitsap.m.Button{\"propertyName\":\"tooltip\",\"key\":\"save\"}"}]}
RESULT: {"script":"<script> [1562 bytes]","args":[{"selector":{"controlType":"sap.m.Button","viewName":"reusables.view.manageresources.NewResourceUnit","viewId":"application-manageresources-display-component---newResourceUnit","i18NText":{"propertyName":"tooltip","key":"save"},"interaction":{"idSuffix":"BDI-content"}},"wdio_ui5_key":"reusablesview.manageresources.NewResourceUnitsap.m.Button{\"propertyName\":\"tooltip\",\"key\":\"save\"}"}]}
RESULT: undefined
COMMAND: POST /session/d7e4ce2bf424277d4594bf7056aa8e6c/element - {"using":"xpath","value":"//*[@id=\"application-manageresources-display-component---newResourceUnit--createRuButton\"]"}
RESULT: {"using":"xpath","value":"//*[@id=\"application-manageresources-display-component---newResourceUnit--createRuButton\"]"}
COMMAND: POST /session/d7e4ce2bf424277d4594bf7056aa8e6c/element/f.CBC60766CDC2EFD503EA998F31B181AA.d.E93611F3D5854B97152DDF7349FEBC21.e.3788/click - {}
RESULT: {}
COMMAND: GET /session/d7e4ce2bf424277d4594bf7056aa8e6c/screenshot - {}
RESULT: {}
COMMAND: POST /session/d7e4ce2bf424277d4594bf7056aa8e6c/execute/async - {"script":"<script> [1562 bytes]","args":[{"selector":{"controlType":"sap.m.Button","properties":{"text":"Close"},"searchOpenDialogs":true,"interaction":{"idSuffix":"inner"}},"wdio_ui5_key":"sapm.Button{\"text\":\"Close\"}"}]}
RESULT: {"script":"<script> [1562 bytes]","args":[{"selector":{"controlType":"sap.m.Button","properties":{"text":"Close"},"searchOpenDialogs":true,"interaction":{"idSuffix":"inner"}},"wdio_ui5_key":"sapm.Button{\"text\":\"Close\"}"}]}
RESULT: undefined
COMMAND: POST /session/d7e4ce2bf424277d4594bf7056aa8e6c/element - {"using":"xpath","value":"//*[@id=\"__mbox-btn-0\"]"}
RESULT: {"using":"xpath","value":"//*[@id=\"__mbox-btn-0\"]"}
COMMAND: POST /session/d7e4ce2bf424277d4594bf7056aa8e6c/element/f.CBC60766CDC2EFD503EA998F31B181AA.d.E93611F3D5854B97152DDF7349FEBC21.e.4007/click - {}
RESULT: {}
COMMAND: GET /session/d7e4ce2bf424277d4594bf7056aa8e6c/screenshot - {}
RESULT: {}
COMMAND: POST /session/d7e4ce2bf424277d4594bf7056aa8e6c/execute/async - {"script":"<script> [1562 bytes]","args":[{"selector":{"controlType":"sap.m.Text","viewName":"etm.portal.ui.manageresources.view.Detail","viewId":"application-manageresources-display-component---detailRU","bindingPath":{"propertyPath":"ID","modelName":"catalogModel"}},"wdio_ui5_key":"etmportal.ui.manageresources.view.Detailsap.m.Text{\"propertyPath\":\"ID\",\"modelName\":\"catalogModel\"}"}]}
RESULT: {"script":"<script> [1562 bytes]","args":[{"selector":{"controlType":"sap.m.Text","viewName":"etm.portal.ui.manageresources.view.Detail","viewId":"application-manageresources-display-component---detailRU","bindingPath":{"propertyPath":"ID","modelName":"catalogModel"}},"wdio_ui5_key":"etmportal.ui.manageresources.view.Detailsap.m.Text{\"propertyPath\":\"ID\",\"modelName\":\"catalogModel\"}"}]}
RESULT: undefined
COMMAND: POST /session/d7e4ce2bf424277d4594bf7056aa8e6c/execute/async - {"script":"<script> [6424 bytes]","args":[{"element-6066-11e4-a52e-4f735466cecf":"f.CBC60766CDC2EFD503EA998F31B181AA.d.E93611F3D5854B97152DDF7349FEBC21.e.4063"},"getText",[]]}
RESULT: {"script":"<script> [6424 bytes]","args":[{"element-6066-11e4-a52e-4f735466cecf":"f.CBC60766CDC2EFD503EA998F31B181AA.d.E93611F3D5854B97152DDF7349FEBC21.e.4063"},"getText",[]]}
COMMAND: POST /session/d7e4ce2bf424277d4594bf7056aa8e6c/element - {"using":"css selector","value":"#shell-header-logo"}
RESULT: {"using":"css selector","value":"#shell-header-logo"}
COMMAND: POST /session/d7e4ce2bf424277d4594bf7056aa8e6c/element/f.CBC60766CDC2EFD503EA998F31B181AA.d.E93611F3D5854B97152DDF7349FEBC21.e.3389/click - {}
RESULT: {}
COMMAND: GET /session/d7e4ce2bf424277d4594bf7056aa8e6c/screenshot - {}
RESULT: {}
COMMAND: POST /session/d7e4ce2bf424277d4594bf7056aa8e6c/execute/async - {"script":"<script> [1562 bytes]","args":[{"selector":{"controlType":"sap.m.GenericTile","properties":{"header":"Manage Catalogs"}},"wdio_ui5_key":"sapm.GenericTile{\"header\":\"Manage Catalogs\"}"}]}
RESULT: {"script":"<script> [1562 bytes]","args":[{"selector":{"controlType":"sap.m.GenericTile","properties":{"header":"Manage Catalogs"}},"wdio_ui5_key":"sapm.GenericTile{\"header\":\"Manage Catalogs\"}"}]}
RESULT: undefined
COMMAND: POST /session/d7e4ce2bf424277d4594bf7056aa8e6c/element - {"using":"xpath","value":"//*[@id=\"__tile37\"]"}
RESULT: {"using":"xpath","value":"//*[@id=\"__tile37\"]"}
COMMAND: POST /session/d7e4ce2bf424277d4594bf7056aa8e6c/element/f.CBC60766CDC2EFD503EA998F31B181AA.d.E93611F3D5854B97152DDF7349FEBC21.e.4065/click - {}
RESULT: {}
COMMAND: GET /session/d7e4ce2bf424277d4594bf7056aa8e6c/screenshot - {}
RESULT: {}
COMMAND: POST /session/d7e4ce2bf424277d4594bf7056aa8e6c/elements - {"using":"xpath","value":"//span[text()='Error']"}
RESULT: {"using":"xpath","value":"//span[text()='Error']"}
COMMAND: POST /session/d7e4ce2bf424277d4594bf7056aa8e6c/execute/async - {"script":"<script> [1562 bytes]","args":[{"selector":{"controlType":"sap.m.Text","viewName":"etm.portal.ui.managecatalogs.view.MasterCatalogs","viewId":"application-managecatalogs-display-component---masterCatalogs","bindingPath":{"path":"/Catalogs('0D7502D073D53A0F1700BE067B89AFF9')","propertyPath":"DESCRIPTION","modelName":"catalogModel"}},"wdio_ui5_key":"etmportal.ui.managecatalogs.view.MasterCatalogssap.m.Text{\"path\":\"/Catalogs('0D7502D073D53A0F1700BE067B89AFF9')\",\"propertyPath\":\"DESCRIPTION\",\"modelName\":\"catalogModel\"}"}]}
RESULT: {"script":"<script> [1562 bytes]","args":[{"selector":{"controlType":"sap.m.Text","viewName":"etm.portal.ui.managecatalogs.view.MasterCatalogs","viewId":"application-managecatalogs-display-component---masterCatalogs","bindingPath":{"path":"/Catalogs('0D7502D073D53A0F1700BE067B89AFF9')","propertyPath":"DESCRIPTION","modelName":"catalogModel"}},"wdio_ui5_key":"etmportal.ui.managecatalogs.view.MasterCatalogssap.m.Text{\"path\":\"/Catalogs('0D7502D073D53A0F1700BE067B89AFF9')\",\"propertyPath\":\"DESCRIPTION\",\"modelName\":\"catalogModel\"}"}]}
RESULT: undefined
COMMAND: POST /session/d7e4ce2bf424277d4594bf7056aa8e6c/element - {"using":"xpath","value":"//*[@id=\"__text787-application-managecatalogs-display-component---masterCatalogs--CatalogsTable-11\"]"}
RESULT: {"using":"xpath","value":"//*[@id=\"__text787-application-managecatalogs-display-component---masterCatalogs--CatalogsTable-11\"]"}
COMMAND: POST /session/d7e4ce2bf424277d4594bf7056aa8e6c/element/f.CBC60766CDC2EFD503EA998F31B181AA.d.E93611F3D5854B97152DDF7349FEBC21.e.4134/click - {}
RESULT: {}
COMMAND: POST /session/d7e4ce2bf424277d4594bf7056aa8e6c/execute/async - {"script":"<script> [1562 bytes]","args":[{"selector":{"controlType":"sap.ui.layout.HorizontalLayout","viewName":"etm.portal.ui.managecatalogs.view.MasterItems","viewId":"application-managecatalogs-display-component---masterCatalogItems","ancestor":{"id":"application-managecatalogs-display-component---masterCatalogItems--idCatalogItemsTree-rows-row0"}},"wdio_ui5_key":"etmportal.ui.managecatalogs.view.MasterItemssap.ui.layout.HorizontalLayout{\"id\":\"application-managecatalogs-display-component---masterCatalogItems--idCatalogItemsTree-rows-row0\"}"}]}
COMMAND: GET /session/d7e4ce2bf424277d4594bf7056aa8e6c/screenshot - {}
RESULT: {"script":"<script> [1562 bytes]","args":[{"selector":{"controlType":"sap.ui.layout.HorizontalLayout","viewName":"etm.portal.ui.managecatalogs.view.MasterItems","viewId":"application-managecatalogs-display-component---masterCatalogItems","ancestor":{"id":"application-managecatalogs-display-component---masterCatalogItems--idCatalogItemsTree-rows-row0"}},"wdio_ui5_key":"etmportal.ui.managecatalogs.view.MasterItemssap.ui.layout.HorizontalLayout{\"id\":\"application-managecatalogs-display-component---masterCatalogItems--idCatalogItemsTree-rows-row0\"}"}]}
RESULT: undefined
COMMAND: POST /session/d7e4ce2bf424277d4594bf7056aa8e6c/element - {"using":"xpath","value":"//*[@id=\"__layout285-__clone1351\"]"}
RESULT: {}
RESULT: {"using":"xpath","value":"//*[@id=\"__layout285-__clone1351\"]"}
COMMAND: POST /session/d7e4ce2bf424277d4594bf7056aa8e6c/element/f.CBC60766CDC2EFD503EA998F31B181AA.d.E93611F3D5854B97152DDF7349FEBC21.e.4169/click - {}
RESULT: {}
COMMAND: GET /session/d7e4ce2bf424277d4594bf7056aa8e6c/screenshot - {}
COMMAND: POST /session/d7e4ce2bf424277d4594bf7056aa8e6c/execute/async - {"script":"<script> [1562 bytes]","args":[{"selector":{"controlType":"sap.m.Button","viewName":"etm.portal.ui.managecatalogs.view.Detail","viewId":"application-managecatalogs-display-component---detailCatalog","i18NText":{"propertyName":"text","key":"edit"},"interaction":{"idSuffix":"BDI-content"}},"wdio_ui5_key":"etmportal.ui.managecatalogs.view.Detailsap.m.Button{\"propertyName\":\"text\",\"key\":\"edit\"}"}]}
RESULT: {}
RESULT: {"script":"<script> [1562 bytes]","args":[{"selector":{"controlType":"sap.m.Button","viewName":"etm.portal.ui.managecatalogs.view.Detail","viewId":"application-managecatalogs-display-component---detailCatalog","i18NText":{"propertyName":"text","key":"edit"},"interaction":{"idSuffix":"BDI-content"}},"wdio_ui5_key":"etmportal.ui.managecatalogs.view.Detailsap.m.Button{\"propertyName\":\"text\",\"key\":\"edit\"}"}]}
RESULT: undefined
COMMAND: POST /session/d7e4ce2bf424277d4594bf7056aa8e6c/element - {"using":"xpath","value":"//*[@id=\"__button128\"]"}
RESULT: {"using":"xpath","value":"//*[@id=\"__button128\"]"}
COMMAND: POST /session/d7e4ce2bf424277d4594bf7056aa8e6c/element/f.CBC60766CDC2EFD503EA998F31B181AA.d.E93611F3D5854B97152DDF7349FEBC21.e.4284/click - {}
RESULT: {}
COMMAND: GET /session/d7e4ce2bf424277d4594bf7056aa8e6c/screenshot - {}
RESULT: {}
COMMAND: POST /session/d7e4ce2bf424277d4594bf7056aa8e6c/element - {"using":"xpath","value":"//bdi[contains(text(), \"Unlock\")]"}
RESULT: {"using":"xpath","value":"//bdi[contains(text(), \"Unlock\")]"}
COMMAND: POST /session/d7e4ce2bf424277d4594bf7056aa8e6c/elements - {"using":"xpath","value":"//bdi[contains(text(), \"Unlock\")]"}
RESULT: {"using":"xpath","value":"//bdi[contains(text(), \"Unlock\")]"}
COMMAND: POST /session/d7e4ce2bf424277d4594bf7056aa8e6c/execute/async - {"script":"<script> [1562 bytes]","args":[{"selector":{"controlType":"sap.ui.core.Icon","viewName":"etm.portal.ui.managecatalogs.view.Detail","viewId":"application-managecatalogs-display-component---detailCatalog","properties":{"src":{"regex":{"source":"add\\-folder"}}}},"wdio_ui5_key":"etmportal.ui.managecatalogs.view.Detailsap.ui.core.Icon{\"src\":{\"regex\":{\"source\":\"add\\\\-folder\"}}}"}]}
RESULT: {"script":"<script> [1562 bytes]","args":[{"selector":{"controlType":"sap.ui.core.Icon","viewName":"etm.portal.ui.managecatalogs.view.Detail","viewId":"application-managecatalogs-display-component---detailCatalog","properties":{"src":{"regex":{"source":"add\\-folder"}}}},"wdio_ui5_key":"etmportal.ui.managecatalogs.view.Detailsap.ui.core.Icon{\"src\":{\"regex\":{\"source\":\"add\\\\-folder\"}}}"}]}
RESULT: undefined
COMMAND: POST /session/d7e4ce2bf424277d4594bf7056aa8e6c/element - {"using":"xpath","value":"//*[@id=\"__button136-img\"]"}
RESULT: {"using":"xpath","value":"//*[@id=\"__button136-img\"]"}
COMMAND: POST /session/d7e4ce2bf424277d4594bf7056aa8e6c/element/f.CBC60766CDC2EFD503EA998F31B181AA.d.E93611F3D5854B97152DDF7349FEBC21.e.4292/click - {}
RESULT: {}
COMMAND: GET /session/d7e4ce2bf424277d4594bf7056aa8e6c/screenshot - {}
RESULT: {}
COMMAND: POST /session/d7e4ce2bf424277d4594bf7056aa8e6c/execute/async - {"script":"<script> [1562 bytes]","args":[{"selector":{"id":"application-managecatalogs-display-component---detailCatalog--numberInput","searchOpenDialogs":true,"interaction":{"idSuffix":"inner"}},"wdio_ui5_key":"applicationmanagecatalogs-display-component---detailCatalog--numberInput"}]}
RESULT: {"script":"<script> [1562 bytes]","args":[{"selector":{"id":"application-managecatalogs-display-component---detailCatalog--numberInput","searchOpenDialogs":true,"interaction":{"idSuffix":"inner"}},"wdio_ui5_key":"applicationmanagecatalogs-display-component---detailCatalog--numberInput"}]}
RESULT: undefined
COMMAND: POST /session/d7e4ce2bf424277d4594bf7056aa8e6c/execute/async - {"script":"<script> [776 bytes]","args":[{"enterText":"Section49iq5","selector":{"id":"application-managecatalogs-display-component---detailCatalog--numberInput","searchOpenDialogs":true,"interaction":{"idSuffix":"inner"}},"clearTextFirst":true,"interactionType":"ENTER_TEXT"}]}
RESULT: {"script":"<script> [776 bytes]","args":[{"enterText":"Section49iq5","selector":{"id":"application-managecatalogs-display-component---detailCatalog--numberInput","searchOpenDialogs":true,"interaction":{"idSuffix":"inner"}},"clearTextFirst":true,"interactionType":"ENTER_TEXT"}]}
COMMAND: POST /session/d7e4ce2bf424277d4594bf7056aa8e6c/element - {"using":"css selector","value":"#application-managecatalogs-display-component---detailCatalog--nameInput-inner"}
RESULT: {"using":"css selector","value":"#application-managecatalogs-display-component---detailCatalog--nameInput-inner"}
COMMAND: POST /session/d7e4ce2bf424277d4594bf7056aa8e6c/elements - {"using":"css selector","value":"#application-managecatalogs-display-component---detailCatalog--nameInput-inner"}
RESULT: {"using":"css selector","value":"#application-managecatalogs-display-component---detailCatalog--nameInput-inner"}
COMMAND: POST /session/d7e4ce2bf424277d4594bf7056aa8e6c/element/f.CBC60766CDC2EFD503EA998F31B181AA.d.E93611F3D5854B97152DDF7349FEBC21.e.4296/clear - {}
RESULT: {}
COMMAND: POST /session/d7e4ce2bf424277d4594bf7056aa8e6c/element/f.CBC60766CDC2EFD503EA998F31B181AA.d.E93611F3D5854B97152DDF7349FEBC21.e.4296/value - {"text":"Webdriver1abik"}
COMMAND: GET /session/d7e4ce2bf424277d4594bf7056aa8e6c/screenshot - {}
RESULT: {"text":"Webdriver1abik"}
COMMAND: POST /session/d7e4ce2bf424277d4594bf7056aa8e6c/execute/async - {"script":"<script> [1562 bytes]","args":[{"selector":{"controlType":"sap.m.Button","viewName":"etm.portal.ui.managecatalogs.view.Detail","viewId":"application-managecatalogs-display-component---detailCatalog","i18NText":{"propertyName":"text","key":"create"},"searchOpenDialogs":true,"interaction":{"idSuffix":"BDI-content"}},"wdio_ui5_key":"etmportal.ui.managecatalogs.view.Detailsap.m.Button{\"propertyName\":\"text\",\"key\":\"create\"}"}]}
COMMAND: GET /session/d7e4ce2bf424277d4594bf7056aa8e6c/screenshot - {}
RESULT: {}
RESULT: {"script":"<script> [1562 bytes]","args":[{"selector":{"controlType":"sap.m.Button","viewName":"etm.portal.ui.managecatalogs.view.Detail","viewId":"application-managecatalogs-display-component---detailCatalog","i18NText":{"propertyName":"text","key":"create"},"searchOpenDialogs":true,"interaction":{"idSuffix":"BDI-content"}},"wdio_ui5_key":"etmportal.ui.managecatalogs.view.Detailsap.m.Button{\"propertyName\":\"text\",\"key\":\"create\"}"}]}
RESULT: undefined
COMMAND: POST /session/d7e4ce2bf424277d4594bf7056aa8e6c/element - {"using":"xpath","value":"//*[@id=\"__button106\"]"}
RESULT: {}
RESULT: {"using":"xpath","value":"//*[@id=\"__button106\"]"}
COMMAND: POST /session/d7e4ce2bf424277d4594bf7056aa8e6c/element/f.CBC60766CDC2EFD503EA998F31B181AA.d.E93611F3D5854B97152DDF7349FEBC21.e.4301/click - {}
RESULT: {}
COMMAND: GET /session/d7e4ce2bf424277d4594bf7056aa8e6c/screenshot - {}
RESULT: {}
COMMAND: POST /session/d7e4ce2bf424277d4594bf7056aa8e6c/element - {"using":"xpath","value":"//button[@title=\"Save\"]"}
RESULT: {"using":"xpath","value":"//button[@title=\"Save\"]"}
COMMAND: POST /session/d7e4ce2bf424277d4594bf7056aa8e6c/element/f.CBC60766CDC2EFD503EA998F31B181AA.d.E93611F3D5854B97152DDF7349FEBC21.e.4302/click - {}
RESULT: {}
COMMAND: POST /session/d7e4ce2bf424277d4594bf7056aa8e6c/execute/async - {"script":"<script> [1562 bytes]","args":[{"selector":{"controlType":"sap.ui.core.Icon","viewName":"etm.portal.ui.managecatalogs.view.Detail","viewId":"application-managecatalogs-display-component---detailCatalog","properties":{"src":{"regex":{"source":"decline"}}}},"wdio_ui5_key":"etmportal.ui.managecatalogs.view.Detailsap.ui.core.Icon{\"src\":{\"regex\":{\"source\":\"decline\"}}}"}]}
COMMAND: GET /session/d7e4ce2bf424277d4594bf7056aa8e6c/screenshot - {}
RESULT: {"script":"<script> [1562 bytes]","args":[{"selector":{"controlType":"sap.ui.core.Icon","viewName":"etm.portal.ui.managecatalogs.view.Detail","viewId":"application-managecatalogs-display-component---detailCatalog","properties":{"src":{"regex":{"source":"decline"}}}},"wdio_ui5_key":"etmportal.ui.managecatalogs.view.Detailsap.ui.core.Icon{\"src\":{\"regex\":{\"source\":\"decline\"}}}"}]}
RESULT: undefined
COMMAND: POST /session/d7e4ce2bf424277d4594bf7056aa8e6c/element - {"using":"xpath","value":"//*[@id=\"__button131-img\"]"}
RESULT: {}
RESULT: {"using":"xpath","value":"//*[@id=\"__button131-img\"]"}
COMMAND: POST /session/d7e4ce2bf424277d4594bf7056aa8e6c/element/f.CBC60766CDC2EFD503EA998F31B181AA.d.E93611F3D5854B97152DDF7349FEBC21.e.4308/click - {}
RESULT: {}
COMMAND: GET /session/d7e4ce2bf424277d4594bf7056aa8e6c/screenshot - {}
RESULT: {}
COMMAND: POST /session/d7e4ce2bf424277d4594bf7056aa8e6c/execute/async - {"script":"<script> [1562 bytes]","args":[{"selector":{"controlType":"sap.ui.core.Icon","viewName":"etm.portal.ui.managecatalogs.view.MasterItems","viewId":"application-managecatalogs-display-component---masterCatalogItems","properties":{"src":{"regex":{"source":"refresh"}}}},"wdio_ui5_key":"etmportal.ui.managecatalogs.view.MasterItemssap.ui.core.Icon{\"src\":{\"regex\":{\"source\":\"refresh\"}}}"}]}
RESULT: {"script":"<script> [1562 bytes]","args":[{"selector":{"controlType":"sap.ui.core.Icon","viewName":"etm.portal.ui.managecatalogs.view.MasterItems","viewId":"application-managecatalogs-display-component---masterCatalogItems","properties":{"src":{"regex":{"source":"refresh"}}}},"wdio_ui5_key":"etmportal.ui.managecatalogs.view.MasterItemssap.ui.core.Icon{\"src\":{\"regex\":{\"source\":\"refresh\"}}}"}]}
RESULT: undefined
COMMAND: POST /session/d7e4ce2bf424277d4594bf7056aa8e6c/element - {"using":"xpath","value":"//*[@id=\"__button104-img\"]"}
RESULT: {"using":"xpath","value":"//*[@id=\"__button104-img\"]"}
COMMAND: POST /session/d7e4ce2bf424277d4594bf7056aa8e6c/element/f.CBC60766CDC2EFD503EA998F31B181AA.d.E93611F3D5854B97152DDF7349FEBC21.e.4344/click - {}
RESULT: {}
COMMAND: POST /session/d7e4ce2bf424277d4594bf7056aa8e6c/execute/async - {"script":"<script> [1562 bytes]","args":[{"selector":{"id":"application-managecatalogs-display-component---masterCatalogItems--searchItemsField","interaction":{"idSuffix":"I"}},"wdio_ui5_key":"applicationmanagecatalogs-display-component---masterCatalogItems--searchItemsField"}]}
COMMAND: GET /session/d7e4ce2bf424277d4594bf7056aa8e6c/screenshot - {}
RESULT: {"script":"<script> [1562 bytes]","args":[{"selector":{"id":"application-managecatalogs-display-component---masterCatalogItems--searchItemsField","interaction":{"idSuffix":"I"}},"wdio_ui5_key":"applicationmanagecatalogs-display-component---masterCatalogItems--searchItemsField"}]}
RESULT: undefined
COMMAND: POST /session/d7e4ce2bf424277d4594bf7056aa8e6c/execute/async - {"script":"<script> [776 bytes]","args":[{"enterText":"Webdriver1abik","selector":{"id":"application-managecatalogs-display-component---masterCatalogItems--searchItemsField","interaction":{"idSuffix":"I"}},"clearTextFirst":true,"interactionType":"ENTER_TEXT"}]}
RESULT: {}
RESULT: {"script":"<script> [776 bytes]","args":[{"enterText":"Webdriver1abik","selector":{"id":"application-managecatalogs-display-component---masterCatalogItems--searchItemsField","interaction":{"idSuffix":"I"}},"clearTextFirst":true,"interactionType":"ENTER_TEXT"}]}
COMMAND: POST /session/d7e4ce2bf424277d4594bf7056aa8e6c/actions - {"actions":[{"id":"action10","type":"key","parameters":{},"actions":[{"type":"keyDown","value":""},{"type":"pause","duration":10},{"type":"keyUp","value":""}]}]}
RESULT: {"actions":[{"id":"action10","type":"key","parameters":{},"actions":[{"type":"keyDown","value":""},{"type":"pause","duration":10},{"type":"keyUp","value":""}]}]}
COMMAND: POST /session/d7e4ce2bf424277d4594bf7056aa8e6c/element - {"using":"xpath","value":"(//span[contains(text(), \"Webdriver1abik\")])[1]"}
COMMAND: GET /session/d7e4ce2bf424277d4594bf7056aa8e6c/screenshot - {}
RESULT: {"using":"xpath","value":"(//span[contains(text(), \"Webdriver1abik\")])[1]"}
COMMAND: POST /session/d7e4ce2bf424277d4594bf7056aa8e6c/element/f.CBC60766CDC2EFD503EA998F31B181AA.d.E93611F3D5854B97152DDF7349FEBC21.e.4347/click - {}
RESULT: {}
RESULT: {}
COMMAND: GET /session/d7e4ce2bf424277d4594bf7056aa8e6c/screenshot - {}
RESULT: {}
RESULT: undefined
COMMAND: POST /session/d7e4ce2bf424277d4594bf7056aa8e6c/element - {"using":"xpath","value":"//*[@id=\"__button128\"]"}
RESULT: {"using":"xpath","value":"//*[@id=\"__button128\"]"}
COMMAND: POST /session/d7e4ce2bf424277d4594bf7056aa8e6c/element/f.CBC60766CDC2EFD503EA998F31B181AA.d.E93611F3D5854B97152DDF7349FEBC21.e.4380/click - {}
RESULT: {}
COMMAND: GET /session/d7e4ce2bf424277d4594bf7056aa8e6c/screenshot - {}
RESULT: {}
RESULT: undefined
COMMAND: POST /session/d7e4ce2bf424277d4594bf7056aa8e6c/element - {"using":"xpath","value":"//*[@id=\"__button136-img\"]"}
RESULT: {"using":"xpath","value":"//*[@id=\"__button136-img\"]"}
COMMAND: POST /session/d7e4ce2bf424277d4594bf7056aa8e6c/element/f.CBC60766CDC2EFD503EA998F31B181AA.d.E93611F3D5854B97152DDF7349FEBC21.e.4433/click - {}
RESULT: {}
COMMAND: GET /session/d7e4ce2bf424277d4594bf7056aa8e6c/screenshot - {}
RESULT: {}
RESULT: undefined
COMMAND: POST /session/d7e4ce2bf424277d4594bf7056aa8e6c/execute/async - {"script":"<script> [776 bytes]","args":[{"enterText":"SecondSection4c16e","selector":{"id":"application-managecatalogs-display-component---detailCatalog--numberInput","searchOpenDialogs":true,"interaction":{"idSuffix":"inner"}},"clearTextFirst":true,"interactionType":"ENTER_TEXT"}]}
RESULT: {"script":"<script> [776 bytes]","args":[{"enterText":"SecondSection4c16e","selector":{"id":"application-managecatalogs-display-component---detailCatalog--numberInput","searchOpenDialogs":true,"interaction":{"idSuffix":"inner"}},"clearTextFirst":true,"interactionType":"ENTER_TEXT"}]}
COMMAND: POST /session/d7e4ce2bf424277d4594bf7056aa8e6c/element - {"using":"xpath","value":"//input[contains(@id ,\"application-managecatalogs-display-component---detailCatalog--nameInput-inner\")]"}
RESULT: {"using":"xpath","value":"//input[contains(@id ,\"application-managecatalogs-display-component---detailCatalog--nameInput-inner\")]"}
COMMAND: POST /session/d7e4ce2bf424277d4594bf7056aa8e6c/elements - {"using":"xpath","value":"//input[contains(@id ,\"application-managecatalogs-display-component---detailCatalog--nameInput-inner\")]"}
RESULT: {"using":"xpath","value":"//input[contains(@id ,\"application-managecatalogs-display-component---detailCatalog--nameInput-inner\")]"}
COMMAND: POST /session/d7e4ce2bf424277d4594bf7056aa8e6c/element/f.CBC60766CDC2EFD503EA998F31B181AA.d.E93611F3D5854B97152DDF7349FEBC21.e.4436/clear - {}
RESULT: {}
COMMAND: POST /session/d7e4ce2bf424277d4594bf7056aa8e6c/element/f.CBC60766CDC2EFD503EA998F31B181AA.d.E93611F3D5854B97152DDF7349FEBC21.e.4436/value - {"text":"webdriversecondsl9xvl"}
COMMAND: GET /session/d7e4ce2bf424277d4594bf7056aa8e6c/screenshot - {}
RESULT: {"text":"webdriversecondsl9xvl"}
RESULT: undefined
COMMAND: POST /session/d7e4ce2bf424277d4594bf7056aa8e6c/element - {"using":"xpath","value":"//*[@id=\"__button106\"]"}
COMMAND: GET /session/d7e4ce2bf424277d4594bf7056aa8e6c/screenshot - {}
RESULT: {}
RESULT: {"using":"xpath","value":"//*[@id=\"__button106\"]"}
COMMAND: POST /session/d7e4ce2bf424277d4594bf7056aa8e6c/element/f.CBC60766CDC2EFD503EA998F31B181AA.d.E93611F3D5854B97152DDF7349FEBC21.e.4440/click - {}
RESULT: {}
RESULT: {}
COMMAND: GET /session/d7e4ce2bf424277d4594bf7056aa8e6c/screenshot - {}
RESULT: {}
COMMAND: POST /session/d7e4ce2bf424277d4594bf7056aa8e6c/element - {"using":"xpath","value":"//button[@title=\"Save\"]"}
RESULT: {"using":"xpath","value":"//button[@title=\"Save\"]"}
COMMAND: POST /session/d7e4ce2bf424277d4594bf7056aa8e6c/element/f.CBC60766CDC2EFD503EA998F31B181AA.d.E93611F3D5854B97152DDF7349FEBC21.e.4418/click - {}
RESULT: {}
COMMAND: GET /session/d7e4ce2bf424277d4594bf7056aa8e6c/screenshot - {}
RESULT: {}
RESULT: undefined
COMMAND: POST /session/d7e4ce2bf424277d4594bf7056aa8e6c/element - {"using":"xpath","value":"//*[@id=\"__button131-img\"]"}
RESULT: {"using":"xpath","value":"//*[@id=\"__button131-img\"]"}
COMMAND: POST /session/d7e4ce2bf424277d4594bf7056aa8e6c/element/f.CBC60766CDC2EFD503EA998F31B181AA.d.E93611F3D5854B97152DDF7349FEBC21.e.4387/click - {}
RESULT: {}
COMMAND: GET /session/d7e4ce2bf424277d4594bf7056aa8e6c/screenshot - {}
RESULT: {}
RESULT: undefined
COMMAND: POST /session/d7e4ce2bf424277d4594bf7056aa8e6c/element - {"using":"xpath","value":"//*[@id=\"__button104-img\"]"}
RESULT: {"using":"xpath","value":"//*[@id=\"__button104-img\"]"}
COMMAND: POST /session/d7e4ce2bf424277d4594bf7056aa8e6c/element/f.CBC60766CDC2EFD503EA998F31B181AA.d.E93611F3D5854B97152DDF7349FEBC21.e.4480/click - {}
RESULT: {}
COMMAND: GET /session/d7e4ce2bf424277d4594bf7056aa8e6c/screenshot - {}
RESULT: {}
RESULT: undefined
COMMAND: POST /session/d7e4ce2bf424277d4594bf7056aa8e6c/execute/async - {"script":"<script> [776 bytes]","args":[{"enterText":"SecondSection4c16e","selector":{"id":"application-managecatalogs-display-component---masterCatalogItems--searchItemsField","interaction":{"idSuffix":"I"}},"clearTextFirst":true,"interactionType":"ENTER_TEXT"}]}
RESULT: {"script":"<script> [776 bytes]","args":[{"enterText":"SecondSection4c16e","selector":{"id":"application-managecatalogs-display-component---masterCatalogItems--searchItemsField","interaction":{"idSuffix":"I"}},"clearTextFirst":true,"interactionType":"ENTER_TEXT"}]}
COMMAND: POST /session/d7e4ce2bf424277d4594bf7056aa8e6c/actions - {"actions":[{"id":"action11","type":"key","parameters":{},"actions":[{"type":"keyDown","value":""},{"type":"pause","duration":10},{"type":"keyUp","value":""}]}]}
RESULT: {"actions":[{"id":"action11","type":"key","parameters":{},"actions":[{"type":"keyDown","value":""},{"type":"pause","duration":10},{"type":"keyUp","value":""}]}]}
COMMAND: POST /session/d7e4ce2bf424277d4594bf7056aa8e6c/element - {"using":"xpath","value":"(//span[contains(text(), \"SecondSection4c16e\")])[1]"}
COMMAND: GET /session/d7e4ce2bf424277d4594bf7056aa8e6c/screenshot - {}
RESULT: {"using":"xpath","value":"(//span[contains(text(), \"SecondSection4c16e\")])[1]"}
COMMAND: POST /session/d7e4ce2bf424277d4594bf7056aa8e6c/element/f.CBC60766CDC2EFD503EA998F31B181AA.d.E93611F3D5854B97152DDF7349FEBC21.e.4483/click - {}
RESULT: {}
RESULT: {}
COMMAND: POST /session/d7e4ce2bf424277d4594bf7056aa8e6c/element - {"using":"xpath","value":"(//span[contains(text(), \"SecondSection4c16e\")])[1]"}
COMMAND: GET /session/d7e4ce2bf424277d4594bf7056aa8e6c/screenshot - {}
RESULT: {"using":"xpath","value":"(//span[contains(text(), \"SecondSection4c16e\")])[1]"}
COMMAND: GET /session/d7e4ce2bf424277d4594bf7056aa8e6c/element/f.CBC60766CDC2EFD503EA998F31B181AA.d.E93611F3D5854B97152DDF7349FEBC21.e.4483/text - {}
RESULT: {}
COMMAND: POST /session/d7e4ce2bf424277d4594bf7056aa8e6c/element - {"using":"xpath","value":"(//span[contains(text(), \"SecondSection4c16e\")])[1]"}
RESULT: {"using":"xpath","value":"(//span[contains(text(), \"SecondSection4c16e\")])[1]"}
COMMAND: GET /session/d7e4ce2bf424277d4594bf7056aa8e6c/element/f.CBC60766CDC2EFD503EA998F31B181AA.d.E93611F3D5854B97152DDF7349FEBC21.e.4483/text - {}
COMMAND: POST /session/d7e4ce2bf424277d4594bf7056aa8e6c/element - {"using":"xpath","value":"(//span[contains(text(), \"SecondSection4c16e\")])[1]"}
RESULT: {"using":"xpath","value":"(//span[contains(text(), \"SecondSection4c16e\")])[1]"}
COMMAND: GET /session/d7e4ce2bf424277d4594bf7056aa8e6c/element/f.CBC60766CDC2EFD503EA998F31B181AA.d.E93611F3D5854B97152DDF7349FEBC21.e.4535/text - {}
RESULT: {}
COMMAND: POST /session/d7e4ce2bf424277d4594bf7056aa8e6c/refresh - {}
RESULT: {}
COMMAND: GET /session/d7e4ce2bf424277d4594bf7056aa8e6c/screenshot - {}
RESULT: {}
COMMAND: POST /session/d7e4ce2bf424277d4594bf7056aa8e6c/execute/async - {"script":"<script> [189 bytes]","args":[]}
RESULT: {"script":"<script> [189 bytes]","args":[]}
COMMAND: POST /session/d7e4ce2bf424277d4594bf7056aa8e6c/execute/async - {"script":"<script> [123 bytes]","args":[]}
RESULT: {"script":"<script> [123 bytes]","args":[]}
COMMAND: POST /session/d7e4ce2bf424277d4594bf7056aa8e6c/timeouts - {"script":"<number>"}
RESULT: {"script":"<number>"}
COMMAND: GET /session/d7e4ce2bf424277d4594bf7056aa8e6c/timeouts - {}
RESULT: {}
RESULT: undefined
COMMAND: POST /session/d7e4ce2bf424277d4594bf7056aa8e6c/execute/async - {"script":"<script> [2676 bytes]","args":[]}
RESULT: {"script":"<script> [2676 bytes]","args":[]}
COMMAND: POST /session/d7e4ce2bf424277d4594bf7056aa8e6c/execute/async - {"script":"<script> [2342 bytes]","args":[{"protocol":"http","hostname":"0.0.0.0","path":"/","capabilities":{"browserName":"chrome","goog:chromeOptions":{"binary":"C:\\Program Files\\Google\\Chrome\\Application\\chrome.exe","args":["--start-maximized"]}},"logLevel":"warn","connectionRetryTimeout":120000,"connectionRetryCount":3,"logLevels":{},"enableDirectConnect":true,"strictSSL":true,"_":"65 more keys: [\"cacheDir\",\"port\",\"requestedCapabilities\",\"automationProtocol\",\"baseUrl\",\"waitforInterval\",\"waitforTimeout\",\"onReload\",\"beforeCommand\",\"afterCommand\",\"rootDir\",\"specs\",\"suites\",\"exclude\",\"groupLogsByTestSpec\",\"excludeDriverLogs\",\"bail\",\"framework\",\"reporters\",\"services\",\"maxInstances\",\"maxInstancesPerCapability\",\"injectGlobals\",\"filesToWatch\",\"execArgv\",\"runnerEnv\",\"runner\",\"shard\",\"specFileRetries\",\"specFileRetriesDelay\",\"specFileRetriesDeferred\",\"reporterSyncInterval\",\"reporterSyncTimeout\",\"cucumberFeaturesWithLineNumbers\",\"autoCompileOpts\",\"mochaOpts\",\"jasmineOpts\",\"cucumberOpts\",\"onPrepare\",\"onWorkerStart\",\"onWorkerEnd\",\"before\",\"beforeSession\",\"beforeSuite\",\"beforeHook\",\"beforeTest\",\"afterTest\",\"afterHook\",\"afterSuite\",\"afterSession\",\"after\",\"onComplete\",\"beforeAssertion\",\"afterAssertion\",\"beforeFeature\",\"beforeScenario\",\"beforeStep\",\"afterStep\",\"afterScenario\",\"afterFeature\",\"_\",\"suite\",\"$0\",\"ignoredWorkerServices\",\"wdi5\"]"}]}
RESULT: {"script":"<script> [2342 bytes]","args":[{"protocol":"http","hostname":"0.0.0.0","path":"/","capabilities":{"browserName":"chrome","goog:chromeOptions":{"binary":"C:\\Program Files\\Google\\Chrome\\Application\\chrome.exe","args":["--start-maximized"]}},"logLevel":"warn","connectionRetryTimeout":120000,"connectionRetryCount":3,"logLevels":{},"enableDirectConnect":true,"strictSSL":true,"_":"65 more keys: [\"cacheDir\",\"port\",\"requestedCapabilities\",\"automationProtocol\",\"baseUrl\",\"waitforInterval\",\"waitforTimeout\",\"onReload\",\"beforeCommand\",\"afterCommand\",\"rootDir\",\"specs\",\"suites\",\"exclude\",\"groupLogsByTestSpec\",\"excludeDriverLogs\",\"bail\",\"framework\",\"reporters\",\"services\",\"maxInstances\",\"maxInstancesPerCapability\",\"injectGlobals\",\"filesToWatch\",\"execArgv\",\"runnerEnv\",\"runner\",\"shard\",\"specFileRetries\",\"specFileRetriesDelay\",\"specFileRetriesDeferred\",\"reporterSyncInterval\",\"reporterSyncTimeout\",\"cucumberFeaturesWithLineNumbers\",\"autoCompileOpts\",\"mochaOpts\",\"jasmineOpts\",\"cucumberOpts\",\"onPrepare\",\"onWorkerStart\",\"onWorkerEnd\",\"before\",\"beforeSession\",\"beforeSuite\",\"beforeHook\",\"beforeTest\",\"afterTest\",\"afterHook\",\"afterSuite\",\"afterSession\",\"after\",\"onComplete\",\"beforeAssertion\",\"afterAssertion\",\"beforeFeature\",\"beforeScenario\",\"beforeStep\",\"afterStep\",\"afterScenario\",\"afterFeature\",\"_\",\"suite\",\"$0\",\"ignoredWorkerServices\",\"wdi5\"]"}]}
COMMAND: POST /session/d7e4ce2bf424277d4594bf7056aa8e6c/execute/async - {"script":"<script> [21126 bytes]","args":[35000]}
RESULT: {"script":"<script> [21126 bytes]","args":[35000]}
COMMAND: POST /session/d7e4ce2bf424277d4594bf7056aa8e6c/execute/async - {"script":"<script> [1562 bytes]","args":[{"selector":{"controlType":"sap.m.Button","viewName":"etm.portal.ui.managecatalogs.view.Detail","viewId":"application-managecatalogs-display-component---detailCatalog","i18NText":{"propertyName":"text","key":"edit"},"interaction":{"idSuffix":"BDI-content"}},"wdio_ui5_key":"etmportal.ui.managecatalogs.view.Detailsap.m.Button{\"propertyName\":\"text\",\"key\":\"edit\"}"}]}
RESULT: {"script":"<script> [1562 bytes]","args":[{"selector":{"controlType":"sap.m.Button","viewName":"etm.portal.ui.managecatalogs.view.Detail","viewId":"application-managecatalogs-display-component---detailCatalog","i18NText":{"propertyName":"text","key":"edit"},"interaction":{"idSuffix":"BDI-content"}},"wdio_ui5_key":"etmportal.ui.managecatalogs.view.Detailsap.m.Button{\"propertyName\":\"text\",\"key\":\"edit\"}"}]}
RESULT: undefined
COMMAND: POST /session/d7e4ce2bf424277d4594bf7056aa8e6c/element - {"using":"xpath","value":"//*[@id=\"__button25\"]"}
RESULT: {"using":"xpath","value":"//*[@id=\"__button25\"]"}
COMMAND: POST /session/d7e4ce2bf424277d4594bf7056aa8e6c/element/f.CBC60766CDC2EFD503EA998F31B181AA.d.3E92FAB8E0C4B47A824B21719F0015AF.e.4593/click - {}
RESULT: {}
COMMAND: GET /session/d7e4ce2bf424277d4594bf7056aa8e6c/screenshot - {}
RESULT: {}
COMMAND: POST /session/d7e4ce2bf424277d4594bf7056aa8e6c/element - {"using":"xpath","value":"//button[contains(@title ,\"Create Catalog Item\")]"}
RESULT: {"using":"xpath","value":"//button[contains(@title ,\"Create Catalog Item\")]"}
COMMAND: POST /session/d7e4ce2bf424277d4594bf7056aa8e6c/element/f.CBC60766CDC2EFD503EA998F31B181AA.d.3E92FAB8E0C4B47A824B21719F0015AF.e.4599/click - {}
RESULT: {}
COMMAND: POST /session/d7e4ce2bf424277d4594bf7056aa8e6c/execute/async - {"script":"<script> [1562 bytes]","args":[{"selector":{"id":"application-managecatalogs-display-component---detailCatalog--newItemNumberInput","searchOpenDialogs":true,"interaction":{"idSuffix":"inner"}},"wdio_ui5_key":"applicationmanagecatalogs-display-component---detailCatalog--newItemNumberInput"}]}
COMMAND: GET /session/d7e4ce2bf424277d4594bf7056aa8e6c/screenshot - {}
RESULT: {"script":"<script> [1562 bytes]","args":[{"selector":{"id":"application-managecatalogs-display-component---detailCatalog--newItemNumberInput","searchOpenDialogs":true,"interaction":{"idSuffix":"inner"}},"wdio_ui5_key":"applicationmanagecatalogs-display-component---detailCatalog--newItemNumberInput"}]}
RESULT: undefined
COMMAND: POST /session/d7e4ce2bf424277d4594bf7056aa8e6c/execute/async - {"script":"<script> [776 bytes]","args":[{"enterText":"catalogItem7v78i","selector":{"id":"application-managecatalogs-display-component---detailCatalog--newItemNumberInput","searchOpenDialogs":true,"interaction":{"idSuffix":"inner"}},"clearTextFirst":true,"interactionType":"ENTER_TEXT"}]}
RESULT: {}
RESULT: {"script":"<script> [776 bytes]","args":[{"enterText":"catalogItem7v78i","selector":{"id":"application-managecatalogs-display-component---detailCatalog--newItemNumberInput","searchOpenDialogs":true,"interaction":{"idSuffix":"inner"}},"clearTextFirst":true,"interactionType":"ENTER_TEXT"}]}
COMMAND: POST /session/d7e4ce2bf424277d4594bf7056aa8e6c/execute/async - {"script":"<script> [1562 bytes]","args":[{"selector":{"controlType":"sap.m.Input","viewName":"etm.portal.ui.managecatalogs.view.Detail","viewId":"application-managecatalogs-display-component---detailCatalog","bindingPath":{"path":"","propertyPath":"/DESCRIPTION"},"searchOpenDialogs":true,"interaction":{"idSuffix":"inner"}},"wdio_ui5_key":"etmportal.ui.managecatalogs.view.Detailsap.m.Input{\"path\":\"\",\"propertyPath\":\"/DESCRIPTION\"}"}]}
RESULT: {"script":"<script> [1562 bytes]","args":[{"selector":{"controlType":"sap.m.Input","viewName":"etm.portal.ui.managecatalogs.view.Detail","viewId":"application-managecatalogs-display-component---detailCatalog","bindingPath":{"path":"","propertyPath":"/DESCRIPTION"},"searchOpenDialogs":true,"interaction":{"idSuffix":"inner"}},"wdio_ui5_key":"etmportal.ui.managecatalogs.view.Detailsap.m.Input{\"path\":\"\",\"propertyPath\":\"/DESCRIPTION\"}"}]}
RESULT: undefined
COMMAND: POST /session/d7e4ce2bf424277d4594bf7056aa8e6c/execute/async - {"script":"<script> [776 bytes]","args":[{"enterText":"catalogItemNamelpa36","selector":{"controlType":"sap.m.Input","viewName":"etm.portal.ui.managecatalogs.view.Detail","viewId":"application-managecatalogs-display-component---detailCatalog","bindingPath":{"path":"","propertyPath":"/DESCRIPTION"},"searchOpenDialogs":true,"interaction":{"idSuffix":"inner"}},"clearTextFirst":true,"interactionType":"ENTER_TEXT"}]}
RESULT: {"script":"<script> [776 bytes]","args":[{"enterText":"catalogItemNamelpa36","selector":{"controlType":"sap.m.Input","viewName":"etm.portal.ui.managecatalogs.view.Detail","viewId":"application-managecatalogs-display-component---detailCatalog","bindingPath":{"path":"","propertyPath":"/DESCRIPTION"},"searchOpenDialogs":true,"interaction":{"idSuffix":"inner"}},"clearTextFirst":true,"interactionType":"ENTER_TEXT"}]}
COMMAND: POST /session/d7e4ce2bf424277d4594bf7056aa8e6c/actions - {"actions":[{"id":"action12","type":"key","parameters":{},"actions":[{"type":"keyDown","value":""},{"type":"pause","duration":10},{"type":"keyUp","value":""}]}]}
RESULT: {"actions":[{"id":"action12","type":"key","parameters":{},"actions":[{"type":"keyDown","value":""},{"type":"pause","duration":10},{"type":"keyUp","value":""}]}]}
COMMAND: GET /session/d7e4ce2bf424277d4594bf7056aa8e6c/screenshot - {}
RESULT: {}
COMMAND: POST /session/d7e4ce2bf424277d4594bf7056aa8e6c/actions - {"actions":[{"id":"action13","type":"key","parameters":{},"actions":[{"type":"keyDown","value":""},{"type":"pause","duration":10},{"type":"keyUp","value":""}]}]}
RESULT: {"actions":[{"id":"action13","type":"key","parameters":{},"actions":[{"type":"keyDown","value":""},{"type":"pause","duration":10},{"type":"keyUp","value":""}]}]}
COMMAND: GET /session/d7e4ce2bf424277d4594bf7056aa8e6c/screenshot - {}
RESULT: {}
COMMAND: POST /session/d7e4ce2bf424277d4594bf7056aa8e6c/element - {"using":"xpath","value":"//button[@title=\"Save\"]"}
RESULT: {"using":"xpath","value":"//button[@title=\"Save\"]"}
COMMAND: POST /session/d7e4ce2bf424277d4594bf7056aa8e6c/element/f.CBC60766CDC2EFD503EA998F31B181AA.d.3E92FAB8E0C4B47A824B21719F0015AF.e.4608/click - {}
RESULT: {}
COMMAND: GET /session/d7e4ce2bf424277d4594bf7056aa8e6c/screenshot - {}
RESULT: {}
COMMAND: POST /session/d7e4ce2bf424277d4594bf7056aa8e6c/execute/async - {"script":"<script> [1562 bytes]","args":[{"selector":{"controlType":"sap.ui.core.Icon","viewName":"etm.portal.ui.managecatalogs.view.Detail","viewId":"application-managecatalogs-display-component---detailCatalog","properties":{"src":{"regex":{"source":"decline"}}}},"wdio_ui5_key":"etmportal.ui.managecatalogs.view.Detailsap.ui.core.Icon{\"src\":{\"regex\":{\"source\":\"decline\"}}}"}]}
RESULT: {"script":"<script> [1562 bytes]","args":[{"selector":{"controlType":"sap.ui.core.Icon","viewName":"etm.portal.ui.managecatalogs.view.Detail","viewId":"application-managecatalogs-display-component---detailCatalog","properties":{"src":{"regex":{"source":"decline"}}}},"wdio_ui5_key":"etmportal.ui.managecatalogs.view.Detailsap.ui.core.Icon{\"src\":{\"regex\":{\"source\":\"decline\"}}}"}]}
RESULT: undefined
COMMAND: POST /session/d7e4ce2bf424277d4594bf7056aa8e6c/element - {"using":"xpath","value":"//*[@id=\"__button28-img\"]"}
RESULT: {"using":"xpath","value":"//*[@id=\"__button28-img\"]"}
COMMAND: POST /session/d7e4ce2bf424277d4594bf7056aa8e6c/element/f.CBC60766CDC2EFD503EA998F31B181AA.d.3E92FAB8E0C4B47A824B21719F0015AF.e.4613/click - {}
RESULT: {}
COMMAND: GET /session/d7e4ce2bf424277d4594bf7056aa8e6c/screenshot - {}
RESULT: {}
COMMAND: POST /session/d7e4ce2bf424277d4594bf7056aa8e6c/execute/async - {"script":"<script> [1562 bytes]","args":[{"selector":{"controlType":"sap.ui.core.Icon","viewName":"etm.portal.ui.managecatalogs.view.MasterItems","viewId":"application-managecatalogs-display-component---masterCatalogItems","properties":{"src":{"regex":{"source":"refresh"}}}},"wdio_ui5_key":"etmportal.ui.managecatalogs.view.MasterItemssap.ui.core.Icon{\"src\":{\"regex\":{\"source\":\"refresh\"}}}"}]}
RESULT: {"script":"<script> [1562 bytes]","args":[{"selector":{"controlType":"sap.ui.core.Icon","viewName":"etm.portal.ui.managecatalogs.view.MasterItems","viewId":"application-managecatalogs-display-component---masterCatalogItems","properties":{"src":{"regex":{"source":"refresh"}}}},"wdio_ui5_key":"etmportal.ui.managecatalogs.view.MasterItemssap.ui.core.Icon{\"src\":{\"regex\":{\"source\":\"refresh\"}}}"}]}
RESULT: undefined
COMMAND: POST /session/d7e4ce2bf424277d4594bf7056aa8e6c/element - {"using":"xpath","value":"//*[@id=\"__button1-img\"]"}
RESULT: {"using":"xpath","value":"//*[@id=\"__button1-img\"]"}
COMMAND: POST /session/d7e4ce2bf424277d4594bf7056aa8e6c/element/f.CBC60766CDC2EFD503EA998F31B181AA.d.3E92FAB8E0C4B47A824B21719F0015AF.e.4622/click - {}
RESULT: {}
COMMAND: GET /session/d7e4ce2bf424277d4594bf7056aa8e6c/screenshot - {}
RESULT: {}
COMMAND: POST /session/d7e4ce2bf424277d4594bf7056aa8e6c/execute/async - {"script":"<script> [1562 bytes]","args":[{"selector":{"id":"application-managecatalogs-display-component---masterCatalogItems--searchItemsField","interaction":{"idSuffix":"I"}},"wdio_ui5_key":"applicationmanagecatalogs-display-component---masterCatalogItems--searchItemsField"}]}
RESULT: {"script":"<script> [1562 bytes]","args":[{"selector":{"id":"application-managecatalogs-display-component---masterCatalogItems--searchItemsField","interaction":{"idSuffix":"I"}},"wdio_ui5_key":"applicationmanagecatalogs-display-component---masterCatalogItems--searchItemsField"}]}
RESULT: undefined
COMMAND: POST /session/d7e4ce2bf424277d4594bf7056aa8e6c/execute/async - {"script":"<script> [776 bytes]","args":[{"enterText":"catalogItemNamelpa36","selector":{"id":"application-managecatalogs-display-component---masterCatalogItems--searchItemsField","interaction":{"idSuffix":"I"}},"clearTextFirst":true,"interactionType":"ENTER_TEXT"}]}
RESULT: {"script":"<script> [776 bytes]","args":[{"enterText":"catalogItemNamelpa36","selector":{"id":"application-managecatalogs-display-component---masterCatalogItems--searchItemsField","interaction":{"idSuffix":"I"}},"clearTextFirst":true,"interactionType":"ENTER_TEXT"}]}
COMMAND: POST /session/d7e4ce2bf424277d4594bf7056aa8e6c/actions - {"actions":[{"id":"action14","type":"key","parameters":{},"actions":[{"type":"keyDown","value":""},{"type":"pause","duration":10},{"type":"keyUp","value":""}]}]}
RESULT: {"actions":[{"id":"action14","type":"key","parameters":{},"actions":[{"type":"keyDown","value":""},{"type":"pause","duration":10},{"type":"keyUp","value":""}]}]}
COMMAND: POST /session/d7e4ce2bf424277d4594bf7056aa8e6c/element - {"using":"xpath","value":"(//span[contains(text(), \"catalogItemNamelpa36\")])[1]"}
COMMAND: GET /session/d7e4ce2bf424277d4594bf7056aa8e6c/screenshot - {}
RESULT: {"using":"xpath","value":"(//span[contains(text(), \"catalogItemNamelpa36\")])[1]"}
COMMAND: POST /session/d7e4ce2bf424277d4594bf7056aa8e6c/element/f.CBC60766CDC2EFD503EA998F31B181AA.d.3E92FAB8E0C4B47A824B21719F0015AF.e.4659/click - {}
RESULT: {}
RESULT: {}
COMMAND: GET /session/d7e4ce2bf424277d4594bf7056aa8e6c/screenshot - {}
RESULT: {}
COMMAND: POST /session/d7e4ce2bf424277d4594bf7056aa8e6c/element - {"using":"xpath","value":"//span[contains(text(), \"catalogItem7v78i\")]"}
RESULT: {"using":"xpath","value":"//span[contains(text(), \"catalogItem7v78i\")]"}
COMMAND: GET /session/d7e4ce2bf424277d4594bf7056aa8e6c/element/f.CBC60766CDC2EFD503EA998F31B181AA.d.3E92FAB8E0C4B47A824B21719F0015AF.e.4720/text - {}
RESULT: {}
]]></system-out>
    </testcase>
    <testcase classname="chrome.136_0_7103_93.windows.Standard_contract_-_add_contract_items_by_Insert_Request_US118222" name="Should assign resources to the catalog item" time="65.847">
      <system-out><![CDATA[
RESULT: undefined
COMMAND: POST /session/d7e4ce2bf424277d4594bf7056aa8e6c/element - {"using":"xpath","value":"//*[@id=\"__button25\"]"}
RESULT: {"using":"xpath","value":"//*[@id=\"__button25\"]"}
COMMAND: POST /session/d7e4ce2bf424277d4594bf7056aa8e6c/element/f.CBC60766CDC2EFD503EA998F31B181AA.d.3E92FAB8E0C4B47A824B21719F0015AF.e.4721/click - {}
RESULT: {}
COMMAND: GET /session/d7e4ce2bf424277d4594bf7056aa8e6c/screenshot - {}
RESULT: {}
COMMAND: POST /session/d7e4ce2bf424277d4594bf7056aa8e6c/execute/async - {"script":"<script> [1562 bytes]","args":[{"selector":{"id":"application-managecatalogs-display-component---detailCatalog--BASE_UNIT_OF_MEASURE-arrow"},"wdio_ui5_key":"applicationmanagecatalogs-display-component---detailCatalog--BASE_UNIT_OF_MEASURE-arrow"}]}
RESULT: {"script":"<script> [1562 bytes]","args":[{"selector":{"id":"application-managecatalogs-display-component---detailCatalog--BASE_UNIT_OF_MEASURE-arrow"},"wdio_ui5_key":"applicationmanagecatalogs-display-component---detailCatalog--BASE_UNIT_OF_MEASURE-arrow"}]}
RESULT: undefined
COMMAND: POST /session/d7e4ce2bf424277d4594bf7056aa8e6c/element - {"using":"xpath","value":"//*[@id=\"application-managecatalogs-display-component---detailCatalog--BASE_UNIT_OF_MEASURE-arrow\"]"}
RESULT: {"using":"xpath","value":"//*[@id=\"application-managecatalogs-display-component---detailCatalog--BASE_UNIT_OF_MEASURE-arrow\"]"}
COMMAND: POST /session/d7e4ce2bf424277d4594bf7056aa8e6c/element/f.CBC60766CDC2EFD503EA998F31B181AA.d.3E92FAB8E0C4B47A824B21719F0015AF.e.4751/click - {}
RESULT: {}
COMMAND: POST /session/d7e4ce2bf424277d4594bf7056aa8e6c/execute/async - {"script":"<script> [1562 bytes]","args":[{"selector":{"controlType":"sap.m.StandardListItem","viewName":"etm.portal.ui.managecatalogs.view.Detail","viewId":"application-managecatalogs-display-component---detailCatalog","properties":{"title":"Piece"},"searchOpenDialogs":true,"interaction":{"idSuffix":"titleText"}},"wdio_ui5_key":"etmportal.ui.managecatalogs.view.Detailsap.m.StandardListItem{\"title\":\"Piece\"}"}]}
COMMAND: GET /session/d7e4ce2bf424277d4594bf7056aa8e6c/screenshot - {}
RESULT: {"script":"<script> [1562 bytes]","args":[{"selector":{"controlType":"sap.m.StandardListItem","viewName":"etm.portal.ui.managecatalogs.view.Detail","viewId":"application-managecatalogs-display-component---detailCatalog","properties":{"title":"Piece"},"searchOpenDialogs":true,"interaction":{"idSuffix":"titleText"}},"wdio_ui5_key":"etmportal.ui.managecatalogs.view.Detailsap.m.StandardListItem{\"title\":\"Piece\"}"}]}
RESULT: undefined
COMMAND: POST /session/d7e4ce2bf424277d4594bf7056aa8e6c/element - {"using":"xpath","value":"//*[@id=\"__item223\"]"}
RESULT: {}
RESULT: {"using":"xpath","value":"//*[@id=\"__item223\"]"}
COMMAND: POST /session/d7e4ce2bf424277d4594bf7056aa8e6c/element/f.CBC60766CDC2EFD503EA998F31B181AA.d.3E92FAB8E0C4B47A824B21719F0015AF.e.4755/click - {}
RESULT: {}
COMMAND: POST /session/d7e4ce2bf424277d4594bf7056aa8e6c/execute/async - {"script":"<script> [1562 bytes]","args":[{"selector":{"id":"application-managecatalogs-display-component---detailCatalog--ObjectPageLayout-anchBar-application-managecatalogs-display-component---detailCatalog--sectionRUs-anchor","interaction":{"idSuffix":"BDI-content"}},"wdio_ui5_key":"applicationmanagecatalogs-display-component---detailCatalog--ObjectPageLayout-anchBar-application-managecatalogs-display-component---detailCatalog--sectionRUs-anchor"}]}
COMMAND: GET /session/d7e4ce2bf424277d4594bf7056aa8e6c/screenshot - {}
RESULT: {"script":"<script> [1562 bytes]","args":[{"selector":{"id":"application-managecatalogs-display-component---detailCatalog--ObjectPageLayout-anchBar-application-managecatalogs-display-component---detailCatalog--sectionRUs-anchor","interaction":{"idSuffix":"BDI-content"}},"wdio_ui5_key":"applicationmanagecatalogs-display-component---detailCatalog--ObjectPageLayout-anchBar-application-managecatalogs-display-component---detailCatalog--sectionRUs-anchor"}]}
RESULT: undefined
COMMAND: POST /session/d7e4ce2bf424277d4594bf7056aa8e6c/element - {"using":"xpath","value":"//*[@id=\"application-managecatalogs-display-component---detailCatalog--ObjectPageLayout-anchBar-application-managecatalogs-display-component---detailCatalog--sectionRUs-anchor\"]"}
RESULT: {}
RESULT: {"using":"xpath","value":"//*[@id=\"application-managecatalogs-display-component---detailCatalog--ObjectPageLayout-anchBar-application-managecatalogs-display-component---detailCatalog--sectionRUs-anchor\"]"}
COMMAND: POST /session/d7e4ce2bf424277d4594bf7056aa8e6c/element/f.CBC60766CDC2EFD503EA998F31B181AA.d.3E92FAB8E0C4B47A824B21719F0015AF.e.4757/click - {}
RESULT: {}
COMMAND: POST /session/d7e4ce2bf424277d4594bf7056aa8e6c/element - {"using":"xpath","value":"//button[contains(@data-kt ,\"catalogItemAssignRuButton\")]"}
COMMAND: GET /session/d7e4ce2bf424277d4594bf7056aa8e6c/screenshot - {}
RESULT: {"using":"xpath","value":"//button[contains(@data-kt ,\"catalogItemAssignRuButton\")]"}
COMMAND: POST /session/d7e4ce2bf424277d4594bf7056aa8e6c/element/f.CBC60766CDC2EFD503EA998F31B181AA.d.3E92FAB8E0C4B47A824B21719F0015AF.e.4761/click - {}
RESULT: {}
RESULT: {}
COMMAND: GET /session/d7e4ce2bf424277d4594bf7056aa8e6c/screenshot - {}
RESULT: {}
COMMAND: POST /session/d7e4ce2bf424277d4594bf7056aa8e6c/actions - {"actions":[{"id":"action15","type":"key","parameters":{},"actions":[{"type":"keyDown","value":""},{"type":"pause","duration":10},{"type":"keyUp","value":""}]}]}
RESULT: {"actions":[{"id":"action15","type":"key","parameters":{},"actions":[{"type":"keyDown","value":""},{"type":"pause","duration":10},{"type":"keyUp","value":""}]}]}
COMMAND: POST /session/d7e4ce2bf424277d4594bf7056aa8e6c/execute/async - {"script":"<script> [1562 bytes]","args":[{"selector":{"id":"application-managecatalogs-display-component---detailCatalog--assignRUSearchField-vhi","searchOpenDialogs":true},"wdio_ui5_key":"applicationmanagecatalogs-display-component---detailCatalog--assignRUSearchField-vhi"}]}
COMMAND: GET /session/d7e4ce2bf424277d4594bf7056aa8e6c/screenshot - {}
RESULT: {"script":"<script> [1562 bytes]","args":[{"selector":{"id":"application-managecatalogs-display-component---detailCatalog--assignRUSearchField-vhi","searchOpenDialogs":true},"wdio_ui5_key":"applicationmanagecatalogs-display-component---detailCatalog--assignRUSearchField-vhi"}]}
RESULT: undefined
COMMAND: POST /session/d7e4ce2bf424277d4594bf7056aa8e6c/element - {"using":"xpath","value":"//*[@id=\"application-managecatalogs-display-component---detailCatalog--assignRUSearchField-vhi\"]"}
RESULT: {}
RESULT: {"using":"xpath","value":"//*[@id=\"application-managecatalogs-display-component---detailCatalog--assignRUSearchField-vhi\"]"}
COMMAND: POST /session/d7e4ce2bf424277d4594bf7056aa8e6c/element/f.CBC60766CDC2EFD503EA998F31B181AA.d.3E92FAB8E0C4B47A824B21719F0015AF.e.4781/click - {}
RESULT: {}
COMMAND: GET /session/d7e4ce2bf424277d4594bf7056aa8e6c/screenshot - {}
RESULT: {}
COMMAND: POST /session/d7e4ce2bf424277d4594bf7056aa8e6c/element - {"using":"xpath","value":"//input[contains(@id ,\"searchField-I\")]"}
RESULT: {"using":"xpath","value":"//input[contains(@id ,\"searchField-I\")]"}
COMMAND: POST /session/d7e4ce2bf424277d4594bf7056aa8e6c/element/f.CBC60766CDC2EFD503EA998F31B181AA.d.3E92FAB8E0C4B47A824B21719F0015AF.e.4785/clear - {}
RESULT: {}
COMMAND: POST /session/d7e4ce2bf424277d4594bf7056aa8e6c/element/f.CBC60766CDC2EFD503EA998F31B181AA.d.3E92FAB8E0C4B47A824B21719F0015AF.e.4785/value - {"text":"WdIOR2cEquipfn3vr"}
COMMAND: GET /session/d7e4ce2bf424277d4594bf7056aa8e6c/screenshot - {}
RESULT: {"text":"WdIOR2cEquipfn3vr"}
COMMAND: GET /session/d7e4ce2bf424277d4594bf7056aa8e6c/screenshot - {}
RESULT: {}
RESULT: {}
COMMAND: POST /session/d7e4ce2bf424277d4594bf7056aa8e6c/actions - {"actions":[{"id":"action16","type":"key","parameters":{},"actions":[{"type":"keyDown","value":""},{"type":"pause","duration":10},{"type":"keyUp","value":""}]}]}
RESULT: {"actions":[{"id":"action16","type":"key","parameters":{},"actions":[{"type":"keyDown","value":""},{"type":"pause","duration":10},{"type":"keyUp","value":""}]}]}
COMMAND: GET /session/d7e4ce2bf424277d4594bf7056aa8e6c/screenshot - {}
RESULT: {}
COMMAND: POST /session/d7e4ce2bf424277d4594bf7056aa8e6c/actions - {"actions":[{"id":"action17","type":"key","parameters":{},"actions":[{"type":"keyDown","value":""},{"type":"pause","duration":10},{"type":"keyUp","value":""}]}]}
RESULT: {"actions":[{"id":"action17","type":"key","parameters":{},"actions":[{"type":"keyDown","value":""},{"type":"pause","duration":10},{"type":"keyUp","value":""}]}]}
COMMAND: GET /session/d7e4ce2bf424277d4594bf7056aa8e6c/screenshot - {}
RESULT: {}
COMMAND: POST /session/d7e4ce2bf424277d4594bf7056aa8e6c/actions - {"actions":[{"id":"action18","type":"key","parameters":{},"actions":[{"type":"keyDown","value":""},{"type":"pause","duration":10},{"type":"keyUp","value":""}]}]}
RESULT: {"actions":[{"id":"action18","type":"key","parameters":{},"actions":[{"type":"keyDown","value":""},{"type":"pause","duration":10},{"type":"keyUp","value":""}]}]}
COMMAND: GET /session/d7e4ce2bf424277d4594bf7056aa8e6c/screenshot - {}
RESULT: {}
COMMAND: POST /session/d7e4ce2bf424277d4594bf7056aa8e6c/element - {"using":"xpath","value":"//bdi[contains(@id ,\"application-managecatalogs-display-component---detailCatalog--RUAssignmentSaveButton-BDI-content\")]"}
RESULT: {"using":"xpath","value":"//bdi[contains(@id ,\"application-managecatalogs-display-component---detailCatalog--RUAssignmentSaveButton-BDI-content\")]"}
COMMAND: POST /session/d7e4ce2bf424277d4594bf7056aa8e6c/element/f.CBC60766CDC2EFD503EA998F31B181AA.d.3E92FAB8E0C4B47A824B21719F0015AF.e.4806/click - {}
RESULT: {}
COMMAND: GET /session/d7e4ce2bf424277d4594bf7056aa8e6c/screenshot - {}
RESULT: {}
COMMAND: POST /session/d7e4ce2bf424277d4594bf7056aa8e6c/element - {"using":"xpath","value":"//bdi[contains(@id ,\"application-managecatalogs-display-component---detailCatalog--ObjectPageLayout-anchBar-application-managecatalogs-display-component---detailCatalog--sectionRUs-anchor-BDI-content\")]"}
RESULT: {"using":"xpath","value":"//bdi[contains(@id ,\"application-managecatalogs-display-component---detailCatalog--ObjectPageLayout-anchBar-application-managecatalogs-display-component---detailCatalog--sectionRUs-anchor-BDI-content\")]"}
COMMAND: POST /session/d7e4ce2bf424277d4594bf7056aa8e6c/element/f.CBC60766CDC2EFD503EA998F31B181AA.d.3E92FAB8E0C4B47A824B21719F0015AF.e.4830/click - {}
RESULT: {}
COMMAND: GET /session/d7e4ce2bf424277d4594bf7056aa8e6c/screenshot - {}
RESULT: {}
COMMAND: POST /session/d7e4ce2bf424277d4594bf7056aa8e6c/element - {"using":"xpath","value":"//button[contains(@data-kt ,\"catalogItemAssignRuButton\")]"}
RESULT: {"using":"xpath","value":"//button[contains(@data-kt ,\"catalogItemAssignRuButton\")]"}
COMMAND: POST /session/d7e4ce2bf424277d4594bf7056aa8e6c/element/f.CBC60766CDC2EFD503EA998F31B181AA.d.3E92FAB8E0C4B47A824B21719F0015AF.e.4761/click - {}
RESULT: {}
COMMAND: GET /session/d7e4ce2bf424277d4594bf7056aa8e6c/screenshot - {}
RESULT: {}
COMMAND: POST /session/d7e4ce2bf424277d4594bf7056aa8e6c/actions - {"actions":[{"id":"action19","type":"key","parameters":{},"actions":[{"type":"keyDown","value":""},{"type":"pause","duration":10},{"type":"keyUp","value":""}]}]}
RESULT: {"actions":[{"id":"action19","type":"key","parameters":{},"actions":[{"type":"keyDown","value":""},{"type":"pause","duration":10},{"type":"keyUp","value":""}]}]}
RESULT: undefined
COMMAND: POST /session/d7e4ce2bf424277d4594bf7056aa8e6c/element - {"using":"xpath","value":"//*[@id=\"application-managecatalogs-display-component---detailCatalog--assignRUSearchField-vhi\"]"}
COMMAND: GET /session/d7e4ce2bf424277d4594bf7056aa8e6c/screenshot - {}
RESULT: {"using":"xpath","value":"//*[@id=\"application-managecatalogs-display-component---detailCatalog--assignRUSearchField-vhi\"]"}
COMMAND: POST /session/d7e4ce2bf424277d4594bf7056aa8e6c/elements - {"using":"xpath","value":"//*[@id=\"application-managecatalogs-display-component---detailCatalog--assignRUSearchField-vhi\"]"}
RESULT: {}
RESULT: {"using":"xpath","value":"//*[@id=\"application-managecatalogs-display-component---detailCatalog--assignRUSearchField-vhi\"]"}
COMMAND: POST /session/d7e4ce2bf424277d4594bf7056aa8e6c/element - {"using":"xpath","value":"//*[@id=\"application-managecatalogs-display-component---detailCatalog--assignRUSearchField-vhi\"]"}
RESULT: {"using":"xpath","value":"//*[@id=\"application-managecatalogs-display-component---detailCatalog--assignRUSearchField-vhi\"]"}
COMMAND: POST /session/d7e4ce2bf424277d4594bf7056aa8e6c/element/f.CBC60766CDC2EFD503EA998F31B181AA.d.3E92FAB8E0C4B47A824B21719F0015AF.e.4855/click - {}
RESULT: {}
COMMAND: POST /session/d7e4ce2bf424277d4594bf7056aa8e6c/execute/async - {"script":"<script> [1562 bytes]","args":[{"selector":{"controlType":"sap.m.SearchField","viewName":"etm.portal.ui.managecatalogs.view.Detail","viewId":"application-managecatalogs-display-component---detailCatalog","searchOpenDialogs":true,"interaction":{"idSuffix":"I"}},"wdio_ui5_key":"etmportal.ui.managecatalogs.view.Detailsap.m.SearchField"}]}
COMMAND: GET /session/d7e4ce2bf424277d4594bf7056aa8e6c/screenshot - {}
RESULT: {"script":"<script> [1562 bytes]","args":[{"selector":{"controlType":"sap.m.SearchField","viewName":"etm.portal.ui.managecatalogs.view.Detail","viewId":"application-managecatalogs-display-component---detailCatalog","searchOpenDialogs":true,"interaction":{"idSuffix":"I"}},"wdio_ui5_key":"etmportal.ui.managecatalogs.view.Detailsap.m.SearchField"}]}
RESULT: undefined
COMMAND: POST /session/d7e4ce2bf424277d4594bf7056aa8e6c/execute/async - {"script":"<script> [776 bytes]","args":[{"enterText":"WebdriverRUR2Crwi8ji","selector":{"controlType":"sap.m.SearchField","viewName":"etm.portal.ui.managecatalogs.view.Detail","viewId":"application-managecatalogs-display-component---detailCatalog","searchOpenDialogs":true,"interaction":{"idSuffix":"I"}},"clearTextFirst":true,"interactionType":"ENTER_TEXT"}]}
RESULT: {}
RESULT: {"script":"<script> [776 bytes]","args":[{"enterText":"WebdriverRUR2Crwi8ji","selector":{"controlType":"sap.m.SearchField","viewName":"etm.portal.ui.managecatalogs.view.Detail","viewId":"application-managecatalogs-display-component---detailCatalog","searchOpenDialogs":true,"interaction":{"idSuffix":"I"}},"clearTextFirst":true,"interactionType":"ENTER_TEXT"}]}
COMMAND: POST /session/d7e4ce2bf424277d4594bf7056aa8e6c/actions - {"actions":[{"id":"action20","type":"key","parameters":{},"actions":[{"type":"keyDown","value":""},{"type":"pause","duration":10},{"type":"keyUp","value":""}]}]}
RESULT: {"actions":[{"id":"action20","type":"key","parameters":{},"actions":[{"type":"keyDown","value":""},{"type":"pause","duration":10},{"type":"keyUp","value":""}]}]}
COMMAND: GET /session/d7e4ce2bf424277d4594bf7056aa8e6c/screenshot - {}
RESULT: {}
COMMAND: POST /session/d7e4ce2bf424277d4594bf7056aa8e6c/element - {"using":"xpath","value":"(//span[contains(text(), \"WebdriverRUR2Crwi8ji\")])[1]"}
RESULT: {"using":"xpath","value":"(//span[contains(text(), \"WebdriverRUR2Crwi8ji\")])[1]"}
COMMAND: POST /session/d7e4ce2bf424277d4594bf7056aa8e6c/element/f.CBC60766CDC2EFD503EA998F31B181AA.d.3E92FAB8E0C4B47A824B21719F0015AF.e.4875/click - {}
RESULT: {}
COMMAND: POST /session/d7e4ce2bf424277d4594bf7056aa8e6c/execute/async - {"script":"<script> [1562 bytes]","args":[{"selector":{"id":"application-managecatalogs-display-component---detailCatalog--RUAssignmentSaveButton","searchOpenDialogs":true,"interaction":{"idSuffix":"BDI-content"}},"wdio_ui5_key":"applicationmanagecatalogs-display-component---detailCatalog--RUAssignmentSaveButton"}]}
COMMAND: GET /session/d7e4ce2bf424277d4594bf7056aa8e6c/screenshot - {}
RESULT: {"script":"<script> [1562 bytes]","args":[{"selector":{"id":"application-managecatalogs-display-component---detailCatalog--RUAssignmentSaveButton","searchOpenDialogs":true,"interaction":{"idSuffix":"BDI-content"}},"wdio_ui5_key":"applicationmanagecatalogs-display-component---detailCatalog--RUAssignmentSaveButton"}]}
RESULT: undefined
COMMAND: POST /session/d7e4ce2bf424277d4594bf7056aa8e6c/element - {"using":"xpath","value":"//*[@id=\"application-managecatalogs-display-component---detailCatalog--RUAssignmentSaveButton\"]"}
RESULT: {}
RESULT: {"using":"xpath","value":"//*[@id=\"application-managecatalogs-display-component---detailCatalog--RUAssignmentSaveButton\"]"}
COMMAND: POST /session/d7e4ce2bf424277d4594bf7056aa8e6c/element/f.CBC60766CDC2EFD503EA998F31B181AA.d.3E92FAB8E0C4B47A824B21719F0015AF.e.4878/click - {}
RESULT: {}
COMMAND: GET /session/d7e4ce2bf424277d4594bf7056aa8e6c/screenshot - {}
RESULT: {}
COMMAND: POST /session/d7e4ce2bf424277d4594bf7056aa8e6c/element - {"using":"xpath","value":"//bdi[contains(text(), \"Save\")]"}
RESULT: {"using":"xpath","value":"//bdi[contains(text(), \"Save\")]"}
COMMAND: POST /session/d7e4ce2bf424277d4594bf7056aa8e6c/element/f.CBC60766CDC2EFD503EA998F31B181AA.d.3E92FAB8E0C4B47A824B21719F0015AF.e.4888/click - {}
RESULT: {}
COMMAND: GET /session/d7e4ce2bf424277d4594bf7056aa8e6c/screenshot - {}
RESULT: {}
COMMAND: POST /session/d7e4ce2bf424277d4594bf7056aa8e6c/element - {"using":"css selector","value":"#shell-header-logo"}
RESULT: {"using":"css selector","value":"#shell-header-logo"}
COMMAND: POST /session/d7e4ce2bf424277d4594bf7056aa8e6c/element/f.CBC60766CDC2EFD503EA998F31B181AA.d.3E92FAB8E0C4B47A824B21719F0015AF.e.4544/click - {}
RESULT: {}
COMMAND: GET /session/d7e4ce2bf424277d4594bf7056aa8e6c/screenshot - {}
RESULT: {}
]]></system-out>
    </testcase>
    <testcase classname="chrome.136_0_7103_93.windows.Standard_contract_-_add_contract_items_by_Insert_Request_US118222" name="Should create a new contract" time="89.076">
      <system-out><![CDATA[
COMMAND: POST /session/d7e4ce2bf424277d4594bf7056aa8e6c/execute/async - {"script":"<script> [1562 bytes]","args":[{"selector":{"controlType":"sap.m.GenericTile","properties":{"header":"Manage Contracts"}},"wdio_ui5_key":"sapm.GenericTile{\"header\":\"Manage Contracts\"}"}]}
RESULT: {"script":"<script> [1562 bytes]","args":[{"selector":{"controlType":"sap.m.GenericTile","properties":{"header":"Manage Contracts"}},"wdio_ui5_key":"sapm.GenericTile{\"header\":\"Manage Contracts\"}"}]}
RESULT: undefined
COMMAND: POST /session/d7e4ce2bf424277d4594bf7056aa8e6c/element - {"using":"xpath","value":"//*[@id=\"__tile130\"]"}
RESULT: {"using":"xpath","value":"//*[@id=\"__tile130\"]"}
COMMAND: POST /session/d7e4ce2bf424277d4594bf7056aa8e6c/element/f.CBC60766CDC2EFD503EA998F31B181AA.d.3E92FAB8E0C4B47A824B21719F0015AF.e.4921/click - {}
RESULT: {}
COMMAND: GET /session/d7e4ce2bf424277d4594bf7056aa8e6c/screenshot - {}
RESULT: {}
COMMAND: POST /session/d7e4ce2bf424277d4594bf7056aa8e6c/elements - {"using":"xpath","value":"//span[text()='Error']"}
RESULT: {"using":"xpath","value":"//span[text()='Error']"}
COMMAND: POST /session/d7e4ce2bf424277d4594bf7056aa8e6c/element - {"using":"xpath","value":"//button[@data-kt=\"addButton\"]"}
RESULT: {"using":"xpath","value":"//button[@data-kt=\"addButton\"]"}
COMMAND: POST /session/d7e4ce2bf424277d4594bf7056aa8e6c/element/f.CBC60766CDC2EFD503EA998F31B181AA.d.3E92FAB8E0C4B47A824B21719F0015AF.e.4970/click - {}
RESULT: {}
COMMAND: GET /session/d7e4ce2bf424277d4594bf7056aa8e6c/screenshot - {}
RESULT: {}
COMMAND: POST /session/d7e4ce2bf424277d4594bf7056aa8e6c/execute/async - {"script":"<script> [1562 bytes]","args":[{"selector":{"id":"application-managecontracts-display-component---AddNewContract--projectDescription","interaction":{"idSuffix":"inner"}},"wdio_ui5_key":"applicationmanagecontracts-display-component---AddNewContract--projectDescription"}]}
RESULT: {"script":"<script> [1562 bytes]","args":[{"selector":{"id":"application-managecontracts-display-component---AddNewContract--projectDescription","interaction":{"idSuffix":"inner"}},"wdio_ui5_key":"applicationmanagecontracts-display-component---AddNewContract--projectDescription"}]}
RESULT: undefined
COMMAND: POST /session/d7e4ce2bf424277d4594bf7056aa8e6c/execute/async - {"script":"<script> [776 bytes]","args":[{"enterText":"WdIOR2c9fpmp","selector":{"id":"application-managecontracts-display-component---AddNewContract--projectDescription","interaction":{"idSuffix":"inner"}},"clearTextFirst":true,"interactionType":"ENTER_TEXT"}]}
RESULT: {"script":"<script> [776 bytes]","args":[{"enterText":"WdIOR2c9fpmp","selector":{"id":"application-managecontracts-display-component---AddNewContract--projectDescription","interaction":{"idSuffix":"inner"}},"clearTextFirst":true,"interactionType":"ENTER_TEXT"}]}
COMMAND: POST /session/d7e4ce2bf424277d4594bf7056aa8e6c/element - {"using":"xpath","value":"//input[@id=\"application-managecontracts-display-component---AddNewContract--yardId-inner\"]"}
RESULT: {"using":"xpath","value":"//input[@id=\"application-managecontracts-display-component---AddNewContract--yardId-inner\"]"}
COMMAND: POST /session/d7e4ce2bf424277d4594bf7056aa8e6c/element/f.CBC60766CDC2EFD503EA998F31B181AA.d.3E92FAB8E0C4B47A824B21719F0015AF.e.5237/clear - {}
RESULT: {}
COMMAND: POST /session/d7e4ce2bf424277d4594bf7056aa8e6c/element/f.CBC60766CDC2EFD503EA998F31B181AA.d.3E92FAB8E0C4B47A824B21719F0015AF.e.5237/value - {"text":"WebdriverYardwfm0t"}
COMMAND: GET /session/d7e4ce2bf424277d4594bf7056aa8e6c/screenshot - {}
RESULT: {"text":"WebdriverYardwfm0t"}
COMMAND: GET /session/d7e4ce2bf424277d4594bf7056aa8e6c/screenshot - {}
RESULT: {}
RESULT: {}
COMMAND: POST /session/d7e4ce2bf424277d4594bf7056aa8e6c/actions - {"actions":[{"id":"action21","type":"key","parameters":{},"actions":[{"type":"keyDown","value":""},{"type":"pause","duration":10},{"type":"keyUp","value":""}]}]}
RESULT: {"actions":[{"id":"action21","type":"key","parameters":{},"actions":[{"type":"keyDown","value":""},{"type":"pause","duration":10},{"type":"keyUp","value":""}]}]}
COMMAND: GET /session/d7e4ce2bf424277d4594bf7056aa8e6c/screenshot - {}
RESULT: {}
COMMAND: POST /session/d7e4ce2bf424277d4594bf7056aa8e6c/element - {"using":"xpath","value":"//input[@id=\"application-managecontracts-display-component---AddNewContract--customerSelect-inner\"]"}
RESULT: {"using":"xpath","value":"//input[@id=\"application-managecontracts-display-component---AddNewContract--customerSelect-inner\"]"}
COMMAND: POST /session/d7e4ce2bf424277d4594bf7056aa8e6c/element/f.CBC60766CDC2EFD503EA998F31B181AA.d.3E92FAB8E0C4B47A824B21719F0015AF.e.5235/clear - {}
RESULT: {}
COMMAND: POST /session/d7e4ce2bf424277d4594bf7056aa8e6c/element/f.CBC60766CDC2EFD503EA998F31B181AA.d.3E92FAB8E0C4B47A824B21719F0015AF.e.5235/value - {"text":"WebdriverPartnerhrr5o"}
COMMAND: GET /session/d7e4ce2bf424277d4594bf7056aa8e6c/screenshot - {}
RESULT: {"text":"WebdriverPartnerhrr5o"}
COMMAND: GET /session/d7e4ce2bf424277d4594bf7056aa8e6c/screenshot - {}
RESULT: {}
RESULT: {}
COMMAND: POST /session/d7e4ce2bf424277d4594bf7056aa8e6c/actions - {"actions":[{"id":"action22","type":"key","parameters":{},"actions":[{"type":"keyDown","value":""},{"type":"pause","duration":10},{"type":"keyUp","value":""}]}]}
RESULT: {"actions":[{"id":"action22","type":"key","parameters":{},"actions":[{"type":"keyDown","value":""},{"type":"pause","duration":10},{"type":"keyUp","value":""}]}]}
COMMAND: GET /session/d7e4ce2bf424277d4594bf7056aa8e6c/screenshot - {}
RESULT: {}
COMMAND: POST /session/d7e4ce2bf424277d4594bf7056aa8e6c/element - {"using":"xpath","value":"//input[@id=\"application-managecontracts-display-component---AddNewContract--site-inner\"]"}
RESULT: {"using":"xpath","value":"//input[@id=\"application-managecontracts-display-component---AddNewContract--site-inner\"]"}
COMMAND: POST /session/d7e4ce2bf424277d4594bf7056aa8e6c/element/f.CBC60766CDC2EFD503EA998F31B181AA.d.3E92FAB8E0C4B47A824B21719F0015AF.e.5236/clear - {}
RESULT: {}
COMMAND: POST /session/d7e4ce2bf424277d4594bf7056aa8e6c/element/f.CBC60766CDC2EFD503EA998F31B181AA.d.3E92FAB8E0C4B47A824B21719F0015AF.e.5236/value - {"text":"WebdriverSiteorgq5"}
COMMAND: GET /session/d7e4ce2bf424277d4594bf7056aa8e6c/screenshot - {}
RESULT: {"text":"WebdriverSiteorgq5"}
COMMAND: GET /session/d7e4ce2bf424277d4594bf7056aa8e6c/screenshot - {}
RESULT: {}
RESULT: {}
COMMAND: POST /session/d7e4ce2bf424277d4594bf7056aa8e6c/actions - {"actions":[{"id":"action23","type":"key","parameters":{},"actions":[{"type":"keyDown","value":""},{"type":"pause","duration":10},{"type":"keyUp","value":""}]}]}
RESULT: {"actions":[{"id":"action23","type":"key","parameters":{},"actions":[{"type":"keyDown","value":""},{"type":"pause","duration":10},{"type":"keyUp","value":""}]}]}
COMMAND: GET /session/d7e4ce2bf424277d4594bf7056aa8e6c/screenshot - {}
RESULT: {}
COMMAND: POST /session/d7e4ce2bf424277d4594bf7056aa8e6c/element - {"using":"xpath","value":"//button[@data-kt=\"saveButton\"]"}
RESULT: {"using":"xpath","value":"//button[@data-kt=\"saveButton\"]"}
COMMAND: POST /session/d7e4ce2bf424277d4594bf7056aa8e6c/element/f.CBC60766CDC2EFD503EA998F31B181AA.d.3E92FAB8E0C4B47A824B21719F0015AF.e.5313/click - {}
RESULT: {}
COMMAND: GET /session/d7e4ce2bf424277d4594bf7056aa8e6c/screenshot - {}
RESULT: {}
COMMAND: POST /session/d7e4ce2bf424277d4594bf7056aa8e6c/execute/async - {"script":"<script> [1562 bytes]","args":[{"selector":{"id":"contractDetailTitleNoExpanded","viewName":"etm.portal.ui.managecontracts.view.Detail"},"wdio_ui5_key":"contractDetailTitleNoExpandedetmportal.ui.managecontracts.view.Detail"}]}
RESULT: {"script":"<script> [1562 bytes]","args":[{"selector":{"id":"contractDetailTitleNoExpanded","viewName":"etm.portal.ui.managecontracts.view.Detail"},"wdio_ui5_key":"contractDetailTitleNoExpandedetmportal.ui.managecontracts.view.Detail"}]}
RESULT: undefined
COMMAND: POST /session/d7e4ce2bf424277d4594bf7056aa8e6c/execute/async - {"script":"<script> [6424 bytes]","args":[{"element-6066-11e4-a52e-4f735466cecf":"f.CBC60766CDC2EFD503EA998F31B181AA.d.3E92FAB8E0C4B47A824B21719F0015AF.e.5331"},"getText",[]]}
RESULT: {"script":"<script> [6424 bytes]","args":[{"element-6066-11e4-a52e-4f735466cecf":"f.CBC60766CDC2EFD503EA998F31B181AA.d.3E92FAB8E0C4B47A824B21719F0015AF.e.5331"},"getText",[]]}
]]></system-out>
    </testcase>
    <testcase classname="chrome.136_0_7103_93.windows.Standard_contract_-_add_contract_items_by_Insert_Request_US118222" name="Should create a new request and plan it" time="175.505">
      <failure/>
      <error message="element click intercepted: Element &lt;a id=&quot;shell-header-logo&quot; role=&quot;button&quot; title=&quot;Navigate to Home&quot; class=&quot;sapUshellShellIco&quot; href=&quot;#Shell-home&quot;>...&lt;/a> is not clickable at point (126, 22). Other element would receive the click: &lt;div id=&quot;sap-ui-blocklayer-popup&quot; tabindex=&quot;0&quot; class=&quot;sapUiBLy&quot; style=&quot;z-index: 329; visibility: visible;&quot;>&lt;/div>&#xA;  (Session info: chrome=136.0.7103.93)"/>
      <system-out><![CDATA[
COMMAND: POST /session/d7e4ce2bf424277d4594bf7056aa8e6c/element - {"using":"css selector","value":"#shell-header-logo"}
RESULT: {"using":"css selector","value":"#shell-header-logo"}
COMMAND: POST /session/d7e4ce2bf424277d4594bf7056aa8e6c/element/f.CBC60766CDC2EFD503EA998F31B181AA.d.3E92FAB8E0C4B47A824B21719F0015AF.e.4925/click - {}
RESULT: {}
COMMAND: GET /session/d7e4ce2bf424277d4594bf7056aa8e6c/screenshot - {}
RESULT: {}
COMMAND: POST /session/d7e4ce2bf424277d4594bf7056aa8e6c/execute/async - {"script":"<script> [1562 bytes]","args":[{"selector":{"controlType":"sap.m.GenericTile","properties":{"header":"Manage Requests"}},"wdio_ui5_key":"sapm.GenericTile{\"header\":\"Manage Requests\"}"}]}
RESULT: {"script":"<script> [1562 bytes]","args":[{"selector":{"controlType":"sap.m.GenericTile","properties":{"header":"Manage Requests"}},"wdio_ui5_key":"sapm.GenericTile{\"header\":\"Manage Requests\"}"}]}
RESULT: undefined
COMMAND: POST /session/d7e4ce2bf424277d4594bf7056aa8e6c/element - {"using":"xpath","value":"//*[@id=\"__tile47\"]"}
RESULT: {"using":"xpath","value":"//*[@id=\"__tile47\"]"}
COMMAND: POST /session/d7e4ce2bf424277d4594bf7056aa8e6c/element/f.CBC60766CDC2EFD503EA998F31B181AA.d.3E92FAB8E0C4B47A824B21719F0015AF.e.5336/click - {}
RESULT: {}
COMMAND: GET /session/d7e4ce2bf424277d4594bf7056aa8e6c/screenshot - {}
RESULT: {}
COMMAND: POST /session/d7e4ce2bf424277d4594bf7056aa8e6c/elements - {"using":"xpath","value":"//span[text()='Error']"}
RESULT: {"using":"xpath","value":"//span[text()='Error']"}
COMMAND: POST /session/d7e4ce2bf424277d4594bf7056aa8e6c/element - {"using":"xpath","value":"//button[contains(@data-kt ,\"btnCreateNewOverflowToolbarButton\")]"}
COMMAND: POST /session/d7e4ce2bf424277d4594bf7056aa8e6c/element - {"using":"xpath","value":"(//span[contains(@class ,\"sapMObjStatusText\")])[1]"}
RESULT: {"using":"xpath","value":"//button[contains(@data-kt ,\"btnCreateNewOverflowToolbarButton\")]"}
COMMAND: POST /session/d7e4ce2bf424277d4594bf7056aa8e6c/element/f.CBC60766CDC2EFD503EA998F31B181AA.d.3E92FAB8E0C4B47A824B21719F0015AF.e.5374/click - {}
RESULT: {"using":"xpath","value":"(//span[contains(@class ,\"sapMObjStatusText\")])[1]"}
COMMAND: POST /session/d7e4ce2bf424277d4594bf7056aa8e6c/execute/sync - {"script":"<script> [8489 bytes]","args":[{"element-6066-11e4-a52e-4f735466cecf":"f.CBC60766CDC2EFD503EA998F31B181AA.d.3E92FAB8E0C4B47A824B21719F0015AF.e.5440","ELEMENT":"f.CBC60766CDC2EFD503EA998F31B181AA.d.3E92FAB8E0C4B47A824B21719F0015AF.e.5440"}]}
RESULT: {}
COMMAND: GET /session/d7e4ce2bf424277d4594bf7056aa8e6c/screenshot - {}
RESULT: {"script":"<script> [8489 bytes]","args":[{"element-6066-11e4-a52e-4f735466cecf":"f.CBC60766CDC2EFD503EA998F31B181AA.d.3E92FAB8E0C4B47A824B21719F0015AF.e.5440","ELEMENT":"f.CBC60766CDC2EFD503EA998F31B181AA.d.3E92FAB8E0C4B47A824B21719F0015AF.e.5440"}]}
COMMAND: GET /session/d7e4ce2bf424277d4594bf7056aa8e6c/screenshot - {}
RESULT: {}
RESULT: {}
COMMAND: POST /session/d7e4ce2bf424277d4594bf7056aa8e6c/element - {"using":"xpath","value":"//input[contains(@id ,\"yardId-inner\")]"}
RESULT: {"using":"xpath","value":"//input[contains(@id ,\"yardId-inner\")]"}
COMMAND: POST /session/d7e4ce2bf424277d4594bf7056aa8e6c/execute/sync - {"script":"<script> [8489 bytes]","args":[{"element-6066-11e4-a52e-4f735466cecf":"f.CBC60766CDC2EFD503EA998F31B181AA.d.3E92FAB8E0C4B47A824B21719F0015AF.e.5547","ELEMENT":"f.CBC60766CDC2EFD503EA998F31B181AA.d.3E92FAB8E0C4B47A824B21719F0015AF.e.5547"}]}
RESULT: {"script":"<script> [8489 bytes]","args":[{"element-6066-11e4-a52e-4f735466cecf":"f.CBC60766CDC2EFD503EA998F31B181AA.d.3E92FAB8E0C4B47A824B21719F0015AF.e.5547","ELEMENT":"f.CBC60766CDC2EFD503EA998F31B181AA.d.3E92FAB8E0C4B47A824B21719F0015AF.e.5547"}]}
COMMAND: POST /session/d7e4ce2bf424277d4594bf7056aa8e6c/element - {"using":"xpath","value":"//input[contains(@id ,\"requestContractNo-inner\")]"}
COMMAND: POST /session/d7e4ce2bf424277d4594bf7056aa8e6c/element - {"using":"xpath","value":"//input[contains(@id ,\"requestContractNo-inner\")]"}
COMMAND: GET /session/d7e4ce2bf424277d4594bf7056aa8e6c/screenshot - {}
RESULT: {"using":"xpath","value":"//input[contains(@id ,\"requestContractNo-inner\")]"}
COMMAND: POST /session/d7e4ce2bf424277d4594bf7056aa8e6c/element/f.CBC60766CDC2EFD503EA998F31B181AA.d.3E92FAB8E0C4B47A824B21719F0015AF.e.5542/value - {"text":"10283"}
RESULT: {"using":"xpath","value":"//input[contains(@id ,\"requestContractNo-inner\")]"}
COMMAND: GET /session/d7e4ce2bf424277d4594bf7056aa8e6c/element/f.CBC60766CDC2EFD503EA998F31B181AA.d.3E92FAB8E0C4B47A824B21719F0015AF.e.5542/enabled - {}
RESULT: {}
RESULT: {"text":"10283"}
COMMAND: GET /session/d7e4ce2bf424277d4594bf7056aa8e6c/screenshot - {}
RESULT: {}
COMMAND: GET /session/d7e4ce2bf424277d4594bf7056aa8e6c/screenshot - {}
RESULT: {}
RESULT: {}
COMMAND: POST /session/d7e4ce2bf424277d4594bf7056aa8e6c/actions - {"actions":[{"id":"action24","type":"key","parameters":{},"actions":[{"type":"keyDown","value":""},{"type":"pause","duration":10},{"type":"keyUp","value":""}]}]}
RESULT: {"actions":[{"id":"action24","type":"key","parameters":{},"actions":[{"type":"keyDown","value":""},{"type":"pause","duration":10},{"type":"keyUp","value":""}]}]}
COMMAND: GET /session/d7e4ce2bf424277d4594bf7056aa8e6c/screenshot - {}
RESULT: {}
COMMAND: POST /session/d7e4ce2bf424277d4594bf7056aa8e6c/execute/async - {"script":"<script> [1562 bytes]","args":[{"selector":{"controlType":"sap.ui.core.Icon","viewName":"etm.portal.ui.managerequests.view.NewRequest","properties":{"src":{"regex":{"source":"add"}}}},"wdio_ui5_key":"etmportal.ui.managerequests.view.NewRequestsap.ui.core.Icon{\"src\":{\"regex\":{\"source\":\"add\"}}}"}]}
RESULT: {"script":"<script> [1562 bytes]","args":[{"selector":{"controlType":"sap.ui.core.Icon","viewName":"etm.portal.ui.managerequests.view.NewRequest","properties":{"src":{"regex":{"source":"add"}}}},"wdio_ui5_key":"etmportal.ui.managerequests.view.NewRequestsap.ui.core.Icon{\"src\":{\"regex\":{\"source\":\"add\"}}}"}]}
RESULT: undefined
COMMAND: POST /session/d7e4ce2bf424277d4594bf7056aa8e6c/element - {"using":"xpath","value":"//*[@id=\"__xmlview61--btnAddTableRow-img\"]"}
RESULT: {"using":"xpath","value":"//*[@id=\"__xmlview61--btnAddTableRow-img\"]"}
COMMAND: POST /session/d7e4ce2bf424277d4594bf7056aa8e6c/element/f.CBC60766CDC2EFD503EA998F31B181AA.d.3E92FAB8E0C4B47A824B21719F0015AF.e.5675/click - {}
RESULT: {}
COMMAND: GET /session/d7e4ce2bf424277d4594bf7056aa8e6c/screenshot - {}
RESULT: {}
COMMAND: POST /session/d7e4ce2bf424277d4594bf7056aa8e6c/execute/async - {"script":"<script> [1562 bytes]","args":[{"selector":{"controlType":"sap.ui.unified.MenuItem","viewName":"etm.portal.ui.managerequests.view.NewRequest","i18NText":{"propertyName":"text","key":"standardEntry"},"searchOpenDialogs":true,"interaction":{"idSuffix":"txt"}},"wdio_ui5_key":"etmportal.ui.managerequests.view.NewRequestsap.ui.unified.MenuItem{\"propertyName\":\"text\",\"key\":\"standardEntry\"}"}]}
RESULT: {"script":"<script> [1562 bytes]","args":[{"selector":{"controlType":"sap.ui.unified.MenuItem","viewName":"etm.portal.ui.managerequests.view.NewRequest","i18NText":{"propertyName":"text","key":"standardEntry"},"searchOpenDialogs":true,"interaction":{"idSuffix":"txt"}},"wdio_ui5_key":"etmportal.ui.managerequests.view.NewRequestsap.ui.unified.MenuItem{\"propertyName\":\"text\",\"key\":\"standardEntry\"}"}]}
RESULT: undefined
COMMAND: POST /session/d7e4ce2bf424277d4594bf7056aa8e6c/element - {"using":"xpath","value":"//*[@id=\"__item1394\"]"}
RESULT: {"using":"xpath","value":"//*[@id=\"__item1394\"]"}
COMMAND: POST /session/d7e4ce2bf424277d4594bf7056aa8e6c/element/f.CBC60766CDC2EFD503EA998F31B181AA.d.3E92FAB8E0C4B47A824B21719F0015AF.e.5679/click - {}
RESULT: {}
COMMAND: GET /session/d7e4ce2bf424277d4594bf7056aa8e6c/screenshot - {}
RESULT: {}
RESULT: undefined
COMMAND: POST /session/d7e4ce2bf424277d4594bf7056aa8e6c/element - {"using":"xpath","value":"//*[@id=\"__xmlview61--btnAddTableRow-img\"]"}
RESULT: {"using":"xpath","value":"//*[@id=\"__xmlview61--btnAddTableRow-img\"]"}
COMMAND: POST /session/d7e4ce2bf424277d4594bf7056aa8e6c/element/f.CBC60766CDC2EFD503EA998F31B181AA.d.3E92FAB8E0C4B47A824B21719F0015AF.e.5675/click - {}
RESULT: {}
COMMAND: GET /session/d7e4ce2bf424277d4594bf7056aa8e6c/screenshot - {}
RESULT: {}
RESULT: undefined
COMMAND: POST /session/d7e4ce2bf424277d4594bf7056aa8e6c/element - {"using":"xpath","value":"//*[@id=\"__item1394\"]"}
RESULT: {"using":"xpath","value":"//*[@id=\"__item1394\"]"}
COMMAND: POST /session/d7e4ce2bf424277d4594bf7056aa8e6c/element/f.CBC60766CDC2EFD503EA998F31B181AA.d.3E92FAB8E0C4B47A824B21719F0015AF.e.5691/click - {}
RESULT: {}
COMMAND: GET /session/d7e4ce2bf424277d4594bf7056aa8e6c/screenshot - {}
RESULT: {}
COMMAND: POST /session/d7e4ce2bf424277d4594bf7056aa8e6c/element - {"using":"xpath","value":"(//input[contains(@id ,\"requestItemsTable-0-inner\")])[1]"}
RESULT: {"using":"xpath","value":"(//input[contains(@id ,\"requestItemsTable-0-inner\")])[1]"}
COMMAND: POST /session/d7e4ce2bf424277d4594bf7056aa8e6c/element/f.CBC60766CDC2EFD503EA998F31B181AA.d.3E92FAB8E0C4B47A824B21719F0015AF.e.5681/clear - {}
RESULT: {}
COMMAND: POST /session/d7e4ce2bf424277d4594bf7056aa8e6c/element/f.CBC60766CDC2EFD503EA998F31B181AA.d.3E92FAB8E0C4B47A824B21719F0015AF.e.5681/value - {"text":"catalogItem7v78i"}
COMMAND: GET /session/d7e4ce2bf424277d4594bf7056aa8e6c/screenshot - {}
RESULT: {"text":"catalogItem7v78i"}
COMMAND: GET /session/d7e4ce2bf424277d4594bf7056aa8e6c/screenshot - {}
RESULT: {}
RESULT: {}
COMMAND: POST /session/d7e4ce2bf424277d4594bf7056aa8e6c/actions - {"actions":[{"id":"action25","type":"key","parameters":{},"actions":[{"type":"keyDown","value":""},{"type":"pause","duration":10},{"type":"keyUp","value":""}]}]}
RESULT: {"actions":[{"id":"action25","type":"key","parameters":{},"actions":[{"type":"keyDown","value":""},{"type":"pause","duration":10},{"type":"keyUp","value":""}]}]}
COMMAND: POST /session/d7e4ce2bf424277d4594bf7056aa8e6c/element - {"using":"xpath","value":"(//input[contains(@id ,\"requestItemsTable-1-inner\")])[1]"}
COMMAND: GET /session/d7e4ce2bf424277d4594bf7056aa8e6c/screenshot - {}
RESULT: {"using":"xpath","value":"(//input[contains(@id ,\"requestItemsTable-1-inner\")])[1]"}
COMMAND: POST /session/d7e4ce2bf424277d4594bf7056aa8e6c/element/f.CBC60766CDC2EFD503EA998F31B181AA.d.3E92FAB8E0C4B47A824B21719F0015AF.e.5693/clear - {}
RESULT: {}
RESULT: {}
COMMAND: POST /session/d7e4ce2bf424277d4594bf7056aa8e6c/element/f.CBC60766CDC2EFD503EA998F31B181AA.d.3E92FAB8E0C4B47A824B21719F0015AF.e.5693/value - {"text":"catalogItem7v78i"}
COMMAND: GET /session/d7e4ce2bf424277d4594bf7056aa8e6c/screenshot - {}
RESULT: {"text":"catalogItem7v78i"}
COMMAND: GET /session/d7e4ce2bf424277d4594bf7056aa8e6c/screenshot - {}
RESULT: {}
RESULT: {}
COMMAND: POST /session/d7e4ce2bf424277d4594bf7056aa8e6c/actions - {"actions":[{"id":"action26","type":"key","parameters":{},"actions":[{"type":"keyDown","value":""},{"type":"pause","duration":10},{"type":"keyUp","value":""}]}]}
RESULT: {"actions":[{"id":"action26","type":"key","parameters":{},"actions":[{"type":"keyDown","value":""},{"type":"pause","duration":10},{"type":"keyUp","value":""}]}]}
COMMAND: GET /session/d7e4ce2bf424277d4594bf7056aa8e6c/screenshot - {}
RESULT: {}
COMMAND: POST /session/d7e4ce2bf424277d4594bf7056aa8e6c/execute/async - {"script":"<script> [1562 bytes]","args":[{"selector":{"controlType":"sap.ui.core.Icon","viewName":"etm.portal.ui.managerequests.view.NewRequest","properties":{"src":{"regex":{"source":"slim\\-arrow\\-down"}}},"ancestor":{"controlType":"sap.m.Button","viewName":"etm.portal.ui.managerequests.view.NewRequest","properties":{"icon":"sap-icon://slim-arrow-down"}}},"wdio_ui5_key":"etmportal.ui.managerequests.view.NewRequestsap.ui.core.Icon{\"src\":{\"regex\":{\"source\":\"slim\\\\-arrow\\\\-down\"}}}{\"controlType\":\"sap.m.Button\",\"viewName\":\"etm.portal.ui.managerequests.view.NewRequest\",\"properties\":{\"icon\":\"sap-icon://slim-arrow-down\"}}"}]}
RESULT: {"script":"<script> [1562 bytes]","args":[{"selector":{"controlType":"sap.ui.core.Icon","viewName":"etm.portal.ui.managerequests.view.NewRequest","properties":{"src":{"regex":{"source":"slim\\-arrow\\-down"}}},"ancestor":{"controlType":"sap.m.Button","viewName":"etm.portal.ui.managerequests.view.NewRequest","properties":{"icon":"sap-icon://slim-arrow-down"}}},"wdio_ui5_key":"etmportal.ui.managerequests.view.NewRequestsap.ui.core.Icon{\"src\":{\"regex\":{\"source\":\"slim\\\\-arrow\\\\-down\"}}}{\"controlType\":\"sap.m.Button\",\"viewName\":\"etm.portal.ui.managerequests.view.NewRequest\",\"properties\":{\"icon\":\"sap-icon://slim-arrow-down\"}}"}]}
RESULT: undefined
COMMAND: POST /session/d7e4ce2bf424277d4594bf7056aa8e6c/element - {"using":"xpath","value":"//*[@id=\"__title47-expandBtn-img\"]"}
RESULT: {"using":"xpath","value":"//*[@id=\"__title47-expandBtn-img\"]"}
COMMAND: POST /session/d7e4ce2bf424277d4594bf7056aa8e6c/element/f.CBC60766CDC2EFD503EA998F31B181AA.d.3E92FAB8E0C4B47A824B21719F0015AF.e.5713/click - {}
RESULT: {}
COMMAND: POST /session/d7e4ce2bf424277d4594bf7056aa8e6c/element - {"using":"xpath","value":"//div[contains(@data-kt ,\"splitAllocationObjectStatus\")]"}
COMMAND: GET /session/d7e4ce2bf424277d4594bf7056aa8e6c/screenshot - {}
RESULT: {"using":"xpath","value":"//div[contains(@data-kt ,\"splitAllocationObjectStatus\")]"}
COMMAND: POST /session/d7e4ce2bf424277d4594bf7056aa8e6c/elements - {"using":"xpath","value":"//div[contains(@data-kt ,\"splitAllocationObjectStatus\")]"}
RESULT: {}
RESULT: {"using":"xpath","value":"//div[contains(@data-kt ,\"splitAllocationObjectStatus\")]"}
COMMAND: POST /session/d7e4ce2bf424277d4594bf7056aa8e6c/execute/async - {"script":"<script> [1562 bytes]","args":[{"selector":{"controlType":"sap.ui.core.Icon","viewName":"etm.portal.ui.managerequests.view.NewRequest","properties":{"src":{"regex":{"source":"message\\-error"}}},"ancestor":{"controlType":"sap.m.ColumnListItem","viewName":"etm.portal.ui.managerequests.view.NewRequest","bindingPath":{"modelName":"newRequestItems","path":"/RequestItems/0"},"ancestor":{"id":"requestItemsTable","viewName":"etm.portal.ui.managerequests.view.NewRequest"}}},"wdio_ui5_key":"etmportal.ui.managerequests.view.NewRequestsap.ui.core.Icon{\"src\":{\"regex\":{\"source\":\"message\\\\-error\"}}}{\"controlType\":\"sap.m.ColumnListItem\",\"viewName\":\"etm.portal.ui.managerequests.view.NewRequest\",\"bindingPath\":{\"modelName\":\"newRequestItems\",\"path\":\"/RequestItems/0\"},\"ancestor\":{\"id\":\"requestItemsTable\",\"viewName\":\"etm.portal.ui.managerequests.view.NewRequest\"}}"}]}
RESULT: {"script":"<script> [1562 bytes]","args":[{"selector":{"controlType":"sap.ui.core.Icon","viewName":"etm.portal.ui.managerequests.view.NewRequest","properties":{"src":{"regex":{"source":"message\\-error"}}},"ancestor":{"controlType":"sap.m.ColumnListItem","viewName":"etm.portal.ui.managerequests.view.NewRequest","bindingPath":{"modelName":"newRequestItems","path":"/RequestItems/0"},"ancestor":{"id":"requestItemsTable","viewName":"etm.portal.ui.managerequests.view.NewRequest"}}},"wdio_ui5_key":"etmportal.ui.managerequests.view.NewRequestsap.ui.core.Icon{\"src\":{\"regex\":{\"source\":\"message\\\\-error\"}}}{\"controlType\":\"sap.m.ColumnListItem\",\"viewName\":\"etm.portal.ui.managerequests.view.NewRequest\",\"bindingPath\":{\"modelName\":\"newRequestItems\",\"path\":\"/RequestItems/0\"},\"ancestor\":{\"id\":\"requestItemsTable\",\"viewName\":\"etm.portal.ui.managerequests.view.NewRequest\"}}"}]}
RESULT: undefined
COMMAND: POST /session/d7e4ce2bf424277d4594bf7056aa8e6c/element - {"using":"xpath","value":"//*[@id=\"__status15-__xmlview61--requestItemsTable-0-icon\"]"}
RESULT: {"using":"xpath","value":"//*[@id=\"__status15-__xmlview61--requestItemsTable-0-icon\"]"}
COMMAND: POST /session/d7e4ce2bf424277d4594bf7056aa8e6c/element/f.CBC60766CDC2EFD503EA998F31B181AA.d.3E92FAB8E0C4B47A824B21719F0015AF.e.5718/click - {}
RESULT: {}
COMMAND: GET /session/d7e4ce2bf424277d4594bf7056aa8e6c/screenshot - {}
RESULT: {}
COMMAND: POST /session/d7e4ce2bf424277d4594bf7056aa8e6c/execute/async - {"script":"<script> [1562 bytes]","args":[{"selector":{"id":"costObjectAdminTypeComboBox","viewName":"etm.portal.ui.managerequests.view.NewRequest","searchOpenDialogs":true,"interaction":{"idSuffix":"inner"}},"wdio_ui5_key":"costObjectAdminTypeComboBoxetmportal.ui.managerequests.view.NewRequest"}]}
RESULT: {"script":"<script> [1562 bytes]","args":[{"selector":{"id":"costObjectAdminTypeComboBox","viewName":"etm.portal.ui.managerequests.view.NewRequest","searchOpenDialogs":true,"interaction":{"idSuffix":"inner"}},"wdio_ui5_key":"costObjectAdminTypeComboBoxetmportal.ui.managerequests.view.NewRequest"}]}
RESULT: undefined
COMMAND: POST /session/d7e4ce2bf424277d4594bf7056aa8e6c/execute/async - {"script":"<script> [776 bytes]","args":[{"enterText":"Cost Center","selector":{"id":"costObjectAdminTypeComboBox","viewName":"etm.portal.ui.managerequests.view.NewRequest","searchOpenDialogs":true,"interaction":{"idSuffix":"inner"}},"clearTextFirst":true,"interactionType":"ENTER_TEXT"}]}
RESULT: {"script":"<script> [776 bytes]","args":[{"enterText":"Cost Center","selector":{"id":"costObjectAdminTypeComboBox","viewName":"etm.portal.ui.managerequests.view.NewRequest","searchOpenDialogs":true,"interaction":{"idSuffix":"inner"}},"clearTextFirst":true,"interactionType":"ENTER_TEXT"}]}
COMMAND: POST /session/d7e4ce2bf424277d4594bf7056aa8e6c/actions - {"actions":[{"id":"action27","type":"key","parameters":{},"actions":[{"type":"keyDown","value":""},{"type":"pause","duration":10},{"type":"keyUp","value":""}]}]}
RESULT: {"actions":[{"id":"action27","type":"key","parameters":{},"actions":[{"type":"keyDown","value":""},{"type":"pause","duration":10},{"type":"keyUp","value":""}]}]}
COMMAND: GET /session/d7e4ce2bf424277d4594bf7056aa8e6c/screenshot - {}
RESULT: {}
COMMAND: POST /session/d7e4ce2bf424277d4594bf7056aa8e6c/execute/async - {"script":"<script> [1562 bytes]","args":[{"selector":{"controlType":"sap.ui.core.Icon","viewName":"etm.portal.ui.managerequests.view.NewRequest","properties":{"src":{"regex":{"source":"value\\-help"}}},"searchOpenDialogs":true},"wdio_ui5_key":"etmportal.ui.managerequests.view.NewRequestsap.ui.core.Icon{\"src\":{\"regex\":{\"source\":\"value\\\\-help\"}}}"}]}
RESULT: {"script":"<script> [1562 bytes]","args":[{"selector":{"controlType":"sap.ui.core.Icon","viewName":"etm.portal.ui.managerequests.view.NewRequest","properties":{"src":{"regex":{"source":"value\\-help"}}},"searchOpenDialogs":true},"wdio_ui5_key":"etmportal.ui.managerequests.view.NewRequestsap.ui.core.Icon{\"src\":{\"regex\":{\"source\":\"value\\\\-help\"}}}"}]}
RESULT: undefined
COMMAND: POST /session/d7e4ce2bf424277d4594bf7056aa8e6c/element - {"using":"xpath","value":"//*[@id=\"__xmlview61--costObjectIdComboBox-vhi\"]"}
RESULT: {"using":"xpath","value":"//*[@id=\"__xmlview61--costObjectIdComboBox-vhi\"]"}
COMMAND: POST /session/d7e4ce2bf424277d4594bf7056aa8e6c/element/f.CBC60766CDC2EFD503EA998F31B181AA.d.3E92FAB8E0C4B47A824B21719F0015AF.e.5732/click - {}
RESULT: {}
COMMAND: POST /session/d7e4ce2bf424277d4594bf7056aa8e6c/execute/async - {"script":"<script> [1562 bytes]","args":[{"selector":{"controlType":"sap.m.SearchField","properties":{"placeholder":"Search"},"searchOpenDialogs":true,"interaction":{"idSuffix":"I"}},"wdio_ui5_key":"sapm.SearchField{\"placeholder\":\"Search\"}"}]}
COMMAND: GET /session/d7e4ce2bf424277d4594bf7056aa8e6c/screenshot - {}
RESULT: {"script":"<script> [1562 bytes]","args":[{"selector":{"controlType":"sap.m.SearchField","properties":{"placeholder":"Search"},"searchOpenDialogs":true,"interaction":{"idSuffix":"I"}},"wdio_ui5_key":"sapm.SearchField{\"placeholder\":\"Search\"}"}]}
RESULT: undefined
COMMAND: POST /session/d7e4ce2bf424277d4594bf7056aa8e6c/execute/async - {"script":"<script> [776 bytes]","args":[{"enterText":"10001013","selector":{"controlType":"sap.m.SearchField","properties":{"placeholder":"Search"},"searchOpenDialogs":true,"interaction":{"idSuffix":"I"}},"clearTextFirst":true,"interactionType":"ENTER_TEXT"}]}
RESULT: {}
RESULT: {"script":"<script> [776 bytes]","args":[{"enterText":"10001013","selector":{"controlType":"sap.m.SearchField","properties":{"placeholder":"Search"},"searchOpenDialogs":true,"interaction":{"idSuffix":"I"}},"clearTextFirst":true,"interactionType":"ENTER_TEXT"}]}
COMMAND: POST /session/d7e4ce2bf424277d4594bf7056aa8e6c/actions - {"actions":[{"id":"action28","type":"key","parameters":{},"actions":[{"type":"keyDown","value":""},{"type":"pause","duration":10},{"type":"keyUp","value":""}]}]}
RESULT: {"actions":[{"id":"action28","type":"key","parameters":{},"actions":[{"type":"keyDown","value":""},{"type":"pause","duration":10},{"type":"keyUp","value":""}]}]}
COMMAND: GET /session/d7e4ce2bf424277d4594bf7056aa8e6c/screenshot - {}
RESULT: {}
COMMAND: POST /session/d7e4ce2bf424277d4594bf7056aa8e6c/element - {"using":"xpath","value":"//span[contains(text(), \"General Management\")]"}
RESULT: {"using":"xpath","value":"//span[contains(text(), \"General Management\")]"}
COMMAND: POST /session/d7e4ce2bf424277d4594bf7056aa8e6c/element/f.CBC60766CDC2EFD503EA998F31B181AA.d.3E92FAB8E0C4B47A824B21719F0015AF.e.5771/click - {}
RESULT: {}
COMMAND: GET /session/d7e4ce2bf424277d4594bf7056aa8e6c/screenshot - {}
RESULT: {}
COMMAND: POST /session/d7e4ce2bf424277d4594bf7056aa8e6c/element - {"using":"xpath","value":"//bdi[contains(text(), \"OK\")]"}
RESULT: {"using":"xpath","value":"//bdi[contains(text(), \"OK\")]"}
COMMAND: POST /session/d7e4ce2bf424277d4594bf7056aa8e6c/element/f.CBC60766CDC2EFD503EA998F31B181AA.d.3E92FAB8E0C4B47A824B21719F0015AF.e.5772/click - {}
RESULT: {}
COMMAND: GET /session/d7e4ce2bf424277d4594bf7056aa8e6c/screenshot - {}
RESULT: {}
COMMAND: POST /session/d7e4ce2bf424277d4594bf7056aa8e6c/element - {"using":"xpath","value":"(//bdi[contains(@id ,\"BDI-content\")][contains(text(), \"Save\")])[1]"}
RESULT: {"using":"xpath","value":"(//bdi[contains(@id ,\"BDI-content\")][contains(text(), \"Save\")])[1]"}
COMMAND: POST /session/d7e4ce2bf424277d4594bf7056aa8e6c/element/f.CBC60766CDC2EFD503EA998F31B181AA.d.3E92FAB8E0C4B47A824B21719F0015AF.e.5776/click - {}
RESULT: {}
COMMAND: GET /session/d7e4ce2bf424277d4594bf7056aa8e6c/screenshot - {}
RESULT: {}
COMMAND: POST /session/d7e4ce2bf424277d4594bf7056aa8e6c/execute/async - {"script":"<script> [1562 bytes]","args":[{"selector":{"controlType":"sap.ui.core.Icon","viewName":"etm.portal.ui.managerequests.view.NewRequest","properties":{"src":{"regex":{"source":"message\\-error"}}},"ancestor":{"controlType":"sap.m.ColumnListItem","viewName":"etm.portal.ui.managerequests.view.NewRequest","bindingPath":{"modelName":"newRequestItems","path":"/RequestItems/1"},"ancestor":{"id":"requestItemsTable","viewName":"etm.portal.ui.managerequests.view.NewRequest"}}},"wdio_ui5_key":"etmportal.ui.managerequests.view.NewRequestsap.ui.core.Icon{\"src\":{\"regex\":{\"source\":\"message\\\\-error\"}}}{\"controlType\":\"sap.m.ColumnListItem\",\"viewName\":\"etm.portal.ui.managerequests.view.NewRequest\",\"bindingPath\":{\"modelName\":\"newRequestItems\",\"path\":\"/RequestItems/1\"},\"ancestor\":{\"id\":\"requestItemsTable\",\"viewName\":\"etm.portal.ui.managerequests.view.NewRequest\"}}"}]}
RESULT: {"script":"<script> [1562 bytes]","args":[{"selector":{"controlType":"sap.ui.core.Icon","viewName":"etm.portal.ui.managerequests.view.NewRequest","properties":{"src":{"regex":{"source":"message\\-error"}}},"ancestor":{"controlType":"sap.m.ColumnListItem","viewName":"etm.portal.ui.managerequests.view.NewRequest","bindingPath":{"modelName":"newRequestItems","path":"/RequestItems/1"},"ancestor":{"id":"requestItemsTable","viewName":"etm.portal.ui.managerequests.view.NewRequest"}}},"wdio_ui5_key":"etmportal.ui.managerequests.view.NewRequestsap.ui.core.Icon{\"src\":{\"regex\":{\"source\":\"message\\\\-error\"}}}{\"controlType\":\"sap.m.ColumnListItem\",\"viewName\":\"etm.portal.ui.managerequests.view.NewRequest\",\"bindingPath\":{\"modelName\":\"newRequestItems\",\"path\":\"/RequestItems/1\"},\"ancestor\":{\"id\":\"requestItemsTable\",\"viewName\":\"etm.portal.ui.managerequests.view.NewRequest\"}}"}]}
RESULT: undefined
COMMAND: POST /session/d7e4ce2bf424277d4594bf7056aa8e6c/element - {"using":"xpath","value":"//*[@id=\"__status15-__xmlview61--requestItemsTable-1-icon\"]"}
RESULT: {"using":"xpath","value":"//*[@id=\"__status15-__xmlview61--requestItemsTable-1-icon\"]"}
COMMAND: POST /session/d7e4ce2bf424277d4594bf7056aa8e6c/element/f.CBC60766CDC2EFD503EA998F31B181AA.d.3E92FAB8E0C4B47A824B21719F0015AF.e.5779/click - {}
RESULT: {}
COMMAND: GET /session/d7e4ce2bf424277d4594bf7056aa8e6c/screenshot - {}
RESULT: {}
RESULT: undefined
COMMAND: POST /session/d7e4ce2bf424277d4594bf7056aa8e6c/execute/async - {"script":"<script> [776 bytes]","args":[{"enterText":"Cost Center","selector":{"id":"costObjectAdminTypeComboBox","viewName":"etm.portal.ui.managerequests.view.NewRequest","searchOpenDialogs":true,"interaction":{"idSuffix":"inner"}},"clearTextFirst":true,"interactionType":"ENTER_TEXT"}]}
RESULT: {"script":"<script> [776 bytes]","args":[{"enterText":"Cost Center","selector":{"id":"costObjectAdminTypeComboBox","viewName":"etm.portal.ui.managerequests.view.NewRequest","searchOpenDialogs":true,"interaction":{"idSuffix":"inner"}},"clearTextFirst":true,"interactionType":"ENTER_TEXT"}]}
COMMAND: POST /session/d7e4ce2bf424277d4594bf7056aa8e6c/actions - {"actions":[{"id":"action29","type":"key","parameters":{},"actions":[{"type":"keyDown","value":""},{"type":"pause","duration":10},{"type":"keyUp","value":""}]}]}
RESULT: {"actions":[{"id":"action29","type":"key","parameters":{},"actions":[{"type":"keyDown","value":""},{"type":"pause","duration":10},{"type":"keyUp","value":""}]}]}
COMMAND: GET /session/d7e4ce2bf424277d4594bf7056aa8e6c/screenshot - {}
RESULT: {}
RESULT: undefined
COMMAND: POST /session/d7e4ce2bf424277d4594bf7056aa8e6c/element - {"using":"xpath","value":"//*[@id=\"__xmlview61--costObjectIdComboBox-vhi\"]"}
RESULT: {"using":"xpath","value":"//*[@id=\"__xmlview61--costObjectIdComboBox-vhi\"]"}
COMMAND: POST /session/d7e4ce2bf424277d4594bf7056aa8e6c/element/f.CBC60766CDC2EFD503EA998F31B181AA.d.3E92FAB8E0C4B47A824B21719F0015AF.e.5789/click - {}
RESULT: {}
RESULT: undefined
COMMAND: POST /session/d7e4ce2bf424277d4594bf7056aa8e6c/execute/async - {"script":"<script> [776 bytes]","args":[{"enterText":"10001013","selector":{"controlType":"sap.m.SearchField","properties":{"placeholder":"Search"},"searchOpenDialogs":true,"interaction":{"idSuffix":"I"}},"clearTextFirst":true,"interactionType":"ENTER_TEXT"}]}
COMMAND: GET /session/d7e4ce2bf424277d4594bf7056aa8e6c/screenshot - {}
RESULT: {"script":"<script> [776 bytes]","args":[{"enterText":"10001013","selector":{"controlType":"sap.m.SearchField","properties":{"placeholder":"Search"},"searchOpenDialogs":true,"interaction":{"idSuffix":"I"}},"clearTextFirst":true,"interactionType":"ENTER_TEXT"}]}
COMMAND: POST /session/d7e4ce2bf424277d4594bf7056aa8e6c/actions - {"actions":[{"id":"action30","type":"key","parameters":{},"actions":[{"type":"keyDown","value":""},{"type":"pause","duration":10},{"type":"keyUp","value":""}]}]}
RESULT: {}
RESULT: {"actions":[{"id":"action30","type":"key","parameters":{},"actions":[{"type":"keyDown","value":""},{"type":"pause","duration":10},{"type":"keyUp","value":""}]}]}
COMMAND: GET /session/d7e4ce2bf424277d4594bf7056aa8e6c/screenshot - {}
RESULT: {}
COMMAND: POST /session/d7e4ce2bf424277d4594bf7056aa8e6c/element - {"using":"xpath","value":"//span[contains(text(), \"General Management\")]"}
RESULT: {"using":"xpath","value":"//span[contains(text(), \"General Management\")]"}
COMMAND: POST /session/d7e4ce2bf424277d4594bf7056aa8e6c/element/f.CBC60766CDC2EFD503EA998F31B181AA.d.3E92FAB8E0C4B47A824B21719F0015AF.e.5827/click - {}
RESULT: {}
COMMAND: GET /session/d7e4ce2bf424277d4594bf7056aa8e6c/screenshot - {}
RESULT: {}
COMMAND: POST /session/d7e4ce2bf424277d4594bf7056aa8e6c/element - {"using":"xpath","value":"//bdi[contains(text(), \"OK\")]"}
RESULT: {"using":"xpath","value":"//bdi[contains(text(), \"OK\")]"}
COMMAND: POST /session/d7e4ce2bf424277d4594bf7056aa8e6c/element/f.CBC60766CDC2EFD503EA998F31B181AA.d.3E92FAB8E0C4B47A824B21719F0015AF.e.5828/click - {}
RESULT: {}
COMMAND: GET /session/d7e4ce2bf424277d4594bf7056aa8e6c/screenshot - {}
RESULT: {}
COMMAND: POST /session/d7e4ce2bf424277d4594bf7056aa8e6c/element - {"using":"xpath","value":"(//bdi[contains(@id ,\"BDI-content\")][contains(text(), \"Save\")])[1]"}
RESULT: {"using":"xpath","value":"(//bdi[contains(@id ,\"BDI-content\")][contains(text(), \"Save\")])[1]"}
COMMAND: POST /session/d7e4ce2bf424277d4594bf7056aa8e6c/element/f.CBC60766CDC2EFD503EA998F31B181AA.d.3E92FAB8E0C4B47A824B21719F0015AF.e.5832/click - {}
RESULT: {}
COMMAND: GET /session/d7e4ce2bf424277d4594bf7056aa8e6c/screenshot - {}
RESULT: {}
COMMAND: POST /session/d7e4ce2bf424277d4594bf7056aa8e6c/execute/async - {"script":"<script> [1562 bytes]","args":[{"selector":{"controlType":"sap.m.Button","viewName":"etm.portal.ui.managerequests.view.NewRequest","i18NText":{"propertyName":"tooltip","key":"save"},"interaction":{"idSuffix":"content"}},"wdio_ui5_key":"etmportal.ui.managerequests.view.NewRequestsap.m.Button{\"propertyName\":\"tooltip\",\"key\":\"save\"}"}]}
RESULT: {"script":"<script> [1562 bytes]","args":[{"selector":{"controlType":"sap.m.Button","viewName":"etm.portal.ui.managerequests.view.NewRequest","i18NText":{"propertyName":"tooltip","key":"save"},"interaction":{"idSuffix":"content"}},"wdio_ui5_key":"etmportal.ui.managerequests.view.NewRequestsap.m.Button{\"propertyName\":\"tooltip\",\"key\":\"save\"}"}]}
RESULT: undefined
COMMAND: POST /session/d7e4ce2bf424277d4594bf7056aa8e6c/element - {"using":"xpath","value":"//*[@id=\"__button107\"]"}
RESULT: {"using":"xpath","value":"//*[@id=\"__button107\"]"}
COMMAND: POST /session/d7e4ce2bf424277d4594bf7056aa8e6c/element/f.CBC60766CDC2EFD503EA998F31B181AA.d.3E92FAB8E0C4B47A824B21719F0015AF.e.5583/click - {}
RESULT: {}
COMMAND: GET /session/d7e4ce2bf424277d4594bf7056aa8e6c/screenshot - {}
RESULT: {}
COMMAND: POST /session/d7e4ce2bf424277d4594bf7056aa8e6c/execute/async - {"script":"<script> [1562 bytes]","args":[{"selector":{"controlType":"sap.m.Title","properties":{"text":"Success"},"searchOpenDialogs":true},"wdio_ui5_key":"sapm.Title{\"text\":\"Success\"}"}]}
RESULT: {"script":"<script> [1562 bytes]","args":[{"selector":{"controlType":"sap.m.Title","properties":{"text":"Success"},"searchOpenDialogs":true},"wdio_ui5_key":"sapm.Title{\"text\":\"Success\"}"}]}
RESULT: undefined
COMMAND: POST /session/d7e4ce2bf424277d4594bf7056aa8e6c/execute/async - {"script":"<script> [6424 bytes]","args":[{"element-6066-11e4-a52e-4f735466cecf":"f.CBC60766CDC2EFD503EA998F31B181AA.d.3E92FAB8E0C4B47A824B21719F0015AF.e.5838"},"getText",[]]}
RESULT: {"script":"<script> [6424 bytes]","args":[{"element-6066-11e4-a52e-4f735466cecf":"f.CBC60766CDC2EFD503EA998F31B181AA.d.3E92FAB8E0C4B47A824B21719F0015AF.e.5838"},"getText",[]]}
COMMAND: POST /session/d7e4ce2bf424277d4594bf7056aa8e6c/execute/async - {"script":"<script> [1562 bytes]","args":[{"selector":{"controlType":"sap.m.Button","properties":{"text":"Close"},"searchOpenDialogs":true,"interaction":{"idSuffix":"BDI-content"}},"wdio_ui5_key":"sapm.Button{\"text\":\"Close\"}"}]}
RESULT: {"script":"<script> [1562 bytes]","args":[{"selector":{"controlType":"sap.m.Button","properties":{"text":"Close"},"searchOpenDialogs":true,"interaction":{"idSuffix":"BDI-content"}},"wdio_ui5_key":"sapm.Button{\"text\":\"Close\"}"}]}
RESULT: undefined
COMMAND: POST /session/d7e4ce2bf424277d4594bf7056aa8e6c/element - {"using":"xpath","value":"//*[@id=\"__mbox-btn-4\"]"}
RESULT: {"using":"xpath","value":"//*[@id=\"__mbox-btn-4\"]"}
COMMAND: POST /session/d7e4ce2bf424277d4594bf7056aa8e6c/element/f.CBC60766CDC2EFD503EA998F31B181AA.d.3E92FAB8E0C4B47A824B21719F0015AF.e.5837/click - {}
RESULT: {}
COMMAND: GET /session/d7e4ce2bf424277d4594bf7056aa8e6c/screenshot - {}
RESULT: {}
COMMAND: POST /session/d7e4ce2bf424277d4594bf7056aa8e6c/execute/async - {"script":"<script> [1562 bytes]","args":[{"selector":{"controlType":"sap.m.Text","viewName":"etm.portal.ui.managerequests.view.Detail","bindingPath":{"propertyPath":"NO","modelName":"catalogModel"}},"wdio_ui5_key":"etmportal.ui.managerequests.view.Detailsap.m.Text{\"propertyPath\":\"NO\",\"modelName\":\"catalogModel\"}"}]}
RESULT: {"script":"<script> [1562 bytes]","args":[{"selector":{"controlType":"sap.m.Text","viewName":"etm.portal.ui.managerequests.view.Detail","bindingPath":{"propertyPath":"NO","modelName":"catalogModel"}},"wdio_ui5_key":"etmportal.ui.managerequests.view.Detailsap.m.Text{\"propertyPath\":\"NO\",\"modelName\":\"catalogModel\"}"}]}
RESULT: undefined
COMMAND: POST /session/d7e4ce2bf424277d4594bf7056aa8e6c/execute/async - {"script":"<script> [6424 bytes]","args":[{"element-6066-11e4-a52e-4f735466cecf":"f.CBC60766CDC2EFD503EA998F31B181AA.d.3E92FAB8E0C4B47A824B21719F0015AF.e.5966"},"getText",[]]}
RESULT: {"script":"<script> [6424 bytes]","args":[{"element-6066-11e4-a52e-4f735466cecf":"f.CBC60766CDC2EFD503EA998F31B181AA.d.3E92FAB8E0C4B47A824B21719F0015AF.e.5966"},"getText",[]]}
COMMAND: POST /session/d7e4ce2bf424277d4594bf7056aa8e6c/execute/async - {"script":"<script> [1562 bytes]","args":[{"selector":{"controlType":"sap.ui.core.Icon","viewName":"etm.portal.ui.managerequests.view.Detail","properties":{"src":{"regex":{"source":"date\\-time"}}},"ancestor":{"controlType":"sap.m.ColumnListItem","viewName":"etm.portal.ui.managerequests.view.Detail","bindingPath":{"path":"/SmartRequestItemsPlanningBoard(ITEM=10m,REQUEST='20122')"},"ancestor":{"id":"requestItemsTable","viewName":"etm.portal.ui.managerequests.view.Detail"}}},"wdio_ui5_key":"etmportal.ui.managerequests.view.Detailsap.ui.core.Icon{\"src\":{\"regex\":{\"source\":\"date\\\\-time\"}}}{\"controlType\":\"sap.m.ColumnListItem\",\"viewName\":\"etm.portal.ui.managerequests.view.Detail\",\"bindingPath\":{\"path\":\"/SmartRequestItemsPlanningBoard(ITEM=10m,REQUEST='20122')\"},\"ancestor\":{\"id\":\"requestItemsTable\",\"viewName\":\"etm.portal.ui.managerequests.view.Detail\"}}"}]}
RESULT: {"script":"<script> [1562 bytes]","args":[{"selector":{"controlType":"sap.ui.core.Icon","viewName":"etm.portal.ui.managerequests.view.Detail","properties":{"src":{"regex":{"source":"date\\-time"}}},"ancestor":{"controlType":"sap.m.ColumnListItem","viewName":"etm.portal.ui.managerequests.view.Detail","bindingPath":{"path":"/SmartRequestItemsPlanningBoard(ITEM=10m,REQUEST='20122')"},"ancestor":{"id":"requestItemsTable","viewName":"etm.portal.ui.managerequests.view.Detail"}}},"wdio_ui5_key":"etmportal.ui.managerequests.view.Detailsap.ui.core.Icon{\"src\":{\"regex\":{\"source\":\"date\\\\-time\"}}}{\"controlType\":\"sap.m.ColumnListItem\",\"viewName\":\"etm.portal.ui.managerequests.view.Detail\",\"bindingPath\":{\"path\":\"/SmartRequestItemsPlanningBoard(ITEM=10m,REQUEST='20122')\"},\"ancestor\":{\"id\":\"requestItemsTable\",\"viewName\":\"etm.portal.ui.managerequests.view.Detail\"}}"}]}
RESULT: undefined
COMMAND: POST /session/d7e4ce2bf424277d4594bf7056aa8e6c/element - {"using":"xpath","value":"//*[@id=\"__button137-__clone5617-img\"]"}
RESULT: {"using":"xpath","value":"//*[@id=\"__button137-__clone5617-img\"]"}
COMMAND: POST /session/d7e4ce2bf424277d4594bf7056aa8e6c/element/f.CBC60766CDC2EFD503EA998F31B181AA.d.3E92FAB8E0C4B47A824B21719F0015AF.e.5967/click - {}
RESULT: {}
COMMAND: POST /session/d7e4ce2bf424277d4594bf7056aa8e6c/execute/async - {"script":"<script> [1562 bytes]","args":[{"selector":{"controlType":"sap.m.Button","viewName":"etm.portal.ui.managerequests.view.Detail","properties":{"text":"Close"},"searchOpenDialogs":true,"interaction":{"idSuffix":"BDI-content"}},"wdio_ui5_key":"etmportal.ui.managerequests.view.Detailsap.m.Button{\"text\":\"Close\"}"}]}
COMMAND: GET /session/d7e4ce2bf424277d4594bf7056aa8e6c/screenshot - {}
RESULT: undefined
RESULT: undefined
RESULT: {"script":"<script> [1562 bytes]","args":[{"selector":{"controlType":"sap.m.Button","viewName":"etm.portal.ui.managerequests.view.Detail","properties":{"text":"Close"},"searchOpenDialogs":true,"interaction":{"idSuffix":"BDI-content"}},"wdio_ui5_key":"etmportal.ui.managerequests.view.Detailsap.m.Button{\"text\":\"Close\"}"}]}
RESULT: undefined
COMMAND: POST /session/d7e4ce2bf424277d4594bf7056aa8e6c/element - {"using":"xpath","value":"//*[@id=\"__button147\"]"}
RESULT: {}
RESULT: {"using":"xpath","value":"//*[@id=\"__button147\"]"}
COMMAND: POST /session/d7e4ce2bf424277d4594bf7056aa8e6c/element/f.CBC60766CDC2EFD503EA998F31B181AA.d.3E92FAB8E0C4B47A824B21719F0015AF.e.5969/click - {}
COMMAND: POST /session/d7e4ce2bf424277d4594bf7056aa8e6c/execute/async - {"script":"<script> [1562 bytes]","args":[{"selector":{"controlType":"sap.ui.core.Icon","viewName":"etm.portal.ui.managerequests.view.Detail","properties":{"src":{"regex":{"source":"date\\-time"}}},"ancestor":{"controlType":"sap.m.ColumnListItem","viewName":"etm.portal.ui.managerequests.view.Detail","bindingPath":{"path":"/SmartRequestItemsPlanningBoard(ITEM=20m,REQUEST='20122')"},"ancestor":{"id":"requestItemsTable","viewName":"etm.portal.ui.managerequests.view.Detail"}}},"wdio_ui5_key":"etmportal.ui.managerequests.view.Detailsap.ui.core.Icon{\"src\":{\"regex\":{\"source\":\"date\\\\-time\"}}}{\"controlType\":\"sap.m.ColumnListItem\",\"viewName\":\"etm.portal.ui.managerequests.view.Detail\",\"bindingPath\":{\"path\":\"/SmartRequestItemsPlanningBoard(ITEM=20m,REQUEST='20122')\"},\"ancestor\":{\"id\":\"requestItemsTable\",\"viewName\":\"etm.portal.ui.managerequests.view.Detail\"}}"}]}
RESULT: {"script":"<script> [1562 bytes]","args":[{"selector":{"controlType":"sap.ui.core.Icon","viewName":"etm.portal.ui.managerequests.view.Detail","properties":{"src":{"regex":{"source":"date\\-time"}}},"ancestor":{"controlType":"sap.m.ColumnListItem","viewName":"etm.portal.ui.managerequests.view.Detail","bindingPath":{"path":"/SmartRequestItemsPlanningBoard(ITEM=20m,REQUEST='20122')"},"ancestor":{"id":"requestItemsTable","viewName":"etm.portal.ui.managerequests.view.Detail"}}},"wdio_ui5_key":"etmportal.ui.managerequests.view.Detailsap.ui.core.Icon{\"src\":{\"regex\":{\"source\":\"date\\\\-time\"}}}{\"controlType\":\"sap.m.ColumnListItem\",\"viewName\":\"etm.portal.ui.managerequests.view.Detail\",\"bindingPath\":{\"path\":\"/SmartRequestItemsPlanningBoard(ITEM=20m,REQUEST='20122')\"},\"ancestor\":{\"id\":\"requestItemsTable\",\"viewName\":\"etm.portal.ui.managerequests.view.Detail\"}}"}]}
RESULT: undefined
COMMAND: POST /session/d7e4ce2bf424277d4594bf7056aa8e6c/element - {"using":"xpath","value":"//*[@id=\"__button137-__clone5618-img\"]"}
RESULT: {"using":"xpath","value":"//*[@id=\"__button137-__clone5618-img\"]"}
COMMAND: POST /session/d7e4ce2bf424277d4594bf7056aa8e6c/element/f.CBC60766CDC2EFD503EA998F31B181AA.d.3E92FAB8E0C4B47A824B21719F0015AF.e.5976/click - {}
RESULT: undefined
COMMAND: POST /session/d7e4ce2bf424277d4594bf7056aa8e6c/element - {"using":"xpath","value":"//*[@id=\"__button147\"]"}
RESULT: {"using":"xpath","value":"//*[@id=\"__button147\"]"}
COMMAND: POST /session/d7e4ce2bf424277d4594bf7056aa8e6c/element/f.CBC60766CDC2EFD503EA998F31B181AA.d.3E92FAB8E0C4B47A824B21719F0015AF.e.5969/click - {}
COMMAND: POST /session/d7e4ce2bf424277d4594bf7056aa8e6c/element - {"using":"css selector","value":"#shell-header-logo"}
RESULT: {"using":"css selector","value":"#shell-header-logo"}
COMMAND: POST /session/d7e4ce2bf424277d4594bf7056aa8e6c/element/f.CBC60766CDC2EFD503EA998F31B181AA.d.3E92FAB8E0C4B47A824B21719F0015AF.e.5340/click - {}
COMMAND: GET /session/d7e4ce2bf424277d4594bf7056aa8e6c/screenshot - {}
RESULT: {}
]]></system-out>
      <system-err><![CDATA[
element click intercepted: element click intercepted: Element <a id="shell-header-logo" role="button" title="Navigate to Home" class="sapUshellShellIco" href="#Shell-home">...</a> is not clickable at point (126, 22). Other element would receive the click: <div id="sap-ui-blocklayer-popup" tabindex="0" class="sapUiBLy" style="z-index: 329; visibility: visible;"></div>
  (Session info: chrome=136.0.7103.93)
    at async Context.<anonymous> (D:\a\1\s\test\specs\R2C\standard-contract-add-contract-items-by-insert-request.spec.js:631:9)
]]></system-err>
    </testcase>
    <testcase classname="chrome.136_0_7103_93.windows.Standard_contract_-_add_contract_items_by_Insert_Request_US118222" name="Should insert the request into the contract" time="135.15">
      <failure/>
      <error message="Can't call click on element with selector &quot;//div[contains(@id ,&quot;popupRequestTable-sa-CbBg&quot;)]&quot; because element wasn't found"/>
      <system-out><![CDATA[
COMMAND: GET /session/d7e4ce2bf424277d4594bf7056aa8e6c/screenshot - {}
RESULT: undefined
COMMAND: POST /session/d7e4ce2bf424277d4594bf7056aa8e6c/element - {"using":"xpath","value":"//*[@id=\"__tile130\"]"}
RESULT: {}
RESULT: {"using":"xpath","value":"//*[@id=\"__tile130\"]"}
COMMAND: POST /session/d7e4ce2bf424277d4594bf7056aa8e6c/element/f.CBC60766CDC2EFD503EA998F31B181AA.d.3E92FAB8E0C4B47A824B21719F0015AF.e.4921/click - {}
COMMAND: POST /session/d7e4ce2bf424277d4594bf7056aa8e6c/elements - {"using":"xpath","value":"//span[text()='Error']"}
RESULT: {"using":"xpath","value":"//span[text()='Error']"}
COMMAND: POST /session/d7e4ce2bf424277d4594bf7056aa8e6c/elements - {"using":"xpath","value":"//*[text()='Close']"}
RESULT: {"using":"xpath","value":"//*[text()='Close']"}
COMMAND: GET /session/d7e4ce2bf424277d4594bf7056aa8e6c/element/f.CBC60766CDC2EFD503EA998F31B181AA.d.3E92FAB8E0C4B47A824B21719F0015AF.e.5975/enabled - {}
RESULT: {}
COMMAND: POST /session/d7e4ce2bf424277d4594bf7056aa8e6c/execute/sync - {"script":"<script> [8489 bytes]","args":[{"element-6066-11e4-a52e-4f735466cecf":"f.CBC60766CDC2EFD503EA998F31B181AA.d.3E92FAB8E0C4B47A824B21719F0015AF.e.5975","ELEMENT":"f.CBC60766CDC2EFD503EA998F31B181AA.d.3E92FAB8E0C4B47A824B21719F0015AF.e.5975"}]}
COMMAND: GET /session/d7e4ce2bf424277d4594bf7056aa8e6c/screenshot - {}
RESULT: {"script":"<script> [8489 bytes]","args":[{"element-6066-11e4-a52e-4f735466cecf":"f.CBC60766CDC2EFD503EA998F31B181AA.d.3E92FAB8E0C4B47A824B21719F0015AF.e.5975","ELEMENT":"f.CBC60766CDC2EFD503EA998F31B181AA.d.3E92FAB8E0C4B47A824B21719F0015AF.e.5975"}]}
COMMAND: POST /session/d7e4ce2bf424277d4594bf7056aa8e6c/execute/sync - {"script":"<script> [5351 bytes]","args":[{"element-6066-11e4-a52e-4f735466cecf":"f.CBC60766CDC2EFD503EA998F31B181AA.d.3E92FAB8E0C4B47A824B21719F0015AF.e.5975","ELEMENT":"f.CBC60766CDC2EFD503EA998F31B181AA.d.3E92FAB8E0C4B47A824B21719F0015AF.e.5975"}]}
COMMAND: GET /session/d7e4ce2bf424277d4594bf7056aa8e6c/screenshot - {}
RESULT: {}
RESULT: {"script":"<script> [5351 bytes]","args":[{"element-6066-11e4-a52e-4f735466cecf":"f.CBC60766CDC2EFD503EA998F31B181AA.d.3E92FAB8E0C4B47A824B21719F0015AF.e.5975","ELEMENT":"f.CBC60766CDC2EFD503EA998F31B181AA.d.3E92FAB8E0C4B47A824B21719F0015AF.e.5975"}]}
COMMAND: GET /session/d7e4ce2bf424277d4594bf7056aa8e6c/screenshot - {}
COMMAND: POST /session/d7e4ce2bf424277d4594bf7056aa8e6c/execute/sync - {"script":"<script> [8489 bytes]","args":[{"element-6066-11e4-a52e-4f735466cecf":"f.CBC60766CDC2EFD503EA998F31B181AA.d.3E92FAB8E0C4B47A824B21719F0015AF.e.5975","ELEMENT":"f.CBC60766CDC2EFD503EA998F31B181AA.d.3E92FAB8E0C4B47A824B21719F0015AF.e.5975"}]}
RESULT: {}
RESULT: {}
RESULT: {"script":"<script> [8489 bytes]","args":[{"element-6066-11e4-a52e-4f735466cecf":"f.CBC60766CDC2EFD503EA998F31B181AA.d.3E92FAB8E0C4B47A824B21719F0015AF.e.5975","ELEMENT":"f.CBC60766CDC2EFD503EA998F31B181AA.d.3E92FAB8E0C4B47A824B21719F0015AF.e.5975"}]}
COMMAND: POST /session/d7e4ce2bf424277d4594bf7056aa8e6c/execute/sync - {"script":"<script> [5351 bytes]","args":[{"element-6066-11e4-a52e-4f735466cecf":"f.CBC60766CDC2EFD503EA998F31B181AA.d.3E92FAB8E0C4B47A824B21719F0015AF.e.5975","ELEMENT":"f.CBC60766CDC2EFD503EA998F31B181AA.d.3E92FAB8E0C4B47A824B21719F0015AF.e.5975"}]}
COMMAND: GET /session/d7e4ce2bf424277d4594bf7056aa8e6c/screenshot - {}
RESULT: {"script":"<script> [5351 bytes]","args":[{"element-6066-11e4-a52e-4f735466cecf":"f.CBC60766CDC2EFD503EA998F31B181AA.d.3E92FAB8E0C4B47A824B21719F0015AF.e.5975","ELEMENT":"f.CBC60766CDC2EFD503EA998F31B181AA.d.3E92FAB8E0C4B47A824B21719F0015AF.e.5975"}]}
COMMAND: GET /session/d7e4ce2bf424277d4594bf7056aa8e6c/screenshot - {}
COMMAND: POST /session/d7e4ce2bf424277d4594bf7056aa8e6c/execute/sync - {"script":"<script> [8489 bytes]","args":[{"element-6066-11e4-a52e-4f735466cecf":"f.CBC60766CDC2EFD503EA998F31B181AA.d.3E92FAB8E0C4B47A824B21719F0015AF.e.5975","ELEMENT":"f.CBC60766CDC2EFD503EA998F31B181AA.d.3E92FAB8E0C4B47A824B21719F0015AF.e.5975"}]}
RESULT: {}
RESULT: {}
RESULT: {"script":"<script> [8489 bytes]","args":[{"element-6066-11e4-a52e-4f735466cecf":"f.CBC60766CDC2EFD503EA998F31B181AA.d.3E92FAB8E0C4B47A824B21719F0015AF.e.5975","ELEMENT":"f.CBC60766CDC2EFD503EA998F31B181AA.d.3E92FAB8E0C4B47A824B21719F0015AF.e.5975"}]}
COMMAND: POST /session/d7e4ce2bf424277d4594bf7056aa8e6c/execute/sync - {"script":"<script> [5351 bytes]","args":[{"element-6066-11e4-a52e-4f735466cecf":"f.CBC60766CDC2EFD503EA998F31B181AA.d.3E92FAB8E0C4B47A824B21719F0015AF.e.5975","ELEMENT":"f.CBC60766CDC2EFD503EA998F31B181AA.d.3E92FAB8E0C4B47A824B21719F0015AF.e.5975"}]}
COMMAND: GET /session/d7e4ce2bf424277d4594bf7056aa8e6c/screenshot - {}
RESULT: {"script":"<script> [5351 bytes]","args":[{"element-6066-11e4-a52e-4f735466cecf":"f.CBC60766CDC2EFD503EA998F31B181AA.d.3E92FAB8E0C4B47A824B21719F0015AF.e.5975","ELEMENT":"f.CBC60766CDC2EFD503EA998F31B181AA.d.3E92FAB8E0C4B47A824B21719F0015AF.e.5975"}]}
COMMAND: GET /session/d7e4ce2bf424277d4594bf7056aa8e6c/screenshot - {}
COMMAND: POST /session/d7e4ce2bf424277d4594bf7056aa8e6c/execute/sync - {"script":"<script> [8489 bytes]","args":[{"element-6066-11e4-a52e-4f735466cecf":"f.CBC60766CDC2EFD503EA998F31B181AA.d.3E92FAB8E0C4B47A824B21719F0015AF.e.5975","ELEMENT":"f.CBC60766CDC2EFD503EA998F31B181AA.d.3E92FAB8E0C4B47A824B21719F0015AF.e.5975"}]}
RESULT: {}
RESULT: {"script":"<script> [8489 bytes]","args":[{"element-6066-11e4-a52e-4f735466cecf":"f.CBC60766CDC2EFD503EA998F31B181AA.d.3E92FAB8E0C4B47A824B21719F0015AF.e.5975","ELEMENT":"f.CBC60766CDC2EFD503EA998F31B181AA.d.3E92FAB8E0C4B47A824B21719F0015AF.e.5975"}]}
COMMAND: POST /session/d7e4ce2bf424277d4594bf7056aa8e6c/execute/sync - {"script":"<script> [5351 bytes]","args":[{"element-6066-11e4-a52e-4f735466cecf":"f.CBC60766CDC2EFD503EA998F31B181AA.d.3E92FAB8E0C4B47A824B21719F0015AF.e.5975","ELEMENT":"f.CBC60766CDC2EFD503EA998F31B181AA.d.3E92FAB8E0C4B47A824B21719F0015AF.e.5975"}]}
COMMAND: GET /session/d7e4ce2bf424277d4594bf7056aa8e6c/screenshot - {}
RESULT: {}
RESULT: {"script":"<script> [5351 bytes]","args":[{"element-6066-11e4-a52e-4f735466cecf":"f.CBC60766CDC2EFD503EA998F31B181AA.d.3E92FAB8E0C4B47A824B21719F0015AF.e.5975","ELEMENT":"f.CBC60766CDC2EFD503EA998F31B181AA.d.3E92FAB8E0C4B47A824B21719F0015AF.e.5975"}]}
COMMAND: POST /session/d7e4ce2bf424277d4594bf7056aa8e6c/execute/sync - {"script":"<script> [8489 bytes]","args":[{"element-6066-11e4-a52e-4f735466cecf":"f.CBC60766CDC2EFD503EA998F31B181AA.d.3E92FAB8E0C4B47A824B21719F0015AF.e.5975","ELEMENT":"f.CBC60766CDC2EFD503EA998F31B181AA.d.3E92FAB8E0C4B47A824B21719F0015AF.e.5975"}]}
COMMAND: GET /session/d7e4ce2bf424277d4594bf7056aa8e6c/screenshot - {}
RESULT: {}
RESULT: {"script":"<script> [8489 bytes]","args":[{"element-6066-11e4-a52e-4f735466cecf":"f.CBC60766CDC2EFD503EA998F31B181AA.d.3E92FAB8E0C4B47A824B21719F0015AF.e.5975","ELEMENT":"f.CBC60766CDC2EFD503EA998F31B181AA.d.3E92FAB8E0C4B47A824B21719F0015AF.e.5975"}]}
COMMAND: POST /session/d7e4ce2bf424277d4594bf7056aa8e6c/execute/sync - {"script":"<script> [5351 bytes]","args":[{"element-6066-11e4-a52e-4f735466cecf":"f.CBC60766CDC2EFD503EA998F31B181AA.d.3E92FAB8E0C4B47A824B21719F0015AF.e.5975","ELEMENT":"f.CBC60766CDC2EFD503EA998F31B181AA.d.3E92FAB8E0C4B47A824B21719F0015AF.e.5975"}]}
COMMAND: GET /session/d7e4ce2bf424277d4594bf7056aa8e6c/screenshot - {}
RESULT: {}
RESULT: {"script":"<script> [5351 bytes]","args":[{"element-6066-11e4-a52e-4f735466cecf":"f.CBC60766CDC2EFD503EA998F31B181AA.d.3E92FAB8E0C4B47A824B21719F0015AF.e.5975","ELEMENT":"f.CBC60766CDC2EFD503EA998F31B181AA.d.3E92FAB8E0C4B47A824B21719F0015AF.e.5975"}]}
COMMAND: GET /session/d7e4ce2bf424277d4594bf7056aa8e6c/screenshot - {}
COMMAND: POST /session/d7e4ce2bf424277d4594bf7056aa8e6c/execute/sync - {"script":"<script> [8489 bytes]","args":[{"element-6066-11e4-a52e-4f735466cecf":"f.CBC60766CDC2EFD503EA998F31B181AA.d.3E92FAB8E0C4B47A824B21719F0015AF.e.5975","ELEMENT":"f.CBC60766CDC2EFD503EA998F31B181AA.d.3E92FAB8E0C4B47A824B21719F0015AF.e.5975"}]}
RESULT: {}
RESULT: {}
RESULT: {"script":"<script> [8489 bytes]","args":[{"element-6066-11e4-a52e-4f735466cecf":"f.CBC60766CDC2EFD503EA998F31B181AA.d.3E92FAB8E0C4B47A824B21719F0015AF.e.5975","ELEMENT":"f.CBC60766CDC2EFD503EA998F31B181AA.d.3E92FAB8E0C4B47A824B21719F0015AF.e.5975"}]}
COMMAND: POST /session/d7e4ce2bf424277d4594bf7056aa8e6c/execute/sync - {"script":"<script> [5351 bytes]","args":[{"element-6066-11e4-a52e-4f735466cecf":"f.CBC60766CDC2EFD503EA998F31B181AA.d.3E92FAB8E0C4B47A824B21719F0015AF.e.5975","ELEMENT":"f.CBC60766CDC2EFD503EA998F31B181AA.d.3E92FAB8E0C4B47A824B21719F0015AF.e.5975"}]}
COMMAND: GET /session/d7e4ce2bf424277d4594bf7056aa8e6c/screenshot - {}
RESULT: {"script":"<script> [5351 bytes]","args":[{"element-6066-11e4-a52e-4f735466cecf":"f.CBC60766CDC2EFD503EA998F31B181AA.d.3E92FAB8E0C4B47A824B21719F0015AF.e.5975","ELEMENT":"f.CBC60766CDC2EFD503EA998F31B181AA.d.3E92FAB8E0C4B47A824B21719F0015AF.e.5975"}]}
COMMAND: POST /session/d7e4ce2bf424277d4594bf7056aa8e6c/execute/sync - {"script":"<script> [8489 bytes]","args":[{"element-6066-11e4-a52e-4f735466cecf":"f.CBC60766CDC2EFD503EA998F31B181AA.d.3E92FAB8E0C4B47A824B21719F0015AF.e.5975","ELEMENT":"f.CBC60766CDC2EFD503EA998F31B181AA.d.3E92FAB8E0C4B47A824B21719F0015AF.e.5975"}]}
COMMAND: GET /session/d7e4ce2bf424277d4594bf7056aa8e6c/screenshot - {}
RESULT: {}
RESULT: {"script":"<script> [8489 bytes]","args":[{"element-6066-11e4-a52e-4f735466cecf":"f.CBC60766CDC2EFD503EA998F31B181AA.d.3E92FAB8E0C4B47A824B21719F0015AF.e.5975","ELEMENT":"f.CBC60766CDC2EFD503EA998F31B181AA.d.3E92FAB8E0C4B47A824B21719F0015AF.e.5975"}]}
COMMAND: POST /session/d7e4ce2bf424277d4594bf7056aa8e6c/execute/sync - {"script":"<script> [5351 bytes]","args":[{"element-6066-11e4-a52e-4f735466cecf":"f.CBC60766CDC2EFD503EA998F31B181AA.d.3E92FAB8E0C4B47A824B21719F0015AF.e.5975","ELEMENT":"f.CBC60766CDC2EFD503EA998F31B181AA.d.3E92FAB8E0C4B47A824B21719F0015AF.e.5975"}]}
COMMAND: GET /session/d7e4ce2bf424277d4594bf7056aa8e6c/screenshot - {}
RESULT: {}
RESULT: {"script":"<script> [5351 bytes]","args":[{"element-6066-11e4-a52e-4f735466cecf":"f.CBC60766CDC2EFD503EA998F31B181AA.d.3E92FAB8E0C4B47A824B21719F0015AF.e.5975","ELEMENT":"f.CBC60766CDC2EFD503EA998F31B181AA.d.3E92FAB8E0C4B47A824B21719F0015AF.e.5975"}]}
COMMAND: POST /session/d7e4ce2bf424277d4594bf7056aa8e6c/execute/sync - {"script":"<script> [8489 bytes]","args":[{"element-6066-11e4-a52e-4f735466cecf":"f.CBC60766CDC2EFD503EA998F31B181AA.d.3E92FAB8E0C4B47A824B21719F0015AF.e.5975","ELEMENT":"f.CBC60766CDC2EFD503EA998F31B181AA.d.3E92FAB8E0C4B47A824B21719F0015AF.e.5975"}]}
COMMAND: GET /session/d7e4ce2bf424277d4594bf7056aa8e6c/screenshot - {}
RESULT: {}
RESULT: {"script":"<script> [8489 bytes]","args":[{"element-6066-11e4-a52e-4f735466cecf":"f.CBC60766CDC2EFD503EA998F31B181AA.d.3E92FAB8E0C4B47A824B21719F0015AF.e.5975","ELEMENT":"f.CBC60766CDC2EFD503EA998F31B181AA.d.3E92FAB8E0C4B47A824B21719F0015AF.e.5975"}]}
COMMAND: POST /session/d7e4ce2bf424277d4594bf7056aa8e6c/execute/sync - {"script":"<script> [5351 bytes]","args":[{"element-6066-11e4-a52e-4f735466cecf":"f.CBC60766CDC2EFD503EA998F31B181AA.d.3E92FAB8E0C4B47A824B21719F0015AF.e.5975","ELEMENT":"f.CBC60766CDC2EFD503EA998F31B181AA.d.3E92FAB8E0C4B47A824B21719F0015AF.e.5975"}]}
COMMAND: GET /session/d7e4ce2bf424277d4594bf7056aa8e6c/screenshot - {}
RESULT: {}
RESULT: {"script":"<script> [5351 bytes]","args":[{"element-6066-11e4-a52e-4f735466cecf":"f.CBC60766CDC2EFD503EA998F31B181AA.d.3E92FAB8E0C4B47A824B21719F0015AF.e.5975","ELEMENT":"f.CBC60766CDC2EFD503EA998F31B181AA.d.3E92FAB8E0C4B47A824B21719F0015AF.e.5975"}]}
COMMAND: POST /session/d7e4ce2bf424277d4594bf7056aa8e6c/execute/sync - {"script":"<script> [8489 bytes]","args":[{"element-6066-11e4-a52e-4f735466cecf":"f.CBC60766CDC2EFD503EA998F31B181AA.d.3E92FAB8E0C4B47A824B21719F0015AF.e.5975","ELEMENT":"f.CBC60766CDC2EFD503EA998F31B181AA.d.3E92FAB8E0C4B47A824B21719F0015AF.e.5975"}]}
COMMAND: GET /session/d7e4ce2bf424277d4594bf7056aa8e6c/screenshot - {}
RESULT: {}
RESULT: {"script":"<script> [8489 bytes]","args":[{"element-6066-11e4-a52e-4f735466cecf":"f.CBC60766CDC2EFD503EA998F31B181AA.d.3E92FAB8E0C4B47A824B21719F0015AF.e.5975","ELEMENT":"f.CBC60766CDC2EFD503EA998F31B181AA.d.3E92FAB8E0C4B47A824B21719F0015AF.e.5975"}]}
COMMAND: POST /session/d7e4ce2bf424277d4594bf7056aa8e6c/execute/sync - {"script":"<script> [5351 bytes]","args":[{"element-6066-11e4-a52e-4f735466cecf":"f.CBC60766CDC2EFD503EA998F31B181AA.d.3E92FAB8E0C4B47A824B21719F0015AF.e.5975","ELEMENT":"f.CBC60766CDC2EFD503EA998F31B181AA.d.3E92FAB8E0C4B47A824B21719F0015AF.e.5975"}]}
COMMAND: GET /session/d7e4ce2bf424277d4594bf7056aa8e6c/screenshot - {}
RESULT: {}
RESULT: {"script":"<script> [5351 bytes]","args":[{"element-6066-11e4-a52e-4f735466cecf":"f.CBC60766CDC2EFD503EA998F31B181AA.d.3E92FAB8E0C4B47A824B21719F0015AF.e.5975","ELEMENT":"f.CBC60766CDC2EFD503EA998F31B181AA.d.3E92FAB8E0C4B47A824B21719F0015AF.e.5975"}]}
COMMAND: GET /session/d7e4ce2bf424277d4594bf7056aa8e6c/screenshot - {}
COMMAND: POST /session/d7e4ce2bf424277d4594bf7056aa8e6c/execute/sync - {"script":"<script> [8489 bytes]","args":[{"element-6066-11e4-a52e-4f735466cecf":"f.CBC60766CDC2EFD503EA998F31B181AA.d.3E92FAB8E0C4B47A824B21719F0015AF.e.5975","ELEMENT":"f.CBC60766CDC2EFD503EA998F31B181AA.d.3E92FAB8E0C4B47A824B21719F0015AF.e.5975"}]}
RESULT: {}
RESULT: {"script":"<script> [8489 bytes]","args":[{"element-6066-11e4-a52e-4f735466cecf":"f.CBC60766CDC2EFD503EA998F31B181AA.d.3E92FAB8E0C4B47A824B21719F0015AF.e.5975","ELEMENT":"f.CBC60766CDC2EFD503EA998F31B181AA.d.3E92FAB8E0C4B47A824B21719F0015AF.e.5975"}]}
COMMAND: POST /session/d7e4ce2bf424277d4594bf7056aa8e6c/execute/sync - {"script":"<script> [5351 bytes]","args":[{"element-6066-11e4-a52e-4f735466cecf":"f.CBC60766CDC2EFD503EA998F31B181AA.d.3E92FAB8E0C4B47A824B21719F0015AF.e.5975","ELEMENT":"f.CBC60766CDC2EFD503EA998F31B181AA.d.3E92FAB8E0C4B47A824B21719F0015AF.e.5975"}]}
COMMAND: GET /session/d7e4ce2bf424277d4594bf7056aa8e6c/screenshot - {}
RESULT: {}
RESULT: {"script":"<script> [5351 bytes]","args":[{"element-6066-11e4-a52e-4f735466cecf":"f.CBC60766CDC2EFD503EA998F31B181AA.d.3E92FAB8E0C4B47A824B21719F0015AF.e.5975","ELEMENT":"f.CBC60766CDC2EFD503EA998F31B181AA.d.3E92FAB8E0C4B47A824B21719F0015AF.e.5975"}]}
COMMAND: POST /session/d7e4ce2bf424277d4594bf7056aa8e6c/execute/sync - {"script":"<script> [8489 bytes]","args":[{"element-6066-11e4-a52e-4f735466cecf":"f.CBC60766CDC2EFD503EA998F31B181AA.d.3E92FAB8E0C4B47A824B21719F0015AF.e.5975","ELEMENT":"f.CBC60766CDC2EFD503EA998F31B181AA.d.3E92FAB8E0C4B47A824B21719F0015AF.e.5975"}]}
COMMAND: GET /session/d7e4ce2bf424277d4594bf7056aa8e6c/screenshot - {}
RESULT: {}
RESULT: {"script":"<script> [8489 bytes]","args":[{"element-6066-11e4-a52e-4f735466cecf":"f.CBC60766CDC2EFD503EA998F31B181AA.d.3E92FAB8E0C4B47A824B21719F0015AF.e.5975","ELEMENT":"f.CBC60766CDC2EFD503EA998F31B181AA.d.3E92FAB8E0C4B47A824B21719F0015AF.e.5975"}]}
COMMAND: POST /session/d7e4ce2bf424277d4594bf7056aa8e6c/execute/sync - {"script":"<script> [5351 bytes]","args":[{"element-6066-11e4-a52e-4f735466cecf":"f.CBC60766CDC2EFD503EA998F31B181AA.d.3E92FAB8E0C4B47A824B21719F0015AF.e.5975","ELEMENT":"f.CBC60766CDC2EFD503EA998F31B181AA.d.3E92FAB8E0C4B47A824B21719F0015AF.e.5975"}]}
COMMAND: GET /session/d7e4ce2bf424277d4594bf7056aa8e6c/screenshot - {}
RESULT: {}
RESULT: {"script":"<script> [5351 bytes]","args":[{"element-6066-11e4-a52e-4f735466cecf":"f.CBC60766CDC2EFD503EA998F31B181AA.d.3E92FAB8E0C4B47A824B21719F0015AF.e.5975","ELEMENT":"f.CBC60766CDC2EFD503EA998F31B181AA.d.3E92FAB8E0C4B47A824B21719F0015AF.e.5975"}]}
COMMAND: POST /session/d7e4ce2bf424277d4594bf7056aa8e6c/execute/sync - {"script":"<script> [8489 bytes]","args":[{"element-6066-11e4-a52e-4f735466cecf":"f.CBC60766CDC2EFD503EA998F31B181AA.d.3E92FAB8E0C4B47A824B21719F0015AF.e.5975","ELEMENT":"f.CBC60766CDC2EFD503EA998F31B181AA.d.3E92FAB8E0C4B47A824B21719F0015AF.e.5975"}]}
COMMAND: GET /session/d7e4ce2bf424277d4594bf7056aa8e6c/screenshot - {}
RESULT: {}
RESULT: {"script":"<script> [8489 bytes]","args":[{"element-6066-11e4-a52e-4f735466cecf":"f.CBC60766CDC2EFD503EA998F31B181AA.d.3E92FAB8E0C4B47A824B21719F0015AF.e.5975","ELEMENT":"f.CBC60766CDC2EFD503EA998F31B181AA.d.3E92FAB8E0C4B47A824B21719F0015AF.e.5975"}]}
COMMAND: POST /session/d7e4ce2bf424277d4594bf7056aa8e6c/execute/sync - {"script":"<script> [5351 bytes]","args":[{"element-6066-11e4-a52e-4f735466cecf":"f.CBC60766CDC2EFD503EA998F31B181AA.d.3E92FAB8E0C4B47A824B21719F0015AF.e.5975","ELEMENT":"f.CBC60766CDC2EFD503EA998F31B181AA.d.3E92FAB8E0C4B47A824B21719F0015AF.e.5975"}]}
COMMAND: GET /session/d7e4ce2bf424277d4594bf7056aa8e6c/screenshot - {}
RESULT: {}
RESULT: {"script":"<script> [5351 bytes]","args":[{"element-6066-11e4-a52e-4f735466cecf":"f.CBC60766CDC2EFD503EA998F31B181AA.d.3E92FAB8E0C4B47A824B21719F0015AF.e.5975","ELEMENT":"f.CBC60766CDC2EFD503EA998F31B181AA.d.3E92FAB8E0C4B47A824B21719F0015AF.e.5975"}]}
COMMAND: POST /session/d7e4ce2bf424277d4594bf7056aa8e6c/execute/sync - {"script":"<script> [8489 bytes]","args":[{"element-6066-11e4-a52e-4f735466cecf":"f.CBC60766CDC2EFD503EA998F31B181AA.d.3E92FAB8E0C4B47A824B21719F0015AF.e.5975","ELEMENT":"f.CBC60766CDC2EFD503EA998F31B181AA.d.3E92FAB8E0C4B47A824B21719F0015AF.e.5975"}]}
COMMAND: GET /session/d7e4ce2bf424277d4594bf7056aa8e6c/screenshot - {}
RESULT: {}
RESULT: {"script":"<script> [8489 bytes]","args":[{"element-6066-11e4-a52e-4f735466cecf":"f.CBC60766CDC2EFD503EA998F31B181AA.d.3E92FAB8E0C4B47A824B21719F0015AF.e.5975","ELEMENT":"f.CBC60766CDC2EFD503EA998F31B181AA.d.3E92FAB8E0C4B47A824B21719F0015AF.e.5975"}]}
COMMAND: POST /session/d7e4ce2bf424277d4594bf7056aa8e6c/execute/sync - {"script":"<script> [5351 bytes]","args":[{"element-6066-11e4-a52e-4f735466cecf":"f.CBC60766CDC2EFD503EA998F31B181AA.d.3E92FAB8E0C4B47A824B21719F0015AF.e.5975","ELEMENT":"f.CBC60766CDC2EFD503EA998F31B181AA.d.3E92FAB8E0C4B47A824B21719F0015AF.e.5975"}]}
COMMAND: GET /session/d7e4ce2bf424277d4594bf7056aa8e6c/screenshot - {}
RESULT: {}
RESULT: {"script":"<script> [5351 bytes]","args":[{"element-6066-11e4-a52e-4f735466cecf":"f.CBC60766CDC2EFD503EA998F31B181AA.d.3E92FAB8E0C4B47A824B21719F0015AF.e.5975","ELEMENT":"f.CBC60766CDC2EFD503EA998F31B181AA.d.3E92FAB8E0C4B47A824B21719F0015AF.e.5975"}]}
COMMAND: POST /session/d7e4ce2bf424277d4594bf7056aa8e6c/execute/sync - {"script":"<script> [8489 bytes]","args":[{"element-6066-11e4-a52e-4f735466cecf":"f.CBC60766CDC2EFD503EA998F31B181AA.d.3E92FAB8E0C4B47A824B21719F0015AF.e.5975","ELEMENT":"f.CBC60766CDC2EFD503EA998F31B181AA.d.3E92FAB8E0C4B47A824B21719F0015AF.e.5975"}]}
COMMAND: GET /session/d7e4ce2bf424277d4594bf7056aa8e6c/screenshot - {}
RESULT: {}
RESULT: {"script":"<script> [8489 bytes]","args":[{"element-6066-11e4-a52e-4f735466cecf":"f.CBC60766CDC2EFD503EA998F31B181AA.d.3E92FAB8E0C4B47A824B21719F0015AF.e.5975","ELEMENT":"f.CBC60766CDC2EFD503EA998F31B181AA.d.3E92FAB8E0C4B47A824B21719F0015AF.e.5975"}]}
COMMAND: POST /session/d7e4ce2bf424277d4594bf7056aa8e6c/execute/sync - {"script":"<script> [5351 bytes]","args":[{"element-6066-11e4-a52e-4f735466cecf":"f.CBC60766CDC2EFD503EA998F31B181AA.d.3E92FAB8E0C4B47A824B21719F0015AF.e.5975","ELEMENT":"f.CBC60766CDC2EFD503EA998F31B181AA.d.3E92FAB8E0C4B47A824B21719F0015AF.e.5975"}]}
COMMAND: GET /session/d7e4ce2bf424277d4594bf7056aa8e6c/screenshot - {}
RESULT: {}
RESULT: {"script":"<script> [5351 bytes]","args":[{"element-6066-11e4-a52e-4f735466cecf":"f.CBC60766CDC2EFD503EA998F31B181AA.d.3E92FAB8E0C4B47A824B21719F0015AF.e.5975","ELEMENT":"f.CBC60766CDC2EFD503EA998F31B181AA.d.3E92FAB8E0C4B47A824B21719F0015AF.e.5975"}]}
COMMAND: GET /session/d7e4ce2bf424277d4594bf7056aa8e6c/screenshot - {}
COMMAND: POST /session/d7e4ce2bf424277d4594bf7056aa8e6c/execute/sync - {"script":"<script> [8489 bytes]","args":[{"element-6066-11e4-a52e-4f735466cecf":"f.CBC60766CDC2EFD503EA998F31B181AA.d.3E92FAB8E0C4B47A824B21719F0015AF.e.5975","ELEMENT":"f.CBC60766CDC2EFD503EA998F31B181AA.d.3E92FAB8E0C4B47A824B21719F0015AF.e.5975"}]}
RESULT: {}
RESULT: {}
RESULT: {"script":"<script> [8489 bytes]","args":[{"element-6066-11e4-a52e-4f735466cecf":"f.CBC60766CDC2EFD503EA998F31B181AA.d.3E92FAB8E0C4B47A824B21719F0015AF.e.5975","ELEMENT":"f.CBC60766CDC2EFD503EA998F31B181AA.d.3E92FAB8E0C4B47A824B21719F0015AF.e.5975"}]}
COMMAND: POST /session/d7e4ce2bf424277d4594bf7056aa8e6c/execute/sync - {"script":"<script> [5351 bytes]","args":[{"element-6066-11e4-a52e-4f735466cecf":"f.CBC60766CDC2EFD503EA998F31B181AA.d.3E92FAB8E0C4B47A824B21719F0015AF.e.5975","ELEMENT":"f.CBC60766CDC2EFD503EA998F31B181AA.d.3E92FAB8E0C4B47A824B21719F0015AF.e.5975"}]}
COMMAND: GET /session/d7e4ce2bf424277d4594bf7056aa8e6c/screenshot - {}
RESULT: {"script":"<script> [5351 bytes]","args":[{"element-6066-11e4-a52e-4f735466cecf":"f.CBC60766CDC2EFD503EA998F31B181AA.d.3E92FAB8E0C4B47A824B21719F0015AF.e.5975","ELEMENT":"f.CBC60766CDC2EFD503EA998F31B181AA.d.3E92FAB8E0C4B47A824B21719F0015AF.e.5975"}]}
COMMAND: GET /session/d7e4ce2bf424277d4594bf7056aa8e6c/screenshot - {}
COMMAND: POST /session/d7e4ce2bf424277d4594bf7056aa8e6c/execute/sync - {"script":"<script> [8489 bytes]","args":[{"element-6066-11e4-a52e-4f735466cecf":"f.CBC60766CDC2EFD503EA998F31B181AA.d.3E92FAB8E0C4B47A824B21719F0015AF.e.5975","ELEMENT":"f.CBC60766CDC2EFD503EA998F31B181AA.d.3E92FAB8E0C4B47A824B21719F0015AF.e.5975"}]}
RESULT: {}
RESULT: {}
RESULT: {"script":"<script> [8489 bytes]","args":[{"element-6066-11e4-a52e-4f735466cecf":"f.CBC60766CDC2EFD503EA998F31B181AA.d.3E92FAB8E0C4B47A824B21719F0015AF.e.5975","ELEMENT":"f.CBC60766CDC2EFD503EA998F31B181AA.d.3E92FAB8E0C4B47A824B21719F0015AF.e.5975"}]}
COMMAND: POST /session/d7e4ce2bf424277d4594bf7056aa8e6c/execute/sync - {"script":"<script> [5351 bytes]","args":[{"element-6066-11e4-a52e-4f735466cecf":"f.CBC60766CDC2EFD503EA998F31B181AA.d.3E92FAB8E0C4B47A824B21719F0015AF.e.5975","ELEMENT":"f.CBC60766CDC2EFD503EA998F31B181AA.d.3E92FAB8E0C4B47A824B21719F0015AF.e.5975"}]}
COMMAND: GET /session/d7e4ce2bf424277d4594bf7056aa8e6c/screenshot - {}
RESULT: {"script":"<script> [5351 bytes]","args":[{"element-6066-11e4-a52e-4f735466cecf":"f.CBC60766CDC2EFD503EA998F31B181AA.d.3E92FAB8E0C4B47A824B21719F0015AF.e.5975","ELEMENT":"f.CBC60766CDC2EFD503EA998F31B181AA.d.3E92FAB8E0C4B47A824B21719F0015AF.e.5975"}]}
COMMAND: GET /session/d7e4ce2bf424277d4594bf7056aa8e6c/screenshot - {}
COMMAND: POST /session/d7e4ce2bf424277d4594bf7056aa8e6c/execute/sync - {"script":"<script> [8489 bytes]","args":[{"element-6066-11e4-a52e-4f735466cecf":"f.CBC60766CDC2EFD503EA998F31B181AA.d.3E92FAB8E0C4B47A824B21719F0015AF.e.5975","ELEMENT":"f.CBC60766CDC2EFD503EA998F31B181AA.d.3E92FAB8E0C4B47A824B21719F0015AF.e.5975"}]}
RESULT: {}
RESULT: {}
RESULT: {"script":"<script> [8489 bytes]","args":[{"element-6066-11e4-a52e-4f735466cecf":"f.CBC60766CDC2EFD503EA998F31B181AA.d.3E92FAB8E0C4B47A824B21719F0015AF.e.5975","ELEMENT":"f.CBC60766CDC2EFD503EA998F31B181AA.d.3E92FAB8E0C4B47A824B21719F0015AF.e.5975"}]}
COMMAND: POST /session/d7e4ce2bf424277d4594bf7056aa8e6c/execute/sync - {"script":"<script> [5351 bytes]","args":[{"element-6066-11e4-a52e-4f735466cecf":"f.CBC60766CDC2EFD503EA998F31B181AA.d.3E92FAB8E0C4B47A824B21719F0015AF.e.5975","ELEMENT":"f.CBC60766CDC2EFD503EA998F31B181AA.d.3E92FAB8E0C4B47A824B21719F0015AF.e.5975"}]}
COMMAND: GET /session/d7e4ce2bf424277d4594bf7056aa8e6c/screenshot - {}
RESULT: {"script":"<script> [5351 bytes]","args":[{"element-6066-11e4-a52e-4f735466cecf":"f.CBC60766CDC2EFD503EA998F31B181AA.d.3E92FAB8E0C4B47A824B21719F0015AF.e.5975","ELEMENT":"f.CBC60766CDC2EFD503EA998F31B181AA.d.3E92FAB8E0C4B47A824B21719F0015AF.e.5975"}]}
COMMAND: GET /session/d7e4ce2bf424277d4594bf7056aa8e6c/screenshot - {}
COMMAND: POST /session/d7e4ce2bf424277d4594bf7056aa8e6c/execute/sync - {"script":"<script> [8489 bytes]","args":[{"element-6066-11e4-a52e-4f735466cecf":"f.CBC60766CDC2EFD503EA998F31B181AA.d.3E92FAB8E0C4B47A824B21719F0015AF.e.5975","ELEMENT":"f.CBC60766CDC2EFD503EA998F31B181AA.d.3E92FAB8E0C4B47A824B21719F0015AF.e.5975"}]}
RESULT: {}
RESULT: {}
RESULT: {"script":"<script> [8489 bytes]","args":[{"element-6066-11e4-a52e-4f735466cecf":"f.CBC60766CDC2EFD503EA998F31B181AA.d.3E92FAB8E0C4B47A824B21719F0015AF.e.5975","ELEMENT":"f.CBC60766CDC2EFD503EA998F31B181AA.d.3E92FAB8E0C4B47A824B21719F0015AF.e.5975"}]}
COMMAND: POST /session/d7e4ce2bf424277d4594bf7056aa8e6c/execute/sync - {"script":"<script> [5351 bytes]","args":[{"element-6066-11e4-a52e-4f735466cecf":"f.CBC60766CDC2EFD503EA998F31B181AA.d.3E92FAB8E0C4B47A824B21719F0015AF.e.5975","ELEMENT":"f.CBC60766CDC2EFD503EA998F31B181AA.d.3E92FAB8E0C4B47A824B21719F0015AF.e.5975"}]}
COMMAND: GET /session/d7e4ce2bf424277d4594bf7056aa8e6c/screenshot - {}
RESULT: {"script":"<script> [5351 bytes]","args":[{"element-6066-11e4-a52e-4f735466cecf":"f.CBC60766CDC2EFD503EA998F31B181AA.d.3E92FAB8E0C4B47A824B21719F0015AF.e.5975","ELEMENT":"f.CBC60766CDC2EFD503EA998F31B181AA.d.3E92FAB8E0C4B47A824B21719F0015AF.e.5975"}]}
COMMAND: POST /session/d7e4ce2bf424277d4594bf7056aa8e6c/execute/sync - {"script":"<script> [8489 bytes]","args":[{"element-6066-11e4-a52e-4f735466cecf":"f.CBC60766CDC2EFD503EA998F31B181AA.d.3E92FAB8E0C4B47A824B21719F0015AF.e.5975","ELEMENT":"f.CBC60766CDC2EFD503EA998F31B181AA.d.3E92FAB8E0C4B47A824B21719F0015AF.e.5975"}]}
COMMAND: GET /session/d7e4ce2bf424277d4594bf7056aa8e6c/screenshot - {}
RESULT: {}
RESULT: {"script":"<script> [8489 bytes]","args":[{"element-6066-11e4-a52e-4f735466cecf":"f.CBC60766CDC2EFD503EA998F31B181AA.d.3E92FAB8E0C4B47A824B21719F0015AF.e.5975","ELEMENT":"f.CBC60766CDC2EFD503EA998F31B181AA.d.3E92FAB8E0C4B47A824B21719F0015AF.e.5975"}]}
COMMAND: POST /session/d7e4ce2bf424277d4594bf7056aa8e6c/execute/sync - {"script":"<script> [5351 bytes]","args":[{"element-6066-11e4-a52e-4f735466cecf":"f.CBC60766CDC2EFD503EA998F31B181AA.d.3E92FAB8E0C4B47A824B21719F0015AF.e.5975","ELEMENT":"f.CBC60766CDC2EFD503EA998F31B181AA.d.3E92FAB8E0C4B47A824B21719F0015AF.e.5975"}]}
COMMAND: GET /session/d7e4ce2bf424277d4594bf7056aa8e6c/screenshot - {}
RESULT: {}
RESULT: {"script":"<script> [5351 bytes]","args":[{"element-6066-11e4-a52e-4f735466cecf":"f.CBC60766CDC2EFD503EA998F31B181AA.d.3E92FAB8E0C4B47A824B21719F0015AF.e.5975","ELEMENT":"f.CBC60766CDC2EFD503EA998F31B181AA.d.3E92FAB8E0C4B47A824B21719F0015AF.e.5975"}]}
COMMAND: GET /session/d7e4ce2bf424277d4594bf7056aa8e6c/screenshot - {}
COMMAND: POST /session/d7e4ce2bf424277d4594bf7056aa8e6c/execute/sync - {"script":"<script> [8489 bytes]","args":[{"element-6066-11e4-a52e-4f735466cecf":"f.CBC60766CDC2EFD503EA998F31B181AA.d.3E92FAB8E0C4B47A824B21719F0015AF.e.5975","ELEMENT":"f.CBC60766CDC2EFD503EA998F31B181AA.d.3E92FAB8E0C4B47A824B21719F0015AF.e.5975"}]}
RESULT: {}
RESULT: {"script":"<script> [8489 bytes]","args":[{"element-6066-11e4-a52e-4f735466cecf":"f.CBC60766CDC2EFD503EA998F31B181AA.d.3E92FAB8E0C4B47A824B21719F0015AF.e.5975","ELEMENT":"f.CBC60766CDC2EFD503EA998F31B181AA.d.3E92FAB8E0C4B47A824B21719F0015AF.e.5975"}]}
COMMAND: POST /session/d7e4ce2bf424277d4594bf7056aa8e6c/execute/sync - {"script":"<script> [5351 bytes]","args":[{"element-6066-11e4-a52e-4f735466cecf":"f.CBC60766CDC2EFD503EA998F31B181AA.d.3E92FAB8E0C4B47A824B21719F0015AF.e.5975","ELEMENT":"f.CBC60766CDC2EFD503EA998F31B181AA.d.3E92FAB8E0C4B47A824B21719F0015AF.e.5975"}]}
COMMAND: GET /session/d7e4ce2bf424277d4594bf7056aa8e6c/screenshot - {}
RESULT: {}
RESULT: {"script":"<script> [5351 bytes]","args":[{"element-6066-11e4-a52e-4f735466cecf":"f.CBC60766CDC2EFD503EA998F31B181AA.d.3E92FAB8E0C4B47A824B21719F0015AF.e.5975","ELEMENT":"f.CBC60766CDC2EFD503EA998F31B181AA.d.3E92FAB8E0C4B47A824B21719F0015AF.e.5975"}]}
COMMAND: GET /session/d7e4ce2bf424277d4594bf7056aa8e6c/screenshot - {}
COMMAND: POST /session/d7e4ce2bf424277d4594bf7056aa8e6c/execute/sync - {"script":"<script> [8489 bytes]","args":[{"element-6066-11e4-a52e-4f735466cecf":"f.CBC60766CDC2EFD503EA998F31B181AA.d.3E92FAB8E0C4B47A824B21719F0015AF.e.5975","ELEMENT":"f.CBC60766CDC2EFD503EA998F31B181AA.d.3E92FAB8E0C4B47A824B21719F0015AF.e.5975"}]}
RESULT: {}
RESULT: {}
RESULT: {"script":"<script> [8489 bytes]","args":[{"element-6066-11e4-a52e-4f735466cecf":"f.CBC60766CDC2EFD503EA998F31B181AA.d.3E92FAB8E0C4B47A824B21719F0015AF.e.5975","ELEMENT":"f.CBC60766CDC2EFD503EA998F31B181AA.d.3E92FAB8E0C4B47A824B21719F0015AF.e.5975"}]}
COMMAND: POST /session/d7e4ce2bf424277d4594bf7056aa8e6c/execute/sync - {"script":"<script> [5351 bytes]","args":[{"element-6066-11e4-a52e-4f735466cecf":"f.CBC60766CDC2EFD503EA998F31B181AA.d.3E92FAB8E0C4B47A824B21719F0015AF.e.5975","ELEMENT":"f.CBC60766CDC2EFD503EA998F31B181AA.d.3E92FAB8E0C4B47A824B21719F0015AF.e.5975"}]}
COMMAND: GET /session/d7e4ce2bf424277d4594bf7056aa8e6c/screenshot - {}
RESULT: {"script":"<script> [5351 bytes]","args":[{"element-6066-11e4-a52e-4f735466cecf":"f.CBC60766CDC2EFD503EA998F31B181AA.d.3E92FAB8E0C4B47A824B21719F0015AF.e.5975","ELEMENT":"f.CBC60766CDC2EFD503EA998F31B181AA.d.3E92FAB8E0C4B47A824B21719F0015AF.e.5975"}]}
COMMAND: GET /session/d7e4ce2bf424277d4594bf7056aa8e6c/screenshot - {}
COMMAND: POST /session/d7e4ce2bf424277d4594bf7056aa8e6c/execute/sync - {"script":"<script> [8489 bytes]","args":[{"element-6066-11e4-a52e-4f735466cecf":"f.CBC60766CDC2EFD503EA998F31B181AA.d.3E92FAB8E0C4B47A824B21719F0015AF.e.5975","ELEMENT":"f.CBC60766CDC2EFD503EA998F31B181AA.d.3E92FAB8E0C4B47A824B21719F0015AF.e.5975"}]}
RESULT: {}
RESULT: {"script":"<script> [8489 bytes]","args":[{"element-6066-11e4-a52e-4f735466cecf":"f.CBC60766CDC2EFD503EA998F31B181AA.d.3E92FAB8E0C4B47A824B21719F0015AF.e.5975","ELEMENT":"f.CBC60766CDC2EFD503EA998F31B181AA.d.3E92FAB8E0C4B47A824B21719F0015AF.e.5975"}]}
COMMAND: POST /session/d7e4ce2bf424277d4594bf7056aa8e6c/execute/sync - {"script":"<script> [5351 bytes]","args":[{"element-6066-11e4-a52e-4f735466cecf":"f.CBC60766CDC2EFD503EA998F31B181AA.d.3E92FAB8E0C4B47A824B21719F0015AF.e.5975","ELEMENT":"f.CBC60766CDC2EFD503EA998F31B181AA.d.3E92FAB8E0C4B47A824B21719F0015AF.e.5975"}]}
COMMAND: GET /session/d7e4ce2bf424277d4594bf7056aa8e6c/screenshot - {}
RESULT: {}
RESULT: {"script":"<script> [5351 bytes]","args":[{"element-6066-11e4-a52e-4f735466cecf":"f.CBC60766CDC2EFD503EA998F31B181AA.d.3E92FAB8E0C4B47A824B21719F0015AF.e.5975","ELEMENT":"f.CBC60766CDC2EFD503EA998F31B181AA.d.3E92FAB8E0C4B47A824B21719F0015AF.e.5975"}]}
COMMAND: POST /session/d7e4ce2bf424277d4594bf7056aa8e6c/execute/sync - {"script":"<script> [8489 bytes]","args":[{"element-6066-11e4-a52e-4f735466cecf":"f.CBC60766CDC2EFD503EA998F31B181AA.d.3E92FAB8E0C4B47A824B21719F0015AF.e.5975","ELEMENT":"f.CBC60766CDC2EFD503EA998F31B181AA.d.3E92FAB8E0C4B47A824B21719F0015AF.e.5975"}]}
COMMAND: GET /session/d7e4ce2bf424277d4594bf7056aa8e6c/screenshot - {}
RESULT: {}
RESULT: {"script":"<script> [8489 bytes]","args":[{"element-6066-11e4-a52e-4f735466cecf":"f.CBC60766CDC2EFD503EA998F31B181AA.d.3E92FAB8E0C4B47A824B21719F0015AF.e.5975","ELEMENT":"f.CBC60766CDC2EFD503EA998F31B181AA.d.3E92FAB8E0C4B47A824B21719F0015AF.e.5975"}]}
COMMAND: POST /session/d7e4ce2bf424277d4594bf7056aa8e6c/execute/sync - {"script":"<script> [5351 bytes]","args":[{"element-6066-11e4-a52e-4f735466cecf":"f.CBC60766CDC2EFD503EA998F31B181AA.d.3E92FAB8E0C4B47A824B21719F0015AF.e.5975","ELEMENT":"f.CBC60766CDC2EFD503EA998F31B181AA.d.3E92FAB8E0C4B47A824B21719F0015AF.e.5975"}]}
COMMAND: GET /session/d7e4ce2bf424277d4594bf7056aa8e6c/screenshot - {}
RESULT: {}
RESULT: {"script":"<script> [5351 bytes]","args":[{"element-6066-11e4-a52e-4f735466cecf":"f.CBC60766CDC2EFD503EA998F31B181AA.d.3E92FAB8E0C4B47A824B21719F0015AF.e.5975","ELEMENT":"f.CBC60766CDC2EFD503EA998F31B181AA.d.3E92FAB8E0C4B47A824B21719F0015AF.e.5975"}]}
COMMAND: GET /session/d7e4ce2bf424277d4594bf7056aa8e6c/screenshot - {}
COMMAND: POST /session/d7e4ce2bf424277d4594bf7056aa8e6c/execute/sync - {"script":"<script> [8489 bytes]","args":[{"element-6066-11e4-a52e-4f735466cecf":"f.CBC60766CDC2EFD503EA998F31B181AA.d.3E92FAB8E0C4B47A824B21719F0015AF.e.5975","ELEMENT":"f.CBC60766CDC2EFD503EA998F31B181AA.d.3E92FAB8E0C4B47A824B21719F0015AF.e.5975"}]}
RESULT: {}
RESULT: {}
RESULT: {"script":"<script> [8489 bytes]","args":[{"element-6066-11e4-a52e-4f735466cecf":"f.CBC60766CDC2EFD503EA998F31B181AA.d.3E92FAB8E0C4B47A824B21719F0015AF.e.5975","ELEMENT":"f.CBC60766CDC2EFD503EA998F31B181AA.d.3E92FAB8E0C4B47A824B21719F0015AF.e.5975"}]}
COMMAND: POST /session/d7e4ce2bf424277d4594bf7056aa8e6c/execute/sync - {"script":"<script> [5351 bytes]","args":[{"element-6066-11e4-a52e-4f735466cecf":"f.CBC60766CDC2EFD503EA998F31B181AA.d.3E92FAB8E0C4B47A824B21719F0015AF.e.5975","ELEMENT":"f.CBC60766CDC2EFD503EA998F31B181AA.d.3E92FAB8E0C4B47A824B21719F0015AF.e.5975"}]}
COMMAND: GET /session/d7e4ce2bf424277d4594bf7056aa8e6c/screenshot - {}
RESULT: {"script":"<script> [5351 bytes]","args":[{"element-6066-11e4-a52e-4f735466cecf":"f.CBC60766CDC2EFD503EA998F31B181AA.d.3E92FAB8E0C4B47A824B21719F0015AF.e.5975","ELEMENT":"f.CBC60766CDC2EFD503EA998F31B181AA.d.3E92FAB8E0C4B47A824B21719F0015AF.e.5975"}]}
COMMAND: GET /session/d7e4ce2bf424277d4594bf7056aa8e6c/screenshot - {}
COMMAND: POST /session/d7e4ce2bf424277d4594bf7056aa8e6c/execute/sync - {"script":"<script> [8489 bytes]","args":[{"element-6066-11e4-a52e-4f735466cecf":"f.CBC60766CDC2EFD503EA998F31B181AA.d.3E92FAB8E0C4B47A824B21719F0015AF.e.5975","ELEMENT":"f.CBC60766CDC2EFD503EA998F31B181AA.d.3E92FAB8E0C4B47A824B21719F0015AF.e.5975"}]}
RESULT: {}
RESULT: {"script":"<script> [8489 bytes]","args":[{"element-6066-11e4-a52e-4f735466cecf":"f.CBC60766CDC2EFD503EA998F31B181AA.d.3E92FAB8E0C4B47A824B21719F0015AF.e.5975","ELEMENT":"f.CBC60766CDC2EFD503EA998F31B181AA.d.3E92FAB8E0C4B47A824B21719F0015AF.e.5975"}]}
COMMAND: POST /session/d7e4ce2bf424277d4594bf7056aa8e6c/execute/sync - {"script":"<script> [5351 bytes]","args":[{"element-6066-11e4-a52e-4f735466cecf":"f.CBC60766CDC2EFD503EA998F31B181AA.d.3E92FAB8E0C4B47A824B21719F0015AF.e.5975","ELEMENT":"f.CBC60766CDC2EFD503EA998F31B181AA.d.3E92FAB8E0C4B47A824B21719F0015AF.e.5975"}]}
COMMAND: GET /session/d7e4ce2bf424277d4594bf7056aa8e6c/screenshot - {}
RESULT: {}
RESULT: {"script":"<script> [5351 bytes]","args":[{"element-6066-11e4-a52e-4f735466cecf":"f.CBC60766CDC2EFD503EA998F31B181AA.d.3E92FAB8E0C4B47A824B21719F0015AF.e.5975","ELEMENT":"f.CBC60766CDC2EFD503EA998F31B181AA.d.3E92FAB8E0C4B47A824B21719F0015AF.e.5975"}]}
COMMAND: POST /session/d7e4ce2bf424277d4594bf7056aa8e6c/execute/sync - {"script":"<script> [8489 bytes]","args":[{"element-6066-11e4-a52e-4f735466cecf":"f.CBC60766CDC2EFD503EA998F31B181AA.d.3E92FAB8E0C4B47A824B21719F0015AF.e.5975","ELEMENT":"f.CBC60766CDC2EFD503EA998F31B181AA.d.3E92FAB8E0C4B47A824B21719F0015AF.e.5975"}]}
COMMAND: GET /session/d7e4ce2bf424277d4594bf7056aa8e6c/screenshot - {}
RESULT: {}
RESULT: {"script":"<script> [8489 bytes]","args":[{"element-6066-11e4-a52e-4f735466cecf":"f.CBC60766CDC2EFD503EA998F31B181AA.d.3E92FAB8E0C4B47A824B21719F0015AF.e.5975","ELEMENT":"f.CBC60766CDC2EFD503EA998F31B181AA.d.3E92FAB8E0C4B47A824B21719F0015AF.e.5975"}]}
COMMAND: POST /session/d7e4ce2bf424277d4594bf7056aa8e6c/execute/sync - {"script":"<script> [5351 bytes]","args":[{"element-6066-11e4-a52e-4f735466cecf":"f.CBC60766CDC2EFD503EA998F31B181AA.d.3E92FAB8E0C4B47A824B21719F0015AF.e.5975","ELEMENT":"f.CBC60766CDC2EFD503EA998F31B181AA.d.3E92FAB8E0C4B47A824B21719F0015AF.e.5975"}]}
COMMAND: GET /session/d7e4ce2bf424277d4594bf7056aa8e6c/screenshot - {}
RESULT: {}
RESULT: {"script":"<script> [5351 bytes]","args":[{"element-6066-11e4-a52e-4f735466cecf":"f.CBC60766CDC2EFD503EA998F31B181AA.d.3E92FAB8E0C4B47A824B21719F0015AF.e.5975","ELEMENT":"f.CBC60766CDC2EFD503EA998F31B181AA.d.3E92FAB8E0C4B47A824B21719F0015AF.e.5975"}]}
COMMAND: GET /session/d7e4ce2bf424277d4594bf7056aa8e6c/screenshot - {}
COMMAND: POST /session/d7e4ce2bf424277d4594bf7056aa8e6c/execute/sync - {"script":"<script> [8489 bytes]","args":[{"element-6066-11e4-a52e-4f735466cecf":"f.CBC60766CDC2EFD503EA998F31B181AA.d.3E92FAB8E0C4B47A824B21719F0015AF.e.5975","ELEMENT":"f.CBC60766CDC2EFD503EA998F31B181AA.d.3E92FAB8E0C4B47A824B21719F0015AF.e.5975"}]}
RESULT: {}
RESULT: {}
RESULT: {"script":"<script> [8489 bytes]","args":[{"element-6066-11e4-a52e-4f735466cecf":"f.CBC60766CDC2EFD503EA998F31B181AA.d.3E92FAB8E0C4B47A824B21719F0015AF.e.5975","ELEMENT":"f.CBC60766CDC2EFD503EA998F31B181AA.d.3E92FAB8E0C4B47A824B21719F0015AF.e.5975"}]}
COMMAND: POST /session/d7e4ce2bf424277d4594bf7056aa8e6c/execute/sync - {"script":"<script> [5351 bytes]","args":[{"element-6066-11e4-a52e-4f735466cecf":"f.CBC60766CDC2EFD503EA998F31B181AA.d.3E92FAB8E0C4B47A824B21719F0015AF.e.5975","ELEMENT":"f.CBC60766CDC2EFD503EA998F31B181AA.d.3E92FAB8E0C4B47A824B21719F0015AF.e.5975"}]}
COMMAND: GET /session/d7e4ce2bf424277d4594bf7056aa8e6c/screenshot - {}
RESULT: {"script":"<script> [5351 bytes]","args":[{"element-6066-11e4-a52e-4f735466cecf":"f.CBC60766CDC2EFD503EA998F31B181AA.d.3E92FAB8E0C4B47A824B21719F0015AF.e.5975","ELEMENT":"f.CBC60766CDC2EFD503EA998F31B181AA.d.3E92FAB8E0C4B47A824B21719F0015AF.e.5975"}]}
COMMAND: GET /session/d7e4ce2bf424277d4594bf7056aa8e6c/screenshot - {}
COMMAND: POST /session/d7e4ce2bf424277d4594bf7056aa8e6c/execute/sync - {"script":"<script> [8489 bytes]","args":[{"element-6066-11e4-a52e-4f735466cecf":"f.CBC60766CDC2EFD503EA998F31B181AA.d.3E92FAB8E0C4B47A824B21719F0015AF.e.5975","ELEMENT":"f.CBC60766CDC2EFD503EA998F31B181AA.d.3E92FAB8E0C4B47A824B21719F0015AF.e.5975"}]}
RESULT: {}
RESULT: {}
RESULT: {"script":"<script> [8489 bytes]","args":[{"element-6066-11e4-a52e-4f735466cecf":"f.CBC60766CDC2EFD503EA998F31B181AA.d.3E92FAB8E0C4B47A824B21719F0015AF.e.5975","ELEMENT":"f.CBC60766CDC2EFD503EA998F31B181AA.d.3E92FAB8E0C4B47A824B21719F0015AF.e.5975"}]}
COMMAND: POST /session/d7e4ce2bf424277d4594bf7056aa8e6c/execute/sync - {"script":"<script> [5351 bytes]","args":[{"element-6066-11e4-a52e-4f735466cecf":"f.CBC60766CDC2EFD503EA998F31B181AA.d.3E92FAB8E0C4B47A824B21719F0015AF.e.5975","ELEMENT":"f.CBC60766CDC2EFD503EA998F31B181AA.d.3E92FAB8E0C4B47A824B21719F0015AF.e.5975"}]}
COMMAND: GET /session/d7e4ce2bf424277d4594bf7056aa8e6c/screenshot - {}
RESULT: {"script":"<script> [5351 bytes]","args":[{"element-6066-11e4-a52e-4f735466cecf":"f.CBC60766CDC2EFD503EA998F31B181AA.d.3E92FAB8E0C4B47A824B21719F0015AF.e.5975","ELEMENT":"f.CBC60766CDC2EFD503EA998F31B181AA.d.3E92FAB8E0C4B47A824B21719F0015AF.e.5975"}]}
COMMAND: GET /session/d7e4ce2bf424277d4594bf7056aa8e6c/screenshot - {}
COMMAND: POST /session/d7e4ce2bf424277d4594bf7056aa8e6c/execute/sync - {"script":"<script> [8489 bytes]","args":[{"element-6066-11e4-a52e-4f735466cecf":"f.CBC60766CDC2EFD503EA998F31B181AA.d.3E92FAB8E0C4B47A824B21719F0015AF.e.5975","ELEMENT":"f.CBC60766CDC2EFD503EA998F31B181AA.d.3E92FAB8E0C4B47A824B21719F0015AF.e.5975"}]}
RESULT: {}
RESULT: {}
RESULT: {"script":"<script> [8489 bytes]","args":[{"element-6066-11e4-a52e-4f735466cecf":"f.CBC60766CDC2EFD503EA998F31B181AA.d.3E92FAB8E0C4B47A824B21719F0015AF.e.5975","ELEMENT":"f.CBC60766CDC2EFD503EA998F31B181AA.d.3E92FAB8E0C4B47A824B21719F0015AF.e.5975"}]}
COMMAND: POST /session/d7e4ce2bf424277d4594bf7056aa8e6c/execute/sync - {"script":"<script> [5351 bytes]","args":[{"element-6066-11e4-a52e-4f735466cecf":"f.CBC60766CDC2EFD503EA998F31B181AA.d.3E92FAB8E0C4B47A824B21719F0015AF.e.5975","ELEMENT":"f.CBC60766CDC2EFD503EA998F31B181AA.d.3E92FAB8E0C4B47A824B21719F0015AF.e.5975"}]}
COMMAND: GET /session/d7e4ce2bf424277d4594bf7056aa8e6c/screenshot - {}
RESULT: {"script":"<script> [5351 bytes]","args":[{"element-6066-11e4-a52e-4f735466cecf":"f.CBC60766CDC2EFD503EA998F31B181AA.d.3E92FAB8E0C4B47A824B21719F0015AF.e.5975","ELEMENT":"f.CBC60766CDC2EFD503EA998F31B181AA.d.3E92FAB8E0C4B47A824B21719F0015AF.e.5975"}]}
COMMAND: POST /session/d7e4ce2bf424277d4594bf7056aa8e6c/execute/sync - {"script":"<script> [8489 bytes]","args":[{"element-6066-11e4-a52e-4f735466cecf":"f.CBC60766CDC2EFD503EA998F31B181AA.d.3E92FAB8E0C4B47A824B21719F0015AF.e.5975","ELEMENT":"f.CBC60766CDC2EFD503EA998F31B181AA.d.3E92FAB8E0C4B47A824B21719F0015AF.e.5975"}]}
COMMAND: GET /session/d7e4ce2bf424277d4594bf7056aa8e6c/screenshot - {}
RESULT: {}
RESULT: {"script":"<script> [8489 bytes]","args":[{"element-6066-11e4-a52e-4f735466cecf":"f.CBC60766CDC2EFD503EA998F31B181AA.d.3E92FAB8E0C4B47A824B21719F0015AF.e.5975","ELEMENT":"f.CBC60766CDC2EFD503EA998F31B181AA.d.3E92FAB8E0C4B47A824B21719F0015AF.e.5975"}]}
COMMAND: POST /session/d7e4ce2bf424277d4594bf7056aa8e6c/execute/sync - {"script":"<script> [5351 bytes]","args":[{"element-6066-11e4-a52e-4f735466cecf":"f.CBC60766CDC2EFD503EA998F31B181AA.d.3E92FAB8E0C4B47A824B21719F0015AF.e.5975","ELEMENT":"f.CBC60766CDC2EFD503EA998F31B181AA.d.3E92FAB8E0C4B47A824B21719F0015AF.e.5975"}]}
COMMAND: GET /session/d7e4ce2bf424277d4594bf7056aa8e6c/screenshot - {}
RESULT: {}
RESULT: {"script":"<script> [5351 bytes]","args":[{"element-6066-11e4-a52e-4f735466cecf":"f.CBC60766CDC2EFD503EA998F31B181AA.d.3E92FAB8E0C4B47A824B21719F0015AF.e.5975","ELEMENT":"f.CBC60766CDC2EFD503EA998F31B181AA.d.3E92FAB8E0C4B47A824B21719F0015AF.e.5975"}]}
COMMAND: GET /session/d7e4ce2bf424277d4594bf7056aa8e6c/screenshot - {}
COMMAND: POST /session/d7e4ce2bf424277d4594bf7056aa8e6c/execute/sync - {"script":"<script> [8489 bytes]","args":[{"element-6066-11e4-a52e-4f735466cecf":"f.CBC60766CDC2EFD503EA998F31B181AA.d.3E92FAB8E0C4B47A824B21719F0015AF.e.5975","ELEMENT":"f.CBC60766CDC2EFD503EA998F31B181AA.d.3E92FAB8E0C4B47A824B21719F0015AF.e.5975"}]}
RESULT: {}
RESULT: {}
RESULT: {"script":"<script> [8489 bytes]","args":[{"element-6066-11e4-a52e-4f735466cecf":"f.CBC60766CDC2EFD503EA998F31B181AA.d.3E92FAB8E0C4B47A824B21719F0015AF.e.5975","ELEMENT":"f.CBC60766CDC2EFD503EA998F31B181AA.d.3E92FAB8E0C4B47A824B21719F0015AF.e.5975"}]}
COMMAND: POST /session/d7e4ce2bf424277d4594bf7056aa8e6c/execute/sync - {"script":"<script> [5351 bytes]","args":[{"element-6066-11e4-a52e-4f735466cecf":"f.CBC60766CDC2EFD503EA998F31B181AA.d.3E92FAB8E0C4B47A824B21719F0015AF.e.5975","ELEMENT":"f.CBC60766CDC2EFD503EA998F31B181AA.d.3E92FAB8E0C4B47A824B21719F0015AF.e.5975"}]}
COMMAND: GET /session/d7e4ce2bf424277d4594bf7056aa8e6c/screenshot - {}
RESULT: {"script":"<script> [5351 bytes]","args":[{"element-6066-11e4-a52e-4f735466cecf":"f.CBC60766CDC2EFD503EA998F31B181AA.d.3E92FAB8E0C4B47A824B21719F0015AF.e.5975","ELEMENT":"f.CBC60766CDC2EFD503EA998F31B181AA.d.3E92FAB8E0C4B47A824B21719F0015AF.e.5975"}]}
COMMAND: GET /session/d7e4ce2bf424277d4594bf7056aa8e6c/screenshot - {}
COMMAND: POST /session/d7e4ce2bf424277d4594bf7056aa8e6c/execute/sync - {"script":"<script> [8489 bytes]","args":[{"element-6066-11e4-a52e-4f735466cecf":"f.CBC60766CDC2EFD503EA998F31B181AA.d.3E92FAB8E0C4B47A824B21719F0015AF.e.5975","ELEMENT":"f.CBC60766CDC2EFD503EA998F31B181AA.d.3E92FAB8E0C4B47A824B21719F0015AF.e.5975"}]}
RESULT: {}
RESULT: {"script":"<script> [8489 bytes]","args":[{"element-6066-11e4-a52e-4f735466cecf":"f.CBC60766CDC2EFD503EA998F31B181AA.d.3E92FAB8E0C4B47A824B21719F0015AF.e.5975","ELEMENT":"f.CBC60766CDC2EFD503EA998F31B181AA.d.3E92FAB8E0C4B47A824B21719F0015AF.e.5975"}]}
COMMAND: POST /session/d7e4ce2bf424277d4594bf7056aa8e6c/execute/sync - {"script":"<script> [5351 bytes]","args":[{"element-6066-11e4-a52e-4f735466cecf":"f.CBC60766CDC2EFD503EA998F31B181AA.d.3E92FAB8E0C4B47A824B21719F0015AF.e.5975","ELEMENT":"f.CBC60766CDC2EFD503EA998F31B181AA.d.3E92FAB8E0C4B47A824B21719F0015AF.e.5975"}]}
COMMAND: GET /session/d7e4ce2bf424277d4594bf7056aa8e6c/screenshot - {}
RESULT: {}
RESULT: {"script":"<script> [5351 bytes]","args":[{"element-6066-11e4-a52e-4f735466cecf":"f.CBC60766CDC2EFD503EA998F31B181AA.d.3E92FAB8E0C4B47A824B21719F0015AF.e.5975","ELEMENT":"f.CBC60766CDC2EFD503EA998F31B181AA.d.3E92FAB8E0C4B47A824B21719F0015AF.e.5975"}]}
COMMAND: GET /session/d7e4ce2bf424277d4594bf7056aa8e6c/screenshot - {}
COMMAND: POST /session/d7e4ce2bf424277d4594bf7056aa8e6c/execute/sync - {"script":"<script> [8489 bytes]","args":[{"element-6066-11e4-a52e-4f735466cecf":"f.CBC60766CDC2EFD503EA998F31B181AA.d.3E92FAB8E0C4B47A824B21719F0015AF.e.5975","ELEMENT":"f.CBC60766CDC2EFD503EA998F31B181AA.d.3E92FAB8E0C4B47A824B21719F0015AF.e.5975"}]}
RESULT: {}
RESULT: {}
RESULT: {"script":"<script> [8489 bytes]","args":[{"element-6066-11e4-a52e-4f735466cecf":"f.CBC60766CDC2EFD503EA998F31B181AA.d.3E92FAB8E0C4B47A824B21719F0015AF.e.5975","ELEMENT":"f.CBC60766CDC2EFD503EA998F31B181AA.d.3E92FAB8E0C4B47A824B21719F0015AF.e.5975"}]}
COMMAND: POST /session/d7e4ce2bf424277d4594bf7056aa8e6c/execute/sync - {"script":"<script> [5351 bytes]","args":[{"element-6066-11e4-a52e-4f735466cecf":"f.CBC60766CDC2EFD503EA998F31B181AA.d.3E92FAB8E0C4B47A824B21719F0015AF.e.5975","ELEMENT":"f.CBC60766CDC2EFD503EA998F31B181AA.d.3E92FAB8E0C4B47A824B21719F0015AF.e.5975"}]}
COMMAND: GET /session/d7e4ce2bf424277d4594bf7056aa8e6c/screenshot - {}
RESULT: {"script":"<script> [5351 bytes]","args":[{"element-6066-11e4-a52e-4f735466cecf":"f.CBC60766CDC2EFD503EA998F31B181AA.d.3E92FAB8E0C4B47A824B21719F0015AF.e.5975","ELEMENT":"f.CBC60766CDC2EFD503EA998F31B181AA.d.3E92FAB8E0C4B47A824B21719F0015AF.e.5975"}]}
COMMAND: POST /session/d7e4ce2bf424277d4594bf7056aa8e6c/execute/sync - {"script":"<script> [8489 bytes]","args":[{"element-6066-11e4-a52e-4f735466cecf":"f.CBC60766CDC2EFD503EA998F31B181AA.d.3E92FAB8E0C4B47A824B21719F0015AF.e.5975","ELEMENT":"f.CBC60766CDC2EFD503EA998F31B181AA.d.3E92FAB8E0C4B47A824B21719F0015AF.e.5975"}]}
COMMAND: GET /session/d7e4ce2bf424277d4594bf7056aa8e6c/screenshot - {}
RESULT: {}
RESULT: {"script":"<script> [8489 bytes]","args":[{"element-6066-11e4-a52e-4f735466cecf":"f.CBC60766CDC2EFD503EA998F31B181AA.d.3E92FAB8E0C4B47A824B21719F0015AF.e.5975","ELEMENT":"f.CBC60766CDC2EFD503EA998F31B181AA.d.3E92FAB8E0C4B47A824B21719F0015AF.e.5975"}]}
COMMAND: POST /session/d7e4ce2bf424277d4594bf7056aa8e6c/execute/sync - {"script":"<script> [5351 bytes]","args":[{"element-6066-11e4-a52e-4f735466cecf":"f.CBC60766CDC2EFD503EA998F31B181AA.d.3E92FAB8E0C4B47A824B21719F0015AF.e.5975","ELEMENT":"f.CBC60766CDC2EFD503EA998F31B181AA.d.3E92FAB8E0C4B47A824B21719F0015AF.e.5975"}]}
COMMAND: GET /session/d7e4ce2bf424277d4594bf7056aa8e6c/screenshot - {}
RESULT: {}
RESULT: {"script":"<script> [5351 bytes]","args":[{"element-6066-11e4-a52e-4f735466cecf":"f.CBC60766CDC2EFD503EA998F31B181AA.d.3E92FAB8E0C4B47A824B21719F0015AF.e.5975","ELEMENT":"f.CBC60766CDC2EFD503EA998F31B181AA.d.3E92FAB8E0C4B47A824B21719F0015AF.e.5975"}]}
COMMAND: GET /session/d7e4ce2bf424277d4594bf7056aa8e6c/screenshot - {}
COMMAND: POST /session/d7e4ce2bf424277d4594bf7056aa8e6c/execute/sync - {"script":"<script> [8489 bytes]","args":[{"element-6066-11e4-a52e-4f735466cecf":"f.CBC60766CDC2EFD503EA998F31B181AA.d.3E92FAB8E0C4B47A824B21719F0015AF.e.5975","ELEMENT":"f.CBC60766CDC2EFD503EA998F31B181AA.d.3E92FAB8E0C4B47A824B21719F0015AF.e.5975"}]}
RESULT: {}
RESULT: {}
RESULT: {"script":"<script> [8489 bytes]","args":[{"element-6066-11e4-a52e-4f735466cecf":"f.CBC60766CDC2EFD503EA998F31B181AA.d.3E92FAB8E0C4B47A824B21719F0015AF.e.5975","ELEMENT":"f.CBC60766CDC2EFD503EA998F31B181AA.d.3E92FAB8E0C4B47A824B21719F0015AF.e.5975"}]}
COMMAND: POST /session/d7e4ce2bf424277d4594bf7056aa8e6c/execute/sync - {"script":"<script> [5351 bytes]","args":[{"element-6066-11e4-a52e-4f735466cecf":"f.CBC60766CDC2EFD503EA998F31B181AA.d.3E92FAB8E0C4B47A824B21719F0015AF.e.5975","ELEMENT":"f.CBC60766CDC2EFD503EA998F31B181AA.d.3E92FAB8E0C4B47A824B21719F0015AF.e.5975"}]}
COMMAND: GET /session/d7e4ce2bf424277d4594bf7056aa8e6c/screenshot - {}
RESULT: {"script":"<script> [5351 bytes]","args":[{"element-6066-11e4-a52e-4f735466cecf":"f.CBC60766CDC2EFD503EA998F31B181AA.d.3E92FAB8E0C4B47A824B21719F0015AF.e.5975","ELEMENT":"f.CBC60766CDC2EFD503EA998F31B181AA.d.3E92FAB8E0C4B47A824B21719F0015AF.e.5975"}]}
COMMAND: GET /session/d7e4ce2bf424277d4594bf7056aa8e6c/screenshot - {}
COMMAND: POST /session/d7e4ce2bf424277d4594bf7056aa8e6c/execute/sync - {"script":"<script> [8489 bytes]","args":[{"element-6066-11e4-a52e-4f735466cecf":"f.CBC60766CDC2EFD503EA998F31B181AA.d.3E92FAB8E0C4B47A824B21719F0015AF.e.5975","ELEMENT":"f.CBC60766CDC2EFD503EA998F31B181AA.d.3E92FAB8E0C4B47A824B21719F0015AF.e.5975"}]}
RESULT: {}
RESULT: {"script":"<script> [8489 bytes]","args":[{"element-6066-11e4-a52e-4f735466cecf":"f.CBC60766CDC2EFD503EA998F31B181AA.d.3E92FAB8E0C4B47A824B21719F0015AF.e.5975","ELEMENT":"f.CBC60766CDC2EFD503EA998F31B181AA.d.3E92FAB8E0C4B47A824B21719F0015AF.e.5975"}]}
COMMAND: POST /session/d7e4ce2bf424277d4594bf7056aa8e6c/execute/sync - {"script":"<script> [5351 bytes]","args":[{"element-6066-11e4-a52e-4f735466cecf":"f.CBC60766CDC2EFD503EA998F31B181AA.d.3E92FAB8E0C4B47A824B21719F0015AF.e.5975","ELEMENT":"f.CBC60766CDC2EFD503EA998F31B181AA.d.3E92FAB8E0C4B47A824B21719F0015AF.e.5975"}]}
RESULT: {}
COMMAND: GET /session/d7e4ce2bf424277d4594bf7056aa8e6c/screenshot - {}
RESULT: {"script":"<script> [5351 bytes]","args":[{"element-6066-11e4-a52e-4f735466cecf":"f.CBC60766CDC2EFD503EA998F31B181AA.d.3E92FAB8E0C4B47A824B21719F0015AF.e.5975","ELEMENT":"f.CBC60766CDC2EFD503EA998F31B181AA.d.3E92FAB8E0C4B47A824B21719F0015AF.e.5975"}]}
COMMAND: GET /session/d7e4ce2bf424277d4594bf7056aa8e6c/screenshot - {}
COMMAND: POST /session/d7e4ce2bf424277d4594bf7056aa8e6c/execute/sync - {"script":"<script> [8489 bytes]","args":[{"element-6066-11e4-a52e-4f735466cecf":"f.CBC60766CDC2EFD503EA998F31B181AA.d.3E92FAB8E0C4B47A824B21719F0015AF.e.5975","ELEMENT":"f.CBC60766CDC2EFD503EA998F31B181AA.d.3E92FAB8E0C4B47A824B21719F0015AF.e.5975"}]}
RESULT: {}
RESULT: {}
RESULT: {"script":"<script> [8489 bytes]","args":[{"element-6066-11e4-a52e-4f735466cecf":"f.CBC60766CDC2EFD503EA998F31B181AA.d.3E92FAB8E0C4B47A824B21719F0015AF.e.5975","ELEMENT":"f.CBC60766CDC2EFD503EA998F31B181AA.d.3E92FAB8E0C4B47A824B21719F0015AF.e.5975"}]}
COMMAND: POST /session/d7e4ce2bf424277d4594bf7056aa8e6c/execute/sync - {"script":"<script> [5351 bytes]","args":[{"element-6066-11e4-a52e-4f735466cecf":"f.CBC60766CDC2EFD503EA998F31B181AA.d.3E92FAB8E0C4B47A824B21719F0015AF.e.5975","ELEMENT":"f.CBC60766CDC2EFD503EA998F31B181AA.d.3E92FAB8E0C4B47A824B21719F0015AF.e.5975"}]}
COMMAND: GET /session/d7e4ce2bf424277d4594bf7056aa8e6c/screenshot - {}
RESULT: {"script":"<script> [5351 bytes]","args":[{"element-6066-11e4-a52e-4f735466cecf":"f.CBC60766CDC2EFD503EA998F31B181AA.d.3E92FAB8E0C4B47A824B21719F0015AF.e.5975","ELEMENT":"f.CBC60766CDC2EFD503EA998F31B181AA.d.3E92FAB8E0C4B47A824B21719F0015AF.e.5975"}]}
COMMAND: POST /session/d7e4ce2bf424277d4594bf7056aa8e6c/execute/sync - {"script":"<script> [8489 bytes]","args":[{"element-6066-11e4-a52e-4f735466cecf":"f.CBC60766CDC2EFD503EA998F31B181AA.d.3E92FAB8E0C4B47A824B21719F0015AF.e.5975","ELEMENT":"f.CBC60766CDC2EFD503EA998F31B181AA.d.3E92FAB8E0C4B47A824B21719F0015AF.e.5975"}]}
COMMAND: GET /session/d7e4ce2bf424277d4594bf7056aa8e6c/screenshot - {}
RESULT: {}
RESULT: {"script":"<script> [8489 bytes]","args":[{"element-6066-11e4-a52e-4f735466cecf":"f.CBC60766CDC2EFD503EA998F31B181AA.d.3E92FAB8E0C4B47A824B21719F0015AF.e.5975","ELEMENT":"f.CBC60766CDC2EFD503EA998F31B181AA.d.3E92FAB8E0C4B47A824B21719F0015AF.e.5975"}]}
COMMAND: POST /session/d7e4ce2bf424277d4594bf7056aa8e6c/execute/sync - {"script":"<script> [5351 bytes]","args":[{"element-6066-11e4-a52e-4f735466cecf":"f.CBC60766CDC2EFD503EA998F31B181AA.d.3E92FAB8E0C4B47A824B21719F0015AF.e.5975","ELEMENT":"f.CBC60766CDC2EFD503EA998F31B181AA.d.3E92FAB8E0C4B47A824B21719F0015AF.e.5975"}]}
COMMAND: GET /session/d7e4ce2bf424277d4594bf7056aa8e6c/screenshot - {}
RESULT: {}
RESULT: {"script":"<script> [5351 bytes]","args":[{"element-6066-11e4-a52e-4f735466cecf":"f.CBC60766CDC2EFD503EA998F31B181AA.d.3E92FAB8E0C4B47A824B21719F0015AF.e.5975","ELEMENT":"f.CBC60766CDC2EFD503EA998F31B181AA.d.3E92FAB8E0C4B47A824B21719F0015AF.e.5975"}]}
COMMAND: POST /session/d7e4ce2bf424277d4594bf7056aa8e6c/execute/sync - {"script":"<script> [8489 bytes]","args":[{"element-6066-11e4-a52e-4f735466cecf":"f.CBC60766CDC2EFD503EA998F31B181AA.d.3E92FAB8E0C4B47A824B21719F0015AF.e.5975","ELEMENT":"f.CBC60766CDC2EFD503EA998F31B181AA.d.3E92FAB8E0C4B47A824B21719F0015AF.e.5975"}]}
COMMAND: GET /session/d7e4ce2bf424277d4594bf7056aa8e6c/screenshot - {}
RESULT: {}
RESULT: {"script":"<script> [8489 bytes]","args":[{"element-6066-11e4-a52e-4f735466cecf":"f.CBC60766CDC2EFD503EA998F31B181AA.d.3E92FAB8E0C4B47A824B21719F0015AF.e.5975","ELEMENT":"f.CBC60766CDC2EFD503EA998F31B181AA.d.3E92FAB8E0C4B47A824B21719F0015AF.e.5975"}]}
COMMAND: POST /session/d7e4ce2bf424277d4594bf7056aa8e6c/execute/sync - {"script":"<script> [5351 bytes]","args":[{"element-6066-11e4-a52e-4f735466cecf":"f.CBC60766CDC2EFD503EA998F31B181AA.d.3E92FAB8E0C4B47A824B21719F0015AF.e.5975","ELEMENT":"f.CBC60766CDC2EFD503EA998F31B181AA.d.3E92FAB8E0C4B47A824B21719F0015AF.e.5975"}]}
COMMAND: GET /session/d7e4ce2bf424277d4594bf7056aa8e6c/screenshot - {}
RESULT: {}
RESULT: {"script":"<script> [5351 bytes]","args":[{"element-6066-11e4-a52e-4f735466cecf":"f.CBC60766CDC2EFD503EA998F31B181AA.d.3E92FAB8E0C4B47A824B21719F0015AF.e.5975","ELEMENT":"f.CBC60766CDC2EFD503EA998F31B181AA.d.3E92FAB8E0C4B47A824B21719F0015AF.e.5975"}]}
COMMAND: GET /session/d7e4ce2bf424277d4594bf7056aa8e6c/screenshot - {}
COMMAND: POST /session/d7e4ce2bf424277d4594bf7056aa8e6c/execute/sync - {"script":"<script> [8489 bytes]","args":[{"element-6066-11e4-a52e-4f735466cecf":"f.CBC60766CDC2EFD503EA998F31B181AA.d.3E92FAB8E0C4B47A824B21719F0015AF.e.5975","ELEMENT":"f.CBC60766CDC2EFD503EA998F31B181AA.d.3E92FAB8E0C4B47A824B21719F0015AF.e.5975"}]}
RESULT: {}
RESULT: {}
RESULT: {"script":"<script> [8489 bytes]","args":[{"element-6066-11e4-a52e-4f735466cecf":"f.CBC60766CDC2EFD503EA998F31B181AA.d.3E92FAB8E0C4B47A824B21719F0015AF.e.5975","ELEMENT":"f.CBC60766CDC2EFD503EA998F31B181AA.d.3E92FAB8E0C4B47A824B21719F0015AF.e.5975"}]}
COMMAND: POST /session/d7e4ce2bf424277d4594bf7056aa8e6c/execute/sync - {"script":"<script> [5351 bytes]","args":[{"element-6066-11e4-a52e-4f735466cecf":"f.CBC60766CDC2EFD503EA998F31B181AA.d.3E92FAB8E0C4B47A824B21719F0015AF.e.5975","ELEMENT":"f.CBC60766CDC2EFD503EA998F31B181AA.d.3E92FAB8E0C4B47A824B21719F0015AF.e.5975"}]}
COMMAND: GET /session/d7e4ce2bf424277d4594bf7056aa8e6c/screenshot - {}
RESULT: {"script":"<script> [5351 bytes]","args":[{"element-6066-11e4-a52e-4f735466cecf":"f.CBC60766CDC2EFD503EA998F31B181AA.d.3E92FAB8E0C4B47A824B21719F0015AF.e.5975","ELEMENT":"f.CBC60766CDC2EFD503EA998F31B181AA.d.3E92FAB8E0C4B47A824B21719F0015AF.e.5975"}]}
COMMAND: GET /session/d7e4ce2bf424277d4594bf7056aa8e6c/screenshot - {}
COMMAND: POST /session/d7e4ce2bf424277d4594bf7056aa8e6c/execute/sync - {"script":"<script> [8489 bytes]","args":[{"element-6066-11e4-a52e-4f735466cecf":"f.CBC60766CDC2EFD503EA998F31B181AA.d.3E92FAB8E0C4B47A824B21719F0015AF.e.5975","ELEMENT":"f.CBC60766CDC2EFD503EA998F31B181AA.d.3E92FAB8E0C4B47A824B21719F0015AF.e.5975"}]}
RESULT: {}
RESULT: {"script":"<script> [8489 bytes]","args":[{"element-6066-11e4-a52e-4f735466cecf":"f.CBC60766CDC2EFD503EA998F31B181AA.d.3E92FAB8E0C4B47A824B21719F0015AF.e.5975","ELEMENT":"f.CBC60766CDC2EFD503EA998F31B181AA.d.3E92FAB8E0C4B47A824B21719F0015AF.e.5975"}]}
COMMAND: POST /session/d7e4ce2bf424277d4594bf7056aa8e6c/execute/sync - {"script":"<script> [5351 bytes]","args":[{"element-6066-11e4-a52e-4f735466cecf":"f.CBC60766CDC2EFD503EA998F31B181AA.d.3E92FAB8E0C4B47A824B21719F0015AF.e.5975","ELEMENT":"f.CBC60766CDC2EFD503EA998F31B181AA.d.3E92FAB8E0C4B47A824B21719F0015AF.e.5975"}]}
COMMAND: GET /session/d7e4ce2bf424277d4594bf7056aa8e6c/screenshot - {}
RESULT: {}
RESULT: {"script":"<script> [5351 bytes]","args":[{"element-6066-11e4-a52e-4f735466cecf":"f.CBC60766CDC2EFD503EA998F31B181AA.d.3E92FAB8E0C4B47A824B21719F0015AF.e.5975","ELEMENT":"f.CBC60766CDC2EFD503EA998F31B181AA.d.3E92FAB8E0C4B47A824B21719F0015AF.e.5975"}]}
COMMAND: GET /session/d7e4ce2bf424277d4594bf7056aa8e6c/screenshot - {}
COMMAND: POST /session/d7e4ce2bf424277d4594bf7056aa8e6c/execute/sync - {"script":"<script> [8489 bytes]","args":[{"element-6066-11e4-a52e-4f735466cecf":"f.CBC60766CDC2EFD503EA998F31B181AA.d.3E92FAB8E0C4B47A824B21719F0015AF.e.5975","ELEMENT":"f.CBC60766CDC2EFD503EA998F31B181AA.d.3E92FAB8E0C4B47A824B21719F0015AF.e.5975"}]}
RESULT: {}
RESULT: {}
RESULT: {"script":"<script> [8489 bytes]","args":[{"element-6066-11e4-a52e-4f735466cecf":"f.CBC60766CDC2EFD503EA998F31B181AA.d.3E92FAB8E0C4B47A824B21719F0015AF.e.5975","ELEMENT":"f.CBC60766CDC2EFD503EA998F31B181AA.d.3E92FAB8E0C4B47A824B21719F0015AF.e.5975"}]}
COMMAND: POST /session/d7e4ce2bf424277d4594bf7056aa8e6c/execute/sync - {"script":"<script> [5351 bytes]","args":[{"element-6066-11e4-a52e-4f735466cecf":"f.CBC60766CDC2EFD503EA998F31B181AA.d.3E92FAB8E0C4B47A824B21719F0015AF.e.5975","ELEMENT":"f.CBC60766CDC2EFD503EA998F31B181AA.d.3E92FAB8E0C4B47A824B21719F0015AF.e.5975"}]}
COMMAND: GET /session/d7e4ce2bf424277d4594bf7056aa8e6c/screenshot - {}
RESULT: {"script":"<script> [5351 bytes]","args":[{"element-6066-11e4-a52e-4f735466cecf":"f.CBC60766CDC2EFD503EA998F31B181AA.d.3E92FAB8E0C4B47A824B21719F0015AF.e.5975","ELEMENT":"f.CBC60766CDC2EFD503EA998F31B181AA.d.3E92FAB8E0C4B47A824B21719F0015AF.e.5975"}]}
COMMAND: GET /session/d7e4ce2bf424277d4594bf7056aa8e6c/screenshot - {}
COMMAND: POST /session/d7e4ce2bf424277d4594bf7056aa8e6c/execute/sync - {"script":"<script> [8489 bytes]","args":[{"element-6066-11e4-a52e-4f735466cecf":"f.CBC60766CDC2EFD503EA998F31B181AA.d.3E92FAB8E0C4B47A824B21719F0015AF.e.5975","ELEMENT":"f.CBC60766CDC2EFD503EA998F31B181AA.d.3E92FAB8E0C4B47A824B21719F0015AF.e.5975"}]}
RESULT: {}
RESULT: {}
RESULT: {"script":"<script> [8489 bytes]","args":[{"element-6066-11e4-a52e-4f735466cecf":"f.CBC60766CDC2EFD503EA998F31B181AA.d.3E92FAB8E0C4B47A824B21719F0015AF.e.5975","ELEMENT":"f.CBC60766CDC2EFD503EA998F31B181AA.d.3E92FAB8E0C4B47A824B21719F0015AF.e.5975"}]}
COMMAND: POST /session/d7e4ce2bf424277d4594bf7056aa8e6c/execute/sync - {"script":"<script> [5351 bytes]","args":[{"element-6066-11e4-a52e-4f735466cecf":"f.CBC60766CDC2EFD503EA998F31B181AA.d.3E92FAB8E0C4B47A824B21719F0015AF.e.5975","ELEMENT":"f.CBC60766CDC2EFD503EA998F31B181AA.d.3E92FAB8E0C4B47A824B21719F0015AF.e.5975"}]}
COMMAND: GET /session/d7e4ce2bf424277d4594bf7056aa8e6c/screenshot - {}
RESULT: {"script":"<script> [5351 bytes]","args":[{"element-6066-11e4-a52e-4f735466cecf":"f.CBC60766CDC2EFD503EA998F31B181AA.d.3E92FAB8E0C4B47A824B21719F0015AF.e.5975","ELEMENT":"f.CBC60766CDC2EFD503EA998F31B181AA.d.3E92FAB8E0C4B47A824B21719F0015AF.e.5975"}]}
COMMAND: GET /session/d7e4ce2bf424277d4594bf7056aa8e6c/screenshot - {}
COMMAND: POST /session/d7e4ce2bf424277d4594bf7056aa8e6c/execute/sync - {"script":"<script> [8489 bytes]","args":[{"element-6066-11e4-a52e-4f735466cecf":"f.CBC60766CDC2EFD503EA998F31B181AA.d.3E92FAB8E0C4B47A824B21719F0015AF.e.5975","ELEMENT":"f.CBC60766CDC2EFD503EA998F31B181AA.d.3E92FAB8E0C4B47A824B21719F0015AF.e.5975"}]}
RESULT: {}
RESULT: {"script":"<script> [8489 bytes]","args":[{"element-6066-11e4-a52e-4f735466cecf":"f.CBC60766CDC2EFD503EA998F31B181AA.d.3E92FAB8E0C4B47A824B21719F0015AF.e.5975","ELEMENT":"f.CBC60766CDC2EFD503EA998F31B181AA.d.3E92FAB8E0C4B47A824B21719F0015AF.e.5975"}]}
COMMAND: POST /session/d7e4ce2bf424277d4594bf7056aa8e6c/execute/sync - {"script":"<script> [5351 bytes]","args":[{"element-6066-11e4-a52e-4f735466cecf":"f.CBC60766CDC2EFD503EA998F31B181AA.d.3E92FAB8E0C4B47A824B21719F0015AF.e.5975","ELEMENT":"f.CBC60766CDC2EFD503EA998F31B181AA.d.3E92FAB8E0C4B47A824B21719F0015AF.e.5975"}]}
COMMAND: GET /session/d7e4ce2bf424277d4594bf7056aa8e6c/screenshot - {}
RESULT: {}
RESULT: {"script":"<script> [5351 bytes]","args":[{"element-6066-11e4-a52e-4f735466cecf":"f.CBC60766CDC2EFD503EA998F31B181AA.d.3E92FAB8E0C4B47A824B21719F0015AF.e.5975","ELEMENT":"f.CBC60766CDC2EFD503EA998F31B181AA.d.3E92FAB8E0C4B47A824B21719F0015AF.e.5975"}]}
COMMAND: POST /session/d7e4ce2bf424277d4594bf7056aa8e6c/execute/sync - {"script":"<script> [8489 bytes]","args":[{"element-6066-11e4-a52e-4f735466cecf":"f.CBC60766CDC2EFD503EA998F31B181AA.d.3E92FAB8E0C4B47A824B21719F0015AF.e.5975","ELEMENT":"f.CBC60766CDC2EFD503EA998F31B181AA.d.3E92FAB8E0C4B47A824B21719F0015AF.e.5975"}]}
COMMAND: GET /session/d7e4ce2bf424277d4594bf7056aa8e6c/screenshot - {}
RESULT: {}
RESULT: {"script":"<script> [8489 bytes]","args":[{"element-6066-11e4-a52e-4f735466cecf":"f.CBC60766CDC2EFD503EA998F31B181AA.d.3E92FAB8E0C4B47A824B21719F0015AF.e.5975","ELEMENT":"f.CBC60766CDC2EFD503EA998F31B181AA.d.3E92FAB8E0C4B47A824B21719F0015AF.e.5975"}]}
COMMAND: POST /session/d7e4ce2bf424277d4594bf7056aa8e6c/execute/sync - {"script":"<script> [5351 bytes]","args":[{"element-6066-11e4-a52e-4f735466cecf":"f.CBC60766CDC2EFD503EA998F31B181AA.d.3E92FAB8E0C4B47A824B21719F0015AF.e.5975","ELEMENT":"f.CBC60766CDC2EFD503EA998F31B181AA.d.3E92FAB8E0C4B47A824B21719F0015AF.e.5975"}]}
COMMAND: GET /session/d7e4ce2bf424277d4594bf7056aa8e6c/screenshot - {}
RESULT: {}
RESULT: {"script":"<script> [5351 bytes]","args":[{"element-6066-11e4-a52e-4f735466cecf":"f.CBC60766CDC2EFD503EA998F31B181AA.d.3E92FAB8E0C4B47A824B21719F0015AF.e.5975","ELEMENT":"f.CBC60766CDC2EFD503EA998F31B181AA.d.3E92FAB8E0C4B47A824B21719F0015AF.e.5975"}]}
COMMAND: GET /session/d7e4ce2bf424277d4594bf7056aa8e6c/screenshot - {}
COMMAND: POST /session/d7e4ce2bf424277d4594bf7056aa8e6c/execute/sync - {"script":"<script> [8489 bytes]","args":[{"element-6066-11e4-a52e-4f735466cecf":"f.CBC60766CDC2EFD503EA998F31B181AA.d.3E92FAB8E0C4B47A824B21719F0015AF.e.5975","ELEMENT":"f.CBC60766CDC2EFD503EA998F31B181AA.d.3E92FAB8E0C4B47A824B21719F0015AF.e.5975"}]}
RESULT: {}
RESULT: {}
RESULT: {"script":"<script> [8489 bytes]","args":[{"element-6066-11e4-a52e-4f735466cecf":"f.CBC60766CDC2EFD503EA998F31B181AA.d.3E92FAB8E0C4B47A824B21719F0015AF.e.5975","ELEMENT":"f.CBC60766CDC2EFD503EA998F31B181AA.d.3E92FAB8E0C4B47A824B21719F0015AF.e.5975"}]}
COMMAND: POST /session/d7e4ce2bf424277d4594bf7056aa8e6c/execute/sync - {"script":"<script> [5351 bytes]","args":[{"element-6066-11e4-a52e-4f735466cecf":"f.CBC60766CDC2EFD503EA998F31B181AA.d.3E92FAB8E0C4B47A824B21719F0015AF.e.5975","ELEMENT":"f.CBC60766CDC2EFD503EA998F31B181AA.d.3E92FAB8E0C4B47A824B21719F0015AF.e.5975"}]}
COMMAND: GET /session/d7e4ce2bf424277d4594bf7056aa8e6c/screenshot - {}
RESULT: {"script":"<script> [5351 bytes]","args":[{"element-6066-11e4-a52e-4f735466cecf":"f.CBC60766CDC2EFD503EA998F31B181AA.d.3E92FAB8E0C4B47A824B21719F0015AF.e.5975","ELEMENT":"f.CBC60766CDC2EFD503EA998F31B181AA.d.3E92FAB8E0C4B47A824B21719F0015AF.e.5975"}]}
COMMAND: GET /session/d7e4ce2bf424277d4594bf7056aa8e6c/screenshot - {}
COMMAND: POST /session/d7e4ce2bf424277d4594bf7056aa8e6c/execute/sync - {"script":"<script> [8489 bytes]","args":[{"element-6066-11e4-a52e-4f735466cecf":"f.CBC60766CDC2EFD503EA998F31B181AA.d.3E92FAB8E0C4B47A824B21719F0015AF.e.5975","ELEMENT":"f.CBC60766CDC2EFD503EA998F31B181AA.d.3E92FAB8E0C4B47A824B21719F0015AF.e.5975"}]}
RESULT: {}
RESULT: {"script":"<script> [8489 bytes]","args":[{"element-6066-11e4-a52e-4f735466cecf":"f.CBC60766CDC2EFD503EA998F31B181AA.d.3E92FAB8E0C4B47A824B21719F0015AF.e.5975","ELEMENT":"f.CBC60766CDC2EFD503EA998F31B181AA.d.3E92FAB8E0C4B47A824B21719F0015AF.e.5975"}]}
COMMAND: POST /session/d7e4ce2bf424277d4594bf7056aa8e6c/execute/sync - {"script":"<script> [5351 bytes]","args":[{"element-6066-11e4-a52e-4f735466cecf":"f.CBC60766CDC2EFD503EA998F31B181AA.d.3E92FAB8E0C4B47A824B21719F0015AF.e.5975","ELEMENT":"f.CBC60766CDC2EFD503EA998F31B181AA.d.3E92FAB8E0C4B47A824B21719F0015AF.e.5975"}]}
COMMAND: GET /session/d7e4ce2bf424277d4594bf7056aa8e6c/screenshot - {}
RESULT: {}
RESULT: {"script":"<script> [5351 bytes]","args":[{"element-6066-11e4-a52e-4f735466cecf":"f.CBC60766CDC2EFD503EA998F31B181AA.d.3E92FAB8E0C4B47A824B21719F0015AF.e.5975","ELEMENT":"f.CBC60766CDC2EFD503EA998F31B181AA.d.3E92FAB8E0C4B47A824B21719F0015AF.e.5975"}]}
COMMAND: GET /session/d7e4ce2bf424277d4594bf7056aa8e6c/screenshot - {}
COMMAND: POST /session/d7e4ce2bf424277d4594bf7056aa8e6c/execute/sync - {"script":"<script> [8489 bytes]","args":[{"element-6066-11e4-a52e-4f735466cecf":"f.CBC60766CDC2EFD503EA998F31B181AA.d.3E92FAB8E0C4B47A824B21719F0015AF.e.5975","ELEMENT":"f.CBC60766CDC2EFD503EA998F31B181AA.d.3E92FAB8E0C4B47A824B21719F0015AF.e.5975"}]}
RESULT: {}
RESULT: {}
RESULT: {"script":"<script> [8489 bytes]","args":[{"element-6066-11e4-a52e-4f735466cecf":"f.CBC60766CDC2EFD503EA998F31B181AA.d.3E92FAB8E0C4B47A824B21719F0015AF.e.5975","ELEMENT":"f.CBC60766CDC2EFD503EA998F31B181AA.d.3E92FAB8E0C4B47A824B21719F0015AF.e.5975"}]}
COMMAND: POST /session/d7e4ce2bf424277d4594bf7056aa8e6c/execute/sync - {"script":"<script> [5351 bytes]","args":[{"element-6066-11e4-a52e-4f735466cecf":"f.CBC60766CDC2EFD503EA998F31B181AA.d.3E92FAB8E0C4B47A824B21719F0015AF.e.5975","ELEMENT":"f.CBC60766CDC2EFD503EA998F31B181AA.d.3E92FAB8E0C4B47A824B21719F0015AF.e.5975"}]}
COMMAND: GET /session/d7e4ce2bf424277d4594bf7056aa8e6c/screenshot - {}
RESULT: {"script":"<script> [5351 bytes]","args":[{"element-6066-11e4-a52e-4f735466cecf":"f.CBC60766CDC2EFD503EA998F31B181AA.d.3E92FAB8E0C4B47A824B21719F0015AF.e.5975","ELEMENT":"f.CBC60766CDC2EFD503EA998F31B181AA.d.3E92FAB8E0C4B47A824B21719F0015AF.e.5975"}]}
COMMAND: GET /session/d7e4ce2bf424277d4594bf7056aa8e6c/screenshot - {}
COMMAND: POST /session/d7e4ce2bf424277d4594bf7056aa8e6c/execute/sync - {"script":"<script> [8489 bytes]","args":[{"element-6066-11e4-a52e-4f735466cecf":"f.CBC60766CDC2EFD503EA998F31B181AA.d.3E92FAB8E0C4B47A824B21719F0015AF.e.5975","ELEMENT":"f.CBC60766CDC2EFD503EA998F31B181AA.d.3E92FAB8E0C4B47A824B21719F0015AF.e.5975"}]}
RESULT: {}
RESULT: {}
RESULT: {"script":"<script> [8489 bytes]","args":[{"element-6066-11e4-a52e-4f735466cecf":"f.CBC60766CDC2EFD503EA998F31B181AA.d.3E92FAB8E0C4B47A824B21719F0015AF.e.5975","ELEMENT":"f.CBC60766CDC2EFD503EA998F31B181AA.d.3E92FAB8E0C4B47A824B21719F0015AF.e.5975"}]}
COMMAND: POST /session/d7e4ce2bf424277d4594bf7056aa8e6c/execute/sync - {"script":"<script> [5351 bytes]","args":[{"element-6066-11e4-a52e-4f735466cecf":"f.CBC60766CDC2EFD503EA998F31B181AA.d.3E92FAB8E0C4B47A824B21719F0015AF.e.5975","ELEMENT":"f.CBC60766CDC2EFD503EA998F31B181AA.d.3E92FAB8E0C4B47A824B21719F0015AF.e.5975"}]}
COMMAND: GET /session/d7e4ce2bf424277d4594bf7056aa8e6c/screenshot - {}
RESULT: {"script":"<script> [5351 bytes]","args":[{"element-6066-11e4-a52e-4f735466cecf":"f.CBC60766CDC2EFD503EA998F31B181AA.d.3E92FAB8E0C4B47A824B21719F0015AF.e.5975","ELEMENT":"f.CBC60766CDC2EFD503EA998F31B181AA.d.3E92FAB8E0C4B47A824B21719F0015AF.e.5975"}]}
COMMAND: GET /session/d7e4ce2bf424277d4594bf7056aa8e6c/screenshot - {}
COMMAND: POST /session/d7e4ce2bf424277d4594bf7056aa8e6c/execute/sync - {"script":"<script> [8489 bytes]","args":[{"element-6066-11e4-a52e-4f735466cecf":"f.CBC60766CDC2EFD503EA998F31B181AA.d.3E92FAB8E0C4B47A824B21719F0015AF.e.5975","ELEMENT":"f.CBC60766CDC2EFD503EA998F31B181AA.d.3E92FAB8E0C4B47A824B21719F0015AF.e.5975"}]}
RESULT: {}
RESULT: {}
RESULT: {"script":"<script> [8489 bytes]","args":[{"element-6066-11e4-a52e-4f735466cecf":"f.CBC60766CDC2EFD503EA998F31B181AA.d.3E92FAB8E0C4B47A824B21719F0015AF.e.5975","ELEMENT":"f.CBC60766CDC2EFD503EA998F31B181AA.d.3E92FAB8E0C4B47A824B21719F0015AF.e.5975"}]}
COMMAND: POST /session/d7e4ce2bf424277d4594bf7056aa8e6c/execute/sync - {"script":"<script> [5351 bytes]","args":[{"element-6066-11e4-a52e-4f735466cecf":"f.CBC60766CDC2EFD503EA998F31B181AA.d.3E92FAB8E0C4B47A824B21719F0015AF.e.5975","ELEMENT":"f.CBC60766CDC2EFD503EA998F31B181AA.d.3E92FAB8E0C4B47A824B21719F0015AF.e.5975"}]}
COMMAND: GET /session/d7e4ce2bf424277d4594bf7056aa8e6c/screenshot - {}
RESULT: {"script":"<script> [5351 bytes]","args":[{"element-6066-11e4-a52e-4f735466cecf":"f.CBC60766CDC2EFD503EA998F31B181AA.d.3E92FAB8E0C4B47A824B21719F0015AF.e.5975","ELEMENT":"f.CBC60766CDC2EFD503EA998F31B181AA.d.3E92FAB8E0C4B47A824B21719F0015AF.e.5975"}]}
COMMAND: GET /session/d7e4ce2bf424277d4594bf7056aa8e6c/screenshot - {}
COMMAND: POST /session/d7e4ce2bf424277d4594bf7056aa8e6c/execute/sync - {"script":"<script> [8489 bytes]","args":[{"element-6066-11e4-a52e-4f735466cecf":"f.CBC60766CDC2EFD503EA998F31B181AA.d.3E92FAB8E0C4B47A824B21719F0015AF.e.5975","ELEMENT":"f.CBC60766CDC2EFD503EA998F31B181AA.d.3E92FAB8E0C4B47A824B21719F0015AF.e.5975"}]}
RESULT: {}
RESULT: {}
RESULT: {"script":"<script> [8489 bytes]","args":[{"element-6066-11e4-a52e-4f735466cecf":"f.CBC60766CDC2EFD503EA998F31B181AA.d.3E92FAB8E0C4B47A824B21719F0015AF.e.5975","ELEMENT":"f.CBC60766CDC2EFD503EA998F31B181AA.d.3E92FAB8E0C4B47A824B21719F0015AF.e.5975"}]}
COMMAND: POST /session/d7e4ce2bf424277d4594bf7056aa8e6c/execute/sync - {"script":"<script> [5351 bytes]","args":[{"element-6066-11e4-a52e-4f735466cecf":"f.CBC60766CDC2EFD503EA998F31B181AA.d.3E92FAB8E0C4B47A824B21719F0015AF.e.5975","ELEMENT":"f.CBC60766CDC2EFD503EA998F31B181AA.d.3E92FAB8E0C4B47A824B21719F0015AF.e.5975"}]}
COMMAND: GET /session/d7e4ce2bf424277d4594bf7056aa8e6c/screenshot - {}
RESULT: {"script":"<script> [5351 bytes]","args":[{"element-6066-11e4-a52e-4f735466cecf":"f.CBC60766CDC2EFD503EA998F31B181AA.d.3E92FAB8E0C4B47A824B21719F0015AF.e.5975","ELEMENT":"f.CBC60766CDC2EFD503EA998F31B181AA.d.3E92FAB8E0C4B47A824B21719F0015AF.e.5975"}]}
COMMAND: GET /session/d7e4ce2bf424277d4594bf7056aa8e6c/screenshot - {}
COMMAND: POST /session/d7e4ce2bf424277d4594bf7056aa8e6c/execute/sync - {"script":"<script> [8489 bytes]","args":[{"element-6066-11e4-a52e-4f735466cecf":"f.CBC60766CDC2EFD503EA998F31B181AA.d.3E92FAB8E0C4B47A824B21719F0015AF.e.5975","ELEMENT":"f.CBC60766CDC2EFD503EA998F31B181AA.d.3E92FAB8E0C4B47A824B21719F0015AF.e.5975"}]}
RESULT: {}
RESULT: {"script":"<script> [8489 bytes]","args":[{"element-6066-11e4-a52e-4f735466cecf":"f.CBC60766CDC2EFD503EA998F31B181AA.d.3E92FAB8E0C4B47A824B21719F0015AF.e.5975","ELEMENT":"f.CBC60766CDC2EFD503EA998F31B181AA.d.3E92FAB8E0C4B47A824B21719F0015AF.e.5975"}]}
COMMAND: POST /session/d7e4ce2bf424277d4594bf7056aa8e6c/execute/sync - {"script":"<script> [5351 bytes]","args":[{"element-6066-11e4-a52e-4f735466cecf":"f.CBC60766CDC2EFD503EA998F31B181AA.d.3E92FAB8E0C4B47A824B21719F0015AF.e.5975","ELEMENT":"f.CBC60766CDC2EFD503EA998F31B181AA.d.3E92FAB8E0C4B47A824B21719F0015AF.e.5975"}]}
COMMAND: GET /session/d7e4ce2bf424277d4594bf7056aa8e6c/screenshot - {}
RESULT: {}
RESULT: {"script":"<script> [5351 bytes]","args":[{"element-6066-11e4-a52e-4f735466cecf":"f.CBC60766CDC2EFD503EA998F31B181AA.d.3E92FAB8E0C4B47A824B21719F0015AF.e.5975","ELEMENT":"f.CBC60766CDC2EFD503EA998F31B181AA.d.3E92FAB8E0C4B47A824B21719F0015AF.e.5975"}]}
COMMAND: GET /session/d7e4ce2bf424277d4594bf7056aa8e6c/screenshot - {}
COMMAND: POST /session/d7e4ce2bf424277d4594bf7056aa8e6c/execute/sync - {"script":"<script> [8489 bytes]","args":[{"element-6066-11e4-a52e-4f735466cecf":"f.CBC60766CDC2EFD503EA998F31B181AA.d.3E92FAB8E0C4B47A824B21719F0015AF.e.5975","ELEMENT":"f.CBC60766CDC2EFD503EA998F31B181AA.d.3E92FAB8E0C4B47A824B21719F0015AF.e.5975"}]}
RESULT: {}
RESULT: {"script":"<script> [8489 bytes]","args":[{"element-6066-11e4-a52e-4f735466cecf":"f.CBC60766CDC2EFD503EA998F31B181AA.d.3E92FAB8E0C4B47A824B21719F0015AF.e.5975","ELEMENT":"f.CBC60766CDC2EFD503EA998F31B181AA.d.3E92FAB8E0C4B47A824B21719F0015AF.e.5975"}]}
COMMAND: POST /session/d7e4ce2bf424277d4594bf7056aa8e6c/execute/sync - {"script":"<script> [5351 bytes]","args":[{"element-6066-11e4-a52e-4f735466cecf":"f.CBC60766CDC2EFD503EA998F31B181AA.d.3E92FAB8E0C4B47A824B21719F0015AF.e.5975","ELEMENT":"f.CBC60766CDC2EFD503EA998F31B181AA.d.3E92FAB8E0C4B47A824B21719F0015AF.e.5975"}]}
COMMAND: GET /session/d7e4ce2bf424277d4594bf7056aa8e6c/screenshot - {}
RESULT: {}
RESULT: {"script":"<script> [5351 bytes]","args":[{"element-6066-11e4-a52e-4f735466cecf":"f.CBC60766CDC2EFD503EA998F31B181AA.d.3E92FAB8E0C4B47A824B21719F0015AF.e.5975","ELEMENT":"f.CBC60766CDC2EFD503EA998F31B181AA.d.3E92FAB8E0C4B47A824B21719F0015AF.e.5975"}]}
COMMAND: GET /session/d7e4ce2bf424277d4594bf7056aa8e6c/screenshot - {}
COMMAND: POST /session/d7e4ce2bf424277d4594bf7056aa8e6c/execute/sync - {"script":"<script> [8489 bytes]","args":[{"element-6066-11e4-a52e-4f735466cecf":"f.CBC60766CDC2EFD503EA998F31B181AA.d.3E92FAB8E0C4B47A824B21719F0015AF.e.5975","ELEMENT":"f.CBC60766CDC2EFD503EA998F31B181AA.d.3E92FAB8E0C4B47A824B21719F0015AF.e.5975"}]}
RESULT: {}
RESULT: {}
RESULT: {"script":"<script> [8489 bytes]","args":[{"element-6066-11e4-a52e-4f735466cecf":"f.CBC60766CDC2EFD503EA998F31B181AA.d.3E92FAB8E0C4B47A824B21719F0015AF.e.5975","ELEMENT":"f.CBC60766CDC2EFD503EA998F31B181AA.d.3E92FAB8E0C4B47A824B21719F0015AF.e.5975"}]}
COMMAND: POST /session/d7e4ce2bf424277d4594bf7056aa8e6c/execute/sync - {"script":"<script> [5351 bytes]","args":[{"element-6066-11e4-a52e-4f735466cecf":"f.CBC60766CDC2EFD503EA998F31B181AA.d.3E92FAB8E0C4B47A824B21719F0015AF.e.5975","ELEMENT":"f.CBC60766CDC2EFD503EA998F31B181AA.d.3E92FAB8E0C4B47A824B21719F0015AF.e.5975"}]}
COMMAND: GET /session/d7e4ce2bf424277d4594bf7056aa8e6c/screenshot - {}
RESULT: {"script":"<script> [5351 bytes]","args":[{"element-6066-11e4-a52e-4f735466cecf":"f.CBC60766CDC2EFD503EA998F31B181AA.d.3E92FAB8E0C4B47A824B21719F0015AF.e.5975","ELEMENT":"f.CBC60766CDC2EFD503EA998F31B181AA.d.3E92FAB8E0C4B47A824B21719F0015AF.e.5975"}]}
COMMAND: POST /session/d7e4ce2bf424277d4594bf7056aa8e6c/execute/sync - {"script":"<script> [8489 bytes]","args":[{"element-6066-11e4-a52e-4f735466cecf":"f.CBC60766CDC2EFD503EA998F31B181AA.d.3E92FAB8E0C4B47A824B21719F0015AF.e.5975","ELEMENT":"f.CBC60766CDC2EFD503EA998F31B181AA.d.3E92FAB8E0C4B47A824B21719F0015AF.e.5975"}]}
COMMAND: GET /session/d7e4ce2bf424277d4594bf7056aa8e6c/screenshot - {}
RESULT: {}
RESULT: {"script":"<script> [8489 bytes]","args":[{"element-6066-11e4-a52e-4f735466cecf":"f.CBC60766CDC2EFD503EA998F31B181AA.d.3E92FAB8E0C4B47A824B21719F0015AF.e.5975","ELEMENT":"f.CBC60766CDC2EFD503EA998F31B181AA.d.3E92FAB8E0C4B47A824B21719F0015AF.e.5975"}]}
COMMAND: POST /session/d7e4ce2bf424277d4594bf7056aa8e6c/execute/sync - {"script":"<script> [5351 bytes]","args":[{"element-6066-11e4-a52e-4f735466cecf":"f.CBC60766CDC2EFD503EA998F31B181AA.d.3E92FAB8E0C4B47A824B21719F0015AF.e.5975","ELEMENT":"f.CBC60766CDC2EFD503EA998F31B181AA.d.3E92FAB8E0C4B47A824B21719F0015AF.e.5975"}]}
COMMAND: GET /session/d7e4ce2bf424277d4594bf7056aa8e6c/screenshot - {}
RESULT: {}
RESULT: {"script":"<script> [5351 bytes]","args":[{"element-6066-11e4-a52e-4f735466cecf":"f.CBC60766CDC2EFD503EA998F31B181AA.d.3E92FAB8E0C4B47A824B21719F0015AF.e.5975","ELEMENT":"f.CBC60766CDC2EFD503EA998F31B181AA.d.3E92FAB8E0C4B47A824B21719F0015AF.e.5975"}]}
COMMAND: GET /session/d7e4ce2bf424277d4594bf7056aa8e6c/screenshot - {}
COMMAND: POST /session/d7e4ce2bf424277d4594bf7056aa8e6c/execute/sync - {"script":"<script> [8489 bytes]","args":[{"element-6066-11e4-a52e-4f735466cecf":"f.CBC60766CDC2EFD503EA998F31B181AA.d.3E92FAB8E0C4B47A824B21719F0015AF.e.5975","ELEMENT":"f.CBC60766CDC2EFD503EA998F31B181AA.d.3E92FAB8E0C4B47A824B21719F0015AF.e.5975"}]}
RESULT: {}
RESULT: {}
RESULT: {"script":"<script> [8489 bytes]","args":[{"element-6066-11e4-a52e-4f735466cecf":"f.CBC60766CDC2EFD503EA998F31B181AA.d.3E92FAB8E0C4B47A824B21719F0015AF.e.5975","ELEMENT":"f.CBC60766CDC2EFD503EA998F31B181AA.d.3E92FAB8E0C4B47A824B21719F0015AF.e.5975"}]}
COMMAND: POST /session/d7e4ce2bf424277d4594bf7056aa8e6c/execute/sync - {"script":"<script> [5351 bytes]","args":[{"element-6066-11e4-a52e-4f735466cecf":"f.CBC60766CDC2EFD503EA998F31B181AA.d.3E92FAB8E0C4B47A824B21719F0015AF.e.5975","ELEMENT":"f.CBC60766CDC2EFD503EA998F31B181AA.d.3E92FAB8E0C4B47A824B21719F0015AF.e.5975"}]}
COMMAND: GET /session/d7e4ce2bf424277d4594bf7056aa8e6c/screenshot - {}
RESULT: {"script":"<script> [5351 bytes]","args":[{"element-6066-11e4-a52e-4f735466cecf":"f.CBC60766CDC2EFD503EA998F31B181AA.d.3E92FAB8E0C4B47A824B21719F0015AF.e.5975","ELEMENT":"f.CBC60766CDC2EFD503EA998F31B181AA.d.3E92FAB8E0C4B47A824B21719F0015AF.e.5975"}]}
COMMAND: POST /session/d7e4ce2bf424277d4594bf7056aa8e6c/execute/sync - {"script":"<script> [8489 bytes]","args":[{"element-6066-11e4-a52e-4f735466cecf":"f.CBC60766CDC2EFD503EA998F31B181AA.d.3E92FAB8E0C4B47A824B21719F0015AF.e.5975","ELEMENT":"f.CBC60766CDC2EFD503EA998F31B181AA.d.3E92FAB8E0C4B47A824B21719F0015AF.e.5975"}]}
COMMAND: GET /session/d7e4ce2bf424277d4594bf7056aa8e6c/screenshot - {}
RESULT: {}
RESULT: {"script":"<script> [8489 bytes]","args":[{"element-6066-11e4-a52e-4f735466cecf":"f.CBC60766CDC2EFD503EA998F31B181AA.d.3E92FAB8E0C4B47A824B21719F0015AF.e.5975","ELEMENT":"f.CBC60766CDC2EFD503EA998F31B181AA.d.3E92FAB8E0C4B47A824B21719F0015AF.e.5975"}]}
COMMAND: POST /session/d7e4ce2bf424277d4594bf7056aa8e6c/execute/sync - {"script":"<script> [5351 bytes]","args":[{"element-6066-11e4-a52e-4f735466cecf":"f.CBC60766CDC2EFD503EA998F31B181AA.d.3E92FAB8E0C4B47A824B21719F0015AF.e.5975","ELEMENT":"f.CBC60766CDC2EFD503EA998F31B181AA.d.3E92FAB8E0C4B47A824B21719F0015AF.e.5975"}]}
COMMAND: GET /session/d7e4ce2bf424277d4594bf7056aa8e6c/screenshot - {}
RESULT: {}
RESULT: {"script":"<script> [5351 bytes]","args":[{"element-6066-11e4-a52e-4f735466cecf":"f.CBC60766CDC2EFD503EA998F31B181AA.d.3E92FAB8E0C4B47A824B21719F0015AF.e.5975","ELEMENT":"f.CBC60766CDC2EFD503EA998F31B181AA.d.3E92FAB8E0C4B47A824B21719F0015AF.e.5975"}]}
COMMAND: GET /session/d7e4ce2bf424277d4594bf7056aa8e6c/screenshot - {}
COMMAND: POST /session/d7e4ce2bf424277d4594bf7056aa8e6c/execute/sync - {"script":"<script> [8489 bytes]","args":[{"element-6066-11e4-a52e-4f735466cecf":"f.CBC60766CDC2EFD503EA998F31B181AA.d.3E92FAB8E0C4B47A824B21719F0015AF.e.5975","ELEMENT":"f.CBC60766CDC2EFD503EA998F31B181AA.d.3E92FAB8E0C4B47A824B21719F0015AF.e.5975"}]}
RESULT: {}
RESULT: {}
RESULT: {"script":"<script> [8489 bytes]","args":[{"element-6066-11e4-a52e-4f735466cecf":"f.CBC60766CDC2EFD503EA998F31B181AA.d.3E92FAB8E0C4B47A824B21719F0015AF.e.5975","ELEMENT":"f.CBC60766CDC2EFD503EA998F31B181AA.d.3E92FAB8E0C4B47A824B21719F0015AF.e.5975"}]}
COMMAND: POST /session/d7e4ce2bf424277d4594bf7056aa8e6c/execute/sync - {"script":"<script> [5351 bytes]","args":[{"element-6066-11e4-a52e-4f735466cecf":"f.CBC60766CDC2EFD503EA998F31B181AA.d.3E92FAB8E0C4B47A824B21719F0015AF.e.5975","ELEMENT":"f.CBC60766CDC2EFD503EA998F31B181AA.d.3E92FAB8E0C4B47A824B21719F0015AF.e.5975"}]}
COMMAND: GET /session/d7e4ce2bf424277d4594bf7056aa8e6c/screenshot - {}
RESULT: {"script":"<script> [5351 bytes]","args":[{"element-6066-11e4-a52e-4f735466cecf":"f.CBC60766CDC2EFD503EA998F31B181AA.d.3E92FAB8E0C4B47A824B21719F0015AF.e.5975","ELEMENT":"f.CBC60766CDC2EFD503EA998F31B181AA.d.3E92FAB8E0C4B47A824B21719F0015AF.e.5975"}]}
COMMAND: GET /session/d7e4ce2bf424277d4594bf7056aa8e6c/screenshot - {}
COMMAND: POST /session/d7e4ce2bf424277d4594bf7056aa8e6c/execute/sync - {"script":"<script> [8489 bytes]","args":[{"element-6066-11e4-a52e-4f735466cecf":"f.CBC60766CDC2EFD503EA998F31B181AA.d.3E92FAB8E0C4B47A824B21719F0015AF.e.5975","ELEMENT":"f.CBC60766CDC2EFD503EA998F31B181AA.d.3E92FAB8E0C4B47A824B21719F0015AF.e.5975"}]}
RESULT: {}
RESULT: {}
RESULT: {"script":"<script> [8489 bytes]","args":[{"element-6066-11e4-a52e-4f735466cecf":"f.CBC60766CDC2EFD503EA998F31B181AA.d.3E92FAB8E0C4B47A824B21719F0015AF.e.5975","ELEMENT":"f.CBC60766CDC2EFD503EA998F31B181AA.d.3E92FAB8E0C4B47A824B21719F0015AF.e.5975"}]}
COMMAND: POST /session/d7e4ce2bf424277d4594bf7056aa8e6c/execute/sync - {"script":"<script> [5351 bytes]","args":[{"element-6066-11e4-a52e-4f735466cecf":"f.CBC60766CDC2EFD503EA998F31B181AA.d.3E92FAB8E0C4B47A824B21719F0015AF.e.5975","ELEMENT":"f.CBC60766CDC2EFD503EA998F31B181AA.d.3E92FAB8E0C4B47A824B21719F0015AF.e.5975"}]}
COMMAND: GET /session/d7e4ce2bf424277d4594bf7056aa8e6c/screenshot - {}
RESULT: {"script":"<script> [5351 bytes]","args":[{"element-6066-11e4-a52e-4f735466cecf":"f.CBC60766CDC2EFD503EA998F31B181AA.d.3E92FAB8E0C4B47A824B21719F0015AF.e.5975","ELEMENT":"f.CBC60766CDC2EFD503EA998F31B181AA.d.3E92FAB8E0C4B47A824B21719F0015AF.e.5975"}]}
COMMAND: POST /session/d7e4ce2bf424277d4594bf7056aa8e6c/execute/sync - {"script":"<script> [8489 bytes]","args":[{"element-6066-11e4-a52e-4f735466cecf":"f.CBC60766CDC2EFD503EA998F31B181AA.d.3E92FAB8E0C4B47A824B21719F0015AF.e.5975","ELEMENT":"f.CBC60766CDC2EFD503EA998F31B181AA.d.3E92FAB8E0C4B47A824B21719F0015AF.e.5975"}]}
COMMAND: GET /session/d7e4ce2bf424277d4594bf7056aa8e6c/screenshot - {}
RESULT: {}
RESULT: {"script":"<script> [8489 bytes]","args":[{"element-6066-11e4-a52e-4f735466cecf":"f.CBC60766CDC2EFD503EA998F31B181AA.d.3E92FAB8E0C4B47A824B21719F0015AF.e.5975","ELEMENT":"f.CBC60766CDC2EFD503EA998F31B181AA.d.3E92FAB8E0C4B47A824B21719F0015AF.e.5975"}]}
COMMAND: POST /session/d7e4ce2bf424277d4594bf7056aa8e6c/execute/sync - {"script":"<script> [5351 bytes]","args":[{"element-6066-11e4-a52e-4f735466cecf":"f.CBC60766CDC2EFD503EA998F31B181AA.d.3E92FAB8E0C4B47A824B21719F0015AF.e.5975","ELEMENT":"f.CBC60766CDC2EFD503EA998F31B181AA.d.3E92FAB8E0C4B47A824B21719F0015AF.e.5975"}]}
COMMAND: GET /session/d7e4ce2bf424277d4594bf7056aa8e6c/screenshot - {}
RESULT: {}
RESULT: {"script":"<script> [5351 bytes]","args":[{"element-6066-11e4-a52e-4f735466cecf":"f.CBC60766CDC2EFD503EA998F31B181AA.d.3E92FAB8E0C4B47A824B21719F0015AF.e.5975","ELEMENT":"f.CBC60766CDC2EFD503EA998F31B181AA.d.3E92FAB8E0C4B47A824B21719F0015AF.e.5975"}]}
COMMAND: GET /session/d7e4ce2bf424277d4594bf7056aa8e6c/screenshot - {}
COMMAND: POST /session/d7e4ce2bf424277d4594bf7056aa8e6c/execute/sync - {"script":"<script> [8489 bytes]","args":[{"element-6066-11e4-a52e-4f735466cecf":"f.CBC60766CDC2EFD503EA998F31B181AA.d.3E92FAB8E0C4B47A824B21719F0015AF.e.5975","ELEMENT":"f.CBC60766CDC2EFD503EA998F31B181AA.d.3E92FAB8E0C4B47A824B21719F0015AF.e.5975"}]}
RESULT: {}
RESULT: {}
RESULT: {"script":"<script> [8489 bytes]","args":[{"element-6066-11e4-a52e-4f735466cecf":"f.CBC60766CDC2EFD503EA998F31B181AA.d.3E92FAB8E0C4B47A824B21719F0015AF.e.5975","ELEMENT":"f.CBC60766CDC2EFD503EA998F31B181AA.d.3E92FAB8E0C4B47A824B21719F0015AF.e.5975"}]}
COMMAND: POST /session/d7e4ce2bf424277d4594bf7056aa8e6c/execute/sync - {"script":"<script> [5351 bytes]","args":[{"element-6066-11e4-a52e-4f735466cecf":"f.CBC60766CDC2EFD503EA998F31B181AA.d.3E92FAB8E0C4B47A824B21719F0015AF.e.5975","ELEMENT":"f.CBC60766CDC2EFD503EA998F31B181AA.d.3E92FAB8E0C4B47A824B21719F0015AF.e.5975"}]}
COMMAND: GET /session/d7e4ce2bf424277d4594bf7056aa8e6c/screenshot - {}
RESULT: {"script":"<script> [5351 bytes]","args":[{"element-6066-11e4-a52e-4f735466cecf":"f.CBC60766CDC2EFD503EA998F31B181AA.d.3E92FAB8E0C4B47A824B21719F0015AF.e.5975","ELEMENT":"f.CBC60766CDC2EFD503EA998F31B181AA.d.3E92FAB8E0C4B47A824B21719F0015AF.e.5975"}]}
COMMAND: GET /session/d7e4ce2bf424277d4594bf7056aa8e6c/screenshot - {}
COMMAND: POST /session/d7e4ce2bf424277d4594bf7056aa8e6c/execute/sync - {"script":"<script> [8489 bytes]","args":[{"element-6066-11e4-a52e-4f735466cecf":"f.CBC60766CDC2EFD503EA998F31B181AA.d.3E92FAB8E0C4B47A824B21719F0015AF.e.5975","ELEMENT":"f.CBC60766CDC2EFD503EA998F31B181AA.d.3E92FAB8E0C4B47A824B21719F0015AF.e.5975"}]}
RESULT: {}
RESULT: {"script":"<script> [8489 bytes]","args":[{"element-6066-11e4-a52e-4f735466cecf":"f.CBC60766CDC2EFD503EA998F31B181AA.d.3E92FAB8E0C4B47A824B21719F0015AF.e.5975","ELEMENT":"f.CBC60766CDC2EFD503EA998F31B181AA.d.3E92FAB8E0C4B47A824B21719F0015AF.e.5975"}]}
COMMAND: POST /session/d7e4ce2bf424277d4594bf7056aa8e6c/execute/sync - {"script":"<script> [5351 bytes]","args":[{"element-6066-11e4-a52e-4f735466cecf":"f.CBC60766CDC2EFD503EA998F31B181AA.d.3E92FAB8E0C4B47A824B21719F0015AF.e.5975","ELEMENT":"f.CBC60766CDC2EFD503EA998F31B181AA.d.3E92FAB8E0C4B47A824B21719F0015AF.e.5975"}]}
COMMAND: GET /session/d7e4ce2bf424277d4594bf7056aa8e6c/screenshot - {}
RESULT: {}
RESULT: {"script":"<script> [5351 bytes]","args":[{"element-6066-11e4-a52e-4f735466cecf":"f.CBC60766CDC2EFD503EA998F31B181AA.d.3E92FAB8E0C4B47A824B21719F0015AF.e.5975","ELEMENT":"f.CBC60766CDC2EFD503EA998F31B181AA.d.3E92FAB8E0C4B47A824B21719F0015AF.e.5975"}]}
COMMAND: POST /session/d7e4ce2bf424277d4594bf7056aa8e6c/execute/sync - {"script":"<script> [8489 bytes]","args":[{"element-6066-11e4-a52e-4f735466cecf":"f.CBC60766CDC2EFD503EA998F31B181AA.d.3E92FAB8E0C4B47A824B21719F0015AF.e.5975","ELEMENT":"f.CBC60766CDC2EFD503EA998F31B181AA.d.3E92FAB8E0C4B47A824B21719F0015AF.e.5975"}]}
COMMAND: GET /session/d7e4ce2bf424277d4594bf7056aa8e6c/screenshot - {}
RESULT: {}
RESULT: {"script":"<script> [8489 bytes]","args":[{"element-6066-11e4-a52e-4f735466cecf":"f.CBC60766CDC2EFD503EA998F31B181AA.d.3E92FAB8E0C4B47A824B21719F0015AF.e.5975","ELEMENT":"f.CBC60766CDC2EFD503EA998F31B181AA.d.3E92FAB8E0C4B47A824B21719F0015AF.e.5975"}]}
COMMAND: POST /session/d7e4ce2bf424277d4594bf7056aa8e6c/execute/sync - {"script":"<script> [5351 bytes]","args":[{"element-6066-11e4-a52e-4f735466cecf":"f.CBC60766CDC2EFD503EA998F31B181AA.d.3E92FAB8E0C4B47A824B21719F0015AF.e.5975","ELEMENT":"f.CBC60766CDC2EFD503EA998F31B181AA.d.3E92FAB8E0C4B47A824B21719F0015AF.e.5975"}]}
COMMAND: GET /session/d7e4ce2bf424277d4594bf7056aa8e6c/screenshot - {}
RESULT: {}
RESULT: {"script":"<script> [5351 bytes]","args":[{"element-6066-11e4-a52e-4f735466cecf":"f.CBC60766CDC2EFD503EA998F31B181AA.d.3E92FAB8E0C4B47A824B21719F0015AF.e.5975","ELEMENT":"f.CBC60766CDC2EFD503EA998F31B181AA.d.3E92FAB8E0C4B47A824B21719F0015AF.e.5975"}]}
COMMAND: GET /session/d7e4ce2bf424277d4594bf7056aa8e6c/screenshot - {}
COMMAND: POST /session/d7e4ce2bf424277d4594bf7056aa8e6c/execute/sync - {"script":"<script> [8489 bytes]","args":[{"element-6066-11e4-a52e-4f735466cecf":"f.CBC60766CDC2EFD503EA998F31B181AA.d.3E92FAB8E0C4B47A824B21719F0015AF.e.5975","ELEMENT":"f.CBC60766CDC2EFD503EA998F31B181AA.d.3E92FAB8E0C4B47A824B21719F0015AF.e.5975"}]}
COMMAND: POST /session/d7e4ce2bf424277d4594bf7056aa8e6c/elements - {"using":"xpath","value":"//*[text()='OK']"}
RESULT: {}
RESULT: {"script":"<script> [8489 bytes]","args":[{"element-6066-11e4-a52e-4f735466cecf":"f.CBC60766CDC2EFD503EA998F31B181AA.d.3E92FAB8E0C4B47A824B21719F0015AF.e.5975","ELEMENT":"f.CBC60766CDC2EFD503EA998F31B181AA.d.3E92FAB8E0C4B47A824B21719F0015AF.e.5975"}]}
COMMAND: POST /session/d7e4ce2bf424277d4594bf7056aa8e6c/execute/sync - {"script":"<script> [5351 bytes]","args":[{"element-6066-11e4-a52e-4f735466cecf":"f.CBC60766CDC2EFD503EA998F31B181AA.d.3E92FAB8E0C4B47A824B21719F0015AF.e.5975","ELEMENT":"f.CBC60766CDC2EFD503EA998F31B181AA.d.3E92FAB8E0C4B47A824B21719F0015AF.e.5975"}]}
COMMAND: GET /session/d7e4ce2bf424277d4594bf7056aa8e6c/screenshot - {}
RESULT: {}
RESULT: {"using":"xpath","value":"//*[text()='OK']"}
RESULT: {"script":"<script> [5351 bytes]","args":[{"element-6066-11e4-a52e-4f735466cecf":"f.CBC60766CDC2EFD503EA998F31B181AA.d.3E92FAB8E0C4B47A824B21719F0015AF.e.5975","ELEMENT":"f.CBC60766CDC2EFD503EA998F31B181AA.d.3E92FAB8E0C4B47A824B21719F0015AF.e.5975"}]}
COMMAND: GET /session/d7e4ce2bf424277d4594bf7056aa8e6c/screenshot - {}
RESULT: {}
RESULT: {}
COMMAND: POST /session/d7e4ce2bf424277d4594bf7056aa8e6c/execute/async - {"script":"<script> [1562 bytes]","args":[{"selector":{"controlType":"sap.m.SearchField","viewName":"etm.portal.ui.managecontracts.view.Master","bindingPath":{"path":"","propertyPath":"/_BASIC_SEARCH_FIELD","modelName":"fi1t3rM0d31"},"interaction":{"idSuffix":"I"}},"wdio_ui5_key":"etmportal.ui.managecontracts.view.Mastersap.m.SearchField{\"path\":\"\",\"propertyPath\":\"/_BASIC_SEARCH_FIELD\",\"modelName\":\"fi1t3rM0d31\"}"}]}
RESULT: {"script":"<script> [1562 bytes]","args":[{"selector":{"controlType":"sap.m.SearchField","viewName":"etm.portal.ui.managecontracts.view.Master","bindingPath":{"path":"","propertyPath":"/_BASIC_SEARCH_FIELD","modelName":"fi1t3rM0d31"},"interaction":{"idSuffix":"I"}},"wdio_ui5_key":"etmportal.ui.managecontracts.view.Mastersap.m.SearchField{\"path\":\"\",\"propertyPath\":\"/_BASIC_SEARCH_FIELD\",\"modelName\":\"fi1t3rM0d31\"}"}]}
RESULT: undefined
COMMAND: POST /session/d7e4ce2bf424277d4594bf7056aa8e6c/actions - {"actions":[{"id":"action31","type":"key","parameters":{},"actions":[{"type":"keyDown","value":""},{"type":"pause","duration":10},{"type":"keyUp","value":""}]}]}
RESULT: {"actions":[{"id":"action31","type":"key","parameters":{},"actions":[{"type":"keyDown","value":""},{"type":"pause","duration":10},{"type":"keyUp","value":""}]}]}
COMMAND: GET /session/d7e4ce2bf424277d4594bf7056aa8e6c/screenshot - {}
RESULT: {}
COMMAND: POST /session/d7e4ce2bf424277d4594bf7056aa8e6c/execute/async - {"script":"<script> [1562 bytes]","args":[{"selector":{"controlType":"sap.ui.core.Icon","viewName":"etm.portal.ui.managecontracts.view.Master","properties":{"src":{"regex":{"source":"slim\\-arrow\\-right"}}}},"wdio_ui5_key":"etmportal.ui.managecontracts.view.Mastersap.ui.core.Icon{\"src\":{\"regex\":{\"source\":\"slim\\\\-arrow\\\\-right\"}}}"}]}
RESULT: {"script":"<script> [1562 bytes]","args":[{"selector":{"controlType":"sap.ui.core.Icon","viewName":"etm.portal.ui.managecontracts.view.Master","properties":{"src":{"regex":{"source":"slim\\-arrow\\-right"}}}},"wdio_ui5_key":"etmportal.ui.managecontracts.view.Mastersap.ui.core.Icon{\"src\":{\"regex\":{\"source\":\"slim\\\\-arrow\\\\-right\"}}}"}]}
RESULT: undefined
COMMAND: POST /session/d7e4ce2bf424277d4594bf7056aa8e6c/execute/async - {"script":"<script> [1562 bytes]","args":[{"selector":{"id":"addRequestItemBtn","viewName":"etm.portal.ui.managecontracts.view.Detail","interaction":{"idSuffix":"BDI-content"}},"wdio_ui5_key":"addRequestItemBtnetmportal.ui.managecontracts.view.Detail"}]}
RESULT: {"script":"<script> [1562 bytes]","args":[{"selector":{"id":"addRequestItemBtn","viewName":"etm.portal.ui.managecontracts.view.Detail","interaction":{"idSuffix":"BDI-content"}},"wdio_ui5_key":"addRequestItemBtnetmportal.ui.managecontracts.view.Detail"}]}
RESULT: undefined
COMMAND: POST /session/d7e4ce2bf424277d4594bf7056aa8e6c/element - {"using":"xpath","value":"//div[contains(@id ,\"popupRequestTable-sa-CbBg\")]"}
RESULT: {"using":"xpath","value":"//div[contains(@id ,\"popupRequestTable-sa-CbBg\")]"}
COMMAND: POST /session/d7e4ce2bf424277d4594bf7056aa8e6c/elements - {"using":"xpath","value":"//div[contains(@id ,\"popupRequestTable-sa-CbBg\")]"}
RESULT: {"using":"xpath","value":"//div[contains(@id ,\"popupRequestTable-sa-CbBg\")]"}
COMMAND: POST /session/d7e4ce2bf424277d4594bf7056aa8e6c/elements - {"using":"xpath","value":"//div[contains(@id ,\"popupRequestTable-sa-CbBg\")]"}
RESULT: {"using":"xpath","value":"//div[contains(@id ,\"popupRequestTable-sa-CbBg\")]"}
COMMAND: POST /session/d7e4ce2bf424277d4594bf7056aa8e6c/elements - {"using":"xpath","value":"//div[contains(@id ,\"popupRequestTable-sa-CbBg\")]"}
RESULT: {"using":"xpath","value":"//div[contains(@id ,\"popupRequestTable-sa-CbBg\")]"}
COMMAND: POST /session/d7e4ce2bf424277d4594bf7056aa8e6c/elements - {"using":"xpath","value":"//div[contains(@id ,\"popupRequestTable-sa-CbBg\")]"}
RESULT: {"using":"xpath","value":"//div[contains(@id ,\"popupRequestTable-sa-CbBg\")]"}
COMMAND: POST /session/d7e4ce2bf424277d4594bf7056aa8e6c/elements - {"using":"xpath","value":"//div[contains(@id ,\"popupRequestTable-sa-CbBg\")]"}
RESULT: {"using":"xpath","value":"//div[contains(@id ,\"popupRequestTable-sa-CbBg\")]"}
COMMAND: POST /session/d7e4ce2bf424277d4594bf7056aa8e6c/elements - {"using":"xpath","value":"//div[contains(@id ,\"popupRequestTable-sa-CbBg\")]"}
RESULT: {"using":"xpath","value":"//div[contains(@id ,\"popupRequestTable-sa-CbBg\")]"}
COMMAND: POST /session/d7e4ce2bf424277d4594bf7056aa8e6c/elements - {"using":"xpath","value":"//div[contains(@id ,\"popupRequestTable-sa-CbBg\")]"}
RESULT: {"using":"xpath","value":"//div[contains(@id ,\"popupRequestTable-sa-CbBg\")]"}
COMMAND: POST /session/d7e4ce2bf424277d4594bf7056aa8e6c/elements - {"using":"xpath","value":"//div[contains(@id ,\"popupRequestTable-sa-CbBg\")]"}
RESULT: {"using":"xpath","value":"//div[contains(@id ,\"popupRequestTable-sa-CbBg\")]"}
COMMAND: POST /session/d7e4ce2bf424277d4594bf7056aa8e6c/elements - {"using":"xpath","value":"//div[contains(@id ,\"popupRequestTable-sa-CbBg\")]"}
RESULT: {"using":"xpath","value":"//div[contains(@id ,\"popupRequestTable-sa-CbBg\")]"}
COMMAND: POST /session/d7e4ce2bf424277d4594bf7056aa8e6c/elements - {"using":"xpath","value":"//div[contains(@id ,\"popupRequestTable-sa-CbBg\")]"}
RESULT: {"using":"xpath","value":"//div[contains(@id ,\"popupRequestTable-sa-CbBg\")]"}
COMMAND: POST /session/d7e4ce2bf424277d4594bf7056aa8e6c/elements - {"using":"xpath","value":"//div[contains(@id ,\"popupRequestTable-sa-CbBg\")]"}
RESULT: {"using":"xpath","value":"//div[contains(@id ,\"popupRequestTable-sa-CbBg\")]"}
COMMAND: POST /session/d7e4ce2bf424277d4594bf7056aa8e6c/elements - {"using":"xpath","value":"//div[contains(@id ,\"popupRequestTable-sa-CbBg\")]"}
RESULT: {"using":"xpath","value":"//div[contains(@id ,\"popupRequestTable-sa-CbBg\")]"}
COMMAND: POST /session/d7e4ce2bf424277d4594bf7056aa8e6c/elements - {"using":"xpath","value":"//div[contains(@id ,\"popupRequestTable-sa-CbBg\")]"}
RESULT: {"using":"xpath","value":"//div[contains(@id ,\"popupRequestTable-sa-CbBg\")]"}
COMMAND: POST /session/d7e4ce2bf424277d4594bf7056aa8e6c/elements - {"using":"xpath","value":"//div[contains(@id ,\"popupRequestTable-sa-CbBg\")]"}
RESULT: {"using":"xpath","value":"//div[contains(@id ,\"popupRequestTable-sa-CbBg\")]"}
COMMAND: POST /session/d7e4ce2bf424277d4594bf7056aa8e6c/elements - {"using":"xpath","value":"//div[contains(@id ,\"popupRequestTable-sa-CbBg\")]"}
RESULT: {"using":"xpath","value":"//div[contains(@id ,\"popupRequestTable-sa-CbBg\")]"}
COMMAND: POST /session/d7e4ce2bf424277d4594bf7056aa8e6c/elements - {"using":"xpath","value":"//div[contains(@id ,\"popupRequestTable-sa-CbBg\")]"}
RESULT: {"using":"xpath","value":"//div[contains(@id ,\"popupRequestTable-sa-CbBg\")]"}
COMMAND: POST /session/d7e4ce2bf424277d4594bf7056aa8e6c/elements - {"using":"xpath","value":"//div[contains(@id ,\"popupRequestTable-sa-CbBg\")]"}
RESULT: {"using":"xpath","value":"//div[contains(@id ,\"popupRequestTable-sa-CbBg\")]"}
COMMAND: POST /session/d7e4ce2bf424277d4594bf7056aa8e6c/elements - {"using":"xpath","value":"//div[contains(@id ,\"popupRequestTable-sa-CbBg\")]"}
RESULT: {"using":"xpath","value":"//div[contains(@id ,\"popupRequestTable-sa-CbBg\")]"}
COMMAND: POST /session/d7e4ce2bf424277d4594bf7056aa8e6c/elements - {"using":"xpath","value":"//div[contains(@id ,\"popupRequestTable-sa-CbBg\")]"}
RESULT: {"using":"xpath","value":"//div[contains(@id ,\"popupRequestTable-sa-CbBg\")]"}
COMMAND: POST /session/d7e4ce2bf424277d4594bf7056aa8e6c/elements - {"using":"xpath","value":"//div[contains(@id ,\"popupRequestTable-sa-CbBg\")]"}
RESULT: {"using":"xpath","value":"//div[contains(@id ,\"popupRequestTable-sa-CbBg\")]"}
COMMAND: POST /session/d7e4ce2bf424277d4594bf7056aa8e6c/elements - {"using":"xpath","value":"//div[contains(@id ,\"popupRequestTable-sa-CbBg\")]"}
RESULT: {"using":"xpath","value":"//div[contains(@id ,\"popupRequestTable-sa-CbBg\")]"}
COMMAND: POST /session/d7e4ce2bf424277d4594bf7056aa8e6c/elements - {"using":"xpath","value":"//div[contains(@id ,\"popupRequestTable-sa-CbBg\")]"}
RESULT: {"using":"xpath","value":"//div[contains(@id ,\"popupRequestTable-sa-CbBg\")]"}
COMMAND: POST /session/d7e4ce2bf424277d4594bf7056aa8e6c/elements - {"using":"xpath","value":"//div[contains(@id ,\"popupRequestTable-sa-CbBg\")]"}
RESULT: {"using":"xpath","value":"//div[contains(@id ,\"popupRequestTable-sa-CbBg\")]"}
COMMAND: POST /session/d7e4ce2bf424277d4594bf7056aa8e6c/elements - {"using":"xpath","value":"//div[contains(@id ,\"popupRequestTable-sa-CbBg\")]"}
RESULT: {"using":"xpath","value":"//div[contains(@id ,\"popupRequestTable-sa-CbBg\")]"}
COMMAND: POST /session/d7e4ce2bf424277d4594bf7056aa8e6c/elements - {"using":"xpath","value":"//div[contains(@id ,\"popupRequestTable-sa-CbBg\")]"}
RESULT: {"using":"xpath","value":"//div[contains(@id ,\"popupRequestTable-sa-CbBg\")]"}
COMMAND: POST /session/d7e4ce2bf424277d4594bf7056aa8e6c/elements - {"using":"xpath","value":"//div[contains(@id ,\"popupRequestTable-sa-CbBg\")]"}
RESULT: {"using":"xpath","value":"//div[contains(@id ,\"popupRequestTable-sa-CbBg\")]"}
COMMAND: POST /session/d7e4ce2bf424277d4594bf7056aa8e6c/elements - {"using":"xpath","value":"//div[contains(@id ,\"popupRequestTable-sa-CbBg\")]"}
RESULT: {"using":"xpath","value":"//div[contains(@id ,\"popupRequestTable-sa-CbBg\")]"}
COMMAND: POST /session/d7e4ce2bf424277d4594bf7056aa8e6c/elements - {"using":"xpath","value":"//div[contains(@id ,\"popupRequestTable-sa-CbBg\")]"}
RESULT: {"using":"xpath","value":"//div[contains(@id ,\"popupRequestTable-sa-CbBg\")]"}
COMMAND: POST /session/d7e4ce2bf424277d4594bf7056aa8e6c/elements - {"using":"xpath","value":"//div[contains(@id ,\"popupRequestTable-sa-CbBg\")]"}
RESULT: {"using":"xpath","value":"//div[contains(@id ,\"popupRequestTable-sa-CbBg\")]"}
COMMAND: POST /session/d7e4ce2bf424277d4594bf7056aa8e6c/elements - {"using":"xpath","value":"//div[contains(@id ,\"popupRequestTable-sa-CbBg\")]"}
RESULT: {"using":"xpath","value":"//div[contains(@id ,\"popupRequestTable-sa-CbBg\")]"}
COMMAND: POST /session/d7e4ce2bf424277d4594bf7056aa8e6c/elements - {"using":"xpath","value":"//div[contains(@id ,\"popupRequestTable-sa-CbBg\")]"}
RESULT: {"using":"xpath","value":"//div[contains(@id ,\"popupRequestTable-sa-CbBg\")]"}
COMMAND: POST /session/d7e4ce2bf424277d4594bf7056aa8e6c/elements - {"using":"xpath","value":"//div[contains(@id ,\"popupRequestTable-sa-CbBg\")]"}
RESULT: {"using":"xpath","value":"//div[contains(@id ,\"popupRequestTable-sa-CbBg\")]"}
COMMAND: POST /session/d7e4ce2bf424277d4594bf7056aa8e6c/elements - {"using":"xpath","value":"//div[contains(@id ,\"popupRequestTable-sa-CbBg\")]"}
RESULT: {"using":"xpath","value":"//div[contains(@id ,\"popupRequestTable-sa-CbBg\")]"}
COMMAND: POST /session/d7e4ce2bf424277d4594bf7056aa8e6c/elements - {"using":"xpath","value":"//div[contains(@id ,\"popupRequestTable-sa-CbBg\")]"}
RESULT: {"using":"xpath","value":"//div[contains(@id ,\"popupRequestTable-sa-CbBg\")]"}
COMMAND: POST /session/d7e4ce2bf424277d4594bf7056aa8e6c/elements - {"using":"xpath","value":"//div[contains(@id ,\"popupRequestTable-sa-CbBg\")]"}
RESULT: {"using":"xpath","value":"//div[contains(@id ,\"popupRequestTable-sa-CbBg\")]"}
COMMAND: POST /session/d7e4ce2bf424277d4594bf7056aa8e6c/elements - {"using":"xpath","value":"//div[contains(@id ,\"popupRequestTable-sa-CbBg\")]"}
RESULT: {"using":"xpath","value":"//div[contains(@id ,\"popupRequestTable-sa-CbBg\")]"}
COMMAND: POST /session/d7e4ce2bf424277d4594bf7056aa8e6c/elements - {"using":"xpath","value":"//div[contains(@id ,\"popupRequestTable-sa-CbBg\")]"}
RESULT: {"using":"xpath","value":"//div[contains(@id ,\"popupRequestTable-sa-CbBg\")]"}
COMMAND: POST /session/d7e4ce2bf424277d4594bf7056aa8e6c/elements - {"using":"xpath","value":"//div[contains(@id ,\"popupRequestTable-sa-CbBg\")]"}
RESULT: {"using":"xpath","value":"//div[contains(@id ,\"popupRequestTable-sa-CbBg\")]"}
COMMAND: POST /session/d7e4ce2bf424277d4594bf7056aa8e6c/elements - {"using":"xpath","value":"//div[contains(@id ,\"popupRequestTable-sa-CbBg\")]"}
RESULT: {"using":"xpath","value":"//div[contains(@id ,\"popupRequestTable-sa-CbBg\")]"}
COMMAND: POST /session/d7e4ce2bf424277d4594bf7056aa8e6c/elements - {"using":"xpath","value":"//div[contains(@id ,\"popupRequestTable-sa-CbBg\")]"}
RESULT: {"using":"xpath","value":"//div[contains(@id ,\"popupRequestTable-sa-CbBg\")]"}
COMMAND: POST /session/d7e4ce2bf424277d4594bf7056aa8e6c/elements - {"using":"xpath","value":"//div[contains(@id ,\"popupRequestTable-sa-CbBg\")]"}
RESULT: {"using":"xpath","value":"//div[contains(@id ,\"popupRequestTable-sa-CbBg\")]"}
COMMAND: POST /session/d7e4ce2bf424277d4594bf7056aa8e6c/elements - {"using":"xpath","value":"//div[contains(@id ,\"popupRequestTable-sa-CbBg\")]"}
RESULT: {"using":"xpath","value":"//div[contains(@id ,\"popupRequestTable-sa-CbBg\")]"}
COMMAND: POST /session/d7e4ce2bf424277d4594bf7056aa8e6c/elements - {"using":"xpath","value":"//div[contains(@id ,\"popupRequestTable-sa-CbBg\")]"}
RESULT: {"using":"xpath","value":"//div[contains(@id ,\"popupRequestTable-sa-CbBg\")]"}
COMMAND: POST /session/d7e4ce2bf424277d4594bf7056aa8e6c/elements - {"using":"xpath","value":"//div[contains(@id ,\"popupRequestTable-sa-CbBg\")]"}
RESULT: {"using":"xpath","value":"//div[contains(@id ,\"popupRequestTable-sa-CbBg\")]"}
COMMAND: POST /session/d7e4ce2bf424277d4594bf7056aa8e6c/elements - {"using":"xpath","value":"//div[contains(@id ,\"popupRequestTable-sa-CbBg\")]"}
RESULT: {"using":"xpath","value":"//div[contains(@id ,\"popupRequestTable-sa-CbBg\")]"}
COMMAND: POST /session/d7e4ce2bf424277d4594bf7056aa8e6c/elements - {"using":"xpath","value":"//div[contains(@id ,\"popupRequestTable-sa-CbBg\")]"}
RESULT: {"using":"xpath","value":"//div[contains(@id ,\"popupRequestTable-sa-CbBg\")]"}
COMMAND: POST /session/d7e4ce2bf424277d4594bf7056aa8e6c/elements - {"using":"xpath","value":"//div[contains(@id ,\"popupRequestTable-sa-CbBg\")]"}
RESULT: {"using":"xpath","value":"//div[contains(@id ,\"popupRequestTable-sa-CbBg\")]"}
COMMAND: POST /session/d7e4ce2bf424277d4594bf7056aa8e6c/elements - {"using":"xpath","value":"//div[contains(@id ,\"popupRequestTable-sa-CbBg\")]"}
RESULT: {"using":"xpath","value":"//div[contains(@id ,\"popupRequestTable-sa-CbBg\")]"}
COMMAND: POST /session/d7e4ce2bf424277d4594bf7056aa8e6c/elements - {"using":"xpath","value":"//div[contains(@id ,\"popupRequestTable-sa-CbBg\")]"}
RESULT: {"using":"xpath","value":"//div[contains(@id ,\"popupRequestTable-sa-CbBg\")]"}
COMMAND: POST /session/d7e4ce2bf424277d4594bf7056aa8e6c/elements - {"using":"xpath","value":"//div[contains(@id ,\"popupRequestTable-sa-CbBg\")]"}
RESULT: {"using":"xpath","value":"//div[contains(@id ,\"popupRequestTable-sa-CbBg\")]"}
COMMAND: POST /session/d7e4ce2bf424277d4594bf7056aa8e6c/elements - {"using":"xpath","value":"//div[contains(@id ,\"popupRequestTable-sa-CbBg\")]"}
RESULT: {"using":"xpath","value":"//div[contains(@id ,\"popupRequestTable-sa-CbBg\")]"}
COMMAND: POST /session/d7e4ce2bf424277d4594bf7056aa8e6c/elements - {"using":"xpath","value":"//div[contains(@id ,\"popupRequestTable-sa-CbBg\")]"}
RESULT: {"using":"xpath","value":"//div[contains(@id ,\"popupRequestTable-sa-CbBg\")]"}
COMMAND: POST /session/d7e4ce2bf424277d4594bf7056aa8e6c/elements - {"using":"xpath","value":"//div[contains(@id ,\"popupRequestTable-sa-CbBg\")]"}
RESULT: {"using":"xpath","value":"//div[contains(@id ,\"popupRequestTable-sa-CbBg\")]"}
COMMAND: POST /session/d7e4ce2bf424277d4594bf7056aa8e6c/elements - {"using":"xpath","value":"//div[contains(@id ,\"popupRequestTable-sa-CbBg\")]"}
RESULT: {"using":"xpath","value":"//div[contains(@id ,\"popupRequestTable-sa-CbBg\")]"}
COMMAND: POST /session/d7e4ce2bf424277d4594bf7056aa8e6c/elements - {"using":"xpath","value":"//div[contains(@id ,\"popupRequestTable-sa-CbBg\")]"}
RESULT: {"using":"xpath","value":"//div[contains(@id ,\"popupRequestTable-sa-CbBg\")]"}
COMMAND: POST /session/d7e4ce2bf424277d4594bf7056aa8e6c/elements - {"using":"xpath","value":"//div[contains(@id ,\"popupRequestTable-sa-CbBg\")]"}
RESULT: {"using":"xpath","value":"//div[contains(@id ,\"popupRequestTable-sa-CbBg\")]"}
COMMAND: POST /session/d7e4ce2bf424277d4594bf7056aa8e6c/elements - {"using":"xpath","value":"//div[contains(@id ,\"popupRequestTable-sa-CbBg\")]"}
RESULT: {"using":"xpath","value":"//div[contains(@id ,\"popupRequestTable-sa-CbBg\")]"}
COMMAND: POST /session/d7e4ce2bf424277d4594bf7056aa8e6c/elements - {"using":"xpath","value":"//div[contains(@id ,\"popupRequestTable-sa-CbBg\")]"}
RESULT: {"using":"xpath","value":"//div[contains(@id ,\"popupRequestTable-sa-CbBg\")]"}
COMMAND: POST /session/d7e4ce2bf424277d4594bf7056aa8e6c/elements - {"using":"xpath","value":"//div[contains(@id ,\"popupRequestTable-sa-CbBg\")]"}
RESULT: {"using":"xpath","value":"//div[contains(@id ,\"popupRequestTable-sa-CbBg\")]"}
COMMAND: POST /session/d7e4ce2bf424277d4594bf7056aa8e6c/elements - {"using":"xpath","value":"//div[contains(@id ,\"popupRequestTable-sa-CbBg\")]"}
RESULT: {"using":"xpath","value":"//div[contains(@id ,\"popupRequestTable-sa-CbBg\")]"}
COMMAND: POST /session/d7e4ce2bf424277d4594bf7056aa8e6c/elements - {"using":"xpath","value":"//div[contains(@id ,\"popupRequestTable-sa-CbBg\")]"}
RESULT: {"using":"xpath","value":"//div[contains(@id ,\"popupRequestTable-sa-CbBg\")]"}
COMMAND: POST /session/d7e4ce2bf424277d4594bf7056aa8e6c/elements - {"using":"xpath","value":"//div[contains(@id ,\"popupRequestTable-sa-CbBg\")]"}
RESULT: {"using":"xpath","value":"//div[contains(@id ,\"popupRequestTable-sa-CbBg\")]"}
COMMAND: POST /session/d7e4ce2bf424277d4594bf7056aa8e6c/elements - {"using":"xpath","value":"//div[contains(@id ,\"popupRequestTable-sa-CbBg\")]"}
RESULT: {"using":"xpath","value":"//div[contains(@id ,\"popupRequestTable-sa-CbBg\")]"}
COMMAND: POST /session/d7e4ce2bf424277d4594bf7056aa8e6c/elements - {"using":"xpath","value":"//div[contains(@id ,\"popupRequestTable-sa-CbBg\")]"}
RESULT: {"using":"xpath","value":"//div[contains(@id ,\"popupRequestTable-sa-CbBg\")]"}
COMMAND: POST /session/d7e4ce2bf424277d4594bf7056aa8e6c/elements - {"using":"xpath","value":"//div[contains(@id ,\"popupRequestTable-sa-CbBg\")]"}
RESULT: {"using":"xpath","value":"//div[contains(@id ,\"popupRequestTable-sa-CbBg\")]"}
COMMAND: POST /session/d7e4ce2bf424277d4594bf7056aa8e6c/elements - {"using":"xpath","value":"//div[contains(@id ,\"popupRequestTable-sa-CbBg\")]"}
RESULT: {"using":"xpath","value":"//div[contains(@id ,\"popupRequestTable-sa-CbBg\")]"}
COMMAND: POST /session/d7e4ce2bf424277d4594bf7056aa8e6c/elements - {"using":"xpath","value":"//div[contains(@id ,\"popupRequestTable-sa-CbBg\")]"}
RESULT: {"using":"xpath","value":"//div[contains(@id ,\"popupRequestTable-sa-CbBg\")]"}
COMMAND: POST /session/d7e4ce2bf424277d4594bf7056aa8e6c/elements - {"using":"xpath","value":"//div[contains(@id ,\"popupRequestTable-sa-CbBg\")]"}
RESULT: {"using":"xpath","value":"//div[contains(@id ,\"popupRequestTable-sa-CbBg\")]"}
COMMAND: POST /session/d7e4ce2bf424277d4594bf7056aa8e6c/elements - {"using":"xpath","value":"//div[contains(@id ,\"popupRequestTable-sa-CbBg\")]"}
RESULT: {"using":"xpath","value":"//div[contains(@id ,\"popupRequestTable-sa-CbBg\")]"}
COMMAND: POST /session/d7e4ce2bf424277d4594bf7056aa8e6c/elements - {"using":"xpath","value":"//div[contains(@id ,\"popupRequestTable-sa-CbBg\")]"}
RESULT: {"using":"xpath","value":"//div[contains(@id ,\"popupRequestTable-sa-CbBg\")]"}
COMMAND: POST /session/d7e4ce2bf424277d4594bf7056aa8e6c/elements - {"using":"xpath","value":"//div[contains(@id ,\"popupRequestTable-sa-CbBg\")]"}
RESULT: {"using":"xpath","value":"//div[contains(@id ,\"popupRequestTable-sa-CbBg\")]"}
COMMAND: POST /session/d7e4ce2bf424277d4594bf7056aa8e6c/elements - {"using":"xpath","value":"//div[contains(@id ,\"popupRequestTable-sa-CbBg\")]"}
RESULT: {"using":"xpath","value":"//div[contains(@id ,\"popupRequestTable-sa-CbBg\")]"}
COMMAND: POST /session/d7e4ce2bf424277d4594bf7056aa8e6c/elements - {"using":"xpath","value":"//div[contains(@id ,\"popupRequestTable-sa-CbBg\")]"}
RESULT: {"using":"xpath","value":"//div[contains(@id ,\"popupRequestTable-sa-CbBg\")]"}
COMMAND: POST /session/d7e4ce2bf424277d4594bf7056aa8e6c/elements - {"using":"xpath","value":"//div[contains(@id ,\"popupRequestTable-sa-CbBg\")]"}
RESULT: {"using":"xpath","value":"//div[contains(@id ,\"popupRequestTable-sa-CbBg\")]"}
COMMAND: POST /session/d7e4ce2bf424277d4594bf7056aa8e6c/elements - {"using":"xpath","value":"//div[contains(@id ,\"popupRequestTable-sa-CbBg\")]"}
RESULT: {"using":"xpath","value":"//div[contains(@id ,\"popupRequestTable-sa-CbBg\")]"}
COMMAND: POST /session/d7e4ce2bf424277d4594bf7056aa8e6c/elements - {"using":"xpath","value":"//div[contains(@id ,\"popupRequestTable-sa-CbBg\")]"}
RESULT: {"using":"xpath","value":"//div[contains(@id ,\"popupRequestTable-sa-CbBg\")]"}
COMMAND: POST /session/d7e4ce2bf424277d4594bf7056aa8e6c/elements - {"using":"xpath","value":"//div[contains(@id ,\"popupRequestTable-sa-CbBg\")]"}
RESULT: {"using":"xpath","value":"//div[contains(@id ,\"popupRequestTable-sa-CbBg\")]"}
COMMAND: POST /session/d7e4ce2bf424277d4594bf7056aa8e6c/elements - {"using":"xpath","value":"//div[contains(@id ,\"popupRequestTable-sa-CbBg\")]"}
RESULT: {"using":"xpath","value":"//div[contains(@id ,\"popupRequestTable-sa-CbBg\")]"}
COMMAND: POST /session/d7e4ce2bf424277d4594bf7056aa8e6c/elements - {"using":"xpath","value":"//div[contains(@id ,\"popupRequestTable-sa-CbBg\")]"}
RESULT: {"using":"xpath","value":"//div[contains(@id ,\"popupRequestTable-sa-CbBg\")]"}
COMMAND: POST /session/d7e4ce2bf424277d4594bf7056aa8e6c/elements - {"using":"xpath","value":"//div[contains(@id ,\"popupRequestTable-sa-CbBg\")]"}
RESULT: {"using":"xpath","value":"//div[contains(@id ,\"popupRequestTable-sa-CbBg\")]"}
COMMAND: POST /session/d7e4ce2bf424277d4594bf7056aa8e6c/elements - {"using":"xpath","value":"//div[contains(@id ,\"popupRequestTable-sa-CbBg\")]"}
RESULT: {"using":"xpath","value":"//div[contains(@id ,\"popupRequestTable-sa-CbBg\")]"}
COMMAND: POST /session/d7e4ce2bf424277d4594bf7056aa8e6c/elements - {"using":"xpath","value":"//div[contains(@id ,\"popupRequestTable-sa-CbBg\")]"}
RESULT: {"using":"xpath","value":"//div[contains(@id ,\"popupRequestTable-sa-CbBg\")]"}
COMMAND: POST /session/d7e4ce2bf424277d4594bf7056aa8e6c/elements - {"using":"xpath","value":"//div[contains(@id ,\"popupRequestTable-sa-CbBg\")]"}
RESULT: {"using":"xpath","value":"//div[contains(@id ,\"popupRequestTable-sa-CbBg\")]"}
COMMAND: POST /session/d7e4ce2bf424277d4594bf7056aa8e6c/elements - {"using":"xpath","value":"//div[contains(@id ,\"popupRequestTable-sa-CbBg\")]"}
RESULT: {"using":"xpath","value":"//div[contains(@id ,\"popupRequestTable-sa-CbBg\")]"}
COMMAND: POST /session/d7e4ce2bf424277d4594bf7056aa8e6c/elements - {"using":"xpath","value":"//div[contains(@id ,\"popupRequestTable-sa-CbBg\")]"}
RESULT: {"using":"xpath","value":"//div[contains(@id ,\"popupRequestTable-sa-CbBg\")]"}
COMMAND: POST /session/d7e4ce2bf424277d4594bf7056aa8e6c/elements - {"using":"xpath","value":"//div[contains(@id ,\"popupRequestTable-sa-CbBg\")]"}
RESULT: {"using":"xpath","value":"//div[contains(@id ,\"popupRequestTable-sa-CbBg\")]"}
COMMAND: POST /session/d7e4ce2bf424277d4594bf7056aa8e6c/elements - {"using":"xpath","value":"//div[contains(@id ,\"popupRequestTable-sa-CbBg\")]"}
RESULT: {"using":"xpath","value":"//div[contains(@id ,\"popupRequestTable-sa-CbBg\")]"}
COMMAND: POST /session/d7e4ce2bf424277d4594bf7056aa8e6c/elements - {"using":"xpath","value":"//div[contains(@id ,\"popupRequestTable-sa-CbBg\")]"}
RESULT: {"using":"xpath","value":"//div[contains(@id ,\"popupRequestTable-sa-CbBg\")]"}
COMMAND: POST /session/d7e4ce2bf424277d4594bf7056aa8e6c/elements - {"using":"xpath","value":"//div[contains(@id ,\"popupRequestTable-sa-CbBg\")]"}
RESULT: {"using":"xpath","value":"//div[contains(@id ,\"popupRequestTable-sa-CbBg\")]"}
COMMAND: POST /session/d7e4ce2bf424277d4594bf7056aa8e6c/elements - {"using":"xpath","value":"//div[contains(@id ,\"popupRequestTable-sa-CbBg\")]"}
RESULT: {"using":"xpath","value":"//div[contains(@id ,\"popupRequestTable-sa-CbBg\")]"}
COMMAND: POST /session/d7e4ce2bf424277d4594bf7056aa8e6c/elements - {"using":"xpath","value":"//div[contains(@id ,\"popupRequestTable-sa-CbBg\")]"}
RESULT: {"using":"xpath","value":"//div[contains(@id ,\"popupRequestTable-sa-CbBg\")]"}
COMMAND: POST /session/d7e4ce2bf424277d4594bf7056aa8e6c/elements - {"using":"xpath","value":"//div[contains(@id ,\"popupRequestTable-sa-CbBg\")]"}
RESULT: {"using":"xpath","value":"//div[contains(@id ,\"popupRequestTable-sa-CbBg\")]"}
COMMAND: POST /session/d7e4ce2bf424277d4594bf7056aa8e6c/elements - {"using":"xpath","value":"//div[contains(@id ,\"popupRequestTable-sa-CbBg\")]"}
RESULT: {"using":"xpath","value":"//div[contains(@id ,\"popupRequestTable-sa-CbBg\")]"}
COMMAND: POST /session/d7e4ce2bf424277d4594bf7056aa8e6c/elements - {"using":"xpath","value":"//div[contains(@id ,\"popupRequestTable-sa-CbBg\")]"}
RESULT: {"using":"xpath","value":"//div[contains(@id ,\"popupRequestTable-sa-CbBg\")]"}
COMMAND: POST /session/d7e4ce2bf424277d4594bf7056aa8e6c/elements - {"using":"xpath","value":"//div[contains(@id ,\"popupRequestTable-sa-CbBg\")]"}
RESULT: {"using":"xpath","value":"//div[contains(@id ,\"popupRequestTable-sa-CbBg\")]"}
COMMAND: POST /session/d7e4ce2bf424277d4594bf7056aa8e6c/elements - {"using":"xpath","value":"//div[contains(@id ,\"popupRequestTable-sa-CbBg\")]"}
RESULT: {"using":"xpath","value":"//div[contains(@id ,\"popupRequestTable-sa-CbBg\")]"}
COMMAND: POST /session/d7e4ce2bf424277d4594bf7056aa8e6c/elements - {"using":"xpath","value":"//div[contains(@id ,\"popupRequestTable-sa-CbBg\")]"}
RESULT: {"using":"xpath","value":"//div[contains(@id ,\"popupRequestTable-sa-CbBg\")]"}
COMMAND: POST /session/d7e4ce2bf424277d4594bf7056aa8e6c/elements - {"using":"xpath","value":"//div[contains(@id ,\"popupRequestTable-sa-CbBg\")]"}
RESULT: {"using":"xpath","value":"//div[contains(@id ,\"popupRequestTable-sa-CbBg\")]"}
COMMAND: POST /session/d7e4ce2bf424277d4594bf7056aa8e6c/elements - {"using":"xpath","value":"//div[contains(@id ,\"popupRequestTable-sa-CbBg\")]"}
RESULT: {"using":"xpath","value":"//div[contains(@id ,\"popupRequestTable-sa-CbBg\")]"}
COMMAND: POST /session/d7e4ce2bf424277d4594bf7056aa8e6c/elements - {"using":"xpath","value":"//div[contains(@id ,\"popupRequestTable-sa-CbBg\")]"}
RESULT: {"using":"xpath","value":"//div[contains(@id ,\"popupRequestTable-sa-CbBg\")]"}
COMMAND: POST /session/d7e4ce2bf424277d4594bf7056aa8e6c/elements - {"using":"xpath","value":"//div[contains(@id ,\"popupRequestTable-sa-CbBg\")]"}
RESULT: {"using":"xpath","value":"//div[contains(@id ,\"popupRequestTable-sa-CbBg\")]"}
COMMAND: POST /session/d7e4ce2bf424277d4594bf7056aa8e6c/elements - {"using":"xpath","value":"//div[contains(@id ,\"popupRequestTable-sa-CbBg\")]"}
RESULT: {"using":"xpath","value":"//div[contains(@id ,\"popupRequestTable-sa-CbBg\")]"}
COMMAND: POST /session/d7e4ce2bf424277d4594bf7056aa8e6c/elements - {"using":"xpath","value":"//div[contains(@id ,\"popupRequestTable-sa-CbBg\")]"}
RESULT: {"using":"xpath","value":"//div[contains(@id ,\"popupRequestTable-sa-CbBg\")]"}
COMMAND: POST /session/d7e4ce2bf424277d4594bf7056aa8e6c/elements - {"using":"xpath","value":"//div[contains(@id ,\"popupRequestTable-sa-CbBg\")]"}
RESULT: {"using":"xpath","value":"//div[contains(@id ,\"popupRequestTable-sa-CbBg\")]"}
COMMAND: POST /session/d7e4ce2bf424277d4594bf7056aa8e6c/elements - {"using":"xpath","value":"//div[contains(@id ,\"popupRequestTable-sa-CbBg\")]"}
RESULT: {"using":"xpath","value":"//div[contains(@id ,\"popupRequestTable-sa-CbBg\")]"}
COMMAND: POST /session/d7e4ce2bf424277d4594bf7056aa8e6c/elements - {"using":"xpath","value":"//div[contains(@id ,\"popupRequestTable-sa-CbBg\")]"}
RESULT: {"using":"xpath","value":"//div[contains(@id ,\"popupRequestTable-sa-CbBg\")]"}
COMMAND: POST /session/d7e4ce2bf424277d4594bf7056aa8e6c/elements - {"using":"xpath","value":"//div[contains(@id ,\"popupRequestTable-sa-CbBg\")]"}
RESULT: {"using":"xpath","value":"//div[contains(@id ,\"popupRequestTable-sa-CbBg\")]"}
COMMAND: POST /session/d7e4ce2bf424277d4594bf7056aa8e6c/elements - {"using":"xpath","value":"//div[contains(@id ,\"popupRequestTable-sa-CbBg\")]"}
RESULT: {"using":"xpath","value":"//div[contains(@id ,\"popupRequestTable-sa-CbBg\")]"}
COMMAND: POST /session/d7e4ce2bf424277d4594bf7056aa8e6c/elements - {"using":"xpath","value":"//div[contains(@id ,\"popupRequestTable-sa-CbBg\")]"}
RESULT: {"using":"xpath","value":"//div[contains(@id ,\"popupRequestTable-sa-CbBg\")]"}
COMMAND: POST /session/d7e4ce2bf424277d4594bf7056aa8e6c/elements - {"using":"xpath","value":"//div[contains(@id ,\"popupRequestTable-sa-CbBg\")]"}
RESULT: {"using":"xpath","value":"//div[contains(@id ,\"popupRequestTable-sa-CbBg\")]"}
COMMAND: POST /session/d7e4ce2bf424277d4594bf7056aa8e6c/elements - {"using":"xpath","value":"//div[contains(@id ,\"popupRequestTable-sa-CbBg\")]"}
RESULT: {"using":"xpath","value":"//div[contains(@id ,\"popupRequestTable-sa-CbBg\")]"}
COMMAND: POST /session/d7e4ce2bf424277d4594bf7056aa8e6c/elements - {"using":"xpath","value":"//div[contains(@id ,\"popupRequestTable-sa-CbBg\")]"}
RESULT: {"using":"xpath","value":"//div[contains(@id ,\"popupRequestTable-sa-CbBg\")]"}
COMMAND: POST /session/d7e4ce2bf424277d4594bf7056aa8e6c/elements - {"using":"xpath","value":"//div[contains(@id ,\"popupRequestTable-sa-CbBg\")]"}
RESULT: {"using":"xpath","value":"//div[contains(@id ,\"popupRequestTable-sa-CbBg\")]"}
COMMAND: POST /session/d7e4ce2bf424277d4594bf7056aa8e6c/elements - {"using":"xpath","value":"//div[contains(@id ,\"popupRequestTable-sa-CbBg\")]"}
RESULT: {"using":"xpath","value":"//div[contains(@id ,\"popupRequestTable-sa-CbBg\")]"}
COMMAND: POST /session/d7e4ce2bf424277d4594bf7056aa8e6c/elements - {"using":"xpath","value":"//div[contains(@id ,\"popupRequestTable-sa-CbBg\")]"}
RESULT: {"using":"xpath","value":"//div[contains(@id ,\"popupRequestTable-sa-CbBg\")]"}
COMMAND: POST /session/d7e4ce2bf424277d4594bf7056aa8e6c/elements - {"using":"xpath","value":"//div[contains(@id ,\"popupRequestTable-sa-CbBg\")]"}
RESULT: {"using":"xpath","value":"//div[contains(@id ,\"popupRequestTable-sa-CbBg\")]"}
COMMAND: POST /session/d7e4ce2bf424277d4594bf7056aa8e6c/elements - {"using":"xpath","value":"//div[contains(@id ,\"popupRequestTable-sa-CbBg\")]"}
RESULT: {"using":"xpath","value":"//div[contains(@id ,\"popupRequestTable-sa-CbBg\")]"}
COMMAND: POST /session/d7e4ce2bf424277d4594bf7056aa8e6c/elements - {"using":"xpath","value":"//div[contains(@id ,\"popupRequestTable-sa-CbBg\")]"}
RESULT: {"using":"xpath","value":"//div[contains(@id ,\"popupRequestTable-sa-CbBg\")]"}
COMMAND: POST /session/d7e4ce2bf424277d4594bf7056aa8e6c/elements - {"using":"xpath","value":"//div[contains(@id ,\"popupRequestTable-sa-CbBg\")]"}
RESULT: {"using":"xpath","value":"//div[contains(@id ,\"popupRequestTable-sa-CbBg\")]"}
COMMAND: POST /session/d7e4ce2bf424277d4594bf7056aa8e6c/elements - {"using":"xpath","value":"//div[contains(@id ,\"popupRequestTable-sa-CbBg\")]"}
RESULT: {"using":"xpath","value":"//div[contains(@id ,\"popupRequestTable-sa-CbBg\")]"}
COMMAND: POST /session/d7e4ce2bf424277d4594bf7056aa8e6c/elements - {"using":"xpath","value":"//div[contains(@id ,\"popupRequestTable-sa-CbBg\")]"}
COMMAND: GET /session/d7e4ce2bf424277d4594bf7056aa8e6c/screenshot - {}
RESULT: {"using":"xpath","value":"//div[contains(@id ,\"popupRequestTable-sa-CbBg\")]"}
RESULT: {}
]]></system-out>
      <system-err><![CDATA[
Error: Can't call click on element with selector "//div[contains(@id ,"popupRequestTable-sa-CbBg")]" because element wasn't found
    at async Context.<anonymous> (D:\a\1\s\test\specs\R2C\standard-contract-add-contract-items-by-insert-request.spec.js:690:9)
]]></system-err>
    </testcase>
  </testsuite>
  <testsuite timestamp="2025-05-26T18:10:29" time="61.567" tests="1" failures="1" errors="1" skipped="0">
    <properties>
      <property name="specId" value="0"/>
      <property name="suiteName" value="Manage contracts - revert request US152962"/>
      <property name="capabilities" value="chrome.136_0_7103_93.windows"/>
      <property name="file" value="file:///D:/a/1/s/test/specs/R2C/manage-contracts-revert-request.spec.js"/>
    </properties>
    <testcase classname="chrome.136_0_7103_93.windows.Manage_contracts_-_revert_request_US152962" name="Should revert the request" time="61.561">
      <failure/>
      <error message="Can't call click on element with selector &quot;(//div[contains(@id ,&quot;selectMulti-CbBg&quot;)])[2]&quot; because element wasn't found"/>
      <system-out><![CDATA[
COMMAND: GET /session/d7e4ce2bf424277d4594bf7056aa8e6c/screenshot - {}
COMMAND: GET /session/d7e4ce2bf424277d4594bf7056aa8e6c/screenshot - {}
COMMAND: POST /session/d7e4ce2bf424277d4594bf7056aa8e6c/execute/async - {"script":"<script> [1562 bytes]","args":[{"selector":{"id":"revertPlanningBtn","viewName":"etm.portal.ui.managecontracts.view.Detail","interaction":{"idSuffix":"BDI-content"}},"wdio_ui5_key":"revertPlanningBtnetmportal.ui.managecontracts.view.Detail"}]}
RESULT: {}
RESULT: {}
RESULT: {"script":"<script> [1562 bytes]","args":[{"selector":{"id":"revertPlanningBtn","viewName":"etm.portal.ui.managecontracts.view.Detail","interaction":{"idSuffix":"BDI-content"}},"wdio_ui5_key":"revertPlanningBtnetmportal.ui.managecontracts.view.Detail"}]}
RESULT: undefined
COMMAND: POST /session/d7e4ce2bf424277d4594bf7056aa8e6c/element - {"using":"xpath","value":"(//div[contains(@id ,\"selectMulti-CbBg\")])[2]"}
RESULT: {"using":"xpath","value":"(//div[contains(@id ,\"selectMulti-CbBg\")])[2]"}
COMMAND: POST /session/d7e4ce2bf424277d4594bf7056aa8e6c/elements - {"using":"xpath","value":"(//div[contains(@id ,\"selectMulti-CbBg\")])[2]"}
RESULT: {"using":"xpath","value":"(//div[contains(@id ,\"selectMulti-CbBg\")])[2]"}
COMMAND: POST /session/d7e4ce2bf424277d4594bf7056aa8e6c/elements - {"using":"xpath","value":"(//div[contains(@id ,\"selectMulti-CbBg\")])[2]"}
RESULT: {"using":"xpath","value":"(//div[contains(@id ,\"selectMulti-CbBg\")])[2]"}
COMMAND: POST /session/d7e4ce2bf424277d4594bf7056aa8e6c/elements - {"using":"xpath","value":"(//div[contains(@id ,\"selectMulti-CbBg\")])[2]"}
RESULT: {"using":"xpath","value":"(//div[contains(@id ,\"selectMulti-CbBg\")])[2]"}
COMMAND: POST /session/d7e4ce2bf424277d4594bf7056aa8e6c/elements - {"using":"xpath","value":"(//div[contains(@id ,\"selectMulti-CbBg\")])[2]"}
RESULT: {"using":"xpath","value":"(//div[contains(@id ,\"selectMulti-CbBg\")])[2]"}
COMMAND: POST /session/d7e4ce2bf424277d4594bf7056aa8e6c/elements - {"using":"xpath","value":"(//div[contains(@id ,\"selectMulti-CbBg\")])[2]"}
RESULT: {"using":"xpath","value":"(//div[contains(@id ,\"selectMulti-CbBg\")])[2]"}
COMMAND: POST /session/d7e4ce2bf424277d4594bf7056aa8e6c/elements - {"using":"xpath","value":"(//div[contains(@id ,\"selectMulti-CbBg\")])[2]"}
RESULT: {"using":"xpath","value":"(//div[contains(@id ,\"selectMulti-CbBg\")])[2]"}
COMMAND: POST /session/d7e4ce2bf424277d4594bf7056aa8e6c/elements - {"using":"xpath","value":"(//div[contains(@id ,\"selectMulti-CbBg\")])[2]"}
RESULT: {"using":"xpath","value":"(//div[contains(@id ,\"selectMulti-CbBg\")])[2]"}
COMMAND: POST /session/d7e4ce2bf424277d4594bf7056aa8e6c/elements - {"using":"xpath","value":"(//div[contains(@id ,\"selectMulti-CbBg\")])[2]"}
RESULT: {"using":"xpath","value":"(//div[contains(@id ,\"selectMulti-CbBg\")])[2]"}
COMMAND: POST /session/d7e4ce2bf424277d4594bf7056aa8e6c/elements - {"using":"xpath","value":"(//div[contains(@id ,\"selectMulti-CbBg\")])[2]"}
RESULT: {"using":"xpath","value":"(//div[contains(@id ,\"selectMulti-CbBg\")])[2]"}
COMMAND: POST /session/d7e4ce2bf424277d4594bf7056aa8e6c/elements - {"using":"xpath","value":"(//div[contains(@id ,\"selectMulti-CbBg\")])[2]"}
RESULT: {"using":"xpath","value":"(//div[contains(@id ,\"selectMulti-CbBg\")])[2]"}
COMMAND: POST /session/d7e4ce2bf424277d4594bf7056aa8e6c/elements - {"using":"xpath","value":"(//div[contains(@id ,\"selectMulti-CbBg\")])[2]"}
RESULT: {"using":"xpath","value":"(//div[contains(@id ,\"selectMulti-CbBg\")])[2]"}
COMMAND: POST /session/d7e4ce2bf424277d4594bf7056aa8e6c/elements - {"using":"xpath","value":"(//div[contains(@id ,\"selectMulti-CbBg\")])[2]"}
RESULT: {"using":"xpath","value":"(//div[contains(@id ,\"selectMulti-CbBg\")])[2]"}
COMMAND: POST /session/d7e4ce2bf424277d4594bf7056aa8e6c/elements - {"using":"xpath","value":"(//div[contains(@id ,\"selectMulti-CbBg\")])[2]"}
RESULT: {"using":"xpath","value":"(//div[contains(@id ,\"selectMulti-CbBg\")])[2]"}
COMMAND: POST /session/d7e4ce2bf424277d4594bf7056aa8e6c/elements - {"using":"xpath","value":"(//div[contains(@id ,\"selectMulti-CbBg\")])[2]"}
RESULT: {"using":"xpath","value":"(//div[contains(@id ,\"selectMulti-CbBg\")])[2]"}
COMMAND: POST /session/d7e4ce2bf424277d4594bf7056aa8e6c/elements - {"using":"xpath","value":"(//div[contains(@id ,\"selectMulti-CbBg\")])[2]"}
RESULT: {"using":"xpath","value":"(//div[contains(@id ,\"selectMulti-CbBg\")])[2]"}
COMMAND: POST /session/d7e4ce2bf424277d4594bf7056aa8e6c/elements - {"using":"xpath","value":"(//div[contains(@id ,\"selectMulti-CbBg\")])[2]"}
RESULT: {"using":"xpath","value":"(//div[contains(@id ,\"selectMulti-CbBg\")])[2]"}
COMMAND: POST /session/d7e4ce2bf424277d4594bf7056aa8e6c/elements - {"using":"xpath","value":"(//div[contains(@id ,\"selectMulti-CbBg\")])[2]"}
RESULT: {"using":"xpath","value":"(//div[contains(@id ,\"selectMulti-CbBg\")])[2]"}
COMMAND: POST /session/d7e4ce2bf424277d4594bf7056aa8e6c/elements - {"using":"xpath","value":"(//div[contains(@id ,\"selectMulti-CbBg\")])[2]"}
RESULT: {"using":"xpath","value":"(//div[contains(@id ,\"selectMulti-CbBg\")])[2]"}
COMMAND: POST /session/d7e4ce2bf424277d4594bf7056aa8e6c/elements - {"using":"xpath","value":"(//div[contains(@id ,\"selectMulti-CbBg\")])[2]"}
RESULT: {"using":"xpath","value":"(//div[contains(@id ,\"selectMulti-CbBg\")])[2]"}
COMMAND: POST /session/d7e4ce2bf424277d4594bf7056aa8e6c/elements - {"using":"xpath","value":"(//div[contains(@id ,\"selectMulti-CbBg\")])[2]"}
RESULT: {"using":"xpath","value":"(//div[contains(@id ,\"selectMulti-CbBg\")])[2]"}
COMMAND: POST /session/d7e4ce2bf424277d4594bf7056aa8e6c/elements - {"using":"xpath","value":"(//div[contains(@id ,\"selectMulti-CbBg\")])[2]"}
RESULT: {"using":"xpath","value":"(//div[contains(@id ,\"selectMulti-CbBg\")])[2]"}
COMMAND: POST /session/d7e4ce2bf424277d4594bf7056aa8e6c/elements - {"using":"xpath","value":"(//div[contains(@id ,\"selectMulti-CbBg\")])[2]"}
RESULT: {"using":"xpath","value":"(//div[contains(@id ,\"selectMulti-CbBg\")])[2]"}
COMMAND: POST /session/d7e4ce2bf424277d4594bf7056aa8e6c/elements - {"using":"xpath","value":"(//div[contains(@id ,\"selectMulti-CbBg\")])[2]"}
RESULT: {"using":"xpath","value":"(//div[contains(@id ,\"selectMulti-CbBg\")])[2]"}
COMMAND: POST /session/d7e4ce2bf424277d4594bf7056aa8e6c/elements - {"using":"xpath","value":"(//div[contains(@id ,\"selectMulti-CbBg\")])[2]"}
RESULT: {"using":"xpath","value":"(//div[contains(@id ,\"selectMulti-CbBg\")])[2]"}
COMMAND: POST /session/d7e4ce2bf424277d4594bf7056aa8e6c/elements - {"using":"xpath","value":"(//div[contains(@id ,\"selectMulti-CbBg\")])[2]"}
RESULT: {"using":"xpath","value":"(//div[contains(@id ,\"selectMulti-CbBg\")])[2]"}
COMMAND: POST /session/d7e4ce2bf424277d4594bf7056aa8e6c/elements - {"using":"xpath","value":"(//div[contains(@id ,\"selectMulti-CbBg\")])[2]"}
RESULT: {"using":"xpath","value":"(//div[contains(@id ,\"selectMulti-CbBg\")])[2]"}
COMMAND: POST /session/d7e4ce2bf424277d4594bf7056aa8e6c/elements - {"using":"xpath","value":"(//div[contains(@id ,\"selectMulti-CbBg\")])[2]"}
RESULT: {"using":"xpath","value":"(//div[contains(@id ,\"selectMulti-CbBg\")])[2]"}
COMMAND: POST /session/d7e4ce2bf424277d4594bf7056aa8e6c/elements - {"using":"xpath","value":"(//div[contains(@id ,\"selectMulti-CbBg\")])[2]"}
RESULT: {"using":"xpath","value":"(//div[contains(@id ,\"selectMulti-CbBg\")])[2]"}
COMMAND: POST /session/d7e4ce2bf424277d4594bf7056aa8e6c/elements - {"using":"xpath","value":"(//div[contains(@id ,\"selectMulti-CbBg\")])[2]"}
RESULT: {"using":"xpath","value":"(//div[contains(@id ,\"selectMulti-CbBg\")])[2]"}
COMMAND: POST /session/d7e4ce2bf424277d4594bf7056aa8e6c/elements - {"using":"xpath","value":"(//div[contains(@id ,\"selectMulti-CbBg\")])[2]"}
RESULT: {"using":"xpath","value":"(//div[contains(@id ,\"selectMulti-CbBg\")])[2]"}
COMMAND: POST /session/d7e4ce2bf424277d4594bf7056aa8e6c/elements - {"using":"xpath","value":"(//div[contains(@id ,\"selectMulti-CbBg\")])[2]"}
RESULT: {"using":"xpath","value":"(//div[contains(@id ,\"selectMulti-CbBg\")])[2]"}
COMMAND: POST /session/d7e4ce2bf424277d4594bf7056aa8e6c/elements - {"using":"xpath","value":"(//div[contains(@id ,\"selectMulti-CbBg\")])[2]"}
RESULT: {"using":"xpath","value":"(//div[contains(@id ,\"selectMulti-CbBg\")])[2]"}
COMMAND: POST /session/d7e4ce2bf424277d4594bf7056aa8e6c/elements - {"using":"xpath","value":"(//div[contains(@id ,\"selectMulti-CbBg\")])[2]"}
RESULT: {"using":"xpath","value":"(//div[contains(@id ,\"selectMulti-CbBg\")])[2]"}
COMMAND: POST /session/d7e4ce2bf424277d4594bf7056aa8e6c/elements - {"using":"xpath","value":"(//div[contains(@id ,\"selectMulti-CbBg\")])[2]"}
RESULT: {"using":"xpath","value":"(//div[contains(@id ,\"selectMulti-CbBg\")])[2]"}
COMMAND: POST /session/d7e4ce2bf424277d4594bf7056aa8e6c/elements - {"using":"xpath","value":"(//div[contains(@id ,\"selectMulti-CbBg\")])[2]"}
RESULT: {"using":"xpath","value":"(//div[contains(@id ,\"selectMulti-CbBg\")])[2]"}
COMMAND: POST /session/d7e4ce2bf424277d4594bf7056aa8e6c/elements - {"using":"xpath","value":"(//div[contains(@id ,\"selectMulti-CbBg\")])[2]"}
RESULT: {"using":"xpath","value":"(//div[contains(@id ,\"selectMulti-CbBg\")])[2]"}
COMMAND: POST /session/d7e4ce2bf424277d4594bf7056aa8e6c/elements - {"using":"xpath","value":"(//div[contains(@id ,\"selectMulti-CbBg\")])[2]"}
RESULT: {"using":"xpath","value":"(//div[contains(@id ,\"selectMulti-CbBg\")])[2]"}
COMMAND: POST /session/d7e4ce2bf424277d4594bf7056aa8e6c/elements - {"using":"xpath","value":"(//div[contains(@id ,\"selectMulti-CbBg\")])[2]"}
RESULT: {"using":"xpath","value":"(//div[contains(@id ,\"selectMulti-CbBg\")])[2]"}
COMMAND: POST /session/d7e4ce2bf424277d4594bf7056aa8e6c/elements - {"using":"xpath","value":"(//div[contains(@id ,\"selectMulti-CbBg\")])[2]"}
RESULT: {"using":"xpath","value":"(//div[contains(@id ,\"selectMulti-CbBg\")])[2]"}
COMMAND: POST /session/d7e4ce2bf424277d4594bf7056aa8e6c/elements - {"using":"xpath","value":"(//div[contains(@id ,\"selectMulti-CbBg\")])[2]"}
RESULT: {"using":"xpath","value":"(//div[contains(@id ,\"selectMulti-CbBg\")])[2]"}
COMMAND: POST /session/d7e4ce2bf424277d4594bf7056aa8e6c/elements - {"using":"xpath","value":"(//div[contains(@id ,\"selectMulti-CbBg\")])[2]"}
RESULT: {"using":"xpath","value":"(//div[contains(@id ,\"selectMulti-CbBg\")])[2]"}
COMMAND: POST /session/d7e4ce2bf424277d4594bf7056aa8e6c/elements - {"using":"xpath","value":"(//div[contains(@id ,\"selectMulti-CbBg\")])[2]"}
RESULT: {"using":"xpath","value":"(//div[contains(@id ,\"selectMulti-CbBg\")])[2]"}
COMMAND: POST /session/d7e4ce2bf424277d4594bf7056aa8e6c/elements - {"using":"xpath","value":"(//div[contains(@id ,\"selectMulti-CbBg\")])[2]"}
RESULT: {"using":"xpath","value":"(//div[contains(@id ,\"selectMulti-CbBg\")])[2]"}
COMMAND: POST /session/d7e4ce2bf424277d4594bf7056aa8e6c/elements - {"using":"xpath","value":"(//div[contains(@id ,\"selectMulti-CbBg\")])[2]"}
RESULT: {"using":"xpath","value":"(//div[contains(@id ,\"selectMulti-CbBg\")])[2]"}
COMMAND: POST /session/d7e4ce2bf424277d4594bf7056aa8e6c/elements - {"using":"xpath","value":"(//div[contains(@id ,\"selectMulti-CbBg\")])[2]"}
RESULT: {"using":"xpath","value":"(//div[contains(@id ,\"selectMulti-CbBg\")])[2]"}
COMMAND: POST /session/d7e4ce2bf424277d4594bf7056aa8e6c/elements - {"using":"xpath","value":"(//div[contains(@id ,\"selectMulti-CbBg\")])[2]"}
RESULT: {"using":"xpath","value":"(//div[contains(@id ,\"selectMulti-CbBg\")])[2]"}
COMMAND: POST /session/d7e4ce2bf424277d4594bf7056aa8e6c/elements - {"using":"xpath","value":"(//div[contains(@id ,\"selectMulti-CbBg\")])[2]"}
RESULT: {"using":"xpath","value":"(//div[contains(@id ,\"selectMulti-CbBg\")])[2]"}
COMMAND: POST /session/d7e4ce2bf424277d4594bf7056aa8e6c/elements - {"using":"xpath","value":"(//div[contains(@id ,\"selectMulti-CbBg\")])[2]"}
RESULT: {"using":"xpath","value":"(//div[contains(@id ,\"selectMulti-CbBg\")])[2]"}
COMMAND: POST /session/d7e4ce2bf424277d4594bf7056aa8e6c/elements - {"using":"xpath","value":"(//div[contains(@id ,\"selectMulti-CbBg\")])[2]"}
RESULT: {"using":"xpath","value":"(//div[contains(@id ,\"selectMulti-CbBg\")])[2]"}
COMMAND: POST /session/d7e4ce2bf424277d4594bf7056aa8e6c/elements - {"using":"xpath","value":"(//div[contains(@id ,\"selectMulti-CbBg\")])[2]"}
RESULT: {"using":"xpath","value":"(//div[contains(@id ,\"selectMulti-CbBg\")])[2]"}
COMMAND: POST /session/d7e4ce2bf424277d4594bf7056aa8e6c/elements - {"using":"xpath","value":"(//div[contains(@id ,\"selectMulti-CbBg\")])[2]"}
RESULT: {"using":"xpath","value":"(//div[contains(@id ,\"selectMulti-CbBg\")])[2]"}
COMMAND: POST /session/d7e4ce2bf424277d4594bf7056aa8e6c/elements - {"using":"xpath","value":"(//div[contains(@id ,\"selectMulti-CbBg\")])[2]"}
RESULT: {"using":"xpath","value":"(//div[contains(@id ,\"selectMulti-CbBg\")])[2]"}
COMMAND: POST /session/d7e4ce2bf424277d4594bf7056aa8e6c/elements - {"using":"xpath","value":"(//div[contains(@id ,\"selectMulti-CbBg\")])[2]"}
RESULT: {"using":"xpath","value":"(//div[contains(@id ,\"selectMulti-CbBg\")])[2]"}
COMMAND: POST /session/d7e4ce2bf424277d4594bf7056aa8e6c/elements - {"using":"xpath","value":"(//div[contains(@id ,\"selectMulti-CbBg\")])[2]"}
RESULT: {"using":"xpath","value":"(//div[contains(@id ,\"selectMulti-CbBg\")])[2]"}
COMMAND: POST /session/d7e4ce2bf424277d4594bf7056aa8e6c/elements - {"using":"xpath","value":"(//div[contains(@id ,\"selectMulti-CbBg\")])[2]"}
RESULT: {"using":"xpath","value":"(//div[contains(@id ,\"selectMulti-CbBg\")])[2]"}
COMMAND: POST /session/d7e4ce2bf424277d4594bf7056aa8e6c/elements - {"using":"xpath","value":"(//div[contains(@id ,\"selectMulti-CbBg\")])[2]"}
RESULT: {"using":"xpath","value":"(//div[contains(@id ,\"selectMulti-CbBg\")])[2]"}
COMMAND: POST /session/d7e4ce2bf424277d4594bf7056aa8e6c/elements - {"using":"xpath","value":"(//div[contains(@id ,\"selectMulti-CbBg\")])[2]"}
RESULT: {"using":"xpath","value":"(//div[contains(@id ,\"selectMulti-CbBg\")])[2]"}
COMMAND: POST /session/d7e4ce2bf424277d4594bf7056aa8e6c/elements - {"using":"xpath","value":"(//div[contains(@id ,\"selectMulti-CbBg\")])[2]"}
RESULT: {"using":"xpath","value":"(//div[contains(@id ,\"selectMulti-CbBg\")])[2]"}
COMMAND: POST /session/d7e4ce2bf424277d4594bf7056aa8e6c/elements - {"using":"xpath","value":"(//div[contains(@id ,\"selectMulti-CbBg\")])[2]"}
RESULT: {"using":"xpath","value":"(//div[contains(@id ,\"selectMulti-CbBg\")])[2]"}
COMMAND: POST /session/d7e4ce2bf424277d4594bf7056aa8e6c/elements - {"using":"xpath","value":"(//div[contains(@id ,\"selectMulti-CbBg\")])[2]"}
RESULT: {"using":"xpath","value":"(//div[contains(@id ,\"selectMulti-CbBg\")])[2]"}
COMMAND: POST /session/d7e4ce2bf424277d4594bf7056aa8e6c/elements - {"using":"xpath","value":"(//div[contains(@id ,\"selectMulti-CbBg\")])[2]"}
RESULT: {"using":"xpath","value":"(//div[contains(@id ,\"selectMulti-CbBg\")])[2]"}
COMMAND: POST /session/d7e4ce2bf424277d4594bf7056aa8e6c/elements - {"using":"xpath","value":"(//div[contains(@id ,\"selectMulti-CbBg\")])[2]"}
RESULT: {"using":"xpath","value":"(//div[contains(@id ,\"selectMulti-CbBg\")])[2]"}
COMMAND: POST /session/d7e4ce2bf424277d4594bf7056aa8e6c/elements - {"using":"xpath","value":"(//div[contains(@id ,\"selectMulti-CbBg\")])[2]"}
RESULT: {"using":"xpath","value":"(//div[contains(@id ,\"selectMulti-CbBg\")])[2]"}
COMMAND: POST /session/d7e4ce2bf424277d4594bf7056aa8e6c/elements - {"using":"xpath","value":"(//div[contains(@id ,\"selectMulti-CbBg\")])[2]"}
RESULT: {"using":"xpath","value":"(//div[contains(@id ,\"selectMulti-CbBg\")])[2]"}
COMMAND: POST /session/d7e4ce2bf424277d4594bf7056aa8e6c/elements - {"using":"xpath","value":"(//div[contains(@id ,\"selectMulti-CbBg\")])[2]"}
RESULT: {"using":"xpath","value":"(//div[contains(@id ,\"selectMulti-CbBg\")])[2]"}
COMMAND: POST /session/d7e4ce2bf424277d4594bf7056aa8e6c/elements - {"using":"xpath","value":"(//div[contains(@id ,\"selectMulti-CbBg\")])[2]"}
RESULT: {"using":"xpath","value":"(//div[contains(@id ,\"selectMulti-CbBg\")])[2]"}
COMMAND: POST /session/d7e4ce2bf424277d4594bf7056aa8e6c/elements - {"using":"xpath","value":"(//div[contains(@id ,\"selectMulti-CbBg\")])[2]"}
RESULT: {"using":"xpath","value":"(//div[contains(@id ,\"selectMulti-CbBg\")])[2]"}
COMMAND: POST /session/d7e4ce2bf424277d4594bf7056aa8e6c/elements - {"using":"xpath","value":"(//div[contains(@id ,\"selectMulti-CbBg\")])[2]"}
RESULT: {"using":"xpath","value":"(//div[contains(@id ,\"selectMulti-CbBg\")])[2]"}
COMMAND: POST /session/d7e4ce2bf424277d4594bf7056aa8e6c/elements - {"using":"xpath","value":"(//div[contains(@id ,\"selectMulti-CbBg\")])[2]"}
RESULT: {"using":"xpath","value":"(//div[contains(@id ,\"selectMulti-CbBg\")])[2]"}
COMMAND: POST /session/d7e4ce2bf424277d4594bf7056aa8e6c/elements - {"using":"xpath","value":"(//div[contains(@id ,\"selectMulti-CbBg\")])[2]"}
RESULT: {"using":"xpath","value":"(//div[contains(@id ,\"selectMulti-CbBg\")])[2]"}
COMMAND: POST /session/d7e4ce2bf424277d4594bf7056aa8e6c/elements - {"using":"xpath","value":"(//div[contains(@id ,\"selectMulti-CbBg\")])[2]"}
RESULT: {"using":"xpath","value":"(//div[contains(@id ,\"selectMulti-CbBg\")])[2]"}
COMMAND: POST /session/d7e4ce2bf424277d4594bf7056aa8e6c/elements - {"using":"xpath","value":"(//div[contains(@id ,\"selectMulti-CbBg\")])[2]"}
RESULT: {"using":"xpath","value":"(//div[contains(@id ,\"selectMulti-CbBg\")])[2]"}
COMMAND: POST /session/d7e4ce2bf424277d4594bf7056aa8e6c/elements - {"using":"xpath","value":"(//div[contains(@id ,\"selectMulti-CbBg\")])[2]"}
RESULT: {"using":"xpath","value":"(//div[contains(@id ,\"selectMulti-CbBg\")])[2]"}
COMMAND: POST /session/d7e4ce2bf424277d4594bf7056aa8e6c/elements - {"using":"xpath","value":"(//div[contains(@id ,\"selectMulti-CbBg\")])[2]"}
RESULT: {"using":"xpath","value":"(//div[contains(@id ,\"selectMulti-CbBg\")])[2]"}
COMMAND: POST /session/d7e4ce2bf424277d4594bf7056aa8e6c/elements - {"using":"xpath","value":"(//div[contains(@id ,\"selectMulti-CbBg\")])[2]"}
RESULT: {"using":"xpath","value":"(//div[contains(@id ,\"selectMulti-CbBg\")])[2]"}
COMMAND: POST /session/d7e4ce2bf424277d4594bf7056aa8e6c/elements - {"using":"xpath","value":"(//div[contains(@id ,\"selectMulti-CbBg\")])[2]"}
RESULT: {"using":"xpath","value":"(//div[contains(@id ,\"selectMulti-CbBg\")])[2]"}
COMMAND: POST /session/d7e4ce2bf424277d4594bf7056aa8e6c/elements - {"using":"xpath","value":"(//div[contains(@id ,\"selectMulti-CbBg\")])[2]"}
RESULT: {"using":"xpath","value":"(//div[contains(@id ,\"selectMulti-CbBg\")])[2]"}
COMMAND: POST /session/d7e4ce2bf424277d4594bf7056aa8e6c/elements - {"using":"xpath","value":"(//div[contains(@id ,\"selectMulti-CbBg\")])[2]"}
RESULT: {"using":"xpath","value":"(//div[contains(@id ,\"selectMulti-CbBg\")])[2]"}
COMMAND: POST /session/d7e4ce2bf424277d4594bf7056aa8e6c/elements - {"using":"xpath","value":"(//div[contains(@id ,\"selectMulti-CbBg\")])[2]"}
RESULT: {"using":"xpath","value":"(//div[contains(@id ,\"selectMulti-CbBg\")])[2]"}
COMMAND: POST /session/d7e4ce2bf424277d4594bf7056aa8e6c/elements - {"using":"xpath","value":"(//div[contains(@id ,\"selectMulti-CbBg\")])[2]"}
RESULT: {"using":"xpath","value":"(//div[contains(@id ,\"selectMulti-CbBg\")])[2]"}
COMMAND: POST /session/d7e4ce2bf424277d4594bf7056aa8e6c/elements - {"using":"xpath","value":"(//div[contains(@id ,\"selectMulti-CbBg\")])[2]"}
RESULT: {"using":"xpath","value":"(//div[contains(@id ,\"selectMulti-CbBg\")])[2]"}
COMMAND: POST /session/d7e4ce2bf424277d4594bf7056aa8e6c/elements - {"using":"xpath","value":"(//div[contains(@id ,\"selectMulti-CbBg\")])[2]"}
RESULT: {"using":"xpath","value":"(//div[contains(@id ,\"selectMulti-CbBg\")])[2]"}
COMMAND: POST /session/d7e4ce2bf424277d4594bf7056aa8e6c/elements - {"using":"xpath","value":"(//div[contains(@id ,\"selectMulti-CbBg\")])[2]"}
RESULT: {"using":"xpath","value":"(//div[contains(@id ,\"selectMulti-CbBg\")])[2]"}
COMMAND: POST /session/d7e4ce2bf424277d4594bf7056aa8e6c/elements - {"using":"xpath","value":"(//div[contains(@id ,\"selectMulti-CbBg\")])[2]"}
RESULT: {"using":"xpath","value":"(//div[contains(@id ,\"selectMulti-CbBg\")])[2]"}
COMMAND: POST /session/d7e4ce2bf424277d4594bf7056aa8e6c/elements - {"using":"xpath","value":"(//div[contains(@id ,\"selectMulti-CbBg\")])[2]"}
RESULT: {"using":"xpath","value":"(//div[contains(@id ,\"selectMulti-CbBg\")])[2]"}
COMMAND: POST /session/d7e4ce2bf424277d4594bf7056aa8e6c/elements - {"using":"xpath","value":"(//div[contains(@id ,\"selectMulti-CbBg\")])[2]"}
RESULT: {"using":"xpath","value":"(//div[contains(@id ,\"selectMulti-CbBg\")])[2]"}
COMMAND: POST /session/d7e4ce2bf424277d4594bf7056aa8e6c/elements - {"using":"xpath","value":"(//div[contains(@id ,\"selectMulti-CbBg\")])[2]"}
RESULT: {"using":"xpath","value":"(//div[contains(@id ,\"selectMulti-CbBg\")])[2]"}
COMMAND: POST /session/d7e4ce2bf424277d4594bf7056aa8e6c/elements - {"using":"xpath","value":"(//div[contains(@id ,\"selectMulti-CbBg\")])[2]"}
RESULT: {"using":"xpath","value":"(//div[contains(@id ,\"selectMulti-CbBg\")])[2]"}
COMMAND: POST /session/d7e4ce2bf424277d4594bf7056aa8e6c/elements - {"using":"xpath","value":"(//div[contains(@id ,\"selectMulti-CbBg\")])[2]"}
RESULT: {"using":"xpath","value":"(//div[contains(@id ,\"selectMulti-CbBg\")])[2]"}
COMMAND: POST /session/d7e4ce2bf424277d4594bf7056aa8e6c/elements - {"using":"xpath","value":"(//div[contains(@id ,\"selectMulti-CbBg\")])[2]"}
RESULT: {"using":"xpath","value":"(//div[contains(@id ,\"selectMulti-CbBg\")])[2]"}
COMMAND: POST /session/d7e4ce2bf424277d4594bf7056aa8e6c/elements - {"using":"xpath","value":"(//div[contains(@id ,\"selectMulti-CbBg\")])[2]"}
RESULT: {"using":"xpath","value":"(//div[contains(@id ,\"selectMulti-CbBg\")])[2]"}
COMMAND: POST /session/d7e4ce2bf424277d4594bf7056aa8e6c/elements - {"using":"xpath","value":"(//div[contains(@id ,\"selectMulti-CbBg\")])[2]"}
RESULT: {"using":"xpath","value":"(//div[contains(@id ,\"selectMulti-CbBg\")])[2]"}
COMMAND: POST /session/d7e4ce2bf424277d4594bf7056aa8e6c/elements - {"using":"xpath","value":"(//div[contains(@id ,\"selectMulti-CbBg\")])[2]"}
RESULT: {"using":"xpath","value":"(//div[contains(@id ,\"selectMulti-CbBg\")])[2]"}
COMMAND: POST /session/d7e4ce2bf424277d4594bf7056aa8e6c/elements - {"using":"xpath","value":"(//div[contains(@id ,\"selectMulti-CbBg\")])[2]"}
RESULT: {"using":"xpath","value":"(//div[contains(@id ,\"selectMulti-CbBg\")])[2]"}
COMMAND: POST /session/d7e4ce2bf424277d4594bf7056aa8e6c/elements - {"using":"xpath","value":"(//div[contains(@id ,\"selectMulti-CbBg\")])[2]"}
RESULT: {"using":"xpath","value":"(//div[contains(@id ,\"selectMulti-CbBg\")])[2]"}
COMMAND: POST /session/d7e4ce2bf424277d4594bf7056aa8e6c/elements - {"using":"xpath","value":"(//div[contains(@id ,\"selectMulti-CbBg\")])[2]"}
RESULT: {"using":"xpath","value":"(//div[contains(@id ,\"selectMulti-CbBg\")])[2]"}
COMMAND: POST /session/d7e4ce2bf424277d4594bf7056aa8e6c/elements - {"using":"xpath","value":"(//div[contains(@id ,\"selectMulti-CbBg\")])[2]"}
RESULT: {"using":"xpath","value":"(//div[contains(@id ,\"selectMulti-CbBg\")])[2]"}
COMMAND: POST /session/d7e4ce2bf424277d4594bf7056aa8e6c/elements - {"using":"xpath","value":"(//div[contains(@id ,\"selectMulti-CbBg\")])[2]"}
RESULT: {"using":"xpath","value":"(//div[contains(@id ,\"selectMulti-CbBg\")])[2]"}
COMMAND: POST /session/d7e4ce2bf424277d4594bf7056aa8e6c/elements - {"using":"xpath","value":"(//div[contains(@id ,\"selectMulti-CbBg\")])[2]"}
RESULT: {"using":"xpath","value":"(//div[contains(@id ,\"selectMulti-CbBg\")])[2]"}
COMMAND: POST /session/d7e4ce2bf424277d4594bf7056aa8e6c/elements - {"using":"xpath","value":"(//div[contains(@id ,\"selectMulti-CbBg\")])[2]"}
RESULT: {"using":"xpath","value":"(//div[contains(@id ,\"selectMulti-CbBg\")])[2]"}
COMMAND: POST /session/d7e4ce2bf424277d4594bf7056aa8e6c/elements - {"using":"xpath","value":"(//div[contains(@id ,\"selectMulti-CbBg\")])[2]"}
RESULT: {"using":"xpath","value":"(//div[contains(@id ,\"selectMulti-CbBg\")])[2]"}
COMMAND: POST /session/d7e4ce2bf424277d4594bf7056aa8e6c/elements - {"using":"xpath","value":"(//div[contains(@id ,\"selectMulti-CbBg\")])[2]"}
RESULT: {"using":"xpath","value":"(//div[contains(@id ,\"selectMulti-CbBg\")])[2]"}
COMMAND: POST /session/d7e4ce2bf424277d4594bf7056aa8e6c/elements - {"using":"xpath","value":"(//div[contains(@id ,\"selectMulti-CbBg\")])[2]"}
RESULT: {"using":"xpath","value":"(//div[contains(@id ,\"selectMulti-CbBg\")])[2]"}
COMMAND: POST /session/d7e4ce2bf424277d4594bf7056aa8e6c/elements - {"using":"xpath","value":"(//div[contains(@id ,\"selectMulti-CbBg\")])[2]"}
RESULT: {"using":"xpath","value":"(//div[contains(@id ,\"selectMulti-CbBg\")])[2]"}
COMMAND: POST /session/d7e4ce2bf424277d4594bf7056aa8e6c/elements - {"using":"xpath","value":"(//div[contains(@id ,\"selectMulti-CbBg\")])[2]"}
RESULT: {"using":"xpath","value":"(//div[contains(@id ,\"selectMulti-CbBg\")])[2]"}
COMMAND: POST /session/d7e4ce2bf424277d4594bf7056aa8e6c/elements - {"using":"xpath","value":"(//div[contains(@id ,\"selectMulti-CbBg\")])[2]"}
RESULT: {"using":"xpath","value":"(//div[contains(@id ,\"selectMulti-CbBg\")])[2]"}
COMMAND: POST /session/d7e4ce2bf424277d4594bf7056aa8e6c/elements - {"using":"xpath","value":"(//div[contains(@id ,\"selectMulti-CbBg\")])[2]"}
RESULT: {"using":"xpath","value":"(//div[contains(@id ,\"selectMulti-CbBg\")])[2]"}
COMMAND: POST /session/d7e4ce2bf424277d4594bf7056aa8e6c/elements - {"using":"xpath","value":"(//div[contains(@id ,\"selectMulti-CbBg\")])[2]"}
RESULT: {"using":"xpath","value":"(//div[contains(@id ,\"selectMulti-CbBg\")])[2]"}
COMMAND: POST /session/d7e4ce2bf424277d4594bf7056aa8e6c/elements - {"using":"xpath","value":"(//div[contains(@id ,\"selectMulti-CbBg\")])[2]"}
RESULT: {"using":"xpath","value":"(//div[contains(@id ,\"selectMulti-CbBg\")])[2]"}
COMMAND: POST /session/d7e4ce2bf424277d4594bf7056aa8e6c/elements - {"using":"xpath","value":"(//div[contains(@id ,\"selectMulti-CbBg\")])[2]"}
RESULT: {"using":"xpath","value":"(//div[contains(@id ,\"selectMulti-CbBg\")])[2]"}
COMMAND: POST /session/d7e4ce2bf424277d4594bf7056aa8e6c/elements - {"using":"xpath","value":"(//div[contains(@id ,\"selectMulti-CbBg\")])[2]"}
RESULT: {"using":"xpath","value":"(//div[contains(@id ,\"selectMulti-CbBg\")])[2]"}
COMMAND: POST /session/d7e4ce2bf424277d4594bf7056aa8e6c/elements - {"using":"xpath","value":"(//div[contains(@id ,\"selectMulti-CbBg\")])[2]"}
RESULT: {"using":"xpath","value":"(//div[contains(@id ,\"selectMulti-CbBg\")])[2]"}
COMMAND: POST /session/d7e4ce2bf424277d4594bf7056aa8e6c/elements - {"using":"xpath","value":"(//div[contains(@id ,\"selectMulti-CbBg\")])[2]"}
RESULT: {"using":"xpath","value":"(//div[contains(@id ,\"selectMulti-CbBg\")])[2]"}
COMMAND: POST /session/d7e4ce2bf424277d4594bf7056aa8e6c/elements - {"using":"xpath","value":"(//div[contains(@id ,\"selectMulti-CbBg\")])[2]"}
RESULT: {"using":"xpath","value":"(//div[contains(@id ,\"selectMulti-CbBg\")])[2]"}
COMMAND: POST /session/d7e4ce2bf424277d4594bf7056aa8e6c/elements - {"using":"xpath","value":"(//div[contains(@id ,\"selectMulti-CbBg\")])[2]"}
RESULT: {"using":"xpath","value":"(//div[contains(@id ,\"selectMulti-CbBg\")])[2]"}
COMMAND: POST /session/d7e4ce2bf424277d4594bf7056aa8e6c/elements - {"using":"xpath","value":"(//div[contains(@id ,\"selectMulti-CbBg\")])[2]"}
RESULT: {"using":"xpath","value":"(//div[contains(@id ,\"selectMulti-CbBg\")])[2]"}
COMMAND: POST /session/d7e4ce2bf424277d4594bf7056aa8e6c/elements - {"using":"xpath","value":"(//div[contains(@id ,\"selectMulti-CbBg\")])[2]"}
RESULT: {"using":"xpath","value":"(//div[contains(@id ,\"selectMulti-CbBg\")])[2]"}
COMMAND: POST /session/d7e4ce2bf424277d4594bf7056aa8e6c/elements - {"using":"xpath","value":"(//div[contains(@id ,\"selectMulti-CbBg\")])[2]"}
RESULT: {"using":"xpath","value":"(//div[contains(@id ,\"selectMulti-CbBg\")])[2]"}
COMMAND: POST /session/d7e4ce2bf424277d4594bf7056aa8e6c/elements - {"using":"xpath","value":"(//div[contains(@id ,\"selectMulti-CbBg\")])[2]"}
RESULT: {"using":"xpath","value":"(//div[contains(@id ,\"selectMulti-CbBg\")])[2]"}
COMMAND: POST /session/d7e4ce2bf424277d4594bf7056aa8e6c/elements - {"using":"xpath","value":"(//div[contains(@id ,\"selectMulti-CbBg\")])[2]"}
RESULT: {"using":"xpath","value":"(//div[contains(@id ,\"selectMulti-CbBg\")])[2]"}
COMMAND: POST /session/d7e4ce2bf424277d4594bf7056aa8e6c/elements - {"using":"xpath","value":"(//div[contains(@id ,\"selectMulti-CbBg\")])[2]"}
COMMAND: GET /session/d7e4ce2bf424277d4594bf7056aa8e6c/screenshot - {}
RESULT: {"using":"xpath","value":"(//div[contains(@id ,\"selectMulti-CbBg\")])[2]"}
RESULT: {}
COMMAND: POST /session/d7e4ce2bf424277d4594bf7056aa8e6c/element - {"using":"css selector","value":"#shell-header-logo"}
COMMAND: GET /session/d7e4ce2bf424277d4594bf7056aa8e6c/screenshot - {}
COMMAND: GET /session/d7e4ce2bf424277d4594bf7056aa8e6c/screenshot - {}
RESULT: {"using":"css selector","value":"#shell-header-logo"}
COMMAND: POST /session/d7e4ce2bf424277d4594bf7056aa8e6c/element/f.CBC60766CDC2EFD503EA998F31B181AA.d.3E92FAB8E0C4B47A824B21719F0015AF.e.5340/click - {}
RESULT: {}
RESULT: {}
COMMAND: POST /session/d7e4ce2bf424277d4594bf7056aa8e6c/element - {"using":"css selector","value":"#shell-header-logo"}
RESULT: {"using":"css selector","value":"#shell-header-logo"}
COMMAND: POST /session/d7e4ce2bf424277d4594bf7056aa8e6c/element/f.CBC60766CDC2EFD503EA998F31B181AA.d.3E92FAB8E0C4B47A824B21719F0015AF.e.5340/click - {}
COMMAND: POST /session/d7e4ce2bf424277d4594bf7056aa8e6c/element - {"using":"css selector","value":"#shell-header-logo"}
RESULT: {"using":"css selector","value":"#shell-header-logo"}
COMMAND: POST /session/d7e4ce2bf424277d4594bf7056aa8e6c/element/f.CBC60766CDC2EFD503EA998F31B181AA.d.3E92FAB8E0C4B47A824B21719F0015AF.e.5340/click - {}
COMMAND: POST /session/d7e4ce2bf424277d4594bf7056aa8e6c/element - {"using":"css selector","value":"#shell-header-logo"}
RESULT: {"using":"css selector","value":"#shell-header-logo"}
COMMAND: POST /session/d7e4ce2bf424277d4594bf7056aa8e6c/element/f.CBC60766CDC2EFD503EA998F31B181AA.d.3E92FAB8E0C4B47A824B21719F0015AF.e.5340/click - {}
COMMAND: POST /session/d7e4ce2bf424277d4594bf7056aa8e6c/refresh - {}
RESULT: {}
COMMAND: GET /session/d7e4ce2bf424277d4594bf7056aa8e6c/screenshot - {}
RESULT: {}
COMMAND: POST /session/d7e4ce2bf424277d4594bf7056aa8e6c/execute/async - {"script":"<script> [189 bytes]","args":[]}
RESULT: {"script":"<script> [189 bytes]","args":[]}
COMMAND: POST /session/d7e4ce2bf424277d4594bf7056aa8e6c/execute/async - {"script":"<script> [123 bytes]","args":[]}
RESULT: {"script":"<script> [123 bytes]","args":[]}
COMMAND: POST /session/d7e4ce2bf424277d4594bf7056aa8e6c/timeouts - {"script":"<number>"}
RESULT: {"script":"<number>"}
COMMAND: GET /session/d7e4ce2bf424277d4594bf7056aa8e6c/timeouts - {}
RESULT: {}
RESULT: undefined
COMMAND: POST /session/d7e4ce2bf424277d4594bf7056aa8e6c/execute/async - {"script":"<script> [2676 bytes]","args":[]}
RESULT: {"script":"<script> [2676 bytes]","args":[]}
COMMAND: POST /session/d7e4ce2bf424277d4594bf7056aa8e6c/execute/async - {"script":"<script> [2342 bytes]","args":[{"protocol":"http","hostname":"0.0.0.0","path":"/","capabilities":{"browserName":"chrome","goog:chromeOptions":{"binary":"C:\\Program Files\\Google\\Chrome\\Application\\chrome.exe","args":["--start-maximized"]}},"logLevel":"warn","connectionRetryTimeout":120000,"connectionRetryCount":3,"logLevels":{},"enableDirectConnect":true,"strictSSL":true,"_":"65 more keys: [\"cacheDir\",\"port\",\"requestedCapabilities\",\"automationProtocol\",\"baseUrl\",\"waitforInterval\",\"waitforTimeout\",\"onReload\",\"beforeCommand\",\"afterCommand\",\"rootDir\",\"specs\",\"suites\",\"exclude\",\"groupLogsByTestSpec\",\"excludeDriverLogs\",\"bail\",\"framework\",\"reporters\",\"services\",\"maxInstances\",\"maxInstancesPerCapability\",\"injectGlobals\",\"filesToWatch\",\"execArgv\",\"runnerEnv\",\"runner\",\"shard\",\"specFileRetries\",\"specFileRetriesDelay\",\"specFileRetriesDeferred\",\"reporterSyncInterval\",\"reporterSyncTimeout\",\"cucumberFeaturesWithLineNumbers\",\"autoCompileOpts\",\"mochaOpts\",\"jasmineOpts\",\"cucumberOpts\",\"onPrepare\",\"onWorkerStart\",\"onWorkerEnd\",\"before\",\"beforeSession\",\"beforeSuite\",\"beforeHook\",\"beforeTest\",\"afterTest\",\"afterHook\",\"afterSuite\",\"afterSession\",\"after\",\"onComplete\",\"beforeAssertion\",\"afterAssertion\",\"beforeFeature\",\"beforeScenario\",\"beforeStep\",\"afterStep\",\"afterScenario\",\"afterFeature\",\"_\",\"suite\",\"$0\",\"ignoredWorkerServices\",\"wdi5\"]"}]}
RESULT: {"script":"<script> [2342 bytes]","args":[{"protocol":"http","hostname":"0.0.0.0","path":"/","capabilities":{"browserName":"chrome","goog:chromeOptions":{"binary":"C:\\Program Files\\Google\\Chrome\\Application\\chrome.exe","args":["--start-maximized"]}},"logLevel":"warn","connectionRetryTimeout":120000,"connectionRetryCount":3,"logLevels":{},"enableDirectConnect":true,"strictSSL":true,"_":"65 more keys: [\"cacheDir\",\"port\",\"requestedCapabilities\",\"automationProtocol\",\"baseUrl\",\"waitforInterval\",\"waitforTimeout\",\"onReload\",\"beforeCommand\",\"afterCommand\",\"rootDir\",\"specs\",\"suites\",\"exclude\",\"groupLogsByTestSpec\",\"excludeDriverLogs\",\"bail\",\"framework\",\"reporters\",\"services\",\"maxInstances\",\"maxInstancesPerCapability\",\"injectGlobals\",\"filesToWatch\",\"execArgv\",\"runnerEnv\",\"runner\",\"shard\",\"specFileRetries\",\"specFileRetriesDelay\",\"specFileRetriesDeferred\",\"reporterSyncInterval\",\"reporterSyncTimeout\",\"cucumberFeaturesWithLineNumbers\",\"autoCompileOpts\",\"mochaOpts\",\"jasmineOpts\",\"cucumberOpts\",\"onPrepare\",\"onWorkerStart\",\"onWorkerEnd\",\"before\",\"beforeSession\",\"beforeSuite\",\"beforeHook\",\"beforeTest\",\"afterTest\",\"afterHook\",\"afterSuite\",\"afterSession\",\"after\",\"onComplete\",\"beforeAssertion\",\"afterAssertion\",\"beforeFeature\",\"beforeScenario\",\"beforeStep\",\"afterStep\",\"afterScenario\",\"afterFeature\",\"_\",\"suite\",\"$0\",\"ignoredWorkerServices\",\"wdi5\"]"}]}
COMMAND: POST /session/d7e4ce2bf424277d4594bf7056aa8e6c/execute/async - {"script":"<script> [21126 bytes]","args":[35000]}
RESULT: {"script":"<script> [21126 bytes]","args":[35000]}
COMMAND: POST /session/d7e4ce2bf424277d4594bf7056aa8e6c/element - {"using":"css selector","value":"#shell-header-logo"}
RESULT: {"using":"css selector","value":"#shell-header-logo"}
COMMAND: POST /session/d7e4ce2bf424277d4594bf7056aa8e6c/element/f.CBC60766CDC2EFD503EA998F31B181AA.d.79E3558F4C50362AFF0EAFC1CFFDFEC7.e.5986/click - {}
RESULT: {}
COMMAND: GET /session/d7e4ce2bf424277d4594bf7056aa8e6c/screenshot - {}
]]></system-out>
      <system-err><![CDATA[
Error: Can't call click on element with selector "(//div[contains(@id ,"selectMulti-CbBg")])[2]" because element wasn't found
    at async Context.<anonymous> (D:\a\1\s\test\specs\R2C\manage-contracts-revert-request.spec.js:38:9)
]]></system-err>
    </testcase>
  </testsuite>
  <testsuite timestamp="2025-05-26T18:11:30" time="5.016" tests="1" failures="1" errors="1" skipped="0">
    <properties>
      <property name="specId" value="0"/>
      <property name="suiteName" value="Standard contract close-reopen US111278"/>
      <property name="capabilities" value="chrome.136_0_7103_93.windows"/>
      <property name="file" value="file:///D:/a/1/s/test/specs/R2C/standard-contract-close-reopen.spec.js"/>
    </properties>
    <testcase classname="chrome.136_0_7103_93.windows.Standard_contract_close-reopen_US111278" name="before all hook for Standard contract close reopen US111278" time="5.013">
      <failure/>
      <error message="element click intercepted: Element &lt;a id=&quot;shell-header-logo&quot; role=&quot;button&quot; title=&quot;Navigate to Home&quot; class=&quot;sapUshellShellIco&quot; href=&quot;#Shell-home&quot;>...&lt;/a> is not clickable at point (126, 22). Other element would receive the click: &lt;div id=&quot;sap-ui-blocklayer-popup&quot; tabindex=&quot;0&quot; class=&quot;sapUiBLy&quot; style=&quot;z-index: 309; visibility: visible; display: block;&quot;>&lt;/div>&#xA;  (Session info: chrome=136.0.7103.93)"/>
      <system-err><![CDATA[
element click intercepted: element click intercepted: Element <a id="shell-header-logo" role="button" title="Navigate to Home" class="sapUshellShellIco" href="#Shell-home">...</a> is not clickable at point (126, 22). Other element would receive the click: <div id="sap-ui-blocklayer-popup" tabindex="0" class="sapUiBLy" style="z-index: 309; visibility: visible; display: block;"></div>
  (Session info: chrome=136.0.7103.93)
    at async Context.<anonymous> (D:\a\1\s\test\specs\R2C\standard-contract-close-reopen.spec.js:30:9)
]]></system-err>
    </testcase>
  </testsuite>
  <testsuite timestamp="2025-05-26T18:11:35" time="4.375" tests="1" failures="1" errors="1" skipped="0">
    <properties>
      <property name="specId" value="0"/>
      <property name="suiteName" value="Standard contract decline US151279"/>
      <property name="capabilities" value="chrome.136_0_7103_93.windows"/>
      <property name="file" value="file:///D:/a/1/s/test/specs/R2C/standard-contract-decline.spec.js"/>
    </properties>
    <testcase classname="chrome.136_0_7103_93.windows.Standard_contract_decline_US151279" name="before all hook for Standard contract decline US151279" time="4.374">
      <failure/>
      <error message="element click intercepted: Element &lt;a id=&quot;shell-header-logo&quot; role=&quot;button&quot; title=&quot;Navigate to Home&quot; class=&quot;sapUshellShellIco&quot; href=&quot;#Shell-home&quot;>...&lt;/a> is not clickable at point (126, 22). Other element would receive the click: &lt;div id=&quot;sap-ui-blocklayer-popup&quot; tabindex=&quot;0&quot; class=&quot;sapUiBLy&quot; style=&quot;z-index: 309; visibility: visible; display: block;&quot;>&lt;/div>&#xA;  (Session info: chrome=136.0.7103.93)"/>
      <system-err><![CDATA[
element click intercepted: element click intercepted: Element <a id="shell-header-logo" role="button" title="Navigate to Home" class="sapUshellShellIco" href="#Shell-home">...</a> is not clickable at point (126, 22). Other element would receive the click: <div id="sap-ui-blocklayer-popup" tabindex="0" class="sapUiBLy" style="z-index: 309; visibility: visible; display: block;"></div>
  (Session info: chrome=136.0.7103.93)
    at async Context.<anonymous> (D:\a\1\s\test\specs\R2C\standard-contract-decline.spec.js:25:9)
]]></system-err>
    </testcase>
  </testsuite>
  <testsuite timestamp="2025-05-26T18:11:40" time="4.334" tests="1" failures="1" errors="1" skipped="0">
    <properties>
      <property name="specId" value="0"/>
      <property name="suiteName" value="Insert service into a contract US152956"/>
      <property name="capabilities" value="chrome.136_0_7103_93.windows"/>
      <property name="file" value="file:///D:/a/1/s/test/specs/R2C/insert-service-into-a-contract.spec.js"/>
    </properties>
    <testcase classname="chrome.136_0_7103_93.windows.Insert_service_into_a_contract_US152956" name="before all hook for Insert service into a contract US152956" time="4.333">
      <failure/>
      <error message="element click intercepted: Element &lt;a id=&quot;shell-header-logo&quot; role=&quot;button&quot; title=&quot;Navigate to Home&quot; class=&quot;sapUshellShellIco&quot; href=&quot;#Shell-home&quot;>...&lt;/a> is not clickable at point (126, 22). Other element would receive the click: &lt;div id=&quot;sap-ui-blocklayer-popup&quot; tabindex=&quot;0&quot; class=&quot;sapUiBLy&quot; style=&quot;z-index: 309; visibility: visible; display: block;&quot;>&lt;/div>&#xA;  (Session info: chrome=136.0.7103.93)"/>
      <system-err><![CDATA[
element click intercepted: element click intercepted: Element <a id="shell-header-logo" role="button" title="Navigate to Home" class="sapUshellShellIco" href="#Shell-home">...</a> is not clickable at point (126, 22). Other element would receive the click: <div id="sap-ui-blocklayer-popup" tabindex="0" class="sapUiBLy" style="z-index: 309; visibility: visible; display: block;"></div>
  (Session info: chrome=136.0.7103.93)
    at async Context.<anonymous> (D:\a\1\s\test\specs\R2C\insert-service-into-a-contract.spec.js:24:9)
]]></system-err>
    </testcase>
  </testsuite>
  <testsuite timestamp="2025-05-26T18:11:44" time="4.388" tests="1" failures="1" errors="1" skipped="0">
    <properties>
      <property name="specId" value="0"/>
      <property name="suiteName" value="Reduced contract US151275"/>
      <property name="capabilities" value="chrome.136_0_7103_93.windows"/>
      <property name="file" value="file:///D:/a/1/s/test/specs/R2C/reduced-contract-creation.spec.js"/>
    </properties>
    <testcase classname="chrome.136_0_7103_93.windows.Reduced_contract_US151275" name="before all hook for Reduced contract US151275" time="4.387">
      <failure/>
      <error message="element click intercepted: Element &lt;a id=&quot;shell-header-logo&quot; role=&quot;button&quot; title=&quot;Navigate to Home&quot; class=&quot;sapUshellShellIco&quot; href=&quot;#Shell-home&quot;>...&lt;/a> is not clickable at point (126, 22). Other element would receive the click: &lt;div id=&quot;sap-ui-blocklayer-popup&quot; tabindex=&quot;0&quot; class=&quot;sapUiBLy&quot; style=&quot;z-index: 309; visibility: visible; display: block;&quot;>&lt;/div>&#xA;  (Session info: chrome=136.0.7103.93)"/>
      <system-err><![CDATA[
element click intercepted: element click intercepted: Element <a id="shell-header-logo" role="button" title="Navigate to Home" class="sapUshellShellIco" href="#Shell-home">...</a> is not clickable at point (126, 22). Other element would receive the click: <div id="sap-ui-blocklayer-popup" tabindex="0" class="sapUiBLy" style="z-index: 309; visibility: visible; display: block;"></div>
  (Session info: chrome=136.0.7103.93)
    at async Context.<anonymous> (D:\a\1\s\test\specs\R2C\reduced-contract-creation.spec.js:30:9)
]]></system-err>
    </testcase>
  </testsuite>
  <testsuite timestamp="2025-05-26T18:11:48" time="1397.175" tests="7" failures="0" errors="0" skipped="0">
    <properties>
      <property name="specId" value="0"/>
      <property name="suiteName" value="E2E - Logistical and commercial statuses"/>
      <property name="capabilities" value="chrome.136_0_7103_93.windows"/>
      <property name="file" value="file:///D:/a/1/s/test/specs/R2C/E2E-Logistical-and-commercial-status.spec.js"/>
    </properties>
    <testcase classname="chrome.136_0_7103_93.windows.E2E_-_Logistical_and_commercial_statuses" name="Should create prerequisites yard partner and site" time="307.3">
      <system-out><![CDATA[
COMMAND: POST /session/d7e4ce2bf424277d4594bf7056aa8e6c/execute/async - {"script":"<script> [1562 bytes]","args":[{"selector":{"controlType":"sap.m.GenericTile","properties":{"header":"Manage Yards"}},"wdio_ui5_key":"sapm.GenericTile{\"header\":\"Manage Yards\"}"}]}
RESULT: {}
RESULT: {"script":"<script> [1562 bytes]","args":[{"selector":{"controlType":"sap.m.GenericTile","properties":{"header":"Manage Yards"}},"wdio_ui5_key":"sapm.GenericTile{\"header\":\"Manage Yards\"}"}]}
RESULT: undefined
COMMAND: POST /session/d7e4ce2bf424277d4594bf7056aa8e6c/element - {"using":"xpath","value":"//*[@id=\"__tile41\"]"}
RESULT: {"using":"xpath","value":"//*[@id=\"__tile41\"]"}
COMMAND: POST /session/d7e4ce2bf424277d4594bf7056aa8e6c/element/f.CBC60766CDC2EFD503EA998F31B181AA.d.79E3558F4C50362AFF0EAFC1CFFDFEC7.e.6212/click - {}
RESULT: {}
COMMAND: GET /session/d7e4ce2bf424277d4594bf7056aa8e6c/screenshot - {}
RESULT: {}
COMMAND: POST /session/d7e4ce2bf424277d4594bf7056aa8e6c/elements - {"using":"xpath","value":"//span[text()='Error']"}
RESULT: {"using":"xpath","value":"//span[text()='Error']"}
COMMAND: POST /session/d7e4ce2bf424277d4594bf7056aa8e6c/execute/async - {"script":"<script> [1562 bytes]","args":[{"selector":{"controlType":"sap.ui.core.Icon","viewName":"etm.portal.ui.manageyards.view.Master","viewId":"application-manageyards-display-component---masterYard","properties":{"src":{"regex":{"source":"add"}}}},"wdio_ui5_key":"etmportal.ui.manageyards.view.Mastersap.ui.core.Icon{\"src\":{\"regex\":{\"source\":\"add\"}}}"}]}
RESULT: {"script":"<script> [1562 bytes]","args":[{"selector":{"controlType":"sap.ui.core.Icon","viewName":"etm.portal.ui.manageyards.view.Master","viewId":"application-manageyards-display-component---masterYard","properties":{"src":{"regex":{"source":"add"}}}},"wdio_ui5_key":"etmportal.ui.manageyards.view.Mastersap.ui.core.Icon{\"src\":{\"regex\":{\"source\":\"add\"}}}"}]}
RESULT: undefined
COMMAND: POST /session/d7e4ce2bf424277d4594bf7056aa8e6c/element - {"using":"xpath","value":"//*[@id=\"__button29-img\"]"}
RESULT: {"using":"xpath","value":"//*[@id=\"__button29-img\"]"}
COMMAND: POST /session/d7e4ce2bf424277d4594bf7056aa8e6c/element/f.CBC60766CDC2EFD503EA998F31B181AA.d.79E3558F4C50362AFF0EAFC1CFFDFEC7.e.6259/click - {}
RESULT: {}
COMMAND: GET /session/d7e4ce2bf424277d4594bf7056aa8e6c/screenshot - {}
RESULT: {}
COMMAND: POST /session/d7e4ce2bf424277d4594bf7056aa8e6c/execute/async - {"script":"<script> [1562 bytes]","args":[{"selector":{"id":"application-manageyards-display-component---NewYard--yardId","interaction":{"idSuffix":"inner"}},"wdio_ui5_key":"applicationmanageyards-display-component---NewYard--yardId"}]}
RESULT: {"script":"<script> [1562 bytes]","args":[{"selector":{"id":"application-manageyards-display-component---NewYard--yardId","interaction":{"idSuffix":"inner"}},"wdio_ui5_key":"applicationmanageyards-display-component---NewYard--yardId"}]}
RESULT: undefined
COMMAND: POST /session/d7e4ce2bf424277d4594bf7056aa8e6c/element - {"using":"xpath","value":"//*[@id=\"application-manageyards-display-component---NewYard--addressDetailDetailsName1-inner\"]"}
RESULT: {"using":"xpath","value":"//*[@id=\"application-manageyards-display-component---NewYard--addressDetailDetailsName1-inner\"]"}
COMMAND: POST /session/d7e4ce2bf424277d4594bf7056aa8e6c/element/f.CBC60766CDC2EFD503EA998F31B181AA.d.79E3558F4C50362AFF0EAFC1CFFDFEC7.e.6475/clear - {}
RESULT: {}
COMMAND: POST /session/d7e4ce2bf424277d4594bf7056aa8e6c/element/f.CBC60766CDC2EFD503EA998F31B181AA.d.79E3558F4C50362AFF0EAFC1CFFDFEC7.e.6475/value - {"text":"WebdriverYardu3g67"}
COMMAND: GET /session/d7e4ce2bf424277d4594bf7056aa8e6c/screenshot - {}
RESULT: {"text":"WebdriverYardu3g67"}
COMMAND: POST /session/d7e4ce2bf424277d4594bf7056aa8e6c/element - {"using":"xpath","value":"//*[@id=\"application-manageyards-display-component---NewYard--addressDetailDetailsLanguage-inner\"]"}
COMMAND: GET /session/d7e4ce2bf424277d4594bf7056aa8e6c/screenshot - {}
RESULT: {}
RESULT: {"using":"xpath","value":"//*[@id=\"application-manageyards-display-component---NewYard--addressDetailDetailsLanguage-inner\"]"}
COMMAND: POST /session/d7e4ce2bf424277d4594bf7056aa8e6c/element/f.CBC60766CDC2EFD503EA998F31B181AA.d.79E3558F4C50362AFF0EAFC1CFFDFEC7.e.6476/clear - {}
RESULT: {}
RESULT: {}
COMMAND: POST /session/d7e4ce2bf424277d4594bf7056aa8e6c/element/f.CBC60766CDC2EFD503EA998F31B181AA.d.79E3558F4C50362AFF0EAFC1CFFDFEC7.e.6476/value - {"text":"Romanian"}
COMMAND: GET /session/d7e4ce2bf424277d4594bf7056aa8e6c/screenshot - {}
RESULT: {"text":"Romanian"}
COMMAND: POST /session/d7e4ce2bf424277d4594bf7056aa8e6c/element - {"using":"xpath","value":"//input[contains(@id ,\"application-manageyards-display-component---NewYard--addressDetailDetailsName1-inner\")]"}
COMMAND: GET /session/d7e4ce2bf424277d4594bf7056aa8e6c/screenshot - {}
RESULT: {}
RESULT: {"using":"xpath","value":"//input[contains(@id ,\"application-manageyards-display-component---NewYard--addressDetailDetailsName1-inner\")]"}
COMMAND: GET /session/d7e4ce2bf424277d4594bf7056aa8e6c/element/f.CBC60766CDC2EFD503EA998F31B181AA.d.79E3558F4C50362AFF0EAFC1CFFDFEC7.e.6475/property/value - {}
RESULT: {}
RESULT: {}
COMMAND: GET /session/d7e4ce2bf424277d4594bf7056aa8e6c/screenshot - {}
RESULT: {}
COMMAND: POST /session/d7e4ce2bf424277d4594bf7056aa8e6c/element - {"using":"xpath","value":"//*[@id=\"application-manageyards-display-component---NewYard--addressDetailDetailsCity1-inner\"]"}
RESULT: {"using":"xpath","value":"//*[@id=\"application-manageyards-display-component---NewYard--addressDetailDetailsCity1-inner\"]"}
COMMAND: POST /session/d7e4ce2bf424277d4594bf7056aa8e6c/element/f.CBC60766CDC2EFD503EA998F31B181AA.d.79E3558F4C50362AFF0EAFC1CFFDFEC7.e.6478/clear - {}
RESULT: {}
COMMAND: POST /session/d7e4ce2bf424277d4594bf7056aa8e6c/element/f.CBC60766CDC2EFD503EA998F31B181AA.d.79E3558F4C50362AFF0EAFC1CFFDFEC7.e.6478/value - {"text":"Bucuresti"}
COMMAND: GET /session/d7e4ce2bf424277d4594bf7056aa8e6c/screenshot - {}
RESULT: {"text":"Bucuresti"}
COMMAND: GET /session/d7e4ce2bf424277d4594bf7056aa8e6c/screenshot - {}
RESULT: {}
COMMAND: POST /session/d7e4ce2bf424277d4594bf7056aa8e6c/element - {"using":"xpath","value":"//*[@id=\"application-manageyards-display-component---NewYard--addressDetailDetailsCountry-inner\"]"}
RESULT: {}
RESULT: {"using":"xpath","value":"//*[@id=\"application-manageyards-display-component---NewYard--addressDetailDetailsCountry-inner\"]"}
COMMAND: POST /session/d7e4ce2bf424277d4594bf7056aa8e6c/element/f.CBC60766CDC2EFD503EA998F31B181AA.d.79E3558F4C50362AFF0EAFC1CFFDFEC7.e.6482/clear - {}
RESULT: {}
COMMAND: POST /session/d7e4ce2bf424277d4594bf7056aa8e6c/element/f.CBC60766CDC2EFD503EA998F31B181AA.d.79E3558F4C50362AFF0EAFC1CFFDFEC7.e.6482/value - {"text":"Romania"}
COMMAND: GET /session/d7e4ce2bf424277d4594bf7056aa8e6c/screenshot - {}
RESULT: {"text":"Romania"}
COMMAND: GET /session/d7e4ce2bf424277d4594bf7056aa8e6c/screenshot - {}
RESULT: {}
RESULT: {}
COMMAND: POST /session/d7e4ce2bf424277d4594bf7056aa8e6c/element - {"using":"xpath","value":"//div[contains(text(), \"Commercial\")]"}
RESULT: {"using":"xpath","value":"//div[contains(text(), \"Commercial\")]"}
COMMAND: GET /session/d7e4ce2bf424277d4594bf7056aa8e6c/element/f.CBC60766CDC2EFD503EA998F31B181AA.d.79E3558F4C50362AFF0EAFC1CFFDFEC7.e.6672/rect - {}
RESULT: {}
COMMAND: GET /session/d7e4ce2bf424277d4594bf7056aa8e6c/window/rect - {}
RESULT: {}
COMMAND: POST /session/d7e4ce2bf424277d4594bf7056aa8e6c/execute/sync - {"script":"<script> [92 bytes]","args":[]}
RESULT: {"script":"<script> [92 bytes]","args":[]}
COMMAND: POST /session/d7e4ce2bf424277d4594bf7056aa8e6c/actions - {"actions":[{"id":"action32","type":"wheel","parameters":{},"actions":[{"type":"scroll","x":-1841,"y":-44,"deltaX":0,"deltaY":0,"duration":0,"origin":{"element-6066-11e4-a52e-4f735466cecf":"f.CBC60766CDC2EFD503EA998F31B181AA.d.79E3558F4C50362AFF0EAFC1CFFDFEC7.e.6672"}}]}]}
COMMAND: GET /session/d7e4ce2bf424277d4594bf7056aa8e6c/screenshot - {}
RESULT: {}
COMMAND: POST /session/d7e4ce2bf424277d4594bf7056aa8e6c/execute/sync - {"script":"<script> [79 bytes]","args":[{"element-6066-11e4-a52e-4f735466cecf":"f.CBC60766CDC2EFD503EA998F31B181AA.d.79E3558F4C50362AFF0EAFC1CFFDFEC7.e.6672","ELEMENT":"f.CBC60766CDC2EFD503EA998F31B181AA.d.79E3558F4C50362AFF0EAFC1CFFDFEC7.e.6672"},{"block":"start","inline":"nearest"}]}
RESULT: {"script":"<script> [79 bytes]","args":[{"element-6066-11e4-a52e-4f735466cecf":"f.CBC60766CDC2EFD503EA998F31B181AA.d.79E3558F4C50362AFF0EAFC1CFFDFEC7.e.6672","ELEMENT":"f.CBC60766CDC2EFD503EA998F31B181AA.d.79E3558F4C50362AFF0EAFC1CFFDFEC7.e.6672"},{"block":"start","inline":"nearest"}]}
COMMAND: GET /session/d7e4ce2bf424277d4594bf7056aa8e6c/screenshot - {}
RESULT: {}
COMMAND: POST /session/d7e4ce2bf424277d4594bf7056aa8e6c/execute/async - {"script":"<script> [1562 bytes]","args":[{"selector":{"id":"application-manageyards-display-component---NewYard--addressEditDetailsCostObjectCstType-arrow"},"wdio_ui5_key":"applicationmanageyards-display-component---NewYard--addressEditDetailsCostObjectCstType-arrow"}]}
RESULT: {"script":"<script> [1562 bytes]","args":[{"selector":{"id":"application-manageyards-display-component---NewYard--addressEditDetailsCostObjectCstType-arrow"},"wdio_ui5_key":"applicationmanageyards-display-component---NewYard--addressEditDetailsCostObjectCstType-arrow"}]}
RESULT: undefined
COMMAND: POST /session/d7e4ce2bf424277d4594bf7056aa8e6c/element - {"using":"xpath","value":"//*[@id=\"application-manageyards-display-component---NewYard--addressEditDetailsCostObjectCstType-arrow\"]"}
RESULT: {"using":"xpath","value":"//*[@id=\"application-manageyards-display-component---NewYard--addressEditDetailsCostObjectCstType-arrow\"]"}
COMMAND: POST /session/d7e4ce2bf424277d4594bf7056aa8e6c/element/f.CBC60766CDC2EFD503EA998F31B181AA.d.79E3558F4C50362AFF0EAFC1CFFDFEC7.e.6680/click - {}
RESULT: {}
COMMAND: POST /session/d7e4ce2bf424277d4594bf7056aa8e6c/element - {"using":"xpath","value":"//span[contains(text(), \"Cost Center\")]"}
COMMAND: GET /session/d7e4ce2bf424277d4594bf7056aa8e6c/screenshot - {}
RESULT: {"using":"xpath","value":"//span[contains(text(), \"Cost Center\")]"}
COMMAND: POST /session/d7e4ce2bf424277d4594bf7056aa8e6c/element/f.CBC60766CDC2EFD503EA998F31B181AA.d.79E3558F4C50362AFF0EAFC1CFFDFEC7.e.6681/click - {}
RESULT: {}
RESULT: {}
COMMAND: GET /session/d7e4ce2bf424277d4594bf7056aa8e6c/screenshot - {}
RESULT: {}
COMMAND: POST /session/d7e4ce2bf424277d4594bf7056aa8e6c/execute/async - {"script":"<script> [1562 bytes]","args":[{"selector":{"id":"application-manageyards-display-component---NewYard--addressNewCostObjectCstID-vhi"},"wdio_ui5_key":"applicationmanageyards-display-component---NewYard--addressNewCostObjectCstID-vhi"}]}
RESULT: {"script":"<script> [1562 bytes]","args":[{"selector":{"id":"application-manageyards-display-component---NewYard--addressNewCostObjectCstID-vhi"},"wdio_ui5_key":"applicationmanageyards-display-component---NewYard--addressNewCostObjectCstID-vhi"}]}
RESULT: undefined
COMMAND: POST /session/d7e4ce2bf424277d4594bf7056aa8e6c/element - {"using":"xpath","value":"//*[@id=\"application-manageyards-display-component---NewYard--addressNewCostObjectCstID-vhi\"]"}
RESULT: {"using":"xpath","value":"//*[@id=\"application-manageyards-display-component---NewYard--addressNewCostObjectCstID-vhi\"]"}
COMMAND: POST /session/d7e4ce2bf424277d4594bf7056aa8e6c/element/f.CBC60766CDC2EFD503EA998F31B181AA.d.79E3558F4C50362AFF0EAFC1CFFDFEC7.e.6685/click - {}
RESULT: {}
COMMAND: GET /session/d7e4ce2bf424277d4594bf7056aa8e6c/screenshot - {}
RESULT: {}
COMMAND: POST /session/d7e4ce2bf424277d4594bf7056aa8e6c/execute/async - {"script":"<script> [1562 bytes]","args":[{"selector":{"controlType":"sap.m.SearchField","properties":{"placeholder":"Search"},"searchOpenDialogs":true,"interaction":{"idSuffix":"I"}},"wdio_ui5_key":"sapm.SearchField{\"placeholder\":\"Search\"}"}]}
RESULT: {"script":"<script> [1562 bytes]","args":[{"selector":{"controlType":"sap.m.SearchField","properties":{"placeholder":"Search"},"searchOpenDialogs":true,"interaction":{"idSuffix":"I"}},"wdio_ui5_key":"sapm.SearchField{\"placeholder\":\"Search\"}"}]}
RESULT: undefined
COMMAND: POST /session/d7e4ce2bf424277d4594bf7056aa8e6c/execute/async - {"script":"<script> [776 bytes]","args":[{"enterText":"10001013","selector":{"controlType":"sap.m.SearchField","properties":{"placeholder":"Search"},"searchOpenDialogs":true,"interaction":{"idSuffix":"I"}},"clearTextFirst":true,"interactionType":"ENTER_TEXT"}]}
RESULT: {"script":"<script> [776 bytes]","args":[{"enterText":"10001013","selector":{"controlType":"sap.m.SearchField","properties":{"placeholder":"Search"},"searchOpenDialogs":true,"interaction":{"idSuffix":"I"}},"clearTextFirst":true,"interactionType":"ENTER_TEXT"}]}
COMMAND: POST /session/d7e4ce2bf424277d4594bf7056aa8e6c/actions - {"actions":[{"id":"action33","type":"key","parameters":{},"actions":[{"type":"keyDown","value":""},{"type":"pause","duration":10},{"type":"keyUp","value":""}]}]}
RESULT: {"actions":[{"id":"action33","type":"key","parameters":{},"actions":[{"type":"keyDown","value":""},{"type":"pause","duration":10},{"type":"keyUp","value":""}]}]}
COMMAND: GET /session/d7e4ce2bf424277d4594bf7056aa8e6c/screenshot - {}
RESULT: {}
COMMAND: POST /session/d7e4ce2bf424277d4594bf7056aa8e6c/element - {"using":"xpath","value":"//span[contains(text(), \"General Management\")]"}
RESULT: {"using":"xpath","value":"//span[contains(text(), \"General Management\")]"}
COMMAND: POST /session/d7e4ce2bf424277d4594bf7056aa8e6c/element/f.CBC60766CDC2EFD503EA998F31B181AA.d.79E3558F4C50362AFF0EAFC1CFFDFEC7.e.6727/click - {}
RESULT: {}
COMMAND: GET /session/d7e4ce2bf424277d4594bf7056aa8e6c/screenshot - {}
RESULT: {}
COMMAND: POST /session/d7e4ce2bf424277d4594bf7056aa8e6c/element - {"using":"xpath","value":"//bdi[contains(text(), \"OK\")]"}
RESULT: {"using":"xpath","value":"//bdi[contains(text(), \"OK\")]"}
COMMAND: POST /session/d7e4ce2bf424277d4594bf7056aa8e6c/element/f.CBC60766CDC2EFD503EA998F31B181AA.d.79E3558F4C50362AFF0EAFC1CFFDFEC7.e.6728/click - {}
RESULT: {}
COMMAND: GET /session/d7e4ce2bf424277d4594bf7056aa8e6c/screenshot - {}
RESULT: {}
COMMAND: POST /session/d7e4ce2bf424277d4594bf7056aa8e6c/execute/async - {"script":"<script> [1562 bytes]","args":[{"selector":{"controlType":"sap.m.Button","viewName":"etm.portal.ui.manageyards.view.New","viewId":"application-manageyards-display-component---NewYard","i18NText":{"propertyName":"text","key":"save"},"interaction":{"idSuffix":"inner"}},"wdio_ui5_key":"etmportal.ui.manageyards.view.Newsap.m.Button{\"propertyName\":\"text\",\"key\":\"save\"}"}]}
RESULT: {"script":"<script> [1562 bytes]","args":[{"selector":{"controlType":"sap.m.Button","viewName":"etm.portal.ui.manageyards.view.New","viewId":"application-manageyards-display-component---NewYard","i18NText":{"propertyName":"text","key":"save"},"interaction":{"idSuffix":"inner"}},"wdio_ui5_key":"etmportal.ui.manageyards.view.Newsap.m.Button{\"propertyName\":\"text\",\"key\":\"save\"}"}]}
RESULT: undefined
COMMAND: POST /session/d7e4ce2bf424277d4594bf7056aa8e6c/element - {"using":"xpath","value":"//*[@id=\"__button43\"]"}
RESULT: {"using":"xpath","value":"//*[@id=\"__button43\"]"}
COMMAND: POST /session/d7e4ce2bf424277d4594bf7056aa8e6c/element/f.CBC60766CDC2EFD503EA998F31B181AA.d.79E3558F4C50362AFF0EAFC1CFFDFEC7.e.6648/click - {}
RESULT: {}
COMMAND: GET /session/d7e4ce2bf424277d4594bf7056aa8e6c/screenshot - {}
RESULT: {}
COMMAND: POST /session/d7e4ce2bf424277d4594bf7056aa8e6c/element - {"using":"xpath","value":"//header/div/div[2]/div[2]/span"}
RESULT: {"using":"xpath","value":"//header/div/div[2]/div[2]/span"}
COMMAND: GET /session/d7e4ce2bf424277d4594bf7056aa8e6c/element/f.CBC60766CDC2EFD503EA998F31B181AA.d.79E3558F4C50362AFF0EAFC1CFFDFEC7.e.6923/text - {}
RESULT: {}
COMMAND: POST /session/d7e4ce2bf424277d4594bf7056aa8e6c/execute/async - {"script":"<script> [1562 bytes]","args":[{"selector":{"controlType":"sap.m.OverflowToolbarButton","viewName":"etm.portal.ui.manageyards.view.Detail","viewId":"application-manageyards-display-component---detailYard","i18NText":{"propertyName":"tooltip","key":"closeColumn"},"interaction":{"idSuffix":"inner"}},"wdio_ui5_key":"etmportal.ui.manageyards.view.Detailsap.m.OverflowToolbarButton{\"propertyName\":\"tooltip\",\"key\":\"closeColumn\"}"}]}
RESULT: {"script":"<script> [1562 bytes]","args":[{"selector":{"controlType":"sap.m.OverflowToolbarButton","viewName":"etm.portal.ui.manageyards.view.Detail","viewId":"application-manageyards-display-component---detailYard","i18NText":{"propertyName":"tooltip","key":"closeColumn"},"interaction":{"idSuffix":"inner"}},"wdio_ui5_key":"etmportal.ui.manageyards.view.Detailsap.m.OverflowToolbarButton{\"propertyName\":\"tooltip\",\"key\":\"closeColumn\"}"}]}
RESULT: undefined
COMMAND: POST /session/d7e4ce2bf424277d4594bf7056aa8e6c/element - {"using":"xpath","value":"//*[@id=\"__button67\"]"}
RESULT: {"using":"xpath","value":"//*[@id=\"__button67\"]"}
COMMAND: POST /session/d7e4ce2bf424277d4594bf7056aa8e6c/element/f.CBC60766CDC2EFD503EA998F31B181AA.d.79E3558F4C50362AFF0EAFC1CFFDFEC7.e.6925/click - {}
RESULT: {}
COMMAND: GET /session/d7e4ce2bf424277d4594bf7056aa8e6c/screenshot - {}
RESULT: {}
COMMAND: POST /session/d7e4ce2bf424277d4594bf7056aa8e6c/element - {"using":"css selector","value":"#shell-header-logo"}
RESULT: {"using":"css selector","value":"#shell-header-logo"}
COMMAND: POST /session/d7e4ce2bf424277d4594bf7056aa8e6c/element/f.CBC60766CDC2EFD503EA998F31B181AA.d.79E3558F4C50362AFF0EAFC1CFFDFEC7.e.6215/click - {}
RESULT: {}
COMMAND: GET /session/d7e4ce2bf424277d4594bf7056aa8e6c/screenshot - {}
RESULT: {}
COMMAND: POST /session/d7e4ce2bf424277d4594bf7056aa8e6c/refresh - {}
RESULT: {}
COMMAND: GET /session/d7e4ce2bf424277d4594bf7056aa8e6c/screenshot - {}
RESULT: {}
COMMAND: POST /session/d7e4ce2bf424277d4594bf7056aa8e6c/execute/async - {"script":"<script> [189 bytes]","args":[]}
RESULT: {"script":"<script> [189 bytes]","args":[]}
COMMAND: POST /session/d7e4ce2bf424277d4594bf7056aa8e6c/execute/async - {"script":"<script> [123 bytes]","args":[]}
RESULT: {"script":"<script> [123 bytes]","args":[]}
COMMAND: POST /session/d7e4ce2bf424277d4594bf7056aa8e6c/timeouts - {"script":"<number>"}
RESULT: {"script":"<number>"}
COMMAND: GET /session/d7e4ce2bf424277d4594bf7056aa8e6c/timeouts - {}
RESULT: {}
RESULT: undefined
COMMAND: POST /session/d7e4ce2bf424277d4594bf7056aa8e6c/execute/async - {"script":"<script> [2676 bytes]","args":[]}
RESULT: {"script":"<script> [2676 bytes]","args":[]}
COMMAND: POST /session/d7e4ce2bf424277d4594bf7056aa8e6c/execute/async - {"script":"<script> [2342 bytes]","args":[{"protocol":"http","hostname":"0.0.0.0","path":"/","capabilities":{"browserName":"chrome","goog:chromeOptions":{"binary":"C:\\Program Files\\Google\\Chrome\\Application\\chrome.exe","args":["--start-maximized"]}},"logLevel":"warn","connectionRetryTimeout":120000,"connectionRetryCount":3,"logLevels":{},"enableDirectConnect":true,"strictSSL":true,"_":"65 more keys: [\"cacheDir\",\"port\",\"requestedCapabilities\",\"automationProtocol\",\"baseUrl\",\"waitforInterval\",\"waitforTimeout\",\"onReload\",\"beforeCommand\",\"afterCommand\",\"rootDir\",\"specs\",\"suites\",\"exclude\",\"groupLogsByTestSpec\",\"excludeDriverLogs\",\"bail\",\"framework\",\"reporters\",\"services\",\"maxInstances\",\"maxInstancesPerCapability\",\"injectGlobals\",\"filesToWatch\",\"execArgv\",\"runnerEnv\",\"runner\",\"shard\",\"specFileRetries\",\"specFileRetriesDelay\",\"specFileRetriesDeferred\",\"reporterSyncInterval\",\"reporterSyncTimeout\",\"cucumberFeaturesWithLineNumbers\",\"autoCompileOpts\",\"mochaOpts\",\"jasmineOpts\",\"cucumberOpts\",\"onPrepare\",\"onWorkerStart\",\"onWorkerEnd\",\"before\",\"beforeSession\",\"beforeSuite\",\"beforeHook\",\"beforeTest\",\"afterTest\",\"afterHook\",\"afterSuite\",\"afterSession\",\"after\",\"onComplete\",\"beforeAssertion\",\"afterAssertion\",\"beforeFeature\",\"beforeScenario\",\"beforeStep\",\"afterStep\",\"afterScenario\",\"afterFeature\",\"_\",\"suite\",\"$0\",\"ignoredWorkerServices\",\"wdi5\"]"}]}
RESULT: {"script":"<script> [2342 bytes]","args":[{"protocol":"http","hostname":"0.0.0.0","path":"/","capabilities":{"browserName":"chrome","goog:chromeOptions":{"binary":"C:\\Program Files\\Google\\Chrome\\Application\\chrome.exe","args":["--start-maximized"]}},"logLevel":"warn","connectionRetryTimeout":120000,"connectionRetryCount":3,"logLevels":{},"enableDirectConnect":true,"strictSSL":true,"_":"65 more keys: [\"cacheDir\",\"port\",\"requestedCapabilities\",\"automationProtocol\",\"baseUrl\",\"waitforInterval\",\"waitforTimeout\",\"onReload\",\"beforeCommand\",\"afterCommand\",\"rootDir\",\"specs\",\"suites\",\"exclude\",\"groupLogsByTestSpec\",\"excludeDriverLogs\",\"bail\",\"framework\",\"reporters\",\"services\",\"maxInstances\",\"maxInstancesPerCapability\",\"injectGlobals\",\"filesToWatch\",\"execArgv\",\"runnerEnv\",\"runner\",\"shard\",\"specFileRetries\",\"specFileRetriesDelay\",\"specFileRetriesDeferred\",\"reporterSyncInterval\",\"reporterSyncTimeout\",\"cucumberFeaturesWithLineNumbers\",\"autoCompileOpts\",\"mochaOpts\",\"jasmineOpts\",\"cucumberOpts\",\"onPrepare\",\"onWorkerStart\",\"onWorkerEnd\",\"before\",\"beforeSession\",\"beforeSuite\",\"beforeHook\",\"beforeTest\",\"afterTest\",\"afterHook\",\"afterSuite\",\"afterSession\",\"after\",\"onComplete\",\"beforeAssertion\",\"afterAssertion\",\"beforeFeature\",\"beforeScenario\",\"beforeStep\",\"afterStep\",\"afterScenario\",\"afterFeature\",\"_\",\"suite\",\"$0\",\"ignoredWorkerServices\",\"wdi5\"]"}]}
COMMAND: POST /session/d7e4ce2bf424277d4594bf7056aa8e6c/execute/async - {"script":"<script> [21126 bytes]","args":[35000]}
RESULT: {"script":"<script> [21126 bytes]","args":[35000]}
COMMAND: POST /session/d7e4ce2bf424277d4594bf7056aa8e6c/execute/async - {"script":"<script> [1562 bytes]","args":[{"selector":{"controlType":"sap.m.GenericTile","properties":{"header":"Manage Partners"}},"wdio_ui5_key":"sapm.GenericTile{\"header\":\"Manage Partners\"}"}]}
RESULT: {"script":"<script> [1562 bytes]","args":[{"selector":{"controlType":"sap.m.GenericTile","properties":{"header":"Manage Partners"}},"wdio_ui5_key":"sapm.GenericTile{\"header\":\"Manage Partners\"}"}]}
RESULT: undefined
COMMAND: POST /session/d7e4ce2bf424277d4594bf7056aa8e6c/element - {"using":"xpath","value":"//*[@id=\"__tile38\"]"}
RESULT: {"using":"xpath","value":"//*[@id=\"__tile38\"]"}
COMMAND: POST /session/d7e4ce2bf424277d4594bf7056aa8e6c/element/f.CBC60766CDC2EFD503EA998F31B181AA.d.D48EF46B33CD1F3B3B4EF4A70DC6040F.e.7278/click - {}
RESULT: {}
COMMAND: GET /session/d7e4ce2bf424277d4594bf7056aa8e6c/screenshot - {}
RESULT: {}
COMMAND: POST /session/d7e4ce2bf424277d4594bf7056aa8e6c/elements - {"using":"xpath","value":"//span[text()='Error']"}
RESULT: {"using":"xpath","value":"//span[text()='Error']"}
COMMAND: POST /session/d7e4ce2bf424277d4594bf7056aa8e6c/execute/async - {"script":"<script> [1562 bytes]","args":[{"selector":{"controlType":"sap.ui.core.Icon","viewName":"etm.portal.ui.managepartners.view.Master","viewId":"application-managepartners-display-component---masterPtm","properties":{"src":{"regex":{"source":"add"}}}},"wdio_ui5_key":"etmportal.ui.managepartners.view.Mastersap.ui.core.Icon{\"src\":{\"regex\":{\"source\":\"add\"}}}"}]}
RESULT: {"script":"<script> [1562 bytes]","args":[{"selector":{"controlType":"sap.ui.core.Icon","viewName":"etm.portal.ui.managepartners.view.Master","viewId":"application-managepartners-display-component---masterPtm","properties":{"src":{"regex":{"source":"add"}}}},"wdio_ui5_key":"etmportal.ui.managepartners.view.Mastersap.ui.core.Icon{\"src\":{\"regex\":{\"source\":\"add\"}}}"}]}
RESULT: undefined
COMMAND: POST /session/d7e4ce2bf424277d4594bf7056aa8e6c/element - {"using":"xpath","value":"//*[@id=\"__button4-img\"]"}
RESULT: {"using":"xpath","value":"//*[@id=\"__button4-img\"]"}
COMMAND: POST /session/d7e4ce2bf424277d4594bf7056aa8e6c/element/f.CBC60766CDC2EFD503EA998F31B181AA.d.D48EF46B33CD1F3B3B4EF4A70DC6040F.e.7328/click - {}
RESULT: {}
COMMAND: GET /session/d7e4ce2bf424277d4594bf7056aa8e6c/screenshot - {}
RESULT: {}
COMMAND: POST /session/d7e4ce2bf424277d4594bf7056aa8e6c/execute/async - {"script":"<script> [1562 bytes]","args":[{"selector":{"id":"application-managepartners-display-component---NewPartner--partnerId","interaction":{"idSuffix":"inner"}},"wdio_ui5_key":"applicationmanagepartners-display-component---NewPartner--partnerId"}]}
RESULT: {"script":"<script> [1562 bytes]","args":[{"selector":{"id":"application-managepartners-display-component---NewPartner--partnerId","interaction":{"idSuffix":"inner"}},"wdio_ui5_key":"applicationmanagepartners-display-component---NewPartner--partnerId"}]}
RESULT: undefined
COMMAND: POST /session/d7e4ce2bf424277d4594bf7056aa8e6c/execute/async - {"script":"<script> [1562 bytes]","args":[{"selector":{"id":"application-managepartners-display-component---NewPartner--addressDetailDetailsName1","interaction":{"idSuffix":"inner"}},"wdio_ui5_key":"applicationmanagepartners-display-component---NewPartner--addressDetailDetailsName1"}]}
RESULT: {"script":"<script> [1562 bytes]","args":[{"selector":{"id":"application-managepartners-display-component---NewPartner--addressDetailDetailsName1","interaction":{"idSuffix":"inner"}},"wdio_ui5_key":"applicationmanagepartners-display-component---NewPartner--addressDetailDetailsName1"}]}
RESULT: undefined
COMMAND: POST /session/d7e4ce2bf424277d4594bf7056aa8e6c/execute/async - {"script":"<script> [776 bytes]","args":[{"enterText":"WebdriverPartnerrfdre","selector":{"id":"application-managepartners-display-component---NewPartner--addressDetailDetailsName1","interaction":{"idSuffix":"inner"}},"clearTextFirst":true,"interactionType":"ENTER_TEXT"}]}
RESULT: {"script":"<script> [776 bytes]","args":[{"enterText":"WebdriverPartnerrfdre","selector":{"id":"application-managepartners-display-component---NewPartner--addressDetailDetailsName1","interaction":{"idSuffix":"inner"}},"clearTextFirst":true,"interactionType":"ENTER_TEXT"}]}
COMMAND: POST /session/d7e4ce2bf424277d4594bf7056aa8e6c/execute/async - {"script":"<script> [1562 bytes]","args":[{"selector":{"id":"application-managepartners-display-component---NewPartner--addressDetailDetailsLanguage","interaction":{"idSuffix":"inner"}},"wdio_ui5_key":"applicationmanagepartners-display-component---NewPartner--addressDetailDetailsLanguage"}]}
RESULT: {"script":"<script> [1562 bytes]","args":[{"selector":{"id":"application-managepartners-display-component---NewPartner--addressDetailDetailsLanguage","interaction":{"idSuffix":"inner"}},"wdio_ui5_key":"applicationmanagepartners-display-component---NewPartner--addressDetailDetailsLanguage"}]}
RESULT: undefined
COMMAND: POST /session/d7e4ce2bf424277d4594bf7056aa8e6c/execute/async - {"script":"<script> [776 bytes]","args":[{"enterText":"Romanian","selector":{"id":"application-managepartners-display-component---NewPartner--addressDetailDetailsLanguage","interaction":{"idSuffix":"inner"}},"clearTextFirst":true,"interactionType":"ENTER_TEXT"}]}
RESULT: {"script":"<script> [776 bytes]","args":[{"enterText":"Romanian","selector":{"id":"application-managepartners-display-component---NewPartner--addressDetailDetailsLanguage","interaction":{"idSuffix":"inner"}},"clearTextFirst":true,"interactionType":"ENTER_TEXT"}]}
COMMAND: POST /session/d7e4ce2bf424277d4594bf7056aa8e6c/element - {"using":"xpath","value":"//input[contains(@id ,\"application-managepartners-display-component---NewPartner--addressDetailDetailsName1-inner\")]"}
RESULT: {"using":"xpath","value":"//input[contains(@id ,\"application-managepartners-display-component---NewPartner--addressDetailDetailsName1-inner\")]"}
COMMAND: GET /session/d7e4ce2bf424277d4594bf7056aa8e6c/element/f.CBC60766CDC2EFD503EA998F31B181AA.d.D48EF46B33CD1F3B3B4EF4A70DC6040F.e.7500/property/value - {}
RESULT: {}
COMMAND: POST /session/d7e4ce2bf424277d4594bf7056aa8e6c/execute/async - {"script":"<script> [1562 bytes]","args":[{"selector":{"id":"application-managepartners-display-component---NewPartner--addressDetailDetailsCity1","interaction":{"idSuffix":"inner"}},"wdio_ui5_key":"applicationmanagepartners-display-component---NewPartner--addressDetailDetailsCity1"}]}
COMMAND: GET /session/d7e4ce2bf424277d4594bf7056aa8e6c/screenshot - {}
RESULT: {"script":"<script> [1562 bytes]","args":[{"selector":{"id":"application-managepartners-display-component---NewPartner--addressDetailDetailsCity1","interaction":{"idSuffix":"inner"}},"wdio_ui5_key":"applicationmanagepartners-display-component---NewPartner--addressDetailDetailsCity1"}]}
RESULT: undefined
COMMAND: POST /session/d7e4ce2bf424277d4594bf7056aa8e6c/execute/async - {"script":"<script> [776 bytes]","args":[{"enterText":"Bucharest","selector":{"id":"application-managepartners-display-component---NewPartner--addressDetailDetailsCity1","interaction":{"idSuffix":"inner"}},"clearTextFirst":true,"interactionType":"ENTER_TEXT"}]}
RESULT: {}
RESULT: {"script":"<script> [776 bytes]","args":[{"enterText":"Bucharest","selector":{"id":"application-managepartners-display-component---NewPartner--addressDetailDetailsCity1","interaction":{"idSuffix":"inner"}},"clearTextFirst":true,"interactionType":"ENTER_TEXT"}]}
COMMAND: POST /session/d7e4ce2bf424277d4594bf7056aa8e6c/execute/async - {"script":"<script> [1562 bytes]","args":[{"selector":{"id":"application-managepartners-display-component---NewPartner--addressDetailDetailsCountry","interaction":{"idSuffix":"inner"}},"wdio_ui5_key":"applicationmanagepartners-display-component---NewPartner--addressDetailDetailsCountry"}]}
RESULT: {"script":"<script> [1562 bytes]","args":[{"selector":{"id":"application-managepartners-display-component---NewPartner--addressDetailDetailsCountry","interaction":{"idSuffix":"inner"}},"wdio_ui5_key":"applicationmanagepartners-display-component---NewPartner--addressDetailDetailsCountry"}]}
RESULT: undefined
COMMAND: POST /session/d7e4ce2bf424277d4594bf7056aa8e6c/execute/async - {"script":"<script> [6424 bytes]","args":[{"element-6066-11e4-a52e-4f735466cecf":"f.CBC60766CDC2EFD503EA998F31B181AA.d.D48EF46B33CD1F3B3B4EF4A70DC6040F.e.7507"},"setValue",["Romania"]]}
RESULT: {"script":"<script> [6424 bytes]","args":[{"element-6066-11e4-a52e-4f735466cecf":"f.CBC60766CDC2EFD503EA998F31B181AA.d.D48EF46B33CD1F3B3B4EF4A70DC6040F.e.7507"},"setValue",["Romania"]]}
COMMAND: POST /session/d7e4ce2bf424277d4594bf7056aa8e6c/execute/async - {"script":"<script> [1562 bytes]","args":[{"selector":{"id":"application-managepartners-display-component---NewPartner--partnerDetailInternal","interaction":{"idSuffix":"inner"}},"wdio_ui5_key":"applicationmanagepartners-display-component---NewPartner--partnerDetailInternal"}]}
RESULT: {"script":"<script> [1562 bytes]","args":[{"selector":{"id":"application-managepartners-display-component---NewPartner--partnerDetailInternal","interaction":{"idSuffix":"inner"}},"wdio_ui5_key":"applicationmanagepartners-display-component---NewPartner--partnerDetailInternal"}]}
RESULT: undefined
COMMAND: POST /session/d7e4ce2bf424277d4594bf7056aa8e6c/execute/async - {"script":"<script> [776 bytes]","args":[{"enterText":"External partner","selector":{"id":"application-managepartners-display-component---NewPartner--partnerDetailInternal","interaction":{"idSuffix":"inner"}},"clearTextFirst":true,"interactionType":"ENTER_TEXT"}]}
RESULT: {"script":"<script> [776 bytes]","args":[{"enterText":"External partner","selector":{"id":"application-managepartners-display-component---NewPartner--partnerDetailInternal","interaction":{"idSuffix":"inner"}},"clearTextFirst":true,"interactionType":"ENTER_TEXT"}]}
COMMAND: POST /session/d7e4ce2bf424277d4594bf7056aa8e6c/execute/async - {"script":"<script> [1562 bytes]","args":[{"selector":{"id":"application-managepartners-display-component---NewPartner--partnerDetailsCurrency","interaction":{"idSuffix":"inner"}},"wdio_ui5_key":"applicationmanagepartners-display-component---NewPartner--partnerDetailsCurrency"}]}
RESULT: {"script":"<script> [1562 bytes]","args":[{"selector":{"id":"application-managepartners-display-component---NewPartner--partnerDetailsCurrency","interaction":{"idSuffix":"inner"}},"wdio_ui5_key":"applicationmanagepartners-display-component---NewPartner--partnerDetailsCurrency"}]}
RESULT: undefined
COMMAND: POST /session/d7e4ce2bf424277d4594bf7056aa8e6c/execute/async - {"script":"<script> [776 bytes]","args":[{"enterText":"Euro","selector":{"id":"application-managepartners-display-component---NewPartner--partnerDetailsCurrency","interaction":{"idSuffix":"inner"}},"clearTextFirst":true,"interactionType":"ENTER_TEXT"}]}
RESULT: {"script":"<script> [776 bytes]","args":[{"enterText":"Euro","selector":{"id":"application-managepartners-display-component---NewPartner--partnerDetailsCurrency","interaction":{"idSuffix":"inner"}},"clearTextFirst":true,"interactionType":"ENTER_TEXT"}]}
COMMAND: POST /session/d7e4ce2bf424277d4594bf7056aa8e6c/execute/async - {"script":"<script> [1562 bytes]","args":[{"selector":{"controlType":"sap.m.Button","viewName":"etm.portal.ui.managepartners.view.NewPartner","viewId":"application-managepartners-display-component---NewPartner","properties":{"text":"Commercial"},"interaction":{"idSuffix":"BDI-content"}},"wdio_ui5_key":"etmportal.ui.managepartners.view.NewPartnersap.m.Button{\"text\":\"Commercial\"}"}]}
RESULT: {"script":"<script> [1562 bytes]","args":[{"selector":{"controlType":"sap.m.Button","viewName":"etm.portal.ui.managepartners.view.NewPartner","viewId":"application-managepartners-display-component---NewPartner","properties":{"text":"Commercial"},"interaction":{"idSuffix":"BDI-content"}},"wdio_ui5_key":"etmportal.ui.managepartners.view.NewPartnersap.m.Button{\"text\":\"Commercial\"}"}]}
RESULT: undefined
COMMAND: POST /session/d7e4ce2bf424277d4594bf7056aa8e6c/element - {"using":"xpath","value":"//*[@id=\"application-managepartners-display-component---NewPartner--ObjectPageLayout-anchBar-__section5-anchor\"]"}
RESULT: {"using":"xpath","value":"//*[@id=\"application-managepartners-display-component---NewPartner--ObjectPageLayout-anchBar-__section5-anchor\"]"}
COMMAND: POST /session/d7e4ce2bf424277d4594bf7056aa8e6c/element/f.CBC60766CDC2EFD503EA998F31B181AA.d.D48EF46B33CD1F3B3B4EF4A70DC6040F.e.7758/click - {}
RESULT: {}
COMMAND: GET /session/d7e4ce2bf424277d4594bf7056aa8e6c/screenshot - {}
RESULT: {}
COMMAND: POST /session/d7e4ce2bf424277d4594bf7056aa8e6c/execute/async - {"script":"<script> [1562 bytes]","args":[{"selector":{"id":"application-managepartners-display-component---NewPartner--btnAddTableRow-img"},"wdio_ui5_key":"applicationmanagepartners-display-component---NewPartner--btnAddTableRow-img"}]}
RESULT: {"script":"<script> [1562 bytes]","args":[{"selector":{"id":"application-managepartners-display-component---NewPartner--btnAddTableRow-img"},"wdio_ui5_key":"applicationmanagepartners-display-component---NewPartner--btnAddTableRow-img"}]}
RESULT: undefined
COMMAND: POST /session/d7e4ce2bf424277d4594bf7056aa8e6c/element - {"using":"xpath","value":"//*[@id=\"application-managepartners-display-component---NewPartner--btnAddTableRow-img\"]"}
RESULT: {"using":"xpath","value":"//*[@id=\"application-managepartners-display-component---NewPartner--btnAddTableRow-img\"]"}
COMMAND: POST /session/d7e4ce2bf424277d4594bf7056aa8e6c/element/f.CBC60766CDC2EFD503EA998F31B181AA.d.D48EF46B33CD1F3B3B4EF4A70DC6040F.e.7764/click - {}
RESULT: {}
COMMAND: POST /session/d7e4ce2bf424277d4594bf7056aa8e6c/element - {"using":"xpath","value":"//input[contains(@id ,\"application-managepartners-display-component---NewPartner--assignmentYard-application-managepartners-display-component---NewPartner\")]"}
COMMAND: GET /session/d7e4ce2bf424277d4594bf7056aa8e6c/screenshot - {}
RESULT: {"using":"xpath","value":"//input[contains(@id ,\"application-managepartners-display-component---NewPartner--assignmentYard-application-managepartners-display-component---NewPartner\")]"}
COMMAND: POST /session/d7e4ce2bf424277d4594bf7056aa8e6c/element/f.CBC60766CDC2EFD503EA998F31B181AA.d.D48EF46B33CD1F3B3B4EF4A70DC6040F.e.7767/clear - {}
RESULT: {}
RESULT: {}
COMMAND: POST /session/d7e4ce2bf424277d4594bf7056aa8e6c/element/f.CBC60766CDC2EFD503EA998F31B181AA.d.D48EF46B33CD1F3B3B4EF4A70DC6040F.e.7767/value - {"text":"WebdriverYardu3g67"}
COMMAND: GET /session/d7e4ce2bf424277d4594bf7056aa8e6c/screenshot - {}
RESULT: {"text":"WebdriverYardu3g67"}
COMMAND: GET /session/d7e4ce2bf424277d4594bf7056aa8e6c/screenshot - {}
RESULT: {}
RESULT: {}
COMMAND: POST /session/d7e4ce2bf424277d4594bf7056aa8e6c/execute/async - {"script":"<script> [1562 bytes]","args":[{"selector":{"controlType":"sap.m.Button","viewName":"etm.portal.ui.managepartners.view.NewPartner","viewId":"application-managepartners-display-component---NewPartner","i18NText":{"propertyName":"text","key":"save"},"interaction":{"idSuffix":"BDI-content"}},"wdio_ui5_key":"etmportal.ui.managepartners.view.NewPartnersap.m.Button{\"propertyName\":\"text\",\"key\":\"save\"}"}]}
RESULT: {"script":"<script> [1562 bytes]","args":[{"selector":{"controlType":"sap.m.Button","viewName":"etm.portal.ui.managepartners.view.NewPartner","viewId":"application-managepartners-display-component---NewPartner","i18NText":{"propertyName":"text","key":"save"},"interaction":{"idSuffix":"BDI-content"}},"wdio_ui5_key":"etmportal.ui.managepartners.view.NewPartnersap.m.Button{\"propertyName\":\"text\",\"key\":\"save\"}"}]}
RESULT: undefined
COMMAND: POST /session/d7e4ce2bf424277d4594bf7056aa8e6c/element - {"using":"xpath","value":"//*[@id=\"__button12\"]"}
RESULT: {"using":"xpath","value":"//*[@id=\"__button12\"]"}
COMMAND: POST /session/d7e4ce2bf424277d4594bf7056aa8e6c/element/f.CBC60766CDC2EFD503EA998F31B181AA.d.D48EF46B33CD1F3B3B4EF4A70DC6040F.e.7697/click - {}
RESULT: {}
COMMAND: GET /session/d7e4ce2bf424277d4594bf7056aa8e6c/screenshot - {}
RESULT: {}
COMMAND: POST /session/d7e4ce2bf424277d4594bf7056aa8e6c/element - {"using":"xpath","value":"//header/div/div[2]/div[2]/span"}
RESULT: {"using":"xpath","value":"//header/div/div[2]/div[2]/span"}
COMMAND: GET /session/d7e4ce2bf424277d4594bf7056aa8e6c/element/f.CBC60766CDC2EFD503EA998F31B181AA.d.D48EF46B33CD1F3B3B4EF4A70DC6040F.e.7937/text - {}
RESULT: {}
COMMAND: POST /session/d7e4ce2bf424277d4594bf7056aa8e6c/element - {"using":"xpath","value":"//header/div/div/div/div/div/div[2]/div/span"}
RESULT: {"using":"xpath","value":"//header/div/div/div/div/div/div[2]/div/span"}
COMMAND: GET /session/d7e4ce2bf424277d4594bf7056aa8e6c/element/f.CBC60766CDC2EFD503EA998F31B181AA.d.D48EF46B33CD1F3B3B4EF4A70DC6040F.e.7938/text - {}
RESULT: {}
COMMAND: POST /session/d7e4ce2bf424277d4594bf7056aa8e6c/execute/async - {"script":"<script> [1562 bytes]","args":[{"selector":{"id":"application-managepartners-display-component---detailPtm--partnerType"},"wdio_ui5_key":"applicationmanagepartners-display-component---detailPtm--partnerType"}]}
RESULT: {"script":"<script> [1562 bytes]","args":[{"selector":{"id":"application-managepartners-display-component---detailPtm--partnerType"},"wdio_ui5_key":"applicationmanagepartners-display-component---detailPtm--partnerType"}]}
RESULT: undefined
COMMAND: POST /session/d7e4ce2bf424277d4594bf7056aa8e6c/execute/async - {"script":"<script> [6424 bytes]","args":[{"element-6066-11e4-a52e-4f735466cecf":"f.CBC60766CDC2EFD503EA998F31B181AA.d.D48EF46B33CD1F3B3B4EF4A70DC6040F.e.7939"},"getText",[]]}
RESULT: {"script":"<script> [6424 bytes]","args":[{"element-6066-11e4-a52e-4f735466cecf":"f.CBC60766CDC2EFD503EA998F31B181AA.d.D48EF46B33CD1F3B3B4EF4A70DC6040F.e.7939"},"getText",[]]}
COMMAND: POST /session/d7e4ce2bf424277d4594bf7056aa8e6c/element - {"using":"css selector","value":"#shell-header-logo"}
RESULT: {"using":"css selector","value":"#shell-header-logo"}
COMMAND: POST /session/d7e4ce2bf424277d4594bf7056aa8e6c/element/f.CBC60766CDC2EFD503EA998F31B181AA.d.D48EF46B33CD1F3B3B4EF4A70DC6040F.e.7279/click - {}
RESULT: {}
COMMAND: GET /session/d7e4ce2bf424277d4594bf7056aa8e6c/screenshot - {}
RESULT: {}
COMMAND: POST /session/d7e4ce2bf424277d4594bf7056aa8e6c/execute/async - {"script":"<script> [1562 bytes]","args":[{"selector":{"controlType":"sap.m.GenericTile","properties":{"header":"Manage Sites"}},"wdio_ui5_key":"sapm.GenericTile{\"header\":\"Manage Sites\"}"}]}
RESULT: {"script":"<script> [1562 bytes]","args":[{"selector":{"controlType":"sap.m.GenericTile","properties":{"header":"Manage Sites"}},"wdio_ui5_key":"sapm.GenericTile{\"header\":\"Manage Sites\"}"}]}
RESULT: undefined
COMMAND: POST /session/d7e4ce2bf424277d4594bf7056aa8e6c/element - {"using":"xpath","value":"//*[@id=\"__tile40\"]"}
RESULT: {"using":"xpath","value":"//*[@id=\"__tile40\"]"}
COMMAND: POST /session/d7e4ce2bf424277d4594bf7056aa8e6c/element/f.CBC60766CDC2EFD503EA998F31B181AA.d.D48EF46B33CD1F3B3B4EF4A70DC6040F.e.7941/click - {}
RESULT: {}
COMMAND: GET /session/d7e4ce2bf424277d4594bf7056aa8e6c/screenshot - {}
RESULT: {}
COMMAND: POST /session/d7e4ce2bf424277d4594bf7056aa8e6c/elements - {"using":"xpath","value":"//span[text()='Error']"}
RESULT: {"using":"xpath","value":"//span[text()='Error']"}
COMMAND: POST /session/d7e4ce2bf424277d4594bf7056aa8e6c/execute/async - {"script":"<script> [1562 bytes]","args":[{"selector":{"controlType":"sap.ui.core.Icon","viewName":"etm.portal.ui.managesites.view.Master","viewId":"application-managesites-display-component---masterSite","properties":{"src":{"regex":{"source":"add"}}}},"wdio_ui5_key":"etmportal.ui.managesites.view.Mastersap.ui.core.Icon{\"src\":{\"regex\":{\"source\":\"add\"}}}"}]}
RESULT: {"script":"<script> [1562 bytes]","args":[{"selector":{"controlType":"sap.ui.core.Icon","viewName":"etm.portal.ui.managesites.view.Master","viewId":"application-managesites-display-component---masterSite","properties":{"src":{"regex":{"source":"add"}}}},"wdio_ui5_key":"etmportal.ui.managesites.view.Mastersap.ui.core.Icon{\"src\":{\"regex\":{\"source\":\"add\"}}}"}]}
RESULT: undefined
COMMAND: POST /session/d7e4ce2bf424277d4594bf7056aa8e6c/element - {"using":"xpath","value":"//*[@id=\"__button52-img\"]"}
RESULT: {"using":"xpath","value":"//*[@id=\"__button52-img\"]"}
COMMAND: POST /session/d7e4ce2bf424277d4594bf7056aa8e6c/element/f.CBC60766CDC2EFD503EA998F31B181AA.d.D48EF46B33CD1F3B3B4EF4A70DC6040F.e.8091/click - {}
RESULT: {}
COMMAND: POST /session/d7e4ce2bf424277d4594bf7056aa8e6c/execute/async - {"script":"<script> [1562 bytes]","args":[{"selector":{"id":"application-managesites-display-component---NewSite--siteId","interaction":{"idSuffix":"inner"}},"wdio_ui5_key":"applicationmanagesites-display-component---NewSite--siteId"}]}
COMMAND: GET /session/d7e4ce2bf424277d4594bf7056aa8e6c/screenshot - {}
RESULT: {"script":"<script> [1562 bytes]","args":[{"selector":{"id":"application-managesites-display-component---NewSite--siteId","interaction":{"idSuffix":"inner"}},"wdio_ui5_key":"applicationmanagesites-display-component---NewSite--siteId"}]}
RESULT: undefined
COMMAND: POST /session/d7e4ce2bf424277d4594bf7056aa8e6c/execute/async - {"script":"<script> [1562 bytes]","args":[{"selector":{"id":"application-managesites-display-component---NewSite--addressDetailDetailsName1","interaction":{"idSuffix":"inner"}},"wdio_ui5_key":"applicationmanagesites-display-component---NewSite--addressDetailDetailsName1"}]}
RESULT: {}
RESULT: {"script":"<script> [1562 bytes]","args":[{"selector":{"id":"application-managesites-display-component---NewSite--addressDetailDetailsName1","interaction":{"idSuffix":"inner"}},"wdio_ui5_key":"applicationmanagesites-display-component---NewSite--addressDetailDetailsName1"}]}
RESULT: undefined
COMMAND: POST /session/d7e4ce2bf424277d4594bf7056aa8e6c/execute/async - {"script":"<script> [776 bytes]","args":[{"enterText":"WebdriverSitenkupu","selector":{"id":"application-managesites-display-component---NewSite--addressDetailDetailsName1","interaction":{"idSuffix":"inner"}},"clearTextFirst":true,"interactionType":"ENTER_TEXT"}]}
RESULT: {"script":"<script> [776 bytes]","args":[{"enterText":"WebdriverSitenkupu","selector":{"id":"application-managesites-display-component---NewSite--addressDetailDetailsName1","interaction":{"idSuffix":"inner"}},"clearTextFirst":true,"interactionType":"ENTER_TEXT"}]}
COMMAND: POST /session/d7e4ce2bf424277d4594bf7056aa8e6c/execute/async - {"script":"<script> [1562 bytes]","args":[{"selector":{"id":"application-managesites-display-component---NewSite--addressDetailDetailsLanguage","interaction":{"idSuffix":"inner"}},"wdio_ui5_key":"applicationmanagesites-display-component---NewSite--addressDetailDetailsLanguage"}]}
RESULT: {"script":"<script> [1562 bytes]","args":[{"selector":{"id":"application-managesites-display-component---NewSite--addressDetailDetailsLanguage","interaction":{"idSuffix":"inner"}},"wdio_ui5_key":"applicationmanagesites-display-component---NewSite--addressDetailDetailsLanguage"}]}
RESULT: undefined
COMMAND: POST /session/d7e4ce2bf424277d4594bf7056aa8e6c/execute/async - {"script":"<script> [776 bytes]","args":[{"enterText":"Romanian","selector":{"id":"application-managesites-display-component---NewSite--addressDetailDetailsLanguage","interaction":{"idSuffix":"inner"}},"clearTextFirst":true,"interactionType":"ENTER_TEXT"}]}
RESULT: {"script":"<script> [776 bytes]","args":[{"enterText":"Romanian","selector":{"id":"application-managesites-display-component---NewSite--addressDetailDetailsLanguage","interaction":{"idSuffix":"inner"}},"clearTextFirst":true,"interactionType":"ENTER_TEXT"}]}
COMMAND: POST /session/d7e4ce2bf424277d4594bf7056aa8e6c/execute/async - {"script":"<script> [1562 bytes]","args":[{"selector":{"id":"application-managesites-display-component---NewSite--addressDetailDetailsCity1","interaction":{"idSuffix":"inner"}},"wdio_ui5_key":"applicationmanagesites-display-component---NewSite--addressDetailDetailsCity1"}]}
RESULT: {"script":"<script> [1562 bytes]","args":[{"selector":{"id":"application-managesites-display-component---NewSite--addressDetailDetailsCity1","interaction":{"idSuffix":"inner"}},"wdio_ui5_key":"applicationmanagesites-display-component---NewSite--addressDetailDetailsCity1"}]}
RESULT: undefined
COMMAND: POST /session/d7e4ce2bf424277d4594bf7056aa8e6c/execute/async - {"script":"<script> [776 bytes]","args":[{"enterText":"Bucharest","selector":{"id":"application-managesites-display-component---NewSite--addressDetailDetailsCity1","interaction":{"idSuffix":"inner"}},"clearTextFirst":true,"interactionType":"ENTER_TEXT"}]}
RESULT: {"script":"<script> [776 bytes]","args":[{"enterText":"Bucharest","selector":{"id":"application-managesites-display-component---NewSite--addressDetailDetailsCity1","interaction":{"idSuffix":"inner"}},"clearTextFirst":true,"interactionType":"ENTER_TEXT"}]}
COMMAND: POST /session/d7e4ce2bf424277d4594bf7056aa8e6c/execute/async - {"script":"<script> [1562 bytes]","args":[{"selector":{"id":"application-managesites-display-component---NewSite--addressDetailDetailsCountry","interaction":{"idSuffix":"inner"}},"wdio_ui5_key":"applicationmanagesites-display-component---NewSite--addressDetailDetailsCountry"}]}
RESULT: {"script":"<script> [1562 bytes]","args":[{"selector":{"id":"application-managesites-display-component---NewSite--addressDetailDetailsCountry","interaction":{"idSuffix":"inner"}},"wdio_ui5_key":"applicationmanagesites-display-component---NewSite--addressDetailDetailsCountry"}]}
RESULT: undefined
COMMAND: POST /session/d7e4ce2bf424277d4594bf7056aa8e6c/execute/async - {"script":"<script> [776 bytes]","args":[{"enterText":"Romania","selector":{"id":"application-managesites-display-component---NewSite--addressDetailDetailsCountry","interaction":{"idSuffix":"inner"}},"clearTextFirst":true,"interactionType":"ENTER_TEXT"}]}
RESULT: {"script":"<script> [776 bytes]","args":[{"enterText":"Romania","selector":{"id":"application-managesites-display-component---NewSite--addressDetailDetailsCountry","interaction":{"idSuffix":"inner"}},"clearTextFirst":true,"interactionType":"ENTER_TEXT"}]}
COMMAND: POST /session/d7e4ce2bf424277d4594bf7056aa8e6c/element - {"using":"css selector","value":"#application-managesites-display-component---NewSite--addressDetailDetailsCalendar-inner"}
RESULT: {"using":"css selector","value":"#application-managesites-display-component---NewSite--addressDetailDetailsCalendar-inner"}
COMMAND: POST /session/d7e4ce2bf424277d4594bf7056aa8e6c/element/f.CBC60766CDC2EFD503EA998F31B181AA.d.D48EF46B33CD1F3B3B4EF4A70DC6040F.e.8332/clear - {}
RESULT: {}
COMMAND: POST /session/d7e4ce2bf424277d4594bf7056aa8e6c/element/f.CBC60766CDC2EFD503EA998F31B181AA.d.D48EF46B33CD1F3B3B4EF4A70DC6040F.e.8332/value - {"text":"Germany"}
COMMAND: GET /session/d7e4ce2bf424277d4594bf7056aa8e6c/screenshot - {}
RESULT: {"text":"Germany"}
COMMAND: POST /session/d7e4ce2bf424277d4594bf7056aa8e6c/execute/async - {"script":"<script> [1562 bytes]","args":[{"selector":{"id":"application-managesites-display-component---NewSite--addressEditDetailsCostObjectCstType-arrow"},"wdio_ui5_key":"applicationmanagesites-display-component---NewSite--addressEditDetailsCostObjectCstType-arrow"}]}
COMMAND: GET /session/d7e4ce2bf424277d4594bf7056aa8e6c/screenshot - {}
RESULT: {}
RESULT: {"script":"<script> [1562 bytes]","args":[{"selector":{"id":"application-managesites-display-component---NewSite--addressEditDetailsCostObjectCstType-arrow"},"wdio_ui5_key":"applicationmanagesites-display-component---NewSite--addressEditDetailsCostObjectCstType-arrow"}]}
RESULT: undefined
COMMAND: POST /session/d7e4ce2bf424277d4594bf7056aa8e6c/element - {"using":"xpath","value":"//*[@id=\"application-managesites-display-component---NewSite--addressEditDetailsCostObjectCstType-arrow\"]"}
RESULT: {}
RESULT: {"using":"xpath","value":"//*[@id=\"application-managesites-display-component---NewSite--addressEditDetailsCostObjectCstType-arrow\"]"}
COMMAND: POST /session/d7e4ce2bf424277d4594bf7056aa8e6c/element/f.CBC60766CDC2EFD503EA998F31B181AA.d.D48EF46B33CD1F3B3B4EF4A70DC6040F.e.8534/click - {}
RESULT: {}
COMMAND: POST /session/d7e4ce2bf424277d4594bf7056aa8e6c/element - {"using":"xpath","value":"//span[contains(text(), \"Work Breakdown Structure\")]"}
COMMAND: GET /session/d7e4ce2bf424277d4594bf7056aa8e6c/screenshot - {}
RESULT: {"using":"xpath","value":"//span[contains(text(), \"Work Breakdown Structure\")]"}
COMMAND: POST /session/d7e4ce2bf424277d4594bf7056aa8e6c/element/f.CBC60766CDC2EFD503EA998F31B181AA.d.D48EF46B33CD1F3B3B4EF4A70DC6040F.e.8535/click - {}
RESULT: {}
RESULT: {}
COMMAND: GET /session/d7e4ce2bf424277d4594bf7056aa8e6c/screenshot - {}
RESULT: {}
COMMAND: POST /session/d7e4ce2bf424277d4594bf7056aa8e6c/execute/async - {"script":"<script> [1562 bytes]","args":[{"selector":{"id":"application-managesites-display-component---NewSite--addressNewCostObjectCstID-vhi"},"wdio_ui5_key":"applicationmanagesites-display-component---NewSite--addressNewCostObjectCstID-vhi"}]}
RESULT: {"script":"<script> [1562 bytes]","args":[{"selector":{"id":"application-managesites-display-component---NewSite--addressNewCostObjectCstID-vhi"},"wdio_ui5_key":"applicationmanagesites-display-component---NewSite--addressNewCostObjectCstID-vhi"}]}
RESULT: undefined
COMMAND: POST /session/d7e4ce2bf424277d4594bf7056aa8e6c/element - {"using":"xpath","value":"//*[@id=\"application-managesites-display-component---NewSite--addressNewCostObjectCstID-vhi\"]"}
RESULT: {"using":"xpath","value":"//*[@id=\"application-managesites-display-component---NewSite--addressNewCostObjectCstID-vhi\"]"}
COMMAND: POST /session/d7e4ce2bf424277d4594bf7056aa8e6c/element/f.CBC60766CDC2EFD503EA998F31B181AA.d.D48EF46B33CD1F3B3B4EF4A70DC6040F.e.8539/click - {}
RESULT: {}
COMMAND: GET /session/d7e4ce2bf424277d4594bf7056aa8e6c/screenshot - {}
RESULT: {}
COMMAND: POST /session/d7e4ce2bf424277d4594bf7056aa8e6c/execute/async - {"script":"<script> [1562 bytes]","args":[{"selector":{"controlType":"sap.m.SearchField","properties":{"placeholder":"Search"},"searchOpenDialogs":true,"interaction":{"idSuffix":"I"}},"wdio_ui5_key":"sapm.SearchField{\"placeholder\":\"Search\"}"}]}
RESULT: {"script":"<script> [1562 bytes]","args":[{"selector":{"controlType":"sap.m.SearchField","properties":{"placeholder":"Search"},"searchOpenDialogs":true,"interaction":{"idSuffix":"I"}},"wdio_ui5_key":"sapm.SearchField{\"placeholder\":\"Search\"}"}]}
RESULT: undefined
COMMAND: POST /session/d7e4ce2bf424277d4594bf7056aa8e6c/execute/async - {"script":"<script> [776 bytes]","args":[{"enterText":"A1-000100-01","selector":{"controlType":"sap.m.SearchField","properties":{"placeholder":"Search"},"searchOpenDialogs":true,"interaction":{"idSuffix":"I"}},"clearTextFirst":true,"interactionType":"ENTER_TEXT"}]}
RESULT: {"script":"<script> [776 bytes]","args":[{"enterText":"A1-000100-01","selector":{"controlType":"sap.m.SearchField","properties":{"placeholder":"Search"},"searchOpenDialogs":true,"interaction":{"idSuffix":"I"}},"clearTextFirst":true,"interactionType":"ENTER_TEXT"}]}
COMMAND: POST /session/d7e4ce2bf424277d4594bf7056aa8e6c/actions - {"actions":[{"id":"action34","type":"key","parameters":{},"actions":[{"type":"keyDown","value":""},{"type":"pause","duration":10},{"type":"keyUp","value":""}]}]}
RESULT: {"actions":[{"id":"action34","type":"key","parameters":{},"actions":[{"type":"keyDown","value":""},{"type":"pause","duration":10},{"type":"keyUp","value":""}]}]}
COMMAND: GET /session/d7e4ce2bf424277d4594bf7056aa8e6c/screenshot - {}
RESULT: {}
COMMAND: POST /session/d7e4ce2bf424277d4594bf7056aa8e6c/element - {"using":"xpath","value":"//span[contains(text(), \"Template for ETO-Process\")]"}
RESULT: {"using":"xpath","value":"//span[contains(text(), \"Template for ETO-Process\")]"}
COMMAND: POST /session/d7e4ce2bf424277d4594bf7056aa8e6c/element/f.CBC60766CDC2EFD503EA998F31B181AA.d.D48EF46B33CD1F3B3B4EF4A70DC6040F.e.8559/click - {}
RESULT: {}
COMMAND: GET /session/d7e4ce2bf424277d4594bf7056aa8e6c/screenshot - {}
RESULT: {}
COMMAND: POST /session/d7e4ce2bf424277d4594bf7056aa8e6c/element - {"using":"xpath","value":"//bdi[contains(text(), \"OK\")]"}
RESULT: {"using":"xpath","value":"//bdi[contains(text(), \"OK\")]"}
COMMAND: POST /session/d7e4ce2bf424277d4594bf7056aa8e6c/element/f.CBC60766CDC2EFD503EA998F31B181AA.d.D48EF46B33CD1F3B3B4EF4A70DC6040F.e.8560/click - {}
RESULT: {}
COMMAND: GET /session/d7e4ce2bf424277d4594bf7056aa8e6c/screenshot - {}
RESULT: {}
COMMAND: POST /session/d7e4ce2bf424277d4594bf7056aa8e6c/element - {"using":"xpath","value":"//input[@id=\"application-managesites-display-component---NewSite--addressDetailDetailsYard-inner\"]"}
RESULT: {"using":"xpath","value":"//input[@id=\"application-managesites-display-component---NewSite--addressDetailDetailsYard-inner\"]"}
COMMAND: POST /session/d7e4ce2bf424277d4594bf7056aa8e6c/element/f.CBC60766CDC2EFD503EA998F31B181AA.d.D48EF46B33CD1F3B3B4EF4A70DC6040F.e.8333/value - {"text":"WebdriverYardu3g67"}
RESULT: {"text":"WebdriverYardu3g67"}
COMMAND: GET /session/d7e4ce2bf424277d4594bf7056aa8e6c/screenshot - {}
RESULT: {}
COMMAND: POST /session/d7e4ce2bf424277d4594bf7056aa8e6c/actions - {"actions":[{"id":"action35","type":"key","parameters":{},"actions":[{"type":"keyDown","value":""},{"type":"pause","duration":10},{"type":"keyUp","value":""}]}]}
RESULT: {"actions":[{"id":"action35","type":"key","parameters":{},"actions":[{"type":"keyDown","value":""},{"type":"pause","duration":10},{"type":"keyUp","value":""}]}]}
COMMAND: GET /session/d7e4ce2bf424277d4594bf7056aa8e6c/screenshot - {}
RESULT: {}
COMMAND: POST /session/d7e4ce2bf424277d4594bf7056aa8e6c/element - {"using":"xpath","value":"//input[@id=\"application-managesites-display-component---NewSite--addressDetailDetailsPartner-inner\"]"}
RESULT: {"using":"xpath","value":"//input[@id=\"application-managesites-display-component---NewSite--addressDetailDetailsPartner-inner\"]"}
COMMAND: POST /session/d7e4ce2bf424277d4594bf7056aa8e6c/elements - {"using":"xpath","value":"//input[@id=\"application-managesites-display-component---NewSite--addressDetailDetailsPartner-inner\"]"}
RESULT: {"using":"xpath","value":"//input[@id=\"application-managesites-display-component---NewSite--addressDetailDetailsPartner-inner\"]"}
COMMAND: POST /session/d7e4ce2bf424277d4594bf7056aa8e6c/execute/async - {"script":"<script> [1562 bytes]","args":[{"selector":{"controlType":"sap.m.Button","viewName":"etm.portal.ui.managesites.view.NewSmartSite","viewId":"application-managesites-display-component---NewSite","properties":{"text":"Commercial"},"interaction":{"idSuffix":"BDI-content"}},"wdio_ui5_key":"etmportal.ui.managesites.view.NewSmartSitesap.m.Button{\"text\":\"Commercial\"}"}]}
RESULT: {"script":"<script> [1562 bytes]","args":[{"selector":{"controlType":"sap.m.Button","viewName":"etm.portal.ui.managesites.view.NewSmartSite","viewId":"application-managesites-display-component---NewSite","properties":{"text":"Commercial"},"interaction":{"idSuffix":"BDI-content"}},"wdio_ui5_key":"etmportal.ui.managesites.view.NewSmartSitesap.m.Button{\"text\":\"Commercial\"}"}]}
RESULT: undefined
COMMAND: POST /session/d7e4ce2bf424277d4594bf7056aa8e6c/element - {"using":"xpath","value":"//*[@id=\"application-managesites-display-component---NewSite--ObjectPageLayout-anchBar-__section31-anchor\"]"}
RESULT: {"using":"xpath","value":"//*[@id=\"application-managesites-display-component---NewSite--ObjectPageLayout-anchBar-__section31-anchor\"]"}
COMMAND: POST /session/d7e4ce2bf424277d4594bf7056aa8e6c/element/f.CBC60766CDC2EFD503EA998F31B181AA.d.D48EF46B33CD1F3B3B4EF4A70DC6040F.e.8567/click - {}
RESULT: {}
COMMAND: POST /session/d7e4ce2bf424277d4594bf7056aa8e6c/execute/async - {"script":"<script> [1562 bytes]","args":[{"selector":{"controlType":"sap.m.Button","viewName":"etm.portal.ui.managesites.view.NewSmartSite","viewId":"application-managesites-display-component---NewSite","i18NText":{"propertyName":"text","key":"save"},"interaction":{"idSuffix":"BDI-content"}},"wdio_ui5_key":"etmportal.ui.managesites.view.NewSmartSitesap.m.Button{\"propertyName\":\"text\",\"key\":\"save\"}"}]}
COMMAND: GET /session/d7e4ce2bf424277d4594bf7056aa8e6c/screenshot - {}
RESULT: {"script":"<script> [1562 bytes]","args":[{"selector":{"controlType":"sap.m.Button","viewName":"etm.portal.ui.managesites.view.NewSmartSite","viewId":"application-managesites-display-component---NewSite","i18NText":{"propertyName":"text","key":"save"},"interaction":{"idSuffix":"BDI-content"}},"wdio_ui5_key":"etmportal.ui.managesites.view.NewSmartSitesap.m.Button{\"propertyName\":\"text\",\"key\":\"save\"}"}]}
RESULT: undefined
COMMAND: POST /session/d7e4ce2bf424277d4594bf7056aa8e6c/element - {"using":"xpath","value":"//*[@id=\"__button64\"]"}
RESULT: {}
RESULT: {"using":"xpath","value":"//*[@id=\"__button64\"]"}
COMMAND: POST /session/d7e4ce2bf424277d4594bf7056aa8e6c/element/f.CBC60766CDC2EFD503EA998F31B181AA.d.D48EF46B33CD1F3B3B4EF4A70DC6040F.e.8510/click - {}
RESULT: {}
COMMAND: GET /session/d7e4ce2bf424277d4594bf7056aa8e6c/screenshot - {}
RESULT: {}
COMMAND: POST /session/d7e4ce2bf424277d4594bf7056aa8e6c/execute/async - {"script":"<script> [1562 bytes]","args":[{"selector":{"id":"application-managesites-display-component---detailSite--addressDetailDetailsYardText"},"wdio_ui5_key":"applicationmanagesites-display-component---detailSite--addressDetailDetailsYardText"}]}
RESULT: {"script":"<script> [1562 bytes]","args":[{"selector":{"id":"application-managesites-display-component---detailSite--addressDetailDetailsYardText"},"wdio_ui5_key":"applicationmanagesites-display-component---detailSite--addressDetailDetailsYardText"}]}
RESULT: undefined
COMMAND: POST /session/d7e4ce2bf424277d4594bf7056aa8e6c/element - {"using":"xpath","value":"//header/div/div[2]/div[2]/span"}
RESULT: {"using":"xpath","value":"//header/div/div[2]/div[2]/span"}
COMMAND: GET /session/d7e4ce2bf424277d4594bf7056aa8e6c/element/f.CBC60766CDC2EFD503EA998F31B181AA.d.D48EF46B33CD1F3B3B4EF4A70DC6040F.e.8770/text - {}
RESULT: {}
COMMAND: POST /session/d7e4ce2bf424277d4594bf7056aa8e6c/element - {"using":"xpath","value":"//header/div/div/div/div/div/div[2]/div/span"}
RESULT: {"using":"xpath","value":"//header/div/div/div/div/div/div[2]/div/span"}
COMMAND: GET /session/d7e4ce2bf424277d4594bf7056aa8e6c/element/f.CBC60766CDC2EFD503EA998F31B181AA.d.D48EF46B33CD1F3B3B4EF4A70DC6040F.e.8771/text - {}
RESULT: {}
COMMAND: POST /session/d7e4ce2bf424277d4594bf7056aa8e6c/element - {"using":"css selector","value":"#shell-header-logo"}
RESULT: {"using":"css selector","value":"#shell-header-logo"}
COMMAND: POST /session/d7e4ce2bf424277d4594bf7056aa8e6c/element/f.CBC60766CDC2EFD503EA998F31B181AA.d.D48EF46B33CD1F3B3B4EF4A70DC6040F.e.7946/click - {}
RESULT: {}
COMMAND: GET /session/d7e4ce2bf424277d4594bf7056aa8e6c/screenshot - {}
RESULT: {}
]]></system-out>
    </testcase>
    <testcase classname="chrome.136_0_7103_93.windows.E2E_-_Logistical_and_commercial_statuses" name="It should stock increase the resource" time="220.432">
      <system-out><![CDATA[
COMMAND: POST /session/d7e4ce2bf424277d4594bf7056aa8e6c/execute/async - {"script":"<script> [1562 bytes]","args":[{"selector":{"controlType":"sap.m.GenericTile","properties":{"header":"Manage Resources"}},"wdio_ui5_key":"sapm.GenericTile{\"header\":\"Manage Resources\"}"}]}
RESULT: {"script":"<script> [1562 bytes]","args":[{"selector":{"controlType":"sap.m.GenericTile","properties":{"header":"Manage Resources"}},"wdio_ui5_key":"sapm.GenericTile{\"header\":\"Manage Resources\"}"}]}
RESULT: undefined
COMMAND: POST /session/d7e4ce2bf424277d4594bf7056aa8e6c/element - {"using":"xpath","value":"//*[@id=\"__tile39\"]"}
RESULT: {"using":"xpath","value":"//*[@id=\"__tile39\"]"}
COMMAND: POST /session/d7e4ce2bf424277d4594bf7056aa8e6c/element/f.CBC60766CDC2EFD503EA998F31B181AA.d.D48EF46B33CD1F3B3B4EF4A70DC6040F.e.8773/click - {}
RESULT: {}
COMMAND: GET /session/d7e4ce2bf424277d4594bf7056aa8e6c/screenshot - {}
RESULT: {}
COMMAND: POST /session/d7e4ce2bf424277d4594bf7056aa8e6c/elements - {"using":"xpath","value":"//span[text()='Error']"}
RESULT: {"using":"xpath","value":"//span[text()='Error']"}
COMMAND: POST /session/d7e4ce2bf424277d4594bf7056aa8e6c/element - {"using":"xpath","value":"//button[@data-kt=\"addNewRUOverflowToolbarButton\"]"}
RESULT: {"using":"xpath","value":"//button[@data-kt=\"addNewRUOverflowToolbarButton\"]"}
COMMAND: POST /session/d7e4ce2bf424277d4594bf7056aa8e6c/execute/sync - {"script":"<script> [8489 bytes]","args":[{"element-6066-11e4-a52e-4f735466cecf":"f.CBC60766CDC2EFD503EA998F31B181AA.d.D48EF46B33CD1F3B3B4EF4A70DC6040F.e.8815","ELEMENT":"f.CBC60766CDC2EFD503EA998F31B181AA.d.D48EF46B33CD1F3B3B4EF4A70DC6040F.e.8815"}]}
RESULT: {"script":"<script> [8489 bytes]","args":[{"element-6066-11e4-a52e-4f735466cecf":"f.CBC60766CDC2EFD503EA998F31B181AA.d.D48EF46B33CD1F3B3B4EF4A70DC6040F.e.8815","ELEMENT":"f.CBC60766CDC2EFD503EA998F31B181AA.d.D48EF46B33CD1F3B3B4EF4A70DC6040F.e.8815"}]}
COMMAND: POST /session/d7e4ce2bf424277d4594bf7056aa8e6c/element/f.CBC60766CDC2EFD503EA998F31B181AA.d.D48EF46B33CD1F3B3B4EF4A70DC6040F.e.8815/click - {}
COMMAND: GET /session/d7e4ce2bf424277d4594bf7056aa8e6c/screenshot - {}
RESULT: {}
COMMAND: POST /session/d7e4ce2bf424277d4594bf7056aa8e6c/execute/async - {"script":"<script> [1562 bytes]","args":[{"selector":{"id":"application-manageresources-display-component---newResourceUnit--TYPE-arrow"},"wdio_ui5_key":"applicationmanageresources-display-component---newResourceUnit--TYPE-arrow"}]}
COMMAND: GET /session/d7e4ce2bf424277d4594bf7056aa8e6c/screenshot - {}
RESULT: {}
RESULT: {"script":"<script> [1562 bytes]","args":[{"selector":{"id":"application-manageresources-display-component---newResourceUnit--TYPE-arrow"},"wdio_ui5_key":"applicationmanageresources-display-component---newResourceUnit--TYPE-arrow"}]}
RESULT: undefined
COMMAND: POST /session/d7e4ce2bf424277d4594bf7056aa8e6c/element - {"using":"xpath","value":"//*[@id=\"application-manageresources-display-component---newResourceUnit--TYPE-arrow\"]"}
RESULT: {}
RESULT: {"using":"xpath","value":"//*[@id=\"application-manageresources-display-component---newResourceUnit--TYPE-arrow\"]"}
COMMAND: POST /session/d7e4ce2bf424277d4594bf7056aa8e6c/element/f.CBC60766CDC2EFD503EA998F31B181AA.d.D48EF46B33CD1F3B3B4EF4A70DC6040F.e.9134/click - {}
RESULT: {}
COMMAND: POST /session/d7e4ce2bf424277d4594bf7056aa8e6c/execute/async - {"script":"<script> [1562 bytes]","args":[{"selector":{"controlType":"sap.m.StandardListItem","viewName":"reusables.view.manageresources.NewResourceUnit","viewId":"application-manageresources-display-component---newResourceUnit","properties":{"title":"Material"},"searchOpenDialogs":true,"interaction":{"idSuffix":"titleText"}},"wdio_ui5_key":"reusablesview.manageresources.NewResourceUnitsap.m.StandardListItem{\"title\":\"Material\"}"}]}
COMMAND: GET /session/d7e4ce2bf424277d4594bf7056aa8e6c/screenshot - {}
RESULT: {"script":"<script> [1562 bytes]","args":[{"selector":{"controlType":"sap.m.StandardListItem","viewName":"reusables.view.manageresources.NewResourceUnit","viewId":"application-manageresources-display-component---newResourceUnit","properties":{"title":"Material"},"searchOpenDialogs":true,"interaction":{"idSuffix":"titleText"}},"wdio_ui5_key":"reusablesview.manageresources.NewResourceUnitsap.m.StandardListItem{\"title\":\"Material\"}"}]}
RESULT: undefined
COMMAND: POST /session/d7e4ce2bf424277d4594bf7056aa8e6c/element - {"using":"xpath","value":"//*[@id=\"__item958\"]"}
RESULT: {}
RESULT: {"using":"xpath","value":"//*[@id=\"__item958\"]"}
COMMAND: POST /session/d7e4ce2bf424277d4594bf7056aa8e6c/element/f.CBC60766CDC2EFD503EA998F31B181AA.d.D48EF46B33CD1F3B3B4EF4A70DC6040F.e.9137/click - {}
RESULT: {}
COMMAND: POST /session/d7e4ce2bf424277d4594bf7056aa8e6c/execute/async - {"script":"<script> [1562 bytes]","args":[{"selector":{"id":"application-manageresources-display-component---newResourceUnit--SHORT_TEXT","interaction":{"idSuffix":"inner"}},"wdio_ui5_key":"applicationmanageresources-display-component---newResourceUnit--SHORT_TEXT"}]}
COMMAND: GET /session/d7e4ce2bf424277d4594bf7056aa8e6c/screenshot - {}
RESULT: {"script":"<script> [1562 bytes]","args":[{"selector":{"id":"application-manageresources-display-component---newResourceUnit--SHORT_TEXT","interaction":{"idSuffix":"inner"}},"wdio_ui5_key":"applicationmanageresources-display-component---newResourceUnit--SHORT_TEXT"}]}
RESULT: undefined
COMMAND: POST /session/d7e4ce2bf424277d4594bf7056aa8e6c/execute/async - {"script":"<script> [776 bytes]","args":[{"enterText":"WebdriverRUR2Ccxey","selector":{"id":"application-manageresources-display-component---newResourceUnit--SHORT_TEXT","interaction":{"idSuffix":"inner"}},"clearTextFirst":true,"interactionType":"ENTER_TEXT"}]}
RESULT: {}
RESULT: {"script":"<script> [776 bytes]","args":[{"enterText":"WebdriverRUR2Ccxey","selector":{"id":"application-manageresources-display-component---newResourceUnit--SHORT_TEXT","interaction":{"idSuffix":"inner"}},"clearTextFirst":true,"interactionType":"ENTER_TEXT"}]}
COMMAND: POST /session/d7e4ce2bf424277d4594bf7056aa8e6c/execute/async - {"script":"<script> [1562 bytes]","args":[{"selector":{"id":"application-manageresources-display-component---newResourceUnit--BASE_UNIT_OF_MEASURE-arrow"},"wdio_ui5_key":"applicationmanageresources-display-component---newResourceUnit--BASE_UNIT_OF_MEASURE-arrow"}]}
RESULT: {"script":"<script> [1562 bytes]","args":[{"selector":{"id":"application-manageresources-display-component---newResourceUnit--BASE_UNIT_OF_MEASURE-arrow"},"wdio_ui5_key":"applicationmanageresources-display-component---newResourceUnit--BASE_UNIT_OF_MEASURE-arrow"}]}
RESULT: undefined
COMMAND: POST /session/d7e4ce2bf424277d4594bf7056aa8e6c/element - {"using":"xpath","value":"//*[@id=\"application-manageresources-display-component---newResourceUnit--BASE_UNIT_OF_MEASURE-arrow\"]"}
RESULT: {"using":"xpath","value":"//*[@id=\"application-manageresources-display-component---newResourceUnit--BASE_UNIT_OF_MEASURE-arrow\"]"}
COMMAND: POST /session/d7e4ce2bf424277d4594bf7056aa8e6c/element/f.CBC60766CDC2EFD503EA998F31B181AA.d.D48EF46B33CD1F3B3B4EF4A70DC6040F.e.9258/click - {}
RESULT: {}
COMMAND: POST /session/d7e4ce2bf424277d4594bf7056aa8e6c/execute/async - {"script":"<script> [1562 bytes]","args":[{"selector":{"controlType":"sap.m.StandardListItem","viewName":"reusables.view.manageresources.NewResourceUnit","viewId":"application-manageresources-display-component---newResourceUnit","properties":{"title":"Piece"},"searchOpenDialogs":true,"interaction":{"idSuffix":"titleText"}},"wdio_ui5_key":"reusablesview.manageresources.NewResourceUnitsap.m.StandardListItem{\"title\":\"Piece\"}"}]}
COMMAND: GET /session/d7e4ce2bf424277d4594bf7056aa8e6c/screenshot - {}
RESULT: {"script":"<script> [1562 bytes]","args":[{"selector":{"controlType":"sap.m.StandardListItem","viewName":"reusables.view.manageresources.NewResourceUnit","viewId":"application-manageresources-display-component---newResourceUnit","properties":{"title":"Piece"},"searchOpenDialogs":true,"interaction":{"idSuffix":"titleText"}},"wdio_ui5_key":"reusablesview.manageresources.NewResourceUnitsap.m.StandardListItem{\"title\":\"Piece\"}"}]}
RESULT: undefined
COMMAND: POST /session/d7e4ce2bf424277d4594bf7056aa8e6c/element - {"using":"xpath","value":"//*[@id=\"__item1011\"]"}
RESULT: {}
RESULT: {"using":"xpath","value":"//*[@id=\"__item1011\"]"}
COMMAND: POST /session/d7e4ce2bf424277d4594bf7056aa8e6c/element/f.CBC60766CDC2EFD503EA998F31B181AA.d.D48EF46B33CD1F3B3B4EF4A70DC6040F.e.9260/click - {}
RESULT: {}
COMMAND: POST /session/d7e4ce2bf424277d4594bf7056aa8e6c/element - {"using":"xpath","value":"//input[contains(@id ,\"application-manageresources-display-component---newResourceUnit--SHORT_TEXT-inner\")]"}
COMMAND: GET /session/d7e4ce2bf424277d4594bf7056aa8e6c/screenshot - {}
RESULT: {"using":"xpath","value":"//input[contains(@id ,\"application-manageresources-display-component---newResourceUnit--SHORT_TEXT-inner\")]"}
COMMAND: GET /session/d7e4ce2bf424277d4594bf7056aa8e6c/element/f.CBC60766CDC2EFD503EA998F31B181AA.d.D48EF46B33CD1F3B3B4EF4A70DC6040F.e.9154/property/value - {}
RESULT: {}
RESULT: {}
COMMAND: POST /session/d7e4ce2bf424277d4594bf7056aa8e6c/execute/async - {"script":"<script> [1562 bytes]","args":[{"selector":{"id":"application-manageresources-display-component---newResourceUnit--WEIGHT_UNIT-arrow"},"wdio_ui5_key":"applicationmanageresources-display-component---newResourceUnit--WEIGHT_UNIT-arrow"}]}
COMMAND: GET /session/d7e4ce2bf424277d4594bf7056aa8e6c/screenshot - {}
RESULT: {"script":"<script> [1562 bytes]","args":[{"selector":{"id":"application-manageresources-display-component---newResourceUnit--WEIGHT_UNIT-arrow"},"wdio_ui5_key":"applicationmanageresources-display-component---newResourceUnit--WEIGHT_UNIT-arrow"}]}
RESULT: undefined
COMMAND: POST /session/d7e4ce2bf424277d4594bf7056aa8e6c/element - {"using":"xpath","value":"//*[@id=\"application-manageresources-display-component---newResourceUnit--WEIGHT_UNIT-arrow\"]"}
RESULT: {}
RESULT: {"using":"xpath","value":"//*[@id=\"application-manageresources-display-component---newResourceUnit--WEIGHT_UNIT-arrow\"]"}
COMMAND: POST /session/d7e4ce2bf424277d4594bf7056aa8e6c/element/f.CBC60766CDC2EFD503EA998F31B181AA.d.D48EF46B33CD1F3B3B4EF4A70DC6040F.e.9261/click - {}
RESULT: {}
COMMAND: POST /session/d7e4ce2bf424277d4594bf7056aa8e6c/execute/async - {"script":"<script> [1562 bytes]","args":[{"selector":{"controlType":"sap.m.StandardListItem","viewName":"reusables.view.manageresources.NewResourceUnit","viewId":"application-manageresources-display-component---newResourceUnit","properties":{"title":"Gram"},"searchOpenDialogs":true,"interaction":{"idSuffix":"content"}},"wdio_ui5_key":"reusablesview.manageresources.NewResourceUnitsap.m.StandardListItem{\"title\":\"Gram\"}"}]}
COMMAND: GET /session/d7e4ce2bf424277d4594bf7056aa8e6c/screenshot - {}
RESULT: {"script":"<script> [1562 bytes]","args":[{"selector":{"controlType":"sap.m.StandardListItem","viewName":"reusables.view.manageresources.NewResourceUnit","viewId":"application-manageresources-display-component---newResourceUnit","properties":{"title":"Gram"},"searchOpenDialogs":true,"interaction":{"idSuffix":"content"}},"wdio_ui5_key":"reusablesview.manageresources.NewResourceUnitsap.m.StandardListItem{\"title\":\"Gram\"}"}]}
RESULT: undefined
COMMAND: POST /session/d7e4ce2bf424277d4594bf7056aa8e6c/element - {"using":"xpath","value":"//*[@id=\"__item1076\"]"}
RESULT: {}
RESULT: {"using":"xpath","value":"//*[@id=\"__item1076\"]"}
COMMAND: POST /session/d7e4ce2bf424277d4594bf7056aa8e6c/element/f.CBC60766CDC2EFD503EA998F31B181AA.d.D48EF46B33CD1F3B3B4EF4A70DC6040F.e.9263/click - {}
RESULT: {}
COMMAND: POST /session/d7e4ce2bf424277d4594bf7056aa8e6c/execute/async - {"script":"<script> [1562 bytes]","args":[{"selector":{"id":"application-manageresources-display-component---newResourceUnit--newRRUPage-OPHeaderContent-collapseBtn-img"},"wdio_ui5_key":"applicationmanageresources-display-component---newResourceUnit--newRRUPage-OPHeaderContent-collapseBtn-img"}]}
COMMAND: GET /session/d7e4ce2bf424277d4594bf7056aa8e6c/screenshot - {}
RESULT: {"script":"<script> [1562 bytes]","args":[{"selector":{"id":"application-manageresources-display-component---newResourceUnit--newRRUPage-OPHeaderContent-collapseBtn-img"},"wdio_ui5_key":"applicationmanageresources-display-component---newResourceUnit--newRRUPage-OPHeaderContent-collapseBtn-img"}]}
RESULT: undefined
COMMAND: POST /session/d7e4ce2bf424277d4594bf7056aa8e6c/element - {"using":"xpath","value":"//*[@id=\"application-manageresources-display-component---newResourceUnit--newRRUPage-OPHeaderContent-collapseBtn-img\"]"}
RESULT: {}
RESULT: {"using":"xpath","value":"//*[@id=\"application-manageresources-display-component---newResourceUnit--newRRUPage-OPHeaderContent-collapseBtn-img\"]"}
COMMAND: POST /session/d7e4ce2bf424277d4594bf7056aa8e6c/element/f.CBC60766CDC2EFD503EA998F31B181AA.d.D48EF46B33CD1F3B3B4EF4A70DC6040F.e.9144/click - {}
RESULT: {}
COMMAND: GET /session/d7e4ce2bf424277d4594bf7056aa8e6c/screenshot - {}
RESULT: {}
COMMAND: POST /session/d7e4ce2bf424277d4594bf7056aa8e6c/element - {"using":"xpath","value":"(//span[contains(@id ,\"application-manageresources-display-component---newResourceUnit--DIMENSION_UNIT-arrow\")])[1]"}
RESULT: {"using":"xpath","value":"(//span[contains(@id ,\"application-manageresources-display-component---newResourceUnit--DIMENSION_UNIT-arrow\")])[1]"}
COMMAND: POST /session/d7e4ce2bf424277d4594bf7056aa8e6c/element/f.CBC60766CDC2EFD503EA998F31B181AA.d.D48EF46B33CD1F3B3B4EF4A70DC6040F.e.9269/click - {}
RESULT: {}
COMMAND: GET /session/d7e4ce2bf424277d4594bf7056aa8e6c/screenshot - {}
RESULT: {}
COMMAND: POST /session/d7e4ce2bf424277d4594bf7056aa8e6c/execute/async - {"script":"<script> [1562 bytes]","args":[{"selector":{"controlType":"sap.m.StandardListItem","viewName":"reusables.view.manageresources.NewResourceUnit","viewId":"application-manageresources-display-component---newResourceUnit","properties":{"title":"Centimeter"},"searchOpenDialogs":true,"interaction":{"idSuffix":"titleText"}},"wdio_ui5_key":"reusablesview.manageresources.NewResourceUnitsap.m.StandardListItem{\"title\":\"Centimeter\"}"}]}
RESULT: {"script":"<script> [1562 bytes]","args":[{"selector":{"controlType":"sap.m.StandardListItem","viewName":"reusables.view.manageresources.NewResourceUnit","viewId":"application-manageresources-display-component---newResourceUnit","properties":{"title":"Centimeter"},"searchOpenDialogs":true,"interaction":{"idSuffix":"titleText"}},"wdio_ui5_key":"reusablesview.manageresources.NewResourceUnitsap.m.StandardListItem{\"title\":\"Centimeter\"}"}]}
RESULT: undefined
COMMAND: POST /session/d7e4ce2bf424277d4594bf7056aa8e6c/element - {"using":"xpath","value":"//*[@id=\"__item1079\"]"}
RESULT: {"using":"xpath","value":"//*[@id=\"__item1079\"]"}
COMMAND: POST /session/d7e4ce2bf424277d4594bf7056aa8e6c/element/f.CBC60766CDC2EFD503EA998F31B181AA.d.D48EF46B33CD1F3B3B4EF4A70DC6040F.e.9271/click - {}
RESULT: {}
COMMAND: POST /session/d7e4ce2bf424277d4594bf7056aa8e6c/execute/async - {"script":"<script> [1562 bytes]","args":[{"selector":{"id":"application-manageresources-display-component---newResourceUnit--newRRUPage-anchBar-application-manageresources-display-component---newResourceUnit--reference-anchor","interaction":{"idSuffix":"BDI-content"}},"wdio_ui5_key":"applicationmanageresources-display-component---newResourceUnit--newRRUPage-anchBar-application-manageresources-display-component---newResourceUnit--reference-anchor"}]}
COMMAND: GET /session/d7e4ce2bf424277d4594bf7056aa8e6c/screenshot - {}
RESULT: {"script":"<script> [1562 bytes]","args":[{"selector":{"id":"application-manageresources-display-component---newResourceUnit--newRRUPage-anchBar-application-manageresources-display-component---newResourceUnit--reference-anchor","interaction":{"idSuffix":"BDI-content"}},"wdio_ui5_key":"applicationmanageresources-display-component---newResourceUnit--newRRUPage-anchBar-application-manageresources-display-component---newResourceUnit--reference-anchor"}]}
RESULT: undefined
COMMAND: POST /session/d7e4ce2bf424277d4594bf7056aa8e6c/element - {"using":"xpath","value":"//*[@id=\"application-manageresources-display-component---newResourceUnit--newRRUPage-anchBar-application-manageresources-display-component---newResourceUnit--reference-anchor\"]"}
RESULT: {}
RESULT: {"using":"xpath","value":"//*[@id=\"application-manageresources-display-component---newResourceUnit--newRRUPage-anchBar-application-manageresources-display-component---newResourceUnit--reference-anchor\"]"}
COMMAND: POST /session/d7e4ce2bf424277d4594bf7056aa8e6c/element/f.CBC60766CDC2EFD503EA998F31B181AA.d.D48EF46B33CD1F3B3B4EF4A70DC6040F.e.9273/click - {}
RESULT: {}
COMMAND: POST /session/d7e4ce2bf424277d4594bf7056aa8e6c/execute/async - {"script":"<script> [1562 bytes]","args":[{"selector":{"id":"application-manageresources-display-component---newResourceUnit--PLANNING_GROUP-arrow"},"wdio_ui5_key":"applicationmanageresources-display-component---newResourceUnit--PLANNING_GROUP-arrow"}]}
COMMAND: GET /session/d7e4ce2bf424277d4594bf7056aa8e6c/screenshot - {}
RESULT: {"script":"<script> [1562 bytes]","args":[{"selector":{"id":"application-manageresources-display-component---newResourceUnit--PLANNING_GROUP-arrow"},"wdio_ui5_key":"applicationmanageresources-display-component---newResourceUnit--PLANNING_GROUP-arrow"}]}
RESULT: undefined
COMMAND: POST /session/d7e4ce2bf424277d4594bf7056aa8e6c/element - {"using":"xpath","value":"//*[@id=\"application-manageresources-display-component---newResourceUnit--PLANNING_GROUP-arrow\"]"}
RESULT: {}
RESULT: {"using":"xpath","value":"//*[@id=\"application-manageresources-display-component---newResourceUnit--PLANNING_GROUP-arrow\"]"}
COMMAND: POST /session/d7e4ce2bf424277d4594bf7056aa8e6c/element/f.CBC60766CDC2EFD503EA998F31B181AA.d.D48EF46B33CD1F3B3B4EF4A70DC6040F.e.9277/click - {}
RESULT: {}
COMMAND: POST /session/d7e4ce2bf424277d4594bf7056aa8e6c/execute/async - {"script":"<script> [1562 bytes]","args":[{"selector":{"controlType":"sap.m.StandardListItem","viewName":"reusables.view.manageresources.NewResourceUnit","viewId":"application-manageresources-display-component---newResourceUnit","properties":{"title":"Heavy Equi"},"searchOpenDialogs":true,"interaction":{"idSuffix":"content"}},"wdio_ui5_key":"reusablesview.manageresources.NewResourceUnitsap.m.StandardListItem{\"title\":\"Heavy Equi\"}"}]}
COMMAND: GET /session/d7e4ce2bf424277d4594bf7056aa8e6c/screenshot - {}
RESULT: {"script":"<script> [1562 bytes]","args":[{"selector":{"controlType":"sap.m.StandardListItem","viewName":"reusables.view.manageresources.NewResourceUnit","viewId":"application-manageresources-display-component---newResourceUnit","properties":{"title":"Heavy Equi"},"searchOpenDialogs":true,"interaction":{"idSuffix":"content"}},"wdio_ui5_key":"reusablesview.manageresources.NewResourceUnitsap.m.StandardListItem{\"title\":\"Heavy Equi\"}"}]}
RESULT: undefined
COMMAND: POST /session/d7e4ce2bf424277d4594bf7056aa8e6c/element - {"using":"xpath","value":"//*[@id=\"__item1087\"]"}
RESULT: {}
RESULT: {"using":"xpath","value":"//*[@id=\"__item1087\"]"}
COMMAND: POST /session/d7e4ce2bf424277d4594bf7056aa8e6c/element/f.CBC60766CDC2EFD503EA998F31B181AA.d.D48EF46B33CD1F3B3B4EF4A70DC6040F.e.9279/click - {}
RESULT: {}
COMMAND: GET /session/d7e4ce2bf424277d4594bf7056aa8e6c/screenshot - {}
RESULT: {}
COMMAND: POST /session/d7e4ce2bf424277d4594bf7056aa8e6c/execute/async - {"script":"<script> [1562 bytes]","args":[{"selector":{"id":"application-manageresources-display-component---newResourceUnit--PLANNING_INDICATOR-arrow"},"wdio_ui5_key":"applicationmanageresources-display-component---newResourceUnit--PLANNING_INDICATOR-arrow"}]}
RESULT: {"script":"<script> [1562 bytes]","args":[{"selector":{"id":"application-manageresources-display-component---newResourceUnit--PLANNING_INDICATOR-arrow"},"wdio_ui5_key":"applicationmanageresources-display-component---newResourceUnit--PLANNING_INDICATOR-arrow"}]}
RESULT: undefined
COMMAND: POST /session/d7e4ce2bf424277d4594bf7056aa8e6c/element - {"using":"xpath","value":"//*[@id=\"application-manageresources-display-component---newResourceUnit--PLANNING_INDICATOR-arrow\"]"}
RESULT: {"using":"xpath","value":"//*[@id=\"application-manageresources-display-component---newResourceUnit--PLANNING_INDICATOR-arrow\"]"}
COMMAND: POST /session/d7e4ce2bf424277d4594bf7056aa8e6c/element/f.CBC60766CDC2EFD503EA998F31B181AA.d.D48EF46B33CD1F3B3B4EF4A70DC6040F.e.9280/click - {}
RESULT: {}
COMMAND: POST /session/d7e4ce2bf424277d4594bf7056aa8e6c/execute/async - {"script":"<script> [1562 bytes]","args":[{"selector":{"controlType":"sap.m.StandardListItem","viewName":"reusables.view.manageresources.NewResourceUnit","viewId":"application-manageresources-display-component---newResourceUnit","properties":{"title":"10 - infinite"},"searchOpenDialogs":true,"interaction":{"idSuffix":"content"}},"wdio_ui5_key":"reusablesview.manageresources.NewResourceUnitsap.m.StandardListItem{\"title\":\"10 - infinite\"}"}]}
COMMAND: GET /session/d7e4ce2bf424277d4594bf7056aa8e6c/screenshot - {}
RESULT: {"script":"<script> [1562 bytes]","args":[{"selector":{"controlType":"sap.m.StandardListItem","viewName":"reusables.view.manageresources.NewResourceUnit","viewId":"application-manageresources-display-component---newResourceUnit","properties":{"title":"10 - infinite"},"searchOpenDialogs":true,"interaction":{"idSuffix":"content"}},"wdio_ui5_key":"reusablesview.manageresources.NewResourceUnitsap.m.StandardListItem{\"title\":\"10 - infinite\"}"}]}
RESULT: undefined
COMMAND: POST /session/d7e4ce2bf424277d4594bf7056aa8e6c/element - {"using":"xpath","value":"//*[@id=\"__item1097\"]"}
RESULT: {}
RESULT: {"using":"xpath","value":"//*[@id=\"__item1097\"]"}
COMMAND: POST /session/d7e4ce2bf424277d4594bf7056aa8e6c/element/f.CBC60766CDC2EFD503EA998F31B181AA.d.D48EF46B33CD1F3B3B4EF4A70DC6040F.e.9282/click - {}
RESULT: {}
COMMAND: GET /session/d7e4ce2bf424277d4594bf7056aa8e6c/screenshot - {}
RESULT: {}
COMMAND: POST /session/d7e4ce2bf424277d4594bf7056aa8e6c/element - {"using":"xpath","value":"//bdi[contains(text(), \"Time Segment\")]"}
RESULT: {"using":"xpath","value":"//bdi[contains(text(), \"Time Segment\")]"}
COMMAND: GET /session/d7e4ce2bf424277d4594bf7056aa8e6c/element/f.CBC60766CDC2EFD503EA998F31B181AA.d.D48EF46B33CD1F3B3B4EF4A70DC6040F.e.9283/rect - {}
RESULT: {}
COMMAND: GET /session/d7e4ce2bf424277d4594bf7056aa8e6c/window/rect - {}
RESULT: {}
COMMAND: POST /session/d7e4ce2bf424277d4594bf7056aa8e6c/execute/sync - {"script":"<script> [92 bytes]","args":[]}
RESULT: {"script":"<script> [92 bytes]","args":[]}
COMMAND: POST /session/d7e4ce2bf424277d4594bf7056aa8e6c/actions - {"actions":[{"id":"action36","type":"wheel","parameters":{},"actions":[{"type":"scroll","x":-1820,"y":-21,"deltaX":0,"deltaY":0,"duration":0,"origin":{"element-6066-11e4-a52e-4f735466cecf":"f.CBC60766CDC2EFD503EA998F31B181AA.d.D48EF46B33CD1F3B3B4EF4A70DC6040F.e.9283"}}]}]}
COMMAND: GET /session/d7e4ce2bf424277d4594bf7056aa8e6c/screenshot - {}
RESULT: {}
COMMAND: POST /session/d7e4ce2bf424277d4594bf7056aa8e6c/execute/sync - {"script":"<script> [79 bytes]","args":[{"element-6066-11e4-a52e-4f735466cecf":"f.CBC60766CDC2EFD503EA998F31B181AA.d.D48EF46B33CD1F3B3B4EF4A70DC6040F.e.9283","ELEMENT":"f.CBC60766CDC2EFD503EA998F31B181AA.d.D48EF46B33CD1F3B3B4EF4A70DC6040F.e.9283"},{"block":"start","inline":"nearest"}]}
RESULT: {"script":"<script> [79 bytes]","args":[{"element-6066-11e4-a52e-4f735466cecf":"f.CBC60766CDC2EFD503EA998F31B181AA.d.D48EF46B33CD1F3B3B4EF4A70DC6040F.e.9283","ELEMENT":"f.CBC60766CDC2EFD503EA998F31B181AA.d.D48EF46B33CD1F3B3B4EF4A70DC6040F.e.9283"},{"block":"start","inline":"nearest"}]}
COMMAND: GET /session/d7e4ce2bf424277d4594bf7056aa8e6c/screenshot - {}
RESULT: {}
COMMAND: POST /session/d7e4ce2bf424277d4594bf7056aa8e6c/element - {"using":"xpath","value":"//span[@id=\"application-manageresources-display-component---newResourceUnit--btnAddTimeSegment-img\"]"}
RESULT: {"using":"xpath","value":"//span[@id=\"application-manageresources-display-component---newResourceUnit--btnAddTimeSegment-img\"]"}
COMMAND: POST /session/d7e4ce2bf424277d4594bf7056aa8e6c/execute/sync - {"script":"<script> [8489 bytes]","args":[{"element-6066-11e4-a52e-4f735466cecf":"f.CBC60766CDC2EFD503EA998F31B181AA.d.D48EF46B33CD1F3B3B4EF4A70DC6040F.e.9286","ELEMENT":"f.CBC60766CDC2EFD503EA998F31B181AA.d.D48EF46B33CD1F3B3B4EF4A70DC6040F.e.9286"}]}
RESULT: {"script":"<script> [8489 bytes]","args":[{"element-6066-11e4-a52e-4f735466cecf":"f.CBC60766CDC2EFD503EA998F31B181AA.d.D48EF46B33CD1F3B3B4EF4A70DC6040F.e.9286","ELEMENT":"f.CBC60766CDC2EFD503EA998F31B181AA.d.D48EF46B33CD1F3B3B4EF4A70DC6040F.e.9286"}]}
COMMAND: POST /session/d7e4ce2bf424277d4594bf7056aa8e6c/element/f.CBC60766CDC2EFD503EA998F31B181AA.d.D48EF46B33CD1F3B3B4EF4A70DC6040F.e.9286/click - {}
COMMAND: GET /session/d7e4ce2bf424277d4594bf7056aa8e6c/screenshot - {}
RESULT: {}
COMMAND: GET /session/d7e4ce2bf424277d4594bf7056aa8e6c/screenshot - {}
COMMAND: POST /session/d7e4ce2bf424277d4594bf7056aa8e6c/element - {"using":"xpath","value":"//input[@id=\"application-manageresources-display-component---newResourceUnit--idRuTSAdmin-application-manageresources-display-component---newResourceUnit--RUTimeSegment-0-inner\"]"}
RESULT: {}
RESULT: {}
RESULT: {"using":"xpath","value":"//input[@id=\"application-manageresources-display-component---newResourceUnit--idRuTSAdmin-application-manageresources-display-component---newResourceUnit--RUTimeSegment-0-inner\"]"}
COMMAND: POST /session/d7e4ce2bf424277d4594bf7056aa8e6c/element/f.CBC60766CDC2EFD503EA998F31B181AA.d.D48EF46B33CD1F3B3B4EF4A70DC6040F.e.9289/clear - {}
RESULT: {}
COMMAND: POST /session/d7e4ce2bf424277d4594bf7056aa8e6c/element/f.CBC60766CDC2EFD503EA998F31B181AA.d.D48EF46B33CD1F3B3B4EF4A70DC6040F.e.9289/value - {"text":"WebdriverYardu3g67"}
COMMAND: GET /session/d7e4ce2bf424277d4594bf7056aa8e6c/screenshot - {}
RESULT: {"text":"WebdriverYardu3g67"}
COMMAND: GET /session/d7e4ce2bf424277d4594bf7056aa8e6c/screenshot - {}
RESULT: {}
RESULT: {}
COMMAND: POST /session/d7e4ce2bf424277d4594bf7056aa8e6c/actions - {"actions":[{"id":"action37","type":"key","parameters":{},"actions":[{"type":"keyDown","value":""},{"type":"pause","duration":10},{"type":"keyUp","value":""}]}]}
RESULT: {"actions":[{"id":"action37","type":"key","parameters":{},"actions":[{"type":"keyDown","value":""},{"type":"pause","duration":10},{"type":"keyUp","value":""}]}]}
COMMAND: GET /session/d7e4ce2bf424277d4594bf7056aa8e6c/screenshot - {}
RESULT: {}
COMMAND: POST /session/d7e4ce2bf424277d4594bf7056aa8e6c/execute/async - {"script":"<script> [1562 bytes]","args":[{"selector":{"controlType":"sap.m.Button","viewName":"reusables.view.manageresources.NewResourceUnit","viewId":"application-manageresources-display-component---newResourceUnit","i18NText":{"propertyName":"tooltip","key":"save"},"interaction":{"idSuffix":"BDI-content"}},"wdio_ui5_key":"reusablesview.manageresources.NewResourceUnitsap.m.Button{\"propertyName\":\"tooltip\",\"key\":\"save\"}"}]}
RESULT: {"script":"<script> [1562 bytes]","args":[{"selector":{"controlType":"sap.m.Button","viewName":"reusables.view.manageresources.NewResourceUnit","viewId":"application-manageresources-display-component---newResourceUnit","i18NText":{"propertyName":"tooltip","key":"save"},"interaction":{"idSuffix":"BDI-content"}},"wdio_ui5_key":"reusablesview.manageresources.NewResourceUnitsap.m.Button{\"propertyName\":\"tooltip\",\"key\":\"save\"}"}]}
RESULT: undefined
COMMAND: POST /session/d7e4ce2bf424277d4594bf7056aa8e6c/element - {"using":"xpath","value":"//*[@id=\"application-manageresources-display-component---newResourceUnit--createRuButton\"]"}
RESULT: {"using":"xpath","value":"//*[@id=\"application-manageresources-display-component---newResourceUnit--createRuButton\"]"}
COMMAND: POST /session/d7e4ce2bf424277d4594bf7056aa8e6c/element/f.CBC60766CDC2EFD503EA998F31B181AA.d.D48EF46B33CD1F3B3B4EF4A70DC6040F.e.9150/click - {}
RESULT: {}
COMMAND: GET /session/d7e4ce2bf424277d4594bf7056aa8e6c/screenshot - {}
RESULT: {}
COMMAND: POST /session/d7e4ce2bf424277d4594bf7056aa8e6c/execute/async - {"script":"<script> [1562 bytes]","args":[{"selector":{"controlType":"sap.m.Title","properties":{"text":"Success"},"searchOpenDialogs":true},"wdio_ui5_key":"sapm.Title{\"text\":\"Success\"}"}]}
RESULT: {"script":"<script> [1562 bytes]","args":[{"selector":{"controlType":"sap.m.Title","properties":{"text":"Success"},"searchOpenDialogs":true},"wdio_ui5_key":"sapm.Title{\"text\":\"Success\"}"}]}
RESULT: undefined
COMMAND: POST /session/d7e4ce2bf424277d4594bf7056aa8e6c/execute/async - {"script":"<script> [6424 bytes]","args":[{"element-6066-11e4-a52e-4f735466cecf":"f.CBC60766CDC2EFD503EA998F31B181AA.d.D48EF46B33CD1F3B3B4EF4A70DC6040F.e.9304"},"getText",[]]}
RESULT: {"script":"<script> [6424 bytes]","args":[{"element-6066-11e4-a52e-4f735466cecf":"f.CBC60766CDC2EFD503EA998F31B181AA.d.D48EF46B33CD1F3B3B4EF4A70DC6040F.e.9304"},"getText",[]]}
COMMAND: POST /session/d7e4ce2bf424277d4594bf7056aa8e6c/element - {"using":"xpath","value":"//*[contains(@id, '__text') and (contains(text(), 'successfully created') or contains(., 'successfully created'))]"}
RESULT: {"using":"xpath","value":"//*[contains(@id, '__text') and (contains(text(), 'successfully created') or contains(., 'successfully created'))]"}
COMMAND: GET /session/d7e4ce2bf424277d4594bf7056aa8e6c/element/f.CBC60766CDC2EFD503EA998F31B181AA.d.D48EF46B33CD1F3B3B4EF4A70DC6040F.e.9303/text - {}
RESULT: {}
COMMAND: POST /session/d7e4ce2bf424277d4594bf7056aa8e6c/execute/async - {"script":"<script> [1562 bytes]","args":[{"selector":{"controlType":"sap.m.Button","properties":{"text":"Close"},"searchOpenDialogs":true,"interaction":{"idSuffix":"BDI-content"}},"wdio_ui5_key":"sapm.Button{\"text\":\"Close\"}"}]}
RESULT: {"script":"<script> [1562 bytes]","args":[{"selector":{"controlType":"sap.m.Button","properties":{"text":"Close"},"searchOpenDialogs":true,"interaction":{"idSuffix":"BDI-content"}},"wdio_ui5_key":"sapm.Button{\"text\":\"Close\"}"}]}
RESULT: undefined
COMMAND: POST /session/d7e4ce2bf424277d4594bf7056aa8e6c/element - {"using":"xpath","value":"//*[@id=\"__mbox-btn-0\"]"}
RESULT: {"using":"xpath","value":"//*[@id=\"__mbox-btn-0\"]"}
COMMAND: POST /session/d7e4ce2bf424277d4594bf7056aa8e6c/element/f.CBC60766CDC2EFD503EA998F31B181AA.d.D48EF46B33CD1F3B3B4EF4A70DC6040F.e.9301/click - {}
RESULT: {}
COMMAND: GET /session/d7e4ce2bf424277d4594bf7056aa8e6c/screenshot - {}
RESULT: {}
COMMAND: POST /session/d7e4ce2bf424277d4594bf7056aa8e6c/execute/async - {"script":"<script> [1562 bytes]","args":[{"selector":{"controlType":"sap.ui.core.Icon","viewName":"etm.portal.ui.manageresources.view.Detail","viewId":"application-manageresources-display-component---detailRU","properties":{"src":{"regex":{"source":"overflow"}}}},"wdio_ui5_key":"etmportal.ui.manageresources.view.Detailsap.ui.core.Icon{\"src\":{\"regex\":{\"source\":\"overflow\"}}}"}]}
RESULT: {"script":"<script> [1562 bytes]","args":[{"selector":{"controlType":"sap.ui.core.Icon","viewName":"etm.portal.ui.manageresources.view.Detail","viewId":"application-manageresources-display-component---detailRU","properties":{"src":{"regex":{"source":"overflow"}}}},"wdio_ui5_key":"etmportal.ui.manageresources.view.Detailsap.ui.core.Icon{\"src\":{\"regex\":{\"source\":\"overflow\"}}}"}]}
RESULT: undefined
COMMAND: POST /session/d7e4ce2bf424277d4594bf7056aa8e6c/element - {"using":"xpath","value":"//*[@id=\"__title36-_actionsToolbar-overflowButton-img\"]"}
RESULT: {"using":"xpath","value":"//*[@id=\"__title36-_actionsToolbar-overflowButton-img\"]"}
COMMAND: POST /session/d7e4ce2bf424277d4594bf7056aa8e6c/element/f.CBC60766CDC2EFD503EA998F31B181AA.d.D48EF46B33CD1F3B3B4EF4A70DC6040F.e.9337/click - {}
RESULT: {}
COMMAND: POST /session/d7e4ce2bf424277d4594bf7056aa8e6c/execute/async - {"script":"<script> [1562 bytes]","args":[{"selector":{"controlType":"sap.m.Button","viewName":"etm.portal.ui.manageresources.view.Detail","viewId":"application-manageresources-display-component---detailRU","i18NText":{"propertyName":"tooltip","key":"closeColumn"},"searchOpenDialogs":true,"interaction":{"idSuffix":"inner"}},"wdio_ui5_key":"etmportal.ui.manageresources.view.Detailsap.m.Button{\"propertyName\":\"tooltip\",\"key\":\"closeColumn\"}"}]}
COMMAND: GET /session/d7e4ce2bf424277d4594bf7056aa8e6c/screenshot - {}
RESULT: {"script":"<script> [1562 bytes]","args":[{"selector":{"controlType":"sap.m.Button","viewName":"etm.portal.ui.manageresources.view.Detail","viewId":"application-manageresources-display-component---detailRU","i18NText":{"propertyName":"tooltip","key":"closeColumn"},"searchOpenDialogs":true,"interaction":{"idSuffix":"inner"}},"wdio_ui5_key":"etmportal.ui.manageresources.view.Detailsap.m.Button{\"propertyName\":\"tooltip\",\"key\":\"closeColumn\"}"}]}
RESULT: undefined
COMMAND: POST /session/d7e4ce2bf424277d4594bf7056aa8e6c/element - {"using":"xpath","value":"//*[@id=\"__button151\"]"}
RESULT: {}
RESULT: {"using":"xpath","value":"//*[@id=\"__button151\"]"}
COMMAND: POST /session/d7e4ce2bf424277d4594bf7056aa8e6c/element/f.CBC60766CDC2EFD503EA998F31B181AA.d.D48EF46B33CD1F3B3B4EF4A70DC6040F.e.9339/click - {}
RESULT: {}
COMMAND: GET /session/d7e4ce2bf424277d4594bf7056aa8e6c/screenshot - {}
RESULT: {}
COMMAND: POST /session/d7e4ce2bf424277d4594bf7056aa8e6c/refresh - {}
RESULT: {}
COMMAND: GET /session/d7e4ce2bf424277d4594bf7056aa8e6c/screenshot - {}
RESULT: {}
COMMAND: POST /session/d7e4ce2bf424277d4594bf7056aa8e6c/execute/async - {"script":"<script> [189 bytes]","args":[]}
RESULT: {"script":"<script> [189 bytes]","args":[]}
COMMAND: POST /session/d7e4ce2bf424277d4594bf7056aa8e6c/execute/async - {"script":"<script> [123 bytes]","args":[]}
RESULT: {"script":"<script> [123 bytes]","args":[]}
COMMAND: POST /session/d7e4ce2bf424277d4594bf7056aa8e6c/timeouts - {"script":"<number>"}
RESULT: {"script":"<number>"}
COMMAND: GET /session/d7e4ce2bf424277d4594bf7056aa8e6c/timeouts - {}
RESULT: {}
RESULT: undefined
COMMAND: POST /session/d7e4ce2bf424277d4594bf7056aa8e6c/execute/async - {"script":"<script> [2676 bytes]","args":[]}
RESULT: {"script":"<script> [2676 bytes]","args":[]}
COMMAND: POST /session/d7e4ce2bf424277d4594bf7056aa8e6c/execute/async - {"script":"<script> [2342 bytes]","args":[{"protocol":"http","hostname":"0.0.0.0","path":"/","capabilities":{"browserName":"chrome","goog:chromeOptions":{"binary":"C:\\Program Files\\Google\\Chrome\\Application\\chrome.exe","args":["--start-maximized"]}},"logLevel":"warn","connectionRetryTimeout":120000,"connectionRetryCount":3,"logLevels":{},"enableDirectConnect":true,"strictSSL":true,"_":"65 more keys: [\"cacheDir\",\"port\",\"requestedCapabilities\",\"automationProtocol\",\"baseUrl\",\"waitforInterval\",\"waitforTimeout\",\"onReload\",\"beforeCommand\",\"afterCommand\",\"rootDir\",\"specs\",\"suites\",\"exclude\",\"groupLogsByTestSpec\",\"excludeDriverLogs\",\"bail\",\"framework\",\"reporters\",\"services\",\"maxInstances\",\"maxInstancesPerCapability\",\"injectGlobals\",\"filesToWatch\",\"execArgv\",\"runnerEnv\",\"runner\",\"shard\",\"specFileRetries\",\"specFileRetriesDelay\",\"specFileRetriesDeferred\",\"reporterSyncInterval\",\"reporterSyncTimeout\",\"cucumberFeaturesWithLineNumbers\",\"autoCompileOpts\",\"mochaOpts\",\"jasmineOpts\",\"cucumberOpts\",\"onPrepare\",\"onWorkerStart\",\"onWorkerEnd\",\"before\",\"beforeSession\",\"beforeSuite\",\"beforeHook\",\"beforeTest\",\"afterTest\",\"afterHook\",\"afterSuite\",\"afterSession\",\"after\",\"onComplete\",\"beforeAssertion\",\"afterAssertion\",\"beforeFeature\",\"beforeScenario\",\"beforeStep\",\"afterStep\",\"afterScenario\",\"afterFeature\",\"_\",\"suite\",\"$0\",\"ignoredWorkerServices\",\"wdi5\"]"}]}
RESULT: {"script":"<script> [2342 bytes]","args":[{"protocol":"http","hostname":"0.0.0.0","path":"/","capabilities":{"browserName":"chrome","goog:chromeOptions":{"binary":"C:\\Program Files\\Google\\Chrome\\Application\\chrome.exe","args":["--start-maximized"]}},"logLevel":"warn","connectionRetryTimeout":120000,"connectionRetryCount":3,"logLevels":{},"enableDirectConnect":true,"strictSSL":true,"_":"65 more keys: [\"cacheDir\",\"port\",\"requestedCapabilities\",\"automationProtocol\",\"baseUrl\",\"waitforInterval\",\"waitforTimeout\",\"onReload\",\"beforeCommand\",\"afterCommand\",\"rootDir\",\"specs\",\"suites\",\"exclude\",\"groupLogsByTestSpec\",\"excludeDriverLogs\",\"bail\",\"framework\",\"reporters\",\"services\",\"maxInstances\",\"maxInstancesPerCapability\",\"injectGlobals\",\"filesToWatch\",\"execArgv\",\"runnerEnv\",\"runner\",\"shard\",\"specFileRetries\",\"specFileRetriesDelay\",\"specFileRetriesDeferred\",\"reporterSyncInterval\",\"reporterSyncTimeout\",\"cucumberFeaturesWithLineNumbers\",\"autoCompileOpts\",\"mochaOpts\",\"jasmineOpts\",\"cucumberOpts\",\"onPrepare\",\"onWorkerStart\",\"onWorkerEnd\",\"before\",\"beforeSession\",\"beforeSuite\",\"beforeHook\",\"beforeTest\",\"afterTest\",\"afterHook\",\"afterSuite\",\"afterSession\",\"after\",\"onComplete\",\"beforeAssertion\",\"afterAssertion\",\"beforeFeature\",\"beforeScenario\",\"beforeStep\",\"afterStep\",\"afterScenario\",\"afterFeature\",\"_\",\"suite\",\"$0\",\"ignoredWorkerServices\",\"wdi5\"]"}]}
COMMAND: POST /session/d7e4ce2bf424277d4594bf7056aa8e6c/execute/async - {"script":"<script> [21126 bytes]","args":[35000]}
RESULT: {"script":"<script> [21126 bytes]","args":[35000]}
COMMAND: POST /session/d7e4ce2bf424277d4594bf7056aa8e6c/element - {"using":"css selector","value":"#shell-header-logo"}
RESULT: {"using":"css selector","value":"#shell-header-logo"}
COMMAND: POST /session/d7e4ce2bf424277d4594bf7056aa8e6c/element/f.CBC60766CDC2EFD503EA998F31B181AA.d.544B5241C9FFB65ECBEC0F03A8CDE278.e.9441/click - {}
RESULT: {}
COMMAND: GET /session/d7e4ce2bf424277d4594bf7056aa8e6c/screenshot - {}
RESULT: {}
COMMAND: POST /session/d7e4ce2bf424277d4594bf7056aa8e6c/execute/async - {"script":"<script> [1562 bytes]","args":[{"selector":{"controlType":"sap.m.GenericTile","properties":{"header":"Manage Handovers"}},"wdio_ui5_key":"sapm.GenericTile{\"header\":\"Manage Handovers\"}"}]}
RESULT: {"script":"<script> [1562 bytes]","args":[{"selector":{"controlType":"sap.m.GenericTile","properties":{"header":"Manage Handovers"}},"wdio_ui5_key":"sapm.GenericTile{\"header\":\"Manage Handovers\"}"}]}
RESULT: undefined
COMMAND: POST /session/d7e4ce2bf424277d4594bf7056aa8e6c/element - {"using":"xpath","value":"//*[@id=\"__tile130\"]"}
RESULT: {"using":"xpath","value":"//*[@id=\"__tile130\"]"}
COMMAND: POST /session/d7e4ce2bf424277d4594bf7056aa8e6c/element/f.CBC60766CDC2EFD503EA998F31B181AA.d.544B5241C9FFB65ECBEC0F03A8CDE278.e.9624/click - {}
RESULT: {}
COMMAND: GET /session/d7e4ce2bf424277d4594bf7056aa8e6c/screenshot - {}
RESULT: {}
COMMAND: POST /session/d7e4ce2bf424277d4594bf7056aa8e6c/elements - {"using":"xpath","value":"//span[text()='Error']"}
RESULT: {"using":"xpath","value":"//span[text()='Error']"}
COMMAND: POST /session/d7e4ce2bf424277d4594bf7056aa8e6c/element - {"using":"xpath","value":"//button[@data-kt=\"masterHOAddButton\"]"}
RESULT: {"using":"xpath","value":"//button[@data-kt=\"masterHOAddButton\"]"}
COMMAND: POST /session/d7e4ce2bf424277d4594bf7056aa8e6c/execute/sync - {"script":"<script> [8489 bytes]","args":[{"element-6066-11e4-a52e-4f735466cecf":"f.CBC60766CDC2EFD503EA998F31B181AA.d.544B5241C9FFB65ECBEC0F03A8CDE278.e.9662","ELEMENT":"f.CBC60766CDC2EFD503EA998F31B181AA.d.544B5241C9FFB65ECBEC0F03A8CDE278.e.9662"}]}
RESULT: {"script":"<script> [8489 bytes]","args":[{"element-6066-11e4-a52e-4f735466cecf":"f.CBC60766CDC2EFD503EA998F31B181AA.d.544B5241C9FFB65ECBEC0F03A8CDE278.e.9662","ELEMENT":"f.CBC60766CDC2EFD503EA998F31B181AA.d.544B5241C9FFB65ECBEC0F03A8CDE278.e.9662"}]}
COMMAND: POST /session/d7e4ce2bf424277d4594bf7056aa8e6c/element/f.CBC60766CDC2EFD503EA998F31B181AA.d.544B5241C9FFB65ECBEC0F03A8CDE278.e.9662/click - {}
COMMAND: GET /session/d7e4ce2bf424277d4594bf7056aa8e6c/screenshot - {}
RESULT: {}
COMMAND: GET /session/d7e4ce2bf424277d4594bf7056aa8e6c/screenshot - {}
RESULT: {}
COMMAND: POST /session/d7e4ce2bf424277d4594bf7056aa8e6c/element - {"using":"xpath","value":"//span[contains(@id ,\"AddNewHO--typeSelect-arrow\")]"}
RESULT: {}
RESULT: {"using":"xpath","value":"//span[contains(@id ,\"AddNewHO--typeSelect-arrow\")]"}
COMMAND: POST /session/d7e4ce2bf424277d4594bf7056aa8e6c/element/f.CBC60766CDC2EFD503EA998F31B181AA.d.544B5241C9FFB65ECBEC0F03A8CDE278.e.9954/click - {}
RESULT: {}
COMMAND: GET /session/d7e4ce2bf424277d4594bf7056aa8e6c/screenshot - {}
RESULT: {}
COMMAND: POST /session/d7e4ce2bf424277d4594bf7056aa8e6c/element - {"using":"xpath","value":"(//li[contains(text(), \"stock increase yard\")])[1]"}
RESULT: {"using":"xpath","value":"(//li[contains(text(), \"stock increase yard\")])[1]"}
COMMAND: POST /session/d7e4ce2bf424277d4594bf7056aa8e6c/element/f.CBC60766CDC2EFD503EA998F31B181AA.d.544B5241C9FFB65ECBEC0F03A8CDE278.e.9955/click - {}
RESULT: {}
COMMAND: GET /session/d7e4ce2bf424277d4594bf7056aa8e6c/screenshot - {}
RESULT: {}
COMMAND: POST /session/d7e4ce2bf424277d4594bf7056aa8e6c/execute/async - {"script":"<script> [1562 bytes]","args":[{"selector":{"id":"application-managehandovers-display-component---AddNewHO--dueDate","interaction":{"idSuffix":"inner"}},"wdio_ui5_key":"applicationmanagehandovers-display-component---AddNewHO--dueDate"}]}
RESULT: {"script":"<script> [1562 bytes]","args":[{"selector":{"id":"application-managehandovers-display-component---AddNewHO--dueDate","interaction":{"idSuffix":"inner"}},"wdio_ui5_key":"applicationmanagehandovers-display-component---AddNewHO--dueDate"}]}
RESULT: undefined
COMMAND: POST /session/d7e4ce2bf424277d4594bf7056aa8e6c/execute/async - {"script":"<script> [6424 bytes]","args":[{"element-6066-11e4-a52e-4f735466cecf":"f.CBC60766CDC2EFD503EA998F31B181AA.d.544B5241C9FFB65ECBEC0F03A8CDE278.e.9959"},"setValue",["5/26/25"]]}
RESULT: {"script":"<script> [6424 bytes]","args":[{"element-6066-11e4-a52e-4f735466cecf":"f.CBC60766CDC2EFD503EA998F31B181AA.d.544B5241C9FFB65ECBEC0F03A8CDE278.e.9959"},"setValue",["5/26/25"]]}
COMMAND: POST /session/d7e4ce2bf424277d4594bf7056aa8e6c/element - {"using":"xpath","value":"//input[@id=\"generalSectionFrg--receiveYard-inner\"]"}
RESULT: {"using":"xpath","value":"//input[@id=\"generalSectionFrg--receiveYard-inner\"]"}
COMMAND: POST /session/d7e4ce2bf424277d4594bf7056aa8e6c/element/f.CBC60766CDC2EFD503EA998F31B181AA.d.544B5241C9FFB65ECBEC0F03A8CDE278.e.9965/clear - {}
RESULT: {}
COMMAND: POST /session/d7e4ce2bf424277d4594bf7056aa8e6c/element/f.CBC60766CDC2EFD503EA998F31B181AA.d.544B5241C9FFB65ECBEC0F03A8CDE278.e.9965/value - {"text":"WebdriverYardu3g67"}
COMMAND: GET /session/d7e4ce2bf424277d4594bf7056aa8e6c/screenshot - {}
RESULT: {"text":"WebdriverYardu3g67"}
COMMAND: GET /session/d7e4ce2bf424277d4594bf7056aa8e6c/screenshot - {}
RESULT: {}
RESULT: {}
COMMAND: POST /session/d7e4ce2bf424277d4594bf7056aa8e6c/execute/async - {"script":"<script> [1562 bytes]","args":[{"selector":{"id":"application-managehandovers-display-component---AddNewHO--ObjectPageLayout-anchBar-application-managehandovers-display-component---AddNewHO--section4-anchor","interaction":{"idSuffix":"BDI-content"}},"wdio_ui5_key":"applicationmanagehandovers-display-component---AddNewHO--ObjectPageLayout-anchBar-application-managehandovers-display-component---AddNewHO--section4-anchor"}]}
RESULT: {"script":"<script> [1562 bytes]","args":[{"selector":{"id":"application-managehandovers-display-component---AddNewHO--ObjectPageLayout-anchBar-application-managehandovers-display-component---AddNewHO--section4-anchor","interaction":{"idSuffix":"BDI-content"}},"wdio_ui5_key":"applicationmanagehandovers-display-component---AddNewHO--ObjectPageLayout-anchBar-application-managehandovers-display-component---AddNewHO--section4-anchor"}]}
RESULT: undefined
COMMAND: POST /session/d7e4ce2bf424277d4594bf7056aa8e6c/element - {"using":"xpath","value":"//*[@id=\"application-managehandovers-display-component---AddNewHO--ObjectPageLayout-anchBar-application-managehandovers-display-component---AddNewHO--section4-anchor\"]"}
RESULT: {"using":"xpath","value":"//*[@id=\"application-managehandovers-display-component---AddNewHO--ObjectPageLayout-anchBar-application-managehandovers-display-component---AddNewHO--section4-anchor\"]"}
COMMAND: POST /session/d7e4ce2bf424277d4594bf7056aa8e6c/element/f.CBC60766CDC2EFD503EA998F31B181AA.d.544B5241C9FFB65ECBEC0F03A8CDE278.e.9982/click - {}
RESULT: {}
COMMAND: GET /session/d7e4ce2bf424277d4594bf7056aa8e6c/screenshot - {}
RESULT: {}
COMMAND: POST /session/d7e4ce2bf424277d4594bf7056aa8e6c/element - {"using":"xpath","value":"//button[@aria-label=\"Add\"]"}
RESULT: {"using":"xpath","value":"//button[@aria-label=\"Add\"]"}
COMMAND: POST /session/d7e4ce2bf424277d4594bf7056aa8e6c/element/f.CBC60766CDC2EFD503EA998F31B181AA.d.544B5241C9FFB65ECBEC0F03A8CDE278.e.9986/click - {}
RESULT: {}
COMMAND: GET /session/d7e4ce2bf424277d4594bf7056aa8e6c/screenshot - {}
RESULT: {}
COMMAND: POST /session/d7e4ce2bf424277d4594bf7056aa8e6c/execute/async - {"script":"<script> [1562 bytes]","args":[{"selector":{"id":"application-managehandovers-display-component---AddNewHO--smartFilterBar-btnBasicSearch","searchOpenDialogs":true,"interaction":{"idSuffix":"I"}},"wdio_ui5_key":"applicationmanagehandovers-display-component---AddNewHO--smartFilterBar-btnBasicSearch"}]}
RESULT: {"script":"<script> [1562 bytes]","args":[{"selector":{"id":"application-managehandovers-display-component---AddNewHO--smartFilterBar-btnBasicSearch","searchOpenDialogs":true,"interaction":{"idSuffix":"I"}},"wdio_ui5_key":"applicationmanagehandovers-display-component---AddNewHO--smartFilterBar-btnBasicSearch"}]}
RESULT: undefined
COMMAND: POST /session/d7e4ce2bf424277d4594bf7056aa8e6c/execute/async - {"script":"<script> [776 bytes]","args":[{"enterText":"WebdriverRUR2Ccxey","selector":{"id":"application-managehandovers-display-component---AddNewHO--smartFilterBar-btnBasicSearch","searchOpenDialogs":true,"interaction":{"idSuffix":"I"}},"clearTextFirst":true,"interactionType":"ENTER_TEXT"}]}
RESULT: {"script":"<script> [776 bytes]","args":[{"enterText":"WebdriverRUR2Ccxey","selector":{"id":"application-managehandovers-display-component---AddNewHO--smartFilterBar-btnBasicSearch","searchOpenDialogs":true,"interaction":{"idSuffix":"I"}},"clearTextFirst":true,"interactionType":"ENTER_TEXT"}]}
COMMAND: POST /session/d7e4ce2bf424277d4594bf7056aa8e6c/actions - {"actions":[{"id":"action38","type":"key","parameters":{},"actions":[{"type":"keyDown","value":""},{"type":"pause","duration":10},{"type":"keyUp","value":""}]}]}
RESULT: {"actions":[{"id":"action38","type":"key","parameters":{},"actions":[{"type":"keyDown","value":""},{"type":"pause","duration":10},{"type":"keyUp","value":""}]}]}
COMMAND: POST /session/d7e4ce2bf424277d4594bf7056aa8e6c/execute/async - {"script":"<script> [1562 bytes]","args":[{"selector":{"id":"application-managehandovers-display-component---AddNewHO--popup-sa","searchOpenDialogs":true,"interaction":{"idSuffix":"CbBg"}},"wdio_ui5_key":"applicationmanagehandovers-display-component---AddNewHO--popup-sa"}]}
COMMAND: GET /session/d7e4ce2bf424277d4594bf7056aa8e6c/screenshot - {}
RESULT: {"script":"<script> [1562 bytes]","args":[{"selector":{"id":"application-managehandovers-display-component---AddNewHO--popup-sa","searchOpenDialogs":true,"interaction":{"idSuffix":"CbBg"}},"wdio_ui5_key":"applicationmanagehandovers-display-component---AddNewHO--popup-sa"}]}
RESULT: undefined
COMMAND: POST /session/d7e4ce2bf424277d4594bf7056aa8e6c/element - {"using":"xpath","value":"//*[@id=\"application-managehandovers-display-component---AddNewHO--popup-sa\"]"}
RESULT: {}
RESULT: {"using":"xpath","value":"//*[@id=\"application-managehandovers-display-component---AddNewHO--popup-sa\"]"}
COMMAND: POST /session/d7e4ce2bf424277d4594bf7056aa8e6c/element/f.CBC60766CDC2EFD503EA998F31B181AA.d.544B5241C9FFB65ECBEC0F03A8CDE278.e.10085/click - {}
RESULT: {}
COMMAND: GET /session/d7e4ce2bf424277d4594bf7056aa8e6c/screenshot - {}
RESULT: {}
COMMAND: POST /session/d7e4ce2bf424277d4594bf7056aa8e6c/element - {"using":"xpath","value":"//bdi[contains(text(), \"Select\")]"}
RESULT: {"using":"xpath","value":"//bdi[contains(text(), \"Select\")]"}
COMMAND: POST /session/d7e4ce2bf424277d4594bf7056aa8e6c/element/f.CBC60766CDC2EFD503EA998F31B181AA.d.544B5241C9FFB65ECBEC0F03A8CDE278.e.10086/click - {}
RESULT: {}
COMMAND: GET /session/d7e4ce2bf424277d4594bf7056aa8e6c/screenshot - {}
RESULT: {}
COMMAND: POST /session/d7e4ce2bf424277d4594bf7056aa8e6c/execute/async - {"script":"<script> [1562 bytes]","args":[{"selector":{"controlType":"sap.m.Input","viewName":"etm.portal.ui.managehandovers.view.AddNewHO","viewId":"application-managehandovers-display-component---AddNewHO","bindingPath":{"path":"/items/0","propertyPath":"TYPE","modelName":"hoItemsModel"},"interaction":{"idSuffix":"inner"}},"wdio_ui5_key":"etmportal.ui.managehandovers.view.AddNewHOsap.m.Input{\"path\":\"/items/0\",\"propertyPath\":\"TYPE\",\"modelName\":\"hoItemsModel\"}"}]}
RESULT: {"script":"<script> [1562 bytes]","args":[{"selector":{"controlType":"sap.m.Input","viewName":"etm.portal.ui.managehandovers.view.AddNewHO","viewId":"application-managehandovers-display-component---AddNewHO","bindingPath":{"path":"/items/0","propertyPath":"TYPE","modelName":"hoItemsModel"},"interaction":{"idSuffix":"inner"}},"wdio_ui5_key":"etmportal.ui.managehandovers.view.AddNewHOsap.m.Input{\"path\":\"/items/0\",\"propertyPath\":\"TYPE\",\"modelName\":\"hoItemsModel\"}"}]}
RESULT: undefined
COMMAND: POST /session/d7e4ce2bf424277d4594bf7056aa8e6c/execute/async - {"script":"<script> [776 bytes]","args":[{"enterText":"100","selector":{"controlType":"sap.m.Input","viewName":"etm.portal.ui.managehandovers.view.AddNewHO","viewId":"application-managehandovers-display-component---AddNewHO","bindingPath":{"path":"/items/0","propertyPath":"TYPE","modelName":"hoItemsModel"},"interaction":{"idSuffix":"inner"}},"clearTextFirst":true,"interactionType":"ENTER_TEXT"}]}
RESULT: {"script":"<script> [776 bytes]","args":[{"enterText":"100","selector":{"controlType":"sap.m.Input","viewName":"etm.portal.ui.managehandovers.view.AddNewHO","viewId":"application-managehandovers-display-component---AddNewHO","bindingPath":{"path":"/items/0","propertyPath":"TYPE","modelName":"hoItemsModel"},"interaction":{"idSuffix":"inner"}},"clearTextFirst":true,"interactionType":"ENTER_TEXT"}]}
COMMAND: POST /session/d7e4ce2bf424277d4594bf7056aa8e6c/element - {"using":"xpath","value":"//button[@data-kt=\"AddNewHOSaveButton\"]"}
RESULT: {"using":"xpath","value":"//button[@data-kt=\"AddNewHOSaveButton\"]"}
COMMAND: POST /session/d7e4ce2bf424277d4594bf7056aa8e6c/element/f.CBC60766CDC2EFD503EA998F31B181AA.d.544B5241C9FFB65ECBEC0F03A8CDE278.e.10091/click - {}
RESULT: {}
COMMAND: GET /session/d7e4ce2bf424277d4594bf7056aa8e6c/screenshot - {}
RESULT: {}
COMMAND: POST /session/d7e4ce2bf424277d4594bf7056aa8e6c/execute/async - {"script":"<script> [1562 bytes]","args":[{"selector":{"id":"receiptDatePicker","viewName":"etm.portal.ui.managehandovers.view.DetailExecuteHO","interaction":{"idSuffix":"inner"}},"wdio_ui5_key":"receiptDatePickeretmportal.ui.managehandovers.view.DetailExecuteHO"}]}
RESULT: {"script":"<script> [1562 bytes]","args":[{"selector":{"id":"receiptDatePicker","viewName":"etm.portal.ui.managehandovers.view.DetailExecuteHO","interaction":{"idSuffix":"inner"}},"wdio_ui5_key":"receiptDatePickeretmportal.ui.managehandovers.view.DetailExecuteHO"}]}
RESULT: undefined
COMMAND: POST /session/d7e4ce2bf424277d4594bf7056aa8e6c/execute/async - {"script":"<script> [6424 bytes]","args":[{"element-6066-11e4-a52e-4f735466cecf":"f.CBC60766CDC2EFD503EA998F31B181AA.d.544B5241C9FFB65ECBEC0F03A8CDE278.e.10120"},"setValue",["5/26/25"]]}
RESULT: {"script":"<script> [6424 bytes]","args":[{"element-6066-11e4-a52e-4f735466cecf":"f.CBC60766CDC2EFD503EA998F31B181AA.d.544B5241C9FFB65ECBEC0F03A8CDE278.e.10120"},"setValue",["5/26/25"]]}
COMMAND: POST /session/d7e4ce2bf424277d4594bf7056aa8e6c/actions - {"actions":[{"id":"action39","type":"key","parameters":{},"actions":[{"type":"keyDown","value":""},{"type":"pause","duration":10},{"type":"keyUp","value":""}]}]}
RESULT: {"actions":[{"id":"action39","type":"key","parameters":{},"actions":[{"type":"keyDown","value":""},{"type":"pause","duration":10},{"type":"keyUp","value":""}]}]}
COMMAND: POST /session/d7e4ce2bf424277d4594bf7056aa8e6c/actions - {"actions":[{"id":"action40","type":"key","parameters":{},"actions":[{"type":"keyDown","value":""},{"type":"pause","duration":10},{"type":"keyUp","value":""}]}]}
COMMAND: GET /session/d7e4ce2bf424277d4594bf7056aa8e6c/screenshot - {}
RESULT: {"actions":[{"id":"action40","type":"key","parameters":{},"actions":[{"type":"keyDown","value":""},{"type":"pause","duration":10},{"type":"keyUp","value":""}]}]}
COMMAND: POST /session/d7e4ce2bf424277d4594bf7056aa8e6c/element - {"using":"xpath","value":"//button[@data-kt=\"ReceivingTableConfirmAllButton\"]"}
COMMAND: GET /session/d7e4ce2bf424277d4594bf7056aa8e6c/screenshot - {}
RESULT: {}
RESULT: {"using":"xpath","value":"//button[@data-kt=\"ReceivingTableConfirmAllButton\"]"}
COMMAND: POST /session/d7e4ce2bf424277d4594bf7056aa8e6c/element/f.CBC60766CDC2EFD503EA998F31B181AA.d.544B5241C9FFB65ECBEC0F03A8CDE278.e.10136/click - {}
RESULT: {}
RESULT: {}
COMMAND: GET /session/d7e4ce2bf424277d4594bf7056aa8e6c/screenshot - {}
RESULT: {}
COMMAND: POST /session/d7e4ce2bf424277d4594bf7056aa8e6c/element - {"using":"xpath","value":"//bdi[contains(text(), \"OK\")]"}
RESULT: {"using":"xpath","value":"//bdi[contains(text(), \"OK\")]"}
COMMAND: POST /session/d7e4ce2bf424277d4594bf7056aa8e6c/element/f.CBC60766CDC2EFD503EA998F31B181AA.d.544B5241C9FFB65ECBEC0F03A8CDE278.e.10139/click - {}
RESULT: {}
COMMAND: GET /session/d7e4ce2bf424277d4594bf7056aa8e6c/screenshot - {}
RESULT: {}
COMMAND: POST /session/d7e4ce2bf424277d4594bf7056aa8e6c/element - {"using":"xpath","value":"(//bdi[contains(text(), \"Receive\")])[2]"}
RESULT: {"using":"xpath","value":"(//bdi[contains(text(), \"Receive\")])[2]"}
COMMAND: POST /session/d7e4ce2bf424277d4594bf7056aa8e6c/element/f.CBC60766CDC2EFD503EA998F31B181AA.d.544B5241C9FFB65ECBEC0F03A8CDE278.e.10140/click - {}
RESULT: {}
COMMAND: GET /session/d7e4ce2bf424277d4594bf7056aa8e6c/screenshot - {}
RESULT: {}
COMMAND: POST /session/d7e4ce2bf424277d4594bf7056aa8e6c/element - {"using":"css selector","value":"#shell-header-logo"}
RESULT: {"using":"css selector","value":"#shell-header-logo"}
COMMAND: POST /session/d7e4ce2bf424277d4594bf7056aa8e6c/element/f.CBC60766CDC2EFD503EA998F31B181AA.d.544B5241C9FFB65ECBEC0F03A8CDE278.e.9627/click - {}
RESULT: {}
COMMAND: GET /session/d7e4ce2bf424277d4594bf7056aa8e6c/screenshot - {}
]]></system-out>
    </testcase>
    <testcase classname="chrome.136_0_7103_93.windows.E2E_-_Logistical_and_commercial_statuses" name="Should add a pricing rule and a condition to the RU" time="101.918">
      <system-out><![CDATA[
COMMAND: POST /session/d7e4ce2bf424277d4594bf7056aa8e6c/execute/async - {"script":"<script> [1562 bytes]","args":[{"selector":{"controlType":"sap.m.GenericTile","properties":{"header":"Manage Pricing Rules"}},"wdio_ui5_key":"sapm.GenericTile{\"header\":\"Manage Pricing Rules\"}"}]}
RESULT: {}
RESULT: {"script":"<script> [1562 bytes]","args":[{"selector":{"controlType":"sap.m.GenericTile","properties":{"header":"Manage Pricing Rules"}},"wdio_ui5_key":"sapm.GenericTile{\"header\":\"Manage Pricing Rules\"}"}]}
RESULT: undefined
COMMAND: POST /session/d7e4ce2bf424277d4594bf7056aa8e6c/element - {"using":"xpath","value":"//*[@id=\"__tile55\"]"}
RESULT: {"using":"xpath","value":"//*[@id=\"__tile55\"]"}
COMMAND: POST /session/d7e4ce2bf424277d4594bf7056aa8e6c/element/f.CBC60766CDC2EFD503EA998F31B181AA.d.544B5241C9FFB65ECBEC0F03A8CDE278.e.10289/click - {}
RESULT: {}
COMMAND: GET /session/d7e4ce2bf424277d4594bf7056aa8e6c/screenshot - {}
RESULT: {}
COMMAND: POST /session/d7e4ce2bf424277d4594bf7056aa8e6c/elements - {"using":"xpath","value":"//span[text()='Error']"}
RESULT: {"using":"xpath","value":"//span[text()='Error']"}
COMMAND: POST /session/d7e4ce2bf424277d4594bf7056aa8e6c/execute/async - {"script":"<script> [1562 bytes]","args":[{"selector":{"controlType":"sap.ui.core.Icon","viewName":"etm.portal.ui.managepricingrules.view.MasterHeader","viewId":"application-managepricingrules-display-component---priceInfoHeader","properties":{"src":{"regex":{"source":"activity\\-items"}}}},"wdio_ui5_key":"etmportal.ui.managepricingrules.view.MasterHeadersap.ui.core.Icon{\"src\":{\"regex\":{\"source\":\"activity\\\\-items\"}}}"}]}
RESULT: {"script":"<script> [1562 bytes]","args":[{"selector":{"controlType":"sap.ui.core.Icon","viewName":"etm.portal.ui.managepricingrules.view.MasterHeader","viewId":"application-managepricingrules-display-component---priceInfoHeader","properties":{"src":{"regex":{"source":"activity\\-items"}}}},"wdio_ui5_key":"etmportal.ui.managepricingrules.view.MasterHeadersap.ui.core.Icon{\"src\":{\"regex\":{\"source\":\"activity\\\\-items\"}}}"}]}
RESULT: undefined
COMMAND: POST /session/d7e4ce2bf424277d4594bf7056aa8e6c/element - {"using":"xpath","value":"//*[@id=\"__filter22-icon\"]"}
RESULT: {"using":"xpath","value":"//*[@id=\"__filter22-icon\"]"}
COMMAND: POST /session/d7e4ce2bf424277d4594bf7056aa8e6c/element/f.CBC60766CDC2EFD503EA998F31B181AA.d.544B5241C9FFB65ECBEC0F03A8CDE278.e.10372/click - {}
RESULT: {}
COMMAND: GET /session/d7e4ce2bf424277d4594bf7056aa8e6c/screenshot - {}
RESULT: {}
COMMAND: POST /session/d7e4ce2bf424277d4594bf7056aa8e6c/execute/async - {"script":"<script> [1562 bytes]","args":[{"selector":{"controlType":"sap.ui.core.Icon","viewName":"etm.portal.ui.managepricingrules.view.MasterItem","viewId":"application-managepricingrules-display-component---priceInfoItem","properties":{"src":{"regex":{"source":"add"}}}},"wdio_ui5_key":"etmportal.ui.managepricingrules.view.MasterItemsap.ui.core.Icon{\"src\":{\"regex\":{\"source\":\"add\"}}}"}]}
RESULT: {"script":"<script> [1562 bytes]","args":[{"selector":{"controlType":"sap.ui.core.Icon","viewName":"etm.portal.ui.managepricingrules.view.MasterItem","viewId":"application-managepricingrules-display-component---priceInfoItem","properties":{"src":{"regex":{"source":"add"}}}},"wdio_ui5_key":"etmportal.ui.managepricingrules.view.MasterItemsap.ui.core.Icon{\"src\":{\"regex\":{\"source\":\"add\"}}}"}]}
RESULT: undefined
COMMAND: POST /session/d7e4ce2bf424277d4594bf7056aa8e6c/element - {"using":"xpath","value":"//*[@id=\"__button80-img\"]"}
RESULT: {"using":"xpath","value":"//*[@id=\"__button80-img\"]"}
COMMAND: POST /session/d7e4ce2bf424277d4594bf7056aa8e6c/element/f.CBC60766CDC2EFD503EA998F31B181AA.d.544B5241C9FFB65ECBEC0F03A8CDE278.e.10419/click - {}
RESULT: {}
COMMAND: GET /session/d7e4ce2bf424277d4594bf7056aa8e6c/screenshot - {}
RESULT: {}
COMMAND: POST /session/d7e4ce2bf424277d4594bf7056aa8e6c/element - {"using":"xpath","value":"//input[@id=\"application-managepricingrules-display-component---newInfoPriceItem--condRU-inner\"]"}
RESULT: {"using":"xpath","value":"//input[@id=\"application-managepricingrules-display-component---newInfoPriceItem--condRU-inner\"]"}
COMMAND: POST /session/d7e4ce2bf424277d4594bf7056aa8e6c/element/f.CBC60766CDC2EFD503EA998F31B181AA.d.544B5241C9FFB65ECBEC0F03A8CDE278.e.10633/clear - {}
RESULT: {}
COMMAND: POST /session/d7e4ce2bf424277d4594bf7056aa8e6c/element/f.CBC60766CDC2EFD503EA998F31B181AA.d.544B5241C9FFB65ECBEC0F03A8CDE278.e.10633/value - {"text":"WebdriverRUR2Ccxey"}
COMMAND: GET /session/d7e4ce2bf424277d4594bf7056aa8e6c/screenshot - {}
RESULT: {"text":"WebdriverRUR2Ccxey"}
COMMAND: POST /session/d7e4ce2bf424277d4594bf7056aa8e6c/execute/async - {"script":"<script> [1562 bytes]","args":[{"selector":{"id":"application-managepricingrules-display-component---newInfoPriceItem--condValidTo","interaction":{"idSuffix":"inner"}},"wdio_ui5_key":"applicationmanagepricingrules-display-component---newInfoPriceItem--condValidTo"}]}
COMMAND: GET /session/d7e4ce2bf424277d4594bf7056aa8e6c/screenshot - {}
RESULT: {}
RESULT: {"script":"<script> [1562 bytes]","args":[{"selector":{"id":"application-managepricingrules-display-component---newInfoPriceItem--condValidTo","interaction":{"idSuffix":"inner"}},"wdio_ui5_key":"applicationmanagepricingrules-display-component---newInfoPriceItem--condValidTo"}]}
RESULT: undefined
COMMAND: POST /session/d7e4ce2bf424277d4594bf7056aa8e6c/execute/async - {"script":"<script> [776 bytes]","args":[{"enterText":"5/18/33","selector":{"id":"application-managepricingrules-display-component---newInfoPriceItem--condValidTo","interaction":{"idSuffix":"inner"}},"clearTextFirst":true,"interactionType":"ENTER_TEXT"}]}
RESULT: {}
RESULT: {"script":"<script> [776 bytes]","args":[{"enterText":"5/18/33","selector":{"id":"application-managepricingrules-display-component---newInfoPriceItem--condValidTo","interaction":{"idSuffix":"inner"}},"clearTextFirst":true,"interactionType":"ENTER_TEXT"}]}
COMMAND: POST /session/d7e4ce2bf424277d4594bf7056aa8e6c/execute/async - {"script":"<script> [1562 bytes]","args":[{"selector":{"id":"application-managepricingrules-display-component---newInfoPriceItem--billType-arrow"},"wdio_ui5_key":"applicationmanagepricingrules-display-component---newInfoPriceItem--billType-arrow"}]}
RESULT: {"script":"<script> [1562 bytes]","args":[{"selector":{"id":"application-managepricingrules-display-component---newInfoPriceItem--billType-arrow"},"wdio_ui5_key":"applicationmanagepricingrules-display-component---newInfoPriceItem--billType-arrow"}]}
RESULT: undefined
COMMAND: POST /session/d7e4ce2bf424277d4594bf7056aa8e6c/element - {"using":"xpath","value":"//*[@id=\"application-managepricingrules-display-component---newInfoPriceItem--billType-arrow\"]"}
RESULT: {"using":"xpath","value":"//*[@id=\"application-managepricingrules-display-component---newInfoPriceItem--billType-arrow\"]"}
COMMAND: POST /session/d7e4ce2bf424277d4594bf7056aa8e6c/element/f.CBC60766CDC2EFD503EA998F31B181AA.d.544B5241C9FFB65ECBEC0F03A8CDE278.e.10727/click - {}
RESULT: {}
COMMAND: POST /session/d7e4ce2bf424277d4594bf7056aa8e6c/element - {"using":"xpath","value":"//span[contains(text(), \"TB - Time based\")]"}
COMMAND: GET /session/d7e4ce2bf424277d4594bf7056aa8e6c/screenshot - {}
RESULT: {"using":"xpath","value":"//span[contains(text(), \"TB - Time based\")]"}
COMMAND: POST /session/d7e4ce2bf424277d4594bf7056aa8e6c/element/f.CBC60766CDC2EFD503EA998F31B181AA.d.544B5241C9FFB65ECBEC0F03A8CDE278.e.10768/click - {}
RESULT: {}
RESULT: {}
COMMAND: POST /session/d7e4ce2bf424277d4594bf7056aa8e6c/execute/async - {"script":"<script> [1562 bytes]","args":[{"selector":{"id":"application-managepricingrules-display-component---newInfoPriceItem--priceProc-arrow"},"wdio_ui5_key":"applicationmanagepricingrules-display-component---newInfoPriceItem--priceProc-arrow"}]}
COMMAND: GET /session/d7e4ce2bf424277d4594bf7056aa8e6c/screenshot - {}
RESULT: {"script":"<script> [1562 bytes]","args":[{"selector":{"id":"application-managepricingrules-display-component---newInfoPriceItem--priceProc-arrow"},"wdio_ui5_key":"applicationmanagepricingrules-display-component---newInfoPriceItem--priceProc-arrow"}]}
RESULT: undefined
COMMAND: POST /session/d7e4ce2bf424277d4594bf7056aa8e6c/element - {"using":"xpath","value":"//*[@id=\"application-managepricingrules-display-component---newInfoPriceItem--priceProc-arrow\"]"}
RESULT: {}
RESULT: {"using":"xpath","value":"//*[@id=\"application-managepricingrules-display-component---newInfoPriceItem--priceProc-arrow\"]"}
COMMAND: POST /session/d7e4ce2bf424277d4594bf7056aa8e6c/element/f.CBC60766CDC2EFD503EA998F31B181AA.d.544B5241C9FFB65ECBEC0F03A8CDE278.e.10734/click - {}
RESULT: {}
COMMAND: POST /session/d7e4ce2bf424277d4594bf7056aa8e6c/element - {"using":"xpath","value":"//span[contains(text(), \"TBS - Time based standard\")]"}
COMMAND: GET /session/d7e4ce2bf424277d4594bf7056aa8e6c/screenshot - {}
RESULT: {"using":"xpath","value":"//span[contains(text(), \"TBS - Time based standard\")]"}
COMMAND: POST /session/d7e4ce2bf424277d4594bf7056aa8e6c/element/f.CBC60766CDC2EFD503EA998F31B181AA.d.544B5241C9FFB65ECBEC0F03A8CDE278.e.10769/click - {}
RESULT: {}
RESULT: {}
COMMAND: POST /session/d7e4ce2bf424277d4594bf7056aa8e6c/execute/async - {"script":"<script> [1562 bytes]","args":[{"selector":{"id":"application-managepricingrules-display-component---newInfoPriceItem--calcBase-arrow"},"wdio_ui5_key":"applicationmanagepricingrules-display-component---newInfoPriceItem--calcBase-arrow"}]}
COMMAND: GET /session/d7e4ce2bf424277d4594bf7056aa8e6c/screenshot - {}
RESULT: {"script":"<script> [1562 bytes]","args":[{"selector":{"id":"application-managepricingrules-display-component---newInfoPriceItem--calcBase-arrow"},"wdio_ui5_key":"applicationmanagepricingrules-display-component---newInfoPriceItem--calcBase-arrow"}]}
RESULT: undefined
COMMAND: POST /session/d7e4ce2bf424277d4594bf7056aa8e6c/element - {"using":"xpath","value":"//*[@id=\"application-managepricingrules-display-component---newInfoPriceItem--calcBase-arrow\"]"}
RESULT: {}
RESULT: {"using":"xpath","value":"//*[@id=\"application-managepricingrules-display-component---newInfoPriceItem--calcBase-arrow\"]"}
COMMAND: POST /session/d7e4ce2bf424277d4594bf7056aa8e6c/element/f.CBC60766CDC2EFD503EA998F31B181AA.d.544B5241C9FFB65ECBEC0F03A8CDE278.e.10741/click - {}
RESULT: {}
COMMAND: GET /session/d7e4ce2bf424277d4594bf7056aa8e6c/screenshot - {}
RESULT: {}
COMMAND: POST /session/d7e4ce2bf424277d4594bf7056aa8e6c/element - {"using":"xpath","value":"//span[contains(text(), \"0006 - TB(calendar days)\")]"}
RESULT: {"using":"xpath","value":"//span[contains(text(), \"0006 - TB(calendar days)\")]"}
COMMAND: POST /session/d7e4ce2bf424277d4594bf7056aa8e6c/element/f.CBC60766CDC2EFD503EA998F31B181AA.d.544B5241C9FFB65ECBEC0F03A8CDE278.e.10770/click - {}
RESULT: {}
COMMAND: POST /session/d7e4ce2bf424277d4594bf7056aa8e6c/execute/async - {"script":"<script> [1562 bytes]","args":[{"selector":{"id":"application-managepricingrules-display-component---newInfoPriceItem--daysMonth","interaction":{"idSuffix":"inner"}},"wdio_ui5_key":"applicationmanagepricingrules-display-component---newInfoPriceItem--daysMonth"}]}
COMMAND: GET /session/d7e4ce2bf424277d4594bf7056aa8e6c/screenshot - {}
RESULT: {"script":"<script> [1562 bytes]","args":[{"selector":{"id":"application-managepricingrules-display-component---newInfoPriceItem--daysMonth","interaction":{"idSuffix":"inner"}},"wdio_ui5_key":"applicationmanagepricingrules-display-component---newInfoPriceItem--daysMonth"}]}
RESULT: undefined
COMMAND: POST /session/d7e4ce2bf424277d4594bf7056aa8e6c/execute/async - {"script":"<script> [776 bytes]","args":[{"enterText":"30","selector":{"id":"application-managepricingrules-display-component---newInfoPriceItem--daysMonth","interaction":{"idSuffix":"inner"}},"clearTextFirst":true,"interactionType":"ENTER_TEXT"}]}
RESULT: {}
RESULT: {"script":"<script> [776 bytes]","args":[{"enterText":"30","selector":{"id":"application-managepricingrules-display-component---newInfoPriceItem--daysMonth","interaction":{"idSuffix":"inner"}},"clearTextFirst":true,"interactionType":"ENTER_TEXT"}]}
COMMAND: POST /session/d7e4ce2bf424277d4594bf7056aa8e6c/element - {"using":"xpath","value":"//button[@data-kt=\"saveNewRuleButton\"]"}
RESULT: {"using":"xpath","value":"//button[@data-kt=\"saveNewRuleButton\"]"}
COMMAND: POST /session/d7e4ce2bf424277d4594bf7056aa8e6c/element/f.CBC60766CDC2EFD503EA998F31B181AA.d.544B5241C9FFB65ECBEC0F03A8CDE278.e.10761/click - {}
RESULT: {}
COMMAND: GET /session/d7e4ce2bf424277d4594bf7056aa8e6c/screenshot - {}
RESULT: {}
COMMAND: POST /session/d7e4ce2bf424277d4594bf7056aa8e6c/element - {"using":"css selector","value":"#shell-header-logo"}
RESULT: {"using":"css selector","value":"#shell-header-logo"}
COMMAND: POST /session/d7e4ce2bf424277d4594bf7056aa8e6c/element/f.CBC60766CDC2EFD503EA998F31B181AA.d.544B5241C9FFB65ECBEC0F03A8CDE278.e.10291/click - {}
RESULT: {}
COMMAND: GET /session/d7e4ce2bf424277d4594bf7056aa8e6c/screenshot - {}
RESULT: {}
COMMAND: POST /session/d7e4ce2bf424277d4594bf7056aa8e6c/execute/async - {"script":"<script> [1562 bytes]","args":[{"selector":{"controlType":"sap.m.Text","properties":{"text":"Manage Conditions & Prices"},"interaction":{"idSuffix":"inner"}},"wdio_ui5_key":"sapm.Text{\"text\":\"Manage Conditions & Prices\"}"}]}
RESULT: {"script":"<script> [1562 bytes]","args":[{"selector":{"controlType":"sap.m.Text","properties":{"text":"Manage Conditions & Prices"},"interaction":{"idSuffix":"inner"}},"wdio_ui5_key":"sapm.Text{\"text\":\"Manage Conditions & Prices\"}"}]}
RESULT: undefined
COMMAND: POST /session/d7e4ce2bf424277d4594bf7056aa8e6c/element - {"using":"xpath","value":"//*[@id=\"__tile53-title\"]"}
RESULT: {"using":"xpath","value":"//*[@id=\"__tile53-title\"]"}
COMMAND: POST /session/d7e4ce2bf424277d4594bf7056aa8e6c/element/f.CBC60766CDC2EFD503EA998F31B181AA.d.544B5241C9FFB65ECBEC0F03A8CDE278.e.10790/click - {}
RESULT: {}
COMMAND: GET /session/d7e4ce2bf424277d4594bf7056aa8e6c/screenshot - {}
RESULT: {}
COMMAND: POST /session/d7e4ce2bf424277d4594bf7056aa8e6c/element - {"using":"xpath","value":"//button[@aria-label=\"Create\"]"}
RESULT: {"using":"xpath","value":"//button[@aria-label=\"Create\"]"}
COMMAND: POST /session/d7e4ce2bf424277d4594bf7056aa8e6c/element/f.CBC60766CDC2EFD503EA998F31B181AA.d.544B5241C9FFB65ECBEC0F03A8CDE278.e.10822/click - {}
RESULT: {}
COMMAND: POST /session/d7e4ce2bf424277d4594bf7056aa8e6c/actions - {"actions":[{"id":"action41","type":"key","parameters":{},"actions":[{"type":"keyDown","value":""},{"type":"pause","duration":10},{"type":"keyUp","value":""}]}]}
COMMAND: GET /session/d7e4ce2bf424277d4594bf7056aa8e6c/screenshot - {}
RESULT: {"actions":[{"id":"action41","type":"key","parameters":{},"actions":[{"type":"keyDown","value":""},{"type":"pause","duration":10},{"type":"keyUp","value":""}]}]}
COMMAND: GET /session/d7e4ce2bf424277d4594bf7056aa8e6c/screenshot - {}
RESULT: {}
RESULT: {}
COMMAND: POST /session/d7e4ce2bf424277d4594bf7056aa8e6c/execute/async - {"script":"<script> [1562 bytes]","args":[{"selector":{"id":"application-manageconditionprice-display-component---newCondition--condBillCond-arrow"},"wdio_ui5_key":"applicationmanageconditionprice-display-component---newCondition--condBillCond-arrow"}]}
RESULT: {"script":"<script> [1562 bytes]","args":[{"selector":{"id":"application-manageconditionprice-display-component---newCondition--condBillCond-arrow"},"wdio_ui5_key":"applicationmanageconditionprice-display-component---newCondition--condBillCond-arrow"}]}
RESULT: undefined
COMMAND: POST /session/d7e4ce2bf424277d4594bf7056aa8e6c/element - {"using":"xpath","value":"//*[@id=\"application-manageconditionprice-display-component---newCondition--condBillCond-arrow\"]"}
RESULT: {"using":"xpath","value":"//*[@id=\"application-manageconditionprice-display-component---newCondition--condBillCond-arrow\"]"}
COMMAND: POST /session/d7e4ce2bf424277d4594bf7056aa8e6c/element/f.CBC60766CDC2EFD503EA998F31B181AA.d.544B5241C9FFB65ECBEC0F03A8CDE278.e.11294/click - {}
RESULT: {}
COMMAND: POST /session/d7e4ce2bf424277d4594bf7056aa8e6c/element - {"using":"xpath","value":"//span[contains(text(), \"DISP - D&I special price\")]"}
COMMAND: GET /session/d7e4ce2bf424277d4594bf7056aa8e6c/screenshot - {}
RESULT: {"using":"xpath","value":"//span[contains(text(), \"DISP - D&I special price\")]"}
COMMAND: POST /session/d7e4ce2bf424277d4594bf7056aa8e6c/element/f.CBC60766CDC2EFD503EA998F31B181AA.d.544B5241C9FFB65ECBEC0F03A8CDE278.e.11295/click - {}
RESULT: {}
RESULT: {}
COMMAND: POST /session/d7e4ce2bf424277d4594bf7056aa8e6c/execute/async - {"script":"<script> [1562 bytes]","args":[{"selector":{"id":"application-manageconditionprice-display-component---newCondition--condValidTo","interaction":{"idSuffix":"inner"}},"wdio_ui5_key":"applicationmanageconditionprice-display-component---newCondition--condValidTo"}]}
COMMAND: GET /session/d7e4ce2bf424277d4594bf7056aa8e6c/screenshot - {}
RESULT: {"script":"<script> [1562 bytes]","args":[{"selector":{"id":"application-manageconditionprice-display-component---newCondition--condValidTo","interaction":{"idSuffix":"inner"}},"wdio_ui5_key":"applicationmanageconditionprice-display-component---newCondition--condValidTo"}]}
RESULT: undefined
COMMAND: POST /session/d7e4ce2bf424277d4594bf7056aa8e6c/execute/async - {"script":"<script> [776 bytes]","args":[{"enterText":"5/11/33","selector":{"id":"application-manageconditionprice-display-component---newCondition--condValidTo","interaction":{"idSuffix":"inner"}},"clearTextFirst":true,"interactionType":"ENTER_TEXT"}]}
RESULT: {}
RESULT: {"script":"<script> [776 bytes]","args":[{"enterText":"5/11/33","selector":{"id":"application-manageconditionprice-display-component---newCondition--condValidTo","interaction":{"idSuffix":"inner"}},"clearTextFirst":true,"interactionType":"ENTER_TEXT"}]}
COMMAND: POST /session/d7e4ce2bf424277d4594bf7056aa8e6c/element - {"using":"xpath","value":"//input[@id=\"application-manageconditionprice-display-component---newCondition--condRU-inner\"]"}
RESULT: {"using":"xpath","value":"//input[@id=\"application-manageconditionprice-display-component---newCondition--condRU-inner\"]"}
COMMAND: POST /session/d7e4ce2bf424277d4594bf7056aa8e6c/element/f.CBC60766CDC2EFD503EA998F31B181AA.d.544B5241C9FFB65ECBEC0F03A8CDE278.e.11024/clear - {}
RESULT: {}
COMMAND: POST /session/d7e4ce2bf424277d4594bf7056aa8e6c/element/f.CBC60766CDC2EFD503EA998F31B181AA.d.544B5241C9FFB65ECBEC0F03A8CDE278.e.11024/value - {"text":"WebdriverRUR2Ccxey"}
COMMAND: GET /session/d7e4ce2bf424277d4594bf7056aa8e6c/screenshot - {}
RESULT: {"text":"WebdriverRUR2Ccxey"}
COMMAND: GET /session/d7e4ce2bf424277d4594bf7056aa8e6c/screenshot - {}
RESULT: {}
RESULT: {}
COMMAND: POST /session/d7e4ce2bf424277d4594bf7056aa8e6c/actions - {"actions":[{"id":"action42","type":"key","parameters":{},"actions":[{"type":"keyDown","value":""},{"type":"pause","duration":10},{"type":"keyUp","value":""}]}]}
RESULT: {"actions":[{"id":"action42","type":"key","parameters":{},"actions":[{"type":"keyDown","value":""},{"type":"pause","duration":10},{"type":"keyUp","value":""}]}]}
COMMAND: POST /session/d7e4ce2bf424277d4594bf7056aa8e6c/execute/async - {"script":"<script> [1562 bytes]","args":[{"selector":{"id":"application-manageconditionprice-display-component---newCondition--condBaseQty","interaction":{"idSuffix":"inner"}},"wdio_ui5_key":"applicationmanageconditionprice-display-component---newCondition--condBaseQty"}]}
COMMAND: GET /session/d7e4ce2bf424277d4594bf7056aa8e6c/screenshot - {}
RESULT: {"script":"<script> [1562 bytes]","args":[{"selector":{"id":"application-manageconditionprice-display-component---newCondition--condBaseQty","interaction":{"idSuffix":"inner"}},"wdio_ui5_key":"applicationmanageconditionprice-display-component---newCondition--condBaseQty"}]}
RESULT: undefined
COMMAND: POST /session/d7e4ce2bf424277d4594bf7056aa8e6c/execute/async - {"script":"<script> [776 bytes]","args":[{"enterText":"1","selector":{"id":"application-manageconditionprice-display-component---newCondition--condBaseQty","interaction":{"idSuffix":"inner"}},"clearTextFirst":true,"interactionType":"ENTER_TEXT"}]}
RESULT: {}
RESULT: {"script":"<script> [776 bytes]","args":[{"enterText":"1","selector":{"id":"application-manageconditionprice-display-component---newCondition--condBaseQty","interaction":{"idSuffix":"inner"}},"clearTextFirst":true,"interactionType":"ENTER_TEXT"}]}
COMMAND: POST /session/d7e4ce2bf424277d4594bf7056aa8e6c/execute/async - {"script":"<script> [1562 bytes]","args":[{"selector":{"id":"application-manageconditionprice-display-component---newCondition--condValue","interaction":{"idSuffix":"inner"}},"wdio_ui5_key":"applicationmanageconditionprice-display-component---newCondition--condValue"}]}
RESULT: {"script":"<script> [1562 bytes]","args":[{"selector":{"id":"application-manageconditionprice-display-component---newCondition--condValue","interaction":{"idSuffix":"inner"}},"wdio_ui5_key":"applicationmanageconditionprice-display-component---newCondition--condValue"}]}
RESULT: undefined
COMMAND: POST /session/d7e4ce2bf424277d4594bf7056aa8e6c/execute/async - {"script":"<script> [776 bytes]","args":[{"enterText":"100","selector":{"id":"application-manageconditionprice-display-component---newCondition--condValue","interaction":{"idSuffix":"inner"}},"clearTextFirst":true,"interactionType":"ENTER_TEXT"}]}
RESULT: {"script":"<script> [776 bytes]","args":[{"enterText":"100","selector":{"id":"application-manageconditionprice-display-component---newCondition--condValue","interaction":{"idSuffix":"inner"}},"clearTextFirst":true,"interactionType":"ENTER_TEXT"}]}
COMMAND: POST /session/d7e4ce2bf424277d4594bf7056aa8e6c/execute/async - {"script":"<script> [1562 bytes]","args":[{"selector":{"id":"application-manageconditionprice-display-component---newCondition--condCurr-arrow"},"wdio_ui5_key":"applicationmanageconditionprice-display-component---newCondition--condCurr-arrow"}]}
RESULT: {"script":"<script> [1562 bytes]","args":[{"selector":{"id":"application-manageconditionprice-display-component---newCondition--condCurr-arrow"},"wdio_ui5_key":"applicationmanageconditionprice-display-component---newCondition--condCurr-arrow"}]}
RESULT: undefined
COMMAND: POST /session/d7e4ce2bf424277d4594bf7056aa8e6c/element - {"using":"xpath","value":"//*[@id=\"application-manageconditionprice-display-component---newCondition--condCurr-arrow\"]"}
RESULT: {"using":"xpath","value":"//*[@id=\"application-manageconditionprice-display-component---newCondition--condCurr-arrow\"]"}
COMMAND: POST /session/d7e4ce2bf424277d4594bf7056aa8e6c/element/f.CBC60766CDC2EFD503EA998F31B181AA.d.544B5241C9FFB65ECBEC0F03A8CDE278.e.11246/click - {}
RESULT: {}
COMMAND: POST /session/d7e4ce2bf424277d4594bf7056aa8e6c/element - {"using":"xpath","value":"//span[contains(text(), \"Euro\")]"}
COMMAND: GET /session/d7e4ce2bf424277d4594bf7056aa8e6c/screenshot - {}
RESULT: {"using":"xpath","value":"//span[contains(text(), \"Euro\")]"}
COMMAND: POST /session/d7e4ce2bf424277d4594bf7056aa8e6c/element/f.CBC60766CDC2EFD503EA998F31B181AA.d.544B5241C9FFB65ECBEC0F03A8CDE278.e.11331/click - {}
RESULT: {}
RESULT: {}
COMMAND: POST /session/d7e4ce2bf424277d4594bf7056aa8e6c/element - {"using":"xpath","value":"//button[@data-kt=\"saveButton\"]"}
COMMAND: GET /session/d7e4ce2bf424277d4594bf7056aa8e6c/screenshot - {}
RESULT: {"using":"xpath","value":"//button[@data-kt=\"saveButton\"]"}
COMMAND: POST /session/d7e4ce2bf424277d4594bf7056aa8e6c/element/f.CBC60766CDC2EFD503EA998F31B181AA.d.544B5241C9FFB65ECBEC0F03A8CDE278.e.11247/click - {}
RESULT: {}
RESULT: {}
COMMAND: GET /session/d7e4ce2bf424277d4594bf7056aa8e6c/screenshot - {}
RESULT: {}
COMMAND: POST /session/d7e4ce2bf424277d4594bf7056aa8e6c/element - {"using":"css selector","value":"#shell-header-logo"}
RESULT: {"using":"css selector","value":"#shell-header-logo"}
COMMAND: POST /session/d7e4ce2bf424277d4594bf7056aa8e6c/element/f.CBC60766CDC2EFD503EA998F31B181AA.d.544B5241C9FFB65ECBEC0F03A8CDE278.e.10793/click - {}
RESULT: {}
COMMAND: GET /session/d7e4ce2bf424277d4594bf7056aa8e6c/screenshot - {}
RESULT: {}
]]></system-out>
    </testcase>
    <testcase classname="chrome.136_0_7103_93.windows.E2E_-_Logistical_and_commercial_statuses" name="Should create a new contract" time="65.689">
      <system-out><![CDATA[
COMMAND: POST /session/d7e4ce2bf424277d4594bf7056aa8e6c/execute/async - {"script":"<script> [1562 bytes]","args":[{"selector":{"controlType":"sap.m.GenericTile","properties":{"header":"Manage Contracts"}},"wdio_ui5_key":"sapm.GenericTile{\"header\":\"Manage Contracts\"}"}]}
RESULT: {"script":"<script> [1562 bytes]","args":[{"selector":{"controlType":"sap.m.GenericTile","properties":{"header":"Manage Contracts"}},"wdio_ui5_key":"sapm.GenericTile{\"header\":\"Manage Contracts\"}"}]}
RESULT: undefined
COMMAND: POST /session/d7e4ce2bf424277d4594bf7056aa8e6c/element - {"using":"xpath","value":"//*[@id=\"__tile132\"]"}
RESULT: {"using":"xpath","value":"//*[@id=\"__tile132\"]"}
COMMAND: POST /session/d7e4ce2bf424277d4594bf7056aa8e6c/element/f.CBC60766CDC2EFD503EA998F31B181AA.d.544B5241C9FFB65ECBEC0F03A8CDE278.e.11486/click - {}
RESULT: {}
COMMAND: GET /session/d7e4ce2bf424277d4594bf7056aa8e6c/screenshot - {}
RESULT: {}
COMMAND: POST /session/d7e4ce2bf424277d4594bf7056aa8e6c/elements - {"using":"xpath","value":"//span[text()='Error']"}
RESULT: {"using":"xpath","value":"//span[text()='Error']"}
COMMAND: POST /session/d7e4ce2bf424277d4594bf7056aa8e6c/element - {"using":"xpath","value":"//button[@data-kt=\"addButton\"]"}
RESULT: {"using":"xpath","value":"//button[@data-kt=\"addButton\"]"}
COMMAND: POST /session/d7e4ce2bf424277d4594bf7056aa8e6c/element/f.CBC60766CDC2EFD503EA998F31B181AA.d.544B5241C9FFB65ECBEC0F03A8CDE278.e.11536/click - {}
RESULT: {}
COMMAND: GET /session/d7e4ce2bf424277d4594bf7056aa8e6c/screenshot - {}
COMMAND: POST /session/d7e4ce2bf424277d4594bf7056aa8e6c/execute/async - {"script":"<script> [1562 bytes]","args":[{"selector":{"id":"application-managecontracts-display-component---AddNewContract--projectDescription","interaction":{"idSuffix":"inner"}},"wdio_ui5_key":"applicationmanagecontracts-display-component---AddNewContract--projectDescription"}]}
RESULT: {}
RESULT: {"script":"<script> [1562 bytes]","args":[{"selector":{"id":"application-managecontracts-display-component---AddNewContract--projectDescription","interaction":{"idSuffix":"inner"}},"wdio_ui5_key":"applicationmanagecontracts-display-component---AddNewContract--projectDescription"}]}
RESULT: undefined
COMMAND: POST /session/d7e4ce2bf424277d4594bf7056aa8e6c/execute/async - {"script":"<script> [776 bytes]","args":[{"enterText":"WdIOR2c2akfqg","selector":{"id":"application-managecontracts-display-component---AddNewContract--projectDescription","interaction":{"idSuffix":"inner"}},"clearTextFirst":true,"interactionType":"ENTER_TEXT"}]}
RESULT: {"script":"<script> [776 bytes]","args":[{"enterText":"WdIOR2c2akfqg","selector":{"id":"application-managecontracts-display-component---AddNewContract--projectDescription","interaction":{"idSuffix":"inner"}},"clearTextFirst":true,"interactionType":"ENTER_TEXT"}]}
COMMAND: POST /session/d7e4ce2bf424277d4594bf7056aa8e6c/element - {"using":"xpath","value":"//input[@id=\"application-managecontracts-display-component---AddNewContract--yardId-inner\"]"}
RESULT: {"using":"xpath","value":"//input[@id=\"application-managecontracts-display-component---AddNewContract--yardId-inner\"]"}
COMMAND: POST /session/d7e4ce2bf424277d4594bf7056aa8e6c/element/f.CBC60766CDC2EFD503EA998F31B181AA.d.544B5241C9FFB65ECBEC0F03A8CDE278.e.11798/clear - {}
RESULT: {}
COMMAND: POST /session/d7e4ce2bf424277d4594bf7056aa8e6c/element/f.CBC60766CDC2EFD503EA998F31B181AA.d.544B5241C9FFB65ECBEC0F03A8CDE278.e.11798/value - {"text":"WebdriverYardu3g67"}
COMMAND: GET /session/d7e4ce2bf424277d4594bf7056aa8e6c/screenshot - {}
RESULT: {"text":"WebdriverYardu3g67"}
COMMAND: GET /session/d7e4ce2bf424277d4594bf7056aa8e6c/screenshot - {}
RESULT: {}
RESULT: {}
COMMAND: POST /session/d7e4ce2bf424277d4594bf7056aa8e6c/actions - {"actions":[{"id":"action43","type":"key","parameters":{},"actions":[{"type":"keyDown","value":""},{"type":"pause","duration":10},{"type":"keyUp","value":""}]}]}
RESULT: {"actions":[{"id":"action43","type":"key","parameters":{},"actions":[{"type":"keyDown","value":""},{"type":"pause","duration":10},{"type":"keyUp","value":""}]}]}
COMMAND: GET /session/d7e4ce2bf424277d4594bf7056aa8e6c/screenshot - {}
RESULT: {}
COMMAND: POST /session/d7e4ce2bf424277d4594bf7056aa8e6c/element - {"using":"xpath","value":"//input[@id=\"application-managecontracts-display-component---AddNewContract--customerSelect-inner\"]"}
RESULT: {"using":"xpath","value":"//input[@id=\"application-managecontracts-display-component---AddNewContract--customerSelect-inner\"]"}
COMMAND: POST /session/d7e4ce2bf424277d4594bf7056aa8e6c/element/f.CBC60766CDC2EFD503EA998F31B181AA.d.544B5241C9FFB65ECBEC0F03A8CDE278.e.11796/clear - {}
RESULT: {}
COMMAND: POST /session/d7e4ce2bf424277d4594bf7056aa8e6c/element/f.CBC60766CDC2EFD503EA998F31B181AA.d.544B5241C9FFB65ECBEC0F03A8CDE278.e.11796/value - {"text":"WebdriverPartnerrfdre"}
COMMAND: GET /session/d7e4ce2bf424277d4594bf7056aa8e6c/screenshot - {}
RESULT: {"text":"WebdriverPartnerrfdre"}
COMMAND: GET /session/d7e4ce2bf424277d4594bf7056aa8e6c/screenshot - {}
RESULT: {}
RESULT: {}
COMMAND: POST /session/d7e4ce2bf424277d4594bf7056aa8e6c/actions - {"actions":[{"id":"action44","type":"key","parameters":{},"actions":[{"type":"keyDown","value":""},{"type":"pause","duration":10},{"type":"keyUp","value":""}]}]}
RESULT: {"actions":[{"id":"action44","type":"key","parameters":{},"actions":[{"type":"keyDown","value":""},{"type":"pause","duration":10},{"type":"keyUp","value":""}]}]}
COMMAND: GET /session/d7e4ce2bf424277d4594bf7056aa8e6c/screenshot - {}
RESULT: {}
COMMAND: POST /session/d7e4ce2bf424277d4594bf7056aa8e6c/element - {"using":"xpath","value":"//input[@id=\"application-managecontracts-display-component---AddNewContract--site-inner\"]"}
RESULT: {"using":"xpath","value":"//input[@id=\"application-managecontracts-display-component---AddNewContract--site-inner\"]"}
COMMAND: POST /session/d7e4ce2bf424277d4594bf7056aa8e6c/element/f.CBC60766CDC2EFD503EA998F31B181AA.d.544B5241C9FFB65ECBEC0F03A8CDE278.e.11797/clear - {}
RESULT: {}
COMMAND: POST /session/d7e4ce2bf424277d4594bf7056aa8e6c/element/f.CBC60766CDC2EFD503EA998F31B181AA.d.544B5241C9FFB65ECBEC0F03A8CDE278.e.11797/value - {"text":"WebdriverSitenkupu"}
COMMAND: GET /session/d7e4ce2bf424277d4594bf7056aa8e6c/screenshot - {}
RESULT: {"text":"WebdriverSitenkupu"}
COMMAND: GET /session/d7e4ce2bf424277d4594bf7056aa8e6c/screenshot - {}
RESULT: {}
RESULT: {}
COMMAND: POST /session/d7e4ce2bf424277d4594bf7056aa8e6c/actions - {"actions":[{"id":"action45","type":"key","parameters":{},"actions":[{"type":"keyDown","value":""},{"type":"pause","duration":10},{"type":"keyUp","value":""}]}]}
RESULT: {"actions":[{"id":"action45","type":"key","parameters":{},"actions":[{"type":"keyDown","value":""},{"type":"pause","duration":10},{"type":"keyUp","value":""}]}]}
COMMAND: POST /session/d7e4ce2bf424277d4594bf7056aa8e6c/element - {"using":"xpath","value":"//button[@data-kt=\"saveButton\"]"}
COMMAND: GET /session/d7e4ce2bf424277d4594bf7056aa8e6c/screenshot - {}
RESULT: {"using":"xpath","value":"//button[@data-kt=\"saveButton\"]"}
COMMAND: POST /session/d7e4ce2bf424277d4594bf7056aa8e6c/element/f.CBC60766CDC2EFD503EA998F31B181AA.d.544B5241C9FFB65ECBEC0F03A8CDE278.e.11874/click - {}
RESULT: {}
RESULT: {}
COMMAND: GET /session/d7e4ce2bf424277d4594bf7056aa8e6c/screenshot - {}
RESULT: {}
COMMAND: POST /session/d7e4ce2bf424277d4594bf7056aa8e6c/execute/async - {"script":"<script> [1562 bytes]","args":[{"selector":{"id":"contractDetailTitleNoExpanded","viewName":"etm.portal.ui.managecontracts.view.Detail"},"wdio_ui5_key":"contractDetailTitleNoExpandedetmportal.ui.managecontracts.view.Detail"}]}
RESULT: {"script":"<script> [1562 bytes]","args":[{"selector":{"id":"contractDetailTitleNoExpanded","viewName":"etm.portal.ui.managecontracts.view.Detail"},"wdio_ui5_key":"contractDetailTitleNoExpandedetmportal.ui.managecontracts.view.Detail"}]}
RESULT: undefined
COMMAND: POST /session/d7e4ce2bf424277d4594bf7056aa8e6c/execute/async - {"script":"<script> [6424 bytes]","args":[{"element-6066-11e4-a52e-4f735466cecf":"f.CBC60766CDC2EFD503EA998F31B181AA.d.544B5241C9FFB65ECBEC0F03A8CDE278.e.11891"},"getText",[]]}
RESULT: {"script":"<script> [6424 bytes]","args":[{"element-6066-11e4-a52e-4f735466cecf":"f.CBC60766CDC2EFD503EA998F31B181AA.d.544B5241C9FFB65ECBEC0F03A8CDE278.e.11891"},"getText",[]]}
]]></system-out>
    </testcase>
    <testcase classname="chrome.136_0_7103_93.windows.E2E_-_Logistical_and_commercial_statuses" name="Should add materialID to the contract" time="47.065">
      <system-out><![CDATA[
COMMAND: POST /session/d7e4ce2bf424277d4594bf7056aa8e6c/element - {"using":"xpath","value":"//button[@data-kt=\"contractDetailEditBtnButton\"]"}
RESULT: {"using":"xpath","value":"//button[@data-kt=\"contractDetailEditBtnButton\"]"}
COMMAND: POST /session/d7e4ce2bf424277d4594bf7056aa8e6c/element/f.CBC60766CDC2EFD503EA998F31B181AA.d.544B5241C9FFB65ECBEC0F03A8CDE278.e.11892/click - {}
RESULT: {}
COMMAND: GET /session/d7e4ce2bf424277d4594bf7056aa8e6c/screenshot - {}
RESULT: {}
COMMAND: POST /session/d7e4ce2bf424277d4594bf7056aa8e6c/element - {"using":"xpath","value":"(//span[contains(text(), \"Additional Addresses\")])[2]"}
RESULT: {"using":"xpath","value":"(//span[contains(text(), \"Additional Addresses\")])[2]"}
COMMAND: POST /session/d7e4ce2bf424277d4594bf7056aa8e6c/element/f.CBC60766CDC2EFD503EA998F31B181AA.d.544B5241C9FFB65ECBEC0F03A8CDE278.e.11948/click - {}
RESULT: {}
COMMAND: GET /session/d7e4ce2bf424277d4594bf7056aa8e6c/screenshot - {}
RESULT: {}
COMMAND: POST /session/d7e4ce2bf424277d4594bf7056aa8e6c/element - {"using":"xpath","value":"//button[@data-kt=\"btnAddTableRowOverflowToolbarButton\"]"}
RESULT: {"using":"xpath","value":"//button[@data-kt=\"btnAddTableRowOverflowToolbarButton\"]"}
COMMAND: POST /session/d7e4ce2bf424277d4594bf7056aa8e6c/element/f.CBC60766CDC2EFD503EA998F31B181AA.d.544B5241C9FFB65ECBEC0F03A8CDE278.e.11952/click - {}
RESULT: {}
COMMAND: GET /session/d7e4ce2bf424277d4594bf7056aa8e6c/screenshot - {}
RESULT: {}
COMMAND: POST /session/d7e4ce2bf424277d4594bf7056aa8e6c/element - {"using":"xpath","value":"//div[(text() = 'Standard Entry' or . = 'Standard Entry')]"}
RESULT: {"using":"xpath","value":"//div[(text() = 'Standard Entry' or . = 'Standard Entry')]"}
COMMAND: POST /session/d7e4ce2bf424277d4594bf7056aa8e6c/element/f.CBC60766CDC2EFD503EA998F31B181AA.d.544B5241C9FFB65ECBEC0F03A8CDE278.e.11954/click - {}
RESULT: {}
COMMAND: POST /session/d7e4ce2bf424277d4594bf7056aa8e6c/element - {"using":"xpath","value":"//td[6]/div/div/input[1]"}
COMMAND: GET /session/d7e4ce2bf424277d4594bf7056aa8e6c/screenshot - {}
RESULT: {"using":"xpath","value":"//td[6]/div/div/input[1]"}
COMMAND: POST /session/d7e4ce2bf424277d4594bf7056aa8e6c/element/f.CBC60766CDC2EFD503EA998F31B181AA.d.544B5241C9FFB65ECBEC0F03A8CDE278.e.11956/click - {}
RESULT: {}
RESULT: {}
COMMAND: POST /session/d7e4ce2bf424277d4594bf7056aa8e6c/actions - {"actions":[{"id":"action46","type":"key","parameters":{},"actions":[{"type":"keyDown","value":""},{"type":"pause","duration":10},{"type":"keyUp","value":""}]}]}
COMMAND: GET /session/d7e4ce2bf424277d4594bf7056aa8e6c/screenshot - {}
RESULT: {"actions":[{"id":"action46","type":"key","parameters":{},"actions":[{"type":"keyDown","value":""},{"type":"pause","duration":10},{"type":"keyUp","value":""}]}]}
COMMAND: POST /session/d7e4ce2bf424277d4594bf7056aa8e6c/element - {"using":"xpath","value":"//td[6]/div/div/input[1]"}
COMMAND: GET /session/d7e4ce2bf424277d4594bf7056aa8e6c/screenshot - {}
RESULT: {}
RESULT: {"using":"xpath","value":"//td[6]/div/div/input[1]"}
COMMAND: POST /session/d7e4ce2bf424277d4594bf7056aa8e6c/element/f.CBC60766CDC2EFD503EA998F31B181AA.d.544B5241C9FFB65ECBEC0F03A8CDE278.e.11956/clear - {}
RESULT: {}
RESULT: {}
COMMAND: POST /session/d7e4ce2bf424277d4594bf7056aa8e6c/element/f.CBC60766CDC2EFD503EA998F31B181AA.d.544B5241C9FFB65ECBEC0F03A8CDE278.e.11956/value - {"text":"Material"}
COMMAND: GET /session/d7e4ce2bf424277d4594bf7056aa8e6c/screenshot - {}
RESULT: {"text":"Material"}
COMMAND: GET /session/d7e4ce2bf424277d4594bf7056aa8e6c/screenshot - {}
RESULT: {}
RESULT: {}
COMMAND: POST /session/d7e4ce2bf424277d4594bf7056aa8e6c/actions - {"actions":[{"id":"action47","type":"key","parameters":{},"actions":[{"type":"keyDown","value":""},{"type":"pause","duration":10},{"type":"keyUp","value":""}]}]}
RESULT: {"actions":[{"id":"action47","type":"key","parameters":{},"actions":[{"type":"keyDown","value":""},{"type":"pause","duration":10},{"type":"keyUp","value":""}]}]}
COMMAND: GET /session/d7e4ce2bf424277d4594bf7056aa8e6c/screenshot - {}
RESULT: {}
COMMAND: POST /session/d7e4ce2bf424277d4594bf7056aa8e6c/actions - {"actions":[{"id":"action48","type":"key","parameters":{},"actions":[{"type":"keyDown","value":""},{"type":"pause","duration":10},{"type":"keyUp","value":""}]}]}
RESULT: {"actions":[{"id":"action48","type":"key","parameters":{},"actions":[{"type":"keyDown","value":""},{"type":"pause","duration":10},{"type":"keyUp","value":""}]}]}
COMMAND: POST /session/d7e4ce2bf424277d4594bf7056aa8e6c/element - {"using":"xpath","value":"//td[7]/div/div/input"}
COMMAND: GET /session/d7e4ce2bf424277d4594bf7056aa8e6c/screenshot - {}
RESULT: {"using":"xpath","value":"//td[7]/div/div/input"}
COMMAND: POST /session/d7e4ce2bf424277d4594bf7056aa8e6c/element/f.CBC60766CDC2EFD503EA998F31B181AA.d.544B5241C9FFB65ECBEC0F03A8CDE278.e.11969/clear - {}
RESULT: {}
RESULT: {}
COMMAND: POST /session/d7e4ce2bf424277d4594bf7056aa8e6c/element/f.CBC60766CDC2EFD503EA998F31B181AA.d.544B5241C9FFB65ECBEC0F03A8CDE278.e.11969/value - {"text":"WebdriverRUR2Ccxey"}
COMMAND: GET /session/d7e4ce2bf424277d4594bf7056aa8e6c/screenshot - {}
RESULT: {"text":"WebdriverRUR2Ccxey"}
COMMAND: GET /session/d7e4ce2bf424277d4594bf7056aa8e6c/screenshot - {}
RESULT: {}
RESULT: {}
COMMAND: POST /session/d7e4ce2bf424277d4594bf7056aa8e6c/actions - {"actions":[{"id":"action49","type":"key","parameters":{},"actions":[{"type":"keyDown","value":""},{"type":"pause","duration":10},{"type":"keyUp","value":""}]}]}
RESULT: {"actions":[{"id":"action49","type":"key","parameters":{},"actions":[{"type":"keyDown","value":""},{"type":"pause","duration":10},{"type":"keyUp","value":""}]}]}
COMMAND: GET /session/d7e4ce2bf424277d4594bf7056aa8e6c/screenshot - {}
RESULT: {}
COMMAND: POST /session/d7e4ce2bf424277d4594bf7056aa8e6c/actions - {"actions":[{"id":"action50","type":"key","parameters":{},"actions":[{"type":"keyDown","value":""},{"type":"pause","duration":10},{"type":"keyUp","value":""}]}]}
RESULT: {"actions":[{"id":"action50","type":"key","parameters":{},"actions":[{"type":"keyDown","value":""},{"type":"pause","duration":10},{"type":"keyUp","value":""}]}]}
COMMAND: GET /session/d7e4ce2bf424277d4594bf7056aa8e6c/screenshot - {}
RESULT: {}
COMMAND: POST /session/d7e4ce2bf424277d4594bf7056aa8e6c/element - {"using":"xpath","value":"(//button[@data-kt=\"saveButton\"])[2]"}
RESULT: {"using":"xpath","value":"(//button[@data-kt=\"saveButton\"])[2]"}
COMMAND: POST /session/d7e4ce2bf424277d4594bf7056aa8e6c/element/f.CBC60766CDC2EFD503EA998F31B181AA.d.544B5241C9FFB65ECBEC0F03A8CDE278.e.11992/click - {}
RESULT: {}
COMMAND: GET /session/d7e4ce2bf424277d4594bf7056aa8e6c/screenshot - {}
RESULT: {}
]]></system-out>
    </testcase>
    <testcase classname="chrome.136_0_7103_93.windows.E2E_-_Logistical_and_commercial_statuses" name="It should follow the handover steps to the status fully provided" time="384.588">
      <system-out><![CDATA[
COMMAND: POST /session/d7e4ce2bf424277d4594bf7056aa8e6c/execute/async - {"script":"<script> [1562 bytes]","args":[{"selector":{"id":"contractDetailProvideButton","viewName":"etm.portal.ui.managecontracts.view.Detail","interaction":{"idSuffix":"BDI-content"}},"wdio_ui5_key":"contractDetailProvideButtonetmportal.ui.managecontracts.view.Detail"}]}
RESULT: {"script":"<script> [1562 bytes]","args":[{"selector":{"id":"contractDetailProvideButton","viewName":"etm.portal.ui.managecontracts.view.Detail","interaction":{"idSuffix":"BDI-content"}},"wdio_ui5_key":"contractDetailProvideButtonetmportal.ui.managecontracts.view.Detail"}]}
RESULT: undefined
COMMAND: POST /session/d7e4ce2bf424277d4594bf7056aa8e6c/element - {"using":"xpath","value":"//*[@id=\"__xmlview61--contractDetailProvideButton\"]"}
RESULT: {"using":"xpath","value":"//*[@id=\"__xmlview61--contractDetailProvideButton\"]"}
COMMAND: POST /session/d7e4ce2bf424277d4594bf7056aa8e6c/element/f.CBC60766CDC2EFD503EA998F31B181AA.d.544B5241C9FFB65ECBEC0F03A8CDE278.e.12000/click - {}
RESULT: {}
COMMAND: GET /session/d7e4ce2bf424277d4594bf7056aa8e6c/screenshot - {}
RESULT: {}
COMMAND: POST /session/d7e4ce2bf424277d4594bf7056aa8e6c/execute/async - {"script":"<script> [1562 bytes]","args":[{"selector":{"id":"application-managehandovers-display-component---AddNewHO--oneStep","interaction":{"idSuffix":"CbBg"}},"wdio_ui5_key":"applicationmanagehandovers-display-component---AddNewHO--oneStep"}]}
RESULT: {"script":"<script> [1562 bytes]","args":[{"selector":{"id":"application-managehandovers-display-component---AddNewHO--oneStep","interaction":{"idSuffix":"CbBg"}},"wdio_ui5_key":"applicationmanagehandovers-display-component---AddNewHO--oneStep"}]}
RESULT: undefined
COMMAND: POST /session/d7e4ce2bf424277d4594bf7056aa8e6c/element - {"using":"xpath","value":"//*[@id=\"application-managehandovers-display-component---AddNewHO--oneStep\"]"}
RESULT: {"using":"xpath","value":"//*[@id=\"application-managehandovers-display-component---AddNewHO--oneStep\"]"}
COMMAND: POST /session/d7e4ce2bf424277d4594bf7056aa8e6c/element/f.CBC60766CDC2EFD503EA998F31B181AA.d.544B5241C9FFB65ECBEC0F03A8CDE278.e.12129/click - {}
RESULT: {}
RESULT: undefined
COMMAND: POST /session/d7e4ce2bf424277d4594bf7056aa8e6c/execute/async - {"script":"<script> [776 bytes]","args":[{"enterText":"05/26/25","selector":{"id":"application-managehandovers-display-component---AddNewHO--dueDate","interaction":{"idSuffix":"inner"}},"clearTextFirst":true,"interactionType":"ENTER_TEXT"}]}
COMMAND: GET /session/d7e4ce2bf424277d4594bf7056aa8e6c/screenshot - {}
RESULT: {"script":"<script> [776 bytes]","args":[{"enterText":"05/26/25","selector":{"id":"application-managehandovers-display-component---AddNewHO--dueDate","interaction":{"idSuffix":"inner"}},"clearTextFirst":true,"interactionType":"ENTER_TEXT"}]}
RESULT: undefined
COMMAND: POST /session/d7e4ce2bf424277d4594bf7056aa8e6c/element - {"using":"xpath","value":"//*[@id=\"application-managehandovers-display-component---AddNewHO--ObjectPageLayout-anchBar-application-managehandovers-display-component---AddNewHO--section4-anchor\"]"}
RESULT: {}
RESULT: {"using":"xpath","value":"//*[@id=\"application-managehandovers-display-component---AddNewHO--ObjectPageLayout-anchBar-application-managehandovers-display-component---AddNewHO--section4-anchor\"]"}
COMMAND: POST /session/d7e4ce2bf424277d4594bf7056aa8e6c/element/f.CBC60766CDC2EFD503EA998F31B181AA.d.544B5241C9FFB65ECBEC0F03A8CDE278.e.12130/click - {}
RESULT: {}
COMMAND: POST /session/d7e4ce2bf424277d4594bf7056aa8e6c/execute/async - {"script":"<script> [1562 bytes]","args":[{"selector":{"controlType":"sap.ui.core.Icon","viewName":"etm.portal.ui.managehandovers.view.AddNewHO","viewId":"application-managehandovers-display-component---AddNewHO","properties":{"src":{"regex":{"source":"add"}}}},"wdio_ui5_key":"etmportal.ui.managehandovers.view.AddNewHOsap.ui.core.Icon{\"src\":{\"regex\":{\"source\":\"add\"}}}"}]}
COMMAND: GET /session/d7e4ce2bf424277d4594bf7056aa8e6c/screenshot - {}
RESULT: {"script":"<script> [1562 bytes]","args":[{"selector":{"controlType":"sap.ui.core.Icon","viewName":"etm.portal.ui.managehandovers.view.AddNewHO","viewId":"application-managehandovers-display-component---AddNewHO","properties":{"src":{"regex":{"source":"add"}}}},"wdio_ui5_key":"etmportal.ui.managehandovers.view.AddNewHOsap.ui.core.Icon{\"src\":{\"regex\":{\"source\":\"add\"}}}"}]}
RESULT: undefined
COMMAND: POST /session/d7e4ce2bf424277d4594bf7056aa8e6c/element - {"using":"xpath","value":"//*[@id=\"__button178-img\"]"}
RESULT: {}
RESULT: {"using":"xpath","value":"//*[@id=\"__button178-img\"]"}
COMMAND: POST /session/d7e4ce2bf424277d4594bf7056aa8e6c/element/f.CBC60766CDC2EFD503EA998F31B181AA.d.544B5241C9FFB65ECBEC0F03A8CDE278.e.12134/click - {}
RESULT: {}
COMMAND: GET /session/d7e4ce2bf424277d4594bf7056aa8e6c/screenshot - {}
RESULT: {}
RESULT: undefined
COMMAND: POST /session/d7e4ce2bf424277d4594bf7056aa8e6c/element - {"using":"xpath","value":"//*[@id=\"application-managehandovers-display-component---AddNewHO--popup-sa\"]"}
RESULT: {"using":"xpath","value":"//*[@id=\"application-managehandovers-display-component---AddNewHO--popup-sa\"]"}
COMMAND: POST /session/d7e4ce2bf424277d4594bf7056aa8e6c/element/f.CBC60766CDC2EFD503EA998F31B181AA.d.544B5241C9FFB65ECBEC0F03A8CDE278.e.12145/click - {}
RESULT: {}
COMMAND: POST /session/d7e4ce2bf424277d4594bf7056aa8e6c/execute/async - {"script":"<script> [1562 bytes]","args":[{"selector":{"controlType":"sap.m.Button","viewName":"etm.portal.ui.managehandovers.view.AddNewHO","viewId":"application-managehandovers-display-component---AddNewHO","i18NText":{"propertyName":"text","key":"select"},"searchOpenDialogs":true,"interaction":{"idSuffix":"inner"}},"wdio_ui5_key":"etmportal.ui.managehandovers.view.AddNewHOsap.m.Button{\"propertyName\":\"text\",\"key\":\"select\"}"}]}
COMMAND: GET /session/d7e4ce2bf424277d4594bf7056aa8e6c/screenshot - {}
RESULT: {"script":"<script> [1562 bytes]","args":[{"selector":{"controlType":"sap.m.Button","viewName":"etm.portal.ui.managehandovers.view.AddNewHO","viewId":"application-managehandovers-display-component---AddNewHO","i18NText":{"propertyName":"text","key":"select"},"searchOpenDialogs":true,"interaction":{"idSuffix":"inner"}},"wdio_ui5_key":"etmportal.ui.managehandovers.view.AddNewHOsap.m.Button{\"propertyName\":\"text\",\"key\":\"select\"}"}]}
RESULT: undefined
COMMAND: POST /session/d7e4ce2bf424277d4594bf7056aa8e6c/element - {"using":"xpath","value":"//*[@id=\"__button182\"]"}
RESULT: {}
RESULT: {"using":"xpath","value":"//*[@id=\"__button182\"]"}
COMMAND: POST /session/d7e4ce2bf424277d4594bf7056aa8e6c/element/f.CBC60766CDC2EFD503EA998F31B181AA.d.544B5241C9FFB65ECBEC0F03A8CDE278.e.12147/click - {}
RESULT: {}
COMMAND: POST /session/d7e4ce2bf424277d4594bf7056aa8e6c/execute/async - {"script":"<script> [1562 bytes]","args":[{"selector":{"id":"application-managehandovers-display-component---AddNewHO--confirmCreationButton","interaction":{"idSuffix":"BDI-content"}},"wdio_ui5_key":"applicationmanagehandovers-display-component---AddNewHO--confirmCreationButton"}]}
COMMAND: GET /session/d7e4ce2bf424277d4594bf7056aa8e6c/screenshot - {}
RESULT: {"script":"<script> [1562 bytes]","args":[{"selector":{"id":"application-managehandovers-display-component---AddNewHO--confirmCreationButton","interaction":{"idSuffix":"BDI-content"}},"wdio_ui5_key":"applicationmanagehandovers-display-component---AddNewHO--confirmCreationButton"}]}
RESULT: undefined
COMMAND: POST /session/d7e4ce2bf424277d4594bf7056aa8e6c/element - {"using":"xpath","value":"//*[@id=\"application-managehandovers-display-component---AddNewHO--confirmCreationButton\"]"}
RESULT: {}
RESULT: {"using":"xpath","value":"//*[@id=\"application-managehandovers-display-component---AddNewHO--confirmCreationButton\"]"}
COMMAND: POST /session/d7e4ce2bf424277d4594bf7056aa8e6c/element/f.CBC60766CDC2EFD503EA998F31B181AA.d.544B5241C9FFB65ECBEC0F03A8CDE278.e.12087/click - {}
RESULT: {}
COMMAND: GET /session/d7e4ce2bf424277d4594bf7056aa8e6c/screenshot - {}
RESULT: {}
COMMAND: POST /session/d7e4ce2bf424277d4594bf7056aa8e6c/element - {"using":"xpath","value":"//a[contains(@data-kt ,\"GeneralSectionReceiveContracttLink\")]"}
RESULT: {"using":"xpath","value":"//a[contains(@data-kt ,\"GeneralSectionReceiveContracttLink\")]"}
COMMAND: POST /session/d7e4ce2bf424277d4594bf7056aa8e6c/element/f.CBC60766CDC2EFD503EA998F31B181AA.d.544B5241C9FFB65ECBEC0F03A8CDE278.e.12196/click - {}
RESULT: {}
COMMAND: GET /session/d7e4ce2bf424277d4594bf7056aa8e6c/screenshot - {}
RESULT: {}
COMMAND: POST /session/d7e4ce2bf424277d4594bf7056aa8e6c/element - {"using":"xpath","value":"//a[contains(@data-kt ,\"ContextMenuId2Link\")]"}
RESULT: {"using":"xpath","value":"//a[contains(@data-kt ,\"ContextMenuId2Link\")]"}
COMMAND: POST /session/d7e4ce2bf424277d4594bf7056aa8e6c/element/f.CBC60766CDC2EFD503EA998F31B181AA.d.544B5241C9FFB65ECBEC0F03A8CDE278.e.12201/click - {}
RESULT: {}
COMMAND: GET /session/d7e4ce2bf424277d4594bf7056aa8e6c/screenshot - {}
RESULT: {}
COMMAND: POST /session/d7e4ce2bf424277d4594bf7056aa8e6c/execute/async - {"script":"<script> [1562 bytes]","args":[{"selector":{"controlType":"sap.m.ObjectStatus","viewName":"etm.portal.ui.managecontracts.view.Detail","bindingPath":{"propertyPath":"LINK_TO_LOGISTICAL_STATUS/DESCRIPTION","modelName":"catalogModel"}},"wdio_ui5_key":"etmportal.ui.managecontracts.view.Detailsap.m.ObjectStatus{\"propertyPath\":\"LINK_TO_LOGISTICAL_STATUS/DESCRIPTION\",\"modelName\":\"catalogModel\"}"}]}
RESULT: {"script":"<script> [1562 bytes]","args":[{"selector":{"controlType":"sap.m.ObjectStatus","viewName":"etm.portal.ui.managecontracts.view.Detail","bindingPath":{"propertyPath":"LINK_TO_LOGISTICAL_STATUS/DESCRIPTION","modelName":"catalogModel"}},"wdio_ui5_key":"etmportal.ui.managecontracts.view.Detailsap.m.ObjectStatus{\"propertyPath\":\"LINK_TO_LOGISTICAL_STATUS/DESCRIPTION\",\"modelName\":\"catalogModel\"}"}]}
RESULT: undefined
COMMAND: POST /session/d7e4ce2bf424277d4594bf7056aa8e6c/execute/async - {"script":"<script> [6424 bytes]","args":[{"element-6066-11e4-a52e-4f735466cecf":"f.CBC60766CDC2EFD503EA998F31B181AA.d.544B5241C9FFB65ECBEC0F03A8CDE278.e.12434"},"getText",[]]}
RESULT: {"script":"<script> [6424 bytes]","args":[{"element-6066-11e4-a52e-4f735466cecf":"f.CBC60766CDC2EFD503EA998F31B181AA.d.544B5241C9FFB65ECBEC0F03A8CDE278.e.12434"},"getText",[]]}
COMMAND: POST /session/d7e4ce2bf424277d4594bf7056aa8e6c/execute/async - {"script":"<script> [1562 bytes]","args":[{"selector":{"controlType":"sap.m.ObjectStatus","viewName":"etm.portal.ui.managecontracts.view.Detail","bindingPath":{"propertyPath":"LINK_TO_COMMERCIAL_STATUS/DESCRIPTION","modelName":"catalogModel"}},"wdio_ui5_key":"etmportal.ui.managecontracts.view.Detailsap.m.ObjectStatus{\"propertyPath\":\"LINK_TO_COMMERCIAL_STATUS/DESCRIPTION\",\"modelName\":\"catalogModel\"}"}]}
RESULT: {"script":"<script> [1562 bytes]","args":[{"selector":{"controlType":"sap.m.ObjectStatus","viewName":"etm.portal.ui.managecontracts.view.Detail","bindingPath":{"propertyPath":"LINK_TO_COMMERCIAL_STATUS/DESCRIPTION","modelName":"catalogModel"}},"wdio_ui5_key":"etmportal.ui.managecontracts.view.Detailsap.m.ObjectStatus{\"propertyPath\":\"LINK_TO_COMMERCIAL_STATUS/DESCRIPTION\",\"modelName\":\"catalogModel\"}"}]}
RESULT: undefined
COMMAND: POST /session/d7e4ce2bf424277d4594bf7056aa8e6c/execute/async - {"script":"<script> [6424 bytes]","args":[{"element-6066-11e4-a52e-4f735466cecf":"f.CBC60766CDC2EFD503EA998F31B181AA.d.544B5241C9FFB65ECBEC0F03A8CDE278.e.12435"},"getText",[]]}
RESULT: {"script":"<script> [6424 bytes]","args":[{"element-6066-11e4-a52e-4f735466cecf":"f.CBC60766CDC2EFD503EA998F31B181AA.d.544B5241C9FFB65ECBEC0F03A8CDE278.e.12435"},"getText",[]]}
COMMAND: POST /session/d7e4ce2bf424277d4594bf7056aa8e6c/execute/async - {"script":"<script> [1562 bytes]","args":[{"selector":{"id":"backBtn"},"wdio_ui5_key":"backBtn"}]}
RESULT: {"script":"<script> [1562 bytes]","args":[{"selector":{"id":"backBtn"},"wdio_ui5_key":"backBtn"}]}
RESULT: undefined
COMMAND: POST /session/d7e4ce2bf424277d4594bf7056aa8e6c/element - {"using":"xpath","value":"//*[@id=\"backBtn\"]"}
RESULT: {"using":"xpath","value":"//*[@id=\"backBtn\"]"}
COMMAND: POST /session/d7e4ce2bf424277d4594bf7056aa8e6c/element/f.CBC60766CDC2EFD503EA998F31B181AA.d.544B5241C9FFB65ECBEC0F03A8CDE278.e.12436/click - {}
RESULT: {}
COMMAND: GET /session/d7e4ce2bf424277d4594bf7056aa8e6c/screenshot - {}
COMMAND: POST /session/d7e4ce2bf424277d4594bf7056aa8e6c/execute/async - {"script":"<script> [1562 bytes]","args":[{"selector":{"controlType":"sap.m.Text","viewName":"etm.portal.ui.managehandovers.view.DetailExecuteHO","bindingPath":{"propertyPath":"NO","modelName":"catalogModel"}},"wdio_ui5_key":"etmportal.ui.managehandovers.view.DetailExecuteHOsap.m.Text{\"propertyPath\":\"NO\",\"modelName\":\"catalogModel\"}"}]}
RESULT: {}
RESULT: {"script":"<script> [1562 bytes]","args":[{"selector":{"controlType":"sap.m.Text","viewName":"etm.portal.ui.managehandovers.view.DetailExecuteHO","bindingPath":{"propertyPath":"NO","modelName":"catalogModel"}},"wdio_ui5_key":"etmportal.ui.managehandovers.view.DetailExecuteHOsap.m.Text{\"propertyPath\":\"NO\",\"modelName\":\"catalogModel\"}"}]}
RESULT: undefined
COMMAND: POST /session/d7e4ce2bf424277d4594bf7056aa8e6c/execute/async - {"script":"<script> [6424 bytes]","args":[{"element-6066-11e4-a52e-4f735466cecf":"f.CBC60766CDC2EFD503EA998F31B181AA.d.544B5241C9FFB65ECBEC0F03A8CDE278.e.12568"},"getText",[]]}
RESULT: {"script":"<script> [6424 bytes]","args":[{"element-6066-11e4-a52e-4f735466cecf":"f.CBC60766CDC2EFD503EA998F31B181AA.d.544B5241C9FFB65ECBEC0F03A8CDE278.e.12568"},"getText",[]]}
COMMAND: POST /session/d7e4ce2bf424277d4594bf7056aa8e6c/element - {"using":"xpath","value":"//input[contains(@id ,\"issueDatePicker-inner\")]"}
RESULT: {"using":"xpath","value":"//input[contains(@id ,\"issueDatePicker-inner\")]"}
COMMAND: GET /session/d7e4ce2bf424277d4594bf7056aa8e6c/element/f.CBC60766CDC2EFD503EA998F31B181AA.d.544B5241C9FFB65ECBEC0F03A8CDE278.e.12532/property/value - {}
RESULT: {}
COMMAND: POST /session/d7e4ce2bf424277d4594bf7056aa8e6c/element/f.CBC60766CDC2EFD503EA998F31B181AA.d.544B5241C9FFB65ECBEC0F03A8CDE278.e.12532/clear - {}
COMMAND: GET /session/d7e4ce2bf424277d4594bf7056aa8e6c/screenshot - {}
RESULT: {}
COMMAND: POST /session/d7e4ce2bf424277d4594bf7056aa8e6c/element/f.CBC60766CDC2EFD503EA998F31B181AA.d.544B5241C9FFB65ECBEC0F03A8CDE278.e.12532/value - {"text":"05/26/25"}
COMMAND: GET /session/d7e4ce2bf424277d4594bf7056aa8e6c/screenshot - {}
RESULT: {}
RESULT: {"text":"05/26/25"}
COMMAND: GET /session/d7e4ce2bf424277d4594bf7056aa8e6c/screenshot - {}
RESULT: {}
RESULT: {}
COMMAND: POST /session/d7e4ce2bf424277d4594bf7056aa8e6c/execute/async - {"script":"<script> [1562 bytes]","args":[{"selector":{"controlType":"sap.m.Button","viewName":"etm.portal.ui.managehandovers.view.DetailExecuteHO","i18NText":{"propertyName":"text","key":"confirmAll"},"interaction":{"idSuffix":"inner"}},"wdio_ui5_key":"etmportal.ui.managehandovers.view.DetailExecuteHOsap.m.Button{\"propertyName\":\"text\",\"key\":\"confirmAll\"}"}]}
RESULT: {"script":"<script> [1562 bytes]","args":[{"selector":{"controlType":"sap.m.Button","viewName":"etm.portal.ui.managehandovers.view.DetailExecuteHO","i18NText":{"propertyName":"text","key":"confirmAll"},"interaction":{"idSuffix":"inner"}},"wdio_ui5_key":"etmportal.ui.managehandovers.view.DetailExecuteHOsap.m.Button{\"propertyName\":\"text\",\"key\":\"confirmAll\"}"}]}
RESULT: undefined
COMMAND: POST /session/d7e4ce2bf424277d4594bf7056aa8e6c/element - {"using":"xpath","value":"//*[@id=\"__button266\"]"}
RESULT: {"using":"xpath","value":"//*[@id=\"__button266\"]"}
COMMAND: POST /session/d7e4ce2bf424277d4594bf7056aa8e6c/element/f.CBC60766CDC2EFD503EA998F31B181AA.d.544B5241C9FFB65ECBEC0F03A8CDE278.e.12571/click - {}
RESULT: {}
COMMAND: GET /session/d7e4ce2bf424277d4594bf7056aa8e6c/screenshot - {}
RESULT: {}
COMMAND: POST /session/d7e4ce2bf424277d4594bf7056aa8e6c/actions - {"actions":[{"id":"action51","type":"key","parameters":{},"actions":[{"type":"keyDown","value":""},{"type":"pause","duration":10},{"type":"keyUp","value":""}]}]}
RESULT: {"actions":[{"id":"action51","type":"key","parameters":{},"actions":[{"type":"keyDown","value":""},{"type":"pause","duration":10},{"type":"keyUp","value":""}]}]}
COMMAND: GET /session/d7e4ce2bf424277d4594bf7056aa8e6c/screenshot - {}
RESULT: {}
RESULT: undefined
COMMAND: POST /session/d7e4ce2bf424277d4594bf7056aa8e6c/element - {"using":"xpath","value":"//*[@id=\"__button266\"]"}
RESULT: {"using":"xpath","value":"//*[@id=\"__button266\"]"}
COMMAND: POST /session/d7e4ce2bf424277d4594bf7056aa8e6c/element/f.CBC60766CDC2EFD503EA998F31B181AA.d.544B5241C9FFB65ECBEC0F03A8CDE278.e.12571/click - {}
RESULT: {}
COMMAND: GET /session/d7e4ce2bf424277d4594bf7056aa8e6c/screenshot - {}
RESULT: {}
COMMAND: POST /session/d7e4ce2bf424277d4594bf7056aa8e6c/execute/async - {"script":"<script> [1562 bytes]","args":[{"selector":{"controlType":"sap.m.Button","properties":{"text":"OK"},"searchOpenDialogs":true,"interaction":{"idSuffix":"content"}},"wdio_ui5_key":"sapm.Button{\"text\":\"OK\"}"}]}
RESULT: {"script":"<script> [1562 bytes]","args":[{"selector":{"controlType":"sap.m.Button","properties":{"text":"OK"},"searchOpenDialogs":true,"interaction":{"idSuffix":"content"}},"wdio_ui5_key":"sapm.Button{\"text\":\"OK\"}"}]}
RESULT: undefined
COMMAND: POST /session/d7e4ce2bf424277d4594bf7056aa8e6c/element - {"using":"xpath","value":"//*[@id=\"__mbox-btn-4\"]"}
RESULT: {"using":"xpath","value":"//*[@id=\"__mbox-btn-4\"]"}
COMMAND: POST /session/d7e4ce2bf424277d4594bf7056aa8e6c/element/f.CBC60766CDC2EFD503EA998F31B181AA.d.544B5241C9FFB65ECBEC0F03A8CDE278.e.12579/click - {}
RESULT: {}
COMMAND: GET /session/d7e4ce2bf424277d4594bf7056aa8e6c/screenshot - {}
RESULT: {}
COMMAND: POST /session/d7e4ce2bf424277d4594bf7056aa8e6c/element - {"using":"xpath","value":"//button[contains(@data-kt ,\"execHoPickFooterButton\")]"}
RESULT: {"using":"xpath","value":"//button[contains(@data-kt ,\"execHoPickFooterButton\")]"}
COMMAND: POST /session/d7e4ce2bf424277d4594bf7056aa8e6c/element/f.CBC60766CDC2EFD503EA998F31B181AA.d.544B5241C9FFB65ECBEC0F03A8CDE278.e.12583/click - {}
RESULT: {}
COMMAND: GET /session/d7e4ce2bf424277d4594bf7056aa8e6c/screenshot - {}
RESULT: {}
COMMAND: POST /session/d7e4ce2bf424277d4594bf7056aa8e6c/refresh - {}
RESULT: {}
COMMAND: GET /session/d7e4ce2bf424277d4594bf7056aa8e6c/screenshot - {}
RESULT: {}
COMMAND: POST /session/d7e4ce2bf424277d4594bf7056aa8e6c/refresh - {}
RESULT: {}
COMMAND: GET /session/d7e4ce2bf424277d4594bf7056aa8e6c/screenshot - {}
RESULT: {}
COMMAND: POST /session/d7e4ce2bf424277d4594bf7056aa8e6c/window/fullscreen - {}
RESULT: {}
COMMAND: POST /session/d7e4ce2bf424277d4594bf7056aa8e6c/execute/async - {"script":"<script> [189 bytes]","args":[]}
RESULT: {"script":"<script> [189 bytes]","args":[]}
COMMAND: POST /session/d7e4ce2bf424277d4594bf7056aa8e6c/execute/async - {"script":"<script> [123 bytes]","args":[]}
RESULT: {"script":"<script> [123 bytes]","args":[]}
COMMAND: POST /session/d7e4ce2bf424277d4594bf7056aa8e6c/timeouts - {"script":"<number>"}
RESULT: {"script":"<number>"}
COMMAND: GET /session/d7e4ce2bf424277d4594bf7056aa8e6c/timeouts - {}
RESULT: {}
RESULT: undefined
COMMAND: POST /session/d7e4ce2bf424277d4594bf7056aa8e6c/execute/async - {"script":"<script> [2676 bytes]","args":[]}
RESULT: {"script":"<script> [2676 bytes]","args":[]}
COMMAND: POST /session/d7e4ce2bf424277d4594bf7056aa8e6c/execute/async - {"script":"<script> [2342 bytes]","args":[{"protocol":"http","hostname":"0.0.0.0","path":"/","capabilities":{"browserName":"chrome","goog:chromeOptions":{"binary":"C:\\Program Files\\Google\\Chrome\\Application\\chrome.exe","args":["--start-maximized"]}},"logLevel":"warn","connectionRetryTimeout":120000,"connectionRetryCount":3,"logLevels":{},"enableDirectConnect":true,"strictSSL":true,"_":"65 more keys: [\"cacheDir\",\"port\",\"requestedCapabilities\",\"automationProtocol\",\"baseUrl\",\"waitforInterval\",\"waitforTimeout\",\"onReload\",\"beforeCommand\",\"afterCommand\",\"rootDir\",\"specs\",\"suites\",\"exclude\",\"groupLogsByTestSpec\",\"excludeDriverLogs\",\"bail\",\"framework\",\"reporters\",\"services\",\"maxInstances\",\"maxInstancesPerCapability\",\"injectGlobals\",\"filesToWatch\",\"execArgv\",\"runnerEnv\",\"runner\",\"shard\",\"specFileRetries\",\"specFileRetriesDelay\",\"specFileRetriesDeferred\",\"reporterSyncInterval\",\"reporterSyncTimeout\",\"cucumberFeaturesWithLineNumbers\",\"autoCompileOpts\",\"mochaOpts\",\"jasmineOpts\",\"cucumberOpts\",\"onPrepare\",\"onWorkerStart\",\"onWorkerEnd\",\"before\",\"beforeSession\",\"beforeSuite\",\"beforeHook\",\"beforeTest\",\"afterTest\",\"afterHook\",\"afterSuite\",\"afterSession\",\"after\",\"onComplete\",\"beforeAssertion\",\"afterAssertion\",\"beforeFeature\",\"beforeScenario\",\"beforeStep\",\"afterStep\",\"afterScenario\",\"afterFeature\",\"_\",\"suite\",\"$0\",\"ignoredWorkerServices\",\"wdi5\"]"}]}
RESULT: {"script":"<script> [2342 bytes]","args":[{"protocol":"http","hostname":"0.0.0.0","path":"/","capabilities":{"browserName":"chrome","goog:chromeOptions":{"binary":"C:\\Program Files\\Google\\Chrome\\Application\\chrome.exe","args":["--start-maximized"]}},"logLevel":"warn","connectionRetryTimeout":120000,"connectionRetryCount":3,"logLevels":{},"enableDirectConnect":true,"strictSSL":true,"_":"65 more keys: [\"cacheDir\",\"port\",\"requestedCapabilities\",\"automationProtocol\",\"baseUrl\",\"waitforInterval\",\"waitforTimeout\",\"onReload\",\"beforeCommand\",\"afterCommand\",\"rootDir\",\"specs\",\"suites\",\"exclude\",\"groupLogsByTestSpec\",\"excludeDriverLogs\",\"bail\",\"framework\",\"reporters\",\"services\",\"maxInstances\",\"maxInstancesPerCapability\",\"injectGlobals\",\"filesToWatch\",\"execArgv\",\"runnerEnv\",\"runner\",\"shard\",\"specFileRetries\",\"specFileRetriesDelay\",\"specFileRetriesDeferred\",\"reporterSyncInterval\",\"reporterSyncTimeout\",\"cucumberFeaturesWithLineNumbers\",\"autoCompileOpts\",\"mochaOpts\",\"jasmineOpts\",\"cucumberOpts\",\"onPrepare\",\"onWorkerStart\",\"onWorkerEnd\",\"before\",\"beforeSession\",\"beforeSuite\",\"beforeHook\",\"beforeTest\",\"afterTest\",\"afterHook\",\"afterSuite\",\"afterSession\",\"after\",\"onComplete\",\"beforeAssertion\",\"afterAssertion\",\"beforeFeature\",\"beforeScenario\",\"beforeStep\",\"afterStep\",\"afterScenario\",\"afterFeature\",\"_\",\"suite\",\"$0\",\"ignoredWorkerServices\",\"wdi5\"]"}]}
COMMAND: POST /session/d7e4ce2bf424277d4594bf7056aa8e6c/execute/async - {"script":"<script> [21126 bytes]","args":[35000]}
RESULT: {"script":"<script> [21126 bytes]","args":[35000]}
COMMAND: POST /session/d7e4ce2bf424277d4594bf7056aa8e6c/execute/async - {"script":"<script> [1562 bytes]","args":[{"selector":{"controlType":"sap.m.SearchField","viewName":"etm.portal.ui.managehandovers.view.MasterHO","bindingPath":{"path":"","propertyPath":"/_BASIC_SEARCH_FIELD","modelName":"fi1t3rM0d31"},"interaction":{"idSuffix":"I"}},"wdio_ui5_key":"etmportal.ui.managehandovers.view.MasterHOsap.m.SearchField{\"path\":\"\",\"propertyPath\":\"/_BASIC_SEARCH_FIELD\",\"modelName\":\"fi1t3rM0d31\"}"}]}
RESULT: {"script":"<script> [1562 bytes]","args":[{"selector":{"controlType":"sap.m.SearchField","viewName":"etm.portal.ui.managehandovers.view.MasterHO","bindingPath":{"path":"","propertyPath":"/_BASIC_SEARCH_FIELD","modelName":"fi1t3rM0d31"},"interaction":{"idSuffix":"I"}},"wdio_ui5_key":"etmportal.ui.managehandovers.view.MasterHOsap.m.SearchField{\"path\":\"\",\"propertyPath\":\"/_BASIC_SEARCH_FIELD\",\"modelName\":\"fi1t3rM0d31\"}"}]}
RESULT: undefined
COMMAND: POST /session/d7e4ce2bf424277d4594bf7056aa8e6c/execute/async - {"script":"<script> [776 bytes]","args":[{"enterText":"30619","selector":{"controlType":"sap.m.SearchField","viewName":"etm.portal.ui.managehandovers.view.MasterHO","bindingPath":{"path":"","propertyPath":"/_BASIC_SEARCH_FIELD","modelName":"fi1t3rM0d31"},"interaction":{"idSuffix":"I"}},"clearTextFirst":true,"interactionType":"ENTER_TEXT"}]}
RESULT: {"script":"<script> [776 bytes]","args":[{"enterText":"30619","selector":{"controlType":"sap.m.SearchField","viewName":"etm.portal.ui.managehandovers.view.MasterHO","bindingPath":{"path":"","propertyPath":"/_BASIC_SEARCH_FIELD","modelName":"fi1t3rM0d31"},"interaction":{"idSuffix":"I"}},"clearTextFirst":true,"interactionType":"ENTER_TEXT"}]}
COMMAND: POST /session/d7e4ce2bf424277d4594bf7056aa8e6c/actions - {"actions":[{"id":"action52","type":"key","parameters":{},"actions":[{"type":"keyDown","value":""},{"type":"pause","duration":10},{"type":"keyUp","value":""}]}]}
RESULT: {"actions":[{"id":"action52","type":"key","parameters":{},"actions":[{"type":"keyDown","value":""},{"type":"pause","duration":10},{"type":"keyUp","value":""}]}]}
COMMAND: GET /session/d7e4ce2bf424277d4594bf7056aa8e6c/screenshot - {}
RESULT: {}
COMMAND: POST /session/d7e4ce2bf424277d4594bf7056aa8e6c/execute/async - {"script":"<script> [1562 bytes]","args":[{"selector":{"controlType":"sap.m.Title","viewName":"etm.portal.ui.managehandovers.view.MasterHO","properties":{"text":"Records (1)"}},"wdio_ui5_key":"etmportal.ui.managehandovers.view.MasterHOsap.m.Title{\"text\":\"Records (1)\"}"}]}
RESULT: {"script":"<script> [1562 bytes]","args":[{"selector":{"controlType":"sap.m.Title","viewName":"etm.portal.ui.managehandovers.view.MasterHO","properties":{"text":"Records (1)"}},"wdio_ui5_key":"etmportal.ui.managehandovers.view.MasterHOsap.m.Title{\"text\":\"Records (1)\"}"}]}
RESULT: undefined
COMMAND: POST /session/d7e4ce2bf424277d4594bf7056aa8e6c/execute/async - {"script":"<script> [6424 bytes]","args":[{"element-6066-11e4-a52e-4f735466cecf":"f.CBC60766CDC2EFD503EA998F31B181AA.d.F2F2D3405BEE1DE69766A37AA0346509.e.12850"},"getText",[]]}
RESULT: {"script":"<script> [6424 bytes]","args":[{"element-6066-11e4-a52e-4f735466cecf":"f.CBC60766CDC2EFD503EA998F31B181AA.d.F2F2D3405BEE1DE69766A37AA0346509.e.12850"},"getText",[]]}
COMMAND: POST /session/d7e4ce2bf424277d4594bf7056aa8e6c/execute/async - {"script":"<script> [1562 bytes]","args":[{"selector":{"controlType":"sap.ui.core.Icon","viewName":"etm.portal.ui.managehandovers.view.MasterHO","properties":{"src":{"regex":{"source":"slim\\-arrow\\-right"}}}},"wdio_ui5_key":"etmportal.ui.managehandovers.view.MasterHOsap.ui.core.Icon{\"src\":{\"regex\":{\"source\":\"slim\\\\-arrow\\\\-right\"}}}"}]}
RESULT: {"script":"<script> [1562 bytes]","args":[{"selector":{"controlType":"sap.ui.core.Icon","viewName":"etm.portal.ui.managehandovers.view.MasterHO","properties":{"src":{"regex":{"source":"slim\\-arrow\\-right"}}}},"wdio_ui5_key":"etmportal.ui.managehandovers.view.MasterHOsap.ui.core.Icon{\"src\":{\"regex\":{\"source\":\"slim\\\\-arrow\\\\-right\"}}}"}]}
RESULT: undefined
COMMAND: POST /session/d7e4ce2bf424277d4594bf7056aa8e6c/element - {"using":"xpath","value":"//*[@id=\"__item19-__clone18-imgNav\"]"}
RESULT: {"using":"xpath","value":"//*[@id=\"__item19-__clone18-imgNav\"]"}
COMMAND: POST /session/d7e4ce2bf424277d4594bf7056aa8e6c/element/f.CBC60766CDC2EFD503EA998F31B181AA.d.F2F2D3405BEE1DE69766A37AA0346509.e.12849/click - {}
RESULT: {}
COMMAND: GET /session/d7e4ce2bf424277d4594bf7056aa8e6c/screenshot - {}
RESULT: {}
COMMAND: POST /session/d7e4ce2bf424277d4594bf7056aa8e6c/element - {"using":"xpath","value":"//a[contains(@data-kt ,\"GeneralSectionReceiveContracttLink\")]"}
RESULT: {"using":"xpath","value":"//a[contains(@data-kt ,\"GeneralSectionReceiveContracttLink\")]"}
COMMAND: POST /session/d7e4ce2bf424277d4594bf7056aa8e6c/element/f.CBC60766CDC2EFD503EA998F31B181AA.d.F2F2D3405BEE1DE69766A37AA0346509.e.12953/click - {}
RESULT: {}
COMMAND: GET /session/d7e4ce2bf424277d4594bf7056aa8e6c/screenshot - {}
RESULT: {}
COMMAND: POST /session/d7e4ce2bf424277d4594bf7056aa8e6c/element - {"using":"xpath","value":"//a[contains(@data-kt ,\"ContextMenuId2Link\")]"}
RESULT: {"using":"xpath","value":"//a[contains(@data-kt ,\"ContextMenuId2Link\")]"}
COMMAND: POST /session/d7e4ce2bf424277d4594bf7056aa8e6c/element/f.CBC60766CDC2EFD503EA998F31B181AA.d.F2F2D3405BEE1DE69766A37AA0346509.e.12956/click - {}
RESULT: {}
COMMAND: GET /session/d7e4ce2bf424277d4594bf7056aa8e6c/screenshot - {}
RESULT: {}
COMMAND: POST /session/d7e4ce2bf424277d4594bf7056aa8e6c/execute/async - {"script":"<script> [1562 bytes]","args":[{"selector":{"controlType":"sap.m.ObjectStatus","viewName":"etm.portal.ui.managecontracts.view.Detail","bindingPath":{"propertyPath":"LINK_TO_LOGISTICAL_STATUS/DESCRIPTION","modelName":"catalogModel"}},"wdio_ui5_key":"etmportal.ui.managecontracts.view.Detailsap.m.ObjectStatus{\"propertyPath\":\"LINK_TO_LOGISTICAL_STATUS/DESCRIPTION\",\"modelName\":\"catalogModel\"}"}]}
RESULT: {"script":"<script> [1562 bytes]","args":[{"selector":{"controlType":"sap.m.ObjectStatus","viewName":"etm.portal.ui.managecontracts.view.Detail","bindingPath":{"propertyPath":"LINK_TO_LOGISTICAL_STATUS/DESCRIPTION","modelName":"catalogModel"}},"wdio_ui5_key":"etmportal.ui.managecontracts.view.Detailsap.m.ObjectStatus{\"propertyPath\":\"LINK_TO_LOGISTICAL_STATUS/DESCRIPTION\",\"modelName\":\"catalogModel\"}"}]}
RESULT: undefined
COMMAND: POST /session/d7e4ce2bf424277d4594bf7056aa8e6c/execute/async - {"script":"<script> [6424 bytes]","args":[{"element-6066-11e4-a52e-4f735466cecf":"f.CBC60766CDC2EFD503EA998F31B181AA.d.F2F2D3405BEE1DE69766A37AA0346509.e.13172"},"getText",[]]}
RESULT: {"script":"<script> [6424 bytes]","args":[{"element-6066-11e4-a52e-4f735466cecf":"f.CBC60766CDC2EFD503EA998F31B181AA.d.F2F2D3405BEE1DE69766A37AA0346509.e.13172"},"getText",[]]}
COMMAND: POST /session/d7e4ce2bf424277d4594bf7056aa8e6c/execute/async - {"script":"<script> [1562 bytes]","args":[{"selector":{"controlType":"sap.m.ObjectStatus","viewName":"etm.portal.ui.managecontracts.view.Detail","bindingPath":{"propertyPath":"LINK_TO_COMMERCIAL_STATUS/DESCRIPTION","modelName":"catalogModel"}},"wdio_ui5_key":"etmportal.ui.managecontracts.view.Detailsap.m.ObjectStatus{\"propertyPath\":\"LINK_TO_COMMERCIAL_STATUS/DESCRIPTION\",\"modelName\":\"catalogModel\"}"}]}
RESULT: {"script":"<script> [1562 bytes]","args":[{"selector":{"controlType":"sap.m.ObjectStatus","viewName":"etm.portal.ui.managecontracts.view.Detail","bindingPath":{"propertyPath":"LINK_TO_COMMERCIAL_STATUS/DESCRIPTION","modelName":"catalogModel"}},"wdio_ui5_key":"etmportal.ui.managecontracts.view.Detailsap.m.ObjectStatus{\"propertyPath\":\"LINK_TO_COMMERCIAL_STATUS/DESCRIPTION\",\"modelName\":\"catalogModel\"}"}]}
RESULT: undefined
COMMAND: POST /session/d7e4ce2bf424277d4594bf7056aa8e6c/execute/async - {"script":"<script> [6424 bytes]","args":[{"element-6066-11e4-a52e-4f735466cecf":"f.CBC60766CDC2EFD503EA998F31B181AA.d.F2F2D3405BEE1DE69766A37AA0346509.e.13175"},"getText",[]]}
RESULT: {"script":"<script> [6424 bytes]","args":[{"element-6066-11e4-a52e-4f735466cecf":"f.CBC60766CDC2EFD503EA998F31B181AA.d.F2F2D3405BEE1DE69766A37AA0346509.e.13175"},"getText",[]]}
COMMAND: POST /session/d7e4ce2bf424277d4594bf7056aa8e6c/execute/async - {"script":"<script> [1562 bytes]","args":[{"selector":{"id":"backBtn"},"wdio_ui5_key":"backBtn"}]}
RESULT: {"script":"<script> [1562 bytes]","args":[{"selector":{"id":"backBtn"},"wdio_ui5_key":"backBtn"}]}
RESULT: undefined
COMMAND: POST /session/d7e4ce2bf424277d4594bf7056aa8e6c/element - {"using":"xpath","value":"//*[@id=\"backBtn\"]"}
RESULT: {"using":"xpath","value":"//*[@id=\"backBtn\"]"}
COMMAND: POST /session/d7e4ce2bf424277d4594bf7056aa8e6c/element/f.CBC60766CDC2EFD503EA998F31B181AA.d.F2F2D3405BEE1DE69766A37AA0346509.e.13176/click - {}
RESULT: {}
COMMAND: GET /session/d7e4ce2bf424277d4594bf7056aa8e6c/screenshot - {}
RESULT: {}
COMMAND: POST /session/d7e4ce2bf424277d4594bf7056aa8e6c/execute/async - {"script":"<script> [1562 bytes]","args":[{"selector":{"controlType":"sap.m.Button","viewName":"etm.portal.ui.managehandovers.view.DetailExecuteHO","i18NText":{"propertyName":"text","key":"confirmAll"},"interaction":{"idSuffix":"BDI-content"}},"wdio_ui5_key":"etmportal.ui.managehandovers.view.DetailExecuteHOsap.m.Button{\"propertyName\":\"text\",\"key\":\"confirmAll\"}"}]}
RESULT: {"script":"<script> [1562 bytes]","args":[{"selector":{"controlType":"sap.m.Button","viewName":"etm.portal.ui.managehandovers.view.DetailExecuteHO","i18NText":{"propertyName":"text","key":"confirmAll"},"interaction":{"idSuffix":"BDI-content"}},"wdio_ui5_key":"etmportal.ui.managehandovers.view.DetailExecuteHOsap.m.Button{\"propertyName\":\"text\",\"key\":\"confirmAll\"}"}]}
RESULT: undefined
COMMAND: POST /session/d7e4ce2bf424277d4594bf7056aa8e6c/element - {"using":"xpath","value":"//*[@id=\"__button85\"]"}
RESULT: {"using":"xpath","value":"//*[@id=\"__button85\"]"}
COMMAND: POST /session/d7e4ce2bf424277d4594bf7056aa8e6c/element/f.CBC60766CDC2EFD503EA998F31B181AA.d.F2F2D3405BEE1DE69766A37AA0346509.e.13304/click - {}
RESULT: {}
COMMAND: GET /session/d7e4ce2bf424277d4594bf7056aa8e6c/screenshot - {}
RESULT: {}
COMMAND: POST /session/d7e4ce2bf424277d4594bf7056aa8e6c/execute/async - {"script":"<script> [1562 bytes]","args":[{"selector":{"controlType":"sap.m.Button","properties":{"text":"OK"},"searchOpenDialogs":true,"interaction":{"idSuffix":"inner"}},"wdio_ui5_key":"sapm.Button{\"text\":\"OK\"}"}]}
RESULT: {"script":"<script> [1562 bytes]","args":[{"selector":{"controlType":"sap.m.Button","properties":{"text":"OK"},"searchOpenDialogs":true,"interaction":{"idSuffix":"inner"}},"wdio_ui5_key":"sapm.Button{\"text\":\"OK\"}"}]}
RESULT: undefined
COMMAND: POST /session/d7e4ce2bf424277d4594bf7056aa8e6c/element - {"using":"xpath","value":"//*[@id=\"__mbox-btn-0\"]"}
RESULT: {"using":"xpath","value":"//*[@id=\"__mbox-btn-0\"]"}
COMMAND: POST /session/d7e4ce2bf424277d4594bf7056aa8e6c/element/f.CBC60766CDC2EFD503EA998F31B181AA.d.F2F2D3405BEE1DE69766A37AA0346509.e.13309/click - {}
RESULT: {}
COMMAND: GET /session/d7e4ce2bf424277d4594bf7056aa8e6c/screenshot - {}
RESULT: {}
COMMAND: POST /session/d7e4ce2bf424277d4594bf7056aa8e6c/element - {"using":"xpath","value":"//button[contains(@data-kt ,\"execHoIssueFooterButton\")]"}
RESULT: {"using":"xpath","value":"//button[contains(@data-kt ,\"execHoIssueFooterButton\")]"}
COMMAND: POST /session/d7e4ce2bf424277d4594bf7056aa8e6c/element/f.CBC60766CDC2EFD503EA998F31B181AA.d.F2F2D3405BEE1DE69766A37AA0346509.e.13312/click - {}
RESULT: {}
COMMAND: GET /session/d7e4ce2bf424277d4594bf7056aa8e6c/screenshot - {}
RESULT: {}
COMMAND: POST /session/d7e4ce2bf424277d4594bf7056aa8e6c/refresh - {}
RESULT: {}
COMMAND: GET /session/d7e4ce2bf424277d4594bf7056aa8e6c/screenshot - {}
RESULT: {}
COMMAND: POST /session/d7e4ce2bf424277d4594bf7056aa8e6c/refresh - {}
RESULT: {}
COMMAND: GET /session/d7e4ce2bf424277d4594bf7056aa8e6c/screenshot - {}
RESULT: {}
COMMAND: POST /session/d7e4ce2bf424277d4594bf7056aa8e6c/window/fullscreen - {}
RESULT: {}
COMMAND: POST /session/d7e4ce2bf424277d4594bf7056aa8e6c/execute/async - {"script":"<script> [189 bytes]","args":[]}
RESULT: {"script":"<script> [189 bytes]","args":[]}
COMMAND: POST /session/d7e4ce2bf424277d4594bf7056aa8e6c/execute/async - {"script":"<script> [123 bytes]","args":[]}
RESULT: {"script":"<script> [123 bytes]","args":[]}
COMMAND: POST /session/d7e4ce2bf424277d4594bf7056aa8e6c/timeouts - {"script":"<number>"}
RESULT: {"script":"<number>"}
COMMAND: GET /session/d7e4ce2bf424277d4594bf7056aa8e6c/timeouts - {}
RESULT: {}
RESULT: undefined
COMMAND: POST /session/d7e4ce2bf424277d4594bf7056aa8e6c/execute/async - {"script":"<script> [2676 bytes]","args":[]}
RESULT: {"script":"<script> [2676 bytes]","args":[]}
COMMAND: POST /session/d7e4ce2bf424277d4594bf7056aa8e6c/execute/async - {"script":"<script> [2342 bytes]","args":[{"protocol":"http","hostname":"0.0.0.0","path":"/","capabilities":{"browserName":"chrome","goog:chromeOptions":{"binary":"C:\\Program Files\\Google\\Chrome\\Application\\chrome.exe","args":["--start-maximized"]}},"logLevel":"warn","connectionRetryTimeout":120000,"connectionRetryCount":3,"logLevels":{},"enableDirectConnect":true,"strictSSL":true,"_":"65 more keys: [\"cacheDir\",\"port\",\"requestedCapabilities\",\"automationProtocol\",\"baseUrl\",\"waitforInterval\",\"waitforTimeout\",\"onReload\",\"beforeCommand\",\"afterCommand\",\"rootDir\",\"specs\",\"suites\",\"exclude\",\"groupLogsByTestSpec\",\"excludeDriverLogs\",\"bail\",\"framework\",\"reporters\",\"services\",\"maxInstances\",\"maxInstancesPerCapability\",\"injectGlobals\",\"filesToWatch\",\"execArgv\",\"runnerEnv\",\"runner\",\"shard\",\"specFileRetries\",\"specFileRetriesDelay\",\"specFileRetriesDeferred\",\"reporterSyncInterval\",\"reporterSyncTimeout\",\"cucumberFeaturesWithLineNumbers\",\"autoCompileOpts\",\"mochaOpts\",\"jasmineOpts\",\"cucumberOpts\",\"onPrepare\",\"onWorkerStart\",\"onWorkerEnd\",\"before\",\"beforeSession\",\"beforeSuite\",\"beforeHook\",\"beforeTest\",\"afterTest\",\"afterHook\",\"afterSuite\",\"afterSession\",\"after\",\"onComplete\",\"beforeAssertion\",\"afterAssertion\",\"beforeFeature\",\"beforeScenario\",\"beforeStep\",\"afterStep\",\"afterScenario\",\"afterFeature\",\"_\",\"suite\",\"$0\",\"ignoredWorkerServices\",\"wdi5\"]"}]}
RESULT: {"script":"<script> [2342 bytes]","args":[{"protocol":"http","hostname":"0.0.0.0","path":"/","capabilities":{"browserName":"chrome","goog:chromeOptions":{"binary":"C:\\Program Files\\Google\\Chrome\\Application\\chrome.exe","args":["--start-maximized"]}},"logLevel":"warn","connectionRetryTimeout":120000,"connectionRetryCount":3,"logLevels":{},"enableDirectConnect":true,"strictSSL":true,"_":"65 more keys: [\"cacheDir\",\"port\",\"requestedCapabilities\",\"automationProtocol\",\"baseUrl\",\"waitforInterval\",\"waitforTimeout\",\"onReload\",\"beforeCommand\",\"afterCommand\",\"rootDir\",\"specs\",\"suites\",\"exclude\",\"groupLogsByTestSpec\",\"excludeDriverLogs\",\"bail\",\"framework\",\"reporters\",\"services\",\"maxInstances\",\"maxInstancesPerCapability\",\"injectGlobals\",\"filesToWatch\",\"execArgv\",\"runnerEnv\",\"runner\",\"shard\",\"specFileRetries\",\"specFileRetriesDelay\",\"specFileRetriesDeferred\",\"reporterSyncInterval\",\"reporterSyncTimeout\",\"cucumberFeaturesWithLineNumbers\",\"autoCompileOpts\",\"mochaOpts\",\"jasmineOpts\",\"cucumberOpts\",\"onPrepare\",\"onWorkerStart\",\"onWorkerEnd\",\"before\",\"beforeSession\",\"beforeSuite\",\"beforeHook\",\"beforeTest\",\"afterTest\",\"afterHook\",\"afterSuite\",\"afterSession\",\"after\",\"onComplete\",\"beforeAssertion\",\"afterAssertion\",\"beforeFeature\",\"beforeScenario\",\"beforeStep\",\"afterStep\",\"afterScenario\",\"afterFeature\",\"_\",\"suite\",\"$0\",\"ignoredWorkerServices\",\"wdi5\"]"}]}
COMMAND: POST /session/d7e4ce2bf424277d4594bf7056aa8e6c/execute/async - {"script":"<script> [21126 bytes]","args":[35000]}
RESULT: {"script":"<script> [21126 bytes]","args":[35000]}
COMMAND: POST /session/d7e4ce2bf424277d4594bf7056aa8e6c/execute/async - {"script":"<script> [1562 bytes]","args":[{"selector":{"controlType":"sap.m.SearchField","viewName":"etm.portal.ui.managehandovers.view.MasterHO","bindingPath":{"path":"","propertyPath":"/_BASIC_SEARCH_FIELD","modelName":"fi1t3rM0d31"},"interaction":{"idSuffix":"I"}},"wdio_ui5_key":"etmportal.ui.managehandovers.view.MasterHOsap.m.SearchField{\"path\":\"\",\"propertyPath\":\"/_BASIC_SEARCH_FIELD\",\"modelName\":\"fi1t3rM0d31\"}"}]}
RESULT: {"script":"<script> [1562 bytes]","args":[{"selector":{"controlType":"sap.m.SearchField","viewName":"etm.portal.ui.managehandovers.view.MasterHO","bindingPath":{"path":"","propertyPath":"/_BASIC_SEARCH_FIELD","modelName":"fi1t3rM0d31"},"interaction":{"idSuffix":"I"}},"wdio_ui5_key":"etmportal.ui.managehandovers.view.MasterHOsap.m.SearchField{\"path\":\"\",\"propertyPath\":\"/_BASIC_SEARCH_FIELD\",\"modelName\":\"fi1t3rM0d31\"}"}]}
RESULT: undefined
COMMAND: POST /session/d7e4ce2bf424277d4594bf7056aa8e6c/execute/async - {"script":"<script> [776 bytes]","args":[{"enterText":"30619","selector":{"controlType":"sap.m.SearchField","viewName":"etm.portal.ui.managehandovers.view.MasterHO","bindingPath":{"path":"","propertyPath":"/_BASIC_SEARCH_FIELD","modelName":"fi1t3rM0d31"},"interaction":{"idSuffix":"I"}},"clearTextFirst":true,"interactionType":"ENTER_TEXT"}]}
RESULT: {"script":"<script> [776 bytes]","args":[{"enterText":"30619","selector":{"controlType":"sap.m.SearchField","viewName":"etm.portal.ui.managehandovers.view.MasterHO","bindingPath":{"path":"","propertyPath":"/_BASIC_SEARCH_FIELD","modelName":"fi1t3rM0d31"},"interaction":{"idSuffix":"I"}},"clearTextFirst":true,"interactionType":"ENTER_TEXT"}]}
COMMAND: POST /session/d7e4ce2bf424277d4594bf7056aa8e6c/actions - {"actions":[{"id":"action53","type":"key","parameters":{},"actions":[{"type":"keyDown","value":""},{"type":"pause","duration":10},{"type":"keyUp","value":""}]}]}
RESULT: {"actions":[{"id":"action53","type":"key","parameters":{},"actions":[{"type":"keyDown","value":""},{"type":"pause","duration":10},{"type":"keyUp","value":""}]}]}
COMMAND: GET /session/d7e4ce2bf424277d4594bf7056aa8e6c/screenshot - {}
RESULT: {}
COMMAND: POST /session/d7e4ce2bf424277d4594bf7056aa8e6c/execute/async - {"script":"<script> [1562 bytes]","args":[{"selector":{"controlType":"sap.m.Title","viewName":"etm.portal.ui.managehandovers.view.MasterHO","properties":{"text":"Records (1)"}},"wdio_ui5_key":"etmportal.ui.managehandovers.view.MasterHOsap.m.Title{\"text\":\"Records (1)\"}"}]}
RESULT: {"script":"<script> [1562 bytes]","args":[{"selector":{"controlType":"sap.m.Title","viewName":"etm.portal.ui.managehandovers.view.MasterHO","properties":{"text":"Records (1)"}},"wdio_ui5_key":"etmportal.ui.managehandovers.view.MasterHOsap.m.Title{\"text\":\"Records (1)\"}"}]}
RESULT: undefined
COMMAND: POST /session/d7e4ce2bf424277d4594bf7056aa8e6c/execute/async - {"script":"<script> [6424 bytes]","args":[{"element-6066-11e4-a52e-4f735466cecf":"f.CBC60766CDC2EFD503EA998F31B181AA.d.A16760F0F7E3F4AA2345A1D6A76EF043.e.13614"},"getText",[]]}
RESULT: {"script":"<script> [6424 bytes]","args":[{"element-6066-11e4-a52e-4f735466cecf":"f.CBC60766CDC2EFD503EA998F31B181AA.d.A16760F0F7E3F4AA2345A1D6A76EF043.e.13614"},"getText",[]]}
COMMAND: POST /session/d7e4ce2bf424277d4594bf7056aa8e6c/execute/async - {"script":"<script> [1562 bytes]","args":[{"selector":{"controlType":"sap.ui.core.Icon","viewName":"etm.portal.ui.managehandovers.view.MasterHO","properties":{"src":{"regex":{"source":"slim\\-arrow\\-right"}}}},"wdio_ui5_key":"etmportal.ui.managehandovers.view.MasterHOsap.ui.core.Icon{\"src\":{\"regex\":{\"source\":\"slim\\\\-arrow\\\\-right\"}}}"}]}
RESULT: {"script":"<script> [1562 bytes]","args":[{"selector":{"controlType":"sap.ui.core.Icon","viewName":"etm.portal.ui.managehandovers.view.MasterHO","properties":{"src":{"regex":{"source":"slim\\-arrow\\-right"}}}},"wdio_ui5_key":"etmportal.ui.managehandovers.view.MasterHOsap.ui.core.Icon{\"src\":{\"regex\":{\"source\":\"slim\\\\-arrow\\\\-right\"}}}"}]}
RESULT: undefined
COMMAND: POST /session/d7e4ce2bf424277d4594bf7056aa8e6c/element - {"using":"xpath","value":"//*[@id=\"__item27-__clone18-imgNav\"]"}
RESULT: {"using":"xpath","value":"//*[@id=\"__item27-__clone18-imgNav\"]"}
COMMAND: POST /session/d7e4ce2bf424277d4594bf7056aa8e6c/element/f.CBC60766CDC2EFD503EA998F31B181AA.d.A16760F0F7E3F4AA2345A1D6A76EF043.e.13613/click - {}
RESULT: {}
COMMAND: GET /session/d7e4ce2bf424277d4594bf7056aa8e6c/screenshot - {}
RESULT: {}
COMMAND: POST /session/d7e4ce2bf424277d4594bf7056aa8e6c/execute/async - {"script":"<script> [1562 bytes]","args":[{"selector":{"controlType":"sap.m.ObjectStatus","viewName":"etm.portal.ui.managehandovers.view.DetailExecuteHO","labelFor":{"text":"Status"}},"wdio_ui5_key":"etmportal.ui.managehandovers.view.DetailExecuteHOsap.m.ObjectStatus{\"text\":\"Status\"}"}]}
RESULT: {"script":"<script> [1562 bytes]","args":[{"selector":{"controlType":"sap.m.ObjectStatus","viewName":"etm.portal.ui.managehandovers.view.DetailExecuteHO","labelFor":{"text":"Status"}},"wdio_ui5_key":"etmportal.ui.managehandovers.view.DetailExecuteHOsap.m.ObjectStatus{\"text\":\"Status\"}"}]}
RESULT: undefined
COMMAND: POST /session/d7e4ce2bf424277d4594bf7056aa8e6c/execute/async - {"script":"<script> [6424 bytes]","args":[{"element-6066-11e4-a52e-4f735466cecf":"f.CBC60766CDC2EFD503EA998F31B181AA.d.A16760F0F7E3F4AA2345A1D6A76EF043.e.13714"},"getText",[]]}
RESULT: {"script":"<script> [6424 bytes]","args":[{"element-6066-11e4-a52e-4f735466cecf":"f.CBC60766CDC2EFD503EA998F31B181AA.d.A16760F0F7E3F4AA2345A1D6A76EF043.e.13714"},"getText",[]]}
COMMAND: POST /session/d7e4ce2bf424277d4594bf7056aa8e6c/execute/async - {"script":"<script> [1562 bytes]","args":[{"selector":{"controlType":"sap.m.Button","viewName":"etm.portal.ui.managehandovers.view.DetailExecuteHO","i18NText":{"propertyName":"text","key":"confirmAll"},"interaction":{"idSuffix":"BDI-content"}},"wdio_ui5_key":"etmportal.ui.managehandovers.view.DetailExecuteHOsap.m.Button{\"propertyName\":\"text\",\"key\":\"confirmAll\"}"}]}
RESULT: {"script":"<script> [1562 bytes]","args":[{"selector":{"controlType":"sap.m.Button","viewName":"etm.portal.ui.managehandovers.view.DetailExecuteHO","i18NText":{"propertyName":"text","key":"confirmAll"},"interaction":{"idSuffix":"BDI-content"}},"wdio_ui5_key":"etmportal.ui.managehandovers.view.DetailExecuteHOsap.m.Button{\"propertyName\":\"text\",\"key\":\"confirmAll\"}"}]}
RESULT: undefined
COMMAND: POST /session/d7e4ce2bf424277d4594bf7056aa8e6c/element - {"using":"xpath","value":"//*[@id=\"__button30\"]"}
RESULT: {"using":"xpath","value":"//*[@id=\"__button30\"]"}
COMMAND: POST /session/d7e4ce2bf424277d4594bf7056aa8e6c/element/f.CBC60766CDC2EFD503EA998F31B181AA.d.A16760F0F7E3F4AA2345A1D6A76EF043.e.13717/click - {}
RESULT: {}
COMMAND: GET /session/d7e4ce2bf424277d4594bf7056aa8e6c/screenshot - {}
RESULT: {}
COMMAND: POST /session/d7e4ce2bf424277d4594bf7056aa8e6c/execute/async - {"script":"<script> [1562 bytes]","args":[{"selector":{"controlType":"sap.m.Button","properties":{"text":"OK"},"searchOpenDialogs":true,"interaction":{"idSuffix":"BDI-content"}},"wdio_ui5_key":"sapm.Button{\"text\":\"OK\"}"}]}
RESULT: {"script":"<script> [1562 bytes]","args":[{"selector":{"controlType":"sap.m.Button","properties":{"text":"OK"},"searchOpenDialogs":true,"interaction":{"idSuffix":"BDI-content"}},"wdio_ui5_key":"sapm.Button{\"text\":\"OK\"}"}]}
RESULT: undefined
COMMAND: POST /session/d7e4ce2bf424277d4594bf7056aa8e6c/element - {"using":"xpath","value":"//*[@id=\"__mbox-btn-0\"]"}
RESULT: {"using":"xpath","value":"//*[@id=\"__mbox-btn-0\"]"}
COMMAND: POST /session/d7e4ce2bf424277d4594bf7056aa8e6c/element/f.CBC60766CDC2EFD503EA998F31B181AA.d.A16760F0F7E3F4AA2345A1D6A76EF043.e.13718/click - {}
RESULT: {}
COMMAND: GET /session/d7e4ce2bf424277d4594bf7056aa8e6c/screenshot - {}
RESULT: {}
COMMAND: POST /session/d7e4ce2bf424277d4594bf7056aa8e6c/element - {"using":"xpath","value":"//button[contains(@data-kt ,\"execHoReceiveFooterButton\")]"}
RESULT: {"using":"xpath","value":"//button[contains(@data-kt ,\"execHoReceiveFooterButton\")]"}
COMMAND: POST /session/d7e4ce2bf424277d4594bf7056aa8e6c/element/f.CBC60766CDC2EFD503EA998F31B181AA.d.A16760F0F7E3F4AA2345A1D6A76EF043.e.13671/click - {}
RESULT: {}
COMMAND: GET /session/d7e4ce2bf424277d4594bf7056aa8e6c/screenshot - {}
RESULT: {}
COMMAND: POST /session/d7e4ce2bf424277d4594bf7056aa8e6c/refresh - {}
RESULT: {}
COMMAND: GET /session/d7e4ce2bf424277d4594bf7056aa8e6c/screenshot - {}
RESULT: {}
COMMAND: POST /session/d7e4ce2bf424277d4594bf7056aa8e6c/refresh - {}
RESULT: {}
COMMAND: GET /session/d7e4ce2bf424277d4594bf7056aa8e6c/screenshot - {}
RESULT: {}
COMMAND: POST /session/d7e4ce2bf424277d4594bf7056aa8e6c/window/fullscreen - {}
RESULT: {}
COMMAND: POST /session/d7e4ce2bf424277d4594bf7056aa8e6c/execute/async - {"script":"<script> [189 bytes]","args":[]}
RESULT: {"script":"<script> [189 bytes]","args":[]}
COMMAND: POST /session/d7e4ce2bf424277d4594bf7056aa8e6c/execute/async - {"script":"<script> [123 bytes]","args":[]}
RESULT: {"script":"<script> [123 bytes]","args":[]}
COMMAND: POST /session/d7e4ce2bf424277d4594bf7056aa8e6c/timeouts - {"script":"<number>"}
RESULT: {"script":"<number>"}
COMMAND: GET /session/d7e4ce2bf424277d4594bf7056aa8e6c/timeouts - {}
RESULT: {}
RESULT: undefined
COMMAND: POST /session/d7e4ce2bf424277d4594bf7056aa8e6c/execute/async - {"script":"<script> [2676 bytes]","args":[]}
RESULT: {"script":"<script> [2676 bytes]","args":[]}
COMMAND: POST /session/d7e4ce2bf424277d4594bf7056aa8e6c/execute/async - {"script":"<script> [2342 bytes]","args":[{"protocol":"http","hostname":"0.0.0.0","path":"/","capabilities":{"browserName":"chrome","goog:chromeOptions":{"binary":"C:\\Program Files\\Google\\Chrome\\Application\\chrome.exe","args":["--start-maximized"]}},"logLevel":"warn","connectionRetryTimeout":120000,"connectionRetryCount":3,"logLevels":{},"enableDirectConnect":true,"strictSSL":true,"_":"65 more keys: [\"cacheDir\",\"port\",\"requestedCapabilities\",\"automationProtocol\",\"baseUrl\",\"waitforInterval\",\"waitforTimeout\",\"onReload\",\"beforeCommand\",\"afterCommand\",\"rootDir\",\"specs\",\"suites\",\"exclude\",\"groupLogsByTestSpec\",\"excludeDriverLogs\",\"bail\",\"framework\",\"reporters\",\"services\",\"maxInstances\",\"maxInstancesPerCapability\",\"injectGlobals\",\"filesToWatch\",\"execArgv\",\"runnerEnv\",\"runner\",\"shard\",\"specFileRetries\",\"specFileRetriesDelay\",\"specFileRetriesDeferred\",\"reporterSyncInterval\",\"reporterSyncTimeout\",\"cucumberFeaturesWithLineNumbers\",\"autoCompileOpts\",\"mochaOpts\",\"jasmineOpts\",\"cucumberOpts\",\"onPrepare\",\"onWorkerStart\",\"onWorkerEnd\",\"before\",\"beforeSession\",\"beforeSuite\",\"beforeHook\",\"beforeTest\",\"afterTest\",\"afterHook\",\"afterSuite\",\"afterSession\",\"after\",\"onComplete\",\"beforeAssertion\",\"afterAssertion\",\"beforeFeature\",\"beforeScenario\",\"beforeStep\",\"afterStep\",\"afterScenario\",\"afterFeature\",\"_\",\"suite\",\"$0\",\"ignoredWorkerServices\",\"wdi5\"]"}]}
RESULT: {"script":"<script> [2342 bytes]","args":[{"protocol":"http","hostname":"0.0.0.0","path":"/","capabilities":{"browserName":"chrome","goog:chromeOptions":{"binary":"C:\\Program Files\\Google\\Chrome\\Application\\chrome.exe","args":["--start-maximized"]}},"logLevel":"warn","connectionRetryTimeout":120000,"connectionRetryCount":3,"logLevels":{},"enableDirectConnect":true,"strictSSL":true,"_":"65 more keys: [\"cacheDir\",\"port\",\"requestedCapabilities\",\"automationProtocol\",\"baseUrl\",\"waitforInterval\",\"waitforTimeout\",\"onReload\",\"beforeCommand\",\"afterCommand\",\"rootDir\",\"specs\",\"suites\",\"exclude\",\"groupLogsByTestSpec\",\"excludeDriverLogs\",\"bail\",\"framework\",\"reporters\",\"services\",\"maxInstances\",\"maxInstancesPerCapability\",\"injectGlobals\",\"filesToWatch\",\"execArgv\",\"runnerEnv\",\"runner\",\"shard\",\"specFileRetries\",\"specFileRetriesDelay\",\"specFileRetriesDeferred\",\"reporterSyncInterval\",\"reporterSyncTimeout\",\"cucumberFeaturesWithLineNumbers\",\"autoCompileOpts\",\"mochaOpts\",\"jasmineOpts\",\"cucumberOpts\",\"onPrepare\",\"onWorkerStart\",\"onWorkerEnd\",\"before\",\"beforeSession\",\"beforeSuite\",\"beforeHook\",\"beforeTest\",\"afterTest\",\"afterHook\",\"afterSuite\",\"afterSession\",\"after\",\"onComplete\",\"beforeAssertion\",\"afterAssertion\",\"beforeFeature\",\"beforeScenario\",\"beforeStep\",\"afterStep\",\"afterScenario\",\"afterFeature\",\"_\",\"suite\",\"$0\",\"ignoredWorkerServices\",\"wdi5\"]"}]}
COMMAND: POST /session/d7e4ce2bf424277d4594bf7056aa8e6c/execute/async - {"script":"<script> [21126 bytes]","args":[35000]}
RESULT: {"script":"<script> [21126 bytes]","args":[35000]}
COMMAND: POST /session/d7e4ce2bf424277d4594bf7056aa8e6c/execute/async - {"script":"<script> [1562 bytes]","args":[{"selector":{"controlType":"sap.m.SearchField","viewName":"etm.portal.ui.managehandovers.view.MasterHO","bindingPath":{"path":"","propertyPath":"/_BASIC_SEARCH_FIELD","modelName":"fi1t3rM0d31"},"interaction":{"idSuffix":"I"}},"wdio_ui5_key":"etmportal.ui.managehandovers.view.MasterHOsap.m.SearchField{\"path\":\"\",\"propertyPath\":\"/_BASIC_SEARCH_FIELD\",\"modelName\":\"fi1t3rM0d31\"}"}]}
RESULT: {"script":"<script> [1562 bytes]","args":[{"selector":{"controlType":"sap.m.SearchField","viewName":"etm.portal.ui.managehandovers.view.MasterHO","bindingPath":{"path":"","propertyPath":"/_BASIC_SEARCH_FIELD","modelName":"fi1t3rM0d31"},"interaction":{"idSuffix":"I"}},"wdio_ui5_key":"etmportal.ui.managehandovers.view.MasterHOsap.m.SearchField{\"path\":\"\",\"propertyPath\":\"/_BASIC_SEARCH_FIELD\",\"modelName\":\"fi1t3rM0d31\"}"}]}
RESULT: undefined
COMMAND: POST /session/d7e4ce2bf424277d4594bf7056aa8e6c/execute/async - {"script":"<script> [776 bytes]","args":[{"enterText":"30619","selector":{"controlType":"sap.m.SearchField","viewName":"etm.portal.ui.managehandovers.view.MasterHO","bindingPath":{"path":"","propertyPath":"/_BASIC_SEARCH_FIELD","modelName":"fi1t3rM0d31"},"interaction":{"idSuffix":"I"}},"clearTextFirst":true,"interactionType":"ENTER_TEXT"}]}
RESULT: {"script":"<script> [776 bytes]","args":[{"enterText":"30619","selector":{"controlType":"sap.m.SearchField","viewName":"etm.portal.ui.managehandovers.view.MasterHO","bindingPath":{"path":"","propertyPath":"/_BASIC_SEARCH_FIELD","modelName":"fi1t3rM0d31"},"interaction":{"idSuffix":"I"}},"clearTextFirst":true,"interactionType":"ENTER_TEXT"}]}
COMMAND: POST /session/d7e4ce2bf424277d4594bf7056aa8e6c/actions - {"actions":[{"id":"action54","type":"key","parameters":{},"actions":[{"type":"keyDown","value":""},{"type":"pause","duration":10},{"type":"keyUp","value":""}]}]}
RESULT: {"actions":[{"id":"action54","type":"key","parameters":{},"actions":[{"type":"keyDown","value":""},{"type":"pause","duration":10},{"type":"keyUp","value":""}]}]}
COMMAND: GET /session/d7e4ce2bf424277d4594bf7056aa8e6c/screenshot - {}
RESULT: {}
COMMAND: POST /session/d7e4ce2bf424277d4594bf7056aa8e6c/execute/async - {"script":"<script> [1562 bytes]","args":[{"selector":{"controlType":"sap.m.Title","viewName":"etm.portal.ui.managehandovers.view.MasterHO","properties":{"text":"Records (1)"}},"wdio_ui5_key":"etmportal.ui.managehandovers.view.MasterHOsap.m.Title{\"text\":\"Records (1)\"}"}]}
RESULT: {"script":"<script> [1562 bytes]","args":[{"selector":{"controlType":"sap.m.Title","viewName":"etm.portal.ui.managehandovers.view.MasterHO","properties":{"text":"Records (1)"}},"wdio_ui5_key":"etmportal.ui.managehandovers.view.MasterHOsap.m.Title{\"text\":\"Records (1)\"}"}]}
RESULT: undefined
COMMAND: POST /session/d7e4ce2bf424277d4594bf7056aa8e6c/execute/async - {"script":"<script> [6424 bytes]","args":[{"element-6066-11e4-a52e-4f735466cecf":"f.CBC60766CDC2EFD503EA998F31B181AA.d.1ABAE959A46B750857ABFA94C35E3A0C.e.13896"},"getText",[]]}
RESULT: {"script":"<script> [6424 bytes]","args":[{"element-6066-11e4-a52e-4f735466cecf":"f.CBC60766CDC2EFD503EA998F31B181AA.d.1ABAE959A46B750857ABFA94C35E3A0C.e.13896"},"getText",[]]}
COMMAND: POST /session/d7e4ce2bf424277d4594bf7056aa8e6c/execute/async - {"script":"<script> [1562 bytes]","args":[{"selector":{"controlType":"sap.ui.core.Icon","viewName":"etm.portal.ui.managehandovers.view.MasterHO","properties":{"src":{"regex":{"source":"slim\\-arrow\\-right"}}}},"wdio_ui5_key":"etmportal.ui.managehandovers.view.MasterHOsap.ui.core.Icon{\"src\":{\"regex\":{\"source\":\"slim\\\\-arrow\\\\-right\"}}}"}]}
RESULT: {"script":"<script> [1562 bytes]","args":[{"selector":{"controlType":"sap.ui.core.Icon","viewName":"etm.portal.ui.managehandovers.view.MasterHO","properties":{"src":{"regex":{"source":"slim\\-arrow\\-right"}}}},"wdio_ui5_key":"etmportal.ui.managehandovers.view.MasterHOsap.ui.core.Icon{\"src\":{\"regex\":{\"source\":\"slim\\\\-arrow\\\\-right\"}}}"}]}
RESULT: undefined
COMMAND: POST /session/d7e4ce2bf424277d4594bf7056aa8e6c/element - {"using":"xpath","value":"//*[@id=\"__item29-__clone18-imgNav\"]"}
RESULT: {"using":"xpath","value":"//*[@id=\"__item29-__clone18-imgNav\"]"}
COMMAND: POST /session/d7e4ce2bf424277d4594bf7056aa8e6c/element/f.CBC60766CDC2EFD503EA998F31B181AA.d.1ABAE959A46B750857ABFA94C35E3A0C.e.13895/click - {}
RESULT: {}
COMMAND: GET /session/d7e4ce2bf424277d4594bf7056aa8e6c/screenshot - {}
RESULT: {}
COMMAND: POST /session/d7e4ce2bf424277d4594bf7056aa8e6c/execute/async - {"script":"<script> [1562 bytes]","args":[{"selector":{"controlType":"sap.m.ObjectStatus","viewName":"etm.portal.ui.managehandovers.view.DetailManageHO","viewId":"application-managehandovers-display-component---detailManageHO","labelFor":{"text":"Status"}},"wdio_ui5_key":"etmportal.ui.managehandovers.view.DetailManageHOsap.m.ObjectStatus{\"text\":\"Status\"}"}]}
RESULT: {"script":"<script> [1562 bytes]","args":[{"selector":{"controlType":"sap.m.ObjectStatus","viewName":"etm.portal.ui.managehandovers.view.DetailManageHO","viewId":"application-managehandovers-display-component---detailManageHO","labelFor":{"text":"Status"}},"wdio_ui5_key":"etmportal.ui.managehandovers.view.DetailManageHOsap.m.ObjectStatus{\"text\":\"Status\"}"}]}
RESULT: undefined
COMMAND: POST /session/d7e4ce2bf424277d4594bf7056aa8e6c/execute/async - {"script":"<script> [6424 bytes]","args":[{"element-6066-11e4-a52e-4f735466cecf":"f.CBC60766CDC2EFD503EA998F31B181AA.d.1ABAE959A46B750857ABFA94C35E3A0C.e.13982"},"getText",[]]}
RESULT: {"script":"<script> [6424 bytes]","args":[{"element-6066-11e4-a52e-4f735466cecf":"f.CBC60766CDC2EFD503EA998F31B181AA.d.1ABAE959A46B750857ABFA94C35E3A0C.e.13982"},"getText",[]]}
COMMAND: POST /session/d7e4ce2bf424277d4594bf7056aa8e6c/element - {"using":"xpath","value":"//a[contains(@data-kt ,\"GeneralSectionReceiveContracttLink\")]"}
RESULT: {"using":"xpath","value":"//a[contains(@data-kt ,\"GeneralSectionReceiveContracttLink\")]"}
COMMAND: POST /session/d7e4ce2bf424277d4594bf7056aa8e6c/element/f.CBC60766CDC2EFD503EA998F31B181AA.d.1ABAE959A46B750857ABFA94C35E3A0C.e.13985/click - {}
RESULT: {}
COMMAND: GET /session/d7e4ce2bf424277d4594bf7056aa8e6c/screenshot - {}
RESULT: {}
COMMAND: POST /session/d7e4ce2bf424277d4594bf7056aa8e6c/element - {"using":"xpath","value":"//a[contains(@data-kt ,\"ContextMenuId2Link\")]"}
RESULT: {"using":"xpath","value":"//a[contains(@data-kt ,\"ContextMenuId2Link\")]"}
COMMAND: POST /session/d7e4ce2bf424277d4594bf7056aa8e6c/element/f.CBC60766CDC2EFD503EA998F31B181AA.d.1ABAE959A46B750857ABFA94C35E3A0C.e.13988/click - {}
RESULT: {}
COMMAND: GET /session/d7e4ce2bf424277d4594bf7056aa8e6c/screenshot - {}
RESULT: {}
COMMAND: POST /session/d7e4ce2bf424277d4594bf7056aa8e6c/execute/async - {"script":"<script> [1562 bytes]","args":[{"selector":{"controlType":"sap.m.ObjectStatus","viewName":"etm.portal.ui.managecontracts.view.Detail","bindingPath":{"propertyPath":"LINK_TO_LOGISTICAL_STATUS/DESCRIPTION","modelName":"catalogModel"}},"wdio_ui5_key":"etmportal.ui.managecontracts.view.Detailsap.m.ObjectStatus{\"propertyPath\":\"LINK_TO_LOGISTICAL_STATUS/DESCRIPTION\",\"modelName\":\"catalogModel\"}"}]}
RESULT: {"script":"<script> [1562 bytes]","args":[{"selector":{"controlType":"sap.m.ObjectStatus","viewName":"etm.portal.ui.managecontracts.view.Detail","bindingPath":{"propertyPath":"LINK_TO_LOGISTICAL_STATUS/DESCRIPTION","modelName":"catalogModel"}},"wdio_ui5_key":"etmportal.ui.managecontracts.view.Detailsap.m.ObjectStatus{\"propertyPath\":\"LINK_TO_LOGISTICAL_STATUS/DESCRIPTION\",\"modelName\":\"catalogModel\"}"}]}
RESULT: undefined
COMMAND: POST /session/d7e4ce2bf424277d4594bf7056aa8e6c/execute/async - {"script":"<script> [6424 bytes]","args":[{"element-6066-11e4-a52e-4f735466cecf":"f.CBC60766CDC2EFD503EA998F31B181AA.d.1ABAE959A46B750857ABFA94C35E3A0C.e.14222"},"getText",[]]}
RESULT: {"script":"<script> [6424 bytes]","args":[{"element-6066-11e4-a52e-4f735466cecf":"f.CBC60766CDC2EFD503EA998F31B181AA.d.1ABAE959A46B750857ABFA94C35E3A0C.e.14222"},"getText",[]]}
COMMAND: POST /session/d7e4ce2bf424277d4594bf7056aa8e6c/execute/async - {"script":"<script> [1562 bytes]","args":[{"selector":{"controlType":"sap.m.ObjectStatus","viewName":"etm.portal.ui.managecontracts.view.Detail","bindingPath":{"propertyPath":"LINK_TO_COMMERCIAL_STATUS/DESCRIPTION","modelName":"catalogModel"}},"wdio_ui5_key":"etmportal.ui.managecontracts.view.Detailsap.m.ObjectStatus{\"propertyPath\":\"LINK_TO_COMMERCIAL_STATUS/DESCRIPTION\",\"modelName\":\"catalogModel\"}"}]}
RESULT: {"script":"<script> [1562 bytes]","args":[{"selector":{"controlType":"sap.m.ObjectStatus","viewName":"etm.portal.ui.managecontracts.view.Detail","bindingPath":{"propertyPath":"LINK_TO_COMMERCIAL_STATUS/DESCRIPTION","modelName":"catalogModel"}},"wdio_ui5_key":"etmportal.ui.managecontracts.view.Detailsap.m.ObjectStatus{\"propertyPath\":\"LINK_TO_COMMERCIAL_STATUS/DESCRIPTION\",\"modelName\":\"catalogModel\"}"}]}
RESULT: undefined
COMMAND: POST /session/d7e4ce2bf424277d4594bf7056aa8e6c/execute/async - {"script":"<script> [6424 bytes]","args":[{"element-6066-11e4-a52e-4f735466cecf":"f.CBC60766CDC2EFD503EA998F31B181AA.d.1ABAE959A46B750857ABFA94C35E3A0C.e.14225"},"getText",[]]}
RESULT: {"script":"<script> [6424 bytes]","args":[{"element-6066-11e4-a52e-4f735466cecf":"f.CBC60766CDC2EFD503EA998F31B181AA.d.1ABAE959A46B750857ABFA94C35E3A0C.e.14225"},"getText",[]]}
]]></system-out>
    </testcase>
    <testcase classname="chrome.136_0_7103_93.windows.E2E_-_Logistical_and_commercial_statuses" name="It should follow the handover steps to the status fully returned" time="236.105">
      <system-out><![CDATA[
COMMAND: POST /session/d7e4ce2bf424277d4594bf7056aa8e6c/execute/async - {"script":"<script> [1562 bytes]","args":[{"selector":{"id":"contractDetailReturnButton","viewName":"etm.portal.ui.managecontracts.view.Detail","interaction":{"idSuffix":"BDI-content"}},"wdio_ui5_key":"contractDetailReturnButtonetmportal.ui.managecontracts.view.Detail"}]}
RESULT: {"script":"<script> [1562 bytes]","args":[{"selector":{"id":"contractDetailReturnButton","viewName":"etm.portal.ui.managecontracts.view.Detail","interaction":{"idSuffix":"BDI-content"}},"wdio_ui5_key":"contractDetailReturnButtonetmportal.ui.managecontracts.view.Detail"}]}
RESULT: undefined
COMMAND: POST /session/d7e4ce2bf424277d4594bf7056aa8e6c/element - {"using":"xpath","value":"//*[@id=\"__xmlview2--contractDetailReturnButton\"]"}
RESULT: {"using":"xpath","value":"//*[@id=\"__xmlview2--contractDetailReturnButton\"]"}
COMMAND: POST /session/d7e4ce2bf424277d4594bf7056aa8e6c/element/f.CBC60766CDC2EFD503EA998F31B181AA.d.1ABAE959A46B750857ABFA94C35E3A0C.e.14117/click - {}
RESULT: {}
COMMAND: POST /session/d7e4ce2bf424277d4594bf7056aa8e6c/execute/async - {"script":"<script> [1562 bytes]","args":[{"selector":{"id":"application-managehandovers-display-component---AddNewHO--dueDate","interaction":{"idSuffix":"inner"}},"wdio_ui5_key":"applicationmanagehandovers-display-component---AddNewHO--dueDate"}]}
COMMAND: GET /session/d7e4ce2bf424277d4594bf7056aa8e6c/screenshot - {}
RESULT: {"script":"<script> [1562 bytes]","args":[{"selector":{"id":"application-managehandovers-display-component---AddNewHO--dueDate","interaction":{"idSuffix":"inner"}},"wdio_ui5_key":"applicationmanagehandovers-display-component---AddNewHO--dueDate"}]}
RESULT: undefined
COMMAND: POST /session/d7e4ce2bf424277d4594bf7056aa8e6c/execute/async - {"script":"<script> [776 bytes]","args":[{"enterText":"05/26/25","selector":{"id":"application-managehandovers-display-component---AddNewHO--dueDate","interaction":{"idSuffix":"inner"}},"clearTextFirst":true,"interactionType":"ENTER_TEXT"}]}
RESULT: {}
RESULT: {"script":"<script> [776 bytes]","args":[{"enterText":"05/26/25","selector":{"id":"application-managehandovers-display-component---AddNewHO--dueDate","interaction":{"idSuffix":"inner"}},"clearTextFirst":true,"interactionType":"ENTER_TEXT"}]}
COMMAND: POST /session/d7e4ce2bf424277d4594bf7056aa8e6c/element - {"using":"xpath","value":"//bdi[contains(@id ,\"application-managehandovers-display-component---AddNewHO--ObjectPageLayout-anchBar-application-managehandovers-display-component---AddNewHO--section4-anchor-BDI-content\")]"}
RESULT: {"using":"xpath","value":"//bdi[contains(@id ,\"application-managehandovers-display-component---AddNewHO--ObjectPageLayout-anchBar-application-managehandovers-display-component---AddNewHO--section4-anchor-BDI-content\")]"}
COMMAND: POST /session/d7e4ce2bf424277d4594bf7056aa8e6c/element/f.CBC60766CDC2EFD503EA998F31B181AA.d.1ABAE959A46B750857ABFA94C35E3A0C.e.14532/click - {}
RESULT: {}
COMMAND: GET /session/d7e4ce2bf424277d4594bf7056aa8e6c/screenshot - {}
RESULT: {}
COMMAND: POST /session/d7e4ce2bf424277d4594bf7056aa8e6c/element - {"using":"xpath","value":"//button[contains(@data-kt ,\"AddNewHOProvideAddItemsButton\")]"}
RESULT: {"using":"xpath","value":"//button[contains(@data-kt ,\"AddNewHOProvideAddItemsButton\")]"}
COMMAND: POST /session/d7e4ce2bf424277d4594bf7056aa8e6c/element/f.CBC60766CDC2EFD503EA998F31B181AA.d.1ABAE959A46B750857ABFA94C35E3A0C.e.14341/click - {}
RESULT: {}
COMMAND: GET /session/d7e4ce2bf424277d4594bf7056aa8e6c/screenshot - {}
RESULT: {}
COMMAND: POST /session/d7e4ce2bf424277d4594bf7056aa8e6c/execute/async - {"script":"<script> [1562 bytes]","args":[{"selector":{"id":"application-managehandovers-display-component---AddNewHO--popup-sa","searchOpenDialogs":true,"interaction":{"idSuffix":"CbBg"}},"wdio_ui5_key":"applicationmanagehandovers-display-component---AddNewHO--popup-sa"}]}
RESULT: {"script":"<script> [1562 bytes]","args":[{"selector":{"id":"application-managehandovers-display-component---AddNewHO--popup-sa","searchOpenDialogs":true,"interaction":{"idSuffix":"CbBg"}},"wdio_ui5_key":"applicationmanagehandovers-display-component---AddNewHO--popup-sa"}]}
RESULT: undefined
COMMAND: POST /session/d7e4ce2bf424277d4594bf7056aa8e6c/element - {"using":"xpath","value":"//*[@id=\"application-managehandovers-display-component---AddNewHO--popup-sa\"]"}
RESULT: {"using":"xpath","value":"//*[@id=\"application-managehandovers-display-component---AddNewHO--popup-sa\"]"}
COMMAND: POST /session/d7e4ce2bf424277d4594bf7056aa8e6c/element/f.CBC60766CDC2EFD503EA998F31B181AA.d.1ABAE959A46B750857ABFA94C35E3A0C.e.14546/click - {}
RESULT: {}
COMMAND: POST /session/d7e4ce2bf424277d4594bf7056aa8e6c/execute/async - {"script":"<script> [1562 bytes]","args":[{"selector":{"controlType":"sap.m.Button","viewName":"etm.portal.ui.managehandovers.view.AddNewHO","viewId":"application-managehandovers-display-component---AddNewHO","i18NText":{"propertyName":"text","key":"select"},"searchOpenDialogs":true,"interaction":{"idSuffix":"BDI-content"}},"wdio_ui5_key":"etmportal.ui.managehandovers.view.AddNewHOsap.m.Button{\"propertyName\":\"text\",\"key\":\"select\"}"}]}
COMMAND: GET /session/d7e4ce2bf424277d4594bf7056aa8e6c/screenshot - {}
RESULT: {"script":"<script> [1562 bytes]","args":[{"selector":{"controlType":"sap.m.Button","viewName":"etm.portal.ui.managehandovers.view.AddNewHO","viewId":"application-managehandovers-display-component---AddNewHO","i18NText":{"propertyName":"text","key":"select"},"searchOpenDialogs":true,"interaction":{"idSuffix":"BDI-content"}},"wdio_ui5_key":"etmportal.ui.managehandovers.view.AddNewHOsap.m.Button{\"propertyName\":\"text\",\"key\":\"select\"}"}]}
RESULT: undefined
COMMAND: POST /session/d7e4ce2bf424277d4594bf7056aa8e6c/element - {"using":"xpath","value":"//*[@id=\"__button61\"]"}
RESULT: {}
RESULT: {"using":"xpath","value":"//*[@id=\"__button61\"]"}
COMMAND: POST /session/d7e4ce2bf424277d4594bf7056aa8e6c/element/f.CBC60766CDC2EFD503EA998F31B181AA.d.1ABAE959A46B750857ABFA94C35E3A0C.e.14548/click - {}
RESULT: {}
COMMAND: GET /session/d7e4ce2bf424277d4594bf7056aa8e6c/screenshot - {}
RESULT: {}
COMMAND: POST /session/d7e4ce2bf424277d4594bf7056aa8e6c/execute/async - {"script":"<script> [1562 bytes]","args":[{"selector":{"id":"application-managehandovers-display-component---AddNewHO--confirmCreationButton","interaction":{"idSuffix":"BDI-content"}},"wdio_ui5_key":"applicationmanagehandovers-display-component---AddNewHO--confirmCreationButton"}]}
RESULT: {"script":"<script> [1562 bytes]","args":[{"selector":{"id":"application-managehandovers-display-component---AddNewHO--confirmCreationButton","interaction":{"idSuffix":"BDI-content"}},"wdio_ui5_key":"applicationmanagehandovers-display-component---AddNewHO--confirmCreationButton"}]}
RESULT: undefined
COMMAND: POST /session/d7e4ce2bf424277d4594bf7056aa8e6c/element - {"using":"xpath","value":"//*[@id=\"application-managehandovers-display-component---AddNewHO--confirmCreationButton\"]"}
RESULT: {"using":"xpath","value":"//*[@id=\"application-managehandovers-display-component---AddNewHO--confirmCreationButton\"]"}
COMMAND: POST /session/d7e4ce2bf424277d4594bf7056aa8e6c/element/f.CBC60766CDC2EFD503EA998F31B181AA.d.1ABAE959A46B750857ABFA94C35E3A0C.e.14348/click - {}
RESULT: {}
COMMAND: GET /session/d7e4ce2bf424277d4594bf7056aa8e6c/screenshot - {}
RESULT: {}
COMMAND: POST /session/d7e4ce2bf424277d4594bf7056aa8e6c/execute/async - {"script":"<script> [1562 bytes]","args":[{"selector":{"controlType":"sap.m.Text","viewName":"etm.portal.ui.managehandovers.view.DetailExecuteHO","bindingPath":{"propertyPath":"NO","modelName":"catalogModel"}},"wdio_ui5_key":"etmportal.ui.managehandovers.view.DetailExecuteHOsap.m.Text{\"propertyPath\":\"NO\",\"modelName\":\"catalogModel\"}"}]}
RESULT: {"script":"<script> [1562 bytes]","args":[{"selector":{"controlType":"sap.m.Text","viewName":"etm.portal.ui.managehandovers.view.DetailExecuteHO","bindingPath":{"propertyPath":"NO","modelName":"catalogModel"}},"wdio_ui5_key":"etmportal.ui.managehandovers.view.DetailExecuteHOsap.m.Text{\"propertyPath\":\"NO\",\"modelName\":\"catalogModel\"}"}]}
RESULT: undefined
COMMAND: POST /session/d7e4ce2bf424277d4594bf7056aa8e6c/execute/async - {"script":"<script> [6424 bytes]","args":[{"element-6066-11e4-a52e-4f735466cecf":"f.CBC60766CDC2EFD503EA998F31B181AA.d.1ABAE959A46B750857ABFA94C35E3A0C.e.14607"},"getText",[]]}
RESULT: {"script":"<script> [6424 bytes]","args":[{"element-6066-11e4-a52e-4f735466cecf":"f.CBC60766CDC2EFD503EA998F31B181AA.d.1ABAE959A46B750857ABFA94C35E3A0C.e.14607"},"getText",[]]}
COMMAND: POST /session/d7e4ce2bf424277d4594bf7056aa8e6c/element - {"using":"xpath","value":"//a[contains(@data-kt ,\"GeneralSectionSendContractLink\")]"}
RESULT: {"using":"xpath","value":"//a[contains(@data-kt ,\"GeneralSectionSendContractLink\")]"}
COMMAND: POST /session/d7e4ce2bf424277d4594bf7056aa8e6c/element/f.CBC60766CDC2EFD503EA998F31B181AA.d.1ABAE959A46B750857ABFA94C35E3A0C.e.14608/click - {}
RESULT: {}
COMMAND: GET /session/d7e4ce2bf424277d4594bf7056aa8e6c/screenshot - {}
RESULT: {}
COMMAND: POST /session/d7e4ce2bf424277d4594bf7056aa8e6c/element - {"using":"xpath","value":"//a[contains(@data-kt ,\"ContextMenuId2Link\")]"}
RESULT: {"using":"xpath","value":"//a[contains(@data-kt ,\"ContextMenuId2Link\")]"}
COMMAND: POST /session/d7e4ce2bf424277d4594bf7056aa8e6c/elements - {"using":"xpath","value":"//a[contains(@data-kt ,\"ContextMenuId2Link\")]"}
RESULT: {"using":"xpath","value":"//a[contains(@data-kt ,\"ContextMenuId2Link\")]"}
COMMAND: POST /session/d7e4ce2bf424277d4594bf7056aa8e6c/element/f.CBC60766CDC2EFD503EA998F31B181AA.d.1ABAE959A46B750857ABFA94C35E3A0C.e.14611/click - {}
RESULT: {}
COMMAND: GET /session/d7e4ce2bf424277d4594bf7056aa8e6c/screenshot - {}
RESULT: {}
COMMAND: POST /session/d7e4ce2bf424277d4594bf7056aa8e6c/execute/async - {"script":"<script> [1562 bytes]","args":[{"selector":{"controlType":"sap.m.Link","viewName":"etm.portal.ui.managehandovers.view.DetailExecuteHO","properties":{"text":"Contract Overview"},"searchOpenDialogs":true},"wdio_ui5_key":"etmportal.ui.managehandovers.view.DetailExecuteHOsap.m.Link{\"text\":\"Contract Overview\"}"}]}
RESULT: {"script":"<script> [1562 bytes]","args":[{"selector":{"controlType":"sap.m.Link","viewName":"etm.portal.ui.managehandovers.view.DetailExecuteHO","properties":{"text":"Contract Overview"},"searchOpenDialogs":true},"wdio_ui5_key":"etmportal.ui.managehandovers.view.DetailExecuteHOsap.m.Link{\"text\":\"Contract Overview\"}"}]}
RESULT: undefined
RESULT: undefined
COMMAND: POST /session/d7e4ce2bf424277d4594bf7056aa8e6c/execute/async - {"script":"<script> [6424 bytes]","args":[{"element-6066-11e4-a52e-4f735466cecf":"f.CBC60766CDC2EFD503EA998F31B181AA.d.1ABAE959A46B750857ABFA94C35E3A0C.e.14222"},"getText",[]]}
COMMAND: POST /session/d7e4ce2bf424277d4594bf7056aa8e6c/execute/async - {"script":"<script> [1562 bytes]","args":[{"selector":{"controlType":"sap.m.ObjectStatus","viewName":"etm.portal.ui.managecontracts.view.Detail","bindingPath":{"propertyPath":"LINK_TO_LOGISTICAL_STATUS/DESCRIPTION","modelName":"catalogModel"}},"wdio_ui5_key":"etmportal.ui.managecontracts.view.Detailsap.m.ObjectStatus{\"propertyPath\":\"LINK_TO_LOGISTICAL_STATUS/DESCRIPTION\",\"modelName\":\"catalogModel\"}"}]}
RESULT: {"script":"<script> [1562 bytes]","args":[{"selector":{"controlType":"sap.m.ObjectStatus","viewName":"etm.portal.ui.managecontracts.view.Detail","bindingPath":{"propertyPath":"LINK_TO_LOGISTICAL_STATUS/DESCRIPTION","modelName":"catalogModel"}},"wdio_ui5_key":"etmportal.ui.managecontracts.view.Detailsap.m.ObjectStatus{\"propertyPath\":\"LINK_TO_LOGISTICAL_STATUS/DESCRIPTION\",\"modelName\":\"catalogModel\"}"}]}
COMMAND: POST /session/d7e4ce2bf424277d4594bf7056aa8e6c/execute/async - {"script":"<script> [6424 bytes]","args":[{"element-6066-11e4-a52e-4f735466cecf":"f.CBC60766CDC2EFD503EA998F31B181AA.d.1ABAE959A46B750857ABFA94C35E3A0C.e.14872"},"getText",[]]}
RESULT: {"script":"<script> [6424 bytes]","args":[{"element-6066-11e4-a52e-4f735466cecf":"f.CBC60766CDC2EFD503EA998F31B181AA.d.1ABAE959A46B750857ABFA94C35E3A0C.e.14872"},"getText",[]]}
RESULT: undefined
COMMAND: POST /session/d7e4ce2bf424277d4594bf7056aa8e6c/execute/async - {"script":"<script> [6424 bytes]","args":[{"element-6066-11e4-a52e-4f735466cecf":"f.CBC60766CDC2EFD503EA998F31B181AA.d.1ABAE959A46B750857ABFA94C35E3A0C.e.14225"},"getText",[]]}
COMMAND: POST /session/d7e4ce2bf424277d4594bf7056aa8e6c/execute/async - {"script":"<script> [1562 bytes]","args":[{"selector":{"controlType":"sap.m.ObjectStatus","viewName":"etm.portal.ui.managecontracts.view.Detail","bindingPath":{"propertyPath":"LINK_TO_COMMERCIAL_STATUS/DESCRIPTION","modelName":"catalogModel"}},"wdio_ui5_key":"etmportal.ui.managecontracts.view.Detailsap.m.ObjectStatus{\"propertyPath\":\"LINK_TO_COMMERCIAL_STATUS/DESCRIPTION\",\"modelName\":\"catalogModel\"}"}]}
RESULT: {"script":"<script> [1562 bytes]","args":[{"selector":{"controlType":"sap.m.ObjectStatus","viewName":"etm.portal.ui.managecontracts.view.Detail","bindingPath":{"propertyPath":"LINK_TO_COMMERCIAL_STATUS/DESCRIPTION","modelName":"catalogModel"}},"wdio_ui5_key":"etmportal.ui.managecontracts.view.Detailsap.m.ObjectStatus{\"propertyPath\":\"LINK_TO_COMMERCIAL_STATUS/DESCRIPTION\",\"modelName\":\"catalogModel\"}"}]}
COMMAND: POST /session/d7e4ce2bf424277d4594bf7056aa8e6c/execute/async - {"script":"<script> [6424 bytes]","args":[{"element-6066-11e4-a52e-4f735466cecf":"f.CBC60766CDC2EFD503EA998F31B181AA.d.1ABAE959A46B750857ABFA94C35E3A0C.e.14873"},"getText",[]]}
RESULT: {"script":"<script> [6424 bytes]","args":[{"element-6066-11e4-a52e-4f735466cecf":"f.CBC60766CDC2EFD503EA998F31B181AA.d.1ABAE959A46B750857ABFA94C35E3A0C.e.14873"},"getText",[]]}
COMMAND: POST /session/d7e4ce2bf424277d4594bf7056aa8e6c/execute/async - {"script":"<script> [1562 bytes]","args":[{"selector":{"id":"backBtn"},"wdio_ui5_key":"backBtn"}]}
RESULT: {"script":"<script> [1562 bytes]","args":[{"selector":{"id":"backBtn"},"wdio_ui5_key":"backBtn"}]}
RESULT: undefined
COMMAND: POST /session/d7e4ce2bf424277d4594bf7056aa8e6c/element - {"using":"xpath","value":"//*[@id=\"backBtn\"]"}
RESULT: {"using":"xpath","value":"//*[@id=\"backBtn\"]"}
COMMAND: POST /session/d7e4ce2bf424277d4594bf7056aa8e6c/element/f.CBC60766CDC2EFD503EA998F31B181AA.d.1ABAE959A46B750857ABFA94C35E3A0C.e.14874/click - {}
RESULT: {}
COMMAND: GET /session/d7e4ce2bf424277d4594bf7056aa8e6c/screenshot - {}
RESULT: {}
COMMAND: POST /session/d7e4ce2bf424277d4594bf7056aa8e6c/element - {"using":"xpath","value":"//input[contains(@id ,\"issueDatePicker-inner\")]"}
RESULT: {"using":"xpath","value":"//input[contains(@id ,\"issueDatePicker-inner\")]"}
COMMAND: GET /session/d7e4ce2bf424277d4594bf7056aa8e6c/element/f.CBC60766CDC2EFD503EA998F31B181AA.d.1ABAE959A46B750857ABFA94C35E3A0C.e.15151/property/value - {}
RESULT: {}
COMMAND: POST /session/d7e4ce2bf424277d4594bf7056aa8e6c/element/f.CBC60766CDC2EFD503EA998F31B181AA.d.1ABAE959A46B750857ABFA94C35E3A0C.e.15151/clear - {}
COMMAND: GET /session/d7e4ce2bf424277d4594bf7056aa8e6c/screenshot - {}
RESULT: {}
COMMAND: POST /session/d7e4ce2bf424277d4594bf7056aa8e6c/element/f.CBC60766CDC2EFD503EA998F31B181AA.d.1ABAE959A46B750857ABFA94C35E3A0C.e.15151/value - {"text":"05/26/25"}
COMMAND: GET /session/d7e4ce2bf424277d4594bf7056aa8e6c/screenshot - {}
RESULT: {}
RESULT: {"text":"05/26/25"}
COMMAND: GET /session/d7e4ce2bf424277d4594bf7056aa8e6c/screenshot - {}
RESULT: {}
RESULT: {}
COMMAND: POST /session/d7e4ce2bf424277d4594bf7056aa8e6c/execute/async - {"script":"<script> [1562 bytes]","args":[{"selector":{"controlType":"sap.m.Button","viewName":"etm.portal.ui.managehandovers.view.DetailExecuteHO","i18NText":{"propertyName":"text","key":"confirmAll"},"interaction":{"idSuffix":"inner"}},"wdio_ui5_key":"etmportal.ui.managehandovers.view.DetailExecuteHOsap.m.Button{\"propertyName\":\"text\",\"key\":\"confirmAll\"}"}]}
RESULT: {"script":"<script> [1562 bytes]","args":[{"selector":{"controlType":"sap.m.Button","viewName":"etm.portal.ui.managehandovers.view.DetailExecuteHO","i18NText":{"propertyName":"text","key":"confirmAll"},"interaction":{"idSuffix":"inner"}},"wdio_ui5_key":"etmportal.ui.managehandovers.view.DetailExecuteHOsap.m.Button{\"propertyName\":\"text\",\"key\":\"confirmAll\"}"}]}
RESULT: undefined
COMMAND: POST /session/d7e4ce2bf424277d4594bf7056aa8e6c/element - {"using":"xpath","value":"//*[@id=\"__button145\"]"}
RESULT: {"using":"xpath","value":"//*[@id=\"__button145\"]"}
COMMAND: POST /session/d7e4ce2bf424277d4594bf7056aa8e6c/element/f.CBC60766CDC2EFD503EA998F31B181AA.d.1ABAE959A46B750857ABFA94C35E3A0C.e.15173/click - {}
RESULT: {}
COMMAND: GET /session/d7e4ce2bf424277d4594bf7056aa8e6c/screenshot - {}
RESULT: {}
COMMAND: POST /session/d7e4ce2bf424277d4594bf7056aa8e6c/actions - {"actions":[{"id":"action55","type":"key","parameters":{},"actions":[{"type":"keyDown","value":""},{"type":"pause","duration":10},{"type":"keyUp","value":""}]}]}
RESULT: {"actions":[{"id":"action55","type":"key","parameters":{},"actions":[{"type":"keyDown","value":""},{"type":"pause","duration":10},{"type":"keyUp","value":""}]}]}
COMMAND: GET /session/d7e4ce2bf424277d4594bf7056aa8e6c/screenshot - {}
RESULT: {}
RESULT: undefined
COMMAND: POST /session/d7e4ce2bf424277d4594bf7056aa8e6c/element - {"using":"xpath","value":"//*[@id=\"__button145\"]"}
RESULT: {"using":"xpath","value":"//*[@id=\"__button145\"]"}
COMMAND: POST /session/d7e4ce2bf424277d4594bf7056aa8e6c/element/f.CBC60766CDC2EFD503EA998F31B181AA.d.1ABAE959A46B750857ABFA94C35E3A0C.e.15173/click - {}
RESULT: {}
COMMAND: GET /session/d7e4ce2bf424277d4594bf7056aa8e6c/screenshot - {}
RESULT: {}
COMMAND: POST /session/d7e4ce2bf424277d4594bf7056aa8e6c/execute/async - {"script":"<script> [1562 bytes]","args":[{"selector":{"controlType":"sap.m.Button","properties":{"text":"OK"},"searchOpenDialogs":true,"interaction":{"idSuffix":"content"}},"wdio_ui5_key":"sapm.Button{\"text\":\"OK\"}"}]}
RESULT: {"script":"<script> [1562 bytes]","args":[{"selector":{"controlType":"sap.m.Button","properties":{"text":"OK"},"searchOpenDialogs":true,"interaction":{"idSuffix":"content"}},"wdio_ui5_key":"sapm.Button{\"text\":\"OK\"}"}]}
RESULT: undefined
COMMAND: POST /session/d7e4ce2bf424277d4594bf7056aa8e6c/element - {"using":"xpath","value":"//*[@id=\"__mbox-btn-2\"]"}
RESULT: {"using":"xpath","value":"//*[@id=\"__mbox-btn-2\"]"}
COMMAND: POST /session/d7e4ce2bf424277d4594bf7056aa8e6c/element/f.CBC60766CDC2EFD503EA998F31B181AA.d.1ABAE959A46B750857ABFA94C35E3A0C.e.15183/click - {}
RESULT: {}
COMMAND: GET /session/d7e4ce2bf424277d4594bf7056aa8e6c/screenshot - {}
RESULT: {}
COMMAND: POST /session/d7e4ce2bf424277d4594bf7056aa8e6c/element - {"using":"xpath","value":"//button[contains(@data-kt ,\"execHoIssueFooterButton\")]"}
RESULT: {"using":"xpath","value":"//button[contains(@data-kt ,\"execHoIssueFooterButton\")]"}
COMMAND: POST /session/d7e4ce2bf424277d4594bf7056aa8e6c/element/f.CBC60766CDC2EFD503EA998F31B181AA.d.1ABAE959A46B750857ABFA94C35E3A0C.e.15187/click - {}
RESULT: {}
COMMAND: GET /session/d7e4ce2bf424277d4594bf7056aa8e6c/screenshot - {}
RESULT: {}
COMMAND: POST /session/d7e4ce2bf424277d4594bf7056aa8e6c/refresh - {}
RESULT: {}
COMMAND: GET /session/d7e4ce2bf424277d4594bf7056aa8e6c/screenshot - {}
RESULT: {}
COMMAND: POST /session/d7e4ce2bf424277d4594bf7056aa8e6c/refresh - {}
RESULT: {}
COMMAND: GET /session/d7e4ce2bf424277d4594bf7056aa8e6c/screenshot - {}
RESULT: {}
COMMAND: POST /session/d7e4ce2bf424277d4594bf7056aa8e6c/window/fullscreen - {}
RESULT: {}
COMMAND: POST /session/d7e4ce2bf424277d4594bf7056aa8e6c/execute/async - {"script":"<script> [189 bytes]","args":[]}
RESULT: {"script":"<script> [189 bytes]","args":[]}
COMMAND: POST /session/d7e4ce2bf424277d4594bf7056aa8e6c/execute/async - {"script":"<script> [123 bytes]","args":[]}
RESULT: {"script":"<script> [123 bytes]","args":[]}
COMMAND: POST /session/d7e4ce2bf424277d4594bf7056aa8e6c/timeouts - {"script":"<number>"}
RESULT: {"script":"<number>"}
COMMAND: GET /session/d7e4ce2bf424277d4594bf7056aa8e6c/timeouts - {}
RESULT: {}
RESULT: undefined
COMMAND: POST /session/d7e4ce2bf424277d4594bf7056aa8e6c/execute/async - {"script":"<script> [2676 bytes]","args":[]}
RESULT: {"script":"<script> [2676 bytes]","args":[]}
COMMAND: POST /session/d7e4ce2bf424277d4594bf7056aa8e6c/execute/async - {"script":"<script> [2342 bytes]","args":[{"protocol":"http","hostname":"0.0.0.0","path":"/","capabilities":{"browserName":"chrome","goog:chromeOptions":{"binary":"C:\\Program Files\\Google\\Chrome\\Application\\chrome.exe","args":["--start-maximized"]}},"logLevel":"warn","connectionRetryTimeout":120000,"connectionRetryCount":3,"logLevels":{},"enableDirectConnect":true,"strictSSL":true,"_":"65 more keys: [\"cacheDir\",\"port\",\"requestedCapabilities\",\"automationProtocol\",\"baseUrl\",\"waitforInterval\",\"waitforTimeout\",\"onReload\",\"beforeCommand\",\"afterCommand\",\"rootDir\",\"specs\",\"suites\",\"exclude\",\"groupLogsByTestSpec\",\"excludeDriverLogs\",\"bail\",\"framework\",\"reporters\",\"services\",\"maxInstances\",\"maxInstancesPerCapability\",\"injectGlobals\",\"filesToWatch\",\"execArgv\",\"runnerEnv\",\"runner\",\"shard\",\"specFileRetries\",\"specFileRetriesDelay\",\"specFileRetriesDeferred\",\"reporterSyncInterval\",\"reporterSyncTimeout\",\"cucumberFeaturesWithLineNumbers\",\"autoCompileOpts\",\"mochaOpts\",\"jasmineOpts\",\"cucumberOpts\",\"onPrepare\",\"onWorkerStart\",\"onWorkerEnd\",\"before\",\"beforeSession\",\"beforeSuite\",\"beforeHook\",\"beforeTest\",\"afterTest\",\"afterHook\",\"afterSuite\",\"afterSession\",\"after\",\"onComplete\",\"beforeAssertion\",\"afterAssertion\",\"beforeFeature\",\"beforeScenario\",\"beforeStep\",\"afterStep\",\"afterScenario\",\"afterFeature\",\"_\",\"suite\",\"$0\",\"ignoredWorkerServices\",\"wdi5\"]"}]}
RESULT: {"script":"<script> [2342 bytes]","args":[{"protocol":"http","hostname":"0.0.0.0","path":"/","capabilities":{"browserName":"chrome","goog:chromeOptions":{"binary":"C:\\Program Files\\Google\\Chrome\\Application\\chrome.exe","args":["--start-maximized"]}},"logLevel":"warn","connectionRetryTimeout":120000,"connectionRetryCount":3,"logLevels":{},"enableDirectConnect":true,"strictSSL":true,"_":"65 more keys: [\"cacheDir\",\"port\",\"requestedCapabilities\",\"automationProtocol\",\"baseUrl\",\"waitforInterval\",\"waitforTimeout\",\"onReload\",\"beforeCommand\",\"afterCommand\",\"rootDir\",\"specs\",\"suites\",\"exclude\",\"groupLogsByTestSpec\",\"excludeDriverLogs\",\"bail\",\"framework\",\"reporters\",\"services\",\"maxInstances\",\"maxInstancesPerCapability\",\"injectGlobals\",\"filesToWatch\",\"execArgv\",\"runnerEnv\",\"runner\",\"shard\",\"specFileRetries\",\"specFileRetriesDelay\",\"specFileRetriesDeferred\",\"reporterSyncInterval\",\"reporterSyncTimeout\",\"cucumberFeaturesWithLineNumbers\",\"autoCompileOpts\",\"mochaOpts\",\"jasmineOpts\",\"cucumberOpts\",\"onPrepare\",\"onWorkerStart\",\"onWorkerEnd\",\"before\",\"beforeSession\",\"beforeSuite\",\"beforeHook\",\"beforeTest\",\"afterTest\",\"afterHook\",\"afterSuite\",\"afterSession\",\"after\",\"onComplete\",\"beforeAssertion\",\"afterAssertion\",\"beforeFeature\",\"beforeScenario\",\"beforeStep\",\"afterStep\",\"afterScenario\",\"afterFeature\",\"_\",\"suite\",\"$0\",\"ignoredWorkerServices\",\"wdi5\"]"}]}
COMMAND: POST /session/d7e4ce2bf424277d4594bf7056aa8e6c/execute/async - {"script":"<script> [21126 bytes]","args":[35000]}
RESULT: {"script":"<script> [21126 bytes]","args":[35000]}
COMMAND: POST /session/d7e4ce2bf424277d4594bf7056aa8e6c/execute/async - {"script":"<script> [1562 bytes]","args":[{"selector":{"controlType":"sap.m.SearchField","viewName":"etm.portal.ui.managehandovers.view.MasterHO","bindingPath":{"path":"","propertyPath":"/_BASIC_SEARCH_FIELD","modelName":"fi1t3rM0d31"},"interaction":{"idSuffix":"I"}},"wdio_ui5_key":"etmportal.ui.managehandovers.view.MasterHOsap.m.SearchField{\"path\":\"\",\"propertyPath\":\"/_BASIC_SEARCH_FIELD\",\"modelName\":\"fi1t3rM0d31\"}"}]}
RESULT: {"script":"<script> [1562 bytes]","args":[{"selector":{"controlType":"sap.m.SearchField","viewName":"etm.portal.ui.managehandovers.view.MasterHO","bindingPath":{"path":"","propertyPath":"/_BASIC_SEARCH_FIELD","modelName":"fi1t3rM0d31"},"interaction":{"idSuffix":"I"}},"wdio_ui5_key":"etmportal.ui.managehandovers.view.MasterHOsap.m.SearchField{\"path\":\"\",\"propertyPath\":\"/_BASIC_SEARCH_FIELD\",\"modelName\":\"fi1t3rM0d31\"}"}]}
RESULT: undefined
COMMAND: POST /session/d7e4ce2bf424277d4594bf7056aa8e6c/execute/async - {"script":"<script> [776 bytes]","args":[{"enterText":"30621","selector":{"controlType":"sap.m.SearchField","viewName":"etm.portal.ui.managehandovers.view.MasterHO","bindingPath":{"path":"","propertyPath":"/_BASIC_SEARCH_FIELD","modelName":"fi1t3rM0d31"},"interaction":{"idSuffix":"I"}},"clearTextFirst":true,"interactionType":"ENTER_TEXT"}]}
RESULT: {"script":"<script> [776 bytes]","args":[{"enterText":"30621","selector":{"controlType":"sap.m.SearchField","viewName":"etm.portal.ui.managehandovers.view.MasterHO","bindingPath":{"path":"","propertyPath":"/_BASIC_SEARCH_FIELD","modelName":"fi1t3rM0d31"},"interaction":{"idSuffix":"I"}},"clearTextFirst":true,"interactionType":"ENTER_TEXT"}]}
COMMAND: POST /session/d7e4ce2bf424277d4594bf7056aa8e6c/actions - {"actions":[{"id":"action56","type":"key","parameters":{},"actions":[{"type":"keyDown","value":""},{"type":"pause","duration":10},{"type":"keyUp","value":""}]}]}
RESULT: {"actions":[{"id":"action56","type":"key","parameters":{},"actions":[{"type":"keyDown","value":""},{"type":"pause","duration":10},{"type":"keyUp","value":""}]}]}
COMMAND: GET /session/d7e4ce2bf424277d4594bf7056aa8e6c/screenshot - {}
RESULT: {}
COMMAND: POST /session/d7e4ce2bf424277d4594bf7056aa8e6c/execute/async - {"script":"<script> [1562 bytes]","args":[{"selector":{"controlType":"sap.m.Title","viewName":"etm.portal.ui.managehandovers.view.MasterHO","properties":{"text":"Records (1)"}},"wdio_ui5_key":"etmportal.ui.managehandovers.view.MasterHOsap.m.Title{\"text\":\"Records (1)\"}"}]}
RESULT: {"script":"<script> [1562 bytes]","args":[{"selector":{"controlType":"sap.m.Title","viewName":"etm.portal.ui.managehandovers.view.MasterHO","properties":{"text":"Records (1)"}},"wdio_ui5_key":"etmportal.ui.managehandovers.view.MasterHOsap.m.Title{\"text\":\"Records (1)\"}"}]}
RESULT: undefined
COMMAND: POST /session/d7e4ce2bf424277d4594bf7056aa8e6c/execute/async - {"script":"<script> [6424 bytes]","args":[{"element-6066-11e4-a52e-4f735466cecf":"f.CBC60766CDC2EFD503EA998F31B181AA.d.3B79A2C1F5A5BB14F9A313DEB75FD08C.e.15376"},"getText",[]]}
RESULT: {"script":"<script> [6424 bytes]","args":[{"element-6066-11e4-a52e-4f735466cecf":"f.CBC60766CDC2EFD503EA998F31B181AA.d.3B79A2C1F5A5BB14F9A313DEB75FD08C.e.15376"},"getText",[]]}
COMMAND: POST /session/d7e4ce2bf424277d4594bf7056aa8e6c/execute/async - {"script":"<script> [1562 bytes]","args":[{"selector":{"controlType":"sap.ui.core.Icon","viewName":"etm.portal.ui.managehandovers.view.MasterHO","properties":{"src":{"regex":{"source":"slim\\-arrow\\-right"}}}},"wdio_ui5_key":"etmportal.ui.managehandovers.view.MasterHOsap.ui.core.Icon{\"src\":{\"regex\":{\"source\":\"slim\\\\-arrow\\\\-right\"}}}"}]}
RESULT: {"script":"<script> [1562 bytes]","args":[{"selector":{"controlType":"sap.ui.core.Icon","viewName":"etm.portal.ui.managehandovers.view.MasterHO","properties":{"src":{"regex":{"source":"slim\\-arrow\\-right"}}}},"wdio_ui5_key":"etmportal.ui.managehandovers.view.MasterHOsap.ui.core.Icon{\"src\":{\"regex\":{\"source\":\"slim\\\\-arrow\\\\-right\"}}}"}]}
RESULT: undefined
COMMAND: POST /session/d7e4ce2bf424277d4594bf7056aa8e6c/element - {"using":"xpath","value":"//*[@id=\"__item31-__clone17-imgNav\"]"}
RESULT: {"using":"xpath","value":"//*[@id=\"__item31-__clone17-imgNav\"]"}
COMMAND: POST /session/d7e4ce2bf424277d4594bf7056aa8e6c/element/f.CBC60766CDC2EFD503EA998F31B181AA.d.3B79A2C1F5A5BB14F9A313DEB75FD08C.e.15375/click - {}
RESULT: {}
COMMAND: GET /session/d7e4ce2bf424277d4594bf7056aa8e6c/screenshot - {}
RESULT: {}
COMMAND: POST /session/d7e4ce2bf424277d4594bf7056aa8e6c/execute/async - {"script":"<script> [1562 bytes]","args":[{"selector":{"controlType":"sap.m.ObjectStatus","viewName":"etm.portal.ui.managehandovers.view.DetailManageHO","viewId":"application-managehandovers-display-component---detailManageHO","labelFor":{"text":"Status"}},"wdio_ui5_key":"etmportal.ui.managehandovers.view.DetailManageHOsap.m.ObjectStatus{\"text\":\"Status\"}"}]}
RESULT: {"script":"<script> [1562 bytes]","args":[{"selector":{"controlType":"sap.m.ObjectStatus","viewName":"etm.portal.ui.managehandovers.view.DetailManageHO","viewId":"application-managehandovers-display-component---detailManageHO","labelFor":{"text":"Status"}},"wdio_ui5_key":"etmportal.ui.managehandovers.view.DetailManageHOsap.m.ObjectStatus{\"text\":\"Status\"}"}]}
RESULT: undefined
COMMAND: POST /session/d7e4ce2bf424277d4594bf7056aa8e6c/execute/async - {"script":"<script> [6424 bytes]","args":[{"element-6066-11e4-a52e-4f735466cecf":"f.CBC60766CDC2EFD503EA998F31B181AA.d.3B79A2C1F5A5BB14F9A313DEB75FD08C.e.15465"},"getText",[]]}
RESULT: {"script":"<script> [6424 bytes]","args":[{"element-6066-11e4-a52e-4f735466cecf":"f.CBC60766CDC2EFD503EA998F31B181AA.d.3B79A2C1F5A5BB14F9A313DEB75FD08C.e.15465"},"getText",[]]}
COMMAND: POST /session/d7e4ce2bf424277d4594bf7056aa8e6c/element - {"using":"xpath","value":"//a[contains(@data-kt ,\"GeneralSectionSendContractLink\")]"}
RESULT: {"using":"xpath","value":"//a[contains(@data-kt ,\"GeneralSectionSendContractLink\")]"}
COMMAND: POST /session/d7e4ce2bf424277d4594bf7056aa8e6c/element/f.CBC60766CDC2EFD503EA998F31B181AA.d.3B79A2C1F5A5BB14F9A313DEB75FD08C.e.15466/click - {}
RESULT: {}
COMMAND: GET /session/d7e4ce2bf424277d4594bf7056aa8e6c/screenshot - {}
RESULT: {}
COMMAND: POST /session/d7e4ce2bf424277d4594bf7056aa8e6c/elements - {"using":"xpath","value":"//a[contains(@data-kt ,\"ContextMenuId2Link\")]"}
RESULT: {"using":"xpath","value":"//a[contains(@data-kt ,\"ContextMenuId2Link\")]"}
COMMAND: POST /session/d7e4ce2bf424277d4594bf7056aa8e6c/element/f.CBC60766CDC2EFD503EA998F31B181AA.d.1ABAE959A46B750857ABFA94C35E3A0C.e.14611/click - {}
COMMAND: POST /session/d7e4ce2bf424277d4594bf7056aa8e6c/element - {"using":"xpath","value":"//a[contains(@data-kt ,\"ContextMenuId2Link\")]"}
RESULT: {"using":"xpath","value":"//a[contains(@data-kt ,\"ContextMenuId2Link\")]"}
COMMAND: POST /session/d7e4ce2bf424277d4594bf7056aa8e6c/element/f.CBC60766CDC2EFD503EA998F31B181AA.d.1ABAE959A46B750857ABFA94C35E3A0C.e.14611/click - {}
COMMAND: POST /session/d7e4ce2bf424277d4594bf7056aa8e6c/element - {"using":"xpath","value":"//a[contains(@data-kt ,\"ContextMenuId2Link\")]"}
RESULT: {"using":"xpath","value":"//a[contains(@data-kt ,\"ContextMenuId2Link\")]"}
COMMAND: POST /session/d7e4ce2bf424277d4594bf7056aa8e6c/element/f.CBC60766CDC2EFD503EA998F31B181AA.d.3B79A2C1F5A5BB14F9A313DEB75FD08C.e.15469/click - {}
RESULT: {}
COMMAND: GET /session/d7e4ce2bf424277d4594bf7056aa8e6c/screenshot - {}
RESULT: {}
COMMAND: POST /session/d7e4ce2bf424277d4594bf7056aa8e6c/execute/async - {"script":"<script> [1562 bytes]","args":[{"selector":{"controlType":"sap.m.ObjectStatus","viewName":"etm.portal.ui.managecontracts.view.Detail","bindingPath":{"propertyPath":"LINK_TO_COMMERCIAL_STATUS/DESCRIPTION","modelName":"catalogModel"}},"wdio_ui5_key":"etmportal.ui.managecontracts.view.Detailsap.m.ObjectStatus{\"propertyPath\":\"LINK_TO_COMMERCIAL_STATUS/DESCRIPTION\",\"modelName\":\"catalogModel\"}"}]}
RESULT: {"script":"<script> [1562 bytes]","args":[{"selector":{"controlType":"sap.m.ObjectStatus","viewName":"etm.portal.ui.managecontracts.view.Detail","bindingPath":{"propertyPath":"LINK_TO_COMMERCIAL_STATUS/DESCRIPTION","modelName":"catalogModel"}},"wdio_ui5_key":"etmportal.ui.managecontracts.view.Detailsap.m.ObjectStatus{\"propertyPath\":\"LINK_TO_COMMERCIAL_STATUS/DESCRIPTION\",\"modelName\":\"catalogModel\"}"}]}
RESULT: undefined
COMMAND: POST /session/d7e4ce2bf424277d4594bf7056aa8e6c/execute/async - {"script":"<script> [6424 bytes]","args":[{"element-6066-11e4-a52e-4f735466cecf":"f.CBC60766CDC2EFD503EA998F31B181AA.d.3B79A2C1F5A5BB14F9A313DEB75FD08C.e.15708"},"getText",[]]}
RESULT: {"script":"<script> [6424 bytes]","args":[{"element-6066-11e4-a52e-4f735466cecf":"f.CBC60766CDC2EFD503EA998F31B181AA.d.3B79A2C1F5A5BB14F9A313DEB75FD08C.e.15708"},"getText",[]]}
COMMAND: POST /session/d7e4ce2bf424277d4594bf7056aa8e6c/execute/async - {"script":"<script> [1562 bytes]","args":[{"selector":{"controlType":"sap.m.ObjectStatus","viewName":"etm.portal.ui.managecontracts.view.Detail","bindingPath":{"propertyPath":"LINK_TO_LOGISTICAL_STATUS/DESCRIPTION","modelName":"catalogModel"}},"wdio_ui5_key":"etmportal.ui.managecontracts.view.Detailsap.m.ObjectStatus{\"propertyPath\":\"LINK_TO_LOGISTICAL_STATUS/DESCRIPTION\",\"modelName\":\"catalogModel\"}"}]}
RESULT: {"script":"<script> [1562 bytes]","args":[{"selector":{"controlType":"sap.m.ObjectStatus","viewName":"etm.portal.ui.managecontracts.view.Detail","bindingPath":{"propertyPath":"LINK_TO_LOGISTICAL_STATUS/DESCRIPTION","modelName":"catalogModel"}},"wdio_ui5_key":"etmportal.ui.managecontracts.view.Detailsap.m.ObjectStatus{\"propertyPath\":\"LINK_TO_LOGISTICAL_STATUS/DESCRIPTION\",\"modelName\":\"catalogModel\"}"}]}
RESULT: undefined
COMMAND: POST /session/d7e4ce2bf424277d4594bf7056aa8e6c/execute/async - {"script":"<script> [6424 bytes]","args":[{"element-6066-11e4-a52e-4f735466cecf":"f.CBC60766CDC2EFD503EA998F31B181AA.d.3B79A2C1F5A5BB14F9A313DEB75FD08C.e.15709"},"getText",[]]}
RESULT: {"script":"<script> [6424 bytes]","args":[{"element-6066-11e4-a52e-4f735466cecf":"f.CBC60766CDC2EFD503EA998F31B181AA.d.3B79A2C1F5A5BB14F9A313DEB75FD08C.e.15709"},"getText",[]]}
COMMAND: POST /session/d7e4ce2bf424277d4594bf7056aa8e6c/element - {"using":"xpath","value":"//button[@data-kt=\"contractDetailEditBtnButton\"]"}
RESULT: {"using":"xpath","value":"//button[@data-kt=\"contractDetailEditBtnButton\"]"}
COMMAND: POST /session/d7e4ce2bf424277d4594bf7056aa8e6c/element/f.CBC60766CDC2EFD503EA998F31B181AA.d.3B79A2C1F5A5BB14F9A313DEB75FD08C.e.15532/click - {}
RESULT: {}
COMMAND: GET /session/d7e4ce2bf424277d4594bf7056aa8e6c/screenshot - {}
RESULT: {}
COMMAND: POST /session/d7e4ce2bf424277d4594bf7056aa8e6c/element - {"using":"xpath","value":"(//span[contains(text(), \"Additional Addresses\")])[2]"}
RESULT: {"using":"xpath","value":"(//span[contains(text(), \"Additional Addresses\")])[2]"}
COMMAND: POST /session/d7e4ce2bf424277d4594bf7056aa8e6c/element/f.CBC60766CDC2EFD503EA998F31B181AA.d.3B79A2C1F5A5BB14F9A313DEB75FD08C.e.15769/click - {}
RESULT: {}
COMMAND: GET /session/d7e4ce2bf424277d4594bf7056aa8e6c/screenshot - {}
RESULT: {}
COMMAND: POST /session/d7e4ce2bf424277d4594bf7056aa8e6c/element - {"using":"xpath","value":"//button[@data-kt=\"btnAddTableRowOverflowToolbarButton\"]"}
RESULT: {"using":"xpath","value":"//button[@data-kt=\"btnAddTableRowOverflowToolbarButton\"]"}
COMMAND: POST /session/d7e4ce2bf424277d4594bf7056aa8e6c/element/f.CBC60766CDC2EFD503EA998F31B181AA.d.3B79A2C1F5A5BB14F9A313DEB75FD08C.e.15771/click - {}
RESULT: {}
COMMAND: GET /session/d7e4ce2bf424277d4594bf7056aa8e6c/screenshot - {}
RESULT: {}
COMMAND: POST /session/d7e4ce2bf424277d4594bf7056aa8e6c/element - {"using":"xpath","value":"//div[(text() = 'Standard Entry' or . = 'Standard Entry')]"}
RESULT: {"using":"xpath","value":"//div[(text() = 'Standard Entry' or . = 'Standard Entry')]"}
COMMAND: POST /session/d7e4ce2bf424277d4594bf7056aa8e6c/element/f.CBC60766CDC2EFD503EA998F31B181AA.d.3B79A2C1F5A5BB14F9A313DEB75FD08C.e.15773/click - {}
RESULT: {}
COMMAND: POST /session/d7e4ce2bf424277d4594bf7056aa8e6c/execute/async - {"script":"<script> [1562 bytes]","args":[{"selector":{"controlType":"sap.ui.core.Icon","viewName":"etm.portal.ui.managecontracts.view.EditContract","properties":{"src":{"regex":{"source":"slim\\-arrow\\-down"}}},"ancestor":{"controlType":"sap.m.ComboBox","viewName":"etm.portal.ui.managecontracts.view.EditContract","bindingPath":{"propertyPath":"RU_TYPE","modelName":"catalogModel"}}},"wdio_ui5_key":"etmportal.ui.managecontracts.view.EditContractsap.ui.core.Icon{\"src\":{\"regex\":{\"source\":\"slim\\\\-arrow\\\\-down\"}}}{\"controlType\":\"sap.m.ComboBox\",\"viewName\":\"etm.portal.ui.managecontracts.view.EditContract\",\"bindingPath\":{\"propertyPath\":\"RU_TYPE\",\"modelName\":\"catalogModel\"}}"}]}
COMMAND: GET /session/d7e4ce2bf424277d4594bf7056aa8e6c/screenshot - {}
RESULT: {"script":"<script> [1562 bytes]","args":[{"selector":{"controlType":"sap.ui.core.Icon","viewName":"etm.portal.ui.managecontracts.view.EditContract","properties":{"src":{"regex":{"source":"slim\\-arrow\\-down"}}},"ancestor":{"controlType":"sap.m.ComboBox","viewName":"etm.portal.ui.managecontracts.view.EditContract","bindingPath":{"propertyPath":"RU_TYPE","modelName":"catalogModel"}}},"wdio_ui5_key":"etmportal.ui.managecontracts.view.EditContractsap.ui.core.Icon{\"src\":{\"regex\":{\"source\":\"slim\\\\-arrow\\\\-down\"}}}{\"controlType\":\"sap.m.ComboBox\",\"viewName\":\"etm.portal.ui.managecontracts.view.EditContract\",\"bindingPath\":{\"propertyPath\":\"RU_TYPE\",\"modelName\":\"catalogModel\"}}"}]}
RESULT: undefined
COMMAND: POST /session/d7e4ce2bf424277d4594bf7056aa8e6c/element - {"using":"xpath","value":"//*[@id=\"__box20-arrow\"]"}
RESULT: {}
RESULT: {"using":"xpath","value":"//*[@id=\"__box20-arrow\"]"}
COMMAND: POST /session/d7e4ce2bf424277d4594bf7056aa8e6c/element/f.CBC60766CDC2EFD503EA998F31B181AA.d.3B79A2C1F5A5BB14F9A313DEB75FD08C.e.15788/click - {}
RESULT: {}
COMMAND: POST /session/d7e4ce2bf424277d4594bf7056aa8e6c/execute/async - {"script":"<script> [1562 bytes]","args":[{"selector":{"controlType":"sap.m.StandardListItem","viewName":"etm.portal.ui.managecontracts.view.EditContract","properties":{"title":"Material"},"searchOpenDialogs":true,"interaction":{"idSuffix":"content"}},"wdio_ui5_key":"etmportal.ui.managecontracts.view.EditContractsap.m.StandardListItem{\"title\":\"Material\"}"}]}
COMMAND: GET /session/d7e4ce2bf424277d4594bf7056aa8e6c/screenshot - {}
RESULT: {"script":"<script> [1562 bytes]","args":[{"selector":{"controlType":"sap.m.StandardListItem","viewName":"etm.portal.ui.managecontracts.view.EditContract","properties":{"title":"Material"},"searchOpenDialogs":true,"interaction":{"idSuffix":"content"}},"wdio_ui5_key":"etmportal.ui.managecontracts.view.EditContractsap.m.StandardListItem{\"title\":\"Material\"}"}]}
RESULT: undefined
COMMAND: POST /session/d7e4ce2bf424277d4594bf7056aa8e6c/element - {"using":"xpath","value":"//*[@id=\"__item96\"]"}
RESULT: {}
RESULT: {"using":"xpath","value":"//*[@id=\"__item96\"]"}
COMMAND: POST /session/d7e4ce2bf424277d4594bf7056aa8e6c/element/f.CBC60766CDC2EFD503EA998F31B181AA.d.3B79A2C1F5A5BB14F9A313DEB75FD08C.e.15791/click - {}
RESULT: {}
COMMAND: POST /session/d7e4ce2bf424277d4594bf7056aa8e6c/element - {"using":"xpath","value":"//td[7]/div/div/input"}
COMMAND: GET /session/d7e4ce2bf424277d4594bf7056aa8e6c/screenshot - {}
RESULT: {"using":"xpath","value":"//td[7]/div/div/input"}
COMMAND: POST /session/d7e4ce2bf424277d4594bf7056aa8e6c/element/f.CBC60766CDC2EFD503EA998F31B181AA.d.3B79A2C1F5A5BB14F9A313DEB75FD08C.e.15794/clear - {}
RESULT: {}
RESULT: {}
COMMAND: POST /session/d7e4ce2bf424277d4594bf7056aa8e6c/element/f.CBC60766CDC2EFD503EA998F31B181AA.d.3B79A2C1F5A5BB14F9A313DEB75FD08C.e.15794/value - {"text":"WebdriverRUR2Ccxey"}
COMMAND: GET /session/d7e4ce2bf424277d4594bf7056aa8e6c/screenshot - {}
RESULT: {"text":"WebdriverRUR2Ccxey"}
COMMAND: GET /session/d7e4ce2bf424277d4594bf7056aa8e6c/screenshot - {}
RESULT: {}
RESULT: {}
COMMAND: POST /session/d7e4ce2bf424277d4594bf7056aa8e6c/actions - {"actions":[{"id":"action57","type":"key","parameters":{},"actions":[{"type":"keyDown","value":""},{"type":"pause","duration":10},{"type":"keyUp","value":""}]}]}
RESULT: {"actions":[{"id":"action57","type":"key","parameters":{},"actions":[{"type":"keyDown","value":""},{"type":"pause","duration":10},{"type":"keyUp","value":""}]}]}
COMMAND: GET /session/d7e4ce2bf424277d4594bf7056aa8e6c/screenshot - {}
RESULT: {}
COMMAND: POST /session/d7e4ce2bf424277d4594bf7056aa8e6c/element - {"using":"xpath","value":"//button[@data-kt=\"saveButton\"]"}
RESULT: {"using":"xpath","value":"//button[@data-kt=\"saveButton\"]"}
COMMAND: POST /session/d7e4ce2bf424277d4594bf7056aa8e6c/element/f.CBC60766CDC2EFD503EA998F31B181AA.d.3B79A2C1F5A5BB14F9A313DEB75FD08C.e.15817/click - {}
RESULT: {}
COMMAND: GET /session/d7e4ce2bf424277d4594bf7056aa8e6c/screenshot - {}
RESULT: {}
RESULT: undefined
COMMAND: POST /session/d7e4ce2bf424277d4594bf7056aa8e6c/execute/async - {"script":"<script> [6424 bytes]","args":[{"element-6066-11e4-a52e-4f735466cecf":"f.CBC60766CDC2EFD503EA998F31B181AA.d.3B79A2C1F5A5BB14F9A313DEB75FD08C.e.15709"},"getText",[]]}
RESULT: {"script":"<script> [6424 bytes]","args":[{"element-6066-11e4-a52e-4f735466cecf":"f.CBC60766CDC2EFD503EA998F31B181AA.d.3B79A2C1F5A5BB14F9A313DEB75FD08C.e.15709"},"getText",[]]}
COMMAND: DELETE /session/d7e4ce2bf424277d4594bf7056aa8e6c - {}
RESULT: {}
]]></system-out>
    </testcase>
  </testsuite>
</testsuites>