<?xml version="1.0" encoding="UTF-8"?>
<testsuites tests="6" failures="3" errors="3" skipped="0">
  <testsuite timestamp="2025-06-04T05:47:07" time="942.165" tests="6" failures="3" errors="3" skipped="0">
    <properties>
      <property name="specId" value="0" />
      <property name="suiteName" value="RU Inventory Mass State Change Multiple Items US151066" />
      <property name="capabilities" value="chrome.136_0_7103_93.windows" />
      <property name="file" value="file:///D:/a/1/s/test/specs/HTR/ru-inv-list-mass-state-change.spec.js" />
    </properties>
    <testcase classname="chrome.136_0_7103_93.windows.RU_Inventory_Mass_State_Change_Multiple_Items_US151066" name="Step 1 Should do a RU inventory mass state change on chosen yard 109 with the resources available one equipment multipart one tool pool" time="319.121">
      <system-out><![CDATA[
COMMAND: POST /session/a2f1165008ed1ce0a29154494effc33d/execute/async - {"script":"<script> [1562 bytes]","args":[{"selector":{"controlType":"sap.m.GenericTile","properties":{"header":"RU Inventory List"}},"wdio_ui5_key":"sapm.GenericTile{\"header\":\"RU Inventory List\"}"}]}
RESULT: {"script":"<script> [1562 bytes]","args":[{"selector":{"controlType":"sap.m.GenericTile","properties":{"header":"RU Inventory List"}},"wdio_ui5_key":"sapm.GenericTile{\"header\":\"RU Inventory List\"}"}]}
RESULT: undefined
COMMAND: POST /session/a2f1165008ed1ce0a29154494effc33d/element - {"using":"xpath","value":"//*[@id=\"__tile99\"]"}
RESULT: {"using":"xpath","value":"//*[@id=\"__tile99\"]"}
COMMAND: POST /session/a2f1165008ed1ce0a29154494effc33d/element/f.13ABC5109140260BE8AA3D0770F55D6A.d.A3715DA30C55FFCBF82698EF71C73471.e.270/click - {}
RESULT: {}
COMMAND: GET /session/a2f1165008ed1ce0a29154494effc33d/screenshot - {}
RESULT: {}
COMMAND: POST /session/a2f1165008ed1ce0a29154494effc33d/elements - {"using":"xpath","value":"//span[text()='Error']"}
RESULT: {"using":"xpath","value":"//span[text()='Error']"}
COMMAND: POST /session/a2f1165008ed1ce0a29154494effc33d/element - {"using":"xpath","value":"//button[contains(@id, \"massStateBtn\")]"}
RESULT: {"using":"xpath","value":"//button[contains(@id, \"massStateBtn\")]"}
COMMAND: POST /session/a2f1165008ed1ce0a29154494effc33d/elements - {"using":"xpath","value":"//button[contains(@id, \"massStateBtn\")]"}
RESULT: {"using":"xpath","value":"//button[contains(@id, \"massStateBtn\")]"}
COMMAND: POST /session/a2f1165008ed1ce0a29154494effc33d/elements - {"using":"xpath","value":"//button[contains(@id, \"massStateBtn\")]"}
RESULT: {"using":"xpath","value":"//button[contains(@id, \"massStateBtn\")]"}
COMMAND: POST /session/a2f1165008ed1ce0a29154494effc33d/elements - {"using":"xpath","value":"//button[contains(@id, \"massStateBtn\")]"}
RESULT: {"using":"xpath","value":"//button[contains(@id, \"massStateBtn\")]"}
COMMAND: POST /session/a2f1165008ed1ce0a29154494effc33d/elements - {"using":"xpath","value":"//button[contains(@id, \"massStateBtn\")]"}
RESULT: {"using":"xpath","value":"//button[contains(@id, \"massStateBtn\")]"}
COMMAND: POST /session/a2f1165008ed1ce0a29154494effc33d/elements - {"using":"xpath","value":"//button[contains(@id, \"massStateBtn\")]"}
RESULT: {"using":"xpath","value":"//button[contains(@id, \"massStateBtn\")]"}
COMMAND: POST /session/a2f1165008ed1ce0a29154494effc33d/elements - {"using":"xpath","value":"//button[contains(@id, \"massStateBtn\")]"}
RESULT: {"using":"xpath","value":"//button[contains(@id, \"massStateBtn\")]"}
COMMAND: POST /session/a2f1165008ed1ce0a29154494effc33d/elements - {"using":"xpath","value":"//button[contains(@id, \"massStateBtn\")]"}
RESULT: {"using":"xpath","value":"//button[contains(@id, \"massStateBtn\")]"}
COMMAND: POST /session/a2f1165008ed1ce0a29154494effc33d/element - {"using":"xpath","value":"//button[contains(@id, \"massStateBtn\")]"}
RESULT: {"using":"xpath","value":"//button[contains(@id, \"massStateBtn\")]"}
COMMAND: POST /session/a2f1165008ed1ce0a29154494effc33d/execute/sync - {"script":"<script> [8489 bytes]","args":[{"element-6066-11e4-a52e-4f735466cecf":"f.13ABC5109140260BE8AA3D0770F55D6A.d.A3715DA30C55FFCBF82698EF71C73471.e.305","ELEMENT":"f.13ABC5109140260BE8AA3D0770F55D6A.d.A3715DA30C55FFCBF82698EF71C73471.e.305"}]}
RESULT: {"script":"<script> [8489 bytes]","args":[{"element-6066-11e4-a52e-4f735466cecf":"f.13ABC5109140260BE8AA3D0770F55D6A.d.A3715DA30C55FFCBF82698EF71C73471.e.305","ELEMENT":"f.13ABC5109140260BE8AA3D0770F55D6A.d.A3715DA30C55FFCBF82698EF71C73471.e.305"}]}
COMMAND: GET /session/a2f1165008ed1ce0a29154494effc33d/element/f.13ABC5109140260BE8AA3D0770F55D6A.d.A3715DA30C55FFCBF82698EF71C73471.e.305/enabled - {}
COMMAND: GET /session/a2f1165008ed1ce0a29154494effc33d/screenshot - {}
RESULT: {}
COMMAND: POST /session/a2f1165008ed1ce0a29154494effc33d/execute/sync - {"script":"<script> [8489 bytes]","args":[{"element-6066-11e4-a52e-4f735466cecf":"f.13ABC5109140260BE8AA3D0770F55D6A.d.A3715DA30C55FFCBF82698EF71C73471.e.305","ELEMENT":"f.13ABC5109140260BE8AA3D0770F55D6A.d.A3715DA30C55FFCBF82698EF71C73471.e.305"}]}
COMMAND: GET /session/a2f1165008ed1ce0a29154494effc33d/screenshot - {}
RESULT: {}
RESULT: {"script":"<script> [8489 bytes]","args":[{"element-6066-11e4-a52e-4f735466cecf":"f.13ABC5109140260BE8AA3D0770F55D6A.d.A3715DA30C55FFCBF82698EF71C73471.e.305","ELEMENT":"f.13ABC5109140260BE8AA3D0770F55D6A.d.A3715DA30C55FFCBF82698EF71C73471.e.305"}]}
COMMAND: POST /session/a2f1165008ed1ce0a29154494effc33d/execute/sync - {"script":"<script> [5351 bytes]","args":[{"element-6066-11e4-a52e-4f735466cecf":"f.13ABC5109140260BE8AA3D0770F55D6A.d.A3715DA30C55FFCBF82698EF71C73471.e.305","ELEMENT":"f.13ABC5109140260BE8AA3D0770F55D6A.d.A3715DA30C55FFCBF82698EF71C73471.e.305"}]}
RESULT: {}
COMMAND: GET /session/a2f1165008ed1ce0a29154494effc33d/screenshot - {}
RESULT: {"script":"<script> [5351 bytes]","args":[{"element-6066-11e4-a52e-4f735466cecf":"f.13ABC5109140260BE8AA3D0770F55D6A.d.A3715DA30C55FFCBF82698EF71C73471.e.305","ELEMENT":"f.13ABC5109140260BE8AA3D0770F55D6A.d.A3715DA30C55FFCBF82698EF71C73471.e.305"}]}
COMMAND: POST /session/a2f1165008ed1ce0a29154494effc33d/element/f.13ABC5109140260BE8AA3D0770F55D6A.d.A3715DA30C55FFCBF82698EF71C73471.e.305/click - {}
COMMAND: GET /session/a2f1165008ed1ce0a29154494effc33d/screenshot - {}
RESULT: {}
RESULT: {}
COMMAND: GET /session/a2f1165008ed1ce0a29154494effc33d/screenshot - {}
RESULT: {}
RESULT: {}
COMMAND: POST /session/a2f1165008ed1ce0a29154494effc33d/execute/async - {"script":"<script> [1562 bytes]","args":[{"selector":{"id":"application-ruinventorylist-display-component---Master--ruLocationTypeComboBox-arrow"},"wdio_ui5_key":"applicationruinventorylist-display-component---Master--ruLocationTypeComboBox-arrow"}]}
RESULT: {"script":"<script> [1562 bytes]","args":[{"selector":{"id":"application-ruinventorylist-display-component---Master--ruLocationTypeComboBox-arrow"},"wdio_ui5_key":"applicationruinventorylist-display-component---Master--ruLocationTypeComboBox-arrow"}]}
RESULT: undefined
COMMAND: POST /session/a2f1165008ed1ce0a29154494effc33d/element - {"using":"xpath","value":"//*[@id=\"application-ruinventorylist-display-component---Master--ruLocationTypeComboBox-arrow\"]"}
RESULT: {"using":"xpath","value":"//*[@id=\"application-ruinventorylist-display-component---Master--ruLocationTypeComboBox-arrow\"]"}
COMMAND: POST /session/a2f1165008ed1ce0a29154494effc33d/element/f.13ABC5109140260BE8AA3D0770F55D6A.d.A3715DA30C55FFCBF82698EF71C73471.e.661/click - {}
RESULT: {}
COMMAND: GET /session/a2f1165008ed1ce0a29154494effc33d/screenshot - {}
RESULT: {}
COMMAND: POST /session/a2f1165008ed1ce0a29154494effc33d/element - {"using":"xpath","value":"//li[.//span[text()='Yard']]"}
RESULT: {"using":"xpath","value":"//li[.//span[text()='Yard']]"}
COMMAND: POST /session/a2f1165008ed1ce0a29154494effc33d/element/f.13ABC5109140260BE8AA3D0770F55D6A.d.A3715DA30C55FFCBF82698EF71C73471.e.662/click - {}
RESULT: {}
COMMAND: GET /session/a2f1165008ed1ce0a29154494effc33d/screenshot - {}
RESULT: {}
COMMAND: POST /session/a2f1165008ed1ce0a29154494effc33d/execute/async - {"script":"<script> [1562 bytes]","args":[{"selector":{"id":"application-ruinventorylist-display-component---Master--smartFilterBar-filterItemControl_BASIC-YARD-vhi"},"wdio_ui5_key":"applicationruinventorylist-display-component---Master--smartFilterBar-filterItemControl_BASIC-YARD-vhi"}]}
RESULT: {"script":"<script> [1562 bytes]","args":[{"selector":{"id":"application-ruinventorylist-display-component---Master--smartFilterBar-filterItemControl_BASIC-YARD-vhi"},"wdio_ui5_key":"applicationruinventorylist-display-component---Master--smartFilterBar-filterItemControl_BASIC-YARD-vhi"}]}
RESULT: undefined
COMMAND: POST /session/a2f1165008ed1ce0a29154494effc33d/element - {"using":"xpath","value":"//*[@id=\"application-ruinventorylist-display-component---Master--smartFilterBar-filterItemControl_BASIC-YARD-vhi\"]"}
RESULT: {"using":"xpath","value":"//*[@id=\"application-ruinventorylist-display-component---Master--smartFilterBar-filterItemControl_BASIC-YARD-vhi\"]"}
COMMAND: POST /session/a2f1165008ed1ce0a29154494effc33d/element/f.13ABC5109140260BE8AA3D0770F55D6A.d.A3715DA30C55FFCBF82698EF71C73471.e.712/click - {}
RESULT: {}
COMMAND: GET /session/a2f1165008ed1ce0a29154494effc33d/screenshot - {}
RESULT: {}
COMMAND: POST /session/a2f1165008ed1ce0a29154494effc33d/execute/async - {"script":"<script> [1562 bytes]","args":[{"selector":{"id":"application-ruinventorylist-display-component---Master--smartFilterBar-filterItemControl_BASIC-YARD-valueHelpDialog-smartFilterBar-btnBasicSearch","searchOpenDialogs":true,"interaction":{"idSuffix":"I"}},"wdio_ui5_key":"applicationruinventorylist-display-component---Master--smartFilterBar-filterItemControl_BASIC-YARD-valueHelpDialog-smartFilterBar-btnBasicSearch"}]}
RESULT: {"script":"<script> [1562 bytes]","args":[{"selector":{"id":"application-ruinventorylist-display-component---Master--smartFilterBar-filterItemControl_BASIC-YARD-valueHelpDialog-smartFilterBar-btnBasicSearch","searchOpenDialogs":true,"interaction":{"idSuffix":"I"}},"wdio_ui5_key":"applicationruinventorylist-display-component---Master--smartFilterBar-filterItemControl_BASIC-YARD-valueHelpDialog-smartFilterBar-btnBasicSearch"}]}
RESULT: undefined
COMMAND: POST /session/a2f1165008ed1ce0a29154494effc33d/execute/async - {"script":"<script> [776 bytes]","args":[{"enterText":"109","selector":{"id":"application-ruinventorylist-display-component---Master--smartFilterBar-filterItemControl_BASIC-YARD-valueHelpDialog-smartFilterBar-btnBasicSearch","searchOpenDialogs":true,"interaction":{"idSuffix":"I"}},"clearTextFirst":true,"interactionType":"ENTER_TEXT"}]}
RESULT: {"script":"<script> [776 bytes]","args":[{"enterText":"109","selector":{"id":"application-ruinventorylist-display-component---Master--smartFilterBar-filterItemControl_BASIC-YARD-valueHelpDialog-smartFilterBar-btnBasicSearch","searchOpenDialogs":true,"interaction":{"idSuffix":"I"}},"clearTextFirst":true,"interactionType":"ENTER_TEXT"}]}
COMMAND: POST /session/a2f1165008ed1ce0a29154494effc33d/actions - {"actions":[{"id":"action1","type":"key","parameters":{},"actions":[{"type":"keyDown","value":"î€‡"},{"type":"pause","duration":10},{"type":"keyUp","value":"î€‡"}]}]}
RESULT: {"actions":[{"id":"action1","type":"key","parameters":{},"actions":[{"type":"keyDown","value":"î€‡"},{"type":"pause","duration":10},{"type":"keyUp","value":"î€‡"}]}]}
COMMAND: GET /session/a2f1165008ed1ce0a29154494effc33d/screenshot - {}
RESULT: {}
COMMAND: POST /session/a2f1165008ed1ce0a29154494effc33d/elements - {"using":"xpath","value":"//table[contains(@id, \"filterItemControl_BASIC-YARD-valueHelpDialog-table-table\")]/tbody/tr"}
RESULT: {"using":"xpath","value":"//table[contains(@id, \"filterItemControl_BASIC-YARD-valueHelpDialog-table-table\")]/tbody/tr"}
COMMAND: POST /session/a2f1165008ed1ce0a29154494effc33d/element - {"using":"xpath","value":"//table[contains(@id, \"filterItemControl_BASIC-YARD-valueHelpDialog-table-table\")]/tbody/tr[1]/td[1]/div/span"}
RESULT: {"using":"xpath","value":"//table[contains(@id, \"filterItemControl_BASIC-YARD-valueHelpDialog-table-table\")]/tbody/tr[1]/td[1]/div/span"}
COMMAND: POST /session/a2f1165008ed1ce0a29154494effc33d/elements - {"using":"xpath","value":"//table[contains(@id, \"filterItemControl_BASIC-YARD-valueHelpDialog-table-table\")]/tbody/tr[1]/td[1]/div/span"}
RESULT: {"using":"xpath","value":"//table[contains(@id, \"filterItemControl_BASIC-YARD-valueHelpDialog-table-table\")]/tbody/tr[1]/td[1]/div/span"}
COMMAND: POST /session/a2f1165008ed1ce0a29154494effc33d/execute/sync - {"script":"<script> [56 bytes]","args":[{"element-6066-11e4-a52e-4f735466cecf":"f.13ABC5109140260BE8AA3D0770F55D6A.d.A3715DA30C55FFCBF82698EF71C73471.e.734","ELEMENT":"f.13ABC5109140260BE8AA3D0770F55D6A.d.A3715DA30C55FFCBF82698EF71C73471.e.734"}]}
RESULT: {"script":"<script> [56 bytes]","args":[{"element-6066-11e4-a52e-4f735466cecf":"f.13ABC5109140260BE8AA3D0770F55D6A.d.A3715DA30C55FFCBF82698EF71C73471.e.734","ELEMENT":"f.13ABC5109140260BE8AA3D0770F55D6A.d.A3715DA30C55FFCBF82698EF71C73471.e.734"}]}
COMMAND: POST /session/a2f1165008ed1ce0a29154494effc33d/element - {"using":"xpath","value":"//div[contains(@id, \"filterItemControl_BASIC-YARD-valueHelpDialog-table-rowsel0\")]"}
COMMAND: GET /session/a2f1165008ed1ce0a29154494effc33d/screenshot - {}
RESULT: {"using":"xpath","value":"//div[contains(@id, \"filterItemControl_BASIC-YARD-valueHelpDialog-table-rowsel0\")]"}
COMMAND: POST /session/a2f1165008ed1ce0a29154494effc33d/element/f.13ABC5109140260BE8AA3D0770F55D6A.d.A3715DA30C55FFCBF82698EF71C73471.e.735/click - {}
RESULT: {}
RESULT: {}
COMMAND: GET /session/a2f1165008ed1ce0a29154494effc33d/screenshot - {}
RESULT: {}
COMMAND: POST /session/a2f1165008ed1ce0a29154494effc33d/element - {"using":"xpath","value":"//div[contains(@id, \"smartFilterBar-filterItemControl_BASIC-YARD-valueHelpDialog-smartFilterBar-btnBasicSearch-reset\")]"}
RESULT: {"using":"xpath","value":"//div[contains(@id, \"smartFilterBar-filterItemControl_BASIC-YARD-valueHelpDialog-smartFilterBar-btnBasicSearch-reset\")]"}
COMMAND: POST /session/a2f1165008ed1ce0a29154494effc33d/element/f.13ABC5109140260BE8AA3D0770F55D6A.d.A3715DA30C55FFCBF82698EF71C73471.e.737/click - {}
RESULT: {}
RESULT: undefined
COMMAND: POST /session/a2f1165008ed1ce0a29154494effc33d/execute/async - {"script":"<script> [776 bytes]","args":[{"enterText":"OPA5_BST01_YARD1","selector":{"id":"application-ruinventorylist-display-component---Master--smartFilterBar-filterItemControl_BASIC-YARD-valueHelpDialog-smartFilterBar-btnBasicSearch","searchOpenDialogs":true,"interaction":{"idSuffix":"I"}},"clearTextFirst":true,"interactionType":"ENTER_TEXT"}]}
COMMAND: GET /session/a2f1165008ed1ce0a29154494effc33d/screenshot - {}
RESULT: {"script":"<script> [776 bytes]","args":[{"enterText":"OPA5_BST01_YARD1","selector":{"id":"application-ruinventorylist-display-component---Master--smartFilterBar-filterItemControl_BASIC-YARD-valueHelpDialog-smartFilterBar-btnBasicSearch","searchOpenDialogs":true,"interaction":{"idSuffix":"I"}},"clearTextFirst":true,"interactionType":"ENTER_TEXT"}]}
COMMAND: POST /session/a2f1165008ed1ce0a29154494effc33d/actions - {"actions":[{"id":"action2","type":"key","parameters":{},"actions":[{"type":"keyDown","value":"î€‡"},{"type":"pause","duration":10},{"type":"keyUp","value":"î€‡"}]}]}
RESULT: {}
RESULT: {"actions":[{"id":"action2","type":"key","parameters":{},"actions":[{"type":"keyDown","value":"î€‡"},{"type":"pause","duration":10},{"type":"keyUp","value":"î€‡"}]}]}
COMMAND: GET /session/a2f1165008ed1ce0a29154494effc33d/screenshot - {}
RESULT: {}
COMMAND: POST /session/a2f1165008ed1ce0a29154494effc33d/elements - {"using":"xpath","value":"//table[contains(@id, \"filterItemControl_BASIC-YARD-valueHelpDialog-table-table\")]/tbody/tr"}
RESULT: {"using":"xpath","value":"//table[contains(@id, \"filterItemControl_BASIC-YARD-valueHelpDialog-table-table\")]/tbody/tr"}
COMMAND: POST /session/a2f1165008ed1ce0a29154494effc33d/element - {"using":"xpath","value":"//table[contains(@id, \"filterItemControl_BASIC-YARD-valueHelpDialog-table-table\")]/tbody/tr[1]/td[1]/div/span"}
RESULT: {"using":"xpath","value":"//table[contains(@id, \"filterItemControl_BASIC-YARD-valueHelpDialog-table-table\")]/tbody/tr[1]/td[1]/div/span"}
COMMAND: POST /session/a2f1165008ed1ce0a29154494effc33d/elements - {"using":"xpath","value":"//table[contains(@id, \"filterItemControl_BASIC-YARD-valueHelpDialog-table-table\")]/tbody/tr[1]/td[1]/div/span"}
RESULT: {"using":"xpath","value":"//table[contains(@id, \"filterItemControl_BASIC-YARD-valueHelpDialog-table-table\")]/tbody/tr[1]/td[1]/div/span"}
COMMAND: POST /session/a2f1165008ed1ce0a29154494effc33d/execute/sync - {"script":"<script> [56 bytes]","args":[{"element-6066-11e4-a52e-4f735466cecf":"f.13ABC5109140260BE8AA3D0770F55D6A.d.A3715DA30C55FFCBF82698EF71C73471.e.734","ELEMENT":"f.13ABC5109140260BE8AA3D0770F55D6A.d.A3715DA30C55FFCBF82698EF71C73471.e.734"}]}
RESULT: {"script":"<script> [56 bytes]","args":[{"element-6066-11e4-a52e-4f735466cecf":"f.13ABC5109140260BE8AA3D0770F55D6A.d.A3715DA30C55FFCBF82698EF71C73471.e.734","ELEMENT":"f.13ABC5109140260BE8AA3D0770F55D6A.d.A3715DA30C55FFCBF82698EF71C73471.e.734"}]}
COMMAND: POST /session/a2f1165008ed1ce0a29154494effc33d/element - {"using":"xpath","value":"//div[contains(@id, \"filterItemControl_BASIC-YARD-valueHelpDialog-table-rowsel0\")]"}
COMMAND: GET /session/a2f1165008ed1ce0a29154494effc33d/screenshot - {}
RESULT: {"using":"xpath","value":"//div[contains(@id, \"filterItemControl_BASIC-YARD-valueHelpDialog-table-rowsel0\")]"}
COMMAND: POST /session/a2f1165008ed1ce0a29154494effc33d/element/f.13ABC5109140260BE8AA3D0770F55D6A.d.A3715DA30C55FFCBF82698EF71C73471.e.735/click - {}
RESULT: {}
RESULT: {}
COMMAND: GET /session/a2f1165008ed1ce0a29154494effc33d/screenshot - {}
RESULT: {}
COMMAND: POST /session/a2f1165008ed1ce0a29154494effc33d/element - {"using":"xpath","value":"(//bdi[contains(text(), \"OK\")])[1]"}
RESULT: {"using":"xpath","value":"(//bdi[contains(text(), \"OK\")])[1]"}
COMMAND: POST /session/a2f1165008ed1ce0a29154494effc33d/element/f.13ABC5109140260BE8AA3D0770F55D6A.d.A3715DA30C55FFCBF82698EF71C73471.e.738/click - {}
RESULT: {}
COMMAND: GET /session/a2f1165008ed1ce0a29154494effc33d/screenshot - {}
RESULT: {}
COMMAND: POST /session/a2f1165008ed1ce0a29154494effc33d/element - {"using":"xpath","value":"//span[@id=\"application-ruinventorylist-display-component---Master--smartTableRuInventoryList-header-inner\"]"}
RESULT: {"using":"xpath","value":"//span[@id=\"application-ruinventorylist-display-component---Master--smartTableRuInventoryList-header-inner\"]"}
COMMAND: POST /session/a2f1165008ed1ce0a29154494effc33d/elements - {"using":"xpath","value":"//span[@id=\"application-ruinventorylist-display-component---Master--smartTableRuInventoryList-header-inner\"]"}
RESULT: {"using":"xpath","value":"//span[@id=\"application-ruinventorylist-display-component---Master--smartTableRuInventoryList-header-inner\"]"}
COMMAND: POST /session/a2f1165008ed1ce0a29154494effc33d/execute/sync - {"script":"<script> [56 bytes]","args":[{"element-6066-11e4-a52e-4f735466cecf":"f.13ABC5109140260BE8AA3D0770F55D6A.d.A3715DA30C55FFCBF82698EF71C73471.e.901","ELEMENT":"f.13ABC5109140260BE8AA3D0770F55D6A.d.A3715DA30C55FFCBF82698EF71C73471.e.901"}]}
RESULT: {"script":"<script> [56 bytes]","args":[{"element-6066-11e4-a52e-4f735466cecf":"f.13ABC5109140260BE8AA3D0770F55D6A.d.A3715DA30C55FFCBF82698EF71C73471.e.901","ELEMENT":"f.13ABC5109140260BE8AA3D0770F55D6A.d.A3715DA30C55FFCBF82698EF71C73471.e.901"}]}
COMMAND: POST /session/a2f1165008ed1ce0a29154494effc33d/execute/async - {"script":"<script> [1562 bytes]","args":[{"selector":{"id":"application-ruinventorylist-display-component---Master--smartFilterBar-btnBasicSearch","interaction":{"idSuffix":"I"}},"wdio_ui5_key":"applicationruinventorylist-display-component---Master--smartFilterBar-btnBasicSearch"}]}
COMMAND: GET /session/a2f1165008ed1ce0a29154494effc33d/screenshot - {}
RESULT: {"script":"<script> [1562 bytes]","args":[{"selector":{"id":"application-ruinventorylist-display-component---Master--smartFilterBar-btnBasicSearch","interaction":{"idSuffix":"I"}},"wdio_ui5_key":"applicationruinventorylist-display-component---Master--smartFilterBar-btnBasicSearch"}]}
RESULT: undefined
COMMAND: POST /session/a2f1165008ed1ce0a29154494effc33d/execute/async - {"script":"<script> [776 bytes]","args":[{"enterText":"600002","selector":{"id":"application-ruinventorylist-display-component---Master--smartFilterBar-btnBasicSearch","interaction":{"idSuffix":"I"}},"clearTextFirst":true,"interactionType":"ENTER_TEXT"}]}
RESULT: {}
RESULT: {"script":"<script> [776 bytes]","args":[{"enterText":"600002","selector":{"id":"application-ruinventorylist-display-component---Master--smartFilterBar-btnBasicSearch","interaction":{"idSuffix":"I"}},"clearTextFirst":true,"interactionType":"ENTER_TEXT"}]}
COMMAND: POST /session/a2f1165008ed1ce0a29154494effc33d/actions - {"actions":[{"id":"action3","type":"key","parameters":{},"actions":[{"type":"keyDown","value":"î€‡"},{"type":"pause","duration":10},{"type":"keyUp","value":"î€‡"}]}]}
RESULT: {"actions":[{"id":"action3","type":"key","parameters":{},"actions":[{"type":"keyDown","value":"î€‡"},{"type":"pause","duration":10},{"type":"keyUp","value":"î€‡"}]}]}
COMMAND: GET /session/a2f1165008ed1ce0a29154494effc33d/screenshot - {}
RESULT: {}
COMMAND: POST /session/a2f1165008ed1ce0a29154494effc33d/element - {"using":"xpath","value":"//span[@id=\"application-ruinventorylist-display-component---Master--smartTableRuInventoryList-header-inner\"]"}
RESULT: {"using":"xpath","value":"//span[@id=\"application-ruinventorylist-display-component---Master--smartTableRuInventoryList-header-inner\"]"}
COMMAND: POST /session/a2f1165008ed1ce0a29154494effc33d/elements - {"using":"xpath","value":"//span[@id=\"application-ruinventorylist-display-component---Master--smartTableRuInventoryList-header-inner\"]"}
RESULT: {"using":"xpath","value":"//span[@id=\"application-ruinventorylist-display-component---Master--smartTableRuInventoryList-header-inner\"]"}
COMMAND: POST /session/a2f1165008ed1ce0a29154494effc33d/execute/sync - {"script":"<script> [56 bytes]","args":[{"element-6066-11e4-a52e-4f735466cecf":"f.13ABC5109140260BE8AA3D0770F55D6A.d.A3715DA30C55FFCBF82698EF71C73471.e.901","ELEMENT":"f.13ABC5109140260BE8AA3D0770F55D6A.d.A3715DA30C55FFCBF82698EF71C73471.e.901"}]}
RESULT: {"script":"<script> [56 bytes]","args":[{"element-6066-11e4-a52e-4f735466cecf":"f.13ABC5109140260BE8AA3D0770F55D6A.d.A3715DA30C55FFCBF82698EF71C73471.e.901","ELEMENT":"f.13ABC5109140260BE8AA3D0770F55D6A.d.A3715DA30C55FFCBF82698EF71C73471.e.901"}]}
COMMAND: POST /session/a2f1165008ed1ce0a29154494effc33d/element - {"using":"xpath","value":"//table[contains(@id, \"application-ruinventorylist-display-component---Master--tableRuInventoryList-listUl\")]/tbody/tr[1]/td[2]/div/div"}
COMMAND: GET /session/a2f1165008ed1ce0a29154494effc33d/screenshot - {}
RESULT: {"using":"xpath","value":"//table[contains(@id, \"application-ruinventorylist-display-component---Master--tableRuInventoryList-listUl\")]/tbody/tr[1]/td[2]/div/div"}
COMMAND: POST /session/a2f1165008ed1ce0a29154494effc33d/element/f.13ABC5109140260BE8AA3D0770F55D6A.d.A3715DA30C55FFCBF82698EF71C73471.e.910/click - {}
RESULT: {}
RESULT: {}
COMMAND: GET /session/a2f1165008ed1ce0a29154494effc33d/screenshot - {}
RESULT: {}
COMMAND: POST /session/a2f1165008ed1ce0a29154494effc33d/element - {"using":"xpath","value":"//div[contains(@id, \"smartFilterBar-btnBasicSearch-reset\")]"}
RESULT: {"using":"xpath","value":"//div[contains(@id, \"smartFilterBar-btnBasicSearch-reset\")]"}
COMMAND: POST /session/a2f1165008ed1ce0a29154494effc33d/element/f.13ABC5109140260BE8AA3D0770F55D6A.d.A3715DA30C55FFCBF82698EF71C73471.e.920/click - {}
RESULT: {}
COMMAND: GET /session/a2f1165008ed1ce0a29154494effc33d/screenshot - {}
RESULT: {}
RESULT: undefined
COMMAND: POST /session/a2f1165008ed1ce0a29154494effc33d/execute/async - {"script":"<script> [776 bytes]","args":[{"enterText":"401002","selector":{"id":"application-ruinventorylist-display-component---Master--smartFilterBar-btnBasicSearch","interaction":{"idSuffix":"I"}},"clearTextFirst":true,"interactionType":"ENTER_TEXT"}]}
RESULT: {"script":"<script> [776 bytes]","args":[{"enterText":"401002","selector":{"id":"application-ruinventorylist-display-component---Master--smartFilterBar-btnBasicSearch","interaction":{"idSuffix":"I"}},"clearTextFirst":true,"interactionType":"ENTER_TEXT"}]}
COMMAND: POST /session/a2f1165008ed1ce0a29154494effc33d/actions - {"actions":[{"id":"action4","type":"key","parameters":{},"actions":[{"type":"keyDown","value":"î€‡"},{"type":"pause","duration":10},{"type":"keyUp","value":"î€‡"}]}]}
RESULT: {"actions":[{"id":"action4","type":"key","parameters":{},"actions":[{"type":"keyDown","value":"î€‡"},{"type":"pause","duration":10},{"type":"keyUp","value":"î€‡"}]}]}
COMMAND: GET /session/a2f1165008ed1ce0a29154494effc33d/screenshot - {}
RESULT: {}
COMMAND: POST /session/a2f1165008ed1ce0a29154494effc33d/element - {"using":"xpath","value":"//span[@id=\"application-ruinventorylist-display-component---Master--smartTableRuInventoryList-header-inner\"]"}
RESULT: {"using":"xpath","value":"//span[@id=\"application-ruinventorylist-display-component---Master--smartTableRuInventoryList-header-inner\"]"}
COMMAND: POST /session/a2f1165008ed1ce0a29154494effc33d/elements - {"using":"xpath","value":"//span[@id=\"application-ruinventorylist-display-component---Master--smartTableRuInventoryList-header-inner\"]"}
RESULT: {"using":"xpath","value":"//span[@id=\"application-ruinventorylist-display-component---Master--smartTableRuInventoryList-header-inner\"]"}
COMMAND: POST /session/a2f1165008ed1ce0a29154494effc33d/execute/sync - {"script":"<script> [56 bytes]","args":[{"element-6066-11e4-a52e-4f735466cecf":"f.13ABC5109140260BE8AA3D0770F55D6A.d.A3715DA30C55FFCBF82698EF71C73471.e.901","ELEMENT":"f.13ABC5109140260BE8AA3D0770F55D6A.d.A3715DA30C55FFCBF82698EF71C73471.e.901"}]}
RESULT: {"script":"<script> [56 bytes]","args":[{"element-6066-11e4-a52e-4f735466cecf":"f.13ABC5109140260BE8AA3D0770F55D6A.d.A3715DA30C55FFCBF82698EF71C73471.e.901","ELEMENT":"f.13ABC5109140260BE8AA3D0770F55D6A.d.A3715DA30C55FFCBF82698EF71C73471.e.901"}]}
COMMAND: POST /session/a2f1165008ed1ce0a29154494effc33d/element - {"using":"xpath","value":"//table[contains(@id, \"application-ruinventorylist-display-component---Master--tableRuInventoryList-listUl\")]/tbody/tr[1]/td[2]/div/div"}
COMMAND: GET /session/a2f1165008ed1ce0a29154494effc33d/screenshot - {}
RESULT: {"using":"xpath","value":"//table[contains(@id, \"application-ruinventorylist-display-component---Master--tableRuInventoryList-listUl\")]/tbody/tr[1]/td[2]/div/div"}
COMMAND: POST /session/a2f1165008ed1ce0a29154494effc33d/element/f.13ABC5109140260BE8AA3D0770F55D6A.d.A3715DA30C55FFCBF82698EF71C73471.e.1076/click - {}
RESULT: {}
RESULT: {}
COMMAND: GET /session/a2f1165008ed1ce0a29154494effc33d/screenshot - {}
RESULT: {}
COMMAND: POST /session/a2f1165008ed1ce0a29154494effc33d/element - {"using":"xpath","value":"//div[contains(@id, \"smartFilterBar-btnBasicSearch-reset\")]"}
RESULT: {"using":"xpath","value":"//div[contains(@id, \"smartFilterBar-btnBasicSearch-reset\")]"}
COMMAND: POST /session/a2f1165008ed1ce0a29154494effc33d/element/f.13ABC5109140260BE8AA3D0770F55D6A.d.A3715DA30C55FFCBF82698EF71C73471.e.920/click - {}
RESULT: {}
COMMAND: GET /session/a2f1165008ed1ce0a29154494effc33d/screenshot - {}
RESULT: {}
COMMAND: POST /session/a2f1165008ed1ce0a29154494effc33d/element/f.13ABC5109140260BE8AA3D0770F55D6A.d.A3715DA30C55FFCBF82698EF71C73471.e.305/click - {}
RESULT: {}
COMMAND: GET /session/a2f1165008ed1ce0a29154494effc33d/screenshot - {}
RESULT: {}
COMMAND: POST /session/a2f1165008ed1ce0a29154494effc33d/execute/async - {"script":"<script> [1562 bytes]","args":[{"selector":{"controlType":"sap.m.Title","viewName":"etm.portal.ui.ruinventorylist.view.Master","viewId":"application-ruinventorylist-display-component---Master","properties":{"text":"Mass State Change"},"searchOpenDialogs":true},"wdio_ui5_key":"etmportal.ui.ruinventorylist.view.Mastersap.m.Title{\"text\":\"Mass State Change\"}"}]}
RESULT: {"script":"<script> [1562 bytes]","args":[{"selector":{"controlType":"sap.m.Title","viewName":"etm.portal.ui.ruinventorylist.view.Master","viewId":"application-ruinventorylist-display-component---Master","properties":{"text":"Mass State Change"},"searchOpenDialogs":true},"wdio_ui5_key":"etmportal.ui.ruinventorylist.view.Mastersap.m.Title{\"text\":\"Mass State Change\"}"}]}
RESULT: undefined
COMMAND: POST /session/a2f1165008ed1ce0a29154494effc33d/execute/async - {"script":"<script> [6424 bytes]","args":[{"element-6066-11e4-a52e-4f735466cecf":"f.13ABC5109140260BE8AA3D0770F55D6A.d.A3715DA30C55FFCBF82698EF71C73471.e.1258"},"getText",[]]}
RESULT: {"script":"<script> [6424 bytes]","args":[{"element-6066-11e4-a52e-4f735466cecf":"f.13ABC5109140260BE8AA3D0770F55D6A.d.A3715DA30C55FFCBF82698EF71C73471.e.1258"},"getText",[]]}
COMMAND: POST /session/a2f1165008ed1ce0a29154494effc33d/element - {"using":"xpath","value":"(//bdi[contains(text(), \"OK\")])[1]"}
RESULT: {"using":"xpath","value":"(//bdi[contains(text(), \"OK\")])[1]"}
COMMAND: POST /session/a2f1165008ed1ce0a29154494effc33d/element/f.13ABC5109140260BE8AA3D0770F55D6A.d.A3715DA30C55FFCBF82698EF71C73471.e.1259/click - {}
RESULT: {}
COMMAND: GET /session/a2f1165008ed1ce0a29154494effc33d/screenshot - {}
RESULT: {}
COMMAND: POST /session/a2f1165008ed1ce0a29154494effc33d/element - {"using":"css selector","value":"div.sapMMessageBoxError"}
RESULT: {"using":"css selector","value":"div.sapMMessageBoxError"}
COMMAND: POST /session/a2f1165008ed1ce0a29154494effc33d/elements - {"using":"css selector","value":"div.sapMMessageBoxError"}
RESULT: {"using":"css selector","value":"div.sapMMessageBoxError"}
COMMAND: POST /session/a2f1165008ed1ce0a29154494effc33d/element - {"using":"xpath","value":"(//bdi[contains(text(), \"Close\")])[1]"}
RESULT: {"using":"xpath","value":"(//bdi[contains(text(), \"Close\")])[1]"}
COMMAND: POST /session/a2f1165008ed1ce0a29154494effc33d/element/f.13ABC5109140260BE8AA3D0770F55D6A.d.A3715DA30C55FFCBF82698EF71C73471.e.1263/click - {}
RESULT: {}
COMMAND: GET /session/a2f1165008ed1ce0a29154494effc33d/screenshot - {}
RESULT: {}
COMMAND: POST /session/a2f1165008ed1ce0a29154494effc33d/execute/async - {"script":"<script> [1562 bytes]","args":[{"selector":{"id":"application-ruinventorylist-display-component---Master--ruStateTypes-arrow","searchOpenDialogs":true},"wdio_ui5_key":"applicationruinventorylist-display-component---Master--ruStateTypes-arrow"}]}
RESULT: {"script":"<script> [1562 bytes]","args":[{"selector":{"id":"application-ruinventorylist-display-component---Master--ruStateTypes-arrow","searchOpenDialogs":true},"wdio_ui5_key":"applicationruinventorylist-display-component---Master--ruStateTypes-arrow"}]}
RESULT: undefined
COMMAND: POST /session/a2f1165008ed1ce0a29154494effc33d/element - {"using":"xpath","value":"//*[@id=\"application-ruinventorylist-display-component---Master--ruStateTypes-arrow\"]"}
RESULT: {"using":"xpath","value":"//*[@id=\"application-ruinventorylist-display-component---Master--ruStateTypes-arrow\"]"}
COMMAND: POST /session/a2f1165008ed1ce0a29154494effc33d/element/f.13ABC5109140260BE8AA3D0770F55D6A.d.A3715DA30C55FFCBF82698EF71C73471.e.1265/click - {}
RESULT: {}
COMMAND: GET /session/a2f1165008ed1ce0a29154494effc33d/screenshot - {}
RESULT: {}
COMMAND: POST /session/a2f1165008ed1ce0a29154494effc33d/element - {"using":"xpath","value":"//li[.//span[text()=\"defect\"]]"}
RESULT: {"using":"xpath","value":"//li[.//span[text()=\"defect\"]]"}
COMMAND: POST /session/a2f1165008ed1ce0a29154494effc33d/element/f.13ABC5109140260BE8AA3D0770F55D6A.d.A3715DA30C55FFCBF82698EF71C73471.e.1266/click - {}
RESULT: {}
COMMAND: GET /session/a2f1165008ed1ce0a29154494effc33d/screenshot - {}
RESULT: {}
COMMAND: POST /session/a2f1165008ed1ce0a29154494effc33d/element - {"using":"xpath","value":"(//span[@data-kt=\"trashMassStateChangeIcon\"])[1]"}
RESULT: {"using":"xpath","value":"(//span[@data-kt=\"trashMassStateChangeIcon\"])[1]"}
COMMAND: POST /session/a2f1165008ed1ce0a29154494effc33d/element/f.13ABC5109140260BE8AA3D0770F55D6A.d.A3715DA30C55FFCBF82698EF71C73471.e.1267/click - {}
RESULT: {}
COMMAND: GET /session/a2f1165008ed1ce0a29154494effc33d/screenshot - {}
RESULT: {}
COMMAND: POST /session/a2f1165008ed1ce0a29154494effc33d/element - {"using":"xpath","value":"//table[contains(@id, \"massStateChangeTable-listUl\")]/tbody/tr[1]/td[11]/div/div/div/input"}
RESULT: {"using":"xpath","value":"//table[contains(@id, \"massStateChangeTable-listUl\")]/tbody/tr[1]/td[11]/div/div/div/input"}
COMMAND: GET /session/a2f1165008ed1ce0a29154494effc33d/element/f.13ABC5109140260BE8AA3D0770F55D6A.d.A3715DA30C55FFCBF82698EF71C73471.e.1251/property/value - {}
RESULT: {}
COMMAND: POST /session/a2f1165008ed1ce0a29154494effc33d/element - {"using":"xpath","value":"(//span[@data-kt=\"trashMassStateChangeIcon\"])[2]"}
COMMAND: GET /session/a2f1165008ed1ce0a29154494effc33d/screenshot - {}
RESULT: {"using":"xpath","value":"(//span[@data-kt=\"trashMassStateChangeIcon\"])[2]"}
COMMAND: POST /session/a2f1165008ed1ce0a29154494effc33d/element/f.13ABC5109140260BE8AA3D0770F55D6A.d.A3715DA30C55FFCBF82698EF71C73471.e.1269/click - {}
RESULT: {}
RESULT: {}
COMMAND: GET /session/a2f1165008ed1ce0a29154494effc33d/screenshot - {}
RESULT: {}
COMMAND: POST /session/a2f1165008ed1ce0a29154494effc33d/element - {"using":"xpath","value":"//table[contains(@id, \"massStateChangeTable-listUl\")]/tbody/tr[2]/td[11]/div/div/div/input"}
RESULT: {"using":"xpath","value":"//table[contains(@id, \"massStateChangeTable-listUl\")]/tbody/tr[2]/td[11]/div/div/div/input"}
COMMAND: GET /session/a2f1165008ed1ce0a29154494effc33d/element/f.13ABC5109140260BE8AA3D0770F55D6A.d.A3715DA30C55FFCBF82698EF71C73471.e.1255/property/value - {}
RESULT: {}
COMMAND: POST /session/a2f1165008ed1ce0a29154494effc33d/element - {"using":"xpath","value":"//table[contains(@id, \"massStateChangeTable-listUl\")]/tbody/tr[1]/td[10]/div/span/span[1]"}
COMMAND: GET /session/a2f1165008ed1ce0a29154494effc33d/screenshot - {}
RESULT: {"using":"xpath","value":"//table[contains(@id, \"massStateChangeTable-listUl\")]/tbody/tr[1]/td[10]/div/span/span[1]"}
COMMAND: POST /session/a2f1165008ed1ce0a29154494effc33d/execute/sync - {"script":"<script> [56 bytes]","args":[{"element-6066-11e4-a52e-4f735466cecf":"f.13ABC5109140260BE8AA3D0770F55D6A.d.A3715DA30C55FFCBF82698EF71C73471.e.1271","ELEMENT":"f.13ABC5109140260BE8AA3D0770F55D6A.d.A3715DA30C55FFCBF82698EF71C73471.e.1271"}]}
RESULT: {}
RESULT: {"script":"<script> [56 bytes]","args":[{"element-6066-11e4-a52e-4f735466cecf":"f.13ABC5109140260BE8AA3D0770F55D6A.d.A3715DA30C55FFCBF82698EF71C73471.e.1271","ELEMENT":"f.13ABC5109140260BE8AA3D0770F55D6A.d.A3715DA30C55FFCBF82698EF71C73471.e.1271"}]}
COMMAND: POST /session/a2f1165008ed1ce0a29154494effc33d/element - {"using":"xpath","value":"//table[contains(@id, \"massStateChangeTable-listUl\")]/tbody/tr[1]/td[11]/div/div/div/div[2]/span"}
COMMAND: GET /session/a2f1165008ed1ce0a29154494effc33d/screenshot - {}
RESULT: {"using":"xpath","value":"//table[contains(@id, \"massStateChangeTable-listUl\")]/tbody/tr[1]/td[11]/div/div/div/div[2]/span"}
COMMAND: POST /session/a2f1165008ed1ce0a29154494effc33d/element/f.13ABC5109140260BE8AA3D0770F55D6A.d.A3715DA30C55FFCBF82698EF71C73471.e.1272/click - {}
RESULT: {}
RESULT: {}
COMMAND: GET /session/a2f1165008ed1ce0a29154494effc33d/screenshot - {}
RESULT: {}
COMMAND: POST /session/a2f1165008ed1ce0a29154494effc33d/element - {"using":"xpath","value":"//table[contains(@id, \"massStateChangeTable-listUl\")]/tbody/tr[1]/td[11]/div/div/div/div[2]/span"}
RESULT: {"using":"xpath","value":"//table[contains(@id, \"massStateChangeTable-listUl\")]/tbody/tr[1]/td[11]/div/div/div/div[2]/span"}
COMMAND: POST /session/a2f1165008ed1ce0a29154494effc33d/element/f.13ABC5109140260BE8AA3D0770F55D6A.d.A3715DA30C55FFCBF82698EF71C73471.e.1272/click - {}
RESULT: {}
COMMAND: GET /session/a2f1165008ed1ce0a29154494effc33d/screenshot - {}
RESULT: {}
COMMAND: POST /session/a2f1165008ed1ce0a29154494effc33d/element - {"using":"xpath","value":"//table[contains(@id, \"massStateChangeTable-listUl\")]/tbody/tr[1]/td[11]/div/div/div/div[2]/span"}
RESULT: {"using":"xpath","value":"//table[contains(@id, \"massStateChangeTable-listUl\")]/tbody/tr[1]/td[11]/div/div/div/div[2]/span"}
COMMAND: POST /session/a2f1165008ed1ce0a29154494effc33d/element/f.13ABC5109140260BE8AA3D0770F55D6A.d.A3715DA30C55FFCBF82698EF71C73471.e.1272/click - {}
RESULT: {}
COMMAND: GET /session/a2f1165008ed1ce0a29154494effc33d/screenshot - {}
RESULT: {}
COMMAND: POST /session/a2f1165008ed1ce0a29154494effc33d/element - {"using":"xpath","value":"//table[contains(@id, \"massStateChangeTable-listUl\")]/tbody/tr[1]/td[11]/div/div/div/div[2]/span"}
RESULT: {"using":"xpath","value":"//table[contains(@id, \"massStateChangeTable-listUl\")]/tbody/tr[1]/td[11]/div/div/div/div[2]/span"}
COMMAND: POST /session/a2f1165008ed1ce0a29154494effc33d/element/f.13ABC5109140260BE8AA3D0770F55D6A.d.A3715DA30C55FFCBF82698EF71C73471.e.1272/click - {}
RESULT: {}
COMMAND: GET /session/a2f1165008ed1ce0a29154494effc33d/screenshot - {}
RESULT: {}
COMMAND: POST /session/a2f1165008ed1ce0a29154494effc33d/element - {"using":"xpath","value":"//table[contains(@id, \"massStateChangeTable-listUl\")]/tbody/tr[1]/td[11]/div/div/div/div[2]/span"}
RESULT: {"using":"xpath","value":"//table[contains(@id, \"massStateChangeTable-listUl\")]/tbody/tr[1]/td[11]/div/div/div/div[2]/span"}
COMMAND: POST /session/a2f1165008ed1ce0a29154494effc33d/element/f.13ABC5109140260BE8AA3D0770F55D6A.d.A3715DA30C55FFCBF82698EF71C73471.e.1272/click - {}
RESULT: {}
COMMAND: GET /session/a2f1165008ed1ce0a29154494effc33d/screenshot - {}
RESULT: {}
COMMAND: POST /session/a2f1165008ed1ce0a29154494effc33d/element - {"using":"xpath","value":"//table[contains(@id, \"massStateChangeTable-listUl\")]/tbody/tr[1]/td[11]/div/div/div/div[2]/span"}
RESULT: {"using":"xpath","value":"//table[contains(@id, \"massStateChangeTable-listUl\")]/tbody/tr[1]/td[11]/div/div/div/div[2]/span"}
COMMAND: POST /session/a2f1165008ed1ce0a29154494effc33d/element/f.13ABC5109140260BE8AA3D0770F55D6A.d.A3715DA30C55FFCBF82698EF71C73471.e.1272/click - {}
RESULT: {}
COMMAND: GET /session/a2f1165008ed1ce0a29154494effc33d/screenshot - {}
RESULT: {}
COMMAND: POST /session/a2f1165008ed1ce0a29154494effc33d/element - {"using":"xpath","value":"//table[contains(@id, \"massStateChangeTable-listUl\")]/tbody/tr[1]/td[11]/div/div/div/div[2]/span"}
RESULT: {"using":"xpath","value":"//table[contains(@id, \"massStateChangeTable-listUl\")]/tbody/tr[1]/td[11]/div/div/div/div[2]/span"}
COMMAND: POST /session/a2f1165008ed1ce0a29154494effc33d/element/f.13ABC5109140260BE8AA3D0770F55D6A.d.A3715DA30C55FFCBF82698EF71C73471.e.1272/click - {}
RESULT: {}
COMMAND: GET /session/a2f1165008ed1ce0a29154494effc33d/screenshot - {}
RESULT: {}
COMMAND: POST /session/a2f1165008ed1ce0a29154494effc33d/element - {"using":"xpath","value":"//table[contains(@id, \"massStateChangeTable-listUl\")]/tbody/tr[1]/td[11]/div/div/div/div[2]/span"}
RESULT: {"using":"xpath","value":"//table[contains(@id, \"massStateChangeTable-listUl\")]/tbody/tr[1]/td[11]/div/div/div/div[2]/span"}
COMMAND: POST /session/a2f1165008ed1ce0a29154494effc33d/element/f.13ABC5109140260BE8AA3D0770F55D6A.d.A3715DA30C55FFCBF82698EF71C73471.e.1272/click - {}
RESULT: {}
COMMAND: GET /session/a2f1165008ed1ce0a29154494effc33d/screenshot - {}
RESULT: {}
COMMAND: POST /session/a2f1165008ed1ce0a29154494effc33d/element - {"using":"xpath","value":"//table[contains(@id, \"massStateChangeTable-listUl\")]/tbody/tr[1]/td[11]/div/div/div/div[2]/span"}
RESULT: {"using":"xpath","value":"//table[contains(@id, \"massStateChangeTable-listUl\")]/tbody/tr[1]/td[11]/div/div/div/div[2]/span"}
COMMAND: POST /session/a2f1165008ed1ce0a29154494effc33d/element/f.13ABC5109140260BE8AA3D0770F55D6A.d.A3715DA30C55FFCBF82698EF71C73471.e.1272/click - {}
RESULT: {}
COMMAND: GET /session/a2f1165008ed1ce0a29154494effc33d/screenshot - {}
RESULT: {}
COMMAND: POST /session/a2f1165008ed1ce0a29154494effc33d/element - {"using":"xpath","value":"//table[contains(@id, \"massStateChangeTable-listUl\")]/tbody/tr[1]/td[11]/div/div/div/div[2]/span"}
RESULT: {"using":"xpath","value":"//table[contains(@id, \"massStateChangeTable-listUl\")]/tbody/tr[1]/td[11]/div/div/div/div[2]/span"}
COMMAND: POST /session/a2f1165008ed1ce0a29154494effc33d/element/f.13ABC5109140260BE8AA3D0770F55D6A.d.A3715DA30C55FFCBF82698EF71C73471.e.1272/click - {}
RESULT: {}
COMMAND: GET /session/a2f1165008ed1ce0a29154494effc33d/screenshot - {}
RESULT: {}
COMMAND: POST /session/a2f1165008ed1ce0a29154494effc33d/element - {"using":"xpath","value":"//table[contains(@id, \"massStateChangeTable-listUl\")]/tbody/tr[1]/td[11]/div/div/div/div[2]/span"}
RESULT: {"using":"xpath","value":"//table[contains(@id, \"massStateChangeTable-listUl\")]/tbody/tr[1]/td[11]/div/div/div/div[2]/span"}
COMMAND: POST /session/a2f1165008ed1ce0a29154494effc33d/element/f.13ABC5109140260BE8AA3D0770F55D6A.d.A3715DA30C55FFCBF82698EF71C73471.e.1272/click - {}
RESULT: {}
COMMAND: GET /session/a2f1165008ed1ce0a29154494effc33d/screenshot - {}
RESULT: {}
COMMAND: POST /session/a2f1165008ed1ce0a29154494effc33d/element - {"using":"xpath","value":"//table[contains(@id, \"massStateChangeTable-listUl\")]/tbody/tr[1]/td[11]/div/div/div/div[2]/span"}
RESULT: {"using":"xpath","value":"//table[contains(@id, \"massStateChangeTable-listUl\")]/tbody/tr[1]/td[11]/div/div/div/div[2]/span"}
COMMAND: POST /session/a2f1165008ed1ce0a29154494effc33d/element/f.13ABC5109140260BE8AA3D0770F55D6A.d.A3715DA30C55FFCBF82698EF71C73471.e.1272/click - {}
RESULT: {}
COMMAND: GET /session/a2f1165008ed1ce0a29154494effc33d/screenshot - {}
RESULT: {}
COMMAND: POST /session/a2f1165008ed1ce0a29154494effc33d/element - {"using":"xpath","value":"//table[contains(@id, \"massStateChangeTable-listUl\")]/tbody/tr[1]/td[11]/div/div/div/div[2]/span"}
RESULT: {"using":"xpath","value":"//table[contains(@id, \"massStateChangeTable-listUl\")]/tbody/tr[1]/td[11]/div/div/div/div[2]/span"}
COMMAND: POST /session/a2f1165008ed1ce0a29154494effc33d/element/f.13ABC5109140260BE8AA3D0770F55D6A.d.A3715DA30C55FFCBF82698EF71C73471.e.1272/click - {}
RESULT: {}
COMMAND: GET /session/a2f1165008ed1ce0a29154494effc33d/screenshot - {}
RESULT: {}
COMMAND: POST /session/a2f1165008ed1ce0a29154494effc33d/element - {"using":"xpath","value":"//table[contains(@id, \"massStateChangeTable-listUl\")]/tbody/tr[1]/td[11]/div/div/div/div[2]/span"}
RESULT: {"using":"xpath","value":"//table[contains(@id, \"massStateChangeTable-listUl\")]/tbody/tr[1]/td[11]/div/div/div/div[2]/span"}
COMMAND: POST /session/a2f1165008ed1ce0a29154494effc33d/element/f.13ABC5109140260BE8AA3D0770F55D6A.d.A3715DA30C55FFCBF82698EF71C73471.e.1272/click - {}
RESULT: {}
COMMAND: GET /session/a2f1165008ed1ce0a29154494effc33d/screenshot - {}
RESULT: {}
COMMAND: POST /session/a2f1165008ed1ce0a29154494effc33d/element - {"using":"xpath","value":"//table[contains(@id, \"massStateChangeTable-listUl\")]/tbody/tr[1]/td[11]/div/div/div/div[2]/span"}
RESULT: {"using":"xpath","value":"//table[contains(@id, \"massStateChangeTable-listUl\")]/tbody/tr[1]/td[11]/div/div/div/div[2]/span"}
COMMAND: POST /session/a2f1165008ed1ce0a29154494effc33d/element/f.13ABC5109140260BE8AA3D0770F55D6A.d.A3715DA30C55FFCBF82698EF71C73471.e.1272/click - {}
RESULT: {}
COMMAND: GET /session/a2f1165008ed1ce0a29154494effc33d/screenshot - {}
RESULT: {}
COMMAND: POST /session/a2f1165008ed1ce0a29154494effc33d/element - {"using":"xpath","value":"//table[contains(@id, \"massStateChangeTable-listUl\")]/tbody/tr[1]/td[11]/div/div/div/div[2]/span"}
RESULT: {"using":"xpath","value":"//table[contains(@id, \"massStateChangeTable-listUl\")]/tbody/tr[1]/td[11]/div/div/div/div[2]/span"}
COMMAND: POST /session/a2f1165008ed1ce0a29154494effc33d/element/f.13ABC5109140260BE8AA3D0770F55D6A.d.A3715DA30C55FFCBF82698EF71C73471.e.1272/click - {}
RESULT: {}
COMMAND: GET /session/a2f1165008ed1ce0a29154494effc33d/screenshot - {}
RESULT: {}
COMMAND: POST /session/a2f1165008ed1ce0a29154494effc33d/element - {"using":"xpath","value":"//table[contains(@id, \"massStateChangeTable-listUl\")]/tbody/tr[1]/td[11]/div/div/div/div[2]/span"}
RESULT: {"using":"xpath","value":"//table[contains(@id, \"massStateChangeTable-listUl\")]/tbody/tr[1]/td[11]/div/div/div/div[2]/span"}
COMMAND: POST /session/a2f1165008ed1ce0a29154494effc33d/element/f.13ABC5109140260BE8AA3D0770F55D6A.d.A3715DA30C55FFCBF82698EF71C73471.e.1272/click - {}
RESULT: {}
COMMAND: GET /session/a2f1165008ed1ce0a29154494effc33d/screenshot - {}
RESULT: {}
COMMAND: POST /session/a2f1165008ed1ce0a29154494effc33d/element - {"using":"xpath","value":"//table[contains(@id, \"massStateChangeTable-listUl\")]/tbody/tr[1]/td[11]/div/div/div/div[2]/span"}
RESULT: {"using":"xpath","value":"//table[contains(@id, \"massStateChangeTable-listUl\")]/tbody/tr[1]/td[11]/div/div/div/div[2]/span"}
COMMAND: POST /session/a2f1165008ed1ce0a29154494effc33d/element/f.13ABC5109140260BE8AA3D0770F55D6A.d.A3715DA30C55FFCBF82698EF71C73471.e.1272/click - {}
RESULT: {}
COMMAND: GET /session/a2f1165008ed1ce0a29154494effc33d/screenshot - {}
RESULT: {}
COMMAND: POST /session/a2f1165008ed1ce0a29154494effc33d/element - {"using":"xpath","value":"//table[contains(@id, \"massStateChangeTable-listUl\")]/tbody/tr[1]/td[11]/div/div/div/div[2]/span"}
RESULT: {"using":"xpath","value":"//table[contains(@id, \"massStateChangeTable-listUl\")]/tbody/tr[1]/td[11]/div/div/div/div[2]/span"}
COMMAND: POST /session/a2f1165008ed1ce0a29154494effc33d/element/f.13ABC5109140260BE8AA3D0770F55D6A.d.A3715DA30C55FFCBF82698EF71C73471.e.1272/click - {}
RESULT: {}
COMMAND: GET /session/a2f1165008ed1ce0a29154494effc33d/screenshot - {}
RESULT: {}
COMMAND: POST /session/a2f1165008ed1ce0a29154494effc33d/element - {"using":"xpath","value":"//table[contains(@id, \"massStateChangeTable-listUl\")]/tbody/tr[1]/td[11]/div/div/div/div[2]/span"}
RESULT: {"using":"xpath","value":"//table[contains(@id, \"massStateChangeTable-listUl\")]/tbody/tr[1]/td[11]/div/div/div/div[2]/span"}
COMMAND: POST /session/a2f1165008ed1ce0a29154494effc33d/element/f.13ABC5109140260BE8AA3D0770F55D6A.d.A3715DA30C55FFCBF82698EF71C73471.e.1272/click - {}
RESULT: {}
COMMAND: GET /session/a2f1165008ed1ce0a29154494effc33d/screenshot - {}
RESULT: {}
COMMAND: POST /session/a2f1165008ed1ce0a29154494effc33d/element - {"using":"xpath","value":"//table[contains(@id, \"massStateChangeTable-listUl\")]/tbody/tr[1]/td[11]/div/div/div/div[2]/span"}
RESULT: {"using":"xpath","value":"//table[contains(@id, \"massStateChangeTable-listUl\")]/tbody/tr[1]/td[11]/div/div/div/div[2]/span"}
COMMAND: POST /session/a2f1165008ed1ce0a29154494effc33d/element/f.13ABC5109140260BE8AA3D0770F55D6A.d.A3715DA30C55FFCBF82698EF71C73471.e.1272/click - {}
RESULT: {}
COMMAND: GET /session/a2f1165008ed1ce0a29154494effc33d/screenshot - {}
RESULT: {}
COMMAND: POST /session/a2f1165008ed1ce0a29154494effc33d/element - {"using":"xpath","value":"//table[contains(@id, \"massStateChangeTable-listUl\")]/tbody/tr[1]/td[11]/div/div/div/div[2]/span"}
RESULT: {"using":"xpath","value":"//table[contains(@id, \"massStateChangeTable-listUl\")]/tbody/tr[1]/td[11]/div/div/div/div[2]/span"}
COMMAND: POST /session/a2f1165008ed1ce0a29154494effc33d/element/f.13ABC5109140260BE8AA3D0770F55D6A.d.A3715DA30C55FFCBF82698EF71C73471.e.1272/click - {}
RESULT: {}
COMMAND: GET /session/a2f1165008ed1ce0a29154494effc33d/screenshot - {}
RESULT: {}
COMMAND: POST /session/a2f1165008ed1ce0a29154494effc33d/element - {"using":"xpath","value":"//table[contains(@id, \"massStateChangeTable-listUl\")]/tbody/tr[1]/td[11]/div/div/div/div[2]/span"}
RESULT: {"using":"xpath","value":"//table[contains(@id, \"massStateChangeTable-listUl\")]/tbody/tr[1]/td[11]/div/div/div/div[2]/span"}
COMMAND: POST /session/a2f1165008ed1ce0a29154494effc33d/element/f.13ABC5109140260BE8AA3D0770F55D6A.d.A3715DA30C55FFCBF82698EF71C73471.e.1272/click - {}
RESULT: {}
COMMAND: GET /session/a2f1165008ed1ce0a29154494effc33d/screenshot - {}
RESULT: {}
COMMAND: POST /session/a2f1165008ed1ce0a29154494effc33d/element - {"using":"xpath","value":"//table[contains(@id, \"massStateChangeTable-listUl\")]/tbody/tr[1]/td[11]/div/div/div/div[2]/span"}
RESULT: {"using":"xpath","value":"//table[contains(@id, \"massStateChangeTable-listUl\")]/tbody/tr[1]/td[11]/div/div/div/div[2]/span"}
COMMAND: POST /session/a2f1165008ed1ce0a29154494effc33d/element/f.13ABC5109140260BE8AA3D0770F55D6A.d.A3715DA30C55FFCBF82698EF71C73471.e.1272/click - {}
RESULT: {}
COMMAND: GET /session/a2f1165008ed1ce0a29154494effc33d/screenshot - {}
RESULT: {}
COMMAND: POST /session/a2f1165008ed1ce0a29154494effc33d/element - {"using":"xpath","value":"//table[contains(@id, \"massStateChangeTable-listUl\")]/tbody/tr[1]/td[11]/div/div/div/div[2]/span"}
RESULT: {"using":"xpath","value":"//table[contains(@id, \"massStateChangeTable-listUl\")]/tbody/tr[1]/td[11]/div/div/div/div[2]/span"}
COMMAND: POST /session/a2f1165008ed1ce0a29154494effc33d/element/f.13ABC5109140260BE8AA3D0770F55D6A.d.A3715DA30C55FFCBF82698EF71C73471.e.1272/click - {}
RESULT: {}
COMMAND: GET /session/a2f1165008ed1ce0a29154494effc33d/screenshot - {}
RESULT: {}
COMMAND: POST /session/a2f1165008ed1ce0a29154494effc33d/element - {"using":"xpath","value":"//table[contains(@id, \"massStateChangeTable-listUl\")]/tbody/tr[1]/td[11]/div/div/div/div[2]/span"}
RESULT: {"using":"xpath","value":"//table[contains(@id, \"massStateChangeTable-listUl\")]/tbody/tr[1]/td[11]/div/div/div/div[2]/span"}
COMMAND: POST /session/a2f1165008ed1ce0a29154494effc33d/element/f.13ABC5109140260BE8AA3D0770F55D6A.d.A3715DA30C55FFCBF82698EF71C73471.e.1272/click - {}
RESULT: {}
COMMAND: GET /session/a2f1165008ed1ce0a29154494effc33d/screenshot - {}
RESULT: {}
COMMAND: POST /session/a2f1165008ed1ce0a29154494effc33d/element - {"using":"xpath","value":"//table[contains(@id, \"massStateChangeTable-listUl\")]/tbody/tr[1]/td[11]/div/div/div/div[2]/span"}
RESULT: {"using":"xpath","value":"//table[contains(@id, \"massStateChangeTable-listUl\")]/tbody/tr[1]/td[11]/div/div/div/div[2]/span"}
COMMAND: POST /session/a2f1165008ed1ce0a29154494effc33d/element/f.13ABC5109140260BE8AA3D0770F55D6A.d.A3715DA30C55FFCBF82698EF71C73471.e.1272/click - {}
RESULT: {}
COMMAND: GET /session/a2f1165008ed1ce0a29154494effc33d/screenshot - {}
RESULT: {}
COMMAND: POST /session/a2f1165008ed1ce0a29154494effc33d/element - {"using":"xpath","value":"//table[contains(@id, \"massStateChangeTable-listUl\")]/tbody/tr[1]/td[11]/div/div/div/div[2]/span"}
RESULT: {"using":"xpath","value":"//table[contains(@id, \"massStateChangeTable-listUl\")]/tbody/tr[1]/td[11]/div/div/div/div[2]/span"}
COMMAND: POST /session/a2f1165008ed1ce0a29154494effc33d/element/f.13ABC5109140260BE8AA3D0770F55D6A.d.A3715DA30C55FFCBF82698EF71C73471.e.1272/click - {}
RESULT: {}
COMMAND: GET /session/a2f1165008ed1ce0a29154494effc33d/screenshot - {}
RESULT: {}
COMMAND: POST /session/a2f1165008ed1ce0a29154494effc33d/element - {"using":"xpath","value":"//table[contains(@id, \"massStateChangeTable-listUl\")]/tbody/tr[1]/td[11]/div/div/div/div[2]/span"}
RESULT: {"using":"xpath","value":"//table[contains(@id, \"massStateChangeTable-listUl\")]/tbody/tr[1]/td[11]/div/div/div/div[2]/span"}
COMMAND: POST /session/a2f1165008ed1ce0a29154494effc33d/element/f.13ABC5109140260BE8AA3D0770F55D6A.d.A3715DA30C55FFCBF82698EF71C73471.e.1272/click - {}
RESULT: {}
COMMAND: GET /session/a2f1165008ed1ce0a29154494effc33d/screenshot - {}
RESULT: {}
COMMAND: POST /session/a2f1165008ed1ce0a29154494effc33d/element - {"using":"xpath","value":"//table[contains(@id, \"massStateChangeTable-listUl\")]/tbody/tr[1]/td[11]/div/div/div/div[2]/span"}
RESULT: {"using":"xpath","value":"//table[contains(@id, \"massStateChangeTable-listUl\")]/tbody/tr[1]/td[11]/div/div/div/div[2]/span"}
COMMAND: POST /session/a2f1165008ed1ce0a29154494effc33d/element/f.13ABC5109140260BE8AA3D0770F55D6A.d.A3715DA30C55FFCBF82698EF71C73471.e.1272/click - {}
RESULT: {}
COMMAND: GET /session/a2f1165008ed1ce0a29154494effc33d/screenshot - {}
RESULT: {}
COMMAND: POST /session/a2f1165008ed1ce0a29154494effc33d/element - {"using":"xpath","value":"//table[contains(@id, \"massStateChangeTable-listUl\")]/tbody/tr[1]/td[11]/div/div/div/div[2]/span"}
RESULT: {"using":"xpath","value":"//table[contains(@id, \"massStateChangeTable-listUl\")]/tbody/tr[1]/td[11]/div/div/div/div[2]/span"}
COMMAND: POST /session/a2f1165008ed1ce0a29154494effc33d/element/f.13ABC5109140260BE8AA3D0770F55D6A.d.A3715DA30C55FFCBF82698EF71C73471.e.1272/click - {}
RESULT: {}
COMMAND: GET /session/a2f1165008ed1ce0a29154494effc33d/screenshot - {}
RESULT: {}
COMMAND: POST /session/a2f1165008ed1ce0a29154494effc33d/element - {"using":"xpath","value":"//table[contains(@id, \"massStateChangeTable-listUl\")]/tbody/tr[1]/td[11]/div/div/div/div[2]/span"}
RESULT: {"using":"xpath","value":"//table[contains(@id, \"massStateChangeTable-listUl\")]/tbody/tr[1]/td[11]/div/div/div/div[2]/span"}
COMMAND: POST /session/a2f1165008ed1ce0a29154494effc33d/element/f.13ABC5109140260BE8AA3D0770F55D6A.d.A3715DA30C55FFCBF82698EF71C73471.e.1272/click - {}
RESULT: {}
COMMAND: GET /session/a2f1165008ed1ce0a29154494effc33d/screenshot - {}
RESULT: {}
COMMAND: POST /session/a2f1165008ed1ce0a29154494effc33d/element - {"using":"xpath","value":"//table[contains(@id, \"massStateChangeTable-listUl\")]/tbody/tr[1]/td[11]/div/div/div/div[2]/span"}
RESULT: {"using":"xpath","value":"//table[contains(@id, \"massStateChangeTable-listUl\")]/tbody/tr[1]/td[11]/div/div/div/div[2]/span"}
COMMAND: POST /session/a2f1165008ed1ce0a29154494effc33d/element/f.13ABC5109140260BE8AA3D0770F55D6A.d.A3715DA30C55FFCBF82698EF71C73471.e.1272/click - {}
RESULT: {}
COMMAND: GET /session/a2f1165008ed1ce0a29154494effc33d/screenshot - {}
RESULT: {}
COMMAND: POST /session/a2f1165008ed1ce0a29154494effc33d/element - {"using":"xpath","value":"//table[contains(@id, \"massStateChangeTable-listUl\")]/tbody/tr[1]/td[11]/div/div/div/div[2]/span"}
RESULT: {"using":"xpath","value":"//table[contains(@id, \"massStateChangeTable-listUl\")]/tbody/tr[1]/td[11]/div/div/div/div[2]/span"}
COMMAND: POST /session/a2f1165008ed1ce0a29154494effc33d/element/f.13ABC5109140260BE8AA3D0770F55D6A.d.A3715DA30C55FFCBF82698EF71C73471.e.1272/click - {}
RESULT: {}
COMMAND: GET /session/a2f1165008ed1ce0a29154494effc33d/screenshot - {}
RESULT: {}
COMMAND: POST /session/a2f1165008ed1ce0a29154494effc33d/element - {"using":"xpath","value":"//table[contains(@id, \"massStateChangeTable-listUl\")]/tbody/tr[1]/td[11]/div/div/div/div[2]/span"}
RESULT: {"using":"xpath","value":"//table[contains(@id, \"massStateChangeTable-listUl\")]/tbody/tr[1]/td[11]/div/div/div/div[2]/span"}
COMMAND: POST /session/a2f1165008ed1ce0a29154494effc33d/element/f.13ABC5109140260BE8AA3D0770F55D6A.d.A3715DA30C55FFCBF82698EF71C73471.e.1272/click - {}
RESULT: {}
COMMAND: GET /session/a2f1165008ed1ce0a29154494effc33d/screenshot - {}
RESULT: {}
COMMAND: POST /session/a2f1165008ed1ce0a29154494effc33d/element - {"using":"xpath","value":"//table[contains(@id, \"massStateChangeTable-listUl\")]/tbody/tr[1]/td[11]/div/div/div/div[2]/span"}
RESULT: {"using":"xpath","value":"//table[contains(@id, \"massStateChangeTable-listUl\")]/tbody/tr[1]/td[11]/div/div/div/div[2]/span"}
COMMAND: POST /session/a2f1165008ed1ce0a29154494effc33d/element/f.13ABC5109140260BE8AA3D0770F55D6A.d.A3715DA30C55FFCBF82698EF71C73471.e.1272/click - {}
RESULT: {}
COMMAND: GET /session/a2f1165008ed1ce0a29154494effc33d/screenshot - {}
RESULT: {}
COMMAND: POST /session/a2f1165008ed1ce0a29154494effc33d/element - {"using":"xpath","value":"//table[contains(@id, \"massStateChangeTable-listUl\")]/tbody/tr[1]/td[11]/div/div/div/div[2]/span"}
RESULT: {"using":"xpath","value":"//table[contains(@id, \"massStateChangeTable-listUl\")]/tbody/tr[1]/td[11]/div/div/div/div[2]/span"}
COMMAND: POST /session/a2f1165008ed1ce0a29154494effc33d/element/f.13ABC5109140260BE8AA3D0770F55D6A.d.A3715DA30C55FFCBF82698EF71C73471.e.1272/click - {}
RESULT: {}
COMMAND: GET /session/a2f1165008ed1ce0a29154494effc33d/screenshot - {}
RESULT: {}
COMMAND: POST /session/a2f1165008ed1ce0a29154494effc33d/element - {"using":"xpath","value":"//table[contains(@id, \"massStateChangeTable-listUl\")]/tbody/tr[1]/td[11]/div/div/div/div[2]/span"}
RESULT: {"using":"xpath","value":"//table[contains(@id, \"massStateChangeTable-listUl\")]/tbody/tr[1]/td[11]/div/div/div/div[2]/span"}
COMMAND: POST /session/a2f1165008ed1ce0a29154494effc33d/element/f.13ABC5109140260BE8AA3D0770F55D6A.d.A3715DA30C55FFCBF82698EF71C73471.e.1272/click - {}
RESULT: {}
COMMAND: GET /session/a2f1165008ed1ce0a29154494effc33d/screenshot - {}
RESULT: {}
COMMAND: POST /session/a2f1165008ed1ce0a29154494effc33d/element - {"using":"xpath","value":"//table[contains(@id, \"massStateChangeTable-listUl\")]/tbody/tr[1]/td[11]/div/div/div/div[2]/span"}
RESULT: {"using":"xpath","value":"//table[contains(@id, \"massStateChangeTable-listUl\")]/tbody/tr[1]/td[11]/div/div/div/div[2]/span"}
COMMAND: POST /session/a2f1165008ed1ce0a29154494effc33d/element/f.13ABC5109140260BE8AA3D0770F55D6A.d.A3715DA30C55FFCBF82698EF71C73471.e.1272/click - {}
RESULT: {}
COMMAND: GET /session/a2f1165008ed1ce0a29154494effc33d/screenshot - {}
RESULT: {}
COMMAND: POST /session/a2f1165008ed1ce0a29154494effc33d/element - {"using":"xpath","value":"//table[contains(@id, \"massStateChangeTable-listUl\")]/tbody/tr[1]/td[11]/div/div/div/div[2]/span"}
RESULT: {"using":"xpath","value":"//table[contains(@id, \"massStateChangeTable-listUl\")]/tbody/tr[1]/td[11]/div/div/div/div[2]/span"}
COMMAND: POST /session/a2f1165008ed1ce0a29154494effc33d/element/f.13ABC5109140260BE8AA3D0770F55D6A.d.A3715DA30C55FFCBF82698EF71C73471.e.1272/click - {}
RESULT: {}
COMMAND: GET /session/a2f1165008ed1ce0a29154494effc33d/screenshot - {}
RESULT: {}
COMMAND: POST /session/a2f1165008ed1ce0a29154494effc33d/element - {"using":"xpath","value":"//table[contains(@id, \"massStateChangeTable-listUl\")]/tbody/tr[1]/td[11]/div/div/div/div[2]/span"}
RESULT: {"using":"xpath","value":"//table[contains(@id, \"massStateChangeTable-listUl\")]/tbody/tr[1]/td[11]/div/div/div/div[2]/span"}
COMMAND: POST /session/a2f1165008ed1ce0a29154494effc33d/element/f.13ABC5109140260BE8AA3D0770F55D6A.d.A3715DA30C55FFCBF82698EF71C73471.e.1272/click - {}
RESULT: {}
COMMAND: GET /session/a2f1165008ed1ce0a29154494effc33d/screenshot - {}
RESULT: {}
COMMAND: POST /session/a2f1165008ed1ce0a29154494effc33d/element - {"using":"xpath","value":"//table[contains(@id, \"massStateChangeTable-listUl\")]/tbody/tr[1]/td[11]/div/div/div/div[2]/span"}
RESULT: {"using":"xpath","value":"//table[contains(@id, \"massStateChangeTable-listUl\")]/tbody/tr[1]/td[11]/div/div/div/div[2]/span"}
COMMAND: POST /session/a2f1165008ed1ce0a29154494effc33d/element/f.13ABC5109140260BE8AA3D0770F55D6A.d.A3715DA30C55FFCBF82698EF71C73471.e.1272/click - {}
RESULT: {}
COMMAND: GET /session/a2f1165008ed1ce0a29154494effc33d/screenshot - {}
RESULT: {}
COMMAND: POST /session/a2f1165008ed1ce0a29154494effc33d/element - {"using":"xpath","value":"//table[contains(@id, \"massStateChangeTable-listUl\")]/tbody/tr[1]/td[11]/div/div/div/div[2]/span"}
RESULT: {"using":"xpath","value":"//table[contains(@id, \"massStateChangeTable-listUl\")]/tbody/tr[1]/td[11]/div/div/div/div[2]/span"}
COMMAND: POST /session/a2f1165008ed1ce0a29154494effc33d/element/f.13ABC5109140260BE8AA3D0770F55D6A.d.A3715DA30C55FFCBF82698EF71C73471.e.1272/click - {}
RESULT: {}
COMMAND: GET /session/a2f1165008ed1ce0a29154494effc33d/screenshot - {}
RESULT: {}
COMMAND: POST /session/a2f1165008ed1ce0a29154494effc33d/element - {"using":"xpath","value":"//table[contains(@id, \"massStateChangeTable-listUl\")]/tbody/tr[1]/td[11]/div/div/div/div[2]/span"}
RESULT: {"using":"xpath","value":"//table[contains(@id, \"massStateChangeTable-listUl\")]/tbody/tr[1]/td[11]/div/div/div/div[2]/span"}
COMMAND: POST /session/a2f1165008ed1ce0a29154494effc33d/element/f.13ABC5109140260BE8AA3D0770F55D6A.d.A3715DA30C55FFCBF82698EF71C73471.e.1272/click - {}
RESULT: {}
COMMAND: GET /session/a2f1165008ed1ce0a29154494effc33d/screenshot - {}
RESULT: {}
COMMAND: POST /session/a2f1165008ed1ce0a29154494effc33d/element - {"using":"xpath","value":"//table[contains(@id, \"massStateChangeTable-listUl\")]/tbody/tr[1]/td[11]/div/div/div/div[2]/span"}
RESULT: {"using":"xpath","value":"//table[contains(@id, \"massStateChangeTable-listUl\")]/tbody/tr[1]/td[11]/div/div/div/div[2]/span"}
COMMAND: POST /session/a2f1165008ed1ce0a29154494effc33d/element/f.13ABC5109140260BE8AA3D0770F55D6A.d.A3715DA30C55FFCBF82698EF71C73471.e.1272/click - {}
RESULT: {}
COMMAND: GET /session/a2f1165008ed1ce0a29154494effc33d/screenshot - {}
RESULT: {}
COMMAND: POST /session/a2f1165008ed1ce0a29154494effc33d/element - {"using":"xpath","value":"//table[contains(@id, \"massStateChangeTable-listUl\")]/tbody/tr[1]/td[11]/div/div/div/div[2]/span"}
RESULT: {"using":"xpath","value":"//table[contains(@id, \"massStateChangeTable-listUl\")]/tbody/tr[1]/td[11]/div/div/div/div[2]/span"}
COMMAND: POST /session/a2f1165008ed1ce0a29154494effc33d/element/f.13ABC5109140260BE8AA3D0770F55D6A.d.A3715DA30C55FFCBF82698EF71C73471.e.1272/click - {}
RESULT: {}
COMMAND: GET /session/a2f1165008ed1ce0a29154494effc33d/screenshot - {}
RESULT: {}
COMMAND: POST /session/a2f1165008ed1ce0a29154494effc33d/element - {"using":"xpath","value":"//table[contains(@id, \"massStateChangeTable-listUl\")]/tbody/tr[1]/td[11]/div/div/div/div[2]/span"}
RESULT: {"using":"xpath","value":"//table[contains(@id, \"massStateChangeTable-listUl\")]/tbody/tr[1]/td[11]/div/div/div/div[2]/span"}
COMMAND: POST /session/a2f1165008ed1ce0a29154494effc33d/element/f.13ABC5109140260BE8AA3D0770F55D6A.d.A3715DA30C55FFCBF82698EF71C73471.e.1272/click - {}
RESULT: {}
COMMAND: GET /session/a2f1165008ed1ce0a29154494effc33d/screenshot - {}
RESULT: {}
COMMAND: POST /session/a2f1165008ed1ce0a29154494effc33d/element - {"using":"xpath","value":"//table[contains(@id, \"massStateChangeTable-listUl\")]/tbody/tr[1]/td[11]/div/div/div/div[2]/span"}
RESULT: {"using":"xpath","value":"//table[contains(@id, \"massStateChangeTable-listUl\")]/tbody/tr[1]/td[11]/div/div/div/div[2]/span"}
COMMAND: POST /session/a2f1165008ed1ce0a29154494effc33d/element/f.13ABC5109140260BE8AA3D0770F55D6A.d.A3715DA30C55FFCBF82698EF71C73471.e.1272/click - {}
RESULT: {}
COMMAND: GET /session/a2f1165008ed1ce0a29154494effc33d/screenshot - {}
RESULT: {}
COMMAND: POST /session/a2f1165008ed1ce0a29154494effc33d/element - {"using":"xpath","value":"//table[contains(@id, \"massStateChangeTable-listUl\")]/tbody/tr[1]/td[11]/div/div/div/div[2]/span"}
RESULT: {"using":"xpath","value":"//table[contains(@id, \"massStateChangeTable-listUl\")]/tbody/tr[1]/td[11]/div/div/div/div[2]/span"}
COMMAND: POST /session/a2f1165008ed1ce0a29154494effc33d/element/f.13ABC5109140260BE8AA3D0770F55D6A.d.A3715DA30C55FFCBF82698EF71C73471.e.1272/click - {}
RESULT: {}
COMMAND: GET /session/a2f1165008ed1ce0a29154494effc33d/screenshot - {}
RESULT: {}
COMMAND: POST /session/a2f1165008ed1ce0a29154494effc33d/element - {"using":"xpath","value":"//table[contains(@id, \"massStateChangeTable-listUl\")]/tbody/tr[1]/td[11]/div/div/div/div[2]/span"}
RESULT: {"using":"xpath","value":"//table[contains(@id, \"massStateChangeTable-listUl\")]/tbody/tr[1]/td[11]/div/div/div/div[2]/span"}
COMMAND: POST /session/a2f1165008ed1ce0a29154494effc33d/element/f.13ABC5109140260BE8AA3D0770F55D6A.d.A3715DA30C55FFCBF82698EF71C73471.e.1272/click - {}
RESULT: {}
COMMAND: GET /session/a2f1165008ed1ce0a29154494effc33d/screenshot - {}
RESULT: {}
COMMAND: POST /session/a2f1165008ed1ce0a29154494effc33d/element - {"using":"xpath","value":"//table[contains(@id, \"massStateChangeTable-listUl\")]/tbody/tr[2]/td[11]/div/div/div/div[2]/span"}
RESULT: {"using":"xpath","value":"//table[contains(@id, \"massStateChangeTable-listUl\")]/tbody/tr[2]/td[11]/div/div/div/div[2]/span"}
COMMAND: POST /session/a2f1165008ed1ce0a29154494effc33d/element/f.13ABC5109140260BE8AA3D0770F55D6A.d.A3715DA30C55FFCBF82698EF71C73471.e.1273/click - {}
RESULT: {}
COMMAND: GET /session/a2f1165008ed1ce0a29154494effc33d/screenshot - {}
RESULT: {}
COMMAND: POST /session/a2f1165008ed1ce0a29154494effc33d/element - {"using":"xpath","value":"//table[contains(@id, \"massStateChangeTable-listUl\")]/tbody/tr[1]/td[11]/div/div/div/input"}
RESULT: {"using":"xpath","value":"//table[contains(@id, \"massStateChangeTable-listUl\")]/tbody/tr[1]/td[11]/div/div/div/input"}
COMMAND: GET /session/a2f1165008ed1ce0a29154494effc33d/element/f.13ABC5109140260BE8AA3D0770F55D6A.d.A3715DA30C55FFCBF82698EF71C73471.e.1251/property/value - {}
RESULT: {}
COMMAND: POST /session/a2f1165008ed1ce0a29154494effc33d/element - {"using":"xpath","value":"//table[contains(@id, \"massStateChangeTable-listUl\")]/tbody/tr[2]/td[11]/div/div/div/input"}
COMMAND: GET /session/a2f1165008ed1ce0a29154494effc33d/screenshot - {}
RESULT: {"using":"xpath","value":"//table[contains(@id, \"massStateChangeTable-listUl\")]/tbody/tr[2]/td[11]/div/div/div/input"}
COMMAND: GET /session/a2f1165008ed1ce0a29154494effc33d/element/f.13ABC5109140260BE8AA3D0770F55D6A.d.A3715DA30C55FFCBF82698EF71C73471.e.1255/property/value - {}
RESULT: {}
RESULT: {}
COMMAND: POST /session/a2f1165008ed1ce0a29154494effc33d/element - {"using":"xpath","value":"(//bdi[contains(text(), \"OK\")])[1]"}
COMMAND: GET /session/a2f1165008ed1ce0a29154494effc33d/screenshot - {}
RESULT: {"using":"xpath","value":"(//bdi[contains(text(), \"OK\")])[1]"}
COMMAND: POST /session/a2f1165008ed1ce0a29154494effc33d/element/f.13ABC5109140260BE8AA3D0770F55D6A.d.A3715DA30C55FFCBF82698EF71C73471.e.1259/click - {}
RESULT: {}
RESULT: {}
COMMAND: GET /session/a2f1165008ed1ce0a29154494effc33d/screenshot - {}
RESULT: {}
COMMAND: POST /session/a2f1165008ed1ce0a29154494effc33d/element - {"using":"xpath","value":"(//bdi[contains(text(), \"OK\")])[2]"}
RESULT: {"using":"xpath","value":"(//bdi[contains(text(), \"OK\")])[2]"}
COMMAND: POST /session/a2f1165008ed1ce0a29154494effc33d/element/f.13ABC5109140260BE8AA3D0770F55D6A.d.A3715DA30C55FFCBF82698EF71C73471.e.1276/click - {}
RESULT: {}
COMMAND: GET /session/a2f1165008ed1ce0a29154494effc33d/screenshot - {}
RESULT: {}
RESULT: undefined
COMMAND: POST /session/a2f1165008ed1ce0a29154494effc33d/execute/async - {"script":"<script> [776 bytes]","args":[{"enterText":"600002","selector":{"id":"application-ruinventorylist-display-component---Master--smartFilterBar-btnBasicSearch","interaction":{"idSuffix":"I"}},"clearTextFirst":true,"interactionType":"ENTER_TEXT"}]}
RESULT: {"script":"<script> [776 bytes]","args":[{"enterText":"600002","selector":{"id":"application-ruinventorylist-display-component---Master--smartFilterBar-btnBasicSearch","interaction":{"idSuffix":"I"}},"clearTextFirst":true,"interactionType":"ENTER_TEXT"}]}
COMMAND: POST /session/a2f1165008ed1ce0a29154494effc33d/actions - {"actions":[{"id":"action5","type":"key","parameters":{},"actions":[{"type":"keyDown","value":"î€‡"},{"type":"pause","duration":10},{"type":"keyUp","value":"î€‡"}]}]}
RESULT: {"actions":[{"id":"action5","type":"key","parameters":{},"actions":[{"type":"keyDown","value":"î€‡"},{"type":"pause","duration":10},{"type":"keyUp","value":"î€‡"}]}]}
COMMAND: GET /session/a2f1165008ed1ce0a29154494effc33d/screenshot - {}
RESULT: {}
COMMAND: POST /session/a2f1165008ed1ce0a29154494effc33d/element - {"using":"xpath","value":"//span[@id=\"application-ruinventorylist-display-component---Master--smartTableRuInventoryList-header-inner\"]"}
RESULT: {"using":"xpath","value":"//span[@id=\"application-ruinventorylist-display-component---Master--smartTableRuInventoryList-header-inner\"]"}
COMMAND: POST /session/a2f1165008ed1ce0a29154494effc33d/elements - {"using":"xpath","value":"//span[@id=\"application-ruinventorylist-display-component---Master--smartTableRuInventoryList-header-inner\"]"}
RESULT: {"using":"xpath","value":"//span[@id=\"application-ruinventorylist-display-component---Master--smartTableRuInventoryList-header-inner\"]"}
COMMAND: POST /session/a2f1165008ed1ce0a29154494effc33d/execute/sync - {"script":"<script> [56 bytes]","args":[{"element-6066-11e4-a52e-4f735466cecf":"f.13ABC5109140260BE8AA3D0770F55D6A.d.A3715DA30C55FFCBF82698EF71C73471.e.901","ELEMENT":"f.13ABC5109140260BE8AA3D0770F55D6A.d.A3715DA30C55FFCBF82698EF71C73471.e.901"}]}
RESULT: {"script":"<script> [56 bytes]","args":[{"element-6066-11e4-a52e-4f735466cecf":"f.13ABC5109140260BE8AA3D0770F55D6A.d.A3715DA30C55FFCBF82698EF71C73471.e.901","ELEMENT":"f.13ABC5109140260BE8AA3D0770F55D6A.d.A3715DA30C55FFCBF82698EF71C73471.e.901"}]}
COMMAND: POST /session/a2f1165008ed1ce0a29154494effc33d/element - {"using":"xpath","value":"//table[contains(@id, \"application-ruinventorylist-display-component---Master--tableRuInventoryList-listUl\")]/tbody/tr[1]/td[6]/div/span"}
COMMAND: GET /session/a2f1165008ed1ce0a29154494effc33d/screenshot - {}
RESULT: {"using":"xpath","value":"//table[contains(@id, \"application-ruinventorylist-display-component---Master--tableRuInventoryList-listUl\")]/tbody/tr[1]/td[6]/div/span"}
COMMAND: POST /session/a2f1165008ed1ce0a29154494effc33d/execute/sync - {"script":"<script> [56 bytes]","args":[{"element-6066-11e4-a52e-4f735466cecf":"f.13ABC5109140260BE8AA3D0770F55D6A.d.A3715DA30C55FFCBF82698EF71C73471.e.1298","ELEMENT":"f.13ABC5109140260BE8AA3D0770F55D6A.d.A3715DA30C55FFCBF82698EF71C73471.e.1298"}]}
RESULT: {}
RESULT: {"script":"<script> [56 bytes]","args":[{"element-6066-11e4-a52e-4f735466cecf":"f.13ABC5109140260BE8AA3D0770F55D6A.d.A3715DA30C55FFCBF82698EF71C73471.e.1298","ELEMENT":"f.13ABC5109140260BE8AA3D0770F55D6A.d.A3715DA30C55FFCBF82698EF71C73471.e.1298"}]}
COMMAND: POST /session/a2f1165008ed1ce0a29154494effc33d/element - {"using":"xpath","value":"//div[contains(@id, \"smartFilterBar-btnBasicSearch-reset\")]"}
COMMAND: GET /session/a2f1165008ed1ce0a29154494effc33d/screenshot - {}
RESULT: {"using":"xpath","value":"//div[contains(@id, \"smartFilterBar-btnBasicSearch-reset\")]"}
COMMAND: POST /session/a2f1165008ed1ce0a29154494effc33d/element/f.13ABC5109140260BE8AA3D0770F55D6A.d.A3715DA30C55FFCBF82698EF71C73471.e.920/click - {}
RESULT: {}
RESULT: {}
COMMAND: GET /session/a2f1165008ed1ce0a29154494effc33d/screenshot - {}
RESULT: {}
RESULT: undefined
COMMAND: POST /session/a2f1165008ed1ce0a29154494effc33d/execute/async - {"script":"<script> [776 bytes]","args":[{"enterText":"401002","selector":{"id":"application-ruinventorylist-display-component---Master--smartFilterBar-btnBasicSearch","interaction":{"idSuffix":"I"}},"clearTextFirst":true,"interactionType":"ENTER_TEXT"}]}
RESULT: {"script":"<script> [776 bytes]","args":[{"enterText":"401002","selector":{"id":"application-ruinventorylist-display-component---Master--smartFilterBar-btnBasicSearch","interaction":{"idSuffix":"I"}},"clearTextFirst":true,"interactionType":"ENTER_TEXT"}]}
COMMAND: POST /session/a2f1165008ed1ce0a29154494effc33d/actions - {"actions":[{"id":"action6","type":"key","parameters":{},"actions":[{"type":"keyDown","value":"î€‡"},{"type":"pause","duration":10},{"type":"keyUp","value":"î€‡"}]}]}
RESULT: {"actions":[{"id":"action6","type":"key","parameters":{},"actions":[{"type":"keyDown","value":"î€‡"},{"type":"pause","duration":10},{"type":"keyUp","value":"î€‡"}]}]}
COMMAND: GET /session/a2f1165008ed1ce0a29154494effc33d/screenshot - {}
RESULT: {}
COMMAND: POST /session/a2f1165008ed1ce0a29154494effc33d/element - {"using":"xpath","value":"//span[@id=\"application-ruinventorylist-display-component---Master--smartTableRuInventoryList-header-inner\"]"}
RESULT: {"using":"xpath","value":"//span[@id=\"application-ruinventorylist-display-component---Master--smartTableRuInventoryList-header-inner\"]"}
COMMAND: POST /session/a2f1165008ed1ce0a29154494effc33d/elements - {"using":"xpath","value":"//span[@id=\"application-ruinventorylist-display-component---Master--smartTableRuInventoryList-header-inner\"]"}
RESULT: {"using":"xpath","value":"//span[@id=\"application-ruinventorylist-display-component---Master--smartTableRuInventoryList-header-inner\"]"}
COMMAND: POST /session/a2f1165008ed1ce0a29154494effc33d/execute/sync - {"script":"<script> [56 bytes]","args":[{"element-6066-11e4-a52e-4f735466cecf":"f.13ABC5109140260BE8AA3D0770F55D6A.d.A3715DA30C55FFCBF82698EF71C73471.e.901","ELEMENT":"f.13ABC5109140260BE8AA3D0770F55D6A.d.A3715DA30C55FFCBF82698EF71C73471.e.901"}]}
RESULT: {"script":"<script> [56 bytes]","args":[{"element-6066-11e4-a52e-4f735466cecf":"f.13ABC5109140260BE8AA3D0770F55D6A.d.A3715DA30C55FFCBF82698EF71C73471.e.901","ELEMENT":"f.13ABC5109140260BE8AA3D0770F55D6A.d.A3715DA30C55FFCBF82698EF71C73471.e.901"}]}
COMMAND: POST /session/a2f1165008ed1ce0a29154494effc33d/element - {"using":"xpath","value":"//table[contains(@id, \"application-ruinventorylist-display-component---Master--tableRuInventoryList-listUl\")]/tbody/tr[1]/td[6]/div/span"}
COMMAND: GET /session/a2f1165008ed1ce0a29154494effc33d/screenshot - {}
RESULT: {"using":"xpath","value":"//table[contains(@id, \"application-ruinventorylist-display-component---Master--tableRuInventoryList-listUl\")]/tbody/tr[1]/td[6]/div/span"}
COMMAND: POST /session/a2f1165008ed1ce0a29154494effc33d/execute/sync - {"script":"<script> [56 bytes]","args":[{"element-6066-11e4-a52e-4f735466cecf":"f.13ABC5109140260BE8AA3D0770F55D6A.d.A3715DA30C55FFCBF82698EF71C73471.e.1388","ELEMENT":"f.13ABC5109140260BE8AA3D0770F55D6A.d.A3715DA30C55FFCBF82698EF71C73471.e.1388"}]}
RESULT: {}
RESULT: {"script":"<script> [56 bytes]","args":[{"element-6066-11e4-a52e-4f735466cecf":"f.13ABC5109140260BE8AA3D0770F55D6A.d.A3715DA30C55FFCBF82698EF71C73471.e.1388","ELEMENT":"f.13ABC5109140260BE8AA3D0770F55D6A.d.A3715DA30C55FFCBF82698EF71C73471.e.1388"}]}
COMMAND: POST /session/a2f1165008ed1ce0a29154494effc33d/element - {"using":"xpath","value":"//div[contains(@id, \"smartFilterBar-btnBasicSearch-reset\")]"}
COMMAND: GET /session/a2f1165008ed1ce0a29154494effc33d/screenshot - {}
RESULT: {"using":"xpath","value":"//div[contains(@id, \"smartFilterBar-btnBasicSearch-reset\")]"}
COMMAND: POST /session/a2f1165008ed1ce0a29154494effc33d/element/f.13ABC5109140260BE8AA3D0770F55D6A.d.A3715DA30C55FFCBF82698EF71C73471.e.920/click - {}
RESULT: {}
RESULT: {}
COMMAND: GET /session/a2f1165008ed1ce0a29154494effc33d/screenshot - {}
RESULT: {}
COMMAND: POST /session/a2f1165008ed1ce0a29154494effc33d/element/f.13ABC5109140260BE8AA3D0770F55D6A.d.A3715DA30C55FFCBF82698EF71C73471.e.305/click - {}
RESULT: {}
COMMAND: GET /session/a2f1165008ed1ce0a29154494effc33d/screenshot - {}
RESULT: {}
RESULT: undefined
COMMAND: POST /session/a2f1165008ed1ce0a29154494effc33d/execute/async - {"script":"<script> [776 bytes]","args":[{"enterText":"600002","selector":{"id":"application-ruinventorylist-display-component---Master--smartFilterBar-btnBasicSearch","interaction":{"idSuffix":"I"}},"clearTextFirst":true,"interactionType":"ENTER_TEXT"}]}
RESULT: {"script":"<script> [776 bytes]","args":[{"enterText":"600002","selector":{"id":"application-ruinventorylist-display-component---Master--smartFilterBar-btnBasicSearch","interaction":{"idSuffix":"I"}},"clearTextFirst":true,"interactionType":"ENTER_TEXT"}]}
COMMAND: POST /session/a2f1165008ed1ce0a29154494effc33d/actions - {"actions":[{"id":"action7","type":"key","parameters":{},"actions":[{"type":"keyDown","value":"î€‡"},{"type":"pause","duration":10},{"type":"keyUp","value":"î€‡"}]}]}
RESULT: {"actions":[{"id":"action7","type":"key","parameters":{},"actions":[{"type":"keyDown","value":"î€‡"},{"type":"pause","duration":10},{"type":"keyUp","value":"î€‡"}]}]}
COMMAND: GET /session/a2f1165008ed1ce0a29154494effc33d/screenshot - {}
RESULT: {}
COMMAND: POST /session/a2f1165008ed1ce0a29154494effc33d/element - {"using":"xpath","value":"//span[@id=\"application-ruinventorylist-display-component---Master--smartTableRuInventoryList-header-inner\"]"}
RESULT: {"using":"xpath","value":"//span[@id=\"application-ruinventorylist-display-component---Master--smartTableRuInventoryList-header-inner\"]"}
COMMAND: POST /session/a2f1165008ed1ce0a29154494effc33d/elements - {"using":"xpath","value":"//span[@id=\"application-ruinventorylist-display-component---Master--smartTableRuInventoryList-header-inner\"]"}
RESULT: {"using":"xpath","value":"//span[@id=\"application-ruinventorylist-display-component---Master--smartTableRuInventoryList-header-inner\"]"}
COMMAND: POST /session/a2f1165008ed1ce0a29154494effc33d/execute/sync - {"script":"<script> [56 bytes]","args":[{"element-6066-11e4-a52e-4f735466cecf":"f.13ABC5109140260BE8AA3D0770F55D6A.d.A3715DA30C55FFCBF82698EF71C73471.e.901","ELEMENT":"f.13ABC5109140260BE8AA3D0770F55D6A.d.A3715DA30C55FFCBF82698EF71C73471.e.901"}]}
RESULT: {"script":"<script> [56 bytes]","args":[{"element-6066-11e4-a52e-4f735466cecf":"f.13ABC5109140260BE8AA3D0770F55D6A.d.A3715DA30C55FFCBF82698EF71C73471.e.901","ELEMENT":"f.13ABC5109140260BE8AA3D0770F55D6A.d.A3715DA30C55FFCBF82698EF71C73471.e.901"}]}
COMMAND: POST /session/a2f1165008ed1ce0a29154494effc33d/element - {"using":"xpath","value":"//table[contains(@id, \"application-ruinventorylist-display-component---Master--tableRuInventoryList-listUl\")]/tbody/tr[1]/td[2]/div/div"}
COMMAND: GET /session/a2f1165008ed1ce0a29154494effc33d/screenshot - {}
RESULT: {"using":"xpath","value":"//table[contains(@id, \"application-ruinventorylist-display-component---Master--tableRuInventoryList-listUl\")]/tbody/tr[1]/td[2]/div/div"}
COMMAND: POST /session/a2f1165008ed1ce0a29154494effc33d/element/f.13ABC5109140260BE8AA3D0770F55D6A.d.A3715DA30C55FFCBF82698EF71C73471.e.1661/click - {}
RESULT: {}
RESULT: {}
COMMAND: GET /session/a2f1165008ed1ce0a29154494effc33d/screenshot - {}
RESULT: {}
COMMAND: POST /session/a2f1165008ed1ce0a29154494effc33d/element - {"using":"xpath","value":"//div[contains(@id, \"smartFilterBar-btnBasicSearch-reset\")]"}
RESULT: {"using":"xpath","value":"//div[contains(@id, \"smartFilterBar-btnBasicSearch-reset\")]"}
COMMAND: POST /session/a2f1165008ed1ce0a29154494effc33d/element/f.13ABC5109140260BE8AA3D0770F55D6A.d.A3715DA30C55FFCBF82698EF71C73471.e.920/click - {}
RESULT: {}
COMMAND: GET /session/a2f1165008ed1ce0a29154494effc33d/screenshot - {}
RESULT: {}
RESULT: undefined
COMMAND: POST /session/a2f1165008ed1ce0a29154494effc33d/execute/async - {"script":"<script> [776 bytes]","args":[{"enterText":"401002","selector":{"id":"application-ruinventorylist-display-component---Master--smartFilterBar-btnBasicSearch","interaction":{"idSuffix":"I"}},"clearTextFirst":true,"interactionType":"ENTER_TEXT"}]}
RESULT: {"script":"<script> [776 bytes]","args":[{"enterText":"401002","selector":{"id":"application-ruinventorylist-display-component---Master--smartFilterBar-btnBasicSearch","interaction":{"idSuffix":"I"}},"clearTextFirst":true,"interactionType":"ENTER_TEXT"}]}
COMMAND: POST /session/a2f1165008ed1ce0a29154494effc33d/actions - {"actions":[{"id":"action8","type":"key","parameters":{},"actions":[{"type":"keyDown","value":"î€‡"},{"type":"pause","duration":10},{"type":"keyUp","value":"î€‡"}]}]}
RESULT: {"actions":[{"id":"action8","type":"key","parameters":{},"actions":[{"type":"keyDown","value":"î€‡"},{"type":"pause","duration":10},{"type":"keyUp","value":"î€‡"}]}]}
COMMAND: GET /session/a2f1165008ed1ce0a29154494effc33d/screenshot - {}
RESULT: {}
COMMAND: POST /session/a2f1165008ed1ce0a29154494effc33d/element - {"using":"xpath","value":"//span[@id=\"application-ruinventorylist-display-component---Master--smartTableRuInventoryList-header-inner\"]"}
RESULT: {"using":"xpath","value":"//span[@id=\"application-ruinventorylist-display-component---Master--smartTableRuInventoryList-header-inner\"]"}
COMMAND: POST /session/a2f1165008ed1ce0a29154494effc33d/elements - {"using":"xpath","value":"//span[@id=\"application-ruinventorylist-display-component---Master--smartTableRuInventoryList-header-inner\"]"}
RESULT: {"using":"xpath","value":"//span[@id=\"application-ruinventorylist-display-component---Master--smartTableRuInventoryList-header-inner\"]"}
COMMAND: POST /session/a2f1165008ed1ce0a29154494effc33d/execute/sync - {"script":"<script> [56 bytes]","args":[{"element-6066-11e4-a52e-4f735466cecf":"f.13ABC5109140260BE8AA3D0770F55D6A.d.A3715DA30C55FFCBF82698EF71C73471.e.901","ELEMENT":"f.13ABC5109140260BE8AA3D0770F55D6A.d.A3715DA30C55FFCBF82698EF71C73471.e.901"}]}
RESULT: {"script":"<script> [56 bytes]","args":[{"element-6066-11e4-a52e-4f735466cecf":"f.13ABC5109140260BE8AA3D0770F55D6A.d.A3715DA30C55FFCBF82698EF71C73471.e.901","ELEMENT":"f.13ABC5109140260BE8AA3D0770F55D6A.d.A3715DA30C55FFCBF82698EF71C73471.e.901"}]}
COMMAND: POST /session/a2f1165008ed1ce0a29154494effc33d/element - {"using":"xpath","value":"//table[contains(@id, \"application-ruinventorylist-display-component---Master--tableRuInventoryList-listUl\")]/tbody/tr[1]/td[2]/div/div"}
COMMAND: GET /session/a2f1165008ed1ce0a29154494effc33d/screenshot - {}
RESULT: {"using":"xpath","value":"//table[contains(@id, \"application-ruinventorylist-display-component---Master--tableRuInventoryList-listUl\")]/tbody/tr[1]/td[2]/div/div"}
COMMAND: POST /session/a2f1165008ed1ce0a29154494effc33d/element/f.13ABC5109140260BE8AA3D0770F55D6A.d.A3715DA30C55FFCBF82698EF71C73471.e.1829/click - {}
RESULT: {}
RESULT: {}
COMMAND: GET /session/a2f1165008ed1ce0a29154494effc33d/screenshot - {}
RESULT: {}
COMMAND: POST /session/a2f1165008ed1ce0a29154494effc33d/element - {"using":"xpath","value":"//div[contains(@id, \"smartFilterBar-btnBasicSearch-reset\")]"}
RESULT: {"using":"xpath","value":"//div[contains(@id, \"smartFilterBar-btnBasicSearch-reset\")]"}
COMMAND: POST /session/a2f1165008ed1ce0a29154494effc33d/element/f.13ABC5109140260BE8AA3D0770F55D6A.d.A3715DA30C55FFCBF82698EF71C73471.e.920/click - {}
RESULT: {}
COMMAND: GET /session/a2f1165008ed1ce0a29154494effc33d/screenshot - {}
RESULT: {}
COMMAND: POST /session/a2f1165008ed1ce0a29154494effc33d/element/f.13ABC5109140260BE8AA3D0770F55D6A.d.A3715DA30C55FFCBF82698EF71C73471.e.305/click - {}
RESULT: {}
COMMAND: GET /session/a2f1165008ed1ce0a29154494effc33d/screenshot - {}
RESULT: {}
RESULT: undefined
COMMAND: POST /session/a2f1165008ed1ce0a29154494effc33d/element - {"using":"xpath","value":"//*[@id=\"application-ruinventorylist-display-component---Master--ruStateTypes-arrow\"]"}
RESULT: {"using":"xpath","value":"//*[@id=\"application-ruinventorylist-display-component---Master--ruStateTypes-arrow\"]"}
COMMAND: POST /session/a2f1165008ed1ce0a29154494effc33d/element/f.13ABC5109140260BE8AA3D0770F55D6A.d.A3715DA30C55FFCBF82698EF71C73471.e.2011/click - {}
RESULT: {}
COMMAND: GET /session/a2f1165008ed1ce0a29154494effc33d/screenshot - {}
RESULT: {}
COMMAND: POST /session/a2f1165008ed1ce0a29154494effc33d/element - {"using":"xpath","value":"//li[.//span[text()=\"available\"]]"}
RESULT: {"using":"xpath","value":"//li[.//span[text()=\"available\"]]"}
COMMAND: POST /session/a2f1165008ed1ce0a29154494effc33d/element/f.13ABC5109140260BE8AA3D0770F55D6A.d.A3715DA30C55FFCBF82698EF71C73471.e.2012/click - {}
RESULT: {}
COMMAND: GET /session/a2f1165008ed1ce0a29154494effc33d/screenshot - {}
RESULT: {}
COMMAND: POST /session/a2f1165008ed1ce0a29154494effc33d/element - {"using":"xpath","value":"(//bdi[contains(text(), \"OK\")])[1]"}
RESULT: {"using":"xpath","value":"(//bdi[contains(text(), \"OK\")])[1]"}
COMMAND: POST /session/a2f1165008ed1ce0a29154494effc33d/element/f.13ABC5109140260BE8AA3D0770F55D6A.d.A3715DA30C55FFCBF82698EF71C73471.e.2013/click - {}
RESULT: {}
COMMAND: GET /session/a2f1165008ed1ce0a29154494effc33d/screenshot - {}
RESULT: {}
COMMAND: POST /session/a2f1165008ed1ce0a29154494effc33d/element - {"using":"xpath","value":"(//bdi[contains(text(), \"OK\")])[2]"}
RESULT: {"using":"xpath","value":"(//bdi[contains(text(), \"OK\")])[2]"}
COMMAND: POST /session/a2f1165008ed1ce0a29154494effc33d/element/f.13ABC5109140260BE8AA3D0770F55D6A.d.A3715DA30C55FFCBF82698EF71C73471.e.2018/click - {}
RESULT: {}
COMMAND: GET /session/a2f1165008ed1ce0a29154494effc33d/screenshot - {}
RESULT: {}
RESULT: undefined
COMMAND: POST /session/a2f1165008ed1ce0a29154494effc33d/execute/async - {"script":"<script> [776 bytes]","args":[{"enterText":"600002","selector":{"id":"application-ruinventorylist-display-component---Master--smartFilterBar-btnBasicSearch","interaction":{"idSuffix":"I"}},"clearTextFirst":true,"interactionType":"ENTER_TEXT"}]}
RESULT: {"script":"<script> [776 bytes]","args":[{"enterText":"600002","selector":{"id":"application-ruinventorylist-display-component---Master--smartFilterBar-btnBasicSearch","interaction":{"idSuffix":"I"}},"clearTextFirst":true,"interactionType":"ENTER_TEXT"}]}
COMMAND: POST /session/a2f1165008ed1ce0a29154494effc33d/actions - {"actions":[{"id":"action9","type":"key","parameters":{},"actions":[{"type":"keyDown","value":"î€‡"},{"type":"pause","duration":10},{"type":"keyUp","value":"î€‡"}]}]}
RESULT: {"actions":[{"id":"action9","type":"key","parameters":{},"actions":[{"type":"keyDown","value":"î€‡"},{"type":"pause","duration":10},{"type":"keyUp","value":"î€‡"}]}]}
COMMAND: GET /session/a2f1165008ed1ce0a29154494effc33d/screenshot - {}
RESULT: {}
COMMAND: POST /session/a2f1165008ed1ce0a29154494effc33d/element - {"using":"xpath","value":"//span[@id=\"application-ruinventorylist-display-component---Master--smartTableRuInventoryList-header-inner\"]"}
RESULT: {"using":"xpath","value":"//span[@id=\"application-ruinventorylist-display-component---Master--smartTableRuInventoryList-header-inner\"]"}
COMMAND: POST /session/a2f1165008ed1ce0a29154494effc33d/elements - {"using":"xpath","value":"//span[@id=\"application-ruinventorylist-display-component---Master--smartTableRuInventoryList-header-inner\"]"}
RESULT: {"using":"xpath","value":"//span[@id=\"application-ruinventorylist-display-component---Master--smartTableRuInventoryList-header-inner\"]"}
COMMAND: POST /session/a2f1165008ed1ce0a29154494effc33d/execute/sync - {"script":"<script> [56 bytes]","args":[{"element-6066-11e4-a52e-4f735466cecf":"f.13ABC5109140260BE8AA3D0770F55D6A.d.A3715DA30C55FFCBF82698EF71C73471.e.901","ELEMENT":"f.13ABC5109140260BE8AA3D0770F55D6A.d.A3715DA30C55FFCBF82698EF71C73471.e.901"}]}
RESULT: {"script":"<script> [56 bytes]","args":[{"element-6066-11e4-a52e-4f735466cecf":"f.13ABC5109140260BE8AA3D0770F55D6A.d.A3715DA30C55FFCBF82698EF71C73471.e.901","ELEMENT":"f.13ABC5109140260BE8AA3D0770F55D6A.d.A3715DA30C55FFCBF82698EF71C73471.e.901"}]}
COMMAND: POST /session/a2f1165008ed1ce0a29154494effc33d/element - {"using":"xpath","value":"//table[contains(@id, \"application-ruinventorylist-display-component---Master--tableRuInventoryList-listUl\")]/tbody/tr[1]/td[6]/div/span"}
COMMAND: GET /session/a2f1165008ed1ce0a29154494effc33d/screenshot - {}
RESULT: {"using":"xpath","value":"//table[contains(@id, \"application-ruinventorylist-display-component---Master--tableRuInventoryList-listUl\")]/tbody/tr[1]/td[6]/div/span"}
COMMAND: POST /session/a2f1165008ed1ce0a29154494effc33d/execute/sync - {"script":"<script> [56 bytes]","args":[{"element-6066-11e4-a52e-4f735466cecf":"f.13ABC5109140260BE8AA3D0770F55D6A.d.A3715DA30C55FFCBF82698EF71C73471.e.2041","ELEMENT":"f.13ABC5109140260BE8AA3D0770F55D6A.d.A3715DA30C55FFCBF82698EF71C73471.e.2041"}]}
RESULT: {}
RESULT: {"script":"<script> [56 bytes]","args":[{"element-6066-11e4-a52e-4f735466cecf":"f.13ABC5109140260BE8AA3D0770F55D6A.d.A3715DA30C55FFCBF82698EF71C73471.e.2041","ELEMENT":"f.13ABC5109140260BE8AA3D0770F55D6A.d.A3715DA30C55FFCBF82698EF71C73471.e.2041"}]}
COMMAND: POST /session/a2f1165008ed1ce0a29154494effc33d/element - {"using":"xpath","value":"//div[contains(@id, \"smartFilterBar-btnBasicSearch-reset\")]"}
COMMAND: GET /session/a2f1165008ed1ce0a29154494effc33d/screenshot - {}
RESULT: {"using":"xpath","value":"//div[contains(@id, \"smartFilterBar-btnBasicSearch-reset\")]"}
COMMAND: POST /session/a2f1165008ed1ce0a29154494effc33d/element/f.13ABC5109140260BE8AA3D0770F55D6A.d.A3715DA30C55FFCBF82698EF71C73471.e.920/click - {}
RESULT: {}
RESULT: {}
COMMAND: GET /session/a2f1165008ed1ce0a29154494effc33d/screenshot - {}
RESULT: {}
RESULT: undefined
COMMAND: POST /session/a2f1165008ed1ce0a29154494effc33d/execute/async - {"script":"<script> [776 bytes]","args":[{"enterText":"401002","selector":{"id":"application-ruinventorylist-display-component---Master--smartFilterBar-btnBasicSearch","interaction":{"idSuffix":"I"}},"clearTextFirst":true,"interactionType":"ENTER_TEXT"}]}
RESULT: {"script":"<script> [776 bytes]","args":[{"enterText":"401002","selector":{"id":"application-ruinventorylist-display-component---Master--smartFilterBar-btnBasicSearch","interaction":{"idSuffix":"I"}},"clearTextFirst":true,"interactionType":"ENTER_TEXT"}]}
COMMAND: POST /session/a2f1165008ed1ce0a29154494effc33d/actions - {"actions":[{"id":"action10","type":"key","parameters":{},"actions":[{"type":"keyDown","value":"î€‡"},{"type":"pause","duration":10},{"type":"keyUp","value":"î€‡"}]}]}
RESULT: {"actions":[{"id":"action10","type":"key","parameters":{},"actions":[{"type":"keyDown","value":"î€‡"},{"type":"pause","duration":10},{"type":"keyUp","value":"î€‡"}]}]}
COMMAND: GET /session/a2f1165008ed1ce0a29154494effc33d/screenshot - {}
RESULT: {}
COMMAND: POST /session/a2f1165008ed1ce0a29154494effc33d/element - {"using":"xpath","value":"//span[@id=\"application-ruinventorylist-display-component---Master--smartTableRuInventoryList-header-inner\"]"}
RESULT: {"using":"xpath","value":"//span[@id=\"application-ruinventorylist-display-component---Master--smartTableRuInventoryList-header-inner\"]"}
COMMAND: POST /session/a2f1165008ed1ce0a29154494effc33d/elements - {"using":"xpath","value":"//span[@id=\"application-ruinventorylist-display-component---Master--smartTableRuInventoryList-header-inner\"]"}
RESULT: {"using":"xpath","value":"//span[@id=\"application-ruinventorylist-display-component---Master--smartTableRuInventoryList-header-inner\"]"}
COMMAND: POST /session/a2f1165008ed1ce0a29154494effc33d/execute/sync - {"script":"<script> [56 bytes]","args":[{"element-6066-11e4-a52e-4f735466cecf":"f.13ABC5109140260BE8AA3D0770F55D6A.d.A3715DA30C55FFCBF82698EF71C73471.e.901","ELEMENT":"f.13ABC5109140260BE8AA3D0770F55D6A.d.A3715DA30C55FFCBF82698EF71C73471.e.901"}]}
RESULT: {"script":"<script> [56 bytes]","args":[{"element-6066-11e4-a52e-4f735466cecf":"f.13ABC5109140260BE8AA3D0770F55D6A.d.A3715DA30C55FFCBF82698EF71C73471.e.901","ELEMENT":"f.13ABC5109140260BE8AA3D0770F55D6A.d.A3715DA30C55FFCBF82698EF71C73471.e.901"}]}
COMMAND: POST /session/a2f1165008ed1ce0a29154494effc33d/element - {"using":"xpath","value":"//table[contains(@id, \"application-ruinventorylist-display-component---Master--tableRuInventoryList-listUl\")]/tbody/tr[1]/td[6]/div/span"}
COMMAND: GET /session/a2f1165008ed1ce0a29154494effc33d/screenshot - {}
RESULT: {"using":"xpath","value":"//table[contains(@id, \"application-ruinventorylist-display-component---Master--tableRuInventoryList-listUl\")]/tbody/tr[1]/td[6]/div/span"}
COMMAND: POST /session/a2f1165008ed1ce0a29154494effc33d/execute/sync - {"script":"<script> [56 bytes]","args":[{"element-6066-11e4-a52e-4f735466cecf":"f.13ABC5109140260BE8AA3D0770F55D6A.d.A3715DA30C55FFCBF82698EF71C73471.e.2132","ELEMENT":"f.13ABC5109140260BE8AA3D0770F55D6A.d.A3715DA30C55FFCBF82698EF71C73471.e.2132"}]}
RESULT: {}
RESULT: {"script":"<script> [56 bytes]","args":[{"element-6066-11e4-a52e-4f735466cecf":"f.13ABC5109140260BE8AA3D0770F55D6A.d.A3715DA30C55FFCBF82698EF71C73471.e.2132","ELEMENT":"f.13ABC5109140260BE8AA3D0770F55D6A.d.A3715DA30C55FFCBF82698EF71C73471.e.2132"}]}
COMMAND: POST /session/a2f1165008ed1ce0a29154494effc33d/element - {"using":"xpath","value":"//div[contains(@id, \"smartFilterBar-btnBasicSearch-reset\")]"}
COMMAND: GET /session/a2f1165008ed1ce0a29154494effc33d/screenshot - {}
RESULT: {"using":"xpath","value":"//div[contains(@id, \"smartFilterBar-btnBasicSearch-reset\")]"}
COMMAND: POST /session/a2f1165008ed1ce0a29154494effc33d/element/f.13ABC5109140260BE8AA3D0770F55D6A.d.A3715DA30C55FFCBF82698EF71C73471.e.920/click - {}
RESULT: {}
RESULT: {}
COMMAND: GET /session/a2f1165008ed1ce0a29154494effc33d/screenshot - {}
COMMAND: POST /session/a2f1165008ed1ce0a29154494effc33d/element - {"using":"css selector","value":"#shell-header-logo"}
RESULT: {}
RESULT: {"using":"css selector","value":"#shell-header-logo"}
COMMAND: POST /session/a2f1165008ed1ce0a29154494effc33d/element/f.13ABC5109140260BE8AA3D0770F55D6A.d.A3715DA30C55FFCBF82698EF71C73471.e.273/click - {}
RESULT: {}
COMMAND: GET /session/a2f1165008ed1ce0a29154494effc33d/screenshot - {}
RESULT: {}
]]></system-out>
    </testcase>
    <testcase classname="chrome.136_0_7103_93.windows.RU_Inventory_Mass_State_Change_Multiple_Items_US151066" name="Prerequisite Step 2 Should create a new equipment" time="161.546">
      <system-out><![CDATA[
COMMAND: POST /session/a2f1165008ed1ce0a29154494effc33d/execute/async - {"script":"<script> [1562 bytes]","args":[{"selector":{"controlType":"sap.m.GenericTile","properties":{"header":"Manage Resources"}},"wdio_ui5_key":"sapm.GenericTile{\"header\":\"Manage Resources\"}"}]}
RESULT: {"script":"<script> [1562 bytes]","args":[{"selector":{"controlType":"sap.m.GenericTile","properties":{"header":"Manage Resources"}},"wdio_ui5_key":"sapm.GenericTile{\"header\":\"Manage Resources\"}"}]}
RESULT: undefined
COMMAND: POST /session/a2f1165008ed1ce0a29154494effc33d/element - {"using":"xpath","value":"//*[@id=\"__tile39\"]"}
RESULT: {"using":"xpath","value":"//*[@id=\"__tile39\"]"}
COMMAND: POST /session/a2f1165008ed1ce0a29154494effc33d/element/f.13ABC5109140260BE8AA3D0770F55D6A.d.A3715DA30C55FFCBF82698EF71C73471.e.161/click - {}
RESULT: {}
COMMAND: GET /session/a2f1165008ed1ce0a29154494effc33d/screenshot - {}
RESULT: {}
COMMAND: POST /session/a2f1165008ed1ce0a29154494effc33d/elements - {"using":"xpath","value":"//span[text()='Error']"}
RESULT: {"using":"xpath","value":"//span[text()='Error']"}
COMMAND: POST /session/a2f1165008ed1ce0a29154494effc33d/element - {"using":"xpath","value":"//button[@data-kt=\"addNewRUOverflowToolbarButton\"]"}
RESULT: {"using":"xpath","value":"//button[@data-kt=\"addNewRUOverflowToolbarButton\"]"}
COMMAND: POST /session/a2f1165008ed1ce0a29154494effc33d/elements - {"using":"xpath","value":"//button[@data-kt=\"addNewRUOverflowToolbarButton\"]"}
RESULT: {"using":"xpath","value":"//button[@data-kt=\"addNewRUOverflowToolbarButton\"]"}
COMMAND: POST /session/a2f1165008ed1ce0a29154494effc33d/execute/sync - {"script":"<script> [8489 bytes]","args":[{"element-6066-11e4-a52e-4f735466cecf":"f.13ABC5109140260BE8AA3D0770F55D6A.d.A3715DA30C55FFCBF82698EF71C73471.e.2253","ELEMENT":"f.13ABC5109140260BE8AA3D0770F55D6A.d.A3715DA30C55FFCBF82698EF71C73471.e.2253"}]}
RESULT: {"script":"<script> [8489 bytes]","args":[{"element-6066-11e4-a52e-4f735466cecf":"f.13ABC5109140260BE8AA3D0770F55D6A.d.A3715DA30C55FFCBF82698EF71C73471.e.2253","ELEMENT":"f.13ABC5109140260BE8AA3D0770F55D6A.d.A3715DA30C55FFCBF82698EF71C73471.e.2253"}]}
COMMAND: GET /session/a2f1165008ed1ce0a29154494effc33d/element/f.13ABC5109140260BE8AA3D0770F55D6A.d.A3715DA30C55FFCBF82698EF71C73471.e.2253/enabled - {}
COMMAND: GET /session/a2f1165008ed1ce0a29154494effc33d/screenshot - {}
RESULT: {}
COMMAND: POST /session/a2f1165008ed1ce0a29154494effc33d/execute/sync - {"script":"<script> [8489 bytes]","args":[{"element-6066-11e4-a52e-4f735466cecf":"f.13ABC5109140260BE8AA3D0770F55D6A.d.A3715DA30C55FFCBF82698EF71C73471.e.2253","ELEMENT":"f.13ABC5109140260BE8AA3D0770F55D6A.d.A3715DA30C55FFCBF82698EF71C73471.e.2253"}]}
COMMAND: GET /session/a2f1165008ed1ce0a29154494effc33d/screenshot - {}
RESULT: {}
RESULT: {"script":"<script> [8489 bytes]","args":[{"element-6066-11e4-a52e-4f735466cecf":"f.13ABC5109140260BE8AA3D0770F55D6A.d.A3715DA30C55FFCBF82698EF71C73471.e.2253","ELEMENT":"f.13ABC5109140260BE8AA3D0770F55D6A.d.A3715DA30C55FFCBF82698EF71C73471.e.2253"}]}
COMMAND: POST /session/a2f1165008ed1ce0a29154494effc33d/execute/sync - {"script":"<script> [5351 bytes]","args":[{"element-6066-11e4-a52e-4f735466cecf":"f.13ABC5109140260BE8AA3D0770F55D6A.d.A3715DA30C55FFCBF82698EF71C73471.e.2253","ELEMENT":"f.13ABC5109140260BE8AA3D0770F55D6A.d.A3715DA30C55FFCBF82698EF71C73471.e.2253"}]}
COMMAND: GET /session/a2f1165008ed1ce0a29154494effc33d/screenshot - {}
RESULT: {}
RESULT: {"script":"<script> [5351 bytes]","args":[{"element-6066-11e4-a52e-4f735466cecf":"f.13ABC5109140260BE8AA3D0770F55D6A.d.A3715DA30C55FFCBF82698EF71C73471.e.2253","ELEMENT":"f.13ABC5109140260BE8AA3D0770F55D6A.d.A3715DA30C55FFCBF82698EF71C73471.e.2253"}]}
COMMAND: POST /session/a2f1165008ed1ce0a29154494effc33d/element/f.13ABC5109140260BE8AA3D0770F55D6A.d.A3715DA30C55FFCBF82698EF71C73471.e.2253/click - {}
COMMAND: GET /session/a2f1165008ed1ce0a29154494effc33d/screenshot - {}
RESULT: {}
RESULT: {}
COMMAND: GET /session/a2f1165008ed1ce0a29154494effc33d/screenshot - {}
COMMAND: POST /session/a2f1165008ed1ce0a29154494effc33d/execute/async - {"script":"<script> [1562 bytes]","args":[{"selector":{"id":"application-manageresources-display-component---newResourceUnit--TYPE-arrow"},"wdio_ui5_key":"applicationmanageresources-display-component---newResourceUnit--TYPE-arrow"}]}
RESULT: {}
RESULT: {}
RESULT: {"script":"<script> [1562 bytes]","args":[{"selector":{"id":"application-manageresources-display-component---newResourceUnit--TYPE-arrow"},"wdio_ui5_key":"applicationmanageresources-display-component---newResourceUnit--TYPE-arrow"}]}
RESULT: undefined
COMMAND: POST /session/a2f1165008ed1ce0a29154494effc33d/element - {"using":"xpath","value":"//*[@id=\"application-manageresources-display-component---newResourceUnit--TYPE-arrow\"]"}
RESULT: {"using":"xpath","value":"//*[@id=\"application-manageresources-display-component---newResourceUnit--TYPE-arrow\"]"}
COMMAND: POST /session/a2f1165008ed1ce0a29154494effc33d/element/f.13ABC5109140260BE8AA3D0770F55D6A.d.A3715DA30C55FFCBF82698EF71C73471.e.2599/click - {}
RESULT: {}
COMMAND: POST /session/a2f1165008ed1ce0a29154494effc33d/element - {"using":"xpath","value":"//input[@id=\"application-manageresources-display-component---newResourceUnit--TYPE-inner\"]"}
COMMAND: GET /session/a2f1165008ed1ce0a29154494effc33d/screenshot - {}
RESULT: {"using":"xpath","value":"//input[@id=\"application-manageresources-display-component---newResourceUnit--TYPE-inner\"]"}
COMMAND: POST /session/a2f1165008ed1ce0a29154494effc33d/element/f.13ABC5109140260BE8AA3D0770F55D6A.d.A3715DA30C55FFCBF82698EF71C73471.e.2594/clear - {}
RESULT: {}
RESULT: {}
COMMAND: POST /session/a2f1165008ed1ce0a29154494effc33d/element/f.13ABC5109140260BE8AA3D0770F55D6A.d.A3715DA30C55FFCBF82698EF71C73471.e.2594/value - {"text":"Equipment"}
COMMAND: GET /session/a2f1165008ed1ce0a29154494effc33d/screenshot - {}
RESULT: {"text":"Equipment"}
COMMAND: GET /session/a2f1165008ed1ce0a29154494effc33d/screenshot - {}
RESULT: {}
RESULT: {}
COMMAND: POST /session/a2f1165008ed1ce0a29154494effc33d/actions - {"actions":[{"id":"action11","type":"key","parameters":{},"actions":[{"type":"keyDown","value":"î€‡"},{"type":"pause","duration":10},{"type":"keyUp","value":"î€‡"}]}]}
RESULT: {"actions":[{"id":"action11","type":"key","parameters":{},"actions":[{"type":"keyDown","value":"î€‡"},{"type":"pause","duration":10},{"type":"keyUp","value":"î€‡"}]}]}
COMMAND: POST /session/a2f1165008ed1ce0a29154494effc33d/execute/async - {"script":"<script> [1562 bytes]","args":[{"selector":{"id":"application-manageresources-display-component---newResourceUnit--resourceId","interaction":{"idSuffix":"inner"}},"wdio_ui5_key":"applicationmanageresources-display-component---newResourceUnit--resourceId"}]}
COMMAND: GET /session/a2f1165008ed1ce0a29154494effc33d/screenshot - {}
RESULT: {"script":"<script> [1562 bytes]","args":[{"selector":{"id":"application-manageresources-display-component---newResourceUnit--resourceId","interaction":{"idSuffix":"inner"}},"wdio_ui5_key":"applicationmanageresources-display-component---newResourceUnit--resourceId"}]}
RESULT: undefined
COMMAND: POST /session/a2f1165008ed1ce0a29154494effc33d/execute/async - {"script":"<script> [776 bytes]","args":[{"enterText":"1sTYPKGbuL","selector":{"id":"application-manageresources-display-component---newResourceUnit--resourceId","interaction":{"idSuffix":"inner"}},"clearTextFirst":true,"interactionType":"ENTER_TEXT"}]}
RESULT: {}
RESULT: {"script":"<script> [776 bytes]","args":[{"enterText":"1sTYPKGbuL","selector":{"id":"application-manageresources-display-component---newResourceUnit--resourceId","interaction":{"idSuffix":"inner"}},"clearTextFirst":true,"interactionType":"ENTER_TEXT"}]}
COMMAND: POST /session/a2f1165008ed1ce0a29154494effc33d/execute/async - {"script":"<script> [1562 bytes]","args":[{"selector":{"id":"application-manageresources-display-component---newResourceUnit--SHORT_TEXT","interaction":{"idSuffix":"inner"}},"wdio_ui5_key":"applicationmanageresources-display-component---newResourceUnit--SHORT_TEXT"}]}
RESULT: {"script":"<script> [1562 bytes]","args":[{"selector":{"id":"application-manageresources-display-component---newResourceUnit--SHORT_TEXT","interaction":{"idSuffix":"inner"}},"wdio_ui5_key":"applicationmanageresources-display-component---newResourceUnit--SHORT_TEXT"}]}
RESULT: undefined
COMMAND: POST /session/a2f1165008ed1ce0a29154494effc33d/execute/async - {"script":"<script> [776 bytes]","args":[{"enterText":"Intercompany Equipment WDIO","selector":{"id":"application-manageresources-display-component---newResourceUnit--SHORT_TEXT","interaction":{"idSuffix":"inner"}},"clearTextFirst":true,"interactionType":"ENTER_TEXT"}]}
RESULT: {"script":"<script> [776 bytes]","args":[{"enterText":"Intercompany Equipment WDIO","selector":{"id":"application-manageresources-display-component---newResourceUnit--SHORT_TEXT","interaction":{"idSuffix":"inner"}},"clearTextFirst":true,"interactionType":"ENTER_TEXT"}]}
COMMAND: POST /session/a2f1165008ed1ce0a29154494effc33d/execute/async - {"script":"<script> [1562 bytes]","args":[{"selector":{"id":"application-manageresources-display-component---newResourceUnit--BASE_UNIT_OF_MEASURE","interaction":{"idSuffix":"inner"}},"wdio_ui5_key":"applicationmanageresources-display-component---newResourceUnit--BASE_UNIT_OF_MEASURE"}]}
RESULT: {"script":"<script> [1562 bytes]","args":[{"selector":{"id":"application-manageresources-display-component---newResourceUnit--BASE_UNIT_OF_MEASURE","interaction":{"idSuffix":"inner"}},"wdio_ui5_key":"applicationmanageresources-display-component---newResourceUnit--BASE_UNIT_OF_MEASURE"}]}
RESULT: undefined
COMMAND: POST /session/a2f1165008ed1ce0a29154494effc33d/execute/async - {"script":"<script> [776 bytes]","args":[{"enterText":"Piece","selector":{"id":"application-manageresources-display-component---newResourceUnit--BASE_UNIT_OF_MEASURE","interaction":{"idSuffix":"inner"}},"clearTextFirst":true,"interactionType":"ENTER_TEXT"}]}
RESULT: {"script":"<script> [776 bytes]","args":[{"enterText":"Piece","selector":{"id":"application-manageresources-display-component---newResourceUnit--BASE_UNIT_OF_MEASURE","interaction":{"idSuffix":"inner"}},"clearTextFirst":true,"interactionType":"ENTER_TEXT"}]}
COMMAND: POST /session/a2f1165008ed1ce0a29154494effc33d/execute/async - {"script":"<script> [1562 bytes]","args":[{"selector":{"id":"application-manageresources-display-component---newResourceUnit--WEIGHT_UNIT","interaction":{"idSuffix":"inner"}},"wdio_ui5_key":"applicationmanageresources-display-component---newResourceUnit--WEIGHT_UNIT"}]}
RESULT: {"script":"<script> [1562 bytes]","args":[{"selector":{"id":"application-manageresources-display-component---newResourceUnit--WEIGHT_UNIT","interaction":{"idSuffix":"inner"}},"wdio_ui5_key":"applicationmanageresources-display-component---newResourceUnit--WEIGHT_UNIT"}]}
RESULT: undefined
COMMAND: POST /session/a2f1165008ed1ce0a29154494effc33d/execute/async - {"script":"<script> [776 bytes]","args":[{"enterText":"Gram","selector":{"id":"application-manageresources-display-component---newResourceUnit--WEIGHT_UNIT","interaction":{"idSuffix":"inner"}},"clearTextFirst":true,"interactionType":"ENTER_TEXT"}]}
RESULT: {"script":"<script> [776 bytes]","args":[{"enterText":"Gram","selector":{"id":"application-manageresources-display-component---newResourceUnit--WEIGHT_UNIT","interaction":{"idSuffix":"inner"}},"clearTextFirst":true,"interactionType":"ENTER_TEXT"}]}
COMMAND: POST /session/a2f1165008ed1ce0a29154494effc33d/execute/async - {"script":"<script> [1562 bytes]","args":[{"selector":{"id":"application-manageresources-display-component---newResourceUnit--DIMENSION_UNIT","interaction":{"idSuffix":"inner"}},"wdio_ui5_key":"applicationmanageresources-display-component---newResourceUnit--DIMENSION_UNIT"}]}
RESULT: {"script":"<script> [1562 bytes]","args":[{"selector":{"id":"application-manageresources-display-component---newResourceUnit--DIMENSION_UNIT","interaction":{"idSuffix":"inner"}},"wdio_ui5_key":"applicationmanageresources-display-component---newResourceUnit--DIMENSION_UNIT"}]}
RESULT: undefined
COMMAND: POST /session/a2f1165008ed1ce0a29154494effc33d/execute/async - {"script":"<script> [776 bytes]","args":[{"enterText":"Meter","selector":{"id":"application-manageresources-display-component---newResourceUnit--DIMENSION_UNIT","interaction":{"idSuffix":"inner"}},"clearTextFirst":true,"interactionType":"ENTER_TEXT"}]}
RESULT: {"script":"<script> [776 bytes]","args":[{"enterText":"Meter","selector":{"id":"application-manageresources-display-component---newResourceUnit--DIMENSION_UNIT","interaction":{"idSuffix":"inner"}},"clearTextFirst":true,"interactionType":"ENTER_TEXT"}]}
COMMAND: POST /session/a2f1165008ed1ce0a29154494effc33d/execute/async - {"script":"<script> [1562 bytes]","args":[{"selector":{"id":"application-manageresources-display-component---newResourceUnit--newRRUPage-anchBar-application-manageresources-display-component---newResourceUnit--control-anchor","interaction":{"idSuffix":"BDI-content"}},"wdio_ui5_key":"applicationmanageresources-display-component---newResourceUnit--newRRUPage-anchBar-application-manageresources-display-component---newResourceUnit--control-anchor"}]}
RESULT: {"script":"<script> [1562 bytes]","args":[{"selector":{"id":"application-manageresources-display-component---newResourceUnit--newRRUPage-anchBar-application-manageresources-display-component---newResourceUnit--control-anchor","interaction":{"idSuffix":"BDI-content"}},"wdio_ui5_key":"applicationmanageresources-display-component---newResourceUnit--newRRUPage-anchBar-application-manageresources-display-component---newResourceUnit--control-anchor"}]}
RESULT: undefined
COMMAND: POST /session/a2f1165008ed1ce0a29154494effc33d/element - {"using":"xpath","value":"//*[@id=\"application-manageresources-display-component---newResourceUnit--newRRUPage-anchBar-application-manageresources-display-component---newResourceUnit--control-anchor\"]"}
RESULT: {"using":"xpath","value":"//*[@id=\"application-manageresources-display-component---newResourceUnit--newRRUPage-anchBar-application-manageresources-display-component---newResourceUnit--control-anchor\"]"}
COMMAND: POST /session/a2f1165008ed1ce0a29154494effc33d/element/f.13ABC5109140260BE8AA3D0770F55D6A.d.A3715DA30C55FFCBF82698EF71C73471.e.2759/click - {}
RESULT: {}
COMMAND: POST /session/a2f1165008ed1ce0a29154494effc33d/execute/async - {"script":"<script> [1562 bytes]","args":[{"selector":{"id":"application-manageresources-display-component---newResourceUnit--PLANNING_GROUP","interaction":{"idSuffix":"inner"}},"wdio_ui5_key":"applicationmanageresources-display-component---newResourceUnit--PLANNING_GROUP"}]}
COMMAND: GET /session/a2f1165008ed1ce0a29154494effc33d/screenshot - {}
RESULT: {"script":"<script> [1562 bytes]","args":[{"selector":{"id":"application-manageresources-display-component---newResourceUnit--PLANNING_GROUP","interaction":{"idSuffix":"inner"}},"wdio_ui5_key":"applicationmanageresources-display-component---newResourceUnit--PLANNING_GROUP"}]}
RESULT: undefined
COMMAND: POST /session/a2f1165008ed1ce0a29154494effc33d/execute/async - {"script":"<script> [776 bytes]","args":[{"enterText":"Heavy Equi","selector":{"id":"application-manageresources-display-component---newResourceUnit--PLANNING_GROUP","interaction":{"idSuffix":"inner"}},"clearTextFirst":true,"interactionType":"ENTER_TEXT"}]}
RESULT: {}
RESULT: {"script":"<script> [776 bytes]","args":[{"enterText":"Heavy Equi","selector":{"id":"application-manageresources-display-component---newResourceUnit--PLANNING_GROUP","interaction":{"idSuffix":"inner"}},"clearTextFirst":true,"interactionType":"ENTER_TEXT"}]}
COMMAND: POST /session/a2f1165008ed1ce0a29154494effc33d/execute/async - {"script":"<script> [1562 bytes]","args":[{"selector":{"id":"application-manageresources-display-component---newResourceUnit--ITEM_TYPE-arrow"},"wdio_ui5_key":"applicationmanageresources-display-component---newResourceUnit--ITEM_TYPE-arrow"}]}
RESULT: {"script":"<script> [1562 bytes]","args":[{"selector":{"id":"application-manageresources-display-component---newResourceUnit--ITEM_TYPE-arrow"},"wdio_ui5_key":"applicationmanageresources-display-component---newResourceUnit--ITEM_TYPE-arrow"}]}
RESULT: undefined
COMMAND: POST /session/a2f1165008ed1ce0a29154494effc33d/element - {"using":"xpath","value":"//*[@id=\"application-manageresources-display-component---newResourceUnit--ITEM_TYPE-arrow\"]"}
RESULT: {"using":"xpath","value":"//*[@id=\"application-manageresources-display-component---newResourceUnit--ITEM_TYPE-arrow\"]"}
COMMAND: POST /session/a2f1165008ed1ce0a29154494effc33d/element/f.13ABC5109140260BE8AA3D0770F55D6A.d.A3715DA30C55FFCBF82698EF71C73471.e.2766/click - {}
RESULT: {}
COMMAND: POST /session/a2f1165008ed1ce0a29154494effc33d/element - {"using":"xpath","value":"//ul[contains(@id,\"ITEM_TYPE-popup-list-listUl\")]//li[.//span[contains(text(),\"Resource Unit\")]]"}
COMMAND: GET /session/a2f1165008ed1ce0a29154494effc33d/screenshot - {}
RESULT: {"using":"xpath","value":"//ul[contains(@id,\"ITEM_TYPE-popup-list-listUl\")]//li[.//span[contains(text(),\"Resource Unit\")]]"}
COMMAND: POST /session/a2f1165008ed1ce0a29154494effc33d/element/f.13ABC5109140260BE8AA3D0770F55D6A.d.A3715DA30C55FFCBF82698EF71C73471.e.2767/click - {}
RESULT: {}
RESULT: {}
COMMAND: GET /session/a2f1165008ed1ce0a29154494effc33d/screenshot - {}
RESULT: {}
COMMAND: POST /session/a2f1165008ed1ce0a29154494effc33d/element - {"using":"css selector","value":"#application-manageresources-display-component---newResourceUnit--btnAddTimeSegment"}
RESULT: {"using":"css selector","value":"#application-manageresources-display-component---newResourceUnit--btnAddTimeSegment"}
COMMAND: GET /session/a2f1165008ed1ce0a29154494effc33d/element/f.13ABC5109140260BE8AA3D0770F55D6A.d.A3715DA30C55FFCBF82698EF71C73471.e.2774/rect - {}
RESULT: {}
COMMAND: GET /session/a2f1165008ed1ce0a29154494effc33d/window/rect - {}
RESULT: {}
COMMAND: POST /session/a2f1165008ed1ce0a29154494effc33d/execute/sync - {"script":"<script> [92 bytes]","args":[]}
RESULT: {"script":"<script> [92 bytes]","args":[]}
COMMAND: POST /session/a2f1165008ed1ce0a29154494effc33d/actions - {"actions":[{"id":"action12","type":"wheel","parameters":{},"actions":[{"type":"scroll","x":-1888,"y":-32,"deltaX":0,"deltaY":0,"duration":0,"origin":{"element-6066-11e4-a52e-4f735466cecf":"f.13ABC5109140260BE8AA3D0770F55D6A.d.A3715DA30C55FFCBF82698EF71C73471.e.2774"}}]}]}
COMMAND: GET /session/a2f1165008ed1ce0a29154494effc33d/screenshot - {}
RESULT: {}
COMMAND: POST /session/a2f1165008ed1ce0a29154494effc33d/execute/sync - {"script":"<script> [79 bytes]","args":[{"element-6066-11e4-a52e-4f735466cecf":"f.13ABC5109140260BE8AA3D0770F55D6A.d.A3715DA30C55FFCBF82698EF71C73471.e.2774","ELEMENT":"f.13ABC5109140260BE8AA3D0770F55D6A.d.A3715DA30C55FFCBF82698EF71C73471.e.2774"},{"block":"start","inline":"nearest"}]}
RESULT: {"script":"<script> [79 bytes]","args":[{"element-6066-11e4-a52e-4f735466cecf":"f.13ABC5109140260BE8AA3D0770F55D6A.d.A3715DA30C55FFCBF82698EF71C73471.e.2774","ELEMENT":"f.13ABC5109140260BE8AA3D0770F55D6A.d.A3715DA30C55FFCBF82698EF71C73471.e.2774"},{"block":"start","inline":"nearest"}]}
COMMAND: POST /session/a2f1165008ed1ce0a29154494effc33d/execute/async - {"script":"<script> [1562 bytes]","args":[{"selector":{"id":"application-manageresources-display-component---newResourceUnit--btnAddTimeSegment","interaction":{"idSuffix":"inner"}},"wdio_ui5_key":"applicationmanageresources-display-component---newResourceUnit--btnAddTimeSegment"}]}
COMMAND: GET /session/a2f1165008ed1ce0a29154494effc33d/screenshot - {}
RESULT: {"script":"<script> [1562 bytes]","args":[{"selector":{"id":"application-manageresources-display-component---newResourceUnit--btnAddTimeSegment","interaction":{"idSuffix":"inner"}},"wdio_ui5_key":"applicationmanageresources-display-component---newResourceUnit--btnAddTimeSegment"}]}
RESULT: undefined
COMMAND: POST /session/a2f1165008ed1ce0a29154494effc33d/element - {"using":"xpath","value":"//*[@id=\"application-manageresources-display-component---newResourceUnit--btnAddTimeSegment\"]"}
RESULT: {}
RESULT: {"using":"xpath","value":"//*[@id=\"application-manageresources-display-component---newResourceUnit--btnAddTimeSegment\"]"}
COMMAND: POST /session/a2f1165008ed1ce0a29154494effc33d/element/f.13ABC5109140260BE8AA3D0770F55D6A.d.A3715DA30C55FFCBF82698EF71C73471.e.2774/click - {}
RESULT: {}
COMMAND: GET /session/a2f1165008ed1ce0a29154494effc33d/screenshot - {}
RESULT: {}
COMMAND: POST /session/a2f1165008ed1ce0a29154494effc33d/element - {"using":"xpath","value":"//input[@id=\"application-manageresources-display-component---newResourceUnit--idRuTSAdmin-application-manageresources-display-component---newResourceUnit--RUTimeSegment-0-inner\"]"}
RESULT: {"using":"xpath","value":"//input[@id=\"application-manageresources-display-component---newResourceUnit--idRuTSAdmin-application-manageresources-display-component---newResourceUnit--RUTimeSegment-0-inner\"]"}
COMMAND: POST /session/a2f1165008ed1ce0a29154494effc33d/element/f.13ABC5109140260BE8AA3D0770F55D6A.d.A3715DA30C55FFCBF82698EF71C73471.e.2780/clear - {}
RESULT: {}
COMMAND: POST /session/a2f1165008ed1ce0a29154494effc33d/element/f.13ABC5109140260BE8AA3D0770F55D6A.d.A3715DA30C55FFCBF82698EF71C73471.e.2780/value - {"text":"109"}
COMMAND: GET /session/a2f1165008ed1ce0a29154494effc33d/screenshot - {}
RESULT: {"text":"109"}
COMMAND: GET /session/a2f1165008ed1ce0a29154494effc33d/screenshot - {}
RESULT: {}
RESULT: {}
COMMAND: POST /session/a2f1165008ed1ce0a29154494effc33d/element - {"using":"xpath","value":"//li[.//span[text()='109']]"}
RESULT: {"using":"xpath","value":"//li[.//span[text()='109']]"}
COMMAND: POST /session/a2f1165008ed1ce0a29154494effc33d/element/f.13ABC5109140260BE8AA3D0770F55D6A.d.A3715DA30C55FFCBF82698EF71C73471.e.2794/click - {}
RESULT: {}
COMMAND: GET /session/a2f1165008ed1ce0a29154494effc33d/screenshot - {}
RESULT: {}
COMMAND: POST /session/a2f1165008ed1ce0a29154494effc33d/element - {"using":"xpath","value":"(//span[contains(@id, \"-application-manageresources-display-component---newResourceUnit--RUTimeSegment-0-arrow\")])[6]"}
RESULT: {"using":"xpath","value":"(//span[contains(@id, \"-application-manageresources-display-component---newResourceUnit--RUTimeSegment-0-arrow\")])[6]"}
COMMAND: POST /session/a2f1165008ed1ce0a29154494effc33d/element/f.13ABC5109140260BE8AA3D0770F55D6A.d.A3715DA30C55FFCBF82698EF71C73471.e.2795/click - {}
RESULT: {}
COMMAND: GET /session/a2f1165008ed1ce0a29154494effc33d/screenshot - {}
RESULT: {}
COMMAND: POST /session/a2f1165008ed1ce0a29154494effc33d/element - {"using":"xpath","value":"//span[contains(text(), \"PM Order\")]"}
RESULT: {"using":"xpath","value":"//span[contains(text(), \"PM Order\")]"}
COMMAND: POST /session/a2f1165008ed1ce0a29154494effc33d/element/f.13ABC5109140260BE8AA3D0770F55D6A.d.A3715DA30C55FFCBF82698EF71C73471.e.2798/click - {}
RESULT: {}
COMMAND: GET /session/a2f1165008ed1ce0a29154494effc33d/screenshot - {}
RESULT: {}
COMMAND: POST /session/a2f1165008ed1ce0a29154494effc33d/element - {"using":"xpath","value":"(//span[contains(@id ,\"manageresources-display-component---newResourceUnit--RUTimeSegment-0-vhi\")])[1]"}
RESULT: {"using":"xpath","value":"(//span[contains(@id ,\"manageresources-display-component---newResourceUnit--RUTimeSegment-0-vhi\")])[1]"}
COMMAND: GET /session/a2f1165008ed1ce0a29154494effc33d/element/f.13ABC5109140260BE8AA3D0770F55D6A.d.A3715DA30C55FFCBF82698EF71C73471.e.2802/rect - {}
RESULT: {}
COMMAND: GET /session/a2f1165008ed1ce0a29154494effc33d/window/rect - {}
RESULT: {}
COMMAND: POST /session/a2f1165008ed1ce0a29154494effc33d/execute/sync - {"script":"<script> [92 bytes]","args":[]}
RESULT: {"script":"<script> [92 bytes]","args":[]}
COMMAND: POST /session/a2f1165008ed1ce0a29154494effc33d/actions - {"actions":[{"id":"action13","type":"wheel","parameters":{},"actions":[{"type":"scroll","x":-869,"y":-24,"deltaX":0,"deltaY":0,"duration":0,"origin":{"element-6066-11e4-a52e-4f735466cecf":"f.13ABC5109140260BE8AA3D0770F55D6A.d.A3715DA30C55FFCBF82698EF71C73471.e.2802"}}]}]}
COMMAND: GET /session/a2f1165008ed1ce0a29154494effc33d/screenshot - {}
RESULT: {"actions":[{"id":"action13","type":"wheel","parameters":{},"actions":[{"type":"scroll","x":-869,"y":-24,"deltaX":0,"deltaY":0,"duration":0,"origin":{"element-6066-11e4-a52e-4f735466cecf":"f.13ABC5109140260BE8AA3D0770F55D6A.d.A3715DA30C55FFCBF82698EF71C73471.e.2802"}}]}]}
COMMAND: DELETE /session/a2f1165008ed1ce0a29154494effc33d/actions - {}
COMMAND: GET /session/a2f1165008ed1ce0a29154494effc33d/screenshot - {}
RESULT: {}
RESULT: {}
COMMAND: GET /session/a2f1165008ed1ce0a29154494effc33d/screenshot - {}
RESULT: {}
RESULT: {}
COMMAND: POST /session/a2f1165008ed1ce0a29154494effc33d/element/f.13ABC5109140260BE8AA3D0770F55D6A.d.A3715DA30C55FFCBF82698EF71C73471.e.2802/click - {}
RESULT: {}
COMMAND: GET /session/a2f1165008ed1ce0a29154494effc33d/screenshot - {}
RESULT: {}
COMMAND: POST /session/a2f1165008ed1ce0a29154494effc33d/execute/async - {"script":"<script> [1562 bytes]","args":[{"selector":{"controlType":"sap.m.SearchField","properties":{"placeholder":"Search"},"searchOpenDialogs":true,"interaction":{"idSuffix":"I"}},"wdio_ui5_key":"sapm.SearchField{\"placeholder\":\"Search\"}"}]}
RESULT: {"script":"<script> [1562 bytes]","args":[{"selector":{"controlType":"sap.m.SearchField","properties":{"placeholder":"Search"},"searchOpenDialogs":true,"interaction":{"idSuffix":"I"}},"wdio_ui5_key":"sapm.SearchField{\"placeholder\":\"Search\"}"}]}
RESULT: undefined
COMMAND: POST /session/a2f1165008ed1ce0a29154494effc33d/execute/async - {"script":"<script> [776 bytes]","args":[{"enterText":"4000360","selector":{"controlType":"sap.m.SearchField","properties":{"placeholder":"Search"},"searchOpenDialogs":true,"interaction":{"idSuffix":"I"}},"clearTextFirst":true,"interactionType":"ENTER_TEXT"}]}
RESULT: {"script":"<script> [776 bytes]","args":[{"enterText":"4000360","selector":{"controlType":"sap.m.SearchField","properties":{"placeholder":"Search"},"searchOpenDialogs":true,"interaction":{"idSuffix":"I"}},"clearTextFirst":true,"interactionType":"ENTER_TEXT"}]}
COMMAND: POST /session/a2f1165008ed1ce0a29154494effc33d/actions - {"actions":[{"id":"action14","type":"key","parameters":{},"actions":[{"type":"keyDown","value":"î€‡"},{"type":"pause","duration":10},{"type":"keyUp","value":"î€‡"}]}]}
RESULT: {"actions":[{"id":"action14","type":"key","parameters":{},"actions":[{"type":"keyDown","value":"î€‡"},{"type":"pause","duration":10},{"type":"keyUp","value":"î€‡"}]}]}
COMMAND: GET /session/a2f1165008ed1ce0a29154494effc33d/screenshot - {}
RESULT: {}
COMMAND: POST /session/a2f1165008ed1ce0a29154494effc33d/element - {"using":"xpath","value":"//td/div/span[contains(text(), \"BGL Vehicles\")]"}
RESULT: {"using":"xpath","value":"//td/div/span[contains(text(), \"BGL Vehicles\")]"}
COMMAND: POST /session/a2f1165008ed1ce0a29154494effc33d/element/f.13ABC5109140260BE8AA3D0770F55D6A.d.A3715DA30C55FFCBF82698EF71C73471.e.2823/click - {}
RESULT: {}
COMMAND: GET /session/a2f1165008ed1ce0a29154494effc33d/screenshot - {}
RESULT: {}
COMMAND: POST /session/a2f1165008ed1ce0a29154494effc33d/element - {"using":"xpath","value":"//bdi[contains(text(), \"OK\")]"}
RESULT: {"using":"xpath","value":"//bdi[contains(text(), \"OK\")]"}
COMMAND: POST /session/a2f1165008ed1ce0a29154494effc33d/element/f.13ABC5109140260BE8AA3D0770F55D6A.d.A3715DA30C55FFCBF82698EF71C73471.e.2824/click - {}
RESULT: {}
COMMAND: GET /session/a2f1165008ed1ce0a29154494effc33d/screenshot - {}
RESULT: {}
COMMAND: POST /session/a2f1165008ed1ce0a29154494effc33d/execute/async - {"script":"<script> [1562 bytes]","args":[{"selector":{"id":"application-manageresources-display-component---newResourceUnit--newRRUPage-anchBar-application-manageresources-display-component---newResourceUnit--resource-anchor","interaction":{"idSuffix":"BDI-content"}},"wdio_ui5_key":"applicationmanageresources-display-component---newResourceUnit--newRRUPage-anchBar-application-manageresources-display-component---newResourceUnit--resource-anchor"}]}
RESULT: {"script":"<script> [1562 bytes]","args":[{"selector":{"id":"application-manageresources-display-component---newResourceUnit--newRRUPage-anchBar-application-manageresources-display-component---newResourceUnit--resource-anchor","interaction":{"idSuffix":"BDI-content"}},"wdio_ui5_key":"applicationmanageresources-display-component---newResourceUnit--newRRUPage-anchBar-application-manageresources-display-component---newResourceUnit--resource-anchor"}]}
RESULT: undefined
COMMAND: POST /session/a2f1165008ed1ce0a29154494effc33d/element - {"using":"xpath","value":"//*[@id=\"application-manageresources-display-component---newResourceUnit--newRRUPage-anchBar-application-manageresources-display-component---newResourceUnit--resource-anchor\"]"}
RESULT: {"using":"xpath","value":"//*[@id=\"application-manageresources-display-component---newResourceUnit--newRRUPage-anchBar-application-manageresources-display-component---newResourceUnit--resource-anchor\"]"}
COMMAND: POST /session/a2f1165008ed1ce0a29154494effc33d/element/f.13ABC5109140260BE8AA3D0770F55D6A.d.A3715DA30C55FFCBF82698EF71C73471.e.2828/click - {}
RESULT: {}
COMMAND: POST /session/a2f1165008ed1ce0a29154494effc33d/execute/async - {"script":"<script> [1562 bytes]","args":[{"selector":{"id":"application-manageresources-display-component---newResourceUnit--PLANNED_DELIVERY_DATE","interaction":{"idSuffix":"inner"}},"wdio_ui5_key":"applicationmanageresources-display-component---newResourceUnit--PLANNED_DELIVERY_DATE"}]}
COMMAND: GET /session/a2f1165008ed1ce0a29154494effc33d/screenshot - {}
RESULT: {"script":"<script> [1562 bytes]","args":[{"selector":{"id":"application-manageresources-display-component---newResourceUnit--PLANNED_DELIVERY_DATE","interaction":{"idSuffix":"inner"}},"wdio_ui5_key":"applicationmanageresources-display-component---newResourceUnit--PLANNED_DELIVERY_DATE"}]}
RESULT: undefined
COMMAND: POST /session/a2f1165008ed1ce0a29154494effc33d/execute/async - {"script":"<script> [6424 bytes]","args":[{"element-6066-11e4-a52e-4f735466cecf":"f.13ABC5109140260BE8AA3D0770F55D6A.d.A3715DA30C55FFCBF82698EF71C73471.e.2657"},"setValue",["6/4/25"]]}
RESULT: {}
RESULT: {"script":"<script> [6424 bytes]","args":[{"element-6066-11e4-a52e-4f735466cecf":"f.13ABC5109140260BE8AA3D0770F55D6A.d.A3715DA30C55FFCBF82698EF71C73471.e.2657"},"setValue",["6/4/25"]]}
COMMAND: POST /session/a2f1165008ed1ce0a29154494effc33d/element - {"using":"xpath","value":"//label[contains(@class, 'sapMLabelRequired') and .//bdi[contains(text(), 'Planned Retirement')]]"}
RESULT: {"using":"xpath","value":"//label[contains(@class, 'sapMLabelRequired') and .//bdi[contains(text(), 'Planned Retirement')]]"}
COMMAND: POST /session/a2f1165008ed1ce0a29154494effc33d/elements - {"using":"xpath","value":"//label[contains(@class, 'sapMLabelRequired') and .//bdi[contains(text(), 'Planned Retirement')]]"}
RESULT: {"using":"xpath","value":"//label[contains(@class, 'sapMLabelRequired') and .//bdi[contains(text(), 'Planned Retirement')]]"}
COMMAND: POST /session/a2f1165008ed1ce0a29154494effc33d/element - {"using":"xpath","value":"//button[@data-kt=\"resourceUnitSaveButton\"]"}
RESULT: {"using":"xpath","value":"//button[@data-kt=\"resourceUnitSaveButton\"]"}
COMMAND: POST /session/a2f1165008ed1ce0a29154494effc33d/element/f.13ABC5109140260BE8AA3D0770F55D6A.d.A3715DA30C55FFCBF82698EF71C73471.e.2616/click - {}
RESULT: {}
COMMAND: GET /session/a2f1165008ed1ce0a29154494effc33d/screenshot - {}
RESULT: {}
COMMAND: POST /session/a2f1165008ed1ce0a29154494effc33d/element - {"using":"xpath","value":"//bdi[contains(text(), \"Close\")]"}
RESULT: {"using":"xpath","value":"//bdi[contains(text(), \"Close\")]"}
COMMAND: POST /session/a2f1165008ed1ce0a29154494effc33d/element/f.13ABC5109140260BE8AA3D0770F55D6A.d.A3715DA30C55FFCBF82698EF71C73471.e.2838/click - {}
RESULT: {}
COMMAND: GET /session/a2f1165008ed1ce0a29154494effc33d/screenshot - {}
RESULT: {}
COMMAND: POST /session/a2f1165008ed1ce0a29154494effc33d/element - {"using":"xpath","value":"(//button[contains(@id ,\"actionsToolbar-overflowButton\")])[1]"}
RESULT: {"using":"xpath","value":"(//button[contains(@id ,\"actionsToolbar-overflowButton\")])[1]"}
COMMAND: POST /session/a2f1165008ed1ce0a29154494effc33d/element/f.13ABC5109140260BE8AA3D0770F55D6A.d.A3715DA30C55FFCBF82698EF71C73471.e.2871/click - {}
RESULT: {}
COMMAND: GET /session/a2f1165008ed1ce0a29154494effc33d/screenshot - {}
RESULT: {}
COMMAND: POST /session/a2f1165008ed1ce0a29154494effc33d/element - {"using":"xpath","value":"//button[@data-kt=\"priceInfoButton\"]"}
RESULT: {"using":"xpath","value":"//button[@data-kt=\"priceInfoButton\"]"}
COMMAND: POST /session/a2f1165008ed1ce0a29154494effc33d/element/f.13ABC5109140260BE8AA3D0770F55D6A.d.A3715DA30C55FFCBF82698EF71C73471.e.2873/click - {}
RESULT: {}
COMMAND: GET /session/a2f1165008ed1ce0a29154494effc33d/screenshot - {}
RESULT: {}
COMMAND: POST /session/a2f1165008ed1ce0a29154494effc33d/element - {"using":"css selector","value":"#shell-header-logo"}
RESULT: {"using":"css selector","value":"#shell-header-logo"}
COMMAND: POST /session/a2f1165008ed1ce0a29154494effc33d/element/f.13ABC5109140260BE8AA3D0770F55D6A.d.A3715DA30C55FFCBF82698EF71C73471.e.2213/click - {}
RESULT: {}
COMMAND: GET /session/a2f1165008ed1ce0a29154494effc33d/screenshot - {}
RESULT: {}
]]></system-out>
    </testcase>
    <testcase classname="chrome.136_0_7103_93.windows.RU_Inventory_Mass_State_Change_Multiple_Items_US151066" name="Prerequisite Step 2 Should create a new material" time="129.696">
      <system-out><![CDATA[
RESULT: undefined
COMMAND: POST /session/a2f1165008ed1ce0a29154494effc33d/element - {"using":"xpath","value":"//*[@id=\"__tile39\"]"}
RESULT: {"using":"xpath","value":"//*[@id=\"__tile39\"]"}
COMMAND: POST /session/a2f1165008ed1ce0a29154494effc33d/element/f.13ABC5109140260BE8AA3D0770F55D6A.d.A3715DA30C55FFCBF82698EF71C73471.e.161/click - {}
RESULT: {}
COMMAND: GET /session/a2f1165008ed1ce0a29154494effc33d/screenshot - {}
RESULT: {}
COMMAND: POST /session/a2f1165008ed1ce0a29154494effc33d/elements - {"using":"xpath","value":"//span[text()='Error']"}
RESULT: {"using":"xpath","value":"//span[text()='Error']"}
COMMAND: POST /session/a2f1165008ed1ce0a29154494effc33d/element - {"using":"xpath","value":"//button[@data-kt=\"addNewRUOverflowToolbarButton\"]"}
RESULT: {"using":"xpath","value":"//button[@data-kt=\"addNewRUOverflowToolbarButton\"]"}
COMMAND: POST /session/a2f1165008ed1ce0a29154494effc33d/elements - {"using":"xpath","value":"//button[@data-kt=\"addNewRUOverflowToolbarButton\"]"}
RESULT: {"using":"xpath","value":"//button[@data-kt=\"addNewRUOverflowToolbarButton\"]"}
COMMAND: POST /session/a2f1165008ed1ce0a29154494effc33d/execute/sync - {"script":"<script> [8489 bytes]","args":[{"element-6066-11e4-a52e-4f735466cecf":"f.13ABC5109140260BE8AA3D0770F55D6A.d.A3715DA30C55FFCBF82698EF71C73471.e.2953","ELEMENT":"f.13ABC5109140260BE8AA3D0770F55D6A.d.A3715DA30C55FFCBF82698EF71C73471.e.2953"}]}
RESULT: {"script":"<script> [8489 bytes]","args":[{"element-6066-11e4-a52e-4f735466cecf":"f.13ABC5109140260BE8AA3D0770F55D6A.d.A3715DA30C55FFCBF82698EF71C73471.e.2953","ELEMENT":"f.13ABC5109140260BE8AA3D0770F55D6A.d.A3715DA30C55FFCBF82698EF71C73471.e.2953"}]}
COMMAND: GET /session/a2f1165008ed1ce0a29154494effc33d/element/f.13ABC5109140260BE8AA3D0770F55D6A.d.A3715DA30C55FFCBF82698EF71C73471.e.2953/enabled - {}
COMMAND: GET /session/a2f1165008ed1ce0a29154494effc33d/screenshot - {}
RESULT: {}
COMMAND: POST /session/a2f1165008ed1ce0a29154494effc33d/execute/sync - {"script":"<script> [8489 bytes]","args":[{"element-6066-11e4-a52e-4f735466cecf":"f.13ABC5109140260BE8AA3D0770F55D6A.d.A3715DA30C55FFCBF82698EF71C73471.e.2953","ELEMENT":"f.13ABC5109140260BE8AA3D0770F55D6A.d.A3715DA30C55FFCBF82698EF71C73471.e.2953"}]}
COMMAND: GET /session/a2f1165008ed1ce0a29154494effc33d/screenshot - {}
RESULT: {}
RESULT: {"script":"<script> [8489 bytes]","args":[{"element-6066-11e4-a52e-4f735466cecf":"f.13ABC5109140260BE8AA3D0770F55D6A.d.A3715DA30C55FFCBF82698EF71C73471.e.2953","ELEMENT":"f.13ABC5109140260BE8AA3D0770F55D6A.d.A3715DA30C55FFCBF82698EF71C73471.e.2953"}]}
COMMAND: POST /session/a2f1165008ed1ce0a29154494effc33d/execute/sync - {"script":"<script> [5351 bytes]","args":[{"element-6066-11e4-a52e-4f735466cecf":"f.13ABC5109140260BE8AA3D0770F55D6A.d.A3715DA30C55FFCBF82698EF71C73471.e.2953","ELEMENT":"f.13ABC5109140260BE8AA3D0770F55D6A.d.A3715DA30C55FFCBF82698EF71C73471.e.2953"}]}
COMMAND: GET /session/a2f1165008ed1ce0a29154494effc33d/screenshot - {}
RESULT: {}
RESULT: {"script":"<script> [5351 bytes]","args":[{"element-6066-11e4-a52e-4f735466cecf":"f.13ABC5109140260BE8AA3D0770F55D6A.d.A3715DA30C55FFCBF82698EF71C73471.e.2953","ELEMENT":"f.13ABC5109140260BE8AA3D0770F55D6A.d.A3715DA30C55FFCBF82698EF71C73471.e.2953"}]}
COMMAND: POST /session/a2f1165008ed1ce0a29154494effc33d/element/f.13ABC5109140260BE8AA3D0770F55D6A.d.A3715DA30C55FFCBF82698EF71C73471.e.2953/click - {}
COMMAND: GET /session/a2f1165008ed1ce0a29154494effc33d/screenshot - {}
RESULT: {}
RESULT: {}
COMMAND: GET /session/a2f1165008ed1ce0a29154494effc33d/screenshot - {}
RESULT: undefined
COMMAND: POST /session/a2f1165008ed1ce0a29154494effc33d/element - {"using":"xpath","value":"//*[@id=\"application-manageresources-display-component---newResourceUnit--TYPE-arrow\"]"}
RESULT: {}
RESULT: {}
RESULT: {"using":"xpath","value":"//*[@id=\"application-manageresources-display-component---newResourceUnit--TYPE-arrow\"]"}
COMMAND: POST /session/a2f1165008ed1ce0a29154494effc33d/element/f.13ABC5109140260BE8AA3D0770F55D6A.d.A3715DA30C55FFCBF82698EF71C73471.e.3298/click - {}
RESULT: {}
COMMAND: POST /session/a2f1165008ed1ce0a29154494effc33d/element - {"using":"xpath","value":"//input[@id=\"application-manageresources-display-component---newResourceUnit--TYPE-inner\"]"}
COMMAND: GET /session/a2f1165008ed1ce0a29154494effc33d/screenshot - {}
RESULT: {"using":"xpath","value":"//input[@id=\"application-manageresources-display-component---newResourceUnit--TYPE-inner\"]"}
COMMAND: POST /session/a2f1165008ed1ce0a29154494effc33d/element/f.13ABC5109140260BE8AA3D0770F55D6A.d.A3715DA30C55FFCBF82698EF71C73471.e.3294/clear - {}
RESULT: {}
RESULT: {}
COMMAND: POST /session/a2f1165008ed1ce0a29154494effc33d/element/f.13ABC5109140260BE8AA3D0770F55D6A.d.A3715DA30C55FFCBF82698EF71C73471.e.3294/value - {"text":"Material"}
COMMAND: GET /session/a2f1165008ed1ce0a29154494effc33d/screenshot - {}
RESULT: {"text":"Material"}
COMMAND: GET /session/a2f1165008ed1ce0a29154494effc33d/screenshot - {}
RESULT: {}
RESULT: {}
COMMAND: POST /session/a2f1165008ed1ce0a29154494effc33d/actions - {"actions":[{"id":"action15","type":"key","parameters":{},"actions":[{"type":"keyDown","value":"î€‡"},{"type":"pause","duration":10},{"type":"keyUp","value":"î€‡"}]}]}
RESULT: {"actions":[{"id":"action15","type":"key","parameters":{},"actions":[{"type":"keyDown","value":"î€‡"},{"type":"pause","duration":10},{"type":"keyUp","value":"î€‡"}]}]}
RESULT: undefined
COMMAND: POST /session/a2f1165008ed1ce0a29154494effc33d/execute/async - {"script":"<script> [776 bytes]","args":[{"enterText":"Cement WDIO","selector":{"id":"application-manageresources-display-component---newResourceUnit--SHORT_TEXT","interaction":{"idSuffix":"inner"}},"clearTextFirst":true,"interactionType":"ENTER_TEXT"}]}
COMMAND: GET /session/a2f1165008ed1ce0a29154494effc33d/screenshot - {}
RESULT: {"script":"<script> [776 bytes]","args":[{"enterText":"Cement WDIO","selector":{"id":"application-manageresources-display-component---newResourceUnit--SHORT_TEXT","interaction":{"idSuffix":"inner"}},"clearTextFirst":true,"interactionType":"ENTER_TEXT"}]}
RESULT: undefined
COMMAND: POST /session/a2f1165008ed1ce0a29154494effc33d/execute/async - {"script":"<script> [776 bytes]","args":[{"enterText":"Piece","selector":{"id":"application-manageresources-display-component---newResourceUnit--BASE_UNIT_OF_MEASURE","interaction":{"idSuffix":"inner"}},"clearTextFirst":true,"interactionType":"ENTER_TEXT"}]}
RESULT: {}
RESULT: {"script":"<script> [776 bytes]","args":[{"enterText":"Piece","selector":{"id":"application-manageresources-display-component---newResourceUnit--BASE_UNIT_OF_MEASURE","interaction":{"idSuffix":"inner"}},"clearTextFirst":true,"interactionType":"ENTER_TEXT"}]}
RESULT: undefined
COMMAND: POST /session/a2f1165008ed1ce0a29154494effc33d/execute/async - {"script":"<script> [776 bytes]","args":[{"enterText":"Gram","selector":{"id":"application-manageresources-display-component---newResourceUnit--WEIGHT_UNIT","interaction":{"idSuffix":"inner"}},"clearTextFirst":true,"interactionType":"ENTER_TEXT"}]}
RESULT: {"script":"<script> [776 bytes]","args":[{"enterText":"Gram","selector":{"id":"application-manageresources-display-component---newResourceUnit--WEIGHT_UNIT","interaction":{"idSuffix":"inner"}},"clearTextFirst":true,"interactionType":"ENTER_TEXT"}]}
RESULT: undefined
COMMAND: POST /session/a2f1165008ed1ce0a29154494effc33d/execute/async - {"script":"<script> [776 bytes]","args":[{"enterText":"Meter","selector":{"id":"application-manageresources-display-component---newResourceUnit--DIMENSION_UNIT","interaction":{"idSuffix":"inner"}},"clearTextFirst":true,"interactionType":"ENTER_TEXT"}]}
RESULT: {"script":"<script> [776 bytes]","args":[{"enterText":"Meter","selector":{"id":"application-manageresources-display-component---newResourceUnit--DIMENSION_UNIT","interaction":{"idSuffix":"inner"}},"clearTextFirst":true,"interactionType":"ENTER_TEXT"}]}
RESULT: undefined
COMMAND: POST /session/a2f1165008ed1ce0a29154494effc33d/element - {"using":"xpath","value":"//*[@id=\"application-manageresources-display-component---newResourceUnit--newRRUPage-anchBar-application-manageresources-display-component---newResourceUnit--control-anchor\"]"}
RESULT: {"using":"xpath","value":"//*[@id=\"application-manageresources-display-component---newResourceUnit--newRRUPage-anchBar-application-manageresources-display-component---newResourceUnit--control-anchor\"]"}
COMMAND: POST /session/a2f1165008ed1ce0a29154494effc33d/element/f.13ABC5109140260BE8AA3D0770F55D6A.d.A3715DA30C55FFCBF82698EF71C73471.e.3424/click - {}
RESULT: {}
RESULT: undefined
COMMAND: POST /session/a2f1165008ed1ce0a29154494effc33d/execute/async - {"script":"<script> [776 bytes]","args":[{"enterText":"Material","selector":{"id":"application-manageresources-display-component---newResourceUnit--PLANNING_GROUP","interaction":{"idSuffix":"inner"}},"clearTextFirst":true,"interactionType":"ENTER_TEXT"}]}
COMMAND: GET /session/a2f1165008ed1ce0a29154494effc33d/screenshot - {}
RESULT: {"script":"<script> [776 bytes]","args":[{"enterText":"Material","selector":{"id":"application-manageresources-display-component---newResourceUnit--PLANNING_GROUP","interaction":{"idSuffix":"inner"}},"clearTextFirst":true,"interactionType":"ENTER_TEXT"}]}
RESULT: {}
COMMAND: POST /session/a2f1165008ed1ce0a29154494effc33d/execute/async - {"script":"<script> [1562 bytes]","args":[{"selector":{"id":"application-manageresources-display-component---newResourceUnit--PLANNING_INDICATOR","interaction":{"idSuffix":"inner"}},"wdio_ui5_key":"applicationmanageresources-display-component---newResourceUnit--PLANNING_INDICATOR"}]}
RESULT: {"script":"<script> [1562 bytes]","args":[{"selector":{"id":"application-manageresources-display-component---newResourceUnit--PLANNING_INDICATOR","interaction":{"idSuffix":"inner"}},"wdio_ui5_key":"applicationmanageresources-display-component---newResourceUnit--PLANNING_INDICATOR"}]}
RESULT: undefined
COMMAND: POST /session/a2f1165008ed1ce0a29154494effc33d/execute/async - {"script":"<script> [776 bytes]","args":[{"enterText":"10 - infinite","selector":{"id":"application-manageresources-display-component---newResourceUnit--PLANNING_INDICATOR","interaction":{"idSuffix":"inner"}},"clearTextFirst":true,"interactionType":"ENTER_TEXT"}]}
RESULT: {"script":"<script> [776 bytes]","args":[{"enterText":"10 - infinite","selector":{"id":"application-manageresources-display-component---newResourceUnit--PLANNING_INDICATOR","interaction":{"idSuffix":"inner"}},"clearTextFirst":true,"interactionType":"ENTER_TEXT"}]}
COMMAND: POST /session/a2f1165008ed1ce0a29154494effc33d/element - {"using":"css selector","value":"#application-manageresources-display-component---newResourceUnit--btnAddTimeSegment"}
RESULT: {"using":"css selector","value":"#application-manageresources-display-component---newResourceUnit--btnAddTimeSegment"}
COMMAND: GET /session/a2f1165008ed1ce0a29154494effc33d/element/f.13ABC5109140260BE8AA3D0770F55D6A.d.A3715DA30C55FFCBF82698EF71C73471.e.3431/rect - {}
RESULT: {}
COMMAND: GET /session/a2f1165008ed1ce0a29154494effc33d/window/rect - {}
RESULT: {}
COMMAND: POST /session/a2f1165008ed1ce0a29154494effc33d/execute/sync - {"script":"<script> [92 bytes]","args":[]}
RESULT: {"script":"<script> [92 bytes]","args":[]}
COMMAND: POST /session/a2f1165008ed1ce0a29154494effc33d/actions - {"actions":[{"id":"action16","type":"wheel","parameters":{},"actions":[{"type":"scroll","x":-1888,"y":-32,"deltaX":0,"deltaY":0,"duration":0,"origin":{"element-6066-11e4-a52e-4f735466cecf":"f.13ABC5109140260BE8AA3D0770F55D6A.d.A3715DA30C55FFCBF82698EF71C73471.e.3431"}}]}]}
COMMAND: GET /session/a2f1165008ed1ce0a29154494effc33d/screenshot - {}
RESULT: {}
COMMAND: POST /session/a2f1165008ed1ce0a29154494effc33d/execute/sync - {"script":"<script> [79 bytes]","args":[{"element-6066-11e4-a52e-4f735466cecf":"f.13ABC5109140260BE8AA3D0770F55D6A.d.A3715DA30C55FFCBF82698EF71C73471.e.3431","ELEMENT":"f.13ABC5109140260BE8AA3D0770F55D6A.d.A3715DA30C55FFCBF82698EF71C73471.e.3431"},{"block":"start","inline":"nearest"}]}
RESULT: {"script":"<script> [79 bytes]","args":[{"element-6066-11e4-a52e-4f735466cecf":"f.13ABC5109140260BE8AA3D0770F55D6A.d.A3715DA30C55FFCBF82698EF71C73471.e.3431","ELEMENT":"f.13ABC5109140260BE8AA3D0770F55D6A.d.A3715DA30C55FFCBF82698EF71C73471.e.3431"},{"block":"start","inline":"nearest"}]}
RESULT: undefined
COMMAND: POST /session/a2f1165008ed1ce0a29154494effc33d/element - {"using":"xpath","value":"//*[@id=\"application-manageresources-display-component---newResourceUnit--btnAddTimeSegment\"]"}
COMMAND: GET /session/a2f1165008ed1ce0a29154494effc33d/screenshot - {}
RESULT: {"using":"xpath","value":"//*[@id=\"application-manageresources-display-component---newResourceUnit--btnAddTimeSegment\"]"}
COMMAND: POST /session/a2f1165008ed1ce0a29154494effc33d/element/f.13ABC5109140260BE8AA3D0770F55D6A.d.A3715DA30C55FFCBF82698EF71C73471.e.3431/click - {}
RESULT: {}
RESULT: {}
COMMAND: GET /session/a2f1165008ed1ce0a29154494effc33d/screenshot - {}
RESULT: {}
COMMAND: POST /session/a2f1165008ed1ce0a29154494effc33d/element - {"using":"xpath","value":"//input[@id=\"application-manageresources-display-component---newResourceUnit--idRuTSAdmin-application-manageresources-display-component---newResourceUnit--RUTimeSegment-0-inner\"]"}
RESULT: {"using":"xpath","value":"//input[@id=\"application-manageresources-display-component---newResourceUnit--idRuTSAdmin-application-manageresources-display-component---newResourceUnit--RUTimeSegment-0-inner\"]"}
COMMAND: POST /session/a2f1165008ed1ce0a29154494effc33d/element/f.13ABC5109140260BE8AA3D0770F55D6A.d.A3715DA30C55FFCBF82698EF71C73471.e.3435/clear - {}
RESULT: {}
COMMAND: POST /session/a2f1165008ed1ce0a29154494effc33d/element/f.13ABC5109140260BE8AA3D0770F55D6A.d.A3715DA30C55FFCBF82698EF71C73471.e.3435/value - {"text":"109"}
COMMAND: GET /session/a2f1165008ed1ce0a29154494effc33d/screenshot - {}
RESULT: {"text":"109"}
COMMAND: GET /session/a2f1165008ed1ce0a29154494effc33d/screenshot - {}
RESULT: {}
RESULT: {}
COMMAND: POST /session/a2f1165008ed1ce0a29154494effc33d/element - {"using":"xpath","value":"//li[.//span[text()='109']]"}
RESULT: {"using":"xpath","value":"//li[.//span[text()='109']]"}
COMMAND: POST /session/a2f1165008ed1ce0a29154494effc33d/element/f.13ABC5109140260BE8AA3D0770F55D6A.d.A3715DA30C55FFCBF82698EF71C73471.e.3447/click - {}
RESULT: {}
COMMAND: GET /session/a2f1165008ed1ce0a29154494effc33d/screenshot - {}
RESULT: {}
COMMAND: POST /session/a2f1165008ed1ce0a29154494effc33d/element - {"using":"xpath","value":"(//span[contains(@id, \"-application-manageresources-display-component---newResourceUnit--RUTimeSegment-0-arrow\")])[2]"}
RESULT: {"using":"xpath","value":"(//span[contains(@id, \"-application-manageresources-display-component---newResourceUnit--RUTimeSegment-0-arrow\")])[2]"}
COMMAND: POST /session/a2f1165008ed1ce0a29154494effc33d/element/f.13ABC5109140260BE8AA3D0770F55D6A.d.A3715DA30C55FFCBF82698EF71C73471.e.3448/click - {}
RESULT: {}
COMMAND: POST /session/a2f1165008ed1ce0a29154494effc33d/element - {"using":"xpath","value":"//span[contains(text(), \"PM Order\")]"}
COMMAND: GET /session/a2f1165008ed1ce0a29154494effc33d/screenshot - {}
RESULT: {"using":"xpath","value":"//span[contains(text(), \"PM Order\")]"}
COMMAND: POST /session/a2f1165008ed1ce0a29154494effc33d/element/f.13ABC5109140260BE8AA3D0770F55D6A.d.A3715DA30C55FFCBF82698EF71C73471.e.3449/click - {}
RESULT: {}
RESULT: {}
COMMAND: GET /session/a2f1165008ed1ce0a29154494effc33d/screenshot - {}
RESULT: {}
COMMAND: POST /session/a2f1165008ed1ce0a29154494effc33d/element - {"using":"xpath","value":"//td/div/div/div/span[contains(@id, \"newResourceUnit--RUTimeSegment-0-vhi\")][1]"}
RESULT: {"using":"xpath","value":"//td/div/div/div/span[contains(@id, \"newResourceUnit--RUTimeSegment-0-vhi\")][1]"}
COMMAND: GET /session/a2f1165008ed1ce0a29154494effc33d/element/f.13ABC5109140260BE8AA3D0770F55D6A.d.A3715DA30C55FFCBF82698EF71C73471.e.3453/rect - {}
RESULT: {}
COMMAND: GET /session/a2f1165008ed1ce0a29154494effc33d/window/rect - {}
RESULT: {}
COMMAND: POST /session/a2f1165008ed1ce0a29154494effc33d/execute/sync - {"script":"<script> [92 bytes]","args":[]}
RESULT: {"script":"<script> [92 bytes]","args":[]}
COMMAND: POST /session/a2f1165008ed1ce0a29154494effc33d/actions - {"actions":[{"id":"action17","type":"wheel","parameters":{},"actions":[{"type":"scroll","x":-1888,"y":-24,"deltaX":0,"deltaY":0,"duration":0,"origin":{"element-6066-11e4-a52e-4f735466cecf":"f.13ABC5109140260BE8AA3D0770F55D6A.d.A3715DA30C55FFCBF82698EF71C73471.e.3453"}}]}]}
COMMAND: GET /session/a2f1165008ed1ce0a29154494effc33d/screenshot - {}
RESULT: {}
COMMAND: POST /session/a2f1165008ed1ce0a29154494effc33d/execute/sync - {"script":"<script> [79 bytes]","args":[{"element-6066-11e4-a52e-4f735466cecf":"f.13ABC5109140260BE8AA3D0770F55D6A.d.A3715DA30C55FFCBF82698EF71C73471.e.3453","ELEMENT":"f.13ABC5109140260BE8AA3D0770F55D6A.d.A3715DA30C55FFCBF82698EF71C73471.e.3453"},{"block":"start","inline":"nearest"}]}
RESULT: {"script":"<script> [79 bytes]","args":[{"element-6066-11e4-a52e-4f735466cecf":"f.13ABC5109140260BE8AA3D0770F55D6A.d.A3715DA30C55FFCBF82698EF71C73471.e.3453","ELEMENT":"f.13ABC5109140260BE8AA3D0770F55D6A.d.A3715DA30C55FFCBF82698EF71C73471.e.3453"},{"block":"start","inline":"nearest"}]}
COMMAND: GET /session/a2f1165008ed1ce0a29154494effc33d/screenshot - {}
RESULT: {}
COMMAND: POST /session/a2f1165008ed1ce0a29154494effc33d/element/f.13ABC5109140260BE8AA3D0770F55D6A.d.A3715DA30C55FFCBF82698EF71C73471.e.3453/click - {}
RESULT: {}
COMMAND: GET /session/a2f1165008ed1ce0a29154494effc33d/screenshot - {}
RESULT: {}
RESULT: undefined
COMMAND: POST /session/a2f1165008ed1ce0a29154494effc33d/execute/async - {"script":"<script> [776 bytes]","args":[{"enterText":"4000360","selector":{"controlType":"sap.m.SearchField","properties":{"placeholder":"Search"},"searchOpenDialogs":true,"interaction":{"idSuffix":"I"}},"clearTextFirst":true,"interactionType":"ENTER_TEXT"}]}
RESULT: {"script":"<script> [776 bytes]","args":[{"enterText":"4000360","selector":{"controlType":"sap.m.SearchField","properties":{"placeholder":"Search"},"searchOpenDialogs":true,"interaction":{"idSuffix":"I"}},"clearTextFirst":true,"interactionType":"ENTER_TEXT"}]}
COMMAND: POST /session/a2f1165008ed1ce0a29154494effc33d/actions - {"actions":[{"id":"action18","type":"key","parameters":{},"actions":[{"type":"keyDown","value":"î€‡"},{"type":"pause","duration":10},{"type":"keyUp","value":"î€‡"}]}]}
RESULT: {"actions":[{"id":"action18","type":"key","parameters":{},"actions":[{"type":"keyDown","value":"î€‡"},{"type":"pause","duration":10},{"type":"keyUp","value":"î€‡"}]}]}
COMMAND: GET /session/a2f1165008ed1ce0a29154494effc33d/screenshot - {}
RESULT: {}
COMMAND: POST /session/a2f1165008ed1ce0a29154494effc33d/element - {"using":"xpath","value":"//td/div/span[contains(text(), \"BGL Vehicles\")]"}
RESULT: {"using":"xpath","value":"//td/div/span[contains(text(), \"BGL Vehicles\")]"}
COMMAND: POST /session/a2f1165008ed1ce0a29154494effc33d/element/f.13ABC5109140260BE8AA3D0770F55D6A.d.A3715DA30C55FFCBF82698EF71C73471.e.3472/click - {}
RESULT: {}
COMMAND: GET /session/a2f1165008ed1ce0a29154494effc33d/screenshot - {}
RESULT: {}
COMMAND: POST /session/a2f1165008ed1ce0a29154494effc33d/element - {"using":"xpath","value":"//bdi[contains(text(), \"OK\")]"}
RESULT: {"using":"xpath","value":"//bdi[contains(text(), \"OK\")]"}
COMMAND: POST /session/a2f1165008ed1ce0a29154494effc33d/element/f.13ABC5109140260BE8AA3D0770F55D6A.d.A3715DA30C55FFCBF82698EF71C73471.e.3473/click - {}
RESULT: {}
COMMAND: GET /session/a2f1165008ed1ce0a29154494effc33d/screenshot - {}
RESULT: {}
COMMAND: POST /session/a2f1165008ed1ce0a29154494effc33d/element - {"using":"xpath","value":"//label[contains(@class, 'sapMLabelRequired') and .//bdi[contains(text(), 'Planned Retirement')]]"}
RESULT: {"using":"xpath","value":"//label[contains(@class, 'sapMLabelRequired') and .//bdi[contains(text(), 'Planned Retirement')]]"}
COMMAND: POST /session/a2f1165008ed1ce0a29154494effc33d/elements - {"using":"xpath","value":"//label[contains(@class, 'sapMLabelRequired') and .//bdi[contains(text(), 'Planned Retirement')]]"}
RESULT: {"using":"xpath","value":"//label[contains(@class, 'sapMLabelRequired') and .//bdi[contains(text(), 'Planned Retirement')]]"}
COMMAND: POST /session/a2f1165008ed1ce0a29154494effc33d/element - {"using":"xpath","value":"//button[@data-kt=\"resourceUnitSaveButton\"]"}
RESULT: {"using":"xpath","value":"//button[@data-kt=\"resourceUnitSaveButton\"]"}
COMMAND: POST /session/a2f1165008ed1ce0a29154494effc33d/element/f.13ABC5109140260BE8AA3D0770F55D6A.d.A3715DA30C55FFCBF82698EF71C73471.e.3316/click - {}
RESULT: {}
COMMAND: GET /session/a2f1165008ed1ce0a29154494effc33d/screenshot - {}
RESULT: {}
COMMAND: POST /session/a2f1165008ed1ce0a29154494effc33d/element - {"using":"xpath","value":"//bdi[contains(text(), \"Close\")]"}
RESULT: {"using":"xpath","value":"//bdi[contains(text(), \"Close\")]"}
COMMAND: POST /session/a2f1165008ed1ce0a29154494effc33d/element/f.13ABC5109140260BE8AA3D0770F55D6A.d.A3715DA30C55FFCBF82698EF71C73471.e.3480/click - {}
RESULT: {}
COMMAND: GET /session/a2f1165008ed1ce0a29154494effc33d/screenshot - {}
RESULT: {}
COMMAND: POST /session/a2f1165008ed1ce0a29154494effc33d/element - {"using":"xpath","value":"//header[contains(@id, 'detailRruPage-headerTitle')]/div[1]/div[2]/div[2]/span[1]"}
RESULT: {"using":"xpath","value":"//header[contains(@id, 'detailRruPage-headerTitle')]/div[1]/div[2]/div[2]/span[1]"}
COMMAND: POST /session/a2f1165008ed1ce0a29154494effc33d/elements - {"using":"xpath","value":"//header[contains(@id, 'detailRruPage-headerTitle')]/div[1]/div[2]/div[2]/span[1]"}
RESULT: {"using":"xpath","value":"//header[contains(@id, 'detailRruPage-headerTitle')]/div[1]/div[2]/div[2]/span[1]"}
COMMAND: POST /session/a2f1165008ed1ce0a29154494effc33d/execute/sync - {"script":"<script> [56 bytes]","args":[{"element-6066-11e4-a52e-4f735466cecf":"f.13ABC5109140260BE8AA3D0770F55D6A.d.A3715DA30C55FFCBF82698EF71C73471.e.3516","ELEMENT":"f.13ABC5109140260BE8AA3D0770F55D6A.d.A3715DA30C55FFCBF82698EF71C73471.e.3516"}]}
RESULT: {"script":"<script> [56 bytes]","args":[{"element-6066-11e4-a52e-4f735466cecf":"f.13ABC5109140260BE8AA3D0770F55D6A.d.A3715DA30C55FFCBF82698EF71C73471.e.3516","ELEMENT":"f.13ABC5109140260BE8AA3D0770F55D6A.d.A3715DA30C55FFCBF82698EF71C73471.e.3516"}]}
COMMAND: POST /session/a2f1165008ed1ce0a29154494effc33d/element - {"using":"css selector","value":"#shell-header-logo"}
COMMAND: GET /session/a2f1165008ed1ce0a29154494effc33d/screenshot - {}
RESULT: {"using":"css selector","value":"#shell-header-logo"}
COMMAND: POST /session/a2f1165008ed1ce0a29154494effc33d/element/f.13ABC5109140260BE8AA3D0770F55D6A.d.A3715DA30C55FFCBF82698EF71C73471.e.2913/click - {}
RESULT: {}
RESULT: {}
COMMAND: GET /session/a2f1165008ed1ce0a29154494effc33d/screenshot - {}
RESULT: {}
]]></system-out>
    </testcase>
  </testsuite>
</testsuites>