<?xml version="1.0" encoding="UTF-8"?>
<testsuites tests="6" failures="6" errors="6" skipped="0">
  <testsuite timestamp="2025-05-11T15:38:04" time="341.278" tests="5" failures="5" errors="5" skipped="0">
    <properties>
      <property name="specId" value="0" />
      <property name="suiteName" value="Create masterdata for Yard Overview - trigger provide US130988" />
      <property name="capabilities" value="chrome.136_0_7103_49.windows" />
      <property name="file" value="file:///D:/a/1/s/test/specs/R2C/yard-overview-trigger.spec.js" />
    </properties>
  </testsuite>
  <testsuite timestamp="2025-05-11T15:43:45" time="144.163" tests="1" failures="1" errors="1" skipped="0">
    <properties>
      <property name="specId" value="0" />
      <property name="suiteName" value="Create masterdata for Yard Overview - trigger provide US130988" />
      <property name="capabilities" value="chrome.136_0_7103_49.windows" />
      <property name="file" value="file:///D:/a/1/s/test/specs/R2C/site-overview-return.spec.js" />
    </properties>
  </testsuite>
</testsuites>