<?xml version="1.0" encoding="UTF-8"?>
<testsuites tests="9" failures="1" errors="1" skipped="0">
  <testsuite timestamp="2025-06-14T17:57:07" time="759.687" tests="9" failures="1" errors="1" skipped="0">
    <properties>
      <property name="specId" value="0"/>
      <property name="suiteName" value="Address Management Tests US156181 US151165 US151160 US156180 US156178 US151157 US151172 US151170 US151166 US151168"/>
      <property name="capabilities" value="chrome.137_0_7151_69.windows"/>
      <property name="file" value="file:///D:/a/1/s/test/specs/BTS/address-management.spec.js"/>
    </properties>
    <testcase classname="chrome.137_0_7151_69.windows.Address_Management_Tests_US156181_US151165_US151160_US156180_US156178_US151157_US151172_US151170_US151166_US151168" name="Step 1 Will check existence of address created with generated name if none then we create US156181" time="71.855">
      <system-out><![CDATA[
COMMAND: POST /session/7afa81a77ea8a8cbfccffb848b1b0b21/execute/async - {"script":"<script> [1562 bytes]","args":[{"selector":{"controlType":"sap.m.GenericTile","properties":{"header":"Address Management"}},"wdio_ui5_key":"sapm.GenericTile{\"header\":\"Address Management\"}"}]}
RESULT: {"script":"<script> [1562 bytes]","args":[{"selector":{"controlType":"sap.m.GenericTile","properties":{"header":"Address Management"}},"wdio_ui5_key":"sapm.GenericTile{\"header\":\"Address Management\"}"}]}
RESULT: undefined
COMMAND: POST /session/7afa81a77ea8a8cbfccffb848b1b0b21/element - {"using":"xpath","value":"//*[@id=\"__tile34\"]"}
RESULT: {"using":"xpath","value":"//*[@id=\"__tile34\"]"}
COMMAND: POST /session/7afa81a77ea8a8cbfccffb848b1b0b21/element/f.2AF773046040E3FA33B5151D55212630.d.AF3EB157664EC50164BBA533A587D4EA.e.231/click - {}
RESULT: {}
COMMAND: GET /session/7afa81a77ea8a8cbfccffb848b1b0b21/screenshot - {}
RESULT: {}
COMMAND: POST /session/7afa81a77ea8a8cbfccffb848b1b0b21/elements - {"using":"xpath","value":"//span[text()='Error']"}
RESULT: {"using":"xpath","value":"//span[text()='Error']"}
COMMAND: POST /session/7afa81a77ea8a8cbfccffb848b1b0b21/element - {"using":"xpath","value":"//button[@data-kt=\"addButton\"]"}
RESULT: {"using":"xpath","value":"//button[@data-kt=\"addButton\"]"}
COMMAND: POST /session/7afa81a77ea8a8cbfccffb848b1b0b21/elements - {"using":"xpath","value":"//button[@data-kt=\"addButton\"]"}
RESULT: {"using":"xpath","value":"//button[@data-kt=\"addButton\"]"}
COMMAND: POST /session/7afa81a77ea8a8cbfccffb848b1b0b21/elements - {"using":"xpath","value":"//button[@data-kt=\"addButton\"]"}
RESULT: {"using":"xpath","value":"//button[@data-kt=\"addButton\"]"}
COMMAND: POST /session/7afa81a77ea8a8cbfccffb848b1b0b21/elements - {"using":"xpath","value":"//button[@data-kt=\"addButton\"]"}
RESULT: {"using":"xpath","value":"//button[@data-kt=\"addButton\"]"}
COMMAND: POST /session/7afa81a77ea8a8cbfccffb848b1b0b21/elements - {"using":"xpath","value":"//button[@data-kt=\"addButton\"]"}
RESULT: {"using":"xpath","value":"//button[@data-kt=\"addButton\"]"}
COMMAND: POST /session/7afa81a77ea8a8cbfccffb848b1b0b21/elements - {"using":"xpath","value":"//button[@data-kt=\"addButton\"]"}
RESULT: {"using":"xpath","value":"//button[@data-kt=\"addButton\"]"}
COMMAND: POST /session/7afa81a77ea8a8cbfccffb848b1b0b21/elements - {"using":"xpath","value":"//button[@data-kt=\"addButton\"]"}
RESULT: {"using":"xpath","value":"//button[@data-kt=\"addButton\"]"}
COMMAND: POST /session/7afa81a77ea8a8cbfccffb848b1b0b21/elements - {"using":"xpath","value":"//button[@data-kt=\"addButton\"]"}
RESULT: {"using":"xpath","value":"//button[@data-kt=\"addButton\"]"}
COMMAND: POST /session/7afa81a77ea8a8cbfccffb848b1b0b21/element - {"using":"xpath","value":"//button[@data-kt=\"addButton\"]"}
RESULT: {"using":"xpath","value":"//button[@data-kt=\"addButton\"]"}
COMMAND: POST /session/7afa81a77ea8a8cbfccffb848b1b0b21/execute/sync - {"script":"<script> [8489 bytes]","args":[{"element-6066-11e4-a52e-4f735466cecf":"f.2AF773046040E3FA33B5151D55212630.d.AF3EB157664EC50164BBA533A587D4EA.e.307","ELEMENT":"f.2AF773046040E3FA33B5151D55212630.d.AF3EB157664EC50164BBA533A587D4EA.e.307"}]}
RESULT: {"script":"<script> [8489 bytes]","args":[{"element-6066-11e4-a52e-4f735466cecf":"f.2AF773046040E3FA33B5151D55212630.d.AF3EB157664EC50164BBA533A587D4EA.e.307","ELEMENT":"f.2AF773046040E3FA33B5151D55212630.d.AF3EB157664EC50164BBA533A587D4EA.e.307"}]}
COMMAND: GET /session/7afa81a77ea8a8cbfccffb848b1b0b21/element/f.2AF773046040E3FA33B5151D55212630.d.AF3EB157664EC50164BBA533A587D4EA.e.307/enabled - {}
COMMAND: GET /session/7afa81a77ea8a8cbfccffb848b1b0b21/screenshot - {}
RESULT: {}
COMMAND: POST /session/7afa81a77ea8a8cbfccffb848b1b0b21/execute/sync - {"script":"<script> [8489 bytes]","args":[{"element-6066-11e4-a52e-4f735466cecf":"f.2AF773046040E3FA33B5151D55212630.d.AF3EB157664EC50164BBA533A587D4EA.e.307","ELEMENT":"f.2AF773046040E3FA33B5151D55212630.d.AF3EB157664EC50164BBA533A587D4EA.e.307"}]}
COMMAND: GET /session/7afa81a77ea8a8cbfccffb848b1b0b21/screenshot - {}
RESULT: {}
RESULT: {"script":"<script> [8489 bytes]","args":[{"element-6066-11e4-a52e-4f735466cecf":"f.2AF773046040E3FA33B5151D55212630.d.AF3EB157664EC50164BBA533A587D4EA.e.307","ELEMENT":"f.2AF773046040E3FA33B5151D55212630.d.AF3EB157664EC50164BBA533A587D4EA.e.307"}]}
COMMAND: POST /session/7afa81a77ea8a8cbfccffb848b1b0b21/execute/sync - {"script":"<script> [5351 bytes]","args":[{"element-6066-11e4-a52e-4f735466cecf":"f.2AF773046040E3FA33B5151D55212630.d.AF3EB157664EC50164BBA533A587D4EA.e.307","ELEMENT":"f.2AF773046040E3FA33B5151D55212630.d.AF3EB157664EC50164BBA533A587D4EA.e.307"}]}
COMMAND: GET /session/7afa81a77ea8a8cbfccffb848b1b0b21/screenshot - {}
RESULT: {}
RESULT: {"script":"<script> [5351 bytes]","args":[{"element-6066-11e4-a52e-4f735466cecf":"f.2AF773046040E3FA33B5151D55212630.d.AF3EB157664EC50164BBA533A587D4EA.e.307","ELEMENT":"f.2AF773046040E3FA33B5151D55212630.d.AF3EB157664EC50164BBA533A587D4EA.e.307"}]}
COMMAND: GET /session/7afa81a77ea8a8cbfccffb848b1b0b21/screenshot - {}
RESULT: {}
RESULT: {}
COMMAND: POST /session/7afa81a77ea8a8cbfccffb848b1b0b21/execute/async - {"script":"<script> [1562 bytes]","args":[{"selector":{"id":"application-addressmanagement-display-component---masterAdm--smartFilterBar-btnBasicSearch","interaction":{"idSuffix":"I"}},"wdio_ui5_key":"applicationaddressmanagement-display-component---masterAdm--smartFilterBar-btnBasicSearch"}]}
RESULT: {"script":"<script> [1562 bytes]","args":[{"selector":{"id":"application-addressmanagement-display-component---masterAdm--smartFilterBar-btnBasicSearch","interaction":{"idSuffix":"I"}},"wdio_ui5_key":"applicationaddressmanagement-display-component---masterAdm--smartFilterBar-btnBasicSearch"}]}
RESULT: undefined
COMMAND: POST /session/7afa81a77ea8a8cbfccffb848b1b0b21/execute/async - {"script":"<script> [776 bytes]","args":[{"enterText":"DzGWjeU1TN","selector":{"id":"application-addressmanagement-display-component---masterAdm--smartFilterBar-btnBasicSearch","interaction":{"idSuffix":"I"}},"clearTextFirst":true,"interactionType":"ENTER_TEXT"}]}
RESULT: {"script":"<script> [776 bytes]","args":[{"enterText":"DzGWjeU1TN","selector":{"id":"application-addressmanagement-display-component---masterAdm--smartFilterBar-btnBasicSearch","interaction":{"idSuffix":"I"}},"clearTextFirst":true,"interactionType":"ENTER_TEXT"}]}
COMMAND: POST /session/7afa81a77ea8a8cbfccffb848b1b0b21/actions - {"actions":[{"id":"action1","type":"key","parameters":{},"actions":[{"type":"keyDown","value":""},{"type":"pause","duration":10},{"type":"keyUp","value":""}]}]}
RESULT: {"actions":[{"id":"action1","type":"key","parameters":{},"actions":[{"type":"keyDown","value":""},{"type":"pause","duration":10},{"type":"keyUp","value":""}]}]}
COMMAND: GET /session/7afa81a77ea8a8cbfccffb848b1b0b21/screenshot - {}
RESULT: {}
COMMAND: POST /session/7afa81a77ea8a8cbfccffb848b1b0b21/elements - {"using":"xpath","value":"//table[contains(@id, \"customPersonsAddressesTable-listUl\")]/tbody/tr"}
RESULT: {"using":"xpath","value":"//table[contains(@id, \"customPersonsAddressesTable-listUl\")]/tbody/tr"}
COMMAND: POST /session/7afa81a77ea8a8cbfccffb848b1b0b21/element - {"using":"xpath","value":"//table[contains(@id, \"customPersonsAddressesTable-listUl\")]/tbody/tr[1]/td[5]/span/span"}
RESULT: {"using":"xpath","value":"//table[contains(@id, \"customPersonsAddressesTable-listUl\")]/tbody/tr[1]/td[5]/span/span"}
COMMAND: POST /session/7afa81a77ea8a8cbfccffb848b1b0b21/element - {"using":"xpath","value":"//table[contains(@id, \"customPersonsAddressesTable-listUl\")]/tbody/tr[1]/td[3]/span"}
RESULT: {"using":"xpath","value":"//table[contains(@id, \"customPersonsAddressesTable-listUl\")]/tbody/tr[1]/td[3]/span"}
COMMAND: POST /session/7afa81a77ea8a8cbfccffb848b1b0b21/elements - {"using":"xpath","value":"//table[contains(@id, \"customPersonsAddressesTable-listUl\")]/tbody/tr[1]/td[5]/span/span"}
RESULT: {"using":"xpath","value":"//table[contains(@id, \"customPersonsAddressesTable-listUl\")]/tbody/tr[1]/td[5]/span/span"}
COMMAND: POST /session/7afa81a77ea8a8cbfccffb848b1b0b21/element - {"using":"xpath","value":"//span[@id=\"application-addressmanagement-display-component---masterAdm--smartTable-header-inner\"]"}
RESULT: {"using":"xpath","value":"//span[@id=\"application-addressmanagement-display-component---masterAdm--smartTable-header-inner\"]"}
COMMAND: POST /session/7afa81a77ea8a8cbfccffb848b1b0b21/elements - {"using":"xpath","value":"//span[@id=\"application-addressmanagement-display-component---masterAdm--smartTable-header-inner\"]"}
RESULT: {"using":"xpath","value":"//span[@id=\"application-addressmanagement-display-component---masterAdm--smartTable-header-inner\"]"}
COMMAND: POST /session/7afa81a77ea8a8cbfccffb848b1b0b21/execute/sync - {"script":"<script> [56 bytes]","args":[{"element-6066-11e4-a52e-4f735466cecf":"f.2AF773046040E3FA33B5151D55212630.d.AF3EB157664EC50164BBA533A587D4EA.e.448","ELEMENT":"f.2AF773046040E3FA33B5151D55212630.d.AF3EB157664EC50164BBA533A587D4EA.e.448"}]}
RESULT: {"script":"<script> [56 bytes]","args":[{"element-6066-11e4-a52e-4f735466cecf":"f.2AF773046040E3FA33B5151D55212630.d.AF3EB157664EC50164BBA533A587D4EA.e.448","ELEMENT":"f.2AF773046040E3FA33B5151D55212630.d.AF3EB157664EC50164BBA533A587D4EA.e.448"}]}
COMMAND: POST /session/7afa81a77ea8a8cbfccffb848b1b0b21/element - {"using":"xpath","value":"//button[@data-kt=\"addButton\"]"}
COMMAND: GET /session/7afa81a77ea8a8cbfccffb848b1b0b21/screenshot - {}
RESULT: {"using":"xpath","value":"//button[@data-kt=\"addButton\"]"}
COMMAND: POST /session/7afa81a77ea8a8cbfccffb848b1b0b21/element/f.2AF773046040E3FA33B5151D55212630.d.AF3EB157664EC50164BBA533A587D4EA.e.307/click - {}
RESULT: {}
RESULT: {}
COMMAND: GET /session/7afa81a77ea8a8cbfccffb848b1b0b21/screenshot - {}
RESULT: {}
COMMAND: POST /session/7afa81a77ea8a8cbfccffb848b1b0b21/execute/async - {"script":"<script> [1562 bytes]","args":[{"selector":{"controlType":"sap.ui.core.Icon","viewName":"etm.portal.ui.addressmanagement.view.NewAddress","properties":{"src":{"regex":{"source":"slim\\-arrow\\-down"}}},"ancestor":{"id":"addressTitle","viewName":"etm.portal.ui.addressmanagement.view.NewAddress"}},"wdio_ui5_key":"etmportal.ui.addressmanagement.view.NewAddresssap.ui.core.Icon{\"src\":{\"regex\":{\"source\":\"slim\\\\-arrow\\\\-down\"}}}{\"id\":\"addressTitle\",\"viewName\":\"etm.portal.ui.addressmanagement.view.NewAddress\"}"}]}
RESULT: {"script":"<script> [1562 bytes]","args":[{"selector":{"controlType":"sap.ui.core.Icon","viewName":"etm.portal.ui.addressmanagement.view.NewAddress","properties":{"src":{"regex":{"source":"slim\\-arrow\\-down"}}},"ancestor":{"id":"addressTitle","viewName":"etm.portal.ui.addressmanagement.view.NewAddress"}},"wdio_ui5_key":"etmportal.ui.addressmanagement.view.NewAddresssap.ui.core.Icon{\"src\":{\"regex\":{\"source\":\"slim\\\\-arrow\\\\-down\"}}}{\"id\":\"addressTitle\",\"viewName\":\"etm.portal.ui.addressmanagement.view.NewAddress\"}"}]}
RESULT: undefined
COMMAND: POST /session/7afa81a77ea8a8cbfccffb848b1b0b21/element - {"using":"xpath","value":"//*[@id=\"__xmlview59--addressTitle-arrow\"]"}
RESULT: {"using":"xpath","value":"//*[@id=\"__xmlview59--addressTitle-arrow\"]"}
COMMAND: POST /session/7afa81a77ea8a8cbfccffb848b1b0b21/element/f.2AF773046040E3FA33B5151D55212630.d.AF3EB157664EC50164BBA533A587D4EA.e.480/click - {}
RESULT: {}
COMMAND: GET /session/7afa81a77ea8a8cbfccffb848b1b0b21/screenshot - {}
RESULT: {}
COMMAND: POST /session/7afa81a77ea8a8cbfccffb848b1b0b21/element - {"using":"xpath","value":"//li[.//span[text()=\"Dr.\"]]"}
RESULT: {"using":"xpath","value":"//li[.//span[text()=\"Dr.\"]]"}
COMMAND: POST /session/7afa81a77ea8a8cbfccffb848b1b0b21/element/f.2AF773046040E3FA33B5151D55212630.d.AF3EB157664EC50164BBA533A587D4EA.e.600/click - {}
RESULT: {}
COMMAND: POST /session/7afa81a77ea8a8cbfccffb848b1b0b21/execute/async - {"script":"<script> [1562 bytes]","args":[{"selector":{"controlType":"sap.ui.core.Icon","viewName":"etm.portal.ui.addressmanagement.view.NewAddress","properties":{"src":{"regex":{"source":"slim\\-arrow\\-down"}}},"ancestor":{"id":"addressDetailDetailsLanguage","viewName":"etm.portal.ui.addressmanagement.view.NewAddress"}},"wdio_ui5_key":"etmportal.ui.addressmanagement.view.NewAddresssap.ui.core.Icon{\"src\":{\"regex\":{\"source\":\"slim\\\\-arrow\\\\-down\"}}}{\"id\":\"addressDetailDetailsLanguage\",\"viewName\":\"etm.portal.ui.addressmanagement.view.NewAddress\"}"}]}
COMMAND: GET /session/7afa81a77ea8a8cbfccffb848b1b0b21/screenshot - {}
RESULT: {"script":"<script> [1562 bytes]","args":[{"selector":{"controlType":"sap.ui.core.Icon","viewName":"etm.portal.ui.addressmanagement.view.NewAddress","properties":{"src":{"regex":{"source":"slim\\-arrow\\-down"}}},"ancestor":{"id":"addressDetailDetailsLanguage","viewName":"etm.portal.ui.addressmanagement.view.NewAddress"}},"wdio_ui5_key":"etmportal.ui.addressmanagement.view.NewAddresssap.ui.core.Icon{\"src\":{\"regex\":{\"source\":\"slim\\\\-arrow\\\\-down\"}}}{\"id\":\"addressDetailDetailsLanguage\",\"viewName\":\"etm.portal.ui.addressmanagement.view.NewAddress\"}"}]}
RESULT: undefined
COMMAND: POST /session/7afa81a77ea8a8cbfccffb848b1b0b21/element - {"using":"xpath","value":"//*[@id=\"__xmlview59--addressDetailDetailsLanguage-arrow\"]"}
RESULT: {}
RESULT: {"using":"xpath","value":"//*[@id=\"__xmlview59--addressDetailDetailsLanguage-arrow\"]"}
COMMAND: POST /session/7afa81a77ea8a8cbfccffb848b1b0b21/element/f.2AF773046040E3FA33B5151D55212630.d.AF3EB157664EC50164BBA533A587D4EA.e.493/click - {}
RESULT: {}
COMMAND: GET /session/7afa81a77ea8a8cbfccffb848b1b0b21/screenshot - {}
RESULT: {}
COMMAND: POST /session/7afa81a77ea8a8cbfccffb848b1b0b21/element - {"using":"xpath","value":"//span[contains(text(), \"English\")]"}
RESULT: {"using":"xpath","value":"//span[contains(text(), \"English\")]"}
COMMAND: POST /session/7afa81a77ea8a8cbfccffb848b1b0b21/element/f.2AF773046040E3FA33B5151D55212630.d.AF3EB157664EC50164BBA533A587D4EA.e.601/click - {}
RESULT: {}
COMMAND: POST /session/7afa81a77ea8a8cbfccffb848b1b0b21/execute/async - {"script":"<script> [1562 bytes]","args":[{"selector":{"controlType":"sap.m.Input","viewName":"etm.portal.ui.addressmanagement.view.NewAddress","labelFor":{"text":"Name"},"interaction":{"idSuffix":"inner"}},"wdio_ui5_key":"etmportal.ui.addressmanagement.view.NewAddresssap.m.Input{\"text\":\"Name\"}"}]}
COMMAND: GET /session/7afa81a77ea8a8cbfccffb848b1b0b21/screenshot - {}
RESULT: {"script":"<script> [1562 bytes]","args":[{"selector":{"controlType":"sap.m.Input","viewName":"etm.portal.ui.addressmanagement.view.NewAddress","labelFor":{"text":"Name"},"interaction":{"idSuffix":"inner"}},"wdio_ui5_key":"etmportal.ui.addressmanagement.view.NewAddresssap.m.Input{\"text\":\"Name\"}"}]}
RESULT: undefined
COMMAND: POST /session/7afa81a77ea8a8cbfccffb848b1b0b21/execute/async - {"script":"<script> [776 bytes]","args":[{"enterText":"DzGWjeU1TN","selector":{"controlType":"sap.m.Input","viewName":"etm.portal.ui.addressmanagement.view.NewAddress","labelFor":{"text":"Name"},"interaction":{"idSuffix":"inner"}},"clearTextFirst":true,"interactionType":"ENTER_TEXT"}]}
RESULT: {}
RESULT: {"script":"<script> [776 bytes]","args":[{"enterText":"DzGWjeU1TN","selector":{"controlType":"sap.m.Input","viewName":"etm.portal.ui.addressmanagement.view.NewAddress","labelFor":{"text":"Name"},"interaction":{"idSuffix":"inner"}},"clearTextFirst":true,"interactionType":"ENTER_TEXT"}]}
COMMAND: POST /session/7afa81a77ea8a8cbfccffb848b1b0b21/element - {"using":"xpath","value":"//button[@title=\"Save\"]"}
RESULT: {"using":"xpath","value":"//button[@title=\"Save\"]"}
COMMAND: POST /session/7afa81a77ea8a8cbfccffb848b1b0b21/element/f.2AF773046040E3FA33B5151D55212630.d.AF3EB157664EC50164BBA533A587D4EA.e.580/click - {}
RESULT: {}
COMMAND: GET /session/7afa81a77ea8a8cbfccffb848b1b0b21/screenshot - {}
RESULT: {}
COMMAND: POST /session/7afa81a77ea8a8cbfccffb848b1b0b21/element - {"using":"xpath","value":"//header[contains(@id, \"application-addressmanagement-display-component---detailAdm--ObjectPageLayout-headerTitle\")]/div[1]/div[3]/div[2]/span"}
RESULT: {"using":"xpath","value":"//header[contains(@id, \"application-addressmanagement-display-component---detailAdm--ObjectPageLayout-headerTitle\")]/div[1]/div[3]/div[2]/span"}
COMMAND: POST /session/7afa81a77ea8a8cbfccffb848b1b0b21/elements - {"using":"xpath","value":"//header[contains(@id, \"application-addressmanagement-display-component---detailAdm--ObjectPageLayout-headerTitle\")]/div[1]/div[3]/div[2]/span"}
RESULT: {"using":"xpath","value":"//header[contains(@id, \"application-addressmanagement-display-component---detailAdm--ObjectPageLayout-headerTitle\")]/div[1]/div[3]/div[2]/span"}
COMMAND: POST /session/7afa81a77ea8a8cbfccffb848b1b0b21/execute/sync - {"script":"<script> [56 bytes]","args":[{"element-6066-11e4-a52e-4f735466cecf":"f.2AF773046040E3FA33B5151D55212630.d.AF3EB157664EC50164BBA533A587D4EA.e.623","ELEMENT":"f.2AF773046040E3FA33B5151D55212630.d.AF3EB157664EC50164BBA533A587D4EA.e.623"}]}
RESULT: {"script":"<script> [56 bytes]","args":[{"element-6066-11e4-a52e-4f735466cecf":"f.2AF773046040E3FA33B5151D55212630.d.AF3EB157664EC50164BBA533A587D4EA.e.623","ELEMENT":"f.2AF773046040E3FA33B5151D55212630.d.AF3EB157664EC50164BBA533A587D4EA.e.623"}]}
COMMAND: GET /session/7afa81a77ea8a8cbfccffb848b1b0b21/screenshot - {}
RESULT: {}
COMMAND: POST /session/7afa81a77ea8a8cbfccffb848b1b0b21/element - {"using":"css selector","value":"#shell-header-logo"}
RESULT: {"using":"css selector","value":"#shell-header-logo"}
COMMAND: POST /session/7afa81a77ea8a8cbfccffb848b1b0b21/element/f.2AF773046040E3FA33B5151D55212630.d.AF3EB157664EC50164BBA533A587D4EA.e.271/click - {}
RESULT: {}
COMMAND: GET /session/7afa81a77ea8a8cbfccffb848b1b0b21/screenshot - {}
RESULT: {}
]]></system-out>
    </testcase>
    <testcase classname="chrome.137_0_7151_69.windows.Address_Management_Tests_US156181_US151165_US151160_US156180_US156178_US151157_US151172_US151170_US151166_US151168" name="Step 2 Should deactivate the created address in earlier step US151165" time="43.353">
      <system-out><![CDATA[
RESULT: undefined
COMMAND: POST /session/7afa81a77ea8a8cbfccffb848b1b0b21/element - {"using":"xpath","value":"//*[@id=\"__tile34\"]"}
RESULT: {"using":"xpath","value":"//*[@id=\"__tile34\"]"}
COMMAND: POST /session/7afa81a77ea8a8cbfccffb848b1b0b21/element/f.2AF773046040E3FA33B5151D55212630.d.AF3EB157664EC50164BBA533A587D4EA.e.231/click - {}
RESULT: {}
COMMAND: GET /session/7afa81a77ea8a8cbfccffb848b1b0b21/screenshot - {}
COMMAND: POST /session/7afa81a77ea8a8cbfccffb848b1b0b21/elements - {"using":"xpath","value":"//span[text()='Error']"}
RESULT: {}
RESULT: {"using":"xpath","value":"//span[text()='Error']"}
COMMAND: POST /session/7afa81a77ea8a8cbfccffb848b1b0b21/element - {"using":"xpath","value":"//button[@data-kt=\"addButton\"]"}
RESULT: {"using":"xpath","value":"//button[@data-kt=\"addButton\"]"}
COMMAND: POST /session/7afa81a77ea8a8cbfccffb848b1b0b21/elements - {"using":"xpath","value":"//button[@data-kt=\"addButton\"]"}
RESULT: {"using":"xpath","value":"//button[@data-kt=\"addButton\"]"}
COMMAND: POST /session/7afa81a77ea8a8cbfccffb848b1b0b21/execute/sync - {"script":"<script> [8489 bytes]","args":[{"element-6066-11e4-a52e-4f735466cecf":"f.2AF773046040E3FA33B5151D55212630.d.AF3EB157664EC50164BBA533A587D4EA.e.682","ELEMENT":"f.2AF773046040E3FA33B5151D55212630.d.AF3EB157664EC50164BBA533A587D4EA.e.682"}]}
RESULT: {"script":"<script> [8489 bytes]","args":[{"element-6066-11e4-a52e-4f735466cecf":"f.2AF773046040E3FA33B5151D55212630.d.AF3EB157664EC50164BBA533A587D4EA.e.682","ELEMENT":"f.2AF773046040E3FA33B5151D55212630.d.AF3EB157664EC50164BBA533A587D4EA.e.682"}]}
COMMAND: GET /session/7afa81a77ea8a8cbfccffb848b1b0b21/element/f.2AF773046040E3FA33B5151D55212630.d.AF3EB157664EC50164BBA533A587D4EA.e.682/enabled - {}
COMMAND: GET /session/7afa81a77ea8a8cbfccffb848b1b0b21/screenshot - {}
RESULT: {}
RESULT: {}
COMMAND: POST /session/7afa81a77ea8a8cbfccffb848b1b0b21/execute/sync - {"script":"<script> [8489 bytes]","args":[{"element-6066-11e4-a52e-4f735466cecf":"f.2AF773046040E3FA33B5151D55212630.d.AF3EB157664EC50164BBA533A587D4EA.e.682","ELEMENT":"f.2AF773046040E3FA33B5151D55212630.d.AF3EB157664EC50164BBA533A587D4EA.e.682"}]}
COMMAND: GET /session/7afa81a77ea8a8cbfccffb848b1b0b21/screenshot - {}
RESULT: {"script":"<script> [8489 bytes]","args":[{"element-6066-11e4-a52e-4f735466cecf":"f.2AF773046040E3FA33B5151D55212630.d.AF3EB157664EC50164BBA533A587D4EA.e.682","ELEMENT":"f.2AF773046040E3FA33B5151D55212630.d.AF3EB157664EC50164BBA533A587D4EA.e.682"}]}
COMMAND: POST /session/7afa81a77ea8a8cbfccffb848b1b0b21/execute/sync - {"script":"<script> [5351 bytes]","args":[{"element-6066-11e4-a52e-4f735466cecf":"f.2AF773046040E3FA33B5151D55212630.d.AF3EB157664EC50164BBA533A587D4EA.e.682","ELEMENT":"f.2AF773046040E3FA33B5151D55212630.d.AF3EB157664EC50164BBA533A587D4EA.e.682"}]}
COMMAND: GET /session/7afa81a77ea8a8cbfccffb848b1b0b21/screenshot - {}
RESULT: {}
RESULT: {"script":"<script> [5351 bytes]","args":[{"element-6066-11e4-a52e-4f735466cecf":"f.2AF773046040E3FA33B5151D55212630.d.AF3EB157664EC50164BBA533A587D4EA.e.682","ELEMENT":"f.2AF773046040E3FA33B5151D55212630.d.AF3EB157664EC50164BBA533A587D4EA.e.682"}]}
COMMAND: GET /session/7afa81a77ea8a8cbfccffb848b1b0b21/screenshot - {}
RESULT: {}
RESULT: {}
RESULT: undefined
COMMAND: POST /session/7afa81a77ea8a8cbfccffb848b1b0b21/execute/async - {"script":"<script> [776 bytes]","args":[{"enterText":"DzGWjeU1TN","selector":{"id":"application-addressmanagement-display-component---masterAdm--smartFilterBar-btnBasicSearch","interaction":{"idSuffix":"I"}},"clearTextFirst":true,"interactionType":"ENTER_TEXT"}]}
RESULT: {"script":"<script> [776 bytes]","args":[{"enterText":"DzGWjeU1TN","selector":{"id":"application-addressmanagement-display-component---masterAdm--smartFilterBar-btnBasicSearch","interaction":{"idSuffix":"I"}},"clearTextFirst":true,"interactionType":"ENTER_TEXT"}]}
COMMAND: POST /session/7afa81a77ea8a8cbfccffb848b1b0b21/actions - {"actions":[{"id":"action2","type":"key","parameters":{},"actions":[{"type":"keyDown","value":""},{"type":"pause","duration":10},{"type":"keyUp","value":""}]}]}
RESULT: {"actions":[{"id":"action2","type":"key","parameters":{},"actions":[{"type":"keyDown","value":""},{"type":"pause","duration":10},{"type":"keyUp","value":""}]}]}
COMMAND: GET /session/7afa81a77ea8a8cbfccffb848b1b0b21/screenshot - {}
RESULT: {}
COMMAND: POST /session/7afa81a77ea8a8cbfccffb848b1b0b21/elements - {"using":"xpath","value":"//table[contains(@id, \"customPersonsAddressesTable-listUl\")]/tbody/tr"}
RESULT: {"using":"xpath","value":"//table[contains(@id, \"customPersonsAddressesTable-listUl\")]/tbody/tr"}
COMMAND: POST /session/7afa81a77ea8a8cbfccffb848b1b0b21/element - {"using":"xpath","value":"//table[contains(@id, \"customPersonsAddressesTable-listUl\")]/tbody/tr[1]/td[5]/span/span"}
RESULT: {"using":"xpath","value":"//table[contains(@id, \"customPersonsAddressesTable-listUl\")]/tbody/tr[1]/td[5]/span/span"}
COMMAND: POST /session/7afa81a77ea8a8cbfccffb848b1b0b21/element - {"using":"xpath","value":"//table[contains(@id, \"customPersonsAddressesTable-listUl\")]/tbody/tr[1]/td[3]/span"}
RESULT: {"using":"xpath","value":"//table[contains(@id, \"customPersonsAddressesTable-listUl\")]/tbody/tr[1]/td[3]/span"}
COMMAND: POST /session/7afa81a77ea8a8cbfccffb848b1b0b21/elements - {"using":"xpath","value":"//table[contains(@id, \"customPersonsAddressesTable-listUl\")]/tbody/tr[1]/td[5]/span/span"}
RESULT: {"using":"xpath","value":"//table[contains(@id, \"customPersonsAddressesTable-listUl\")]/tbody/tr[1]/td[5]/span/span"}
COMMAND: POST /session/7afa81a77ea8a8cbfccffb848b1b0b21/execute/sync - {"script":"<script> [56 bytes]","args":[{"element-6066-11e4-a52e-4f735466cecf":"f.2AF773046040E3FA33B5151D55212630.d.AF3EB157664EC50164BBA533A587D4EA.e.824","ELEMENT":"f.2AF773046040E3FA33B5151D55212630.d.AF3EB157664EC50164BBA533A587D4EA.e.824"}]}
RESULT: {"script":"<script> [56 bytes]","args":[{"element-6066-11e4-a52e-4f735466cecf":"f.2AF773046040E3FA33B5151D55212630.d.AF3EB157664EC50164BBA533A587D4EA.e.824","ELEMENT":"f.2AF773046040E3FA33B5151D55212630.d.AF3EB157664EC50164BBA533A587D4EA.e.824"}]}
COMMAND: POST /session/7afa81a77ea8a8cbfccffb848b1b0b21/execute/sync - {"script":"<script> [56 bytes]","args":[{"element-6066-11e4-a52e-4f735466cecf":"f.2AF773046040E3FA33B5151D55212630.d.AF3EB157664EC50164BBA533A587D4EA.e.825","ELEMENT":"f.2AF773046040E3FA33B5151D55212630.d.AF3EB157664EC50164BBA533A587D4EA.e.825"}]}
COMMAND: GET /session/7afa81a77ea8a8cbfccffb848b1b0b21/screenshot - {}
RESULT: {"script":"<script> [56 bytes]","args":[{"element-6066-11e4-a52e-4f735466cecf":"f.2AF773046040E3FA33B5151D55212630.d.AF3EB157664EC50164BBA533A587D4EA.e.825","ELEMENT":"f.2AF773046040E3FA33B5151D55212630.d.AF3EB157664EC50164BBA533A587D4EA.e.825"}]}
COMMAND: POST /session/7afa81a77ea8a8cbfccffb848b1b0b21/element - {"using":"xpath","value":"//table[contains(@id, \"customPersonsAddressesTable-listUl\")]/tbody/tr[1]/td[10]/div/span"}
COMMAND: GET /session/7afa81a77ea8a8cbfccffb848b1b0b21/screenshot - {}
RESULT: {}
RESULT: {"using":"xpath","value":"//table[contains(@id, \"customPersonsAddressesTable-listUl\")]/tbody/tr[1]/td[10]/div/span"}
COMMAND: POST /session/7afa81a77ea8a8cbfccffb848b1b0b21/execute/sync - {"script":"<script> [56 bytes]","args":[{"element-6066-11e4-a52e-4f735466cecf":"f.2AF773046040E3FA33B5151D55212630.d.AF3EB157664EC50164BBA533A587D4EA.e.826","ELEMENT":"f.2AF773046040E3FA33B5151D55212630.d.AF3EB157664EC50164BBA533A587D4EA.e.826"}]}
RESULT: {}
RESULT: {"script":"<script> [56 bytes]","args":[{"element-6066-11e4-a52e-4f735466cecf":"f.2AF773046040E3FA33B5151D55212630.d.AF3EB157664EC50164BBA533A587D4EA.e.826","ELEMENT":"f.2AF773046040E3FA33B5151D55212630.d.AF3EB157664EC50164BBA533A587D4EA.e.826"}]}
COMMAND: POST /session/7afa81a77ea8a8cbfccffb848b1b0b21/element - {"using":"xpath","value":"//table[contains(@id, \"customPersonsAddressesTable-listUl\")]/tbody/tr[1]/td[2]/div/div"}
COMMAND: GET /session/7afa81a77ea8a8cbfccffb848b1b0b21/screenshot - {}
RESULT: {"using":"xpath","value":"//table[contains(@id, \"customPersonsAddressesTable-listUl\")]/tbody/tr[1]/td[2]/div/div"}
COMMAND: POST /session/7afa81a77ea8a8cbfccffb848b1b0b21/element/f.2AF773046040E3FA33B5151D55212630.d.AF3EB157664EC50164BBA533A587D4EA.e.827/click - {}
RESULT: {}
RESULT: {}
COMMAND: GET /session/7afa81a77ea8a8cbfccffb848b1b0b21/screenshot - {}
RESULT: {}
COMMAND: POST /session/7afa81a77ea8a8cbfccffb848b1b0b21/element - {"using":"xpath","value":"//bdi[contains(text(), \"Deactivate\")]"}
RESULT: {"using":"xpath","value":"//bdi[contains(text(), \"Deactivate\")]"}
COMMAND: POST /session/7afa81a77ea8a8cbfccffb848b1b0b21/element/f.2AF773046040E3FA33B5151D55212630.d.AF3EB157664EC50164BBA533A587D4EA.e.828/click - {}
RESULT: {}
COMMAND: GET /session/7afa81a77ea8a8cbfccffb848b1b0b21/screenshot - {}
RESULT: {}
COMMAND: POST /session/7afa81a77ea8a8cbfccffb848b1b0b21/element - {"using":"xpath","value":"//bdi[contains(text(), \"Yes\")]"}
RESULT: {"using":"xpath","value":"//bdi[contains(text(), \"Yes\")]"}
COMMAND: POST /session/7afa81a77ea8a8cbfccffb848b1b0b21/element/f.2AF773046040E3FA33B5151D55212630.d.AF3EB157664EC50164BBA533A587D4EA.e.830/click - {}
RESULT: {}
COMMAND: GET /session/7afa81a77ea8a8cbfccffb848b1b0b21/screenshot - {}
RESULT: {}
COMMAND: POST /session/7afa81a77ea8a8cbfccffb848b1b0b21/element - {"using":"xpath","value":"//table[contains(@id, \"customPersonsAddressesTable-listUl\")]/tbody/tr[1]/td[10]/div/span"}
RESULT: {"using":"xpath","value":"//table[contains(@id, \"customPersonsAddressesTable-listUl\")]/tbody/tr[1]/td[10]/div/span"}
COMMAND: POST /session/7afa81a77ea8a8cbfccffb848b1b0b21/execute/sync - {"script":"<script> [56 bytes]","args":[{"element-6066-11e4-a52e-4f735466cecf":"f.2AF773046040E3FA33B5151D55212630.d.AF3EB157664EC50164BBA533A587D4EA.e.826","ELEMENT":"f.2AF773046040E3FA33B5151D55212630.d.AF3EB157664EC50164BBA533A587D4EA.e.826"}]}
RESULT: {"script":"<script> [56 bytes]","args":[{"element-6066-11e4-a52e-4f735466cecf":"f.2AF773046040E3FA33B5151D55212630.d.AF3EB157664EC50164BBA533A587D4EA.e.826","ELEMENT":"f.2AF773046040E3FA33B5151D55212630.d.AF3EB157664EC50164BBA533A587D4EA.e.826"}]}
COMMAND: GET /session/7afa81a77ea8a8cbfccffb848b1b0b21/screenshot - {}
RESULT: {}
COMMAND: POST /session/7afa81a77ea8a8cbfccffb848b1b0b21/element - {"using":"css selector","value":"#shell-header-logo"}
RESULT: {"using":"css selector","value":"#shell-header-logo"}
COMMAND: POST /session/7afa81a77ea8a8cbfccffb848b1b0b21/element/f.2AF773046040E3FA33B5151D55212630.d.AF3EB157664EC50164BBA533A587D4EA.e.628/click - {}
RESULT: {}
COMMAND: GET /session/7afa81a77ea8a8cbfccffb848b1b0b21/screenshot - {}
RESULT: {}
]]></system-out>
    </testcase>
    <testcase classname="chrome.137_0_7151_69.windows.Address_Management_Tests_US156181_US151165_US151160_US156180_US156178_US151157_US151172_US151170_US151166_US151168" name="Step 3 Should activate the created address back again US151160" time="44.906">
      <system-out><![CDATA[
RESULT: undefined
COMMAND: POST /session/7afa81a77ea8a8cbfccffb848b1b0b21/element - {"using":"xpath","value":"//*[@id=\"__tile34\"]"}
RESULT: {"using":"xpath","value":"//*[@id=\"__tile34\"]"}
COMMAND: POST /session/7afa81a77ea8a8cbfccffb848b1b0b21/element/f.2AF773046040E3FA33B5151D55212630.d.AF3EB157664EC50164BBA533A587D4EA.e.231/click - {}
RESULT: {}
COMMAND: GET /session/7afa81a77ea8a8cbfccffb848b1b0b21/screenshot - {}
RESULT: {}
COMMAND: POST /session/7afa81a77ea8a8cbfccffb848b1b0b21/elements - {"using":"xpath","value":"//span[text()='Error']"}
RESULT: {"using":"xpath","value":"//span[text()='Error']"}
COMMAND: POST /session/7afa81a77ea8a8cbfccffb848b1b0b21/element - {"using":"xpath","value":"//button[@data-kt=\"addButton\"]"}
RESULT: {"using":"xpath","value":"//button[@data-kt=\"addButton\"]"}
COMMAND: POST /session/7afa81a77ea8a8cbfccffb848b1b0b21/elements - {"using":"xpath","value":"//button[@data-kt=\"addButton\"]"}
RESULT: {"using":"xpath","value":"//button[@data-kt=\"addButton\"]"}
COMMAND: POST /session/7afa81a77ea8a8cbfccffb848b1b0b21/execute/sync - {"script":"<script> [8489 bytes]","args":[{"element-6066-11e4-a52e-4f735466cecf":"f.2AF773046040E3FA33B5151D55212630.d.AF3EB157664EC50164BBA533A587D4EA.e.881","ELEMENT":"f.2AF773046040E3FA33B5151D55212630.d.AF3EB157664EC50164BBA533A587D4EA.e.881"}]}
RESULT: {"script":"<script> [8489 bytes]","args":[{"element-6066-11e4-a52e-4f735466cecf":"f.2AF773046040E3FA33B5151D55212630.d.AF3EB157664EC50164BBA533A587D4EA.e.881","ELEMENT":"f.2AF773046040E3FA33B5151D55212630.d.AF3EB157664EC50164BBA533A587D4EA.e.881"}]}
COMMAND: GET /session/7afa81a77ea8a8cbfccffb848b1b0b21/element/f.2AF773046040E3FA33B5151D55212630.d.AF3EB157664EC50164BBA533A587D4EA.e.881/enabled - {}
COMMAND: GET /session/7afa81a77ea8a8cbfccffb848b1b0b21/screenshot - {}
RESULT: {}
COMMAND: POST /session/7afa81a77ea8a8cbfccffb848b1b0b21/execute/sync - {"script":"<script> [8489 bytes]","args":[{"element-6066-11e4-a52e-4f735466cecf":"f.2AF773046040E3FA33B5151D55212630.d.AF3EB157664EC50164BBA533A587D4EA.e.881","ELEMENT":"f.2AF773046040E3FA33B5151D55212630.d.AF3EB157664EC50164BBA533A587D4EA.e.881"}]}
COMMAND: GET /session/7afa81a77ea8a8cbfccffb848b1b0b21/screenshot - {}
RESULT: {}
RESULT: {"script":"<script> [8489 bytes]","args":[{"element-6066-11e4-a52e-4f735466cecf":"f.2AF773046040E3FA33B5151D55212630.d.AF3EB157664EC50164BBA533A587D4EA.e.881","ELEMENT":"f.2AF773046040E3FA33B5151D55212630.d.AF3EB157664EC50164BBA533A587D4EA.e.881"}]}
COMMAND: POST /session/7afa81a77ea8a8cbfccffb848b1b0b21/execute/sync - {"script":"<script> [5351 bytes]","args":[{"element-6066-11e4-a52e-4f735466cecf":"f.2AF773046040E3FA33B5151D55212630.d.AF3EB157664EC50164BBA533A587D4EA.e.881","ELEMENT":"f.2AF773046040E3FA33B5151D55212630.d.AF3EB157664EC50164BBA533A587D4EA.e.881"}]}
COMMAND: GET /session/7afa81a77ea8a8cbfccffb848b1b0b21/screenshot - {}
RESULT: {}
RESULT: {"script":"<script> [5351 bytes]","args":[{"element-6066-11e4-a52e-4f735466cecf":"f.2AF773046040E3FA33B5151D55212630.d.AF3EB157664EC50164BBA533A587D4EA.e.881","ELEMENT":"f.2AF773046040E3FA33B5151D55212630.d.AF3EB157664EC50164BBA533A587D4EA.e.881"}]}
COMMAND: GET /session/7afa81a77ea8a8cbfccffb848b1b0b21/screenshot - {}
RESULT: {}
RESULT: {}
RESULT: undefined
COMMAND: POST /session/7afa81a77ea8a8cbfccffb848b1b0b21/execute/async - {"script":"<script> [776 bytes]","args":[{"enterText":"DzGWjeU1TN","selector":{"id":"application-addressmanagement-display-component---masterAdm--smartFilterBar-btnBasicSearch","interaction":{"idSuffix":"I"}},"clearTextFirst":true,"interactionType":"ENTER_TEXT"}]}
RESULT: {"script":"<script> [776 bytes]","args":[{"enterText":"DzGWjeU1TN","selector":{"id":"application-addressmanagement-display-component---masterAdm--smartFilterBar-btnBasicSearch","interaction":{"idSuffix":"I"}},"clearTextFirst":true,"interactionType":"ENTER_TEXT"}]}
COMMAND: POST /session/7afa81a77ea8a8cbfccffb848b1b0b21/actions - {"actions":[{"id":"action3","type":"key","parameters":{},"actions":[{"type":"keyDown","value":""},{"type":"pause","duration":10},{"type":"keyUp","value":""}]}]}
RESULT: {"actions":[{"id":"action3","type":"key","parameters":{},"actions":[{"type":"keyDown","value":""},{"type":"pause","duration":10},{"type":"keyUp","value":""}]}]}
COMMAND: GET /session/7afa81a77ea8a8cbfccffb848b1b0b21/screenshot - {}
RESULT: {}
COMMAND: POST /session/7afa81a77ea8a8cbfccffb848b1b0b21/elements - {"using":"xpath","value":"//table[contains(@id, \"customPersonsAddressesTable-listUl\")]/tbody/tr"}
RESULT: {"using":"xpath","value":"//table[contains(@id, \"customPersonsAddressesTable-listUl\")]/tbody/tr"}
COMMAND: POST /session/7afa81a77ea8a8cbfccffb848b1b0b21/element - {"using":"xpath","value":"//table[contains(@id, \"customPersonsAddressesTable-listUl\")]/tbody/tr[1]/td[5]/span/span"}
RESULT: {"using":"xpath","value":"//table[contains(@id, \"customPersonsAddressesTable-listUl\")]/tbody/tr[1]/td[5]/span/span"}
COMMAND: POST /session/7afa81a77ea8a8cbfccffb848b1b0b21/element - {"using":"xpath","value":"//table[contains(@id, \"customPersonsAddressesTable-listUl\")]/tbody/tr[1]/td[3]/span"}
RESULT: {"using":"xpath","value":"//table[contains(@id, \"customPersonsAddressesTable-listUl\")]/tbody/tr[1]/td[3]/span"}
COMMAND: POST /session/7afa81a77ea8a8cbfccffb848b1b0b21/elements - {"using":"xpath","value":"//table[contains(@id, \"customPersonsAddressesTable-listUl\")]/tbody/tr[1]/td[5]/span/span"}
RESULT: {"using":"xpath","value":"//table[contains(@id, \"customPersonsAddressesTable-listUl\")]/tbody/tr[1]/td[5]/span/span"}
COMMAND: POST /session/7afa81a77ea8a8cbfccffb848b1b0b21/execute/sync - {"script":"<script> [56 bytes]","args":[{"element-6066-11e4-a52e-4f735466cecf":"f.2AF773046040E3FA33B5151D55212630.d.AF3EB157664EC50164BBA533A587D4EA.e.1026","ELEMENT":"f.2AF773046040E3FA33B5151D55212630.d.AF3EB157664EC50164BBA533A587D4EA.e.1026"}]}
RESULT: {"script":"<script> [56 bytes]","args":[{"element-6066-11e4-a52e-4f735466cecf":"f.2AF773046040E3FA33B5151D55212630.d.AF3EB157664EC50164BBA533A587D4EA.e.1026","ELEMENT":"f.2AF773046040E3FA33B5151D55212630.d.AF3EB157664EC50164BBA533A587D4EA.e.1026"}]}
COMMAND: POST /session/7afa81a77ea8a8cbfccffb848b1b0b21/execute/sync - {"script":"<script> [56 bytes]","args":[{"element-6066-11e4-a52e-4f735466cecf":"f.2AF773046040E3FA33B5151D55212630.d.AF3EB157664EC50164BBA533A587D4EA.e.1027","ELEMENT":"f.2AF773046040E3FA33B5151D55212630.d.AF3EB157664EC50164BBA533A587D4EA.e.1027"}]}
COMMAND: GET /session/7afa81a77ea8a8cbfccffb848b1b0b21/screenshot - {}
RESULT: {"script":"<script> [56 bytes]","args":[{"element-6066-11e4-a52e-4f735466cecf":"f.2AF773046040E3FA33B5151D55212630.d.AF3EB157664EC50164BBA533A587D4EA.e.1027","ELEMENT":"f.2AF773046040E3FA33B5151D55212630.d.AF3EB157664EC50164BBA533A587D4EA.e.1027"}]}
COMMAND: POST /session/7afa81a77ea8a8cbfccffb848b1b0b21/element - {"using":"xpath","value":"//table[contains(@id, \"customPersonsAddressesTable-listUl\")]/tbody/tr[1]/td[10]/div/span"}
COMMAND: GET /session/7afa81a77ea8a8cbfccffb848b1b0b21/screenshot - {}
RESULT: {}
RESULT: {"using":"xpath","value":"//table[contains(@id, \"customPersonsAddressesTable-listUl\")]/tbody/tr[1]/td[10]/div/span"}
COMMAND: POST /session/7afa81a77ea8a8cbfccffb848b1b0b21/execute/sync - {"script":"<script> [56 bytes]","args":[{"element-6066-11e4-a52e-4f735466cecf":"f.2AF773046040E3FA33B5151D55212630.d.AF3EB157664EC50164BBA533A587D4EA.e.1028","ELEMENT":"f.2AF773046040E3FA33B5151D55212630.d.AF3EB157664EC50164BBA533A587D4EA.e.1028"}]}
RESULT: {}
RESULT: {"script":"<script> [56 bytes]","args":[{"element-6066-11e4-a52e-4f735466cecf":"f.2AF773046040E3FA33B5151D55212630.d.AF3EB157664EC50164BBA533A587D4EA.e.1028","ELEMENT":"f.2AF773046040E3FA33B5151D55212630.d.AF3EB157664EC50164BBA533A587D4EA.e.1028"}]}
COMMAND: POST /session/7afa81a77ea8a8cbfccffb848b1b0b21/element - {"using":"xpath","value":"//table[contains(@id, \"customPersonsAddressesTable-listUl\")]/tbody/tr[1]/td[2]/div/div"}
COMMAND: GET /session/7afa81a77ea8a8cbfccffb848b1b0b21/screenshot - {}
RESULT: {"using":"xpath","value":"//table[contains(@id, \"customPersonsAddressesTable-listUl\")]/tbody/tr[1]/td[2]/div/div"}
COMMAND: POST /session/7afa81a77ea8a8cbfccffb848b1b0b21/element/f.2AF773046040E3FA33B5151D55212630.d.AF3EB157664EC50164BBA533A587D4EA.e.1029/click - {}
RESULT: {}
RESULT: {}
COMMAND: GET /session/7afa81a77ea8a8cbfccffb848b1b0b21/screenshot - {}
RESULT: {}
COMMAND: POST /session/7afa81a77ea8a8cbfccffb848b1b0b21/element - {"using":"xpath","value":"//bdi[contains(text(), \"Activate\")]"}
RESULT: {"using":"xpath","value":"//bdi[contains(text(), \"Activate\")]"}
COMMAND: POST /session/7afa81a77ea8a8cbfccffb848b1b0b21/element/f.2AF773046040E3FA33B5151D55212630.d.AF3EB157664EC50164BBA533A587D4EA.e.1030/click - {}
RESULT: {}
COMMAND: GET /session/7afa81a77ea8a8cbfccffb848b1b0b21/screenshot - {}
RESULT: {}
COMMAND: POST /session/7afa81a77ea8a8cbfccffb848b1b0b21/element - {"using":"xpath","value":"//bdi[contains(text(), \"Yes\")]"}
RESULT: {"using":"xpath","value":"//bdi[contains(text(), \"Yes\")]"}
COMMAND: POST /session/7afa81a77ea8a8cbfccffb848b1b0b21/element/f.2AF773046040E3FA33B5151D55212630.d.AF3EB157664EC50164BBA533A587D4EA.e.1032/click - {}
RESULT: {}
COMMAND: GET /session/7afa81a77ea8a8cbfccffb848b1b0b21/screenshot - {}
RESULT: {}
COMMAND: POST /session/7afa81a77ea8a8cbfccffb848b1b0b21/element - {"using":"xpath","value":"//table[contains(@id, \"customPersonsAddressesTable-listUl\")]/tbody/tr[1]/td[10]/div/span"}
RESULT: {"using":"xpath","value":"//table[contains(@id, \"customPersonsAddressesTable-listUl\")]/tbody/tr[1]/td[10]/div/span"}
COMMAND: POST /session/7afa81a77ea8a8cbfccffb848b1b0b21/execute/sync - {"script":"<script> [56 bytes]","args":[{"element-6066-11e4-a52e-4f735466cecf":"f.2AF773046040E3FA33B5151D55212630.d.AF3EB157664EC50164BBA533A587D4EA.e.1028","ELEMENT":"f.2AF773046040E3FA33B5151D55212630.d.AF3EB157664EC50164BBA533A587D4EA.e.1028"}]}
RESULT: {"script":"<script> [56 bytes]","args":[{"element-6066-11e4-a52e-4f735466cecf":"f.2AF773046040E3FA33B5151D55212630.d.AF3EB157664EC50164BBA533A587D4EA.e.1028","ELEMENT":"f.2AF773046040E3FA33B5151D55212630.d.AF3EB157664EC50164BBA533A587D4EA.e.1028"}]}
COMMAND: GET /session/7afa81a77ea8a8cbfccffb848b1b0b21/screenshot - {}
RESULT: {}
COMMAND: POST /session/7afa81a77ea8a8cbfccffb848b1b0b21/element - {"using":"css selector","value":"#shell-header-logo"}
RESULT: {"using":"css selector","value":"#shell-header-logo"}
COMMAND: POST /session/7afa81a77ea8a8cbfccffb848b1b0b21/element/f.2AF773046040E3FA33B5151D55212630.d.AF3EB157664EC50164BBA533A587D4EA.e.838/click - {}
RESULT: {}
COMMAND: GET /session/7afa81a77ea8a8cbfccffb848b1b0b21/screenshot - {}
RESULT: {}
]]></system-out>
    </testcase>
    <testcase classname="chrome.137_0_7151_69.windows.Address_Management_Tests_US156181_US151165_US151160_US156180_US156178_US151157_US151172_US151170_US151166_US151168" name="Step 4 Should verify searches US156180 edit person and address US156178" time="83.212">
      <system-out><![CDATA[
RESULT: undefined
COMMAND: POST /session/7afa81a77ea8a8cbfccffb848b1b0b21/element - {"using":"xpath","value":"//*[@id=\"__tile34\"]"}
RESULT: {"using":"xpath","value":"//*[@id=\"__tile34\"]"}
COMMAND: POST /session/7afa81a77ea8a8cbfccffb848b1b0b21/element/f.2AF773046040E3FA33B5151D55212630.d.AF3EB157664EC50164BBA533A587D4EA.e.231/click - {}
RESULT: {}
COMMAND: GET /session/7afa81a77ea8a8cbfccffb848b1b0b21/screenshot - {}
COMMAND: POST /session/7afa81a77ea8a8cbfccffb848b1b0b21/elements - {"using":"xpath","value":"//span[text()='Error']"}
RESULT: {}
RESULT: {"using":"xpath","value":"//span[text()='Error']"}
COMMAND: POST /session/7afa81a77ea8a8cbfccffb848b1b0b21/element - {"using":"xpath","value":"//button[@data-kt=\"addButton\"]"}
RESULT: {"using":"xpath","value":"//button[@data-kt=\"addButton\"]"}
COMMAND: POST /session/7afa81a77ea8a8cbfccffb848b1b0b21/elements - {"using":"xpath","value":"//button[@data-kt=\"addButton\"]"}
RESULT: {"using":"xpath","value":"//button[@data-kt=\"addButton\"]"}
COMMAND: POST /session/7afa81a77ea8a8cbfccffb848b1b0b21/execute/sync - {"script":"<script> [8489 bytes]","args":[{"element-6066-11e4-a52e-4f735466cecf":"f.2AF773046040E3FA33B5151D55212630.d.AF3EB157664EC50164BBA533A587D4EA.e.1093","ELEMENT":"f.2AF773046040E3FA33B5151D55212630.d.AF3EB157664EC50164BBA533A587D4EA.e.1093"}]}
RESULT: {"script":"<script> [8489 bytes]","args":[{"element-6066-11e4-a52e-4f735466cecf":"f.2AF773046040E3FA33B5151D55212630.d.AF3EB157664EC50164BBA533A587D4EA.e.1093","ELEMENT":"f.2AF773046040E3FA33B5151D55212630.d.AF3EB157664EC50164BBA533A587D4EA.e.1093"}]}
COMMAND: GET /session/7afa81a77ea8a8cbfccffb848b1b0b21/element/f.2AF773046040E3FA33B5151D55212630.d.AF3EB157664EC50164BBA533A587D4EA.e.1093/enabled - {}
COMMAND: GET /session/7afa81a77ea8a8cbfccffb848b1b0b21/screenshot - {}
RESULT: {}
COMMAND: POST /session/7afa81a77ea8a8cbfccffb848b1b0b21/execute/sync - {"script":"<script> [8489 bytes]","args":[{"element-6066-11e4-a52e-4f735466cecf":"f.2AF773046040E3FA33B5151D55212630.d.AF3EB157664EC50164BBA533A587D4EA.e.1093","ELEMENT":"f.2AF773046040E3FA33B5151D55212630.d.AF3EB157664EC50164BBA533A587D4EA.e.1093"}]}
COMMAND: GET /session/7afa81a77ea8a8cbfccffb848b1b0b21/screenshot - {}
RESULT: {}
RESULT: {"script":"<script> [8489 bytes]","args":[{"element-6066-11e4-a52e-4f735466cecf":"f.2AF773046040E3FA33B5151D55212630.d.AF3EB157664EC50164BBA533A587D4EA.e.1093","ELEMENT":"f.2AF773046040E3FA33B5151D55212630.d.AF3EB157664EC50164BBA533A587D4EA.e.1093"}]}
COMMAND: POST /session/7afa81a77ea8a8cbfccffb848b1b0b21/execute/sync - {"script":"<script> [5351 bytes]","args":[{"element-6066-11e4-a52e-4f735466cecf":"f.2AF773046040E3FA33B5151D55212630.d.AF3EB157664EC50164BBA533A587D4EA.e.1093","ELEMENT":"f.2AF773046040E3FA33B5151D55212630.d.AF3EB157664EC50164BBA533A587D4EA.e.1093"}]}
COMMAND: GET /session/7afa81a77ea8a8cbfccffb848b1b0b21/screenshot - {}
RESULT: {}
RESULT: {"script":"<script> [5351 bytes]","args":[{"element-6066-11e4-a52e-4f735466cecf":"f.2AF773046040E3FA33B5151D55212630.d.AF3EB157664EC50164BBA533A587D4EA.e.1093","ELEMENT":"f.2AF773046040E3FA33B5151D55212630.d.AF3EB157664EC50164BBA533A587D4EA.e.1093"}]}
COMMAND: GET /session/7afa81a77ea8a8cbfccffb848b1b0b21/screenshot - {}
RESULT: {}
RESULT: {}
RESULT: undefined
COMMAND: POST /session/7afa81a77ea8a8cbfccffb848b1b0b21/execute/async - {"script":"<script> [776 bytes]","args":[{"enterText":"DzGWjeU1TN","selector":{"id":"application-addressmanagement-display-component---masterAdm--smartFilterBar-btnBasicSearch","interaction":{"idSuffix":"I"}},"clearTextFirst":true,"interactionType":"ENTER_TEXT"}]}
RESULT: {"script":"<script> [776 bytes]","args":[{"enterText":"DzGWjeU1TN","selector":{"id":"application-addressmanagement-display-component---masterAdm--smartFilterBar-btnBasicSearch","interaction":{"idSuffix":"I"}},"clearTextFirst":true,"interactionType":"ENTER_TEXT"}]}
COMMAND: POST /session/7afa81a77ea8a8cbfccffb848b1b0b21/actions - {"actions":[{"id":"action4","type":"key","parameters":{},"actions":[{"type":"keyDown","value":""},{"type":"pause","duration":10},{"type":"keyUp","value":""}]}]}
RESULT: {"actions":[{"id":"action4","type":"key","parameters":{},"actions":[{"type":"keyDown","value":""},{"type":"pause","duration":10},{"type":"keyUp","value":""}]}]}
COMMAND: GET /session/7afa81a77ea8a8cbfccffb848b1b0b21/screenshot - {}
RESULT: {}
COMMAND: POST /session/7afa81a77ea8a8cbfccffb848b1b0b21/elements - {"using":"xpath","value":"//table[contains(@id, \"customPersonsAddressesTable-listUl\")]/tbody/tr"}
RESULT: {"using":"xpath","value":"//table[contains(@id, \"customPersonsAddressesTable-listUl\")]/tbody/tr"}
COMMAND: POST /session/7afa81a77ea8a8cbfccffb848b1b0b21/element - {"using":"xpath","value":"//table[contains(@id, \"customPersonsAddressesTable-listUl\")]/tbody/tr[1]/td[5]/span/span"}
RESULT: {"using":"xpath","value":"//table[contains(@id, \"customPersonsAddressesTable-listUl\")]/tbody/tr[1]/td[5]/span/span"}
COMMAND: POST /session/7afa81a77ea8a8cbfccffb848b1b0b21/element - {"using":"xpath","value":"//table[contains(@id, \"customPersonsAddressesTable-listUl\")]/tbody/tr[1]/td[3]/span"}
RESULT: {"using":"xpath","value":"//table[contains(@id, \"customPersonsAddressesTable-listUl\")]/tbody/tr[1]/td[3]/span"}
COMMAND: POST /session/7afa81a77ea8a8cbfccffb848b1b0b21/elements - {"using":"xpath","value":"//table[contains(@id, \"customPersonsAddressesTable-listUl\")]/tbody/tr[1]/td[5]/span/span"}
RESULT: {"using":"xpath","value":"//table[contains(@id, \"customPersonsAddressesTable-listUl\")]/tbody/tr[1]/td[5]/span/span"}
COMMAND: POST /session/7afa81a77ea8a8cbfccffb848b1b0b21/execute/sync - {"script":"<script> [56 bytes]","args":[{"element-6066-11e4-a52e-4f735466cecf":"f.2AF773046040E3FA33B5151D55212630.d.AF3EB157664EC50164BBA533A587D4EA.e.1235","ELEMENT":"f.2AF773046040E3FA33B5151D55212630.d.AF3EB157664EC50164BBA533A587D4EA.e.1235"}]}
RESULT: {"script":"<script> [56 bytes]","args":[{"element-6066-11e4-a52e-4f735466cecf":"f.2AF773046040E3FA33B5151D55212630.d.AF3EB157664EC50164BBA533A587D4EA.e.1235","ELEMENT":"f.2AF773046040E3FA33B5151D55212630.d.AF3EB157664EC50164BBA533A587D4EA.e.1235"}]}
COMMAND: POST /session/7afa81a77ea8a8cbfccffb848b1b0b21/execute/sync - {"script":"<script> [56 bytes]","args":[{"element-6066-11e4-a52e-4f735466cecf":"f.2AF773046040E3FA33B5151D55212630.d.AF3EB157664EC50164BBA533A587D4EA.e.1236","ELEMENT":"f.2AF773046040E3FA33B5151D55212630.d.AF3EB157664EC50164BBA533A587D4EA.e.1236"}]}
COMMAND: GET /session/7afa81a77ea8a8cbfccffb848b1b0b21/screenshot - {}
RESULT: {"script":"<script> [56 bytes]","args":[{"element-6066-11e4-a52e-4f735466cecf":"f.2AF773046040E3FA33B5151D55212630.d.AF3EB157664EC50164BBA533A587D4EA.e.1236","ELEMENT":"f.2AF773046040E3FA33B5151D55212630.d.AF3EB157664EC50164BBA533A587D4EA.e.1236"}]}
COMMAND: POST /session/7afa81a77ea8a8cbfccffb848b1b0b21/element - {"using":"xpath","value":"(//span[contains(@id, \"imgNav\")])[1]"}
COMMAND: GET /session/7afa81a77ea8a8cbfccffb848b1b0b21/screenshot - {}
RESULT: {}
RESULT: {"using":"xpath","value":"(//span[contains(@id, \"imgNav\")])[1]"}
COMMAND: POST /session/7afa81a77ea8a8cbfccffb848b1b0b21/element/f.2AF773046040E3FA33B5151D55212630.d.AF3EB157664EC50164BBA533A587D4EA.e.1233/click - {}
RESULT: {}
RESULT: {}
COMMAND: GET /session/7afa81a77ea8a8cbfccffb848b1b0b21/screenshot - {}
RESULT: {}
COMMAND: POST /session/7afa81a77ea8a8cbfccffb848b1b0b21/element - {"using":"xpath","value":"//bdi[contains(text(), \"Edit\")]"}
RESULT: {"using":"xpath","value":"//bdi[contains(text(), \"Edit\")]"}
COMMAND: POST /session/7afa81a77ea8a8cbfccffb848b1b0b21/element/f.2AF773046040E3FA33B5151D55212630.d.AF3EB157664EC50164BBA533A587D4EA.e.1358/click - {}
RESULT: {}
COMMAND: GET /session/7afa81a77ea8a8cbfccffb848b1b0b21/screenshot - {}
RESULT: {}
COMMAND: POST /session/7afa81a77ea8a8cbfccffb848b1b0b21/execute/async - {"script":"<script> [1562 bytes]","args":[{"selector":{"controlType":"sap.ui.core.Icon","viewName":"etm.portal.ui.addressmanagement.view.EditDetail","properties":{"src":{"regex":{"source":"slim\\-arrow\\-down"}}},"ancestor":{"id":"addressTitle","viewName":"etm.portal.ui.addressmanagement.view.EditDetail"}},"wdio_ui5_key":"etmportal.ui.addressmanagement.view.EditDetailsap.ui.core.Icon{\"src\":{\"regex\":{\"source\":\"slim\\\\-arrow\\\\-down\"}}}{\"id\":\"addressTitle\",\"viewName\":\"etm.portal.ui.addressmanagement.view.EditDetail\"}"}]}
RESULT: {"script":"<script> [1562 bytes]","args":[{"selector":{"controlType":"sap.ui.core.Icon","viewName":"etm.portal.ui.addressmanagement.view.EditDetail","properties":{"src":{"regex":{"source":"slim\\-arrow\\-down"}}},"ancestor":{"id":"addressTitle","viewName":"etm.portal.ui.addressmanagement.view.EditDetail"}},"wdio_ui5_key":"etmportal.ui.addressmanagement.view.EditDetailsap.ui.core.Icon{\"src\":{\"regex\":{\"source\":\"slim\\\\-arrow\\\\-down\"}}}{\"id\":\"addressTitle\",\"viewName\":\"etm.portal.ui.addressmanagement.view.EditDetail\"}"}]}
RESULT: undefined
COMMAND: POST /session/7afa81a77ea8a8cbfccffb848b1b0b21/element - {"using":"xpath","value":"//*[@id=\"__xmlview60--addressTitle-arrow\"]"}
RESULT: {"using":"xpath","value":"//*[@id=\"__xmlview60--addressTitle-arrow\"]"}
COMMAND: POST /session/7afa81a77ea8a8cbfccffb848b1b0b21/element/f.2AF773046040E3FA33B5151D55212630.d.AF3EB157664EC50164BBA533A587D4EA.e.1411/click - {}
RESULT: {}
COMMAND: GET /session/7afa81a77ea8a8cbfccffb848b1b0b21/screenshot - {}
RESULT: {}
COMMAND: POST /session/7afa81a77ea8a8cbfccffb848b1b0b21/element - {"using":"xpath","value":"//li[.//span[text()=\"Mr.\"]]"}
RESULT: {"using":"xpath","value":"//li[.//span[text()=\"Mr.\"]]"}
COMMAND: POST /session/7afa81a77ea8a8cbfccffb848b1b0b21/element/f.2AF773046040E3FA33B5151D55212630.d.AF3EB157664EC50164BBA533A587D4EA.e.1413/click - {}
RESULT: {}
COMMAND: GET /session/7afa81a77ea8a8cbfccffb848b1b0b21/screenshot - {}
RESULT: {}
COMMAND: POST /session/7afa81a77ea8a8cbfccffb848b1b0b21/execute/async - {"script":"<script> [1562 bytes]","args":[{"selector":{"controlType":"sap.m.Input","viewName":"etm.portal.ui.addressmanagement.view.EditDetail","labelFor":{"text":"Last Name"},"interaction":{"idSuffix":"inner"}},"wdio_ui5_key":"etmportal.ui.addressmanagement.view.EditDetailsap.m.Input{\"text\":\"Last Name\"}"}]}
RESULT: {"script":"<script> [1562 bytes]","args":[{"selector":{"controlType":"sap.m.Input","viewName":"etm.portal.ui.addressmanagement.view.EditDetail","labelFor":{"text":"Last Name"},"interaction":{"idSuffix":"inner"}},"wdio_ui5_key":"etmportal.ui.addressmanagement.view.EditDetailsap.m.Input{\"text\":\"Last Name\"}"}]}
RESULT: undefined
COMMAND: POST /session/7afa81a77ea8a8cbfccffb848b1b0b21/execute/async - {"script":"<script> [776 bytes]","args":[{"enterText":"EDIT John Cena","selector":{"controlType":"sap.m.Input","viewName":"etm.portal.ui.addressmanagement.view.EditDetail","labelFor":{"text":"Last Name"},"interaction":{"idSuffix":"inner"}},"clearTextFirst":true,"interactionType":"ENTER_TEXT"}]}
RESULT: {"script":"<script> [776 bytes]","args":[{"enterText":"EDIT John Cena","selector":{"controlType":"sap.m.Input","viewName":"etm.portal.ui.addressmanagement.view.EditDetail","labelFor":{"text":"Last Name"},"interaction":{"idSuffix":"inner"}},"clearTextFirst":true,"interactionType":"ENTER_TEXT"}]}
COMMAND: POST /session/7afa81a77ea8a8cbfccffb848b1b0b21/execute/async - {"script":"<script> [1562 bytes]","args":[{"selector":{"controlType":"sap.ui.core.Icon","viewName":"etm.portal.ui.addressmanagement.view.EditDetail","properties":{"src":{"regex":{"source":"slim\\-arrow\\-down"}}},"ancestor":{"id":"addressDetailDetailsLanguage","viewName":"etm.portal.ui.addressmanagement.view.EditDetail"}},"wdio_ui5_key":"etmportal.ui.addressmanagement.view.EditDetailsap.ui.core.Icon{\"src\":{\"regex\":{\"source\":\"slim\\\\-arrow\\\\-down\"}}}{\"id\":\"addressDetailDetailsLanguage\",\"viewName\":\"etm.portal.ui.addressmanagement.view.EditDetail\"}"}]}
RESULT: {"script":"<script> [1562 bytes]","args":[{"selector":{"controlType":"sap.ui.core.Icon","viewName":"etm.portal.ui.addressmanagement.view.EditDetail","properties":{"src":{"regex":{"source":"slim\\-arrow\\-down"}}},"ancestor":{"id":"addressDetailDetailsLanguage","viewName":"etm.portal.ui.addressmanagement.view.EditDetail"}},"wdio_ui5_key":"etmportal.ui.addressmanagement.view.EditDetailsap.ui.core.Icon{\"src\":{\"regex\":{\"source\":\"slim\\\\-arrow\\\\-down\"}}}{\"id\":\"addressDetailDetailsLanguage\",\"viewName\":\"etm.portal.ui.addressmanagement.view.EditDetail\"}"}]}
RESULT: undefined
COMMAND: POST /session/7afa81a77ea8a8cbfccffb848b1b0b21/element - {"using":"xpath","value":"//*[@id=\"__xmlview60--addressDetailDetailsLanguage-arrow\"]"}
RESULT: {"using":"xpath","value":"//*[@id=\"__xmlview60--addressDetailDetailsLanguage-arrow\"]"}
COMMAND: POST /session/7afa81a77ea8a8cbfccffb848b1b0b21/element/f.2AF773046040E3FA33B5151D55212630.d.AF3EB157664EC50164BBA533A587D4EA.e.1416/click - {}
RESULT: {}
COMMAND: GET /session/7afa81a77ea8a8cbfccffb848b1b0b21/screenshot - {}
RESULT: {}
COMMAND: POST /session/7afa81a77ea8a8cbfccffb848b1b0b21/element - {"using":"xpath","value":"//span[contains(text(), \"Bulgarian\")]"}
RESULT: {"using":"xpath","value":"//span[contains(text(), \"Bulgarian\")]"}
COMMAND: POST /session/7afa81a77ea8a8cbfccffb848b1b0b21/element/f.2AF773046040E3FA33B5151D55212630.d.AF3EB157664EC50164BBA533A587D4EA.e.1417/click - {}
RESULT: {}
COMMAND: GET /session/7afa81a77ea8a8cbfccffb848b1b0b21/screenshot - {}
RESULT: {}
COMMAND: POST /session/7afa81a77ea8a8cbfccffb848b1b0b21/execute/async - {"script":"<script> [1562 bytes]","args":[{"selector":{"controlType":"sap.m.Input","viewName":"etm.portal.ui.addressmanagement.view.EditDetail","labelFor":{"text":"ZIP/Postal code"},"interaction":{"idSuffix":"inner"}},"wdio_ui5_key":"etmportal.ui.addressmanagement.view.EditDetailsap.m.Input{\"text\":\"ZIP/Postal code\"}"}]}
RESULT: {"script":"<script> [1562 bytes]","args":[{"selector":{"controlType":"sap.m.Input","viewName":"etm.portal.ui.addressmanagement.view.EditDetail","labelFor":{"text":"ZIP/Postal code"},"interaction":{"idSuffix":"inner"}},"wdio_ui5_key":"etmportal.ui.addressmanagement.view.EditDetailsap.m.Input{\"text\":\"ZIP/Postal code\"}"}]}
RESULT: undefined
COMMAND: POST /session/7afa81a77ea8a8cbfccffb848b1b0b21/execute/async - {"script":"<script> [776 bytes]","args":[{"enterText":"500292","selector":{"controlType":"sap.m.Input","viewName":"etm.portal.ui.addressmanagement.view.EditDetail","labelFor":{"text":"ZIP/Postal code"},"interaction":{"idSuffix":"inner"}},"clearTextFirst":true,"interactionType":"ENTER_TEXT"}]}
RESULT: {"script":"<script> [776 bytes]","args":[{"enterText":"500292","selector":{"controlType":"sap.m.Input","viewName":"etm.portal.ui.addressmanagement.view.EditDetail","labelFor":{"text":"ZIP/Postal code"},"interaction":{"idSuffix":"inner"}},"clearTextFirst":true,"interactionType":"ENTER_TEXT"}]}
COMMAND: POST /session/7afa81a77ea8a8cbfccffb848b1b0b21/execute/async - {"script":"<script> [1562 bytes]","args":[{"selector":{"id":"addressDetailContactsEmail","viewName":"etm.portal.ui.addressmanagement.view.EditDetail","interaction":{"idSuffix":"inner"}},"wdio_ui5_key":"addressDetailContactsEmailetmportal.ui.addressmanagement.view.EditDetail"}]}
RESULT: {"script":"<script> [1562 bytes]","args":[{"selector":{"id":"addressDetailContactsEmail","viewName":"etm.portal.ui.addressmanagement.view.EditDetail","interaction":{"idSuffix":"inner"}},"wdio_ui5_key":"addressDetailContactsEmailetmportal.ui.addressmanagement.view.EditDetail"}]}
RESULT: undefined
COMMAND: POST /session/7afa81a77ea8a8cbfccffb848b1b0b21/execute/async - {"script":"<script> [776 bytes]","args":[{"enterText":"webdriverrules@emailfake.com","selector":{"id":"addressDetailContactsEmail","viewName":"etm.portal.ui.addressmanagement.view.EditDetail","interaction":{"idSuffix":"inner"}},"clearTextFirst":true,"interactionType":"ENTER_TEXT"}]}
RESULT: {"script":"<script> [776 bytes]","args":[{"enterText":"webdriverrules@emailfake.com","selector":{"id":"addressDetailContactsEmail","viewName":"etm.portal.ui.addressmanagement.view.EditDetail","interaction":{"idSuffix":"inner"}},"clearTextFirst":true,"interactionType":"ENTER_TEXT"}]}
COMMAND: POST /session/7afa81a77ea8a8cbfccffb848b1b0b21/execute/async - {"script":"<script> [1562 bytes]","args":[{"selector":{"id":"addressUserJobTitle","viewName":"etm.portal.ui.addressmanagement.view.EditDetail","interaction":{"idSuffix":"inner"}},"wdio_ui5_key":"addressUserJobTitleetmportal.ui.addressmanagement.view.EditDetail"}]}
RESULT: {"script":"<script> [1562 bytes]","args":[{"selector":{"id":"addressUserJobTitle","viewName":"etm.portal.ui.addressmanagement.view.EditDetail","interaction":{"idSuffix":"inner"}},"wdio_ui5_key":"addressUserJobTitleetmportal.ui.addressmanagement.view.EditDetail"}]}
RESULT: undefined
COMMAND: POST /session/7afa81a77ea8a8cbfccffb848b1b0b21/execute/async - {"script":"<script> [776 bytes]","args":[{"enterText":"director","selector":{"id":"addressUserJobTitle","viewName":"etm.portal.ui.addressmanagement.view.EditDetail","interaction":{"idSuffix":"inner"}},"clearTextFirst":true,"interactionType":"ENTER_TEXT"}]}
RESULT: {"script":"<script> [776 bytes]","args":[{"enterText":"director","selector":{"id":"addressUserJobTitle","viewName":"etm.portal.ui.addressmanagement.view.EditDetail","interaction":{"idSuffix":"inner"}},"clearTextFirst":true,"interactionType":"ENTER_TEXT"}]}
COMMAND: POST /session/7afa81a77ea8a8cbfccffb848b1b0b21/execute/async - {"script":"<script> [1562 bytes]","args":[{"selector":{"id":"tagMultiInput","viewName":"etm.portal.ui.addressmanagement.view.EditDetail","interaction":{"idSuffix":"inner"}},"wdio_ui5_key":"tagMultiInputetmportal.ui.addressmanagement.view.EditDetail"}]}
RESULT: {"script":"<script> [1562 bytes]","args":[{"selector":{"id":"tagMultiInput","viewName":"etm.portal.ui.addressmanagement.view.EditDetail","interaction":{"idSuffix":"inner"}},"wdio_ui5_key":"tagMultiInputetmportal.ui.addressmanagement.view.EditDetail"}]}
RESULT: undefined
COMMAND: POST /session/7afa81a77ea8a8cbfccffb848b1b0b21/execute/async - {"script":"<script> [776 bytes]","args":[{"enterText":"testyTag1","selector":{"id":"tagMultiInput","viewName":"etm.portal.ui.addressmanagement.view.EditDetail","interaction":{"idSuffix":"inner"}},"clearTextFirst":true,"interactionType":"ENTER_TEXT"}]}
RESULT: {"script":"<script> [776 bytes]","args":[{"enterText":"testyTag1","selector":{"id":"tagMultiInput","viewName":"etm.portal.ui.addressmanagement.view.EditDetail","interaction":{"idSuffix":"inner"}},"clearTextFirst":true,"interactionType":"ENTER_TEXT"}]}
COMMAND: POST /session/7afa81a77ea8a8cbfccffb848b1b0b21/actions - {"actions":[{"id":"action5","type":"key","parameters":{},"actions":[{"type":"keyDown","value":""},{"type":"pause","duration":10},{"type":"keyUp","value":""}]}]}
RESULT: {"actions":[{"id":"action5","type":"key","parameters":{},"actions":[{"type":"keyDown","value":""},{"type":"pause","duration":10},{"type":"keyUp","value":""}]}]}
COMMAND: GET /session/7afa81a77ea8a8cbfccffb848b1b0b21/screenshot - {}
RESULT: {}
RESULT: undefined
COMMAND: POST /session/7afa81a77ea8a8cbfccffb848b1b0b21/execute/async - {"script":"<script> [776 bytes]","args":[{"enterText":"taggyTag2","selector":{"id":"tagMultiInput","viewName":"etm.portal.ui.addressmanagement.view.EditDetail","interaction":{"idSuffix":"inner"}},"clearTextFirst":true,"interactionType":"ENTER_TEXT"}]}
RESULT: {"script":"<script> [776 bytes]","args":[{"enterText":"taggyTag2","selector":{"id":"tagMultiInput","viewName":"etm.portal.ui.addressmanagement.view.EditDetail","interaction":{"idSuffix":"inner"}},"clearTextFirst":true,"interactionType":"ENTER_TEXT"}]}
COMMAND: POST /session/7afa81a77ea8a8cbfccffb848b1b0b21/actions - {"actions":[{"id":"action6","type":"key","parameters":{},"actions":[{"type":"keyDown","value":""},{"type":"pause","duration":10},{"type":"keyUp","value":""}]}]}
RESULT: {"actions":[{"id":"action6","type":"key","parameters":{},"actions":[{"type":"keyDown","value":""},{"type":"pause","duration":10},{"type":"keyUp","value":""}]}]}
COMMAND: GET /session/7afa81a77ea8a8cbfccffb848b1b0b21/screenshot - {}
RESULT: {}
COMMAND: POST /session/7afa81a77ea8a8cbfccffb848b1b0b21/element - {"using":"xpath","value":"//button[@data-kt=\"saveButton\"]"}
RESULT: {"using":"xpath","value":"//button[@data-kt=\"saveButton\"]"}
COMMAND: POST /session/7afa81a77ea8a8cbfccffb848b1b0b21/element/f.2AF773046040E3FA33B5151D55212630.d.AF3EB157664EC50164BBA533A587D4EA.e.1423/click - {}
RESULT: {}
COMMAND: GET /session/7afa81a77ea8a8cbfccffb848b1b0b21/screenshot - {}
RESULT: {}
COMMAND: POST /session/7afa81a77ea8a8cbfccffb848b1b0b21/element - {"using":"xpath","value":"//span[@id=\"application-addressmanagement-display-component---detailAdm--addressTitle\"]"}
RESULT: {"using":"xpath","value":"//span[@id=\"application-addressmanagement-display-component---detailAdm--addressTitle\"]"}
COMMAND: POST /session/7afa81a77ea8a8cbfccffb848b1b0b21/elements - {"using":"xpath","value":"//span[@id=\"application-addressmanagement-display-component---detailAdm--addressTitle\"]"}
RESULT: {"using":"xpath","value":"//span[@id=\"application-addressmanagement-display-component---detailAdm--addressTitle\"]"}
COMMAND: POST /session/7afa81a77ea8a8cbfccffb848b1b0b21/execute/sync - {"script":"<script> [56 bytes]","args":[{"element-6066-11e4-a52e-4f735466cecf":"f.2AF773046040E3FA33B5151D55212630.d.AF3EB157664EC50164BBA533A587D4EA.e.1452","ELEMENT":"f.2AF773046040E3FA33B5151D55212630.d.AF3EB157664EC50164BBA533A587D4EA.e.1452"}]}
RESULT: {"script":"<script> [56 bytes]","args":[{"element-6066-11e4-a52e-4f735466cecf":"f.2AF773046040E3FA33B5151D55212630.d.AF3EB157664EC50164BBA533A587D4EA.e.1452","ELEMENT":"f.2AF773046040E3FA33B5151D55212630.d.AF3EB157664EC50164BBA533A587D4EA.e.1452"}]}
COMMAND: POST /session/7afa81a77ea8a8cbfccffb848b1b0b21/element - {"using":"xpath","value":"//span[@id=\"application-addressmanagement-display-component---detailAdm--addressDetailDetailsName2\"]"}
COMMAND: GET /session/7afa81a77ea8a8cbfccffb848b1b0b21/screenshot - {}
RESULT: {"using":"xpath","value":"//span[@id=\"application-addressmanagement-display-component---detailAdm--addressDetailDetailsName2\"]"}
COMMAND: POST /session/7afa81a77ea8a8cbfccffb848b1b0b21/elements - {"using":"xpath","value":"//span[@id=\"application-addressmanagement-display-component---detailAdm--addressDetailDetailsName2\"]"}
RESULT: {}
RESULT: {"using":"xpath","value":"//span[@id=\"application-addressmanagement-display-component---detailAdm--addressDetailDetailsName2\"]"}
COMMAND: POST /session/7afa81a77ea8a8cbfccffb848b1b0b21/execute/sync - {"script":"<script> [56 bytes]","args":[{"element-6066-11e4-a52e-4f735466cecf":"f.2AF773046040E3FA33B5151D55212630.d.AF3EB157664EC50164BBA533A587D4EA.e.1453","ELEMENT":"f.2AF773046040E3FA33B5151D55212630.d.AF3EB157664EC50164BBA533A587D4EA.e.1453"}]}
RESULT: {"script":"<script> [56 bytes]","args":[{"element-6066-11e4-a52e-4f735466cecf":"f.2AF773046040E3FA33B5151D55212630.d.AF3EB157664EC50164BBA533A587D4EA.e.1453","ELEMENT":"f.2AF773046040E3FA33B5151D55212630.d.AF3EB157664EC50164BBA533A587D4EA.e.1453"}]}
COMMAND: POST /session/7afa81a77ea8a8cbfccffb848b1b0b21/element - {"using":"xpath","value":"//span[@id=\"application-addressmanagement-display-component---detailAdm--addressDetailDetailsLanguage\"]"}
COMMAND: GET /session/7afa81a77ea8a8cbfccffb848b1b0b21/screenshot - {}
RESULT: {"using":"xpath","value":"//span[@id=\"application-addressmanagement-display-component---detailAdm--addressDetailDetailsLanguage\"]"}
COMMAND: POST /session/7afa81a77ea8a8cbfccffb848b1b0b21/elements - {"using":"xpath","value":"//span[@id=\"application-addressmanagement-display-component---detailAdm--addressDetailDetailsLanguage\"]"}
RESULT: {}
RESULT: {"using":"xpath","value":"//span[@id=\"application-addressmanagement-display-component---detailAdm--addressDetailDetailsLanguage\"]"}
COMMAND: POST /session/7afa81a77ea8a8cbfccffb848b1b0b21/execute/sync - {"script":"<script> [56 bytes]","args":[{"element-6066-11e4-a52e-4f735466cecf":"f.2AF773046040E3FA33B5151D55212630.d.AF3EB157664EC50164BBA533A587D4EA.e.1454","ELEMENT":"f.2AF773046040E3FA33B5151D55212630.d.AF3EB157664EC50164BBA533A587D4EA.e.1454"}]}
RESULT: {"script":"<script> [56 bytes]","args":[{"element-6066-11e4-a52e-4f735466cecf":"f.2AF773046040E3FA33B5151D55212630.d.AF3EB157664EC50164BBA533A587D4EA.e.1454","ELEMENT":"f.2AF773046040E3FA33B5151D55212630.d.AF3EB157664EC50164BBA533A587D4EA.e.1454"}]}
COMMAND: POST /session/7afa81a77ea8a8cbfccffb848b1b0b21/element - {"using":"xpath","value":"//span[@id=\"application-addressmanagement-display-component---detailAdm--addressDetailDetailsZip1\"]"}
COMMAND: GET /session/7afa81a77ea8a8cbfccffb848b1b0b21/screenshot - {}
RESULT: {"using":"xpath","value":"//span[@id=\"application-addressmanagement-display-component---detailAdm--addressDetailDetailsZip1\"]"}
COMMAND: POST /session/7afa81a77ea8a8cbfccffb848b1b0b21/elements - {"using":"xpath","value":"//span[@id=\"application-addressmanagement-display-component---detailAdm--addressDetailDetailsZip1\"]"}
RESULT: {}
RESULT: {"using":"xpath","value":"//span[@id=\"application-addressmanagement-display-component---detailAdm--addressDetailDetailsZip1\"]"}
COMMAND: POST /session/7afa81a77ea8a8cbfccffb848b1b0b21/execute/sync - {"script":"<script> [56 bytes]","args":[{"element-6066-11e4-a52e-4f735466cecf":"f.2AF773046040E3FA33B5151D55212630.d.AF3EB157664EC50164BBA533A587D4EA.e.1455","ELEMENT":"f.2AF773046040E3FA33B5151D55212630.d.AF3EB157664EC50164BBA533A587D4EA.e.1455"}]}
RESULT: {"script":"<script> [56 bytes]","args":[{"element-6066-11e4-a52e-4f735466cecf":"f.2AF773046040E3FA33B5151D55212630.d.AF3EB157664EC50164BBA533A587D4EA.e.1455","ELEMENT":"f.2AF773046040E3FA33B5151D55212630.d.AF3EB157664EC50164BBA533A587D4EA.e.1455"}]}
COMMAND: POST /session/7afa81a77ea8a8cbfccffb848b1b0b21/element - {"using":"xpath","value":"//span[@id=\"application-addressmanagement-display-component---detailAdm--addressDetailContactsEmail\"]"}
COMMAND: GET /session/7afa81a77ea8a8cbfccffb848b1b0b21/screenshot - {}
RESULT: {"using":"xpath","value":"//span[@id=\"application-addressmanagement-display-component---detailAdm--addressDetailContactsEmail\"]"}
COMMAND: POST /session/7afa81a77ea8a8cbfccffb848b1b0b21/elements - {"using":"xpath","value":"//span[@id=\"application-addressmanagement-display-component---detailAdm--addressDetailContactsEmail\"]"}
RESULT: {}
RESULT: {"using":"xpath","value":"//span[@id=\"application-addressmanagement-display-component---detailAdm--addressDetailContactsEmail\"]"}
COMMAND: POST /session/7afa81a77ea8a8cbfccffb848b1b0b21/execute/sync - {"script":"<script> [56 bytes]","args":[{"element-6066-11e4-a52e-4f735466cecf":"f.2AF773046040E3FA33B5151D55212630.d.AF3EB157664EC50164BBA533A587D4EA.e.1456","ELEMENT":"f.2AF773046040E3FA33B5151D55212630.d.AF3EB157664EC50164BBA533A587D4EA.e.1456"}]}
RESULT: {"script":"<script> [56 bytes]","args":[{"element-6066-11e4-a52e-4f735466cecf":"f.2AF773046040E3FA33B5151D55212630.d.AF3EB157664EC50164BBA533A587D4EA.e.1456","ELEMENT":"f.2AF773046040E3FA33B5151D55212630.d.AF3EB157664EC50164BBA533A587D4EA.e.1456"}]}
COMMAND: POST /session/7afa81a77ea8a8cbfccffb848b1b0b21/element - {"using":"xpath","value":"//span[@id=\"application-addressmanagement-display-component---detailAdm--addressUserJobTitle\"]"}
COMMAND: GET /session/7afa81a77ea8a8cbfccffb848b1b0b21/screenshot - {}
RESULT: {"using":"xpath","value":"//span[@id=\"application-addressmanagement-display-component---detailAdm--addressUserJobTitle\"]"}
COMMAND: POST /session/7afa81a77ea8a8cbfccffb848b1b0b21/elements - {"using":"xpath","value":"//span[@id=\"application-addressmanagement-display-component---detailAdm--addressUserJobTitle\"]"}
RESULT: {}
RESULT: {"using":"xpath","value":"//span[@id=\"application-addressmanagement-display-component---detailAdm--addressUserJobTitle\"]"}
COMMAND: POST /session/7afa81a77ea8a8cbfccffb848b1b0b21/execute/sync - {"script":"<script> [56 bytes]","args":[{"element-6066-11e4-a52e-4f735466cecf":"f.2AF773046040E3FA33B5151D55212630.d.AF3EB157664EC50164BBA533A587D4EA.e.1457","ELEMENT":"f.2AF773046040E3FA33B5151D55212630.d.AF3EB157664EC50164BBA533A587D4EA.e.1457"}]}
RESULT: {"script":"<script> [56 bytes]","args":[{"element-6066-11e4-a52e-4f735466cecf":"f.2AF773046040E3FA33B5151D55212630.d.AF3EB157664EC50164BBA533A587D4EA.e.1457","ELEMENT":"f.2AF773046040E3FA33B5151D55212630.d.AF3EB157664EC50164BBA533A587D4EA.e.1457"}]}
COMMAND: POST /session/7afa81a77ea8a8cbfccffb848b1b0b21/element - {"using":"xpath","value":"//span[contains(@class, \"sapMTokenText\") and text()=\"testyTag1\"]"}
COMMAND: GET /session/7afa81a77ea8a8cbfccffb848b1b0b21/screenshot - {}
RESULT: {"using":"xpath","value":"//span[contains(@class, \"sapMTokenText\") and text()=\"testyTag1\"]"}
COMMAND: POST /session/7afa81a77ea8a8cbfccffb848b1b0b21/element - {"using":"xpath","value":"//span[contains(@class, \"sapMTokenText\") and text()=\"taggyTag2\"]"}
RESULT: {}
RESULT: {"using":"xpath","value":"//span[contains(@class, \"sapMTokenText\") and text()=\"taggyTag2\"]"}
COMMAND: POST /session/7afa81a77ea8a8cbfccffb848b1b0b21/elements - {"using":"xpath","value":"//span[contains(@class, \"sapMTokenText\") and text()=\"testyTag1\"]"}
RESULT: {"using":"xpath","value":"//span[contains(@class, \"sapMTokenText\") and text()=\"testyTag1\"]"}
COMMAND: POST /session/7afa81a77ea8a8cbfccffb848b1b0b21/elements - {"using":"xpath","value":"//span[contains(@class, \"sapMTokenText\") and text()=\"taggyTag2\"]"}
RESULT: {"using":"xpath","value":"//span[contains(@class, \"sapMTokenText\") and text()=\"taggyTag2\"]"}
COMMAND: POST /session/7afa81a77ea8a8cbfccffb848b1b0b21/element - {"using":"css selector","value":"#shell-header-logo"}
RESULT: {"using":"css selector","value":"#shell-header-logo"}
COMMAND: POST /session/7afa81a77ea8a8cbfccffb848b1b0b21/element/f.2AF773046040E3FA33B5151D55212630.d.AF3EB157664EC50164BBA533A587D4EA.e.1039/click - {}
RESULT: {}
COMMAND: GET /session/7afa81a77ea8a8cbfccffb848b1b0b21/screenshot - {}
RESULT: {}
]]></system-out>
    </testcase>
    <testcase classname="chrome.137_0_7151_69.windows.Address_Management_Tests_US156181_US151165_US151160_US156180_US156178_US151157_US151172_US151170_US151166_US151168" name="Step 5 Should verify searches US156180 verify filters US151157" time="109.153">
      <system-out><![CDATA[
RESULT: undefined
COMMAND: POST /session/7afa81a77ea8a8cbfccffb848b1b0b21/element - {"using":"xpath","value":"//*[@id=\"__tile34\"]"}
RESULT: {"using":"xpath","value":"//*[@id=\"__tile34\"]"}
COMMAND: POST /session/7afa81a77ea8a8cbfccffb848b1b0b21/element/f.2AF773046040E3FA33B5151D55212630.d.AF3EB157664EC50164BBA533A587D4EA.e.231/click - {}
RESULT: {}
COMMAND: GET /session/7afa81a77ea8a8cbfccffb848b1b0b21/screenshot - {}
COMMAND: POST /session/7afa81a77ea8a8cbfccffb848b1b0b21/elements - {"using":"xpath","value":"//span[text()='Error']"}
RESULT: {}
RESULT: {"using":"xpath","value":"//span[text()='Error']"}
COMMAND: POST /session/7afa81a77ea8a8cbfccffb848b1b0b21/element - {"using":"xpath","value":"//button[@data-kt=\"addButton\"]"}
RESULT: {"using":"xpath","value":"//button[@data-kt=\"addButton\"]"}
COMMAND: POST /session/7afa81a77ea8a8cbfccffb848b1b0b21/elements - {"using":"xpath","value":"//button[@data-kt=\"addButton\"]"}
RESULT: {"using":"xpath","value":"//button[@data-kt=\"addButton\"]"}
COMMAND: POST /session/7afa81a77ea8a8cbfccffb848b1b0b21/execute/sync - {"script":"<script> [8489 bytes]","args":[{"element-6066-11e4-a52e-4f735466cecf":"f.2AF773046040E3FA33B5151D55212630.d.AF3EB157664EC50164BBA533A587D4EA.e.1519","ELEMENT":"f.2AF773046040E3FA33B5151D55212630.d.AF3EB157664EC50164BBA533A587D4EA.e.1519"}]}
RESULT: {"script":"<script> [8489 bytes]","args":[{"element-6066-11e4-a52e-4f735466cecf":"f.2AF773046040E3FA33B5151D55212630.d.AF3EB157664EC50164BBA533A587D4EA.e.1519","ELEMENT":"f.2AF773046040E3FA33B5151D55212630.d.AF3EB157664EC50164BBA533A587D4EA.e.1519"}]}
COMMAND: GET /session/7afa81a77ea8a8cbfccffb848b1b0b21/element/f.2AF773046040E3FA33B5151D55212630.d.AF3EB157664EC50164BBA533A587D4EA.e.1519/enabled - {}
COMMAND: GET /session/7afa81a77ea8a8cbfccffb848b1b0b21/screenshot - {}
RESULT: {}
COMMAND: POST /session/7afa81a77ea8a8cbfccffb848b1b0b21/execute/sync - {"script":"<script> [8489 bytes]","args":[{"element-6066-11e4-a52e-4f735466cecf":"f.2AF773046040E3FA33B5151D55212630.d.AF3EB157664EC50164BBA533A587D4EA.e.1519","ELEMENT":"f.2AF773046040E3FA33B5151D55212630.d.AF3EB157664EC50164BBA533A587D4EA.e.1519"}]}
COMMAND: GET /session/7afa81a77ea8a8cbfccffb848b1b0b21/screenshot - {}
RESULT: {}
RESULT: {"script":"<script> [8489 bytes]","args":[{"element-6066-11e4-a52e-4f735466cecf":"f.2AF773046040E3FA33B5151D55212630.d.AF3EB157664EC50164BBA533A587D4EA.e.1519","ELEMENT":"f.2AF773046040E3FA33B5151D55212630.d.AF3EB157664EC50164BBA533A587D4EA.e.1519"}]}
COMMAND: POST /session/7afa81a77ea8a8cbfccffb848b1b0b21/execute/sync - {"script":"<script> [5351 bytes]","args":[{"element-6066-11e4-a52e-4f735466cecf":"f.2AF773046040E3FA33B5151D55212630.d.AF3EB157664EC50164BBA533A587D4EA.e.1519","ELEMENT":"f.2AF773046040E3FA33B5151D55212630.d.AF3EB157664EC50164BBA533A587D4EA.e.1519"}]}
COMMAND: GET /session/7afa81a77ea8a8cbfccffb848b1b0b21/screenshot - {}
RESULT: {}
RESULT: {"script":"<script> [5351 bytes]","args":[{"element-6066-11e4-a52e-4f735466cecf":"f.2AF773046040E3FA33B5151D55212630.d.AF3EB157664EC50164BBA533A587D4EA.e.1519","ELEMENT":"f.2AF773046040E3FA33B5151D55212630.d.AF3EB157664EC50164BBA533A587D4EA.e.1519"}]}
COMMAND: GET /session/7afa81a77ea8a8cbfccffb848b1b0b21/screenshot - {}
RESULT: {}
COMMAND: POST /session/7afa81a77ea8a8cbfccffb848b1b0b21/element - {"using":"xpath","value":"//span[@id=\"application-addressmanagement-display-component---masterAdm--smartTable-header-inner\"]"}
RESULT: {}
RESULT: {"using":"xpath","value":"//span[@id=\"application-addressmanagement-display-component---masterAdm--smartTable-header-inner\"]"}
COMMAND: POST /session/7afa81a77ea8a8cbfccffb848b1b0b21/elements - {"using":"xpath","value":"//span[@id=\"application-addressmanagement-display-component---masterAdm--smartTable-header-inner\"]"}
RESULT: {"using":"xpath","value":"//span[@id=\"application-addressmanagement-display-component---masterAdm--smartTable-header-inner\"]"}
COMMAND: POST /session/7afa81a77ea8a8cbfccffb848b1b0b21/execute/sync - {"script":"<script> [56 bytes]","args":[{"element-6066-11e4-a52e-4f735466cecf":"f.2AF773046040E3FA33B5151D55212630.d.AF3EB157664EC50164BBA533A587D4EA.e.1649","ELEMENT":"f.2AF773046040E3FA33B5151D55212630.d.AF3EB157664EC50164BBA533A587D4EA.e.1649"}]}
RESULT: {"script":"<script> [56 bytes]","args":[{"element-6066-11e4-a52e-4f735466cecf":"f.2AF773046040E3FA33B5151D55212630.d.AF3EB157664EC50164BBA533A587D4EA.e.1649","ELEMENT":"f.2AF773046040E3FA33B5151D55212630.d.AF3EB157664EC50164BBA533A587D4EA.e.1649"}]}
COMMAND: POST /session/7afa81a77ea8a8cbfccffb848b1b0b21/execute/async - {"script":"<script> [1562 bytes]","args":[{"selector":{"id":"application-addressmanagement-display-component---masterAdm--smartFilterBar-filterItemControl_BASIC-COUNTRY-vhi"},"wdio_ui5_key":"applicationaddressmanagement-display-component---masterAdm--smartFilterBar-filterItemControl_BASIC-COUNTRY-vhi"}]}
COMMAND: GET /session/7afa81a77ea8a8cbfccffb848b1b0b21/screenshot - {}
RESULT: {"script":"<script> [1562 bytes]","args":[{"selector":{"id":"application-addressmanagement-display-component---masterAdm--smartFilterBar-filterItemControl_BASIC-COUNTRY-vhi"},"wdio_ui5_key":"applicationaddressmanagement-display-component---masterAdm--smartFilterBar-filterItemControl_BASIC-COUNTRY-vhi"}]}
RESULT: undefined
COMMAND: POST /session/7afa81a77ea8a8cbfccffb848b1b0b21/element - {"using":"xpath","value":"//*[@id=\"application-addressmanagement-display-component---masterAdm--smartFilterBar-filterItemControl_BASIC-COUNTRY-vhi\"]"}
RESULT: {}
RESULT: {"using":"xpath","value":"//*[@id=\"application-addressmanagement-display-component---masterAdm--smartFilterBar-filterItemControl_BASIC-COUNTRY-vhi\"]"}
COMMAND: POST /session/7afa81a77ea8a8cbfccffb848b1b0b21/element/f.2AF773046040E3FA33B5151D55212630.d.AF3EB157664EC50164BBA533A587D4EA.e.1650/click - {}
RESULT: {}
COMMAND: GET /session/7afa81a77ea8a8cbfccffb848b1b0b21/screenshot - {}
RESULT: {}
COMMAND: POST /session/7afa81a77ea8a8cbfccffb848b1b0b21/execute/async - {"script":"<script> [1562 bytes]","args":[{"selector":{"id":"application-addressmanagement-display-component---masterAdm--smartFilterBar-filterItemControl_BASIC-COUNTRY-valueHelpDialog-smartFilterBar-btnBasicSearch","searchOpenDialogs":true,"interaction":{"idSuffix":"I"}},"wdio_ui5_key":"applicationaddressmanagement-display-component---masterAdm--smartFilterBar-filterItemControl_BASIC-COUNTRY-valueHelpDialog-smartFilterBar-btnBasicSearch"}]}
RESULT: {"script":"<script> [1562 bytes]","args":[{"selector":{"id":"application-addressmanagement-display-component---masterAdm--smartFilterBar-filterItemControl_BASIC-COUNTRY-valueHelpDialog-smartFilterBar-btnBasicSearch","searchOpenDialogs":true,"interaction":{"idSuffix":"I"}},"wdio_ui5_key":"applicationaddressmanagement-display-component---masterAdm--smartFilterBar-filterItemControl_BASIC-COUNTRY-valueHelpDialog-smartFilterBar-btnBasicSearch"}]}
RESULT: undefined
COMMAND: POST /session/7afa81a77ea8a8cbfccffb848b1b0b21/execute/async - {"script":"<script> [776 bytes]","args":[{"enterText":"Romania","selector":{"id":"application-addressmanagement-display-component---masterAdm--smartFilterBar-filterItemControl_BASIC-COUNTRY-valueHelpDialog-smartFilterBar-btnBasicSearch","searchOpenDialogs":true,"interaction":{"idSuffix":"I"}},"clearTextFirst":true,"interactionType":"ENTER_TEXT"}]}
RESULT: {"script":"<script> [776 bytes]","args":[{"enterText":"Romania","selector":{"id":"application-addressmanagement-display-component---masterAdm--smartFilterBar-filterItemControl_BASIC-COUNTRY-valueHelpDialog-smartFilterBar-btnBasicSearch","searchOpenDialogs":true,"interaction":{"idSuffix":"I"}},"clearTextFirst":true,"interactionType":"ENTER_TEXT"}]}
COMMAND: POST /session/7afa81a77ea8a8cbfccffb848b1b0b21/actions - {"actions":[{"id":"action7","type":"key","parameters":{},"actions":[{"type":"keyDown","value":""},{"type":"pause","duration":10},{"type":"keyUp","value":""}]}]}
RESULT: {"actions":[{"id":"action7","type":"key","parameters":{},"actions":[{"type":"keyDown","value":""},{"type":"pause","duration":10},{"type":"keyUp","value":""}]}]}
COMMAND: POST /session/7afa81a77ea8a8cbfccffb848b1b0b21/elements - {"using":"xpath","value":"//table[contains(@id, \"smartFilterBar-filterItemControl_BASIC-COUNTRY-valueHelpDialog-table-table\")]/tbody/tr"}
COMMAND: GET /session/7afa81a77ea8a8cbfccffb848b1b0b21/screenshot - {}
RESULT: {"using":"xpath","value":"//table[contains(@id, \"smartFilterBar-filterItemControl_BASIC-COUNTRY-valueHelpDialog-table-table\")]/tbody/tr"}
COMMAND: POST /session/7afa81a77ea8a8cbfccffb848b1b0b21/element - {"using":"xpath","value":"//table[contains(@id, \"smartFilterBar-filterItemControl_BASIC-COUNTRY-valueHelpDialog-table-table\")]/tbody/tr[1]/td[1]/div/span"}
RESULT: {}
RESULT: {"using":"xpath","value":"//table[contains(@id, \"smartFilterBar-filterItemControl_BASIC-COUNTRY-valueHelpDialog-table-table\")]/tbody/tr[1]/td[1]/div/span"}
COMMAND: POST /session/7afa81a77ea8a8cbfccffb848b1b0b21/elements - {"using":"xpath","value":"//table[contains(@id, \"smartFilterBar-filterItemControl_BASIC-COUNTRY-valueHelpDialog-table-table\")]/tbody/tr[1]/td[1]/div/span"}
RESULT: {"using":"xpath","value":"//table[contains(@id, \"smartFilterBar-filterItemControl_BASIC-COUNTRY-valueHelpDialog-table-table\")]/tbody/tr[1]/td[1]/div/span"}
COMMAND: POST /session/7afa81a77ea8a8cbfccffb848b1b0b21/execute/sync - {"script":"<script> [56 bytes]","args":[{"element-6066-11e4-a52e-4f735466cecf":"f.2AF773046040E3FA33B5151D55212630.d.AF3EB157664EC50164BBA533A587D4EA.e.1670","ELEMENT":"f.2AF773046040E3FA33B5151D55212630.d.AF3EB157664EC50164BBA533A587D4EA.e.1670"}]}
RESULT: {"script":"<script> [56 bytes]","args":[{"element-6066-11e4-a52e-4f735466cecf":"f.2AF773046040E3FA33B5151D55212630.d.AF3EB157664EC50164BBA533A587D4EA.e.1670","ELEMENT":"f.2AF773046040E3FA33B5151D55212630.d.AF3EB157664EC50164BBA533A587D4EA.e.1670"}]}
COMMAND: POST /session/7afa81a77ea8a8cbfccffb848b1b0b21/element - {"using":"xpath","value":"//div[contains(@id, \"filterItemControl_BASIC-COUNTRY-valueHelpDialog-table-rowsel0\")]"}
COMMAND: GET /session/7afa81a77ea8a8cbfccffb848b1b0b21/screenshot - {}
RESULT: {"using":"xpath","value":"//div[contains(@id, \"filterItemControl_BASIC-COUNTRY-valueHelpDialog-table-rowsel0\")]"}
COMMAND: POST /session/7afa81a77ea8a8cbfccffb848b1b0b21/element/f.2AF773046040E3FA33B5151D55212630.d.AF3EB157664EC50164BBA533A587D4EA.e.1671/click - {}
RESULT: {}
RESULT: {}
COMMAND: GET /session/7afa81a77ea8a8cbfccffb848b1b0b21/screenshot - {}
RESULT: {}
COMMAND: POST /session/7afa81a77ea8a8cbfccffb848b1b0b21/element - {"using":"xpath","value":"(//bdi[contains(text(), \"OK\")])[1]"}
RESULT: {"using":"xpath","value":"(//bdi[contains(text(), \"OK\")])[1]"}
COMMAND: POST /session/7afa81a77ea8a8cbfccffb848b1b0b21/element/f.2AF773046040E3FA33B5151D55212630.d.AF3EB157664EC50164BBA533A587D4EA.e.1673/click - {}
RESULT: {}
COMMAND: GET /session/7afa81a77ea8a8cbfccffb848b1b0b21/screenshot - {}
RESULT: {}
COMMAND: POST /session/7afa81a77ea8a8cbfccffb848b1b0b21/element - {"using":"xpath","value":"//span[@id=\"application-addressmanagement-display-component---masterAdm--smartTable-header-inner\"]"}
RESULT: {"using":"xpath","value":"//span[@id=\"application-addressmanagement-display-component---masterAdm--smartTable-header-inner\"]"}
COMMAND: POST /session/7afa81a77ea8a8cbfccffb848b1b0b21/elements - {"using":"xpath","value":"//span[@id=\"application-addressmanagement-display-component---masterAdm--smartTable-header-inner\"]"}
RESULT: {"using":"xpath","value":"//span[@id=\"application-addressmanagement-display-component---masterAdm--smartTable-header-inner\"]"}
COMMAND: POST /session/7afa81a77ea8a8cbfccffb848b1b0b21/execute/sync - {"script":"<script> [56 bytes]","args":[{"element-6066-11e4-a52e-4f735466cecf":"f.2AF773046040E3FA33B5151D55212630.d.AF3EB157664EC50164BBA533A587D4EA.e.1649","ELEMENT":"f.2AF773046040E3FA33B5151D55212630.d.AF3EB157664EC50164BBA533A587D4EA.e.1649"}]}
RESULT: {"script":"<script> [56 bytes]","args":[{"element-6066-11e4-a52e-4f735466cecf":"f.2AF773046040E3FA33B5151D55212630.d.AF3EB157664EC50164BBA533A587D4EA.e.1649","ELEMENT":"f.2AF773046040E3FA33B5151D55212630.d.AF3EB157664EC50164BBA533A587D4EA.e.1649"}]}
COMMAND: POST /session/7afa81a77ea8a8cbfccffb848b1b0b21/element - {"using":"xpath","value":"//span[contains(@title, \"Remove\")]"}
COMMAND: GET /session/7afa81a77ea8a8cbfccffb848b1b0b21/screenshot - {}
RESULT: {"using":"xpath","value":"//span[contains(@title, \"Remove\")]"}
COMMAND: POST /session/7afa81a77ea8a8cbfccffb848b1b0b21/element/f.2AF773046040E3FA33B5151D55212630.d.AF3EB157664EC50164BBA533A587D4EA.e.1796/click - {}
RESULT: {}
RESULT: {}
COMMAND: GET /session/7afa81a77ea8a8cbfccffb848b1b0b21/screenshot - {}
RESULT: {}
COMMAND: POST /session/7afa81a77ea8a8cbfccffb848b1b0b21/element - {"using":"xpath","value":"//span[@id=\"application-addressmanagement-display-component---masterAdm--smartTable-header-inner\"]"}
RESULT: {"using":"xpath","value":"//span[@id=\"application-addressmanagement-display-component---masterAdm--smartTable-header-inner\"]"}
COMMAND: POST /session/7afa81a77ea8a8cbfccffb848b1b0b21/elements - {"using":"xpath","value":"//span[@id=\"application-addressmanagement-display-component---masterAdm--smartTable-header-inner\"]"}
RESULT: {"using":"xpath","value":"//span[@id=\"application-addressmanagement-display-component---masterAdm--smartTable-header-inner\"]"}
COMMAND: POST /session/7afa81a77ea8a8cbfccffb848b1b0b21/execute/sync - {"script":"<script> [56 bytes]","args":[{"element-6066-11e4-a52e-4f735466cecf":"f.2AF773046040E3FA33B5151D55212630.d.AF3EB157664EC50164BBA533A587D4EA.e.1649","ELEMENT":"f.2AF773046040E3FA33B5151D55212630.d.AF3EB157664EC50164BBA533A587D4EA.e.1649"}]}
RESULT: {"script":"<script> [56 bytes]","args":[{"element-6066-11e4-a52e-4f735466cecf":"f.2AF773046040E3FA33B5151D55212630.d.AF3EB157664EC50164BBA533A587D4EA.e.1649","ELEMENT":"f.2AF773046040E3FA33B5151D55212630.d.AF3EB157664EC50164BBA533A587D4EA.e.1649"}]}
RESULT: undefined
COMMAND: POST /session/7afa81a77ea8a8cbfccffb848b1b0b21/element - {"using":"xpath","value":"//*[@id=\"application-addressmanagement-display-component---masterAdm--smartFilterBar-filterItemControl_BASIC-COUNTRY-vhi\"]"}
COMMAND: GET /session/7afa81a77ea8a8cbfccffb848b1b0b21/screenshot - {}
RESULT: {"using":"xpath","value":"//*[@id=\"application-addressmanagement-display-component---masterAdm--smartFilterBar-filterItemControl_BASIC-COUNTRY-vhi\"]"}
COMMAND: POST /session/7afa81a77ea8a8cbfccffb848b1b0b21/element/f.2AF773046040E3FA33B5151D55212630.d.AF3EB157664EC50164BBA533A587D4EA.e.1650/click - {}
RESULT: {}
RESULT: {}
COMMAND: GET /session/7afa81a77ea8a8cbfccffb848b1b0b21/screenshot - {}
RESULT: {}
RESULT: undefined
COMMAND: POST /session/7afa81a77ea8a8cbfccffb848b1b0b21/execute/async - {"script":"<script> [776 bytes]","args":[{"enterText":"Romania","selector":{"id":"application-addressmanagement-display-component---masterAdm--smartFilterBar-filterItemControl_BASIC-COUNTRY-valueHelpDialog-smartFilterBar-btnBasicSearch","searchOpenDialogs":true,"interaction":{"idSuffix":"I"}},"clearTextFirst":true,"interactionType":"ENTER_TEXT"}]}
RESULT: {"script":"<script> [776 bytes]","args":[{"enterText":"Romania","selector":{"id":"application-addressmanagement-display-component---masterAdm--smartFilterBar-filterItemControl_BASIC-COUNTRY-valueHelpDialog-smartFilterBar-btnBasicSearch","searchOpenDialogs":true,"interaction":{"idSuffix":"I"}},"clearTextFirst":true,"interactionType":"ENTER_TEXT"}]}
COMMAND: POST /session/7afa81a77ea8a8cbfccffb848b1b0b21/actions - {"actions":[{"id":"action8","type":"key","parameters":{},"actions":[{"type":"keyDown","value":""},{"type":"pause","duration":10},{"type":"keyUp","value":""}]}]}
RESULT: {"actions":[{"id":"action8","type":"key","parameters":{},"actions":[{"type":"keyDown","value":""},{"type":"pause","duration":10},{"type":"keyUp","value":""}]}]}
COMMAND: GET /session/7afa81a77ea8a8cbfccffb848b1b0b21/screenshot - {}
RESULT: {}
COMMAND: POST /session/7afa81a77ea8a8cbfccffb848b1b0b21/elements - {"using":"xpath","value":"//table[contains(@id, \"smartFilterBar-filterItemControl_BASIC-COUNTRY-valueHelpDialog-table-table\")]/tbody/tr"}
RESULT: {"using":"xpath","value":"//table[contains(@id, \"smartFilterBar-filterItemControl_BASIC-COUNTRY-valueHelpDialog-table-table\")]/tbody/tr"}
COMMAND: POST /session/7afa81a77ea8a8cbfccffb848b1b0b21/element - {"using":"xpath","value":"//table[contains(@id, \"smartFilterBar-filterItemControl_BASIC-COUNTRY-valueHelpDialog-table-table\")]/tbody/tr[1]/td[1]/div/span"}
RESULT: {"using":"xpath","value":"//table[contains(@id, \"smartFilterBar-filterItemControl_BASIC-COUNTRY-valueHelpDialog-table-table\")]/tbody/tr[1]/td[1]/div/span"}
COMMAND: POST /session/7afa81a77ea8a8cbfccffb848b1b0b21/elements - {"using":"xpath","value":"//table[contains(@id, \"smartFilterBar-filterItemControl_BASIC-COUNTRY-valueHelpDialog-table-table\")]/tbody/tr[1]/td[1]/div/span"}
RESULT: {"using":"xpath","value":"//table[contains(@id, \"smartFilterBar-filterItemControl_BASIC-COUNTRY-valueHelpDialog-table-table\")]/tbody/tr[1]/td[1]/div/span"}
COMMAND: POST /session/7afa81a77ea8a8cbfccffb848b1b0b21/execute/sync - {"script":"<script> [56 bytes]","args":[{"element-6066-11e4-a52e-4f735466cecf":"f.2AF773046040E3FA33B5151D55212630.d.AF3EB157664EC50164BBA533A587D4EA.e.1875","ELEMENT":"f.2AF773046040E3FA33B5151D55212630.d.AF3EB157664EC50164BBA533A587D4EA.e.1875"}]}
RESULT: {"script":"<script> [56 bytes]","args":[{"element-6066-11e4-a52e-4f735466cecf":"f.2AF773046040E3FA33B5151D55212630.d.AF3EB157664EC50164BBA533A587D4EA.e.1875","ELEMENT":"f.2AF773046040E3FA33B5151D55212630.d.AF3EB157664EC50164BBA533A587D4EA.e.1875"}]}
COMMAND: POST /session/7afa81a77ea8a8cbfccffb848b1b0b21/element - {"using":"xpath","value":"//div[contains(@id, \"filterItemControl_BASIC-COUNTRY-valueHelpDialog-table-rowsel0\")]"}
COMMAND: GET /session/7afa81a77ea8a8cbfccffb848b1b0b21/screenshot - {}
RESULT: {"using":"xpath","value":"//div[contains(@id, \"filterItemControl_BASIC-COUNTRY-valueHelpDialog-table-rowsel0\")]"}
COMMAND: POST /session/7afa81a77ea8a8cbfccffb848b1b0b21/element/f.2AF773046040E3FA33B5151D55212630.d.AF3EB157664EC50164BBA533A587D4EA.e.1876/click - {}
RESULT: {}
RESULT: {}
COMMAND: GET /session/7afa81a77ea8a8cbfccffb848b1b0b21/screenshot - {}
RESULT: {}
RESULT: undefined
COMMAND: POST /session/7afa81a77ea8a8cbfccffb848b1b0b21/element - {"using":"xpath","value":"//*[@id=\"application-addressmanagement-display-component---masterAdm--smartFilterBar-filterItemControl_BASIC-COUNTRY-vhi\"]"}
RESULT: {"using":"xpath","value":"//*[@id=\"application-addressmanagement-display-component---masterAdm--smartFilterBar-filterItemControl_BASIC-COUNTRY-vhi\"]"}
COMMAND: POST /session/7afa81a77ea8a8cbfccffb848b1b0b21/element/f.2AF773046040E3FA33B5151D55212630.d.AF3EB157664EC50164BBA533A587D4EA.e.1650/click - {}
RESULT: undefined
COMMAND: POST /session/7afa81a77ea8a8cbfccffb848b1b0b21/execute/async - {"script":"<script> [776 bytes]","args":[{"enterText":"Argentina","selector":{"id":"application-addressmanagement-display-component---masterAdm--smartFilterBar-filterItemControl_BASIC-COUNTRY-valueHelpDialog-smartFilterBar-btnBasicSearch","searchOpenDialogs":true,"interaction":{"idSuffix":"I"}},"clearTextFirst":true,"interactionType":"ENTER_TEXT"}]}
RESULT: {"script":"<script> [776 bytes]","args":[{"enterText":"Argentina","selector":{"id":"application-addressmanagement-display-component---masterAdm--smartFilterBar-filterItemControl_BASIC-COUNTRY-valueHelpDialog-smartFilterBar-btnBasicSearch","searchOpenDialogs":true,"interaction":{"idSuffix":"I"}},"clearTextFirst":true,"interactionType":"ENTER_TEXT"}]}
COMMAND: POST /session/7afa81a77ea8a8cbfccffb848b1b0b21/actions - {"actions":[{"id":"action9","type":"key","parameters":{},"actions":[{"type":"keyDown","value":""},{"type":"pause","duration":10},{"type":"keyUp","value":""}]}]}
RESULT: {"actions":[{"id":"action9","type":"key","parameters":{},"actions":[{"type":"keyDown","value":""},{"type":"pause","duration":10},{"type":"keyUp","value":""}]}]}
COMMAND: GET /session/7afa81a77ea8a8cbfccffb848b1b0b21/screenshot - {}
RESULT: {}
COMMAND: POST /session/7afa81a77ea8a8cbfccffb848b1b0b21/elements - {"using":"xpath","value":"//table[contains(@id, \"smartFilterBar-filterItemControl_BASIC-COUNTRY-valueHelpDialog-table-table\")]/tbody/tr"}
RESULT: {"using":"xpath","value":"//table[contains(@id, \"smartFilterBar-filterItemControl_BASIC-COUNTRY-valueHelpDialog-table-table\")]/tbody/tr"}
COMMAND: POST /session/7afa81a77ea8a8cbfccffb848b1b0b21/element - {"using":"xpath","value":"//table[contains(@id, \"smartFilterBar-filterItemControl_BASIC-COUNTRY-valueHelpDialog-table-table\")]/tbody/tr[1]/td[1]/div/span"}
RESULT: {"using":"xpath","value":"//table[contains(@id, \"smartFilterBar-filterItemControl_BASIC-COUNTRY-valueHelpDialog-table-table\")]/tbody/tr[1]/td[1]/div/span"}
COMMAND: POST /session/7afa81a77ea8a8cbfccffb848b1b0b21/elements - {"using":"xpath","value":"//table[contains(@id, \"smartFilterBar-filterItemControl_BASIC-COUNTRY-valueHelpDialog-table-table\")]/tbody/tr[1]/td[1]/div/span"}
RESULT: {"using":"xpath","value":"//table[contains(@id, \"smartFilterBar-filterItemControl_BASIC-COUNTRY-valueHelpDialog-table-table\")]/tbody/tr[1]/td[1]/div/span"}
COMMAND: POST /session/7afa81a77ea8a8cbfccffb848b1b0b21/execute/sync - {"script":"<script> [56 bytes]","args":[{"element-6066-11e4-a52e-4f735466cecf":"f.2AF773046040E3FA33B5151D55212630.d.AF3EB157664EC50164BBA533A587D4EA.e.1875","ELEMENT":"f.2AF773046040E3FA33B5151D55212630.d.AF3EB157664EC50164BBA533A587D4EA.e.1875"}]}
RESULT: {"script":"<script> [56 bytes]","args":[{"element-6066-11e4-a52e-4f735466cecf":"f.2AF773046040E3FA33B5151D55212630.d.AF3EB157664EC50164BBA533A587D4EA.e.1875","ELEMENT":"f.2AF773046040E3FA33B5151D55212630.d.AF3EB157664EC50164BBA533A587D4EA.e.1875"}]}
COMMAND: POST /session/7afa81a77ea8a8cbfccffb848b1b0b21/element - {"using":"xpath","value":"//div[contains(@id, \"filterItemControl_BASIC-COUNTRY-valueHelpDialog-table-rowsel0\")]"}
COMMAND: GET /session/7afa81a77ea8a8cbfccffb848b1b0b21/screenshot - {}
RESULT: {"using":"xpath","value":"//div[contains(@id, \"filterItemControl_BASIC-COUNTRY-valueHelpDialog-table-rowsel0\")]"}
COMMAND: POST /session/7afa81a77ea8a8cbfccffb848b1b0b21/element/f.2AF773046040E3FA33B5151D55212630.d.AF3EB157664EC50164BBA533A587D4EA.e.1876/click - {}
RESULT: {}
RESULT: {}
COMMAND: GET /session/7afa81a77ea8a8cbfccffb848b1b0b21/screenshot - {}
RESULT: {}
COMMAND: POST /session/7afa81a77ea8a8cbfccffb848b1b0b21/element - {"using":"xpath","value":"(//bdi[contains(text(), \"OK\")])[1]"}
RESULT: {"using":"xpath","value":"(//bdi[contains(text(), \"OK\")])[1]"}
COMMAND: POST /session/7afa81a77ea8a8cbfccffb848b1b0b21/element/f.2AF773046040E3FA33B5151D55212630.d.AF3EB157664EC50164BBA533A587D4EA.e.1878/click - {}
RESULT: {}
COMMAND: GET /session/7afa81a77ea8a8cbfccffb848b1b0b21/screenshot - {}
RESULT: {}
COMMAND: POST /session/7afa81a77ea8a8cbfccffb848b1b0b21/element - {"using":"xpath","value":"//span[@id=\"application-addressmanagement-display-component---masterAdm--smartTable-header-inner\"]"}
RESULT: {"using":"xpath","value":"//span[@id=\"application-addressmanagement-display-component---masterAdm--smartTable-header-inner\"]"}
COMMAND: POST /session/7afa81a77ea8a8cbfccffb848b1b0b21/elements - {"using":"xpath","value":"//span[@id=\"application-addressmanagement-display-component---masterAdm--smartTable-header-inner\"]"}
RESULT: {"using":"xpath","value":"//span[@id=\"application-addressmanagement-display-component---masterAdm--smartTable-header-inner\"]"}
COMMAND: POST /session/7afa81a77ea8a8cbfccffb848b1b0b21/execute/sync - {"script":"<script> [56 bytes]","args":[{"element-6066-11e4-a52e-4f735466cecf":"f.2AF773046040E3FA33B5151D55212630.d.AF3EB157664EC50164BBA533A587D4EA.e.1649","ELEMENT":"f.2AF773046040E3FA33B5151D55212630.d.AF3EB157664EC50164BBA533A587D4EA.e.1649"}]}
RESULT: {"script":"<script> [56 bytes]","args":[{"element-6066-11e4-a52e-4f735466cecf":"f.2AF773046040E3FA33B5151D55212630.d.AF3EB157664EC50164BBA533A587D4EA.e.1649","ELEMENT":"f.2AF773046040E3FA33B5151D55212630.d.AF3EB157664EC50164BBA533A587D4EA.e.1649"}]}
COMMAND: POST /session/7afa81a77ea8a8cbfccffb848b1b0b21/execute/async - {"script":"<script> [1562 bytes]","args":[{"selector":{"id":"application-addressmanagement-display-component---masterAdm--smartFilterBar-filterItemControl_BASIC-NAME-vhi"},"wdio_ui5_key":"applicationaddressmanagement-display-component---masterAdm--smartFilterBar-filterItemControl_BASIC-NAME-vhi"}]}
COMMAND: GET /session/7afa81a77ea8a8cbfccffb848b1b0b21/screenshot - {}
RESULT: {"script":"<script> [1562 bytes]","args":[{"selector":{"id":"application-addressmanagement-display-component---masterAdm--smartFilterBar-filterItemControl_BASIC-NAME-vhi"},"wdio_ui5_key":"applicationaddressmanagement-display-component---masterAdm--smartFilterBar-filterItemControl_BASIC-NAME-vhi"}]}
RESULT: undefined
COMMAND: POST /session/7afa81a77ea8a8cbfccffb848b1b0b21/element - {"using":"xpath","value":"//*[@id=\"application-addressmanagement-display-component---masterAdm--smartFilterBar-filterItemControl_BASIC-NAME-vhi\"]"}
RESULT: {}
RESULT: {"using":"xpath","value":"//*[@id=\"application-addressmanagement-display-component---masterAdm--smartFilterBar-filterItemControl_BASIC-NAME-vhi\"]"}
COMMAND: POST /session/7afa81a77ea8a8cbfccffb848b1b0b21/element/f.2AF773046040E3FA33B5151D55212630.d.AF3EB157664EC50164BBA533A587D4EA.e.1903/click - {}
RESULT: {}
COMMAND: GET /session/7afa81a77ea8a8cbfccffb848b1b0b21/screenshot - {}
RESULT: {}
COMMAND: POST /session/7afa81a77ea8a8cbfccffb848b1b0b21/execute/async - {"script":"<script> [1562 bytes]","args":[{"selector":{"controlType":"sap.m.Input","viewName":"etm.portal.ui.addressmanagement.view.Master","viewId":"application-addressmanagement-display-component---masterAdm","properties":{"valueState":"None"},"searchOpenDialogs":true,"interaction":{"idSuffix":"inner"}},"wdio_ui5_key":"etmportal.ui.addressmanagement.view.Mastersap.m.Input{\"valueState\":\"None\"}"}]}
RESULT: {"script":"<script> [1562 bytes]","args":[{"selector":{"controlType":"sap.m.Input","viewName":"etm.portal.ui.addressmanagement.view.Master","viewId":"application-addressmanagement-display-component---masterAdm","properties":{"valueState":"None"},"searchOpenDialogs":true,"interaction":{"idSuffix":"inner"}},"wdio_ui5_key":"etmportal.ui.addressmanagement.view.Mastersap.m.Input{\"valueState\":\"None\"}"}]}
RESULT: undefined
COMMAND: POST /session/7afa81a77ea8a8cbfccffb848b1b0b21/execute/async - {"script":"<script> [776 bytes]","args":[{"enterText":"Test","selector":{"controlType":"sap.m.Input","viewName":"etm.portal.ui.addressmanagement.view.Master","viewId":"application-addressmanagement-display-component---masterAdm","properties":{"valueState":"None"},"searchOpenDialogs":true,"interaction":{"idSuffix":"inner"}},"clearTextFirst":true,"interactionType":"ENTER_TEXT"}]}
RESULT: {"script":"<script> [776 bytes]","args":[{"enterText":"Test","selector":{"controlType":"sap.m.Input","viewName":"etm.portal.ui.addressmanagement.view.Master","viewId":"application-addressmanagement-display-component---masterAdm","properties":{"valueState":"None"},"searchOpenDialogs":true,"interaction":{"idSuffix":"inner"}},"clearTextFirst":true,"interactionType":"ENTER_TEXT"}]}
COMMAND: POST /session/7afa81a77ea8a8cbfccffb848b1b0b21/actions - {"actions":[{"id":"action10","type":"key","parameters":{},"actions":[{"type":"keyDown","value":""},{"type":"pause","duration":10},{"type":"keyUp","value":""}]}]}
RESULT: {"actions":[{"id":"action10","type":"key","parameters":{},"actions":[{"type":"keyDown","value":""},{"type":"pause","duration":10},{"type":"keyUp","value":""}]}]}
COMMAND: GET /session/7afa81a77ea8a8cbfccffb848b1b0b21/screenshot - {}
RESULT: {}
COMMAND: POST /session/7afa81a77ea8a8cbfccffb848b1b0b21/element - {"using":"xpath","value":"(//bdi[contains(text(), \"OK\")])[1]"}
RESULT: {"using":"xpath","value":"(//bdi[contains(text(), \"OK\")])[1]"}
COMMAND: POST /session/7afa81a77ea8a8cbfccffb848b1b0b21/element/f.2AF773046040E3FA33B5151D55212630.d.AF3EB157664EC50164BBA533A587D4EA.e.1909/click - {}
RESULT: {}
COMMAND: GET /session/7afa81a77ea8a8cbfccffb848b1b0b21/screenshot - {}
RESULT: {}
COMMAND: POST /session/7afa81a77ea8a8cbfccffb848b1b0b21/element - {"using":"xpath","value":"//span[@id=\"application-addressmanagement-display-component---masterAdm--smartTable-header-inner\"]"}
RESULT: {"using":"xpath","value":"//span[@id=\"application-addressmanagement-display-component---masterAdm--smartTable-header-inner\"]"}
COMMAND: POST /session/7afa81a77ea8a8cbfccffb848b1b0b21/elements - {"using":"xpath","value":"//span[@id=\"application-addressmanagement-display-component---masterAdm--smartTable-header-inner\"]"}
RESULT: {"using":"xpath","value":"//span[@id=\"application-addressmanagement-display-component---masterAdm--smartTable-header-inner\"]"}
COMMAND: POST /session/7afa81a77ea8a8cbfccffb848b1b0b21/execute/sync - {"script":"<script> [56 bytes]","args":[{"element-6066-11e4-a52e-4f735466cecf":"f.2AF773046040E3FA33B5151D55212630.d.AF3EB157664EC50164BBA533A587D4EA.e.1649","ELEMENT":"f.2AF773046040E3FA33B5151D55212630.d.AF3EB157664EC50164BBA533A587D4EA.e.1649"}]}
RESULT: {"script":"<script> [56 bytes]","args":[{"element-6066-11e4-a52e-4f735466cecf":"f.2AF773046040E3FA33B5151D55212630.d.AF3EB157664EC50164BBA533A587D4EA.e.1649","ELEMENT":"f.2AF773046040E3FA33B5151D55212630.d.AF3EB157664EC50164BBA533A587D4EA.e.1649"}]}
COMMAND: POST /session/7afa81a77ea8a8cbfccffb848b1b0b21/element - {"using":"xpath","value":"//span[contains(@title, \"Remove\")]"}
COMMAND: GET /session/7afa81a77ea8a8cbfccffb848b1b0b21/screenshot - {}
RESULT: {"using":"xpath","value":"//span[contains(@title, \"Remove\")]"}
COMMAND: POST /session/7afa81a77ea8a8cbfccffb848b1b0b21/element/f.2AF773046040E3FA33B5151D55212630.d.AF3EB157664EC50164BBA533A587D4EA.e.1980/click - {}
RESULT: {}
RESULT: {}
COMMAND: GET /session/7afa81a77ea8a8cbfccffb848b1b0b21/screenshot - {}
COMMAND: POST /session/7afa81a77ea8a8cbfccffb848b1b0b21/element - {"using":"xpath","value":"//span[contains(@title, \"Remove\")]"}
RESULT: {}
RESULT: {"using":"xpath","value":"//span[contains(@title, \"Remove\")]"}
COMMAND: POST /session/7afa81a77ea8a8cbfccffb848b1b0b21/element/f.2AF773046040E3FA33B5151D55212630.d.AF3EB157664EC50164BBA533A587D4EA.e.2051/click - {}
RESULT: {}
COMMAND: GET /session/7afa81a77ea8a8cbfccffb848b1b0b21/screenshot - {}
COMMAND: POST /session/7afa81a77ea8a8cbfccffb848b1b0b21/element - {"using":"xpath","value":"//span[contains(@title, \"Remove\")]"}
RESULT: {}
RESULT: {"using":"xpath","value":"//span[contains(@title, \"Remove\")]"}
COMMAND: POST /session/7afa81a77ea8a8cbfccffb848b1b0b21/element/f.2AF773046040E3FA33B5151D55212630.d.AF3EB157664EC50164BBA533A587D4EA.e.2160/click - {}
RESULT: {}
COMMAND: GET /session/7afa81a77ea8a8cbfccffb848b1b0b21/screenshot - {}
RESULT: {}
COMMAND: POST /session/7afa81a77ea8a8cbfccffb848b1b0b21/element - {"using":"css selector","value":"#shell-header-logo"}
RESULT: {"using":"css selector","value":"#shell-header-logo"}
COMMAND: POST /session/7afa81a77ea8a8cbfccffb848b1b0b21/element/f.2AF773046040E3FA33B5151D55212630.d.AF3EB157664EC50164BBA533A587D4EA.e.1466/click - {}
RESULT: {}
COMMAND: GET /session/7afa81a77ea8a8cbfccffb848b1b0b21/screenshot - {}
RESULT: {}
]]></system-out>
    </testcase>
    <testcase classname="chrome.137_0_7151_69.windows.Address_Management_Tests_US156181_US151165_US151160_US156180_US156178_US151157_US151172_US151170_US151166_US151168" name="Step 6 Should assign user ID to an user assign them to site US151172" time="89.873">
      <system-out><![CDATA[
RESULT: undefined
COMMAND: POST /session/7afa81a77ea8a8cbfccffb848b1b0b21/element - {"using":"xpath","value":"//*[@id=\"__tile34\"]"}
RESULT: {"using":"xpath","value":"//*[@id=\"__tile34\"]"}
COMMAND: POST /session/7afa81a77ea8a8cbfccffb848b1b0b21/element/f.2AF773046040E3FA33B5151D55212630.d.AF3EB157664EC50164BBA533A587D4EA.e.231/click - {}
RESULT: {}
COMMAND: GET /session/7afa81a77ea8a8cbfccffb848b1b0b21/screenshot - {}
RESULT: {}
COMMAND: POST /session/7afa81a77ea8a8cbfccffb848b1b0b21/elements - {"using":"xpath","value":"//span[text()='Error']"}
RESULT: {"using":"xpath","value":"//span[text()='Error']"}
COMMAND: POST /session/7afa81a77ea8a8cbfccffb848b1b0b21/element - {"using":"xpath","value":"//button[@data-kt=\"addButton\"]"}
RESULT: {"using":"xpath","value":"//button[@data-kt=\"addButton\"]"}
COMMAND: POST /session/7afa81a77ea8a8cbfccffb848b1b0b21/elements - {"using":"xpath","value":"//button[@data-kt=\"addButton\"]"}
RESULT: {"using":"xpath","value":"//button[@data-kt=\"addButton\"]"}
COMMAND: POST /session/7afa81a77ea8a8cbfccffb848b1b0b21/execute/sync - {"script":"<script> [8489 bytes]","args":[{"element-6066-11e4-a52e-4f735466cecf":"f.2AF773046040E3FA33B5151D55212630.d.AF3EB157664EC50164BBA533A587D4EA.e.2278","ELEMENT":"f.2AF773046040E3FA33B5151D55212630.d.AF3EB157664EC50164BBA533A587D4EA.e.2278"}]}
RESULT: {"script":"<script> [8489 bytes]","args":[{"element-6066-11e4-a52e-4f735466cecf":"f.2AF773046040E3FA33B5151D55212630.d.AF3EB157664EC50164BBA533A587D4EA.e.2278","ELEMENT":"f.2AF773046040E3FA33B5151D55212630.d.AF3EB157664EC50164BBA533A587D4EA.e.2278"}]}
COMMAND: GET /session/7afa81a77ea8a8cbfccffb848b1b0b21/element/f.2AF773046040E3FA33B5151D55212630.d.AF3EB157664EC50164BBA533A587D4EA.e.2278/enabled - {}
COMMAND: GET /session/7afa81a77ea8a8cbfccffb848b1b0b21/screenshot - {}
RESULT: {}
COMMAND: POST /session/7afa81a77ea8a8cbfccffb848b1b0b21/execute/sync - {"script":"<script> [8489 bytes]","args":[{"element-6066-11e4-a52e-4f735466cecf":"f.2AF773046040E3FA33B5151D55212630.d.AF3EB157664EC50164BBA533A587D4EA.e.2278","ELEMENT":"f.2AF773046040E3FA33B5151D55212630.d.AF3EB157664EC50164BBA533A587D4EA.e.2278"}]}
COMMAND: GET /session/7afa81a77ea8a8cbfccffb848b1b0b21/screenshot - {}
RESULT: {}
RESULT: {"script":"<script> [8489 bytes]","args":[{"element-6066-11e4-a52e-4f735466cecf":"f.2AF773046040E3FA33B5151D55212630.d.AF3EB157664EC50164BBA533A587D4EA.e.2278","ELEMENT":"f.2AF773046040E3FA33B5151D55212630.d.AF3EB157664EC50164BBA533A587D4EA.e.2278"}]}
COMMAND: POST /session/7afa81a77ea8a8cbfccffb848b1b0b21/execute/sync - {"script":"<script> [5351 bytes]","args":[{"element-6066-11e4-a52e-4f735466cecf":"f.2AF773046040E3FA33B5151D55212630.d.AF3EB157664EC50164BBA533A587D4EA.e.2278","ELEMENT":"f.2AF773046040E3FA33B5151D55212630.d.AF3EB157664EC50164BBA533A587D4EA.e.2278"}]}
COMMAND: GET /session/7afa81a77ea8a8cbfccffb848b1b0b21/screenshot - {}
RESULT: {}
RESULT: {"script":"<script> [5351 bytes]","args":[{"element-6066-11e4-a52e-4f735466cecf":"f.2AF773046040E3FA33B5151D55212630.d.AF3EB157664EC50164BBA533A587D4EA.e.2278","ELEMENT":"f.2AF773046040E3FA33B5151D55212630.d.AF3EB157664EC50164BBA533A587D4EA.e.2278"}]}
COMMAND: GET /session/7afa81a77ea8a8cbfccffb848b1b0b21/screenshot - {}
RESULT: {}
RESULT: {}
RESULT: undefined
COMMAND: POST /session/7afa81a77ea8a8cbfccffb848b1b0b21/execute/async - {"script":"<script> [776 bytes]","args":[{"enterText":"Test1ETM","selector":{"id":"application-addressmanagement-display-component---masterAdm--smartFilterBar-btnBasicSearch","interaction":{"idSuffix":"I"}},"clearTextFirst":true,"interactionType":"ENTER_TEXT"}]}
RESULT: {"script":"<script> [776 bytes]","args":[{"enterText":"Test1ETM","selector":{"id":"application-addressmanagement-display-component---masterAdm--smartFilterBar-btnBasicSearch","interaction":{"idSuffix":"I"}},"clearTextFirst":true,"interactionType":"ENTER_TEXT"}]}
COMMAND: POST /session/7afa81a77ea8a8cbfccffb848b1b0b21/actions - {"actions":[{"id":"action11","type":"key","parameters":{},"actions":[{"type":"keyDown","value":""},{"type":"pause","duration":10},{"type":"keyUp","value":""}]}]}
RESULT: {"actions":[{"id":"action11","type":"key","parameters":{},"actions":[{"type":"keyDown","value":""},{"type":"pause","duration":10},{"type":"keyUp","value":""}]}]}
COMMAND: GET /session/7afa81a77ea8a8cbfccffb848b1b0b21/screenshot - {}
RESULT: {}
COMMAND: POST /session/7afa81a77ea8a8cbfccffb848b1b0b21/elements - {"using":"xpath","value":"//table[contains(@id, \"customPersonsAddressesTable-listUl\")]/tbody/tr"}
RESULT: {"using":"xpath","value":"//table[contains(@id, \"customPersonsAddressesTable-listUl\")]/tbody/tr"}
COMMAND: POST /session/7afa81a77ea8a8cbfccffb848b1b0b21/element - {"using":"xpath","value":"//table[contains(@id, \"customPersonsAddressesTable-listUl\")]/tbody/tr[1]/td[5]/span/span"}
RESULT: {"using":"xpath","value":"//table[contains(@id, \"customPersonsAddressesTable-listUl\")]/tbody/tr[1]/td[5]/span/span"}
COMMAND: POST /session/7afa81a77ea8a8cbfccffb848b1b0b21/element - {"using":"xpath","value":"//table[contains(@id, \"customPersonsAddressesTable-listUl\")]/tbody/tr[1]/td[3]/span"}
RESULT: {"using":"xpath","value":"//table[contains(@id, \"customPersonsAddressesTable-listUl\")]/tbody/tr[1]/td[3]/span"}
COMMAND: POST /session/7afa81a77ea8a8cbfccffb848b1b0b21/elements - {"using":"xpath","value":"//table[contains(@id, \"customPersonsAddressesTable-listUl\")]/tbody/tr[1]/td[5]/span/span"}
RESULT: {"using":"xpath","value":"//table[contains(@id, \"customPersonsAddressesTable-listUl\")]/tbody/tr[1]/td[5]/span/span"}
COMMAND: POST /session/7afa81a77ea8a8cbfccffb848b1b0b21/execute/sync - {"script":"<script> [56 bytes]","args":[{"element-6066-11e4-a52e-4f735466cecf":"f.2AF773046040E3FA33B5151D55212630.d.AF3EB157664EC50164BBA533A587D4EA.e.2422","ELEMENT":"f.2AF773046040E3FA33B5151D55212630.d.AF3EB157664EC50164BBA533A587D4EA.e.2422"}]}
RESULT: {"script":"<script> [56 bytes]","args":[{"element-6066-11e4-a52e-4f735466cecf":"f.2AF773046040E3FA33B5151D55212630.d.AF3EB157664EC50164BBA533A587D4EA.e.2422","ELEMENT":"f.2AF773046040E3FA33B5151D55212630.d.AF3EB157664EC50164BBA533A587D4EA.e.2422"}]}
COMMAND: POST /session/7afa81a77ea8a8cbfccffb848b1b0b21/element - {"using":"xpath","value":"//span[@id=\"application-addressmanagement-display-component---masterAdm--smartTable-header-inner\"]"}
COMMAND: GET /session/7afa81a77ea8a8cbfccffb848b1b0b21/screenshot - {}
RESULT: {"using":"xpath","value":"//span[@id=\"application-addressmanagement-display-component---masterAdm--smartTable-header-inner\"]"}
COMMAND: POST /session/7afa81a77ea8a8cbfccffb848b1b0b21/elements - {"using":"xpath","value":"//span[@id=\"application-addressmanagement-display-component---masterAdm--smartTable-header-inner\"]"}
RESULT: {}
RESULT: {"using":"xpath","value":"//span[@id=\"application-addressmanagement-display-component---masterAdm--smartTable-header-inner\"]"}
COMMAND: POST /session/7afa81a77ea8a8cbfccffb848b1b0b21/execute/sync - {"script":"<script> [56 bytes]","args":[{"element-6066-11e4-a52e-4f735466cecf":"f.2AF773046040E3FA33B5151D55212630.d.AF3EB157664EC50164BBA533A587D4EA.e.2424","ELEMENT":"f.2AF773046040E3FA33B5151D55212630.d.AF3EB157664EC50164BBA533A587D4EA.e.2424"}]}
RESULT: {"script":"<script> [56 bytes]","args":[{"element-6066-11e4-a52e-4f735466cecf":"f.2AF773046040E3FA33B5151D55212630.d.AF3EB157664EC50164BBA533A587D4EA.e.2424","ELEMENT":"f.2AF773046040E3FA33B5151D55212630.d.AF3EB157664EC50164BBA533A587D4EA.e.2424"}]}
COMMAND: POST /session/7afa81a77ea8a8cbfccffb848b1b0b21/element - {"using":"css selector","value":"#shell-header-logo"}
COMMAND: GET /session/7afa81a77ea8a8cbfccffb848b1b0b21/screenshot - {}
RESULT: {"using":"css selector","value":"#shell-header-logo"}
COMMAND: POST /session/7afa81a77ea8a8cbfccffb848b1b0b21/element/f.2AF773046040E3FA33B5151D55212630.d.AF3EB157664EC50164BBA533A587D4EA.e.2224/click - {}
RESULT: {}
RESULT: {}
COMMAND: GET /session/7afa81a77ea8a8cbfccffb848b1b0b21/screenshot - {}
RESULT: {}
COMMAND: POST /session/7afa81a77ea8a8cbfccffb848b1b0b21/execute/async - {"script":"<script> [1562 bytes]","args":[{"selector":{"controlType":"sap.m.GenericTile","properties":{"header":"Manage Sites"}},"wdio_ui5_key":"sapm.GenericTile{\"header\":\"Manage Sites\"}"}]}
RESULT: {"script":"<script> [1562 bytes]","args":[{"selector":{"controlType":"sap.m.GenericTile","properties":{"header":"Manage Sites"}},"wdio_ui5_key":"sapm.GenericTile{\"header\":\"Manage Sites\"}"}]}
RESULT: undefined
COMMAND: POST /session/7afa81a77ea8a8cbfccffb848b1b0b21/element - {"using":"xpath","value":"//*[@id=\"__tile41\"]"}
RESULT: {"using":"xpath","value":"//*[@id=\"__tile41\"]"}
COMMAND: POST /session/7afa81a77ea8a8cbfccffb848b1b0b21/element/f.2AF773046040E3FA33B5151D55212630.d.AF3EB157664EC50164BBA533A587D4EA.e.167/click - {}
RESULT: {}
COMMAND: GET /session/7afa81a77ea8a8cbfccffb848b1b0b21/screenshot - {}
RESULT: {}
COMMAND: POST /session/7afa81a77ea8a8cbfccffb848b1b0b21/elements - {"using":"xpath","value":"//span[text()='Error']"}
RESULT: {"using":"xpath","value":"//span[text()='Error']"}
COMMAND: POST /session/7afa81a77ea8a8cbfccffb848b1b0b21/element - {"using":"xpath","value":"//button[@data-kt=\"addOverflowToolbarButton\"]"}
RESULT: {"using":"xpath","value":"//button[@data-kt=\"addOverflowToolbarButton\"]"}
COMMAND: POST /session/7afa81a77ea8a8cbfccffb848b1b0b21/elements - {"using":"xpath","value":"//button[@data-kt=\"addOverflowToolbarButton\"]"}
RESULT: {"using":"xpath","value":"//button[@data-kt=\"addOverflowToolbarButton\"]"}
COMMAND: POST /session/7afa81a77ea8a8cbfccffb848b1b0b21/execute/sync - {"script":"<script> [8489 bytes]","args":[{"element-6066-11e4-a52e-4f735466cecf":"f.2AF773046040E3FA33B5151D55212630.d.AF3EB157664EC50164BBA533A587D4EA.e.2470","ELEMENT":"f.2AF773046040E3FA33B5151D55212630.d.AF3EB157664EC50164BBA533A587D4EA.e.2470"}]}
RESULT: {"script":"<script> [8489 bytes]","args":[{"element-6066-11e4-a52e-4f735466cecf":"f.2AF773046040E3FA33B5151D55212630.d.AF3EB157664EC50164BBA533A587D4EA.e.2470","ELEMENT":"f.2AF773046040E3FA33B5151D55212630.d.AF3EB157664EC50164BBA533A587D4EA.e.2470"}]}
COMMAND: GET /session/7afa81a77ea8a8cbfccffb848b1b0b21/element/f.2AF773046040E3FA33B5151D55212630.d.AF3EB157664EC50164BBA533A587D4EA.e.2470/enabled - {}
COMMAND: GET /session/7afa81a77ea8a8cbfccffb848b1b0b21/screenshot - {}
RESULT: {}
COMMAND: POST /session/7afa81a77ea8a8cbfccffb848b1b0b21/execute/sync - {"script":"<script> [8489 bytes]","args":[{"element-6066-11e4-a52e-4f735466cecf":"f.2AF773046040E3FA33B5151D55212630.d.AF3EB157664EC50164BBA533A587D4EA.e.2470","ELEMENT":"f.2AF773046040E3FA33B5151D55212630.d.AF3EB157664EC50164BBA533A587D4EA.e.2470"}]}
COMMAND: GET /session/7afa81a77ea8a8cbfccffb848b1b0b21/screenshot - {}
RESULT: {}
RESULT: {"script":"<script> [8489 bytes]","args":[{"element-6066-11e4-a52e-4f735466cecf":"f.2AF773046040E3FA33B5151D55212630.d.AF3EB157664EC50164BBA533A587D4EA.e.2470","ELEMENT":"f.2AF773046040E3FA33B5151D55212630.d.AF3EB157664EC50164BBA533A587D4EA.e.2470"}]}
COMMAND: POST /session/7afa81a77ea8a8cbfccffb848b1b0b21/execute/sync - {"script":"<script> [5351 bytes]","args":[{"element-6066-11e4-a52e-4f735466cecf":"f.2AF773046040E3FA33B5151D55212630.d.AF3EB157664EC50164BBA533A587D4EA.e.2470","ELEMENT":"f.2AF773046040E3FA33B5151D55212630.d.AF3EB157664EC50164BBA533A587D4EA.e.2470"}]}
COMMAND: GET /session/7afa81a77ea8a8cbfccffb848b1b0b21/screenshot - {}
RESULT: {}
RESULT: {"script":"<script> [5351 bytes]","args":[{"element-6066-11e4-a52e-4f735466cecf":"f.2AF773046040E3FA33B5151D55212630.d.AF3EB157664EC50164BBA533A587D4EA.e.2470","ELEMENT":"f.2AF773046040E3FA33B5151D55212630.d.AF3EB157664EC50164BBA533A587D4EA.e.2470"}]}
COMMAND: GET /session/7afa81a77ea8a8cbfccffb848b1b0b21/screenshot - {}
RESULT: {}
RESULT: {}
COMMAND: POST /session/7afa81a77ea8a8cbfccffb848b1b0b21/element/f.2AF773046040E3FA33B5151D55212630.d.AF3EB157664EC50164BBA533A587D4EA.e.2470/click - {}
RESULT: {}
COMMAND: GET /session/7afa81a77ea8a8cbfccffb848b1b0b21/screenshot - {}
COMMAND: POST /session/7afa81a77ea8a8cbfccffb848b1b0b21/execute/async - {"script":"<script> [1562 bytes]","args":[{"selector":{"controlType":"sap.m.Button","viewName":"etm.portal.ui.managesites.view.NewSmartSite","viewId":"application-managesites-display-component---NewSite","properties":{"text":"Contacts (Users)"},"interaction":{"idSuffix":"BDI-content"}},"wdio_ui5_key":"etmportal.ui.managesites.view.NewSmartSitesap.m.Button{\"text\":\"Contacts (Users)\"}"}]}
RESULT: {}
RESULT: {"script":"<script> [1562 bytes]","args":[{"selector":{"controlType":"sap.m.Button","viewName":"etm.portal.ui.managesites.view.NewSmartSite","viewId":"application-managesites-display-component---NewSite","properties":{"text":"Contacts (Users)"},"interaction":{"idSuffix":"BDI-content"}},"wdio_ui5_key":"etmportal.ui.managesites.view.NewSmartSitesap.m.Button{\"text\":\"Contacts (Users)\"}"}]}
RESULT: undefined
COMMAND: POST /session/7afa81a77ea8a8cbfccffb848b1b0b21/element - {"using":"xpath","value":"//*[@id=\"application-managesites-display-component---NewSite--ObjectPageLayout-anchBar-__section50-anchor\"]"}
RESULT: {"using":"xpath","value":"//*[@id=\"application-managesites-display-component---NewSite--ObjectPageLayout-anchBar-__section50-anchor\"]"}
COMMAND: POST /session/7afa81a77ea8a8cbfccffb848b1b0b21/element/f.2AF773046040E3FA33B5151D55212630.d.AF3EB157664EC50164BBA533A587D4EA.e.3094/click - {}
RESULT: {}
COMMAND: GET /session/7afa81a77ea8a8cbfccffb848b1b0b21/screenshot - {}
RESULT: {}
COMMAND: POST /session/7afa81a77ea8a8cbfccffb848b1b0b21/element - {"using":"xpath","value":"//button[@data-kt=\"onAddUserOverflowToolbarButton\"]"}
RESULT: {"using":"xpath","value":"//button[@data-kt=\"onAddUserOverflowToolbarButton\"]"}
COMMAND: POST /session/7afa81a77ea8a8cbfccffb848b1b0b21/element/f.2AF773046040E3FA33B5151D55212630.d.AF3EB157664EC50164BBA533A587D4EA.e.3101/click - {}
RESULT: {}
COMMAND: GET /session/7afa81a77ea8a8cbfccffb848b1b0b21/screenshot - {}
RESULT: {}
COMMAND: POST /session/7afa81a77ea8a8cbfccffb848b1b0b21/execute/async - {"script":"<script> [1562 bytes]","args":[{"selector":{"controlType":"sap.m.SearchField","viewName":"etm.portal.ui.managesites.view.NewSmartSite","viewId":"application-managesites-display-component---NewSite","searchOpenDialogs":true,"interaction":{"idSuffix":"I"}},"wdio_ui5_key":"etmportal.ui.managesites.view.NewSmartSitesap.m.SearchField"}]}
RESULT: {"script":"<script> [1562 bytes]","args":[{"selector":{"controlType":"sap.m.SearchField","viewName":"etm.portal.ui.managesites.view.NewSmartSite","viewId":"application-managesites-display-component---NewSite","searchOpenDialogs":true,"interaction":{"idSuffix":"I"}},"wdio_ui5_key":"etmportal.ui.managesites.view.NewSmartSitesap.m.SearchField"}]}
RESULT: undefined
COMMAND: POST /session/7afa81a77ea8a8cbfccffb848b1b0b21/execute/async - {"script":"<script> [776 bytes]","args":[{"enterText":"Test1ETM","selector":{"controlType":"sap.m.SearchField","viewName":"etm.portal.ui.managesites.view.NewSmartSite","viewId":"application-managesites-display-component---NewSite","searchOpenDialogs":true,"interaction":{"idSuffix":"I"}},"clearTextFirst":true,"interactionType":"ENTER_TEXT"}]}
RESULT: {"script":"<script> [776 bytes]","args":[{"enterText":"Test1ETM","selector":{"controlType":"sap.m.SearchField","viewName":"etm.portal.ui.managesites.view.NewSmartSite","viewId":"application-managesites-display-component---NewSite","searchOpenDialogs":true,"interaction":{"idSuffix":"I"}},"clearTextFirst":true,"interactionType":"ENTER_TEXT"}]}
COMMAND: POST /session/7afa81a77ea8a8cbfccffb848b1b0b21/actions - {"actions":[{"id":"action12","type":"key","parameters":{},"actions":[{"type":"keyDown","value":""},{"type":"pause","duration":10},{"type":"keyUp","value":""}]}]}
RESULT: {"actions":[{"id":"action12","type":"key","parameters":{},"actions":[{"type":"keyDown","value":""},{"type":"pause","duration":10},{"type":"keyUp","value":""}]}]}
COMMAND: GET /session/7afa81a77ea8a8cbfccffb848b1b0b21/screenshot - {}
RESULT: {}
COMMAND: POST /session/7afa81a77ea8a8cbfccffb848b1b0b21/element - {"using":"xpath","value":"//li[.//*[contains(text(), \"Test1ETM\")] or contains(text(), \"Test1ETM\")]"}
RESULT: {"using":"xpath","value":"//li[.//*[contains(text(), \"Test1ETM\")] or contains(text(), \"Test1ETM\")]"}
COMMAND: POST /session/7afa81a77ea8a8cbfccffb848b1b0b21/elements - {"using":"xpath","value":"//li[.//*[contains(text(), \"Test1ETM\")] or contains(text(), \"Test1ETM\")]"}
RESULT: {"using":"xpath","value":"//li[.//*[contains(text(), \"Test1ETM\")] or contains(text(), \"Test1ETM\")]"}
COMMAND: POST /session/7afa81a77ea8a8cbfccffb848b1b0b21/element - {"using":"xpath","value":"//button[.//bdi[contains(text(), \"Cancel\")]][1]"}
RESULT: {"using":"xpath","value":"//button[.//bdi[contains(text(), \"Cancel\")]][1]"}
COMMAND: POST /session/7afa81a77ea8a8cbfccffb848b1b0b21/element/f.2AF773046040E3FA33B5151D55212630.d.AF3EB157664EC50164BBA533A587D4EA.e.3108/click - {}
RESULT: {}
COMMAND: GET /session/7afa81a77ea8a8cbfccffb848b1b0b21/screenshot - {}
RESULT: {}
COMMAND: POST /session/7afa81a77ea8a8cbfccffb848b1b0b21/element - {"using":"css selector","value":"#shell-header-logo"}
RESULT: {"using":"css selector","value":"#shell-header-logo"}
COMMAND: POST /session/7afa81a77ea8a8cbfccffb848b1b0b21/element/f.2AF773046040E3FA33B5151D55212630.d.AF3EB157664EC50164BBA533A587D4EA.e.2428/click - {}
RESULT: {}
COMMAND: GET /session/7afa81a77ea8a8cbfccffb848b1b0b21/screenshot - {}
RESULT: {}
]]></system-out>
    </testcase>
    <testcase classname="chrome.137_0_7151_69.windows.Address_Management_Tests_US156181_US151165_US151160_US156180_US156178_US151157_US151172_US151170_US151166_US151168" name="Step 7 Should try to save empty address US151170 BUGGED FOR NOW" time="119.111">
      <failure/>
      <error message="Expect $(`//span[contains(@class, &quot;sapMMsgBoxText&quot;)]`) to be existing&#xA;&#xA;Expected: &quot;existing&quot;&#xA;Received: &quot;not existing&quot;"/>
      <system-out><![CDATA[
RESULT: undefined
COMMAND: POST /session/7afa81a77ea8a8cbfccffb848b1b0b21/element - {"using":"xpath","value":"//*[@id=\"__tile34\"]"}
RESULT: {"using":"xpath","value":"//*[@id=\"__tile34\"]"}
COMMAND: POST /session/7afa81a77ea8a8cbfccffb848b1b0b21/element/f.2AF773046040E3FA33B5151D55212630.d.AF3EB157664EC50164BBA533A587D4EA.e.231/click - {}
RESULT: {}
COMMAND: GET /session/7afa81a77ea8a8cbfccffb848b1b0b21/screenshot - {}
RESULT: {}
COMMAND: POST /session/7afa81a77ea8a8cbfccffb848b1b0b21/elements - {"using":"xpath","value":"//span[text()='Error']"}
RESULT: {"using":"xpath","value":"//span[text()='Error']"}
COMMAND: POST /session/7afa81a77ea8a8cbfccffb848b1b0b21/element - {"using":"xpath","value":"//button[@data-kt=\"addButton\"]"}
RESULT: {"using":"xpath","value":"//button[@data-kt=\"addButton\"]"}
COMMAND: POST /session/7afa81a77ea8a8cbfccffb848b1b0b21/elements - {"using":"xpath","value":"//button[@data-kt=\"addButton\"]"}
RESULT: {"using":"xpath","value":"//button[@data-kt=\"addButton\"]"}
COMMAND: POST /session/7afa81a77ea8a8cbfccffb848b1b0b21/execute/sync - {"script":"<script> [8489 bytes]","args":[{"element-6066-11e4-a52e-4f735466cecf":"f.2AF773046040E3FA33B5151D55212630.d.AF3EB157664EC50164BBA533A587D4EA.e.3167","ELEMENT":"f.2AF773046040E3FA33B5151D55212630.d.AF3EB157664EC50164BBA533A587D4EA.e.3167"}]}
RESULT: {"script":"<script> [8489 bytes]","args":[{"element-6066-11e4-a52e-4f735466cecf":"f.2AF773046040E3FA33B5151D55212630.d.AF3EB157664EC50164BBA533A587D4EA.e.3167","ELEMENT":"f.2AF773046040E3FA33B5151D55212630.d.AF3EB157664EC50164BBA533A587D4EA.e.3167"}]}
COMMAND: GET /session/7afa81a77ea8a8cbfccffb848b1b0b21/element/f.2AF773046040E3FA33B5151D55212630.d.AF3EB157664EC50164BBA533A587D4EA.e.3167/enabled - {}
COMMAND: GET /session/7afa81a77ea8a8cbfccffb848b1b0b21/screenshot - {}
RESULT: {}
COMMAND: POST /session/7afa81a77ea8a8cbfccffb848b1b0b21/execute/sync - {"script":"<script> [8489 bytes]","args":[{"element-6066-11e4-a52e-4f735466cecf":"f.2AF773046040E3FA33B5151D55212630.d.AF3EB157664EC50164BBA533A587D4EA.e.3167","ELEMENT":"f.2AF773046040E3FA33B5151D55212630.d.AF3EB157664EC50164BBA533A587D4EA.e.3167"}]}
COMMAND: GET /session/7afa81a77ea8a8cbfccffb848b1b0b21/screenshot - {}
RESULT: {}
RESULT: {}
RESULT: {"script":"<script> [8489 bytes]","args":[{"element-6066-11e4-a52e-4f735466cecf":"f.2AF773046040E3FA33B5151D55212630.d.AF3EB157664EC50164BBA533A587D4EA.e.3167","ELEMENT":"f.2AF773046040E3FA33B5151D55212630.d.AF3EB157664EC50164BBA533A587D4EA.e.3167"}]}
COMMAND: POST /session/7afa81a77ea8a8cbfccffb848b1b0b21/execute/sync - {"script":"<script> [5351 bytes]","args":[{"element-6066-11e4-a52e-4f735466cecf":"f.2AF773046040E3FA33B5151D55212630.d.AF3EB157664EC50164BBA533A587D4EA.e.3167","ELEMENT":"f.2AF773046040E3FA33B5151D55212630.d.AF3EB157664EC50164BBA533A587D4EA.e.3167"}]}
COMMAND: GET /session/7afa81a77ea8a8cbfccffb848b1b0b21/screenshot - {}
RESULT: {"script":"<script> [5351 bytes]","args":[{"element-6066-11e4-a52e-4f735466cecf":"f.2AF773046040E3FA33B5151D55212630.d.AF3EB157664EC50164BBA533A587D4EA.e.3167","ELEMENT":"f.2AF773046040E3FA33B5151D55212630.d.AF3EB157664EC50164BBA533A587D4EA.e.3167"}]}
COMMAND: GET /session/7afa81a77ea8a8cbfccffb848b1b0b21/screenshot - {}
RESULT: {}
RESULT: {}
RESULT: undefined
COMMAND: POST /session/7afa81a77ea8a8cbfccffb848b1b0b21/execute/async - {"script":"<script> [776 bytes]","args":[{"enterText":"DzGWjeU1TN","selector":{"id":"application-addressmanagement-display-component---masterAdm--smartFilterBar-btnBasicSearch","interaction":{"idSuffix":"I"}},"clearTextFirst":true,"interactionType":"ENTER_TEXT"}]}
RESULT: {"script":"<script> [776 bytes]","args":[{"enterText":"DzGWjeU1TN","selector":{"id":"application-addressmanagement-display-component---masterAdm--smartFilterBar-btnBasicSearch","interaction":{"idSuffix":"I"}},"clearTextFirst":true,"interactionType":"ENTER_TEXT"}]}
COMMAND: POST /session/7afa81a77ea8a8cbfccffb848b1b0b21/actions - {"actions":[{"id":"action13","type":"key","parameters":{},"actions":[{"type":"keyDown","value":""},{"type":"pause","duration":10},{"type":"keyUp","value":""}]}]}
RESULT: {"actions":[{"id":"action13","type":"key","parameters":{},"actions":[{"type":"keyDown","value":""},{"type":"pause","duration":10},{"type":"keyUp","value":""}]}]}
COMMAND: GET /session/7afa81a77ea8a8cbfccffb848b1b0b21/screenshot - {}
RESULT: {}
COMMAND: POST /session/7afa81a77ea8a8cbfccffb848b1b0b21/elements - {"using":"xpath","value":"//table[contains(@id, \"customPersonsAddressesTable-listUl\")]/tbody/tr"}
RESULT: {"using":"xpath","value":"//table[contains(@id, \"customPersonsAddressesTable-listUl\")]/tbody/tr"}
COMMAND: POST /session/7afa81a77ea8a8cbfccffb848b1b0b21/element - {"using":"xpath","value":"//table[contains(@id, \"customPersonsAddressesTable-listUl\")]/tbody/tr[1]/td[5]/span/span"}
RESULT: {"using":"xpath","value":"//table[contains(@id, \"customPersonsAddressesTable-listUl\")]/tbody/tr[1]/td[5]/span/span"}
COMMAND: POST /session/7afa81a77ea8a8cbfccffb848b1b0b21/element - {"using":"xpath","value":"//table[contains(@id, \"customPersonsAddressesTable-listUl\")]/tbody/tr[1]/td[3]/span"}
RESULT: {"using":"xpath","value":"//table[contains(@id, \"customPersonsAddressesTable-listUl\")]/tbody/tr[1]/td[3]/span"}
COMMAND: POST /session/7afa81a77ea8a8cbfccffb848b1b0b21/elements - {"using":"xpath","value":"//table[contains(@id, \"customPersonsAddressesTable-listUl\")]/tbody/tr[1]/td[5]/span/span"}
RESULT: {"using":"xpath","value":"//table[contains(@id, \"customPersonsAddressesTable-listUl\")]/tbody/tr[1]/td[5]/span/span"}
COMMAND: POST /session/7afa81a77ea8a8cbfccffb848b1b0b21/execute/sync - {"script":"<script> [56 bytes]","args":[{"element-6066-11e4-a52e-4f735466cecf":"f.2AF773046040E3FA33B5151D55212630.d.AF3EB157664EC50164BBA533A587D4EA.e.3308","ELEMENT":"f.2AF773046040E3FA33B5151D55212630.d.AF3EB157664EC50164BBA533A587D4EA.e.3308"}]}
RESULT: {"script":"<script> [56 bytes]","args":[{"element-6066-11e4-a52e-4f735466cecf":"f.2AF773046040E3FA33B5151D55212630.d.AF3EB157664EC50164BBA533A587D4EA.e.3308","ELEMENT":"f.2AF773046040E3FA33B5151D55212630.d.AF3EB157664EC50164BBA533A587D4EA.e.3308"}]}
COMMAND: POST /session/7afa81a77ea8a8cbfccffb848b1b0b21/element - {"using":"xpath","value":"(//span[contains(@id, \"imgNav\")])[1]"}
COMMAND: GET /session/7afa81a77ea8a8cbfccffb848b1b0b21/screenshot - {}
RESULT: {"using":"xpath","value":"(//span[contains(@id, \"imgNav\")])[1]"}
COMMAND: POST /session/7afa81a77ea8a8cbfccffb848b1b0b21/element/f.2AF773046040E3FA33B5151D55212630.d.AF3EB157664EC50164BBA533A587D4EA.e.3305/click - {}
RESULT: {}
RESULT: {}
COMMAND: GET /session/7afa81a77ea8a8cbfccffb848b1b0b21/screenshot - {}
RESULT: {}
COMMAND: POST /session/7afa81a77ea8a8cbfccffb848b1b0b21/element - {"using":"xpath","value":"//bdi[contains(text(), \"Edit\")]"}
RESULT: {"using":"xpath","value":"//bdi[contains(text(), \"Edit\")]"}
COMMAND: POST /session/7afa81a77ea8a8cbfccffb848b1b0b21/element/f.2AF773046040E3FA33B5151D55212630.d.AF3EB157664EC50164BBA533A587D4EA.e.3444/click - {}
RESULT: {}
COMMAND: GET /session/7afa81a77ea8a8cbfccffb848b1b0b21/screenshot - {}
RESULT: {}
COMMAND: POST /session/7afa81a77ea8a8cbfccffb848b1b0b21/execute/async - {"script":"<script> [1562 bytes]","args":[{"selector":{"controlType":"sap.m.Input","viewName":"etm.portal.ui.addressmanagement.view.EditDetail","labelFor":{"text":"Name"},"interaction":{"idSuffix":"inner"}},"wdio_ui5_key":"etmportal.ui.addressmanagement.view.EditDetailsap.m.Input{\"text\":\"Name\"}"}]}
RESULT: {"script":"<script> [1562 bytes]","args":[{"selector":{"controlType":"sap.m.Input","viewName":"etm.portal.ui.addressmanagement.view.EditDetail","labelFor":{"text":"Name"},"interaction":{"idSuffix":"inner"}},"wdio_ui5_key":"etmportal.ui.addressmanagement.view.EditDetailsap.m.Input{\"text\":\"Name\"}"}]}
RESULT: undefined
COMMAND: POST /session/7afa81a77ea8a8cbfccffb848b1b0b21/element - {"using":"css selector","value":"#shell-header-logo"}
RESULT: {"using":"css selector","value":"#shell-header-logo"}
COMMAND: POST /session/7afa81a77ea8a8cbfccffb848b1b0b21/element/f.2AF773046040E3FA33B5151D55212630.d.AF3EB157664EC50164BBA533A587D4EA.e.3113/click - {}
RESULT: {}
COMMAND: GET /session/7afa81a77ea8a8cbfccffb848b1b0b21/screenshot - {}
RESULT: {}
COMMAND: POST /session/7afa81a77ea8a8cbfccffb848b1b0b21/element - {"using":"xpath","value":"//span[contains(@class, \"sapMMsgBoxText\")]"}
RESULT: {"using":"xpath","value":"//span[contains(@class, \"sapMMsgBoxText\")]"}
COMMAND: POST /session/7afa81a77ea8a8cbfccffb848b1b0b21/elements - {"using":"xpath","value":"//span[contains(@class, \"sapMMsgBoxText\")]"}
RESULT: {"using":"xpath","value":"//span[contains(@class, \"sapMMsgBoxText\")]"}
COMMAND: POST /session/7afa81a77ea8a8cbfccffb848b1b0b21/elements - {"using":"xpath","value":"//span[contains(@class, \"sapMMsgBoxText\")]"}
RESULT: {"using":"xpath","value":"//span[contains(@class, \"sapMMsgBoxText\")]"}
COMMAND: POST /session/7afa81a77ea8a8cbfccffb848b1b0b21/elements - {"using":"xpath","value":"//span[contains(@class, \"sapMMsgBoxText\")]"}
RESULT: {"using":"xpath","value":"//span[contains(@class, \"sapMMsgBoxText\")]"}
COMMAND: POST /session/7afa81a77ea8a8cbfccffb848b1b0b21/elements - {"using":"xpath","value":"//span[contains(@class, \"sapMMsgBoxText\")]"}
RESULT: {"using":"xpath","value":"//span[contains(@class, \"sapMMsgBoxText\")]"}
COMMAND: POST /session/7afa81a77ea8a8cbfccffb848b1b0b21/elements - {"using":"xpath","value":"//span[contains(@class, \"sapMMsgBoxText\")]"}
RESULT: {"using":"xpath","value":"//span[contains(@class, \"sapMMsgBoxText\")]"}
COMMAND: POST /session/7afa81a77ea8a8cbfccffb848b1b0b21/elements - {"using":"xpath","value":"//span[contains(@class, \"sapMMsgBoxText\")]"}
RESULT: {"using":"xpath","value":"//span[contains(@class, \"sapMMsgBoxText\")]"}
COMMAND: POST /session/7afa81a77ea8a8cbfccffb848b1b0b21/elements - {"using":"xpath","value":"//span[contains(@class, \"sapMMsgBoxText\")]"}
RESULT: {"using":"xpath","value":"//span[contains(@class, \"sapMMsgBoxText\")]"}
COMMAND: POST /session/7afa81a77ea8a8cbfccffb848b1b0b21/elements - {"using":"xpath","value":"//span[contains(@class, \"sapMMsgBoxText\")]"}
RESULT: {"using":"xpath","value":"//span[contains(@class, \"sapMMsgBoxText\")]"}
COMMAND: POST /session/7afa81a77ea8a8cbfccffb848b1b0b21/elements - {"using":"xpath","value":"//span[contains(@class, \"sapMMsgBoxText\")]"}
RESULT: {"using":"xpath","value":"//span[contains(@class, \"sapMMsgBoxText\")]"}
COMMAND: POST /session/7afa81a77ea8a8cbfccffb848b1b0b21/elements - {"using":"xpath","value":"//span[contains(@class, \"sapMMsgBoxText\")]"}
RESULT: {"using":"xpath","value":"//span[contains(@class, \"sapMMsgBoxText\")]"}
COMMAND: POST /session/7afa81a77ea8a8cbfccffb848b1b0b21/elements - {"using":"xpath","value":"//span[contains(@class, \"sapMMsgBoxText\")]"}
RESULT: {"using":"xpath","value":"//span[contains(@class, \"sapMMsgBoxText\")]"}
COMMAND: POST /session/7afa81a77ea8a8cbfccffb848b1b0b21/elements - {"using":"xpath","value":"//span[contains(@class, \"sapMMsgBoxText\")]"}
RESULT: {"using":"xpath","value":"//span[contains(@class, \"sapMMsgBoxText\")]"}
COMMAND: POST /session/7afa81a77ea8a8cbfccffb848b1b0b21/elements - {"using":"xpath","value":"//span[contains(@class, \"sapMMsgBoxText\")]"}
RESULT: {"using":"xpath","value":"//span[contains(@class, \"sapMMsgBoxText\")]"}
COMMAND: POST /session/7afa81a77ea8a8cbfccffb848b1b0b21/elements - {"using":"xpath","value":"//span[contains(@class, \"sapMMsgBoxText\")]"}
RESULT: {"using":"xpath","value":"//span[contains(@class, \"sapMMsgBoxText\")]"}
COMMAND: POST /session/7afa81a77ea8a8cbfccffb848b1b0b21/elements - {"using":"xpath","value":"//span[contains(@class, \"sapMMsgBoxText\")]"}
RESULT: {"using":"xpath","value":"//span[contains(@class, \"sapMMsgBoxText\")]"}
COMMAND: POST /session/7afa81a77ea8a8cbfccffb848b1b0b21/elements - {"using":"xpath","value":"//span[contains(@class, \"sapMMsgBoxText\")]"}
RESULT: {"using":"xpath","value":"//span[contains(@class, \"sapMMsgBoxText\")]"}
COMMAND: POST /session/7afa81a77ea8a8cbfccffb848b1b0b21/elements - {"using":"xpath","value":"//span[contains(@class, \"sapMMsgBoxText\")]"}
RESULT: {"using":"xpath","value":"//span[contains(@class, \"sapMMsgBoxText\")]"}
COMMAND: POST /session/7afa81a77ea8a8cbfccffb848b1b0b21/elements - {"using":"xpath","value":"//span[contains(@class, \"sapMMsgBoxText\")]"}
RESULT: {"using":"xpath","value":"//span[contains(@class, \"sapMMsgBoxText\")]"}
COMMAND: POST /session/7afa81a77ea8a8cbfccffb848b1b0b21/elements - {"using":"xpath","value":"//span[contains(@class, \"sapMMsgBoxText\")]"}
RESULT: {"using":"xpath","value":"//span[contains(@class, \"sapMMsgBoxText\")]"}
COMMAND: POST /session/7afa81a77ea8a8cbfccffb848b1b0b21/elements - {"using":"xpath","value":"//span[contains(@class, \"sapMMsgBoxText\")]"}
RESULT: {"using":"xpath","value":"//span[contains(@class, \"sapMMsgBoxText\")]"}
COMMAND: POST /session/7afa81a77ea8a8cbfccffb848b1b0b21/elements - {"using":"xpath","value":"//span[contains(@class, \"sapMMsgBoxText\")]"}
RESULT: {"using":"xpath","value":"//span[contains(@class, \"sapMMsgBoxText\")]"}
COMMAND: POST /session/7afa81a77ea8a8cbfccffb848b1b0b21/elements - {"using":"xpath","value":"//span[contains(@class, \"sapMMsgBoxText\")]"}
RESULT: {"using":"xpath","value":"//span[contains(@class, \"sapMMsgBoxText\")]"}
COMMAND: POST /session/7afa81a77ea8a8cbfccffb848b1b0b21/elements - {"using":"xpath","value":"//span[contains(@class, \"sapMMsgBoxText\")]"}
RESULT: {"using":"xpath","value":"//span[contains(@class, \"sapMMsgBoxText\")]"}
COMMAND: POST /session/7afa81a77ea8a8cbfccffb848b1b0b21/elements - {"using":"xpath","value":"//span[contains(@class, \"sapMMsgBoxText\")]"}
RESULT: {"using":"xpath","value":"//span[contains(@class, \"sapMMsgBoxText\")]"}
COMMAND: POST /session/7afa81a77ea8a8cbfccffb848b1b0b21/elements - {"using":"xpath","value":"//span[contains(@class, \"sapMMsgBoxText\")]"}
RESULT: {"using":"xpath","value":"//span[contains(@class, \"sapMMsgBoxText\")]"}
COMMAND: POST /session/7afa81a77ea8a8cbfccffb848b1b0b21/elements - {"using":"xpath","value":"//span[contains(@class, \"sapMMsgBoxText\")]"}
RESULT: {"using":"xpath","value":"//span[contains(@class, \"sapMMsgBoxText\")]"}
COMMAND: POST /session/7afa81a77ea8a8cbfccffb848b1b0b21/elements - {"using":"xpath","value":"//span[contains(@class, \"sapMMsgBoxText\")]"}
RESULT: {"using":"xpath","value":"//span[contains(@class, \"sapMMsgBoxText\")]"}
COMMAND: POST /session/7afa81a77ea8a8cbfccffb848b1b0b21/elements - {"using":"xpath","value":"//span[contains(@class, \"sapMMsgBoxText\")]"}
RESULT: {"using":"xpath","value":"//span[contains(@class, \"sapMMsgBoxText\")]"}
COMMAND: POST /session/7afa81a77ea8a8cbfccffb848b1b0b21/elements - {"using":"xpath","value":"//span[contains(@class, \"sapMMsgBoxText\")]"}
RESULT: {"using":"xpath","value":"//span[contains(@class, \"sapMMsgBoxText\")]"}
COMMAND: POST /session/7afa81a77ea8a8cbfccffb848b1b0b21/elements - {"using":"xpath","value":"//span[contains(@class, \"sapMMsgBoxText\")]"}
RESULT: {"using":"xpath","value":"//span[contains(@class, \"sapMMsgBoxText\")]"}
COMMAND: POST /session/7afa81a77ea8a8cbfccffb848b1b0b21/elements - {"using":"xpath","value":"//span[contains(@class, \"sapMMsgBoxText\")]"}
RESULT: {"using":"xpath","value":"//span[contains(@class, \"sapMMsgBoxText\")]"}
COMMAND: POST /session/7afa81a77ea8a8cbfccffb848b1b0b21/elements - {"using":"xpath","value":"//span[contains(@class, \"sapMMsgBoxText\")]"}
RESULT: {"using":"xpath","value":"//span[contains(@class, \"sapMMsgBoxText\")]"}
COMMAND: POST /session/7afa81a77ea8a8cbfccffb848b1b0b21/elements - {"using":"xpath","value":"//span[contains(@class, \"sapMMsgBoxText\")]"}
RESULT: {"using":"xpath","value":"//span[contains(@class, \"sapMMsgBoxText\")]"}
COMMAND: POST /session/7afa81a77ea8a8cbfccffb848b1b0b21/elements - {"using":"xpath","value":"//span[contains(@class, \"sapMMsgBoxText\")]"}
RESULT: {"using":"xpath","value":"//span[contains(@class, \"sapMMsgBoxText\")]"}
COMMAND: POST /session/7afa81a77ea8a8cbfccffb848b1b0b21/elements - {"using":"xpath","value":"//span[contains(@class, \"sapMMsgBoxText\")]"}
RESULT: {"using":"xpath","value":"//span[contains(@class, \"sapMMsgBoxText\")]"}
COMMAND: POST /session/7afa81a77ea8a8cbfccffb848b1b0b21/elements - {"using":"xpath","value":"//span[contains(@class, \"sapMMsgBoxText\")]"}
RESULT: {"using":"xpath","value":"//span[contains(@class, \"sapMMsgBoxText\")]"}
COMMAND: POST /session/7afa81a77ea8a8cbfccffb848b1b0b21/elements - {"using":"xpath","value":"//span[contains(@class, \"sapMMsgBoxText\")]"}
RESULT: {"using":"xpath","value":"//span[contains(@class, \"sapMMsgBoxText\")]"}
COMMAND: POST /session/7afa81a77ea8a8cbfccffb848b1b0b21/elements - {"using":"xpath","value":"//span[contains(@class, \"sapMMsgBoxText\")]"}
RESULT: {"using":"xpath","value":"//span[contains(@class, \"sapMMsgBoxText\")]"}
COMMAND: POST /session/7afa81a77ea8a8cbfccffb848b1b0b21/elements - {"using":"xpath","value":"//span[contains(@class, \"sapMMsgBoxText\")]"}
RESULT: {"using":"xpath","value":"//span[contains(@class, \"sapMMsgBoxText\")]"}
COMMAND: POST /session/7afa81a77ea8a8cbfccffb848b1b0b21/elements - {"using":"xpath","value":"//span[contains(@class, \"sapMMsgBoxText\")]"}
RESULT: {"using":"xpath","value":"//span[contains(@class, \"sapMMsgBoxText\")]"}
COMMAND: POST /session/7afa81a77ea8a8cbfccffb848b1b0b21/elements - {"using":"xpath","value":"//span[contains(@class, \"sapMMsgBoxText\")]"}
RESULT: {"using":"xpath","value":"//span[contains(@class, \"sapMMsgBoxText\")]"}
COMMAND: POST /session/7afa81a77ea8a8cbfccffb848b1b0b21/elements - {"using":"xpath","value":"//span[contains(@class, \"sapMMsgBoxText\")]"}
RESULT: {"using":"xpath","value":"//span[contains(@class, \"sapMMsgBoxText\")]"}
COMMAND: POST /session/7afa81a77ea8a8cbfccffb848b1b0b21/elements - {"using":"xpath","value":"//span[contains(@class, \"sapMMsgBoxText\")]"}
RESULT: {"using":"xpath","value":"//span[contains(@class, \"sapMMsgBoxText\")]"}
COMMAND: POST /session/7afa81a77ea8a8cbfccffb848b1b0b21/elements - {"using":"xpath","value":"//span[contains(@class, \"sapMMsgBoxText\")]"}
RESULT: {"using":"xpath","value":"//span[contains(@class, \"sapMMsgBoxText\")]"}
COMMAND: POST /session/7afa81a77ea8a8cbfccffb848b1b0b21/elements - {"using":"xpath","value":"//span[contains(@class, \"sapMMsgBoxText\")]"}
RESULT: {"using":"xpath","value":"//span[contains(@class, \"sapMMsgBoxText\")]"}
COMMAND: POST /session/7afa81a77ea8a8cbfccffb848b1b0b21/elements - {"using":"xpath","value":"//span[contains(@class, \"sapMMsgBoxText\")]"}
RESULT: {"using":"xpath","value":"//span[contains(@class, \"sapMMsgBoxText\")]"}
COMMAND: POST /session/7afa81a77ea8a8cbfccffb848b1b0b21/elements - {"using":"xpath","value":"//span[contains(@class, \"sapMMsgBoxText\")]"}
RESULT: {"using":"xpath","value":"//span[contains(@class, \"sapMMsgBoxText\")]"}
COMMAND: POST /session/7afa81a77ea8a8cbfccffb848b1b0b21/elements - {"using":"xpath","value":"//span[contains(@class, \"sapMMsgBoxText\")]"}
RESULT: {"using":"xpath","value":"//span[contains(@class, \"sapMMsgBoxText\")]"}
COMMAND: POST /session/7afa81a77ea8a8cbfccffb848b1b0b21/elements - {"using":"xpath","value":"//span[contains(@class, \"sapMMsgBoxText\")]"}
RESULT: {"using":"xpath","value":"//span[contains(@class, \"sapMMsgBoxText\")]"}
COMMAND: POST /session/7afa81a77ea8a8cbfccffb848b1b0b21/elements - {"using":"xpath","value":"//span[contains(@class, \"sapMMsgBoxText\")]"}
RESULT: {"using":"xpath","value":"//span[contains(@class, \"sapMMsgBoxText\")]"}
COMMAND: POST /session/7afa81a77ea8a8cbfccffb848b1b0b21/elements - {"using":"xpath","value":"//span[contains(@class, \"sapMMsgBoxText\")]"}
RESULT: {"using":"xpath","value":"//span[contains(@class, \"sapMMsgBoxText\")]"}
COMMAND: POST /session/7afa81a77ea8a8cbfccffb848b1b0b21/elements - {"using":"xpath","value":"//span[contains(@class, \"sapMMsgBoxText\")]"}
RESULT: {"using":"xpath","value":"//span[contains(@class, \"sapMMsgBoxText\")]"}
COMMAND: POST /session/7afa81a77ea8a8cbfccffb848b1b0b21/elements - {"using":"xpath","value":"//span[contains(@class, \"sapMMsgBoxText\")]"}
RESULT: {"using":"xpath","value":"//span[contains(@class, \"sapMMsgBoxText\")]"}
COMMAND: POST /session/7afa81a77ea8a8cbfccffb848b1b0b21/elements - {"using":"xpath","value":"//span[contains(@class, \"sapMMsgBoxText\")]"}
RESULT: {"using":"xpath","value":"//span[contains(@class, \"sapMMsgBoxText\")]"}
COMMAND: POST /session/7afa81a77ea8a8cbfccffb848b1b0b21/elements - {"using":"xpath","value":"//span[contains(@class, \"sapMMsgBoxText\")]"}
RESULT: {"using":"xpath","value":"//span[contains(@class, \"sapMMsgBoxText\")]"}
COMMAND: POST /session/7afa81a77ea8a8cbfccffb848b1b0b21/elements - {"using":"xpath","value":"//span[contains(@class, \"sapMMsgBoxText\")]"}
RESULT: {"using":"xpath","value":"//span[contains(@class, \"sapMMsgBoxText\")]"}
COMMAND: POST /session/7afa81a77ea8a8cbfccffb848b1b0b21/elements - {"using":"xpath","value":"//span[contains(@class, \"sapMMsgBoxText\")]"}
RESULT: {"using":"xpath","value":"//span[contains(@class, \"sapMMsgBoxText\")]"}
COMMAND: POST /session/7afa81a77ea8a8cbfccffb848b1b0b21/elements - {"using":"xpath","value":"//span[contains(@class, \"sapMMsgBoxText\")]"}
RESULT: {"using":"xpath","value":"//span[contains(@class, \"sapMMsgBoxText\")]"}
COMMAND: POST /session/7afa81a77ea8a8cbfccffb848b1b0b21/elements - {"using":"xpath","value":"//span[contains(@class, \"sapMMsgBoxText\")]"}
RESULT: {"using":"xpath","value":"//span[contains(@class, \"sapMMsgBoxText\")]"}
COMMAND: POST /session/7afa81a77ea8a8cbfccffb848b1b0b21/elements - {"using":"xpath","value":"//span[contains(@class, \"sapMMsgBoxText\")]"}
RESULT: {"using":"xpath","value":"//span[contains(@class, \"sapMMsgBoxText\")]"}
COMMAND: POST /session/7afa81a77ea8a8cbfccffb848b1b0b21/elements - {"using":"xpath","value":"//span[contains(@class, \"sapMMsgBoxText\")]"}
RESULT: {"using":"xpath","value":"//span[contains(@class, \"sapMMsgBoxText\")]"}
COMMAND: POST /session/7afa81a77ea8a8cbfccffb848b1b0b21/elements - {"using":"xpath","value":"//span[contains(@class, \"sapMMsgBoxText\")]"}
RESULT: {"using":"xpath","value":"//span[contains(@class, \"sapMMsgBoxText\")]"}
COMMAND: POST /session/7afa81a77ea8a8cbfccffb848b1b0b21/elements - {"using":"xpath","value":"//span[contains(@class, \"sapMMsgBoxText\")]"}
RESULT: {"using":"xpath","value":"//span[contains(@class, \"sapMMsgBoxText\")]"}
COMMAND: POST /session/7afa81a77ea8a8cbfccffb848b1b0b21/elements - {"using":"xpath","value":"//span[contains(@class, \"sapMMsgBoxText\")]"}
RESULT: {"using":"xpath","value":"//span[contains(@class, \"sapMMsgBoxText\")]"}
COMMAND: POST /session/7afa81a77ea8a8cbfccffb848b1b0b21/elements - {"using":"xpath","value":"//span[contains(@class, \"sapMMsgBoxText\")]"}
RESULT: {"using":"xpath","value":"//span[contains(@class, \"sapMMsgBoxText\")]"}
COMMAND: POST /session/7afa81a77ea8a8cbfccffb848b1b0b21/elements - {"using":"xpath","value":"//span[contains(@class, \"sapMMsgBoxText\")]"}
RESULT: {"using":"xpath","value":"//span[contains(@class, \"sapMMsgBoxText\")]"}
COMMAND: POST /session/7afa81a77ea8a8cbfccffb848b1b0b21/elements - {"using":"xpath","value":"//span[contains(@class, \"sapMMsgBoxText\")]"}
RESULT: {"using":"xpath","value":"//span[contains(@class, \"sapMMsgBoxText\")]"}
COMMAND: POST /session/7afa81a77ea8a8cbfccffb848b1b0b21/elements - {"using":"xpath","value":"//span[contains(@class, \"sapMMsgBoxText\")]"}
RESULT: {"using":"xpath","value":"//span[contains(@class, \"sapMMsgBoxText\")]"}
COMMAND: POST /session/7afa81a77ea8a8cbfccffb848b1b0b21/elements - {"using":"xpath","value":"//span[contains(@class, \"sapMMsgBoxText\")]"}
RESULT: {"using":"xpath","value":"//span[contains(@class, \"sapMMsgBoxText\")]"}
COMMAND: POST /session/7afa81a77ea8a8cbfccffb848b1b0b21/elements - {"using":"xpath","value":"//span[contains(@class, \"sapMMsgBoxText\")]"}
RESULT: {"using":"xpath","value":"//span[contains(@class, \"sapMMsgBoxText\")]"}
COMMAND: POST /session/7afa81a77ea8a8cbfccffb848b1b0b21/elements - {"using":"xpath","value":"//span[contains(@class, \"sapMMsgBoxText\")]"}
RESULT: {"using":"xpath","value":"//span[contains(@class, \"sapMMsgBoxText\")]"}
COMMAND: POST /session/7afa81a77ea8a8cbfccffb848b1b0b21/elements - {"using":"xpath","value":"//span[contains(@class, \"sapMMsgBoxText\")]"}
RESULT: {"using":"xpath","value":"//span[contains(@class, \"sapMMsgBoxText\")]"}
COMMAND: POST /session/7afa81a77ea8a8cbfccffb848b1b0b21/elements - {"using":"xpath","value":"//span[contains(@class, \"sapMMsgBoxText\")]"}
RESULT: {"using":"xpath","value":"//span[contains(@class, \"sapMMsgBoxText\")]"}
COMMAND: POST /session/7afa81a77ea8a8cbfccffb848b1b0b21/elements - {"using":"xpath","value":"//span[contains(@class, \"sapMMsgBoxText\")]"}
RESULT: {"using":"xpath","value":"//span[contains(@class, \"sapMMsgBoxText\")]"}
COMMAND: POST /session/7afa81a77ea8a8cbfccffb848b1b0b21/elements - {"using":"xpath","value":"//span[contains(@class, \"sapMMsgBoxText\")]"}
RESULT: {"using":"xpath","value":"//span[contains(@class, \"sapMMsgBoxText\")]"}
COMMAND: POST /session/7afa81a77ea8a8cbfccffb848b1b0b21/elements - {"using":"xpath","value":"//span[contains(@class, \"sapMMsgBoxText\")]"}
RESULT: {"using":"xpath","value":"//span[contains(@class, \"sapMMsgBoxText\")]"}
COMMAND: POST /session/7afa81a77ea8a8cbfccffb848b1b0b21/elements - {"using":"xpath","value":"//span[contains(@class, \"sapMMsgBoxText\")]"}
RESULT: {"using":"xpath","value":"//span[contains(@class, \"sapMMsgBoxText\")]"}
COMMAND: POST /session/7afa81a77ea8a8cbfccffb848b1b0b21/elements - {"using":"xpath","value":"//span[contains(@class, \"sapMMsgBoxText\")]"}
RESULT: {"using":"xpath","value":"//span[contains(@class, \"sapMMsgBoxText\")]"}
COMMAND: POST /session/7afa81a77ea8a8cbfccffb848b1b0b21/elements - {"using":"xpath","value":"//span[contains(@class, \"sapMMsgBoxText\")]"}
RESULT: {"using":"xpath","value":"//span[contains(@class, \"sapMMsgBoxText\")]"}
COMMAND: POST /session/7afa81a77ea8a8cbfccffb848b1b0b21/elements - {"using":"xpath","value":"//span[contains(@class, \"sapMMsgBoxText\")]"}
RESULT: {"using":"xpath","value":"//span[contains(@class, \"sapMMsgBoxText\")]"}
COMMAND: POST /session/7afa81a77ea8a8cbfccffb848b1b0b21/elements - {"using":"xpath","value":"//span[contains(@class, \"sapMMsgBoxText\")]"}
RESULT: {"using":"xpath","value":"//span[contains(@class, \"sapMMsgBoxText\")]"}
COMMAND: POST /session/7afa81a77ea8a8cbfccffb848b1b0b21/elements - {"using":"xpath","value":"//span[contains(@class, \"sapMMsgBoxText\")]"}
RESULT: {"using":"xpath","value":"//span[contains(@class, \"sapMMsgBoxText\")]"}
COMMAND: POST /session/7afa81a77ea8a8cbfccffb848b1b0b21/elements - {"using":"xpath","value":"//span[contains(@class, \"sapMMsgBoxText\")]"}
RESULT: {"using":"xpath","value":"//span[contains(@class, \"sapMMsgBoxText\")]"}
COMMAND: POST /session/7afa81a77ea8a8cbfccffb848b1b0b21/elements - {"using":"xpath","value":"//span[contains(@class, \"sapMMsgBoxText\")]"}
RESULT: {"using":"xpath","value":"//span[contains(@class, \"sapMMsgBoxText\")]"}
COMMAND: POST /session/7afa81a77ea8a8cbfccffb848b1b0b21/elements - {"using":"xpath","value":"//span[contains(@class, \"sapMMsgBoxText\")]"}
RESULT: {"using":"xpath","value":"//span[contains(@class, \"sapMMsgBoxText\")]"}
COMMAND: POST /session/7afa81a77ea8a8cbfccffb848b1b0b21/elements - {"using":"xpath","value":"//span[contains(@class, \"sapMMsgBoxText\")]"}
RESULT: {"using":"xpath","value":"//span[contains(@class, \"sapMMsgBoxText\")]"}
COMMAND: POST /session/7afa81a77ea8a8cbfccffb848b1b0b21/elements - {"using":"xpath","value":"//span[contains(@class, \"sapMMsgBoxText\")]"}
RESULT: {"using":"xpath","value":"//span[contains(@class, \"sapMMsgBoxText\")]"}
COMMAND: POST /session/7afa81a77ea8a8cbfccffb848b1b0b21/elements - {"using":"xpath","value":"//span[contains(@class, \"sapMMsgBoxText\")]"}
RESULT: {"using":"xpath","value":"//span[contains(@class, \"sapMMsgBoxText\")]"}
COMMAND: POST /session/7afa81a77ea8a8cbfccffb848b1b0b21/elements - {"using":"xpath","value":"//span[contains(@class, \"sapMMsgBoxText\")]"}
RESULT: {"using":"xpath","value":"//span[contains(@class, \"sapMMsgBoxText\")]"}
COMMAND: POST /session/7afa81a77ea8a8cbfccffb848b1b0b21/elements - {"using":"xpath","value":"//span[contains(@class, \"sapMMsgBoxText\")]"}
RESULT: {"using":"xpath","value":"//span[contains(@class, \"sapMMsgBoxText\")]"}
COMMAND: POST /session/7afa81a77ea8a8cbfccffb848b1b0b21/elements - {"using":"xpath","value":"//span[contains(@class, \"sapMMsgBoxText\")]"}
RESULT: {"using":"xpath","value":"//span[contains(@class, \"sapMMsgBoxText\")]"}
COMMAND: POST /session/7afa81a77ea8a8cbfccffb848b1b0b21/elements - {"using":"xpath","value":"//span[contains(@class, \"sapMMsgBoxText\")]"}
RESULT: {"using":"xpath","value":"//span[contains(@class, \"sapMMsgBoxText\")]"}
COMMAND: POST /session/7afa81a77ea8a8cbfccffb848b1b0b21/elements - {"using":"xpath","value":"//span[contains(@class, \"sapMMsgBoxText\")]"}
RESULT: {"using":"xpath","value":"//span[contains(@class, \"sapMMsgBoxText\")]"}
COMMAND: POST /session/7afa81a77ea8a8cbfccffb848b1b0b21/elements - {"using":"xpath","value":"//span[contains(@class, \"sapMMsgBoxText\")]"}
RESULT: {"using":"xpath","value":"//span[contains(@class, \"sapMMsgBoxText\")]"}
COMMAND: POST /session/7afa81a77ea8a8cbfccffb848b1b0b21/elements - {"using":"xpath","value":"//span[contains(@class, \"sapMMsgBoxText\")]"}
RESULT: {"using":"xpath","value":"//span[contains(@class, \"sapMMsgBoxText\")]"}
COMMAND: POST /session/7afa81a77ea8a8cbfccffb848b1b0b21/elements - {"using":"xpath","value":"//span[contains(@class, \"sapMMsgBoxText\")]"}
RESULT: {"using":"xpath","value":"//span[contains(@class, \"sapMMsgBoxText\")]"}
COMMAND: POST /session/7afa81a77ea8a8cbfccffb848b1b0b21/elements - {"using":"xpath","value":"//span[contains(@class, \"sapMMsgBoxText\")]"}
RESULT: {"using":"xpath","value":"//span[contains(@class, \"sapMMsgBoxText\")]"}
COMMAND: POST /session/7afa81a77ea8a8cbfccffb848b1b0b21/elements - {"using":"xpath","value":"//span[contains(@class, \"sapMMsgBoxText\")]"}
RESULT: {"using":"xpath","value":"//span[contains(@class, \"sapMMsgBoxText\")]"}
COMMAND: POST /session/7afa81a77ea8a8cbfccffb848b1b0b21/elements - {"using":"xpath","value":"//span[contains(@class, \"sapMMsgBoxText\")]"}
RESULT: {"using":"xpath","value":"//span[contains(@class, \"sapMMsgBoxText\")]"}
COMMAND: POST /session/7afa81a77ea8a8cbfccffb848b1b0b21/elements - {"using":"xpath","value":"//span[contains(@class, \"sapMMsgBoxText\")]"}
RESULT: {"using":"xpath","value":"//span[contains(@class, \"sapMMsgBoxText\")]"}
COMMAND: POST /session/7afa81a77ea8a8cbfccffb848b1b0b21/elements - {"using":"xpath","value":"//span[contains(@class, \"sapMMsgBoxText\")]"}
RESULT: {"using":"xpath","value":"//span[contains(@class, \"sapMMsgBoxText\")]"}
COMMAND: POST /session/7afa81a77ea8a8cbfccffb848b1b0b21/elements - {"using":"xpath","value":"//span[contains(@class, \"sapMMsgBoxText\")]"}
RESULT: {"using":"xpath","value":"//span[contains(@class, \"sapMMsgBoxText\")]"}
COMMAND: POST /session/7afa81a77ea8a8cbfccffb848b1b0b21/elements - {"using":"xpath","value":"//span[contains(@class, \"sapMMsgBoxText\")]"}
RESULT: {"using":"xpath","value":"//span[contains(@class, \"sapMMsgBoxText\")]"}
COMMAND: POST /session/7afa81a77ea8a8cbfccffb848b1b0b21/elements - {"using":"xpath","value":"//span[contains(@class, \"sapMMsgBoxText\")]"}
RESULT: {"using":"xpath","value":"//span[contains(@class, \"sapMMsgBoxText\")]"}
COMMAND: POST /session/7afa81a77ea8a8cbfccffb848b1b0b21/elements - {"using":"xpath","value":"//span[contains(@class, \"sapMMsgBoxText\")]"}
RESULT: {"using":"xpath","value":"//span[contains(@class, \"sapMMsgBoxText\")]"}
COMMAND: POST /session/7afa81a77ea8a8cbfccffb848b1b0b21/elements - {"using":"xpath","value":"//span[contains(@class, \"sapMMsgBoxText\")]"}
RESULT: {"using":"xpath","value":"//span[contains(@class, \"sapMMsgBoxText\")]"}
COMMAND: POST /session/7afa81a77ea8a8cbfccffb848b1b0b21/elements - {"using":"xpath","value":"//span[contains(@class, \"sapMMsgBoxText\")]"}
RESULT: {"using":"xpath","value":"//span[contains(@class, \"sapMMsgBoxText\")]"}
COMMAND: POST /session/7afa81a77ea8a8cbfccffb848b1b0b21/elements - {"using":"xpath","value":"//span[contains(@class, \"sapMMsgBoxText\")]"}
RESULT: {"using":"xpath","value":"//span[contains(@class, \"sapMMsgBoxText\")]"}
COMMAND: POST /session/7afa81a77ea8a8cbfccffb848b1b0b21/elements - {"using":"xpath","value":"//span[contains(@class, \"sapMMsgBoxText\")]"}
RESULT: {"using":"xpath","value":"//span[contains(@class, \"sapMMsgBoxText\")]"}
COMMAND: POST /session/7afa81a77ea8a8cbfccffb848b1b0b21/elements - {"using":"xpath","value":"//span[contains(@class, \"sapMMsgBoxText\")]"}
RESULT: {"using":"xpath","value":"//span[contains(@class, \"sapMMsgBoxText\")]"}
COMMAND: POST /session/7afa81a77ea8a8cbfccffb848b1b0b21/elements - {"using":"xpath","value":"//span[contains(@class, \"sapMMsgBoxText\")]"}
RESULT: {"using":"xpath","value":"//span[contains(@class, \"sapMMsgBoxText\")]"}
COMMAND: POST /session/7afa81a77ea8a8cbfccffb848b1b0b21/elements - {"using":"xpath","value":"//span[contains(@class, \"sapMMsgBoxText\")]"}
RESULT: {"using":"xpath","value":"//span[contains(@class, \"sapMMsgBoxText\")]"}
COMMAND: POST /session/7afa81a77ea8a8cbfccffb848b1b0b21/elements - {"using":"xpath","value":"//span[contains(@class, \"sapMMsgBoxText\")]"}
RESULT: {"using":"xpath","value":"//span[contains(@class, \"sapMMsgBoxText\")]"}
COMMAND: POST /session/7afa81a77ea8a8cbfccffb848b1b0b21/elements - {"using":"xpath","value":"//span[contains(@class, \"sapMMsgBoxText\")]"}
RESULT: {"using":"xpath","value":"//span[contains(@class, \"sapMMsgBoxText\")]"}
COMMAND: POST /session/7afa81a77ea8a8cbfccffb848b1b0b21/element - {"using":"css selector","value":"#shell-header-logo"}
RESULT: {"using":"css selector","value":"#shell-header-logo"}
COMMAND: POST /session/7afa81a77ea8a8cbfccffb848b1b0b21/element/f.2AF773046040E3FA33B5151D55212630.d.AF3EB157664EC50164BBA533A587D4EA.e.3483/click - {}
RESULT: {}
COMMAND: GET /session/7afa81a77ea8a8cbfccffb848b1b0b21/screenshot - {}
RESULT: {}
COMMAND: GET /session/7afa81a77ea8a8cbfccffb848b1b0b21/screenshot - {}
RESULT: {}
]]></system-out>
      <system-err><![CDATA[
Error: Expect $(`//span[contains(@class, "sapMMsgBoxText")]`) to be existing

Expected: "existing"
Received: "not existing"
    at Context.<anonymous> (D:\a\1\s\test\specs\BTS\address-management.spec.js:1014:38)
]]></system-err>
    </testcase>
    <testcase classname="chrome.137_0_7151_69.windows.Address_Management_Tests_US156181_US151165_US151160_US156180_US156178_US151157_US151172_US151170_US151166_US151168" name="Step 8 Should add an attachment to the created address US151166 BUGGED FOR NOW" time="66.848">
      <system-out><![CDATA[
RESULT: undefined
COMMAND: POST /session/7afa81a77ea8a8cbfccffb848b1b0b21/element - {"using":"xpath","value":"//*[@id=\"__tile34\"]"}
COMMAND: GET /session/7afa81a77ea8a8cbfccffb848b1b0b21/screenshot - {}
RESULT: {"using":"xpath","value":"//*[@id=\"__tile34\"]"}
COMMAND: POST /session/7afa81a77ea8a8cbfccffb848b1b0b21/element/f.2AF773046040E3FA33B5151D55212630.d.AF3EB157664EC50164BBA533A587D4EA.e.231/click - {}
RESULT: {}
RESULT: {}
COMMAND: GET /session/7afa81a77ea8a8cbfccffb848b1b0b21/screenshot - {}
RESULT: {}
COMMAND: POST /session/7afa81a77ea8a8cbfccffb848b1b0b21/elements - {"using":"xpath","value":"//span[text()='Error']"}
RESULT: {"using":"xpath","value":"//span[text()='Error']"}
COMMAND: POST /session/7afa81a77ea8a8cbfccffb848b1b0b21/element - {"using":"xpath","value":"//button[@data-kt=\"addButton\"]"}
RESULT: {"using":"xpath","value":"//button[@data-kt=\"addButton\"]"}
COMMAND: POST /session/7afa81a77ea8a8cbfccffb848b1b0b21/elements - {"using":"xpath","value":"//button[@data-kt=\"addButton\"]"}
RESULT: {"using":"xpath","value":"//button[@data-kt=\"addButton\"]"}
COMMAND: POST /session/7afa81a77ea8a8cbfccffb848b1b0b21/execute/sync - {"script":"<script> [8489 bytes]","args":[{"element-6066-11e4-a52e-4f735466cecf":"f.2AF773046040E3FA33B5151D55212630.d.AF3EB157664EC50164BBA533A587D4EA.e.3538","ELEMENT":"f.2AF773046040E3FA33B5151D55212630.d.AF3EB157664EC50164BBA533A587D4EA.e.3538"}]}
RESULT: {"script":"<script> [8489 bytes]","args":[{"element-6066-11e4-a52e-4f735466cecf":"f.2AF773046040E3FA33B5151D55212630.d.AF3EB157664EC50164BBA533A587D4EA.e.3538","ELEMENT":"f.2AF773046040E3FA33B5151D55212630.d.AF3EB157664EC50164BBA533A587D4EA.e.3538"}]}
COMMAND: GET /session/7afa81a77ea8a8cbfccffb848b1b0b21/element/f.2AF773046040E3FA33B5151D55212630.d.AF3EB157664EC50164BBA533A587D4EA.e.3538/enabled - {}
COMMAND: GET /session/7afa81a77ea8a8cbfccffb848b1b0b21/screenshot - {}
RESULT: {}
COMMAND: POST /session/7afa81a77ea8a8cbfccffb848b1b0b21/execute/sync - {"script":"<script> [8489 bytes]","args":[{"element-6066-11e4-a52e-4f735466cecf":"f.2AF773046040E3FA33B5151D55212630.d.AF3EB157664EC50164BBA533A587D4EA.e.3538","ELEMENT":"f.2AF773046040E3FA33B5151D55212630.d.AF3EB157664EC50164BBA533A587D4EA.e.3538"}]}
COMMAND: GET /session/7afa81a77ea8a8cbfccffb848b1b0b21/screenshot - {}
RESULT: {}
RESULT: {"script":"<script> [8489 bytes]","args":[{"element-6066-11e4-a52e-4f735466cecf":"f.2AF773046040E3FA33B5151D55212630.d.AF3EB157664EC50164BBA533A587D4EA.e.3538","ELEMENT":"f.2AF773046040E3FA33B5151D55212630.d.AF3EB157664EC50164BBA533A587D4EA.e.3538"}]}
COMMAND: POST /session/7afa81a77ea8a8cbfccffb848b1b0b21/execute/sync - {"script":"<script> [5351 bytes]","args":[{"element-6066-11e4-a52e-4f735466cecf":"f.2AF773046040E3FA33B5151D55212630.d.AF3EB157664EC50164BBA533A587D4EA.e.3538","ELEMENT":"f.2AF773046040E3FA33B5151D55212630.d.AF3EB157664EC50164BBA533A587D4EA.e.3538"}]}
COMMAND: GET /session/7afa81a77ea8a8cbfccffb848b1b0b21/screenshot - {}
RESULT: {}
RESULT: {"script":"<script> [5351 bytes]","args":[{"element-6066-11e4-a52e-4f735466cecf":"f.2AF773046040E3FA33B5151D55212630.d.AF3EB157664EC50164BBA533A587D4EA.e.3538","ELEMENT":"f.2AF773046040E3FA33B5151D55212630.d.AF3EB157664EC50164BBA533A587D4EA.e.3538"}]}
COMMAND: GET /session/7afa81a77ea8a8cbfccffb848b1b0b21/screenshot - {}
RESULT: {}
RESULT: {}
RESULT: undefined
COMMAND: POST /session/7afa81a77ea8a8cbfccffb848b1b0b21/execute/async - {"script":"<script> [776 bytes]","args":[{"enterText":"DzGWjeU1TN","selector":{"id":"application-addressmanagement-display-component---masterAdm--smartFilterBar-btnBasicSearch","interaction":{"idSuffix":"I"}},"clearTextFirst":true,"interactionType":"ENTER_TEXT"}]}
RESULT: {"script":"<script> [776 bytes]","args":[{"enterText":"DzGWjeU1TN","selector":{"id":"application-addressmanagement-display-component---masterAdm--smartFilterBar-btnBasicSearch","interaction":{"idSuffix":"I"}},"clearTextFirst":true,"interactionType":"ENTER_TEXT"}]}
COMMAND: POST /session/7afa81a77ea8a8cbfccffb848b1b0b21/actions - {"actions":[{"id":"action14","type":"key","parameters":{},"actions":[{"type":"keyDown","value":""},{"type":"pause","duration":10},{"type":"keyUp","value":""}]}]}
RESULT: {"actions":[{"id":"action14","type":"key","parameters":{},"actions":[{"type":"keyDown","value":""},{"type":"pause","duration":10},{"type":"keyUp","value":""}]}]}
COMMAND: GET /session/7afa81a77ea8a8cbfccffb848b1b0b21/screenshot - {}
RESULT: {}
COMMAND: POST /session/7afa81a77ea8a8cbfccffb848b1b0b21/elements - {"using":"xpath","value":"//table[contains(@id, \"customPersonsAddressesTable-listUl\")]/tbody/tr"}
RESULT: {"using":"xpath","value":"//table[contains(@id, \"customPersonsAddressesTable-listUl\")]/tbody/tr"}
COMMAND: POST /session/7afa81a77ea8a8cbfccffb848b1b0b21/element - {"using":"xpath","value":"//table[contains(@id, \"customPersonsAddressesTable-listUl\")]/tbody/tr[1]/td[5]/span/span"}
RESULT: {"using":"xpath","value":"//table[contains(@id, \"customPersonsAddressesTable-listUl\")]/tbody/tr[1]/td[5]/span/span"}
COMMAND: POST /session/7afa81a77ea8a8cbfccffb848b1b0b21/element - {"using":"xpath","value":"//table[contains(@id, \"customPersonsAddressesTable-listUl\")]/tbody/tr[1]/td[3]/span"}
RESULT: {"using":"xpath","value":"//table[contains(@id, \"customPersonsAddressesTable-listUl\")]/tbody/tr[1]/td[3]/span"}
COMMAND: POST /session/7afa81a77ea8a8cbfccffb848b1b0b21/elements - {"using":"xpath","value":"//table[contains(@id, \"customPersonsAddressesTable-listUl\")]/tbody/tr[1]/td[5]/span/span"}
RESULT: {"using":"xpath","value":"//table[contains(@id, \"customPersonsAddressesTable-listUl\")]/tbody/tr[1]/td[5]/span/span"}
COMMAND: POST /session/7afa81a77ea8a8cbfccffb848b1b0b21/execute/sync - {"script":"<script> [56 bytes]","args":[{"element-6066-11e4-a52e-4f735466cecf":"f.2AF773046040E3FA33B5151D55212630.d.AF3EB157664EC50164BBA533A587D4EA.e.3680","ELEMENT":"f.2AF773046040E3FA33B5151D55212630.d.AF3EB157664EC50164BBA533A587D4EA.e.3680"}]}
RESULT: {"script":"<script> [56 bytes]","args":[{"element-6066-11e4-a52e-4f735466cecf":"f.2AF773046040E3FA33B5151D55212630.d.AF3EB157664EC50164BBA533A587D4EA.e.3680","ELEMENT":"f.2AF773046040E3FA33B5151D55212630.d.AF3EB157664EC50164BBA533A587D4EA.e.3680"}]}
COMMAND: POST /session/7afa81a77ea8a8cbfccffb848b1b0b21/execute/sync - {"script":"<script> [56 bytes]","args":[{"element-6066-11e4-a52e-4f735466cecf":"f.2AF773046040E3FA33B5151D55212630.d.AF3EB157664EC50164BBA533A587D4EA.e.3681","ELEMENT":"f.2AF773046040E3FA33B5151D55212630.d.AF3EB157664EC50164BBA533A587D4EA.e.3681"}]}
COMMAND: GET /session/7afa81a77ea8a8cbfccffb848b1b0b21/screenshot - {}
RESULT: {"script":"<script> [56 bytes]","args":[{"element-6066-11e4-a52e-4f735466cecf":"f.2AF773046040E3FA33B5151D55212630.d.AF3EB157664EC50164BBA533A587D4EA.e.3681","ELEMENT":"f.2AF773046040E3FA33B5151D55212630.d.AF3EB157664EC50164BBA533A587D4EA.e.3681"}]}
COMMAND: POST /session/7afa81a77ea8a8cbfccffb848b1b0b21/element - {"using":"xpath","value":"(//span[contains(@id, \"imgNav\")])[1]"}
COMMAND: GET /session/7afa81a77ea8a8cbfccffb848b1b0b21/screenshot - {}
RESULT: {}
RESULT: {"using":"xpath","value":"(//span[contains(@id, \"imgNav\")])[1]"}
COMMAND: POST /session/7afa81a77ea8a8cbfccffb848b1b0b21/element/f.2AF773046040E3FA33B5151D55212630.d.AF3EB157664EC50164BBA533A587D4EA.e.3677/click - {}
RESULT: {}
RESULT: {}
COMMAND: GET /session/7afa81a77ea8a8cbfccffb848b1b0b21/screenshot - {}
RESULT: {}
COMMAND: POST /session/7afa81a77ea8a8cbfccffb848b1b0b21/element - {"using":"xpath","value":"//bdi[contains(text(), \"Edit\")]"}
RESULT: {"using":"xpath","value":"//bdi[contains(text(), \"Edit\")]"}
COMMAND: POST /session/7afa81a77ea8a8cbfccffb848b1b0b21/element/f.2AF773046040E3FA33B5151D55212630.d.AF3EB157664EC50164BBA533A587D4EA.e.3816/click - {}
RESULT: {}
COMMAND: GET /session/7afa81a77ea8a8cbfccffb848b1b0b21/screenshot - {}
RESULT: {}
COMMAND: POST /session/7afa81a77ea8a8cbfccffb848b1b0b21/execute/async - {"script":"<script> [1562 bytes]","args":[{"selector":{"controlType":"sap.m.Button","viewName":"etm.portal.ui.addressmanagement.view.EditDetail","properties":{"text":"Attachments (0)"},"interaction":{"idSuffix":"BDI-content"}},"wdio_ui5_key":"etmportal.ui.addressmanagement.view.EditDetailsap.m.Button{\"text\":\"Attachments (0)\"}"}]}
RESULT: {"script":"<script> [1562 bytes]","args":[{"selector":{"controlType":"sap.m.Button","viewName":"etm.portal.ui.addressmanagement.view.EditDetail","properties":{"text":"Attachments (0)"},"interaction":{"idSuffix":"BDI-content"}},"wdio_ui5_key":"etmportal.ui.addressmanagement.view.EditDetailsap.m.Button{\"text\":\"Attachments (0)\"}"}]}
RESULT: undefined
COMMAND: POST /session/7afa81a77ea8a8cbfccffb848b1b0b21/element - {"using":"xpath","value":"//*[@id=\"__xmlview62--ObjectPageLayout-anchBar-__xmlview62--attachments-anchor\"]"}
RESULT: {"using":"xpath","value":"//*[@id=\"__xmlview62--ObjectPageLayout-anchBar-__xmlview62--attachments-anchor\"]"}
COMMAND: POST /session/7afa81a77ea8a8cbfccffb848b1b0b21/element/f.2AF773046040E3FA33B5151D55212630.d.AF3EB157664EC50164BBA533A587D4EA.e.3855/click - {}
RESULT: {}
COMMAND: GET /session/7afa81a77ea8a8cbfccffb848b1b0b21/screenshot - {}
RESULT: {}
COMMAND: POST /session/7afa81a77ea8a8cbfccffb848b1b0b21/file - {"file":"[base64] 459776 bytes"}
RESULT: {"file":"[base64] 459776 bytes"}
COMMAND: POST /session/7afa81a77ea8a8cbfccffb848b1b0b21/element - {"using":"css selector","value":"input[type=\"file\"]"}
RESULT: {"using":"css selector","value":"input[type=\"file\"]"}
COMMAND: POST /session/7afa81a77ea8a8cbfccffb848b1b0b21/element/f.2AF773046040E3FA33B5151D55212630.d.AF3EB157664EC50164BBA533A587D4EA.e.3859/clear - {}
RESULT: {}
COMMAND: POST /session/7afa81a77ea8a8cbfccffb848b1b0b21/element/f.2AF773046040E3FA33B5151D55212630.d.AF3EB157664EC50164BBA533A587D4EA.e.3859/value - {"text":"C:\\Windows\\SystemTemp\\scoped_dir3800_135330860\\upload3800_1880337113\\address-mng-pic.png"}
COMMAND: GET /session/7afa81a77ea8a8cbfccffb848b1b0b21/screenshot - {}
RESULT: {"text":"C:\\Windows\\SystemTemp\\scoped_dir3800_135330860\\upload3800_1880337113\\address-mng-pic.png"}
COMMAND: GET /session/7afa81a77ea8a8cbfccffb848b1b0b21/screenshot - {}
RESULT: {}
RESULT: {}
COMMAND: POST /session/7afa81a77ea8a8cbfccffb848b1b0b21/element - {"using":"xpath","value":"//button[@data-kt=\"saveButton\"]"}
RESULT: {"using":"xpath","value":"//button[@data-kt=\"saveButton\"]"}
COMMAND: POST /session/7afa81a77ea8a8cbfccffb848b1b0b21/element/f.2AF773046040E3FA33B5151D55212630.d.AF3EB157664EC50164BBA533A587D4EA.e.3878/click - {}
RESULT: {}
COMMAND: GET /session/7afa81a77ea8a8cbfccffb848b1b0b21/screenshot - {}
RESULT: {}
COMMAND: POST /session/7afa81a77ea8a8cbfccffb848b1b0b21/execute/async - {"script":"<script> [1562 bytes]","args":[{"selector":{"id":"application-addressmanagement-display-component---detailAdm--ObjectPageLayout-anchBar-application-addressmanagement-display-component---detailAdm--attachments-anchor","interaction":{"idSuffix":"content"}},"wdio_ui5_key":"applicationaddressmanagement-display-component---detailAdm--ObjectPageLayout-anchBar-application-addressmanagement-display-component---detailAdm--attachments-anchor"}]}
RESULT: {"script":"<script> [1562 bytes]","args":[{"selector":{"id":"application-addressmanagement-display-component---detailAdm--ObjectPageLayout-anchBar-application-addressmanagement-display-component---detailAdm--attachments-anchor","interaction":{"idSuffix":"content"}},"wdio_ui5_key":"applicationaddressmanagement-display-component---detailAdm--ObjectPageLayout-anchBar-application-addressmanagement-display-component---detailAdm--attachments-anchor"}]}
RESULT: undefined
COMMAND: POST /session/7afa81a77ea8a8cbfccffb848b1b0b21/element - {"using":"xpath","value":"//*[@id=\"application-addressmanagement-display-component---detailAdm--ObjectPageLayout-anchBar-application-addressmanagement-display-component---detailAdm--attachments-anchor\"]"}
RESULT: {"using":"xpath","value":"//*[@id=\"application-addressmanagement-display-component---detailAdm--ObjectPageLayout-anchBar-application-addressmanagement-display-component---detailAdm--attachments-anchor\"]"}
COMMAND: POST /session/7afa81a77ea8a8cbfccffb848b1b0b21/element/f.2AF773046040E3FA33B5151D55212630.d.AF3EB157664EC50164BBA533A587D4EA.e.3887/click - {}
RESULT: {}
COMMAND: GET /session/7afa81a77ea8a8cbfccffb848b1b0b21/screenshot - {}
RESULT: {}
COMMAND: POST /session/7afa81a77ea8a8cbfccffb848b1b0b21/execute/async - {"script":"<script> [1562 bytes]","args":[{"selector":{"id":"application-addressmanagement-display-component---detailAdm--attachments"},"wdio_ui5_key":"applicationaddressmanagement-display-component---detailAdm--attachments"}]}
RESULT: {"script":"<script> [1562 bytes]","args":[{"selector":{"id":"application-addressmanagement-display-component---detailAdm--attachments"},"wdio_ui5_key":"applicationaddressmanagement-display-component---detailAdm--attachments"}]}
RESULT: undefined
COMMAND: POST /session/7afa81a77ea8a8cbfccffb848b1b0b21/execute/async - {"script":"<script> [6424 bytes]","args":[{"element-6066-11e4-a52e-4f735466cecf":"f.2AF773046040E3FA33B5151D55212630.d.AF3EB157664EC50164BBA533A587D4EA.e.3792"},"getTitle",[]]}
RESULT: {"script":"<script> [6424 bytes]","args":[{"element-6066-11e4-a52e-4f735466cecf":"f.2AF773046040E3FA33B5151D55212630.d.AF3EB157664EC50164BBA533A587D4EA.e.3792"},"getTitle",[]]}
COMMAND: POST /session/7afa81a77ea8a8cbfccffb848b1b0b21/element - {"using":"css selector","value":"#shell-header-logo"}
RESULT: {"using":"css selector","value":"#shell-header-logo"}
COMMAND: POST /session/7afa81a77ea8a8cbfccffb848b1b0b21/element/f.2AF773046040E3FA33B5151D55212630.d.AF3EB157664EC50164BBA533A587D4EA.e.3483/click - {}
RESULT: {}
COMMAND: GET /session/7afa81a77ea8a8cbfccffb848b1b0b21/screenshot - {}
RESULT: {}
]]></system-out>
    </testcase>
    <testcase classname="chrome.137_0_7151_69.windows.Address_Management_Tests_US156181_US151165_US151160_US156180_US156178_US151157_US151172_US151170_US151166_US151168" name="Step 9 Should remove the added attachment on the created address US151168 BUGGED FOR NOW" time="73.417">
      <system-out><![CDATA[
RESULT: undefined
COMMAND: POST /session/7afa81a77ea8a8cbfccffb848b1b0b21/element - {"using":"xpath","value":"//*[@id=\"__tile34\"]"}
RESULT: {"using":"xpath","value":"//*[@id=\"__tile34\"]"}
COMMAND: POST /session/7afa81a77ea8a8cbfccffb848b1b0b21/element/f.2AF773046040E3FA33B5151D55212630.d.AF3EB157664EC50164BBA533A587D4EA.e.231/click - {}
RESULT: {}
COMMAND: GET /session/7afa81a77ea8a8cbfccffb848b1b0b21/screenshot - {}
RESULT: {}
COMMAND: POST /session/7afa81a77ea8a8cbfccffb848b1b0b21/elements - {"using":"xpath","value":"//span[text()='Error']"}
RESULT: {"using":"xpath","value":"//span[text()='Error']"}
COMMAND: POST /session/7afa81a77ea8a8cbfccffb848b1b0b21/element - {"using":"xpath","value":"//button[@data-kt=\"addButton\"]"}
RESULT: {"using":"xpath","value":"//button[@data-kt=\"addButton\"]"}
COMMAND: POST /session/7afa81a77ea8a8cbfccffb848b1b0b21/elements - {"using":"xpath","value":"//button[@data-kt=\"addButton\"]"}
RESULT: {"using":"xpath","value":"//button[@data-kt=\"addButton\"]"}
COMMAND: POST /session/7afa81a77ea8a8cbfccffb848b1b0b21/execute/sync - {"script":"<script> [8489 bytes]","args":[{"element-6066-11e4-a52e-4f735466cecf":"f.2AF773046040E3FA33B5151D55212630.d.AF3EB157664EC50164BBA533A587D4EA.e.3949","ELEMENT":"f.2AF773046040E3FA33B5151D55212630.d.AF3EB157664EC50164BBA533A587D4EA.e.3949"}]}
RESULT: {"script":"<script> [8489 bytes]","args":[{"element-6066-11e4-a52e-4f735466cecf":"f.2AF773046040E3FA33B5151D55212630.d.AF3EB157664EC50164BBA533A587D4EA.e.3949","ELEMENT":"f.2AF773046040E3FA33B5151D55212630.d.AF3EB157664EC50164BBA533A587D4EA.e.3949"}]}
COMMAND: GET /session/7afa81a77ea8a8cbfccffb848b1b0b21/element/f.2AF773046040E3FA33B5151D55212630.d.AF3EB157664EC50164BBA533A587D4EA.e.3949/enabled - {}
COMMAND: GET /session/7afa81a77ea8a8cbfccffb848b1b0b21/screenshot - {}
RESULT: {}
COMMAND: POST /session/7afa81a77ea8a8cbfccffb848b1b0b21/execute/sync - {"script":"<script> [8489 bytes]","args":[{"element-6066-11e4-a52e-4f735466cecf":"f.2AF773046040E3FA33B5151D55212630.d.AF3EB157664EC50164BBA533A587D4EA.e.3949","ELEMENT":"f.2AF773046040E3FA33B5151D55212630.d.AF3EB157664EC50164BBA533A587D4EA.e.3949"}]}
COMMAND: GET /session/7afa81a77ea8a8cbfccffb848b1b0b21/screenshot - {}
RESULT: {}
RESULT: {"script":"<script> [8489 bytes]","args":[{"element-6066-11e4-a52e-4f735466cecf":"f.2AF773046040E3FA33B5151D55212630.d.AF3EB157664EC50164BBA533A587D4EA.e.3949","ELEMENT":"f.2AF773046040E3FA33B5151D55212630.d.AF3EB157664EC50164BBA533A587D4EA.e.3949"}]}
COMMAND: POST /session/7afa81a77ea8a8cbfccffb848b1b0b21/execute/sync - {"script":"<script> [5351 bytes]","args":[{"element-6066-11e4-a52e-4f735466cecf":"f.2AF773046040E3FA33B5151D55212630.d.AF3EB157664EC50164BBA533A587D4EA.e.3949","ELEMENT":"f.2AF773046040E3FA33B5151D55212630.d.AF3EB157664EC50164BBA533A587D4EA.e.3949"}]}
COMMAND: GET /session/7afa81a77ea8a8cbfccffb848b1b0b21/screenshot - {}
RESULT: {}
RESULT: {"script":"<script> [5351 bytes]","args":[{"element-6066-11e4-a52e-4f735466cecf":"f.2AF773046040E3FA33B5151D55212630.d.AF3EB157664EC50164BBA533A587D4EA.e.3949","ELEMENT":"f.2AF773046040E3FA33B5151D55212630.d.AF3EB157664EC50164BBA533A587D4EA.e.3949"}]}
COMMAND: GET /session/7afa81a77ea8a8cbfccffb848b1b0b21/screenshot - {}
RESULT: {}
RESULT: {}
RESULT: undefined
COMMAND: POST /session/7afa81a77ea8a8cbfccffb848b1b0b21/execute/async - {"script":"<script> [776 bytes]","args":[{"enterText":"DzGWjeU1TN","selector":{"id":"application-addressmanagement-display-component---masterAdm--smartFilterBar-btnBasicSearch","interaction":{"idSuffix":"I"}},"clearTextFirst":true,"interactionType":"ENTER_TEXT"}]}
RESULT: {"script":"<script> [776 bytes]","args":[{"enterText":"DzGWjeU1TN","selector":{"id":"application-addressmanagement-display-component---masterAdm--smartFilterBar-btnBasicSearch","interaction":{"idSuffix":"I"}},"clearTextFirst":true,"interactionType":"ENTER_TEXT"}]}
COMMAND: POST /session/7afa81a77ea8a8cbfccffb848b1b0b21/actions - {"actions":[{"id":"action15","type":"key","parameters":{},"actions":[{"type":"keyDown","value":""},{"type":"pause","duration":10},{"type":"keyUp","value":""}]}]}
RESULT: {"actions":[{"id":"action15","type":"key","parameters":{},"actions":[{"type":"keyDown","value":""},{"type":"pause","duration":10},{"type":"keyUp","value":""}]}]}
COMMAND: GET /session/7afa81a77ea8a8cbfccffb848b1b0b21/screenshot - {}
RESULT: {}
COMMAND: POST /session/7afa81a77ea8a8cbfccffb848b1b0b21/elements - {"using":"xpath","value":"//table[contains(@id, \"customPersonsAddressesTable-listUl\")]/tbody/tr"}
RESULT: {"using":"xpath","value":"//table[contains(@id, \"customPersonsAddressesTable-listUl\")]/tbody/tr"}
COMMAND: POST /session/7afa81a77ea8a8cbfccffb848b1b0b21/element - {"using":"xpath","value":"//table[contains(@id, \"customPersonsAddressesTable-listUl\")]/tbody/tr[1]/td[5]/span/span"}
RESULT: {"using":"xpath","value":"//table[contains(@id, \"customPersonsAddressesTable-listUl\")]/tbody/tr[1]/td[5]/span/span"}
COMMAND: POST /session/7afa81a77ea8a8cbfccffb848b1b0b21/element - {"using":"xpath","value":"//table[contains(@id, \"customPersonsAddressesTable-listUl\")]/tbody/tr[1]/td[3]/span"}
RESULT: {"using":"xpath","value":"//table[contains(@id, \"customPersonsAddressesTable-listUl\")]/tbody/tr[1]/td[3]/span"}
COMMAND: POST /session/7afa81a77ea8a8cbfccffb848b1b0b21/elements - {"using":"xpath","value":"//table[contains(@id, \"customPersonsAddressesTable-listUl\")]/tbody/tr[1]/td[5]/span/span"}
RESULT: {"using":"xpath","value":"//table[contains(@id, \"customPersonsAddressesTable-listUl\")]/tbody/tr[1]/td[5]/span/span"}
COMMAND: POST /session/7afa81a77ea8a8cbfccffb848b1b0b21/execute/sync - {"script":"<script> [56 bytes]","args":[{"element-6066-11e4-a52e-4f735466cecf":"f.2AF773046040E3FA33B5151D55212630.d.AF3EB157664EC50164BBA533A587D4EA.e.4090","ELEMENT":"f.2AF773046040E3FA33B5151D55212630.d.AF3EB157664EC50164BBA533A587D4EA.e.4090"}]}
RESULT: {"script":"<script> [56 bytes]","args":[{"element-6066-11e4-a52e-4f735466cecf":"f.2AF773046040E3FA33B5151D55212630.d.AF3EB157664EC50164BBA533A587D4EA.e.4090","ELEMENT":"f.2AF773046040E3FA33B5151D55212630.d.AF3EB157664EC50164BBA533A587D4EA.e.4090"}]}
COMMAND: POST /session/7afa81a77ea8a8cbfccffb848b1b0b21/execute/sync - {"script":"<script> [56 bytes]","args":[{"element-6066-11e4-a52e-4f735466cecf":"f.2AF773046040E3FA33B5151D55212630.d.AF3EB157664EC50164BBA533A587D4EA.e.4091","ELEMENT":"f.2AF773046040E3FA33B5151D55212630.d.AF3EB157664EC50164BBA533A587D4EA.e.4091"}]}
COMMAND: GET /session/7afa81a77ea8a8cbfccffb848b1b0b21/screenshot - {}
RESULT: {"script":"<script> [56 bytes]","args":[{"element-6066-11e4-a52e-4f735466cecf":"f.2AF773046040E3FA33B5151D55212630.d.AF3EB157664EC50164BBA533A587D4EA.e.4091","ELEMENT":"f.2AF773046040E3FA33B5151D55212630.d.AF3EB157664EC50164BBA533A587D4EA.e.4091"}]}
COMMAND: POST /session/7afa81a77ea8a8cbfccffb848b1b0b21/element - {"using":"xpath","value":"(//span[contains(@id, \"imgNav\")])[1]"}
COMMAND: GET /session/7afa81a77ea8a8cbfccffb848b1b0b21/screenshot - {}
RESULT: {}
RESULT: {"using":"xpath","value":"(//span[contains(@id, \"imgNav\")])[1]"}
COMMAND: POST /session/7afa81a77ea8a8cbfccffb848b1b0b21/element/f.2AF773046040E3FA33B5151D55212630.d.AF3EB157664EC50164BBA533A587D4EA.e.4087/click - {}
RESULT: {}
RESULT: {}
COMMAND: GET /session/7afa81a77ea8a8cbfccffb848b1b0b21/screenshot - {}
RESULT: {}
COMMAND: POST /session/7afa81a77ea8a8cbfccffb848b1b0b21/element - {"using":"xpath","value":"//bdi[contains(text(), \"Edit\")]"}
RESULT: {"using":"xpath","value":"//bdi[contains(text(), \"Edit\")]"}
COMMAND: POST /session/7afa81a77ea8a8cbfccffb848b1b0b21/element/f.2AF773046040E3FA33B5151D55212630.d.AF3EB157664EC50164BBA533A587D4EA.e.4216/click - {}
RESULT: {}
COMMAND: GET /session/7afa81a77ea8a8cbfccffb848b1b0b21/screenshot - {}
RESULT: {}
COMMAND: POST /session/7afa81a77ea8a8cbfccffb848b1b0b21/execute/async - {"script":"<script> [1562 bytes]","args":[{"selector":{"controlType":"sap.m.Button","viewName":"etm.portal.ui.addressmanagement.view.EditDetail","properties":{"text":"Attachments (1)"},"interaction":{"idSuffix":"BDI-content"}},"wdio_ui5_key":"etmportal.ui.addressmanagement.view.EditDetailsap.m.Button{\"text\":\"Attachments (1)\"}"}]}
RESULT: {"script":"<script> [1562 bytes]","args":[{"selector":{"controlType":"sap.m.Button","viewName":"etm.portal.ui.addressmanagement.view.EditDetail","properties":{"text":"Attachments (1)"},"interaction":{"idSuffix":"BDI-content"}},"wdio_ui5_key":"etmportal.ui.addressmanagement.view.EditDetailsap.m.Button{\"text\":\"Attachments (1)\"}"}]}
RESULT: undefined
COMMAND: POST /session/7afa81a77ea8a8cbfccffb848b1b0b21/element - {"using":"xpath","value":"//*[@id=\"__xmlview63--ObjectPageLayout-anchBar-__xmlview63--attachments-anchor\"]"}
RESULT: {"using":"xpath","value":"//*[@id=\"__xmlview63--ObjectPageLayout-anchBar-__xmlview63--attachments-anchor\"]"}
COMMAND: POST /session/7afa81a77ea8a8cbfccffb848b1b0b21/element/f.2AF773046040E3FA33B5151D55212630.d.AF3EB157664EC50164BBA533A587D4EA.e.4255/click - {}
RESULT: {}
COMMAND: GET /session/7afa81a77ea8a8cbfccffb848b1b0b21/screenshot - {}
RESULT: {}
COMMAND: POST /session/7afa81a77ea8a8cbfccffb848b1b0b21/execute/async - {"script":"<script> [1562 bytes]","args":[{"selector":{"controlType":"sap.ui.core.Icon","viewName":"etm.portal.ui.addressmanagement.view.EditDetail","properties":{"src":{"regex":{"source":"decline"}}}},"wdio_ui5_key":"etmportal.ui.addressmanagement.view.EditDetailsap.ui.core.Icon{\"src\":{\"regex\":{\"source\":\"decline\"}}}"}]}
RESULT: {"script":"<script> [1562 bytes]","args":[{"selector":{"controlType":"sap.ui.core.Icon","viewName":"etm.portal.ui.addressmanagement.view.EditDetail","properties":{"src":{"regex":{"source":"decline"}}}},"wdio_ui5_key":"etmportal.ui.addressmanagement.view.EditDetailsap.ui.core.Icon{\"src\":{\"regex\":{\"source\":\"decline\"}}}"}]}
RESULT: undefined
COMMAND: POST /session/7afa81a77ea8a8cbfccffb848b1b0b21/element - {"using":"xpath","value":"//*[@id=\"__item850-__set10-0-deleteButton-img\"]"}
RESULT: {"using":"xpath","value":"//*[@id=\"__item850-__set10-0-deleteButton-img\"]"}
COMMAND: POST /session/7afa81a77ea8a8cbfccffb848b1b0b21/element/f.2AF773046040E3FA33B5151D55212630.d.AF3EB157664EC50164BBA533A587D4EA.e.4259/click - {}
RESULT: {}
COMMAND: GET /session/7afa81a77ea8a8cbfccffb848b1b0b21/screenshot - {}
RESULT: {}
COMMAND: POST /session/7afa81a77ea8a8cbfccffb848b1b0b21/element - {"using":"xpath","value":"//bdi[contains(text(), \"OK\")]"}
RESULT: {"using":"xpath","value":"//bdi[contains(text(), \"OK\")]"}
COMMAND: POST /session/7afa81a77ea8a8cbfccffb848b1b0b21/element/f.2AF773046040E3FA33B5151D55212630.d.AF3EB157664EC50164BBA533A587D4EA.e.4262/click - {}
RESULT: {}
COMMAND: GET /session/7afa81a77ea8a8cbfccffb848b1b0b21/screenshot - {}
RESULT: {}
COMMAND: POST /session/7afa81a77ea8a8cbfccffb848b1b0b21/element - {"using":"xpath","value":"//button[@data-kt=\"saveButton\"]"}
RESULT: {"using":"xpath","value":"//button[@data-kt=\"saveButton\"]"}
COMMAND: POST /session/7afa81a77ea8a8cbfccffb848b1b0b21/element/f.2AF773046040E3FA33B5151D55212630.d.AF3EB157664EC50164BBA533A587D4EA.e.4284/click - {}
RESULT: {}
COMMAND: GET /session/7afa81a77ea8a8cbfccffb848b1b0b21/screenshot - {}
RESULT: {}
RESULT: undefined
COMMAND: POST /session/7afa81a77ea8a8cbfccffb848b1b0b21/element - {"using":"xpath","value":"//*[@id=\"application-addressmanagement-display-component---detailAdm--ObjectPageLayout-anchBar-application-addressmanagement-display-component---detailAdm--attachments-anchor\"]"}
RESULT: {"using":"xpath","value":"//*[@id=\"application-addressmanagement-display-component---detailAdm--ObjectPageLayout-anchBar-application-addressmanagement-display-component---detailAdm--attachments-anchor\"]"}
COMMAND: POST /session/7afa81a77ea8a8cbfccffb848b1b0b21/element/f.2AF773046040E3FA33B5151D55212630.d.AF3EB157664EC50164BBA533A587D4EA.e.4299/click - {}
RESULT: {}
COMMAND: GET /session/7afa81a77ea8a8cbfccffb848b1b0b21/screenshot - {}
RESULT: {}
RESULT: undefined
COMMAND: POST /session/7afa81a77ea8a8cbfccffb848b1b0b21/execute/async - {"script":"<script> [6424 bytes]","args":[{"element-6066-11e4-a52e-4f735466cecf":"f.2AF773046040E3FA33B5151D55212630.d.AF3EB157664EC50164BBA533A587D4EA.e.3792"},"getTitle",[]]}
COMMAND: POST /session/7afa81a77ea8a8cbfccffb848b1b0b21/execute/async - {"script":"<script> [1562 bytes]","args":[{"selector":{"id":"application-addressmanagement-display-component---detailAdm--attachments"},"wdio_ui5_key":"applicationaddressmanagement-display-component---detailAdm--attachments"}]}
RESULT: {"script":"<script> [1562 bytes]","args":[{"selector":{"id":"application-addressmanagement-display-component---detailAdm--attachments"},"wdio_ui5_key":"applicationaddressmanagement-display-component---detailAdm--attachments"}]}
COMMAND: POST /session/7afa81a77ea8a8cbfccffb848b1b0b21/execute/async - {"script":"<script> [6424 bytes]","args":[{"element-6066-11e4-a52e-4f735466cecf":"f.2AF773046040E3FA33B5151D55212630.d.AF3EB157664EC50164BBA533A587D4EA.e.4201"},"getTitle",[]]}
RESULT: {"script":"<script> [6424 bytes]","args":[{"element-6066-11e4-a52e-4f735466cecf":"f.2AF773046040E3FA33B5151D55212630.d.AF3EB157664EC50164BBA533A587D4EA.e.4201"},"getTitle",[]]}
COMMAND: POST /session/7afa81a77ea8a8cbfccffb848b1b0b21/element - {"using":"css selector","value":"#shell-header-logo"}
RESULT: {"using":"css selector","value":"#shell-header-logo"}
COMMAND: POST /session/7afa81a77ea8a8cbfccffb848b1b0b21/element/f.2AF773046040E3FA33B5151D55212630.d.AF3EB157664EC50164BBA533A587D4EA.e.3895/click - {}
RESULT: {}
COMMAND: GET /session/7afa81a77ea8a8cbfccffb848b1b0b21/screenshot - {}
RESULT: {}
COMMAND: GET /session/7afa81a77ea8a8cbfccffb848b1b0b21/screenshot - {}
RESULT: {}
COMMAND: DELETE /session/7afa81a77ea8a8cbfccffb848b1b0b21 - {}
RESULT: {}
]]></system-out>
    </testcase>
  </testsuite>
</testsuites>