<?xml version="1.0" encoding="UTF-8"?>
<testsuites tests="58" failures="0" errors="0" skipped="0">
  <testsuite timestamp="2025-05-18T17:06:43" time="977.812" tests="11" failures="0" errors="0" skipped="0">
    <properties>
      <property name="specId" value="0" />
      <property name="suiteName" value="Billing confirm US117289" />
      <property name="capabilities" value="chrome.136_0_7103_93.windows" />
      <property name="file" value="file:///D:/a/1/s/test/specs/BTS/billing-confirm.spec.js" />
    </properties>
    <testcase classname="chrome.136_0_7103_93.windows.Billing_confirm_US117289" name="Should create a new yard" time="127.466">
      <system-out><![CDATA[
COMMAND: POST /session/3097350609915d1f0d0e7f0005360ed5/window/fullscreen - {}
RESULT: {}
COMMAND: POST /session/3097350609915d1f0d0e7f0005360ed5/execute/async - {"script":"<script> [1562 bytes]","args":[{"selector":{"controlType":"sap.m.GenericTile","properties":{"header":"Manage Yards"}},"wdio_ui5_key":"sapm.GenericTile{\"header\":\"Manage Yards\"}"}]}
RESULT: {"script":"<script> [1562 bytes]","args":[{"selector":{"controlType":"sap.m.GenericTile","properties":{"header":"Manage Yards"}},"wdio_ui5_key":"sapm.GenericTile{\"header\":\"Manage Yards\"}"}]}
RESULT: undefined
COMMAND: POST /session/3097350609915d1f0d0e7f0005360ed5/element - {"using":"xpath","value":"//*[@id=\"__tile41\"]"}
RESULT: {"using":"xpath","value":"//*[@id=\"__tile41\"]"}
COMMAND: POST /session/3097350609915d1f0d0e7f0005360ed5/element/f.185E35FC6384979D85E72AD7E1746CD8.d.F0E5CF0A9320A528320E99CF039AC248.e.153/click - {}
RESULT: {}
COMMAND: GET /session/3097350609915d1f0d0e7f0005360ed5/screenshot - {}
RESULT: {}
COMMAND: POST /session/3097350609915d1f0d0e7f0005360ed5/elements - {"using":"xpath","value":"//span[text()='Error']"}
RESULT: {"using":"xpath","value":"//span[text()='Error']"}
COMMAND: POST /session/3097350609915d1f0d0e7f0005360ed5/element - {"using":"xpath","value":"//button[@data-kt=\"addNewYardOverflowToolbarButton\"]"}
RESULT: {"using":"xpath","value":"//button[@data-kt=\"addNewYardOverflowToolbarButton\"]"}
COMMAND: POST /session/3097350609915d1f0d0e7f0005360ed5/elements - {"using":"xpath","value":"//button[@data-kt=\"addNewYardOverflowToolbarButton\"]"}
RESULT: {"using":"xpath","value":"//button[@data-kt=\"addNewYardOverflowToolbarButton\"]"}
COMMAND: POST /session/3097350609915d1f0d0e7f0005360ed5/execute/sync - {"script":"<script> [8489 bytes]","args":[{"element-6066-11e4-a52e-4f735466cecf":"f.185E35FC6384979D85E72AD7E1746CD8.d.F0E5CF0A9320A528320E99CF039AC248.e.290","ELEMENT":"f.185E35FC6384979D85E72AD7E1746CD8.d.F0E5CF0A9320A528320E99CF039AC248.e.290"}]}
RESULT: {"script":"<script> [8489 bytes]","args":[{"element-6066-11e4-a52e-4f735466cecf":"f.185E35FC6384979D85E72AD7E1746CD8.d.F0E5CF0A9320A528320E99CF039AC248.e.290","ELEMENT":"f.185E35FC6384979D85E72AD7E1746CD8.d.F0E5CF0A9320A528320E99CF039AC248.e.290"}]}
COMMAND: GET /session/3097350609915d1f0d0e7f0005360ed5/element/f.185E35FC6384979D85E72AD7E1746CD8.d.F0E5CF0A9320A528320E99CF039AC248.e.290/enabled - {}
COMMAND: GET /session/3097350609915d1f0d0e7f0005360ed5/screenshot - {}
RESULT: {}
COMMAND: POST /session/3097350609915d1f0d0e7f0005360ed5/execute/sync - {"script":"<script> [8489 bytes]","args":[{"element-6066-11e4-a52e-4f735466cecf":"f.185E35FC6384979D85E72AD7E1746CD8.d.F0E5CF0A9320A528320E99CF039AC248.e.290","ELEMENT":"f.185E35FC6384979D85E72AD7E1746CD8.d.F0E5CF0A9320A528320E99CF039AC248.e.290"}]}
COMMAND: GET /session/3097350609915d1f0d0e7f0005360ed5/screenshot - {}
RESULT: {}
RESULT: {"script":"<script> [8489 bytes]","args":[{"element-6066-11e4-a52e-4f735466cecf":"f.185E35FC6384979D85E72AD7E1746CD8.d.F0E5CF0A9320A528320E99CF039AC248.e.290","ELEMENT":"f.185E35FC6384979D85E72AD7E1746CD8.d.F0E5CF0A9320A528320E99CF039AC248.e.290"}]}
COMMAND: POST /session/3097350609915d1f0d0e7f0005360ed5/execute/sync - {"script":"<script> [5351 bytes]","args":[{"element-6066-11e4-a52e-4f735466cecf":"f.185E35FC6384979D85E72AD7E1746CD8.d.F0E5CF0A9320A528320E99CF039AC248.e.290","ELEMENT":"f.185E35FC6384979D85E72AD7E1746CD8.d.F0E5CF0A9320A528320E99CF039AC248.e.290"}]}
COMMAND: GET /session/3097350609915d1f0d0e7f0005360ed5/screenshot - {}
RESULT: {}
RESULT: {"script":"<script> [5351 bytes]","args":[{"element-6066-11e4-a52e-4f735466cecf":"f.185E35FC6384979D85E72AD7E1746CD8.d.F0E5CF0A9320A528320E99CF039AC248.e.290","ELEMENT":"f.185E35FC6384979D85E72AD7E1746CD8.d.F0E5CF0A9320A528320E99CF039AC248.e.290"}]}
COMMAND: POST /session/3097350609915d1f0d0e7f0005360ed5/element/f.185E35FC6384979D85E72AD7E1746CD8.d.F0E5CF0A9320A528320E99CF039AC248.e.290/click - {}
COMMAND: GET /session/3097350609915d1f0d0e7f0005360ed5/screenshot - {}
RESULT: {}
RESULT: {}
COMMAND: GET /session/3097350609915d1f0d0e7f0005360ed5/screenshot - {}
RESULT: {}
RESULT: {}
COMMAND: POST /session/3097350609915d1f0d0e7f0005360ed5/element - {"using":"xpath","value":"//input[@id=\"application-manageyards-display-component---NewYard--yardId-inner\"]"}
RESULT: {"using":"xpath","value":"//input[@id=\"application-manageyards-display-component---NewYard--yardId-inner\"]"}
COMMAND: POST /session/3097350609915d1f0d0e7f0005360ed5/element - {"using":"xpath","value":"//input[@id=\"application-manageyards-display-component---NewYard--yardId-inner\"]"}
RESULT: {"using":"xpath","value":"//input[@id=\"application-manageyards-display-component---NewYard--yardId-inner\"]"}
COMMAND: POST /session/3097350609915d1f0d0e7f0005360ed5/execute/async - {"script":"<script> [1562 bytes]","args":[{"selector":{"id":"application-manageyards-display-component---NewYard--addressDetailDetailsName1","interaction":{"idSuffix":"inner"}},"wdio_ui5_key":"applicationmanageyards-display-component---NewYard--addressDetailDetailsName1"}]}
RESULT: {"script":"<script> [1562 bytes]","args":[{"selector":{"id":"application-manageyards-display-component---NewYard--addressDetailDetailsName1","interaction":{"idSuffix":"inner"}},"wdio_ui5_key":"applicationmanageyards-display-component---NewYard--addressDetailDetailsName1"}]}
RESULT: undefined
COMMAND: POST /session/3097350609915d1f0d0e7f0005360ed5/execute/async - {"script":"<script> [776 bytes]","args":[{"enterText":"Intracompany Yard wdIO","selector":{"id":"application-manageyards-display-component---NewYard--addressDetailDetailsName1","interaction":{"idSuffix":"inner"}},"clearTextFirst":true,"interactionType":"ENTER_TEXT"}]}
RESULT: {"script":"<script> [776 bytes]","args":[{"enterText":"Intracompany Yard wdIO","selector":{"id":"application-manageyards-display-component---NewYard--addressDetailDetailsName1","interaction":{"idSuffix":"inner"}},"clearTextFirst":true,"interactionType":"ENTER_TEXT"}]}
COMMAND: POST /session/3097350609915d1f0d0e7f0005360ed5/execute/async - {"script":"<script> [1562 bytes]","args":[{"selector":{"id":"application-manageyards-display-component---NewYard--addressDetailDetailsLanguage-arrow"},"wdio_ui5_key":"applicationmanageyards-display-component---NewYard--addressDetailDetailsLanguage-arrow"}]}
RESULT: {"script":"<script> [1562 bytes]","args":[{"selector":{"id":"application-manageyards-display-component---NewYard--addressDetailDetailsLanguage-arrow"},"wdio_ui5_key":"applicationmanageyards-display-component---NewYard--addressDetailDetailsLanguage-arrow"}]}
RESULT: undefined
COMMAND: POST /session/3097350609915d1f0d0e7f0005360ed5/element - {"using":"xpath","value":"//*[@id=\"application-manageyards-display-component---NewYard--addressDetailDetailsLanguage-arrow\"]"}
RESULT: {"using":"xpath","value":"//*[@id=\"application-manageyards-display-component---NewYard--addressDetailDetailsLanguage-arrow\"]"}
COMMAND: POST /session/3097350609915d1f0d0e7f0005360ed5/element/f.185E35FC6384979D85E72AD7E1746CD8.d.F0E5CF0A9320A528320E99CF039AC248.e.727/click - {}
RESULT: {}
COMMAND: POST /session/3097350609915d1f0d0e7f0005360ed5/element - {"using":"xpath","value":"//span[contains(text(), \"English\")]"}
COMMAND: GET /session/3097350609915d1f0d0e7f0005360ed5/screenshot - {}
RESULT: {"using":"xpath","value":"//span[contains(text(), \"English\")]"}
COMMAND: POST /session/3097350609915d1f0d0e7f0005360ed5/element/f.185E35FC6384979D85E72AD7E1746CD8.d.F0E5CF0A9320A528320E99CF039AC248.e.728/click - {}
RESULT: {}
RESULT: {}
COMMAND: POST /session/3097350609915d1f0d0e7f0005360ed5/execute/async - {"script":"<script> [1562 bytes]","args":[{"selector":{"id":"application-manageyards-display-component---NewYard--addressDetailDetailsCity1","interaction":{"idSuffix":"inner"}},"wdio_ui5_key":"applicationmanageyards-display-component---NewYard--addressDetailDetailsCity1"}]}
COMMAND: GET /session/3097350609915d1f0d0e7f0005360ed5/screenshot - {}
RESULT: {"script":"<script> [1562 bytes]","args":[{"selector":{"id":"application-manageyards-display-component---NewYard--addressDetailDetailsCity1","interaction":{"idSuffix":"inner"}},"wdio_ui5_key":"applicationmanageyards-display-component---NewYard--addressDetailDetailsCity1"}]}
RESULT: undefined
COMMAND: POST /session/3097350609915d1f0d0e7f0005360ed5/execute/async - {"script":"<script> [776 bytes]","args":[{"enterText":"Rosario","selector":{"id":"application-manageyards-display-component---NewYard--addressDetailDetailsCity1","interaction":{"idSuffix":"inner"}},"clearTextFirst":true,"interactionType":"ENTER_TEXT"}]}
RESULT: {}
RESULT: {"script":"<script> [776 bytes]","args":[{"enterText":"Rosario","selector":{"id":"application-manageyards-display-component---NewYard--addressDetailDetailsCity1","interaction":{"idSuffix":"inner"}},"clearTextFirst":true,"interactionType":"ENTER_TEXT"}]}
COMMAND: POST /session/3097350609915d1f0d0e7f0005360ed5/execute/async - {"script":"<script> [1562 bytes]","args":[{"selector":{"id":"application-manageyards-display-component---NewYard--addressDetailDetailsCountry-arrow"},"wdio_ui5_key":"applicationmanageyards-display-component---NewYard--addressDetailDetailsCountry-arrow"}]}
RESULT: {"script":"<script> [1562 bytes]","args":[{"selector":{"id":"application-manageyards-display-component---NewYard--addressDetailDetailsCountry-arrow"},"wdio_ui5_key":"applicationmanageyards-display-component---NewYard--addressDetailDetailsCountry-arrow"}]}
RESULT: undefined
COMMAND: POST /session/3097350609915d1f0d0e7f0005360ed5/element - {"using":"xpath","value":"//*[@id=\"application-manageyards-display-component---NewYard--addressDetailDetailsCountry-arrow\"]"}
RESULT: {"using":"xpath","value":"//*[@id=\"application-manageyards-display-component---NewYard--addressDetailDetailsCountry-arrow\"]"}
COMMAND: POST /session/3097350609915d1f0d0e7f0005360ed5/element/f.185E35FC6384979D85E72AD7E1746CD8.d.F0E5CF0A9320A528320E99CF039AC248.e.730/click - {}
RESULT: {}
COMMAND: POST /session/3097350609915d1f0d0e7f0005360ed5/element - {"using":"xpath","value":"//span[contains(text(), \"Argentina\")]"}
COMMAND: GET /session/3097350609915d1f0d0e7f0005360ed5/screenshot - {}
RESULT: {"using":"xpath","value":"//span[contains(text(), \"Argentina\")]"}
COMMAND: POST /session/3097350609915d1f0d0e7f0005360ed5/element/f.185E35FC6384979D85E72AD7E1746CD8.d.F0E5CF0A9320A528320E99CF039AC248.e.731/click - {}
RESULT: {}
RESULT: {}
COMMAND: POST /session/3097350609915d1f0d0e7f0005360ed5/execute/async - {"script":"<script> [1562 bytes]","args":[{"selector":{"id":"application-manageyards-display-component---NewYard--addressEditDetailsCostObjectCstType-arrow"},"wdio_ui5_key":"applicationmanageyards-display-component---NewYard--addressEditDetailsCostObjectCstType-arrow"}]}
COMMAND: GET /session/3097350609915d1f0d0e7f0005360ed5/screenshot - {}
RESULT: {"script":"<script> [1562 bytes]","args":[{"selector":{"id":"application-manageyards-display-component---NewYard--addressEditDetailsCostObjectCstType-arrow"},"wdio_ui5_key":"applicationmanageyards-display-component---NewYard--addressEditDetailsCostObjectCstType-arrow"}]}
RESULT: undefined
COMMAND: POST /session/3097350609915d1f0d0e7f0005360ed5/element - {"using":"xpath","value":"//*[@id=\"application-manageyards-display-component---NewYard--addressEditDetailsCostObjectCstType-arrow\"]"}
RESULT: {}
RESULT: {"using":"xpath","value":"//*[@id=\"application-manageyards-display-component---NewYard--addressEditDetailsCostObjectCstType-arrow\"]"}
COMMAND: POST /session/3097350609915d1f0d0e7f0005360ed5/element/f.185E35FC6384979D85E72AD7E1746CD8.d.F0E5CF0A9320A528320E99CF039AC248.e.733/click - {}
RESULT: {}
COMMAND: POST /session/3097350609915d1f0d0e7f0005360ed5/element - {"using":"xpath","value":"//span[contains(text(), \"Cost Center\")]"}
COMMAND: GET /session/3097350609915d1f0d0e7f0005360ed5/screenshot - {}
RESULT: {"using":"xpath","value":"//span[contains(text(), \"Cost Center\")]"}
COMMAND: POST /session/3097350609915d1f0d0e7f0005360ed5/element/f.185E35FC6384979D85E72AD7E1746CD8.d.F0E5CF0A9320A528320E99CF039AC248.e.734/click - {}
RESULT: {}
RESULT: {}
COMMAND: GET /session/3097350609915d1f0d0e7f0005360ed5/screenshot - {}
RESULT: {}
COMMAND: POST /session/3097350609915d1f0d0e7f0005360ed5/element - {"using":"xpath","value":"//span[@id=\"application-manageyards-display-component---NewYard--addressNewCostObjectCstID-vhi\"]"}
RESULT: {"using":"xpath","value":"//span[@id=\"application-manageyards-display-component---NewYard--addressNewCostObjectCstID-vhi\"]"}
COMMAND: POST /session/3097350609915d1f0d0e7f0005360ed5/execute/sync - {"script":"<script> [8489 bytes]","args":[{"element-6066-11e4-a52e-4f735466cecf":"f.185E35FC6384979D85E72AD7E1746CD8.d.F0E5CF0A9320A528320E99CF039AC248.e.738","ELEMENT":"f.185E35FC6384979D85E72AD7E1746CD8.d.F0E5CF0A9320A528320E99CF039AC248.e.738"}]}
RESULT: {"script":"<script> [8489 bytes]","args":[{"element-6066-11e4-a52e-4f735466cecf":"f.185E35FC6384979D85E72AD7E1746CD8.d.F0E5CF0A9320A528320E99CF039AC248.e.738","ELEMENT":"f.185E35FC6384979D85E72AD7E1746CD8.d.F0E5CF0A9320A528320E99CF039AC248.e.738"}]}
COMMAND: POST /session/3097350609915d1f0d0e7f0005360ed5/execute/async - {"script":"<script> [1562 bytes]","args":[{"selector":{"id":"application-manageyards-display-component---NewYard--addressNewCostObjectCstID-vhi"},"wdio_ui5_key":"applicationmanageyards-display-component---NewYard--addressNewCostObjectCstID-vhi"}]}
COMMAND: GET /session/3097350609915d1f0d0e7f0005360ed5/screenshot - {}
RESULT: {"script":"<script> [1562 bytes]","args":[{"selector":{"id":"application-manageyards-display-component---NewYard--addressNewCostObjectCstID-vhi"},"wdio_ui5_key":"applicationmanageyards-display-component---NewYard--addressNewCostObjectCstID-vhi"}]}
RESULT: undefined
COMMAND: POST /session/3097350609915d1f0d0e7f0005360ed5/element - {"using":"xpath","value":"//*[@id=\"application-manageyards-display-component---NewYard--addressNewCostObjectCstID-vhi\"]"}
RESULT: {}
RESULT: {"using":"xpath","value":"//*[@id=\"application-manageyards-display-component---NewYard--addressNewCostObjectCstID-vhi\"]"}
COMMAND: POST /session/3097350609915d1f0d0e7f0005360ed5/element/f.185E35FC6384979D85E72AD7E1746CD8.d.F0E5CF0A9320A528320E99CF039AC248.e.738/click - {}
RESULT: {}
COMMAND: GET /session/3097350609915d1f0d0e7f0005360ed5/screenshot - {}
RESULT: {}
COMMAND: POST /session/3097350609915d1f0d0e7f0005360ed5/execute/async - {"script":"<script> [1562 bytes]","args":[{"selector":{"controlType":"sap.m.SearchField","properties":{"placeholder":"Search"},"searchOpenDialogs":true,"interaction":{"idSuffix":"I"}},"wdio_ui5_key":"sapm.SearchField{\"placeholder\":\"Search\"}"}]}
RESULT: {"script":"<script> [1562 bytes]","args":[{"selector":{"controlType":"sap.m.SearchField","properties":{"placeholder":"Search"},"searchOpenDialogs":true,"interaction":{"idSuffix":"I"}},"wdio_ui5_key":"sapm.SearchField{\"placeholder\":\"Search\"}"}]}
RESULT: undefined
COMMAND: POST /session/3097350609915d1f0d0e7f0005360ed5/execute/async - {"script":"<script> [776 bytes]","args":[{"enterText":"bauh_b","selector":{"controlType":"sap.m.SearchField","properties":{"placeholder":"Search"},"searchOpenDialogs":true,"interaction":{"idSuffix":"I"}},"clearTextFirst":true,"interactionType":"ENTER_TEXT"}]}
RESULT: {"script":"<script> [776 bytes]","args":[{"enterText":"bauh_b","selector":{"controlType":"sap.m.SearchField","properties":{"placeholder":"Search"},"searchOpenDialogs":true,"interaction":{"idSuffix":"I"}},"clearTextFirst":true,"interactionType":"ENTER_TEXT"}]}
COMMAND: POST /session/3097350609915d1f0d0e7f0005360ed5/actions - {"actions":[{"id":"action1","type":"key","parameters":{},"actions":[{"type":"keyDown","value":"î€‡"},{"type":"pause","duration":10},{"type":"keyUp","value":"î€‡"}]}]}
RESULT: {"actions":[{"id":"action1","type":"key","parameters":{},"actions":[{"type":"keyDown","value":"î€‡"},{"type":"pause","duration":10},{"type":"keyUp","value":"î€‡"}]}]}
COMMAND: GET /session/3097350609915d1f0d0e7f0005360ed5/screenshot - {}
RESULT: {}
COMMAND: POST /session/3097350609915d1f0d0e7f0005360ed5/element - {"using":"xpath","value":"//span[contains(text(), \"Demo Yard\")]"}
RESULT: {"using":"xpath","value":"//span[contains(text(), \"Demo Yard\")]"}
COMMAND: POST /session/3097350609915d1f0d0e7f0005360ed5/element/f.185E35FC6384979D85E72AD7E1746CD8.d.F0E5CF0A9320A528320E99CF039AC248.e.780/click - {}
RESULT: {}
COMMAND: GET /session/3097350609915d1f0d0e7f0005360ed5/screenshot - {}
RESULT: {}
COMMAND: POST /session/3097350609915d1f0d0e7f0005360ed5/element - {"using":"xpath","value":"//bdi[contains(text(), \"OK\")]"}
RESULT: {"using":"xpath","value":"//bdi[contains(text(), \"OK\")]"}
COMMAND: POST /session/3097350609915d1f0d0e7f0005360ed5/element/f.185E35FC6384979D85E72AD7E1746CD8.d.F0E5CF0A9320A528320E99CF039AC248.e.781/click - {}
RESULT: {}
COMMAND: GET /session/3097350609915d1f0d0e7f0005360ed5/screenshot - {}
RESULT: {}
COMMAND: POST /session/3097350609915d1f0d0e7f0005360ed5/execute/async - {"script":"<script> [1562 bytes]","args":[{"selector":{"id":"application-manageyards-display-component---NewYard--addressEditDetailsCurrency-arrow"},"wdio_ui5_key":"applicationmanageyards-display-component---NewYard--addressEditDetailsCurrency-arrow"}]}
RESULT: {"script":"<script> [1562 bytes]","args":[{"selector":{"id":"application-manageyards-display-component---NewYard--addressEditDetailsCurrency-arrow"},"wdio_ui5_key":"applicationmanageyards-display-component---NewYard--addressEditDetailsCurrency-arrow"}]}
RESULT: undefined
COMMAND: POST /session/3097350609915d1f0d0e7f0005360ed5/element - {"using":"xpath","value":"//*[@id=\"application-manageyards-display-component---NewYard--addressEditDetailsCurrency-arrow\"]"}
RESULT: {"using":"xpath","value":"//*[@id=\"application-manageyards-display-component---NewYard--addressEditDetailsCurrency-arrow\"]"}
COMMAND: POST /session/3097350609915d1f0d0e7f0005360ed5/element/f.185E35FC6384979D85E72AD7E1746CD8.d.F0E5CF0A9320A528320E99CF039AC248.e.784/click - {}
RESULT: {}
COMMAND: POST /session/3097350609915d1f0d0e7f0005360ed5/element - {"using":"xpath","value":"//span[contains(text(), \"Euro\")]"}
COMMAND: GET /session/3097350609915d1f0d0e7f0005360ed5/screenshot - {}
RESULT: {"using":"xpath","value":"//span[contains(text(), \"Euro\")]"}
COMMAND: POST /session/3097350609915d1f0d0e7f0005360ed5/element/f.185E35FC6384979D85E72AD7E1746CD8.d.F0E5CF0A9320A528320E99CF039AC248.e.785/click - {}
RESULT: {}
RESULT: {}
COMMAND: POST /session/3097350609915d1f0d0e7f0005360ed5/execute/async - {"script":"<script> [1562 bytes]","args":[{"selector":{"controlType":"sap.m.Input","viewName":"etm.portal.ui.manageyards.view.New","viewId":"application-manageyards-display-component---NewYard","bindingPath":{"path":"","propertyPath":"/CONTROLLING_AREA","modelName":"NewYardModel"},"interaction":{"idSuffix":"inner"}},"wdio_ui5_key":"etmportal.ui.manageyards.view.Newsap.m.Input{\"path\":\"\",\"propertyPath\":\"/CONTROLLING_AREA\",\"modelName\":\"NewYardModel\"}"}]}
COMMAND: GET /session/3097350609915d1f0d0e7f0005360ed5/screenshot - {}
RESULT: {"script":"<script> [1562 bytes]","args":[{"selector":{"controlType":"sap.m.Input","viewName":"etm.portal.ui.manageyards.view.New","viewId":"application-manageyards-display-component---NewYard","bindingPath":{"path":"","propertyPath":"/CONTROLLING_AREA","modelName":"NewYardModel"},"interaction":{"idSuffix":"inner"}},"wdio_ui5_key":"etmportal.ui.manageyards.view.Newsap.m.Input{\"path\":\"\",\"propertyPath\":\"/CONTROLLING_AREA\",\"modelName\":\"NewYardModel\"}"}]}
RESULT: undefined
COMMAND: POST /session/3097350609915d1f0d0e7f0005360ed5/execute/async - {"script":"<script> [776 bytes]","args":[{"enterText":"Z001","selector":{"controlType":"sap.m.Input","viewName":"etm.portal.ui.manageyards.view.New","viewId":"application-manageyards-display-component---NewYard","bindingPath":{"path":"","propertyPath":"/CONTROLLING_AREA","modelName":"NewYardModel"},"interaction":{"idSuffix":"inner"}},"clearTextFirst":true,"interactionType":"ENTER_TEXT"}]}
RESULT: {}
RESULT: {"script":"<script> [776 bytes]","args":[{"enterText":"Z001","selector":{"controlType":"sap.m.Input","viewName":"etm.portal.ui.manageyards.view.New","viewId":"application-manageyards-display-component---NewYard","bindingPath":{"path":"","propertyPath":"/CONTROLLING_AREA","modelName":"NewYardModel"},"interaction":{"idSuffix":"inner"}},"clearTextFirst":true,"interactionType":"ENTER_TEXT"}]}
COMMAND: POST /session/3097350609915d1f0d0e7f0005360ed5/execute/async - {"script":"<script> [1562 bytes]","args":[{"selector":{"id":"application-manageyards-display-component---NewYard--companyCodeComboBox","interaction":{"idSuffix":"inner"}},"wdio_ui5_key":"applicationmanageyards-display-component---NewYard--companyCodeComboBox"}]}
RESULT: {"script":"<script> [1562 bytes]","args":[{"selector":{"id":"application-manageyards-display-component---NewYard--companyCodeComboBox","interaction":{"idSuffix":"inner"}},"wdio_ui5_key":"applicationmanageyards-display-component---NewYard--companyCodeComboBox"}]}
RESULT: undefined
COMMAND: POST /session/3097350609915d1f0d0e7f0005360ed5/execute/async - {"script":"<script> [776 bytes]","args":[{"enterText":"1000","selector":{"id":"application-manageyards-display-component---NewYard--companyCodeComboBox","interaction":{"idSuffix":"inner"}},"clearTextFirst":true,"interactionType":"ENTER_TEXT"}]}
RESULT: {"script":"<script> [776 bytes]","args":[{"enterText":"1000","selector":{"id":"application-manageyards-display-component---NewYard--companyCodeComboBox","interaction":{"idSuffix":"inner"}},"clearTextFirst":true,"interactionType":"ENTER_TEXT"}]}
COMMAND: POST /session/3097350609915d1f0d0e7f0005360ed5/execute/async - {"script":"<script> [1562 bytes]","args":[{"selector":{"controlType":"sap.m.Input","viewName":"etm.portal.ui.manageyards.view.New","viewId":"application-manageyards-display-component---NewYard","bindingPath":{"path":"","propertyPath":"/PLANT","modelName":"NewYardModel"},"interaction":{"idSuffix":"inner"}},"wdio_ui5_key":"etmportal.ui.manageyards.view.Newsap.m.Input{\"path\":\"\",\"propertyPath\":\"/PLANT\",\"modelName\":\"NewYardModel\"}"}]}
RESULT: {"script":"<script> [1562 bytes]","args":[{"selector":{"controlType":"sap.m.Input","viewName":"etm.portal.ui.manageyards.view.New","viewId":"application-manageyards-display-component---NewYard","bindingPath":{"path":"","propertyPath":"/PLANT","modelName":"NewYardModel"},"interaction":{"idSuffix":"inner"}},"wdio_ui5_key":"etmportal.ui.manageyards.view.Newsap.m.Input{\"path\":\"\",\"propertyPath\":\"/PLANT\",\"modelName\":\"NewYardModel\"}"}]}
RESULT: undefined
COMMAND: POST /session/3097350609915d1f0d0e7f0005360ed5/execute/async - {"script":"<script> [776 bytes]","args":[{"enterText":"1001","selector":{"controlType":"sap.m.Input","viewName":"etm.portal.ui.manageyards.view.New","viewId":"application-manageyards-display-component---NewYard","bindingPath":{"path":"","propertyPath":"/PLANT","modelName":"NewYardModel"},"interaction":{"idSuffix":"inner"}},"clearTextFirst":true,"interactionType":"ENTER_TEXT"}]}
RESULT: {"script":"<script> [776 bytes]","args":[{"enterText":"1001","selector":{"controlType":"sap.m.Input","viewName":"etm.portal.ui.manageyards.view.New","viewId":"application-manageyards-display-component---NewYard","bindingPath":{"path":"","propertyPath":"/PLANT","modelName":"NewYardModel"},"interaction":{"idSuffix":"inner"}},"clearTextFirst":true,"interactionType":"ENTER_TEXT"}]}
COMMAND: POST /session/3097350609915d1f0d0e7f0005360ed5/execute/async - {"script":"<script> [1562 bytes]","args":[{"selector":{"controlType":"sap.m.Input","viewName":"etm.portal.ui.manageyards.view.New","viewId":"application-manageyards-display-component---NewYard","bindingPath":{"path":"","propertyPath":"/SALES_AREA_VKORG","modelName":"NewYardModel"},"interaction":{"idSuffix":"inner"}},"wdio_ui5_key":"etmportal.ui.manageyards.view.Newsap.m.Input{\"path\":\"\",\"propertyPath\":\"/SALES_AREA_VKORG\",\"modelName\":\"NewYardModel\"}"}]}
RESULT: {"script":"<script> [1562 bytes]","args":[{"selector":{"controlType":"sap.m.Input","viewName":"etm.portal.ui.manageyards.view.New","viewId":"application-manageyards-display-component---NewYard","bindingPath":{"path":"","propertyPath":"/SALES_AREA_VKORG","modelName":"NewYardModel"},"interaction":{"idSuffix":"inner"}},"wdio_ui5_key":"etmportal.ui.manageyards.view.Newsap.m.Input{\"path\":\"\",\"propertyPath\":\"/SALES_AREA_VKORG\",\"modelName\":\"NewYardModel\"}"}]}
RESULT: undefined
COMMAND: POST /session/3097350609915d1f0d0e7f0005360ed5/execute/async - {"script":"<script> [776 bytes]","args":[{"enterText":"C002","selector":{"controlType":"sap.m.Input","viewName":"etm.portal.ui.manageyards.view.New","viewId":"application-manageyards-display-component---NewYard","bindingPath":{"path":"","propertyPath":"/SALES_AREA_VKORG","modelName":"NewYardModel"},"interaction":{"idSuffix":"inner"}},"clearTextFirst":true,"interactionType":"ENTER_TEXT"}]}
RESULT: {"script":"<script> [776 bytes]","args":[{"enterText":"C002","selector":{"controlType":"sap.m.Input","viewName":"etm.portal.ui.manageyards.view.New","viewId":"application-manageyards-display-component---NewYard","bindingPath":{"path":"","propertyPath":"/SALES_AREA_VKORG","modelName":"NewYardModel"},"interaction":{"idSuffix":"inner"}},"clearTextFirst":true,"interactionType":"ENTER_TEXT"}]}
COMMAND: POST /session/3097350609915d1f0d0e7f0005360ed5/execute/async - {"script":"<script> [1562 bytes]","args":[{"selector":{"controlType":"sap.m.Input","viewName":"etm.portal.ui.manageyards.view.New","viewId":"application-manageyards-display-component---NewYard","bindingPath":{"path":"","propertyPath":"/SALES_AREA_VTWEG","modelName":"NewYardModel"},"interaction":{"idSuffix":"inner"}},"wdio_ui5_key":"etmportal.ui.manageyards.view.Newsap.m.Input{\"path\":\"\",\"propertyPath\":\"/SALES_AREA_VTWEG\",\"modelName\":\"NewYardModel\"}"}]}
RESULT: {"script":"<script> [1562 bytes]","args":[{"selector":{"controlType":"sap.m.Input","viewName":"etm.portal.ui.manageyards.view.New","viewId":"application-manageyards-display-component---NewYard","bindingPath":{"path":"","propertyPath":"/SALES_AREA_VTWEG","modelName":"NewYardModel"},"interaction":{"idSuffix":"inner"}},"wdio_ui5_key":"etmportal.ui.manageyards.view.Newsap.m.Input{\"path\":\"\",\"propertyPath\":\"/SALES_AREA_VTWEG\",\"modelName\":\"NewYardModel\"}"}]}
RESULT: undefined
COMMAND: POST /session/3097350609915d1f0d0e7f0005360ed5/execute/async - {"script":"<script> [776 bytes]","args":[{"enterText":"C2","selector":{"controlType":"sap.m.Input","viewName":"etm.portal.ui.manageyards.view.New","viewId":"application-manageyards-display-component---NewYard","bindingPath":{"path":"","propertyPath":"/SALES_AREA_VTWEG","modelName":"NewYardModel"},"interaction":{"idSuffix":"inner"}},"clearTextFirst":true,"interactionType":"ENTER_TEXT"}]}
RESULT: {"script":"<script> [776 bytes]","args":[{"enterText":"C2","selector":{"controlType":"sap.m.Input","viewName":"etm.portal.ui.manageyards.view.New","viewId":"application-manageyards-display-component---NewYard","bindingPath":{"path":"","propertyPath":"/SALES_AREA_VTWEG","modelName":"NewYardModel"},"interaction":{"idSuffix":"inner"}},"clearTextFirst":true,"interactionType":"ENTER_TEXT"}]}
COMMAND: POST /session/3097350609915d1f0d0e7f0005360ed5/execute/async - {"script":"<script> [1562 bytes]","args":[{"selector":{"controlType":"sap.m.Input","viewName":"etm.portal.ui.manageyards.view.New","viewId":"application-manageyards-display-component---NewYard","bindingPath":{"path":"","propertyPath":"/SALES_AREA_SPART","modelName":"NewYardModel"},"interaction":{"idSuffix":"inner"}},"wdio_ui5_key":"etmportal.ui.manageyards.view.Newsap.m.Input{\"path\":\"\",\"propertyPath\":\"/SALES_AREA_SPART\",\"modelName\":\"NewYardModel\"}"}]}
RESULT: {"script":"<script> [1562 bytes]","args":[{"selector":{"controlType":"sap.m.Input","viewName":"etm.portal.ui.manageyards.view.New","viewId":"application-manageyards-display-component---NewYard","bindingPath":{"path":"","propertyPath":"/SALES_AREA_SPART","modelName":"NewYardModel"},"interaction":{"idSuffix":"inner"}},"wdio_ui5_key":"etmportal.ui.manageyards.view.Newsap.m.Input{\"path\":\"\",\"propertyPath\":\"/SALES_AREA_SPART\",\"modelName\":\"NewYardModel\"}"}]}
RESULT: undefined
COMMAND: POST /session/3097350609915d1f0d0e7f0005360ed5/execute/async - {"script":"<script> [776 bytes]","args":[{"enterText":"C2","selector":{"controlType":"sap.m.Input","viewName":"etm.portal.ui.manageyards.view.New","viewId":"application-manageyards-display-component---NewYard","bindingPath":{"path":"","propertyPath":"/SALES_AREA_SPART","modelName":"NewYardModel"},"interaction":{"idSuffix":"inner"}},"clearTextFirst":true,"interactionType":"ENTER_TEXT"}]}
RESULT: {"script":"<script> [776 bytes]","args":[{"enterText":"C2","selector":{"controlType":"sap.m.Input","viewName":"etm.portal.ui.manageyards.view.New","viewId":"application-manageyards-display-component---NewYard","bindingPath":{"path":"","propertyPath":"/SALES_AREA_SPART","modelName":"NewYardModel"},"interaction":{"idSuffix":"inner"}},"clearTextFirst":true,"interactionType":"ENTER_TEXT"}]}
COMMAND: POST /session/3097350609915d1f0d0e7f0005360ed5/execute/async - {"script":"<script> [1562 bytes]","args":[{"selector":{"controlType":"sap.m.Input","viewName":"etm.portal.ui.manageyards.view.New","viewId":"application-manageyards-display-component---NewYard","bindingPath":{"path":"","propertyPath":"/SHIP_POINT","modelName":"NewYardModel"},"interaction":{"idSuffix":"inner"}},"wdio_ui5_key":"etmportal.ui.manageyards.view.Newsap.m.Input{\"path\":\"\",\"propertyPath\":\"/SHIP_POINT\",\"modelName\":\"NewYardModel\"}"}]}
RESULT: {"script":"<script> [1562 bytes]","args":[{"selector":{"controlType":"sap.m.Input","viewName":"etm.portal.ui.manageyards.view.New","viewId":"application-manageyards-display-component---NewYard","bindingPath":{"path":"","propertyPath":"/SHIP_POINT","modelName":"NewYardModel"},"interaction":{"idSuffix":"inner"}},"wdio_ui5_key":"etmportal.ui.manageyards.view.Newsap.m.Input{\"path\":\"\",\"propertyPath\":\"/SHIP_POINT\",\"modelName\":\"NewYardModel\"}"}]}
RESULT: undefined
COMMAND: POST /session/3097350609915d1f0d0e7f0005360ed5/execute/async - {"script":"<script> [776 bytes]","args":[{"enterText":"1710","selector":{"controlType":"sap.m.Input","viewName":"etm.portal.ui.manageyards.view.New","viewId":"application-manageyards-display-component---NewYard","bindingPath":{"path":"","propertyPath":"/SHIP_POINT","modelName":"NewYardModel"},"interaction":{"idSuffix":"inner"}},"clearTextFirst":true,"interactionType":"ENTER_TEXT"}]}
RESULT: {"script":"<script> [776 bytes]","args":[{"enterText":"1710","selector":{"controlType":"sap.m.Input","viewName":"etm.portal.ui.manageyards.view.New","viewId":"application-manageyards-display-component---NewYard","bindingPath":{"path":"","propertyPath":"/SHIP_POINT","modelName":"NewYardModel"},"interaction":{"idSuffix":"inner"}},"clearTextFirst":true,"interactionType":"ENTER_TEXT"}]}
COMMAND: POST /session/3097350609915d1f0d0e7f0005360ed5/execute/async - {"script":"<script> [1562 bytes]","args":[{"selector":{"controlType":"sap.m.Input","viewName":"etm.portal.ui.manageyards.view.New","viewId":"application-manageyards-display-component---NewYard","bindingPath":{"path":"","propertyPath":"/DELIVERY_TYPE","modelName":"NewYardModel"},"interaction":{"idSuffix":"inner"}},"wdio_ui5_key":"etmportal.ui.manageyards.view.Newsap.m.Input{\"path\":\"\",\"propertyPath\":\"/DELIVERY_TYPE\",\"modelName\":\"NewYardModel\"}"}]}
RESULT: {"script":"<script> [1562 bytes]","args":[{"selector":{"controlType":"sap.m.Input","viewName":"etm.portal.ui.manageyards.view.New","viewId":"application-manageyards-display-component---NewYard","bindingPath":{"path":"","propertyPath":"/DELIVERY_TYPE","modelName":"NewYardModel"},"interaction":{"idSuffix":"inner"}},"wdio_ui5_key":"etmportal.ui.manageyards.view.Newsap.m.Input{\"path\":\"\",\"propertyPath\":\"/DELIVERY_TYPE\",\"modelName\":\"NewYardModel\"}"}]}
RESULT: undefined
COMMAND: POST /session/3097350609915d1f0d0e7f0005360ed5/execute/async - {"script":"<script> [776 bytes]","args":[{"enterText":"ZL01","selector":{"controlType":"sap.m.Input","viewName":"etm.portal.ui.manageyards.view.New","viewId":"application-manageyards-display-component---NewYard","bindingPath":{"path":"","propertyPath":"/DELIVERY_TYPE","modelName":"NewYardModel"},"interaction":{"idSuffix":"inner"}},"clearTextFirst":true,"interactionType":"ENTER_TEXT"}]}
RESULT: {"script":"<script> [776 bytes]","args":[{"enterText":"ZL01","selector":{"controlType":"sap.m.Input","viewName":"etm.portal.ui.manageyards.view.New","viewId":"application-manageyards-display-component---NewYard","bindingPath":{"path":"","propertyPath":"/DELIVERY_TYPE","modelName":"NewYardModel"},"interaction":{"idSuffix":"inner"}},"clearTextFirst":true,"interactionType":"ENTER_TEXT"}]}
COMMAND: POST /session/3097350609915d1f0d0e7f0005360ed5/execute/async - {"script":"<script> [1562 bytes]","args":[{"selector":{"controlType":"sap.m.Input","viewName":"etm.portal.ui.manageyards.view.New","viewId":"application-manageyards-display-component---NewYard","bindingPath":{"path":"","propertyPath":"/AUART","modelName":"NewYardModel"},"interaction":{"idSuffix":"inner"}},"wdio_ui5_key":"etmportal.ui.manageyards.view.Newsap.m.Input{\"path\":\"\",\"propertyPath\":\"/AUART\",\"modelName\":\"NewYardModel\"}"}]}
RESULT: {"script":"<script> [1562 bytes]","args":[{"selector":{"controlType":"sap.m.Input","viewName":"etm.portal.ui.manageyards.view.New","viewId":"application-manageyards-display-component---NewYard","bindingPath":{"path":"","propertyPath":"/AUART","modelName":"NewYardModel"},"interaction":{"idSuffix":"inner"}},"wdio_ui5_key":"etmportal.ui.manageyards.view.Newsap.m.Input{\"path\":\"\",\"propertyPath\":\"/AUART\",\"modelName\":\"NewYardModel\"}"}]}
RESULT: undefined
COMMAND: POST /session/3097350609915d1f0d0e7f0005360ed5/execute/async - {"script":"<script> [776 bytes]","args":[{"enterText":"TA","selector":{"controlType":"sap.m.Input","viewName":"etm.portal.ui.manageyards.view.New","viewId":"application-manageyards-display-component---NewYard","bindingPath":{"path":"","propertyPath":"/AUART","modelName":"NewYardModel"},"interaction":{"idSuffix":"inner"}},"clearTextFirst":true,"interactionType":"ENTER_TEXT"}]}
RESULT: {"script":"<script> [776 bytes]","args":[{"enterText":"TA","selector":{"controlType":"sap.m.Input","viewName":"etm.portal.ui.manageyards.view.New","viewId":"application-manageyards-display-component---NewYard","bindingPath":{"path":"","propertyPath":"/AUART","modelName":"NewYardModel"},"interaction":{"idSuffix":"inner"}},"clearTextFirst":true,"interactionType":"ENTER_TEXT"}]}
COMMAND: POST /session/3097350609915d1f0d0e7f0005360ed5/element - {"using":"xpath","value":"//button[@data-kt=\"newYardSaveButton\"]"}
RESULT: {"using":"xpath","value":"//button[@data-kt=\"newYardSaveButton\"]"}
COMMAND: POST /session/3097350609915d1f0d0e7f0005360ed5/element/f.185E35FC6384979D85E72AD7E1746CD8.d.F0E5CF0A9320A528320E99CF039AC248.e.689/click - {}
RESULT: {}
COMMAND: GET /session/3097350609915d1f0d0e7f0005360ed5/screenshot - {}
RESULT: {}
COMMAND: POST /session/3097350609915d1f0d0e7f0005360ed5/element - {"using":"xpath","value":"//header[contains(@id, 'ObjectPageLayout-headerTitle')]/div[1]/div[2]/div[1]/span[1]"}
RESULT: {"using":"xpath","value":"//header[contains(@id, 'ObjectPageLayout-headerTitle')]/div[1]/div[2]/div[1]/span[1]"}
COMMAND: POST /session/3097350609915d1f0d0e7f0005360ed5/elements - {"using":"xpath","value":"//header[contains(@id, 'ObjectPageLayout-headerTitle')]/div[1]/div[2]/div[1]/span[1]"}
RESULT: {"using":"xpath","value":"//header[contains(@id, 'ObjectPageLayout-headerTitle')]/div[1]/div[2]/div[1]/span[1]"}
COMMAND: POST /session/3097350609915d1f0d0e7f0005360ed5/execute/sync - {"script":"<script> [56 bytes]","args":[{"element-6066-11e4-a52e-4f735466cecf":"f.185E35FC6384979D85E72AD7E1746CD8.d.F0E5CF0A9320A528320E99CF039AC248.e.1017","ELEMENT":"f.185E35FC6384979D85E72AD7E1746CD8.d.F0E5CF0A9320A528320E99CF039AC248.e.1017"}]}
RESULT: {"script":"<script> [56 bytes]","args":[{"element-6066-11e4-a52e-4f735466cecf":"f.185E35FC6384979D85E72AD7E1746CD8.d.F0E5CF0A9320A528320E99CF039AC248.e.1017","ELEMENT":"f.185E35FC6384979D85E72AD7E1746CD8.d.F0E5CF0A9320A528320E99CF039AC248.e.1017"}]}
COMMAND: GET /session/3097350609915d1f0d0e7f0005360ed5/screenshot - {}
RESULT: {}
COMMAND: POST /session/3097350609915d1f0d0e7f0005360ed5/element - {"using":"css selector","value":"#shell-header-logo"}
RESULT: {"using":"css selector","value":"#shell-header-logo"}
COMMAND: POST /session/3097350609915d1f0d0e7f0005360ed5/element/f.185E35FC6384979D85E72AD7E1746CD8.d.F0E5CF0A9320A528320E99CF039AC248.e.258/click - {}
RESULT: {}
COMMAND: GET /session/3097350609915d1f0d0e7f0005360ed5/screenshot - {}
RESULT: {}
COMMAND: POST /session/3097350609915d1f0d0e7f0005360ed5/execute/sync - {"script":"<script> [299 bytes]","args":[["getModel","getResource"]]}
RESULT: {"script":"<script> [299 bytes]","args":[["getModel","getResource"]]}
COMMAND: GET /session/3097350609915d1f0d0e7f0005360ed5/screenshot - {}
]]></system-out>
    </testcase>
    <testcase classname="chrome.136_0_7103_93.windows.Billing_confirm_US117289" name="Should create a new partner" time="129.187">
      <system-out><![CDATA[
COMMAND: POST /session/3097350609915d1f0d0e7f0005360ed5/window/fullscreen - {}
RESULT: {}
RESULT: {}
COMMAND: POST /session/3097350609915d1f0d0e7f0005360ed5/execute/async - {"script":"<script> [1562 bytes]","args":[{"selector":{"controlType":"sap.m.GenericTile","properties":{"header":"Manage Partners"}},"wdio_ui5_key":"sapm.GenericTile{\"header\":\"Manage Partners\"}"}]}
RESULT: {"script":"<script> [1562 bytes]","args":[{"selector":{"controlType":"sap.m.GenericTile","properties":{"header":"Manage Partners"}},"wdio_ui5_key":"sapm.GenericTile{\"header\":\"Manage Partners\"}"}]}
RESULT: undefined
COMMAND: POST /session/3097350609915d1f0d0e7f0005360ed5/element - {"using":"xpath","value":"//*[@id=\"__tile38\"]"}
RESULT: {"using":"xpath","value":"//*[@id=\"__tile38\"]"}
COMMAND: POST /session/3097350609915d1f0d0e7f0005360ed5/element/f.185E35FC6384979D85E72AD7E1746CD8.d.F0E5CF0A9320A528320E99CF039AC248.e.144/click - {}
RESULT: {}
COMMAND: GET /session/3097350609915d1f0d0e7f0005360ed5/screenshot - {}
RESULT: {}
COMMAND: POST /session/3097350609915d1f0d0e7f0005360ed5/elements - {"using":"xpath","value":"//span[text()='Error']"}
RESULT: {"using":"xpath","value":"//span[text()='Error']"}
COMMAND: POST /session/3097350609915d1f0d0e7f0005360ed5/element - {"using":"xpath","value":"//button[@data-kt=\"addButton\"]"}
RESULT: {"using":"xpath","value":"//button[@data-kt=\"addButton\"]"}
COMMAND: POST /session/3097350609915d1f0d0e7f0005360ed5/elements - {"using":"xpath","value":"//button[@data-kt=\"addButton\"]"}
RESULT: {"using":"xpath","value":"//button[@data-kt=\"addButton\"]"}
COMMAND: POST /session/3097350609915d1f0d0e7f0005360ed5/execute/sync - {"script":"<script> [8489 bytes]","args":[{"element-6066-11e4-a52e-4f735466cecf":"f.185E35FC6384979D85E72AD7E1746CD8.d.F0E5CF0A9320A528320E99CF039AC248.e.1066","ELEMENT":"f.185E35FC6384979D85E72AD7E1746CD8.d.F0E5CF0A9320A528320E99CF039AC248.e.1066"}]}
RESULT: {"script":"<script> [8489 bytes]","args":[{"element-6066-11e4-a52e-4f735466cecf":"f.185E35FC6384979D85E72AD7E1746CD8.d.F0E5CF0A9320A528320E99CF039AC248.e.1066","ELEMENT":"f.185E35FC6384979D85E72AD7E1746CD8.d.F0E5CF0A9320A528320E99CF039AC248.e.1066"}]}
COMMAND: GET /session/3097350609915d1f0d0e7f0005360ed5/element/f.185E35FC6384979D85E72AD7E1746CD8.d.F0E5CF0A9320A528320E99CF039AC248.e.1066/enabled - {}
COMMAND: GET /session/3097350609915d1f0d0e7f0005360ed5/screenshot - {}
RESULT: {}
COMMAND: POST /session/3097350609915d1f0d0e7f0005360ed5/execute/sync - {"script":"<script> [8489 bytes]","args":[{"element-6066-11e4-a52e-4f735466cecf":"f.185E35FC6384979D85E72AD7E1746CD8.d.F0E5CF0A9320A528320E99CF039AC248.e.1066","ELEMENT":"f.185E35FC6384979D85E72AD7E1746CD8.d.F0E5CF0A9320A528320E99CF039AC248.e.1066"}]}
COMMAND: GET /session/3097350609915d1f0d0e7f0005360ed5/screenshot - {}
RESULT: {}
RESULT: {"script":"<script> [8489 bytes]","args":[{"element-6066-11e4-a52e-4f735466cecf":"f.185E35FC6384979D85E72AD7E1746CD8.d.F0E5CF0A9320A528320E99CF039AC248.e.1066","ELEMENT":"f.185E35FC6384979D85E72AD7E1746CD8.d.F0E5CF0A9320A528320E99CF039AC248.e.1066"}]}
COMMAND: POST /session/3097350609915d1f0d0e7f0005360ed5/execute/sync - {"script":"<script> [5351 bytes]","args":[{"element-6066-11e4-a52e-4f735466cecf":"f.185E35FC6384979D85E72AD7E1746CD8.d.F0E5CF0A9320A528320E99CF039AC248.e.1066","ELEMENT":"f.185E35FC6384979D85E72AD7E1746CD8.d.F0E5CF0A9320A528320E99CF039AC248.e.1066"}]}
COMMAND: GET /session/3097350609915d1f0d0e7f0005360ed5/screenshot - {}
RESULT: {}
RESULT: {"script":"<script> [5351 bytes]","args":[{"element-6066-11e4-a52e-4f735466cecf":"f.185E35FC6384979D85E72AD7E1746CD8.d.F0E5CF0A9320A528320E99CF039AC248.e.1066","ELEMENT":"f.185E35FC6384979D85E72AD7E1746CD8.d.F0E5CF0A9320A528320E99CF039AC248.e.1066"}]}
COMMAND: POST /session/3097350609915d1f0d0e7f0005360ed5/element/f.185E35FC6384979D85E72AD7E1746CD8.d.F0E5CF0A9320A528320E99CF039AC248.e.1066/click - {}
COMMAND: GET /session/3097350609915d1f0d0e7f0005360ed5/screenshot - {}
RESULT: {}
RESULT: {}
COMMAND: GET /session/3097350609915d1f0d0e7f0005360ed5/screenshot - {}
RESULT: {}
COMMAND: POST /session/3097350609915d1f0d0e7f0005360ed5/execute/async - {"script":"<script> [1562 bytes]","args":[{"selector":{"id":"application-managepartners-display-component---NewPartner--addressDetailDetailsName1","interaction":{"idSuffix":"inner"}},"wdio_ui5_key":"applicationmanagepartners-display-component---NewPartner--addressDetailDetailsName1"}]}
RESULT: {}
RESULT: {"script":"<script> [1562 bytes]","args":[{"selector":{"id":"application-managepartners-display-component---NewPartner--addressDetailDetailsName1","interaction":{"idSuffix":"inner"}},"wdio_ui5_key":"applicationmanagepartners-display-component---NewPartner--addressDetailDetailsName1"}]}
RESULT: undefined
COMMAND: POST /session/3097350609915d1f0d0e7f0005360ed5/execute/async - {"script":"<script> [776 bytes]","args":[{"enterText":"Intracompany Partner WDIO","selector":{"id":"application-managepartners-display-component---NewPartner--addressDetailDetailsName1","interaction":{"idSuffix":"inner"}},"clearTextFirst":true,"interactionType":"ENTER_TEXT"}]}
RESULT: {"script":"<script> [776 bytes]","args":[{"enterText":"Intracompany Partner WDIO","selector":{"id":"application-managepartners-display-component---NewPartner--addressDetailDetailsName1","interaction":{"idSuffix":"inner"}},"clearTextFirst":true,"interactionType":"ENTER_TEXT"}]}
COMMAND: POST /session/3097350609915d1f0d0e7f0005360ed5/execute/async - {"script":"<script> [1562 bytes]","args":[{"selector":{"id":"application-managepartners-display-component---NewPartner--addressDetailDetailsLanguage-arrow"},"wdio_ui5_key":"applicationmanagepartners-display-component---NewPartner--addressDetailDetailsLanguage-arrow"}]}
RESULT: {"script":"<script> [1562 bytes]","args":[{"selector":{"id":"application-managepartners-display-component---NewPartner--addressDetailDetailsLanguage-arrow"},"wdio_ui5_key":"applicationmanagepartners-display-component---NewPartner--addressDetailDetailsLanguage-arrow"}]}
RESULT: undefined
COMMAND: POST /session/3097350609915d1f0d0e7f0005360ed5/element - {"using":"xpath","value":"//*[@id=\"application-managepartners-display-component---NewPartner--addressDetailDetailsLanguage-arrow\"]"}
RESULT: {"using":"xpath","value":"//*[@id=\"application-managepartners-display-component---NewPartner--addressDetailDetailsLanguage-arrow\"]"}
COMMAND: POST /session/3097350609915d1f0d0e7f0005360ed5/element/f.185E35FC6384979D85E72AD7E1746CD8.d.F0E5CF0A9320A528320E99CF039AC248.e.1490/click - {}
RESULT: {}
COMMAND: POST /session/3097350609915d1f0d0e7f0005360ed5/element - {"using":"xpath","value":"//span[contains(text(), \"English\")]"}
COMMAND: GET /session/3097350609915d1f0d0e7f0005360ed5/screenshot - {}
RESULT: {"using":"xpath","value":"//span[contains(text(), \"English\")]"}
COMMAND: POST /session/3097350609915d1f0d0e7f0005360ed5/element/f.185E35FC6384979D85E72AD7E1746CD8.d.F0E5CF0A9320A528320E99CF039AC248.e.1491/click - {}
RESULT: {}
RESULT: {}
COMMAND: GET /session/3097350609915d1f0d0e7f0005360ed5/screenshot - {}
RESULT: {}
COMMAND: POST /session/3097350609915d1f0d0e7f0005360ed5/execute/async - {"script":"<script> [1562 bytes]","args":[{"selector":{"id":"application-managepartners-display-component---NewPartner--addressDetailDetailsCity1","interaction":{"idSuffix":"inner"}},"wdio_ui5_key":"applicationmanagepartners-display-component---NewPartner--addressDetailDetailsCity1"}]}
RESULT: {"script":"<script> [1562 bytes]","args":[{"selector":{"id":"application-managepartners-display-component---NewPartner--addressDetailDetailsCity1","interaction":{"idSuffix":"inner"}},"wdio_ui5_key":"applicationmanagepartners-display-component---NewPartner--addressDetailDetailsCity1"}]}
RESULT: undefined
COMMAND: POST /session/3097350609915d1f0d0e7f0005360ed5/execute/async - {"script":"<script> [776 bytes]","args":[{"enterText":"Rosario","selector":{"id":"application-managepartners-display-component---NewPartner--addressDetailDetailsCity1","interaction":{"idSuffix":"inner"}},"clearTextFirst":true,"interactionType":"ENTER_TEXT"}]}
RESULT: {"script":"<script> [776 bytes]","args":[{"enterText":"Rosario","selector":{"id":"application-managepartners-display-component---NewPartner--addressDetailDetailsCity1","interaction":{"idSuffix":"inner"}},"clearTextFirst":true,"interactionType":"ENTER_TEXT"}]}
COMMAND: POST /session/3097350609915d1f0d0e7f0005360ed5/execute/async - {"script":"<script> [1562 bytes]","args":[{"selector":{"id":"application-managepartners-display-component---NewPartner--addressDetailDetailsCountry-arrow"},"wdio_ui5_key":"applicationmanagepartners-display-component---NewPartner--addressDetailDetailsCountry-arrow"}]}
RESULT: {"script":"<script> [1562 bytes]","args":[{"selector":{"id":"application-managepartners-display-component---NewPartner--addressDetailDetailsCountry-arrow"},"wdio_ui5_key":"applicationmanagepartners-display-component---NewPartner--addressDetailDetailsCountry-arrow"}]}
RESULT: undefined
COMMAND: POST /session/3097350609915d1f0d0e7f0005360ed5/element - {"using":"xpath","value":"//*[@id=\"application-managepartners-display-component---NewPartner--addressDetailDetailsCountry-arrow\"]"}
RESULT: {"using":"xpath","value":"//*[@id=\"application-managepartners-display-component---NewPartner--addressDetailDetailsCountry-arrow\"]"}
COMMAND: POST /session/3097350609915d1f0d0e7f0005360ed5/element/f.185E35FC6384979D85E72AD7E1746CD8.d.F0E5CF0A9320A528320E99CF039AC248.e.1443/click - {}
RESULT: {}
COMMAND: POST /session/3097350609915d1f0d0e7f0005360ed5/element - {"using":"xpath","value":"//span[contains(text(), \"Argentina\")]"}
COMMAND: GET /session/3097350609915d1f0d0e7f0005360ed5/screenshot - {}
RESULT: {"using":"xpath","value":"//span[contains(text(), \"Argentina\")]"}
COMMAND: POST /session/3097350609915d1f0d0e7f0005360ed5/element/f.185E35FC6384979D85E72AD7E1746CD8.d.F0E5CF0A9320A528320E99CF039AC248.e.1493/click - {}
RESULT: {}
RESULT: {}
COMMAND: GET /session/3097350609915d1f0d0e7f0005360ed5/screenshot - {}
RESULT: {}
COMMAND: POST /session/3097350609915d1f0d0e7f0005360ed5/element - {"using":"xpath","value":"//bdi[contains(text(), \"Commercial\")]"}
RESULT: {"using":"xpath","value":"//bdi[contains(text(), \"Commercial\")]"}
COMMAND: POST /session/3097350609915d1f0d0e7f0005360ed5/element/f.185E35FC6384979D85E72AD7E1746CD8.d.F0E5CF0A9320A528320E99CF039AC248.e.1494/click - {}
RESULT: {}
COMMAND: GET /session/3097350609915d1f0d0e7f0005360ed5/screenshot - {}
RESULT: {}
COMMAND: POST /session/3097350609915d1f0d0e7f0005360ed5/execute/async - {"script":"<script> [1562 bytes]","args":[{"selector":{"id":"application-managepartners-display-component---NewPartner--partnerDetailInternal-arrow"},"wdio_ui5_key":"applicationmanagepartners-display-component---NewPartner--partnerDetailInternal-arrow"}]}
RESULT: {"script":"<script> [1562 bytes]","args":[{"selector":{"id":"application-managepartners-display-component---NewPartner--partnerDetailInternal-arrow"},"wdio_ui5_key":"applicationmanagepartners-display-component---NewPartner--partnerDetailInternal-arrow"}]}
RESULT: undefined
COMMAND: POST /session/3097350609915d1f0d0e7f0005360ed5/element - {"using":"xpath","value":"//*[@id=\"application-managepartners-display-component---NewPartner--partnerDetailInternal-arrow\"]"}
RESULT: {"using":"xpath","value":"//*[@id=\"application-managepartners-display-component---NewPartner--partnerDetailInternal-arrow\"]"}
COMMAND: POST /session/3097350609915d1f0d0e7f0005360ed5/element/f.185E35FC6384979D85E72AD7E1746CD8.d.F0E5CF0A9320A528320E99CF039AC248.e.1500/click - {}
RESULT: {}
COMMAND: POST /session/3097350609915d1f0d0e7f0005360ed5/element - {"using":"xpath","value":"//span[contains(text(), \"Affiliated company\")]"}
COMMAND: GET /session/3097350609915d1f0d0e7f0005360ed5/screenshot - {}
RESULT: {"using":"xpath","value":"//span[contains(text(), \"Affiliated company\")]"}
COMMAND: POST /session/3097350609915d1f0d0e7f0005360ed5/element/f.185E35FC6384979D85E72AD7E1746CD8.d.F0E5CF0A9320A528320E99CF039AC248.e.1501/click - {}
RESULT: {}
RESULT: {}
COMMAND: POST /session/3097350609915d1f0d0e7f0005360ed5/execute/async - {"script":"<script> [1562 bytes]","args":[{"selector":{"id":"application-managepartners-display-component---NewPartner--partnerDetailsCurrency-arrow"},"wdio_ui5_key":"applicationmanagepartners-display-component---NewPartner--partnerDetailsCurrency-arrow"}]}
COMMAND: GET /session/3097350609915d1f0d0e7f0005360ed5/screenshot - {}
RESULT: {"script":"<script> [1562 bytes]","args":[{"selector":{"id":"application-managepartners-display-component---NewPartner--partnerDetailsCurrency-arrow"},"wdio_ui5_key":"applicationmanagepartners-display-component---NewPartner--partnerDetailsCurrency-arrow"}]}
RESULT: undefined
COMMAND: POST /session/3097350609915d1f0d0e7f0005360ed5/element - {"using":"xpath","value":"//*[@id=\"application-managepartners-display-component---NewPartner--partnerDetailsCurrency-arrow\"]"}
RESULT: {}
RESULT: {"using":"xpath","value":"//*[@id=\"application-managepartners-display-component---NewPartner--partnerDetailsCurrency-arrow\"]"}
COMMAND: POST /session/3097350609915d1f0d0e7f0005360ed5/element/f.185E35FC6384979D85E72AD7E1746CD8.d.F0E5CF0A9320A528320E99CF039AC248.e.1508/click - {}
RESULT: {}
COMMAND: POST /session/3097350609915d1f0d0e7f0005360ed5/element - {"using":"xpath","value":"//span[contains(text(), \"Euro\")]"}
COMMAND: GET /session/3097350609915d1f0d0e7f0005360ed5/screenshot - {}
RESULT: {"using":"xpath","value":"//span[contains(text(), \"Euro\")]"}
COMMAND: POST /session/3097350609915d1f0d0e7f0005360ed5/element/f.185E35FC6384979D85E72AD7E1746CD8.d.F0E5CF0A9320A528320E99CF039AC248.e.1509/click - {}
RESULT: {}
RESULT: {}
COMMAND: POST /session/3097350609915d1f0d0e7f0005360ed5/execute/async - {"script":"<script> [1562 bytes]","args":[{"selector":{"id":"application-managepartners-display-component---NewPartner--addressEditDetailsCostObjectCstType-arrow"},"wdio_ui5_key":"applicationmanagepartners-display-component---NewPartner--addressEditDetailsCostObjectCstType-arrow"}]}
COMMAND: GET /session/3097350609915d1f0d0e7f0005360ed5/screenshot - {}
RESULT: {"script":"<script> [1562 bytes]","args":[{"selector":{"id":"application-managepartners-display-component---NewPartner--addressEditDetailsCostObjectCstType-arrow"},"wdio_ui5_key":"applicationmanagepartners-display-component---NewPartner--addressEditDetailsCostObjectCstType-arrow"}]}
RESULT: undefined
COMMAND: POST /session/3097350609915d1f0d0e7f0005360ed5/element - {"using":"xpath","value":"//*[@id=\"application-managepartners-display-component---NewPartner--addressEditDetailsCostObjectCstType-arrow\"]"}
RESULT: {}
RESULT: {"using":"xpath","value":"//*[@id=\"application-managepartners-display-component---NewPartner--addressEditDetailsCostObjectCstType-arrow\"]"}
COMMAND: POST /session/3097350609915d1f0d0e7f0005360ed5/element/f.185E35FC6384979D85E72AD7E1746CD8.d.F0E5CF0A9320A528320E99CF039AC248.e.1510/click - {}
RESULT: {}
COMMAND: POST /session/3097350609915d1f0d0e7f0005360ed5/element - {"using":"xpath","value":"//span[contains(text(), \"Cost Center\")]"}
COMMAND: GET /session/3097350609915d1f0d0e7f0005360ed5/screenshot - {}
RESULT: {"using":"xpath","value":"//span[contains(text(), \"Cost Center\")]"}
COMMAND: POST /session/3097350609915d1f0d0e7f0005360ed5/element/f.185E35FC6384979D85E72AD7E1746CD8.d.F0E5CF0A9320A528320E99CF039AC248.e.1511/click - {}
RESULT: {}
RESULT: {}
COMMAND: GET /session/3097350609915d1f0d0e7f0005360ed5/screenshot - {}
RESULT: {}
COMMAND: POST /session/3097350609915d1f0d0e7f0005360ed5/element - {"using":"xpath","value":"//span[@id=\"application-managepartners-display-component---NewPartner--addressNewCostObjectCstID-vhi\"]"}
RESULT: {"using":"xpath","value":"//span[@id=\"application-managepartners-display-component---NewPartner--addressNewCostObjectCstID-vhi\"]"}
COMMAND: POST /session/3097350609915d1f0d0e7f0005360ed5/execute/sync - {"script":"<script> [8489 bytes]","args":[{"element-6066-11e4-a52e-4f735466cecf":"f.185E35FC6384979D85E72AD7E1746CD8.d.F0E5CF0A9320A528320E99CF039AC248.e.1515","ELEMENT":"f.185E35FC6384979D85E72AD7E1746CD8.d.F0E5CF0A9320A528320E99CF039AC248.e.1515"}]}
RESULT: {"script":"<script> [8489 bytes]","args":[{"element-6066-11e4-a52e-4f735466cecf":"f.185E35FC6384979D85E72AD7E1746CD8.d.F0E5CF0A9320A528320E99CF039AC248.e.1515","ELEMENT":"f.185E35FC6384979D85E72AD7E1746CD8.d.F0E5CF0A9320A528320E99CF039AC248.e.1515"}]}
COMMAND: POST /session/3097350609915d1f0d0e7f0005360ed5/execute/async - {"script":"<script> [1562 bytes]","args":[{"selector":{"id":"application-managepartners-display-component---NewPartner--addressNewCostObjectCstID-vhi"},"wdio_ui5_key":"applicationmanagepartners-display-component---NewPartner--addressNewCostObjectCstID-vhi"}]}
COMMAND: GET /session/3097350609915d1f0d0e7f0005360ed5/screenshot - {}
RESULT: {"script":"<script> [1562 bytes]","args":[{"selector":{"id":"application-managepartners-display-component---NewPartner--addressNewCostObjectCstID-vhi"},"wdio_ui5_key":"applicationmanagepartners-display-component---NewPartner--addressNewCostObjectCstID-vhi"}]}
RESULT: undefined
COMMAND: POST /session/3097350609915d1f0d0e7f0005360ed5/element - {"using":"xpath","value":"//*[@id=\"application-managepartners-display-component---NewPartner--addressNewCostObjectCstID-vhi\"]"}
RESULT: {}
RESULT: {"using":"xpath","value":"//*[@id=\"application-managepartners-display-component---NewPartner--addressNewCostObjectCstID-vhi\"]"}
COMMAND: POST /session/3097350609915d1f0d0e7f0005360ed5/element/f.185E35FC6384979D85E72AD7E1746CD8.d.F0E5CF0A9320A528320E99CF039AC248.e.1515/click - {}
RESULT: {}
COMMAND: GET /session/3097350609915d1f0d0e7f0005360ed5/screenshot - {}
RESULT: {}
RESULT: undefined
COMMAND: POST /session/3097350609915d1f0d0e7f0005360ed5/execute/async - {"script":"<script> [776 bytes]","args":[{"enterText":"10001013","selector":{"controlType":"sap.m.SearchField","properties":{"placeholder":"Search"},"searchOpenDialogs":true,"interaction":{"idSuffix":"I"}},"clearTextFirst":true,"interactionType":"ENTER_TEXT"}]}
RESULT: {"script":"<script> [776 bytes]","args":[{"enterText":"10001013","selector":{"controlType":"sap.m.SearchField","properties":{"placeholder":"Search"},"searchOpenDialogs":true,"interaction":{"idSuffix":"I"}},"clearTextFirst":true,"interactionType":"ENTER_TEXT"}]}
COMMAND: POST /session/3097350609915d1f0d0e7f0005360ed5/actions - {"actions":[{"id":"action2","type":"key","parameters":{},"actions":[{"type":"keyDown","value":"î€‡"},{"type":"pause","duration":10},{"type":"keyUp","value":"î€‡"}]}]}
RESULT: {"actions":[{"id":"action2","type":"key","parameters":{},"actions":[{"type":"keyDown","value":"î€‡"},{"type":"pause","duration":10},{"type":"keyUp","value":"î€‡"}]}]}
COMMAND: GET /session/3097350609915d1f0d0e7f0005360ed5/screenshot - {}
RESULT: {}
COMMAND: POST /session/3097350609915d1f0d0e7f0005360ed5/element - {"using":"xpath","value":"//span[contains(text(), \"General Management\")]"}
RESULT: {"using":"xpath","value":"//span[contains(text(), \"General Management\")]"}
COMMAND: POST /session/3097350609915d1f0d0e7f0005360ed5/element/f.185E35FC6384979D85E72AD7E1746CD8.d.F0E5CF0A9320A528320E99CF039AC248.e.1555/click - {}
RESULT: {}
COMMAND: GET /session/3097350609915d1f0d0e7f0005360ed5/screenshot - {}
RESULT: {}
COMMAND: POST /session/3097350609915d1f0d0e7f0005360ed5/element - {"using":"xpath","value":"//bdi[contains(text(), \"OK\")]"}
RESULT: {"using":"xpath","value":"//bdi[contains(text(), \"OK\")]"}
COMMAND: POST /session/3097350609915d1f0d0e7f0005360ed5/element/f.185E35FC6384979D85E72AD7E1746CD8.d.F0E5CF0A9320A528320E99CF039AC248.e.1556/click - {}
RESULT: {}
COMMAND: GET /session/3097350609915d1f0d0e7f0005360ed5/screenshot - {}
RESULT: {}
COMMAND: POST /session/3097350609915d1f0d0e7f0005360ed5/element - {"using":"xpath","value":"//input[@id=\"application-managepartners-display-component---NewPartner--companyCodeComboBox-inner\"]"}
RESULT: {"using":"xpath","value":"//input[@id=\"application-managepartners-display-component---NewPartner--companyCodeComboBox-inner\"]"}
COMMAND: POST /session/3097350609915d1f0d0e7f0005360ed5/element/f.185E35FC6384979D85E72AD7E1746CD8.d.F0E5CF0A9320A528320E99CF039AC248.e.1377/clear - {}
RESULT: {}
COMMAND: POST /session/3097350609915d1f0d0e7f0005360ed5/element/f.185E35FC6384979D85E72AD7E1746CD8.d.F0E5CF0A9320A528320E99CF039AC248.e.1377/value - {"text":"1000"}
COMMAND: GET /session/3097350609915d1f0d0e7f0005360ed5/screenshot - {}
RESULT: {"text":"1000"}
COMMAND: GET /session/3097350609915d1f0d0e7f0005360ed5/screenshot - {}
RESULT: {}
RESULT: {}
COMMAND: POST /session/3097350609915d1f0d0e7f0005360ed5/element - {"using":"xpath","value":"//li[.//span[text()= \"1000\"]]"}
RESULT: {"using":"xpath","value":"//li[.//span[text()= \"1000\"]]"}
COMMAND: POST /session/3097350609915d1f0d0e7f0005360ed5/element/f.185E35FC6384979D85E72AD7E1746CD8.d.F0E5CF0A9320A528320E99CF039AC248.e.1562/click - {}
RESULT: {}
COMMAND: GET /session/3097350609915d1f0d0e7f0005360ed5/screenshot - {}
RESULT: {}
COMMAND: POST /session/3097350609915d1f0d0e7f0005360ed5/execute/async - {"script":"<script> [1562 bytes]","args":[{"selector":{"id":"application-managepartners-display-component---NewPartner--btnAddTableRow-img"},"wdio_ui5_key":"applicationmanagepartners-display-component---NewPartner--btnAddTableRow-img"}]}
RESULT: {"script":"<script> [1562 bytes]","args":[{"selector":{"id":"application-managepartners-display-component---NewPartner--btnAddTableRow-img"},"wdio_ui5_key":"applicationmanagepartners-display-component---NewPartner--btnAddTableRow-img"}]}
RESULT: undefined
COMMAND: POST /session/3097350609915d1f0d0e7f0005360ed5/element - {"using":"xpath","value":"//*[@id=\"application-managepartners-display-component---NewPartner--btnAddTableRow-img\"]"}
RESULT: {"using":"xpath","value":"//*[@id=\"application-managepartners-display-component---NewPartner--btnAddTableRow-img\"]"}
COMMAND: POST /session/3097350609915d1f0d0e7f0005360ed5/element/f.185E35FC6384979D85E72AD7E1746CD8.d.F0E5CF0A9320A528320E99CF039AC248.e.1563/click - {}
RESULT: {}
COMMAND: GET /session/3097350609915d1f0d0e7f0005360ed5/screenshot - {}
RESULT: {}
COMMAND: POST /session/3097350609915d1f0d0e7f0005360ed5/element - {"using":"xpath","value":"//input[@id=\"application-managepartners-display-component---NewPartner--assignmentYard-application-managepartners-display-component---NewPartner--assignmentsTable-0-inner\"]"}
RESULT: {"using":"xpath","value":"//input[@id=\"application-managepartners-display-component---NewPartner--assignmentYard-application-managepartners-display-component---NewPartner--assignmentsTable-0-inner\"]"}
COMMAND: POST /session/3097350609915d1f0d0e7f0005360ed5/element/f.185E35FC6384979D85E72AD7E1746CD8.d.F0E5CF0A9320A528320E99CF039AC248.e.1566/clear - {}
RESULT: {}
COMMAND: POST /session/3097350609915d1f0d0e7f0005360ed5/element/f.185E35FC6384979D85E72AD7E1746CD8.d.F0E5CF0A9320A528320E99CF039AC248.e.1566/value - {"text":"527"}
COMMAND: GET /session/3097350609915d1f0d0e7f0005360ed5/screenshot - {}
RESULT: {"text":"527"}
COMMAND: GET /session/3097350609915d1f0d0e7f0005360ed5/screenshot - {}
RESULT: {}
RESULT: {}
COMMAND: POST /session/3097350609915d1f0d0e7f0005360ed5/element - {"using":"xpath","value":"//li[.//span[text()='527']]"}
RESULT: {"using":"xpath","value":"//li[.//span[text()='527']]"}
COMMAND: POST /session/3097350609915d1f0d0e7f0005360ed5/element/f.185E35FC6384979D85E72AD7E1746CD8.d.F0E5CF0A9320A528320E99CF039AC248.e.1575/click - {}
RESULT: {}
COMMAND: GET /session/3097350609915d1f0d0e7f0005360ed5/screenshot - {}
RESULT: {}
COMMAND: POST /session/3097350609915d1f0d0e7f0005360ed5/actions - {"actions":[{"id":"action3","type":"key","parameters":{},"actions":[{"type":"keyDown","value":"î€‡"},{"type":"pause","duration":10},{"type":"keyUp","value":"î€‡"}]}]}
RESULT: {"actions":[{"id":"action3","type":"key","parameters":{},"actions":[{"type":"keyDown","value":"î€‡"},{"type":"pause","duration":10},{"type":"keyUp","value":"î€‡"}]}]}
COMMAND: POST /session/3097350609915d1f0d0e7f0005360ed5/execute/async - {"script":"<script> [1562 bytes]","args":[{"selector":{"id":"application-managepartners-display-component---NewPartner--externalCustomerComboBox-application-managepartners-display-component---NewPartner--assignmentsTable-0-vhi"},"wdio_ui5_key":"applicationmanagepartners-display-component---NewPartner--externalCustomerComboBox-application-managepartners-display-component---NewPartner--assignmentsTable-0-vhi"}]}
COMMAND: GET /session/3097350609915d1f0d0e7f0005360ed5/screenshot - {}
RESULT: {"script":"<script> [1562 bytes]","args":[{"selector":{"id":"application-managepartners-display-component---NewPartner--externalCustomerComboBox-application-managepartners-display-component---NewPartner--assignmentsTable-0-vhi"},"wdio_ui5_key":"applicationmanagepartners-display-component---NewPartner--externalCustomerComboBox-application-managepartners-display-component---NewPartner--assignmentsTable-0-vhi"}]}
RESULT: undefined
COMMAND: POST /session/3097350609915d1f0d0e7f0005360ed5/element - {"using":"xpath","value":"//*[@id=\"application-managepartners-display-component---NewPartner--externalCustomerComboBox-application-managepartners-display-component---NewPartner--assignmentsTable-0-vhi\"]"}
RESULT: {}
RESULT: {"using":"xpath","value":"//*[@id=\"application-managepartners-display-component---NewPartner--externalCustomerComboBox-application-managepartners-display-component---NewPartner--assignmentsTable-0-vhi\"]"}
COMMAND: POST /session/3097350609915d1f0d0e7f0005360ed5/element/f.185E35FC6384979D85E72AD7E1746CD8.d.F0E5CF0A9320A528320E99CF039AC248.e.1579/click - {}
RESULT: {}
RESULT: undefined
COMMAND: POST /session/3097350609915d1f0d0e7f0005360ed5/execute/async - {"script":"<script> [776 bytes]","args":[{"enterText":"300003","selector":{"controlType":"sap.m.SearchField","properties":{"placeholder":"Search"},"searchOpenDialogs":true,"interaction":{"idSuffix":"I"}},"clearTextFirst":true,"interactionType":"ENTER_TEXT"}]}
COMMAND: GET /session/3097350609915d1f0d0e7f0005360ed5/screenshot - {}
RESULT: {"script":"<script> [776 bytes]","args":[{"enterText":"300003","selector":{"controlType":"sap.m.SearchField","properties":{"placeholder":"Search"},"searchOpenDialogs":true,"interaction":{"idSuffix":"I"}},"clearTextFirst":true,"interactionType":"ENTER_TEXT"}]}
COMMAND: POST /session/3097350609915d1f0d0e7f0005360ed5/actions - {"actions":[{"id":"action4","type":"key","parameters":{},"actions":[{"type":"keyDown","value":"î€‡"},{"type":"pause","duration":10},{"type":"keyUp","value":"î€‡"}]}]}
RESULT: {}
RESULT: {"actions":[{"id":"action4","type":"key","parameters":{},"actions":[{"type":"keyDown","value":"î€‡"},{"type":"pause","duration":10},{"type":"keyUp","value":"î€‡"}]}]}
COMMAND: GET /session/3097350609915d1f0d0e7f0005360ed5/screenshot - {}
RESULT: {}
COMMAND: POST /session/3097350609915d1f0d0e7f0005360ed5/element - {"using":"xpath","value":"//span[contains(text(), \"300003\")]"}
RESULT: {"using":"xpath","value":"//span[contains(text(), \"300003\")]"}
COMMAND: POST /session/3097350609915d1f0d0e7f0005360ed5/element/f.185E35FC6384979D85E72AD7E1746CD8.d.F0E5CF0A9320A528320E99CF039AC248.e.1596/click - {}
RESULT: {}
COMMAND: GET /session/3097350609915d1f0d0e7f0005360ed5/screenshot - {}
RESULT: {}
COMMAND: POST /session/3097350609915d1f0d0e7f0005360ed5/element - {"using":"xpath","value":"//bdi[contains(text(), \"OK\")]"}
RESULT: {"using":"xpath","value":"//bdi[contains(text(), \"OK\")]"}
COMMAND: POST /session/3097350609915d1f0d0e7f0005360ed5/element/f.185E35FC6384979D85E72AD7E1746CD8.d.F0E5CF0A9320A528320E99CF039AC248.e.1598/click - {}
RESULT: {}
COMMAND: GET /session/3097350609915d1f0d0e7f0005360ed5/screenshot - {}
RESULT: {}
COMMAND: POST /session/3097350609915d1f0d0e7f0005360ed5/execute/async - {"script":"<script> [1562 bytes]","args":[{"selector":{"id":"application-managepartners-display-component---NewPartner--intercompVendorComboBox-application-managepartners-display-component---NewPartner--assignmentsTable-0-vhi"},"wdio_ui5_key":"applicationmanagepartners-display-component---NewPartner--intercompVendorComboBox-application-managepartners-display-component---NewPartner--assignmentsTable-0-vhi"}]}
RESULT: {"script":"<script> [1562 bytes]","args":[{"selector":{"id":"application-managepartners-display-component---NewPartner--intercompVendorComboBox-application-managepartners-display-component---NewPartner--assignmentsTable-0-vhi"},"wdio_ui5_key":"applicationmanagepartners-display-component---NewPartner--intercompVendorComboBox-application-managepartners-display-component---NewPartner--assignmentsTable-0-vhi"}]}
RESULT: undefined
COMMAND: POST /session/3097350609915d1f0d0e7f0005360ed5/element - {"using":"xpath","value":"//*[@id=\"application-managepartners-display-component---NewPartner--intercompVendorComboBox-application-managepartners-display-component---NewPartner--assignmentsTable-0-vhi\"]"}
RESULT: {"using":"xpath","value":"//*[@id=\"application-managepartners-display-component---NewPartner--intercompVendorComboBox-application-managepartners-display-component---NewPartner--assignmentsTable-0-vhi\"]"}
COMMAND: POST /session/3097350609915d1f0d0e7f0005360ed5/element/f.185E35FC6384979D85E72AD7E1746CD8.d.F0E5CF0A9320A528320E99CF039AC248.e.1601/click - {}
RESULT: {}
RESULT: undefined
COMMAND: POST /session/3097350609915d1f0d0e7f0005360ed5/execute/async - {"script":"<script> [776 bytes]","args":[{"enterText":"100005","selector":{"controlType":"sap.m.SearchField","properties":{"placeholder":"Search"},"searchOpenDialogs":true,"interaction":{"idSuffix":"I"}},"clearTextFirst":true,"interactionType":"ENTER_TEXT"}]}
COMMAND: GET /session/3097350609915d1f0d0e7f0005360ed5/screenshot - {}
RESULT: {"script":"<script> [776 bytes]","args":[{"enterText":"100005","selector":{"controlType":"sap.m.SearchField","properties":{"placeholder":"Search"},"searchOpenDialogs":true,"interaction":{"idSuffix":"I"}},"clearTextFirst":true,"interactionType":"ENTER_TEXT"}]}
COMMAND: POST /session/3097350609915d1f0d0e7f0005360ed5/actions - {"actions":[{"id":"action5","type":"key","parameters":{},"actions":[{"type":"keyDown","value":"î€‡"},{"type":"pause","duration":10},{"type":"keyUp","value":"î€‡"}]}]}
RESULT: {}
RESULT: {"actions":[{"id":"action5","type":"key","parameters":{},"actions":[{"type":"keyDown","value":"î€‡"},{"type":"pause","duration":10},{"type":"keyUp","value":"î€‡"}]}]}
COMMAND: GET /session/3097350609915d1f0d0e7f0005360ed5/screenshot - {}
RESULT: {}
COMMAND: POST /session/3097350609915d1f0d0e7f0005360ed5/element - {"using":"xpath","value":"//span[contains(text(), \"Penguins - Field/12345 Berlin\")]"}
RESULT: {"using":"xpath","value":"//span[contains(text(), \"Penguins - Field/12345 Berlin\")]"}
COMMAND: POST /session/3097350609915d1f0d0e7f0005360ed5/element/f.185E35FC6384979D85E72AD7E1746CD8.d.F0E5CF0A9320A528320E99CF039AC248.e.1618/click - {}
RESULT: {}
COMMAND: GET /session/3097350609915d1f0d0e7f0005360ed5/screenshot - {}
RESULT: {}
COMMAND: POST /session/3097350609915d1f0d0e7f0005360ed5/element - {"using":"xpath","value":"//bdi[contains(text(), \"OK\")]"}
RESULT: {"using":"xpath","value":"//bdi[contains(text(), \"OK\")]"}
COMMAND: POST /session/3097350609915d1f0d0e7f0005360ed5/element/f.185E35FC6384979D85E72AD7E1746CD8.d.F0E5CF0A9320A528320E99CF039AC248.e.1619/click - {}
RESULT: {}
COMMAND: GET /session/3097350609915d1f0d0e7f0005360ed5/screenshot - {}
RESULT: {}
COMMAND: POST /session/3097350609915d1f0d0e7f0005360ed5/element - {"using":"xpath","value":"//button[@data-kt=\"saveButton\"]"}
RESULT: {"using":"xpath","value":"//button[@data-kt=\"saveButton\"]"}
COMMAND: POST /session/3097350609915d1f0d0e7f0005360ed5/element/f.185E35FC6384979D85E72AD7E1746CD8.d.F0E5CF0A9320A528320E99CF039AC248.e.1401/click - {}
RESULT: {}
COMMAND: GET /session/3097350609915d1f0d0e7f0005360ed5/screenshot - {}
RESULT: {}
COMMAND: POST /session/3097350609915d1f0d0e7f0005360ed5/element - {"using":"xpath","value":"//header[contains(@id, 'ObjectPageLayout-headerTitle')]/div[1]/div[2]/div[2]/span[1]"}
RESULT: {"using":"xpath","value":"//header[contains(@id, 'ObjectPageLayout-headerTitle')]/div[1]/div[2]/div[2]/span[1]"}
COMMAND: POST /session/3097350609915d1f0d0e7f0005360ed5/elements - {"using":"xpath","value":"//header[contains(@id, 'ObjectPageLayout-headerTitle')]/div[1]/div[2]/div[2]/span[1]"}
RESULT: {"using":"xpath","value":"//header[contains(@id, 'ObjectPageLayout-headerTitle')]/div[1]/div[2]/div[2]/span[1]"}
COMMAND: POST /session/3097350609915d1f0d0e7f0005360ed5/execute/sync - {"script":"<script> [56 bytes]","args":[{"element-6066-11e4-a52e-4f735466cecf":"f.185E35FC6384979D85E72AD7E1746CD8.d.F0E5CF0A9320A528320E99CF039AC248.e.1784","ELEMENT":"f.185E35FC6384979D85E72AD7E1746CD8.d.F0E5CF0A9320A528320E99CF039AC248.e.1784"}]}
RESULT: {"script":"<script> [56 bytes]","args":[{"element-6066-11e4-a52e-4f735466cecf":"f.185E35FC6384979D85E72AD7E1746CD8.d.F0E5CF0A9320A528320E99CF039AC248.e.1784","ELEMENT":"f.185E35FC6384979D85E72AD7E1746CD8.d.F0E5CF0A9320A528320E99CF039AC248.e.1784"}]}
COMMAND: POST /session/3097350609915d1f0d0e7f0005360ed5/element - {"using":"css selector","value":"#shell-header-logo"}
COMMAND: GET /session/3097350609915d1f0d0e7f0005360ed5/screenshot - {}
RESULT: {"using":"css selector","value":"#shell-header-logo"}
COMMAND: POST /session/3097350609915d1f0d0e7f0005360ed5/element/f.185E35FC6384979D85E72AD7E1746CD8.d.F0E5CF0A9320A528320E99CF039AC248.e.1022/click - {}
RESULT: {}
RESULT: {}
COMMAND: GET /session/3097350609915d1f0d0e7f0005360ed5/screenshot - {}
RESULT: {}
COMMAND: POST /session/3097350609915d1f0d0e7f0005360ed5/execute/sync - {"script":"<script> [299 bytes]","args":[["getModel","getResource"]]}
RESULT: {"script":"<script> [299 bytes]","args":[["getModel","getResource"]]}
COMMAND: GET /session/3097350609915d1f0d0e7f0005360ed5/screenshot - {}
]]></system-out>
    </testcase>
    <testcase classname="chrome.136_0_7103_93.windows.Billing_confirm_US117289" name="Should create a new site" time="89.498">
      <system-out><![CDATA[
COMMAND: POST /session/3097350609915d1f0d0e7f0005360ed5/execute/async - {"script":"<script> [1562 bytes]","args":[{"selector":{"controlType":"sap.m.GenericTile","properties":{"header":"Manage Sites"}},"wdio_ui5_key":"sapm.GenericTile{\"header\":\"Manage Sites\"}"}]}
RESULT: {}
RESULT: {"script":"<script> [1562 bytes]","args":[{"selector":{"controlType":"sap.m.GenericTile","properties":{"header":"Manage Sites"}},"wdio_ui5_key":"sapm.GenericTile{\"header\":\"Manage Sites\"}"}]}
RESULT: undefined
COMMAND: POST /session/3097350609915d1f0d0e7f0005360ed5/element - {"using":"xpath","value":"//*[@id=\"__tile40\"]"}
RESULT: {"using":"xpath","value":"//*[@id=\"__tile40\"]"}
COMMAND: POST /session/3097350609915d1f0d0e7f0005360ed5/element/f.185E35FC6384979D85E72AD7E1746CD8.d.F0E5CF0A9320A528320E99CF039AC248.e.150/click - {}
RESULT: {}
COMMAND: GET /session/3097350609915d1f0d0e7f0005360ed5/screenshot - {}
RESULT: {}
COMMAND: POST /session/3097350609915d1f0d0e7f0005360ed5/elements - {"using":"xpath","value":"//span[text()='Error']"}
RESULT: {"using":"xpath","value":"//span[text()='Error']"}
COMMAND: POST /session/3097350609915d1f0d0e7f0005360ed5/element - {"using":"xpath","value":"//button[@data-kt=\"addOverflowToolbarButton\"]"}
RESULT: {"using":"xpath","value":"//button[@data-kt=\"addOverflowToolbarButton\"]"}
COMMAND: POST /session/3097350609915d1f0d0e7f0005360ed5/elements - {"using":"xpath","value":"//button[@data-kt=\"addOverflowToolbarButton\"]"}
RESULT: {"using":"xpath","value":"//button[@data-kt=\"addOverflowToolbarButton\"]"}
COMMAND: POST /session/3097350609915d1f0d0e7f0005360ed5/execute/sync - {"script":"<script> [8489 bytes]","args":[{"element-6066-11e4-a52e-4f735466cecf":"f.185E35FC6384979D85E72AD7E1746CD8.d.F0E5CF0A9320A528320E99CF039AC248.e.1827","ELEMENT":"f.185E35FC6384979D85E72AD7E1746CD8.d.F0E5CF0A9320A528320E99CF039AC248.e.1827"}]}
RESULT: {"script":"<script> [8489 bytes]","args":[{"element-6066-11e4-a52e-4f735466cecf":"f.185E35FC6384979D85E72AD7E1746CD8.d.F0E5CF0A9320A528320E99CF039AC248.e.1827","ELEMENT":"f.185E35FC6384979D85E72AD7E1746CD8.d.F0E5CF0A9320A528320E99CF039AC248.e.1827"}]}
COMMAND: GET /session/3097350609915d1f0d0e7f0005360ed5/element/f.185E35FC6384979D85E72AD7E1746CD8.d.F0E5CF0A9320A528320E99CF039AC248.e.1827/enabled - {}
COMMAND: GET /session/3097350609915d1f0d0e7f0005360ed5/screenshot - {}
RESULT: {}
COMMAND: POST /session/3097350609915d1f0d0e7f0005360ed5/execute/sync - {"script":"<script> [8489 bytes]","args":[{"element-6066-11e4-a52e-4f735466cecf":"f.185E35FC6384979D85E72AD7E1746CD8.d.F0E5CF0A9320A528320E99CF039AC248.e.1827","ELEMENT":"f.185E35FC6384979D85E72AD7E1746CD8.d.F0E5CF0A9320A528320E99CF039AC248.e.1827"}]}
COMMAND: GET /session/3097350609915d1f0d0e7f0005360ed5/screenshot - {}
RESULT: {}
RESULT: {"script":"<script> [8489 bytes]","args":[{"element-6066-11e4-a52e-4f735466cecf":"f.185E35FC6384979D85E72AD7E1746CD8.d.F0E5CF0A9320A528320E99CF039AC248.e.1827","ELEMENT":"f.185E35FC6384979D85E72AD7E1746CD8.d.F0E5CF0A9320A528320E99CF039AC248.e.1827"}]}
COMMAND: POST /session/3097350609915d1f0d0e7f0005360ed5/execute/sync - {"script":"<script> [5351 bytes]","args":[{"element-6066-11e4-a52e-4f735466cecf":"f.185E35FC6384979D85E72AD7E1746CD8.d.F0E5CF0A9320A528320E99CF039AC248.e.1827","ELEMENT":"f.185E35FC6384979D85E72AD7E1746CD8.d.F0E5CF0A9320A528320E99CF039AC248.e.1827"}]}
COMMAND: GET /session/3097350609915d1f0d0e7f0005360ed5/screenshot - {}
RESULT: {}
RESULT: {"script":"<script> [5351 bytes]","args":[{"element-6066-11e4-a52e-4f735466cecf":"f.185E35FC6384979D85E72AD7E1746CD8.d.F0E5CF0A9320A528320E99CF039AC248.e.1827","ELEMENT":"f.185E35FC6384979D85E72AD7E1746CD8.d.F0E5CF0A9320A528320E99CF039AC248.e.1827"}]}
COMMAND: POST /session/3097350609915d1f0d0e7f0005360ed5/element/f.185E35FC6384979D85E72AD7E1746CD8.d.F0E5CF0A9320A528320E99CF039AC248.e.1827/click - {}
COMMAND: GET /session/3097350609915d1f0d0e7f0005360ed5/screenshot - {}
RESULT: {}
RESULT: {}
COMMAND: GET /session/3097350609915d1f0d0e7f0005360ed5/screenshot - {}
RESULT: {}
RESULT: {}
COMMAND: POST /session/3097350609915d1f0d0e7f0005360ed5/element - {"using":"xpath","value":"//input[@id=\"application-managesites-display-component---NewSite--siteId-inner\"]"}
RESULT: {"using":"xpath","value":"//input[@id=\"application-managesites-display-component---NewSite--siteId-inner\"]"}
COMMAND: POST /session/3097350609915d1f0d0e7f0005360ed5/element - {"using":"xpath","value":"//input[@id=\"application-managesites-display-component---NewSite--siteId-inner\"]"}
RESULT: {"using":"xpath","value":"//input[@id=\"application-managesites-display-component---NewSite--siteId-inner\"]"}
COMMAND: POST /session/3097350609915d1f0d0e7f0005360ed5/execute/async - {"script":"<script> [1562 bytes]","args":[{"selector":{"id":"application-managesites-display-component---NewSite--addressDetailDetailsName1","interaction":{"idSuffix":"inner"}},"wdio_ui5_key":"applicationmanagesites-display-component---NewSite--addressDetailDetailsName1"}]}
RESULT: {"script":"<script> [1562 bytes]","args":[{"selector":{"id":"application-managesites-display-component---NewSite--addressDetailDetailsName1","interaction":{"idSuffix":"inner"}},"wdio_ui5_key":"applicationmanagesites-display-component---NewSite--addressDetailDetailsName1"}]}
RESULT: undefined
COMMAND: POST /session/3097350609915d1f0d0e7f0005360ed5/execute/async - {"script":"<script> [776 bytes]","args":[{"enterText":"Intracompany Site wdIO","selector":{"id":"application-managesites-display-component---NewSite--addressDetailDetailsName1","interaction":{"idSuffix":"inner"}},"clearTextFirst":true,"interactionType":"ENTER_TEXT"}]}
RESULT: {"script":"<script> [776 bytes]","args":[{"enterText":"Intracompany Site wdIO","selector":{"id":"application-managesites-display-component---NewSite--addressDetailDetailsName1","interaction":{"idSuffix":"inner"}},"clearTextFirst":true,"interactionType":"ENTER_TEXT"}]}
COMMAND: POST /session/3097350609915d1f0d0e7f0005360ed5/execute/async - {"script":"<script> [1562 bytes]","args":[{"selector":{"id":"application-managesites-display-component---NewSite--addressDetailDetailsLanguage-arrow"},"wdio_ui5_key":"applicationmanagesites-display-component---NewSite--addressDetailDetailsLanguage-arrow"}]}
RESULT: {"script":"<script> [1562 bytes]","args":[{"selector":{"id":"application-managesites-display-component---NewSite--addressDetailDetailsLanguage-arrow"},"wdio_ui5_key":"applicationmanagesites-display-component---NewSite--addressDetailDetailsLanguage-arrow"}]}
RESULT: undefined
COMMAND: POST /session/3097350609915d1f0d0e7f0005360ed5/element - {"using":"xpath","value":"//*[@id=\"application-managesites-display-component---NewSite--addressDetailDetailsLanguage-arrow\"]"}
RESULT: {"using":"xpath","value":"//*[@id=\"application-managesites-display-component---NewSite--addressDetailDetailsLanguage-arrow\"]"}
COMMAND: POST /session/3097350609915d1f0d0e7f0005360ed5/element/f.185E35FC6384979D85E72AD7E1746CD8.d.F0E5CF0A9320A528320E99CF039AC248.e.2234/click - {}
RESULT: {}
COMMAND: POST /session/3097350609915d1f0d0e7f0005360ed5/element - {"using":"xpath","value":"//span[contains(text(), \"English\")]"}
COMMAND: GET /session/3097350609915d1f0d0e7f0005360ed5/screenshot - {}
RESULT: {"using":"xpath","value":"//span[contains(text(), \"English\")]"}
COMMAND: POST /session/3097350609915d1f0d0e7f0005360ed5/element/f.185E35FC6384979D85E72AD7E1746CD8.d.F0E5CF0A9320A528320E99CF039AC248.e.2235/click - {}
RESULT: {}
RESULT: {}
COMMAND: POST /session/3097350609915d1f0d0e7f0005360ed5/execute/async - {"script":"<script> [1562 bytes]","args":[{"selector":{"id":"application-managesites-display-component---NewSite--addressDetailDetailsCity1","interaction":{"idSuffix":"inner"}},"wdio_ui5_key":"applicationmanagesites-display-component---NewSite--addressDetailDetailsCity1"}]}
COMMAND: GET /session/3097350609915d1f0d0e7f0005360ed5/screenshot - {}
RESULT: {"script":"<script> [1562 bytes]","args":[{"selector":{"id":"application-managesites-display-component---NewSite--addressDetailDetailsCity1","interaction":{"idSuffix":"inner"}},"wdio_ui5_key":"applicationmanagesites-display-component---NewSite--addressDetailDetailsCity1"}]}
RESULT: undefined
COMMAND: POST /session/3097350609915d1f0d0e7f0005360ed5/execute/async - {"script":"<script> [776 bytes]","args":[{"enterText":"Rosario","selector":{"id":"application-managesites-display-component---NewSite--addressDetailDetailsCity1","interaction":{"idSuffix":"inner"}},"clearTextFirst":true,"interactionType":"ENTER_TEXT"}]}
RESULT: {}
RESULT: {"script":"<script> [776 bytes]","args":[{"enterText":"Rosario","selector":{"id":"application-managesites-display-component---NewSite--addressDetailDetailsCity1","interaction":{"idSuffix":"inner"}},"clearTextFirst":true,"interactionType":"ENTER_TEXT"}]}
COMMAND: POST /session/3097350609915d1f0d0e7f0005360ed5/execute/async - {"script":"<script> [1562 bytes]","args":[{"selector":{"id":"application-managesites-display-component---NewSite--addressDetailDetailsCountry-arrow"},"wdio_ui5_key":"applicationmanagesites-display-component---NewSite--addressDetailDetailsCountry-arrow"}]}
RESULT: {"script":"<script> [1562 bytes]","args":[{"selector":{"id":"application-managesites-display-component---NewSite--addressDetailDetailsCountry-arrow"},"wdio_ui5_key":"applicationmanagesites-display-component---NewSite--addressDetailDetailsCountry-arrow"}]}
RESULT: undefined
COMMAND: POST /session/3097350609915d1f0d0e7f0005360ed5/element - {"using":"xpath","value":"//*[@id=\"application-managesites-display-component---NewSite--addressDetailDetailsCountry-arrow\"]"}
RESULT: {"using":"xpath","value":"//*[@id=\"application-managesites-display-component---NewSite--addressDetailDetailsCountry-arrow\"]"}
COMMAND: POST /session/3097350609915d1f0d0e7f0005360ed5/element/f.185E35FC6384979D85E72AD7E1746CD8.d.F0E5CF0A9320A528320E99CF039AC248.e.2237/click - {}
RESULT: {}
COMMAND: POST /session/3097350609915d1f0d0e7f0005360ed5/element - {"using":"xpath","value":"//span[contains(text(), \"Argentina\")]"}
COMMAND: GET /session/3097350609915d1f0d0e7f0005360ed5/screenshot - {}
RESULT: {"using":"xpath","value":"//span[contains(text(), \"Argentina\")]"}
COMMAND: POST /session/3097350609915d1f0d0e7f0005360ed5/element/f.185E35FC6384979D85E72AD7E1746CD8.d.F0E5CF0A9320A528320E99CF039AC248.e.2238/click - {}
RESULT: {}
RESULT: {}
COMMAND: GET /session/3097350609915d1f0d0e7f0005360ed5/screenshot - {}
RESULT: {}
COMMAND: POST /session/3097350609915d1f0d0e7f0005360ed5/execute/async - {"script":"<script> [1562 bytes]","args":[{"selector":{"id":"application-managesites-display-component---NewSite--addressEditDetailsCostObjectCstType-arrow"},"wdio_ui5_key":"applicationmanagesites-display-component---NewSite--addressEditDetailsCostObjectCstType-arrow"}]}
RESULT: {"script":"<script> [1562 bytes]","args":[{"selector":{"id":"application-managesites-display-component---NewSite--addressEditDetailsCostObjectCstType-arrow"},"wdio_ui5_key":"applicationmanagesites-display-component---NewSite--addressEditDetailsCostObjectCstType-arrow"}]}
RESULT: undefined
COMMAND: POST /session/3097350609915d1f0d0e7f0005360ed5/element - {"using":"xpath","value":"//*[@id=\"application-managesites-display-component---NewSite--addressEditDetailsCostObjectCstType-arrow\"]"}
RESULT: {"using":"xpath","value":"//*[@id=\"application-managesites-display-component---NewSite--addressEditDetailsCostObjectCstType-arrow\"]"}
COMMAND: POST /session/3097350609915d1f0d0e7f0005360ed5/element/f.185E35FC6384979D85E72AD7E1746CD8.d.F0E5CF0A9320A528320E99CF039AC248.e.2240/click - {}
RESULT: {}
COMMAND: POST /session/3097350609915d1f0d0e7f0005360ed5/element - {"using":"xpath","value":"//span[contains(text(), \"Cost Center\")]"}
COMMAND: GET /session/3097350609915d1f0d0e7f0005360ed5/screenshot - {}
RESULT: {"using":"xpath","value":"//span[contains(text(), \"Cost Center\")]"}
COMMAND: POST /session/3097350609915d1f0d0e7f0005360ed5/element/f.185E35FC6384979D85E72AD7E1746CD8.d.F0E5CF0A9320A528320E99CF039AC248.e.2241/click - {}
RESULT: {}
RESULT: {}
COMMAND: GET /session/3097350609915d1f0d0e7f0005360ed5/screenshot - {}
RESULT: {}
COMMAND: POST /session/3097350609915d1f0d0e7f0005360ed5/element - {"using":"xpath","value":"//span[@id=\"application-managesites-display-component---NewSite--addressNewCostObjectCstID-vhi\"]"}
RESULT: {"using":"xpath","value":"//span[@id=\"application-managesites-display-component---NewSite--addressNewCostObjectCstID-vhi\"]"}
COMMAND: POST /session/3097350609915d1f0d0e7f0005360ed5/execute/sync - {"script":"<script> [8489 bytes]","args":[{"element-6066-11e4-a52e-4f735466cecf":"f.185E35FC6384979D85E72AD7E1746CD8.d.F0E5CF0A9320A528320E99CF039AC248.e.2246","ELEMENT":"f.185E35FC6384979D85E72AD7E1746CD8.d.F0E5CF0A9320A528320E99CF039AC248.e.2246"}]}
RESULT: {"script":"<script> [8489 bytes]","args":[{"element-6066-11e4-a52e-4f735466cecf":"f.185E35FC6384979D85E72AD7E1746CD8.d.F0E5CF0A9320A528320E99CF039AC248.e.2246","ELEMENT":"f.185E35FC6384979D85E72AD7E1746CD8.d.F0E5CF0A9320A528320E99CF039AC248.e.2246"}]}
COMMAND: POST /session/3097350609915d1f0d0e7f0005360ed5/execute/async - {"script":"<script> [1562 bytes]","args":[{"selector":{"id":"application-managesites-display-component---NewSite--addressNewCostObjectCstID-vhi"},"wdio_ui5_key":"applicationmanagesites-display-component---NewSite--addressNewCostObjectCstID-vhi"}]}
COMMAND: GET /session/3097350609915d1f0d0e7f0005360ed5/screenshot - {}
RESULT: {"script":"<script> [1562 bytes]","args":[{"selector":{"id":"application-managesites-display-component---NewSite--addressNewCostObjectCstID-vhi"},"wdio_ui5_key":"applicationmanagesites-display-component---NewSite--addressNewCostObjectCstID-vhi"}]}
RESULT: undefined
COMMAND: POST /session/3097350609915d1f0d0e7f0005360ed5/element - {"using":"xpath","value":"//*[@id=\"application-managesites-display-component---NewSite--addressNewCostObjectCstID-vhi\"]"}
RESULT: {}
RESULT: {"using":"xpath","value":"//*[@id=\"application-managesites-display-component---NewSite--addressNewCostObjectCstID-vhi\"]"}
COMMAND: POST /session/3097350609915d1f0d0e7f0005360ed5/element/f.185E35FC6384979D85E72AD7E1746CD8.d.F0E5CF0A9320A528320E99CF039AC248.e.2246/click - {}
RESULT: {}
COMMAND: GET /session/3097350609915d1f0d0e7f0005360ed5/screenshot - {}
RESULT: {}
RESULT: undefined
COMMAND: POST /session/3097350609915d1f0d0e7f0005360ed5/execute/async - {"script":"<script> [776 bytes]","args":[{"enterText":"10001013","selector":{"controlType":"sap.m.SearchField","properties":{"placeholder":"Search"},"searchOpenDialogs":true,"interaction":{"idSuffix":"I"}},"clearTextFirst":true,"interactionType":"ENTER_TEXT"}]}
RESULT: {"script":"<script> [776 bytes]","args":[{"enterText":"10001013","selector":{"controlType":"sap.m.SearchField","properties":{"placeholder":"Search"},"searchOpenDialogs":true,"interaction":{"idSuffix":"I"}},"clearTextFirst":true,"interactionType":"ENTER_TEXT"}]}
COMMAND: POST /session/3097350609915d1f0d0e7f0005360ed5/actions - {"actions":[{"id":"action6","type":"key","parameters":{},"actions":[{"type":"keyDown","value":"î€‡"},{"type":"pause","duration":10},{"type":"keyUp","value":"î€‡"}]}]}
RESULT: {"actions":[{"id":"action6","type":"key","parameters":{},"actions":[{"type":"keyDown","value":"î€‡"},{"type":"pause","duration":10},{"type":"keyUp","value":"î€‡"}]}]}
COMMAND: GET /session/3097350609915d1f0d0e7f0005360ed5/screenshot - {}
RESULT: {}
COMMAND: POST /session/3097350609915d1f0d0e7f0005360ed5/element - {"using":"xpath","value":"//span[contains(text(), \"General Management\")]"}
RESULT: {"using":"xpath","value":"//span[contains(text(), \"General Management\")]"}
COMMAND: POST /session/3097350609915d1f0d0e7f0005360ed5/element/f.185E35FC6384979D85E72AD7E1746CD8.d.F0E5CF0A9320A528320E99CF039AC248.e.2286/click - {}
RESULT: {}
COMMAND: GET /session/3097350609915d1f0d0e7f0005360ed5/screenshot - {}
RESULT: {}
COMMAND: POST /session/3097350609915d1f0d0e7f0005360ed5/element - {"using":"xpath","value":"//bdi[contains(text(), \"OK\")]"}
RESULT: {"using":"xpath","value":"//bdi[contains(text(), \"OK\")]"}
COMMAND: POST /session/3097350609915d1f0d0e7f0005360ed5/element/f.185E35FC6384979D85E72AD7E1746CD8.d.F0E5CF0A9320A528320E99CF039AC248.e.2287/click - {}
RESULT: {}
COMMAND: GET /session/3097350609915d1f0d0e7f0005360ed5/screenshot - {}
RESULT: {}
COMMAND: POST /session/3097350609915d1f0d0e7f0005360ed5/element - {"using":"xpath","value":"//input[@id=\"application-managesites-display-component---NewSite--addressDetailDetailsCalendar-inner\"]"}
RESULT: {"using":"xpath","value":"//input[@id=\"application-managesites-display-component---NewSite--addressDetailDetailsCalendar-inner\"]"}
COMMAND: POST /session/3097350609915d1f0d0e7f0005360ed5/element/f.185E35FC6384979D85E72AD7E1746CD8.d.F0E5CF0A9320A528320E99CF039AC248.e.1993/clear - {}
RESULT: {}
COMMAND: POST /session/3097350609915d1f0d0e7f0005360ed5/element/f.185E35FC6384979D85E72AD7E1746CD8.d.F0E5CF0A9320A528320E99CF039AC248.e.1993/value - {"text":"Unit"}
COMMAND: GET /session/3097350609915d1f0d0e7f0005360ed5/screenshot - {}
RESULT: {"text":"Unit"}
COMMAND: GET /session/3097350609915d1f0d0e7f0005360ed5/screenshot - {}
RESULT: {}
RESULT: {}
COMMAND: POST /session/3097350609915d1f0d0e7f0005360ed5/actions - {"actions":[{"id":"action7","type":"key","parameters":{},"actions":[{"type":"keyDown","value":"î€‡"},{"type":"pause","duration":10},{"type":"keyUp","value":"î€‡"}]}]}
RESULT: {"actions":[{"id":"action7","type":"key","parameters":{},"actions":[{"type":"keyDown","value":"î€‡"},{"type":"pause","duration":10},{"type":"keyUp","value":"î€‡"}]}]}
COMMAND: POST /session/3097350609915d1f0d0e7f0005360ed5/element - {"using":"xpath","value":"//input[@id=\"application-managesites-display-component---NewSite--addressDetailDetailsYard-inner\"]"}
COMMAND: GET /session/3097350609915d1f0d0e7f0005360ed5/screenshot - {}
RESULT: {"using":"xpath","value":"//input[@id=\"application-managesites-display-component---NewSite--addressDetailDetailsYard-inner\"]"}
COMMAND: POST /session/3097350609915d1f0d0e7f0005360ed5/element/f.185E35FC6384979D85E72AD7E1746CD8.d.F0E5CF0A9320A528320E99CF039AC248.e.1994/clear - {}
RESULT: {}
RESULT: {}
COMMAND: POST /session/3097350609915d1f0d0e7f0005360ed5/element/f.185E35FC6384979D85E72AD7E1746CD8.d.F0E5CF0A9320A528320E99CF039AC248.e.1994/value - {"text":"527"}
COMMAND: GET /session/3097350609915d1f0d0e7f0005360ed5/screenshot - {}
RESULT: {"text":"527"}
COMMAND: GET /session/3097350609915d1f0d0e7f0005360ed5/screenshot - {}
RESULT: {}
RESULT: {}
COMMAND: POST /session/3097350609915d1f0d0e7f0005360ed5/element - {"using":"xpath","value":"//li[.//span[text()='527']]"}
RESULT: {"using":"xpath","value":"//li[.//span[text()='527']]"}
COMMAND: POST /session/3097350609915d1f0d0e7f0005360ed5/element/f.185E35FC6384979D85E72AD7E1746CD8.d.F0E5CF0A9320A528320E99CF039AC248.e.2295/click - {}
RESULT: {}
COMMAND: GET /session/3097350609915d1f0d0e7f0005360ed5/screenshot - {}
RESULT: {}
COMMAND: POST /session/3097350609915d1f0d0e7f0005360ed5/element - {"using":"xpath","value":"//input[@id=\"application-managesites-display-component---NewSite--addressDetailDetailsPartner-inner\"]"}
RESULT: {"using":"xpath","value":"//input[@id=\"application-managesites-display-component---NewSite--addressDetailDetailsPartner-inner\"]"}
COMMAND: POST /session/3097350609915d1f0d0e7f0005360ed5/element - {"using":"xpath","value":"//input[@id=\"application-managesites-display-component---NewSite--addressDetailDetailsPartner-inner\"]"}
RESULT: {"using":"xpath","value":"//input[@id=\"application-managesites-display-component---NewSite--addressDetailDetailsPartner-inner\"]"}
COMMAND: POST /session/3097350609915d1f0d0e7f0005360ed5/element - {"using":"xpath","value":"//button[@data-kt=\"saveButton\"]"}
RESULT: {"using":"xpath","value":"//button[@data-kt=\"saveButton\"]"}
COMMAND: POST /session/3097350609915d1f0d0e7f0005360ed5/element/f.185E35FC6384979D85E72AD7E1746CD8.d.F0E5CF0A9320A528320E99CF039AC248.e.2182/click - {}
RESULT: {}
COMMAND: GET /session/3097350609915d1f0d0e7f0005360ed5/screenshot - {}
RESULT: {}
COMMAND: POST /session/3097350609915d1f0d0e7f0005360ed5/element - {"using":"xpath","value":"//header[contains(@id, 'ObjectPageLayout-headerTitle')]/div[1]/div[2]/div[2]/span[1]"}
RESULT: {"using":"xpath","value":"//header[contains(@id, 'ObjectPageLayout-headerTitle')]/div[1]/div[2]/div[2]/span[1]"}
COMMAND: POST /session/3097350609915d1f0d0e7f0005360ed5/elements - {"using":"xpath","value":"//header[contains(@id, 'ObjectPageLayout-headerTitle')]/div[1]/div[2]/div[2]/span[1]"}
RESULT: {"using":"xpath","value":"//header[contains(@id, 'ObjectPageLayout-headerTitle')]/div[1]/div[2]/div[2]/span[1]"}
COMMAND: POST /session/3097350609915d1f0d0e7f0005360ed5/execute/sync - {"script":"<script> [56 bytes]","args":[{"element-6066-11e4-a52e-4f735466cecf":"f.185E35FC6384979D85E72AD7E1746CD8.d.F0E5CF0A9320A528320E99CF039AC248.e.2498","ELEMENT":"f.185E35FC6384979D85E72AD7E1746CD8.d.F0E5CF0A9320A528320E99CF039AC248.e.2498"}]}
RESULT: {"script":"<script> [56 bytes]","args":[{"element-6066-11e4-a52e-4f735466cecf":"f.185E35FC6384979D85E72AD7E1746CD8.d.F0E5CF0A9320A528320E99CF039AC248.e.2498","ELEMENT":"f.185E35FC6384979D85E72AD7E1746CD8.d.F0E5CF0A9320A528320E99CF039AC248.e.2498"}]}
COMMAND: POST /session/3097350609915d1f0d0e7f0005360ed5/element - {"using":"css selector","value":"#shell-header-logo"}
COMMAND: GET /session/3097350609915d1f0d0e7f0005360ed5/screenshot - {}
RESULT: {"using":"css selector","value":"#shell-header-logo"}
COMMAND: POST /session/3097350609915d1f0d0e7f0005360ed5/element/f.185E35FC6384979D85E72AD7E1746CD8.d.F0E5CF0A9320A528320E99CF039AC248.e.1788/click - {}
RESULT: {}
RESULT: {}
COMMAND: GET /session/3097350609915d1f0d0e7f0005360ed5/screenshot - {}
RESULT: {}
COMMAND: POST /session/3097350609915d1f0d0e7f0005360ed5/execute/sync - {"script":"<script> [299 bytes]","args":[["getModel","getResource"]]}
RESULT: {"script":"<script> [299 bytes]","args":[["getModel","getResource"]]}
COMMAND: GET /session/3097350609915d1f0d0e7f0005360ed5/screenshot - {}
]]></system-out>
    </testcase>
    <testcase classname="chrome.136_0_7103_93.windows.Billing_confirm_US117289" name="Should create a new equipment" time="124.535">
      <system-out><![CDATA[
COMMAND: POST /session/3097350609915d1f0d0e7f0005360ed5/execute/async - {"script":"<script> [1562 bytes]","args":[{"selector":{"controlType":"sap.m.GenericTile","properties":{"header":"Manage Resources"}},"wdio_ui5_key":"sapm.GenericTile{\"header\":\"Manage Resources\"}"}]}
RESULT: {}
RESULT: {"script":"<script> [1562 bytes]","args":[{"selector":{"controlType":"sap.m.GenericTile","properties":{"header":"Manage Resources"}},"wdio_ui5_key":"sapm.GenericTile{\"header\":\"Manage Resources\"}"}]}
RESULT: undefined
COMMAND: POST /session/3097350609915d1f0d0e7f0005360ed5/element - {"using":"xpath","value":"//*[@id=\"__tile39\"]"}
RESULT: {"using":"xpath","value":"//*[@id=\"__tile39\"]"}
COMMAND: POST /session/3097350609915d1f0d0e7f0005360ed5/element/f.185E35FC6384979D85E72AD7E1746CD8.d.F0E5CF0A9320A528320E99CF039AC248.e.147/click - {}
RESULT: {}
COMMAND: GET /session/3097350609915d1f0d0e7f0005360ed5/screenshot - {}
RESULT: {}
COMMAND: POST /session/3097350609915d1f0d0e7f0005360ed5/elements - {"using":"xpath","value":"//span[text()='Error']"}
RESULT: {"using":"xpath","value":"//span[text()='Error']"}
COMMAND: POST /session/3097350609915d1f0d0e7f0005360ed5/element - {"using":"xpath","value":"//button[@data-kt=\"addNewRUOverflowToolbarButton\"]"}
RESULT: {"using":"xpath","value":"//button[@data-kt=\"addNewRUOverflowToolbarButton\"]"}
COMMAND: POST /session/3097350609915d1f0d0e7f0005360ed5/elements - {"using":"xpath","value":"//button[@data-kt=\"addNewRUOverflowToolbarButton\"]"}
RESULT: {"using":"xpath","value":"//button[@data-kt=\"addNewRUOverflowToolbarButton\"]"}
COMMAND: POST /session/3097350609915d1f0d0e7f0005360ed5/execute/sync - {"script":"<script> [8489 bytes]","args":[{"element-6066-11e4-a52e-4f735466cecf":"f.185E35FC6384979D85E72AD7E1746CD8.d.F0E5CF0A9320A528320E99CF039AC248.e.2543","ELEMENT":"f.185E35FC6384979D85E72AD7E1746CD8.d.F0E5CF0A9320A528320E99CF039AC248.e.2543"}]}
RESULT: {"script":"<script> [8489 bytes]","args":[{"element-6066-11e4-a52e-4f735466cecf":"f.185E35FC6384979D85E72AD7E1746CD8.d.F0E5CF0A9320A528320E99CF039AC248.e.2543","ELEMENT":"f.185E35FC6384979D85E72AD7E1746CD8.d.F0E5CF0A9320A528320E99CF039AC248.e.2543"}]}
COMMAND: GET /session/3097350609915d1f0d0e7f0005360ed5/element/f.185E35FC6384979D85E72AD7E1746CD8.d.F0E5CF0A9320A528320E99CF039AC248.e.2543/enabled - {}
COMMAND: GET /session/3097350609915d1f0d0e7f0005360ed5/screenshot - {}
RESULT: {}
COMMAND: POST /session/3097350609915d1f0d0e7f0005360ed5/execute/sync - {"script":"<script> [8489 bytes]","args":[{"element-6066-11e4-a52e-4f735466cecf":"f.185E35FC6384979D85E72AD7E1746CD8.d.F0E5CF0A9320A528320E99CF039AC248.e.2543","ELEMENT":"f.185E35FC6384979D85E72AD7E1746CD8.d.F0E5CF0A9320A528320E99CF039AC248.e.2543"}]}
COMMAND: GET /session/3097350609915d1f0d0e7f0005360ed5/screenshot - {}
RESULT: {}
RESULT: {"script":"<script> [8489 bytes]","args":[{"element-6066-11e4-a52e-4f735466cecf":"f.185E35FC6384979D85E72AD7E1746CD8.d.F0E5CF0A9320A528320E99CF039AC248.e.2543","ELEMENT":"f.185E35FC6384979D85E72AD7E1746CD8.d.F0E5CF0A9320A528320E99CF039AC248.e.2543"}]}
COMMAND: POST /session/3097350609915d1f0d0e7f0005360ed5/execute/sync - {"script":"<script> [5351 bytes]","args":[{"element-6066-11e4-a52e-4f735466cecf":"f.185E35FC6384979D85E72AD7E1746CD8.d.F0E5CF0A9320A528320E99CF039AC248.e.2543","ELEMENT":"f.185E35FC6384979D85E72AD7E1746CD8.d.F0E5CF0A9320A528320E99CF039AC248.e.2543"}]}
COMMAND: GET /session/3097350609915d1f0d0e7f0005360ed5/screenshot - {}
RESULT: {}
RESULT: {"script":"<script> [5351 bytes]","args":[{"element-6066-11e4-a52e-4f735466cecf":"f.185E35FC6384979D85E72AD7E1746CD8.d.F0E5CF0A9320A528320E99CF039AC248.e.2543","ELEMENT":"f.185E35FC6384979D85E72AD7E1746CD8.d.F0E5CF0A9320A528320E99CF039AC248.e.2543"}]}
COMMAND: POST /session/3097350609915d1f0d0e7f0005360ed5/element/f.185E35FC6384979D85E72AD7E1746CD8.d.F0E5CF0A9320A528320E99CF039AC248.e.2543/click - {}
COMMAND: GET /session/3097350609915d1f0d0e7f0005360ed5/screenshot - {}
RESULT: {}
RESULT: {}
COMMAND: GET /session/3097350609915d1f0d0e7f0005360ed5/screenshot - {}
RESULT: {}
COMMAND: POST /session/3097350609915d1f0d0e7f0005360ed5/execute/async - {"script":"<script> [1562 bytes]","args":[{"selector":{"id":"application-manageresources-display-component---newResourceUnit--TYPE-arrow"},"wdio_ui5_key":"applicationmanageresources-display-component---newResourceUnit--TYPE-arrow"}]}
RESULT: {}
RESULT: {"script":"<script> [1562 bytes]","args":[{"selector":{"id":"application-manageresources-display-component---newResourceUnit--TYPE-arrow"},"wdio_ui5_key":"applicationmanageresources-display-component---newResourceUnit--TYPE-arrow"}]}
RESULT: undefined
COMMAND: POST /session/3097350609915d1f0d0e7f0005360ed5/element - {"using":"xpath","value":"//*[@id=\"application-manageresources-display-component---newResourceUnit--TYPE-arrow\"]"}
RESULT: {"using":"xpath","value":"//*[@id=\"application-manageresources-display-component---newResourceUnit--TYPE-arrow\"]"}
COMMAND: POST /session/3097350609915d1f0d0e7f0005360ed5/element/f.185E35FC6384979D85E72AD7E1746CD8.d.F0E5CF0A9320A528320E99CF039AC248.e.2895/click - {}
RESULT: {}
COMMAND: POST /session/3097350609915d1f0d0e7f0005360ed5/element - {"using":"xpath","value":"//input[@id=\"application-manageresources-display-component---newResourceUnit--TYPE-inner\"]"}
COMMAND: GET /session/3097350609915d1f0d0e7f0005360ed5/screenshot - {}
RESULT: {"using":"xpath","value":"//input[@id=\"application-manageresources-display-component---newResourceUnit--TYPE-inner\"]"}
COMMAND: POST /session/3097350609915d1f0d0e7f0005360ed5/element/f.185E35FC6384979D85E72AD7E1746CD8.d.F0E5CF0A9320A528320E99CF039AC248.e.2879/clear - {}
RESULT: {}
RESULT: {}
COMMAND: POST /session/3097350609915d1f0d0e7f0005360ed5/element/f.185E35FC6384979D85E72AD7E1746CD8.d.F0E5CF0A9320A528320E99CF039AC248.e.2879/value - {"text":"Equipment"}
COMMAND: GET /session/3097350609915d1f0d0e7f0005360ed5/screenshot - {}
RESULT: {"text":"Equipment"}
COMMAND: GET /session/3097350609915d1f0d0e7f0005360ed5/screenshot - {}
RESULT: {}
RESULT: {}
COMMAND: POST /session/3097350609915d1f0d0e7f0005360ed5/actions - {"actions":[{"id":"action8","type":"key","parameters":{},"actions":[{"type":"keyDown","value":"î€‡"},{"type":"pause","duration":10},{"type":"keyUp","value":"î€‡"}]}]}
RESULT: {"actions":[{"id":"action8","type":"key","parameters":{},"actions":[{"type":"keyDown","value":"î€‡"},{"type":"pause","duration":10},{"type":"keyUp","value":"î€‡"}]}]}
COMMAND: POST /session/3097350609915d1f0d0e7f0005360ed5/execute/async - {"script":"<script> [1562 bytes]","args":[{"selector":{"id":"application-manageresources-display-component---newResourceUnit--resourceId","interaction":{"idSuffix":"inner"}},"wdio_ui5_key":"applicationmanageresources-display-component---newResourceUnit--resourceId"}]}
COMMAND: GET /session/3097350609915d1f0d0e7f0005360ed5/screenshot - {}
RESULT: {"script":"<script> [1562 bytes]","args":[{"selector":{"id":"application-manageresources-display-component---newResourceUnit--resourceId","interaction":{"idSuffix":"inner"}},"wdio_ui5_key":"applicationmanageresources-display-component---newResourceUnit--resourceId"}]}
RESULT: undefined
COMMAND: POST /session/3097350609915d1f0d0e7f0005360ed5/execute/async - {"script":"<script> [776 bytes]","args":[{"enterText":"bbn54CG11Z","selector":{"id":"application-manageresources-display-component---newResourceUnit--resourceId","interaction":{"idSuffix":"inner"}},"clearTextFirst":true,"interactionType":"ENTER_TEXT"}]}
RESULT: {}
RESULT: {"script":"<script> [776 bytes]","args":[{"enterText":"bbn54CG11Z","selector":{"id":"application-manageresources-display-component---newResourceUnit--resourceId","interaction":{"idSuffix":"inner"}},"clearTextFirst":true,"interactionType":"ENTER_TEXT"}]}
COMMAND: POST /session/3097350609915d1f0d0e7f0005360ed5/execute/async - {"script":"<script> [1562 bytes]","args":[{"selector":{"id":"application-manageresources-display-component---newResourceUnit--SHORT_TEXT","interaction":{"idSuffix":"inner"}},"wdio_ui5_key":"applicationmanageresources-display-component---newResourceUnit--SHORT_TEXT"}]}
RESULT: {"script":"<script> [1562 bytes]","args":[{"selector":{"id":"application-manageresources-display-component---newResourceUnit--SHORT_TEXT","interaction":{"idSuffix":"inner"}},"wdio_ui5_key":"applicationmanageresources-display-component---newResourceUnit--SHORT_TEXT"}]}
RESULT: undefined
COMMAND: POST /session/3097350609915d1f0d0e7f0005360ed5/execute/async - {"script":"<script> [776 bytes]","args":[{"enterText":"Intercompany Equipment WDIO","selector":{"id":"application-manageresources-display-component---newResourceUnit--SHORT_TEXT","interaction":{"idSuffix":"inner"}},"clearTextFirst":true,"interactionType":"ENTER_TEXT"}]}
RESULT: {"script":"<script> [776 bytes]","args":[{"enterText":"Intercompany Equipment WDIO","selector":{"id":"application-manageresources-display-component---newResourceUnit--SHORT_TEXT","interaction":{"idSuffix":"inner"}},"clearTextFirst":true,"interactionType":"ENTER_TEXT"}]}
COMMAND: POST /session/3097350609915d1f0d0e7f0005360ed5/execute/async - {"script":"<script> [1562 bytes]","args":[{"selector":{"id":"application-manageresources-display-component---newResourceUnit--BASE_UNIT_OF_MEASURE","interaction":{"idSuffix":"inner"}},"wdio_ui5_key":"applicationmanageresources-display-component---newResourceUnit--BASE_UNIT_OF_MEASURE"}]}
RESULT: {"script":"<script> [1562 bytes]","args":[{"selector":{"id":"application-manageresources-display-component---newResourceUnit--BASE_UNIT_OF_MEASURE","interaction":{"idSuffix":"inner"}},"wdio_ui5_key":"applicationmanageresources-display-component---newResourceUnit--BASE_UNIT_OF_MEASURE"}]}
RESULT: undefined
COMMAND: POST /session/3097350609915d1f0d0e7f0005360ed5/execute/async - {"script":"<script> [776 bytes]","args":[{"enterText":"Piece","selector":{"id":"application-manageresources-display-component---newResourceUnit--BASE_UNIT_OF_MEASURE","interaction":{"idSuffix":"inner"}},"clearTextFirst":true,"interactionType":"ENTER_TEXT"}]}
RESULT: {"script":"<script> [776 bytes]","args":[{"enterText":"Piece","selector":{"id":"application-manageresources-display-component---newResourceUnit--BASE_UNIT_OF_MEASURE","interaction":{"idSuffix":"inner"}},"clearTextFirst":true,"interactionType":"ENTER_TEXT"}]}
COMMAND: POST /session/3097350609915d1f0d0e7f0005360ed5/execute/async - {"script":"<script> [1562 bytes]","args":[{"selector":{"id":"application-manageresources-display-component---newResourceUnit--WEIGHT_UNIT","interaction":{"idSuffix":"inner"}},"wdio_ui5_key":"applicationmanageresources-display-component---newResourceUnit--WEIGHT_UNIT"}]}
RESULT: {"script":"<script> [1562 bytes]","args":[{"selector":{"id":"application-manageresources-display-component---newResourceUnit--WEIGHT_UNIT","interaction":{"idSuffix":"inner"}},"wdio_ui5_key":"applicationmanageresources-display-component---newResourceUnit--WEIGHT_UNIT"}]}
RESULT: undefined
COMMAND: POST /session/3097350609915d1f0d0e7f0005360ed5/execute/async - {"script":"<script> [776 bytes]","args":[{"enterText":"Gram","selector":{"id":"application-manageresources-display-component---newResourceUnit--WEIGHT_UNIT","interaction":{"idSuffix":"inner"}},"clearTextFirst":true,"interactionType":"ENTER_TEXT"}]}
RESULT: {"script":"<script> [776 bytes]","args":[{"enterText":"Gram","selector":{"id":"application-manageresources-display-component---newResourceUnit--WEIGHT_UNIT","interaction":{"idSuffix":"inner"}},"clearTextFirst":true,"interactionType":"ENTER_TEXT"}]}
COMMAND: POST /session/3097350609915d1f0d0e7f0005360ed5/execute/async - {"script":"<script> [1562 bytes]","args":[{"selector":{"id":"application-manageresources-display-component---newResourceUnit--DIMENSION_UNIT","interaction":{"idSuffix":"inner"}},"wdio_ui5_key":"applicationmanageresources-display-component---newResourceUnit--DIMENSION_UNIT"}]}
RESULT: {"script":"<script> [1562 bytes]","args":[{"selector":{"id":"application-manageresources-display-component---newResourceUnit--DIMENSION_UNIT","interaction":{"idSuffix":"inner"}},"wdio_ui5_key":"applicationmanageresources-display-component---newResourceUnit--DIMENSION_UNIT"}]}
RESULT: undefined
COMMAND: POST /session/3097350609915d1f0d0e7f0005360ed5/execute/async - {"script":"<script> [776 bytes]","args":[{"enterText":"Meter","selector":{"id":"application-manageresources-display-component---newResourceUnit--DIMENSION_UNIT","interaction":{"idSuffix":"inner"}},"clearTextFirst":true,"interactionType":"ENTER_TEXT"}]}
RESULT: {"script":"<script> [776 bytes]","args":[{"enterText":"Meter","selector":{"id":"application-manageresources-display-component---newResourceUnit--DIMENSION_UNIT","interaction":{"idSuffix":"inner"}},"clearTextFirst":true,"interactionType":"ENTER_TEXT"}]}
COMMAND: POST /session/3097350609915d1f0d0e7f0005360ed5/execute/async - {"script":"<script> [1562 bytes]","args":[{"selector":{"id":"application-manageresources-display-component---newResourceUnit--newRRUPage-anchBar-application-manageresources-display-component---newResourceUnit--control-anchor","interaction":{"idSuffix":"BDI-content"}},"wdio_ui5_key":"applicationmanageresources-display-component---newResourceUnit--newRRUPage-anchBar-application-manageresources-display-component---newResourceUnit--control-anchor"}]}
RESULT: {"script":"<script> [1562 bytes]","args":[{"selector":{"id":"application-manageresources-display-component---newResourceUnit--newRRUPage-anchBar-application-manageresources-display-component---newResourceUnit--control-anchor","interaction":{"idSuffix":"BDI-content"}},"wdio_ui5_key":"applicationmanageresources-display-component---newResourceUnit--newRRUPage-anchBar-application-manageresources-display-component---newResourceUnit--control-anchor"}]}
RESULT: undefined
COMMAND: POST /session/3097350609915d1f0d0e7f0005360ed5/element - {"using":"xpath","value":"//*[@id=\"application-manageresources-display-component---newResourceUnit--newRRUPage-anchBar-application-manageresources-display-component---newResourceUnit--control-anchor\"]"}
RESULT: {"using":"xpath","value":"//*[@id=\"application-manageresources-display-component---newResourceUnit--newRRUPage-anchBar-application-manageresources-display-component---newResourceUnit--control-anchor\"]"}
COMMAND: POST /session/3097350609915d1f0d0e7f0005360ed5/element/f.185E35FC6384979D85E72AD7E1746CD8.d.F0E5CF0A9320A528320E99CF039AC248.e.3026/click - {}
RESULT: {}
COMMAND: POST /session/3097350609915d1f0d0e7f0005360ed5/execute/async - {"script":"<script> [1562 bytes]","args":[{"selector":{"id":"application-manageresources-display-component---newResourceUnit--PLANNING_GROUP","interaction":{"idSuffix":"inner"}},"wdio_ui5_key":"applicationmanageresources-display-component---newResourceUnit--PLANNING_GROUP"}]}
COMMAND: GET /session/3097350609915d1f0d0e7f0005360ed5/screenshot - {}
RESULT: {"script":"<script> [1562 bytes]","args":[{"selector":{"id":"application-manageresources-display-component---newResourceUnit--PLANNING_GROUP","interaction":{"idSuffix":"inner"}},"wdio_ui5_key":"applicationmanageresources-display-component---newResourceUnit--PLANNING_GROUP"}]}
RESULT: undefined
COMMAND: POST /session/3097350609915d1f0d0e7f0005360ed5/execute/async - {"script":"<script> [776 bytes]","args":[{"enterText":"Heavy Equi","selector":{"id":"application-manageresources-display-component---newResourceUnit--PLANNING_GROUP","interaction":{"idSuffix":"inner"}},"clearTextFirst":true,"interactionType":"ENTER_TEXT"}]}
RESULT: {}
RESULT: {"script":"<script> [776 bytes]","args":[{"enterText":"Heavy Equi","selector":{"id":"application-manageresources-display-component---newResourceUnit--PLANNING_GROUP","interaction":{"idSuffix":"inner"}},"clearTextFirst":true,"interactionType":"ENTER_TEXT"}]}
COMMAND: POST /session/3097350609915d1f0d0e7f0005360ed5/execute/async - {"script":"<script> [1562 bytes]","args":[{"selector":{"id":"application-manageresources-display-component---newResourceUnit--ITEM_TYPE-arrow"},"wdio_ui5_key":"applicationmanageresources-display-component---newResourceUnit--ITEM_TYPE-arrow"}]}
RESULT: {"script":"<script> [1562 bytes]","args":[{"selector":{"id":"application-manageresources-display-component---newResourceUnit--ITEM_TYPE-arrow"},"wdio_ui5_key":"applicationmanageresources-display-component---newResourceUnit--ITEM_TYPE-arrow"}]}
RESULT: undefined
COMMAND: POST /session/3097350609915d1f0d0e7f0005360ed5/element - {"using":"xpath","value":"//*[@id=\"application-manageresources-display-component---newResourceUnit--ITEM_TYPE-arrow\"]"}
RESULT: {"using":"xpath","value":"//*[@id=\"application-manageresources-display-component---newResourceUnit--ITEM_TYPE-arrow\"]"}
COMMAND: POST /session/3097350609915d1f0d0e7f0005360ed5/element/f.185E35FC6384979D85E72AD7E1746CD8.d.F0E5CF0A9320A528320E99CF039AC248.e.3035/click - {}
RESULT: {}
COMMAND: POST /session/3097350609915d1f0d0e7f0005360ed5/element - {"using":"xpath","value":"(//span[contains(text(), \"Resource Unit\")])[2]"}
COMMAND: GET /session/3097350609915d1f0d0e7f0005360ed5/screenshot - {}
RESULT: {"using":"xpath","value":"(//span[contains(text(), \"Resource Unit\")])[2]"}
COMMAND: POST /session/3097350609915d1f0d0e7f0005360ed5/element/f.185E35FC6384979D85E72AD7E1746CD8.d.F0E5CF0A9320A528320E99CF039AC248.e.3036/click - {}
RESULT: {}
RESULT: {}
COMMAND: GET /session/3097350609915d1f0d0e7f0005360ed5/screenshot - {}
RESULT: {}
COMMAND: POST /session/3097350609915d1f0d0e7f0005360ed5/element - {"using":"css selector","value":"#application-manageresources-display-component---newResourceUnit--btnAddTimeSegment"}
RESULT: {"using":"css selector","value":"#application-manageresources-display-component---newResourceUnit--btnAddTimeSegment"}
COMMAND: GET /session/3097350609915d1f0d0e7f0005360ed5/element/f.185E35FC6384979D85E72AD7E1746CD8.d.F0E5CF0A9320A528320E99CF039AC248.e.3037/rect - {}
RESULT: {}
COMMAND: GET /session/3097350609915d1f0d0e7f0005360ed5/window/rect - {}
RESULT: {}
COMMAND: POST /session/3097350609915d1f0d0e7f0005360ed5/execute/sync - {"script":"<script> [92 bytes]","args":[]}
RESULT: {"script":"<script> [92 bytes]","args":[]}
COMMAND: POST /session/3097350609915d1f0d0e7f0005360ed5/actions - {"actions":[{"id":"action9","type":"wheel","parameters":{},"actions":[{"type":"scroll","x":-1888,"y":-32,"deltaX":0,"deltaY":0,"duration":0,"origin":{"element-6066-11e4-a52e-4f735466cecf":"f.185E35FC6384979D85E72AD7E1746CD8.d.F0E5CF0A9320A528320E99CF039AC248.e.3037"}}]}]}
COMMAND: GET /session/3097350609915d1f0d0e7f0005360ed5/screenshot - {}
RESULT: {}
COMMAND: POST /session/3097350609915d1f0d0e7f0005360ed5/execute/sync - {"script":"<script> [79 bytes]","args":[{"element-6066-11e4-a52e-4f735466cecf":"f.185E35FC6384979D85E72AD7E1746CD8.d.F0E5CF0A9320A528320E99CF039AC248.e.3037","ELEMENT":"f.185E35FC6384979D85E72AD7E1746CD8.d.F0E5CF0A9320A528320E99CF039AC248.e.3037"},{"block":"start","inline":"nearest"}]}
RESULT: {"script":"<script> [79 bytes]","args":[{"element-6066-11e4-a52e-4f735466cecf":"f.185E35FC6384979D85E72AD7E1746CD8.d.F0E5CF0A9320A528320E99CF039AC248.e.3037","ELEMENT":"f.185E35FC6384979D85E72AD7E1746CD8.d.F0E5CF0A9320A528320E99CF039AC248.e.3037"},{"block":"start","inline":"nearest"}]}
COMMAND: POST /session/3097350609915d1f0d0e7f0005360ed5/execute/async - {"script":"<script> [1562 bytes]","args":[{"selector":{"id":"application-manageresources-display-component---newResourceUnit--btnAddTimeSegment","interaction":{"idSuffix":"inner"}},"wdio_ui5_key":"applicationmanageresources-display-component---newResourceUnit--btnAddTimeSegment"}]}
COMMAND: GET /session/3097350609915d1f0d0e7f0005360ed5/screenshot - {}
RESULT: {"script":"<script> [1562 bytes]","args":[{"selector":{"id":"application-manageresources-display-component---newResourceUnit--btnAddTimeSegment","interaction":{"idSuffix":"inner"}},"wdio_ui5_key":"applicationmanageresources-display-component---newResourceUnit--btnAddTimeSegment"}]}
RESULT: undefined
COMMAND: POST /session/3097350609915d1f0d0e7f0005360ed5/element - {"using":"xpath","value":"//*[@id=\"application-manageresources-display-component---newResourceUnit--btnAddTimeSegment\"]"}
RESULT: {}
RESULT: {"using":"xpath","value":"//*[@id=\"application-manageresources-display-component---newResourceUnit--btnAddTimeSegment\"]"}
COMMAND: POST /session/3097350609915d1f0d0e7f0005360ed5/element/f.185E35FC6384979D85E72AD7E1746CD8.d.F0E5CF0A9320A528320E99CF039AC248.e.3037/click - {}
RESULT: {}
COMMAND: GET /session/3097350609915d1f0d0e7f0005360ed5/screenshot - {}
RESULT: {}
COMMAND: POST /session/3097350609915d1f0d0e7f0005360ed5/element - {"using":"xpath","value":"//input[@id=\"application-manageresources-display-component---newResourceUnit--idRuTSAdmin-application-manageresources-display-component---newResourceUnit--RUTimeSegment-0-inner\"]"}
RESULT: {"using":"xpath","value":"//input[@id=\"application-manageresources-display-component---newResourceUnit--idRuTSAdmin-application-manageresources-display-component---newResourceUnit--RUTimeSegment-0-inner\"]"}
COMMAND: POST /session/3097350609915d1f0d0e7f0005360ed5/element/f.185E35FC6384979D85E72AD7E1746CD8.d.F0E5CF0A9320A528320E99CF039AC248.e.3043/clear - {}
RESULT: {}
COMMAND: POST /session/3097350609915d1f0d0e7f0005360ed5/element/f.185E35FC6384979D85E72AD7E1746CD8.d.F0E5CF0A9320A528320E99CF039AC248.e.3043/value - {"text":"527"}
COMMAND: GET /session/3097350609915d1f0d0e7f0005360ed5/screenshot - {}
RESULT: {"text":"527"}
COMMAND: GET /session/3097350609915d1f0d0e7f0005360ed5/screenshot - {}
RESULT: {}
RESULT: {}
COMMAND: POST /session/3097350609915d1f0d0e7f0005360ed5/element - {"using":"xpath","value":"//li[.//span[text()='527']]"}
RESULT: {"using":"xpath","value":"//li[.//span[text()='527']]"}
COMMAND: POST /session/3097350609915d1f0d0e7f0005360ed5/element/f.185E35FC6384979D85E72AD7E1746CD8.d.F0E5CF0A9320A528320E99CF039AC248.e.3055/click - {}
RESULT: {}
COMMAND: GET /session/3097350609915d1f0d0e7f0005360ed5/screenshot - {}
RESULT: {}
COMMAND: POST /session/3097350609915d1f0d0e7f0005360ed5/element - {"using":"xpath","value":"(//span[contains(@id, \"-application-manageresources-display-component---newResourceUnit--RUTimeSegment-0-arrow\")])[6]"}
RESULT: {"using":"xpath","value":"(//span[contains(@id, \"-application-manageresources-display-component---newResourceUnit--RUTimeSegment-0-arrow\")])[6]"}
COMMAND: POST /session/3097350609915d1f0d0e7f0005360ed5/element/f.185E35FC6384979D85E72AD7E1746CD8.d.F0E5CF0A9320A528320E99CF039AC248.e.3056/click - {}
RESULT: {}
COMMAND: GET /session/3097350609915d1f0d0e7f0005360ed5/screenshot - {}
RESULT: {}
COMMAND: POST /session/3097350609915d1f0d0e7f0005360ed5/element - {"using":"xpath","value":"//span[contains(text(), \"PM Order\")]"}
RESULT: {"using":"xpath","value":"//span[contains(text(), \"PM Order\")]"}
COMMAND: POST /session/3097350609915d1f0d0e7f0005360ed5/element/f.185E35FC6384979D85E72AD7E1746CD8.d.F0E5CF0A9320A528320E99CF039AC248.e.3059/click - {}
RESULT: {}
COMMAND: GET /session/3097350609915d1f0d0e7f0005360ed5/screenshot - {}
RESULT: {}
COMMAND: POST /session/3097350609915d1f0d0e7f0005360ed5/element - {"using":"xpath","value":"(//span[contains(@id ,\"manageresources-display-component---newResourceUnit--RUTimeSegment-0-vhi\")])[1]"}
RESULT: {"using":"xpath","value":"(//span[contains(@id ,\"manageresources-display-component---newResourceUnit--RUTimeSegment-0-vhi\")])[1]"}
COMMAND: GET /session/3097350609915d1f0d0e7f0005360ed5/element/f.185E35FC6384979D85E72AD7E1746CD8.d.F0E5CF0A9320A528320E99CF039AC248.e.3063/rect - {}
RESULT: {}
COMMAND: GET /session/3097350609915d1f0d0e7f0005360ed5/window/rect - {}
RESULT: {}
COMMAND: POST /session/3097350609915d1f0d0e7f0005360ed5/execute/sync - {"script":"<script> [92 bytes]","args":[]}
RESULT: {"script":"<script> [92 bytes]","args":[]}
COMMAND: POST /session/3097350609915d1f0d0e7f0005360ed5/actions - {"actions":[{"id":"action10","type":"wheel","parameters":{},"actions":[{"type":"scroll","x":-869,"y":-24,"deltaX":0,"deltaY":0,"duration":0,"origin":{"element-6066-11e4-a52e-4f735466cecf":"f.185E35FC6384979D85E72AD7E1746CD8.d.F0E5CF0A9320A528320E99CF039AC248.e.3063"}}]}]}
COMMAND: GET /session/3097350609915d1f0d0e7f0005360ed5/screenshot - {}
RESULT: {"actions":[{"id":"action10","type":"wheel","parameters":{},"actions":[{"type":"scroll","x":-869,"y":-24,"deltaX":0,"deltaY":0,"duration":0,"origin":{"element-6066-11e4-a52e-4f735466cecf":"f.185E35FC6384979D85E72AD7E1746CD8.d.F0E5CF0A9320A528320E99CF039AC248.e.3063"}}]}]}
COMMAND: DELETE /session/3097350609915d1f0d0e7f0005360ed5/actions - {}
COMMAND: GET /session/3097350609915d1f0d0e7f0005360ed5/screenshot - {}
RESULT: {}
RESULT: {}
COMMAND: GET /session/3097350609915d1f0d0e7f0005360ed5/screenshot - {}
RESULT: {}
RESULT: {}
COMMAND: POST /session/3097350609915d1f0d0e7f0005360ed5/element/f.185E35FC6384979D85E72AD7E1746CD8.d.F0E5CF0A9320A528320E99CF039AC248.e.3063/click - {}
RESULT: {}
COMMAND: GET /session/3097350609915d1f0d0e7f0005360ed5/screenshot - {}
RESULT: {}
RESULT: undefined
COMMAND: POST /session/3097350609915d1f0d0e7f0005360ed5/execute/async - {"script":"<script> [776 bytes]","args":[{"enterText":"4000360","selector":{"controlType":"sap.m.SearchField","properties":{"placeholder":"Search"},"searchOpenDialogs":true,"interaction":{"idSuffix":"I"}},"clearTextFirst":true,"interactionType":"ENTER_TEXT"}]}
RESULT: {"script":"<script> [776 bytes]","args":[{"enterText":"4000360","selector":{"controlType":"sap.m.SearchField","properties":{"placeholder":"Search"},"searchOpenDialogs":true,"interaction":{"idSuffix":"I"}},"clearTextFirst":true,"interactionType":"ENTER_TEXT"}]}
COMMAND: POST /session/3097350609915d1f0d0e7f0005360ed5/actions - {"actions":[{"id":"action11","type":"key","parameters":{},"actions":[{"type":"keyDown","value":"î€‡"},{"type":"pause","duration":10},{"type":"keyUp","value":"î€‡"}]}]}
RESULT: {"actions":[{"id":"action11","type":"key","parameters":{},"actions":[{"type":"keyDown","value":"î€‡"},{"type":"pause","duration":10},{"type":"keyUp","value":"î€‡"}]}]}
COMMAND: GET /session/3097350609915d1f0d0e7f0005360ed5/screenshot - {}
RESULT: {}
COMMAND: POST /session/3097350609915d1f0d0e7f0005360ed5/element - {"using":"xpath","value":"//td/div/span[contains(text(), \"BGL Vehicles\")]"}
RESULT: {"using":"xpath","value":"//td/div/span[contains(text(), \"BGL Vehicles\")]"}
COMMAND: POST /session/3097350609915d1f0d0e7f0005360ed5/element/f.185E35FC6384979D85E72AD7E1746CD8.d.F0E5CF0A9320A528320E99CF039AC248.e.3084/click - {}
RESULT: {}
COMMAND: GET /session/3097350609915d1f0d0e7f0005360ed5/screenshot - {}
RESULT: {}
COMMAND: POST /session/3097350609915d1f0d0e7f0005360ed5/element - {"using":"xpath","value":"//bdi[contains(text(), \"OK\")]"}
RESULT: {"using":"xpath","value":"//bdi[contains(text(), \"OK\")]"}
COMMAND: POST /session/3097350609915d1f0d0e7f0005360ed5/element/f.185E35FC6384979D85E72AD7E1746CD8.d.F0E5CF0A9320A528320E99CF039AC248.e.3085/click - {}
RESULT: {}
COMMAND: GET /session/3097350609915d1f0d0e7f0005360ed5/screenshot - {}
RESULT: {}
COMMAND: POST /session/3097350609915d1f0d0e7f0005360ed5/execute/async - {"script":"<script> [1562 bytes]","args":[{"selector":{"id":"application-manageresources-display-component---newResourceUnit--newRRUPage-anchBar-application-manageresources-display-component---newResourceUnit--resource-anchor","interaction":{"idSuffix":"BDI-content"}},"wdio_ui5_key":"applicationmanageresources-display-component---newResourceUnit--newRRUPage-anchBar-application-manageresources-display-component---newResourceUnit--resource-anchor"}]}
RESULT: {"script":"<script> [1562 bytes]","args":[{"selector":{"id":"application-manageresources-display-component---newResourceUnit--newRRUPage-anchBar-application-manageresources-display-component---newResourceUnit--resource-anchor","interaction":{"idSuffix":"BDI-content"}},"wdio_ui5_key":"applicationmanageresources-display-component---newResourceUnit--newRRUPage-anchBar-application-manageresources-display-component---newResourceUnit--resource-anchor"}]}
RESULT: undefined
COMMAND: POST /session/3097350609915d1f0d0e7f0005360ed5/element - {"using":"xpath","value":"//*[@id=\"application-manageresources-display-component---newResourceUnit--newRRUPage-anchBar-application-manageresources-display-component---newResourceUnit--resource-anchor\"]"}
RESULT: {"using":"xpath","value":"//*[@id=\"application-manageresources-display-component---newResourceUnit--newRRUPage-anchBar-application-manageresources-display-component---newResourceUnit--resource-anchor\"]"}
COMMAND: POST /session/3097350609915d1f0d0e7f0005360ed5/element/f.185E35FC6384979D85E72AD7E1746CD8.d.F0E5CF0A9320A528320E99CF039AC248.e.3089/click - {}
RESULT: {}
COMMAND: POST /session/3097350609915d1f0d0e7f0005360ed5/execute/async - {"script":"<script> [1562 bytes]","args":[{"selector":{"id":"application-manageresources-display-component---newResourceUnit--PLANNED_DELIVERY_DATE","interaction":{"idSuffix":"inner"}},"wdio_ui5_key":"applicationmanageresources-display-component---newResourceUnit--PLANNED_DELIVERY_DATE"}]}
COMMAND: GET /session/3097350609915d1f0d0e7f0005360ed5/screenshot - {}
RESULT: {"script":"<script> [1562 bytes]","args":[{"selector":{"id":"application-manageresources-display-component---newResourceUnit--PLANNED_DELIVERY_DATE","interaction":{"idSuffix":"inner"}},"wdio_ui5_key":"applicationmanageresources-display-component---newResourceUnit--PLANNED_DELIVERY_DATE"}]}
RESULT: undefined
COMMAND: POST /session/3097350609915d1f0d0e7f0005360ed5/execute/async - {"script":"<script> [6424 bytes]","args":[{"element-6066-11e4-a52e-4f735466cecf":"f.185E35FC6384979D85E72AD7E1746CD8.d.F0E5CF0A9320A528320E99CF039AC248.e.2950"},"setValue",["5/18/25"]]}
RESULT: {}
RESULT: {"script":"<script> [6424 bytes]","args":[{"element-6066-11e4-a52e-4f735466cecf":"f.185E35FC6384979D85E72AD7E1746CD8.d.F0E5CF0A9320A528320E99CF039AC248.e.2950"},"setValue",["5/18/25"]]}
COMMAND: POST /session/3097350609915d1f0d0e7f0005360ed5/element - {"using":"xpath","value":"//label[contains(@class, 'sapMLabelRequired') and .//bdi[contains(text(), 'Planned Retirement')]]"}
RESULT: {"using":"xpath","value":"//label[contains(@class, 'sapMLabelRequired') and .//bdi[contains(text(), 'Planned Retirement')]]"}
COMMAND: POST /session/3097350609915d1f0d0e7f0005360ed5/elements - {"using":"xpath","value":"//label[contains(@class, 'sapMLabelRequired') and .//bdi[contains(text(), 'Planned Retirement')]]"}
RESULT: {"using":"xpath","value":"//label[contains(@class, 'sapMLabelRequired') and .//bdi[contains(text(), 'Planned Retirement')]]"}
COMMAND: POST /session/3097350609915d1f0d0e7f0005360ed5/element - {"using":"xpath","value":"//button[@data-kt=\"resourceUnitSaveButton\"]"}
RESULT: {"using":"xpath","value":"//button[@data-kt=\"resourceUnitSaveButton\"]"}
COMMAND: POST /session/3097350609915d1f0d0e7f0005360ed5/element/f.185E35FC6384979D85E72AD7E1746CD8.d.F0E5CF0A9320A528320E99CF039AC248.e.2911/click - {}
RESULT: {}
COMMAND: GET /session/3097350609915d1f0d0e7f0005360ed5/screenshot - {}
RESULT: {}
COMMAND: POST /session/3097350609915d1f0d0e7f0005360ed5/element - {"using":"xpath","value":"//bdi[contains(text(), \"Close\")]"}
RESULT: {"using":"xpath","value":"//bdi[contains(text(), \"Close\")]"}
COMMAND: POST /session/3097350609915d1f0d0e7f0005360ed5/element/f.185E35FC6384979D85E72AD7E1746CD8.d.F0E5CF0A9320A528320E99CF039AC248.e.3097/click - {}
RESULT: {}
COMMAND: GET /session/3097350609915d1f0d0e7f0005360ed5/screenshot - {}
RESULT: {}
COMMAND: POST /session/3097350609915d1f0d0e7f0005360ed5/element - {"using":"xpath","value":"(//button[contains(@id ,\"actionsToolbar-overflowButton\")])[1]"}
RESULT: {"using":"xpath","value":"(//button[contains(@id ,\"actionsToolbar-overflowButton\")])[1]"}
COMMAND: POST /session/3097350609915d1f0d0e7f0005360ed5/element/f.185E35FC6384979D85E72AD7E1746CD8.d.F0E5CF0A9320A528320E99CF039AC248.e.3127/click - {}
RESULT: {}
COMMAND: GET /session/3097350609915d1f0d0e7f0005360ed5/screenshot - {}
RESULT: {}
COMMAND: POST /session/3097350609915d1f0d0e7f0005360ed5/element - {"using":"xpath","value":"//button[@data-kt=\"priceInfoButton\"]"}
RESULT: {"using":"xpath","value":"//button[@data-kt=\"priceInfoButton\"]"}
COMMAND: POST /session/3097350609915d1f0d0e7f0005360ed5/element/f.185E35FC6384979D85E72AD7E1746CD8.d.F0E5CF0A9320A528320E99CF039AC248.e.3129/click - {}
RESULT: {}
COMMAND: GET /session/3097350609915d1f0d0e7f0005360ed5/screenshot - {}
RESULT: {}
]]></system-out>
    </testcase>
    <testcase classname="chrome.136_0_7103_93.windows.Billing_confirm_US117289" name="Should create new pricing rule" time="53.138">
      <system-out><![CDATA[
COMMAND: POST /session/3097350609915d1f0d0e7f0005360ed5/element - {"using":"xpath","value":"//button[@data-kt=\"addButton\"]"}
RESULT: {"using":"xpath","value":"//button[@data-kt=\"addButton\"]"}
COMMAND: POST /session/3097350609915d1f0d0e7f0005360ed5/elements - {"using":"xpath","value":"//button[@data-kt=\"addButton\"]"}
RESULT: {"using":"xpath","value":"//button[@data-kt=\"addButton\"]"}
COMMAND: POST /session/3097350609915d1f0d0e7f0005360ed5/elements - {"using":"xpath","value":"//button[@data-kt=\"addButton\"]"}
RESULT: {"using":"xpath","value":"//button[@data-kt=\"addButton\"]"}
COMMAND: POST /session/3097350609915d1f0d0e7f0005360ed5/element - {"using":"xpath","value":"//button[@data-kt=\"addButton\"]"}
RESULT: {"using":"xpath","value":"//button[@data-kt=\"addButton\"]"}
COMMAND: POST /session/3097350609915d1f0d0e7f0005360ed5/execute/sync - {"script":"<script> [8489 bytes]","args":[{"element-6066-11e4-a52e-4f735466cecf":"f.185E35FC6384979D85E72AD7E1746CD8.d.F0E5CF0A9320A528320E99CF039AC248.e.3166","ELEMENT":"f.185E35FC6384979D85E72AD7E1746CD8.d.F0E5CF0A9320A528320E99CF039AC248.e.3166"}]}
RESULT: {"script":"<script> [8489 bytes]","args":[{"element-6066-11e4-a52e-4f735466cecf":"f.185E35FC6384979D85E72AD7E1746CD8.d.F0E5CF0A9320A528320E99CF039AC248.e.3166","ELEMENT":"f.185E35FC6384979D85E72AD7E1746CD8.d.F0E5CF0A9320A528320E99CF039AC248.e.3166"}]}
COMMAND: GET /session/3097350609915d1f0d0e7f0005360ed5/element/f.185E35FC6384979D85E72AD7E1746CD8.d.F0E5CF0A9320A528320E99CF039AC248.e.3166/enabled - {}
COMMAND: GET /session/3097350609915d1f0d0e7f0005360ed5/screenshot - {}
RESULT: {}
COMMAND: POST /session/3097350609915d1f0d0e7f0005360ed5/execute/sync - {"script":"<script> [8489 bytes]","args":[{"element-6066-11e4-a52e-4f735466cecf":"f.185E35FC6384979D85E72AD7E1746CD8.d.F0E5CF0A9320A528320E99CF039AC248.e.3166","ELEMENT":"f.185E35FC6384979D85E72AD7E1746CD8.d.F0E5CF0A9320A528320E99CF039AC248.e.3166"}]}
COMMAND: GET /session/3097350609915d1f0d0e7f0005360ed5/screenshot - {}
RESULT: {}
RESULT: {"script":"<script> [8489 bytes]","args":[{"element-6066-11e4-a52e-4f735466cecf":"f.185E35FC6384979D85E72AD7E1746CD8.d.F0E5CF0A9320A528320E99CF039AC248.e.3166","ELEMENT":"f.185E35FC6384979D85E72AD7E1746CD8.d.F0E5CF0A9320A528320E99CF039AC248.e.3166"}]}
COMMAND: POST /session/3097350609915d1f0d0e7f0005360ed5/execute/sync - {"script":"<script> [5351 bytes]","args":[{"element-6066-11e4-a52e-4f735466cecf":"f.185E35FC6384979D85E72AD7E1746CD8.d.F0E5CF0A9320A528320E99CF039AC248.e.3166","ELEMENT":"f.185E35FC6384979D85E72AD7E1746CD8.d.F0E5CF0A9320A528320E99CF039AC248.e.3166"}]}
COMMAND: GET /session/3097350609915d1f0d0e7f0005360ed5/screenshot - {}
RESULT: {}
RESULT: {"script":"<script> [5351 bytes]","args":[{"element-6066-11e4-a52e-4f735466cecf":"f.185E35FC6384979D85E72AD7E1746CD8.d.F0E5CF0A9320A528320E99CF039AC248.e.3166","ELEMENT":"f.185E35FC6384979D85E72AD7E1746CD8.d.F0E5CF0A9320A528320E99CF039AC248.e.3166"}]}
COMMAND: POST /session/3097350609915d1f0d0e7f0005360ed5/element/f.185E35FC6384979D85E72AD7E1746CD8.d.F0E5CF0A9320A528320E99CF039AC248.e.3166/click - {}
COMMAND: GET /session/3097350609915d1f0d0e7f0005360ed5/screenshot - {}
RESULT: {}
RESULT: {}
COMMAND: GET /session/3097350609915d1f0d0e7f0005360ed5/screenshot - {}
RESULT: {}
RESULT: {}
COMMAND: POST /session/3097350609915d1f0d0e7f0005360ed5/execute/async - {"script":"<script> [1562 bytes]","args":[{"selector":{"controlType":"sap.m.Title","viewName":"etm.portal.ui.managepricingrules.view.NewItem","viewId":"application-managepricingrules-display-component---newInfoPriceItem","properties":{"text":"New Pricing Rules - Item Level"}},"wdio_ui5_key":"etmportal.ui.managepricingrules.view.NewItemsap.m.Title{\"text\":\"New Pricing Rules - Item Level\"}"}]}
RESULT: {"script":"<script> [1562 bytes]","args":[{"selector":{"controlType":"sap.m.Title","viewName":"etm.portal.ui.managepricingrules.view.NewItem","viewId":"application-managepricingrules-display-component---newInfoPriceItem","properties":{"text":"New Pricing Rules - Item Level"}},"wdio_ui5_key":"etmportal.ui.managepricingrules.view.NewItemsap.m.Title{\"text\":\"New Pricing Rules - Item Level\"}"}]}
RESULT: undefined
COMMAND: POST /session/3097350609915d1f0d0e7f0005360ed5/execute/async - {"script":"<script> [6424 bytes]","args":[{"element-6066-11e4-a52e-4f735466cecf":"f.185E35FC6384979D85E72AD7E1746CD8.d.F0E5CF0A9320A528320E99CF039AC248.e.3323"},"getText",[]]}
RESULT: {"script":"<script> [6424 bytes]","args":[{"element-6066-11e4-a52e-4f735466cecf":"f.185E35FC6384979D85E72AD7E1746CD8.d.F0E5CF0A9320A528320E99CF039AC248.e.3323"},"getText",[]]}
COMMAND: POST /session/3097350609915d1f0d0e7f0005360ed5/execute/async - {"script":"<script> [1562 bytes]","args":[{"selector":{"id":"application-managepricingrules-display-component---newInfoPriceItem--condValidTo","interaction":{"idSuffix":"inner"}},"wdio_ui5_key":"applicationmanagepricingrules-display-component---newInfoPriceItem--condValidTo"}]}
RESULT: {"script":"<script> [1562 bytes]","args":[{"selector":{"id":"application-managepricingrules-display-component---newInfoPriceItem--condValidTo","interaction":{"idSuffix":"inner"}},"wdio_ui5_key":"applicationmanagepricingrules-display-component---newInfoPriceItem--condValidTo"}]}
RESULT: undefined
COMMAND: POST /session/3097350609915d1f0d0e7f0005360ed5/execute/async - {"script":"<script> [776 bytes]","args":[{"enterText":"1/18/26","selector":{"id":"application-managepricingrules-display-component---newInfoPriceItem--condValidTo","interaction":{"idSuffix":"inner"}},"clearTextFirst":true,"interactionType":"ENTER_TEXT"}]}
RESULT: {"script":"<script> [776 bytes]","args":[{"enterText":"1/18/26","selector":{"id":"application-managepricingrules-display-component---newInfoPriceItem--condValidTo","interaction":{"idSuffix":"inner"}},"clearTextFirst":true,"interactionType":"ENTER_TEXT"}]}
COMMAND: POST /session/3097350609915d1f0d0e7f0005360ed5/execute/async - {"script":"<script> [1562 bytes]","args":[{"selector":{"id":"application-managepricingrules-display-component---newInfoPriceItem--billType-arrow"},"wdio_ui5_key":"applicationmanagepricingrules-display-component---newInfoPriceItem--billType-arrow"}]}
RESULT: {"script":"<script> [1562 bytes]","args":[{"selector":{"id":"application-managepricingrules-display-component---newInfoPriceItem--billType-arrow"},"wdio_ui5_key":"applicationmanagepricingrules-display-component---newInfoPriceItem--billType-arrow"}]}
RESULT: undefined
COMMAND: POST /session/3097350609915d1f0d0e7f0005360ed5/element - {"using":"xpath","value":"//*[@id=\"application-managepricingrules-display-component---newInfoPriceItem--billType-arrow\"]"}
RESULT: {"using":"xpath","value":"//*[@id=\"application-managepricingrules-display-component---newInfoPriceItem--billType-arrow\"]"}
COMMAND: POST /session/3097350609915d1f0d0e7f0005360ed5/element/f.185E35FC6384979D85E72AD7E1746CD8.d.F0E5CF0A9320A528320E99CF039AC248.e.3325/click - {}
RESULT: {}
COMMAND: POST /session/3097350609915d1f0d0e7f0005360ed5/element - {"using":"xpath","value":"//span[contains(text(), \"TB - Time based\")]"}
COMMAND: GET /session/3097350609915d1f0d0e7f0005360ed5/screenshot - {}
RESULT: {"using":"xpath","value":"//span[contains(text(), \"TB - Time based\")]"}
COMMAND: POST /session/3097350609915d1f0d0e7f0005360ed5/element/f.185E35FC6384979D85E72AD7E1746CD8.d.F0E5CF0A9320A528320E99CF039AC248.e.3326/click - {}
RESULT: {}
RESULT: {}
COMMAND: POST /session/3097350609915d1f0d0e7f0005360ed5/execute/async - {"script":"<script> [1562 bytes]","args":[{"selector":{"id":"application-managepricingrules-display-component---newInfoPriceItem--priceProc-arrow"},"wdio_ui5_key":"applicationmanagepricingrules-display-component---newInfoPriceItem--priceProc-arrow"}]}
COMMAND: GET /session/3097350609915d1f0d0e7f0005360ed5/screenshot - {}
RESULT: {"script":"<script> [1562 bytes]","args":[{"selector":{"id":"application-managepricingrules-display-component---newInfoPriceItem--priceProc-arrow"},"wdio_ui5_key":"applicationmanagepricingrules-display-component---newInfoPriceItem--priceProc-arrow"}]}
RESULT: undefined
COMMAND: POST /session/3097350609915d1f0d0e7f0005360ed5/element - {"using":"xpath","value":"//*[@id=\"application-managepricingrules-display-component---newInfoPriceItem--priceProc-arrow\"]"}
RESULT: {}
RESULT: {"using":"xpath","value":"//*[@id=\"application-managepricingrules-display-component---newInfoPriceItem--priceProc-arrow\"]"}
COMMAND: POST /session/3097350609915d1f0d0e7f0005360ed5/element/f.185E35FC6384979D85E72AD7E1746CD8.d.F0E5CF0A9320A528320E99CF039AC248.e.3292/click - {}
RESULT: {}
COMMAND: POST /session/3097350609915d1f0d0e7f0005360ed5/element - {"using":"xpath","value":"//span[contains(text(), \"TBS - Time based standard\")]"}
COMMAND: GET /session/3097350609915d1f0d0e7f0005360ed5/screenshot - {}
RESULT: {"using":"xpath","value":"//span[contains(text(), \"TBS - Time based standard\")]"}
COMMAND: POST /session/3097350609915d1f0d0e7f0005360ed5/element/f.185E35FC6384979D85E72AD7E1746CD8.d.F0E5CF0A9320A528320E99CF039AC248.e.3327/click - {}
RESULT: {}
RESULT: {}
COMMAND: POST /session/3097350609915d1f0d0e7f0005360ed5/execute/async - {"script":"<script> [1562 bytes]","args":[{"selector":{"id":"application-managepricingrules-display-component---newInfoPriceItem--calcBase-arrow"},"wdio_ui5_key":"applicationmanagepricingrules-display-component---newInfoPriceItem--calcBase-arrow"}]}
COMMAND: GET /session/3097350609915d1f0d0e7f0005360ed5/screenshot - {}
RESULT: {"script":"<script> [1562 bytes]","args":[{"selector":{"id":"application-managepricingrules-display-component---newInfoPriceItem--calcBase-arrow"},"wdio_ui5_key":"applicationmanagepricingrules-display-component---newInfoPriceItem--calcBase-arrow"}]}
RESULT: undefined
COMMAND: POST /session/3097350609915d1f0d0e7f0005360ed5/element - {"using":"xpath","value":"//*[@id=\"application-managepricingrules-display-component---newInfoPriceItem--calcBase-arrow\"]"}
RESULT: {}
RESULT: {"using":"xpath","value":"//*[@id=\"application-managepricingrules-display-component---newInfoPriceItem--calcBase-arrow\"]"}
COMMAND: POST /session/3097350609915d1f0d0e7f0005360ed5/element/f.185E35FC6384979D85E72AD7E1746CD8.d.F0E5CF0A9320A528320E99CF039AC248.e.3299/click - {}
RESULT: {}
COMMAND: GET /session/3097350609915d1f0d0e7f0005360ed5/screenshot - {}
RESULT: {}
COMMAND: POST /session/3097350609915d1f0d0e7f0005360ed5/element - {"using":"xpath","value":"//span[contains(text(), \"0006 - TB(calendar days)\")]"}
RESULT: {"using":"xpath","value":"//span[contains(text(), \"0006 - TB(calendar days)\")]"}
COMMAND: POST /session/3097350609915d1f0d0e7f0005360ed5/element/f.185E35FC6384979D85E72AD7E1746CD8.d.F0E5CF0A9320A528320E99CF039AC248.e.3328/click - {}
RESULT: {}
COMMAND: GET /session/3097350609915d1f0d0e7f0005360ed5/screenshot - {}
RESULT: {}
COMMAND: POST /session/3097350609915d1f0d0e7f0005360ed5/execute/async - {"script":"<script> [1562 bytes]","args":[{"selector":{"id":"application-managepricingrules-display-component---newInfoPriceItem--daysMonth","interaction":{"idSuffix":"inner"}},"wdio_ui5_key":"applicationmanagepricingrules-display-component---newInfoPriceItem--daysMonth"}]}
RESULT: {"script":"<script> [1562 bytes]","args":[{"selector":{"id":"application-managepricingrules-display-component---newInfoPriceItem--daysMonth","interaction":{"idSuffix":"inner"}},"wdio_ui5_key":"applicationmanagepricingrules-display-component---newInfoPriceItem--daysMonth"}]}
RESULT: undefined
COMMAND: POST /session/3097350609915d1f0d0e7f0005360ed5/execute/async - {"script":"<script> [776 bytes]","args":[{"enterText":"30","selector":{"id":"application-managepricingrules-display-component---newInfoPriceItem--daysMonth","interaction":{"idSuffix":"inner"}},"clearTextFirst":true,"interactionType":"ENTER_TEXT"}]}
RESULT: {"script":"<script> [776 bytes]","args":[{"enterText":"30","selector":{"id":"application-managepricingrules-display-component---newInfoPriceItem--daysMonth","interaction":{"idSuffix":"inner"}},"clearTextFirst":true,"interactionType":"ENTER_TEXT"}]}
COMMAND: POST /session/3097350609915d1f0d0e7f0005360ed5/element - {"using":"xpath","value":"//button[@data-kt=\"saveNewRuleButton\"]"}
RESULT: {"using":"xpath","value":"//button[@data-kt=\"saveNewRuleButton\"]"}
COMMAND: POST /session/3097350609915d1f0d0e7f0005360ed5/element/f.185E35FC6384979D85E72AD7E1746CD8.d.F0E5CF0A9320A528320E99CF039AC248.e.3315/click - {}
RESULT: {}
COMMAND: GET /session/3097350609915d1f0d0e7f0005360ed5/screenshot - {}
RESULT: {}
COMMAND: POST /session/3097350609915d1f0d0e7f0005360ed5/execute/async - {"script":"<script> [1562 bytes]","args":[{"selector":{"id":"application-managepricingrules-display-component---priceInfoItem--smartFilterBar-btnBasicSearch","interaction":{"idSuffix":"I"}},"wdio_ui5_key":"applicationmanagepricingrules-display-component---priceInfoItem--smartFilterBar-btnBasicSearch"}]}
RESULT: {"script":"<script> [1562 bytes]","args":[{"selector":{"id":"application-managepricingrules-display-component---priceInfoItem--smartFilterBar-btnBasicSearch","interaction":{"idSuffix":"I"}},"wdio_ui5_key":"applicationmanagepricingrules-display-component---priceInfoItem--smartFilterBar-btnBasicSearch"}]}
RESULT: undefined
COMMAND: POST /session/3097350609915d1f0d0e7f0005360ed5/execute/async - {"script":"<script> [776 bytes]","args":[{"enterText":"bbn54CG11Z","selector":{"id":"application-managepricingrules-display-component---priceInfoItem--smartFilterBar-btnBasicSearch","interaction":{"idSuffix":"I"}},"clearTextFirst":true,"interactionType":"ENTER_TEXT"}]}
RESULT: {"script":"<script> [776 bytes]","args":[{"enterText":"bbn54CG11Z","selector":{"id":"application-managepricingrules-display-component---priceInfoItem--smartFilterBar-btnBasicSearch","interaction":{"idSuffix":"I"}},"clearTextFirst":true,"interactionType":"ENTER_TEXT"}]}
COMMAND: POST /session/3097350609915d1f0d0e7f0005360ed5/actions - {"actions":[{"id":"action12","type":"key","parameters":{},"actions":[{"type":"keyDown","value":"î€‡"},{"type":"pause","duration":10},{"type":"keyUp","value":"î€‡"}]}]}
RESULT: {"actions":[{"id":"action12","type":"key","parameters":{},"actions":[{"type":"keyDown","value":"î€‡"},{"type":"pause","duration":10},{"type":"keyUp","value":"î€‡"}]}]}
COMMAND: GET /session/3097350609915d1f0d0e7f0005360ed5/screenshot - {}
RESULT: {}
COMMAND: POST /session/3097350609915d1f0d0e7f0005360ed5/element - {"using":"xpath","value":"//span[@id=\"application-managepricingrules-display-component---priceInfoItem--smartTable-header-inner\"]"}
RESULT: {"using":"xpath","value":"//span[@id=\"application-managepricingrules-display-component---priceInfoItem--smartTable-header-inner\"]"}
COMMAND: POST /session/3097350609915d1f0d0e7f0005360ed5/elements - {"using":"xpath","value":"//span[@id=\"application-managepricingrules-display-component---priceInfoItem--smartTable-header-inner\"]"}
RESULT: {"using":"xpath","value":"//span[@id=\"application-managepricingrules-display-component---priceInfoItem--smartTable-header-inner\"]"}
COMMAND: POST /session/3097350609915d1f0d0e7f0005360ed5/execute/sync - {"script":"<script> [56 bytes]","args":[{"element-6066-11e4-a52e-4f735466cecf":"f.185E35FC6384979D85E72AD7E1746CD8.d.F0E5CF0A9320A528320E99CF039AC248.e.3353","ELEMENT":"f.185E35FC6384979D85E72AD7E1746CD8.d.F0E5CF0A9320A528320E99CF039AC248.e.3353"}]}
RESULT: {"script":"<script> [56 bytes]","args":[{"element-6066-11e4-a52e-4f735466cecf":"f.185E35FC6384979D85E72AD7E1746CD8.d.F0E5CF0A9320A528320E99CF039AC248.e.3353","ELEMENT":"f.185E35FC6384979D85E72AD7E1746CD8.d.F0E5CF0A9320A528320E99CF039AC248.e.3353"}]}
COMMAND: POST /session/3097350609915d1f0d0e7f0005360ed5/element - {"using":"css selector","value":"#shell-header-logo"}
COMMAND: GET /session/3097350609915d1f0d0e7f0005360ed5/screenshot - {}
RESULT: {"using":"css selector","value":"#shell-header-logo"}
COMMAND: POST /session/3097350609915d1f0d0e7f0005360ed5/element/f.185E35FC6384979D85E72AD7E1746CD8.d.F0E5CF0A9320A528320E99CF039AC248.e.2503/click - {}
RESULT: {}
RESULT: {}
COMMAND: GET /session/3097350609915d1f0d0e7f0005360ed5/screenshot - {}
RESULT: {}
]]></system-out>
    </testcase>
    <testcase classname="chrome.136_0_7103_93.windows.Billing_confirm_US117289" name="Should create new condition for equipment" time="65.431">
      <system-out><![CDATA[
COMMAND: POST /session/3097350609915d1f0d0e7f0005360ed5/execute/async - {"script":"<script> [1562 bytes]","args":[{"selector":{"controlType":"sap.m.GenericTile","properties":{"header":"Manage Conditions & Prices"}},"wdio_ui5_key":"sapm.GenericTile{\"header\":\"Manage Conditions & Prices\"}"}]}
RESULT: {"script":"<script> [1562 bytes]","args":[{"selector":{"controlType":"sap.m.GenericTile","properties":{"header":"Manage Conditions & Prices"}},"wdio_ui5_key":"sapm.GenericTile{\"header\":\"Manage Conditions & Prices\"}"}]}
RESULT: undefined
COMMAND: POST /session/3097350609915d1f0d0e7f0005360ed5/element - {"using":"xpath","value":"//*[@id=\"__tile53\"]"}
RESULT: {"using":"xpath","value":"//*[@id=\"__tile53\"]"}
COMMAND: POST /session/3097350609915d1f0d0e7f0005360ed5/element/f.185E35FC6384979D85E72AD7E1746CD8.d.F0E5CF0A9320A528320E99CF039AC248.e.194/click - {}
RESULT: {}
COMMAND: GET /session/3097350609915d1f0d0e7f0005360ed5/screenshot - {}
RESULT: {}
COMMAND: POST /session/3097350609915d1f0d0e7f0005360ed5/elements - {"using":"xpath","value":"//span[text()='Error']"}
RESULT: {"using":"xpath","value":"//span[text()='Error']"}
COMMAND: POST /session/3097350609915d1f0d0e7f0005360ed5/element - {"using":"xpath","value":"//button[@aria-label=\"Create\"]"}
RESULT: {"using":"xpath","value":"//button[@aria-label=\"Create\"]"}
COMMAND: POST /session/3097350609915d1f0d0e7f0005360ed5/elements - {"using":"xpath","value":"//button[@aria-label=\"Create\"]"}
RESULT: {"using":"xpath","value":"//button[@aria-label=\"Create\"]"}
COMMAND: POST /session/3097350609915d1f0d0e7f0005360ed5/execute/sync - {"script":"<script> [8489 bytes]","args":[{"element-6066-11e4-a52e-4f735466cecf":"f.185E35FC6384979D85E72AD7E1746CD8.d.F0E5CF0A9320A528320E99CF039AC248.e.3388","ELEMENT":"f.185E35FC6384979D85E72AD7E1746CD8.d.F0E5CF0A9320A528320E99CF039AC248.e.3388"}]}
RESULT: {"script":"<script> [8489 bytes]","args":[{"element-6066-11e4-a52e-4f735466cecf":"f.185E35FC6384979D85E72AD7E1746CD8.d.F0E5CF0A9320A528320E99CF039AC248.e.3388","ELEMENT":"f.185E35FC6384979D85E72AD7E1746CD8.d.F0E5CF0A9320A528320E99CF039AC248.e.3388"}]}
COMMAND: GET /session/3097350609915d1f0d0e7f0005360ed5/element/f.185E35FC6384979D85E72AD7E1746CD8.d.F0E5CF0A9320A528320E99CF039AC248.e.3388/enabled - {}
COMMAND: GET /session/3097350609915d1f0d0e7f0005360ed5/screenshot - {}
RESULT: {}
COMMAND: POST /session/3097350609915d1f0d0e7f0005360ed5/execute/sync - {"script":"<script> [8489 bytes]","args":[{"element-6066-11e4-a52e-4f735466cecf":"f.185E35FC6384979D85E72AD7E1746CD8.d.F0E5CF0A9320A528320E99CF039AC248.e.3388","ELEMENT":"f.185E35FC6384979D85E72AD7E1746CD8.d.F0E5CF0A9320A528320E99CF039AC248.e.3388"}]}
COMMAND: GET /session/3097350609915d1f0d0e7f0005360ed5/screenshot - {}
RESULT: {}
RESULT: {"script":"<script> [8489 bytes]","args":[{"element-6066-11e4-a52e-4f735466cecf":"f.185E35FC6384979D85E72AD7E1746CD8.d.F0E5CF0A9320A528320E99CF039AC248.e.3388","ELEMENT":"f.185E35FC6384979D85E72AD7E1746CD8.d.F0E5CF0A9320A528320E99CF039AC248.e.3388"}]}
COMMAND: POST /session/3097350609915d1f0d0e7f0005360ed5/execute/sync - {"script":"<script> [5351 bytes]","args":[{"element-6066-11e4-a52e-4f735466cecf":"f.185E35FC6384979D85E72AD7E1746CD8.d.F0E5CF0A9320A528320E99CF039AC248.e.3388","ELEMENT":"f.185E35FC6384979D85E72AD7E1746CD8.d.F0E5CF0A9320A528320E99CF039AC248.e.3388"}]}
COMMAND: GET /session/3097350609915d1f0d0e7f0005360ed5/screenshot - {}
RESULT: {}
RESULT: {"script":"<script> [5351 bytes]","args":[{"element-6066-11e4-a52e-4f735466cecf":"f.185E35FC6384979D85E72AD7E1746CD8.d.F0E5CF0A9320A528320E99CF039AC248.e.3388","ELEMENT":"f.185E35FC6384979D85E72AD7E1746CD8.d.F0E5CF0A9320A528320E99CF039AC248.e.3388"}]}
COMMAND: POST /session/3097350609915d1f0d0e7f0005360ed5/element/f.185E35FC6384979D85E72AD7E1746CD8.d.F0E5CF0A9320A528320E99CF039AC248.e.3388/click - {}
COMMAND: GET /session/3097350609915d1f0d0e7f0005360ed5/screenshot - {}
RESULT: {}
RESULT: {}
COMMAND: GET /session/3097350609915d1f0d0e7f0005360ed5/screenshot - {}
RESULT: {}
RESULT: {}
COMMAND: POST /session/3097350609915d1f0d0e7f0005360ed5/actions - {"actions":[{"id":"action13","type":"key","parameters":{},"actions":[{"type":"keyDown","value":"î€‡"},{"type":"pause","duration":10},{"type":"keyUp","value":"î€‡"}]}]}
RESULT: {"actions":[{"id":"action13","type":"key","parameters":{},"actions":[{"type":"keyDown","value":"î€‡"},{"type":"pause","duration":10},{"type":"keyUp","value":"î€‡"}]}]}
COMMAND: GET /session/3097350609915d1f0d0e7f0005360ed5/screenshot - {}
RESULT: {}
COMMAND: POST /session/3097350609915d1f0d0e7f0005360ed5/execute/async - {"script":"<script> [1562 bytes]","args":[{"selector":{"id":"application-manageconditionprice-display-component---newCondition--condBillCond-arrow"},"wdio_ui5_key":"applicationmanageconditionprice-display-component---newCondition--condBillCond-arrow"}]}
RESULT: {"script":"<script> [1562 bytes]","args":[{"selector":{"id":"application-manageconditionprice-display-component---newCondition--condBillCond-arrow"},"wdio_ui5_key":"applicationmanageconditionprice-display-component---newCondition--condBillCond-arrow"}]}
RESULT: undefined
COMMAND: POST /session/3097350609915d1f0d0e7f0005360ed5/element - {"using":"xpath","value":"//*[@id=\"application-manageconditionprice-display-component---newCondition--condBillCond-arrow\"]"}
RESULT: {"using":"xpath","value":"//*[@id=\"application-manageconditionprice-display-component---newCondition--condBillCond-arrow\"]"}
COMMAND: POST /session/3097350609915d1f0d0e7f0005360ed5/element/f.185E35FC6384979D85E72AD7E1746CD8.d.F0E5CF0A9320A528320E99CF039AC248.e.3564/click - {}
RESULT: {}
COMMAND: GET /session/3097350609915d1f0d0e7f0005360ed5/screenshot - {}
RESULT: {}
COMMAND: POST /session/3097350609915d1f0d0e7f0005360ed5/element - {"using":"xpath","value":"//li[.//span[contains(text(), \"DISP - D&I special price\")]]"}
RESULT: {"using":"xpath","value":"//li[.//span[contains(text(), \"DISP - D&I special price\")]]"}
COMMAND: POST /session/3097350609915d1f0d0e7f0005360ed5/element/f.185E35FC6384979D85E72AD7E1746CD8.d.F0E5CF0A9320A528320E99CF039AC248.e.3567/click - {}
RESULT: {}
COMMAND: GET /session/3097350609915d1f0d0e7f0005360ed5/screenshot - {}
RESULT: {}
COMMAND: POST /session/3097350609915d1f0d0e7f0005360ed5/execute/async - {"script":"<script> [1562 bytes]","args":[{"selector":{"id":"application-manageconditionprice-display-component---newCondition--condValidTo","interaction":{"idSuffix":"inner"}},"wdio_ui5_key":"applicationmanageconditionprice-display-component---newCondition--condValidTo"}]}
RESULT: {"script":"<script> [1562 bytes]","args":[{"selector":{"id":"application-manageconditionprice-display-component---newCondition--condValidTo","interaction":{"idSuffix":"inner"}},"wdio_ui5_key":"applicationmanageconditionprice-display-component---newCondition--condValidTo"}]}
RESULT: undefined
COMMAND: POST /session/3097350609915d1f0d0e7f0005360ed5/execute/async - {"script":"<script> [776 bytes]","args":[{"enterText":"1/18/26","selector":{"id":"application-manageconditionprice-display-component---newCondition--condValidTo","interaction":{"idSuffix":"inner"}},"clearTextFirst":true,"interactionType":"ENTER_TEXT"}]}
RESULT: {"script":"<script> [776 bytes]","args":[{"enterText":"1/18/26","selector":{"id":"application-manageconditionprice-display-component---newCondition--condValidTo","interaction":{"idSuffix":"inner"}},"clearTextFirst":true,"interactionType":"ENTER_TEXT"}]}
COMMAND: POST /session/3097350609915d1f0d0e7f0005360ed5/element - {"using":"xpath","value":"//input[@id=\"application-manageconditionprice-display-component---newCondition--condRU-inner\"]"}
RESULT: {"using":"xpath","value":"//input[@id=\"application-manageconditionprice-display-component---newCondition--condRU-inner\"]"}
COMMAND: POST /session/3097350609915d1f0d0e7f0005360ed5/element/f.185E35FC6384979D85E72AD7E1746CD8.d.F0E5CF0A9320A528320E99CF039AC248.e.3430/clear - {}
RESULT: {}
COMMAND: POST /session/3097350609915d1f0d0e7f0005360ed5/element/f.185E35FC6384979D85E72AD7E1746CD8.d.F0E5CF0A9320A528320E99CF039AC248.e.3430/value - {"text":"bbn54CG11Z"}
COMMAND: GET /session/3097350609915d1f0d0e7f0005360ed5/screenshot - {}
RESULT: {"text":"bbn54CG11Z"}
COMMAND: GET /session/3097350609915d1f0d0e7f0005360ed5/screenshot - {}
RESULT: {}
RESULT: {}
COMMAND: POST /session/3097350609915d1f0d0e7f0005360ed5/actions - {"actions":[{"id":"action14","type":"key","parameters":{},"actions":[{"type":"keyDown","value":"î€‡"},{"type":"pause","duration":10},{"type":"keyUp","value":"î€‡"}]}]}
RESULT: {"actions":[{"id":"action14","type":"key","parameters":{},"actions":[{"type":"keyDown","value":"î€‡"},{"type":"pause","duration":10},{"type":"keyUp","value":"î€‡"}]}]}
COMMAND: POST /session/3097350609915d1f0d0e7f0005360ed5/execute/async - {"script":"<script> [1562 bytes]","args":[{"selector":{"id":"application-manageconditionprice-display-component---newCondition--condBaseQty","interaction":{"idSuffix":"inner"}},"wdio_ui5_key":"applicationmanageconditionprice-display-component---newCondition--condBaseQty"}]}
COMMAND: GET /session/3097350609915d1f0d0e7f0005360ed5/screenshot - {}
RESULT: {"script":"<script> [1562 bytes]","args":[{"selector":{"id":"application-manageconditionprice-display-component---newCondition--condBaseQty","interaction":{"idSuffix":"inner"}},"wdio_ui5_key":"applicationmanageconditionprice-display-component---newCondition--condBaseQty"}]}
RESULT: undefined
COMMAND: POST /session/3097350609915d1f0d0e7f0005360ed5/execute/async - {"script":"<script> [776 bytes]","args":[{"enterText":"1","selector":{"id":"application-manageconditionprice-display-component---newCondition--condBaseQty","interaction":{"idSuffix":"inner"}},"clearTextFirst":true,"interactionType":"ENTER_TEXT"}]}
RESULT: {}
RESULT: {"script":"<script> [776 bytes]","args":[{"enterText":"1","selector":{"id":"application-manageconditionprice-display-component---newCondition--condBaseQty","interaction":{"idSuffix":"inner"}},"clearTextFirst":true,"interactionType":"ENTER_TEXT"}]}
COMMAND: POST /session/3097350609915d1f0d0e7f0005360ed5/execute/async - {"script":"<script> [1562 bytes]","args":[{"selector":{"id":"application-manageconditionprice-display-component---newCondition--condValue","interaction":{"idSuffix":"inner"}},"wdio_ui5_key":"applicationmanageconditionprice-display-component---newCondition--condValue"}]}
RESULT: {"script":"<script> [1562 bytes]","args":[{"selector":{"id":"application-manageconditionprice-display-component---newCondition--condValue","interaction":{"idSuffix":"inner"}},"wdio_ui5_key":"applicationmanageconditionprice-display-component---newCondition--condValue"}]}
RESULT: undefined
COMMAND: POST /session/3097350609915d1f0d0e7f0005360ed5/execute/async - {"script":"<script> [776 bytes]","args":[{"enterText":"100","selector":{"id":"application-manageconditionprice-display-component---newCondition--condValue","interaction":{"idSuffix":"inner"}},"clearTextFirst":true,"interactionType":"ENTER_TEXT"}]}
RESULT: {"script":"<script> [776 bytes]","args":[{"enterText":"100","selector":{"id":"application-manageconditionprice-display-component---newCondition--condValue","interaction":{"idSuffix":"inner"}},"clearTextFirst":true,"interactionType":"ENTER_TEXT"}]}
COMMAND: POST /session/3097350609915d1f0d0e7f0005360ed5/execute/async - {"script":"<script> [1562 bytes]","args":[{"selector":{"id":"application-manageconditionprice-display-component---newCondition--condCurr-arrow"},"wdio_ui5_key":"applicationmanageconditionprice-display-component---newCondition--condCurr-arrow"}]}
RESULT: {"script":"<script> [1562 bytes]","args":[{"selector":{"id":"application-manageconditionprice-display-component---newCondition--condCurr-arrow"},"wdio_ui5_key":"applicationmanageconditionprice-display-component---newCondition--condCurr-arrow"}]}
RESULT: undefined
COMMAND: POST /session/3097350609915d1f0d0e7f0005360ed5/element - {"using":"xpath","value":"//*[@id=\"application-manageconditionprice-display-component---newCondition--condCurr-arrow\"]"}
RESULT: {"using":"xpath","value":"//*[@id=\"application-manageconditionprice-display-component---newCondition--condCurr-arrow\"]"}
COMMAND: POST /session/3097350609915d1f0d0e7f0005360ed5/element/f.185E35FC6384979D85E72AD7E1746CD8.d.F0E5CF0A9320A528320E99CF039AC248.e.3546/click - {}
RESULT: {}
COMMAND: POST /session/3097350609915d1f0d0e7f0005360ed5/element - {"using":"xpath","value":"//span[contains(text(), \"Euro\")]"}
COMMAND: GET /session/3097350609915d1f0d0e7f0005360ed5/screenshot - {}
RESULT: {"using":"xpath","value":"//span[contains(text(), \"Euro\")]"}
COMMAND: POST /session/3097350609915d1f0d0e7f0005360ed5/element/f.185E35FC6384979D85E72AD7E1746CD8.d.F0E5CF0A9320A528320E99CF039AC248.e.3604/click - {}
RESULT: {}
RESULT: {}
COMMAND: POST /session/3097350609915d1f0d0e7f0005360ed5/element - {"using":"xpath","value":"//button[@data-kt=\"saveButton\"]"}
COMMAND: GET /session/3097350609915d1f0d0e7f0005360ed5/screenshot - {}
RESULT: {"using":"xpath","value":"//button[@data-kt=\"saveButton\"]"}
COMMAND: POST /session/3097350609915d1f0d0e7f0005360ed5/element/f.185E35FC6384979D85E72AD7E1746CD8.d.F0E5CF0A9320A528320E99CF039AC248.e.3547/click - {}
RESULT: {}
RESULT: {}
COMMAND: GET /session/3097350609915d1f0d0e7f0005360ed5/screenshot - {}
RESULT: {}
COMMAND: POST /session/3097350609915d1f0d0e7f0005360ed5/execute/async - {"script":"<script> [1562 bytes]","args":[{"selector":{"id":"application-manageconditionprice-display-component---conditions--smartFilterBar-btnBasicSearch","interaction":{"idSuffix":"I"}},"wdio_ui5_key":"applicationmanageconditionprice-display-component---conditions--smartFilterBar-btnBasicSearch"}]}
RESULT: {"script":"<script> [1562 bytes]","args":[{"selector":{"id":"application-manageconditionprice-display-component---conditions--smartFilterBar-btnBasicSearch","interaction":{"idSuffix":"I"}},"wdio_ui5_key":"applicationmanageconditionprice-display-component---conditions--smartFilterBar-btnBasicSearch"}]}
RESULT: undefined
COMMAND: POST /session/3097350609915d1f0d0e7f0005360ed5/execute/async - {"script":"<script> [776 bytes]","args":[{"enterText":"bbn54CG11Z","selector":{"id":"application-manageconditionprice-display-component---conditions--smartFilterBar-btnBasicSearch","interaction":{"idSuffix":"I"}},"clearTextFirst":true,"interactionType":"ENTER_TEXT"}]}
RESULT: {"script":"<script> [776 bytes]","args":[{"enterText":"bbn54CG11Z","selector":{"id":"application-manageconditionprice-display-component---conditions--smartFilterBar-btnBasicSearch","interaction":{"idSuffix":"I"}},"clearTextFirst":true,"interactionType":"ENTER_TEXT"}]}
COMMAND: POST /session/3097350609915d1f0d0e7f0005360ed5/actions - {"actions":[{"id":"action15","type":"key","parameters":{},"actions":[{"type":"keyDown","value":"î€‡"},{"type":"pause","duration":10},{"type":"keyUp","value":"î€‡"}]}]}
RESULT: {"actions":[{"id":"action15","type":"key","parameters":{},"actions":[{"type":"keyDown","value":"î€‡"},{"type":"pause","duration":10},{"type":"keyUp","value":"î€‡"}]}]}
COMMAND: GET /session/3097350609915d1f0d0e7f0005360ed5/screenshot - {}
RESULT: {}
COMMAND: POST /session/3097350609915d1f0d0e7f0005360ed5/execute/async - {"script":"<script> [1562 bytes]","args":[{"selector":{"id":"application-manageconditionprice-display-component---conditions--smartFilterBar-filterItemControl_BASIC-BILL_TYPES-vhi"},"wdio_ui5_key":"applicationmanageconditionprice-display-component---conditions--smartFilterBar-filterItemControl_BASIC-BILL_TYPES-vhi"}]}
RESULT: {"script":"<script> [1562 bytes]","args":[{"selector":{"id":"application-manageconditionprice-display-component---conditions--smartFilterBar-filterItemControl_BASIC-BILL_TYPES-vhi"},"wdio_ui5_key":"applicationmanageconditionprice-display-component---conditions--smartFilterBar-filterItemControl_BASIC-BILL_TYPES-vhi"}]}
RESULT: undefined
COMMAND: POST /session/3097350609915d1f0d0e7f0005360ed5/element - {"using":"xpath","value":"//*[@id=\"application-manageconditionprice-display-component---conditions--smartFilterBar-filterItemControl_BASIC-BILL_TYPES-vhi\"]"}
RESULT: {"using":"xpath","value":"//*[@id=\"application-manageconditionprice-display-component---conditions--smartFilterBar-filterItemControl_BASIC-BILL_TYPES-vhi\"]"}
COMMAND: POST /session/3097350609915d1f0d0e7f0005360ed5/element/f.185E35FC6384979D85E72AD7E1746CD8.d.F0E5CF0A9320A528320E99CF039AC248.e.3621/click - {}
RESULT: {}
COMMAND: POST /session/3097350609915d1f0d0e7f0005360ed5/execute/async - {"script":"<script> [1562 bytes]","args":[{"selector":{"id":"application-manageconditionprice-display-component---conditions--smartFilterBar-filterItemControl_BASIC-BILL_TYPES-valueHelpDialog-smartFilterBar-btnBasicSearch","searchOpenDialogs":true,"interaction":{"idSuffix":"I"}},"wdio_ui5_key":"applicationmanageconditionprice-display-component---conditions--smartFilterBar-filterItemControl_BASIC-BILL_TYPES-valueHelpDialog-smartFilterBar-btnBasicSearch"}]}
COMMAND: GET /session/3097350609915d1f0d0e7f0005360ed5/screenshot - {}
RESULT: {"script":"<script> [1562 bytes]","args":[{"selector":{"id":"application-manageconditionprice-display-component---conditions--smartFilterBar-filterItemControl_BASIC-BILL_TYPES-valueHelpDialog-smartFilterBar-btnBasicSearch","searchOpenDialogs":true,"interaction":{"idSuffix":"I"}},"wdio_ui5_key":"applicationmanageconditionprice-display-component---conditions--smartFilterBar-filterItemControl_BASIC-BILL_TYPES-valueHelpDialog-smartFilterBar-btnBasicSearch"}]}
RESULT: undefined
COMMAND: POST /session/3097350609915d1f0d0e7f0005360ed5/execute/async - {"script":"<script> [776 bytes]","args":[{"enterText":"TB","selector":{"id":"application-manageconditionprice-display-component---conditions--smartFilterBar-filterItemControl_BASIC-BILL_TYPES-valueHelpDialog-smartFilterBar-btnBasicSearch","searchOpenDialogs":true,"interaction":{"idSuffix":"I"}},"clearTextFirst":true,"interactionType":"ENTER_TEXT"}]}
RESULT: {}
RESULT: {"script":"<script> [776 bytes]","args":[{"enterText":"TB","selector":{"id":"application-manageconditionprice-display-component---conditions--smartFilterBar-filterItemControl_BASIC-BILL_TYPES-valueHelpDialog-smartFilterBar-btnBasicSearch","searchOpenDialogs":true,"interaction":{"idSuffix":"I"}},"clearTextFirst":true,"interactionType":"ENTER_TEXT"}]}
COMMAND: POST /session/3097350609915d1f0d0e7f0005360ed5/actions - {"actions":[{"id":"action16","type":"key","parameters":{},"actions":[{"type":"keyDown","value":"î€‡"},{"type":"pause","duration":10},{"type":"keyUp","value":"î€‡"}]}]}
RESULT: {"actions":[{"id":"action16","type":"key","parameters":{},"actions":[{"type":"keyDown","value":"î€‡"},{"type":"pause","duration":10},{"type":"keyUp","value":"î€‡"}]}]}
COMMAND: GET /session/3097350609915d1f0d0e7f0005360ed5/screenshot - {}
RESULT: {}
COMMAND: POST /session/3097350609915d1f0d0e7f0005360ed5/element - {"using":"xpath","value":"//div[contains(@id, 'application-manageconditionprice-display-component---conditions--smartFilterBar-filterItemControl_BASIC-BILL_TYPES-valueHelpDialog-table-rowsel0')]"}
RESULT: {"using":"xpath","value":"//div[contains(@id, 'application-manageconditionprice-display-component---conditions--smartFilterBar-filterItemControl_BASIC-BILL_TYPES-valueHelpDialog-table-rowsel0')]"}
COMMAND: POST /session/3097350609915d1f0d0e7f0005360ed5/element/f.185E35FC6384979D85E72AD7E1746CD8.d.F0E5CF0A9320A528320E99CF039AC248.e.3631/click - {}
RESULT: {}
COMMAND: GET /session/3097350609915d1f0d0e7f0005360ed5/screenshot - {}
RESULT: {}
COMMAND: POST /session/3097350609915d1f0d0e7f0005360ed5/element - {"using":"xpath","value":"//bdi[contains(text(), \"OK\")]"}
RESULT: {"using":"xpath","value":"//bdi[contains(text(), \"OK\")]"}
COMMAND: POST /session/3097350609915d1f0d0e7f0005360ed5/element/f.185E35FC6384979D85E72AD7E1746CD8.d.F0E5CF0A9320A528320E99CF039AC248.e.3633/click - {}
RESULT: {}
COMMAND: GET /session/3097350609915d1f0d0e7f0005360ed5/screenshot - {}
RESULT: {}
COMMAND: POST /session/3097350609915d1f0d0e7f0005360ed5/element - {"using":"xpath","value":"//span[@id=\"application-manageconditionprice-display-component---conditions--smartTable-header-inner\"]"}
RESULT: {"using":"xpath","value":"//span[@id=\"application-manageconditionprice-display-component---conditions--smartTable-header-inner\"]"}
COMMAND: POST /session/3097350609915d1f0d0e7f0005360ed5/elements - {"using":"xpath","value":"//span[@id=\"application-manageconditionprice-display-component---conditions--smartTable-header-inner\"]"}
RESULT: {"using":"xpath","value":"//span[@id=\"application-manageconditionprice-display-component---conditions--smartTable-header-inner\"]"}
COMMAND: POST /session/3097350609915d1f0d0e7f0005360ed5/execute/sync - {"script":"<script> [56 bytes]","args":[{"element-6066-11e4-a52e-4f735466cecf":"f.185E35FC6384979D85E72AD7E1746CD8.d.F0E5CF0A9320A528320E99CF039AC248.e.3636","ELEMENT":"f.185E35FC6384979D85E72AD7E1746CD8.d.F0E5CF0A9320A528320E99CF039AC248.e.3636"}]}
RESULT: {"script":"<script> [56 bytes]","args":[{"element-6066-11e4-a52e-4f735466cecf":"f.185E35FC6384979D85E72AD7E1746CD8.d.F0E5CF0A9320A528320E99CF039AC248.e.3636","ELEMENT":"f.185E35FC6384979D85E72AD7E1746CD8.d.F0E5CF0A9320A528320E99CF039AC248.e.3636"}]}
COMMAND: POST /session/3097350609915d1f0d0e7f0005360ed5/element - {"using":"css selector","value":"#shell-header-logo"}
COMMAND: GET /session/3097350609915d1f0d0e7f0005360ed5/screenshot - {}
RESULT: {"using":"css selector","value":"#shell-header-logo"}
COMMAND: POST /session/3097350609915d1f0d0e7f0005360ed5/element/f.185E35FC6384979D85E72AD7E1746CD8.d.F0E5CF0A9320A528320E99CF039AC248.e.3356/click - {}
RESULT: {}
RESULT: {}
COMMAND: GET /session/3097350609915d1f0d0e7f0005360ed5/screenshot - {}
RESULT: {}
]]></system-out>
    </testcase>
    <testcase classname="chrome.136_0_7103_93.windows.Billing_confirm_US117289" name="Should do a stock increase" time="82.697">
      <system-out><![CDATA[
COMMAND: POST /session/3097350609915d1f0d0e7f0005360ed5/execute/async - {"script":"<script> [1562 bytes]","args":[{"selector":{"controlType":"sap.m.GenericTile","properties":{"header":"Manage Handovers"}},"wdio_ui5_key":"sapm.GenericTile{\"header\":\"Manage Handovers\"}"}]}
RESULT: {"script":"<script> [1562 bytes]","args":[{"selector":{"controlType":"sap.m.GenericTile","properties":{"header":"Manage Handovers"}},"wdio_ui5_key":"sapm.GenericTile{\"header\":\"Manage Handovers\"}"}]}
RESULT: undefined
COMMAND: POST /session/3097350609915d1f0d0e7f0005360ed5/element - {"using":"xpath","value":"//*[@id=\"__tile131\"]"}
RESULT: {"using":"xpath","value":"//*[@id=\"__tile131\"]"}
COMMAND: POST /session/3097350609915d1f0d0e7f0005360ed5/element/f.185E35FC6384979D85E72AD7E1746CD8.d.F0E5CF0A9320A528320E99CF039AC248.e.232/click - {}
RESULT: {}
COMMAND: GET /session/3097350609915d1f0d0e7f0005360ed5/screenshot - {}
RESULT: {}
COMMAND: POST /session/3097350609915d1f0d0e7f0005360ed5/elements - {"using":"xpath","value":"//span[text()='Error']"}
RESULT: {"using":"xpath","value":"//span[text()='Error']"}
COMMAND: POST /session/3097350609915d1f0d0e7f0005360ed5/element - {"using":"xpath","value":"//button[@data-kt=\"masterHOAddButton\"]"}
RESULT: {"using":"xpath","value":"//button[@data-kt=\"masterHOAddButton\"]"}
COMMAND: POST /session/3097350609915d1f0d0e7f0005360ed5/elements - {"using":"xpath","value":"//button[@data-kt=\"masterHOAddButton\"]"}
RESULT: {"using":"xpath","value":"//button[@data-kt=\"masterHOAddButton\"]"}
COMMAND: POST /session/3097350609915d1f0d0e7f0005360ed5/execute/sync - {"script":"<script> [8489 bytes]","args":[{"element-6066-11e4-a52e-4f735466cecf":"f.185E35FC6384979D85E72AD7E1746CD8.d.F0E5CF0A9320A528320E99CF039AC248.e.3680","ELEMENT":"f.185E35FC6384979D85E72AD7E1746CD8.d.F0E5CF0A9320A528320E99CF039AC248.e.3680"}]}
RESULT: {"script":"<script> [8489 bytes]","args":[{"element-6066-11e4-a52e-4f735466cecf":"f.185E35FC6384979D85E72AD7E1746CD8.d.F0E5CF0A9320A528320E99CF039AC248.e.3680","ELEMENT":"f.185E35FC6384979D85E72AD7E1746CD8.d.F0E5CF0A9320A528320E99CF039AC248.e.3680"}]}
COMMAND: GET /session/3097350609915d1f0d0e7f0005360ed5/element/f.185E35FC6384979D85E72AD7E1746CD8.d.F0E5CF0A9320A528320E99CF039AC248.e.3680/enabled - {}
COMMAND: GET /session/3097350609915d1f0d0e7f0005360ed5/screenshot - {}
RESULT: {}
COMMAND: POST /session/3097350609915d1f0d0e7f0005360ed5/execute/sync - {"script":"<script> [8489 bytes]","args":[{"element-6066-11e4-a52e-4f735466cecf":"f.185E35FC6384979D85E72AD7E1746CD8.d.F0E5CF0A9320A528320E99CF039AC248.e.3680","ELEMENT":"f.185E35FC6384979D85E72AD7E1746CD8.d.F0E5CF0A9320A528320E99CF039AC248.e.3680"}]}
COMMAND: GET /session/3097350609915d1f0d0e7f0005360ed5/screenshot - {}
RESULT: {}
RESULT: {"script":"<script> [8489 bytes]","args":[{"element-6066-11e4-a52e-4f735466cecf":"f.185E35FC6384979D85E72AD7E1746CD8.d.F0E5CF0A9320A528320E99CF039AC248.e.3680","ELEMENT":"f.185E35FC6384979D85E72AD7E1746CD8.d.F0E5CF0A9320A528320E99CF039AC248.e.3680"}]}
COMMAND: POST /session/3097350609915d1f0d0e7f0005360ed5/execute/sync - {"script":"<script> [5351 bytes]","args":[{"element-6066-11e4-a52e-4f735466cecf":"f.185E35FC6384979D85E72AD7E1746CD8.d.F0E5CF0A9320A528320E99CF039AC248.e.3680","ELEMENT":"f.185E35FC6384979D85E72AD7E1746CD8.d.F0E5CF0A9320A528320E99CF039AC248.e.3680"}]}
COMMAND: GET /session/3097350609915d1f0d0e7f0005360ed5/screenshot - {}
RESULT: {}
RESULT: {"script":"<script> [5351 bytes]","args":[{"element-6066-11e4-a52e-4f735466cecf":"f.185E35FC6384979D85E72AD7E1746CD8.d.F0E5CF0A9320A528320E99CF039AC248.e.3680","ELEMENT":"f.185E35FC6384979D85E72AD7E1746CD8.d.F0E5CF0A9320A528320E99CF039AC248.e.3680"}]}
COMMAND: POST /session/3097350609915d1f0d0e7f0005360ed5/element/f.185E35FC6384979D85E72AD7E1746CD8.d.F0E5CF0A9320A528320E99CF039AC248.e.3680/click - {}
COMMAND: GET /session/3097350609915d1f0d0e7f0005360ed5/screenshot - {}
RESULT: {}
RESULT: {}
RESULT: {}
COMMAND: GET /session/3097350609915d1f0d0e7f0005360ed5/screenshot - {}
RESULT: {}
COMMAND: POST /session/3097350609915d1f0d0e7f0005360ed5/element - {"using":"xpath","value":"//span[contains(@id ,\"AddNewHO--typeSelect-arrow\")]"}
RESULT: {"using":"xpath","value":"//span[contains(@id ,\"AddNewHO--typeSelect-arrow\")]"}
COMMAND: POST /session/3097350609915d1f0d0e7f0005360ed5/element/f.185E35FC6384979D85E72AD7E1746CD8.d.F0E5CF0A9320A528320E99CF039AC248.e.4042/click - {}
RESULT: {}
COMMAND: GET /session/3097350609915d1f0d0e7f0005360ed5/screenshot - {}
RESULT: {}
COMMAND: POST /session/3097350609915d1f0d0e7f0005360ed5/element - {"using":"xpath","value":"(//li[contains(text(), \"stock increase yard\")])[1]"}
RESULT: {"using":"xpath","value":"(//li[contains(text(), \"stock increase yard\")])[1]"}
COMMAND: POST /session/3097350609915d1f0d0e7f0005360ed5/element/f.185E35FC6384979D85E72AD7E1746CD8.d.F0E5CF0A9320A528320E99CF039AC248.e.4043/click - {}
RESULT: {}
COMMAND: GET /session/3097350609915d1f0d0e7f0005360ed5/screenshot - {}
RESULT: {}
COMMAND: POST /session/3097350609915d1f0d0e7f0005360ed5/execute/async - {"script":"<script> [1562 bytes]","args":[{"selector":{"id":"application-managehandovers-display-component---AddNewHO--dueDate","interaction":{"idSuffix":"inner"}},"wdio_ui5_key":"applicationmanagehandovers-display-component---AddNewHO--dueDate"}]}
RESULT: {"script":"<script> [1562 bytes]","args":[{"selector":{"id":"application-managehandovers-display-component---AddNewHO--dueDate","interaction":{"idSuffix":"inner"}},"wdio_ui5_key":"applicationmanagehandovers-display-component---AddNewHO--dueDate"}]}
RESULT: undefined
COMMAND: POST /session/3097350609915d1f0d0e7f0005360ed5/execute/async - {"script":"<script> [6424 bytes]","args":[{"element-6066-11e4-a52e-4f735466cecf":"f.185E35FC6384979D85E72AD7E1746CD8.d.F0E5CF0A9320A528320E99CF039AC248.e.4045"},"setValue",["5/18/25"]]}
RESULT: {"script":"<script> [6424 bytes]","args":[{"element-6066-11e4-a52e-4f735466cecf":"f.185E35FC6384979D85E72AD7E1746CD8.d.F0E5CF0A9320A528320E99CF039AC248.e.4045"},"setValue",["5/18/25"]]}
COMMAND: POST /session/3097350609915d1f0d0e7f0005360ed5/element - {"using":"xpath","value":"//input[@id=\"generalSectionFrg--receiveYard-inner\"]"}
RESULT: {"using":"xpath","value":"//input[@id=\"generalSectionFrg--receiveYard-inner\"]"}
COMMAND: POST /session/3097350609915d1f0d0e7f0005360ed5/element/f.185E35FC6384979D85E72AD7E1746CD8.d.F0E5CF0A9320A528320E99CF039AC248.e.4049/clear - {}
RESULT: {}
COMMAND: POST /session/3097350609915d1f0d0e7f0005360ed5/element/f.185E35FC6384979D85E72AD7E1746CD8.d.F0E5CF0A9320A528320E99CF039AC248.e.4049/value - {"text":"527"}
COMMAND: GET /session/3097350609915d1f0d0e7f0005360ed5/screenshot - {}
RESULT: {"text":"527"}
COMMAND: GET /session/3097350609915d1f0d0e7f0005360ed5/screenshot - {}
RESULT: {}
RESULT: {}
COMMAND: POST /session/3097350609915d1f0d0e7f0005360ed5/element - {"using":"xpath","value":"//li[.//span[text()='527']]"}
RESULT: {"using":"xpath","value":"//li[.//span[text()='527']]"}
COMMAND: POST /session/3097350609915d1f0d0e7f0005360ed5/element/f.185E35FC6384979D85E72AD7E1746CD8.d.F0E5CF0A9320A528320E99CF039AC248.e.4067/click - {}
RESULT: {}
COMMAND: GET /session/3097350609915d1f0d0e7f0005360ed5/screenshot - {}
RESULT: {}
COMMAND: POST /session/3097350609915d1f0d0e7f0005360ed5/execute/async - {"script":"<script> [1562 bytes]","args":[{"selector":{"id":"application-managehandovers-display-component---AddNewHO--ObjectPageLayout-anchBar-application-managehandovers-display-component---AddNewHO--section4-anchor","interaction":{"idSuffix":"BDI-content"}},"wdio_ui5_key":"applicationmanagehandovers-display-component---AddNewHO--ObjectPageLayout-anchBar-application-managehandovers-display-component---AddNewHO--section4-anchor"}]}
RESULT: {"script":"<script> [1562 bytes]","args":[{"selector":{"id":"application-managehandovers-display-component---AddNewHO--ObjectPageLayout-anchBar-application-managehandovers-display-component---AddNewHO--section4-anchor","interaction":{"idSuffix":"BDI-content"}},"wdio_ui5_key":"applicationmanagehandovers-display-component---AddNewHO--ObjectPageLayout-anchBar-application-managehandovers-display-component---AddNewHO--section4-anchor"}]}
RESULT: undefined
COMMAND: POST /session/3097350609915d1f0d0e7f0005360ed5/element - {"using":"xpath","value":"//*[@id=\"application-managehandovers-display-component---AddNewHO--ObjectPageLayout-anchBar-application-managehandovers-display-component---AddNewHO--section4-anchor\"]"}
RESULT: {"using":"xpath","value":"//*[@id=\"application-managehandovers-display-component---AddNewHO--ObjectPageLayout-anchBar-application-managehandovers-display-component---AddNewHO--section4-anchor\"]"}
COMMAND: POST /session/3097350609915d1f0d0e7f0005360ed5/element/f.185E35FC6384979D85E72AD7E1746CD8.d.F0E5CF0A9320A528320E99CF039AC248.e.4069/click - {}
RESULT: {}
COMMAND: POST /session/3097350609915d1f0d0e7f0005360ed5/element - {"using":"xpath","value":"//button[@aria-label=\"Add\"]"}
COMMAND: GET /session/3097350609915d1f0d0e7f0005360ed5/screenshot - {}
RESULT: {"using":"xpath","value":"//button[@aria-label=\"Add\"]"}
COMMAND: POST /session/3097350609915d1f0d0e7f0005360ed5/element/f.185E35FC6384979D85E72AD7E1746CD8.d.F0E5CF0A9320A528320E99CF039AC248.e.4071/click - {}
RESULT: {}
RESULT: {}
COMMAND: GET /session/3097350609915d1f0d0e7f0005360ed5/screenshot - {}
RESULT: {}
COMMAND: POST /session/3097350609915d1f0d0e7f0005360ed5/execute/async - {"script":"<script> [1562 bytes]","args":[{"selector":{"id":"application-managehandovers-display-component---AddNewHO--smartFilterBar-btnBasicSearch","searchOpenDialogs":true,"interaction":{"idSuffix":"I"}},"wdio_ui5_key":"applicationmanagehandovers-display-component---AddNewHO--smartFilterBar-btnBasicSearch"}]}
RESULT: {"script":"<script> [1562 bytes]","args":[{"selector":{"id":"application-managehandovers-display-component---AddNewHO--smartFilterBar-btnBasicSearch","searchOpenDialogs":true,"interaction":{"idSuffix":"I"}},"wdio_ui5_key":"applicationmanagehandovers-display-component---AddNewHO--smartFilterBar-btnBasicSearch"}]}
RESULT: undefined
COMMAND: POST /session/3097350609915d1f0d0e7f0005360ed5/execute/async - {"script":"<script> [776 bytes]","args":[{"enterText":"bbn54CG11Z","selector":{"id":"application-managehandovers-display-component---AddNewHO--smartFilterBar-btnBasicSearch","searchOpenDialogs":true,"interaction":{"idSuffix":"I"}},"clearTextFirst":true,"interactionType":"ENTER_TEXT"}]}
RESULT: {"script":"<script> [776 bytes]","args":[{"enterText":"bbn54CG11Z","selector":{"id":"application-managehandovers-display-component---AddNewHO--smartFilterBar-btnBasicSearch","searchOpenDialogs":true,"interaction":{"idSuffix":"I"}},"clearTextFirst":true,"interactionType":"ENTER_TEXT"}]}
COMMAND: POST /session/3097350609915d1f0d0e7f0005360ed5/actions - {"actions":[{"id":"action17","type":"key","parameters":{},"actions":[{"type":"keyDown","value":"î€‡"},{"type":"pause","duration":10},{"type":"keyUp","value":"î€‡"}]}]}
RESULT: {"actions":[{"id":"action17","type":"key","parameters":{},"actions":[{"type":"keyDown","value":"î€‡"},{"type":"pause","duration":10},{"type":"keyUp","value":"î€‡"}]}]}
COMMAND: GET /session/3097350609915d1f0d0e7f0005360ed5/screenshot - {}
RESULT: {}
COMMAND: POST /session/3097350609915d1f0d0e7f0005360ed5/execute/async - {"script":"<script> [1562 bytes]","args":[{"selector":{"id":"application-managehandovers-display-component---AddNewHO--popup-sa","searchOpenDialogs":true,"interaction":{"idSuffix":"CbBg"}},"wdio_ui5_key":"applicationmanagehandovers-display-component---AddNewHO--popup-sa"}]}
RESULT: {"script":"<script> [1562 bytes]","args":[{"selector":{"id":"application-managehandovers-display-component---AddNewHO--popup-sa","searchOpenDialogs":true,"interaction":{"idSuffix":"CbBg"}},"wdio_ui5_key":"applicationmanagehandovers-display-component---AddNewHO--popup-sa"}]}
RESULT: undefined
COMMAND: POST /session/3097350609915d1f0d0e7f0005360ed5/element - {"using":"xpath","value":"//*[@id=\"application-managehandovers-display-component---AddNewHO--popup-sa\"]"}
RESULT: {"using":"xpath","value":"//*[@id=\"application-managehandovers-display-component---AddNewHO--popup-sa\"]"}
COMMAND: POST /session/3097350609915d1f0d0e7f0005360ed5/element/f.185E35FC6384979D85E72AD7E1746CD8.d.F0E5CF0A9320A528320E99CF039AC248.e.4224/click - {}
RESULT: {}
COMMAND: GET /session/3097350609915d1f0d0e7f0005360ed5/screenshot - {}
RESULT: {}
COMMAND: POST /session/3097350609915d1f0d0e7f0005360ed5/element - {"using":"xpath","value":"//bdi[contains(text(), \"Select\")]"}
RESULT: {"using":"xpath","value":"//bdi[contains(text(), \"Select\")]"}
COMMAND: POST /session/3097350609915d1f0d0e7f0005360ed5/element/f.185E35FC6384979D85E72AD7E1746CD8.d.F0E5CF0A9320A528320E99CF039AC248.e.4225/click - {}
RESULT: {}
COMMAND: GET /session/3097350609915d1f0d0e7f0005360ed5/screenshot - {}
RESULT: {}
COMMAND: POST /session/3097350609915d1f0d0e7f0005360ed5/element - {"using":"xpath","value":"//button[@data-kt=\"AddNewHOSaveButton\"]"}
RESULT: {"using":"xpath","value":"//button[@data-kt=\"AddNewHOSaveButton\"]"}
COMMAND: POST /session/3097350609915d1f0d0e7f0005360ed5/element/f.185E35FC6384979D85E72AD7E1746CD8.d.F0E5CF0A9320A528320E99CF039AC248.e.4229/click - {}
RESULT: {}
COMMAND: GET /session/3097350609915d1f0d0e7f0005360ed5/screenshot - {}
RESULT: {}
COMMAND: POST /session/3097350609915d1f0d0e7f0005360ed5/execute/async - {"script":"<script> [1562 bytes]","args":[{"selector":{"id":"receiptDatePicker","viewName":"etm.portal.ui.managehandovers.view.DetailExecuteHO","interaction":{"idSuffix":"inner"}},"wdio_ui5_key":"receiptDatePickeretmportal.ui.managehandovers.view.DetailExecuteHO"}]}
RESULT: {"script":"<script> [1562 bytes]","args":[{"selector":{"id":"receiptDatePicker","viewName":"etm.portal.ui.managehandovers.view.DetailExecuteHO","interaction":{"idSuffix":"inner"}},"wdio_ui5_key":"receiptDatePickeretmportal.ui.managehandovers.view.DetailExecuteHO"}]}
RESULT: undefined
COMMAND: POST /session/3097350609915d1f0d0e7f0005360ed5/execute/async - {"script":"<script> [6424 bytes]","args":[{"element-6066-11e4-a52e-4f735466cecf":"f.185E35FC6384979D85E72AD7E1746CD8.d.F0E5CF0A9320A528320E99CF039AC248.e.4250"},"setValue",["5/18/25"]]}
RESULT: {"script":"<script> [6424 bytes]","args":[{"element-6066-11e4-a52e-4f735466cecf":"f.185E35FC6384979D85E72AD7E1746CD8.d.F0E5CF0A9320A528320E99CF039AC248.e.4250"},"setValue",["5/18/25"]]}
COMMAND: POST /session/3097350609915d1f0d0e7f0005360ed5/element - {"using":"xpath","value":"//button[@data-kt=\"PickingTableConfirmAllButton\"]"}
RESULT: {"using":"xpath","value":"//button[@data-kt=\"PickingTableConfirmAllButton\"]"}
COMMAND: POST /session/3097350609915d1f0d0e7f0005360ed5/element/f.185E35FC6384979D85E72AD7E1746CD8.d.F0E5CF0A9320A528320E99CF039AC248.e.4264/click - {}
RESULT: {}
COMMAND: GET /session/3097350609915d1f0d0e7f0005360ed5/screenshot - {}
RESULT: {}
COMMAND: POST /session/3097350609915d1f0d0e7f0005360ed5/element - {"using":"xpath","value":"//bdi[contains(text(), \"OK\")]"}
RESULT: {"using":"xpath","value":"//bdi[contains(text(), \"OK\")]"}
COMMAND: POST /session/3097350609915d1f0d0e7f0005360ed5/element/f.185E35FC6384979D85E72AD7E1746CD8.d.F0E5CF0A9320A528320E99CF039AC248.e.4266/click - {}
RESULT: {}
COMMAND: GET /session/3097350609915d1f0d0e7f0005360ed5/screenshot - {}
RESULT: {}
COMMAND: POST /session/3097350609915d1f0d0e7f0005360ed5/element - {"using":"xpath","value":"(//bdi[contains(text(), \"Receive\")])[2]"}
RESULT: {"using":"xpath","value":"(//bdi[contains(text(), \"Receive\")])[2]"}
COMMAND: POST /session/3097350609915d1f0d0e7f0005360ed5/element/f.185E35FC6384979D85E72AD7E1746CD8.d.F0E5CF0A9320A528320E99CF039AC248.e.4268/click - {}
RESULT: {}
COMMAND: GET /session/3097350609915d1f0d0e7f0005360ed5/screenshot - {}
RESULT: {}
COMMAND: POST /session/3097350609915d1f0d0e7f0005360ed5/element - {"using":"css selector","value":"#shell-header-logo"}
RESULT: {"using":"css selector","value":"#shell-header-logo"}
COMMAND: POST /session/3097350609915d1f0d0e7f0005360ed5/element/f.185E35FC6384979D85E72AD7E1746CD8.d.F0E5CF0A9320A528320E99CF039AC248.e.3643/click - {}
RESULT: {}
COMMAND: GET /session/3097350609915d1f0d0e7f0005360ed5/screenshot - {}
RESULT: {}
]]></system-out>
    </testcase>
    <testcase classname="chrome.136_0_7103_93.windows.Billing_confirm_US117289" name="Should create a new contract" time="62.081">
      <system-out><![CDATA[
COMMAND: POST /session/3097350609915d1f0d0e7f0005360ed5/execute/async - {"script":"<script> [1562 bytes]","args":[{"selector":{"controlType":"sap.m.GenericTile","properties":{"header":"Manage Contracts"}},"wdio_ui5_key":"sapm.GenericTile{\"header\":\"Manage Contracts\"}"}]}
RESULT: {"script":"<script> [1562 bytes]","args":[{"selector":{"controlType":"sap.m.GenericTile","properties":{"header":"Manage Contracts"}},"wdio_ui5_key":"sapm.GenericTile{\"header\":\"Manage Contracts\"}"}]}
RESULT: undefined
COMMAND: POST /session/3097350609915d1f0d0e7f0005360ed5/element - {"using":"xpath","value":"//*[@id=\"__tile130\"]"}
RESULT: {"using":"xpath","value":"//*[@id=\"__tile130\"]"}
COMMAND: POST /session/3097350609915d1f0d0e7f0005360ed5/element/f.185E35FC6384979D85E72AD7E1746CD8.d.F0E5CF0A9320A528320E99CF039AC248.e.163/click - {}
RESULT: {}
COMMAND: GET /session/3097350609915d1f0d0e7f0005360ed5/screenshot - {}
RESULT: {}
COMMAND: POST /session/3097350609915d1f0d0e7f0005360ed5/elements - {"using":"xpath","value":"//span[text()='Error']"}
RESULT: {"using":"xpath","value":"//span[text()='Error']"}
COMMAND: POST /session/3097350609915d1f0d0e7f0005360ed5/element - {"using":"xpath","value":"//button[@data-kt=\"addButton\"]"}
RESULT: {"using":"xpath","value":"//button[@data-kt=\"addButton\"]"}
COMMAND: POST /session/3097350609915d1f0d0e7f0005360ed5/elements - {"using":"xpath","value":"//button[@data-kt=\"addButton\"]"}
RESULT: {"using":"xpath","value":"//button[@data-kt=\"addButton\"]"}
COMMAND: POST /session/3097350609915d1f0d0e7f0005360ed5/execute/sync - {"script":"<script> [8489 bytes]","args":[{"element-6066-11e4-a52e-4f735466cecf":"f.185E35FC6384979D85E72AD7E1746CD8.d.F0E5CF0A9320A528320E99CF039AC248.e.4485","ELEMENT":"f.185E35FC6384979D85E72AD7E1746CD8.d.F0E5CF0A9320A528320E99CF039AC248.e.4485"}]}
RESULT: {"script":"<script> [8489 bytes]","args":[{"element-6066-11e4-a52e-4f735466cecf":"f.185E35FC6384979D85E72AD7E1746CD8.d.F0E5CF0A9320A528320E99CF039AC248.e.4485","ELEMENT":"f.185E35FC6384979D85E72AD7E1746CD8.d.F0E5CF0A9320A528320E99CF039AC248.e.4485"}]}
COMMAND: GET /session/3097350609915d1f0d0e7f0005360ed5/element/f.185E35FC6384979D85E72AD7E1746CD8.d.F0E5CF0A9320A528320E99CF039AC248.e.4485/enabled - {}
COMMAND: GET /session/3097350609915d1f0d0e7f0005360ed5/screenshot - {}
RESULT: {}
COMMAND: POST /session/3097350609915d1f0d0e7f0005360ed5/execute/sync - {"script":"<script> [8489 bytes]","args":[{"element-6066-11e4-a52e-4f735466cecf":"f.185E35FC6384979D85E72AD7E1746CD8.d.F0E5CF0A9320A528320E99CF039AC248.e.4485","ELEMENT":"f.185E35FC6384979D85E72AD7E1746CD8.d.F0E5CF0A9320A528320E99CF039AC248.e.4485"}]}
COMMAND: GET /session/3097350609915d1f0d0e7f0005360ed5/screenshot - {}
RESULT: {}
RESULT: {"script":"<script> [8489 bytes]","args":[{"element-6066-11e4-a52e-4f735466cecf":"f.185E35FC6384979D85E72AD7E1746CD8.d.F0E5CF0A9320A528320E99CF039AC248.e.4485","ELEMENT":"f.185E35FC6384979D85E72AD7E1746CD8.d.F0E5CF0A9320A528320E99CF039AC248.e.4485"}]}
COMMAND: POST /session/3097350609915d1f0d0e7f0005360ed5/execute/sync - {"script":"<script> [5351 bytes]","args":[{"element-6066-11e4-a52e-4f735466cecf":"f.185E35FC6384979D85E72AD7E1746CD8.d.F0E5CF0A9320A528320E99CF039AC248.e.4485","ELEMENT":"f.185E35FC6384979D85E72AD7E1746CD8.d.F0E5CF0A9320A528320E99CF039AC248.e.4485"}]}
COMMAND: GET /session/3097350609915d1f0d0e7f0005360ed5/screenshot - {}
RESULT: {}
RESULT: {"script":"<script> [5351 bytes]","args":[{"element-6066-11e4-a52e-4f735466cecf":"f.185E35FC6384979D85E72AD7E1746CD8.d.F0E5CF0A9320A528320E99CF039AC248.e.4485","ELEMENT":"f.185E35FC6384979D85E72AD7E1746CD8.d.F0E5CF0A9320A528320E99CF039AC248.e.4485"}]}
COMMAND: GET /session/3097350609915d1f0d0e7f0005360ed5/screenshot - {}
RESULT: {}
RESULT: {}
COMMAND: POST /session/3097350609915d1f0d0e7f0005360ed5/element/f.185E35FC6384979D85E72AD7E1746CD8.d.F0E5CF0A9320A528320E99CF039AC248.e.4485/click - {}
RESULT: {}
COMMAND: GET /session/3097350609915d1f0d0e7f0005360ed5/screenshot - {}
RESULT: {}
COMMAND: POST /session/3097350609915d1f0d0e7f0005360ed5/execute/async - {"script":"<script> [1562 bytes]","args":[{"selector":{"id":"application-managecontracts-display-component---AddNewContract--projectDescription","interaction":{"idSuffix":"inner"}},"wdio_ui5_key":"applicationmanagecontracts-display-component---AddNewContract--projectDescription"}]}
RESULT: {"script":"<script> [1562 bytes]","args":[{"selector":{"id":"application-managecontracts-display-component---AddNewContract--projectDescription","interaction":{"idSuffix":"inner"}},"wdio_ui5_key":"applicationmanagecontracts-display-component---AddNewContract--projectDescription"}]}
RESULT: undefined
COMMAND: POST /session/3097350609915d1f0d0e7f0005360ed5/execute/async - {"script":"<script> [776 bytes]","args":[{"enterText":"Contract WDIO","selector":{"id":"application-managecontracts-display-component---AddNewContract--projectDescription","interaction":{"idSuffix":"inner"}},"clearTextFirst":true,"interactionType":"ENTER_TEXT"}]}
RESULT: {"script":"<script> [776 bytes]","args":[{"enterText":"Contract WDIO","selector":{"id":"application-managecontracts-display-component---AddNewContract--projectDescription","interaction":{"idSuffix":"inner"}},"clearTextFirst":true,"interactionType":"ENTER_TEXT"}]}
COMMAND: POST /session/3097350609915d1f0d0e7f0005360ed5/element - {"using":"xpath","value":"//input[@id=\"application-managecontracts-display-component---AddNewContract--site-inner\"]"}
RESULT: {"using":"xpath","value":"//input[@id=\"application-managecontracts-display-component---AddNewContract--site-inner\"]"}
COMMAND: POST /session/3097350609915d1f0d0e7f0005360ed5/element/f.185E35FC6384979D85E72AD7E1746CD8.d.F0E5CF0A9320A528320E99CF039AC248.e.4844/clear - {}
RESULT: {}
COMMAND: POST /session/3097350609915d1f0d0e7f0005360ed5/element/f.185E35FC6384979D85E72AD7E1746CD8.d.F0E5CF0A9320A528320E99CF039AC248.e.4844/value - {"text":"2260"}
COMMAND: GET /session/3097350609915d1f0d0e7f0005360ed5/screenshot - {}
RESULT: {"text":"2260"}
COMMAND: GET /session/3097350609915d1f0d0e7f0005360ed5/screenshot - {}
RESULT: {}
RESULT: {}
COMMAND: POST /session/3097350609915d1f0d0e7f0005360ed5/element - {"using":"xpath","value":"//li[.//span[text()='2260']]"}
RESULT: {"using":"xpath","value":"//li[.//span[text()='2260']]"}
COMMAND: POST /session/3097350609915d1f0d0e7f0005360ed5/element/f.185E35FC6384979D85E72AD7E1746CD8.d.F0E5CF0A9320A528320E99CF039AC248.e.4877/click - {}
RESULT: {}
COMMAND: GET /session/3097350609915d1f0d0e7f0005360ed5/screenshot - {}
RESULT: {}
COMMAND: POST /session/3097350609915d1f0d0e7f0005360ed5/element - {"using":"xpath","value":"//input[@id=\"application-managecontracts-display-component---AddNewContract--yardId-inner\"]"}
RESULT: {"using":"xpath","value":"//input[@id=\"application-managecontracts-display-component---AddNewContract--yardId-inner\"]"}
COMMAND: GET /session/3097350609915d1f0d0e7f0005360ed5/element/f.185E35FC6384979D85E72AD7E1746CD8.d.F0E5CF0A9320A528320E99CF039AC248.e.4845/property/value - {}
RESULT: {}
COMMAND: POST /session/3097350609915d1f0d0e7f0005360ed5/element - {"using":"xpath","value":"//input[@id=\"application-managecontracts-display-component---AddNewContract--customerSelect-inner\"]"}
COMMAND: GET /session/3097350609915d1f0d0e7f0005360ed5/screenshot - {}
RESULT: {"using":"xpath","value":"//input[@id=\"application-managecontracts-display-component---AddNewContract--customerSelect-inner\"]"}
COMMAND: POST /session/3097350609915d1f0d0e7f0005360ed5/element/f.185E35FC6384979D85E72AD7E1746CD8.d.F0E5CF0A9320A528320E99CF039AC248.e.4843/clear - {}
RESULT: {}
RESULT: {}
COMMAND: POST /session/3097350609915d1f0d0e7f0005360ed5/element/f.185E35FC6384979D85E72AD7E1746CD8.d.F0E5CF0A9320A528320E99CF039AC248.e.4843/value - {"text":"1308"}
COMMAND: GET /session/3097350609915d1f0d0e7f0005360ed5/screenshot - {}
RESULT: {"text":"1308"}
COMMAND: GET /session/3097350609915d1f0d0e7f0005360ed5/screenshot - {}
RESULT: {}
RESULT: {}
COMMAND: POST /session/3097350609915d1f0d0e7f0005360ed5/element - {"using":"xpath","value":"//li[.//span[text()='1308']]"}
RESULT: {"using":"xpath","value":"//li[.//span[text()='1308']]"}
COMMAND: POST /session/3097350609915d1f0d0e7f0005360ed5/element/f.185E35FC6384979D85E72AD7E1746CD8.d.F0E5CF0A9320A528320E99CF039AC248.e.4880/click - {}
RESULT: {}
COMMAND: GET /session/3097350609915d1f0d0e7f0005360ed5/screenshot - {}
RESULT: {}
COMMAND: POST /session/3097350609915d1f0d0e7f0005360ed5/element - {"using":"xpath","value":"//button[@data-kt=\"saveButton\"]"}
RESULT: {"using":"xpath","value":"//button[@data-kt=\"saveButton\"]"}
COMMAND: POST /session/3097350609915d1f0d0e7f0005360ed5/element/f.185E35FC6384979D85E72AD7E1746CD8.d.F0E5CF0A9320A528320E99CF039AC248.e.4881/click - {}
RESULT: {}
COMMAND: GET /session/3097350609915d1f0d0e7f0005360ed5/screenshot - {}
RESULT: {}
COMMAND: POST /session/3097350609915d1f0d0e7f0005360ed5/element - {"using":"xpath","value":"//span[contains(@id ,\"contractDetailTitleNoExpanded\")]"}
RESULT: {"using":"xpath","value":"//span[contains(@id ,\"contractDetailTitleNoExpanded\")]"}
COMMAND: POST /session/3097350609915d1f0d0e7f0005360ed5/elements - {"using":"xpath","value":"//span[contains(@id ,\"contractDetailTitleNoExpanded\")]"}
RESULT: {"using":"xpath","value":"//span[contains(@id ,\"contractDetailTitleNoExpanded\")]"}
COMMAND: POST /session/3097350609915d1f0d0e7f0005360ed5/execute/sync - {"script":"<script> [56 bytes]","args":[{"element-6066-11e4-a52e-4f735466cecf":"f.185E35FC6384979D85E72AD7E1746CD8.d.F0E5CF0A9320A528320E99CF039AC248.e.4891","ELEMENT":"f.185E35FC6384979D85E72AD7E1746CD8.d.F0E5CF0A9320A528320E99CF039AC248.e.4891"}]}
RESULT: {"script":"<script> [56 bytes]","args":[{"element-6066-11e4-a52e-4f735466cecf":"f.185E35FC6384979D85E72AD7E1746CD8.d.F0E5CF0A9320A528320E99CF039AC248.e.4891","ELEMENT":"f.185E35FC6384979D85E72AD7E1746CD8.d.F0E5CF0A9320A528320E99CF039AC248.e.4891"}]}
COMMAND: GET /session/3097350609915d1f0d0e7f0005360ed5/screenshot - {}
RESULT: {}
]]></system-out>
    </testcase>
    <testcase classname="chrome.136_0_7103_93.windows.Billing_confirm_US117289" name="Should add created equipment to contract" time="46.629">
      <system-out><![CDATA[
COMMAND: POST /session/3097350609915d1f0d0e7f0005360ed5/element - {"using":"xpath","value":"//button[@data-kt=\"contractDetailEditBtnButton\"]"}
RESULT: {"using":"xpath","value":"//button[@data-kt=\"contractDetailEditBtnButton\"]"}
COMMAND: POST /session/3097350609915d1f0d0e7f0005360ed5/element/f.185E35FC6384979D85E72AD7E1746CD8.d.F0E5CF0A9320A528320E99CF039AC248.e.4893/click - {}
RESULT: {}
COMMAND: GET /session/3097350609915d1f0d0e7f0005360ed5/screenshot - {}
RESULT: {}
COMMAND: POST /session/3097350609915d1f0d0e7f0005360ed5/element - {"using":"xpath","value":"(//span[contains(text(), \"Additional Addresses\")])[2]"}
RESULT: {"using":"xpath","value":"(//span[contains(text(), \"Additional Addresses\")])[2]"}
COMMAND: POST /session/3097350609915d1f0d0e7f0005360ed5/element/f.185E35FC6384979D85E72AD7E1746CD8.d.F0E5CF0A9320A528320E99CF039AC248.e.4947/click - {}
RESULT: {}
COMMAND: GET /session/3097350609915d1f0d0e7f0005360ed5/screenshot - {}
RESULT: {}
COMMAND: POST /session/3097350609915d1f0d0e7f0005360ed5/element - {"using":"xpath","value":"//button[@data-kt=\"btnAddTableRowOverflowToolbarButton\"]"}
RESULT: {"using":"xpath","value":"//button[@data-kt=\"btnAddTableRowOverflowToolbarButton\"]"}
COMMAND: POST /session/3097350609915d1f0d0e7f0005360ed5/element/f.185E35FC6384979D85E72AD7E1746CD8.d.F0E5CF0A9320A528320E99CF039AC248.e.4951/click - {}
RESULT: {}
COMMAND: GET /session/3097350609915d1f0d0e7f0005360ed5/screenshot - {}
RESULT: {}
COMMAND: POST /session/3097350609915d1f0d0e7f0005360ed5/element - {"using":"xpath","value":"//div[(text() = 'Standard Entry' or . = 'Standard Entry')]"}
RESULT: {"using":"xpath","value":"//div[(text() = 'Standard Entry' or . = 'Standard Entry')]"}
COMMAND: POST /session/3097350609915d1f0d0e7f0005360ed5/element/f.185E35FC6384979D85E72AD7E1746CD8.d.F0E5CF0A9320A528320E99CF039AC248.e.4953/click - {}
RESULT: {}
COMMAND: GET /session/3097350609915d1f0d0e7f0005360ed5/screenshot - {}
RESULT: {}
COMMAND: POST /session/3097350609915d1f0d0e7f0005360ed5/element - {"using":"xpath","value":"//td[7]/div/div/input"}
RESULT: {"using":"xpath","value":"//td[7]/div/div/input"}
COMMAND: POST /session/3097350609915d1f0d0e7f0005360ed5/element/f.185E35FC6384979D85E72AD7E1746CD8.d.F0E5CF0A9320A528320E99CF039AC248.e.4962/clear - {}
RESULT: {}
COMMAND: POST /session/3097350609915d1f0d0e7f0005360ed5/element/f.185E35FC6384979D85E72AD7E1746CD8.d.F0E5CF0A9320A528320E99CF039AC248.e.4962/value - {"text":"bbn54CG11Z"}
COMMAND: GET /session/3097350609915d1f0d0e7f0005360ed5/screenshot - {}
RESULT: {"text":"bbn54CG11Z"}
COMMAND: GET /session/3097350609915d1f0d0e7f0005360ed5/screenshot - {}
RESULT: {}
RESULT: {}
COMMAND: POST /session/3097350609915d1f0d0e7f0005360ed5/actions - {"actions":[{"id":"action18","type":"key","parameters":{},"actions":[{"type":"keyDown","value":"î€‡"},{"type":"pause","duration":10},{"type":"keyUp","value":"î€‡"}]}]}
RESULT: {"actions":[{"id":"action18","type":"key","parameters":{},"actions":[{"type":"keyDown","value":"î€‡"},{"type":"pause","duration":10},{"type":"keyUp","value":"î€‡"}]}]}
COMMAND: GET /session/3097350609915d1f0d0e7f0005360ed5/screenshot - {}
RESULT: {}
COMMAND: POST /session/3097350609915d1f0d0e7f0005360ed5/execute/sync - {"script":"<script> [276 bytes]","args":["No pricing information was found"]}
RESULT: {"script":"<script> [276 bytes]","args":["No pricing information was found"]}
COMMAND: POST /session/3097350609915d1f0d0e7f0005360ed5/element - {"using":"xpath","value":"(//button[@data-kt=\"saveButton\"])[2]"}
COMMAND: GET /session/3097350609915d1f0d0e7f0005360ed5/screenshot - {}
RESULT: {"using":"xpath","value":"(//button[@data-kt=\"saveButton\"])[2]"}
COMMAND: POST /session/3097350609915d1f0d0e7f0005360ed5/element/f.185E35FC6384979D85E72AD7E1746CD8.d.F0E5CF0A9320A528320E99CF039AC248.e.4977/click - {}
RESULT: {}
RESULT: {}
COMMAND: GET /session/3097350609915d1f0d0e7f0005360ed5/screenshot - {}
RESULT: {}
COMMAND: POST /session/3097350609915d1f0d0e7f0005360ed5/execute/sync - {"script":"<script> [276 bytes]","args":["Some contract items are having rental validity exceeding header rental validity"]}
RESULT: {"script":"<script> [276 bytes]","args":["Some contract items are having rental validity exceeding header rental validity"]}
COMMAND: GET /session/3097350609915d1f0d0e7f0005360ed5/screenshot - {}
RESULT: {}
COMMAND: POST /session/3097350609915d1f0d0e7f0005360ed5/element - {"using":"xpath","value":"//span[contains(@id ,\"contractItemsSmartTable-header-inner\")]"}
RESULT: {"using":"xpath","value":"//span[contains(@id ,\"contractItemsSmartTable-header-inner\")]"}
COMMAND: POST /session/3097350609915d1f0d0e7f0005360ed5/elements - {"using":"xpath","value":"//span[contains(@id ,\"contractItemsSmartTable-header-inner\")]"}
RESULT: {"using":"xpath","value":"//span[contains(@id ,\"contractItemsSmartTable-header-inner\")]"}
COMMAND: POST /session/3097350609915d1f0d0e7f0005360ed5/execute/sync - {"script":"<script> [56 bytes]","args":[{"element-6066-11e4-a52e-4f735466cecf":"f.185E35FC6384979D85E72AD7E1746CD8.d.F0E5CF0A9320A528320E99CF039AC248.e.4983","ELEMENT":"f.185E35FC6384979D85E72AD7E1746CD8.d.F0E5CF0A9320A528320E99CF039AC248.e.4983"}]}
RESULT: {"script":"<script> [56 bytes]","args":[{"element-6066-11e4-a52e-4f735466cecf":"f.185E35FC6384979D85E72AD7E1746CD8.d.F0E5CF0A9320A528320E99CF039AC248.e.4983","ELEMENT":"f.185E35FC6384979D85E72AD7E1746CD8.d.F0E5CF0A9320A528320E99CF039AC248.e.4983"}]}
]]></system-out>
    </testcase>
    <testcase classname="chrome.136_0_7103_93.windows.Billing_confirm_US117289" name="Should do a provide to site handover" time="64.497">
      <system-out><![CDATA[
COMMAND: POST /session/3097350609915d1f0d0e7f0005360ed5/element - {"using":"xpath","value":"//button[@data-kt=\"provideButton\"]"}
COMMAND: GET /session/3097350609915d1f0d0e7f0005360ed5/screenshot - {}
RESULT: {"using":"xpath","value":"//button[@data-kt=\"provideButton\"]"}
COMMAND: POST /session/3097350609915d1f0d0e7f0005360ed5/element/f.185E35FC6384979D85E72AD7E1746CD8.d.F0E5CF0A9320A528320E99CF039AC248.e.4984/click - {}
RESULT: {}
RESULT: {}
COMMAND: GET /session/3097350609915d1f0d0e7f0005360ed5/screenshot - {}
RESULT: {}
RESULT: undefined
COMMAND: POST /session/3097350609915d1f0d0e7f0005360ed5/execute/async - {"script":"<script> [6424 bytes]","args":[{"element-6066-11e4-a52e-4f735466cecf":"f.185E35FC6384979D85E72AD7E1746CD8.d.F0E5CF0A9320A528320E99CF039AC248.e.4045"},"setValue",["5/18/25"]]}
COMMAND: POST /session/3097350609915d1f0d0e7f0005360ed5/execute/async - {"script":"<script> [1562 bytes]","args":[{"selector":{"id":"application-managehandovers-display-component---AddNewHO--dueDate","interaction":{"idSuffix":"inner"}},"wdio_ui5_key":"applicationmanagehandovers-display-component---AddNewHO--dueDate"}]}
RESULT: {"script":"<script> [1562 bytes]","args":[{"selector":{"id":"application-managehandovers-display-component---AddNewHO--dueDate","interaction":{"idSuffix":"inner"}},"wdio_ui5_key":"applicationmanagehandovers-display-component---AddNewHO--dueDate"}]}
COMMAND: POST /session/3097350609915d1f0d0e7f0005360ed5/execute/async - {"script":"<script> [6424 bytes]","args":[{"element-6066-11e4-a52e-4f735466cecf":"f.185E35FC6384979D85E72AD7E1746CD8.d.F0E5CF0A9320A528320E99CF039AC248.e.5074"},"setValue",["5/18/25"]]}
RESULT: {"script":"<script> [6424 bytes]","args":[{"element-6066-11e4-a52e-4f735466cecf":"f.185E35FC6384979D85E72AD7E1746CD8.d.F0E5CF0A9320A528320E99CF039AC248.e.5074"},"setValue",["5/18/25"]]}
COMMAND: POST /session/3097350609915d1f0d0e7f0005360ed5/element - {"using":"xpath","value":"//bdi[contains(text(), \"Instructions\")]"}
RESULT: {"using":"xpath","value":"//bdi[contains(text(), \"Instructions\")]"}
COMMAND: POST /session/3097350609915d1f0d0e7f0005360ed5/element/f.185E35FC6384979D85E72AD7E1746CD8.d.F0E5CF0A9320A528320E99CF039AC248.e.5286/click - {}
RESULT: {}
COMMAND: GET /session/3097350609915d1f0d0e7f0005360ed5/screenshot - {}
RESULT: {}
COMMAND: POST /session/3097350609915d1f0d0e7f0005360ed5/element - {"using":"xpath","value":"//button[@data-kt=\"AddNewHOProvideAddItemsButton\"]"}
RESULT: {"using":"xpath","value":"//button[@data-kt=\"AddNewHOProvideAddItemsButton\"]"}
COMMAND: POST /session/3097350609915d1f0d0e7f0005360ed5/element/f.185E35FC6384979D85E72AD7E1746CD8.d.F0E5CF0A9320A528320E99CF039AC248.e.5290/click - {}
RESULT: {}
COMMAND: GET /session/3097350609915d1f0d0e7f0005360ed5/screenshot - {}
RESULT: {}
RESULT: undefined
COMMAND: POST /session/3097350609915d1f0d0e7f0005360ed5/element - {"using":"xpath","value":"//*[@id=\"application-managehandovers-display-component---AddNewHO--popup-sa\"]"}
RESULT: {"using":"xpath","value":"//*[@id=\"application-managehandovers-display-component---AddNewHO--popup-sa\"]"}
COMMAND: POST /session/3097350609915d1f0d0e7f0005360ed5/element/f.185E35FC6384979D85E72AD7E1746CD8.d.F0E5CF0A9320A528320E99CF039AC248.e.5299/click - {}
RESULT: {}
COMMAND: GET /session/3097350609915d1f0d0e7f0005360ed5/screenshot - {}
RESULT: {}
COMMAND: POST /session/3097350609915d1f0d0e7f0005360ed5/element - {"using":"xpath","value":"//*[contains(@id ,\"BDI-content\")][contains(text(), \"Select\")]"}
RESULT: {"using":"xpath","value":"//*[contains(@id ,\"BDI-content\")][contains(text(), \"Select\")]"}
COMMAND: POST /session/3097350609915d1f0d0e7f0005360ed5/element/f.185E35FC6384979D85E72AD7E1746CD8.d.F0E5CF0A9320A528320E99CF039AC248.e.5301/click - {}
RESULT: {}
COMMAND: GET /session/3097350609915d1f0d0e7f0005360ed5/screenshot - {}
RESULT: {}
COMMAND: POST /session/3097350609915d1f0d0e7f0005360ed5/execute/async - {"script":"<script> [1562 bytes]","args":[{"selector":{"id":"application-managehandovers-display-component---AddNewHO--confirmCreationButton","interaction":{"idSuffix":"BDI-content"}},"wdio_ui5_key":"applicationmanagehandovers-display-component---AddNewHO--confirmCreationButton"}]}
RESULT: {"script":"<script> [1562 bytes]","args":[{"selector":{"id":"application-managehandovers-display-component---AddNewHO--confirmCreationButton","interaction":{"idSuffix":"BDI-content"}},"wdio_ui5_key":"applicationmanagehandovers-display-component---AddNewHO--confirmCreationButton"}]}
RESULT: undefined
COMMAND: POST /session/3097350609915d1f0d0e7f0005360ed5/element - {"using":"xpath","value":"//*[@id=\"application-managehandovers-display-component---AddNewHO--confirmCreationButton\"]"}
RESULT: {"using":"xpath","value":"//*[@id=\"application-managehandovers-display-component---AddNewHO--confirmCreationButton\"]"}
COMMAND: POST /session/3097350609915d1f0d0e7f0005360ed5/element/f.185E35FC6384979D85E72AD7E1746CD8.d.F0E5CF0A9320A528320E99CF039AC248.e.5118/click - {}
RESULT: {}
COMMAND: GET /session/3097350609915d1f0d0e7f0005360ed5/screenshot - {}
RESULT: {}
COMMAND: POST /session/3097350609915d1f0d0e7f0005360ed5/execute/async - {"script":"<script> [1562 bytes]","args":[{"selector":{"id":"issueDatePicker","viewName":"etm.portal.ui.managehandovers.view.DetailExecuteHO","interaction":{"idSuffix":"inner"}},"wdio_ui5_key":"issueDatePickeretmportal.ui.managehandovers.view.DetailExecuteHO"}]}
RESULT: {"script":"<script> [1562 bytes]","args":[{"selector":{"id":"issueDatePicker","viewName":"etm.portal.ui.managehandovers.view.DetailExecuteHO","interaction":{"idSuffix":"inner"}},"wdio_ui5_key":"issueDatePickeretmportal.ui.managehandovers.view.DetailExecuteHO"}]}
RESULT: undefined
COMMAND: POST /session/3097350609915d1f0d0e7f0005360ed5/execute/async - {"script":"<script> [776 bytes]","args":[{"enterText":"5/18/25","selector":{"id":"issueDatePicker","viewName":"etm.portal.ui.managehandovers.view.DetailExecuteHO","interaction":{"idSuffix":"inner"}},"clearTextFirst":true,"interactionType":"ENTER_TEXT"}]}
RESULT: {"script":"<script> [776 bytes]","args":[{"enterText":"5/18/25","selector":{"id":"issueDatePicker","viewName":"etm.portal.ui.managehandovers.view.DetailExecuteHO","interaction":{"idSuffix":"inner"}},"clearTextFirst":true,"interactionType":"ENTER_TEXT"}]}
COMMAND: POST /session/3097350609915d1f0d0e7f0005360ed5/element - {"using":"xpath","value":"//bdi[contains(text(), \"OK\")]"}
RESULT: {"using":"xpath","value":"//bdi[contains(text(), \"OK\")]"}
COMMAND: POST /session/3097350609915d1f0d0e7f0005360ed5/element/f.185E35FC6384979D85E72AD7E1746CD8.d.F0E5CF0A9320A528320E99CF039AC248.e.5346/click - {}
RESULT: {}
COMMAND: GET /session/3097350609915d1f0d0e7f0005360ed5/screenshot - {}
RESULT: {}
COMMAND: POST /session/3097350609915d1f0d0e7f0005360ed5/element - {"using":"xpath","value":"//button[@data-kt=\"PickingTableConfirmAllButton\"]"}
RESULT: {"using":"xpath","value":"//button[@data-kt=\"PickingTableConfirmAllButton\"]"}
COMMAND: POST /session/3097350609915d1f0d0e7f0005360ed5/element/f.185E35FC6384979D85E72AD7E1746CD8.d.F0E5CF0A9320A528320E99CF039AC248.e.5352/click - {}
RESULT: {}
COMMAND: GET /session/3097350609915d1f0d0e7f0005360ed5/screenshot - {}
RESULT: {}
COMMAND: POST /session/3097350609915d1f0d0e7f0005360ed5/element - {"using":"xpath","value":"//bdi[contains(text(), \"OK\")]"}
RESULT: {"using":"xpath","value":"//bdi[contains(text(), \"OK\")]"}
COMMAND: POST /session/3097350609915d1f0d0e7f0005360ed5/element/f.185E35FC6384979D85E72AD7E1746CD8.d.F0E5CF0A9320A528320E99CF039AC248.e.5356/click - {}
RESULT: {}
COMMAND: GET /session/3097350609915d1f0d0e7f0005360ed5/screenshot - {}
RESULT: {}
COMMAND: POST /session/3097350609915d1f0d0e7f0005360ed5/element - {"using":"xpath","value":"//bdi[contains(text(), \"Issue\")]"}
RESULT: {"using":"xpath","value":"//bdi[contains(text(), \"Issue\")]"}
COMMAND: POST /session/3097350609915d1f0d0e7f0005360ed5/element/f.185E35FC6384979D85E72AD7E1746CD8.d.F0E5CF0A9320A528320E99CF039AC248.e.5357/click - {}
RESULT: {}
COMMAND: GET /session/3097350609915d1f0d0e7f0005360ed5/screenshot - {}
RESULT: {}
COMMAND: POST /session/3097350609915d1f0d0e7f0005360ed5/element - {"using":"css selector","value":"#shell-header-logo"}
RESULT: {"using":"css selector","value":"#shell-header-logo"}
COMMAND: POST /session/3097350609915d1f0d0e7f0005360ed5/element/f.185E35FC6384979D85E72AD7E1746CD8.d.F0E5CF0A9320A528320E99CF039AC248.e.4440/click - {}
RESULT: {}
COMMAND: GET /session/3097350609915d1f0d0e7f0005360ed5/screenshot - {}
RESULT: {}
]]></system-out>
    </testcase>
    <testcase classname="chrome.136_0_7103_93.windows.Billing_confirm_US117289" name="Should trigger calculation" time="80.259">
      <system-out><![CDATA[
COMMAND: POST /session/3097350609915d1f0d0e7f0005360ed5/execute/async - {"script":"<script> [1562 bytes]","args":[{"selector":{"controlType":"sap.m.GenericTile","properties":{"header":"Manage Billings"}},"wdio_ui5_key":"sapm.GenericTile{\"header\":\"Manage Billings\"}"}]}
RESULT: {"script":"<script> [1562 bytes]","args":[{"selector":{"controlType":"sap.m.GenericTile","properties":{"header":"Manage Billings"}},"wdio_ui5_key":"sapm.GenericTile{\"header\":\"Manage Billings\"}"}]}
RESULT: undefined
COMMAND: POST /session/3097350609915d1f0d0e7f0005360ed5/element - {"using":"xpath","value":"//*[@id=\"__tile51\"]"}
RESULT: {"using":"xpath","value":"//*[@id=\"__tile51\"]"}
COMMAND: POST /session/3097350609915d1f0d0e7f0005360ed5/element/f.185E35FC6384979D85E72AD7E1746CD8.d.F0E5CF0A9320A528320E99CF039AC248.e.190/click - {}
RESULT: {}
COMMAND: GET /session/3097350609915d1f0d0e7f0005360ed5/screenshot - {}
RESULT: {}
COMMAND: POST /session/3097350609915d1f0d0e7f0005360ed5/elements - {"using":"xpath","value":"//span[text()='Error']"}
RESULT: {"using":"xpath","value":"//span[text()='Error']"}
COMMAND: POST /session/3097350609915d1f0d0e7f0005360ed5/execute/async - {"script":"<script> [1562 bytes]","args":[{"selector":{"id":"application-managebillings-display-component---billRunCalcResult--smartFilterBar-btnBasicSearch","interaction":{"idSuffix":"I"}},"wdio_ui5_key":"applicationmanagebillings-display-component---billRunCalcResult--smartFilterBar-btnBasicSearch"}]}
RESULT: {"script":"<script> [1562 bytes]","args":[{"selector":{"id":"application-managebillings-display-component---billRunCalcResult--smartFilterBar-btnBasicSearch","interaction":{"idSuffix":"I"}},"wdio_ui5_key":"applicationmanagebillings-display-component---billRunCalcResult--smartFilterBar-btnBasicSearch"}]}
RESULT: undefined
COMMAND: POST /session/3097350609915d1f0d0e7f0005360ed5/execute/async - {"script":"<script> [776 bytes]","args":[{"enterText":"10360","selector":{"id":"application-managebillings-display-component---billRunCalcResult--smartFilterBar-btnBasicSearch","interaction":{"idSuffix":"I"}},"clearTextFirst":true,"interactionType":"ENTER_TEXT"}]}
RESULT: {"script":"<script> [776 bytes]","args":[{"enterText":"10360","selector":{"id":"application-managebillings-display-component---billRunCalcResult--smartFilterBar-btnBasicSearch","interaction":{"idSuffix":"I"}},"clearTextFirst":true,"interactionType":"ENTER_TEXT"}]}
COMMAND: POST /session/3097350609915d1f0d0e7f0005360ed5/actions - {"actions":[{"id":"action19","type":"key","parameters":{},"actions":[{"type":"keyDown","value":"î€‡"},{"type":"pause","duration":10},{"type":"keyUp","value":"î€‡"}]}]}
RESULT: {"actions":[{"id":"action19","type":"key","parameters":{},"actions":[{"type":"keyDown","value":"î€‡"},{"type":"pause","duration":10},{"type":"keyUp","value":"î€‡"}]}]}
COMMAND: GET /session/3097350609915d1f0d0e7f0005360ed5/screenshot - {}
RESULT: {}
COMMAND: POST /session/3097350609915d1f0d0e7f0005360ed5/element - {"using":"xpath","value":"//td[@aria-colindex=\"1\"]/div/div[contains(@class, \"sapMCbBg\")]"}
RESULT: {"using":"xpath","value":"//td[@aria-colindex=\"1\"]/div/div[contains(@class, \"sapMCbBg\")]"}
COMMAND: POST /session/3097350609915d1f0d0e7f0005360ed5/element/f.185E35FC6384979D85E72AD7E1746CD8.d.F0E5CF0A9320A528320E99CF039AC248.e.5858/click - {}
RESULT: {}
COMMAND: GET /session/3097350609915d1f0d0e7f0005360ed5/screenshot - {}
RESULT: {}
COMMAND: POST /session/3097350609915d1f0d0e7f0005360ed5/execute/async - {"script":"<script> [1562 bytes]","args":[{"selector":{"id":"application-managebillings-display-component---billRunCalcResult--contractBillRunDate","interaction":{"idSuffix":"inner"}},"wdio_ui5_key":"applicationmanagebillings-display-component---billRunCalcResult--contractBillRunDate"}]}
RESULT: {"script":"<script> [1562 bytes]","args":[{"selector":{"id":"application-managebillings-display-component---billRunCalcResult--contractBillRunDate","interaction":{"idSuffix":"inner"}},"wdio_ui5_key":"applicationmanagebillings-display-component---billRunCalcResult--contractBillRunDate"}]}
RESULT: undefined
COMMAND: POST /session/3097350609915d1f0d0e7f0005360ed5/execute/async - {"script":"<script> [776 bytes]","args":[{"enterText":"6/18/25","selector":{"id":"application-managebillings-display-component---billRunCalcResult--contractBillRunDate","interaction":{"idSuffix":"inner"}},"clearTextFirst":true,"interactionType":"ENTER_TEXT"}]}
RESULT: {"script":"<script> [776 bytes]","args":[{"enterText":"6/18/25","selector":{"id":"application-managebillings-display-component---billRunCalcResult--contractBillRunDate","interaction":{"idSuffix":"inner"}},"clearTextFirst":true,"interactionType":"ENTER_TEXT"}]}
COMMAND: POST /session/3097350609915d1f0d0e7f0005360ed5/element - {"using":"xpath","value":"//bdi[contains(text(), \"Trigger Calculation\")]"}
RESULT: {"using":"xpath","value":"//bdi[contains(text(), \"Trigger Calculation\")]"}
COMMAND: POST /session/3097350609915d1f0d0e7f0005360ed5/element/f.185E35FC6384979D85E72AD7E1746CD8.d.F0E5CF0A9320A528320E99CF039AC248.e.5909/click - {}
RESULT: {}
COMMAND: GET /session/3097350609915d1f0d0e7f0005360ed5/screenshot - {}
RESULT: {}
COMMAND: POST /session/3097350609915d1f0d0e7f0005360ed5/element - {"using":"xpath","value":"(//span[contains(@id, \"imgNav\")])[1]"}
RESULT: {"using":"xpath","value":"(//span[contains(@id, \"imgNav\")])[1]"}
COMMAND: POST /session/3097350609915d1f0d0e7f0005360ed5/element/f.185E35FC6384979D85E72AD7E1746CD8.d.F0E5CF0A9320A528320E99CF039AC248.e.5859/click - {}
RESULT: {}
COMMAND: GET /session/3097350609915d1f0d0e7f0005360ed5/screenshot - {}
RESULT: {}
COMMAND: POST /session/3097350609915d1f0d0e7f0005360ed5/element - {"using":"xpath","value":"//tr/td[6]/div[1]/span[1]/span[1]"}
RESULT: {"using":"xpath","value":"//tr/td[6]/div[1]/span[1]/span[1]"}
COMMAND: GET /session/3097350609915d1f0d0e7f0005360ed5/element/f.185E35FC6384979D85E72AD7E1746CD8.d.F0E5CF0A9320A528320E99CF039AC248.e.5913/text - {}
RESULT: {}
COMMAND: POST /session/3097350609915d1f0d0e7f0005360ed5/element - {"using":"xpath","value":"(//span[contains(@id, \"imgNav\")])[2]"}
RESULT: {"using":"xpath","value":"(//span[contains(@id, \"imgNav\")])[2]"}
COMMAND: POST /session/3097350609915d1f0d0e7f0005360ed5/element/f.185E35FC6384979D85E72AD7E1746CD8.d.F0E5CF0A9320A528320E99CF039AC248.e.5914/click - {}
RESULT: {}
COMMAND: GET /session/3097350609915d1f0d0e7f0005360ed5/screenshot - {}
RESULT: {}
COMMAND: POST /session/3097350609915d1f0d0e7f0005360ed5/element - {"using":"xpath","value":"//bdi[contains(text(), \"Business Confirm\")]"}
RESULT: {"using":"xpath","value":"//bdi[contains(text(), \"Business Confirm\")]"}
COMMAND: POST /session/3097350609915d1f0d0e7f0005360ed5/element/f.185E35FC6384979D85E72AD7E1746CD8.d.F0E5CF0A9320A528320E99CF039AC248.e.5978/click - {}
RESULT: {}
COMMAND: GET /session/3097350609915d1f0d0e7f0005360ed5/screenshot - {}
RESULT: {}
COMMAND: POST /session/3097350609915d1f0d0e7f0005360ed5/element - {"using":"xpath","value":"//bdi[contains(text(), \"Business Confirmed\")]"}
RESULT: {"using":"xpath","value":"//bdi[contains(text(), \"Business Confirmed\")]"}
COMMAND: POST /session/3097350609915d1f0d0e7f0005360ed5/execute/sync - {"script":"<script> [56 bytes]","args":[{"element-6066-11e4-a52e-4f735466cecf":"f.185E35FC6384979D85E72AD7E1746CD8.d.F0E5CF0A9320A528320E99CF039AC248.e.5978","ELEMENT":"f.185E35FC6384979D85E72AD7E1746CD8.d.F0E5CF0A9320A528320E99CF039AC248.e.5978"}]}
RESULT: {"script":"<script> [56 bytes]","args":[{"element-6066-11e4-a52e-4f735466cecf":"f.185E35FC6384979D85E72AD7E1746CD8.d.F0E5CF0A9320A528320E99CF039AC248.e.5978","ELEMENT":"f.185E35FC6384979D85E72AD7E1746CD8.d.F0E5CF0A9320A528320E99CF039AC248.e.5978"}]}
COMMAND: POST /session/3097350609915d1f0d0e7f0005360ed5/element - {"using":"css selector","value":"#shell-header-logo"}
COMMAND: GET /session/3097350609915d1f0d0e7f0005360ed5/screenshot - {}
RESULT: {"using":"css selector","value":"#shell-header-logo"}
COMMAND: POST /session/3097350609915d1f0d0e7f0005360ed5/element/f.185E35FC6384979D85E72AD7E1746CD8.d.F0E5CF0A9320A528320E99CF039AC248.e.5649/click - {}
RESULT: {}
RESULT: {}
COMMAND: GET /session/3097350609915d1f0d0e7f0005360ed5/screenshot - {}
RESULT: {}
COMMAND: POST /session/3097350609915d1f0d0e7f0005360ed5/element - {"using":"css selector","value":"#j_username"}
COMMAND: POST /session/3097350609915d1f0d0e7f0005360ed5/url - {"url":"https://qa-testing-00-live-etm-ui.cfapps.eu10-004.hana.ondemand.com/"}
RESULT: {"using":"css selector","value":"#j_username"}
COMMAND: POST /session/3097350609915d1f0d0e7f0005360ed5/element - {"using":"css selector","value":"#j_username"}
RESULT: {"url":"https://qa-testing-00-live-etm-ui.cfapps.eu10-004.hana.ondemand.com/"}
RESULT: undefined
COMMAND: GET /session/3097350609915d1f0d0e7f0005360ed5/screenshot - {}
RESULT: {"using":"css selector","value":"#j_username"}
COMMAND: POST /session/3097350609915d1f0d0e7f0005360ed5/element - {"using":"css selector","value":"#shell-header-logo"}
RESULT: {}
RESULT: {"using":"css selector","value":"#shell-header-logo"}
COMMAND: POST /session/3097350609915d1f0d0e7f0005360ed5/execute/sync - {"script":"<script> [8489 bytes]","args":[{"element-6066-11e4-a52e-4f735466cecf":"f.185E35FC6384979D85E72AD7E1746CD8.d.72B6E5D6B0FBBD5FB9D8F015E7BF0508.e.6011","ELEMENT":"f.185E35FC6384979D85E72AD7E1746CD8.d.72B6E5D6B0FBBD5FB9D8F015E7BF0508.e.6011"}]}
RESULT: {"script":"<script> [8489 bytes]","args":[{"element-6066-11e4-a52e-4f735466cecf":"f.185E35FC6384979D85E72AD7E1746CD8.d.72B6E5D6B0FBBD5FB9D8F015E7BF0508.e.6011","ELEMENT":"f.185E35FC6384979D85E72AD7E1746CD8.d.72B6E5D6B0FBBD5FB9D8F015E7BF0508.e.6011"}]}
COMMAND: POST /session/3097350609915d1f0d0e7f0005360ed5/element - {"using":"css selector","value":"#shell-header-logo"}
COMMAND: GET /session/3097350609915d1f0d0e7f0005360ed5/screenshot - {}
RESULT: {"using":"css selector","value":"#shell-header-logo"}
COMMAND: POST /session/3097350609915d1f0d0e7f0005360ed5/execute/sync - {"script":"<script> [8489 bytes]","args":[{"element-6066-11e4-a52e-4f735466cecf":"f.185E35FC6384979D85E72AD7E1746CD8.d.72B6E5D6B0FBBD5FB9D8F015E7BF0508.e.6011","ELEMENT":"f.185E35FC6384979D85E72AD7E1746CD8.d.72B6E5D6B0FBBD5FB9D8F015E7BF0508.e.6011"}]}
RESULT: {}
RESULT: {"script":"<script> [8489 bytes]","args":[{"element-6066-11e4-a52e-4f735466cecf":"f.185E35FC6384979D85E72AD7E1746CD8.d.72B6E5D6B0FBBD5FB9D8F015E7BF0508.e.6011","ELEMENT":"f.185E35FC6384979D85E72AD7E1746CD8.d.72B6E5D6B0FBBD5FB9D8F015E7BF0508.e.6011"}]}
COMMAND: POST /session/3097350609915d1f0d0e7f0005360ed5/execute/sync - {"script":"<script> [5351 bytes]","args":[{"element-6066-11e4-a52e-4f735466cecf":"f.185E35FC6384979D85E72AD7E1746CD8.d.72B6E5D6B0FBBD5FB9D8F015E7BF0508.e.6011","ELEMENT":"f.185E35FC6384979D85E72AD7E1746CD8.d.72B6E5D6B0FBBD5FB9D8F015E7BF0508.e.6011"}]}
COMMAND: GET /session/3097350609915d1f0d0e7f0005360ed5/screenshot - {}
RESULT: {"script":"<script> [5351 bytes]","args":[{"element-6066-11e4-a52e-4f735466cecf":"f.185E35FC6384979D85E72AD7E1746CD8.d.72B6E5D6B0FBBD5FB9D8F015E7BF0508.e.6011","ELEMENT":"f.185E35FC6384979D85E72AD7E1746CD8.d.72B6E5D6B0FBBD5FB9D8F015E7BF0508.e.6011"}]}
COMMAND: POST /session/3097350609915d1f0d0e7f0005360ed5/element - {"using":"css selector","value":"#shell-header-logo"}
COMMAND: GET /session/3097350609915d1f0d0e7f0005360ed5/screenshot - {}
RESULT: {}
RESULT: {"using":"css selector","value":"#shell-header-logo"}
COMMAND: POST /session/3097350609915d1f0d0e7f0005360ed5/element/f.185E35FC6384979D85E72AD7E1746CD8.d.72B6E5D6B0FBBD5FB9D8F015E7BF0508.e.6011/click - {}
RESULT: {}
RESULT: {}
COMMAND: GET /session/3097350609915d1f0d0e7f0005360ed5/screenshot - {}
RESULT: {}
COMMAND: POST /session/3097350609915d1f0d0e7f0005360ed5/execute/async - {"script":"<script> [189 bytes]","args":[]}
RESULT: {"script":"<script> [189 bytes]","args":[]}
COMMAND: POST /session/3097350609915d1f0d0e7f0005360ed5/execute/async - {"script":"<script> [123 bytes]","args":[]}
RESULT: {"script":"<script> [123 bytes]","args":[]}
COMMAND: POST /session/3097350609915d1f0d0e7f0005360ed5/timeouts - {"script":"<number>"}
RESULT: {"script":"<number>"}
COMMAND: GET /session/3097350609915d1f0d0e7f0005360ed5/timeouts - {}
RESULT: {}
RESULT: undefined
COMMAND: POST /session/3097350609915d1f0d0e7f0005360ed5/execute/async - {"script":"<script> [2676 bytes]","args":[]}
RESULT: {"script":"<script> [2676 bytes]","args":[]}
COMMAND: POST /session/3097350609915d1f0d0e7f0005360ed5/execute/async - {"script":"<script> [2342 bytes]","args":[{"protocol":"http","hostname":"0.0.0.0","path":"/","capabilities":{"browserName":"chrome","goog:chromeOptions":{"binary":"C:\\Program Files\\Google\\Chrome\\Application\\chrome.exe","args":["--start-maximized"]}},"logLevel":"warn","connectionRetryTimeout":120000,"connectionRetryCount":3,"logLevels":{},"enableDirectConnect":true,"strictSSL":true,"_":"65 more keys: [\"cacheDir\",\"port\",\"requestedCapabilities\",\"automationProtocol\",\"baseUrl\",\"waitforInterval\",\"waitforTimeout\",\"onReload\",\"beforeCommand\",\"afterCommand\",\"rootDir\",\"specs\",\"suites\",\"exclude\",\"groupLogsByTestSpec\",\"excludeDriverLogs\",\"bail\",\"framework\",\"reporters\",\"services\",\"maxInstances\",\"maxInstancesPerCapability\",\"injectGlobals\",\"filesToWatch\",\"execArgv\",\"runnerEnv\",\"runner\",\"shard\",\"specFileRetries\",\"specFileRetriesDelay\",\"specFileRetriesDeferred\",\"reporterSyncInterval\",\"reporterSyncTimeout\",\"cucumberFeaturesWithLineNumbers\",\"autoCompileOpts\",\"mochaOpts\",\"jasmineOpts\",\"cucumberOpts\",\"onPrepare\",\"onWorkerStart\",\"onWorkerEnd\",\"before\",\"beforeSession\",\"beforeSuite\",\"beforeHook\",\"beforeTest\",\"afterTest\",\"afterHook\",\"afterSuite\",\"afterSession\",\"after\",\"onComplete\",\"beforeAssertion\",\"afterAssertion\",\"beforeFeature\",\"beforeScenario\",\"beforeStep\",\"afterStep\",\"afterScenario\",\"afterFeature\",\"_\",\"suite\",\"$0\",\"ignoredWorkerServices\",\"wdi5\"]"}]}
RESULT: {"script":"<script> [2342 bytes]","args":[{"protocol":"http","hostname":"0.0.0.0","path":"/","capabilities":{"browserName":"chrome","goog:chromeOptions":{"binary":"C:\\Program Files\\Google\\Chrome\\Application\\chrome.exe","args":["--start-maximized"]}},"logLevel":"warn","connectionRetryTimeout":120000,"connectionRetryCount":3,"logLevels":{},"enableDirectConnect":true,"strictSSL":true,"_":"65 more keys: [\"cacheDir\",\"port\",\"requestedCapabilities\",\"automationProtocol\",\"baseUrl\",\"waitforInterval\",\"waitforTimeout\",\"onReload\",\"beforeCommand\",\"afterCommand\",\"rootDir\",\"specs\",\"suites\",\"exclude\",\"groupLogsByTestSpec\",\"excludeDriverLogs\",\"bail\",\"framework\",\"reporters\",\"services\",\"maxInstances\",\"maxInstancesPerCapability\",\"injectGlobals\",\"filesToWatch\",\"execArgv\",\"runnerEnv\",\"runner\",\"shard\",\"specFileRetries\",\"specFileRetriesDelay\",\"specFileRetriesDeferred\",\"reporterSyncInterval\",\"reporterSyncTimeout\",\"cucumberFeaturesWithLineNumbers\",\"autoCompileOpts\",\"mochaOpts\",\"jasmineOpts\",\"cucumberOpts\",\"onPrepare\",\"onWorkerStart\",\"onWorkerEnd\",\"before\",\"beforeSession\",\"beforeSuite\",\"beforeHook\",\"beforeTest\",\"afterTest\",\"afterHook\",\"afterSuite\",\"afterSession\",\"after\",\"onComplete\",\"beforeAssertion\",\"afterAssertion\",\"beforeFeature\",\"beforeScenario\",\"beforeStep\",\"afterStep\",\"afterScenario\",\"afterFeature\",\"_\",\"suite\",\"$0\",\"ignoredWorkerServices\",\"wdi5\"]"}]}
COMMAND: POST /session/3097350609915d1f0d0e7f0005360ed5/execute/async - {"script":"<script> [21126 bytes]","args":[35000]}
RESULT: {"script":"<script> [21126 bytes]","args":[35000]}
COMMAND: POST /session/3097350609915d1f0d0e7f0005360ed5/window/maximize - {}
RESULT: {}
COMMAND: POST /session/3097350609915d1f0d0e7f0005360ed5/execute/async - {"script":"<script> [1562 bytes]","args":[{"selector":{"id":"shell-header","interaction":{"idSuffix":"icon"}},"wdio_ui5_key":"shellheader"}]}
COMMAND: GET /session/3097350609915d1f0d0e7f0005360ed5/screenshot - {}
RESULT: {"script":"<script> [1562 bytes]","args":[{"selector":{"id":"shell-header","interaction":{"idSuffix":"icon"}},"wdio_ui5_key":"shellheader"}]}
RESULT: undefined
COMMAND: POST /session/3097350609915d1f0d0e7f0005360ed5/refresh - {}
RESULT: {}
RESULT: {}
COMMAND: GET /session/3097350609915d1f0d0e7f0005360ed5/screenshot - {}
RESULT: {}
COMMAND: POST /session/3097350609915d1f0d0e7f0005360ed5/refresh - {}
RESULT: {}
COMMAND: GET /session/3097350609915d1f0d0e7f0005360ed5/screenshot - {}
RESULT: {}
COMMAND: POST /session/3097350609915d1f0d0e7f0005360ed5/window/fullscreen - {}
RESULT: {}
COMMAND: POST /session/3097350609915d1f0d0e7f0005360ed5/execute/async - {"script":"<script> [189 bytes]","args":[]}
RESULT: {"script":"<script> [189 bytes]","args":[]}
COMMAND: POST /session/3097350609915d1f0d0e7f0005360ed5/execute/async - {"script":"<script> [123 bytes]","args":[]}
RESULT: {"script":"<script> [123 bytes]","args":[]}
COMMAND: POST /session/3097350609915d1f0d0e7f0005360ed5/timeouts - {"script":"<number>"}
RESULT: {"script":"<number>"}
COMMAND: GET /session/3097350609915d1f0d0e7f0005360ed5/timeouts - {}
RESULT: {}
RESULT: undefined
COMMAND: POST /session/3097350609915d1f0d0e7f0005360ed5/execute/async - {"script":"<script> [2676 bytes]","args":[]}
RESULT: {"script":"<script> [2676 bytes]","args":[]}
COMMAND: POST /session/3097350609915d1f0d0e7f0005360ed5/execute/async - {"script":"<script> [2342 bytes]","args":[{"protocol":"http","hostname":"0.0.0.0","path":"/","capabilities":{"browserName":"chrome","goog:chromeOptions":{"binary":"C:\\Program Files\\Google\\Chrome\\Application\\chrome.exe","args":["--start-maximized"]}},"logLevel":"warn","connectionRetryTimeout":120000,"connectionRetryCount":3,"logLevels":{},"enableDirectConnect":true,"strictSSL":true,"_":"65 more keys: [\"cacheDir\",\"port\",\"requestedCapabilities\",\"automationProtocol\",\"baseUrl\",\"waitforInterval\",\"waitforTimeout\",\"onReload\",\"beforeCommand\",\"afterCommand\",\"rootDir\",\"specs\",\"suites\",\"exclude\",\"groupLogsByTestSpec\",\"excludeDriverLogs\",\"bail\",\"framework\",\"reporters\",\"services\",\"maxInstances\",\"maxInstancesPerCapability\",\"injectGlobals\",\"filesToWatch\",\"execArgv\",\"runnerEnv\",\"runner\",\"shard\",\"specFileRetries\",\"specFileRetriesDelay\",\"specFileRetriesDeferred\",\"reporterSyncInterval\",\"reporterSyncTimeout\",\"cucumberFeaturesWithLineNumbers\",\"autoCompileOpts\",\"mochaOpts\",\"jasmineOpts\",\"cucumberOpts\",\"onPrepare\",\"onWorkerStart\",\"onWorkerEnd\",\"before\",\"beforeSession\",\"beforeSuite\",\"beforeHook\",\"beforeTest\",\"afterTest\",\"afterHook\",\"afterSuite\",\"afterSession\",\"after\",\"onComplete\",\"beforeAssertion\",\"afterAssertion\",\"beforeFeature\",\"beforeScenario\",\"beforeStep\",\"afterStep\",\"afterScenario\",\"afterFeature\",\"_\",\"suite\",\"$0\",\"ignoredWorkerServices\",\"wdi5\"]"}]}
RESULT: {"script":"<script> [2342 bytes]","args":[{"protocol":"http","hostname":"0.0.0.0","path":"/","capabilities":{"browserName":"chrome","goog:chromeOptions":{"binary":"C:\\Program Files\\Google\\Chrome\\Application\\chrome.exe","args":["--start-maximized"]}},"logLevel":"warn","connectionRetryTimeout":120000,"connectionRetryCount":3,"logLevels":{},"enableDirectConnect":true,"strictSSL":true,"_":"65 more keys: [\"cacheDir\",\"port\",\"requestedCapabilities\",\"automationProtocol\",\"baseUrl\",\"waitforInterval\",\"waitforTimeout\",\"onReload\",\"beforeCommand\",\"afterCommand\",\"rootDir\",\"specs\",\"suites\",\"exclude\",\"groupLogsByTestSpec\",\"excludeDriverLogs\",\"bail\",\"framework\",\"reporters\",\"services\",\"maxInstances\",\"maxInstancesPerCapability\",\"injectGlobals\",\"filesToWatch\",\"execArgv\",\"runnerEnv\",\"runner\",\"shard\",\"specFileRetries\",\"specFileRetriesDelay\",\"specFileRetriesDeferred\",\"reporterSyncInterval\",\"reporterSyncTimeout\",\"cucumberFeaturesWithLineNumbers\",\"autoCompileOpts\",\"mochaOpts\",\"jasmineOpts\",\"cucumberOpts\",\"onPrepare\",\"onWorkerStart\",\"onWorkerEnd\",\"before\",\"beforeSession\",\"beforeSuite\",\"beforeHook\",\"beforeTest\",\"afterTest\",\"afterHook\",\"afterSuite\",\"afterSession\",\"after\",\"onComplete\",\"beforeAssertion\",\"afterAssertion\",\"beforeFeature\",\"beforeScenario\",\"beforeStep\",\"afterStep\",\"afterScenario\",\"afterFeature\",\"_\",\"suite\",\"$0\",\"ignoredWorkerServices\",\"wdi5\"]"}]}
COMMAND: POST /session/3097350609915d1f0d0e7f0005360ed5/execute/async - {"script":"<script> [21126 bytes]","args":[35000]}
RESULT: {"script":"<script> [21126 bytes]","args":[35000]}
]]></system-out>
    </testcase>
  </testsuite>
  <testsuite timestamp="2025-05-18T17:23:01" time="1207.562" tests="14" failures="0" errors="0" skipped="0">
    <properties>
      <property name="specId" value="0" />
      <property name="suiteName" value="Create master data for mixed billing &amp; do billing calculation US151661" />
      <property name="capabilities" value="chrome.136_0_7103_93.windows" />
      <property name="file" value="file:///D:/a/1/s/test/specs/BTS/billing-calculation-mixed.spec.js" />
    </properties>
    <testcase classname="chrome.136_0_7103_93.windows.Create_master_data_for_mixed_billing_&amp;_do_billing_calculation_US151661" name="Should create a new yard" time="114.937">
      <system-out><![CDATA[
COMMAND: POST /session/3097350609915d1f0d0e7f0005360ed5/window/fullscreen - {}
RESULT: {}
COMMAND: POST /session/3097350609915d1f0d0e7f0005360ed5/execute/async - {"script":"<script> [1562 bytes]","args":[{"selector":{"controlType":"sap.m.GenericTile","properties":{"header":"Manage Yards"}},"wdio_ui5_key":"sapm.GenericTile{\"header\":\"Manage Yards\"}"}]}
RESULT: {"script":"<script> [1562 bytes]","args":[{"selector":{"controlType":"sap.m.GenericTile","properties":{"header":"Manage Yards"}},"wdio_ui5_key":"sapm.GenericTile{\"header\":\"Manage Yards\"}"}]}
RESULT: undefined
COMMAND: POST /session/3097350609915d1f0d0e7f0005360ed5/element - {"using":"xpath","value":"//*[@id=\"__tile41\"]"}
RESULT: {"using":"xpath","value":"//*[@id=\"__tile41\"]"}
COMMAND: POST /session/3097350609915d1f0d0e7f0005360ed5/element/f.185E35FC6384979D85E72AD7E1746CD8.d.952DCE669E0E42F338BC268A6F38E0F3.e.6156/click - {}
RESULT: {}
COMMAND: GET /session/3097350609915d1f0d0e7f0005360ed5/screenshot - {}
RESULT: {}
COMMAND: POST /session/3097350609915d1f0d0e7f0005360ed5/elements - {"using":"xpath","value":"//span[text()='Error']"}
RESULT: {"using":"xpath","value":"//span[text()='Error']"}
COMMAND: POST /session/3097350609915d1f0d0e7f0005360ed5/element - {"using":"xpath","value":"//button[@data-kt=\"addNewYardOverflowToolbarButton\"]"}
RESULT: {"using":"xpath","value":"//button[@data-kt=\"addNewYardOverflowToolbarButton\"]"}
COMMAND: POST /session/3097350609915d1f0d0e7f0005360ed5/elements - {"using":"xpath","value":"//button[@data-kt=\"addNewYardOverflowToolbarButton\"]"}
RESULT: {"using":"xpath","value":"//button[@data-kt=\"addNewYardOverflowToolbarButton\"]"}
COMMAND: POST /session/3097350609915d1f0d0e7f0005360ed5/elements - {"using":"xpath","value":"//button[@data-kt=\"addNewYardOverflowToolbarButton\"]"}
RESULT: {"using":"xpath","value":"//button[@data-kt=\"addNewYardOverflowToolbarButton\"]"}
COMMAND: POST /session/3097350609915d1f0d0e7f0005360ed5/elements - {"using":"xpath","value":"//button[@data-kt=\"addNewYardOverflowToolbarButton\"]"}
RESULT: {"using":"xpath","value":"//button[@data-kt=\"addNewYardOverflowToolbarButton\"]"}
COMMAND: POST /session/3097350609915d1f0d0e7f0005360ed5/elements - {"using":"xpath","value":"//button[@data-kt=\"addNewYardOverflowToolbarButton\"]"}
RESULT: {"using":"xpath","value":"//button[@data-kt=\"addNewYardOverflowToolbarButton\"]"}
COMMAND: POST /session/3097350609915d1f0d0e7f0005360ed5/elements - {"using":"xpath","value":"//button[@data-kt=\"addNewYardOverflowToolbarButton\"]"}
RESULT: {"using":"xpath","value":"//button[@data-kt=\"addNewYardOverflowToolbarButton\"]"}
COMMAND: POST /session/3097350609915d1f0d0e7f0005360ed5/elements - {"using":"xpath","value":"//button[@data-kt=\"addNewYardOverflowToolbarButton\"]"}
RESULT: {"using":"xpath","value":"//button[@data-kt=\"addNewYardOverflowToolbarButton\"]"}
COMMAND: POST /session/3097350609915d1f0d0e7f0005360ed5/elements - {"using":"xpath","value":"//button[@data-kt=\"addNewYardOverflowToolbarButton\"]"}
RESULT: {"using":"xpath","value":"//button[@data-kt=\"addNewYardOverflowToolbarButton\"]"}
COMMAND: POST /session/3097350609915d1f0d0e7f0005360ed5/element - {"using":"xpath","value":"//button[@data-kt=\"addNewYardOverflowToolbarButton\"]"}
RESULT: {"using":"xpath","value":"//button[@data-kt=\"addNewYardOverflowToolbarButton\"]"}
COMMAND: POST /session/3097350609915d1f0d0e7f0005360ed5/execute/sync - {"script":"<script> [8489 bytes]","args":[{"element-6066-11e4-a52e-4f735466cecf":"f.185E35FC6384979D85E72AD7E1746CD8.d.952DCE669E0E42F338BC268A6F38E0F3.e.6281","ELEMENT":"f.185E35FC6384979D85E72AD7E1746CD8.d.952DCE669E0E42F338BC268A6F38E0F3.e.6281"}]}
RESULT: {"script":"<script> [8489 bytes]","args":[{"element-6066-11e4-a52e-4f735466cecf":"f.185E35FC6384979D85E72AD7E1746CD8.d.952DCE669E0E42F338BC268A6F38E0F3.e.6281","ELEMENT":"f.185E35FC6384979D85E72AD7E1746CD8.d.952DCE669E0E42F338BC268A6F38E0F3.e.6281"}]}
COMMAND: GET /session/3097350609915d1f0d0e7f0005360ed5/element/f.185E35FC6384979D85E72AD7E1746CD8.d.952DCE669E0E42F338BC268A6F38E0F3.e.6281/enabled - {}
COMMAND: GET /session/3097350609915d1f0d0e7f0005360ed5/screenshot - {}
RESULT: {}
COMMAND: POST /session/3097350609915d1f0d0e7f0005360ed5/execute/sync - {"script":"<script> [8489 bytes]","args":[{"element-6066-11e4-a52e-4f735466cecf":"f.185E35FC6384979D85E72AD7E1746CD8.d.952DCE669E0E42F338BC268A6F38E0F3.e.6281","ELEMENT":"f.185E35FC6384979D85E72AD7E1746CD8.d.952DCE669E0E42F338BC268A6F38E0F3.e.6281"}]}
COMMAND: GET /session/3097350609915d1f0d0e7f0005360ed5/screenshot - {}
RESULT: {}
RESULT: {"script":"<script> [8489 bytes]","args":[{"element-6066-11e4-a52e-4f735466cecf":"f.185E35FC6384979D85E72AD7E1746CD8.d.952DCE669E0E42F338BC268A6F38E0F3.e.6281","ELEMENT":"f.185E35FC6384979D85E72AD7E1746CD8.d.952DCE669E0E42F338BC268A6F38E0F3.e.6281"}]}
COMMAND: POST /session/3097350609915d1f0d0e7f0005360ed5/execute/sync - {"script":"<script> [5351 bytes]","args":[{"element-6066-11e4-a52e-4f735466cecf":"f.185E35FC6384979D85E72AD7E1746CD8.d.952DCE669E0E42F338BC268A6F38E0F3.e.6281","ELEMENT":"f.185E35FC6384979D85E72AD7E1746CD8.d.952DCE669E0E42F338BC268A6F38E0F3.e.6281"}]}
COMMAND: GET /session/3097350609915d1f0d0e7f0005360ed5/screenshot - {}
RESULT: {}
RESULT: {"script":"<script> [5351 bytes]","args":[{"element-6066-11e4-a52e-4f735466cecf":"f.185E35FC6384979D85E72AD7E1746CD8.d.952DCE669E0E42F338BC268A6F38E0F3.e.6281","ELEMENT":"f.185E35FC6384979D85E72AD7E1746CD8.d.952DCE669E0E42F338BC268A6F38E0F3.e.6281"}]}
COMMAND: POST /session/3097350609915d1f0d0e7f0005360ed5/element/f.185E35FC6384979D85E72AD7E1746CD8.d.952DCE669E0E42F338BC268A6F38E0F3.e.6281/click - {}
COMMAND: GET /session/3097350609915d1f0d0e7f0005360ed5/screenshot - {}
RESULT: {}
RESULT: {}
COMMAND: GET /session/3097350609915d1f0d0e7f0005360ed5/screenshot - {}
RESULT: {}
RESULT: {}
COMMAND: POST /session/3097350609915d1f0d0e7f0005360ed5/element - {"using":"xpath","value":"//input[@id=\"application-manageyards-display-component---NewYard--yardId-inner\"]"}
RESULT: {"using":"xpath","value":"//input[@id=\"application-manageyards-display-component---NewYard--yardId-inner\"]"}
COMMAND: POST /session/3097350609915d1f0d0e7f0005360ed5/element - {"using":"xpath","value":"//input[@id=\"application-manageyards-display-component---NewYard--yardId-inner\"]"}
RESULT: {"using":"xpath","value":"//input[@id=\"application-manageyards-display-component---NewYard--yardId-inner\"]"}
COMMAND: POST /session/3097350609915d1f0d0e7f0005360ed5/execute/async - {"script":"<script> [1562 bytes]","args":[{"selector":{"id":"application-manageyards-display-component---NewYard--addressDetailDetailsName1","interaction":{"idSuffix":"inner"}},"wdio_ui5_key":"applicationmanageyards-display-component---NewYard--addressDetailDetailsName1"}]}
RESULT: {"script":"<script> [1562 bytes]","args":[{"selector":{"id":"application-manageyards-display-component---NewYard--addressDetailDetailsName1","interaction":{"idSuffix":"inner"}},"wdio_ui5_key":"applicationmanageyards-display-component---NewYard--addressDetailDetailsName1"}]}
RESULT: undefined
COMMAND: POST /session/3097350609915d1f0d0e7f0005360ed5/execute/async - {"script":"<script> [776 bytes]","args":[{"enterText":"Intercompany Yard wdIO","selector":{"id":"application-manageyards-display-component---NewYard--addressDetailDetailsName1","interaction":{"idSuffix":"inner"}},"clearTextFirst":true,"interactionType":"ENTER_TEXT"}]}
RESULT: {"script":"<script> [776 bytes]","args":[{"enterText":"Intercompany Yard wdIO","selector":{"id":"application-manageyards-display-component---NewYard--addressDetailDetailsName1","interaction":{"idSuffix":"inner"}},"clearTextFirst":true,"interactionType":"ENTER_TEXT"}]}
COMMAND: POST /session/3097350609915d1f0d0e7f0005360ed5/execute/async - {"script":"<script> [1562 bytes]","args":[{"selector":{"id":"application-manageyards-display-component---NewYard--addressDetailDetailsLanguage-arrow"},"wdio_ui5_key":"applicationmanageyards-display-component---NewYard--addressDetailDetailsLanguage-arrow"}]}
RESULT: {"script":"<script> [1562 bytes]","args":[{"selector":{"id":"application-manageyards-display-component---NewYard--addressDetailDetailsLanguage-arrow"},"wdio_ui5_key":"applicationmanageyards-display-component---NewYard--addressDetailDetailsLanguage-arrow"}]}
RESULT: undefined
COMMAND: POST /session/3097350609915d1f0d0e7f0005360ed5/element - {"using":"xpath","value":"//*[@id=\"application-manageyards-display-component---NewYard--addressDetailDetailsLanguage-arrow\"]"}
RESULT: {"using":"xpath","value":"//*[@id=\"application-manageyards-display-component---NewYard--addressDetailDetailsLanguage-arrow\"]"}
COMMAND: POST /session/3097350609915d1f0d0e7f0005360ed5/element/f.185E35FC6384979D85E72AD7E1746CD8.d.952DCE669E0E42F338BC268A6F38E0F3.e.6727/click - {}
RESULT: {}
COMMAND: POST /session/3097350609915d1f0d0e7f0005360ed5/element - {"using":"xpath","value":"//span[contains(text(), \"English\")]"}
COMMAND: GET /session/3097350609915d1f0d0e7f0005360ed5/screenshot - {}
RESULT: {"using":"xpath","value":"//span[contains(text(), \"English\")]"}
COMMAND: POST /session/3097350609915d1f0d0e7f0005360ed5/element/f.185E35FC6384979D85E72AD7E1746CD8.d.952DCE669E0E42F338BC268A6F38E0F3.e.6728/click - {}
RESULT: {}
RESULT: {}
COMMAND: POST /session/3097350609915d1f0d0e7f0005360ed5/execute/async - {"script":"<script> [1562 bytes]","args":[{"selector":{"id":"application-manageyards-display-component---NewYard--addressDetailDetailsCity1","interaction":{"idSuffix":"inner"}},"wdio_ui5_key":"applicationmanageyards-display-component---NewYard--addressDetailDetailsCity1"}]}
COMMAND: GET /session/3097350609915d1f0d0e7f0005360ed5/screenshot - {}
RESULT: {"script":"<script> [1562 bytes]","args":[{"selector":{"id":"application-manageyards-display-component---NewYard--addressDetailDetailsCity1","interaction":{"idSuffix":"inner"}},"wdio_ui5_key":"applicationmanageyards-display-component---NewYard--addressDetailDetailsCity1"}]}
RESULT: undefined
COMMAND: POST /session/3097350609915d1f0d0e7f0005360ed5/execute/async - {"script":"<script> [776 bytes]","args":[{"enterText":"Rosario","selector":{"id":"application-manageyards-display-component---NewYard--addressDetailDetailsCity1","interaction":{"idSuffix":"inner"}},"clearTextFirst":true,"interactionType":"ENTER_TEXT"}]}
RESULT: {}
RESULT: {"script":"<script> [776 bytes]","args":[{"enterText":"Rosario","selector":{"id":"application-manageyards-display-component---NewYard--addressDetailDetailsCity1","interaction":{"idSuffix":"inner"}},"clearTextFirst":true,"interactionType":"ENTER_TEXT"}]}
COMMAND: POST /session/3097350609915d1f0d0e7f0005360ed5/execute/async - {"script":"<script> [1562 bytes]","args":[{"selector":{"id":"application-manageyards-display-component---NewYard--addressDetailDetailsCountry-arrow"},"wdio_ui5_key":"applicationmanageyards-display-component---NewYard--addressDetailDetailsCountry-arrow"}]}
RESULT: {"script":"<script> [1562 bytes]","args":[{"selector":{"id":"application-manageyards-display-component---NewYard--addressDetailDetailsCountry-arrow"},"wdio_ui5_key":"applicationmanageyards-display-component---NewYard--addressDetailDetailsCountry-arrow"}]}
RESULT: undefined
COMMAND: POST /session/3097350609915d1f0d0e7f0005360ed5/element - {"using":"xpath","value":"//*[@id=\"application-manageyards-display-component---NewYard--addressDetailDetailsCountry-arrow\"]"}
RESULT: {"using":"xpath","value":"//*[@id=\"application-manageyards-display-component---NewYard--addressDetailDetailsCountry-arrow\"]"}
COMMAND: POST /session/3097350609915d1f0d0e7f0005360ed5/element/f.185E35FC6384979D85E72AD7E1746CD8.d.952DCE669E0E42F338BC268A6F38E0F3.e.6730/click - {}
RESULT: {}
COMMAND: POST /session/3097350609915d1f0d0e7f0005360ed5/element - {"using":"xpath","value":"//span[contains(text(), \"Argentina\")]"}
COMMAND: GET /session/3097350609915d1f0d0e7f0005360ed5/screenshot - {}
RESULT: {"using":"xpath","value":"//span[contains(text(), \"Argentina\")]"}
COMMAND: POST /session/3097350609915d1f0d0e7f0005360ed5/element/f.185E35FC6384979D85E72AD7E1746CD8.d.952DCE669E0E42F338BC268A6F38E0F3.e.6731/click - {}
RESULT: {}
RESULT: {}
COMMAND: POST /session/3097350609915d1f0d0e7f0005360ed5/execute/async - {"script":"<script> [1562 bytes]","args":[{"selector":{"id":"application-manageyards-display-component---NewYard--addressEditDetailsCostObjectCstType-arrow"},"wdio_ui5_key":"applicationmanageyards-display-component---NewYard--addressEditDetailsCostObjectCstType-arrow"}]}
COMMAND: GET /session/3097350609915d1f0d0e7f0005360ed5/screenshot - {}
RESULT: {"script":"<script> [1562 bytes]","args":[{"selector":{"id":"application-manageyards-display-component---NewYard--addressEditDetailsCostObjectCstType-arrow"},"wdio_ui5_key":"applicationmanageyards-display-component---NewYard--addressEditDetailsCostObjectCstType-arrow"}]}
RESULT: undefined
COMMAND: POST /session/3097350609915d1f0d0e7f0005360ed5/element - {"using":"xpath","value":"//*[@id=\"application-manageyards-display-component---NewYard--addressEditDetailsCostObjectCstType-arrow\"]"}
RESULT: {}
RESULT: {"using":"xpath","value":"//*[@id=\"application-manageyards-display-component---NewYard--addressEditDetailsCostObjectCstType-arrow\"]"}
COMMAND: POST /session/3097350609915d1f0d0e7f0005360ed5/element/f.185E35FC6384979D85E72AD7E1746CD8.d.952DCE669E0E42F338BC268A6F38E0F3.e.6733/click - {}
RESULT: {}
COMMAND: POST /session/3097350609915d1f0d0e7f0005360ed5/element - {"using":"xpath","value":"//span[contains(text(), \"Cost Center\")]"}
COMMAND: GET /session/3097350609915d1f0d0e7f0005360ed5/screenshot - {}
RESULT: {"using":"xpath","value":"//span[contains(text(), \"Cost Center\")]"}
COMMAND: POST /session/3097350609915d1f0d0e7f0005360ed5/element/f.185E35FC6384979D85E72AD7E1746CD8.d.952DCE669E0E42F338BC268A6F38E0F3.e.6734/click - {}
RESULT: {}
RESULT: {}
COMMAND: GET /session/3097350609915d1f0d0e7f0005360ed5/screenshot - {}
RESULT: {}
COMMAND: POST /session/3097350609915d1f0d0e7f0005360ed5/element - {"using":"xpath","value":"//span[@id=\"application-manageyards-display-component---NewYard--addressNewCostObjectCstID-vhi\"]"}
RESULT: {"using":"xpath","value":"//span[@id=\"application-manageyards-display-component---NewYard--addressNewCostObjectCstID-vhi\"]"}
COMMAND: POST /session/3097350609915d1f0d0e7f0005360ed5/execute/sync - {"script":"<script> [8489 bytes]","args":[{"element-6066-11e4-a52e-4f735466cecf":"f.185E35FC6384979D85E72AD7E1746CD8.d.952DCE669E0E42F338BC268A6F38E0F3.e.6738","ELEMENT":"f.185E35FC6384979D85E72AD7E1746CD8.d.952DCE669E0E42F338BC268A6F38E0F3.e.6738"}]}
RESULT: {"script":"<script> [8489 bytes]","args":[{"element-6066-11e4-a52e-4f735466cecf":"f.185E35FC6384979D85E72AD7E1746CD8.d.952DCE669E0E42F338BC268A6F38E0F3.e.6738","ELEMENT":"f.185E35FC6384979D85E72AD7E1746CD8.d.952DCE669E0E42F338BC268A6F38E0F3.e.6738"}]}
COMMAND: POST /session/3097350609915d1f0d0e7f0005360ed5/execute/async - {"script":"<script> [1562 bytes]","args":[{"selector":{"id":"application-manageyards-display-component---NewYard--addressNewCostObjectCstID-vhi"},"wdio_ui5_key":"applicationmanageyards-display-component---NewYard--addressNewCostObjectCstID-vhi"}]}
COMMAND: GET /session/3097350609915d1f0d0e7f0005360ed5/screenshot - {}
RESULT: {"script":"<script> [1562 bytes]","args":[{"selector":{"id":"application-manageyards-display-component---NewYard--addressNewCostObjectCstID-vhi"},"wdio_ui5_key":"applicationmanageyards-display-component---NewYard--addressNewCostObjectCstID-vhi"}]}
RESULT: undefined
COMMAND: POST /session/3097350609915d1f0d0e7f0005360ed5/element - {"using":"xpath","value":"//*[@id=\"application-manageyards-display-component---NewYard--addressNewCostObjectCstID-vhi\"]"}
RESULT: {}
RESULT: {"using":"xpath","value":"//*[@id=\"application-manageyards-display-component---NewYard--addressNewCostObjectCstID-vhi\"]"}
COMMAND: POST /session/3097350609915d1f0d0e7f0005360ed5/element/f.185E35FC6384979D85E72AD7E1746CD8.d.952DCE669E0E42F338BC268A6F38E0F3.e.6738/click - {}
RESULT: {}
COMMAND: GET /session/3097350609915d1f0d0e7f0005360ed5/screenshot - {}
RESULT: {}
COMMAND: POST /session/3097350609915d1f0d0e7f0005360ed5/execute/async - {"script":"<script> [1562 bytes]","args":[{"selector":{"controlType":"sap.m.SearchField","properties":{"placeholder":"Search"},"searchOpenDialogs":true,"interaction":{"idSuffix":"I"}},"wdio_ui5_key":"sapm.SearchField{\"placeholder\":\"Search\"}"}]}
RESULT: {"script":"<script> [1562 bytes]","args":[{"selector":{"controlType":"sap.m.SearchField","properties":{"placeholder":"Search"},"searchOpenDialogs":true,"interaction":{"idSuffix":"I"}},"wdio_ui5_key":"sapm.SearchField{\"placeholder\":\"Search\"}"}]}
RESULT: undefined
COMMAND: POST /session/3097350609915d1f0d0e7f0005360ed5/execute/async - {"script":"<script> [776 bytes]","args":[{"enterText":"bauh_b","selector":{"controlType":"sap.m.SearchField","properties":{"placeholder":"Search"},"searchOpenDialogs":true,"interaction":{"idSuffix":"I"}},"clearTextFirst":true,"interactionType":"ENTER_TEXT"}]}
RESULT: {"script":"<script> [776 bytes]","args":[{"enterText":"bauh_b","selector":{"controlType":"sap.m.SearchField","properties":{"placeholder":"Search"},"searchOpenDialogs":true,"interaction":{"idSuffix":"I"}},"clearTextFirst":true,"interactionType":"ENTER_TEXT"}]}
COMMAND: POST /session/3097350609915d1f0d0e7f0005360ed5/actions - {"actions":[{"id":"action20","type":"key","parameters":{},"actions":[{"type":"keyDown","value":"î€‡"},{"type":"pause","duration":10},{"type":"keyUp","value":"î€‡"}]}]}
RESULT: {"actions":[{"id":"action20","type":"key","parameters":{},"actions":[{"type":"keyDown","value":"î€‡"},{"type":"pause","duration":10},{"type":"keyUp","value":"î€‡"}]}]}
COMMAND: GET /session/3097350609915d1f0d0e7f0005360ed5/screenshot - {}
RESULT: {}
COMMAND: POST /session/3097350609915d1f0d0e7f0005360ed5/element - {"using":"xpath","value":"//span[contains(text(), \"Demo Yard\")]"}
RESULT: {"using":"xpath","value":"//span[contains(text(), \"Demo Yard\")]"}
COMMAND: POST /session/3097350609915d1f0d0e7f0005360ed5/element/f.185E35FC6384979D85E72AD7E1746CD8.d.952DCE669E0E42F338BC268A6F38E0F3.e.6778/click - {}
RESULT: {}
COMMAND: GET /session/3097350609915d1f0d0e7f0005360ed5/screenshot - {}
RESULT: {}
COMMAND: POST /session/3097350609915d1f0d0e7f0005360ed5/element - {"using":"xpath","value":"//bdi[contains(text(), \"OK\")]"}
RESULT: {"using":"xpath","value":"//bdi[contains(text(), \"OK\")]"}
COMMAND: POST /session/3097350609915d1f0d0e7f0005360ed5/element/f.185E35FC6384979D85E72AD7E1746CD8.d.952DCE669E0E42F338BC268A6F38E0F3.e.6779/click - {}
RESULT: {}
COMMAND: GET /session/3097350609915d1f0d0e7f0005360ed5/screenshot - {}
RESULT: {}
COMMAND: POST /session/3097350609915d1f0d0e7f0005360ed5/execute/async - {"script":"<script> [1562 bytes]","args":[{"selector":{"id":"application-manageyards-display-component---NewYard--addressEditDetailsCurrency-arrow"},"wdio_ui5_key":"applicationmanageyards-display-component---NewYard--addressEditDetailsCurrency-arrow"}]}
RESULT: {"script":"<script> [1562 bytes]","args":[{"selector":{"id":"application-manageyards-display-component---NewYard--addressEditDetailsCurrency-arrow"},"wdio_ui5_key":"applicationmanageyards-display-component---NewYard--addressEditDetailsCurrency-arrow"}]}
RESULT: undefined
COMMAND: POST /session/3097350609915d1f0d0e7f0005360ed5/element - {"using":"xpath","value":"//*[@id=\"application-manageyards-display-component---NewYard--addressEditDetailsCurrency-arrow\"]"}
RESULT: {"using":"xpath","value":"//*[@id=\"application-manageyards-display-component---NewYard--addressEditDetailsCurrency-arrow\"]"}
COMMAND: POST /session/3097350609915d1f0d0e7f0005360ed5/element/f.185E35FC6384979D85E72AD7E1746CD8.d.952DCE669E0E42F338BC268A6F38E0F3.e.6782/click - {}
RESULT: {}
COMMAND: POST /session/3097350609915d1f0d0e7f0005360ed5/element - {"using":"xpath","value":"//span[contains(text(), \"Euro\")]"}
COMMAND: GET /session/3097350609915d1f0d0e7f0005360ed5/screenshot - {}
RESULT: {"using":"xpath","value":"//span[contains(text(), \"Euro\")]"}
COMMAND: POST /session/3097350609915d1f0d0e7f0005360ed5/element/f.185E35FC6384979D85E72AD7E1746CD8.d.952DCE669E0E42F338BC268A6F38E0F3.e.6783/click - {}
RESULT: {}
RESULT: {}
COMMAND: POST /session/3097350609915d1f0d0e7f0005360ed5/execute/async - {"script":"<script> [1562 bytes]","args":[{"selector":{"controlType":"sap.m.Input","viewName":"etm.portal.ui.manageyards.view.New","viewId":"application-manageyards-display-component---NewYard","bindingPath":{"path":"","propertyPath":"/CONTROLLING_AREA","modelName":"NewYardModel"},"interaction":{"idSuffix":"inner"}},"wdio_ui5_key":"etmportal.ui.manageyards.view.Newsap.m.Input{\"path\":\"\",\"propertyPath\":\"/CONTROLLING_AREA\",\"modelName\":\"NewYardModel\"}"}]}
COMMAND: GET /session/3097350609915d1f0d0e7f0005360ed5/screenshot - {}
RESULT: {"script":"<script> [1562 bytes]","args":[{"selector":{"controlType":"sap.m.Input","viewName":"etm.portal.ui.manageyards.view.New","viewId":"application-manageyards-display-component---NewYard","bindingPath":{"path":"","propertyPath":"/CONTROLLING_AREA","modelName":"NewYardModel"},"interaction":{"idSuffix":"inner"}},"wdio_ui5_key":"etmportal.ui.manageyards.view.Newsap.m.Input{\"path\":\"\",\"propertyPath\":\"/CONTROLLING_AREA\",\"modelName\":\"NewYardModel\"}"}]}
RESULT: undefined
COMMAND: POST /session/3097350609915d1f0d0e7f0005360ed5/execute/async - {"script":"<script> [776 bytes]","args":[{"enterText":"Z001","selector":{"controlType":"sap.m.Input","viewName":"etm.portal.ui.manageyards.view.New","viewId":"application-manageyards-display-component---NewYard","bindingPath":{"path":"","propertyPath":"/CONTROLLING_AREA","modelName":"NewYardModel"},"interaction":{"idSuffix":"inner"}},"clearTextFirst":true,"interactionType":"ENTER_TEXT"}]}
RESULT: {}
RESULT: {"script":"<script> [776 bytes]","args":[{"enterText":"Z001","selector":{"controlType":"sap.m.Input","viewName":"etm.portal.ui.manageyards.view.New","viewId":"application-manageyards-display-component---NewYard","bindingPath":{"path":"","propertyPath":"/CONTROLLING_AREA","modelName":"NewYardModel"},"interaction":{"idSuffix":"inner"}},"clearTextFirst":true,"interactionType":"ENTER_TEXT"}]}
COMMAND: POST /session/3097350609915d1f0d0e7f0005360ed5/execute/async - {"script":"<script> [1562 bytes]","args":[{"selector":{"id":"application-manageyards-display-component---NewYard--companyCodeComboBox","interaction":{"idSuffix":"inner"}},"wdio_ui5_key":"applicationmanageyards-display-component---NewYard--companyCodeComboBox"}]}
RESULT: {"script":"<script> [1562 bytes]","args":[{"selector":{"id":"application-manageyards-display-component---NewYard--companyCodeComboBox","interaction":{"idSuffix":"inner"}},"wdio_ui5_key":"applicationmanageyards-display-component---NewYard--companyCodeComboBox"}]}
RESULT: undefined
COMMAND: POST /session/3097350609915d1f0d0e7f0005360ed5/execute/async - {"script":"<script> [776 bytes]","args":[{"enterText":"1000","selector":{"id":"application-manageyards-display-component---NewYard--companyCodeComboBox","interaction":{"idSuffix":"inner"}},"clearTextFirst":true,"interactionType":"ENTER_TEXT"}]}
RESULT: {"script":"<script> [776 bytes]","args":[{"enterText":"1000","selector":{"id":"application-manageyards-display-component---NewYard--companyCodeComboBox","interaction":{"idSuffix":"inner"}},"clearTextFirst":true,"interactionType":"ENTER_TEXT"}]}
COMMAND: POST /session/3097350609915d1f0d0e7f0005360ed5/execute/async - {"script":"<script> [1562 bytes]","args":[{"selector":{"controlType":"sap.m.Input","viewName":"etm.portal.ui.manageyards.view.New","viewId":"application-manageyards-display-component---NewYard","bindingPath":{"path":"","propertyPath":"/PLANT","modelName":"NewYardModel"},"interaction":{"idSuffix":"inner"}},"wdio_ui5_key":"etmportal.ui.manageyards.view.Newsap.m.Input{\"path\":\"\",\"propertyPath\":\"/PLANT\",\"modelName\":\"NewYardModel\"}"}]}
RESULT: {"script":"<script> [1562 bytes]","args":[{"selector":{"controlType":"sap.m.Input","viewName":"etm.portal.ui.manageyards.view.New","viewId":"application-manageyards-display-component---NewYard","bindingPath":{"path":"","propertyPath":"/PLANT","modelName":"NewYardModel"},"interaction":{"idSuffix":"inner"}},"wdio_ui5_key":"etmportal.ui.manageyards.view.Newsap.m.Input{\"path\":\"\",\"propertyPath\":\"/PLANT\",\"modelName\":\"NewYardModel\"}"}]}
RESULT: undefined
COMMAND: POST /session/3097350609915d1f0d0e7f0005360ed5/execute/async - {"script":"<script> [776 bytes]","args":[{"enterText":"1001","selector":{"controlType":"sap.m.Input","viewName":"etm.portal.ui.manageyards.view.New","viewId":"application-manageyards-display-component---NewYard","bindingPath":{"path":"","propertyPath":"/PLANT","modelName":"NewYardModel"},"interaction":{"idSuffix":"inner"}},"clearTextFirst":true,"interactionType":"ENTER_TEXT"}]}
RESULT: {"script":"<script> [776 bytes]","args":[{"enterText":"1001","selector":{"controlType":"sap.m.Input","viewName":"etm.portal.ui.manageyards.view.New","viewId":"application-manageyards-display-component---NewYard","bindingPath":{"path":"","propertyPath":"/PLANT","modelName":"NewYardModel"},"interaction":{"idSuffix":"inner"}},"clearTextFirst":true,"interactionType":"ENTER_TEXT"}]}
COMMAND: POST /session/3097350609915d1f0d0e7f0005360ed5/execute/async - {"script":"<script> [1562 bytes]","args":[{"selector":{"controlType":"sap.m.Input","viewName":"etm.portal.ui.manageyards.view.New","viewId":"application-manageyards-display-component---NewYard","bindingPath":{"path":"","propertyPath":"/SALES_AREA_VKORG","modelName":"NewYardModel"},"interaction":{"idSuffix":"inner"}},"wdio_ui5_key":"etmportal.ui.manageyards.view.Newsap.m.Input{\"path\":\"\",\"propertyPath\":\"/SALES_AREA_VKORG\",\"modelName\":\"NewYardModel\"}"}]}
RESULT: {"script":"<script> [1562 bytes]","args":[{"selector":{"controlType":"sap.m.Input","viewName":"etm.portal.ui.manageyards.view.New","viewId":"application-manageyards-display-component---NewYard","bindingPath":{"path":"","propertyPath":"/SALES_AREA_VKORG","modelName":"NewYardModel"},"interaction":{"idSuffix":"inner"}},"wdio_ui5_key":"etmportal.ui.manageyards.view.Newsap.m.Input{\"path\":\"\",\"propertyPath\":\"/SALES_AREA_VKORG\",\"modelName\":\"NewYardModel\"}"}]}
RESULT: undefined
COMMAND: POST /session/3097350609915d1f0d0e7f0005360ed5/execute/async - {"script":"<script> [776 bytes]","args":[{"enterText":"C002","selector":{"controlType":"sap.m.Input","viewName":"etm.portal.ui.manageyards.view.New","viewId":"application-manageyards-display-component---NewYard","bindingPath":{"path":"","propertyPath":"/SALES_AREA_VKORG","modelName":"NewYardModel"},"interaction":{"idSuffix":"inner"}},"clearTextFirst":true,"interactionType":"ENTER_TEXT"}]}
RESULT: {"script":"<script> [776 bytes]","args":[{"enterText":"C002","selector":{"controlType":"sap.m.Input","viewName":"etm.portal.ui.manageyards.view.New","viewId":"application-manageyards-display-component---NewYard","bindingPath":{"path":"","propertyPath":"/SALES_AREA_VKORG","modelName":"NewYardModel"},"interaction":{"idSuffix":"inner"}},"clearTextFirst":true,"interactionType":"ENTER_TEXT"}]}
COMMAND: POST /session/3097350609915d1f0d0e7f0005360ed5/execute/async - {"script":"<script> [1562 bytes]","args":[{"selector":{"controlType":"sap.m.Input","viewName":"etm.portal.ui.manageyards.view.New","viewId":"application-manageyards-display-component---NewYard","bindingPath":{"path":"","propertyPath":"/SALES_AREA_VTWEG","modelName":"NewYardModel"},"interaction":{"idSuffix":"inner"}},"wdio_ui5_key":"etmportal.ui.manageyards.view.Newsap.m.Input{\"path\":\"\",\"propertyPath\":\"/SALES_AREA_VTWEG\",\"modelName\":\"NewYardModel\"}"}]}
RESULT: {"script":"<script> [1562 bytes]","args":[{"selector":{"controlType":"sap.m.Input","viewName":"etm.portal.ui.manageyards.view.New","viewId":"application-manageyards-display-component---NewYard","bindingPath":{"path":"","propertyPath":"/SALES_AREA_VTWEG","modelName":"NewYardModel"},"interaction":{"idSuffix":"inner"}},"wdio_ui5_key":"etmportal.ui.manageyards.view.Newsap.m.Input{\"path\":\"\",\"propertyPath\":\"/SALES_AREA_VTWEG\",\"modelName\":\"NewYardModel\"}"}]}
RESULT: undefined
COMMAND: POST /session/3097350609915d1f0d0e7f0005360ed5/execute/async - {"script":"<script> [776 bytes]","args":[{"enterText":"C2","selector":{"controlType":"sap.m.Input","viewName":"etm.portal.ui.manageyards.view.New","viewId":"application-manageyards-display-component---NewYard","bindingPath":{"path":"","propertyPath":"/SALES_AREA_VTWEG","modelName":"NewYardModel"},"interaction":{"idSuffix":"inner"}},"clearTextFirst":true,"interactionType":"ENTER_TEXT"}]}
RESULT: {"script":"<script> [776 bytes]","args":[{"enterText":"C2","selector":{"controlType":"sap.m.Input","viewName":"etm.portal.ui.manageyards.view.New","viewId":"application-manageyards-display-component---NewYard","bindingPath":{"path":"","propertyPath":"/SALES_AREA_VTWEG","modelName":"NewYardModel"},"interaction":{"idSuffix":"inner"}},"clearTextFirst":true,"interactionType":"ENTER_TEXT"}]}
COMMAND: POST /session/3097350609915d1f0d0e7f0005360ed5/execute/async - {"script":"<script> [1562 bytes]","args":[{"selector":{"controlType":"sap.m.Input","viewName":"etm.portal.ui.manageyards.view.New","viewId":"application-manageyards-display-component---NewYard","bindingPath":{"path":"","propertyPath":"/SALES_AREA_SPART","modelName":"NewYardModel"},"interaction":{"idSuffix":"inner"}},"wdio_ui5_key":"etmportal.ui.manageyards.view.Newsap.m.Input{\"path\":\"\",\"propertyPath\":\"/SALES_AREA_SPART\",\"modelName\":\"NewYardModel\"}"}]}
RESULT: {"script":"<script> [1562 bytes]","args":[{"selector":{"controlType":"sap.m.Input","viewName":"etm.portal.ui.manageyards.view.New","viewId":"application-manageyards-display-component---NewYard","bindingPath":{"path":"","propertyPath":"/SALES_AREA_SPART","modelName":"NewYardModel"},"interaction":{"idSuffix":"inner"}},"wdio_ui5_key":"etmportal.ui.manageyards.view.Newsap.m.Input{\"path\":\"\",\"propertyPath\":\"/SALES_AREA_SPART\",\"modelName\":\"NewYardModel\"}"}]}
RESULT: undefined
COMMAND: POST /session/3097350609915d1f0d0e7f0005360ed5/execute/async - {"script":"<script> [776 bytes]","args":[{"enterText":"C2","selector":{"controlType":"sap.m.Input","viewName":"etm.portal.ui.manageyards.view.New","viewId":"application-manageyards-display-component---NewYard","bindingPath":{"path":"","propertyPath":"/SALES_AREA_SPART","modelName":"NewYardModel"},"interaction":{"idSuffix":"inner"}},"clearTextFirst":true,"interactionType":"ENTER_TEXT"}]}
RESULT: {"script":"<script> [776 bytes]","args":[{"enterText":"C2","selector":{"controlType":"sap.m.Input","viewName":"etm.portal.ui.manageyards.view.New","viewId":"application-manageyards-display-component---NewYard","bindingPath":{"path":"","propertyPath":"/SALES_AREA_SPART","modelName":"NewYardModel"},"interaction":{"idSuffix":"inner"}},"clearTextFirst":true,"interactionType":"ENTER_TEXT"}]}
COMMAND: POST /session/3097350609915d1f0d0e7f0005360ed5/execute/async - {"script":"<script> [1562 bytes]","args":[{"selector":{"controlType":"sap.m.Input","viewName":"etm.portal.ui.manageyards.view.New","viewId":"application-manageyards-display-component---NewYard","bindingPath":{"path":"","propertyPath":"/SHIP_POINT","modelName":"NewYardModel"},"interaction":{"idSuffix":"inner"}},"wdio_ui5_key":"etmportal.ui.manageyards.view.Newsap.m.Input{\"path\":\"\",\"propertyPath\":\"/SHIP_POINT\",\"modelName\":\"NewYardModel\"}"}]}
RESULT: {"script":"<script> [1562 bytes]","args":[{"selector":{"controlType":"sap.m.Input","viewName":"etm.portal.ui.manageyards.view.New","viewId":"application-manageyards-display-component---NewYard","bindingPath":{"path":"","propertyPath":"/SHIP_POINT","modelName":"NewYardModel"},"interaction":{"idSuffix":"inner"}},"wdio_ui5_key":"etmportal.ui.manageyards.view.Newsap.m.Input{\"path\":\"\",\"propertyPath\":\"/SHIP_POINT\",\"modelName\":\"NewYardModel\"}"}]}
RESULT: undefined
COMMAND: POST /session/3097350609915d1f0d0e7f0005360ed5/execute/async - {"script":"<script> [776 bytes]","args":[{"enterText":"1710","selector":{"controlType":"sap.m.Input","viewName":"etm.portal.ui.manageyards.view.New","viewId":"application-manageyards-display-component---NewYard","bindingPath":{"path":"","propertyPath":"/SHIP_POINT","modelName":"NewYardModel"},"interaction":{"idSuffix":"inner"}},"clearTextFirst":true,"interactionType":"ENTER_TEXT"}]}
RESULT: {"script":"<script> [776 bytes]","args":[{"enterText":"1710","selector":{"controlType":"sap.m.Input","viewName":"etm.portal.ui.manageyards.view.New","viewId":"application-manageyards-display-component---NewYard","bindingPath":{"path":"","propertyPath":"/SHIP_POINT","modelName":"NewYardModel"},"interaction":{"idSuffix":"inner"}},"clearTextFirst":true,"interactionType":"ENTER_TEXT"}]}
COMMAND: POST /session/3097350609915d1f0d0e7f0005360ed5/execute/async - {"script":"<script> [1562 bytes]","args":[{"selector":{"controlType":"sap.m.Input","viewName":"etm.portal.ui.manageyards.view.New","viewId":"application-manageyards-display-component---NewYard","bindingPath":{"path":"","propertyPath":"/DELIVERY_TYPE","modelName":"NewYardModel"},"interaction":{"idSuffix":"inner"}},"wdio_ui5_key":"etmportal.ui.manageyards.view.Newsap.m.Input{\"path\":\"\",\"propertyPath\":\"/DELIVERY_TYPE\",\"modelName\":\"NewYardModel\"}"}]}
RESULT: {"script":"<script> [1562 bytes]","args":[{"selector":{"controlType":"sap.m.Input","viewName":"etm.portal.ui.manageyards.view.New","viewId":"application-manageyards-display-component---NewYard","bindingPath":{"path":"","propertyPath":"/DELIVERY_TYPE","modelName":"NewYardModel"},"interaction":{"idSuffix":"inner"}},"wdio_ui5_key":"etmportal.ui.manageyards.view.Newsap.m.Input{\"path\":\"\",\"propertyPath\":\"/DELIVERY_TYPE\",\"modelName\":\"NewYardModel\"}"}]}
RESULT: undefined
COMMAND: POST /session/3097350609915d1f0d0e7f0005360ed5/execute/async - {"script":"<script> [776 bytes]","args":[{"enterText":"ZL01","selector":{"controlType":"sap.m.Input","viewName":"etm.portal.ui.manageyards.view.New","viewId":"application-manageyards-display-component---NewYard","bindingPath":{"path":"","propertyPath":"/DELIVERY_TYPE","modelName":"NewYardModel"},"interaction":{"idSuffix":"inner"}},"clearTextFirst":true,"interactionType":"ENTER_TEXT"}]}
RESULT: {"script":"<script> [776 bytes]","args":[{"enterText":"ZL01","selector":{"controlType":"sap.m.Input","viewName":"etm.portal.ui.manageyards.view.New","viewId":"application-manageyards-display-component---NewYard","bindingPath":{"path":"","propertyPath":"/DELIVERY_TYPE","modelName":"NewYardModel"},"interaction":{"idSuffix":"inner"}},"clearTextFirst":true,"interactionType":"ENTER_TEXT"}]}
COMMAND: POST /session/3097350609915d1f0d0e7f0005360ed5/execute/async - {"script":"<script> [1562 bytes]","args":[{"selector":{"controlType":"sap.m.Input","viewName":"etm.portal.ui.manageyards.view.New","viewId":"application-manageyards-display-component---NewYard","bindingPath":{"path":"","propertyPath":"/AUART","modelName":"NewYardModel"},"interaction":{"idSuffix":"inner"}},"wdio_ui5_key":"etmportal.ui.manageyards.view.Newsap.m.Input{\"path\":\"\",\"propertyPath\":\"/AUART\",\"modelName\":\"NewYardModel\"}"}]}
RESULT: {"script":"<script> [1562 bytes]","args":[{"selector":{"controlType":"sap.m.Input","viewName":"etm.portal.ui.manageyards.view.New","viewId":"application-manageyards-display-component---NewYard","bindingPath":{"path":"","propertyPath":"/AUART","modelName":"NewYardModel"},"interaction":{"idSuffix":"inner"}},"wdio_ui5_key":"etmportal.ui.manageyards.view.Newsap.m.Input{\"path\":\"\",\"propertyPath\":\"/AUART\",\"modelName\":\"NewYardModel\"}"}]}
RESULT: undefined
COMMAND: POST /session/3097350609915d1f0d0e7f0005360ed5/execute/async - {"script":"<script> [776 bytes]","args":[{"enterText":"TA","selector":{"controlType":"sap.m.Input","viewName":"etm.portal.ui.manageyards.view.New","viewId":"application-manageyards-display-component---NewYard","bindingPath":{"path":"","propertyPath":"/AUART","modelName":"NewYardModel"},"interaction":{"idSuffix":"inner"}},"clearTextFirst":true,"interactionType":"ENTER_TEXT"}]}
RESULT: {"script":"<script> [776 bytes]","args":[{"enterText":"TA","selector":{"controlType":"sap.m.Input","viewName":"etm.portal.ui.manageyards.view.New","viewId":"application-manageyards-display-component---NewYard","bindingPath":{"path":"","propertyPath":"/AUART","modelName":"NewYardModel"},"interaction":{"idSuffix":"inner"}},"clearTextFirst":true,"interactionType":"ENTER_TEXT"}]}
COMMAND: POST /session/3097350609915d1f0d0e7f0005360ed5/element - {"using":"xpath","value":"//button[@data-kt=\"newYardSaveButton\"]"}
RESULT: {"using":"xpath","value":"//button[@data-kt=\"newYardSaveButton\"]"}
COMMAND: POST /session/3097350609915d1f0d0e7f0005360ed5/element/f.185E35FC6384979D85E72AD7E1746CD8.d.952DCE669E0E42F338BC268A6F38E0F3.e.6673/click - {}
RESULT: {}
COMMAND: GET /session/3097350609915d1f0d0e7f0005360ed5/screenshot - {}
RESULT: {}
COMMAND: POST /session/3097350609915d1f0d0e7f0005360ed5/element - {"using":"xpath","value":"//header[contains(@id, 'ObjectPageLayout-headerTitle')]/div[1]/div[2]/div[1]/span[1]"}
RESULT: {"using":"xpath","value":"//header[contains(@id, 'ObjectPageLayout-headerTitle')]/div[1]/div[2]/div[1]/span[1]"}
COMMAND: POST /session/3097350609915d1f0d0e7f0005360ed5/elements - {"using":"xpath","value":"//header[contains(@id, 'ObjectPageLayout-headerTitle')]/div[1]/div[2]/div[1]/span[1]"}
RESULT: {"using":"xpath","value":"//header[contains(@id, 'ObjectPageLayout-headerTitle')]/div[1]/div[2]/div[1]/span[1]"}
COMMAND: POST /session/3097350609915d1f0d0e7f0005360ed5/execute/sync - {"script":"<script> [56 bytes]","args":[{"element-6066-11e4-a52e-4f735466cecf":"f.185E35FC6384979D85E72AD7E1746CD8.d.952DCE669E0E42F338BC268A6F38E0F3.e.7012","ELEMENT":"f.185E35FC6384979D85E72AD7E1746CD8.d.952DCE669E0E42F338BC268A6F38E0F3.e.7012"}]}
RESULT: {"script":"<script> [56 bytes]","args":[{"element-6066-11e4-a52e-4f735466cecf":"f.185E35FC6384979D85E72AD7E1746CD8.d.952DCE669E0E42F338BC268A6F38E0F3.e.7012","ELEMENT":"f.185E35FC6384979D85E72AD7E1746CD8.d.952DCE669E0E42F338BC268A6F38E0F3.e.7012"}]}
COMMAND: GET /session/3097350609915d1f0d0e7f0005360ed5/screenshot - {}
RESULT: {}
COMMAND: POST /session/3097350609915d1f0d0e7f0005360ed5/element - {"using":"css selector","value":"#shell-header-logo"}
RESULT: {"using":"css selector","value":"#shell-header-logo"}
COMMAND: POST /session/3097350609915d1f0d0e7f0005360ed5/element/f.185E35FC6384979D85E72AD7E1746CD8.d.952DCE669E0E42F338BC268A6F38E0F3.e.6250/click - {}
RESULT: {}
COMMAND: GET /session/3097350609915d1f0d0e7f0005360ed5/screenshot - {}
RESULT: {}
COMMAND: POST /session/3097350609915d1f0d0e7f0005360ed5/execute/sync - {"script":"<script> [299 bytes]","args":[["getModel","getResource"]]}
RESULT: {"script":"<script> [299 bytes]","args":[["getModel","getResource"]]}
COMMAND: GET /session/3097350609915d1f0d0e7f0005360ed5/screenshot - {}
]]></system-out>
    </testcase>
    <testcase classname="chrome.136_0_7103_93.windows.Create_master_data_for_mixed_billing_&amp;_do_billing_calculation_US151661" name="Should create a new partner" time="131.057">
      <system-out><![CDATA[
COMMAND: POST /session/3097350609915d1f0d0e7f0005360ed5/window/fullscreen - {}
RESULT: {}
RESULT: {}
COMMAND: POST /session/3097350609915d1f0d0e7f0005360ed5/execute/async - {"script":"<script> [1562 bytes]","args":[{"selector":{"controlType":"sap.m.GenericTile","properties":{"header":"Manage Partners"}},"wdio_ui5_key":"sapm.GenericTile{\"header\":\"Manage Partners\"}"}]}
RESULT: {"script":"<script> [1562 bytes]","args":[{"selector":{"controlType":"sap.m.GenericTile","properties":{"header":"Manage Partners"}},"wdio_ui5_key":"sapm.GenericTile{\"header\":\"Manage Partners\"}"}]}
RESULT: undefined
COMMAND: POST /session/3097350609915d1f0d0e7f0005360ed5/element - {"using":"xpath","value":"//*[@id=\"__tile38\"]"}
RESULT: {"using":"xpath","value":"//*[@id=\"__tile38\"]"}
COMMAND: POST /session/3097350609915d1f0d0e7f0005360ed5/element/f.185E35FC6384979D85E72AD7E1746CD8.d.952DCE669E0E42F338BC268A6F38E0F3.e.6147/click - {}
RESULT: {}
COMMAND: GET /session/3097350609915d1f0d0e7f0005360ed5/screenshot - {}
RESULT: {}
COMMAND: POST /session/3097350609915d1f0d0e7f0005360ed5/elements - {"using":"xpath","value":"//span[text()='Error']"}
RESULT: {"using":"xpath","value":"//span[text()='Error']"}
COMMAND: POST /session/3097350609915d1f0d0e7f0005360ed5/element - {"using":"xpath","value":"//button[@data-kt=\"addButton\"]"}
RESULT: {"using":"xpath","value":"//button[@data-kt=\"addButton\"]"}
COMMAND: POST /session/3097350609915d1f0d0e7f0005360ed5/elements - {"using":"xpath","value":"//button[@data-kt=\"addButton\"]"}
RESULT: {"using":"xpath","value":"//button[@data-kt=\"addButton\"]"}
COMMAND: POST /session/3097350609915d1f0d0e7f0005360ed5/execute/sync - {"script":"<script> [8489 bytes]","args":[{"element-6066-11e4-a52e-4f735466cecf":"f.185E35FC6384979D85E72AD7E1746CD8.d.952DCE669E0E42F338BC268A6F38E0F3.e.7061","ELEMENT":"f.185E35FC6384979D85E72AD7E1746CD8.d.952DCE669E0E42F338BC268A6F38E0F3.e.7061"}]}
RESULT: {"script":"<script> [8489 bytes]","args":[{"element-6066-11e4-a52e-4f735466cecf":"f.185E35FC6384979D85E72AD7E1746CD8.d.952DCE669E0E42F338BC268A6F38E0F3.e.7061","ELEMENT":"f.185E35FC6384979D85E72AD7E1746CD8.d.952DCE669E0E42F338BC268A6F38E0F3.e.7061"}]}
COMMAND: GET /session/3097350609915d1f0d0e7f0005360ed5/element/f.185E35FC6384979D85E72AD7E1746CD8.d.952DCE669E0E42F338BC268A6F38E0F3.e.7061/enabled - {}
COMMAND: GET /session/3097350609915d1f0d0e7f0005360ed5/screenshot - {}
RESULT: {}
COMMAND: POST /session/3097350609915d1f0d0e7f0005360ed5/execute/sync - {"script":"<script> [8489 bytes]","args":[{"element-6066-11e4-a52e-4f735466cecf":"f.185E35FC6384979D85E72AD7E1746CD8.d.952DCE669E0E42F338BC268A6F38E0F3.e.7061","ELEMENT":"f.185E35FC6384979D85E72AD7E1746CD8.d.952DCE669E0E42F338BC268A6F38E0F3.e.7061"}]}
COMMAND: GET /session/3097350609915d1f0d0e7f0005360ed5/screenshot - {}
RESULT: {}
RESULT: {"script":"<script> [8489 bytes]","args":[{"element-6066-11e4-a52e-4f735466cecf":"f.185E35FC6384979D85E72AD7E1746CD8.d.952DCE669E0E42F338BC268A6F38E0F3.e.7061","ELEMENT":"f.185E35FC6384979D85E72AD7E1746CD8.d.952DCE669E0E42F338BC268A6F38E0F3.e.7061"}]}
COMMAND: POST /session/3097350609915d1f0d0e7f0005360ed5/execute/sync - {"script":"<script> [5351 bytes]","args":[{"element-6066-11e4-a52e-4f735466cecf":"f.185E35FC6384979D85E72AD7E1746CD8.d.952DCE669E0E42F338BC268A6F38E0F3.e.7061","ELEMENT":"f.185E35FC6384979D85E72AD7E1746CD8.d.952DCE669E0E42F338BC268A6F38E0F3.e.7061"}]}
COMMAND: GET /session/3097350609915d1f0d0e7f0005360ed5/screenshot - {}
RESULT: {}
RESULT: {"script":"<script> [5351 bytes]","args":[{"element-6066-11e4-a52e-4f735466cecf":"f.185E35FC6384979D85E72AD7E1746CD8.d.952DCE669E0E42F338BC268A6F38E0F3.e.7061","ELEMENT":"f.185E35FC6384979D85E72AD7E1746CD8.d.952DCE669E0E42F338BC268A6F38E0F3.e.7061"}]}
COMMAND: POST /session/3097350609915d1f0d0e7f0005360ed5/element/f.185E35FC6384979D85E72AD7E1746CD8.d.952DCE669E0E42F338BC268A6F38E0F3.e.7061/click - {}
COMMAND: GET /session/3097350609915d1f0d0e7f0005360ed5/screenshot - {}
RESULT: {}
RESULT: {}
COMMAND: GET /session/3097350609915d1f0d0e7f0005360ed5/screenshot - {}
COMMAND: POST /session/3097350609915d1f0d0e7f0005360ed5/execute/async - {"script":"<script> [1562 bytes]","args":[{"selector":{"id":"application-managepartners-display-component---NewPartner--addressDetailDetailsName1","interaction":{"idSuffix":"inner"}},"wdio_ui5_key":"applicationmanagepartners-display-component---NewPartner--addressDetailDetailsName1"}]}
RESULT: {}
RESULT: {}
RESULT: {"script":"<script> [1562 bytes]","args":[{"selector":{"id":"application-managepartners-display-component---NewPartner--addressDetailDetailsName1","interaction":{"idSuffix":"inner"}},"wdio_ui5_key":"applicationmanagepartners-display-component---NewPartner--addressDetailDetailsName1"}]}
RESULT: undefined
COMMAND: POST /session/3097350609915d1f0d0e7f0005360ed5/execute/async - {"script":"<script> [776 bytes]","args":[{"enterText":"Intercompany Partner WDIO","selector":{"id":"application-managepartners-display-component---NewPartner--addressDetailDetailsName1","interaction":{"idSuffix":"inner"}},"clearTextFirst":true,"interactionType":"ENTER_TEXT"}]}
RESULT: {"script":"<script> [776 bytes]","args":[{"enterText":"Intercompany Partner WDIO","selector":{"id":"application-managepartners-display-component---NewPartner--addressDetailDetailsName1","interaction":{"idSuffix":"inner"}},"clearTextFirst":true,"interactionType":"ENTER_TEXT"}]}
COMMAND: POST /session/3097350609915d1f0d0e7f0005360ed5/execute/async - {"script":"<script> [1562 bytes]","args":[{"selector":{"id":"application-managepartners-display-component---NewPartner--addressDetailDetailsLanguage-arrow"},"wdio_ui5_key":"applicationmanagepartners-display-component---NewPartner--addressDetailDetailsLanguage-arrow"}]}
RESULT: {"script":"<script> [1562 bytes]","args":[{"selector":{"id":"application-managepartners-display-component---NewPartner--addressDetailDetailsLanguage-arrow"},"wdio_ui5_key":"applicationmanagepartners-display-component---NewPartner--addressDetailDetailsLanguage-arrow"}]}
RESULT: undefined
COMMAND: POST /session/3097350609915d1f0d0e7f0005360ed5/element - {"using":"xpath","value":"//*[@id=\"application-managepartners-display-component---NewPartner--addressDetailDetailsLanguage-arrow\"]"}
RESULT: {"using":"xpath","value":"//*[@id=\"application-managepartners-display-component---NewPartner--addressDetailDetailsLanguage-arrow\"]"}
COMMAND: POST /session/3097350609915d1f0d0e7f0005360ed5/element/f.185E35FC6384979D85E72AD7E1746CD8.d.952DCE669E0E42F338BC268A6F38E0F3.e.7488/click - {}
RESULT: {}
COMMAND: POST /session/3097350609915d1f0d0e7f0005360ed5/element - {"using":"xpath","value":"//span[contains(text(), \"English\")]"}
COMMAND: GET /session/3097350609915d1f0d0e7f0005360ed5/screenshot - {}
RESULT: {"using":"xpath","value":"//span[contains(text(), \"English\")]"}
COMMAND: POST /session/3097350609915d1f0d0e7f0005360ed5/element/f.185E35FC6384979D85E72AD7E1746CD8.d.952DCE669E0E42F338BC268A6F38E0F3.e.7489/click - {}
RESULT: {}
RESULT: {}
COMMAND: GET /session/3097350609915d1f0d0e7f0005360ed5/screenshot - {}
RESULT: {}
COMMAND: POST /session/3097350609915d1f0d0e7f0005360ed5/execute/async - {"script":"<script> [1562 bytes]","args":[{"selector":{"id":"application-managepartners-display-component---NewPartner--addressDetailDetailsCity1","interaction":{"idSuffix":"inner"}},"wdio_ui5_key":"applicationmanagepartners-display-component---NewPartner--addressDetailDetailsCity1"}]}
RESULT: {"script":"<script> [1562 bytes]","args":[{"selector":{"id":"application-managepartners-display-component---NewPartner--addressDetailDetailsCity1","interaction":{"idSuffix":"inner"}},"wdio_ui5_key":"applicationmanagepartners-display-component---NewPartner--addressDetailDetailsCity1"}]}
RESULT: undefined
COMMAND: POST /session/3097350609915d1f0d0e7f0005360ed5/execute/async - {"script":"<script> [776 bytes]","args":[{"enterText":"Rosario","selector":{"id":"application-managepartners-display-component---NewPartner--addressDetailDetailsCity1","interaction":{"idSuffix":"inner"}},"clearTextFirst":true,"interactionType":"ENTER_TEXT"}]}
RESULT: {"script":"<script> [776 bytes]","args":[{"enterText":"Rosario","selector":{"id":"application-managepartners-display-component---NewPartner--addressDetailDetailsCity1","interaction":{"idSuffix":"inner"}},"clearTextFirst":true,"interactionType":"ENTER_TEXT"}]}
COMMAND: POST /session/3097350609915d1f0d0e7f0005360ed5/execute/async - {"script":"<script> [1562 bytes]","args":[{"selector":{"id":"application-managepartners-display-component---NewPartner--addressDetailDetailsCountry-arrow"},"wdio_ui5_key":"applicationmanagepartners-display-component---NewPartner--addressDetailDetailsCountry-arrow"}]}
RESULT: {"script":"<script> [1562 bytes]","args":[{"selector":{"id":"application-managepartners-display-component---NewPartner--addressDetailDetailsCountry-arrow"},"wdio_ui5_key":"applicationmanagepartners-display-component---NewPartner--addressDetailDetailsCountry-arrow"}]}
RESULT: undefined
COMMAND: POST /session/3097350609915d1f0d0e7f0005360ed5/element - {"using":"xpath","value":"//*[@id=\"application-managepartners-display-component---NewPartner--addressDetailDetailsCountry-arrow\"]"}
RESULT: {"using":"xpath","value":"//*[@id=\"application-managepartners-display-component---NewPartner--addressDetailDetailsCountry-arrow\"]"}
COMMAND: POST /session/3097350609915d1f0d0e7f0005360ed5/element/f.185E35FC6384979D85E72AD7E1746CD8.d.952DCE669E0E42F338BC268A6F38E0F3.e.7468/click - {}
RESULT: {}
COMMAND: POST /session/3097350609915d1f0d0e7f0005360ed5/element - {"using":"xpath","value":"//span[contains(text(), \"Argentina\")]"}
COMMAND: GET /session/3097350609915d1f0d0e7f0005360ed5/screenshot - {}
RESULT: {"using":"xpath","value":"//span[contains(text(), \"Argentina\")]"}
COMMAND: POST /session/3097350609915d1f0d0e7f0005360ed5/element/f.185E35FC6384979D85E72AD7E1746CD8.d.952DCE669E0E42F338BC268A6F38E0F3.e.7491/click - {}
RESULT: {}
RESULT: {}
COMMAND: GET /session/3097350609915d1f0d0e7f0005360ed5/screenshot - {}
RESULT: {}
COMMAND: POST /session/3097350609915d1f0d0e7f0005360ed5/element - {"using":"xpath","value":"//bdi[contains(text(), \"Commercial\")]"}
RESULT: {"using":"xpath","value":"//bdi[contains(text(), \"Commercial\")]"}
COMMAND: POST /session/3097350609915d1f0d0e7f0005360ed5/element/f.185E35FC6384979D85E72AD7E1746CD8.d.952DCE669E0E42F338BC268A6F38E0F3.e.7492/click - {}
RESULT: {}
COMMAND: GET /session/3097350609915d1f0d0e7f0005360ed5/screenshot - {}
RESULT: {}
COMMAND: POST /session/3097350609915d1f0d0e7f0005360ed5/execute/async - {"script":"<script> [1562 bytes]","args":[{"selector":{"id":"application-managepartners-display-component---NewPartner--partnerDetailInternal-arrow"},"wdio_ui5_key":"applicationmanagepartners-display-component---NewPartner--partnerDetailInternal-arrow"}]}
RESULT: {"script":"<script> [1562 bytes]","args":[{"selector":{"id":"application-managepartners-display-component---NewPartner--partnerDetailInternal-arrow"},"wdio_ui5_key":"applicationmanagepartners-display-component---NewPartner--partnerDetailInternal-arrow"}]}
RESULT: undefined
COMMAND: POST /session/3097350609915d1f0d0e7f0005360ed5/element - {"using":"xpath","value":"//*[@id=\"application-managepartners-display-component---NewPartner--partnerDetailInternal-arrow\"]"}
RESULT: {"using":"xpath","value":"//*[@id=\"application-managepartners-display-component---NewPartner--partnerDetailInternal-arrow\"]"}
COMMAND: POST /session/3097350609915d1f0d0e7f0005360ed5/element/f.185E35FC6384979D85E72AD7E1746CD8.d.952DCE669E0E42F338BC268A6F38E0F3.e.7498/click - {}
RESULT: {}
COMMAND: POST /session/3097350609915d1f0d0e7f0005360ed5/element - {"using":"xpath","value":"//span[contains(text(), \"Affiliated company\")]"}
COMMAND: GET /session/3097350609915d1f0d0e7f0005360ed5/screenshot - {}
RESULT: {"using":"xpath","value":"//span[contains(text(), \"Affiliated company\")]"}
COMMAND: POST /session/3097350609915d1f0d0e7f0005360ed5/element/f.185E35FC6384979D85E72AD7E1746CD8.d.952DCE669E0E42F338BC268A6F38E0F3.e.7501/click - {}
RESULT: {}
RESULT: {}
COMMAND: POST /session/3097350609915d1f0d0e7f0005360ed5/execute/async - {"script":"<script> [1562 bytes]","args":[{"selector":{"id":"application-managepartners-display-component---NewPartner--partnerDetailsCurrency-arrow"},"wdio_ui5_key":"applicationmanagepartners-display-component---NewPartner--partnerDetailsCurrency-arrow"}]}
COMMAND: GET /session/3097350609915d1f0d0e7f0005360ed5/screenshot - {}
RESULT: {"script":"<script> [1562 bytes]","args":[{"selector":{"id":"application-managepartners-display-component---NewPartner--partnerDetailsCurrency-arrow"},"wdio_ui5_key":"applicationmanagepartners-display-component---NewPartner--partnerDetailsCurrency-arrow"}]}
RESULT: undefined
COMMAND: POST /session/3097350609915d1f0d0e7f0005360ed5/element - {"using":"xpath","value":"//*[@id=\"application-managepartners-display-component---NewPartner--partnerDetailsCurrency-arrow\"]"}
RESULT: {}
RESULT: {"using":"xpath","value":"//*[@id=\"application-managepartners-display-component---NewPartner--partnerDetailsCurrency-arrow\"]"}
COMMAND: POST /session/3097350609915d1f0d0e7f0005360ed5/element/f.185E35FC6384979D85E72AD7E1746CD8.d.952DCE669E0E42F338BC268A6F38E0F3.e.7508/click - {}
RESULT: {}
COMMAND: POST /session/3097350609915d1f0d0e7f0005360ed5/element - {"using":"xpath","value":"//span[contains(text(), \"Euro\")]"}
COMMAND: GET /session/3097350609915d1f0d0e7f0005360ed5/screenshot - {}
RESULT: {"using":"xpath","value":"//span[contains(text(), \"Euro\")]"}
COMMAND: POST /session/3097350609915d1f0d0e7f0005360ed5/element/f.185E35FC6384979D85E72AD7E1746CD8.d.952DCE669E0E42F338BC268A6F38E0F3.e.7509/click - {}
RESULT: {}
RESULT: {}
COMMAND: POST /session/3097350609915d1f0d0e7f0005360ed5/execute/async - {"script":"<script> [1562 bytes]","args":[{"selector":{"id":"application-managepartners-display-component---NewPartner--addressEditDetailsCostObjectCstType-arrow"},"wdio_ui5_key":"applicationmanagepartners-display-component---NewPartner--addressEditDetailsCostObjectCstType-arrow"}]}
COMMAND: GET /session/3097350609915d1f0d0e7f0005360ed5/screenshot - {}
RESULT: {"script":"<script> [1562 bytes]","args":[{"selector":{"id":"application-managepartners-display-component---NewPartner--addressEditDetailsCostObjectCstType-arrow"},"wdio_ui5_key":"applicationmanagepartners-display-component---NewPartner--addressEditDetailsCostObjectCstType-arrow"}]}
RESULT: undefined
COMMAND: POST /session/3097350609915d1f0d0e7f0005360ed5/element - {"using":"xpath","value":"//*[@id=\"application-managepartners-display-component---NewPartner--addressEditDetailsCostObjectCstType-arrow\"]"}
RESULT: {}
RESULT: {"using":"xpath","value":"//*[@id=\"application-managepartners-display-component---NewPartner--addressEditDetailsCostObjectCstType-arrow\"]"}
COMMAND: POST /session/3097350609915d1f0d0e7f0005360ed5/element/f.185E35FC6384979D85E72AD7E1746CD8.d.952DCE669E0E42F338BC268A6F38E0F3.e.7510/click - {}
RESULT: {}
COMMAND: POST /session/3097350609915d1f0d0e7f0005360ed5/element - {"using":"xpath","value":"//span[contains(text(), \"Cost Center\")]"}
COMMAND: GET /session/3097350609915d1f0d0e7f0005360ed5/screenshot - {}
RESULT: {"using":"xpath","value":"//span[contains(text(), \"Cost Center\")]"}
COMMAND: POST /session/3097350609915d1f0d0e7f0005360ed5/element/f.185E35FC6384979D85E72AD7E1746CD8.d.952DCE669E0E42F338BC268A6F38E0F3.e.7511/click - {}
RESULT: {}
RESULT: {}
COMMAND: GET /session/3097350609915d1f0d0e7f0005360ed5/screenshot - {}
RESULT: {}
COMMAND: POST /session/3097350609915d1f0d0e7f0005360ed5/element - {"using":"xpath","value":"//span[@id=\"application-managepartners-display-component---NewPartner--addressNewCostObjectCstID-vhi\"]"}
RESULT: {"using":"xpath","value":"//span[@id=\"application-managepartners-display-component---NewPartner--addressNewCostObjectCstID-vhi\"]"}
COMMAND: POST /session/3097350609915d1f0d0e7f0005360ed5/execute/sync - {"script":"<script> [8489 bytes]","args":[{"element-6066-11e4-a52e-4f735466cecf":"f.185E35FC6384979D85E72AD7E1746CD8.d.952DCE669E0E42F338BC268A6F38E0F3.e.7515","ELEMENT":"f.185E35FC6384979D85E72AD7E1746CD8.d.952DCE669E0E42F338BC268A6F38E0F3.e.7515"}]}
RESULT: {"script":"<script> [8489 bytes]","args":[{"element-6066-11e4-a52e-4f735466cecf":"f.185E35FC6384979D85E72AD7E1746CD8.d.952DCE669E0E42F338BC268A6F38E0F3.e.7515","ELEMENT":"f.185E35FC6384979D85E72AD7E1746CD8.d.952DCE669E0E42F338BC268A6F38E0F3.e.7515"}]}
COMMAND: POST /session/3097350609915d1f0d0e7f0005360ed5/execute/async - {"script":"<script> [1562 bytes]","args":[{"selector":{"id":"application-managepartners-display-component---NewPartner--addressNewCostObjectCstID-vhi"},"wdio_ui5_key":"applicationmanagepartners-display-component---NewPartner--addressNewCostObjectCstID-vhi"}]}
COMMAND: GET /session/3097350609915d1f0d0e7f0005360ed5/screenshot - {}
RESULT: {"script":"<script> [1562 bytes]","args":[{"selector":{"id":"application-managepartners-display-component---NewPartner--addressNewCostObjectCstID-vhi"},"wdio_ui5_key":"applicationmanagepartners-display-component---NewPartner--addressNewCostObjectCstID-vhi"}]}
RESULT: undefined
COMMAND: POST /session/3097350609915d1f0d0e7f0005360ed5/element - {"using":"xpath","value":"//*[@id=\"application-managepartners-display-component---NewPartner--addressNewCostObjectCstID-vhi\"]"}
RESULT: {}
RESULT: {"using":"xpath","value":"//*[@id=\"application-managepartners-display-component---NewPartner--addressNewCostObjectCstID-vhi\"]"}
COMMAND: POST /session/3097350609915d1f0d0e7f0005360ed5/element/f.185E35FC6384979D85E72AD7E1746CD8.d.952DCE669E0E42F338BC268A6F38E0F3.e.7515/click - {}
RESULT: {}
COMMAND: GET /session/3097350609915d1f0d0e7f0005360ed5/screenshot - {}
RESULT: {}
RESULT: undefined
COMMAND: POST /session/3097350609915d1f0d0e7f0005360ed5/execute/async - {"script":"<script> [776 bytes]","args":[{"enterText":"10001013","selector":{"controlType":"sap.m.SearchField","properties":{"placeholder":"Search"},"searchOpenDialogs":true,"interaction":{"idSuffix":"I"}},"clearTextFirst":true,"interactionType":"ENTER_TEXT"}]}
RESULT: {"script":"<script> [776 bytes]","args":[{"enterText":"10001013","selector":{"controlType":"sap.m.SearchField","properties":{"placeholder":"Search"},"searchOpenDialogs":true,"interaction":{"idSuffix":"I"}},"clearTextFirst":true,"interactionType":"ENTER_TEXT"}]}
COMMAND: POST /session/3097350609915d1f0d0e7f0005360ed5/actions - {"actions":[{"id":"action21","type":"key","parameters":{},"actions":[{"type":"keyDown","value":"î€‡"},{"type":"pause","duration":10},{"type":"keyUp","value":"î€‡"}]}]}
RESULT: {"actions":[{"id":"action21","type":"key","parameters":{},"actions":[{"type":"keyDown","value":"î€‡"},{"type":"pause","duration":10},{"type":"keyUp","value":"î€‡"}]}]}
COMMAND: GET /session/3097350609915d1f0d0e7f0005360ed5/screenshot - {}
RESULT: {}
COMMAND: POST /session/3097350609915d1f0d0e7f0005360ed5/element - {"using":"xpath","value":"//span[contains(text(), \"General Management\")]"}
RESULT: {"using":"xpath","value":"//span[contains(text(), \"General Management\")]"}
COMMAND: POST /session/3097350609915d1f0d0e7f0005360ed5/element/f.185E35FC6384979D85E72AD7E1746CD8.d.952DCE669E0E42F338BC268A6F38E0F3.e.7554/click - {}
RESULT: {}
COMMAND: GET /session/3097350609915d1f0d0e7f0005360ed5/screenshot - {}
RESULT: {}
COMMAND: POST /session/3097350609915d1f0d0e7f0005360ed5/element - {"using":"xpath","value":"//bdi[contains(text(), \"OK\")]"}
RESULT: {"using":"xpath","value":"//bdi[contains(text(), \"OK\")]"}
COMMAND: POST /session/3097350609915d1f0d0e7f0005360ed5/element/f.185E35FC6384979D85E72AD7E1746CD8.d.952DCE669E0E42F338BC268A6F38E0F3.e.7555/click - {}
RESULT: {}
COMMAND: GET /session/3097350609915d1f0d0e7f0005360ed5/screenshot - {}
RESULT: {}
COMMAND: POST /session/3097350609915d1f0d0e7f0005360ed5/element - {"using":"xpath","value":"//input[@id=\"application-managepartners-display-component---NewPartner--companyCodeComboBox-inner\"]"}
RESULT: {"using":"xpath","value":"//input[@id=\"application-managepartners-display-component---NewPartner--companyCodeComboBox-inner\"]"}
COMMAND: POST /session/3097350609915d1f0d0e7f0005360ed5/element/f.185E35FC6384979D85E72AD7E1746CD8.d.952DCE669E0E42F338BC268A6F38E0F3.e.7374/clear - {}
RESULT: {}
COMMAND: POST /session/3097350609915d1f0d0e7f0005360ed5/element/f.185E35FC6384979D85E72AD7E1746CD8.d.952DCE669E0E42F338BC268A6F38E0F3.e.7374/value - {"text":"C002"}
COMMAND: GET /session/3097350609915d1f0d0e7f0005360ed5/screenshot - {}
RESULT: {"text":"C002"}
COMMAND: GET /session/3097350609915d1f0d0e7f0005360ed5/screenshot - {}
RESULT: {}
RESULT: {}
COMMAND: POST /session/3097350609915d1f0d0e7f0005360ed5/element - {"using":"xpath","value":"//li[.//span[text()= \"C002\"]]"}
RESULT: {"using":"xpath","value":"//li[.//span[text()= \"C002\"]]"}
COMMAND: POST /session/3097350609915d1f0d0e7f0005360ed5/element/f.185E35FC6384979D85E72AD7E1746CD8.d.952DCE669E0E42F338BC268A6F38E0F3.e.7561/click - {}
RESULT: {}
COMMAND: GET /session/3097350609915d1f0d0e7f0005360ed5/screenshot - {}
RESULT: {}
COMMAND: POST /session/3097350609915d1f0d0e7f0005360ed5/execute/async - {"script":"<script> [1562 bytes]","args":[{"selector":{"id":"application-managepartners-display-component---NewPartner--btnAddTableRow-img"},"wdio_ui5_key":"applicationmanagepartners-display-component---NewPartner--btnAddTableRow-img"}]}
RESULT: {"script":"<script> [1562 bytes]","args":[{"selector":{"id":"application-managepartners-display-component---NewPartner--btnAddTableRow-img"},"wdio_ui5_key":"applicationmanagepartners-display-component---NewPartner--btnAddTableRow-img"}]}
RESULT: undefined
COMMAND: POST /session/3097350609915d1f0d0e7f0005360ed5/element - {"using":"xpath","value":"//*[@id=\"application-managepartners-display-component---NewPartner--btnAddTableRow-img\"]"}
RESULT: {"using":"xpath","value":"//*[@id=\"application-managepartners-display-component---NewPartner--btnAddTableRow-img\"]"}
COMMAND: POST /session/3097350609915d1f0d0e7f0005360ed5/element/f.185E35FC6384979D85E72AD7E1746CD8.d.952DCE669E0E42F338BC268A6F38E0F3.e.7562/click - {}
RESULT: {}
COMMAND: GET /session/3097350609915d1f0d0e7f0005360ed5/screenshot - {}
RESULT: {}
COMMAND: POST /session/3097350609915d1f0d0e7f0005360ed5/element - {"using":"xpath","value":"//input[@id=\"application-managepartners-display-component---NewPartner--assignmentYard-application-managepartners-display-component---NewPartner--assignmentsTable-0-inner\"]"}
RESULT: {"using":"xpath","value":"//input[@id=\"application-managepartners-display-component---NewPartner--assignmentYard-application-managepartners-display-component---NewPartner--assignmentsTable-0-inner\"]"}
COMMAND: POST /session/3097350609915d1f0d0e7f0005360ed5/element/f.185E35FC6384979D85E72AD7E1746CD8.d.952DCE669E0E42F338BC268A6F38E0F3.e.7565/clear - {}
RESULT: {}
COMMAND: POST /session/3097350609915d1f0d0e7f0005360ed5/element/f.185E35FC6384979D85E72AD7E1746CD8.d.952DCE669E0E42F338BC268A6F38E0F3.e.7565/value - {"text":"529"}
COMMAND: GET /session/3097350609915d1f0d0e7f0005360ed5/screenshot - {}
RESULT: {"text":"529"}
COMMAND: GET /session/3097350609915d1f0d0e7f0005360ed5/screenshot - {}
RESULT: {}
RESULT: {}
COMMAND: POST /session/3097350609915d1f0d0e7f0005360ed5/element - {"using":"xpath","value":"//li[.//span[text()='529']]"}
RESULT: {"using":"xpath","value":"//li[.//span[text()='529']]"}
COMMAND: POST /session/3097350609915d1f0d0e7f0005360ed5/element/f.185E35FC6384979D85E72AD7E1746CD8.d.952DCE669E0E42F338BC268A6F38E0F3.e.7573/click - {}
RESULT: {}
COMMAND: GET /session/3097350609915d1f0d0e7f0005360ed5/screenshot - {}
RESULT: {}
COMMAND: POST /session/3097350609915d1f0d0e7f0005360ed5/actions - {"actions":[{"id":"action22","type":"key","parameters":{},"actions":[{"type":"keyDown","value":"î€‡"},{"type":"pause","duration":10},{"type":"keyUp","value":"î€‡"}]}]}
RESULT: {"actions":[{"id":"action22","type":"key","parameters":{},"actions":[{"type":"keyDown","value":"î€‡"},{"type":"pause","duration":10},{"type":"keyUp","value":"î€‡"}]}]}
COMMAND: POST /session/3097350609915d1f0d0e7f0005360ed5/execute/async - {"script":"<script> [1562 bytes]","args":[{"selector":{"id":"application-managepartners-display-component---NewPartner--externalCustomerComboBox-application-managepartners-display-component---NewPartner--assignmentsTable-0-vhi"},"wdio_ui5_key":"applicationmanagepartners-display-component---NewPartner--externalCustomerComboBox-application-managepartners-display-component---NewPartner--assignmentsTable-0-vhi"}]}
COMMAND: GET /session/3097350609915d1f0d0e7f0005360ed5/screenshot - {}
RESULT: {"script":"<script> [1562 bytes]","args":[{"selector":{"id":"application-managepartners-display-component---NewPartner--externalCustomerComboBox-application-managepartners-display-component---NewPartner--assignmentsTable-0-vhi"},"wdio_ui5_key":"applicationmanagepartners-display-component---NewPartner--externalCustomerComboBox-application-managepartners-display-component---NewPartner--assignmentsTable-0-vhi"}]}
RESULT: undefined
COMMAND: POST /session/3097350609915d1f0d0e7f0005360ed5/element - {"using":"xpath","value":"//*[@id=\"application-managepartners-display-component---NewPartner--externalCustomerComboBox-application-managepartners-display-component---NewPartner--assignmentsTable-0-vhi\"]"}
RESULT: {}
RESULT: {"using":"xpath","value":"//*[@id=\"application-managepartners-display-component---NewPartner--externalCustomerComboBox-application-managepartners-display-component---NewPartner--assignmentsTable-0-vhi\"]"}
COMMAND: POST /session/3097350609915d1f0d0e7f0005360ed5/element/f.185E35FC6384979D85E72AD7E1746CD8.d.952DCE669E0E42F338BC268A6F38E0F3.e.7577/click - {}
RESULT: {}
RESULT: undefined
COMMAND: POST /session/3097350609915d1f0d0e7f0005360ed5/execute/async - {"script":"<script> [776 bytes]","args":[{"enterText":"300003","selector":{"controlType":"sap.m.SearchField","properties":{"placeholder":"Search"},"searchOpenDialogs":true,"interaction":{"idSuffix":"I"}},"clearTextFirst":true,"interactionType":"ENTER_TEXT"}]}
COMMAND: GET /session/3097350609915d1f0d0e7f0005360ed5/screenshot - {}
RESULT: {"script":"<script> [776 bytes]","args":[{"enterText":"300003","selector":{"controlType":"sap.m.SearchField","properties":{"placeholder":"Search"},"searchOpenDialogs":true,"interaction":{"idSuffix":"I"}},"clearTextFirst":true,"interactionType":"ENTER_TEXT"}]}
COMMAND: POST /session/3097350609915d1f0d0e7f0005360ed5/actions - {"actions":[{"id":"action23","type":"key","parameters":{},"actions":[{"type":"keyDown","value":"î€‡"},{"type":"pause","duration":10},{"type":"keyUp","value":"î€‡"}]}]}
RESULT: {}
RESULT: {"actions":[{"id":"action23","type":"key","parameters":{},"actions":[{"type":"keyDown","value":"î€‡"},{"type":"pause","duration":10},{"type":"keyUp","value":"î€‡"}]}]}
COMMAND: GET /session/3097350609915d1f0d0e7f0005360ed5/screenshot - {}
RESULT: {}
COMMAND: POST /session/3097350609915d1f0d0e7f0005360ed5/element - {"using":"xpath","value":"//span[contains(text(), \"300003\")]"}
RESULT: {"using":"xpath","value":"//span[contains(text(), \"300003\")]"}
COMMAND: POST /session/3097350609915d1f0d0e7f0005360ed5/element/f.185E35FC6384979D85E72AD7E1746CD8.d.952DCE669E0E42F338BC268A6F38E0F3.e.7594/click - {}
RESULT: {}
COMMAND: GET /session/3097350609915d1f0d0e7f0005360ed5/screenshot - {}
RESULT: {}
COMMAND: POST /session/3097350609915d1f0d0e7f0005360ed5/element - {"using":"xpath","value":"//bdi[contains(text(), \"OK\")]"}
RESULT: {"using":"xpath","value":"//bdi[contains(text(), \"OK\")]"}
COMMAND: POST /session/3097350609915d1f0d0e7f0005360ed5/element/f.185E35FC6384979D85E72AD7E1746CD8.d.952DCE669E0E42F338BC268A6F38E0F3.e.7596/click - {}
RESULT: {}
COMMAND: GET /session/3097350609915d1f0d0e7f0005360ed5/screenshot - {}
RESULT: {}
COMMAND: POST /session/3097350609915d1f0d0e7f0005360ed5/execute/async - {"script":"<script> [1562 bytes]","args":[{"selector":{"id":"application-managepartners-display-component---NewPartner--intercompVendorComboBox-application-managepartners-display-component---NewPartner--assignmentsTable-0-vhi"},"wdio_ui5_key":"applicationmanagepartners-display-component---NewPartner--intercompVendorComboBox-application-managepartners-display-component---NewPartner--assignmentsTable-0-vhi"}]}
RESULT: {"script":"<script> [1562 bytes]","args":[{"selector":{"id":"application-managepartners-display-component---NewPartner--intercompVendorComboBox-application-managepartners-display-component---NewPartner--assignmentsTable-0-vhi"},"wdio_ui5_key":"applicationmanagepartners-display-component---NewPartner--intercompVendorComboBox-application-managepartners-display-component---NewPartner--assignmentsTable-0-vhi"}]}
RESULT: undefined
COMMAND: POST /session/3097350609915d1f0d0e7f0005360ed5/element - {"using":"xpath","value":"//*[@id=\"application-managepartners-display-component---NewPartner--intercompVendorComboBox-application-managepartners-display-component---NewPartner--assignmentsTable-0-vhi\"]"}
RESULT: {"using":"xpath","value":"//*[@id=\"application-managepartners-display-component---NewPartner--intercompVendorComboBox-application-managepartners-display-component---NewPartner--assignmentsTable-0-vhi\"]"}
COMMAND: POST /session/3097350609915d1f0d0e7f0005360ed5/element/f.185E35FC6384979D85E72AD7E1746CD8.d.952DCE669E0E42F338BC268A6F38E0F3.e.7599/click - {}
RESULT: {}
RESULT: undefined
COMMAND: POST /session/3097350609915d1f0d0e7f0005360ed5/execute/async - {"script":"<script> [776 bytes]","args":[{"enterText":"100005","selector":{"controlType":"sap.m.SearchField","properties":{"placeholder":"Search"},"searchOpenDialogs":true,"interaction":{"idSuffix":"I"}},"clearTextFirst":true,"interactionType":"ENTER_TEXT"}]}
COMMAND: GET /session/3097350609915d1f0d0e7f0005360ed5/screenshot - {}
RESULT: {"script":"<script> [776 bytes]","args":[{"enterText":"100005","selector":{"controlType":"sap.m.SearchField","properties":{"placeholder":"Search"},"searchOpenDialogs":true,"interaction":{"idSuffix":"I"}},"clearTextFirst":true,"interactionType":"ENTER_TEXT"}]}
COMMAND: POST /session/3097350609915d1f0d0e7f0005360ed5/actions - {"actions":[{"id":"action24","type":"key","parameters":{},"actions":[{"type":"keyDown","value":"î€‡"},{"type":"pause","duration":10},{"type":"keyUp","value":"î€‡"}]}]}
RESULT: {}
RESULT: {"actions":[{"id":"action24","type":"key","parameters":{},"actions":[{"type":"keyDown","value":"î€‡"},{"type":"pause","duration":10},{"type":"keyUp","value":"î€‡"}]}]}
COMMAND: GET /session/3097350609915d1f0d0e7f0005360ed5/screenshot - {}
RESULT: {}
COMMAND: POST /session/3097350609915d1f0d0e7f0005360ed5/element - {"using":"xpath","value":"//span[contains(text(), \"Penguins - Field/12345 Berlin\")]"}
RESULT: {"using":"xpath","value":"//span[contains(text(), \"Penguins - Field/12345 Berlin\")]"}
COMMAND: POST /session/3097350609915d1f0d0e7f0005360ed5/element/f.185E35FC6384979D85E72AD7E1746CD8.d.952DCE669E0E42F338BC268A6F38E0F3.e.7616/click - {}
RESULT: {}
COMMAND: GET /session/3097350609915d1f0d0e7f0005360ed5/screenshot - {}
RESULT: {}
COMMAND: POST /session/3097350609915d1f0d0e7f0005360ed5/element - {"using":"xpath","value":"//bdi[contains(text(), \"OK\")]"}
RESULT: {"using":"xpath","value":"//bdi[contains(text(), \"OK\")]"}
COMMAND: POST /session/3097350609915d1f0d0e7f0005360ed5/element/f.185E35FC6384979D85E72AD7E1746CD8.d.952DCE669E0E42F338BC268A6F38E0F3.e.7617/click - {}
RESULT: {}
COMMAND: GET /session/3097350609915d1f0d0e7f0005360ed5/screenshot - {}
RESULT: {}
COMMAND: POST /session/3097350609915d1f0d0e7f0005360ed5/element - {"using":"xpath","value":"//button[@data-kt=\"saveButton\"]"}
RESULT: {"using":"xpath","value":"//button[@data-kt=\"saveButton\"]"}
COMMAND: POST /session/3097350609915d1f0d0e7f0005360ed5/element/f.185E35FC6384979D85E72AD7E1746CD8.d.952DCE669E0E42F338BC268A6F38E0F3.e.7404/click - {}
RESULT: {}
COMMAND: GET /session/3097350609915d1f0d0e7f0005360ed5/screenshot - {}
RESULT: {}
COMMAND: POST /session/3097350609915d1f0d0e7f0005360ed5/element - {"using":"xpath","value":"//header[contains(@id, 'ObjectPageLayout-headerTitle')]/div[1]/div[2]/div[2]/span[1]"}
RESULT: {"using":"xpath","value":"//header[contains(@id, 'ObjectPageLayout-headerTitle')]/div[1]/div[2]/div[2]/span[1]"}
COMMAND: POST /session/3097350609915d1f0d0e7f0005360ed5/elements - {"using":"xpath","value":"//header[contains(@id, 'ObjectPageLayout-headerTitle')]/div[1]/div[2]/div[2]/span[1]"}
RESULT: {"using":"xpath","value":"//header[contains(@id, 'ObjectPageLayout-headerTitle')]/div[1]/div[2]/div[2]/span[1]"}
COMMAND: POST /session/3097350609915d1f0d0e7f0005360ed5/execute/sync - {"script":"<script> [56 bytes]","args":[{"element-6066-11e4-a52e-4f735466cecf":"f.185E35FC6384979D85E72AD7E1746CD8.d.952DCE669E0E42F338BC268A6F38E0F3.e.7780","ELEMENT":"f.185E35FC6384979D85E72AD7E1746CD8.d.952DCE669E0E42F338BC268A6F38E0F3.e.7780"}]}
RESULT: {"script":"<script> [56 bytes]","args":[{"element-6066-11e4-a52e-4f735466cecf":"f.185E35FC6384979D85E72AD7E1746CD8.d.952DCE669E0E42F338BC268A6F38E0F3.e.7780","ELEMENT":"f.185E35FC6384979D85E72AD7E1746CD8.d.952DCE669E0E42F338BC268A6F38E0F3.e.7780"}]}
COMMAND: POST /session/3097350609915d1f0d0e7f0005360ed5/element - {"using":"css selector","value":"#shell-header-logo"}
COMMAND: GET /session/3097350609915d1f0d0e7f0005360ed5/screenshot - {}
RESULT: {"using":"css selector","value":"#shell-header-logo"}
COMMAND: POST /session/3097350609915d1f0d0e7f0005360ed5/element/f.185E35FC6384979D85E72AD7E1746CD8.d.952DCE669E0E42F338BC268A6F38E0F3.e.7016/click - {}
RESULT: {}
RESULT: {}
COMMAND: GET /session/3097350609915d1f0d0e7f0005360ed5/screenshot - {}
RESULT: {}
COMMAND: POST /session/3097350609915d1f0d0e7f0005360ed5/execute/sync - {"script":"<script> [299 bytes]","args":[["getModel","getResource"]]}
RESULT: {"script":"<script> [299 bytes]","args":[["getModel","getResource"]]}
]]></system-out>
    </testcase>
    <testcase classname="chrome.136_0_7103_93.windows.Create_master_data_for_mixed_billing_&amp;_do_billing_calculation_US151661" name="Should create a new site" time="92.105">
      <system-out><![CDATA[
COMMAND: POST /session/3097350609915d1f0d0e7f0005360ed5/execute/async - {"script":"<script> [1562 bytes]","args":[{"selector":{"controlType":"sap.m.GenericTile","properties":{"header":"Manage Sites"}},"wdio_ui5_key":"sapm.GenericTile{\"header\":\"Manage Sites\"}"}]}
COMMAND: GET /session/3097350609915d1f0d0e7f0005360ed5/screenshot - {}
RESULT: {"script":"<script> [1562 bytes]","args":[{"selector":{"controlType":"sap.m.GenericTile","properties":{"header":"Manage Sites"}},"wdio_ui5_key":"sapm.GenericTile{\"header\":\"Manage Sites\"}"}]}
RESULT: undefined
COMMAND: POST /session/3097350609915d1f0d0e7f0005360ed5/element - {"using":"xpath","value":"//*[@id=\"__tile40\"]"}
RESULT: {}
RESULT: {"using":"xpath","value":"//*[@id=\"__tile40\"]"}
COMMAND: POST /session/3097350609915d1f0d0e7f0005360ed5/element/f.185E35FC6384979D85E72AD7E1746CD8.d.952DCE669E0E42F338BC268A6F38E0F3.e.6153/click - {}
RESULT: {}
COMMAND: GET /session/3097350609915d1f0d0e7f0005360ed5/screenshot - {}
RESULT: {}
COMMAND: POST /session/3097350609915d1f0d0e7f0005360ed5/elements - {"using":"xpath","value":"//span[text()='Error']"}
RESULT: {"using":"xpath","value":"//span[text()='Error']"}
COMMAND: POST /session/3097350609915d1f0d0e7f0005360ed5/element - {"using":"xpath","value":"//button[@data-kt=\"addOverflowToolbarButton\"]"}
RESULT: {"using":"xpath","value":"//button[@data-kt=\"addOverflowToolbarButton\"]"}
COMMAND: POST /session/3097350609915d1f0d0e7f0005360ed5/elements - {"using":"xpath","value":"//button[@data-kt=\"addOverflowToolbarButton\"]"}
RESULT: {"using":"xpath","value":"//button[@data-kt=\"addOverflowToolbarButton\"]"}
COMMAND: POST /session/3097350609915d1f0d0e7f0005360ed5/execute/sync - {"script":"<script> [8489 bytes]","args":[{"element-6066-11e4-a52e-4f735466cecf":"f.185E35FC6384979D85E72AD7E1746CD8.d.952DCE669E0E42F338BC268A6F38E0F3.e.7819","ELEMENT":"f.185E35FC6384979D85E72AD7E1746CD8.d.952DCE669E0E42F338BC268A6F38E0F3.e.7819"}]}
RESULT: {"script":"<script> [8489 bytes]","args":[{"element-6066-11e4-a52e-4f735466cecf":"f.185E35FC6384979D85E72AD7E1746CD8.d.952DCE669E0E42F338BC268A6F38E0F3.e.7819","ELEMENT":"f.185E35FC6384979D85E72AD7E1746CD8.d.952DCE669E0E42F338BC268A6F38E0F3.e.7819"}]}
COMMAND: GET /session/3097350609915d1f0d0e7f0005360ed5/element/f.185E35FC6384979D85E72AD7E1746CD8.d.952DCE669E0E42F338BC268A6F38E0F3.e.7819/enabled - {}
COMMAND: GET /session/3097350609915d1f0d0e7f0005360ed5/screenshot - {}
RESULT: {}
COMMAND: POST /session/3097350609915d1f0d0e7f0005360ed5/execute/sync - {"script":"<script> [8489 bytes]","args":[{"element-6066-11e4-a52e-4f735466cecf":"f.185E35FC6384979D85E72AD7E1746CD8.d.952DCE669E0E42F338BC268A6F38E0F3.e.7819","ELEMENT":"f.185E35FC6384979D85E72AD7E1746CD8.d.952DCE669E0E42F338BC268A6F38E0F3.e.7819"}]}
COMMAND: GET /session/3097350609915d1f0d0e7f0005360ed5/screenshot - {}
RESULT: {}
RESULT: {"script":"<script> [8489 bytes]","args":[{"element-6066-11e4-a52e-4f735466cecf":"f.185E35FC6384979D85E72AD7E1746CD8.d.952DCE669E0E42F338BC268A6F38E0F3.e.7819","ELEMENT":"f.185E35FC6384979D85E72AD7E1746CD8.d.952DCE669E0E42F338BC268A6F38E0F3.e.7819"}]}
COMMAND: POST /session/3097350609915d1f0d0e7f0005360ed5/execute/sync - {"script":"<script> [5351 bytes]","args":[{"element-6066-11e4-a52e-4f735466cecf":"f.185E35FC6384979D85E72AD7E1746CD8.d.952DCE669E0E42F338BC268A6F38E0F3.e.7819","ELEMENT":"f.185E35FC6384979D85E72AD7E1746CD8.d.952DCE669E0E42F338BC268A6F38E0F3.e.7819"}]}
COMMAND: GET /session/3097350609915d1f0d0e7f0005360ed5/screenshot - {}
RESULT: {}
RESULT: {"script":"<script> [5351 bytes]","args":[{"element-6066-11e4-a52e-4f735466cecf":"f.185E35FC6384979D85E72AD7E1746CD8.d.952DCE669E0E42F338BC268A6F38E0F3.e.7819","ELEMENT":"f.185E35FC6384979D85E72AD7E1746CD8.d.952DCE669E0E42F338BC268A6F38E0F3.e.7819"}]}
COMMAND: POST /session/3097350609915d1f0d0e7f0005360ed5/element/f.185E35FC6384979D85E72AD7E1746CD8.d.952DCE669E0E42F338BC268A6F38E0F3.e.7819/click - {}
COMMAND: GET /session/3097350609915d1f0d0e7f0005360ed5/screenshot - {}
RESULT: {}
RESULT: {}
COMMAND: GET /session/3097350609915d1f0d0e7f0005360ed5/screenshot - {}
RESULT: {}
COMMAND: POST /session/3097350609915d1f0d0e7f0005360ed5/element - {"using":"xpath","value":"//input[@id=\"application-managesites-display-component---NewSite--siteId-inner\"]"}
RESULT: {}
RESULT: {"using":"xpath","value":"//input[@id=\"application-managesites-display-component---NewSite--siteId-inner\"]"}
COMMAND: POST /session/3097350609915d1f0d0e7f0005360ed5/element - {"using":"xpath","value":"//input[@id=\"application-managesites-display-component---NewSite--siteId-inner\"]"}
RESULT: {"using":"xpath","value":"//input[@id=\"application-managesites-display-component---NewSite--siteId-inner\"]"}
COMMAND: POST /session/3097350609915d1f0d0e7f0005360ed5/execute/async - {"script":"<script> [1562 bytes]","args":[{"selector":{"id":"application-managesites-display-component---NewSite--addressDetailDetailsName1","interaction":{"idSuffix":"inner"}},"wdio_ui5_key":"applicationmanagesites-display-component---NewSite--addressDetailDetailsName1"}]}
RESULT: {"script":"<script> [1562 bytes]","args":[{"selector":{"id":"application-managesites-display-component---NewSite--addressDetailDetailsName1","interaction":{"idSuffix":"inner"}},"wdio_ui5_key":"applicationmanagesites-display-component---NewSite--addressDetailDetailsName1"}]}
RESULT: undefined
COMMAND: POST /session/3097350609915d1f0d0e7f0005360ed5/execute/async - {"script":"<script> [776 bytes]","args":[{"enterText":"Intercompany Site wdIO","selector":{"id":"application-managesites-display-component---NewSite--addressDetailDetailsName1","interaction":{"idSuffix":"inner"}},"clearTextFirst":true,"interactionType":"ENTER_TEXT"}]}
RESULT: {"script":"<script> [776 bytes]","args":[{"enterText":"Intercompany Site wdIO","selector":{"id":"application-managesites-display-component---NewSite--addressDetailDetailsName1","interaction":{"idSuffix":"inner"}},"clearTextFirst":true,"interactionType":"ENTER_TEXT"}]}
COMMAND: POST /session/3097350609915d1f0d0e7f0005360ed5/execute/async - {"script":"<script> [1562 bytes]","args":[{"selector":{"id":"application-managesites-display-component---NewSite--addressDetailDetailsLanguage-arrow"},"wdio_ui5_key":"applicationmanagesites-display-component---NewSite--addressDetailDetailsLanguage-arrow"}]}
RESULT: {"script":"<script> [1562 bytes]","args":[{"selector":{"id":"application-managesites-display-component---NewSite--addressDetailDetailsLanguage-arrow"},"wdio_ui5_key":"applicationmanagesites-display-component---NewSite--addressDetailDetailsLanguage-arrow"}]}
RESULT: undefined
COMMAND: POST /session/3097350609915d1f0d0e7f0005360ed5/element - {"using":"xpath","value":"//*[@id=\"application-managesites-display-component---NewSite--addressDetailDetailsLanguage-arrow\"]"}
RESULT: {"using":"xpath","value":"//*[@id=\"application-managesites-display-component---NewSite--addressDetailDetailsLanguage-arrow\"]"}
COMMAND: POST /session/3097350609915d1f0d0e7f0005360ed5/element/f.185E35FC6384979D85E72AD7E1746CD8.d.952DCE669E0E42F338BC268A6F38E0F3.e.8218/click - {}
RESULT: {}
COMMAND: POST /session/3097350609915d1f0d0e7f0005360ed5/element - {"using":"xpath","value":"//span[contains(text(), \"English\")]"}
COMMAND: GET /session/3097350609915d1f0d0e7f0005360ed5/screenshot - {}
RESULT: {"using":"xpath","value":"//span[contains(text(), \"English\")]"}
COMMAND: POST /session/3097350609915d1f0d0e7f0005360ed5/element/f.185E35FC6384979D85E72AD7E1746CD8.d.952DCE669E0E42F338BC268A6F38E0F3.e.8219/click - {}
RESULT: {}
RESULT: {}
COMMAND: POST /session/3097350609915d1f0d0e7f0005360ed5/execute/async - {"script":"<script> [1562 bytes]","args":[{"selector":{"id":"application-managesites-display-component---NewSite--addressDetailDetailsCity1","interaction":{"idSuffix":"inner"}},"wdio_ui5_key":"applicationmanagesites-display-component---NewSite--addressDetailDetailsCity1"}]}
COMMAND: GET /session/3097350609915d1f0d0e7f0005360ed5/screenshot - {}
RESULT: {"script":"<script> [1562 bytes]","args":[{"selector":{"id":"application-managesites-display-component---NewSite--addressDetailDetailsCity1","interaction":{"idSuffix":"inner"}},"wdio_ui5_key":"applicationmanagesites-display-component---NewSite--addressDetailDetailsCity1"}]}
RESULT: undefined
COMMAND: POST /session/3097350609915d1f0d0e7f0005360ed5/execute/async - {"script":"<script> [776 bytes]","args":[{"enterText":"Rosario","selector":{"id":"application-managesites-display-component---NewSite--addressDetailDetailsCity1","interaction":{"idSuffix":"inner"}},"clearTextFirst":true,"interactionType":"ENTER_TEXT"}]}
RESULT: {}
RESULT: {"script":"<script> [776 bytes]","args":[{"enterText":"Rosario","selector":{"id":"application-managesites-display-component---NewSite--addressDetailDetailsCity1","interaction":{"idSuffix":"inner"}},"clearTextFirst":true,"interactionType":"ENTER_TEXT"}]}
COMMAND: POST /session/3097350609915d1f0d0e7f0005360ed5/execute/async - {"script":"<script> [1562 bytes]","args":[{"selector":{"id":"application-managesites-display-component---NewSite--addressDetailDetailsCountry-arrow"},"wdio_ui5_key":"applicationmanagesites-display-component---NewSite--addressDetailDetailsCountry-arrow"}]}
RESULT: {"script":"<script> [1562 bytes]","args":[{"selector":{"id":"application-managesites-display-component---NewSite--addressDetailDetailsCountry-arrow"},"wdio_ui5_key":"applicationmanagesites-display-component---NewSite--addressDetailDetailsCountry-arrow"}]}
RESULT: undefined
COMMAND: POST /session/3097350609915d1f0d0e7f0005360ed5/element - {"using":"xpath","value":"//*[@id=\"application-managesites-display-component---NewSite--addressDetailDetailsCountry-arrow\"]"}
RESULT: {"using":"xpath","value":"//*[@id=\"application-managesites-display-component---NewSite--addressDetailDetailsCountry-arrow\"]"}
COMMAND: POST /session/3097350609915d1f0d0e7f0005360ed5/element/f.185E35FC6384979D85E72AD7E1746CD8.d.952DCE669E0E42F338BC268A6F38E0F3.e.8221/click - {}
RESULT: {}
COMMAND: POST /session/3097350609915d1f0d0e7f0005360ed5/element - {"using":"xpath","value":"//span[contains(text(), \"Argentina\")]"}
COMMAND: GET /session/3097350609915d1f0d0e7f0005360ed5/screenshot - {}
RESULT: {"using":"xpath","value":"//span[contains(text(), \"Argentina\")]"}
COMMAND: POST /session/3097350609915d1f0d0e7f0005360ed5/element/f.185E35FC6384979D85E72AD7E1746CD8.d.952DCE669E0E42F338BC268A6F38E0F3.e.8222/click - {}
RESULT: {}
RESULT: {}
COMMAND: GET /session/3097350609915d1f0d0e7f0005360ed5/screenshot - {}
RESULT: {}
COMMAND: POST /session/3097350609915d1f0d0e7f0005360ed5/execute/async - {"script":"<script> [1562 bytes]","args":[{"selector":{"id":"application-managesites-display-component---NewSite--addressEditDetailsCostObjectCstType-arrow"},"wdio_ui5_key":"applicationmanagesites-display-component---NewSite--addressEditDetailsCostObjectCstType-arrow"}]}
RESULT: {"script":"<script> [1562 bytes]","args":[{"selector":{"id":"application-managesites-display-component---NewSite--addressEditDetailsCostObjectCstType-arrow"},"wdio_ui5_key":"applicationmanagesites-display-component---NewSite--addressEditDetailsCostObjectCstType-arrow"}]}
RESULT: undefined
COMMAND: POST /session/3097350609915d1f0d0e7f0005360ed5/element - {"using":"xpath","value":"//*[@id=\"application-managesites-display-component---NewSite--addressEditDetailsCostObjectCstType-arrow\"]"}
RESULT: {"using":"xpath","value":"//*[@id=\"application-managesites-display-component---NewSite--addressEditDetailsCostObjectCstType-arrow\"]"}
COMMAND: POST /session/3097350609915d1f0d0e7f0005360ed5/element/f.185E35FC6384979D85E72AD7E1746CD8.d.952DCE669E0E42F338BC268A6F38E0F3.e.8224/click - {}
RESULT: {}
COMMAND: POST /session/3097350609915d1f0d0e7f0005360ed5/element - {"using":"xpath","value":"//span[contains(text(), \"Cost Center\")]"}
COMMAND: GET /session/3097350609915d1f0d0e7f0005360ed5/screenshot - {}
RESULT: {"using":"xpath","value":"//span[contains(text(), \"Cost Center\")]"}
COMMAND: POST /session/3097350609915d1f0d0e7f0005360ed5/element/f.185E35FC6384979D85E72AD7E1746CD8.d.952DCE669E0E42F338BC268A6F38E0F3.e.8225/click - {}
RESULT: {}
RESULT: {}
COMMAND: GET /session/3097350609915d1f0d0e7f0005360ed5/screenshot - {}
RESULT: {}
COMMAND: POST /session/3097350609915d1f0d0e7f0005360ed5/element - {"using":"xpath","value":"//span[@id=\"application-managesites-display-component---NewSite--addressNewCostObjectCstID-vhi\"]"}
RESULT: {"using":"xpath","value":"//span[@id=\"application-managesites-display-component---NewSite--addressNewCostObjectCstID-vhi\"]"}
COMMAND: POST /session/3097350609915d1f0d0e7f0005360ed5/execute/sync - {"script":"<script> [8489 bytes]","args":[{"element-6066-11e4-a52e-4f735466cecf":"f.185E35FC6384979D85E72AD7E1746CD8.d.952DCE669E0E42F338BC268A6F38E0F3.e.8229","ELEMENT":"f.185E35FC6384979D85E72AD7E1746CD8.d.952DCE669E0E42F338BC268A6F38E0F3.e.8229"}]}
RESULT: {"script":"<script> [8489 bytes]","args":[{"element-6066-11e4-a52e-4f735466cecf":"f.185E35FC6384979D85E72AD7E1746CD8.d.952DCE669E0E42F338BC268A6F38E0F3.e.8229","ELEMENT":"f.185E35FC6384979D85E72AD7E1746CD8.d.952DCE669E0E42F338BC268A6F38E0F3.e.8229"}]}
COMMAND: POST /session/3097350609915d1f0d0e7f0005360ed5/execute/async - {"script":"<script> [1562 bytes]","args":[{"selector":{"id":"application-managesites-display-component---NewSite--addressNewCostObjectCstID-vhi"},"wdio_ui5_key":"applicationmanagesites-display-component---NewSite--addressNewCostObjectCstID-vhi"}]}
COMMAND: GET /session/3097350609915d1f0d0e7f0005360ed5/screenshot - {}
RESULT: {"script":"<script> [1562 bytes]","args":[{"selector":{"id":"application-managesites-display-component---NewSite--addressNewCostObjectCstID-vhi"},"wdio_ui5_key":"applicationmanagesites-display-component---NewSite--addressNewCostObjectCstID-vhi"}]}
RESULT: undefined
COMMAND: POST /session/3097350609915d1f0d0e7f0005360ed5/element - {"using":"xpath","value":"//*[@id=\"application-managesites-display-component---NewSite--addressNewCostObjectCstID-vhi\"]"}
RESULT: {}
RESULT: {"using":"xpath","value":"//*[@id=\"application-managesites-display-component---NewSite--addressNewCostObjectCstID-vhi\"]"}
COMMAND: POST /session/3097350609915d1f0d0e7f0005360ed5/element/f.185E35FC6384979D85E72AD7E1746CD8.d.952DCE669E0E42F338BC268A6F38E0F3.e.8229/click - {}
RESULT: {}
COMMAND: GET /session/3097350609915d1f0d0e7f0005360ed5/screenshot - {}
RESULT: {}
RESULT: undefined
COMMAND: POST /session/3097350609915d1f0d0e7f0005360ed5/execute/async - {"script":"<script> [776 bytes]","args":[{"enterText":"10001013","selector":{"controlType":"sap.m.SearchField","properties":{"placeholder":"Search"},"searchOpenDialogs":true,"interaction":{"idSuffix":"I"}},"clearTextFirst":true,"interactionType":"ENTER_TEXT"}]}
RESULT: {"script":"<script> [776 bytes]","args":[{"enterText":"10001013","selector":{"controlType":"sap.m.SearchField","properties":{"placeholder":"Search"},"searchOpenDialogs":true,"interaction":{"idSuffix":"I"}},"clearTextFirst":true,"interactionType":"ENTER_TEXT"}]}
COMMAND: POST /session/3097350609915d1f0d0e7f0005360ed5/actions - {"actions":[{"id":"action25","type":"key","parameters":{},"actions":[{"type":"keyDown","value":"î€‡"},{"type":"pause","duration":10},{"type":"keyUp","value":"î€‡"}]}]}
RESULT: {"actions":[{"id":"action25","type":"key","parameters":{},"actions":[{"type":"keyDown","value":"î€‡"},{"type":"pause","duration":10},{"type":"keyUp","value":"î€‡"}]}]}
COMMAND: GET /session/3097350609915d1f0d0e7f0005360ed5/screenshot - {}
RESULT: {}
COMMAND: POST /session/3097350609915d1f0d0e7f0005360ed5/element - {"using":"xpath","value":"//span[contains(text(), \"General Management\")]"}
RESULT: {"using":"xpath","value":"//span[contains(text(), \"General Management\")]"}
COMMAND: POST /session/3097350609915d1f0d0e7f0005360ed5/element/f.185E35FC6384979D85E72AD7E1746CD8.d.952DCE669E0E42F338BC268A6F38E0F3.e.8267/click - {}
RESULT: {}
COMMAND: GET /session/3097350609915d1f0d0e7f0005360ed5/screenshot - {}
RESULT: {}
COMMAND: POST /session/3097350609915d1f0d0e7f0005360ed5/element - {"using":"xpath","value":"//bdi[contains(text(), \"OK\")]"}
RESULT: {"using":"xpath","value":"//bdi[contains(text(), \"OK\")]"}
COMMAND: POST /session/3097350609915d1f0d0e7f0005360ed5/element/f.185E35FC6384979D85E72AD7E1746CD8.d.952DCE669E0E42F338BC268A6F38E0F3.e.8268/click - {}
RESULT: {}
COMMAND: GET /session/3097350609915d1f0d0e7f0005360ed5/screenshot - {}
RESULT: {}
COMMAND: POST /session/3097350609915d1f0d0e7f0005360ed5/element - {"using":"xpath","value":"//input[@id=\"application-managesites-display-component---NewSite--addressDetailDetailsCalendar-inner\"]"}
RESULT: {"using":"xpath","value":"//input[@id=\"application-managesites-display-component---NewSite--addressDetailDetailsCalendar-inner\"]"}
COMMAND: POST /session/3097350609915d1f0d0e7f0005360ed5/element/f.185E35FC6384979D85E72AD7E1746CD8.d.952DCE669E0E42F338BC268A6F38E0F3.e.8022/clear - {}
RESULT: {}
COMMAND: POST /session/3097350609915d1f0d0e7f0005360ed5/element/f.185E35FC6384979D85E72AD7E1746CD8.d.952DCE669E0E42F338BC268A6F38E0F3.e.8022/value - {"text":"Unit"}
COMMAND: GET /session/3097350609915d1f0d0e7f0005360ed5/screenshot - {}
RESULT: {"text":"Unit"}
COMMAND: GET /session/3097350609915d1f0d0e7f0005360ed5/screenshot - {}
RESULT: {}
RESULT: {}
COMMAND: POST /session/3097350609915d1f0d0e7f0005360ed5/actions - {"actions":[{"id":"action26","type":"key","parameters":{},"actions":[{"type":"keyDown","value":"î€‡"},{"type":"pause","duration":10},{"type":"keyUp","value":"î€‡"}]}]}
RESULT: {"actions":[{"id":"action26","type":"key","parameters":{},"actions":[{"type":"keyDown","value":"î€‡"},{"type":"pause","duration":10},{"type":"keyUp","value":"î€‡"}]}]}
COMMAND: POST /session/3097350609915d1f0d0e7f0005360ed5/element - {"using":"xpath","value":"//input[@id=\"application-managesites-display-component---NewSite--addressDetailDetailsYard-inner\"]"}
COMMAND: GET /session/3097350609915d1f0d0e7f0005360ed5/screenshot - {}
RESULT: {"using":"xpath","value":"//input[@id=\"application-managesites-display-component---NewSite--addressDetailDetailsYard-inner\"]"}
COMMAND: POST /session/3097350609915d1f0d0e7f0005360ed5/element/f.185E35FC6384979D85E72AD7E1746CD8.d.952DCE669E0E42F338BC268A6F38E0F3.e.8023/clear - {}
RESULT: {}
RESULT: {}
COMMAND: POST /session/3097350609915d1f0d0e7f0005360ed5/element/f.185E35FC6384979D85E72AD7E1746CD8.d.952DCE669E0E42F338BC268A6F38E0F3.e.8023/value - {"text":"529"}
COMMAND: GET /session/3097350609915d1f0d0e7f0005360ed5/screenshot - {}
RESULT: {"text":"529"}
COMMAND: GET /session/3097350609915d1f0d0e7f0005360ed5/screenshot - {}
RESULT: {}
RESULT: {}
COMMAND: POST /session/3097350609915d1f0d0e7f0005360ed5/element - {"using":"xpath","value":"//li[.//span[text()='529']]"}
RESULT: {"using":"xpath","value":"//li[.//span[text()='529']]"}
COMMAND: POST /session/3097350609915d1f0d0e7f0005360ed5/element/f.185E35FC6384979D85E72AD7E1746CD8.d.952DCE669E0E42F338BC268A6F38E0F3.e.8276/click - {}
RESULT: {}
COMMAND: GET /session/3097350609915d1f0d0e7f0005360ed5/screenshot - {}
RESULT: {}
COMMAND: POST /session/3097350609915d1f0d0e7f0005360ed5/element - {"using":"xpath","value":"//input[@id=\"application-managesites-display-component---NewSite--addressDetailDetailsPartner-inner\"]"}
RESULT: {"using":"xpath","value":"//input[@id=\"application-managesites-display-component---NewSite--addressDetailDetailsPartner-inner\"]"}
COMMAND: POST /session/3097350609915d1f0d0e7f0005360ed5/element - {"using":"xpath","value":"//input[@id=\"application-managesites-display-component---NewSite--addressDetailDetailsPartner-inner\"]"}
RESULT: {"using":"xpath","value":"//input[@id=\"application-managesites-display-component---NewSite--addressDetailDetailsPartner-inner\"]"}
COMMAND: POST /session/3097350609915d1f0d0e7f0005360ed5/element - {"using":"xpath","value":"//button[@data-kt=\"saveButton\"]"}
RESULT: {"using":"xpath","value":"//button[@data-kt=\"saveButton\"]"}
COMMAND: POST /session/3097350609915d1f0d0e7f0005360ed5/element/f.185E35FC6384979D85E72AD7E1746CD8.d.952DCE669E0E42F338BC268A6F38E0F3.e.8157/click - {}
RESULT: {}
COMMAND: GET /session/3097350609915d1f0d0e7f0005360ed5/screenshot - {}
RESULT: {}
COMMAND: POST /session/3097350609915d1f0d0e7f0005360ed5/element - {"using":"xpath","value":"//header[contains(@id, 'ObjectPageLayout-headerTitle')]/div[1]/div[2]/div[2]/span[1]"}
RESULT: {"using":"xpath","value":"//header[contains(@id, 'ObjectPageLayout-headerTitle')]/div[1]/div[2]/div[2]/span[1]"}
COMMAND: POST /session/3097350609915d1f0d0e7f0005360ed5/elements - {"using":"xpath","value":"//header[contains(@id, 'ObjectPageLayout-headerTitle')]/div[1]/div[2]/div[2]/span[1]"}
RESULT: {"using":"xpath","value":"//header[contains(@id, 'ObjectPageLayout-headerTitle')]/div[1]/div[2]/div[2]/span[1]"}
COMMAND: POST /session/3097350609915d1f0d0e7f0005360ed5/execute/sync - {"script":"<script> [56 bytes]","args":[{"element-6066-11e4-a52e-4f735466cecf":"f.185E35FC6384979D85E72AD7E1746CD8.d.952DCE669E0E42F338BC268A6F38E0F3.e.8481","ELEMENT":"f.185E35FC6384979D85E72AD7E1746CD8.d.952DCE669E0E42F338BC268A6F38E0F3.e.8481"}]}
RESULT: {"script":"<script> [56 bytes]","args":[{"element-6066-11e4-a52e-4f735466cecf":"f.185E35FC6384979D85E72AD7E1746CD8.d.952DCE669E0E42F338BC268A6F38E0F3.e.8481","ELEMENT":"f.185E35FC6384979D85E72AD7E1746CD8.d.952DCE669E0E42F338BC268A6F38E0F3.e.8481"}]}
COMMAND: POST /session/3097350609915d1f0d0e7f0005360ed5/element - {"using":"css selector","value":"#shell-header-logo"}
COMMAND: GET /session/3097350609915d1f0d0e7f0005360ed5/screenshot - {}
RESULT: {"using":"css selector","value":"#shell-header-logo"}
COMMAND: POST /session/3097350609915d1f0d0e7f0005360ed5/element/f.185E35FC6384979D85E72AD7E1746CD8.d.952DCE669E0E42F338BC268A6F38E0F3.e.7784/click - {}
RESULT: {}
RESULT: {}
COMMAND: GET /session/3097350609915d1f0d0e7f0005360ed5/screenshot - {}
RESULT: {}
COMMAND: POST /session/3097350609915d1f0d0e7f0005360ed5/execute/sync - {"script":"<script> [299 bytes]","args":[["getModel","getResource"]]}
RESULT: {"script":"<script> [299 bytes]","args":[["getModel","getResource"]]}
COMMAND: GET /session/3097350609915d1f0d0e7f0005360ed5/screenshot - {}
]]></system-out>
    </testcase>
    <testcase classname="chrome.136_0_7103_93.windows.Create_master_data_for_mixed_billing_&amp;_do_billing_calculation_US151661" name="Should create a new equipment and add a counter to it" time="156.573">
      <system-out><![CDATA[
COMMAND: POST /session/3097350609915d1f0d0e7f0005360ed5/execute/async - {"script":"<script> [1562 bytes]","args":[{"selector":{"controlType":"sap.m.GenericTile","properties":{"header":"Manage Resources"}},"wdio_ui5_key":"sapm.GenericTile{\"header\":\"Manage Resources\"}"}]}
RESULT: {}
RESULT: {"script":"<script> [1562 bytes]","args":[{"selector":{"controlType":"sap.m.GenericTile","properties":{"header":"Manage Resources"}},"wdio_ui5_key":"sapm.GenericTile{\"header\":\"Manage Resources\"}"}]}
RESULT: undefined
COMMAND: POST /session/3097350609915d1f0d0e7f0005360ed5/element - {"using":"xpath","value":"//*[@id=\"__tile39\"]"}
RESULT: {"using":"xpath","value":"//*[@id=\"__tile39\"]"}
COMMAND: POST /session/3097350609915d1f0d0e7f0005360ed5/element/f.185E35FC6384979D85E72AD7E1746CD8.d.952DCE669E0E42F338BC268A6F38E0F3.e.6150/click - {}
RESULT: {}
COMMAND: GET /session/3097350609915d1f0d0e7f0005360ed5/screenshot - {}
RESULT: {}
COMMAND: POST /session/3097350609915d1f0d0e7f0005360ed5/elements - {"using":"xpath","value":"//span[text()='Error']"}
RESULT: {"using":"xpath","value":"//span[text()='Error']"}
COMMAND: POST /session/3097350609915d1f0d0e7f0005360ed5/element - {"using":"xpath","value":"//button[@data-kt=\"addNewRUOverflowToolbarButton\"]"}
RESULT: {"using":"xpath","value":"//button[@data-kt=\"addNewRUOverflowToolbarButton\"]"}
COMMAND: POST /session/3097350609915d1f0d0e7f0005360ed5/elements - {"using":"xpath","value":"//button[@data-kt=\"addNewRUOverflowToolbarButton\"]"}
RESULT: {"using":"xpath","value":"//button[@data-kt=\"addNewRUOverflowToolbarButton\"]"}
COMMAND: POST /session/3097350609915d1f0d0e7f0005360ed5/execute/sync - {"script":"<script> [8489 bytes]","args":[{"element-6066-11e4-a52e-4f735466cecf":"f.185E35FC6384979D85E72AD7E1746CD8.d.952DCE669E0E42F338BC268A6F38E0F3.e.8525","ELEMENT":"f.185E35FC6384979D85E72AD7E1746CD8.d.952DCE669E0E42F338BC268A6F38E0F3.e.8525"}]}
RESULT: {"script":"<script> [8489 bytes]","args":[{"element-6066-11e4-a52e-4f735466cecf":"f.185E35FC6384979D85E72AD7E1746CD8.d.952DCE669E0E42F338BC268A6F38E0F3.e.8525","ELEMENT":"f.185E35FC6384979D85E72AD7E1746CD8.d.952DCE669E0E42F338BC268A6F38E0F3.e.8525"}]}
COMMAND: GET /session/3097350609915d1f0d0e7f0005360ed5/element/f.185E35FC6384979D85E72AD7E1746CD8.d.952DCE669E0E42F338BC268A6F38E0F3.e.8525/enabled - {}
COMMAND: GET /session/3097350609915d1f0d0e7f0005360ed5/screenshot - {}
RESULT: {}
COMMAND: POST /session/3097350609915d1f0d0e7f0005360ed5/execute/sync - {"script":"<script> [8489 bytes]","args":[{"element-6066-11e4-a52e-4f735466cecf":"f.185E35FC6384979D85E72AD7E1746CD8.d.952DCE669E0E42F338BC268A6F38E0F3.e.8525","ELEMENT":"f.185E35FC6384979D85E72AD7E1746CD8.d.952DCE669E0E42F338BC268A6F38E0F3.e.8525"}]}
COMMAND: GET /session/3097350609915d1f0d0e7f0005360ed5/screenshot - {}
RESULT: {}
RESULT: {"script":"<script> [8489 bytes]","args":[{"element-6066-11e4-a52e-4f735466cecf":"f.185E35FC6384979D85E72AD7E1746CD8.d.952DCE669E0E42F338BC268A6F38E0F3.e.8525","ELEMENT":"f.185E35FC6384979D85E72AD7E1746CD8.d.952DCE669E0E42F338BC268A6F38E0F3.e.8525"}]}
COMMAND: POST /session/3097350609915d1f0d0e7f0005360ed5/execute/sync - {"script":"<script> [5351 bytes]","args":[{"element-6066-11e4-a52e-4f735466cecf":"f.185E35FC6384979D85E72AD7E1746CD8.d.952DCE669E0E42F338BC268A6F38E0F3.e.8525","ELEMENT":"f.185E35FC6384979D85E72AD7E1746CD8.d.952DCE669E0E42F338BC268A6F38E0F3.e.8525"}]}
COMMAND: GET /session/3097350609915d1f0d0e7f0005360ed5/screenshot - {}
RESULT: {}
RESULT: {"script":"<script> [5351 bytes]","args":[{"element-6066-11e4-a52e-4f735466cecf":"f.185E35FC6384979D85E72AD7E1746CD8.d.952DCE669E0E42F338BC268A6F38E0F3.e.8525","ELEMENT":"f.185E35FC6384979D85E72AD7E1746CD8.d.952DCE669E0E42F338BC268A6F38E0F3.e.8525"}]}
COMMAND: POST /session/3097350609915d1f0d0e7f0005360ed5/element/f.185E35FC6384979D85E72AD7E1746CD8.d.952DCE669E0E42F338BC268A6F38E0F3.e.8525/click - {}
COMMAND: GET /session/3097350609915d1f0d0e7f0005360ed5/screenshot - {}
RESULT: {}
RESULT: {}
COMMAND: GET /session/3097350609915d1f0d0e7f0005360ed5/screenshot - {}
RESULT: {}
RESULT: {}
COMMAND: POST /session/3097350609915d1f0d0e7f0005360ed5/execute/async - {"script":"<script> [1562 bytes]","args":[{"selector":{"id":"application-manageresources-display-component---newResourceUnit--TYPE-arrow"},"wdio_ui5_key":"applicationmanageresources-display-component---newResourceUnit--TYPE-arrow"}]}
RESULT: {"script":"<script> [1562 bytes]","args":[{"selector":{"id":"application-manageresources-display-component---newResourceUnit--TYPE-arrow"},"wdio_ui5_key":"applicationmanageresources-display-component---newResourceUnit--TYPE-arrow"}]}
RESULT: undefined
COMMAND: POST /session/3097350609915d1f0d0e7f0005360ed5/element - {"using":"xpath","value":"//*[@id=\"application-manageresources-display-component---newResourceUnit--TYPE-arrow\"]"}
RESULT: {"using":"xpath","value":"//*[@id=\"application-manageresources-display-component---newResourceUnit--TYPE-arrow\"]"}
COMMAND: POST /session/3097350609915d1f0d0e7f0005360ed5/element/f.185E35FC6384979D85E72AD7E1746CD8.d.952DCE669E0E42F338BC268A6F38E0F3.e.8882/click - {}
RESULT: {}
COMMAND: POST /session/3097350609915d1f0d0e7f0005360ed5/element - {"using":"xpath","value":"//input[@id=\"application-manageresources-display-component---newResourceUnit--TYPE-inner\"]"}
COMMAND: GET /session/3097350609915d1f0d0e7f0005360ed5/screenshot - {}
RESULT: {"using":"xpath","value":"//input[@id=\"application-manageresources-display-component---newResourceUnit--TYPE-inner\"]"}
COMMAND: POST /session/3097350609915d1f0d0e7f0005360ed5/element/f.185E35FC6384979D85E72AD7E1746CD8.d.952DCE669E0E42F338BC268A6F38E0F3.e.8866/clear - {}
RESULT: {}
RESULT: {}
COMMAND: POST /session/3097350609915d1f0d0e7f0005360ed5/element/f.185E35FC6384979D85E72AD7E1746CD8.d.952DCE669E0E42F338BC268A6F38E0F3.e.8866/value - {"text":"Equipment"}
COMMAND: GET /session/3097350609915d1f0d0e7f0005360ed5/screenshot - {}
RESULT: {"text":"Equipment"}
COMMAND: GET /session/3097350609915d1f0d0e7f0005360ed5/screenshot - {}
RESULT: {}
RESULT: {}
COMMAND: POST /session/3097350609915d1f0d0e7f0005360ed5/actions - {"actions":[{"id":"action27","type":"key","parameters":{},"actions":[{"type":"keyDown","value":"î€‡"},{"type":"pause","duration":10},{"type":"keyUp","value":"î€‡"}]}]}
RESULT: {"actions":[{"id":"action27","type":"key","parameters":{},"actions":[{"type":"keyDown","value":"î€‡"},{"type":"pause","duration":10},{"type":"keyUp","value":"î€‡"}]}]}
COMMAND: POST /session/3097350609915d1f0d0e7f0005360ed5/execute/async - {"script":"<script> [1562 bytes]","args":[{"selector":{"id":"application-manageresources-display-component---newResourceUnit--resourceId","interaction":{"idSuffix":"inner"}},"wdio_ui5_key":"applicationmanageresources-display-component---newResourceUnit--resourceId"}]}
COMMAND: GET /session/3097350609915d1f0d0e7f0005360ed5/screenshot - {}
RESULT: {"script":"<script> [1562 bytes]","args":[{"selector":{"id":"application-manageresources-display-component---newResourceUnit--resourceId","interaction":{"idSuffix":"inner"}},"wdio_ui5_key":"applicationmanageresources-display-component---newResourceUnit--resourceId"}]}
RESULT: undefined
COMMAND: POST /session/3097350609915d1f0d0e7f0005360ed5/execute/async - {"script":"<script> [776 bytes]","args":[{"enterText":"BSrr55ctPI","selector":{"id":"application-manageresources-display-component---newResourceUnit--resourceId","interaction":{"idSuffix":"inner"}},"clearTextFirst":true,"interactionType":"ENTER_TEXT"}]}
RESULT: {}
RESULT: {"script":"<script> [776 bytes]","args":[{"enterText":"BSrr55ctPI","selector":{"id":"application-manageresources-display-component---newResourceUnit--resourceId","interaction":{"idSuffix":"inner"}},"clearTextFirst":true,"interactionType":"ENTER_TEXT"}]}
COMMAND: POST /session/3097350609915d1f0d0e7f0005360ed5/execute/async - {"script":"<script> [1562 bytes]","args":[{"selector":{"id":"application-manageresources-display-component---newResourceUnit--SHORT_TEXT","interaction":{"idSuffix":"inner"}},"wdio_ui5_key":"applicationmanageresources-display-component---newResourceUnit--SHORT_TEXT"}]}
RESULT: {"script":"<script> [1562 bytes]","args":[{"selector":{"id":"application-manageresources-display-component---newResourceUnit--SHORT_TEXT","interaction":{"idSuffix":"inner"}},"wdio_ui5_key":"applicationmanageresources-display-component---newResourceUnit--SHORT_TEXT"}]}
RESULT: undefined
COMMAND: POST /session/3097350609915d1f0d0e7f0005360ed5/execute/async - {"script":"<script> [776 bytes]","args":[{"enterText":"Intercompany Equipment WDIO","selector":{"id":"application-manageresources-display-component---newResourceUnit--SHORT_TEXT","interaction":{"idSuffix":"inner"}},"clearTextFirst":true,"interactionType":"ENTER_TEXT"}]}
RESULT: {"script":"<script> [776 bytes]","args":[{"enterText":"Intercompany Equipment WDIO","selector":{"id":"application-manageresources-display-component---newResourceUnit--SHORT_TEXT","interaction":{"idSuffix":"inner"}},"clearTextFirst":true,"interactionType":"ENTER_TEXT"}]}
COMMAND: POST /session/3097350609915d1f0d0e7f0005360ed5/execute/async - {"script":"<script> [1562 bytes]","args":[{"selector":{"id":"application-manageresources-display-component---newResourceUnit--BASE_UNIT_OF_MEASURE","interaction":{"idSuffix":"inner"}},"wdio_ui5_key":"applicationmanageresources-display-component---newResourceUnit--BASE_UNIT_OF_MEASURE"}]}
RESULT: {"script":"<script> [1562 bytes]","args":[{"selector":{"id":"application-manageresources-display-component---newResourceUnit--BASE_UNIT_OF_MEASURE","interaction":{"idSuffix":"inner"}},"wdio_ui5_key":"applicationmanageresources-display-component---newResourceUnit--BASE_UNIT_OF_MEASURE"}]}
RESULT: undefined
COMMAND: POST /session/3097350609915d1f0d0e7f0005360ed5/execute/async - {"script":"<script> [776 bytes]","args":[{"enterText":"Piece","selector":{"id":"application-manageresources-display-component---newResourceUnit--BASE_UNIT_OF_MEASURE","interaction":{"idSuffix":"inner"}},"clearTextFirst":true,"interactionType":"ENTER_TEXT"}]}
RESULT: {"script":"<script> [776 bytes]","args":[{"enterText":"Piece","selector":{"id":"application-manageresources-display-component---newResourceUnit--BASE_UNIT_OF_MEASURE","interaction":{"idSuffix":"inner"}},"clearTextFirst":true,"interactionType":"ENTER_TEXT"}]}
COMMAND: POST /session/3097350609915d1f0d0e7f0005360ed5/execute/async - {"script":"<script> [1562 bytes]","args":[{"selector":{"id":"application-manageresources-display-component---newResourceUnit--WEIGHT_UNIT","interaction":{"idSuffix":"inner"}},"wdio_ui5_key":"applicationmanageresources-display-component---newResourceUnit--WEIGHT_UNIT"}]}
RESULT: {"script":"<script> [1562 bytes]","args":[{"selector":{"id":"application-manageresources-display-component---newResourceUnit--WEIGHT_UNIT","interaction":{"idSuffix":"inner"}},"wdio_ui5_key":"applicationmanageresources-display-component---newResourceUnit--WEIGHT_UNIT"}]}
RESULT: undefined
COMMAND: POST /session/3097350609915d1f0d0e7f0005360ed5/execute/async - {"script":"<script> [776 bytes]","args":[{"enterText":"Gram","selector":{"id":"application-manageresources-display-component---newResourceUnit--WEIGHT_UNIT","interaction":{"idSuffix":"inner"}},"clearTextFirst":true,"interactionType":"ENTER_TEXT"}]}
RESULT: {"script":"<script> [776 bytes]","args":[{"enterText":"Gram","selector":{"id":"application-manageresources-display-component---newResourceUnit--WEIGHT_UNIT","interaction":{"idSuffix":"inner"}},"clearTextFirst":true,"interactionType":"ENTER_TEXT"}]}
COMMAND: POST /session/3097350609915d1f0d0e7f0005360ed5/execute/async - {"script":"<script> [1562 bytes]","args":[{"selector":{"id":"application-manageresources-display-component---newResourceUnit--DIMENSION_UNIT","interaction":{"idSuffix":"inner"}},"wdio_ui5_key":"applicationmanageresources-display-component---newResourceUnit--DIMENSION_UNIT"}]}
RESULT: {"script":"<script> [1562 bytes]","args":[{"selector":{"id":"application-manageresources-display-component---newResourceUnit--DIMENSION_UNIT","interaction":{"idSuffix":"inner"}},"wdio_ui5_key":"applicationmanageresources-display-component---newResourceUnit--DIMENSION_UNIT"}]}
RESULT: undefined
COMMAND: POST /session/3097350609915d1f0d0e7f0005360ed5/execute/async - {"script":"<script> [776 bytes]","args":[{"enterText":"Meter","selector":{"id":"application-manageresources-display-component---newResourceUnit--DIMENSION_UNIT","interaction":{"idSuffix":"inner"}},"clearTextFirst":true,"interactionType":"ENTER_TEXT"}]}
RESULT: {"script":"<script> [776 bytes]","args":[{"enterText":"Meter","selector":{"id":"application-manageresources-display-component---newResourceUnit--DIMENSION_UNIT","interaction":{"idSuffix":"inner"}},"clearTextFirst":true,"interactionType":"ENTER_TEXT"}]}
COMMAND: POST /session/3097350609915d1f0d0e7f0005360ed5/execute/async - {"script":"<script> [1562 bytes]","args":[{"selector":{"id":"application-manageresources-display-component---newResourceUnit--newRRUPage-anchBar-application-manageresources-display-component---newResourceUnit--control-anchor","interaction":{"idSuffix":"BDI-content"}},"wdio_ui5_key":"applicationmanageresources-display-component---newResourceUnit--newRRUPage-anchBar-application-manageresources-display-component---newResourceUnit--control-anchor"}]}
RESULT: {"script":"<script> [1562 bytes]","args":[{"selector":{"id":"application-manageresources-display-component---newResourceUnit--newRRUPage-anchBar-application-manageresources-display-component---newResourceUnit--control-anchor","interaction":{"idSuffix":"BDI-content"}},"wdio_ui5_key":"applicationmanageresources-display-component---newResourceUnit--newRRUPage-anchBar-application-manageresources-display-component---newResourceUnit--control-anchor"}]}
RESULT: undefined
COMMAND: POST /session/3097350609915d1f0d0e7f0005360ed5/element - {"using":"xpath","value":"//*[@id=\"application-manageresources-display-component---newResourceUnit--newRRUPage-anchBar-application-manageresources-display-component---newResourceUnit--control-anchor\"]"}
RESULT: {"using":"xpath","value":"//*[@id=\"application-manageresources-display-component---newResourceUnit--newRRUPage-anchBar-application-manageresources-display-component---newResourceUnit--control-anchor\"]"}
COMMAND: POST /session/3097350609915d1f0d0e7f0005360ed5/element/f.185E35FC6384979D85E72AD7E1746CD8.d.952DCE669E0E42F338BC268A6F38E0F3.e.9014/click - {}
RESULT: {}
COMMAND: POST /session/3097350609915d1f0d0e7f0005360ed5/execute/async - {"script":"<script> [1562 bytes]","args":[{"selector":{"id":"application-manageresources-display-component---newResourceUnit--PLANNING_GROUP","interaction":{"idSuffix":"inner"}},"wdio_ui5_key":"applicationmanageresources-display-component---newResourceUnit--PLANNING_GROUP"}]}
COMMAND: GET /session/3097350609915d1f0d0e7f0005360ed5/screenshot - {}
RESULT: {"script":"<script> [1562 bytes]","args":[{"selector":{"id":"application-manageresources-display-component---newResourceUnit--PLANNING_GROUP","interaction":{"idSuffix":"inner"}},"wdio_ui5_key":"applicationmanageresources-display-component---newResourceUnit--PLANNING_GROUP"}]}
RESULT: undefined
COMMAND: POST /session/3097350609915d1f0d0e7f0005360ed5/execute/async - {"script":"<script> [776 bytes]","args":[{"enterText":"Heavy Equi","selector":{"id":"application-manageresources-display-component---newResourceUnit--PLANNING_GROUP","interaction":{"idSuffix":"inner"}},"clearTextFirst":true,"interactionType":"ENTER_TEXT"}]}
RESULT: {}
RESULT: {"script":"<script> [776 bytes]","args":[{"enterText":"Heavy Equi","selector":{"id":"application-manageresources-display-component---newResourceUnit--PLANNING_GROUP","interaction":{"idSuffix":"inner"}},"clearTextFirst":true,"interactionType":"ENTER_TEXT"}]}
COMMAND: POST /session/3097350609915d1f0d0e7f0005360ed5/execute/async - {"script":"<script> [1562 bytes]","args":[{"selector":{"id":"application-manageresources-display-component---newResourceUnit--ITEM_TYPE-arrow"},"wdio_ui5_key":"applicationmanageresources-display-component---newResourceUnit--ITEM_TYPE-arrow"}]}
RESULT: {"script":"<script> [1562 bytes]","args":[{"selector":{"id":"application-manageresources-display-component---newResourceUnit--ITEM_TYPE-arrow"},"wdio_ui5_key":"applicationmanageresources-display-component---newResourceUnit--ITEM_TYPE-arrow"}]}
RESULT: undefined
COMMAND: POST /session/3097350609915d1f0d0e7f0005360ed5/element - {"using":"xpath","value":"//*[@id=\"application-manageresources-display-component---newResourceUnit--ITEM_TYPE-arrow\"]"}
RESULT: {"using":"xpath","value":"//*[@id=\"application-manageresources-display-component---newResourceUnit--ITEM_TYPE-arrow\"]"}
COMMAND: POST /session/3097350609915d1f0d0e7f0005360ed5/element/f.185E35FC6384979D85E72AD7E1746CD8.d.952DCE669E0E42F338BC268A6F38E0F3.e.9023/click - {}
RESULT: {}
COMMAND: POST /session/3097350609915d1f0d0e7f0005360ed5/element - {"using":"xpath","value":"(//span[contains(text(), \"Resource Unit\")])[2]"}
COMMAND: GET /session/3097350609915d1f0d0e7f0005360ed5/screenshot - {}
RESULT: {"using":"xpath","value":"(//span[contains(text(), \"Resource Unit\")])[2]"}
COMMAND: POST /session/3097350609915d1f0d0e7f0005360ed5/element/f.185E35FC6384979D85E72AD7E1746CD8.d.952DCE669E0E42F338BC268A6F38E0F3.e.9024/click - {}
RESULT: {}
RESULT: {}
COMMAND: GET /session/3097350609915d1f0d0e7f0005360ed5/screenshot - {}
RESULT: {}
COMMAND: POST /session/3097350609915d1f0d0e7f0005360ed5/element - {"using":"css selector","value":"#application-manageresources-display-component---newResourceUnit--btnAddTimeSegment"}
RESULT: {"using":"css selector","value":"#application-manageresources-display-component---newResourceUnit--btnAddTimeSegment"}
COMMAND: GET /session/3097350609915d1f0d0e7f0005360ed5/element/f.185E35FC6384979D85E72AD7E1746CD8.d.952DCE669E0E42F338BC268A6F38E0F3.e.9025/rect - {}
RESULT: {}
COMMAND: GET /session/3097350609915d1f0d0e7f0005360ed5/window/rect - {}
RESULT: {}
COMMAND: POST /session/3097350609915d1f0d0e7f0005360ed5/execute/sync - {"script":"<script> [92 bytes]","args":[]}
RESULT: {"script":"<script> [92 bytes]","args":[]}
COMMAND: POST /session/3097350609915d1f0d0e7f0005360ed5/actions - {"actions":[{"id":"action28","type":"wheel","parameters":{},"actions":[{"type":"scroll","x":-1888,"y":-32,"deltaX":0,"deltaY":0,"duration":0,"origin":{"element-6066-11e4-a52e-4f735466cecf":"f.185E35FC6384979D85E72AD7E1746CD8.d.952DCE669E0E42F338BC268A6F38E0F3.e.9025"}}]}]}
COMMAND: GET /session/3097350609915d1f0d0e7f0005360ed5/screenshot - {}
RESULT: {}
COMMAND: POST /session/3097350609915d1f0d0e7f0005360ed5/execute/sync - {"script":"<script> [79 bytes]","args":[{"element-6066-11e4-a52e-4f735466cecf":"f.185E35FC6384979D85E72AD7E1746CD8.d.952DCE669E0E42F338BC268A6F38E0F3.e.9025","ELEMENT":"f.185E35FC6384979D85E72AD7E1746CD8.d.952DCE669E0E42F338BC268A6F38E0F3.e.9025"},{"block":"start","inline":"nearest"}]}
RESULT: {"script":"<script> [79 bytes]","args":[{"element-6066-11e4-a52e-4f735466cecf":"f.185E35FC6384979D85E72AD7E1746CD8.d.952DCE669E0E42F338BC268A6F38E0F3.e.9025","ELEMENT":"f.185E35FC6384979D85E72AD7E1746CD8.d.952DCE669E0E42F338BC268A6F38E0F3.e.9025"},{"block":"start","inline":"nearest"}]}
COMMAND: POST /session/3097350609915d1f0d0e7f0005360ed5/execute/async - {"script":"<script> [1562 bytes]","args":[{"selector":{"id":"application-manageresources-display-component---newResourceUnit--btnAddTimeSegment","interaction":{"idSuffix":"inner"}},"wdio_ui5_key":"applicationmanageresources-display-component---newResourceUnit--btnAddTimeSegment"}]}
COMMAND: GET /session/3097350609915d1f0d0e7f0005360ed5/screenshot - {}
RESULT: {"script":"<script> [1562 bytes]","args":[{"selector":{"id":"application-manageresources-display-component---newResourceUnit--btnAddTimeSegment","interaction":{"idSuffix":"inner"}},"wdio_ui5_key":"applicationmanageresources-display-component---newResourceUnit--btnAddTimeSegment"}]}
RESULT: undefined
COMMAND: POST /session/3097350609915d1f0d0e7f0005360ed5/element - {"using":"xpath","value":"//*[@id=\"application-manageresources-display-component---newResourceUnit--btnAddTimeSegment\"]"}
RESULT: {}
RESULT: {"using":"xpath","value":"//*[@id=\"application-manageresources-display-component---newResourceUnit--btnAddTimeSegment\"]"}
COMMAND: POST /session/3097350609915d1f0d0e7f0005360ed5/element/f.185E35FC6384979D85E72AD7E1746CD8.d.952DCE669E0E42F338BC268A6F38E0F3.e.9025/click - {}
RESULT: {}
COMMAND: GET /session/3097350609915d1f0d0e7f0005360ed5/screenshot - {}
RESULT: {}
COMMAND: POST /session/3097350609915d1f0d0e7f0005360ed5/element - {"using":"xpath","value":"//input[@id=\"application-manageresources-display-component---newResourceUnit--idRuTSAdmin-application-manageresources-display-component---newResourceUnit--RUTimeSegment-0-inner\"]"}
RESULT: {"using":"xpath","value":"//input[@id=\"application-manageresources-display-component---newResourceUnit--idRuTSAdmin-application-manageresources-display-component---newResourceUnit--RUTimeSegment-0-inner\"]"}
COMMAND: POST /session/3097350609915d1f0d0e7f0005360ed5/element/f.185E35FC6384979D85E72AD7E1746CD8.d.952DCE669E0E42F338BC268A6F38E0F3.e.9031/clear - {}
RESULT: {}
COMMAND: POST /session/3097350609915d1f0d0e7f0005360ed5/element/f.185E35FC6384979D85E72AD7E1746CD8.d.952DCE669E0E42F338BC268A6F38E0F3.e.9031/value - {"text":"529"}
COMMAND: GET /session/3097350609915d1f0d0e7f0005360ed5/screenshot - {}
RESULT: {"text":"529"}
COMMAND: GET /session/3097350609915d1f0d0e7f0005360ed5/screenshot - {}
RESULT: {}
RESULT: {}
COMMAND: POST /session/3097350609915d1f0d0e7f0005360ed5/element - {"using":"xpath","value":"//li[.//span[text()='529']]"}
RESULT: {"using":"xpath","value":"//li[.//span[text()='529']]"}
COMMAND: POST /session/3097350609915d1f0d0e7f0005360ed5/element/f.185E35FC6384979D85E72AD7E1746CD8.d.952DCE669E0E42F338BC268A6F38E0F3.e.9043/click - {}
RESULT: {}
COMMAND: GET /session/3097350609915d1f0d0e7f0005360ed5/screenshot - {}
RESULT: {}
COMMAND: POST /session/3097350609915d1f0d0e7f0005360ed5/element - {"using":"xpath","value":"(//span[contains(@id, \"-application-manageresources-display-component---newResourceUnit--RUTimeSegment-0-arrow\")])[6]"}
RESULT: {"using":"xpath","value":"(//span[contains(@id, \"-application-manageresources-display-component---newResourceUnit--RUTimeSegment-0-arrow\")])[6]"}
COMMAND: POST /session/3097350609915d1f0d0e7f0005360ed5/element/f.185E35FC6384979D85E72AD7E1746CD8.d.952DCE669E0E42F338BC268A6F38E0F3.e.9044/click - {}
RESULT: {}
COMMAND: GET /session/3097350609915d1f0d0e7f0005360ed5/screenshot - {}
RESULT: {}
COMMAND: POST /session/3097350609915d1f0d0e7f0005360ed5/element - {"using":"xpath","value":"//span[contains(text(), \"PM Order\")]"}
RESULT: {"using":"xpath","value":"//span[contains(text(), \"PM Order\")]"}
COMMAND: POST /session/3097350609915d1f0d0e7f0005360ed5/element/f.185E35FC6384979D85E72AD7E1746CD8.d.952DCE669E0E42F338BC268A6F38E0F3.e.9047/click - {}
RESULT: {}
COMMAND: GET /session/3097350609915d1f0d0e7f0005360ed5/screenshot - {}
RESULT: {}
COMMAND: POST /session/3097350609915d1f0d0e7f0005360ed5/element - {"using":"xpath","value":"(//span[contains(@id ,\"manageresources-display-component---newResourceUnit--RUTimeSegment-0-vhi\")])[1]"}
RESULT: {"using":"xpath","value":"(//span[contains(@id ,\"manageresources-display-component---newResourceUnit--RUTimeSegment-0-vhi\")])[1]"}
COMMAND: GET /session/3097350609915d1f0d0e7f0005360ed5/element/f.185E35FC6384979D85E72AD7E1746CD8.d.952DCE669E0E42F338BC268A6F38E0F3.e.9051/rect - {}
RESULT: {}
COMMAND: GET /session/3097350609915d1f0d0e7f0005360ed5/window/rect - {}
RESULT: {}
COMMAND: POST /session/3097350609915d1f0d0e7f0005360ed5/execute/sync - {"script":"<script> [92 bytes]","args":[]}
RESULT: {"script":"<script> [92 bytes]","args":[]}
COMMAND: POST /session/3097350609915d1f0d0e7f0005360ed5/actions - {"actions":[{"id":"action29","type":"wheel","parameters":{},"actions":[{"type":"scroll","x":-869,"y":-24,"deltaX":0,"deltaY":0,"duration":0,"origin":{"element-6066-11e4-a52e-4f735466cecf":"f.185E35FC6384979D85E72AD7E1746CD8.d.952DCE669E0E42F338BC268A6F38E0F3.e.9051"}}]}]}
COMMAND: GET /session/3097350609915d1f0d0e7f0005360ed5/screenshot - {}
RESULT: {"actions":[{"id":"action29","type":"wheel","parameters":{},"actions":[{"type":"scroll","x":-869,"y":-24,"deltaX":0,"deltaY":0,"duration":0,"origin":{"element-6066-11e4-a52e-4f735466cecf":"f.185E35FC6384979D85E72AD7E1746CD8.d.952DCE669E0E42F338BC268A6F38E0F3.e.9051"}}]}]}
COMMAND: DELETE /session/3097350609915d1f0d0e7f0005360ed5/actions - {}
COMMAND: GET /session/3097350609915d1f0d0e7f0005360ed5/screenshot - {}
RESULT: {}
RESULT: {}
COMMAND: GET /session/3097350609915d1f0d0e7f0005360ed5/screenshot - {}
RESULT: {}
RESULT: {}
COMMAND: POST /session/3097350609915d1f0d0e7f0005360ed5/element/f.185E35FC6384979D85E72AD7E1746CD8.d.952DCE669E0E42F338BC268A6F38E0F3.e.9051/click - {}
RESULT: {}
COMMAND: GET /session/3097350609915d1f0d0e7f0005360ed5/screenshot - {}
RESULT: {}
RESULT: undefined
COMMAND: POST /session/3097350609915d1f0d0e7f0005360ed5/execute/async - {"script":"<script> [776 bytes]","args":[{"enterText":"4000360","selector":{"controlType":"sap.m.SearchField","properties":{"placeholder":"Search"},"searchOpenDialogs":true,"interaction":{"idSuffix":"I"}},"clearTextFirst":true,"interactionType":"ENTER_TEXT"}]}
RESULT: {"script":"<script> [776 bytes]","args":[{"enterText":"4000360","selector":{"controlType":"sap.m.SearchField","properties":{"placeholder":"Search"},"searchOpenDialogs":true,"interaction":{"idSuffix":"I"}},"clearTextFirst":true,"interactionType":"ENTER_TEXT"}]}
COMMAND: POST /session/3097350609915d1f0d0e7f0005360ed5/actions - {"actions":[{"id":"action30","type":"key","parameters":{},"actions":[{"type":"keyDown","value":"î€‡"},{"type":"pause","duration":10},{"type":"keyUp","value":"î€‡"}]}]}
RESULT: {"actions":[{"id":"action30","type":"key","parameters":{},"actions":[{"type":"keyDown","value":"î€‡"},{"type":"pause","duration":10},{"type":"keyUp","value":"î€‡"}]}]}
COMMAND: GET /session/3097350609915d1f0d0e7f0005360ed5/screenshot - {}
RESULT: {}
COMMAND: POST /session/3097350609915d1f0d0e7f0005360ed5/element - {"using":"xpath","value":"//td/div/span[contains(text(), \"BGL Vehicles\")]"}
RESULT: {"using":"xpath","value":"//td/div/span[contains(text(), \"BGL Vehicles\")]"}
COMMAND: POST /session/3097350609915d1f0d0e7f0005360ed5/element/f.185E35FC6384979D85E72AD7E1746CD8.d.952DCE669E0E42F338BC268A6F38E0F3.e.9070/click - {}
RESULT: {}
COMMAND: GET /session/3097350609915d1f0d0e7f0005360ed5/screenshot - {}
RESULT: {}
COMMAND: POST /session/3097350609915d1f0d0e7f0005360ed5/element - {"using":"xpath","value":"//bdi[contains(text(), \"OK\")]"}
RESULT: {"using":"xpath","value":"//bdi[contains(text(), \"OK\")]"}
COMMAND: POST /session/3097350609915d1f0d0e7f0005360ed5/element/f.185E35FC6384979D85E72AD7E1746CD8.d.952DCE669E0E42F338BC268A6F38E0F3.e.9071/click - {}
RESULT: {}
COMMAND: GET /session/3097350609915d1f0d0e7f0005360ed5/screenshot - {}
RESULT: {}
COMMAND: POST /session/3097350609915d1f0d0e7f0005360ed5/execute/async - {"script":"<script> [1562 bytes]","args":[{"selector":{"id":"application-manageresources-display-component---newResourceUnit--newRRUPage-anchBar-application-manageresources-display-component---newResourceUnit--resource-anchor","interaction":{"idSuffix":"BDI-content"}},"wdio_ui5_key":"applicationmanageresources-display-component---newResourceUnit--newRRUPage-anchBar-application-manageresources-display-component---newResourceUnit--resource-anchor"}]}
RESULT: {"script":"<script> [1562 bytes]","args":[{"selector":{"id":"application-manageresources-display-component---newResourceUnit--newRRUPage-anchBar-application-manageresources-display-component---newResourceUnit--resource-anchor","interaction":{"idSuffix":"BDI-content"}},"wdio_ui5_key":"applicationmanageresources-display-component---newResourceUnit--newRRUPage-anchBar-application-manageresources-display-component---newResourceUnit--resource-anchor"}]}
RESULT: undefined
COMMAND: POST /session/3097350609915d1f0d0e7f0005360ed5/element - {"using":"xpath","value":"//*[@id=\"application-manageresources-display-component---newResourceUnit--newRRUPage-anchBar-application-manageresources-display-component---newResourceUnit--resource-anchor\"]"}
RESULT: {"using":"xpath","value":"//*[@id=\"application-manageresources-display-component---newResourceUnit--newRRUPage-anchBar-application-manageresources-display-component---newResourceUnit--resource-anchor\"]"}
COMMAND: POST /session/3097350609915d1f0d0e7f0005360ed5/element/f.185E35FC6384979D85E72AD7E1746CD8.d.952DCE669E0E42F338BC268A6F38E0F3.e.9075/click - {}
RESULT: {}
COMMAND: POST /session/3097350609915d1f0d0e7f0005360ed5/execute/async - {"script":"<script> [1562 bytes]","args":[{"selector":{"id":"application-manageresources-display-component---newResourceUnit--PLANNED_DELIVERY_DATE","interaction":{"idSuffix":"inner"}},"wdio_ui5_key":"applicationmanageresources-display-component---newResourceUnit--PLANNED_DELIVERY_DATE"}]}
COMMAND: GET /session/3097350609915d1f0d0e7f0005360ed5/screenshot - {}
RESULT: {"script":"<script> [1562 bytes]","args":[{"selector":{"id":"application-manageresources-display-component---newResourceUnit--PLANNED_DELIVERY_DATE","interaction":{"idSuffix":"inner"}},"wdio_ui5_key":"applicationmanageresources-display-component---newResourceUnit--PLANNED_DELIVERY_DATE"}]}
RESULT: undefined
COMMAND: POST /session/3097350609915d1f0d0e7f0005360ed5/execute/async - {"script":"<script> [6424 bytes]","args":[{"element-6066-11e4-a52e-4f735466cecf":"f.185E35FC6384979D85E72AD7E1746CD8.d.952DCE669E0E42F338BC268A6F38E0F3.e.8939"},"setValue",["5/18/25"]]}
RESULT: {}
RESULT: {"script":"<script> [6424 bytes]","args":[{"element-6066-11e4-a52e-4f735466cecf":"f.185E35FC6384979D85E72AD7E1746CD8.d.952DCE669E0E42F338BC268A6F38E0F3.e.8939"},"setValue",["5/18/25"]]}
COMMAND: POST /session/3097350609915d1f0d0e7f0005360ed5/element - {"using":"xpath","value":"//label[contains(@class, 'sapMLabelRequired') and .//bdi[contains(text(), 'Planned Retirement')]]"}
RESULT: {"using":"xpath","value":"//label[contains(@class, 'sapMLabelRequired') and .//bdi[contains(text(), 'Planned Retirement')]]"}
COMMAND: POST /session/3097350609915d1f0d0e7f0005360ed5/elements - {"using":"xpath","value":"//label[contains(@class, 'sapMLabelRequired') and .//bdi[contains(text(), 'Planned Retirement')]]"}
RESULT: {"using":"xpath","value":"//label[contains(@class, 'sapMLabelRequired') and .//bdi[contains(text(), 'Planned Retirement')]]"}
COMMAND: POST /session/3097350609915d1f0d0e7f0005360ed5/element - {"using":"xpath","value":"//button[@data-kt=\"resourceUnitSaveButton\"]"}
RESULT: {"using":"xpath","value":"//button[@data-kt=\"resourceUnitSaveButton\"]"}
COMMAND: POST /session/3097350609915d1f0d0e7f0005360ed5/element/f.185E35FC6384979D85E72AD7E1746CD8.d.952DCE669E0E42F338BC268A6F38E0F3.e.8899/click - {}
RESULT: {}
COMMAND: GET /session/3097350609915d1f0d0e7f0005360ed5/screenshot - {}
RESULT: {}
COMMAND: POST /session/3097350609915d1f0d0e7f0005360ed5/element - {"using":"xpath","value":"//bdi[contains(text(), \"Close\")]"}
RESULT: {"using":"xpath","value":"//bdi[contains(text(), \"Close\")]"}
COMMAND: POST /session/3097350609915d1f0d0e7f0005360ed5/element/f.185E35FC6384979D85E72AD7E1746CD8.d.952DCE669E0E42F338BC268A6F38E0F3.e.9084/click - {}
RESULT: {}
COMMAND: GET /session/3097350609915d1f0d0e7f0005360ed5/screenshot - {}
RESULT: {}
COMMAND: POST /session/3097350609915d1f0d0e7f0005360ed5/element - {"using":"xpath","value":"//bdi[contains(text(), \"Edit\")]"}
RESULT: {"using":"xpath","value":"//bdi[contains(text(), \"Edit\")]"}
COMMAND: POST /session/3097350609915d1f0d0e7f0005360ed5/execute/sync - {"script":"<script> [8489 bytes]","args":[{"element-6066-11e4-a52e-4f735466cecf":"f.185E35FC6384979D85E72AD7E1746CD8.d.952DCE669E0E42F338BC268A6F38E0F3.e.9139","ELEMENT":"f.185E35FC6384979D85E72AD7E1746CD8.d.952DCE669E0E42F338BC268A6F38E0F3.e.9139"}]}
RESULT: {"script":"<script> [8489 bytes]","args":[{"element-6066-11e4-a52e-4f735466cecf":"f.185E35FC6384979D85E72AD7E1746CD8.d.952DCE669E0E42F338BC268A6F38E0F3.e.9139","ELEMENT":"f.185E35FC6384979D85E72AD7E1746CD8.d.952DCE669E0E42F338BC268A6F38E0F3.e.9139"}]}
COMMAND: POST /session/3097350609915d1f0d0e7f0005360ed5/element/f.185E35FC6384979D85E72AD7E1746CD8.d.952DCE669E0E42F338BC268A6F38E0F3.e.9139/click - {}
COMMAND: GET /session/3097350609915d1f0d0e7f0005360ed5/screenshot - {}
RESULT: {}
COMMAND: GET /session/3097350609915d1f0d0e7f0005360ed5/screenshot - {}
RESULT: {}
RESULT: {}
COMMAND: POST /session/3097350609915d1f0d0e7f0005360ed5/execute/async - {"script":"<script> [1562 bytes]","args":[{"selector":{"id":"application-manageresources-display-component---editResource--editRruPage-anchBar-application-manageresources-display-component---editResource--counters-anchor","interaction":{"idSuffix":"BDI-content"}},"wdio_ui5_key":"applicationmanageresources-display-component---editResource--editRruPage-anchBar-application-manageresources-display-component---editResource--counters-anchor"}]}
RESULT: {"script":"<script> [1562 bytes]","args":[{"selector":{"id":"application-manageresources-display-component---editResource--editRruPage-anchBar-application-manageresources-display-component---editResource--counters-anchor","interaction":{"idSuffix":"BDI-content"}},"wdio_ui5_key":"applicationmanageresources-display-component---editResource--editRruPage-anchBar-application-manageresources-display-component---editResource--counters-anchor"}]}
RESULT: undefined
COMMAND: POST /session/3097350609915d1f0d0e7f0005360ed5/element - {"using":"xpath","value":"//*[@id=\"application-manageresources-display-component---editResource--editRruPage-anchBar-application-manageresources-display-component---editResource--counters-anchor\"]"}
RESULT: {"using":"xpath","value":"//*[@id=\"application-manageresources-display-component---editResource--editRruPage-anchBar-application-manageresources-display-component---editResource--counters-anchor\"]"}
COMMAND: POST /session/3097350609915d1f0d0e7f0005360ed5/element/f.185E35FC6384979D85E72AD7E1746CD8.d.952DCE669E0E42F338BC268A6F38E0F3.e.9249/click - {}
RESULT: {}
COMMAND: GET /session/3097350609915d1f0d0e7f0005360ed5/screenshot - {}
RESULT: {}
COMMAND: POST /session/3097350609915d1f0d0e7f0005360ed5/execute/async - {"script":"<script> [1562 bytes]","args":[{"selector":{"id":"application-manageresources-display-component---editResource--btnAddCounter-img"},"wdio_ui5_key":"applicationmanageresources-display-component---editResource--btnAddCounter-img"}]}
RESULT: {"script":"<script> [1562 bytes]","args":[{"selector":{"id":"application-manageresources-display-component---editResource--btnAddCounter-img"},"wdio_ui5_key":"applicationmanageresources-display-component---editResource--btnAddCounter-img"}]}
RESULT: undefined
COMMAND: POST /session/3097350609915d1f0d0e7f0005360ed5/element - {"using":"xpath","value":"//*[@id=\"application-manageresources-display-component---editResource--btnAddCounter-img\"]"}
RESULT: {"using":"xpath","value":"//*[@id=\"application-manageresources-display-component---editResource--btnAddCounter-img\"]"}
COMMAND: POST /session/3097350609915d1f0d0e7f0005360ed5/element/f.185E35FC6384979D85E72AD7E1746CD8.d.952DCE669E0E42F338BC268A6F38E0F3.e.9283/click - {}
RESULT: {}
COMMAND: POST /session/3097350609915d1f0d0e7f0005360ed5/execute/async - {"script":"<script> [1562 bytes]","args":[{"selector":{"id":"application-manageresources-display-component---editResource--COUNTER_ID-application-manageresources-display-component---editResource--RUCounters-0-arrow"},"wdio_ui5_key":"applicationmanageresources-display-component---editResource--COUNTER_ID-application-manageresources-display-component---editResource--RUCounters-0-arrow"}]}
COMMAND: GET /session/3097350609915d1f0d0e7f0005360ed5/screenshot - {}
RESULT: {"script":"<script> [1562 bytes]","args":[{"selector":{"id":"application-manageresources-display-component---editResource--COUNTER_ID-application-manageresources-display-component---editResource--RUCounters-0-arrow"},"wdio_ui5_key":"applicationmanageresources-display-component---editResource--COUNTER_ID-application-manageresources-display-component---editResource--RUCounters-0-arrow"}]}
RESULT: undefined
COMMAND: POST /session/3097350609915d1f0d0e7f0005360ed5/element - {"using":"xpath","value":"//*[@id=\"application-manageresources-display-component---editResource--COUNTER_ID-application-manageresources-display-component---editResource--RUCounters-0-arrow\"]"}
RESULT: {}
RESULT: {"using":"xpath","value":"//*[@id=\"application-manageresources-display-component---editResource--COUNTER_ID-application-manageresources-display-component---editResource--RUCounters-0-arrow\"]"}
COMMAND: POST /session/3097350609915d1f0d0e7f0005360ed5/element/f.185E35FC6384979D85E72AD7E1746CD8.d.952DCE669E0E42F338BC268A6F38E0F3.e.9288/click - {}
RESULT: {}
COMMAND: POST /session/3097350609915d1f0d0e7f0005360ed5/execute/async - {"script":"<script> [1562 bytes]","args":[{"selector":{"controlType":"sap.m.StandardListItem","viewName":"etm.portal.ui.manageresources.view.EditResource","viewId":"application-manageresources-display-component---editResource","properties":{"title":"fuel"},"searchOpenDialogs":true,"interaction":{"idSuffix":"content"}},"wdio_ui5_key":"etmportal.ui.manageresources.view.EditResourcesap.m.StandardListItem{\"title\":\"fuel\"}"}]}
COMMAND: GET /session/3097350609915d1f0d0e7f0005360ed5/screenshot - {}
RESULT: {"script":"<script> [1562 bytes]","args":[{"selector":{"controlType":"sap.m.StandardListItem","viewName":"etm.portal.ui.manageresources.view.EditResource","viewId":"application-manageresources-display-component---editResource","properties":{"title":"fuel"},"searchOpenDialogs":true,"interaction":{"idSuffix":"content"}},"wdio_ui5_key":"etmportal.ui.manageresources.view.EditResourcesap.m.StandardListItem{\"title\":\"fuel\"}"}]}
RESULT: undefined
COMMAND: POST /session/3097350609915d1f0d0e7f0005360ed5/element - {"using":"xpath","value":"//*[@id=\"__item2553\"]"}
RESULT: {}
RESULT: {"using":"xpath","value":"//*[@id=\"__item2553\"]"}
COMMAND: POST /session/3097350609915d1f0d0e7f0005360ed5/element/f.185E35FC6384979D85E72AD7E1746CD8.d.952DCE669E0E42F338BC268A6F38E0F3.e.9290/click - {}
RESULT: {}
COMMAND: GET /session/3097350609915d1f0d0e7f0005360ed5/screenshot - {}
RESULT: {}
COMMAND: POST /session/3097350609915d1f0d0e7f0005360ed5/element - {"using":"xpath","value":"//button[@data-kt=\"saveButton\"]"}
RESULT: {"using":"xpath","value":"//button[@data-kt=\"saveButton\"]"}
COMMAND: POST /session/3097350609915d1f0d0e7f0005360ed5/element/f.185E35FC6384979D85E72AD7E1746CD8.d.952DCE669E0E42F338BC268A6F38E0F3.e.9291/click - {}
RESULT: {}
COMMAND: GET /session/3097350609915d1f0d0e7f0005360ed5/screenshot - {}
RESULT: {}
COMMAND: POST /session/3097350609915d1f0d0e7f0005360ed5/element - {"using":"xpath","value":"(//button[contains(@id ,\"actionsToolbar-overflowButton\")])[1]"}
RESULT: {"using":"xpath","value":"(//button[contains(@id ,\"actionsToolbar-overflowButton\")])[1]"}
COMMAND: POST /session/3097350609915d1f0d0e7f0005360ed5/element/f.185E35FC6384979D85E72AD7E1746CD8.d.952DCE669E0E42F338BC268A6F38E0F3.e.9303/click - {}
RESULT: {}
COMMAND: GET /session/3097350609915d1f0d0e7f0005360ed5/screenshot - {}
RESULT: {}
COMMAND: POST /session/3097350609915d1f0d0e7f0005360ed5/element - {"using":"xpath","value":"//button[@data-kt=\"priceInfoButton\"]"}
RESULT: {"using":"xpath","value":"//button[@data-kt=\"priceInfoButton\"]"}
COMMAND: POST /session/3097350609915d1f0d0e7f0005360ed5/element/f.185E35FC6384979D85E72AD7E1746CD8.d.952DCE669E0E42F338BC268A6F38E0F3.e.9305/click - {}
RESULT: {}
COMMAND: GET /session/3097350609915d1f0d0e7f0005360ed5/screenshot - {}
RESULT: {}
]]></system-out>
    </testcase>
    <testcase classname="chrome.136_0_7103_93.windows.Create_master_data_for_mixed_billing_&amp;_do_billing_calculation_US151661" name="Should create a TB pricing procedure" time="52.48">
      <system-out><![CDATA[
COMMAND: POST /session/3097350609915d1f0d0e7f0005360ed5/element - {"using":"xpath","value":"//button[@data-kt=\"addButton\"]"}
RESULT: {"using":"xpath","value":"//button[@data-kt=\"addButton\"]"}
COMMAND: POST /session/3097350609915d1f0d0e7f0005360ed5/elements - {"using":"xpath","value":"//button[@data-kt=\"addButton\"]"}
RESULT: {"using":"xpath","value":"//button[@data-kt=\"addButton\"]"}
COMMAND: POST /session/3097350609915d1f0d0e7f0005360ed5/elements - {"using":"xpath","value":"//button[@data-kt=\"addButton\"]"}
RESULT: {"using":"xpath","value":"//button[@data-kt=\"addButton\"]"}
COMMAND: POST /session/3097350609915d1f0d0e7f0005360ed5/element - {"using":"xpath","value":"//button[@data-kt=\"addButton\"]"}
RESULT: {"using":"xpath","value":"//button[@data-kt=\"addButton\"]"}
COMMAND: POST /session/3097350609915d1f0d0e7f0005360ed5/execute/sync - {"script":"<script> [8489 bytes]","args":[{"element-6066-11e4-a52e-4f735466cecf":"f.185E35FC6384979D85E72AD7E1746CD8.d.952DCE669E0E42F338BC268A6F38E0F3.e.9341","ELEMENT":"f.185E35FC6384979D85E72AD7E1746CD8.d.952DCE669E0E42F338BC268A6F38E0F3.e.9341"}]}
RESULT: {"script":"<script> [8489 bytes]","args":[{"element-6066-11e4-a52e-4f735466cecf":"f.185E35FC6384979D85E72AD7E1746CD8.d.952DCE669E0E42F338BC268A6F38E0F3.e.9341","ELEMENT":"f.185E35FC6384979D85E72AD7E1746CD8.d.952DCE669E0E42F338BC268A6F38E0F3.e.9341"}]}
COMMAND: GET /session/3097350609915d1f0d0e7f0005360ed5/element/f.185E35FC6384979D85E72AD7E1746CD8.d.952DCE669E0E42F338BC268A6F38E0F3.e.9341/enabled - {}
COMMAND: GET /session/3097350609915d1f0d0e7f0005360ed5/screenshot - {}
RESULT: {}
COMMAND: POST /session/3097350609915d1f0d0e7f0005360ed5/execute/sync - {"script":"<script> [8489 bytes]","args":[{"element-6066-11e4-a52e-4f735466cecf":"f.185E35FC6384979D85E72AD7E1746CD8.d.952DCE669E0E42F338BC268A6F38E0F3.e.9341","ELEMENT":"f.185E35FC6384979D85E72AD7E1746CD8.d.952DCE669E0E42F338BC268A6F38E0F3.e.9341"}]}
COMMAND: GET /session/3097350609915d1f0d0e7f0005360ed5/screenshot - {}
RESULT: {}
RESULT: {}
RESULT: {"script":"<script> [8489 bytes]","args":[{"element-6066-11e4-a52e-4f735466cecf":"f.185E35FC6384979D85E72AD7E1746CD8.d.952DCE669E0E42F338BC268A6F38E0F3.e.9341","ELEMENT":"f.185E35FC6384979D85E72AD7E1746CD8.d.952DCE669E0E42F338BC268A6F38E0F3.e.9341"}]}
COMMAND: POST /session/3097350609915d1f0d0e7f0005360ed5/execute/sync - {"script":"<script> [5351 bytes]","args":[{"element-6066-11e4-a52e-4f735466cecf":"f.185E35FC6384979D85E72AD7E1746CD8.d.952DCE669E0E42F338BC268A6F38E0F3.e.9341","ELEMENT":"f.185E35FC6384979D85E72AD7E1746CD8.d.952DCE669E0E42F338BC268A6F38E0F3.e.9341"}]}
COMMAND: GET /session/3097350609915d1f0d0e7f0005360ed5/screenshot - {}
RESULT: {"script":"<script> [5351 bytes]","args":[{"element-6066-11e4-a52e-4f735466cecf":"f.185E35FC6384979D85E72AD7E1746CD8.d.952DCE669E0E42F338BC268A6F38E0F3.e.9341","ELEMENT":"f.185E35FC6384979D85E72AD7E1746CD8.d.952DCE669E0E42F338BC268A6F38E0F3.e.9341"}]}
COMMAND: POST /session/3097350609915d1f0d0e7f0005360ed5/element/f.185E35FC6384979D85E72AD7E1746CD8.d.952DCE669E0E42F338BC268A6F38E0F3.e.9341/click - {}
COMMAND: GET /session/3097350609915d1f0d0e7f0005360ed5/screenshot - {}
RESULT: {}
RESULT: {}
COMMAND: GET /session/3097350609915d1f0d0e7f0005360ed5/screenshot - {}
RESULT: {}
RESULT: {}
COMMAND: POST /session/3097350609915d1f0d0e7f0005360ed5/execute/async - {"script":"<script> [1562 bytes]","args":[{"selector":{"controlType":"sap.m.Title","viewName":"etm.portal.ui.managepricingrules.view.NewItem","viewId":"application-managepricingrules-display-component---newInfoPriceItem","properties":{"text":"New Pricing Rules - Item Level"}},"wdio_ui5_key":"etmportal.ui.managepricingrules.view.NewItemsap.m.Title{\"text\":\"New Pricing Rules - Item Level\"}"}]}
RESULT: {"script":"<script> [1562 bytes]","args":[{"selector":{"controlType":"sap.m.Title","viewName":"etm.portal.ui.managepricingrules.view.NewItem","viewId":"application-managepricingrules-display-component---newInfoPriceItem","properties":{"text":"New Pricing Rules - Item Level"}},"wdio_ui5_key":"etmportal.ui.managepricingrules.view.NewItemsap.m.Title{\"text\":\"New Pricing Rules - Item Level\"}"}]}
RESULT: undefined
COMMAND: POST /session/3097350609915d1f0d0e7f0005360ed5/execute/async - {"script":"<script> [6424 bytes]","args":[{"element-6066-11e4-a52e-4f735466cecf":"f.185E35FC6384979D85E72AD7E1746CD8.d.952DCE669E0E42F338BC268A6F38E0F3.e.9501"},"getText",[]]}
RESULT: {"script":"<script> [6424 bytes]","args":[{"element-6066-11e4-a52e-4f735466cecf":"f.185E35FC6384979D85E72AD7E1746CD8.d.952DCE669E0E42F338BC268A6F38E0F3.e.9501"},"getText",[]]}
COMMAND: POST /session/3097350609915d1f0d0e7f0005360ed5/execute/async - {"script":"<script> [1562 bytes]","args":[{"selector":{"id":"application-managepricingrules-display-component---newInfoPriceItem--condValidTo","interaction":{"idSuffix":"inner"}},"wdio_ui5_key":"applicationmanagepricingrules-display-component---newInfoPriceItem--condValidTo"}]}
RESULT: {"script":"<script> [1562 bytes]","args":[{"selector":{"id":"application-managepricingrules-display-component---newInfoPriceItem--condValidTo","interaction":{"idSuffix":"inner"}},"wdio_ui5_key":"applicationmanagepricingrules-display-component---newInfoPriceItem--condValidTo"}]}
RESULT: undefined
COMMAND: POST /session/3097350609915d1f0d0e7f0005360ed5/execute/async - {"script":"<script> [776 bytes]","args":[{"enterText":"1/18/26","selector":{"id":"application-managepricingrules-display-component---newInfoPriceItem--condValidTo","interaction":{"idSuffix":"inner"}},"clearTextFirst":true,"interactionType":"ENTER_TEXT"}]}
RESULT: {"script":"<script> [776 bytes]","args":[{"enterText":"1/18/26","selector":{"id":"application-managepricingrules-display-component---newInfoPriceItem--condValidTo","interaction":{"idSuffix":"inner"}},"clearTextFirst":true,"interactionType":"ENTER_TEXT"}]}
COMMAND: POST /session/3097350609915d1f0d0e7f0005360ed5/execute/async - {"script":"<script> [1562 bytes]","args":[{"selector":{"id":"application-managepricingrules-display-component---newInfoPriceItem--billType-arrow"},"wdio_ui5_key":"applicationmanagepricingrules-display-component---newInfoPriceItem--billType-arrow"}]}
RESULT: {"script":"<script> [1562 bytes]","args":[{"selector":{"id":"application-managepricingrules-display-component---newInfoPriceItem--billType-arrow"},"wdio_ui5_key":"applicationmanagepricingrules-display-component---newInfoPriceItem--billType-arrow"}]}
RESULT: undefined
COMMAND: POST /session/3097350609915d1f0d0e7f0005360ed5/element - {"using":"xpath","value":"//*[@id=\"application-managepricingrules-display-component---newInfoPriceItem--billType-arrow\"]"}
RESULT: {"using":"xpath","value":"//*[@id=\"application-managepricingrules-display-component---newInfoPriceItem--billType-arrow\"]"}
COMMAND: POST /session/3097350609915d1f0d0e7f0005360ed5/element/f.185E35FC6384979D85E72AD7E1746CD8.d.952DCE669E0E42F338BC268A6F38E0F3.e.9503/click - {}
RESULT: {}
COMMAND: POST /session/3097350609915d1f0d0e7f0005360ed5/element - {"using":"xpath","value":"//span[contains(text(), \"TB - Time based\")]"}
COMMAND: GET /session/3097350609915d1f0d0e7f0005360ed5/screenshot - {}
RESULT: {"using":"xpath","value":"//span[contains(text(), \"TB - Time based\")]"}
COMMAND: POST /session/3097350609915d1f0d0e7f0005360ed5/element/f.185E35FC6384979D85E72AD7E1746CD8.d.952DCE669E0E42F338BC268A6F38E0F3.e.9504/click - {}
RESULT: {}
RESULT: {}
COMMAND: POST /session/3097350609915d1f0d0e7f0005360ed5/execute/async - {"script":"<script> [1562 bytes]","args":[{"selector":{"id":"application-managepricingrules-display-component---newInfoPriceItem--priceProc-arrow"},"wdio_ui5_key":"applicationmanagepricingrules-display-component---newInfoPriceItem--priceProc-arrow"}]}
COMMAND: GET /session/3097350609915d1f0d0e7f0005360ed5/screenshot - {}
RESULT: {"script":"<script> [1562 bytes]","args":[{"selector":{"id":"application-managepricingrules-display-component---newInfoPriceItem--priceProc-arrow"},"wdio_ui5_key":"applicationmanagepricingrules-display-component---newInfoPriceItem--priceProc-arrow"}]}
RESULT: undefined
COMMAND: POST /session/3097350609915d1f0d0e7f0005360ed5/element - {"using":"xpath","value":"//*[@id=\"application-managepricingrules-display-component---newInfoPriceItem--priceProc-arrow\"]"}
RESULT: {}
RESULT: {"using":"xpath","value":"//*[@id=\"application-managepricingrules-display-component---newInfoPriceItem--priceProc-arrow\"]"}
COMMAND: POST /session/3097350609915d1f0d0e7f0005360ed5/element/f.185E35FC6384979D85E72AD7E1746CD8.d.952DCE669E0E42F338BC268A6F38E0F3.e.9470/click - {}
RESULT: {}
COMMAND: POST /session/3097350609915d1f0d0e7f0005360ed5/element - {"using":"xpath","value":"//span[contains(text(), \"TB - Time based BGL\")]"}
COMMAND: GET /session/3097350609915d1f0d0e7f0005360ed5/screenshot - {}
RESULT: {"using":"xpath","value":"//span[contains(text(), \"TB - Time based BGL\")]"}
COMMAND: POST /session/3097350609915d1f0d0e7f0005360ed5/element/f.185E35FC6384979D85E72AD7E1746CD8.d.952DCE669E0E42F338BC268A6F38E0F3.e.9505/click - {}
RESULT: {}
RESULT: {}
COMMAND: POST /session/3097350609915d1f0d0e7f0005360ed5/execute/async - {"script":"<script> [1562 bytes]","args":[{"selector":{"id":"application-managepricingrules-display-component---newInfoPriceItem--calcBase-arrow"},"wdio_ui5_key":"applicationmanagepricingrules-display-component---newInfoPriceItem--calcBase-arrow"}]}
COMMAND: GET /session/3097350609915d1f0d0e7f0005360ed5/screenshot - {}
RESULT: {"script":"<script> [1562 bytes]","args":[{"selector":{"id":"application-managepricingrules-display-component---newInfoPriceItem--calcBase-arrow"},"wdio_ui5_key":"applicationmanagepricingrules-display-component---newInfoPriceItem--calcBase-arrow"}]}
RESULT: undefined
COMMAND: POST /session/3097350609915d1f0d0e7f0005360ed5/element - {"using":"xpath","value":"//*[@id=\"application-managepricingrules-display-component---newInfoPriceItem--calcBase-arrow\"]"}
RESULT: {}
RESULT: {"using":"xpath","value":"//*[@id=\"application-managepricingrules-display-component---newInfoPriceItem--calcBase-arrow\"]"}
COMMAND: POST /session/3097350609915d1f0d0e7f0005360ed5/element/f.185E35FC6384979D85E72AD7E1746CD8.d.952DCE669E0E42F338BC268A6F38E0F3.e.9477/click - {}
RESULT: {}
COMMAND: GET /session/3097350609915d1f0d0e7f0005360ed5/screenshot - {}
RESULT: {}
COMMAND: POST /session/3097350609915d1f0d0e7f0005360ed5/element - {"using":"xpath","value":"//span[contains(text(), \"0006 - TB(calendar days)\")]"}
RESULT: {"using":"xpath","value":"//span[contains(text(), \"0006 - TB(calendar days)\")]"}
COMMAND: POST /session/3097350609915d1f0d0e7f0005360ed5/element/f.185E35FC6384979D85E72AD7E1746CD8.d.952DCE669E0E42F338BC268A6F38E0F3.e.9506/click - {}
RESULT: {}
COMMAND: GET /session/3097350609915d1f0d0e7f0005360ed5/screenshot - {}
RESULT: {}
COMMAND: POST /session/3097350609915d1f0d0e7f0005360ed5/execute/async - {"script":"<script> [1562 bytes]","args":[{"selector":{"id":"application-managepricingrules-display-component---newInfoPriceItem--hoursMonth","interaction":{"idSuffix":"inner"}},"wdio_ui5_key":"applicationmanagepricingrules-display-component---newInfoPriceItem--hoursMonth"}]}
RESULT: {"script":"<script> [1562 bytes]","args":[{"selector":{"id":"application-managepricingrules-display-component---newInfoPriceItem--hoursMonth","interaction":{"idSuffix":"inner"}},"wdio_ui5_key":"applicationmanagepricingrules-display-component---newInfoPriceItem--hoursMonth"}]}
RESULT: undefined
COMMAND: POST /session/3097350609915d1f0d0e7f0005360ed5/execute/async - {"script":"<script> [776 bytes]","args":[{"enterText":"160","selector":{"id":"application-managepricingrules-display-component---newInfoPriceItem--hoursMonth","interaction":{"idSuffix":"inner"}},"clearTextFirst":true,"interactionType":"ENTER_TEXT"}]}
RESULT: {"script":"<script> [776 bytes]","args":[{"enterText":"160","selector":{"id":"application-managepricingrules-display-component---newInfoPriceItem--hoursMonth","interaction":{"idSuffix":"inner"}},"clearTextFirst":true,"interactionType":"ENTER_TEXT"}]}
COMMAND: POST /session/3097350609915d1f0d0e7f0005360ed5/execute/async - {"script":"<script> [1562 bytes]","args":[{"selector":{"id":"application-managepricingrules-display-component---newInfoPriceItem--daysMonth","interaction":{"idSuffix":"inner"}},"wdio_ui5_key":"applicationmanagepricingrules-display-component---newInfoPriceItem--daysMonth"}]}
RESULT: {"script":"<script> [1562 bytes]","args":[{"selector":{"id":"application-managepricingrules-display-component---newInfoPriceItem--daysMonth","interaction":{"idSuffix":"inner"}},"wdio_ui5_key":"applicationmanagepricingrules-display-component---newInfoPriceItem--daysMonth"}]}
RESULT: undefined
COMMAND: POST /session/3097350609915d1f0d0e7f0005360ed5/execute/async - {"script":"<script> [776 bytes]","args":[{"enterText":"30","selector":{"id":"application-managepricingrules-display-component---newInfoPriceItem--daysMonth","interaction":{"idSuffix":"inner"}},"clearTextFirst":true,"interactionType":"ENTER_TEXT"}]}
RESULT: {"script":"<script> [776 bytes]","args":[{"enterText":"30","selector":{"id":"application-managepricingrules-display-component---newInfoPriceItem--daysMonth","interaction":{"idSuffix":"inner"}},"clearTextFirst":true,"interactionType":"ENTER_TEXT"}]}
COMMAND: POST /session/3097350609915d1f0d0e7f0005360ed5/element - {"using":"xpath","value":"//button[@data-kt=\"saveNewRuleButton\"]"}
RESULT: {"using":"xpath","value":"//button[@data-kt=\"saveNewRuleButton\"]"}
COMMAND: POST /session/3097350609915d1f0d0e7f0005360ed5/element/f.185E35FC6384979D85E72AD7E1746CD8.d.952DCE669E0E42F338BC268A6F38E0F3.e.9493/click - {}
RESULT: {}
COMMAND: GET /session/3097350609915d1f0d0e7f0005360ed5/screenshot - {}
RESULT: {}
COMMAND: POST /session/3097350609915d1f0d0e7f0005360ed5/execute/async - {"script":"<script> [1562 bytes]","args":[{"selector":{"id":"application-managepricingrules-display-component---priceInfoItem--smartFilterBar-btnBasicSearch","interaction":{"idSuffix":"I"}},"wdio_ui5_key":"applicationmanagepricingrules-display-component---priceInfoItem--smartFilterBar-btnBasicSearch"}]}
RESULT: {"script":"<script> [1562 bytes]","args":[{"selector":{"id":"application-managepricingrules-display-component---priceInfoItem--smartFilterBar-btnBasicSearch","interaction":{"idSuffix":"I"}},"wdio_ui5_key":"applicationmanagepricingrules-display-component---priceInfoItem--smartFilterBar-btnBasicSearch"}]}
RESULT: undefined
COMMAND: POST /session/3097350609915d1f0d0e7f0005360ed5/execute/async - {"script":"<script> [776 bytes]","args":[{"enterText":"BSrr55ctPI","selector":{"id":"application-managepricingrules-display-component---priceInfoItem--smartFilterBar-btnBasicSearch","interaction":{"idSuffix":"I"}},"clearTextFirst":true,"interactionType":"ENTER_TEXT"}]}
RESULT: {"script":"<script> [776 bytes]","args":[{"enterText":"BSrr55ctPI","selector":{"id":"application-managepricingrules-display-component---priceInfoItem--smartFilterBar-btnBasicSearch","interaction":{"idSuffix":"I"}},"clearTextFirst":true,"interactionType":"ENTER_TEXT"}]}
COMMAND: POST /session/3097350609915d1f0d0e7f0005360ed5/actions - {"actions":[{"id":"action31","type":"key","parameters":{},"actions":[{"type":"keyDown","value":"î€‡"},{"type":"pause","duration":10},{"type":"keyUp","value":"î€‡"}]}]}
RESULT: {"actions":[{"id":"action31","type":"key","parameters":{},"actions":[{"type":"keyDown","value":"î€‡"},{"type":"pause","duration":10},{"type":"keyUp","value":"î€‡"}]}]}
COMMAND: GET /session/3097350609915d1f0d0e7f0005360ed5/screenshot - {}
RESULT: {}
COMMAND: POST /session/3097350609915d1f0d0e7f0005360ed5/element - {"using":"xpath","value":"//span[@id=\"application-managepricingrules-display-component---priceInfoItem--smartTable-header-inner\"]"}
RESULT: {"using":"xpath","value":"//span[@id=\"application-managepricingrules-display-component---priceInfoItem--smartTable-header-inner\"]"}
COMMAND: POST /session/3097350609915d1f0d0e7f0005360ed5/elements - {"using":"xpath","value":"//span[@id=\"application-managepricingrules-display-component---priceInfoItem--smartTable-header-inner\"]"}
RESULT: {"using":"xpath","value":"//span[@id=\"application-managepricingrules-display-component---priceInfoItem--smartTable-header-inner\"]"}
COMMAND: POST /session/3097350609915d1f0d0e7f0005360ed5/execute/sync - {"script":"<script> [56 bytes]","args":[{"element-6066-11e4-a52e-4f735466cecf":"f.185E35FC6384979D85E72AD7E1746CD8.d.952DCE669E0E42F338BC268A6F38E0F3.e.9521","ELEMENT":"f.185E35FC6384979D85E72AD7E1746CD8.d.952DCE669E0E42F338BC268A6F38E0F3.e.9521"}]}
RESULT: {"script":"<script> [56 bytes]","args":[{"element-6066-11e4-a52e-4f735466cecf":"f.185E35FC6384979D85E72AD7E1746CD8.d.952DCE669E0E42F338BC268A6F38E0F3.e.9521","ELEMENT":"f.185E35FC6384979D85E72AD7E1746CD8.d.952DCE669E0E42F338BC268A6F38E0F3.e.9521"}]}
COMMAND: POST /session/3097350609915d1f0d0e7f0005360ed5/element - {"using":"css selector","value":"#shell-header-logo"}
COMMAND: GET /session/3097350609915d1f0d0e7f0005360ed5/screenshot - {}
RESULT: {"using":"css selector","value":"#shell-header-logo"}
COMMAND: POST /session/3097350609915d1f0d0e7f0005360ed5/element/f.185E35FC6384979D85E72AD7E1746CD8.d.952DCE669E0E42F338BC268A6F38E0F3.e.8484/click - {}
RESULT: {}
RESULT: {}
COMMAND: GET /session/3097350609915d1f0d0e7f0005360ed5/screenshot - {}
RESULT: {}
]]></system-out>
    </testcase>
    <testcase classname="chrome.136_0_7103_93.windows.Create_master_data_for_mixed_billing_&amp;_do_billing_calculation_US151661" name="Should add one time condition" time="64.979">
      <system-out><![CDATA[
COMMAND: POST /session/3097350609915d1f0d0e7f0005360ed5/execute/async - {"script":"<script> [1562 bytes]","args":[{"selector":{"controlType":"sap.m.GenericTile","properties":{"header":"Manage Conditions & Prices"}},"wdio_ui5_key":"sapm.GenericTile{\"header\":\"Manage Conditions & Prices\"}"}]}
RESULT: {"script":"<script> [1562 bytes]","args":[{"selector":{"controlType":"sap.m.GenericTile","properties":{"header":"Manage Conditions & Prices"}},"wdio_ui5_key":"sapm.GenericTile{\"header\":\"Manage Conditions & Prices\"}"}]}
RESULT: undefined
COMMAND: POST /session/3097350609915d1f0d0e7f0005360ed5/element - {"using":"xpath","value":"//*[@id=\"__tile53\"]"}
RESULT: {"using":"xpath","value":"//*[@id=\"__tile53\"]"}
COMMAND: POST /session/3097350609915d1f0d0e7f0005360ed5/element/f.185E35FC6384979D85E72AD7E1746CD8.d.952DCE669E0E42F338BC268A6F38E0F3.e.6197/click - {}
RESULT: {}
COMMAND: GET /session/3097350609915d1f0d0e7f0005360ed5/screenshot - {}
RESULT: {}
COMMAND: POST /session/3097350609915d1f0d0e7f0005360ed5/elements - {"using":"xpath","value":"//span[text()='Error']"}
RESULT: {"using":"xpath","value":"//span[text()='Error']"}
COMMAND: POST /session/3097350609915d1f0d0e7f0005360ed5/element - {"using":"xpath","value":"//button[@aria-label=\"Create\"]"}
RESULT: {"using":"xpath","value":"//button[@aria-label=\"Create\"]"}
COMMAND: POST /session/3097350609915d1f0d0e7f0005360ed5/elements - {"using":"xpath","value":"//button[@aria-label=\"Create\"]"}
RESULT: {"using":"xpath","value":"//button[@aria-label=\"Create\"]"}
COMMAND: POST /session/3097350609915d1f0d0e7f0005360ed5/execute/sync - {"script":"<script> [8489 bytes]","args":[{"element-6066-11e4-a52e-4f735466cecf":"f.185E35FC6384979D85E72AD7E1746CD8.d.952DCE669E0E42F338BC268A6F38E0F3.e.9556","ELEMENT":"f.185E35FC6384979D85E72AD7E1746CD8.d.952DCE669E0E42F338BC268A6F38E0F3.e.9556"}]}
RESULT: {"script":"<script> [8489 bytes]","args":[{"element-6066-11e4-a52e-4f735466cecf":"f.185E35FC6384979D85E72AD7E1746CD8.d.952DCE669E0E42F338BC268A6F38E0F3.e.9556","ELEMENT":"f.185E35FC6384979D85E72AD7E1746CD8.d.952DCE669E0E42F338BC268A6F38E0F3.e.9556"}]}
COMMAND: GET /session/3097350609915d1f0d0e7f0005360ed5/element/f.185E35FC6384979D85E72AD7E1746CD8.d.952DCE669E0E42F338BC268A6F38E0F3.e.9556/enabled - {}
COMMAND: GET /session/3097350609915d1f0d0e7f0005360ed5/screenshot - {}
RESULT: {}
COMMAND: POST /session/3097350609915d1f0d0e7f0005360ed5/execute/sync - {"script":"<script> [8489 bytes]","args":[{"element-6066-11e4-a52e-4f735466cecf":"f.185E35FC6384979D85E72AD7E1746CD8.d.952DCE669E0E42F338BC268A6F38E0F3.e.9556","ELEMENT":"f.185E35FC6384979D85E72AD7E1746CD8.d.952DCE669E0E42F338BC268A6F38E0F3.e.9556"}]}
COMMAND: GET /session/3097350609915d1f0d0e7f0005360ed5/screenshot - {}
RESULT: {}
RESULT: {"script":"<script> [8489 bytes]","args":[{"element-6066-11e4-a52e-4f735466cecf":"f.185E35FC6384979D85E72AD7E1746CD8.d.952DCE669E0E42F338BC268A6F38E0F3.e.9556","ELEMENT":"f.185E35FC6384979D85E72AD7E1746CD8.d.952DCE669E0E42F338BC268A6F38E0F3.e.9556"}]}
COMMAND: POST /session/3097350609915d1f0d0e7f0005360ed5/execute/sync - {"script":"<script> [5351 bytes]","args":[{"element-6066-11e4-a52e-4f735466cecf":"f.185E35FC6384979D85E72AD7E1746CD8.d.952DCE669E0E42F338BC268A6F38E0F3.e.9556","ELEMENT":"f.185E35FC6384979D85E72AD7E1746CD8.d.952DCE669E0E42F338BC268A6F38E0F3.e.9556"}]}
COMMAND: GET /session/3097350609915d1f0d0e7f0005360ed5/screenshot - {}
RESULT: {}
RESULT: {"script":"<script> [5351 bytes]","args":[{"element-6066-11e4-a52e-4f735466cecf":"f.185E35FC6384979D85E72AD7E1746CD8.d.952DCE669E0E42F338BC268A6F38E0F3.e.9556","ELEMENT":"f.185E35FC6384979D85E72AD7E1746CD8.d.952DCE669E0E42F338BC268A6F38E0F3.e.9556"}]}
COMMAND: POST /session/3097350609915d1f0d0e7f0005360ed5/element/f.185E35FC6384979D85E72AD7E1746CD8.d.952DCE669E0E42F338BC268A6F38E0F3.e.9556/click - {}
COMMAND: GET /session/3097350609915d1f0d0e7f0005360ed5/screenshot - {}
RESULT: {}
RESULT: {}
COMMAND: GET /session/3097350609915d1f0d0e7f0005360ed5/screenshot - {}
RESULT: {}
RESULT: {}
COMMAND: POST /session/3097350609915d1f0d0e7f0005360ed5/actions - {"actions":[{"id":"action32","type":"key","parameters":{},"actions":[{"type":"keyDown","value":"î€‡"},{"type":"pause","duration":10},{"type":"keyUp","value":"î€‡"}]}]}
RESULT: {"actions":[{"id":"action32","type":"key","parameters":{},"actions":[{"type":"keyDown","value":"î€‡"},{"type":"pause","duration":10},{"type":"keyUp","value":"î€‡"}]}]}
COMMAND: GET /session/3097350609915d1f0d0e7f0005360ed5/screenshot - {}
RESULT: {}
COMMAND: POST /session/3097350609915d1f0d0e7f0005360ed5/execute/async - {"script":"<script> [1562 bytes]","args":[{"selector":{"id":"application-manageconditionprice-display-component---newCondition--condBillCond-arrow"},"wdio_ui5_key":"applicationmanageconditionprice-display-component---newCondition--condBillCond-arrow"}]}
RESULT: {"script":"<script> [1562 bytes]","args":[{"selector":{"id":"application-manageconditionprice-display-component---newCondition--condBillCond-arrow"},"wdio_ui5_key":"applicationmanageconditionprice-display-component---newCondition--condBillCond-arrow"}]}
RESULT: undefined
COMMAND: POST /session/3097350609915d1f0d0e7f0005360ed5/element - {"using":"xpath","value":"//*[@id=\"application-manageconditionprice-display-component---newCondition--condBillCond-arrow\"]"}
RESULT: {"using":"xpath","value":"//*[@id=\"application-manageconditionprice-display-component---newCondition--condBillCond-arrow\"]"}
COMMAND: POST /session/3097350609915d1f0d0e7f0005360ed5/element/f.185E35FC6384979D85E72AD7E1746CD8.d.952DCE669E0E42F338BC268A6F38E0F3.e.9736/click - {}
RESULT: {}
COMMAND: GET /session/3097350609915d1f0d0e7f0005360ed5/screenshot - {}
RESULT: {}
COMMAND: POST /session/3097350609915d1f0d0e7f0005360ed5/element - {"using":"xpath","value":"//li[.//span[contains(text(), \"SAPR - Sales price\")]]"}
RESULT: {"using":"xpath","value":"//li[.//span[contains(text(), \"SAPR - Sales price\")]]"}
COMMAND: POST /session/3097350609915d1f0d0e7f0005360ed5/element/f.185E35FC6384979D85E72AD7E1746CD8.d.952DCE669E0E42F338BC268A6F38E0F3.e.9739/click - {}
RESULT: {}
COMMAND: GET /session/3097350609915d1f0d0e7f0005360ed5/screenshot - {}
RESULT: {}
COMMAND: POST /session/3097350609915d1f0d0e7f0005360ed5/execute/async - {"script":"<script> [1562 bytes]","args":[{"selector":{"id":"application-manageconditionprice-display-component---newCondition--condValidTo","interaction":{"idSuffix":"inner"}},"wdio_ui5_key":"applicationmanageconditionprice-display-component---newCondition--condValidTo"}]}
RESULT: {"script":"<script> [1562 bytes]","args":[{"selector":{"id":"application-manageconditionprice-display-component---newCondition--condValidTo","interaction":{"idSuffix":"inner"}},"wdio_ui5_key":"applicationmanageconditionprice-display-component---newCondition--condValidTo"}]}
RESULT: undefined
COMMAND: POST /session/3097350609915d1f0d0e7f0005360ed5/execute/async - {"script":"<script> [776 bytes]","args":[{"enterText":"1/18/26","selector":{"id":"application-manageconditionprice-display-component---newCondition--condValidTo","interaction":{"idSuffix":"inner"}},"clearTextFirst":true,"interactionType":"ENTER_TEXT"}]}
RESULT: {"script":"<script> [776 bytes]","args":[{"enterText":"1/18/26","selector":{"id":"application-manageconditionprice-display-component---newCondition--condValidTo","interaction":{"idSuffix":"inner"}},"clearTextFirst":true,"interactionType":"ENTER_TEXT"}]}
COMMAND: POST /session/3097350609915d1f0d0e7f0005360ed5/element - {"using":"xpath","value":"//input[@id=\"application-manageconditionprice-display-component---newCondition--condRU-inner\"]"}
RESULT: {"using":"xpath","value":"//input[@id=\"application-manageconditionprice-display-component---newCondition--condRU-inner\"]"}
COMMAND: POST /session/3097350609915d1f0d0e7f0005360ed5/element/f.185E35FC6384979D85E72AD7E1746CD8.d.952DCE669E0E42F338BC268A6F38E0F3.e.9572/clear - {}
RESULT: {}
COMMAND: POST /session/3097350609915d1f0d0e7f0005360ed5/element/f.185E35FC6384979D85E72AD7E1746CD8.d.952DCE669E0E42F338BC268A6F38E0F3.e.9572/value - {"text":"BSrr55ctPI"}
COMMAND: GET /session/3097350609915d1f0d0e7f0005360ed5/screenshot - {}
RESULT: {"text":"BSrr55ctPI"}
COMMAND: GET /session/3097350609915d1f0d0e7f0005360ed5/screenshot - {}
RESULT: {}
RESULT: {}
COMMAND: POST /session/3097350609915d1f0d0e7f0005360ed5/actions - {"actions":[{"id":"action33","type":"key","parameters":{},"actions":[{"type":"keyDown","value":"î€‡"},{"type":"pause","duration":10},{"type":"keyUp","value":"î€‡"}]}]}
RESULT: {"actions":[{"id":"action33","type":"key","parameters":{},"actions":[{"type":"keyDown","value":"î€‡"},{"type":"pause","duration":10},{"type":"keyUp","value":"î€‡"}]}]}
COMMAND: POST /session/3097350609915d1f0d0e7f0005360ed5/execute/async - {"script":"<script> [1562 bytes]","args":[{"selector":{"id":"application-manageconditionprice-display-component---newCondition--condBaseQty","interaction":{"idSuffix":"inner"}},"wdio_ui5_key":"applicationmanageconditionprice-display-component---newCondition--condBaseQty"}]}
COMMAND: GET /session/3097350609915d1f0d0e7f0005360ed5/screenshot - {}
RESULT: {"script":"<script> [1562 bytes]","args":[{"selector":{"id":"application-manageconditionprice-display-component---newCondition--condBaseQty","interaction":{"idSuffix":"inner"}},"wdio_ui5_key":"applicationmanageconditionprice-display-component---newCondition--condBaseQty"}]}
RESULT: undefined
COMMAND: POST /session/3097350609915d1f0d0e7f0005360ed5/execute/async - {"script":"<script> [776 bytes]","args":[{"enterText":"1","selector":{"id":"application-manageconditionprice-display-component---newCondition--condBaseQty","interaction":{"idSuffix":"inner"}},"clearTextFirst":true,"interactionType":"ENTER_TEXT"}]}
RESULT: {}
RESULT: {"script":"<script> [776 bytes]","args":[{"enterText":"1","selector":{"id":"application-manageconditionprice-display-component---newCondition--condBaseQty","interaction":{"idSuffix":"inner"}},"clearTextFirst":true,"interactionType":"ENTER_TEXT"}]}
COMMAND: POST /session/3097350609915d1f0d0e7f0005360ed5/execute/async - {"script":"<script> [1562 bytes]","args":[{"selector":{"id":"application-manageconditionprice-display-component---newCondition--condValue","interaction":{"idSuffix":"inner"}},"wdio_ui5_key":"applicationmanageconditionprice-display-component---newCondition--condValue"}]}
RESULT: {"script":"<script> [1562 bytes]","args":[{"selector":{"id":"application-manageconditionprice-display-component---newCondition--condValue","interaction":{"idSuffix":"inner"}},"wdio_ui5_key":"applicationmanageconditionprice-display-component---newCondition--condValue"}]}
RESULT: undefined
COMMAND: POST /session/3097350609915d1f0d0e7f0005360ed5/execute/async - {"script":"<script> [776 bytes]","args":[{"enterText":"200","selector":{"id":"application-manageconditionprice-display-component---newCondition--condValue","interaction":{"idSuffix":"inner"}},"clearTextFirst":true,"interactionType":"ENTER_TEXT"}]}
RESULT: {"script":"<script> [776 bytes]","args":[{"enterText":"200","selector":{"id":"application-manageconditionprice-display-component---newCondition--condValue","interaction":{"idSuffix":"inner"}},"clearTextFirst":true,"interactionType":"ENTER_TEXT"}]}
COMMAND: POST /session/3097350609915d1f0d0e7f0005360ed5/execute/async - {"script":"<script> [1562 bytes]","args":[{"selector":{"id":"application-manageconditionprice-display-component---newCondition--condCurr-arrow"},"wdio_ui5_key":"applicationmanageconditionprice-display-component---newCondition--condCurr-arrow"}]}
RESULT: {"script":"<script> [1562 bytes]","args":[{"selector":{"id":"application-manageconditionprice-display-component---newCondition--condCurr-arrow"},"wdio_ui5_key":"applicationmanageconditionprice-display-component---newCondition--condCurr-arrow"}]}
RESULT: undefined
COMMAND: POST /session/3097350609915d1f0d0e7f0005360ed5/element - {"using":"xpath","value":"//*[@id=\"application-manageconditionprice-display-component---newCondition--condCurr-arrow\"]"}
RESULT: {"using":"xpath","value":"//*[@id=\"application-manageconditionprice-display-component---newCondition--condCurr-arrow\"]"}
COMMAND: POST /session/3097350609915d1f0d0e7f0005360ed5/element/f.185E35FC6384979D85E72AD7E1746CD8.d.952DCE669E0E42F338BC268A6F38E0F3.e.9693/click - {}
RESULT: {}
COMMAND: POST /session/3097350609915d1f0d0e7f0005360ed5/element - {"using":"xpath","value":"//span[contains(text(), \"Euro\")]"}
COMMAND: GET /session/3097350609915d1f0d0e7f0005360ed5/screenshot - {}
RESULT: {"using":"xpath","value":"//span[contains(text(), \"Euro\")]"}
COMMAND: POST /session/3097350609915d1f0d0e7f0005360ed5/element/f.185E35FC6384979D85E72AD7E1746CD8.d.952DCE669E0E42F338BC268A6F38E0F3.e.9777/click - {}
RESULT: {}
RESULT: {}
COMMAND: POST /session/3097350609915d1f0d0e7f0005360ed5/element - {"using":"xpath","value":"//button[@data-kt=\"saveButton\"]"}
COMMAND: GET /session/3097350609915d1f0d0e7f0005360ed5/screenshot - {}
RESULT: {"using":"xpath","value":"//button[@data-kt=\"saveButton\"]"}
COMMAND: POST /session/3097350609915d1f0d0e7f0005360ed5/element/f.185E35FC6384979D85E72AD7E1746CD8.d.952DCE669E0E42F338BC268A6F38E0F3.e.9694/click - {}
RESULT: {}
RESULT: {}
COMMAND: GET /session/3097350609915d1f0d0e7f0005360ed5/screenshot - {}
RESULT: {}
COMMAND: POST /session/3097350609915d1f0d0e7f0005360ed5/execute/async - {"script":"<script> [1562 bytes]","args":[{"selector":{"id":"application-manageconditionprice-display-component---conditions--smartFilterBar-btnBasicSearch","interaction":{"idSuffix":"I"}},"wdio_ui5_key":"applicationmanageconditionprice-display-component---conditions--smartFilterBar-btnBasicSearch"}]}
RESULT: {"script":"<script> [1562 bytes]","args":[{"selector":{"id":"application-manageconditionprice-display-component---conditions--smartFilterBar-btnBasicSearch","interaction":{"idSuffix":"I"}},"wdio_ui5_key":"applicationmanageconditionprice-display-component---conditions--smartFilterBar-btnBasicSearch"}]}
RESULT: undefined
COMMAND: POST /session/3097350609915d1f0d0e7f0005360ed5/execute/async - {"script":"<script> [776 bytes]","args":[{"enterText":"BSrr55ctPI","selector":{"id":"application-manageconditionprice-display-component---conditions--smartFilterBar-btnBasicSearch","interaction":{"idSuffix":"I"}},"clearTextFirst":true,"interactionType":"ENTER_TEXT"}]}
RESULT: {"script":"<script> [776 bytes]","args":[{"enterText":"BSrr55ctPI","selector":{"id":"application-manageconditionprice-display-component---conditions--smartFilterBar-btnBasicSearch","interaction":{"idSuffix":"I"}},"clearTextFirst":true,"interactionType":"ENTER_TEXT"}]}
COMMAND: POST /session/3097350609915d1f0d0e7f0005360ed5/actions - {"actions":[{"id":"action34","type":"key","parameters":{},"actions":[{"type":"keyDown","value":"î€‡"},{"type":"pause","duration":10},{"type":"keyUp","value":"î€‡"}]}]}
RESULT: {"actions":[{"id":"action34","type":"key","parameters":{},"actions":[{"type":"keyDown","value":"î€‡"},{"type":"pause","duration":10},{"type":"keyUp","value":"î€‡"}]}]}
COMMAND: GET /session/3097350609915d1f0d0e7f0005360ed5/screenshot - {}
RESULT: {}
COMMAND: POST /session/3097350609915d1f0d0e7f0005360ed5/execute/async - {"script":"<script> [1562 bytes]","args":[{"selector":{"id":"application-manageconditionprice-display-component---conditions--smartFilterBar-filterItemControl_BASIC-BILL_TYPES-vhi"},"wdio_ui5_key":"applicationmanageconditionprice-display-component---conditions--smartFilterBar-filterItemControl_BASIC-BILL_TYPES-vhi"}]}
RESULT: {"script":"<script> [1562 bytes]","args":[{"selector":{"id":"application-manageconditionprice-display-component---conditions--smartFilterBar-filterItemControl_BASIC-BILL_TYPES-vhi"},"wdio_ui5_key":"applicationmanageconditionprice-display-component---conditions--smartFilterBar-filterItemControl_BASIC-BILL_TYPES-vhi"}]}
RESULT: undefined
COMMAND: POST /session/3097350609915d1f0d0e7f0005360ed5/element - {"using":"xpath","value":"//*[@id=\"application-manageconditionprice-display-component---conditions--smartFilterBar-filterItemControl_BASIC-BILL_TYPES-vhi\"]"}
RESULT: {"using":"xpath","value":"//*[@id=\"application-manageconditionprice-display-component---conditions--smartFilterBar-filterItemControl_BASIC-BILL_TYPES-vhi\"]"}
COMMAND: POST /session/3097350609915d1f0d0e7f0005360ed5/element/f.185E35FC6384979D85E72AD7E1746CD8.d.952DCE669E0E42F338BC268A6F38E0F3.e.9793/click - {}
RESULT: {}
COMMAND: POST /session/3097350609915d1f0d0e7f0005360ed5/execute/async - {"script":"<script> [1562 bytes]","args":[{"selector":{"id":"application-manageconditionprice-display-component---conditions--smartFilterBar-filterItemControl_BASIC-BILL_TYPES-valueHelpDialog-smartFilterBar-btnBasicSearch","searchOpenDialogs":true,"interaction":{"idSuffix":"I"}},"wdio_ui5_key":"applicationmanageconditionprice-display-component---conditions--smartFilterBar-filterItemControl_BASIC-BILL_TYPES-valueHelpDialog-smartFilterBar-btnBasicSearch"}]}
COMMAND: GET /session/3097350609915d1f0d0e7f0005360ed5/screenshot - {}
RESULT: {"script":"<script> [1562 bytes]","args":[{"selector":{"id":"application-manageconditionprice-display-component---conditions--smartFilterBar-filterItemControl_BASIC-BILL_TYPES-valueHelpDialog-smartFilterBar-btnBasicSearch","searchOpenDialogs":true,"interaction":{"idSuffix":"I"}},"wdio_ui5_key":"applicationmanageconditionprice-display-component---conditions--smartFilterBar-filterItemControl_BASIC-BILL_TYPES-valueHelpDialog-smartFilterBar-btnBasicSearch"}]}
RESULT: undefined
COMMAND: POST /session/3097350609915d1f0d0e7f0005360ed5/execute/async - {"script":"<script> [776 bytes]","args":[{"enterText":"one","selector":{"id":"application-manageconditionprice-display-component---conditions--smartFilterBar-filterItemControl_BASIC-BILL_TYPES-valueHelpDialog-smartFilterBar-btnBasicSearch","searchOpenDialogs":true,"interaction":{"idSuffix":"I"}},"clearTextFirst":true,"interactionType":"ENTER_TEXT"}]}
RESULT: {}
RESULT: {"script":"<script> [776 bytes]","args":[{"enterText":"one","selector":{"id":"application-manageconditionprice-display-component---conditions--smartFilterBar-filterItemControl_BASIC-BILL_TYPES-valueHelpDialog-smartFilterBar-btnBasicSearch","searchOpenDialogs":true,"interaction":{"idSuffix":"I"}},"clearTextFirst":true,"interactionType":"ENTER_TEXT"}]}
COMMAND: POST /session/3097350609915d1f0d0e7f0005360ed5/actions - {"actions":[{"id":"action35","type":"key","parameters":{},"actions":[{"type":"keyDown","value":"î€‡"},{"type":"pause","duration":10},{"type":"keyUp","value":"î€‡"}]}]}
RESULT: {"actions":[{"id":"action35","type":"key","parameters":{},"actions":[{"type":"keyDown","value":"î€‡"},{"type":"pause","duration":10},{"type":"keyUp","value":"î€‡"}]}]}
COMMAND: GET /session/3097350609915d1f0d0e7f0005360ed5/screenshot - {}
RESULT: {}
COMMAND: POST /session/3097350609915d1f0d0e7f0005360ed5/element - {"using":"xpath","value":"//div[contains(@id, 'application-manageconditionprice-display-component---conditions--smartFilterBar-filterItemControl_BASIC-BILL_TYPES-valueHelpDialog-table-rowsel0')]"}
RESULT: {"using":"xpath","value":"//div[contains(@id, 'application-manageconditionprice-display-component---conditions--smartFilterBar-filterItemControl_BASIC-BILL_TYPES-valueHelpDialog-table-rowsel0')]"}
COMMAND: POST /session/3097350609915d1f0d0e7f0005360ed5/element/f.185E35FC6384979D85E72AD7E1746CD8.d.952DCE669E0E42F338BC268A6F38E0F3.e.9801/click - {}
RESULT: {}
COMMAND: GET /session/3097350609915d1f0d0e7f0005360ed5/screenshot - {}
RESULT: {}
COMMAND: POST /session/3097350609915d1f0d0e7f0005360ed5/element - {"using":"xpath","value":"//bdi[contains(text(), \"OK\")]"}
RESULT: {"using":"xpath","value":"//bdi[contains(text(), \"OK\")]"}
COMMAND: POST /session/3097350609915d1f0d0e7f0005360ed5/element/f.185E35FC6384979D85E72AD7E1746CD8.d.952DCE669E0E42F338BC268A6F38E0F3.e.9803/click - {}
RESULT: {}
COMMAND: GET /session/3097350609915d1f0d0e7f0005360ed5/screenshot - {}
RESULT: {}
COMMAND: POST /session/3097350609915d1f0d0e7f0005360ed5/element - {"using":"xpath","value":"//span[@id=\"application-manageconditionprice-display-component---conditions--smartTable-header-inner\"]"}
RESULT: {"using":"xpath","value":"//span[@id=\"application-manageconditionprice-display-component---conditions--smartTable-header-inner\"]"}
COMMAND: POST /session/3097350609915d1f0d0e7f0005360ed5/elements - {"using":"xpath","value":"//span[@id=\"application-manageconditionprice-display-component---conditions--smartTable-header-inner\"]"}
RESULT: {"using":"xpath","value":"//span[@id=\"application-manageconditionprice-display-component---conditions--smartTable-header-inner\"]"}
COMMAND: POST /session/3097350609915d1f0d0e7f0005360ed5/execute/sync - {"script":"<script> [56 bytes]","args":[{"element-6066-11e4-a52e-4f735466cecf":"f.185E35FC6384979D85E72AD7E1746CD8.d.952DCE669E0E42F338BC268A6F38E0F3.e.9806","ELEMENT":"f.185E35FC6384979D85E72AD7E1746CD8.d.952DCE669E0E42F338BC268A6F38E0F3.e.9806"}]}
RESULT: {"script":"<script> [56 bytes]","args":[{"element-6066-11e4-a52e-4f735466cecf":"f.185E35FC6384979D85E72AD7E1746CD8.d.952DCE669E0E42F338BC268A6F38E0F3.e.9806","ELEMENT":"f.185E35FC6384979D85E72AD7E1746CD8.d.952DCE669E0E42F338BC268A6F38E0F3.e.9806"}]}
COMMAND: POST /session/3097350609915d1f0d0e7f0005360ed5/element - {"using":"css selector","value":"#shell-header-logo"}
COMMAND: GET /session/3097350609915d1f0d0e7f0005360ed5/screenshot - {}
RESULT: {"using":"css selector","value":"#shell-header-logo"}
COMMAND: POST /session/3097350609915d1f0d0e7f0005360ed5/element/f.185E35FC6384979D85E72AD7E1746CD8.d.952DCE669E0E42F338BC268A6F38E0F3.e.9524/click - {}
RESULT: {}
RESULT: {}
COMMAND: GET /session/3097350609915d1f0d0e7f0005360ed5/screenshot - {}
RESULT: {}
]]></system-out>
    </testcase>
    <testcase classname="chrome.136_0_7103_93.windows.Create_master_data_for_mixed_billing_&amp;_do_billing_calculation_US151661" name="Should add performance based condition" time="65.354">
      <system-out><![CDATA[
RESULT: undefined
COMMAND: POST /session/3097350609915d1f0d0e7f0005360ed5/element - {"using":"xpath","value":"//*[@id=\"__tile53\"]"}
RESULT: {"using":"xpath","value":"//*[@id=\"__tile53\"]"}
COMMAND: POST /session/3097350609915d1f0d0e7f0005360ed5/element/f.185E35FC6384979D85E72AD7E1746CD8.d.952DCE669E0E42F338BC268A6F38E0F3.e.6197/click - {}
RESULT: {}
COMMAND: GET /session/3097350609915d1f0d0e7f0005360ed5/screenshot - {}
RESULT: {}
COMMAND: POST /session/3097350609915d1f0d0e7f0005360ed5/elements - {"using":"xpath","value":"//span[text()='Error']"}
RESULT: {"using":"xpath","value":"//span[text()='Error']"}
COMMAND: POST /session/3097350609915d1f0d0e7f0005360ed5/element - {"using":"xpath","value":"//button[@aria-label=\"Create\"]"}
RESULT: {"using":"xpath","value":"//button[@aria-label=\"Create\"]"}
COMMAND: POST /session/3097350609915d1f0d0e7f0005360ed5/elements - {"using":"xpath","value":"//button[@aria-label=\"Create\"]"}
RESULT: {"using":"xpath","value":"//button[@aria-label=\"Create\"]"}
COMMAND: POST /session/3097350609915d1f0d0e7f0005360ed5/execute/sync - {"script":"<script> [8489 bytes]","args":[{"element-6066-11e4-a52e-4f735466cecf":"f.185E35FC6384979D85E72AD7E1746CD8.d.952DCE669E0E42F338BC268A6F38E0F3.e.9856","ELEMENT":"f.185E35FC6384979D85E72AD7E1746CD8.d.952DCE669E0E42F338BC268A6F38E0F3.e.9856"}]}
RESULT: {"script":"<script> [8489 bytes]","args":[{"element-6066-11e4-a52e-4f735466cecf":"f.185E35FC6384979D85E72AD7E1746CD8.d.952DCE669E0E42F338BC268A6F38E0F3.e.9856","ELEMENT":"f.185E35FC6384979D85E72AD7E1746CD8.d.952DCE669E0E42F338BC268A6F38E0F3.e.9856"}]}
COMMAND: GET /session/3097350609915d1f0d0e7f0005360ed5/element/f.185E35FC6384979D85E72AD7E1746CD8.d.952DCE669E0E42F338BC268A6F38E0F3.e.9856/enabled - {}
COMMAND: GET /session/3097350609915d1f0d0e7f0005360ed5/screenshot - {}
RESULT: {}
COMMAND: POST /session/3097350609915d1f0d0e7f0005360ed5/execute/sync - {"script":"<script> [8489 bytes]","args":[{"element-6066-11e4-a52e-4f735466cecf":"f.185E35FC6384979D85E72AD7E1746CD8.d.952DCE669E0E42F338BC268A6F38E0F3.e.9856","ELEMENT":"f.185E35FC6384979D85E72AD7E1746CD8.d.952DCE669E0E42F338BC268A6F38E0F3.e.9856"}]}
COMMAND: GET /session/3097350609915d1f0d0e7f0005360ed5/screenshot - {}
RESULT: {}
RESULT: {"script":"<script> [8489 bytes]","args":[{"element-6066-11e4-a52e-4f735466cecf":"f.185E35FC6384979D85E72AD7E1746CD8.d.952DCE669E0E42F338BC268A6F38E0F3.e.9856","ELEMENT":"f.185E35FC6384979D85E72AD7E1746CD8.d.952DCE669E0E42F338BC268A6F38E0F3.e.9856"}]}
COMMAND: POST /session/3097350609915d1f0d0e7f0005360ed5/execute/sync - {"script":"<script> [5351 bytes]","args":[{"element-6066-11e4-a52e-4f735466cecf":"f.185E35FC6384979D85E72AD7E1746CD8.d.952DCE669E0E42F338BC268A6F38E0F3.e.9856","ELEMENT":"f.185E35FC6384979D85E72AD7E1746CD8.d.952DCE669E0E42F338BC268A6F38E0F3.e.9856"}]}
COMMAND: GET /session/3097350609915d1f0d0e7f0005360ed5/screenshot - {}
RESULT: {}
RESULT: {"script":"<script> [5351 bytes]","args":[{"element-6066-11e4-a52e-4f735466cecf":"f.185E35FC6384979D85E72AD7E1746CD8.d.952DCE669E0E42F338BC268A6F38E0F3.e.9856","ELEMENT":"f.185E35FC6384979D85E72AD7E1746CD8.d.952DCE669E0E42F338BC268A6F38E0F3.e.9856"}]}
COMMAND: POST /session/3097350609915d1f0d0e7f0005360ed5/element/f.185E35FC6384979D85E72AD7E1746CD8.d.952DCE669E0E42F338BC268A6F38E0F3.e.9856/click - {}
COMMAND: GET /session/3097350609915d1f0d0e7f0005360ed5/screenshot - {}
RESULT: {}
RESULT: {}
COMMAND: GET /session/3097350609915d1f0d0e7f0005360ed5/screenshot - {}
RESULT: {}
RESULT: {}
COMMAND: POST /session/3097350609915d1f0d0e7f0005360ed5/actions - {"actions":[{"id":"action36","type":"key","parameters":{},"actions":[{"type":"keyDown","value":"î€‡"},{"type":"pause","duration":10},{"type":"keyUp","value":"î€‡"}]}]}
RESULT: {"actions":[{"id":"action36","type":"key","parameters":{},"actions":[{"type":"keyDown","value":"î€‡"},{"type":"pause","duration":10},{"type":"keyUp","value":"î€‡"}]}]}
COMMAND: GET /session/3097350609915d1f0d0e7f0005360ed5/screenshot - {}
RESULT: undefined
COMMAND: POST /session/3097350609915d1f0d0e7f0005360ed5/element - {"using":"xpath","value":"//*[@id=\"application-manageconditionprice-display-component---newCondition--condBillCond-arrow\"]"}
RESULT: {}
RESULT: {"using":"xpath","value":"//*[@id=\"application-manageconditionprice-display-component---newCondition--condBillCond-arrow\"]"}
COMMAND: POST /session/3097350609915d1f0d0e7f0005360ed5/element/f.185E35FC6384979D85E72AD7E1746CD8.d.952DCE669E0E42F338BC268A6F38E0F3.e.10327/click - {}
RESULT: {}
COMMAND: GET /session/3097350609915d1f0d0e7f0005360ed5/screenshot - {}
RESULT: {}
COMMAND: POST /session/3097350609915d1f0d0e7f0005360ed5/element - {"using":"xpath","value":"//li[.//span[contains(text(), \"PC06 - Performance Price - fuel\")]]"}
RESULT: {"using":"xpath","value":"//li[.//span[contains(text(), \"PC06 - Performance Price - fuel\")]]"}
COMMAND: POST /session/3097350609915d1f0d0e7f0005360ed5/element/f.185E35FC6384979D85E72AD7E1746CD8.d.952DCE669E0E42F338BC268A6F38E0F3.e.10330/click - {}
RESULT: {}
COMMAND: GET /session/3097350609915d1f0d0e7f0005360ed5/screenshot - {}
RESULT: {}
RESULT: undefined
COMMAND: POST /session/3097350609915d1f0d0e7f0005360ed5/execute/async - {"script":"<script> [776 bytes]","args":[{"enterText":"1/18/26","selector":{"id":"application-manageconditionprice-display-component---newCondition--condValidTo","interaction":{"idSuffix":"inner"}},"clearTextFirst":true,"interactionType":"ENTER_TEXT"}]}
RESULT: {"script":"<script> [776 bytes]","args":[{"enterText":"1/18/26","selector":{"id":"application-manageconditionprice-display-component---newCondition--condValidTo","interaction":{"idSuffix":"inner"}},"clearTextFirst":true,"interactionType":"ENTER_TEXT"}]}
COMMAND: POST /session/3097350609915d1f0d0e7f0005360ed5/element - {"using":"xpath","value":"//input[@id=\"application-manageconditionprice-display-component---newCondition--condRU-inner\"]"}
RESULT: {"using":"xpath","value":"//input[@id=\"application-manageconditionprice-display-component---newCondition--condRU-inner\"]"}
COMMAND: POST /session/3097350609915d1f0d0e7f0005360ed5/element/f.185E35FC6384979D85E72AD7E1746CD8.d.952DCE669E0E42F338BC268A6F38E0F3.e.10048/clear - {}
RESULT: {}
COMMAND: POST /session/3097350609915d1f0d0e7f0005360ed5/element/f.185E35FC6384979D85E72AD7E1746CD8.d.952DCE669E0E42F338BC268A6F38E0F3.e.10048/value - {"text":"BSrr55ctPI"}
COMMAND: GET /session/3097350609915d1f0d0e7f0005360ed5/screenshot - {}
RESULT: {"text":"BSrr55ctPI"}
COMMAND: GET /session/3097350609915d1f0d0e7f0005360ed5/screenshot - {}
RESULT: {}
RESULT: {}
COMMAND: POST /session/3097350609915d1f0d0e7f0005360ed5/actions - {"actions":[{"id":"action37","type":"key","parameters":{},"actions":[{"type":"keyDown","value":"î€‡"},{"type":"pause","duration":10},{"type":"keyUp","value":"î€‡"}]}]}
RESULT: {"actions":[{"id":"action37","type":"key","parameters":{},"actions":[{"type":"keyDown","value":"î€‡"},{"type":"pause","duration":10},{"type":"keyUp","value":"î€‡"}]}]}
RESULT: undefined
COMMAND: POST /session/3097350609915d1f0d0e7f0005360ed5/execute/async - {"script":"<script> [776 bytes]","args":[{"enterText":"1","selector":{"id":"application-manageconditionprice-display-component---newCondition--condBaseQty","interaction":{"idSuffix":"inner"}},"clearTextFirst":true,"interactionType":"ENTER_TEXT"}]}
COMMAND: GET /session/3097350609915d1f0d0e7f0005360ed5/screenshot - {}
RESULT: {"script":"<script> [776 bytes]","args":[{"enterText":"1","selector":{"id":"application-manageconditionprice-display-component---newCondition--condBaseQty","interaction":{"idSuffix":"inner"}},"clearTextFirst":true,"interactionType":"ENTER_TEXT"}]}
RESULT: undefined
COMMAND: POST /session/3097350609915d1f0d0e7f0005360ed5/execute/async - {"script":"<script> [776 bytes]","args":[{"enterText":"10","selector":{"id":"application-manageconditionprice-display-component---newCondition--condValue","interaction":{"idSuffix":"inner"}},"clearTextFirst":true,"interactionType":"ENTER_TEXT"}]}
RESULT: {}
RESULT: {"script":"<script> [776 bytes]","args":[{"enterText":"10","selector":{"id":"application-manageconditionprice-display-component---newCondition--condValue","interaction":{"idSuffix":"inner"}},"clearTextFirst":true,"interactionType":"ENTER_TEXT"}]}
RESULT: undefined
COMMAND: POST /session/3097350609915d1f0d0e7f0005360ed5/element - {"using":"xpath","value":"//*[@id=\"application-manageconditionprice-display-component---newCondition--condCurr-arrow\"]"}
RESULT: {"using":"xpath","value":"//*[@id=\"application-manageconditionprice-display-component---newCondition--condCurr-arrow\"]"}
COMMAND: POST /session/3097350609915d1f0d0e7f0005360ed5/element/f.185E35FC6384979D85E72AD7E1746CD8.d.952DCE669E0E42F338BC268A6F38E0F3.e.10291/click - {}
RESULT: {}
COMMAND: POST /session/3097350609915d1f0d0e7f0005360ed5/element - {"using":"xpath","value":"//span[contains(text(), \"Euro\")]"}
COMMAND: GET /session/3097350609915d1f0d0e7f0005360ed5/screenshot - {}
RESULT: {"using":"xpath","value":"//span[contains(text(), \"Euro\")]"}
COMMAND: POST /session/3097350609915d1f0d0e7f0005360ed5/element/f.185E35FC6384979D85E72AD7E1746CD8.d.952DCE669E0E42F338BC268A6F38E0F3.e.10365/click - {}
RESULT: {}
RESULT: {}
COMMAND: POST /session/3097350609915d1f0d0e7f0005360ed5/element - {"using":"xpath","value":"//button[@data-kt=\"saveButton\"]"}
COMMAND: GET /session/3097350609915d1f0d0e7f0005360ed5/screenshot - {}
RESULT: {"using":"xpath","value":"//button[@data-kt=\"saveButton\"]"}
COMMAND: POST /session/3097350609915d1f0d0e7f0005360ed5/element/f.185E35FC6384979D85E72AD7E1746CD8.d.952DCE669E0E42F338BC268A6F38E0F3.e.10292/click - {}
RESULT: {}
RESULT: {}
COMMAND: GET /session/3097350609915d1f0d0e7f0005360ed5/screenshot - {}
RESULT: {}
RESULT: undefined
COMMAND: POST /session/3097350609915d1f0d0e7f0005360ed5/execute/async - {"script":"<script> [776 bytes]","args":[{"enterText":"BSrr55ctPI","selector":{"id":"application-manageconditionprice-display-component---conditions--smartFilterBar-btnBasicSearch","interaction":{"idSuffix":"I"}},"clearTextFirst":true,"interactionType":"ENTER_TEXT"}]}
RESULT: {"script":"<script> [776 bytes]","args":[{"enterText":"BSrr55ctPI","selector":{"id":"application-manageconditionprice-display-component---conditions--smartFilterBar-btnBasicSearch","interaction":{"idSuffix":"I"}},"clearTextFirst":true,"interactionType":"ENTER_TEXT"}]}
COMMAND: POST /session/3097350609915d1f0d0e7f0005360ed5/actions - {"actions":[{"id":"action38","type":"key","parameters":{},"actions":[{"type":"keyDown","value":"î€‡"},{"type":"pause","duration":10},{"type":"keyUp","value":"î€‡"}]}]}
RESULT: {"actions":[{"id":"action38","type":"key","parameters":{},"actions":[{"type":"keyDown","value":"î€‡"},{"type":"pause","duration":10},{"type":"keyUp","value":"î€‡"}]}]}
COMMAND: GET /session/3097350609915d1f0d0e7f0005360ed5/screenshot - {}
RESULT: {}
RESULT: undefined
COMMAND: POST /session/3097350609915d1f0d0e7f0005360ed5/element - {"using":"xpath","value":"//*[@id=\"application-manageconditionprice-display-component---conditions--smartFilterBar-filterItemControl_BASIC-BILL_TYPES-vhi\"]"}
RESULT: {"using":"xpath","value":"//*[@id=\"application-manageconditionprice-display-component---conditions--smartFilterBar-filterItemControl_BASIC-BILL_TYPES-vhi\"]"}
COMMAND: POST /session/3097350609915d1f0d0e7f0005360ed5/element/f.185E35FC6384979D85E72AD7E1746CD8.d.952DCE669E0E42F338BC268A6F38E0F3.e.10402/click - {}
RESULT: {}
RESULT: undefined
COMMAND: POST /session/3097350609915d1f0d0e7f0005360ed5/execute/async - {"script":"<script> [776 bytes]","args":[{"enterText":"PB","selector":{"id":"application-manageconditionprice-display-component---conditions--smartFilterBar-filterItemControl_BASIC-BILL_TYPES-valueHelpDialog-smartFilterBar-btnBasicSearch","searchOpenDialogs":true,"interaction":{"idSuffix":"I"}},"clearTextFirst":true,"interactionType":"ENTER_TEXT"}]}
COMMAND: GET /session/3097350609915d1f0d0e7f0005360ed5/screenshot - {}
RESULT: {"script":"<script> [776 bytes]","args":[{"enterText":"PB","selector":{"id":"application-manageconditionprice-display-component---conditions--smartFilterBar-filterItemControl_BASIC-BILL_TYPES-valueHelpDialog-smartFilterBar-btnBasicSearch","searchOpenDialogs":true,"interaction":{"idSuffix":"I"}},"clearTextFirst":true,"interactionType":"ENTER_TEXT"}]}
COMMAND: POST /session/3097350609915d1f0d0e7f0005360ed5/actions - {"actions":[{"id":"action39","type":"key","parameters":{},"actions":[{"type":"keyDown","value":"î€‡"},{"type":"pause","duration":10},{"type":"keyUp","value":"î€‡"}]}]}
RESULT: {}
RESULT: {"actions":[{"id":"action39","type":"key","parameters":{},"actions":[{"type":"keyDown","value":"î€‡"},{"type":"pause","duration":10},{"type":"keyUp","value":"î€‡"}]}]}
COMMAND: GET /session/3097350609915d1f0d0e7f0005360ed5/screenshot - {}
RESULT: {}
COMMAND: POST /session/3097350609915d1f0d0e7f0005360ed5/element - {"using":"xpath","value":"//div[contains(@id, 'application-manageconditionprice-display-component---conditions--smartFilterBar-filterItemControl_BASIC-BILL_TYPES-valueHelpDialog-table-rowsel0')]"}
RESULT: {"using":"xpath","value":"//div[contains(@id, 'application-manageconditionprice-display-component---conditions--smartFilterBar-filterItemControl_BASIC-BILL_TYPES-valueHelpDialog-table-rowsel0')]"}
COMMAND: POST /session/3097350609915d1f0d0e7f0005360ed5/element/f.185E35FC6384979D85E72AD7E1746CD8.d.952DCE669E0E42F338BC268A6F38E0F3.e.10409/click - {}
RESULT: {}
COMMAND: GET /session/3097350609915d1f0d0e7f0005360ed5/screenshot - {}
RESULT: {}
COMMAND: POST /session/3097350609915d1f0d0e7f0005360ed5/element - {"using":"xpath","value":"//bdi[contains(text(), \"OK\")]"}
RESULT: {"using":"xpath","value":"//bdi[contains(text(), \"OK\")]"}
COMMAND: POST /session/3097350609915d1f0d0e7f0005360ed5/element/f.185E35FC6384979D85E72AD7E1746CD8.d.952DCE669E0E42F338BC268A6F38E0F3.e.10411/click - {}
RESULT: {}
COMMAND: GET /session/3097350609915d1f0d0e7f0005360ed5/screenshot - {}
RESULT: {}
COMMAND: POST /session/3097350609915d1f0d0e7f0005360ed5/element - {"using":"xpath","value":"//span[@id=\"application-manageconditionprice-display-component---conditions--smartTable-header-inner\"]"}
RESULT: {"using":"xpath","value":"//span[@id=\"application-manageconditionprice-display-component---conditions--smartTable-header-inner\"]"}
COMMAND: POST /session/3097350609915d1f0d0e7f0005360ed5/elements - {"using":"xpath","value":"//span[@id=\"application-manageconditionprice-display-component---conditions--smartTable-header-inner\"]"}
RESULT: {"using":"xpath","value":"//span[@id=\"application-manageconditionprice-display-component---conditions--smartTable-header-inner\"]"}
COMMAND: POST /session/3097350609915d1f0d0e7f0005360ed5/execute/sync - {"script":"<script> [56 bytes]","args":[{"element-6066-11e4-a52e-4f735466cecf":"f.185E35FC6384979D85E72AD7E1746CD8.d.952DCE669E0E42F338BC268A6F38E0F3.e.10414","ELEMENT":"f.185E35FC6384979D85E72AD7E1746CD8.d.952DCE669E0E42F338BC268A6F38E0F3.e.10414"}]}
RESULT: {"script":"<script> [56 bytes]","args":[{"element-6066-11e4-a52e-4f735466cecf":"f.185E35FC6384979D85E72AD7E1746CD8.d.952DCE669E0E42F338BC268A6F38E0F3.e.10414","ELEMENT":"f.185E35FC6384979D85E72AD7E1746CD8.d.952DCE669E0E42F338BC268A6F38E0F3.e.10414"}]}
COMMAND: POST /session/3097350609915d1f0d0e7f0005360ed5/element - {"using":"css selector","value":"#shell-header-logo"}
COMMAND: GET /session/3097350609915d1f0d0e7f0005360ed5/screenshot - {}
RESULT: {"using":"css selector","value":"#shell-header-logo"}
COMMAND: POST /session/3097350609915d1f0d0e7f0005360ed5/element/f.185E35FC6384979D85E72AD7E1746CD8.d.952DCE669E0E42F338BC268A6F38E0F3.e.9813/click - {}
RESULT: {}
RESULT: {}
COMMAND: GET /session/3097350609915d1f0d0e7f0005360ed5/screenshot - {}
RESULT: {}
]]></system-out>
    </testcase>
    <testcase classname="chrome.136_0_7103_93.windows.Create_master_data_for_mixed_billing_&amp;_do_billing_calculation_US151661" name="Should add time based condition" time="66.794">
      <system-out><![CDATA[
RESULT: undefined
COMMAND: POST /session/3097350609915d1f0d0e7f0005360ed5/element - {"using":"xpath","value":"//*[@id=\"__tile53\"]"}
RESULT: {"using":"xpath","value":"//*[@id=\"__tile53\"]"}
COMMAND: POST /session/3097350609915d1f0d0e7f0005360ed5/element/f.185E35FC6384979D85E72AD7E1746CD8.d.952DCE669E0E42F338BC268A6F38E0F3.e.6197/click - {}
RESULT: {}
COMMAND: GET /session/3097350609915d1f0d0e7f0005360ed5/screenshot - {}
COMMAND: POST /session/3097350609915d1f0d0e7f0005360ed5/elements - {"using":"xpath","value":"//span[text()='Error']"}
RESULT: {}
RESULT: {"using":"xpath","value":"//span[text()='Error']"}
COMMAND: POST /session/3097350609915d1f0d0e7f0005360ed5/element - {"using":"xpath","value":"//button[@aria-label=\"Create\"]"}
RESULT: {"using":"xpath","value":"//button[@aria-label=\"Create\"]"}
COMMAND: POST /session/3097350609915d1f0d0e7f0005360ed5/elements - {"using":"xpath","value":"//button[@aria-label=\"Create\"]"}
RESULT: {"using":"xpath","value":"//button[@aria-label=\"Create\"]"}
COMMAND: POST /session/3097350609915d1f0d0e7f0005360ed5/execute/sync - {"script":"<script> [8489 bytes]","args":[{"element-6066-11e4-a52e-4f735466cecf":"f.185E35FC6384979D85E72AD7E1746CD8.d.952DCE669E0E42F338BC268A6F38E0F3.e.10558","ELEMENT":"f.185E35FC6384979D85E72AD7E1746CD8.d.952DCE669E0E42F338BC268A6F38E0F3.e.10558"}]}
RESULT: {"script":"<script> [8489 bytes]","args":[{"element-6066-11e4-a52e-4f735466cecf":"f.185E35FC6384979D85E72AD7E1746CD8.d.952DCE669E0E42F338BC268A6F38E0F3.e.10558","ELEMENT":"f.185E35FC6384979D85E72AD7E1746CD8.d.952DCE669E0E42F338BC268A6F38E0F3.e.10558"}]}
COMMAND: GET /session/3097350609915d1f0d0e7f0005360ed5/element/f.185E35FC6384979D85E72AD7E1746CD8.d.952DCE669E0E42F338BC268A6F38E0F3.e.10558/enabled - {}
COMMAND: GET /session/3097350609915d1f0d0e7f0005360ed5/screenshot - {}
RESULT: {}
COMMAND: POST /session/3097350609915d1f0d0e7f0005360ed5/execute/sync - {"script":"<script> [8489 bytes]","args":[{"element-6066-11e4-a52e-4f735466cecf":"f.185E35FC6384979D85E72AD7E1746CD8.d.952DCE669E0E42F338BC268A6F38E0F3.e.10558","ELEMENT":"f.185E35FC6384979D85E72AD7E1746CD8.d.952DCE669E0E42F338BC268A6F38E0F3.e.10558"}]}
COMMAND: GET /session/3097350609915d1f0d0e7f0005360ed5/screenshot - {}
RESULT: {}
RESULT: {"script":"<script> [8489 bytes]","args":[{"element-6066-11e4-a52e-4f735466cecf":"f.185E35FC6384979D85E72AD7E1746CD8.d.952DCE669E0E42F338BC268A6F38E0F3.e.10558","ELEMENT":"f.185E35FC6384979D85E72AD7E1746CD8.d.952DCE669E0E42F338BC268A6F38E0F3.e.10558"}]}
COMMAND: POST /session/3097350609915d1f0d0e7f0005360ed5/execute/sync - {"script":"<script> [5351 bytes]","args":[{"element-6066-11e4-a52e-4f735466cecf":"f.185E35FC6384979D85E72AD7E1746CD8.d.952DCE669E0E42F338BC268A6F38E0F3.e.10558","ELEMENT":"f.185E35FC6384979D85E72AD7E1746CD8.d.952DCE669E0E42F338BC268A6F38E0F3.e.10558"}]}
COMMAND: GET /session/3097350609915d1f0d0e7f0005360ed5/screenshot - {}
RESULT: {}
RESULT: {"script":"<script> [5351 bytes]","args":[{"element-6066-11e4-a52e-4f735466cecf":"f.185E35FC6384979D85E72AD7E1746CD8.d.952DCE669E0E42F338BC268A6F38E0F3.e.10558","ELEMENT":"f.185E35FC6384979D85E72AD7E1746CD8.d.952DCE669E0E42F338BC268A6F38E0F3.e.10558"}]}
COMMAND: POST /session/3097350609915d1f0d0e7f0005360ed5/element/f.185E35FC6384979D85E72AD7E1746CD8.d.952DCE669E0E42F338BC268A6F38E0F3.e.10558/click - {}
COMMAND: GET /session/3097350609915d1f0d0e7f0005360ed5/screenshot - {}
RESULT: {}
RESULT: {}
COMMAND: GET /session/3097350609915d1f0d0e7f0005360ed5/screenshot - {}
RESULT: {}
RESULT: {}
COMMAND: POST /session/3097350609915d1f0d0e7f0005360ed5/actions - {"actions":[{"id":"action40","type":"key","parameters":{},"actions":[{"type":"keyDown","value":"î€‡"},{"type":"pause","duration":10},{"type":"keyUp","value":"î€‡"}]}]}
RESULT: {"actions":[{"id":"action40","type":"key","parameters":{},"actions":[{"type":"keyDown","value":"î€‡"},{"type":"pause","duration":10},{"type":"keyUp","value":"î€‡"}]}]}
COMMAND: GET /session/3097350609915d1f0d0e7f0005360ed5/screenshot - {}
RESULT: undefined
COMMAND: POST /session/3097350609915d1f0d0e7f0005360ed5/element - {"using":"xpath","value":"//*[@id=\"application-manageconditionprice-display-component---newCondition--condBillCond-arrow\"]"}
RESULT: {}
RESULT: {"using":"xpath","value":"//*[@id=\"application-manageconditionprice-display-component---newCondition--condBillCond-arrow\"]"}
COMMAND: POST /session/3097350609915d1f0d0e7f0005360ed5/element/f.185E35FC6384979D85E72AD7E1746CD8.d.952DCE669E0E42F338BC268A6F38E0F3.e.10915/click - {}
RESULT: {}
COMMAND: GET /session/3097350609915d1f0d0e7f0005360ed5/screenshot - {}
RESULT: {}
COMMAND: POST /session/3097350609915d1f0d0e7f0005360ed5/element - {"using":"xpath","value":"//li[.//span[contains(text(), \"DISP - D&I special price\")]]"}
RESULT: {"using":"xpath","value":"//li[.//span[contains(text(), \"DISP - D&I special price\")]]"}
COMMAND: POST /session/3097350609915d1f0d0e7f0005360ed5/element/f.185E35FC6384979D85E72AD7E1746CD8.d.952DCE669E0E42F338BC268A6F38E0F3.e.10918/click - {}
RESULT: {}
COMMAND: GET /session/3097350609915d1f0d0e7f0005360ed5/screenshot - {}
RESULT: {}
RESULT: undefined
COMMAND: POST /session/3097350609915d1f0d0e7f0005360ed5/execute/async - {"script":"<script> [776 bytes]","args":[{"enterText":"1/18/26","selector":{"id":"application-manageconditionprice-display-component---newCondition--condValidTo","interaction":{"idSuffix":"inner"}},"clearTextFirst":true,"interactionType":"ENTER_TEXT"}]}
RESULT: {"script":"<script> [776 bytes]","args":[{"enterText":"1/18/26","selector":{"id":"application-manageconditionprice-display-component---newCondition--condValidTo","interaction":{"idSuffix":"inner"}},"clearTextFirst":true,"interactionType":"ENTER_TEXT"}]}
COMMAND: POST /session/3097350609915d1f0d0e7f0005360ed5/element - {"using":"xpath","value":"//input[@id=\"application-manageconditionprice-display-component---newCondition--condRU-inner\"]"}
RESULT: {"using":"xpath","value":"//input[@id=\"application-manageconditionprice-display-component---newCondition--condRU-inner\"]"}
COMMAND: POST /session/3097350609915d1f0d0e7f0005360ed5/element/f.185E35FC6384979D85E72AD7E1746CD8.d.952DCE669E0E42F338BC268A6F38E0F3.e.10647/clear - {}
RESULT: {}
COMMAND: POST /session/3097350609915d1f0d0e7f0005360ed5/element/f.185E35FC6384979D85E72AD7E1746CD8.d.952DCE669E0E42F338BC268A6F38E0F3.e.10647/value - {"text":"BSrr55ctPI"}
COMMAND: GET /session/3097350609915d1f0d0e7f0005360ed5/screenshot - {}
RESULT: {"text":"BSrr55ctPI"}
COMMAND: GET /session/3097350609915d1f0d0e7f0005360ed5/screenshot - {}
RESULT: {}
RESULT: {}
COMMAND: POST /session/3097350609915d1f0d0e7f0005360ed5/actions - {"actions":[{"id":"action41","type":"key","parameters":{},"actions":[{"type":"keyDown","value":"î€‡"},{"type":"pause","duration":10},{"type":"keyUp","value":"î€‡"}]}]}
RESULT: {"actions":[{"id":"action41","type":"key","parameters":{},"actions":[{"type":"keyDown","value":"î€‡"},{"type":"pause","duration":10},{"type":"keyUp","value":"î€‡"}]}]}
RESULT: undefined
COMMAND: POST /session/3097350609915d1f0d0e7f0005360ed5/execute/async - {"script":"<script> [776 bytes]","args":[{"enterText":"1","selector":{"id":"application-manageconditionprice-display-component---newCondition--condBaseQty","interaction":{"idSuffix":"inner"}},"clearTextFirst":true,"interactionType":"ENTER_TEXT"}]}
COMMAND: GET /session/3097350609915d1f0d0e7f0005360ed5/screenshot - {}
RESULT: {"script":"<script> [776 bytes]","args":[{"enterText":"1","selector":{"id":"application-manageconditionprice-display-component---newCondition--condBaseQty","interaction":{"idSuffix":"inner"}},"clearTextFirst":true,"interactionType":"ENTER_TEXT"}]}
RESULT: undefined
COMMAND: POST /session/3097350609915d1f0d0e7f0005360ed5/execute/async - {"script":"<script> [776 bytes]","args":[{"enterText":"100","selector":{"id":"application-manageconditionprice-display-component---newCondition--condValue","interaction":{"idSuffix":"inner"}},"clearTextFirst":true,"interactionType":"ENTER_TEXT"}]}
RESULT: {}
RESULT: {"script":"<script> [776 bytes]","args":[{"enterText":"100","selector":{"id":"application-manageconditionprice-display-component---newCondition--condValue","interaction":{"idSuffix":"inner"}},"clearTextFirst":true,"interactionType":"ENTER_TEXT"}]}
RESULT: undefined
COMMAND: POST /session/3097350609915d1f0d0e7f0005360ed5/element - {"using":"xpath","value":"//*[@id=\"application-manageconditionprice-display-component---newCondition--condCurr-arrow\"]"}
RESULT: {"using":"xpath","value":"//*[@id=\"application-manageconditionprice-display-component---newCondition--condCurr-arrow\"]"}
COMMAND: POST /session/3097350609915d1f0d0e7f0005360ed5/element/f.185E35FC6384979D85E72AD7E1746CD8.d.952DCE669E0E42F338BC268A6F38E0F3.e.10870/click - {}
RESULT: {}
COMMAND: POST /session/3097350609915d1f0d0e7f0005360ed5/element - {"using":"xpath","value":"//span[contains(text(), \"Euro\")]"}
COMMAND: GET /session/3097350609915d1f0d0e7f0005360ed5/screenshot - {}
RESULT: {"using":"xpath","value":"//span[contains(text(), \"Euro\")]"}
COMMAND: POST /session/3097350609915d1f0d0e7f0005360ed5/element/f.185E35FC6384979D85E72AD7E1746CD8.d.952DCE669E0E42F338BC268A6F38E0F3.e.10953/click - {}
RESULT: {}
RESULT: {}
COMMAND: POST /session/3097350609915d1f0d0e7f0005360ed5/element - {"using":"xpath","value":"//button[@data-kt=\"saveButton\"]"}
COMMAND: GET /session/3097350609915d1f0d0e7f0005360ed5/screenshot - {}
RESULT: {"using":"xpath","value":"//button[@data-kt=\"saveButton\"]"}
COMMAND: POST /session/3097350609915d1f0d0e7f0005360ed5/element/f.185E35FC6384979D85E72AD7E1746CD8.d.952DCE669E0E42F338BC268A6F38E0F3.e.10871/click - {}
RESULT: {}
RESULT: {}
COMMAND: GET /session/3097350609915d1f0d0e7f0005360ed5/screenshot - {}
RESULT: {}
RESULT: undefined
COMMAND: POST /session/3097350609915d1f0d0e7f0005360ed5/execute/async - {"script":"<script> [776 bytes]","args":[{"enterText":"BSrr55ctPI","selector":{"id":"application-manageconditionprice-display-component---conditions--smartFilterBar-btnBasicSearch","interaction":{"idSuffix":"I"}},"clearTextFirst":true,"interactionType":"ENTER_TEXT"}]}
RESULT: {"script":"<script> [776 bytes]","args":[{"enterText":"BSrr55ctPI","selector":{"id":"application-manageconditionprice-display-component---conditions--smartFilterBar-btnBasicSearch","interaction":{"idSuffix":"I"}},"clearTextFirst":true,"interactionType":"ENTER_TEXT"}]}
COMMAND: POST /session/3097350609915d1f0d0e7f0005360ed5/actions - {"actions":[{"id":"action42","type":"key","parameters":{},"actions":[{"type":"keyDown","value":"î€‡"},{"type":"pause","duration":10},{"type":"keyUp","value":"î€‡"}]}]}
RESULT: {"actions":[{"id":"action42","type":"key","parameters":{},"actions":[{"type":"keyDown","value":"î€‡"},{"type":"pause","duration":10},{"type":"keyUp","value":"î€‡"}]}]}
COMMAND: GET /session/3097350609915d1f0d0e7f0005360ed5/screenshot - {}
RESULT: {}
RESULT: undefined
COMMAND: POST /session/3097350609915d1f0d0e7f0005360ed5/element - {"using":"xpath","value":"//*[@id=\"application-manageconditionprice-display-component---conditions--smartFilterBar-filterItemControl_BASIC-BILL_TYPES-vhi\"]"}
RESULT: {"using":"xpath","value":"//*[@id=\"application-manageconditionprice-display-component---conditions--smartFilterBar-filterItemControl_BASIC-BILL_TYPES-vhi\"]"}
COMMAND: POST /session/3097350609915d1f0d0e7f0005360ed5/element/f.185E35FC6384979D85E72AD7E1746CD8.d.952DCE669E0E42F338BC268A6F38E0F3.e.10989/click - {}
RESULT: {}
RESULT: undefined
COMMAND: POST /session/3097350609915d1f0d0e7f0005360ed5/execute/async - {"script":"<script> [776 bytes]","args":[{"enterText":"TB","selector":{"id":"application-manageconditionprice-display-component---conditions--smartFilterBar-filterItemControl_BASIC-BILL_TYPES-valueHelpDialog-smartFilterBar-btnBasicSearch","searchOpenDialogs":true,"interaction":{"idSuffix":"I"}},"clearTextFirst":true,"interactionType":"ENTER_TEXT"}]}
COMMAND: GET /session/3097350609915d1f0d0e7f0005360ed5/screenshot - {}
RESULT: {"script":"<script> [776 bytes]","args":[{"enterText":"TB","selector":{"id":"application-manageconditionprice-display-component---conditions--smartFilterBar-filterItemControl_BASIC-BILL_TYPES-valueHelpDialog-smartFilterBar-btnBasicSearch","searchOpenDialogs":true,"interaction":{"idSuffix":"I"}},"clearTextFirst":true,"interactionType":"ENTER_TEXT"}]}
COMMAND: POST /session/3097350609915d1f0d0e7f0005360ed5/actions - {"actions":[{"id":"action43","type":"key","parameters":{},"actions":[{"type":"keyDown","value":"î€‡"},{"type":"pause","duration":10},{"type":"keyUp","value":"î€‡"}]}]}
RESULT: {}
RESULT: {"actions":[{"id":"action43","type":"key","parameters":{},"actions":[{"type":"keyDown","value":"î€‡"},{"type":"pause","duration":10},{"type":"keyUp","value":"î€‡"}]}]}
COMMAND: GET /session/3097350609915d1f0d0e7f0005360ed5/screenshot - {}
RESULT: {}
COMMAND: POST /session/3097350609915d1f0d0e7f0005360ed5/element - {"using":"xpath","value":"//div[contains(@id, 'application-manageconditionprice-display-component---conditions--smartFilterBar-filterItemControl_BASIC-BILL_TYPES-valueHelpDialog-table-rowsel0')]"}
RESULT: {"using":"xpath","value":"//div[contains(@id, 'application-manageconditionprice-display-component---conditions--smartFilterBar-filterItemControl_BASIC-BILL_TYPES-valueHelpDialog-table-rowsel0')]"}
COMMAND: POST /session/3097350609915d1f0d0e7f0005360ed5/element/f.185E35FC6384979D85E72AD7E1746CD8.d.952DCE669E0E42F338BC268A6F38E0F3.e.10998/click - {}
RESULT: {}
COMMAND: GET /session/3097350609915d1f0d0e7f0005360ed5/screenshot - {}
RESULT: {}
COMMAND: POST /session/3097350609915d1f0d0e7f0005360ed5/element - {"using":"xpath","value":"//bdi[contains(text(), \"OK\")]"}
RESULT: {"using":"xpath","value":"//bdi[contains(text(), \"OK\")]"}
COMMAND: POST /session/3097350609915d1f0d0e7f0005360ed5/element/f.185E35FC6384979D85E72AD7E1746CD8.d.952DCE669E0E42F338BC268A6F38E0F3.e.11000/click - {}
RESULT: {}
COMMAND: GET /session/3097350609915d1f0d0e7f0005360ed5/screenshot - {}
RESULT: {}
COMMAND: POST /session/3097350609915d1f0d0e7f0005360ed5/element - {"using":"xpath","value":"//span[@id=\"application-manageconditionprice-display-component---conditions--smartTable-header-inner\"]"}
RESULT: {"using":"xpath","value":"//span[@id=\"application-manageconditionprice-display-component---conditions--smartTable-header-inner\"]"}
COMMAND: POST /session/3097350609915d1f0d0e7f0005360ed5/elements - {"using":"xpath","value":"//span[@id=\"application-manageconditionprice-display-component---conditions--smartTable-header-inner\"]"}
RESULT: {"using":"xpath","value":"//span[@id=\"application-manageconditionprice-display-component---conditions--smartTable-header-inner\"]"}
COMMAND: POST /session/3097350609915d1f0d0e7f0005360ed5/execute/sync - {"script":"<script> [56 bytes]","args":[{"element-6066-11e4-a52e-4f735466cecf":"f.185E35FC6384979D85E72AD7E1746CD8.d.952DCE669E0E42F338BC268A6F38E0F3.e.11010","ELEMENT":"f.185E35FC6384979D85E72AD7E1746CD8.d.952DCE669E0E42F338BC268A6F38E0F3.e.11010"}]}
RESULT: {"script":"<script> [56 bytes]","args":[{"element-6066-11e4-a52e-4f735466cecf":"f.185E35FC6384979D85E72AD7E1746CD8.d.952DCE669E0E42F338BC268A6F38E0F3.e.11010","ELEMENT":"f.185E35FC6384979D85E72AD7E1746CD8.d.952DCE669E0E42F338BC268A6F38E0F3.e.11010"}]}
COMMAND: POST /session/3097350609915d1f0d0e7f0005360ed5/element - {"using":"css selector","value":"#shell-header-logo"}
COMMAND: GET /session/3097350609915d1f0d0e7f0005360ed5/screenshot - {}
RESULT: {"using":"css selector","value":"#shell-header-logo"}
COMMAND: POST /session/3097350609915d1f0d0e7f0005360ed5/element/f.185E35FC6384979D85E72AD7E1746CD8.d.952DCE669E0E42F338BC268A6F38E0F3.e.10419/click - {}
RESULT: {}
RESULT: {}
COMMAND: GET /session/3097350609915d1f0d0e7f0005360ed5/screenshot - {}
RESULT: {}
]]></system-out>
    </testcase>
    <testcase classname="chrome.136_0_7103_93.windows.Create_master_data_for_mixed_billing_&amp;_do_billing_calculation_US151661" name="Should do a stock increase handover" time="84.569">
      <system-out><![CDATA[
COMMAND: POST /session/3097350609915d1f0d0e7f0005360ed5/execute/async - {"script":"<script> [1562 bytes]","args":[{"selector":{"controlType":"sap.m.GenericTile","properties":{"header":"Manage Handovers"}},"wdio_ui5_key":"sapm.GenericTile{\"header\":\"Manage Handovers\"}"}]}
RESULT: {"script":"<script> [1562 bytes]","args":[{"selector":{"controlType":"sap.m.GenericTile","properties":{"header":"Manage Handovers"}},"wdio_ui5_key":"sapm.GenericTile{\"header\":\"Manage Handovers\"}"}]}
RESULT: undefined
COMMAND: POST /session/3097350609915d1f0d0e7f0005360ed5/element - {"using":"xpath","value":"//*[@id=\"__tile132\"]"}
RESULT: {"using":"xpath","value":"//*[@id=\"__tile132\"]"}
COMMAND: POST /session/3097350609915d1f0d0e7f0005360ed5/element/f.185E35FC6384979D85E72AD7E1746CD8.d.952DCE669E0E42F338BC268A6F38E0F3.e.6224/click - {}
RESULT: {}
COMMAND: GET /session/3097350609915d1f0d0e7f0005360ed5/screenshot - {}
RESULT: {}
COMMAND: POST /session/3097350609915d1f0d0e7f0005360ed5/elements - {"using":"xpath","value":"//span[text()='Error']"}
RESULT: {"using":"xpath","value":"//span[text()='Error']"}
COMMAND: POST /session/3097350609915d1f0d0e7f0005360ed5/element - {"using":"xpath","value":"//button[@data-kt=\"masterHOAddButton\"]"}
RESULT: {"using":"xpath","value":"//button[@data-kt=\"masterHOAddButton\"]"}
COMMAND: POST /session/3097350609915d1f0d0e7f0005360ed5/elements - {"using":"xpath","value":"//button[@data-kt=\"masterHOAddButton\"]"}
RESULT: {"using":"xpath","value":"//button[@data-kt=\"masterHOAddButton\"]"}
COMMAND: POST /session/3097350609915d1f0d0e7f0005360ed5/execute/sync - {"script":"<script> [8489 bytes]","args":[{"element-6066-11e4-a52e-4f735466cecf":"f.185E35FC6384979D85E72AD7E1746CD8.d.952DCE669E0E42F338BC268A6F38E0F3.e.11047","ELEMENT":"f.185E35FC6384979D85E72AD7E1746CD8.d.952DCE669E0E42F338BC268A6F38E0F3.e.11047"}]}
RESULT: {"script":"<script> [8489 bytes]","args":[{"element-6066-11e4-a52e-4f735466cecf":"f.185E35FC6384979D85E72AD7E1746CD8.d.952DCE669E0E42F338BC268A6F38E0F3.e.11047","ELEMENT":"f.185E35FC6384979D85E72AD7E1746CD8.d.952DCE669E0E42F338BC268A6F38E0F3.e.11047"}]}
COMMAND: GET /session/3097350609915d1f0d0e7f0005360ed5/element/f.185E35FC6384979D85E72AD7E1746CD8.d.952DCE669E0E42F338BC268A6F38E0F3.e.11047/enabled - {}
COMMAND: GET /session/3097350609915d1f0d0e7f0005360ed5/screenshot - {}
RESULT: {}
COMMAND: POST /session/3097350609915d1f0d0e7f0005360ed5/execute/sync - {"script":"<script> [8489 bytes]","args":[{"element-6066-11e4-a52e-4f735466cecf":"f.185E35FC6384979D85E72AD7E1746CD8.d.952DCE669E0E42F338BC268A6F38E0F3.e.11047","ELEMENT":"f.185E35FC6384979D85E72AD7E1746CD8.d.952DCE669E0E42F338BC268A6F38E0F3.e.11047"}]}
COMMAND: GET /session/3097350609915d1f0d0e7f0005360ed5/screenshot - {}
RESULT: {}
RESULT: {"script":"<script> [8489 bytes]","args":[{"element-6066-11e4-a52e-4f735466cecf":"f.185E35FC6384979D85E72AD7E1746CD8.d.952DCE669E0E42F338BC268A6F38E0F3.e.11047","ELEMENT":"f.185E35FC6384979D85E72AD7E1746CD8.d.952DCE669E0E42F338BC268A6F38E0F3.e.11047"}]}
COMMAND: POST /session/3097350609915d1f0d0e7f0005360ed5/execute/sync - {"script":"<script> [5351 bytes]","args":[{"element-6066-11e4-a52e-4f735466cecf":"f.185E35FC6384979D85E72AD7E1746CD8.d.952DCE669E0E42F338BC268A6F38E0F3.e.11047","ELEMENT":"f.185E35FC6384979D85E72AD7E1746CD8.d.952DCE669E0E42F338BC268A6F38E0F3.e.11047"}]}
COMMAND: GET /session/3097350609915d1f0d0e7f0005360ed5/screenshot - {}
RESULT: {}
RESULT: {"script":"<script> [5351 bytes]","args":[{"element-6066-11e4-a52e-4f735466cecf":"f.185E35FC6384979D85E72AD7E1746CD8.d.952DCE669E0E42F338BC268A6F38E0F3.e.11047","ELEMENT":"f.185E35FC6384979D85E72AD7E1746CD8.d.952DCE669E0E42F338BC268A6F38E0F3.e.11047"}]}
COMMAND: POST /session/3097350609915d1f0d0e7f0005360ed5/element/f.185E35FC6384979D85E72AD7E1746CD8.d.952DCE669E0E42F338BC268A6F38E0F3.e.11047/click - {}
COMMAND: GET /session/3097350609915d1f0d0e7f0005360ed5/screenshot - {}
RESULT: {}
RESULT: {}
COMMAND: GET /session/3097350609915d1f0d0e7f0005360ed5/screenshot - {}
COMMAND: POST /session/3097350609915d1f0d0e7f0005360ed5/element - {"using":"xpath","value":"//span[contains(@id ,\"AddNewHO--typeSelect-arrow\")]"}
RESULT: {}
RESULT: {}
RESULT: {"using":"xpath","value":"//span[contains(@id ,\"AddNewHO--typeSelect-arrow\")]"}
COMMAND: POST /session/3097350609915d1f0d0e7f0005360ed5/element/f.185E35FC6384979D85E72AD7E1746CD8.d.952DCE669E0E42F338BC268A6F38E0F3.e.11406/click - {}
RESULT: {}
COMMAND: GET /session/3097350609915d1f0d0e7f0005360ed5/screenshot - {}
RESULT: {}
COMMAND: POST /session/3097350609915d1f0d0e7f0005360ed5/element - {"using":"xpath","value":"(//li[contains(text(), \"stock increase yard\")])[1]"}
RESULT: {"using":"xpath","value":"(//li[contains(text(), \"stock increase yard\")])[1]"}
COMMAND: POST /session/3097350609915d1f0d0e7f0005360ed5/element/f.185E35FC6384979D85E72AD7E1746CD8.d.952DCE669E0E42F338BC268A6F38E0F3.e.11407/click - {}
RESULT: {}
COMMAND: GET /session/3097350609915d1f0d0e7f0005360ed5/screenshot - {}
RESULT: {}
COMMAND: POST /session/3097350609915d1f0d0e7f0005360ed5/execute/async - {"script":"<script> [1562 bytes]","args":[{"selector":{"id":"application-managehandovers-display-component---AddNewHO--dueDate","interaction":{"idSuffix":"inner"}},"wdio_ui5_key":"applicationmanagehandovers-display-component---AddNewHO--dueDate"}]}
RESULT: {"script":"<script> [1562 bytes]","args":[{"selector":{"id":"application-managehandovers-display-component---AddNewHO--dueDate","interaction":{"idSuffix":"inner"}},"wdio_ui5_key":"applicationmanagehandovers-display-component---AddNewHO--dueDate"}]}
RESULT: undefined
COMMAND: POST /session/3097350609915d1f0d0e7f0005360ed5/execute/async - {"script":"<script> [6424 bytes]","args":[{"element-6066-11e4-a52e-4f735466cecf":"f.185E35FC6384979D85E72AD7E1746CD8.d.952DCE669E0E42F338BC268A6F38E0F3.e.11409"},"setValue",["5/18/25"]]}
RESULT: {"script":"<script> [6424 bytes]","args":[{"element-6066-11e4-a52e-4f735466cecf":"f.185E35FC6384979D85E72AD7E1746CD8.d.952DCE669E0E42F338BC268A6F38E0F3.e.11409"},"setValue",["5/18/25"]]}
COMMAND: POST /session/3097350609915d1f0d0e7f0005360ed5/element - {"using":"xpath","value":"//input[@id=\"generalSectionFrg--receiveYard-inner\"]"}
RESULT: {"using":"xpath","value":"//input[@id=\"generalSectionFrg--receiveYard-inner\"]"}
COMMAND: POST /session/3097350609915d1f0d0e7f0005360ed5/element/f.185E35FC6384979D85E72AD7E1746CD8.d.952DCE669E0E42F338BC268A6F38E0F3.e.11413/clear - {}
RESULT: {}
COMMAND: POST /session/3097350609915d1f0d0e7f0005360ed5/element/f.185E35FC6384979D85E72AD7E1746CD8.d.952DCE669E0E42F338BC268A6F38E0F3.e.11413/value - {"text":"529"}
COMMAND: GET /session/3097350609915d1f0d0e7f0005360ed5/screenshot - {}
RESULT: {"text":"529"}
COMMAND: GET /session/3097350609915d1f0d0e7f0005360ed5/screenshot - {}
RESULT: {}
RESULT: {}
COMMAND: POST /session/3097350609915d1f0d0e7f0005360ed5/element - {"using":"xpath","value":"//li[.//span[text()='529']]"}
RESULT: {"using":"xpath","value":"//li[.//span[text()='529']]"}
COMMAND: POST /session/3097350609915d1f0d0e7f0005360ed5/element/f.185E35FC6384979D85E72AD7E1746CD8.d.952DCE669E0E42F338BC268A6F38E0F3.e.11430/click - {}
RESULT: {}
COMMAND: GET /session/3097350609915d1f0d0e7f0005360ed5/screenshot - {}
RESULT: {}
COMMAND: POST /session/3097350609915d1f0d0e7f0005360ed5/execute/async - {"script":"<script> [1562 bytes]","args":[{"selector":{"id":"application-managehandovers-display-component---AddNewHO--ObjectPageLayout-anchBar-application-managehandovers-display-component---AddNewHO--section4-anchor","interaction":{"idSuffix":"BDI-content"}},"wdio_ui5_key":"applicationmanagehandovers-display-component---AddNewHO--ObjectPageLayout-anchBar-application-managehandovers-display-component---AddNewHO--section4-anchor"}]}
RESULT: {"script":"<script> [1562 bytes]","args":[{"selector":{"id":"application-managehandovers-display-component---AddNewHO--ObjectPageLayout-anchBar-application-managehandovers-display-component---AddNewHO--section4-anchor","interaction":{"idSuffix":"BDI-content"}},"wdio_ui5_key":"applicationmanagehandovers-display-component---AddNewHO--ObjectPageLayout-anchBar-application-managehandovers-display-component---AddNewHO--section4-anchor"}]}
RESULT: undefined
COMMAND: POST /session/3097350609915d1f0d0e7f0005360ed5/element - {"using":"xpath","value":"//*[@id=\"application-managehandovers-display-component---AddNewHO--ObjectPageLayout-anchBar-application-managehandovers-display-component---AddNewHO--section4-anchor\"]"}
RESULT: {"using":"xpath","value":"//*[@id=\"application-managehandovers-display-component---AddNewHO--ObjectPageLayout-anchBar-application-managehandovers-display-component---AddNewHO--section4-anchor\"]"}
COMMAND: POST /session/3097350609915d1f0d0e7f0005360ed5/element/f.185E35FC6384979D85E72AD7E1746CD8.d.952DCE669E0E42F338BC268A6F38E0F3.e.11432/click - {}
RESULT: {}
COMMAND: POST /session/3097350609915d1f0d0e7f0005360ed5/element - {"using":"xpath","value":"//button[@aria-label=\"Add\"]"}
COMMAND: GET /session/3097350609915d1f0d0e7f0005360ed5/screenshot - {}
RESULT: {"using":"xpath","value":"//button[@aria-label=\"Add\"]"}
COMMAND: POST /session/3097350609915d1f0d0e7f0005360ed5/element/f.185E35FC6384979D85E72AD7E1746CD8.d.952DCE669E0E42F338BC268A6F38E0F3.e.11436/click - {}
RESULT: {}
RESULT: {}
COMMAND: GET /session/3097350609915d1f0d0e7f0005360ed5/screenshot - {}
RESULT: {}
COMMAND: POST /session/3097350609915d1f0d0e7f0005360ed5/execute/async - {"script":"<script> [1562 bytes]","args":[{"selector":{"id":"application-managehandovers-display-component---AddNewHO--smartFilterBar-btnBasicSearch","searchOpenDialogs":true,"interaction":{"idSuffix":"I"}},"wdio_ui5_key":"applicationmanagehandovers-display-component---AddNewHO--smartFilterBar-btnBasicSearch"}]}
RESULT: {"script":"<script> [1562 bytes]","args":[{"selector":{"id":"application-managehandovers-display-component---AddNewHO--smartFilterBar-btnBasicSearch","searchOpenDialogs":true,"interaction":{"idSuffix":"I"}},"wdio_ui5_key":"applicationmanagehandovers-display-component---AddNewHO--smartFilterBar-btnBasicSearch"}]}
RESULT: undefined
COMMAND: POST /session/3097350609915d1f0d0e7f0005360ed5/execute/async - {"script":"<script> [776 bytes]","args":[{"enterText":"BSrr55ctPI","selector":{"id":"application-managehandovers-display-component---AddNewHO--smartFilterBar-btnBasicSearch","searchOpenDialogs":true,"interaction":{"idSuffix":"I"}},"clearTextFirst":true,"interactionType":"ENTER_TEXT"}]}
RESULT: {"script":"<script> [776 bytes]","args":[{"enterText":"BSrr55ctPI","selector":{"id":"application-managehandovers-display-component---AddNewHO--smartFilterBar-btnBasicSearch","searchOpenDialogs":true,"interaction":{"idSuffix":"I"}},"clearTextFirst":true,"interactionType":"ENTER_TEXT"}]}
COMMAND: POST /session/3097350609915d1f0d0e7f0005360ed5/actions - {"actions":[{"id":"action44","type":"key","parameters":{},"actions":[{"type":"keyDown","value":"î€‡"},{"type":"pause","duration":10},{"type":"keyUp","value":"î€‡"}]}]}
RESULT: {"actions":[{"id":"action44","type":"key","parameters":{},"actions":[{"type":"keyDown","value":"î€‡"},{"type":"pause","duration":10},{"type":"keyUp","value":"î€‡"}]}]}
COMMAND: GET /session/3097350609915d1f0d0e7f0005360ed5/screenshot - {}
RESULT: {}
COMMAND: POST /session/3097350609915d1f0d0e7f0005360ed5/execute/async - {"script":"<script> [1562 bytes]","args":[{"selector":{"id":"application-managehandovers-display-component---AddNewHO--popup-sa","searchOpenDialogs":true,"interaction":{"idSuffix":"CbBg"}},"wdio_ui5_key":"applicationmanagehandovers-display-component---AddNewHO--popup-sa"}]}
RESULT: {"script":"<script> [1562 bytes]","args":[{"selector":{"id":"application-managehandovers-display-component---AddNewHO--popup-sa","searchOpenDialogs":true,"interaction":{"idSuffix":"CbBg"}},"wdio_ui5_key":"applicationmanagehandovers-display-component---AddNewHO--popup-sa"}]}
RESULT: undefined
COMMAND: POST /session/3097350609915d1f0d0e7f0005360ed5/element - {"using":"xpath","value":"//*[@id=\"application-managehandovers-display-component---AddNewHO--popup-sa\"]"}
RESULT: {"using":"xpath","value":"//*[@id=\"application-managehandovers-display-component---AddNewHO--popup-sa\"]"}
COMMAND: POST /session/3097350609915d1f0d0e7f0005360ed5/element/f.185E35FC6384979D85E72AD7E1746CD8.d.952DCE669E0E42F338BC268A6F38E0F3.e.11588/click - {}
RESULT: {}
COMMAND: GET /session/3097350609915d1f0d0e7f0005360ed5/screenshot - {}
RESULT: {}
COMMAND: POST /session/3097350609915d1f0d0e7f0005360ed5/element - {"using":"xpath","value":"//bdi[contains(text(), \"Select\")]"}
RESULT: {"using":"xpath","value":"//bdi[contains(text(), \"Select\")]"}
COMMAND: POST /session/3097350609915d1f0d0e7f0005360ed5/element/f.185E35FC6384979D85E72AD7E1746CD8.d.952DCE669E0E42F338BC268A6F38E0F3.e.11589/click - {}
RESULT: {}
COMMAND: GET /session/3097350609915d1f0d0e7f0005360ed5/screenshot - {}
RESULT: {}
COMMAND: POST /session/3097350609915d1f0d0e7f0005360ed5/element - {"using":"xpath","value":"//button[@data-kt=\"AddNewHOSaveButton\"]"}
RESULT: {"using":"xpath","value":"//button[@data-kt=\"AddNewHOSaveButton\"]"}
COMMAND: POST /session/3097350609915d1f0d0e7f0005360ed5/element/f.185E35FC6384979D85E72AD7E1746CD8.d.952DCE669E0E42F338BC268A6F38E0F3.e.11593/click - {}
RESULT: {}
COMMAND: GET /session/3097350609915d1f0d0e7f0005360ed5/screenshot - {}
RESULT: {}
COMMAND: POST /session/3097350609915d1f0d0e7f0005360ed5/execute/async - {"script":"<script> [1562 bytes]","args":[{"selector":{"id":"receiptDatePicker","viewName":"etm.portal.ui.managehandovers.view.DetailExecuteHO","interaction":{"idSuffix":"inner"}},"wdio_ui5_key":"receiptDatePickeretmportal.ui.managehandovers.view.DetailExecuteHO"}]}
RESULT: {"script":"<script> [1562 bytes]","args":[{"selector":{"id":"receiptDatePicker","viewName":"etm.portal.ui.managehandovers.view.DetailExecuteHO","interaction":{"idSuffix":"inner"}},"wdio_ui5_key":"receiptDatePickeretmportal.ui.managehandovers.view.DetailExecuteHO"}]}
RESULT: undefined
COMMAND: POST /session/3097350609915d1f0d0e7f0005360ed5/execute/async - {"script":"<script> [6424 bytes]","args":[{"element-6066-11e4-a52e-4f735466cecf":"f.185E35FC6384979D85E72AD7E1746CD8.d.952DCE669E0E42F338BC268A6F38E0F3.e.11613"},"setValue",["5/18/25"]]}
RESULT: {"script":"<script> [6424 bytes]","args":[{"element-6066-11e4-a52e-4f735466cecf":"f.185E35FC6384979D85E72AD7E1746CD8.d.952DCE669E0E42F338BC268A6F38E0F3.e.11613"},"setValue",["5/18/25"]]}
COMMAND: POST /session/3097350609915d1f0d0e7f0005360ed5/element - {"using":"xpath","value":"//button[@data-kt=\"PickingTableConfirmAllButton\"]"}
RESULT: {"using":"xpath","value":"//button[@data-kt=\"PickingTableConfirmAllButton\"]"}
COMMAND: POST /session/3097350609915d1f0d0e7f0005360ed5/element/f.185E35FC6384979D85E72AD7E1746CD8.d.952DCE669E0E42F338BC268A6F38E0F3.e.11627/click - {}
RESULT: {}
COMMAND: GET /session/3097350609915d1f0d0e7f0005360ed5/screenshot - {}
RESULT: {}
COMMAND: POST /session/3097350609915d1f0d0e7f0005360ed5/element - {"using":"xpath","value":"//bdi[contains(text(), \"OK\")]"}
RESULT: {"using":"xpath","value":"//bdi[contains(text(), \"OK\")]"}
COMMAND: POST /session/3097350609915d1f0d0e7f0005360ed5/element/f.185E35FC6384979D85E72AD7E1746CD8.d.952DCE669E0E42F338BC268A6F38E0F3.e.11629/click - {}
RESULT: {}
COMMAND: GET /session/3097350609915d1f0d0e7f0005360ed5/screenshot - {}
RESULT: {}
COMMAND: POST /session/3097350609915d1f0d0e7f0005360ed5/element - {"using":"xpath","value":"(//bdi[contains(text(), \"Receive\")])[2]"}
RESULT: {"using":"xpath","value":"(//bdi[contains(text(), \"Receive\")])[2]"}
COMMAND: POST /session/3097350609915d1f0d0e7f0005360ed5/element/f.185E35FC6384979D85E72AD7E1746CD8.d.952DCE669E0E42F338BC268A6F38E0F3.e.11631/click - {}
RESULT: {}
COMMAND: GET /session/3097350609915d1f0d0e7f0005360ed5/screenshot - {}
RESULT: {}
COMMAND: POST /session/3097350609915d1f0d0e7f0005360ed5/element - {"using":"css selector","value":"#shell-header-logo"}
RESULT: {"using":"css selector","value":"#shell-header-logo"}
COMMAND: POST /session/3097350609915d1f0d0e7f0005360ed5/element/f.185E35FC6384979D85E72AD7E1746CD8.d.952DCE669E0E42F338BC268A6F38E0F3.e.11014/click - {}
RESULT: {}
COMMAND: GET /session/3097350609915d1f0d0e7f0005360ed5/screenshot - {}
RESULT: {}
]]></system-out>
    </testcase>
    <testcase classname="chrome.136_0_7103_93.windows.Create_master_data_for_mixed_billing_&amp;_do_billing_calculation_US151661" name="Should create a new contract" time="64.441">
      <system-out><![CDATA[
COMMAND: POST /session/3097350609915d1f0d0e7f0005360ed5/execute/async - {"script":"<script> [1562 bytes]","args":[{"selector":{"controlType":"sap.m.GenericTile","properties":{"header":"Manage Contracts"}},"wdio_ui5_key":"sapm.GenericTile{\"header\":\"Manage Contracts\"}"}]}
RESULT: {"script":"<script> [1562 bytes]","args":[{"selector":{"controlType":"sap.m.GenericTile","properties":{"header":"Manage Contracts"}},"wdio_ui5_key":"sapm.GenericTile{\"header\":\"Manage Contracts\"}"}]}
RESULT: undefined
COMMAND: POST /session/3097350609915d1f0d0e7f0005360ed5/element - {"using":"xpath","value":"//*[@id=\"__tile130\"]"}
RESULT: {"using":"xpath","value":"//*[@id=\"__tile130\"]"}
COMMAND: POST /session/3097350609915d1f0d0e7f0005360ed5/element/f.185E35FC6384979D85E72AD7E1746CD8.d.952DCE669E0E42F338BC268A6F38E0F3.e.6166/click - {}
RESULT: {}
COMMAND: GET /session/3097350609915d1f0d0e7f0005360ed5/screenshot - {}
RESULT: {}
COMMAND: POST /session/3097350609915d1f0d0e7f0005360ed5/elements - {"using":"xpath","value":"//span[text()='Error']"}
RESULT: {"using":"xpath","value":"//span[text()='Error']"}
COMMAND: POST /session/3097350609915d1f0d0e7f0005360ed5/element - {"using":"xpath","value":"//button[@data-kt=\"addButton\"]"}
RESULT: {"using":"xpath","value":"//button[@data-kt=\"addButton\"]"}
COMMAND: POST /session/3097350609915d1f0d0e7f0005360ed5/elements - {"using":"xpath","value":"//button[@data-kt=\"addButton\"]"}
RESULT: {"using":"xpath","value":"//button[@data-kt=\"addButton\"]"}
COMMAND: POST /session/3097350609915d1f0d0e7f0005360ed5/execute/sync - {"script":"<script> [8489 bytes]","args":[{"element-6066-11e4-a52e-4f735466cecf":"f.185E35FC6384979D85E72AD7E1746CD8.d.952DCE669E0E42F338BC268A6F38E0F3.e.11850","ELEMENT":"f.185E35FC6384979D85E72AD7E1746CD8.d.952DCE669E0E42F338BC268A6F38E0F3.e.11850"}]}
RESULT: {"script":"<script> [8489 bytes]","args":[{"element-6066-11e4-a52e-4f735466cecf":"f.185E35FC6384979D85E72AD7E1746CD8.d.952DCE669E0E42F338BC268A6F38E0F3.e.11850","ELEMENT":"f.185E35FC6384979D85E72AD7E1746CD8.d.952DCE669E0E42F338BC268A6F38E0F3.e.11850"}]}
COMMAND: GET /session/3097350609915d1f0d0e7f0005360ed5/element/f.185E35FC6384979D85E72AD7E1746CD8.d.952DCE669E0E42F338BC268A6F38E0F3.e.11850/enabled - {}
COMMAND: GET /session/3097350609915d1f0d0e7f0005360ed5/screenshot - {}
RESULT: {}
COMMAND: POST /session/3097350609915d1f0d0e7f0005360ed5/execute/sync - {"script":"<script> [8489 bytes]","args":[{"element-6066-11e4-a52e-4f735466cecf":"f.185E35FC6384979D85E72AD7E1746CD8.d.952DCE669E0E42F338BC268A6F38E0F3.e.11850","ELEMENT":"f.185E35FC6384979D85E72AD7E1746CD8.d.952DCE669E0E42F338BC268A6F38E0F3.e.11850"}]}
COMMAND: GET /session/3097350609915d1f0d0e7f0005360ed5/screenshot - {}
RESULT: {}
RESULT: {"script":"<script> [8489 bytes]","args":[{"element-6066-11e4-a52e-4f735466cecf":"f.185E35FC6384979D85E72AD7E1746CD8.d.952DCE669E0E42F338BC268A6F38E0F3.e.11850","ELEMENT":"f.185E35FC6384979D85E72AD7E1746CD8.d.952DCE669E0E42F338BC268A6F38E0F3.e.11850"}]}
COMMAND: POST /session/3097350609915d1f0d0e7f0005360ed5/execute/sync - {"script":"<script> [5351 bytes]","args":[{"element-6066-11e4-a52e-4f735466cecf":"f.185E35FC6384979D85E72AD7E1746CD8.d.952DCE669E0E42F338BC268A6F38E0F3.e.11850","ELEMENT":"f.185E35FC6384979D85E72AD7E1746CD8.d.952DCE669E0E42F338BC268A6F38E0F3.e.11850"}]}
COMMAND: GET /session/3097350609915d1f0d0e7f0005360ed5/screenshot - {}
RESULT: {}
RESULT: {"script":"<script> [5351 bytes]","args":[{"element-6066-11e4-a52e-4f735466cecf":"f.185E35FC6384979D85E72AD7E1746CD8.d.952DCE669E0E42F338BC268A6F38E0F3.e.11850","ELEMENT":"f.185E35FC6384979D85E72AD7E1746CD8.d.952DCE669E0E42F338BC268A6F38E0F3.e.11850"}]}
COMMAND: GET /session/3097350609915d1f0d0e7f0005360ed5/screenshot - {}
RESULT: {}
RESULT: {}
COMMAND: POST /session/3097350609915d1f0d0e7f0005360ed5/element/f.185E35FC6384979D85E72AD7E1746CD8.d.952DCE669E0E42F338BC268A6F38E0F3.e.11850/click - {}
RESULT: {}
COMMAND: GET /session/3097350609915d1f0d0e7f0005360ed5/screenshot - {}
RESULT: {}
COMMAND: POST /session/3097350609915d1f0d0e7f0005360ed5/execute/async - {"script":"<script> [1562 bytes]","args":[{"selector":{"id":"application-managecontracts-display-component---AddNewContract--projectDescription","interaction":{"idSuffix":"inner"}},"wdio_ui5_key":"applicationmanagecontracts-display-component---AddNewContract--projectDescription"}]}
RESULT: {"script":"<script> [1562 bytes]","args":[{"selector":{"id":"application-managecontracts-display-component---AddNewContract--projectDescription","interaction":{"idSuffix":"inner"}},"wdio_ui5_key":"applicationmanagecontracts-display-component---AddNewContract--projectDescription"}]}
RESULT: undefined
COMMAND: POST /session/3097350609915d1f0d0e7f0005360ed5/execute/async - {"script":"<script> [776 bytes]","args":[{"enterText":"Mixed Contract WDIO","selector":{"id":"application-managecontracts-display-component---AddNewContract--projectDescription","interaction":{"idSuffix":"inner"}},"clearTextFirst":true,"interactionType":"ENTER_TEXT"}]}
RESULT: {"script":"<script> [776 bytes]","args":[{"enterText":"Mixed Contract WDIO","selector":{"id":"application-managecontracts-display-component---AddNewContract--projectDescription","interaction":{"idSuffix":"inner"}},"clearTextFirst":true,"interactionType":"ENTER_TEXT"}]}
COMMAND: POST /session/3097350609915d1f0d0e7f0005360ed5/element - {"using":"xpath","value":"//input[@id=\"application-managecontracts-display-component---AddNewContract--site-inner\"]"}
RESULT: {"using":"xpath","value":"//input[@id=\"application-managecontracts-display-component---AddNewContract--site-inner\"]"}
COMMAND: POST /session/3097350609915d1f0d0e7f0005360ed5/element/f.185E35FC6384979D85E72AD7E1746CD8.d.952DCE669E0E42F338BC268A6F38E0F3.e.12204/clear - {}
RESULT: {}
COMMAND: POST /session/3097350609915d1f0d0e7f0005360ed5/element/f.185E35FC6384979D85E72AD7E1746CD8.d.952DCE669E0E42F338BC268A6F38E0F3.e.12204/value - {"text":"2262"}
COMMAND: GET /session/3097350609915d1f0d0e7f0005360ed5/screenshot - {}
RESULT: {"text":"2262"}
COMMAND: GET /session/3097350609915d1f0d0e7f0005360ed5/screenshot - {}
RESULT: {}
RESULT: {}
COMMAND: POST /session/3097350609915d1f0d0e7f0005360ed5/element - {"using":"xpath","value":"//li[.//span[text()='2262']]"}
RESULT: {"using":"xpath","value":"//li[.//span[text()='2262']]"}
COMMAND: POST /session/3097350609915d1f0d0e7f0005360ed5/element/f.185E35FC6384979D85E72AD7E1746CD8.d.952DCE669E0E42F338BC268A6F38E0F3.e.12238/click - {}
RESULT: {}
COMMAND: GET /session/3097350609915d1f0d0e7f0005360ed5/screenshot - {}
RESULT: {}
COMMAND: POST /session/3097350609915d1f0d0e7f0005360ed5/element - {"using":"xpath","value":"//input[@id=\"application-managecontracts-display-component---AddNewContract--yardId-inner\"]"}
RESULT: {"using":"xpath","value":"//input[@id=\"application-managecontracts-display-component---AddNewContract--yardId-inner\"]"}
COMMAND: GET /session/3097350609915d1f0d0e7f0005360ed5/element/f.185E35FC6384979D85E72AD7E1746CD8.d.952DCE669E0E42F338BC268A6F38E0F3.e.12205/property/value - {}
RESULT: {}
COMMAND: POST /session/3097350609915d1f0d0e7f0005360ed5/element - {"using":"xpath","value":"//input[@id=\"application-managecontracts-display-component---AddNewContract--customerSelect-inner\"]"}
COMMAND: GET /session/3097350609915d1f0d0e7f0005360ed5/screenshot - {}
RESULT: {"using":"xpath","value":"//input[@id=\"application-managecontracts-display-component---AddNewContract--customerSelect-inner\"]"}
COMMAND: POST /session/3097350609915d1f0d0e7f0005360ed5/element/f.185E35FC6384979D85E72AD7E1746CD8.d.952DCE669E0E42F338BC268A6F38E0F3.e.12203/clear - {}
RESULT: {}
RESULT: {}
COMMAND: POST /session/3097350609915d1f0d0e7f0005360ed5/element/f.185E35FC6384979D85E72AD7E1746CD8.d.952DCE669E0E42F338BC268A6F38E0F3.e.12203/value - {"text":"1310"}
COMMAND: GET /session/3097350609915d1f0d0e7f0005360ed5/screenshot - {}
RESULT: {"text":"1310"}
COMMAND: GET /session/3097350609915d1f0d0e7f0005360ed5/screenshot - {}
RESULT: {}
RESULT: {}
COMMAND: POST /session/3097350609915d1f0d0e7f0005360ed5/element - {"using":"xpath","value":"//li[.//span[text()='1310']]"}
RESULT: {"using":"xpath","value":"//li[.//span[text()='1310']]"}
COMMAND: POST /session/3097350609915d1f0d0e7f0005360ed5/element/f.185E35FC6384979D85E72AD7E1746CD8.d.952DCE669E0E42F338BC268A6F38E0F3.e.12241/click - {}
RESULT: {}
COMMAND: GET /session/3097350609915d1f0d0e7f0005360ed5/screenshot - {}
RESULT: {}
COMMAND: POST /session/3097350609915d1f0d0e7f0005360ed5/element - {"using":"xpath","value":"//button[@data-kt=\"saveButton\"]"}
RESULT: {"using":"xpath","value":"//button[@data-kt=\"saveButton\"]"}
COMMAND: POST /session/3097350609915d1f0d0e7f0005360ed5/element/f.185E35FC6384979D85E72AD7E1746CD8.d.952DCE669E0E42F338BC268A6F38E0F3.e.12242/click - {}
RESULT: {}
COMMAND: GET /session/3097350609915d1f0d0e7f0005360ed5/screenshot - {}
RESULT: {}
COMMAND: POST /session/3097350609915d1f0d0e7f0005360ed5/element - {"using":"xpath","value":"//span[contains(@id ,\"contractDetailTitleNoExpanded\")]"}
RESULT: {"using":"xpath","value":"//span[contains(@id ,\"contractDetailTitleNoExpanded\")]"}
COMMAND: POST /session/3097350609915d1f0d0e7f0005360ed5/elements - {"using":"xpath","value":"//span[contains(@id ,\"contractDetailTitleNoExpanded\")]"}
RESULT: {"using":"xpath","value":"//span[contains(@id ,\"contractDetailTitleNoExpanded\")]"}
COMMAND: POST /session/3097350609915d1f0d0e7f0005360ed5/execute/sync - {"script":"<script> [56 bytes]","args":[{"element-6066-11e4-a52e-4f735466cecf":"f.185E35FC6384979D85E72AD7E1746CD8.d.952DCE669E0E42F338BC268A6F38E0F3.e.12313","ELEMENT":"f.185E35FC6384979D85E72AD7E1746CD8.d.952DCE669E0E42F338BC268A6F38E0F3.e.12313"}]}
RESULT: {"script":"<script> [56 bytes]","args":[{"element-6066-11e4-a52e-4f735466cecf":"f.185E35FC6384979D85E72AD7E1746CD8.d.952DCE669E0E42F338BC268A6F38E0F3.e.12313","ELEMENT":"f.185E35FC6384979D85E72AD7E1746CD8.d.952DCE669E0E42F338BC268A6F38E0F3.e.12313"}]}
COMMAND: GET /session/3097350609915d1f0d0e7f0005360ed5/screenshot - {}
RESULT: {}
]]></system-out>
    </testcase>
    <testcase classname="chrome.136_0_7103_93.windows.Create_master_data_for_mixed_billing_&amp;_do_billing_calculation_US151661" name="Should add equipment to the contract" time="47.444">
      <system-out><![CDATA[
COMMAND: POST /session/3097350609915d1f0d0e7f0005360ed5/element - {"using":"xpath","value":"//button[@data-kt=\"contractDetailEditBtnButton\"]"}
RESULT: {"using":"xpath","value":"//button[@data-kt=\"contractDetailEditBtnButton\"]"}
COMMAND: POST /session/3097350609915d1f0d0e7f0005360ed5/element/f.185E35FC6384979D85E72AD7E1746CD8.d.952DCE669E0E42F338BC268A6F38E0F3.e.12314/click - {}
RESULT: {}
COMMAND: GET /session/3097350609915d1f0d0e7f0005360ed5/screenshot - {}
RESULT: {}
COMMAND: POST /session/3097350609915d1f0d0e7f0005360ed5/element - {"using":"xpath","value":"(//span[contains(text(), \"Additional Addresses\")])[2]"}
RESULT: {"using":"xpath","value":"(//span[contains(text(), \"Additional Addresses\")])[2]"}
COMMAND: POST /session/3097350609915d1f0d0e7f0005360ed5/element/f.185E35FC6384979D85E72AD7E1746CD8.d.952DCE669E0E42F338BC268A6F38E0F3.e.12368/click - {}
RESULT: {}
COMMAND: GET /session/3097350609915d1f0d0e7f0005360ed5/screenshot - {}
RESULT: {}
COMMAND: POST /session/3097350609915d1f0d0e7f0005360ed5/element - {"using":"xpath","value":"//button[@data-kt=\"btnAddTableRowOverflowToolbarButton\"]"}
RESULT: {"using":"xpath","value":"//button[@data-kt=\"btnAddTableRowOverflowToolbarButton\"]"}
COMMAND: POST /session/3097350609915d1f0d0e7f0005360ed5/element/f.185E35FC6384979D85E72AD7E1746CD8.d.952DCE669E0E42F338BC268A6F38E0F3.e.12373/click - {}
RESULT: {}
COMMAND: GET /session/3097350609915d1f0d0e7f0005360ed5/screenshot - {}
RESULT: {}
COMMAND: POST /session/3097350609915d1f0d0e7f0005360ed5/element - {"using":"xpath","value":"//div[(text() = 'Standard Entry' or . = 'Standard Entry')]"}
RESULT: {"using":"xpath","value":"//div[(text() = 'Standard Entry' or . = 'Standard Entry')]"}
COMMAND: POST /session/3097350609915d1f0d0e7f0005360ed5/element/f.185E35FC6384979D85E72AD7E1746CD8.d.952DCE669E0E42F338BC268A6F38E0F3.e.12374/click - {}
RESULT: {}
COMMAND: GET /session/3097350609915d1f0d0e7f0005360ed5/screenshot - {}
RESULT: {}
COMMAND: POST /session/3097350609915d1f0d0e7f0005360ed5/element - {"using":"xpath","value":"//td[7]/div/div/input"}
RESULT: {"using":"xpath","value":"//td[7]/div/div/input"}
COMMAND: POST /session/3097350609915d1f0d0e7f0005360ed5/element/f.185E35FC6384979D85E72AD7E1746CD8.d.952DCE669E0E42F338BC268A6F38E0F3.e.12383/clear - {}
RESULT: {}
COMMAND: POST /session/3097350609915d1f0d0e7f0005360ed5/element/f.185E35FC6384979D85E72AD7E1746CD8.d.952DCE669E0E42F338BC268A6F38E0F3.e.12383/value - {"text":"BSrr55ctPI"}
COMMAND: GET /session/3097350609915d1f0d0e7f0005360ed5/screenshot - {}
RESULT: {"text":"BSrr55ctPI"}
COMMAND: GET /session/3097350609915d1f0d0e7f0005360ed5/screenshot - {}
RESULT: {}
RESULT: {}
COMMAND: POST /session/3097350609915d1f0d0e7f0005360ed5/actions - {"actions":[{"id":"action45","type":"key","parameters":{},"actions":[{"type":"keyDown","value":"î€‡"},{"type":"pause","duration":10},{"type":"keyUp","value":"î€‡"}]}]}
RESULT: {"actions":[{"id":"action45","type":"key","parameters":{},"actions":[{"type":"keyDown","value":"î€‡"},{"type":"pause","duration":10},{"type":"keyUp","value":"î€‡"}]}]}
COMMAND: GET /session/3097350609915d1f0d0e7f0005360ed5/screenshot - {}
RESULT: {}
COMMAND: POST /session/3097350609915d1f0d0e7f0005360ed5/execute/sync - {"script":"<script> [276 bytes]","args":["No pricing information was found"]}
RESULT: {"script":"<script> [276 bytes]","args":["No pricing information was found"]}
COMMAND: POST /session/3097350609915d1f0d0e7f0005360ed5/element - {"using":"xpath","value":"(//button[@data-kt=\"saveButton\"])[2]"}
COMMAND: GET /session/3097350609915d1f0d0e7f0005360ed5/screenshot - {}
RESULT: {"using":"xpath","value":"(//button[@data-kt=\"saveButton\"])[2]"}
COMMAND: POST /session/3097350609915d1f0d0e7f0005360ed5/element/f.185E35FC6384979D85E72AD7E1746CD8.d.952DCE669E0E42F338BC268A6F38E0F3.e.12398/click - {}
RESULT: {}
RESULT: {}
COMMAND: GET /session/3097350609915d1f0d0e7f0005360ed5/screenshot - {}
RESULT: {}
COMMAND: POST /session/3097350609915d1f0d0e7f0005360ed5/execute/sync - {"script":"<script> [276 bytes]","args":["Some contract items are having rental validity exceeding header rental validity"]}
RESULT: {"script":"<script> [276 bytes]","args":["Some contract items are having rental validity exceeding header rental validity"]}
COMMAND: GET /session/3097350609915d1f0d0e7f0005360ed5/screenshot - {}
RESULT: {}
COMMAND: POST /session/3097350609915d1f0d0e7f0005360ed5/element - {"using":"xpath","value":"//span[contains(@id ,\"contractItemsSmartTable-header-inner\")]"}
RESULT: {"using":"xpath","value":"//span[contains(@id ,\"contractItemsSmartTable-header-inner\")]"}
COMMAND: POST /session/3097350609915d1f0d0e7f0005360ed5/elements - {"using":"xpath","value":"//span[contains(@id ,\"contractItemsSmartTable-header-inner\")]"}
RESULT: {"using":"xpath","value":"//span[contains(@id ,\"contractItemsSmartTable-header-inner\")]"}
COMMAND: POST /session/3097350609915d1f0d0e7f0005360ed5/execute/sync - {"script":"<script> [56 bytes]","args":[{"element-6066-11e4-a52e-4f735466cecf":"f.185E35FC6384979D85E72AD7E1746CD8.d.952DCE669E0E42F338BC268A6F38E0F3.e.12405","ELEMENT":"f.185E35FC6384979D85E72AD7E1746CD8.d.952DCE669E0E42F338BC268A6F38E0F3.e.12405"}]}
RESULT: {"script":"<script> [56 bytes]","args":[{"element-6066-11e4-a52e-4f735466cecf":"f.185E35FC6384979D85E72AD7E1746CD8.d.952DCE669E0E42F338BC268A6F38E0F3.e.12405","ELEMENT":"f.185E35FC6384979D85E72AD7E1746CD8.d.952DCE669E0E42F338BC268A6F38E0F3.e.12405"}]}
]]></system-out>
    </testcase>
    <testcase classname="chrome.136_0_7103_93.windows.Create_master_data_for_mixed_billing_&amp;_do_billing_calculation_US151661" name="Should do a provide to site handover" time="60.232">
      <system-out><![CDATA[
COMMAND: POST /session/3097350609915d1f0d0e7f0005360ed5/element - {"using":"xpath","value":"//button[@data-kt=\"provideButton\"]"}
COMMAND: GET /session/3097350609915d1f0d0e7f0005360ed5/screenshot - {}
RESULT: {"using":"xpath","value":"//button[@data-kt=\"provideButton\"]"}
COMMAND: POST /session/3097350609915d1f0d0e7f0005360ed5/element/f.185E35FC6384979D85E72AD7E1746CD8.d.952DCE669E0E42F338BC268A6F38E0F3.e.12406/click - {}
RESULT: {}
RESULT: {}
COMMAND: GET /session/3097350609915d1f0d0e7f0005360ed5/screenshot - {}
RESULT: {}
RESULT: undefined
COMMAND: POST /session/3097350609915d1f0d0e7f0005360ed5/execute/async - {"script":"<script> [6424 bytes]","args":[{"element-6066-11e4-a52e-4f735466cecf":"f.185E35FC6384979D85E72AD7E1746CD8.d.952DCE669E0E42F338BC268A6F38E0F3.e.11409"},"setValue",["5/18/25"]]}
COMMAND: POST /session/3097350609915d1f0d0e7f0005360ed5/execute/async - {"script":"<script> [1562 bytes]","args":[{"selector":{"id":"application-managehandovers-display-component---AddNewHO--dueDate","interaction":{"idSuffix":"inner"}},"wdio_ui5_key":"applicationmanagehandovers-display-component---AddNewHO--dueDate"}]}
RESULT: {"script":"<script> [1562 bytes]","args":[{"selector":{"id":"application-managehandovers-display-component---AddNewHO--dueDate","interaction":{"idSuffix":"inner"}},"wdio_ui5_key":"applicationmanagehandovers-display-component---AddNewHO--dueDate"}]}
COMMAND: POST /session/3097350609915d1f0d0e7f0005360ed5/execute/async - {"script":"<script> [6424 bytes]","args":[{"element-6066-11e4-a52e-4f735466cecf":"f.185E35FC6384979D85E72AD7E1746CD8.d.952DCE669E0E42F338BC268A6F38E0F3.e.12463"},"setValue",["5/18/25"]]}
RESULT: {"script":"<script> [6424 bytes]","args":[{"element-6066-11e4-a52e-4f735466cecf":"f.185E35FC6384979D85E72AD7E1746CD8.d.952DCE669E0E42F338BC268A6F38E0F3.e.12463"},"setValue",["5/18/25"]]}
COMMAND: POST /session/3097350609915d1f0d0e7f0005360ed5/element - {"using":"xpath","value":"//bdi[contains(text(), \"Instructions\")]"}
RESULT: {"using":"xpath","value":"//bdi[contains(text(), \"Instructions\")]"}
COMMAND: POST /session/3097350609915d1f0d0e7f0005360ed5/element/f.185E35FC6384979D85E72AD7E1746CD8.d.952DCE669E0E42F338BC268A6F38E0F3.e.12714/click - {}
RESULT: {}
COMMAND: GET /session/3097350609915d1f0d0e7f0005360ed5/screenshot - {}
RESULT: {}
COMMAND: POST /session/3097350609915d1f0d0e7f0005360ed5/element - {"using":"xpath","value":"//button[@data-kt=\"AddNewHOProvideAddItemsButton\"]"}
RESULT: {"using":"xpath","value":"//button[@data-kt=\"AddNewHOProvideAddItemsButton\"]"}
COMMAND: POST /session/3097350609915d1f0d0e7f0005360ed5/element/f.185E35FC6384979D85E72AD7E1746CD8.d.952DCE669E0E42F338BC268A6F38E0F3.e.12718/click - {}
RESULT: {}
COMMAND: GET /session/3097350609915d1f0d0e7f0005360ed5/screenshot - {}
RESULT: {}
RESULT: undefined
COMMAND: POST /session/3097350609915d1f0d0e7f0005360ed5/element - {"using":"xpath","value":"//*[@id=\"application-managehandovers-display-component---AddNewHO--popup-sa\"]"}
RESULT: {"using":"xpath","value":"//*[@id=\"application-managehandovers-display-component---AddNewHO--popup-sa\"]"}
COMMAND: POST /session/3097350609915d1f0d0e7f0005360ed5/element/f.185E35FC6384979D85E72AD7E1746CD8.d.952DCE669E0E42F338BC268A6F38E0F3.e.12728/click - {}
RESULT: {}
COMMAND: GET /session/3097350609915d1f0d0e7f0005360ed5/screenshot - {}
RESULT: {}
COMMAND: POST /session/3097350609915d1f0d0e7f0005360ed5/element - {"using":"xpath","value":"//*[contains(@id ,\"BDI-content\")][contains(text(), \"Select\")]"}
RESULT: {"using":"xpath","value":"//*[contains(@id ,\"BDI-content\")][contains(text(), \"Select\")]"}
COMMAND: POST /session/3097350609915d1f0d0e7f0005360ed5/element/f.185E35FC6384979D85E72AD7E1746CD8.d.952DCE669E0E42F338BC268A6F38E0F3.e.12729/click - {}
RESULT: {}
COMMAND: GET /session/3097350609915d1f0d0e7f0005360ed5/screenshot - {}
RESULT: {}
COMMAND: POST /session/3097350609915d1f0d0e7f0005360ed5/execute/async - {"script":"<script> [1562 bytes]","args":[{"selector":{"id":"application-managehandovers-display-component---AddNewHO--confirmCreationButton","interaction":{"idSuffix":"BDI-content"}},"wdio_ui5_key":"applicationmanagehandovers-display-component---AddNewHO--confirmCreationButton"}]}
RESULT: {"script":"<script> [1562 bytes]","args":[{"selector":{"id":"application-managehandovers-display-component---AddNewHO--confirmCreationButton","interaction":{"idSuffix":"BDI-content"}},"wdio_ui5_key":"applicationmanagehandovers-display-component---AddNewHO--confirmCreationButton"}]}
RESULT: undefined
COMMAND: POST /session/3097350609915d1f0d0e7f0005360ed5/element - {"using":"xpath","value":"//*[@id=\"application-managehandovers-display-component---AddNewHO--confirmCreationButton\"]"}
RESULT: {"using":"xpath","value":"//*[@id=\"application-managehandovers-display-component---AddNewHO--confirmCreationButton\"]"}
COMMAND: POST /session/3097350609915d1f0d0e7f0005360ed5/element/f.185E35FC6384979D85E72AD7E1746CD8.d.952DCE669E0E42F338BC268A6F38E0F3.e.12527/click - {}
RESULT: {}
COMMAND: GET /session/3097350609915d1f0d0e7f0005360ed5/screenshot - {}
RESULT: {}
COMMAND: POST /session/3097350609915d1f0d0e7f0005360ed5/execute/async - {"script":"<script> [1562 bytes]","args":[{"selector":{"id":"issueDatePicker","viewName":"etm.portal.ui.managehandovers.view.DetailExecuteHO","interaction":{"idSuffix":"inner"}},"wdio_ui5_key":"issueDatePickeretmportal.ui.managehandovers.view.DetailExecuteHO"}]}
RESULT: {"script":"<script> [1562 bytes]","args":[{"selector":{"id":"issueDatePicker","viewName":"etm.portal.ui.managehandovers.view.DetailExecuteHO","interaction":{"idSuffix":"inner"}},"wdio_ui5_key":"issueDatePickeretmportal.ui.managehandovers.view.DetailExecuteHO"}]}
RESULT: undefined
COMMAND: POST /session/3097350609915d1f0d0e7f0005360ed5/execute/async - {"script":"<script> [776 bytes]","args":[{"enterText":"5/18/25","selector":{"id":"issueDatePicker","viewName":"etm.portal.ui.managehandovers.view.DetailExecuteHO","interaction":{"idSuffix":"inner"}},"clearTextFirst":true,"interactionType":"ENTER_TEXT"}]}
RESULT: {"script":"<script> [776 bytes]","args":[{"enterText":"5/18/25","selector":{"id":"issueDatePicker","viewName":"etm.portal.ui.managehandovers.view.DetailExecuteHO","interaction":{"idSuffix":"inner"}},"clearTextFirst":true,"interactionType":"ENTER_TEXT"}]}
COMMAND: POST /session/3097350609915d1f0d0e7f0005360ed5/element - {"using":"xpath","value":"//bdi[contains(text(), \"OK\")]"}
RESULT: {"using":"xpath","value":"//bdi[contains(text(), \"OK\")]"}
COMMAND: POST /session/3097350609915d1f0d0e7f0005360ed5/element/f.185E35FC6384979D85E72AD7E1746CD8.d.952DCE669E0E42F338BC268A6F38E0F3.e.12793/click - {}
RESULT: {}
COMMAND: GET /session/3097350609915d1f0d0e7f0005360ed5/screenshot - {}
RESULT: {}
COMMAND: POST /session/3097350609915d1f0d0e7f0005360ed5/element - {"using":"xpath","value":"//button[@data-kt=\"PickingTableConfirmAllButton\"]"}
RESULT: {"using":"xpath","value":"//button[@data-kt=\"PickingTableConfirmAllButton\"]"}
COMMAND: POST /session/3097350609915d1f0d0e7f0005360ed5/element/f.185E35FC6384979D85E72AD7E1746CD8.d.952DCE669E0E42F338BC268A6F38E0F3.e.12798/click - {}
RESULT: {}
COMMAND: GET /session/3097350609915d1f0d0e7f0005360ed5/screenshot - {}
RESULT: {}
COMMAND: POST /session/3097350609915d1f0d0e7f0005360ed5/element - {"using":"xpath","value":"//bdi[contains(text(), \"OK\")]"}
RESULT: {"using":"xpath","value":"//bdi[contains(text(), \"OK\")]"}
COMMAND: POST /session/3097350609915d1f0d0e7f0005360ed5/element/f.185E35FC6384979D85E72AD7E1746CD8.d.952DCE669E0E42F338BC268A6F38E0F3.e.12802/click - {}
RESULT: {}
COMMAND: GET /session/3097350609915d1f0d0e7f0005360ed5/screenshot - {}
RESULT: {}
COMMAND: POST /session/3097350609915d1f0d0e7f0005360ed5/element - {"using":"xpath","value":"//bdi[contains(text(), \"Issue\")]"}
RESULT: {"using":"xpath","value":"//bdi[contains(text(), \"Issue\")]"}
COMMAND: POST /session/3097350609915d1f0d0e7f0005360ed5/element/f.185E35FC6384979D85E72AD7E1746CD8.d.952DCE669E0E42F338BC268A6F38E0F3.e.12803/click - {}
RESULT: {}
COMMAND: GET /session/3097350609915d1f0d0e7f0005360ed5/screenshot - {}
RESULT: {}
COMMAND: POST /session/3097350609915d1f0d0e7f0005360ed5/element - {"using":"css selector","value":"#shell-header-logo"}
RESULT: {"using":"css selector","value":"#shell-header-logo"}
COMMAND: POST /session/3097350609915d1f0d0e7f0005360ed5/element/f.185E35FC6384979D85E72AD7E1746CD8.d.952DCE669E0E42F338BC268A6F38E0F3.e.11801/click - {}
RESULT: {}
COMMAND: GET /session/3097350609915d1f0d0e7f0005360ed5/screenshot - {}
RESULT: {}
]]></system-out>
    </testcase>
    <testcase classname="chrome.136_0_7103_93.windows.Create_master_data_for_mixed_billing_&amp;_do_billing_calculation_US151661" name="Should create a few performance documents" time="98.417">
      <system-out><![CDATA[
COMMAND: POST /session/3097350609915d1f0d0e7f0005360ed5/execute/async - {"script":"<script> [1562 bytes]","args":[{"selector":{"controlType":"sap.m.GenericTile","properties":{"header":"Manage States & Performance"}},"wdio_ui5_key":"sapm.GenericTile{\"header\":\"Manage States & Performance\"}"}]}
RESULT: {"script":"<script> [1562 bytes]","args":[{"selector":{"controlType":"sap.m.GenericTile","properties":{"header":"Manage States & Performance"}},"wdio_ui5_key":"sapm.GenericTile{\"header\":\"Manage States & Performance\"}"}]}
RESULT: undefined
COMMAND: POST /session/3097350609915d1f0d0e7f0005360ed5/element - {"using":"xpath","value":"//*[@id=\"__tile56\"]"}
RESULT: {"using":"xpath","value":"//*[@id=\"__tile56\"]"}
COMMAND: POST /session/3097350609915d1f0d0e7f0005360ed5/element/f.185E35FC6384979D85E72AD7E1746CD8.d.952DCE669E0E42F338BC268A6F38E0F3.e.6245/click - {}
RESULT: {}
COMMAND: GET /session/3097350609915d1f0d0e7f0005360ed5/screenshot - {}
RESULT: {}
COMMAND: POST /session/3097350609915d1f0d0e7f0005360ed5/elements - {"using":"xpath","value":"//span[text()='Error']"}
RESULT: {"using":"xpath","value":"//span[text()='Error']"}
COMMAND: POST /session/3097350609915d1f0d0e7f0005360ed5/execute/async - {"script":"<script> [1562 bytes]","args":[{"selector":{"id":"application-managestatesandperformance-display-component---stateAndPerform--smartFilterBarResources-btnBasicSearch","interaction":{"idSuffix":"I"}},"wdio_ui5_key":"applicationmanagestatesandperformance-display-component---stateAndPerform--smartFilterBarResources-btnBasicSearch"}]}
RESULT: {"script":"<script> [1562 bytes]","args":[{"selector":{"id":"application-managestatesandperformance-display-component---stateAndPerform--smartFilterBarResources-btnBasicSearch","interaction":{"idSuffix":"I"}},"wdio_ui5_key":"applicationmanagestatesandperformance-display-component---stateAndPerform--smartFilterBarResources-btnBasicSearch"}]}
RESULT: undefined
COMMAND: POST /session/3097350609915d1f0d0e7f0005360ed5/execute/async - {"script":"<script> [776 bytes]","args":[{"enterText":"BSrr55ctPI","selector":{"id":"application-managestatesandperformance-display-component---stateAndPerform--smartFilterBarResources-btnBasicSearch","interaction":{"idSuffix":"I"}},"clearTextFirst":true,"interactionType":"ENTER_TEXT"}]}
RESULT: {"script":"<script> [776 bytes]","args":[{"enterText":"BSrr55ctPI","selector":{"id":"application-managestatesandperformance-display-component---stateAndPerform--smartFilterBarResources-btnBasicSearch","interaction":{"idSuffix":"I"}},"clearTextFirst":true,"interactionType":"ENTER_TEXT"}]}
COMMAND: POST /session/3097350609915d1f0d0e7f0005360ed5/actions - {"actions":[{"id":"action46","type":"key","parameters":{},"actions":[{"type":"keyDown","value":"î€‡"},{"type":"pause","duration":10},{"type":"keyUp","value":"î€‡"}]}]}
RESULT: {"actions":[{"id":"action46","type":"key","parameters":{},"actions":[{"type":"keyDown","value":"î€‡"},{"type":"pause","duration":10},{"type":"keyUp","value":"î€‡"}]}]}
COMMAND: GET /session/3097350609915d1f0d0e7f0005360ed5/screenshot - {}
RESULT: {}
COMMAND: POST /session/3097350609915d1f0d0e7f0005360ed5/execute/async - {"script":"<script> [1562 bytes]","args":[{"selector":{"id":"application-managestatesandperformance-display-component---stateAndPerform--stateAndPerformResourcesSmartTable-header"},"wdio_ui5_key":"applicationmanagestatesandperformance-display-component---stateAndPerform--stateAndPerformResourcesSmartTable-header"}]}
RESULT: {"script":"<script> [1562 bytes]","args":[{"selector":{"id":"application-managestatesandperformance-display-component---stateAndPerform--stateAndPerformResourcesSmartTable-header"},"wdio_ui5_key":"applicationmanagestatesandperformance-display-component---stateAndPerform--stateAndPerformResourcesSmartTable-header"}]}
RESULT: undefined
COMMAND: POST /session/3097350609915d1f0d0e7f0005360ed5/execute/async - {"script":"<script> [6424 bytes]","args":[{"element-6066-11e4-a52e-4f735466cecf":"f.185E35FC6384979D85E72AD7E1746CD8.d.952DCE669E0E42F338BC268A6F38E0F3.e.13196"},"getText",[]]}
RESULT: {"script":"<script> [6424 bytes]","args":[{"element-6066-11e4-a52e-4f735466cecf":"f.185E35FC6384979D85E72AD7E1746CD8.d.952DCE669E0E42F338BC268A6F38E0F3.e.13196"},"getText",[]]}
COMMAND: POST /session/3097350609915d1f0d0e7f0005360ed5/execute/async - {"script":"<script> [1562 bytes]","args":[{"selector":{"controlType":"sap.ui.core.Icon","viewName":"etm.portal.ui.managestatesandperformance.view.Master","viewId":"application-managestatesandperformance-display-component---stateAndPerform","properties":{"src":{"regex":{"source":"slim\\-arrow\\-right"}}}},"wdio_ui5_key":"etmportal.ui.managestatesandperformance.view.Mastersap.ui.core.Icon{\"src\":{\"regex\":{\"source\":\"slim\\\\-arrow\\\\-right\"}}}"}]}
RESULT: {"script":"<script> [1562 bytes]","args":[{"selector":{"controlType":"sap.ui.core.Icon","viewName":"etm.portal.ui.managestatesandperformance.view.Master","viewId":"application-managestatesandperformance-display-component---stateAndPerform","properties":{"src":{"regex":{"source":"slim\\-arrow\\-right"}}}},"wdio_ui5_key":"etmportal.ui.managestatesandperformance.view.Mastersap.ui.core.Icon{\"src\":{\"regex\":{\"source\":\"slim\\\\-arrow\\\\-right\"}}}"}]}
RESULT: undefined
COMMAND: POST /session/3097350609915d1f0d0e7f0005360ed5/element - {"using":"xpath","value":"//*[@id=\"__item4510-__clone16229-imgNav\"]"}
RESULT: {"using":"xpath","value":"//*[@id=\"__item4510-__clone16229-imgNav\"]"}
COMMAND: POST /session/3097350609915d1f0d0e7f0005360ed5/element/f.185E35FC6384979D85E72AD7E1746CD8.d.952DCE669E0E42F338BC268A6F38E0F3.e.13195/click - {}
RESULT: {}
COMMAND: GET /session/3097350609915d1f0d0e7f0005360ed5/screenshot - {}
RESULT: {}
COMMAND: POST /session/3097350609915d1f0d0e7f0005360ed5/execute/async - {"script":"<script> [1562 bytes]","args":[{"selector":{"controlType":"sap.m.Button","viewName":"etm.portal.ui.managestatesandperformance.view.Detail","viewId":"application-managestatesandperformance-display-component---detailStateAndPerform","properties":{"text":"Performance Documents"}},"wdio_ui5_key":"etmportal.ui.managestatesandperformance.view.Detailsap.m.Button{\"text\":\"Performance Documents\"}"}]}
RESULT: {"script":"<script> [1562 bytes]","args":[{"selector":{"controlType":"sap.m.Button","viewName":"etm.portal.ui.managestatesandperformance.view.Detail","viewId":"application-managestatesandperformance-display-component---detailStateAndPerform","properties":{"text":"Performance Documents"}},"wdio_ui5_key":"etmportal.ui.managestatesandperformance.view.Detailsap.m.Button{\"text\":\"Performance Documents\"}"}]}
RESULT: undefined
COMMAND: POST /session/3097350609915d1f0d0e7f0005360ed5/element - {"using":"xpath","value":"//*[@id=\"__item4533-button\"]"}
RESULT: {"using":"xpath","value":"//*[@id=\"__item4533-button\"]"}
COMMAND: POST /session/3097350609915d1f0d0e7f0005360ed5/element/f.185E35FC6384979D85E72AD7E1746CD8.d.952DCE669E0E42F338BC268A6F38E0F3.e.13241/click - {}
RESULT: {}
COMMAND: POST /session/3097350609915d1f0d0e7f0005360ed5/execute/async - {"script":"<script> [1562 bytes]","args":[{"selector":{"controlType":"sap.m.Button","viewName":"etm.portal.ui.managestatesandperformance.view.Detail","viewId":"application-managestatesandperformance-display-component---detailStateAndPerform","i18NText":{"propertyName":"text","key":"createPerformanceDoc"},"interaction":{"idSuffix":"BDI-content"}},"wdio_ui5_key":"etmportal.ui.managestatesandperformance.view.Detailsap.m.Button{\"propertyName\":\"text\",\"key\":\"createPerformanceDoc\"}"}]}
COMMAND: GET /session/3097350609915d1f0d0e7f0005360ed5/screenshot - {}
RESULT: {"script":"<script> [1562 bytes]","args":[{"selector":{"controlType":"sap.m.Button","viewName":"etm.portal.ui.managestatesandperformance.view.Detail","viewId":"application-managestatesandperformance-display-component---detailStateAndPerform","i18NText":{"propertyName":"text","key":"createPerformanceDoc"},"interaction":{"idSuffix":"BDI-content"}},"wdio_ui5_key":"etmportal.ui.managestatesandperformance.view.Detailsap.m.Button{\"propertyName\":\"text\",\"key\":\"createPerformanceDoc\"}"}]}
RESULT: undefined
COMMAND: POST /session/3097350609915d1f0d0e7f0005360ed5/element - {"using":"xpath","value":"//*[@id=\"__button485\"]"}
RESULT: {}
RESULT: {"using":"xpath","value":"//*[@id=\"__button485\"]"}
COMMAND: POST /session/3097350609915d1f0d0e7f0005360ed5/element/f.185E35FC6384979D85E72AD7E1746CD8.d.952DCE669E0E42F338BC268A6F38E0F3.e.13244/click - {}
RESULT: {}
COMMAND: POST /session/3097350609915d1f0d0e7f0005360ed5/execute/async - {"script":"<script> [1562 bytes]","args":[{"selector":{"id":"application-managestatesandperformance-display-component---detailStateAndPerform--perfDocDatePicker","searchOpenDialogs":true,"interaction":{"idSuffix":"inner"}},"wdio_ui5_key":"applicationmanagestatesandperformance-display-component---detailStateAndPerform--perfDocDatePicker"}]}
COMMAND: GET /session/3097350609915d1f0d0e7f0005360ed5/screenshot - {}
RESULT: {"script":"<script> [1562 bytes]","args":[{"selector":{"id":"application-managestatesandperformance-display-component---detailStateAndPerform--perfDocDatePicker","searchOpenDialogs":true,"interaction":{"idSuffix":"inner"}},"wdio_ui5_key":"applicationmanagestatesandperformance-display-component---detailStateAndPerform--perfDocDatePicker"}]}
RESULT: undefined
COMMAND: POST /session/3097350609915d1f0d0e7f0005360ed5/execute/async - {"script":"<script> [776 bytes]","args":[{"enterText":"5/20/25","selector":{"id":"application-managestatesandperformance-display-component---detailStateAndPerform--perfDocDatePicker","searchOpenDialogs":true,"interaction":{"idSuffix":"inner"}},"clearTextFirst":true,"interactionType":"ENTER_TEXT"}]}
RESULT: {}
RESULT: {"script":"<script> [776 bytes]","args":[{"enterText":"5/20/25","selector":{"id":"application-managestatesandperformance-display-component---detailStateAndPerform--perfDocDatePicker","searchOpenDialogs":true,"interaction":{"idSuffix":"inner"}},"clearTextFirst":true,"interactionType":"ENTER_TEXT"}]}
COMMAND: POST /session/3097350609915d1f0d0e7f0005360ed5/execute/async - {"script":"<script> [1562 bytes]","args":[{"selector":{"id":"application-managestatesandperformance-display-component---detailStateAndPerform--counterValue-input","searchOpenDialogs":true,"interaction":{"idSuffix":"inner"}},"wdio_ui5_key":"applicationmanagestatesandperformance-display-component---detailStateAndPerform--counterValue-input"}]}
RESULT: {"script":"<script> [1562 bytes]","args":[{"selector":{"id":"application-managestatesandperformance-display-component---detailStateAndPerform--counterValue-input","searchOpenDialogs":true,"interaction":{"idSuffix":"inner"}},"wdio_ui5_key":"applicationmanagestatesandperformance-display-component---detailStateAndPerform--counterValue-input"}]}
RESULT: undefined
COMMAND: POST /session/3097350609915d1f0d0e7f0005360ed5/execute/async - {"script":"<script> [776 bytes]","args":[{"enterText":"15.00","selector":{"id":"application-managestatesandperformance-display-component---detailStateAndPerform--counterValue-input","searchOpenDialogs":true,"interaction":{"idSuffix":"inner"}},"clearTextFirst":true,"interactionType":"ENTER_TEXT"}]}
RESULT: {"script":"<script> [776 bytes]","args":[{"enterText":"15.00","selector":{"id":"application-managestatesandperformance-display-component---detailStateAndPerform--counterValue-input","searchOpenDialogs":true,"interaction":{"idSuffix":"inner"}},"clearTextFirst":true,"interactionType":"ENTER_TEXT"}]}
COMMAND: POST /session/3097350609915d1f0d0e7f0005360ed5/execute/async - {"script":"<script> [1562 bytes]","args":[{"selector":{"controlType":"sap.m.Button","viewName":"etm.portal.ui.managestatesandperformance.view.Detail","viewId":"application-managestatesandperformance-display-component---detailStateAndPerform","bindingPath":{"path":"","propertyPath":"/allowAddEdit","modelName":"oScreenModel"},"searchOpenDialogs":true,"interaction":{"idSuffix":"BDI-content"}},"wdio_ui5_key":"etmportal.ui.managestatesandperformance.view.Detailsap.m.Button{\"path\":\"\",\"propertyPath\":\"/allowAddEdit\",\"modelName\":\"oScreenModel\"}"}]}
RESULT: {"script":"<script> [1562 bytes]","args":[{"selector":{"controlType":"sap.m.Button","viewName":"etm.portal.ui.managestatesandperformance.view.Detail","viewId":"application-managestatesandperformance-display-component---detailStateAndPerform","bindingPath":{"path":"","propertyPath":"/allowAddEdit","modelName":"oScreenModel"},"searchOpenDialogs":true,"interaction":{"idSuffix":"BDI-content"}},"wdio_ui5_key":"etmportal.ui.managestatesandperformance.view.Detailsap.m.Button{\"path\":\"\",\"propertyPath\":\"/allowAddEdit\",\"modelName\":\"oScreenModel\"}"}]}
RESULT: undefined
COMMAND: POST /session/3097350609915d1f0d0e7f0005360ed5/element - {"using":"xpath","value":"//*[@id=\"__button492\"]"}
RESULT: {"using":"xpath","value":"//*[@id=\"__button492\"]"}
COMMAND: POST /session/3097350609915d1f0d0e7f0005360ed5/element/f.185E35FC6384979D85E72AD7E1746CD8.d.952DCE669E0E42F338BC268A6F38E0F3.e.13259/click - {}
RESULT: {}
RESULT: undefined
COMMAND: POST /session/3097350609915d1f0d0e7f0005360ed5/element - {"using":"xpath","value":"//*[@id=\"__button485\"]"}
COMMAND: GET /session/3097350609915d1f0d0e7f0005360ed5/screenshot - {}
RESULT: {}
RESULT: {"using":"xpath","value":"//*[@id=\"__button485\"]"}
COMMAND: POST /session/3097350609915d1f0d0e7f0005360ed5/element/f.185E35FC6384979D85E72AD7E1746CD8.d.952DCE669E0E42F338BC268A6F38E0F3.e.13244/click - {}
RESULT: {}
RESULT: undefined
COMMAND: POST /session/3097350609915d1f0d0e7f0005360ed5/execute/async - {"script":"<script> [776 bytes]","args":[{"enterText":"5/24/25","selector":{"id":"application-managestatesandperformance-display-component---detailStateAndPerform--perfDocDatePicker","searchOpenDialogs":true,"interaction":{"idSuffix":"inner"}},"clearTextFirst":true,"interactionType":"ENTER_TEXT"}]}
COMMAND: GET /session/3097350609915d1f0d0e7f0005360ed5/screenshot - {}
RESULT: {"script":"<script> [776 bytes]","args":[{"enterText":"5/24/25","selector":{"id":"application-managestatesandperformance-display-component---detailStateAndPerform--perfDocDatePicker","searchOpenDialogs":true,"interaction":{"idSuffix":"inner"}},"clearTextFirst":true,"interactionType":"ENTER_TEXT"}]}
RESULT: undefined
COMMAND: POST /session/3097350609915d1f0d0e7f0005360ed5/execute/async - {"script":"<script> [776 bytes]","args":[{"enterText":"20.00","selector":{"id":"application-managestatesandperformance-display-component---detailStateAndPerform--counterValue-input","searchOpenDialogs":true,"interaction":{"idSuffix":"inner"}},"clearTextFirst":true,"interactionType":"ENTER_TEXT"}]}
RESULT: {}
RESULT: {"script":"<script> [776 bytes]","args":[{"enterText":"20.00","selector":{"id":"application-managestatesandperformance-display-component---detailStateAndPerform--counterValue-input","searchOpenDialogs":true,"interaction":{"idSuffix":"inner"}},"clearTextFirst":true,"interactionType":"ENTER_TEXT"}]}
COMMAND: POST /session/3097350609915d1f0d0e7f0005360ed5/actions - {"actions":[{"id":"action47","type":"key","parameters":{},"actions":[{"type":"keyDown","value":"î€„"},{"type":"keyDown","value":"î€„"},{"type":"pause","duration":10},{"type":"keyUp","value":"î€„"},{"type":"keyUp","value":"î€„"}]}]}
RESULT: {"actions":[{"id":"action47","type":"key","parameters":{},"actions":[{"type":"keyDown","value":"î€„"},{"type":"keyDown","value":"î€„"},{"type":"pause","duration":10},{"type":"keyUp","value":"î€„"},{"type":"keyUp","value":"î€„"}]}]}
COMMAND: POST /session/3097350609915d1f0d0e7f0005360ed5/actions - {"actions":[{"id":"action48","type":"key","parameters":{},"actions":[{"type":"keyDown","value":"î€‡"},{"type":"pause","duration":10},{"type":"keyUp","value":"î€‡"}]}]}
COMMAND: GET /session/3097350609915d1f0d0e7f0005360ed5/screenshot - {}
RESULT: {"actions":[{"id":"action48","type":"key","parameters":{},"actions":[{"type":"keyDown","value":"î€‡"},{"type":"pause","duration":10},{"type":"keyUp","value":"î€‡"}]}]}
RESULT: undefined
COMMAND: POST /session/3097350609915d1f0d0e7f0005360ed5/element - {"using":"xpath","value":"//*[@id=\"__button492\"]"}
COMMAND: GET /session/3097350609915d1f0d0e7f0005360ed5/screenshot - {}
RESULT: {}
RESULT: {"using":"xpath","value":"//*[@id=\"__button492\"]"}
COMMAND: POST /session/3097350609915d1f0d0e7f0005360ed5/elements - {"using":"xpath","value":"//*[@id=\"__button492\"]"}
RESULT: {}
RESULT: {"using":"xpath","value":"//*[@id=\"__button492\"]"}
COMMAND: POST /session/3097350609915d1f0d0e7f0005360ed5/elements - {"using":"xpath","value":"//*[@id=\"__button492\"]"}
RESULT: {"using":"xpath","value":"//*[@id=\"__button492\"]"}
COMMAND: POST /session/3097350609915d1f0d0e7f0005360ed5/elements - {"using":"xpath","value":"//*[@id=\"__button492\"]"}
RESULT: {"using":"xpath","value":"//*[@id=\"__button492\"]"}
COMMAND: POST /session/3097350609915d1f0d0e7f0005360ed5/elements - {"using":"xpath","value":"//*[@id=\"__button492\"]"}
RESULT: {"using":"xpath","value":"//*[@id=\"__button492\"]"}
COMMAND: POST /session/3097350609915d1f0d0e7f0005360ed5/elements - {"using":"xpath","value":"//*[@id=\"__button492\"]"}
RESULT: {"using":"xpath","value":"//*[@id=\"__button492\"]"}
COMMAND: POST /session/3097350609915d1f0d0e7f0005360ed5/elements - {"using":"xpath","value":"//*[@id=\"__button492\"]"}
RESULT: {"using":"xpath","value":"//*[@id=\"__button492\"]"}
COMMAND: POST /session/3097350609915d1f0d0e7f0005360ed5/elements - {"using":"xpath","value":"//*[@id=\"__button492\"]"}
RESULT: {"using":"xpath","value":"//*[@id=\"__button492\"]"}
COMMAND: POST /session/3097350609915d1f0d0e7f0005360ed5/elements - {"using":"xpath","value":"//*[@id=\"__button492\"]"}
RESULT: {"using":"xpath","value":"//*[@id=\"__button492\"]"}
COMMAND: POST /session/3097350609915d1f0d0e7f0005360ed5/elements - {"using":"xpath","value":"//*[@id=\"__button492\"]"}
RESULT: {"using":"xpath","value":"//*[@id=\"__button492\"]"}
COMMAND: POST /session/3097350609915d1f0d0e7f0005360ed5/elements - {"using":"xpath","value":"//*[@id=\"__button492\"]"}
RESULT: {"using":"xpath","value":"//*[@id=\"__button492\"]"}
COMMAND: POST /session/3097350609915d1f0d0e7f0005360ed5/elements - {"using":"xpath","value":"//*[@id=\"__button492\"]"}
RESULT: {"using":"xpath","value":"//*[@id=\"__button492\"]"}
COMMAND: POST /session/3097350609915d1f0d0e7f0005360ed5/elements - {"using":"xpath","value":"//*[@id=\"__button492\"]"}
RESULT: {"using":"xpath","value":"//*[@id=\"__button492\"]"}
COMMAND: POST /session/3097350609915d1f0d0e7f0005360ed5/elements - {"using":"xpath","value":"//*[@id=\"__button492\"]"}
RESULT: {"using":"xpath","value":"//*[@id=\"__button492\"]"}
COMMAND: POST /session/3097350609915d1f0d0e7f0005360ed5/elements - {"using":"xpath","value":"//*[@id=\"__button492\"]"}
RESULT: {"using":"xpath","value":"//*[@id=\"__button492\"]"}
COMMAND: POST /session/3097350609915d1f0d0e7f0005360ed5/elements - {"using":"xpath","value":"//*[@id=\"__button492\"]"}
RESULT: {"using":"xpath","value":"//*[@id=\"__button492\"]"}
COMMAND: POST /session/3097350609915d1f0d0e7f0005360ed5/elements - {"using":"xpath","value":"//*[@id=\"__button492\"]"}
RESULT: {"using":"xpath","value":"//*[@id=\"__button492\"]"}
COMMAND: POST /session/3097350609915d1f0d0e7f0005360ed5/elements - {"using":"xpath","value":"//*[@id=\"__button492\"]"}
RESULT: {"using":"xpath","value":"//*[@id=\"__button492\"]"}
COMMAND: POST /session/3097350609915d1f0d0e7f0005360ed5/elements - {"using":"xpath","value":"//*[@id=\"__button492\"]"}
RESULT: {"using":"xpath","value":"//*[@id=\"__button492\"]"}
COMMAND: POST /session/3097350609915d1f0d0e7f0005360ed5/elements - {"using":"xpath","value":"//*[@id=\"__button492\"]"}
RESULT: {"using":"xpath","value":"//*[@id=\"__button492\"]"}
COMMAND: POST /session/3097350609915d1f0d0e7f0005360ed5/elements - {"using":"xpath","value":"//*[@id=\"__button492\"]"}
RESULT: {"using":"xpath","value":"//*[@id=\"__button492\"]"}
COMMAND: POST /session/3097350609915d1f0d0e7f0005360ed5/elements - {"using":"xpath","value":"//*[@id=\"__button492\"]"}
RESULT: {"using":"xpath","value":"//*[@id=\"__button492\"]"}
COMMAND: POST /session/3097350609915d1f0d0e7f0005360ed5/elements - {"using":"xpath","value":"//*[@id=\"__button492\"]"}
RESULT: {"using":"xpath","value":"//*[@id=\"__button492\"]"}
COMMAND: POST /session/3097350609915d1f0d0e7f0005360ed5/elements - {"using":"xpath","value":"//*[@id=\"__button492\"]"}
RESULT: {"using":"xpath","value":"//*[@id=\"__button492\"]"}
COMMAND: POST /session/3097350609915d1f0d0e7f0005360ed5/elements - {"using":"xpath","value":"//*[@id=\"__button492\"]"}
RESULT: {"using":"xpath","value":"//*[@id=\"__button492\"]"}
COMMAND: POST /session/3097350609915d1f0d0e7f0005360ed5/elements - {"using":"xpath","value":"//*[@id=\"__button492\"]"}
RESULT: {"using":"xpath","value":"//*[@id=\"__button492\"]"}
COMMAND: POST /session/3097350609915d1f0d0e7f0005360ed5/elements - {"using":"xpath","value":"//*[@id=\"__button492\"]"}
RESULT: {"using":"xpath","value":"//*[@id=\"__button492\"]"}
COMMAND: POST /session/3097350609915d1f0d0e7f0005360ed5/elements - {"using":"xpath","value":"//*[@id=\"__button492\"]"}
RESULT: {"using":"xpath","value":"//*[@id=\"__button492\"]"}
COMMAND: POST /session/3097350609915d1f0d0e7f0005360ed5/elements - {"using":"xpath","value":"//*[@id=\"__button492\"]"}
RESULT: {"using":"xpath","value":"//*[@id=\"__button492\"]"}
COMMAND: POST /session/3097350609915d1f0d0e7f0005360ed5/elements - {"using":"xpath","value":"//*[@id=\"__button492\"]"}
RESULT: {"using":"xpath","value":"//*[@id=\"__button492\"]"}
COMMAND: POST /session/3097350609915d1f0d0e7f0005360ed5/elements - {"using":"xpath","value":"//*[@id=\"__button492\"]"}
RESULT: {"using":"xpath","value":"//*[@id=\"__button492\"]"}
COMMAND: POST /session/3097350609915d1f0d0e7f0005360ed5/elements - {"using":"xpath","value":"//*[@id=\"__button492\"]"}
RESULT: {"using":"xpath","value":"//*[@id=\"__button492\"]"}
COMMAND: POST /session/3097350609915d1f0d0e7f0005360ed5/elements - {"using":"xpath","value":"//*[@id=\"__button492\"]"}
RESULT: {"using":"xpath","value":"//*[@id=\"__button492\"]"}
COMMAND: POST /session/3097350609915d1f0d0e7f0005360ed5/elements - {"using":"xpath","value":"//*[@id=\"__button492\"]"}
RESULT: {"using":"xpath","value":"//*[@id=\"__button492\"]"}
COMMAND: POST /session/3097350609915d1f0d0e7f0005360ed5/elements - {"using":"xpath","value":"//*[@id=\"__button492\"]"}
RESULT: {"using":"xpath","value":"//*[@id=\"__button492\"]"}
COMMAND: POST /session/3097350609915d1f0d0e7f0005360ed5/elements - {"using":"xpath","value":"//*[@id=\"__button492\"]"}
RESULT: {"using":"xpath","value":"//*[@id=\"__button492\"]"}
COMMAND: POST /session/3097350609915d1f0d0e7f0005360ed5/elements - {"using":"xpath","value":"//*[@id=\"__button492\"]"}
RESULT: {"using":"xpath","value":"//*[@id=\"__button492\"]"}
COMMAND: POST /session/3097350609915d1f0d0e7f0005360ed5/elements - {"using":"xpath","value":"//*[@id=\"__button492\"]"}
RESULT: {"using":"xpath","value":"//*[@id=\"__button492\"]"}
COMMAND: POST /session/3097350609915d1f0d0e7f0005360ed5/elements - {"using":"xpath","value":"//*[@id=\"__button492\"]"}
RESULT: {"using":"xpath","value":"//*[@id=\"__button492\"]"}
COMMAND: POST /session/3097350609915d1f0d0e7f0005360ed5/elements - {"using":"xpath","value":"//*[@id=\"__button492\"]"}
RESULT: {"using":"xpath","value":"//*[@id=\"__button492\"]"}
COMMAND: POST /session/3097350609915d1f0d0e7f0005360ed5/elements - {"using":"xpath","value":"//*[@id=\"__button492\"]"}
RESULT: {"using":"xpath","value":"//*[@id=\"__button492\"]"}
COMMAND: POST /session/3097350609915d1f0d0e7f0005360ed5/elements - {"using":"xpath","value":"//*[@id=\"__button492\"]"}
RESULT: {"using":"xpath","value":"//*[@id=\"__button492\"]"}
COMMAND: POST /session/3097350609915d1f0d0e7f0005360ed5/elements - {"using":"xpath","value":"//*[@id=\"__button492\"]"}
RESULT: {"using":"xpath","value":"//*[@id=\"__button492\"]"}
COMMAND: POST /session/3097350609915d1f0d0e7f0005360ed5/elements - {"using":"xpath","value":"//*[@id=\"__button492\"]"}
RESULT: {"using":"xpath","value":"//*[@id=\"__button492\"]"}
COMMAND: POST /session/3097350609915d1f0d0e7f0005360ed5/elements - {"using":"xpath","value":"//*[@id=\"__button492\"]"}
RESULT: {"using":"xpath","value":"//*[@id=\"__button492\"]"}
COMMAND: POST /session/3097350609915d1f0d0e7f0005360ed5/elements - {"using":"xpath","value":"//*[@id=\"__button492\"]"}
RESULT: {"using":"xpath","value":"//*[@id=\"__button492\"]"}
COMMAND: POST /session/3097350609915d1f0d0e7f0005360ed5/elements - {"using":"xpath","value":"//*[@id=\"__button492\"]"}
RESULT: {"using":"xpath","value":"//*[@id=\"__button492\"]"}
COMMAND: POST /session/3097350609915d1f0d0e7f0005360ed5/elements - {"using":"xpath","value":"//*[@id=\"__button492\"]"}
RESULT: {"using":"xpath","value":"//*[@id=\"__button492\"]"}
COMMAND: POST /session/3097350609915d1f0d0e7f0005360ed5/elements - {"using":"xpath","value":"//*[@id=\"__button492\"]"}
RESULT: {"using":"xpath","value":"//*[@id=\"__button492\"]"}
COMMAND: POST /session/3097350609915d1f0d0e7f0005360ed5/elements - {"using":"xpath","value":"//*[@id=\"__button492\"]"}
RESULT: {"using":"xpath","value":"//*[@id=\"__button492\"]"}
COMMAND: POST /session/3097350609915d1f0d0e7f0005360ed5/elements - {"using":"xpath","value":"//*[@id=\"__button492\"]"}
RESULT: {"using":"xpath","value":"//*[@id=\"__button492\"]"}
COMMAND: POST /session/3097350609915d1f0d0e7f0005360ed5/elements - {"using":"xpath","value":"//*[@id=\"__button492\"]"}
RESULT: {"using":"xpath","value":"//*[@id=\"__button492\"]"}
COMMAND: POST /session/3097350609915d1f0d0e7f0005360ed5/elements - {"using":"xpath","value":"//*[@id=\"__button492\"]"}
RESULT: {"using":"xpath","value":"//*[@id=\"__button492\"]"}
COMMAND: POST /session/3097350609915d1f0d0e7f0005360ed5/elements - {"using":"xpath","value":"//*[@id=\"__button492\"]"}
RESULT: {"using":"xpath","value":"//*[@id=\"__button492\"]"}
COMMAND: POST /session/3097350609915d1f0d0e7f0005360ed5/elements - {"using":"xpath","value":"//*[@id=\"__button492\"]"}
RESULT: {"using":"xpath","value":"//*[@id=\"__button492\"]"}
COMMAND: POST /session/3097350609915d1f0d0e7f0005360ed5/elements - {"using":"xpath","value":"//*[@id=\"__button492\"]"}
RESULT: {"using":"xpath","value":"//*[@id=\"__button492\"]"}
COMMAND: POST /session/3097350609915d1f0d0e7f0005360ed5/elements - {"using":"xpath","value":"//*[@id=\"__button492\"]"}
RESULT: {"using":"xpath","value":"//*[@id=\"__button492\"]"}
COMMAND: POST /session/3097350609915d1f0d0e7f0005360ed5/elements - {"using":"xpath","value":"//*[@id=\"__button492\"]"}
RESULT: {"using":"xpath","value":"//*[@id=\"__button492\"]"}
COMMAND: POST /session/3097350609915d1f0d0e7f0005360ed5/elements - {"using":"xpath","value":"//*[@id=\"__button492\"]"}
RESULT: {"using":"xpath","value":"//*[@id=\"__button492\"]"}
COMMAND: POST /session/3097350609915d1f0d0e7f0005360ed5/elements - {"using":"xpath","value":"//*[@id=\"__button492\"]"}
RESULT: {"using":"xpath","value":"//*[@id=\"__button492\"]"}
COMMAND: POST /session/3097350609915d1f0d0e7f0005360ed5/elements - {"using":"xpath","value":"//*[@id=\"__button492\"]"}
RESULT: {"using":"xpath","value":"//*[@id=\"__button492\"]"}
COMMAND: POST /session/3097350609915d1f0d0e7f0005360ed5/elements - {"using":"xpath","value":"//*[@id=\"__button492\"]"}
RESULT: {"using":"xpath","value":"//*[@id=\"__button492\"]"}
COMMAND: POST /session/3097350609915d1f0d0e7f0005360ed5/elements - {"using":"xpath","value":"//*[@id=\"__button492\"]"}
RESULT: {"using":"xpath","value":"//*[@id=\"__button492\"]"}
COMMAND: POST /session/3097350609915d1f0d0e7f0005360ed5/elements - {"using":"xpath","value":"//*[@id=\"__button492\"]"}
RESULT: {"using":"xpath","value":"//*[@id=\"__button492\"]"}
COMMAND: POST /session/3097350609915d1f0d0e7f0005360ed5/elements - {"using":"xpath","value":"//*[@id=\"__button492\"]"}
RESULT: {"using":"xpath","value":"//*[@id=\"__button492\"]"}
COMMAND: POST /session/3097350609915d1f0d0e7f0005360ed5/elements - {"using":"xpath","value":"//*[@id=\"__button492\"]"}
RESULT: {"using":"xpath","value":"//*[@id=\"__button492\"]"}
COMMAND: POST /session/3097350609915d1f0d0e7f0005360ed5/elements - {"using":"xpath","value":"//*[@id=\"__button492\"]"}
RESULT: {"using":"xpath","value":"//*[@id=\"__button492\"]"}
COMMAND: POST /session/3097350609915d1f0d0e7f0005360ed5/elements - {"using":"xpath","value":"//*[@id=\"__button492\"]"}
RESULT: {"using":"xpath","value":"//*[@id=\"__button492\"]"}
COMMAND: POST /session/3097350609915d1f0d0e7f0005360ed5/elements - {"using":"xpath","value":"//*[@id=\"__button492\"]"}
RESULT: {"using":"xpath","value":"//*[@id=\"__button492\"]"}
COMMAND: POST /session/3097350609915d1f0d0e7f0005360ed5/elements - {"using":"xpath","value":"//*[@id=\"__button492\"]"}
RESULT: {"using":"xpath","value":"//*[@id=\"__button492\"]"}
COMMAND: POST /session/3097350609915d1f0d0e7f0005360ed5/elements - {"using":"xpath","value":"//*[@id=\"__button492\"]"}
RESULT: {"using":"xpath","value":"//*[@id=\"__button492\"]"}
COMMAND: POST /session/3097350609915d1f0d0e7f0005360ed5/elements - {"using":"xpath","value":"//*[@id=\"__button492\"]"}
RESULT: {"using":"xpath","value":"//*[@id=\"__button492\"]"}
COMMAND: POST /session/3097350609915d1f0d0e7f0005360ed5/elements - {"using":"xpath","value":"//*[@id=\"__button492\"]"}
RESULT: {"using":"xpath","value":"//*[@id=\"__button492\"]"}
COMMAND: POST /session/3097350609915d1f0d0e7f0005360ed5/elements - {"using":"xpath","value":"//*[@id=\"__button492\"]"}
RESULT: {"using":"xpath","value":"//*[@id=\"__button492\"]"}
COMMAND: POST /session/3097350609915d1f0d0e7f0005360ed5/elements - {"using":"xpath","value":"//*[@id=\"__button492\"]"}
RESULT: {"using":"xpath","value":"//*[@id=\"__button492\"]"}
COMMAND: POST /session/3097350609915d1f0d0e7f0005360ed5/elements - {"using":"xpath","value":"//*[@id=\"__button492\"]"}
RESULT: {"using":"xpath","value":"//*[@id=\"__button492\"]"}
COMMAND: POST /session/3097350609915d1f0d0e7f0005360ed5/elements - {"using":"xpath","value":"//*[@id=\"__button492\"]"}
RESULT: {"using":"xpath","value":"//*[@id=\"__button492\"]"}
COMMAND: POST /session/3097350609915d1f0d0e7f0005360ed5/elements - {"using":"xpath","value":"//*[@id=\"__button492\"]"}
RESULT: {"using":"xpath","value":"//*[@id=\"__button492\"]"}
COMMAND: POST /session/3097350609915d1f0d0e7f0005360ed5/elements - {"using":"xpath","value":"//*[@id=\"__button492\"]"}
RESULT: {"using":"xpath","value":"//*[@id=\"__button492\"]"}
COMMAND: POST /session/3097350609915d1f0d0e7f0005360ed5/elements - {"using":"xpath","value":"//*[@id=\"__button492\"]"}
RESULT: {"using":"xpath","value":"//*[@id=\"__button492\"]"}
COMMAND: POST /session/3097350609915d1f0d0e7f0005360ed5/elements - {"using":"xpath","value":"//*[@id=\"__button492\"]"}
RESULT: {"using":"xpath","value":"//*[@id=\"__button492\"]"}
COMMAND: POST /session/3097350609915d1f0d0e7f0005360ed5/elements - {"using":"xpath","value":"//*[@id=\"__button492\"]"}
RESULT: {"using":"xpath","value":"//*[@id=\"__button492\"]"}
COMMAND: POST /session/3097350609915d1f0d0e7f0005360ed5/elements - {"using":"xpath","value":"//*[@id=\"__button492\"]"}
RESULT: {"using":"xpath","value":"//*[@id=\"__button492\"]"}
COMMAND: POST /session/3097350609915d1f0d0e7f0005360ed5/elements - {"using":"xpath","value":"//*[@id=\"__button492\"]"}
RESULT: {"using":"xpath","value":"//*[@id=\"__button492\"]"}
COMMAND: POST /session/3097350609915d1f0d0e7f0005360ed5/elements - {"using":"xpath","value":"//*[@id=\"__button492\"]"}
RESULT: {"using":"xpath","value":"//*[@id=\"__button492\"]"}
COMMAND: POST /session/3097350609915d1f0d0e7f0005360ed5/elements - {"using":"xpath","value":"//*[@id=\"__button492\"]"}
RESULT: {"using":"xpath","value":"//*[@id=\"__button492\"]"}
COMMAND: POST /session/3097350609915d1f0d0e7f0005360ed5/elements - {"using":"xpath","value":"//*[@id=\"__button492\"]"}
RESULT: {"using":"xpath","value":"//*[@id=\"__button492\"]"}
COMMAND: POST /session/3097350609915d1f0d0e7f0005360ed5/elements - {"using":"xpath","value":"//*[@id=\"__button492\"]"}
RESULT: {"using":"xpath","value":"//*[@id=\"__button492\"]"}
COMMAND: POST /session/3097350609915d1f0d0e7f0005360ed5/elements - {"using":"xpath","value":"//*[@id=\"__button492\"]"}
RESULT: {"using":"xpath","value":"//*[@id=\"__button492\"]"}
COMMAND: POST /session/3097350609915d1f0d0e7f0005360ed5/elements - {"using":"xpath","value":"//*[@id=\"__button492\"]"}
RESULT: {"using":"xpath","value":"//*[@id=\"__button492\"]"}
COMMAND: POST /session/3097350609915d1f0d0e7f0005360ed5/elements - {"using":"xpath","value":"//*[@id=\"__button492\"]"}
RESULT: {"using":"xpath","value":"//*[@id=\"__button492\"]"}
COMMAND: POST /session/3097350609915d1f0d0e7f0005360ed5/elements - {"using":"xpath","value":"//*[@id=\"__button492\"]"}
RESULT: {"using":"xpath","value":"//*[@id=\"__button492\"]"}
COMMAND: POST /session/3097350609915d1f0d0e7f0005360ed5/elements - {"using":"xpath","value":"//*[@id=\"__button492\"]"}
RESULT: {"using":"xpath","value":"//*[@id=\"__button492\"]"}
COMMAND: POST /session/3097350609915d1f0d0e7f0005360ed5/elements - {"using":"xpath","value":"//*[@id=\"__button492\"]"}
RESULT: {"using":"xpath","value":"//*[@id=\"__button492\"]"}
COMMAND: POST /session/3097350609915d1f0d0e7f0005360ed5/elements - {"using":"xpath","value":"//*[@id=\"__button492\"]"}
RESULT: {"using":"xpath","value":"//*[@id=\"__button492\"]"}
COMMAND: POST /session/3097350609915d1f0d0e7f0005360ed5/elements - {"using":"xpath","value":"//*[@id=\"__button492\"]"}
RESULT: {"using":"xpath","value":"//*[@id=\"__button492\"]"}
COMMAND: POST /session/3097350609915d1f0d0e7f0005360ed5/elements - {"using":"xpath","value":"//*[@id=\"__button492\"]"}
RESULT: {"using":"xpath","value":"//*[@id=\"__button492\"]"}
COMMAND: POST /session/3097350609915d1f0d0e7f0005360ed5/elements - {"using":"xpath","value":"//*[@id=\"__button492\"]"}
RESULT: {"using":"xpath","value":"//*[@id=\"__button492\"]"}
COMMAND: POST /session/3097350609915d1f0d0e7f0005360ed5/elements - {"using":"xpath","value":"//*[@id=\"__button492\"]"}
RESULT: {"using":"xpath","value":"//*[@id=\"__button492\"]"}
COMMAND: POST /session/3097350609915d1f0d0e7f0005360ed5/elements - {"using":"xpath","value":"//*[@id=\"__button492\"]"}
RESULT: {"using":"xpath","value":"//*[@id=\"__button492\"]"}
COMMAND: POST /session/3097350609915d1f0d0e7f0005360ed5/elements - {"using":"xpath","value":"//*[@id=\"__button492\"]"}
RESULT: {"using":"xpath","value":"//*[@id=\"__button492\"]"}
COMMAND: POST /session/3097350609915d1f0d0e7f0005360ed5/elements - {"using":"xpath","value":"//*[@id=\"__button492\"]"}
RESULT: {"using":"xpath","value":"//*[@id=\"__button492\"]"}
COMMAND: POST /session/3097350609915d1f0d0e7f0005360ed5/elements - {"using":"xpath","value":"//*[@id=\"__button492\"]"}
RESULT: {"using":"xpath","value":"//*[@id=\"__button492\"]"}
COMMAND: POST /session/3097350609915d1f0d0e7f0005360ed5/elements - {"using":"xpath","value":"//*[@id=\"__button492\"]"}
RESULT: {"using":"xpath","value":"//*[@id=\"__button492\"]"}
COMMAND: POST /session/3097350609915d1f0d0e7f0005360ed5/elements - {"using":"xpath","value":"//*[@id=\"__button492\"]"}
RESULT: {"using":"xpath","value":"//*[@id=\"__button492\"]"}
COMMAND: POST /session/3097350609915d1f0d0e7f0005360ed5/elements - {"using":"xpath","value":"//*[@id=\"__button492\"]"}
RESULT: {"using":"xpath","value":"//*[@id=\"__button492\"]"}
COMMAND: POST /session/3097350609915d1f0d0e7f0005360ed5/elements - {"using":"xpath","value":"//*[@id=\"__button492\"]"}
RESULT: {"using":"xpath","value":"//*[@id=\"__button492\"]"}
COMMAND: POST /session/3097350609915d1f0d0e7f0005360ed5/elements - {"using":"xpath","value":"//*[@id=\"__button492\"]"}
RESULT: {"using":"xpath","value":"//*[@id=\"__button492\"]"}
COMMAND: POST /session/3097350609915d1f0d0e7f0005360ed5/elements - {"using":"xpath","value":"//*[@id=\"__button492\"]"}
RESULT: {"using":"xpath","value":"//*[@id=\"__button492\"]"}
COMMAND: POST /session/3097350609915d1f0d0e7f0005360ed5/elements - {"using":"xpath","value":"//*[@id=\"__button492\"]"}
RESULT: {"using":"xpath","value":"//*[@id=\"__button492\"]"}
COMMAND: POST /session/3097350609915d1f0d0e7f0005360ed5/elements - {"using":"xpath","value":"//*[@id=\"__button492\"]"}
RESULT: {"using":"xpath","value":"//*[@id=\"__button492\"]"}
COMMAND: POST /session/3097350609915d1f0d0e7f0005360ed5/elements - {"using":"xpath","value":"//*[@id=\"__button492\"]"}
RESULT: {"using":"xpath","value":"//*[@id=\"__button492\"]"}
COMMAND: POST /session/3097350609915d1f0d0e7f0005360ed5/elements - {"using":"xpath","value":"//*[@id=\"__button492\"]"}
RESULT: {"using":"xpath","value":"//*[@id=\"__button492\"]"}
COMMAND: POST /session/3097350609915d1f0d0e7f0005360ed5/elements - {"using":"xpath","value":"//*[@id=\"__button492\"]"}
RESULT: {"using":"xpath","value":"//*[@id=\"__button492\"]"}
COMMAND: POST /session/3097350609915d1f0d0e7f0005360ed5/elements - {"using":"xpath","value":"//*[@id=\"__button492\"]"}
RESULT: {"using":"xpath","value":"//*[@id=\"__button492\"]"}
COMMAND: POST /session/3097350609915d1f0d0e7f0005360ed5/elements - {"using":"xpath","value":"//*[@id=\"__button492\"]"}
RESULT: {"using":"xpath","value":"//*[@id=\"__button492\"]"}
COMMAND: POST /session/3097350609915d1f0d0e7f0005360ed5/elements - {"using":"xpath","value":"//*[@id=\"__button492\"]"}
RESULT: {"using":"xpath","value":"//*[@id=\"__button492\"]"}
COMMAND: POST /session/3097350609915d1f0d0e7f0005360ed5/elements - {"using":"xpath","value":"//*[@id=\"__button492\"]"}
RESULT: {"using":"xpath","value":"//*[@id=\"__button492\"]"}
COMMAND: POST /session/3097350609915d1f0d0e7f0005360ed5/elements - {"using":"xpath","value":"//*[@id=\"__button492\"]"}
RESULT: {"using":"xpath","value":"//*[@id=\"__button492\"]"}
COMMAND: POST /session/3097350609915d1f0d0e7f0005360ed5/elements - {"using":"xpath","value":"//*[@id=\"__button492\"]"}
RESULT: {"using":"xpath","value":"//*[@id=\"__button492\"]"}
COMMAND: POST /session/3097350609915d1f0d0e7f0005360ed5/elements - {"using":"xpath","value":"//*[@id=\"__button492\"]"}
RESULT: {"using":"xpath","value":"//*[@id=\"__button492\"]"}
COMMAND: POST /session/3097350609915d1f0d0e7f0005360ed5/elements - {"using":"xpath","value":"//*[@id=\"__button492\"]"}
COMMAND: POST /session/3097350609915d1f0d0e7f0005360ed5/element - {"using":"css selector","value":"#shell-header-logo"}
RESULT: {"using":"css selector","value":"#shell-header-logo"}
COMMAND: POST /session/3097350609915d1f0d0e7f0005360ed5/execute/sync - {"script":"<script> [8489 bytes]","args":[{"element-6066-11e4-a52e-4f735466cecf":"f.185E35FC6384979D85E72AD7E1746CD8.d.952DCE669E0E42F338BC268A6F38E0F3.e.13094","ELEMENT":"f.185E35FC6384979D85E72AD7E1746CD8.d.952DCE669E0E42F338BC268A6F38E0F3.e.13094"}]}
RESULT: {"using":"xpath","value":"//*[@id=\"__button492\"]"}
RESULT: {"script":"<script> [8489 bytes]","args":[{"element-6066-11e4-a52e-4f735466cecf":"f.185E35FC6384979D85E72AD7E1746CD8.d.952DCE669E0E42F338BC268A6F38E0F3.e.13094","ELEMENT":"f.185E35FC6384979D85E72AD7E1746CD8.d.952DCE669E0E42F338BC268A6F38E0F3.e.13094"}]}
COMMAND: POST /session/3097350609915d1f0d0e7f0005360ed5/execute/sync - {"script":"<script> [5351 bytes]","args":[{"element-6066-11e4-a52e-4f735466cecf":"f.185E35FC6384979D85E72AD7E1746CD8.d.952DCE669E0E42F338BC268A6F38E0F3.e.13094","ELEMENT":"f.185E35FC6384979D85E72AD7E1746CD8.d.952DCE669E0E42F338BC268A6F38E0F3.e.13094"}]}
COMMAND: GET /session/3097350609915d1f0d0e7f0005360ed5/screenshot - {}
RESULT: {"script":"<script> [5351 bytes]","args":[{"element-6066-11e4-a52e-4f735466cecf":"f.185E35FC6384979D85E72AD7E1746CD8.d.952DCE669E0E42F338BC268A6F38E0F3.e.13094","ELEMENT":"f.185E35FC6384979D85E72AD7E1746CD8.d.952DCE669E0E42F338BC268A6F38E0F3.e.13094"}]}
COMMAND: POST /session/3097350609915d1f0d0e7f0005360ed5/element/f.185E35FC6384979D85E72AD7E1746CD8.d.952DCE669E0E42F338BC268A6F38E0F3.e.13094/click - {}
COMMAND: GET /session/3097350609915d1f0d0e7f0005360ed5/screenshot - {}
RESULT: {}
RESULT: {}
]]></system-out>
    </testcase>
    <testcase classname="chrome.136_0_7103_93.windows.Create_master_data_for_mixed_billing_&amp;_do_billing_calculation_US151661" name="Should go to Manage Billings and trigger calculation check the conditions applied" time="65.214">
      <system-out><![CDATA[
COMMAND: POST /session/3097350609915d1f0d0e7f0005360ed5/execute/async - {"script":"<script> [1562 bytes]","args":[{"selector":{"controlType":"sap.m.GenericTile","properties":{"header":"Manage Billings"}},"wdio_ui5_key":"sapm.GenericTile{\"header\":\"Manage Billings\"}"}]}
COMMAND: GET /session/3097350609915d1f0d0e7f0005360ed5/screenshot - {}
RESULT: {}
RESULT: {"script":"<script> [1562 bytes]","args":[{"selector":{"controlType":"sap.m.GenericTile","properties":{"header":"Manage Billings"}},"wdio_ui5_key":"sapm.GenericTile{\"header\":\"Manage Billings\"}"}]}
RESULT: undefined
COMMAND: POST /session/3097350609915d1f0d0e7f0005360ed5/element - {"using":"xpath","value":"//*[@id=\"__tile51\"]"}
RESULT: {}
RESULT: {"using":"xpath","value":"//*[@id=\"__tile51\"]"}
COMMAND: POST /session/3097350609915d1f0d0e7f0005360ed5/element/f.185E35FC6384979D85E72AD7E1746CD8.d.952DCE669E0E42F338BC268A6F38E0F3.e.6193/click - {}
RESULT: {}
COMMAND: GET /session/3097350609915d1f0d0e7f0005360ed5/screenshot - {}
RESULT: {}
COMMAND: POST /session/3097350609915d1f0d0e7f0005360ed5/elements - {"using":"xpath","value":"//span[text()='Error']"}
RESULT: {"using":"xpath","value":"//span[text()='Error']"}
COMMAND: POST /session/3097350609915d1f0d0e7f0005360ed5/execute/async - {"script":"<script> [1562 bytes]","args":[{"selector":{"id":"application-managebillings-display-component---billRunCalcResult--smartFilterBar-btnBasicSearch","interaction":{"idSuffix":"I"}},"wdio_ui5_key":"applicationmanagebillings-display-component---billRunCalcResult--smartFilterBar-btnBasicSearch"}]}
RESULT: {"script":"<script> [1562 bytes]","args":[{"selector":{"id":"application-managebillings-display-component---billRunCalcResult--smartFilterBar-btnBasicSearch","interaction":{"idSuffix":"I"}},"wdio_ui5_key":"applicationmanagebillings-display-component---billRunCalcResult--smartFilterBar-btnBasicSearch"}]}
RESULT: undefined
COMMAND: POST /session/3097350609915d1f0d0e7f0005360ed5/execute/async - {"script":"<script> [776 bytes]","args":[{"enterText":"10362","selector":{"id":"application-managebillings-display-component---billRunCalcResult--smartFilterBar-btnBasicSearch","interaction":{"idSuffix":"I"}},"clearTextFirst":true,"interactionType":"ENTER_TEXT"}]}
RESULT: {"script":"<script> [776 bytes]","args":[{"enterText":"10362","selector":{"id":"application-managebillings-display-component---billRunCalcResult--smartFilterBar-btnBasicSearch","interaction":{"idSuffix":"I"}},"clearTextFirst":true,"interactionType":"ENTER_TEXT"}]}
COMMAND: POST /session/3097350609915d1f0d0e7f0005360ed5/actions - {"actions":[{"id":"action49","type":"key","parameters":{},"actions":[{"type":"keyDown","value":"î€‡"},{"type":"pause","duration":10},{"type":"keyUp","value":"î€‡"}]}]}
RESULT: {"actions":[{"id":"action49","type":"key","parameters":{},"actions":[{"type":"keyDown","value":"î€‡"},{"type":"pause","duration":10},{"type":"keyUp","value":"î€‡"}]}]}
COMMAND: GET /session/3097350609915d1f0d0e7f0005360ed5/screenshot - {}
RESULT: {}
COMMAND: POST /session/3097350609915d1f0d0e7f0005360ed5/element - {"using":"xpath","value":"//td[@aria-colindex=\"1\"]/div/div[contains(@class, \"sapMCbBg\")]"}
RESULT: {"using":"xpath","value":"//td[@aria-colindex=\"1\"]/div/div[contains(@class, \"sapMCbBg\")]"}
COMMAND: POST /session/3097350609915d1f0d0e7f0005360ed5/element/f.185E35FC6384979D85E72AD7E1746CD8.d.952DCE669E0E42F338BC268A6F38E0F3.e.13482/click - {}
RESULT: {}
COMMAND: GET /session/3097350609915d1f0d0e7f0005360ed5/screenshot - {}
RESULT: {}
COMMAND: POST /session/3097350609915d1f0d0e7f0005360ed5/execute/async - {"script":"<script> [1562 bytes]","args":[{"selector":{"id":"application-managebillings-display-component---billRunCalcResult--contractBillRunDate","interaction":{"idSuffix":"inner"}},"wdio_ui5_key":"applicationmanagebillings-display-component---billRunCalcResult--contractBillRunDate"}]}
RESULT: {"script":"<script> [1562 bytes]","args":[{"selector":{"id":"application-managebillings-display-component---billRunCalcResult--contractBillRunDate","interaction":{"idSuffix":"inner"}},"wdio_ui5_key":"applicationmanagebillings-display-component---billRunCalcResult--contractBillRunDate"}]}
RESULT: undefined
COMMAND: POST /session/3097350609915d1f0d0e7f0005360ed5/execute/async - {"script":"<script> [776 bytes]","args":[{"enterText":"6/18/25","selector":{"id":"application-managebillings-display-component---billRunCalcResult--contractBillRunDate","interaction":{"idSuffix":"inner"}},"clearTextFirst":true,"interactionType":"ENTER_TEXT"}]}
RESULT: {"script":"<script> [776 bytes]","args":[{"enterText":"6/18/25","selector":{"id":"application-managebillings-display-component---billRunCalcResult--contractBillRunDate","interaction":{"idSuffix":"inner"}},"clearTextFirst":true,"interactionType":"ENTER_TEXT"}]}
COMMAND: POST /session/3097350609915d1f0d0e7f0005360ed5/element - {"using":"xpath","value":"//bdi[contains(text(), \"Trigger Calculation\")]"}
RESULT: {"using":"xpath","value":"//bdi[contains(text(), \"Trigger Calculation\")]"}
COMMAND: POST /session/3097350609915d1f0d0e7f0005360ed5/element/f.185E35FC6384979D85E72AD7E1746CD8.d.952DCE669E0E42F338BC268A6F38E0F3.e.13532/click - {}
RESULT: {}
COMMAND: GET /session/3097350609915d1f0d0e7f0005360ed5/screenshot - {}
RESULT: {}
COMMAND: POST /session/3097350609915d1f0d0e7f0005360ed5/element - {"using":"xpath","value":"(//span[contains(@id, \"imgNav\")])[1]"}
RESULT: {"using":"xpath","value":"(//span[contains(@id, \"imgNav\")])[1]"}
COMMAND: POST /session/3097350609915d1f0d0e7f0005360ed5/element/f.185E35FC6384979D85E72AD7E1746CD8.d.952DCE669E0E42F338BC268A6F38E0F3.e.13483/click - {}
RESULT: {}
COMMAND: GET /session/3097350609915d1f0d0e7f0005360ed5/screenshot - {}
RESULT: {}
COMMAND: POST /session/3097350609915d1f0d0e7f0005360ed5/element - {"using":"xpath","value":"//tr/td[6]/div[1]/span[1]/span[1]"}
RESULT: {"using":"xpath","value":"//tr/td[6]/div[1]/span[1]/span[1]"}
COMMAND: GET /session/3097350609915d1f0d0e7f0005360ed5/element/f.185E35FC6384979D85E72AD7E1746CD8.d.952DCE669E0E42F338BC268A6F38E0F3.e.13536/text - {}
RESULT: {}
COMMAND: POST /session/3097350609915d1f0d0e7f0005360ed5/element - {"using":"xpath","value":"(//span[contains(@id, \"imgNav\")])[2]"}
RESULT: {"using":"xpath","value":"(//span[contains(@id, \"imgNav\")])[2]"}
COMMAND: POST /session/3097350609915d1f0d0e7f0005360ed5/element/f.185E35FC6384979D85E72AD7E1746CD8.d.952DCE669E0E42F338BC268A6F38E0F3.e.13537/click - {}
RESULT: {}
COMMAND: POST /session/3097350609915d1f0d0e7f0005360ed5/element - {"using":"xpath","value":"//bdi[contains(text(), \"Business Confirm\")]"}
COMMAND: GET /session/3097350609915d1f0d0e7f0005360ed5/screenshot - {}
RESULT: {"using":"xpath","value":"//bdi[contains(text(), \"Business Confirm\")]"}
COMMAND: POST /session/3097350609915d1f0d0e7f0005360ed5/elements - {"using":"xpath","value":"//bdi[contains(text(), \"Business Confirm\")]"}
RESULT: {}
RESULT: {"using":"xpath","value":"//bdi[contains(text(), \"Business Confirm\")]"}
COMMAND: POST /session/3097350609915d1f0d0e7f0005360ed5/element - {"using":"xpath","value":"//bdi[contains(text(), \"Business Confirm\")]"}
RESULT: {"using":"xpath","value":"//bdi[contains(text(), \"Business Confirm\")]"}
COMMAND: POST /session/3097350609915d1f0d0e7f0005360ed5/element/f.185E35FC6384979D85E72AD7E1746CD8.d.952DCE669E0E42F338BC268A6F38E0F3.e.13609/click - {}
RESULT: {}
COMMAND: POST /session/3097350609915d1f0d0e7f0005360ed5/element - {"using":"css selector","value":"#shell-header-logo"}
COMMAND: GET /session/3097350609915d1f0d0e7f0005360ed5/screenshot - {}
RESULT: {"using":"css selector","value":"#shell-header-logo"}
COMMAND: POST /session/3097350609915d1f0d0e7f0005360ed5/element/f.185E35FC6384979D85E72AD7E1746CD8.d.952DCE669E0E42F338BC268A6F38E0F3.e.13275/click - {}
RESULT: {}
RESULT: {}
COMMAND: GET /session/3097350609915d1f0d0e7f0005360ed5/screenshot - {}
RESULT: {}
COMMAND: POST /session/3097350609915d1f0d0e7f0005360ed5/element - {"using":"css selector","value":"#j_username"}
COMMAND: POST /session/3097350609915d1f0d0e7f0005360ed5/url - {"url":"https://qa-testing-00-live-etm-ui.cfapps.eu10-004.hana.ondemand.com/"}
RESULT: {"using":"css selector","value":"#j_username"}
COMMAND: POST /session/3097350609915d1f0d0e7f0005360ed5/element - {"using":"css selector","value":"#j_username"}
RESULT: {"url":"https://qa-testing-00-live-etm-ui.cfapps.eu10-004.hana.ondemand.com/"}
RESULT: undefined
COMMAND: GET /session/3097350609915d1f0d0e7f0005360ed5/screenshot - {}
RESULT: {"using":"css selector","value":"#j_username"}
COMMAND: POST /session/3097350609915d1f0d0e7f0005360ed5/element - {"using":"css selector","value":"#shell-header-logo"}
RESULT: {}
RESULT: {"using":"css selector","value":"#shell-header-logo"}
COMMAND: POST /session/3097350609915d1f0d0e7f0005360ed5/execute/sync - {"script":"<script> [8489 bytes]","args":[{"element-6066-11e4-a52e-4f735466cecf":"f.185E35FC6384979D85E72AD7E1746CD8.d.5285CF230F947B0A1CF0AF3DC1596300.e.13623","ELEMENT":"f.185E35FC6384979D85E72AD7E1746CD8.d.5285CF230F947B0A1CF0AF3DC1596300.e.13623"}]}
RESULT: {"script":"<script> [8489 bytes]","args":[{"element-6066-11e4-a52e-4f735466cecf":"f.185E35FC6384979D85E72AD7E1746CD8.d.5285CF230F947B0A1CF0AF3DC1596300.e.13623","ELEMENT":"f.185E35FC6384979D85E72AD7E1746CD8.d.5285CF230F947B0A1CF0AF3DC1596300.e.13623"}]}
COMMAND: POST /session/3097350609915d1f0d0e7f0005360ed5/element - {"using":"css selector","value":"#shell-header-logo"}
COMMAND: GET /session/3097350609915d1f0d0e7f0005360ed5/screenshot - {}
RESULT: {"using":"css selector","value":"#shell-header-logo"}
COMMAND: POST /session/3097350609915d1f0d0e7f0005360ed5/execute/sync - {"script":"<script> [8489 bytes]","args":[{"element-6066-11e4-a52e-4f735466cecf":"f.185E35FC6384979D85E72AD7E1746CD8.d.5285CF230F947B0A1CF0AF3DC1596300.e.13623","ELEMENT":"f.185E35FC6384979D85E72AD7E1746CD8.d.5285CF230F947B0A1CF0AF3DC1596300.e.13623"}]}
RESULT: {}
RESULT: {"script":"<script> [8489 bytes]","args":[{"element-6066-11e4-a52e-4f735466cecf":"f.185E35FC6384979D85E72AD7E1746CD8.d.5285CF230F947B0A1CF0AF3DC1596300.e.13623","ELEMENT":"f.185E35FC6384979D85E72AD7E1746CD8.d.5285CF230F947B0A1CF0AF3DC1596300.e.13623"}]}
COMMAND: POST /session/3097350609915d1f0d0e7f0005360ed5/execute/sync - {"script":"<script> [5351 bytes]","args":[{"element-6066-11e4-a52e-4f735466cecf":"f.185E35FC6384979D85E72AD7E1746CD8.d.5285CF230F947B0A1CF0AF3DC1596300.e.13623","ELEMENT":"f.185E35FC6384979D85E72AD7E1746CD8.d.5285CF230F947B0A1CF0AF3DC1596300.e.13623"}]}
COMMAND: GET /session/3097350609915d1f0d0e7f0005360ed5/screenshot - {}
RESULT: {"script":"<script> [5351 bytes]","args":[{"element-6066-11e4-a52e-4f735466cecf":"f.185E35FC6384979D85E72AD7E1746CD8.d.5285CF230F947B0A1CF0AF3DC1596300.e.13623","ELEMENT":"f.185E35FC6384979D85E72AD7E1746CD8.d.5285CF230F947B0A1CF0AF3DC1596300.e.13623"}]}
COMMAND: POST /session/3097350609915d1f0d0e7f0005360ed5/element - {"using":"css selector","value":"#shell-header-logo"}
COMMAND: GET /session/3097350609915d1f0d0e7f0005360ed5/screenshot - {}
RESULT: {}
RESULT: {"using":"css selector","value":"#shell-header-logo"}
COMMAND: POST /session/3097350609915d1f0d0e7f0005360ed5/element/f.185E35FC6384979D85E72AD7E1746CD8.d.5285CF230F947B0A1CF0AF3DC1596300.e.13623/click - {}
RESULT: {}
RESULT: {}
COMMAND: GET /session/3097350609915d1f0d0e7f0005360ed5/screenshot - {}
RESULT: {}
COMMAND: POST /session/3097350609915d1f0d0e7f0005360ed5/execute/async - {"script":"<script> [189 bytes]","args":[]}
RESULT: {"script":"<script> [189 bytes]","args":[]}
COMMAND: POST /session/3097350609915d1f0d0e7f0005360ed5/execute/async - {"script":"<script> [123 bytes]","args":[]}
RESULT: {"script":"<script> [123 bytes]","args":[]}
COMMAND: POST /session/3097350609915d1f0d0e7f0005360ed5/timeouts - {"script":"<number>"}
RESULT: {"script":"<number>"}
COMMAND: GET /session/3097350609915d1f0d0e7f0005360ed5/timeouts - {}
RESULT: {}
RESULT: undefined
COMMAND: POST /session/3097350609915d1f0d0e7f0005360ed5/execute/async - {"script":"<script> [2676 bytes]","args":[]}
RESULT: {"script":"<script> [2676 bytes]","args":[]}
COMMAND: POST /session/3097350609915d1f0d0e7f0005360ed5/execute/async - {"script":"<script> [2342 bytes]","args":[{"protocol":"http","hostname":"0.0.0.0","path":"/","capabilities":{"browserName":"chrome","goog:chromeOptions":{"binary":"C:\\Program Files\\Google\\Chrome\\Application\\chrome.exe","args":["--start-maximized"]}},"logLevel":"warn","connectionRetryTimeout":120000,"connectionRetryCount":3,"logLevels":{},"enableDirectConnect":true,"strictSSL":true,"_":"65 more keys: [\"cacheDir\",\"port\",\"requestedCapabilities\",\"automationProtocol\",\"baseUrl\",\"waitforInterval\",\"waitforTimeout\",\"onReload\",\"beforeCommand\",\"afterCommand\",\"rootDir\",\"specs\",\"suites\",\"exclude\",\"groupLogsByTestSpec\",\"excludeDriverLogs\",\"bail\",\"framework\",\"reporters\",\"services\",\"maxInstances\",\"maxInstancesPerCapability\",\"injectGlobals\",\"filesToWatch\",\"execArgv\",\"runnerEnv\",\"runner\",\"shard\",\"specFileRetries\",\"specFileRetriesDelay\",\"specFileRetriesDeferred\",\"reporterSyncInterval\",\"reporterSyncTimeout\",\"cucumberFeaturesWithLineNumbers\",\"autoCompileOpts\",\"mochaOpts\",\"jasmineOpts\",\"cucumberOpts\",\"onPrepare\",\"onWorkerStart\",\"onWorkerEnd\",\"before\",\"beforeSession\",\"beforeSuite\",\"beforeHook\",\"beforeTest\",\"afterTest\",\"afterHook\",\"afterSuite\",\"afterSession\",\"after\",\"onComplete\",\"beforeAssertion\",\"afterAssertion\",\"beforeFeature\",\"beforeScenario\",\"beforeStep\",\"afterStep\",\"afterScenario\",\"afterFeature\",\"_\",\"suite\",\"$0\",\"ignoredWorkerServices\",\"wdi5\"]"}]}
RESULT: {"script":"<script> [2342 bytes]","args":[{"protocol":"http","hostname":"0.0.0.0","path":"/","capabilities":{"browserName":"chrome","goog:chromeOptions":{"binary":"C:\\Program Files\\Google\\Chrome\\Application\\chrome.exe","args":["--start-maximized"]}},"logLevel":"warn","connectionRetryTimeout":120000,"connectionRetryCount":3,"logLevels":{},"enableDirectConnect":true,"strictSSL":true,"_":"65 more keys: [\"cacheDir\",\"port\",\"requestedCapabilities\",\"automationProtocol\",\"baseUrl\",\"waitforInterval\",\"waitforTimeout\",\"onReload\",\"beforeCommand\",\"afterCommand\",\"rootDir\",\"specs\",\"suites\",\"exclude\",\"groupLogsByTestSpec\",\"excludeDriverLogs\",\"bail\",\"framework\",\"reporters\",\"services\",\"maxInstances\",\"maxInstancesPerCapability\",\"injectGlobals\",\"filesToWatch\",\"execArgv\",\"runnerEnv\",\"runner\",\"shard\",\"specFileRetries\",\"specFileRetriesDelay\",\"specFileRetriesDeferred\",\"reporterSyncInterval\",\"reporterSyncTimeout\",\"cucumberFeaturesWithLineNumbers\",\"autoCompileOpts\",\"mochaOpts\",\"jasmineOpts\",\"cucumberOpts\",\"onPrepare\",\"onWorkerStart\",\"onWorkerEnd\",\"before\",\"beforeSession\",\"beforeSuite\",\"beforeHook\",\"beforeTest\",\"afterTest\",\"afterHook\",\"afterSuite\",\"afterSession\",\"after\",\"onComplete\",\"beforeAssertion\",\"afterAssertion\",\"beforeFeature\",\"beforeScenario\",\"beforeStep\",\"afterStep\",\"afterScenario\",\"afterFeature\",\"_\",\"suite\",\"$0\",\"ignoredWorkerServices\",\"wdi5\"]"}]}
COMMAND: POST /session/3097350609915d1f0d0e7f0005360ed5/execute/async - {"script":"<script> [21126 bytes]","args":[35000]}
RESULT: {"script":"<script> [21126 bytes]","args":[35000]}
COMMAND: POST /session/3097350609915d1f0d0e7f0005360ed5/window/maximize - {}
RESULT: {}
COMMAND: POST /session/3097350609915d1f0d0e7f0005360ed5/execute/async - {"script":"<script> [1562 bytes]","args":[{"selector":{"id":"shell-header","interaction":{"idSuffix":"icon"}},"wdio_ui5_key":"shellheader"}]}
COMMAND: GET /session/3097350609915d1f0d0e7f0005360ed5/screenshot - {}
RESULT: {"script":"<script> [1562 bytes]","args":[{"selector":{"id":"shell-header","interaction":{"idSuffix":"icon"}},"wdio_ui5_key":"shellheader"}]}
RESULT: undefined
COMMAND: POST /session/3097350609915d1f0d0e7f0005360ed5/refresh - {}
RESULT: {}
RESULT: {}
COMMAND: GET /session/3097350609915d1f0d0e7f0005360ed5/screenshot - {}
RESULT: {}
COMMAND: POST /session/3097350609915d1f0d0e7f0005360ed5/refresh - {}
RESULT: {}
COMMAND: GET /session/3097350609915d1f0d0e7f0005360ed5/screenshot - {}
RESULT: {}
COMMAND: POST /session/3097350609915d1f0d0e7f0005360ed5/window/fullscreen - {}
RESULT: {}
COMMAND: POST /session/3097350609915d1f0d0e7f0005360ed5/execute/async - {"script":"<script> [189 bytes]","args":[]}
RESULT: {"script":"<script> [189 bytes]","args":[]}
COMMAND: POST /session/3097350609915d1f0d0e7f0005360ed5/execute/async - {"script":"<script> [123 bytes]","args":[]}
RESULT: {"script":"<script> [123 bytes]","args":[]}
COMMAND: POST /session/3097350609915d1f0d0e7f0005360ed5/timeouts - {"script":"<number>"}
RESULT: {"script":"<number>"}
COMMAND: GET /session/3097350609915d1f0d0e7f0005360ed5/timeouts - {}
RESULT: {}
RESULT: undefined
COMMAND: POST /session/3097350609915d1f0d0e7f0005360ed5/execute/async - {"script":"<script> [2676 bytes]","args":[]}
RESULT: {"script":"<script> [2676 bytes]","args":[]}
COMMAND: POST /session/3097350609915d1f0d0e7f0005360ed5/execute/async - {"script":"<script> [2342 bytes]","args":[{"protocol":"http","hostname":"0.0.0.0","path":"/","capabilities":{"browserName":"chrome","goog:chromeOptions":{"binary":"C:\\Program Files\\Google\\Chrome\\Application\\chrome.exe","args":["--start-maximized"]}},"logLevel":"warn","connectionRetryTimeout":120000,"connectionRetryCount":3,"logLevels":{},"enableDirectConnect":true,"strictSSL":true,"_":"65 more keys: [\"cacheDir\",\"port\",\"requestedCapabilities\",\"automationProtocol\",\"baseUrl\",\"waitforInterval\",\"waitforTimeout\",\"onReload\",\"beforeCommand\",\"afterCommand\",\"rootDir\",\"specs\",\"suites\",\"exclude\",\"groupLogsByTestSpec\",\"excludeDriverLogs\",\"bail\",\"framework\",\"reporters\",\"services\",\"maxInstances\",\"maxInstancesPerCapability\",\"injectGlobals\",\"filesToWatch\",\"execArgv\",\"runnerEnv\",\"runner\",\"shard\",\"specFileRetries\",\"specFileRetriesDelay\",\"specFileRetriesDeferred\",\"reporterSyncInterval\",\"reporterSyncTimeout\",\"cucumberFeaturesWithLineNumbers\",\"autoCompileOpts\",\"mochaOpts\",\"jasmineOpts\",\"cucumberOpts\",\"onPrepare\",\"onWorkerStart\",\"onWorkerEnd\",\"before\",\"beforeSession\",\"beforeSuite\",\"beforeHook\",\"beforeTest\",\"afterTest\",\"afterHook\",\"afterSuite\",\"afterSession\",\"after\",\"onComplete\",\"beforeAssertion\",\"afterAssertion\",\"beforeFeature\",\"beforeScenario\",\"beforeStep\",\"afterStep\",\"afterScenario\",\"afterFeature\",\"_\",\"suite\",\"$0\",\"ignoredWorkerServices\",\"wdi5\"]"}]}
RESULT: {"script":"<script> [2342 bytes]","args":[{"protocol":"http","hostname":"0.0.0.0","path":"/","capabilities":{"browserName":"chrome","goog:chromeOptions":{"binary":"C:\\Program Files\\Google\\Chrome\\Application\\chrome.exe","args":["--start-maximized"]}},"logLevel":"warn","connectionRetryTimeout":120000,"connectionRetryCount":3,"logLevels":{},"enableDirectConnect":true,"strictSSL":true,"_":"65 more keys: [\"cacheDir\",\"port\",\"requestedCapabilities\",\"automationProtocol\",\"baseUrl\",\"waitforInterval\",\"waitforTimeout\",\"onReload\",\"beforeCommand\",\"afterCommand\",\"rootDir\",\"specs\",\"suites\",\"exclude\",\"groupLogsByTestSpec\",\"excludeDriverLogs\",\"bail\",\"framework\",\"reporters\",\"services\",\"maxInstances\",\"maxInstancesPerCapability\",\"injectGlobals\",\"filesToWatch\",\"execArgv\",\"runnerEnv\",\"runner\",\"shard\",\"specFileRetries\",\"specFileRetriesDelay\",\"specFileRetriesDeferred\",\"reporterSyncInterval\",\"reporterSyncTimeout\",\"cucumberFeaturesWithLineNumbers\",\"autoCompileOpts\",\"mochaOpts\",\"jasmineOpts\",\"cucumberOpts\",\"onPrepare\",\"onWorkerStart\",\"onWorkerEnd\",\"before\",\"beforeSession\",\"beforeSuite\",\"beforeHook\",\"beforeTest\",\"afterTest\",\"afterHook\",\"afterSuite\",\"afterSession\",\"after\",\"onComplete\",\"beforeAssertion\",\"afterAssertion\",\"beforeFeature\",\"beforeScenario\",\"beforeStep\",\"afterStep\",\"afterScenario\",\"afterFeature\",\"_\",\"suite\",\"$0\",\"ignoredWorkerServices\",\"wdi5\"]"}]}
COMMAND: POST /session/3097350609915d1f0d0e7f0005360ed5/execute/async - {"script":"<script> [21126 bytes]","args":[35000]}
RESULT: {"script":"<script> [21126 bytes]","args":[35000]}
]]></system-out>
    </testcase>
  </testsuite>
  <testsuite timestamp="2025-05-18T17:43:08" time="783.87" tests="13" failures="0" errors="0" skipped="0">
    <properties>
      <property name="specId" value="0" />
      <property name="suiteName" value="Performance based billing (work days) US139742" />
      <property name="capabilities" value="chrome.136_0_7103_93.windows" />
      <property name="file" value="file:///D:/a/1/s/test/specs/BTS/billing-performance-workdays.spec.js" />
    </properties>
    <testcase classname="chrome.136_0_7103_93.windows.Performance_based_billing_(work_days)_US139742" name="Should create a new yard" time="0.013">
      <system-out><![CDATA[
COMMAND: POST /session/3097350609915d1f0d0e7f0005360ed5/window/fullscreen - {}
RESULT: {}
]]></system-out>
    </testcase>
    <testcase classname="chrome.136_0_7103_93.windows.Performance_based_billing_(work_days)_US139742" name="Should create a new partner" time="0.004" />
    <testcase classname="chrome.136_0_7103_93.windows.Performance_based_billing_(work_days)_US139742" name="Should create a new site" time="0.003" />
    <testcase classname="chrome.136_0_7103_93.windows.Performance_based_billing_(work_days)_US139742" name="Should do prerequisite steps add equipment" time="130.264">
      <system-out><![CDATA[
COMMAND: POST /session/3097350609915d1f0d0e7f0005360ed5/execute/async - {"script":"<script> [1562 bytes]","args":[{"selector":{"controlType":"sap.m.GenericTile","properties":{"header":"Manage Resources"}},"wdio_ui5_key":"sapm.GenericTile{\"header\":\"Manage Resources\"}"}]}
RESULT: {"script":"<script> [1562 bytes]","args":[{"selector":{"controlType":"sap.m.GenericTile","properties":{"header":"Manage Resources"}},"wdio_ui5_key":"sapm.GenericTile{\"header\":\"Manage Resources\"}"}]}
RESULT: undefined
COMMAND: POST /session/3097350609915d1f0d0e7f0005360ed5/element - {"using":"xpath","value":"//*[@id=\"__tile39\"]"}
RESULT: {"using":"xpath","value":"//*[@id=\"__tile39\"]"}
COMMAND: POST /session/3097350609915d1f0d0e7f0005360ed5/element/f.185E35FC6384979D85E72AD7E1746CD8.d.92FA09DB737AC5FC85A9CE77182B0C08.e.13780/click - {}
RESULT: {}
COMMAND: GET /session/3097350609915d1f0d0e7f0005360ed5/screenshot - {}
RESULT: {}
COMMAND: POST /session/3097350609915d1f0d0e7f0005360ed5/elements - {"using":"xpath","value":"//span[text()='Error']"}
RESULT: {"using":"xpath","value":"//span[text()='Error']"}
COMMAND: POST /session/3097350609915d1f0d0e7f0005360ed5/element - {"using":"xpath","value":"//button[@data-kt=\"addNewRUOverflowToolbarButton\"]"}
RESULT: {"using":"xpath","value":"//button[@data-kt=\"addNewRUOverflowToolbarButton\"]"}
COMMAND: POST /session/3097350609915d1f0d0e7f0005360ed5/elements - {"using":"xpath","value":"//button[@data-kt=\"addNewRUOverflowToolbarButton\"]"}
RESULT: {"using":"xpath","value":"//button[@data-kt=\"addNewRUOverflowToolbarButton\"]"}
COMMAND: POST /session/3097350609915d1f0d0e7f0005360ed5/elements - {"using":"xpath","value":"//button[@data-kt=\"addNewRUOverflowToolbarButton\"]"}
RESULT: {"using":"xpath","value":"//button[@data-kt=\"addNewRUOverflowToolbarButton\"]"}
COMMAND: POST /session/3097350609915d1f0d0e7f0005360ed5/elements - {"using":"xpath","value":"//button[@data-kt=\"addNewRUOverflowToolbarButton\"]"}
RESULT: {"using":"xpath","value":"//button[@data-kt=\"addNewRUOverflowToolbarButton\"]"}
COMMAND: POST /session/3097350609915d1f0d0e7f0005360ed5/elements - {"using":"xpath","value":"//button[@data-kt=\"addNewRUOverflowToolbarButton\"]"}
RESULT: {"using":"xpath","value":"//button[@data-kt=\"addNewRUOverflowToolbarButton\"]"}
COMMAND: POST /session/3097350609915d1f0d0e7f0005360ed5/elements - {"using":"xpath","value":"//button[@data-kt=\"addNewRUOverflowToolbarButton\"]"}
RESULT: {"using":"xpath","value":"//button[@data-kt=\"addNewRUOverflowToolbarButton\"]"}
COMMAND: POST /session/3097350609915d1f0d0e7f0005360ed5/elements - {"using":"xpath","value":"//button[@data-kt=\"addNewRUOverflowToolbarButton\"]"}
RESULT: {"using":"xpath","value":"//button[@data-kt=\"addNewRUOverflowToolbarButton\"]"}
COMMAND: POST /session/3097350609915d1f0d0e7f0005360ed5/elements - {"using":"xpath","value":"//button[@data-kt=\"addNewRUOverflowToolbarButton\"]"}
RESULT: {"using":"xpath","value":"//button[@data-kt=\"addNewRUOverflowToolbarButton\"]"}
COMMAND: POST /session/3097350609915d1f0d0e7f0005360ed5/element - {"using":"xpath","value":"//button[@data-kt=\"addNewRUOverflowToolbarButton\"]"}
RESULT: {"using":"xpath","value":"//button[@data-kt=\"addNewRUOverflowToolbarButton\"]"}
COMMAND: POST /session/3097350609915d1f0d0e7f0005360ed5/execute/sync - {"script":"<script> [8489 bytes]","args":[{"element-6066-11e4-a52e-4f735466cecf":"f.185E35FC6384979D85E72AD7E1746CD8.d.92FA09DB737AC5FC85A9CE77182B0C08.e.13918","ELEMENT":"f.185E35FC6384979D85E72AD7E1746CD8.d.92FA09DB737AC5FC85A9CE77182B0C08.e.13918"}]}
RESULT: {"script":"<script> [8489 bytes]","args":[{"element-6066-11e4-a52e-4f735466cecf":"f.185E35FC6384979D85E72AD7E1746CD8.d.92FA09DB737AC5FC85A9CE77182B0C08.e.13918","ELEMENT":"f.185E35FC6384979D85E72AD7E1746CD8.d.92FA09DB737AC5FC85A9CE77182B0C08.e.13918"}]}
COMMAND: GET /session/3097350609915d1f0d0e7f0005360ed5/element/f.185E35FC6384979D85E72AD7E1746CD8.d.92FA09DB737AC5FC85A9CE77182B0C08.e.13918/enabled - {}
COMMAND: GET /session/3097350609915d1f0d0e7f0005360ed5/screenshot - {}
RESULT: {}
COMMAND: POST /session/3097350609915d1f0d0e7f0005360ed5/execute/sync - {"script":"<script> [8489 bytes]","args":[{"element-6066-11e4-a52e-4f735466cecf":"f.185E35FC6384979D85E72AD7E1746CD8.d.92FA09DB737AC5FC85A9CE77182B0C08.e.13918","ELEMENT":"f.185E35FC6384979D85E72AD7E1746CD8.d.92FA09DB737AC5FC85A9CE77182B0C08.e.13918"}]}
COMMAND: GET /session/3097350609915d1f0d0e7f0005360ed5/screenshot - {}
RESULT: {}
RESULT: {"script":"<script> [8489 bytes]","args":[{"element-6066-11e4-a52e-4f735466cecf":"f.185E35FC6384979D85E72AD7E1746CD8.d.92FA09DB737AC5FC85A9CE77182B0C08.e.13918","ELEMENT":"f.185E35FC6384979D85E72AD7E1746CD8.d.92FA09DB737AC5FC85A9CE77182B0C08.e.13918"}]}
COMMAND: POST /session/3097350609915d1f0d0e7f0005360ed5/execute/sync - {"script":"<script> [5351 bytes]","args":[{"element-6066-11e4-a52e-4f735466cecf":"f.185E35FC6384979D85E72AD7E1746CD8.d.92FA09DB737AC5FC85A9CE77182B0C08.e.13918","ELEMENT":"f.185E35FC6384979D85E72AD7E1746CD8.d.92FA09DB737AC5FC85A9CE77182B0C08.e.13918"}]}
COMMAND: GET /session/3097350609915d1f0d0e7f0005360ed5/screenshot - {}
RESULT: {}
RESULT: {"script":"<script> [5351 bytes]","args":[{"element-6066-11e4-a52e-4f735466cecf":"f.185E35FC6384979D85E72AD7E1746CD8.d.92FA09DB737AC5FC85A9CE77182B0C08.e.13918","ELEMENT":"f.185E35FC6384979D85E72AD7E1746CD8.d.92FA09DB737AC5FC85A9CE77182B0C08.e.13918"}]}
COMMAND: POST /session/3097350609915d1f0d0e7f0005360ed5/element/f.185E35FC6384979D85E72AD7E1746CD8.d.92FA09DB737AC5FC85A9CE77182B0C08.e.13918/click - {}
COMMAND: GET /session/3097350609915d1f0d0e7f0005360ed5/screenshot - {}
RESULT: {}
RESULT: {}
COMMAND: GET /session/3097350609915d1f0d0e7f0005360ed5/screenshot - {}
RESULT: {}
COMMAND: POST /session/3097350609915d1f0d0e7f0005360ed5/execute/async - {"script":"<script> [1562 bytes]","args":[{"selector":{"id":"application-manageresources-display-component---newResourceUnit--TYPE-arrow"},"wdio_ui5_key":"applicationmanageresources-display-component---newResourceUnit--TYPE-arrow"}]}
RESULT: {}
RESULT: {"script":"<script> [1562 bytes]","args":[{"selector":{"id":"application-manageresources-display-component---newResourceUnit--TYPE-arrow"},"wdio_ui5_key":"applicationmanageresources-display-component---newResourceUnit--TYPE-arrow"}]}
RESULT: undefined
COMMAND: POST /session/3097350609915d1f0d0e7f0005360ed5/element - {"using":"xpath","value":"//*[@id=\"application-manageresources-display-component---newResourceUnit--TYPE-arrow\"]"}
RESULT: {"using":"xpath","value":"//*[@id=\"application-manageresources-display-component---newResourceUnit--TYPE-arrow\"]"}
COMMAND: POST /session/3097350609915d1f0d0e7f0005360ed5/element/f.185E35FC6384979D85E72AD7E1746CD8.d.92FA09DB737AC5FC85A9CE77182B0C08.e.14089/click - {}
RESULT: {}
COMMAND: POST /session/3097350609915d1f0d0e7f0005360ed5/element - {"using":"xpath","value":"//input[@id=\"application-manageresources-display-component---newResourceUnit--TYPE-inner\"]"}
COMMAND: GET /session/3097350609915d1f0d0e7f0005360ed5/screenshot - {}
RESULT: {"using":"xpath","value":"//input[@id=\"application-manageresources-display-component---newResourceUnit--TYPE-inner\"]"}
COMMAND: POST /session/3097350609915d1f0d0e7f0005360ed5/element/f.185E35FC6384979D85E72AD7E1746CD8.d.92FA09DB737AC5FC85A9CE77182B0C08.e.13972/clear - {}
RESULT: {}
RESULT: {}
COMMAND: POST /session/3097350609915d1f0d0e7f0005360ed5/element/f.185E35FC6384979D85E72AD7E1746CD8.d.92FA09DB737AC5FC85A9CE77182B0C08.e.13972/value - {"text":"Equipment"}
COMMAND: GET /session/3097350609915d1f0d0e7f0005360ed5/screenshot - {}
RESULT: {"text":"Equipment"}
COMMAND: GET /session/3097350609915d1f0d0e7f0005360ed5/screenshot - {}
RESULT: {}
RESULT: {}
COMMAND: POST /session/3097350609915d1f0d0e7f0005360ed5/actions - {"actions":[{"id":"action50","type":"key","parameters":{},"actions":[{"type":"keyDown","value":"î€‡"},{"type":"pause","duration":10},{"type":"keyUp","value":"î€‡"}]}]}
RESULT: {"actions":[{"id":"action50","type":"key","parameters":{},"actions":[{"type":"keyDown","value":"î€‡"},{"type":"pause","duration":10},{"type":"keyUp","value":"î€‡"}]}]}
COMMAND: POST /session/3097350609915d1f0d0e7f0005360ed5/execute/async - {"script":"<script> [1562 bytes]","args":[{"selector":{"id":"application-manageresources-display-component---newResourceUnit--resourceId","interaction":{"idSuffix":"inner"}},"wdio_ui5_key":"applicationmanageresources-display-component---newResourceUnit--resourceId"}]}
COMMAND: GET /session/3097350609915d1f0d0e7f0005360ed5/screenshot - {}
RESULT: {"script":"<script> [1562 bytes]","args":[{"selector":{"id":"application-manageresources-display-component---newResourceUnit--resourceId","interaction":{"idSuffix":"inner"}},"wdio_ui5_key":"applicationmanageresources-display-component---newResourceUnit--resourceId"}]}
RESULT: undefined
COMMAND: POST /session/3097350609915d1f0d0e7f0005360ed5/execute/async - {"script":"<script> [776 bytes]","args":[{"enterText":"r1N3GANLKd","selector":{"id":"application-manageresources-display-component---newResourceUnit--resourceId","interaction":{"idSuffix":"inner"}},"clearTextFirst":true,"interactionType":"ENTER_TEXT"}]}
RESULT: {}
RESULT: {"script":"<script> [776 bytes]","args":[{"enterText":"r1N3GANLKd","selector":{"id":"application-manageresources-display-component---newResourceUnit--resourceId","interaction":{"idSuffix":"inner"}},"clearTextFirst":true,"interactionType":"ENTER_TEXT"}]}
COMMAND: POST /session/3097350609915d1f0d0e7f0005360ed5/execute/async - {"script":"<script> [1562 bytes]","args":[{"selector":{"id":"application-manageresources-display-component---newResourceUnit--SHORT_TEXT","interaction":{"idSuffix":"inner"}},"wdio_ui5_key":"applicationmanageresources-display-component---newResourceUnit--SHORT_TEXT"}]}
RESULT: {"script":"<script> [1562 bytes]","args":[{"selector":{"id":"application-manageresources-display-component---newResourceUnit--SHORT_TEXT","interaction":{"idSuffix":"inner"}},"wdio_ui5_key":"applicationmanageresources-display-component---newResourceUnit--SHORT_TEXT"}]}
RESULT: undefined
COMMAND: POST /session/3097350609915d1f0d0e7f0005360ed5/execute/async - {"script":"<script> [776 bytes]","args":[{"enterText":"Intercompany Equipment WDIO","selector":{"id":"application-manageresources-display-component---newResourceUnit--SHORT_TEXT","interaction":{"idSuffix":"inner"}},"clearTextFirst":true,"interactionType":"ENTER_TEXT"}]}
RESULT: {"script":"<script> [776 bytes]","args":[{"enterText":"Intercompany Equipment WDIO","selector":{"id":"application-manageresources-display-component---newResourceUnit--SHORT_TEXT","interaction":{"idSuffix":"inner"}},"clearTextFirst":true,"interactionType":"ENTER_TEXT"}]}
COMMAND: POST /session/3097350609915d1f0d0e7f0005360ed5/execute/async - {"script":"<script> [1562 bytes]","args":[{"selector":{"id":"application-manageresources-display-component---newResourceUnit--BASE_UNIT_OF_MEASURE","interaction":{"idSuffix":"inner"}},"wdio_ui5_key":"applicationmanageresources-display-component---newResourceUnit--BASE_UNIT_OF_MEASURE"}]}
RESULT: {"script":"<script> [1562 bytes]","args":[{"selector":{"id":"application-manageresources-display-component---newResourceUnit--BASE_UNIT_OF_MEASURE","interaction":{"idSuffix":"inner"}},"wdio_ui5_key":"applicationmanageresources-display-component---newResourceUnit--BASE_UNIT_OF_MEASURE"}]}
RESULT: undefined
COMMAND: POST /session/3097350609915d1f0d0e7f0005360ed5/execute/async - {"script":"<script> [776 bytes]","args":[{"enterText":"Piece","selector":{"id":"application-manageresources-display-component---newResourceUnit--BASE_UNIT_OF_MEASURE","interaction":{"idSuffix":"inner"}},"clearTextFirst":true,"interactionType":"ENTER_TEXT"}]}
RESULT: {"script":"<script> [776 bytes]","args":[{"enterText":"Piece","selector":{"id":"application-manageresources-display-component---newResourceUnit--BASE_UNIT_OF_MEASURE","interaction":{"idSuffix":"inner"}},"clearTextFirst":true,"interactionType":"ENTER_TEXT"}]}
COMMAND: POST /session/3097350609915d1f0d0e7f0005360ed5/execute/async - {"script":"<script> [1562 bytes]","args":[{"selector":{"id":"application-manageresources-display-component---newResourceUnit--WEIGHT_UNIT","interaction":{"idSuffix":"inner"}},"wdio_ui5_key":"applicationmanageresources-display-component---newResourceUnit--WEIGHT_UNIT"}]}
RESULT: {"script":"<script> [1562 bytes]","args":[{"selector":{"id":"application-manageresources-display-component---newResourceUnit--WEIGHT_UNIT","interaction":{"idSuffix":"inner"}},"wdio_ui5_key":"applicationmanageresources-display-component---newResourceUnit--WEIGHT_UNIT"}]}
RESULT: undefined
COMMAND: POST /session/3097350609915d1f0d0e7f0005360ed5/execute/async - {"script":"<script> [776 bytes]","args":[{"enterText":"Gram","selector":{"id":"application-manageresources-display-component---newResourceUnit--WEIGHT_UNIT","interaction":{"idSuffix":"inner"}},"clearTextFirst":true,"interactionType":"ENTER_TEXT"}]}
RESULT: {"script":"<script> [776 bytes]","args":[{"enterText":"Gram","selector":{"id":"application-manageresources-display-component---newResourceUnit--WEIGHT_UNIT","interaction":{"idSuffix":"inner"}},"clearTextFirst":true,"interactionType":"ENTER_TEXT"}]}
COMMAND: POST /session/3097350609915d1f0d0e7f0005360ed5/execute/async - {"script":"<script> [1562 bytes]","args":[{"selector":{"id":"application-manageresources-display-component---newResourceUnit--DIMENSION_UNIT","interaction":{"idSuffix":"inner"}},"wdio_ui5_key":"applicationmanageresources-display-component---newResourceUnit--DIMENSION_UNIT"}]}
RESULT: {"script":"<script> [1562 bytes]","args":[{"selector":{"id":"application-manageresources-display-component---newResourceUnit--DIMENSION_UNIT","interaction":{"idSuffix":"inner"}},"wdio_ui5_key":"applicationmanageresources-display-component---newResourceUnit--DIMENSION_UNIT"}]}
RESULT: undefined
COMMAND: POST /session/3097350609915d1f0d0e7f0005360ed5/execute/async - {"script":"<script> [776 bytes]","args":[{"enterText":"Meter","selector":{"id":"application-manageresources-display-component---newResourceUnit--DIMENSION_UNIT","interaction":{"idSuffix":"inner"}},"clearTextFirst":true,"interactionType":"ENTER_TEXT"}]}
RESULT: {"script":"<script> [776 bytes]","args":[{"enterText":"Meter","selector":{"id":"application-manageresources-display-component---newResourceUnit--DIMENSION_UNIT","interaction":{"idSuffix":"inner"}},"clearTextFirst":true,"interactionType":"ENTER_TEXT"}]}
COMMAND: POST /session/3097350609915d1f0d0e7f0005360ed5/execute/async - {"script":"<script> [1562 bytes]","args":[{"selector":{"id":"application-manageresources-display-component---newResourceUnit--newRRUPage-anchBar-application-manageresources-display-component---newResourceUnit--control-anchor","interaction":{"idSuffix":"BDI-content"}},"wdio_ui5_key":"applicationmanageresources-display-component---newResourceUnit--newRRUPage-anchBar-application-manageresources-display-component---newResourceUnit--control-anchor"}]}
RESULT: {"script":"<script> [1562 bytes]","args":[{"selector":{"id":"application-manageresources-display-component---newResourceUnit--newRRUPage-anchBar-application-manageresources-display-component---newResourceUnit--control-anchor","interaction":{"idSuffix":"BDI-content"}},"wdio_ui5_key":"applicationmanageresources-display-component---newResourceUnit--newRRUPage-anchBar-application-manageresources-display-component---newResourceUnit--control-anchor"}]}
RESULT: undefined
COMMAND: POST /session/3097350609915d1f0d0e7f0005360ed5/element - {"using":"xpath","value":"//*[@id=\"application-manageresources-display-component---newResourceUnit--newRRUPage-anchBar-application-manageresources-display-component---newResourceUnit--control-anchor\"]"}
RESULT: {"using":"xpath","value":"//*[@id=\"application-manageresources-display-component---newResourceUnit--newRRUPage-anchBar-application-manageresources-display-component---newResourceUnit--control-anchor\"]"}
COMMAND: POST /session/3097350609915d1f0d0e7f0005360ed5/element/f.185E35FC6384979D85E72AD7E1746CD8.d.92FA09DB737AC5FC85A9CE77182B0C08.e.14221/click - {}
RESULT: {}
COMMAND: POST /session/3097350609915d1f0d0e7f0005360ed5/execute/async - {"script":"<script> [1562 bytes]","args":[{"selector":{"id":"application-manageresources-display-component---newResourceUnit--PLANNING_GROUP","interaction":{"idSuffix":"inner"}},"wdio_ui5_key":"applicationmanageresources-display-component---newResourceUnit--PLANNING_GROUP"}]}
COMMAND: GET /session/3097350609915d1f0d0e7f0005360ed5/screenshot - {}
RESULT: {"script":"<script> [1562 bytes]","args":[{"selector":{"id":"application-manageresources-display-component---newResourceUnit--PLANNING_GROUP","interaction":{"idSuffix":"inner"}},"wdio_ui5_key":"applicationmanageresources-display-component---newResourceUnit--PLANNING_GROUP"}]}
RESULT: undefined
COMMAND: POST /session/3097350609915d1f0d0e7f0005360ed5/execute/async - {"script":"<script> [776 bytes]","args":[{"enterText":"Heavy Equi","selector":{"id":"application-manageresources-display-component---newResourceUnit--PLANNING_GROUP","interaction":{"idSuffix":"inner"}},"clearTextFirst":true,"interactionType":"ENTER_TEXT"}]}
RESULT: {}
RESULT: {"script":"<script> [776 bytes]","args":[{"enterText":"Heavy Equi","selector":{"id":"application-manageresources-display-component---newResourceUnit--PLANNING_GROUP","interaction":{"idSuffix":"inner"}},"clearTextFirst":true,"interactionType":"ENTER_TEXT"}]}
COMMAND: POST /session/3097350609915d1f0d0e7f0005360ed5/execute/async - {"script":"<script> [1562 bytes]","args":[{"selector":{"id":"application-manageresources-display-component---newResourceUnit--ITEM_TYPE-arrow"},"wdio_ui5_key":"applicationmanageresources-display-component---newResourceUnit--ITEM_TYPE-arrow"}]}
RESULT: {"script":"<script> [1562 bytes]","args":[{"selector":{"id":"application-manageresources-display-component---newResourceUnit--ITEM_TYPE-arrow"},"wdio_ui5_key":"applicationmanageresources-display-component---newResourceUnit--ITEM_TYPE-arrow"}]}
RESULT: undefined
COMMAND: POST /session/3097350609915d1f0d0e7f0005360ed5/element - {"using":"xpath","value":"//*[@id=\"application-manageresources-display-component---newResourceUnit--ITEM_TYPE-arrow\"]"}
RESULT: {"using":"xpath","value":"//*[@id=\"application-manageresources-display-component---newResourceUnit--ITEM_TYPE-arrow\"]"}
COMMAND: POST /session/3097350609915d1f0d0e7f0005360ed5/element/f.185E35FC6384979D85E72AD7E1746CD8.d.92FA09DB737AC5FC85A9CE77182B0C08.e.14228/click - {}
RESULT: {}
COMMAND: POST /session/3097350609915d1f0d0e7f0005360ed5/element - {"using":"xpath","value":"(//span[contains(text(), \"Resource Unit\")])[2]"}
COMMAND: GET /session/3097350609915d1f0d0e7f0005360ed5/screenshot - {}
RESULT: {"using":"xpath","value":"(//span[contains(text(), \"Resource Unit\")])[2]"}
COMMAND: POST /session/3097350609915d1f0d0e7f0005360ed5/element/f.185E35FC6384979D85E72AD7E1746CD8.d.92FA09DB737AC5FC85A9CE77182B0C08.e.14229/click - {}
RESULT: {}
RESULT: {}
COMMAND: GET /session/3097350609915d1f0d0e7f0005360ed5/screenshot - {}
RESULT: {}
COMMAND: POST /session/3097350609915d1f0d0e7f0005360ed5/element - {"using":"css selector","value":"#application-manageresources-display-component---newResourceUnit--btnAddTimeSegment"}
RESULT: {"using":"css selector","value":"#application-manageresources-display-component---newResourceUnit--btnAddTimeSegment"}
COMMAND: GET /session/3097350609915d1f0d0e7f0005360ed5/element/f.185E35FC6384979D85E72AD7E1746CD8.d.92FA09DB737AC5FC85A9CE77182B0C08.e.14230/rect - {}
RESULT: {}
COMMAND: GET /session/3097350609915d1f0d0e7f0005360ed5/window/rect - {}
RESULT: {}
COMMAND: POST /session/3097350609915d1f0d0e7f0005360ed5/execute/sync - {"script":"<script> [92 bytes]","args":[]}
RESULT: {"script":"<script> [92 bytes]","args":[]}
COMMAND: POST /session/3097350609915d1f0d0e7f0005360ed5/actions - {"actions":[{"id":"action51","type":"wheel","parameters":{},"actions":[{"type":"scroll","x":-1888,"y":-32,"deltaX":0,"deltaY":0,"duration":0,"origin":{"element-6066-11e4-a52e-4f735466cecf":"f.185E35FC6384979D85E72AD7E1746CD8.d.92FA09DB737AC5FC85A9CE77182B0C08.e.14230"}}]}]}
COMMAND: GET /session/3097350609915d1f0d0e7f0005360ed5/screenshot - {}
RESULT: {}
COMMAND: POST /session/3097350609915d1f0d0e7f0005360ed5/execute/sync - {"script":"<script> [79 bytes]","args":[{"element-6066-11e4-a52e-4f735466cecf":"f.185E35FC6384979D85E72AD7E1746CD8.d.92FA09DB737AC5FC85A9CE77182B0C08.e.14230","ELEMENT":"f.185E35FC6384979D85E72AD7E1746CD8.d.92FA09DB737AC5FC85A9CE77182B0C08.e.14230"},{"block":"start","inline":"nearest"}]}
RESULT: {"script":"<script> [79 bytes]","args":[{"element-6066-11e4-a52e-4f735466cecf":"f.185E35FC6384979D85E72AD7E1746CD8.d.92FA09DB737AC5FC85A9CE77182B0C08.e.14230","ELEMENT":"f.185E35FC6384979D85E72AD7E1746CD8.d.92FA09DB737AC5FC85A9CE77182B0C08.e.14230"},{"block":"start","inline":"nearest"}]}
COMMAND: POST /session/3097350609915d1f0d0e7f0005360ed5/execute/async - {"script":"<script> [1562 bytes]","args":[{"selector":{"id":"application-manageresources-display-component---newResourceUnit--btnAddTimeSegment","interaction":{"idSuffix":"inner"}},"wdio_ui5_key":"applicationmanageresources-display-component---newResourceUnit--btnAddTimeSegment"}]}
COMMAND: GET /session/3097350609915d1f0d0e7f0005360ed5/screenshot - {}
RESULT: {"script":"<script> [1562 bytes]","args":[{"selector":{"id":"application-manageresources-display-component---newResourceUnit--btnAddTimeSegment","interaction":{"idSuffix":"inner"}},"wdio_ui5_key":"applicationmanageresources-display-component---newResourceUnit--btnAddTimeSegment"}]}
RESULT: undefined
COMMAND: POST /session/3097350609915d1f0d0e7f0005360ed5/element - {"using":"xpath","value":"//*[@id=\"application-manageresources-display-component---newResourceUnit--btnAddTimeSegment\"]"}
RESULT: {}
RESULT: {"using":"xpath","value":"//*[@id=\"application-manageresources-display-component---newResourceUnit--btnAddTimeSegment\"]"}
COMMAND: POST /session/3097350609915d1f0d0e7f0005360ed5/element/f.185E35FC6384979D85E72AD7E1746CD8.d.92FA09DB737AC5FC85A9CE77182B0C08.e.14230/click - {}
RESULT: {}
COMMAND: GET /session/3097350609915d1f0d0e7f0005360ed5/screenshot - {}
RESULT: {}
COMMAND: POST /session/3097350609915d1f0d0e7f0005360ed5/element - {"using":"xpath","value":"//input[@id=\"application-manageresources-display-component---newResourceUnit--idRuTSAdmin-application-manageresources-display-component---newResourceUnit--RUTimeSegment-0-inner\"]"}
RESULT: {"using":"xpath","value":"//input[@id=\"application-manageresources-display-component---newResourceUnit--idRuTSAdmin-application-manageresources-display-component---newResourceUnit--RUTimeSegment-0-inner\"]"}
COMMAND: POST /session/3097350609915d1f0d0e7f0005360ed5/element/f.185E35FC6384979D85E72AD7E1746CD8.d.92FA09DB737AC5FC85A9CE77182B0C08.e.14236/clear - {}
RESULT: {}
COMMAND: POST /session/3097350609915d1f0d0e7f0005360ed5/element/f.185E35FC6384979D85E72AD7E1746CD8.d.92FA09DB737AC5FC85A9CE77182B0C08.e.14236/value - {"text":"529"}
COMMAND: GET /session/3097350609915d1f0d0e7f0005360ed5/screenshot - {}
RESULT: {"text":"529"}
COMMAND: GET /session/3097350609915d1f0d0e7f0005360ed5/screenshot - {}
RESULT: {}
RESULT: {}
COMMAND: POST /session/3097350609915d1f0d0e7f0005360ed5/element - {"using":"xpath","value":"//li[.//span[text()='529']]"}
RESULT: {"using":"xpath","value":"//li[.//span[text()='529']]"}
COMMAND: POST /session/3097350609915d1f0d0e7f0005360ed5/element/f.185E35FC6384979D85E72AD7E1746CD8.d.92FA09DB737AC5FC85A9CE77182B0C08.e.14248/click - {}
RESULT: {}
COMMAND: GET /session/3097350609915d1f0d0e7f0005360ed5/screenshot - {}
RESULT: {}
COMMAND: POST /session/3097350609915d1f0d0e7f0005360ed5/element - {"using":"xpath","value":"(//span[contains(@id, \"-application-manageresources-display-component---newResourceUnit--RUTimeSegment-0-arrow\")])[6]"}
RESULT: {"using":"xpath","value":"(//span[contains(@id, \"-application-manageresources-display-component---newResourceUnit--RUTimeSegment-0-arrow\")])[6]"}
COMMAND: POST /session/3097350609915d1f0d0e7f0005360ed5/element/f.185E35FC6384979D85E72AD7E1746CD8.d.92FA09DB737AC5FC85A9CE77182B0C08.e.14249/click - {}
RESULT: {}
COMMAND: GET /session/3097350609915d1f0d0e7f0005360ed5/screenshot - {}
RESULT: {}
COMMAND: POST /session/3097350609915d1f0d0e7f0005360ed5/element - {"using":"xpath","value":"//span[contains(text(), \"PM Order\")]"}
RESULT: {"using":"xpath","value":"//span[contains(text(), \"PM Order\")]"}
COMMAND: POST /session/3097350609915d1f0d0e7f0005360ed5/element/f.185E35FC6384979D85E72AD7E1746CD8.d.92FA09DB737AC5FC85A9CE77182B0C08.e.14252/click - {}
RESULT: {}
COMMAND: GET /session/3097350609915d1f0d0e7f0005360ed5/screenshot - {}
RESULT: {}
COMMAND: POST /session/3097350609915d1f0d0e7f0005360ed5/element - {"using":"xpath","value":"(//span[contains(@id ,\"manageresources-display-component---newResourceUnit--RUTimeSegment-0-vhi\")])[1]"}
RESULT: {"using":"xpath","value":"(//span[contains(@id ,\"manageresources-display-component---newResourceUnit--RUTimeSegment-0-vhi\")])[1]"}
COMMAND: GET /session/3097350609915d1f0d0e7f0005360ed5/element/f.185E35FC6384979D85E72AD7E1746CD8.d.92FA09DB737AC5FC85A9CE77182B0C08.e.14256/rect - {}
RESULT: {}
COMMAND: GET /session/3097350609915d1f0d0e7f0005360ed5/window/rect - {}
RESULT: {}
COMMAND: POST /session/3097350609915d1f0d0e7f0005360ed5/execute/sync - {"script":"<script> [92 bytes]","args":[]}
RESULT: {"script":"<script> [92 bytes]","args":[]}
COMMAND: POST /session/3097350609915d1f0d0e7f0005360ed5/actions - {"actions":[{"id":"action52","type":"wheel","parameters":{},"actions":[{"type":"scroll","x":-869,"y":-24,"deltaX":0,"deltaY":0,"duration":0,"origin":{"element-6066-11e4-a52e-4f735466cecf":"f.185E35FC6384979D85E72AD7E1746CD8.d.92FA09DB737AC5FC85A9CE77182B0C08.e.14256"}}]}]}
COMMAND: GET /session/3097350609915d1f0d0e7f0005360ed5/screenshot - {}
RESULT: {"actions":[{"id":"action52","type":"wheel","parameters":{},"actions":[{"type":"scroll","x":-869,"y":-24,"deltaX":0,"deltaY":0,"duration":0,"origin":{"element-6066-11e4-a52e-4f735466cecf":"f.185E35FC6384979D85E72AD7E1746CD8.d.92FA09DB737AC5FC85A9CE77182B0C08.e.14256"}}]}]}
COMMAND: DELETE /session/3097350609915d1f0d0e7f0005360ed5/actions - {}
COMMAND: GET /session/3097350609915d1f0d0e7f0005360ed5/screenshot - {}
RESULT: {}
RESULT: {}
COMMAND: GET /session/3097350609915d1f0d0e7f0005360ed5/screenshot - {}
RESULT: {}
RESULT: {}
COMMAND: POST /session/3097350609915d1f0d0e7f0005360ed5/element/f.185E35FC6384979D85E72AD7E1746CD8.d.92FA09DB737AC5FC85A9CE77182B0C08.e.14256/click - {}
RESULT: {}
COMMAND: GET /session/3097350609915d1f0d0e7f0005360ed5/screenshot - {}
RESULT: {}
COMMAND: POST /session/3097350609915d1f0d0e7f0005360ed5/execute/async - {"script":"<script> [1562 bytes]","args":[{"selector":{"controlType":"sap.m.SearchField","properties":{"placeholder":"Search"},"searchOpenDialogs":true,"interaction":{"idSuffix":"I"}},"wdio_ui5_key":"sapm.SearchField{\"placeholder\":\"Search\"}"}]}
RESULT: {"script":"<script> [1562 bytes]","args":[{"selector":{"controlType":"sap.m.SearchField","properties":{"placeholder":"Search"},"searchOpenDialogs":true,"interaction":{"idSuffix":"I"}},"wdio_ui5_key":"sapm.SearchField{\"placeholder\":\"Search\"}"}]}
RESULT: undefined
COMMAND: POST /session/3097350609915d1f0d0e7f0005360ed5/execute/async - {"script":"<script> [776 bytes]","args":[{"enterText":"4000360","selector":{"controlType":"sap.m.SearchField","properties":{"placeholder":"Search"},"searchOpenDialogs":true,"interaction":{"idSuffix":"I"}},"clearTextFirst":true,"interactionType":"ENTER_TEXT"}]}
RESULT: {"script":"<script> [776 bytes]","args":[{"enterText":"4000360","selector":{"controlType":"sap.m.SearchField","properties":{"placeholder":"Search"},"searchOpenDialogs":true,"interaction":{"idSuffix":"I"}},"clearTextFirst":true,"interactionType":"ENTER_TEXT"}]}
COMMAND: POST /session/3097350609915d1f0d0e7f0005360ed5/actions - {"actions":[{"id":"action53","type":"key","parameters":{},"actions":[{"type":"keyDown","value":"î€‡"},{"type":"pause","duration":10},{"type":"keyUp","value":"î€‡"}]}]}
RESULT: {"actions":[{"id":"action53","type":"key","parameters":{},"actions":[{"type":"keyDown","value":"î€‡"},{"type":"pause","duration":10},{"type":"keyUp","value":"î€‡"}]}]}
COMMAND: GET /session/3097350609915d1f0d0e7f0005360ed5/screenshot - {}
RESULT: {}
COMMAND: POST /session/3097350609915d1f0d0e7f0005360ed5/element - {"using":"xpath","value":"//td/div/span[contains(text(), \"BGL Vehicles\")]"}
RESULT: {"using":"xpath","value":"//td/div/span[contains(text(), \"BGL Vehicles\")]"}
COMMAND: POST /session/3097350609915d1f0d0e7f0005360ed5/element/f.185E35FC6384979D85E72AD7E1746CD8.d.92FA09DB737AC5FC85A9CE77182B0C08.e.14277/click - {}
RESULT: {}
COMMAND: GET /session/3097350609915d1f0d0e7f0005360ed5/screenshot - {}
RESULT: {}
COMMAND: POST /session/3097350609915d1f0d0e7f0005360ed5/element - {"using":"xpath","value":"//bdi[contains(text(), \"OK\")]"}
RESULT: {"using":"xpath","value":"//bdi[contains(text(), \"OK\")]"}
COMMAND: POST /session/3097350609915d1f0d0e7f0005360ed5/element/f.185E35FC6384979D85E72AD7E1746CD8.d.92FA09DB737AC5FC85A9CE77182B0C08.e.14278/click - {}
RESULT: {}
COMMAND: GET /session/3097350609915d1f0d0e7f0005360ed5/screenshot - {}
RESULT: {}
COMMAND: POST /session/3097350609915d1f0d0e7f0005360ed5/execute/async - {"script":"<script> [1562 bytes]","args":[{"selector":{"id":"application-manageresources-display-component---newResourceUnit--newRRUPage-anchBar-application-manageresources-display-component---newResourceUnit--resource-anchor","interaction":{"idSuffix":"BDI-content"}},"wdio_ui5_key":"applicationmanageresources-display-component---newResourceUnit--newRRUPage-anchBar-application-manageresources-display-component---newResourceUnit--resource-anchor"}]}
RESULT: {"script":"<script> [1562 bytes]","args":[{"selector":{"id":"application-manageresources-display-component---newResourceUnit--newRRUPage-anchBar-application-manageresources-display-component---newResourceUnit--resource-anchor","interaction":{"idSuffix":"BDI-content"}},"wdio_ui5_key":"applicationmanageresources-display-component---newResourceUnit--newRRUPage-anchBar-application-manageresources-display-component---newResourceUnit--resource-anchor"}]}
RESULT: undefined
COMMAND: POST /session/3097350609915d1f0d0e7f0005360ed5/element - {"using":"xpath","value":"//*[@id=\"application-manageresources-display-component---newResourceUnit--newRRUPage-anchBar-application-manageresources-display-component---newResourceUnit--resource-anchor\"]"}
RESULT: {"using":"xpath","value":"//*[@id=\"application-manageresources-display-component---newResourceUnit--newRRUPage-anchBar-application-manageresources-display-component---newResourceUnit--resource-anchor\"]"}
COMMAND: POST /session/3097350609915d1f0d0e7f0005360ed5/element/f.185E35FC6384979D85E72AD7E1746CD8.d.92FA09DB737AC5FC85A9CE77182B0C08.e.14282/click - {}
RESULT: {}
COMMAND: POST /session/3097350609915d1f0d0e7f0005360ed5/execute/async - {"script":"<script> [1562 bytes]","args":[{"selector":{"id":"application-manageresources-display-component---newResourceUnit--PLANNED_DELIVERY_DATE","interaction":{"idSuffix":"inner"}},"wdio_ui5_key":"applicationmanageresources-display-component---newResourceUnit--PLANNED_DELIVERY_DATE"}]}
COMMAND: GET /session/3097350609915d1f0d0e7f0005360ed5/screenshot - {}
RESULT: {"script":"<script> [1562 bytes]","args":[{"selector":{"id":"application-manageresources-display-component---newResourceUnit--PLANNED_DELIVERY_DATE","interaction":{"idSuffix":"inner"}},"wdio_ui5_key":"applicationmanageresources-display-component---newResourceUnit--PLANNED_DELIVERY_DATE"}]}
RESULT: undefined
COMMAND: POST /session/3097350609915d1f0d0e7f0005360ed5/execute/async - {"script":"<script> [6424 bytes]","args":[{"element-6066-11e4-a52e-4f735466cecf":"f.185E35FC6384979D85E72AD7E1746CD8.d.92FA09DB737AC5FC85A9CE77182B0C08.e.14146"},"setValue",["5/18/25"]]}
RESULT: {}
RESULT: {"script":"<script> [6424 bytes]","args":[{"element-6066-11e4-a52e-4f735466cecf":"f.185E35FC6384979D85E72AD7E1746CD8.d.92FA09DB737AC5FC85A9CE77182B0C08.e.14146"},"setValue",["5/18/25"]]}
COMMAND: POST /session/3097350609915d1f0d0e7f0005360ed5/element - {"using":"xpath","value":"//label[contains(@class, 'sapMLabelRequired') and .//bdi[contains(text(), 'Planned Retirement')]]"}
RESULT: {"using":"xpath","value":"//label[contains(@class, 'sapMLabelRequired') and .//bdi[contains(text(), 'Planned Retirement')]]"}
COMMAND: POST /session/3097350609915d1f0d0e7f0005360ed5/elements - {"using":"xpath","value":"//label[contains(@class, 'sapMLabelRequired') and .//bdi[contains(text(), 'Planned Retirement')]]"}
RESULT: {"using":"xpath","value":"//label[contains(@class, 'sapMLabelRequired') and .//bdi[contains(text(), 'Planned Retirement')]]"}
COMMAND: POST /session/3097350609915d1f0d0e7f0005360ed5/element - {"using":"xpath","value":"//button[@data-kt=\"resourceUnitSaveButton\"]"}
RESULT: {"using":"xpath","value":"//button[@data-kt=\"resourceUnitSaveButton\"]"}
COMMAND: POST /session/3097350609915d1f0d0e7f0005360ed5/element/f.185E35FC6384979D85E72AD7E1746CD8.d.92FA09DB737AC5FC85A9CE77182B0C08.e.14106/click - {}
RESULT: {}
COMMAND: GET /session/3097350609915d1f0d0e7f0005360ed5/screenshot - {}
RESULT: {}
COMMAND: POST /session/3097350609915d1f0d0e7f0005360ed5/element - {"using":"xpath","value":"//bdi[contains(text(), \"Close\")]"}
RESULT: {"using":"xpath","value":"//bdi[contains(text(), \"Close\")]"}
COMMAND: POST /session/3097350609915d1f0d0e7f0005360ed5/element/f.185E35FC6384979D85E72AD7E1746CD8.d.92FA09DB737AC5FC85A9CE77182B0C08.e.14291/click - {}
RESULT: {}
COMMAND: GET /session/3097350609915d1f0d0e7f0005360ed5/screenshot - {}
RESULT: {}
COMMAND: POST /session/3097350609915d1f0d0e7f0005360ed5/element - {"using":"xpath","value":"(//button[contains(@id ,\"actionsToolbar-overflowButton\")])[1]"}
RESULT: {"using":"xpath","value":"(//button[contains(@id ,\"actionsToolbar-overflowButton\")])[1]"}
COMMAND: POST /session/3097350609915d1f0d0e7f0005360ed5/element/f.185E35FC6384979D85E72AD7E1746CD8.d.92FA09DB737AC5FC85A9CE77182B0C08.e.14323/click - {}
RESULT: {}
COMMAND: GET /session/3097350609915d1f0d0e7f0005360ed5/screenshot - {}
RESULT: {}
COMMAND: POST /session/3097350609915d1f0d0e7f0005360ed5/element - {"using":"xpath","value":"//button[@data-kt=\"priceInfoButton\"]"}
RESULT: {"using":"xpath","value":"//button[@data-kt=\"priceInfoButton\"]"}
COMMAND: POST /session/3097350609915d1f0d0e7f0005360ed5/element/f.185E35FC6384979D85E72AD7E1746CD8.d.92FA09DB737AC5FC85A9CE77182B0C08.e.14325/click - {}
RESULT: {}
COMMAND: GET /session/3097350609915d1f0d0e7f0005360ed5/screenshot - {}
RESULT: {}
]]></system-out>
    </testcase>
    <testcase classname="chrome.136_0_7103_93.windows.Performance_based_billing_(work_days)_US139742" name="Should create a pricing rule perf based on the equipment" time="49.744">
      <system-out><![CDATA[
COMMAND: POST /session/3097350609915d1f0d0e7f0005360ed5/element - {"using":"xpath","value":"//button[@data-kt=\"addButton\"]"}
RESULT: {"using":"xpath","value":"//button[@data-kt=\"addButton\"]"}
COMMAND: POST /session/3097350609915d1f0d0e7f0005360ed5/elements - {"using":"xpath","value":"//button[@data-kt=\"addButton\"]"}
RESULT: {"using":"xpath","value":"//button[@data-kt=\"addButton\"]"}
COMMAND: POST /session/3097350609915d1f0d0e7f0005360ed5/execute/sync - {"script":"<script> [8489 bytes]","args":[{"element-6066-11e4-a52e-4f735466cecf":"f.185E35FC6384979D85E72AD7E1746CD8.d.92FA09DB737AC5FC85A9CE77182B0C08.e.14361","ELEMENT":"f.185E35FC6384979D85E72AD7E1746CD8.d.92FA09DB737AC5FC85A9CE77182B0C08.e.14361"}]}
RESULT: {"script":"<script> [8489 bytes]","args":[{"element-6066-11e4-a52e-4f735466cecf":"f.185E35FC6384979D85E72AD7E1746CD8.d.92FA09DB737AC5FC85A9CE77182B0C08.e.14361","ELEMENT":"f.185E35FC6384979D85E72AD7E1746CD8.d.92FA09DB737AC5FC85A9CE77182B0C08.e.14361"}]}
COMMAND: GET /session/3097350609915d1f0d0e7f0005360ed5/element/f.185E35FC6384979D85E72AD7E1746CD8.d.92FA09DB737AC5FC85A9CE77182B0C08.e.14361/enabled - {}
COMMAND: GET /session/3097350609915d1f0d0e7f0005360ed5/screenshot - {}
RESULT: {}
COMMAND: POST /session/3097350609915d1f0d0e7f0005360ed5/execute/sync - {"script":"<script> [8489 bytes]","args":[{"element-6066-11e4-a52e-4f735466cecf":"f.185E35FC6384979D85E72AD7E1746CD8.d.92FA09DB737AC5FC85A9CE77182B0C08.e.14361","ELEMENT":"f.185E35FC6384979D85E72AD7E1746CD8.d.92FA09DB737AC5FC85A9CE77182B0C08.e.14361"}]}
COMMAND: GET /session/3097350609915d1f0d0e7f0005360ed5/screenshot - {}
RESULT: {}
RESULT: {"script":"<script> [8489 bytes]","args":[{"element-6066-11e4-a52e-4f735466cecf":"f.185E35FC6384979D85E72AD7E1746CD8.d.92FA09DB737AC5FC85A9CE77182B0C08.e.14361","ELEMENT":"f.185E35FC6384979D85E72AD7E1746CD8.d.92FA09DB737AC5FC85A9CE77182B0C08.e.14361"}]}
COMMAND: POST /session/3097350609915d1f0d0e7f0005360ed5/execute/sync - {"script":"<script> [5351 bytes]","args":[{"element-6066-11e4-a52e-4f735466cecf":"f.185E35FC6384979D85E72AD7E1746CD8.d.92FA09DB737AC5FC85A9CE77182B0C08.e.14361","ELEMENT":"f.185E35FC6384979D85E72AD7E1746CD8.d.92FA09DB737AC5FC85A9CE77182B0C08.e.14361"}]}
COMMAND: GET /session/3097350609915d1f0d0e7f0005360ed5/screenshot - {}
RESULT: {}
RESULT: {"script":"<script> [5351 bytes]","args":[{"element-6066-11e4-a52e-4f735466cecf":"f.185E35FC6384979D85E72AD7E1746CD8.d.92FA09DB737AC5FC85A9CE77182B0C08.e.14361","ELEMENT":"f.185E35FC6384979D85E72AD7E1746CD8.d.92FA09DB737AC5FC85A9CE77182B0C08.e.14361"}]}
COMMAND: POST /session/3097350609915d1f0d0e7f0005360ed5/element/f.185E35FC6384979D85E72AD7E1746CD8.d.92FA09DB737AC5FC85A9CE77182B0C08.e.14361/click - {}
COMMAND: GET /session/3097350609915d1f0d0e7f0005360ed5/screenshot - {}
RESULT: {}
RESULT: {}
COMMAND: GET /session/3097350609915d1f0d0e7f0005360ed5/screenshot - {}
RESULT: {}
RESULT: {}
COMMAND: POST /session/3097350609915d1f0d0e7f0005360ed5/execute/async - {"script":"<script> [1562 bytes]","args":[{"selector":{"controlType":"sap.m.Title","viewName":"etm.portal.ui.managepricingrules.view.NewItem","viewId":"application-managepricingrules-display-component---newInfoPriceItem","properties":{"text":"New Pricing Rules - Item Level"}},"wdio_ui5_key":"etmportal.ui.managepricingrules.view.NewItemsap.m.Title{\"text\":\"New Pricing Rules - Item Level\"}"}]}
RESULT: {"script":"<script> [1562 bytes]","args":[{"selector":{"controlType":"sap.m.Title","viewName":"etm.portal.ui.managepricingrules.view.NewItem","viewId":"application-managepricingrules-display-component---newInfoPriceItem","properties":{"text":"New Pricing Rules - Item Level"}},"wdio_ui5_key":"etmportal.ui.managepricingrules.view.NewItemsap.m.Title{\"text\":\"New Pricing Rules - Item Level\"}"}]}
RESULT: undefined
COMMAND: POST /session/3097350609915d1f0d0e7f0005360ed5/execute/async - {"script":"<script> [6424 bytes]","args":[{"element-6066-11e4-a52e-4f735466cecf":"f.185E35FC6384979D85E72AD7E1746CD8.d.92FA09DB737AC5FC85A9CE77182B0C08.e.14534"},"getText",[]]}
RESULT: {"script":"<script> [6424 bytes]","args":[{"element-6066-11e4-a52e-4f735466cecf":"f.185E35FC6384979D85E72AD7E1746CD8.d.92FA09DB737AC5FC85A9CE77182B0C08.e.14534"},"getText",[]]}
COMMAND: POST /session/3097350609915d1f0d0e7f0005360ed5/execute/async - {"script":"<script> [1562 bytes]","args":[{"selector":{"id":"application-managepricingrules-display-component---newInfoPriceItem--condValidTo","interaction":{"idSuffix":"inner"}},"wdio_ui5_key":"applicationmanagepricingrules-display-component---newInfoPriceItem--condValidTo"}]}
RESULT: {"script":"<script> [1562 bytes]","args":[{"selector":{"id":"application-managepricingrules-display-component---newInfoPriceItem--condValidTo","interaction":{"idSuffix":"inner"}},"wdio_ui5_key":"applicationmanagepricingrules-display-component---newInfoPriceItem--condValidTo"}]}
RESULT: undefined
COMMAND: POST /session/3097350609915d1f0d0e7f0005360ed5/execute/async - {"script":"<script> [776 bytes]","args":[{"enterText":"1/18/26","selector":{"id":"application-managepricingrules-display-component---newInfoPriceItem--condValidTo","interaction":{"idSuffix":"inner"}},"clearTextFirst":true,"interactionType":"ENTER_TEXT"}]}
RESULT: {"script":"<script> [776 bytes]","args":[{"enterText":"1/18/26","selector":{"id":"application-managepricingrules-display-component---newInfoPriceItem--condValidTo","interaction":{"idSuffix":"inner"}},"clearTextFirst":true,"interactionType":"ENTER_TEXT"}]}
COMMAND: POST /session/3097350609915d1f0d0e7f0005360ed5/execute/async - {"script":"<script> [1562 bytes]","args":[{"selector":{"id":"application-managepricingrules-display-component---newInfoPriceItem--billType-arrow"},"wdio_ui5_key":"applicationmanagepricingrules-display-component---newInfoPriceItem--billType-arrow"}]}
RESULT: {"script":"<script> [1562 bytes]","args":[{"selector":{"id":"application-managepricingrules-display-component---newInfoPriceItem--billType-arrow"},"wdio_ui5_key":"applicationmanagepricingrules-display-component---newInfoPriceItem--billType-arrow"}]}
RESULT: undefined
COMMAND: POST /session/3097350609915d1f0d0e7f0005360ed5/element - {"using":"xpath","value":"//*[@id=\"application-managepricingrules-display-component---newInfoPriceItem--billType-arrow\"]"}
RESULT: {"using":"xpath","value":"//*[@id=\"application-managepricingrules-display-component---newInfoPriceItem--billType-arrow\"]"}
COMMAND: POST /session/3097350609915d1f0d0e7f0005360ed5/element/f.185E35FC6384979D85E72AD7E1746CD8.d.92FA09DB737AC5FC85A9CE77182B0C08.e.14492/click - {}
RESULT: {}
COMMAND: POST /session/3097350609915d1f0d0e7f0005360ed5/element - {"using":"xpath","value":"//span[contains(text(), \"PB - Performance based\")]"}
COMMAND: GET /session/3097350609915d1f0d0e7f0005360ed5/screenshot - {}
RESULT: {"using":"xpath","value":"//span[contains(text(), \"PB - Performance based\")]"}
COMMAND: POST /session/3097350609915d1f0d0e7f0005360ed5/element/f.185E35FC6384979D85E72AD7E1746CD8.d.92FA09DB737AC5FC85A9CE77182B0C08.e.14536/click - {}
RESULT: {}
RESULT: {}
COMMAND: POST /session/3097350609915d1f0d0e7f0005360ed5/execute/async - {"script":"<script> [1562 bytes]","args":[{"selector":{"id":"application-managepricingrules-display-component---newInfoPriceItem--priceProc-arrow"},"wdio_ui5_key":"applicationmanagepricingrules-display-component---newInfoPriceItem--priceProc-arrow"}]}
COMMAND: GET /session/3097350609915d1f0d0e7f0005360ed5/screenshot - {}
RESULT: {"script":"<script> [1562 bytes]","args":[{"selector":{"id":"application-managepricingrules-display-component---newInfoPriceItem--priceProc-arrow"},"wdio_ui5_key":"applicationmanagepricingrules-display-component---newInfoPriceItem--priceProc-arrow"}]}
RESULT: undefined
COMMAND: POST /session/3097350609915d1f0d0e7f0005360ed5/element - {"using":"xpath","value":"//*[@id=\"application-managepricingrules-display-component---newInfoPriceItem--priceProc-arrow\"]"}
RESULT: {}
RESULT: {"using":"xpath","value":"//*[@id=\"application-managepricingrules-display-component---newInfoPriceItem--priceProc-arrow\"]"}
COMMAND: POST /session/3097350609915d1f0d0e7f0005360ed5/element/f.185E35FC6384979D85E72AD7E1746CD8.d.92FA09DB737AC5FC85A9CE77182B0C08.e.14499/click - {}
RESULT: {}
COMMAND: POST /session/3097350609915d1f0d0e7f0005360ed5/element - {"using":"xpath","value":"//span[contains(text(), \"PRF - Performance based\")]"}
COMMAND: GET /session/3097350609915d1f0d0e7f0005360ed5/screenshot - {}
RESULT: {"using":"xpath","value":"//span[contains(text(), \"PRF - Performance based\")]"}
COMMAND: POST /session/3097350609915d1f0d0e7f0005360ed5/element/f.185E35FC6384979D85E72AD7E1746CD8.d.92FA09DB737AC5FC85A9CE77182B0C08.e.14537/click - {}
RESULT: {}
RESULT: {}
COMMAND: POST /session/3097350609915d1f0d0e7f0005360ed5/execute/async - {"script":"<script> [1562 bytes]","args":[{"selector":{"id":"application-managepricingrules-display-component---newInfoPriceItem--calcBase-arrow"},"wdio_ui5_key":"applicationmanagepricingrules-display-component---newInfoPriceItem--calcBase-arrow"}]}
COMMAND: GET /session/3097350609915d1f0d0e7f0005360ed5/screenshot - {}
RESULT: {"script":"<script> [1562 bytes]","args":[{"selector":{"id":"application-managepricingrules-display-component---newInfoPriceItem--calcBase-arrow"},"wdio_ui5_key":"applicationmanagepricingrules-display-component---newInfoPriceItem--calcBase-arrow"}]}
RESULT: undefined
COMMAND: POST /session/3097350609915d1f0d0e7f0005360ed5/element - {"using":"xpath","value":"//*[@id=\"application-managepricingrules-display-component---newInfoPriceItem--calcBase-arrow\"]"}
RESULT: {}
RESULT: {"using":"xpath","value":"//*[@id=\"application-managepricingrules-display-component---newInfoPriceItem--calcBase-arrow\"]"}
COMMAND: POST /session/3097350609915d1f0d0e7f0005360ed5/element/f.185E35FC6384979D85E72AD7E1746CD8.d.92FA09DB737AC5FC85A9CE77182B0C08.e.14506/click - {}
RESULT: {}
COMMAND: GET /session/3097350609915d1f0d0e7f0005360ed5/screenshot - {}
RESULT: {}
COMMAND: POST /session/3097350609915d1f0d0e7f0005360ed5/element - {"using":"xpath","value":"//span[contains(text(), \"0007 - PB(work days)\")]"}
RESULT: {"using":"xpath","value":"//span[contains(text(), \"0007 - PB(work days)\")]"}
COMMAND: POST /session/3097350609915d1f0d0e7f0005360ed5/element/f.185E35FC6384979D85E72AD7E1746CD8.d.92FA09DB737AC5FC85A9CE77182B0C08.e.14538/click - {}
RESULT: {}
COMMAND: GET /session/3097350609915d1f0d0e7f0005360ed5/screenshot - {}
RESULT: {}
COMMAND: POST /session/3097350609915d1f0d0e7f0005360ed5/execute/async - {"script":"<script> [1562 bytes]","args":[{"selector":{"id":"application-managepricingrules-display-component---newInfoPriceItem--hoursMonth","interaction":{"idSuffix":"inner"}},"wdio_ui5_key":"applicationmanagepricingrules-display-component---newInfoPriceItem--hoursMonth"}]}
RESULT: {"script":"<script> [1562 bytes]","args":[{"selector":{"id":"application-managepricingrules-display-component---newInfoPriceItem--hoursMonth","interaction":{"idSuffix":"inner"}},"wdio_ui5_key":"applicationmanagepricingrules-display-component---newInfoPriceItem--hoursMonth"}]}
RESULT: undefined
COMMAND: POST /session/3097350609915d1f0d0e7f0005360ed5/execute/async - {"script":"<script> [776 bytes]","args":[{"enterText":"160","selector":{"id":"application-managepricingrules-display-component---newInfoPriceItem--hoursMonth","interaction":{"idSuffix":"inner"}},"clearTextFirst":true,"interactionType":"ENTER_TEXT"}]}
RESULT: {"script":"<script> [776 bytes]","args":[{"enterText":"160","selector":{"id":"application-managepricingrules-display-component---newInfoPriceItem--hoursMonth","interaction":{"idSuffix":"inner"}},"clearTextFirst":true,"interactionType":"ENTER_TEXT"}]}
COMMAND: POST /session/3097350609915d1f0d0e7f0005360ed5/element - {"using":"xpath","value":"//button[@data-kt=\"saveNewRuleButton\"]"}
RESULT: {"using":"xpath","value":"//button[@data-kt=\"saveNewRuleButton\"]"}
COMMAND: POST /session/3097350609915d1f0d0e7f0005360ed5/element/f.185E35FC6384979D85E72AD7E1746CD8.d.92FA09DB737AC5FC85A9CE77182B0C08.e.14526/click - {}
RESULT: {}
COMMAND: GET /session/3097350609915d1f0d0e7f0005360ed5/screenshot - {}
RESULT: {}
COMMAND: POST /session/3097350609915d1f0d0e7f0005360ed5/execute/async - {"script":"<script> [1562 bytes]","args":[{"selector":{"id":"application-managepricingrules-display-component---priceInfoItem--smartFilterBar-btnBasicSearch","interaction":{"idSuffix":"I"}},"wdio_ui5_key":"applicationmanagepricingrules-display-component---priceInfoItem--smartFilterBar-btnBasicSearch"}]}
RESULT: {"script":"<script> [1562 bytes]","args":[{"selector":{"id":"application-managepricingrules-display-component---priceInfoItem--smartFilterBar-btnBasicSearch","interaction":{"idSuffix":"I"}},"wdio_ui5_key":"applicationmanagepricingrules-display-component---priceInfoItem--smartFilterBar-btnBasicSearch"}]}
RESULT: undefined
COMMAND: POST /session/3097350609915d1f0d0e7f0005360ed5/execute/async - {"script":"<script> [776 bytes]","args":[{"enterText":"r1N3GANLKd","selector":{"id":"application-managepricingrules-display-component---priceInfoItem--smartFilterBar-btnBasicSearch","interaction":{"idSuffix":"I"}},"clearTextFirst":true,"interactionType":"ENTER_TEXT"}]}
RESULT: {"script":"<script> [776 bytes]","args":[{"enterText":"r1N3GANLKd","selector":{"id":"application-managepricingrules-display-component---priceInfoItem--smartFilterBar-btnBasicSearch","interaction":{"idSuffix":"I"}},"clearTextFirst":true,"interactionType":"ENTER_TEXT"}]}
COMMAND: POST /session/3097350609915d1f0d0e7f0005360ed5/actions - {"actions":[{"id":"action54","type":"key","parameters":{},"actions":[{"type":"keyDown","value":"î€‡"},{"type":"pause","duration":10},{"type":"keyUp","value":"î€‡"}]}]}
RESULT: {"actions":[{"id":"action54","type":"key","parameters":{},"actions":[{"type":"keyDown","value":"î€‡"},{"type":"pause","duration":10},{"type":"keyUp","value":"î€‡"}]}]}
COMMAND: GET /session/3097350609915d1f0d0e7f0005360ed5/screenshot - {}
RESULT: {}
COMMAND: POST /session/3097350609915d1f0d0e7f0005360ed5/element - {"using":"xpath","value":"//span[@id=\"application-managepricingrules-display-component---priceInfoItem--smartTable-header-inner\"]"}
RESULT: {"using":"xpath","value":"//span[@id=\"application-managepricingrules-display-component---priceInfoItem--smartTable-header-inner\"]"}
COMMAND: POST /session/3097350609915d1f0d0e7f0005360ed5/elements - {"using":"xpath","value":"//span[@id=\"application-managepricingrules-display-component---priceInfoItem--smartTable-header-inner\"]"}
RESULT: {"using":"xpath","value":"//span[@id=\"application-managepricingrules-display-component---priceInfoItem--smartTable-header-inner\"]"}
COMMAND: POST /session/3097350609915d1f0d0e7f0005360ed5/execute/sync - {"script":"<script> [56 bytes]","args":[{"element-6066-11e4-a52e-4f735466cecf":"f.185E35FC6384979D85E72AD7E1746CD8.d.92FA09DB737AC5FC85A9CE77182B0C08.e.14562","ELEMENT":"f.185E35FC6384979D85E72AD7E1746CD8.d.92FA09DB737AC5FC85A9CE77182B0C08.e.14562"}]}
RESULT: {"script":"<script> [56 bytes]","args":[{"element-6066-11e4-a52e-4f735466cecf":"f.185E35FC6384979D85E72AD7E1746CD8.d.92FA09DB737AC5FC85A9CE77182B0C08.e.14562","ELEMENT":"f.185E35FC6384979D85E72AD7E1746CD8.d.92FA09DB737AC5FC85A9CE77182B0C08.e.14562"}]}
COMMAND: POST /session/3097350609915d1f0d0e7f0005360ed5/element - {"using":"css selector","value":"#shell-header-logo"}
COMMAND: GET /session/3097350609915d1f0d0e7f0005360ed5/screenshot - {}
RESULT: {"using":"css selector","value":"#shell-header-logo"}
COMMAND: POST /session/3097350609915d1f0d0e7f0005360ed5/element/f.185E35FC6384979D85E72AD7E1746CD8.d.92FA09DB737AC5FC85A9CE77182B0C08.e.13888/click - {}
RESULT: {}
RESULT: {}
COMMAND: GET /session/3097350609915d1f0d0e7f0005360ed5/screenshot - {}
RESULT: {}
]]></system-out>
    </testcase>
    <testcase classname="chrome.136_0_7103_93.windows.Performance_based_billing_(work_days)_US139742" name="Should create a performance based billing condition on the equipment" time="64.562">
      <system-out><![CDATA[
COMMAND: POST /session/3097350609915d1f0d0e7f0005360ed5/execute/async - {"script":"<script> [1562 bytes]","args":[{"selector":{"controlType":"sap.m.GenericTile","properties":{"header":"Manage Conditions & Prices"}},"wdio_ui5_key":"sapm.GenericTile{\"header\":\"Manage Conditions & Prices\"}"}]}
RESULT: {"script":"<script> [1562 bytes]","args":[{"selector":{"controlType":"sap.m.GenericTile","properties":{"header":"Manage Conditions & Prices"}},"wdio_ui5_key":"sapm.GenericTile{\"header\":\"Manage Conditions & Prices\"}"}]}
RESULT: undefined
COMMAND: POST /session/3097350609915d1f0d0e7f0005360ed5/element - {"using":"xpath","value":"//*[@id=\"__tile53\"]"}
RESULT: {"using":"xpath","value":"//*[@id=\"__tile53\"]"}
COMMAND: POST /session/3097350609915d1f0d0e7f0005360ed5/element/f.185E35FC6384979D85E72AD7E1746CD8.d.92FA09DB737AC5FC85A9CE77182B0C08.e.13826/click - {}
RESULT: {}
COMMAND: GET /session/3097350609915d1f0d0e7f0005360ed5/screenshot - {}
RESULT: {}
COMMAND: POST /session/3097350609915d1f0d0e7f0005360ed5/elements - {"using":"xpath","value":"//span[text()='Error']"}
RESULT: {"using":"xpath","value":"//span[text()='Error']"}
COMMAND: POST /session/3097350609915d1f0d0e7f0005360ed5/element - {"using":"xpath","value":"//button[@aria-label=\"Create\"]"}
RESULT: {"using":"xpath","value":"//button[@aria-label=\"Create\"]"}
COMMAND: POST /session/3097350609915d1f0d0e7f0005360ed5/elements - {"using":"xpath","value":"//button[@aria-label=\"Create\"]"}
RESULT: {"using":"xpath","value":"//button[@aria-label=\"Create\"]"}
COMMAND: POST /session/3097350609915d1f0d0e7f0005360ed5/execute/sync - {"script":"<script> [8489 bytes]","args":[{"element-6066-11e4-a52e-4f735466cecf":"f.185E35FC6384979D85E72AD7E1746CD8.d.92FA09DB737AC5FC85A9CE77182B0C08.e.14597","ELEMENT":"f.185E35FC6384979D85E72AD7E1746CD8.d.92FA09DB737AC5FC85A9CE77182B0C08.e.14597"}]}
RESULT: {"script":"<script> [8489 bytes]","args":[{"element-6066-11e4-a52e-4f735466cecf":"f.185E35FC6384979D85E72AD7E1746CD8.d.92FA09DB737AC5FC85A9CE77182B0C08.e.14597","ELEMENT":"f.185E35FC6384979D85E72AD7E1746CD8.d.92FA09DB737AC5FC85A9CE77182B0C08.e.14597"}]}
COMMAND: GET /session/3097350609915d1f0d0e7f0005360ed5/element/f.185E35FC6384979D85E72AD7E1746CD8.d.92FA09DB737AC5FC85A9CE77182B0C08.e.14597/enabled - {}
COMMAND: GET /session/3097350609915d1f0d0e7f0005360ed5/screenshot - {}
RESULT: {}
COMMAND: POST /session/3097350609915d1f0d0e7f0005360ed5/execute/sync - {"script":"<script> [8489 bytes]","args":[{"element-6066-11e4-a52e-4f735466cecf":"f.185E35FC6384979D85E72AD7E1746CD8.d.92FA09DB737AC5FC85A9CE77182B0C08.e.14597","ELEMENT":"f.185E35FC6384979D85E72AD7E1746CD8.d.92FA09DB737AC5FC85A9CE77182B0C08.e.14597"}]}
COMMAND: GET /session/3097350609915d1f0d0e7f0005360ed5/screenshot - {}
RESULT: {}
RESULT: {"script":"<script> [8489 bytes]","args":[{"element-6066-11e4-a52e-4f735466cecf":"f.185E35FC6384979D85E72AD7E1746CD8.d.92FA09DB737AC5FC85A9CE77182B0C08.e.14597","ELEMENT":"f.185E35FC6384979D85E72AD7E1746CD8.d.92FA09DB737AC5FC85A9CE77182B0C08.e.14597"}]}
COMMAND: POST /session/3097350609915d1f0d0e7f0005360ed5/execute/sync - {"script":"<script> [5351 bytes]","args":[{"element-6066-11e4-a52e-4f735466cecf":"f.185E35FC6384979D85E72AD7E1746CD8.d.92FA09DB737AC5FC85A9CE77182B0C08.e.14597","ELEMENT":"f.185E35FC6384979D85E72AD7E1746CD8.d.92FA09DB737AC5FC85A9CE77182B0C08.e.14597"}]}
COMMAND: GET /session/3097350609915d1f0d0e7f0005360ed5/screenshot - {}
RESULT: {}
RESULT: {"script":"<script> [5351 bytes]","args":[{"element-6066-11e4-a52e-4f735466cecf":"f.185E35FC6384979D85E72AD7E1746CD8.d.92FA09DB737AC5FC85A9CE77182B0C08.e.14597","ELEMENT":"f.185E35FC6384979D85E72AD7E1746CD8.d.92FA09DB737AC5FC85A9CE77182B0C08.e.14597"}]}
COMMAND: POST /session/3097350609915d1f0d0e7f0005360ed5/element/f.185E35FC6384979D85E72AD7E1746CD8.d.92FA09DB737AC5FC85A9CE77182B0C08.e.14597/click - {}
COMMAND: GET /session/3097350609915d1f0d0e7f0005360ed5/screenshot - {}
RESULT: {}
RESULT: {}
COMMAND: GET /session/3097350609915d1f0d0e7f0005360ed5/screenshot - {}
RESULT: {}
RESULT: {}
COMMAND: POST /session/3097350609915d1f0d0e7f0005360ed5/actions - {"actions":[{"id":"action55","type":"key","parameters":{},"actions":[{"type":"keyDown","value":"î€‡"},{"type":"pause","duration":10},{"type":"keyUp","value":"î€‡"}]}]}
RESULT: {"actions":[{"id":"action55","type":"key","parameters":{},"actions":[{"type":"keyDown","value":"î€‡"},{"type":"pause","duration":10},{"type":"keyUp","value":"î€‡"}]}]}
COMMAND: GET /session/3097350609915d1f0d0e7f0005360ed5/screenshot - {}
RESULT: {}
COMMAND: POST /session/3097350609915d1f0d0e7f0005360ed5/execute/async - {"script":"<script> [1562 bytes]","args":[{"selector":{"id":"application-manageconditionprice-display-component---newCondition--condBillCond-arrow"},"wdio_ui5_key":"applicationmanageconditionprice-display-component---newCondition--condBillCond-arrow"}]}
RESULT: {"script":"<script> [1562 bytes]","args":[{"selector":{"id":"application-manageconditionprice-display-component---newCondition--condBillCond-arrow"},"wdio_ui5_key":"applicationmanageconditionprice-display-component---newCondition--condBillCond-arrow"}]}
RESULT: undefined
COMMAND: POST /session/3097350609915d1f0d0e7f0005360ed5/element - {"using":"xpath","value":"//*[@id=\"application-manageconditionprice-display-component---newCondition--condBillCond-arrow\"]"}
RESULT: {"using":"xpath","value":"//*[@id=\"application-manageconditionprice-display-component---newCondition--condBillCond-arrow\"]"}
COMMAND: POST /session/3097350609915d1f0d0e7f0005360ed5/element/f.185E35FC6384979D85E72AD7E1746CD8.d.92FA09DB737AC5FC85A9CE77182B0C08.e.14774/click - {}
RESULT: {}
COMMAND: GET /session/3097350609915d1f0d0e7f0005360ed5/screenshot - {}
RESULT: {}
COMMAND: POST /session/3097350609915d1f0d0e7f0005360ed5/element - {"using":"xpath","value":"//li[.//span[contains(text(), \"PC06 - Performance Price - fuel\")]]"}
RESULT: {"using":"xpath","value":"//li[.//span[contains(text(), \"PC06 - Performance Price - fuel\")]]"}
COMMAND: POST /session/3097350609915d1f0d0e7f0005360ed5/element/f.185E35FC6384979D85E72AD7E1746CD8.d.92FA09DB737AC5FC85A9CE77182B0C08.e.14777/click - {}
RESULT: {}
COMMAND: GET /session/3097350609915d1f0d0e7f0005360ed5/screenshot - {}
RESULT: {}
COMMAND: POST /session/3097350609915d1f0d0e7f0005360ed5/execute/async - {"script":"<script> [1562 bytes]","args":[{"selector":{"id":"application-manageconditionprice-display-component---newCondition--condValidTo","interaction":{"idSuffix":"inner"}},"wdio_ui5_key":"applicationmanageconditionprice-display-component---newCondition--condValidTo"}]}
RESULT: {"script":"<script> [1562 bytes]","args":[{"selector":{"id":"application-manageconditionprice-display-component---newCondition--condValidTo","interaction":{"idSuffix":"inner"}},"wdio_ui5_key":"applicationmanageconditionprice-display-component---newCondition--condValidTo"}]}
RESULT: undefined
COMMAND: POST /session/3097350609915d1f0d0e7f0005360ed5/execute/async - {"script":"<script> [776 bytes]","args":[{"enterText":"1/18/26","selector":{"id":"application-manageconditionprice-display-component---newCondition--condValidTo","interaction":{"idSuffix":"inner"}},"clearTextFirst":true,"interactionType":"ENTER_TEXT"}]}
RESULT: {"script":"<script> [776 bytes]","args":[{"enterText":"1/18/26","selector":{"id":"application-manageconditionprice-display-component---newCondition--condValidTo","interaction":{"idSuffix":"inner"}},"clearTextFirst":true,"interactionType":"ENTER_TEXT"}]}
COMMAND: POST /session/3097350609915d1f0d0e7f0005360ed5/element - {"using":"xpath","value":"//input[@id=\"application-manageconditionprice-display-component---newCondition--condRU-inner\"]"}
RESULT: {"using":"xpath","value":"//input[@id=\"application-manageconditionprice-display-component---newCondition--condRU-inner\"]"}
COMMAND: POST /session/3097350609915d1f0d0e7f0005360ed5/element/f.185E35FC6384979D85E72AD7E1746CD8.d.92FA09DB737AC5FC85A9CE77182B0C08.e.14639/clear - {}
RESULT: {}
COMMAND: POST /session/3097350609915d1f0d0e7f0005360ed5/element/f.185E35FC6384979D85E72AD7E1746CD8.d.92FA09DB737AC5FC85A9CE77182B0C08.e.14639/value - {"text":"r1N3GANLKd"}
COMMAND: GET /session/3097350609915d1f0d0e7f0005360ed5/screenshot - {}
RESULT: {"text":"r1N3GANLKd"}
COMMAND: GET /session/3097350609915d1f0d0e7f0005360ed5/screenshot - {}
RESULT: {}
RESULT: {}
COMMAND: POST /session/3097350609915d1f0d0e7f0005360ed5/actions - {"actions":[{"id":"action56","type":"key","parameters":{},"actions":[{"type":"keyDown","value":"î€‡"},{"type":"pause","duration":10},{"type":"keyUp","value":"î€‡"}]}]}
RESULT: {"actions":[{"id":"action56","type":"key","parameters":{},"actions":[{"type":"keyDown","value":"î€‡"},{"type":"pause","duration":10},{"type":"keyUp","value":"î€‡"}]}]}
COMMAND: POST /session/3097350609915d1f0d0e7f0005360ed5/execute/async - {"script":"<script> [1562 bytes]","args":[{"selector":{"id":"application-manageconditionprice-display-component---newCondition--condBaseQty","interaction":{"idSuffix":"inner"}},"wdio_ui5_key":"applicationmanageconditionprice-display-component---newCondition--condBaseQty"}]}
COMMAND: GET /session/3097350609915d1f0d0e7f0005360ed5/screenshot - {}
RESULT: {"script":"<script> [1562 bytes]","args":[{"selector":{"id":"application-manageconditionprice-display-component---newCondition--condBaseQty","interaction":{"idSuffix":"inner"}},"wdio_ui5_key":"applicationmanageconditionprice-display-component---newCondition--condBaseQty"}]}
RESULT: undefined
COMMAND: POST /session/3097350609915d1f0d0e7f0005360ed5/execute/async - {"script":"<script> [776 bytes]","args":[{"enterText":"1","selector":{"id":"application-manageconditionprice-display-component---newCondition--condBaseQty","interaction":{"idSuffix":"inner"}},"clearTextFirst":true,"interactionType":"ENTER_TEXT"}]}
RESULT: {}
RESULT: {"script":"<script> [776 bytes]","args":[{"enterText":"1","selector":{"id":"application-manageconditionprice-display-component---newCondition--condBaseQty","interaction":{"idSuffix":"inner"}},"clearTextFirst":true,"interactionType":"ENTER_TEXT"}]}
COMMAND: POST /session/3097350609915d1f0d0e7f0005360ed5/execute/async - {"script":"<script> [1562 bytes]","args":[{"selector":{"id":"application-manageconditionprice-display-component---newCondition--condValue","interaction":{"idSuffix":"inner"}},"wdio_ui5_key":"applicationmanageconditionprice-display-component---newCondition--condValue"}]}
RESULT: {"script":"<script> [1562 bytes]","args":[{"selector":{"id":"application-manageconditionprice-display-component---newCondition--condValue","interaction":{"idSuffix":"inner"}},"wdio_ui5_key":"applicationmanageconditionprice-display-component---newCondition--condValue"}]}
RESULT: undefined
COMMAND: POST /session/3097350609915d1f0d0e7f0005360ed5/execute/async - {"script":"<script> [776 bytes]","args":[{"enterText":"10","selector":{"id":"application-manageconditionprice-display-component---newCondition--condValue","interaction":{"idSuffix":"inner"}},"clearTextFirst":true,"interactionType":"ENTER_TEXT"}]}
RESULT: {"script":"<script> [776 bytes]","args":[{"enterText":"10","selector":{"id":"application-manageconditionprice-display-component---newCondition--condValue","interaction":{"idSuffix":"inner"}},"clearTextFirst":true,"interactionType":"ENTER_TEXT"}]}
COMMAND: POST /session/3097350609915d1f0d0e7f0005360ed5/execute/async - {"script":"<script> [1562 bytes]","args":[{"selector":{"id":"application-manageconditionprice-display-component---newCondition--condCurr-arrow"},"wdio_ui5_key":"applicationmanageconditionprice-display-component---newCondition--condCurr-arrow"}]}
RESULT: {"script":"<script> [1562 bytes]","args":[{"selector":{"id":"application-manageconditionprice-display-component---newCondition--condCurr-arrow"},"wdio_ui5_key":"applicationmanageconditionprice-display-component---newCondition--condCurr-arrow"}]}
RESULT: undefined
COMMAND: POST /session/3097350609915d1f0d0e7f0005360ed5/element - {"using":"xpath","value":"//*[@id=\"application-manageconditionprice-display-component---newCondition--condCurr-arrow\"]"}
RESULT: {"using":"xpath","value":"//*[@id=\"application-manageconditionprice-display-component---newCondition--condCurr-arrow\"]"}
COMMAND: POST /session/3097350609915d1f0d0e7f0005360ed5/element/f.185E35FC6384979D85E72AD7E1746CD8.d.92FA09DB737AC5FC85A9CE77182B0C08.e.14756/click - {}
RESULT: {}
COMMAND: POST /session/3097350609915d1f0d0e7f0005360ed5/element - {"using":"xpath","value":"//span[contains(text(), \"Euro\")]"}
COMMAND: GET /session/3097350609915d1f0d0e7f0005360ed5/screenshot - {}
RESULT: {"using":"xpath","value":"//span[contains(text(), \"Euro\")]"}
COMMAND: POST /session/3097350609915d1f0d0e7f0005360ed5/element/f.185E35FC6384979D85E72AD7E1746CD8.d.92FA09DB737AC5FC85A9CE77182B0C08.e.14812/click - {}
RESULT: {}
RESULT: {}
COMMAND: POST /session/3097350609915d1f0d0e7f0005360ed5/element - {"using":"xpath","value":"//button[@data-kt=\"saveButton\"]"}
COMMAND: GET /session/3097350609915d1f0d0e7f0005360ed5/screenshot - {}
RESULT: {"using":"xpath","value":"//button[@data-kt=\"saveButton\"]"}
COMMAND: POST /session/3097350609915d1f0d0e7f0005360ed5/element/f.185E35FC6384979D85E72AD7E1746CD8.d.92FA09DB737AC5FC85A9CE77182B0C08.e.14757/click - {}
RESULT: {}
RESULT: {}
COMMAND: GET /session/3097350609915d1f0d0e7f0005360ed5/screenshot - {}
RESULT: {}
COMMAND: POST /session/3097350609915d1f0d0e7f0005360ed5/execute/async - {"script":"<script> [1562 bytes]","args":[{"selector":{"id":"application-manageconditionprice-display-component---conditions--smartFilterBar-btnBasicSearch","interaction":{"idSuffix":"I"}},"wdio_ui5_key":"applicationmanageconditionprice-display-component---conditions--smartFilterBar-btnBasicSearch"}]}
RESULT: {"script":"<script> [1562 bytes]","args":[{"selector":{"id":"application-manageconditionprice-display-component---conditions--smartFilterBar-btnBasicSearch","interaction":{"idSuffix":"I"}},"wdio_ui5_key":"applicationmanageconditionprice-display-component---conditions--smartFilterBar-btnBasicSearch"}]}
RESULT: undefined
COMMAND: POST /session/3097350609915d1f0d0e7f0005360ed5/execute/async - {"script":"<script> [776 bytes]","args":[{"enterText":"r1N3GANLKd","selector":{"id":"application-manageconditionprice-display-component---conditions--smartFilterBar-btnBasicSearch","interaction":{"idSuffix":"I"}},"clearTextFirst":true,"interactionType":"ENTER_TEXT"}]}
RESULT: {"script":"<script> [776 bytes]","args":[{"enterText":"r1N3GANLKd","selector":{"id":"application-manageconditionprice-display-component---conditions--smartFilterBar-btnBasicSearch","interaction":{"idSuffix":"I"}},"clearTextFirst":true,"interactionType":"ENTER_TEXT"}]}
COMMAND: POST /session/3097350609915d1f0d0e7f0005360ed5/actions - {"actions":[{"id":"action57","type":"key","parameters":{},"actions":[{"type":"keyDown","value":"î€‡"},{"type":"pause","duration":10},{"type":"keyUp","value":"î€‡"}]}]}
RESULT: {"actions":[{"id":"action57","type":"key","parameters":{},"actions":[{"type":"keyDown","value":"î€‡"},{"type":"pause","duration":10},{"type":"keyUp","value":"î€‡"}]}]}
COMMAND: GET /session/3097350609915d1f0d0e7f0005360ed5/screenshot - {}
RESULT: {}
COMMAND: POST /session/3097350609915d1f0d0e7f0005360ed5/execute/async - {"script":"<script> [1562 bytes]","args":[{"selector":{"id":"application-manageconditionprice-display-component---conditions--smartFilterBar-filterItemControl_BASIC-BILL_TYPES-vhi"},"wdio_ui5_key":"applicationmanageconditionprice-display-component---conditions--smartFilterBar-filterItemControl_BASIC-BILL_TYPES-vhi"}]}
RESULT: {"script":"<script> [1562 bytes]","args":[{"selector":{"id":"application-manageconditionprice-display-component---conditions--smartFilterBar-filterItemControl_BASIC-BILL_TYPES-vhi"},"wdio_ui5_key":"applicationmanageconditionprice-display-component---conditions--smartFilterBar-filterItemControl_BASIC-BILL_TYPES-vhi"}]}
RESULT: undefined
COMMAND: POST /session/3097350609915d1f0d0e7f0005360ed5/element - {"using":"xpath","value":"//*[@id=\"application-manageconditionprice-display-component---conditions--smartFilterBar-filterItemControl_BASIC-BILL_TYPES-vhi\"]"}
RESULT: {"using":"xpath","value":"//*[@id=\"application-manageconditionprice-display-component---conditions--smartFilterBar-filterItemControl_BASIC-BILL_TYPES-vhi\"]"}
COMMAND: POST /session/3097350609915d1f0d0e7f0005360ed5/element/f.185E35FC6384979D85E72AD7E1746CD8.d.92FA09DB737AC5FC85A9CE77182B0C08.e.14828/click - {}
RESULT: {}
COMMAND: POST /session/3097350609915d1f0d0e7f0005360ed5/execute/async - {"script":"<script> [1562 bytes]","args":[{"selector":{"id":"application-manageconditionprice-display-component---conditions--smartFilterBar-filterItemControl_BASIC-BILL_TYPES-valueHelpDialog-smartFilterBar-btnBasicSearch","searchOpenDialogs":true,"interaction":{"idSuffix":"I"}},"wdio_ui5_key":"applicationmanageconditionprice-display-component---conditions--smartFilterBar-filterItemControl_BASIC-BILL_TYPES-valueHelpDialog-smartFilterBar-btnBasicSearch"}]}
COMMAND: GET /session/3097350609915d1f0d0e7f0005360ed5/screenshot - {}
RESULT: {"script":"<script> [1562 bytes]","args":[{"selector":{"id":"application-manageconditionprice-display-component---conditions--smartFilterBar-filterItemControl_BASIC-BILL_TYPES-valueHelpDialog-smartFilterBar-btnBasicSearch","searchOpenDialogs":true,"interaction":{"idSuffix":"I"}},"wdio_ui5_key":"applicationmanageconditionprice-display-component---conditions--smartFilterBar-filterItemControl_BASIC-BILL_TYPES-valueHelpDialog-smartFilterBar-btnBasicSearch"}]}
RESULT: undefined
COMMAND: POST /session/3097350609915d1f0d0e7f0005360ed5/execute/async - {"script":"<script> [776 bytes]","args":[{"enterText":"PB","selector":{"id":"application-manageconditionprice-display-component---conditions--smartFilterBar-filterItemControl_BASIC-BILL_TYPES-valueHelpDialog-smartFilterBar-btnBasicSearch","searchOpenDialogs":true,"interaction":{"idSuffix":"I"}},"clearTextFirst":true,"interactionType":"ENTER_TEXT"}]}
RESULT: {}
RESULT: {"script":"<script> [776 bytes]","args":[{"enterText":"PB","selector":{"id":"application-manageconditionprice-display-component---conditions--smartFilterBar-filterItemControl_BASIC-BILL_TYPES-valueHelpDialog-smartFilterBar-btnBasicSearch","searchOpenDialogs":true,"interaction":{"idSuffix":"I"}},"clearTextFirst":true,"interactionType":"ENTER_TEXT"}]}
COMMAND: POST /session/3097350609915d1f0d0e7f0005360ed5/actions - {"actions":[{"id":"action58","type":"key","parameters":{},"actions":[{"type":"keyDown","value":"î€‡"},{"type":"pause","duration":10},{"type":"keyUp","value":"î€‡"}]}]}
RESULT: {"actions":[{"id":"action58","type":"key","parameters":{},"actions":[{"type":"keyDown","value":"î€‡"},{"type":"pause","duration":10},{"type":"keyUp","value":"î€‡"}]}]}
COMMAND: GET /session/3097350609915d1f0d0e7f0005360ed5/screenshot - {}
RESULT: {}
COMMAND: POST /session/3097350609915d1f0d0e7f0005360ed5/element - {"using":"xpath","value":"//div[contains(@id, 'application-manageconditionprice-display-component---conditions--smartFilterBar-filterItemControl_BASIC-BILL_TYPES-valueHelpDialog-table-rowsel0')]"}
RESULT: {"using":"xpath","value":"//div[contains(@id, 'application-manageconditionprice-display-component---conditions--smartFilterBar-filterItemControl_BASIC-BILL_TYPES-valueHelpDialog-table-rowsel0')]"}
COMMAND: POST /session/3097350609915d1f0d0e7f0005360ed5/element/f.185E35FC6384979D85E72AD7E1746CD8.d.92FA09DB737AC5FC85A9CE77182B0C08.e.14837/click - {}
RESULT: {}
COMMAND: GET /session/3097350609915d1f0d0e7f0005360ed5/screenshot - {}
RESULT: {}
COMMAND: POST /session/3097350609915d1f0d0e7f0005360ed5/element - {"using":"xpath","value":"//bdi[contains(text(), \"OK\")]"}
RESULT: {"using":"xpath","value":"//bdi[contains(text(), \"OK\")]"}
COMMAND: POST /session/3097350609915d1f0d0e7f0005360ed5/element/f.185E35FC6384979D85E72AD7E1746CD8.d.92FA09DB737AC5FC85A9CE77182B0C08.e.14839/click - {}
RESULT: {}
COMMAND: GET /session/3097350609915d1f0d0e7f0005360ed5/screenshot - {}
RESULT: {}
COMMAND: POST /session/3097350609915d1f0d0e7f0005360ed5/element - {"using":"xpath","value":"//span[@id=\"application-manageconditionprice-display-component---conditions--smartTable-header-inner\"]"}
RESULT: {"using":"xpath","value":"//span[@id=\"application-manageconditionprice-display-component---conditions--smartTable-header-inner\"]"}
COMMAND: POST /session/3097350609915d1f0d0e7f0005360ed5/elements - {"using":"xpath","value":"//span[@id=\"application-manageconditionprice-display-component---conditions--smartTable-header-inner\"]"}
RESULT: {"using":"xpath","value":"//span[@id=\"application-manageconditionprice-display-component---conditions--smartTable-header-inner\"]"}
COMMAND: POST /session/3097350609915d1f0d0e7f0005360ed5/execute/sync - {"script":"<script> [56 bytes]","args":[{"element-6066-11e4-a52e-4f735466cecf":"f.185E35FC6384979D85E72AD7E1746CD8.d.92FA09DB737AC5FC85A9CE77182B0C08.e.14842","ELEMENT":"f.185E35FC6384979D85E72AD7E1746CD8.d.92FA09DB737AC5FC85A9CE77182B0C08.e.14842"}]}
RESULT: {"script":"<script> [56 bytes]","args":[{"element-6066-11e4-a52e-4f735466cecf":"f.185E35FC6384979D85E72AD7E1746CD8.d.92FA09DB737AC5FC85A9CE77182B0C08.e.14842","ELEMENT":"f.185E35FC6384979D85E72AD7E1746CD8.d.92FA09DB737AC5FC85A9CE77182B0C08.e.14842"}]}
COMMAND: POST /session/3097350609915d1f0d0e7f0005360ed5/element - {"using":"css selector","value":"#shell-header-logo"}
COMMAND: GET /session/3097350609915d1f0d0e7f0005360ed5/screenshot - {}
RESULT: {"using":"css selector","value":"#shell-header-logo"}
COMMAND: POST /session/3097350609915d1f0d0e7f0005360ed5/element/f.185E35FC6384979D85E72AD7E1746CD8.d.92FA09DB737AC5FC85A9CE77182B0C08.e.14565/click - {}
RESULT: {}
RESULT: {}
COMMAND: GET /session/3097350609915d1f0d0e7f0005360ed5/screenshot - {}
RESULT: {}
]]></system-out>
    </testcase>
    <testcase classname="chrome.136_0_7103_93.windows.Performance_based_billing_(work_days)_US139742" name="Should add a counter to the equipment" time="54.63">
      <system-out><![CDATA[
RESULT: undefined
COMMAND: POST /session/3097350609915d1f0d0e7f0005360ed5/element - {"using":"xpath","value":"//*[@id=\"__tile39\"]"}
RESULT: {"using":"xpath","value":"//*[@id=\"__tile39\"]"}
COMMAND: POST /session/3097350609915d1f0d0e7f0005360ed5/element/f.185E35FC6384979D85E72AD7E1746CD8.d.92FA09DB737AC5FC85A9CE77182B0C08.e.13780/click - {}
RESULT: {}
COMMAND: GET /session/3097350609915d1f0d0e7f0005360ed5/screenshot - {}
RESULT: {}
COMMAND: POST /session/3097350609915d1f0d0e7f0005360ed5/elements - {"using":"xpath","value":"//span[text()='Error']"}
RESULT: {"using":"xpath","value":"//span[text()='Error']"}
COMMAND: POST /session/3097350609915d1f0d0e7f0005360ed5/execute/async - {"script":"<script> [1562 bytes]","args":[{"selector":{"id":"application-manageresources-display-component---masterRU--smartFilterBar-btnBasicSearch","interaction":{"idSuffix":"I"}},"wdio_ui5_key":"applicationmanageresources-display-component---masterRU--smartFilterBar-btnBasicSearch"}]}
RESULT: {"script":"<script> [1562 bytes]","args":[{"selector":{"id":"application-manageresources-display-component---masterRU--smartFilterBar-btnBasicSearch","interaction":{"idSuffix":"I"}},"wdio_ui5_key":"applicationmanageresources-display-component---masterRU--smartFilterBar-btnBasicSearch"}]}
RESULT: undefined
COMMAND: POST /session/3097350609915d1f0d0e7f0005360ed5/execute/async - {"script":"<script> [776 bytes]","args":[{"enterText":"r1N3GANLKd","selector":{"id":"application-manageresources-display-component---masterRU--smartFilterBar-btnBasicSearch","interaction":{"idSuffix":"I"}},"clearTextFirst":true,"interactionType":"ENTER_TEXT"}]}
RESULT: {"script":"<script> [776 bytes]","args":[{"enterText":"r1N3GANLKd","selector":{"id":"application-manageresources-display-component---masterRU--smartFilterBar-btnBasicSearch","interaction":{"idSuffix":"I"}},"clearTextFirst":true,"interactionType":"ENTER_TEXT"}]}
COMMAND: POST /session/3097350609915d1f0d0e7f0005360ed5/actions - {"actions":[{"id":"action59","type":"key","parameters":{},"actions":[{"type":"keyDown","value":"î€‡"},{"type":"pause","duration":10},{"type":"keyUp","value":"î€‡"}]}]}
RESULT: {"actions":[{"id":"action59","type":"key","parameters":{},"actions":[{"type":"keyDown","value":"î€‡"},{"type":"pause","duration":10},{"type":"keyUp","value":"î€‡"}]}]}
COMMAND: GET /session/3097350609915d1f0d0e7f0005360ed5/screenshot - {}
RESULT: {}
COMMAND: POST /session/3097350609915d1f0d0e7f0005360ed5/execute/async - {"script":"<script> [1562 bytes]","args":[{"selector":{"id":"application-manageresources-display-component---masterRU--smartTable-header"},"wdio_ui5_key":"applicationmanageresources-display-component---masterRU--smartTable-header"}]}
RESULT: {"script":"<script> [1562 bytes]","args":[{"selector":{"id":"application-manageresources-display-component---masterRU--smartTable-header"},"wdio_ui5_key":"applicationmanageresources-display-component---masterRU--smartTable-header"}]}
RESULT: undefined
COMMAND: POST /session/3097350609915d1f0d0e7f0005360ed5/execute/async - {"script":"<script> [6424 bytes]","args":[{"element-6066-11e4-a52e-4f735466cecf":"f.185E35FC6384979D85E72AD7E1746CD8.d.92FA09DB737AC5FC85A9CE77182B0C08.e.15030"},"getText",[]]}
RESULT: {"script":"<script> [6424 bytes]","args":[{"element-6066-11e4-a52e-4f735466cecf":"f.185E35FC6384979D85E72AD7E1746CD8.d.92FA09DB737AC5FC85A9CE77182B0C08.e.15030"},"getText",[]]}
COMMAND: POST /session/3097350609915d1f0d0e7f0005360ed5/execute/async - {"script":"<script> [1562 bytes]","args":[{"selector":{"controlType":"sap.ui.core.Icon","viewName":"etm.portal.ui.manageresources.view.Master","viewId":"application-manageresources-display-component---masterRU","properties":{"src":{"regex":{"source":"slim\\-arrow\\-right"}}}},"wdio_ui5_key":"etmportal.ui.manageresources.view.Mastersap.ui.core.Icon{\"src\":{\"regex\":{\"source\":\"slim\\\\-arrow\\\\-right\"}}}"}]}
RESULT: {"script":"<script> [1562 bytes]","args":[{"selector":{"controlType":"sap.ui.core.Icon","viewName":"etm.portal.ui.manageresources.view.Master","viewId":"application-manageresources-display-component---masterRU","properties":{"src":{"regex":{"source":"slim\\-arrow\\-right"}}}},"wdio_ui5_key":"etmportal.ui.manageresources.view.Mastersap.ui.core.Icon{\"src\":{\"regex\":{\"source\":\"slim\\\\-arrow\\\\-right\"}}}"}]}
RESULT: undefined
COMMAND: POST /session/3097350609915d1f0d0e7f0005360ed5/element - {"using":"xpath","value":"//*[@id=\"__item1029-__clone2594-imgNav\"]"}
RESULT: {"using":"xpath","value":"//*[@id=\"__item1029-__clone2594-imgNav\"]"}
COMMAND: POST /session/3097350609915d1f0d0e7f0005360ed5/element/f.185E35FC6384979D85E72AD7E1746CD8.d.92FA09DB737AC5FC85A9CE77182B0C08.e.15029/click - {}
RESULT: {}
COMMAND: GET /session/3097350609915d1f0d0e7f0005360ed5/screenshot - {}
COMMAND: POST /session/3097350609915d1f0d0e7f0005360ed5/element - {"using":"xpath","value":"//bdi[contains(text(), \"Edit\")]"}
RESULT: {}
RESULT: {"using":"xpath","value":"//bdi[contains(text(), \"Edit\")]"}
COMMAND: POST /session/3097350609915d1f0d0e7f0005360ed5/execute/sync - {"script":"<script> [8489 bytes]","args":[{"element-6066-11e4-a52e-4f735466cecf":"f.185E35FC6384979D85E72AD7E1746CD8.d.92FA09DB737AC5FC85A9CE77182B0C08.e.15125","ELEMENT":"f.185E35FC6384979D85E72AD7E1746CD8.d.92FA09DB737AC5FC85A9CE77182B0C08.e.15125"}]}
RESULT: {"script":"<script> [8489 bytes]","args":[{"element-6066-11e4-a52e-4f735466cecf":"f.185E35FC6384979D85E72AD7E1746CD8.d.92FA09DB737AC5FC85A9CE77182B0C08.e.15125","ELEMENT":"f.185E35FC6384979D85E72AD7E1746CD8.d.92FA09DB737AC5FC85A9CE77182B0C08.e.15125"}]}
COMMAND: POST /session/3097350609915d1f0d0e7f0005360ed5/element/f.185E35FC6384979D85E72AD7E1746CD8.d.92FA09DB737AC5FC85A9CE77182B0C08.e.15125/click - {}
COMMAND: GET /session/3097350609915d1f0d0e7f0005360ed5/screenshot - {}
RESULT: {}
COMMAND: GET /session/3097350609915d1f0d0e7f0005360ed5/screenshot - {}
RESULT: {}
RESULT: {}
COMMAND: POST /session/3097350609915d1f0d0e7f0005360ed5/execute/async - {"script":"<script> [1562 bytes]","args":[{"selector":{"id":"application-manageresources-display-component---editResource--editRruPage-anchBar-application-manageresources-display-component---editResource--counters-anchor","interaction":{"idSuffix":"BDI-content"}},"wdio_ui5_key":"applicationmanageresources-display-component---editResource--editRruPage-anchBar-application-manageresources-display-component---editResource--counters-anchor"}]}
RESULT: {"script":"<script> [1562 bytes]","args":[{"selector":{"id":"application-manageresources-display-component---editResource--editRruPage-anchBar-application-manageresources-display-component---editResource--counters-anchor","interaction":{"idSuffix":"BDI-content"}},"wdio_ui5_key":"applicationmanageresources-display-component---editResource--editRruPage-anchBar-application-manageresources-display-component---editResource--counters-anchor"}]}
RESULT: undefined
COMMAND: POST /session/3097350609915d1f0d0e7f0005360ed5/element - {"using":"xpath","value":"//*[@id=\"application-manageresources-display-component---editResource--editRruPage-anchBar-application-manageresources-display-component---editResource--counters-anchor\"]"}
RESULT: {"using":"xpath","value":"//*[@id=\"application-manageresources-display-component---editResource--editRruPage-anchBar-application-manageresources-display-component---editResource--counters-anchor\"]"}
COMMAND: POST /session/3097350609915d1f0d0e7f0005360ed5/element/f.185E35FC6384979D85E72AD7E1746CD8.d.92FA09DB737AC5FC85A9CE77182B0C08.e.15281/click - {}
RESULT: {}
COMMAND: GET /session/3097350609915d1f0d0e7f0005360ed5/screenshot - {}
RESULT: {}
COMMAND: POST /session/3097350609915d1f0d0e7f0005360ed5/execute/async - {"script":"<script> [1562 bytes]","args":[{"selector":{"id":"application-manageresources-display-component---editResource--btnAddCounter-img"},"wdio_ui5_key":"applicationmanageresources-display-component---editResource--btnAddCounter-img"}]}
RESULT: {"script":"<script> [1562 bytes]","args":[{"selector":{"id":"application-manageresources-display-component---editResource--btnAddCounter-img"},"wdio_ui5_key":"applicationmanageresources-display-component---editResource--btnAddCounter-img"}]}
RESULT: undefined
COMMAND: POST /session/3097350609915d1f0d0e7f0005360ed5/element - {"using":"xpath","value":"//*[@id=\"application-manageresources-display-component---editResource--btnAddCounter-img\"]"}
RESULT: {"using":"xpath","value":"//*[@id=\"application-manageresources-display-component---editResource--btnAddCounter-img\"]"}
COMMAND: POST /session/3097350609915d1f0d0e7f0005360ed5/element/f.185E35FC6384979D85E72AD7E1746CD8.d.92FA09DB737AC5FC85A9CE77182B0C08.e.15286/click - {}
RESULT: {}
COMMAND: POST /session/3097350609915d1f0d0e7f0005360ed5/execute/async - {"script":"<script> [1562 bytes]","args":[{"selector":{"id":"application-manageresources-display-component---editResource--COUNTER_ID-application-manageresources-display-component---editResource--RUCounters-0-arrow"},"wdio_ui5_key":"applicationmanageresources-display-component---editResource--COUNTER_ID-application-manageresources-display-component---editResource--RUCounters-0-arrow"}]}
COMMAND: GET /session/3097350609915d1f0d0e7f0005360ed5/screenshot - {}
RESULT: {"script":"<script> [1562 bytes]","args":[{"selector":{"id":"application-manageresources-display-component---editResource--COUNTER_ID-application-manageresources-display-component---editResource--RUCounters-0-arrow"},"wdio_ui5_key":"applicationmanageresources-display-component---editResource--COUNTER_ID-application-manageresources-display-component---editResource--RUCounters-0-arrow"}]}
RESULT: undefined
COMMAND: POST /session/3097350609915d1f0d0e7f0005360ed5/element - {"using":"xpath","value":"//*[@id=\"application-manageresources-display-component---editResource--COUNTER_ID-application-manageresources-display-component---editResource--RUCounters-0-arrow\"]"}
RESULT: {}
RESULT: {"using":"xpath","value":"//*[@id=\"application-manageresources-display-component---editResource--COUNTER_ID-application-manageresources-display-component---editResource--RUCounters-0-arrow\"]"}
COMMAND: POST /session/3097350609915d1f0d0e7f0005360ed5/element/f.185E35FC6384979D85E72AD7E1746CD8.d.92FA09DB737AC5FC85A9CE77182B0C08.e.15299/click - {}
RESULT: {}
COMMAND: POST /session/3097350609915d1f0d0e7f0005360ed5/execute/async - {"script":"<script> [1562 bytes]","args":[{"selector":{"controlType":"sap.m.StandardListItem","viewName":"etm.portal.ui.manageresources.view.EditResource","viewId":"application-manageresources-display-component---editResource","properties":{"title":"fuel"},"searchOpenDialogs":true,"interaction":{"idSuffix":"content"}},"wdio_ui5_key":"etmportal.ui.manageresources.view.EditResourcesap.m.StandardListItem{\"title\":\"fuel\"}"}]}
COMMAND: GET /session/3097350609915d1f0d0e7f0005360ed5/screenshot - {}
RESULT: {"script":"<script> [1562 bytes]","args":[{"selector":{"controlType":"sap.m.StandardListItem","viewName":"etm.portal.ui.manageresources.view.EditResource","viewId":"application-manageresources-display-component---editResource","properties":{"title":"fuel"},"searchOpenDialogs":true,"interaction":{"idSuffix":"content"}},"wdio_ui5_key":"etmportal.ui.manageresources.view.EditResourcesap.m.StandardListItem{\"title\":\"fuel\"}"}]}
RESULT: undefined
COMMAND: POST /session/3097350609915d1f0d0e7f0005360ed5/element - {"using":"xpath","value":"//*[@id=\"__item1309\"]"}
RESULT: {}
RESULT: {"using":"xpath","value":"//*[@id=\"__item1309\"]"}
COMMAND: POST /session/3097350609915d1f0d0e7f0005360ed5/element/f.185E35FC6384979D85E72AD7E1746CD8.d.92FA09DB737AC5FC85A9CE77182B0C08.e.15301/click - {}
RESULT: {}
COMMAND: POST /session/3097350609915d1f0d0e7f0005360ed5/execute/async - {"script":"<script> [1562 bytes]","args":[{"selector":{"controlType":"sap.m.Button","viewName":"etm.portal.ui.manageresources.view.EditResource","viewId":"application-manageresources-display-component---editResource","i18NText":{"propertyName":"text","key":"save"},"interaction":{"idSuffix":"BDI-content"}},"wdio_ui5_key":"etmportal.ui.manageresources.view.EditResourcesap.m.Button{\"propertyName\":\"text\",\"key\":\"save\"}"}]}
COMMAND: GET /session/3097350609915d1f0d0e7f0005360ed5/screenshot - {}
RESULT: {"script":"<script> [1562 bytes]","args":[{"selector":{"controlType":"sap.m.Button","viewName":"etm.portal.ui.manageresources.view.EditResource","viewId":"application-manageresources-display-component---editResource","i18NText":{"propertyName":"text","key":"save"},"interaction":{"idSuffix":"BDI-content"}},"wdio_ui5_key":"etmportal.ui.manageresources.view.EditResourcesap.m.Button{\"propertyName\":\"text\",\"key\":\"save\"}"}]}
RESULT: undefined
COMMAND: POST /session/3097350609915d1f0d0e7f0005360ed5/element - {"using":"xpath","value":"//*[@id=\"__button175\"]"}
RESULT: {}
RESULT: {"using":"xpath","value":"//*[@id=\"__button175\"]"}
COMMAND: POST /session/3097350609915d1f0d0e7f0005360ed5/element/f.185E35FC6384979D85E72AD7E1746CD8.d.92FA09DB737AC5FC85A9CE77182B0C08.e.15303/click - {}
RESULT: {}
COMMAND: GET /session/3097350609915d1f0d0e7f0005360ed5/screenshot - {}
RESULT: {}
COMMAND: POST /session/3097350609915d1f0d0e7f0005360ed5/element - {"using":"css selector","value":"#shell-header-logo"}
RESULT: {"using":"css selector","value":"#shell-header-logo"}
COMMAND: POST /session/3097350609915d1f0d0e7f0005360ed5/element/f.185E35FC6384979D85E72AD7E1746CD8.d.92FA09DB737AC5FC85A9CE77182B0C08.e.14847/click - {}
RESULT: {}
COMMAND: GET /session/3097350609915d1f0d0e7f0005360ed5/screenshot - {}
RESULT: {}
]]></system-out>
    </testcase>
    <testcase classname="chrome.136_0_7103_93.windows.Performance_based_billing_(work_days)_US139742" name="Should do a stock increase on the yard for the equipment" time="84.082">
      <system-out><![CDATA[
COMMAND: POST /session/3097350609915d1f0d0e7f0005360ed5/execute/async - {"script":"<script> [1562 bytes]","args":[{"selector":{"controlType":"sap.m.GenericTile","properties":{"header":"Manage Handovers"}},"wdio_ui5_key":"sapm.GenericTile{\"header\":\"Manage Handovers\"}"}]}
RESULT: {"script":"<script> [1562 bytes]","args":[{"selector":{"controlType":"sap.m.GenericTile","properties":{"header":"Manage Handovers"}},"wdio_ui5_key":"sapm.GenericTile{\"header\":\"Manage Handovers\"}"}]}
RESULT: undefined
COMMAND: POST /session/3097350609915d1f0d0e7f0005360ed5/element - {"using":"xpath","value":"//*[@id=\"__tile133\"]"}
RESULT: {"using":"xpath","value":"//*[@id=\"__tile133\"]"}
COMMAND: POST /session/3097350609915d1f0d0e7f0005360ed5/element/f.185E35FC6384979D85E72AD7E1746CD8.d.92FA09DB737AC5FC85A9CE77182B0C08.e.13864/click - {}
RESULT: {}
COMMAND: GET /session/3097350609915d1f0d0e7f0005360ed5/screenshot - {}
RESULT: {}
COMMAND: POST /session/3097350609915d1f0d0e7f0005360ed5/elements - {"using":"xpath","value":"//span[text()='Error']"}
RESULT: {"using":"xpath","value":"//span[text()='Error']"}
COMMAND: POST /session/3097350609915d1f0d0e7f0005360ed5/element - {"using":"xpath","value":"//button[@data-kt=\"masterHOAddButton\"]"}
RESULT: {"using":"xpath","value":"//button[@data-kt=\"masterHOAddButton\"]"}
COMMAND: POST /session/3097350609915d1f0d0e7f0005360ed5/elements - {"using":"xpath","value":"//button[@data-kt=\"masterHOAddButton\"]"}
RESULT: {"using":"xpath","value":"//button[@data-kt=\"masterHOAddButton\"]"}
COMMAND: POST /session/3097350609915d1f0d0e7f0005360ed5/elements - {"using":"xpath","value":"//button[@data-kt=\"masterHOAddButton\"]"}
RESULT: {"using":"xpath","value":"//button[@data-kt=\"masterHOAddButton\"]"}
COMMAND: POST /session/3097350609915d1f0d0e7f0005360ed5/element - {"using":"xpath","value":"//button[@data-kt=\"masterHOAddButton\"]"}
RESULT: {"using":"xpath","value":"//button[@data-kt=\"masterHOAddButton\"]"}
COMMAND: POST /session/3097350609915d1f0d0e7f0005360ed5/execute/sync - {"script":"<script> [8489 bytes]","args":[{"element-6066-11e4-a52e-4f735466cecf":"f.185E35FC6384979D85E72AD7E1746CD8.d.92FA09DB737AC5FC85A9CE77182B0C08.e.15349","ELEMENT":"f.185E35FC6384979D85E72AD7E1746CD8.d.92FA09DB737AC5FC85A9CE77182B0C08.e.15349"}]}
RESULT: {"script":"<script> [8489 bytes]","args":[{"element-6066-11e4-a52e-4f735466cecf":"f.185E35FC6384979D85E72AD7E1746CD8.d.92FA09DB737AC5FC85A9CE77182B0C08.e.15349","ELEMENT":"f.185E35FC6384979D85E72AD7E1746CD8.d.92FA09DB737AC5FC85A9CE77182B0C08.e.15349"}]}
COMMAND: GET /session/3097350609915d1f0d0e7f0005360ed5/element/f.185E35FC6384979D85E72AD7E1746CD8.d.92FA09DB737AC5FC85A9CE77182B0C08.e.15349/enabled - {}
COMMAND: GET /session/3097350609915d1f0d0e7f0005360ed5/screenshot - {}
RESULT: {}
COMMAND: POST /session/3097350609915d1f0d0e7f0005360ed5/execute/sync - {"script":"<script> [8489 bytes]","args":[{"element-6066-11e4-a52e-4f735466cecf":"f.185E35FC6384979D85E72AD7E1746CD8.d.92FA09DB737AC5FC85A9CE77182B0C08.e.15349","ELEMENT":"f.185E35FC6384979D85E72AD7E1746CD8.d.92FA09DB737AC5FC85A9CE77182B0C08.e.15349"}]}
COMMAND: GET /session/3097350609915d1f0d0e7f0005360ed5/screenshot - {}
RESULT: {}
RESULT: {"script":"<script> [8489 bytes]","args":[{"element-6066-11e4-a52e-4f735466cecf":"f.185E35FC6384979D85E72AD7E1746CD8.d.92FA09DB737AC5FC85A9CE77182B0C08.e.15349","ELEMENT":"f.185E35FC6384979D85E72AD7E1746CD8.d.92FA09DB737AC5FC85A9CE77182B0C08.e.15349"}]}
COMMAND: POST /session/3097350609915d1f0d0e7f0005360ed5/execute/sync - {"script":"<script> [5351 bytes]","args":[{"element-6066-11e4-a52e-4f735466cecf":"f.185E35FC6384979D85E72AD7E1746CD8.d.92FA09DB737AC5FC85A9CE77182B0C08.e.15349","ELEMENT":"f.185E35FC6384979D85E72AD7E1746CD8.d.92FA09DB737AC5FC85A9CE77182B0C08.e.15349"}]}
COMMAND: GET /session/3097350609915d1f0d0e7f0005360ed5/screenshot - {}
RESULT: {}
RESULT: {"script":"<script> [5351 bytes]","args":[{"element-6066-11e4-a52e-4f735466cecf":"f.185E35FC6384979D85E72AD7E1746CD8.d.92FA09DB737AC5FC85A9CE77182B0C08.e.15349","ELEMENT":"f.185E35FC6384979D85E72AD7E1746CD8.d.92FA09DB737AC5FC85A9CE77182B0C08.e.15349"}]}
COMMAND: POST /session/3097350609915d1f0d0e7f0005360ed5/element/f.185E35FC6384979D85E72AD7E1746CD8.d.92FA09DB737AC5FC85A9CE77182B0C08.e.15349/click - {}
COMMAND: GET /session/3097350609915d1f0d0e7f0005360ed5/screenshot - {}
RESULT: {}
RESULT: {}
COMMAND: GET /session/3097350609915d1f0d0e7f0005360ed5/screenshot - {}
RESULT: {}
RESULT: {}
COMMAND: POST /session/3097350609915d1f0d0e7f0005360ed5/element - {"using":"xpath","value":"//span[contains(@id ,\"AddNewHO--typeSelect-arrow\")]"}
RESULT: {"using":"xpath","value":"//span[contains(@id ,\"AddNewHO--typeSelect-arrow\")]"}
COMMAND: POST /session/3097350609915d1f0d0e7f0005360ed5/element/f.185E35FC6384979D85E72AD7E1746CD8.d.92FA09DB737AC5FC85A9CE77182B0C08.e.15703/click - {}
RESULT: {}
COMMAND: GET /session/3097350609915d1f0d0e7f0005360ed5/screenshot - {}
RESULT: {}
COMMAND: POST /session/3097350609915d1f0d0e7f0005360ed5/element - {"using":"xpath","value":"(//li[contains(text(), \"stock increase yard\")])[1]"}
RESULT: {"using":"xpath","value":"(//li[contains(text(), \"stock increase yard\")])[1]"}
COMMAND: POST /session/3097350609915d1f0d0e7f0005360ed5/element/f.185E35FC6384979D85E72AD7E1746CD8.d.92FA09DB737AC5FC85A9CE77182B0C08.e.15704/click - {}
RESULT: {}
COMMAND: GET /session/3097350609915d1f0d0e7f0005360ed5/screenshot - {}
RESULT: {}
COMMAND: POST /session/3097350609915d1f0d0e7f0005360ed5/execute/async - {"script":"<script> [1562 bytes]","args":[{"selector":{"id":"application-managehandovers-display-component---AddNewHO--dueDate","interaction":{"idSuffix":"inner"}},"wdio_ui5_key":"applicationmanagehandovers-display-component---AddNewHO--dueDate"}]}
RESULT: {"script":"<script> [1562 bytes]","args":[{"selector":{"id":"application-managehandovers-display-component---AddNewHO--dueDate","interaction":{"idSuffix":"inner"}},"wdio_ui5_key":"applicationmanagehandovers-display-component---AddNewHO--dueDate"}]}
RESULT: undefined
COMMAND: POST /session/3097350609915d1f0d0e7f0005360ed5/execute/async - {"script":"<script> [6424 bytes]","args":[{"element-6066-11e4-a52e-4f735466cecf":"f.185E35FC6384979D85E72AD7E1746CD8.d.92FA09DB737AC5FC85A9CE77182B0C08.e.15706"},"setValue",["5/18/25"]]}
RESULT: {"script":"<script> [6424 bytes]","args":[{"element-6066-11e4-a52e-4f735466cecf":"f.185E35FC6384979D85E72AD7E1746CD8.d.92FA09DB737AC5FC85A9CE77182B0C08.e.15706"},"setValue",["5/18/25"]]}
COMMAND: POST /session/3097350609915d1f0d0e7f0005360ed5/element - {"using":"xpath","value":"//input[@id=\"generalSectionFrg--receiveYard-inner\"]"}
RESULT: {"using":"xpath","value":"//input[@id=\"generalSectionFrg--receiveYard-inner\"]"}
COMMAND: POST /session/3097350609915d1f0d0e7f0005360ed5/element/f.185E35FC6384979D85E72AD7E1746CD8.d.92FA09DB737AC5FC85A9CE77182B0C08.e.15710/clear - {}
RESULT: {}
COMMAND: POST /session/3097350609915d1f0d0e7f0005360ed5/element/f.185E35FC6384979D85E72AD7E1746CD8.d.92FA09DB737AC5FC85A9CE77182B0C08.e.15710/value - {"text":"529"}
COMMAND: GET /session/3097350609915d1f0d0e7f0005360ed5/screenshot - {}
RESULT: {"text":"529"}
COMMAND: GET /session/3097350609915d1f0d0e7f0005360ed5/screenshot - {}
RESULT: {}
RESULT: {}
COMMAND: POST /session/3097350609915d1f0d0e7f0005360ed5/element - {"using":"xpath","value":"//li[.//span[text()='529']]"}
RESULT: {"using":"xpath","value":"//li[.//span[text()='529']]"}
COMMAND: POST /session/3097350609915d1f0d0e7f0005360ed5/element/f.185E35FC6384979D85E72AD7E1746CD8.d.92FA09DB737AC5FC85A9CE77182B0C08.e.15728/click - {}
RESULT: {}
COMMAND: GET /session/3097350609915d1f0d0e7f0005360ed5/screenshot - {}
RESULT: {}
COMMAND: POST /session/3097350609915d1f0d0e7f0005360ed5/execute/async - {"script":"<script> [1562 bytes]","args":[{"selector":{"id":"application-managehandovers-display-component---AddNewHO--ObjectPageLayout-anchBar-application-managehandovers-display-component---AddNewHO--section4-anchor","interaction":{"idSuffix":"BDI-content"}},"wdio_ui5_key":"applicationmanagehandovers-display-component---AddNewHO--ObjectPageLayout-anchBar-application-managehandovers-display-component---AddNewHO--section4-anchor"}]}
RESULT: {"script":"<script> [1562 bytes]","args":[{"selector":{"id":"application-managehandovers-display-component---AddNewHO--ObjectPageLayout-anchBar-application-managehandovers-display-component---AddNewHO--section4-anchor","interaction":{"idSuffix":"BDI-content"}},"wdio_ui5_key":"applicationmanagehandovers-display-component---AddNewHO--ObjectPageLayout-anchBar-application-managehandovers-display-component---AddNewHO--section4-anchor"}]}
RESULT: undefined
COMMAND: POST /session/3097350609915d1f0d0e7f0005360ed5/element - {"using":"xpath","value":"//*[@id=\"application-managehandovers-display-component---AddNewHO--ObjectPageLayout-anchBar-application-managehandovers-display-component---AddNewHO--section4-anchor\"]"}
RESULT: {"using":"xpath","value":"//*[@id=\"application-managehandovers-display-component---AddNewHO--ObjectPageLayout-anchBar-application-managehandovers-display-component---AddNewHO--section4-anchor\"]"}
COMMAND: POST /session/3097350609915d1f0d0e7f0005360ed5/element/f.185E35FC6384979D85E72AD7E1746CD8.d.92FA09DB737AC5FC85A9CE77182B0C08.e.15730/click - {}
RESULT: {}
COMMAND: POST /session/3097350609915d1f0d0e7f0005360ed5/element - {"using":"xpath","value":"//button[@aria-label=\"Add\"]"}
COMMAND: GET /session/3097350609915d1f0d0e7f0005360ed5/screenshot - {}
RESULT: {"using":"xpath","value":"//button[@aria-label=\"Add\"]"}
COMMAND: POST /session/3097350609915d1f0d0e7f0005360ed5/element/f.185E35FC6384979D85E72AD7E1746CD8.d.92FA09DB737AC5FC85A9CE77182B0C08.e.15732/click - {}
RESULT: {}
RESULT: {}
COMMAND: GET /session/3097350609915d1f0d0e7f0005360ed5/screenshot - {}
RESULT: {}
COMMAND: POST /session/3097350609915d1f0d0e7f0005360ed5/execute/async - {"script":"<script> [1562 bytes]","args":[{"selector":{"id":"application-managehandovers-display-component---AddNewHO--smartFilterBar-btnBasicSearch","searchOpenDialogs":true,"interaction":{"idSuffix":"I"}},"wdio_ui5_key":"applicationmanagehandovers-display-component---AddNewHO--smartFilterBar-btnBasicSearch"}]}
RESULT: {"script":"<script> [1562 bytes]","args":[{"selector":{"id":"application-managehandovers-display-component---AddNewHO--smartFilterBar-btnBasicSearch","searchOpenDialogs":true,"interaction":{"idSuffix":"I"}},"wdio_ui5_key":"applicationmanagehandovers-display-component---AddNewHO--smartFilterBar-btnBasicSearch"}]}
RESULT: undefined
COMMAND: POST /session/3097350609915d1f0d0e7f0005360ed5/execute/async - {"script":"<script> [776 bytes]","args":[{"enterText":"r1N3GANLKd","selector":{"id":"application-managehandovers-display-component---AddNewHO--smartFilterBar-btnBasicSearch","searchOpenDialogs":true,"interaction":{"idSuffix":"I"}},"clearTextFirst":true,"interactionType":"ENTER_TEXT"}]}
RESULT: {"script":"<script> [776 bytes]","args":[{"enterText":"r1N3GANLKd","selector":{"id":"application-managehandovers-display-component---AddNewHO--smartFilterBar-btnBasicSearch","searchOpenDialogs":true,"interaction":{"idSuffix":"I"}},"clearTextFirst":true,"interactionType":"ENTER_TEXT"}]}
COMMAND: POST /session/3097350609915d1f0d0e7f0005360ed5/actions - {"actions":[{"id":"action60","type":"key","parameters":{},"actions":[{"type":"keyDown","value":"î€‡"},{"type":"pause","duration":10},{"type":"keyUp","value":"î€‡"}]}]}
RESULT: {"actions":[{"id":"action60","type":"key","parameters":{},"actions":[{"type":"keyDown","value":"î€‡"},{"type":"pause","duration":10},{"type":"keyUp","value":"î€‡"}]}]}
COMMAND: GET /session/3097350609915d1f0d0e7f0005360ed5/screenshot - {}
RESULT: {}
COMMAND: POST /session/3097350609915d1f0d0e7f0005360ed5/execute/async - {"script":"<script> [1562 bytes]","args":[{"selector":{"id":"application-managehandovers-display-component---AddNewHO--popup-sa","searchOpenDialogs":true,"interaction":{"idSuffix":"CbBg"}},"wdio_ui5_key":"applicationmanagehandovers-display-component---AddNewHO--popup-sa"}]}
RESULT: {"script":"<script> [1562 bytes]","args":[{"selector":{"id":"application-managehandovers-display-component---AddNewHO--popup-sa","searchOpenDialogs":true,"interaction":{"idSuffix":"CbBg"}},"wdio_ui5_key":"applicationmanagehandovers-display-component---AddNewHO--popup-sa"}]}
RESULT: undefined
COMMAND: POST /session/3097350609915d1f0d0e7f0005360ed5/element - {"using":"xpath","value":"//*[@id=\"application-managehandovers-display-component---AddNewHO--popup-sa\"]"}
RESULT: {"using":"xpath","value":"//*[@id=\"application-managehandovers-display-component---AddNewHO--popup-sa\"]"}
COMMAND: POST /session/3097350609915d1f0d0e7f0005360ed5/element/f.185E35FC6384979D85E72AD7E1746CD8.d.92FA09DB737AC5FC85A9CE77182B0C08.e.15886/click - {}
RESULT: {}
COMMAND: GET /session/3097350609915d1f0d0e7f0005360ed5/screenshot - {}
RESULT: {}
COMMAND: POST /session/3097350609915d1f0d0e7f0005360ed5/element - {"using":"xpath","value":"//bdi[contains(text(), \"Select\")]"}
RESULT: {"using":"xpath","value":"//bdi[contains(text(), \"Select\")]"}
COMMAND: POST /session/3097350609915d1f0d0e7f0005360ed5/element/f.185E35FC6384979D85E72AD7E1746CD8.d.92FA09DB737AC5FC85A9CE77182B0C08.e.15887/click - {}
RESULT: {}
COMMAND: GET /session/3097350609915d1f0d0e7f0005360ed5/screenshot - {}
RESULT: {}
COMMAND: POST /session/3097350609915d1f0d0e7f0005360ed5/element - {"using":"xpath","value":"//button[@data-kt=\"AddNewHOSaveButton\"]"}
RESULT: {"using":"xpath","value":"//button[@data-kt=\"AddNewHOSaveButton\"]"}
COMMAND: POST /session/3097350609915d1f0d0e7f0005360ed5/element/f.185E35FC6384979D85E72AD7E1746CD8.d.92FA09DB737AC5FC85A9CE77182B0C08.e.15891/click - {}
RESULT: {}
COMMAND: GET /session/3097350609915d1f0d0e7f0005360ed5/screenshot - {}
COMMAND: POST /session/3097350609915d1f0d0e7f0005360ed5/execute/async - {"script":"<script> [1562 bytes]","args":[{"selector":{"id":"receiptDatePicker","viewName":"etm.portal.ui.managehandovers.view.DetailExecuteHO","interaction":{"idSuffix":"inner"}},"wdio_ui5_key":"receiptDatePickeretmportal.ui.managehandovers.view.DetailExecuteHO"}]}
RESULT: {}
RESULT: {"script":"<script> [1562 bytes]","args":[{"selector":{"id":"receiptDatePicker","viewName":"etm.portal.ui.managehandovers.view.DetailExecuteHO","interaction":{"idSuffix":"inner"}},"wdio_ui5_key":"receiptDatePickeretmportal.ui.managehandovers.view.DetailExecuteHO"}]}
RESULT: undefined
COMMAND: POST /session/3097350609915d1f0d0e7f0005360ed5/execute/async - {"script":"<script> [6424 bytes]","args":[{"element-6066-11e4-a52e-4f735466cecf":"f.185E35FC6384979D85E72AD7E1746CD8.d.92FA09DB737AC5FC85A9CE77182B0C08.e.15910"},"setValue",["5/18/25"]]}
RESULT: {"script":"<script> [6424 bytes]","args":[{"element-6066-11e4-a52e-4f735466cecf":"f.185E35FC6384979D85E72AD7E1746CD8.d.92FA09DB737AC5FC85A9CE77182B0C08.e.15910"},"setValue",["5/18/25"]]}
COMMAND: POST /session/3097350609915d1f0d0e7f0005360ed5/element - {"using":"xpath","value":"//button[@data-kt=\"PickingTableConfirmAllButton\"]"}
RESULT: {"using":"xpath","value":"//button[@data-kt=\"PickingTableConfirmAllButton\"]"}
COMMAND: POST /session/3097350609915d1f0d0e7f0005360ed5/element/f.185E35FC6384979D85E72AD7E1746CD8.d.92FA09DB737AC5FC85A9CE77182B0C08.e.15925/click - {}
RESULT: {}
COMMAND: GET /session/3097350609915d1f0d0e7f0005360ed5/screenshot - {}
RESULT: {}
COMMAND: POST /session/3097350609915d1f0d0e7f0005360ed5/element - {"using":"xpath","value":"//bdi[contains(text(), \"OK\")]"}
RESULT: {"using":"xpath","value":"//bdi[contains(text(), \"OK\")]"}
COMMAND: POST /session/3097350609915d1f0d0e7f0005360ed5/element/f.185E35FC6384979D85E72AD7E1746CD8.d.92FA09DB737AC5FC85A9CE77182B0C08.e.15928/click - {}
RESULT: {}
COMMAND: GET /session/3097350609915d1f0d0e7f0005360ed5/screenshot - {}
RESULT: {}
COMMAND: POST /session/3097350609915d1f0d0e7f0005360ed5/element - {"using":"xpath","value":"(//bdi[contains(text(), \"Receive\")])[2]"}
RESULT: {"using":"xpath","value":"(//bdi[contains(text(), \"Receive\")])[2]"}
COMMAND: POST /session/3097350609915d1f0d0e7f0005360ed5/element/f.185E35FC6384979D85E72AD7E1746CD8.d.92FA09DB737AC5FC85A9CE77182B0C08.e.15929/click - {}
RESULT: {}
COMMAND: GET /session/3097350609915d1f0d0e7f0005360ed5/screenshot - {}
RESULT: {}
COMMAND: POST /session/3097350609915d1f0d0e7f0005360ed5/element - {"using":"css selector","value":"#shell-header-logo"}
RESULT: {"using":"css selector","value":"#shell-header-logo"}
COMMAND: POST /session/3097350609915d1f0d0e7f0005360ed5/element/f.185E35FC6384979D85E72AD7E1746CD8.d.92FA09DB737AC5FC85A9CE77182B0C08.e.15312/click - {}
RESULT: {}
COMMAND: GET /session/3097350609915d1f0d0e7f0005360ed5/screenshot - {}
RESULT: {}
]]></system-out>
    </testcase>
    <testcase classname="chrome.136_0_7103_93.windows.Performance_based_billing_(work_days)_US139742" name="Should create a new contract" time="70.938">
      <system-out><![CDATA[
COMMAND: POST /session/3097350609915d1f0d0e7f0005360ed5/execute/async - {"script":"<script> [1562 bytes]","args":[{"selector":{"controlType":"sap.m.GenericTile","properties":{"header":"Manage Contracts"}},"wdio_ui5_key":"sapm.GenericTile{\"header\":\"Manage Contracts\"}"}]}
RESULT: {"script":"<script> [1562 bytes]","args":[{"selector":{"controlType":"sap.m.GenericTile","properties":{"header":"Manage Contracts"}},"wdio_ui5_key":"sapm.GenericTile{\"header\":\"Manage Contracts\"}"}]}
RESULT: undefined
COMMAND: POST /session/3097350609915d1f0d0e7f0005360ed5/element - {"using":"xpath","value":"//*[@id=\"__tile132\"]"}
RESULT: {"using":"xpath","value":"//*[@id=\"__tile132\"]"}
COMMAND: POST /session/3097350609915d1f0d0e7f0005360ed5/element/f.185E35FC6384979D85E72AD7E1746CD8.d.92FA09DB737AC5FC85A9CE77182B0C08.e.13796/click - {}
RESULT: {}
COMMAND: GET /session/3097350609915d1f0d0e7f0005360ed5/screenshot - {}
RESULT: {}
COMMAND: POST /session/3097350609915d1f0d0e7f0005360ed5/elements - {"using":"xpath","value":"//span[text()='Error']"}
RESULT: {"using":"xpath","value":"//span[text()='Error']"}
COMMAND: POST /session/3097350609915d1f0d0e7f0005360ed5/element - {"using":"xpath","value":"//button[@data-kt=\"addButton\"]"}
RESULT: {"using":"xpath","value":"//button[@data-kt=\"addButton\"]"}
COMMAND: POST /session/3097350609915d1f0d0e7f0005360ed5/elements - {"using":"xpath","value":"//button[@data-kt=\"addButton\"]"}
RESULT: {"using":"xpath","value":"//button[@data-kt=\"addButton\"]"}
COMMAND: POST /session/3097350609915d1f0d0e7f0005360ed5/execute/sync - {"script":"<script> [8489 bytes]","args":[{"element-6066-11e4-a52e-4f735466cecf":"f.185E35FC6384979D85E72AD7E1746CD8.d.92FA09DB737AC5FC85A9CE77182B0C08.e.16261","ELEMENT":"f.185E35FC6384979D85E72AD7E1746CD8.d.92FA09DB737AC5FC85A9CE77182B0C08.e.16261"}]}
RESULT: {"script":"<script> [8489 bytes]","args":[{"element-6066-11e4-a52e-4f735466cecf":"f.185E35FC6384979D85E72AD7E1746CD8.d.92FA09DB737AC5FC85A9CE77182B0C08.e.16261","ELEMENT":"f.185E35FC6384979D85E72AD7E1746CD8.d.92FA09DB737AC5FC85A9CE77182B0C08.e.16261"}]}
COMMAND: GET /session/3097350609915d1f0d0e7f0005360ed5/element/f.185E35FC6384979D85E72AD7E1746CD8.d.92FA09DB737AC5FC85A9CE77182B0C08.e.16261/enabled - {}
COMMAND: GET /session/3097350609915d1f0d0e7f0005360ed5/screenshot - {}
RESULT: {}
COMMAND: POST /session/3097350609915d1f0d0e7f0005360ed5/execute/sync - {"script":"<script> [8489 bytes]","args":[{"element-6066-11e4-a52e-4f735466cecf":"f.185E35FC6384979D85E72AD7E1746CD8.d.92FA09DB737AC5FC85A9CE77182B0C08.e.16261","ELEMENT":"f.185E35FC6384979D85E72AD7E1746CD8.d.92FA09DB737AC5FC85A9CE77182B0C08.e.16261"}]}
COMMAND: GET /session/3097350609915d1f0d0e7f0005360ed5/screenshot - {}
RESULT: {}
RESULT: {"script":"<script> [8489 bytes]","args":[{"element-6066-11e4-a52e-4f735466cecf":"f.185E35FC6384979D85E72AD7E1746CD8.d.92FA09DB737AC5FC85A9CE77182B0C08.e.16261","ELEMENT":"f.185E35FC6384979D85E72AD7E1746CD8.d.92FA09DB737AC5FC85A9CE77182B0C08.e.16261"}]}
COMMAND: POST /session/3097350609915d1f0d0e7f0005360ed5/execute/sync - {"script":"<script> [5351 bytes]","args":[{"element-6066-11e4-a52e-4f735466cecf":"f.185E35FC6384979D85E72AD7E1746CD8.d.92FA09DB737AC5FC85A9CE77182B0C08.e.16261","ELEMENT":"f.185E35FC6384979D85E72AD7E1746CD8.d.92FA09DB737AC5FC85A9CE77182B0C08.e.16261"}]}
COMMAND: GET /session/3097350609915d1f0d0e7f0005360ed5/screenshot - {}
RESULT: {}
RESULT: {"script":"<script> [5351 bytes]","args":[{"element-6066-11e4-a52e-4f735466cecf":"f.185E35FC6384979D85E72AD7E1746CD8.d.92FA09DB737AC5FC85A9CE77182B0C08.e.16261","ELEMENT":"f.185E35FC6384979D85E72AD7E1746CD8.d.92FA09DB737AC5FC85A9CE77182B0C08.e.16261"}]}
COMMAND: GET /session/3097350609915d1f0d0e7f0005360ed5/screenshot - {}
RESULT: {}
RESULT: {}
COMMAND: POST /session/3097350609915d1f0d0e7f0005360ed5/element/f.185E35FC6384979D85E72AD7E1746CD8.d.92FA09DB737AC5FC85A9CE77182B0C08.e.16261/click - {}
RESULT: {}
COMMAND: GET /session/3097350609915d1f0d0e7f0005360ed5/screenshot - {}
RESULT: {}
COMMAND: POST /session/3097350609915d1f0d0e7f0005360ed5/execute/async - {"script":"<script> [1562 bytes]","args":[{"selector":{"id":"application-managecontracts-display-component---AddNewContract--projectDescription","interaction":{"idSuffix":"inner"}},"wdio_ui5_key":"applicationmanagecontracts-display-component---AddNewContract--projectDescription"}]}
RESULT: {"script":"<script> [1562 bytes]","args":[{"selector":{"id":"application-managecontracts-display-component---AddNewContract--projectDescription","interaction":{"idSuffix":"inner"}},"wdio_ui5_key":"applicationmanagecontracts-display-component---AddNewContract--projectDescription"}]}
RESULT: undefined
COMMAND: POST /session/3097350609915d1f0d0e7f0005360ed5/execute/async - {"script":"<script> [776 bytes]","args":[{"enterText":"Performance Contract WDIO","selector":{"id":"application-managecontracts-display-component---AddNewContract--projectDescription","interaction":{"idSuffix":"inner"}},"clearTextFirst":true,"interactionType":"ENTER_TEXT"}]}
RESULT: {"script":"<script> [776 bytes]","args":[{"enterText":"Performance Contract WDIO","selector":{"id":"application-managecontracts-display-component---AddNewContract--projectDescription","interaction":{"idSuffix":"inner"}},"clearTextFirst":true,"interactionType":"ENTER_TEXT"}]}
COMMAND: POST /session/3097350609915d1f0d0e7f0005360ed5/element - {"using":"xpath","value":"//input[@id=\"application-managecontracts-display-component---AddNewContract--site-inner\"]"}
RESULT: {"using":"xpath","value":"//input[@id=\"application-managecontracts-display-component---AddNewContract--site-inner\"]"}
COMMAND: POST /session/3097350609915d1f0d0e7f0005360ed5/element/f.185E35FC6384979D85E72AD7E1746CD8.d.92FA09DB737AC5FC85A9CE77182B0C08.e.16616/clear - {}
RESULT: {}
COMMAND: POST /session/3097350609915d1f0d0e7f0005360ed5/element/f.185E35FC6384979D85E72AD7E1746CD8.d.92FA09DB737AC5FC85A9CE77182B0C08.e.16616/value - {"text":"2262"}
COMMAND: GET /session/3097350609915d1f0d0e7f0005360ed5/screenshot - {}
RESULT: {"text":"2262"}
COMMAND: GET /session/3097350609915d1f0d0e7f0005360ed5/screenshot - {}
RESULT: {}
RESULT: {}
COMMAND: POST /session/3097350609915d1f0d0e7f0005360ed5/element - {"using":"xpath","value":"//li[.//span[text()='2262']]"}
RESULT: {"using":"xpath","value":"//li[.//span[text()='2262']]"}
COMMAND: POST /session/3097350609915d1f0d0e7f0005360ed5/element/f.185E35FC6384979D85E72AD7E1746CD8.d.92FA09DB737AC5FC85A9CE77182B0C08.e.16655/click - {}
RESULT: {}
COMMAND: GET /session/3097350609915d1f0d0e7f0005360ed5/screenshot - {}
RESULT: {}
COMMAND: POST /session/3097350609915d1f0d0e7f0005360ed5/element - {"using":"xpath","value":"//input[@id=\"application-managecontracts-display-component---AddNewContract--yardId-inner\"]"}
RESULT: {"using":"xpath","value":"//input[@id=\"application-managecontracts-display-component---AddNewContract--yardId-inner\"]"}
COMMAND: GET /session/3097350609915d1f0d0e7f0005360ed5/element/f.185E35FC6384979D85E72AD7E1746CD8.d.92FA09DB737AC5FC85A9CE77182B0C08.e.16617/property/value - {}
RESULT: {}
COMMAND: POST /session/3097350609915d1f0d0e7f0005360ed5/element - {"using":"xpath","value":"//input[@id=\"application-managecontracts-display-component---AddNewContract--customerSelect-inner\"]"}
COMMAND: GET /session/3097350609915d1f0d0e7f0005360ed5/screenshot - {}
RESULT: {"using":"xpath","value":"//input[@id=\"application-managecontracts-display-component---AddNewContract--customerSelect-inner\"]"}
COMMAND: POST /session/3097350609915d1f0d0e7f0005360ed5/element/f.185E35FC6384979D85E72AD7E1746CD8.d.92FA09DB737AC5FC85A9CE77182B0C08.e.16615/clear - {}
RESULT: {}
RESULT: {}
COMMAND: POST /session/3097350609915d1f0d0e7f0005360ed5/element/f.185E35FC6384979D85E72AD7E1746CD8.d.92FA09DB737AC5FC85A9CE77182B0C08.e.16615/value - {"text":"1310"}
COMMAND: GET /session/3097350609915d1f0d0e7f0005360ed5/screenshot - {}
RESULT: {"text":"1310"}
COMMAND: GET /session/3097350609915d1f0d0e7f0005360ed5/screenshot - {}
COMMAND: POST /session/3097350609915d1f0d0e7f0005360ed5/element - {"using":"xpath","value":"//li[.//span[text()='1310']]"}
RESULT: {}
RESULT: {}
RESULT: {"using":"xpath","value":"//li[.//span[text()='1310']]"}
COMMAND: POST /session/3097350609915d1f0d0e7f0005360ed5/element/f.185E35FC6384979D85E72AD7E1746CD8.d.92FA09DB737AC5FC85A9CE77182B0C08.e.16658/click - {}
RESULT: {}
COMMAND: GET /session/3097350609915d1f0d0e7f0005360ed5/screenshot - {}
RESULT: {}
COMMAND: POST /session/3097350609915d1f0d0e7f0005360ed5/element - {"using":"xpath","value":"//button[@data-kt=\"saveButton\"]"}
RESULT: {"using":"xpath","value":"//button[@data-kt=\"saveButton\"]"}
COMMAND: POST /session/3097350609915d1f0d0e7f0005360ed5/element/f.185E35FC6384979D85E72AD7E1746CD8.d.92FA09DB737AC5FC85A9CE77182B0C08.e.16659/click - {}
RESULT: {}
COMMAND: GET /session/3097350609915d1f0d0e7f0005360ed5/screenshot - {}
RESULT: {}
COMMAND: POST /session/3097350609915d1f0d0e7f0005360ed5/element - {"using":"xpath","value":"//span[contains(@id ,\"contractDetailTitleNoExpanded\")]"}
RESULT: {"using":"xpath","value":"//span[contains(@id ,\"contractDetailTitleNoExpanded\")]"}
COMMAND: POST /session/3097350609915d1f0d0e7f0005360ed5/elements - {"using":"xpath","value":"//span[contains(@id ,\"contractDetailTitleNoExpanded\")]"}
RESULT: {"using":"xpath","value":"//span[contains(@id ,\"contractDetailTitleNoExpanded\")]"}
COMMAND: POST /session/3097350609915d1f0d0e7f0005360ed5/execute/sync - {"script":"<script> [56 bytes]","args":[{"element-6066-11e4-a52e-4f735466cecf":"f.185E35FC6384979D85E72AD7E1746CD8.d.92FA09DB737AC5FC85A9CE77182B0C08.e.16731","ELEMENT":"f.185E35FC6384979D85E72AD7E1746CD8.d.92FA09DB737AC5FC85A9CE77182B0C08.e.16731"}]}
RESULT: {"script":"<script> [56 bytes]","args":[{"element-6066-11e4-a52e-4f735466cecf":"f.185E35FC6384979D85E72AD7E1746CD8.d.92FA09DB737AC5FC85A9CE77182B0C08.e.16731","ELEMENT":"f.185E35FC6384979D85E72AD7E1746CD8.d.92FA09DB737AC5FC85A9CE77182B0C08.e.16731"}]}
COMMAND: GET /session/3097350609915d1f0d0e7f0005360ed5/screenshot - {}
RESULT: {}
]]></system-out>
    </testcase>
    <testcase classname="chrome.136_0_7103_93.windows.Performance_based_billing_(work_days)_US139742" name="Should add equipment to the contract" time="46.441">
      <system-out><![CDATA[
COMMAND: POST /session/3097350609915d1f0d0e7f0005360ed5/element - {"using":"xpath","value":"//button[@data-kt=\"contractDetailEditBtnButton\"]"}
RESULT: {"using":"xpath","value":"//button[@data-kt=\"contractDetailEditBtnButton\"]"}
COMMAND: POST /session/3097350609915d1f0d0e7f0005360ed5/element/f.185E35FC6384979D85E72AD7E1746CD8.d.92FA09DB737AC5FC85A9CE77182B0C08.e.16733/click - {}
RESULT: {}
COMMAND: GET /session/3097350609915d1f0d0e7f0005360ed5/screenshot - {}
RESULT: {}
COMMAND: POST /session/3097350609915d1f0d0e7f0005360ed5/element - {"using":"xpath","value":"(//span[contains(text(), \"Additional Addresses\")])[2]"}
RESULT: {"using":"xpath","value":"(//span[contains(text(), \"Additional Addresses\")])[2]"}
COMMAND: POST /session/3097350609915d1f0d0e7f0005360ed5/element/f.185E35FC6384979D85E72AD7E1746CD8.d.92FA09DB737AC5FC85A9CE77182B0C08.e.16788/click - {}
RESULT: {}
COMMAND: GET /session/3097350609915d1f0d0e7f0005360ed5/screenshot - {}
RESULT: {}
COMMAND: POST /session/3097350609915d1f0d0e7f0005360ed5/element - {"using":"xpath","value":"//button[@data-kt=\"btnAddTableRowOverflowToolbarButton\"]"}
RESULT: {"using":"xpath","value":"//button[@data-kt=\"btnAddTableRowOverflowToolbarButton\"]"}
COMMAND: POST /session/3097350609915d1f0d0e7f0005360ed5/element/f.185E35FC6384979D85E72AD7E1746CD8.d.92FA09DB737AC5FC85A9CE77182B0C08.e.16791/click - {}
RESULT: {}
COMMAND: GET /session/3097350609915d1f0d0e7f0005360ed5/screenshot - {}
RESULT: {}
COMMAND: POST /session/3097350609915d1f0d0e7f0005360ed5/element - {"using":"xpath","value":"//div[(text() = 'Standard Entry' or . = 'Standard Entry')]"}
RESULT: {"using":"xpath","value":"//div[(text() = 'Standard Entry' or . = 'Standard Entry')]"}
COMMAND: POST /session/3097350609915d1f0d0e7f0005360ed5/element/f.185E35FC6384979D85E72AD7E1746CD8.d.92FA09DB737AC5FC85A9CE77182B0C08.e.16793/click - {}
RESULT: {}
COMMAND: GET /session/3097350609915d1f0d0e7f0005360ed5/screenshot - {}
RESULT: {}
COMMAND: POST /session/3097350609915d1f0d0e7f0005360ed5/element - {"using":"xpath","value":"//td[7]/div/div/input"}
RESULT: {"using":"xpath","value":"//td[7]/div/div/input"}
COMMAND: POST /session/3097350609915d1f0d0e7f0005360ed5/element/f.185E35FC6384979D85E72AD7E1746CD8.d.92FA09DB737AC5FC85A9CE77182B0C08.e.16802/clear - {}
RESULT: {}
COMMAND: POST /session/3097350609915d1f0d0e7f0005360ed5/element/f.185E35FC6384979D85E72AD7E1746CD8.d.92FA09DB737AC5FC85A9CE77182B0C08.e.16802/value - {"text":"r1N3GANLKd"}
COMMAND: GET /session/3097350609915d1f0d0e7f0005360ed5/screenshot - {}
RESULT: {"text":"r1N3GANLKd"}
COMMAND: GET /session/3097350609915d1f0d0e7f0005360ed5/screenshot - {}
RESULT: {}
RESULT: {}
COMMAND: POST /session/3097350609915d1f0d0e7f0005360ed5/actions - {"actions":[{"id":"action61","type":"key","parameters":{},"actions":[{"type":"keyDown","value":"î€‡"},{"type":"pause","duration":10},{"type":"keyUp","value":"î€‡"}]}]}
RESULT: {"actions":[{"id":"action61","type":"key","parameters":{},"actions":[{"type":"keyDown","value":"î€‡"},{"type":"pause","duration":10},{"type":"keyUp","value":"î€‡"}]}]}
COMMAND: GET /session/3097350609915d1f0d0e7f0005360ed5/screenshot - {}
RESULT: {}
COMMAND: POST /session/3097350609915d1f0d0e7f0005360ed5/execute/sync - {"script":"<script> [276 bytes]","args":["No pricing information was found"]}
RESULT: {"script":"<script> [276 bytes]","args":["No pricing information was found"]}
COMMAND: POST /session/3097350609915d1f0d0e7f0005360ed5/element - {"using":"xpath","value":"(//button[@data-kt=\"saveButton\"])[2]"}
COMMAND: GET /session/3097350609915d1f0d0e7f0005360ed5/screenshot - {}
RESULT: {"using":"xpath","value":"(//button[@data-kt=\"saveButton\"])[2]"}
COMMAND: POST /session/3097350609915d1f0d0e7f0005360ed5/element/f.185E35FC6384979D85E72AD7E1746CD8.d.92FA09DB737AC5FC85A9CE77182B0C08.e.16817/click - {}
RESULT: {}
RESULT: {}
COMMAND: GET /session/3097350609915d1f0d0e7f0005360ed5/screenshot - {}
RESULT: {}
COMMAND: POST /session/3097350609915d1f0d0e7f0005360ed5/execute/sync - {"script":"<script> [276 bytes]","args":["Some contract items are having rental validity exceeding header rental validity"]}
RESULT: {"script":"<script> [276 bytes]","args":["Some contract items are having rental validity exceeding header rental validity"]}
COMMAND: GET /session/3097350609915d1f0d0e7f0005360ed5/screenshot - {}
RESULT: {}
COMMAND: POST /session/3097350609915d1f0d0e7f0005360ed5/element - {"using":"xpath","value":"//span[contains(@id ,\"contractItemsSmartTable-header-inner\")]"}
RESULT: {"using":"xpath","value":"//span[contains(@id ,\"contractItemsSmartTable-header-inner\")]"}
COMMAND: POST /session/3097350609915d1f0d0e7f0005360ed5/elements - {"using":"xpath","value":"//span[contains(@id ,\"contractItemsSmartTable-header-inner\")]"}
RESULT: {"using":"xpath","value":"//span[contains(@id ,\"contractItemsSmartTable-header-inner\")]"}
COMMAND: POST /session/3097350609915d1f0d0e7f0005360ed5/execute/sync - {"script":"<script> [56 bytes]","args":[{"element-6066-11e4-a52e-4f735466cecf":"f.185E35FC6384979D85E72AD7E1746CD8.d.92FA09DB737AC5FC85A9CE77182B0C08.e.16823","ELEMENT":"f.185E35FC6384979D85E72AD7E1746CD8.d.92FA09DB737AC5FC85A9CE77182B0C08.e.16823"}]}
RESULT: {"script":"<script> [56 bytes]","args":[{"element-6066-11e4-a52e-4f735466cecf":"f.185E35FC6384979D85E72AD7E1746CD8.d.92FA09DB737AC5FC85A9CE77182B0C08.e.16823","ELEMENT":"f.185E35FC6384979D85E72AD7E1746CD8.d.92FA09DB737AC5FC85A9CE77182B0C08.e.16823"}]}
]]></system-out>
    </testcase>
    <testcase classname="chrome.136_0_7103_93.windows.Performance_based_billing_(work_days)_US139742" name="Should do a provide to site handover" time="63.629">
      <system-out><![CDATA[
COMMAND: POST /session/3097350609915d1f0d0e7f0005360ed5/element - {"using":"xpath","value":"//button[@data-kt=\"provideButton\"]"}
COMMAND: GET /session/3097350609915d1f0d0e7f0005360ed5/screenshot - {}
RESULT: {"using":"xpath","value":"//button[@data-kt=\"provideButton\"]"}
COMMAND: POST /session/3097350609915d1f0d0e7f0005360ed5/element/f.185E35FC6384979D85E72AD7E1746CD8.d.92FA09DB737AC5FC85A9CE77182B0C08.e.16824/click - {}
RESULT: {}
RESULT: {}
COMMAND: GET /session/3097350609915d1f0d0e7f0005360ed5/screenshot - {}
RESULT: {}
RESULT: undefined
COMMAND: POST /session/3097350609915d1f0d0e7f0005360ed5/execute/async - {"script":"<script> [6424 bytes]","args":[{"element-6066-11e4-a52e-4f735466cecf":"f.185E35FC6384979D85E72AD7E1746CD8.d.92FA09DB737AC5FC85A9CE77182B0C08.e.15706"},"setValue",["5/18/25"]]}
COMMAND: POST /session/3097350609915d1f0d0e7f0005360ed5/execute/async - {"script":"<script> [1562 bytes]","args":[{"selector":{"id":"application-managehandovers-display-component---AddNewHO--dueDate","interaction":{"idSuffix":"inner"}},"wdio_ui5_key":"applicationmanagehandovers-display-component---AddNewHO--dueDate"}]}
RESULT: {"script":"<script> [1562 bytes]","args":[{"selector":{"id":"application-managehandovers-display-component---AddNewHO--dueDate","interaction":{"idSuffix":"inner"}},"wdio_ui5_key":"applicationmanagehandovers-display-component---AddNewHO--dueDate"}]}
COMMAND: POST /session/3097350609915d1f0d0e7f0005360ed5/execute/async - {"script":"<script> [6424 bytes]","args":[{"element-6066-11e4-a52e-4f735466cecf":"f.185E35FC6384979D85E72AD7E1746CD8.d.92FA09DB737AC5FC85A9CE77182B0C08.e.16882"},"setValue",["5/18/25"]]}
RESULT: {"script":"<script> [6424 bytes]","args":[{"element-6066-11e4-a52e-4f735466cecf":"f.185E35FC6384979D85E72AD7E1746CD8.d.92FA09DB737AC5FC85A9CE77182B0C08.e.16882"},"setValue",["5/18/25"]]}
COMMAND: POST /session/3097350609915d1f0d0e7f0005360ed5/element - {"using":"xpath","value":"//bdi[contains(text(), \"Instructions\")]"}
RESULT: {"using":"xpath","value":"//bdi[contains(text(), \"Instructions\")]"}
COMMAND: POST /session/3097350609915d1f0d0e7f0005360ed5/element/f.185E35FC6384979D85E72AD7E1746CD8.d.92FA09DB737AC5FC85A9CE77182B0C08.e.17135/click - {}
RESULT: {}
COMMAND: GET /session/3097350609915d1f0d0e7f0005360ed5/screenshot - {}
RESULT: {}
COMMAND: POST /session/3097350609915d1f0d0e7f0005360ed5/element - {"using":"xpath","value":"//button[@data-kt=\"AddNewHOProvideAddItemsButton\"]"}
RESULT: {"using":"xpath","value":"//button[@data-kt=\"AddNewHOProvideAddItemsButton\"]"}
COMMAND: POST /session/3097350609915d1f0d0e7f0005360ed5/element/f.185E35FC6384979D85E72AD7E1746CD8.d.92FA09DB737AC5FC85A9CE77182B0C08.e.17139/click - {}
RESULT: {}
COMMAND: GET /session/3097350609915d1f0d0e7f0005360ed5/screenshot - {}
RESULT: {}
RESULT: undefined
COMMAND: POST /session/3097350609915d1f0d0e7f0005360ed5/element - {"using":"xpath","value":"//*[@id=\"application-managehandovers-display-component---AddNewHO--popup-sa\"]"}
RESULT: {"using":"xpath","value":"//*[@id=\"application-managehandovers-display-component---AddNewHO--popup-sa\"]"}
COMMAND: POST /session/3097350609915d1f0d0e7f0005360ed5/element/f.185E35FC6384979D85E72AD7E1746CD8.d.92FA09DB737AC5FC85A9CE77182B0C08.e.17154/click - {}
RESULT: {}
COMMAND: GET /session/3097350609915d1f0d0e7f0005360ed5/screenshot - {}
RESULT: {}
COMMAND: POST /session/3097350609915d1f0d0e7f0005360ed5/element - {"using":"xpath","value":"//*[contains(@id ,\"BDI-content\")][contains(text(), \"Select\")]"}
RESULT: {"using":"xpath","value":"//*[contains(@id ,\"BDI-content\")][contains(text(), \"Select\")]"}
COMMAND: POST /session/3097350609915d1f0d0e7f0005360ed5/element/f.185E35FC6384979D85E72AD7E1746CD8.d.92FA09DB737AC5FC85A9CE77182B0C08.e.17156/click - {}
RESULT: {}
COMMAND: GET /session/3097350609915d1f0d0e7f0005360ed5/screenshot - {}
RESULT: {}
COMMAND: POST /session/3097350609915d1f0d0e7f0005360ed5/execute/async - {"script":"<script> [1562 bytes]","args":[{"selector":{"id":"application-managehandovers-display-component---AddNewHO--confirmCreationButton","interaction":{"idSuffix":"BDI-content"}},"wdio_ui5_key":"applicationmanagehandovers-display-component---AddNewHO--confirmCreationButton"}]}
RESULT: {"script":"<script> [1562 bytes]","args":[{"selector":{"id":"application-managehandovers-display-component---AddNewHO--confirmCreationButton","interaction":{"idSuffix":"BDI-content"}},"wdio_ui5_key":"applicationmanagehandovers-display-component---AddNewHO--confirmCreationButton"}]}
RESULT: undefined
COMMAND: POST /session/3097350609915d1f0d0e7f0005360ed5/element - {"using":"xpath","value":"//*[@id=\"application-managehandovers-display-component---AddNewHO--confirmCreationButton\"]"}
RESULT: {"using":"xpath","value":"//*[@id=\"application-managehandovers-display-component---AddNewHO--confirmCreationButton\"]"}
COMMAND: POST /session/3097350609915d1f0d0e7f0005360ed5/element/f.185E35FC6384979D85E72AD7E1746CD8.d.92FA09DB737AC5FC85A9CE77182B0C08.e.16960/click - {}
RESULT: {}
COMMAND: GET /session/3097350609915d1f0d0e7f0005360ed5/screenshot - {}
RESULT: {}
COMMAND: POST /session/3097350609915d1f0d0e7f0005360ed5/execute/async - {"script":"<script> [1562 bytes]","args":[{"selector":{"id":"issueDatePicker","viewName":"etm.portal.ui.managehandovers.view.DetailExecuteHO","interaction":{"idSuffix":"inner"}},"wdio_ui5_key":"issueDatePickeretmportal.ui.managehandovers.view.DetailExecuteHO"}]}
RESULT: {"script":"<script> [1562 bytes]","args":[{"selector":{"id":"issueDatePicker","viewName":"etm.portal.ui.managehandovers.view.DetailExecuteHO","interaction":{"idSuffix":"inner"}},"wdio_ui5_key":"issueDatePickeretmportal.ui.managehandovers.view.DetailExecuteHO"}]}
RESULT: undefined
COMMAND: POST /session/3097350609915d1f0d0e7f0005360ed5/execute/async - {"script":"<script> [776 bytes]","args":[{"enterText":"5/18/25","selector":{"id":"issueDatePicker","viewName":"etm.portal.ui.managehandovers.view.DetailExecuteHO","interaction":{"idSuffix":"inner"}},"clearTextFirst":true,"interactionType":"ENTER_TEXT"}]}
RESULT: {"script":"<script> [776 bytes]","args":[{"enterText":"5/18/25","selector":{"id":"issueDatePicker","viewName":"etm.portal.ui.managehandovers.view.DetailExecuteHO","interaction":{"idSuffix":"inner"}},"clearTextFirst":true,"interactionType":"ENTER_TEXT"}]}
COMMAND: POST /session/3097350609915d1f0d0e7f0005360ed5/element - {"using":"xpath","value":"//bdi[contains(text(), \"OK\")]"}
RESULT: {"using":"xpath","value":"//bdi[contains(text(), \"OK\")]"}
COMMAND: POST /session/3097350609915d1f0d0e7f0005360ed5/element/f.185E35FC6384979D85E72AD7E1746CD8.d.92FA09DB737AC5FC85A9CE77182B0C08.e.17204/click - {}
RESULT: {}
COMMAND: GET /session/3097350609915d1f0d0e7f0005360ed5/screenshot - {}
RESULT: {}
COMMAND: POST /session/3097350609915d1f0d0e7f0005360ed5/element - {"using":"xpath","value":"//button[@data-kt=\"PickingTableConfirmAllButton\"]"}
RESULT: {"using":"xpath","value":"//button[@data-kt=\"PickingTableConfirmAllButton\"]"}
COMMAND: POST /session/3097350609915d1f0d0e7f0005360ed5/element/f.185E35FC6384979D85E72AD7E1746CD8.d.92FA09DB737AC5FC85A9CE77182B0C08.e.17211/click - {}
RESULT: {}
COMMAND: GET /session/3097350609915d1f0d0e7f0005360ed5/screenshot - {}
RESULT: {}
COMMAND: POST /session/3097350609915d1f0d0e7f0005360ed5/element - {"using":"xpath","value":"//bdi[contains(text(), \"OK\")]"}
RESULT: {"using":"xpath","value":"//bdi[contains(text(), \"OK\")]"}
COMMAND: POST /session/3097350609915d1f0d0e7f0005360ed5/element/f.185E35FC6384979D85E72AD7E1746CD8.d.92FA09DB737AC5FC85A9CE77182B0C08.e.17215/click - {}
RESULT: {}
COMMAND: GET /session/3097350609915d1f0d0e7f0005360ed5/screenshot - {}
RESULT: {}
COMMAND: POST /session/3097350609915d1f0d0e7f0005360ed5/element - {"using":"xpath","value":"//bdi[contains(text(), \"Issue\")]"}
RESULT: {"using":"xpath","value":"//bdi[contains(text(), \"Issue\")]"}
COMMAND: POST /session/3097350609915d1f0d0e7f0005360ed5/element/f.185E35FC6384979D85E72AD7E1746CD8.d.92FA09DB737AC5FC85A9CE77182B0C08.e.17216/click - {}
RESULT: {}
COMMAND: GET /session/3097350609915d1f0d0e7f0005360ed5/screenshot - {}
RESULT: {}
COMMAND: POST /session/3097350609915d1f0d0e7f0005360ed5/element - {"using":"css selector","value":"#shell-header-logo"}
RESULT: {"using":"css selector","value":"#shell-header-logo"}
COMMAND: POST /session/3097350609915d1f0d0e7f0005360ed5/element/f.185E35FC6384979D85E72AD7E1746CD8.d.92FA09DB737AC5FC85A9CE77182B0C08.e.16213/click - {}
RESULT: {}
COMMAND: GET /session/3097350609915d1f0d0e7f0005360ed5/screenshot - {}
RESULT: {}
]]></system-out>
    </testcase>
    <testcase classname="chrome.136_0_7103_93.windows.Performance_based_billing_(work_days)_US139742" name="Should create a few performance documents" time="100.372">
      <system-out><![CDATA[
COMMAND: POST /session/3097350609915d1f0d0e7f0005360ed5/execute/async - {"script":"<script> [1562 bytes]","args":[{"selector":{"controlType":"sap.m.GenericTile","properties":{"header":"Manage States & Performance"}},"wdio_ui5_key":"sapm.GenericTile{\"header\":\"Manage States & Performance\"}"}]}
RESULT: {"script":"<script> [1562 bytes]","args":[{"selector":{"controlType":"sap.m.GenericTile","properties":{"header":"Manage States & Performance"}},"wdio_ui5_key":"sapm.GenericTile{\"header\":\"Manage States & Performance\"}"}]}
RESULT: undefined
COMMAND: POST /session/3097350609915d1f0d0e7f0005360ed5/element - {"using":"xpath","value":"//*[@id=\"__tile56\"]"}
RESULT: {"using":"xpath","value":"//*[@id=\"__tile56\"]"}
COMMAND: POST /session/3097350609915d1f0d0e7f0005360ed5/element/f.185E35FC6384979D85E72AD7E1746CD8.d.92FA09DB737AC5FC85A9CE77182B0C08.e.13885/click - {}
RESULT: {}
COMMAND: GET /session/3097350609915d1f0d0e7f0005360ed5/screenshot - {}
RESULT: {}
COMMAND: POST /session/3097350609915d1f0d0e7f0005360ed5/elements - {"using":"xpath","value":"//span[text()='Error']"}
RESULT: {"using":"xpath","value":"//span[text()='Error']"}
COMMAND: POST /session/3097350609915d1f0d0e7f0005360ed5/element - {"using":"xpath","value":"//div[@id=\"application-managestatesandperformance-display-component---stateAndPerform--smartFilterBarResources-btnBasicSearch\"]"}
RESULT: {"using":"xpath","value":"//div[@id=\"application-managestatesandperformance-display-component---stateAndPerform--smartFilterBarResources-btnBasicSearch\"]"}
COMMAND: POST /session/3097350609915d1f0d0e7f0005360ed5/elements - {"using":"xpath","value":"//div[@id=\"application-managestatesandperformance-display-component---stateAndPerform--smartFilterBarResources-btnBasicSearch\"]"}
RESULT: {"using":"xpath","value":"//div[@id=\"application-managestatesandperformance-display-component---stateAndPerform--smartFilterBarResources-btnBasicSearch\"]"}
COMMAND: POST /session/3097350609915d1f0d0e7f0005360ed5/execute/sync - {"script":"<script> [8489 bytes]","args":[{"element-6066-11e4-a52e-4f735466cecf":"f.185E35FC6384979D85E72AD7E1746CD8.d.92FA09DB737AC5FC85A9CE77182B0C08.e.17488","ELEMENT":"f.185E35FC6384979D85E72AD7E1746CD8.d.92FA09DB737AC5FC85A9CE77182B0C08.e.17488"}]}
RESULT: {"script":"<script> [8489 bytes]","args":[{"element-6066-11e4-a52e-4f735466cecf":"f.185E35FC6384979D85E72AD7E1746CD8.d.92FA09DB737AC5FC85A9CE77182B0C08.e.17488","ELEMENT":"f.185E35FC6384979D85E72AD7E1746CD8.d.92FA09DB737AC5FC85A9CE77182B0C08.e.17488"}]}
COMMAND: GET /session/3097350609915d1f0d0e7f0005360ed5/element/f.185E35FC6384979D85E72AD7E1746CD8.d.92FA09DB737AC5FC85A9CE77182B0C08.e.17488/enabled - {}
COMMAND: GET /session/3097350609915d1f0d0e7f0005360ed5/screenshot - {}
RESULT: {}
COMMAND: POST /session/3097350609915d1f0d0e7f0005360ed5/execute/sync - {"script":"<script> [8489 bytes]","args":[{"element-6066-11e4-a52e-4f735466cecf":"f.185E35FC6384979D85E72AD7E1746CD8.d.92FA09DB737AC5FC85A9CE77182B0C08.e.17488","ELEMENT":"f.185E35FC6384979D85E72AD7E1746CD8.d.92FA09DB737AC5FC85A9CE77182B0C08.e.17488"}]}
COMMAND: GET /session/3097350609915d1f0d0e7f0005360ed5/screenshot - {}
RESULT: {}
RESULT: {"script":"<script> [8489 bytes]","args":[{"element-6066-11e4-a52e-4f735466cecf":"f.185E35FC6384979D85E72AD7E1746CD8.d.92FA09DB737AC5FC85A9CE77182B0C08.e.17488","ELEMENT":"f.185E35FC6384979D85E72AD7E1746CD8.d.92FA09DB737AC5FC85A9CE77182B0C08.e.17488"}]}
COMMAND: POST /session/3097350609915d1f0d0e7f0005360ed5/execute/sync - {"script":"<script> [5351 bytes]","args":[{"element-6066-11e4-a52e-4f735466cecf":"f.185E35FC6384979D85E72AD7E1746CD8.d.92FA09DB737AC5FC85A9CE77182B0C08.e.17488","ELEMENT":"f.185E35FC6384979D85E72AD7E1746CD8.d.92FA09DB737AC5FC85A9CE77182B0C08.e.17488"}]}
COMMAND: GET /session/3097350609915d1f0d0e7f0005360ed5/screenshot - {}
RESULT: {}
RESULT: {"script":"<script> [5351 bytes]","args":[{"element-6066-11e4-a52e-4f735466cecf":"f.185E35FC6384979D85E72AD7E1746CD8.d.92FA09DB737AC5FC85A9CE77182B0C08.e.17488","ELEMENT":"f.185E35FC6384979D85E72AD7E1746CD8.d.92FA09DB737AC5FC85A9CE77182B0C08.e.17488"}]}
COMMAND: POST /session/3097350609915d1f0d0e7f0005360ed5/execute/async - {"script":"<script> [1562 bytes]","args":[{"selector":{"id":"application-managestatesandperformance-display-component---stateAndPerform--smartFilterBarResources-btnBasicSearch","interaction":{"idSuffix":"I"}},"wdio_ui5_key":"applicationmanagestatesandperformance-display-component---stateAndPerform--smartFilterBarResources-btnBasicSearch"}]}
COMMAND: GET /session/3097350609915d1f0d0e7f0005360ed5/screenshot - {}
RESULT: {}
RESULT: {"script":"<script> [1562 bytes]","args":[{"selector":{"id":"application-managestatesandperformance-display-component---stateAndPerform--smartFilterBarResources-btnBasicSearch","interaction":{"idSuffix":"I"}},"wdio_ui5_key":"applicationmanagestatesandperformance-display-component---stateAndPerform--smartFilterBarResources-btnBasicSearch"}]}
RESULT: undefined
COMMAND: POST /session/3097350609915d1f0d0e7f0005360ed5/execute/async - {"script":"<script> [776 bytes]","args":[{"enterText":"r1N3GANLKd","selector":{"id":"application-managestatesandperformance-display-component---stateAndPerform--smartFilterBarResources-btnBasicSearch","interaction":{"idSuffix":"I"}},"clearTextFirst":true,"interactionType":"ENTER_TEXT"}]}
RESULT: {}
RESULT: {"script":"<script> [776 bytes]","args":[{"enterText":"r1N3GANLKd","selector":{"id":"application-managestatesandperformance-display-component---stateAndPerform--smartFilterBarResources-btnBasicSearch","interaction":{"idSuffix":"I"}},"clearTextFirst":true,"interactionType":"ENTER_TEXT"}]}
COMMAND: POST /session/3097350609915d1f0d0e7f0005360ed5/actions - {"actions":[{"id":"action62","type":"key","parameters":{},"actions":[{"type":"keyDown","value":"î€‡"},{"type":"pause","duration":10},{"type":"keyUp","value":"î€‡"}]}]}
RESULT: {"actions":[{"id":"action62","type":"key","parameters":{},"actions":[{"type":"keyDown","value":"î€‡"},{"type":"pause","duration":10},{"type":"keyUp","value":"î€‡"}]}]}
COMMAND: GET /session/3097350609915d1f0d0e7f0005360ed5/screenshot - {}
RESULT: {}
COMMAND: POST /session/3097350609915d1f0d0e7f0005360ed5/execute/async - {"script":"<script> [1562 bytes]","args":[{"selector":{"id":"application-managestatesandperformance-display-component---stateAndPerform--stateAndPerformResourcesSmartTable-header"},"wdio_ui5_key":"applicationmanagestatesandperformance-display-component---stateAndPerform--stateAndPerformResourcesSmartTable-header"}]}
RESULT: {"script":"<script> [1562 bytes]","args":[{"selector":{"id":"application-managestatesandperformance-display-component---stateAndPerform--stateAndPerformResourcesSmartTable-header"},"wdio_ui5_key":"applicationmanagestatesandperformance-display-component---stateAndPerform--stateAndPerformResourcesSmartTable-header"}]}
RESULT: undefined
COMMAND: POST /session/3097350609915d1f0d0e7f0005360ed5/execute/async - {"script":"<script> [6424 bytes]","args":[{"element-6066-11e4-a52e-4f735466cecf":"f.185E35FC6384979D85E72AD7E1746CD8.d.92FA09DB737AC5FC85A9CE77182B0C08.e.17503"},"getText",[]]}
RESULT: {"script":"<script> [6424 bytes]","args":[{"element-6066-11e4-a52e-4f735466cecf":"f.185E35FC6384979D85E72AD7E1746CD8.d.92FA09DB737AC5FC85A9CE77182B0C08.e.17503"},"getText",[]]}
COMMAND: POST /session/3097350609915d1f0d0e7f0005360ed5/execute/async - {"script":"<script> [1562 bytes]","args":[{"selector":{"controlType":"sap.ui.core.Icon","viewName":"etm.portal.ui.managestatesandperformance.view.Master","viewId":"application-managestatesandperformance-display-component---stateAndPerform","properties":{"src":{"regex":{"source":"slim\\-arrow\\-right"}}}},"wdio_ui5_key":"etmportal.ui.managestatesandperformance.view.Mastersap.ui.core.Icon{\"src\":{\"regex\":{\"source\":\"slim\\\\-arrow\\\\-right\"}}}"}]}
RESULT: {"script":"<script> [1562 bytes]","args":[{"selector":{"controlType":"sap.ui.core.Icon","viewName":"etm.portal.ui.managestatesandperformance.view.Master","viewId":"application-managestatesandperformance-display-component---stateAndPerform","properties":{"src":{"regex":{"source":"slim\\-arrow\\-right"}}}},"wdio_ui5_key":"etmportal.ui.managestatesandperformance.view.Mastersap.ui.core.Icon{\"src\":{\"regex\":{\"source\":\"slim\\\\-arrow\\\\-right\"}}}"}]}
RESULT: undefined
COMMAND: POST /session/3097350609915d1f0d0e7f0005360ed5/element - {"using":"xpath","value":"//*[@id=\"__item2566-__clone4456-imgNav\"]"}
RESULT: {"using":"xpath","value":"//*[@id=\"__item2566-__clone4456-imgNav\"]"}
COMMAND: POST /session/3097350609915d1f0d0e7f0005360ed5/element/f.185E35FC6384979D85E72AD7E1746CD8.d.92FA09DB737AC5FC85A9CE77182B0C08.e.17502/click - {}
RESULT: {}
COMMAND: GET /session/3097350609915d1f0d0e7f0005360ed5/screenshot - {}
RESULT: {}
COMMAND: POST /session/3097350609915d1f0d0e7f0005360ed5/execute/async - {"script":"<script> [1562 bytes]","args":[{"selector":{"controlType":"sap.m.Button","viewName":"etm.portal.ui.managestatesandperformance.view.Detail","viewId":"application-managestatesandperformance-display-component---detailStateAndPerform","properties":{"text":"Performance Documents"}},"wdio_ui5_key":"etmportal.ui.managestatesandperformance.view.Detailsap.m.Button{\"text\":\"Performance Documents\"}"}]}
RESULT: {"script":"<script> [1562 bytes]","args":[{"selector":{"controlType":"sap.m.Button","viewName":"etm.portal.ui.managestatesandperformance.view.Detail","viewId":"application-managestatesandperformance-display-component---detailStateAndPerform","properties":{"text":"Performance Documents"}},"wdio_ui5_key":"etmportal.ui.managestatesandperformance.view.Detailsap.m.Button{\"text\":\"Performance Documents\"}"}]}
RESULT: undefined
COMMAND: POST /session/3097350609915d1f0d0e7f0005360ed5/element - {"using":"xpath","value":"//*[@id=\"__item2589-button\"]"}
RESULT: {"using":"xpath","value":"//*[@id=\"__item2589-button\"]"}
COMMAND: POST /session/3097350609915d1f0d0e7f0005360ed5/element/f.185E35FC6384979D85E72AD7E1746CD8.d.92FA09DB737AC5FC85A9CE77182B0C08.e.17548/click - {}
RESULT: {}
COMMAND: POST /session/3097350609915d1f0d0e7f0005360ed5/execute/async - {"script":"<script> [1562 bytes]","args":[{"selector":{"controlType":"sap.m.Button","viewName":"etm.portal.ui.managestatesandperformance.view.Detail","viewId":"application-managestatesandperformance-display-component---detailStateAndPerform","i18NText":{"propertyName":"text","key":"createPerformanceDoc"},"interaction":{"idSuffix":"BDI-content"}},"wdio_ui5_key":"etmportal.ui.managestatesandperformance.view.Detailsap.m.Button{\"propertyName\":\"text\",\"key\":\"createPerformanceDoc\"}"}]}
COMMAND: GET /session/3097350609915d1f0d0e7f0005360ed5/screenshot - {}
RESULT: {"script":"<script> [1562 bytes]","args":[{"selector":{"controlType":"sap.m.Button","viewName":"etm.portal.ui.managestatesandperformance.view.Detail","viewId":"application-managestatesandperformance-display-component---detailStateAndPerform","i18NText":{"propertyName":"text","key":"createPerformanceDoc"},"interaction":{"idSuffix":"BDI-content"}},"wdio_ui5_key":"etmportal.ui.managestatesandperformance.view.Detailsap.m.Button{\"propertyName\":\"text\",\"key\":\"createPerformanceDoc\"}"}]}
RESULT: undefined
COMMAND: POST /session/3097350609915d1f0d0e7f0005360ed5/element - {"using":"xpath","value":"//*[@id=\"__button358\"]"}
RESULT: {}
RESULT: {"using":"xpath","value":"//*[@id=\"__button358\"]"}
COMMAND: POST /session/3097350609915d1f0d0e7f0005360ed5/element/f.185E35FC6384979D85E72AD7E1746CD8.d.92FA09DB737AC5FC85A9CE77182B0C08.e.17551/click - {}
RESULT: {}
COMMAND: POST /session/3097350609915d1f0d0e7f0005360ed5/execute/async - {"script":"<script> [1562 bytes]","args":[{"selector":{"id":"application-managestatesandperformance-display-component---detailStateAndPerform--perfDocDatePicker","searchOpenDialogs":true,"interaction":{"idSuffix":"inner"}},"wdio_ui5_key":"applicationmanagestatesandperformance-display-component---detailStateAndPerform--perfDocDatePicker"}]}
COMMAND: GET /session/3097350609915d1f0d0e7f0005360ed5/screenshot - {}
RESULT: {"script":"<script> [1562 bytes]","args":[{"selector":{"id":"application-managestatesandperformance-display-component---detailStateAndPerform--perfDocDatePicker","searchOpenDialogs":true,"interaction":{"idSuffix":"inner"}},"wdio_ui5_key":"applicationmanagestatesandperformance-display-component---detailStateAndPerform--perfDocDatePicker"}]}
RESULT: undefined
COMMAND: POST /session/3097350609915d1f0d0e7f0005360ed5/execute/async - {"script":"<script> [776 bytes]","args":[{"enterText":"5/20/25","selector":{"id":"application-managestatesandperformance-display-component---detailStateAndPerform--perfDocDatePicker","searchOpenDialogs":true,"interaction":{"idSuffix":"inner"}},"clearTextFirst":true,"interactionType":"ENTER_TEXT"}]}
RESULT: {}
RESULT: {"script":"<script> [776 bytes]","args":[{"enterText":"5/20/25","selector":{"id":"application-managestatesandperformance-display-component---detailStateAndPerform--perfDocDatePicker","searchOpenDialogs":true,"interaction":{"idSuffix":"inner"}},"clearTextFirst":true,"interactionType":"ENTER_TEXT"}]}
COMMAND: POST /session/3097350609915d1f0d0e7f0005360ed5/execute/async - {"script":"<script> [1562 bytes]","args":[{"selector":{"id":"application-managestatesandperformance-display-component---detailStateAndPerform--counterValue-input","searchOpenDialogs":true,"interaction":{"idSuffix":"inner"}},"wdio_ui5_key":"applicationmanagestatesandperformance-display-component---detailStateAndPerform--counterValue-input"}]}
RESULT: {"script":"<script> [1562 bytes]","args":[{"selector":{"id":"application-managestatesandperformance-display-component---detailStateAndPerform--counterValue-input","searchOpenDialogs":true,"interaction":{"idSuffix":"inner"}},"wdio_ui5_key":"applicationmanagestatesandperformance-display-component---detailStateAndPerform--counterValue-input"}]}
RESULT: undefined
COMMAND: POST /session/3097350609915d1f0d0e7f0005360ed5/execute/async - {"script":"<script> [776 bytes]","args":[{"enterText":"15.00","selector":{"id":"application-managestatesandperformance-display-component---detailStateAndPerform--counterValue-input","searchOpenDialogs":true,"interaction":{"idSuffix":"inner"}},"clearTextFirst":true,"interactionType":"ENTER_TEXT"}]}
RESULT: {"script":"<script> [776 bytes]","args":[{"enterText":"15.00","selector":{"id":"application-managestatesandperformance-display-component---detailStateAndPerform--counterValue-input","searchOpenDialogs":true,"interaction":{"idSuffix":"inner"}},"clearTextFirst":true,"interactionType":"ENTER_TEXT"}]}
COMMAND: POST /session/3097350609915d1f0d0e7f0005360ed5/execute/async - {"script":"<script> [1562 bytes]","args":[{"selector":{"controlType":"sap.m.Button","viewName":"etm.portal.ui.managestatesandperformance.view.Detail","viewId":"application-managestatesandperformance-display-component---detailStateAndPerform","bindingPath":{"path":"","propertyPath":"/allowAddEdit","modelName":"oScreenModel"},"searchOpenDialogs":true,"interaction":{"idSuffix":"BDI-content"}},"wdio_ui5_key":"etmportal.ui.managestatesandperformance.view.Detailsap.m.Button{\"path\":\"\",\"propertyPath\":\"/allowAddEdit\",\"modelName\":\"oScreenModel\"}"}]}
RESULT: {"script":"<script> [1562 bytes]","args":[{"selector":{"controlType":"sap.m.Button","viewName":"etm.portal.ui.managestatesandperformance.view.Detail","viewId":"application-managestatesandperformance-display-component---detailStateAndPerform","bindingPath":{"path":"","propertyPath":"/allowAddEdit","modelName":"oScreenModel"},"searchOpenDialogs":true,"interaction":{"idSuffix":"BDI-content"}},"wdio_ui5_key":"etmportal.ui.managestatesandperformance.view.Detailsap.m.Button{\"path\":\"\",\"propertyPath\":\"/allowAddEdit\",\"modelName\":\"oScreenModel\"}"}]}
RESULT: undefined
COMMAND: POST /session/3097350609915d1f0d0e7f0005360ed5/element - {"using":"xpath","value":"//*[@id=\"__button365\"]"}
RESULT: {"using":"xpath","value":"//*[@id=\"__button365\"]"}
COMMAND: POST /session/3097350609915d1f0d0e7f0005360ed5/element/f.185E35FC6384979D85E72AD7E1746CD8.d.92FA09DB737AC5FC85A9CE77182B0C08.e.17571/click - {}
RESULT: {}
RESULT: undefined
COMMAND: POST /session/3097350609915d1f0d0e7f0005360ed5/element - {"using":"xpath","value":"//*[@id=\"__button358\"]"}
COMMAND: GET /session/3097350609915d1f0d0e7f0005360ed5/screenshot - {}
RESULT: {"using":"xpath","value":"//*[@id=\"__button358\"]"}
COMMAND: POST /session/3097350609915d1f0d0e7f0005360ed5/element/f.185E35FC6384979D85E72AD7E1746CD8.d.92FA09DB737AC5FC85A9CE77182B0C08.e.17551/click - {}
RESULT: {}
RESULT: {}
RESULT: undefined
COMMAND: POST /session/3097350609915d1f0d0e7f0005360ed5/execute/async - {"script":"<script> [776 bytes]","args":[{"enterText":"5/24/25","selector":{"id":"application-managestatesandperformance-display-component---detailStateAndPerform--perfDocDatePicker","searchOpenDialogs":true,"interaction":{"idSuffix":"inner"}},"clearTextFirst":true,"interactionType":"ENTER_TEXT"}]}
COMMAND: GET /session/3097350609915d1f0d0e7f0005360ed5/screenshot - {}
RESULT: {"script":"<script> [776 bytes]","args":[{"enterText":"5/24/25","selector":{"id":"application-managestatesandperformance-display-component---detailStateAndPerform--perfDocDatePicker","searchOpenDialogs":true,"interaction":{"idSuffix":"inner"}},"clearTextFirst":true,"interactionType":"ENTER_TEXT"}]}
RESULT: undefined
COMMAND: POST /session/3097350609915d1f0d0e7f0005360ed5/execute/async - {"script":"<script> [776 bytes]","args":[{"enterText":"20.00","selector":{"id":"application-managestatesandperformance-display-component---detailStateAndPerform--counterValue-input","searchOpenDialogs":true,"interaction":{"idSuffix":"inner"}},"clearTextFirst":true,"interactionType":"ENTER_TEXT"}]}
RESULT: {}
RESULT: {"script":"<script> [776 bytes]","args":[{"enterText":"20.00","selector":{"id":"application-managestatesandperformance-display-component---detailStateAndPerform--counterValue-input","searchOpenDialogs":true,"interaction":{"idSuffix":"inner"}},"clearTextFirst":true,"interactionType":"ENTER_TEXT"}]}
COMMAND: POST /session/3097350609915d1f0d0e7f0005360ed5/actions - {"actions":[{"id":"action63","type":"key","parameters":{},"actions":[{"type":"keyDown","value":"î€„"},{"type":"keyDown","value":"î€„"},{"type":"pause","duration":10},{"type":"keyUp","value":"î€„"},{"type":"keyUp","value":"î€„"}]}]}
RESULT: {"actions":[{"id":"action63","type":"key","parameters":{},"actions":[{"type":"keyDown","value":"î€„"},{"type":"keyDown","value":"î€„"},{"type":"pause","duration":10},{"type":"keyUp","value":"î€„"},{"type":"keyUp","value":"î€„"}]}]}
COMMAND: POST /session/3097350609915d1f0d0e7f0005360ed5/actions - {"actions":[{"id":"action64","type":"key","parameters":{},"actions":[{"type":"keyDown","value":"î€‡"},{"type":"pause","duration":10},{"type":"keyUp","value":"î€‡"}]}]}
COMMAND: GET /session/3097350609915d1f0d0e7f0005360ed5/screenshot - {}
RESULT: {"actions":[{"id":"action64","type":"key","parameters":{},"actions":[{"type":"keyDown","value":"î€‡"},{"type":"pause","duration":10},{"type":"keyUp","value":"î€‡"}]}]}
RESULT: undefined
COMMAND: POST /session/3097350609915d1f0d0e7f0005360ed5/element - {"using":"xpath","value":"//*[@id=\"__button365\"]"}
COMMAND: GET /session/3097350609915d1f0d0e7f0005360ed5/screenshot - {}
RESULT: {}
RESULT: {"using":"xpath","value":"//*[@id=\"__button365\"]"}
COMMAND: POST /session/3097350609915d1f0d0e7f0005360ed5/elements - {"using":"xpath","value":"//*[@id=\"__button365\"]"}
RESULT: {}
RESULT: {"using":"xpath","value":"//*[@id=\"__button365\"]"}
COMMAND: POST /session/3097350609915d1f0d0e7f0005360ed5/elements - {"using":"xpath","value":"//*[@id=\"__button365\"]"}
RESULT: {"using":"xpath","value":"//*[@id=\"__button365\"]"}
COMMAND: POST /session/3097350609915d1f0d0e7f0005360ed5/elements - {"using":"xpath","value":"//*[@id=\"__button365\"]"}
RESULT: {"using":"xpath","value":"//*[@id=\"__button365\"]"}
COMMAND: POST /session/3097350609915d1f0d0e7f0005360ed5/elements - {"using":"xpath","value":"//*[@id=\"__button365\"]"}
RESULT: {"using":"xpath","value":"//*[@id=\"__button365\"]"}
COMMAND: POST /session/3097350609915d1f0d0e7f0005360ed5/elements - {"using":"xpath","value":"//*[@id=\"__button365\"]"}
RESULT: {"using":"xpath","value":"//*[@id=\"__button365\"]"}
COMMAND: POST /session/3097350609915d1f0d0e7f0005360ed5/elements - {"using":"xpath","value":"//*[@id=\"__button365\"]"}
RESULT: {"using":"xpath","value":"//*[@id=\"__button365\"]"}
COMMAND: POST /session/3097350609915d1f0d0e7f0005360ed5/elements - {"using":"xpath","value":"//*[@id=\"__button365\"]"}
RESULT: {"using":"xpath","value":"//*[@id=\"__button365\"]"}
COMMAND: POST /session/3097350609915d1f0d0e7f0005360ed5/elements - {"using":"xpath","value":"//*[@id=\"__button365\"]"}
RESULT: {"using":"xpath","value":"//*[@id=\"__button365\"]"}
COMMAND: POST /session/3097350609915d1f0d0e7f0005360ed5/elements - {"using":"xpath","value":"//*[@id=\"__button365\"]"}
RESULT: {"using":"xpath","value":"//*[@id=\"__button365\"]"}
COMMAND: POST /session/3097350609915d1f0d0e7f0005360ed5/elements - {"using":"xpath","value":"//*[@id=\"__button365\"]"}
RESULT: {"using":"xpath","value":"//*[@id=\"__button365\"]"}
COMMAND: POST /session/3097350609915d1f0d0e7f0005360ed5/elements - {"using":"xpath","value":"//*[@id=\"__button365\"]"}
RESULT: {"using":"xpath","value":"//*[@id=\"__button365\"]"}
COMMAND: POST /session/3097350609915d1f0d0e7f0005360ed5/elements - {"using":"xpath","value":"//*[@id=\"__button365\"]"}
RESULT: {"using":"xpath","value":"//*[@id=\"__button365\"]"}
COMMAND: POST /session/3097350609915d1f0d0e7f0005360ed5/elements - {"using":"xpath","value":"//*[@id=\"__button365\"]"}
RESULT: {"using":"xpath","value":"//*[@id=\"__button365\"]"}
COMMAND: POST /session/3097350609915d1f0d0e7f0005360ed5/elements - {"using":"xpath","value":"//*[@id=\"__button365\"]"}
RESULT: {"using":"xpath","value":"//*[@id=\"__button365\"]"}
COMMAND: POST /session/3097350609915d1f0d0e7f0005360ed5/elements - {"using":"xpath","value":"//*[@id=\"__button365\"]"}
RESULT: {"using":"xpath","value":"//*[@id=\"__button365\"]"}
COMMAND: POST /session/3097350609915d1f0d0e7f0005360ed5/elements - {"using":"xpath","value":"//*[@id=\"__button365\"]"}
RESULT: {"using":"xpath","value":"//*[@id=\"__button365\"]"}
COMMAND: POST /session/3097350609915d1f0d0e7f0005360ed5/elements - {"using":"xpath","value":"//*[@id=\"__button365\"]"}
RESULT: {"using":"xpath","value":"//*[@id=\"__button365\"]"}
COMMAND: POST /session/3097350609915d1f0d0e7f0005360ed5/elements - {"using":"xpath","value":"//*[@id=\"__button365\"]"}
RESULT: {"using":"xpath","value":"//*[@id=\"__button365\"]"}
COMMAND: POST /session/3097350609915d1f0d0e7f0005360ed5/elements - {"using":"xpath","value":"//*[@id=\"__button365\"]"}
RESULT: {"using":"xpath","value":"//*[@id=\"__button365\"]"}
COMMAND: POST /session/3097350609915d1f0d0e7f0005360ed5/elements - {"using":"xpath","value":"//*[@id=\"__button365\"]"}
RESULT: {"using":"xpath","value":"//*[@id=\"__button365\"]"}
COMMAND: POST /session/3097350609915d1f0d0e7f0005360ed5/elements - {"using":"xpath","value":"//*[@id=\"__button365\"]"}
RESULT: {"using":"xpath","value":"//*[@id=\"__button365\"]"}
COMMAND: POST /session/3097350609915d1f0d0e7f0005360ed5/elements - {"using":"xpath","value":"//*[@id=\"__button365\"]"}
RESULT: {"using":"xpath","value":"//*[@id=\"__button365\"]"}
COMMAND: POST /session/3097350609915d1f0d0e7f0005360ed5/elements - {"using":"xpath","value":"//*[@id=\"__button365\"]"}
RESULT: {"using":"xpath","value":"//*[@id=\"__button365\"]"}
COMMAND: POST /session/3097350609915d1f0d0e7f0005360ed5/elements - {"using":"xpath","value":"//*[@id=\"__button365\"]"}
RESULT: {"using":"xpath","value":"//*[@id=\"__button365\"]"}
COMMAND: POST /session/3097350609915d1f0d0e7f0005360ed5/elements - {"using":"xpath","value":"//*[@id=\"__button365\"]"}
RESULT: {"using":"xpath","value":"//*[@id=\"__button365\"]"}
COMMAND: POST /session/3097350609915d1f0d0e7f0005360ed5/elements - {"using":"xpath","value":"//*[@id=\"__button365\"]"}
RESULT: {"using":"xpath","value":"//*[@id=\"__button365\"]"}
COMMAND: POST /session/3097350609915d1f0d0e7f0005360ed5/elements - {"using":"xpath","value":"//*[@id=\"__button365\"]"}
RESULT: {"using":"xpath","value":"//*[@id=\"__button365\"]"}
COMMAND: POST /session/3097350609915d1f0d0e7f0005360ed5/elements - {"using":"xpath","value":"//*[@id=\"__button365\"]"}
RESULT: {"using":"xpath","value":"//*[@id=\"__button365\"]"}
COMMAND: POST /session/3097350609915d1f0d0e7f0005360ed5/elements - {"using":"xpath","value":"//*[@id=\"__button365\"]"}
RESULT: {"using":"xpath","value":"//*[@id=\"__button365\"]"}
COMMAND: POST /session/3097350609915d1f0d0e7f0005360ed5/elements - {"using":"xpath","value":"//*[@id=\"__button365\"]"}
RESULT: {"using":"xpath","value":"//*[@id=\"__button365\"]"}
COMMAND: POST /session/3097350609915d1f0d0e7f0005360ed5/elements - {"using":"xpath","value":"//*[@id=\"__button365\"]"}
RESULT: {"using":"xpath","value":"//*[@id=\"__button365\"]"}
COMMAND: POST /session/3097350609915d1f0d0e7f0005360ed5/elements - {"using":"xpath","value":"//*[@id=\"__button365\"]"}
RESULT: {"using":"xpath","value":"//*[@id=\"__button365\"]"}
COMMAND: POST /session/3097350609915d1f0d0e7f0005360ed5/elements - {"using":"xpath","value":"//*[@id=\"__button365\"]"}
RESULT: {"using":"xpath","value":"//*[@id=\"__button365\"]"}
COMMAND: POST /session/3097350609915d1f0d0e7f0005360ed5/elements - {"using":"xpath","value":"//*[@id=\"__button365\"]"}
RESULT: {"using":"xpath","value":"//*[@id=\"__button365\"]"}
COMMAND: POST /session/3097350609915d1f0d0e7f0005360ed5/elements - {"using":"xpath","value":"//*[@id=\"__button365\"]"}
RESULT: {"using":"xpath","value":"//*[@id=\"__button365\"]"}
COMMAND: POST /session/3097350609915d1f0d0e7f0005360ed5/elements - {"using":"xpath","value":"//*[@id=\"__button365\"]"}
RESULT: {"using":"xpath","value":"//*[@id=\"__button365\"]"}
COMMAND: POST /session/3097350609915d1f0d0e7f0005360ed5/elements - {"using":"xpath","value":"//*[@id=\"__button365\"]"}
RESULT: {"using":"xpath","value":"//*[@id=\"__button365\"]"}
COMMAND: POST /session/3097350609915d1f0d0e7f0005360ed5/elements - {"using":"xpath","value":"//*[@id=\"__button365\"]"}
RESULT: {"using":"xpath","value":"//*[@id=\"__button365\"]"}
COMMAND: POST /session/3097350609915d1f0d0e7f0005360ed5/elements - {"using":"xpath","value":"//*[@id=\"__button365\"]"}
RESULT: {"using":"xpath","value":"//*[@id=\"__button365\"]"}
COMMAND: POST /session/3097350609915d1f0d0e7f0005360ed5/elements - {"using":"xpath","value":"//*[@id=\"__button365\"]"}
RESULT: {"using":"xpath","value":"//*[@id=\"__button365\"]"}
COMMAND: POST /session/3097350609915d1f0d0e7f0005360ed5/elements - {"using":"xpath","value":"//*[@id=\"__button365\"]"}
RESULT: {"using":"xpath","value":"//*[@id=\"__button365\"]"}
COMMAND: POST /session/3097350609915d1f0d0e7f0005360ed5/elements - {"using":"xpath","value":"//*[@id=\"__button365\"]"}
RESULT: {"using":"xpath","value":"//*[@id=\"__button365\"]"}
COMMAND: POST /session/3097350609915d1f0d0e7f0005360ed5/elements - {"using":"xpath","value":"//*[@id=\"__button365\"]"}
RESULT: {"using":"xpath","value":"//*[@id=\"__button365\"]"}
COMMAND: POST /session/3097350609915d1f0d0e7f0005360ed5/elements - {"using":"xpath","value":"//*[@id=\"__button365\"]"}
RESULT: {"using":"xpath","value":"//*[@id=\"__button365\"]"}
COMMAND: POST /session/3097350609915d1f0d0e7f0005360ed5/elements - {"using":"xpath","value":"//*[@id=\"__button365\"]"}
RESULT: {"using":"xpath","value":"//*[@id=\"__button365\"]"}
COMMAND: POST /session/3097350609915d1f0d0e7f0005360ed5/elements - {"using":"xpath","value":"//*[@id=\"__button365\"]"}
RESULT: {"using":"xpath","value":"//*[@id=\"__button365\"]"}
COMMAND: POST /session/3097350609915d1f0d0e7f0005360ed5/elements - {"using":"xpath","value":"//*[@id=\"__button365\"]"}
RESULT: {"using":"xpath","value":"//*[@id=\"__button365\"]"}
COMMAND: POST /session/3097350609915d1f0d0e7f0005360ed5/elements - {"using":"xpath","value":"//*[@id=\"__button365\"]"}
RESULT: {"using":"xpath","value":"//*[@id=\"__button365\"]"}
COMMAND: POST /session/3097350609915d1f0d0e7f0005360ed5/elements - {"using":"xpath","value":"//*[@id=\"__button365\"]"}
RESULT: {"using":"xpath","value":"//*[@id=\"__button365\"]"}
COMMAND: POST /session/3097350609915d1f0d0e7f0005360ed5/elements - {"using":"xpath","value":"//*[@id=\"__button365\"]"}
RESULT: {"using":"xpath","value":"//*[@id=\"__button365\"]"}
COMMAND: POST /session/3097350609915d1f0d0e7f0005360ed5/elements - {"using":"xpath","value":"//*[@id=\"__button365\"]"}
RESULT: {"using":"xpath","value":"//*[@id=\"__button365\"]"}
COMMAND: POST /session/3097350609915d1f0d0e7f0005360ed5/elements - {"using":"xpath","value":"//*[@id=\"__button365\"]"}
RESULT: {"using":"xpath","value":"//*[@id=\"__button365\"]"}
COMMAND: POST /session/3097350609915d1f0d0e7f0005360ed5/elements - {"using":"xpath","value":"//*[@id=\"__button365\"]"}
RESULT: {"using":"xpath","value":"//*[@id=\"__button365\"]"}
COMMAND: POST /session/3097350609915d1f0d0e7f0005360ed5/elements - {"using":"xpath","value":"//*[@id=\"__button365\"]"}
RESULT: {"using":"xpath","value":"//*[@id=\"__button365\"]"}
COMMAND: POST /session/3097350609915d1f0d0e7f0005360ed5/elements - {"using":"xpath","value":"//*[@id=\"__button365\"]"}
RESULT: {"using":"xpath","value":"//*[@id=\"__button365\"]"}
COMMAND: POST /session/3097350609915d1f0d0e7f0005360ed5/elements - {"using":"xpath","value":"//*[@id=\"__button365\"]"}
RESULT: {"using":"xpath","value":"//*[@id=\"__button365\"]"}
COMMAND: POST /session/3097350609915d1f0d0e7f0005360ed5/elements - {"using":"xpath","value":"//*[@id=\"__button365\"]"}
RESULT: {"using":"xpath","value":"//*[@id=\"__button365\"]"}
COMMAND: POST /session/3097350609915d1f0d0e7f0005360ed5/elements - {"using":"xpath","value":"//*[@id=\"__button365\"]"}
RESULT: {"using":"xpath","value":"//*[@id=\"__button365\"]"}
COMMAND: POST /session/3097350609915d1f0d0e7f0005360ed5/elements - {"using":"xpath","value":"//*[@id=\"__button365\"]"}
RESULT: {"using":"xpath","value":"//*[@id=\"__button365\"]"}
COMMAND: POST /session/3097350609915d1f0d0e7f0005360ed5/elements - {"using":"xpath","value":"//*[@id=\"__button365\"]"}
RESULT: {"using":"xpath","value":"//*[@id=\"__button365\"]"}
COMMAND: POST /session/3097350609915d1f0d0e7f0005360ed5/elements - {"using":"xpath","value":"//*[@id=\"__button365\"]"}
RESULT: {"using":"xpath","value":"//*[@id=\"__button365\"]"}
COMMAND: POST /session/3097350609915d1f0d0e7f0005360ed5/elements - {"using":"xpath","value":"//*[@id=\"__button365\"]"}
RESULT: {"using":"xpath","value":"//*[@id=\"__button365\"]"}
COMMAND: POST /session/3097350609915d1f0d0e7f0005360ed5/elements - {"using":"xpath","value":"//*[@id=\"__button365\"]"}
RESULT: {"using":"xpath","value":"//*[@id=\"__button365\"]"}
COMMAND: POST /session/3097350609915d1f0d0e7f0005360ed5/elements - {"using":"xpath","value":"//*[@id=\"__button365\"]"}
RESULT: {"using":"xpath","value":"//*[@id=\"__button365\"]"}
COMMAND: POST /session/3097350609915d1f0d0e7f0005360ed5/elements - {"using":"xpath","value":"//*[@id=\"__button365\"]"}
RESULT: {"using":"xpath","value":"//*[@id=\"__button365\"]"}
COMMAND: POST /session/3097350609915d1f0d0e7f0005360ed5/elements - {"using":"xpath","value":"//*[@id=\"__button365\"]"}
RESULT: {"using":"xpath","value":"//*[@id=\"__button365\"]"}
COMMAND: POST /session/3097350609915d1f0d0e7f0005360ed5/elements - {"using":"xpath","value":"//*[@id=\"__button365\"]"}
RESULT: {"using":"xpath","value":"//*[@id=\"__button365\"]"}
COMMAND: POST /session/3097350609915d1f0d0e7f0005360ed5/elements - {"using":"xpath","value":"//*[@id=\"__button365\"]"}
RESULT: {"using":"xpath","value":"//*[@id=\"__button365\"]"}
COMMAND: POST /session/3097350609915d1f0d0e7f0005360ed5/elements - {"using":"xpath","value":"//*[@id=\"__button365\"]"}
RESULT: {"using":"xpath","value":"//*[@id=\"__button365\"]"}
COMMAND: POST /session/3097350609915d1f0d0e7f0005360ed5/elements - {"using":"xpath","value":"//*[@id=\"__button365\"]"}
RESULT: {"using":"xpath","value":"//*[@id=\"__button365\"]"}
COMMAND: POST /session/3097350609915d1f0d0e7f0005360ed5/elements - {"using":"xpath","value":"//*[@id=\"__button365\"]"}
RESULT: {"using":"xpath","value":"//*[@id=\"__button365\"]"}
COMMAND: POST /session/3097350609915d1f0d0e7f0005360ed5/elements - {"using":"xpath","value":"//*[@id=\"__button365\"]"}
RESULT: {"using":"xpath","value":"//*[@id=\"__button365\"]"}
COMMAND: POST /session/3097350609915d1f0d0e7f0005360ed5/elements - {"using":"xpath","value":"//*[@id=\"__button365\"]"}
RESULT: {"using":"xpath","value":"//*[@id=\"__button365\"]"}
COMMAND: POST /session/3097350609915d1f0d0e7f0005360ed5/elements - {"using":"xpath","value":"//*[@id=\"__button365\"]"}
RESULT: {"using":"xpath","value":"//*[@id=\"__button365\"]"}
COMMAND: POST /session/3097350609915d1f0d0e7f0005360ed5/elements - {"using":"xpath","value":"//*[@id=\"__button365\"]"}
RESULT: {"using":"xpath","value":"//*[@id=\"__button365\"]"}
COMMAND: POST /session/3097350609915d1f0d0e7f0005360ed5/elements - {"using":"xpath","value":"//*[@id=\"__button365\"]"}
RESULT: {"using":"xpath","value":"//*[@id=\"__button365\"]"}
COMMAND: POST /session/3097350609915d1f0d0e7f0005360ed5/elements - {"using":"xpath","value":"//*[@id=\"__button365\"]"}
RESULT: {"using":"xpath","value":"//*[@id=\"__button365\"]"}
COMMAND: POST /session/3097350609915d1f0d0e7f0005360ed5/elements - {"using":"xpath","value":"//*[@id=\"__button365\"]"}
RESULT: {"using":"xpath","value":"//*[@id=\"__button365\"]"}
COMMAND: POST /session/3097350609915d1f0d0e7f0005360ed5/elements - {"using":"xpath","value":"//*[@id=\"__button365\"]"}
RESULT: {"using":"xpath","value":"//*[@id=\"__button365\"]"}
COMMAND: POST /session/3097350609915d1f0d0e7f0005360ed5/elements - {"using":"xpath","value":"//*[@id=\"__button365\"]"}
RESULT: {"using":"xpath","value":"//*[@id=\"__button365\"]"}
COMMAND: POST /session/3097350609915d1f0d0e7f0005360ed5/elements - {"using":"xpath","value":"//*[@id=\"__button365\"]"}
RESULT: {"using":"xpath","value":"//*[@id=\"__button365\"]"}
COMMAND: POST /session/3097350609915d1f0d0e7f0005360ed5/elements - {"using":"xpath","value":"//*[@id=\"__button365\"]"}
RESULT: {"using":"xpath","value":"//*[@id=\"__button365\"]"}
COMMAND: POST /session/3097350609915d1f0d0e7f0005360ed5/elements - {"using":"xpath","value":"//*[@id=\"__button365\"]"}
RESULT: {"using":"xpath","value":"//*[@id=\"__button365\"]"}
COMMAND: POST /session/3097350609915d1f0d0e7f0005360ed5/elements - {"using":"xpath","value":"//*[@id=\"__button365\"]"}
RESULT: {"using":"xpath","value":"//*[@id=\"__button365\"]"}
COMMAND: POST /session/3097350609915d1f0d0e7f0005360ed5/elements - {"using":"xpath","value":"//*[@id=\"__button365\"]"}
RESULT: {"using":"xpath","value":"//*[@id=\"__button365\"]"}
COMMAND: POST /session/3097350609915d1f0d0e7f0005360ed5/elements - {"using":"xpath","value":"//*[@id=\"__button365\"]"}
RESULT: {"using":"xpath","value":"//*[@id=\"__button365\"]"}
COMMAND: POST /session/3097350609915d1f0d0e7f0005360ed5/elements - {"using":"xpath","value":"//*[@id=\"__button365\"]"}
RESULT: {"using":"xpath","value":"//*[@id=\"__button365\"]"}
COMMAND: POST /session/3097350609915d1f0d0e7f0005360ed5/elements - {"using":"xpath","value":"//*[@id=\"__button365\"]"}
RESULT: {"using":"xpath","value":"//*[@id=\"__button365\"]"}
COMMAND: POST /session/3097350609915d1f0d0e7f0005360ed5/elements - {"using":"xpath","value":"//*[@id=\"__button365\"]"}
RESULT: {"using":"xpath","value":"//*[@id=\"__button365\"]"}
COMMAND: POST /session/3097350609915d1f0d0e7f0005360ed5/elements - {"using":"xpath","value":"//*[@id=\"__button365\"]"}
RESULT: {"using":"xpath","value":"//*[@id=\"__button365\"]"}
COMMAND: POST /session/3097350609915d1f0d0e7f0005360ed5/elements - {"using":"xpath","value":"//*[@id=\"__button365\"]"}
RESULT: {"using":"xpath","value":"//*[@id=\"__button365\"]"}
COMMAND: POST /session/3097350609915d1f0d0e7f0005360ed5/elements - {"using":"xpath","value":"//*[@id=\"__button365\"]"}
RESULT: {"using":"xpath","value":"//*[@id=\"__button365\"]"}
COMMAND: POST /session/3097350609915d1f0d0e7f0005360ed5/elements - {"using":"xpath","value":"//*[@id=\"__button365\"]"}
RESULT: {"using":"xpath","value":"//*[@id=\"__button365\"]"}
COMMAND: POST /session/3097350609915d1f0d0e7f0005360ed5/elements - {"using":"xpath","value":"//*[@id=\"__button365\"]"}
RESULT: {"using":"xpath","value":"//*[@id=\"__button365\"]"}
COMMAND: POST /session/3097350609915d1f0d0e7f0005360ed5/elements - {"using":"xpath","value":"//*[@id=\"__button365\"]"}
RESULT: {"using":"xpath","value":"//*[@id=\"__button365\"]"}
COMMAND: POST /session/3097350609915d1f0d0e7f0005360ed5/elements - {"using":"xpath","value":"//*[@id=\"__button365\"]"}
RESULT: {"using":"xpath","value":"//*[@id=\"__button365\"]"}
COMMAND: POST /session/3097350609915d1f0d0e7f0005360ed5/elements - {"using":"xpath","value":"//*[@id=\"__button365\"]"}
RESULT: {"using":"xpath","value":"//*[@id=\"__button365\"]"}
COMMAND: POST /session/3097350609915d1f0d0e7f0005360ed5/elements - {"using":"xpath","value":"//*[@id=\"__button365\"]"}
RESULT: {"using":"xpath","value":"//*[@id=\"__button365\"]"}
COMMAND: POST /session/3097350609915d1f0d0e7f0005360ed5/elements - {"using":"xpath","value":"//*[@id=\"__button365\"]"}
RESULT: {"using":"xpath","value":"//*[@id=\"__button365\"]"}
COMMAND: POST /session/3097350609915d1f0d0e7f0005360ed5/elements - {"using":"xpath","value":"//*[@id=\"__button365\"]"}
RESULT: {"using":"xpath","value":"//*[@id=\"__button365\"]"}
COMMAND: POST /session/3097350609915d1f0d0e7f0005360ed5/elements - {"using":"xpath","value":"//*[@id=\"__button365\"]"}
RESULT: {"using":"xpath","value":"//*[@id=\"__button365\"]"}
COMMAND: POST /session/3097350609915d1f0d0e7f0005360ed5/elements - {"using":"xpath","value":"//*[@id=\"__button365\"]"}
RESULT: {"using":"xpath","value":"//*[@id=\"__button365\"]"}
COMMAND: POST /session/3097350609915d1f0d0e7f0005360ed5/elements - {"using":"xpath","value":"//*[@id=\"__button365\"]"}
RESULT: {"using":"xpath","value":"//*[@id=\"__button365\"]"}
COMMAND: POST /session/3097350609915d1f0d0e7f0005360ed5/elements - {"using":"xpath","value":"//*[@id=\"__button365\"]"}
RESULT: {"using":"xpath","value":"//*[@id=\"__button365\"]"}
COMMAND: POST /session/3097350609915d1f0d0e7f0005360ed5/elements - {"using":"xpath","value":"//*[@id=\"__button365\"]"}
RESULT: {"using":"xpath","value":"//*[@id=\"__button365\"]"}
COMMAND: POST /session/3097350609915d1f0d0e7f0005360ed5/elements - {"using":"xpath","value":"//*[@id=\"__button365\"]"}
RESULT: {"using":"xpath","value":"//*[@id=\"__button365\"]"}
COMMAND: POST /session/3097350609915d1f0d0e7f0005360ed5/elements - {"using":"xpath","value":"//*[@id=\"__button365\"]"}
RESULT: {"using":"xpath","value":"//*[@id=\"__button365\"]"}
COMMAND: POST /session/3097350609915d1f0d0e7f0005360ed5/elements - {"using":"xpath","value":"//*[@id=\"__button365\"]"}
RESULT: {"using":"xpath","value":"//*[@id=\"__button365\"]"}
COMMAND: POST /session/3097350609915d1f0d0e7f0005360ed5/elements - {"using":"xpath","value":"//*[@id=\"__button365\"]"}
RESULT: {"using":"xpath","value":"//*[@id=\"__button365\"]"}
COMMAND: POST /session/3097350609915d1f0d0e7f0005360ed5/elements - {"using":"xpath","value":"//*[@id=\"__button365\"]"}
RESULT: {"using":"xpath","value":"//*[@id=\"__button365\"]"}
COMMAND: POST /session/3097350609915d1f0d0e7f0005360ed5/elements - {"using":"xpath","value":"//*[@id=\"__button365\"]"}
RESULT: {"using":"xpath","value":"//*[@id=\"__button365\"]"}
COMMAND: POST /session/3097350609915d1f0d0e7f0005360ed5/elements - {"using":"xpath","value":"//*[@id=\"__button365\"]"}
RESULT: {"using":"xpath","value":"//*[@id=\"__button365\"]"}
COMMAND: POST /session/3097350609915d1f0d0e7f0005360ed5/elements - {"using":"xpath","value":"//*[@id=\"__button365\"]"}
RESULT: {"using":"xpath","value":"//*[@id=\"__button365\"]"}
COMMAND: POST /session/3097350609915d1f0d0e7f0005360ed5/elements - {"using":"xpath","value":"//*[@id=\"__button365\"]"}
RESULT: {"using":"xpath","value":"//*[@id=\"__button365\"]"}
COMMAND: POST /session/3097350609915d1f0d0e7f0005360ed5/elements - {"using":"xpath","value":"//*[@id=\"__button365\"]"}
RESULT: {"using":"xpath","value":"//*[@id=\"__button365\"]"}
COMMAND: POST /session/3097350609915d1f0d0e7f0005360ed5/elements - {"using":"xpath","value":"//*[@id=\"__button365\"]"}
RESULT: {"using":"xpath","value":"//*[@id=\"__button365\"]"}
COMMAND: POST /session/3097350609915d1f0d0e7f0005360ed5/elements - {"using":"xpath","value":"//*[@id=\"__button365\"]"}
RESULT: {"using":"xpath","value":"//*[@id=\"__button365\"]"}
COMMAND: POST /session/3097350609915d1f0d0e7f0005360ed5/elements - {"using":"xpath","value":"//*[@id=\"__button365\"]"}
RESULT: {"using":"xpath","value":"//*[@id=\"__button365\"]"}
COMMAND: POST /session/3097350609915d1f0d0e7f0005360ed5/elements - {"using":"xpath","value":"//*[@id=\"__button365\"]"}
RESULT: {"using":"xpath","value":"//*[@id=\"__button365\"]"}
COMMAND: POST /session/3097350609915d1f0d0e7f0005360ed5/elements - {"using":"xpath","value":"//*[@id=\"__button365\"]"}
RESULT: {"using":"xpath","value":"//*[@id=\"__button365\"]"}
COMMAND: POST /session/3097350609915d1f0d0e7f0005360ed5/elements - {"using":"xpath","value":"//*[@id=\"__button365\"]"}
COMMAND: POST /session/3097350609915d1f0d0e7f0005360ed5/element - {"using":"css selector","value":"#shell-header-logo"}
RESULT: {"using":"xpath","value":"//*[@id=\"__button365\"]"}
RESULT: {"using":"css selector","value":"#shell-header-logo"}
COMMAND: POST /session/3097350609915d1f0d0e7f0005360ed5/execute/sync - {"script":"<script> [8489 bytes]","args":[{"element-6066-11e4-a52e-4f735466cecf":"f.185E35FC6384979D85E72AD7E1746CD8.d.92FA09DB737AC5FC85A9CE77182B0C08.e.17392","ELEMENT":"f.185E35FC6384979D85E72AD7E1746CD8.d.92FA09DB737AC5FC85A9CE77182B0C08.e.17392"}]}
RESULT: {"script":"<script> [8489 bytes]","args":[{"element-6066-11e4-a52e-4f735466cecf":"f.185E35FC6384979D85E72AD7E1746CD8.d.92FA09DB737AC5FC85A9CE77182B0C08.e.17392","ELEMENT":"f.185E35FC6384979D85E72AD7E1746CD8.d.92FA09DB737AC5FC85A9CE77182B0C08.e.17392"}]}
COMMAND: POST /session/3097350609915d1f0d0e7f0005360ed5/execute/sync - {"script":"<script> [5351 bytes]","args":[{"element-6066-11e4-a52e-4f735466cecf":"f.185E35FC6384979D85E72AD7E1746CD8.d.92FA09DB737AC5FC85A9CE77182B0C08.e.17392","ELEMENT":"f.185E35FC6384979D85E72AD7E1746CD8.d.92FA09DB737AC5FC85A9CE77182B0C08.e.17392"}]}
COMMAND: GET /session/3097350609915d1f0d0e7f0005360ed5/screenshot - {}
RESULT: {"script":"<script> [5351 bytes]","args":[{"element-6066-11e4-a52e-4f735466cecf":"f.185E35FC6384979D85E72AD7E1746CD8.d.92FA09DB737AC5FC85A9CE77182B0C08.e.17392","ELEMENT":"f.185E35FC6384979D85E72AD7E1746CD8.d.92FA09DB737AC5FC85A9CE77182B0C08.e.17392"}]}
COMMAND: POST /session/3097350609915d1f0d0e7f0005360ed5/element/f.185E35FC6384979D85E72AD7E1746CD8.d.92FA09DB737AC5FC85A9CE77182B0C08.e.17392/click - {}
COMMAND: GET /session/3097350609915d1f0d0e7f0005360ed5/screenshot - {}
RESULT: {}
RESULT: {}
]]></system-out>
    </testcase>
    <testcase classname="chrome.136_0_7103_93.windows.Performance_based_billing_(work_days)_US139742" name="Should go to Manage Billings and trigger calculation check the conditions applied" time="71.785">
      <system-out><![CDATA[
COMMAND: GET /session/3097350609915d1f0d0e7f0005360ed5/screenshot - {}
COMMAND: POST /session/3097350609915d1f0d0e7f0005360ed5/execute/async - {"script":"<script> [1562 bytes]","args":[{"selector":{"controlType":"sap.m.GenericTile","properties":{"header":"Manage Billings"}},"wdio_ui5_key":"sapm.GenericTile{\"header\":\"Manage Billings\"}"}]}
RESULT: {}
RESULT: {"script":"<script> [1562 bytes]","args":[{"selector":{"controlType":"sap.m.GenericTile","properties":{"header":"Manage Billings"}},"wdio_ui5_key":"sapm.GenericTile{\"header\":\"Manage Billings\"}"}]}
RESULT: undefined
COMMAND: POST /session/3097350609915d1f0d0e7f0005360ed5/element - {"using":"xpath","value":"//*[@id=\"__tile51\"]"}
RESULT: {}
RESULT: {"using":"xpath","value":"//*[@id=\"__tile51\"]"}
COMMAND: POST /session/3097350609915d1f0d0e7f0005360ed5/element/f.185E35FC6384979D85E72AD7E1746CD8.d.92FA09DB737AC5FC85A9CE77182B0C08.e.13823/click - {}
RESULT: {}
COMMAND: GET /session/3097350609915d1f0d0e7f0005360ed5/screenshot - {}
RESULT: {}
COMMAND: POST /session/3097350609915d1f0d0e7f0005360ed5/elements - {"using":"xpath","value":"//span[text()='Error']"}
RESULT: {"using":"xpath","value":"//span[text()='Error']"}
COMMAND: POST /session/3097350609915d1f0d0e7f0005360ed5/execute/async - {"script":"<script> [1562 bytes]","args":[{"selector":{"id":"application-managebillings-display-component---billRunCalcResult--smartFilterBar-btnBasicSearch","interaction":{"idSuffix":"I"}},"wdio_ui5_key":"applicationmanagebillings-display-component---billRunCalcResult--smartFilterBar-btnBasicSearch"}]}
RESULT: {"script":"<script> [1562 bytes]","args":[{"selector":{"id":"application-managebillings-display-component---billRunCalcResult--smartFilterBar-btnBasicSearch","interaction":{"idSuffix":"I"}},"wdio_ui5_key":"applicationmanagebillings-display-component---billRunCalcResult--smartFilterBar-btnBasicSearch"}]}
RESULT: undefined
COMMAND: POST /session/3097350609915d1f0d0e7f0005360ed5/execute/async - {"script":"<script> [776 bytes]","args":[{"enterText":"10363","selector":{"id":"application-managebillings-display-component---billRunCalcResult--smartFilterBar-btnBasicSearch","interaction":{"idSuffix":"I"}},"clearTextFirst":true,"interactionType":"ENTER_TEXT"}]}
RESULT: {"script":"<script> [776 bytes]","args":[{"enterText":"10363","selector":{"id":"application-managebillings-display-component---billRunCalcResult--smartFilterBar-btnBasicSearch","interaction":{"idSuffix":"I"}},"clearTextFirst":true,"interactionType":"ENTER_TEXT"}]}
COMMAND: POST /session/3097350609915d1f0d0e7f0005360ed5/actions - {"actions":[{"id":"action65","type":"key","parameters":{},"actions":[{"type":"keyDown","value":"î€‡"},{"type":"pause","duration":10},{"type":"keyUp","value":"î€‡"}]}]}
RESULT: {"actions":[{"id":"action65","type":"key","parameters":{},"actions":[{"type":"keyDown","value":"î€‡"},{"type":"pause","duration":10},{"type":"keyUp","value":"î€‡"}]}]}
COMMAND: GET /session/3097350609915d1f0d0e7f0005360ed5/screenshot - {}
RESULT: {}
COMMAND: POST /session/3097350609915d1f0d0e7f0005360ed5/element - {"using":"xpath","value":"//td[@aria-colindex=\"1\"]/div/div[contains(@class, \"sapMCbBg\")]"}
RESULT: {"using":"xpath","value":"//td[@aria-colindex=\"1\"]/div/div[contains(@class, \"sapMCbBg\")]"}
COMMAND: POST /session/3097350609915d1f0d0e7f0005360ed5/element/f.185E35FC6384979D85E72AD7E1746CD8.d.92FA09DB737AC5FC85A9CE77182B0C08.e.17798/click - {}
RESULT: {}
COMMAND: GET /session/3097350609915d1f0d0e7f0005360ed5/screenshot - {}
RESULT: {}
COMMAND: POST /session/3097350609915d1f0d0e7f0005360ed5/execute/async - {"script":"<script> [1562 bytes]","args":[{"selector":{"id":"application-managebillings-display-component---billRunCalcResult--contractBillRunDate","interaction":{"idSuffix":"inner"}},"wdio_ui5_key":"applicationmanagebillings-display-component---billRunCalcResult--contractBillRunDate"}]}
RESULT: {"script":"<script> [1562 bytes]","args":[{"selector":{"id":"application-managebillings-display-component---billRunCalcResult--contractBillRunDate","interaction":{"idSuffix":"inner"}},"wdio_ui5_key":"applicationmanagebillings-display-component---billRunCalcResult--contractBillRunDate"}]}
RESULT: undefined
COMMAND: POST /session/3097350609915d1f0d0e7f0005360ed5/execute/async - {"script":"<script> [776 bytes]","args":[{"enterText":"6/18/25","selector":{"id":"application-managebillings-display-component---billRunCalcResult--contractBillRunDate","interaction":{"idSuffix":"inner"}},"clearTextFirst":true,"interactionType":"ENTER_TEXT"}]}
RESULT: {"script":"<script> [776 bytes]","args":[{"enterText":"6/18/25","selector":{"id":"application-managebillings-display-component---billRunCalcResult--contractBillRunDate","interaction":{"idSuffix":"inner"}},"clearTextFirst":true,"interactionType":"ENTER_TEXT"}]}
COMMAND: POST /session/3097350609915d1f0d0e7f0005360ed5/element - {"using":"xpath","value":"//bdi[contains(text(), \"Trigger Calculation\")]"}
RESULT: {"using":"xpath","value":"//bdi[contains(text(), \"Trigger Calculation\")]"}
COMMAND: POST /session/3097350609915d1f0d0e7f0005360ed5/element/f.185E35FC6384979D85E72AD7E1746CD8.d.92FA09DB737AC5FC85A9CE77182B0C08.e.17847/click - {}
RESULT: {}
COMMAND: GET /session/3097350609915d1f0d0e7f0005360ed5/screenshot - {}
RESULT: {}
COMMAND: POST /session/3097350609915d1f0d0e7f0005360ed5/element - {"using":"xpath","value":"(//span[contains(@id, \"imgNav\")])[1]"}
RESULT: {"using":"xpath","value":"(//span[contains(@id, \"imgNav\")])[1]"}
COMMAND: POST /session/3097350609915d1f0d0e7f0005360ed5/element/f.185E35FC6384979D85E72AD7E1746CD8.d.92FA09DB737AC5FC85A9CE77182B0C08.e.17799/click - {}
RESULT: {}
COMMAND: GET /session/3097350609915d1f0d0e7f0005360ed5/screenshot - {}
RESULT: {}
COMMAND: POST /session/3097350609915d1f0d0e7f0005360ed5/element - {"using":"xpath","value":"//tr/td[6]/div[1]/span[1]/span[1]"}
RESULT: {"using":"xpath","value":"//tr/td[6]/div[1]/span[1]/span[1]"}
COMMAND: GET /session/3097350609915d1f0d0e7f0005360ed5/element/f.185E35FC6384979D85E72AD7E1746CD8.d.92FA09DB737AC5FC85A9CE77182B0C08.e.17851/text - {}
RESULT: {}
COMMAND: POST /session/3097350609915d1f0d0e7f0005360ed5/element - {"using":"xpath","value":"(//span[contains(@id, \"imgNav\")])[2]"}
RESULT: {"using":"xpath","value":"(//span[contains(@id, \"imgNav\")])[2]"}
COMMAND: POST /session/3097350609915d1f0d0e7f0005360ed5/element/f.185E35FC6384979D85E72AD7E1746CD8.d.92FA09DB737AC5FC85A9CE77182B0C08.e.17852/click - {}
RESULT: {}
COMMAND: POST /session/3097350609915d1f0d0e7f0005360ed5/element - {"using":"xpath","value":"//bdi[contains(text(), \"Business Confirm\")]"}
COMMAND: GET /session/3097350609915d1f0d0e7f0005360ed5/screenshot - {}
RESULT: {"using":"xpath","value":"//bdi[contains(text(), \"Business Confirm\")]"}
COMMAND: POST /session/3097350609915d1f0d0e7f0005360ed5/elements - {"using":"xpath","value":"//bdi[contains(text(), \"Business Confirm\")]"}
RESULT: {}
RESULT: {"using":"xpath","value":"//bdi[contains(text(), \"Business Confirm\")]"}
COMMAND: POST /session/3097350609915d1f0d0e7f0005360ed5/element - {"using":"xpath","value":"//bdi[contains(text(), \"Business Confirm\")]"}
RESULT: {"using":"xpath","value":"//bdi[contains(text(), \"Business Confirm\")]"}
COMMAND: POST /session/3097350609915d1f0d0e7f0005360ed5/element/f.185E35FC6384979D85E72AD7E1746CD8.d.92FA09DB737AC5FC85A9CE77182B0C08.e.17922/click - {}
RESULT: {}
COMMAND: POST /session/3097350609915d1f0d0e7f0005360ed5/element - {"using":"css selector","value":"#shell-header-logo"}
COMMAND: GET /session/3097350609915d1f0d0e7f0005360ed5/screenshot - {}
RESULT: {"using":"css selector","value":"#shell-header-logo"}
COMMAND: POST /session/3097350609915d1f0d0e7f0005360ed5/element/f.185E35FC6384979D85E72AD7E1746CD8.d.92FA09DB737AC5FC85A9CE77182B0C08.e.17587/click - {}
RESULT: {}
RESULT: {}
COMMAND: GET /session/3097350609915d1f0d0e7f0005360ed5/screenshot - {}
RESULT: {}
COMMAND: POST /session/3097350609915d1f0d0e7f0005360ed5/element - {"using":"css selector","value":"#j_username"}
COMMAND: POST /session/3097350609915d1f0d0e7f0005360ed5/url - {"url":"https://qa-testing-00-live-etm-ui.cfapps.eu10-004.hana.ondemand.com/"}
RESULT: {"using":"css selector","value":"#j_username"}
COMMAND: POST /session/3097350609915d1f0d0e7f0005360ed5/element - {"using":"css selector","value":"#j_username"}
RESULT: {"url":"https://qa-testing-00-live-etm-ui.cfapps.eu10-004.hana.ondemand.com/"}
RESULT: undefined
COMMAND: GET /session/3097350609915d1f0d0e7f0005360ed5/screenshot - {}
RESULT: {"using":"css selector","value":"#j_username"}
COMMAND: POST /session/3097350609915d1f0d0e7f0005360ed5/element - {"using":"css selector","value":"#shell-header-logo"}
RESULT: {}
RESULT: {"using":"css selector","value":"#shell-header-logo"}
COMMAND: POST /session/3097350609915d1f0d0e7f0005360ed5/execute/sync - {"script":"<script> [8489 bytes]","args":[{"element-6066-11e4-a52e-4f735466cecf":"f.185E35FC6384979D85E72AD7E1746CD8.d.2C89487FC8E2F821F4586E14A74E7908.e.17939","ELEMENT":"f.185E35FC6384979D85E72AD7E1746CD8.d.2C89487FC8E2F821F4586E14A74E7908.e.17939"}]}
RESULT: {"script":"<script> [8489 bytes]","args":[{"element-6066-11e4-a52e-4f735466cecf":"f.185E35FC6384979D85E72AD7E1746CD8.d.2C89487FC8E2F821F4586E14A74E7908.e.17939","ELEMENT":"f.185E35FC6384979D85E72AD7E1746CD8.d.2C89487FC8E2F821F4586E14A74E7908.e.17939"}]}
COMMAND: POST /session/3097350609915d1f0d0e7f0005360ed5/element - {"using":"css selector","value":"#shell-header-logo"}
COMMAND: GET /session/3097350609915d1f0d0e7f0005360ed5/screenshot - {}
RESULT: {"using":"css selector","value":"#shell-header-logo"}
COMMAND: POST /session/3097350609915d1f0d0e7f0005360ed5/execute/sync - {"script":"<script> [8489 bytes]","args":[{"element-6066-11e4-a52e-4f735466cecf":"f.185E35FC6384979D85E72AD7E1746CD8.d.2C89487FC8E2F821F4586E14A74E7908.e.17939","ELEMENT":"f.185E35FC6384979D85E72AD7E1746CD8.d.2C89487FC8E2F821F4586E14A74E7908.e.17939"}]}
RESULT: {}
RESULT: {"script":"<script> [8489 bytes]","args":[{"element-6066-11e4-a52e-4f735466cecf":"f.185E35FC6384979D85E72AD7E1746CD8.d.2C89487FC8E2F821F4586E14A74E7908.e.17939","ELEMENT":"f.185E35FC6384979D85E72AD7E1746CD8.d.2C89487FC8E2F821F4586E14A74E7908.e.17939"}]}
COMMAND: POST /session/3097350609915d1f0d0e7f0005360ed5/execute/sync - {"script":"<script> [5351 bytes]","args":[{"element-6066-11e4-a52e-4f735466cecf":"f.185E35FC6384979D85E72AD7E1746CD8.d.2C89487FC8E2F821F4586E14A74E7908.e.17939","ELEMENT":"f.185E35FC6384979D85E72AD7E1746CD8.d.2C89487FC8E2F821F4586E14A74E7908.e.17939"}]}
COMMAND: GET /session/3097350609915d1f0d0e7f0005360ed5/screenshot - {}
RESULT: {"script":"<script> [5351 bytes]","args":[{"element-6066-11e4-a52e-4f735466cecf":"f.185E35FC6384979D85E72AD7E1746CD8.d.2C89487FC8E2F821F4586E14A74E7908.e.17939","ELEMENT":"f.185E35FC6384979D85E72AD7E1746CD8.d.2C89487FC8E2F821F4586E14A74E7908.e.17939"}]}
COMMAND: POST /session/3097350609915d1f0d0e7f0005360ed5/element - {"using":"css selector","value":"#shell-header-logo"}
COMMAND: GET /session/3097350609915d1f0d0e7f0005360ed5/screenshot - {}
RESULT: {}
RESULT: {"using":"css selector","value":"#shell-header-logo"}
COMMAND: POST /session/3097350609915d1f0d0e7f0005360ed5/element/f.185E35FC6384979D85E72AD7E1746CD8.d.2C89487FC8E2F821F4586E14A74E7908.e.17939/click - {}
RESULT: {}
RESULT: {}
COMMAND: GET /session/3097350609915d1f0d0e7f0005360ed5/screenshot - {}
RESULT: {}
COMMAND: POST /session/3097350609915d1f0d0e7f0005360ed5/execute/async - {"script":"<script> [189 bytes]","args":[]}
RESULT: {"script":"<script> [189 bytes]","args":[]}
COMMAND: POST /session/3097350609915d1f0d0e7f0005360ed5/execute/async - {"script":"<script> [123 bytes]","args":[]}
RESULT: {"script":"<script> [123 bytes]","args":[]}
COMMAND: POST /session/3097350609915d1f0d0e7f0005360ed5/timeouts - {"script":"<number>"}
RESULT: {"script":"<number>"}
COMMAND: GET /session/3097350609915d1f0d0e7f0005360ed5/timeouts - {}
RESULT: {}
RESULT: undefined
COMMAND: POST /session/3097350609915d1f0d0e7f0005360ed5/execute/async - {"script":"<script> [2676 bytes]","args":[]}
RESULT: {"script":"<script> [2676 bytes]","args":[]}
COMMAND: POST /session/3097350609915d1f0d0e7f0005360ed5/execute/async - {"script":"<script> [2342 bytes]","args":[{"protocol":"http","hostname":"0.0.0.0","path":"/","capabilities":{"browserName":"chrome","goog:chromeOptions":{"binary":"C:\\Program Files\\Google\\Chrome\\Application\\chrome.exe","args":["--start-maximized"]}},"logLevel":"warn","connectionRetryTimeout":120000,"connectionRetryCount":3,"logLevels":{},"enableDirectConnect":true,"strictSSL":true,"_":"65 more keys: [\"cacheDir\",\"port\",\"requestedCapabilities\",\"automationProtocol\",\"baseUrl\",\"waitforInterval\",\"waitforTimeout\",\"onReload\",\"beforeCommand\",\"afterCommand\",\"rootDir\",\"specs\",\"suites\",\"exclude\",\"groupLogsByTestSpec\",\"excludeDriverLogs\",\"bail\",\"framework\",\"reporters\",\"services\",\"maxInstances\",\"maxInstancesPerCapability\",\"injectGlobals\",\"filesToWatch\",\"execArgv\",\"runnerEnv\",\"runner\",\"shard\",\"specFileRetries\",\"specFileRetriesDelay\",\"specFileRetriesDeferred\",\"reporterSyncInterval\",\"reporterSyncTimeout\",\"cucumberFeaturesWithLineNumbers\",\"autoCompileOpts\",\"mochaOpts\",\"jasmineOpts\",\"cucumberOpts\",\"onPrepare\",\"onWorkerStart\",\"onWorkerEnd\",\"before\",\"beforeSession\",\"beforeSuite\",\"beforeHook\",\"beforeTest\",\"afterTest\",\"afterHook\",\"afterSuite\",\"afterSession\",\"after\",\"onComplete\",\"beforeAssertion\",\"afterAssertion\",\"beforeFeature\",\"beforeScenario\",\"beforeStep\",\"afterStep\",\"afterScenario\",\"afterFeature\",\"_\",\"suite\",\"$0\",\"ignoredWorkerServices\",\"wdi5\"]"}]}
RESULT: {"script":"<script> [2342 bytes]","args":[{"protocol":"http","hostname":"0.0.0.0","path":"/","capabilities":{"browserName":"chrome","goog:chromeOptions":{"binary":"C:\\Program Files\\Google\\Chrome\\Application\\chrome.exe","args":["--start-maximized"]}},"logLevel":"warn","connectionRetryTimeout":120000,"connectionRetryCount":3,"logLevels":{},"enableDirectConnect":true,"strictSSL":true,"_":"65 more keys: [\"cacheDir\",\"port\",\"requestedCapabilities\",\"automationProtocol\",\"baseUrl\",\"waitforInterval\",\"waitforTimeout\",\"onReload\",\"beforeCommand\",\"afterCommand\",\"rootDir\",\"specs\",\"suites\",\"exclude\",\"groupLogsByTestSpec\",\"excludeDriverLogs\",\"bail\",\"framework\",\"reporters\",\"services\",\"maxInstances\",\"maxInstancesPerCapability\",\"injectGlobals\",\"filesToWatch\",\"execArgv\",\"runnerEnv\",\"runner\",\"shard\",\"specFileRetries\",\"specFileRetriesDelay\",\"specFileRetriesDeferred\",\"reporterSyncInterval\",\"reporterSyncTimeout\",\"cucumberFeaturesWithLineNumbers\",\"autoCompileOpts\",\"mochaOpts\",\"jasmineOpts\",\"cucumberOpts\",\"onPrepare\",\"onWorkerStart\",\"onWorkerEnd\",\"before\",\"beforeSession\",\"beforeSuite\",\"beforeHook\",\"beforeTest\",\"afterTest\",\"afterHook\",\"afterSuite\",\"afterSession\",\"after\",\"onComplete\",\"beforeAssertion\",\"afterAssertion\",\"beforeFeature\",\"beforeScenario\",\"beforeStep\",\"afterStep\",\"afterScenario\",\"afterFeature\",\"_\",\"suite\",\"$0\",\"ignoredWorkerServices\",\"wdi5\"]"}]}
COMMAND: POST /session/3097350609915d1f0d0e7f0005360ed5/execute/async - {"script":"<script> [21126 bytes]","args":[35000]}
RESULT: {"script":"<script> [21126 bytes]","args":[35000]}
COMMAND: POST /session/3097350609915d1f0d0e7f0005360ed5/window/maximize - {}
RESULT: {}
COMMAND: POST /session/3097350609915d1f0d0e7f0005360ed5/execute/async - {"script":"<script> [1562 bytes]","args":[{"selector":{"id":"shell-header","interaction":{"idSuffix":"icon"}},"wdio_ui5_key":"shellheader"}]}
COMMAND: GET /session/3097350609915d1f0d0e7f0005360ed5/screenshot - {}
RESULT: {"script":"<script> [1562 bytes]","args":[{"selector":{"id":"shell-header","interaction":{"idSuffix":"icon"}},"wdio_ui5_key":"shellheader"}]}
RESULT: undefined
COMMAND: POST /session/3097350609915d1f0d0e7f0005360ed5/refresh - {}
RESULT: {}
RESULT: {}
COMMAND: GET /session/3097350609915d1f0d0e7f0005360ed5/screenshot - {}
RESULT: {}
COMMAND: POST /session/3097350609915d1f0d0e7f0005360ed5/refresh - {}
RESULT: {}
COMMAND: GET /session/3097350609915d1f0d0e7f0005360ed5/screenshot - {}
RESULT: {}
COMMAND: POST /session/3097350609915d1f0d0e7f0005360ed5/window/fullscreen - {}
RESULT: {}
COMMAND: POST /session/3097350609915d1f0d0e7f0005360ed5/execute/async - {"script":"<script> [189 bytes]","args":[]}
RESULT: {"script":"<script> [189 bytes]","args":[]}
COMMAND: POST /session/3097350609915d1f0d0e7f0005360ed5/execute/async - {"script":"<script> [123 bytes]","args":[]}
RESULT: {"script":"<script> [123 bytes]","args":[]}
COMMAND: POST /session/3097350609915d1f0d0e7f0005360ed5/timeouts - {"script":"<number>"}
RESULT: {"script":"<number>"}
COMMAND: GET /session/3097350609915d1f0d0e7f0005360ed5/timeouts - {}
RESULT: {}
RESULT: undefined
COMMAND: POST /session/3097350609915d1f0d0e7f0005360ed5/execute/async - {"script":"<script> [2676 bytes]","args":[]}
RESULT: {"script":"<script> [2676 bytes]","args":[]}
COMMAND: POST /session/3097350609915d1f0d0e7f0005360ed5/execute/async - {"script":"<script> [2342 bytes]","args":[{"protocol":"http","hostname":"0.0.0.0","path":"/","capabilities":{"browserName":"chrome","goog:chromeOptions":{"binary":"C:\\Program Files\\Google\\Chrome\\Application\\chrome.exe","args":["--start-maximized"]}},"logLevel":"warn","connectionRetryTimeout":120000,"connectionRetryCount":3,"logLevels":{},"enableDirectConnect":true,"strictSSL":true,"_":"65 more keys: [\"cacheDir\",\"port\",\"requestedCapabilities\",\"automationProtocol\",\"baseUrl\",\"waitforInterval\",\"waitforTimeout\",\"onReload\",\"beforeCommand\",\"afterCommand\",\"rootDir\",\"specs\",\"suites\",\"exclude\",\"groupLogsByTestSpec\",\"excludeDriverLogs\",\"bail\",\"framework\",\"reporters\",\"services\",\"maxInstances\",\"maxInstancesPerCapability\",\"injectGlobals\",\"filesToWatch\",\"execArgv\",\"runnerEnv\",\"runner\",\"shard\",\"specFileRetries\",\"specFileRetriesDelay\",\"specFileRetriesDeferred\",\"reporterSyncInterval\",\"reporterSyncTimeout\",\"cucumberFeaturesWithLineNumbers\",\"autoCompileOpts\",\"mochaOpts\",\"jasmineOpts\",\"cucumberOpts\",\"onPrepare\",\"onWorkerStart\",\"onWorkerEnd\",\"before\",\"beforeSession\",\"beforeSuite\",\"beforeHook\",\"beforeTest\",\"afterTest\",\"afterHook\",\"afterSuite\",\"afterSession\",\"after\",\"onComplete\",\"beforeAssertion\",\"afterAssertion\",\"beforeFeature\",\"beforeScenario\",\"beforeStep\",\"afterStep\",\"afterScenario\",\"afterFeature\",\"_\",\"suite\",\"$0\",\"ignoredWorkerServices\",\"wdi5\"]"}]}
RESULT: {"script":"<script> [2342 bytes]","args":[{"protocol":"http","hostname":"0.0.0.0","path":"/","capabilities":{"browserName":"chrome","goog:chromeOptions":{"binary":"C:\\Program Files\\Google\\Chrome\\Application\\chrome.exe","args":["--start-maximized"]}},"logLevel":"warn","connectionRetryTimeout":120000,"connectionRetryCount":3,"logLevels":{},"enableDirectConnect":true,"strictSSL":true,"_":"65 more keys: [\"cacheDir\",\"port\",\"requestedCapabilities\",\"automationProtocol\",\"baseUrl\",\"waitforInterval\",\"waitforTimeout\",\"onReload\",\"beforeCommand\",\"afterCommand\",\"rootDir\",\"specs\",\"suites\",\"exclude\",\"groupLogsByTestSpec\",\"excludeDriverLogs\",\"bail\",\"framework\",\"reporters\",\"services\",\"maxInstances\",\"maxInstancesPerCapability\",\"injectGlobals\",\"filesToWatch\",\"execArgv\",\"runnerEnv\",\"runner\",\"shard\",\"specFileRetries\",\"specFileRetriesDelay\",\"specFileRetriesDeferred\",\"reporterSyncInterval\",\"reporterSyncTimeout\",\"cucumberFeaturesWithLineNumbers\",\"autoCompileOpts\",\"mochaOpts\",\"jasmineOpts\",\"cucumberOpts\",\"onPrepare\",\"onWorkerStart\",\"onWorkerEnd\",\"before\",\"beforeSession\",\"beforeSuite\",\"beforeHook\",\"beforeTest\",\"afterTest\",\"afterHook\",\"afterSuite\",\"afterSession\",\"after\",\"onComplete\",\"beforeAssertion\",\"afterAssertion\",\"beforeFeature\",\"beforeScenario\",\"beforeStep\",\"afterStep\",\"afterScenario\",\"afterFeature\",\"_\",\"suite\",\"$0\",\"ignoredWorkerServices\",\"wdi5\"]"}]}
COMMAND: POST /session/3097350609915d1f0d0e7f0005360ed5/execute/async - {"script":"<script> [21126 bytes]","args":[35000]}
RESULT: {"script":"<script> [21126 bytes]","args":[35000]}
]]></system-out>
    </testcase>
  </testsuite>
  <testsuite timestamp="2025-05-18T17:56:12" time="1362.468" tests="20" failures="0" errors="0" skipped="0">
    <properties>
      <property name="specId" value="0" />
      <property name="suiteName" value="Billing Calculation - Time based (considering transport times) US139738" />
      <property name="capabilities" value="chrome.136_0_7103_93.windows" />
      <property name="file" value="file:///D:/a/1/s/test/specs/BTS/billing-calculation-transp-times.spec.js" />
    </properties>
    <testcase classname="chrome.136_0_7103_93.windows.Billing_Calculation_-_Time_based_(considering_transport_times)_US139738" name="Should create a new yard" time="0.02">
      <system-out><![CDATA[
COMMAND: POST /session/3097350609915d1f0d0e7f0005360ed5/window/fullscreen - {}
RESULT: {}
]]></system-out>
    </testcase>
    <testcase classname="chrome.136_0_7103_93.windows.Billing_Calculation_-_Time_based_(considering_transport_times)_US139738" name="Should create a new partner" time="0.004" />
    <testcase classname="chrome.136_0_7103_93.windows.Billing_Calculation_-_Time_based_(considering_transport_times)_US139738" name="Should create a new site" time="0.003" />
    <testcase classname="chrome.136_0_7103_93.windows.Billing_Calculation_-_Time_based_(considering_transport_times)_US139738" name="Should create the equipment" time="132.354">
      <system-out><![CDATA[
COMMAND: POST /session/3097350609915d1f0d0e7f0005360ed5/execute/async - {"script":"<script> [1562 bytes]","args":[{"selector":{"controlType":"sap.m.GenericTile","properties":{"header":"Manage Resources"}},"wdio_ui5_key":"sapm.GenericTile{\"header\":\"Manage Resources\"}"}]}
RESULT: {"script":"<script> [1562 bytes]","args":[{"selector":{"controlType":"sap.m.GenericTile","properties":{"header":"Manage Resources"}},"wdio_ui5_key":"sapm.GenericTile{\"header\":\"Manage Resources\"}"}]}
RESULT: undefined
COMMAND: POST /session/3097350609915d1f0d0e7f0005360ed5/element - {"using":"xpath","value":"//*[@id=\"__tile39\"]"}
RESULT: {"using":"xpath","value":"//*[@id=\"__tile39\"]"}
COMMAND: POST /session/3097350609915d1f0d0e7f0005360ed5/element/f.185E35FC6384979D85E72AD7E1746CD8.d.82C3015E8A3574B9821D644E37D03586.e.18097/click - {}
RESULT: {}
COMMAND: GET /session/3097350609915d1f0d0e7f0005360ed5/screenshot - {}
RESULT: {}
COMMAND: POST /session/3097350609915d1f0d0e7f0005360ed5/elements - {"using":"xpath","value":"//span[text()='Error']"}
RESULT: {"using":"xpath","value":"//span[text()='Error']"}
COMMAND: POST /session/3097350609915d1f0d0e7f0005360ed5/element - {"using":"xpath","value":"//button[@data-kt=\"addNewRUOverflowToolbarButton\"]"}
RESULT: {"using":"xpath","value":"//button[@data-kt=\"addNewRUOverflowToolbarButton\"]"}
COMMAND: POST /session/3097350609915d1f0d0e7f0005360ed5/elements - {"using":"xpath","value":"//button[@data-kt=\"addNewRUOverflowToolbarButton\"]"}
RESULT: {"using":"xpath","value":"//button[@data-kt=\"addNewRUOverflowToolbarButton\"]"}
COMMAND: POST /session/3097350609915d1f0d0e7f0005360ed5/elements - {"using":"xpath","value":"//button[@data-kt=\"addNewRUOverflowToolbarButton\"]"}
RESULT: {"using":"xpath","value":"//button[@data-kt=\"addNewRUOverflowToolbarButton\"]"}
COMMAND: POST /session/3097350609915d1f0d0e7f0005360ed5/element - {"using":"xpath","value":"//button[@data-kt=\"addNewRUOverflowToolbarButton\"]"}
RESULT: {"using":"xpath","value":"//button[@data-kt=\"addNewRUOverflowToolbarButton\"]"}
COMMAND: POST /session/3097350609915d1f0d0e7f0005360ed5/execute/sync - {"script":"<script> [8489 bytes]","args":[{"element-6066-11e4-a52e-4f735466cecf":"f.185E35FC6384979D85E72AD7E1746CD8.d.82C3015E8A3574B9821D644E37D03586.e.18238","ELEMENT":"f.185E35FC6384979D85E72AD7E1746CD8.d.82C3015E8A3574B9821D644E37D03586.e.18238"}]}
RESULT: {"script":"<script> [8489 bytes]","args":[{"element-6066-11e4-a52e-4f735466cecf":"f.185E35FC6384979D85E72AD7E1746CD8.d.82C3015E8A3574B9821D644E37D03586.e.18238","ELEMENT":"f.185E35FC6384979D85E72AD7E1746CD8.d.82C3015E8A3574B9821D644E37D03586.e.18238"}]}
COMMAND: GET /session/3097350609915d1f0d0e7f0005360ed5/element/f.185E35FC6384979D85E72AD7E1746CD8.d.82C3015E8A3574B9821D644E37D03586.e.18238/enabled - {}
COMMAND: GET /session/3097350609915d1f0d0e7f0005360ed5/screenshot - {}
RESULT: {}
COMMAND: POST /session/3097350609915d1f0d0e7f0005360ed5/execute/sync - {"script":"<script> [8489 bytes]","args":[{"element-6066-11e4-a52e-4f735466cecf":"f.185E35FC6384979D85E72AD7E1746CD8.d.82C3015E8A3574B9821D644E37D03586.e.18238","ELEMENT":"f.185E35FC6384979D85E72AD7E1746CD8.d.82C3015E8A3574B9821D644E37D03586.e.18238"}]}
COMMAND: GET /session/3097350609915d1f0d0e7f0005360ed5/screenshot - {}
RESULT: {}
RESULT: {"script":"<script> [8489 bytes]","args":[{"element-6066-11e4-a52e-4f735466cecf":"f.185E35FC6384979D85E72AD7E1746CD8.d.82C3015E8A3574B9821D644E37D03586.e.18238","ELEMENT":"f.185E35FC6384979D85E72AD7E1746CD8.d.82C3015E8A3574B9821D644E37D03586.e.18238"}]}
COMMAND: POST /session/3097350609915d1f0d0e7f0005360ed5/execute/sync - {"script":"<script> [5351 bytes]","args":[{"element-6066-11e4-a52e-4f735466cecf":"f.185E35FC6384979D85E72AD7E1746CD8.d.82C3015E8A3574B9821D644E37D03586.e.18238","ELEMENT":"f.185E35FC6384979D85E72AD7E1746CD8.d.82C3015E8A3574B9821D644E37D03586.e.18238"}]}
COMMAND: GET /session/3097350609915d1f0d0e7f0005360ed5/screenshot - {}
RESULT: {}
RESULT: {"script":"<script> [5351 bytes]","args":[{"element-6066-11e4-a52e-4f735466cecf":"f.185E35FC6384979D85E72AD7E1746CD8.d.82C3015E8A3574B9821D644E37D03586.e.18238","ELEMENT":"f.185E35FC6384979D85E72AD7E1746CD8.d.82C3015E8A3574B9821D644E37D03586.e.18238"}]}
COMMAND: POST /session/3097350609915d1f0d0e7f0005360ed5/element/f.185E35FC6384979D85E72AD7E1746CD8.d.82C3015E8A3574B9821D644E37D03586.e.18238/click - {}
COMMAND: GET /session/3097350609915d1f0d0e7f0005360ed5/screenshot - {}
RESULT: {}
RESULT: {}
COMMAND: GET /session/3097350609915d1f0d0e7f0005360ed5/screenshot - {}
RESULT: {}
RESULT: {}
COMMAND: POST /session/3097350609915d1f0d0e7f0005360ed5/execute/async - {"script":"<script> [1562 bytes]","args":[{"selector":{"id":"application-manageresources-display-component---newResourceUnit--TYPE-arrow"},"wdio_ui5_key":"applicationmanageresources-display-component---newResourceUnit--TYPE-arrow"}]}
RESULT: {"script":"<script> [1562 bytes]","args":[{"selector":{"id":"application-manageresources-display-component---newResourceUnit--TYPE-arrow"},"wdio_ui5_key":"applicationmanageresources-display-component---newResourceUnit--TYPE-arrow"}]}
RESULT: undefined
COMMAND: POST /session/3097350609915d1f0d0e7f0005360ed5/element - {"using":"xpath","value":"//*[@id=\"application-manageresources-display-component---newResourceUnit--TYPE-arrow\"]"}
RESULT: {"using":"xpath","value":"//*[@id=\"application-manageresources-display-component---newResourceUnit--TYPE-arrow\"]"}
COMMAND: POST /session/3097350609915d1f0d0e7f0005360ed5/element/f.185E35FC6384979D85E72AD7E1746CD8.d.82C3015E8A3574B9821D644E37D03586.e.18599/click - {}
RESULT: {}
COMMAND: POST /session/3097350609915d1f0d0e7f0005360ed5/element - {"using":"xpath","value":"//input[@id=\"application-manageresources-display-component---newResourceUnit--TYPE-inner\"]"}
COMMAND: GET /session/3097350609915d1f0d0e7f0005360ed5/screenshot - {}
RESULT: {"using":"xpath","value":"//input[@id=\"application-manageresources-display-component---newResourceUnit--TYPE-inner\"]"}
COMMAND: POST /session/3097350609915d1f0d0e7f0005360ed5/element/f.185E35FC6384979D85E72AD7E1746CD8.d.82C3015E8A3574B9821D644E37D03586.e.18590/clear - {}
RESULT: {}
RESULT: {}
COMMAND: POST /session/3097350609915d1f0d0e7f0005360ed5/element/f.185E35FC6384979D85E72AD7E1746CD8.d.82C3015E8A3574B9821D644E37D03586.e.18590/value - {"text":"Equipment"}
COMMAND: GET /session/3097350609915d1f0d0e7f0005360ed5/screenshot - {}
RESULT: {"text":"Equipment"}
COMMAND: GET /session/3097350609915d1f0d0e7f0005360ed5/screenshot - {}
RESULT: {}
RESULT: {}
COMMAND: POST /session/3097350609915d1f0d0e7f0005360ed5/actions - {"actions":[{"id":"action66","type":"key","parameters":{},"actions":[{"type":"keyDown","value":"î€‡"},{"type":"pause","duration":10},{"type":"keyUp","value":"î€‡"}]}]}
RESULT: {"actions":[{"id":"action66","type":"key","parameters":{},"actions":[{"type":"keyDown","value":"î€‡"},{"type":"pause","duration":10},{"type":"keyUp","value":"î€‡"}]}]}
COMMAND: POST /session/3097350609915d1f0d0e7f0005360ed5/execute/async - {"script":"<script> [1562 bytes]","args":[{"selector":{"id":"application-manageresources-display-component---newResourceUnit--resourceId","interaction":{"idSuffix":"inner"}},"wdio_ui5_key":"applicationmanageresources-display-component---newResourceUnit--resourceId"}]}
COMMAND: GET /session/3097350609915d1f0d0e7f0005360ed5/screenshot - {}
RESULT: {"script":"<script> [1562 bytes]","args":[{"selector":{"id":"application-manageresources-display-component---newResourceUnit--resourceId","interaction":{"idSuffix":"inner"}},"wdio_ui5_key":"applicationmanageresources-display-component---newResourceUnit--resourceId"}]}
RESULT: undefined
COMMAND: POST /session/3097350609915d1f0d0e7f0005360ed5/execute/async - {"script":"<script> [776 bytes]","args":[{"enterText":"JrLKiopZus","selector":{"id":"application-manageresources-display-component---newResourceUnit--resourceId","interaction":{"idSuffix":"inner"}},"clearTextFirst":true,"interactionType":"ENTER_TEXT"}]}
RESULT: {}
RESULT: {"script":"<script> [776 bytes]","args":[{"enterText":"JrLKiopZus","selector":{"id":"application-manageresources-display-component---newResourceUnit--resourceId","interaction":{"idSuffix":"inner"}},"clearTextFirst":true,"interactionType":"ENTER_TEXT"}]}
COMMAND: POST /session/3097350609915d1f0d0e7f0005360ed5/execute/async - {"script":"<script> [1562 bytes]","args":[{"selector":{"id":"application-manageresources-display-component---newResourceUnit--SHORT_TEXT","interaction":{"idSuffix":"inner"}},"wdio_ui5_key":"applicationmanageresources-display-component---newResourceUnit--SHORT_TEXT"}]}
RESULT: {"script":"<script> [1562 bytes]","args":[{"selector":{"id":"application-manageresources-display-component---newResourceUnit--SHORT_TEXT","interaction":{"idSuffix":"inner"}},"wdio_ui5_key":"applicationmanageresources-display-component---newResourceUnit--SHORT_TEXT"}]}
RESULT: undefined
COMMAND: POST /session/3097350609915d1f0d0e7f0005360ed5/execute/async - {"script":"<script> [776 bytes]","args":[{"enterText":"Intercompany Equipment WDIO","selector":{"id":"application-manageresources-display-component---newResourceUnit--SHORT_TEXT","interaction":{"idSuffix":"inner"}},"clearTextFirst":true,"interactionType":"ENTER_TEXT"}]}
RESULT: {"script":"<script> [776 bytes]","args":[{"enterText":"Intercompany Equipment WDIO","selector":{"id":"application-manageresources-display-component---newResourceUnit--SHORT_TEXT","interaction":{"idSuffix":"inner"}},"clearTextFirst":true,"interactionType":"ENTER_TEXT"}]}
COMMAND: POST /session/3097350609915d1f0d0e7f0005360ed5/execute/async - {"script":"<script> [1562 bytes]","args":[{"selector":{"id":"application-manageresources-display-component---newResourceUnit--BASE_UNIT_OF_MEASURE","interaction":{"idSuffix":"inner"}},"wdio_ui5_key":"applicationmanageresources-display-component---newResourceUnit--BASE_UNIT_OF_MEASURE"}]}
RESULT: {"script":"<script> [1562 bytes]","args":[{"selector":{"id":"application-manageresources-display-component---newResourceUnit--BASE_UNIT_OF_MEASURE","interaction":{"idSuffix":"inner"}},"wdio_ui5_key":"applicationmanageresources-display-component---newResourceUnit--BASE_UNIT_OF_MEASURE"}]}
RESULT: undefined
COMMAND: POST /session/3097350609915d1f0d0e7f0005360ed5/execute/async - {"script":"<script> [776 bytes]","args":[{"enterText":"Piece","selector":{"id":"application-manageresources-display-component---newResourceUnit--BASE_UNIT_OF_MEASURE","interaction":{"idSuffix":"inner"}},"clearTextFirst":true,"interactionType":"ENTER_TEXT"}]}
RESULT: {"script":"<script> [776 bytes]","args":[{"enterText":"Piece","selector":{"id":"application-manageresources-display-component---newResourceUnit--BASE_UNIT_OF_MEASURE","interaction":{"idSuffix":"inner"}},"clearTextFirst":true,"interactionType":"ENTER_TEXT"}]}
COMMAND: POST /session/3097350609915d1f0d0e7f0005360ed5/execute/async - {"script":"<script> [1562 bytes]","args":[{"selector":{"id":"application-manageresources-display-component---newResourceUnit--WEIGHT_UNIT","interaction":{"idSuffix":"inner"}},"wdio_ui5_key":"applicationmanageresources-display-component---newResourceUnit--WEIGHT_UNIT"}]}
RESULT: {"script":"<script> [1562 bytes]","args":[{"selector":{"id":"application-manageresources-display-component---newResourceUnit--WEIGHT_UNIT","interaction":{"idSuffix":"inner"}},"wdio_ui5_key":"applicationmanageresources-display-component---newResourceUnit--WEIGHT_UNIT"}]}
RESULT: undefined
COMMAND: POST /session/3097350609915d1f0d0e7f0005360ed5/execute/async - {"script":"<script> [776 bytes]","args":[{"enterText":"Gram","selector":{"id":"application-manageresources-display-component---newResourceUnit--WEIGHT_UNIT","interaction":{"idSuffix":"inner"}},"clearTextFirst":true,"interactionType":"ENTER_TEXT"}]}
RESULT: {"script":"<script> [776 bytes]","args":[{"enterText":"Gram","selector":{"id":"application-manageresources-display-component---newResourceUnit--WEIGHT_UNIT","interaction":{"idSuffix":"inner"}},"clearTextFirst":true,"interactionType":"ENTER_TEXT"}]}
COMMAND: POST /session/3097350609915d1f0d0e7f0005360ed5/execute/async - {"script":"<script> [1562 bytes]","args":[{"selector":{"id":"application-manageresources-display-component---newResourceUnit--DIMENSION_UNIT","interaction":{"idSuffix":"inner"}},"wdio_ui5_key":"applicationmanageresources-display-component---newResourceUnit--DIMENSION_UNIT"}]}
RESULT: {"script":"<script> [1562 bytes]","args":[{"selector":{"id":"application-manageresources-display-component---newResourceUnit--DIMENSION_UNIT","interaction":{"idSuffix":"inner"}},"wdio_ui5_key":"applicationmanageresources-display-component---newResourceUnit--DIMENSION_UNIT"}]}
RESULT: undefined
COMMAND: POST /session/3097350609915d1f0d0e7f0005360ed5/execute/async - {"script":"<script> [776 bytes]","args":[{"enterText":"Meter","selector":{"id":"application-manageresources-display-component---newResourceUnit--DIMENSION_UNIT","interaction":{"idSuffix":"inner"}},"clearTextFirst":true,"interactionType":"ENTER_TEXT"}]}
RESULT: {"script":"<script> [776 bytes]","args":[{"enterText":"Meter","selector":{"id":"application-manageresources-display-component---newResourceUnit--DIMENSION_UNIT","interaction":{"idSuffix":"inner"}},"clearTextFirst":true,"interactionType":"ENTER_TEXT"}]}
COMMAND: POST /session/3097350609915d1f0d0e7f0005360ed5/execute/async - {"script":"<script> [1562 bytes]","args":[{"selector":{"id":"application-manageresources-display-component---newResourceUnit--newRRUPage-anchBar-application-manageresources-display-component---newResourceUnit--control-anchor","interaction":{"idSuffix":"BDI-content"}},"wdio_ui5_key":"applicationmanageresources-display-component---newResourceUnit--newRRUPage-anchBar-application-manageresources-display-component---newResourceUnit--control-anchor"}]}
RESULT: {"script":"<script> [1562 bytes]","args":[{"selector":{"id":"application-manageresources-display-component---newResourceUnit--newRRUPage-anchBar-application-manageresources-display-component---newResourceUnit--control-anchor","interaction":{"idSuffix":"BDI-content"}},"wdio_ui5_key":"applicationmanageresources-display-component---newResourceUnit--newRRUPage-anchBar-application-manageresources-display-component---newResourceUnit--control-anchor"}]}
RESULT: undefined
COMMAND: POST /session/3097350609915d1f0d0e7f0005360ed5/element - {"using":"xpath","value":"//*[@id=\"application-manageresources-display-component---newResourceUnit--newRRUPage-anchBar-application-manageresources-display-component---newResourceUnit--control-anchor\"]"}
RESULT: {"using":"xpath","value":"//*[@id=\"application-manageresources-display-component---newResourceUnit--newRRUPage-anchBar-application-manageresources-display-component---newResourceUnit--control-anchor\"]"}
COMMAND: POST /session/3097350609915d1f0d0e7f0005360ed5/element/f.185E35FC6384979D85E72AD7E1746CD8.d.82C3015E8A3574B9821D644E37D03586.e.18731/click - {}
RESULT: {}
COMMAND: POST /session/3097350609915d1f0d0e7f0005360ed5/execute/async - {"script":"<script> [1562 bytes]","args":[{"selector":{"id":"application-manageresources-display-component---newResourceUnit--PLANNING_GROUP","interaction":{"idSuffix":"inner"}},"wdio_ui5_key":"applicationmanageresources-display-component---newResourceUnit--PLANNING_GROUP"}]}
COMMAND: GET /session/3097350609915d1f0d0e7f0005360ed5/screenshot - {}
RESULT: {"script":"<script> [1562 bytes]","args":[{"selector":{"id":"application-manageresources-display-component---newResourceUnit--PLANNING_GROUP","interaction":{"idSuffix":"inner"}},"wdio_ui5_key":"applicationmanageresources-display-component---newResourceUnit--PLANNING_GROUP"}]}
RESULT: undefined
COMMAND: POST /session/3097350609915d1f0d0e7f0005360ed5/execute/async - {"script":"<script> [776 bytes]","args":[{"enterText":"Heavy Equi","selector":{"id":"application-manageresources-display-component---newResourceUnit--PLANNING_GROUP","interaction":{"idSuffix":"inner"}},"clearTextFirst":true,"interactionType":"ENTER_TEXT"}]}
RESULT: {}
RESULT: {"script":"<script> [776 bytes]","args":[{"enterText":"Heavy Equi","selector":{"id":"application-manageresources-display-component---newResourceUnit--PLANNING_GROUP","interaction":{"idSuffix":"inner"}},"clearTextFirst":true,"interactionType":"ENTER_TEXT"}]}
COMMAND: POST /session/3097350609915d1f0d0e7f0005360ed5/execute/async - {"script":"<script> [1562 bytes]","args":[{"selector":{"id":"application-manageresources-display-component---newResourceUnit--ITEM_TYPE-arrow"},"wdio_ui5_key":"applicationmanageresources-display-component---newResourceUnit--ITEM_TYPE-arrow"}]}
RESULT: {"script":"<script> [1562 bytes]","args":[{"selector":{"id":"application-manageresources-display-component---newResourceUnit--ITEM_TYPE-arrow"},"wdio_ui5_key":"applicationmanageresources-display-component---newResourceUnit--ITEM_TYPE-arrow"}]}
RESULT: undefined
COMMAND: POST /session/3097350609915d1f0d0e7f0005360ed5/element - {"using":"xpath","value":"//*[@id=\"application-manageresources-display-component---newResourceUnit--ITEM_TYPE-arrow\"]"}
RESULT: {"using":"xpath","value":"//*[@id=\"application-manageresources-display-component---newResourceUnit--ITEM_TYPE-arrow\"]"}
COMMAND: POST /session/3097350609915d1f0d0e7f0005360ed5/element/f.185E35FC6384979D85E72AD7E1746CD8.d.82C3015E8A3574B9821D644E37D03586.e.18738/click - {}
RESULT: {}
COMMAND: POST /session/3097350609915d1f0d0e7f0005360ed5/element - {"using":"xpath","value":"(//span[contains(text(), \"Resource Unit\")])[2]"}
COMMAND: GET /session/3097350609915d1f0d0e7f0005360ed5/screenshot - {}
RESULT: {"using":"xpath","value":"(//span[contains(text(), \"Resource Unit\")])[2]"}
COMMAND: POST /session/3097350609915d1f0d0e7f0005360ed5/element/f.185E35FC6384979D85E72AD7E1746CD8.d.82C3015E8A3574B9821D644E37D03586.e.18739/click - {}
RESULT: {}
RESULT: {}
COMMAND: GET /session/3097350609915d1f0d0e7f0005360ed5/screenshot - {}
RESULT: {}
COMMAND: POST /session/3097350609915d1f0d0e7f0005360ed5/element - {"using":"css selector","value":"#application-manageresources-display-component---newResourceUnit--btnAddTimeSegment"}
RESULT: {"using":"css selector","value":"#application-manageresources-display-component---newResourceUnit--btnAddTimeSegment"}
COMMAND: GET /session/3097350609915d1f0d0e7f0005360ed5/element/f.185E35FC6384979D85E72AD7E1746CD8.d.82C3015E8A3574B9821D644E37D03586.e.18740/rect - {}
RESULT: {}
COMMAND: GET /session/3097350609915d1f0d0e7f0005360ed5/window/rect - {}
RESULT: {}
COMMAND: POST /session/3097350609915d1f0d0e7f0005360ed5/execute/sync - {"script":"<script> [92 bytes]","args":[]}
RESULT: {"script":"<script> [92 bytes]","args":[]}
COMMAND: POST /session/3097350609915d1f0d0e7f0005360ed5/actions - {"actions":[{"id":"action67","type":"wheel","parameters":{},"actions":[{"type":"scroll","x":-1888,"y":-32,"deltaX":0,"deltaY":0,"duration":0,"origin":{"element-6066-11e4-a52e-4f735466cecf":"f.185E35FC6384979D85E72AD7E1746CD8.d.82C3015E8A3574B9821D644E37D03586.e.18740"}}]}]}
COMMAND: GET /session/3097350609915d1f0d0e7f0005360ed5/screenshot - {}
RESULT: {}
COMMAND: POST /session/3097350609915d1f0d0e7f0005360ed5/execute/sync - {"script":"<script> [79 bytes]","args":[{"element-6066-11e4-a52e-4f735466cecf":"f.185E35FC6384979D85E72AD7E1746CD8.d.82C3015E8A3574B9821D644E37D03586.e.18740","ELEMENT":"f.185E35FC6384979D85E72AD7E1746CD8.d.82C3015E8A3574B9821D644E37D03586.e.18740"},{"block":"start","inline":"nearest"}]}
RESULT: {"script":"<script> [79 bytes]","args":[{"element-6066-11e4-a52e-4f735466cecf":"f.185E35FC6384979D85E72AD7E1746CD8.d.82C3015E8A3574B9821D644E37D03586.e.18740","ELEMENT":"f.185E35FC6384979D85E72AD7E1746CD8.d.82C3015E8A3574B9821D644E37D03586.e.18740"},{"block":"start","inline":"nearest"}]}
COMMAND: POST /session/3097350609915d1f0d0e7f0005360ed5/execute/async - {"script":"<script> [1562 bytes]","args":[{"selector":{"id":"application-manageresources-display-component---newResourceUnit--btnAddTimeSegment","interaction":{"idSuffix":"inner"}},"wdio_ui5_key":"applicationmanageresources-display-component---newResourceUnit--btnAddTimeSegment"}]}
COMMAND: GET /session/3097350609915d1f0d0e7f0005360ed5/screenshot - {}
RESULT: {"script":"<script> [1562 bytes]","args":[{"selector":{"id":"application-manageresources-display-component---newResourceUnit--btnAddTimeSegment","interaction":{"idSuffix":"inner"}},"wdio_ui5_key":"applicationmanageresources-display-component---newResourceUnit--btnAddTimeSegment"}]}
RESULT: undefined
COMMAND: POST /session/3097350609915d1f0d0e7f0005360ed5/element - {"using":"xpath","value":"//*[@id=\"application-manageresources-display-component---newResourceUnit--btnAddTimeSegment\"]"}
RESULT: {}
RESULT: {"using":"xpath","value":"//*[@id=\"application-manageresources-display-component---newResourceUnit--btnAddTimeSegment\"]"}
COMMAND: POST /session/3097350609915d1f0d0e7f0005360ed5/element/f.185E35FC6384979D85E72AD7E1746CD8.d.82C3015E8A3574B9821D644E37D03586.e.18740/click - {}
RESULT: {}
COMMAND: GET /session/3097350609915d1f0d0e7f0005360ed5/screenshot - {}
RESULT: {}
COMMAND: POST /session/3097350609915d1f0d0e7f0005360ed5/element - {"using":"xpath","value":"//input[@id=\"application-manageresources-display-component---newResourceUnit--idRuTSAdmin-application-manageresources-display-component---newResourceUnit--RUTimeSegment-0-inner\"]"}
RESULT: {"using":"xpath","value":"//input[@id=\"application-manageresources-display-component---newResourceUnit--idRuTSAdmin-application-manageresources-display-component---newResourceUnit--RUTimeSegment-0-inner\"]"}
COMMAND: POST /session/3097350609915d1f0d0e7f0005360ed5/element/f.185E35FC6384979D85E72AD7E1746CD8.d.82C3015E8A3574B9821D644E37D03586.e.18746/clear - {}
RESULT: {}
COMMAND: POST /session/3097350609915d1f0d0e7f0005360ed5/element/f.185E35FC6384979D85E72AD7E1746CD8.d.82C3015E8A3574B9821D644E37D03586.e.18746/value - {"text":"527"}
COMMAND: GET /session/3097350609915d1f0d0e7f0005360ed5/screenshot - {}
RESULT: {"text":"527"}
COMMAND: GET /session/3097350609915d1f0d0e7f0005360ed5/screenshot - {}
RESULT: {}
RESULT: {}
COMMAND: POST /session/3097350609915d1f0d0e7f0005360ed5/element - {"using":"xpath","value":"//li[.//span[text()='527']]"}
RESULT: {"using":"xpath","value":"//li[.//span[text()='527']]"}
COMMAND: POST /session/3097350609915d1f0d0e7f0005360ed5/element/f.185E35FC6384979D85E72AD7E1746CD8.d.82C3015E8A3574B9821D644E37D03586.e.18758/click - {}
RESULT: {}
COMMAND: GET /session/3097350609915d1f0d0e7f0005360ed5/screenshot - {}
RESULT: {}
COMMAND: POST /session/3097350609915d1f0d0e7f0005360ed5/element - {"using":"xpath","value":"(//span[contains(@id, \"-application-manageresources-display-component---newResourceUnit--RUTimeSegment-0-arrow\")])[6]"}
RESULT: {"using":"xpath","value":"(//span[contains(@id, \"-application-manageresources-display-component---newResourceUnit--RUTimeSegment-0-arrow\")])[6]"}
COMMAND: POST /session/3097350609915d1f0d0e7f0005360ed5/element/f.185E35FC6384979D85E72AD7E1746CD8.d.82C3015E8A3574B9821D644E37D03586.e.18759/click - {}
RESULT: {}
COMMAND: GET /session/3097350609915d1f0d0e7f0005360ed5/screenshot - {}
RESULT: {}
COMMAND: POST /session/3097350609915d1f0d0e7f0005360ed5/element - {"using":"xpath","value":"//span[contains(text(), \"PM Order\")]"}
RESULT: {"using":"xpath","value":"//span[contains(text(), \"PM Order\")]"}
COMMAND: POST /session/3097350609915d1f0d0e7f0005360ed5/element/f.185E35FC6384979D85E72AD7E1746CD8.d.82C3015E8A3574B9821D644E37D03586.e.18762/click - {}
RESULT: {}
COMMAND: GET /session/3097350609915d1f0d0e7f0005360ed5/screenshot - {}
RESULT: {}
COMMAND: POST /session/3097350609915d1f0d0e7f0005360ed5/element - {"using":"xpath","value":"(//span[contains(@id ,\"manageresources-display-component---newResourceUnit--RUTimeSegment-0-vhi\")])[1]"}
RESULT: {"using":"xpath","value":"(//span[contains(@id ,\"manageresources-display-component---newResourceUnit--RUTimeSegment-0-vhi\")])[1]"}
COMMAND: GET /session/3097350609915d1f0d0e7f0005360ed5/element/f.185E35FC6384979D85E72AD7E1746CD8.d.82C3015E8A3574B9821D644E37D03586.e.18766/rect - {}
RESULT: {}
COMMAND: GET /session/3097350609915d1f0d0e7f0005360ed5/window/rect - {}
RESULT: {}
COMMAND: POST /session/3097350609915d1f0d0e7f0005360ed5/execute/sync - {"script":"<script> [92 bytes]","args":[]}
RESULT: {"script":"<script> [92 bytes]","args":[]}
COMMAND: POST /session/3097350609915d1f0d0e7f0005360ed5/actions - {"actions":[{"id":"action68","type":"wheel","parameters":{},"actions":[{"type":"scroll","x":-869,"y":-24,"deltaX":0,"deltaY":0,"duration":0,"origin":{"element-6066-11e4-a52e-4f735466cecf":"f.185E35FC6384979D85E72AD7E1746CD8.d.82C3015E8A3574B9821D644E37D03586.e.18766"}}]}]}
COMMAND: GET /session/3097350609915d1f0d0e7f0005360ed5/screenshot - {}
RESULT: {"actions":[{"id":"action68","type":"wheel","parameters":{},"actions":[{"type":"scroll","x":-869,"y":-24,"deltaX":0,"deltaY":0,"duration":0,"origin":{"element-6066-11e4-a52e-4f735466cecf":"f.185E35FC6384979D85E72AD7E1746CD8.d.82C3015E8A3574B9821D644E37D03586.e.18766"}}]}]}
COMMAND: DELETE /session/3097350609915d1f0d0e7f0005360ed5/actions - {}
COMMAND: GET /session/3097350609915d1f0d0e7f0005360ed5/screenshot - {}
RESULT: {}
RESULT: {}
COMMAND: GET /session/3097350609915d1f0d0e7f0005360ed5/screenshot - {}
RESULT: {}
RESULT: {}
COMMAND: POST /session/3097350609915d1f0d0e7f0005360ed5/element/f.185E35FC6384979D85E72AD7E1746CD8.d.82C3015E8A3574B9821D644E37D03586.e.18766/click - {}
RESULT: {}
COMMAND: GET /session/3097350609915d1f0d0e7f0005360ed5/screenshot - {}
RESULT: {}
COMMAND: POST /session/3097350609915d1f0d0e7f0005360ed5/execute/async - {"script":"<script> [1562 bytes]","args":[{"selector":{"controlType":"sap.m.SearchField","properties":{"placeholder":"Search"},"searchOpenDialogs":true,"interaction":{"idSuffix":"I"}},"wdio_ui5_key":"sapm.SearchField{\"placeholder\":\"Search\"}"}]}
RESULT: {"script":"<script> [1562 bytes]","args":[{"selector":{"controlType":"sap.m.SearchField","properties":{"placeholder":"Search"},"searchOpenDialogs":true,"interaction":{"idSuffix":"I"}},"wdio_ui5_key":"sapm.SearchField{\"placeholder\":\"Search\"}"}]}
RESULT: undefined
COMMAND: POST /session/3097350609915d1f0d0e7f0005360ed5/execute/async - {"script":"<script> [776 bytes]","args":[{"enterText":"4000360","selector":{"controlType":"sap.m.SearchField","properties":{"placeholder":"Search"},"searchOpenDialogs":true,"interaction":{"idSuffix":"I"}},"clearTextFirst":true,"interactionType":"ENTER_TEXT"}]}
RESULT: {"script":"<script> [776 bytes]","args":[{"enterText":"4000360","selector":{"controlType":"sap.m.SearchField","properties":{"placeholder":"Search"},"searchOpenDialogs":true,"interaction":{"idSuffix":"I"}},"clearTextFirst":true,"interactionType":"ENTER_TEXT"}]}
COMMAND: POST /session/3097350609915d1f0d0e7f0005360ed5/actions - {"actions":[{"id":"action69","type":"key","parameters":{},"actions":[{"type":"keyDown","value":"î€‡"},{"type":"pause","duration":10},{"type":"keyUp","value":"î€‡"}]}]}
RESULT: {"actions":[{"id":"action69","type":"key","parameters":{},"actions":[{"type":"keyDown","value":"î€‡"},{"type":"pause","duration":10},{"type":"keyUp","value":"î€‡"}]}]}
COMMAND: GET /session/3097350609915d1f0d0e7f0005360ed5/screenshot - {}
RESULT: {}
COMMAND: POST /session/3097350609915d1f0d0e7f0005360ed5/element - {"using":"xpath","value":"//td/div/span[contains(text(), \"BGL Vehicles\")]"}
RESULT: {"using":"xpath","value":"//td/div/span[contains(text(), \"BGL Vehicles\")]"}
COMMAND: POST /session/3097350609915d1f0d0e7f0005360ed5/element/f.185E35FC6384979D85E72AD7E1746CD8.d.82C3015E8A3574B9821D644E37D03586.e.18788/click - {}
RESULT: {}
COMMAND: GET /session/3097350609915d1f0d0e7f0005360ed5/screenshot - {}
RESULT: {}
COMMAND: POST /session/3097350609915d1f0d0e7f0005360ed5/element - {"using":"xpath","value":"//bdi[contains(text(), \"OK\")]"}
RESULT: {"using":"xpath","value":"//bdi[contains(text(), \"OK\")]"}
COMMAND: POST /session/3097350609915d1f0d0e7f0005360ed5/element/f.185E35FC6384979D85E72AD7E1746CD8.d.82C3015E8A3574B9821D644E37D03586.e.18789/click - {}
RESULT: {}
COMMAND: GET /session/3097350609915d1f0d0e7f0005360ed5/screenshot - {}
RESULT: {}
COMMAND: POST /session/3097350609915d1f0d0e7f0005360ed5/execute/async - {"script":"<script> [1562 bytes]","args":[{"selector":{"id":"application-manageresources-display-component---newResourceUnit--newRRUPage-anchBar-application-manageresources-display-component---newResourceUnit--resource-anchor","interaction":{"idSuffix":"BDI-content"}},"wdio_ui5_key":"applicationmanageresources-display-component---newResourceUnit--newRRUPage-anchBar-application-manageresources-display-component---newResourceUnit--resource-anchor"}]}
RESULT: {"script":"<script> [1562 bytes]","args":[{"selector":{"id":"application-manageresources-display-component---newResourceUnit--newRRUPage-anchBar-application-manageresources-display-component---newResourceUnit--resource-anchor","interaction":{"idSuffix":"BDI-content"}},"wdio_ui5_key":"applicationmanageresources-display-component---newResourceUnit--newRRUPage-anchBar-application-manageresources-display-component---newResourceUnit--resource-anchor"}]}
RESULT: undefined
COMMAND: POST /session/3097350609915d1f0d0e7f0005360ed5/element - {"using":"xpath","value":"//*[@id=\"application-manageresources-display-component---newResourceUnit--newRRUPage-anchBar-application-manageresources-display-component---newResourceUnit--resource-anchor\"]"}
RESULT: {"using":"xpath","value":"//*[@id=\"application-manageresources-display-component---newResourceUnit--newRRUPage-anchBar-application-manageresources-display-component---newResourceUnit--resource-anchor\"]"}
COMMAND: POST /session/3097350609915d1f0d0e7f0005360ed5/element/f.185E35FC6384979D85E72AD7E1746CD8.d.82C3015E8A3574B9821D644E37D03586.e.18793/click - {}
RESULT: {}
COMMAND: POST /session/3097350609915d1f0d0e7f0005360ed5/execute/async - {"script":"<script> [1562 bytes]","args":[{"selector":{"id":"application-manageresources-display-component---newResourceUnit--PLANNED_DELIVERY_DATE","interaction":{"idSuffix":"inner"}},"wdio_ui5_key":"applicationmanageresources-display-component---newResourceUnit--PLANNED_DELIVERY_DATE"}]}
COMMAND: GET /session/3097350609915d1f0d0e7f0005360ed5/screenshot - {}
RESULT: {"script":"<script> [1562 bytes]","args":[{"selector":{"id":"application-manageresources-display-component---newResourceUnit--PLANNED_DELIVERY_DATE","interaction":{"idSuffix":"inner"}},"wdio_ui5_key":"applicationmanageresources-display-component---newResourceUnit--PLANNED_DELIVERY_DATE"}]}
RESULT: undefined
COMMAND: POST /session/3097350609915d1f0d0e7f0005360ed5/execute/async - {"script":"<script> [6424 bytes]","args":[{"element-6066-11e4-a52e-4f735466cecf":"f.185E35FC6384979D85E72AD7E1746CD8.d.82C3015E8A3574B9821D644E37D03586.e.18655"},"setValue",["5/18/25"]]}
RESULT: {}
RESULT: {"script":"<script> [6424 bytes]","args":[{"element-6066-11e4-a52e-4f735466cecf":"f.185E35FC6384979D85E72AD7E1746CD8.d.82C3015E8A3574B9821D644E37D03586.e.18655"},"setValue",["5/18/25"]]}
COMMAND: POST /session/3097350609915d1f0d0e7f0005360ed5/element - {"using":"xpath","value":"//label[contains(@class, 'sapMLabelRequired') and .//bdi[contains(text(), 'Planned Retirement')]]"}
RESULT: {"using":"xpath","value":"//label[contains(@class, 'sapMLabelRequired') and .//bdi[contains(text(), 'Planned Retirement')]]"}
COMMAND: POST /session/3097350609915d1f0d0e7f0005360ed5/elements - {"using":"xpath","value":"//label[contains(@class, 'sapMLabelRequired') and .//bdi[contains(text(), 'Planned Retirement')]]"}
RESULT: {"using":"xpath","value":"//label[contains(@class, 'sapMLabelRequired') and .//bdi[contains(text(), 'Planned Retirement')]]"}
COMMAND: POST /session/3097350609915d1f0d0e7f0005360ed5/element - {"using":"xpath","value":"//button[@data-kt=\"resourceUnitSaveButton\"]"}
RESULT: {"using":"xpath","value":"//button[@data-kt=\"resourceUnitSaveButton\"]"}
COMMAND: POST /session/3097350609915d1f0d0e7f0005360ed5/element/f.185E35FC6384979D85E72AD7E1746CD8.d.82C3015E8A3574B9821D644E37D03586.e.18615/click - {}
RESULT: {}
COMMAND: GET /session/3097350609915d1f0d0e7f0005360ed5/screenshot - {}
RESULT: {}
COMMAND: POST /session/3097350609915d1f0d0e7f0005360ed5/element - {"using":"xpath","value":"//bdi[contains(text(), \"Close\")]"}
RESULT: {"using":"xpath","value":"//bdi[contains(text(), \"Close\")]"}
COMMAND: POST /session/3097350609915d1f0d0e7f0005360ed5/element/f.185E35FC6384979D85E72AD7E1746CD8.d.82C3015E8A3574B9821D644E37D03586.e.18803/click - {}
RESULT: {}
COMMAND: GET /session/3097350609915d1f0d0e7f0005360ed5/screenshot - {}
RESULT: {}
COMMAND: POST /session/3097350609915d1f0d0e7f0005360ed5/element - {"using":"xpath","value":"(//button[contains(@id ,\"actionsToolbar-overflowButton\")])[1]"}
RESULT: {"using":"xpath","value":"(//button[contains(@id ,\"actionsToolbar-overflowButton\")])[1]"}
COMMAND: POST /session/3097350609915d1f0d0e7f0005360ed5/element/f.185E35FC6384979D85E72AD7E1746CD8.d.82C3015E8A3574B9821D644E37D03586.e.18833/click - {}
RESULT: {}
COMMAND: GET /session/3097350609915d1f0d0e7f0005360ed5/screenshot - {}
RESULT: {}
COMMAND: POST /session/3097350609915d1f0d0e7f0005360ed5/element - {"using":"xpath","value":"//button[@data-kt=\"priceInfoButton\"]"}
RESULT: {"using":"xpath","value":"//button[@data-kt=\"priceInfoButton\"]"}
COMMAND: POST /session/3097350609915d1f0d0e7f0005360ed5/element/f.185E35FC6384979D85E72AD7E1746CD8.d.82C3015E8A3574B9821D644E37D03586.e.18835/click - {}
RESULT: {}
COMMAND: GET /session/3097350609915d1f0d0e7f0005360ed5/screenshot - {}
]]></system-out>
    </testcase>
    <testcase classname="chrome.136_0_7103_93.windows.Billing_Calculation_-_Time_based_(considering_transport_times)_US139738" name="Should create new pricing rule for the equipment" time="50.676">
      <system-out><![CDATA[
COMMAND: POST /session/3097350609915d1f0d0e7f0005360ed5/element - {"using":"xpath","value":"//button[@data-kt=\"addButton\"]"}
RESULT: {}
RESULT: {"using":"xpath","value":"//button[@data-kt=\"addButton\"]"}
COMMAND: POST /session/3097350609915d1f0d0e7f0005360ed5/elements - {"using":"xpath","value":"//button[@data-kt=\"addButton\"]"}
RESULT: {"using":"xpath","value":"//button[@data-kt=\"addButton\"]"}
COMMAND: POST /session/3097350609915d1f0d0e7f0005360ed5/elements - {"using":"xpath","value":"//button[@data-kt=\"addButton\"]"}
RESULT: {"using":"xpath","value":"//button[@data-kt=\"addButton\"]"}
COMMAND: POST /session/3097350609915d1f0d0e7f0005360ed5/element - {"using":"xpath","value":"//button[@data-kt=\"addButton\"]"}
RESULT: {"using":"xpath","value":"//button[@data-kt=\"addButton\"]"}
COMMAND: POST /session/3097350609915d1f0d0e7f0005360ed5/execute/sync - {"script":"<script> [8489 bytes]","args":[{"element-6066-11e4-a52e-4f735466cecf":"f.185E35FC6384979D85E72AD7E1746CD8.d.82C3015E8A3574B9821D644E37D03586.e.18871","ELEMENT":"f.185E35FC6384979D85E72AD7E1746CD8.d.82C3015E8A3574B9821D644E37D03586.e.18871"}]}
RESULT: {"script":"<script> [8489 bytes]","args":[{"element-6066-11e4-a52e-4f735466cecf":"f.185E35FC6384979D85E72AD7E1746CD8.d.82C3015E8A3574B9821D644E37D03586.e.18871","ELEMENT":"f.185E35FC6384979D85E72AD7E1746CD8.d.82C3015E8A3574B9821D644E37D03586.e.18871"}]}
COMMAND: GET /session/3097350609915d1f0d0e7f0005360ed5/element/f.185E35FC6384979D85E72AD7E1746CD8.d.82C3015E8A3574B9821D644E37D03586.e.18871/enabled - {}
COMMAND: GET /session/3097350609915d1f0d0e7f0005360ed5/screenshot - {}
RESULT: {}
COMMAND: POST /session/3097350609915d1f0d0e7f0005360ed5/execute/sync - {"script":"<script> [8489 bytes]","args":[{"element-6066-11e4-a52e-4f735466cecf":"f.185E35FC6384979D85E72AD7E1746CD8.d.82C3015E8A3574B9821D644E37D03586.e.18871","ELEMENT":"f.185E35FC6384979D85E72AD7E1746CD8.d.82C3015E8A3574B9821D644E37D03586.e.18871"}]}
COMMAND: GET /session/3097350609915d1f0d0e7f0005360ed5/screenshot - {}
RESULT: {}
RESULT: {"script":"<script> [8489 bytes]","args":[{"element-6066-11e4-a52e-4f735466cecf":"f.185E35FC6384979D85E72AD7E1746CD8.d.82C3015E8A3574B9821D644E37D03586.e.18871","ELEMENT":"f.185E35FC6384979D85E72AD7E1746CD8.d.82C3015E8A3574B9821D644E37D03586.e.18871"}]}
COMMAND: POST /session/3097350609915d1f0d0e7f0005360ed5/execute/sync - {"script":"<script> [5351 bytes]","args":[{"element-6066-11e4-a52e-4f735466cecf":"f.185E35FC6384979D85E72AD7E1746CD8.d.82C3015E8A3574B9821D644E37D03586.e.18871","ELEMENT":"f.185E35FC6384979D85E72AD7E1746CD8.d.82C3015E8A3574B9821D644E37D03586.e.18871"}]}
COMMAND: GET /session/3097350609915d1f0d0e7f0005360ed5/screenshot - {}
RESULT: {}
RESULT: {"script":"<script> [5351 bytes]","args":[{"element-6066-11e4-a52e-4f735466cecf":"f.185E35FC6384979D85E72AD7E1746CD8.d.82C3015E8A3574B9821D644E37D03586.e.18871","ELEMENT":"f.185E35FC6384979D85E72AD7E1746CD8.d.82C3015E8A3574B9821D644E37D03586.e.18871"}]}
COMMAND: POST /session/3097350609915d1f0d0e7f0005360ed5/element/f.185E35FC6384979D85E72AD7E1746CD8.d.82C3015E8A3574B9821D644E37D03586.e.18871/click - {}
COMMAND: GET /session/3097350609915d1f0d0e7f0005360ed5/screenshot - {}
RESULT: {}
RESULT: {}
COMMAND: GET /session/3097350609915d1f0d0e7f0005360ed5/screenshot - {}
RESULT: {}
RESULT: {}
COMMAND: POST /session/3097350609915d1f0d0e7f0005360ed5/execute/async - {"script":"<script> [1562 bytes]","args":[{"selector":{"controlType":"sap.m.Title","viewName":"etm.portal.ui.managepricingrules.view.NewItem","viewId":"application-managepricingrules-display-component---newInfoPriceItem","properties":{"text":"New Pricing Rules - Item Level"}},"wdio_ui5_key":"etmportal.ui.managepricingrules.view.NewItemsap.m.Title{\"text\":\"New Pricing Rules - Item Level\"}"}]}
RESULT: {"script":"<script> [1562 bytes]","args":[{"selector":{"controlType":"sap.m.Title","viewName":"etm.portal.ui.managepricingrules.view.NewItem","viewId":"application-managepricingrules-display-component---newInfoPriceItem","properties":{"text":"New Pricing Rules - Item Level"}},"wdio_ui5_key":"etmportal.ui.managepricingrules.view.NewItemsap.m.Title{\"text\":\"New Pricing Rules - Item Level\"}"}]}
RESULT: undefined
COMMAND: POST /session/3097350609915d1f0d0e7f0005360ed5/execute/async - {"script":"<script> [6424 bytes]","args":[{"element-6066-11e4-a52e-4f735466cecf":"f.185E35FC6384979D85E72AD7E1746CD8.d.82C3015E8A3574B9821D644E37D03586.e.19028"},"getText",[]]}
RESULT: {"script":"<script> [6424 bytes]","args":[{"element-6066-11e4-a52e-4f735466cecf":"f.185E35FC6384979D85E72AD7E1746CD8.d.82C3015E8A3574B9821D644E37D03586.e.19028"},"getText",[]]}
COMMAND: POST /session/3097350609915d1f0d0e7f0005360ed5/execute/async - {"script":"<script> [1562 bytes]","args":[{"selector":{"id":"application-managepricingrules-display-component---newInfoPriceItem--condValidTo","interaction":{"idSuffix":"inner"}},"wdio_ui5_key":"applicationmanagepricingrules-display-component---newInfoPriceItem--condValidTo"}]}
RESULT: {"script":"<script> [1562 bytes]","args":[{"selector":{"id":"application-managepricingrules-display-component---newInfoPriceItem--condValidTo","interaction":{"idSuffix":"inner"}},"wdio_ui5_key":"applicationmanagepricingrules-display-component---newInfoPriceItem--condValidTo"}]}
RESULT: undefined
COMMAND: POST /session/3097350609915d1f0d0e7f0005360ed5/execute/async - {"script":"<script> [776 bytes]","args":[{"enterText":"1/18/26","selector":{"id":"application-managepricingrules-display-component---newInfoPriceItem--condValidTo","interaction":{"idSuffix":"inner"}},"clearTextFirst":true,"interactionType":"ENTER_TEXT"}]}
RESULT: {"script":"<script> [776 bytes]","args":[{"enterText":"1/18/26","selector":{"id":"application-managepricingrules-display-component---newInfoPriceItem--condValidTo","interaction":{"idSuffix":"inner"}},"clearTextFirst":true,"interactionType":"ENTER_TEXT"}]}
COMMAND: POST /session/3097350609915d1f0d0e7f0005360ed5/execute/async - {"script":"<script> [1562 bytes]","args":[{"selector":{"id":"application-managepricingrules-display-component---newInfoPriceItem--billType-arrow"},"wdio_ui5_key":"applicationmanagepricingrules-display-component---newInfoPriceItem--billType-arrow"}]}
RESULT: {"script":"<script> [1562 bytes]","args":[{"selector":{"id":"application-managepricingrules-display-component---newInfoPriceItem--billType-arrow"},"wdio_ui5_key":"applicationmanagepricingrules-display-component---newInfoPriceItem--billType-arrow"}]}
RESULT: undefined
COMMAND: POST /session/3097350609915d1f0d0e7f0005360ed5/element - {"using":"xpath","value":"//*[@id=\"application-managepricingrules-display-component---newInfoPriceItem--billType-arrow\"]"}
RESULT: {"using":"xpath","value":"//*[@id=\"application-managepricingrules-display-component---newInfoPriceItem--billType-arrow\"]"}
COMMAND: POST /session/3097350609915d1f0d0e7f0005360ed5/element/f.185E35FC6384979D85E72AD7E1746CD8.d.82C3015E8A3574B9821D644E37D03586.e.19030/click - {}
RESULT: {}
COMMAND: POST /session/3097350609915d1f0d0e7f0005360ed5/element - {"using":"xpath","value":"//span[contains(text(), \"TB - Time based\")]"}
COMMAND: GET /session/3097350609915d1f0d0e7f0005360ed5/screenshot - {}
RESULT: {"using":"xpath","value":"//span[contains(text(), \"TB - Time based\")]"}
COMMAND: POST /session/3097350609915d1f0d0e7f0005360ed5/element/f.185E35FC6384979D85E72AD7E1746CD8.d.82C3015E8A3574B9821D644E37D03586.e.19031/click - {}
RESULT: {}
RESULT: {}
COMMAND: POST /session/3097350609915d1f0d0e7f0005360ed5/execute/async - {"script":"<script> [1562 bytes]","args":[{"selector":{"id":"application-managepricingrules-display-component---newInfoPriceItem--priceProc-arrow"},"wdio_ui5_key":"applicationmanagepricingrules-display-component---newInfoPriceItem--priceProc-arrow"}]}
COMMAND: GET /session/3097350609915d1f0d0e7f0005360ed5/screenshot - {}
RESULT: {"script":"<script> [1562 bytes]","args":[{"selector":{"id":"application-managepricingrules-display-component---newInfoPriceItem--priceProc-arrow"},"wdio_ui5_key":"applicationmanagepricingrules-display-component---newInfoPriceItem--priceProc-arrow"}]}
RESULT: undefined
COMMAND: POST /session/3097350609915d1f0d0e7f0005360ed5/element - {"using":"xpath","value":"//*[@id=\"application-managepricingrules-display-component---newInfoPriceItem--priceProc-arrow\"]"}
RESULT: {}
RESULT: {"using":"xpath","value":"//*[@id=\"application-managepricingrules-display-component---newInfoPriceItem--priceProc-arrow\"]"}
COMMAND: POST /session/3097350609915d1f0d0e7f0005360ed5/element/f.185E35FC6384979D85E72AD7E1746CD8.d.82C3015E8A3574B9821D644E37D03586.e.18997/click - {}
RESULT: {}
COMMAND: POST /session/3097350609915d1f0d0e7f0005360ed5/element - {"using":"xpath","value":"//span[contains(text(), \"TBS - Time based standard\")]"}
COMMAND: GET /session/3097350609915d1f0d0e7f0005360ed5/screenshot - {}
RESULT: {"using":"xpath","value":"//span[contains(text(), \"TBS - Time based standard\")]"}
COMMAND: POST /session/3097350609915d1f0d0e7f0005360ed5/element/f.185E35FC6384979D85E72AD7E1746CD8.d.82C3015E8A3574B9821D644E37D03586.e.19032/click - {}
RESULT: {}
RESULT: {}
COMMAND: POST /session/3097350609915d1f0d0e7f0005360ed5/execute/async - {"script":"<script> [1562 bytes]","args":[{"selector":{"id":"application-managepricingrules-display-component---newInfoPriceItem--calcBase-arrow"},"wdio_ui5_key":"applicationmanagepricingrules-display-component---newInfoPriceItem--calcBase-arrow"}]}
COMMAND: GET /session/3097350609915d1f0d0e7f0005360ed5/screenshot - {}
RESULT: {"script":"<script> [1562 bytes]","args":[{"selector":{"id":"application-managepricingrules-display-component---newInfoPriceItem--calcBase-arrow"},"wdio_ui5_key":"applicationmanagepricingrules-display-component---newInfoPriceItem--calcBase-arrow"}]}
RESULT: undefined
COMMAND: POST /session/3097350609915d1f0d0e7f0005360ed5/element - {"using":"xpath","value":"//*[@id=\"application-managepricingrules-display-component---newInfoPriceItem--calcBase-arrow\"]"}
RESULT: {}
RESULT: {"using":"xpath","value":"//*[@id=\"application-managepricingrules-display-component---newInfoPriceItem--calcBase-arrow\"]"}
COMMAND: POST /session/3097350609915d1f0d0e7f0005360ed5/element/f.185E35FC6384979D85E72AD7E1746CD8.d.82C3015E8A3574B9821D644E37D03586.e.19004/click - {}
RESULT: {}
COMMAND: GET /session/3097350609915d1f0d0e7f0005360ed5/screenshot - {}
RESULT: {}
COMMAND: POST /session/3097350609915d1f0d0e7f0005360ed5/element - {"using":"xpath","value":"//span[contains(text(), \"0006 - TB(calendar days)\")]"}
RESULT: {"using":"xpath","value":"//span[contains(text(), \"0006 - TB(calendar days)\")]"}
COMMAND: POST /session/3097350609915d1f0d0e7f0005360ed5/element/f.185E35FC6384979D85E72AD7E1746CD8.d.82C3015E8A3574B9821D644E37D03586.e.19033/click - {}
RESULT: {}
COMMAND: GET /session/3097350609915d1f0d0e7f0005360ed5/screenshot - {}
RESULT: {}
COMMAND: POST /session/3097350609915d1f0d0e7f0005360ed5/execute/async - {"script":"<script> [1562 bytes]","args":[{"selector":{"id":"application-managepricingrules-display-component---newInfoPriceItem--daysMonth","interaction":{"idSuffix":"inner"}},"wdio_ui5_key":"applicationmanagepricingrules-display-component---newInfoPriceItem--daysMonth"}]}
RESULT: {"script":"<script> [1562 bytes]","args":[{"selector":{"id":"application-managepricingrules-display-component---newInfoPriceItem--daysMonth","interaction":{"idSuffix":"inner"}},"wdio_ui5_key":"applicationmanagepricingrules-display-component---newInfoPriceItem--daysMonth"}]}
RESULT: undefined
COMMAND: POST /session/3097350609915d1f0d0e7f0005360ed5/execute/async - {"script":"<script> [776 bytes]","args":[{"enterText":"30","selector":{"id":"application-managepricingrules-display-component---newInfoPriceItem--daysMonth","interaction":{"idSuffix":"inner"}},"clearTextFirst":true,"interactionType":"ENTER_TEXT"}]}
RESULT: {"script":"<script> [776 bytes]","args":[{"enterText":"30","selector":{"id":"application-managepricingrules-display-component---newInfoPriceItem--daysMonth","interaction":{"idSuffix":"inner"}},"clearTextFirst":true,"interactionType":"ENTER_TEXT"}]}
COMMAND: POST /session/3097350609915d1f0d0e7f0005360ed5/element - {"using":"xpath","value":"//button[@data-kt=\"saveNewRuleButton\"]"}
RESULT: {"using":"xpath","value":"//button[@data-kt=\"saveNewRuleButton\"]"}
COMMAND: POST /session/3097350609915d1f0d0e7f0005360ed5/element/f.185E35FC6384979D85E72AD7E1746CD8.d.82C3015E8A3574B9821D644E37D03586.e.19020/click - {}
RESULT: {}
COMMAND: GET /session/3097350609915d1f0d0e7f0005360ed5/screenshot - {}
RESULT: {}
COMMAND: POST /session/3097350609915d1f0d0e7f0005360ed5/execute/async - {"script":"<script> [1562 bytes]","args":[{"selector":{"id":"application-managepricingrules-display-component---priceInfoItem--smartFilterBar-btnBasicSearch","interaction":{"idSuffix":"I"}},"wdio_ui5_key":"applicationmanagepricingrules-display-component---priceInfoItem--smartFilterBar-btnBasicSearch"}]}
RESULT: {"script":"<script> [1562 bytes]","args":[{"selector":{"id":"application-managepricingrules-display-component---priceInfoItem--smartFilterBar-btnBasicSearch","interaction":{"idSuffix":"I"}},"wdio_ui5_key":"applicationmanagepricingrules-display-component---priceInfoItem--smartFilterBar-btnBasicSearch"}]}
RESULT: undefined
COMMAND: POST /session/3097350609915d1f0d0e7f0005360ed5/execute/async - {"script":"<script> [776 bytes]","args":[{"enterText":"JrLKiopZus","selector":{"id":"application-managepricingrules-display-component---priceInfoItem--smartFilterBar-btnBasicSearch","interaction":{"idSuffix":"I"}},"clearTextFirst":true,"interactionType":"ENTER_TEXT"}]}
RESULT: {"script":"<script> [776 bytes]","args":[{"enterText":"JrLKiopZus","selector":{"id":"application-managepricingrules-display-component---priceInfoItem--smartFilterBar-btnBasicSearch","interaction":{"idSuffix":"I"}},"clearTextFirst":true,"interactionType":"ENTER_TEXT"}]}
COMMAND: POST /session/3097350609915d1f0d0e7f0005360ed5/actions - {"actions":[{"id":"action70","type":"key","parameters":{},"actions":[{"type":"keyDown","value":"î€‡"},{"type":"pause","duration":10},{"type":"keyUp","value":"î€‡"}]}]}
RESULT: {"actions":[{"id":"action70","type":"key","parameters":{},"actions":[{"type":"keyDown","value":"î€‡"},{"type":"pause","duration":10},{"type":"keyUp","value":"î€‡"}]}]}
COMMAND: GET /session/3097350609915d1f0d0e7f0005360ed5/screenshot - {}
RESULT: {}
COMMAND: POST /session/3097350609915d1f0d0e7f0005360ed5/element - {"using":"xpath","value":"//span[@id=\"application-managepricingrules-display-component---priceInfoItem--smartTable-header-inner\"]"}
RESULT: {"using":"xpath","value":"//span[@id=\"application-managepricingrules-display-component---priceInfoItem--smartTable-header-inner\"]"}
COMMAND: POST /session/3097350609915d1f0d0e7f0005360ed5/elements - {"using":"xpath","value":"//span[@id=\"application-managepricingrules-display-component---priceInfoItem--smartTable-header-inner\"]"}
RESULT: {"using":"xpath","value":"//span[@id=\"application-managepricingrules-display-component---priceInfoItem--smartTable-header-inner\"]"}
COMMAND: POST /session/3097350609915d1f0d0e7f0005360ed5/execute/sync - {"script":"<script> [56 bytes]","args":[{"element-6066-11e4-a52e-4f735466cecf":"f.185E35FC6384979D85E72AD7E1746CD8.d.82C3015E8A3574B9821D644E37D03586.e.19058","ELEMENT":"f.185E35FC6384979D85E72AD7E1746CD8.d.82C3015E8A3574B9821D644E37D03586.e.19058"}]}
RESULT: {"script":"<script> [56 bytes]","args":[{"element-6066-11e4-a52e-4f735466cecf":"f.185E35FC6384979D85E72AD7E1746CD8.d.82C3015E8A3574B9821D644E37D03586.e.19058","ELEMENT":"f.185E35FC6384979D85E72AD7E1746CD8.d.82C3015E8A3574B9821D644E37D03586.e.19058"}]}
COMMAND: POST /session/3097350609915d1f0d0e7f0005360ed5/element - {"using":"css selector","value":"#shell-header-logo"}
COMMAND: GET /session/3097350609915d1f0d0e7f0005360ed5/screenshot - {}
RESULT: {"using":"css selector","value":"#shell-header-logo"}
COMMAND: POST /session/3097350609915d1f0d0e7f0005360ed5/element/f.185E35FC6384979D85E72AD7E1746CD8.d.82C3015E8A3574B9821D644E37D03586.e.18209/click - {}
RESULT: {}
RESULT: {}
COMMAND: GET /session/3097350609915d1f0d0e7f0005360ed5/screenshot - {}
RESULT: {}
]]></system-out>
    </testcase>
    <testcase classname="chrome.136_0_7103_93.windows.Billing_Calculation_-_Time_based_(considering_transport_times)_US139738" name="Should create new pricing condition for the equipment" time="65.96">
      <system-out><![CDATA[
COMMAND: POST /session/3097350609915d1f0d0e7f0005360ed5/execute/async - {"script":"<script> [1562 bytes]","args":[{"selector":{"controlType":"sap.m.GenericTile","properties":{"header":"Manage Conditions & Prices"}},"wdio_ui5_key":"sapm.GenericTile{\"header\":\"Manage Conditions & Prices\"}"}]}
RESULT: {"script":"<script> [1562 bytes]","args":[{"selector":{"controlType":"sap.m.GenericTile","properties":{"header":"Manage Conditions & Prices"}},"wdio_ui5_key":"sapm.GenericTile{\"header\":\"Manage Conditions & Prices\"}"}]}
RESULT: undefined
COMMAND: POST /session/3097350609915d1f0d0e7f0005360ed5/element - {"using":"xpath","value":"//*[@id=\"__tile53\"]"}
RESULT: {"using":"xpath","value":"//*[@id=\"__tile53\"]"}
COMMAND: POST /session/3097350609915d1f0d0e7f0005360ed5/element/f.185E35FC6384979D85E72AD7E1746CD8.d.82C3015E8A3574B9821D644E37D03586.e.18144/click - {}
RESULT: {}
COMMAND: GET /session/3097350609915d1f0d0e7f0005360ed5/screenshot - {}
RESULT: {}
COMMAND: POST /session/3097350609915d1f0d0e7f0005360ed5/elements - {"using":"xpath","value":"//span[text()='Error']"}
RESULT: {"using":"xpath","value":"//span[text()='Error']"}
COMMAND: POST /session/3097350609915d1f0d0e7f0005360ed5/element - {"using":"xpath","value":"//button[@aria-label=\"Create\"]"}
RESULT: {"using":"xpath","value":"//button[@aria-label=\"Create\"]"}
COMMAND: POST /session/3097350609915d1f0d0e7f0005360ed5/elements - {"using":"xpath","value":"//button[@aria-label=\"Create\"]"}
RESULT: {"using":"xpath","value":"//button[@aria-label=\"Create\"]"}
COMMAND: POST /session/3097350609915d1f0d0e7f0005360ed5/execute/sync - {"script":"<script> [8489 bytes]","args":[{"element-6066-11e4-a52e-4f735466cecf":"f.185E35FC6384979D85E72AD7E1746CD8.d.82C3015E8A3574B9821D644E37D03586.e.19093","ELEMENT":"f.185E35FC6384979D85E72AD7E1746CD8.d.82C3015E8A3574B9821D644E37D03586.e.19093"}]}
RESULT: {"script":"<script> [8489 bytes]","args":[{"element-6066-11e4-a52e-4f735466cecf":"f.185E35FC6384979D85E72AD7E1746CD8.d.82C3015E8A3574B9821D644E37D03586.e.19093","ELEMENT":"f.185E35FC6384979D85E72AD7E1746CD8.d.82C3015E8A3574B9821D644E37D03586.e.19093"}]}
COMMAND: GET /session/3097350609915d1f0d0e7f0005360ed5/element/f.185E35FC6384979D85E72AD7E1746CD8.d.82C3015E8A3574B9821D644E37D03586.e.19093/enabled - {}
COMMAND: GET /session/3097350609915d1f0d0e7f0005360ed5/screenshot - {}
RESULT: {}
COMMAND: POST /session/3097350609915d1f0d0e7f0005360ed5/execute/sync - {"script":"<script> [8489 bytes]","args":[{"element-6066-11e4-a52e-4f735466cecf":"f.185E35FC6384979D85E72AD7E1746CD8.d.82C3015E8A3574B9821D644E37D03586.e.19093","ELEMENT":"f.185E35FC6384979D85E72AD7E1746CD8.d.82C3015E8A3574B9821D644E37D03586.e.19093"}]}
COMMAND: GET /session/3097350609915d1f0d0e7f0005360ed5/screenshot - {}
RESULT: {}
RESULT: {"script":"<script> [8489 bytes]","args":[{"element-6066-11e4-a52e-4f735466cecf":"f.185E35FC6384979D85E72AD7E1746CD8.d.82C3015E8A3574B9821D644E37D03586.e.19093","ELEMENT":"f.185E35FC6384979D85E72AD7E1746CD8.d.82C3015E8A3574B9821D644E37D03586.e.19093"}]}
COMMAND: POST /session/3097350609915d1f0d0e7f0005360ed5/execute/sync - {"script":"<script> [5351 bytes]","args":[{"element-6066-11e4-a52e-4f735466cecf":"f.185E35FC6384979D85E72AD7E1746CD8.d.82C3015E8A3574B9821D644E37D03586.e.19093","ELEMENT":"f.185E35FC6384979D85E72AD7E1746CD8.d.82C3015E8A3574B9821D644E37D03586.e.19093"}]}
COMMAND: GET /session/3097350609915d1f0d0e7f0005360ed5/screenshot - {}
RESULT: {}
RESULT: {"script":"<script> [5351 bytes]","args":[{"element-6066-11e4-a52e-4f735466cecf":"f.185E35FC6384979D85E72AD7E1746CD8.d.82C3015E8A3574B9821D644E37D03586.e.19093","ELEMENT":"f.185E35FC6384979D85E72AD7E1746CD8.d.82C3015E8A3574B9821D644E37D03586.e.19093"}]}
COMMAND: POST /session/3097350609915d1f0d0e7f0005360ed5/element/f.185E35FC6384979D85E72AD7E1746CD8.d.82C3015E8A3574B9821D644E37D03586.e.19093/click - {}
COMMAND: GET /session/3097350609915d1f0d0e7f0005360ed5/screenshot - {}
RESULT: {}
RESULT: {}
COMMAND: GET /session/3097350609915d1f0d0e7f0005360ed5/screenshot - {}
RESULT: {}
RESULT: {}
COMMAND: POST /session/3097350609915d1f0d0e7f0005360ed5/actions - {"actions":[{"id":"action71","type":"key","parameters":{},"actions":[{"type":"keyDown","value":"î€‡"},{"type":"pause","duration":10},{"type":"keyUp","value":"î€‡"}]}]}
RESULT: {"actions":[{"id":"action71","type":"key","parameters":{},"actions":[{"type":"keyDown","value":"î€‡"},{"type":"pause","duration":10},{"type":"keyUp","value":"î€‡"}]}]}
COMMAND: GET /session/3097350609915d1f0d0e7f0005360ed5/screenshot - {}
RESULT: {}
COMMAND: POST /session/3097350609915d1f0d0e7f0005360ed5/execute/async - {"script":"<script> [1562 bytes]","args":[{"selector":{"id":"application-manageconditionprice-display-component---newCondition--condBillCond-arrow"},"wdio_ui5_key":"applicationmanageconditionprice-display-component---newCondition--condBillCond-arrow"}]}
RESULT: {"script":"<script> [1562 bytes]","args":[{"selector":{"id":"application-manageconditionprice-display-component---newCondition--condBillCond-arrow"},"wdio_ui5_key":"applicationmanageconditionprice-display-component---newCondition--condBillCond-arrow"}]}
RESULT: undefined
COMMAND: POST /session/3097350609915d1f0d0e7f0005360ed5/element - {"using":"xpath","value":"//*[@id=\"application-manageconditionprice-display-component---newCondition--condBillCond-arrow\"]"}
RESULT: {"using":"xpath","value":"//*[@id=\"application-manageconditionprice-display-component---newCondition--condBillCond-arrow\"]"}
COMMAND: POST /session/3097350609915d1f0d0e7f0005360ed5/element/f.185E35FC6384979D85E72AD7E1746CD8.d.82C3015E8A3574B9821D644E37D03586.e.19269/click - {}
RESULT: {}
COMMAND: GET /session/3097350609915d1f0d0e7f0005360ed5/screenshot - {}
RESULT: {}
COMMAND: POST /session/3097350609915d1f0d0e7f0005360ed5/element - {"using":"xpath","value":"//li[.//span[contains(text(), \"DISP - D&I special price\")]]"}
RESULT: {"using":"xpath","value":"//li[.//span[contains(text(), \"DISP - D&I special price\")]]"}
COMMAND: POST /session/3097350609915d1f0d0e7f0005360ed5/element/f.185E35FC6384979D85E72AD7E1746CD8.d.82C3015E8A3574B9821D644E37D03586.e.19272/click - {}
RESULT: {}
COMMAND: GET /session/3097350609915d1f0d0e7f0005360ed5/screenshot - {}
RESULT: {}
COMMAND: POST /session/3097350609915d1f0d0e7f0005360ed5/execute/async - {"script":"<script> [1562 bytes]","args":[{"selector":{"id":"application-manageconditionprice-display-component---newCondition--condValidTo","interaction":{"idSuffix":"inner"}},"wdio_ui5_key":"applicationmanageconditionprice-display-component---newCondition--condValidTo"}]}
RESULT: {"script":"<script> [1562 bytes]","args":[{"selector":{"id":"application-manageconditionprice-display-component---newCondition--condValidTo","interaction":{"idSuffix":"inner"}},"wdio_ui5_key":"applicationmanageconditionprice-display-component---newCondition--condValidTo"}]}
RESULT: undefined
COMMAND: POST /session/3097350609915d1f0d0e7f0005360ed5/execute/async - {"script":"<script> [776 bytes]","args":[{"enterText":"1/18/26","selector":{"id":"application-manageconditionprice-display-component---newCondition--condValidTo","interaction":{"idSuffix":"inner"}},"clearTextFirst":true,"interactionType":"ENTER_TEXT"}]}
RESULT: {"script":"<script> [776 bytes]","args":[{"enterText":"1/18/26","selector":{"id":"application-manageconditionprice-display-component---newCondition--condValidTo","interaction":{"idSuffix":"inner"}},"clearTextFirst":true,"interactionType":"ENTER_TEXT"}]}
COMMAND: POST /session/3097350609915d1f0d0e7f0005360ed5/element - {"using":"xpath","value":"//input[@id=\"application-manageconditionprice-display-component---newCondition--condRU-inner\"]"}
RESULT: {"using":"xpath","value":"//input[@id=\"application-manageconditionprice-display-component---newCondition--condRU-inner\"]"}
COMMAND: POST /session/3097350609915d1f0d0e7f0005360ed5/element/f.185E35FC6384979D85E72AD7E1746CD8.d.82C3015E8A3574B9821D644E37D03586.e.19135/clear - {}
RESULT: {}
COMMAND: POST /session/3097350609915d1f0d0e7f0005360ed5/element/f.185E35FC6384979D85E72AD7E1746CD8.d.82C3015E8A3574B9821D644E37D03586.e.19135/value - {"text":"JrLKiopZus"}
COMMAND: GET /session/3097350609915d1f0d0e7f0005360ed5/screenshot - {}
RESULT: {"text":"JrLKiopZus"}
COMMAND: GET /session/3097350609915d1f0d0e7f0005360ed5/screenshot - {}
RESULT: {}
RESULT: {}
COMMAND: POST /session/3097350609915d1f0d0e7f0005360ed5/actions - {"actions":[{"id":"action72","type":"key","parameters":{},"actions":[{"type":"keyDown","value":"î€‡"},{"type":"pause","duration":10},{"type":"keyUp","value":"î€‡"}]}]}
RESULT: {"actions":[{"id":"action72","type":"key","parameters":{},"actions":[{"type":"keyDown","value":"î€‡"},{"type":"pause","duration":10},{"type":"keyUp","value":"î€‡"}]}]}
COMMAND: POST /session/3097350609915d1f0d0e7f0005360ed5/execute/async - {"script":"<script> [1562 bytes]","args":[{"selector":{"id":"application-manageconditionprice-display-component---newCondition--condBaseQty","interaction":{"idSuffix":"inner"}},"wdio_ui5_key":"applicationmanageconditionprice-display-component---newCondition--condBaseQty"}]}
COMMAND: GET /session/3097350609915d1f0d0e7f0005360ed5/screenshot - {}
RESULT: {"script":"<script> [1562 bytes]","args":[{"selector":{"id":"application-manageconditionprice-display-component---newCondition--condBaseQty","interaction":{"idSuffix":"inner"}},"wdio_ui5_key":"applicationmanageconditionprice-display-component---newCondition--condBaseQty"}]}
RESULT: undefined
COMMAND: POST /session/3097350609915d1f0d0e7f0005360ed5/execute/async - {"script":"<script> [776 bytes]","args":[{"enterText":"1","selector":{"id":"application-manageconditionprice-display-component---newCondition--condBaseQty","interaction":{"idSuffix":"inner"}},"clearTextFirst":true,"interactionType":"ENTER_TEXT"}]}
RESULT: {}
RESULT: {"script":"<script> [776 bytes]","args":[{"enterText":"1","selector":{"id":"application-manageconditionprice-display-component---newCondition--condBaseQty","interaction":{"idSuffix":"inner"}},"clearTextFirst":true,"interactionType":"ENTER_TEXT"}]}
COMMAND: POST /session/3097350609915d1f0d0e7f0005360ed5/execute/async - {"script":"<script> [1562 bytes]","args":[{"selector":{"id":"application-manageconditionprice-display-component---newCondition--condValue","interaction":{"idSuffix":"inner"}},"wdio_ui5_key":"applicationmanageconditionprice-display-component---newCondition--condValue"}]}
RESULT: {"script":"<script> [1562 bytes]","args":[{"selector":{"id":"application-manageconditionprice-display-component---newCondition--condValue","interaction":{"idSuffix":"inner"}},"wdio_ui5_key":"applicationmanageconditionprice-display-component---newCondition--condValue"}]}
RESULT: undefined
COMMAND: POST /session/3097350609915d1f0d0e7f0005360ed5/execute/async - {"script":"<script> [776 bytes]","args":[{"enterText":"100","selector":{"id":"application-manageconditionprice-display-component---newCondition--condValue","interaction":{"idSuffix":"inner"}},"clearTextFirst":true,"interactionType":"ENTER_TEXT"}]}
RESULT: {"script":"<script> [776 bytes]","args":[{"enterText":"100","selector":{"id":"application-manageconditionprice-display-component---newCondition--condValue","interaction":{"idSuffix":"inner"}},"clearTextFirst":true,"interactionType":"ENTER_TEXT"}]}
COMMAND: POST /session/3097350609915d1f0d0e7f0005360ed5/execute/async - {"script":"<script> [1562 bytes]","args":[{"selector":{"id":"application-manageconditionprice-display-component---newCondition--condCurr-arrow"},"wdio_ui5_key":"applicationmanageconditionprice-display-component---newCondition--condCurr-arrow"}]}
RESULT: {"script":"<script> [1562 bytes]","args":[{"selector":{"id":"application-manageconditionprice-display-component---newCondition--condCurr-arrow"},"wdio_ui5_key":"applicationmanageconditionprice-display-component---newCondition--condCurr-arrow"}]}
RESULT: undefined
COMMAND: POST /session/3097350609915d1f0d0e7f0005360ed5/element - {"using":"xpath","value":"//*[@id=\"application-manageconditionprice-display-component---newCondition--condCurr-arrow\"]"}
RESULT: {"using":"xpath","value":"//*[@id=\"application-manageconditionprice-display-component---newCondition--condCurr-arrow\"]"}
COMMAND: POST /session/3097350609915d1f0d0e7f0005360ed5/element/f.185E35FC6384979D85E72AD7E1746CD8.d.82C3015E8A3574B9821D644E37D03586.e.19251/click - {}
RESULT: {}
COMMAND: POST /session/3097350609915d1f0d0e7f0005360ed5/element - {"using":"xpath","value":"//span[contains(text(), \"Euro\")]"}
COMMAND: GET /session/3097350609915d1f0d0e7f0005360ed5/screenshot - {}
RESULT: {"using":"xpath","value":"//span[contains(text(), \"Euro\")]"}
COMMAND: POST /session/3097350609915d1f0d0e7f0005360ed5/element/f.185E35FC6384979D85E72AD7E1746CD8.d.82C3015E8A3574B9821D644E37D03586.e.19309/click - {}
RESULT: {}
RESULT: {}
COMMAND: POST /session/3097350609915d1f0d0e7f0005360ed5/element - {"using":"xpath","value":"//button[@data-kt=\"saveButton\"]"}
COMMAND: GET /session/3097350609915d1f0d0e7f0005360ed5/screenshot - {}
RESULT: {"using":"xpath","value":"//button[@data-kt=\"saveButton\"]"}
COMMAND: POST /session/3097350609915d1f0d0e7f0005360ed5/element/f.185E35FC6384979D85E72AD7E1746CD8.d.82C3015E8A3574B9821D644E37D03586.e.19252/click - {}
RESULT: {}
RESULT: {}
COMMAND: GET /session/3097350609915d1f0d0e7f0005360ed5/screenshot - {}
RESULT: {}
COMMAND: POST /session/3097350609915d1f0d0e7f0005360ed5/execute/async - {"script":"<script> [1562 bytes]","args":[{"selector":{"id":"application-manageconditionprice-display-component---conditions--smartFilterBar-btnBasicSearch","interaction":{"idSuffix":"I"}},"wdio_ui5_key":"applicationmanageconditionprice-display-component---conditions--smartFilterBar-btnBasicSearch"}]}
RESULT: {"script":"<script> [1562 bytes]","args":[{"selector":{"id":"application-manageconditionprice-display-component---conditions--smartFilterBar-btnBasicSearch","interaction":{"idSuffix":"I"}},"wdio_ui5_key":"applicationmanageconditionprice-display-component---conditions--smartFilterBar-btnBasicSearch"}]}
RESULT: undefined
COMMAND: POST /session/3097350609915d1f0d0e7f0005360ed5/execute/async - {"script":"<script> [776 bytes]","args":[{"enterText":"JrLKiopZus","selector":{"id":"application-manageconditionprice-display-component---conditions--smartFilterBar-btnBasicSearch","interaction":{"idSuffix":"I"}},"clearTextFirst":true,"interactionType":"ENTER_TEXT"}]}
RESULT: {"script":"<script> [776 bytes]","args":[{"enterText":"JrLKiopZus","selector":{"id":"application-manageconditionprice-display-component---conditions--smartFilterBar-btnBasicSearch","interaction":{"idSuffix":"I"}},"clearTextFirst":true,"interactionType":"ENTER_TEXT"}]}
COMMAND: POST /session/3097350609915d1f0d0e7f0005360ed5/actions - {"actions":[{"id":"action73","type":"key","parameters":{},"actions":[{"type":"keyDown","value":"î€‡"},{"type":"pause","duration":10},{"type":"keyUp","value":"î€‡"}]}]}
RESULT: {"actions":[{"id":"action73","type":"key","parameters":{},"actions":[{"type":"keyDown","value":"î€‡"},{"type":"pause","duration":10},{"type":"keyUp","value":"î€‡"}]}]}
COMMAND: GET /session/3097350609915d1f0d0e7f0005360ed5/screenshot - {}
RESULT: {}
COMMAND: POST /session/3097350609915d1f0d0e7f0005360ed5/execute/async - {"script":"<script> [1562 bytes]","args":[{"selector":{"id":"application-manageconditionprice-display-component---conditions--smartFilterBar-filterItemControl_BASIC-BILL_TYPES-vhi"},"wdio_ui5_key":"applicationmanageconditionprice-display-component---conditions--smartFilterBar-filterItemControl_BASIC-BILL_TYPES-vhi"}]}
RESULT: {"script":"<script> [1562 bytes]","args":[{"selector":{"id":"application-manageconditionprice-display-component---conditions--smartFilterBar-filterItemControl_BASIC-BILL_TYPES-vhi"},"wdio_ui5_key":"applicationmanageconditionprice-display-component---conditions--smartFilterBar-filterItemControl_BASIC-BILL_TYPES-vhi"}]}
RESULT: undefined
COMMAND: POST /session/3097350609915d1f0d0e7f0005360ed5/element - {"using":"xpath","value":"//*[@id=\"application-manageconditionprice-display-component---conditions--smartFilterBar-filterItemControl_BASIC-BILL_TYPES-vhi\"]"}
RESULT: {"using":"xpath","value":"//*[@id=\"application-manageconditionprice-display-component---conditions--smartFilterBar-filterItemControl_BASIC-BILL_TYPES-vhi\"]"}
COMMAND: POST /session/3097350609915d1f0d0e7f0005360ed5/element/f.185E35FC6384979D85E72AD7E1746CD8.d.82C3015E8A3574B9821D644E37D03586.e.19415/click - {}
RESULT: {}
COMMAND: POST /session/3097350609915d1f0d0e7f0005360ed5/execute/async - {"script":"<script> [1562 bytes]","args":[{"selector":{"id":"application-manageconditionprice-display-component---conditions--smartFilterBar-filterItemControl_BASIC-BILL_TYPES-valueHelpDialog-smartFilterBar-btnBasicSearch","searchOpenDialogs":true,"interaction":{"idSuffix":"I"}},"wdio_ui5_key":"applicationmanageconditionprice-display-component---conditions--smartFilterBar-filterItemControl_BASIC-BILL_TYPES-valueHelpDialog-smartFilterBar-btnBasicSearch"}]}
COMMAND: GET /session/3097350609915d1f0d0e7f0005360ed5/screenshot - {}
RESULT: {"script":"<script> [1562 bytes]","args":[{"selector":{"id":"application-manageconditionprice-display-component---conditions--smartFilterBar-filterItemControl_BASIC-BILL_TYPES-valueHelpDialog-smartFilterBar-btnBasicSearch","searchOpenDialogs":true,"interaction":{"idSuffix":"I"}},"wdio_ui5_key":"applicationmanageconditionprice-display-component---conditions--smartFilterBar-filterItemControl_BASIC-BILL_TYPES-valueHelpDialog-smartFilterBar-btnBasicSearch"}]}
RESULT: undefined
COMMAND: POST /session/3097350609915d1f0d0e7f0005360ed5/execute/async - {"script":"<script> [776 bytes]","args":[{"enterText":"TB","selector":{"id":"application-manageconditionprice-display-component---conditions--smartFilterBar-filterItemControl_BASIC-BILL_TYPES-valueHelpDialog-smartFilterBar-btnBasicSearch","searchOpenDialogs":true,"interaction":{"idSuffix":"I"}},"clearTextFirst":true,"interactionType":"ENTER_TEXT"}]}
RESULT: {}
RESULT: {"script":"<script> [776 bytes]","args":[{"enterText":"TB","selector":{"id":"application-manageconditionprice-display-component---conditions--smartFilterBar-filterItemControl_BASIC-BILL_TYPES-valueHelpDialog-smartFilterBar-btnBasicSearch","searchOpenDialogs":true,"interaction":{"idSuffix":"I"}},"clearTextFirst":true,"interactionType":"ENTER_TEXT"}]}
COMMAND: POST /session/3097350609915d1f0d0e7f0005360ed5/actions - {"actions":[{"id":"action74","type":"key","parameters":{},"actions":[{"type":"keyDown","value":"î€‡"},{"type":"pause","duration":10},{"type":"keyUp","value":"î€‡"}]}]}
RESULT: {"actions":[{"id":"action74","type":"key","parameters":{},"actions":[{"type":"keyDown","value":"î€‡"},{"type":"pause","duration":10},{"type":"keyUp","value":"î€‡"}]}]}
COMMAND: GET /session/3097350609915d1f0d0e7f0005360ed5/screenshot - {}
RESULT: {}
COMMAND: POST /session/3097350609915d1f0d0e7f0005360ed5/element - {"using":"xpath","value":"//div[contains(@id, 'application-manageconditionprice-display-component---conditions--smartFilterBar-filterItemControl_BASIC-BILL_TYPES-valueHelpDialog-table-rowsel0')]"}
RESULT: {"using":"xpath","value":"//div[contains(@id, 'application-manageconditionprice-display-component---conditions--smartFilterBar-filterItemControl_BASIC-BILL_TYPES-valueHelpDialog-table-rowsel0')]"}
COMMAND: POST /session/3097350609915d1f0d0e7f0005360ed5/element/f.185E35FC6384979D85E72AD7E1746CD8.d.82C3015E8A3574B9821D644E37D03586.e.19424/click - {}
RESULT: {}
COMMAND: GET /session/3097350609915d1f0d0e7f0005360ed5/screenshot - {}
RESULT: {}
COMMAND: POST /session/3097350609915d1f0d0e7f0005360ed5/element - {"using":"xpath","value":"//bdi[contains(text(), \"OK\")]"}
RESULT: {"using":"xpath","value":"//bdi[contains(text(), \"OK\")]"}
COMMAND: POST /session/3097350609915d1f0d0e7f0005360ed5/element/f.185E35FC6384979D85E72AD7E1746CD8.d.82C3015E8A3574B9821D644E37D03586.e.19426/click - {}
RESULT: {}
COMMAND: GET /session/3097350609915d1f0d0e7f0005360ed5/screenshot - {}
RESULT: {}
COMMAND: POST /session/3097350609915d1f0d0e7f0005360ed5/element - {"using":"xpath","value":"//span[@id=\"application-manageconditionprice-display-component---conditions--smartTable-header-inner\"]"}
RESULT: {"using":"xpath","value":"//span[@id=\"application-manageconditionprice-display-component---conditions--smartTable-header-inner\"]"}
COMMAND: POST /session/3097350609915d1f0d0e7f0005360ed5/elements - {"using":"xpath","value":"//span[@id=\"application-manageconditionprice-display-component---conditions--smartTable-header-inner\"]"}
RESULT: {"using":"xpath","value":"//span[@id=\"application-manageconditionprice-display-component---conditions--smartTable-header-inner\"]"}
COMMAND: POST /session/3097350609915d1f0d0e7f0005360ed5/execute/sync - {"script":"<script> [56 bytes]","args":[{"element-6066-11e4-a52e-4f735466cecf":"f.185E35FC6384979D85E72AD7E1746CD8.d.82C3015E8A3574B9821D644E37D03586.e.19429","ELEMENT":"f.185E35FC6384979D85E72AD7E1746CD8.d.82C3015E8A3574B9821D644E37D03586.e.19429"}]}
RESULT: {"script":"<script> [56 bytes]","args":[{"element-6066-11e4-a52e-4f735466cecf":"f.185E35FC6384979D85E72AD7E1746CD8.d.82C3015E8A3574B9821D644E37D03586.e.19429","ELEMENT":"f.185E35FC6384979D85E72AD7E1746CD8.d.82C3015E8A3574B9821D644E37D03586.e.19429"}]}
COMMAND: POST /session/3097350609915d1f0d0e7f0005360ed5/element - {"using":"css selector","value":"#shell-header-logo"}
COMMAND: GET /session/3097350609915d1f0d0e7f0005360ed5/screenshot - {}
RESULT: {"using":"css selector","value":"#shell-header-logo"}
COMMAND: POST /session/3097350609915d1f0d0e7f0005360ed5/element/f.185E35FC6384979D85E72AD7E1746CD8.d.82C3015E8A3574B9821D644E37D03586.e.19061/click - {}
RESULT: {}
RESULT: {}
COMMAND: GET /session/3097350609915d1f0d0e7f0005360ed5/screenshot - {}
RESULT: {}
]]></system-out>
    </testcase>
    <testcase classname="chrome.136_0_7103_93.windows.Billing_Calculation_-_Time_based_(considering_transport_times)_US139738" name="Should do a stock increase for the equipment" time="86.119">
      <system-out><![CDATA[
COMMAND: POST /session/3097350609915d1f0d0e7f0005360ed5/execute/async - {"script":"<script> [1562 bytes]","args":[{"selector":{"controlType":"sap.m.GenericTile","properties":{"header":"Manage Handovers"}},"wdio_ui5_key":"sapm.GenericTile{\"header\":\"Manage Handovers\"}"}]}
RESULT: {"script":"<script> [1562 bytes]","args":[{"selector":{"controlType":"sap.m.GenericTile","properties":{"header":"Manage Handovers"}},"wdio_ui5_key":"sapm.GenericTile{\"header\":\"Manage Handovers\"}"}]}
RESULT: undefined
COMMAND: POST /session/3097350609915d1f0d0e7f0005360ed5/element - {"using":"xpath","value":"//*[@id=\"__tile132\"]"}
RESULT: {"using":"xpath","value":"//*[@id=\"__tile132\"]"}
COMMAND: POST /session/3097350609915d1f0d0e7f0005360ed5/element/f.185E35FC6384979D85E72AD7E1746CD8.d.82C3015E8A3574B9821D644E37D03586.e.18185/click - {}
RESULT: {}
COMMAND: GET /session/3097350609915d1f0d0e7f0005360ed5/screenshot - {}
RESULT: {}
COMMAND: POST /session/3097350609915d1f0d0e7f0005360ed5/elements - {"using":"xpath","value":"//span[text()='Error']"}
RESULT: {"using":"xpath","value":"//span[text()='Error']"}
COMMAND: POST /session/3097350609915d1f0d0e7f0005360ed5/element - {"using":"xpath","value":"//button[@data-kt=\"masterHOAddButton\"]"}
RESULT: {"using":"xpath","value":"//button[@data-kt=\"masterHOAddButton\"]"}
COMMAND: POST /session/3097350609915d1f0d0e7f0005360ed5/elements - {"using":"xpath","value":"//button[@data-kt=\"masterHOAddButton\"]"}
RESULT: {"using":"xpath","value":"//button[@data-kt=\"masterHOAddButton\"]"}
COMMAND: POST /session/3097350609915d1f0d0e7f0005360ed5/execute/sync - {"script":"<script> [8489 bytes]","args":[{"element-6066-11e4-a52e-4f735466cecf":"f.185E35FC6384979D85E72AD7E1746CD8.d.82C3015E8A3574B9821D644E37D03586.e.19468","ELEMENT":"f.185E35FC6384979D85E72AD7E1746CD8.d.82C3015E8A3574B9821D644E37D03586.e.19468"}]}
RESULT: {"script":"<script> [8489 bytes]","args":[{"element-6066-11e4-a52e-4f735466cecf":"f.185E35FC6384979D85E72AD7E1746CD8.d.82C3015E8A3574B9821D644E37D03586.e.19468","ELEMENT":"f.185E35FC6384979D85E72AD7E1746CD8.d.82C3015E8A3574B9821D644E37D03586.e.19468"}]}
COMMAND: GET /session/3097350609915d1f0d0e7f0005360ed5/element/f.185E35FC6384979D85E72AD7E1746CD8.d.82C3015E8A3574B9821D644E37D03586.e.19468/enabled - {}
COMMAND: GET /session/3097350609915d1f0d0e7f0005360ed5/screenshot - {}
RESULT: {}
COMMAND: POST /session/3097350609915d1f0d0e7f0005360ed5/execute/sync - {"script":"<script> [8489 bytes]","args":[{"element-6066-11e4-a52e-4f735466cecf":"f.185E35FC6384979D85E72AD7E1746CD8.d.82C3015E8A3574B9821D644E37D03586.e.19468","ELEMENT":"f.185E35FC6384979D85E72AD7E1746CD8.d.82C3015E8A3574B9821D644E37D03586.e.19468"}]}
COMMAND: GET /session/3097350609915d1f0d0e7f0005360ed5/screenshot - {}
RESULT: {}
RESULT: {"script":"<script> [8489 bytes]","args":[{"element-6066-11e4-a52e-4f735466cecf":"f.185E35FC6384979D85E72AD7E1746CD8.d.82C3015E8A3574B9821D644E37D03586.e.19468","ELEMENT":"f.185E35FC6384979D85E72AD7E1746CD8.d.82C3015E8A3574B9821D644E37D03586.e.19468"}]}
COMMAND: POST /session/3097350609915d1f0d0e7f0005360ed5/execute/sync - {"script":"<script> [5351 bytes]","args":[{"element-6066-11e4-a52e-4f735466cecf":"f.185E35FC6384979D85E72AD7E1746CD8.d.82C3015E8A3574B9821D644E37D03586.e.19468","ELEMENT":"f.185E35FC6384979D85E72AD7E1746CD8.d.82C3015E8A3574B9821D644E37D03586.e.19468"}]}
COMMAND: GET /session/3097350609915d1f0d0e7f0005360ed5/screenshot - {}
RESULT: {}
RESULT: {"script":"<script> [5351 bytes]","args":[{"element-6066-11e4-a52e-4f735466cecf":"f.185E35FC6384979D85E72AD7E1746CD8.d.82C3015E8A3574B9821D644E37D03586.e.19468","ELEMENT":"f.185E35FC6384979D85E72AD7E1746CD8.d.82C3015E8A3574B9821D644E37D03586.e.19468"}]}
COMMAND: POST /session/3097350609915d1f0d0e7f0005360ed5/element/f.185E35FC6384979D85E72AD7E1746CD8.d.82C3015E8A3574B9821D644E37D03586.e.19468/click - {}
COMMAND: GET /session/3097350609915d1f0d0e7f0005360ed5/screenshot - {}
RESULT: {}
RESULT: {}
COMMAND: GET /session/3097350609915d1f0d0e7f0005360ed5/screenshot - {}
RESULT: {}
RESULT: {}
COMMAND: POST /session/3097350609915d1f0d0e7f0005360ed5/element - {"using":"xpath","value":"//span[contains(@id ,\"AddNewHO--typeSelect-arrow\")]"}
RESULT: {"using":"xpath","value":"//span[contains(@id ,\"AddNewHO--typeSelect-arrow\")]"}
COMMAND: POST /session/3097350609915d1f0d0e7f0005360ed5/element/f.185E35FC6384979D85E72AD7E1746CD8.d.82C3015E8A3574B9821D644E37D03586.e.19828/click - {}
RESULT: {}
COMMAND: GET /session/3097350609915d1f0d0e7f0005360ed5/screenshot - {}
RESULT: {}
COMMAND: POST /session/3097350609915d1f0d0e7f0005360ed5/element - {"using":"xpath","value":"(//li[contains(text(), \"stock increase yard\")])[1]"}
RESULT: {"using":"xpath","value":"(//li[contains(text(), \"stock increase yard\")])[1]"}
COMMAND: POST /session/3097350609915d1f0d0e7f0005360ed5/element/f.185E35FC6384979D85E72AD7E1746CD8.d.82C3015E8A3574B9821D644E37D03586.e.19829/click - {}
RESULT: {}
COMMAND: GET /session/3097350609915d1f0d0e7f0005360ed5/screenshot - {}
RESULT: {}
COMMAND: POST /session/3097350609915d1f0d0e7f0005360ed5/execute/async - {"script":"<script> [1562 bytes]","args":[{"selector":{"id":"application-managehandovers-display-component---AddNewHO--dueDate","interaction":{"idSuffix":"inner"}},"wdio_ui5_key":"applicationmanagehandovers-display-component---AddNewHO--dueDate"}]}
RESULT: {"script":"<script> [1562 bytes]","args":[{"selector":{"id":"application-managehandovers-display-component---AddNewHO--dueDate","interaction":{"idSuffix":"inner"}},"wdio_ui5_key":"applicationmanagehandovers-display-component---AddNewHO--dueDate"}]}
RESULT: undefined
COMMAND: POST /session/3097350609915d1f0d0e7f0005360ed5/execute/async - {"script":"<script> [6424 bytes]","args":[{"element-6066-11e4-a52e-4f735466cecf":"f.185E35FC6384979D85E72AD7E1746CD8.d.82C3015E8A3574B9821D644E37D03586.e.19831"},"setValue",["5/18/25"]]}
RESULT: {"script":"<script> [6424 bytes]","args":[{"element-6066-11e4-a52e-4f735466cecf":"f.185E35FC6384979D85E72AD7E1746CD8.d.82C3015E8A3574B9821D644E37D03586.e.19831"},"setValue",["5/18/25"]]}
COMMAND: POST /session/3097350609915d1f0d0e7f0005360ed5/element - {"using":"xpath","value":"//input[@id=\"generalSectionFrg--receiveYard-inner\"]"}
RESULT: {"using":"xpath","value":"//input[@id=\"generalSectionFrg--receiveYard-inner\"]"}
COMMAND: POST /session/3097350609915d1f0d0e7f0005360ed5/element/f.185E35FC6384979D85E72AD7E1746CD8.d.82C3015E8A3574B9821D644E37D03586.e.19835/clear - {}
RESULT: {}
COMMAND: POST /session/3097350609915d1f0d0e7f0005360ed5/element/f.185E35FC6384979D85E72AD7E1746CD8.d.82C3015E8A3574B9821D644E37D03586.e.19835/value - {"text":"527"}
COMMAND: GET /session/3097350609915d1f0d0e7f0005360ed5/screenshot - {}
RESULT: {"text":"527"}
COMMAND: GET /session/3097350609915d1f0d0e7f0005360ed5/screenshot - {}
RESULT: {}
RESULT: {}
COMMAND: POST /session/3097350609915d1f0d0e7f0005360ed5/element - {"using":"xpath","value":"//li[.//span[text()='527']]"}
RESULT: {"using":"xpath","value":"//li[.//span[text()='527']]"}
COMMAND: POST /session/3097350609915d1f0d0e7f0005360ed5/element/f.185E35FC6384979D85E72AD7E1746CD8.d.82C3015E8A3574B9821D644E37D03586.e.19851/click - {}
RESULT: {}
COMMAND: GET /session/3097350609915d1f0d0e7f0005360ed5/screenshot - {}
RESULT: {}
COMMAND: POST /session/3097350609915d1f0d0e7f0005360ed5/execute/async - {"script":"<script> [1562 bytes]","args":[{"selector":{"id":"application-managehandovers-display-component---AddNewHO--ObjectPageLayout-anchBar-application-managehandovers-display-component---AddNewHO--section4-anchor","interaction":{"idSuffix":"BDI-content"}},"wdio_ui5_key":"applicationmanagehandovers-display-component---AddNewHO--ObjectPageLayout-anchBar-application-managehandovers-display-component---AddNewHO--section4-anchor"}]}
RESULT: {"script":"<script> [1562 bytes]","args":[{"selector":{"id":"application-managehandovers-display-component---AddNewHO--ObjectPageLayout-anchBar-application-managehandovers-display-component---AddNewHO--section4-anchor","interaction":{"idSuffix":"BDI-content"}},"wdio_ui5_key":"applicationmanagehandovers-display-component---AddNewHO--ObjectPageLayout-anchBar-application-managehandovers-display-component---AddNewHO--section4-anchor"}]}
RESULT: undefined
COMMAND: POST /session/3097350609915d1f0d0e7f0005360ed5/element - {"using":"xpath","value":"//*[@id=\"application-managehandovers-display-component---AddNewHO--ObjectPageLayout-anchBar-application-managehandovers-display-component---AddNewHO--section4-anchor\"]"}
RESULT: {"using":"xpath","value":"//*[@id=\"application-managehandovers-display-component---AddNewHO--ObjectPageLayout-anchBar-application-managehandovers-display-component---AddNewHO--section4-anchor\"]"}
COMMAND: POST /session/3097350609915d1f0d0e7f0005360ed5/element/f.185E35FC6384979D85E72AD7E1746CD8.d.82C3015E8A3574B9821D644E37D03586.e.19853/click - {}
RESULT: {}
COMMAND: POST /session/3097350609915d1f0d0e7f0005360ed5/element - {"using":"xpath","value":"//button[@aria-label=\"Add\"]"}
COMMAND: GET /session/3097350609915d1f0d0e7f0005360ed5/screenshot - {}
RESULT: {"using":"xpath","value":"//button[@aria-label=\"Add\"]"}
COMMAND: POST /session/3097350609915d1f0d0e7f0005360ed5/element/f.185E35FC6384979D85E72AD7E1746CD8.d.82C3015E8A3574B9821D644E37D03586.e.19855/click - {}
RESULT: {}
RESULT: {}
COMMAND: GET /session/3097350609915d1f0d0e7f0005360ed5/screenshot - {}
RESULT: {}
COMMAND: POST /session/3097350609915d1f0d0e7f0005360ed5/execute/async - {"script":"<script> [1562 bytes]","args":[{"selector":{"id":"application-managehandovers-display-component---AddNewHO--smartFilterBar-btnBasicSearch","searchOpenDialogs":true,"interaction":{"idSuffix":"I"}},"wdio_ui5_key":"applicationmanagehandovers-display-component---AddNewHO--smartFilterBar-btnBasicSearch"}]}
RESULT: {"script":"<script> [1562 bytes]","args":[{"selector":{"id":"application-managehandovers-display-component---AddNewHO--smartFilterBar-btnBasicSearch","searchOpenDialogs":true,"interaction":{"idSuffix":"I"}},"wdio_ui5_key":"applicationmanagehandovers-display-component---AddNewHO--smartFilterBar-btnBasicSearch"}]}
RESULT: undefined
COMMAND: POST /session/3097350609915d1f0d0e7f0005360ed5/execute/async - {"script":"<script> [776 bytes]","args":[{"enterText":"JrLKiopZus","selector":{"id":"application-managehandovers-display-component---AddNewHO--smartFilterBar-btnBasicSearch","searchOpenDialogs":true,"interaction":{"idSuffix":"I"}},"clearTextFirst":true,"interactionType":"ENTER_TEXT"}]}
RESULT: {"script":"<script> [776 bytes]","args":[{"enterText":"JrLKiopZus","selector":{"id":"application-managehandovers-display-component---AddNewHO--smartFilterBar-btnBasicSearch","searchOpenDialogs":true,"interaction":{"idSuffix":"I"}},"clearTextFirst":true,"interactionType":"ENTER_TEXT"}]}
COMMAND: POST /session/3097350609915d1f0d0e7f0005360ed5/actions - {"actions":[{"id":"action75","type":"key","parameters":{},"actions":[{"type":"keyDown","value":"î€‡"},{"type":"pause","duration":10},{"type":"keyUp","value":"î€‡"}]}]}
RESULT: {"actions":[{"id":"action75","type":"key","parameters":{},"actions":[{"type":"keyDown","value":"î€‡"},{"type":"pause","duration":10},{"type":"keyUp","value":"î€‡"}]}]}
COMMAND: GET /session/3097350609915d1f0d0e7f0005360ed5/screenshot - {}
RESULT: {}
COMMAND: POST /session/3097350609915d1f0d0e7f0005360ed5/execute/async - {"script":"<script> [1562 bytes]","args":[{"selector":{"id":"application-managehandovers-display-component---AddNewHO--popup-sa","searchOpenDialogs":true,"interaction":{"idSuffix":"CbBg"}},"wdio_ui5_key":"applicationmanagehandovers-display-component---AddNewHO--popup-sa"}]}
RESULT: {"script":"<script> [1562 bytes]","args":[{"selector":{"id":"application-managehandovers-display-component---AddNewHO--popup-sa","searchOpenDialogs":true,"interaction":{"idSuffix":"CbBg"}},"wdio_ui5_key":"applicationmanagehandovers-display-component---AddNewHO--popup-sa"}]}
RESULT: undefined
COMMAND: POST /session/3097350609915d1f0d0e7f0005360ed5/element - {"using":"xpath","value":"//*[@id=\"application-managehandovers-display-component---AddNewHO--popup-sa\"]"}
RESULT: {"using":"xpath","value":"//*[@id=\"application-managehandovers-display-component---AddNewHO--popup-sa\"]"}
COMMAND: POST /session/3097350609915d1f0d0e7f0005360ed5/element/f.185E35FC6384979D85E72AD7E1746CD8.d.82C3015E8A3574B9821D644E37D03586.e.20008/click - {}
RESULT: {}
COMMAND: GET /session/3097350609915d1f0d0e7f0005360ed5/screenshot - {}
RESULT: {}
COMMAND: POST /session/3097350609915d1f0d0e7f0005360ed5/element - {"using":"xpath","value":"//bdi[contains(text(), \"Select\")]"}
RESULT: {"using":"xpath","value":"//bdi[contains(text(), \"Select\")]"}
COMMAND: POST /session/3097350609915d1f0d0e7f0005360ed5/element/f.185E35FC6384979D85E72AD7E1746CD8.d.82C3015E8A3574B9821D644E37D03586.e.20009/click - {}
RESULT: {}
COMMAND: GET /session/3097350609915d1f0d0e7f0005360ed5/screenshot - {}
RESULT: {}
COMMAND: POST /session/3097350609915d1f0d0e7f0005360ed5/element - {"using":"xpath","value":"//button[@data-kt=\"AddNewHOSaveButton\"]"}
RESULT: {"using":"xpath","value":"//button[@data-kt=\"AddNewHOSaveButton\"]"}
COMMAND: POST /session/3097350609915d1f0d0e7f0005360ed5/element/f.185E35FC6384979D85E72AD7E1746CD8.d.82C3015E8A3574B9821D644E37D03586.e.20013/click - {}
RESULT: {}
COMMAND: GET /session/3097350609915d1f0d0e7f0005360ed5/screenshot - {}
RESULT: {}
COMMAND: POST /session/3097350609915d1f0d0e7f0005360ed5/execute/async - {"script":"<script> [1562 bytes]","args":[{"selector":{"id":"receiptDatePicker","viewName":"etm.portal.ui.managehandovers.view.DetailExecuteHO","interaction":{"idSuffix":"inner"}},"wdio_ui5_key":"receiptDatePickeretmportal.ui.managehandovers.view.DetailExecuteHO"}]}
RESULT: {"script":"<script> [1562 bytes]","args":[{"selector":{"id":"receiptDatePicker","viewName":"etm.portal.ui.managehandovers.view.DetailExecuteHO","interaction":{"idSuffix":"inner"}},"wdio_ui5_key":"receiptDatePickeretmportal.ui.managehandovers.view.DetailExecuteHO"}]}
RESULT: undefined
COMMAND: POST /session/3097350609915d1f0d0e7f0005360ed5/execute/async - {"script":"<script> [6424 bytes]","args":[{"element-6066-11e4-a52e-4f735466cecf":"f.185E35FC6384979D85E72AD7E1746CD8.d.82C3015E8A3574B9821D644E37D03586.e.20034"},"setValue",["5/18/25"]]}
RESULT: {"script":"<script> [6424 bytes]","args":[{"element-6066-11e4-a52e-4f735466cecf":"f.185E35FC6384979D85E72AD7E1746CD8.d.82C3015E8A3574B9821D644E37D03586.e.20034"},"setValue",["5/18/25"]]}
COMMAND: POST /session/3097350609915d1f0d0e7f0005360ed5/element - {"using":"xpath","value":"//button[@data-kt=\"PickingTableConfirmAllButton\"]"}
RESULT: {"using":"xpath","value":"//button[@data-kt=\"PickingTableConfirmAllButton\"]"}
COMMAND: POST /session/3097350609915d1f0d0e7f0005360ed5/element/f.185E35FC6384979D85E72AD7E1746CD8.d.82C3015E8A3574B9821D644E37D03586.e.20049/click - {}
RESULT: {}
COMMAND: GET /session/3097350609915d1f0d0e7f0005360ed5/screenshot - {}
RESULT: {}
COMMAND: POST /session/3097350609915d1f0d0e7f0005360ed5/element - {"using":"xpath","value":"//bdi[contains(text(), \"OK\")]"}
RESULT: {"using":"xpath","value":"//bdi[contains(text(), \"OK\")]"}
COMMAND: POST /session/3097350609915d1f0d0e7f0005360ed5/element/f.185E35FC6384979D85E72AD7E1746CD8.d.82C3015E8A3574B9821D644E37D03586.e.20051/click - {}
RESULT: {}
COMMAND: GET /session/3097350609915d1f0d0e7f0005360ed5/screenshot - {}
RESULT: {}
COMMAND: POST /session/3097350609915d1f0d0e7f0005360ed5/element - {"using":"xpath","value":"(//bdi[contains(text(), \"Receive\")])[2]"}
RESULT: {"using":"xpath","value":"(//bdi[contains(text(), \"Receive\")])[2]"}
COMMAND: POST /session/3097350609915d1f0d0e7f0005360ed5/element/f.185E35FC6384979D85E72AD7E1746CD8.d.82C3015E8A3574B9821D644E37D03586.e.20053/click - {}
RESULT: {}
COMMAND: GET /session/3097350609915d1f0d0e7f0005360ed5/screenshot - {}
RESULT: {}
COMMAND: POST /session/3097350609915d1f0d0e7f0005360ed5/element - {"using":"css selector","value":"#shell-header-logo"}
RESULT: {"using":"css selector","value":"#shell-header-logo"}
COMMAND: POST /session/3097350609915d1f0d0e7f0005360ed5/element/f.185E35FC6384979D85E72AD7E1746CD8.d.82C3015E8A3574B9821D644E37D03586.e.19435/click - {}
RESULT: {}
COMMAND: GET /session/3097350609915d1f0d0e7f0005360ed5/screenshot - {}
RESULT: {}
]]></system-out>
    </testcase>
    <testcase classname="chrome.136_0_7103_93.windows.Billing_Calculation_-_Time_based_(considering_transport_times)_US139738" name="Should create a new contract" time="62.548">
      <system-out><![CDATA[
COMMAND: POST /session/3097350609915d1f0d0e7f0005360ed5/execute/async - {"script":"<script> [1562 bytes]","args":[{"selector":{"controlType":"sap.m.GenericTile","properties":{"header":"Manage Contracts"}},"wdio_ui5_key":"sapm.GenericTile{\"header\":\"Manage Contracts\"}"}]}
RESULT: {"script":"<script> [1562 bytes]","args":[{"selector":{"controlType":"sap.m.GenericTile","properties":{"header":"Manage Contracts"}},"wdio_ui5_key":"sapm.GenericTile{\"header\":\"Manage Contracts\"}"}]}
RESULT: undefined
COMMAND: POST /session/3097350609915d1f0d0e7f0005360ed5/element - {"using":"xpath","value":"//*[@id=\"__tile130\"]"}
RESULT: {"using":"xpath","value":"//*[@id=\"__tile130\"]"}
COMMAND: POST /session/3097350609915d1f0d0e7f0005360ed5/element/f.185E35FC6384979D85E72AD7E1746CD8.d.82C3015E8A3574B9821D644E37D03586.e.18113/click - {}
RESULT: {}
COMMAND: GET /session/3097350609915d1f0d0e7f0005360ed5/screenshot - {}
RESULT: {}
COMMAND: POST /session/3097350609915d1f0d0e7f0005360ed5/elements - {"using":"xpath","value":"//span[text()='Error']"}
RESULT: {"using":"xpath","value":"//span[text()='Error']"}
COMMAND: POST /session/3097350609915d1f0d0e7f0005360ed5/element - {"using":"xpath","value":"//button[@data-kt=\"addButton\"]"}
RESULT: {"using":"xpath","value":"//button[@data-kt=\"addButton\"]"}
COMMAND: POST /session/3097350609915d1f0d0e7f0005360ed5/elements - {"using":"xpath","value":"//button[@data-kt=\"addButton\"]"}
RESULT: {"using":"xpath","value":"//button[@data-kt=\"addButton\"]"}
COMMAND: POST /session/3097350609915d1f0d0e7f0005360ed5/execute/sync - {"script":"<script> [8489 bytes]","args":[{"element-6066-11e4-a52e-4f735466cecf":"f.185E35FC6384979D85E72AD7E1746CD8.d.82C3015E8A3574B9821D644E37D03586.e.20386","ELEMENT":"f.185E35FC6384979D85E72AD7E1746CD8.d.82C3015E8A3574B9821D644E37D03586.e.20386"}]}
RESULT: {"script":"<script> [8489 bytes]","args":[{"element-6066-11e4-a52e-4f735466cecf":"f.185E35FC6384979D85E72AD7E1746CD8.d.82C3015E8A3574B9821D644E37D03586.e.20386","ELEMENT":"f.185E35FC6384979D85E72AD7E1746CD8.d.82C3015E8A3574B9821D644E37D03586.e.20386"}]}
COMMAND: GET /session/3097350609915d1f0d0e7f0005360ed5/element/f.185E35FC6384979D85E72AD7E1746CD8.d.82C3015E8A3574B9821D644E37D03586.e.20386/enabled - {}
COMMAND: GET /session/3097350609915d1f0d0e7f0005360ed5/screenshot - {}
RESULT: {}
COMMAND: POST /session/3097350609915d1f0d0e7f0005360ed5/execute/sync - {"script":"<script> [8489 bytes]","args":[{"element-6066-11e4-a52e-4f735466cecf":"f.185E35FC6384979D85E72AD7E1746CD8.d.82C3015E8A3574B9821D644E37D03586.e.20386","ELEMENT":"f.185E35FC6384979D85E72AD7E1746CD8.d.82C3015E8A3574B9821D644E37D03586.e.20386"}]}
COMMAND: GET /session/3097350609915d1f0d0e7f0005360ed5/screenshot - {}
RESULT: {}
RESULT: {"script":"<script> [8489 bytes]","args":[{"element-6066-11e4-a52e-4f735466cecf":"f.185E35FC6384979D85E72AD7E1746CD8.d.82C3015E8A3574B9821D644E37D03586.e.20386","ELEMENT":"f.185E35FC6384979D85E72AD7E1746CD8.d.82C3015E8A3574B9821D644E37D03586.e.20386"}]}
COMMAND: POST /session/3097350609915d1f0d0e7f0005360ed5/execute/sync - {"script":"<script> [5351 bytes]","args":[{"element-6066-11e4-a52e-4f735466cecf":"f.185E35FC6384979D85E72AD7E1746CD8.d.82C3015E8A3574B9821D644E37D03586.e.20386","ELEMENT":"f.185E35FC6384979D85E72AD7E1746CD8.d.82C3015E8A3574B9821D644E37D03586.e.20386"}]}
COMMAND: GET /session/3097350609915d1f0d0e7f0005360ed5/screenshot - {}
RESULT: {}
RESULT: {"script":"<script> [5351 bytes]","args":[{"element-6066-11e4-a52e-4f735466cecf":"f.185E35FC6384979D85E72AD7E1746CD8.d.82C3015E8A3574B9821D644E37D03586.e.20386","ELEMENT":"f.185E35FC6384979D85E72AD7E1746CD8.d.82C3015E8A3574B9821D644E37D03586.e.20386"}]}
COMMAND: GET /session/3097350609915d1f0d0e7f0005360ed5/screenshot - {}
RESULT: {}
RESULT: {}
COMMAND: POST /session/3097350609915d1f0d0e7f0005360ed5/element/f.185E35FC6384979D85E72AD7E1746CD8.d.82C3015E8A3574B9821D644E37D03586.e.20386/click - {}
RESULT: {}
COMMAND: GET /session/3097350609915d1f0d0e7f0005360ed5/screenshot - {}
RESULT: {}
COMMAND: POST /session/3097350609915d1f0d0e7f0005360ed5/execute/async - {"script":"<script> [1562 bytes]","args":[{"selector":{"id":"application-managecontracts-display-component---AddNewContract--projectDescription","interaction":{"idSuffix":"inner"}},"wdio_ui5_key":"applicationmanagecontracts-display-component---AddNewContract--projectDescription"}]}
RESULT: {"script":"<script> [1562 bytes]","args":[{"selector":{"id":"application-managecontracts-display-component---AddNewContract--projectDescription","interaction":{"idSuffix":"inner"}},"wdio_ui5_key":"applicationmanagecontracts-display-component---AddNewContract--projectDescription"}]}
RESULT: undefined
COMMAND: POST /session/3097350609915d1f0d0e7f0005360ed5/execute/async - {"script":"<script> [776 bytes]","args":[{"enterText":"Contract WDIO","selector":{"id":"application-managecontracts-display-component---AddNewContract--projectDescription","interaction":{"idSuffix":"inner"}},"clearTextFirst":true,"interactionType":"ENTER_TEXT"}]}
RESULT: {"script":"<script> [776 bytes]","args":[{"enterText":"Contract WDIO","selector":{"id":"application-managecontracts-display-component---AddNewContract--projectDescription","interaction":{"idSuffix":"inner"}},"clearTextFirst":true,"interactionType":"ENTER_TEXT"}]}
COMMAND: POST /session/3097350609915d1f0d0e7f0005360ed5/element - {"using":"xpath","value":"//input[@id=\"application-managecontracts-display-component---AddNewContract--site-inner\"]"}
RESULT: {"using":"xpath","value":"//input[@id=\"application-managecontracts-display-component---AddNewContract--site-inner\"]"}
COMMAND: POST /session/3097350609915d1f0d0e7f0005360ed5/element/f.185E35FC6384979D85E72AD7E1746CD8.d.82C3015E8A3574B9821D644E37D03586.e.20742/clear - {}
RESULT: {}
COMMAND: POST /session/3097350609915d1f0d0e7f0005360ed5/element/f.185E35FC6384979D85E72AD7E1746CD8.d.82C3015E8A3574B9821D644E37D03586.e.20742/value - {"text":"2260"}
COMMAND: GET /session/3097350609915d1f0d0e7f0005360ed5/screenshot - {}
RESULT: {"text":"2260"}
COMMAND: GET /session/3097350609915d1f0d0e7f0005360ed5/screenshot - {}
RESULT: {}
RESULT: {}
COMMAND: POST /session/3097350609915d1f0d0e7f0005360ed5/element - {"using":"xpath","value":"//li[.//span[text()='2260']]"}
RESULT: {"using":"xpath","value":"//li[.//span[text()='2260']]"}
COMMAND: POST /session/3097350609915d1f0d0e7f0005360ed5/element/f.185E35FC6384979D85E72AD7E1746CD8.d.82C3015E8A3574B9821D644E37D03586.e.20772/click - {}
RESULT: {}
COMMAND: GET /session/3097350609915d1f0d0e7f0005360ed5/screenshot - {}
RESULT: {}
COMMAND: POST /session/3097350609915d1f0d0e7f0005360ed5/element - {"using":"xpath","value":"//input[@id=\"application-managecontracts-display-component---AddNewContract--yardId-inner\"]"}
RESULT: {"using":"xpath","value":"//input[@id=\"application-managecontracts-display-component---AddNewContract--yardId-inner\"]"}
COMMAND: GET /session/3097350609915d1f0d0e7f0005360ed5/element/f.185E35FC6384979D85E72AD7E1746CD8.d.82C3015E8A3574B9821D644E37D03586.e.20743/property/value - {}
RESULT: {}
COMMAND: POST /session/3097350609915d1f0d0e7f0005360ed5/element - {"using":"xpath","value":"//input[@id=\"application-managecontracts-display-component---AddNewContract--customerSelect-inner\"]"}
COMMAND: GET /session/3097350609915d1f0d0e7f0005360ed5/screenshot - {}
RESULT: {"using":"xpath","value":"//input[@id=\"application-managecontracts-display-component---AddNewContract--customerSelect-inner\"]"}
COMMAND: POST /session/3097350609915d1f0d0e7f0005360ed5/element/f.185E35FC6384979D85E72AD7E1746CD8.d.82C3015E8A3574B9821D644E37D03586.e.20741/clear - {}
RESULT: {}
RESULT: {}
COMMAND: POST /session/3097350609915d1f0d0e7f0005360ed5/element/f.185E35FC6384979D85E72AD7E1746CD8.d.82C3015E8A3574B9821D644E37D03586.e.20741/value - {"text":"1308"}
COMMAND: GET /session/3097350609915d1f0d0e7f0005360ed5/screenshot - {}
RESULT: {"text":"1308"}
COMMAND: GET /session/3097350609915d1f0d0e7f0005360ed5/screenshot - {}
RESULT: {}
RESULT: {}
COMMAND: POST /session/3097350609915d1f0d0e7f0005360ed5/element - {"using":"xpath","value":"//li[.//span[text()='1308']]"}
RESULT: {"using":"xpath","value":"//li[.//span[text()='1308']]"}
COMMAND: POST /session/3097350609915d1f0d0e7f0005360ed5/element/f.185E35FC6384979D85E72AD7E1746CD8.d.82C3015E8A3574B9821D644E37D03586.e.20775/click - {}
RESULT: {}
COMMAND: GET /session/3097350609915d1f0d0e7f0005360ed5/screenshot - {}
RESULT: {}
COMMAND: POST /session/3097350609915d1f0d0e7f0005360ed5/element - {"using":"xpath","value":"//button[@data-kt=\"saveButton\"]"}
RESULT: {"using":"xpath","value":"//button[@data-kt=\"saveButton\"]"}
COMMAND: POST /session/3097350609915d1f0d0e7f0005360ed5/element/f.185E35FC6384979D85E72AD7E1746CD8.d.82C3015E8A3574B9821D644E37D03586.e.20776/click - {}
RESULT: {}
COMMAND: GET /session/3097350609915d1f0d0e7f0005360ed5/screenshot - {}
RESULT: {}
COMMAND: POST /session/3097350609915d1f0d0e7f0005360ed5/element - {"using":"xpath","value":"//span[contains(@id ,\"contractDetailTitleNoExpanded\")]"}
RESULT: {"using":"xpath","value":"//span[contains(@id ,\"contractDetailTitleNoExpanded\")]"}
COMMAND: POST /session/3097350609915d1f0d0e7f0005360ed5/elements - {"using":"xpath","value":"//span[contains(@id ,\"contractDetailTitleNoExpanded\")]"}
RESULT: {"using":"xpath","value":"//span[contains(@id ,\"contractDetailTitleNoExpanded\")]"}
COMMAND: POST /session/3097350609915d1f0d0e7f0005360ed5/execute/sync - {"script":"<script> [56 bytes]","args":[{"element-6066-11e4-a52e-4f735466cecf":"f.185E35FC6384979D85E72AD7E1746CD8.d.82C3015E8A3574B9821D644E37D03586.e.20844","ELEMENT":"f.185E35FC6384979D85E72AD7E1746CD8.d.82C3015E8A3574B9821D644E37D03586.e.20844"}]}
RESULT: {"script":"<script> [56 bytes]","args":[{"element-6066-11e4-a52e-4f735466cecf":"f.185E35FC6384979D85E72AD7E1746CD8.d.82C3015E8A3574B9821D644E37D03586.e.20844","ELEMENT":"f.185E35FC6384979D85E72AD7E1746CD8.d.82C3015E8A3574B9821D644E37D03586.e.20844"}]}
COMMAND: GET /session/3097350609915d1f0d0e7f0005360ed5/screenshot - {}
RESULT: {}
]]></system-out>
    </testcase>
    <testcase classname="chrome.136_0_7103_93.windows.Billing_Calculation_-_Time_based_(considering_transport_times)_US139738" name="Should add transport time checkbox on contract details" time="16.073">
      <system-out><![CDATA[
COMMAND: POST /session/3097350609915d1f0d0e7f0005360ed5/element - {"using":"xpath","value":"//button[@data-kt=\"contractDetailEditBtnButton\"]"}
RESULT: {"using":"xpath","value":"//button[@data-kt=\"contractDetailEditBtnButton\"]"}
COMMAND: POST /session/3097350609915d1f0d0e7f0005360ed5/element/f.185E35FC6384979D85E72AD7E1746CD8.d.82C3015E8A3574B9821D644E37D03586.e.20847/click - {}
RESULT: {}
COMMAND: GET /session/3097350609915d1f0d0e7f0005360ed5/screenshot - {}
RESULT: {}
COMMAND: POST /session/3097350609915d1f0d0e7f0005360ed5/element - {"using":"xpath","value":"(//span[contains(text(), \"Contract Billing\")])[2]"}
RESULT: {"using":"xpath","value":"(//span[contains(text(), \"Contract Billing\")])[2]"}
COMMAND: POST /session/3097350609915d1f0d0e7f0005360ed5/element/f.185E35FC6384979D85E72AD7E1746CD8.d.82C3015E8A3574B9821D644E37D03586.e.20901/click - {}
RESULT: {}
COMMAND: GET /session/3097350609915d1f0d0e7f0005360ed5/screenshot - {}
RESULT: {}
COMMAND: POST /session/3097350609915d1f0d0e7f0005360ed5/element - {"using":"xpath","value":"(//div[contains(@id, \"transportTimesBilled-CbBg\")])"}
RESULT: {"using":"xpath","value":"(//div[contains(@id, \"transportTimesBilled-CbBg\")])"}
COMMAND: POST /session/3097350609915d1f0d0e7f0005360ed5/element/f.185E35FC6384979D85E72AD7E1746CD8.d.82C3015E8A3574B9821D644E37D03586.e.20933/click - {}
RESULT: {}
COMMAND: GET /session/3097350609915d1f0d0e7f0005360ed5/screenshot - {}
RESULT: {}
COMMAND: POST /session/3097350609915d1f0d0e7f0005360ed5/element - {"using":"xpath","value":"(//button[@data-kt=\"saveButton\"])[2]"}
RESULT: {"using":"xpath","value":"(//button[@data-kt=\"saveButton\"])[2]"}
COMMAND: POST /session/3097350609915d1f0d0e7f0005360ed5/element/f.185E35FC6384979D85E72AD7E1746CD8.d.82C3015E8A3574B9821D644E37D03586.e.20934/click - {}
RESULT: {}
COMMAND: GET /session/3097350609915d1f0d0e7f0005360ed5/screenshot - {}
RESULT: {}
]]></system-out>
    </testcase>
    <testcase classname="chrome.136_0_7103_93.windows.Billing_Calculation_-_Time_based_(considering_transport_times)_US139738" name="Should add created equipment to contract" time="46.198">
      <system-out><![CDATA[
COMMAND: POST /session/3097350609915d1f0d0e7f0005360ed5/element - {"using":"xpath","value":"//button[@data-kt=\"contractDetailEditBtnButton\"]"}
RESULT: {"using":"xpath","value":"//button[@data-kt=\"contractDetailEditBtnButton\"]"}
COMMAND: POST /session/3097350609915d1f0d0e7f0005360ed5/element/f.185E35FC6384979D85E72AD7E1746CD8.d.82C3015E8A3574B9821D644E37D03586.e.20847/click - {}
RESULT: {}
COMMAND: GET /session/3097350609915d1f0d0e7f0005360ed5/screenshot - {}
RESULT: {}
COMMAND: POST /session/3097350609915d1f0d0e7f0005360ed5/element - {"using":"xpath","value":"(//span[contains(text(), \"Additional Addresses\")])[2]"}
RESULT: {"using":"xpath","value":"(//span[contains(text(), \"Additional Addresses\")])[2]"}
COMMAND: POST /session/3097350609915d1f0d0e7f0005360ed5/element/f.185E35FC6384979D85E72AD7E1746CD8.d.82C3015E8A3574B9821D644E37D03586.e.20951/click - {}
RESULT: {}
COMMAND: GET /session/3097350609915d1f0d0e7f0005360ed5/screenshot - {}
RESULT: {}
COMMAND: POST /session/3097350609915d1f0d0e7f0005360ed5/element - {"using":"xpath","value":"//button[@data-kt=\"btnAddTableRowOverflowToolbarButton\"]"}
RESULT: {"using":"xpath","value":"//button[@data-kt=\"btnAddTableRowOverflowToolbarButton\"]"}
COMMAND: POST /session/3097350609915d1f0d0e7f0005360ed5/element/f.185E35FC6384979D85E72AD7E1746CD8.d.82C3015E8A3574B9821D644E37D03586.e.20953/click - {}
RESULT: {}
COMMAND: GET /session/3097350609915d1f0d0e7f0005360ed5/screenshot - {}
RESULT: {}
COMMAND: POST /session/3097350609915d1f0d0e7f0005360ed5/element - {"using":"xpath","value":"//div[(text() = 'Standard Entry' or . = 'Standard Entry')]"}
RESULT: {"using":"xpath","value":"//div[(text() = 'Standard Entry' or . = 'Standard Entry')]"}
COMMAND: POST /session/3097350609915d1f0d0e7f0005360ed5/element/f.185E35FC6384979D85E72AD7E1746CD8.d.82C3015E8A3574B9821D644E37D03586.e.20955/click - {}
RESULT: {}
COMMAND: GET /session/3097350609915d1f0d0e7f0005360ed5/screenshot - {}
RESULT: {}
COMMAND: POST /session/3097350609915d1f0d0e7f0005360ed5/element - {"using":"xpath","value":"//td[7]/div/div/input"}
RESULT: {"using":"xpath","value":"//td[7]/div/div/input"}
COMMAND: POST /session/3097350609915d1f0d0e7f0005360ed5/element/f.185E35FC6384979D85E72AD7E1746CD8.d.82C3015E8A3574B9821D644E37D03586.e.20964/clear - {}
RESULT: {}
COMMAND: POST /session/3097350609915d1f0d0e7f0005360ed5/element/f.185E35FC6384979D85E72AD7E1746CD8.d.82C3015E8A3574B9821D644E37D03586.e.20964/value - {"text":"JrLKiopZus"}
COMMAND: GET /session/3097350609915d1f0d0e7f0005360ed5/screenshot - {}
RESULT: {"text":"JrLKiopZus"}
COMMAND: GET /session/3097350609915d1f0d0e7f0005360ed5/screenshot - {}
RESULT: {}
RESULT: {}
COMMAND: POST /session/3097350609915d1f0d0e7f0005360ed5/actions - {"actions":[{"id":"action76","type":"key","parameters":{},"actions":[{"type":"keyDown","value":"î€‡"},{"type":"pause","duration":10},{"type":"keyUp","value":"î€‡"}]}]}
RESULT: {"actions":[{"id":"action76","type":"key","parameters":{},"actions":[{"type":"keyDown","value":"î€‡"},{"type":"pause","duration":10},{"type":"keyUp","value":"î€‡"}]}]}
COMMAND: GET /session/3097350609915d1f0d0e7f0005360ed5/screenshot - {}
RESULT: {}
COMMAND: POST /session/3097350609915d1f0d0e7f0005360ed5/execute/sync - {"script":"<script> [276 bytes]","args":["No pricing information was found"]}
RESULT: {"script":"<script> [276 bytes]","args":["No pricing information was found"]}
COMMAND: POST /session/3097350609915d1f0d0e7f0005360ed5/element - {"using":"xpath","value":"(//button[@data-kt=\"saveButton\"])[2]"}
COMMAND: GET /session/3097350609915d1f0d0e7f0005360ed5/screenshot - {}
RESULT: {"using":"xpath","value":"(//button[@data-kt=\"saveButton\"])[2]"}
COMMAND: POST /session/3097350609915d1f0d0e7f0005360ed5/element/f.185E35FC6384979D85E72AD7E1746CD8.d.82C3015E8A3574B9821D644E37D03586.e.20934/click - {}
RESULT: {}
RESULT: {}
COMMAND: GET /session/3097350609915d1f0d0e7f0005360ed5/screenshot - {}
RESULT: {}
COMMAND: POST /session/3097350609915d1f0d0e7f0005360ed5/execute/sync - {"script":"<script> [276 bytes]","args":["Some contract items are having rental validity exceeding header rental validity"]}
RESULT: {"script":"<script> [276 bytes]","args":["Some contract items are having rental validity exceeding header rental validity"]}
COMMAND: GET /session/3097350609915d1f0d0e7f0005360ed5/screenshot - {}
RESULT: {}
COMMAND: POST /session/3097350609915d1f0d0e7f0005360ed5/element - {"using":"xpath","value":"//span[contains(@id ,\"contractItemsSmartTable-header-inner\")]"}
RESULT: {"using":"xpath","value":"//span[contains(@id ,\"contractItemsSmartTable-header-inner\")]"}
COMMAND: POST /session/3097350609915d1f0d0e7f0005360ed5/elements - {"using":"xpath","value":"//span[contains(@id ,\"contractItemsSmartTable-header-inner\")]"}
RESULT: {"using":"xpath","value":"//span[contains(@id ,\"contractItemsSmartTable-header-inner\")]"}
COMMAND: POST /session/3097350609915d1f0d0e7f0005360ed5/execute/sync - {"script":"<script> [56 bytes]","args":[{"element-6066-11e4-a52e-4f735466cecf":"f.185E35FC6384979D85E72AD7E1746CD8.d.82C3015E8A3574B9821D644E37D03586.e.20984","ELEMENT":"f.185E35FC6384979D85E72AD7E1746CD8.d.82C3015E8A3574B9821D644E37D03586.e.20984"}]}
RESULT: {"script":"<script> [56 bytes]","args":[{"element-6066-11e4-a52e-4f735466cecf":"f.185E35FC6384979D85E72AD7E1746CD8.d.82C3015E8A3574B9821D644E37D03586.e.20984","ELEMENT":"f.185E35FC6384979D85E72AD7E1746CD8.d.82C3015E8A3574B9821D644E37D03586.e.20984"}]}
]]></system-out>
    </testcase>
    <testcase classname="chrome.136_0_7103_93.windows.Billing_Calculation_-_Time_based_(considering_transport_times)_US139738" name="Should do a provide to site 2 step" time="141.266">
      <system-out><![CDATA[
COMMAND: POST /session/3097350609915d1f0d0e7f0005360ed5/element - {"using":"xpath","value":"//button[@data-kt=\"provideButton\"]"}
COMMAND: GET /session/3097350609915d1f0d0e7f0005360ed5/screenshot - {}
RESULT: {"using":"xpath","value":"//button[@data-kt=\"provideButton\"]"}
COMMAND: POST /session/3097350609915d1f0d0e7f0005360ed5/element/f.185E35FC6384979D85E72AD7E1746CD8.d.82C3015E8A3574B9821D644E37D03586.e.20985/click - {}
RESULT: {}
RESULT: {}
COMMAND: GET /session/3097350609915d1f0d0e7f0005360ed5/screenshot - {}
RESULT: {}
COMMAND: POST /session/3097350609915d1f0d0e7f0005360ed5/element - {"using":"xpath","value":"(//div[contains(@id, \"application-managehandovers-display-component---AddNewHO--oneStep-CbBg\")])"}
RESULT: {"using":"xpath","value":"(//div[contains(@id, \"application-managehandovers-display-component---AddNewHO--oneStep-CbBg\")])"}
COMMAND: POST /session/3097350609915d1f0d0e7f0005360ed5/element - {"using":"xpath","value":"(//div[contains(@id, \"application-managehandovers-display-component---AddNewHO--oneStep-CbBg\")])/input"}
RESULT: {"using":"xpath","value":"(//div[contains(@id, \"application-managehandovers-display-component---AddNewHO--oneStep-CbBg\")])/input"}
COMMAND: GET /session/3097350609915d1f0d0e7f0005360ed5/element/f.185E35FC6384979D85E72AD7E1746CD8.d.82C3015E8A3574B9821D644E37D03586.e.21044/attribute/checked - {}
RESULT: {}
RESULT: undefined
COMMAND: POST /session/3097350609915d1f0d0e7f0005360ed5/execute/async - {"script":"<script> [6424 bytes]","args":[{"element-6066-11e4-a52e-4f735466cecf":"f.185E35FC6384979D85E72AD7E1746CD8.d.82C3015E8A3574B9821D644E37D03586.e.19831"},"setValue",["5/18/25"]]}
COMMAND: POST /session/3097350609915d1f0d0e7f0005360ed5/element/f.185E35FC6384979D85E72AD7E1746CD8.d.82C3015E8A3574B9821D644E37D03586.e.21287/click - {}
COMMAND: POST /session/3097350609915d1f0d0e7f0005360ed5/execute/async - {"script":"<script> [1562 bytes]","args":[{"selector":{"id":"application-managehandovers-display-component---AddNewHO--dueDate","interaction":{"idSuffix":"inner"}},"wdio_ui5_key":"applicationmanagehandovers-display-component---AddNewHO--dueDate"}]}
RESULT: {}
COMMAND: GET /session/3097350609915d1f0d0e7f0005360ed5/screenshot - {}
RESULT: {"script":"<script> [1562 bytes]","args":[{"selector":{"id":"application-managehandovers-display-component---AddNewHO--dueDate","interaction":{"idSuffix":"inner"}},"wdio_ui5_key":"applicationmanagehandovers-display-component---AddNewHO--dueDate"}]}
COMMAND: POST /session/3097350609915d1f0d0e7f0005360ed5/execute/async - {"script":"<script> [6424 bytes]","args":[{"element-6066-11e4-a52e-4f735466cecf":"f.185E35FC6384979D85E72AD7E1746CD8.d.82C3015E8A3574B9821D644E37D03586.e.21042"},"setValue",["5/18/25"]]}
RESULT: {}
RESULT: {"script":"<script> [6424 bytes]","args":[{"element-6066-11e4-a52e-4f735466cecf":"f.185E35FC6384979D85E72AD7E1746CD8.d.82C3015E8A3574B9821D644E37D03586.e.21042"},"setValue",["5/18/25"]]}
COMMAND: POST /session/3097350609915d1f0d0e7f0005360ed5/element - {"using":"xpath","value":"//bdi[contains(text(), \"Instructions\")]"}
RESULT: {"using":"xpath","value":"//bdi[contains(text(), \"Instructions\")]"}
COMMAND: POST /session/3097350609915d1f0d0e7f0005360ed5/element/f.185E35FC6384979D85E72AD7E1746CD8.d.82C3015E8A3574B9821D644E37D03586.e.21295/click - {}
RESULT: {}
COMMAND: GET /session/3097350609915d1f0d0e7f0005360ed5/screenshot - {}
RESULT: {}
COMMAND: POST /session/3097350609915d1f0d0e7f0005360ed5/element - {"using":"xpath","value":"//button[@data-kt=\"AddNewHOProvideAddItemsButton\"]"}
RESULT: {"using":"xpath","value":"//button[@data-kt=\"AddNewHOProvideAddItemsButton\"]"}
COMMAND: POST /session/3097350609915d1f0d0e7f0005360ed5/element/f.185E35FC6384979D85E72AD7E1746CD8.d.82C3015E8A3574B9821D644E37D03586.e.21300/click - {}
RESULT: {}
COMMAND: GET /session/3097350609915d1f0d0e7f0005360ed5/screenshot - {}
RESULT: {}
RESULT: undefined
COMMAND: POST /session/3097350609915d1f0d0e7f0005360ed5/element - {"using":"xpath","value":"//*[@id=\"application-managehandovers-display-component---AddNewHO--popup-sa\"]"}
RESULT: {"using":"xpath","value":"//*[@id=\"application-managehandovers-display-component---AddNewHO--popup-sa\"]"}
COMMAND: POST /session/3097350609915d1f0d0e7f0005360ed5/element/f.185E35FC6384979D85E72AD7E1746CD8.d.82C3015E8A3574B9821D644E37D03586.e.21309/click - {}
RESULT: {}
COMMAND: GET /session/3097350609915d1f0d0e7f0005360ed5/screenshot - {}
RESULT: {}
COMMAND: POST /session/3097350609915d1f0d0e7f0005360ed5/element - {"using":"xpath","value":"//*[contains(@id ,\"BDI-content\")][contains(text(), \"Select\")]"}
RESULT: {"using":"xpath","value":"//*[contains(@id ,\"BDI-content\")][contains(text(), \"Select\")]"}
COMMAND: POST /session/3097350609915d1f0d0e7f0005360ed5/element/f.185E35FC6384979D85E72AD7E1746CD8.d.82C3015E8A3574B9821D644E37D03586.e.21311/click - {}
RESULT: {}
COMMAND: GET /session/3097350609915d1f0d0e7f0005360ed5/screenshot - {}
RESULT: {}
COMMAND: POST /session/3097350609915d1f0d0e7f0005360ed5/execute/async - {"script":"<script> [1562 bytes]","args":[{"selector":{"id":"application-managehandovers-display-component---AddNewHO--confirmCreationButton","interaction":{"idSuffix":"BDI-content"}},"wdio_ui5_key":"applicationmanagehandovers-display-component---AddNewHO--confirmCreationButton"}]}
RESULT: {"script":"<script> [1562 bytes]","args":[{"selector":{"id":"application-managehandovers-display-component---AddNewHO--confirmCreationButton","interaction":{"idSuffix":"BDI-content"}},"wdio_ui5_key":"applicationmanagehandovers-display-component---AddNewHO--confirmCreationButton"}]}
RESULT: undefined
COMMAND: POST /session/3097350609915d1f0d0e7f0005360ed5/element - {"using":"xpath","value":"//*[@id=\"application-managehandovers-display-component---AddNewHO--confirmCreationButton\"]"}
RESULT: {"using":"xpath","value":"//*[@id=\"application-managehandovers-display-component---AddNewHO--confirmCreationButton\"]"}
COMMAND: POST /session/3097350609915d1f0d0e7f0005360ed5/element/f.185E35FC6384979D85E72AD7E1746CD8.d.82C3015E8A3574B9821D644E37D03586.e.21106/click - {}
RESULT: {}
COMMAND: GET /session/3097350609915d1f0d0e7f0005360ed5/screenshot - {}
RESULT: {}
COMMAND: POST /session/3097350609915d1f0d0e7f0005360ed5/execute/async - {"script":"<script> [1562 bytes]","args":[{"selector":{"id":"issueDatePicker","viewName":"etm.portal.ui.managehandovers.view.DetailExecuteHO","interaction":{"idSuffix":"inner"}},"wdio_ui5_key":"issueDatePickeretmportal.ui.managehandovers.view.DetailExecuteHO"}]}
RESULT: {"script":"<script> [1562 bytes]","args":[{"selector":{"id":"issueDatePicker","viewName":"etm.portal.ui.managehandovers.view.DetailExecuteHO","interaction":{"idSuffix":"inner"}},"wdio_ui5_key":"issueDatePickeretmportal.ui.managehandovers.view.DetailExecuteHO"}]}
RESULT: undefined
COMMAND: POST /session/3097350609915d1f0d0e7f0005360ed5/execute/async - {"script":"<script> [776 bytes]","args":[{"enterText":"5/18/25","selector":{"id":"issueDatePicker","viewName":"etm.portal.ui.managehandovers.view.DetailExecuteHO","interaction":{"idSuffix":"inner"}},"clearTextFirst":true,"interactionType":"ENTER_TEXT"}]}
RESULT: {"script":"<script> [776 bytes]","args":[{"enterText":"5/18/25","selector":{"id":"issueDatePicker","viewName":"etm.portal.ui.managehandovers.view.DetailExecuteHO","interaction":{"idSuffix":"inner"}},"clearTextFirst":true,"interactionType":"ENTER_TEXT"}]}
COMMAND: POST /session/3097350609915d1f0d0e7f0005360ed5/element - {"using":"xpath","value":"//bdi[contains(text(), \"OK\")]"}
RESULT: {"using":"xpath","value":"//bdi[contains(text(), \"OK\")]"}
COMMAND: POST /session/3097350609915d1f0d0e7f0005360ed5/element/f.185E35FC6384979D85E72AD7E1746CD8.d.82C3015E8A3574B9821D644E37D03586.e.21360/click - {}
RESULT: {}
COMMAND: GET /session/3097350609915d1f0d0e7f0005360ed5/screenshot - {}
RESULT: {}
COMMAND: POST /session/3097350609915d1f0d0e7f0005360ed5/element - {"using":"xpath","value":"//button[@data-kt=\"PickingTableConfirmAllButton\"]"}
RESULT: {"using":"xpath","value":"//button[@data-kt=\"PickingTableConfirmAllButton\"]"}
COMMAND: POST /session/3097350609915d1f0d0e7f0005360ed5/element/f.185E35FC6384979D85E72AD7E1746CD8.d.82C3015E8A3574B9821D644E37D03586.e.21367/click - {}
RESULT: {}
COMMAND: GET /session/3097350609915d1f0d0e7f0005360ed5/screenshot - {}
RESULT: {}
COMMAND: POST /session/3097350609915d1f0d0e7f0005360ed5/element - {"using":"xpath","value":"//bdi[contains(text(), \"OK\")]"}
RESULT: {"using":"xpath","value":"//bdi[contains(text(), \"OK\")]"}
COMMAND: POST /session/3097350609915d1f0d0e7f0005360ed5/element/f.185E35FC6384979D85E72AD7E1746CD8.d.82C3015E8A3574B9821D644E37D03586.e.21371/click - {}
RESULT: {}
COMMAND: GET /session/3097350609915d1f0d0e7f0005360ed5/screenshot - {}
RESULT: {}
COMMAND: POST /session/3097350609915d1f0d0e7f0005360ed5/element - {"using":"xpath","value":"//button[@data-kt=\"execHoPickButton\"]"}
RESULT: {"using":"xpath","value":"//button[@data-kt=\"execHoPickButton\"]"}
COMMAND: POST /session/3097350609915d1f0d0e7f0005360ed5/element/f.185E35FC6384979D85E72AD7E1746CD8.d.82C3015E8A3574B9821D644E37D03586.e.21372/click - {}
RESULT: {}
COMMAND: GET /session/3097350609915d1f0d0e7f0005360ed5/screenshot - {}
RESULT: {}
COMMAND: POST /session/3097350609915d1f0d0e7f0005360ed5/element - {"using":"xpath","value":"//span[contains(@id ,\"filterItemControl_BASIC-RECEIVE_CONTRACT-vhi\")]"}
RESULT: {"using":"xpath","value":"//span[contains(@id ,\"filterItemControl_BASIC-RECEIVE_CONTRACT-vhi\")]"}
COMMAND: POST /session/3097350609915d1f0d0e7f0005360ed5/element/f.185E35FC6384979D85E72AD7E1746CD8.d.82C3015E8A3574B9821D644E37D03586.e.21547/click - {}
RESULT: {}
COMMAND: GET /session/3097350609915d1f0d0e7f0005360ed5/screenshot - {}
RESULT: {}
COMMAND: POST /session/3097350609915d1f0d0e7f0005360ed5/execute/async - {"script":"<script> [1562 bytes]","args":[{"selector":{"controlType":"sap.m.SearchField","viewName":"etm.portal.ui.managehandovers.view.MasterHO","bindingPath":{"path":"","propertyPath":"/_BASIC_SEARCH_FIELD","modelName":"fi1t3rM0d31"},"searchOpenDialogs":true,"interaction":{"idSuffix":"I"}},"wdio_ui5_key":"etmportal.ui.managehandovers.view.MasterHOsap.m.SearchField{\"path\":\"\",\"propertyPath\":\"/_BASIC_SEARCH_FIELD\",\"modelName\":\"fi1t3rM0d31\"}"}]}
RESULT: {"script":"<script> [1562 bytes]","args":[{"selector":{"controlType":"sap.m.SearchField","viewName":"etm.portal.ui.managehandovers.view.MasterHO","bindingPath":{"path":"","propertyPath":"/_BASIC_SEARCH_FIELD","modelName":"fi1t3rM0d31"},"searchOpenDialogs":true,"interaction":{"idSuffix":"I"}},"wdio_ui5_key":"etmportal.ui.managehandovers.view.MasterHOsap.m.SearchField{\"path\":\"\",\"propertyPath\":\"/_BASIC_SEARCH_FIELD\",\"modelName\":\"fi1t3rM0d31\"}"}]}
RESULT: undefined
COMMAND: POST /session/3097350609915d1f0d0e7f0005360ed5/execute/async - {"script":"<script> [776 bytes]","args":[{"enterText":"10366","selector":{"controlType":"sap.m.SearchField","viewName":"etm.portal.ui.managehandovers.view.MasterHO","bindingPath":{"path":"","propertyPath":"/_BASIC_SEARCH_FIELD","modelName":"fi1t3rM0d31"},"searchOpenDialogs":true,"interaction":{"idSuffix":"I"}},"clearTextFirst":true,"interactionType":"ENTER_TEXT"}]}
RESULT: {"script":"<script> [776 bytes]","args":[{"enterText":"10366","selector":{"controlType":"sap.m.SearchField","viewName":"etm.portal.ui.managehandovers.view.MasterHO","bindingPath":{"path":"","propertyPath":"/_BASIC_SEARCH_FIELD","modelName":"fi1t3rM0d31"},"searchOpenDialogs":true,"interaction":{"idSuffix":"I"}},"clearTextFirst":true,"interactionType":"ENTER_TEXT"}]}
COMMAND: POST /session/3097350609915d1f0d0e7f0005360ed5/actions - {"actions":[{"id":"action77","type":"key","parameters":{},"actions":[{"type":"keyDown","value":"î€‡"},{"type":"pause","duration":10},{"type":"keyUp","value":"î€‡"}]}]}
RESULT: {"actions":[{"id":"action77","type":"key","parameters":{},"actions":[{"type":"keyDown","value":"î€‡"},{"type":"pause","duration":10},{"type":"keyUp","value":"î€‡"}]}]}
COMMAND: GET /session/3097350609915d1f0d0e7f0005360ed5/screenshot - {}
RESULT: {}
COMMAND: POST /session/3097350609915d1f0d0e7f0005360ed5/element - {"using":"xpath","value":"//div[contains(@id, 'filterItemControl_BASIC-RECEIVE_CONTRACT-valueHelpDialog-table-rowsel0')]"}
RESULT: {"using":"xpath","value":"//div[contains(@id, 'filterItemControl_BASIC-RECEIVE_CONTRACT-valueHelpDialog-table-rowsel0')]"}
COMMAND: POST /session/3097350609915d1f0d0e7f0005360ed5/element/f.185E35FC6384979D85E72AD7E1746CD8.d.82C3015E8A3574B9821D644E37D03586.e.21557/click - {}
RESULT: {}
COMMAND: GET /session/3097350609915d1f0d0e7f0005360ed5/screenshot - {}
RESULT: {}
COMMAND: POST /session/3097350609915d1f0d0e7f0005360ed5/element - {"using":"xpath","value":"//bdi[contains(text(), \"OK\")]"}
RESULT: {"using":"xpath","value":"//bdi[contains(text(), \"OK\")]"}
COMMAND: POST /session/3097350609915d1f0d0e7f0005360ed5/element/f.185E35FC6384979D85E72AD7E1746CD8.d.82C3015E8A3574B9821D644E37D03586.e.21559/click - {}
RESULT: {}
COMMAND: GET /session/3097350609915d1f0d0e7f0005360ed5/screenshot - {}
RESULT: {}
COMMAND: POST /session/3097350609915d1f0d0e7f0005360ed5/element - {"using":"xpath","value":"//span[contains(@id, \"smartTable-header-inner\")]"}
RESULT: {"using":"xpath","value":"//span[contains(@id, \"smartTable-header-inner\")]"}
COMMAND: POST /session/3097350609915d1f0d0e7f0005360ed5/elements - {"using":"xpath","value":"//span[contains(@id, \"smartTable-header-inner\")]"}
RESULT: {"using":"xpath","value":"//span[contains(@id, \"smartTable-header-inner\")]"}
COMMAND: POST /session/3097350609915d1f0d0e7f0005360ed5/execute/sync - {"script":"<script> [56 bytes]","args":[{"element-6066-11e4-a52e-4f735466cecf":"f.185E35FC6384979D85E72AD7E1746CD8.d.82C3015E8A3574B9821D644E37D03586.e.21587","ELEMENT":"f.185E35FC6384979D85E72AD7E1746CD8.d.82C3015E8A3574B9821D644E37D03586.e.21587"}]}
RESULT: {"script":"<script> [56 bytes]","args":[{"element-6066-11e4-a52e-4f735466cecf":"f.185E35FC6384979D85E72AD7E1746CD8.d.82C3015E8A3574B9821D644E37D03586.e.21587","ELEMENT":"f.185E35FC6384979D85E72AD7E1746CD8.d.82C3015E8A3574B9821D644E37D03586.e.21587"}]}
COMMAND: POST /session/3097350609915d1f0d0e7f0005360ed5/element - {"using":"xpath","value":"//table[contains(@id, \"customHandovers\")]//tbody/tr[1]/td[2]/span"}
COMMAND: GET /session/3097350609915d1f0d0e7f0005360ed5/screenshot - {}
RESULT: {"using":"xpath","value":"//table[contains(@id, \"customHandovers\")]//tbody/tr[1]/td[2]/span"}
COMMAND: POST /session/3097350609915d1f0d0e7f0005360ed5/execute/sync - {"script":"<script> [56 bytes]","args":[{"element-6066-11e4-a52e-4f735466cecf":"f.185E35FC6384979D85E72AD7E1746CD8.d.82C3015E8A3574B9821D644E37D03586.e.21588","ELEMENT":"f.185E35FC6384979D85E72AD7E1746CD8.d.82C3015E8A3574B9821D644E37D03586.e.21588"}]}
RESULT: {}
RESULT: {"script":"<script> [56 bytes]","args":[{"element-6066-11e4-a52e-4f735466cecf":"f.185E35FC6384979D85E72AD7E1746CD8.d.82C3015E8A3574B9821D644E37D03586.e.21588","ELEMENT":"f.185E35FC6384979D85E72AD7E1746CD8.d.82C3015E8A3574B9821D644E37D03586.e.21588"}]}
COMMAND: POST /session/3097350609915d1f0d0e7f0005360ed5/element - {"using":"xpath","value":"(//span[contains(@id, \"imgNav\")])[1]"}
COMMAND: GET /session/3097350609915d1f0d0e7f0005360ed5/screenshot - {}
RESULT: {"using":"xpath","value":"(//span[contains(@id, \"imgNav\")])[1]"}
COMMAND: POST /session/3097350609915d1f0d0e7f0005360ed5/element/f.185E35FC6384979D85E72AD7E1746CD8.d.82C3015E8A3574B9821D644E37D03586.e.21585/click - {}
RESULT: {}
RESULT: {}
COMMAND: GET /session/3097350609915d1f0d0e7f0005360ed5/screenshot - {}
RESULT: {}
RESULT: undefined
COMMAND: POST /session/3097350609915d1f0d0e7f0005360ed5/execute/async - {"script":"<script> [776 bytes]","args":[{"enterText":"5/18/25","selector":{"id":"issueDatePicker","viewName":"etm.portal.ui.managehandovers.view.DetailExecuteHO","interaction":{"idSuffix":"inner"}},"clearTextFirst":true,"interactionType":"ENTER_TEXT"}]}
RESULT: {"script":"<script> [776 bytes]","args":[{"enterText":"5/18/25","selector":{"id":"issueDatePicker","viewName":"etm.portal.ui.managehandovers.view.DetailExecuteHO","interaction":{"idSuffix":"inner"}},"clearTextFirst":true,"interactionType":"ENTER_TEXT"}]}
COMMAND: POST /session/3097350609915d1f0d0e7f0005360ed5/element - {"using":"xpath","value":"//button[@data-kt=\"PickingTableConfirmAllButton\"]"}
RESULT: {"using":"xpath","value":"//button[@data-kt=\"PickingTableConfirmAllButton\"]"}
COMMAND: POST /session/3097350609915d1f0d0e7f0005360ed5/element/f.185E35FC6384979D85E72AD7E1746CD8.d.82C3015E8A3574B9821D644E37D03586.e.21627/click - {}
RESULT: {}
COMMAND: GET /session/3097350609915d1f0d0e7f0005360ed5/screenshot - {}
RESULT: {}
COMMAND: POST /session/3097350609915d1f0d0e7f0005360ed5/element - {"using":"xpath","value":"//bdi[contains(text(), \"OK\")]"}
RESULT: {"using":"xpath","value":"//bdi[contains(text(), \"OK\")]"}
COMMAND: POST /session/3097350609915d1f0d0e7f0005360ed5/element/f.185E35FC6384979D85E72AD7E1746CD8.d.82C3015E8A3574B9821D644E37D03586.e.21640/click - {}
RESULT: {}
COMMAND: GET /session/3097350609915d1f0d0e7f0005360ed5/screenshot - {}
RESULT: {}
COMMAND: POST /session/3097350609915d1f0d0e7f0005360ed5/element - {"using":"xpath","value":"//button[@data-kt=\"execHoIssueButton\"]"}
RESULT: {"using":"xpath","value":"//button[@data-kt=\"execHoIssueButton\"]"}
COMMAND: POST /session/3097350609915d1f0d0e7f0005360ed5/element/f.185E35FC6384979D85E72AD7E1746CD8.d.82C3015E8A3574B9821D644E37D03586.e.21641/click - {}
RESULT: {}
COMMAND: GET /session/3097350609915d1f0d0e7f0005360ed5/screenshot - {}
RESULT: {}
COMMAND: POST /session/3097350609915d1f0d0e7f0005360ed5/element - {"using":"xpath","value":"//input[contains(@id ,\"smartFilterBar-btnBasicSearch-I\")]"}
RESULT: {"using":"xpath","value":"//input[contains(@id ,\"smartFilterBar-btnBasicSearch-I\")]"}
COMMAND: POST /session/3097350609915d1f0d0e7f0005360ed5/elements - {"using":"xpath","value":"//input[contains(@id ,\"smartFilterBar-btnBasicSearch-I\")]"}
RESULT: {"using":"xpath","value":"//input[contains(@id ,\"smartFilterBar-btnBasicSearch-I\")]"}
COMMAND: POST /session/3097350609915d1f0d0e7f0005360ed5/execute/sync - {"script":"<script> [8489 bytes]","args":[{"element-6066-11e4-a52e-4f735466cecf":"f.185E35FC6384979D85E72AD7E1746CD8.d.82C3015E8A3574B9821D644E37D03586.e.21041","ELEMENT":"f.185E35FC6384979D85E72AD7E1746CD8.d.82C3015E8A3574B9821D644E37D03586.e.21041"}]}
RESULT: {"script":"<script> [8489 bytes]","args":[{"element-6066-11e4-a52e-4f735466cecf":"f.185E35FC6384979D85E72AD7E1746CD8.d.82C3015E8A3574B9821D644E37D03586.e.21041","ELEMENT":"f.185E35FC6384979D85E72AD7E1746CD8.d.82C3015E8A3574B9821D644E37D03586.e.21041"}]}
COMMAND: GET /session/3097350609915d1f0d0e7f0005360ed5/element/f.185E35FC6384979D85E72AD7E1746CD8.d.82C3015E8A3574B9821D644E37D03586.e.21041/enabled - {}
COMMAND: GET /session/3097350609915d1f0d0e7f0005360ed5/screenshot - {}
RESULT: {}
COMMAND: POST /session/3097350609915d1f0d0e7f0005360ed5/element/f.185E35FC6384979D85E72AD7E1746CD8.d.82C3015E8A3574B9821D644E37D03586.e.21041/clear - {}
COMMAND: GET /session/3097350609915d1f0d0e7f0005360ed5/screenshot - {}
RESULT: {}
RESULT: {}
COMMAND: POST /session/3097350609915d1f0d0e7f0005360ed5/element/f.185E35FC6384979D85E72AD7E1746CD8.d.82C3015E8A3574B9821D644E37D03586.e.21041/value - {"text":"30702"}
COMMAND: GET /session/3097350609915d1f0d0e7f0005360ed5/screenshot - {}
RESULT: {}
RESULT: {"text":"30702"}
COMMAND: GET /session/3097350609915d1f0d0e7f0005360ed5/screenshot - {}
RESULT: {}
RESULT: {}
COMMAND: POST /session/3097350609915d1f0d0e7f0005360ed5/actions - {"actions":[{"id":"action78","type":"key","parameters":{},"actions":[{"type":"keyDown","value":"î€‡"},{"type":"pause","duration":10},{"type":"keyUp","value":"î€‡"}]}]}
RESULT: {"actions":[{"id":"action78","type":"key","parameters":{},"actions":[{"type":"keyDown","value":"î€‡"},{"type":"pause","duration":10},{"type":"keyUp","value":"î€‡"}]}]}
COMMAND: GET /session/3097350609915d1f0d0e7f0005360ed5/screenshot - {}
RESULT: {}
COMMAND: POST /session/3097350609915d1f0d0e7f0005360ed5/element - {"using":"xpath","value":"//span[contains(@id, \"smartTable-header-inner\")]"}
RESULT: {"using":"xpath","value":"//span[contains(@id, \"smartTable-header-inner\")]"}
COMMAND: POST /session/3097350609915d1f0d0e7f0005360ed5/elements - {"using":"xpath","value":"//span[contains(@id, \"smartTable-header-inner\")]"}
RESULT: {"using":"xpath","value":"//span[contains(@id, \"smartTable-header-inner\")]"}
COMMAND: POST /session/3097350609915d1f0d0e7f0005360ed5/execute/sync - {"script":"<script> [56 bytes]","args":[{"element-6066-11e4-a52e-4f735466cecf":"f.185E35FC6384979D85E72AD7E1746CD8.d.82C3015E8A3574B9821D644E37D03586.e.21587","ELEMENT":"f.185E35FC6384979D85E72AD7E1746CD8.d.82C3015E8A3574B9821D644E37D03586.e.21587"}]}
RESULT: {"script":"<script> [56 bytes]","args":[{"element-6066-11e4-a52e-4f735466cecf":"f.185E35FC6384979D85E72AD7E1746CD8.d.82C3015E8A3574B9821D644E37D03586.e.21587","ELEMENT":"f.185E35FC6384979D85E72AD7E1746CD8.d.82C3015E8A3574B9821D644E37D03586.e.21587"}]}
COMMAND: POST /session/3097350609915d1f0d0e7f0005360ed5/elements - {"using":"xpath","value":"//thead[contains(@class, \"sapMTableTH\")]/tr/th"}
COMMAND: GET /session/3097350609915d1f0d0e7f0005360ed5/screenshot - {}
RESULT: {"using":"xpath","value":"//thead[contains(@class, \"sapMTableTH\")]/tr/th"}
COMMAND: GET /session/3097350609915d1f0d0e7f0005360ed5/element/f.185E35FC6384979D85E72AD7E1746CD8.d.82C3015E8A3574B9821D644E37D03586.e.21678/text - {}
RESULT: {}
RESULT: {}
COMMAND: GET /session/3097350609915d1f0d0e7f0005360ed5/element/f.185E35FC6384979D85E72AD7E1746CD8.d.82C3015E8A3574B9821D644E37D03586.e.21679/text - {}
RESULT: {}
COMMAND: GET /session/3097350609915d1f0d0e7f0005360ed5/element/f.185E35FC6384979D85E72AD7E1746CD8.d.82C3015E8A3574B9821D644E37D03586.e.21072/text - {}
RESULT: {}
COMMAND: GET /session/3097350609915d1f0d0e7f0005360ed5/element/f.185E35FC6384979D85E72AD7E1746CD8.d.82C3015E8A3574B9821D644E37D03586.e.21074/text - {}
RESULT: {}
COMMAND: GET /session/3097350609915d1f0d0e7f0005360ed5/element/f.185E35FC6384979D85E72AD7E1746CD8.d.82C3015E8A3574B9821D644E37D03586.e.21646/text - {}
RESULT: {}
COMMAND: GET /session/3097350609915d1f0d0e7f0005360ed5/element/f.185E35FC6384979D85E72AD7E1746CD8.d.82C3015E8A3574B9821D644E37D03586.e.21647/text - {}
RESULT: {}
COMMAND: GET /session/3097350609915d1f0d0e7f0005360ed5/element/f.185E35FC6384979D85E72AD7E1746CD8.d.82C3015E8A3574B9821D644E37D03586.e.21648/text - {}
RESULT: {}
COMMAND: GET /session/3097350609915d1f0d0e7f0005360ed5/element/f.185E35FC6384979D85E72AD7E1746CD8.d.82C3015E8A3574B9821D644E37D03586.e.21649/text - {}
RESULT: {}
COMMAND: GET /session/3097350609915d1f0d0e7f0005360ed5/element/f.185E35FC6384979D85E72AD7E1746CD8.d.82C3015E8A3574B9821D644E37D03586.e.21650/text - {}
RESULT: {}
COMMAND: GET /session/3097350609915d1f0d0e7f0005360ed5/element/f.185E35FC6384979D85E72AD7E1746CD8.d.82C3015E8A3574B9821D644E37D03586.e.21651/text - {}
RESULT: {}
COMMAND: GET /session/3097350609915d1f0d0e7f0005360ed5/element/f.185E35FC6384979D85E72AD7E1746CD8.d.82C3015E8A3574B9821D644E37D03586.e.21652/text - {}
RESULT: {}
COMMAND: GET /session/3097350609915d1f0d0e7f0005360ed5/element/f.185E35FC6384979D85E72AD7E1746CD8.d.82C3015E8A3574B9821D644E37D03586.e.21653/text - {}
RESULT: {}
COMMAND: GET /session/3097350609915d1f0d0e7f0005360ed5/element/f.185E35FC6384979D85E72AD7E1746CD8.d.82C3015E8A3574B9821D644E37D03586.e.21654/text - {}
RESULT: {}
COMMAND: GET /session/3097350609915d1f0d0e7f0005360ed5/element/f.185E35FC6384979D85E72AD7E1746CD8.d.82C3015E8A3574B9821D644E37D03586.e.21075/text - {}
RESULT: {}
COMMAND: POST /session/3097350609915d1f0d0e7f0005360ed5/element - {"using":"xpath","value":"//tbody[contains(@id, \"customHandoversTable-tblBody\")]/tr[1]/td[14]/div/span"}
RESULT: {"using":"xpath","value":"//tbody[contains(@id, \"customHandoversTable-tblBody\")]/tr[1]/td[14]/div/span"}
COMMAND: POST /session/3097350609915d1f0d0e7f0005360ed5/execute/sync - {"script":"<script> [56 bytes]","args":[{"element-6066-11e4-a52e-4f735466cecf":"f.185E35FC6384979D85E72AD7E1746CD8.d.82C3015E8A3574B9821D644E37D03586.e.21731","ELEMENT":"f.185E35FC6384979D85E72AD7E1746CD8.d.82C3015E8A3574B9821D644E37D03586.e.21731"}]}
RESULT: {"script":"<script> [56 bytes]","args":[{"element-6066-11e4-a52e-4f735466cecf":"f.185E35FC6384979D85E72AD7E1746CD8.d.82C3015E8A3574B9821D644E37D03586.e.21731","ELEMENT":"f.185E35FC6384979D85E72AD7E1746CD8.d.82C3015E8A3574B9821D644E37D03586.e.21731"}]}
COMMAND: POST /session/3097350609915d1f0d0e7f0005360ed5/element - {"using":"xpath","value":"(//span[contains(@id, \"imgNav\")])[1]"}
COMMAND: GET /session/3097350609915d1f0d0e7f0005360ed5/screenshot - {}
RESULT: {"using":"xpath","value":"(//span[contains(@id, \"imgNav\")])[1]"}
COMMAND: POST /session/3097350609915d1f0d0e7f0005360ed5/element/f.185E35FC6384979D85E72AD7E1746CD8.d.82C3015E8A3574B9821D644E37D03586.e.21732/click - {}
RESULT: {}
RESULT: {}
COMMAND: GET /session/3097350609915d1f0d0e7f0005360ed5/screenshot - {}
RESULT: {}
RESULT: undefined
COMMAND: POST /session/3097350609915d1f0d0e7f0005360ed5/execute/async - {"script":"<script> [776 bytes]","args":[{"enterText":"5/25/25","selector":{"id":"receiptDatePicker","viewName":"etm.portal.ui.managehandovers.view.DetailExecuteHO","interaction":{"idSuffix":"inner"}},"clearTextFirst":true,"interactionType":"ENTER_TEXT"}]}
RESULT: {"script":"<script> [776 bytes]","args":[{"enterText":"5/25/25","selector":{"id":"receiptDatePicker","viewName":"etm.portal.ui.managehandovers.view.DetailExecuteHO","interaction":{"idSuffix":"inner"}},"clearTextFirst":true,"interactionType":"ENTER_TEXT"}]}
COMMAND: POST /session/3097350609915d1f0d0e7f0005360ed5/element - {"using":"xpath","value":"//bdi[contains(text(), \"OK\")]"}
RESULT: {"using":"xpath","value":"//bdi[contains(text(), \"OK\")]"}
COMMAND: POST /session/3097350609915d1f0d0e7f0005360ed5/element/f.185E35FC6384979D85E72AD7E1746CD8.d.82C3015E8A3574B9821D644E37D03586.e.21767/click - {}
RESULT: {}
COMMAND: GET /session/3097350609915d1f0d0e7f0005360ed5/screenshot - {}
RESULT: {}
COMMAND: POST /session/3097350609915d1f0d0e7f0005360ed5/element - {"using":"xpath","value":"//button[@data-kt=\"PickingTableConfirmAllButton\"]"}
RESULT: {"using":"xpath","value":"//button[@data-kt=\"PickingTableConfirmAllButton\"]"}
COMMAND: POST /session/3097350609915d1f0d0e7f0005360ed5/element/f.185E35FC6384979D85E72AD7E1746CD8.d.82C3015E8A3574B9821D644E37D03586.e.21751/click - {}
RESULT: {}
COMMAND: GET /session/3097350609915d1f0d0e7f0005360ed5/screenshot - {}
RESULT: {}
COMMAND: POST /session/3097350609915d1f0d0e7f0005360ed5/element - {"using":"xpath","value":"//bdi[contains(text(), \"OK\")]"}
RESULT: {"using":"xpath","value":"//bdi[contains(text(), \"OK\")]"}
COMMAND: POST /session/3097350609915d1f0d0e7f0005360ed5/element/f.185E35FC6384979D85E72AD7E1746CD8.d.82C3015E8A3574B9821D644E37D03586.e.21782/click - {}
RESULT: {}
COMMAND: GET /session/3097350609915d1f0d0e7f0005360ed5/screenshot - {}
RESULT: {}
COMMAND: POST /session/3097350609915d1f0d0e7f0005360ed5/element - {"using":"xpath","value":"//button[@data-kt= \"execHoReceiveButton\"]"}
RESULT: {"using":"xpath","value":"//button[@data-kt= \"execHoReceiveButton\"]"}
COMMAND: POST /session/3097350609915d1f0d0e7f0005360ed5/element/f.185E35FC6384979D85E72AD7E1746CD8.d.82C3015E8A3574B9821D644E37D03586.e.21783/click - {}
RESULT: {}
COMMAND: GET /session/3097350609915d1f0d0e7f0005360ed5/screenshot - {}
RESULT: {}
COMMAND: POST /session/3097350609915d1f0d0e7f0005360ed5/element - {"using":"xpath","value":"//input[contains(@id ,\"smartFilterBar-btnBasicSearch-I\")]"}
RESULT: {"using":"xpath","value":"//input[contains(@id ,\"smartFilterBar-btnBasicSearch-I\")]"}
COMMAND: POST /session/3097350609915d1f0d0e7f0005360ed5/elements - {"using":"xpath","value":"//input[contains(@id ,\"smartFilterBar-btnBasicSearch-I\")]"}
RESULT: {"using":"xpath","value":"//input[contains(@id ,\"smartFilterBar-btnBasicSearch-I\")]"}
COMMAND: POST /session/3097350609915d1f0d0e7f0005360ed5/execute/sync - {"script":"<script> [8489 bytes]","args":[{"element-6066-11e4-a52e-4f735466cecf":"f.185E35FC6384979D85E72AD7E1746CD8.d.82C3015E8A3574B9821D644E37D03586.e.21041","ELEMENT":"f.185E35FC6384979D85E72AD7E1746CD8.d.82C3015E8A3574B9821D644E37D03586.e.21041"}]}
RESULT: {"script":"<script> [8489 bytes]","args":[{"element-6066-11e4-a52e-4f735466cecf":"f.185E35FC6384979D85E72AD7E1746CD8.d.82C3015E8A3574B9821D644E37D03586.e.21041","ELEMENT":"f.185E35FC6384979D85E72AD7E1746CD8.d.82C3015E8A3574B9821D644E37D03586.e.21041"}]}
COMMAND: GET /session/3097350609915d1f0d0e7f0005360ed5/element/f.185E35FC6384979D85E72AD7E1746CD8.d.82C3015E8A3574B9821D644E37D03586.e.21041/enabled - {}
COMMAND: GET /session/3097350609915d1f0d0e7f0005360ed5/screenshot - {}
RESULT: {}
COMMAND: POST /session/3097350609915d1f0d0e7f0005360ed5/element/f.185E35FC6384979D85E72AD7E1746CD8.d.82C3015E8A3574B9821D644E37D03586.e.21041/clear - {}
COMMAND: GET /session/3097350609915d1f0d0e7f0005360ed5/screenshot - {}
RESULT: {}
RESULT: {}
COMMAND: POST /session/3097350609915d1f0d0e7f0005360ed5/element/f.185E35FC6384979D85E72AD7E1746CD8.d.82C3015E8A3574B9821D644E37D03586.e.21041/value - {"text":"30702"}
COMMAND: GET /session/3097350609915d1f0d0e7f0005360ed5/screenshot - {}
RESULT: {}
RESULT: {}
RESULT: {"text":"30702"}
COMMAND: GET /session/3097350609915d1f0d0e7f0005360ed5/screenshot - {}
RESULT: {}
COMMAND: POST /session/3097350609915d1f0d0e7f0005360ed5/actions - {"actions":[{"id":"action79","type":"key","parameters":{},"actions":[{"type":"keyDown","value":"î€‡"},{"type":"pause","duration":10},{"type":"keyUp","value":"î€‡"}]}]}
RESULT: {"actions":[{"id":"action79","type":"key","parameters":{},"actions":[{"type":"keyDown","value":"î€‡"},{"type":"pause","duration":10},{"type":"keyUp","value":"î€‡"}]}]}
COMMAND: GET /session/3097350609915d1f0d0e7f0005360ed5/screenshot - {}
RESULT: {}
COMMAND: POST /session/3097350609915d1f0d0e7f0005360ed5/element - {"using":"xpath","value":"//span[contains(@id, \"smartTable-header-inner\")]"}
RESULT: {"using":"xpath","value":"//span[contains(@id, \"smartTable-header-inner\")]"}
COMMAND: POST /session/3097350609915d1f0d0e7f0005360ed5/elements - {"using":"xpath","value":"//span[contains(@id, \"smartTable-header-inner\")]"}
RESULT: {"using":"xpath","value":"//span[contains(@id, \"smartTable-header-inner\")]"}
COMMAND: POST /session/3097350609915d1f0d0e7f0005360ed5/execute/sync - {"script":"<script> [56 bytes]","args":[{"element-6066-11e4-a52e-4f735466cecf":"f.185E35FC6384979D85E72AD7E1746CD8.d.82C3015E8A3574B9821D644E37D03586.e.21587","ELEMENT":"f.185E35FC6384979D85E72AD7E1746CD8.d.82C3015E8A3574B9821D644E37D03586.e.21587"}]}
RESULT: {"script":"<script> [56 bytes]","args":[{"element-6066-11e4-a52e-4f735466cecf":"f.185E35FC6384979D85E72AD7E1746CD8.d.82C3015E8A3574B9821D644E37D03586.e.21587","ELEMENT":"f.185E35FC6384979D85E72AD7E1746CD8.d.82C3015E8A3574B9821D644E37D03586.e.21587"}]}
COMMAND: POST /session/3097350609915d1f0d0e7f0005360ed5/elements - {"using":"xpath","value":"//thead[contains(@class, \"sapMTableTH\")]/tr/th"}
COMMAND: GET /session/3097350609915d1f0d0e7f0005360ed5/screenshot - {}
RESULT: {"using":"xpath","value":"//thead[contains(@class, \"sapMTableTH\")]/tr/th"}
COMMAND: GET /session/3097350609915d1f0d0e7f0005360ed5/element/f.185E35FC6384979D85E72AD7E1746CD8.d.82C3015E8A3574B9821D644E37D03586.e.21678/text - {}
RESULT: {}
RESULT: {}
COMMAND: GET /session/3097350609915d1f0d0e7f0005360ed5/element/f.185E35FC6384979D85E72AD7E1746CD8.d.82C3015E8A3574B9821D644E37D03586.e.21679/text - {}
RESULT: {}
COMMAND: GET /session/3097350609915d1f0d0e7f0005360ed5/element/f.185E35FC6384979D85E72AD7E1746CD8.d.82C3015E8A3574B9821D644E37D03586.e.21072/text - {}
RESULT: {}
COMMAND: GET /session/3097350609915d1f0d0e7f0005360ed5/element/f.185E35FC6384979D85E72AD7E1746CD8.d.82C3015E8A3574B9821D644E37D03586.e.21074/text - {}
RESULT: {}
COMMAND: GET /session/3097350609915d1f0d0e7f0005360ed5/element/f.185E35FC6384979D85E72AD7E1746CD8.d.82C3015E8A3574B9821D644E37D03586.e.21788/text - {}
RESULT: {}
COMMAND: GET /session/3097350609915d1f0d0e7f0005360ed5/element/f.185E35FC6384979D85E72AD7E1746CD8.d.82C3015E8A3574B9821D644E37D03586.e.21789/text - {}
RESULT: {}
COMMAND: GET /session/3097350609915d1f0d0e7f0005360ed5/element/f.185E35FC6384979D85E72AD7E1746CD8.d.82C3015E8A3574B9821D644E37D03586.e.21790/text - {}
RESULT: {}
COMMAND: GET /session/3097350609915d1f0d0e7f0005360ed5/element/f.185E35FC6384979D85E72AD7E1746CD8.d.82C3015E8A3574B9821D644E37D03586.e.21791/text - {}
RESULT: {}
COMMAND: GET /session/3097350609915d1f0d0e7f0005360ed5/element/f.185E35FC6384979D85E72AD7E1746CD8.d.82C3015E8A3574B9821D644E37D03586.e.21792/text - {}
RESULT: {}
COMMAND: GET /session/3097350609915d1f0d0e7f0005360ed5/element/f.185E35FC6384979D85E72AD7E1746CD8.d.82C3015E8A3574B9821D644E37D03586.e.21793/text - {}
RESULT: {}
COMMAND: GET /session/3097350609915d1f0d0e7f0005360ed5/element/f.185E35FC6384979D85E72AD7E1746CD8.d.82C3015E8A3574B9821D644E37D03586.e.21794/text - {}
RESULT: {}
COMMAND: GET /session/3097350609915d1f0d0e7f0005360ed5/element/f.185E35FC6384979D85E72AD7E1746CD8.d.82C3015E8A3574B9821D644E37D03586.e.21795/text - {}
RESULT: {}
COMMAND: GET /session/3097350609915d1f0d0e7f0005360ed5/element/f.185E35FC6384979D85E72AD7E1746CD8.d.82C3015E8A3574B9821D644E37D03586.e.21796/text - {}
RESULT: {}
COMMAND: GET /session/3097350609915d1f0d0e7f0005360ed5/element/f.185E35FC6384979D85E72AD7E1746CD8.d.82C3015E8A3574B9821D644E37D03586.e.21075/text - {}
RESULT: {}
COMMAND: POST /session/3097350609915d1f0d0e7f0005360ed5/element - {"using":"xpath","value":"//tbody[contains(@id, \"customHandoversTable-tblBody\")]/tr[1]/td[14]/div/span"}
RESULT: {"using":"xpath","value":"//tbody[contains(@id, \"customHandoversTable-tblBody\")]/tr[1]/td[14]/div/span"}
COMMAND: POST /session/3097350609915d1f0d0e7f0005360ed5/execute/sync - {"script":"<script> [56 bytes]","args":[{"element-6066-11e4-a52e-4f735466cecf":"f.185E35FC6384979D85E72AD7E1746CD8.d.82C3015E8A3574B9821D644E37D03586.e.21837","ELEMENT":"f.185E35FC6384979D85E72AD7E1746CD8.d.82C3015E8A3574B9821D644E37D03586.e.21837"}]}
RESULT: {"script":"<script> [56 bytes]","args":[{"element-6066-11e4-a52e-4f735466cecf":"f.185E35FC6384979D85E72AD7E1746CD8.d.82C3015E8A3574B9821D644E37D03586.e.21837","ELEMENT":"f.185E35FC6384979D85E72AD7E1746CD8.d.82C3015E8A3574B9821D644E37D03586.e.21837"}]}
COMMAND: POST /session/3097350609915d1f0d0e7f0005360ed5/element - {"using":"css selector","value":"#shell-header-logo"}
COMMAND: GET /session/3097350609915d1f0d0e7f0005360ed5/screenshot - {}
RESULT: {"using":"css selector","value":"#shell-header-logo"}
COMMAND: POST /session/3097350609915d1f0d0e7f0005360ed5/element/f.185E35FC6384979D85E72AD7E1746CD8.d.82C3015E8A3574B9821D644E37D03586.e.20339/click - {}
RESULT: {}
RESULT: {}
COMMAND: GET /session/3097350609915d1f0d0e7f0005360ed5/screenshot - {}
RESULT: {}
]]></system-out>
    </testcase>
    <testcase classname="chrome.136_0_7103_93.windows.Billing_Calculation_-_Time_based_(considering_transport_times)_US139738" name="Should navigate to Manage Billings and trigger contract calculation business confirm it" time="59.674">
      <system-out><![CDATA[
COMMAND: POST /session/3097350609915d1f0d0e7f0005360ed5/execute/async - {"script":"<script> [1562 bytes]","args":[{"selector":{"controlType":"sap.m.GenericTile","properties":{"header":"Manage Billings"}},"wdio_ui5_key":"sapm.GenericTile{\"header\":\"Manage Billings\"}"}]}
RESULT: {"script":"<script> [1562 bytes]","args":[{"selector":{"controlType":"sap.m.GenericTile","properties":{"header":"Manage Billings"}},"wdio_ui5_key":"sapm.GenericTile{\"header\":\"Manage Billings\"}"}]}
RESULT: undefined
COMMAND: POST /session/3097350609915d1f0d0e7f0005360ed5/element - {"using":"xpath","value":"//*[@id=\"__tile51\"]"}
RESULT: {"using":"xpath","value":"//*[@id=\"__tile51\"]"}
COMMAND: POST /session/3097350609915d1f0d0e7f0005360ed5/element/f.185E35FC6384979D85E72AD7E1746CD8.d.82C3015E8A3574B9821D644E37D03586.e.18140/click - {}
RESULT: {}
COMMAND: GET /session/3097350609915d1f0d0e7f0005360ed5/screenshot - {}
RESULT: {}
COMMAND: POST /session/3097350609915d1f0d0e7f0005360ed5/elements - {"using":"xpath","value":"//span[text()='Error']"}
RESULT: {"using":"xpath","value":"//span[text()='Error']"}
COMMAND: POST /session/3097350609915d1f0d0e7f0005360ed5/execute/async - {"script":"<script> [1562 bytes]","args":[{"selector":{"id":"application-managebillings-display-component---billRunCalcResult--smartFilterBar-btnBasicSearch","interaction":{"idSuffix":"I"}},"wdio_ui5_key":"applicationmanagebillings-display-component---billRunCalcResult--smartFilterBar-btnBasicSearch"}]}
RESULT: {"script":"<script> [1562 bytes]","args":[{"selector":{"id":"application-managebillings-display-component---billRunCalcResult--smartFilterBar-btnBasicSearch","interaction":{"idSuffix":"I"}},"wdio_ui5_key":"applicationmanagebillings-display-component---billRunCalcResult--smartFilterBar-btnBasicSearch"}]}
RESULT: undefined
COMMAND: POST /session/3097350609915d1f0d0e7f0005360ed5/execute/async - {"script":"<script> [776 bytes]","args":[{"enterText":"10366","selector":{"id":"application-managebillings-display-component---billRunCalcResult--smartFilterBar-btnBasicSearch","interaction":{"idSuffix":"I"}},"clearTextFirst":true,"interactionType":"ENTER_TEXT"}]}
RESULT: {"script":"<script> [776 bytes]","args":[{"enterText":"10366","selector":{"id":"application-managebillings-display-component---billRunCalcResult--smartFilterBar-btnBasicSearch","interaction":{"idSuffix":"I"}},"clearTextFirst":true,"interactionType":"ENTER_TEXT"}]}
COMMAND: POST /session/3097350609915d1f0d0e7f0005360ed5/actions - {"actions":[{"id":"action80","type":"key","parameters":{},"actions":[{"type":"keyDown","value":"î€‡"},{"type":"pause","duration":10},{"type":"keyUp","value":"î€‡"}]}]}
RESULT: {"actions":[{"id":"action80","type":"key","parameters":{},"actions":[{"type":"keyDown","value":"î€‡"},{"type":"pause","duration":10},{"type":"keyUp","value":"î€‡"}]}]}
COMMAND: GET /session/3097350609915d1f0d0e7f0005360ed5/screenshot - {}
RESULT: {}
COMMAND: POST /session/3097350609915d1f0d0e7f0005360ed5/element - {"using":"xpath","value":"//td[@aria-colindex=\"1\"]/div/div[contains(@class, \"sapMCbBg\")]"}
RESULT: {"using":"xpath","value":"//td[@aria-colindex=\"1\"]/div/div[contains(@class, \"sapMCbBg\")]"}
COMMAND: POST /session/3097350609915d1f0d0e7f0005360ed5/element/f.185E35FC6384979D85E72AD7E1746CD8.d.82C3015E8A3574B9821D644E37D03586.e.22048/click - {}
RESULT: {}
COMMAND: GET /session/3097350609915d1f0d0e7f0005360ed5/screenshot - {}
RESULT: {}
COMMAND: POST /session/3097350609915d1f0d0e7f0005360ed5/execute/async - {"script":"<script> [1562 bytes]","args":[{"selector":{"id":"application-managebillings-display-component---billRunCalcResult--contractBillRunDate","interaction":{"idSuffix":"inner"}},"wdio_ui5_key":"applicationmanagebillings-display-component---billRunCalcResult--contractBillRunDate"}]}
RESULT: {"script":"<script> [1562 bytes]","args":[{"selector":{"id":"application-managebillings-display-component---billRunCalcResult--contractBillRunDate","interaction":{"idSuffix":"inner"}},"wdio_ui5_key":"applicationmanagebillings-display-component---billRunCalcResult--contractBillRunDate"}]}
RESULT: undefined
COMMAND: POST /session/3097350609915d1f0d0e7f0005360ed5/execute/async - {"script":"<script> [776 bytes]","args":[{"enterText":"5/18/25","selector":{"id":"application-managebillings-display-component---billRunCalcResult--contractBillRunDate","interaction":{"idSuffix":"inner"}},"clearTextFirst":true,"interactionType":"ENTER_TEXT"}]}
RESULT: {"script":"<script> [776 bytes]","args":[{"enterText":"5/18/25","selector":{"id":"application-managebillings-display-component---billRunCalcResult--contractBillRunDate","interaction":{"idSuffix":"inner"}},"clearTextFirst":true,"interactionType":"ENTER_TEXT"}]}
COMMAND: POST /session/3097350609915d1f0d0e7f0005360ed5/element - {"using":"xpath","value":"//bdi[contains(text(), \"Trigger Calculation\")]"}
RESULT: {"using":"xpath","value":"//bdi[contains(text(), \"Trigger Calculation\")]"}
COMMAND: POST /session/3097350609915d1f0d0e7f0005360ed5/element/f.185E35FC6384979D85E72AD7E1746CD8.d.82C3015E8A3574B9821D644E37D03586.e.22098/click - {}
RESULT: {}
COMMAND: GET /session/3097350609915d1f0d0e7f0005360ed5/screenshot - {}
RESULT: {}
COMMAND: POST /session/3097350609915d1f0d0e7f0005360ed5/element - {"using":"xpath","value":"(//span[contains(@id, \"imgNav\")])[1]"}
RESULT: {"using":"xpath","value":"(//span[contains(@id, \"imgNav\")])[1]"}
COMMAND: POST /session/3097350609915d1f0d0e7f0005360ed5/element/f.185E35FC6384979D85E72AD7E1746CD8.d.82C3015E8A3574B9821D644E37D03586.e.22049/click - {}
RESULT: {}
COMMAND: GET /session/3097350609915d1f0d0e7f0005360ed5/screenshot - {}
RESULT: {}
COMMAND: POST /session/3097350609915d1f0d0e7f0005360ed5/element - {"using":"xpath","value":"//tr/td[6]/div[1]/span[1]/span[1]"}
RESULT: {"using":"xpath","value":"//tr/td[6]/div[1]/span[1]/span[1]"}
COMMAND: GET /session/3097350609915d1f0d0e7f0005360ed5/element/f.185E35FC6384979D85E72AD7E1746CD8.d.82C3015E8A3574B9821D644E37D03586.e.22102/text - {}
RESULT: {}
COMMAND: POST /session/3097350609915d1f0d0e7f0005360ed5/element - {"using":"xpath","value":"(//span[contains(@id, \"imgNav\")])[2]"}
RESULT: {"using":"xpath","value":"(//span[contains(@id, \"imgNav\")])[2]"}
COMMAND: POST /session/3097350609915d1f0d0e7f0005360ed5/element/f.185E35FC6384979D85E72AD7E1746CD8.d.82C3015E8A3574B9821D644E37D03586.e.22103/click - {}
RESULT: {}
COMMAND: POST /session/3097350609915d1f0d0e7f0005360ed5/element - {"using":"xpath","value":"//bdi[contains(text(), \"Business Confirm\")]"}
COMMAND: GET /session/3097350609915d1f0d0e7f0005360ed5/screenshot - {}
RESULT: {"using":"xpath","value":"//bdi[contains(text(), \"Business Confirm\")]"}
COMMAND: POST /session/3097350609915d1f0d0e7f0005360ed5/elements - {"using":"xpath","value":"//bdi[contains(text(), \"Business Confirm\")]"}
RESULT: {}
RESULT: {"using":"xpath","value":"//bdi[contains(text(), \"Business Confirm\")]"}
COMMAND: POST /session/3097350609915d1f0d0e7f0005360ed5/element - {"using":"xpath","value":"//bdi[contains(text(), \"Business Confirm\")]"}
RESULT: {"using":"xpath","value":"//bdi[contains(text(), \"Business Confirm\")]"}
COMMAND: POST /session/3097350609915d1f0d0e7f0005360ed5/element/f.185E35FC6384979D85E72AD7E1746CD8.d.82C3015E8A3574B9821D644E37D03586.e.22156/click - {}
RESULT: {}
COMMAND: POST /session/3097350609915d1f0d0e7f0005360ed5/element - {"using":"css selector","value":"#shell-header-logo"}
COMMAND: GET /session/3097350609915d1f0d0e7f0005360ed5/screenshot - {}
RESULT: {"using":"css selector","value":"#shell-header-logo"}
COMMAND: POST /session/3097350609915d1f0d0e7f0005360ed5/element/f.185E35FC6384979D85E72AD7E1746CD8.d.82C3015E8A3574B9821D644E37D03586.e.21841/click - {}
RESULT: {}
RESULT: {}
COMMAND: GET /session/3097350609915d1f0d0e7f0005360ed5/screenshot - {}
RESULT: {}
]]></system-out>
    </testcase>
    <testcase classname="chrome.136_0_7103_93.windows.Billing_Calculation_-_Time_based_(considering_transport_times)_US139738" name="Should transfer the billing all the way to completion" time="87.81">
      <system-out><![CDATA[
COMMAND: POST /session/3097350609915d1f0d0e7f0005360ed5/execute/async - {"script":"<script> [1562 bytes]","args":[{"selector":{"controlType":"sap.m.GenericTile","properties":{"header":"Billing Transfer"}},"wdio_ui5_key":"sapm.GenericTile{\"header\":\"Billing Transfer\"}"}]}
RESULT: {"script":"<script> [1562 bytes]","args":[{"selector":{"controlType":"sap.m.GenericTile","properties":{"header":"Billing Transfer"}},"wdio_ui5_key":"sapm.GenericTile{\"header\":\"Billing Transfer\"}"}]}
RESULT: undefined
COMMAND: POST /session/3097350609915d1f0d0e7f0005360ed5/element - {"using":"xpath","value":"//*[@id=\"__tile50\"]"}
RESULT: {"using":"xpath","value":"//*[@id=\"__tile50\"]"}
COMMAND: POST /session/3097350609915d1f0d0e7f0005360ed5/element/f.185E35FC6384979D85E72AD7E1746CD8.d.82C3015E8A3574B9821D644E37D03586.e.18138/click - {}
RESULT: {}
COMMAND: GET /session/3097350609915d1f0d0e7f0005360ed5/screenshot - {}
RESULT: {}
COMMAND: POST /session/3097350609915d1f0d0e7f0005360ed5/elements - {"using":"xpath","value":"//span[text()='Error']"}
RESULT: {"using":"xpath","value":"//span[text()='Error']"}
COMMAND: POST /session/3097350609915d1f0d0e7f0005360ed5/element - {"using":"xpath","value":"//input[contains(@id ,\"application-billingtransfer-display-component---billingWorkbench--smartFilterBar-btnBasicSearch\")]"}
RESULT: {"using":"xpath","value":"//input[contains(@id ,\"application-billingtransfer-display-component---billingWorkbench--smartFilterBar-btnBasicSearch\")]"}
COMMAND: POST /session/3097350609915d1f0d0e7f0005360ed5/elements - {"using":"xpath","value":"//input[contains(@id ,\"application-billingtransfer-display-component---billingWorkbench--smartFilterBar-btnBasicSearch\")]"}
RESULT: {"using":"xpath","value":"//input[contains(@id ,\"application-billingtransfer-display-component---billingWorkbench--smartFilterBar-btnBasicSearch\")]"}
COMMAND: POST /session/3097350609915d1f0d0e7f0005360ed5/execute/sync - {"script":"<script> [8489 bytes]","args":[{"element-6066-11e4-a52e-4f735466cecf":"f.185E35FC6384979D85E72AD7E1746CD8.d.82C3015E8A3574B9821D644E37D03586.e.22185","ELEMENT":"f.185E35FC6384979D85E72AD7E1746CD8.d.82C3015E8A3574B9821D644E37D03586.e.22185"}]}
RESULT: {"script":"<script> [8489 bytes]","args":[{"element-6066-11e4-a52e-4f735466cecf":"f.185E35FC6384979D85E72AD7E1746CD8.d.82C3015E8A3574B9821D644E37D03586.e.22185","ELEMENT":"f.185E35FC6384979D85E72AD7E1746CD8.d.82C3015E8A3574B9821D644E37D03586.e.22185"}]}
COMMAND: GET /session/3097350609915d1f0d0e7f0005360ed5/element/f.185E35FC6384979D85E72AD7E1746CD8.d.82C3015E8A3574B9821D644E37D03586.e.22185/enabled - {}
COMMAND: GET /session/3097350609915d1f0d0e7f0005360ed5/screenshot - {}
RESULT: {}
COMMAND: POST /session/3097350609915d1f0d0e7f0005360ed5/element/f.185E35FC6384979D85E72AD7E1746CD8.d.82C3015E8A3574B9821D644E37D03586.e.22185/click - {}
COMMAND: GET /session/3097350609915d1f0d0e7f0005360ed5/screenshot - {}
RESULT: {}
RESULT: {}
COMMAND: GET /session/3097350609915d1f0d0e7f0005360ed5/screenshot - {}
RESULT: {}
RESULT: {}
COMMAND: POST /session/3097350609915d1f0d0e7f0005360ed5/element/f.185E35FC6384979D85E72AD7E1746CD8.d.82C3015E8A3574B9821D644E37D03586.e.22185/clear - {}
RESULT: {}
COMMAND: POST /session/3097350609915d1f0d0e7f0005360ed5/element/f.185E35FC6384979D85E72AD7E1746CD8.d.82C3015E8A3574B9821D644E37D03586.e.22185/value - {"text":"10366"}
COMMAND: GET /session/3097350609915d1f0d0e7f0005360ed5/screenshot - {}
RESULT: {"text":"10366"}
COMMAND: POST /session/3097350609915d1f0d0e7f0005360ed5/actions - {"actions":[{"id":"action81","type":"key","parameters":{},"actions":[{"type":"keyDown","value":"î€‡"},{"type":"pause","duration":10},{"type":"keyUp","value":"î€‡"}]}]}
COMMAND: GET /session/3097350609915d1f0d0e7f0005360ed5/screenshot - {}
RESULT: {}
RESULT: {"actions":[{"id":"action81","type":"key","parameters":{},"actions":[{"type":"keyDown","value":"î€‡"},{"type":"pause","duration":10},{"type":"keyUp","value":"î€‡"}]}]}
COMMAND: GET /session/3097350609915d1f0d0e7f0005360ed5/screenshot - {}
RESULT: {}
RESULT: {}
COMMAND: POST /session/3097350609915d1f0d0e7f0005360ed5/element - {"using":"xpath","value":"//span[contains(@id ,\"application-billingtransfer-display-component---billingWorkbench--smartTableBillingRuns-header-inner\")]"}
RESULT: {"using":"xpath","value":"//span[contains(@id ,\"application-billingtransfer-display-component---billingWorkbench--smartTableBillingRuns-header-inner\")]"}
COMMAND: POST /session/3097350609915d1f0d0e7f0005360ed5/elements - {"using":"xpath","value":"//span[contains(@id ,\"application-billingtransfer-display-component---billingWorkbench--smartTableBillingRuns-header-inner\")]"}
RESULT: {"using":"xpath","value":"//span[contains(@id ,\"application-billingtransfer-display-component---billingWorkbench--smartTableBillingRuns-header-inner\")]"}
COMMAND: POST /session/3097350609915d1f0d0e7f0005360ed5/execute/sync - {"script":"<script> [56 bytes]","args":[{"element-6066-11e4-a52e-4f735466cecf":"f.185E35FC6384979D85E72AD7E1746CD8.d.82C3015E8A3574B9821D644E37D03586.e.22353","ELEMENT":"f.185E35FC6384979D85E72AD7E1746CD8.d.82C3015E8A3574B9821D644E37D03586.e.22353"}]}
RESULT: {"script":"<script> [56 bytes]","args":[{"element-6066-11e4-a52e-4f735466cecf":"f.185E35FC6384979D85E72AD7E1746CD8.d.82C3015E8A3574B9821D644E37D03586.e.22353","ELEMENT":"f.185E35FC6384979D85E72AD7E1746CD8.d.82C3015E8A3574B9821D644E37D03586.e.22353"}]}
COMMAND: POST /session/3097350609915d1f0d0e7f0005360ed5/element - {"using":"xpath","value":"//td[@aria-colindex=\"1\"]/div/div[contains(@class, \"sapMCbBg\")]"}
COMMAND: GET /session/3097350609915d1f0d0e7f0005360ed5/screenshot - {}
RESULT: {"using":"xpath","value":"//td[@aria-colindex=\"1\"]/div/div[contains(@class, \"sapMCbBg\")]"}
COMMAND: POST /session/3097350609915d1f0d0e7f0005360ed5/element/f.185E35FC6384979D85E72AD7E1746CD8.d.82C3015E8A3574B9821D644E37D03586.e.22344/click - {}
RESULT: {}
RESULT: {}
COMMAND: GET /session/3097350609915d1f0d0e7f0005360ed5/screenshot - {}
RESULT: {}
COMMAND: POST /session/3097350609915d1f0d0e7f0005360ed5/element - {"using":"xpath","value":"//bdi[contains(text(), \"Check\")]"}
RESULT: {"using":"xpath","value":"//bdi[contains(text(), \"Check\")]"}
COMMAND: POST /session/3097350609915d1f0d0e7f0005360ed5/element/f.185E35FC6384979D85E72AD7E1746CD8.d.82C3015E8A3574B9821D644E37D03586.e.22354/click - {}
RESULT: {}
COMMAND: GET /session/3097350609915d1f0d0e7f0005360ed5/screenshot - {}
RESULT: {}
COMMAND: POST /session/3097350609915d1f0d0e7f0005360ed5/element - {"using":"xpath","value":"//bdi[contains(text(), \"OK\")]"}
RESULT: {"using":"xpath","value":"//bdi[contains(text(), \"OK\")]"}
COMMAND: POST /session/3097350609915d1f0d0e7f0005360ed5/element/f.185E35FC6384979D85E72AD7E1746CD8.d.82C3015E8A3574B9821D644E37D03586.e.22358/click - {}
RESULT: {}
COMMAND: GET /session/3097350609915d1f0d0e7f0005360ed5/screenshot - {}
RESULT: {}
COMMAND: POST /session/3097350609915d1f0d0e7f0005360ed5/element - {"using":"xpath","value":"(//span[contains(text(), \"CO/SD checked\")]/parent::div/preceding-sibling::div/span)[1]"}
RESULT: {"using":"xpath","value":"(//span[contains(text(), \"CO/SD checked\")]/parent::div/preceding-sibling::div/span)[1]"}
COMMAND: POST /session/3097350609915d1f0d0e7f0005360ed5/element/f.185E35FC6384979D85E72AD7E1746CD8.d.82C3015E8A3574B9821D644E37D03586.e.22359/click - {}
RESULT: {}
COMMAND: GET /session/3097350609915d1f0d0e7f0005360ed5/screenshot - {}
RESULT: {}
COMMAND: POST /session/3097350609915d1f0d0e7f0005360ed5/element - {"using":"xpath","value":"//input[contains(@id ,\"application-billingtransfer-display-component---billingWorkbench--smartFilterBar-btnBasicSearch\")]"}
RESULT: {"using":"xpath","value":"//input[contains(@id ,\"application-billingtransfer-display-component---billingWorkbench--smartFilterBar-btnBasicSearch\")]"}
COMMAND: POST /session/3097350609915d1f0d0e7f0005360ed5/elements - {"using":"xpath","value":"//input[contains(@id ,\"application-billingtransfer-display-component---billingWorkbench--smartFilterBar-btnBasicSearch\")]"}
RESULT: {"using":"xpath","value":"//input[contains(@id ,\"application-billingtransfer-display-component---billingWorkbench--smartFilterBar-btnBasicSearch\")]"}
COMMAND: POST /session/3097350609915d1f0d0e7f0005360ed5/execute/sync - {"script":"<script> [8489 bytes]","args":[{"element-6066-11e4-a52e-4f735466cecf":"f.185E35FC6384979D85E72AD7E1746CD8.d.82C3015E8A3574B9821D644E37D03586.e.22185","ELEMENT":"f.185E35FC6384979D85E72AD7E1746CD8.d.82C3015E8A3574B9821D644E37D03586.e.22185"}]}
RESULT: {"script":"<script> [8489 bytes]","args":[{"element-6066-11e4-a52e-4f735466cecf":"f.185E35FC6384979D85E72AD7E1746CD8.d.82C3015E8A3574B9821D644E37D03586.e.22185","ELEMENT":"f.185E35FC6384979D85E72AD7E1746CD8.d.82C3015E8A3574B9821D644E37D03586.e.22185"}]}
COMMAND: GET /session/3097350609915d1f0d0e7f0005360ed5/element/f.185E35FC6384979D85E72AD7E1746CD8.d.82C3015E8A3574B9821D644E37D03586.e.22185/enabled - {}
COMMAND: GET /session/3097350609915d1f0d0e7f0005360ed5/screenshot - {}
RESULT: {}
COMMAND: POST /session/3097350609915d1f0d0e7f0005360ed5/element/f.185E35FC6384979D85E72AD7E1746CD8.d.82C3015E8A3574B9821D644E37D03586.e.22185/click - {}
COMMAND: GET /session/3097350609915d1f0d0e7f0005360ed5/screenshot - {}
RESULT: {}
RESULT: {}
COMMAND: GET /session/3097350609915d1f0d0e7f0005360ed5/screenshot - {}
RESULT: {}
RESULT: {}
COMMAND: POST /session/3097350609915d1f0d0e7f0005360ed5/element/f.185E35FC6384979D85E72AD7E1746CD8.d.82C3015E8A3574B9821D644E37D03586.e.22185/clear - {}
RESULT: {}
COMMAND: POST /session/3097350609915d1f0d0e7f0005360ed5/element/f.185E35FC6384979D85E72AD7E1746CD8.d.82C3015E8A3574B9821D644E37D03586.e.22185/value - {"text":"10366"}
COMMAND: GET /session/3097350609915d1f0d0e7f0005360ed5/screenshot - {}
RESULT: {"text":"10366"}
COMMAND: POST /session/3097350609915d1f0d0e7f0005360ed5/actions - {"actions":[{"id":"action82","type":"key","parameters":{},"actions":[{"type":"keyDown","value":"î€‡"},{"type":"pause","duration":10},{"type":"keyUp","value":"î€‡"}]}]}
COMMAND: GET /session/3097350609915d1f0d0e7f0005360ed5/screenshot - {}
RESULT: {}
RESULT: {"actions":[{"id":"action82","type":"key","parameters":{},"actions":[{"type":"keyDown","value":"î€‡"},{"type":"pause","duration":10},{"type":"keyUp","value":"î€‡"}]}]}
COMMAND: GET /session/3097350609915d1f0d0e7f0005360ed5/screenshot - {}
RESULT: {}
RESULT: {}
COMMAND: POST /session/3097350609915d1f0d0e7f0005360ed5/element - {"using":"xpath","value":"//span[contains(@id ,\"application-billingtransfer-display-component---billingWorkbench--smartTableBillingRuns-header-inner\")]"}
RESULT: {"using":"xpath","value":"//span[contains(@id ,\"application-billingtransfer-display-component---billingWorkbench--smartTableBillingRuns-header-inner\")]"}
COMMAND: POST /session/3097350609915d1f0d0e7f0005360ed5/elements - {"using":"xpath","value":"//span[contains(@id ,\"application-billingtransfer-display-component---billingWorkbench--smartTableBillingRuns-header-inner\")]"}
RESULT: {"using":"xpath","value":"//span[contains(@id ,\"application-billingtransfer-display-component---billingWorkbench--smartTableBillingRuns-header-inner\")]"}
COMMAND: POST /session/3097350609915d1f0d0e7f0005360ed5/execute/sync - {"script":"<script> [56 bytes]","args":[{"element-6066-11e4-a52e-4f735466cecf":"f.185E35FC6384979D85E72AD7E1746CD8.d.82C3015E8A3574B9821D644E37D03586.e.22353","ELEMENT":"f.185E35FC6384979D85E72AD7E1746CD8.d.82C3015E8A3574B9821D644E37D03586.e.22353"}]}
RESULT: {"script":"<script> [56 bytes]","args":[{"element-6066-11e4-a52e-4f735466cecf":"f.185E35FC6384979D85E72AD7E1746CD8.d.82C3015E8A3574B9821D644E37D03586.e.22353","ELEMENT":"f.185E35FC6384979D85E72AD7E1746CD8.d.82C3015E8A3574B9821D644E37D03586.e.22353"}]}
COMMAND: GET /session/3097350609915d1f0d0e7f0005360ed5/screenshot - {}
RESULT: {}
COMMAND: POST /session/3097350609915d1f0d0e7f0005360ed5/execute/sync - {"script":"<script> [56 bytes]","args":[{"element-6066-11e4-a52e-4f735466cecf":"f.185E35FC6384979D85E72AD7E1746CD8.d.82C3015E8A3574B9821D644E37D03586.e.22353","ELEMENT":"f.185E35FC6384979D85E72AD7E1746CD8.d.82C3015E8A3574B9821D644E37D03586.e.22353"}]}
RESULT: {"script":"<script> [56 bytes]","args":[{"element-6066-11e4-a52e-4f735466cecf":"f.185E35FC6384979D85E72AD7E1746CD8.d.82C3015E8A3574B9821D644E37D03586.e.22353","ELEMENT":"f.185E35FC6384979D85E72AD7E1746CD8.d.82C3015E8A3574B9821D644E37D03586.e.22353"}]}
COMMAND: GET /session/3097350609915d1f0d0e7f0005360ed5/screenshot - {}
RESULT: {}
COMMAND: POST /session/3097350609915d1f0d0e7f0005360ed5/execute/sync - {"script":"<script> [56 bytes]","args":[{"element-6066-11e4-a52e-4f735466cecf":"f.185E35FC6384979D85E72AD7E1746CD8.d.82C3015E8A3574B9821D644E37D03586.e.22353","ELEMENT":"f.185E35FC6384979D85E72AD7E1746CD8.d.82C3015E8A3574B9821D644E37D03586.e.22353"}]}
RESULT: {"script":"<script> [56 bytes]","args":[{"element-6066-11e4-a52e-4f735466cecf":"f.185E35FC6384979D85E72AD7E1746CD8.d.82C3015E8A3574B9821D644E37D03586.e.22353","ELEMENT":"f.185E35FC6384979D85E72AD7E1746CD8.d.82C3015E8A3574B9821D644E37D03586.e.22353"}]}
COMMAND: GET /session/3097350609915d1f0d0e7f0005360ed5/screenshot - {}
RESULT: {}
COMMAND: POST /session/3097350609915d1f0d0e7f0005360ed5/execute/sync - {"script":"<script> [56 bytes]","args":[{"element-6066-11e4-a52e-4f735466cecf":"f.185E35FC6384979D85E72AD7E1746CD8.d.82C3015E8A3574B9821D644E37D03586.e.22353","ELEMENT":"f.185E35FC6384979D85E72AD7E1746CD8.d.82C3015E8A3574B9821D644E37D03586.e.22353"}]}
RESULT: {"script":"<script> [56 bytes]","args":[{"element-6066-11e4-a52e-4f735466cecf":"f.185E35FC6384979D85E72AD7E1746CD8.d.82C3015E8A3574B9821D644E37D03586.e.22353","ELEMENT":"f.185E35FC6384979D85E72AD7E1746CD8.d.82C3015E8A3574B9821D644E37D03586.e.22353"}]}
COMMAND: GET /session/3097350609915d1f0d0e7f0005360ed5/screenshot - {}
RESULT: {}
COMMAND: POST /session/3097350609915d1f0d0e7f0005360ed5/execute/sync - {"script":"<script> [56 bytes]","args":[{"element-6066-11e4-a52e-4f735466cecf":"f.185E35FC6384979D85E72AD7E1746CD8.d.82C3015E8A3574B9821D644E37D03586.e.22353","ELEMENT":"f.185E35FC6384979D85E72AD7E1746CD8.d.82C3015E8A3574B9821D644E37D03586.e.22353"}]}
RESULT: {"script":"<script> [56 bytes]","args":[{"element-6066-11e4-a52e-4f735466cecf":"f.185E35FC6384979D85E72AD7E1746CD8.d.82C3015E8A3574B9821D644E37D03586.e.22353","ELEMENT":"f.185E35FC6384979D85E72AD7E1746CD8.d.82C3015E8A3574B9821D644E37D03586.e.22353"}]}
COMMAND: GET /session/3097350609915d1f0d0e7f0005360ed5/screenshot - {}
RESULT: {}
COMMAND: POST /session/3097350609915d1f0d0e7f0005360ed5/execute/sync - {"script":"<script> [56 bytes]","args":[{"element-6066-11e4-a52e-4f735466cecf":"f.185E35FC6384979D85E72AD7E1746CD8.d.82C3015E8A3574B9821D644E37D03586.e.22353","ELEMENT":"f.185E35FC6384979D85E72AD7E1746CD8.d.82C3015E8A3574B9821D644E37D03586.e.22353"}]}
RESULT: {"script":"<script> [56 bytes]","args":[{"element-6066-11e4-a52e-4f735466cecf":"f.185E35FC6384979D85E72AD7E1746CD8.d.82C3015E8A3574B9821D644E37D03586.e.22353","ELEMENT":"f.185E35FC6384979D85E72AD7E1746CD8.d.82C3015E8A3574B9821D644E37D03586.e.22353"}]}
COMMAND: GET /session/3097350609915d1f0d0e7f0005360ed5/screenshot - {}
COMMAND: POST /session/3097350609915d1f0d0e7f0005360ed5/execute/sync - {"script":"<script> [56 bytes]","args":[{"element-6066-11e4-a52e-4f735466cecf":"f.185E35FC6384979D85E72AD7E1746CD8.d.82C3015E8A3574B9821D644E37D03586.e.22353","ELEMENT":"f.185E35FC6384979D85E72AD7E1746CD8.d.82C3015E8A3574B9821D644E37D03586.e.22353"}]}
RESULT: {}
RESULT: {"script":"<script> [56 bytes]","args":[{"element-6066-11e4-a52e-4f735466cecf":"f.185E35FC6384979D85E72AD7E1746CD8.d.82C3015E8A3574B9821D644E37D03586.e.22353","ELEMENT":"f.185E35FC6384979D85E72AD7E1746CD8.d.82C3015E8A3574B9821D644E37D03586.e.22353"}]}
COMMAND: GET /session/3097350609915d1f0d0e7f0005360ed5/screenshot - {}
RESULT: {}
COMMAND: POST /session/3097350609915d1f0d0e7f0005360ed5/execute/sync - {"script":"<script> [56 bytes]","args":[{"element-6066-11e4-a52e-4f735466cecf":"f.185E35FC6384979D85E72AD7E1746CD8.d.82C3015E8A3574B9821D644E37D03586.e.22353","ELEMENT":"f.185E35FC6384979D85E72AD7E1746CD8.d.82C3015E8A3574B9821D644E37D03586.e.22353"}]}
RESULT: {"script":"<script> [56 bytes]","args":[{"element-6066-11e4-a52e-4f735466cecf":"f.185E35FC6384979D85E72AD7E1746CD8.d.82C3015E8A3574B9821D644E37D03586.e.22353","ELEMENT":"f.185E35FC6384979D85E72AD7E1746CD8.d.82C3015E8A3574B9821D644E37D03586.e.22353"}]}
COMMAND: GET /session/3097350609915d1f0d0e7f0005360ed5/screenshot - {}
RESULT: {}
COMMAND: POST /session/3097350609915d1f0d0e7f0005360ed5/execute/sync - {"script":"<script> [56 bytes]","args":[{"element-6066-11e4-a52e-4f735466cecf":"f.185E35FC6384979D85E72AD7E1746CD8.d.82C3015E8A3574B9821D644E37D03586.e.22353","ELEMENT":"f.185E35FC6384979D85E72AD7E1746CD8.d.82C3015E8A3574B9821D644E37D03586.e.22353"}]}
RESULT: {"script":"<script> [56 bytes]","args":[{"element-6066-11e4-a52e-4f735466cecf":"f.185E35FC6384979D85E72AD7E1746CD8.d.82C3015E8A3574B9821D644E37D03586.e.22353","ELEMENT":"f.185E35FC6384979D85E72AD7E1746CD8.d.82C3015E8A3574B9821D644E37D03586.e.22353"}]}
COMMAND: GET /session/3097350609915d1f0d0e7f0005360ed5/screenshot - {}
RESULT: {}
COMMAND: POST /session/3097350609915d1f0d0e7f0005360ed5/execute/sync - {"script":"<script> [56 bytes]","args":[{"element-6066-11e4-a52e-4f735466cecf":"f.185E35FC6384979D85E72AD7E1746CD8.d.82C3015E8A3574B9821D644E37D03586.e.22353","ELEMENT":"f.185E35FC6384979D85E72AD7E1746CD8.d.82C3015E8A3574B9821D644E37D03586.e.22353"}]}
RESULT: {"script":"<script> [56 bytes]","args":[{"element-6066-11e4-a52e-4f735466cecf":"f.185E35FC6384979D85E72AD7E1746CD8.d.82C3015E8A3574B9821D644E37D03586.e.22353","ELEMENT":"f.185E35FC6384979D85E72AD7E1746CD8.d.82C3015E8A3574B9821D644E37D03586.e.22353"}]}
COMMAND: GET /session/3097350609915d1f0d0e7f0005360ed5/screenshot - {}
RESULT: {}
COMMAND: POST /session/3097350609915d1f0d0e7f0005360ed5/execute/sync - {"script":"<script> [56 bytes]","args":[{"element-6066-11e4-a52e-4f735466cecf":"f.185E35FC6384979D85E72AD7E1746CD8.d.82C3015E8A3574B9821D644E37D03586.e.22353","ELEMENT":"f.185E35FC6384979D85E72AD7E1746CD8.d.82C3015E8A3574B9821D644E37D03586.e.22353"}]}
RESULT: {"script":"<script> [56 bytes]","args":[{"element-6066-11e4-a52e-4f735466cecf":"f.185E35FC6384979D85E72AD7E1746CD8.d.82C3015E8A3574B9821D644E37D03586.e.22353","ELEMENT":"f.185E35FC6384979D85E72AD7E1746CD8.d.82C3015E8A3574B9821D644E37D03586.e.22353"}]}
COMMAND: GET /session/3097350609915d1f0d0e7f0005360ed5/screenshot - {}
RESULT: {}
COMMAND: POST /session/3097350609915d1f0d0e7f0005360ed5/execute/sync - {"script":"<script> [56 bytes]","args":[{"element-6066-11e4-a52e-4f735466cecf":"f.185E35FC6384979D85E72AD7E1746CD8.d.82C3015E8A3574B9821D644E37D03586.e.22353","ELEMENT":"f.185E35FC6384979D85E72AD7E1746CD8.d.82C3015E8A3574B9821D644E37D03586.e.22353"}]}
RESULT: {"script":"<script> [56 bytes]","args":[{"element-6066-11e4-a52e-4f735466cecf":"f.185E35FC6384979D85E72AD7E1746CD8.d.82C3015E8A3574B9821D644E37D03586.e.22353","ELEMENT":"f.185E35FC6384979D85E72AD7E1746CD8.d.82C3015E8A3574B9821D644E37D03586.e.22353"}]}
COMMAND: GET /session/3097350609915d1f0d0e7f0005360ed5/screenshot - {}
RESULT: {}
COMMAND: POST /session/3097350609915d1f0d0e7f0005360ed5/execute/sync - {"script":"<script> [56 bytes]","args":[{"element-6066-11e4-a52e-4f735466cecf":"f.185E35FC6384979D85E72AD7E1746CD8.d.82C3015E8A3574B9821D644E37D03586.e.22353","ELEMENT":"f.185E35FC6384979D85E72AD7E1746CD8.d.82C3015E8A3574B9821D644E37D03586.e.22353"}]}
RESULT: {"script":"<script> [56 bytes]","args":[{"element-6066-11e4-a52e-4f735466cecf":"f.185E35FC6384979D85E72AD7E1746CD8.d.82C3015E8A3574B9821D644E37D03586.e.22353","ELEMENT":"f.185E35FC6384979D85E72AD7E1746CD8.d.82C3015E8A3574B9821D644E37D03586.e.22353"}]}
COMMAND: POST /session/3097350609915d1f0d0e7f0005360ed5/element - {"using":"xpath","value":"//td[@aria-colindex=\"1\"]/div/div[contains(@class, \"sapMCbBg\")]"}
COMMAND: GET /session/3097350609915d1f0d0e7f0005360ed5/screenshot - {}
RESULT: {"using":"xpath","value":"//td[@aria-colindex=\"1\"]/div/div[contains(@class, \"sapMCbBg\")]"}
COMMAND: POST /session/3097350609915d1f0d0e7f0005360ed5/element/f.185E35FC6384979D85E72AD7E1746CD8.d.82C3015E8A3574B9821D644E37D03586.e.22362/click - {}
RESULT: {}
RESULT: {}
COMMAND: GET /session/3097350609915d1f0d0e7f0005360ed5/screenshot - {}
RESULT: {}
COMMAND: POST /session/3097350609915d1f0d0e7f0005360ed5/element - {"using":"xpath","value":"//bdi[text()=\"Transfer\"]"}
RESULT: {"using":"xpath","value":"//bdi[text()=\"Transfer\"]"}
COMMAND: POST /session/3097350609915d1f0d0e7f0005360ed5/element/f.185E35FC6384979D85E72AD7E1746CD8.d.82C3015E8A3574B9821D644E37D03586.e.22363/click - {}
RESULT: {}
COMMAND: GET /session/3097350609915d1f0d0e7f0005360ed5/screenshot - {}
RESULT: {}
COMMAND: POST /session/3097350609915d1f0d0e7f0005360ed5/element - {"using":"xpath","value":"//bdi[contains(text(), \"OK\")]"}
RESULT: {"using":"xpath","value":"//bdi[contains(text(), \"OK\")]"}
COMMAND: POST /session/3097350609915d1f0d0e7f0005360ed5/element/f.185E35FC6384979D85E72AD7E1746CD8.d.82C3015E8A3574B9821D644E37D03586.e.22366/click - {}
RESULT: {}
COMMAND: GET /session/3097350609915d1f0d0e7f0005360ed5/screenshot - {}
RESULT: {}
COMMAND: POST /session/3097350609915d1f0d0e7f0005360ed5/element - {"using":"xpath","value":"(//span[contains(text(), \"Completed\")]/parent::div/preceding-sibling::div/span)[1]"}
RESULT: {"using":"xpath","value":"(//span[contains(text(), \"Completed\")]/parent::div/preceding-sibling::div/span)[1]"}
COMMAND: POST /session/3097350609915d1f0d0e7f0005360ed5/element/f.185E35FC6384979D85E72AD7E1746CD8.d.82C3015E8A3574B9821D644E37D03586.e.22374/click - {}
RESULT: {}
COMMAND: POST /session/3097350609915d1f0d0e7f0005360ed5/element - {"using":"xpath","value":"//input[contains(@id ,\"application-billingtransfer-display-component---billingWorkbench--smartFilterBar-btnBasicSearch\")]"}
COMMAND: GET /session/3097350609915d1f0d0e7f0005360ed5/screenshot - {}
RESULT: {"using":"xpath","value":"//input[contains(@id ,\"application-billingtransfer-display-component---billingWorkbench--smartFilterBar-btnBasicSearch\")]"}
COMMAND: POST /session/3097350609915d1f0d0e7f0005360ed5/elements - {"using":"xpath","value":"//input[contains(@id ,\"application-billingtransfer-display-component---billingWorkbench--smartFilterBar-btnBasicSearch\")]"}
RESULT: {}
RESULT: {"using":"xpath","value":"//input[contains(@id ,\"application-billingtransfer-display-component---billingWorkbench--smartFilterBar-btnBasicSearch\")]"}
COMMAND: POST /session/3097350609915d1f0d0e7f0005360ed5/execute/sync - {"script":"<script> [8489 bytes]","args":[{"element-6066-11e4-a52e-4f735466cecf":"f.185E35FC6384979D85E72AD7E1746CD8.d.82C3015E8A3574B9821D644E37D03586.e.22185","ELEMENT":"f.185E35FC6384979D85E72AD7E1746CD8.d.82C3015E8A3574B9821D644E37D03586.e.22185"}]}
RESULT: {"script":"<script> [8489 bytes]","args":[{"element-6066-11e4-a52e-4f735466cecf":"f.185E35FC6384979D85E72AD7E1746CD8.d.82C3015E8A3574B9821D644E37D03586.e.22185","ELEMENT":"f.185E35FC6384979D85E72AD7E1746CD8.d.82C3015E8A3574B9821D644E37D03586.e.22185"}]}
COMMAND: GET /session/3097350609915d1f0d0e7f0005360ed5/element/f.185E35FC6384979D85E72AD7E1746CD8.d.82C3015E8A3574B9821D644E37D03586.e.22185/enabled - {}
COMMAND: GET /session/3097350609915d1f0d0e7f0005360ed5/screenshot - {}
RESULT: {}
COMMAND: POST /session/3097350609915d1f0d0e7f0005360ed5/element/f.185E35FC6384979D85E72AD7E1746CD8.d.82C3015E8A3574B9821D644E37D03586.e.22185/click - {}
COMMAND: GET /session/3097350609915d1f0d0e7f0005360ed5/screenshot - {}
RESULT: {}
RESULT: {}
COMMAND: GET /session/3097350609915d1f0d0e7f0005360ed5/screenshot - {}
RESULT: {}
RESULT: {}
COMMAND: POST /session/3097350609915d1f0d0e7f0005360ed5/element/f.185E35FC6384979D85E72AD7E1746CD8.d.82C3015E8A3574B9821D644E37D03586.e.22185/clear - {}
RESULT: {}
COMMAND: POST /session/3097350609915d1f0d0e7f0005360ed5/element/f.185E35FC6384979D85E72AD7E1746CD8.d.82C3015E8A3574B9821D644E37D03586.e.22185/value - {"text":"10366"}
COMMAND: GET /session/3097350609915d1f0d0e7f0005360ed5/screenshot - {}
RESULT: {"text":"10366"}
COMMAND: POST /session/3097350609915d1f0d0e7f0005360ed5/actions - {"actions":[{"id":"action83","type":"key","parameters":{},"actions":[{"type":"keyDown","value":"î€‡"},{"type":"pause","duration":10},{"type":"keyUp","value":"î€‡"}]}]}
COMMAND: GET /session/3097350609915d1f0d0e7f0005360ed5/screenshot - {}
RESULT: {}
RESULT: {"actions":[{"id":"action83","type":"key","parameters":{},"actions":[{"type":"keyDown","value":"î€‡"},{"type":"pause","duration":10},{"type":"keyUp","value":"î€‡"}]}]}
COMMAND: GET /session/3097350609915d1f0d0e7f0005360ed5/screenshot - {}
RESULT: {}
RESULT: {}
COMMAND: POST /session/3097350609915d1f0d0e7f0005360ed5/element - {"using":"xpath","value":"//span[contains(@id ,\"application-billingtransfer-display-component---billingWorkbench--smartTableBillingRuns-header-inner\")]"}
RESULT: {"using":"xpath","value":"//span[contains(@id ,\"application-billingtransfer-display-component---billingWorkbench--smartTableBillingRuns-header-inner\")]"}
COMMAND: POST /session/3097350609915d1f0d0e7f0005360ed5/elements - {"using":"xpath","value":"//span[contains(@id ,\"application-billingtransfer-display-component---billingWorkbench--smartTableBillingRuns-header-inner\")]"}
RESULT: {"using":"xpath","value":"//span[contains(@id ,\"application-billingtransfer-display-component---billingWorkbench--smartTableBillingRuns-header-inner\")]"}
COMMAND: POST /session/3097350609915d1f0d0e7f0005360ed5/execute/sync - {"script":"<script> [56 bytes]","args":[{"element-6066-11e4-a52e-4f735466cecf":"f.185E35FC6384979D85E72AD7E1746CD8.d.82C3015E8A3574B9821D644E37D03586.e.22353","ELEMENT":"f.185E35FC6384979D85E72AD7E1746CD8.d.82C3015E8A3574B9821D644E37D03586.e.22353"}]}
RESULT: {"script":"<script> [56 bytes]","args":[{"element-6066-11e4-a52e-4f735466cecf":"f.185E35FC6384979D85E72AD7E1746CD8.d.82C3015E8A3574B9821D644E37D03586.e.22353","ELEMENT":"f.185E35FC6384979D85E72AD7E1746CD8.d.82C3015E8A3574B9821D644E37D03586.e.22353"}]}
COMMAND: GET /session/3097350609915d1f0d0e7f0005360ed5/screenshot - {}
RESULT: {}
COMMAND: POST /session/3097350609915d1f0d0e7f0005360ed5/execute/sync - {"script":"<script> [56 bytes]","args":[{"element-6066-11e4-a52e-4f735466cecf":"f.185E35FC6384979D85E72AD7E1746CD8.d.82C3015E8A3574B9821D644E37D03586.e.22353","ELEMENT":"f.185E35FC6384979D85E72AD7E1746CD8.d.82C3015E8A3574B9821D644E37D03586.e.22353"}]}
RESULT: {"script":"<script> [56 bytes]","args":[{"element-6066-11e4-a52e-4f735466cecf":"f.185E35FC6384979D85E72AD7E1746CD8.d.82C3015E8A3574B9821D644E37D03586.e.22353","ELEMENT":"f.185E35FC6384979D85E72AD7E1746CD8.d.82C3015E8A3574B9821D644E37D03586.e.22353"}]}
COMMAND: GET /session/3097350609915d1f0d0e7f0005360ed5/screenshot - {}
RESULT: {}
COMMAND: POST /session/3097350609915d1f0d0e7f0005360ed5/execute/sync - {"script":"<script> [56 bytes]","args":[{"element-6066-11e4-a52e-4f735466cecf":"f.185E35FC6384979D85E72AD7E1746CD8.d.82C3015E8A3574B9821D644E37D03586.e.22353","ELEMENT":"f.185E35FC6384979D85E72AD7E1746CD8.d.82C3015E8A3574B9821D644E37D03586.e.22353"}]}
RESULT: {"script":"<script> [56 bytes]","args":[{"element-6066-11e4-a52e-4f735466cecf":"f.185E35FC6384979D85E72AD7E1746CD8.d.82C3015E8A3574B9821D644E37D03586.e.22353","ELEMENT":"f.185E35FC6384979D85E72AD7E1746CD8.d.82C3015E8A3574B9821D644E37D03586.e.22353"}]}
COMMAND: GET /session/3097350609915d1f0d0e7f0005360ed5/screenshot - {}
RESULT: {}
COMMAND: POST /session/3097350609915d1f0d0e7f0005360ed5/execute/sync - {"script":"<script> [56 bytes]","args":[{"element-6066-11e4-a52e-4f735466cecf":"f.185E35FC6384979D85E72AD7E1746CD8.d.82C3015E8A3574B9821D644E37D03586.e.22353","ELEMENT":"f.185E35FC6384979D85E72AD7E1746CD8.d.82C3015E8A3574B9821D644E37D03586.e.22353"}]}
RESULT: {"script":"<script> [56 bytes]","args":[{"element-6066-11e4-a52e-4f735466cecf":"f.185E35FC6384979D85E72AD7E1746CD8.d.82C3015E8A3574B9821D644E37D03586.e.22353","ELEMENT":"f.185E35FC6384979D85E72AD7E1746CD8.d.82C3015E8A3574B9821D644E37D03586.e.22353"}]}
COMMAND: GET /session/3097350609915d1f0d0e7f0005360ed5/screenshot - {}
RESULT: {}
COMMAND: POST /session/3097350609915d1f0d0e7f0005360ed5/execute/sync - {"script":"<script> [56 bytes]","args":[{"element-6066-11e4-a52e-4f735466cecf":"f.185E35FC6384979D85E72AD7E1746CD8.d.82C3015E8A3574B9821D644E37D03586.e.22353","ELEMENT":"f.185E35FC6384979D85E72AD7E1746CD8.d.82C3015E8A3574B9821D644E37D03586.e.22353"}]}
RESULT: {"script":"<script> [56 bytes]","args":[{"element-6066-11e4-a52e-4f735466cecf":"f.185E35FC6384979D85E72AD7E1746CD8.d.82C3015E8A3574B9821D644E37D03586.e.22353","ELEMENT":"f.185E35FC6384979D85E72AD7E1746CD8.d.82C3015E8A3574B9821D644E37D03586.e.22353"}]}
COMMAND: GET /session/3097350609915d1f0d0e7f0005360ed5/screenshot - {}
RESULT: {}
COMMAND: POST /session/3097350609915d1f0d0e7f0005360ed5/execute/sync - {"script":"<script> [56 bytes]","args":[{"element-6066-11e4-a52e-4f735466cecf":"f.185E35FC6384979D85E72AD7E1746CD8.d.82C3015E8A3574B9821D644E37D03586.e.22353","ELEMENT":"f.185E35FC6384979D85E72AD7E1746CD8.d.82C3015E8A3574B9821D644E37D03586.e.22353"}]}
RESULT: {"script":"<script> [56 bytes]","args":[{"element-6066-11e4-a52e-4f735466cecf":"f.185E35FC6384979D85E72AD7E1746CD8.d.82C3015E8A3574B9821D644E37D03586.e.22353","ELEMENT":"f.185E35FC6384979D85E72AD7E1746CD8.d.82C3015E8A3574B9821D644E37D03586.e.22353"}]}
COMMAND: GET /session/3097350609915d1f0d0e7f0005360ed5/screenshot - {}
RESULT: {}
COMMAND: POST /session/3097350609915d1f0d0e7f0005360ed5/execute/sync - {"script":"<script> [56 bytes]","args":[{"element-6066-11e4-a52e-4f735466cecf":"f.185E35FC6384979D85E72AD7E1746CD8.d.82C3015E8A3574B9821D644E37D03586.e.22353","ELEMENT":"f.185E35FC6384979D85E72AD7E1746CD8.d.82C3015E8A3574B9821D644E37D03586.e.22353"}]}
RESULT: {"script":"<script> [56 bytes]","args":[{"element-6066-11e4-a52e-4f735466cecf":"f.185E35FC6384979D85E72AD7E1746CD8.d.82C3015E8A3574B9821D644E37D03586.e.22353","ELEMENT":"f.185E35FC6384979D85E72AD7E1746CD8.d.82C3015E8A3574B9821D644E37D03586.e.22353"}]}
COMMAND: GET /session/3097350609915d1f0d0e7f0005360ed5/screenshot - {}
RESULT: {}
COMMAND: POST /session/3097350609915d1f0d0e7f0005360ed5/execute/sync - {"script":"<script> [56 bytes]","args":[{"element-6066-11e4-a52e-4f735466cecf":"f.185E35FC6384979D85E72AD7E1746CD8.d.82C3015E8A3574B9821D644E37D03586.e.22353","ELEMENT":"f.185E35FC6384979D85E72AD7E1746CD8.d.82C3015E8A3574B9821D644E37D03586.e.22353"}]}
RESULT: {"script":"<script> [56 bytes]","args":[{"element-6066-11e4-a52e-4f735466cecf":"f.185E35FC6384979D85E72AD7E1746CD8.d.82C3015E8A3574B9821D644E37D03586.e.22353","ELEMENT":"f.185E35FC6384979D85E72AD7E1746CD8.d.82C3015E8A3574B9821D644E37D03586.e.22353"}]}
COMMAND: GET /session/3097350609915d1f0d0e7f0005360ed5/screenshot - {}
RESULT: {}
COMMAND: POST /session/3097350609915d1f0d0e7f0005360ed5/execute/sync - {"script":"<script> [56 bytes]","args":[{"element-6066-11e4-a52e-4f735466cecf":"f.185E35FC6384979D85E72AD7E1746CD8.d.82C3015E8A3574B9821D644E37D03586.e.22353","ELEMENT":"f.185E35FC6384979D85E72AD7E1746CD8.d.82C3015E8A3574B9821D644E37D03586.e.22353"}]}
RESULT: {"script":"<script> [56 bytes]","args":[{"element-6066-11e4-a52e-4f735466cecf":"f.185E35FC6384979D85E72AD7E1746CD8.d.82C3015E8A3574B9821D644E37D03586.e.22353","ELEMENT":"f.185E35FC6384979D85E72AD7E1746CD8.d.82C3015E8A3574B9821D644E37D03586.e.22353"}]}
COMMAND: GET /session/3097350609915d1f0d0e7f0005360ed5/screenshot - {}
RESULT: {}
COMMAND: POST /session/3097350609915d1f0d0e7f0005360ed5/execute/sync - {"script":"<script> [56 bytes]","args":[{"element-6066-11e4-a52e-4f735466cecf":"f.185E35FC6384979D85E72AD7E1746CD8.d.82C3015E8A3574B9821D644E37D03586.e.22353","ELEMENT":"f.185E35FC6384979D85E72AD7E1746CD8.d.82C3015E8A3574B9821D644E37D03586.e.22353"}]}
RESULT: {"script":"<script> [56 bytes]","args":[{"element-6066-11e4-a52e-4f735466cecf":"f.185E35FC6384979D85E72AD7E1746CD8.d.82C3015E8A3574B9821D644E37D03586.e.22353","ELEMENT":"f.185E35FC6384979D85E72AD7E1746CD8.d.82C3015E8A3574B9821D644E37D03586.e.22353"}]}
COMMAND: GET /session/3097350609915d1f0d0e7f0005360ed5/screenshot - {}
RESULT: {}
COMMAND: POST /session/3097350609915d1f0d0e7f0005360ed5/execute/sync - {"script":"<script> [56 bytes]","args":[{"element-6066-11e4-a52e-4f735466cecf":"f.185E35FC6384979D85E72AD7E1746CD8.d.82C3015E8A3574B9821D644E37D03586.e.22353","ELEMENT":"f.185E35FC6384979D85E72AD7E1746CD8.d.82C3015E8A3574B9821D644E37D03586.e.22353"}]}
RESULT: {"script":"<script> [56 bytes]","args":[{"element-6066-11e4-a52e-4f735466cecf":"f.185E35FC6384979D85E72AD7E1746CD8.d.82C3015E8A3574B9821D644E37D03586.e.22353","ELEMENT":"f.185E35FC6384979D85E72AD7E1746CD8.d.82C3015E8A3574B9821D644E37D03586.e.22353"}]}
COMMAND: GET /session/3097350609915d1f0d0e7f0005360ed5/screenshot - {}
RESULT: {}
COMMAND: POST /session/3097350609915d1f0d0e7f0005360ed5/execute/sync - {"script":"<script> [56 bytes]","args":[{"element-6066-11e4-a52e-4f735466cecf":"f.185E35FC6384979D85E72AD7E1746CD8.d.82C3015E8A3574B9821D644E37D03586.e.22353","ELEMENT":"f.185E35FC6384979D85E72AD7E1746CD8.d.82C3015E8A3574B9821D644E37D03586.e.22353"}]}
RESULT: {"script":"<script> [56 bytes]","args":[{"element-6066-11e4-a52e-4f735466cecf":"f.185E35FC6384979D85E72AD7E1746CD8.d.82C3015E8A3574B9821D644E37D03586.e.22353","ELEMENT":"f.185E35FC6384979D85E72AD7E1746CD8.d.82C3015E8A3574B9821D644E37D03586.e.22353"}]}
COMMAND: GET /session/3097350609915d1f0d0e7f0005360ed5/screenshot - {}
RESULT: {}
COMMAND: POST /session/3097350609915d1f0d0e7f0005360ed5/execute/sync - {"script":"<script> [56 bytes]","args":[{"element-6066-11e4-a52e-4f735466cecf":"f.185E35FC6384979D85E72AD7E1746CD8.d.82C3015E8A3574B9821D644E37D03586.e.22353","ELEMENT":"f.185E35FC6384979D85E72AD7E1746CD8.d.82C3015E8A3574B9821D644E37D03586.e.22353"}]}
RESULT: {"script":"<script> [56 bytes]","args":[{"element-6066-11e4-a52e-4f735466cecf":"f.185E35FC6384979D85E72AD7E1746CD8.d.82C3015E8A3574B9821D644E37D03586.e.22353","ELEMENT":"f.185E35FC6384979D85E72AD7E1746CD8.d.82C3015E8A3574B9821D644E37D03586.e.22353"}]}
COMMAND: GET /session/3097350609915d1f0d0e7f0005360ed5/screenshot - {}
RESULT: {}
COMMAND: POST /session/3097350609915d1f0d0e7f0005360ed5/execute/sync - {"script":"<script> [56 bytes]","args":[{"element-6066-11e4-a52e-4f735466cecf":"f.185E35FC6384979D85E72AD7E1746CD8.d.82C3015E8A3574B9821D644E37D03586.e.22353","ELEMENT":"f.185E35FC6384979D85E72AD7E1746CD8.d.82C3015E8A3574B9821D644E37D03586.e.22353"}]}
RESULT: {"script":"<script> [56 bytes]","args":[{"element-6066-11e4-a52e-4f735466cecf":"f.185E35FC6384979D85E72AD7E1746CD8.d.82C3015E8A3574B9821D644E37D03586.e.22353","ELEMENT":"f.185E35FC6384979D85E72AD7E1746CD8.d.82C3015E8A3574B9821D644E37D03586.e.22353"}]}
COMMAND: GET /session/3097350609915d1f0d0e7f0005360ed5/screenshot - {}
RESULT: {}
COMMAND: POST /session/3097350609915d1f0d0e7f0005360ed5/execute/sync - {"script":"<script> [56 bytes]","args":[{"element-6066-11e4-a52e-4f735466cecf":"f.185E35FC6384979D85E72AD7E1746CD8.d.82C3015E8A3574B9821D644E37D03586.e.22353","ELEMENT":"f.185E35FC6384979D85E72AD7E1746CD8.d.82C3015E8A3574B9821D644E37D03586.e.22353"}]}
RESULT: {"script":"<script> [56 bytes]","args":[{"element-6066-11e4-a52e-4f735466cecf":"f.185E35FC6384979D85E72AD7E1746CD8.d.82C3015E8A3574B9821D644E37D03586.e.22353","ELEMENT":"f.185E35FC6384979D85E72AD7E1746CD8.d.82C3015E8A3574B9821D644E37D03586.e.22353"}]}
COMMAND: GET /session/3097350609915d1f0d0e7f0005360ed5/screenshot - {}
RESULT: {}
COMMAND: POST /session/3097350609915d1f0d0e7f0005360ed5/execute/sync - {"script":"<script> [56 bytes]","args":[{"element-6066-11e4-a52e-4f735466cecf":"f.185E35FC6384979D85E72AD7E1746CD8.d.82C3015E8A3574B9821D644E37D03586.e.22353","ELEMENT":"f.185E35FC6384979D85E72AD7E1746CD8.d.82C3015E8A3574B9821D644E37D03586.e.22353"}]}
RESULT: {"script":"<script> [56 bytes]","args":[{"element-6066-11e4-a52e-4f735466cecf":"f.185E35FC6384979D85E72AD7E1746CD8.d.82C3015E8A3574B9821D644E37D03586.e.22353","ELEMENT":"f.185E35FC6384979D85E72AD7E1746CD8.d.82C3015E8A3574B9821D644E37D03586.e.22353"}]}
COMMAND: GET /session/3097350609915d1f0d0e7f0005360ed5/screenshot - {}
RESULT: {}
COMMAND: POST /session/3097350609915d1f0d0e7f0005360ed5/execute/sync - {"script":"<script> [56 bytes]","args":[{"element-6066-11e4-a52e-4f735466cecf":"f.185E35FC6384979D85E72AD7E1746CD8.d.82C3015E8A3574B9821D644E37D03586.e.22353","ELEMENT":"f.185E35FC6384979D85E72AD7E1746CD8.d.82C3015E8A3574B9821D644E37D03586.e.22353"}]}
RESULT: {"script":"<script> [56 bytes]","args":[{"element-6066-11e4-a52e-4f735466cecf":"f.185E35FC6384979D85E72AD7E1746CD8.d.82C3015E8A3574B9821D644E37D03586.e.22353","ELEMENT":"f.185E35FC6384979D85E72AD7E1746CD8.d.82C3015E8A3574B9821D644E37D03586.e.22353"}]}
COMMAND: GET /session/3097350609915d1f0d0e7f0005360ed5/screenshot - {}
RESULT: {}
COMMAND: POST /session/3097350609915d1f0d0e7f0005360ed5/execute/sync - {"script":"<script> [56 bytes]","args":[{"element-6066-11e4-a52e-4f735466cecf":"f.185E35FC6384979D85E72AD7E1746CD8.d.82C3015E8A3574B9821D644E37D03586.e.22353","ELEMENT":"f.185E35FC6384979D85E72AD7E1746CD8.d.82C3015E8A3574B9821D644E37D03586.e.22353"}]}
RESULT: {"script":"<script> [56 bytes]","args":[{"element-6066-11e4-a52e-4f735466cecf":"f.185E35FC6384979D85E72AD7E1746CD8.d.82C3015E8A3574B9821D644E37D03586.e.22353","ELEMENT":"f.185E35FC6384979D85E72AD7E1746CD8.d.82C3015E8A3574B9821D644E37D03586.e.22353"}]}
COMMAND: GET /session/3097350609915d1f0d0e7f0005360ed5/screenshot - {}
RESULT: {}
COMMAND: POST /session/3097350609915d1f0d0e7f0005360ed5/execute/sync - {"script":"<script> [56 bytes]","args":[{"element-6066-11e4-a52e-4f735466cecf":"f.185E35FC6384979D85E72AD7E1746CD8.d.82C3015E8A3574B9821D644E37D03586.e.22353","ELEMENT":"f.185E35FC6384979D85E72AD7E1746CD8.d.82C3015E8A3574B9821D644E37D03586.e.22353"}]}
RESULT: {"script":"<script> [56 bytes]","args":[{"element-6066-11e4-a52e-4f735466cecf":"f.185E35FC6384979D85E72AD7E1746CD8.d.82C3015E8A3574B9821D644E37D03586.e.22353","ELEMENT":"f.185E35FC6384979D85E72AD7E1746CD8.d.82C3015E8A3574B9821D644E37D03586.e.22353"}]}
COMMAND: GET /session/3097350609915d1f0d0e7f0005360ed5/screenshot - {}
RESULT: {}
COMMAND: POST /session/3097350609915d1f0d0e7f0005360ed5/execute/sync - {"script":"<script> [56 bytes]","args":[{"element-6066-11e4-a52e-4f735466cecf":"f.185E35FC6384979D85E72AD7E1746CD8.d.82C3015E8A3574B9821D644E37D03586.e.22353","ELEMENT":"f.185E35FC6384979D85E72AD7E1746CD8.d.82C3015E8A3574B9821D644E37D03586.e.22353"}]}
RESULT: {"script":"<script> [56 bytes]","args":[{"element-6066-11e4-a52e-4f735466cecf":"f.185E35FC6384979D85E72AD7E1746CD8.d.82C3015E8A3574B9821D644E37D03586.e.22353","ELEMENT":"f.185E35FC6384979D85E72AD7E1746CD8.d.82C3015E8A3574B9821D644E37D03586.e.22353"}]}
COMMAND: GET /session/3097350609915d1f0d0e7f0005360ed5/screenshot - {}
RESULT: {}
COMMAND: POST /session/3097350609915d1f0d0e7f0005360ed5/execute/sync - {"script":"<script> [56 bytes]","args":[{"element-6066-11e4-a52e-4f735466cecf":"f.185E35FC6384979D85E72AD7E1746CD8.d.82C3015E8A3574B9821D644E37D03586.e.22353","ELEMENT":"f.185E35FC6384979D85E72AD7E1746CD8.d.82C3015E8A3574B9821D644E37D03586.e.22353"}]}
RESULT: {"script":"<script> [56 bytes]","args":[{"element-6066-11e4-a52e-4f735466cecf":"f.185E35FC6384979D85E72AD7E1746CD8.d.82C3015E8A3574B9821D644E37D03586.e.22353","ELEMENT":"f.185E35FC6384979D85E72AD7E1746CD8.d.82C3015E8A3574B9821D644E37D03586.e.22353"}]}
COMMAND: POST /session/3097350609915d1f0d0e7f0005360ed5/element - {"using":"css selector","value":"#shell-header-logo"}
COMMAND: GET /session/3097350609915d1f0d0e7f0005360ed5/screenshot - {}
RESULT: {"using":"css selector","value":"#shell-header-logo"}
COMMAND: POST /session/3097350609915d1f0d0e7f0005360ed5/element/f.185E35FC6384979D85E72AD7E1746CD8.d.82C3015E8A3574B9821D644E37D03586.e.22183/click - {}
RESULT: {}
RESULT: {}
COMMAND: GET /session/3097350609915d1f0d0e7f0005360ed5/screenshot - {}
RESULT: {}
]]></system-out>
    </testcase>
    <testcase classname="chrome.136_0_7103_93.windows.Billing_Calculation_-_Time_based_(considering_transport_times)_US139738" name="Should navigate to the contract item check the billed until field value" time="49.05">
      <system-out><![CDATA[
RESULT: undefined
COMMAND: POST /session/3097350609915d1f0d0e7f0005360ed5/element - {"using":"xpath","value":"//*[@id=\"__tile130\"]"}
RESULT: {"using":"xpath","value":"//*[@id=\"__tile130\"]"}
COMMAND: POST /session/3097350609915d1f0d0e7f0005360ed5/element/f.185E35FC6384979D85E72AD7E1746CD8.d.82C3015E8A3574B9821D644E37D03586.e.18113/click - {}
RESULT: {}
COMMAND: GET /session/3097350609915d1f0d0e7f0005360ed5/screenshot - {}
RESULT: {}
COMMAND: POST /session/3097350609915d1f0d0e7f0005360ed5/elements - {"using":"xpath","value":"//span[text()='Error']"}
RESULT: {"using":"xpath","value":"//span[text()='Error']"}
COMMAND: POST /session/3097350609915d1f0d0e7f0005360ed5/element - {"using":"xpath","value":"//button[@data-kt=\"addButton\"]"}
RESULT: {"using":"xpath","value":"//button[@data-kt=\"addButton\"]"}
COMMAND: POST /session/3097350609915d1f0d0e7f0005360ed5/elements - {"using":"xpath","value":"//button[@data-kt=\"addButton\"]"}
RESULT: {"using":"xpath","value":"//button[@data-kt=\"addButton\"]"}
COMMAND: POST /session/3097350609915d1f0d0e7f0005360ed5/execute/sync - {"script":"<script> [8489 bytes]","args":[{"element-6066-11e4-a52e-4f735466cecf":"f.185E35FC6384979D85E72AD7E1746CD8.d.82C3015E8A3574B9821D644E37D03586.e.22420","ELEMENT":"f.185E35FC6384979D85E72AD7E1746CD8.d.82C3015E8A3574B9821D644E37D03586.e.22420"}]}
RESULT: {"script":"<script> [8489 bytes]","args":[{"element-6066-11e4-a52e-4f735466cecf":"f.185E35FC6384979D85E72AD7E1746CD8.d.82C3015E8A3574B9821D644E37D03586.e.22420","ELEMENT":"f.185E35FC6384979D85E72AD7E1746CD8.d.82C3015E8A3574B9821D644E37D03586.e.22420"}]}
COMMAND: GET /session/3097350609915d1f0d0e7f0005360ed5/element/f.185E35FC6384979D85E72AD7E1746CD8.d.82C3015E8A3574B9821D644E37D03586.e.22420/enabled - {}
COMMAND: GET /session/3097350609915d1f0d0e7f0005360ed5/screenshot - {}
RESULT: {}
COMMAND: POST /session/3097350609915d1f0d0e7f0005360ed5/execute/sync - {"script":"<script> [8489 bytes]","args":[{"element-6066-11e4-a52e-4f735466cecf":"f.185E35FC6384979D85E72AD7E1746CD8.d.82C3015E8A3574B9821D644E37D03586.e.22420","ELEMENT":"f.185E35FC6384979D85E72AD7E1746CD8.d.82C3015E8A3574B9821D644E37D03586.e.22420"}]}
COMMAND: GET /session/3097350609915d1f0d0e7f0005360ed5/screenshot - {}
RESULT: {}
RESULT: {"script":"<script> [8489 bytes]","args":[{"element-6066-11e4-a52e-4f735466cecf":"f.185E35FC6384979D85E72AD7E1746CD8.d.82C3015E8A3574B9821D644E37D03586.e.22420","ELEMENT":"f.185E35FC6384979D85E72AD7E1746CD8.d.82C3015E8A3574B9821D644E37D03586.e.22420"}]}
COMMAND: POST /session/3097350609915d1f0d0e7f0005360ed5/execute/sync - {"script":"<script> [5351 bytes]","args":[{"element-6066-11e4-a52e-4f735466cecf":"f.185E35FC6384979D85E72AD7E1746CD8.d.82C3015E8A3574B9821D644E37D03586.e.22420","ELEMENT":"f.185E35FC6384979D85E72AD7E1746CD8.d.82C3015E8A3574B9821D644E37D03586.e.22420"}]}
COMMAND: GET /session/3097350609915d1f0d0e7f0005360ed5/screenshot - {}
RESULT: {}
RESULT: {"script":"<script> [5351 bytes]","args":[{"element-6066-11e4-a52e-4f735466cecf":"f.185E35FC6384979D85E72AD7E1746CD8.d.82C3015E8A3574B9821D644E37D03586.e.22420","ELEMENT":"f.185E35FC6384979D85E72AD7E1746CD8.d.82C3015E8A3574B9821D644E37D03586.e.22420"}]}
COMMAND: POST /session/3097350609915d1f0d0e7f0005360ed5/element - {"using":"xpath","value":"//input[contains(@id ,\"smartContractFilterBar-btnBasicSearch-I\")]"}
COMMAND: GET /session/3097350609915d1f0d0e7f0005360ed5/screenshot - {}
RESULT: {}
RESULT: {"using":"xpath","value":"//input[contains(@id ,\"smartContractFilterBar-btnBasicSearch-I\")]"}
COMMAND: POST /session/3097350609915d1f0d0e7f0005360ed5/elements - {"using":"xpath","value":"//input[contains(@id ,\"smartContractFilterBar-btnBasicSearch-I\")]"}
RESULT: {}
RESULT: {"using":"xpath","value":"//input[contains(@id ,\"smartContractFilterBar-btnBasicSearch-I\")]"}
COMMAND: POST /session/3097350609915d1f0d0e7f0005360ed5/execute/sync - {"script":"<script> [8489 bytes]","args":[{"element-6066-11e4-a52e-4f735466cecf":"f.185E35FC6384979D85E72AD7E1746CD8.d.82C3015E8A3574B9821D644E37D03586.e.22390","ELEMENT":"f.185E35FC6384979D85E72AD7E1746CD8.d.82C3015E8A3574B9821D644E37D03586.e.22390"}]}
RESULT: {"script":"<script> [8489 bytes]","args":[{"element-6066-11e4-a52e-4f735466cecf":"f.185E35FC6384979D85E72AD7E1746CD8.d.82C3015E8A3574B9821D644E37D03586.e.22390","ELEMENT":"f.185E35FC6384979D85E72AD7E1746CD8.d.82C3015E8A3574B9821D644E37D03586.e.22390"}]}
COMMAND: GET /session/3097350609915d1f0d0e7f0005360ed5/element/f.185E35FC6384979D85E72AD7E1746CD8.d.82C3015E8A3574B9821D644E37D03586.e.22390/enabled - {}
COMMAND: GET /session/3097350609915d1f0d0e7f0005360ed5/screenshot - {}
RESULT: {}
COMMAND: POST /session/3097350609915d1f0d0e7f0005360ed5/element/f.185E35FC6384979D85E72AD7E1746CD8.d.82C3015E8A3574B9821D644E37D03586.e.22390/clear - {}
COMMAND: GET /session/3097350609915d1f0d0e7f0005360ed5/screenshot - {}
RESULT: {}
RESULT: {}
COMMAND: POST /session/3097350609915d1f0d0e7f0005360ed5/element/f.185E35FC6384979D85E72AD7E1746CD8.d.82C3015E8A3574B9821D644E37D03586.e.22390/value - {"text":"10366"}
COMMAND: GET /session/3097350609915d1f0d0e7f0005360ed5/screenshot - {}
RESULT: {}
RESULT: {"text":"10366"}
COMMAND: GET /session/3097350609915d1f0d0e7f0005360ed5/screenshot - {}
RESULT: {}
RESULT: {}
COMMAND: POST /session/3097350609915d1f0d0e7f0005360ed5/actions - {"actions":[{"id":"action84","type":"key","parameters":{},"actions":[{"type":"keyDown","value":"î€‡"},{"type":"pause","duration":10},{"type":"keyUp","value":"î€‡"}]}]}
RESULT: {"actions":[{"id":"action84","type":"key","parameters":{},"actions":[{"type":"keyDown","value":"î€‡"},{"type":"pause","duration":10},{"type":"keyUp","value":"î€‡"}]}]}
COMMAND: GET /session/3097350609915d1f0d0e7f0005360ed5/screenshot - {}
RESULT: {}
COMMAND: POST /session/3097350609915d1f0d0e7f0005360ed5/element - {"using":"xpath","value":"//span[contains(@id, \"masterListContractsSmartTable-header-inner\")]"}
RESULT: {"using":"xpath","value":"//span[contains(@id, \"masterListContractsSmartTable-header-inner\")]"}
COMMAND: POST /session/3097350609915d1f0d0e7f0005360ed5/elements - {"using":"xpath","value":"//span[contains(@id, \"masterListContractsSmartTable-header-inner\")]"}
RESULT: {"using":"xpath","value":"//span[contains(@id, \"masterListContractsSmartTable-header-inner\")]"}
COMMAND: POST /session/3097350609915d1f0d0e7f0005360ed5/execute/sync - {"script":"<script> [56 bytes]","args":[{"element-6066-11e4-a52e-4f735466cecf":"f.185E35FC6384979D85E72AD7E1746CD8.d.82C3015E8A3574B9821D644E37D03586.e.22491","ELEMENT":"f.185E35FC6384979D85E72AD7E1746CD8.d.82C3015E8A3574B9821D644E37D03586.e.22491"}]}
RESULT: {"script":"<script> [56 bytes]","args":[{"element-6066-11e4-a52e-4f735466cecf":"f.185E35FC6384979D85E72AD7E1746CD8.d.82C3015E8A3574B9821D644E37D03586.e.22491","ELEMENT":"f.185E35FC6384979D85E72AD7E1746CD8.d.82C3015E8A3574B9821D644E37D03586.e.22491"}]}
COMMAND: POST /session/3097350609915d1f0d0e7f0005360ed5/element - {"using":"xpath","value":"(//span[contains(@id, \"imgNav\")])[1]"}
COMMAND: GET /session/3097350609915d1f0d0e7f0005360ed5/screenshot - {}
RESULT: {"using":"xpath","value":"(//span[contains(@id, \"imgNav\")])[1]"}
COMMAND: POST /session/3097350609915d1f0d0e7f0005360ed5/element/f.185E35FC6384979D85E72AD7E1746CD8.d.82C3015E8A3574B9821D644E37D03586.e.22489/click - {}
RESULT: {}
RESULT: {}
COMMAND: GET /session/3097350609915d1f0d0e7f0005360ed5/screenshot - {}
RESULT: {}
COMMAND: POST /session/3097350609915d1f0d0e7f0005360ed5/element - {"using":"xpath","value":"//tr[@data-kt=\"productsColumnListItem\"]//td//span[contains(@id, \"imgNav\")][1]"}
RESULT: {"using":"xpath","value":"//tr[@data-kt=\"productsColumnListItem\"]//td//span[contains(@id, \"imgNav\")][1]"}
COMMAND: POST /session/3097350609915d1f0d0e7f0005360ed5/element/f.185E35FC6384979D85E72AD7E1746CD8.d.82C3015E8A3574B9821D644E37D03586.e.22664/click - {}
RESULT: {}
COMMAND: GET /session/3097350609915d1f0d0e7f0005360ed5/screenshot - {}
RESULT: {}
COMMAND: POST /session/3097350609915d1f0d0e7f0005360ed5/element - {"using":"xpath","value":"//section[contains(@id, \"application-managecontracts-display-component---BillingItem--ObjectPageLayout-OPHeaderContent\")]/div/div/div/div/div[2]/div/div[2]/span"}
RESULT: {"using":"xpath","value":"//section[contains(@id, \"application-managecontracts-display-component---BillingItem--ObjectPageLayout-OPHeaderContent\")]/div/div/div/div/div[2]/div/div[2]/span"}
COMMAND: POST /session/3097350609915d1f0d0e7f0005360ed5/execute/sync - {"script":"<script> [56 bytes]","args":[{"element-6066-11e4-a52e-4f735466cecf":"f.185E35FC6384979D85E72AD7E1746CD8.d.82C3015E8A3574B9821D644E37D03586.e.22803","ELEMENT":"f.185E35FC6384979D85E72AD7E1746CD8.d.82C3015E8A3574B9821D644E37D03586.e.22803"}]}
RESULT: {"script":"<script> [56 bytes]","args":[{"element-6066-11e4-a52e-4f735466cecf":"f.185E35FC6384979D85E72AD7E1746CD8.d.82C3015E8A3574B9821D644E37D03586.e.22803","ELEMENT":"f.185E35FC6384979D85E72AD7E1746CD8.d.82C3015E8A3574B9821D644E37D03586.e.22803"}]}
COMMAND: POST /session/3097350609915d1f0d0e7f0005360ed5/element - {"using":"xpath","value":"//table[contains(@id, \"application-managecontracts-display-component---BillingItem--billingList-listUl\")]//td//*[contains(text(), \"partial billed\")]"}
COMMAND: GET /session/3097350609915d1f0d0e7f0005360ed5/screenshot - {}
RESULT: {"using":"xpath","value":"//table[contains(@id, \"application-managecontracts-display-component---BillingItem--billingList-listUl\")]//td//*[contains(text(), \"partial billed\")]"}
COMMAND: POST /session/3097350609915d1f0d0e7f0005360ed5/execute/sync - {"script":"<script> [56 bytes]","args":[{"element-6066-11e4-a52e-4f735466cecf":"f.185E35FC6384979D85E72AD7E1746CD8.d.82C3015E8A3574B9821D644E37D03586.e.22804","ELEMENT":"f.185E35FC6384979D85E72AD7E1746CD8.d.82C3015E8A3574B9821D644E37D03586.e.22804"}]}
RESULT: {}
RESULT: {"script":"<script> [56 bytes]","args":[{"element-6066-11e4-a52e-4f735466cecf":"f.185E35FC6384979D85E72AD7E1746CD8.d.82C3015E8A3574B9821D644E37D03586.e.22804","ELEMENT":"f.185E35FC6384979D85E72AD7E1746CD8.d.82C3015E8A3574B9821D644E37D03586.e.22804"}]}
COMMAND: POST /session/3097350609915d1f0d0e7f0005360ed5/element - {"using":"css selector","value":"#shell-header-logo"}
COMMAND: GET /session/3097350609915d1f0d0e7f0005360ed5/screenshot - {}
RESULT: {"using":"css selector","value":"#shell-header-logo"}
COMMAND: POST /session/3097350609915d1f0d0e7f0005360ed5/element/f.185E35FC6384979D85E72AD7E1746CD8.d.82C3015E8A3574B9821D644E37D03586.e.22379/click - {}
RESULT: {}
RESULT: {}
COMMAND: GET /session/3097350609915d1f0d0e7f0005360ed5/screenshot - {}
RESULT: {}
]]></system-out>
    </testcase>
    <testcase classname="chrome.136_0_7103_93.windows.Billing_Calculation_-_Time_based_(considering_transport_times)_US139738" name="Should do a handover return 2 step 7 days after provide or 14 days from today receive it in 21 days" time="171.327">
      <system-out><![CDATA[
RESULT: undefined
COMMAND: POST /session/3097350609915d1f0d0e7f0005360ed5/element - {"using":"xpath","value":"//*[@id=\"__tile130\"]"}
RESULT: {"using":"xpath","value":"//*[@id=\"__tile130\"]"}
COMMAND: POST /session/3097350609915d1f0d0e7f0005360ed5/element/f.185E35FC6384979D85E72AD7E1746CD8.d.82C3015E8A3574B9821D644E37D03586.e.18113/click - {}
RESULT: {}
COMMAND: GET /session/3097350609915d1f0d0e7f0005360ed5/screenshot - {}
RESULT: {}
COMMAND: POST /session/3097350609915d1f0d0e7f0005360ed5/elements - {"using":"xpath","value":"//span[text()='Error']"}
RESULT: {"using":"xpath","value":"//span[text()='Error']"}
COMMAND: POST /session/3097350609915d1f0d0e7f0005360ed5/element - {"using":"xpath","value":"//button[@data-kt=\"addButton\"]"}
RESULT: {"using":"xpath","value":"//button[@data-kt=\"addButton\"]"}
COMMAND: POST /session/3097350609915d1f0d0e7f0005360ed5/elements - {"using":"xpath","value":"//button[@data-kt=\"addButton\"]"}
RESULT: {"using":"xpath","value":"//button[@data-kt=\"addButton\"]"}
COMMAND: POST /session/3097350609915d1f0d0e7f0005360ed5/execute/sync - {"script":"<script> [8489 bytes]","args":[{"element-6066-11e4-a52e-4f735466cecf":"f.185E35FC6384979D85E72AD7E1746CD8.d.82C3015E8A3574B9821D644E37D03586.e.22854","ELEMENT":"f.185E35FC6384979D85E72AD7E1746CD8.d.82C3015E8A3574B9821D644E37D03586.e.22854"}]}
RESULT: {"script":"<script> [8489 bytes]","args":[{"element-6066-11e4-a52e-4f735466cecf":"f.185E35FC6384979D85E72AD7E1746CD8.d.82C3015E8A3574B9821D644E37D03586.e.22854","ELEMENT":"f.185E35FC6384979D85E72AD7E1746CD8.d.82C3015E8A3574B9821D644E37D03586.e.22854"}]}
COMMAND: GET /session/3097350609915d1f0d0e7f0005360ed5/element/f.185E35FC6384979D85E72AD7E1746CD8.d.82C3015E8A3574B9821D644E37D03586.e.22854/enabled - {}
COMMAND: GET /session/3097350609915d1f0d0e7f0005360ed5/screenshot - {}
RESULT: {}
COMMAND: POST /session/3097350609915d1f0d0e7f0005360ed5/execute/sync - {"script":"<script> [8489 bytes]","args":[{"element-6066-11e4-a52e-4f735466cecf":"f.185E35FC6384979D85E72AD7E1746CD8.d.82C3015E8A3574B9821D644E37D03586.e.22854","ELEMENT":"f.185E35FC6384979D85E72AD7E1746CD8.d.82C3015E8A3574B9821D644E37D03586.e.22854"}]}
COMMAND: GET /session/3097350609915d1f0d0e7f0005360ed5/screenshot - {}
RESULT: {}
RESULT: {"script":"<script> [8489 bytes]","args":[{"element-6066-11e4-a52e-4f735466cecf":"f.185E35FC6384979D85E72AD7E1746CD8.d.82C3015E8A3574B9821D644E37D03586.e.22854","ELEMENT":"f.185E35FC6384979D85E72AD7E1746CD8.d.82C3015E8A3574B9821D644E37D03586.e.22854"}]}
COMMAND: POST /session/3097350609915d1f0d0e7f0005360ed5/execute/sync - {"script":"<script> [5351 bytes]","args":[{"element-6066-11e4-a52e-4f735466cecf":"f.185E35FC6384979D85E72AD7E1746CD8.d.82C3015E8A3574B9821D644E37D03586.e.22854","ELEMENT":"f.185E35FC6384979D85E72AD7E1746CD8.d.82C3015E8A3574B9821D644E37D03586.e.22854"}]}
COMMAND: GET /session/3097350609915d1f0d0e7f0005360ed5/screenshot - {}
RESULT: {}
RESULT: {"script":"<script> [5351 bytes]","args":[{"element-6066-11e4-a52e-4f735466cecf":"f.185E35FC6384979D85E72AD7E1746CD8.d.82C3015E8A3574B9821D644E37D03586.e.22854","ELEMENT":"f.185E35FC6384979D85E72AD7E1746CD8.d.82C3015E8A3574B9821D644E37D03586.e.22854"}]}
COMMAND: GET /session/3097350609915d1f0d0e7f0005360ed5/screenshot - {}
RESULT: {}
RESULT: {}
COMMAND: POST /session/3097350609915d1f0d0e7f0005360ed5/element - {"using":"xpath","value":"//input[contains(@id ,\"smartContractFilterBar-btnBasicSearch-I\")]"}
RESULT: {"using":"xpath","value":"//input[contains(@id ,\"smartContractFilterBar-btnBasicSearch-I\")]"}
COMMAND: POST /session/3097350609915d1f0d0e7f0005360ed5/elements - {"using":"xpath","value":"//input[contains(@id ,\"smartContractFilterBar-btnBasicSearch-I\")]"}
RESULT: {"using":"xpath","value":"//input[contains(@id ,\"smartContractFilterBar-btnBasicSearch-I\")]"}
COMMAND: POST /session/3097350609915d1f0d0e7f0005360ed5/execute/sync - {"script":"<script> [8489 bytes]","args":[{"element-6066-11e4-a52e-4f735466cecf":"f.185E35FC6384979D85E72AD7E1746CD8.d.82C3015E8A3574B9821D644E37D03586.e.22816","ELEMENT":"f.185E35FC6384979D85E72AD7E1746CD8.d.82C3015E8A3574B9821D644E37D03586.e.22816"}]}
RESULT: {"script":"<script> [8489 bytes]","args":[{"element-6066-11e4-a52e-4f735466cecf":"f.185E35FC6384979D85E72AD7E1746CD8.d.82C3015E8A3574B9821D644E37D03586.e.22816","ELEMENT":"f.185E35FC6384979D85E72AD7E1746CD8.d.82C3015E8A3574B9821D644E37D03586.e.22816"}]}
COMMAND: GET /session/3097350609915d1f0d0e7f0005360ed5/element/f.185E35FC6384979D85E72AD7E1746CD8.d.82C3015E8A3574B9821D644E37D03586.e.22816/enabled - {}
COMMAND: GET /session/3097350609915d1f0d0e7f0005360ed5/screenshot - {}
RESULT: {}
COMMAND: POST /session/3097350609915d1f0d0e7f0005360ed5/element/f.185E35FC6384979D85E72AD7E1746CD8.d.82C3015E8A3574B9821D644E37D03586.e.22816/clear - {}
COMMAND: GET /session/3097350609915d1f0d0e7f0005360ed5/screenshot - {}
RESULT: {}
RESULT: {}
COMMAND: POST /session/3097350609915d1f0d0e7f0005360ed5/element/f.185E35FC6384979D85E72AD7E1746CD8.d.82C3015E8A3574B9821D644E37D03586.e.22816/value - {"text":"10366"}
COMMAND: GET /session/3097350609915d1f0d0e7f0005360ed5/screenshot - {}
RESULT: {}
RESULT: {"text":"10366"}
COMMAND: GET /session/3097350609915d1f0d0e7f0005360ed5/screenshot - {}
RESULT: {}
RESULT: {}
COMMAND: POST /session/3097350609915d1f0d0e7f0005360ed5/actions - {"actions":[{"id":"action85","type":"key","parameters":{},"actions":[{"type":"keyDown","value":"î€‡"},{"type":"pause","duration":10},{"type":"keyUp","value":"î€‡"}]}]}
RESULT: {"actions":[{"id":"action85","type":"key","parameters":{},"actions":[{"type":"keyDown","value":"î€‡"},{"type":"pause","duration":10},{"type":"keyUp","value":"î€‡"}]}]}
COMMAND: GET /session/3097350609915d1f0d0e7f0005360ed5/screenshot - {}
RESULT: {}
COMMAND: POST /session/3097350609915d1f0d0e7f0005360ed5/element - {"using":"xpath","value":"//span[contains(@id, \"masterListContractsSmartTable-header-inner\")]"}
RESULT: {"using":"xpath","value":"//span[contains(@id, \"masterListContractsSmartTable-header-inner\")]"}
COMMAND: POST /session/3097350609915d1f0d0e7f0005360ed5/elements - {"using":"xpath","value":"//span[contains(@id, \"masterListContractsSmartTable-header-inner\")]"}
RESULT: {"using":"xpath","value":"//span[contains(@id, \"masterListContractsSmartTable-header-inner\")]"}
COMMAND: POST /session/3097350609915d1f0d0e7f0005360ed5/execute/sync - {"script":"<script> [56 bytes]","args":[{"element-6066-11e4-a52e-4f735466cecf":"f.185E35FC6384979D85E72AD7E1746CD8.d.82C3015E8A3574B9821D644E37D03586.e.22922","ELEMENT":"f.185E35FC6384979D85E72AD7E1746CD8.d.82C3015E8A3574B9821D644E37D03586.e.22922"}]}
RESULT: {"script":"<script> [56 bytes]","args":[{"element-6066-11e4-a52e-4f735466cecf":"f.185E35FC6384979D85E72AD7E1746CD8.d.82C3015E8A3574B9821D644E37D03586.e.22922","ELEMENT":"f.185E35FC6384979D85E72AD7E1746CD8.d.82C3015E8A3574B9821D644E37D03586.e.22922"}]}
COMMAND: POST /session/3097350609915d1f0d0e7f0005360ed5/element - {"using":"xpath","value":"(//span[contains(@id, \"imgNav\")])[1]"}
COMMAND: GET /session/3097350609915d1f0d0e7f0005360ed5/screenshot - {}
RESULT: {"using":"xpath","value":"(//span[contains(@id, \"imgNav\")])[1]"}
COMMAND: POST /session/3097350609915d1f0d0e7f0005360ed5/element/f.185E35FC6384979D85E72AD7E1746CD8.d.82C3015E8A3574B9821D644E37D03586.e.22920/click - {}
RESULT: {}
RESULT: {}
COMMAND: GET /session/3097350609915d1f0d0e7f0005360ed5/screenshot - {}
RESULT: {}
COMMAND: POST /session/3097350609915d1f0d0e7f0005360ed5/element - {"using":"xpath","value":"//button[contains(@id, \"contractDetailReturnButton\")]"}
RESULT: {"using":"xpath","value":"//button[contains(@id, \"contractDetailReturnButton\")]"}
COMMAND: POST /session/3097350609915d1f0d0e7f0005360ed5/element/f.185E35FC6384979D85E72AD7E1746CD8.d.82C3015E8A3574B9821D644E37D03586.e.23043/click - {}
RESULT: {}
COMMAND: GET /session/3097350609915d1f0d0e7f0005360ed5/screenshot - {}
RESULT: {}
RESULT: undefined
COMMAND: POST /session/3097350609915d1f0d0e7f0005360ed5/execute/async - {"script":"<script> [776 bytes]","args":[{"enterText":"6/1/25","selector":{"id":"application-managehandovers-display-component---AddNewHO--dueDate","interaction":{"idSuffix":"inner"}},"clearTextFirst":true,"interactionType":"ENTER_TEXT"}]}
RESULT: {"script":"<script> [776 bytes]","args":[{"enterText":"6/1/25","selector":{"id":"application-managehandovers-display-component---AddNewHO--dueDate","interaction":{"idSuffix":"inner"}},"clearTextFirst":true,"interactionType":"ENTER_TEXT"}]}
COMMAND: POST /session/3097350609915d1f0d0e7f0005360ed5/element - {"using":"xpath","value":"//bdi[contains(text(), \"Instructions\")]"}
RESULT: {"using":"xpath","value":"//bdi[contains(text(), \"Instructions\")]"}
COMMAND: POST /session/3097350609915d1f0d0e7f0005360ed5/element/f.185E35FC6384979D85E72AD7E1746CD8.d.82C3015E8A3574B9821D644E37D03586.e.23357/click - {}
RESULT: {}
COMMAND: GET /session/3097350609915d1f0d0e7f0005360ed5/screenshot - {}
RESULT: {}
COMMAND: POST /session/3097350609915d1f0d0e7f0005360ed5/element - {"using":"xpath","value":"//button[@data-kt=\"AddNewHOProvideAddItemsButton\"]"}
RESULT: {"using":"xpath","value":"//button[@data-kt=\"AddNewHOProvideAddItemsButton\"]"}
COMMAND: POST /session/3097350609915d1f0d0e7f0005360ed5/element/f.185E35FC6384979D85E72AD7E1746CD8.d.82C3015E8A3574B9821D644E37D03586.e.23361/click - {}
RESULT: {}
COMMAND: GET /session/3097350609915d1f0d0e7f0005360ed5/screenshot - {}
RESULT: {}
RESULT: undefined
COMMAND: POST /session/3097350609915d1f0d0e7f0005360ed5/element - {"using":"xpath","value":"//*[@id=\"application-managehandovers-display-component---AddNewHO--popup-sa\"]"}
RESULT: {"using":"xpath","value":"//*[@id=\"application-managehandovers-display-component---AddNewHO--popup-sa\"]"}
COMMAND: POST /session/3097350609915d1f0d0e7f0005360ed5/element/f.185E35FC6384979D85E72AD7E1746CD8.d.82C3015E8A3574B9821D644E37D03586.e.23376/click - {}
RESULT: {}
COMMAND: GET /session/3097350609915d1f0d0e7f0005360ed5/screenshot - {}
RESULT: {}
COMMAND: POST /session/3097350609915d1f0d0e7f0005360ed5/element - {"using":"xpath","value":"//*[contains(@id ,\"BDI-content\")][contains(text(), \"Select\")]"}
RESULT: {"using":"xpath","value":"//*[contains(@id ,\"BDI-content\")][contains(text(), \"Select\")]"}
COMMAND: POST /session/3097350609915d1f0d0e7f0005360ed5/element/f.185E35FC6384979D85E72AD7E1746CD8.d.82C3015E8A3574B9821D644E37D03586.e.23378/click - {}
RESULT: {}
COMMAND: GET /session/3097350609915d1f0d0e7f0005360ed5/screenshot - {}
RESULT: {}
COMMAND: POST /session/3097350609915d1f0d0e7f0005360ed5/element - {"using":"xpath","value":"(//div[contains(@id, \"application-managehandovers-display-component---AddNewHO--oneStep-CbBg\")])"}
RESULT: {"using":"xpath","value":"(//div[contains(@id, \"application-managehandovers-display-component---AddNewHO--oneStep-CbBg\")])"}
COMMAND: POST /session/3097350609915d1f0d0e7f0005360ed5/element/f.185E35FC6384979D85E72AD7E1746CD8.d.82C3015E8A3574B9821D644E37D03586.e.23381/click - {}
RESULT: {}
RESULT: undefined
COMMAND: POST /session/3097350609915d1f0d0e7f0005360ed5/element - {"using":"xpath","value":"//*[@id=\"application-managehandovers-display-component---AddNewHO--confirmCreationButton\"]"}
COMMAND: GET /session/3097350609915d1f0d0e7f0005360ed5/screenshot - {}
RESULT: {"using":"xpath","value":"//*[@id=\"application-managehandovers-display-component---AddNewHO--confirmCreationButton\"]"}
COMMAND: POST /session/3097350609915d1f0d0e7f0005360ed5/element/f.185E35FC6384979D85E72AD7E1746CD8.d.82C3015E8A3574B9821D644E37D03586.e.23170/click - {}
RESULT: {}
RESULT: {}
COMMAND: GET /session/3097350609915d1f0d0e7f0005360ed5/screenshot - {}
RESULT: {}
RESULT: undefined
COMMAND: POST /session/3097350609915d1f0d0e7f0005360ed5/execute/async - {"script":"<script> [776 bytes]","args":[{"enterText":"6/1/25","selector":{"id":"issueDatePicker","viewName":"etm.portal.ui.managehandovers.view.DetailExecuteHO","interaction":{"idSuffix":"inner"}},"clearTextFirst":true,"interactionType":"ENTER_TEXT"}]}
RESULT: {"script":"<script> [776 bytes]","args":[{"enterText":"6/1/25","selector":{"id":"issueDatePicker","viewName":"etm.portal.ui.managehandovers.view.DetailExecuteHO","interaction":{"idSuffix":"inner"}},"clearTextFirst":true,"interactionType":"ENTER_TEXT"}]}
COMMAND: POST /session/3097350609915d1f0d0e7f0005360ed5/element - {"using":"xpath","value":"//bdi[contains(text(), \"OK\")]"}
RESULT: {"using":"xpath","value":"//bdi[contains(text(), \"OK\")]"}
COMMAND: POST /session/3097350609915d1f0d0e7f0005360ed5/element/f.185E35FC6384979D85E72AD7E1746CD8.d.82C3015E8A3574B9821D644E37D03586.e.23426/click - {}
RESULT: {}
COMMAND: GET /session/3097350609915d1f0d0e7f0005360ed5/screenshot - {}
RESULT: {}
COMMAND: POST /session/3097350609915d1f0d0e7f0005360ed5/element - {"using":"xpath","value":"//button[@data-kt=\"PickingTableConfirmAllButton\"]"}
RESULT: {"using":"xpath","value":"//button[@data-kt=\"PickingTableConfirmAllButton\"]"}
COMMAND: POST /session/3097350609915d1f0d0e7f0005360ed5/element/f.185E35FC6384979D85E72AD7E1746CD8.d.82C3015E8A3574B9821D644E37D03586.e.23432/click - {}
RESULT: {}
COMMAND: GET /session/3097350609915d1f0d0e7f0005360ed5/screenshot - {}
RESULT: {}
COMMAND: POST /session/3097350609915d1f0d0e7f0005360ed5/element - {"using":"xpath","value":"//bdi[contains(text(), \"OK\")]"}
RESULT: {"using":"xpath","value":"//bdi[contains(text(), \"OK\")]"}
COMMAND: POST /session/3097350609915d1f0d0e7f0005360ed5/element/f.185E35FC6384979D85E72AD7E1746CD8.d.82C3015E8A3574B9821D644E37D03586.e.23436/click - {}
RESULT: {}
COMMAND: GET /session/3097350609915d1f0d0e7f0005360ed5/screenshot - {}
RESULT: {}
COMMAND: POST /session/3097350609915d1f0d0e7f0005360ed5/element - {"using":"xpath","value":"//button[@data-kt=\"execHoPickButton\"]"}
RESULT: {"using":"xpath","value":"//button[@data-kt=\"execHoPickButton\"]"}
COMMAND: POST /session/3097350609915d1f0d0e7f0005360ed5/element/f.185E35FC6384979D85E72AD7E1746CD8.d.82C3015E8A3574B9821D644E37D03586.e.23437/click - {}
RESULT: {}
COMMAND: GET /session/3097350609915d1f0d0e7f0005360ed5/screenshot - {}
RESULT: {}
COMMAND: POST /session/3097350609915d1f0d0e7f0005360ed5/element - {"using":"xpath","value":"//span[contains(@id ,\"filterItemControl_BASIC-SEND_CONTRACT-vhi\")]"}
RESULT: {"using":"xpath","value":"//span[contains(@id ,\"filterItemControl_BASIC-SEND_CONTRACT-vhi\")]"}
COMMAND: POST /session/3097350609915d1f0d0e7f0005360ed5/element/f.185E35FC6384979D85E72AD7E1746CD8.d.82C3015E8A3574B9821D644E37D03586.e.23611/click - {}
RESULT: {}
COMMAND: GET /session/3097350609915d1f0d0e7f0005360ed5/screenshot - {}
RESULT: {}
RESULT: undefined
COMMAND: POST /session/3097350609915d1f0d0e7f0005360ed5/execute/async - {"script":"<script> [776 bytes]","args":[{"enterText":"10366","selector":{"controlType":"sap.m.SearchField","viewName":"etm.portal.ui.managehandovers.view.MasterHO","bindingPath":{"path":"","propertyPath":"/_BASIC_SEARCH_FIELD","modelName":"fi1t3rM0d31"},"searchOpenDialogs":true,"interaction":{"idSuffix":"I"}},"clearTextFirst":true,"interactionType":"ENTER_TEXT"}]}
RESULT: {"script":"<script> [776 bytes]","args":[{"enterText":"10366","selector":{"controlType":"sap.m.SearchField","viewName":"etm.portal.ui.managehandovers.view.MasterHO","bindingPath":{"path":"","propertyPath":"/_BASIC_SEARCH_FIELD","modelName":"fi1t3rM0d31"},"searchOpenDialogs":true,"interaction":{"idSuffix":"I"}},"clearTextFirst":true,"interactionType":"ENTER_TEXT"}]}
COMMAND: POST /session/3097350609915d1f0d0e7f0005360ed5/actions - {"actions":[{"id":"action86","type":"key","parameters":{},"actions":[{"type":"keyDown","value":"î€‡"},{"type":"pause","duration":10},{"type":"keyUp","value":"î€‡"}]}]}
RESULT: {"actions":[{"id":"action86","type":"key","parameters":{},"actions":[{"type":"keyDown","value":"î€‡"},{"type":"pause","duration":10},{"type":"keyUp","value":"î€‡"}]}]}
COMMAND: GET /session/3097350609915d1f0d0e7f0005360ed5/screenshot - {}
RESULT: {}
COMMAND: POST /session/3097350609915d1f0d0e7f0005360ed5/element - {"using":"xpath","value":"//div[contains(@id, 'filterItemControl_BASIC-SEND_CONTRACT-valueHelpDialog-table-rowsel0')]"}
RESULT: {"using":"xpath","value":"//div[contains(@id, 'filterItemControl_BASIC-SEND_CONTRACT-valueHelpDialog-table-rowsel0')]"}
COMMAND: POST /session/3097350609915d1f0d0e7f0005360ed5/element/f.185E35FC6384979D85E72AD7E1746CD8.d.82C3015E8A3574B9821D644E37D03586.e.23619/click - {}
RESULT: {}
COMMAND: GET /session/3097350609915d1f0d0e7f0005360ed5/screenshot - {}
RESULT: {}
COMMAND: POST /session/3097350609915d1f0d0e7f0005360ed5/element - {"using":"xpath","value":"//bdi[contains(text(), \"OK\")]"}
RESULT: {"using":"xpath","value":"//bdi[contains(text(), \"OK\")]"}
COMMAND: POST /session/3097350609915d1f0d0e7f0005360ed5/element/f.185E35FC6384979D85E72AD7E1746CD8.d.82C3015E8A3574B9821D644E37D03586.e.23621/click - {}
RESULT: {}
COMMAND: GET /session/3097350609915d1f0d0e7f0005360ed5/screenshot - {}
RESULT: {}
COMMAND: POST /session/3097350609915d1f0d0e7f0005360ed5/element - {"using":"xpath","value":"//span[contains(@id, \"smartTable-header-inner\")]"}
RESULT: {"using":"xpath","value":"//span[contains(@id, \"smartTable-header-inner\")]"}
COMMAND: POST /session/3097350609915d1f0d0e7f0005360ed5/elements - {"using":"xpath","value":"//span[contains(@id, \"smartTable-header-inner\")]"}
RESULT: {"using":"xpath","value":"//span[contains(@id, \"smartTable-header-inner\")]"}
COMMAND: POST /session/3097350609915d1f0d0e7f0005360ed5/execute/sync - {"script":"<script> [56 bytes]","args":[{"element-6066-11e4-a52e-4f735466cecf":"f.185E35FC6384979D85E72AD7E1746CD8.d.82C3015E8A3574B9821D644E37D03586.e.23650","ELEMENT":"f.185E35FC6384979D85E72AD7E1746CD8.d.82C3015E8A3574B9821D644E37D03586.e.23650"}]}
RESULT: {"script":"<script> [56 bytes]","args":[{"element-6066-11e4-a52e-4f735466cecf":"f.185E35FC6384979D85E72AD7E1746CD8.d.82C3015E8A3574B9821D644E37D03586.e.23650","ELEMENT":"f.185E35FC6384979D85E72AD7E1746CD8.d.82C3015E8A3574B9821D644E37D03586.e.23650"}]}
COMMAND: POST /session/3097350609915d1f0d0e7f0005360ed5/element - {"using":"xpath","value":"//table[contains(@id, \"customHandovers\")]//tbody/tr[1]/td[2]/span"}
COMMAND: GET /session/3097350609915d1f0d0e7f0005360ed5/screenshot - {}
RESULT: {"using":"xpath","value":"//table[contains(@id, \"customHandovers\")]//tbody/tr[1]/td[2]/span"}
COMMAND: POST /session/3097350609915d1f0d0e7f0005360ed5/execute/sync - {"script":"<script> [56 bytes]","args":[{"element-6066-11e4-a52e-4f735466cecf":"f.185E35FC6384979D85E72AD7E1746CD8.d.82C3015E8A3574B9821D644E37D03586.e.23651","ELEMENT":"f.185E35FC6384979D85E72AD7E1746CD8.d.82C3015E8A3574B9821D644E37D03586.e.23651"}]}
RESULT: {}
RESULT: {"script":"<script> [56 bytes]","args":[{"element-6066-11e4-a52e-4f735466cecf":"f.185E35FC6384979D85E72AD7E1746CD8.d.82C3015E8A3574B9821D644E37D03586.e.23651","ELEMENT":"f.185E35FC6384979D85E72AD7E1746CD8.d.82C3015E8A3574B9821D644E37D03586.e.23651"}]}
COMMAND: POST /session/3097350609915d1f0d0e7f0005360ed5/element - {"using":"xpath","value":"(//span[contains(@id, \"imgNav\")])[1]"}
COMMAND: GET /session/3097350609915d1f0d0e7f0005360ed5/screenshot - {}
RESULT: {"using":"xpath","value":"(//span[contains(@id, \"imgNav\")])[1]"}
COMMAND: POST /session/3097350609915d1f0d0e7f0005360ed5/element/f.185E35FC6384979D85E72AD7E1746CD8.d.82C3015E8A3574B9821D644E37D03586.e.23648/click - {}
RESULT: {}
RESULT: {}
COMMAND: GET /session/3097350609915d1f0d0e7f0005360ed5/screenshot - {}
RESULT: {}
RESULT: undefined
COMMAND: POST /session/3097350609915d1f0d0e7f0005360ed5/execute/async - {"script":"<script> [776 bytes]","args":[{"enterText":"6/1/25","selector":{"id":"issueDatePicker","viewName":"etm.portal.ui.managehandovers.view.DetailExecuteHO","interaction":{"idSuffix":"inner"}},"clearTextFirst":true,"interactionType":"ENTER_TEXT"}]}
RESULT: {"script":"<script> [776 bytes]","args":[{"enterText":"6/1/25","selector":{"id":"issueDatePicker","viewName":"etm.portal.ui.managehandovers.view.DetailExecuteHO","interaction":{"idSuffix":"inner"}},"clearTextFirst":true,"interactionType":"ENTER_TEXT"}]}
COMMAND: POST /session/3097350609915d1f0d0e7f0005360ed5/element - {"using":"xpath","value":"//button[@data-kt=\"PickingTableConfirmAllButton\"]"}
RESULT: {"using":"xpath","value":"//button[@data-kt=\"PickingTableConfirmAllButton\"]"}
COMMAND: POST /session/3097350609915d1f0d0e7f0005360ed5/element/f.185E35FC6384979D85E72AD7E1746CD8.d.82C3015E8A3574B9821D644E37D03586.e.23690/click - {}
RESULT: {}
COMMAND: GET /session/3097350609915d1f0d0e7f0005360ed5/screenshot - {}
RESULT: {}
COMMAND: POST /session/3097350609915d1f0d0e7f0005360ed5/element - {"using":"xpath","value":"//bdi[contains(text(), \"OK\")]"}
RESULT: {"using":"xpath","value":"//bdi[contains(text(), \"OK\")]"}
COMMAND: POST /session/3097350609915d1f0d0e7f0005360ed5/element/f.185E35FC6384979D85E72AD7E1746CD8.d.82C3015E8A3574B9821D644E37D03586.e.23703/click - {}
RESULT: {}
COMMAND: GET /session/3097350609915d1f0d0e7f0005360ed5/screenshot - {}
RESULT: {}
COMMAND: POST /session/3097350609915d1f0d0e7f0005360ed5/element - {"using":"xpath","value":"//button[@data-kt=\"execHoIssueButton\"]"}
RESULT: {"using":"xpath","value":"//button[@data-kt=\"execHoIssueButton\"]"}
COMMAND: POST /session/3097350609915d1f0d0e7f0005360ed5/element/f.185E35FC6384979D85E72AD7E1746CD8.d.82C3015E8A3574B9821D644E37D03586.e.23704/click - {}
RESULT: {}
COMMAND: GET /session/3097350609915d1f0d0e7f0005360ed5/screenshot - {}
RESULT: {}
COMMAND: POST /session/3097350609915d1f0d0e7f0005360ed5/element - {"using":"xpath","value":"//input[contains(@id ,\"smartFilterBar-btnBasicSearch-I\")]"}
RESULT: {"using":"xpath","value":"//input[contains(@id ,\"smartFilterBar-btnBasicSearch-I\")]"}
COMMAND: POST /session/3097350609915d1f0d0e7f0005360ed5/elements - {"using":"xpath","value":"//input[contains(@id ,\"smartFilterBar-btnBasicSearch-I\")]"}
RESULT: {"using":"xpath","value":"//input[contains(@id ,\"smartFilterBar-btnBasicSearch-I\")]"}
COMMAND: POST /session/3097350609915d1f0d0e7f0005360ed5/execute/sync - {"script":"<script> [8489 bytes]","args":[{"element-6066-11e4-a52e-4f735466cecf":"f.185E35FC6384979D85E72AD7E1746CD8.d.82C3015E8A3574B9821D644E37D03586.e.23105","ELEMENT":"f.185E35FC6384979D85E72AD7E1746CD8.d.82C3015E8A3574B9821D644E37D03586.e.23105"}]}
RESULT: {"script":"<script> [8489 bytes]","args":[{"element-6066-11e4-a52e-4f735466cecf":"f.185E35FC6384979D85E72AD7E1746CD8.d.82C3015E8A3574B9821D644E37D03586.e.23105","ELEMENT":"f.185E35FC6384979D85E72AD7E1746CD8.d.82C3015E8A3574B9821D644E37D03586.e.23105"}]}
COMMAND: GET /session/3097350609915d1f0d0e7f0005360ed5/element/f.185E35FC6384979D85E72AD7E1746CD8.d.82C3015E8A3574B9821D644E37D03586.e.23105/enabled - {}
COMMAND: GET /session/3097350609915d1f0d0e7f0005360ed5/screenshot - {}
RESULT: {}
COMMAND: POST /session/3097350609915d1f0d0e7f0005360ed5/element/f.185E35FC6384979D85E72AD7E1746CD8.d.82C3015E8A3574B9821D644E37D03586.e.23105/clear - {}
COMMAND: GET /session/3097350609915d1f0d0e7f0005360ed5/screenshot - {}
RESULT: {}
RESULT: {}
COMMAND: POST /session/3097350609915d1f0d0e7f0005360ed5/element/f.185E35FC6384979D85E72AD7E1746CD8.d.82C3015E8A3574B9821D644E37D03586.e.23105/value - {"text":"30706"}
COMMAND: GET /session/3097350609915d1f0d0e7f0005360ed5/screenshot - {}
RESULT: {}
RESULT: {"text":"30706"}
COMMAND: GET /session/3097350609915d1f0d0e7f0005360ed5/screenshot - {}
RESULT: {}
RESULT: {}
COMMAND: POST /session/3097350609915d1f0d0e7f0005360ed5/actions - {"actions":[{"id":"action87","type":"key","parameters":{},"actions":[{"type":"keyDown","value":"î€‡"},{"type":"pause","duration":10},{"type":"keyUp","value":"î€‡"}]}]}
RESULT: {"actions":[{"id":"action87","type":"key","parameters":{},"actions":[{"type":"keyDown","value":"î€‡"},{"type":"pause","duration":10},{"type":"keyUp","value":"î€‡"}]}]}
COMMAND: GET /session/3097350609915d1f0d0e7f0005360ed5/screenshot - {}
RESULT: {}
COMMAND: POST /session/3097350609915d1f0d0e7f0005360ed5/element - {"using":"xpath","value":"//span[contains(@id, \"smartTable-header-inner\")]"}
RESULT: {"using":"xpath","value":"//span[contains(@id, \"smartTable-header-inner\")]"}
COMMAND: POST /session/3097350609915d1f0d0e7f0005360ed5/elements - {"using":"xpath","value":"//span[contains(@id, \"smartTable-header-inner\")]"}
RESULT: {"using":"xpath","value":"//span[contains(@id, \"smartTable-header-inner\")]"}
COMMAND: POST /session/3097350609915d1f0d0e7f0005360ed5/execute/sync - {"script":"<script> [56 bytes]","args":[{"element-6066-11e4-a52e-4f735466cecf":"f.185E35FC6384979D85E72AD7E1746CD8.d.82C3015E8A3574B9821D644E37D03586.e.23650","ELEMENT":"f.185E35FC6384979D85E72AD7E1746CD8.d.82C3015E8A3574B9821D644E37D03586.e.23650"}]}
RESULT: {"script":"<script> [56 bytes]","args":[{"element-6066-11e4-a52e-4f735466cecf":"f.185E35FC6384979D85E72AD7E1746CD8.d.82C3015E8A3574B9821D644E37D03586.e.23650","ELEMENT":"f.185E35FC6384979D85E72AD7E1746CD8.d.82C3015E8A3574B9821D644E37D03586.e.23650"}]}
COMMAND: POST /session/3097350609915d1f0d0e7f0005360ed5/elements - {"using":"xpath","value":"//thead[contains(@class, \"sapMTableTH\")]/tr/th"}
COMMAND: GET /session/3097350609915d1f0d0e7f0005360ed5/screenshot - {}
RESULT: {"using":"xpath","value":"//thead[contains(@class, \"sapMTableTH\")]/tr/th"}
COMMAND: GET /session/3097350609915d1f0d0e7f0005360ed5/element/f.185E35FC6384979D85E72AD7E1746CD8.d.82C3015E8A3574B9821D644E37D03586.e.23741/text - {}
RESULT: {}
RESULT: {}
COMMAND: GET /session/3097350609915d1f0d0e7f0005360ed5/element/f.185E35FC6384979D85E72AD7E1746CD8.d.82C3015E8A3574B9821D644E37D03586.e.23742/text - {}
RESULT: {}
COMMAND: GET /session/3097350609915d1f0d0e7f0005360ed5/element/f.185E35FC6384979D85E72AD7E1746CD8.d.82C3015E8A3574B9821D644E37D03586.e.23134/text - {}
RESULT: {}
COMMAND: GET /session/3097350609915d1f0d0e7f0005360ed5/element/f.185E35FC6384979D85E72AD7E1746CD8.d.82C3015E8A3574B9821D644E37D03586.e.23136/text - {}
RESULT: {}
COMMAND: GET /session/3097350609915d1f0d0e7f0005360ed5/element/f.185E35FC6384979D85E72AD7E1746CD8.d.82C3015E8A3574B9821D644E37D03586.e.23709/text - {}
RESULT: {}
COMMAND: GET /session/3097350609915d1f0d0e7f0005360ed5/element/f.185E35FC6384979D85E72AD7E1746CD8.d.82C3015E8A3574B9821D644E37D03586.e.23710/text - {}
RESULT: {}
COMMAND: GET /session/3097350609915d1f0d0e7f0005360ed5/element/f.185E35FC6384979D85E72AD7E1746CD8.d.82C3015E8A3574B9821D644E37D03586.e.23711/text - {}
RESULT: {}
COMMAND: GET /session/3097350609915d1f0d0e7f0005360ed5/element/f.185E35FC6384979D85E72AD7E1746CD8.d.82C3015E8A3574B9821D644E37D03586.e.23712/text - {}
RESULT: {}
COMMAND: GET /session/3097350609915d1f0d0e7f0005360ed5/element/f.185E35FC6384979D85E72AD7E1746CD8.d.82C3015E8A3574B9821D644E37D03586.e.23713/text - {}
RESULT: {}
COMMAND: GET /session/3097350609915d1f0d0e7f0005360ed5/element/f.185E35FC6384979D85E72AD7E1746CD8.d.82C3015E8A3574B9821D644E37D03586.e.23714/text - {}
RESULT: {}
COMMAND: GET /session/3097350609915d1f0d0e7f0005360ed5/element/f.185E35FC6384979D85E72AD7E1746CD8.d.82C3015E8A3574B9821D644E37D03586.e.23715/text - {}
RESULT: {}
COMMAND: GET /session/3097350609915d1f0d0e7f0005360ed5/element/f.185E35FC6384979D85E72AD7E1746CD8.d.82C3015E8A3574B9821D644E37D03586.e.23716/text - {}
RESULT: {}
COMMAND: GET /session/3097350609915d1f0d0e7f0005360ed5/element/f.185E35FC6384979D85E72AD7E1746CD8.d.82C3015E8A3574B9821D644E37D03586.e.23717/text - {}
RESULT: {}
COMMAND: GET /session/3097350609915d1f0d0e7f0005360ed5/element/f.185E35FC6384979D85E72AD7E1746CD8.d.82C3015E8A3574B9821D644E37D03586.e.23137/text - {}
RESULT: {}
COMMAND: POST /session/3097350609915d1f0d0e7f0005360ed5/element - {"using":"xpath","value":"//tbody[contains(@id, \"customHandoversTable-tblBody\")]/tr[1]/td[14]/div/span"}
RESULT: {"using":"xpath","value":"//tbody[contains(@id, \"customHandoversTable-tblBody\")]/tr[1]/td[14]/div/span"}
COMMAND: POST /session/3097350609915d1f0d0e7f0005360ed5/execute/sync - {"script":"<script> [56 bytes]","args":[{"element-6066-11e4-a52e-4f735466cecf":"f.185E35FC6384979D85E72AD7E1746CD8.d.82C3015E8A3574B9821D644E37D03586.e.23795","ELEMENT":"f.185E35FC6384979D85E72AD7E1746CD8.d.82C3015E8A3574B9821D644E37D03586.e.23795"}]}
RESULT: {"script":"<script> [56 bytes]","args":[{"element-6066-11e4-a52e-4f735466cecf":"f.185E35FC6384979D85E72AD7E1746CD8.d.82C3015E8A3574B9821D644E37D03586.e.23795","ELEMENT":"f.185E35FC6384979D85E72AD7E1746CD8.d.82C3015E8A3574B9821D644E37D03586.e.23795"}]}
COMMAND: POST /session/3097350609915d1f0d0e7f0005360ed5/element - {"using":"xpath","value":"(//span[contains(@id, \"imgNav\")])[1]"}
COMMAND: GET /session/3097350609915d1f0d0e7f0005360ed5/screenshot - {}
RESULT: {"using":"xpath","value":"(//span[contains(@id, \"imgNav\")])[1]"}
COMMAND: POST /session/3097350609915d1f0d0e7f0005360ed5/element/f.185E35FC6384979D85E72AD7E1746CD8.d.82C3015E8A3574B9821D644E37D03586.e.23796/click - {}
RESULT: {}
RESULT: {}
COMMAND: GET /session/3097350609915d1f0d0e7f0005360ed5/screenshot - {}
RESULT: {}
RESULT: undefined
COMMAND: POST /session/3097350609915d1f0d0e7f0005360ed5/execute/async - {"script":"<script> [776 bytes]","args":[{"enterText":"6/8/25","selector":{"id":"receiptDatePicker","viewName":"etm.portal.ui.managehandovers.view.DetailExecuteHO","interaction":{"idSuffix":"inner"}},"clearTextFirst":true,"interactionType":"ENTER_TEXT"}]}
RESULT: {"script":"<script> [776 bytes]","args":[{"enterText":"6/8/25","selector":{"id":"receiptDatePicker","viewName":"etm.portal.ui.managehandovers.view.DetailExecuteHO","interaction":{"idSuffix":"inner"}},"clearTextFirst":true,"interactionType":"ENTER_TEXT"}]}
COMMAND: POST /session/3097350609915d1f0d0e7f0005360ed5/element - {"using":"xpath","value":"//bdi[contains(text(), \"OK\")]"}
RESULT: {"using":"xpath","value":"//bdi[contains(text(), \"OK\")]"}
COMMAND: POST /session/3097350609915d1f0d0e7f0005360ed5/element/f.185E35FC6384979D85E72AD7E1746CD8.d.82C3015E8A3574B9821D644E37D03586.e.23833/click - {}
RESULT: {}
COMMAND: GET /session/3097350609915d1f0d0e7f0005360ed5/screenshot - {}
RESULT: {}
COMMAND: POST /session/3097350609915d1f0d0e7f0005360ed5/element - {"using":"xpath","value":"//button[@data-kt=\"PickingTableConfirmAllButton\"]"}
RESULT: {"using":"xpath","value":"//button[@data-kt=\"PickingTableConfirmAllButton\"]"}
COMMAND: POST /session/3097350609915d1f0d0e7f0005360ed5/element/f.185E35FC6384979D85E72AD7E1746CD8.d.82C3015E8A3574B9821D644E37D03586.e.23815/click - {}
RESULT: {}
COMMAND: GET /session/3097350609915d1f0d0e7f0005360ed5/screenshot - {}
RESULT: {}
COMMAND: POST /session/3097350609915d1f0d0e7f0005360ed5/element - {"using":"xpath","value":"//bdi[contains(text(), \"OK\")]"}
RESULT: {"using":"xpath","value":"//bdi[contains(text(), \"OK\")]"}
COMMAND: POST /session/3097350609915d1f0d0e7f0005360ed5/element/f.185E35FC6384979D85E72AD7E1746CD8.d.82C3015E8A3574B9821D644E37D03586.e.23849/click - {}
RESULT: {}
COMMAND: GET /session/3097350609915d1f0d0e7f0005360ed5/screenshot - {}
RESULT: {}
COMMAND: POST /session/3097350609915d1f0d0e7f0005360ed5/element - {"using":"xpath","value":"//button[@data-kt= \"execHoReceiveButton\"]"}
RESULT: {"using":"xpath","value":"//button[@data-kt= \"execHoReceiveButton\"]"}
COMMAND: POST /session/3097350609915d1f0d0e7f0005360ed5/element/f.185E35FC6384979D85E72AD7E1746CD8.d.82C3015E8A3574B9821D644E37D03586.e.23850/click - {}
RESULT: {}
COMMAND: GET /session/3097350609915d1f0d0e7f0005360ed5/screenshot - {}
RESULT: {}
COMMAND: POST /session/3097350609915d1f0d0e7f0005360ed5/element - {"using":"xpath","value":"//input[contains(@id ,\"smartFilterBar-btnBasicSearch-I\")]"}
RESULT: {"using":"xpath","value":"//input[contains(@id ,\"smartFilterBar-btnBasicSearch-I\")]"}
COMMAND: POST /session/3097350609915d1f0d0e7f0005360ed5/elements - {"using":"xpath","value":"//input[contains(@id ,\"smartFilterBar-btnBasicSearch-I\")]"}
RESULT: {"using":"xpath","value":"//input[contains(@id ,\"smartFilterBar-btnBasicSearch-I\")]"}
COMMAND: POST /session/3097350609915d1f0d0e7f0005360ed5/execute/sync - {"script":"<script> [8489 bytes]","args":[{"element-6066-11e4-a52e-4f735466cecf":"f.185E35FC6384979D85E72AD7E1746CD8.d.82C3015E8A3574B9821D644E37D03586.e.23105","ELEMENT":"f.185E35FC6384979D85E72AD7E1746CD8.d.82C3015E8A3574B9821D644E37D03586.e.23105"}]}
RESULT: {"script":"<script> [8489 bytes]","args":[{"element-6066-11e4-a52e-4f735466cecf":"f.185E35FC6384979D85E72AD7E1746CD8.d.82C3015E8A3574B9821D644E37D03586.e.23105","ELEMENT":"f.185E35FC6384979D85E72AD7E1746CD8.d.82C3015E8A3574B9821D644E37D03586.e.23105"}]}
COMMAND: GET /session/3097350609915d1f0d0e7f0005360ed5/element/f.185E35FC6384979D85E72AD7E1746CD8.d.82C3015E8A3574B9821D644E37D03586.e.23105/enabled - {}
COMMAND: GET /session/3097350609915d1f0d0e7f0005360ed5/screenshot - {}
RESULT: {}
COMMAND: POST /session/3097350609915d1f0d0e7f0005360ed5/element/f.185E35FC6384979D85E72AD7E1746CD8.d.82C3015E8A3574B9821D644E37D03586.e.23105/clear - {}
COMMAND: GET /session/3097350609915d1f0d0e7f0005360ed5/screenshot - {}
RESULT: {}
RESULT: {}
COMMAND: POST /session/3097350609915d1f0d0e7f0005360ed5/element/f.185E35FC6384979D85E72AD7E1746CD8.d.82C3015E8A3574B9821D644E37D03586.e.23105/value - {"text":"30706"}
COMMAND: GET /session/3097350609915d1f0d0e7f0005360ed5/screenshot - {}
RESULT: {}
RESULT: {"text":"30706"}
COMMAND: GET /session/3097350609915d1f0d0e7f0005360ed5/screenshot - {}
RESULT: {}
RESULT: {}
COMMAND: POST /session/3097350609915d1f0d0e7f0005360ed5/actions - {"actions":[{"id":"action88","type":"key","parameters":{},"actions":[{"type":"keyDown","value":"î€‡"},{"type":"pause","duration":10},{"type":"keyUp","value":"î€‡"}]}]}
RESULT: {"actions":[{"id":"action88","type":"key","parameters":{},"actions":[{"type":"keyDown","value":"î€‡"},{"type":"pause","duration":10},{"type":"keyUp","value":"î€‡"}]}]}
COMMAND: GET /session/3097350609915d1f0d0e7f0005360ed5/screenshot - {}
RESULT: {}
COMMAND: POST /session/3097350609915d1f0d0e7f0005360ed5/element - {"using":"xpath","value":"//span[contains(@id, \"smartTable-header-inner\")]"}
RESULT: {"using":"xpath","value":"//span[contains(@id, \"smartTable-header-inner\")]"}
COMMAND: POST /session/3097350609915d1f0d0e7f0005360ed5/elements - {"using":"xpath","value":"//span[contains(@id, \"smartTable-header-inner\")]"}
RESULT: {"using":"xpath","value":"//span[contains(@id, \"smartTable-header-inner\")]"}
COMMAND: POST /session/3097350609915d1f0d0e7f0005360ed5/execute/sync - {"script":"<script> [56 bytes]","args":[{"element-6066-11e4-a52e-4f735466cecf":"f.185E35FC6384979D85E72AD7E1746CD8.d.82C3015E8A3574B9821D644E37D03586.e.23650","ELEMENT":"f.185E35FC6384979D85E72AD7E1746CD8.d.82C3015E8A3574B9821D644E37D03586.e.23650"}]}
RESULT: {"script":"<script> [56 bytes]","args":[{"element-6066-11e4-a52e-4f735466cecf":"f.185E35FC6384979D85E72AD7E1746CD8.d.82C3015E8A3574B9821D644E37D03586.e.23650","ELEMENT":"f.185E35FC6384979D85E72AD7E1746CD8.d.82C3015E8A3574B9821D644E37D03586.e.23650"}]}
COMMAND: POST /session/3097350609915d1f0d0e7f0005360ed5/elements - {"using":"xpath","value":"//thead[contains(@class, \"sapMTableTH\")]/tr/th"}
COMMAND: GET /session/3097350609915d1f0d0e7f0005360ed5/screenshot - {}
RESULT: {"using":"xpath","value":"//thead[contains(@class, \"sapMTableTH\")]/tr/th"}
COMMAND: GET /session/3097350609915d1f0d0e7f0005360ed5/element/f.185E35FC6384979D85E72AD7E1746CD8.d.82C3015E8A3574B9821D644E37D03586.e.23741/text - {}
RESULT: {}
RESULT: {}
COMMAND: GET /session/3097350609915d1f0d0e7f0005360ed5/element/f.185E35FC6384979D85E72AD7E1746CD8.d.82C3015E8A3574B9821D644E37D03586.e.23742/text - {}
RESULT: {}
COMMAND: GET /session/3097350609915d1f0d0e7f0005360ed5/element/f.185E35FC6384979D85E72AD7E1746CD8.d.82C3015E8A3574B9821D644E37D03586.e.23134/text - {}
RESULT: {}
COMMAND: GET /session/3097350609915d1f0d0e7f0005360ed5/element/f.185E35FC6384979D85E72AD7E1746CD8.d.82C3015E8A3574B9821D644E37D03586.e.23136/text - {}
RESULT: {}
COMMAND: GET /session/3097350609915d1f0d0e7f0005360ed5/element/f.185E35FC6384979D85E72AD7E1746CD8.d.82C3015E8A3574B9821D644E37D03586.e.23855/text - {}
RESULT: {}
COMMAND: GET /session/3097350609915d1f0d0e7f0005360ed5/element/f.185E35FC6384979D85E72AD7E1746CD8.d.82C3015E8A3574B9821D644E37D03586.e.23856/text - {}
RESULT: {}
COMMAND: GET /session/3097350609915d1f0d0e7f0005360ed5/element/f.185E35FC6384979D85E72AD7E1746CD8.d.82C3015E8A3574B9821D644E37D03586.e.23857/text - {}
RESULT: {}
COMMAND: GET /session/3097350609915d1f0d0e7f0005360ed5/element/f.185E35FC6384979D85E72AD7E1746CD8.d.82C3015E8A3574B9821D644E37D03586.e.23858/text - {}
RESULT: {}
COMMAND: GET /session/3097350609915d1f0d0e7f0005360ed5/element/f.185E35FC6384979D85E72AD7E1746CD8.d.82C3015E8A3574B9821D644E37D03586.e.23859/text - {}
RESULT: {}
COMMAND: GET /session/3097350609915d1f0d0e7f0005360ed5/element/f.185E35FC6384979D85E72AD7E1746CD8.d.82C3015E8A3574B9821D644E37D03586.e.23860/text - {}
RESULT: {}
COMMAND: GET /session/3097350609915d1f0d0e7f0005360ed5/element/f.185E35FC6384979D85E72AD7E1746CD8.d.82C3015E8A3574B9821D644E37D03586.e.23861/text - {}
RESULT: {}
COMMAND: GET /session/3097350609915d1f0d0e7f0005360ed5/element/f.185E35FC6384979D85E72AD7E1746CD8.d.82C3015E8A3574B9821D644E37D03586.e.23862/text - {}
RESULT: {}
COMMAND: GET /session/3097350609915d1f0d0e7f0005360ed5/element/f.185E35FC6384979D85E72AD7E1746CD8.d.82C3015E8A3574B9821D644E37D03586.e.23863/text - {}
RESULT: {}
COMMAND: GET /session/3097350609915d1f0d0e7f0005360ed5/element/f.185E35FC6384979D85E72AD7E1746CD8.d.82C3015E8A3574B9821D644E37D03586.e.23137/text - {}
RESULT: {}
COMMAND: POST /session/3097350609915d1f0d0e7f0005360ed5/element - {"using":"xpath","value":"//tbody[contains(@id, \"customHandoversTable-tblBody\")]/tr[1]/td[14]/div/span"}
RESULT: {"using":"xpath","value":"//tbody[contains(@id, \"customHandoversTable-tblBody\")]/tr[1]/td[14]/div/span"}
COMMAND: POST /session/3097350609915d1f0d0e7f0005360ed5/execute/sync - {"script":"<script> [56 bytes]","args":[{"element-6066-11e4-a52e-4f735466cecf":"f.185E35FC6384979D85E72AD7E1746CD8.d.82C3015E8A3574B9821D644E37D03586.e.23909","ELEMENT":"f.185E35FC6384979D85E72AD7E1746CD8.d.82C3015E8A3574B9821D644E37D03586.e.23909"}]}
RESULT: {"script":"<script> [56 bytes]","args":[{"element-6066-11e4-a52e-4f735466cecf":"f.185E35FC6384979D85E72AD7E1746CD8.d.82C3015E8A3574B9821D644E37D03586.e.23909","ELEMENT":"f.185E35FC6384979D85E72AD7E1746CD8.d.82C3015E8A3574B9821D644E37D03586.e.23909"}]}
COMMAND: POST /session/3097350609915d1f0d0e7f0005360ed5/element - {"using":"css selector","value":"#shell-header-logo"}
COMMAND: GET /session/3097350609915d1f0d0e7f0005360ed5/screenshot - {}
RESULT: {"using":"css selector","value":"#shell-header-logo"}
COMMAND: POST /session/3097350609915d1f0d0e7f0005360ed5/element/f.185E35FC6384979D85E72AD7E1746CD8.d.82C3015E8A3574B9821D644E37D03586.e.22807/click - {}
RESULT: {}
RESULT: {}
COMMAND: GET /session/3097350609915d1f0d0e7f0005360ed5/screenshot - {}
RESULT: {}
]]></system-out>
    </testcase>
    <testcase classname="chrome.136_0_7103_93.windows.Billing_Calculation_-_Time_based_(considering_transport_times)_US139738" name="Should do another billing run but in around 17 days from today" time="67.492">
      <system-out><![CDATA[
RESULT: undefined
COMMAND: POST /session/3097350609915d1f0d0e7f0005360ed5/element - {"using":"xpath","value":"//*[@id=\"__tile51\"]"}
RESULT: {"using":"xpath","value":"//*[@id=\"__tile51\"]"}
COMMAND: POST /session/3097350609915d1f0d0e7f0005360ed5/element/f.185E35FC6384979D85E72AD7E1746CD8.d.82C3015E8A3574B9821D644E37D03586.e.18140/click - {}
RESULT: {}
COMMAND: GET /session/3097350609915d1f0d0e7f0005360ed5/screenshot - {}
RESULT: {}
COMMAND: POST /session/3097350609915d1f0d0e7f0005360ed5/elements - {"using":"xpath","value":"//span[text()='Error']"}
RESULT: {"using":"xpath","value":"//span[text()='Error']"}
RESULT: undefined
COMMAND: POST /session/3097350609915d1f0d0e7f0005360ed5/execute/async - {"script":"<script> [776 bytes]","args":[{"enterText":"10366","selector":{"id":"application-managebillings-display-component---billRunCalcResult--smartFilterBar-btnBasicSearch","interaction":{"idSuffix":"I"}},"clearTextFirst":true,"interactionType":"ENTER_TEXT"}]}
RESULT: {"script":"<script> [776 bytes]","args":[{"enterText":"10366","selector":{"id":"application-managebillings-display-component---billRunCalcResult--smartFilterBar-btnBasicSearch","interaction":{"idSuffix":"I"}},"clearTextFirst":true,"interactionType":"ENTER_TEXT"}]}
COMMAND: POST /session/3097350609915d1f0d0e7f0005360ed5/actions - {"actions":[{"id":"action89","type":"key","parameters":{},"actions":[{"type":"keyDown","value":"î€‡"},{"type":"pause","duration":10},{"type":"keyUp","value":"î€‡"}]}]}
RESULT: {"actions":[{"id":"action89","type":"key","parameters":{},"actions":[{"type":"keyDown","value":"î€‡"},{"type":"pause","duration":10},{"type":"keyUp","value":"î€‡"}]}]}
COMMAND: GET /session/3097350609915d1f0d0e7f0005360ed5/screenshot - {}
RESULT: {}
COMMAND: POST /session/3097350609915d1f0d0e7f0005360ed5/element - {"using":"xpath","value":"//td[@aria-colindex=\"1\"]/div/div[contains(@class, \"sapMCbBg\")]"}
RESULT: {"using":"xpath","value":"//td[@aria-colindex=\"1\"]/div/div[contains(@class, \"sapMCbBg\")]"}
COMMAND: POST /session/3097350609915d1f0d0e7f0005360ed5/element/f.185E35FC6384979D85E72AD7E1746CD8.d.82C3015E8A3574B9821D644E37D03586.e.24119/click - {}
RESULT: {}
COMMAND: GET /session/3097350609915d1f0d0e7f0005360ed5/screenshot - {}
RESULT: {}
RESULT: undefined
COMMAND: POST /session/3097350609915d1f0d0e7f0005360ed5/execute/async - {"script":"<script> [776 bytes]","args":[{"enterText":"6/4/25","selector":{"id":"application-managebillings-display-component---billRunCalcResult--contractBillRunDate","interaction":{"idSuffix":"inner"}},"clearTextFirst":true,"interactionType":"ENTER_TEXT"}]}
RESULT: {"script":"<script> [776 bytes]","args":[{"enterText":"6/4/25","selector":{"id":"application-managebillings-display-component---billRunCalcResult--contractBillRunDate","interaction":{"idSuffix":"inner"}},"clearTextFirst":true,"interactionType":"ENTER_TEXT"}]}
COMMAND: POST /session/3097350609915d1f0d0e7f0005360ed5/element - {"using":"xpath","value":"//bdi[contains(text(), \"Trigger Calculation\")]"}
RESULT: {"using":"xpath","value":"//bdi[contains(text(), \"Trigger Calculation\")]"}
COMMAND: POST /session/3097350609915d1f0d0e7f0005360ed5/element/f.185E35FC6384979D85E72AD7E1746CD8.d.82C3015E8A3574B9821D644E37D03586.e.24170/click - {}
RESULT: {}
COMMAND: GET /session/3097350609915d1f0d0e7f0005360ed5/screenshot - {}
RESULT: {}
COMMAND: POST /session/3097350609915d1f0d0e7f0005360ed5/element - {"using":"xpath","value":"(//span[contains(@id, \"imgNav\")])[1]"}
RESULT: {"using":"xpath","value":"(//span[contains(@id, \"imgNav\")])[1]"}
COMMAND: POST /session/3097350609915d1f0d0e7f0005360ed5/element/f.185E35FC6384979D85E72AD7E1746CD8.d.82C3015E8A3574B9821D644E37D03586.e.24120/click - {}
RESULT: {}
COMMAND: GET /session/3097350609915d1f0d0e7f0005360ed5/screenshot - {}
RESULT: {}
COMMAND: POST /session/3097350609915d1f0d0e7f0005360ed5/element - {"using":"xpath","value":"//tr/td[6]/div[1]/span[1]/span[1]"}
RESULT: {"using":"xpath","value":"//tr/td[6]/div[1]/span[1]/span[1]"}
COMMAND: GET /session/3097350609915d1f0d0e7f0005360ed5/element/f.185E35FC6384979D85E72AD7E1746CD8.d.82C3015E8A3574B9821D644E37D03586.e.24175/text - {}
RESULT: {}
COMMAND: POST /session/3097350609915d1f0d0e7f0005360ed5/element - {"using":"xpath","value":"(//span[contains(@id, \"imgNav\")])[2]"}
RESULT: {"using":"xpath","value":"(//span[contains(@id, \"imgNav\")])[2]"}
COMMAND: POST /session/3097350609915d1f0d0e7f0005360ed5/element/f.185E35FC6384979D85E72AD7E1746CD8.d.82C3015E8A3574B9821D644E37D03586.e.24176/click - {}
RESULT: {}
COMMAND: POST /session/3097350609915d1f0d0e7f0005360ed5/element - {"using":"xpath","value":"//bdi[contains(text(), \"Business Confirm\")]"}
COMMAND: GET /session/3097350609915d1f0d0e7f0005360ed5/screenshot - {}
RESULT: {"using":"xpath","value":"//bdi[contains(text(), \"Business Confirm\")]"}
COMMAND: POST /session/3097350609915d1f0d0e7f0005360ed5/elements - {"using":"xpath","value":"//bdi[contains(text(), \"Business Confirm\")]"}
RESULT: {}
RESULT: {"using":"xpath","value":"//bdi[contains(text(), \"Business Confirm\")]"}
COMMAND: POST /session/3097350609915d1f0d0e7f0005360ed5/element - {"using":"xpath","value":"//bdi[contains(text(), \"Business Confirm\")]"}
RESULT: {"using":"xpath","value":"//bdi[contains(text(), \"Business Confirm\")]"}
COMMAND: POST /session/3097350609915d1f0d0e7f0005360ed5/element/f.185E35FC6384979D85E72AD7E1746CD8.d.82C3015E8A3574B9821D644E37D03586.e.24228/click - {}
RESULT: {}
COMMAND: POST /session/3097350609915d1f0d0e7f0005360ed5/element - {"using":"css selector","value":"#shell-header-logo"}
COMMAND: GET /session/3097350609915d1f0d0e7f0005360ed5/screenshot - {}
RESULT: {"using":"css selector","value":"#shell-header-logo"}
COMMAND: POST /session/3097350609915d1f0d0e7f0005360ed5/element/f.185E35FC6384979D85E72AD7E1746CD8.d.82C3015E8A3574B9821D644E37D03586.e.23913/click - {}
RESULT: {}
RESULT: {}
COMMAND: GET /session/3097350609915d1f0d0e7f0005360ed5/screenshot - {}
RESULT: {}
]]></system-out>
    </testcase>
    <testcase classname="chrome.136_0_7103_93.windows.Billing_Calculation_-_Time_based_(considering_transport_times)_US139738" name="Should transfer the billing all the way to completion" time="75.064">
      <system-out><![CDATA[
RESULT: undefined
COMMAND: POST /session/3097350609915d1f0d0e7f0005360ed5/element - {"using":"xpath","value":"//*[@id=\"__tile50\"]"}
RESULT: {"using":"xpath","value":"//*[@id=\"__tile50\"]"}
COMMAND: POST /session/3097350609915d1f0d0e7f0005360ed5/element/f.185E35FC6384979D85E72AD7E1746CD8.d.82C3015E8A3574B9821D644E37D03586.e.18138/click - {}
RESULT: {}
COMMAND: GET /session/3097350609915d1f0d0e7f0005360ed5/screenshot - {}
RESULT: {}
COMMAND: POST /session/3097350609915d1f0d0e7f0005360ed5/elements - {"using":"xpath","value":"//span[text()='Error']"}
RESULT: {"using":"xpath","value":"//span[text()='Error']"}
COMMAND: POST /session/3097350609915d1f0d0e7f0005360ed5/element - {"using":"xpath","value":"//input[contains(@id ,\"application-billingtransfer-display-component---billingWorkbench--smartFilterBar-btnBasicSearch\")]"}
RESULT: {"using":"xpath","value":"//input[contains(@id ,\"application-billingtransfer-display-component---billingWorkbench--smartFilterBar-btnBasicSearch\")]"}
COMMAND: POST /session/3097350609915d1f0d0e7f0005360ed5/elements - {"using":"xpath","value":"//input[contains(@id ,\"application-billingtransfer-display-component---billingWorkbench--smartFilterBar-btnBasicSearch\")]"}
RESULT: {"using":"xpath","value":"//input[contains(@id ,\"application-billingtransfer-display-component---billingWorkbench--smartFilterBar-btnBasicSearch\")]"}
COMMAND: POST /session/3097350609915d1f0d0e7f0005360ed5/execute/sync - {"script":"<script> [8489 bytes]","args":[{"element-6066-11e4-a52e-4f735466cecf":"f.185E35FC6384979D85E72AD7E1746CD8.d.82C3015E8A3574B9821D644E37D03586.e.24255","ELEMENT":"f.185E35FC6384979D85E72AD7E1746CD8.d.82C3015E8A3574B9821D644E37D03586.e.24255"}]}
RESULT: {"script":"<script> [8489 bytes]","args":[{"element-6066-11e4-a52e-4f735466cecf":"f.185E35FC6384979D85E72AD7E1746CD8.d.82C3015E8A3574B9821D644E37D03586.e.24255","ELEMENT":"f.185E35FC6384979D85E72AD7E1746CD8.d.82C3015E8A3574B9821D644E37D03586.e.24255"}]}
COMMAND: GET /session/3097350609915d1f0d0e7f0005360ed5/element/f.185E35FC6384979D85E72AD7E1746CD8.d.82C3015E8A3574B9821D644E37D03586.e.24255/enabled - {}
COMMAND: GET /session/3097350609915d1f0d0e7f0005360ed5/screenshot - {}
RESULT: {}
COMMAND: POST /session/3097350609915d1f0d0e7f0005360ed5/element/f.185E35FC6384979D85E72AD7E1746CD8.d.82C3015E8A3574B9821D644E37D03586.e.24255/click - {}
COMMAND: GET /session/3097350609915d1f0d0e7f0005360ed5/screenshot - {}
RESULT: {}
RESULT: {}
RESULT: {}
COMMAND: GET /session/3097350609915d1f0d0e7f0005360ed5/screenshot - {}
RESULT: {}
COMMAND: POST /session/3097350609915d1f0d0e7f0005360ed5/element/f.185E35FC6384979D85E72AD7E1746CD8.d.82C3015E8A3574B9821D644E37D03586.e.24255/clear - {}
RESULT: {}
COMMAND: POST /session/3097350609915d1f0d0e7f0005360ed5/element/f.185E35FC6384979D85E72AD7E1746CD8.d.82C3015E8A3574B9821D644E37D03586.e.24255/value - {"text":"10366"}
COMMAND: GET /session/3097350609915d1f0d0e7f0005360ed5/screenshot - {}
RESULT: {"text":"10366"}
COMMAND: POST /session/3097350609915d1f0d0e7f0005360ed5/actions - {"actions":[{"id":"action90","type":"key","parameters":{},"actions":[{"type":"keyDown","value":"î€‡"},{"type":"pause","duration":10},{"type":"keyUp","value":"î€‡"}]}]}
COMMAND: GET /session/3097350609915d1f0d0e7f0005360ed5/screenshot - {}
RESULT: {}
RESULT: {"actions":[{"id":"action90","type":"key","parameters":{},"actions":[{"type":"keyDown","value":"î€‡"},{"type":"pause","duration":10},{"type":"keyUp","value":"î€‡"}]}]}
COMMAND: GET /session/3097350609915d1f0d0e7f0005360ed5/screenshot - {}
RESULT: {}
RESULT: {}
COMMAND: POST /session/3097350609915d1f0d0e7f0005360ed5/element - {"using":"xpath","value":"//span[contains(@id ,\"application-billingtransfer-display-component---billingWorkbench--smartTableBillingRuns-header-inner\")]"}
RESULT: {"using":"xpath","value":"//span[contains(@id ,\"application-billingtransfer-display-component---billingWorkbench--smartTableBillingRuns-header-inner\")]"}
COMMAND: POST /session/3097350609915d1f0d0e7f0005360ed5/elements - {"using":"xpath","value":"//span[contains(@id ,\"application-billingtransfer-display-component---billingWorkbench--smartTableBillingRuns-header-inner\")]"}
RESULT: {"using":"xpath","value":"//span[contains(@id ,\"application-billingtransfer-display-component---billingWorkbench--smartTableBillingRuns-header-inner\")]"}
COMMAND: POST /session/3097350609915d1f0d0e7f0005360ed5/execute/sync - {"script":"<script> [56 bytes]","args":[{"element-6066-11e4-a52e-4f735466cecf":"f.185E35FC6384979D85E72AD7E1746CD8.d.82C3015E8A3574B9821D644E37D03586.e.24423","ELEMENT":"f.185E35FC6384979D85E72AD7E1746CD8.d.82C3015E8A3574B9821D644E37D03586.e.24423"}]}
RESULT: {"script":"<script> [56 bytes]","args":[{"element-6066-11e4-a52e-4f735466cecf":"f.185E35FC6384979D85E72AD7E1746CD8.d.82C3015E8A3574B9821D644E37D03586.e.24423","ELEMENT":"f.185E35FC6384979D85E72AD7E1746CD8.d.82C3015E8A3574B9821D644E37D03586.e.24423"}]}
COMMAND: POST /session/3097350609915d1f0d0e7f0005360ed5/element - {"using":"xpath","value":"//td[@aria-colindex=\"1\"]/div/div[contains(@class, \"sapMCbBg\")]"}
COMMAND: GET /session/3097350609915d1f0d0e7f0005360ed5/screenshot - {}
RESULT: {"using":"xpath","value":"//td[@aria-colindex=\"1\"]/div/div[contains(@class, \"sapMCbBg\")]"}
COMMAND: POST /session/3097350609915d1f0d0e7f0005360ed5/element/f.185E35FC6384979D85E72AD7E1746CD8.d.82C3015E8A3574B9821D644E37D03586.e.24370/click - {}
RESULT: {}
RESULT: {}
COMMAND: GET /session/3097350609915d1f0d0e7f0005360ed5/screenshot - {}
RESULT: {}
COMMAND: POST /session/3097350609915d1f0d0e7f0005360ed5/element - {"using":"xpath","value":"//bdi[contains(text(), \"Check\")]"}
RESULT: {"using":"xpath","value":"//bdi[contains(text(), \"Check\")]"}
COMMAND: POST /session/3097350609915d1f0d0e7f0005360ed5/element/f.185E35FC6384979D85E72AD7E1746CD8.d.82C3015E8A3574B9821D644E37D03586.e.24424/click - {}
RESULT: {}
COMMAND: GET /session/3097350609915d1f0d0e7f0005360ed5/screenshot - {}
RESULT: {}
COMMAND: POST /session/3097350609915d1f0d0e7f0005360ed5/element - {"using":"xpath","value":"//bdi[contains(text(), \"OK\")]"}
RESULT: {"using":"xpath","value":"//bdi[contains(text(), \"OK\")]"}
COMMAND: POST /session/3097350609915d1f0d0e7f0005360ed5/element/f.185E35FC6384979D85E72AD7E1746CD8.d.82C3015E8A3574B9821D644E37D03586.e.24427/click - {}
RESULT: {}
COMMAND: GET /session/3097350609915d1f0d0e7f0005360ed5/screenshot - {}
RESULT: {}
COMMAND: POST /session/3097350609915d1f0d0e7f0005360ed5/element - {"using":"xpath","value":"(//span[contains(text(), \"CO/SD checked\")]/parent::div/preceding-sibling::div/span)[1]"}
RESULT: {"using":"xpath","value":"(//span[contains(text(), \"CO/SD checked\")]/parent::div/preceding-sibling::div/span)[1]"}
COMMAND: POST /session/3097350609915d1f0d0e7f0005360ed5/element/f.185E35FC6384979D85E72AD7E1746CD8.d.82C3015E8A3574B9821D644E37D03586.e.24428/click - {}
RESULT: {}
COMMAND: GET /session/3097350609915d1f0d0e7f0005360ed5/screenshot - {}
RESULT: {}
COMMAND: POST /session/3097350609915d1f0d0e7f0005360ed5/element - {"using":"xpath","value":"//input[contains(@id ,\"application-billingtransfer-display-component---billingWorkbench--smartFilterBar-btnBasicSearch\")]"}
RESULT: {"using":"xpath","value":"//input[contains(@id ,\"application-billingtransfer-display-component---billingWorkbench--smartFilterBar-btnBasicSearch\")]"}
COMMAND: POST /session/3097350609915d1f0d0e7f0005360ed5/elements - {"using":"xpath","value":"//input[contains(@id ,\"application-billingtransfer-display-component---billingWorkbench--smartFilterBar-btnBasicSearch\")]"}
RESULT: {"using":"xpath","value":"//input[contains(@id ,\"application-billingtransfer-display-component---billingWorkbench--smartFilterBar-btnBasicSearch\")]"}
COMMAND: POST /session/3097350609915d1f0d0e7f0005360ed5/execute/sync - {"script":"<script> [8489 bytes]","args":[{"element-6066-11e4-a52e-4f735466cecf":"f.185E35FC6384979D85E72AD7E1746CD8.d.82C3015E8A3574B9821D644E37D03586.e.24255","ELEMENT":"f.185E35FC6384979D85E72AD7E1746CD8.d.82C3015E8A3574B9821D644E37D03586.e.24255"}]}
RESULT: {"script":"<script> [8489 bytes]","args":[{"element-6066-11e4-a52e-4f735466cecf":"f.185E35FC6384979D85E72AD7E1746CD8.d.82C3015E8A3574B9821D644E37D03586.e.24255","ELEMENT":"f.185E35FC6384979D85E72AD7E1746CD8.d.82C3015E8A3574B9821D644E37D03586.e.24255"}]}
COMMAND: GET /session/3097350609915d1f0d0e7f0005360ed5/element/f.185E35FC6384979D85E72AD7E1746CD8.d.82C3015E8A3574B9821D644E37D03586.e.24255/enabled - {}
COMMAND: GET /session/3097350609915d1f0d0e7f0005360ed5/screenshot - {}
RESULT: {}
COMMAND: POST /session/3097350609915d1f0d0e7f0005360ed5/element/f.185E35FC6384979D85E72AD7E1746CD8.d.82C3015E8A3574B9821D644E37D03586.e.24255/click - {}
COMMAND: GET /session/3097350609915d1f0d0e7f0005360ed5/screenshot - {}
RESULT: {}
RESULT: {}
COMMAND: GET /session/3097350609915d1f0d0e7f0005360ed5/screenshot - {}
RESULT: {}
RESULT: {}
COMMAND: POST /session/3097350609915d1f0d0e7f0005360ed5/element/f.185E35FC6384979D85E72AD7E1746CD8.d.82C3015E8A3574B9821D644E37D03586.e.24255/clear - {}
RESULT: {}
COMMAND: POST /session/3097350609915d1f0d0e7f0005360ed5/element/f.185E35FC6384979D85E72AD7E1746CD8.d.82C3015E8A3574B9821D644E37D03586.e.24255/value - {"text":"10366"}
COMMAND: GET /session/3097350609915d1f0d0e7f0005360ed5/screenshot - {}
RESULT: {"text":"10366"}
COMMAND: POST /session/3097350609915d1f0d0e7f0005360ed5/actions - {"actions":[{"id":"action91","type":"key","parameters":{},"actions":[{"type":"keyDown","value":"î€‡"},{"type":"pause","duration":10},{"type":"keyUp","value":"î€‡"}]}]}
COMMAND: GET /session/3097350609915d1f0d0e7f0005360ed5/screenshot - {}
RESULT: {}
RESULT: {"actions":[{"id":"action91","type":"key","parameters":{},"actions":[{"type":"keyDown","value":"î€‡"},{"type":"pause","duration":10},{"type":"keyUp","value":"î€‡"}]}]}
COMMAND: GET /session/3097350609915d1f0d0e7f0005360ed5/screenshot - {}
RESULT: {}
RESULT: {}
COMMAND: POST /session/3097350609915d1f0d0e7f0005360ed5/element - {"using":"xpath","value":"//span[contains(@id ,\"application-billingtransfer-display-component---billingWorkbench--smartTableBillingRuns-header-inner\")]"}
RESULT: {"using":"xpath","value":"//span[contains(@id ,\"application-billingtransfer-display-component---billingWorkbench--smartTableBillingRuns-header-inner\")]"}
COMMAND: POST /session/3097350609915d1f0d0e7f0005360ed5/elements - {"using":"xpath","value":"//span[contains(@id ,\"application-billingtransfer-display-component---billingWorkbench--smartTableBillingRuns-header-inner\")]"}
RESULT: {"using":"xpath","value":"//span[contains(@id ,\"application-billingtransfer-display-component---billingWorkbench--smartTableBillingRuns-header-inner\")]"}
COMMAND: POST /session/3097350609915d1f0d0e7f0005360ed5/execute/sync - {"script":"<script> [56 bytes]","args":[{"element-6066-11e4-a52e-4f735466cecf":"f.185E35FC6384979D85E72AD7E1746CD8.d.82C3015E8A3574B9821D644E37D03586.e.24423","ELEMENT":"f.185E35FC6384979D85E72AD7E1746CD8.d.82C3015E8A3574B9821D644E37D03586.e.24423"}]}
RESULT: {"script":"<script> [56 bytes]","args":[{"element-6066-11e4-a52e-4f735466cecf":"f.185E35FC6384979D85E72AD7E1746CD8.d.82C3015E8A3574B9821D644E37D03586.e.24423","ELEMENT":"f.185E35FC6384979D85E72AD7E1746CD8.d.82C3015E8A3574B9821D644E37D03586.e.24423"}]}
COMMAND: POST /session/3097350609915d1f0d0e7f0005360ed5/element - {"using":"xpath","value":"//td[@aria-colindex=\"1\"]/div/div[contains(@class, \"sapMCbBg\")]"}
COMMAND: GET /session/3097350609915d1f0d0e7f0005360ed5/screenshot - {}
RESULT: {"using":"xpath","value":"//td[@aria-colindex=\"1\"]/div/div[contains(@class, \"sapMCbBg\")]"}
COMMAND: POST /session/3097350609915d1f0d0e7f0005360ed5/element/f.185E35FC6384979D85E72AD7E1746CD8.d.82C3015E8A3574B9821D644E37D03586.e.24431/click - {}
RESULT: {}
RESULT: {}
COMMAND: GET /session/3097350609915d1f0d0e7f0005360ed5/screenshot - {}
RESULT: {}
COMMAND: POST /session/3097350609915d1f0d0e7f0005360ed5/element - {"using":"xpath","value":"//bdi[text()=\"Transfer\"]"}
RESULT: {"using":"xpath","value":"//bdi[text()=\"Transfer\"]"}
COMMAND: POST /session/3097350609915d1f0d0e7f0005360ed5/element/f.185E35FC6384979D85E72AD7E1746CD8.d.82C3015E8A3574B9821D644E37D03586.e.24432/click - {}
RESULT: {}
COMMAND: GET /session/3097350609915d1f0d0e7f0005360ed5/screenshot - {}
RESULT: {}
COMMAND: POST /session/3097350609915d1f0d0e7f0005360ed5/element - {"using":"xpath","value":"//bdi[contains(text(), \"OK\")]"}
RESULT: {"using":"xpath","value":"//bdi[contains(text(), \"OK\")]"}
COMMAND: POST /session/3097350609915d1f0d0e7f0005360ed5/element/f.185E35FC6384979D85E72AD7E1746CD8.d.82C3015E8A3574B9821D644E37D03586.e.24435/click - {}
RESULT: {}
COMMAND: GET /session/3097350609915d1f0d0e7f0005360ed5/screenshot - {}
RESULT: {}
COMMAND: POST /session/3097350609915d1f0d0e7f0005360ed5/element - {"using":"xpath","value":"(//span[contains(text(), \"Completed\")]/parent::div/preceding-sibling::div/span)[1]"}
RESULT: {"using":"xpath","value":"(//span[contains(text(), \"Completed\")]/parent::div/preceding-sibling::div/span)[1]"}
COMMAND: POST /session/3097350609915d1f0d0e7f0005360ed5/element/f.185E35FC6384979D85E72AD7E1746CD8.d.82C3015E8A3574B9821D644E37D03586.e.24443/click - {}
RESULT: {}
COMMAND: POST /session/3097350609915d1f0d0e7f0005360ed5/element - {"using":"xpath","value":"//input[contains(@id ,\"application-billingtransfer-display-component---billingWorkbench--smartFilterBar-btnBasicSearch\")]"}
COMMAND: GET /session/3097350609915d1f0d0e7f0005360ed5/screenshot - {}
RESULT: {"using":"xpath","value":"//input[contains(@id ,\"application-billingtransfer-display-component---billingWorkbench--smartFilterBar-btnBasicSearch\")]"}
COMMAND: POST /session/3097350609915d1f0d0e7f0005360ed5/elements - {"using":"xpath","value":"//input[contains(@id ,\"application-billingtransfer-display-component---billingWorkbench--smartFilterBar-btnBasicSearch\")]"}
RESULT: {}
RESULT: {"using":"xpath","value":"//input[contains(@id ,\"application-billingtransfer-display-component---billingWorkbench--smartFilterBar-btnBasicSearch\")]"}
COMMAND: POST /session/3097350609915d1f0d0e7f0005360ed5/execute/sync - {"script":"<script> [8489 bytes]","args":[{"element-6066-11e4-a52e-4f735466cecf":"f.185E35FC6384979D85E72AD7E1746CD8.d.82C3015E8A3574B9821D644E37D03586.e.24255","ELEMENT":"f.185E35FC6384979D85E72AD7E1746CD8.d.82C3015E8A3574B9821D644E37D03586.e.24255"}]}
RESULT: {"script":"<script> [8489 bytes]","args":[{"element-6066-11e4-a52e-4f735466cecf":"f.185E35FC6384979D85E72AD7E1746CD8.d.82C3015E8A3574B9821D644E37D03586.e.24255","ELEMENT":"f.185E35FC6384979D85E72AD7E1746CD8.d.82C3015E8A3574B9821D644E37D03586.e.24255"}]}
COMMAND: GET /session/3097350609915d1f0d0e7f0005360ed5/element/f.185E35FC6384979D85E72AD7E1746CD8.d.82C3015E8A3574B9821D644E37D03586.e.24255/enabled - {}
COMMAND: GET /session/3097350609915d1f0d0e7f0005360ed5/screenshot - {}
RESULT: {}
COMMAND: POST /session/3097350609915d1f0d0e7f0005360ed5/element/f.185E35FC6384979D85E72AD7E1746CD8.d.82C3015E8A3574B9821D644E37D03586.e.24255/click - {}
COMMAND: GET /session/3097350609915d1f0d0e7f0005360ed5/screenshot - {}
RESULT: {}
RESULT: {}
COMMAND: GET /session/3097350609915d1f0d0e7f0005360ed5/screenshot - {}
RESULT: {}
RESULT: {}
COMMAND: POST /session/3097350609915d1f0d0e7f0005360ed5/element/f.185E35FC6384979D85E72AD7E1746CD8.d.82C3015E8A3574B9821D644E37D03586.e.24255/clear - {}
RESULT: {}
COMMAND: POST /session/3097350609915d1f0d0e7f0005360ed5/element/f.185E35FC6384979D85E72AD7E1746CD8.d.82C3015E8A3574B9821D644E37D03586.e.24255/value - {"text":"10366"}
COMMAND: GET /session/3097350609915d1f0d0e7f0005360ed5/screenshot - {}
RESULT: {"text":"10366"}
COMMAND: POST /session/3097350609915d1f0d0e7f0005360ed5/actions - {"actions":[{"id":"action92","type":"key","parameters":{},"actions":[{"type":"keyDown","value":"î€‡"},{"type":"pause","duration":10},{"type":"keyUp","value":"î€‡"}]}]}
COMMAND: GET /session/3097350609915d1f0d0e7f0005360ed5/screenshot - {}
RESULT: {}
RESULT: {"actions":[{"id":"action92","type":"key","parameters":{},"actions":[{"type":"keyDown","value":"î€‡"},{"type":"pause","duration":10},{"type":"keyUp","value":"î€‡"}]}]}
COMMAND: GET /session/3097350609915d1f0d0e7f0005360ed5/screenshot - {}
RESULT: {}
RESULT: {}
COMMAND: POST /session/3097350609915d1f0d0e7f0005360ed5/element - {"using":"xpath","value":"//span[contains(@id ,\"application-billingtransfer-display-component---billingWorkbench--smartTableBillingRuns-header-inner\")]"}
RESULT: {"using":"xpath","value":"//span[contains(@id ,\"application-billingtransfer-display-component---billingWorkbench--smartTableBillingRuns-header-inner\")]"}
COMMAND: POST /session/3097350609915d1f0d0e7f0005360ed5/elements - {"using":"xpath","value":"//span[contains(@id ,\"application-billingtransfer-display-component---billingWorkbench--smartTableBillingRuns-header-inner\")]"}
RESULT: {"using":"xpath","value":"//span[contains(@id ,\"application-billingtransfer-display-component---billingWorkbench--smartTableBillingRuns-header-inner\")]"}
COMMAND: POST /session/3097350609915d1f0d0e7f0005360ed5/execute/sync - {"script":"<script> [56 bytes]","args":[{"element-6066-11e4-a52e-4f735466cecf":"f.185E35FC6384979D85E72AD7E1746CD8.d.82C3015E8A3574B9821D644E37D03586.e.24423","ELEMENT":"f.185E35FC6384979D85E72AD7E1746CD8.d.82C3015E8A3574B9821D644E37D03586.e.24423"}]}
RESULT: {"script":"<script> [56 bytes]","args":[{"element-6066-11e4-a52e-4f735466cecf":"f.185E35FC6384979D85E72AD7E1746CD8.d.82C3015E8A3574B9821D644E37D03586.e.24423","ELEMENT":"f.185E35FC6384979D85E72AD7E1746CD8.d.82C3015E8A3574B9821D644E37D03586.e.24423"}]}
COMMAND: POST /session/3097350609915d1f0d0e7f0005360ed5/element - {"using":"css selector","value":"#shell-header-logo"}
COMMAND: GET /session/3097350609915d1f0d0e7f0005360ed5/screenshot - {}
RESULT: {"using":"css selector","value":"#shell-header-logo"}
COMMAND: POST /session/3097350609915d1f0d0e7f0005360ed5/element/f.185E35FC6384979D85E72AD7E1746CD8.d.82C3015E8A3574B9821D644E37D03586.e.24253/click - {}
RESULT: {}
RESULT: {}
COMMAND: GET /session/3097350609915d1f0d0e7f0005360ed5/screenshot - {}
RESULT: {}
]]></system-out>
    </testcase>
    <testcase classname="chrome.136_0_7103_93.windows.Billing_Calculation_-_Time_based_(considering_transport_times)_US139738" name="Should do another billing run but in around 25 days from today" time="67.75">
      <system-out><![CDATA[
RESULT: undefined
COMMAND: POST /session/3097350609915d1f0d0e7f0005360ed5/element - {"using":"xpath","value":"//*[@id=\"__tile51\"]"}
RESULT: {"using":"xpath","value":"//*[@id=\"__tile51\"]"}
COMMAND: POST /session/3097350609915d1f0d0e7f0005360ed5/element/f.185E35FC6384979D85E72AD7E1746CD8.d.82C3015E8A3574B9821D644E37D03586.e.18140/click - {}
RESULT: {}
COMMAND: GET /session/3097350609915d1f0d0e7f0005360ed5/screenshot - {}
RESULT: {}
COMMAND: POST /session/3097350609915d1f0d0e7f0005360ed5/elements - {"using":"xpath","value":"//span[text()='Error']"}
RESULT: {"using":"xpath","value":"//span[text()='Error']"}
RESULT: undefined
COMMAND: POST /session/3097350609915d1f0d0e7f0005360ed5/execute/async - {"script":"<script> [776 bytes]","args":[{"enterText":"10366","selector":{"id":"application-managebillings-display-component---billRunCalcResult--smartFilterBar-btnBasicSearch","interaction":{"idSuffix":"I"}},"clearTextFirst":true,"interactionType":"ENTER_TEXT"}]}
RESULT: {"script":"<script> [776 bytes]","args":[{"enterText":"10366","selector":{"id":"application-managebillings-display-component---billRunCalcResult--smartFilterBar-btnBasicSearch","interaction":{"idSuffix":"I"}},"clearTextFirst":true,"interactionType":"ENTER_TEXT"}]}
COMMAND: POST /session/3097350609915d1f0d0e7f0005360ed5/actions - {"actions":[{"id":"action93","type":"key","parameters":{},"actions":[{"type":"keyDown","value":"î€‡"},{"type":"pause","duration":10},{"type":"keyUp","value":"î€‡"}]}]}
RESULT: {"actions":[{"id":"action93","type":"key","parameters":{},"actions":[{"type":"keyDown","value":"î€‡"},{"type":"pause","duration":10},{"type":"keyUp","value":"î€‡"}]}]}
COMMAND: GET /session/3097350609915d1f0d0e7f0005360ed5/screenshot - {}
RESULT: {}
COMMAND: POST /session/3097350609915d1f0d0e7f0005360ed5/element - {"using":"xpath","value":"//td[@aria-colindex=\"1\"]/div/div[contains(@class, \"sapMCbBg\")]"}
RESULT: {"using":"xpath","value":"//td[@aria-colindex=\"1\"]/div/div[contains(@class, \"sapMCbBg\")]"}
COMMAND: POST /session/3097350609915d1f0d0e7f0005360ed5/element/f.185E35FC6384979D85E72AD7E1746CD8.d.82C3015E8A3574B9821D644E37D03586.e.24657/click - {}
RESULT: {}
COMMAND: GET /session/3097350609915d1f0d0e7f0005360ed5/screenshot - {}
RESULT: {}
RESULT: undefined
COMMAND: POST /session/3097350609915d1f0d0e7f0005360ed5/execute/async - {"script":"<script> [776 bytes]","args":[{"enterText":"6/12/25","selector":{"id":"application-managebillings-display-component---billRunCalcResult--contractBillRunDate","interaction":{"idSuffix":"inner"}},"clearTextFirst":true,"interactionType":"ENTER_TEXT"}]}
RESULT: {"script":"<script> [776 bytes]","args":[{"enterText":"6/12/25","selector":{"id":"application-managebillings-display-component---billRunCalcResult--contractBillRunDate","interaction":{"idSuffix":"inner"}},"clearTextFirst":true,"interactionType":"ENTER_TEXT"}]}
COMMAND: POST /session/3097350609915d1f0d0e7f0005360ed5/element - {"using":"xpath","value":"//bdi[contains(text(), \"Trigger Calculation\")]"}
RESULT: {"using":"xpath","value":"//bdi[contains(text(), \"Trigger Calculation\")]"}
COMMAND: POST /session/3097350609915d1f0d0e7f0005360ed5/element/f.185E35FC6384979D85E72AD7E1746CD8.d.82C3015E8A3574B9821D644E37D03586.e.24713/click - {}
RESULT: {}
COMMAND: GET /session/3097350609915d1f0d0e7f0005360ed5/screenshot - {}
RESULT: {}
COMMAND: POST /session/3097350609915d1f0d0e7f0005360ed5/element - {"using":"xpath","value":"(//span[contains(@id, \"imgNav\")])[1]"}
RESULT: {"using":"xpath","value":"(//span[contains(@id, \"imgNav\")])[1]"}
COMMAND: POST /session/3097350609915d1f0d0e7f0005360ed5/element/f.185E35FC6384979D85E72AD7E1746CD8.d.82C3015E8A3574B9821D644E37D03586.e.24658/click - {}
RESULT: {}
COMMAND: GET /session/3097350609915d1f0d0e7f0005360ed5/screenshot - {}
RESULT: {}
COMMAND: POST /session/3097350609915d1f0d0e7f0005360ed5/element - {"using":"xpath","value":"//tr/td[6]/div[1]/span[1]/span[1]"}
RESULT: {"using":"xpath","value":"//tr/td[6]/div[1]/span[1]/span[1]"}
COMMAND: GET /session/3097350609915d1f0d0e7f0005360ed5/element/f.185E35FC6384979D85E72AD7E1746CD8.d.82C3015E8A3574B9821D644E37D03586.e.24717/text - {}
RESULT: {}
COMMAND: POST /session/3097350609915d1f0d0e7f0005360ed5/element - {"using":"xpath","value":"(//span[contains(@id, \"imgNav\")])[2]"}
RESULT: {"using":"xpath","value":"(//span[contains(@id, \"imgNav\")])[2]"}
COMMAND: POST /session/3097350609915d1f0d0e7f0005360ed5/element/f.185E35FC6384979D85E72AD7E1746CD8.d.82C3015E8A3574B9821D644E37D03586.e.24718/click - {}
RESULT: {}
COMMAND: POST /session/3097350609915d1f0d0e7f0005360ed5/element - {"using":"xpath","value":"//bdi[contains(text(), \"Business Confirm\")]"}
COMMAND: GET /session/3097350609915d1f0d0e7f0005360ed5/screenshot - {}
RESULT: {"using":"xpath","value":"//bdi[contains(text(), \"Business Confirm\")]"}
COMMAND: POST /session/3097350609915d1f0d0e7f0005360ed5/elements - {"using":"xpath","value":"//bdi[contains(text(), \"Business Confirm\")]"}
RESULT: {}
RESULT: {"using":"xpath","value":"//bdi[contains(text(), \"Business Confirm\")]"}
COMMAND: POST /session/3097350609915d1f0d0e7f0005360ed5/element - {"using":"xpath","value":"//bdi[contains(text(), \"Business Confirm\")]"}
RESULT: {"using":"xpath","value":"//bdi[contains(text(), \"Business Confirm\")]"}
COMMAND: POST /session/3097350609915d1f0d0e7f0005360ed5/element/f.185E35FC6384979D85E72AD7E1746CD8.d.82C3015E8A3574B9821D644E37D03586.e.24759/click - {}
RESULT: {}
COMMAND: POST /session/3097350609915d1f0d0e7f0005360ed5/element - {"using":"css selector","value":"#shell-header-logo"}
COMMAND: GET /session/3097350609915d1f0d0e7f0005360ed5/screenshot - {}
RESULT: {"using":"css selector","value":"#shell-header-logo"}
COMMAND: POST /session/3097350609915d1f0d0e7f0005360ed5/element/f.185E35FC6384979D85E72AD7E1746CD8.d.82C3015E8A3574B9821D644E37D03586.e.24454/click - {}
RESULT: {}
RESULT: {}
COMMAND: GET /session/3097350609915d1f0d0e7f0005360ed5/screenshot - {}
RESULT: {}
]]></system-out>
    </testcase>
    <testcase classname="chrome.136_0_7103_93.windows.Billing_Calculation_-_Time_based_(considering_transport_times)_US139738" name="Should transfer the billing all the way to completion" time="79.633">
      <system-out><![CDATA[
RESULT: undefined
COMMAND: POST /session/3097350609915d1f0d0e7f0005360ed5/element - {"using":"xpath","value":"//*[@id=\"__tile50\"]"}
RESULT: {"using":"xpath","value":"//*[@id=\"__tile50\"]"}
COMMAND: POST /session/3097350609915d1f0d0e7f0005360ed5/element/f.185E35FC6384979D85E72AD7E1746CD8.d.82C3015E8A3574B9821D644E37D03586.e.18138/click - {}
RESULT: {}
COMMAND: GET /session/3097350609915d1f0d0e7f0005360ed5/screenshot - {}
RESULT: {}
COMMAND: POST /session/3097350609915d1f0d0e7f0005360ed5/elements - {"using":"xpath","value":"//span[text()='Error']"}
RESULT: {"using":"xpath","value":"//span[text()='Error']"}
COMMAND: POST /session/3097350609915d1f0d0e7f0005360ed5/element - {"using":"xpath","value":"//input[contains(@id ,\"application-billingtransfer-display-component---billingWorkbench--smartFilterBar-btnBasicSearch\")]"}
RESULT: {"using":"xpath","value":"//input[contains(@id ,\"application-billingtransfer-display-component---billingWorkbench--smartFilterBar-btnBasicSearch\")]"}
COMMAND: POST /session/3097350609915d1f0d0e7f0005360ed5/elements - {"using":"xpath","value":"//input[contains(@id ,\"application-billingtransfer-display-component---billingWorkbench--smartFilterBar-btnBasicSearch\")]"}
RESULT: {"using":"xpath","value":"//input[contains(@id ,\"application-billingtransfer-display-component---billingWorkbench--smartFilterBar-btnBasicSearch\")]"}
COMMAND: POST /session/3097350609915d1f0d0e7f0005360ed5/execute/sync - {"script":"<script> [8489 bytes]","args":[{"element-6066-11e4-a52e-4f735466cecf":"f.185E35FC6384979D85E72AD7E1746CD8.d.82C3015E8A3574B9821D644E37D03586.e.24785","ELEMENT":"f.185E35FC6384979D85E72AD7E1746CD8.d.82C3015E8A3574B9821D644E37D03586.e.24785"}]}
RESULT: {"script":"<script> [8489 bytes]","args":[{"element-6066-11e4-a52e-4f735466cecf":"f.185E35FC6384979D85E72AD7E1746CD8.d.82C3015E8A3574B9821D644E37D03586.e.24785","ELEMENT":"f.185E35FC6384979D85E72AD7E1746CD8.d.82C3015E8A3574B9821D644E37D03586.e.24785"}]}
COMMAND: GET /session/3097350609915d1f0d0e7f0005360ed5/element/f.185E35FC6384979D85E72AD7E1746CD8.d.82C3015E8A3574B9821D644E37D03586.e.24785/enabled - {}
COMMAND: GET /session/3097350609915d1f0d0e7f0005360ed5/screenshot - {}
RESULT: {}
COMMAND: POST /session/3097350609915d1f0d0e7f0005360ed5/element/f.185E35FC6384979D85E72AD7E1746CD8.d.82C3015E8A3574B9821D644E37D03586.e.24785/click - {}
COMMAND: GET /session/3097350609915d1f0d0e7f0005360ed5/screenshot - {}
RESULT: {}
RESULT: {}
COMMAND: GET /session/3097350609915d1f0d0e7f0005360ed5/screenshot - {}
RESULT: {}
RESULT: {}
COMMAND: POST /session/3097350609915d1f0d0e7f0005360ed5/element/f.185E35FC6384979D85E72AD7E1746CD8.d.82C3015E8A3574B9821D644E37D03586.e.24785/clear - {}
RESULT: {}
COMMAND: POST /session/3097350609915d1f0d0e7f0005360ed5/element/f.185E35FC6384979D85E72AD7E1746CD8.d.82C3015E8A3574B9821D644E37D03586.e.24785/value - {"text":"10366"}
COMMAND: GET /session/3097350609915d1f0d0e7f0005360ed5/screenshot - {}
RESULT: {"text":"10366"}
COMMAND: POST /session/3097350609915d1f0d0e7f0005360ed5/actions - {"actions":[{"id":"action94","type":"key","parameters":{},"actions":[{"type":"keyDown","value":"î€‡"},{"type":"pause","duration":10},{"type":"keyUp","value":"î€‡"}]}]}
COMMAND: GET /session/3097350609915d1f0d0e7f0005360ed5/screenshot - {}
RESULT: {}
RESULT: {"actions":[{"id":"action94","type":"key","parameters":{},"actions":[{"type":"keyDown","value":"î€‡"},{"type":"pause","duration":10},{"type":"keyUp","value":"î€‡"}]}]}
COMMAND: GET /session/3097350609915d1f0d0e7f0005360ed5/screenshot - {}
RESULT: {}
RESULT: {}
COMMAND: POST /session/3097350609915d1f0d0e7f0005360ed5/element - {"using":"xpath","value":"//span[contains(@id ,\"application-billingtransfer-display-component---billingWorkbench--smartTableBillingRuns-header-inner\")]"}
RESULT: {"using":"xpath","value":"//span[contains(@id ,\"application-billingtransfer-display-component---billingWorkbench--smartTableBillingRuns-header-inner\")]"}
COMMAND: POST /session/3097350609915d1f0d0e7f0005360ed5/elements - {"using":"xpath","value":"//span[contains(@id ,\"application-billingtransfer-display-component---billingWorkbench--smartTableBillingRuns-header-inner\")]"}
RESULT: {"using":"xpath","value":"//span[contains(@id ,\"application-billingtransfer-display-component---billingWorkbench--smartTableBillingRuns-header-inner\")]"}
COMMAND: POST /session/3097350609915d1f0d0e7f0005360ed5/execute/sync - {"script":"<script> [56 bytes]","args":[{"element-6066-11e4-a52e-4f735466cecf":"f.185E35FC6384979D85E72AD7E1746CD8.d.82C3015E8A3574B9821D644E37D03586.e.25128","ELEMENT":"f.185E35FC6384979D85E72AD7E1746CD8.d.82C3015E8A3574B9821D644E37D03586.e.25128"}]}
RESULT: {"script":"<script> [56 bytes]","args":[{"element-6066-11e4-a52e-4f735466cecf":"f.185E35FC6384979D85E72AD7E1746CD8.d.82C3015E8A3574B9821D644E37D03586.e.25128","ELEMENT":"f.185E35FC6384979D85E72AD7E1746CD8.d.82C3015E8A3574B9821D644E37D03586.e.25128"}]}
COMMAND: POST /session/3097350609915d1f0d0e7f0005360ed5/element - {"using":"xpath","value":"//td[@aria-colindex=\"1\"]/div/div[contains(@class, \"sapMCbBg\")]"}
COMMAND: GET /session/3097350609915d1f0d0e7f0005360ed5/screenshot - {}
RESULT: {"using":"xpath","value":"//td[@aria-colindex=\"1\"]/div/div[contains(@class, \"sapMCbBg\")]"}
COMMAND: POST /session/3097350609915d1f0d0e7f0005360ed5/element/f.185E35FC6384979D85E72AD7E1746CD8.d.82C3015E8A3574B9821D644E37D03586.e.25119/click - {}
RESULT: {}
RESULT: {}
COMMAND: GET /session/3097350609915d1f0d0e7f0005360ed5/screenshot - {}
RESULT: {}
COMMAND: POST /session/3097350609915d1f0d0e7f0005360ed5/element - {"using":"xpath","value":"//bdi[contains(text(), \"Check\")]"}
RESULT: {"using":"xpath","value":"//bdi[contains(text(), \"Check\")]"}
COMMAND: POST /session/3097350609915d1f0d0e7f0005360ed5/element/f.185E35FC6384979D85E72AD7E1746CD8.d.82C3015E8A3574B9821D644E37D03586.e.25129/click - {}
RESULT: {}
COMMAND: GET /session/3097350609915d1f0d0e7f0005360ed5/screenshot - {}
RESULT: {}
COMMAND: POST /session/3097350609915d1f0d0e7f0005360ed5/element - {"using":"xpath","value":"//bdi[contains(text(), \"OK\")]"}
RESULT: {"using":"xpath","value":"//bdi[contains(text(), \"OK\")]"}
COMMAND: POST /session/3097350609915d1f0d0e7f0005360ed5/element/f.185E35FC6384979D85E72AD7E1746CD8.d.82C3015E8A3574B9821D644E37D03586.e.25132/click - {}
RESULT: {}
COMMAND: GET /session/3097350609915d1f0d0e7f0005360ed5/screenshot - {}
RESULT: {}
COMMAND: POST /session/3097350609915d1f0d0e7f0005360ed5/element - {"using":"xpath","value":"(//span[contains(text(), \"CO/SD checked\")]/parent::div/preceding-sibling::div/span)[1]"}
RESULT: {"using":"xpath","value":"(//span[contains(text(), \"CO/SD checked\")]/parent::div/preceding-sibling::div/span)[1]"}
COMMAND: POST /session/3097350609915d1f0d0e7f0005360ed5/element/f.185E35FC6384979D85E72AD7E1746CD8.d.82C3015E8A3574B9821D644E37D03586.e.25133/click - {}
RESULT: {}
COMMAND: GET /session/3097350609915d1f0d0e7f0005360ed5/screenshot - {}
RESULT: {}
COMMAND: POST /session/3097350609915d1f0d0e7f0005360ed5/element - {"using":"xpath","value":"//input[contains(@id ,\"application-billingtransfer-display-component---billingWorkbench--smartFilterBar-btnBasicSearch\")]"}
RESULT: {"using":"xpath","value":"//input[contains(@id ,\"application-billingtransfer-display-component---billingWorkbench--smartFilterBar-btnBasicSearch\")]"}
COMMAND: POST /session/3097350609915d1f0d0e7f0005360ed5/elements - {"using":"xpath","value":"//input[contains(@id ,\"application-billingtransfer-display-component---billingWorkbench--smartFilterBar-btnBasicSearch\")]"}
RESULT: {"using":"xpath","value":"//input[contains(@id ,\"application-billingtransfer-display-component---billingWorkbench--smartFilterBar-btnBasicSearch\")]"}
COMMAND: POST /session/3097350609915d1f0d0e7f0005360ed5/execute/sync - {"script":"<script> [8489 bytes]","args":[{"element-6066-11e4-a52e-4f735466cecf":"f.185E35FC6384979D85E72AD7E1746CD8.d.82C3015E8A3574B9821D644E37D03586.e.24785","ELEMENT":"f.185E35FC6384979D85E72AD7E1746CD8.d.82C3015E8A3574B9821D644E37D03586.e.24785"}]}
RESULT: {"script":"<script> [8489 bytes]","args":[{"element-6066-11e4-a52e-4f735466cecf":"f.185E35FC6384979D85E72AD7E1746CD8.d.82C3015E8A3574B9821D644E37D03586.e.24785","ELEMENT":"f.185E35FC6384979D85E72AD7E1746CD8.d.82C3015E8A3574B9821D644E37D03586.e.24785"}]}
COMMAND: GET /session/3097350609915d1f0d0e7f0005360ed5/element/f.185E35FC6384979D85E72AD7E1746CD8.d.82C3015E8A3574B9821D644E37D03586.e.24785/enabled - {}
COMMAND: GET /session/3097350609915d1f0d0e7f0005360ed5/screenshot - {}
RESULT: {}
COMMAND: POST /session/3097350609915d1f0d0e7f0005360ed5/element/f.185E35FC6384979D85E72AD7E1746CD8.d.82C3015E8A3574B9821D644E37D03586.e.24785/click - {}
COMMAND: GET /session/3097350609915d1f0d0e7f0005360ed5/screenshot - {}
RESULT: {}
RESULT: {}
COMMAND: GET /session/3097350609915d1f0d0e7f0005360ed5/screenshot - {}
RESULT: {}
RESULT: {}
COMMAND: POST /session/3097350609915d1f0d0e7f0005360ed5/element/f.185E35FC6384979D85E72AD7E1746CD8.d.82C3015E8A3574B9821D644E37D03586.e.24785/clear - {}
RESULT: {}
COMMAND: POST /session/3097350609915d1f0d0e7f0005360ed5/element/f.185E35FC6384979D85E72AD7E1746CD8.d.82C3015E8A3574B9821D644E37D03586.e.24785/value - {"text":"10366"}
COMMAND: GET /session/3097350609915d1f0d0e7f0005360ed5/screenshot - {}
RESULT: {"text":"10366"}
COMMAND: POST /session/3097350609915d1f0d0e7f0005360ed5/actions - {"actions":[{"id":"action95","type":"key","parameters":{},"actions":[{"type":"keyDown","value":"î€‡"},{"type":"pause","duration":10},{"type":"keyUp","value":"î€‡"}]}]}
COMMAND: GET /session/3097350609915d1f0d0e7f0005360ed5/screenshot - {}
RESULT: {}
RESULT: {"actions":[{"id":"action95","type":"key","parameters":{},"actions":[{"type":"keyDown","value":"î€‡"},{"type":"pause","duration":10},{"type":"keyUp","value":"î€‡"}]}]}
COMMAND: GET /session/3097350609915d1f0d0e7f0005360ed5/screenshot - {}
RESULT: {}
RESULT: {}
COMMAND: POST /session/3097350609915d1f0d0e7f0005360ed5/element - {"using":"xpath","value":"//span[contains(@id ,\"application-billingtransfer-display-component---billingWorkbench--smartTableBillingRuns-header-inner\")]"}
RESULT: {"using":"xpath","value":"//span[contains(@id ,\"application-billingtransfer-display-component---billingWorkbench--smartTableBillingRuns-header-inner\")]"}
COMMAND: POST /session/3097350609915d1f0d0e7f0005360ed5/elements - {"using":"xpath","value":"//span[contains(@id ,\"application-billingtransfer-display-component---billingWorkbench--smartTableBillingRuns-header-inner\")]"}
RESULT: {"using":"xpath","value":"//span[contains(@id ,\"application-billingtransfer-display-component---billingWorkbench--smartTableBillingRuns-header-inner\")]"}
COMMAND: POST /session/3097350609915d1f0d0e7f0005360ed5/execute/sync - {"script":"<script> [56 bytes]","args":[{"element-6066-11e4-a52e-4f735466cecf":"f.185E35FC6384979D85E72AD7E1746CD8.d.82C3015E8A3574B9821D644E37D03586.e.25128","ELEMENT":"f.185E35FC6384979D85E72AD7E1746CD8.d.82C3015E8A3574B9821D644E37D03586.e.25128"}]}
RESULT: {"script":"<script> [56 bytes]","args":[{"element-6066-11e4-a52e-4f735466cecf":"f.185E35FC6384979D85E72AD7E1746CD8.d.82C3015E8A3574B9821D644E37D03586.e.25128","ELEMENT":"f.185E35FC6384979D85E72AD7E1746CD8.d.82C3015E8A3574B9821D644E37D03586.e.25128"}]}
COMMAND: POST /session/3097350609915d1f0d0e7f0005360ed5/element - {"using":"xpath","value":"//td[@aria-colindex=\"1\"]/div/div[contains(@class, \"sapMCbBg\")]"}
COMMAND: GET /session/3097350609915d1f0d0e7f0005360ed5/screenshot - {}
RESULT: {"using":"xpath","value":"//td[@aria-colindex=\"1\"]/div/div[contains(@class, \"sapMCbBg\")]"}
COMMAND: POST /session/3097350609915d1f0d0e7f0005360ed5/element/f.185E35FC6384979D85E72AD7E1746CD8.d.82C3015E8A3574B9821D644E37D03586.e.25136/click - {}
RESULT: {}
RESULT: {}
COMMAND: GET /session/3097350609915d1f0d0e7f0005360ed5/screenshot - {}
RESULT: {}
COMMAND: POST /session/3097350609915d1f0d0e7f0005360ed5/element - {"using":"xpath","value":"//bdi[text()=\"Transfer\"]"}
RESULT: {"using":"xpath","value":"//bdi[text()=\"Transfer\"]"}
COMMAND: POST /session/3097350609915d1f0d0e7f0005360ed5/element/f.185E35FC6384979D85E72AD7E1746CD8.d.82C3015E8A3574B9821D644E37D03586.e.25137/click - {}
RESULT: {}
COMMAND: GET /session/3097350609915d1f0d0e7f0005360ed5/screenshot - {}
RESULT: {}
COMMAND: POST /session/3097350609915d1f0d0e7f0005360ed5/element - {"using":"xpath","value":"//bdi[contains(text(), \"OK\")]"}
RESULT: {"using":"xpath","value":"//bdi[contains(text(), \"OK\")]"}
COMMAND: POST /session/3097350609915d1f0d0e7f0005360ed5/element/f.185E35FC6384979D85E72AD7E1746CD8.d.82C3015E8A3574B9821D644E37D03586.e.25140/click - {}
RESULT: {}
COMMAND: GET /session/3097350609915d1f0d0e7f0005360ed5/screenshot - {}
RESULT: {}
COMMAND: POST /session/3097350609915d1f0d0e7f0005360ed5/element - {"using":"xpath","value":"(//span[contains(text(), \"Completed\")]/parent::div/preceding-sibling::div/span)[1]"}
RESULT: {"using":"xpath","value":"(//span[contains(text(), \"Completed\")]/parent::div/preceding-sibling::div/span)[1]"}
COMMAND: POST /session/3097350609915d1f0d0e7f0005360ed5/element/f.185E35FC6384979D85E72AD7E1746CD8.d.82C3015E8A3574B9821D644E37D03586.e.25149/click - {}
RESULT: {}
COMMAND: POST /session/3097350609915d1f0d0e7f0005360ed5/element - {"using":"xpath","value":"//input[contains(@id ,\"application-billingtransfer-display-component---billingWorkbench--smartFilterBar-btnBasicSearch\")]"}
COMMAND: GET /session/3097350609915d1f0d0e7f0005360ed5/screenshot - {}
RESULT: {"using":"xpath","value":"//input[contains(@id ,\"application-billingtransfer-display-component---billingWorkbench--smartFilterBar-btnBasicSearch\")]"}
COMMAND: POST /session/3097350609915d1f0d0e7f0005360ed5/elements - {"using":"xpath","value":"//input[contains(@id ,\"application-billingtransfer-display-component---billingWorkbench--smartFilterBar-btnBasicSearch\")]"}
RESULT: {}
RESULT: {"using":"xpath","value":"//input[contains(@id ,\"application-billingtransfer-display-component---billingWorkbench--smartFilterBar-btnBasicSearch\")]"}
COMMAND: POST /session/3097350609915d1f0d0e7f0005360ed5/execute/sync - {"script":"<script> [8489 bytes]","args":[{"element-6066-11e4-a52e-4f735466cecf":"f.185E35FC6384979D85E72AD7E1746CD8.d.82C3015E8A3574B9821D644E37D03586.e.24785","ELEMENT":"f.185E35FC6384979D85E72AD7E1746CD8.d.82C3015E8A3574B9821D644E37D03586.e.24785"}]}
RESULT: {"script":"<script> [8489 bytes]","args":[{"element-6066-11e4-a52e-4f735466cecf":"f.185E35FC6384979D85E72AD7E1746CD8.d.82C3015E8A3574B9821D644E37D03586.e.24785","ELEMENT":"f.185E35FC6384979D85E72AD7E1746CD8.d.82C3015E8A3574B9821D644E37D03586.e.24785"}]}
COMMAND: GET /session/3097350609915d1f0d0e7f0005360ed5/element/f.185E35FC6384979D85E72AD7E1746CD8.d.82C3015E8A3574B9821D644E37D03586.e.24785/enabled - {}
COMMAND: GET /session/3097350609915d1f0d0e7f0005360ed5/screenshot - {}
RESULT: {}
COMMAND: POST /session/3097350609915d1f0d0e7f0005360ed5/element/f.185E35FC6384979D85E72AD7E1746CD8.d.82C3015E8A3574B9821D644E37D03586.e.24785/click - {}
COMMAND: GET /session/3097350609915d1f0d0e7f0005360ed5/screenshot - {}
RESULT: {}
RESULT: {}
COMMAND: GET /session/3097350609915d1f0d0e7f0005360ed5/screenshot - {}
RESULT: {}
RESULT: {}
COMMAND: POST /session/3097350609915d1f0d0e7f0005360ed5/element/f.185E35FC6384979D85E72AD7E1746CD8.d.82C3015E8A3574B9821D644E37D03586.e.24785/clear - {}
RESULT: {}
COMMAND: POST /session/3097350609915d1f0d0e7f0005360ed5/element/f.185E35FC6384979D85E72AD7E1746CD8.d.82C3015E8A3574B9821D644E37D03586.e.24785/value - {"text":"10366"}
COMMAND: GET /session/3097350609915d1f0d0e7f0005360ed5/screenshot - {}
RESULT: {"text":"10366"}
COMMAND: POST /session/3097350609915d1f0d0e7f0005360ed5/actions - {"actions":[{"id":"action96","type":"key","parameters":{},"actions":[{"type":"keyDown","value":"î€‡"},{"type":"pause","duration":10},{"type":"keyUp","value":"î€‡"}]}]}
COMMAND: GET /session/3097350609915d1f0d0e7f0005360ed5/screenshot - {}
RESULT: {}
RESULT: {"actions":[{"id":"action96","type":"key","parameters":{},"actions":[{"type":"keyDown","value":"î€‡"},{"type":"pause","duration":10},{"type":"keyUp","value":"î€‡"}]}]}
COMMAND: GET /session/3097350609915d1f0d0e7f0005360ed5/screenshot - {}
RESULT: {}
RESULT: {}
COMMAND: POST /session/3097350609915d1f0d0e7f0005360ed5/element - {"using":"xpath","value":"//span[contains(@id ,\"application-billingtransfer-display-component---billingWorkbench--smartTableBillingRuns-header-inner\")]"}
RESULT: {"using":"xpath","value":"//span[contains(@id ,\"application-billingtransfer-display-component---billingWorkbench--smartTableBillingRuns-header-inner\")]"}
COMMAND: POST /session/3097350609915d1f0d0e7f0005360ed5/elements - {"using":"xpath","value":"//span[contains(@id ,\"application-billingtransfer-display-component---billingWorkbench--smartTableBillingRuns-header-inner\")]"}
RESULT: {"using":"xpath","value":"//span[contains(@id ,\"application-billingtransfer-display-component---billingWorkbench--smartTableBillingRuns-header-inner\")]"}
COMMAND: POST /session/3097350609915d1f0d0e7f0005360ed5/execute/sync - {"script":"<script> [56 bytes]","args":[{"element-6066-11e4-a52e-4f735466cecf":"f.185E35FC6384979D85E72AD7E1746CD8.d.82C3015E8A3574B9821D644E37D03586.e.25128","ELEMENT":"f.185E35FC6384979D85E72AD7E1746CD8.d.82C3015E8A3574B9821D644E37D03586.e.25128"}]}
RESULT: {"script":"<script> [56 bytes]","args":[{"element-6066-11e4-a52e-4f735466cecf":"f.185E35FC6384979D85E72AD7E1746CD8.d.82C3015E8A3574B9821D644E37D03586.e.25128","ELEMENT":"f.185E35FC6384979D85E72AD7E1746CD8.d.82C3015E8A3574B9821D644E37D03586.e.25128"}]}
COMMAND: GET /session/3097350609915d1f0d0e7f0005360ed5/screenshot - {}
RESULT: {}
COMMAND: POST /session/3097350609915d1f0d0e7f0005360ed5/execute/sync - {"script":"<script> [56 bytes]","args":[{"element-6066-11e4-a52e-4f735466cecf":"f.185E35FC6384979D85E72AD7E1746CD8.d.82C3015E8A3574B9821D644E37D03586.e.25128","ELEMENT":"f.185E35FC6384979D85E72AD7E1746CD8.d.82C3015E8A3574B9821D644E37D03586.e.25128"}]}
RESULT: {"script":"<script> [56 bytes]","args":[{"element-6066-11e4-a52e-4f735466cecf":"f.185E35FC6384979D85E72AD7E1746CD8.d.82C3015E8A3574B9821D644E37D03586.e.25128","ELEMENT":"f.185E35FC6384979D85E72AD7E1746CD8.d.82C3015E8A3574B9821D644E37D03586.e.25128"}]}
COMMAND: GET /session/3097350609915d1f0d0e7f0005360ed5/screenshot - {}
RESULT: {}
COMMAND: POST /session/3097350609915d1f0d0e7f0005360ed5/execute/sync - {"script":"<script> [56 bytes]","args":[{"element-6066-11e4-a52e-4f735466cecf":"f.185E35FC6384979D85E72AD7E1746CD8.d.82C3015E8A3574B9821D644E37D03586.e.25128","ELEMENT":"f.185E35FC6384979D85E72AD7E1746CD8.d.82C3015E8A3574B9821D644E37D03586.e.25128"}]}
RESULT: {"script":"<script> [56 bytes]","args":[{"element-6066-11e4-a52e-4f735466cecf":"f.185E35FC6384979D85E72AD7E1746CD8.d.82C3015E8A3574B9821D644E37D03586.e.25128","ELEMENT":"f.185E35FC6384979D85E72AD7E1746CD8.d.82C3015E8A3574B9821D644E37D03586.e.25128"}]}
COMMAND: GET /session/3097350609915d1f0d0e7f0005360ed5/screenshot - {}
RESULT: {}
COMMAND: POST /session/3097350609915d1f0d0e7f0005360ed5/execute/sync - {"script":"<script> [56 bytes]","args":[{"element-6066-11e4-a52e-4f735466cecf":"f.185E35FC6384979D85E72AD7E1746CD8.d.82C3015E8A3574B9821D644E37D03586.e.25128","ELEMENT":"f.185E35FC6384979D85E72AD7E1746CD8.d.82C3015E8A3574B9821D644E37D03586.e.25128"}]}
RESULT: {"script":"<script> [56 bytes]","args":[{"element-6066-11e4-a52e-4f735466cecf":"f.185E35FC6384979D85E72AD7E1746CD8.d.82C3015E8A3574B9821D644E37D03586.e.25128","ELEMENT":"f.185E35FC6384979D85E72AD7E1746CD8.d.82C3015E8A3574B9821D644E37D03586.e.25128"}]}
COMMAND: GET /session/3097350609915d1f0d0e7f0005360ed5/screenshot - {}
RESULT: {}
COMMAND: POST /session/3097350609915d1f0d0e7f0005360ed5/execute/sync - {"script":"<script> [56 bytes]","args":[{"element-6066-11e4-a52e-4f735466cecf":"f.185E35FC6384979D85E72AD7E1746CD8.d.82C3015E8A3574B9821D644E37D03586.e.25128","ELEMENT":"f.185E35FC6384979D85E72AD7E1746CD8.d.82C3015E8A3574B9821D644E37D03586.e.25128"}]}
RESULT: {"script":"<script> [56 bytes]","args":[{"element-6066-11e4-a52e-4f735466cecf":"f.185E35FC6384979D85E72AD7E1746CD8.d.82C3015E8A3574B9821D644E37D03586.e.25128","ELEMENT":"f.185E35FC6384979D85E72AD7E1746CD8.d.82C3015E8A3574B9821D644E37D03586.e.25128"}]}
COMMAND: GET /session/3097350609915d1f0d0e7f0005360ed5/screenshot - {}
RESULT: {}
COMMAND: POST /session/3097350609915d1f0d0e7f0005360ed5/execute/sync - {"script":"<script> [56 bytes]","args":[{"element-6066-11e4-a52e-4f735466cecf":"f.185E35FC6384979D85E72AD7E1746CD8.d.82C3015E8A3574B9821D644E37D03586.e.25128","ELEMENT":"f.185E35FC6384979D85E72AD7E1746CD8.d.82C3015E8A3574B9821D644E37D03586.e.25128"}]}
RESULT: {"script":"<script> [56 bytes]","args":[{"element-6066-11e4-a52e-4f735466cecf":"f.185E35FC6384979D85E72AD7E1746CD8.d.82C3015E8A3574B9821D644E37D03586.e.25128","ELEMENT":"f.185E35FC6384979D85E72AD7E1746CD8.d.82C3015E8A3574B9821D644E37D03586.e.25128"}]}
COMMAND: POST /session/3097350609915d1f0d0e7f0005360ed5/element - {"using":"css selector","value":"#shell-header-logo"}
COMMAND: GET /session/3097350609915d1f0d0e7f0005360ed5/screenshot - {}
RESULT: {}
RESULT: {"using":"css selector","value":"#shell-header-logo"}
COMMAND: POST /session/3097350609915d1f0d0e7f0005360ed5/element/f.185E35FC6384979D85E72AD7E1746CD8.d.82C3015E8A3574B9821D644E37D03586.e.24783/click - {}
RESULT: {}
COMMAND: GET /session/3097350609915d1f0d0e7f0005360ed5/screenshot - {}
RESULT: {}
]]></system-out>
    </testcase>
    <testcase classname="chrome.136_0_7103_93.windows.Billing_Calculation_-_Time_based_(considering_transport_times)_US139738" name="Should navigate to the contract item check the billed until field value" time="49.038">
      <system-out><![CDATA[
RESULT: undefined
COMMAND: POST /session/3097350609915d1f0d0e7f0005360ed5/element - {"using":"xpath","value":"//*[@id=\"__tile130\"]"}
RESULT: {"using":"xpath","value":"//*[@id=\"__tile130\"]"}
COMMAND: POST /session/3097350609915d1f0d0e7f0005360ed5/element/f.185E35FC6384979D85E72AD7E1746CD8.d.82C3015E8A3574B9821D644E37D03586.e.18113/click - {}
RESULT: {}
COMMAND: GET /session/3097350609915d1f0d0e7f0005360ed5/screenshot - {}
RESULT: {}
COMMAND: POST /session/3097350609915d1f0d0e7f0005360ed5/elements - {"using":"xpath","value":"//span[text()='Error']"}
RESULT: {"using":"xpath","value":"//span[text()='Error']"}
COMMAND: POST /session/3097350609915d1f0d0e7f0005360ed5/element - {"using":"xpath","value":"//button[@data-kt=\"addButton\"]"}
RESULT: {"using":"xpath","value":"//button[@data-kt=\"addButton\"]"}
COMMAND: POST /session/3097350609915d1f0d0e7f0005360ed5/elements - {"using":"xpath","value":"//button[@data-kt=\"addButton\"]"}
RESULT: {"using":"xpath","value":"//button[@data-kt=\"addButton\"]"}
COMMAND: POST /session/3097350609915d1f0d0e7f0005360ed5/execute/sync - {"script":"<script> [8489 bytes]","args":[{"element-6066-11e4-a52e-4f735466cecf":"f.185E35FC6384979D85E72AD7E1746CD8.d.82C3015E8A3574B9821D644E37D03586.e.25202","ELEMENT":"f.185E35FC6384979D85E72AD7E1746CD8.d.82C3015E8A3574B9821D644E37D03586.e.25202"}]}
RESULT: {"script":"<script> [8489 bytes]","args":[{"element-6066-11e4-a52e-4f735466cecf":"f.185E35FC6384979D85E72AD7E1746CD8.d.82C3015E8A3574B9821D644E37D03586.e.25202","ELEMENT":"f.185E35FC6384979D85E72AD7E1746CD8.d.82C3015E8A3574B9821D644E37D03586.e.25202"}]}
COMMAND: GET /session/3097350609915d1f0d0e7f0005360ed5/element/f.185E35FC6384979D85E72AD7E1746CD8.d.82C3015E8A3574B9821D644E37D03586.e.25202/enabled - {}
COMMAND: GET /session/3097350609915d1f0d0e7f0005360ed5/screenshot - {}
RESULT: {}
COMMAND: POST /session/3097350609915d1f0d0e7f0005360ed5/execute/sync - {"script":"<script> [8489 bytes]","args":[{"element-6066-11e4-a52e-4f735466cecf":"f.185E35FC6384979D85E72AD7E1746CD8.d.82C3015E8A3574B9821D644E37D03586.e.25202","ELEMENT":"f.185E35FC6384979D85E72AD7E1746CD8.d.82C3015E8A3574B9821D644E37D03586.e.25202"}]}
COMMAND: GET /session/3097350609915d1f0d0e7f0005360ed5/screenshot - {}
RESULT: {}
RESULT: {"script":"<script> [8489 bytes]","args":[{"element-6066-11e4-a52e-4f735466cecf":"f.185E35FC6384979D85E72AD7E1746CD8.d.82C3015E8A3574B9821D644E37D03586.e.25202","ELEMENT":"f.185E35FC6384979D85E72AD7E1746CD8.d.82C3015E8A3574B9821D644E37D03586.e.25202"}]}
COMMAND: POST /session/3097350609915d1f0d0e7f0005360ed5/execute/sync - {"script":"<script> [5351 bytes]","args":[{"element-6066-11e4-a52e-4f735466cecf":"f.185E35FC6384979D85E72AD7E1746CD8.d.82C3015E8A3574B9821D644E37D03586.e.25202","ELEMENT":"f.185E35FC6384979D85E72AD7E1746CD8.d.82C3015E8A3574B9821D644E37D03586.e.25202"}]}
COMMAND: GET /session/3097350609915d1f0d0e7f0005360ed5/screenshot - {}
RESULT: {}
RESULT: {"script":"<script> [5351 bytes]","args":[{"element-6066-11e4-a52e-4f735466cecf":"f.185E35FC6384979D85E72AD7E1746CD8.d.82C3015E8A3574B9821D644E37D03586.e.25202","ELEMENT":"f.185E35FC6384979D85E72AD7E1746CD8.d.82C3015E8A3574B9821D644E37D03586.e.25202"}]}
COMMAND: POST /session/3097350609915d1f0d0e7f0005360ed5/element - {"using":"xpath","value":"//input[contains(@id ,\"smartContractFilterBar-btnBasicSearch-I\")]"}
COMMAND: GET /session/3097350609915d1f0d0e7f0005360ed5/screenshot - {}
RESULT: {}
RESULT: {"using":"xpath","value":"//input[contains(@id ,\"smartContractFilterBar-btnBasicSearch-I\")]"}
COMMAND: POST /session/3097350609915d1f0d0e7f0005360ed5/elements - {"using":"xpath","value":"//input[contains(@id ,\"smartContractFilterBar-btnBasicSearch-I\")]"}
RESULT: {}
RESULT: {"using":"xpath","value":"//input[contains(@id ,\"smartContractFilterBar-btnBasicSearch-I\")]"}
COMMAND: POST /session/3097350609915d1f0d0e7f0005360ed5/execute/sync - {"script":"<script> [8489 bytes]","args":[{"element-6066-11e4-a52e-4f735466cecf":"f.185E35FC6384979D85E72AD7E1746CD8.d.82C3015E8A3574B9821D644E37D03586.e.25163","ELEMENT":"f.185E35FC6384979D85E72AD7E1746CD8.d.82C3015E8A3574B9821D644E37D03586.e.25163"}]}
RESULT: {"script":"<script> [8489 bytes]","args":[{"element-6066-11e4-a52e-4f735466cecf":"f.185E35FC6384979D85E72AD7E1746CD8.d.82C3015E8A3574B9821D644E37D03586.e.25163","ELEMENT":"f.185E35FC6384979D85E72AD7E1746CD8.d.82C3015E8A3574B9821D644E37D03586.e.25163"}]}
COMMAND: GET /session/3097350609915d1f0d0e7f0005360ed5/element/f.185E35FC6384979D85E72AD7E1746CD8.d.82C3015E8A3574B9821D644E37D03586.e.25163/enabled - {}
COMMAND: GET /session/3097350609915d1f0d0e7f0005360ed5/screenshot - {}
RESULT: {}
COMMAND: POST /session/3097350609915d1f0d0e7f0005360ed5/element/f.185E35FC6384979D85E72AD7E1746CD8.d.82C3015E8A3574B9821D644E37D03586.e.25163/clear - {}
COMMAND: GET /session/3097350609915d1f0d0e7f0005360ed5/screenshot - {}
RESULT: {}
RESULT: {}
COMMAND: POST /session/3097350609915d1f0d0e7f0005360ed5/element/f.185E35FC6384979D85E72AD7E1746CD8.d.82C3015E8A3574B9821D644E37D03586.e.25163/value - {"text":"10366"}
COMMAND: GET /session/3097350609915d1f0d0e7f0005360ed5/screenshot - {}
RESULT: {}
RESULT: {"text":"10366"}
COMMAND: GET /session/3097350609915d1f0d0e7f0005360ed5/screenshot - {}
RESULT: {}
RESULT: {}
COMMAND: POST /session/3097350609915d1f0d0e7f0005360ed5/actions - {"actions":[{"id":"action97","type":"key","parameters":{},"actions":[{"type":"keyDown","value":"î€‡"},{"type":"pause","duration":10},{"type":"keyUp","value":"î€‡"}]}]}
RESULT: {"actions":[{"id":"action97","type":"key","parameters":{},"actions":[{"type":"keyDown","value":"î€‡"},{"type":"pause","duration":10},{"type":"keyUp","value":"î€‡"}]}]}
COMMAND: GET /session/3097350609915d1f0d0e7f0005360ed5/screenshot - {}
RESULT: {}
COMMAND: POST /session/3097350609915d1f0d0e7f0005360ed5/element - {"using":"xpath","value":"//span[contains(@id, \"masterListContractsSmartTable-header-inner\")]"}
RESULT: {"using":"xpath","value":"//span[contains(@id, \"masterListContractsSmartTable-header-inner\")]"}
COMMAND: POST /session/3097350609915d1f0d0e7f0005360ed5/elements - {"using":"xpath","value":"//span[contains(@id, \"masterListContractsSmartTable-header-inner\")]"}
RESULT: {"using":"xpath","value":"//span[contains(@id, \"masterListContractsSmartTable-header-inner\")]"}
COMMAND: POST /session/3097350609915d1f0d0e7f0005360ed5/execute/sync - {"script":"<script> [56 bytes]","args":[{"element-6066-11e4-a52e-4f735466cecf":"f.185E35FC6384979D85E72AD7E1746CD8.d.82C3015E8A3574B9821D644E37D03586.e.25269","ELEMENT":"f.185E35FC6384979D85E72AD7E1746CD8.d.82C3015E8A3574B9821D644E37D03586.e.25269"}]}
RESULT: {"script":"<script> [56 bytes]","args":[{"element-6066-11e4-a52e-4f735466cecf":"f.185E35FC6384979D85E72AD7E1746CD8.d.82C3015E8A3574B9821D644E37D03586.e.25269","ELEMENT":"f.185E35FC6384979D85E72AD7E1746CD8.d.82C3015E8A3574B9821D644E37D03586.e.25269"}]}
COMMAND: POST /session/3097350609915d1f0d0e7f0005360ed5/element - {"using":"xpath","value":"(//span[contains(@id, \"imgNav\")])[1]"}
COMMAND: GET /session/3097350609915d1f0d0e7f0005360ed5/screenshot - {}
RESULT: {"using":"xpath","value":"(//span[contains(@id, \"imgNav\")])[1]"}
COMMAND: POST /session/3097350609915d1f0d0e7f0005360ed5/element/f.185E35FC6384979D85E72AD7E1746CD8.d.82C3015E8A3574B9821D644E37D03586.e.25267/click - {}
RESULT: {}
RESULT: {}
COMMAND: GET /session/3097350609915d1f0d0e7f0005360ed5/screenshot - {}
RESULT: {}
COMMAND: POST /session/3097350609915d1f0d0e7f0005360ed5/element - {"using":"xpath","value":"//tr[@data-kt=\"productsColumnListItem\"]//td//span[contains(@id, \"imgNav\")][1]"}
RESULT: {"using":"xpath","value":"//tr[@data-kt=\"productsColumnListItem\"]//td//span[contains(@id, \"imgNav\")][1]"}
COMMAND: POST /session/3097350609915d1f0d0e7f0005360ed5/element/f.185E35FC6384979D85E72AD7E1746CD8.d.82C3015E8A3574B9821D644E37D03586.e.25443/click - {}
RESULT: {}
COMMAND: GET /session/3097350609915d1f0d0e7f0005360ed5/screenshot - {}
RESULT: {}
COMMAND: POST /session/3097350609915d1f0d0e7f0005360ed5/element - {"using":"xpath","value":"//section[contains(@id, \"application-managecontracts-display-component---BillingItem--ObjectPageLayout-OPHeaderContent\")]/div/div/div/div/div[2]/div/div[2]/span"}
RESULT: {"using":"xpath","value":"//section[contains(@id, \"application-managecontracts-display-component---BillingItem--ObjectPageLayout-OPHeaderContent\")]/div/div/div/div/div[2]/div/div[2]/span"}
COMMAND: POST /session/3097350609915d1f0d0e7f0005360ed5/execute/sync - {"script":"<script> [56 bytes]","args":[{"element-6066-11e4-a52e-4f735466cecf":"f.185E35FC6384979D85E72AD7E1746CD8.d.82C3015E8A3574B9821D644E37D03586.e.25571","ELEMENT":"f.185E35FC6384979D85E72AD7E1746CD8.d.82C3015E8A3574B9821D644E37D03586.e.25571"}]}
RESULT: {"script":"<script> [56 bytes]","args":[{"element-6066-11e4-a52e-4f735466cecf":"f.185E35FC6384979D85E72AD7E1746CD8.d.82C3015E8A3574B9821D644E37D03586.e.25571","ELEMENT":"f.185E35FC6384979D85E72AD7E1746CD8.d.82C3015E8A3574B9821D644E37D03586.e.25571"}]}
COMMAND: POST /session/3097350609915d1f0d0e7f0005360ed5/element - {"using":"xpath","value":"//table[contains(@id, \"application-managecontracts-display-component---BillingItem--billingList-listUl\")]//td//*[contains(text(), \"final billed\")]"}
COMMAND: GET /session/3097350609915d1f0d0e7f0005360ed5/screenshot - {}
RESULT: {"using":"xpath","value":"//table[contains(@id, \"application-managecontracts-display-component---BillingItem--billingList-listUl\")]//td//*[contains(text(), \"final billed\")]"}
COMMAND: POST /session/3097350609915d1f0d0e7f0005360ed5/execute/sync - {"script":"<script> [56 bytes]","args":[{"element-6066-11e4-a52e-4f735466cecf":"f.185E35FC6384979D85E72AD7E1746CD8.d.82C3015E8A3574B9821D644E37D03586.e.25572","ELEMENT":"f.185E35FC6384979D85E72AD7E1746CD8.d.82C3015E8A3574B9821D644E37D03586.e.25572"}]}
RESULT: {}
RESULT: {"script":"<script> [56 bytes]","args":[{"element-6066-11e4-a52e-4f735466cecf":"f.185E35FC6384979D85E72AD7E1746CD8.d.82C3015E8A3574B9821D644E37D03586.e.25572","ELEMENT":"f.185E35FC6384979D85E72AD7E1746CD8.d.82C3015E8A3574B9821D644E37D03586.e.25572"}]}
COMMAND: POST /session/3097350609915d1f0d0e7f0005360ed5/element - {"using":"css selector","value":"#shell-header-logo"}
COMMAND: GET /session/3097350609915d1f0d0e7f0005360ed5/screenshot - {}
RESULT: {"using":"css selector","value":"#shell-header-logo"}
COMMAND: POST /session/3097350609915d1f0d0e7f0005360ed5/element/f.185E35FC6384979D85E72AD7E1746CD8.d.82C3015E8A3574B9821D644E37D03586.e.25159/click - {}
RESULT: {}
RESULT: {}
COMMAND: GET /session/3097350609915d1f0d0e7f0005360ed5/screenshot - {}
RESULT: {}
COMMAND: DELETE /session/3097350609915d1f0d0e7f0005360ed5 - {}
RESULT: {}
]]></system-out>
    </testcase>
  </testsuite>
</testsuites>