<?xml version="1.0" encoding="UTF-8"?>
<testsuites tests="48" failures="0" errors="0" skipped="0">
  <testsuite timestamp="2025-04-21T17:18:13" time="1181.207" tests="12" failures="0" errors="0" skipped="0">
    <properties>
      <property name="specId" value="0"/>
      <property name="suiteName" value="Billing Transfer - Master data &amp; Intercompany US127250"/>
      <property name="capabilities" value="chrome.135_0_7049_42.windows"/>
      <property name="file" value="file:///D:/a/1/s/test/specs/BTS/billing-transfer-intercompany.spec.js"/>
    </properties>
    <testcase classname="chrome.135_0_7049_42.windows.Billing_Transfer_-_Master_data_&amp;_Intercompany_US127250" name="Should create a new yard" time="125.874">
      <system-out><![CDATA[
COMMAND: POST /session/504404daf6556c94b3cb83283ff70561/window/fullscreen - {}
RESULT: {}
COMMAND: POST /session/504404daf6556c94b3cb83283ff70561/execute/async - {"script":"<script> [1562 bytes]","args":[{"selector":{"controlType":"sap.m.GenericTile","properties":{"header":"Manage Yards"}},"wdio_ui5_key":"sapm.GenericTile{\"header\":\"Manage Yards\"}"}]}
RESULT: {"script":"<script> [1562 bytes]","args":[{"selector":{"controlType":"sap.m.GenericTile","properties":{"header":"Manage Yards"}},"wdio_ui5_key":"sapm.GenericTile{\"header\":\"Manage Yards\"}"}]}
RESULT: undefined
COMMAND: POST /session/504404daf6556c94b3cb83283ff70561/element - {"using":"xpath","value":"//*[@id=\"__tile41\"]"}
RESULT: {"using":"xpath","value":"//*[@id=\"__tile41\"]"}
COMMAND: POST /session/504404daf6556c94b3cb83283ff70561/element/f.74039697418B55B680EBD40CFFCF13D1.d.993C4201CCF8DDAF287E46282FCFD98E.e.158/click - {}
RESULT: {}
COMMAND: POST /session/504404daf6556c94b3cb83283ff70561/element - {"using":"xpath","value":"//button[@data-kt=\"addNewYardOverflowToolbarButton\"]"}
COMMAND: GET /session/504404daf6556c94b3cb83283ff70561/screenshot - {}
RESULT: {"using":"xpath","value":"//button[@data-kt=\"addNewYardOverflowToolbarButton\"]"}
COMMAND: POST /session/504404daf6556c94b3cb83283ff70561/elements - {"using":"xpath","value":"//button[@data-kt=\"addNewYardOverflowToolbarButton\"]"}
RESULT: {}
RESULT: {"using":"xpath","value":"//button[@data-kt=\"addNewYardOverflowToolbarButton\"]"}
COMMAND: POST /session/504404daf6556c94b3cb83283ff70561/elements - {"using":"xpath","value":"//button[@data-kt=\"addNewYardOverflowToolbarButton\"]"}
RESULT: {"using":"xpath","value":"//button[@data-kt=\"addNewYardOverflowToolbarButton\"]"}
COMMAND: POST /session/504404daf6556c94b3cb83283ff70561/elements - {"using":"xpath","value":"//button[@data-kt=\"addNewYardOverflowToolbarButton\"]"}
RESULT: {"using":"xpath","value":"//button[@data-kt=\"addNewYardOverflowToolbarButton\"]"}
COMMAND: POST /session/504404daf6556c94b3cb83283ff70561/elements - {"using":"xpath","value":"//button[@data-kt=\"addNewYardOverflowToolbarButton\"]"}
RESULT: {"using":"xpath","value":"//button[@data-kt=\"addNewYardOverflowToolbarButton\"]"}
COMMAND: POST /session/504404daf6556c94b3cb83283ff70561/elements - {"using":"xpath","value":"//button[@data-kt=\"addNewYardOverflowToolbarButton\"]"}
RESULT: {"using":"xpath","value":"//button[@data-kt=\"addNewYardOverflowToolbarButton\"]"}
COMMAND: POST /session/504404daf6556c94b3cb83283ff70561/elements - {"using":"xpath","value":"//button[@data-kt=\"addNewYardOverflowToolbarButton\"]"}
RESULT: {"using":"xpath","value":"//button[@data-kt=\"addNewYardOverflowToolbarButton\"]"}
COMMAND: POST /session/504404daf6556c94b3cb83283ff70561/elements - {"using":"xpath","value":"//button[@data-kt=\"addNewYardOverflowToolbarButton\"]"}
RESULT: {"using":"xpath","value":"//button[@data-kt=\"addNewYardOverflowToolbarButton\"]"}
COMMAND: POST /session/504404daf6556c94b3cb83283ff70561/elements - {"using":"xpath","value":"//button[@data-kt=\"addNewYardOverflowToolbarButton\"]"}
RESULT: {"using":"xpath","value":"//button[@data-kt=\"addNewYardOverflowToolbarButton\"]"}
COMMAND: POST /session/504404daf6556c94b3cb83283ff70561/elements - {"using":"xpath","value":"//button[@data-kt=\"addNewYardOverflowToolbarButton\"]"}
RESULT: {"using":"xpath","value":"//button[@data-kt=\"addNewYardOverflowToolbarButton\"]"}
COMMAND: POST /session/504404daf6556c94b3cb83283ff70561/elements - {"using":"xpath","value":"//button[@data-kt=\"addNewYardOverflowToolbarButton\"]"}
RESULT: {"using":"xpath","value":"//button[@data-kt=\"addNewYardOverflowToolbarButton\"]"}
COMMAND: POST /session/504404daf6556c94b3cb83283ff70561/elements - {"using":"xpath","value":"//button[@data-kt=\"addNewYardOverflowToolbarButton\"]"}
RESULT: {"using":"xpath","value":"//button[@data-kt=\"addNewYardOverflowToolbarButton\"]"}
COMMAND: POST /session/504404daf6556c94b3cb83283ff70561/elements - {"using":"xpath","value":"//button[@data-kt=\"addNewYardOverflowToolbarButton\"]"}
RESULT: {"using":"xpath","value":"//button[@data-kt=\"addNewYardOverflowToolbarButton\"]"}
COMMAND: POST /session/504404daf6556c94b3cb83283ff70561/elements - {"using":"xpath","value":"//button[@data-kt=\"addNewYardOverflowToolbarButton\"]"}
RESULT: {"using":"xpath","value":"//button[@data-kt=\"addNewYardOverflowToolbarButton\"]"}
COMMAND: POST /session/504404daf6556c94b3cb83283ff70561/elements - {"using":"xpath","value":"//button[@data-kt=\"addNewYardOverflowToolbarButton\"]"}
RESULT: {"using":"xpath","value":"//button[@data-kt=\"addNewYardOverflowToolbarButton\"]"}
COMMAND: POST /session/504404daf6556c94b3cb83283ff70561/elements - {"using":"xpath","value":"//button[@data-kt=\"addNewYardOverflowToolbarButton\"]"}
RESULT: {"using":"xpath","value":"//button[@data-kt=\"addNewYardOverflowToolbarButton\"]"}
COMMAND: POST /session/504404daf6556c94b3cb83283ff70561/elements - {"using":"xpath","value":"//button[@data-kt=\"addNewYardOverflowToolbarButton\"]"}
RESULT: {"using":"xpath","value":"//button[@data-kt=\"addNewYardOverflowToolbarButton\"]"}
COMMAND: POST /session/504404daf6556c94b3cb83283ff70561/elements - {"using":"xpath","value":"//button[@data-kt=\"addNewYardOverflowToolbarButton\"]"}
RESULT: {"using":"xpath","value":"//button[@data-kt=\"addNewYardOverflowToolbarButton\"]"}
COMMAND: POST /session/504404daf6556c94b3cb83283ff70561/elements - {"using":"xpath","value":"//button[@data-kt=\"addNewYardOverflowToolbarButton\"]"}
RESULT: {"using":"xpath","value":"//button[@data-kt=\"addNewYardOverflowToolbarButton\"]"}
COMMAND: POST /session/504404daf6556c94b3cb83283ff70561/elements - {"using":"xpath","value":"//button[@data-kt=\"addNewYardOverflowToolbarButton\"]"}
RESULT: {"using":"xpath","value":"//button[@data-kt=\"addNewYardOverflowToolbarButton\"]"}
COMMAND: POST /session/504404daf6556c94b3cb83283ff70561/elements - {"using":"xpath","value":"//button[@data-kt=\"addNewYardOverflowToolbarButton\"]"}
RESULT: {"using":"xpath","value":"//button[@data-kt=\"addNewYardOverflowToolbarButton\"]"}
COMMAND: POST /session/504404daf6556c94b3cb83283ff70561/elements - {"using":"xpath","value":"//button[@data-kt=\"addNewYardOverflowToolbarButton\"]"}
RESULT: {"using":"xpath","value":"//button[@data-kt=\"addNewYardOverflowToolbarButton\"]"}
COMMAND: POST /session/504404daf6556c94b3cb83283ff70561/elements - {"using":"xpath","value":"//button[@data-kt=\"addNewYardOverflowToolbarButton\"]"}
RESULT: {"using":"xpath","value":"//button[@data-kt=\"addNewYardOverflowToolbarButton\"]"}
COMMAND: POST /session/504404daf6556c94b3cb83283ff70561/elements - {"using":"xpath","value":"//button[@data-kt=\"addNewYardOverflowToolbarButton\"]"}
RESULT: {"using":"xpath","value":"//button[@data-kt=\"addNewYardOverflowToolbarButton\"]"}
COMMAND: POST /session/504404daf6556c94b3cb83283ff70561/elements - {"using":"xpath","value":"//button[@data-kt=\"addNewYardOverflowToolbarButton\"]"}
RESULT: {"using":"xpath","value":"//button[@data-kt=\"addNewYardOverflowToolbarButton\"]"}
COMMAND: POST /session/504404daf6556c94b3cb83283ff70561/elements - {"using":"xpath","value":"//button[@data-kt=\"addNewYardOverflowToolbarButton\"]"}
RESULT: {"using":"xpath","value":"//button[@data-kt=\"addNewYardOverflowToolbarButton\"]"}
COMMAND: POST /session/504404daf6556c94b3cb83283ff70561/element - {"using":"xpath","value":"//button[@data-kt=\"addNewYardOverflowToolbarButton\"]"}
RESULT: {"using":"xpath","value":"//button[@data-kt=\"addNewYardOverflowToolbarButton\"]"}
COMMAND: POST /session/504404daf6556c94b3cb83283ff70561/execute/sync - {"script":"<script> [8489 bytes]","args":[{"element-6066-11e4-a52e-4f735466cecf":"f.74039697418B55B680EBD40CFFCF13D1.d.993C4201CCF8DDAF287E46282FCFD98E.e.294","ELEMENT":"f.74039697418B55B680EBD40CFFCF13D1.d.993C4201CCF8DDAF287E46282FCFD98E.e.294"}]}
RESULT: {"script":"<script> [8489 bytes]","args":[{"element-6066-11e4-a52e-4f735466cecf":"f.74039697418B55B680EBD40CFFCF13D1.d.993C4201CCF8DDAF287E46282FCFD98E.e.294","ELEMENT":"f.74039697418B55B680EBD40CFFCF13D1.d.993C4201CCF8DDAF287E46282FCFD98E.e.294"}]}
COMMAND: GET /session/504404daf6556c94b3cb83283ff70561/element/f.74039697418B55B680EBD40CFFCF13D1.d.993C4201CCF8DDAF287E46282FCFD98E.e.294/enabled - {}
COMMAND: GET /session/504404daf6556c94b3cb83283ff70561/screenshot - {}
RESULT: {}
COMMAND: POST /session/504404daf6556c94b3cb83283ff70561/execute/sync - {"script":"<script> [8489 bytes]","args":[{"element-6066-11e4-a52e-4f735466cecf":"f.74039697418B55B680EBD40CFFCF13D1.d.993C4201CCF8DDAF287E46282FCFD98E.e.294","ELEMENT":"f.74039697418B55B680EBD40CFFCF13D1.d.993C4201CCF8DDAF287E46282FCFD98E.e.294"}]}
COMMAND: GET /session/504404daf6556c94b3cb83283ff70561/screenshot - {}
RESULT: {}
RESULT: {"script":"<script> [8489 bytes]","args":[{"element-6066-11e4-a52e-4f735466cecf":"f.74039697418B55B680EBD40CFFCF13D1.d.993C4201CCF8DDAF287E46282FCFD98E.e.294","ELEMENT":"f.74039697418B55B680EBD40CFFCF13D1.d.993C4201CCF8DDAF287E46282FCFD98E.e.294"}]}
COMMAND: POST /session/504404daf6556c94b3cb83283ff70561/execute/sync - {"script":"<script> [5351 bytes]","args":[{"element-6066-11e4-a52e-4f735466cecf":"f.74039697418B55B680EBD40CFFCF13D1.d.993C4201CCF8DDAF287E46282FCFD98E.e.294","ELEMENT":"f.74039697418B55B680EBD40CFFCF13D1.d.993C4201CCF8DDAF287E46282FCFD98E.e.294"}]}
COMMAND: GET /session/504404daf6556c94b3cb83283ff70561/screenshot - {}
RESULT: {}
RESULT: {"script":"<script> [5351 bytes]","args":[{"element-6066-11e4-a52e-4f735466cecf":"f.74039697418B55B680EBD40CFFCF13D1.d.993C4201CCF8DDAF287E46282FCFD98E.e.294","ELEMENT":"f.74039697418B55B680EBD40CFFCF13D1.d.993C4201CCF8DDAF287E46282FCFD98E.e.294"}]}
COMMAND: POST /session/504404daf6556c94b3cb83283ff70561/element/f.74039697418B55B680EBD40CFFCF13D1.d.993C4201CCF8DDAF287E46282FCFD98E.e.294/click - {}
COMMAND: GET /session/504404daf6556c94b3cb83283ff70561/screenshot - {}
RESULT: {}
RESULT: {}
COMMAND: GET /session/504404daf6556c94b3cb83283ff70561/screenshot - {}
COMMAND: POST /session/504404daf6556c94b3cb83283ff70561/element - {"using":"xpath","value":"//input[@id=\"application-manageyards-display-component---NewYard--yardId-inner\"]"}
RESULT: {}
RESULT: {}
RESULT: {"using":"xpath","value":"//input[@id=\"application-manageyards-display-component---NewYard--yardId-inner\"]"}
COMMAND: POST /session/504404daf6556c94b3cb83283ff70561/element - {"using":"xpath","value":"//input[@id=\"application-manageyards-display-component---NewYard--yardId-inner\"]"}
RESULT: {"using":"xpath","value":"//input[@id=\"application-manageyards-display-component---NewYard--yardId-inner\"]"}
COMMAND: POST /session/504404daf6556c94b3cb83283ff70561/execute/async - {"script":"<script> [1562 bytes]","args":[{"selector":{"id":"application-manageyards-display-component---NewYard--addressDetailDetailsName1","interaction":{"idSuffix":"inner"}},"wdio_ui5_key":"applicationmanageyards-display-component---NewYard--addressDetailDetailsName1"}]}
RESULT: {"script":"<script> [1562 bytes]","args":[{"selector":{"id":"application-manageyards-display-component---NewYard--addressDetailDetailsName1","interaction":{"idSuffix":"inner"}},"wdio_ui5_key":"applicationmanageyards-display-component---NewYard--addressDetailDetailsName1"}]}
RESULT: undefined
COMMAND: POST /session/504404daf6556c94b3cb83283ff70561/execute/async - {"script":"<script> [776 bytes]","args":[{"enterText":"Intercompany Yard wdIO","selector":{"id":"application-manageyards-display-component---NewYard--addressDetailDetailsName1","interaction":{"idSuffix":"inner"}},"clearTextFirst":true,"interactionType":"ENTER_TEXT"}]}
RESULT: {"script":"<script> [776 bytes]","args":[{"enterText":"Intercompany Yard wdIO","selector":{"id":"application-manageyards-display-component---NewYard--addressDetailDetailsName1","interaction":{"idSuffix":"inner"}},"clearTextFirst":true,"interactionType":"ENTER_TEXT"}]}
COMMAND: POST /session/504404daf6556c94b3cb83283ff70561/execute/async - {"script":"<script> [1562 bytes]","args":[{"selector":{"id":"application-manageyards-display-component---NewYard--addressDetailDetailsLanguage-arrow"},"wdio_ui5_key":"applicationmanageyards-display-component---NewYard--addressDetailDetailsLanguage-arrow"}]}
RESULT: {"script":"<script> [1562 bytes]","args":[{"selector":{"id":"application-manageyards-display-component---NewYard--addressDetailDetailsLanguage-arrow"},"wdio_ui5_key":"applicationmanageyards-display-component---NewYard--addressDetailDetailsLanguage-arrow"}]}
RESULT: undefined
COMMAND: POST /session/504404daf6556c94b3cb83283ff70561/element - {"using":"xpath","value":"//*[@id=\"application-manageyards-display-component---NewYard--addressDetailDetailsLanguage-arrow\"]"}
RESULT: {"using":"xpath","value":"//*[@id=\"application-manageyards-display-component---NewYard--addressDetailDetailsLanguage-arrow\"]"}
COMMAND: POST /session/504404daf6556c94b3cb83283ff70561/element/f.74039697418B55B680EBD40CFFCF13D1.d.993C4201CCF8DDAF287E46282FCFD98E.e.724/click - {}
RESULT: {}
COMMAND: POST /session/504404daf6556c94b3cb83283ff70561/element - {"using":"xpath","value":"//span[contains(text(), \"English\")]"}
COMMAND: GET /session/504404daf6556c94b3cb83283ff70561/screenshot - {}
RESULT: {"using":"xpath","value":"//span[contains(text(), \"English\")]"}
COMMAND: POST /session/504404daf6556c94b3cb83283ff70561/element/f.74039697418B55B680EBD40CFFCF13D1.d.993C4201CCF8DDAF287E46282FCFD98E.e.725/click - {}
RESULT: {}
RESULT: {}
COMMAND: POST /session/504404daf6556c94b3cb83283ff70561/execute/async - {"script":"<script> [1562 bytes]","args":[{"selector":{"id":"application-manageyards-display-component---NewYard--addressDetailDetailsCity1","interaction":{"idSuffix":"inner"}},"wdio_ui5_key":"applicationmanageyards-display-component---NewYard--addressDetailDetailsCity1"}]}
COMMAND: GET /session/504404daf6556c94b3cb83283ff70561/screenshot - {}
RESULT: {"script":"<script> [1562 bytes]","args":[{"selector":{"id":"application-manageyards-display-component---NewYard--addressDetailDetailsCity1","interaction":{"idSuffix":"inner"}},"wdio_ui5_key":"applicationmanageyards-display-component---NewYard--addressDetailDetailsCity1"}]}
RESULT: undefined
COMMAND: POST /session/504404daf6556c94b3cb83283ff70561/execute/async - {"script":"<script> [776 bytes]","args":[{"enterText":"Rosario","selector":{"id":"application-manageyards-display-component---NewYard--addressDetailDetailsCity1","interaction":{"idSuffix":"inner"}},"clearTextFirst":true,"interactionType":"ENTER_TEXT"}]}
RESULT: {}
RESULT: {"script":"<script> [776 bytes]","args":[{"enterText":"Rosario","selector":{"id":"application-manageyards-display-component---NewYard--addressDetailDetailsCity1","interaction":{"idSuffix":"inner"}},"clearTextFirst":true,"interactionType":"ENTER_TEXT"}]}
COMMAND: POST /session/504404daf6556c94b3cb83283ff70561/execute/async - {"script":"<script> [1562 bytes]","args":[{"selector":{"id":"application-manageyards-display-component---NewYard--addressDetailDetailsCountry-arrow"},"wdio_ui5_key":"applicationmanageyards-display-component---NewYard--addressDetailDetailsCountry-arrow"}]}
RESULT: {"script":"<script> [1562 bytes]","args":[{"selector":{"id":"application-manageyards-display-component---NewYard--addressDetailDetailsCountry-arrow"},"wdio_ui5_key":"applicationmanageyards-display-component---NewYard--addressDetailDetailsCountry-arrow"}]}
RESULT: undefined
COMMAND: POST /session/504404daf6556c94b3cb83283ff70561/element - {"using":"xpath","value":"//*[@id=\"application-manageyards-display-component---NewYard--addressDetailDetailsCountry-arrow\"]"}
RESULT: {"using":"xpath","value":"//*[@id=\"application-manageyards-display-component---NewYard--addressDetailDetailsCountry-arrow\"]"}
COMMAND: POST /session/504404daf6556c94b3cb83283ff70561/element/f.74039697418B55B680EBD40CFFCF13D1.d.993C4201CCF8DDAF287E46282FCFD98E.e.727/click - {}
RESULT: {}
COMMAND: POST /session/504404daf6556c94b3cb83283ff70561/element - {"using":"xpath","value":"//span[contains(text(), \"Argentina\")]"}
COMMAND: GET /session/504404daf6556c94b3cb83283ff70561/screenshot - {}
RESULT: {"using":"xpath","value":"//span[contains(text(), \"Argentina\")]"}
COMMAND: POST /session/504404daf6556c94b3cb83283ff70561/element/f.74039697418B55B680EBD40CFFCF13D1.d.993C4201CCF8DDAF287E46282FCFD98E.e.728/click - {}
RESULT: {}
RESULT: {}
COMMAND: POST /session/504404daf6556c94b3cb83283ff70561/execute/async - {"script":"<script> [1562 bytes]","args":[{"selector":{"id":"application-manageyards-display-component---NewYard--addressEditDetailsCostObjectCstType-arrow"},"wdio_ui5_key":"applicationmanageyards-display-component---NewYard--addressEditDetailsCostObjectCstType-arrow"}]}
COMMAND: GET /session/504404daf6556c94b3cb83283ff70561/screenshot - {}
RESULT: {"script":"<script> [1562 bytes]","args":[{"selector":{"id":"application-manageyards-display-component---NewYard--addressEditDetailsCostObjectCstType-arrow"},"wdio_ui5_key":"applicationmanageyards-display-component---NewYard--addressEditDetailsCostObjectCstType-arrow"}]}
RESULT: undefined
COMMAND: POST /session/504404daf6556c94b3cb83283ff70561/element - {"using":"xpath","value":"//*[@id=\"application-manageyards-display-component---NewYard--addressEditDetailsCostObjectCstType-arrow\"]"}
RESULT: {}
RESULT: {"using":"xpath","value":"//*[@id=\"application-manageyards-display-component---NewYard--addressEditDetailsCostObjectCstType-arrow\"]"}
COMMAND: POST /session/504404daf6556c94b3cb83283ff70561/element/f.74039697418B55B680EBD40CFFCF13D1.d.993C4201CCF8DDAF287E46282FCFD98E.e.730/click - {}
RESULT: {}
COMMAND: POST /session/504404daf6556c94b3cb83283ff70561/element - {"using":"xpath","value":"//span[contains(text(), \"Cost Center\")]"}
COMMAND: GET /session/504404daf6556c94b3cb83283ff70561/screenshot - {}
RESULT: {"using":"xpath","value":"//span[contains(text(), \"Cost Center\")]"}
COMMAND: POST /session/504404daf6556c94b3cb83283ff70561/element/f.74039697418B55B680EBD40CFFCF13D1.d.993C4201CCF8DDAF287E46282FCFD98E.e.731/click - {}
RESULT: {}
RESULT: {}
COMMAND: GET /session/504404daf6556c94b3cb83283ff70561/screenshot - {}
RESULT: {}
COMMAND: POST /session/504404daf6556c94b3cb83283ff70561/element - {"using":"xpath","value":"//span[@id=\"application-manageyards-display-component---NewYard--addressNewCostObjectCstID-vhi\"]"}
RESULT: {"using":"xpath","value":"//span[@id=\"application-manageyards-display-component---NewYard--addressNewCostObjectCstID-vhi\"]"}
COMMAND: POST /session/504404daf6556c94b3cb83283ff70561/execute/sync - {"script":"<script> [8489 bytes]","args":[{"element-6066-11e4-a52e-4f735466cecf":"f.74039697418B55B680EBD40CFFCF13D1.d.993C4201CCF8DDAF287E46282FCFD98E.e.734","ELEMENT":"f.74039697418B55B680EBD40CFFCF13D1.d.993C4201CCF8DDAF287E46282FCFD98E.e.734"}]}
RESULT: {"script":"<script> [8489 bytes]","args":[{"element-6066-11e4-a52e-4f735466cecf":"f.74039697418B55B680EBD40CFFCF13D1.d.993C4201CCF8DDAF287E46282FCFD98E.e.734","ELEMENT":"f.74039697418B55B680EBD40CFFCF13D1.d.993C4201CCF8DDAF287E46282FCFD98E.e.734"}]}
COMMAND: POST /session/504404daf6556c94b3cb83283ff70561/execute/async - {"script":"<script> [1562 bytes]","args":[{"selector":{"id":"application-manageyards-display-component---NewYard--addressNewCostObjectCstID-vhi"},"wdio_ui5_key":"applicationmanageyards-display-component---NewYard--addressNewCostObjectCstID-vhi"}]}
COMMAND: GET /session/504404daf6556c94b3cb83283ff70561/screenshot - {}
RESULT: {"script":"<script> [1562 bytes]","args":[{"selector":{"id":"application-manageyards-display-component---NewYard--addressNewCostObjectCstID-vhi"},"wdio_ui5_key":"applicationmanageyards-display-component---NewYard--addressNewCostObjectCstID-vhi"}]}
RESULT: undefined
COMMAND: POST /session/504404daf6556c94b3cb83283ff70561/element - {"using":"xpath","value":"//*[@id=\"application-manageyards-display-component---NewYard--addressNewCostObjectCstID-vhi\"]"}
RESULT: {}
RESULT: {"using":"xpath","value":"//*[@id=\"application-manageyards-display-component---NewYard--addressNewCostObjectCstID-vhi\"]"}
COMMAND: POST /session/504404daf6556c94b3cb83283ff70561/element/f.74039697418B55B680EBD40CFFCF13D1.d.993C4201CCF8DDAF287E46282FCFD98E.e.734/click - {}
RESULT: {}
COMMAND: GET /session/504404daf6556c94b3cb83283ff70561/screenshot - {}
RESULT: {}
COMMAND: POST /session/504404daf6556c94b3cb83283ff70561/execute/async - {"script":"<script> [1562 bytes]","args":[{"selector":{"controlType":"sap.m.SearchField","properties":{"placeholder":"Search"},"searchOpenDialogs":true,"interaction":{"idSuffix":"I"}},"wdio_ui5_key":"sapm.SearchField{\"placeholder\":\"Search\"}"}]}
RESULT: {"script":"<script> [1562 bytes]","args":[{"selector":{"controlType":"sap.m.SearchField","properties":{"placeholder":"Search"},"searchOpenDialogs":true,"interaction":{"idSuffix":"I"}},"wdio_ui5_key":"sapm.SearchField{\"placeholder\":\"Search\"}"}]}
RESULT: undefined
COMMAND: POST /session/504404daf6556c94b3cb83283ff70561/execute/async - {"script":"<script> [776 bytes]","args":[{"enterText":"10001013","selector":{"controlType":"sap.m.SearchField","properties":{"placeholder":"Search"},"searchOpenDialogs":true,"interaction":{"idSuffix":"I"}},"clearTextFirst":true,"interactionType":"ENTER_TEXT"}]}
RESULT: {"script":"<script> [776 bytes]","args":[{"enterText":"10001013","selector":{"controlType":"sap.m.SearchField","properties":{"placeholder":"Search"},"searchOpenDialogs":true,"interaction":{"idSuffix":"I"}},"clearTextFirst":true,"interactionType":"ENTER_TEXT"}]}
COMMAND: POST /session/504404daf6556c94b3cb83283ff70561/actions - {"actions":[{"id":"action1","type":"key","parameters":{},"actions":[{"type":"keyDown","value":""},{"type":"pause","duration":10},{"type":"keyUp","value":""}]}]}
RESULT: {"actions":[{"id":"action1","type":"key","parameters":{},"actions":[{"type":"keyDown","value":""},{"type":"pause","duration":10},{"type":"keyUp","value":""}]}]}
COMMAND: GET /session/504404daf6556c94b3cb83283ff70561/screenshot - {}
RESULT: {}
COMMAND: POST /session/504404daf6556c94b3cb83283ff70561/element - {"using":"xpath","value":"//span[contains(text(), \"General Management\")]"}
RESULT: {"using":"xpath","value":"//span[contains(text(), \"General Management\")]"}
COMMAND: POST /session/504404daf6556c94b3cb83283ff70561/element/f.74039697418B55B680EBD40CFFCF13D1.d.993C4201CCF8DDAF287E46282FCFD98E.e.776/click - {}
RESULT: {}
COMMAND: GET /session/504404daf6556c94b3cb83283ff70561/screenshot - {}
RESULT: {}
COMMAND: POST /session/504404daf6556c94b3cb83283ff70561/element - {"using":"xpath","value":"//bdi[contains(text(), \"OK\")]"}
RESULT: {"using":"xpath","value":"//bdi[contains(text(), \"OK\")]"}
COMMAND: POST /session/504404daf6556c94b3cb83283ff70561/element/f.74039697418B55B680EBD40CFFCF13D1.d.993C4201CCF8DDAF287E46282FCFD98E.e.777/click - {}
RESULT: {}
COMMAND: GET /session/504404daf6556c94b3cb83283ff70561/screenshot - {}
RESULT: {}
COMMAND: POST /session/504404daf6556c94b3cb83283ff70561/execute/async - {"script":"<script> [1562 bytes]","args":[{"selector":{"id":"application-manageyards-display-component---NewYard--addressEditDetailsCurrency-arrow"},"wdio_ui5_key":"applicationmanageyards-display-component---NewYard--addressEditDetailsCurrency-arrow"}]}
RESULT: {"script":"<script> [1562 bytes]","args":[{"selector":{"id":"application-manageyards-display-component---NewYard--addressEditDetailsCurrency-arrow"},"wdio_ui5_key":"applicationmanageyards-display-component---NewYard--addressEditDetailsCurrency-arrow"}]}
RESULT: undefined
COMMAND: POST /session/504404daf6556c94b3cb83283ff70561/element - {"using":"xpath","value":"//*[@id=\"application-manageyards-display-component---NewYard--addressEditDetailsCurrency-arrow\"]"}
RESULT: {"using":"xpath","value":"//*[@id=\"application-manageyards-display-component---NewYard--addressEditDetailsCurrency-arrow\"]"}
COMMAND: POST /session/504404daf6556c94b3cb83283ff70561/element/f.74039697418B55B680EBD40CFFCF13D1.d.993C4201CCF8DDAF287E46282FCFD98E.e.780/click - {}
RESULT: {}
COMMAND: POST /session/504404daf6556c94b3cb83283ff70561/element - {"using":"xpath","value":"//span[contains(text(), \"Euro\")]"}
COMMAND: GET /session/504404daf6556c94b3cb83283ff70561/screenshot - {}
RESULT: {"using":"xpath","value":"//span[contains(text(), \"Euro\")]"}
COMMAND: POST /session/504404daf6556c94b3cb83283ff70561/element/f.74039697418B55B680EBD40CFFCF13D1.d.993C4201CCF8DDAF287E46282FCFD98E.e.781/click - {}
RESULT: {}
RESULT: {}
COMMAND: POST /session/504404daf6556c94b3cb83283ff70561/execute/async - {"script":"<script> [1562 bytes]","args":[{"selector":{"controlType":"sap.m.Input","viewName":"etm.portal.ui.manageyards.view.New","viewId":"application-manageyards-display-component---NewYard","bindingPath":{"path":"","propertyPath":"/CONTROLLING_AREA","modelName":"NewYardModel"},"interaction":{"idSuffix":"inner"}},"wdio_ui5_key":"etmportal.ui.manageyards.view.Newsap.m.Input{\"path\":\"\",\"propertyPath\":\"/CONTROLLING_AREA\",\"modelName\":\"NewYardModel\"}"}]}
COMMAND: GET /session/504404daf6556c94b3cb83283ff70561/screenshot - {}
RESULT: {"script":"<script> [1562 bytes]","args":[{"selector":{"controlType":"sap.m.Input","viewName":"etm.portal.ui.manageyards.view.New","viewId":"application-manageyards-display-component---NewYard","bindingPath":{"path":"","propertyPath":"/CONTROLLING_AREA","modelName":"NewYardModel"},"interaction":{"idSuffix":"inner"}},"wdio_ui5_key":"etmportal.ui.manageyards.view.Newsap.m.Input{\"path\":\"\",\"propertyPath\":\"/CONTROLLING_AREA\",\"modelName\":\"NewYardModel\"}"}]}
RESULT: undefined
COMMAND: POST /session/504404daf6556c94b3cb83283ff70561/execute/async - {"script":"<script> [776 bytes]","args":[{"enterText":"Z001","selector":{"controlType":"sap.m.Input","viewName":"etm.portal.ui.manageyards.view.New","viewId":"application-manageyards-display-component---NewYard","bindingPath":{"path":"","propertyPath":"/CONTROLLING_AREA","modelName":"NewYardModel"},"interaction":{"idSuffix":"inner"}},"clearTextFirst":true,"interactionType":"ENTER_TEXT"}]}
RESULT: {}
RESULT: {"script":"<script> [776 bytes]","args":[{"enterText":"Z001","selector":{"controlType":"sap.m.Input","viewName":"etm.portal.ui.manageyards.view.New","viewId":"application-manageyards-display-component---NewYard","bindingPath":{"path":"","propertyPath":"/CONTROLLING_AREA","modelName":"NewYardModel"},"interaction":{"idSuffix":"inner"}},"clearTextFirst":true,"interactionType":"ENTER_TEXT"}]}
COMMAND: POST /session/504404daf6556c94b3cb83283ff70561/execute/async - {"script":"<script> [1562 bytes]","args":[{"selector":{"id":"application-manageyards-display-component---NewYard--companyCodeComboBox","interaction":{"idSuffix":"inner"}},"wdio_ui5_key":"applicationmanageyards-display-component---NewYard--companyCodeComboBox"}]}
RESULT: {"script":"<script> [1562 bytes]","args":[{"selector":{"id":"application-manageyards-display-component---NewYard--companyCodeComboBox","interaction":{"idSuffix":"inner"}},"wdio_ui5_key":"applicationmanageyards-display-component---NewYard--companyCodeComboBox"}]}
RESULT: undefined
COMMAND: POST /session/504404daf6556c94b3cb83283ff70561/execute/async - {"script":"<script> [776 bytes]","args":[{"enterText":"1000","selector":{"id":"application-manageyards-display-component---NewYard--companyCodeComboBox","interaction":{"idSuffix":"inner"}},"clearTextFirst":true,"interactionType":"ENTER_TEXT"}]}
RESULT: {"script":"<script> [776 bytes]","args":[{"enterText":"1000","selector":{"id":"application-manageyards-display-component---NewYard--companyCodeComboBox","interaction":{"idSuffix":"inner"}},"clearTextFirst":true,"interactionType":"ENTER_TEXT"}]}
COMMAND: POST /session/504404daf6556c94b3cb83283ff70561/execute/async - {"script":"<script> [1562 bytes]","args":[{"selector":{"controlType":"sap.m.Input","viewName":"etm.portal.ui.manageyards.view.New","viewId":"application-manageyards-display-component---NewYard","bindingPath":{"path":"","propertyPath":"/PLANT","modelName":"NewYardModel"},"interaction":{"idSuffix":"inner"}},"wdio_ui5_key":"etmportal.ui.manageyards.view.Newsap.m.Input{\"path\":\"\",\"propertyPath\":\"/PLANT\",\"modelName\":\"NewYardModel\"}"}]}
RESULT: {"script":"<script> [1562 bytes]","args":[{"selector":{"controlType":"sap.m.Input","viewName":"etm.portal.ui.manageyards.view.New","viewId":"application-manageyards-display-component---NewYard","bindingPath":{"path":"","propertyPath":"/PLANT","modelName":"NewYardModel"},"interaction":{"idSuffix":"inner"}},"wdio_ui5_key":"etmportal.ui.manageyards.view.Newsap.m.Input{\"path\":\"\",\"propertyPath\":\"/PLANT\",\"modelName\":\"NewYardModel\"}"}]}
RESULT: undefined
COMMAND: POST /session/504404daf6556c94b3cb83283ff70561/execute/async - {"script":"<script> [776 bytes]","args":[{"enterText":"1001","selector":{"controlType":"sap.m.Input","viewName":"etm.portal.ui.manageyards.view.New","viewId":"application-manageyards-display-component---NewYard","bindingPath":{"path":"","propertyPath":"/PLANT","modelName":"NewYardModel"},"interaction":{"idSuffix":"inner"}},"clearTextFirst":true,"interactionType":"ENTER_TEXT"}]}
RESULT: {"script":"<script> [776 bytes]","args":[{"enterText":"1001","selector":{"controlType":"sap.m.Input","viewName":"etm.portal.ui.manageyards.view.New","viewId":"application-manageyards-display-component---NewYard","bindingPath":{"path":"","propertyPath":"/PLANT","modelName":"NewYardModel"},"interaction":{"idSuffix":"inner"}},"clearTextFirst":true,"interactionType":"ENTER_TEXT"}]}
COMMAND: POST /session/504404daf6556c94b3cb83283ff70561/execute/async - {"script":"<script> [1562 bytes]","args":[{"selector":{"controlType":"sap.m.Input","viewName":"etm.portal.ui.manageyards.view.New","viewId":"application-manageyards-display-component---NewYard","bindingPath":{"path":"","propertyPath":"/SALES_AREA_VKORG","modelName":"NewYardModel"},"interaction":{"idSuffix":"inner"}},"wdio_ui5_key":"etmportal.ui.manageyards.view.Newsap.m.Input{\"path\":\"\",\"propertyPath\":\"/SALES_AREA_VKORG\",\"modelName\":\"NewYardModel\"}"}]}
RESULT: {"script":"<script> [1562 bytes]","args":[{"selector":{"controlType":"sap.m.Input","viewName":"etm.portal.ui.manageyards.view.New","viewId":"application-manageyards-display-component---NewYard","bindingPath":{"path":"","propertyPath":"/SALES_AREA_VKORG","modelName":"NewYardModel"},"interaction":{"idSuffix":"inner"}},"wdio_ui5_key":"etmportal.ui.manageyards.view.Newsap.m.Input{\"path\":\"\",\"propertyPath\":\"/SALES_AREA_VKORG\",\"modelName\":\"NewYardModel\"}"}]}
RESULT: undefined
COMMAND: POST /session/504404daf6556c94b3cb83283ff70561/execute/async - {"script":"<script> [776 bytes]","args":[{"enterText":"C002","selector":{"controlType":"sap.m.Input","viewName":"etm.portal.ui.manageyards.view.New","viewId":"application-manageyards-display-component---NewYard","bindingPath":{"path":"","propertyPath":"/SALES_AREA_VKORG","modelName":"NewYardModel"},"interaction":{"idSuffix":"inner"}},"clearTextFirst":true,"interactionType":"ENTER_TEXT"}]}
RESULT: {"script":"<script> [776 bytes]","args":[{"enterText":"C002","selector":{"controlType":"sap.m.Input","viewName":"etm.portal.ui.manageyards.view.New","viewId":"application-manageyards-display-component---NewYard","bindingPath":{"path":"","propertyPath":"/SALES_AREA_VKORG","modelName":"NewYardModel"},"interaction":{"idSuffix":"inner"}},"clearTextFirst":true,"interactionType":"ENTER_TEXT"}]}
COMMAND: POST /session/504404daf6556c94b3cb83283ff70561/execute/async - {"script":"<script> [1562 bytes]","args":[{"selector":{"controlType":"sap.m.Input","viewName":"etm.portal.ui.manageyards.view.New","viewId":"application-manageyards-display-component---NewYard","bindingPath":{"path":"","propertyPath":"/SALES_AREA_VTWEG","modelName":"NewYardModel"},"interaction":{"idSuffix":"inner"}},"wdio_ui5_key":"etmportal.ui.manageyards.view.Newsap.m.Input{\"path\":\"\",\"propertyPath\":\"/SALES_AREA_VTWEG\",\"modelName\":\"NewYardModel\"}"}]}
RESULT: {"script":"<script> [1562 bytes]","args":[{"selector":{"controlType":"sap.m.Input","viewName":"etm.portal.ui.manageyards.view.New","viewId":"application-manageyards-display-component---NewYard","bindingPath":{"path":"","propertyPath":"/SALES_AREA_VTWEG","modelName":"NewYardModel"},"interaction":{"idSuffix":"inner"}},"wdio_ui5_key":"etmportal.ui.manageyards.view.Newsap.m.Input{\"path\":\"\",\"propertyPath\":\"/SALES_AREA_VTWEG\",\"modelName\":\"NewYardModel\"}"}]}
RESULT: undefined
COMMAND: POST /session/504404daf6556c94b3cb83283ff70561/execute/async - {"script":"<script> [776 bytes]","args":[{"enterText":"C2","selector":{"controlType":"sap.m.Input","viewName":"etm.portal.ui.manageyards.view.New","viewId":"application-manageyards-display-component---NewYard","bindingPath":{"path":"","propertyPath":"/SALES_AREA_VTWEG","modelName":"NewYardModel"},"interaction":{"idSuffix":"inner"}},"clearTextFirst":true,"interactionType":"ENTER_TEXT"}]}
RESULT: {"script":"<script> [776 bytes]","args":[{"enterText":"C2","selector":{"controlType":"sap.m.Input","viewName":"etm.portal.ui.manageyards.view.New","viewId":"application-manageyards-display-component---NewYard","bindingPath":{"path":"","propertyPath":"/SALES_AREA_VTWEG","modelName":"NewYardModel"},"interaction":{"idSuffix":"inner"}},"clearTextFirst":true,"interactionType":"ENTER_TEXT"}]}
COMMAND: POST /session/504404daf6556c94b3cb83283ff70561/execute/async - {"script":"<script> [1562 bytes]","args":[{"selector":{"controlType":"sap.m.Input","viewName":"etm.portal.ui.manageyards.view.New","viewId":"application-manageyards-display-component---NewYard","bindingPath":{"path":"","propertyPath":"/SALES_AREA_SPART","modelName":"NewYardModel"},"interaction":{"idSuffix":"inner"}},"wdio_ui5_key":"etmportal.ui.manageyards.view.Newsap.m.Input{\"path\":\"\",\"propertyPath\":\"/SALES_AREA_SPART\",\"modelName\":\"NewYardModel\"}"}]}
RESULT: {"script":"<script> [1562 bytes]","args":[{"selector":{"controlType":"sap.m.Input","viewName":"etm.portal.ui.manageyards.view.New","viewId":"application-manageyards-display-component---NewYard","bindingPath":{"path":"","propertyPath":"/SALES_AREA_SPART","modelName":"NewYardModel"},"interaction":{"idSuffix":"inner"}},"wdio_ui5_key":"etmportal.ui.manageyards.view.Newsap.m.Input{\"path\":\"\",\"propertyPath\":\"/SALES_AREA_SPART\",\"modelName\":\"NewYardModel\"}"}]}
RESULT: undefined
COMMAND: POST /session/504404daf6556c94b3cb83283ff70561/execute/async - {"script":"<script> [776 bytes]","args":[{"enterText":"C2","selector":{"controlType":"sap.m.Input","viewName":"etm.portal.ui.manageyards.view.New","viewId":"application-manageyards-display-component---NewYard","bindingPath":{"path":"","propertyPath":"/SALES_AREA_SPART","modelName":"NewYardModel"},"interaction":{"idSuffix":"inner"}},"clearTextFirst":true,"interactionType":"ENTER_TEXT"}]}
RESULT: {"script":"<script> [776 bytes]","args":[{"enterText":"C2","selector":{"controlType":"sap.m.Input","viewName":"etm.portal.ui.manageyards.view.New","viewId":"application-manageyards-display-component---NewYard","bindingPath":{"path":"","propertyPath":"/SALES_AREA_SPART","modelName":"NewYardModel"},"interaction":{"idSuffix":"inner"}},"clearTextFirst":true,"interactionType":"ENTER_TEXT"}]}
COMMAND: POST /session/504404daf6556c94b3cb83283ff70561/execute/async - {"script":"<script> [1562 bytes]","args":[{"selector":{"controlType":"sap.m.Input","viewName":"etm.portal.ui.manageyards.view.New","viewId":"application-manageyards-display-component---NewYard","bindingPath":{"path":"","propertyPath":"/SHIP_POINT","modelName":"NewYardModel"},"interaction":{"idSuffix":"inner"}},"wdio_ui5_key":"etmportal.ui.manageyards.view.Newsap.m.Input{\"path\":\"\",\"propertyPath\":\"/SHIP_POINT\",\"modelName\":\"NewYardModel\"}"}]}
RESULT: {"script":"<script> [1562 bytes]","args":[{"selector":{"controlType":"sap.m.Input","viewName":"etm.portal.ui.manageyards.view.New","viewId":"application-manageyards-display-component---NewYard","bindingPath":{"path":"","propertyPath":"/SHIP_POINT","modelName":"NewYardModel"},"interaction":{"idSuffix":"inner"}},"wdio_ui5_key":"etmportal.ui.manageyards.view.Newsap.m.Input{\"path\":\"\",\"propertyPath\":\"/SHIP_POINT\",\"modelName\":\"NewYardModel\"}"}]}
RESULT: undefined
COMMAND: POST /session/504404daf6556c94b3cb83283ff70561/execute/async - {"script":"<script> [776 bytes]","args":[{"enterText":"1710","selector":{"controlType":"sap.m.Input","viewName":"etm.portal.ui.manageyards.view.New","viewId":"application-manageyards-display-component---NewYard","bindingPath":{"path":"","propertyPath":"/SHIP_POINT","modelName":"NewYardModel"},"interaction":{"idSuffix":"inner"}},"clearTextFirst":true,"interactionType":"ENTER_TEXT"}]}
RESULT: {"script":"<script> [776 bytes]","args":[{"enterText":"1710","selector":{"controlType":"sap.m.Input","viewName":"etm.portal.ui.manageyards.view.New","viewId":"application-manageyards-display-component---NewYard","bindingPath":{"path":"","propertyPath":"/SHIP_POINT","modelName":"NewYardModel"},"interaction":{"idSuffix":"inner"}},"clearTextFirst":true,"interactionType":"ENTER_TEXT"}]}
COMMAND: POST /session/504404daf6556c94b3cb83283ff70561/execute/async - {"script":"<script> [1562 bytes]","args":[{"selector":{"controlType":"sap.m.Input","viewName":"etm.portal.ui.manageyards.view.New","viewId":"application-manageyards-display-component---NewYard","bindingPath":{"path":"","propertyPath":"/DELIVERY_TYPE","modelName":"NewYardModel"},"interaction":{"idSuffix":"inner"}},"wdio_ui5_key":"etmportal.ui.manageyards.view.Newsap.m.Input{\"path\":\"\",\"propertyPath\":\"/DELIVERY_TYPE\",\"modelName\":\"NewYardModel\"}"}]}
RESULT: {"script":"<script> [1562 bytes]","args":[{"selector":{"controlType":"sap.m.Input","viewName":"etm.portal.ui.manageyards.view.New","viewId":"application-manageyards-display-component---NewYard","bindingPath":{"path":"","propertyPath":"/DELIVERY_TYPE","modelName":"NewYardModel"},"interaction":{"idSuffix":"inner"}},"wdio_ui5_key":"etmportal.ui.manageyards.view.Newsap.m.Input{\"path\":\"\",\"propertyPath\":\"/DELIVERY_TYPE\",\"modelName\":\"NewYardModel\"}"}]}
RESULT: undefined
COMMAND: POST /session/504404daf6556c94b3cb83283ff70561/execute/async - {"script":"<script> [776 bytes]","args":[{"enterText":"ZL01","selector":{"controlType":"sap.m.Input","viewName":"etm.portal.ui.manageyards.view.New","viewId":"application-manageyards-display-component---NewYard","bindingPath":{"path":"","propertyPath":"/DELIVERY_TYPE","modelName":"NewYardModel"},"interaction":{"idSuffix":"inner"}},"clearTextFirst":true,"interactionType":"ENTER_TEXT"}]}
RESULT: {"script":"<script> [776 bytes]","args":[{"enterText":"ZL01","selector":{"controlType":"sap.m.Input","viewName":"etm.portal.ui.manageyards.view.New","viewId":"application-manageyards-display-component---NewYard","bindingPath":{"path":"","propertyPath":"/DELIVERY_TYPE","modelName":"NewYardModel"},"interaction":{"idSuffix":"inner"}},"clearTextFirst":true,"interactionType":"ENTER_TEXT"}]}
COMMAND: POST /session/504404daf6556c94b3cb83283ff70561/execute/async - {"script":"<script> [1562 bytes]","args":[{"selector":{"controlType":"sap.m.Input","viewName":"etm.portal.ui.manageyards.view.New","viewId":"application-manageyards-display-component---NewYard","bindingPath":{"path":"","propertyPath":"/AUART","modelName":"NewYardModel"},"interaction":{"idSuffix":"inner"}},"wdio_ui5_key":"etmportal.ui.manageyards.view.Newsap.m.Input{\"path\":\"\",\"propertyPath\":\"/AUART\",\"modelName\":\"NewYardModel\"}"}]}
RESULT: {"script":"<script> [1562 bytes]","args":[{"selector":{"controlType":"sap.m.Input","viewName":"etm.portal.ui.manageyards.view.New","viewId":"application-manageyards-display-component---NewYard","bindingPath":{"path":"","propertyPath":"/AUART","modelName":"NewYardModel"},"interaction":{"idSuffix":"inner"}},"wdio_ui5_key":"etmportal.ui.manageyards.view.Newsap.m.Input{\"path\":\"\",\"propertyPath\":\"/AUART\",\"modelName\":\"NewYardModel\"}"}]}
RESULT: undefined
COMMAND: POST /session/504404daf6556c94b3cb83283ff70561/execute/async - {"script":"<script> [776 bytes]","args":[{"enterText":"TA","selector":{"controlType":"sap.m.Input","viewName":"etm.portal.ui.manageyards.view.New","viewId":"application-manageyards-display-component---NewYard","bindingPath":{"path":"","propertyPath":"/AUART","modelName":"NewYardModel"},"interaction":{"idSuffix":"inner"}},"clearTextFirst":true,"interactionType":"ENTER_TEXT"}]}
RESULT: {"script":"<script> [776 bytes]","args":[{"enterText":"TA","selector":{"controlType":"sap.m.Input","viewName":"etm.portal.ui.manageyards.view.New","viewId":"application-manageyards-display-component---NewYard","bindingPath":{"path":"","propertyPath":"/AUART","modelName":"NewYardModel"},"interaction":{"idSuffix":"inner"}},"clearTextFirst":true,"interactionType":"ENTER_TEXT"}]}
COMMAND: POST /session/504404daf6556c94b3cb83283ff70561/element - {"using":"xpath","value":"//button[@data-kt=\"newYardSaveButton\"]"}
RESULT: {"using":"xpath","value":"//button[@data-kt=\"newYardSaveButton\"]"}
COMMAND: POST /session/504404daf6556c94b3cb83283ff70561/element/f.74039697418B55B680EBD40CFFCF13D1.d.993C4201CCF8DDAF287E46282FCFD98E.e.710/click - {}
RESULT: {}
COMMAND: GET /session/504404daf6556c94b3cb83283ff70561/screenshot - {}
RESULT: {}
COMMAND: POST /session/504404daf6556c94b3cb83283ff70561/element - {"using":"xpath","value":"//header[contains(@id, 'ObjectPageLayout-headerTitle')]/div[1]/div[2]/div[1]/span[1]"}
RESULT: {"using":"xpath","value":"//header[contains(@id, 'ObjectPageLayout-headerTitle')]/div[1]/div[2]/div[1]/span[1]"}
COMMAND: POST /session/504404daf6556c94b3cb83283ff70561/elements - {"using":"xpath","value":"//header[contains(@id, 'ObjectPageLayout-headerTitle')]/div[1]/div[2]/div[1]/span[1]"}
RESULT: {"using":"xpath","value":"//header[contains(@id, 'ObjectPageLayout-headerTitle')]/div[1]/div[2]/div[1]/span[1]"}
COMMAND: POST /session/504404daf6556c94b3cb83283ff70561/execute/sync - {"script":"<script> [56 bytes]","args":[{"element-6066-11e4-a52e-4f735466cecf":"f.74039697418B55B680EBD40CFFCF13D1.d.993C4201CCF8DDAF287E46282FCFD98E.e.1004","ELEMENT":"f.74039697418B55B680EBD40CFFCF13D1.d.993C4201CCF8DDAF287E46282FCFD98E.e.1004"}]}
RESULT: {"script":"<script> [56 bytes]","args":[{"element-6066-11e4-a52e-4f735466cecf":"f.74039697418B55B680EBD40CFFCF13D1.d.993C4201CCF8DDAF287E46282FCFD98E.e.1004","ELEMENT":"f.74039697418B55B680EBD40CFFCF13D1.d.993C4201CCF8DDAF287E46282FCFD98E.e.1004"}]}
COMMAND: GET /session/504404daf6556c94b3cb83283ff70561/screenshot - {}
RESULT: {}
COMMAND: POST /session/504404daf6556c94b3cb83283ff70561/element - {"using":"css selector","value":"#shell-header-logo"}
RESULT: {"using":"css selector","value":"#shell-header-logo"}
COMMAND: POST /session/504404daf6556c94b3cb83283ff70561/element/f.74039697418B55B680EBD40CFFCF13D1.d.993C4201CCF8DDAF287E46282FCFD98E.e.263/click - {}
RESULT: {}
COMMAND: GET /session/504404daf6556c94b3cb83283ff70561/screenshot - {}
RESULT: {}
COMMAND: POST /session/504404daf6556c94b3cb83283ff70561/execute/sync - {"script":"<script> [299 bytes]","args":[["getModel","getResource"]]}
RESULT: {"script":"<script> [299 bytes]","args":[["getModel","getResource"]]}
]]></system-out>
    </testcase>
    <testcase classname="chrome.135_0_7049_42.windows.Billing_Transfer_-_Master_data_&amp;_Intercompany_US127250" name="Should create a new partner" time="133.623">
      <system-out><![CDATA[
COMMAND: POST /session/504404daf6556c94b3cb83283ff70561/window/fullscreen - {}
COMMAND: GET /session/504404daf6556c94b3cb83283ff70561/screenshot - {}
RESULT: {}
COMMAND: POST /session/504404daf6556c94b3cb83283ff70561/execute/async - {"script":"<script> [1562 bytes]","args":[{"selector":{"controlType":"sap.m.GenericTile","properties":{"header":"Manage Partners"}},"wdio_ui5_key":"sapm.GenericTile{\"header\":\"Manage Partners\"}"}]}
RESULT: {}
RESULT: {"script":"<script> [1562 bytes]","args":[{"selector":{"controlType":"sap.m.GenericTile","properties":{"header":"Manage Partners"}},"wdio_ui5_key":"sapm.GenericTile{\"header\":\"Manage Partners\"}"}]}
RESULT: undefined
COMMAND: POST /session/504404daf6556c94b3cb83283ff70561/element - {"using":"xpath","value":"//*[@id=\"__tile38\"]"}
RESULT: {"using":"xpath","value":"//*[@id=\"__tile38\"]"}
COMMAND: POST /session/504404daf6556c94b3cb83283ff70561/element/f.74039697418B55B680EBD40CFFCF13D1.d.993C4201CCF8DDAF287E46282FCFD98E.e.149/click - {}
RESULT: {}
COMMAND: POST /session/504404daf6556c94b3cb83283ff70561/element - {"using":"xpath","value":"//button[@data-kt=\"addButton\"]"}
COMMAND: GET /session/504404daf6556c94b3cb83283ff70561/screenshot - {}
RESULT: {"using":"xpath","value":"//button[@data-kt=\"addButton\"]"}
COMMAND: POST /session/504404daf6556c94b3cb83283ff70561/elements - {"using":"xpath","value":"//button[@data-kt=\"addButton\"]"}
RESULT: {}
RESULT: {"using":"xpath","value":"//button[@data-kt=\"addButton\"]"}
COMMAND: POST /session/504404daf6556c94b3cb83283ff70561/elements - {"using":"xpath","value":"//button[@data-kt=\"addButton\"]"}
RESULT: {"using":"xpath","value":"//button[@data-kt=\"addButton\"]"}
COMMAND: POST /session/504404daf6556c94b3cb83283ff70561/elements - {"using":"xpath","value":"//button[@data-kt=\"addButton\"]"}
RESULT: {"using":"xpath","value":"//button[@data-kt=\"addButton\"]"}
COMMAND: POST /session/504404daf6556c94b3cb83283ff70561/elements - {"using":"xpath","value":"//button[@data-kt=\"addButton\"]"}
RESULT: {"using":"xpath","value":"//button[@data-kt=\"addButton\"]"}
COMMAND: POST /session/504404daf6556c94b3cb83283ff70561/elements - {"using":"xpath","value":"//button[@data-kt=\"addButton\"]"}
RESULT: {"using":"xpath","value":"//button[@data-kt=\"addButton\"]"}
COMMAND: POST /session/504404daf6556c94b3cb83283ff70561/elements - {"using":"xpath","value":"//button[@data-kt=\"addButton\"]"}
RESULT: {"using":"xpath","value":"//button[@data-kt=\"addButton\"]"}
COMMAND: POST /session/504404daf6556c94b3cb83283ff70561/elements - {"using":"xpath","value":"//button[@data-kt=\"addButton\"]"}
RESULT: {"using":"xpath","value":"//button[@data-kt=\"addButton\"]"}
COMMAND: POST /session/504404daf6556c94b3cb83283ff70561/elements - {"using":"xpath","value":"//button[@data-kt=\"addButton\"]"}
RESULT: {"using":"xpath","value":"//button[@data-kt=\"addButton\"]"}
COMMAND: POST /session/504404daf6556c94b3cb83283ff70561/elements - {"using":"xpath","value":"//button[@data-kt=\"addButton\"]"}
RESULT: {"using":"xpath","value":"//button[@data-kt=\"addButton\"]"}
COMMAND: POST /session/504404daf6556c94b3cb83283ff70561/elements - {"using":"xpath","value":"//button[@data-kt=\"addButton\"]"}
RESULT: {"using":"xpath","value":"//button[@data-kt=\"addButton\"]"}
COMMAND: POST /session/504404daf6556c94b3cb83283ff70561/elements - {"using":"xpath","value":"//button[@data-kt=\"addButton\"]"}
RESULT: {"using":"xpath","value":"//button[@data-kt=\"addButton\"]"}
COMMAND: POST /session/504404daf6556c94b3cb83283ff70561/elements - {"using":"xpath","value":"//button[@data-kt=\"addButton\"]"}
RESULT: {"using":"xpath","value":"//button[@data-kt=\"addButton\"]"}
COMMAND: POST /session/504404daf6556c94b3cb83283ff70561/elements - {"using":"xpath","value":"//button[@data-kt=\"addButton\"]"}
RESULT: {"using":"xpath","value":"//button[@data-kt=\"addButton\"]"}
COMMAND: POST /session/504404daf6556c94b3cb83283ff70561/elements - {"using":"xpath","value":"//button[@data-kt=\"addButton\"]"}
RESULT: {"using":"xpath","value":"//button[@data-kt=\"addButton\"]"}
COMMAND: POST /session/504404daf6556c94b3cb83283ff70561/elements - {"using":"xpath","value":"//button[@data-kt=\"addButton\"]"}
RESULT: {"using":"xpath","value":"//button[@data-kt=\"addButton\"]"}
COMMAND: POST /session/504404daf6556c94b3cb83283ff70561/elements - {"using":"xpath","value":"//button[@data-kt=\"addButton\"]"}
RESULT: {"using":"xpath","value":"//button[@data-kt=\"addButton\"]"}
COMMAND: POST /session/504404daf6556c94b3cb83283ff70561/elements - {"using":"xpath","value":"//button[@data-kt=\"addButton\"]"}
RESULT: {"using":"xpath","value":"//button[@data-kt=\"addButton\"]"}
COMMAND: POST /session/504404daf6556c94b3cb83283ff70561/elements - {"using":"xpath","value":"//button[@data-kt=\"addButton\"]"}
RESULT: {"using":"xpath","value":"//button[@data-kt=\"addButton\"]"}
COMMAND: POST /session/504404daf6556c94b3cb83283ff70561/elements - {"using":"xpath","value":"//button[@data-kt=\"addButton\"]"}
RESULT: {"using":"xpath","value":"//button[@data-kt=\"addButton\"]"}
COMMAND: POST /session/504404daf6556c94b3cb83283ff70561/elements - {"using":"xpath","value":"//button[@data-kt=\"addButton\"]"}
RESULT: {"using":"xpath","value":"//button[@data-kt=\"addButton\"]"}
COMMAND: POST /session/504404daf6556c94b3cb83283ff70561/elements - {"using":"xpath","value":"//button[@data-kt=\"addButton\"]"}
RESULT: {"using":"xpath","value":"//button[@data-kt=\"addButton\"]"}
COMMAND: POST /session/504404daf6556c94b3cb83283ff70561/elements - {"using":"xpath","value":"//button[@data-kt=\"addButton\"]"}
RESULT: {"using":"xpath","value":"//button[@data-kt=\"addButton\"]"}
COMMAND: POST /session/504404daf6556c94b3cb83283ff70561/elements - {"using":"xpath","value":"//button[@data-kt=\"addButton\"]"}
RESULT: {"using":"xpath","value":"//button[@data-kt=\"addButton\"]"}
COMMAND: POST /session/504404daf6556c94b3cb83283ff70561/elements - {"using":"xpath","value":"//button[@data-kt=\"addButton\"]"}
RESULT: {"using":"xpath","value":"//button[@data-kt=\"addButton\"]"}
COMMAND: POST /session/504404daf6556c94b3cb83283ff70561/elements - {"using":"xpath","value":"//button[@data-kt=\"addButton\"]"}
RESULT: {"using":"xpath","value":"//button[@data-kt=\"addButton\"]"}
COMMAND: POST /session/504404daf6556c94b3cb83283ff70561/element - {"using":"xpath","value":"//button[@data-kt=\"addButton\"]"}
RESULT: {"using":"xpath","value":"//button[@data-kt=\"addButton\"]"}
COMMAND: POST /session/504404daf6556c94b3cb83283ff70561/execute/sync - {"script":"<script> [8489 bytes]","args":[{"element-6066-11e4-a52e-4f735466cecf":"f.74039697418B55B680EBD40CFFCF13D1.d.993C4201CCF8DDAF287E46282FCFD98E.e.1054","ELEMENT":"f.74039697418B55B680EBD40CFFCF13D1.d.993C4201CCF8DDAF287E46282FCFD98E.e.1054"}]}
RESULT: {"script":"<script> [8489 bytes]","args":[{"element-6066-11e4-a52e-4f735466cecf":"f.74039697418B55B680EBD40CFFCF13D1.d.993C4201CCF8DDAF287E46282FCFD98E.e.1054","ELEMENT":"f.74039697418B55B680EBD40CFFCF13D1.d.993C4201CCF8DDAF287E46282FCFD98E.e.1054"}]}
COMMAND: GET /session/504404daf6556c94b3cb83283ff70561/element/f.74039697418B55B680EBD40CFFCF13D1.d.993C4201CCF8DDAF287E46282FCFD98E.e.1054/enabled - {}
COMMAND: GET /session/504404daf6556c94b3cb83283ff70561/screenshot - {}
RESULT: {}
COMMAND: POST /session/504404daf6556c94b3cb83283ff70561/execute/sync - {"script":"<script> [8489 bytes]","args":[{"element-6066-11e4-a52e-4f735466cecf":"f.74039697418B55B680EBD40CFFCF13D1.d.993C4201CCF8DDAF287E46282FCFD98E.e.1054","ELEMENT":"f.74039697418B55B680EBD40CFFCF13D1.d.993C4201CCF8DDAF287E46282FCFD98E.e.1054"}]}
COMMAND: GET /session/504404daf6556c94b3cb83283ff70561/screenshot - {}
RESULT: {}
RESULT: {"script":"<script> [8489 bytes]","args":[{"element-6066-11e4-a52e-4f735466cecf":"f.74039697418B55B680EBD40CFFCF13D1.d.993C4201CCF8DDAF287E46282FCFD98E.e.1054","ELEMENT":"f.74039697418B55B680EBD40CFFCF13D1.d.993C4201CCF8DDAF287E46282FCFD98E.e.1054"}]}
COMMAND: POST /session/504404daf6556c94b3cb83283ff70561/execute/sync - {"script":"<script> [5351 bytes]","args":[{"element-6066-11e4-a52e-4f735466cecf":"f.74039697418B55B680EBD40CFFCF13D1.d.993C4201CCF8DDAF287E46282FCFD98E.e.1054","ELEMENT":"f.74039697418B55B680EBD40CFFCF13D1.d.993C4201CCF8DDAF287E46282FCFD98E.e.1054"}]}
COMMAND: GET /session/504404daf6556c94b3cb83283ff70561/screenshot - {}
RESULT: {}
RESULT: {"script":"<script> [5351 bytes]","args":[{"element-6066-11e4-a52e-4f735466cecf":"f.74039697418B55B680EBD40CFFCF13D1.d.993C4201CCF8DDAF287E46282FCFD98E.e.1054","ELEMENT":"f.74039697418B55B680EBD40CFFCF13D1.d.993C4201CCF8DDAF287E46282FCFD98E.e.1054"}]}
COMMAND: POST /session/504404daf6556c94b3cb83283ff70561/element/f.74039697418B55B680EBD40CFFCF13D1.d.993C4201CCF8DDAF287E46282FCFD98E.e.1054/click - {}
COMMAND: GET /session/504404daf6556c94b3cb83283ff70561/screenshot - {}
RESULT: {}
RESULT: {}
COMMAND: GET /session/504404daf6556c94b3cb83283ff70561/screenshot - {}
RESULT: {}
COMMAND: POST /session/504404daf6556c94b3cb83283ff70561/execute/async - {"script":"<script> [1562 bytes]","args":[{"selector":{"id":"application-managepartners-display-component---NewPartner--addressDetailDetailsName1","interaction":{"idSuffix":"inner"}},"wdio_ui5_key":"applicationmanagepartners-display-component---NewPartner--addressDetailDetailsName1"}]}
RESULT: {}
RESULT: {"script":"<script> [1562 bytes]","args":[{"selector":{"id":"application-managepartners-display-component---NewPartner--addressDetailDetailsName1","interaction":{"idSuffix":"inner"}},"wdio_ui5_key":"applicationmanagepartners-display-component---NewPartner--addressDetailDetailsName1"}]}
RESULT: undefined
COMMAND: POST /session/504404daf6556c94b3cb83283ff70561/execute/async - {"script":"<script> [776 bytes]","args":[{"enterText":"Intercompany Partner WDIO","selector":{"id":"application-managepartners-display-component---NewPartner--addressDetailDetailsName1","interaction":{"idSuffix":"inner"}},"clearTextFirst":true,"interactionType":"ENTER_TEXT"}]}
RESULT: {"script":"<script> [776 bytes]","args":[{"enterText":"Intercompany Partner WDIO","selector":{"id":"application-managepartners-display-component---NewPartner--addressDetailDetailsName1","interaction":{"idSuffix":"inner"}},"clearTextFirst":true,"interactionType":"ENTER_TEXT"}]}
COMMAND: POST /session/504404daf6556c94b3cb83283ff70561/execute/async - {"script":"<script> [1562 bytes]","args":[{"selector":{"id":"application-managepartners-display-component---NewPartner--addressDetailDetailsLanguage-arrow"},"wdio_ui5_key":"applicationmanagepartners-display-component---NewPartner--addressDetailDetailsLanguage-arrow"}]}
RESULT: {"script":"<script> [1562 bytes]","args":[{"selector":{"id":"application-managepartners-display-component---NewPartner--addressDetailDetailsLanguage-arrow"},"wdio_ui5_key":"applicationmanagepartners-display-component---NewPartner--addressDetailDetailsLanguage-arrow"}]}
RESULT: undefined
COMMAND: POST /session/504404daf6556c94b3cb83283ff70561/element - {"using":"xpath","value":"//*[@id=\"application-managepartners-display-component---NewPartner--addressDetailDetailsLanguage-arrow\"]"}
RESULT: {"using":"xpath","value":"//*[@id=\"application-managepartners-display-component---NewPartner--addressDetailDetailsLanguage-arrow\"]"}
COMMAND: POST /session/504404daf6556c94b3cb83283ff70561/element/f.74039697418B55B680EBD40CFFCF13D1.d.993C4201CCF8DDAF287E46282FCFD98E.e.1491/click - {}
RESULT: {}
COMMAND: POST /session/504404daf6556c94b3cb83283ff70561/element - {"using":"xpath","value":"//span[contains(text(), \"English\")]"}
COMMAND: GET /session/504404daf6556c94b3cb83283ff70561/screenshot - {}
RESULT: {"using":"xpath","value":"//span[contains(text(), \"English\")]"}
COMMAND: POST /session/504404daf6556c94b3cb83283ff70561/element/f.74039697418B55B680EBD40CFFCF13D1.d.993C4201CCF8DDAF287E46282FCFD98E.e.1492/click - {}
RESULT: {}
RESULT: {}
COMMAND: GET /session/504404daf6556c94b3cb83283ff70561/screenshot - {}
RESULT: {}
COMMAND: POST /session/504404daf6556c94b3cb83283ff70561/execute/async - {"script":"<script> [1562 bytes]","args":[{"selector":{"id":"application-managepartners-display-component---NewPartner--addressDetailDetailsCity1","interaction":{"idSuffix":"inner"}},"wdio_ui5_key":"applicationmanagepartners-display-component---NewPartner--addressDetailDetailsCity1"}]}
RESULT: {"script":"<script> [1562 bytes]","args":[{"selector":{"id":"application-managepartners-display-component---NewPartner--addressDetailDetailsCity1","interaction":{"idSuffix":"inner"}},"wdio_ui5_key":"applicationmanagepartners-display-component---NewPartner--addressDetailDetailsCity1"}]}
RESULT: undefined
COMMAND: POST /session/504404daf6556c94b3cb83283ff70561/execute/async - {"script":"<script> [776 bytes]","args":[{"enterText":"Rosario","selector":{"id":"application-managepartners-display-component---NewPartner--addressDetailDetailsCity1","interaction":{"idSuffix":"inner"}},"clearTextFirst":true,"interactionType":"ENTER_TEXT"}]}
RESULT: {"script":"<script> [776 bytes]","args":[{"enterText":"Rosario","selector":{"id":"application-managepartners-display-component---NewPartner--addressDetailDetailsCity1","interaction":{"idSuffix":"inner"}},"clearTextFirst":true,"interactionType":"ENTER_TEXT"}]}
COMMAND: POST /session/504404daf6556c94b3cb83283ff70561/execute/async - {"script":"<script> [1562 bytes]","args":[{"selector":{"id":"application-managepartners-display-component---NewPartner--addressDetailDetailsCountry-arrow"},"wdio_ui5_key":"applicationmanagepartners-display-component---NewPartner--addressDetailDetailsCountry-arrow"}]}
RESULT: {"script":"<script> [1562 bytes]","args":[{"selector":{"id":"application-managepartners-display-component---NewPartner--addressDetailDetailsCountry-arrow"},"wdio_ui5_key":"applicationmanagepartners-display-component---NewPartner--addressDetailDetailsCountry-arrow"}]}
RESULT: undefined
COMMAND: POST /session/504404daf6556c94b3cb83283ff70561/element - {"using":"xpath","value":"//*[@id=\"application-managepartners-display-component---NewPartner--addressDetailDetailsCountry-arrow\"]"}
RESULT: {"using":"xpath","value":"//*[@id=\"application-managepartners-display-component---NewPartner--addressDetailDetailsCountry-arrow\"]"}
COMMAND: POST /session/504404daf6556c94b3cb83283ff70561/element/f.74039697418B55B680EBD40CFFCF13D1.d.993C4201CCF8DDAF287E46282FCFD98E.e.1470/click - {}
RESULT: {}
COMMAND: POST /session/504404daf6556c94b3cb83283ff70561/element - {"using":"xpath","value":"//span[contains(text(), \"Argentina\")]"}
COMMAND: GET /session/504404daf6556c94b3cb83283ff70561/screenshot - {}
RESULT: {"using":"xpath","value":"//span[contains(text(), \"Argentina\")]"}
COMMAND: POST /session/504404daf6556c94b3cb83283ff70561/element/f.74039697418B55B680EBD40CFFCF13D1.d.993C4201CCF8DDAF287E46282FCFD98E.e.1494/click - {}
RESULT: {}
RESULT: {}
COMMAND: GET /session/504404daf6556c94b3cb83283ff70561/screenshot - {}
RESULT: {}
COMMAND: POST /session/504404daf6556c94b3cb83283ff70561/element - {"using":"xpath","value":"//bdi[contains(text(), \"Commercial\")]"}
RESULT: {"using":"xpath","value":"//bdi[contains(text(), \"Commercial\")]"}
COMMAND: POST /session/504404daf6556c94b3cb83283ff70561/element/f.74039697418B55B680EBD40CFFCF13D1.d.993C4201CCF8DDAF287E46282FCFD98E.e.1495/click - {}
RESULT: {}
COMMAND: GET /session/504404daf6556c94b3cb83283ff70561/screenshot - {}
RESULT: {}
COMMAND: POST /session/504404daf6556c94b3cb83283ff70561/execute/async - {"script":"<script> [1562 bytes]","args":[{"selector":{"id":"application-managepartners-display-component---NewPartner--partnerDetailInternal-arrow"},"wdio_ui5_key":"applicationmanagepartners-display-component---NewPartner--partnerDetailInternal-arrow"}]}
RESULT: {"script":"<script> [1562 bytes]","args":[{"selector":{"id":"application-managepartners-display-component---NewPartner--partnerDetailInternal-arrow"},"wdio_ui5_key":"applicationmanagepartners-display-component---NewPartner--partnerDetailInternal-arrow"}]}
RESULT: undefined
COMMAND: POST /session/504404daf6556c94b3cb83283ff70561/element - {"using":"xpath","value":"//*[@id=\"application-managepartners-display-component---NewPartner--partnerDetailInternal-arrow\"]"}
RESULT: {"using":"xpath","value":"//*[@id=\"application-managepartners-display-component---NewPartner--partnerDetailInternal-arrow\"]"}
COMMAND: POST /session/504404daf6556c94b3cb83283ff70561/element/f.74039697418B55B680EBD40CFFCF13D1.d.993C4201CCF8DDAF287E46282FCFD98E.e.1503/click - {}
RESULT: {}
COMMAND: POST /session/504404daf6556c94b3cb83283ff70561/element - {"using":"xpath","value":"//span[contains(text(), \"Affiliated company\")]"}
COMMAND: GET /session/504404daf6556c94b3cb83283ff70561/screenshot - {}
RESULT: {"using":"xpath","value":"//span[contains(text(), \"Affiliated company\")]"}
COMMAND: POST /session/504404daf6556c94b3cb83283ff70561/element/f.74039697418B55B680EBD40CFFCF13D1.d.993C4201CCF8DDAF287E46282FCFD98E.e.1504/click - {}
RESULT: {}
RESULT: {}
COMMAND: POST /session/504404daf6556c94b3cb83283ff70561/execute/async - {"script":"<script> [1562 bytes]","args":[{"selector":{"id":"application-managepartners-display-component---NewPartner--partnerDetailsCurrency-arrow"},"wdio_ui5_key":"applicationmanagepartners-display-component---NewPartner--partnerDetailsCurrency-arrow"}]}
COMMAND: GET /session/504404daf6556c94b3cb83283ff70561/screenshot - {}
RESULT: {"script":"<script> [1562 bytes]","args":[{"selector":{"id":"application-managepartners-display-component---NewPartner--partnerDetailsCurrency-arrow"},"wdio_ui5_key":"applicationmanagepartners-display-component---NewPartner--partnerDetailsCurrency-arrow"}]}
RESULT: undefined
COMMAND: POST /session/504404daf6556c94b3cb83283ff70561/element - {"using":"xpath","value":"//*[@id=\"application-managepartners-display-component---NewPartner--partnerDetailsCurrency-arrow\"]"}
RESULT: {}
RESULT: {"using":"xpath","value":"//*[@id=\"application-managepartners-display-component---NewPartner--partnerDetailsCurrency-arrow\"]"}
COMMAND: POST /session/504404daf6556c94b3cb83283ff70561/element/f.74039697418B55B680EBD40CFFCF13D1.d.993C4201CCF8DDAF287E46282FCFD98E.e.1511/click - {}
RESULT: {}
COMMAND: POST /session/504404daf6556c94b3cb83283ff70561/element - {"using":"xpath","value":"//span[contains(text(), \"Euro\")]"}
COMMAND: GET /session/504404daf6556c94b3cb83283ff70561/screenshot - {}
RESULT: {"using":"xpath","value":"//span[contains(text(), \"Euro\")]"}
COMMAND: POST /session/504404daf6556c94b3cb83283ff70561/element/f.74039697418B55B680EBD40CFFCF13D1.d.993C4201CCF8DDAF287E46282FCFD98E.e.1512/click - {}
RESULT: {}
RESULT: {}
COMMAND: POST /session/504404daf6556c94b3cb83283ff70561/execute/async - {"script":"<script> [1562 bytes]","args":[{"selector":{"id":"application-managepartners-display-component---NewPartner--addressEditDetailsCostObjectCstType-arrow"},"wdio_ui5_key":"applicationmanagepartners-display-component---NewPartner--addressEditDetailsCostObjectCstType-arrow"}]}
COMMAND: GET /session/504404daf6556c94b3cb83283ff70561/screenshot - {}
RESULT: {"script":"<script> [1562 bytes]","args":[{"selector":{"id":"application-managepartners-display-component---NewPartner--addressEditDetailsCostObjectCstType-arrow"},"wdio_ui5_key":"applicationmanagepartners-display-component---NewPartner--addressEditDetailsCostObjectCstType-arrow"}]}
RESULT: undefined
COMMAND: POST /session/504404daf6556c94b3cb83283ff70561/element - {"using":"xpath","value":"//*[@id=\"application-managepartners-display-component---NewPartner--addressEditDetailsCostObjectCstType-arrow\"]"}
RESULT: {}
RESULT: {"using":"xpath","value":"//*[@id=\"application-managepartners-display-component---NewPartner--addressEditDetailsCostObjectCstType-arrow\"]"}
COMMAND: POST /session/504404daf6556c94b3cb83283ff70561/element/f.74039697418B55B680EBD40CFFCF13D1.d.993C4201CCF8DDAF287E46282FCFD98E.e.1513/click - {}
RESULT: {}
COMMAND: POST /session/504404daf6556c94b3cb83283ff70561/element - {"using":"xpath","value":"//span[contains(text(), \"Cost Center\")]"}
COMMAND: GET /session/504404daf6556c94b3cb83283ff70561/screenshot - {}
RESULT: {"using":"xpath","value":"//span[contains(text(), \"Cost Center\")]"}
COMMAND: POST /session/504404daf6556c94b3cb83283ff70561/element/f.74039697418B55B680EBD40CFFCF13D1.d.993C4201CCF8DDAF287E46282FCFD98E.e.1514/click - {}
RESULT: {}
RESULT: {}
COMMAND: GET /session/504404daf6556c94b3cb83283ff70561/screenshot - {}
RESULT: {}
COMMAND: POST /session/504404daf6556c94b3cb83283ff70561/element - {"using":"xpath","value":"//span[@id=\"application-managepartners-display-component---NewPartner--addressNewCostObjectCstID-vhi\"]"}
RESULT: {"using":"xpath","value":"//span[@id=\"application-managepartners-display-component---NewPartner--addressNewCostObjectCstID-vhi\"]"}
COMMAND: POST /session/504404daf6556c94b3cb83283ff70561/execute/sync - {"script":"<script> [8489 bytes]","args":[{"element-6066-11e4-a52e-4f735466cecf":"f.74039697418B55B680EBD40CFFCF13D1.d.993C4201CCF8DDAF287E46282FCFD98E.e.1517","ELEMENT":"f.74039697418B55B680EBD40CFFCF13D1.d.993C4201CCF8DDAF287E46282FCFD98E.e.1517"}]}
RESULT: {"script":"<script> [8489 bytes]","args":[{"element-6066-11e4-a52e-4f735466cecf":"f.74039697418B55B680EBD40CFFCF13D1.d.993C4201CCF8DDAF287E46282FCFD98E.e.1517","ELEMENT":"f.74039697418B55B680EBD40CFFCF13D1.d.993C4201CCF8DDAF287E46282FCFD98E.e.1517"}]}
COMMAND: POST /session/504404daf6556c94b3cb83283ff70561/execute/async - {"script":"<script> [1562 bytes]","args":[{"selector":{"id":"application-managepartners-display-component---NewPartner--addressNewCostObjectCstID-vhi"},"wdio_ui5_key":"applicationmanagepartners-display-component---NewPartner--addressNewCostObjectCstID-vhi"}]}
COMMAND: GET /session/504404daf6556c94b3cb83283ff70561/screenshot - {}
RESULT: {"script":"<script> [1562 bytes]","args":[{"selector":{"id":"application-managepartners-display-component---NewPartner--addressNewCostObjectCstID-vhi"},"wdio_ui5_key":"applicationmanagepartners-display-component---NewPartner--addressNewCostObjectCstID-vhi"}]}
RESULT: undefined
COMMAND: POST /session/504404daf6556c94b3cb83283ff70561/element - {"using":"xpath","value":"//*[@id=\"application-managepartners-display-component---NewPartner--addressNewCostObjectCstID-vhi\"]"}
RESULT: {}
RESULT: {"using":"xpath","value":"//*[@id=\"application-managepartners-display-component---NewPartner--addressNewCostObjectCstID-vhi\"]"}
COMMAND: POST /session/504404daf6556c94b3cb83283ff70561/element/f.74039697418B55B680EBD40CFFCF13D1.d.993C4201CCF8DDAF287E46282FCFD98E.e.1517/click - {}
RESULT: {}
COMMAND: GET /session/504404daf6556c94b3cb83283ff70561/screenshot - {}
RESULT: {}
RESULT: undefined
COMMAND: POST /session/504404daf6556c94b3cb83283ff70561/execute/async - {"script":"<script> [776 bytes]","args":[{"enterText":"10001013","selector":{"controlType":"sap.m.SearchField","properties":{"placeholder":"Search"},"searchOpenDialogs":true,"interaction":{"idSuffix":"I"}},"clearTextFirst":true,"interactionType":"ENTER_TEXT"}]}
RESULT: {"script":"<script> [776 bytes]","args":[{"enterText":"10001013","selector":{"controlType":"sap.m.SearchField","properties":{"placeholder":"Search"},"searchOpenDialogs":true,"interaction":{"idSuffix":"I"}},"clearTextFirst":true,"interactionType":"ENTER_TEXT"}]}
COMMAND: POST /session/504404daf6556c94b3cb83283ff70561/actions - {"actions":[{"id":"action2","type":"key","parameters":{},"actions":[{"type":"keyDown","value":""},{"type":"pause","duration":10},{"type":"keyUp","value":""}]}]}
RESULT: {"actions":[{"id":"action2","type":"key","parameters":{},"actions":[{"type":"keyDown","value":""},{"type":"pause","duration":10},{"type":"keyUp","value":""}]}]}
COMMAND: GET /session/504404daf6556c94b3cb83283ff70561/screenshot - {}
RESULT: {}
COMMAND: POST /session/504404daf6556c94b3cb83283ff70561/element - {"using":"xpath","value":"//span[contains(text(), \"General Management\")]"}
RESULT: {"using":"xpath","value":"//span[contains(text(), \"General Management\")]"}
COMMAND: POST /session/504404daf6556c94b3cb83283ff70561/element/f.74039697418B55B680EBD40CFFCF13D1.d.993C4201CCF8DDAF287E46282FCFD98E.e.1556/click - {}
RESULT: {}
COMMAND: GET /session/504404daf6556c94b3cb83283ff70561/screenshot - {}
COMMAND: POST /session/504404daf6556c94b3cb83283ff70561/element - {"using":"xpath","value":"//bdi[contains(text(), \"OK\")]"}
RESULT: {}
RESULT: {"using":"xpath","value":"//bdi[contains(text(), \"OK\")]"}
COMMAND: POST /session/504404daf6556c94b3cb83283ff70561/element/f.74039697418B55B680EBD40CFFCF13D1.d.993C4201CCF8DDAF287E46282FCFD98E.e.1557/click - {}
RESULT: {}
COMMAND: GET /session/504404daf6556c94b3cb83283ff70561/screenshot - {}
RESULT: {}
COMMAND: POST /session/504404daf6556c94b3cb83283ff70561/element - {"using":"xpath","value":"//input[@id=\"application-managepartners-display-component---NewPartner--companyCodeComboBox-inner\"]"}
RESULT: {"using":"xpath","value":"//input[@id=\"application-managepartners-display-component---NewPartner--companyCodeComboBox-inner\"]"}
COMMAND: POST /session/504404daf6556c94b3cb83283ff70561/element/f.74039697418B55B680EBD40CFFCF13D1.d.993C4201CCF8DDAF287E46282FCFD98E.e.1404/clear - {}
RESULT: {}
COMMAND: POST /session/504404daf6556c94b3cb83283ff70561/element/f.74039697418B55B680EBD40CFFCF13D1.d.993C4201CCF8DDAF287E46282FCFD98E.e.1404/value - {"text":"C002"}
COMMAND: GET /session/504404daf6556c94b3cb83283ff70561/screenshot - {}
RESULT: {"text":"C002"}
COMMAND: GET /session/504404daf6556c94b3cb83283ff70561/screenshot - {}
RESULT: {}
RESULT: {}
COMMAND: POST /session/504404daf6556c94b3cb83283ff70561/element - {"using":"xpath","value":"//span[contains(text(), \"C002\")]"}
RESULT: {"using":"xpath","value":"//span[contains(text(), \"C002\")]"}
COMMAND: POST /session/504404daf6556c94b3cb83283ff70561/element/f.74039697418B55B680EBD40CFFCF13D1.d.993C4201CCF8DDAF287E46282FCFD98E.e.1563/click - {}
RESULT: {}
COMMAND: GET /session/504404daf6556c94b3cb83283ff70561/screenshot - {}
RESULT: {}
COMMAND: POST /session/504404daf6556c94b3cb83283ff70561/execute/async - {"script":"<script> [1562 bytes]","args":[{"selector":{"id":"application-managepartners-display-component---NewPartner--btnAddTableRow-img"},"wdio_ui5_key":"applicationmanagepartners-display-component---NewPartner--btnAddTableRow-img"}]}
RESULT: {"script":"<script> [1562 bytes]","args":[{"selector":{"id":"application-managepartners-display-component---NewPartner--btnAddTableRow-img"},"wdio_ui5_key":"applicationmanagepartners-display-component---NewPartner--btnAddTableRow-img"}]}
RESULT: undefined
COMMAND: POST /session/504404daf6556c94b3cb83283ff70561/element - {"using":"xpath","value":"//*[@id=\"application-managepartners-display-component---NewPartner--btnAddTableRow-img\"]"}
RESULT: {"using":"xpath","value":"//*[@id=\"application-managepartners-display-component---NewPartner--btnAddTableRow-img\"]"}
COMMAND: POST /session/504404daf6556c94b3cb83283ff70561/element/f.74039697418B55B680EBD40CFFCF13D1.d.993C4201CCF8DDAF287E46282FCFD98E.e.1564/click - {}
RESULT: {}
COMMAND: GET /session/504404daf6556c94b3cb83283ff70561/screenshot - {}
RESULT: {}
COMMAND: POST /session/504404daf6556c94b3cb83283ff70561/element - {"using":"xpath","value":"//input[@id=\"application-managepartners-display-component---NewPartner--assignmentYard-application-managepartners-display-component---NewPartner--assignmentsTable-0-inner\"]"}
RESULT: {"using":"xpath","value":"//input[@id=\"application-managepartners-display-component---NewPartner--assignmentYard-application-managepartners-display-component---NewPartner--assignmentsTable-0-inner\"]"}
COMMAND: POST /session/504404daf6556c94b3cb83283ff70561/element/f.74039697418B55B680EBD40CFFCF13D1.d.993C4201CCF8DDAF287E46282FCFD98E.e.1567/clear - {}
RESULT: {}
COMMAND: POST /session/504404daf6556c94b3cb83283ff70561/element/f.74039697418B55B680EBD40CFFCF13D1.d.993C4201CCF8DDAF287E46282FCFD98E.e.1567/value - {"text":"647"}
COMMAND: GET /session/504404daf6556c94b3cb83283ff70561/screenshot - {}
RESULT: {"text":"647"}
COMMAND: GET /session/504404daf6556c94b3cb83283ff70561/screenshot - {}
RESULT: {}
RESULT: {}
COMMAND: POST /session/504404daf6556c94b3cb83283ff70561/element - {"using":"xpath","value":"//li[.//span[text()='647']]"}
RESULT: {"using":"xpath","value":"//li[.//span[text()='647']]"}
COMMAND: POST /session/504404daf6556c94b3cb83283ff70561/element/f.74039697418B55B680EBD40CFFCF13D1.d.993C4201CCF8DDAF287E46282FCFD98E.e.1576/click - {}
RESULT: {}
COMMAND: GET /session/504404daf6556c94b3cb83283ff70561/screenshot - {}
RESULT: {}
COMMAND: POST /session/504404daf6556c94b3cb83283ff70561/actions - {"actions":[{"id":"action3","type":"key","parameters":{},"actions":[{"type":"keyDown","value":""},{"type":"pause","duration":10},{"type":"keyUp","value":""}]}]}
RESULT: {"actions":[{"id":"action3","type":"key","parameters":{},"actions":[{"type":"keyDown","value":""},{"type":"pause","duration":10},{"type":"keyUp","value":""}]}]}
COMMAND: POST /session/504404daf6556c94b3cb83283ff70561/execute/async - {"script":"<script> [1562 bytes]","args":[{"selector":{"id":"application-managepartners-display-component---NewPartner--externalCustomerComboBox-application-managepartners-display-component---NewPartner--assignmentsTable-0-vhi"},"wdio_ui5_key":"applicationmanagepartners-display-component---NewPartner--externalCustomerComboBox-application-managepartners-display-component---NewPartner--assignmentsTable-0-vhi"}]}
COMMAND: GET /session/504404daf6556c94b3cb83283ff70561/screenshot - {}
RESULT: {"script":"<script> [1562 bytes]","args":[{"selector":{"id":"application-managepartners-display-component---NewPartner--externalCustomerComboBox-application-managepartners-display-component---NewPartner--assignmentsTable-0-vhi"},"wdio_ui5_key":"applicationmanagepartners-display-component---NewPartner--externalCustomerComboBox-application-managepartners-display-component---NewPartner--assignmentsTable-0-vhi"}]}
RESULT: undefined
COMMAND: POST /session/504404daf6556c94b3cb83283ff70561/element - {"using":"xpath","value":"//*[@id=\"application-managepartners-display-component---NewPartner--externalCustomerComboBox-application-managepartners-display-component---NewPartner--assignmentsTable-0-vhi\"]"}
RESULT: {}
RESULT: {"using":"xpath","value":"//*[@id=\"application-managepartners-display-component---NewPartner--externalCustomerComboBox-application-managepartners-display-component---NewPartner--assignmentsTable-0-vhi\"]"}
COMMAND: POST /session/504404daf6556c94b3cb83283ff70561/element/f.74039697418B55B680EBD40CFFCF13D1.d.993C4201CCF8DDAF287E46282FCFD98E.e.1580/click - {}
RESULT: {}
RESULT: undefined
COMMAND: POST /session/504404daf6556c94b3cb83283ff70561/execute/async - {"script":"<script> [776 bytes]","args":[{"enterText":"300003","selector":{"controlType":"sap.m.SearchField","properties":{"placeholder":"Search"},"searchOpenDialogs":true,"interaction":{"idSuffix":"I"}},"clearTextFirst":true,"interactionType":"ENTER_TEXT"}]}
COMMAND: GET /session/504404daf6556c94b3cb83283ff70561/screenshot - {}
RESULT: {"script":"<script> [776 bytes]","args":[{"enterText":"300003","selector":{"controlType":"sap.m.SearchField","properties":{"placeholder":"Search"},"searchOpenDialogs":true,"interaction":{"idSuffix":"I"}},"clearTextFirst":true,"interactionType":"ENTER_TEXT"}]}
COMMAND: POST /session/504404daf6556c94b3cb83283ff70561/actions - {"actions":[{"id":"action4","type":"key","parameters":{},"actions":[{"type":"keyDown","value":""},{"type":"pause","duration":10},{"type":"keyUp","value":""}]}]}
RESULT: {}
RESULT: {"actions":[{"id":"action4","type":"key","parameters":{},"actions":[{"type":"keyDown","value":""},{"type":"pause","duration":10},{"type":"keyUp","value":""}]}]}
COMMAND: GET /session/504404daf6556c94b3cb83283ff70561/screenshot - {}
RESULT: {}
COMMAND: POST /session/504404daf6556c94b3cb83283ff70561/element - {"using":"xpath","value":"//span[contains(text(), \"300003\")]"}
RESULT: {"using":"xpath","value":"//span[contains(text(), \"300003\")]"}
COMMAND: POST /session/504404daf6556c94b3cb83283ff70561/element/f.74039697418B55B680EBD40CFFCF13D1.d.993C4201CCF8DDAF287E46282FCFD98E.e.1597/click - {}
RESULT: {}
COMMAND: GET /session/504404daf6556c94b3cb83283ff70561/screenshot - {}
RESULT: {}
COMMAND: POST /session/504404daf6556c94b3cb83283ff70561/element - {"using":"xpath","value":"//bdi[contains(text(), \"OK\")]"}
RESULT: {"using":"xpath","value":"//bdi[contains(text(), \"OK\")]"}
COMMAND: POST /session/504404daf6556c94b3cb83283ff70561/element/f.74039697418B55B680EBD40CFFCF13D1.d.993C4201CCF8DDAF287E46282FCFD98E.e.1599/click - {}
RESULT: {}
COMMAND: GET /session/504404daf6556c94b3cb83283ff70561/screenshot - {}
RESULT: {}
COMMAND: POST /session/504404daf6556c94b3cb83283ff70561/execute/async - {"script":"<script> [1562 bytes]","args":[{"selector":{"id":"application-managepartners-display-component---NewPartner--intercompVendorComboBox-application-managepartners-display-component---NewPartner--assignmentsTable-0-vhi"},"wdio_ui5_key":"applicationmanagepartners-display-component---NewPartner--intercompVendorComboBox-application-managepartners-display-component---NewPartner--assignmentsTable-0-vhi"}]}
RESULT: {"script":"<script> [1562 bytes]","args":[{"selector":{"id":"application-managepartners-display-component---NewPartner--intercompVendorComboBox-application-managepartners-display-component---NewPartner--assignmentsTable-0-vhi"},"wdio_ui5_key":"applicationmanagepartners-display-component---NewPartner--intercompVendorComboBox-application-managepartners-display-component---NewPartner--assignmentsTable-0-vhi"}]}
RESULT: undefined
COMMAND: POST /session/504404daf6556c94b3cb83283ff70561/element - {"using":"xpath","value":"//*[@id=\"application-managepartners-display-component---NewPartner--intercompVendorComboBox-application-managepartners-display-component---NewPartner--assignmentsTable-0-vhi\"]"}
RESULT: {"using":"xpath","value":"//*[@id=\"application-managepartners-display-component---NewPartner--intercompVendorComboBox-application-managepartners-display-component---NewPartner--assignmentsTable-0-vhi\"]"}
COMMAND: POST /session/504404daf6556c94b3cb83283ff70561/element/f.74039697418B55B680EBD40CFFCF13D1.d.993C4201CCF8DDAF287E46282FCFD98E.e.1602/click - {}
RESULT: {}
RESULT: undefined
COMMAND: POST /session/504404daf6556c94b3cb83283ff70561/execute/async - {"script":"<script> [776 bytes]","args":[{"enterText":"100005","selector":{"controlType":"sap.m.SearchField","properties":{"placeholder":"Search"},"searchOpenDialogs":true,"interaction":{"idSuffix":"I"}},"clearTextFirst":true,"interactionType":"ENTER_TEXT"}]}
COMMAND: GET /session/504404daf6556c94b3cb83283ff70561/screenshot - {}
RESULT: {"script":"<script> [776 bytes]","args":[{"enterText":"100005","selector":{"controlType":"sap.m.SearchField","properties":{"placeholder":"Search"},"searchOpenDialogs":true,"interaction":{"idSuffix":"I"}},"clearTextFirst":true,"interactionType":"ENTER_TEXT"}]}
COMMAND: POST /session/504404daf6556c94b3cb83283ff70561/actions - {"actions":[{"id":"action5","type":"key","parameters":{},"actions":[{"type":"keyDown","value":""},{"type":"pause","duration":10},{"type":"keyUp","value":""}]}]}
RESULT: {}
RESULT: {"actions":[{"id":"action5","type":"key","parameters":{},"actions":[{"type":"keyDown","value":""},{"type":"pause","duration":10},{"type":"keyUp","value":""}]}]}
COMMAND: GET /session/504404daf6556c94b3cb83283ff70561/screenshot - {}
RESULT: {}
COMMAND: POST /session/504404daf6556c94b3cb83283ff70561/element - {"using":"xpath","value":"//span[contains(text(), \"Penguins - Field/12345 Berlin\")]"}
RESULT: {"using":"xpath","value":"//span[contains(text(), \"Penguins - Field/12345 Berlin\")]"}
COMMAND: POST /session/504404daf6556c94b3cb83283ff70561/element/f.74039697418B55B680EBD40CFFCF13D1.d.993C4201CCF8DDAF287E46282FCFD98E.e.1619/click - {}
RESULT: {}
COMMAND: GET /session/504404daf6556c94b3cb83283ff70561/screenshot - {}
RESULT: {}
COMMAND: POST /session/504404daf6556c94b3cb83283ff70561/element - {"using":"xpath","value":"//bdi[contains(text(), \"OK\")]"}
RESULT: {"using":"xpath","value":"//bdi[contains(text(), \"OK\")]"}
COMMAND: POST /session/504404daf6556c94b3cb83283ff70561/element/f.74039697418B55B680EBD40CFFCF13D1.d.993C4201CCF8DDAF287E46282FCFD98E.e.1620/click - {}
RESULT: {}
COMMAND: GET /session/504404daf6556c94b3cb83283ff70561/screenshot - {}
RESULT: {}
COMMAND: POST /session/504404daf6556c94b3cb83283ff70561/element - {"using":"xpath","value":"//button[@data-kt=\"saveButton\"]"}
RESULT: {"using":"xpath","value":"//button[@data-kt=\"saveButton\"]"}
COMMAND: POST /session/504404daf6556c94b3cb83283ff70561/element/f.74039697418B55B680EBD40CFFCF13D1.d.993C4201CCF8DDAF287E46282FCFD98E.e.1409/click - {}
RESULT: {}
COMMAND: GET /session/504404daf6556c94b3cb83283ff70561/screenshot - {}
RESULT: {}
COMMAND: POST /session/504404daf6556c94b3cb83283ff70561/element - {"using":"xpath","value":"//header[contains(@id, 'ObjectPageLayout-headerTitle')]/div[1]/div[2]/div[2]/span[1]"}
RESULT: {"using":"xpath","value":"//header[contains(@id, 'ObjectPageLayout-headerTitle')]/div[1]/div[2]/div[2]/span[1]"}
COMMAND: POST /session/504404daf6556c94b3cb83283ff70561/elements - {"using":"xpath","value":"//header[contains(@id, 'ObjectPageLayout-headerTitle')]/div[1]/div[2]/div[2]/span[1]"}
RESULT: {"using":"xpath","value":"//header[contains(@id, 'ObjectPageLayout-headerTitle')]/div[1]/div[2]/div[2]/span[1]"}
COMMAND: POST /session/504404daf6556c94b3cb83283ff70561/execute/sync - {"script":"<script> [56 bytes]","args":[{"element-6066-11e4-a52e-4f735466cecf":"f.74039697418B55B680EBD40CFFCF13D1.d.993C4201CCF8DDAF287E46282FCFD98E.e.1785","ELEMENT":"f.74039697418B55B680EBD40CFFCF13D1.d.993C4201CCF8DDAF287E46282FCFD98E.e.1785"}]}
RESULT: {"script":"<script> [56 bytes]","args":[{"element-6066-11e4-a52e-4f735466cecf":"f.74039697418B55B680EBD40CFFCF13D1.d.993C4201CCF8DDAF287E46282FCFD98E.e.1785","ELEMENT":"f.74039697418B55B680EBD40CFFCF13D1.d.993C4201CCF8DDAF287E46282FCFD98E.e.1785"}]}
COMMAND: POST /session/504404daf6556c94b3cb83283ff70561/element - {"using":"css selector","value":"#shell-header-logo"}
COMMAND: GET /session/504404daf6556c94b3cb83283ff70561/screenshot - {}
RESULT: {"using":"css selector","value":"#shell-header-logo"}
COMMAND: POST /session/504404daf6556c94b3cb83283ff70561/element/f.74039697418B55B680EBD40CFFCF13D1.d.993C4201CCF8DDAF287E46282FCFD98E.e.1009/click - {}
RESULT: {}
RESULT: {}
COMMAND: GET /session/504404daf6556c94b3cb83283ff70561/screenshot - {}
RESULT: {}
COMMAND: POST /session/504404daf6556c94b3cb83283ff70561/execute/sync - {"script":"<script> [299 bytes]","args":[["getModel","getResource"]]}
RESULT: {"script":"<script> [299 bytes]","args":[["getModel","getResource"]]}
]]></system-out>
    </testcase>
    <testcase classname="chrome.135_0_7049_42.windows.Billing_Transfer_-_Master_data_&amp;_Intercompany_US127250" name="Should create a new site" time="141.248">
      <system-out><![CDATA[
COMMAND: GET /session/504404daf6556c94b3cb83283ff70561/screenshot - {}
COMMAND: POST /session/504404daf6556c94b3cb83283ff70561/execute/async - {"script":"<script> [1562 bytes]","args":[{"selector":{"controlType":"sap.m.TileContent","bindingPath":{"path":"","propertyPath":"/properties/info"},"ancestor":{"controlType":"sap.m.GenericTile","properties":{"header":"Manage Sites"}}},"wdio_ui5_key":"sapm.TileContent{\"path\":\"\",\"propertyPath\":\"/properties/info\"}{\"controlType\":\"sap.m.GenericTile\",\"properties\":{\"header\":\"Manage Sites\"}}"}]}
RESULT: {"script":"<script> [1562 bytes]","args":[{"selector":{"controlType":"sap.m.TileContent","bindingPath":{"path":"","propertyPath":"/properties/info"},"ancestor":{"controlType":"sap.m.GenericTile","properties":{"header":"Manage Sites"}}},"wdio_ui5_key":"sapm.TileContent{\"path\":\"\",\"propertyPath\":\"/properties/info\"}{\"controlType\":\"sap.m.GenericTile\",\"properties\":{\"header\":\"Manage Sites\"}}"}]}
RESULT: undefined
COMMAND: POST /session/504404daf6556c94b3cb83283ff70561/element - {"using":"xpath","value":"//*[@id=\"__xmlview7--numericTileContent\"]"}
RESULT: {}
RESULT: {"using":"xpath","value":"//*[@id=\"__xmlview7--numericTileContent\"]"}
COMMAND: POST /session/504404daf6556c94b3cb83283ff70561/element/f.74039697418B55B680EBD40CFFCF13D1.d.993C4201CCF8DDAF287E46282FCFD98E.e.1787/click - {}
RESULT: {}
COMMAND: POST /session/504404daf6556c94b3cb83283ff70561/element - {"using":"xpath","value":"//button[@data-kt=\"addOverflowToolbarButton\"]"}
COMMAND: GET /session/504404daf6556c94b3cb83283ff70561/screenshot - {}
RESULT: {"using":"xpath","value":"//button[@data-kt=\"addOverflowToolbarButton\"]"}
COMMAND: POST /session/504404daf6556c94b3cb83283ff70561/elements - {"using":"xpath","value":"//button[@data-kt=\"addOverflowToolbarButton\"]"}
RESULT: {}
RESULT: {"using":"xpath","value":"//button[@data-kt=\"addOverflowToolbarButton\"]"}
COMMAND: POST /session/504404daf6556c94b3cb83283ff70561/elements - {"using":"xpath","value":"//button[@data-kt=\"addOverflowToolbarButton\"]"}
RESULT: {"using":"xpath","value":"//button[@data-kt=\"addOverflowToolbarButton\"]"}
COMMAND: POST /session/504404daf6556c94b3cb83283ff70561/elements - {"using":"xpath","value":"//button[@data-kt=\"addOverflowToolbarButton\"]"}
RESULT: {"using":"xpath","value":"//button[@data-kt=\"addOverflowToolbarButton\"]"}
COMMAND: POST /session/504404daf6556c94b3cb83283ff70561/elements - {"using":"xpath","value":"//button[@data-kt=\"addOverflowToolbarButton\"]"}
RESULT: {"using":"xpath","value":"//button[@data-kt=\"addOverflowToolbarButton\"]"}
COMMAND: POST /session/504404daf6556c94b3cb83283ff70561/element - {"using":"xpath","value":"//button[@data-kt=\"addOverflowToolbarButton\"]"}
RESULT: {"using":"xpath","value":"//button[@data-kt=\"addOverflowToolbarButton\"]"}
COMMAND: POST /session/504404daf6556c94b3cb83283ff70561/execute/sync - {"script":"<script> [8489 bytes]","args":[{"element-6066-11e4-a52e-4f735466cecf":"f.74039697418B55B680EBD40CFFCF13D1.d.993C4201CCF8DDAF287E46282FCFD98E.e.1833","ELEMENT":"f.74039697418B55B680EBD40CFFCF13D1.d.993C4201CCF8DDAF287E46282FCFD98E.e.1833"}]}
RESULT: {"script":"<script> [8489 bytes]","args":[{"element-6066-11e4-a52e-4f735466cecf":"f.74039697418B55B680EBD40CFFCF13D1.d.993C4201CCF8DDAF287E46282FCFD98E.e.1833","ELEMENT":"f.74039697418B55B680EBD40CFFCF13D1.d.993C4201CCF8DDAF287E46282FCFD98E.e.1833"}]}
COMMAND: GET /session/504404daf6556c94b3cb83283ff70561/element/f.74039697418B55B680EBD40CFFCF13D1.d.993C4201CCF8DDAF287E46282FCFD98E.e.1833/enabled - {}
COMMAND: GET /session/504404daf6556c94b3cb83283ff70561/screenshot - {}
RESULT: {}
COMMAND: POST /session/504404daf6556c94b3cb83283ff70561/execute/sync - {"script":"<script> [8489 bytes]","args":[{"element-6066-11e4-a52e-4f735466cecf":"f.74039697418B55B680EBD40CFFCF13D1.d.993C4201CCF8DDAF287E46282FCFD98E.e.1833","ELEMENT":"f.74039697418B55B680EBD40CFFCF13D1.d.993C4201CCF8DDAF287E46282FCFD98E.e.1833"}]}
COMMAND: GET /session/504404daf6556c94b3cb83283ff70561/screenshot - {}
RESULT: {}
RESULT: {"script":"<script> [8489 bytes]","args":[{"element-6066-11e4-a52e-4f735466cecf":"f.74039697418B55B680EBD40CFFCF13D1.d.993C4201CCF8DDAF287E46282FCFD98E.e.1833","ELEMENT":"f.74039697418B55B680EBD40CFFCF13D1.d.993C4201CCF8DDAF287E46282FCFD98E.e.1833"}]}
COMMAND: POST /session/504404daf6556c94b3cb83283ff70561/execute/sync - {"script":"<script> [5351 bytes]","args":[{"element-6066-11e4-a52e-4f735466cecf":"f.74039697418B55B680EBD40CFFCF13D1.d.993C4201CCF8DDAF287E46282FCFD98E.e.1833","ELEMENT":"f.74039697418B55B680EBD40CFFCF13D1.d.993C4201CCF8DDAF287E46282FCFD98E.e.1833"}]}
COMMAND: GET /session/504404daf6556c94b3cb83283ff70561/screenshot - {}
RESULT: {}
RESULT: {"script":"<script> [5351 bytes]","args":[{"element-6066-11e4-a52e-4f735466cecf":"f.74039697418B55B680EBD40CFFCF13D1.d.993C4201CCF8DDAF287E46282FCFD98E.e.1833","ELEMENT":"f.74039697418B55B680EBD40CFFCF13D1.d.993C4201CCF8DDAF287E46282FCFD98E.e.1833"}]}
COMMAND: POST /session/504404daf6556c94b3cb83283ff70561/element/f.74039697418B55B680EBD40CFFCF13D1.d.993C4201CCF8DDAF287E46282FCFD98E.e.1833/click - {}
COMMAND: GET /session/504404daf6556c94b3cb83283ff70561/screenshot - {}
RESULT: {}
RESULT: {}
COMMAND: GET /session/504404daf6556c94b3cb83283ff70561/screenshot - {}
COMMAND: POST /session/504404daf6556c94b3cb83283ff70561/execute/async - {"script":"<script> [1562 bytes]","args":[{"selector":{"id":"application-managesites-display-component---NewSite--addressDetailDetailsName1","interaction":{"idSuffix":"inner"}},"wdio_ui5_key":"applicationmanagesites-display-component---NewSite--addressDetailDetailsName1"}]}
RESULT: {}
RESULT: {}
RESULT: {"script":"<script> [1562 bytes]","args":[{"selector":{"id":"application-managesites-display-component---NewSite--addressDetailDetailsName1","interaction":{"idSuffix":"inner"}},"wdio_ui5_key":"applicationmanagesites-display-component---NewSite--addressDetailDetailsName1"}]}
RESULT: undefined
COMMAND: POST /session/504404daf6556c94b3cb83283ff70561/execute/async - {"script":"<script> [776 bytes]","args":[{"enterText":"Intercompany Site wdIO","selector":{"id":"application-managesites-display-component---NewSite--addressDetailDetailsName1","interaction":{"idSuffix":"inner"}},"clearTextFirst":true,"interactionType":"ENTER_TEXT"}]}
RESULT: {"script":"<script> [776 bytes]","args":[{"enterText":"Intercompany Site wdIO","selector":{"id":"application-managesites-display-component---NewSite--addressDetailDetailsName1","interaction":{"idSuffix":"inner"}},"clearTextFirst":true,"interactionType":"ENTER_TEXT"}]}
COMMAND: POST /session/504404daf6556c94b3cb83283ff70561/execute/async - {"script":"<script> [1562 bytes]","args":[{"selector":{"id":"application-managesites-display-component---NewSite--addressDetailDetailsLanguage-arrow"},"wdio_ui5_key":"applicationmanagesites-display-component---NewSite--addressDetailDetailsLanguage-arrow"}]}
RESULT: {"script":"<script> [1562 bytes]","args":[{"selector":{"id":"application-managesites-display-component---NewSite--addressDetailDetailsLanguage-arrow"},"wdio_ui5_key":"applicationmanagesites-display-component---NewSite--addressDetailDetailsLanguage-arrow"}]}
RESULT: undefined
COMMAND: POST /session/504404daf6556c94b3cb83283ff70561/element - {"using":"xpath","value":"//*[@id=\"application-managesites-display-component---NewSite--addressDetailDetailsLanguage-arrow\"]"}
RESULT: {"using":"xpath","value":"//*[@id=\"application-managesites-display-component---NewSite--addressDetailDetailsLanguage-arrow\"]"}
COMMAND: POST /session/504404daf6556c94b3cb83283ff70561/element/f.74039697418B55B680EBD40CFFCF13D1.d.993C4201CCF8DDAF287E46282FCFD98E.e.2448/click - {}
RESULT: {}
COMMAND: POST /session/504404daf6556c94b3cb83283ff70561/element - {"using":"xpath","value":"//span[contains(text(), \"English\")]"}
COMMAND: GET /session/504404daf6556c94b3cb83283ff70561/screenshot - {}
RESULT: {"using":"xpath","value":"//span[contains(text(), \"English\")]"}
COMMAND: POST /session/504404daf6556c94b3cb83283ff70561/element/f.74039697418B55B680EBD40CFFCF13D1.d.993C4201CCF8DDAF287E46282FCFD98E.e.2449/click - {}
RESULT: {}
RESULT: {}
COMMAND: POST /session/504404daf6556c94b3cb83283ff70561/execute/async - {"script":"<script> [1562 bytes]","args":[{"selector":{"id":"application-managesites-display-component---NewSite--addressDetailDetailsCity1","interaction":{"idSuffix":"inner"}},"wdio_ui5_key":"applicationmanagesites-display-component---NewSite--addressDetailDetailsCity1"}]}
COMMAND: GET /session/504404daf6556c94b3cb83283ff70561/screenshot - {}
RESULT: {"script":"<script> [1562 bytes]","args":[{"selector":{"id":"application-managesites-display-component---NewSite--addressDetailDetailsCity1","interaction":{"idSuffix":"inner"}},"wdio_ui5_key":"applicationmanagesites-display-component---NewSite--addressDetailDetailsCity1"}]}
RESULT: undefined
COMMAND: POST /session/504404daf6556c94b3cb83283ff70561/execute/async - {"script":"<script> [776 bytes]","args":[{"enterText":"Rosario","selector":{"id":"application-managesites-display-component---NewSite--addressDetailDetailsCity1","interaction":{"idSuffix":"inner"}},"clearTextFirst":true,"interactionType":"ENTER_TEXT"}]}
RESULT: {}
RESULT: {"script":"<script> [776 bytes]","args":[{"enterText":"Rosario","selector":{"id":"application-managesites-display-component---NewSite--addressDetailDetailsCity1","interaction":{"idSuffix":"inner"}},"clearTextFirst":true,"interactionType":"ENTER_TEXT"}]}
COMMAND: POST /session/504404daf6556c94b3cb83283ff70561/execute/async - {"script":"<script> [1562 bytes]","args":[{"selector":{"id":"application-managesites-display-component---NewSite--addressDetailDetailsCountry-arrow"},"wdio_ui5_key":"applicationmanagesites-display-component---NewSite--addressDetailDetailsCountry-arrow"}]}
RESULT: {"script":"<script> [1562 bytes]","args":[{"selector":{"id":"application-managesites-display-component---NewSite--addressDetailDetailsCountry-arrow"},"wdio_ui5_key":"applicationmanagesites-display-component---NewSite--addressDetailDetailsCountry-arrow"}]}
RESULT: undefined
COMMAND: POST /session/504404daf6556c94b3cb83283ff70561/element - {"using":"xpath","value":"//*[@id=\"application-managesites-display-component---NewSite--addressDetailDetailsCountry-arrow\"]"}
RESULT: {"using":"xpath","value":"//*[@id=\"application-managesites-display-component---NewSite--addressDetailDetailsCountry-arrow\"]"}
COMMAND: POST /session/504404daf6556c94b3cb83283ff70561/element/f.74039697418B55B680EBD40CFFCF13D1.d.993C4201CCF8DDAF287E46282FCFD98E.e.2451/click - {}
RESULT: {}
COMMAND: POST /session/504404daf6556c94b3cb83283ff70561/element - {"using":"xpath","value":"//span[contains(text(), \"Argentina\")]"}
COMMAND: GET /session/504404daf6556c94b3cb83283ff70561/screenshot - {}
RESULT: {"using":"xpath","value":"//span[contains(text(), \"Argentina\")]"}
COMMAND: POST /session/504404daf6556c94b3cb83283ff70561/element/f.74039697418B55B680EBD40CFFCF13D1.d.993C4201CCF8DDAF287E46282FCFD98E.e.2453/click - {}
RESULT: {}
RESULT: {}
COMMAND: GET /session/504404daf6556c94b3cb83283ff70561/screenshot - {}
RESULT: {}
COMMAND: POST /session/504404daf6556c94b3cb83283ff70561/execute/async - {"script":"<script> [1562 bytes]","args":[{"selector":{"id":"application-managesites-display-component---NewSite--addressEditDetailsCostObjectCstType-arrow"},"wdio_ui5_key":"applicationmanagesites-display-component---NewSite--addressEditDetailsCostObjectCstType-arrow"}]}
RESULT: {"script":"<script> [1562 bytes]","args":[{"selector":{"id":"application-managesites-display-component---NewSite--addressEditDetailsCostObjectCstType-arrow"},"wdio_ui5_key":"applicationmanagesites-display-component---NewSite--addressEditDetailsCostObjectCstType-arrow"}]}
RESULT: undefined
COMMAND: POST /session/504404daf6556c94b3cb83283ff70561/element - {"using":"xpath","value":"//*[@id=\"application-managesites-display-component---NewSite--addressEditDetailsCostObjectCstType-arrow\"]"}
RESULT: {"using":"xpath","value":"//*[@id=\"application-managesites-display-component---NewSite--addressEditDetailsCostObjectCstType-arrow\"]"}
COMMAND: POST /session/504404daf6556c94b3cb83283ff70561/element/f.74039697418B55B680EBD40CFFCF13D1.d.993C4201CCF8DDAF287E46282FCFD98E.e.2454/click - {}
RESULT: {}
COMMAND: POST /session/504404daf6556c94b3cb83283ff70561/element - {"using":"xpath","value":"//span[contains(text(), \"Cost Center\")]"}
COMMAND: GET /session/504404daf6556c94b3cb83283ff70561/screenshot - {}
RESULT: {"using":"xpath","value":"//span[contains(text(), \"Cost Center\")]"}
COMMAND: POST /session/504404daf6556c94b3cb83283ff70561/element/f.74039697418B55B680EBD40CFFCF13D1.d.993C4201CCF8DDAF287E46282FCFD98E.e.2455/click - {}
RESULT: {}
RESULT: {}
COMMAND: GET /session/504404daf6556c94b3cb83283ff70561/screenshot - {}
RESULT: {}
COMMAND: POST /session/504404daf6556c94b3cb83283ff70561/element - {"using":"xpath","value":"//span[@id=\"application-managesites-display-component---NewSite--addressNewCostObjectCstID-vhi\"]"}
RESULT: {"using":"xpath","value":"//span[@id=\"application-managesites-display-component---NewSite--addressNewCostObjectCstID-vhi\"]"}
COMMAND: POST /session/504404daf6556c94b3cb83283ff70561/execute/sync - {"script":"<script> [8489 bytes]","args":[{"element-6066-11e4-a52e-4f735466cecf":"f.74039697418B55B680EBD40CFFCF13D1.d.993C4201CCF8DDAF287E46282FCFD98E.e.2459","ELEMENT":"f.74039697418B55B680EBD40CFFCF13D1.d.993C4201CCF8DDAF287E46282FCFD98E.e.2459"}]}
RESULT: {"script":"<script> [8489 bytes]","args":[{"element-6066-11e4-a52e-4f735466cecf":"f.74039697418B55B680EBD40CFFCF13D1.d.993C4201CCF8DDAF287E46282FCFD98E.e.2459","ELEMENT":"f.74039697418B55B680EBD40CFFCF13D1.d.993C4201CCF8DDAF287E46282FCFD98E.e.2459"}]}
COMMAND: POST /session/504404daf6556c94b3cb83283ff70561/execute/async - {"script":"<script> [1562 bytes]","args":[{"selector":{"id":"application-managesites-display-component---NewSite--addressNewCostObjectCstID-vhi"},"wdio_ui5_key":"applicationmanagesites-display-component---NewSite--addressNewCostObjectCstID-vhi"}]}
COMMAND: GET /session/504404daf6556c94b3cb83283ff70561/screenshot - {}
RESULT: {"script":"<script> [1562 bytes]","args":[{"selector":{"id":"application-managesites-display-component---NewSite--addressNewCostObjectCstID-vhi"},"wdio_ui5_key":"applicationmanagesites-display-component---NewSite--addressNewCostObjectCstID-vhi"}]}
RESULT: undefined
COMMAND: POST /session/504404daf6556c94b3cb83283ff70561/element - {"using":"xpath","value":"//*[@id=\"application-managesites-display-component---NewSite--addressNewCostObjectCstID-vhi\"]"}
RESULT: {}
RESULT: {"using":"xpath","value":"//*[@id=\"application-managesites-display-component---NewSite--addressNewCostObjectCstID-vhi\"]"}
COMMAND: POST /session/504404daf6556c94b3cb83283ff70561/element/f.74039697418B55B680EBD40CFFCF13D1.d.993C4201CCF8DDAF287E46282FCFD98E.e.2459/click - {}
RESULT: {}
COMMAND: GET /session/504404daf6556c94b3cb83283ff70561/screenshot - {}
RESULT: {}
RESULT: undefined
COMMAND: POST /session/504404daf6556c94b3cb83283ff70561/execute/async - {"script":"<script> [776 bytes]","args":[{"enterText":"10001013","selector":{"controlType":"sap.m.SearchField","properties":{"placeholder":"Search"},"searchOpenDialogs":true,"interaction":{"idSuffix":"I"}},"clearTextFirst":true,"interactionType":"ENTER_TEXT"}]}
RESULT: {"script":"<script> [776 bytes]","args":[{"enterText":"10001013","selector":{"controlType":"sap.m.SearchField","properties":{"placeholder":"Search"},"searchOpenDialogs":true,"interaction":{"idSuffix":"I"}},"clearTextFirst":true,"interactionType":"ENTER_TEXT"}]}
COMMAND: POST /session/504404daf6556c94b3cb83283ff70561/actions - {"actions":[{"id":"action6","type":"key","parameters":{},"actions":[{"type":"keyDown","value":""},{"type":"pause","duration":10},{"type":"keyUp","value":""}]}]}
RESULT: {"actions":[{"id":"action6","type":"key","parameters":{},"actions":[{"type":"keyDown","value":""},{"type":"pause","duration":10},{"type":"keyUp","value":""}]}]}
COMMAND: GET /session/504404daf6556c94b3cb83283ff70561/screenshot - {}
RESULT: {}
COMMAND: POST /session/504404daf6556c94b3cb83283ff70561/element - {"using":"xpath","value":"//span[contains(text(), \"General Management\")]"}
RESULT: {"using":"xpath","value":"//span[contains(text(), \"General Management\")]"}
COMMAND: POST /session/504404daf6556c94b3cb83283ff70561/element/f.74039697418B55B680EBD40CFFCF13D1.d.993C4201CCF8DDAF287E46282FCFD98E.e.2498/click - {}
RESULT: {}
COMMAND: GET /session/504404daf6556c94b3cb83283ff70561/screenshot - {}
RESULT: {}
COMMAND: POST /session/504404daf6556c94b3cb83283ff70561/element - {"using":"xpath","value":"//bdi[contains(text(), \"OK\")]"}
RESULT: {"using":"xpath","value":"//bdi[contains(text(), \"OK\")]"}
COMMAND: POST /session/504404daf6556c94b3cb83283ff70561/element/f.74039697418B55B680EBD40CFFCF13D1.d.993C4201CCF8DDAF287E46282FCFD98E.e.2499/click - {}
RESULT: {}
COMMAND: GET /session/504404daf6556c94b3cb83283ff70561/screenshot - {}
RESULT: {}
COMMAND: POST /session/504404daf6556c94b3cb83283ff70561/element - {"using":"xpath","value":"//input[@id=\"application-managesites-display-component---NewSite--addressDetailDetailsCalendar-inner\"]"}
RESULT: {"using":"xpath","value":"//input[@id=\"application-managesites-display-component---NewSite--addressDetailDetailsCalendar-inner\"]"}
COMMAND: POST /session/504404daf6556c94b3cb83283ff70561/element/f.74039697418B55B680EBD40CFFCF13D1.d.993C4201CCF8DDAF287E46282FCFD98E.e.2246/clear - {}
RESULT: {}
COMMAND: POST /session/504404daf6556c94b3cb83283ff70561/element/f.74039697418B55B680EBD40CFFCF13D1.d.993C4201CCF8DDAF287E46282FCFD98E.e.2246/value - {"text":"Unit"}
COMMAND: GET /session/504404daf6556c94b3cb83283ff70561/screenshot - {}
RESULT: {"text":"Unit"}
COMMAND: GET /session/504404daf6556c94b3cb83283ff70561/screenshot - {}
RESULT: {}
RESULT: {}
COMMAND: POST /session/504404daf6556c94b3cb83283ff70561/actions - {"actions":[{"id":"action7","type":"key","parameters":{},"actions":[{"type":"keyDown","value":""},{"type":"pause","duration":10},{"type":"keyUp","value":""}]}]}
RESULT: {"actions":[{"id":"action7","type":"key","parameters":{},"actions":[{"type":"keyDown","value":""},{"type":"pause","duration":10},{"type":"keyUp","value":""}]}]}
COMMAND: POST /session/504404daf6556c94b3cb83283ff70561/element - {"using":"xpath","value":"//input[@id=\"application-managesites-display-component---NewSite--addressDetailDetailsYard-inner\"]"}
COMMAND: GET /session/504404daf6556c94b3cb83283ff70561/screenshot - {}
RESULT: {"using":"xpath","value":"//input[@id=\"application-managesites-display-component---NewSite--addressDetailDetailsYard-inner\"]"}
COMMAND: POST /session/504404daf6556c94b3cb83283ff70561/element/f.74039697418B55B680EBD40CFFCF13D1.d.993C4201CCF8DDAF287E46282FCFD98E.e.2247/clear - {}
RESULT: {}
RESULT: {}
COMMAND: POST /session/504404daf6556c94b3cb83283ff70561/element/f.74039697418B55B680EBD40CFFCF13D1.d.993C4201CCF8DDAF287E46282FCFD98E.e.2247/value - {"text":"647"}
COMMAND: GET /session/504404daf6556c94b3cb83283ff70561/screenshot - {}
RESULT: {"text":"647"}
COMMAND: GET /session/504404daf6556c94b3cb83283ff70561/screenshot - {}
RESULT: {}
RESULT: {}
COMMAND: POST /session/504404daf6556c94b3cb83283ff70561/element - {"using":"xpath","value":"//li[.//span[text()='647']]"}
RESULT: {"using":"xpath","value":"//li[.//span[text()='647']]"}
COMMAND: POST /session/504404daf6556c94b3cb83283ff70561/element/f.74039697418B55B680EBD40CFFCF13D1.d.993C4201CCF8DDAF287E46282FCFD98E.e.2525/click - {}
RESULT: {}
COMMAND: GET /session/504404daf6556c94b3cb83283ff70561/screenshot - {}
RESULT: {}
COMMAND: POST /session/504404daf6556c94b3cb83283ff70561/element - {"using":"xpath","value":"//input[@id=\"application-managesites-display-component---NewSite--addressDetailDetailsPartner-inner\"]"}
RESULT: {"using":"xpath","value":"//input[@id=\"application-managesites-display-component---NewSite--addressDetailDetailsPartner-inner\"]"}
COMMAND: POST /session/504404daf6556c94b3cb83283ff70561/element - {"using":"xpath","value":"//input[@id=\"application-managesites-display-component---NewSite--addressDetailDetailsPartner-inner\"]"}
RESULT: {"using":"xpath","value":"//input[@id=\"application-managesites-display-component---NewSite--addressDetailDetailsPartner-inner\"]"}
COMMAND: POST /session/504404daf6556c94b3cb83283ff70561/element - {"using":"xpath","value":"//button[@data-kt=\"saveButton\"]"}
RESULT: {"using":"xpath","value":"//button[@data-kt=\"saveButton\"]"}
COMMAND: POST /session/504404daf6556c94b3cb83283ff70561/element/f.74039697418B55B680EBD40CFFCF13D1.d.993C4201CCF8DDAF287E46282FCFD98E.e.2441/click - {}
RESULT: {}
COMMAND: GET /session/504404daf6556c94b3cb83283ff70561/screenshot - {}
RESULT: {}
COMMAND: POST /session/504404daf6556c94b3cb83283ff70561/element - {"using":"xpath","value":"//header[contains(@id, 'ObjectPageLayout-headerTitle')]/div[1]/div[2]/div[2]/span[1]"}
RESULT: {"using":"xpath","value":"//header[contains(@id, 'ObjectPageLayout-headerTitle')]/div[1]/div[2]/div[2]/span[1]"}
COMMAND: POST /session/504404daf6556c94b3cb83283ff70561/elements - {"using":"xpath","value":"//header[contains(@id, 'ObjectPageLayout-headerTitle')]/div[1]/div[2]/div[2]/span[1]"}
RESULT: {"using":"xpath","value":"//header[contains(@id, 'ObjectPageLayout-headerTitle')]/div[1]/div[2]/div[2]/span[1]"}
COMMAND: POST /session/504404daf6556c94b3cb83283ff70561/execute/sync - {"script":"<script> [56 bytes]","args":[{"element-6066-11e4-a52e-4f735466cecf":"f.74039697418B55B680EBD40CFFCF13D1.d.993C4201CCF8DDAF287E46282FCFD98E.e.2730","ELEMENT":"f.74039697418B55B680EBD40CFFCF13D1.d.993C4201CCF8DDAF287E46282FCFD98E.e.2730"}]}
RESULT: {"script":"<script> [56 bytes]","args":[{"element-6066-11e4-a52e-4f735466cecf":"f.74039697418B55B680EBD40CFFCF13D1.d.993C4201CCF8DDAF287E46282FCFD98E.e.2730","ELEMENT":"f.74039697418B55B680EBD40CFFCF13D1.d.993C4201CCF8DDAF287E46282FCFD98E.e.2730"}]}
COMMAND: POST /session/504404daf6556c94b3cb83283ff70561/element - {"using":"css selector","value":"#shell-header-logo"}
COMMAND: GET /session/504404daf6556c94b3cb83283ff70561/screenshot - {}
RESULT: {"using":"css selector","value":"#shell-header-logo"}
COMMAND: POST /session/504404daf6556c94b3cb83283ff70561/element/f.74039697418B55B680EBD40CFFCF13D1.d.993C4201CCF8DDAF287E46282FCFD98E.e.1791/click - {}
RESULT: {}
RESULT: {}
COMMAND: GET /session/504404daf6556c94b3cb83283ff70561/screenshot - {}
RESULT: {}
COMMAND: POST /session/504404daf6556c94b3cb83283ff70561/execute/sync - {"script":"<script> [299 bytes]","args":[["getModel","getResource"]]}
RESULT: {"script":"<script> [299 bytes]","args":[["getModel","getResource"]]}
COMMAND: POST /session/504404daf6556c94b3cb83283ff70561/element - {"using":"xpath","value":"//button[.//bdi[contains(text(), \"Close\")]]"}
COMMAND: GET /session/504404daf6556c94b3cb83283ff70561/screenshot - {}
RESULT: {"using":"xpath","value":"//button[.//bdi[contains(text(), \"Close\")]]"}
COMMAND: POST /session/504404daf6556c94b3cb83283ff70561/element/f.74039697418B55B680EBD40CFFCF13D1.d.993C4201CCF8DDAF287E46282FCFD98E.e.2732/click - {}
RESULT: {}
RESULT: {}
COMMAND: GET /session/504404daf6556c94b3cb83283ff70561/screenshot - {}
RESULT: {}
COMMAND: POST /session/504404daf6556c94b3cb83283ff70561/refresh - {}
RESULT: {}
COMMAND: GET /session/504404daf6556c94b3cb83283ff70561/screenshot - {}
RESULT: {}
COMMAND: POST /session/504404daf6556c94b3cb83283ff70561/refresh - {}
RESULT: {}
COMMAND: GET /session/504404daf6556c94b3cb83283ff70561/screenshot - {}
RESULT: {}
COMMAND: POST /session/504404daf6556c94b3cb83283ff70561/window/fullscreen - {}
RESULT: {}
COMMAND: POST /session/504404daf6556c94b3cb83283ff70561/execute/async - {"script":"<script> [189 bytes]","args":[]}
RESULT: {"script":"<script> [189 bytes]","args":[]}
COMMAND: POST /session/504404daf6556c94b3cb83283ff70561/execute/async - {"script":"<script> [123 bytes]","args":[]}
RESULT: {"script":"<script> [123 bytes]","args":[]}
COMMAND: POST /session/504404daf6556c94b3cb83283ff70561/timeouts - {"script":"<number>"}
RESULT: {"script":"<number>"}
COMMAND: GET /session/504404daf6556c94b3cb83283ff70561/timeouts - {}
RESULT: {}
RESULT: undefined
COMMAND: POST /session/504404daf6556c94b3cb83283ff70561/execute/async - {"script":"<script> [2676 bytes]","args":[]}
RESULT: {"script":"<script> [2676 bytes]","args":[]}
COMMAND: POST /session/504404daf6556c94b3cb83283ff70561/execute/async - {"script":"<script> [2342 bytes]","args":[{"protocol":"http","hostname":"0.0.0.0","path":"/","capabilities":{"browserName":"chrome","goog:chromeOptions":{"binary":"C:\\Program Files\\Google\\Chrome\\Application\\chrome.exe","args":["--start-maximized"]}},"logLevel":"warn","connectionRetryTimeout":120000,"connectionRetryCount":3,"logLevels":{},"enableDirectConnect":true,"strictSSL":true,"_":"65 more keys: [\"cacheDir\",\"port\",\"requestedCapabilities\",\"automationProtocol\",\"baseUrl\",\"waitforInterval\",\"waitforTimeout\",\"onReload\",\"beforeCommand\",\"afterCommand\",\"rootDir\",\"specs\",\"suites\",\"exclude\",\"groupLogsByTestSpec\",\"excludeDriverLogs\",\"bail\",\"framework\",\"reporters\",\"services\",\"maxInstances\",\"maxInstancesPerCapability\",\"injectGlobals\",\"filesToWatch\",\"execArgv\",\"runnerEnv\",\"runner\",\"shard\",\"specFileRetries\",\"specFileRetriesDelay\",\"specFileRetriesDeferred\",\"reporterSyncInterval\",\"reporterSyncTimeout\",\"cucumberFeaturesWithLineNumbers\",\"autoCompileOpts\",\"mochaOpts\",\"jasmineOpts\",\"cucumberOpts\",\"onPrepare\",\"onWorkerStart\",\"onWorkerEnd\",\"before\",\"beforeSession\",\"beforeSuite\",\"beforeHook\",\"beforeTest\",\"afterTest\",\"afterHook\",\"afterSuite\",\"afterSession\",\"after\",\"onComplete\",\"beforeAssertion\",\"afterAssertion\",\"beforeFeature\",\"beforeScenario\",\"beforeStep\",\"afterStep\",\"afterScenario\",\"afterFeature\",\"_\",\"suite\",\"$0\",\"ignoredWorkerServices\",\"wdi5\"]"}]}
RESULT: {"script":"<script> [2342 bytes]","args":[{"protocol":"http","hostname":"0.0.0.0","path":"/","capabilities":{"browserName":"chrome","goog:chromeOptions":{"binary":"C:\\Program Files\\Google\\Chrome\\Application\\chrome.exe","args":["--start-maximized"]}},"logLevel":"warn","connectionRetryTimeout":120000,"connectionRetryCount":3,"logLevels":{},"enableDirectConnect":true,"strictSSL":true,"_":"65 more keys: [\"cacheDir\",\"port\",\"requestedCapabilities\",\"automationProtocol\",\"baseUrl\",\"waitforInterval\",\"waitforTimeout\",\"onReload\",\"beforeCommand\",\"afterCommand\",\"rootDir\",\"specs\",\"suites\",\"exclude\",\"groupLogsByTestSpec\",\"excludeDriverLogs\",\"bail\",\"framework\",\"reporters\",\"services\",\"maxInstances\",\"maxInstancesPerCapability\",\"injectGlobals\",\"filesToWatch\",\"execArgv\",\"runnerEnv\",\"runner\",\"shard\",\"specFileRetries\",\"specFileRetriesDelay\",\"specFileRetriesDeferred\",\"reporterSyncInterval\",\"reporterSyncTimeout\",\"cucumberFeaturesWithLineNumbers\",\"autoCompileOpts\",\"mochaOpts\",\"jasmineOpts\",\"cucumberOpts\",\"onPrepare\",\"onWorkerStart\",\"onWorkerEnd\",\"before\",\"beforeSession\",\"beforeSuite\",\"beforeHook\",\"beforeTest\",\"afterTest\",\"afterHook\",\"afterSuite\",\"afterSession\",\"after\",\"onComplete\",\"beforeAssertion\",\"afterAssertion\",\"beforeFeature\",\"beforeScenario\",\"beforeStep\",\"afterStep\",\"afterScenario\",\"afterFeature\",\"_\",\"suite\",\"$0\",\"ignoredWorkerServices\",\"wdi5\"]"}]}
COMMAND: POST /session/504404daf6556c94b3cb83283ff70561/execute/async - {"script":"<script> [21126 bytes]","args":[35000]}
RESULT: {"script":"<script> [21126 bytes]","args":[35000]}
COMMAND: POST /session/504404daf6556c94b3cb83283ff70561/window/fullscreen - {}
RESULT: {}
]]></system-out>
    </testcase>
    <testcase classname="chrome.135_0_7049_42.windows.Billing_Transfer_-_Master_data_&amp;_Intercompany_US127250" name="Should create a new equipment" time="136.443">
      <system-out><![CDATA[
COMMAND: POST /session/504404daf6556c94b3cb83283ff70561/execute/async - {"script":"<script> [1562 bytes]","args":[{"selector":{"controlType":"sap.m.GenericTile","properties":{"header":"Manage Resources"}},"wdio_ui5_key":"sapm.GenericTile{\"header\":\"Manage Resources\"}"}]}
RESULT: {"script":"<script> [1562 bytes]","args":[{"selector":{"controlType":"sap.m.GenericTile","properties":{"header":"Manage Resources"}},"wdio_ui5_key":"sapm.GenericTile{\"header\":\"Manage Resources\"}"}]}
RESULT: undefined
COMMAND: POST /session/504404daf6556c94b3cb83283ff70561/element - {"using":"xpath","value":"//*[@id=\"__tile31\"]"}
RESULT: {"using":"xpath","value":"//*[@id=\"__tile31\"]"}
COMMAND: POST /session/504404daf6556c94b3cb83283ff70561/element/f.74039697418B55B680EBD40CFFCF13D1.d.3ED41C2D4A6D3BE3D8A676174063AC0B.e.2801/click - {}
RESULT: {}
COMMAND: POST /session/504404daf6556c94b3cb83283ff70561/element - {"using":"xpath","value":"//button[@data-kt=\"addNewRUOverflowToolbarButton\"]"}
COMMAND: GET /session/504404daf6556c94b3cb83283ff70561/screenshot - {}
RESULT: {"using":"xpath","value":"//button[@data-kt=\"addNewRUOverflowToolbarButton\"]"}
COMMAND: POST /session/504404daf6556c94b3cb83283ff70561/elements - {"using":"xpath","value":"//button[@data-kt=\"addNewRUOverflowToolbarButton\"]"}
RESULT: {}
RESULT: {"using":"xpath","value":"//button[@data-kt=\"addNewRUOverflowToolbarButton\"]"}
COMMAND: POST /session/504404daf6556c94b3cb83283ff70561/elements - {"using":"xpath","value":"//button[@data-kt=\"addNewRUOverflowToolbarButton\"]"}
RESULT: {"using":"xpath","value":"//button[@data-kt=\"addNewRUOverflowToolbarButton\"]"}
COMMAND: POST /session/504404daf6556c94b3cb83283ff70561/elements - {"using":"xpath","value":"//button[@data-kt=\"addNewRUOverflowToolbarButton\"]"}
RESULT: {"using":"xpath","value":"//button[@data-kt=\"addNewRUOverflowToolbarButton\"]"}
COMMAND: POST /session/504404daf6556c94b3cb83283ff70561/elements - {"using":"xpath","value":"//button[@data-kt=\"addNewRUOverflowToolbarButton\"]"}
RESULT: {"using":"xpath","value":"//button[@data-kt=\"addNewRUOverflowToolbarButton\"]"}
COMMAND: POST /session/504404daf6556c94b3cb83283ff70561/elements - {"using":"xpath","value":"//button[@data-kt=\"addNewRUOverflowToolbarButton\"]"}
RESULT: undefined
RESULT: undefined
RESULT: {"using":"xpath","value":"//button[@data-kt=\"addNewRUOverflowToolbarButton\"]"}
COMMAND: POST /session/504404daf6556c94b3cb83283ff70561/elements - {"using":"xpath","value":"//button[@data-kt=\"addNewRUOverflowToolbarButton\"]"}
RESULT: {"using":"xpath","value":"//button[@data-kt=\"addNewRUOverflowToolbarButton\"]"}
COMMAND: POST /session/504404daf6556c94b3cb83283ff70561/elements - {"using":"xpath","value":"//button[@data-kt=\"addNewRUOverflowToolbarButton\"]"}
RESULT: {"using":"xpath","value":"//button[@data-kt=\"addNewRUOverflowToolbarButton\"]"}
COMMAND: POST /session/504404daf6556c94b3cb83283ff70561/elements - {"using":"xpath","value":"//button[@data-kt=\"addNewRUOverflowToolbarButton\"]"}
RESULT: {"using":"xpath","value":"//button[@data-kt=\"addNewRUOverflowToolbarButton\"]"}
COMMAND: POST /session/504404daf6556c94b3cb83283ff70561/elements - {"using":"xpath","value":"//button[@data-kt=\"addNewRUOverflowToolbarButton\"]"}
RESULT: {"using":"xpath","value":"//button[@data-kt=\"addNewRUOverflowToolbarButton\"]"}
COMMAND: POST /session/504404daf6556c94b3cb83283ff70561/elements - {"using":"xpath","value":"//button[@data-kt=\"addNewRUOverflowToolbarButton\"]"}
RESULT: {"using":"xpath","value":"//button[@data-kt=\"addNewRUOverflowToolbarButton\"]"}
COMMAND: POST /session/504404daf6556c94b3cb83283ff70561/elements - {"using":"xpath","value":"//button[@data-kt=\"addNewRUOverflowToolbarButton\"]"}
RESULT: {"using":"xpath","value":"//button[@data-kt=\"addNewRUOverflowToolbarButton\"]"}
COMMAND: POST /session/504404daf6556c94b3cb83283ff70561/elements - {"using":"xpath","value":"//button[@data-kt=\"addNewRUOverflowToolbarButton\"]"}
RESULT: {"using":"xpath","value":"//button[@data-kt=\"addNewRUOverflowToolbarButton\"]"}
COMMAND: POST /session/504404daf6556c94b3cb83283ff70561/elements - {"using":"xpath","value":"//button[@data-kt=\"addNewRUOverflowToolbarButton\"]"}
RESULT: {"using":"xpath","value":"//button[@data-kt=\"addNewRUOverflowToolbarButton\"]"}
COMMAND: POST /session/504404daf6556c94b3cb83283ff70561/elements - {"using":"xpath","value":"//button[@data-kt=\"addNewRUOverflowToolbarButton\"]"}
RESULT: {"using":"xpath","value":"//button[@data-kt=\"addNewRUOverflowToolbarButton\"]"}
COMMAND: POST /session/504404daf6556c94b3cb83283ff70561/elements - {"using":"xpath","value":"//button[@data-kt=\"addNewRUOverflowToolbarButton\"]"}
RESULT: {"using":"xpath","value":"//button[@data-kt=\"addNewRUOverflowToolbarButton\"]"}
COMMAND: POST /session/504404daf6556c94b3cb83283ff70561/elements - {"using":"xpath","value":"//button[@data-kt=\"addNewRUOverflowToolbarButton\"]"}
RESULT: {"using":"xpath","value":"//button[@data-kt=\"addNewRUOverflowToolbarButton\"]"}
COMMAND: POST /session/504404daf6556c94b3cb83283ff70561/elements - {"using":"xpath","value":"//button[@data-kt=\"addNewRUOverflowToolbarButton\"]"}
RESULT: {"using":"xpath","value":"//button[@data-kt=\"addNewRUOverflowToolbarButton\"]"}
COMMAND: POST /session/504404daf6556c94b3cb83283ff70561/elements - {"using":"xpath","value":"//button[@data-kt=\"addNewRUOverflowToolbarButton\"]"}
RESULT: {"using":"xpath","value":"//button[@data-kt=\"addNewRUOverflowToolbarButton\"]"}
COMMAND: POST /session/504404daf6556c94b3cb83283ff70561/elements - {"using":"xpath","value":"//button[@data-kt=\"addNewRUOverflowToolbarButton\"]"}
RESULT: {"using":"xpath","value":"//button[@data-kt=\"addNewRUOverflowToolbarButton\"]"}
COMMAND: POST /session/504404daf6556c94b3cb83283ff70561/elements - {"using":"xpath","value":"//button[@data-kt=\"addNewRUOverflowToolbarButton\"]"}
RESULT: {"using":"xpath","value":"//button[@data-kt=\"addNewRUOverflowToolbarButton\"]"}
COMMAND: POST /session/504404daf6556c94b3cb83283ff70561/elements - {"using":"xpath","value":"//button[@data-kt=\"addNewRUOverflowToolbarButton\"]"}
RESULT: {"using":"xpath","value":"//button[@data-kt=\"addNewRUOverflowToolbarButton\"]"}
COMMAND: POST /session/504404daf6556c94b3cb83283ff70561/elements - {"using":"xpath","value":"//button[@data-kt=\"addNewRUOverflowToolbarButton\"]"}
RESULT: {"using":"xpath","value":"//button[@data-kt=\"addNewRUOverflowToolbarButton\"]"}
COMMAND: POST /session/504404daf6556c94b3cb83283ff70561/elements - {"using":"xpath","value":"//button[@data-kt=\"addNewRUOverflowToolbarButton\"]"}
RESULT: {"using":"xpath","value":"//button[@data-kt=\"addNewRUOverflowToolbarButton\"]"}
COMMAND: POST /session/504404daf6556c94b3cb83283ff70561/elements - {"using":"xpath","value":"//button[@data-kt=\"addNewRUOverflowToolbarButton\"]"}
RESULT: {"using":"xpath","value":"//button[@data-kt=\"addNewRUOverflowToolbarButton\"]"}
COMMAND: POST /session/504404daf6556c94b3cb83283ff70561/elements - {"using":"xpath","value":"//button[@data-kt=\"addNewRUOverflowToolbarButton\"]"}
RESULT: {"using":"xpath","value":"//button[@data-kt=\"addNewRUOverflowToolbarButton\"]"}
COMMAND: POST /session/504404daf6556c94b3cb83283ff70561/elements - {"using":"xpath","value":"//button[@data-kt=\"addNewRUOverflowToolbarButton\"]"}
RESULT: {"using":"xpath","value":"//button[@data-kt=\"addNewRUOverflowToolbarButton\"]"}
COMMAND: POST /session/504404daf6556c94b3cb83283ff70561/elements - {"using":"xpath","value":"//button[@data-kt=\"addNewRUOverflowToolbarButton\"]"}
RESULT: {"using":"xpath","value":"//button[@data-kt=\"addNewRUOverflowToolbarButton\"]"}
COMMAND: POST /session/504404daf6556c94b3cb83283ff70561/elements - {"using":"xpath","value":"//button[@data-kt=\"addNewRUOverflowToolbarButton\"]"}
RESULT: {"using":"xpath","value":"//button[@data-kt=\"addNewRUOverflowToolbarButton\"]"}
COMMAND: POST /session/504404daf6556c94b3cb83283ff70561/elements - {"using":"xpath","value":"//button[@data-kt=\"addNewRUOverflowToolbarButton\"]"}
RESULT: {"using":"xpath","value":"//button[@data-kt=\"addNewRUOverflowToolbarButton\"]"}
COMMAND: POST /session/504404daf6556c94b3cb83283ff70561/elements - {"using":"xpath","value":"//button[@data-kt=\"addNewRUOverflowToolbarButton\"]"}
RESULT: {"using":"xpath","value":"//button[@data-kt=\"addNewRUOverflowToolbarButton\"]"}
COMMAND: POST /session/504404daf6556c94b3cb83283ff70561/element - {"using":"xpath","value":"//button[@data-kt=\"addNewRUOverflowToolbarButton\"]"}
RESULT: {"using":"xpath","value":"//button[@data-kt=\"addNewRUOverflowToolbarButton\"]"}
COMMAND: POST /session/504404daf6556c94b3cb83283ff70561/execute/sync - {"script":"<script> [8489 bytes]","args":[{"element-6066-11e4-a52e-4f735466cecf":"f.74039697418B55B680EBD40CFFCF13D1.d.3ED41C2D4A6D3BE3D8A676174063AC0B.e.2910","ELEMENT":"f.74039697418B55B680EBD40CFFCF13D1.d.3ED41C2D4A6D3BE3D8A676174063AC0B.e.2910"}]}
RESULT: {"script":"<script> [8489 bytes]","args":[{"element-6066-11e4-a52e-4f735466cecf":"f.74039697418B55B680EBD40CFFCF13D1.d.3ED41C2D4A6D3BE3D8A676174063AC0B.e.2910","ELEMENT":"f.74039697418B55B680EBD40CFFCF13D1.d.3ED41C2D4A6D3BE3D8A676174063AC0B.e.2910"}]}
COMMAND: GET /session/504404daf6556c94b3cb83283ff70561/element/f.74039697418B55B680EBD40CFFCF13D1.d.3ED41C2D4A6D3BE3D8A676174063AC0B.e.2910/enabled - {}
COMMAND: GET /session/504404daf6556c94b3cb83283ff70561/screenshot - {}
RESULT: {}
COMMAND: POST /session/504404daf6556c94b3cb83283ff70561/execute/sync - {"script":"<script> [8489 bytes]","args":[{"element-6066-11e4-a52e-4f735466cecf":"f.74039697418B55B680EBD40CFFCF13D1.d.3ED41C2D4A6D3BE3D8A676174063AC0B.e.2910","ELEMENT":"f.74039697418B55B680EBD40CFFCF13D1.d.3ED41C2D4A6D3BE3D8A676174063AC0B.e.2910"}]}
COMMAND: GET /session/504404daf6556c94b3cb83283ff70561/screenshot - {}
RESULT: {}
RESULT: {"script":"<script> [8489 bytes]","args":[{"element-6066-11e4-a52e-4f735466cecf":"f.74039697418B55B680EBD40CFFCF13D1.d.3ED41C2D4A6D3BE3D8A676174063AC0B.e.2910","ELEMENT":"f.74039697418B55B680EBD40CFFCF13D1.d.3ED41C2D4A6D3BE3D8A676174063AC0B.e.2910"}]}
COMMAND: POST /session/504404daf6556c94b3cb83283ff70561/execute/sync - {"script":"<script> [5351 bytes]","args":[{"element-6066-11e4-a52e-4f735466cecf":"f.74039697418B55B680EBD40CFFCF13D1.d.3ED41C2D4A6D3BE3D8A676174063AC0B.e.2910","ELEMENT":"f.74039697418B55B680EBD40CFFCF13D1.d.3ED41C2D4A6D3BE3D8A676174063AC0B.e.2910"}]}
COMMAND: GET /session/504404daf6556c94b3cb83283ff70561/screenshot - {}
RESULT: {}
RESULT: {"script":"<script> [5351 bytes]","args":[{"element-6066-11e4-a52e-4f735466cecf":"f.74039697418B55B680EBD40CFFCF13D1.d.3ED41C2D4A6D3BE3D8A676174063AC0B.e.2910","ELEMENT":"f.74039697418B55B680EBD40CFFCF13D1.d.3ED41C2D4A6D3BE3D8A676174063AC0B.e.2910"}]}
COMMAND: POST /session/504404daf6556c94b3cb83283ff70561/element/f.74039697418B55B680EBD40CFFCF13D1.d.3ED41C2D4A6D3BE3D8A676174063AC0B.e.2910/click - {}
COMMAND: GET /session/504404daf6556c94b3cb83283ff70561/screenshot - {}
RESULT: {}
RESULT: {}
COMMAND: GET /session/504404daf6556c94b3cb83283ff70561/screenshot - {}
COMMAND: POST /session/504404daf6556c94b3cb83283ff70561/execute/async - {"script":"<script> [1562 bytes]","args":[{"selector":{"id":"application-manageresources-display-component---newResourceUnit--TYPE-arrow"},"wdio_ui5_key":"applicationmanageresources-display-component---newResourceUnit--TYPE-arrow"}]}
RESULT: {}
RESULT: {}
RESULT: {"script":"<script> [1562 bytes]","args":[{"selector":{"id":"application-manageresources-display-component---newResourceUnit--TYPE-arrow"},"wdio_ui5_key":"applicationmanageresources-display-component---newResourceUnit--TYPE-arrow"}]}
RESULT: undefined
COMMAND: POST /session/504404daf6556c94b3cb83283ff70561/element - {"using":"xpath","value":"//*[@id=\"application-manageresources-display-component---newResourceUnit--TYPE-arrow\"]"}
RESULT: {"using":"xpath","value":"//*[@id=\"application-manageresources-display-component---newResourceUnit--TYPE-arrow\"]"}
COMMAND: POST /session/504404daf6556c94b3cb83283ff70561/element/f.74039697418B55B680EBD40CFFCF13D1.d.3ED41C2D4A6D3BE3D8A676174063AC0B.e.3271/click - {}
RESULT: {}
COMMAND: POST /session/504404daf6556c94b3cb83283ff70561/element - {"using":"xpath","value":"//input[@id=\"application-manageresources-display-component---newResourceUnit--TYPE-inner\"]"}
COMMAND: GET /session/504404daf6556c94b3cb83283ff70561/screenshot - {}
RESULT: {"using":"xpath","value":"//input[@id=\"application-manageresources-display-component---newResourceUnit--TYPE-inner\"]"}
COMMAND: POST /session/504404daf6556c94b3cb83283ff70561/element/f.74039697418B55B680EBD40CFFCF13D1.d.3ED41C2D4A6D3BE3D8A676174063AC0B.e.3266/clear - {}
RESULT: {}
RESULT: {}
COMMAND: POST /session/504404daf6556c94b3cb83283ff70561/element/f.74039697418B55B680EBD40CFFCF13D1.d.3ED41C2D4A6D3BE3D8A676174063AC0B.e.3266/value - {"text":"Equipment"}
COMMAND: GET /session/504404daf6556c94b3cb83283ff70561/screenshot - {}
RESULT: {"text":"Equipment"}
COMMAND: GET /session/504404daf6556c94b3cb83283ff70561/screenshot - {}
RESULT: {}
RESULT: {}
COMMAND: POST /session/504404daf6556c94b3cb83283ff70561/actions - {"actions":[{"id":"action8","type":"key","parameters":{},"actions":[{"type":"keyDown","value":""},{"type":"pause","duration":10},{"type":"keyUp","value":""}]}]}
RESULT: {"actions":[{"id":"action8","type":"key","parameters":{},"actions":[{"type":"keyDown","value":""},{"type":"pause","duration":10},{"type":"keyUp","value":""}]}]}
COMMAND: POST /session/504404daf6556c94b3cb83283ff70561/execute/async - {"script":"<script> [1562 bytes]","args":[{"selector":{"id":"application-manageresources-display-component---newResourceUnit--resourceId","interaction":{"idSuffix":"inner"}},"wdio_ui5_key":"applicationmanageresources-display-component---newResourceUnit--resourceId"}]}
COMMAND: GET /session/504404daf6556c94b3cb83283ff70561/screenshot - {}
RESULT: {"script":"<script> [1562 bytes]","args":[{"selector":{"id":"application-manageresources-display-component---newResourceUnit--resourceId","interaction":{"idSuffix":"inner"}},"wdio_ui5_key":"applicationmanageresources-display-component---newResourceUnit--resourceId"}]}
RESULT: undefined
COMMAND: POST /session/504404daf6556c94b3cb83283ff70561/execute/async - {"script":"<script> [776 bytes]","args":[{"enterText":"ixBcbNjkcC","selector":{"id":"application-manageresources-display-component---newResourceUnit--resourceId","interaction":{"idSuffix":"inner"}},"clearTextFirst":true,"interactionType":"ENTER_TEXT"}]}
RESULT: {}
RESULT: {"script":"<script> [776 bytes]","args":[{"enterText":"ixBcbNjkcC","selector":{"id":"application-manageresources-display-component---newResourceUnit--resourceId","interaction":{"idSuffix":"inner"}},"clearTextFirst":true,"interactionType":"ENTER_TEXT"}]}
COMMAND: POST /session/504404daf6556c94b3cb83283ff70561/execute/async - {"script":"<script> [1562 bytes]","args":[{"selector":{"id":"application-manageresources-display-component---newResourceUnit--SHORT_TEXT","interaction":{"idSuffix":"inner"}},"wdio_ui5_key":"applicationmanageresources-display-component---newResourceUnit--SHORT_TEXT"}]}
RESULT: {"script":"<script> [1562 bytes]","args":[{"selector":{"id":"application-manageresources-display-component---newResourceUnit--SHORT_TEXT","interaction":{"idSuffix":"inner"}},"wdio_ui5_key":"applicationmanageresources-display-component---newResourceUnit--SHORT_TEXT"}]}
RESULT: undefined
COMMAND: POST /session/504404daf6556c94b3cb83283ff70561/execute/async - {"script":"<script> [776 bytes]","args":[{"enterText":"Intercompany Equipment WDIO","selector":{"id":"application-manageresources-display-component---newResourceUnit--SHORT_TEXT","interaction":{"idSuffix":"inner"}},"clearTextFirst":true,"interactionType":"ENTER_TEXT"}]}
RESULT: {"script":"<script> [776 bytes]","args":[{"enterText":"Intercompany Equipment WDIO","selector":{"id":"application-manageresources-display-component---newResourceUnit--SHORT_TEXT","interaction":{"idSuffix":"inner"}},"clearTextFirst":true,"interactionType":"ENTER_TEXT"}]}
COMMAND: POST /session/504404daf6556c94b3cb83283ff70561/execute/async - {"script":"<script> [1562 bytes]","args":[{"selector":{"id":"application-manageresources-display-component---newResourceUnit--BASE_UNIT_OF_MEASURE","interaction":{"idSuffix":"inner"}},"wdio_ui5_key":"applicationmanageresources-display-component---newResourceUnit--BASE_UNIT_OF_MEASURE"}]}
RESULT: {"script":"<script> [1562 bytes]","args":[{"selector":{"id":"application-manageresources-display-component---newResourceUnit--BASE_UNIT_OF_MEASURE","interaction":{"idSuffix":"inner"}},"wdio_ui5_key":"applicationmanageresources-display-component---newResourceUnit--BASE_UNIT_OF_MEASURE"}]}
RESULT: undefined
COMMAND: POST /session/504404daf6556c94b3cb83283ff70561/execute/async - {"script":"<script> [776 bytes]","args":[{"enterText":"Piece","selector":{"id":"application-manageresources-display-component---newResourceUnit--BASE_UNIT_OF_MEASURE","interaction":{"idSuffix":"inner"}},"clearTextFirst":true,"interactionType":"ENTER_TEXT"}]}
RESULT: {"script":"<script> [776 bytes]","args":[{"enterText":"Piece","selector":{"id":"application-manageresources-display-component---newResourceUnit--BASE_UNIT_OF_MEASURE","interaction":{"idSuffix":"inner"}},"clearTextFirst":true,"interactionType":"ENTER_TEXT"}]}
COMMAND: POST /session/504404daf6556c94b3cb83283ff70561/execute/async - {"script":"<script> [1562 bytes]","args":[{"selector":{"id":"application-manageresources-display-component---newResourceUnit--WEIGHT_UNIT","interaction":{"idSuffix":"inner"}},"wdio_ui5_key":"applicationmanageresources-display-component---newResourceUnit--WEIGHT_UNIT"}]}
RESULT: {"script":"<script> [1562 bytes]","args":[{"selector":{"id":"application-manageresources-display-component---newResourceUnit--WEIGHT_UNIT","interaction":{"idSuffix":"inner"}},"wdio_ui5_key":"applicationmanageresources-display-component---newResourceUnit--WEIGHT_UNIT"}]}
RESULT: undefined
COMMAND: POST /session/504404daf6556c94b3cb83283ff70561/execute/async - {"script":"<script> [776 bytes]","args":[{"enterText":"Gram","selector":{"id":"application-manageresources-display-component---newResourceUnit--WEIGHT_UNIT","interaction":{"idSuffix":"inner"}},"clearTextFirst":true,"interactionType":"ENTER_TEXT"}]}
RESULT: {"script":"<script> [776 bytes]","args":[{"enterText":"Gram","selector":{"id":"application-manageresources-display-component---newResourceUnit--WEIGHT_UNIT","interaction":{"idSuffix":"inner"}},"clearTextFirst":true,"interactionType":"ENTER_TEXT"}]}
COMMAND: POST /session/504404daf6556c94b3cb83283ff70561/execute/async - {"script":"<script> [1562 bytes]","args":[{"selector":{"id":"application-manageresources-display-component---newResourceUnit--DIMENSION_UNIT","interaction":{"idSuffix":"inner"}},"wdio_ui5_key":"applicationmanageresources-display-component---newResourceUnit--DIMENSION_UNIT"}]}
RESULT: {"script":"<script> [1562 bytes]","args":[{"selector":{"id":"application-manageresources-display-component---newResourceUnit--DIMENSION_UNIT","interaction":{"idSuffix":"inner"}},"wdio_ui5_key":"applicationmanageresources-display-component---newResourceUnit--DIMENSION_UNIT"}]}
RESULT: undefined
COMMAND: POST /session/504404daf6556c94b3cb83283ff70561/execute/async - {"script":"<script> [776 bytes]","args":[{"enterText":"Meter","selector":{"id":"application-manageresources-display-component---newResourceUnit--DIMENSION_UNIT","interaction":{"idSuffix":"inner"}},"clearTextFirst":true,"interactionType":"ENTER_TEXT"}]}
RESULT: {"script":"<script> [776 bytes]","args":[{"enterText":"Meter","selector":{"id":"application-manageresources-display-component---newResourceUnit--DIMENSION_UNIT","interaction":{"idSuffix":"inner"}},"clearTextFirst":true,"interactionType":"ENTER_TEXT"}]}
COMMAND: POST /session/504404daf6556c94b3cb83283ff70561/execute/async - {"script":"<script> [1562 bytes]","args":[{"selector":{"id":"application-manageresources-display-component---newResourceUnit--newRRUPage-anchBar-application-manageresources-display-component---newResourceUnit--control-anchor","interaction":{"idSuffix":"BDI-content"}},"wdio_ui5_key":"applicationmanageresources-display-component---newResourceUnit--newRRUPage-anchBar-application-manageresources-display-component---newResourceUnit--control-anchor"}]}
RESULT: {"script":"<script> [1562 bytes]","args":[{"selector":{"id":"application-manageresources-display-component---newResourceUnit--newRRUPage-anchBar-application-manageresources-display-component---newResourceUnit--control-anchor","interaction":{"idSuffix":"BDI-content"}},"wdio_ui5_key":"applicationmanageresources-display-component---newResourceUnit--newRRUPage-anchBar-application-manageresources-display-component---newResourceUnit--control-anchor"}]}
RESULT: undefined
COMMAND: POST /session/504404daf6556c94b3cb83283ff70561/element - {"using":"xpath","value":"//*[@id=\"application-manageresources-display-component---newResourceUnit--newRRUPage-anchBar-application-manageresources-display-component---newResourceUnit--control-anchor\"]"}
RESULT: {"using":"xpath","value":"//*[@id=\"application-manageresources-display-component---newResourceUnit--newRRUPage-anchBar-application-manageresources-display-component---newResourceUnit--control-anchor\"]"}
COMMAND: POST /session/504404daf6556c94b3cb83283ff70561/element/f.74039697418B55B680EBD40CFFCF13D1.d.3ED41C2D4A6D3BE3D8A676174063AC0B.e.3406/click - {}
RESULT: {}
COMMAND: POST /session/504404daf6556c94b3cb83283ff70561/execute/async - {"script":"<script> [1562 bytes]","args":[{"selector":{"id":"application-manageresources-display-component---newResourceUnit--PLANNING_GROUP","interaction":{"idSuffix":"inner"}},"wdio_ui5_key":"applicationmanageresources-display-component---newResourceUnit--PLANNING_GROUP"}]}
COMMAND: GET /session/504404daf6556c94b3cb83283ff70561/screenshot - {}
RESULT: {"script":"<script> [1562 bytes]","args":[{"selector":{"id":"application-manageresources-display-component---newResourceUnit--PLANNING_GROUP","interaction":{"idSuffix":"inner"}},"wdio_ui5_key":"applicationmanageresources-display-component---newResourceUnit--PLANNING_GROUP"}]}
RESULT: undefined
COMMAND: POST /session/504404daf6556c94b3cb83283ff70561/execute/async - {"script":"<script> [776 bytes]","args":[{"enterText":"Heavy Equi","selector":{"id":"application-manageresources-display-component---newResourceUnit--PLANNING_GROUP","interaction":{"idSuffix":"inner"}},"clearTextFirst":true,"interactionType":"ENTER_TEXT"}]}
RESULT: {}
RESULT: {"script":"<script> [776 bytes]","args":[{"enterText":"Heavy Equi","selector":{"id":"application-manageresources-display-component---newResourceUnit--PLANNING_GROUP","interaction":{"idSuffix":"inner"}},"clearTextFirst":true,"interactionType":"ENTER_TEXT"}]}
COMMAND: POST /session/504404daf6556c94b3cb83283ff70561/execute/async - {"script":"<script> [1562 bytes]","args":[{"selector":{"id":"application-manageresources-display-component---newResourceUnit--ITEM_TYPE-arrow"},"wdio_ui5_key":"applicationmanageresources-display-component---newResourceUnit--ITEM_TYPE-arrow"}]}
RESULT: {"script":"<script> [1562 bytes]","args":[{"selector":{"id":"application-manageresources-display-component---newResourceUnit--ITEM_TYPE-arrow"},"wdio_ui5_key":"applicationmanageresources-display-component---newResourceUnit--ITEM_TYPE-arrow"}]}
RESULT: undefined
COMMAND: POST /session/504404daf6556c94b3cb83283ff70561/element - {"using":"xpath","value":"//*[@id=\"application-manageresources-display-component---newResourceUnit--ITEM_TYPE-arrow\"]"}
RESULT: {"using":"xpath","value":"//*[@id=\"application-manageresources-display-component---newResourceUnit--ITEM_TYPE-arrow\"]"}
COMMAND: POST /session/504404daf6556c94b3cb83283ff70561/element/f.74039697418B55B680EBD40CFFCF13D1.d.3ED41C2D4A6D3BE3D8A676174063AC0B.e.3413/click - {}
RESULT: {}
COMMAND: POST /session/504404daf6556c94b3cb83283ff70561/element - {"using":"xpath","value":"(//span[contains(text(), \"Resource Unit\")])[2]"}
COMMAND: GET /session/504404daf6556c94b3cb83283ff70561/screenshot - {}
RESULT: {"using":"xpath","value":"(//span[contains(text(), \"Resource Unit\")])[2]"}
COMMAND: POST /session/504404daf6556c94b3cb83283ff70561/element/f.74039697418B55B680EBD40CFFCF13D1.d.3ED41C2D4A6D3BE3D8A676174063AC0B.e.3414/click - {}
RESULT: {}
RESULT: {}
COMMAND: GET /session/504404daf6556c94b3cb83283ff70561/screenshot - {}
RESULT: {}
COMMAND: POST /session/504404daf6556c94b3cb83283ff70561/element - {"using":"css selector","value":"#application-manageresources-display-component---newResourceUnit--btnAddTimeSegment"}
RESULT: {"using":"css selector","value":"#application-manageresources-display-component---newResourceUnit--btnAddTimeSegment"}
COMMAND: GET /session/504404daf6556c94b3cb83283ff70561/element/f.74039697418B55B680EBD40CFFCF13D1.d.3ED41C2D4A6D3BE3D8A676174063AC0B.e.3415/rect - {}
RESULT: {}
COMMAND: GET /session/504404daf6556c94b3cb83283ff70561/window/rect - {}
RESULT: {}
COMMAND: POST /session/504404daf6556c94b3cb83283ff70561/execute/sync - {"script":"<script> [92 bytes]","args":[]}
RESULT: {"script":"<script> [92 bytes]","args":[]}
COMMAND: POST /session/504404daf6556c94b3cb83283ff70561/actions - {"actions":[{"id":"action9","type":"wheel","parameters":{},"actions":[{"type":"scroll","x":-1888,"y":-32,"deltaX":0,"deltaY":0,"duration":0,"origin":{"element-6066-11e4-a52e-4f735466cecf":"f.74039697418B55B680EBD40CFFCF13D1.d.3ED41C2D4A6D3BE3D8A676174063AC0B.e.3415"}}]}]}
COMMAND: GET /session/504404daf6556c94b3cb83283ff70561/screenshot - {}
RESULT: {}
COMMAND: POST /session/504404daf6556c94b3cb83283ff70561/execute/sync - {"script":"<script> [79 bytes]","args":[{"element-6066-11e4-a52e-4f735466cecf":"f.74039697418B55B680EBD40CFFCF13D1.d.3ED41C2D4A6D3BE3D8A676174063AC0B.e.3415","ELEMENT":"f.74039697418B55B680EBD40CFFCF13D1.d.3ED41C2D4A6D3BE3D8A676174063AC0B.e.3415"},{"block":"start","inline":"nearest"}]}
RESULT: {"script":"<script> [79 bytes]","args":[{"element-6066-11e4-a52e-4f735466cecf":"f.74039697418B55B680EBD40CFFCF13D1.d.3ED41C2D4A6D3BE3D8A676174063AC0B.e.3415","ELEMENT":"f.74039697418B55B680EBD40CFFCF13D1.d.3ED41C2D4A6D3BE3D8A676174063AC0B.e.3415"},{"block":"start","inline":"nearest"}]}
COMMAND: POST /session/504404daf6556c94b3cb83283ff70561/execute/async - {"script":"<script> [1562 bytes]","args":[{"selector":{"id":"application-manageresources-display-component---newResourceUnit--btnAddTimeSegment","interaction":{"idSuffix":"inner"}},"wdio_ui5_key":"applicationmanageresources-display-component---newResourceUnit--btnAddTimeSegment"}]}
COMMAND: GET /session/504404daf6556c94b3cb83283ff70561/screenshot - {}
RESULT: {"script":"<script> [1562 bytes]","args":[{"selector":{"id":"application-manageresources-display-component---newResourceUnit--btnAddTimeSegment","interaction":{"idSuffix":"inner"}},"wdio_ui5_key":"applicationmanageresources-display-component---newResourceUnit--btnAddTimeSegment"}]}
RESULT: undefined
COMMAND: POST /session/504404daf6556c94b3cb83283ff70561/element - {"using":"xpath","value":"//*[@id=\"application-manageresources-display-component---newResourceUnit--btnAddTimeSegment\"]"}
RESULT: {}
RESULT: {"using":"xpath","value":"//*[@id=\"application-manageresources-display-component---newResourceUnit--btnAddTimeSegment\"]"}
COMMAND: POST /session/504404daf6556c94b3cb83283ff70561/element/f.74039697418B55B680EBD40CFFCF13D1.d.3ED41C2D4A6D3BE3D8A676174063AC0B.e.3415/click - {}
RESULT: {}
COMMAND: GET /session/504404daf6556c94b3cb83283ff70561/screenshot - {}
RESULT: {}
COMMAND: POST /session/504404daf6556c94b3cb83283ff70561/element - {"using":"xpath","value":"//input[@id=\"application-manageresources-display-component---newResourceUnit--idRuTSAdmin-application-manageresources-display-component---newResourceUnit--RUTimeSegment-0-inner\"]"}
RESULT: {"using":"xpath","value":"//input[@id=\"application-manageresources-display-component---newResourceUnit--idRuTSAdmin-application-manageresources-display-component---newResourceUnit--RUTimeSegment-0-inner\"]"}
COMMAND: POST /session/504404daf6556c94b3cb83283ff70561/element/f.74039697418B55B680EBD40CFFCF13D1.d.3ED41C2D4A6D3BE3D8A676174063AC0B.e.3421/clear - {}
RESULT: {}
COMMAND: POST /session/504404daf6556c94b3cb83283ff70561/element/f.74039697418B55B680EBD40CFFCF13D1.d.3ED41C2D4A6D3BE3D8A676174063AC0B.e.3421/value - {"text":"647"}
COMMAND: GET /session/504404daf6556c94b3cb83283ff70561/screenshot - {}
RESULT: {"text":"647"}
COMMAND: GET /session/504404daf6556c94b3cb83283ff70561/screenshot - {}
RESULT: {}
RESULT: {}
COMMAND: POST /session/504404daf6556c94b3cb83283ff70561/element - {"using":"xpath","value":"//li[.//span[text()='647']]"}
RESULT: {"using":"xpath","value":"//li[.//span[text()='647']]"}
COMMAND: POST /session/504404daf6556c94b3cb83283ff70561/element/f.74039697418B55B680EBD40CFFCF13D1.d.3ED41C2D4A6D3BE3D8A676174063AC0B.e.3435/click - {}
RESULT: {}
COMMAND: GET /session/504404daf6556c94b3cb83283ff70561/screenshot - {}
RESULT: {}
COMMAND: POST /session/504404daf6556c94b3cb83283ff70561/element - {"using":"xpath","value":"(//span[contains(@id, \"-application-manageresources-display-component---newResourceUnit--RUTimeSegment-0-arrow\")])[6]"}
RESULT: {"using":"xpath","value":"(//span[contains(@id, \"-application-manageresources-display-component---newResourceUnit--RUTimeSegment-0-arrow\")])[6]"}
COMMAND: POST /session/504404daf6556c94b3cb83283ff70561/element/f.74039697418B55B680EBD40CFFCF13D1.d.3ED41C2D4A6D3BE3D8A676174063AC0B.e.3436/click - {}
RESULT: {}
COMMAND: POST /session/504404daf6556c94b3cb83283ff70561/element - {"using":"xpath","value":"//span[contains(text(), \"PM Order\")]"}
COMMAND: GET /session/504404daf6556c94b3cb83283ff70561/screenshot - {}
RESULT: {"using":"xpath","value":"//span[contains(text(), \"PM Order\")]"}
COMMAND: POST /session/504404daf6556c94b3cb83283ff70561/element/f.74039697418B55B680EBD40CFFCF13D1.d.3ED41C2D4A6D3BE3D8A676174063AC0B.e.3439/click - {}
RESULT: {}
RESULT: {}
COMMAND: GET /session/504404daf6556c94b3cb83283ff70561/screenshot - {}
RESULT: {}
COMMAND: POST /session/504404daf6556c94b3cb83283ff70561/element - {"using":"xpath","value":"(//span[contains(@id ,\"manageresources-display-component---newResourceUnit--RUTimeSegment-0-vhi\")])[2]"}
RESULT: {"using":"xpath","value":"(//span[contains(@id ,\"manageresources-display-component---newResourceUnit--RUTimeSegment-0-vhi\")])[2]"}
COMMAND: POST /session/504404daf6556c94b3cb83283ff70561/element/f.74039697418B55B680EBD40CFFCF13D1.d.3ED41C2D4A6D3BE3D8A676174063AC0B.e.3442/click - {}
RESULT: {}
COMMAND: GET /session/504404daf6556c94b3cb83283ff70561/screenshot - {}
RESULT: {}
COMMAND: POST /session/504404daf6556c94b3cb83283ff70561/execute/async - {"script":"<script> [1562 bytes]","args":[{"selector":{"controlType":"sap.m.SearchField","properties":{"placeholder":"Search"},"searchOpenDialogs":true,"interaction":{"idSuffix":"I"}},"wdio_ui5_key":"sapm.SearchField{\"placeholder\":\"Search\"}"}]}
RESULT: {"script":"<script> [1562 bytes]","args":[{"selector":{"controlType":"sap.m.SearchField","properties":{"placeholder":"Search"},"searchOpenDialogs":true,"interaction":{"idSuffix":"I"}},"wdio_ui5_key":"sapm.SearchField{\"placeholder\":\"Search\"}"}]}
RESULT: undefined
COMMAND: POST /session/504404daf6556c94b3cb83283ff70561/execute/async - {"script":"<script> [776 bytes]","args":[{"enterText":"4000360","selector":{"controlType":"sap.m.SearchField","properties":{"placeholder":"Search"},"searchOpenDialogs":true,"interaction":{"idSuffix":"I"}},"clearTextFirst":true,"interactionType":"ENTER_TEXT"}]}
RESULT: {"script":"<script> [776 bytes]","args":[{"enterText":"4000360","selector":{"controlType":"sap.m.SearchField","properties":{"placeholder":"Search"},"searchOpenDialogs":true,"interaction":{"idSuffix":"I"}},"clearTextFirst":true,"interactionType":"ENTER_TEXT"}]}
COMMAND: POST /session/504404daf6556c94b3cb83283ff70561/actions - {"actions":[{"id":"action10","type":"key","parameters":{},"actions":[{"type":"keyDown","value":""},{"type":"pause","duration":10},{"type":"keyUp","value":""}]}]}
RESULT: {"actions":[{"id":"action10","type":"key","parameters":{},"actions":[{"type":"keyDown","value":""},{"type":"pause","duration":10},{"type":"keyUp","value":""}]}]}
COMMAND: GET /session/504404daf6556c94b3cb83283ff70561/screenshot - {}
RESULT: {}
COMMAND: POST /session/504404daf6556c94b3cb83283ff70561/element - {"using":"xpath","value":"//td/div/span[contains(text(), \"BGL Vehicles\")]"}
RESULT: {"using":"xpath","value":"//td/div/span[contains(text(), \"BGL Vehicles\")]"}
COMMAND: POST /session/504404daf6556c94b3cb83283ff70561/element/f.74039697418B55B680EBD40CFFCF13D1.d.3ED41C2D4A6D3BE3D8A676174063AC0B.e.3463/click - {}
RESULT: {}
COMMAND: GET /session/504404daf6556c94b3cb83283ff70561/screenshot - {}
RESULT: {}
COMMAND: POST /session/504404daf6556c94b3cb83283ff70561/element - {"using":"xpath","value":"//bdi[contains(text(), \"OK\")]"}
RESULT: {"using":"xpath","value":"//bdi[contains(text(), \"OK\")]"}
COMMAND: POST /session/504404daf6556c94b3cb83283ff70561/element/f.74039697418B55B680EBD40CFFCF13D1.d.3ED41C2D4A6D3BE3D8A676174063AC0B.e.3464/click - {}
RESULT: {}
COMMAND: GET /session/504404daf6556c94b3cb83283ff70561/screenshot - {}
RESULT: {}
COMMAND: POST /session/504404daf6556c94b3cb83283ff70561/execute/async - {"script":"<script> [1562 bytes]","args":[{"selector":{"id":"application-manageresources-display-component---newResourceUnit--newRRUPage-anchBar-application-manageresources-display-component---newResourceUnit--resource-anchor","interaction":{"idSuffix":"BDI-content"}},"wdio_ui5_key":"applicationmanageresources-display-component---newResourceUnit--newRRUPage-anchBar-application-manageresources-display-component---newResourceUnit--resource-anchor"}]}
RESULT: {"script":"<script> [1562 bytes]","args":[{"selector":{"id":"application-manageresources-display-component---newResourceUnit--newRRUPage-anchBar-application-manageresources-display-component---newResourceUnit--resource-anchor","interaction":{"idSuffix":"BDI-content"}},"wdio_ui5_key":"applicationmanageresources-display-component---newResourceUnit--newRRUPage-anchBar-application-manageresources-display-component---newResourceUnit--resource-anchor"}]}
RESULT: undefined
COMMAND: POST /session/504404daf6556c94b3cb83283ff70561/element - {"using":"xpath","value":"//*[@id=\"application-manageresources-display-component---newResourceUnit--newRRUPage-anchBar-application-manageresources-display-component---newResourceUnit--resource-anchor\"]"}
RESULT: {"using":"xpath","value":"//*[@id=\"application-manageresources-display-component---newResourceUnit--newRRUPage-anchBar-application-manageresources-display-component---newResourceUnit--resource-anchor\"]"}
COMMAND: POST /session/504404daf6556c94b3cb83283ff70561/element/f.74039697418B55B680EBD40CFFCF13D1.d.3ED41C2D4A6D3BE3D8A676174063AC0B.e.3468/click - {}
RESULT: {}
COMMAND: POST /session/504404daf6556c94b3cb83283ff70561/execute/async - {"script":"<script> [1562 bytes]","args":[{"selector":{"id":"application-manageresources-display-component---newResourceUnit--PLANNED_DELIVERY_DATE","interaction":{"idSuffix":"inner"}},"wdio_ui5_key":"applicationmanageresources-display-component---newResourceUnit--PLANNED_DELIVERY_DATE"}]}
COMMAND: GET /session/504404daf6556c94b3cb83283ff70561/screenshot - {}
RESULT: {"script":"<script> [1562 bytes]","args":[{"selector":{"id":"application-manageresources-display-component---newResourceUnit--PLANNED_DELIVERY_DATE","interaction":{"idSuffix":"inner"}},"wdio_ui5_key":"applicationmanageresources-display-component---newResourceUnit--PLANNED_DELIVERY_DATE"}]}
RESULT: undefined
COMMAND: POST /session/504404daf6556c94b3cb83283ff70561/execute/async - {"script":"<script> [6424 bytes]","args":[{"element-6066-11e4-a52e-4f735466cecf":"f.74039697418B55B680EBD40CFFCF13D1.d.3ED41C2D4A6D3BE3D8A676174063AC0B.e.3329"},"setValue",["4/21/25"]]}
RESULT: {}
RESULT: {"script":"<script> [6424 bytes]","args":[{"element-6066-11e4-a52e-4f735466cecf":"f.74039697418B55B680EBD40CFFCF13D1.d.3ED41C2D4A6D3BE3D8A676174063AC0B.e.3329"},"setValue",["4/21/25"]]}
COMMAND: POST /session/504404daf6556c94b3cb83283ff70561/element - {"using":"xpath","value":"//button[@data-kt=\"resourceUnitSaveButton\"]"}
RESULT: {"using":"xpath","value":"//button[@data-kt=\"resourceUnitSaveButton\"]"}
COMMAND: POST /session/504404daf6556c94b3cb83283ff70561/element/f.74039697418B55B680EBD40CFFCF13D1.d.3ED41C2D4A6D3BE3D8A676174063AC0B.e.3289/click - {}
RESULT: {}
COMMAND: GET /session/504404daf6556c94b3cb83283ff70561/screenshot - {}
RESULT: {}
COMMAND: POST /session/504404daf6556c94b3cb83283ff70561/element - {"using":"xpath","value":"//bdi[contains(text(), \"Close\")]"}
RESULT: {"using":"xpath","value":"//bdi[contains(text(), \"Close\")]"}
COMMAND: POST /session/504404daf6556c94b3cb83283ff70561/element/f.74039697418B55B680EBD40CFFCF13D1.d.3ED41C2D4A6D3BE3D8A676174063AC0B.e.3476/click - {}
RESULT: {}
COMMAND: GET /session/504404daf6556c94b3cb83283ff70561/screenshot - {}
COMMAND: POST /session/504404daf6556c94b3cb83283ff70561/element - {"using":"xpath","value":"(//button[contains(@id ,\"actionsToolbar-overflowButton\")])[1]"}
RESULT: {}
RESULT: {"using":"xpath","value":"(//button[contains(@id ,\"actionsToolbar-overflowButton\")])[1]"}
COMMAND: POST /session/504404daf6556c94b3cb83283ff70561/element/f.74039697418B55B680EBD40CFFCF13D1.d.3ED41C2D4A6D3BE3D8A676174063AC0B.e.3526/click - {}
RESULT: {}
COMMAND: GET /session/504404daf6556c94b3cb83283ff70561/screenshot - {}
RESULT: {}
COMMAND: POST /session/504404daf6556c94b3cb83283ff70561/element - {"using":"xpath","value":"//button[@data-kt=\"priceInfoButton\"]"}
RESULT: {"using":"xpath","value":"//button[@data-kt=\"priceInfoButton\"]"}
COMMAND: POST /session/504404daf6556c94b3cb83283ff70561/element/f.74039697418B55B680EBD40CFFCF13D1.d.3ED41C2D4A6D3BE3D8A676174063AC0B.e.3534/click - {}
RESULT: {}
COMMAND: GET /session/504404daf6556c94b3cb83283ff70561/screenshot - {}
RESULT: {}
]]></system-out>
    </testcase>
    <testcase classname="chrome.135_0_7049_42.windows.Billing_Transfer_-_Master_data_&amp;_Intercompany_US127250" name="Should create new pricing rule TB on the equipment TB" time="57.401">
      <system-out><![CDATA[
COMMAND: POST /session/504404daf6556c94b3cb83283ff70561/element - {"using":"xpath","value":"//button[@data-kt=\"addButton\"]"}
RESULT: {"using":"xpath","value":"//button[@data-kt=\"addButton\"]"}
COMMAND: POST /session/504404daf6556c94b3cb83283ff70561/elements - {"using":"xpath","value":"//button[@data-kt=\"addButton\"]"}
RESULT: {"using":"xpath","value":"//button[@data-kt=\"addButton\"]"}
COMMAND: POST /session/504404daf6556c94b3cb83283ff70561/elements - {"using":"xpath","value":"//button[@data-kt=\"addButton\"]"}
RESULT: {"using":"xpath","value":"//button[@data-kt=\"addButton\"]"}
COMMAND: POST /session/504404daf6556c94b3cb83283ff70561/element - {"using":"xpath","value":"//button[@data-kt=\"addButton\"]"}
RESULT: {"using":"xpath","value":"//button[@data-kt=\"addButton\"]"}
COMMAND: POST /session/504404daf6556c94b3cb83283ff70561/execute/sync - {"script":"<script> [8489 bytes]","args":[{"element-6066-11e4-a52e-4f735466cecf":"f.74039697418B55B680EBD40CFFCF13D1.d.3ED41C2D4A6D3BE3D8A676174063AC0B.e.3571","ELEMENT":"f.74039697418B55B680EBD40CFFCF13D1.d.3ED41C2D4A6D3BE3D8A676174063AC0B.e.3571"}]}
RESULT: {"script":"<script> [8489 bytes]","args":[{"element-6066-11e4-a52e-4f735466cecf":"f.74039697418B55B680EBD40CFFCF13D1.d.3ED41C2D4A6D3BE3D8A676174063AC0B.e.3571","ELEMENT":"f.74039697418B55B680EBD40CFFCF13D1.d.3ED41C2D4A6D3BE3D8A676174063AC0B.e.3571"}]}
COMMAND: GET /session/504404daf6556c94b3cb83283ff70561/element/f.74039697418B55B680EBD40CFFCF13D1.d.3ED41C2D4A6D3BE3D8A676174063AC0B.e.3571/enabled - {}
COMMAND: GET /session/504404daf6556c94b3cb83283ff70561/screenshot - {}
RESULT: {}
RESULT: {}
COMMAND: POST /session/504404daf6556c94b3cb83283ff70561/execute/sync - {"script":"<script> [8489 bytes]","args":[{"element-6066-11e4-a52e-4f735466cecf":"f.74039697418B55B680EBD40CFFCF13D1.d.3ED41C2D4A6D3BE3D8A676174063AC0B.e.3571","ELEMENT":"f.74039697418B55B680EBD40CFFCF13D1.d.3ED41C2D4A6D3BE3D8A676174063AC0B.e.3571"}]}
COMMAND: GET /session/504404daf6556c94b3cb83283ff70561/screenshot - {}
RESULT: {"script":"<script> [8489 bytes]","args":[{"element-6066-11e4-a52e-4f735466cecf":"f.74039697418B55B680EBD40CFFCF13D1.d.3ED41C2D4A6D3BE3D8A676174063AC0B.e.3571","ELEMENT":"f.74039697418B55B680EBD40CFFCF13D1.d.3ED41C2D4A6D3BE3D8A676174063AC0B.e.3571"}]}
COMMAND: POST /session/504404daf6556c94b3cb83283ff70561/execute/sync - {"script":"<script> [5351 bytes]","args":[{"element-6066-11e4-a52e-4f735466cecf":"f.74039697418B55B680EBD40CFFCF13D1.d.3ED41C2D4A6D3BE3D8A676174063AC0B.e.3571","ELEMENT":"f.74039697418B55B680EBD40CFFCF13D1.d.3ED41C2D4A6D3BE3D8A676174063AC0B.e.3571"}]}
COMMAND: GET /session/504404daf6556c94b3cb83283ff70561/screenshot - {}
RESULT: {}
RESULT: {"script":"<script> [5351 bytes]","args":[{"element-6066-11e4-a52e-4f735466cecf":"f.74039697418B55B680EBD40CFFCF13D1.d.3ED41C2D4A6D3BE3D8A676174063AC0B.e.3571","ELEMENT":"f.74039697418B55B680EBD40CFFCF13D1.d.3ED41C2D4A6D3BE3D8A676174063AC0B.e.3571"}]}
COMMAND: POST /session/504404daf6556c94b3cb83283ff70561/element/f.74039697418B55B680EBD40CFFCF13D1.d.3ED41C2D4A6D3BE3D8A676174063AC0B.e.3571/click - {}
COMMAND: GET /session/504404daf6556c94b3cb83283ff70561/screenshot - {}
RESULT: {}
RESULT: {}
COMMAND: GET /session/504404daf6556c94b3cb83283ff70561/screenshot - {}
RESULT: {}
RESULT: {}
COMMAND: POST /session/504404daf6556c94b3cb83283ff70561/execute/async - {"script":"<script> [1562 bytes]","args":[{"selector":{"controlType":"sap.m.Title","viewName":"etm.portal.ui.managepricingrules.view.NewItem","viewId":"application-managepricingrules-display-component---newInfoPriceItem","properties":{"text":"New Pricing Rules - Item Level"}},"wdio_ui5_key":"etmportal.ui.managepricingrules.view.NewItemsap.m.Title{\"text\":\"New Pricing Rules - Item Level\"}"}]}
RESULT: {"script":"<script> [1562 bytes]","args":[{"selector":{"controlType":"sap.m.Title","viewName":"etm.portal.ui.managepricingrules.view.NewItem","viewId":"application-managepricingrules-display-component---newInfoPriceItem","properties":{"text":"New Pricing Rules - Item Level"}},"wdio_ui5_key":"etmportal.ui.managepricingrules.view.NewItemsap.m.Title{\"text\":\"New Pricing Rules - Item Level\"}"}]}
RESULT: undefined
COMMAND: POST /session/504404daf6556c94b3cb83283ff70561/execute/async - {"script":"<script> [6424 bytes]","args":[{"element-6066-11e4-a52e-4f735466cecf":"f.74039697418B55B680EBD40CFFCF13D1.d.3ED41C2D4A6D3BE3D8A676174063AC0B.e.3739"},"getText",[]]}
RESULT: {"script":"<script> [6424 bytes]","args":[{"element-6066-11e4-a52e-4f735466cecf":"f.74039697418B55B680EBD40CFFCF13D1.d.3ED41C2D4A6D3BE3D8A676174063AC0B.e.3739"},"getText",[]]}
COMMAND: POST /session/504404daf6556c94b3cb83283ff70561/execute/async - {"script":"<script> [1562 bytes]","args":[{"selector":{"id":"application-managepricingrules-display-component---newInfoPriceItem--condValidTo","interaction":{"idSuffix":"inner"}},"wdio_ui5_key":"applicationmanagepricingrules-display-component---newInfoPriceItem--condValidTo"}]}
RESULT: {"script":"<script> [1562 bytes]","args":[{"selector":{"id":"application-managepricingrules-display-component---newInfoPriceItem--condValidTo","interaction":{"idSuffix":"inner"}},"wdio_ui5_key":"applicationmanagepricingrules-display-component---newInfoPriceItem--condValidTo"}]}
RESULT: undefined
COMMAND: POST /session/504404daf6556c94b3cb83283ff70561/execute/async - {"script":"<script> [776 bytes]","args":[{"enterText":"12/21/25","selector":{"id":"application-managepricingrules-display-component---newInfoPriceItem--condValidTo","interaction":{"idSuffix":"inner"}},"clearTextFirst":true,"interactionType":"ENTER_TEXT"}]}
RESULT: {"script":"<script> [776 bytes]","args":[{"enterText":"12/21/25","selector":{"id":"application-managepricingrules-display-component---newInfoPriceItem--condValidTo","interaction":{"idSuffix":"inner"}},"clearTextFirst":true,"interactionType":"ENTER_TEXT"}]}
COMMAND: POST /session/504404daf6556c94b3cb83283ff70561/execute/async - {"script":"<script> [1562 bytes]","args":[{"selector":{"id":"application-managepricingrules-display-component---newInfoPriceItem--billType-arrow"},"wdio_ui5_key":"applicationmanagepricingrules-display-component---newInfoPriceItem--billType-arrow"}]}
RESULT: {"script":"<script> [1562 bytes]","args":[{"selector":{"id":"application-managepricingrules-display-component---newInfoPriceItem--billType-arrow"},"wdio_ui5_key":"applicationmanagepricingrules-display-component---newInfoPriceItem--billType-arrow"}]}
RESULT: undefined
COMMAND: POST /session/504404daf6556c94b3cb83283ff70561/element - {"using":"xpath","value":"//*[@id=\"application-managepricingrules-display-component---newInfoPriceItem--billType-arrow\"]"}
RESULT: {"using":"xpath","value":"//*[@id=\"application-managepricingrules-display-component---newInfoPriceItem--billType-arrow\"]"}
COMMAND: POST /session/504404daf6556c94b3cb83283ff70561/element/f.74039697418B55B680EBD40CFFCF13D1.d.3ED41C2D4A6D3BE3D8A676174063AC0B.e.3741/click - {}
RESULT: {}
COMMAND: POST /session/504404daf6556c94b3cb83283ff70561/element - {"using":"xpath","value":"//span[contains(text(), \"TB - Time based\")]"}
COMMAND: GET /session/504404daf6556c94b3cb83283ff70561/screenshot - {}
RESULT: {"using":"xpath","value":"//span[contains(text(), \"TB - Time based\")]"}
COMMAND: POST /session/504404daf6556c94b3cb83283ff70561/element/f.74039697418B55B680EBD40CFFCF13D1.d.3ED41C2D4A6D3BE3D8A676174063AC0B.e.3742/click - {}
RESULT: {}
RESULT: {}
COMMAND: POST /session/504404daf6556c94b3cb83283ff70561/execute/async - {"script":"<script> [1562 bytes]","args":[{"selector":{"id":"application-managepricingrules-display-component---newInfoPriceItem--priceProc-arrow"},"wdio_ui5_key":"applicationmanagepricingrules-display-component---newInfoPriceItem--priceProc-arrow"}]}
COMMAND: GET /session/504404daf6556c94b3cb83283ff70561/screenshot - {}
RESULT: {"script":"<script> [1562 bytes]","args":[{"selector":{"id":"application-managepricingrules-display-component---newInfoPriceItem--priceProc-arrow"},"wdio_ui5_key":"applicationmanagepricingrules-display-component---newInfoPriceItem--priceProc-arrow"}]}
RESULT: undefined
COMMAND: POST /session/504404daf6556c94b3cb83283ff70561/element - {"using":"xpath","value":"//*[@id=\"application-managepricingrules-display-component---newInfoPriceItem--priceProc-arrow\"]"}
RESULT: {}
RESULT: {"using":"xpath","value":"//*[@id=\"application-managepricingrules-display-component---newInfoPriceItem--priceProc-arrow\"]"}
COMMAND: POST /session/504404daf6556c94b3cb83283ff70561/element/f.74039697418B55B680EBD40CFFCF13D1.d.3ED41C2D4A6D3BE3D8A676174063AC0B.e.3704/click - {}
RESULT: {}
COMMAND: POST /session/504404daf6556c94b3cb83283ff70561/element - {"using":"xpath","value":"//span[contains(text(), \"TBS - Time based standard\")]"}
COMMAND: GET /session/504404daf6556c94b3cb83283ff70561/screenshot - {}
RESULT: {"using":"xpath","value":"//span[contains(text(), \"TBS - Time based standard\")]"}
COMMAND: POST /session/504404daf6556c94b3cb83283ff70561/element/f.74039697418B55B680EBD40CFFCF13D1.d.3ED41C2D4A6D3BE3D8A676174063AC0B.e.3743/click - {}
RESULT: {}
RESULT: {}
COMMAND: POST /session/504404daf6556c94b3cb83283ff70561/execute/async - {"script":"<script> [1562 bytes]","args":[{"selector":{"id":"application-managepricingrules-display-component---newInfoPriceItem--calcBase-arrow"},"wdio_ui5_key":"applicationmanagepricingrules-display-component---newInfoPriceItem--calcBase-arrow"}]}
COMMAND: GET /session/504404daf6556c94b3cb83283ff70561/screenshot - {}
RESULT: {"script":"<script> [1562 bytes]","args":[{"selector":{"id":"application-managepricingrules-display-component---newInfoPriceItem--calcBase-arrow"},"wdio_ui5_key":"applicationmanagepricingrules-display-component---newInfoPriceItem--calcBase-arrow"}]}
RESULT: undefined
COMMAND: POST /session/504404daf6556c94b3cb83283ff70561/element - {"using":"xpath","value":"//*[@id=\"application-managepricingrules-display-component---newInfoPriceItem--calcBase-arrow\"]"}
RESULT: {}
RESULT: {"using":"xpath","value":"//*[@id=\"application-managepricingrules-display-component---newInfoPriceItem--calcBase-arrow\"]"}
COMMAND: POST /session/504404daf6556c94b3cb83283ff70561/element/f.74039697418B55B680EBD40CFFCF13D1.d.3ED41C2D4A6D3BE3D8A676174063AC0B.e.3711/click - {}
RESULT: {}
COMMAND: GET /session/504404daf6556c94b3cb83283ff70561/screenshot - {}
RESULT: {}
COMMAND: POST /session/504404daf6556c94b3cb83283ff70561/element - {"using":"xpath","value":"//span[contains(text(), \"0006 - TB(calendar days)\")]"}
RESULT: {"using":"xpath","value":"//span[contains(text(), \"0006 - TB(calendar days)\")]"}
COMMAND: POST /session/504404daf6556c94b3cb83283ff70561/element/f.74039697418B55B680EBD40CFFCF13D1.d.3ED41C2D4A6D3BE3D8A676174063AC0B.e.3744/click - {}
RESULT: {}
COMMAND: GET /session/504404daf6556c94b3cb83283ff70561/screenshot - {}
RESULT: {}
COMMAND: POST /session/504404daf6556c94b3cb83283ff70561/execute/async - {"script":"<script> [1562 bytes]","args":[{"selector":{"id":"application-managepricingrules-display-component---newInfoPriceItem--daysMonth","interaction":{"idSuffix":"inner"}},"wdio_ui5_key":"applicationmanagepricingrules-display-component---newInfoPriceItem--daysMonth"}]}
RESULT: {"script":"<script> [1562 bytes]","args":[{"selector":{"id":"application-managepricingrules-display-component---newInfoPriceItem--daysMonth","interaction":{"idSuffix":"inner"}},"wdio_ui5_key":"applicationmanagepricingrules-display-component---newInfoPriceItem--daysMonth"}]}
RESULT: undefined
COMMAND: POST /session/504404daf6556c94b3cb83283ff70561/execute/async - {"script":"<script> [776 bytes]","args":[{"enterText":"30","selector":{"id":"application-managepricingrules-display-component---newInfoPriceItem--daysMonth","interaction":{"idSuffix":"inner"}},"clearTextFirst":true,"interactionType":"ENTER_TEXT"}]}
RESULT: {"script":"<script> [776 bytes]","args":[{"enterText":"30","selector":{"id":"application-managepricingrules-display-component---newInfoPriceItem--daysMonth","interaction":{"idSuffix":"inner"}},"clearTextFirst":true,"interactionType":"ENTER_TEXT"}]}
COMMAND: POST /session/504404daf6556c94b3cb83283ff70561/element - {"using":"xpath","value":"//button[@data-kt=\"saveNewRuleButton\"]"}
RESULT: {"using":"xpath","value":"//button[@data-kt=\"saveNewRuleButton\"]"}
COMMAND: POST /session/504404daf6556c94b3cb83283ff70561/element/f.74039697418B55B680EBD40CFFCF13D1.d.3ED41C2D4A6D3BE3D8A676174063AC0B.e.3728/click - {}
RESULT: {}
COMMAND: GET /session/504404daf6556c94b3cb83283ff70561/screenshot - {}
RESULT: {}
COMMAND: POST /session/504404daf6556c94b3cb83283ff70561/execute/async - {"script":"<script> [1562 bytes]","args":[{"selector":{"id":"application-managepricingrules-display-component---priceInfoItem--smartFilterBar-btnBasicSearch","interaction":{"idSuffix":"I"}},"wdio_ui5_key":"applicationmanagepricingrules-display-component---priceInfoItem--smartFilterBar-btnBasicSearch"}]}
RESULT: {"script":"<script> [1562 bytes]","args":[{"selector":{"id":"application-managepricingrules-display-component---priceInfoItem--smartFilterBar-btnBasicSearch","interaction":{"idSuffix":"I"}},"wdio_ui5_key":"applicationmanagepricingrules-display-component---priceInfoItem--smartFilterBar-btnBasicSearch"}]}
RESULT: undefined
COMMAND: POST /session/504404daf6556c94b3cb83283ff70561/execute/async - {"script":"<script> [776 bytes]","args":[{"enterText":"ixBcbNjkcC","selector":{"id":"application-managepricingrules-display-component---priceInfoItem--smartFilterBar-btnBasicSearch","interaction":{"idSuffix":"I"}},"clearTextFirst":true,"interactionType":"ENTER_TEXT"}]}
RESULT: {"script":"<script> [776 bytes]","args":[{"enterText":"ixBcbNjkcC","selector":{"id":"application-managepricingrules-display-component---priceInfoItem--smartFilterBar-btnBasicSearch","interaction":{"idSuffix":"I"}},"clearTextFirst":true,"interactionType":"ENTER_TEXT"}]}
COMMAND: POST /session/504404daf6556c94b3cb83283ff70561/actions - {"actions":[{"id":"action11","type":"key","parameters":{},"actions":[{"type":"keyDown","value":""},{"type":"pause","duration":10},{"type":"keyUp","value":""}]}]}
RESULT: {"actions":[{"id":"action11","type":"key","parameters":{},"actions":[{"type":"keyDown","value":""},{"type":"pause","duration":10},{"type":"keyUp","value":""}]}]}
COMMAND: GET /session/504404daf6556c94b3cb83283ff70561/screenshot - {}
RESULT: {}
COMMAND: POST /session/504404daf6556c94b3cb83283ff70561/element - {"using":"xpath","value":"//span[@id=\"application-managepricingrules-display-component---priceInfoItem--smartTable-header-inner\"]"}
RESULT: {"using":"xpath","value":"//span[@id=\"application-managepricingrules-display-component---priceInfoItem--smartTable-header-inner\"]"}
COMMAND: POST /session/504404daf6556c94b3cb83283ff70561/elements - {"using":"xpath","value":"//span[@id=\"application-managepricingrules-display-component---priceInfoItem--smartTable-header-inner\"]"}
RESULT: {"using":"xpath","value":"//span[@id=\"application-managepricingrules-display-component---priceInfoItem--smartTable-header-inner\"]"}
COMMAND: POST /session/504404daf6556c94b3cb83283ff70561/execute/sync - {"script":"<script> [56 bytes]","args":[{"element-6066-11e4-a52e-4f735466cecf":"f.74039697418B55B680EBD40CFFCF13D1.d.3ED41C2D4A6D3BE3D8A676174063AC0B.e.3768","ELEMENT":"f.74039697418B55B680EBD40CFFCF13D1.d.3ED41C2D4A6D3BE3D8A676174063AC0B.e.3768"}]}
RESULT: {"script":"<script> [56 bytes]","args":[{"element-6066-11e4-a52e-4f735466cecf":"f.74039697418B55B680EBD40CFFCF13D1.d.3ED41C2D4A6D3BE3D8A676174063AC0B.e.3768","ELEMENT":"f.74039697418B55B680EBD40CFFCF13D1.d.3ED41C2D4A6D3BE3D8A676174063AC0B.e.3768"}]}
COMMAND: POST /session/504404daf6556c94b3cb83283ff70561/element - {"using":"css selector","value":"#shell-header-logo"}
COMMAND: GET /session/504404daf6556c94b3cb83283ff70561/screenshot - {}
RESULT: {"using":"css selector","value":"#shell-header-logo"}
COMMAND: POST /session/504404daf6556c94b3cb83283ff70561/element/f.74039697418B55B680EBD40CFFCF13D1.d.3ED41C2D4A6D3BE3D8A676174063AC0B.e.2880/click - {}
RESULT: {}
RESULT: {}
COMMAND: GET /session/504404daf6556c94b3cb83283ff70561/screenshot - {}
RESULT: {}
]]></system-out>
    </testcase>
    <testcase classname="chrome.135_0_7049_42.windows.Billing_Transfer_-_Master_data_&amp;_Intercompany_US127250" name="Should create new condition for equipment TB" time="70.806">
      <system-out><![CDATA[
COMMAND: POST /session/504404daf6556c94b3cb83283ff70561/execute/async - {"script":"<script> [1562 bytes]","args":[{"selector":{"controlType":"sap.m.Text","properties":{"text":"Manage Conditions & Prices"},"interaction":{"idSuffix":"inner"}},"wdio_ui5_key":"sapm.Text{\"text\":\"Manage Conditions & Prices\"}"}]}
RESULT: {"script":"<script> [1562 bytes]","args":[{"selector":{"controlType":"sap.m.Text","properties":{"text":"Manage Conditions & Prices"},"interaction":{"idSuffix":"inner"}},"wdio_ui5_key":"sapm.Text{\"text\":\"Manage Conditions & Prices\"}"}]}
RESULT: undefined
COMMAND: POST /session/504404daf6556c94b3cb83283ff70561/element - {"using":"xpath","value":"//*[@id=\"__tile93-title\"]"}
RESULT: {"using":"xpath","value":"//*[@id=\"__tile93-title\"]"}
COMMAND: POST /session/504404daf6556c94b3cb83283ff70561/element/f.74039697418B55B680EBD40CFFCF13D1.d.3ED41C2D4A6D3BE3D8A676174063AC0B.e.3771/click - {}
RESULT: {}
COMMAND: POST /session/504404daf6556c94b3cb83283ff70561/element - {"using":"xpath","value":"//button[@aria-label=\"Create\"]"}
COMMAND: GET /session/504404daf6556c94b3cb83283ff70561/screenshot - {}
RESULT: {"using":"xpath","value":"//button[@aria-label=\"Create\"]"}
COMMAND: POST /session/504404daf6556c94b3cb83283ff70561/elements - {"using":"xpath","value":"//button[@aria-label=\"Create\"]"}
RESULT: {}
RESULT: {"using":"xpath","value":"//button[@aria-label=\"Create\"]"}
COMMAND: POST /session/504404daf6556c94b3cb83283ff70561/elements - {"using":"xpath","value":"//button[@aria-label=\"Create\"]"}
RESULT: {"using":"xpath","value":"//button[@aria-label=\"Create\"]"}
COMMAND: POST /session/504404daf6556c94b3cb83283ff70561/elements - {"using":"xpath","value":"//button[@aria-label=\"Create\"]"}
RESULT: {"using":"xpath","value":"//button[@aria-label=\"Create\"]"}
COMMAND: POST /session/504404daf6556c94b3cb83283ff70561/element - {"using":"xpath","value":"//button[@aria-label=\"Create\"]"}
RESULT: {"using":"xpath","value":"//button[@aria-label=\"Create\"]"}
COMMAND: POST /session/504404daf6556c94b3cb83283ff70561/execute/sync - {"script":"<script> [8489 bytes]","args":[{"element-6066-11e4-a52e-4f735466cecf":"f.74039697418B55B680EBD40CFFCF13D1.d.3ED41C2D4A6D3BE3D8A676174063AC0B.e.3806","ELEMENT":"f.74039697418B55B680EBD40CFFCF13D1.d.3ED41C2D4A6D3BE3D8A676174063AC0B.e.3806"}]}
RESULT: {"script":"<script> [8489 bytes]","args":[{"element-6066-11e4-a52e-4f735466cecf":"f.74039697418B55B680EBD40CFFCF13D1.d.3ED41C2D4A6D3BE3D8A676174063AC0B.e.3806","ELEMENT":"f.74039697418B55B680EBD40CFFCF13D1.d.3ED41C2D4A6D3BE3D8A676174063AC0B.e.3806"}]}
COMMAND: GET /session/504404daf6556c94b3cb83283ff70561/element/f.74039697418B55B680EBD40CFFCF13D1.d.3ED41C2D4A6D3BE3D8A676174063AC0B.e.3806/enabled - {}
COMMAND: GET /session/504404daf6556c94b3cb83283ff70561/screenshot - {}
RESULT: {}
COMMAND: POST /session/504404daf6556c94b3cb83283ff70561/execute/sync - {"script":"<script> [8489 bytes]","args":[{"element-6066-11e4-a52e-4f735466cecf":"f.74039697418B55B680EBD40CFFCF13D1.d.3ED41C2D4A6D3BE3D8A676174063AC0B.e.3806","ELEMENT":"f.74039697418B55B680EBD40CFFCF13D1.d.3ED41C2D4A6D3BE3D8A676174063AC0B.e.3806"}]}
COMMAND: GET /session/504404daf6556c94b3cb83283ff70561/screenshot - {}
RESULT: {}
RESULT: {"script":"<script> [8489 bytes]","args":[{"element-6066-11e4-a52e-4f735466cecf":"f.74039697418B55B680EBD40CFFCF13D1.d.3ED41C2D4A6D3BE3D8A676174063AC0B.e.3806","ELEMENT":"f.74039697418B55B680EBD40CFFCF13D1.d.3ED41C2D4A6D3BE3D8A676174063AC0B.e.3806"}]}
COMMAND: POST /session/504404daf6556c94b3cb83283ff70561/execute/sync - {"script":"<script> [5351 bytes]","args":[{"element-6066-11e4-a52e-4f735466cecf":"f.74039697418B55B680EBD40CFFCF13D1.d.3ED41C2D4A6D3BE3D8A676174063AC0B.e.3806","ELEMENT":"f.74039697418B55B680EBD40CFFCF13D1.d.3ED41C2D4A6D3BE3D8A676174063AC0B.e.3806"}]}
COMMAND: GET /session/504404daf6556c94b3cb83283ff70561/screenshot - {}
RESULT: {}
RESULT: {"script":"<script> [5351 bytes]","args":[{"element-6066-11e4-a52e-4f735466cecf":"f.74039697418B55B680EBD40CFFCF13D1.d.3ED41C2D4A6D3BE3D8A676174063AC0B.e.3806","ELEMENT":"f.74039697418B55B680EBD40CFFCF13D1.d.3ED41C2D4A6D3BE3D8A676174063AC0B.e.3806"}]}
COMMAND: POST /session/504404daf6556c94b3cb83283ff70561/element/f.74039697418B55B680EBD40CFFCF13D1.d.3ED41C2D4A6D3BE3D8A676174063AC0B.e.3806/click - {}
COMMAND: GET /session/504404daf6556c94b3cb83283ff70561/screenshot - {}
RESULT: {}
RESULT: {}
COMMAND: GET /session/504404daf6556c94b3cb83283ff70561/screenshot - {}
RESULT: {}
RESULT: {}
COMMAND: POST /session/504404daf6556c94b3cb83283ff70561/actions - {"actions":[{"id":"action12","type":"key","parameters":{},"actions":[{"type":"keyDown","value":""},{"type":"pause","duration":10},{"type":"keyUp","value":""}]}]}
RESULT: {"actions":[{"id":"action12","type":"key","parameters":{},"actions":[{"type":"keyDown","value":""},{"type":"pause","duration":10},{"type":"keyUp","value":""}]}]}
COMMAND: GET /session/504404daf6556c94b3cb83283ff70561/screenshot - {}
RESULT: {}
COMMAND: POST /session/504404daf6556c94b3cb83283ff70561/execute/async - {"script":"<script> [1562 bytes]","args":[{"selector":{"id":"application-manageconditionprice-display-component---newCondition--condBillCond-arrow"},"wdio_ui5_key":"applicationmanageconditionprice-display-component---newCondition--condBillCond-arrow"}]}
RESULT: {"script":"<script> [1562 bytes]","args":[{"selector":{"id":"application-manageconditionprice-display-component---newCondition--condBillCond-arrow"},"wdio_ui5_key":"applicationmanageconditionprice-display-component---newCondition--condBillCond-arrow"}]}
RESULT: undefined
COMMAND: POST /session/504404daf6556c94b3cb83283ff70561/element - {"using":"xpath","value":"//*[@id=\"application-manageconditionprice-display-component---newCondition--condBillCond-arrow\"]"}
RESULT: {"using":"xpath","value":"//*[@id=\"application-manageconditionprice-display-component---newCondition--condBillCond-arrow\"]"}
COMMAND: POST /session/504404daf6556c94b3cb83283ff70561/element/f.74039697418B55B680EBD40CFFCF13D1.d.3ED41C2D4A6D3BE3D8A676174063AC0B.e.3992/click - {}
RESULT: {}
COMMAND: GET /session/504404daf6556c94b3cb83283ff70561/screenshot - {}
RESULT: {}
COMMAND: POST /session/504404daf6556c94b3cb83283ff70561/element - {"using":"xpath","value":"//li[.//span[contains(text(), \"DISP - D&I special price\")]]"}
RESULT: {"using":"xpath","value":"//li[.//span[contains(text(), \"DISP - D&I special price\")]]"}
COMMAND: POST /session/504404daf6556c94b3cb83283ff70561/element/f.74039697418B55B680EBD40CFFCF13D1.d.3ED41C2D4A6D3BE3D8A676174063AC0B.e.3995/click - {}
RESULT: {}
COMMAND: GET /session/504404daf6556c94b3cb83283ff70561/screenshot - {}
RESULT: {}
COMMAND: POST /session/504404daf6556c94b3cb83283ff70561/execute/async - {"script":"<script> [1562 bytes]","args":[{"selector":{"id":"application-manageconditionprice-display-component---newCondition--condValidTo","interaction":{"idSuffix":"inner"}},"wdio_ui5_key":"applicationmanageconditionprice-display-component---newCondition--condValidTo"}]}
RESULT: {"script":"<script> [1562 bytes]","args":[{"selector":{"id":"application-manageconditionprice-display-component---newCondition--condValidTo","interaction":{"idSuffix":"inner"}},"wdio_ui5_key":"applicationmanageconditionprice-display-component---newCondition--condValidTo"}]}
RESULT: undefined
COMMAND: POST /session/504404daf6556c94b3cb83283ff70561/execute/async - {"script":"<script> [776 bytes]","args":[{"enterText":"12/21/25","selector":{"id":"application-manageconditionprice-display-component---newCondition--condValidTo","interaction":{"idSuffix":"inner"}},"clearTextFirst":true,"interactionType":"ENTER_TEXT"}]}
RESULT: {"script":"<script> [776 bytes]","args":[{"enterText":"12/21/25","selector":{"id":"application-manageconditionprice-display-component---newCondition--condValidTo","interaction":{"idSuffix":"inner"}},"clearTextFirst":true,"interactionType":"ENTER_TEXT"}]}
COMMAND: POST /session/504404daf6556c94b3cb83283ff70561/element - {"using":"xpath","value":"//input[@id=\"application-manageconditionprice-display-component---newCondition--condRU-inner\"]"}
RESULT: {"using":"xpath","value":"//input[@id=\"application-manageconditionprice-display-component---newCondition--condRU-inner\"]"}
COMMAND: POST /session/504404daf6556c94b3cb83283ff70561/element/f.74039697418B55B680EBD40CFFCF13D1.d.3ED41C2D4A6D3BE3D8A676174063AC0B.e.3822/clear - {}
RESULT: {}
COMMAND: POST /session/504404daf6556c94b3cb83283ff70561/element/f.74039697418B55B680EBD40CFFCF13D1.d.3ED41C2D4A6D3BE3D8A676174063AC0B.e.3822/value - {"text":"ixBcbNjkcC"}
COMMAND: GET /session/504404daf6556c94b3cb83283ff70561/screenshot - {}
RESULT: {"text":"ixBcbNjkcC"}
COMMAND: GET /session/504404daf6556c94b3cb83283ff70561/screenshot - {}
RESULT: {}
RESULT: {}
COMMAND: POST /session/504404daf6556c94b3cb83283ff70561/actions - {"actions":[{"id":"action13","type":"key","parameters":{},"actions":[{"type":"keyDown","value":""},{"type":"pause","duration":10},{"type":"keyUp","value":""}]}]}
RESULT: {"actions":[{"id":"action13","type":"key","parameters":{},"actions":[{"type":"keyDown","value":""},{"type":"pause","duration":10},{"type":"keyUp","value":""}]}]}
COMMAND: POST /session/504404daf6556c94b3cb83283ff70561/execute/async - {"script":"<script> [1562 bytes]","args":[{"selector":{"id":"application-manageconditionprice-display-component---newCondition--condBaseQty","interaction":{"idSuffix":"inner"}},"wdio_ui5_key":"applicationmanageconditionprice-display-component---newCondition--condBaseQty"}]}
COMMAND: GET /session/504404daf6556c94b3cb83283ff70561/screenshot - {}
RESULT: {"script":"<script> [1562 bytes]","args":[{"selector":{"id":"application-manageconditionprice-display-component---newCondition--condBaseQty","interaction":{"idSuffix":"inner"}},"wdio_ui5_key":"applicationmanageconditionprice-display-component---newCondition--condBaseQty"}]}
RESULT: undefined
COMMAND: POST /session/504404daf6556c94b3cb83283ff70561/execute/async - {"script":"<script> [776 bytes]","args":[{"enterText":"1","selector":{"id":"application-manageconditionprice-display-component---newCondition--condBaseQty","interaction":{"idSuffix":"inner"}},"clearTextFirst":true,"interactionType":"ENTER_TEXT"}]}
RESULT: {}
RESULT: {"script":"<script> [776 bytes]","args":[{"enterText":"1","selector":{"id":"application-manageconditionprice-display-component---newCondition--condBaseQty","interaction":{"idSuffix":"inner"}},"clearTextFirst":true,"interactionType":"ENTER_TEXT"}]}
COMMAND: POST /session/504404daf6556c94b3cb83283ff70561/execute/async - {"script":"<script> [1562 bytes]","args":[{"selector":{"id":"application-manageconditionprice-display-component---newCondition--condValue","interaction":{"idSuffix":"inner"}},"wdio_ui5_key":"applicationmanageconditionprice-display-component---newCondition--condValue"}]}
RESULT: {"script":"<script> [1562 bytes]","args":[{"selector":{"id":"application-manageconditionprice-display-component---newCondition--condValue","interaction":{"idSuffix":"inner"}},"wdio_ui5_key":"applicationmanageconditionprice-display-component---newCondition--condValue"}]}
RESULT: undefined
COMMAND: POST /session/504404daf6556c94b3cb83283ff70561/execute/async - {"script":"<script> [776 bytes]","args":[{"enterText":"100","selector":{"id":"application-manageconditionprice-display-component---newCondition--condValue","interaction":{"idSuffix":"inner"}},"clearTextFirst":true,"interactionType":"ENTER_TEXT"}]}
RESULT: {"script":"<script> [776 bytes]","args":[{"enterText":"100","selector":{"id":"application-manageconditionprice-display-component---newCondition--condValue","interaction":{"idSuffix":"inner"}},"clearTextFirst":true,"interactionType":"ENTER_TEXT"}]}
COMMAND: POST /session/504404daf6556c94b3cb83283ff70561/execute/async - {"script":"<script> [1562 bytes]","args":[{"selector":{"id":"application-manageconditionprice-display-component---newCondition--condCurr-arrow"},"wdio_ui5_key":"applicationmanageconditionprice-display-component---newCondition--condCurr-arrow"}]}
RESULT: {"script":"<script> [1562 bytes]","args":[{"selector":{"id":"application-manageconditionprice-display-component---newCondition--condCurr-arrow"},"wdio_ui5_key":"applicationmanageconditionprice-display-component---newCondition--condCurr-arrow"}]}
RESULT: undefined
COMMAND: POST /session/504404daf6556c94b3cb83283ff70561/element - {"using":"xpath","value":"//*[@id=\"application-manageconditionprice-display-component---newCondition--condCurr-arrow\"]"}
RESULT: {"using":"xpath","value":"//*[@id=\"application-manageconditionprice-display-component---newCondition--condCurr-arrow\"]"}
COMMAND: POST /session/504404daf6556c94b3cb83283ff70561/element/f.74039697418B55B680EBD40CFFCF13D1.d.3ED41C2D4A6D3BE3D8A676174063AC0B.e.3945/click - {}
RESULT: {}
COMMAND: POST /session/504404daf6556c94b3cb83283ff70561/element - {"using":"xpath","value":"//span[contains(text(), \"Euro\")]"}
COMMAND: GET /session/504404daf6556c94b3cb83283ff70561/screenshot - {}
RESULT: {"using":"xpath","value":"//span[contains(text(), \"Euro\")]"}
COMMAND: POST /session/504404daf6556c94b3cb83283ff70561/element/f.74039697418B55B680EBD40CFFCF13D1.d.3ED41C2D4A6D3BE3D8A676174063AC0B.e.4032/click - {}
RESULT: {}
RESULT: {}
COMMAND: POST /session/504404daf6556c94b3cb83283ff70561/element - {"using":"xpath","value":"//button[@data-kt=\"saveButton\"]"}
COMMAND: GET /session/504404daf6556c94b3cb83283ff70561/screenshot - {}
RESULT: {}
RESULT: {"using":"xpath","value":"//button[@data-kt=\"saveButton\"]"}
COMMAND: POST /session/504404daf6556c94b3cb83283ff70561/element/f.74039697418B55B680EBD40CFFCF13D1.d.3ED41C2D4A6D3BE3D8A676174063AC0B.e.3946/click - {}
RESULT: {}
COMMAND: GET /session/504404daf6556c94b3cb83283ff70561/screenshot - {}
RESULT: {}
COMMAND: POST /session/504404daf6556c94b3cb83283ff70561/execute/async - {"script":"<script> [1562 bytes]","args":[{"selector":{"id":"application-manageconditionprice-display-component---conditions--smartFilterBar-btnBasicSearch","interaction":{"idSuffix":"I"}},"wdio_ui5_key":"applicationmanageconditionprice-display-component---conditions--smartFilterBar-btnBasicSearch"}]}
RESULT: {"script":"<script> [1562 bytes]","args":[{"selector":{"id":"application-manageconditionprice-display-component---conditions--smartFilterBar-btnBasicSearch","interaction":{"idSuffix":"I"}},"wdio_ui5_key":"applicationmanageconditionprice-display-component---conditions--smartFilterBar-btnBasicSearch"}]}
RESULT: undefined
COMMAND: POST /session/504404daf6556c94b3cb83283ff70561/execute/async - {"script":"<script> [776 bytes]","args":[{"enterText":"ixBcbNjkcC","selector":{"id":"application-manageconditionprice-display-component---conditions--smartFilterBar-btnBasicSearch","interaction":{"idSuffix":"I"}},"clearTextFirst":true,"interactionType":"ENTER_TEXT"}]}
RESULT: {"script":"<script> [776 bytes]","args":[{"enterText":"ixBcbNjkcC","selector":{"id":"application-manageconditionprice-display-component---conditions--smartFilterBar-btnBasicSearch","interaction":{"idSuffix":"I"}},"clearTextFirst":true,"interactionType":"ENTER_TEXT"}]}
COMMAND: POST /session/504404daf6556c94b3cb83283ff70561/actions - {"actions":[{"id":"action14","type":"key","parameters":{},"actions":[{"type":"keyDown","value":""},{"type":"pause","duration":10},{"type":"keyUp","value":""}]}]}
RESULT: {"actions":[{"id":"action14","type":"key","parameters":{},"actions":[{"type":"keyDown","value":""},{"type":"pause","duration":10},{"type":"keyUp","value":""}]}]}
COMMAND: GET /session/504404daf6556c94b3cb83283ff70561/screenshot - {}
RESULT: {}
COMMAND: POST /session/504404daf6556c94b3cb83283ff70561/execute/async - {"script":"<script> [1562 bytes]","args":[{"selector":{"id":"application-manageconditionprice-display-component---conditions--smartFilterBar-filterItemControl_BASIC-BILL_TYPES-vhi"},"wdio_ui5_key":"applicationmanageconditionprice-display-component---conditions--smartFilterBar-filterItemControl_BASIC-BILL_TYPES-vhi"}]}
RESULT: {"script":"<script> [1562 bytes]","args":[{"selector":{"id":"application-manageconditionprice-display-component---conditions--smartFilterBar-filterItemControl_BASIC-BILL_TYPES-vhi"},"wdio_ui5_key":"applicationmanageconditionprice-display-component---conditions--smartFilterBar-filterItemControl_BASIC-BILL_TYPES-vhi"}]}
RESULT: undefined
COMMAND: POST /session/504404daf6556c94b3cb83283ff70561/element - {"using":"xpath","value":"//*[@id=\"application-manageconditionprice-display-component---conditions--smartFilterBar-filterItemControl_BASIC-BILL_TYPES-vhi\"]"}
RESULT: {"using":"xpath","value":"//*[@id=\"application-manageconditionprice-display-component---conditions--smartFilterBar-filterItemControl_BASIC-BILL_TYPES-vhi\"]"}
COMMAND: POST /session/504404daf6556c94b3cb83283ff70561/element/f.74039697418B55B680EBD40CFFCF13D1.d.3ED41C2D4A6D3BE3D8A676174063AC0B.e.4048/click - {}
RESULT: {}
COMMAND: POST /session/504404daf6556c94b3cb83283ff70561/execute/async - {"script":"<script> [1562 bytes]","args":[{"selector":{"id":"application-manageconditionprice-display-component---conditions--smartFilterBar-filterItemControl_BASIC-BILL_TYPES-valueHelpDialog-smartFilterBar-btnBasicSearch","searchOpenDialogs":true,"interaction":{"idSuffix":"I"}},"wdio_ui5_key":"applicationmanageconditionprice-display-component---conditions--smartFilterBar-filterItemControl_BASIC-BILL_TYPES-valueHelpDialog-smartFilterBar-btnBasicSearch"}]}
COMMAND: GET /session/504404daf6556c94b3cb83283ff70561/screenshot - {}
RESULT: {"script":"<script> [1562 bytes]","args":[{"selector":{"id":"application-manageconditionprice-display-component---conditions--smartFilterBar-filterItemControl_BASIC-BILL_TYPES-valueHelpDialog-smartFilterBar-btnBasicSearch","searchOpenDialogs":true,"interaction":{"idSuffix":"I"}},"wdio_ui5_key":"applicationmanageconditionprice-display-component---conditions--smartFilterBar-filterItemControl_BASIC-BILL_TYPES-valueHelpDialog-smartFilterBar-btnBasicSearch"}]}
RESULT: undefined
COMMAND: POST /session/504404daf6556c94b3cb83283ff70561/execute/async - {"script":"<script> [776 bytes]","args":[{"enterText":"TB","selector":{"id":"application-manageconditionprice-display-component---conditions--smartFilterBar-filterItemControl_BASIC-BILL_TYPES-valueHelpDialog-smartFilterBar-btnBasicSearch","searchOpenDialogs":true,"interaction":{"idSuffix":"I"}},"clearTextFirst":true,"interactionType":"ENTER_TEXT"}]}
RESULT: {}
RESULT: {"script":"<script> [776 bytes]","args":[{"enterText":"TB","selector":{"id":"application-manageconditionprice-display-component---conditions--smartFilterBar-filterItemControl_BASIC-BILL_TYPES-valueHelpDialog-smartFilterBar-btnBasicSearch","searchOpenDialogs":true,"interaction":{"idSuffix":"I"}},"clearTextFirst":true,"interactionType":"ENTER_TEXT"}]}
COMMAND: POST /session/504404daf6556c94b3cb83283ff70561/actions - {"actions":[{"id":"action15","type":"key","parameters":{},"actions":[{"type":"keyDown","value":""},{"type":"pause","duration":10},{"type":"keyUp","value":""}]}]}
RESULT: {"actions":[{"id":"action15","type":"key","parameters":{},"actions":[{"type":"keyDown","value":""},{"type":"pause","duration":10},{"type":"keyUp","value":""}]}]}
COMMAND: GET /session/504404daf6556c94b3cb83283ff70561/screenshot - {}
RESULT: {}
COMMAND: POST /session/504404daf6556c94b3cb83283ff70561/element - {"using":"xpath","value":"//div[contains(@id, 'application-manageconditionprice-display-component---conditions--smartFilterBar-filterItemControl_BASIC-BILL_TYPES-valueHelpDialog-table-rowsel0')]"}
RESULT: {"using":"xpath","value":"//div[contains(@id, 'application-manageconditionprice-display-component---conditions--smartFilterBar-filterItemControl_BASIC-BILL_TYPES-valueHelpDialog-table-rowsel0')]"}
COMMAND: POST /session/504404daf6556c94b3cb83283ff70561/element/f.74039697418B55B680EBD40CFFCF13D1.d.3ED41C2D4A6D3BE3D8A676174063AC0B.e.4057/click - {}
RESULT: {}
COMMAND: GET /session/504404daf6556c94b3cb83283ff70561/screenshot - {}
RESULT: {}
COMMAND: POST /session/504404daf6556c94b3cb83283ff70561/element - {"using":"xpath","value":"//bdi[contains(text(), \"OK\")]"}
RESULT: {"using":"xpath","value":"//bdi[contains(text(), \"OK\")]"}
COMMAND: POST /session/504404daf6556c94b3cb83283ff70561/element/f.74039697418B55B680EBD40CFFCF13D1.d.3ED41C2D4A6D3BE3D8A676174063AC0B.e.4059/click - {}
RESULT: {}
COMMAND: GET /session/504404daf6556c94b3cb83283ff70561/screenshot - {}
RESULT: {}
COMMAND: POST /session/504404daf6556c94b3cb83283ff70561/element - {"using":"xpath","value":"//span[@id=\"application-manageconditionprice-display-component---conditions--smartTable-header-inner\"]"}
RESULT: {"using":"xpath","value":"//span[@id=\"application-manageconditionprice-display-component---conditions--smartTable-header-inner\"]"}
COMMAND: POST /session/504404daf6556c94b3cb83283ff70561/elements - {"using":"xpath","value":"//span[@id=\"application-manageconditionprice-display-component---conditions--smartTable-header-inner\"]"}
RESULT: {"using":"xpath","value":"//span[@id=\"application-manageconditionprice-display-component---conditions--smartTable-header-inner\"]"}
COMMAND: POST /session/504404daf6556c94b3cb83283ff70561/execute/sync - {"script":"<script> [56 bytes]","args":[{"element-6066-11e4-a52e-4f735466cecf":"f.74039697418B55B680EBD40CFFCF13D1.d.3ED41C2D4A6D3BE3D8A676174063AC0B.e.4062","ELEMENT":"f.74039697418B55B680EBD40CFFCF13D1.d.3ED41C2D4A6D3BE3D8A676174063AC0B.e.4062"}]}
RESULT: {"script":"<script> [56 bytes]","args":[{"element-6066-11e4-a52e-4f735466cecf":"f.74039697418B55B680EBD40CFFCF13D1.d.3ED41C2D4A6D3BE3D8A676174063AC0B.e.4062","ELEMENT":"f.74039697418B55B680EBD40CFFCF13D1.d.3ED41C2D4A6D3BE3D8A676174063AC0B.e.4062"}]}
COMMAND: POST /session/504404daf6556c94b3cb83283ff70561/element - {"using":"css selector","value":"#shell-header-logo"}
COMMAND: GET /session/504404daf6556c94b3cb83283ff70561/screenshot - {}
RESULT: {"using":"css selector","value":"#shell-header-logo"}
COMMAND: POST /session/504404daf6556c94b3cb83283ff70561/element/f.74039697418B55B680EBD40CFFCF13D1.d.3ED41C2D4A6D3BE3D8A676174063AC0B.e.3773/click - {}
RESULT: {}
RESULT: {}
COMMAND: GET /session/504404daf6556c94b3cb83283ff70561/screenshot - {}
RESULT: {}
]]></system-out>
    </testcase>
    <testcase classname="chrome.135_0_7049_42.windows.Billing_Transfer_-_Master_data_&amp;_Intercompany_US127250" name="Should do a stock increase" time="101.976">
      <system-out><![CDATA[
COMMAND: POST /session/504404daf6556c94b3cb83283ff70561/execute/async - {"script":"<script> [1562 bytes]","args":[{"selector":{"controlType":"sap.m.Text","viewName":"etm.portal.ui.managehandoverstile.view.Master","properties":{"text":"Manage Handovers"},"interaction":{"idSuffix":"inner"}},"wdio_ui5_key":"etmportal.ui.managehandoverstile.view.Mastersap.m.Text{\"text\":\"Manage Handovers\"}"}]}
RESULT: {"script":"<script> [1562 bytes]","args":[{"selector":{"controlType":"sap.m.Text","viewName":"etm.portal.ui.managehandoverstile.view.Master","properties":{"text":"Manage Handovers"},"interaction":{"idSuffix":"inner"}},"wdio_ui5_key":"etmportal.ui.managehandoverstile.view.Mastersap.m.Text{\"text\":\"Manage Handovers\"}"}]}
RESULT: undefined
COMMAND: POST /session/504404daf6556c94b3cb83283ff70561/element - {"using":"xpath","value":"//*[@id=\"__tile131-title\"]"}
RESULT: {"using":"xpath","value":"//*[@id=\"__tile131-title\"]"}
COMMAND: POST /session/504404daf6556c94b3cb83283ff70561/element/f.74039697418B55B680EBD40CFFCF13D1.d.3ED41C2D4A6D3BE3D8A676174063AC0B.e.4067/click - {}
RESULT: {}
COMMAND: POST /session/504404daf6556c94b3cb83283ff70561/element - {"using":"xpath","value":"//button[@data-kt=\"masterHOAddButton\"]"}
COMMAND: GET /session/504404daf6556c94b3cb83283ff70561/screenshot - {}
RESULT: {"using":"xpath","value":"//button[@data-kt=\"masterHOAddButton\"]"}
COMMAND: POST /session/504404daf6556c94b3cb83283ff70561/elements - {"using":"xpath","value":"//button[@data-kt=\"masterHOAddButton\"]"}
RESULT: {}
RESULT: {"using":"xpath","value":"//button[@data-kt=\"masterHOAddButton\"]"}
COMMAND: POST /session/504404daf6556c94b3cb83283ff70561/elements - {"using":"xpath","value":"//button[@data-kt=\"masterHOAddButton\"]"}
RESULT: {"using":"xpath","value":"//button[@data-kt=\"masterHOAddButton\"]"}
COMMAND: POST /session/504404daf6556c94b3cb83283ff70561/elements - {"using":"xpath","value":"//button[@data-kt=\"masterHOAddButton\"]"}
RESULT: {"using":"xpath","value":"//button[@data-kt=\"masterHOAddButton\"]"}
COMMAND: POST /session/504404daf6556c94b3cb83283ff70561/elements - {"using":"xpath","value":"//button[@data-kt=\"masterHOAddButton\"]"}
RESULT: {"using":"xpath","value":"//button[@data-kt=\"masterHOAddButton\"]"}
COMMAND: POST /session/504404daf6556c94b3cb83283ff70561/elements - {"using":"xpath","value":"//button[@data-kt=\"masterHOAddButton\"]"}
RESULT: {"using":"xpath","value":"//button[@data-kt=\"masterHOAddButton\"]"}
COMMAND: POST /session/504404daf6556c94b3cb83283ff70561/elements - {"using":"xpath","value":"//button[@data-kt=\"masterHOAddButton\"]"}
RESULT: {"using":"xpath","value":"//button[@data-kt=\"masterHOAddButton\"]"}
COMMAND: POST /session/504404daf6556c94b3cb83283ff70561/elements - {"using":"xpath","value":"//button[@data-kt=\"masterHOAddButton\"]"}
RESULT: {"using":"xpath","value":"//button[@data-kt=\"masterHOAddButton\"]"}
COMMAND: POST /session/504404daf6556c94b3cb83283ff70561/elements - {"using":"xpath","value":"//button[@data-kt=\"masterHOAddButton\"]"}
RESULT: {"using":"xpath","value":"//button[@data-kt=\"masterHOAddButton\"]"}
COMMAND: POST /session/504404daf6556c94b3cb83283ff70561/elements - {"using":"xpath","value":"//button[@data-kt=\"masterHOAddButton\"]"}
RESULT: {"using":"xpath","value":"//button[@data-kt=\"masterHOAddButton\"]"}
COMMAND: POST /session/504404daf6556c94b3cb83283ff70561/elements - {"using":"xpath","value":"//button[@data-kt=\"masterHOAddButton\"]"}
RESULT: {"using":"xpath","value":"//button[@data-kt=\"masterHOAddButton\"]"}
COMMAND: POST /session/504404daf6556c94b3cb83283ff70561/elements - {"using":"xpath","value":"//button[@data-kt=\"masterHOAddButton\"]"}
RESULT: {"using":"xpath","value":"//button[@data-kt=\"masterHOAddButton\"]"}
COMMAND: POST /session/504404daf6556c94b3cb83283ff70561/elements - {"using":"xpath","value":"//button[@data-kt=\"masterHOAddButton\"]"}
RESULT: {"using":"xpath","value":"//button[@data-kt=\"masterHOAddButton\"]"}
COMMAND: POST /session/504404daf6556c94b3cb83283ff70561/elements - {"using":"xpath","value":"//button[@data-kt=\"masterHOAddButton\"]"}
RESULT: {"using":"xpath","value":"//button[@data-kt=\"masterHOAddButton\"]"}
COMMAND: POST /session/504404daf6556c94b3cb83283ff70561/elements - {"using":"xpath","value":"//button[@data-kt=\"masterHOAddButton\"]"}
RESULT: {"using":"xpath","value":"//button[@data-kt=\"masterHOAddButton\"]"}
COMMAND: POST /session/504404daf6556c94b3cb83283ff70561/elements - {"using":"xpath","value":"//button[@data-kt=\"masterHOAddButton\"]"}
RESULT: {"using":"xpath","value":"//button[@data-kt=\"masterHOAddButton\"]"}
COMMAND: POST /session/504404daf6556c94b3cb83283ff70561/element - {"using":"xpath","value":"//button[@data-kt=\"masterHOAddButton\"]"}
RESULT: {"using":"xpath","value":"//button[@data-kt=\"masterHOAddButton\"]"}
COMMAND: POST /session/504404daf6556c94b3cb83283ff70561/execute/sync - {"script":"<script> [8489 bytes]","args":[{"element-6066-11e4-a52e-4f735466cecf":"f.74039697418B55B680EBD40CFFCF13D1.d.3ED41C2D4A6D3BE3D8A676174063AC0B.e.4107","ELEMENT":"f.74039697418B55B680EBD40CFFCF13D1.d.3ED41C2D4A6D3BE3D8A676174063AC0B.e.4107"}]}
RESULT: {"script":"<script> [8489 bytes]","args":[{"element-6066-11e4-a52e-4f735466cecf":"f.74039697418B55B680EBD40CFFCF13D1.d.3ED41C2D4A6D3BE3D8A676174063AC0B.e.4107","ELEMENT":"f.74039697418B55B680EBD40CFFCF13D1.d.3ED41C2D4A6D3BE3D8A676174063AC0B.e.4107"}]}
COMMAND: GET /session/504404daf6556c94b3cb83283ff70561/element/f.74039697418B55B680EBD40CFFCF13D1.d.3ED41C2D4A6D3BE3D8A676174063AC0B.e.4107/enabled - {}
COMMAND: GET /session/504404daf6556c94b3cb83283ff70561/screenshot - {}
RESULT: {}
COMMAND: POST /session/504404daf6556c94b3cb83283ff70561/execute/sync - {"script":"<script> [8489 bytes]","args":[{"element-6066-11e4-a52e-4f735466cecf":"f.74039697418B55B680EBD40CFFCF13D1.d.3ED41C2D4A6D3BE3D8A676174063AC0B.e.4107","ELEMENT":"f.74039697418B55B680EBD40CFFCF13D1.d.3ED41C2D4A6D3BE3D8A676174063AC0B.e.4107"}]}
COMMAND: GET /session/504404daf6556c94b3cb83283ff70561/screenshot - {}
RESULT: {}
RESULT: {"script":"<script> [8489 bytes]","args":[{"element-6066-11e4-a52e-4f735466cecf":"f.74039697418B55B680EBD40CFFCF13D1.d.3ED41C2D4A6D3BE3D8A676174063AC0B.e.4107","ELEMENT":"f.74039697418B55B680EBD40CFFCF13D1.d.3ED41C2D4A6D3BE3D8A676174063AC0B.e.4107"}]}
COMMAND: POST /session/504404daf6556c94b3cb83283ff70561/execute/sync - {"script":"<script> [5351 bytes]","args":[{"element-6066-11e4-a52e-4f735466cecf":"f.74039697418B55B680EBD40CFFCF13D1.d.3ED41C2D4A6D3BE3D8A676174063AC0B.e.4107","ELEMENT":"f.74039697418B55B680EBD40CFFCF13D1.d.3ED41C2D4A6D3BE3D8A676174063AC0B.e.4107"}]}
COMMAND: GET /session/504404daf6556c94b3cb83283ff70561/screenshot - {}
RESULT: {}
RESULT: {"script":"<script> [5351 bytes]","args":[{"element-6066-11e4-a52e-4f735466cecf":"f.74039697418B55B680EBD40CFFCF13D1.d.3ED41C2D4A6D3BE3D8A676174063AC0B.e.4107","ELEMENT":"f.74039697418B55B680EBD40CFFCF13D1.d.3ED41C2D4A6D3BE3D8A676174063AC0B.e.4107"}]}
COMMAND: POST /session/504404daf6556c94b3cb83283ff70561/element/f.74039697418B55B680EBD40CFFCF13D1.d.3ED41C2D4A6D3BE3D8A676174063AC0B.e.4107/click - {}
COMMAND: GET /session/504404daf6556c94b3cb83283ff70561/screenshot - {}
RESULT: {}
RESULT: {}
COMMAND: GET /session/504404daf6556c94b3cb83283ff70561/screenshot - {}
RESULT: {}
RESULT: {}
COMMAND: POST /session/504404daf6556c94b3cb83283ff70561/element - {"using":"xpath","value":"//span[contains(@id ,\"AddNewHO--typeSelect-arrow\")]"}
RESULT: {"using":"xpath","value":"//span[contains(@id ,\"AddNewHO--typeSelect-arrow\")]"}
COMMAND: POST /session/504404daf6556c94b3cb83283ff70561/element/f.74039697418B55B680EBD40CFFCF13D1.d.3ED41C2D4A6D3BE3D8A676174063AC0B.e.4440/click - {}
RESULT: {}
COMMAND: GET /session/504404daf6556c94b3cb83283ff70561/screenshot - {}
RESULT: {}
COMMAND: POST /session/504404daf6556c94b3cb83283ff70561/element - {"using":"xpath","value":"(//li[contains(text(), \"stock increase yard\")])[1]"}
RESULT: {"using":"xpath","value":"(//li[contains(text(), \"stock increase yard\")])[1]"}
COMMAND: POST /session/504404daf6556c94b3cb83283ff70561/element/f.74039697418B55B680EBD40CFFCF13D1.d.3ED41C2D4A6D3BE3D8A676174063AC0B.e.4441/click - {}
RESULT: {}
COMMAND: GET /session/504404daf6556c94b3cb83283ff70561/screenshot - {}
RESULT: {}
COMMAND: POST /session/504404daf6556c94b3cb83283ff70561/execute/async - {"script":"<script> [1562 bytes]","args":[{"selector":{"id":"application-managehandovers-display-component---AddNewHO--dueDate","interaction":{"idSuffix":"inner"}},"wdio_ui5_key":"applicationmanagehandovers-display-component---AddNewHO--dueDate"}]}
RESULT: {"script":"<script> [1562 bytes]","args":[{"selector":{"id":"application-managehandovers-display-component---AddNewHO--dueDate","interaction":{"idSuffix":"inner"}},"wdio_ui5_key":"applicationmanagehandovers-display-component---AddNewHO--dueDate"}]}
RESULT: undefined
COMMAND: POST /session/504404daf6556c94b3cb83283ff70561/execute/async - {"script":"<script> [6424 bytes]","args":[{"element-6066-11e4-a52e-4f735466cecf":"f.74039697418B55B680EBD40CFFCF13D1.d.3ED41C2D4A6D3BE3D8A676174063AC0B.e.4445"},"setValue",["04/21/2025"]]}
RESULT: {"script":"<script> [6424 bytes]","args":[{"element-6066-11e4-a52e-4f735466cecf":"f.74039697418B55B680EBD40CFFCF13D1.d.3ED41C2D4A6D3BE3D8A676174063AC0B.e.4445"},"setValue",["04/21/2025"]]}
COMMAND: POST /session/504404daf6556c94b3cb83283ff70561/element - {"using":"xpath","value":"//input[@id=\"generalSectionFrg--receiveYard-inner\"]"}
RESULT: {"using":"xpath","value":"//input[@id=\"generalSectionFrg--receiveYard-inner\"]"}
COMMAND: POST /session/504404daf6556c94b3cb83283ff70561/element/f.74039697418B55B680EBD40CFFCF13D1.d.3ED41C2D4A6D3BE3D8A676174063AC0B.e.4451/clear - {}
RESULT: {}
COMMAND: POST /session/504404daf6556c94b3cb83283ff70561/element/f.74039697418B55B680EBD40CFFCF13D1.d.3ED41C2D4A6D3BE3D8A676174063AC0B.e.4451/value - {"text":"647"}
COMMAND: GET /session/504404daf6556c94b3cb83283ff70561/screenshot - {}
RESULT: {"text":"647"}
COMMAND: GET /session/504404daf6556c94b3cb83283ff70561/screenshot - {}
RESULT: {}
RESULT: {}
COMMAND: POST /session/504404daf6556c94b3cb83283ff70561/element - {"using":"xpath","value":"//li[.//span[text()='647']]"}
RESULT: {"using":"xpath","value":"//li[.//span[text()='647']]"}
COMMAND: POST /session/504404daf6556c94b3cb83283ff70561/element/f.74039697418B55B680EBD40CFFCF13D1.d.3ED41C2D4A6D3BE3D8A676174063AC0B.e.4466/click - {}
RESULT: {}
COMMAND: GET /session/504404daf6556c94b3cb83283ff70561/screenshot - {}
RESULT: {}
COMMAND: POST /session/504404daf6556c94b3cb83283ff70561/execute/async - {"script":"<script> [1562 bytes]","args":[{"selector":{"id":"application-managehandovers-display-component---AddNewHO--ObjectPageLayout-anchBar-application-managehandovers-display-component---AddNewHO--section4-anchor","interaction":{"idSuffix":"BDI-content"}},"wdio_ui5_key":"applicationmanagehandovers-display-component---AddNewHO--ObjectPageLayout-anchBar-application-managehandovers-display-component---AddNewHO--section4-anchor"}]}
RESULT: {"script":"<script> [1562 bytes]","args":[{"selector":{"id":"application-managehandovers-display-component---AddNewHO--ObjectPageLayout-anchBar-application-managehandovers-display-component---AddNewHO--section4-anchor","interaction":{"idSuffix":"BDI-content"}},"wdio_ui5_key":"applicationmanagehandovers-display-component---AddNewHO--ObjectPageLayout-anchBar-application-managehandovers-display-component---AddNewHO--section4-anchor"}]}
RESULT: undefined
COMMAND: POST /session/504404daf6556c94b3cb83283ff70561/element - {"using":"xpath","value":"//*[@id=\"application-managehandovers-display-component---AddNewHO--ObjectPageLayout-anchBar-application-managehandovers-display-component---AddNewHO--section4-anchor\"]"}
RESULT: {"using":"xpath","value":"//*[@id=\"application-managehandovers-display-component---AddNewHO--ObjectPageLayout-anchBar-application-managehandovers-display-component---AddNewHO--section4-anchor\"]"}
COMMAND: POST /session/504404daf6556c94b3cb83283ff70561/element/f.74039697418B55B680EBD40CFFCF13D1.d.3ED41C2D4A6D3BE3D8A676174063AC0B.e.4468/click - {}
RESULT: {}
COMMAND: POST /session/504404daf6556c94b3cb83283ff70561/element - {"using":"xpath","value":"//button[@aria-label=\"Add\"]"}
COMMAND: GET /session/504404daf6556c94b3cb83283ff70561/screenshot - {}
RESULT: {"using":"xpath","value":"//button[@aria-label=\"Add\"]"}
COMMAND: POST /session/504404daf6556c94b3cb83283ff70561/element/f.74039697418B55B680EBD40CFFCF13D1.d.3ED41C2D4A6D3BE3D8A676174063AC0B.e.4471/click - {}
RESULT: {}
RESULT: {}
COMMAND: GET /session/504404daf6556c94b3cb83283ff70561/screenshot - {}
RESULT: {}
COMMAND: POST /session/504404daf6556c94b3cb83283ff70561/execute/async - {"script":"<script> [1562 bytes]","args":[{"selector":{"id":"application-managehandovers-display-component---AddNewHO--smartFilterBar-btnBasicSearch","searchOpenDialogs":true,"interaction":{"idSuffix":"I"}},"wdio_ui5_key":"applicationmanagehandovers-display-component---AddNewHO--smartFilterBar-btnBasicSearch"}]}
RESULT: {"script":"<script> [1562 bytes]","args":[{"selector":{"id":"application-managehandovers-display-component---AddNewHO--smartFilterBar-btnBasicSearch","searchOpenDialogs":true,"interaction":{"idSuffix":"I"}},"wdio_ui5_key":"applicationmanagehandovers-display-component---AddNewHO--smartFilterBar-btnBasicSearch"}]}
RESULT: undefined
COMMAND: POST /session/504404daf6556c94b3cb83283ff70561/execute/async - {"script":"<script> [776 bytes]","args":[{"enterText":"ixBcbNjkcC","selector":{"id":"application-managehandovers-display-component---AddNewHO--smartFilterBar-btnBasicSearch","searchOpenDialogs":true,"interaction":{"idSuffix":"I"}},"clearTextFirst":true,"interactionType":"ENTER_TEXT"}]}
RESULT: {"script":"<script> [776 bytes]","args":[{"enterText":"ixBcbNjkcC","selector":{"id":"application-managehandovers-display-component---AddNewHO--smartFilterBar-btnBasicSearch","searchOpenDialogs":true,"interaction":{"idSuffix":"I"}},"clearTextFirst":true,"interactionType":"ENTER_TEXT"}]}
COMMAND: POST /session/504404daf6556c94b3cb83283ff70561/actions - {"actions":[{"id":"action16","type":"key","parameters":{},"actions":[{"type":"keyDown","value":""},{"type":"pause","duration":10},{"type":"keyUp","value":""}]}]}
RESULT: {"actions":[{"id":"action16","type":"key","parameters":{},"actions":[{"type":"keyDown","value":""},{"type":"pause","duration":10},{"type":"keyUp","value":""}]}]}
COMMAND: GET /session/504404daf6556c94b3cb83283ff70561/screenshot - {}
RESULT: {}
COMMAND: POST /session/504404daf6556c94b3cb83283ff70561/execute/async - {"script":"<script> [1562 bytes]","args":[{"selector":{"id":"application-managehandovers-display-component---AddNewHO--popup-sa","searchOpenDialogs":true,"interaction":{"idSuffix":"CbBg"}},"wdio_ui5_key":"applicationmanagehandovers-display-component---AddNewHO--popup-sa"}]}
RESULT: {"script":"<script> [1562 bytes]","args":[{"selector":{"id":"application-managehandovers-display-component---AddNewHO--popup-sa","searchOpenDialogs":true,"interaction":{"idSuffix":"CbBg"}},"wdio_ui5_key":"applicationmanagehandovers-display-component---AddNewHO--popup-sa"}]}
RESULT: undefined
COMMAND: POST /session/504404daf6556c94b3cb83283ff70561/element - {"using":"xpath","value":"//*[@id=\"application-managehandovers-display-component---AddNewHO--popup-sa\"]"}
RESULT: {"using":"xpath","value":"//*[@id=\"application-managehandovers-display-component---AddNewHO--popup-sa\"]"}
COMMAND: POST /session/504404daf6556c94b3cb83283ff70561/element/f.74039697418B55B680EBD40CFFCF13D1.d.3ED41C2D4A6D3BE3D8A676174063AC0B.e.4625/click - {}
RESULT: {}
COMMAND: GET /session/504404daf6556c94b3cb83283ff70561/screenshot - {}
RESULT: {}
COMMAND: POST /session/504404daf6556c94b3cb83283ff70561/element - {"using":"xpath","value":"//bdi[contains(text(), \"Select\")]"}
RESULT: {"using":"xpath","value":"//bdi[contains(text(), \"Select\")]"}
COMMAND: POST /session/504404daf6556c94b3cb83283ff70561/element/f.74039697418B55B680EBD40CFFCF13D1.d.3ED41C2D4A6D3BE3D8A676174063AC0B.e.4626/click - {}
RESULT: {}
COMMAND: GET /session/504404daf6556c94b3cb83283ff70561/screenshot - {}
RESULT: {}
COMMAND: POST /session/504404daf6556c94b3cb83283ff70561/element - {"using":"xpath","value":"//button[@data-kt=\"AddNewHOSaveButton\"]"}
RESULT: {"using":"xpath","value":"//button[@data-kt=\"AddNewHOSaveButton\"]"}
COMMAND: POST /session/504404daf6556c94b3cb83283ff70561/element/f.74039697418B55B680EBD40CFFCF13D1.d.3ED41C2D4A6D3BE3D8A676174063AC0B.e.4630/click - {}
RESULT: {}
COMMAND: GET /session/504404daf6556c94b3cb83283ff70561/screenshot - {}
RESULT: {}
COMMAND: POST /session/504404daf6556c94b3cb83283ff70561/execute/async - {"script":"<script> [1562 bytes]","args":[{"selector":{"id":"receiptDatePicker","viewName":"etm.portal.ui.managehandovers.view.DetailExecuteHO","interaction":{"idSuffix":"inner"}},"wdio_ui5_key":"receiptDatePickeretmportal.ui.managehandovers.view.DetailExecuteHO"}]}
RESULT: {"script":"<script> [1562 bytes]","args":[{"selector":{"id":"receiptDatePicker","viewName":"etm.portal.ui.managehandovers.view.DetailExecuteHO","interaction":{"idSuffix":"inner"}},"wdio_ui5_key":"receiptDatePickeretmportal.ui.managehandovers.view.DetailExecuteHO"}]}
RESULT: undefined
COMMAND: POST /session/504404daf6556c94b3cb83283ff70561/execute/async - {"script":"<script> [6424 bytes]","args":[{"element-6066-11e4-a52e-4f735466cecf":"f.74039697418B55B680EBD40CFFCF13D1.d.3ED41C2D4A6D3BE3D8A676174063AC0B.e.4658"},"setValue",["04/21/2025"]]}
RESULT: {"script":"<script> [6424 bytes]","args":[{"element-6066-11e4-a52e-4f735466cecf":"f.74039697418B55B680EBD40CFFCF13D1.d.3ED41C2D4A6D3BE3D8A676174063AC0B.e.4658"},"setValue",["04/21/2025"]]}
COMMAND: POST /session/504404daf6556c94b3cb83283ff70561/element - {"using":"xpath","value":"//button[@data-kt=\"PickingTableConfirmAllButton\"]"}
RESULT: {"using":"xpath","value":"//button[@data-kt=\"PickingTableConfirmAllButton\"]"}
COMMAND: POST /session/504404daf6556c94b3cb83283ff70561/element/f.74039697418B55B680EBD40CFFCF13D1.d.3ED41C2D4A6D3BE3D8A676174063AC0B.e.4673/click - {}
RESULT: {}
COMMAND: GET /session/504404daf6556c94b3cb83283ff70561/screenshot - {}
RESULT: {}
COMMAND: POST /session/504404daf6556c94b3cb83283ff70561/element - {"using":"xpath","value":"//bdi[contains(text(), \"OK\")]"}
RESULT: {"using":"xpath","value":"//bdi[contains(text(), \"OK\")]"}
COMMAND: POST /session/504404daf6556c94b3cb83283ff70561/element/f.74039697418B55B680EBD40CFFCF13D1.d.3ED41C2D4A6D3BE3D8A676174063AC0B.e.4675/click - {}
RESULT: {}
COMMAND: GET /session/504404daf6556c94b3cb83283ff70561/screenshot - {}
RESULT: {}
COMMAND: POST /session/504404daf6556c94b3cb83283ff70561/element - {"using":"xpath","value":"(//bdi[contains(text(), \"Receive\")])[2]"}
RESULT: {"using":"xpath","value":"(//bdi[contains(text(), \"Receive\")])[2]"}
COMMAND: POST /session/504404daf6556c94b3cb83283ff70561/element/f.74039697418B55B680EBD40CFFCF13D1.d.3ED41C2D4A6D3BE3D8A676174063AC0B.e.4677/click - {}
RESULT: {}
COMMAND: GET /session/504404daf6556c94b3cb83283ff70561/screenshot - {}
RESULT: {}
COMMAND: POST /session/504404daf6556c94b3cb83283ff70561/element - {"using":"css selector","value":"#shell-header-logo"}
RESULT: {"using":"css selector","value":"#shell-header-logo"}
COMMAND: POST /session/504404daf6556c94b3cb83283ff70561/element/f.74039697418B55B680EBD40CFFCF13D1.d.3ED41C2D4A6D3BE3D8A676174063AC0B.e.4070/click - {}
RESULT: {}
COMMAND: GET /session/504404daf6556c94b3cb83283ff70561/screenshot - {}
RESULT: {}
]]></system-out>
    </testcase>
    <testcase classname="chrome.135_0_7049_42.windows.Billing_Transfer_-_Master_data_&amp;_Intercompany_US127250" name="Should create a new contract" time="78.507">
      <system-out><![CDATA[
COMMAND: POST /session/504404daf6556c94b3cb83283ff70561/execute/async - {"script":"<script> [1562 bytes]","args":[{"selector":{"controlType":"sap.m.Text","viewName":"etm.portal.ui.managecontractstile.view.Master","properties":{"text":"Manage Contracts"},"interaction":{"idSuffix":"inner"}},"wdio_ui5_key":"etmportal.ui.managecontractstile.view.Mastersap.m.Text{\"text\":\"Manage Contracts\"}"}]}
RESULT: {"script":"<script> [1562 bytes]","args":[{"selector":{"controlType":"sap.m.Text","viewName":"etm.portal.ui.managecontractstile.view.Master","properties":{"text":"Manage Contracts"},"interaction":{"idSuffix":"inner"}},"wdio_ui5_key":"etmportal.ui.managecontractstile.view.Mastersap.m.Text{\"text\":\"Manage Contracts\"}"}]}
RESULT: undefined
COMMAND: POST /session/504404daf6556c94b3cb83283ff70561/element - {"using":"xpath","value":"//*[@id=\"__tile133-title\"]"}
RESULT: {"using":"xpath","value":"//*[@id=\"__tile133-title\"]"}
COMMAND: POST /session/504404daf6556c94b3cb83283ff70561/element/f.74039697418B55B680EBD40CFFCF13D1.d.3ED41C2D4A6D3BE3D8A676174063AC0B.e.4850/click - {}
RESULT: {}
COMMAND: GET /session/504404daf6556c94b3cb83283ff70561/screenshot - {}
RESULT: {}
COMMAND: POST /session/504404daf6556c94b3cb83283ff70561/element - {"using":"xpath","value":"//button[@data-kt=\"addButton\"]"}
RESULT: undefined
RESULT: undefined
RESULT: {"using":"xpath","value":"//button[@data-kt=\"addButton\"]"}
COMMAND: POST /session/504404daf6556c94b3cb83283ff70561/elements - {"using":"xpath","value":"//button[@data-kt=\"addButton\"]"}
RESULT: {"using":"xpath","value":"//button[@data-kt=\"addButton\"]"}
COMMAND: POST /session/504404daf6556c94b3cb83283ff70561/execute/sync - {"script":"<script> [8489 bytes]","args":[{"element-6066-11e4-a52e-4f735466cecf":"f.74039697418B55B680EBD40CFFCF13D1.d.3ED41C2D4A6D3BE3D8A676174063AC0B.e.4920","ELEMENT":"f.74039697418B55B680EBD40CFFCF13D1.d.3ED41C2D4A6D3BE3D8A676174063AC0B.e.4920"}]}
RESULT: {"script":"<script> [8489 bytes]","args":[{"element-6066-11e4-a52e-4f735466cecf":"f.74039697418B55B680EBD40CFFCF13D1.d.3ED41C2D4A6D3BE3D8A676174063AC0B.e.4920","ELEMENT":"f.74039697418B55B680EBD40CFFCF13D1.d.3ED41C2D4A6D3BE3D8A676174063AC0B.e.4920"}]}
COMMAND: GET /session/504404daf6556c94b3cb83283ff70561/element/f.74039697418B55B680EBD40CFFCF13D1.d.3ED41C2D4A6D3BE3D8A676174063AC0B.e.4920/enabled - {}
COMMAND: GET /session/504404daf6556c94b3cb83283ff70561/screenshot - {}
RESULT: {}
COMMAND: POST /session/504404daf6556c94b3cb83283ff70561/execute/sync - {"script":"<script> [8489 bytes]","args":[{"element-6066-11e4-a52e-4f735466cecf":"f.74039697418B55B680EBD40CFFCF13D1.d.3ED41C2D4A6D3BE3D8A676174063AC0B.e.4920","ELEMENT":"f.74039697418B55B680EBD40CFFCF13D1.d.3ED41C2D4A6D3BE3D8A676174063AC0B.e.4920"}]}
COMMAND: GET /session/504404daf6556c94b3cb83283ff70561/screenshot - {}
RESULT: {}
RESULT: {"script":"<script> [8489 bytes]","args":[{"element-6066-11e4-a52e-4f735466cecf":"f.74039697418B55B680EBD40CFFCF13D1.d.3ED41C2D4A6D3BE3D8A676174063AC0B.e.4920","ELEMENT":"f.74039697418B55B680EBD40CFFCF13D1.d.3ED41C2D4A6D3BE3D8A676174063AC0B.e.4920"}]}
COMMAND: POST /session/504404daf6556c94b3cb83283ff70561/execute/sync - {"script":"<script> [5351 bytes]","args":[{"element-6066-11e4-a52e-4f735466cecf":"f.74039697418B55B680EBD40CFFCF13D1.d.3ED41C2D4A6D3BE3D8A676174063AC0B.e.4920","ELEMENT":"f.74039697418B55B680EBD40CFFCF13D1.d.3ED41C2D4A6D3BE3D8A676174063AC0B.e.4920"}]}
COMMAND: GET /session/504404daf6556c94b3cb83283ff70561/screenshot - {}
RESULT: {}
RESULT: {"script":"<script> [5351 bytes]","args":[{"element-6066-11e4-a52e-4f735466cecf":"f.74039697418B55B680EBD40CFFCF13D1.d.3ED41C2D4A6D3BE3D8A676174063AC0B.e.4920","ELEMENT":"f.74039697418B55B680EBD40CFFCF13D1.d.3ED41C2D4A6D3BE3D8A676174063AC0B.e.4920"}]}
COMMAND: GET /session/504404daf6556c94b3cb83283ff70561/screenshot - {}
RESULT: {}
RESULT: {}
COMMAND: POST /session/504404daf6556c94b3cb83283ff70561/element/f.74039697418B55B680EBD40CFFCF13D1.d.3ED41C2D4A6D3BE3D8A676174063AC0B.e.4920/click - {}
RESULT: {}
COMMAND: GET /session/504404daf6556c94b3cb83283ff70561/screenshot - {}
COMMAND: POST /session/504404daf6556c94b3cb83283ff70561/execute/async - {"script":"<script> [1562 bytes]","args":[{"selector":{"id":"application-managecontracts-display-component---AddNewContract--projectDescription","interaction":{"idSuffix":"inner"}},"wdio_ui5_key":"applicationmanagecontracts-display-component---AddNewContract--projectDescription"}]}
RESULT: {}
RESULT: {"script":"<script> [1562 bytes]","args":[{"selector":{"id":"application-managecontracts-display-component---AddNewContract--projectDescription","interaction":{"idSuffix":"inner"}},"wdio_ui5_key":"applicationmanagecontracts-display-component---AddNewContract--projectDescription"}]}
RESULT: undefined
COMMAND: POST /session/504404daf6556c94b3cb83283ff70561/execute/async - {"script":"<script> [776 bytes]","args":[{"enterText":"Intercompany Contract WDIO","selector":{"id":"application-managecontracts-display-component---AddNewContract--projectDescription","interaction":{"idSuffix":"inner"}},"clearTextFirst":true,"interactionType":"ENTER_TEXT"}]}
RESULT: {"script":"<script> [776 bytes]","args":[{"enterText":"Intercompany Contract WDIO","selector":{"id":"application-managecontracts-display-component---AddNewContract--projectDescription","interaction":{"idSuffix":"inner"}},"clearTextFirst":true,"interactionType":"ENTER_TEXT"}]}
COMMAND: POST /session/504404daf6556c94b3cb83283ff70561/element - {"using":"xpath","value":"//input[@id=\"application-managecontracts-display-component---AddNewContract--site-inner\"]"}
RESULT: {"using":"xpath","value":"//input[@id=\"application-managecontracts-display-component---AddNewContract--site-inner\"]"}
COMMAND: POST /session/504404daf6556c94b3cb83283ff70561/element/f.74039697418B55B680EBD40CFFCF13D1.d.3ED41C2D4A6D3BE3D8A676174063AC0B.e.5247/clear - {}
RESULT: {}
COMMAND: POST /session/504404daf6556c94b3cb83283ff70561/element/f.74039697418B55B680EBD40CFFCF13D1.d.3ED41C2D4A6D3BE3D8A676174063AC0B.e.5247/value - {"text":"2461"}
COMMAND: GET /session/504404daf6556c94b3cb83283ff70561/screenshot - {}
RESULT: {"text":"2461"}
COMMAND: GET /session/504404daf6556c94b3cb83283ff70561/screenshot - {}
RESULT: {}
RESULT: {}
COMMAND: POST /session/504404daf6556c94b3cb83283ff70561/element - {"using":"xpath","value":"//li[.//span[text()='2461']]"}
RESULT: {"using":"xpath","value":"//li[.//span[text()='2461']]"}
COMMAND: POST /session/504404daf6556c94b3cb83283ff70561/element/f.74039697418B55B680EBD40CFFCF13D1.d.3ED41C2D4A6D3BE3D8A676174063AC0B.e.5270/click - {}
RESULT: {}
COMMAND: GET /session/504404daf6556c94b3cb83283ff70561/screenshot - {}
RESULT: {}
COMMAND: POST /session/504404daf6556c94b3cb83283ff70561/element - {"using":"xpath","value":"//input[@id=\"application-managecontracts-display-component---AddNewContract--yardId-inner\"]"}
RESULT: {"using":"xpath","value":"//input[@id=\"application-managecontracts-display-component---AddNewContract--yardId-inner\"]"}
COMMAND: GET /session/504404daf6556c94b3cb83283ff70561/element/f.74039697418B55B680EBD40CFFCF13D1.d.3ED41C2D4A6D3BE3D8A676174063AC0B.e.5248/property/value - {}
RESULT: {}
COMMAND: POST /session/504404daf6556c94b3cb83283ff70561/element - {"using":"xpath","value":"//input[@id=\"application-managecontracts-display-component---AddNewContract--customerSelect-inner\"]"}
COMMAND: GET /session/504404daf6556c94b3cb83283ff70561/screenshot - {}
RESULT: {"using":"xpath","value":"//input[@id=\"application-managecontracts-display-component---AddNewContract--customerSelect-inner\"]"}
COMMAND: POST /session/504404daf6556c94b3cb83283ff70561/element/f.74039697418B55B680EBD40CFFCF13D1.d.3ED41C2D4A6D3BE3D8A676174063AC0B.e.5246/clear - {}
RESULT: {}
RESULT: {}
COMMAND: POST /session/504404daf6556c94b3cb83283ff70561/element/f.74039697418B55B680EBD40CFFCF13D1.d.3ED41C2D4A6D3BE3D8A676174063AC0B.e.5246/value - {"text":"1504"}
COMMAND: GET /session/504404daf6556c94b3cb83283ff70561/screenshot - {}
RESULT: {"text":"1504"}
COMMAND: GET /session/504404daf6556c94b3cb83283ff70561/screenshot - {}
RESULT: {}
RESULT: {}
COMMAND: POST /session/504404daf6556c94b3cb83283ff70561/element - {"using":"xpath","value":"//li[.//span[text()='1504']]"}
RESULT: {"using":"xpath","value":"//li[.//span[text()='1504']]"}
COMMAND: POST /session/504404daf6556c94b3cb83283ff70561/element/f.74039697418B55B680EBD40CFFCF13D1.d.3ED41C2D4A6D3BE3D8A676174063AC0B.e.5273/click - {}
RESULT: {}
COMMAND: GET /session/504404daf6556c94b3cb83283ff70561/screenshot - {}
RESULT: {}
COMMAND: POST /session/504404daf6556c94b3cb83283ff70561/element - {"using":"xpath","value":"//button[@data-kt=\"saveButton\"]"}
RESULT: {"using":"xpath","value":"//button[@data-kt=\"saveButton\"]"}
COMMAND: POST /session/504404daf6556c94b3cb83283ff70561/element/f.74039697418B55B680EBD40CFFCF13D1.d.3ED41C2D4A6D3BE3D8A676174063AC0B.e.5263/click - {}
RESULT: {}
COMMAND: GET /session/504404daf6556c94b3cb83283ff70561/screenshot - {}
RESULT: {}
COMMAND: POST /session/504404daf6556c94b3cb83283ff70561/element - {"using":"xpath","value":"//span[contains(@id ,\"contractDetailTitleNoExpanded\")]"}
RESULT: {"using":"xpath","value":"//span[contains(@id ,\"contractDetailTitleNoExpanded\")]"}
COMMAND: POST /session/504404daf6556c94b3cb83283ff70561/elements - {"using":"xpath","value":"//span[contains(@id ,\"contractDetailTitleNoExpanded\")]"}
RESULT: {"using":"xpath","value":"//span[contains(@id ,\"contractDetailTitleNoExpanded\")]"}
COMMAND: POST /session/504404daf6556c94b3cb83283ff70561/execute/sync - {"script":"<script> [56 bytes]","args":[{"element-6066-11e4-a52e-4f735466cecf":"f.74039697418B55B680EBD40CFFCF13D1.d.3ED41C2D4A6D3BE3D8A676174063AC0B.e.5315","ELEMENT":"f.74039697418B55B680EBD40CFFCF13D1.d.3ED41C2D4A6D3BE3D8A676174063AC0B.e.5315"}]}
RESULT: {"script":"<script> [56 bytes]","args":[{"element-6066-11e4-a52e-4f735466cecf":"f.74039697418B55B680EBD40CFFCF13D1.d.3ED41C2D4A6D3BE3D8A676174063AC0B.e.5315","ELEMENT":"f.74039697418B55B680EBD40CFFCF13D1.d.3ED41C2D4A6D3BE3D8A676174063AC0B.e.5315"}]}
COMMAND: GET /session/504404daf6556c94b3cb83283ff70561/screenshot - {}
RESULT: {}
]]></system-out>
    </testcase>
    <testcase classname="chrome.135_0_7049_42.windows.Billing_Transfer_-_Master_data_&amp;_Intercompany_US127250" name="Should add equipment to the contract" time="44.228">
      <system-out><![CDATA[
COMMAND: POST /session/504404daf6556c94b3cb83283ff70561/element - {"using":"xpath","value":"//button[@data-kt=\"contractDetailEditBtnButton\"]"}
RESULT: {"using":"xpath","value":"//button[@data-kt=\"contractDetailEditBtnButton\"]"}
COMMAND: POST /session/504404daf6556c94b3cb83283ff70561/element/f.74039697418B55B680EBD40CFFCF13D1.d.3ED41C2D4A6D3BE3D8A676174063AC0B.e.5317/click - {}
RESULT: {}
COMMAND: GET /session/504404daf6556c94b3cb83283ff70561/screenshot - {}
RESULT: {}
COMMAND: POST /session/504404daf6556c94b3cb83283ff70561/element - {"using":"xpath","value":"(//span[contains(text(), \"Additional Addresses\")])[2]"}
RESULT: {"using":"xpath","value":"(//span[contains(text(), \"Additional Addresses\")])[2]"}
COMMAND: POST /session/504404daf6556c94b3cb83283ff70561/element/f.74039697418B55B680EBD40CFFCF13D1.d.3ED41C2D4A6D3BE3D8A676174063AC0B.e.5372/click - {}
RESULT: {}
COMMAND: GET /session/504404daf6556c94b3cb83283ff70561/screenshot - {}
RESULT: {}
COMMAND: POST /session/504404daf6556c94b3cb83283ff70561/element - {"using":"xpath","value":"//button[@data-kt=\"btnAddTableRowOverflowToolbarButton\"]"}
RESULT: {"using":"xpath","value":"//button[@data-kt=\"btnAddTableRowOverflowToolbarButton\"]"}
COMMAND: POST /session/504404daf6556c94b3cb83283ff70561/element/f.74039697418B55B680EBD40CFFCF13D1.d.3ED41C2D4A6D3BE3D8A676174063AC0B.e.5376/click - {}
RESULT: {}
COMMAND: GET /session/504404daf6556c94b3cb83283ff70561/screenshot - {}
RESULT: {}
COMMAND: POST /session/504404daf6556c94b3cb83283ff70561/element - {"using":"xpath","value":"//div[(text() = 'Standard Entry' or . = 'Standard Entry')]"}
RESULT: {"using":"xpath","value":"//div[(text() = 'Standard Entry' or . = 'Standard Entry')]"}
COMMAND: POST /session/504404daf6556c94b3cb83283ff70561/element/f.74039697418B55B680EBD40CFFCF13D1.d.3ED41C2D4A6D3BE3D8A676174063AC0B.e.5378/click - {}
RESULT: {}
COMMAND: GET /session/504404daf6556c94b3cb83283ff70561/screenshot - {}
RESULT: {}
COMMAND: POST /session/504404daf6556c94b3cb83283ff70561/element - {"using":"xpath","value":"//td[7]/div/div/input"}
RESULT: {"using":"xpath","value":"//td[7]/div/div/input"}
COMMAND: POST /session/504404daf6556c94b3cb83283ff70561/element/f.74039697418B55B680EBD40CFFCF13D1.d.3ED41C2D4A6D3BE3D8A676174063AC0B.e.5387/clear - {}
RESULT: {}
COMMAND: POST /session/504404daf6556c94b3cb83283ff70561/element/f.74039697418B55B680EBD40CFFCF13D1.d.3ED41C2D4A6D3BE3D8A676174063AC0B.e.5387/value - {"text":"ixBcbNjkcC"}
COMMAND: GET /session/504404daf6556c94b3cb83283ff70561/screenshot - {}
RESULT: {"text":"ixBcbNjkcC"}
COMMAND: GET /session/504404daf6556c94b3cb83283ff70561/screenshot - {}
RESULT: {}
RESULT: {}
COMMAND: POST /session/504404daf6556c94b3cb83283ff70561/actions - {"actions":[{"id":"action17","type":"key","parameters":{},"actions":[{"type":"keyDown","value":""},{"type":"pause","duration":10},{"type":"keyUp","value":""}]}]}
RESULT: {"actions":[{"id":"action17","type":"key","parameters":{},"actions":[{"type":"keyDown","value":""},{"type":"pause","duration":10},{"type":"keyUp","value":""}]}]}
COMMAND: GET /session/504404daf6556c94b3cb83283ff70561/screenshot - {}
COMMAND: POST /session/504404daf6556c94b3cb83283ff70561/element - {"using":"xpath","value":"(//button[@data-kt=\"saveButton\"])[2]"}
RESULT: {}
RESULT: {"using":"xpath","value":"(//button[@data-kt=\"saveButton\"])[2]"}
COMMAND: POST /session/504404daf6556c94b3cb83283ff70561/element/f.74039697418B55B680EBD40CFFCF13D1.d.3ED41C2D4A6D3BE3D8A676174063AC0B.e.5402/click - {}
RESULT: {}
COMMAND: GET /session/504404daf6556c94b3cb83283ff70561/screenshot - {}
RESULT: {}
COMMAND: POST /session/504404daf6556c94b3cb83283ff70561/element - {"using":"xpath","value":"//span[contains(@id ,\"contractItemsSmartTable-header-inner\")]"}
RESULT: {"using":"xpath","value":"//span[contains(@id ,\"contractItemsSmartTable-header-inner\")]"}
COMMAND: POST /session/504404daf6556c94b3cb83283ff70561/elements - {"using":"xpath","value":"//span[contains(@id ,\"contractItemsSmartTable-header-inner\")]"}
RESULT: {"using":"xpath","value":"//span[contains(@id ,\"contractItemsSmartTable-header-inner\")]"}
COMMAND: POST /session/504404daf6556c94b3cb83283ff70561/execute/sync - {"script":"<script> [56 bytes]","args":[{"element-6066-11e4-a52e-4f735466cecf":"f.74039697418B55B680EBD40CFFCF13D1.d.3ED41C2D4A6D3BE3D8A676174063AC0B.e.5408","ELEMENT":"f.74039697418B55B680EBD40CFFCF13D1.d.3ED41C2D4A6D3BE3D8A676174063AC0B.e.5408"}]}
RESULT: {"script":"<script> [56 bytes]","args":[{"element-6066-11e4-a52e-4f735466cecf":"f.74039697418B55B680EBD40CFFCF13D1.d.3ED41C2D4A6D3BE3D8A676174063AC0B.e.5408","ELEMENT":"f.74039697418B55B680EBD40CFFCF13D1.d.3ED41C2D4A6D3BE3D8A676174063AC0B.e.5408"}]}
]]></system-out>
    </testcase>
    <testcase classname="chrome.135_0_7049_42.windows.Billing_Transfer_-_Master_data_&amp;_Intercompany_US127250" name="Should do a provide to site handover" time="67.152">
      <system-out><![CDATA[
COMMAND: GET /session/504404daf6556c94b3cb83283ff70561/screenshot - {}
COMMAND: POST /session/504404daf6556c94b3cb83283ff70561/element - {"using":"xpath","value":"//button[@data-kt=\"provideButton\"]"}
RESULT: {}
RESULT: {"using":"xpath","value":"//button[@data-kt=\"provideButton\"]"}
COMMAND: POST /session/504404daf6556c94b3cb83283ff70561/element/f.74039697418B55B680EBD40CFFCF13D1.d.3ED41C2D4A6D3BE3D8A676174063AC0B.e.5409/click - {}
RESULT: {}
COMMAND: GET /session/504404daf6556c94b3cb83283ff70561/screenshot - {}
RESULT: {}
RESULT: undefined
COMMAND: POST /session/504404daf6556c94b3cb83283ff70561/execute/async - {"script":"<script> [6424 bytes]","args":[{"element-6066-11e4-a52e-4f735466cecf":"f.74039697418B55B680EBD40CFFCF13D1.d.3ED41C2D4A6D3BE3D8A676174063AC0B.e.4445"},"setValue",["04/21/2025"]]}
COMMAND: POST /session/504404daf6556c94b3cb83283ff70561/execute/async - {"script":"<script> [1562 bytes]","args":[{"selector":{"id":"application-managehandovers-display-component---AddNewHO--dueDate","interaction":{"idSuffix":"inner"}},"wdio_ui5_key":"applicationmanagehandovers-display-component---AddNewHO--dueDate"}]}
RESULT: {"script":"<script> [1562 bytes]","args":[{"selector":{"id":"application-managehandovers-display-component---AddNewHO--dueDate","interaction":{"idSuffix":"inner"}},"wdio_ui5_key":"applicationmanagehandovers-display-component---AddNewHO--dueDate"}]}
COMMAND: POST /session/504404daf6556c94b3cb83283ff70561/execute/async - {"script":"<script> [6424 bytes]","args":[{"element-6066-11e4-a52e-4f735466cecf":"f.74039697418B55B680EBD40CFFCF13D1.d.3ED41C2D4A6D3BE3D8A676174063AC0B.e.5481"},"setValue",["04/21/2025"]]}
RESULT: {"script":"<script> [6424 bytes]","args":[{"element-6066-11e4-a52e-4f735466cecf":"f.74039697418B55B680EBD40CFFCF13D1.d.3ED41C2D4A6D3BE3D8A676174063AC0B.e.5481"},"setValue",["04/21/2025"]]}
COMMAND: POST /session/504404daf6556c94b3cb83283ff70561/element - {"using":"xpath","value":"//bdi[contains(text(), \"Instructions\")]"}
RESULT: {"using":"xpath","value":"//bdi[contains(text(), \"Instructions\")]"}
COMMAND: POST /session/504404daf6556c94b3cb83283ff70561/element/f.74039697418B55B680EBD40CFFCF13D1.d.3ED41C2D4A6D3BE3D8A676174063AC0B.e.5716/click - {}
RESULT: {}
COMMAND: GET /session/504404daf6556c94b3cb83283ff70561/screenshot - {}
RESULT: {}
COMMAND: POST /session/504404daf6556c94b3cb83283ff70561/element - {"using":"xpath","value":"//button[@data-kt=\"AddNewHOProvideAddItemsButton\"]"}
RESULT: {"using":"xpath","value":"//button[@data-kt=\"AddNewHOProvideAddItemsButton\"]"}
COMMAND: POST /session/504404daf6556c94b3cb83283ff70561/element/f.74039697418B55B680EBD40CFFCF13D1.d.3ED41C2D4A6D3BE3D8A676174063AC0B.e.5720/click - {}
RESULT: {}
COMMAND: GET /session/504404daf6556c94b3cb83283ff70561/screenshot - {}
RESULT: {}
RESULT: undefined
COMMAND: POST /session/504404daf6556c94b3cb83283ff70561/element - {"using":"xpath","value":"//*[@id=\"application-managehandovers-display-component---AddNewHO--popup-sa\"]"}
RESULT: {"using":"xpath","value":"//*[@id=\"application-managehandovers-display-component---AddNewHO--popup-sa\"]"}
COMMAND: POST /session/504404daf6556c94b3cb83283ff70561/element/f.74039697418B55B680EBD40CFFCF13D1.d.3ED41C2D4A6D3BE3D8A676174063AC0B.e.5730/click - {}
RESULT: {}
COMMAND: GET /session/504404daf6556c94b3cb83283ff70561/screenshot - {}
RESULT: {}
COMMAND: POST /session/504404daf6556c94b3cb83283ff70561/element - {"using":"xpath","value":"//*[contains(@id ,\"BDI-content\")][contains(text(), \"Select\")]"}
RESULT: {"using":"xpath","value":"//*[contains(@id ,\"BDI-content\")][contains(text(), \"Select\")]"}
COMMAND: POST /session/504404daf6556c94b3cb83283ff70561/element/f.74039697418B55B680EBD40CFFCF13D1.d.3ED41C2D4A6D3BE3D8A676174063AC0B.e.5731/click - {}
RESULT: {}
COMMAND: GET /session/504404daf6556c94b3cb83283ff70561/screenshot - {}
RESULT: {}
COMMAND: POST /session/504404daf6556c94b3cb83283ff70561/execute/async - {"script":"<script> [1562 bytes]","args":[{"selector":{"id":"application-managehandovers-display-component---AddNewHO--confirmCreationButton","interaction":{"idSuffix":"BDI-content"}},"wdio_ui5_key":"applicationmanagehandovers-display-component---AddNewHO--confirmCreationButton"}]}
RESULT: {"script":"<script> [1562 bytes]","args":[{"selector":{"id":"application-managehandovers-display-component---AddNewHO--confirmCreationButton","interaction":{"idSuffix":"BDI-content"}},"wdio_ui5_key":"applicationmanagehandovers-display-component---AddNewHO--confirmCreationButton"}]}
RESULT: undefined
COMMAND: POST /session/504404daf6556c94b3cb83283ff70561/element - {"using":"xpath","value":"//*[@id=\"application-managehandovers-display-component---AddNewHO--confirmCreationButton\"]"}
RESULT: {"using":"xpath","value":"//*[@id=\"application-managehandovers-display-component---AddNewHO--confirmCreationButton\"]"}
COMMAND: POST /session/504404daf6556c94b3cb83283ff70561/element/f.74039697418B55B680EBD40CFFCF13D1.d.3ED41C2D4A6D3BE3D8A676174063AC0B.e.5527/click - {}
RESULT: {}
COMMAND: GET /session/504404daf6556c94b3cb83283ff70561/screenshot - {}
RESULT: {}
COMMAND: POST /session/504404daf6556c94b3cb83283ff70561/element - {"using":"xpath","value":"//button[@data-kt=\"PickingTableConfirmAllButton\"]"}
RESULT: {"using":"xpath","value":"//button[@data-kt=\"PickingTableConfirmAllButton\"]"}
COMMAND: POST /session/504404daf6556c94b3cb83283ff70561/elements - {"using":"xpath","value":"//button[@data-kt=\"PickingTableConfirmAllButton\"]"}
RESULT: {"using":"xpath","value":"//button[@data-kt=\"PickingTableConfirmAllButton\"]"}
COMMAND: POST /session/504404daf6556c94b3cb83283ff70561/elements - {"using":"xpath","value":"//button[@data-kt=\"PickingTableConfirmAllButton\"]"}
RESULT: {"using":"xpath","value":"//button[@data-kt=\"PickingTableConfirmAllButton\"]"}
COMMAND: POST /session/504404daf6556c94b3cb83283ff70561/element - {"using":"xpath","value":"//button[@data-kt=\"PickingTableConfirmAllButton\"]"}
RESULT: {"using":"xpath","value":"//button[@data-kt=\"PickingTableConfirmAllButton\"]"}
COMMAND: POST /session/504404daf6556c94b3cb83283ff70561/element/f.74039697418B55B680EBD40CFFCF13D1.d.3ED41C2D4A6D3BE3D8A676174063AC0B.e.5769/click - {}
COMMAND: POST /session/504404daf6556c94b3cb83283ff70561/element - {"using":"xpath","value":"//button[@data-kt=\"PickingTableConfirmAllButton\"]"}
RESULT: {"using":"xpath","value":"//button[@data-kt=\"PickingTableConfirmAllButton\"]"}
COMMAND: POST /session/504404daf6556c94b3cb83283ff70561/element/f.74039697418B55B680EBD40CFFCF13D1.d.3ED41C2D4A6D3BE3D8A676174063AC0B.e.5769/click - {}
COMMAND: POST /session/504404daf6556c94b3cb83283ff70561/element - {"using":"xpath","value":"//button[@data-kt=\"PickingTableConfirmAllButton\"]"}
RESULT: {"using":"xpath","value":"//button[@data-kt=\"PickingTableConfirmAllButton\"]"}
COMMAND: POST /session/504404daf6556c94b3cb83283ff70561/element/f.74039697418B55B680EBD40CFFCF13D1.d.3ED41C2D4A6D3BE3D8A676174063AC0B.e.5793/click - {}
RESULT: {}
COMMAND: GET /session/504404daf6556c94b3cb83283ff70561/screenshot - {}
RESULT: {}
COMMAND: POST /session/504404daf6556c94b3cb83283ff70561/element - {"using":"xpath","value":"//bdi[contains(text(), \"OK\")]"}
RESULT: {"using":"xpath","value":"//bdi[contains(text(), \"OK\")]"}
COMMAND: POST /session/504404daf6556c94b3cb83283ff70561/element/f.74039697418B55B680EBD40CFFCF13D1.d.3ED41C2D4A6D3BE3D8A676174063AC0B.e.5795/click - {}
RESULT: {}
COMMAND: GET /session/504404daf6556c94b3cb83283ff70561/screenshot - {}
RESULT: {}
COMMAND: POST /session/504404daf6556c94b3cb83283ff70561/element - {"using":"xpath","value":"//bdi[contains(text(), \"Issue\")]"}
RESULT: {"using":"xpath","value":"//bdi[contains(text(), \"Issue\")]"}
COMMAND: POST /session/504404daf6556c94b3cb83283ff70561/element/f.74039697418B55B680EBD40CFFCF13D1.d.3ED41C2D4A6D3BE3D8A676174063AC0B.e.5797/click - {}
RESULT: {}
COMMAND: GET /session/504404daf6556c94b3cb83283ff70561/screenshot - {}
RESULT: {}
COMMAND: POST /session/504404daf6556c94b3cb83283ff70561/element - {"using":"css selector","value":"#shell-header-logo"}
RESULT: {"using":"css selector","value":"#shell-header-logo"}
COMMAND: POST /session/504404daf6556c94b3cb83283ff70561/element/f.74039697418B55B680EBD40CFFCF13D1.d.3ED41C2D4A6D3BE3D8A676174063AC0B.e.4854/click - {}
RESULT: {}
COMMAND: GET /session/504404daf6556c94b3cb83283ff70561/screenshot - {}
RESULT: {}
]]></system-out>
    </testcase>
    <testcase classname="chrome.135_0_7049_42.windows.Billing_Transfer_-_Master_data_&amp;_Intercompany_US127250" name="Should go navigate to Manage Billings and trigger contract calculation check result" time="62.772">
      <system-out><![CDATA[
COMMAND: POST /session/504404daf6556c94b3cb83283ff70561/execute/async - {"script":"<script> [1562 bytes]","args":[{"selector":{"controlType":"sap.m.GenericTile","properties":{"header":"Manage Billings"}},"wdio_ui5_key":"sapm.GenericTile{\"header\":\"Manage Billings\"}"}]}
RESULT: {"script":"<script> [1562 bytes]","args":[{"selector":{"controlType":"sap.m.GenericTile","properties":{"header":"Manage Billings"}},"wdio_ui5_key":"sapm.GenericTile{\"header\":\"Manage Billings\"}"}]}
RESULT: undefined
COMMAND: POST /session/504404daf6556c94b3cb83283ff70561/element - {"using":"xpath","value":"//*[@id=\"__tile91\"]"}
RESULT: {"using":"xpath","value":"//*[@id=\"__tile91\"]"}
COMMAND: POST /session/504404daf6556c94b3cb83283ff70561/element/f.74039697418B55B680EBD40CFFCF13D1.d.3ED41C2D4A6D3BE3D8A676174063AC0B.e.2858/click - {}
RESULT: {}
COMMAND: GET /session/504404daf6556c94b3cb83283ff70561/screenshot - {}
RESULT: {}
COMMAND: POST /session/504404daf6556c94b3cb83283ff70561/execute/async - {"script":"<script> [1562 bytes]","args":[{"selector":{"id":"application-managebillings-display-component---billRunCalcResult--smartFilterBar-btnBasicSearch","interaction":{"idSuffix":"I"}},"wdio_ui5_key":"applicationmanagebillings-display-component---billRunCalcResult--smartFilterBar-btnBasicSearch"}]}
RESULT: {"script":"<script> [1562 bytes]","args":[{"selector":{"id":"application-managebillings-display-component---billRunCalcResult--smartFilterBar-btnBasicSearch","interaction":{"idSuffix":"I"}},"wdio_ui5_key":"applicationmanagebillings-display-component---billRunCalcResult--smartFilterBar-btnBasicSearch"}]}
RESULT: undefined
COMMAND: POST /session/504404daf6556c94b3cb83283ff70561/execute/async - {"script":"<script> [776 bytes]","args":[{"enterText":"10526","selector":{"id":"application-managebillings-display-component---billRunCalcResult--smartFilterBar-btnBasicSearch","interaction":{"idSuffix":"I"}},"clearTextFirst":true,"interactionType":"ENTER_TEXT"}]}
RESULT: {"script":"<script> [776 bytes]","args":[{"enterText":"10526","selector":{"id":"application-managebillings-display-component---billRunCalcResult--smartFilterBar-btnBasicSearch","interaction":{"idSuffix":"I"}},"clearTextFirst":true,"interactionType":"ENTER_TEXT"}]}
COMMAND: POST /session/504404daf6556c94b3cb83283ff70561/actions - {"actions":[{"id":"action18","type":"key","parameters":{},"actions":[{"type":"keyDown","value":""},{"type":"pause","duration":10},{"type":"keyUp","value":""}]}]}
RESULT: {"actions":[{"id":"action18","type":"key","parameters":{},"actions":[{"type":"keyDown","value":""},{"type":"pause","duration":10},{"type":"keyUp","value":""}]}]}
COMMAND: GET /session/504404daf6556c94b3cb83283ff70561/screenshot - {}
RESULT: {}
COMMAND: POST /session/504404daf6556c94b3cb83283ff70561/element - {"using":"xpath","value":"//td[@aria-colindex=\"1\"]/div/div[contains(@class, \"sapMCbBg\")]"}
RESULT: {"using":"xpath","value":"//td[@aria-colindex=\"1\"]/div/div[contains(@class, \"sapMCbBg\")]"}
COMMAND: POST /session/504404daf6556c94b3cb83283ff70561/element/f.74039697418B55B680EBD40CFFCF13D1.d.3ED41C2D4A6D3BE3D8A676174063AC0B.e.6182/click - {}
RESULT: {}
COMMAND: GET /session/504404daf6556c94b3cb83283ff70561/screenshot - {}
RESULT: {}
COMMAND: POST /session/504404daf6556c94b3cb83283ff70561/execute/async - {"script":"<script> [1562 bytes]","args":[{"selector":{"id":"application-managebillings-display-component---billRunCalcResult--contractBillRunDate","interaction":{"idSuffix":"inner"}},"wdio_ui5_key":"applicationmanagebillings-display-component---billRunCalcResult--contractBillRunDate"}]}
RESULT: {"script":"<script> [1562 bytes]","args":[{"selector":{"id":"application-managebillings-display-component---billRunCalcResult--contractBillRunDate","interaction":{"idSuffix":"inner"}},"wdio_ui5_key":"applicationmanagebillings-display-component---billRunCalcResult--contractBillRunDate"}]}
RESULT: undefined
COMMAND: POST /session/504404daf6556c94b3cb83283ff70561/execute/async - {"script":"<script> [776 bytes]","args":[{"enterText":"05/21/25","selector":{"id":"application-managebillings-display-component---billRunCalcResult--contractBillRunDate","interaction":{"idSuffix":"inner"}},"clearTextFirst":true,"interactionType":"ENTER_TEXT"}]}
RESULT: {"script":"<script> [776 bytes]","args":[{"enterText":"05/21/25","selector":{"id":"application-managebillings-display-component---billRunCalcResult--contractBillRunDate","interaction":{"idSuffix":"inner"}},"clearTextFirst":true,"interactionType":"ENTER_TEXT"}]}
COMMAND: POST /session/504404daf6556c94b3cb83283ff70561/element - {"using":"xpath","value":"//bdi[contains(text(), \"Trigger Calculation\")]"}
RESULT: {"using":"xpath","value":"//bdi[contains(text(), \"Trigger Calculation\")]"}
COMMAND: POST /session/504404daf6556c94b3cb83283ff70561/element/f.74039697418B55B680EBD40CFFCF13D1.d.3ED41C2D4A6D3BE3D8A676174063AC0B.e.6233/click - {}
RESULT: {}
COMMAND: GET /session/504404daf6556c94b3cb83283ff70561/screenshot - {}
RESULT: {}
COMMAND: POST /session/504404daf6556c94b3cb83283ff70561/element - {"using":"xpath","value":"(//span[contains(@id, \"imgNav\")])[1]"}
RESULT: {"using":"xpath","value":"(//span[contains(@id, \"imgNav\")])[1]"}
COMMAND: POST /session/504404daf6556c94b3cb83283ff70561/element/f.74039697418B55B680EBD40CFFCF13D1.d.3ED41C2D4A6D3BE3D8A676174063AC0B.e.6183/click - {}
RESULT: {}
COMMAND: GET /session/504404daf6556c94b3cb83283ff70561/screenshot - {}
RESULT: {}
COMMAND: POST /session/504404daf6556c94b3cb83283ff70561/element - {"using":"xpath","value":"//tr/td[6]/div[1]/span[1]/span[1]"}
RESULT: {"using":"xpath","value":"//tr/td[6]/div[1]/span[1]/span[1]"}
COMMAND: GET /session/504404daf6556c94b3cb83283ff70561/element/f.74039697418B55B680EBD40CFFCF13D1.d.3ED41C2D4A6D3BE3D8A676174063AC0B.e.6239/text - {}
RESULT: {}
COMMAND: POST /session/504404daf6556c94b3cb83283ff70561/element - {"using":"xpath","value":"(//span[contains(@id, \"imgNav\")])[2]"}
RESULT: {"using":"xpath","value":"(//span[contains(@id, \"imgNav\")])[2]"}
COMMAND: POST /session/504404daf6556c94b3cb83283ff70561/element/f.74039697418B55B680EBD40CFFCF13D1.d.3ED41C2D4A6D3BE3D8A676174063AC0B.e.6240/click - {}
RESULT: {}
COMMAND: POST /session/504404daf6556c94b3cb83283ff70561/element - {"using":"xpath","value":"//bdi[contains(text(), \"Business Confirm\")]"}
COMMAND: GET /session/504404daf6556c94b3cb83283ff70561/screenshot - {}
RESULT: {"using":"xpath","value":"//bdi[contains(text(), \"Business Confirm\")]"}
COMMAND: POST /session/504404daf6556c94b3cb83283ff70561/elements - {"using":"xpath","value":"//bdi[contains(text(), \"Business Confirm\")]"}
RESULT: {}
RESULT: {"using":"xpath","value":"//bdi[contains(text(), \"Business Confirm\")]"}
COMMAND: POST /session/504404daf6556c94b3cb83283ff70561/elements - {"using":"xpath","value":"//bdi[contains(text(), \"Business Confirm\")]"}
RESULT: {"using":"xpath","value":"//bdi[contains(text(), \"Business Confirm\")]"}
COMMAND: POST /session/504404daf6556c94b3cb83283ff70561/element - {"using":"xpath","value":"//bdi[contains(text(), \"Business Confirm\")]"}
RESULT: {"using":"xpath","value":"//bdi[contains(text(), \"Business Confirm\")]"}
COMMAND: POST /session/504404daf6556c94b3cb83283ff70561/element/f.74039697418B55B680EBD40CFFCF13D1.d.3ED41C2D4A6D3BE3D8A676174063AC0B.e.6243/click - {}
COMMAND: POST /session/504404daf6556c94b3cb83283ff70561/element - {"using":"xpath","value":"//bdi[contains(text(), \"Business Confirm\")]"}
RESULT: {"using":"xpath","value":"//bdi[contains(text(), \"Business Confirm\")]"}
COMMAND: POST /session/504404daf6556c94b3cb83283ff70561/element/f.74039697418B55B680EBD40CFFCF13D1.d.3ED41C2D4A6D3BE3D8A676174063AC0B.e.6243/click - {}
COMMAND: POST /session/504404daf6556c94b3cb83283ff70561/element - {"using":"xpath","value":"//bdi[contains(text(), \"Business Confirm\")]"}
RESULT: {"using":"xpath","value":"//bdi[contains(text(), \"Business Confirm\")]"}
COMMAND: POST /session/504404daf6556c94b3cb83283ff70561/element/f.74039697418B55B680EBD40CFFCF13D1.d.3ED41C2D4A6D3BE3D8A676174063AC0B.e.6294/click - {}
RESULT: {}
COMMAND: POST /session/504404daf6556c94b3cb83283ff70561/element - {"using":"css selector","value":"#shell-header-logo"}
COMMAND: GET /session/504404daf6556c94b3cb83283ff70561/screenshot - {}
RESULT: {"using":"css selector","value":"#shell-header-logo"}
COMMAND: POST /session/504404daf6556c94b3cb83283ff70561/element/f.74039697418B55B680EBD40CFFCF13D1.d.3ED41C2D4A6D3BE3D8A676174063AC0B.e.5973/click - {}
RESULT: {}
RESULT: {}
COMMAND: GET /session/504404daf6556c94b3cb83283ff70561/screenshot - {}
RESULT: {}
]]></system-out>
    </testcase>
    <testcase classname="chrome.135_0_7049_42.windows.Billing_Transfer_-_Master_data_&amp;_Intercompany_US127250" name="Should do Billing Transfer all the way into invoice open for intercompany case" time="86.99">
      <system-out><![CDATA[
COMMAND: POST /session/504404daf6556c94b3cb83283ff70561/execute/async - {"script":"<script> [1562 bytes]","args":[{"selector":{"controlType":"sap.m.GenericTile","properties":{"header":"Billing Transfer"}},"wdio_ui5_key":"sapm.GenericTile{\"header\":\"Billing Transfer\"}"}]}
RESULT: {"script":"<script> [1562 bytes]","args":[{"selector":{"controlType":"sap.m.GenericTile","properties":{"header":"Billing Transfer"}},"wdio_ui5_key":"sapm.GenericTile{\"header\":\"Billing Transfer\"}"}]}
RESULT: undefined
COMMAND: POST /session/504404daf6556c94b3cb83283ff70561/element - {"using":"xpath","value":"//*[@id=\"__tile90\"]"}
RESULT: {"using":"xpath","value":"//*[@id=\"__tile90\"]"}
COMMAND: POST /session/504404daf6556c94b3cb83283ff70561/element/f.74039697418B55B680EBD40CFFCF13D1.d.3ED41C2D4A6D3BE3D8A676174063AC0B.e.2855/click - {}
RESULT: {}
COMMAND: POST /session/504404daf6556c94b3cb83283ff70561/element - {"using":"xpath","value":"//input[contains(@id ,\"application-billingtransfer-display-component---billingWorkbench--smartFilterBar-btnBasicSearch\")]"}
COMMAND: GET /session/504404daf6556c94b3cb83283ff70561/screenshot - {}
RESULT: {"using":"xpath","value":"//input[contains(@id ,\"application-billingtransfer-display-component---billingWorkbench--smartFilterBar-btnBasicSearch\")]"}
COMMAND: POST /session/504404daf6556c94b3cb83283ff70561/elements - {"using":"xpath","value":"//input[contains(@id ,\"application-billingtransfer-display-component---billingWorkbench--smartFilterBar-btnBasicSearch\")]"}
RESULT: {}
RESULT: {"using":"xpath","value":"//input[contains(@id ,\"application-billingtransfer-display-component---billingWorkbench--smartFilterBar-btnBasicSearch\")]"}
COMMAND: POST /session/504404daf6556c94b3cb83283ff70561/elements - {"using":"xpath","value":"//input[contains(@id ,\"application-billingtransfer-display-component---billingWorkbench--smartFilterBar-btnBasicSearch\")]"}
RESULT: {"using":"xpath","value":"//input[contains(@id ,\"application-billingtransfer-display-component---billingWorkbench--smartFilterBar-btnBasicSearch\")]"}
COMMAND: POST /session/504404daf6556c94b3cb83283ff70561/elements - {"using":"xpath","value":"//input[contains(@id ,\"application-billingtransfer-display-component---billingWorkbench--smartFilterBar-btnBasicSearch\")]"}
RESULT: {"using":"xpath","value":"//input[contains(@id ,\"application-billingtransfer-display-component---billingWorkbench--smartFilterBar-btnBasicSearch\")]"}
COMMAND: POST /session/504404daf6556c94b3cb83283ff70561/elements - {"using":"xpath","value":"//input[contains(@id ,\"application-billingtransfer-display-component---billingWorkbench--smartFilterBar-btnBasicSearch\")]"}
RESULT: {"using":"xpath","value":"//input[contains(@id ,\"application-billingtransfer-display-component---billingWorkbench--smartFilterBar-btnBasicSearch\")]"}
COMMAND: POST /session/504404daf6556c94b3cb83283ff70561/element - {"using":"xpath","value":"//input[contains(@id ,\"application-billingtransfer-display-component---billingWorkbench--smartFilterBar-btnBasicSearch\")]"}
RESULT: {"using":"xpath","value":"//input[contains(@id ,\"application-billingtransfer-display-component---billingWorkbench--smartFilterBar-btnBasicSearch\")]"}
COMMAND: POST /session/504404daf6556c94b3cb83283ff70561/execute/sync - {"script":"<script> [8489 bytes]","args":[{"element-6066-11e4-a52e-4f735466cecf":"f.74039697418B55B680EBD40CFFCF13D1.d.3ED41C2D4A6D3BE3D8A676174063AC0B.e.6323","ELEMENT":"f.74039697418B55B680EBD40CFFCF13D1.d.3ED41C2D4A6D3BE3D8A676174063AC0B.e.6323"}]}
RESULT: {"script":"<script> [8489 bytes]","args":[{"element-6066-11e4-a52e-4f735466cecf":"f.74039697418B55B680EBD40CFFCF13D1.d.3ED41C2D4A6D3BE3D8A676174063AC0B.e.6323","ELEMENT":"f.74039697418B55B680EBD40CFFCF13D1.d.3ED41C2D4A6D3BE3D8A676174063AC0B.e.6323"}]}
COMMAND: GET /session/504404daf6556c94b3cb83283ff70561/element/f.74039697418B55B680EBD40CFFCF13D1.d.3ED41C2D4A6D3BE3D8A676174063AC0B.e.6323/enabled - {}
COMMAND: GET /session/504404daf6556c94b3cb83283ff70561/screenshot - {}
RESULT: {}
COMMAND: POST /session/504404daf6556c94b3cb83283ff70561/element/f.74039697418B55B680EBD40CFFCF13D1.d.3ED41C2D4A6D3BE3D8A676174063AC0B.e.6323/click - {}
COMMAND: GET /session/504404daf6556c94b3cb83283ff70561/screenshot - {}
RESULT: {}
RESULT: {}
COMMAND: GET /session/504404daf6556c94b3cb83283ff70561/screenshot - {}
RESULT: {}
RESULT: {}
COMMAND: POST /session/504404daf6556c94b3cb83283ff70561/element/f.74039697418B55B680EBD40CFFCF13D1.d.3ED41C2D4A6D3BE3D8A676174063AC0B.e.6323/clear - {}
RESULT: {}
COMMAND: POST /session/504404daf6556c94b3cb83283ff70561/element/f.74039697418B55B680EBD40CFFCF13D1.d.3ED41C2D4A6D3BE3D8A676174063AC0B.e.6323/value - {"text":"10526"}
COMMAND: GET /session/504404daf6556c94b3cb83283ff70561/screenshot - {}
RESULT: {"text":"10526"}
COMMAND: POST /session/504404daf6556c94b3cb83283ff70561/actions - {"actions":[{"id":"action19","type":"key","parameters":{},"actions":[{"type":"keyDown","value":""},{"type":"pause","duration":10},{"type":"keyUp","value":""}]}]}
COMMAND: GET /session/504404daf6556c94b3cb83283ff70561/screenshot - {}
RESULT: {}
RESULT: {"actions":[{"id":"action19","type":"key","parameters":{},"actions":[{"type":"keyDown","value":""},{"type":"pause","duration":10},{"type":"keyUp","value":""}]}]}
COMMAND: GET /session/504404daf6556c94b3cb83283ff70561/screenshot - {}
RESULT: {}
RESULT: {}
COMMAND: POST /session/504404daf6556c94b3cb83283ff70561/element - {"using":"xpath","value":"//span[contains(@id ,\"application-billingtransfer-display-component---billingWorkbench--smartTableBillingRuns-header-inner\")]"}
RESULT: {"using":"xpath","value":"//span[contains(@id ,\"application-billingtransfer-display-component---billingWorkbench--smartTableBillingRuns-header-inner\")]"}
COMMAND: POST /session/504404daf6556c94b3cb83283ff70561/elements - {"using":"xpath","value":"//span[contains(@id ,\"application-billingtransfer-display-component---billingWorkbench--smartTableBillingRuns-header-inner\")]"}
RESULT: {"using":"xpath","value":"//span[contains(@id ,\"application-billingtransfer-display-component---billingWorkbench--smartTableBillingRuns-header-inner\")]"}
COMMAND: POST /session/504404daf6556c94b3cb83283ff70561/execute/sync - {"script":"<script> [56 bytes]","args":[{"element-6066-11e4-a52e-4f735466cecf":"f.74039697418B55B680EBD40CFFCF13D1.d.3ED41C2D4A6D3BE3D8A676174063AC0B.e.6479","ELEMENT":"f.74039697418B55B680EBD40CFFCF13D1.d.3ED41C2D4A6D3BE3D8A676174063AC0B.e.6479"}]}
RESULT: {"script":"<script> [56 bytes]","args":[{"element-6066-11e4-a52e-4f735466cecf":"f.74039697418B55B680EBD40CFFCF13D1.d.3ED41C2D4A6D3BE3D8A676174063AC0B.e.6479","ELEMENT":"f.74039697418B55B680EBD40CFFCF13D1.d.3ED41C2D4A6D3BE3D8A676174063AC0B.e.6479"}]}
COMMAND: POST /session/504404daf6556c94b3cb83283ff70561/element - {"using":"xpath","value":"//td[@aria-colindex=\"1\"]/div/div[contains(@class, \"sapMCbBg\")]"}
COMMAND: GET /session/504404daf6556c94b3cb83283ff70561/screenshot - {}
RESULT: {"using":"xpath","value":"//td[@aria-colindex=\"1\"]/div/div[contains(@class, \"sapMCbBg\")]"}
COMMAND: POST /session/504404daf6556c94b3cb83283ff70561/element/f.74039697418B55B680EBD40CFFCF13D1.d.3ED41C2D4A6D3BE3D8A676174063AC0B.e.6454/click - {}
RESULT: {}
RESULT: {}
COMMAND: GET /session/504404daf6556c94b3cb83283ff70561/screenshot - {}
RESULT: {}
COMMAND: POST /session/504404daf6556c94b3cb83283ff70561/element - {"using":"xpath","value":"//bdi[contains(text(), \"Check\")]"}
RESULT: {"using":"xpath","value":"//bdi[contains(text(), \"Check\")]"}
COMMAND: POST /session/504404daf6556c94b3cb83283ff70561/element/f.74039697418B55B680EBD40CFFCF13D1.d.3ED41C2D4A6D3BE3D8A676174063AC0B.e.6480/click - {}
RESULT: {}
COMMAND: GET /session/504404daf6556c94b3cb83283ff70561/screenshot - {}
RESULT: {}
COMMAND: POST /session/504404daf6556c94b3cb83283ff70561/element - {"using":"xpath","value":"//bdi[contains(text(), \"OK\")]"}
RESULT: {"using":"xpath","value":"//bdi[contains(text(), \"OK\")]"}
COMMAND: POST /session/504404daf6556c94b3cb83283ff70561/element/f.74039697418B55B680EBD40CFFCF13D1.d.3ED41C2D4A6D3BE3D8A676174063AC0B.e.6484/click - {}
RESULT: {}
COMMAND: GET /session/504404daf6556c94b3cb83283ff70561/screenshot - {}
RESULT: {}
COMMAND: POST /session/504404daf6556c94b3cb83283ff70561/element - {"using":"xpath","value":"(//span[contains(text(), \"CO/SD checked\")]/parent::div/preceding-sibling::div/span)[1]"}
RESULT: {"using":"xpath","value":"(//span[contains(text(), \"CO/SD checked\")]/parent::div/preceding-sibling::div/span)[1]"}
COMMAND: POST /session/504404daf6556c94b3cb83283ff70561/element/f.74039697418B55B680EBD40CFFCF13D1.d.3ED41C2D4A6D3BE3D8A676174063AC0B.e.6493/click - {}
RESULT: {}
COMMAND: GET /session/504404daf6556c94b3cb83283ff70561/screenshot - {}
RESULT: {}
COMMAND: POST /session/504404daf6556c94b3cb83283ff70561/element - {"using":"xpath","value":"//input[contains(@id ,\"application-billingtransfer-display-component---billingWorkbench--smartFilterBar-btnBasicSearch\")]"}
RESULT: {"using":"xpath","value":"//input[contains(@id ,\"application-billingtransfer-display-component---billingWorkbench--smartFilterBar-btnBasicSearch\")]"}
COMMAND: POST /session/504404daf6556c94b3cb83283ff70561/elements - {"using":"xpath","value":"//input[contains(@id ,\"application-billingtransfer-display-component---billingWorkbench--smartFilterBar-btnBasicSearch\")]"}
RESULT: {"using":"xpath","value":"//input[contains(@id ,\"application-billingtransfer-display-component---billingWorkbench--smartFilterBar-btnBasicSearch\")]"}
COMMAND: POST /session/504404daf6556c94b3cb83283ff70561/execute/sync - {"script":"<script> [8489 bytes]","args":[{"element-6066-11e4-a52e-4f735466cecf":"f.74039697418B55B680EBD40CFFCF13D1.d.3ED41C2D4A6D3BE3D8A676174063AC0B.e.6323","ELEMENT":"f.74039697418B55B680EBD40CFFCF13D1.d.3ED41C2D4A6D3BE3D8A676174063AC0B.e.6323"}]}
RESULT: {"script":"<script> [8489 bytes]","args":[{"element-6066-11e4-a52e-4f735466cecf":"f.74039697418B55B680EBD40CFFCF13D1.d.3ED41C2D4A6D3BE3D8A676174063AC0B.e.6323","ELEMENT":"f.74039697418B55B680EBD40CFFCF13D1.d.3ED41C2D4A6D3BE3D8A676174063AC0B.e.6323"}]}
COMMAND: GET /session/504404daf6556c94b3cb83283ff70561/element/f.74039697418B55B680EBD40CFFCF13D1.d.3ED41C2D4A6D3BE3D8A676174063AC0B.e.6323/enabled - {}
COMMAND: GET /session/504404daf6556c94b3cb83283ff70561/screenshot - {}
RESULT: {}
COMMAND: POST /session/504404daf6556c94b3cb83283ff70561/element/f.74039697418B55B680EBD40CFFCF13D1.d.3ED41C2D4A6D3BE3D8A676174063AC0B.e.6323/click - {}
COMMAND: GET /session/504404daf6556c94b3cb83283ff70561/screenshot - {}
RESULT: {}
RESULT: {}
COMMAND: GET /session/504404daf6556c94b3cb83283ff70561/screenshot - {}
RESULT: {}
RESULT: {}
COMMAND: POST /session/504404daf6556c94b3cb83283ff70561/element/f.74039697418B55B680EBD40CFFCF13D1.d.3ED41C2D4A6D3BE3D8A676174063AC0B.e.6323/clear - {}
RESULT: {}
COMMAND: POST /session/504404daf6556c94b3cb83283ff70561/element/f.74039697418B55B680EBD40CFFCF13D1.d.3ED41C2D4A6D3BE3D8A676174063AC0B.e.6323/value - {"text":"10526"}
COMMAND: GET /session/504404daf6556c94b3cb83283ff70561/screenshot - {}
RESULT: {"text":"10526"}
COMMAND: POST /session/504404daf6556c94b3cb83283ff70561/actions - {"actions":[{"id":"action20","type":"key","parameters":{},"actions":[{"type":"keyDown","value":""},{"type":"pause","duration":10},{"type":"keyUp","value":""}]}]}
COMMAND: GET /session/504404daf6556c94b3cb83283ff70561/screenshot - {}
RESULT: {}
RESULT: {"actions":[{"id":"action20","type":"key","parameters":{},"actions":[{"type":"keyDown","value":""},{"type":"pause","duration":10},{"type":"keyUp","value":""}]}]}
COMMAND: GET /session/504404daf6556c94b3cb83283ff70561/screenshot - {}
RESULT: {}
RESULT: {}
COMMAND: POST /session/504404daf6556c94b3cb83283ff70561/element - {"using":"xpath","value":"//span[contains(@id ,\"application-billingtransfer-display-component---billingWorkbench--smartTableBillingRuns-header-inner\")]"}
RESULT: {"using":"xpath","value":"//span[contains(@id ,\"application-billingtransfer-display-component---billingWorkbench--smartTableBillingRuns-header-inner\")]"}
COMMAND: POST /session/504404daf6556c94b3cb83283ff70561/elements - {"using":"xpath","value":"//span[contains(@id ,\"application-billingtransfer-display-component---billingWorkbench--smartTableBillingRuns-header-inner\")]"}
RESULT: {"using":"xpath","value":"//span[contains(@id ,\"application-billingtransfer-display-component---billingWorkbench--smartTableBillingRuns-header-inner\")]"}
COMMAND: POST /session/504404daf6556c94b3cb83283ff70561/execute/sync - {"script":"<script> [56 bytes]","args":[{"element-6066-11e4-a52e-4f735466cecf":"f.74039697418B55B680EBD40CFFCF13D1.d.3ED41C2D4A6D3BE3D8A676174063AC0B.e.6479","ELEMENT":"f.74039697418B55B680EBD40CFFCF13D1.d.3ED41C2D4A6D3BE3D8A676174063AC0B.e.6479"}]}
RESULT: {"script":"<script> [56 bytes]","args":[{"element-6066-11e4-a52e-4f735466cecf":"f.74039697418B55B680EBD40CFFCF13D1.d.3ED41C2D4A6D3BE3D8A676174063AC0B.e.6479","ELEMENT":"f.74039697418B55B680EBD40CFFCF13D1.d.3ED41C2D4A6D3BE3D8A676174063AC0B.e.6479"}]}
COMMAND: POST /session/504404daf6556c94b3cb83283ff70561/element - {"using":"xpath","value":"//td[@aria-colindex=\"1\"]/div/div[contains(@class, \"sapMCbBg\")]"}
COMMAND: GET /session/504404daf6556c94b3cb83283ff70561/screenshot - {}
RESULT: {"using":"xpath","value":"//td[@aria-colindex=\"1\"]/div/div[contains(@class, \"sapMCbBg\")]"}
COMMAND: POST /session/504404daf6556c94b3cb83283ff70561/element/f.74039697418B55B680EBD40CFFCF13D1.d.3ED41C2D4A6D3BE3D8A676174063AC0B.e.6497/click - {}
RESULT: {}
RESULT: {}
COMMAND: GET /session/504404daf6556c94b3cb83283ff70561/screenshot - {}
RESULT: {}
COMMAND: POST /session/504404daf6556c94b3cb83283ff70561/element - {"using":"xpath","value":"//bdi[text()=\"Transfer\"]"}
RESULT: {"using":"xpath","value":"//bdi[text()=\"Transfer\"]"}
COMMAND: POST /session/504404daf6556c94b3cb83283ff70561/element/f.74039697418B55B680EBD40CFFCF13D1.d.3ED41C2D4A6D3BE3D8A676174063AC0B.e.6498/click - {}
RESULT: {}
COMMAND: GET /session/504404daf6556c94b3cb83283ff70561/screenshot - {}
RESULT: {}
COMMAND: POST /session/504404daf6556c94b3cb83283ff70561/element - {"using":"xpath","value":"//bdi[contains(text(), \"OK\")]"}
RESULT: {"using":"xpath","value":"//bdi[contains(text(), \"OK\")]"}
COMMAND: POST /session/504404daf6556c94b3cb83283ff70561/element/f.74039697418B55B680EBD40CFFCF13D1.d.3ED41C2D4A6D3BE3D8A676174063AC0B.e.6501/click - {}
RESULT: {}
COMMAND: GET /session/504404daf6556c94b3cb83283ff70561/screenshot - {}
RESULT: {}
COMMAND: POST /session/504404daf6556c94b3cb83283ff70561/element - {"using":"xpath","value":"(//span[contains(text(), \"Invoice open\")]/parent::div/preceding-sibling::div/span)[1]"}
RESULT: {"using":"xpath","value":"(//span[contains(text(), \"Invoice open\")]/parent::div/preceding-sibling::div/span)[1]"}
COMMAND: POST /session/504404daf6556c94b3cb83283ff70561/element/f.74039697418B55B680EBD40CFFCF13D1.d.3ED41C2D4A6D3BE3D8A676174063AC0B.e.6509/click - {}
RESULT: {}
COMMAND: GET /session/504404daf6556c94b3cb83283ff70561/screenshot - {}
RESULT: {}
COMMAND: POST /session/504404daf6556c94b3cb83283ff70561/element - {"using":"xpath","value":"//input[contains(@id ,\"application-billingtransfer-display-component---billingWorkbench--smartFilterBar-btnBasicSearch\")]"}
RESULT: {"using":"xpath","value":"//input[contains(@id ,\"application-billingtransfer-display-component---billingWorkbench--smartFilterBar-btnBasicSearch\")]"}
COMMAND: POST /session/504404daf6556c94b3cb83283ff70561/elements - {"using":"xpath","value":"//input[contains(@id ,\"application-billingtransfer-display-component---billingWorkbench--smartFilterBar-btnBasicSearch\")]"}
RESULT: {"using":"xpath","value":"//input[contains(@id ,\"application-billingtransfer-display-component---billingWorkbench--smartFilterBar-btnBasicSearch\")]"}
COMMAND: POST /session/504404daf6556c94b3cb83283ff70561/execute/sync - {"script":"<script> [8489 bytes]","args":[{"element-6066-11e4-a52e-4f735466cecf":"f.74039697418B55B680EBD40CFFCF13D1.d.3ED41C2D4A6D3BE3D8A676174063AC0B.e.6323","ELEMENT":"f.74039697418B55B680EBD40CFFCF13D1.d.3ED41C2D4A6D3BE3D8A676174063AC0B.e.6323"}]}
RESULT: {"script":"<script> [8489 bytes]","args":[{"element-6066-11e4-a52e-4f735466cecf":"f.74039697418B55B680EBD40CFFCF13D1.d.3ED41C2D4A6D3BE3D8A676174063AC0B.e.6323","ELEMENT":"f.74039697418B55B680EBD40CFFCF13D1.d.3ED41C2D4A6D3BE3D8A676174063AC0B.e.6323"}]}
COMMAND: GET /session/504404daf6556c94b3cb83283ff70561/element/f.74039697418B55B680EBD40CFFCF13D1.d.3ED41C2D4A6D3BE3D8A676174063AC0B.e.6323/enabled - {}
COMMAND: GET /session/504404daf6556c94b3cb83283ff70561/screenshot - {}
RESULT: {}
COMMAND: POST /session/504404daf6556c94b3cb83283ff70561/element/f.74039697418B55B680EBD40CFFCF13D1.d.3ED41C2D4A6D3BE3D8A676174063AC0B.e.6323/click - {}
COMMAND: GET /session/504404daf6556c94b3cb83283ff70561/screenshot - {}
RESULT: {}
RESULT: {}
COMMAND: GET /session/504404daf6556c94b3cb83283ff70561/screenshot - {}
RESULT: {}
RESULT: {}
COMMAND: POST /session/504404daf6556c94b3cb83283ff70561/element/f.74039697418B55B680EBD40CFFCF13D1.d.3ED41C2D4A6D3BE3D8A676174063AC0B.e.6323/clear - {}
RESULT: {}
COMMAND: POST /session/504404daf6556c94b3cb83283ff70561/element/f.74039697418B55B680EBD40CFFCF13D1.d.3ED41C2D4A6D3BE3D8A676174063AC0B.e.6323/value - {"text":"10526"}
COMMAND: GET /session/504404daf6556c94b3cb83283ff70561/screenshot - {}
RESULT: {"text":"10526"}
COMMAND: POST /session/504404daf6556c94b3cb83283ff70561/actions - {"actions":[{"id":"action21","type":"key","parameters":{},"actions":[{"type":"keyDown","value":""},{"type":"pause","duration":10},{"type":"keyUp","value":""}]}]}
COMMAND: GET /session/504404daf6556c94b3cb83283ff70561/screenshot - {}
RESULT: {}
RESULT: {"actions":[{"id":"action21","type":"key","parameters":{},"actions":[{"type":"keyDown","value":""},{"type":"pause","duration":10},{"type":"keyUp","value":""}]}]}
COMMAND: GET /session/504404daf6556c94b3cb83283ff70561/screenshot - {}
RESULT: {}
RESULT: {}
COMMAND: POST /session/504404daf6556c94b3cb83283ff70561/element - {"using":"xpath","value":"//span[contains(@id ,\"application-billingtransfer-display-component---billingWorkbench--smartTableBillingRuns-header-inner\")]"}
RESULT: {"using":"xpath","value":"//span[contains(@id ,\"application-billingtransfer-display-component---billingWorkbench--smartTableBillingRuns-header-inner\")]"}
COMMAND: POST /session/504404daf6556c94b3cb83283ff70561/elements - {"using":"xpath","value":"//span[contains(@id ,\"application-billingtransfer-display-component---billingWorkbench--smartTableBillingRuns-header-inner\")]"}
RESULT: {"using":"xpath","value":"//span[contains(@id ,\"application-billingtransfer-display-component---billingWorkbench--smartTableBillingRuns-header-inner\")]"}
COMMAND: POST /session/504404daf6556c94b3cb83283ff70561/execute/sync - {"script":"<script> [56 bytes]","args":[{"element-6066-11e4-a52e-4f735466cecf":"f.74039697418B55B680EBD40CFFCF13D1.d.3ED41C2D4A6D3BE3D8A676174063AC0B.e.6479","ELEMENT":"f.74039697418B55B680EBD40CFFCF13D1.d.3ED41C2D4A6D3BE3D8A676174063AC0B.e.6479"}]}
RESULT: {"script":"<script> [56 bytes]","args":[{"element-6066-11e4-a52e-4f735466cecf":"f.74039697418B55B680EBD40CFFCF13D1.d.3ED41C2D4A6D3BE3D8A676174063AC0B.e.6479","ELEMENT":"f.74039697418B55B680EBD40CFFCF13D1.d.3ED41C2D4A6D3BE3D8A676174063AC0B.e.6479"}]}
COMMAND: GET /session/504404daf6556c94b3cb83283ff70561/screenshot - {}
RESULT: {}
COMMAND: POST /session/504404daf6556c94b3cb83283ff70561/execute/sync - {"script":"<script> [56 bytes]","args":[{"element-6066-11e4-a52e-4f735466cecf":"f.74039697418B55B680EBD40CFFCF13D1.d.3ED41C2D4A6D3BE3D8A676174063AC0B.e.6479","ELEMENT":"f.74039697418B55B680EBD40CFFCF13D1.d.3ED41C2D4A6D3BE3D8A676174063AC0B.e.6479"}]}
RESULT: {"script":"<script> [56 bytes]","args":[{"element-6066-11e4-a52e-4f735466cecf":"f.74039697418B55B680EBD40CFFCF13D1.d.3ED41C2D4A6D3BE3D8A676174063AC0B.e.6479","ELEMENT":"f.74039697418B55B680EBD40CFFCF13D1.d.3ED41C2D4A6D3BE3D8A676174063AC0B.e.6479"}]}
COMMAND: GET /session/504404daf6556c94b3cb83283ff70561/screenshot - {}
RESULT: {}
COMMAND: POST /session/504404daf6556c94b3cb83283ff70561/execute/sync - {"script":"<script> [56 bytes]","args":[{"element-6066-11e4-a52e-4f735466cecf":"f.74039697418B55B680EBD40CFFCF13D1.d.3ED41C2D4A6D3BE3D8A676174063AC0B.e.6479","ELEMENT":"f.74039697418B55B680EBD40CFFCF13D1.d.3ED41C2D4A6D3BE3D8A676174063AC0B.e.6479"}]}
RESULT: {"script":"<script> [56 bytes]","args":[{"element-6066-11e4-a52e-4f735466cecf":"f.74039697418B55B680EBD40CFFCF13D1.d.3ED41C2D4A6D3BE3D8A676174063AC0B.e.6479","ELEMENT":"f.74039697418B55B680EBD40CFFCF13D1.d.3ED41C2D4A6D3BE3D8A676174063AC0B.e.6479"}]}
COMMAND: GET /session/504404daf6556c94b3cb83283ff70561/screenshot - {}
RESULT: {}
COMMAND: POST /session/504404daf6556c94b3cb83283ff70561/execute/sync - {"script":"<script> [56 bytes]","args":[{"element-6066-11e4-a52e-4f735466cecf":"f.74039697418B55B680EBD40CFFCF13D1.d.3ED41C2D4A6D3BE3D8A676174063AC0B.e.6479","ELEMENT":"f.74039697418B55B680EBD40CFFCF13D1.d.3ED41C2D4A6D3BE3D8A676174063AC0B.e.6479"}]}
RESULT: {"script":"<script> [56 bytes]","args":[{"element-6066-11e4-a52e-4f735466cecf":"f.74039697418B55B680EBD40CFFCF13D1.d.3ED41C2D4A6D3BE3D8A676174063AC0B.e.6479","ELEMENT":"f.74039697418B55B680EBD40CFFCF13D1.d.3ED41C2D4A6D3BE3D8A676174063AC0B.e.6479"}]}
COMMAND: GET /session/504404daf6556c94b3cb83283ff70561/screenshot - {}
RESULT: {}
COMMAND: POST /session/504404daf6556c94b3cb83283ff70561/execute/sync - {"script":"<script> [56 bytes]","args":[{"element-6066-11e4-a52e-4f735466cecf":"f.74039697418B55B680EBD40CFFCF13D1.d.3ED41C2D4A6D3BE3D8A676174063AC0B.e.6479","ELEMENT":"f.74039697418B55B680EBD40CFFCF13D1.d.3ED41C2D4A6D3BE3D8A676174063AC0B.e.6479"}]}
RESULT: {"script":"<script> [56 bytes]","args":[{"element-6066-11e4-a52e-4f735466cecf":"f.74039697418B55B680EBD40CFFCF13D1.d.3ED41C2D4A6D3BE3D8A676174063AC0B.e.6479","ELEMENT":"f.74039697418B55B680EBD40CFFCF13D1.d.3ED41C2D4A6D3BE3D8A676174063AC0B.e.6479"}]}
COMMAND: GET /session/504404daf6556c94b3cb83283ff70561/screenshot - {}
RESULT: {}
COMMAND: POST /session/504404daf6556c94b3cb83283ff70561/execute/sync - {"script":"<script> [56 bytes]","args":[{"element-6066-11e4-a52e-4f735466cecf":"f.74039697418B55B680EBD40CFFCF13D1.d.3ED41C2D4A6D3BE3D8A676174063AC0B.e.6479","ELEMENT":"f.74039697418B55B680EBD40CFFCF13D1.d.3ED41C2D4A6D3BE3D8A676174063AC0B.e.6479"}]}
RESULT: {"script":"<script> [56 bytes]","args":[{"element-6066-11e4-a52e-4f735466cecf":"f.74039697418B55B680EBD40CFFCF13D1.d.3ED41C2D4A6D3BE3D8A676174063AC0B.e.6479","ELEMENT":"f.74039697418B55B680EBD40CFFCF13D1.d.3ED41C2D4A6D3BE3D8A676174063AC0B.e.6479"}]}
COMMAND: GET /session/504404daf6556c94b3cb83283ff70561/screenshot - {}
RESULT: {}
COMMAND: POST /session/504404daf6556c94b3cb83283ff70561/execute/sync - {"script":"<script> [56 bytes]","args":[{"element-6066-11e4-a52e-4f735466cecf":"f.74039697418B55B680EBD40CFFCF13D1.d.3ED41C2D4A6D3BE3D8A676174063AC0B.e.6479","ELEMENT":"f.74039697418B55B680EBD40CFFCF13D1.d.3ED41C2D4A6D3BE3D8A676174063AC0B.e.6479"}]}
RESULT: {"script":"<script> [56 bytes]","args":[{"element-6066-11e4-a52e-4f735466cecf":"f.74039697418B55B680EBD40CFFCF13D1.d.3ED41C2D4A6D3BE3D8A676174063AC0B.e.6479","ELEMENT":"f.74039697418B55B680EBD40CFFCF13D1.d.3ED41C2D4A6D3BE3D8A676174063AC0B.e.6479"}]}
COMMAND: GET /session/504404daf6556c94b3cb83283ff70561/screenshot - {}
RESULT: {}
COMMAND: POST /session/504404daf6556c94b3cb83283ff70561/execute/sync - {"script":"<script> [56 bytes]","args":[{"element-6066-11e4-a52e-4f735466cecf":"f.74039697418B55B680EBD40CFFCF13D1.d.3ED41C2D4A6D3BE3D8A676174063AC0B.e.6479","ELEMENT":"f.74039697418B55B680EBD40CFFCF13D1.d.3ED41C2D4A6D3BE3D8A676174063AC0B.e.6479"}]}
RESULT: {"script":"<script> [56 bytes]","args":[{"element-6066-11e4-a52e-4f735466cecf":"f.74039697418B55B680EBD40CFFCF13D1.d.3ED41C2D4A6D3BE3D8A676174063AC0B.e.6479","ELEMENT":"f.74039697418B55B680EBD40CFFCF13D1.d.3ED41C2D4A6D3BE3D8A676174063AC0B.e.6479"}]}
COMMAND: GET /session/504404daf6556c94b3cb83283ff70561/screenshot - {}
RESULT: {}
COMMAND: POST /session/504404daf6556c94b3cb83283ff70561/execute/sync - {"script":"<script> [56 bytes]","args":[{"element-6066-11e4-a52e-4f735466cecf":"f.74039697418B55B680EBD40CFFCF13D1.d.3ED41C2D4A6D3BE3D8A676174063AC0B.e.6479","ELEMENT":"f.74039697418B55B680EBD40CFFCF13D1.d.3ED41C2D4A6D3BE3D8A676174063AC0B.e.6479"}]}
RESULT: {"script":"<script> [56 bytes]","args":[{"element-6066-11e4-a52e-4f735466cecf":"f.74039697418B55B680EBD40CFFCF13D1.d.3ED41C2D4A6D3BE3D8A676174063AC0B.e.6479","ELEMENT":"f.74039697418B55B680EBD40CFFCF13D1.d.3ED41C2D4A6D3BE3D8A676174063AC0B.e.6479"}]}
COMMAND: GET /session/504404daf6556c94b3cb83283ff70561/screenshot - {}
RESULT: {}
COMMAND: POST /session/504404daf6556c94b3cb83283ff70561/execute/sync - {"script":"<script> [56 bytes]","args":[{"element-6066-11e4-a52e-4f735466cecf":"f.74039697418B55B680EBD40CFFCF13D1.d.3ED41C2D4A6D3BE3D8A676174063AC0B.e.6479","ELEMENT":"f.74039697418B55B680EBD40CFFCF13D1.d.3ED41C2D4A6D3BE3D8A676174063AC0B.e.6479"}]}
RESULT: {"script":"<script> [56 bytes]","args":[{"element-6066-11e4-a52e-4f735466cecf":"f.74039697418B55B680EBD40CFFCF13D1.d.3ED41C2D4A6D3BE3D8A676174063AC0B.e.6479","ELEMENT":"f.74039697418B55B680EBD40CFFCF13D1.d.3ED41C2D4A6D3BE3D8A676174063AC0B.e.6479"}]}
COMMAND: GET /session/504404daf6556c94b3cb83283ff70561/screenshot - {}
RESULT: {}
COMMAND: POST /session/504404daf6556c94b3cb83283ff70561/execute/sync - {"script":"<script> [56 bytes]","args":[{"element-6066-11e4-a52e-4f735466cecf":"f.74039697418B55B680EBD40CFFCF13D1.d.3ED41C2D4A6D3BE3D8A676174063AC0B.e.6479","ELEMENT":"f.74039697418B55B680EBD40CFFCF13D1.d.3ED41C2D4A6D3BE3D8A676174063AC0B.e.6479"}]}
RESULT: {"script":"<script> [56 bytes]","args":[{"element-6066-11e4-a52e-4f735466cecf":"f.74039697418B55B680EBD40CFFCF13D1.d.3ED41C2D4A6D3BE3D8A676174063AC0B.e.6479","ELEMENT":"f.74039697418B55B680EBD40CFFCF13D1.d.3ED41C2D4A6D3BE3D8A676174063AC0B.e.6479"}]}
COMMAND: GET /session/504404daf6556c94b3cb83283ff70561/screenshot - {}
COMMAND: POST /session/504404daf6556c94b3cb83283ff70561/execute/sync - {"script":"<script> [56 bytes]","args":[{"element-6066-11e4-a52e-4f735466cecf":"f.74039697418B55B680EBD40CFFCF13D1.d.3ED41C2D4A6D3BE3D8A676174063AC0B.e.6479","ELEMENT":"f.74039697418B55B680EBD40CFFCF13D1.d.3ED41C2D4A6D3BE3D8A676174063AC0B.e.6479"}]}
RESULT: {}
RESULT: {"script":"<script> [56 bytes]","args":[{"element-6066-11e4-a52e-4f735466cecf":"f.74039697418B55B680EBD40CFFCF13D1.d.3ED41C2D4A6D3BE3D8A676174063AC0B.e.6479","ELEMENT":"f.74039697418B55B680EBD40CFFCF13D1.d.3ED41C2D4A6D3BE3D8A676174063AC0B.e.6479"}]}
COMMAND: POST /session/504404daf6556c94b3cb83283ff70561/element - {"using":"css selector","value":"#shell-header-logo"}
COMMAND: GET /session/504404daf6556c94b3cb83283ff70561/screenshot - {}
RESULT: {"using":"css selector","value":"#shell-header-logo"}
COMMAND: POST /session/504404daf6556c94b3cb83283ff70561/element/f.74039697418B55B680EBD40CFFCF13D1.d.3ED41C2D4A6D3BE3D8A676174063AC0B.e.6321/click - {}
RESULT: {}
RESULT: {}
COMMAND: GET /session/504404daf6556c94b3cb83283ff70561/screenshot - {}
RESULT: {}
COMMAND: POST /session/504404daf6556c94b3cb83283ff70561/element - {"using":"css selector","value":"#j_username"}
COMMAND: POST /session/504404daf6556c94b3cb83283ff70561/url - {"url":"https://qa-testing-00-live-etm-ui.cfapps.eu10-004.hana.ondemand.com/"}
RESULT: {"using":"css selector","value":"#j_username"}
COMMAND: POST /session/504404daf6556c94b3cb83283ff70561/element - {"using":"css selector","value":"#j_username"}
RESULT: {"url":"https://qa-testing-00-live-etm-ui.cfapps.eu10-004.hana.ondemand.com/"}
RESULT: undefined
COMMAND: GET /session/504404daf6556c94b3cb83283ff70561/screenshot - {}
RESULT: {"using":"css selector","value":"#j_username"}
COMMAND: POST /session/504404daf6556c94b3cb83283ff70561/element - {"using":"css selector","value":"#shell-header-logo"}
RESULT: {}
RESULT: {"using":"css selector","value":"#shell-header-logo"}
COMMAND: POST /session/504404daf6556c94b3cb83283ff70561/execute/sync - {"script":"<script> [8489 bytes]","args":[{"element-6066-11e4-a52e-4f735466cecf":"f.74039697418B55B680EBD40CFFCF13D1.d.943FC84DF776BCEC037DD5DC086259AD.e.6528","ELEMENT":"f.74039697418B55B680EBD40CFFCF13D1.d.943FC84DF776BCEC037DD5DC086259AD.e.6528"}]}
RESULT: {"script":"<script> [8489 bytes]","args":[{"element-6066-11e4-a52e-4f735466cecf":"f.74039697418B55B680EBD40CFFCF13D1.d.943FC84DF776BCEC037DD5DC086259AD.e.6528","ELEMENT":"f.74039697418B55B680EBD40CFFCF13D1.d.943FC84DF776BCEC037DD5DC086259AD.e.6528"}]}
COMMAND: POST /session/504404daf6556c94b3cb83283ff70561/element - {"using":"css selector","value":"#shell-header-logo"}
COMMAND: GET /session/504404daf6556c94b3cb83283ff70561/screenshot - {}
RESULT: {}
RESULT: {"using":"css selector","value":"#shell-header-logo"}
COMMAND: POST /session/504404daf6556c94b3cb83283ff70561/execute/sync - {"script":"<script> [8489 bytes]","args":[{"element-6066-11e4-a52e-4f735466cecf":"f.74039697418B55B680EBD40CFFCF13D1.d.943FC84DF776BCEC037DD5DC086259AD.e.6528","ELEMENT":"f.74039697418B55B680EBD40CFFCF13D1.d.943FC84DF776BCEC037DD5DC086259AD.e.6528"}]}
RESULT: {"script":"<script> [8489 bytes]","args":[{"element-6066-11e4-a52e-4f735466cecf":"f.74039697418B55B680EBD40CFFCF13D1.d.943FC84DF776BCEC037DD5DC086259AD.e.6528","ELEMENT":"f.74039697418B55B680EBD40CFFCF13D1.d.943FC84DF776BCEC037DD5DC086259AD.e.6528"}]}
COMMAND: POST /session/504404daf6556c94b3cb83283ff70561/execute/sync - {"script":"<script> [5351 bytes]","args":[{"element-6066-11e4-a52e-4f735466cecf":"f.74039697418B55B680EBD40CFFCF13D1.d.943FC84DF776BCEC037DD5DC086259AD.e.6528","ELEMENT":"f.74039697418B55B680EBD40CFFCF13D1.d.943FC84DF776BCEC037DD5DC086259AD.e.6528"}]}
COMMAND: GET /session/504404daf6556c94b3cb83283ff70561/screenshot - {}
RESULT: {"script":"<script> [5351 bytes]","args":[{"element-6066-11e4-a52e-4f735466cecf":"f.74039697418B55B680EBD40CFFCF13D1.d.943FC84DF776BCEC037DD5DC086259AD.e.6528","ELEMENT":"f.74039697418B55B680EBD40CFFCF13D1.d.943FC84DF776BCEC037DD5DC086259AD.e.6528"}]}
COMMAND: POST /session/504404daf6556c94b3cb83283ff70561/element - {"using":"css selector","value":"#shell-header-logo"}
COMMAND: GET /session/504404daf6556c94b3cb83283ff70561/screenshot - {}
RESULT: {}
RESULT: {"using":"css selector","value":"#shell-header-logo"}
COMMAND: POST /session/504404daf6556c94b3cb83283ff70561/element/f.74039697418B55B680EBD40CFFCF13D1.d.943FC84DF776BCEC037DD5DC086259AD.e.6528/click - {}
RESULT: {}
RESULT: {}
COMMAND: GET /session/504404daf6556c94b3cb83283ff70561/screenshot - {}
RESULT: {}
COMMAND: POST /session/504404daf6556c94b3cb83283ff70561/execute/async - {"script":"<script> [189 bytes]","args":[]}
RESULT: {"script":"<script> [189 bytes]","args":[]}
COMMAND: POST /session/504404daf6556c94b3cb83283ff70561/execute/async - {"script":"<script> [123 bytes]","args":[]}
RESULT: {"script":"<script> [123 bytes]","args":[]}
COMMAND: POST /session/504404daf6556c94b3cb83283ff70561/timeouts - {"script":"<number>"}
RESULT: {"script":"<number>"}
COMMAND: GET /session/504404daf6556c94b3cb83283ff70561/timeouts - {}
RESULT: {}
RESULT: undefined
COMMAND: POST /session/504404daf6556c94b3cb83283ff70561/execute/async - {"script":"<script> [2676 bytes]","args":[]}
RESULT: {"script":"<script> [2676 bytes]","args":[]}
COMMAND: POST /session/504404daf6556c94b3cb83283ff70561/execute/async - {"script":"<script> [2342 bytes]","args":[{"protocol":"http","hostname":"0.0.0.0","path":"/","capabilities":{"browserName":"chrome","goog:chromeOptions":{"binary":"C:\\Program Files\\Google\\Chrome\\Application\\chrome.exe","args":["--start-maximized"]}},"logLevel":"warn","connectionRetryTimeout":120000,"connectionRetryCount":3,"logLevels":{},"enableDirectConnect":true,"strictSSL":true,"_":"65 more keys: [\"cacheDir\",\"port\",\"requestedCapabilities\",\"automationProtocol\",\"baseUrl\",\"waitforInterval\",\"waitforTimeout\",\"onReload\",\"beforeCommand\",\"afterCommand\",\"rootDir\",\"specs\",\"suites\",\"exclude\",\"groupLogsByTestSpec\",\"excludeDriverLogs\",\"bail\",\"framework\",\"reporters\",\"services\",\"maxInstances\",\"maxInstancesPerCapability\",\"injectGlobals\",\"filesToWatch\",\"execArgv\",\"runnerEnv\",\"runner\",\"shard\",\"specFileRetries\",\"specFileRetriesDelay\",\"specFileRetriesDeferred\",\"reporterSyncInterval\",\"reporterSyncTimeout\",\"cucumberFeaturesWithLineNumbers\",\"autoCompileOpts\",\"mochaOpts\",\"jasmineOpts\",\"cucumberOpts\",\"onPrepare\",\"onWorkerStart\",\"onWorkerEnd\",\"before\",\"beforeSession\",\"beforeSuite\",\"beforeHook\",\"beforeTest\",\"afterTest\",\"afterHook\",\"afterSuite\",\"afterSession\",\"after\",\"onComplete\",\"beforeAssertion\",\"afterAssertion\",\"beforeFeature\",\"beforeScenario\",\"beforeStep\",\"afterStep\",\"afterScenario\",\"afterFeature\",\"_\",\"suite\",\"$0\",\"ignoredWorkerServices\",\"wdi5\"]"}]}
RESULT: {"script":"<script> [2342 bytes]","args":[{"protocol":"http","hostname":"0.0.0.0","path":"/","capabilities":{"browserName":"chrome","goog:chromeOptions":{"binary":"C:\\Program Files\\Google\\Chrome\\Application\\chrome.exe","args":["--start-maximized"]}},"logLevel":"warn","connectionRetryTimeout":120000,"connectionRetryCount":3,"logLevels":{},"enableDirectConnect":true,"strictSSL":true,"_":"65 more keys: [\"cacheDir\",\"port\",\"requestedCapabilities\",\"automationProtocol\",\"baseUrl\",\"waitforInterval\",\"waitforTimeout\",\"onReload\",\"beforeCommand\",\"afterCommand\",\"rootDir\",\"specs\",\"suites\",\"exclude\",\"groupLogsByTestSpec\",\"excludeDriverLogs\",\"bail\",\"framework\",\"reporters\",\"services\",\"maxInstances\",\"maxInstancesPerCapability\",\"injectGlobals\",\"filesToWatch\",\"execArgv\",\"runnerEnv\",\"runner\",\"shard\",\"specFileRetries\",\"specFileRetriesDelay\",\"specFileRetriesDeferred\",\"reporterSyncInterval\",\"reporterSyncTimeout\",\"cucumberFeaturesWithLineNumbers\",\"autoCompileOpts\",\"mochaOpts\",\"jasmineOpts\",\"cucumberOpts\",\"onPrepare\",\"onWorkerStart\",\"onWorkerEnd\",\"before\",\"beforeSession\",\"beforeSuite\",\"beforeHook\",\"beforeTest\",\"afterTest\",\"afterHook\",\"afterSuite\",\"afterSession\",\"after\",\"onComplete\",\"beforeAssertion\",\"afterAssertion\",\"beforeFeature\",\"beforeScenario\",\"beforeStep\",\"afterStep\",\"afterScenario\",\"afterFeature\",\"_\",\"suite\",\"$0\",\"ignoredWorkerServices\",\"wdi5\"]"}]}
COMMAND: POST /session/504404daf6556c94b3cb83283ff70561/execute/async - {"script":"<script> [21126 bytes]","args":[35000]}
RESULT: {"script":"<script> [21126 bytes]","args":[35000]}
COMMAND: POST /session/504404daf6556c94b3cb83283ff70561/window/maximize - {}
RESULT: {}
COMMAND: POST /session/504404daf6556c94b3cb83283ff70561/execute/async - {"script":"<script> [1562 bytes]","args":[{"selector":{"id":"shell-header","interaction":{"idSuffix":"icon"}},"wdio_ui5_key":"shellheader"}]}
COMMAND: GET /session/504404daf6556c94b3cb83283ff70561/screenshot - {}
RESULT: {"script":"<script> [1562 bytes]","args":[{"selector":{"id":"shell-header","interaction":{"idSuffix":"icon"}},"wdio_ui5_key":"shellheader"}]}
RESULT: undefined
COMMAND: POST /session/504404daf6556c94b3cb83283ff70561/refresh - {}
RESULT: {}
RESULT: {}
COMMAND: GET /session/504404daf6556c94b3cb83283ff70561/screenshot - {}
RESULT: {}
COMMAND: POST /session/504404daf6556c94b3cb83283ff70561/refresh - {}
RESULT: {}
COMMAND: GET /session/504404daf6556c94b3cb83283ff70561/screenshot - {}
RESULT: {}
COMMAND: POST /session/504404daf6556c94b3cb83283ff70561/window/fullscreen - {}
RESULT: {}
COMMAND: POST /session/504404daf6556c94b3cb83283ff70561/execute/async - {"script":"<script> [189 bytes]","args":[]}
RESULT: {"script":"<script> [189 bytes]","args":[]}
COMMAND: POST /session/504404daf6556c94b3cb83283ff70561/execute/async - {"script":"<script> [123 bytes]","args":[]}
RESULT: {"script":"<script> [123 bytes]","args":[]}
COMMAND: POST /session/504404daf6556c94b3cb83283ff70561/timeouts - {"script":"<number>"}
RESULT: {"script":"<number>"}
COMMAND: GET /session/504404daf6556c94b3cb83283ff70561/timeouts - {}
RESULT: {}
RESULT: undefined
COMMAND: POST /session/504404daf6556c94b3cb83283ff70561/execute/async - {"script":"<script> [2676 bytes]","args":[]}
RESULT: {"script":"<script> [2676 bytes]","args":[]}
COMMAND: POST /session/504404daf6556c94b3cb83283ff70561/execute/async - {"script":"<script> [2342 bytes]","args":[{"protocol":"http","hostname":"0.0.0.0","path":"/","capabilities":{"browserName":"chrome","goog:chromeOptions":{"binary":"C:\\Program Files\\Google\\Chrome\\Application\\chrome.exe","args":["--start-maximized"]}},"logLevel":"warn","connectionRetryTimeout":120000,"connectionRetryCount":3,"logLevels":{},"enableDirectConnect":true,"strictSSL":true,"_":"65 more keys: [\"cacheDir\",\"port\",\"requestedCapabilities\",\"automationProtocol\",\"baseUrl\",\"waitforInterval\",\"waitforTimeout\",\"onReload\",\"beforeCommand\",\"afterCommand\",\"rootDir\",\"specs\",\"suites\",\"exclude\",\"groupLogsByTestSpec\",\"excludeDriverLogs\",\"bail\",\"framework\",\"reporters\",\"services\",\"maxInstances\",\"maxInstancesPerCapability\",\"injectGlobals\",\"filesToWatch\",\"execArgv\",\"runnerEnv\",\"runner\",\"shard\",\"specFileRetries\",\"specFileRetriesDelay\",\"specFileRetriesDeferred\",\"reporterSyncInterval\",\"reporterSyncTimeout\",\"cucumberFeaturesWithLineNumbers\",\"autoCompileOpts\",\"mochaOpts\",\"jasmineOpts\",\"cucumberOpts\",\"onPrepare\",\"onWorkerStart\",\"onWorkerEnd\",\"before\",\"beforeSession\",\"beforeSuite\",\"beforeHook\",\"beforeTest\",\"afterTest\",\"afterHook\",\"afterSuite\",\"afterSession\",\"after\",\"onComplete\",\"beforeAssertion\",\"afterAssertion\",\"beforeFeature\",\"beforeScenario\",\"beforeStep\",\"afterStep\",\"afterScenario\",\"afterFeature\",\"_\",\"suite\",\"$0\",\"ignoredWorkerServices\",\"wdi5\"]"}]}
RESULT: {"script":"<script> [2342 bytes]","args":[{"protocol":"http","hostname":"0.0.0.0","path":"/","capabilities":{"browserName":"chrome","goog:chromeOptions":{"binary":"C:\\Program Files\\Google\\Chrome\\Application\\chrome.exe","args":["--start-maximized"]}},"logLevel":"warn","connectionRetryTimeout":120000,"connectionRetryCount":3,"logLevels":{},"enableDirectConnect":true,"strictSSL":true,"_":"65 more keys: [\"cacheDir\",\"port\",\"requestedCapabilities\",\"automationProtocol\",\"baseUrl\",\"waitforInterval\",\"waitforTimeout\",\"onReload\",\"beforeCommand\",\"afterCommand\",\"rootDir\",\"specs\",\"suites\",\"exclude\",\"groupLogsByTestSpec\",\"excludeDriverLogs\",\"bail\",\"framework\",\"reporters\",\"services\",\"maxInstances\",\"maxInstancesPerCapability\",\"injectGlobals\",\"filesToWatch\",\"execArgv\",\"runnerEnv\",\"runner\",\"shard\",\"specFileRetries\",\"specFileRetriesDelay\",\"specFileRetriesDeferred\",\"reporterSyncInterval\",\"reporterSyncTimeout\",\"cucumberFeaturesWithLineNumbers\",\"autoCompileOpts\",\"mochaOpts\",\"jasmineOpts\",\"cucumberOpts\",\"onPrepare\",\"onWorkerStart\",\"onWorkerEnd\",\"before\",\"beforeSession\",\"beforeSuite\",\"beforeHook\",\"beforeTest\",\"afterTest\",\"afterHook\",\"afterSuite\",\"afterSession\",\"after\",\"onComplete\",\"beforeAssertion\",\"afterAssertion\",\"beforeFeature\",\"beforeScenario\",\"beforeStep\",\"afterStep\",\"afterScenario\",\"afterFeature\",\"_\",\"suite\",\"$0\",\"ignoredWorkerServices\",\"wdi5\"]"}]}
COMMAND: POST /session/504404daf6556c94b3cb83283ff70561/execute/async - {"script":"<script> [21126 bytes]","args":[35000]}
RESULT: {"script":"<script> [21126 bytes]","args":[35000]}
]]></system-out>
    </testcase>
  </testsuite>
  <testsuite timestamp="2025-04-21T17:37:54" time="1084.844" tests="12" failures="0" errors="0" skipped="0">
    <properties>
      <property name="specId" value="0"/>
      <property name="suiteName" value="Billing Transfer - Intracompany US127249"/>
      <property name="capabilities" value="chrome.135_0_7049_42.windows"/>
      <property name="file" value="file:///D:/a/1/s/test/specs/BTS/billing-transfer-intracompany.spec.js"/>
    </properties>
    <testcase classname="chrome.135_0_7049_42.windows.Billing_Transfer_-_Intracompany_US127249" name="Should create a new yard" time="116.675">
      <system-out><![CDATA[
COMMAND: POST /session/504404daf6556c94b3cb83283ff70561/window/fullscreen - {}
RESULT: {}
COMMAND: POST /session/504404daf6556c94b3cb83283ff70561/execute/async - {"script":"<script> [1562 bytes]","args":[{"selector":{"controlType":"sap.m.GenericTile","properties":{"header":"Manage Yards"}},"wdio_ui5_key":"sapm.GenericTile{\"header\":\"Manage Yards\"}"}]}
RESULT: {"script":"<script> [1562 bytes]","args":[{"selector":{"controlType":"sap.m.GenericTile","properties":{"header":"Manage Yards"}},"wdio_ui5_key":"sapm.GenericTile{\"header\":\"Manage Yards\"}"}]}
RESULT: undefined
COMMAND: POST /session/504404daf6556c94b3cb83283ff70561/element - {"using":"xpath","value":"//*[@id=\"__tile41\"]"}
RESULT: {"using":"xpath","value":"//*[@id=\"__tile41\"]"}
COMMAND: POST /session/504404daf6556c94b3cb83283ff70561/element/f.74039697418B55B680EBD40CFFCF13D1.d.E5DE7F77BA7ADCD535C2F357269F6926.e.6693/click - {}
RESULT: {}
COMMAND: POST /session/504404daf6556c94b3cb83283ff70561/element - {"using":"xpath","value":"//button[@data-kt=\"addNewYardOverflowToolbarButton\"]"}
COMMAND: GET /session/504404daf6556c94b3cb83283ff70561/screenshot - {}
RESULT: {"using":"xpath","value":"//button[@data-kt=\"addNewYardOverflowToolbarButton\"]"}
COMMAND: POST /session/504404daf6556c94b3cb83283ff70561/elements - {"using":"xpath","value":"//button[@data-kt=\"addNewYardOverflowToolbarButton\"]"}
RESULT: {}
RESULT: {"using":"xpath","value":"//button[@data-kt=\"addNewYardOverflowToolbarButton\"]"}
COMMAND: POST /session/504404daf6556c94b3cb83283ff70561/elements - {"using":"xpath","value":"//button[@data-kt=\"addNewYardOverflowToolbarButton\"]"}
RESULT: {"using":"xpath","value":"//button[@data-kt=\"addNewYardOverflowToolbarButton\"]"}
COMMAND: POST /session/504404daf6556c94b3cb83283ff70561/elements - {"using":"xpath","value":"//button[@data-kt=\"addNewYardOverflowToolbarButton\"]"}
RESULT: {"using":"xpath","value":"//button[@data-kt=\"addNewYardOverflowToolbarButton\"]"}
COMMAND: POST /session/504404daf6556c94b3cb83283ff70561/elements - {"using":"xpath","value":"//button[@data-kt=\"addNewYardOverflowToolbarButton\"]"}
RESULT: {"using":"xpath","value":"//button[@data-kt=\"addNewYardOverflowToolbarButton\"]"}
COMMAND: POST /session/504404daf6556c94b3cb83283ff70561/elements - {"using":"xpath","value":"//button[@data-kt=\"addNewYardOverflowToolbarButton\"]"}
RESULT: {"using":"xpath","value":"//button[@data-kt=\"addNewYardOverflowToolbarButton\"]"}
COMMAND: POST /session/504404daf6556c94b3cb83283ff70561/elements - {"using":"xpath","value":"//button[@data-kt=\"addNewYardOverflowToolbarButton\"]"}
RESULT: {"using":"xpath","value":"//button[@data-kt=\"addNewYardOverflowToolbarButton\"]"}
COMMAND: POST /session/504404daf6556c94b3cb83283ff70561/elements - {"using":"xpath","value":"//button[@data-kt=\"addNewYardOverflowToolbarButton\"]"}
RESULT: {"using":"xpath","value":"//button[@data-kt=\"addNewYardOverflowToolbarButton\"]"}
COMMAND: POST /session/504404daf6556c94b3cb83283ff70561/elements - {"using":"xpath","value":"//button[@data-kt=\"addNewYardOverflowToolbarButton\"]"}
RESULT: {"using":"xpath","value":"//button[@data-kt=\"addNewYardOverflowToolbarButton\"]"}
COMMAND: POST /session/504404daf6556c94b3cb83283ff70561/elements - {"using":"xpath","value":"//button[@data-kt=\"addNewYardOverflowToolbarButton\"]"}
RESULT: {"using":"xpath","value":"//button[@data-kt=\"addNewYardOverflowToolbarButton\"]"}
COMMAND: POST /session/504404daf6556c94b3cb83283ff70561/elements - {"using":"xpath","value":"//button[@data-kt=\"addNewYardOverflowToolbarButton\"]"}
RESULT: {"using":"xpath","value":"//button[@data-kt=\"addNewYardOverflowToolbarButton\"]"}
COMMAND: POST /session/504404daf6556c94b3cb83283ff70561/elements - {"using":"xpath","value":"//button[@data-kt=\"addNewYardOverflowToolbarButton\"]"}
RESULT: {"using":"xpath","value":"//button[@data-kt=\"addNewYardOverflowToolbarButton\"]"}
COMMAND: POST /session/504404daf6556c94b3cb83283ff70561/elements - {"using":"xpath","value":"//button[@data-kt=\"addNewYardOverflowToolbarButton\"]"}
RESULT: {"using":"xpath","value":"//button[@data-kt=\"addNewYardOverflowToolbarButton\"]"}
COMMAND: POST /session/504404daf6556c94b3cb83283ff70561/elements - {"using":"xpath","value":"//button[@data-kt=\"addNewYardOverflowToolbarButton\"]"}
RESULT: {"using":"xpath","value":"//button[@data-kt=\"addNewYardOverflowToolbarButton\"]"}
COMMAND: POST /session/504404daf6556c94b3cb83283ff70561/elements - {"using":"xpath","value":"//button[@data-kt=\"addNewYardOverflowToolbarButton\"]"}
RESULT: {"using":"xpath","value":"//button[@data-kt=\"addNewYardOverflowToolbarButton\"]"}
COMMAND: POST /session/504404daf6556c94b3cb83283ff70561/elements - {"using":"xpath","value":"//button[@data-kt=\"addNewYardOverflowToolbarButton\"]"}
RESULT: {"using":"xpath","value":"//button[@data-kt=\"addNewYardOverflowToolbarButton\"]"}
COMMAND: POST /session/504404daf6556c94b3cb83283ff70561/elements - {"using":"xpath","value":"//button[@data-kt=\"addNewYardOverflowToolbarButton\"]"}
RESULT: {"using":"xpath","value":"//button[@data-kt=\"addNewYardOverflowToolbarButton\"]"}
COMMAND: POST /session/504404daf6556c94b3cb83283ff70561/elements - {"using":"xpath","value":"//button[@data-kt=\"addNewYardOverflowToolbarButton\"]"}
RESULT: {"using":"xpath","value":"//button[@data-kt=\"addNewYardOverflowToolbarButton\"]"}
COMMAND: POST /session/504404daf6556c94b3cb83283ff70561/elements - {"using":"xpath","value":"//button[@data-kt=\"addNewYardOverflowToolbarButton\"]"}
RESULT: {"using":"xpath","value":"//button[@data-kt=\"addNewYardOverflowToolbarButton\"]"}
COMMAND: POST /session/504404daf6556c94b3cb83283ff70561/elements - {"using":"xpath","value":"//button[@data-kt=\"addNewYardOverflowToolbarButton\"]"}
RESULT: {"using":"xpath","value":"//button[@data-kt=\"addNewYardOverflowToolbarButton\"]"}
COMMAND: POST /session/504404daf6556c94b3cb83283ff70561/elements - {"using":"xpath","value":"//button[@data-kt=\"addNewYardOverflowToolbarButton\"]"}
RESULT: {"using":"xpath","value":"//button[@data-kt=\"addNewYardOverflowToolbarButton\"]"}
COMMAND: POST /session/504404daf6556c94b3cb83283ff70561/elements - {"using":"xpath","value":"//button[@data-kt=\"addNewYardOverflowToolbarButton\"]"}
RESULT: {"using":"xpath","value":"//button[@data-kt=\"addNewYardOverflowToolbarButton\"]"}
COMMAND: POST /session/504404daf6556c94b3cb83283ff70561/elements - {"using":"xpath","value":"//button[@data-kt=\"addNewYardOverflowToolbarButton\"]"}
RESULT: {"using":"xpath","value":"//button[@data-kt=\"addNewYardOverflowToolbarButton\"]"}
COMMAND: POST /session/504404daf6556c94b3cb83283ff70561/elements - {"using":"xpath","value":"//button[@data-kt=\"addNewYardOverflowToolbarButton\"]"}
RESULT: {"using":"xpath","value":"//button[@data-kt=\"addNewYardOverflowToolbarButton\"]"}
COMMAND: POST /session/504404daf6556c94b3cb83283ff70561/elements - {"using":"xpath","value":"//button[@data-kt=\"addNewYardOverflowToolbarButton\"]"}
RESULT: {"using":"xpath","value":"//button[@data-kt=\"addNewYardOverflowToolbarButton\"]"}
COMMAND: POST /session/504404daf6556c94b3cb83283ff70561/elements - {"using":"xpath","value":"//button[@data-kt=\"addNewYardOverflowToolbarButton\"]"}
RESULT: {"using":"xpath","value":"//button[@data-kt=\"addNewYardOverflowToolbarButton\"]"}
COMMAND: POST /session/504404daf6556c94b3cb83283ff70561/elements - {"using":"xpath","value":"//button[@data-kt=\"addNewYardOverflowToolbarButton\"]"}
RESULT: {"using":"xpath","value":"//button[@data-kt=\"addNewYardOverflowToolbarButton\"]"}
COMMAND: POST /session/504404daf6556c94b3cb83283ff70561/elements - {"using":"xpath","value":"//button[@data-kt=\"addNewYardOverflowToolbarButton\"]"}
RESULT: {"using":"xpath","value":"//button[@data-kt=\"addNewYardOverflowToolbarButton\"]"}
COMMAND: POST /session/504404daf6556c94b3cb83283ff70561/elements - {"using":"xpath","value":"//button[@data-kt=\"addNewYardOverflowToolbarButton\"]"}
RESULT: {"using":"xpath","value":"//button[@data-kt=\"addNewYardOverflowToolbarButton\"]"}
COMMAND: POST /session/504404daf6556c94b3cb83283ff70561/elements - {"using":"xpath","value":"//button[@data-kt=\"addNewYardOverflowToolbarButton\"]"}
RESULT: {"using":"xpath","value":"//button[@data-kt=\"addNewYardOverflowToolbarButton\"]"}
COMMAND: POST /session/504404daf6556c94b3cb83283ff70561/elements - {"using":"xpath","value":"//button[@data-kt=\"addNewYardOverflowToolbarButton\"]"}
RESULT: {"using":"xpath","value":"//button[@data-kt=\"addNewYardOverflowToolbarButton\"]"}
COMMAND: POST /session/504404daf6556c94b3cb83283ff70561/elements - {"using":"xpath","value":"//button[@data-kt=\"addNewYardOverflowToolbarButton\"]"}
RESULT: {"using":"xpath","value":"//button[@data-kt=\"addNewYardOverflowToolbarButton\"]"}
COMMAND: POST /session/504404daf6556c94b3cb83283ff70561/elements - {"using":"xpath","value":"//button[@data-kt=\"addNewYardOverflowToolbarButton\"]"}
RESULT: {"using":"xpath","value":"//button[@data-kt=\"addNewYardOverflowToolbarButton\"]"}
COMMAND: POST /session/504404daf6556c94b3cb83283ff70561/elements - {"using":"xpath","value":"//button[@data-kt=\"addNewYardOverflowToolbarButton\"]"}
RESULT: {"using":"xpath","value":"//button[@data-kt=\"addNewYardOverflowToolbarButton\"]"}
COMMAND: POST /session/504404daf6556c94b3cb83283ff70561/elements - {"using":"xpath","value":"//button[@data-kt=\"addNewYardOverflowToolbarButton\"]"}
RESULT: {"using":"xpath","value":"//button[@data-kt=\"addNewYardOverflowToolbarButton\"]"}
COMMAND: POST /session/504404daf6556c94b3cb83283ff70561/elements - {"using":"xpath","value":"//button[@data-kt=\"addNewYardOverflowToolbarButton\"]"}
RESULT: {"using":"xpath","value":"//button[@data-kt=\"addNewYardOverflowToolbarButton\"]"}
COMMAND: POST /session/504404daf6556c94b3cb83283ff70561/elements - {"using":"xpath","value":"//button[@data-kt=\"addNewYardOverflowToolbarButton\"]"}
RESULT: {"using":"xpath","value":"//button[@data-kt=\"addNewYardOverflowToolbarButton\"]"}
COMMAND: POST /session/504404daf6556c94b3cb83283ff70561/elements - {"using":"xpath","value":"//button[@data-kt=\"addNewYardOverflowToolbarButton\"]"}
RESULT: {"using":"xpath","value":"//button[@data-kt=\"addNewYardOverflowToolbarButton\"]"}
COMMAND: POST /session/504404daf6556c94b3cb83283ff70561/elements - {"using":"xpath","value":"//button[@data-kt=\"addNewYardOverflowToolbarButton\"]"}
RESULT: {"using":"xpath","value":"//button[@data-kt=\"addNewYardOverflowToolbarButton\"]"}
COMMAND: POST /session/504404daf6556c94b3cb83283ff70561/elements - {"using":"xpath","value":"//button[@data-kt=\"addNewYardOverflowToolbarButton\"]"}
RESULT: {"using":"xpath","value":"//button[@data-kt=\"addNewYardOverflowToolbarButton\"]"}
COMMAND: POST /session/504404daf6556c94b3cb83283ff70561/elements - {"using":"xpath","value":"//button[@data-kt=\"addNewYardOverflowToolbarButton\"]"}
RESULT: {"using":"xpath","value":"//button[@data-kt=\"addNewYardOverflowToolbarButton\"]"}
COMMAND: POST /session/504404daf6556c94b3cb83283ff70561/elements - {"using":"xpath","value":"//button[@data-kt=\"addNewYardOverflowToolbarButton\"]"}
RESULT: {"using":"xpath","value":"//button[@data-kt=\"addNewYardOverflowToolbarButton\"]"}
COMMAND: POST /session/504404daf6556c94b3cb83283ff70561/elements - {"using":"xpath","value":"//button[@data-kt=\"addNewYardOverflowToolbarButton\"]"}
RESULT: {"using":"xpath","value":"//button[@data-kt=\"addNewYardOverflowToolbarButton\"]"}
COMMAND: POST /session/504404daf6556c94b3cb83283ff70561/element - {"using":"xpath","value":"//button[@data-kt=\"addNewYardOverflowToolbarButton\"]"}
RESULT: {"using":"xpath","value":"//button[@data-kt=\"addNewYardOverflowToolbarButton\"]"}
COMMAND: POST /session/504404daf6556c94b3cb83283ff70561/execute/sync - {"script":"<script> [8489 bytes]","args":[{"element-6066-11e4-a52e-4f735466cecf":"f.74039697418B55B680EBD40CFFCF13D1.d.E5DE7F77BA7ADCD535C2F357269F6926.e.6828","ELEMENT":"f.74039697418B55B680EBD40CFFCF13D1.d.E5DE7F77BA7ADCD535C2F357269F6926.e.6828"}]}
RESULT: {"script":"<script> [8489 bytes]","args":[{"element-6066-11e4-a52e-4f735466cecf":"f.74039697418B55B680EBD40CFFCF13D1.d.E5DE7F77BA7ADCD535C2F357269F6926.e.6828","ELEMENT":"f.74039697418B55B680EBD40CFFCF13D1.d.E5DE7F77BA7ADCD535C2F357269F6926.e.6828"}]}
COMMAND: GET /session/504404daf6556c94b3cb83283ff70561/element/f.74039697418B55B680EBD40CFFCF13D1.d.E5DE7F77BA7ADCD535C2F357269F6926.e.6828/enabled - {}
COMMAND: GET /session/504404daf6556c94b3cb83283ff70561/screenshot - {}
RESULT: {}
COMMAND: POST /session/504404daf6556c94b3cb83283ff70561/execute/sync - {"script":"<script> [8489 bytes]","args":[{"element-6066-11e4-a52e-4f735466cecf":"f.74039697418B55B680EBD40CFFCF13D1.d.E5DE7F77BA7ADCD535C2F357269F6926.e.6828","ELEMENT":"f.74039697418B55B680EBD40CFFCF13D1.d.E5DE7F77BA7ADCD535C2F357269F6926.e.6828"}]}
COMMAND: GET /session/504404daf6556c94b3cb83283ff70561/screenshot - {}
RESULT: {}
RESULT: {"script":"<script> [8489 bytes]","args":[{"element-6066-11e4-a52e-4f735466cecf":"f.74039697418B55B680EBD40CFFCF13D1.d.E5DE7F77BA7ADCD535C2F357269F6926.e.6828","ELEMENT":"f.74039697418B55B680EBD40CFFCF13D1.d.E5DE7F77BA7ADCD535C2F357269F6926.e.6828"}]}
COMMAND: POST /session/504404daf6556c94b3cb83283ff70561/execute/sync - {"script":"<script> [5351 bytes]","args":[{"element-6066-11e4-a52e-4f735466cecf":"f.74039697418B55B680EBD40CFFCF13D1.d.E5DE7F77BA7ADCD535C2F357269F6926.e.6828","ELEMENT":"f.74039697418B55B680EBD40CFFCF13D1.d.E5DE7F77BA7ADCD535C2F357269F6926.e.6828"}]}
COMMAND: GET /session/504404daf6556c94b3cb83283ff70561/screenshot - {}
RESULT: {}
RESULT: {"script":"<script> [5351 bytes]","args":[{"element-6066-11e4-a52e-4f735466cecf":"f.74039697418B55B680EBD40CFFCF13D1.d.E5DE7F77BA7ADCD535C2F357269F6926.e.6828","ELEMENT":"f.74039697418B55B680EBD40CFFCF13D1.d.E5DE7F77BA7ADCD535C2F357269F6926.e.6828"}]}
COMMAND: POST /session/504404daf6556c94b3cb83283ff70561/element/f.74039697418B55B680EBD40CFFCF13D1.d.E5DE7F77BA7ADCD535C2F357269F6926.e.6828/click - {}
COMMAND: GET /session/504404daf6556c94b3cb83283ff70561/screenshot - {}
RESULT: {}
RESULT: {}
COMMAND: GET /session/504404daf6556c94b3cb83283ff70561/screenshot - {}
COMMAND: POST /session/504404daf6556c94b3cb83283ff70561/element - {"using":"xpath","value":"//input[@id=\"application-manageyards-display-component---NewYard--yardId-inner\"]"}
RESULT: {}
RESULT: {}
RESULT: {"using":"xpath","value":"//input[@id=\"application-manageyards-display-component---NewYard--yardId-inner\"]"}
COMMAND: POST /session/504404daf6556c94b3cb83283ff70561/element - {"using":"xpath","value":"//input[@id=\"application-manageyards-display-component---NewYard--yardId-inner\"]"}
RESULT: {"using":"xpath","value":"//input[@id=\"application-manageyards-display-component---NewYard--yardId-inner\"]"}
COMMAND: POST /session/504404daf6556c94b3cb83283ff70561/execute/async - {"script":"<script> [1562 bytes]","args":[{"selector":{"id":"application-manageyards-display-component---NewYard--addressDetailDetailsName1","interaction":{"idSuffix":"inner"}},"wdio_ui5_key":"applicationmanageyards-display-component---NewYard--addressDetailDetailsName1"}]}
RESULT: {"script":"<script> [1562 bytes]","args":[{"selector":{"id":"application-manageyards-display-component---NewYard--addressDetailDetailsName1","interaction":{"idSuffix":"inner"}},"wdio_ui5_key":"applicationmanageyards-display-component---NewYard--addressDetailDetailsName1"}]}
RESULT: undefined
COMMAND: POST /session/504404daf6556c94b3cb83283ff70561/execute/async - {"script":"<script> [776 bytes]","args":[{"enterText":"Intracompany Yard wdIO","selector":{"id":"application-manageyards-display-component---NewYard--addressDetailDetailsName1","interaction":{"idSuffix":"inner"}},"clearTextFirst":true,"interactionType":"ENTER_TEXT"}]}
RESULT: {"script":"<script> [776 bytes]","args":[{"enterText":"Intracompany Yard wdIO","selector":{"id":"application-manageyards-display-component---NewYard--addressDetailDetailsName1","interaction":{"idSuffix":"inner"}},"clearTextFirst":true,"interactionType":"ENTER_TEXT"}]}
COMMAND: POST /session/504404daf6556c94b3cb83283ff70561/execute/async - {"script":"<script> [1562 bytes]","args":[{"selector":{"id":"application-manageyards-display-component---NewYard--addressDetailDetailsLanguage-arrow"},"wdio_ui5_key":"applicationmanageyards-display-component---NewYard--addressDetailDetailsLanguage-arrow"}]}
RESULT: {"script":"<script> [1562 bytes]","args":[{"selector":{"id":"application-manageyards-display-component---NewYard--addressDetailDetailsLanguage-arrow"},"wdio_ui5_key":"applicationmanageyards-display-component---NewYard--addressDetailDetailsLanguage-arrow"}]}
RESULT: undefined
COMMAND: POST /session/504404daf6556c94b3cb83283ff70561/element - {"using":"xpath","value":"//*[@id=\"application-manageyards-display-component---NewYard--addressDetailDetailsLanguage-arrow\"]"}
RESULT: {"using":"xpath","value":"//*[@id=\"application-manageyards-display-component---NewYard--addressDetailDetailsLanguage-arrow\"]"}
COMMAND: POST /session/504404daf6556c94b3cb83283ff70561/element/f.74039697418B55B680EBD40CFFCF13D1.d.E5DE7F77BA7ADCD535C2F357269F6926.e.7261/click - {}
RESULT: {}
COMMAND: POST /session/504404daf6556c94b3cb83283ff70561/element - {"using":"xpath","value":"//span[contains(text(), \"English\")]"}
COMMAND: GET /session/504404daf6556c94b3cb83283ff70561/screenshot - {}
RESULT: {"using":"xpath","value":"//span[contains(text(), \"English\")]"}
COMMAND: POST /session/504404daf6556c94b3cb83283ff70561/element/f.74039697418B55B680EBD40CFFCF13D1.d.E5DE7F77BA7ADCD535C2F357269F6926.e.7262/click - {}
RESULT: {}
RESULT: {}
COMMAND: POST /session/504404daf6556c94b3cb83283ff70561/execute/async - {"script":"<script> [1562 bytes]","args":[{"selector":{"id":"application-manageyards-display-component---NewYard--addressDetailDetailsCity1","interaction":{"idSuffix":"inner"}},"wdio_ui5_key":"applicationmanageyards-display-component---NewYard--addressDetailDetailsCity1"}]}
COMMAND: GET /session/504404daf6556c94b3cb83283ff70561/screenshot - {}
RESULT: {"script":"<script> [1562 bytes]","args":[{"selector":{"id":"application-manageyards-display-component---NewYard--addressDetailDetailsCity1","interaction":{"idSuffix":"inner"}},"wdio_ui5_key":"applicationmanageyards-display-component---NewYard--addressDetailDetailsCity1"}]}
RESULT: undefined
COMMAND: POST /session/504404daf6556c94b3cb83283ff70561/execute/async - {"script":"<script> [776 bytes]","args":[{"enterText":"Rosario","selector":{"id":"application-manageyards-display-component---NewYard--addressDetailDetailsCity1","interaction":{"idSuffix":"inner"}},"clearTextFirst":true,"interactionType":"ENTER_TEXT"}]}
RESULT: {}
RESULT: {"script":"<script> [776 bytes]","args":[{"enterText":"Rosario","selector":{"id":"application-manageyards-display-component---NewYard--addressDetailDetailsCity1","interaction":{"idSuffix":"inner"}},"clearTextFirst":true,"interactionType":"ENTER_TEXT"}]}
COMMAND: POST /session/504404daf6556c94b3cb83283ff70561/execute/async - {"script":"<script> [1562 bytes]","args":[{"selector":{"id":"application-manageyards-display-component---NewYard--addressDetailDetailsCountry-arrow"},"wdio_ui5_key":"applicationmanageyards-display-component---NewYard--addressDetailDetailsCountry-arrow"}]}
RESULT: {"script":"<script> [1562 bytes]","args":[{"selector":{"id":"application-manageyards-display-component---NewYard--addressDetailDetailsCountry-arrow"},"wdio_ui5_key":"applicationmanageyards-display-component---NewYard--addressDetailDetailsCountry-arrow"}]}
RESULT: undefined
COMMAND: POST /session/504404daf6556c94b3cb83283ff70561/element - {"using":"xpath","value":"//*[@id=\"application-manageyards-display-component---NewYard--addressDetailDetailsCountry-arrow\"]"}
RESULT: {"using":"xpath","value":"//*[@id=\"application-manageyards-display-component---NewYard--addressDetailDetailsCountry-arrow\"]"}
COMMAND: POST /session/504404daf6556c94b3cb83283ff70561/element/f.74039697418B55B680EBD40CFFCF13D1.d.E5DE7F77BA7ADCD535C2F357269F6926.e.7264/click - {}
RESULT: {}
COMMAND: POST /session/504404daf6556c94b3cb83283ff70561/element - {"using":"xpath","value":"//span[contains(text(), \"Argentina\")]"}
COMMAND: GET /session/504404daf6556c94b3cb83283ff70561/screenshot - {}
RESULT: {"using":"xpath","value":"//span[contains(text(), \"Argentina\")]"}
COMMAND: POST /session/504404daf6556c94b3cb83283ff70561/element/f.74039697418B55B680EBD40CFFCF13D1.d.E5DE7F77BA7ADCD535C2F357269F6926.e.7266/click - {}
RESULT: {}
RESULT: {}
COMMAND: POST /session/504404daf6556c94b3cb83283ff70561/execute/async - {"script":"<script> [1562 bytes]","args":[{"selector":{"id":"application-manageyards-display-component---NewYard--addressEditDetailsCostObjectCstType-arrow"},"wdio_ui5_key":"applicationmanageyards-display-component---NewYard--addressEditDetailsCostObjectCstType-arrow"}]}
COMMAND: GET /session/504404daf6556c94b3cb83283ff70561/screenshot - {}
RESULT: {"script":"<script> [1562 bytes]","args":[{"selector":{"id":"application-manageyards-display-component---NewYard--addressEditDetailsCostObjectCstType-arrow"},"wdio_ui5_key":"applicationmanageyards-display-component---NewYard--addressEditDetailsCostObjectCstType-arrow"}]}
RESULT: undefined
COMMAND: POST /session/504404daf6556c94b3cb83283ff70561/element - {"using":"xpath","value":"//*[@id=\"application-manageyards-display-component---NewYard--addressEditDetailsCostObjectCstType-arrow\"]"}
RESULT: {}
RESULT: {"using":"xpath","value":"//*[@id=\"application-manageyards-display-component---NewYard--addressEditDetailsCostObjectCstType-arrow\"]"}
COMMAND: POST /session/504404daf6556c94b3cb83283ff70561/element/f.74039697418B55B680EBD40CFFCF13D1.d.E5DE7F77BA7ADCD535C2F357269F6926.e.7267/click - {}
RESULT: {}
COMMAND: POST /session/504404daf6556c94b3cb83283ff70561/element - {"using":"xpath","value":"//span[contains(text(), \"Cost Center\")]"}
COMMAND: GET /session/504404daf6556c94b3cb83283ff70561/screenshot - {}
RESULT: {"using":"xpath","value":"//span[contains(text(), \"Cost Center\")]"}
COMMAND: POST /session/504404daf6556c94b3cb83283ff70561/element/f.74039697418B55B680EBD40CFFCF13D1.d.E5DE7F77BA7ADCD535C2F357269F6926.e.7268/click - {}
RESULT: {}
RESULT: {}
COMMAND: GET /session/504404daf6556c94b3cb83283ff70561/screenshot - {}
RESULT: {}
COMMAND: POST /session/504404daf6556c94b3cb83283ff70561/element - {"using":"xpath","value":"//span[@id=\"application-manageyards-display-component---NewYard--addressNewCostObjectCstID-vhi\"]"}
RESULT: {"using":"xpath","value":"//span[@id=\"application-manageyards-display-component---NewYard--addressNewCostObjectCstID-vhi\"]"}
COMMAND: POST /session/504404daf6556c94b3cb83283ff70561/execute/sync - {"script":"<script> [8489 bytes]","args":[{"element-6066-11e4-a52e-4f735466cecf":"f.74039697418B55B680EBD40CFFCF13D1.d.E5DE7F77BA7ADCD535C2F357269F6926.e.7271","ELEMENT":"f.74039697418B55B680EBD40CFFCF13D1.d.E5DE7F77BA7ADCD535C2F357269F6926.e.7271"}]}
RESULT: {"script":"<script> [8489 bytes]","args":[{"element-6066-11e4-a52e-4f735466cecf":"f.74039697418B55B680EBD40CFFCF13D1.d.E5DE7F77BA7ADCD535C2F357269F6926.e.7271","ELEMENT":"f.74039697418B55B680EBD40CFFCF13D1.d.E5DE7F77BA7ADCD535C2F357269F6926.e.7271"}]}
COMMAND: POST /session/504404daf6556c94b3cb83283ff70561/execute/async - {"script":"<script> [1562 bytes]","args":[{"selector":{"id":"application-manageyards-display-component---NewYard--addressNewCostObjectCstID-vhi"},"wdio_ui5_key":"applicationmanageyards-display-component---NewYard--addressNewCostObjectCstID-vhi"}]}
COMMAND: GET /session/504404daf6556c94b3cb83283ff70561/screenshot - {}
RESULT: {"script":"<script> [1562 bytes]","args":[{"selector":{"id":"application-manageyards-display-component---NewYard--addressNewCostObjectCstID-vhi"},"wdio_ui5_key":"applicationmanageyards-display-component---NewYard--addressNewCostObjectCstID-vhi"}]}
RESULT: undefined
COMMAND: POST /session/504404daf6556c94b3cb83283ff70561/element - {"using":"xpath","value":"//*[@id=\"application-manageyards-display-component---NewYard--addressNewCostObjectCstID-vhi\"]"}
RESULT: {}
RESULT: {"using":"xpath","value":"//*[@id=\"application-manageyards-display-component---NewYard--addressNewCostObjectCstID-vhi\"]"}
COMMAND: POST /session/504404daf6556c94b3cb83283ff70561/element/f.74039697418B55B680EBD40CFFCF13D1.d.E5DE7F77BA7ADCD535C2F357269F6926.e.7271/click - {}
RESULT: {}
COMMAND: GET /session/504404daf6556c94b3cb83283ff70561/screenshot - {}
RESULT: {}
COMMAND: POST /session/504404daf6556c94b3cb83283ff70561/execute/async - {"script":"<script> [1562 bytes]","args":[{"selector":{"controlType":"sap.m.SearchField","properties":{"placeholder":"Search"},"searchOpenDialogs":true,"interaction":{"idSuffix":"I"}},"wdio_ui5_key":"sapm.SearchField{\"placeholder\":\"Search\"}"}]}
RESULT: {"script":"<script> [1562 bytes]","args":[{"selector":{"controlType":"sap.m.SearchField","properties":{"placeholder":"Search"},"searchOpenDialogs":true,"interaction":{"idSuffix":"I"}},"wdio_ui5_key":"sapm.SearchField{\"placeholder\":\"Search\"}"}]}
RESULT: undefined
COMMAND: POST /session/504404daf6556c94b3cb83283ff70561/execute/async - {"script":"<script> [776 bytes]","args":[{"enterText":"10001013","selector":{"controlType":"sap.m.SearchField","properties":{"placeholder":"Search"},"searchOpenDialogs":true,"interaction":{"idSuffix":"I"}},"clearTextFirst":true,"interactionType":"ENTER_TEXT"}]}
RESULT: {"script":"<script> [776 bytes]","args":[{"enterText":"10001013","selector":{"controlType":"sap.m.SearchField","properties":{"placeholder":"Search"},"searchOpenDialogs":true,"interaction":{"idSuffix":"I"}},"clearTextFirst":true,"interactionType":"ENTER_TEXT"}]}
COMMAND: POST /session/504404daf6556c94b3cb83283ff70561/actions - {"actions":[{"id":"action22","type":"key","parameters":{},"actions":[{"type":"keyDown","value":""},{"type":"pause","duration":10},{"type":"keyUp","value":""}]}]}
RESULT: {"actions":[{"id":"action22","type":"key","parameters":{},"actions":[{"type":"keyDown","value":""},{"type":"pause","duration":10},{"type":"keyUp","value":""}]}]}
COMMAND: GET /session/504404daf6556c94b3cb83283ff70561/screenshot - {}
RESULT: {}
COMMAND: POST /session/504404daf6556c94b3cb83283ff70561/element - {"using":"xpath","value":"//span[contains(text(), \"General Management\")]"}
RESULT: {"using":"xpath","value":"//span[contains(text(), \"General Management\")]"}
COMMAND: POST /session/504404daf6556c94b3cb83283ff70561/element/f.74039697418B55B680EBD40CFFCF13D1.d.E5DE7F77BA7ADCD535C2F357269F6926.e.7313/click - {}
RESULT: {}
COMMAND: GET /session/504404daf6556c94b3cb83283ff70561/screenshot - {}
RESULT: {}
COMMAND: POST /session/504404daf6556c94b3cb83283ff70561/element - {"using":"xpath","value":"//bdi[contains(text(), \"OK\")]"}
RESULT: {"using":"xpath","value":"//bdi[contains(text(), \"OK\")]"}
COMMAND: POST /session/504404daf6556c94b3cb83283ff70561/element/f.74039697418B55B680EBD40CFFCF13D1.d.E5DE7F77BA7ADCD535C2F357269F6926.e.7314/click - {}
RESULT: {}
COMMAND: GET /session/504404daf6556c94b3cb83283ff70561/screenshot - {}
RESULT: {}
COMMAND: POST /session/504404daf6556c94b3cb83283ff70561/execute/async - {"script":"<script> [1562 bytes]","args":[{"selector":{"id":"application-manageyards-display-component---NewYard--addressEditDetailsCurrency-arrow"},"wdio_ui5_key":"applicationmanageyards-display-component---NewYard--addressEditDetailsCurrency-arrow"}]}
RESULT: {"script":"<script> [1562 bytes]","args":[{"selector":{"id":"application-manageyards-display-component---NewYard--addressEditDetailsCurrency-arrow"},"wdio_ui5_key":"applicationmanageyards-display-component---NewYard--addressEditDetailsCurrency-arrow"}]}
RESULT: undefined
COMMAND: POST /session/504404daf6556c94b3cb83283ff70561/element - {"using":"xpath","value":"//*[@id=\"application-manageyards-display-component---NewYard--addressEditDetailsCurrency-arrow\"]"}
RESULT: {"using":"xpath","value":"//*[@id=\"application-manageyards-display-component---NewYard--addressEditDetailsCurrency-arrow\"]"}
COMMAND: POST /session/504404daf6556c94b3cb83283ff70561/element/f.74039697418B55B680EBD40CFFCF13D1.d.E5DE7F77BA7ADCD535C2F357269F6926.e.7317/click - {}
RESULT: {}
COMMAND: POST /session/504404daf6556c94b3cb83283ff70561/element - {"using":"xpath","value":"//span[contains(text(), \"Euro\")]"}
COMMAND: GET /session/504404daf6556c94b3cb83283ff70561/screenshot - {}
RESULT: {"using":"xpath","value":"//span[contains(text(), \"Euro\")]"}
COMMAND: POST /session/504404daf6556c94b3cb83283ff70561/element/f.74039697418B55B680EBD40CFFCF13D1.d.E5DE7F77BA7ADCD535C2F357269F6926.e.7318/click - {}
RESULT: {}
RESULT: {}
COMMAND: POST /session/504404daf6556c94b3cb83283ff70561/execute/async - {"script":"<script> [1562 bytes]","args":[{"selector":{"controlType":"sap.m.Input","viewName":"etm.portal.ui.manageyards.view.New","viewId":"application-manageyards-display-component---NewYard","bindingPath":{"path":"","propertyPath":"/CONTROLLING_AREA","modelName":"NewYardModel"},"interaction":{"idSuffix":"inner"}},"wdio_ui5_key":"etmportal.ui.manageyards.view.Newsap.m.Input{\"path\":\"\",\"propertyPath\":\"/CONTROLLING_AREA\",\"modelName\":\"NewYardModel\"}"}]}
COMMAND: GET /session/504404daf6556c94b3cb83283ff70561/screenshot - {}
RESULT: {"script":"<script> [1562 bytes]","args":[{"selector":{"controlType":"sap.m.Input","viewName":"etm.portal.ui.manageyards.view.New","viewId":"application-manageyards-display-component---NewYard","bindingPath":{"path":"","propertyPath":"/CONTROLLING_AREA","modelName":"NewYardModel"},"interaction":{"idSuffix":"inner"}},"wdio_ui5_key":"etmportal.ui.manageyards.view.Newsap.m.Input{\"path\":\"\",\"propertyPath\":\"/CONTROLLING_AREA\",\"modelName\":\"NewYardModel\"}"}]}
RESULT: undefined
COMMAND: POST /session/504404daf6556c94b3cb83283ff70561/execute/async - {"script":"<script> [776 bytes]","args":[{"enterText":"Z001","selector":{"controlType":"sap.m.Input","viewName":"etm.portal.ui.manageyards.view.New","viewId":"application-manageyards-display-component---NewYard","bindingPath":{"path":"","propertyPath":"/CONTROLLING_AREA","modelName":"NewYardModel"},"interaction":{"idSuffix":"inner"}},"clearTextFirst":true,"interactionType":"ENTER_TEXT"}]}
RESULT: {}
RESULT: {"script":"<script> [776 bytes]","args":[{"enterText":"Z001","selector":{"controlType":"sap.m.Input","viewName":"etm.portal.ui.manageyards.view.New","viewId":"application-manageyards-display-component---NewYard","bindingPath":{"path":"","propertyPath":"/CONTROLLING_AREA","modelName":"NewYardModel"},"interaction":{"idSuffix":"inner"}},"clearTextFirst":true,"interactionType":"ENTER_TEXT"}]}
COMMAND: POST /session/504404daf6556c94b3cb83283ff70561/execute/async - {"script":"<script> [1562 bytes]","args":[{"selector":{"id":"application-manageyards-display-component---NewYard--companyCodeComboBox","interaction":{"idSuffix":"inner"}},"wdio_ui5_key":"applicationmanageyards-display-component---NewYard--companyCodeComboBox"}]}
RESULT: {"script":"<script> [1562 bytes]","args":[{"selector":{"id":"application-manageyards-display-component---NewYard--companyCodeComboBox","interaction":{"idSuffix":"inner"}},"wdio_ui5_key":"applicationmanageyards-display-component---NewYard--companyCodeComboBox"}]}
RESULT: undefined
COMMAND: POST /session/504404daf6556c94b3cb83283ff70561/execute/async - {"script":"<script> [776 bytes]","args":[{"enterText":"1000","selector":{"id":"application-manageyards-display-component---NewYard--companyCodeComboBox","interaction":{"idSuffix":"inner"}},"clearTextFirst":true,"interactionType":"ENTER_TEXT"}]}
RESULT: {"script":"<script> [776 bytes]","args":[{"enterText":"1000","selector":{"id":"application-manageyards-display-component---NewYard--companyCodeComboBox","interaction":{"idSuffix":"inner"}},"clearTextFirst":true,"interactionType":"ENTER_TEXT"}]}
COMMAND: POST /session/504404daf6556c94b3cb83283ff70561/execute/async - {"script":"<script> [1562 bytes]","args":[{"selector":{"controlType":"sap.m.Input","viewName":"etm.portal.ui.manageyards.view.New","viewId":"application-manageyards-display-component---NewYard","bindingPath":{"path":"","propertyPath":"/PLANT","modelName":"NewYardModel"},"interaction":{"idSuffix":"inner"}},"wdio_ui5_key":"etmportal.ui.manageyards.view.Newsap.m.Input{\"path\":\"\",\"propertyPath\":\"/PLANT\",\"modelName\":\"NewYardModel\"}"}]}
RESULT: {"script":"<script> [1562 bytes]","args":[{"selector":{"controlType":"sap.m.Input","viewName":"etm.portal.ui.manageyards.view.New","viewId":"application-manageyards-display-component---NewYard","bindingPath":{"path":"","propertyPath":"/PLANT","modelName":"NewYardModel"},"interaction":{"idSuffix":"inner"}},"wdio_ui5_key":"etmportal.ui.manageyards.view.Newsap.m.Input{\"path\":\"\",\"propertyPath\":\"/PLANT\",\"modelName\":\"NewYardModel\"}"}]}
RESULT: undefined
COMMAND: POST /session/504404daf6556c94b3cb83283ff70561/execute/async - {"script":"<script> [776 bytes]","args":[{"enterText":"1001","selector":{"controlType":"sap.m.Input","viewName":"etm.portal.ui.manageyards.view.New","viewId":"application-manageyards-display-component---NewYard","bindingPath":{"path":"","propertyPath":"/PLANT","modelName":"NewYardModel"},"interaction":{"idSuffix":"inner"}},"clearTextFirst":true,"interactionType":"ENTER_TEXT"}]}
RESULT: {"script":"<script> [776 bytes]","args":[{"enterText":"1001","selector":{"controlType":"sap.m.Input","viewName":"etm.portal.ui.manageyards.view.New","viewId":"application-manageyards-display-component---NewYard","bindingPath":{"path":"","propertyPath":"/PLANT","modelName":"NewYardModel"},"interaction":{"idSuffix":"inner"}},"clearTextFirst":true,"interactionType":"ENTER_TEXT"}]}
COMMAND: POST /session/504404daf6556c94b3cb83283ff70561/execute/async - {"script":"<script> [1562 bytes]","args":[{"selector":{"controlType":"sap.m.Input","viewName":"etm.portal.ui.manageyards.view.New","viewId":"application-manageyards-display-component---NewYard","bindingPath":{"path":"","propertyPath":"/SALES_AREA_VKORG","modelName":"NewYardModel"},"interaction":{"idSuffix":"inner"}},"wdio_ui5_key":"etmportal.ui.manageyards.view.Newsap.m.Input{\"path\":\"\",\"propertyPath\":\"/SALES_AREA_VKORG\",\"modelName\":\"NewYardModel\"}"}]}
RESULT: {"script":"<script> [1562 bytes]","args":[{"selector":{"controlType":"sap.m.Input","viewName":"etm.portal.ui.manageyards.view.New","viewId":"application-manageyards-display-component---NewYard","bindingPath":{"path":"","propertyPath":"/SALES_AREA_VKORG","modelName":"NewYardModel"},"interaction":{"idSuffix":"inner"}},"wdio_ui5_key":"etmportal.ui.manageyards.view.Newsap.m.Input{\"path\":\"\",\"propertyPath\":\"/SALES_AREA_VKORG\",\"modelName\":\"NewYardModel\"}"}]}
RESULT: undefined
COMMAND: POST /session/504404daf6556c94b3cb83283ff70561/execute/async - {"script":"<script> [776 bytes]","args":[{"enterText":"C002","selector":{"controlType":"sap.m.Input","viewName":"etm.portal.ui.manageyards.view.New","viewId":"application-manageyards-display-component---NewYard","bindingPath":{"path":"","propertyPath":"/SALES_AREA_VKORG","modelName":"NewYardModel"},"interaction":{"idSuffix":"inner"}},"clearTextFirst":true,"interactionType":"ENTER_TEXT"}]}
RESULT: {"script":"<script> [776 bytes]","args":[{"enterText":"C002","selector":{"controlType":"sap.m.Input","viewName":"etm.portal.ui.manageyards.view.New","viewId":"application-manageyards-display-component---NewYard","bindingPath":{"path":"","propertyPath":"/SALES_AREA_VKORG","modelName":"NewYardModel"},"interaction":{"idSuffix":"inner"}},"clearTextFirst":true,"interactionType":"ENTER_TEXT"}]}
COMMAND: POST /session/504404daf6556c94b3cb83283ff70561/execute/async - {"script":"<script> [1562 bytes]","args":[{"selector":{"controlType":"sap.m.Input","viewName":"etm.portal.ui.manageyards.view.New","viewId":"application-manageyards-display-component---NewYard","bindingPath":{"path":"","propertyPath":"/SALES_AREA_VTWEG","modelName":"NewYardModel"},"interaction":{"idSuffix":"inner"}},"wdio_ui5_key":"etmportal.ui.manageyards.view.Newsap.m.Input{\"path\":\"\",\"propertyPath\":\"/SALES_AREA_VTWEG\",\"modelName\":\"NewYardModel\"}"}]}
RESULT: {"script":"<script> [1562 bytes]","args":[{"selector":{"controlType":"sap.m.Input","viewName":"etm.portal.ui.manageyards.view.New","viewId":"application-manageyards-display-component---NewYard","bindingPath":{"path":"","propertyPath":"/SALES_AREA_VTWEG","modelName":"NewYardModel"},"interaction":{"idSuffix":"inner"}},"wdio_ui5_key":"etmportal.ui.manageyards.view.Newsap.m.Input{\"path\":\"\",\"propertyPath\":\"/SALES_AREA_VTWEG\",\"modelName\":\"NewYardModel\"}"}]}
RESULT: undefined
COMMAND: POST /session/504404daf6556c94b3cb83283ff70561/execute/async - {"script":"<script> [776 bytes]","args":[{"enterText":"C2","selector":{"controlType":"sap.m.Input","viewName":"etm.portal.ui.manageyards.view.New","viewId":"application-manageyards-display-component---NewYard","bindingPath":{"path":"","propertyPath":"/SALES_AREA_VTWEG","modelName":"NewYardModel"},"interaction":{"idSuffix":"inner"}},"clearTextFirst":true,"interactionType":"ENTER_TEXT"}]}
RESULT: {"script":"<script> [776 bytes]","args":[{"enterText":"C2","selector":{"controlType":"sap.m.Input","viewName":"etm.portal.ui.manageyards.view.New","viewId":"application-manageyards-display-component---NewYard","bindingPath":{"path":"","propertyPath":"/SALES_AREA_VTWEG","modelName":"NewYardModel"},"interaction":{"idSuffix":"inner"}},"clearTextFirst":true,"interactionType":"ENTER_TEXT"}]}
COMMAND: POST /session/504404daf6556c94b3cb83283ff70561/execute/async - {"script":"<script> [1562 bytes]","args":[{"selector":{"controlType":"sap.m.Input","viewName":"etm.portal.ui.manageyards.view.New","viewId":"application-manageyards-display-component---NewYard","bindingPath":{"path":"","propertyPath":"/SALES_AREA_SPART","modelName":"NewYardModel"},"interaction":{"idSuffix":"inner"}},"wdio_ui5_key":"etmportal.ui.manageyards.view.Newsap.m.Input{\"path\":\"\",\"propertyPath\":\"/SALES_AREA_SPART\",\"modelName\":\"NewYardModel\"}"}]}
RESULT: {"script":"<script> [1562 bytes]","args":[{"selector":{"controlType":"sap.m.Input","viewName":"etm.portal.ui.manageyards.view.New","viewId":"application-manageyards-display-component---NewYard","bindingPath":{"path":"","propertyPath":"/SALES_AREA_SPART","modelName":"NewYardModel"},"interaction":{"idSuffix":"inner"}},"wdio_ui5_key":"etmportal.ui.manageyards.view.Newsap.m.Input{\"path\":\"\",\"propertyPath\":\"/SALES_AREA_SPART\",\"modelName\":\"NewYardModel\"}"}]}
RESULT: undefined
COMMAND: POST /session/504404daf6556c94b3cb83283ff70561/execute/async - {"script":"<script> [776 bytes]","args":[{"enterText":"C2","selector":{"controlType":"sap.m.Input","viewName":"etm.portal.ui.manageyards.view.New","viewId":"application-manageyards-display-component---NewYard","bindingPath":{"path":"","propertyPath":"/SALES_AREA_SPART","modelName":"NewYardModel"},"interaction":{"idSuffix":"inner"}},"clearTextFirst":true,"interactionType":"ENTER_TEXT"}]}
RESULT: {"script":"<script> [776 bytes]","args":[{"enterText":"C2","selector":{"controlType":"sap.m.Input","viewName":"etm.portal.ui.manageyards.view.New","viewId":"application-manageyards-display-component---NewYard","bindingPath":{"path":"","propertyPath":"/SALES_AREA_SPART","modelName":"NewYardModel"},"interaction":{"idSuffix":"inner"}},"clearTextFirst":true,"interactionType":"ENTER_TEXT"}]}
COMMAND: POST /session/504404daf6556c94b3cb83283ff70561/execute/async - {"script":"<script> [1562 bytes]","args":[{"selector":{"controlType":"sap.m.Input","viewName":"etm.portal.ui.manageyards.view.New","viewId":"application-manageyards-display-component---NewYard","bindingPath":{"path":"","propertyPath":"/SHIP_POINT","modelName":"NewYardModel"},"interaction":{"idSuffix":"inner"}},"wdio_ui5_key":"etmportal.ui.manageyards.view.Newsap.m.Input{\"path\":\"\",\"propertyPath\":\"/SHIP_POINT\",\"modelName\":\"NewYardModel\"}"}]}
RESULT: {"script":"<script> [1562 bytes]","args":[{"selector":{"controlType":"sap.m.Input","viewName":"etm.portal.ui.manageyards.view.New","viewId":"application-manageyards-display-component---NewYard","bindingPath":{"path":"","propertyPath":"/SHIP_POINT","modelName":"NewYardModel"},"interaction":{"idSuffix":"inner"}},"wdio_ui5_key":"etmportal.ui.manageyards.view.Newsap.m.Input{\"path\":\"\",\"propertyPath\":\"/SHIP_POINT\",\"modelName\":\"NewYardModel\"}"}]}
RESULT: undefined
COMMAND: POST /session/504404daf6556c94b3cb83283ff70561/execute/async - {"script":"<script> [776 bytes]","args":[{"enterText":"1710","selector":{"controlType":"sap.m.Input","viewName":"etm.portal.ui.manageyards.view.New","viewId":"application-manageyards-display-component---NewYard","bindingPath":{"path":"","propertyPath":"/SHIP_POINT","modelName":"NewYardModel"},"interaction":{"idSuffix":"inner"}},"clearTextFirst":true,"interactionType":"ENTER_TEXT"}]}
RESULT: {"script":"<script> [776 bytes]","args":[{"enterText":"1710","selector":{"controlType":"sap.m.Input","viewName":"etm.portal.ui.manageyards.view.New","viewId":"application-manageyards-display-component---NewYard","bindingPath":{"path":"","propertyPath":"/SHIP_POINT","modelName":"NewYardModel"},"interaction":{"idSuffix":"inner"}},"clearTextFirst":true,"interactionType":"ENTER_TEXT"}]}
COMMAND: POST /session/504404daf6556c94b3cb83283ff70561/execute/async - {"script":"<script> [1562 bytes]","args":[{"selector":{"controlType":"sap.m.Input","viewName":"etm.portal.ui.manageyards.view.New","viewId":"application-manageyards-display-component---NewYard","bindingPath":{"path":"","propertyPath":"/DELIVERY_TYPE","modelName":"NewYardModel"},"interaction":{"idSuffix":"inner"}},"wdio_ui5_key":"etmportal.ui.manageyards.view.Newsap.m.Input{\"path\":\"\",\"propertyPath\":\"/DELIVERY_TYPE\",\"modelName\":\"NewYardModel\"}"}]}
RESULT: {"script":"<script> [1562 bytes]","args":[{"selector":{"controlType":"sap.m.Input","viewName":"etm.portal.ui.manageyards.view.New","viewId":"application-manageyards-display-component---NewYard","bindingPath":{"path":"","propertyPath":"/DELIVERY_TYPE","modelName":"NewYardModel"},"interaction":{"idSuffix":"inner"}},"wdio_ui5_key":"etmportal.ui.manageyards.view.Newsap.m.Input{\"path\":\"\",\"propertyPath\":\"/DELIVERY_TYPE\",\"modelName\":\"NewYardModel\"}"}]}
RESULT: undefined
COMMAND: POST /session/504404daf6556c94b3cb83283ff70561/execute/async - {"script":"<script> [776 bytes]","args":[{"enterText":"ZL01","selector":{"controlType":"sap.m.Input","viewName":"etm.portal.ui.manageyards.view.New","viewId":"application-manageyards-display-component---NewYard","bindingPath":{"path":"","propertyPath":"/DELIVERY_TYPE","modelName":"NewYardModel"},"interaction":{"idSuffix":"inner"}},"clearTextFirst":true,"interactionType":"ENTER_TEXT"}]}
RESULT: {"script":"<script> [776 bytes]","args":[{"enterText":"ZL01","selector":{"controlType":"sap.m.Input","viewName":"etm.portal.ui.manageyards.view.New","viewId":"application-manageyards-display-component---NewYard","bindingPath":{"path":"","propertyPath":"/DELIVERY_TYPE","modelName":"NewYardModel"},"interaction":{"idSuffix":"inner"}},"clearTextFirst":true,"interactionType":"ENTER_TEXT"}]}
COMMAND: POST /session/504404daf6556c94b3cb83283ff70561/execute/async - {"script":"<script> [1562 bytes]","args":[{"selector":{"controlType":"sap.m.Input","viewName":"etm.portal.ui.manageyards.view.New","viewId":"application-manageyards-display-component---NewYard","bindingPath":{"path":"","propertyPath":"/AUART","modelName":"NewYardModel"},"interaction":{"idSuffix":"inner"}},"wdio_ui5_key":"etmportal.ui.manageyards.view.Newsap.m.Input{\"path\":\"\",\"propertyPath\":\"/AUART\",\"modelName\":\"NewYardModel\"}"}]}
RESULT: {"script":"<script> [1562 bytes]","args":[{"selector":{"controlType":"sap.m.Input","viewName":"etm.portal.ui.manageyards.view.New","viewId":"application-manageyards-display-component---NewYard","bindingPath":{"path":"","propertyPath":"/AUART","modelName":"NewYardModel"},"interaction":{"idSuffix":"inner"}},"wdio_ui5_key":"etmportal.ui.manageyards.view.Newsap.m.Input{\"path\":\"\",\"propertyPath\":\"/AUART\",\"modelName\":\"NewYardModel\"}"}]}
RESULT: undefined
COMMAND: POST /session/504404daf6556c94b3cb83283ff70561/execute/async - {"script":"<script> [776 bytes]","args":[{"enterText":"TA","selector":{"controlType":"sap.m.Input","viewName":"etm.portal.ui.manageyards.view.New","viewId":"application-manageyards-display-component---NewYard","bindingPath":{"path":"","propertyPath":"/AUART","modelName":"NewYardModel"},"interaction":{"idSuffix":"inner"}},"clearTextFirst":true,"interactionType":"ENTER_TEXT"}]}
RESULT: {"script":"<script> [776 bytes]","args":[{"enterText":"TA","selector":{"controlType":"sap.m.Input","viewName":"etm.portal.ui.manageyards.view.New","viewId":"application-manageyards-display-component---NewYard","bindingPath":{"path":"","propertyPath":"/AUART","modelName":"NewYardModel"},"interaction":{"idSuffix":"inner"}},"clearTextFirst":true,"interactionType":"ENTER_TEXT"}]}
COMMAND: POST /session/504404daf6556c94b3cb83283ff70561/element - {"using":"xpath","value":"//button[@data-kt=\"newYardSaveButton\"]"}
RESULT: {"using":"xpath","value":"//button[@data-kt=\"newYardSaveButton\"]"}
COMMAND: POST /session/504404daf6556c94b3cb83283ff70561/element/f.74039697418B55B680EBD40CFFCF13D1.d.E5DE7F77BA7ADCD535C2F357269F6926.e.7254/click - {}
RESULT: {}
COMMAND: GET /session/504404daf6556c94b3cb83283ff70561/screenshot - {}
RESULT: {}
COMMAND: POST /session/504404daf6556c94b3cb83283ff70561/element - {"using":"xpath","value":"//header[contains(@id, 'ObjectPageLayout-headerTitle')]/div[1]/div[2]/div[1]/span[1]"}
RESULT: {"using":"xpath","value":"//header[contains(@id, 'ObjectPageLayout-headerTitle')]/div[1]/div[2]/div[1]/span[1]"}
COMMAND: POST /session/504404daf6556c94b3cb83283ff70561/elements - {"using":"xpath","value":"//header[contains(@id, 'ObjectPageLayout-headerTitle')]/div[1]/div[2]/div[1]/span[1]"}
RESULT: {"using":"xpath","value":"//header[contains(@id, 'ObjectPageLayout-headerTitle')]/div[1]/div[2]/div[1]/span[1]"}
COMMAND: POST /session/504404daf6556c94b3cb83283ff70561/execute/sync - {"script":"<script> [56 bytes]","args":[{"element-6066-11e4-a52e-4f735466cecf":"f.74039697418B55B680EBD40CFFCF13D1.d.E5DE7F77BA7ADCD535C2F357269F6926.e.7540","ELEMENT":"f.74039697418B55B680EBD40CFFCF13D1.d.E5DE7F77BA7ADCD535C2F357269F6926.e.7540"}]}
RESULT: {"script":"<script> [56 bytes]","args":[{"element-6066-11e4-a52e-4f735466cecf":"f.74039697418B55B680EBD40CFFCF13D1.d.E5DE7F77BA7ADCD535C2F357269F6926.e.7540","ELEMENT":"f.74039697418B55B680EBD40CFFCF13D1.d.E5DE7F77BA7ADCD535C2F357269F6926.e.7540"}]}
COMMAND: GET /session/504404daf6556c94b3cb83283ff70561/screenshot - {}
RESULT: {}
COMMAND: POST /session/504404daf6556c94b3cb83283ff70561/element - {"using":"css selector","value":"#shell-header-logo"}
RESULT: {"using":"css selector","value":"#shell-header-logo"}
COMMAND: POST /session/504404daf6556c94b3cb83283ff70561/element/f.74039697418B55B680EBD40CFFCF13D1.d.E5DE7F77BA7ADCD535C2F357269F6926.e.6796/click - {}
RESULT: {}
COMMAND: GET /session/504404daf6556c94b3cb83283ff70561/screenshot - {}
RESULT: {}
COMMAND: POST /session/504404daf6556c94b3cb83283ff70561/execute/sync - {"script":"<script> [299 bytes]","args":[["getModel","getResource"]]}
RESULT: {"script":"<script> [299 bytes]","args":[["getModel","getResource"]]}
]]></system-out>
    </testcase>
    <testcase classname="chrome.135_0_7049_42.windows.Billing_Transfer_-_Intracompany_US127249" name="Should create a new partner" time="132.049">
      <system-out><![CDATA[
COMMAND: GET /session/504404daf6556c94b3cb83283ff70561/screenshot - {}
COMMAND: POST /session/504404daf6556c94b3cb83283ff70561/window/fullscreen - {}
RESULT: {}
RESULT: {}
COMMAND: POST /session/504404daf6556c94b3cb83283ff70561/execute/async - {"script":"<script> [1562 bytes]","args":[{"selector":{"controlType":"sap.m.GenericTile","properties":{"header":"Manage Partners"}},"wdio_ui5_key":"sapm.GenericTile{\"header\":\"Manage Partners\"}"}]}
RESULT: {"script":"<script> [1562 bytes]","args":[{"selector":{"controlType":"sap.m.GenericTile","properties":{"header":"Manage Partners"}},"wdio_ui5_key":"sapm.GenericTile{\"header\":\"Manage Partners\"}"}]}
RESULT: undefined
COMMAND: POST /session/504404daf6556c94b3cb83283ff70561/element - {"using":"xpath","value":"//*[@id=\"__tile38\"]"}
RESULT: {"using":"xpath","value":"//*[@id=\"__tile38\"]"}
COMMAND: POST /session/504404daf6556c94b3cb83283ff70561/element/f.74039697418B55B680EBD40CFFCF13D1.d.E5DE7F77BA7ADCD535C2F357269F6926.e.6684/click - {}
RESULT: {}
COMMAND: POST /session/504404daf6556c94b3cb83283ff70561/element - {"using":"xpath","value":"//button[@data-kt=\"addButton\"]"}
COMMAND: GET /session/504404daf6556c94b3cb83283ff70561/screenshot - {}
RESULT: {"using":"xpath","value":"//button[@data-kt=\"addButton\"]"}
COMMAND: POST /session/504404daf6556c94b3cb83283ff70561/elements - {"using":"xpath","value":"//button[@data-kt=\"addButton\"]"}
RESULT: {}
RESULT: {"using":"xpath","value":"//button[@data-kt=\"addButton\"]"}
COMMAND: POST /session/504404daf6556c94b3cb83283ff70561/elements - {"using":"xpath","value":"//button[@data-kt=\"addButton\"]"}
RESULT: {"using":"xpath","value":"//button[@data-kt=\"addButton\"]"}
COMMAND: POST /session/504404daf6556c94b3cb83283ff70561/elements - {"using":"xpath","value":"//button[@data-kt=\"addButton\"]"}
RESULT: {"using":"xpath","value":"//button[@data-kt=\"addButton\"]"}
COMMAND: POST /session/504404daf6556c94b3cb83283ff70561/elements - {"using":"xpath","value":"//button[@data-kt=\"addButton\"]"}
RESULT: {"using":"xpath","value":"//button[@data-kt=\"addButton\"]"}
COMMAND: POST /session/504404daf6556c94b3cb83283ff70561/elements - {"using":"xpath","value":"//button[@data-kt=\"addButton\"]"}
RESULT: {"using":"xpath","value":"//button[@data-kt=\"addButton\"]"}
COMMAND: POST /session/504404daf6556c94b3cb83283ff70561/elements - {"using":"xpath","value":"//button[@data-kt=\"addButton\"]"}
RESULT: {"using":"xpath","value":"//button[@data-kt=\"addButton\"]"}
COMMAND: POST /session/504404daf6556c94b3cb83283ff70561/elements - {"using":"xpath","value":"//button[@data-kt=\"addButton\"]"}
RESULT: {"using":"xpath","value":"//button[@data-kt=\"addButton\"]"}
COMMAND: POST /session/504404daf6556c94b3cb83283ff70561/elements - {"using":"xpath","value":"//button[@data-kt=\"addButton\"]"}
RESULT: {"using":"xpath","value":"//button[@data-kt=\"addButton\"]"}
COMMAND: POST /session/504404daf6556c94b3cb83283ff70561/element - {"using":"xpath","value":"//button[@data-kt=\"addButton\"]"}
RESULT: {"using":"xpath","value":"//button[@data-kt=\"addButton\"]"}
COMMAND: POST /session/504404daf6556c94b3cb83283ff70561/execute/sync - {"script":"<script> [8489 bytes]","args":[{"element-6066-11e4-a52e-4f735466cecf":"f.74039697418B55B680EBD40CFFCF13D1.d.E5DE7F77BA7ADCD535C2F357269F6926.e.7590","ELEMENT":"f.74039697418B55B680EBD40CFFCF13D1.d.E5DE7F77BA7ADCD535C2F357269F6926.e.7590"}]}
RESULT: {"script":"<script> [8489 bytes]","args":[{"element-6066-11e4-a52e-4f735466cecf":"f.74039697418B55B680EBD40CFFCF13D1.d.E5DE7F77BA7ADCD535C2F357269F6926.e.7590","ELEMENT":"f.74039697418B55B680EBD40CFFCF13D1.d.E5DE7F77BA7ADCD535C2F357269F6926.e.7590"}]}
COMMAND: GET /session/504404daf6556c94b3cb83283ff70561/element/f.74039697418B55B680EBD40CFFCF13D1.d.E5DE7F77BA7ADCD535C2F357269F6926.e.7590/enabled - {}
COMMAND: GET /session/504404daf6556c94b3cb83283ff70561/screenshot - {}
RESULT: {}
COMMAND: POST /session/504404daf6556c94b3cb83283ff70561/execute/sync - {"script":"<script> [8489 bytes]","args":[{"element-6066-11e4-a52e-4f735466cecf":"f.74039697418B55B680EBD40CFFCF13D1.d.E5DE7F77BA7ADCD535C2F357269F6926.e.7590","ELEMENT":"f.74039697418B55B680EBD40CFFCF13D1.d.E5DE7F77BA7ADCD535C2F357269F6926.e.7590"}]}
COMMAND: GET /session/504404daf6556c94b3cb83283ff70561/screenshot - {}
RESULT: {}
RESULT: {"script":"<script> [8489 bytes]","args":[{"element-6066-11e4-a52e-4f735466cecf":"f.74039697418B55B680EBD40CFFCF13D1.d.E5DE7F77BA7ADCD535C2F357269F6926.e.7590","ELEMENT":"f.74039697418B55B680EBD40CFFCF13D1.d.E5DE7F77BA7ADCD535C2F357269F6926.e.7590"}]}
COMMAND: POST /session/504404daf6556c94b3cb83283ff70561/execute/sync - {"script":"<script> [5351 bytes]","args":[{"element-6066-11e4-a52e-4f735466cecf":"f.74039697418B55B680EBD40CFFCF13D1.d.E5DE7F77BA7ADCD535C2F357269F6926.e.7590","ELEMENT":"f.74039697418B55B680EBD40CFFCF13D1.d.E5DE7F77BA7ADCD535C2F357269F6926.e.7590"}]}
COMMAND: GET /session/504404daf6556c94b3cb83283ff70561/screenshot - {}
RESULT: {}
RESULT: {"script":"<script> [5351 bytes]","args":[{"element-6066-11e4-a52e-4f735466cecf":"f.74039697418B55B680EBD40CFFCF13D1.d.E5DE7F77BA7ADCD535C2F357269F6926.e.7590","ELEMENT":"f.74039697418B55B680EBD40CFFCF13D1.d.E5DE7F77BA7ADCD535C2F357269F6926.e.7590"}]}
COMMAND: POST /session/504404daf6556c94b3cb83283ff70561/element/f.74039697418B55B680EBD40CFFCF13D1.d.E5DE7F77BA7ADCD535C2F357269F6926.e.7590/click - {}
COMMAND: GET /session/504404daf6556c94b3cb83283ff70561/screenshot - {}
RESULT: {}
RESULT: {}
COMMAND: GET /session/504404daf6556c94b3cb83283ff70561/screenshot - {}
COMMAND: POST /session/504404daf6556c94b3cb83283ff70561/execute/async - {"script":"<script> [1562 bytes]","args":[{"selector":{"id":"application-managepartners-display-component---NewPartner--addressDetailDetailsName1","interaction":{"idSuffix":"inner"}},"wdio_ui5_key":"applicationmanagepartners-display-component---NewPartner--addressDetailDetailsName1"}]}
RESULT: {}
RESULT: {}
RESULT: {"script":"<script> [1562 bytes]","args":[{"selector":{"id":"application-managepartners-display-component---NewPartner--addressDetailDetailsName1","interaction":{"idSuffix":"inner"}},"wdio_ui5_key":"applicationmanagepartners-display-component---NewPartner--addressDetailDetailsName1"}]}
RESULT: undefined
COMMAND: POST /session/504404daf6556c94b3cb83283ff70561/execute/async - {"script":"<script> [776 bytes]","args":[{"enterText":"Intracompany Partner WDIO","selector":{"id":"application-managepartners-display-component---NewPartner--addressDetailDetailsName1","interaction":{"idSuffix":"inner"}},"clearTextFirst":true,"interactionType":"ENTER_TEXT"}]}
RESULT: {"script":"<script> [776 bytes]","args":[{"enterText":"Intracompany Partner WDIO","selector":{"id":"application-managepartners-display-component---NewPartner--addressDetailDetailsName1","interaction":{"idSuffix":"inner"}},"clearTextFirst":true,"interactionType":"ENTER_TEXT"}]}
COMMAND: POST /session/504404daf6556c94b3cb83283ff70561/execute/async - {"script":"<script> [1562 bytes]","args":[{"selector":{"id":"application-managepartners-display-component---NewPartner--addressDetailDetailsLanguage-arrow"},"wdio_ui5_key":"applicationmanagepartners-display-component---NewPartner--addressDetailDetailsLanguage-arrow"}]}
RESULT: {"script":"<script> [1562 bytes]","args":[{"selector":{"id":"application-managepartners-display-component---NewPartner--addressDetailDetailsLanguage-arrow"},"wdio_ui5_key":"applicationmanagepartners-display-component---NewPartner--addressDetailDetailsLanguage-arrow"}]}
RESULT: undefined
COMMAND: POST /session/504404daf6556c94b3cb83283ff70561/element - {"using":"xpath","value":"//*[@id=\"application-managepartners-display-component---NewPartner--addressDetailDetailsLanguage-arrow\"]"}
RESULT: {"using":"xpath","value":"//*[@id=\"application-managepartners-display-component---NewPartner--addressDetailDetailsLanguage-arrow\"]"}
COMMAND: POST /session/504404daf6556c94b3cb83283ff70561/element/f.74039697418B55B680EBD40CFFCF13D1.d.E5DE7F77BA7ADCD535C2F357269F6926.e.8036/click - {}
RESULT: {}
COMMAND: POST /session/504404daf6556c94b3cb83283ff70561/element - {"using":"xpath","value":"//span[contains(text(), \"English\")]"}
COMMAND: GET /session/504404daf6556c94b3cb83283ff70561/screenshot - {}
RESULT: {"using":"xpath","value":"//span[contains(text(), \"English\")]"}
COMMAND: POST /session/504404daf6556c94b3cb83283ff70561/element/f.74039697418B55B680EBD40CFFCF13D1.d.E5DE7F77BA7ADCD535C2F357269F6926.e.8037/click - {}
RESULT: {}
RESULT: {}
COMMAND: GET /session/504404daf6556c94b3cb83283ff70561/screenshot - {}
RESULT: {}
COMMAND: POST /session/504404daf6556c94b3cb83283ff70561/execute/async - {"script":"<script> [1562 bytes]","args":[{"selector":{"id":"application-managepartners-display-component---NewPartner--addressDetailDetailsCity1","interaction":{"idSuffix":"inner"}},"wdio_ui5_key":"applicationmanagepartners-display-component---NewPartner--addressDetailDetailsCity1"}]}
RESULT: {"script":"<script> [1562 bytes]","args":[{"selector":{"id":"application-managepartners-display-component---NewPartner--addressDetailDetailsCity1","interaction":{"idSuffix":"inner"}},"wdio_ui5_key":"applicationmanagepartners-display-component---NewPartner--addressDetailDetailsCity1"}]}
RESULT: undefined
COMMAND: POST /session/504404daf6556c94b3cb83283ff70561/execute/async - {"script":"<script> [776 bytes]","args":[{"enterText":"Rosario","selector":{"id":"application-managepartners-display-component---NewPartner--addressDetailDetailsCity1","interaction":{"idSuffix":"inner"}},"clearTextFirst":true,"interactionType":"ENTER_TEXT"}]}
RESULT: {"script":"<script> [776 bytes]","args":[{"enterText":"Rosario","selector":{"id":"application-managepartners-display-component---NewPartner--addressDetailDetailsCity1","interaction":{"idSuffix":"inner"}},"clearTextFirst":true,"interactionType":"ENTER_TEXT"}]}
COMMAND: POST /session/504404daf6556c94b3cb83283ff70561/execute/async - {"script":"<script> [1562 bytes]","args":[{"selector":{"id":"application-managepartners-display-component---NewPartner--addressDetailDetailsCountry-arrow"},"wdio_ui5_key":"applicationmanagepartners-display-component---NewPartner--addressDetailDetailsCountry-arrow"}]}
RESULT: {"script":"<script> [1562 bytes]","args":[{"selector":{"id":"application-managepartners-display-component---NewPartner--addressDetailDetailsCountry-arrow"},"wdio_ui5_key":"applicationmanagepartners-display-component---NewPartner--addressDetailDetailsCountry-arrow"}]}
RESULT: undefined
COMMAND: POST /session/504404daf6556c94b3cb83283ff70561/element - {"using":"xpath","value":"//*[@id=\"application-managepartners-display-component---NewPartner--addressDetailDetailsCountry-arrow\"]"}
RESULT: {"using":"xpath","value":"//*[@id=\"application-managepartners-display-component---NewPartner--addressDetailDetailsCountry-arrow\"]"}
COMMAND: POST /session/504404daf6556c94b3cb83283ff70561/element/f.74039697418B55B680EBD40CFFCF13D1.d.E5DE7F77BA7ADCD535C2F357269F6926.e.8000/click - {}
RESULT: {}
COMMAND: POST /session/504404daf6556c94b3cb83283ff70561/element - {"using":"xpath","value":"//span[contains(text(), \"Argentina\")]"}
COMMAND: GET /session/504404daf6556c94b3cb83283ff70561/screenshot - {}
RESULT: {"using":"xpath","value":"//span[contains(text(), \"Argentina\")]"}
COMMAND: POST /session/504404daf6556c94b3cb83283ff70561/element/f.74039697418B55B680EBD40CFFCF13D1.d.E5DE7F77BA7ADCD535C2F357269F6926.e.8039/click - {}
RESULT: {}
RESULT: {}
COMMAND: GET /session/504404daf6556c94b3cb83283ff70561/screenshot - {}
RESULT: {}
COMMAND: POST /session/504404daf6556c94b3cb83283ff70561/element - {"using":"xpath","value":"//bdi[contains(text(), \"Commercial\")]"}
RESULT: {"using":"xpath","value":"//bdi[contains(text(), \"Commercial\")]"}
COMMAND: POST /session/504404daf6556c94b3cb83283ff70561/element/f.74039697418B55B680EBD40CFFCF13D1.d.E5DE7F77BA7ADCD535C2F357269F6926.e.8040/click - {}
RESULT: {}
COMMAND: GET /session/504404daf6556c94b3cb83283ff70561/screenshot - {}
RESULT: {}
COMMAND: POST /session/504404daf6556c94b3cb83283ff70561/execute/async - {"script":"<script> [1562 bytes]","args":[{"selector":{"id":"application-managepartners-display-component---NewPartner--partnerDetailInternal-arrow"},"wdio_ui5_key":"applicationmanagepartners-display-component---NewPartner--partnerDetailInternal-arrow"}]}
RESULT: {"script":"<script> [1562 bytes]","args":[{"selector":{"id":"application-managepartners-display-component---NewPartner--partnerDetailInternal-arrow"},"wdio_ui5_key":"applicationmanagepartners-display-component---NewPartner--partnerDetailInternal-arrow"}]}
RESULT: undefined
COMMAND: POST /session/504404daf6556c94b3cb83283ff70561/element - {"using":"xpath","value":"//*[@id=\"application-managepartners-display-component---NewPartner--partnerDetailInternal-arrow\"]"}
RESULT: {"using":"xpath","value":"//*[@id=\"application-managepartners-display-component---NewPartner--partnerDetailInternal-arrow\"]"}
COMMAND: POST /session/504404daf6556c94b3cb83283ff70561/element/f.74039697418B55B680EBD40CFFCF13D1.d.E5DE7F77BA7ADCD535C2F357269F6926.e.8046/click - {}
RESULT: {}
COMMAND: POST /session/504404daf6556c94b3cb83283ff70561/element - {"using":"xpath","value":"//span[contains(text(), \"Affiliated company\")]"}
COMMAND: GET /session/504404daf6556c94b3cb83283ff70561/screenshot - {}
RESULT: {"using":"xpath","value":"//span[contains(text(), \"Affiliated company\")]"}
COMMAND: POST /session/504404daf6556c94b3cb83283ff70561/element/f.74039697418B55B680EBD40CFFCF13D1.d.E5DE7F77BA7ADCD535C2F357269F6926.e.8049/click - {}
RESULT: {}
RESULT: {}
COMMAND: POST /session/504404daf6556c94b3cb83283ff70561/execute/async - {"script":"<script> [1562 bytes]","args":[{"selector":{"id":"application-managepartners-display-component---NewPartner--partnerDetailsCurrency-arrow"},"wdio_ui5_key":"applicationmanagepartners-display-component---NewPartner--partnerDetailsCurrency-arrow"}]}
COMMAND: GET /session/504404daf6556c94b3cb83283ff70561/screenshot - {}
RESULT: {"script":"<script> [1562 bytes]","args":[{"selector":{"id":"application-managepartners-display-component---NewPartner--partnerDetailsCurrency-arrow"},"wdio_ui5_key":"applicationmanagepartners-display-component---NewPartner--partnerDetailsCurrency-arrow"}]}
RESULT: undefined
COMMAND: POST /session/504404daf6556c94b3cb83283ff70561/element - {"using":"xpath","value":"//*[@id=\"application-managepartners-display-component---NewPartner--partnerDetailsCurrency-arrow\"]"}
RESULT: {}
RESULT: {"using":"xpath","value":"//*[@id=\"application-managepartners-display-component---NewPartner--partnerDetailsCurrency-arrow\"]"}
COMMAND: POST /session/504404daf6556c94b3cb83283ff70561/element/f.74039697418B55B680EBD40CFFCF13D1.d.E5DE7F77BA7ADCD535C2F357269F6926.e.8056/click - {}
RESULT: {}
COMMAND: POST /session/504404daf6556c94b3cb83283ff70561/element - {"using":"xpath","value":"//span[contains(text(), \"Euro\")]"}
COMMAND: GET /session/504404daf6556c94b3cb83283ff70561/screenshot - {}
RESULT: {"using":"xpath","value":"//span[contains(text(), \"Euro\")]"}
COMMAND: POST /session/504404daf6556c94b3cb83283ff70561/element/f.74039697418B55B680EBD40CFFCF13D1.d.E5DE7F77BA7ADCD535C2F357269F6926.e.8057/click - {}
RESULT: {}
RESULT: {}
COMMAND: POST /session/504404daf6556c94b3cb83283ff70561/execute/async - {"script":"<script> [1562 bytes]","args":[{"selector":{"id":"application-managepartners-display-component---NewPartner--addressEditDetailsCostObjectCstType-arrow"},"wdio_ui5_key":"applicationmanagepartners-display-component---NewPartner--addressEditDetailsCostObjectCstType-arrow"}]}
COMMAND: GET /session/504404daf6556c94b3cb83283ff70561/screenshot - {}
RESULT: {"script":"<script> [1562 bytes]","args":[{"selector":{"id":"application-managepartners-display-component---NewPartner--addressEditDetailsCostObjectCstType-arrow"},"wdio_ui5_key":"applicationmanagepartners-display-component---NewPartner--addressEditDetailsCostObjectCstType-arrow"}]}
RESULT: undefined
COMMAND: POST /session/504404daf6556c94b3cb83283ff70561/element - {"using":"xpath","value":"//*[@id=\"application-managepartners-display-component---NewPartner--addressEditDetailsCostObjectCstType-arrow\"]"}
RESULT: {}
RESULT: {"using":"xpath","value":"//*[@id=\"application-managepartners-display-component---NewPartner--addressEditDetailsCostObjectCstType-arrow\"]"}
COMMAND: POST /session/504404daf6556c94b3cb83283ff70561/element/f.74039697418B55B680EBD40CFFCF13D1.d.E5DE7F77BA7ADCD535C2F357269F6926.e.8058/click - {}
RESULT: {}
COMMAND: POST /session/504404daf6556c94b3cb83283ff70561/element - {"using":"xpath","value":"//span[contains(text(), \"Cost Center\")]"}
COMMAND: GET /session/504404daf6556c94b3cb83283ff70561/screenshot - {}
RESULT: {"using":"xpath","value":"//span[contains(text(), \"Cost Center\")]"}
COMMAND: POST /session/504404daf6556c94b3cb83283ff70561/element/f.74039697418B55B680EBD40CFFCF13D1.d.E5DE7F77BA7ADCD535C2F357269F6926.e.8059/click - {}
RESULT: {}
RESULT: {}
COMMAND: GET /session/504404daf6556c94b3cb83283ff70561/screenshot - {}
RESULT: {}
COMMAND: POST /session/504404daf6556c94b3cb83283ff70561/element - {"using":"xpath","value":"//span[@id=\"application-managepartners-display-component---NewPartner--addressNewCostObjectCstID-vhi\"]"}
RESULT: {"using":"xpath","value":"//span[@id=\"application-managepartners-display-component---NewPartner--addressNewCostObjectCstID-vhi\"]"}
COMMAND: POST /session/504404daf6556c94b3cb83283ff70561/execute/sync - {"script":"<script> [8489 bytes]","args":[{"element-6066-11e4-a52e-4f735466cecf":"f.74039697418B55B680EBD40CFFCF13D1.d.E5DE7F77BA7ADCD535C2F357269F6926.e.8062","ELEMENT":"f.74039697418B55B680EBD40CFFCF13D1.d.E5DE7F77BA7ADCD535C2F357269F6926.e.8062"}]}
RESULT: {"script":"<script> [8489 bytes]","args":[{"element-6066-11e4-a52e-4f735466cecf":"f.74039697418B55B680EBD40CFFCF13D1.d.E5DE7F77BA7ADCD535C2F357269F6926.e.8062","ELEMENT":"f.74039697418B55B680EBD40CFFCF13D1.d.E5DE7F77BA7ADCD535C2F357269F6926.e.8062"}]}
COMMAND: POST /session/504404daf6556c94b3cb83283ff70561/execute/async - {"script":"<script> [1562 bytes]","args":[{"selector":{"id":"application-managepartners-display-component---NewPartner--addressNewCostObjectCstID-vhi"},"wdio_ui5_key":"applicationmanagepartners-display-component---NewPartner--addressNewCostObjectCstID-vhi"}]}
COMMAND: GET /session/504404daf6556c94b3cb83283ff70561/screenshot - {}
RESULT: {"script":"<script> [1562 bytes]","args":[{"selector":{"id":"application-managepartners-display-component---NewPartner--addressNewCostObjectCstID-vhi"},"wdio_ui5_key":"applicationmanagepartners-display-component---NewPartner--addressNewCostObjectCstID-vhi"}]}
RESULT: undefined
COMMAND: POST /session/504404daf6556c94b3cb83283ff70561/element - {"using":"xpath","value":"//*[@id=\"application-managepartners-display-component---NewPartner--addressNewCostObjectCstID-vhi\"]"}
RESULT: {}
RESULT: {"using":"xpath","value":"//*[@id=\"application-managepartners-display-component---NewPartner--addressNewCostObjectCstID-vhi\"]"}
COMMAND: POST /session/504404daf6556c94b3cb83283ff70561/element/f.74039697418B55B680EBD40CFFCF13D1.d.E5DE7F77BA7ADCD535C2F357269F6926.e.8062/click - {}
RESULT: {}
COMMAND: GET /session/504404daf6556c94b3cb83283ff70561/screenshot - {}
RESULT: {}
RESULT: undefined
COMMAND: POST /session/504404daf6556c94b3cb83283ff70561/execute/async - {"script":"<script> [776 bytes]","args":[{"enterText":"10001013","selector":{"controlType":"sap.m.SearchField","properties":{"placeholder":"Search"},"searchOpenDialogs":true,"interaction":{"idSuffix":"I"}},"clearTextFirst":true,"interactionType":"ENTER_TEXT"}]}
RESULT: {"script":"<script> [776 bytes]","args":[{"enterText":"10001013","selector":{"controlType":"sap.m.SearchField","properties":{"placeholder":"Search"},"searchOpenDialogs":true,"interaction":{"idSuffix":"I"}},"clearTextFirst":true,"interactionType":"ENTER_TEXT"}]}
COMMAND: POST /session/504404daf6556c94b3cb83283ff70561/actions - {"actions":[{"id":"action23","type":"key","parameters":{},"actions":[{"type":"keyDown","value":""},{"type":"pause","duration":10},{"type":"keyUp","value":""}]}]}
RESULT: {"actions":[{"id":"action23","type":"key","parameters":{},"actions":[{"type":"keyDown","value":""},{"type":"pause","duration":10},{"type":"keyUp","value":""}]}]}
COMMAND: GET /session/504404daf6556c94b3cb83283ff70561/screenshot - {}
RESULT: {}
COMMAND: POST /session/504404daf6556c94b3cb83283ff70561/element - {"using":"xpath","value":"//span[contains(text(), \"General Management\")]"}
RESULT: {"using":"xpath","value":"//span[contains(text(), \"General Management\")]"}
COMMAND: POST /session/504404daf6556c94b3cb83283ff70561/element/f.74039697418B55B680EBD40CFFCF13D1.d.E5DE7F77BA7ADCD535C2F357269F6926.e.8101/click - {}
RESULT: {}
COMMAND: GET /session/504404daf6556c94b3cb83283ff70561/screenshot - {}
RESULT: {}
COMMAND: POST /session/504404daf6556c94b3cb83283ff70561/element - {"using":"xpath","value":"//bdi[contains(text(), \"OK\")]"}
RESULT: {"using":"xpath","value":"//bdi[contains(text(), \"OK\")]"}
COMMAND: POST /session/504404daf6556c94b3cb83283ff70561/element/f.74039697418B55B680EBD40CFFCF13D1.d.E5DE7F77BA7ADCD535C2F357269F6926.e.8102/click - {}
RESULT: {}
COMMAND: GET /session/504404daf6556c94b3cb83283ff70561/screenshot - {}
RESULT: {}
COMMAND: POST /session/504404daf6556c94b3cb83283ff70561/element - {"using":"xpath","value":"//input[@id=\"application-managepartners-display-component---NewPartner--companyCodeComboBox-inner\"]"}
RESULT: {"using":"xpath","value":"//input[@id=\"application-managepartners-display-component---NewPartner--companyCodeComboBox-inner\"]"}
COMMAND: POST /session/504404daf6556c94b3cb83283ff70561/element/f.74039697418B55B680EBD40CFFCF13D1.d.E5DE7F77BA7ADCD535C2F357269F6926.e.7995/clear - {}
RESULT: {}
COMMAND: POST /session/504404daf6556c94b3cb83283ff70561/element/f.74039697418B55B680EBD40CFFCF13D1.d.E5DE7F77BA7ADCD535C2F357269F6926.e.7995/value - {"text":"1000"}
COMMAND: GET /session/504404daf6556c94b3cb83283ff70561/screenshot - {}
RESULT: {"text":"1000"}
COMMAND: GET /session/504404daf6556c94b3cb83283ff70561/screenshot - {}
RESULT: {}
RESULT: {}
COMMAND: POST /session/504404daf6556c94b3cb83283ff70561/element - {"using":"xpath","value":"//span[contains(text(), \"1000\")]"}
RESULT: {"using":"xpath","value":"//span[contains(text(), \"1000\")]"}
COMMAND: POST /session/504404daf6556c94b3cb83283ff70561/element/f.74039697418B55B680EBD40CFFCF13D1.d.E5DE7F77BA7ADCD535C2F357269F6926.e.8108/click - {}
RESULT: {}
COMMAND: GET /session/504404daf6556c94b3cb83283ff70561/screenshot - {}
RESULT: {}
COMMAND: POST /session/504404daf6556c94b3cb83283ff70561/execute/async - {"script":"<script> [1562 bytes]","args":[{"selector":{"id":"application-managepartners-display-component---NewPartner--btnAddTableRow-img"},"wdio_ui5_key":"applicationmanagepartners-display-component---NewPartner--btnAddTableRow-img"}]}
RESULT: {"script":"<script> [1562 bytes]","args":[{"selector":{"id":"application-managepartners-display-component---NewPartner--btnAddTableRow-img"},"wdio_ui5_key":"applicationmanagepartners-display-component---NewPartner--btnAddTableRow-img"}]}
RESULT: undefined
COMMAND: POST /session/504404daf6556c94b3cb83283ff70561/element - {"using":"xpath","value":"//*[@id=\"application-managepartners-display-component---NewPartner--btnAddTableRow-img\"]"}
RESULT: {"using":"xpath","value":"//*[@id=\"application-managepartners-display-component---NewPartner--btnAddTableRow-img\"]"}
COMMAND: POST /session/504404daf6556c94b3cb83283ff70561/element/f.74039697418B55B680EBD40CFFCF13D1.d.E5DE7F77BA7ADCD535C2F357269F6926.e.8109/click - {}
RESULT: {}
COMMAND: GET /session/504404daf6556c94b3cb83283ff70561/screenshot - {}
RESULT: {}
COMMAND: POST /session/504404daf6556c94b3cb83283ff70561/element - {"using":"xpath","value":"//input[@id=\"application-managepartners-display-component---NewPartner--assignmentYard-application-managepartners-display-component---NewPartner--assignmentsTable-0-inner\"]"}
RESULT: {"using":"xpath","value":"//input[@id=\"application-managepartners-display-component---NewPartner--assignmentYard-application-managepartners-display-component---NewPartner--assignmentsTable-0-inner\"]"}
COMMAND: POST /session/504404daf6556c94b3cb83283ff70561/element/f.74039697418B55B680EBD40CFFCF13D1.d.E5DE7F77BA7ADCD535C2F357269F6926.e.8112/clear - {}
RESULT: {}
COMMAND: POST /session/504404daf6556c94b3cb83283ff70561/element/f.74039697418B55B680EBD40CFFCF13D1.d.E5DE7F77BA7ADCD535C2F357269F6926.e.8112/value - {"text":"652"}
COMMAND: GET /session/504404daf6556c94b3cb83283ff70561/screenshot - {}
RESULT: {"text":"652"}
COMMAND: GET /session/504404daf6556c94b3cb83283ff70561/screenshot - {}
RESULT: {}
RESULT: {}
COMMAND: POST /session/504404daf6556c94b3cb83283ff70561/element - {"using":"xpath","value":"//li[.//span[text()='652']]"}
RESULT: {"using":"xpath","value":"//li[.//span[text()='652']]"}
COMMAND: POST /session/504404daf6556c94b3cb83283ff70561/element/f.74039697418B55B680EBD40CFFCF13D1.d.E5DE7F77BA7ADCD535C2F357269F6926.e.8121/click - {}
RESULT: {}
COMMAND: GET /session/504404daf6556c94b3cb83283ff70561/screenshot - {}
RESULT: {}
COMMAND: POST /session/504404daf6556c94b3cb83283ff70561/actions - {"actions":[{"id":"action24","type":"key","parameters":{},"actions":[{"type":"keyDown","value":""},{"type":"pause","duration":10},{"type":"keyUp","value":""}]}]}
RESULT: {"actions":[{"id":"action24","type":"key","parameters":{},"actions":[{"type":"keyDown","value":""},{"type":"pause","duration":10},{"type":"keyUp","value":""}]}]}
COMMAND: POST /session/504404daf6556c94b3cb83283ff70561/execute/async - {"script":"<script> [1562 bytes]","args":[{"selector":{"id":"application-managepartners-display-component---NewPartner--externalCustomerComboBox-application-managepartners-display-component---NewPartner--assignmentsTable-0-vhi"},"wdio_ui5_key":"applicationmanagepartners-display-component---NewPartner--externalCustomerComboBox-application-managepartners-display-component---NewPartner--assignmentsTable-0-vhi"}]}
COMMAND: GET /session/504404daf6556c94b3cb83283ff70561/screenshot - {}
RESULT: {"script":"<script> [1562 bytes]","args":[{"selector":{"id":"application-managepartners-display-component---NewPartner--externalCustomerComboBox-application-managepartners-display-component---NewPartner--assignmentsTable-0-vhi"},"wdio_ui5_key":"applicationmanagepartners-display-component---NewPartner--externalCustomerComboBox-application-managepartners-display-component---NewPartner--assignmentsTable-0-vhi"}]}
RESULT: undefined
COMMAND: POST /session/504404daf6556c94b3cb83283ff70561/element - {"using":"xpath","value":"//*[@id=\"application-managepartners-display-component---NewPartner--externalCustomerComboBox-application-managepartners-display-component---NewPartner--assignmentsTable-0-vhi\"]"}
RESULT: {}
RESULT: {"using":"xpath","value":"//*[@id=\"application-managepartners-display-component---NewPartner--externalCustomerComboBox-application-managepartners-display-component---NewPartner--assignmentsTable-0-vhi\"]"}
COMMAND: POST /session/504404daf6556c94b3cb83283ff70561/element/f.74039697418B55B680EBD40CFFCF13D1.d.E5DE7F77BA7ADCD535C2F357269F6926.e.8125/click - {}
RESULT: {}
RESULT: undefined
COMMAND: POST /session/504404daf6556c94b3cb83283ff70561/execute/async - {"script":"<script> [776 bytes]","args":[{"enterText":"300003","selector":{"controlType":"sap.m.SearchField","properties":{"placeholder":"Search"},"searchOpenDialogs":true,"interaction":{"idSuffix":"I"}},"clearTextFirst":true,"interactionType":"ENTER_TEXT"}]}
COMMAND: GET /session/504404daf6556c94b3cb83283ff70561/screenshot - {}
RESULT: {"script":"<script> [776 bytes]","args":[{"enterText":"300003","selector":{"controlType":"sap.m.SearchField","properties":{"placeholder":"Search"},"searchOpenDialogs":true,"interaction":{"idSuffix":"I"}},"clearTextFirst":true,"interactionType":"ENTER_TEXT"}]}
COMMAND: POST /session/504404daf6556c94b3cb83283ff70561/actions - {"actions":[{"id":"action25","type":"key","parameters":{},"actions":[{"type":"keyDown","value":""},{"type":"pause","duration":10},{"type":"keyUp","value":""}]}]}
RESULT: {}
RESULT: {"actions":[{"id":"action25","type":"key","parameters":{},"actions":[{"type":"keyDown","value":""},{"type":"pause","duration":10},{"type":"keyUp","value":""}]}]}
COMMAND: GET /session/504404daf6556c94b3cb83283ff70561/screenshot - {}
RESULT: {}
COMMAND: POST /session/504404daf6556c94b3cb83283ff70561/element - {"using":"xpath","value":"//span[contains(text(), \"300003\")]"}
RESULT: {"using":"xpath","value":"//span[contains(text(), \"300003\")]"}
COMMAND: POST /session/504404daf6556c94b3cb83283ff70561/element/f.74039697418B55B680EBD40CFFCF13D1.d.E5DE7F77BA7ADCD535C2F357269F6926.e.8142/click - {}
RESULT: {}
COMMAND: GET /session/504404daf6556c94b3cb83283ff70561/screenshot - {}
RESULT: {}
COMMAND: POST /session/504404daf6556c94b3cb83283ff70561/element - {"using":"xpath","value":"//bdi[contains(text(), \"OK\")]"}
RESULT: {"using":"xpath","value":"//bdi[contains(text(), \"OK\")]"}
COMMAND: POST /session/504404daf6556c94b3cb83283ff70561/element/f.74039697418B55B680EBD40CFFCF13D1.d.E5DE7F77BA7ADCD535C2F357269F6926.e.8144/click - {}
RESULT: {}
COMMAND: GET /session/504404daf6556c94b3cb83283ff70561/screenshot - {}
RESULT: {}
COMMAND: POST /session/504404daf6556c94b3cb83283ff70561/execute/async - {"script":"<script> [1562 bytes]","args":[{"selector":{"id":"application-managepartners-display-component---NewPartner--intercompVendorComboBox-application-managepartners-display-component---NewPartner--assignmentsTable-0-vhi"},"wdio_ui5_key":"applicationmanagepartners-display-component---NewPartner--intercompVendorComboBox-application-managepartners-display-component---NewPartner--assignmentsTable-0-vhi"}]}
RESULT: {"script":"<script> [1562 bytes]","args":[{"selector":{"id":"application-managepartners-display-component---NewPartner--intercompVendorComboBox-application-managepartners-display-component---NewPartner--assignmentsTable-0-vhi"},"wdio_ui5_key":"applicationmanagepartners-display-component---NewPartner--intercompVendorComboBox-application-managepartners-display-component---NewPartner--assignmentsTable-0-vhi"}]}
RESULT: undefined
COMMAND: POST /session/504404daf6556c94b3cb83283ff70561/element - {"using":"xpath","value":"//*[@id=\"application-managepartners-display-component---NewPartner--intercompVendorComboBox-application-managepartners-display-component---NewPartner--assignmentsTable-0-vhi\"]"}
RESULT: {"using":"xpath","value":"//*[@id=\"application-managepartners-display-component---NewPartner--intercompVendorComboBox-application-managepartners-display-component---NewPartner--assignmentsTable-0-vhi\"]"}
COMMAND: POST /session/504404daf6556c94b3cb83283ff70561/element/f.74039697418B55B680EBD40CFFCF13D1.d.E5DE7F77BA7ADCD535C2F357269F6926.e.8148/click - {}
RESULT: {}
RESULT: undefined
COMMAND: POST /session/504404daf6556c94b3cb83283ff70561/execute/async - {"script":"<script> [776 bytes]","args":[{"enterText":"100005","selector":{"controlType":"sap.m.SearchField","properties":{"placeholder":"Search"},"searchOpenDialogs":true,"interaction":{"idSuffix":"I"}},"clearTextFirst":true,"interactionType":"ENTER_TEXT"}]}
COMMAND: GET /session/504404daf6556c94b3cb83283ff70561/screenshot - {}
RESULT: {"script":"<script> [776 bytes]","args":[{"enterText":"100005","selector":{"controlType":"sap.m.SearchField","properties":{"placeholder":"Search"},"searchOpenDialogs":true,"interaction":{"idSuffix":"I"}},"clearTextFirst":true,"interactionType":"ENTER_TEXT"}]}
COMMAND: POST /session/504404daf6556c94b3cb83283ff70561/actions - {"actions":[{"id":"action26","type":"key","parameters":{},"actions":[{"type":"keyDown","value":""},{"type":"pause","duration":10},{"type":"keyUp","value":""}]}]}
RESULT: {}
RESULT: {"actions":[{"id":"action26","type":"key","parameters":{},"actions":[{"type":"keyDown","value":""},{"type":"pause","duration":10},{"type":"keyUp","value":""}]}]}
COMMAND: GET /session/504404daf6556c94b3cb83283ff70561/screenshot - {}
RESULT: {}
COMMAND: POST /session/504404daf6556c94b3cb83283ff70561/element - {"using":"xpath","value":"//span[contains(text(), \"Penguins - Field/12345 Berlin\")]"}
RESULT: {"using":"xpath","value":"//span[contains(text(), \"Penguins - Field/12345 Berlin\")]"}
COMMAND: POST /session/504404daf6556c94b3cb83283ff70561/element/f.74039697418B55B680EBD40CFFCF13D1.d.E5DE7F77BA7ADCD535C2F357269F6926.e.8166/click - {}
RESULT: {}
COMMAND: GET /session/504404daf6556c94b3cb83283ff70561/screenshot - {}
RESULT: {}
COMMAND: POST /session/504404daf6556c94b3cb83283ff70561/element - {"using":"xpath","value":"//bdi[contains(text(), \"OK\")]"}
RESULT: {"using":"xpath","value":"//bdi[contains(text(), \"OK\")]"}
COMMAND: POST /session/504404daf6556c94b3cb83283ff70561/element/f.74039697418B55B680EBD40CFFCF13D1.d.E5DE7F77BA7ADCD535C2F357269F6926.e.8167/click - {}
RESULT: {}
COMMAND: GET /session/504404daf6556c94b3cb83283ff70561/screenshot - {}
RESULT: {}
COMMAND: POST /session/504404daf6556c94b3cb83283ff70561/element - {"using":"xpath","value":"//button[@data-kt=\"saveButton\"]"}
RESULT: {"using":"xpath","value":"//button[@data-kt=\"saveButton\"]"}
COMMAND: POST /session/504404daf6556c94b3cb83283ff70561/element/f.74039697418B55B680EBD40CFFCF13D1.d.E5DE7F77BA7ADCD535C2F357269F6926.e.8021/click - {}
RESULT: {}
COMMAND: GET /session/504404daf6556c94b3cb83283ff70561/screenshot - {}
RESULT: {}
COMMAND: POST /session/504404daf6556c94b3cb83283ff70561/element - {"using":"xpath","value":"//header[contains(@id, 'ObjectPageLayout-headerTitle')]/div[1]/div[2]/div[2]/span[1]"}
RESULT: {"using":"xpath","value":"//header[contains(@id, 'ObjectPageLayout-headerTitle')]/div[1]/div[2]/div[2]/span[1]"}
COMMAND: POST /session/504404daf6556c94b3cb83283ff70561/elements - {"using":"xpath","value":"//header[contains(@id, 'ObjectPageLayout-headerTitle')]/div[1]/div[2]/div[2]/span[1]"}
RESULT: {"using":"xpath","value":"//header[contains(@id, 'ObjectPageLayout-headerTitle')]/div[1]/div[2]/div[2]/span[1]"}
COMMAND: POST /session/504404daf6556c94b3cb83283ff70561/execute/sync - {"script":"<script> [56 bytes]","args":[{"element-6066-11e4-a52e-4f735466cecf":"f.74039697418B55B680EBD40CFFCF13D1.d.E5DE7F77BA7ADCD535C2F357269F6926.e.8331","ELEMENT":"f.74039697418B55B680EBD40CFFCF13D1.d.E5DE7F77BA7ADCD535C2F357269F6926.e.8331"}]}
RESULT: {"script":"<script> [56 bytes]","args":[{"element-6066-11e4-a52e-4f735466cecf":"f.74039697418B55B680EBD40CFFCF13D1.d.E5DE7F77BA7ADCD535C2F357269F6926.e.8331","ELEMENT":"f.74039697418B55B680EBD40CFFCF13D1.d.E5DE7F77BA7ADCD535C2F357269F6926.e.8331"}]}
COMMAND: POST /session/504404daf6556c94b3cb83283ff70561/element - {"using":"css selector","value":"#shell-header-logo"}
COMMAND: GET /session/504404daf6556c94b3cb83283ff70561/screenshot - {}
RESULT: {"using":"css selector","value":"#shell-header-logo"}
COMMAND: POST /session/504404daf6556c94b3cb83283ff70561/element/f.74039697418B55B680EBD40CFFCF13D1.d.E5DE7F77BA7ADCD535C2F357269F6926.e.7545/click - {}
RESULT: {}
RESULT: {}
COMMAND: GET /session/504404daf6556c94b3cb83283ff70561/screenshot - {}
RESULT: {}
COMMAND: POST /session/504404daf6556c94b3cb83283ff70561/execute/sync - {"script":"<script> [299 bytes]","args":[["getModel","getResource"]]}
RESULT: {"script":"<script> [299 bytes]","args":[["getModel","getResource"]]}
]]></system-out>
    </testcase>
    <testcase classname="chrome.135_0_7049_42.windows.Billing_Transfer_-_Intracompany_US127249" name="Should create a new site" time="92.369">
      <system-out><![CDATA[
COMMAND: GET /session/504404daf6556c94b3cb83283ff70561/screenshot - {}
COMMAND: POST /session/504404daf6556c94b3cb83283ff70561/execute/async - {"script":"<script> [1562 bytes]","args":[{"selector":{"controlType":"sap.m.TileContent","bindingPath":{"path":"","propertyPath":"/properties/info"},"ancestor":{"controlType":"sap.m.GenericTile","properties":{"header":"Manage Sites"}}},"wdio_ui5_key":"sapm.TileContent{\"path\":\"\",\"propertyPath\":\"/properties/info\"}{\"controlType\":\"sap.m.GenericTile\",\"properties\":{\"header\":\"Manage Sites\"}}"}]}
RESULT: {"script":"<script> [1562 bytes]","args":[{"selector":{"controlType":"sap.m.TileContent","bindingPath":{"path":"","propertyPath":"/properties/info"},"ancestor":{"controlType":"sap.m.GenericTile","properties":{"header":"Manage Sites"}}},"wdio_ui5_key":"sapm.TileContent{\"path\":\"\",\"propertyPath\":\"/properties/info\"}{\"controlType\":\"sap.m.GenericTile\",\"properties\":{\"header\":\"Manage Sites\"}}"}]}
RESULT: undefined
COMMAND: POST /session/504404daf6556c94b3cb83283ff70561/element - {"using":"xpath","value":"//*[@id=\"__xmlview7--numericTileContent\"]"}
RESULT: {}
RESULT: {"using":"xpath","value":"//*[@id=\"__xmlview7--numericTileContent\"]"}
COMMAND: POST /session/504404daf6556c94b3cb83283ff70561/element/f.74039697418B55B680EBD40CFFCF13D1.d.E5DE7F77BA7ADCD535C2F357269F6926.e.8333/click - {}
RESULT: {}
COMMAND: POST /session/504404daf6556c94b3cb83283ff70561/element - {"using":"xpath","value":"//button[@data-kt=\"addOverflowToolbarButton\"]"}
COMMAND: GET /session/504404daf6556c94b3cb83283ff70561/screenshot - {}
RESULT: {"using":"xpath","value":"//button[@data-kt=\"addOverflowToolbarButton\"]"}
COMMAND: POST /session/504404daf6556c94b3cb83283ff70561/elements - {"using":"xpath","value":"//button[@data-kt=\"addOverflowToolbarButton\"]"}
RESULT: {}
RESULT: {"using":"xpath","value":"//button[@data-kt=\"addOverflowToolbarButton\"]"}
COMMAND: POST /session/504404daf6556c94b3cb83283ff70561/element - {"using":"xpath","value":"//button[@data-kt=\"addOverflowToolbarButton\"]"}
RESULT: {"using":"xpath","value":"//button[@data-kt=\"addOverflowToolbarButton\"]"}
COMMAND: POST /session/504404daf6556c94b3cb83283ff70561/execute/sync - {"script":"<script> [8489 bytes]","args":[{"element-6066-11e4-a52e-4f735466cecf":"f.74039697418B55B680EBD40CFFCF13D1.d.E5DE7F77BA7ADCD535C2F357269F6926.e.8379","ELEMENT":"f.74039697418B55B680EBD40CFFCF13D1.d.E5DE7F77BA7ADCD535C2F357269F6926.e.8379"}]}
RESULT: {"script":"<script> [8489 bytes]","args":[{"element-6066-11e4-a52e-4f735466cecf":"f.74039697418B55B680EBD40CFFCF13D1.d.E5DE7F77BA7ADCD535C2F357269F6926.e.8379","ELEMENT":"f.74039697418B55B680EBD40CFFCF13D1.d.E5DE7F77BA7ADCD535C2F357269F6926.e.8379"}]}
COMMAND: GET /session/504404daf6556c94b3cb83283ff70561/element/f.74039697418B55B680EBD40CFFCF13D1.d.E5DE7F77BA7ADCD535C2F357269F6926.e.8379/enabled - {}
COMMAND: GET /session/504404daf6556c94b3cb83283ff70561/screenshot - {}
RESULT: {}
COMMAND: POST /session/504404daf6556c94b3cb83283ff70561/execute/sync - {"script":"<script> [8489 bytes]","args":[{"element-6066-11e4-a52e-4f735466cecf":"f.74039697418B55B680EBD40CFFCF13D1.d.E5DE7F77BA7ADCD535C2F357269F6926.e.8379","ELEMENT":"f.74039697418B55B680EBD40CFFCF13D1.d.E5DE7F77BA7ADCD535C2F357269F6926.e.8379"}]}
COMMAND: GET /session/504404daf6556c94b3cb83283ff70561/screenshot - {}
RESULT: {}
RESULT: {"script":"<script> [8489 bytes]","args":[{"element-6066-11e4-a52e-4f735466cecf":"f.74039697418B55B680EBD40CFFCF13D1.d.E5DE7F77BA7ADCD535C2F357269F6926.e.8379","ELEMENT":"f.74039697418B55B680EBD40CFFCF13D1.d.E5DE7F77BA7ADCD535C2F357269F6926.e.8379"}]}
COMMAND: POST /session/504404daf6556c94b3cb83283ff70561/execute/sync - {"script":"<script> [5351 bytes]","args":[{"element-6066-11e4-a52e-4f735466cecf":"f.74039697418B55B680EBD40CFFCF13D1.d.E5DE7F77BA7ADCD535C2F357269F6926.e.8379","ELEMENT":"f.74039697418B55B680EBD40CFFCF13D1.d.E5DE7F77BA7ADCD535C2F357269F6926.e.8379"}]}
COMMAND: GET /session/504404daf6556c94b3cb83283ff70561/screenshot - {}
RESULT: {}
RESULT: {"script":"<script> [5351 bytes]","args":[{"element-6066-11e4-a52e-4f735466cecf":"f.74039697418B55B680EBD40CFFCF13D1.d.E5DE7F77BA7ADCD535C2F357269F6926.e.8379","ELEMENT":"f.74039697418B55B680EBD40CFFCF13D1.d.E5DE7F77BA7ADCD535C2F357269F6926.e.8379"}]}
COMMAND: POST /session/504404daf6556c94b3cb83283ff70561/element/f.74039697418B55B680EBD40CFFCF13D1.d.E5DE7F77BA7ADCD535C2F357269F6926.e.8379/click - {}
COMMAND: GET /session/504404daf6556c94b3cb83283ff70561/screenshot - {}
RESULT: {}
RESULT: {}
COMMAND: GET /session/504404daf6556c94b3cb83283ff70561/screenshot - {}
RESULT: {}
RESULT: {}
COMMAND: POST /session/504404daf6556c94b3cb83283ff70561/execute/async - {"script":"<script> [1562 bytes]","args":[{"selector":{"id":"application-managesites-display-component---NewSite--addressDetailDetailsName1","interaction":{"idSuffix":"inner"}},"wdio_ui5_key":"applicationmanagesites-display-component---NewSite--addressDetailDetailsName1"}]}
RESULT: {"script":"<script> [1562 bytes]","args":[{"selector":{"id":"application-managesites-display-component---NewSite--addressDetailDetailsName1","interaction":{"idSuffix":"inner"}},"wdio_ui5_key":"applicationmanagesites-display-component---NewSite--addressDetailDetailsName1"}]}
RESULT: undefined
COMMAND: POST /session/504404daf6556c94b3cb83283ff70561/execute/async - {"script":"<script> [776 bytes]","args":[{"enterText":"Intracompany Site wdIO","selector":{"id":"application-managesites-display-component---NewSite--addressDetailDetailsName1","interaction":{"idSuffix":"inner"}},"clearTextFirst":true,"interactionType":"ENTER_TEXT"}]}
RESULT: {"script":"<script> [776 bytes]","args":[{"enterText":"Intracompany Site wdIO","selector":{"id":"application-managesites-display-component---NewSite--addressDetailDetailsName1","interaction":{"idSuffix":"inner"}},"clearTextFirst":true,"interactionType":"ENTER_TEXT"}]}
COMMAND: POST /session/504404daf6556c94b3cb83283ff70561/execute/async - {"script":"<script> [1562 bytes]","args":[{"selector":{"id":"application-managesites-display-component---NewSite--addressDetailDetailsLanguage-arrow"},"wdio_ui5_key":"applicationmanagesites-display-component---NewSite--addressDetailDetailsLanguage-arrow"}]}
RESULT: {"script":"<script> [1562 bytes]","args":[{"selector":{"id":"application-managesites-display-component---NewSite--addressDetailDetailsLanguage-arrow"},"wdio_ui5_key":"applicationmanagesites-display-component---NewSite--addressDetailDetailsLanguage-arrow"}]}
RESULT: undefined
COMMAND: POST /session/504404daf6556c94b3cb83283ff70561/element - {"using":"xpath","value":"//*[@id=\"application-managesites-display-component---NewSite--addressDetailDetailsLanguage-arrow\"]"}
RESULT: {"using":"xpath","value":"//*[@id=\"application-managesites-display-component---NewSite--addressDetailDetailsLanguage-arrow\"]"}
COMMAND: POST /session/504404daf6556c94b3cb83283ff70561/element/f.74039697418B55B680EBD40CFFCF13D1.d.E5DE7F77BA7ADCD535C2F357269F6926.e.8774/click - {}
RESULT: {}
COMMAND: POST /session/504404daf6556c94b3cb83283ff70561/element - {"using":"xpath","value":"//span[contains(text(), \"English\")]"}
COMMAND: GET /session/504404daf6556c94b3cb83283ff70561/screenshot - {}
RESULT: {"using":"xpath","value":"//span[contains(text(), \"English\")]"}
COMMAND: POST /session/504404daf6556c94b3cb83283ff70561/element/f.74039697418B55B680EBD40CFFCF13D1.d.E5DE7F77BA7ADCD535C2F357269F6926.e.8775/click - {}
RESULT: {}
RESULT: {}
COMMAND: POST /session/504404daf6556c94b3cb83283ff70561/execute/async - {"script":"<script> [1562 bytes]","args":[{"selector":{"id":"application-managesites-display-component---NewSite--addressDetailDetailsCity1","interaction":{"idSuffix":"inner"}},"wdio_ui5_key":"applicationmanagesites-display-component---NewSite--addressDetailDetailsCity1"}]}
COMMAND: GET /session/504404daf6556c94b3cb83283ff70561/screenshot - {}
RESULT: {"script":"<script> [1562 bytes]","args":[{"selector":{"id":"application-managesites-display-component---NewSite--addressDetailDetailsCity1","interaction":{"idSuffix":"inner"}},"wdio_ui5_key":"applicationmanagesites-display-component---NewSite--addressDetailDetailsCity1"}]}
RESULT: undefined
COMMAND: POST /session/504404daf6556c94b3cb83283ff70561/execute/async - {"script":"<script> [776 bytes]","args":[{"enterText":"Rosario","selector":{"id":"application-managesites-display-component---NewSite--addressDetailDetailsCity1","interaction":{"idSuffix":"inner"}},"clearTextFirst":true,"interactionType":"ENTER_TEXT"}]}
RESULT: {}
RESULT: {"script":"<script> [776 bytes]","args":[{"enterText":"Rosario","selector":{"id":"application-managesites-display-component---NewSite--addressDetailDetailsCity1","interaction":{"idSuffix":"inner"}},"clearTextFirst":true,"interactionType":"ENTER_TEXT"}]}
COMMAND: POST /session/504404daf6556c94b3cb83283ff70561/execute/async - {"script":"<script> [1562 bytes]","args":[{"selector":{"id":"application-managesites-display-component---NewSite--addressDetailDetailsCountry-arrow"},"wdio_ui5_key":"applicationmanagesites-display-component---NewSite--addressDetailDetailsCountry-arrow"}]}
RESULT: {"script":"<script> [1562 bytes]","args":[{"selector":{"id":"application-managesites-display-component---NewSite--addressDetailDetailsCountry-arrow"},"wdio_ui5_key":"applicationmanagesites-display-component---NewSite--addressDetailDetailsCountry-arrow"}]}
RESULT: undefined
COMMAND: POST /session/504404daf6556c94b3cb83283ff70561/element - {"using":"xpath","value":"//*[@id=\"application-managesites-display-component---NewSite--addressDetailDetailsCountry-arrow\"]"}
RESULT: {"using":"xpath","value":"//*[@id=\"application-managesites-display-component---NewSite--addressDetailDetailsCountry-arrow\"]"}
COMMAND: POST /session/504404daf6556c94b3cb83283ff70561/element/f.74039697418B55B680EBD40CFFCF13D1.d.E5DE7F77BA7ADCD535C2F357269F6926.e.8777/click - {}
RESULT: {}
COMMAND: POST /session/504404daf6556c94b3cb83283ff70561/element - {"using":"xpath","value":"//span[contains(text(), \"Argentina\")]"}
COMMAND: GET /session/504404daf6556c94b3cb83283ff70561/screenshot - {}
RESULT: {"using":"xpath","value":"//span[contains(text(), \"Argentina\")]"}
COMMAND: POST /session/504404daf6556c94b3cb83283ff70561/element/f.74039697418B55B680EBD40CFFCF13D1.d.E5DE7F77BA7ADCD535C2F357269F6926.e.8778/click - {}
RESULT: {}
RESULT: {}
COMMAND: GET /session/504404daf6556c94b3cb83283ff70561/screenshot - {}
RESULT: {}
COMMAND: POST /session/504404daf6556c94b3cb83283ff70561/execute/async - {"script":"<script> [1562 bytes]","args":[{"selector":{"id":"application-managesites-display-component---NewSite--addressEditDetailsCostObjectCstType-arrow"},"wdio_ui5_key":"applicationmanagesites-display-component---NewSite--addressEditDetailsCostObjectCstType-arrow"}]}
RESULT: {"script":"<script> [1562 bytes]","args":[{"selector":{"id":"application-managesites-display-component---NewSite--addressEditDetailsCostObjectCstType-arrow"},"wdio_ui5_key":"applicationmanagesites-display-component---NewSite--addressEditDetailsCostObjectCstType-arrow"}]}
RESULT: undefined
COMMAND: POST /session/504404daf6556c94b3cb83283ff70561/element - {"using":"xpath","value":"//*[@id=\"application-managesites-display-component---NewSite--addressEditDetailsCostObjectCstType-arrow\"]"}
RESULT: {"using":"xpath","value":"//*[@id=\"application-managesites-display-component---NewSite--addressEditDetailsCostObjectCstType-arrow\"]"}
COMMAND: POST /session/504404daf6556c94b3cb83283ff70561/element/f.74039697418B55B680EBD40CFFCF13D1.d.E5DE7F77BA7ADCD535C2F357269F6926.e.8780/click - {}
RESULT: {}
COMMAND: POST /session/504404daf6556c94b3cb83283ff70561/element - {"using":"xpath","value":"//span[contains(text(), \"Cost Center\")]"}
COMMAND: GET /session/504404daf6556c94b3cb83283ff70561/screenshot - {}
RESULT: {"using":"xpath","value":"//span[contains(text(), \"Cost Center\")]"}
COMMAND: POST /session/504404daf6556c94b3cb83283ff70561/element/f.74039697418B55B680EBD40CFFCF13D1.d.E5DE7F77BA7ADCD535C2F357269F6926.e.8781/click - {}
RESULT: {}
RESULT: {}
COMMAND: GET /session/504404daf6556c94b3cb83283ff70561/screenshot - {}
RESULT: {}
COMMAND: POST /session/504404daf6556c94b3cb83283ff70561/element - {"using":"xpath","value":"//span[@id=\"application-managesites-display-component---NewSite--addressNewCostObjectCstID-vhi\"]"}
RESULT: {"using":"xpath","value":"//span[@id=\"application-managesites-display-component---NewSite--addressNewCostObjectCstID-vhi\"]"}
COMMAND: POST /session/504404daf6556c94b3cb83283ff70561/execute/sync - {"script":"<script> [8489 bytes]","args":[{"element-6066-11e4-a52e-4f735466cecf":"f.74039697418B55B680EBD40CFFCF13D1.d.E5DE7F77BA7ADCD535C2F357269F6926.e.8784","ELEMENT":"f.74039697418B55B680EBD40CFFCF13D1.d.E5DE7F77BA7ADCD535C2F357269F6926.e.8784"}]}
RESULT: {"script":"<script> [8489 bytes]","args":[{"element-6066-11e4-a52e-4f735466cecf":"f.74039697418B55B680EBD40CFFCF13D1.d.E5DE7F77BA7ADCD535C2F357269F6926.e.8784","ELEMENT":"f.74039697418B55B680EBD40CFFCF13D1.d.E5DE7F77BA7ADCD535C2F357269F6926.e.8784"}]}
COMMAND: POST /session/504404daf6556c94b3cb83283ff70561/execute/async - {"script":"<script> [1562 bytes]","args":[{"selector":{"id":"application-managesites-display-component---NewSite--addressNewCostObjectCstID-vhi"},"wdio_ui5_key":"applicationmanagesites-display-component---NewSite--addressNewCostObjectCstID-vhi"}]}
COMMAND: GET /session/504404daf6556c94b3cb83283ff70561/screenshot - {}
RESULT: {"script":"<script> [1562 bytes]","args":[{"selector":{"id":"application-managesites-display-component---NewSite--addressNewCostObjectCstID-vhi"},"wdio_ui5_key":"applicationmanagesites-display-component---NewSite--addressNewCostObjectCstID-vhi"}]}
RESULT: undefined
COMMAND: POST /session/504404daf6556c94b3cb83283ff70561/element - {"using":"xpath","value":"//*[@id=\"application-managesites-display-component---NewSite--addressNewCostObjectCstID-vhi\"]"}
RESULT: {}
RESULT: {"using":"xpath","value":"//*[@id=\"application-managesites-display-component---NewSite--addressNewCostObjectCstID-vhi\"]"}
COMMAND: POST /session/504404daf6556c94b3cb83283ff70561/element/f.74039697418B55B680EBD40CFFCF13D1.d.E5DE7F77BA7ADCD535C2F357269F6926.e.8784/click - {}
RESULT: {}
COMMAND: GET /session/504404daf6556c94b3cb83283ff70561/screenshot - {}
RESULT: {}
RESULT: undefined
COMMAND: POST /session/504404daf6556c94b3cb83283ff70561/execute/async - {"script":"<script> [776 bytes]","args":[{"enterText":"10001013","selector":{"controlType":"sap.m.SearchField","properties":{"placeholder":"Search"},"searchOpenDialogs":true,"interaction":{"idSuffix":"I"}},"clearTextFirst":true,"interactionType":"ENTER_TEXT"}]}
RESULT: {"script":"<script> [776 bytes]","args":[{"enterText":"10001013","selector":{"controlType":"sap.m.SearchField","properties":{"placeholder":"Search"},"searchOpenDialogs":true,"interaction":{"idSuffix":"I"}},"clearTextFirst":true,"interactionType":"ENTER_TEXT"}]}
COMMAND: POST /session/504404daf6556c94b3cb83283ff70561/actions - {"actions":[{"id":"action27","type":"key","parameters":{},"actions":[{"type":"keyDown","value":""},{"type":"pause","duration":10},{"type":"keyUp","value":""}]}]}
RESULT: {"actions":[{"id":"action27","type":"key","parameters":{},"actions":[{"type":"keyDown","value":""},{"type":"pause","duration":10},{"type":"keyUp","value":""}]}]}
COMMAND: GET /session/504404daf6556c94b3cb83283ff70561/screenshot - {}
RESULT: {}
COMMAND: POST /session/504404daf6556c94b3cb83283ff70561/element - {"using":"xpath","value":"//span[contains(text(), \"General Management\")]"}
RESULT: {"using":"xpath","value":"//span[contains(text(), \"General Management\")]"}
COMMAND: POST /session/504404daf6556c94b3cb83283ff70561/element/f.74039697418B55B680EBD40CFFCF13D1.d.E5DE7F77BA7ADCD535C2F357269F6926.e.8819/click - {}
RESULT: {}
COMMAND: GET /session/504404daf6556c94b3cb83283ff70561/screenshot - {}
RESULT: {}
COMMAND: POST /session/504404daf6556c94b3cb83283ff70561/element - {"using":"xpath","value":"//bdi[contains(text(), \"OK\")]"}
RESULT: {"using":"xpath","value":"//bdi[contains(text(), \"OK\")]"}
COMMAND: POST /session/504404daf6556c94b3cb83283ff70561/element/f.74039697418B55B680EBD40CFFCF13D1.d.E5DE7F77BA7ADCD535C2F357269F6926.e.8820/click - {}
RESULT: {}
COMMAND: GET /session/504404daf6556c94b3cb83283ff70561/screenshot - {}
RESULT: {}
COMMAND: POST /session/504404daf6556c94b3cb83283ff70561/element - {"using":"xpath","value":"//input[@id=\"application-managesites-display-component---NewSite--addressDetailDetailsCalendar-inner\"]"}
RESULT: {"using":"xpath","value":"//input[@id=\"application-managesites-display-component---NewSite--addressDetailDetailsCalendar-inner\"]"}
COMMAND: POST /session/504404daf6556c94b3cb83283ff70561/element/f.74039697418B55B680EBD40CFFCF13D1.d.E5DE7F77BA7ADCD535C2F357269F6926.e.8573/clear - {}
RESULT: {}
COMMAND: POST /session/504404daf6556c94b3cb83283ff70561/element/f.74039697418B55B680EBD40CFFCF13D1.d.E5DE7F77BA7ADCD535C2F357269F6926.e.8573/value - {"text":"Unit"}
COMMAND: GET /session/504404daf6556c94b3cb83283ff70561/screenshot - {}
RESULT: {"text":"Unit"}
COMMAND: GET /session/504404daf6556c94b3cb83283ff70561/screenshot - {}
RESULT: {}
RESULT: {}
COMMAND: POST /session/504404daf6556c94b3cb83283ff70561/actions - {"actions":[{"id":"action28","type":"key","parameters":{},"actions":[{"type":"keyDown","value":""},{"type":"pause","duration":10},{"type":"keyUp","value":""}]}]}
RESULT: {"actions":[{"id":"action28","type":"key","parameters":{},"actions":[{"type":"keyDown","value":""},{"type":"pause","duration":10},{"type":"keyUp","value":""}]}]}
COMMAND: POST /session/504404daf6556c94b3cb83283ff70561/element - {"using":"xpath","value":"//input[@id=\"application-managesites-display-component---NewSite--addressDetailDetailsYard-inner\"]"}
COMMAND: GET /session/504404daf6556c94b3cb83283ff70561/screenshot - {}
RESULT: {"using":"xpath","value":"//input[@id=\"application-managesites-display-component---NewSite--addressDetailDetailsYard-inner\"]"}
COMMAND: POST /session/504404daf6556c94b3cb83283ff70561/element/f.74039697418B55B680EBD40CFFCF13D1.d.E5DE7F77BA7ADCD535C2F357269F6926.e.8574/clear - {}
RESULT: {}
RESULT: {}
COMMAND: POST /session/504404daf6556c94b3cb83283ff70561/element/f.74039697418B55B680EBD40CFFCF13D1.d.E5DE7F77BA7ADCD535C2F357269F6926.e.8574/value - {"text":"652"}
COMMAND: GET /session/504404daf6556c94b3cb83283ff70561/screenshot - {}
RESULT: {"text":"652"}
COMMAND: GET /session/504404daf6556c94b3cb83283ff70561/screenshot - {}
RESULT: {}
RESULT: {}
COMMAND: POST /session/504404daf6556c94b3cb83283ff70561/element - {"using":"xpath","value":"//li[.//span[text()='652']]"}
RESULT: {"using":"xpath","value":"//li[.//span[text()='652']]"}
COMMAND: POST /session/504404daf6556c94b3cb83283ff70561/element/f.74039697418B55B680EBD40CFFCF13D1.d.E5DE7F77BA7ADCD535C2F357269F6926.e.8846/click - {}
RESULT: {}
COMMAND: GET /session/504404daf6556c94b3cb83283ff70561/screenshot - {}
RESULT: {}
COMMAND: POST /session/504404daf6556c94b3cb83283ff70561/element - {"using":"xpath","value":"//input[@id=\"application-managesites-display-component---NewSite--addressDetailDetailsPartner-inner\"]"}
RESULT: {"using":"xpath","value":"//input[@id=\"application-managesites-display-component---NewSite--addressDetailDetailsPartner-inner\"]"}
COMMAND: POST /session/504404daf6556c94b3cb83283ff70561/element - {"using":"xpath","value":"//input[@id=\"application-managesites-display-component---NewSite--addressDetailDetailsPartner-inner\"]"}
RESULT: {"using":"xpath","value":"//input[@id=\"application-managesites-display-component---NewSite--addressDetailDetailsPartner-inner\"]"}
COMMAND: POST /session/504404daf6556c94b3cb83283ff70561/element - {"using":"xpath","value":"//button[@data-kt=\"saveButton\"]"}
RESULT: {"using":"xpath","value":"//button[@data-kt=\"saveButton\"]"}
COMMAND: POST /session/504404daf6556c94b3cb83283ff70561/element/f.74039697418B55B680EBD40CFFCF13D1.d.E5DE7F77BA7ADCD535C2F357269F6926.e.8767/click - {}
RESULT: {}
COMMAND: GET /session/504404daf6556c94b3cb83283ff70561/screenshot - {}
RESULT: {}
COMMAND: POST /session/504404daf6556c94b3cb83283ff70561/element - {"using":"xpath","value":"//header[contains(@id, 'ObjectPageLayout-headerTitle')]/div[1]/div[2]/div[2]/span[1]"}
RESULT: {"using":"xpath","value":"//header[contains(@id, 'ObjectPageLayout-headerTitle')]/div[1]/div[2]/div[2]/span[1]"}
COMMAND: POST /session/504404daf6556c94b3cb83283ff70561/elements - {"using":"xpath","value":"//header[contains(@id, 'ObjectPageLayout-headerTitle')]/div[1]/div[2]/div[2]/span[1]"}
RESULT: {"using":"xpath","value":"//header[contains(@id, 'ObjectPageLayout-headerTitle')]/div[1]/div[2]/div[2]/span[1]"}
COMMAND: POST /session/504404daf6556c94b3cb83283ff70561/execute/sync - {"script":"<script> [56 bytes]","args":[{"element-6066-11e4-a52e-4f735466cecf":"f.74039697418B55B680EBD40CFFCF13D1.d.E5DE7F77BA7ADCD535C2F357269F6926.e.9056","ELEMENT":"f.74039697418B55B680EBD40CFFCF13D1.d.E5DE7F77BA7ADCD535C2F357269F6926.e.9056"}]}
RESULT: {"script":"<script> [56 bytes]","args":[{"element-6066-11e4-a52e-4f735466cecf":"f.74039697418B55B680EBD40CFFCF13D1.d.E5DE7F77BA7ADCD535C2F357269F6926.e.9056","ELEMENT":"f.74039697418B55B680EBD40CFFCF13D1.d.E5DE7F77BA7ADCD535C2F357269F6926.e.9056"}]}
COMMAND: POST /session/504404daf6556c94b3cb83283ff70561/element - {"using":"css selector","value":"#shell-header-logo"}
COMMAND: GET /session/504404daf6556c94b3cb83283ff70561/screenshot - {}
RESULT: {"using":"css selector","value":"#shell-header-logo"}
COMMAND: POST /session/504404daf6556c94b3cb83283ff70561/element/f.74039697418B55B680EBD40CFFCF13D1.d.E5DE7F77BA7ADCD535C2F357269F6926.e.8336/click - {}
RESULT: {}
RESULT: {}
COMMAND: GET /session/504404daf6556c94b3cb83283ff70561/screenshot - {}
RESULT: {}
COMMAND: POST /session/504404daf6556c94b3cb83283ff70561/execute/sync - {"script":"<script> [299 bytes]","args":[["getModel","getResource"]]}
RESULT: {"script":"<script> [299 bytes]","args":[["getModel","getResource"]]}
]]></system-out>
    </testcase>
    <testcase classname="chrome.135_0_7049_42.windows.Billing_Transfer_-_Intracompany_US127249" name="Should create a new equipment" time="121.752">
      <system-out><![CDATA[
COMMAND: GET /session/504404daf6556c94b3cb83283ff70561/screenshot - {}
COMMAND: POST /session/504404daf6556c94b3cb83283ff70561/execute/async - {"script":"<script> [1562 bytes]","args":[{"selector":{"controlType":"sap.m.GenericTile","properties":{"header":"Manage Resources"}},"wdio_ui5_key":"sapm.GenericTile{\"header\":\"Manage Resources\"}"}]}
RESULT: {"script":"<script> [1562 bytes]","args":[{"selector":{"controlType":"sap.m.GenericTile","properties":{"header":"Manage Resources"}},"wdio_ui5_key":"sapm.GenericTile{\"header\":\"Manage Resources\"}"}]}
RESULT: undefined
COMMAND: POST /session/504404daf6556c94b3cb83283ff70561/element - {"using":"xpath","value":"//*[@id=\"__tile39\"]"}
RESULT: {}
RESULT: {"using":"xpath","value":"//*[@id=\"__tile39\"]"}
COMMAND: POST /session/504404daf6556c94b3cb83283ff70561/element/f.74039697418B55B680EBD40CFFCF13D1.d.E5DE7F77BA7ADCD535C2F357269F6926.e.6687/click - {}
RESULT: {}
COMMAND: POST /session/504404daf6556c94b3cb83283ff70561/element - {"using":"xpath","value":"//button[@data-kt=\"addNewRUOverflowToolbarButton\"]"}
COMMAND: GET /session/504404daf6556c94b3cb83283ff70561/screenshot - {}
RESULT: {"using":"xpath","value":"//button[@data-kt=\"addNewRUOverflowToolbarButton\"]"}
COMMAND: POST /session/504404daf6556c94b3cb83283ff70561/elements - {"using":"xpath","value":"//button[@data-kt=\"addNewRUOverflowToolbarButton\"]"}
RESULT: {}
RESULT: undefined
RESULT: undefined
RESULT: {"using":"xpath","value":"//button[@data-kt=\"addNewRUOverflowToolbarButton\"]"}
COMMAND: POST /session/504404daf6556c94b3cb83283ff70561/elements - {"using":"xpath","value":"//button[@data-kt=\"addNewRUOverflowToolbarButton\"]"}
RESULT: {"using":"xpath","value":"//button[@data-kt=\"addNewRUOverflowToolbarButton\"]"}
COMMAND: POST /session/504404daf6556c94b3cb83283ff70561/element - {"using":"xpath","value":"//button[@data-kt=\"addNewRUOverflowToolbarButton\"]"}
RESULT: {"using":"xpath","value":"//button[@data-kt=\"addNewRUOverflowToolbarButton\"]"}
COMMAND: POST /session/504404daf6556c94b3cb83283ff70561/execute/sync - {"script":"<script> [8489 bytes]","args":[{"element-6066-11e4-a52e-4f735466cecf":"f.74039697418B55B680EBD40CFFCF13D1.d.E5DE7F77BA7ADCD535C2F357269F6926.e.9202","ELEMENT":"f.74039697418B55B680EBD40CFFCF13D1.d.E5DE7F77BA7ADCD535C2F357269F6926.e.9202"}]}
RESULT: {"script":"<script> [8489 bytes]","args":[{"element-6066-11e4-a52e-4f735466cecf":"f.74039697418B55B680EBD40CFFCF13D1.d.E5DE7F77BA7ADCD535C2F357269F6926.e.9202","ELEMENT":"f.74039697418B55B680EBD40CFFCF13D1.d.E5DE7F77BA7ADCD535C2F357269F6926.e.9202"}]}
COMMAND: GET /session/504404daf6556c94b3cb83283ff70561/element/f.74039697418B55B680EBD40CFFCF13D1.d.E5DE7F77BA7ADCD535C2F357269F6926.e.9202/enabled - {}
COMMAND: GET /session/504404daf6556c94b3cb83283ff70561/screenshot - {}
RESULT: {}
COMMAND: POST /session/504404daf6556c94b3cb83283ff70561/execute/sync - {"script":"<script> [8489 bytes]","args":[{"element-6066-11e4-a52e-4f735466cecf":"f.74039697418B55B680EBD40CFFCF13D1.d.E5DE7F77BA7ADCD535C2F357269F6926.e.9202","ELEMENT":"f.74039697418B55B680EBD40CFFCF13D1.d.E5DE7F77BA7ADCD535C2F357269F6926.e.9202"}]}
COMMAND: GET /session/504404daf6556c94b3cb83283ff70561/screenshot - {}
RESULT: {}
RESULT: {"script":"<script> [8489 bytes]","args":[{"element-6066-11e4-a52e-4f735466cecf":"f.74039697418B55B680EBD40CFFCF13D1.d.E5DE7F77BA7ADCD535C2F357269F6926.e.9202","ELEMENT":"f.74039697418B55B680EBD40CFFCF13D1.d.E5DE7F77BA7ADCD535C2F357269F6926.e.9202"}]}
COMMAND: POST /session/504404daf6556c94b3cb83283ff70561/execute/sync - {"script":"<script> [5351 bytes]","args":[{"element-6066-11e4-a52e-4f735466cecf":"f.74039697418B55B680EBD40CFFCF13D1.d.E5DE7F77BA7ADCD535C2F357269F6926.e.9202","ELEMENT":"f.74039697418B55B680EBD40CFFCF13D1.d.E5DE7F77BA7ADCD535C2F357269F6926.e.9202"}]}
COMMAND: GET /session/504404daf6556c94b3cb83283ff70561/screenshot - {}
RESULT: {}
RESULT: {"script":"<script> [5351 bytes]","args":[{"element-6066-11e4-a52e-4f735466cecf":"f.74039697418B55B680EBD40CFFCF13D1.d.E5DE7F77BA7ADCD535C2F357269F6926.e.9202","ELEMENT":"f.74039697418B55B680EBD40CFFCF13D1.d.E5DE7F77BA7ADCD535C2F357269F6926.e.9202"}]}
COMMAND: POST /session/504404daf6556c94b3cb83283ff70561/element/f.74039697418B55B680EBD40CFFCF13D1.d.E5DE7F77BA7ADCD535C2F357269F6926.e.9202/click - {}
COMMAND: GET /session/504404daf6556c94b3cb83283ff70561/screenshot - {}
RESULT: {}
RESULT: {}
COMMAND: GET /session/504404daf6556c94b3cb83283ff70561/screenshot - {}
RESULT: {}
RESULT: {}
COMMAND: POST /session/504404daf6556c94b3cb83283ff70561/execute/async - {"script":"<script> [1562 bytes]","args":[{"selector":{"id":"application-manageresources-display-component---newResourceUnit--TYPE-arrow"},"wdio_ui5_key":"applicationmanageresources-display-component---newResourceUnit--TYPE-arrow"}]}
RESULT: {"script":"<script> [1562 bytes]","args":[{"selector":{"id":"application-manageresources-display-component---newResourceUnit--TYPE-arrow"},"wdio_ui5_key":"applicationmanageresources-display-component---newResourceUnit--TYPE-arrow"}]}
RESULT: undefined
COMMAND: POST /session/504404daf6556c94b3cb83283ff70561/element - {"using":"xpath","value":"//*[@id=\"application-manageresources-display-component---newResourceUnit--TYPE-arrow\"]"}
RESULT: {"using":"xpath","value":"//*[@id=\"application-manageresources-display-component---newResourceUnit--TYPE-arrow\"]"}
COMMAND: POST /session/504404daf6556c94b3cb83283ff70561/element/f.74039697418B55B680EBD40CFFCF13D1.d.E5DE7F77BA7ADCD535C2F357269F6926.e.9445/click - {}
RESULT: {}
COMMAND: POST /session/504404daf6556c94b3cb83283ff70561/element - {"using":"xpath","value":"//input[@id=\"application-manageresources-display-component---newResourceUnit--TYPE-inner\"]"}
COMMAND: GET /session/504404daf6556c94b3cb83283ff70561/screenshot - {}
RESULT: {"using":"xpath","value":"//input[@id=\"application-manageresources-display-component---newResourceUnit--TYPE-inner\"]"}
COMMAND: POST /session/504404daf6556c94b3cb83283ff70561/element/f.74039697418B55B680EBD40CFFCF13D1.d.E5DE7F77BA7ADCD535C2F357269F6926.e.9441/clear - {}
RESULT: {}
RESULT: {}
COMMAND: POST /session/504404daf6556c94b3cb83283ff70561/element/f.74039697418B55B680EBD40CFFCF13D1.d.E5DE7F77BA7ADCD535C2F357269F6926.e.9441/value - {"text":"Equipment"}
COMMAND: GET /session/504404daf6556c94b3cb83283ff70561/screenshot - {}
RESULT: {"text":"Equipment"}
COMMAND: GET /session/504404daf6556c94b3cb83283ff70561/screenshot - {}
RESULT: {}
RESULT: {}
COMMAND: POST /session/504404daf6556c94b3cb83283ff70561/actions - {"actions":[{"id":"action29","type":"key","parameters":{},"actions":[{"type":"keyDown","value":""},{"type":"pause","duration":10},{"type":"keyUp","value":""}]}]}
RESULT: {"actions":[{"id":"action29","type":"key","parameters":{},"actions":[{"type":"keyDown","value":""},{"type":"pause","duration":10},{"type":"keyUp","value":""}]}]}
COMMAND: POST /session/504404daf6556c94b3cb83283ff70561/execute/async - {"script":"<script> [1562 bytes]","args":[{"selector":{"id":"application-manageresources-display-component---newResourceUnit--resourceId","interaction":{"idSuffix":"inner"}},"wdio_ui5_key":"applicationmanageresources-display-component---newResourceUnit--resourceId"}]}
COMMAND: GET /session/504404daf6556c94b3cb83283ff70561/screenshot - {}
RESULT: {"script":"<script> [1562 bytes]","args":[{"selector":{"id":"application-manageresources-display-component---newResourceUnit--resourceId","interaction":{"idSuffix":"inner"}},"wdio_ui5_key":"applicationmanageresources-display-component---newResourceUnit--resourceId"}]}
RESULT: undefined
COMMAND: POST /session/504404daf6556c94b3cb83283ff70561/execute/async - {"script":"<script> [776 bytes]","args":[{"enterText":"5FJD7EdAaa","selector":{"id":"application-manageresources-display-component---newResourceUnit--resourceId","interaction":{"idSuffix":"inner"}},"clearTextFirst":true,"interactionType":"ENTER_TEXT"}]}
RESULT: {}
RESULT: {"script":"<script> [776 bytes]","args":[{"enterText":"5FJD7EdAaa","selector":{"id":"application-manageresources-display-component---newResourceUnit--resourceId","interaction":{"idSuffix":"inner"}},"clearTextFirst":true,"interactionType":"ENTER_TEXT"}]}
COMMAND: POST /session/504404daf6556c94b3cb83283ff70561/execute/async - {"script":"<script> [1562 bytes]","args":[{"selector":{"id":"application-manageresources-display-component---newResourceUnit--SHORT_TEXT","interaction":{"idSuffix":"inner"}},"wdio_ui5_key":"applicationmanageresources-display-component---newResourceUnit--SHORT_TEXT"}]}
RESULT: {"script":"<script> [1562 bytes]","args":[{"selector":{"id":"application-manageresources-display-component---newResourceUnit--SHORT_TEXT","interaction":{"idSuffix":"inner"}},"wdio_ui5_key":"applicationmanageresources-display-component---newResourceUnit--SHORT_TEXT"}]}
RESULT: undefined
COMMAND: POST /session/504404daf6556c94b3cb83283ff70561/execute/async - {"script":"<script> [776 bytes]","args":[{"enterText":"Intercompany Equipment WDIO","selector":{"id":"application-manageresources-display-component---newResourceUnit--SHORT_TEXT","interaction":{"idSuffix":"inner"}},"clearTextFirst":true,"interactionType":"ENTER_TEXT"}]}
RESULT: {"script":"<script> [776 bytes]","args":[{"enterText":"Intercompany Equipment WDIO","selector":{"id":"application-manageresources-display-component---newResourceUnit--SHORT_TEXT","interaction":{"idSuffix":"inner"}},"clearTextFirst":true,"interactionType":"ENTER_TEXT"}]}
COMMAND: POST /session/504404daf6556c94b3cb83283ff70561/execute/async - {"script":"<script> [1562 bytes]","args":[{"selector":{"id":"application-manageresources-display-component---newResourceUnit--BASE_UNIT_OF_MEASURE","interaction":{"idSuffix":"inner"}},"wdio_ui5_key":"applicationmanageresources-display-component---newResourceUnit--BASE_UNIT_OF_MEASURE"}]}
RESULT: {"script":"<script> [1562 bytes]","args":[{"selector":{"id":"application-manageresources-display-component---newResourceUnit--BASE_UNIT_OF_MEASURE","interaction":{"idSuffix":"inner"}},"wdio_ui5_key":"applicationmanageresources-display-component---newResourceUnit--BASE_UNIT_OF_MEASURE"}]}
RESULT: undefined
COMMAND: POST /session/504404daf6556c94b3cb83283ff70561/execute/async - {"script":"<script> [776 bytes]","args":[{"enterText":"Piece","selector":{"id":"application-manageresources-display-component---newResourceUnit--BASE_UNIT_OF_MEASURE","interaction":{"idSuffix":"inner"}},"clearTextFirst":true,"interactionType":"ENTER_TEXT"}]}
RESULT: {"script":"<script> [776 bytes]","args":[{"enterText":"Piece","selector":{"id":"application-manageresources-display-component---newResourceUnit--BASE_UNIT_OF_MEASURE","interaction":{"idSuffix":"inner"}},"clearTextFirst":true,"interactionType":"ENTER_TEXT"}]}
COMMAND: POST /session/504404daf6556c94b3cb83283ff70561/execute/async - {"script":"<script> [1562 bytes]","args":[{"selector":{"id":"application-manageresources-display-component---newResourceUnit--WEIGHT_UNIT","interaction":{"idSuffix":"inner"}},"wdio_ui5_key":"applicationmanageresources-display-component---newResourceUnit--WEIGHT_UNIT"}]}
RESULT: {"script":"<script> [1562 bytes]","args":[{"selector":{"id":"application-manageresources-display-component---newResourceUnit--WEIGHT_UNIT","interaction":{"idSuffix":"inner"}},"wdio_ui5_key":"applicationmanageresources-display-component---newResourceUnit--WEIGHT_UNIT"}]}
RESULT: undefined
COMMAND: POST /session/504404daf6556c94b3cb83283ff70561/execute/async - {"script":"<script> [776 bytes]","args":[{"enterText":"Gram","selector":{"id":"application-manageresources-display-component---newResourceUnit--WEIGHT_UNIT","interaction":{"idSuffix":"inner"}},"clearTextFirst":true,"interactionType":"ENTER_TEXT"}]}
RESULT: {"script":"<script> [776 bytes]","args":[{"enterText":"Gram","selector":{"id":"application-manageresources-display-component---newResourceUnit--WEIGHT_UNIT","interaction":{"idSuffix":"inner"}},"clearTextFirst":true,"interactionType":"ENTER_TEXT"}]}
COMMAND: POST /session/504404daf6556c94b3cb83283ff70561/execute/async - {"script":"<script> [1562 bytes]","args":[{"selector":{"id":"application-manageresources-display-component---newResourceUnit--DIMENSION_UNIT","interaction":{"idSuffix":"inner"}},"wdio_ui5_key":"applicationmanageresources-display-component---newResourceUnit--DIMENSION_UNIT"}]}
RESULT: {"script":"<script> [1562 bytes]","args":[{"selector":{"id":"application-manageresources-display-component---newResourceUnit--DIMENSION_UNIT","interaction":{"idSuffix":"inner"}},"wdio_ui5_key":"applicationmanageresources-display-component---newResourceUnit--DIMENSION_UNIT"}]}
RESULT: undefined
COMMAND: POST /session/504404daf6556c94b3cb83283ff70561/execute/async - {"script":"<script> [776 bytes]","args":[{"enterText":"Meter","selector":{"id":"application-manageresources-display-component---newResourceUnit--DIMENSION_UNIT","interaction":{"idSuffix":"inner"}},"clearTextFirst":true,"interactionType":"ENTER_TEXT"}]}
RESULT: {"script":"<script> [776 bytes]","args":[{"enterText":"Meter","selector":{"id":"application-manageresources-display-component---newResourceUnit--DIMENSION_UNIT","interaction":{"idSuffix":"inner"}},"clearTextFirst":true,"interactionType":"ENTER_TEXT"}]}
COMMAND: POST /session/504404daf6556c94b3cb83283ff70561/execute/async - {"script":"<script> [1562 bytes]","args":[{"selector":{"id":"application-manageresources-display-component---newResourceUnit--newRRUPage-anchBar-application-manageresources-display-component---newResourceUnit--control-anchor","interaction":{"idSuffix":"BDI-content"}},"wdio_ui5_key":"applicationmanageresources-display-component---newResourceUnit--newRRUPage-anchBar-application-manageresources-display-component---newResourceUnit--control-anchor"}]}
RESULT: {"script":"<script> [1562 bytes]","args":[{"selector":{"id":"application-manageresources-display-component---newResourceUnit--newRRUPage-anchBar-application-manageresources-display-component---newResourceUnit--control-anchor","interaction":{"idSuffix":"BDI-content"}},"wdio_ui5_key":"applicationmanageresources-display-component---newResourceUnit--newRRUPage-anchBar-application-manageresources-display-component---newResourceUnit--control-anchor"}]}
RESULT: undefined
COMMAND: POST /session/504404daf6556c94b3cb83283ff70561/element - {"using":"xpath","value":"//*[@id=\"application-manageresources-display-component---newResourceUnit--newRRUPage-anchBar-application-manageresources-display-component---newResourceUnit--control-anchor\"]"}
RESULT: {"using":"xpath","value":"//*[@id=\"application-manageresources-display-component---newResourceUnit--newRRUPage-anchBar-application-manageresources-display-component---newResourceUnit--control-anchor\"]"}
COMMAND: POST /session/504404daf6556c94b3cb83283ff70561/element/f.74039697418B55B680EBD40CFFCF13D1.d.E5DE7F77BA7ADCD535C2F357269F6926.e.9577/click - {}
RESULT: {}
COMMAND: POST /session/504404daf6556c94b3cb83283ff70561/execute/async - {"script":"<script> [1562 bytes]","args":[{"selector":{"id":"application-manageresources-display-component---newResourceUnit--PLANNING_GROUP","interaction":{"idSuffix":"inner"}},"wdio_ui5_key":"applicationmanageresources-display-component---newResourceUnit--PLANNING_GROUP"}]}
COMMAND: GET /session/504404daf6556c94b3cb83283ff70561/screenshot - {}
RESULT: {"script":"<script> [1562 bytes]","args":[{"selector":{"id":"application-manageresources-display-component---newResourceUnit--PLANNING_GROUP","interaction":{"idSuffix":"inner"}},"wdio_ui5_key":"applicationmanageresources-display-component---newResourceUnit--PLANNING_GROUP"}]}
RESULT: undefined
COMMAND: POST /session/504404daf6556c94b3cb83283ff70561/execute/async - {"script":"<script> [776 bytes]","args":[{"enterText":"Heavy Equi","selector":{"id":"application-manageresources-display-component---newResourceUnit--PLANNING_GROUP","interaction":{"idSuffix":"inner"}},"clearTextFirst":true,"interactionType":"ENTER_TEXT"}]}
RESULT: {}
RESULT: {"script":"<script> [776 bytes]","args":[{"enterText":"Heavy Equi","selector":{"id":"application-manageresources-display-component---newResourceUnit--PLANNING_GROUP","interaction":{"idSuffix":"inner"}},"clearTextFirst":true,"interactionType":"ENTER_TEXT"}]}
COMMAND: POST /session/504404daf6556c94b3cb83283ff70561/execute/async - {"script":"<script> [1562 bytes]","args":[{"selector":{"id":"application-manageresources-display-component---newResourceUnit--ITEM_TYPE-arrow"},"wdio_ui5_key":"applicationmanageresources-display-component---newResourceUnit--ITEM_TYPE-arrow"}]}
RESULT: {"script":"<script> [1562 bytes]","args":[{"selector":{"id":"application-manageresources-display-component---newResourceUnit--ITEM_TYPE-arrow"},"wdio_ui5_key":"applicationmanageresources-display-component---newResourceUnit--ITEM_TYPE-arrow"}]}
RESULT: undefined
COMMAND: POST /session/504404daf6556c94b3cb83283ff70561/element - {"using":"xpath","value":"//*[@id=\"application-manageresources-display-component---newResourceUnit--ITEM_TYPE-arrow\"]"}
RESULT: {"using":"xpath","value":"//*[@id=\"application-manageresources-display-component---newResourceUnit--ITEM_TYPE-arrow\"]"}
COMMAND: POST /session/504404daf6556c94b3cb83283ff70561/element/f.74039697418B55B680EBD40CFFCF13D1.d.E5DE7F77BA7ADCD535C2F357269F6926.e.9586/click - {}
RESULT: {}
COMMAND: POST /session/504404daf6556c94b3cb83283ff70561/element - {"using":"xpath","value":"(//span[contains(text(), \"Resource Unit\")])[2]"}
COMMAND: GET /session/504404daf6556c94b3cb83283ff70561/screenshot - {}
RESULT: {"using":"xpath","value":"(//span[contains(text(), \"Resource Unit\")])[2]"}
COMMAND: POST /session/504404daf6556c94b3cb83283ff70561/element/f.74039697418B55B680EBD40CFFCF13D1.d.E5DE7F77BA7ADCD535C2F357269F6926.e.9587/click - {}
RESULT: {}
RESULT: {}
COMMAND: GET /session/504404daf6556c94b3cb83283ff70561/screenshot - {}
RESULT: {}
COMMAND: POST /session/504404daf6556c94b3cb83283ff70561/element - {"using":"css selector","value":"#application-manageresources-display-component---newResourceUnit--btnAddTimeSegment"}
RESULT: {"using":"css selector","value":"#application-manageresources-display-component---newResourceUnit--btnAddTimeSegment"}
COMMAND: GET /session/504404daf6556c94b3cb83283ff70561/element/f.74039697418B55B680EBD40CFFCF13D1.d.E5DE7F77BA7ADCD535C2F357269F6926.e.9588/rect - {}
RESULT: {}
COMMAND: GET /session/504404daf6556c94b3cb83283ff70561/window/rect - {}
RESULT: {}
COMMAND: POST /session/504404daf6556c94b3cb83283ff70561/execute/sync - {"script":"<script> [92 bytes]","args":[]}
RESULT: {"script":"<script> [92 bytes]","args":[]}
COMMAND: POST /session/504404daf6556c94b3cb83283ff70561/actions - {"actions":[{"id":"action30","type":"wheel","parameters":{},"actions":[{"type":"scroll","x":-1888,"y":-32,"deltaX":0,"deltaY":0,"duration":0,"origin":{"element-6066-11e4-a52e-4f735466cecf":"f.74039697418B55B680EBD40CFFCF13D1.d.E5DE7F77BA7ADCD535C2F357269F6926.e.9588"}}]}]}
COMMAND: GET /session/504404daf6556c94b3cb83283ff70561/screenshot - {}
RESULT: {}
COMMAND: POST /session/504404daf6556c94b3cb83283ff70561/execute/sync - {"script":"<script> [79 bytes]","args":[{"element-6066-11e4-a52e-4f735466cecf":"f.74039697418B55B680EBD40CFFCF13D1.d.E5DE7F77BA7ADCD535C2F357269F6926.e.9588","ELEMENT":"f.74039697418B55B680EBD40CFFCF13D1.d.E5DE7F77BA7ADCD535C2F357269F6926.e.9588"},{"block":"start","inline":"nearest"}]}
RESULT: {"script":"<script> [79 bytes]","args":[{"element-6066-11e4-a52e-4f735466cecf":"f.74039697418B55B680EBD40CFFCF13D1.d.E5DE7F77BA7ADCD535C2F357269F6926.e.9588","ELEMENT":"f.74039697418B55B680EBD40CFFCF13D1.d.E5DE7F77BA7ADCD535C2F357269F6926.e.9588"},{"block":"start","inline":"nearest"}]}
COMMAND: POST /session/504404daf6556c94b3cb83283ff70561/execute/async - {"script":"<script> [1562 bytes]","args":[{"selector":{"id":"application-manageresources-display-component---newResourceUnit--btnAddTimeSegment","interaction":{"idSuffix":"inner"}},"wdio_ui5_key":"applicationmanageresources-display-component---newResourceUnit--btnAddTimeSegment"}]}
COMMAND: GET /session/504404daf6556c94b3cb83283ff70561/screenshot - {}
RESULT: {"script":"<script> [1562 bytes]","args":[{"selector":{"id":"application-manageresources-display-component---newResourceUnit--btnAddTimeSegment","interaction":{"idSuffix":"inner"}},"wdio_ui5_key":"applicationmanageresources-display-component---newResourceUnit--btnAddTimeSegment"}]}
RESULT: undefined
COMMAND: POST /session/504404daf6556c94b3cb83283ff70561/element - {"using":"xpath","value":"//*[@id=\"application-manageresources-display-component---newResourceUnit--btnAddTimeSegment\"]"}
RESULT: {}
RESULT: {"using":"xpath","value":"//*[@id=\"application-manageresources-display-component---newResourceUnit--btnAddTimeSegment\"]"}
COMMAND: POST /session/504404daf6556c94b3cb83283ff70561/element/f.74039697418B55B680EBD40CFFCF13D1.d.E5DE7F77BA7ADCD535C2F357269F6926.e.9588/click - {}
RESULT: {}
COMMAND: GET /session/504404daf6556c94b3cb83283ff70561/screenshot - {}
RESULT: {}
COMMAND: POST /session/504404daf6556c94b3cb83283ff70561/element - {"using":"xpath","value":"//input[@id=\"application-manageresources-display-component---newResourceUnit--idRuTSAdmin-application-manageresources-display-component---newResourceUnit--RUTimeSegment-0-inner\"]"}
RESULT: {"using":"xpath","value":"//input[@id=\"application-manageresources-display-component---newResourceUnit--idRuTSAdmin-application-manageresources-display-component---newResourceUnit--RUTimeSegment-0-inner\"]"}
COMMAND: POST /session/504404daf6556c94b3cb83283ff70561/element/f.74039697418B55B680EBD40CFFCF13D1.d.E5DE7F77BA7ADCD535C2F357269F6926.e.9594/clear - {}
RESULT: {}
COMMAND: POST /session/504404daf6556c94b3cb83283ff70561/element/f.74039697418B55B680EBD40CFFCF13D1.d.E5DE7F77BA7ADCD535C2F357269F6926.e.9594/value - {"text":"652"}
COMMAND: GET /session/504404daf6556c94b3cb83283ff70561/screenshot - {}
RESULT: {"text":"652"}
COMMAND: GET /session/504404daf6556c94b3cb83283ff70561/screenshot - {}
RESULT: {}
RESULT: {}
COMMAND: POST /session/504404daf6556c94b3cb83283ff70561/element - {"using":"xpath","value":"//li[.//span[text()='652']]"}
RESULT: {"using":"xpath","value":"//li[.//span[text()='652']]"}
COMMAND: POST /session/504404daf6556c94b3cb83283ff70561/element/f.74039697418B55B680EBD40CFFCF13D1.d.E5DE7F77BA7ADCD535C2F357269F6926.e.9608/click - {}
RESULT: {}
COMMAND: GET /session/504404daf6556c94b3cb83283ff70561/screenshot - {}
RESULT: {}
COMMAND: POST /session/504404daf6556c94b3cb83283ff70561/element - {"using":"xpath","value":"(//span[contains(@id, \"-application-manageresources-display-component---newResourceUnit--RUTimeSegment-0-arrow\")])[6]"}
RESULT: {"using":"xpath","value":"(//span[contains(@id, \"-application-manageresources-display-component---newResourceUnit--RUTimeSegment-0-arrow\")])[6]"}
COMMAND: POST /session/504404daf6556c94b3cb83283ff70561/element/f.74039697418B55B680EBD40CFFCF13D1.d.E5DE7F77BA7ADCD535C2F357269F6926.e.9609/click - {}
RESULT: {}
COMMAND: POST /session/504404daf6556c94b3cb83283ff70561/element - {"using":"xpath","value":"//span[contains(text(), \"PM Order\")]"}
COMMAND: GET /session/504404daf6556c94b3cb83283ff70561/screenshot - {}
RESULT: {"using":"xpath","value":"//span[contains(text(), \"PM Order\")]"}
COMMAND: POST /session/504404daf6556c94b3cb83283ff70561/element/f.74039697418B55B680EBD40CFFCF13D1.d.E5DE7F77BA7ADCD535C2F357269F6926.e.9612/click - {}
RESULT: {}
RESULT: {}
COMMAND: GET /session/504404daf6556c94b3cb83283ff70561/screenshot - {}
RESULT: {}
COMMAND: POST /session/504404daf6556c94b3cb83283ff70561/element - {"using":"xpath","value":"(//span[contains(@id ,\"manageresources-display-component---newResourceUnit--RUTimeSegment-0-vhi\")])[2]"}
RESULT: {"using":"xpath","value":"(//span[contains(@id ,\"manageresources-display-component---newResourceUnit--RUTimeSegment-0-vhi\")])[2]"}
COMMAND: POST /session/504404daf6556c94b3cb83283ff70561/element/f.74039697418B55B680EBD40CFFCF13D1.d.E5DE7F77BA7ADCD535C2F357269F6926.e.9615/click - {}
RESULT: {}
COMMAND: GET /session/504404daf6556c94b3cb83283ff70561/screenshot - {}
RESULT: {}
RESULT: undefined
COMMAND: POST /session/504404daf6556c94b3cb83283ff70561/execute/async - {"script":"<script> [776 bytes]","args":[{"enterText":"4000360","selector":{"controlType":"sap.m.SearchField","properties":{"placeholder":"Search"},"searchOpenDialogs":true,"interaction":{"idSuffix":"I"}},"clearTextFirst":true,"interactionType":"ENTER_TEXT"}]}
RESULT: {"script":"<script> [776 bytes]","args":[{"enterText":"4000360","selector":{"controlType":"sap.m.SearchField","properties":{"placeholder":"Search"},"searchOpenDialogs":true,"interaction":{"idSuffix":"I"}},"clearTextFirst":true,"interactionType":"ENTER_TEXT"}]}
COMMAND: POST /session/504404daf6556c94b3cb83283ff70561/actions - {"actions":[{"id":"action31","type":"key","parameters":{},"actions":[{"type":"keyDown","value":""},{"type":"pause","duration":10},{"type":"keyUp","value":""}]}]}
RESULT: {"actions":[{"id":"action31","type":"key","parameters":{},"actions":[{"type":"keyDown","value":""},{"type":"pause","duration":10},{"type":"keyUp","value":""}]}]}
COMMAND: GET /session/504404daf6556c94b3cb83283ff70561/screenshot - {}
RESULT: {}
COMMAND: POST /session/504404daf6556c94b3cb83283ff70561/element - {"using":"xpath","value":"//td/div/span[contains(text(), \"BGL Vehicles\")]"}
RESULT: {"using":"xpath","value":"//td/div/span[contains(text(), \"BGL Vehicles\")]"}
COMMAND: POST /session/504404daf6556c94b3cb83283ff70561/element/f.74039697418B55B680EBD40CFFCF13D1.d.E5DE7F77BA7ADCD535C2F357269F6926.e.9634/click - {}
RESULT: {}
COMMAND: GET /session/504404daf6556c94b3cb83283ff70561/screenshot - {}
RESULT: {}
COMMAND: POST /session/504404daf6556c94b3cb83283ff70561/element - {"using":"xpath","value":"//bdi[contains(text(), \"OK\")]"}
RESULT: {"using":"xpath","value":"//bdi[contains(text(), \"OK\")]"}
COMMAND: POST /session/504404daf6556c94b3cb83283ff70561/element/f.74039697418B55B680EBD40CFFCF13D1.d.E5DE7F77BA7ADCD535C2F357269F6926.e.9635/click - {}
RESULT: {}
COMMAND: GET /session/504404daf6556c94b3cb83283ff70561/screenshot - {}
RESULT: {}
COMMAND: POST /session/504404daf6556c94b3cb83283ff70561/execute/async - {"script":"<script> [1562 bytes]","args":[{"selector":{"id":"application-manageresources-display-component---newResourceUnit--newRRUPage-anchBar-application-manageresources-display-component---newResourceUnit--resource-anchor","interaction":{"idSuffix":"BDI-content"}},"wdio_ui5_key":"applicationmanageresources-display-component---newResourceUnit--newRRUPage-anchBar-application-manageresources-display-component---newResourceUnit--resource-anchor"}]}
RESULT: {"script":"<script> [1562 bytes]","args":[{"selector":{"id":"application-manageresources-display-component---newResourceUnit--newRRUPage-anchBar-application-manageresources-display-component---newResourceUnit--resource-anchor","interaction":{"idSuffix":"BDI-content"}},"wdio_ui5_key":"applicationmanageresources-display-component---newResourceUnit--newRRUPage-anchBar-application-manageresources-display-component---newResourceUnit--resource-anchor"}]}
RESULT: undefined
COMMAND: POST /session/504404daf6556c94b3cb83283ff70561/element - {"using":"xpath","value":"//*[@id=\"application-manageresources-display-component---newResourceUnit--newRRUPage-anchBar-application-manageresources-display-component---newResourceUnit--resource-anchor\"]"}
RESULT: {"using":"xpath","value":"//*[@id=\"application-manageresources-display-component---newResourceUnit--newRRUPage-anchBar-application-manageresources-display-component---newResourceUnit--resource-anchor\"]"}
COMMAND: POST /session/504404daf6556c94b3cb83283ff70561/element/f.74039697418B55B680EBD40CFFCF13D1.d.E5DE7F77BA7ADCD535C2F357269F6926.e.9639/click - {}
RESULT: {}
COMMAND: POST /session/504404daf6556c94b3cb83283ff70561/execute/async - {"script":"<script> [1562 bytes]","args":[{"selector":{"id":"application-manageresources-display-component---newResourceUnit--PLANNED_DELIVERY_DATE","interaction":{"idSuffix":"inner"}},"wdio_ui5_key":"applicationmanageresources-display-component---newResourceUnit--PLANNED_DELIVERY_DATE"}]}
COMMAND: GET /session/504404daf6556c94b3cb83283ff70561/screenshot - {}
RESULT: {"script":"<script> [1562 bytes]","args":[{"selector":{"id":"application-manageresources-display-component---newResourceUnit--PLANNED_DELIVERY_DATE","interaction":{"idSuffix":"inner"}},"wdio_ui5_key":"applicationmanageresources-display-component---newResourceUnit--PLANNED_DELIVERY_DATE"}]}
RESULT: undefined
COMMAND: POST /session/504404daf6556c94b3cb83283ff70561/execute/async - {"script":"<script> [6424 bytes]","args":[{"element-6066-11e4-a52e-4f735466cecf":"f.74039697418B55B680EBD40CFFCF13D1.d.E5DE7F77BA7ADCD535C2F357269F6926.e.9500"},"setValue",["4/21/25"]]}
RESULT: {}
RESULT: {"script":"<script> [6424 bytes]","args":[{"element-6066-11e4-a52e-4f735466cecf":"f.74039697418B55B680EBD40CFFCF13D1.d.E5DE7F77BA7ADCD535C2F357269F6926.e.9500"},"setValue",["4/21/25"]]}
COMMAND: POST /session/504404daf6556c94b3cb83283ff70561/element - {"using":"xpath","value":"//button[@data-kt=\"resourceUnitSaveButton\"]"}
RESULT: {"using":"xpath","value":"//button[@data-kt=\"resourceUnitSaveButton\"]"}
COMMAND: POST /session/504404daf6556c94b3cb83283ff70561/element/f.74039697418B55B680EBD40CFFCF13D1.d.E5DE7F77BA7ADCD535C2F357269F6926.e.9461/click - {}
RESULT: {}
COMMAND: GET /session/504404daf6556c94b3cb83283ff70561/screenshot - {}
RESULT: {}
COMMAND: POST /session/504404daf6556c94b3cb83283ff70561/element - {"using":"xpath","value":"//bdi[contains(text(), \"Close\")]"}
RESULT: {"using":"xpath","value":"//bdi[contains(text(), \"Close\")]"}
COMMAND: POST /session/504404daf6556c94b3cb83283ff70561/element/f.74039697418B55B680EBD40CFFCF13D1.d.E5DE7F77BA7ADCD535C2F357269F6926.e.9647/click - {}
RESULT: {}
COMMAND: GET /session/504404daf6556c94b3cb83283ff70561/screenshot - {}
RESULT: {}
COMMAND: POST /session/504404daf6556c94b3cb83283ff70561/element - {"using":"xpath","value":"(//button[contains(@id ,\"actionsToolbar-overflowButton\")])[1]"}
RESULT: {"using":"xpath","value":"(//button[contains(@id ,\"actionsToolbar-overflowButton\")])[1]"}
COMMAND: POST /session/504404daf6556c94b3cb83283ff70561/element/f.74039697418B55B680EBD40CFFCF13D1.d.E5DE7F77BA7ADCD535C2F357269F6926.e.9700/click - {}
RESULT: {}
COMMAND: GET /session/504404daf6556c94b3cb83283ff70561/screenshot - {}
RESULT: {}
COMMAND: POST /session/504404daf6556c94b3cb83283ff70561/element - {"using":"xpath","value":"//button[@data-kt=\"priceInfoButton\"]"}
RESULT: {"using":"xpath","value":"//button[@data-kt=\"priceInfoButton\"]"}
COMMAND: POST /session/504404daf6556c94b3cb83283ff70561/element/f.74039697418B55B680EBD40CFFCF13D1.d.E5DE7F77BA7ADCD535C2F357269F6926.e.9702/click - {}
RESULT: {}
COMMAND: GET /session/504404daf6556c94b3cb83283ff70561/screenshot - {}
RESULT: {}
]]></system-out>
    </testcase>
    <testcase classname="chrome.135_0_7049_42.windows.Billing_Transfer_-_Intracompany_US127249" name="Should create a pricing procedure" time="62.657">
      <system-out><![CDATA[
COMMAND: POST /session/504404daf6556c94b3cb83283ff70561/element - {"using":"xpath","value":"//button[@data-kt=\"addButton\"]"}
RESULT: {"using":"xpath","value":"//button[@data-kt=\"addButton\"]"}
COMMAND: POST /session/504404daf6556c94b3cb83283ff70561/elements - {"using":"xpath","value":"//button[@data-kt=\"addButton\"]"}
RESULT: {"using":"xpath","value":"//button[@data-kt=\"addButton\"]"}
COMMAND: POST /session/504404daf6556c94b3cb83283ff70561/execute/sync - {"script":"<script> [8489 bytes]","args":[{"element-6066-11e4-a52e-4f735466cecf":"f.74039697418B55B680EBD40CFFCF13D1.d.E5DE7F77BA7ADCD535C2F357269F6926.e.9742","ELEMENT":"f.74039697418B55B680EBD40CFFCF13D1.d.E5DE7F77BA7ADCD535C2F357269F6926.e.9742"}]}
RESULT: {"script":"<script> [8489 bytes]","args":[{"element-6066-11e4-a52e-4f735466cecf":"f.74039697418B55B680EBD40CFFCF13D1.d.E5DE7F77BA7ADCD535C2F357269F6926.e.9742","ELEMENT":"f.74039697418B55B680EBD40CFFCF13D1.d.E5DE7F77BA7ADCD535C2F357269F6926.e.9742"}]}
COMMAND: GET /session/504404daf6556c94b3cb83283ff70561/element/f.74039697418B55B680EBD40CFFCF13D1.d.E5DE7F77BA7ADCD535C2F357269F6926.e.9742/enabled - {}
COMMAND: GET /session/504404daf6556c94b3cb83283ff70561/screenshot - {}
RESULT: {}
COMMAND: POST /session/504404daf6556c94b3cb83283ff70561/execute/sync - {"script":"<script> [8489 bytes]","args":[{"element-6066-11e4-a52e-4f735466cecf":"f.74039697418B55B680EBD40CFFCF13D1.d.E5DE7F77BA7ADCD535C2F357269F6926.e.9742","ELEMENT":"f.74039697418B55B680EBD40CFFCF13D1.d.E5DE7F77BA7ADCD535C2F357269F6926.e.9742"}]}
COMMAND: GET /session/504404daf6556c94b3cb83283ff70561/screenshot - {}
RESULT: {}
RESULT: {"script":"<script> [8489 bytes]","args":[{"element-6066-11e4-a52e-4f735466cecf":"f.74039697418B55B680EBD40CFFCF13D1.d.E5DE7F77BA7ADCD535C2F357269F6926.e.9742","ELEMENT":"f.74039697418B55B680EBD40CFFCF13D1.d.E5DE7F77BA7ADCD535C2F357269F6926.e.9742"}]}
COMMAND: POST /session/504404daf6556c94b3cb83283ff70561/execute/sync - {"script":"<script> [5351 bytes]","args":[{"element-6066-11e4-a52e-4f735466cecf":"f.74039697418B55B680EBD40CFFCF13D1.d.E5DE7F77BA7ADCD535C2F357269F6926.e.9742","ELEMENT":"f.74039697418B55B680EBD40CFFCF13D1.d.E5DE7F77BA7ADCD535C2F357269F6926.e.9742"}]}
COMMAND: GET /session/504404daf6556c94b3cb83283ff70561/screenshot - {}
RESULT: {}
RESULT: {"script":"<script> [5351 bytes]","args":[{"element-6066-11e4-a52e-4f735466cecf":"f.74039697418B55B680EBD40CFFCF13D1.d.E5DE7F77BA7ADCD535C2F357269F6926.e.9742","ELEMENT":"f.74039697418B55B680EBD40CFFCF13D1.d.E5DE7F77BA7ADCD535C2F357269F6926.e.9742"}]}
COMMAND: POST /session/504404daf6556c94b3cb83283ff70561/element/f.74039697418B55B680EBD40CFFCF13D1.d.E5DE7F77BA7ADCD535C2F357269F6926.e.9742/click - {}
COMMAND: GET /session/504404daf6556c94b3cb83283ff70561/screenshot - {}
RESULT: {}
RESULT: {}
COMMAND: GET /session/504404daf6556c94b3cb83283ff70561/screenshot - {}
RESULT: {}
RESULT: {}
COMMAND: POST /session/504404daf6556c94b3cb83283ff70561/execute/async - {"script":"<script> [1562 bytes]","args":[{"selector":{"controlType":"sap.m.Title","viewName":"etm.portal.ui.managepricingrules.view.NewItem","viewId":"application-managepricingrules-display-component---newInfoPriceItem","properties":{"text":"New Pricing Rules - Item Level"}},"wdio_ui5_key":"etmportal.ui.managepricingrules.view.NewItemsap.m.Title{\"text\":\"New Pricing Rules - Item Level\"}"}]}
RESULT: {"script":"<script> [1562 bytes]","args":[{"selector":{"controlType":"sap.m.Title","viewName":"etm.portal.ui.managepricingrules.view.NewItem","viewId":"application-managepricingrules-display-component---newInfoPriceItem","properties":{"text":"New Pricing Rules - Item Level"}},"wdio_ui5_key":"etmportal.ui.managepricingrules.view.NewItemsap.m.Title{\"text\":\"New Pricing Rules - Item Level\"}"}]}
RESULT: undefined
COMMAND: POST /session/504404daf6556c94b3cb83283ff70561/execute/async - {"script":"<script> [6424 bytes]","args":[{"element-6066-11e4-a52e-4f735466cecf":"f.74039697418B55B680EBD40CFFCF13D1.d.E5DE7F77BA7ADCD535C2F357269F6926.e.9872"},"getText",[]]}
RESULT: {"script":"<script> [6424 bytes]","args":[{"element-6066-11e4-a52e-4f735466cecf":"f.74039697418B55B680EBD40CFFCF13D1.d.E5DE7F77BA7ADCD535C2F357269F6926.e.9872"},"getText",[]]}
COMMAND: POST /session/504404daf6556c94b3cb83283ff70561/execute/async - {"script":"<script> [1562 bytes]","args":[{"selector":{"id":"application-managepricingrules-display-component---newInfoPriceItem--condValidTo","interaction":{"idSuffix":"inner"}},"wdio_ui5_key":"applicationmanagepricingrules-display-component---newInfoPriceItem--condValidTo"}]}
RESULT: {"script":"<script> [1562 bytes]","args":[{"selector":{"id":"application-managepricingrules-display-component---newInfoPriceItem--condValidTo","interaction":{"idSuffix":"inner"}},"wdio_ui5_key":"applicationmanagepricingrules-display-component---newInfoPriceItem--condValidTo"}]}
RESULT: undefined
COMMAND: POST /session/504404daf6556c94b3cb83283ff70561/execute/async - {"script":"<script> [776 bytes]","args":[{"enterText":"12/21/25","selector":{"id":"application-managepricingrules-display-component---newInfoPriceItem--condValidTo","interaction":{"idSuffix":"inner"}},"clearTextFirst":true,"interactionType":"ENTER_TEXT"}]}
RESULT: {"script":"<script> [776 bytes]","args":[{"enterText":"12/21/25","selector":{"id":"application-managepricingrules-display-component---newInfoPriceItem--condValidTo","interaction":{"idSuffix":"inner"}},"clearTextFirst":true,"interactionType":"ENTER_TEXT"}]}
COMMAND: POST /session/504404daf6556c94b3cb83283ff70561/execute/async - {"script":"<script> [1562 bytes]","args":[{"selector":{"id":"application-managepricingrules-display-component---newInfoPriceItem--billType-arrow"},"wdio_ui5_key":"applicationmanagepricingrules-display-component---newInfoPriceItem--billType-arrow"}]}
RESULT: {"script":"<script> [1562 bytes]","args":[{"selector":{"id":"application-managepricingrules-display-component---newInfoPriceItem--billType-arrow"},"wdio_ui5_key":"applicationmanagepricingrules-display-component---newInfoPriceItem--billType-arrow"}]}
RESULT: undefined
COMMAND: POST /session/504404daf6556c94b3cb83283ff70561/element - {"using":"xpath","value":"//*[@id=\"application-managepricingrules-display-component---newInfoPriceItem--billType-arrow\"]"}
RESULT: {"using":"xpath","value":"//*[@id=\"application-managepricingrules-display-component---newInfoPriceItem--billType-arrow\"]"}
COMMAND: POST /session/504404daf6556c94b3cb83283ff70561/element/f.74039697418B55B680EBD40CFFCF13D1.d.E5DE7F77BA7ADCD535C2F357269F6926.e.9874/click - {}
RESULT: {}
COMMAND: POST /session/504404daf6556c94b3cb83283ff70561/element - {"using":"xpath","value":"//span[contains(text(), \"TB - Time based\")]"}
COMMAND: GET /session/504404daf6556c94b3cb83283ff70561/screenshot - {}
RESULT: {"using":"xpath","value":"//span[contains(text(), \"TB - Time based\")]"}
COMMAND: POST /session/504404daf6556c94b3cb83283ff70561/element/f.74039697418B55B680EBD40CFFCF13D1.d.E5DE7F77BA7ADCD535C2F357269F6926.e.9875/click - {}
RESULT: {}
RESULT: {}
COMMAND: POST /session/504404daf6556c94b3cb83283ff70561/execute/async - {"script":"<script> [1562 bytes]","args":[{"selector":{"id":"application-managepricingrules-display-component---newInfoPriceItem--priceProc-arrow"},"wdio_ui5_key":"applicationmanagepricingrules-display-component---newInfoPriceItem--priceProc-arrow"}]}
COMMAND: GET /session/504404daf6556c94b3cb83283ff70561/screenshot - {}
RESULT: {"script":"<script> [1562 bytes]","args":[{"selector":{"id":"application-managepricingrules-display-component---newInfoPriceItem--priceProc-arrow"},"wdio_ui5_key":"applicationmanagepricingrules-display-component---newInfoPriceItem--priceProc-arrow"}]}
RESULT: undefined
COMMAND: POST /session/504404daf6556c94b3cb83283ff70561/element - {"using":"xpath","value":"//*[@id=\"application-managepricingrules-display-component---newInfoPriceItem--priceProc-arrow\"]"}
RESULT: {}
RESULT: {"using":"xpath","value":"//*[@id=\"application-managepricingrules-display-component---newInfoPriceItem--priceProc-arrow\"]"}
COMMAND: POST /session/504404daf6556c94b3cb83283ff70561/element/f.74039697418B55B680EBD40CFFCF13D1.d.E5DE7F77BA7ADCD535C2F357269F6926.e.9876/click - {}
RESULT: {}
COMMAND: POST /session/504404daf6556c94b3cb83283ff70561/element - {"using":"xpath","value":"//span[contains(text(), \"TBS - Time based standard\")]"}
COMMAND: GET /session/504404daf6556c94b3cb83283ff70561/screenshot - {}
RESULT: {"using":"xpath","value":"//span[contains(text(), \"TBS - Time based standard\")]"}
COMMAND: POST /session/504404daf6556c94b3cb83283ff70561/element/f.74039697418B55B680EBD40CFFCF13D1.d.E5DE7F77BA7ADCD535C2F357269F6926.e.9877/click - {}
RESULT: {}
RESULT: {}
COMMAND: POST /session/504404daf6556c94b3cb83283ff70561/execute/async - {"script":"<script> [1562 bytes]","args":[{"selector":{"id":"application-managepricingrules-display-component---newInfoPriceItem--calcBase-arrow"},"wdio_ui5_key":"applicationmanagepricingrules-display-component---newInfoPriceItem--calcBase-arrow"}]}
COMMAND: GET /session/504404daf6556c94b3cb83283ff70561/screenshot - {}
RESULT: {"script":"<script> [1562 bytes]","args":[{"selector":{"id":"application-managepricingrules-display-component---newInfoPriceItem--calcBase-arrow"},"wdio_ui5_key":"applicationmanagepricingrules-display-component---newInfoPriceItem--calcBase-arrow"}]}
RESULT: undefined
COMMAND: POST /session/504404daf6556c94b3cb83283ff70561/element - {"using":"xpath","value":"//*[@id=\"application-managepricingrules-display-component---newInfoPriceItem--calcBase-arrow\"]"}
RESULT: {}
RESULT: {"using":"xpath","value":"//*[@id=\"application-managepricingrules-display-component---newInfoPriceItem--calcBase-arrow\"]"}
COMMAND: POST /session/504404daf6556c94b3cb83283ff70561/element/f.74039697418B55B680EBD40CFFCF13D1.d.E5DE7F77BA7ADCD535C2F357269F6926.e.9845/click - {}
RESULT: {}
COMMAND: GET /session/504404daf6556c94b3cb83283ff70561/screenshot - {}
RESULT: {}
COMMAND: POST /session/504404daf6556c94b3cb83283ff70561/element - {"using":"xpath","value":"//span[contains(text(), \"0006 - TB(calendar days)\")]"}
RESULT: {"using":"xpath","value":"//span[contains(text(), \"0006 - TB(calendar days)\")]"}
COMMAND: POST /session/504404daf6556c94b3cb83283ff70561/element/f.74039697418B55B680EBD40CFFCF13D1.d.E5DE7F77BA7ADCD535C2F357269F6926.e.9878/click - {}
RESULT: {}
COMMAND: GET /session/504404daf6556c94b3cb83283ff70561/screenshot - {}
RESULT: {}
COMMAND: POST /session/504404daf6556c94b3cb83283ff70561/execute/async - {"script":"<script> [1562 bytes]","args":[{"selector":{"id":"application-managepricingrules-display-component---newInfoPriceItem--daysMonth","interaction":{"idSuffix":"inner"}},"wdio_ui5_key":"applicationmanagepricingrules-display-component---newInfoPriceItem--daysMonth"}]}
RESULT: {"script":"<script> [1562 bytes]","args":[{"selector":{"id":"application-managepricingrules-display-component---newInfoPriceItem--daysMonth","interaction":{"idSuffix":"inner"}},"wdio_ui5_key":"applicationmanagepricingrules-display-component---newInfoPriceItem--daysMonth"}]}
RESULT: undefined
COMMAND: POST /session/504404daf6556c94b3cb83283ff70561/execute/async - {"script":"<script> [776 bytes]","args":[{"enterText":"30","selector":{"id":"application-managepricingrules-display-component---newInfoPriceItem--daysMonth","interaction":{"idSuffix":"inner"}},"clearTextFirst":true,"interactionType":"ENTER_TEXT"}]}
RESULT: {"script":"<script> [776 bytes]","args":[{"enterText":"30","selector":{"id":"application-managepricingrules-display-component---newInfoPriceItem--daysMonth","interaction":{"idSuffix":"inner"}},"clearTextFirst":true,"interactionType":"ENTER_TEXT"}]}
COMMAND: POST /session/504404daf6556c94b3cb83283ff70561/element - {"using":"xpath","value":"//button[@data-kt=\"saveNewRuleButton\"]"}
RESULT: {"using":"xpath","value":"//button[@data-kt=\"saveNewRuleButton\"]"}
COMMAND: POST /session/504404daf6556c94b3cb83283ff70561/element/f.74039697418B55B680EBD40CFFCF13D1.d.E5DE7F77BA7ADCD535C2F357269F6926.e.9857/click - {}
RESULT: {}
COMMAND: GET /session/504404daf6556c94b3cb83283ff70561/screenshot - {}
RESULT: {}
COMMAND: POST /session/504404daf6556c94b3cb83283ff70561/execute/async - {"script":"<script> [1562 bytes]","args":[{"selector":{"id":"application-managepricingrules-display-component---priceInfoItem--smartFilterBar-btnBasicSearch","interaction":{"idSuffix":"I"}},"wdio_ui5_key":"applicationmanagepricingrules-display-component---priceInfoItem--smartFilterBar-btnBasicSearch"}]}
RESULT: {"script":"<script> [1562 bytes]","args":[{"selector":{"id":"application-managepricingrules-display-component---priceInfoItem--smartFilterBar-btnBasicSearch","interaction":{"idSuffix":"I"}},"wdio_ui5_key":"applicationmanagepricingrules-display-component---priceInfoItem--smartFilterBar-btnBasicSearch"}]}
RESULT: undefined
COMMAND: POST /session/504404daf6556c94b3cb83283ff70561/execute/async - {"script":"<script> [776 bytes]","args":[{"enterText":"5FJD7EdAaa","selector":{"id":"application-managepricingrules-display-component---priceInfoItem--smartFilterBar-btnBasicSearch","interaction":{"idSuffix":"I"}},"clearTextFirst":true,"interactionType":"ENTER_TEXT"}]}
RESULT: {"script":"<script> [776 bytes]","args":[{"enterText":"5FJD7EdAaa","selector":{"id":"application-managepricingrules-display-component---priceInfoItem--smartFilterBar-btnBasicSearch","interaction":{"idSuffix":"I"}},"clearTextFirst":true,"interactionType":"ENTER_TEXT"}]}
COMMAND: POST /session/504404daf6556c94b3cb83283ff70561/actions - {"actions":[{"id":"action32","type":"key","parameters":{},"actions":[{"type":"keyDown","value":""},{"type":"pause","duration":10},{"type":"keyUp","value":""}]}]}
RESULT: {"actions":[{"id":"action32","type":"key","parameters":{},"actions":[{"type":"keyDown","value":""},{"type":"pause","duration":10},{"type":"keyUp","value":""}]}]}
COMMAND: GET /session/504404daf6556c94b3cb83283ff70561/screenshot - {}
RESULT: {}
COMMAND: POST /session/504404daf6556c94b3cb83283ff70561/element - {"using":"xpath","value":"//span[@id=\"application-managepricingrules-display-component---priceInfoItem--smartTable-header-inner\"]"}
RESULT: {"using":"xpath","value":"//span[@id=\"application-managepricingrules-display-component---priceInfoItem--smartTable-header-inner\"]"}
COMMAND: POST /session/504404daf6556c94b3cb83283ff70561/elements - {"using":"xpath","value":"//span[@id=\"application-managepricingrules-display-component---priceInfoItem--smartTable-header-inner\"]"}
RESULT: {"using":"xpath","value":"//span[@id=\"application-managepricingrules-display-component---priceInfoItem--smartTable-header-inner\"]"}
COMMAND: POST /session/504404daf6556c94b3cb83283ff70561/execute/sync - {"script":"<script> [56 bytes]","args":[{"element-6066-11e4-a52e-4f735466cecf":"f.74039697418B55B680EBD40CFFCF13D1.d.E5DE7F77BA7ADCD535C2F357269F6926.e.9903","ELEMENT":"f.74039697418B55B680EBD40CFFCF13D1.d.E5DE7F77BA7ADCD535C2F357269F6926.e.9903"}]}
RESULT: {"script":"<script> [56 bytes]","args":[{"element-6066-11e4-a52e-4f735466cecf":"f.74039697418B55B680EBD40CFFCF13D1.d.E5DE7F77BA7ADCD535C2F357269F6926.e.9903","ELEMENT":"f.74039697418B55B680EBD40CFFCF13D1.d.E5DE7F77BA7ADCD535C2F357269F6926.e.9903"}]}
COMMAND: POST /session/504404daf6556c94b3cb83283ff70561/element - {"using":"css selector","value":"#shell-header-logo"}
COMMAND: GET /session/504404daf6556c94b3cb83283ff70561/screenshot - {}
RESULT: {"using":"css selector","value":"#shell-header-logo"}
COMMAND: POST /session/504404daf6556c94b3cb83283ff70561/element/f.74039697418B55B680EBD40CFFCF13D1.d.E5DE7F77BA7ADCD535C2F357269F6926.e.9060/click - {}
RESULT: {}
RESULT: {}
COMMAND: GET /session/504404daf6556c94b3cb83283ff70561/screenshot - {}
RESULT: {}
]]></system-out>
    </testcase>
    <testcase classname="chrome.135_0_7049_42.windows.Billing_Transfer_-_Intracompany_US127249" name="Should manage conditions" time="69.608">
      <system-out><![CDATA[
COMMAND: POST /session/504404daf6556c94b3cb83283ff70561/execute/async - {"script":"<script> [1562 bytes]","args":[{"selector":{"controlType":"sap.m.Text","properties":{"text":"Manage Conditions & Prices"},"interaction":{"idSuffix":"inner"}},"wdio_ui5_key":"sapm.Text{\"text\":\"Manage Conditions & Prices\"}"}]}
RESULT: {"script":"<script> [1562 bytes]","args":[{"selector":{"controlType":"sap.m.Text","properties":{"text":"Manage Conditions & Prices"},"interaction":{"idSuffix":"inner"}},"wdio_ui5_key":"sapm.Text{\"text\":\"Manage Conditions & Prices\"}"}]}
RESULT: undefined
COMMAND: POST /session/504404daf6556c94b3cb83283ff70561/element - {"using":"xpath","value":"//*[@id=\"__tile53-title\"]"}
RESULT: {"using":"xpath","value":"//*[@id=\"__tile53-title\"]"}
COMMAND: POST /session/504404daf6556c94b3cb83283ff70561/element/f.74039697418B55B680EBD40CFFCF13D1.d.E5DE7F77BA7ADCD535C2F357269F6926.e.9906/click - {}
RESULT: {}
COMMAND: POST /session/504404daf6556c94b3cb83283ff70561/element - {"using":"xpath","value":"//button[@aria-label=\"Create\"]"}
COMMAND: GET /session/504404daf6556c94b3cb83283ff70561/screenshot - {}
RESULT: {"using":"xpath","value":"//button[@aria-label=\"Create\"]"}
COMMAND: POST /session/504404daf6556c94b3cb83283ff70561/elements - {"using":"xpath","value":"//button[@aria-label=\"Create\"]"}
RESULT: {}
RESULT: {"using":"xpath","value":"//button[@aria-label=\"Create\"]"}
COMMAND: POST /session/504404daf6556c94b3cb83283ff70561/elements - {"using":"xpath","value":"//button[@aria-label=\"Create\"]"}
RESULT: {"using":"xpath","value":"//button[@aria-label=\"Create\"]"}
COMMAND: POST /session/504404daf6556c94b3cb83283ff70561/elements - {"using":"xpath","value":"//button[@aria-label=\"Create\"]"}
RESULT: {"using":"xpath","value":"//button[@aria-label=\"Create\"]"}
COMMAND: POST /session/504404daf6556c94b3cb83283ff70561/element - {"using":"xpath","value":"//button[@aria-label=\"Create\"]"}
RESULT: {"using":"xpath","value":"//button[@aria-label=\"Create\"]"}
COMMAND: POST /session/504404daf6556c94b3cb83283ff70561/execute/sync - {"script":"<script> [8489 bytes]","args":[{"element-6066-11e4-a52e-4f735466cecf":"f.74039697418B55B680EBD40CFFCF13D1.d.E5DE7F77BA7ADCD535C2F357269F6926.e.9941","ELEMENT":"f.74039697418B55B680EBD40CFFCF13D1.d.E5DE7F77BA7ADCD535C2F357269F6926.e.9941"}]}
RESULT: {"script":"<script> [8489 bytes]","args":[{"element-6066-11e4-a52e-4f735466cecf":"f.74039697418B55B680EBD40CFFCF13D1.d.E5DE7F77BA7ADCD535C2F357269F6926.e.9941","ELEMENT":"f.74039697418B55B680EBD40CFFCF13D1.d.E5DE7F77BA7ADCD535C2F357269F6926.e.9941"}]}
COMMAND: GET /session/504404daf6556c94b3cb83283ff70561/element/f.74039697418B55B680EBD40CFFCF13D1.d.E5DE7F77BA7ADCD535C2F357269F6926.e.9941/enabled - {}
COMMAND: GET /session/504404daf6556c94b3cb83283ff70561/screenshot - {}
RESULT: {}
COMMAND: POST /session/504404daf6556c94b3cb83283ff70561/execute/sync - {"script":"<script> [8489 bytes]","args":[{"element-6066-11e4-a52e-4f735466cecf":"f.74039697418B55B680EBD40CFFCF13D1.d.E5DE7F77BA7ADCD535C2F357269F6926.e.9941","ELEMENT":"f.74039697418B55B680EBD40CFFCF13D1.d.E5DE7F77BA7ADCD535C2F357269F6926.e.9941"}]}
COMMAND: GET /session/504404daf6556c94b3cb83283ff70561/screenshot - {}
RESULT: {}
RESULT: {"script":"<script> [8489 bytes]","args":[{"element-6066-11e4-a52e-4f735466cecf":"f.74039697418B55B680EBD40CFFCF13D1.d.E5DE7F77BA7ADCD535C2F357269F6926.e.9941","ELEMENT":"f.74039697418B55B680EBD40CFFCF13D1.d.E5DE7F77BA7ADCD535C2F357269F6926.e.9941"}]}
COMMAND: POST /session/504404daf6556c94b3cb83283ff70561/execute/sync - {"script":"<script> [5351 bytes]","args":[{"element-6066-11e4-a52e-4f735466cecf":"f.74039697418B55B680EBD40CFFCF13D1.d.E5DE7F77BA7ADCD535C2F357269F6926.e.9941","ELEMENT":"f.74039697418B55B680EBD40CFFCF13D1.d.E5DE7F77BA7ADCD535C2F357269F6926.e.9941"}]}
COMMAND: GET /session/504404daf6556c94b3cb83283ff70561/screenshot - {}
RESULT: {}
RESULT: {"script":"<script> [5351 bytes]","args":[{"element-6066-11e4-a52e-4f735466cecf":"f.74039697418B55B680EBD40CFFCF13D1.d.E5DE7F77BA7ADCD535C2F357269F6926.e.9941","ELEMENT":"f.74039697418B55B680EBD40CFFCF13D1.d.E5DE7F77BA7ADCD535C2F357269F6926.e.9941"}]}
COMMAND: POST /session/504404daf6556c94b3cb83283ff70561/element/f.74039697418B55B680EBD40CFFCF13D1.d.E5DE7F77BA7ADCD535C2F357269F6926.e.9941/click - {}
COMMAND: GET /session/504404daf6556c94b3cb83283ff70561/screenshot - {}
RESULT: {}
RESULT: {}
COMMAND: GET /session/504404daf6556c94b3cb83283ff70561/screenshot - {}
RESULT: {}
RESULT: {}
COMMAND: POST /session/504404daf6556c94b3cb83283ff70561/actions - {"actions":[{"id":"action33","type":"key","parameters":{},"actions":[{"type":"keyDown","value":""},{"type":"pause","duration":10},{"type":"keyUp","value":""}]}]}
RESULT: {"actions":[{"id":"action33","type":"key","parameters":{},"actions":[{"type":"keyDown","value":""},{"type":"pause","duration":10},{"type":"keyUp","value":""}]}]}
COMMAND: GET /session/504404daf6556c94b3cb83283ff70561/screenshot - {}
RESULT: {}
COMMAND: POST /session/504404daf6556c94b3cb83283ff70561/execute/async - {"script":"<script> [1562 bytes]","args":[{"selector":{"id":"application-manageconditionprice-display-component---newCondition--condBillCond-arrow"},"wdio_ui5_key":"applicationmanageconditionprice-display-component---newCondition--condBillCond-arrow"}]}
RESULT: {"script":"<script> [1562 bytes]","args":[{"selector":{"id":"application-manageconditionprice-display-component---newCondition--condBillCond-arrow"},"wdio_ui5_key":"applicationmanageconditionprice-display-component---newCondition--condBillCond-arrow"}]}
RESULT: undefined
COMMAND: POST /session/504404daf6556c94b3cb83283ff70561/element - {"using":"xpath","value":"//*[@id=\"application-manageconditionprice-display-component---newCondition--condBillCond-arrow\"]"}
RESULT: {"using":"xpath","value":"//*[@id=\"application-manageconditionprice-display-component---newCondition--condBillCond-arrow\"]"}
COMMAND: POST /session/504404daf6556c94b3cb83283ff70561/element/f.74039697418B55B680EBD40CFFCF13D1.d.E5DE7F77BA7ADCD535C2F357269F6926.e.10121/click - {}
RESULT: {}
COMMAND: GET /session/504404daf6556c94b3cb83283ff70561/screenshot - {}
RESULT: {}
COMMAND: POST /session/504404daf6556c94b3cb83283ff70561/element - {"using":"xpath","value":"//li[.//span[contains(text(), \"DISP - D&I special price\")]]"}
RESULT: {"using":"xpath","value":"//li[.//span[contains(text(), \"DISP - D&I special price\")]]"}
COMMAND: POST /session/504404daf6556c94b3cb83283ff70561/element/f.74039697418B55B680EBD40CFFCF13D1.d.E5DE7F77BA7ADCD535C2F357269F6926.e.10124/click - {}
RESULT: {}
COMMAND: GET /session/504404daf6556c94b3cb83283ff70561/screenshot - {}
RESULT: {}
COMMAND: POST /session/504404daf6556c94b3cb83283ff70561/execute/async - {"script":"<script> [1562 bytes]","args":[{"selector":{"id":"application-manageconditionprice-display-component---newCondition--condValidTo","interaction":{"idSuffix":"inner"}},"wdio_ui5_key":"applicationmanageconditionprice-display-component---newCondition--condValidTo"}]}
RESULT: {"script":"<script> [1562 bytes]","args":[{"selector":{"id":"application-manageconditionprice-display-component---newCondition--condValidTo","interaction":{"idSuffix":"inner"}},"wdio_ui5_key":"applicationmanageconditionprice-display-component---newCondition--condValidTo"}]}
RESULT: undefined
COMMAND: POST /session/504404daf6556c94b3cb83283ff70561/execute/async - {"script":"<script> [776 bytes]","args":[{"enterText":"12/21/25","selector":{"id":"application-manageconditionprice-display-component---newCondition--condValidTo","interaction":{"idSuffix":"inner"}},"clearTextFirst":true,"interactionType":"ENTER_TEXT"}]}
RESULT: {"script":"<script> [776 bytes]","args":[{"enterText":"12/21/25","selector":{"id":"application-manageconditionprice-display-component---newCondition--condValidTo","interaction":{"idSuffix":"inner"}},"clearTextFirst":true,"interactionType":"ENTER_TEXT"}]}
COMMAND: POST /session/504404daf6556c94b3cb83283ff70561/element - {"using":"xpath","value":"//input[@id=\"application-manageconditionprice-display-component---newCondition--condRU-inner\"]"}
RESULT: {"using":"xpath","value":"//input[@id=\"application-manageconditionprice-display-component---newCondition--condRU-inner\"]"}
COMMAND: POST /session/504404daf6556c94b3cb83283ff70561/element/f.74039697418B55B680EBD40CFFCF13D1.d.E5DE7F77BA7ADCD535C2F357269F6926.e.9986/clear - {}
RESULT: {}
COMMAND: POST /session/504404daf6556c94b3cb83283ff70561/element/f.74039697418B55B680EBD40CFFCF13D1.d.E5DE7F77BA7ADCD535C2F357269F6926.e.9986/value - {"text":"5FJD7EdAaa"}
COMMAND: GET /session/504404daf6556c94b3cb83283ff70561/screenshot - {}
RESULT: {"text":"5FJD7EdAaa"}
COMMAND: GET /session/504404daf6556c94b3cb83283ff70561/screenshot - {}
RESULT: {}
RESULT: {}
COMMAND: POST /session/504404daf6556c94b3cb83283ff70561/actions - {"actions":[{"id":"action34","type":"key","parameters":{},"actions":[{"type":"keyDown","value":""},{"type":"pause","duration":10},{"type":"keyUp","value":""}]}]}
RESULT: {"actions":[{"id":"action34","type":"key","parameters":{},"actions":[{"type":"keyDown","value":""},{"type":"pause","duration":10},{"type":"keyUp","value":""}]}]}
COMMAND: POST /session/504404daf6556c94b3cb83283ff70561/execute/async - {"script":"<script> [1562 bytes]","args":[{"selector":{"id":"application-manageconditionprice-display-component---newCondition--condBaseQty","interaction":{"idSuffix":"inner"}},"wdio_ui5_key":"applicationmanageconditionprice-display-component---newCondition--condBaseQty"}]}
COMMAND: GET /session/504404daf6556c94b3cb83283ff70561/screenshot - {}
RESULT: {"script":"<script> [1562 bytes]","args":[{"selector":{"id":"application-manageconditionprice-display-component---newCondition--condBaseQty","interaction":{"idSuffix":"inner"}},"wdio_ui5_key":"applicationmanageconditionprice-display-component---newCondition--condBaseQty"}]}
RESULT: undefined
COMMAND: POST /session/504404daf6556c94b3cb83283ff70561/execute/async - {"script":"<script> [776 bytes]","args":[{"enterText":"1","selector":{"id":"application-manageconditionprice-display-component---newCondition--condBaseQty","interaction":{"idSuffix":"inner"}},"clearTextFirst":true,"interactionType":"ENTER_TEXT"}]}
RESULT: {}
RESULT: {"script":"<script> [776 bytes]","args":[{"enterText":"1","selector":{"id":"application-manageconditionprice-display-component---newCondition--condBaseQty","interaction":{"idSuffix":"inner"}},"clearTextFirst":true,"interactionType":"ENTER_TEXT"}]}
COMMAND: POST /session/504404daf6556c94b3cb83283ff70561/execute/async - {"script":"<script> [1562 bytes]","args":[{"selector":{"id":"application-manageconditionprice-display-component---newCondition--condValue","interaction":{"idSuffix":"inner"}},"wdio_ui5_key":"applicationmanageconditionprice-display-component---newCondition--condValue"}]}
RESULT: {"script":"<script> [1562 bytes]","args":[{"selector":{"id":"application-manageconditionprice-display-component---newCondition--condValue","interaction":{"idSuffix":"inner"}},"wdio_ui5_key":"applicationmanageconditionprice-display-component---newCondition--condValue"}]}
RESULT: undefined
COMMAND: POST /session/504404daf6556c94b3cb83283ff70561/execute/async - {"script":"<script> [776 bytes]","args":[{"enterText":"200","selector":{"id":"application-manageconditionprice-display-component---newCondition--condValue","interaction":{"idSuffix":"inner"}},"clearTextFirst":true,"interactionType":"ENTER_TEXT"}]}
RESULT: {"script":"<script> [776 bytes]","args":[{"enterText":"200","selector":{"id":"application-manageconditionprice-display-component---newCondition--condValue","interaction":{"idSuffix":"inner"}},"clearTextFirst":true,"interactionType":"ENTER_TEXT"}]}
COMMAND: POST /session/504404daf6556c94b3cb83283ff70561/execute/async - {"script":"<script> [1562 bytes]","args":[{"selector":{"id":"application-manageconditionprice-display-component---newCondition--condCurr-arrow"},"wdio_ui5_key":"applicationmanageconditionprice-display-component---newCondition--condCurr-arrow"}]}
RESULT: {"script":"<script> [1562 bytes]","args":[{"selector":{"id":"application-manageconditionprice-display-component---newCondition--condCurr-arrow"},"wdio_ui5_key":"applicationmanageconditionprice-display-component---newCondition--condCurr-arrow"}]}
RESULT: undefined
COMMAND: POST /session/504404daf6556c94b3cb83283ff70561/element - {"using":"xpath","value":"//*[@id=\"application-manageconditionprice-display-component---newCondition--condCurr-arrow\"]"}
RESULT: {"using":"xpath","value":"//*[@id=\"application-manageconditionprice-display-component---newCondition--condCurr-arrow\"]"}
COMMAND: POST /session/504404daf6556c94b3cb83283ff70561/element/f.74039697418B55B680EBD40CFFCF13D1.d.E5DE7F77BA7ADCD535C2F357269F6926.e.10087/click - {}
RESULT: {}
COMMAND: POST /session/504404daf6556c94b3cb83283ff70561/element - {"using":"xpath","value":"//span[contains(text(), \"Euro\")]"}
COMMAND: GET /session/504404daf6556c94b3cb83283ff70561/screenshot - {}
RESULT: {"using":"xpath","value":"//span[contains(text(), \"Euro\")]"}
COMMAND: POST /session/504404daf6556c94b3cb83283ff70561/element/f.74039697418B55B680EBD40CFFCF13D1.d.E5DE7F77BA7ADCD535C2F357269F6926.e.10161/click - {}
RESULT: {}
RESULT: {}
COMMAND: POST /session/504404daf6556c94b3cb83283ff70561/element - {"using":"xpath","value":"//button[@data-kt=\"saveButton\"]"}
COMMAND: GET /session/504404daf6556c94b3cb83283ff70561/screenshot - {}
RESULT: {"using":"xpath","value":"//button[@data-kt=\"saveButton\"]"}
COMMAND: POST /session/504404daf6556c94b3cb83283ff70561/element/f.74039697418B55B680EBD40CFFCF13D1.d.E5DE7F77BA7ADCD535C2F357269F6926.e.10088/click - {}
RESULT: {}
RESULT: {}
COMMAND: GET /session/504404daf6556c94b3cb83283ff70561/screenshot - {}
RESULT: {}
COMMAND: POST /session/504404daf6556c94b3cb83283ff70561/execute/async - {"script":"<script> [1562 bytes]","args":[{"selector":{"id":"application-manageconditionprice-display-component---conditions--smartFilterBar-btnBasicSearch","interaction":{"idSuffix":"I"}},"wdio_ui5_key":"applicationmanageconditionprice-display-component---conditions--smartFilterBar-btnBasicSearch"}]}
RESULT: {"script":"<script> [1562 bytes]","args":[{"selector":{"id":"application-manageconditionprice-display-component---conditions--smartFilterBar-btnBasicSearch","interaction":{"idSuffix":"I"}},"wdio_ui5_key":"applicationmanageconditionprice-display-component---conditions--smartFilterBar-btnBasicSearch"}]}
RESULT: undefined
COMMAND: POST /session/504404daf6556c94b3cb83283ff70561/execute/async - {"script":"<script> [776 bytes]","args":[{"enterText":"5FJD7EdAaa","selector":{"id":"application-manageconditionprice-display-component---conditions--smartFilterBar-btnBasicSearch","interaction":{"idSuffix":"I"}},"clearTextFirst":true,"interactionType":"ENTER_TEXT"}]}
RESULT: {"script":"<script> [776 bytes]","args":[{"enterText":"5FJD7EdAaa","selector":{"id":"application-manageconditionprice-display-component---conditions--smartFilterBar-btnBasicSearch","interaction":{"idSuffix":"I"}},"clearTextFirst":true,"interactionType":"ENTER_TEXT"}]}
COMMAND: POST /session/504404daf6556c94b3cb83283ff70561/actions - {"actions":[{"id":"action35","type":"key","parameters":{},"actions":[{"type":"keyDown","value":""},{"type":"pause","duration":10},{"type":"keyUp","value":""}]}]}
RESULT: {"actions":[{"id":"action35","type":"key","parameters":{},"actions":[{"type":"keyDown","value":""},{"type":"pause","duration":10},{"type":"keyUp","value":""}]}]}
COMMAND: GET /session/504404daf6556c94b3cb83283ff70561/screenshot - {}
RESULT: {}
COMMAND: POST /session/504404daf6556c94b3cb83283ff70561/execute/async - {"script":"<script> [1562 bytes]","args":[{"selector":{"id":"application-manageconditionprice-display-component---conditions--smartFilterBar-filterItemControl_BASIC-BILL_TYPES-vhi"},"wdio_ui5_key":"applicationmanageconditionprice-display-component---conditions--smartFilterBar-filterItemControl_BASIC-BILL_TYPES-vhi"}]}
RESULT: {"script":"<script> [1562 bytes]","args":[{"selector":{"id":"application-manageconditionprice-display-component---conditions--smartFilterBar-filterItemControl_BASIC-BILL_TYPES-vhi"},"wdio_ui5_key":"applicationmanageconditionprice-display-component---conditions--smartFilterBar-filterItemControl_BASIC-BILL_TYPES-vhi"}]}
RESULT: undefined
COMMAND: POST /session/504404daf6556c94b3cb83283ff70561/element - {"using":"xpath","value":"//*[@id=\"application-manageconditionprice-display-component---conditions--smartFilterBar-filterItemControl_BASIC-BILL_TYPES-vhi\"]"}
RESULT: {"using":"xpath","value":"//*[@id=\"application-manageconditionprice-display-component---conditions--smartFilterBar-filterItemControl_BASIC-BILL_TYPES-vhi\"]"}
COMMAND: POST /session/504404daf6556c94b3cb83283ff70561/element/f.74039697418B55B680EBD40CFFCF13D1.d.E5DE7F77BA7ADCD535C2F357269F6926.e.10268/click - {}
RESULT: {}
COMMAND: POST /session/504404daf6556c94b3cb83283ff70561/execute/async - {"script":"<script> [1562 bytes]","args":[{"selector":{"id":"application-manageconditionprice-display-component---conditions--smartFilterBar-filterItemControl_BASIC-BILL_TYPES-valueHelpDialog-smartFilterBar-btnBasicSearch","searchOpenDialogs":true,"interaction":{"idSuffix":"I"}},"wdio_ui5_key":"applicationmanageconditionprice-display-component---conditions--smartFilterBar-filterItemControl_BASIC-BILL_TYPES-valueHelpDialog-smartFilterBar-btnBasicSearch"}]}
COMMAND: GET /session/504404daf6556c94b3cb83283ff70561/screenshot - {}
RESULT: {"script":"<script> [1562 bytes]","args":[{"selector":{"id":"application-manageconditionprice-display-component---conditions--smartFilterBar-filterItemControl_BASIC-BILL_TYPES-valueHelpDialog-smartFilterBar-btnBasicSearch","searchOpenDialogs":true,"interaction":{"idSuffix":"I"}},"wdio_ui5_key":"applicationmanageconditionprice-display-component---conditions--smartFilterBar-filterItemControl_BASIC-BILL_TYPES-valueHelpDialog-smartFilterBar-btnBasicSearch"}]}
RESULT: undefined
COMMAND: POST /session/504404daf6556c94b3cb83283ff70561/execute/async - {"script":"<script> [776 bytes]","args":[{"enterText":"TB","selector":{"id":"application-manageconditionprice-display-component---conditions--smartFilterBar-filterItemControl_BASIC-BILL_TYPES-valueHelpDialog-smartFilterBar-btnBasicSearch","searchOpenDialogs":true,"interaction":{"idSuffix":"I"}},"clearTextFirst":true,"interactionType":"ENTER_TEXT"}]}
RESULT: {}
RESULT: {"script":"<script> [776 bytes]","args":[{"enterText":"TB","selector":{"id":"application-manageconditionprice-display-component---conditions--smartFilterBar-filterItemControl_BASIC-BILL_TYPES-valueHelpDialog-smartFilterBar-btnBasicSearch","searchOpenDialogs":true,"interaction":{"idSuffix":"I"}},"clearTextFirst":true,"interactionType":"ENTER_TEXT"}]}
COMMAND: POST /session/504404daf6556c94b3cb83283ff70561/actions - {"actions":[{"id":"action36","type":"key","parameters":{},"actions":[{"type":"keyDown","value":""},{"type":"pause","duration":10},{"type":"keyUp","value":""}]}]}
RESULT: {"actions":[{"id":"action36","type":"key","parameters":{},"actions":[{"type":"keyDown","value":""},{"type":"pause","duration":10},{"type":"keyUp","value":""}]}]}
COMMAND: GET /session/504404daf6556c94b3cb83283ff70561/screenshot - {}
RESULT: {}
COMMAND: POST /session/504404daf6556c94b3cb83283ff70561/element - {"using":"xpath","value":"//div[contains(@id, 'application-manageconditionprice-display-component---conditions--smartFilterBar-filterItemControl_BASIC-BILL_TYPES-valueHelpDialog-table-rowsel0')]"}
RESULT: {"using":"xpath","value":"//div[contains(@id, 'application-manageconditionprice-display-component---conditions--smartFilterBar-filterItemControl_BASIC-BILL_TYPES-valueHelpDialog-table-rowsel0')]"}
COMMAND: POST /session/504404daf6556c94b3cb83283ff70561/element/f.74039697418B55B680EBD40CFFCF13D1.d.E5DE7F77BA7ADCD535C2F357269F6926.e.10278/click - {}
RESULT: {}
COMMAND: GET /session/504404daf6556c94b3cb83283ff70561/screenshot - {}
RESULT: {}
COMMAND: POST /session/504404daf6556c94b3cb83283ff70561/element - {"using":"xpath","value":"//bdi[contains(text(), \"OK\")]"}
RESULT: {"using":"xpath","value":"//bdi[contains(text(), \"OK\")]"}
COMMAND: POST /session/504404daf6556c94b3cb83283ff70561/element/f.74039697418B55B680EBD40CFFCF13D1.d.E5DE7F77BA7ADCD535C2F357269F6926.e.10280/click - {}
RESULT: {}
COMMAND: GET /session/504404daf6556c94b3cb83283ff70561/screenshot - {}
RESULT: {}
COMMAND: POST /session/504404daf6556c94b3cb83283ff70561/element - {"using":"xpath","value":"//span[@id=\"application-manageconditionprice-display-component---conditions--smartTable-header-inner\"]"}
RESULT: {"using":"xpath","value":"//span[@id=\"application-manageconditionprice-display-component---conditions--smartTable-header-inner\"]"}
COMMAND: POST /session/504404daf6556c94b3cb83283ff70561/elements - {"using":"xpath","value":"//span[@id=\"application-manageconditionprice-display-component---conditions--smartTable-header-inner\"]"}
RESULT: {"using":"xpath","value":"//span[@id=\"application-manageconditionprice-display-component---conditions--smartTable-header-inner\"]"}
COMMAND: POST /session/504404daf6556c94b3cb83283ff70561/execute/sync - {"script":"<script> [56 bytes]","args":[{"element-6066-11e4-a52e-4f735466cecf":"f.74039697418B55B680EBD40CFFCF13D1.d.E5DE7F77BA7ADCD535C2F357269F6926.e.10283","ELEMENT":"f.74039697418B55B680EBD40CFFCF13D1.d.E5DE7F77BA7ADCD535C2F357269F6926.e.10283"}]}
RESULT: {"script":"<script> [56 bytes]","args":[{"element-6066-11e4-a52e-4f735466cecf":"f.74039697418B55B680EBD40CFFCF13D1.d.E5DE7F77BA7ADCD535C2F357269F6926.e.10283","ELEMENT":"f.74039697418B55B680EBD40CFFCF13D1.d.E5DE7F77BA7ADCD535C2F357269F6926.e.10283"}]}
COMMAND: POST /session/504404daf6556c94b3cb83283ff70561/element - {"using":"css selector","value":"#shell-header-logo"}
COMMAND: GET /session/504404daf6556c94b3cb83283ff70561/screenshot - {}
RESULT: {"using":"css selector","value":"#shell-header-logo"}
COMMAND: POST /session/504404daf6556c94b3cb83283ff70561/element/f.74039697418B55B680EBD40CFFCF13D1.d.E5DE7F77BA7ADCD535C2F357269F6926.e.9908/click - {}
RESULT: {}
RESULT: {}
COMMAND: GET /session/504404daf6556c94b3cb83283ff70561/screenshot - {}
RESULT: {}
]]></system-out>
    </testcase>
    <testcase classname="chrome.135_0_7049_42.windows.Billing_Transfer_-_Intracompany_US127249" name="Should do a stock increase handover" time="94.53">
      <system-out><![CDATA[
COMMAND: POST /session/504404daf6556c94b3cb83283ff70561/execute/async - {"script":"<script> [1562 bytes]","args":[{"selector":{"controlType":"sap.m.Text","viewName":"etm.portal.ui.managehandoverstile.view.Master","properties":{"text":"Manage Handovers"},"interaction":{"idSuffix":"inner"}},"wdio_ui5_key":"etmportal.ui.managehandoverstile.view.Mastersap.m.Text{\"text\":\"Manage Handovers\"}"}]}
RESULT: {"script":"<script> [1562 bytes]","args":[{"selector":{"controlType":"sap.m.Text","viewName":"etm.portal.ui.managehandoverstile.view.Master","properties":{"text":"Manage Handovers"},"interaction":{"idSuffix":"inner"}},"wdio_ui5_key":"etmportal.ui.managehandoverstile.view.Mastersap.m.Text{\"text\":\"Manage Handovers\"}"}]}
RESULT: undefined
COMMAND: POST /session/504404daf6556c94b3cb83283ff70561/element - {"using":"xpath","value":"//*[@id=\"__tile132-title\"]"}
RESULT: {"using":"xpath","value":"//*[@id=\"__tile132-title\"]"}
COMMAND: POST /session/504404daf6556c94b3cb83283ff70561/element/f.74039697418B55B680EBD40CFFCF13D1.d.E5DE7F77BA7ADCD535C2F357269F6926.e.10288/click - {}
RESULT: {}
COMMAND: POST /session/504404daf6556c94b3cb83283ff70561/element - {"using":"xpath","value":"//button[@data-kt=\"masterHOAddButton\"]"}
COMMAND: GET /session/504404daf6556c94b3cb83283ff70561/screenshot - {}
RESULT: {"using":"xpath","value":"//button[@data-kt=\"masterHOAddButton\"]"}
COMMAND: POST /session/504404daf6556c94b3cb83283ff70561/elements - {"using":"xpath","value":"//button[@data-kt=\"masterHOAddButton\"]"}
RESULT: {}
RESULT: {"using":"xpath","value":"//button[@data-kt=\"masterHOAddButton\"]"}
COMMAND: POST /session/504404daf6556c94b3cb83283ff70561/elements - {"using":"xpath","value":"//button[@data-kt=\"masterHOAddButton\"]"}
RESULT: {"using":"xpath","value":"//button[@data-kt=\"masterHOAddButton\"]"}
COMMAND: POST /session/504404daf6556c94b3cb83283ff70561/elements - {"using":"xpath","value":"//button[@data-kt=\"masterHOAddButton\"]"}
RESULT: {"using":"xpath","value":"//button[@data-kt=\"masterHOAddButton\"]"}
COMMAND: POST /session/504404daf6556c94b3cb83283ff70561/elements - {"using":"xpath","value":"//button[@data-kt=\"masterHOAddButton\"]"}
RESULT: {"using":"xpath","value":"//button[@data-kt=\"masterHOAddButton\"]"}
COMMAND: POST /session/504404daf6556c94b3cb83283ff70561/element - {"using":"xpath","value":"//button[@data-kt=\"masterHOAddButton\"]"}
RESULT: {"using":"xpath","value":"//button[@data-kt=\"masterHOAddButton\"]"}
COMMAND: POST /session/504404daf6556c94b3cb83283ff70561/execute/sync - {"script":"<script> [8489 bytes]","args":[{"element-6066-11e4-a52e-4f735466cecf":"f.74039697418B55B680EBD40CFFCF13D1.d.E5DE7F77BA7ADCD535C2F357269F6926.e.10318","ELEMENT":"f.74039697418B55B680EBD40CFFCF13D1.d.E5DE7F77BA7ADCD535C2F357269F6926.e.10318"}]}
RESULT: {"script":"<script> [8489 bytes]","args":[{"element-6066-11e4-a52e-4f735466cecf":"f.74039697418B55B680EBD40CFFCF13D1.d.E5DE7F77BA7ADCD535C2F357269F6926.e.10318","ELEMENT":"f.74039697418B55B680EBD40CFFCF13D1.d.E5DE7F77BA7ADCD535C2F357269F6926.e.10318"}]}
COMMAND: GET /session/504404daf6556c94b3cb83283ff70561/element/f.74039697418B55B680EBD40CFFCF13D1.d.E5DE7F77BA7ADCD535C2F357269F6926.e.10318/enabled - {}
COMMAND: GET /session/504404daf6556c94b3cb83283ff70561/screenshot - {}
RESULT: {}
RESULT: {}
COMMAND: POST /session/504404daf6556c94b3cb83283ff70561/execute/sync - {"script":"<script> [8489 bytes]","args":[{"element-6066-11e4-a52e-4f735466cecf":"f.74039697418B55B680EBD40CFFCF13D1.d.E5DE7F77BA7ADCD535C2F357269F6926.e.10318","ELEMENT":"f.74039697418B55B680EBD40CFFCF13D1.d.E5DE7F77BA7ADCD535C2F357269F6926.e.10318"}]}
COMMAND: GET /session/504404daf6556c94b3cb83283ff70561/screenshot - {}
RESULT: {"script":"<script> [8489 bytes]","args":[{"element-6066-11e4-a52e-4f735466cecf":"f.74039697418B55B680EBD40CFFCF13D1.d.E5DE7F77BA7ADCD535C2F357269F6926.e.10318","ELEMENT":"f.74039697418B55B680EBD40CFFCF13D1.d.E5DE7F77BA7ADCD535C2F357269F6926.e.10318"}]}
COMMAND: POST /session/504404daf6556c94b3cb83283ff70561/execute/sync - {"script":"<script> [5351 bytes]","args":[{"element-6066-11e4-a52e-4f735466cecf":"f.74039697418B55B680EBD40CFFCF13D1.d.E5DE7F77BA7ADCD535C2F357269F6926.e.10318","ELEMENT":"f.74039697418B55B680EBD40CFFCF13D1.d.E5DE7F77BA7ADCD535C2F357269F6926.e.10318"}]}
COMMAND: GET /session/504404daf6556c94b3cb83283ff70561/screenshot - {}
RESULT: {}
RESULT: {"script":"<script> [5351 bytes]","args":[{"element-6066-11e4-a52e-4f735466cecf":"f.74039697418B55B680EBD40CFFCF13D1.d.E5DE7F77BA7ADCD535C2F357269F6926.e.10318","ELEMENT":"f.74039697418B55B680EBD40CFFCF13D1.d.E5DE7F77BA7ADCD535C2F357269F6926.e.10318"}]}
COMMAND: POST /session/504404daf6556c94b3cb83283ff70561/element/f.74039697418B55B680EBD40CFFCF13D1.d.E5DE7F77BA7ADCD535C2F357269F6926.e.10318/click - {}
COMMAND: GET /session/504404daf6556c94b3cb83283ff70561/screenshot - {}
RESULT: {}
RESULT: {}
COMMAND: GET /session/504404daf6556c94b3cb83283ff70561/screenshot - {}
COMMAND: POST /session/504404daf6556c94b3cb83283ff70561/element - {"using":"xpath","value":"//span[contains(@id ,\"AddNewHO--typeSelect-arrow\")]"}
RESULT: {}
RESULT: {}
RESULT: {"using":"xpath","value":"//span[contains(@id ,\"AddNewHO--typeSelect-arrow\")]"}
COMMAND: POST /session/504404daf6556c94b3cb83283ff70561/element/f.74039697418B55B680EBD40CFFCF13D1.d.E5DE7F77BA7ADCD535C2F357269F6926.e.10681/click - {}
RESULT: {}
COMMAND: GET /session/504404daf6556c94b3cb83283ff70561/screenshot - {}
COMMAND: POST /session/504404daf6556c94b3cb83283ff70561/element - {"using":"xpath","value":"(//li[contains(text(), \"stock increase yard\")])[1]"}
RESULT: {}
RESULT: {"using":"xpath","value":"(//li[contains(text(), \"stock increase yard\")])[1]"}
COMMAND: POST /session/504404daf6556c94b3cb83283ff70561/element/f.74039697418B55B680EBD40CFFCF13D1.d.E5DE7F77BA7ADCD535C2F357269F6926.e.10682/click - {}
RESULT: {}
COMMAND: GET /session/504404daf6556c94b3cb83283ff70561/screenshot - {}
RESULT: {}
COMMAND: POST /session/504404daf6556c94b3cb83283ff70561/execute/async - {"script":"<script> [1562 bytes]","args":[{"selector":{"id":"application-managehandovers-display-component---AddNewHO--dueDate","interaction":{"idSuffix":"inner"}},"wdio_ui5_key":"applicationmanagehandovers-display-component---AddNewHO--dueDate"}]}
RESULT: {"script":"<script> [1562 bytes]","args":[{"selector":{"id":"application-managehandovers-display-component---AddNewHO--dueDate","interaction":{"idSuffix":"inner"}},"wdio_ui5_key":"applicationmanagehandovers-display-component---AddNewHO--dueDate"}]}
RESULT: undefined
COMMAND: POST /session/504404daf6556c94b3cb83283ff70561/execute/async - {"script":"<script> [6424 bytes]","args":[{"element-6066-11e4-a52e-4f735466cecf":"f.74039697418B55B680EBD40CFFCF13D1.d.E5DE7F77BA7ADCD535C2F357269F6926.e.10684"},"setValue",["04/21/2025"]]}
RESULT: {"script":"<script> [6424 bytes]","args":[{"element-6066-11e4-a52e-4f735466cecf":"f.74039697418B55B680EBD40CFFCF13D1.d.E5DE7F77BA7ADCD535C2F357269F6926.e.10684"},"setValue",["04/21/2025"]]}
COMMAND: POST /session/504404daf6556c94b3cb83283ff70561/element - {"using":"xpath","value":"//input[@id=\"generalSectionFrg--receiveYard-inner\"]"}
RESULT: {"using":"xpath","value":"//input[@id=\"generalSectionFrg--receiveYard-inner\"]"}
COMMAND: POST /session/504404daf6556c94b3cb83283ff70561/element/f.74039697418B55B680EBD40CFFCF13D1.d.E5DE7F77BA7ADCD535C2F357269F6926.e.10690/clear - {}
RESULT: {}
COMMAND: POST /session/504404daf6556c94b3cb83283ff70561/element/f.74039697418B55B680EBD40CFFCF13D1.d.E5DE7F77BA7ADCD535C2F357269F6926.e.10690/value - {"text":"652"}
COMMAND: GET /session/504404daf6556c94b3cb83283ff70561/screenshot - {}
RESULT: {"text":"652"}
COMMAND: GET /session/504404daf6556c94b3cb83283ff70561/screenshot - {}
RESULT: {}
RESULT: {}
COMMAND: POST /session/504404daf6556c94b3cb83283ff70561/element - {"using":"xpath","value":"//li[.//span[text()='652']]"}
RESULT: {"using":"xpath","value":"//li[.//span[text()='652']]"}
COMMAND: POST /session/504404daf6556c94b3cb83283ff70561/element/f.74039697418B55B680EBD40CFFCF13D1.d.E5DE7F77BA7ADCD535C2F357269F6926.e.10707/click - {}
RESULT: {}
COMMAND: GET /session/504404daf6556c94b3cb83283ff70561/screenshot - {}
RESULT: {}
COMMAND: POST /session/504404daf6556c94b3cb83283ff70561/execute/async - {"script":"<script> [1562 bytes]","args":[{"selector":{"id":"application-managehandovers-display-component---AddNewHO--ObjectPageLayout-anchBar-application-managehandovers-display-component---AddNewHO--section4-anchor","interaction":{"idSuffix":"BDI-content"}},"wdio_ui5_key":"applicationmanagehandovers-display-component---AddNewHO--ObjectPageLayout-anchBar-application-managehandovers-display-component---AddNewHO--section4-anchor"}]}
RESULT: {"script":"<script> [1562 bytes]","args":[{"selector":{"id":"application-managehandovers-display-component---AddNewHO--ObjectPageLayout-anchBar-application-managehandovers-display-component---AddNewHO--section4-anchor","interaction":{"idSuffix":"BDI-content"}},"wdio_ui5_key":"applicationmanagehandovers-display-component---AddNewHO--ObjectPageLayout-anchBar-application-managehandovers-display-component---AddNewHO--section4-anchor"}]}
RESULT: undefined
COMMAND: POST /session/504404daf6556c94b3cb83283ff70561/element - {"using":"xpath","value":"//*[@id=\"application-managehandovers-display-component---AddNewHO--ObjectPageLayout-anchBar-application-managehandovers-display-component---AddNewHO--section4-anchor\"]"}
RESULT: {"using":"xpath","value":"//*[@id=\"application-managehandovers-display-component---AddNewHO--ObjectPageLayout-anchBar-application-managehandovers-display-component---AddNewHO--section4-anchor\"]"}
COMMAND: POST /session/504404daf6556c94b3cb83283ff70561/element/f.74039697418B55B680EBD40CFFCF13D1.d.E5DE7F77BA7ADCD535C2F357269F6926.e.10709/click - {}
RESULT: {}
COMMAND: POST /session/504404daf6556c94b3cb83283ff70561/element - {"using":"xpath","value":"//button[@aria-label=\"Add\"]"}
COMMAND: GET /session/504404daf6556c94b3cb83283ff70561/screenshot - {}
RESULT: {"using":"xpath","value":"//button[@aria-label=\"Add\"]"}
COMMAND: POST /session/504404daf6556c94b3cb83283ff70561/element/f.74039697418B55B680EBD40CFFCF13D1.d.E5DE7F77BA7ADCD535C2F357269F6926.e.10711/click - {}
RESULT: {}
RESULT: {}
COMMAND: GET /session/504404daf6556c94b3cb83283ff70561/screenshot - {}
RESULT: {}
COMMAND: POST /session/504404daf6556c94b3cb83283ff70561/execute/async - {"script":"<script> [1562 bytes]","args":[{"selector":{"id":"application-managehandovers-display-component---AddNewHO--smartFilterBar-btnBasicSearch","searchOpenDialogs":true,"interaction":{"idSuffix":"I"}},"wdio_ui5_key":"applicationmanagehandovers-display-component---AddNewHO--smartFilterBar-btnBasicSearch"}]}
RESULT: {"script":"<script> [1562 bytes]","args":[{"selector":{"id":"application-managehandovers-display-component---AddNewHO--smartFilterBar-btnBasicSearch","searchOpenDialogs":true,"interaction":{"idSuffix":"I"}},"wdio_ui5_key":"applicationmanagehandovers-display-component---AddNewHO--smartFilterBar-btnBasicSearch"}]}
RESULT: undefined
COMMAND: POST /session/504404daf6556c94b3cb83283ff70561/execute/async - {"script":"<script> [776 bytes]","args":[{"enterText":"5FJD7EdAaa","selector":{"id":"application-managehandovers-display-component---AddNewHO--smartFilterBar-btnBasicSearch","searchOpenDialogs":true,"interaction":{"idSuffix":"I"}},"clearTextFirst":true,"interactionType":"ENTER_TEXT"}]}
RESULT: {"script":"<script> [776 bytes]","args":[{"enterText":"5FJD7EdAaa","selector":{"id":"application-managehandovers-display-component---AddNewHO--smartFilterBar-btnBasicSearch","searchOpenDialogs":true,"interaction":{"idSuffix":"I"}},"clearTextFirst":true,"interactionType":"ENTER_TEXT"}]}
COMMAND: POST /session/504404daf6556c94b3cb83283ff70561/actions - {"actions":[{"id":"action37","type":"key","parameters":{},"actions":[{"type":"keyDown","value":""},{"type":"pause","duration":10},{"type":"keyUp","value":""}]}]}
RESULT: {"actions":[{"id":"action37","type":"key","parameters":{},"actions":[{"type":"keyDown","value":""},{"type":"pause","duration":10},{"type":"keyUp","value":""}]}]}
COMMAND: GET /session/504404daf6556c94b3cb83283ff70561/screenshot - {}
RESULT: {}
COMMAND: POST /session/504404daf6556c94b3cb83283ff70561/execute/async - {"script":"<script> [1562 bytes]","args":[{"selector":{"id":"application-managehandovers-display-component---AddNewHO--popup-sa","searchOpenDialogs":true,"interaction":{"idSuffix":"CbBg"}},"wdio_ui5_key":"applicationmanagehandovers-display-component---AddNewHO--popup-sa"}]}
RESULT: {"script":"<script> [1562 bytes]","args":[{"selector":{"id":"application-managehandovers-display-component---AddNewHO--popup-sa","searchOpenDialogs":true,"interaction":{"idSuffix":"CbBg"}},"wdio_ui5_key":"applicationmanagehandovers-display-component---AddNewHO--popup-sa"}]}
RESULT: undefined
COMMAND: POST /session/504404daf6556c94b3cb83283ff70561/element - {"using":"xpath","value":"//*[@id=\"application-managehandovers-display-component---AddNewHO--popup-sa\"]"}
RESULT: {"using":"xpath","value":"//*[@id=\"application-managehandovers-display-component---AddNewHO--popup-sa\"]"}
COMMAND: POST /session/504404daf6556c94b3cb83283ff70561/element/f.74039697418B55B680EBD40CFFCF13D1.d.E5DE7F77BA7ADCD535C2F357269F6926.e.10867/click - {}
RESULT: {}
COMMAND: GET /session/504404daf6556c94b3cb83283ff70561/screenshot - {}
RESULT: {}
COMMAND: POST /session/504404daf6556c94b3cb83283ff70561/element - {"using":"xpath","value":"//bdi[contains(text(), \"Select\")]"}
RESULT: {"using":"xpath","value":"//bdi[contains(text(), \"Select\")]"}
COMMAND: POST /session/504404daf6556c94b3cb83283ff70561/element/f.74039697418B55B680EBD40CFFCF13D1.d.E5DE7F77BA7ADCD535C2F357269F6926.e.10868/click - {}
RESULT: {}
COMMAND: GET /session/504404daf6556c94b3cb83283ff70561/screenshot - {}
RESULT: {}
COMMAND: POST /session/504404daf6556c94b3cb83283ff70561/element - {"using":"xpath","value":"//button[@data-kt=\"AddNewHOSaveButton\"]"}
RESULT: {"using":"xpath","value":"//button[@data-kt=\"AddNewHOSaveButton\"]"}
COMMAND: POST /session/504404daf6556c94b3cb83283ff70561/element/f.74039697418B55B680EBD40CFFCF13D1.d.E5DE7F77BA7ADCD535C2F357269F6926.e.10872/click - {}
RESULT: {}
COMMAND: GET /session/504404daf6556c94b3cb83283ff70561/screenshot - {}
RESULT: {}
COMMAND: POST /session/504404daf6556c94b3cb83283ff70561/execute/async - {"script":"<script> [1562 bytes]","args":[{"selector":{"id":"receiptDatePicker","viewName":"etm.portal.ui.managehandovers.view.DetailExecuteHO","interaction":{"idSuffix":"inner"}},"wdio_ui5_key":"receiptDatePickeretmportal.ui.managehandovers.view.DetailExecuteHO"}]}
RESULT: {"script":"<script> [1562 bytes]","args":[{"selector":{"id":"receiptDatePicker","viewName":"etm.portal.ui.managehandovers.view.DetailExecuteHO","interaction":{"idSuffix":"inner"}},"wdio_ui5_key":"receiptDatePickeretmportal.ui.managehandovers.view.DetailExecuteHO"}]}
RESULT: undefined
COMMAND: POST /session/504404daf6556c94b3cb83283ff70561/execute/async - {"script":"<script> [6424 bytes]","args":[{"element-6066-11e4-a52e-4f735466cecf":"f.74039697418B55B680EBD40CFFCF13D1.d.E5DE7F77BA7ADCD535C2F357269F6926.e.10901"},"setValue",["04/21/2025"]]}
RESULT: {"script":"<script> [6424 bytes]","args":[{"element-6066-11e4-a52e-4f735466cecf":"f.74039697418B55B680EBD40CFFCF13D1.d.E5DE7F77BA7ADCD535C2F357269F6926.e.10901"},"setValue",["04/21/2025"]]}
COMMAND: POST /session/504404daf6556c94b3cb83283ff70561/element - {"using":"xpath","value":"//button[@data-kt=\"PickingTableConfirmAllButton\"]"}
RESULT: {"using":"xpath","value":"//button[@data-kt=\"PickingTableConfirmAllButton\"]"}
COMMAND: POST /session/504404daf6556c94b3cb83283ff70561/element/f.74039697418B55B680EBD40CFFCF13D1.d.E5DE7F77BA7ADCD535C2F357269F6926.e.10917/click - {}
RESULT: {}
COMMAND: GET /session/504404daf6556c94b3cb83283ff70561/screenshot - {}
RESULT: {}
COMMAND: POST /session/504404daf6556c94b3cb83283ff70561/element - {"using":"xpath","value":"//bdi[contains(text(), \"OK\")]"}
RESULT: {"using":"xpath","value":"//bdi[contains(text(), \"OK\")]"}
COMMAND: POST /session/504404daf6556c94b3cb83283ff70561/element/f.74039697418B55B680EBD40CFFCF13D1.d.E5DE7F77BA7ADCD535C2F357269F6926.e.10919/click - {}
RESULT: {}
COMMAND: GET /session/504404daf6556c94b3cb83283ff70561/screenshot - {}
RESULT: {}
COMMAND: POST /session/504404daf6556c94b3cb83283ff70561/element - {"using":"xpath","value":"(//bdi[contains(text(), \"Receive\")])[2]"}
RESULT: {"using":"xpath","value":"(//bdi[contains(text(), \"Receive\")])[2]"}
COMMAND: POST /session/504404daf6556c94b3cb83283ff70561/element/f.74039697418B55B680EBD40CFFCF13D1.d.E5DE7F77BA7ADCD535C2F357269F6926.e.10921/click - {}
RESULT: {}
COMMAND: GET /session/504404daf6556c94b3cb83283ff70561/screenshot - {}
RESULT: {}
COMMAND: POST /session/504404daf6556c94b3cb83283ff70561/element - {"using":"css selector","value":"#shell-header-logo"}
RESULT: {"using":"css selector","value":"#shell-header-logo"}
COMMAND: POST /session/504404daf6556c94b3cb83283ff70561/element/f.74039697418B55B680EBD40CFFCF13D1.d.E5DE7F77BA7ADCD535C2F357269F6926.e.10290/click - {}
RESULT: {}
COMMAND: GET /session/504404daf6556c94b3cb83283ff70561/screenshot - {}
RESULT: {}
]]></system-out>
    </testcase>
    <testcase classname="chrome.135_0_7049_42.windows.Billing_Transfer_-_Intracompany_US127249" name="Should create a new contract" time="78.773">
      <system-out><![CDATA[
COMMAND: POST /session/504404daf6556c94b3cb83283ff70561/execute/async - {"script":"<script> [1562 bytes]","args":[{"selector":{"controlType":"sap.m.Text","viewName":"etm.portal.ui.managecontractstile.view.Master","properties":{"text":"Manage Contracts"},"interaction":{"idSuffix":"inner"}},"wdio_ui5_key":"etmportal.ui.managecontractstile.view.Mastersap.m.Text{\"text\":\"Manage Contracts\"}"}]}
RESULT: {"script":"<script> [1562 bytes]","args":[{"selector":{"controlType":"sap.m.Text","viewName":"etm.portal.ui.managecontractstile.view.Master","properties":{"text":"Manage Contracts"},"interaction":{"idSuffix":"inner"}},"wdio_ui5_key":"etmportal.ui.managecontractstile.view.Mastersap.m.Text{\"text\":\"Manage Contracts\"}"}]}
RESULT: undefined
COMMAND: POST /session/504404daf6556c94b3cb83283ff70561/element - {"using":"xpath","value":"//*[@id=\"__tile130-title\"]"}
RESULT: {"using":"xpath","value":"//*[@id=\"__tile130-title\"]"}
COMMAND: POST /session/504404daf6556c94b3cb83283ff70561/element/f.74039697418B55B680EBD40CFFCF13D1.d.E5DE7F77BA7ADCD535C2F357269F6926.e.11088/click - {}
RESULT: {}
COMMAND: GET /session/504404daf6556c94b3cb83283ff70561/screenshot - {}
COMMAND: POST /session/504404daf6556c94b3cb83283ff70561/element - {"using":"xpath","value":"//button[@data-kt=\"addButton\"]"}
RESULT: {}
RESULT: undefined
RESULT: undefined
RESULT: {"using":"xpath","value":"//button[@data-kt=\"addButton\"]"}
COMMAND: POST /session/504404daf6556c94b3cb83283ff70561/elements - {"using":"xpath","value":"//button[@data-kt=\"addButton\"]"}
RESULT: {"using":"xpath","value":"//button[@data-kt=\"addButton\"]"}
COMMAND: POST /session/504404daf6556c94b3cb83283ff70561/execute/sync - {"script":"<script> [8489 bytes]","args":[{"element-6066-11e4-a52e-4f735466cecf":"f.74039697418B55B680EBD40CFFCF13D1.d.E5DE7F77BA7ADCD535C2F357269F6926.e.11135","ELEMENT":"f.74039697418B55B680EBD40CFFCF13D1.d.E5DE7F77BA7ADCD535C2F357269F6926.e.11135"}]}
RESULT: {"script":"<script> [8489 bytes]","args":[{"element-6066-11e4-a52e-4f735466cecf":"f.74039697418B55B680EBD40CFFCF13D1.d.E5DE7F77BA7ADCD535C2F357269F6926.e.11135","ELEMENT":"f.74039697418B55B680EBD40CFFCF13D1.d.E5DE7F77BA7ADCD535C2F357269F6926.e.11135"}]}
COMMAND: GET /session/504404daf6556c94b3cb83283ff70561/element/f.74039697418B55B680EBD40CFFCF13D1.d.E5DE7F77BA7ADCD535C2F357269F6926.e.11135/enabled - {}
COMMAND: GET /session/504404daf6556c94b3cb83283ff70561/screenshot - {}
RESULT: {}
COMMAND: POST /session/504404daf6556c94b3cb83283ff70561/execute/sync - {"script":"<script> [8489 bytes]","args":[{"element-6066-11e4-a52e-4f735466cecf":"f.74039697418B55B680EBD40CFFCF13D1.d.E5DE7F77BA7ADCD535C2F357269F6926.e.11135","ELEMENT":"f.74039697418B55B680EBD40CFFCF13D1.d.E5DE7F77BA7ADCD535C2F357269F6926.e.11135"}]}
COMMAND: GET /session/504404daf6556c94b3cb83283ff70561/screenshot - {}
RESULT: {}
RESULT: {"script":"<script> [8489 bytes]","args":[{"element-6066-11e4-a52e-4f735466cecf":"f.74039697418B55B680EBD40CFFCF13D1.d.E5DE7F77BA7ADCD535C2F357269F6926.e.11135","ELEMENT":"f.74039697418B55B680EBD40CFFCF13D1.d.E5DE7F77BA7ADCD535C2F357269F6926.e.11135"}]}
COMMAND: POST /session/504404daf6556c94b3cb83283ff70561/execute/sync - {"script":"<script> [5351 bytes]","args":[{"element-6066-11e4-a52e-4f735466cecf":"f.74039697418B55B680EBD40CFFCF13D1.d.E5DE7F77BA7ADCD535C2F357269F6926.e.11135","ELEMENT":"f.74039697418B55B680EBD40CFFCF13D1.d.E5DE7F77BA7ADCD535C2F357269F6926.e.11135"}]}
COMMAND: GET /session/504404daf6556c94b3cb83283ff70561/screenshot - {}
RESULT: {}
RESULT: {"script":"<script> [5351 bytes]","args":[{"element-6066-11e4-a52e-4f735466cecf":"f.74039697418B55B680EBD40CFFCF13D1.d.E5DE7F77BA7ADCD535C2F357269F6926.e.11135","ELEMENT":"f.74039697418B55B680EBD40CFFCF13D1.d.E5DE7F77BA7ADCD535C2F357269F6926.e.11135"}]}
COMMAND: GET /session/504404daf6556c94b3cb83283ff70561/screenshot - {}
RESULT: {}
RESULT: {}
COMMAND: POST /session/504404daf6556c94b3cb83283ff70561/element/f.74039697418B55B680EBD40CFFCF13D1.d.E5DE7F77BA7ADCD535C2F357269F6926.e.11135/click - {}
RESULT: {}
COMMAND: GET /session/504404daf6556c94b3cb83283ff70561/screenshot - {}
COMMAND: POST /session/504404daf6556c94b3cb83283ff70561/execute/async - {"script":"<script> [1562 bytes]","args":[{"selector":{"id":"application-managecontracts-display-component---AddNewContract--projectDescription","interaction":{"idSuffix":"inner"}},"wdio_ui5_key":"applicationmanagecontracts-display-component---AddNewContract--projectDescription"}]}
RESULT: {}
RESULT: {"script":"<script> [1562 bytes]","args":[{"selector":{"id":"application-managecontracts-display-component---AddNewContract--projectDescription","interaction":{"idSuffix":"inner"}},"wdio_ui5_key":"applicationmanagecontracts-display-component---AddNewContract--projectDescription"}]}
RESULT: undefined
COMMAND: POST /session/504404daf6556c94b3cb83283ff70561/execute/async - {"script":"<script> [776 bytes]","args":[{"enterText":"Contract WDIO","selector":{"id":"application-managecontracts-display-component---AddNewContract--projectDescription","interaction":{"idSuffix":"inner"}},"clearTextFirst":true,"interactionType":"ENTER_TEXT"}]}
RESULT: {"script":"<script> [776 bytes]","args":[{"enterText":"Contract WDIO","selector":{"id":"application-managecontracts-display-component---AddNewContract--projectDescription","interaction":{"idSuffix":"inner"}},"clearTextFirst":true,"interactionType":"ENTER_TEXT"}]}
COMMAND: POST /session/504404daf6556c94b3cb83283ff70561/element - {"using":"xpath","value":"//input[@id=\"application-managecontracts-display-component---AddNewContract--site-inner\"]"}
RESULT: {"using":"xpath","value":"//input[@id=\"application-managecontracts-display-component---AddNewContract--site-inner\"]"}
COMMAND: POST /session/504404daf6556c94b3cb83283ff70561/element/f.74039697418B55B680EBD40CFFCF13D1.d.E5DE7F77BA7ADCD535C2F357269F6926.e.11468/clear - {}
RESULT: {}
COMMAND: POST /session/504404daf6556c94b3cb83283ff70561/element/f.74039697418B55B680EBD40CFFCF13D1.d.E5DE7F77BA7ADCD535C2F357269F6926.e.11468/value - {"text":"2464"}
COMMAND: GET /session/504404daf6556c94b3cb83283ff70561/screenshot - {}
RESULT: {"text":"2464"}
COMMAND: GET /session/504404daf6556c94b3cb83283ff70561/screenshot - {}
RESULT: {}
RESULT: {}
COMMAND: POST /session/504404daf6556c94b3cb83283ff70561/element - {"using":"xpath","value":"//li[.//span[text()='2464']]"}
RESULT: {"using":"xpath","value":"//li[.//span[text()='2464']]"}
COMMAND: POST /session/504404daf6556c94b3cb83283ff70561/element/f.74039697418B55B680EBD40CFFCF13D1.d.E5DE7F77BA7ADCD535C2F357269F6926.e.11491/click - {}
RESULT: {}
COMMAND: GET /session/504404daf6556c94b3cb83283ff70561/screenshot - {}
RESULT: {}
COMMAND: POST /session/504404daf6556c94b3cb83283ff70561/element - {"using":"xpath","value":"//input[@id=\"application-managecontracts-display-component---AddNewContract--yardId-inner\"]"}
RESULT: {"using":"xpath","value":"//input[@id=\"application-managecontracts-display-component---AddNewContract--yardId-inner\"]"}
COMMAND: GET /session/504404daf6556c94b3cb83283ff70561/element/f.74039697418B55B680EBD40CFFCF13D1.d.E5DE7F77BA7ADCD535C2F357269F6926.e.11469/property/value - {}
RESULT: {}
COMMAND: POST /session/504404daf6556c94b3cb83283ff70561/element - {"using":"xpath","value":"//input[@id=\"application-managecontracts-display-component---AddNewContract--customerSelect-inner\"]"}
COMMAND: GET /session/504404daf6556c94b3cb83283ff70561/screenshot - {}
RESULT: {"using":"xpath","value":"//input[@id=\"application-managecontracts-display-component---AddNewContract--customerSelect-inner\"]"}
COMMAND: POST /session/504404daf6556c94b3cb83283ff70561/element/f.74039697418B55B680EBD40CFFCF13D1.d.E5DE7F77BA7ADCD535C2F357269F6926.e.11467/clear - {}
RESULT: {}
RESULT: {}
COMMAND: POST /session/504404daf6556c94b3cb83283ff70561/element/f.74039697418B55B680EBD40CFFCF13D1.d.E5DE7F77BA7ADCD535C2F357269F6926.e.11467/value - {"text":"1511"}
COMMAND: GET /session/504404daf6556c94b3cb83283ff70561/screenshot - {}
RESULT: {"text":"1511"}
COMMAND: GET /session/504404daf6556c94b3cb83283ff70561/screenshot - {}
RESULT: {}
RESULT: {}
COMMAND: POST /session/504404daf6556c94b3cb83283ff70561/element - {"using":"xpath","value":"//li[.//span[text()='1511']]"}
RESULT: {"using":"xpath","value":"//li[.//span[text()='1511']]"}
COMMAND: POST /session/504404daf6556c94b3cb83283ff70561/element/f.74039697418B55B680EBD40CFFCF13D1.d.E5DE7F77BA7ADCD535C2F357269F6926.e.11494/click - {}
RESULT: {}
COMMAND: GET /session/504404daf6556c94b3cb83283ff70561/screenshot - {}
RESULT: {}
COMMAND: POST /session/504404daf6556c94b3cb83283ff70561/element - {"using":"xpath","value":"//button[@data-kt=\"saveButton\"]"}
RESULT: {"using":"xpath","value":"//button[@data-kt=\"saveButton\"]"}
COMMAND: POST /session/504404daf6556c94b3cb83283ff70561/element/f.74039697418B55B680EBD40CFFCF13D1.d.E5DE7F77BA7ADCD535C2F357269F6926.e.11483/click - {}
RESULT: {}
COMMAND: GET /session/504404daf6556c94b3cb83283ff70561/screenshot - {}
RESULT: {}
COMMAND: POST /session/504404daf6556c94b3cb83283ff70561/element - {"using":"xpath","value":"//span[contains(@id ,\"contractDetailTitleNoExpanded\")]"}
RESULT: {"using":"xpath","value":"//span[contains(@id ,\"contractDetailTitleNoExpanded\")]"}
COMMAND: POST /session/504404daf6556c94b3cb83283ff70561/elements - {"using":"xpath","value":"//span[contains(@id ,\"contractDetailTitleNoExpanded\")]"}
RESULT: {"using":"xpath","value":"//span[contains(@id ,\"contractDetailTitleNoExpanded\")]"}
COMMAND: POST /session/504404daf6556c94b3cb83283ff70561/execute/sync - {"script":"<script> [56 bytes]","args":[{"element-6066-11e4-a52e-4f735466cecf":"f.74039697418B55B680EBD40CFFCF13D1.d.E5DE7F77BA7ADCD535C2F357269F6926.e.11505","ELEMENT":"f.74039697418B55B680EBD40CFFCF13D1.d.E5DE7F77BA7ADCD535C2F357269F6926.e.11505"}]}
RESULT: {"script":"<script> [56 bytes]","args":[{"element-6066-11e4-a52e-4f735466cecf":"f.74039697418B55B680EBD40CFFCF13D1.d.E5DE7F77BA7ADCD535C2F357269F6926.e.11505","ELEMENT":"f.74039697418B55B680EBD40CFFCF13D1.d.E5DE7F77BA7ADCD535C2F357269F6926.e.11505"}]}
COMMAND: GET /session/504404daf6556c94b3cb83283ff70561/screenshot - {}
RESULT: {}
]]></system-out>
    </testcase>
    <testcase classname="chrome.135_0_7049_42.windows.Billing_Transfer_-_Intracompany_US127249" name="Should add equipment to the contract" time="45.146">
      <system-out><![CDATA[
COMMAND: POST /session/504404daf6556c94b3cb83283ff70561/element - {"using":"xpath","value":"//button[@data-kt=\"contractDetailEditBtnButton\"]"}
RESULT: {"using":"xpath","value":"//button[@data-kt=\"contractDetailEditBtnButton\"]"}
COMMAND: POST /session/504404daf6556c94b3cb83283ff70561/element/f.74039697418B55B680EBD40CFFCF13D1.d.E5DE7F77BA7ADCD535C2F357269F6926.e.11507/click - {}
RESULT: {}
COMMAND: GET /session/504404daf6556c94b3cb83283ff70561/screenshot - {}
RESULT: {}
COMMAND: POST /session/504404daf6556c94b3cb83283ff70561/element - {"using":"xpath","value":"(//span[contains(text(), \"Additional Addresses\")])[2]"}
RESULT: {"using":"xpath","value":"(//span[contains(text(), \"Additional Addresses\")])[2]"}
COMMAND: POST /session/504404daf6556c94b3cb83283ff70561/element/f.74039697418B55B680EBD40CFFCF13D1.d.E5DE7F77BA7ADCD535C2F357269F6926.e.11562/click - {}
RESULT: {}
COMMAND: GET /session/504404daf6556c94b3cb83283ff70561/screenshot - {}
RESULT: {}
COMMAND: POST /session/504404daf6556c94b3cb83283ff70561/element - {"using":"xpath","value":"//button[@data-kt=\"btnAddTableRowOverflowToolbarButton\"]"}
RESULT: {"using":"xpath","value":"//button[@data-kt=\"btnAddTableRowOverflowToolbarButton\"]"}
COMMAND: POST /session/504404daf6556c94b3cb83283ff70561/element/f.74039697418B55B680EBD40CFFCF13D1.d.E5DE7F77BA7ADCD535C2F357269F6926.e.11566/click - {}
RESULT: {}
COMMAND: GET /session/504404daf6556c94b3cb83283ff70561/screenshot - {}
RESULT: {}
COMMAND: POST /session/504404daf6556c94b3cb83283ff70561/element - {"using":"xpath","value":"//div[(text() = 'Standard Entry' or . = 'Standard Entry')]"}
RESULT: {"using":"xpath","value":"//div[(text() = 'Standard Entry' or . = 'Standard Entry')]"}
COMMAND: POST /session/504404daf6556c94b3cb83283ff70561/element/f.74039697418B55B680EBD40CFFCF13D1.d.E5DE7F77BA7ADCD535C2F357269F6926.e.11568/click - {}
RESULT: {}
COMMAND: GET /session/504404daf6556c94b3cb83283ff70561/screenshot - {}
RESULT: {}
COMMAND: POST /session/504404daf6556c94b3cb83283ff70561/element - {"using":"xpath","value":"//td[7]/div/div/input"}
RESULT: {"using":"xpath","value":"//td[7]/div/div/input"}
COMMAND: POST /session/504404daf6556c94b3cb83283ff70561/element/f.74039697418B55B680EBD40CFFCF13D1.d.E5DE7F77BA7ADCD535C2F357269F6926.e.11577/clear - {}
RESULT: {}
COMMAND: POST /session/504404daf6556c94b3cb83283ff70561/element/f.74039697418B55B680EBD40CFFCF13D1.d.E5DE7F77BA7ADCD535C2F357269F6926.e.11577/value - {"text":"5FJD7EdAaa"}
COMMAND: GET /session/504404daf6556c94b3cb83283ff70561/screenshot - {}
RESULT: {"text":"5FJD7EdAaa"}
COMMAND: GET /session/504404daf6556c94b3cb83283ff70561/screenshot - {}
RESULT: {}
RESULT: {}
COMMAND: POST /session/504404daf6556c94b3cb83283ff70561/actions - {"actions":[{"id":"action38","type":"key","parameters":{},"actions":[{"type":"keyDown","value":""},{"type":"pause","duration":10},{"type":"keyUp","value":""}]}]}
RESULT: {"actions":[{"id":"action38","type":"key","parameters":{},"actions":[{"type":"keyDown","value":""},{"type":"pause","duration":10},{"type":"keyUp","value":""}]}]}
COMMAND: GET /session/504404daf6556c94b3cb83283ff70561/screenshot - {}
COMMAND: POST /session/504404daf6556c94b3cb83283ff70561/element - {"using":"xpath","value":"(//button[@data-kt=\"saveButton\"])[2]"}
RESULT: {}
RESULT: {"using":"xpath","value":"(//button[@data-kt=\"saveButton\"])[2]"}
COMMAND: POST /session/504404daf6556c94b3cb83283ff70561/element/f.74039697418B55B680EBD40CFFCF13D1.d.E5DE7F77BA7ADCD535C2F357269F6926.e.11592/click - {}
RESULT: {}
COMMAND: GET /session/504404daf6556c94b3cb83283ff70561/screenshot - {}
RESULT: {}
COMMAND: POST /session/504404daf6556c94b3cb83283ff70561/element - {"using":"xpath","value":"//span[contains(@id ,\"contractItemsSmartTable-header-inner\")]"}
RESULT: {"using":"xpath","value":"//span[contains(@id ,\"contractItemsSmartTable-header-inner\")]"}
COMMAND: POST /session/504404daf6556c94b3cb83283ff70561/elements - {"using":"xpath","value":"//span[contains(@id ,\"contractItemsSmartTable-header-inner\")]"}
RESULT: {"using":"xpath","value":"//span[contains(@id ,\"contractItemsSmartTable-header-inner\")]"}
COMMAND: POST /session/504404daf6556c94b3cb83283ff70561/execute/sync - {"script":"<script> [56 bytes]","args":[{"element-6066-11e4-a52e-4f735466cecf":"f.74039697418B55B680EBD40CFFCF13D1.d.E5DE7F77BA7ADCD535C2F357269F6926.e.11598","ELEMENT":"f.74039697418B55B680EBD40CFFCF13D1.d.E5DE7F77BA7ADCD535C2F357269F6926.e.11598"}]}
RESULT: {"script":"<script> [56 bytes]","args":[{"element-6066-11e4-a52e-4f735466cecf":"f.74039697418B55B680EBD40CFFCF13D1.d.E5DE7F77BA7ADCD535C2F357269F6926.e.11598","ELEMENT":"f.74039697418B55B680EBD40CFFCF13D1.d.E5DE7F77BA7ADCD535C2F357269F6926.e.11598"}]}
COMMAND: GET /session/504404daf6556c94b3cb83283ff70561/screenshot - {}
]]></system-out>
    </testcase>
    <testcase classname="chrome.135_0_7049_42.windows.Billing_Transfer_-_Intracompany_US127249" name="Should do a provide to site handover" time="65.754">
      <system-out><![CDATA[
COMMAND: POST /session/504404daf6556c94b3cb83283ff70561/element - {"using":"xpath","value":"//button[@data-kt=\"provideButton\"]"}
RESULT: {}
RESULT: {"using":"xpath","value":"//button[@data-kt=\"provideButton\"]"}
COMMAND: POST /session/504404daf6556c94b3cb83283ff70561/element/f.74039697418B55B680EBD40CFFCF13D1.d.E5DE7F77BA7ADCD535C2F357269F6926.e.11600/click - {}
RESULT: {}
COMMAND: GET /session/504404daf6556c94b3cb83283ff70561/screenshot - {}
RESULT: {}
RESULT: undefined
COMMAND: POST /session/504404daf6556c94b3cb83283ff70561/execute/async - {"script":"<script> [6424 bytes]","args":[{"element-6066-11e4-a52e-4f735466cecf":"f.74039697418B55B680EBD40CFFCF13D1.d.E5DE7F77BA7ADCD535C2F357269F6926.e.10684"},"setValue",["04/21/2025"]]}
COMMAND: POST /session/504404daf6556c94b3cb83283ff70561/execute/async - {"script":"<script> [1562 bytes]","args":[{"selector":{"id":"application-managehandovers-display-component---AddNewHO--dueDate","interaction":{"idSuffix":"inner"}},"wdio_ui5_key":"applicationmanagehandovers-display-component---AddNewHO--dueDate"}]}
RESULT: {"script":"<script> [1562 bytes]","args":[{"selector":{"id":"application-managehandovers-display-component---AddNewHO--dueDate","interaction":{"idSuffix":"inner"}},"wdio_ui5_key":"applicationmanagehandovers-display-component---AddNewHO--dueDate"}]}
COMMAND: POST /session/504404daf6556c94b3cb83283ff70561/execute/async - {"script":"<script> [6424 bytes]","args":[{"element-6066-11e4-a52e-4f735466cecf":"f.74039697418B55B680EBD40CFFCF13D1.d.E5DE7F77BA7ADCD535C2F357269F6926.e.11686"},"setValue",["04/21/2025"]]}
RESULT: {"script":"<script> [6424 bytes]","args":[{"element-6066-11e4-a52e-4f735466cecf":"f.74039697418B55B680EBD40CFFCF13D1.d.E5DE7F77BA7ADCD535C2F357269F6926.e.11686"},"setValue",["04/21/2025"]]}
COMMAND: POST /session/504404daf6556c94b3cb83283ff70561/element - {"using":"xpath","value":"//bdi[contains(text(), \"Instructions\")]"}
RESULT: {"using":"xpath","value":"//bdi[contains(text(), \"Instructions\")]"}
COMMAND: POST /session/504404daf6556c94b3cb83283ff70561/element/f.74039697418B55B680EBD40CFFCF13D1.d.E5DE7F77BA7ADCD535C2F357269F6926.e.11914/click - {}
RESULT: {}
COMMAND: GET /session/504404daf6556c94b3cb83283ff70561/screenshot - {}
RESULT: {}
COMMAND: POST /session/504404daf6556c94b3cb83283ff70561/element - {"using":"xpath","value":"//button[@data-kt=\"AddNewHOProvideAddItemsButton\"]"}
RESULT: {"using":"xpath","value":"//button[@data-kt=\"AddNewHOProvideAddItemsButton\"]"}
COMMAND: POST /session/504404daf6556c94b3cb83283ff70561/element/f.74039697418B55B680EBD40CFFCF13D1.d.E5DE7F77BA7ADCD535C2F357269F6926.e.11918/click - {}
RESULT: {}
COMMAND: GET /session/504404daf6556c94b3cb83283ff70561/screenshot - {}
RESULT: {}
RESULT: undefined
COMMAND: POST /session/504404daf6556c94b3cb83283ff70561/element - {"using":"xpath","value":"//*[@id=\"application-managehandovers-display-component---AddNewHO--popup-sa\"]"}
RESULT: {"using":"xpath","value":"//*[@id=\"application-managehandovers-display-component---AddNewHO--popup-sa\"]"}
COMMAND: POST /session/504404daf6556c94b3cb83283ff70561/element/f.74039697418B55B680EBD40CFFCF13D1.d.E5DE7F77BA7ADCD535C2F357269F6926.e.11928/click - {}
RESULT: {}
COMMAND: GET /session/504404daf6556c94b3cb83283ff70561/screenshot - {}
RESULT: {}
COMMAND: POST /session/504404daf6556c94b3cb83283ff70561/element - {"using":"xpath","value":"//*[contains(@id ,\"BDI-content\")][contains(text(), \"Select\")]"}
RESULT: {"using":"xpath","value":"//*[contains(@id ,\"BDI-content\")][contains(text(), \"Select\")]"}
COMMAND: POST /session/504404daf6556c94b3cb83283ff70561/element/f.74039697418B55B680EBD40CFFCF13D1.d.E5DE7F77BA7ADCD535C2F357269F6926.e.11930/click - {}
RESULT: {}
COMMAND: GET /session/504404daf6556c94b3cb83283ff70561/screenshot - {}
RESULT: {}
COMMAND: POST /session/504404daf6556c94b3cb83283ff70561/execute/async - {"script":"<script> [1562 bytes]","args":[{"selector":{"id":"application-managehandovers-display-component---AddNewHO--confirmCreationButton","interaction":{"idSuffix":"BDI-content"}},"wdio_ui5_key":"applicationmanagehandovers-display-component---AddNewHO--confirmCreationButton"}]}
RESULT: {"script":"<script> [1562 bytes]","args":[{"selector":{"id":"application-managehandovers-display-component---AddNewHO--confirmCreationButton","interaction":{"idSuffix":"BDI-content"}},"wdio_ui5_key":"applicationmanagehandovers-display-component---AddNewHO--confirmCreationButton"}]}
RESULT: undefined
COMMAND: POST /session/504404daf6556c94b3cb83283ff70561/element - {"using":"xpath","value":"//*[@id=\"application-managehandovers-display-component---AddNewHO--confirmCreationButton\"]"}
RESULT: {"using":"xpath","value":"//*[@id=\"application-managehandovers-display-component---AddNewHO--confirmCreationButton\"]"}
COMMAND: POST /session/504404daf6556c94b3cb83283ff70561/element/f.74039697418B55B680EBD40CFFCF13D1.d.E5DE7F77BA7ADCD535C2F357269F6926.e.11732/click - {}
RESULT: {}
COMMAND: GET /session/504404daf6556c94b3cb83283ff70561/screenshot - {}
RESULT: {}
COMMAND: POST /session/504404daf6556c94b3cb83283ff70561/element - {"using":"xpath","value":"//button[@data-kt=\"PickingTableConfirmAllButton\"]"}
RESULT: {"using":"xpath","value":"//button[@data-kt=\"PickingTableConfirmAllButton\"]"}
COMMAND: POST /session/504404daf6556c94b3cb83283ff70561/element/f.74039697418B55B680EBD40CFFCF13D1.d.E5DE7F77BA7ADCD535C2F357269F6926.e.11968/click - {}
COMMAND: POST /session/504404daf6556c94b3cb83283ff70561/element - {"using":"xpath","value":"//button[@data-kt=\"PickingTableConfirmAllButton\"]"}
RESULT: {"using":"xpath","value":"//button[@data-kt=\"PickingTableConfirmAllButton\"]"}
COMMAND: POST /session/504404daf6556c94b3cb83283ff70561/element/f.74039697418B55B680EBD40CFFCF13D1.d.E5DE7F77BA7ADCD535C2F357269F6926.e.11968/click - {}
COMMAND: POST /session/504404daf6556c94b3cb83283ff70561/element - {"using":"xpath","value":"//button[@data-kt=\"PickingTableConfirmAllButton\"]"}
RESULT: {"using":"xpath","value":"//button[@data-kt=\"PickingTableConfirmAllButton\"]"}
COMMAND: POST /session/504404daf6556c94b3cb83283ff70561/element/f.74039697418B55B680EBD40CFFCF13D1.d.E5DE7F77BA7ADCD535C2F357269F6926.e.11990/click - {}
RESULT: {}
COMMAND: GET /session/504404daf6556c94b3cb83283ff70561/screenshot - {}
RESULT: {}
COMMAND: POST /session/504404daf6556c94b3cb83283ff70561/element - {"using":"xpath","value":"//bdi[contains(text(), \"OK\")]"}
RESULT: {"using":"xpath","value":"//bdi[contains(text(), \"OK\")]"}
COMMAND: POST /session/504404daf6556c94b3cb83283ff70561/element/f.74039697418B55B680EBD40CFFCF13D1.d.E5DE7F77BA7ADCD535C2F357269F6926.e.11993/click - {}
RESULT: {}
COMMAND: GET /session/504404daf6556c94b3cb83283ff70561/screenshot - {}
RESULT: {}
COMMAND: POST /session/504404daf6556c94b3cb83283ff70561/element - {"using":"xpath","value":"//bdi[contains(text(), \"Issue\")]"}
RESULT: {"using":"xpath","value":"//bdi[contains(text(), \"Issue\")]"}
COMMAND: POST /session/504404daf6556c94b3cb83283ff70561/element/f.74039697418B55B680EBD40CFFCF13D1.d.E5DE7F77BA7ADCD535C2F357269F6926.e.11994/click - {}
RESULT: {}
COMMAND: GET /session/504404daf6556c94b3cb83283ff70561/screenshot - {}
RESULT: {}
COMMAND: POST /session/504404daf6556c94b3cb83283ff70561/element - {"using":"css selector","value":"#shell-header-logo"}
RESULT: {"using":"css selector","value":"#shell-header-logo"}
COMMAND: POST /session/504404daf6556c94b3cb83283ff70561/element/f.74039697418B55B680EBD40CFFCF13D1.d.E5DE7F77BA7ADCD535C2F357269F6926.e.11090/click - {}
RESULT: {}
COMMAND: GET /session/504404daf6556c94b3cb83283ff70561/screenshot - {}
RESULT: {}
]]></system-out>
    </testcase>
    <testcase classname="chrome.135_0_7049_42.windows.Billing_Transfer_-_Intracompany_US127249" name="Should go navigate to Manage Billings and trigger contract calculation check result" time="68.635">
      <system-out><![CDATA[
COMMAND: POST /session/504404daf6556c94b3cb83283ff70561/execute/async - {"script":"<script> [1562 bytes]","args":[{"selector":{"controlType":"sap.m.GenericTile","properties":{"header":"Manage Billings"}},"wdio_ui5_key":"sapm.GenericTile{\"header\":\"Manage Billings\"}"}]}
RESULT: {"script":"<script> [1562 bytes]","args":[{"selector":{"controlType":"sap.m.GenericTile","properties":{"header":"Manage Billings"}},"wdio_ui5_key":"sapm.GenericTile{\"header\":\"Manage Billings\"}"}]}
RESULT: undefined
COMMAND: POST /session/504404daf6556c94b3cb83283ff70561/element - {"using":"xpath","value":"//*[@id=\"__tile51\"]"}
RESULT: {"using":"xpath","value":"//*[@id=\"__tile51\"]"}
COMMAND: POST /session/504404daf6556c94b3cb83283ff70561/element/f.74039697418B55B680EBD40CFFCF13D1.d.E5DE7F77BA7ADCD535C2F357269F6926.e.6730/click - {}
RESULT: {}
COMMAND: GET /session/504404daf6556c94b3cb83283ff70561/screenshot - {}
COMMAND: POST /session/504404daf6556c94b3cb83283ff70561/execute/async - {"script":"<script> [1562 bytes]","args":[{"selector":{"id":"application-managebillings-display-component---billRunCalcResult--smartFilterBar-btnBasicSearch","interaction":{"idSuffix":"I"}},"wdio_ui5_key":"applicationmanagebillings-display-component---billRunCalcResult--smartFilterBar-btnBasicSearch"}]}
RESULT: {}
RESULT: {"script":"<script> [1562 bytes]","args":[{"selector":{"id":"application-managebillings-display-component---billRunCalcResult--smartFilterBar-btnBasicSearch","interaction":{"idSuffix":"I"}},"wdio_ui5_key":"applicationmanagebillings-display-component---billRunCalcResult--smartFilterBar-btnBasicSearch"}]}
RESULT: undefined
COMMAND: POST /session/504404daf6556c94b3cb83283ff70561/execute/async - {"script":"<script> [776 bytes]","args":[{"enterText":"10528","selector":{"id":"application-managebillings-display-component---billRunCalcResult--smartFilterBar-btnBasicSearch","interaction":{"idSuffix":"I"}},"clearTextFirst":true,"interactionType":"ENTER_TEXT"}]}
RESULT: {"script":"<script> [776 bytes]","args":[{"enterText":"10528","selector":{"id":"application-managebillings-display-component---billRunCalcResult--smartFilterBar-btnBasicSearch","interaction":{"idSuffix":"I"}},"clearTextFirst":true,"interactionType":"ENTER_TEXT"}]}
COMMAND: POST /session/504404daf6556c94b3cb83283ff70561/actions - {"actions":[{"id":"action39","type":"key","parameters":{},"actions":[{"type":"keyDown","value":""},{"type":"pause","duration":10},{"type":"keyUp","value":""}]}]}
RESULT: {"actions":[{"id":"action39","type":"key","parameters":{},"actions":[{"type":"keyDown","value":""},{"type":"pause","duration":10},{"type":"keyUp","value":""}]}]}
COMMAND: GET /session/504404daf6556c94b3cb83283ff70561/screenshot - {}
COMMAND: POST /session/504404daf6556c94b3cb83283ff70561/element - {"using":"xpath","value":"//td[@aria-colindex=\"1\"]/div/div[contains(@class, \"sapMCbBg\")]"}
RESULT: {}
RESULT: {"using":"xpath","value":"//td[@aria-colindex=\"1\"]/div/div[contains(@class, \"sapMCbBg\")]"}
COMMAND: POST /session/504404daf6556c94b3cb83283ff70561/element/f.74039697418B55B680EBD40CFFCF13D1.d.E5DE7F77BA7ADCD535C2F357269F6926.e.12382/click - {}
RESULT: {}
COMMAND: GET /session/504404daf6556c94b3cb83283ff70561/screenshot - {}
RESULT: {}
COMMAND: POST /session/504404daf6556c94b3cb83283ff70561/execute/async - {"script":"<script> [1562 bytes]","args":[{"selector":{"id":"application-managebillings-display-component---billRunCalcResult--contractBillRunDate","interaction":{"idSuffix":"inner"}},"wdio_ui5_key":"applicationmanagebillings-display-component---billRunCalcResult--contractBillRunDate"}]}
RESULT: {"script":"<script> [1562 bytes]","args":[{"selector":{"id":"application-managebillings-display-component---billRunCalcResult--contractBillRunDate","interaction":{"idSuffix":"inner"}},"wdio_ui5_key":"applicationmanagebillings-display-component---billRunCalcResult--contractBillRunDate"}]}
RESULT: undefined
COMMAND: POST /session/504404daf6556c94b3cb83283ff70561/execute/async - {"script":"<script> [776 bytes]","args":[{"enterText":"04/21/25","selector":{"id":"application-managebillings-display-component---billRunCalcResult--contractBillRunDate","interaction":{"idSuffix":"inner"}},"clearTextFirst":true,"interactionType":"ENTER_TEXT"}]}
RESULT: {"script":"<script> [776 bytes]","args":[{"enterText":"04/21/25","selector":{"id":"application-managebillings-display-component---billRunCalcResult--contractBillRunDate","interaction":{"idSuffix":"inner"}},"clearTextFirst":true,"interactionType":"ENTER_TEXT"}]}
COMMAND: POST /session/504404daf6556c94b3cb83283ff70561/element - {"using":"xpath","value":"//bdi[contains(text(), \"Trigger Calculation\")]"}
RESULT: {"using":"xpath","value":"//bdi[contains(text(), \"Trigger Calculation\")]"}
COMMAND: POST /session/504404daf6556c94b3cb83283ff70561/element/f.74039697418B55B680EBD40CFFCF13D1.d.E5DE7F77BA7ADCD535C2F357269F6926.e.12434/click - {}
RESULT: {}
COMMAND: GET /session/504404daf6556c94b3cb83283ff70561/screenshot - {}
RESULT: {}
COMMAND: POST /session/504404daf6556c94b3cb83283ff70561/element - {"using":"xpath","value":"(//span[contains(@id, \"imgNav\")])[1]"}
RESULT: {"using":"xpath","value":"(//span[contains(@id, \"imgNav\")])[1]"}
COMMAND: POST /session/504404daf6556c94b3cb83283ff70561/element/f.74039697418B55B680EBD40CFFCF13D1.d.E5DE7F77BA7ADCD535C2F357269F6926.e.12383/click - {}
RESULT: {}
COMMAND: GET /session/504404daf6556c94b3cb83283ff70561/screenshot - {}
RESULT: {}
COMMAND: POST /session/504404daf6556c94b3cb83283ff70561/element - {"using":"xpath","value":"//tr/td[6]/div[1]/span[1]/span[1]"}
RESULT: {"using":"xpath","value":"//tr/td[6]/div[1]/span[1]/span[1]"}
COMMAND: GET /session/504404daf6556c94b3cb83283ff70561/element/f.74039697418B55B680EBD40CFFCF13D1.d.E5DE7F77BA7ADCD535C2F357269F6926.e.12439/text - {}
RESULT: {}
COMMAND: POST /session/504404daf6556c94b3cb83283ff70561/element - {"using":"xpath","value":"(//span[contains(@id, \"imgNav\")])[2]"}
RESULT: {"using":"xpath","value":"(//span[contains(@id, \"imgNav\")])[2]"}
COMMAND: POST /session/504404daf6556c94b3cb83283ff70561/element/f.74039697418B55B680EBD40CFFCF13D1.d.E5DE7F77BA7ADCD535C2F357269F6926.e.12440/click - {}
RESULT: {}
COMMAND: POST /session/504404daf6556c94b3cb83283ff70561/element - {"using":"xpath","value":"//bdi[contains(text(), \"Business Confirm\")]"}
COMMAND: GET /session/504404daf6556c94b3cb83283ff70561/screenshot - {}
RESULT: {"using":"xpath","value":"//bdi[contains(text(), \"Business Confirm\")]"}
COMMAND: POST /session/504404daf6556c94b3cb83283ff70561/elements - {"using":"xpath","value":"//bdi[contains(text(), \"Business Confirm\")]"}
RESULT: {}
RESULT: {"using":"xpath","value":"//bdi[contains(text(), \"Business Confirm\")]"}
COMMAND: POST /session/504404daf6556c94b3cb83283ff70561/element - {"using":"xpath","value":"//bdi[contains(text(), \"Business Confirm\")]"}
RESULT: {"using":"xpath","value":"//bdi[contains(text(), \"Business Confirm\")]"}
COMMAND: POST /session/504404daf6556c94b3cb83283ff70561/element/f.74039697418B55B680EBD40CFFCF13D1.d.E5DE7F77BA7ADCD535C2F357269F6926.e.12448/click - {}
RESULT: {}
COMMAND: POST /session/504404daf6556c94b3cb83283ff70561/element - {"using":"css selector","value":"#shell-header-logo"}
COMMAND: GET /session/504404daf6556c94b3cb83283ff70561/screenshot - {}
RESULT: {"using":"css selector","value":"#shell-header-logo"}
COMMAND: POST /session/504404daf6556c94b3cb83283ff70561/element/f.74039697418B55B680EBD40CFFCF13D1.d.E5DE7F77BA7ADCD535C2F357269F6926.e.12172/click - {}
RESULT: {}
RESULT: {}
COMMAND: GET /session/504404daf6556c94b3cb83283ff70561/screenshot - {}
RESULT: {}
]]></system-out>
    </testcase>
    <testcase classname="chrome.135_0_7049_42.windows.Billing_Transfer_-_Intracompany_US127249" name="Should navigate to billing transfer and invoice the contract" time="77.177">
      <system-out><![CDATA[
COMMAND: POST /session/504404daf6556c94b3cb83283ff70561/execute/async - {"script":"<script> [1562 bytes]","args":[{"selector":{"controlType":"sap.m.GenericTile","properties":{"header":"Billing Transfer"}},"wdio_ui5_key":"sapm.GenericTile{\"header\":\"Billing Transfer\"}"}]}
RESULT: {"script":"<script> [1562 bytes]","args":[{"selector":{"controlType":"sap.m.GenericTile","properties":{"header":"Billing Transfer"}},"wdio_ui5_key":"sapm.GenericTile{\"header\":\"Billing Transfer\"}"}]}
RESULT: undefined
COMMAND: POST /session/504404daf6556c94b3cb83283ff70561/element - {"using":"xpath","value":"//*[@id=\"__tile50\"]"}
RESULT: {"using":"xpath","value":"//*[@id=\"__tile50\"]"}
COMMAND: POST /session/504404daf6556c94b3cb83283ff70561/element/f.74039697418B55B680EBD40CFFCF13D1.d.E5DE7F77BA7ADCD535C2F357269F6926.e.6728/click - {}
RESULT: {}
COMMAND: POST /session/504404daf6556c94b3cb83283ff70561/element - {"using":"xpath","value":"//input[contains(@id ,\"application-billingtransfer-display-component---billingWorkbench--smartFilterBar-btnBasicSearch\")]"}
COMMAND: GET /session/504404daf6556c94b3cb83283ff70561/screenshot - {}
RESULT: {"using":"xpath","value":"//input[contains(@id ,\"application-billingtransfer-display-component---billingWorkbench--smartFilterBar-btnBasicSearch\")]"}
COMMAND: POST /session/504404daf6556c94b3cb83283ff70561/elements - {"using":"xpath","value":"//input[contains(@id ,\"application-billingtransfer-display-component---billingWorkbench--smartFilterBar-btnBasicSearch\")]"}
RESULT: {}
RESULT: {"using":"xpath","value":"//input[contains(@id ,\"application-billingtransfer-display-component---billingWorkbench--smartFilterBar-btnBasicSearch\")]"}
COMMAND: POST /session/504404daf6556c94b3cb83283ff70561/elements - {"using":"xpath","value":"//input[contains(@id ,\"application-billingtransfer-display-component---billingWorkbench--smartFilterBar-btnBasicSearch\")]"}
RESULT: {"using":"xpath","value":"//input[contains(@id ,\"application-billingtransfer-display-component---billingWorkbench--smartFilterBar-btnBasicSearch\")]"}
COMMAND: POST /session/504404daf6556c94b3cb83283ff70561/element - {"using":"xpath","value":"//input[contains(@id ,\"application-billingtransfer-display-component---billingWorkbench--smartFilterBar-btnBasicSearch\")]"}
RESULT: {"using":"xpath","value":"//input[contains(@id ,\"application-billingtransfer-display-component---billingWorkbench--smartFilterBar-btnBasicSearch\")]"}
COMMAND: POST /session/504404daf6556c94b3cb83283ff70561/execute/sync - {"script":"<script> [8489 bytes]","args":[{"element-6066-11e4-a52e-4f735466cecf":"f.74039697418B55B680EBD40CFFCF13D1.d.E5DE7F77BA7ADCD535C2F357269F6926.e.12524","ELEMENT":"f.74039697418B55B680EBD40CFFCF13D1.d.E5DE7F77BA7ADCD535C2F357269F6926.e.12524"}]}
RESULT: {"script":"<script> [8489 bytes]","args":[{"element-6066-11e4-a52e-4f735466cecf":"f.74039697418B55B680EBD40CFFCF13D1.d.E5DE7F77BA7ADCD535C2F357269F6926.e.12524","ELEMENT":"f.74039697418B55B680EBD40CFFCF13D1.d.E5DE7F77BA7ADCD535C2F357269F6926.e.12524"}]}
COMMAND: GET /session/504404daf6556c94b3cb83283ff70561/element/f.74039697418B55B680EBD40CFFCF13D1.d.E5DE7F77BA7ADCD535C2F357269F6926.e.12524/enabled - {}
COMMAND: GET /session/504404daf6556c94b3cb83283ff70561/screenshot - {}
RESULT: {}
COMMAND: POST /session/504404daf6556c94b3cb83283ff70561/element/f.74039697418B55B680EBD40CFFCF13D1.d.E5DE7F77BA7ADCD535C2F357269F6926.e.12524/click - {}
COMMAND: GET /session/504404daf6556c94b3cb83283ff70561/screenshot - {}
RESULT: {}
RESULT: {}
COMMAND: GET /session/504404daf6556c94b3cb83283ff70561/screenshot - {}
RESULT: {}
RESULT: {}
COMMAND: POST /session/504404daf6556c94b3cb83283ff70561/element/f.74039697418B55B680EBD40CFFCF13D1.d.E5DE7F77BA7ADCD535C2F357269F6926.e.12524/clear - {}
RESULT: {}
COMMAND: POST /session/504404daf6556c94b3cb83283ff70561/element/f.74039697418B55B680EBD40CFFCF13D1.d.E5DE7F77BA7ADCD535C2F357269F6926.e.12524/value - {"text":"10528"}
COMMAND: GET /session/504404daf6556c94b3cb83283ff70561/screenshot - {}
RESULT: {"text":"10528"}
COMMAND: POST /session/504404daf6556c94b3cb83283ff70561/actions - {"actions":[{"id":"action40","type":"key","parameters":{},"actions":[{"type":"keyDown","value":""},{"type":"pause","duration":10},{"type":"keyUp","value":""}]}]}
COMMAND: GET /session/504404daf6556c94b3cb83283ff70561/screenshot - {}
RESULT: {}
RESULT: {"actions":[{"id":"action40","type":"key","parameters":{},"actions":[{"type":"keyDown","value":""},{"type":"pause","duration":10},{"type":"keyUp","value":""}]}]}
COMMAND: GET /session/504404daf6556c94b3cb83283ff70561/screenshot - {}
RESULT: {}
RESULT: {}
COMMAND: POST /session/504404daf6556c94b3cb83283ff70561/element - {"using":"xpath","value":"//span[contains(@id ,\"application-billingtransfer-display-component---billingWorkbench--smartTableBillingRuns-header-inner\")]"}
RESULT: {"using":"xpath","value":"//span[contains(@id ,\"application-billingtransfer-display-component---billingWorkbench--smartTableBillingRuns-header-inner\")]"}
COMMAND: POST /session/504404daf6556c94b3cb83283ff70561/elements - {"using":"xpath","value":"//span[contains(@id ,\"application-billingtransfer-display-component---billingWorkbench--smartTableBillingRuns-header-inner\")]"}
RESULT: {"using":"xpath","value":"//span[contains(@id ,\"application-billingtransfer-display-component---billingWorkbench--smartTableBillingRuns-header-inner\")]"}
COMMAND: POST /session/504404daf6556c94b3cb83283ff70561/execute/sync - {"script":"<script> [56 bytes]","args":[{"element-6066-11e4-a52e-4f735466cecf":"f.74039697418B55B680EBD40CFFCF13D1.d.E5DE7F77BA7ADCD535C2F357269F6926.e.12674","ELEMENT":"f.74039697418B55B680EBD40CFFCF13D1.d.E5DE7F77BA7ADCD535C2F357269F6926.e.12674"}]}
RESULT: {"script":"<script> [56 bytes]","args":[{"element-6066-11e4-a52e-4f735466cecf":"f.74039697418B55B680EBD40CFFCF13D1.d.E5DE7F77BA7ADCD535C2F357269F6926.e.12674","ELEMENT":"f.74039697418B55B680EBD40CFFCF13D1.d.E5DE7F77BA7ADCD535C2F357269F6926.e.12674"}]}
COMMAND: POST /session/504404daf6556c94b3cb83283ff70561/element - {"using":"xpath","value":"//td[@aria-colindex=\"1\"]/div/div[contains(@class, \"sapMCbBg\")]"}
COMMAND: GET /session/504404daf6556c94b3cb83283ff70561/screenshot - {}
RESULT: {"using":"xpath","value":"//td[@aria-colindex=\"1\"]/div/div[contains(@class, \"sapMCbBg\")]"}
COMMAND: POST /session/504404daf6556c94b3cb83283ff70561/element/f.74039697418B55B680EBD40CFFCF13D1.d.E5DE7F77BA7ADCD535C2F357269F6926.e.12668/click - {}
RESULT: {}
RESULT: {}
COMMAND: GET /session/504404daf6556c94b3cb83283ff70561/screenshot - {}
RESULT: {}
COMMAND: POST /session/504404daf6556c94b3cb83283ff70561/element - {"using":"xpath","value":"//bdi[contains(text(), \"Check\")]"}
RESULT: {"using":"xpath","value":"//bdi[contains(text(), \"Check\")]"}
COMMAND: POST /session/504404daf6556c94b3cb83283ff70561/element/f.74039697418B55B680EBD40CFFCF13D1.d.E5DE7F77BA7ADCD535C2F357269F6926.e.12675/click - {}
RESULT: {}
COMMAND: GET /session/504404daf6556c94b3cb83283ff70561/screenshot - {}
RESULT: {}
COMMAND: POST /session/504404daf6556c94b3cb83283ff70561/element - {"using":"xpath","value":"//bdi[contains(text(), \"OK\")]"}
RESULT: {"using":"xpath","value":"//bdi[contains(text(), \"OK\")]"}
COMMAND: POST /session/504404daf6556c94b3cb83283ff70561/element/f.74039697418B55B680EBD40CFFCF13D1.d.E5DE7F77BA7ADCD535C2F357269F6926.e.12678/click - {}
RESULT: {}
COMMAND: GET /session/504404daf6556c94b3cb83283ff70561/screenshot - {}
RESULT: {}
COMMAND: POST /session/504404daf6556c94b3cb83283ff70561/element - {"using":"xpath","value":"(//span[contains(text(), \"CO/SD checked\")]/parent::div/preceding-sibling::div/span)[1]"}
RESULT: {"using":"xpath","value":"(//span[contains(text(), \"CO/SD checked\")]/parent::div/preceding-sibling::div/span)[1]"}
COMMAND: POST /session/504404daf6556c94b3cb83283ff70561/element/f.74039697418B55B680EBD40CFFCF13D1.d.E5DE7F77BA7ADCD535C2F357269F6926.e.12679/click - {}
RESULT: {}
COMMAND: GET /session/504404daf6556c94b3cb83283ff70561/screenshot - {}
RESULT: {}
COMMAND: POST /session/504404daf6556c94b3cb83283ff70561/element - {"using":"xpath","value":"//input[contains(@id ,\"application-billingtransfer-display-component---billingWorkbench--smartFilterBar-btnBasicSearch\")]"}
RESULT: {"using":"xpath","value":"//input[contains(@id ,\"application-billingtransfer-display-component---billingWorkbench--smartFilterBar-btnBasicSearch\")]"}
COMMAND: POST /session/504404daf6556c94b3cb83283ff70561/elements - {"using":"xpath","value":"//input[contains(@id ,\"application-billingtransfer-display-component---billingWorkbench--smartFilterBar-btnBasicSearch\")]"}
RESULT: {"using":"xpath","value":"//input[contains(@id ,\"application-billingtransfer-display-component---billingWorkbench--smartFilterBar-btnBasicSearch\")]"}
COMMAND: POST /session/504404daf6556c94b3cb83283ff70561/execute/sync - {"script":"<script> [8489 bytes]","args":[{"element-6066-11e4-a52e-4f735466cecf":"f.74039697418B55B680EBD40CFFCF13D1.d.E5DE7F77BA7ADCD535C2F357269F6926.e.12524","ELEMENT":"f.74039697418B55B680EBD40CFFCF13D1.d.E5DE7F77BA7ADCD535C2F357269F6926.e.12524"}]}
RESULT: {"script":"<script> [8489 bytes]","args":[{"element-6066-11e4-a52e-4f735466cecf":"f.74039697418B55B680EBD40CFFCF13D1.d.E5DE7F77BA7ADCD535C2F357269F6926.e.12524","ELEMENT":"f.74039697418B55B680EBD40CFFCF13D1.d.E5DE7F77BA7ADCD535C2F357269F6926.e.12524"}]}
COMMAND: GET /session/504404daf6556c94b3cb83283ff70561/element/f.74039697418B55B680EBD40CFFCF13D1.d.E5DE7F77BA7ADCD535C2F357269F6926.e.12524/enabled - {}
COMMAND: GET /session/504404daf6556c94b3cb83283ff70561/screenshot - {}
RESULT: {}
COMMAND: POST /session/504404daf6556c94b3cb83283ff70561/element/f.74039697418B55B680EBD40CFFCF13D1.d.E5DE7F77BA7ADCD535C2F357269F6926.e.12524/click - {}
COMMAND: GET /session/504404daf6556c94b3cb83283ff70561/screenshot - {}
RESULT: {}
RESULT: {}
COMMAND: GET /session/504404daf6556c94b3cb83283ff70561/screenshot - {}
RESULT: {}
RESULT: {}
COMMAND: POST /session/504404daf6556c94b3cb83283ff70561/element/f.74039697418B55B680EBD40CFFCF13D1.d.E5DE7F77BA7ADCD535C2F357269F6926.e.12524/clear - {}
RESULT: {}
COMMAND: POST /session/504404daf6556c94b3cb83283ff70561/element/f.74039697418B55B680EBD40CFFCF13D1.d.E5DE7F77BA7ADCD535C2F357269F6926.e.12524/value - {"text":"10528"}
COMMAND: GET /session/504404daf6556c94b3cb83283ff70561/screenshot - {}
RESULT: {"text":"10528"}
COMMAND: POST /session/504404daf6556c94b3cb83283ff70561/actions - {"actions":[{"id":"action41","type":"key","parameters":{},"actions":[{"type":"keyDown","value":""},{"type":"pause","duration":10},{"type":"keyUp","value":""}]}]}
COMMAND: GET /session/504404daf6556c94b3cb83283ff70561/screenshot - {}
RESULT: {}
RESULT: {"actions":[{"id":"action41","type":"key","parameters":{},"actions":[{"type":"keyDown","value":""},{"type":"pause","duration":10},{"type":"keyUp","value":""}]}]}
COMMAND: GET /session/504404daf6556c94b3cb83283ff70561/screenshot - {}
RESULT: {}
RESULT: {}
COMMAND: POST /session/504404daf6556c94b3cb83283ff70561/element - {"using":"xpath","value":"//span[contains(@id ,\"application-billingtransfer-display-component---billingWorkbench--smartTableBillingRuns-header-inner\")]"}
RESULT: {"using":"xpath","value":"//span[contains(@id ,\"application-billingtransfer-display-component---billingWorkbench--smartTableBillingRuns-header-inner\")]"}
COMMAND: POST /session/504404daf6556c94b3cb83283ff70561/elements - {"using":"xpath","value":"//span[contains(@id ,\"application-billingtransfer-display-component---billingWorkbench--smartTableBillingRuns-header-inner\")]"}
RESULT: {"using":"xpath","value":"//span[contains(@id ,\"application-billingtransfer-display-component---billingWorkbench--smartTableBillingRuns-header-inner\")]"}
COMMAND: POST /session/504404daf6556c94b3cb83283ff70561/execute/sync - {"script":"<script> [56 bytes]","args":[{"element-6066-11e4-a52e-4f735466cecf":"f.74039697418B55B680EBD40CFFCF13D1.d.E5DE7F77BA7ADCD535C2F357269F6926.e.12674","ELEMENT":"f.74039697418B55B680EBD40CFFCF13D1.d.E5DE7F77BA7ADCD535C2F357269F6926.e.12674"}]}
RESULT: {"script":"<script> [56 bytes]","args":[{"element-6066-11e4-a52e-4f735466cecf":"f.74039697418B55B680EBD40CFFCF13D1.d.E5DE7F77BA7ADCD535C2F357269F6926.e.12674","ELEMENT":"f.74039697418B55B680EBD40CFFCF13D1.d.E5DE7F77BA7ADCD535C2F357269F6926.e.12674"}]}
COMMAND: POST /session/504404daf6556c94b3cb83283ff70561/element - {"using":"xpath","value":"//td[@aria-colindex=\"1\"]/div/div[contains(@class, \"sapMCbBg\")]"}
COMMAND: GET /session/504404daf6556c94b3cb83283ff70561/screenshot - {}
RESULT: {"using":"xpath","value":"//td[@aria-colindex=\"1\"]/div/div[contains(@class, \"sapMCbBg\")]"}
COMMAND: POST /session/504404daf6556c94b3cb83283ff70561/element/f.74039697418B55B680EBD40CFFCF13D1.d.E5DE7F77BA7ADCD535C2F357269F6926.e.12683/click - {}
RESULT: {}
RESULT: {}
COMMAND: GET /session/504404daf6556c94b3cb83283ff70561/screenshot - {}
RESULT: {}
COMMAND: POST /session/504404daf6556c94b3cb83283ff70561/element - {"using":"xpath","value":"//bdi[text()=\"Transfer\"]"}
RESULT: {"using":"xpath","value":"//bdi[text()=\"Transfer\"]"}
COMMAND: POST /session/504404daf6556c94b3cb83283ff70561/element/f.74039697418B55B680EBD40CFFCF13D1.d.E5DE7F77BA7ADCD535C2F357269F6926.e.12684/click - {}
RESULT: {}
COMMAND: GET /session/504404daf6556c94b3cb83283ff70561/screenshot - {}
RESULT: {}
COMMAND: POST /session/504404daf6556c94b3cb83283ff70561/element - {"using":"xpath","value":"//bdi[contains(text(), \"OK\")]"}
RESULT: {"using":"xpath","value":"//bdi[contains(text(), \"OK\")]"}
COMMAND: POST /session/504404daf6556c94b3cb83283ff70561/element/f.74039697418B55B680EBD40CFFCF13D1.d.E5DE7F77BA7ADCD535C2F357269F6926.e.12687/click - {}
RESULT: {}
COMMAND: GET /session/504404daf6556c94b3cb83283ff70561/screenshot - {}
RESULT: {}
COMMAND: POST /session/504404daf6556c94b3cb83283ff70561/element - {"using":"xpath","value":"(//span[contains(text(), \"Completed\")]/parent::div/preceding-sibling::div/span)[1]"}
RESULT: {"using":"xpath","value":"(//span[contains(text(), \"Completed\")]/parent::div/preceding-sibling::div/span)[1]"}
COMMAND: POST /session/504404daf6556c94b3cb83283ff70561/element/f.74039697418B55B680EBD40CFFCF13D1.d.E5DE7F77BA7ADCD535C2F357269F6926.e.12700/click - {}
RESULT: {}
COMMAND: POST /session/504404daf6556c94b3cb83283ff70561/element - {"using":"xpath","value":"//input[contains(@id ,\"application-billingtransfer-display-component---billingWorkbench--smartFilterBar-btnBasicSearch\")]"}
COMMAND: GET /session/504404daf6556c94b3cb83283ff70561/screenshot - {}
RESULT: {"using":"xpath","value":"//input[contains(@id ,\"application-billingtransfer-display-component---billingWorkbench--smartFilterBar-btnBasicSearch\")]"}
COMMAND: POST /session/504404daf6556c94b3cb83283ff70561/elements - {"using":"xpath","value":"//input[contains(@id ,\"application-billingtransfer-display-component---billingWorkbench--smartFilterBar-btnBasicSearch\")]"}
RESULT: {}
RESULT: {"using":"xpath","value":"//input[contains(@id ,\"application-billingtransfer-display-component---billingWorkbench--smartFilterBar-btnBasicSearch\")]"}
COMMAND: POST /session/504404daf6556c94b3cb83283ff70561/execute/sync - {"script":"<script> [8489 bytes]","args":[{"element-6066-11e4-a52e-4f735466cecf":"f.74039697418B55B680EBD40CFFCF13D1.d.E5DE7F77BA7ADCD535C2F357269F6926.e.12524","ELEMENT":"f.74039697418B55B680EBD40CFFCF13D1.d.E5DE7F77BA7ADCD535C2F357269F6926.e.12524"}]}
RESULT: {"script":"<script> [8489 bytes]","args":[{"element-6066-11e4-a52e-4f735466cecf":"f.74039697418B55B680EBD40CFFCF13D1.d.E5DE7F77BA7ADCD535C2F357269F6926.e.12524","ELEMENT":"f.74039697418B55B680EBD40CFFCF13D1.d.E5DE7F77BA7ADCD535C2F357269F6926.e.12524"}]}
COMMAND: GET /session/504404daf6556c94b3cb83283ff70561/element/f.74039697418B55B680EBD40CFFCF13D1.d.E5DE7F77BA7ADCD535C2F357269F6926.e.12524/enabled - {}
COMMAND: GET /session/504404daf6556c94b3cb83283ff70561/screenshot - {}
RESULT: {}
COMMAND: POST /session/504404daf6556c94b3cb83283ff70561/element/f.74039697418B55B680EBD40CFFCF13D1.d.E5DE7F77BA7ADCD535C2F357269F6926.e.12524/click - {}
COMMAND: GET /session/504404daf6556c94b3cb83283ff70561/screenshot - {}
RESULT: {}
RESULT: {}
COMMAND: GET /session/504404daf6556c94b3cb83283ff70561/screenshot - {}
RESULT: {}
RESULT: {}
COMMAND: POST /session/504404daf6556c94b3cb83283ff70561/element/f.74039697418B55B680EBD40CFFCF13D1.d.E5DE7F77BA7ADCD535C2F357269F6926.e.12524/clear - {}
RESULT: {}
COMMAND: POST /session/504404daf6556c94b3cb83283ff70561/element/f.74039697418B55B680EBD40CFFCF13D1.d.E5DE7F77BA7ADCD535C2F357269F6926.e.12524/value - {"text":"10528"}
COMMAND: GET /session/504404daf6556c94b3cb83283ff70561/screenshot - {}
RESULT: {"text":"10528"}
COMMAND: POST /session/504404daf6556c94b3cb83283ff70561/actions - {"actions":[{"id":"action42","type":"key","parameters":{},"actions":[{"type":"keyDown","value":""},{"type":"pause","duration":10},{"type":"keyUp","value":""}]}]}
COMMAND: GET /session/504404daf6556c94b3cb83283ff70561/screenshot - {}
RESULT: {}
RESULT: {"actions":[{"id":"action42","type":"key","parameters":{},"actions":[{"type":"keyDown","value":""},{"type":"pause","duration":10},{"type":"keyUp","value":""}]}]}
COMMAND: GET /session/504404daf6556c94b3cb83283ff70561/screenshot - {}
RESULT: {}
RESULT: {}
COMMAND: POST /session/504404daf6556c94b3cb83283ff70561/element - {"using":"xpath","value":"//span[contains(@id ,\"application-billingtransfer-display-component---billingWorkbench--smartTableBillingRuns-header-inner\")]"}
RESULT: {"using":"xpath","value":"//span[contains(@id ,\"application-billingtransfer-display-component---billingWorkbench--smartTableBillingRuns-header-inner\")]"}
COMMAND: POST /session/504404daf6556c94b3cb83283ff70561/elements - {"using":"xpath","value":"//span[contains(@id ,\"application-billingtransfer-display-component---billingWorkbench--smartTableBillingRuns-header-inner\")]"}
RESULT: {"using":"xpath","value":"//span[contains(@id ,\"application-billingtransfer-display-component---billingWorkbench--smartTableBillingRuns-header-inner\")]"}
COMMAND: POST /session/504404daf6556c94b3cb83283ff70561/execute/sync - {"script":"<script> [56 bytes]","args":[{"element-6066-11e4-a52e-4f735466cecf":"f.74039697418B55B680EBD40CFFCF13D1.d.E5DE7F77BA7ADCD535C2F357269F6926.e.12674","ELEMENT":"f.74039697418B55B680EBD40CFFCF13D1.d.E5DE7F77BA7ADCD535C2F357269F6926.e.12674"}]}
RESULT: {"script":"<script> [56 bytes]","args":[{"element-6066-11e4-a52e-4f735466cecf":"f.74039697418B55B680EBD40CFFCF13D1.d.E5DE7F77BA7ADCD535C2F357269F6926.e.12674","ELEMENT":"f.74039697418B55B680EBD40CFFCF13D1.d.E5DE7F77BA7ADCD535C2F357269F6926.e.12674"}]}
COMMAND: POST /session/504404daf6556c94b3cb83283ff70561/element - {"using":"css selector","value":"#shell-header-logo"}
COMMAND: GET /session/504404daf6556c94b3cb83283ff70561/screenshot - {}
RESULT: {"using":"css selector","value":"#shell-header-logo"}
COMMAND: POST /session/504404daf6556c94b3cb83283ff70561/element/f.74039697418B55B680EBD40CFFCF13D1.d.E5DE7F77BA7ADCD535C2F357269F6926.e.12521/click - {}
RESULT: {}
RESULT: {}
COMMAND: GET /session/504404daf6556c94b3cb83283ff70561/screenshot - {}
RESULT: {}
COMMAND: POST /session/504404daf6556c94b3cb83283ff70561/element - {"using":"css selector","value":"#j_username"}
COMMAND: POST /session/504404daf6556c94b3cb83283ff70561/url - {"url":"https://qa-testing-00-live-etm-ui.cfapps.eu10-004.hana.ondemand.com/"}
RESULT: {"using":"css selector","value":"#j_username"}
COMMAND: POST /session/504404daf6556c94b3cb83283ff70561/element - {"using":"css selector","value":"#j_username"}
RESULT: {"url":"https://qa-testing-00-live-etm-ui.cfapps.eu10-004.hana.ondemand.com/"}
RESULT: undefined
COMMAND: GET /session/504404daf6556c94b3cb83283ff70561/screenshot - {}
RESULT: {"using":"css selector","value":"#j_username"}
COMMAND: POST /session/504404daf6556c94b3cb83283ff70561/element - {"using":"css selector","value":"#shell-header-logo"}
RESULT: {}
RESULT: {"using":"css selector","value":"#shell-header-logo"}
COMMAND: POST /session/504404daf6556c94b3cb83283ff70561/execute/sync - {"script":"<script> [8489 bytes]","args":[{"element-6066-11e4-a52e-4f735466cecf":"f.74039697418B55B680EBD40CFFCF13D1.d.F122AD0205D0513BB8F52A5BF6D11C94.e.12717","ELEMENT":"f.74039697418B55B680EBD40CFFCF13D1.d.F122AD0205D0513BB8F52A5BF6D11C94.e.12717"}]}
RESULT: {"script":"<script> [8489 bytes]","args":[{"element-6066-11e4-a52e-4f735466cecf":"f.74039697418B55B680EBD40CFFCF13D1.d.F122AD0205D0513BB8F52A5BF6D11C94.e.12717","ELEMENT":"f.74039697418B55B680EBD40CFFCF13D1.d.F122AD0205D0513BB8F52A5BF6D11C94.e.12717"}]}
COMMAND: POST /session/504404daf6556c94b3cb83283ff70561/element - {"using":"css selector","value":"#shell-header-logo"}
COMMAND: GET /session/504404daf6556c94b3cb83283ff70561/screenshot - {}
RESULT: {"using":"css selector","value":"#shell-header-logo"}
COMMAND: POST /session/504404daf6556c94b3cb83283ff70561/execute/sync - {"script":"<script> [8489 bytes]","args":[{"element-6066-11e4-a52e-4f735466cecf":"f.74039697418B55B680EBD40CFFCF13D1.d.F122AD0205D0513BB8F52A5BF6D11C94.e.12717","ELEMENT":"f.74039697418B55B680EBD40CFFCF13D1.d.F122AD0205D0513BB8F52A5BF6D11C94.e.12717"}]}
RESULT: {}
RESULT: {"script":"<script> [8489 bytes]","args":[{"element-6066-11e4-a52e-4f735466cecf":"f.74039697418B55B680EBD40CFFCF13D1.d.F122AD0205D0513BB8F52A5BF6D11C94.e.12717","ELEMENT":"f.74039697418B55B680EBD40CFFCF13D1.d.F122AD0205D0513BB8F52A5BF6D11C94.e.12717"}]}
COMMAND: POST /session/504404daf6556c94b3cb83283ff70561/execute/sync - {"script":"<script> [5351 bytes]","args":[{"element-6066-11e4-a52e-4f735466cecf":"f.74039697418B55B680EBD40CFFCF13D1.d.F122AD0205D0513BB8F52A5BF6D11C94.e.12717","ELEMENT":"f.74039697418B55B680EBD40CFFCF13D1.d.F122AD0205D0513BB8F52A5BF6D11C94.e.12717"}]}
COMMAND: GET /session/504404daf6556c94b3cb83283ff70561/screenshot - {}
RESULT: {"script":"<script> [5351 bytes]","args":[{"element-6066-11e4-a52e-4f735466cecf":"f.74039697418B55B680EBD40CFFCF13D1.d.F122AD0205D0513BB8F52A5BF6D11C94.e.12717","ELEMENT":"f.74039697418B55B680EBD40CFFCF13D1.d.F122AD0205D0513BB8F52A5BF6D11C94.e.12717"}]}
COMMAND: POST /session/504404daf6556c94b3cb83283ff70561/element - {"using":"css selector","value":"#shell-header-logo"}
COMMAND: GET /session/504404daf6556c94b3cb83283ff70561/screenshot - {}
RESULT: {}
RESULT: {"using":"css selector","value":"#shell-header-logo"}
COMMAND: POST /session/504404daf6556c94b3cb83283ff70561/element/f.74039697418B55B680EBD40CFFCF13D1.d.F122AD0205D0513BB8F52A5BF6D11C94.e.12717/click - {}
RESULT: {}
RESULT: {}
COMMAND: GET /session/504404daf6556c94b3cb83283ff70561/screenshot - {}
RESULT: {}
COMMAND: POST /session/504404daf6556c94b3cb83283ff70561/execute/async - {"script":"<script> [189 bytes]","args":[]}
RESULT: {"script":"<script> [189 bytes]","args":[]}
COMMAND: POST /session/504404daf6556c94b3cb83283ff70561/execute/async - {"script":"<script> [123 bytes]","args":[]}
RESULT: {"script":"<script> [123 bytes]","args":[]}
COMMAND: POST /session/504404daf6556c94b3cb83283ff70561/timeouts - {"script":"<number>"}
RESULT: {"script":"<number>"}
COMMAND: GET /session/504404daf6556c94b3cb83283ff70561/timeouts - {}
RESULT: {}
RESULT: undefined
COMMAND: POST /session/504404daf6556c94b3cb83283ff70561/execute/async - {"script":"<script> [2676 bytes]","args":[]}
RESULT: {"script":"<script> [2676 bytes]","args":[]}
COMMAND: POST /session/504404daf6556c94b3cb83283ff70561/execute/async - {"script":"<script> [2342 bytes]","args":[{"protocol":"http","hostname":"0.0.0.0","path":"/","capabilities":{"browserName":"chrome","goog:chromeOptions":{"binary":"C:\\Program Files\\Google\\Chrome\\Application\\chrome.exe","args":["--start-maximized"]}},"logLevel":"warn","connectionRetryTimeout":120000,"connectionRetryCount":3,"logLevels":{},"enableDirectConnect":true,"strictSSL":true,"_":"65 more keys: [\"cacheDir\",\"port\",\"requestedCapabilities\",\"automationProtocol\",\"baseUrl\",\"waitforInterval\",\"waitforTimeout\",\"onReload\",\"beforeCommand\",\"afterCommand\",\"rootDir\",\"specs\",\"suites\",\"exclude\",\"groupLogsByTestSpec\",\"excludeDriverLogs\",\"bail\",\"framework\",\"reporters\",\"services\",\"maxInstances\",\"maxInstancesPerCapability\",\"injectGlobals\",\"filesToWatch\",\"execArgv\",\"runnerEnv\",\"runner\",\"shard\",\"specFileRetries\",\"specFileRetriesDelay\",\"specFileRetriesDeferred\",\"reporterSyncInterval\",\"reporterSyncTimeout\",\"cucumberFeaturesWithLineNumbers\",\"autoCompileOpts\",\"mochaOpts\",\"jasmineOpts\",\"cucumberOpts\",\"onPrepare\",\"onWorkerStart\",\"onWorkerEnd\",\"before\",\"beforeSession\",\"beforeSuite\",\"beforeHook\",\"beforeTest\",\"afterTest\",\"afterHook\",\"afterSuite\",\"afterSession\",\"after\",\"onComplete\",\"beforeAssertion\",\"afterAssertion\",\"beforeFeature\",\"beforeScenario\",\"beforeStep\",\"afterStep\",\"afterScenario\",\"afterFeature\",\"_\",\"suite\",\"$0\",\"ignoredWorkerServices\",\"wdi5\"]"}]}
RESULT: {"script":"<script> [2342 bytes]","args":[{"protocol":"http","hostname":"0.0.0.0","path":"/","capabilities":{"browserName":"chrome","goog:chromeOptions":{"binary":"C:\\Program Files\\Google\\Chrome\\Application\\chrome.exe","args":["--start-maximized"]}},"logLevel":"warn","connectionRetryTimeout":120000,"connectionRetryCount":3,"logLevels":{},"enableDirectConnect":true,"strictSSL":true,"_":"65 more keys: [\"cacheDir\",\"port\",\"requestedCapabilities\",\"automationProtocol\",\"baseUrl\",\"waitforInterval\",\"waitforTimeout\",\"onReload\",\"beforeCommand\",\"afterCommand\",\"rootDir\",\"specs\",\"suites\",\"exclude\",\"groupLogsByTestSpec\",\"excludeDriverLogs\",\"bail\",\"framework\",\"reporters\",\"services\",\"maxInstances\",\"maxInstancesPerCapability\",\"injectGlobals\",\"filesToWatch\",\"execArgv\",\"runnerEnv\",\"runner\",\"shard\",\"specFileRetries\",\"specFileRetriesDelay\",\"specFileRetriesDeferred\",\"reporterSyncInterval\",\"reporterSyncTimeout\",\"cucumberFeaturesWithLineNumbers\",\"autoCompileOpts\",\"mochaOpts\",\"jasmineOpts\",\"cucumberOpts\",\"onPrepare\",\"onWorkerStart\",\"onWorkerEnd\",\"before\",\"beforeSession\",\"beforeSuite\",\"beforeHook\",\"beforeTest\",\"afterTest\",\"afterHook\",\"afterSuite\",\"afterSession\",\"after\",\"onComplete\",\"beforeAssertion\",\"afterAssertion\",\"beforeFeature\",\"beforeScenario\",\"beforeStep\",\"afterStep\",\"afterScenario\",\"afterFeature\",\"_\",\"suite\",\"$0\",\"ignoredWorkerServices\",\"wdi5\"]"}]}
COMMAND: POST /session/504404daf6556c94b3cb83283ff70561/execute/async - {"script":"<script> [21126 bytes]","args":[35000]}
RESULT: {"script":"<script> [21126 bytes]","args":[35000]}
COMMAND: POST /session/504404daf6556c94b3cb83283ff70561/window/maximize - {}
RESULT: {}
COMMAND: POST /session/504404daf6556c94b3cb83283ff70561/execute/async - {"script":"<script> [1562 bytes]","args":[{"selector":{"id":"shell-header","interaction":{"idSuffix":"icon"}},"wdio_ui5_key":"shellheader"}]}
COMMAND: GET /session/504404daf6556c94b3cb83283ff70561/screenshot - {}
RESULT: {"script":"<script> [1562 bytes]","args":[{"selector":{"id":"shell-header","interaction":{"idSuffix":"icon"}},"wdio_ui5_key":"shellheader"}]}
RESULT: undefined
COMMAND: POST /session/504404daf6556c94b3cb83283ff70561/refresh - {}
RESULT: {}
RESULT: {}
COMMAND: GET /session/504404daf6556c94b3cb83283ff70561/screenshot - {}
RESULT: {}
COMMAND: POST /session/504404daf6556c94b3cb83283ff70561/refresh - {}
RESULT: {}
COMMAND: GET /session/504404daf6556c94b3cb83283ff70561/screenshot - {}
RESULT: {}
COMMAND: POST /session/504404daf6556c94b3cb83283ff70561/window/fullscreen - {}
RESULT: {}
COMMAND: POST /session/504404daf6556c94b3cb83283ff70561/execute/async - {"script":"<script> [189 bytes]","args":[]}
RESULT: {"script":"<script> [189 bytes]","args":[]}
COMMAND: POST /session/504404daf6556c94b3cb83283ff70561/execute/async - {"script":"<script> [123 bytes]","args":[]}
RESULT: {"script":"<script> [123 bytes]","args":[]}
COMMAND: POST /session/504404daf6556c94b3cb83283ff70561/timeouts - {"script":"<number>"}
RESULT: {"script":"<number>"}
COMMAND: GET /session/504404daf6556c94b3cb83283ff70561/timeouts - {}
RESULT: {}
RESULT: undefined
COMMAND: POST /session/504404daf6556c94b3cb83283ff70561/execute/async - {"script":"<script> [2676 bytes]","args":[]}
RESULT: {"script":"<script> [2676 bytes]","args":[]}
COMMAND: POST /session/504404daf6556c94b3cb83283ff70561/execute/async - {"script":"<script> [2342 bytes]","args":[{"protocol":"http","hostname":"0.0.0.0","path":"/","capabilities":{"browserName":"chrome","goog:chromeOptions":{"binary":"C:\\Program Files\\Google\\Chrome\\Application\\chrome.exe","args":["--start-maximized"]}},"logLevel":"warn","connectionRetryTimeout":120000,"connectionRetryCount":3,"logLevels":{},"enableDirectConnect":true,"strictSSL":true,"_":"65 more keys: [\"cacheDir\",\"port\",\"requestedCapabilities\",\"automationProtocol\",\"baseUrl\",\"waitforInterval\",\"waitforTimeout\",\"onReload\",\"beforeCommand\",\"afterCommand\",\"rootDir\",\"specs\",\"suites\",\"exclude\",\"groupLogsByTestSpec\",\"excludeDriverLogs\",\"bail\",\"framework\",\"reporters\",\"services\",\"maxInstances\",\"maxInstancesPerCapability\",\"injectGlobals\",\"filesToWatch\",\"execArgv\",\"runnerEnv\",\"runner\",\"shard\",\"specFileRetries\",\"specFileRetriesDelay\",\"specFileRetriesDeferred\",\"reporterSyncInterval\",\"reporterSyncTimeout\",\"cucumberFeaturesWithLineNumbers\",\"autoCompileOpts\",\"mochaOpts\",\"jasmineOpts\",\"cucumberOpts\",\"onPrepare\",\"onWorkerStart\",\"onWorkerEnd\",\"before\",\"beforeSession\",\"beforeSuite\",\"beforeHook\",\"beforeTest\",\"afterTest\",\"afterHook\",\"afterSuite\",\"afterSession\",\"after\",\"onComplete\",\"beforeAssertion\",\"afterAssertion\",\"beforeFeature\",\"beforeScenario\",\"beforeStep\",\"afterStep\",\"afterScenario\",\"afterFeature\",\"_\",\"suite\",\"$0\",\"ignoredWorkerServices\",\"wdi5\"]"}]}
RESULT: {"script":"<script> [2342 bytes]","args":[{"protocol":"http","hostname":"0.0.0.0","path":"/","capabilities":{"browserName":"chrome","goog:chromeOptions":{"binary":"C:\\Program Files\\Google\\Chrome\\Application\\chrome.exe","args":["--start-maximized"]}},"logLevel":"warn","connectionRetryTimeout":120000,"connectionRetryCount":3,"logLevels":{},"enableDirectConnect":true,"strictSSL":true,"_":"65 more keys: [\"cacheDir\",\"port\",\"requestedCapabilities\",\"automationProtocol\",\"baseUrl\",\"waitforInterval\",\"waitforTimeout\",\"onReload\",\"beforeCommand\",\"afterCommand\",\"rootDir\",\"specs\",\"suites\",\"exclude\",\"groupLogsByTestSpec\",\"excludeDriverLogs\",\"bail\",\"framework\",\"reporters\",\"services\",\"maxInstances\",\"maxInstancesPerCapability\",\"injectGlobals\",\"filesToWatch\",\"execArgv\",\"runnerEnv\",\"runner\",\"shard\",\"specFileRetries\",\"specFileRetriesDelay\",\"specFileRetriesDeferred\",\"reporterSyncInterval\",\"reporterSyncTimeout\",\"cucumberFeaturesWithLineNumbers\",\"autoCompileOpts\",\"mochaOpts\",\"jasmineOpts\",\"cucumberOpts\",\"onPrepare\",\"onWorkerStart\",\"onWorkerEnd\",\"before\",\"beforeSession\",\"beforeSuite\",\"beforeHook\",\"beforeTest\",\"afterTest\",\"afterHook\",\"afterSuite\",\"afterSession\",\"after\",\"onComplete\",\"beforeAssertion\",\"afterAssertion\",\"beforeFeature\",\"beforeScenario\",\"beforeStep\",\"afterStep\",\"afterScenario\",\"afterFeature\",\"_\",\"suite\",\"$0\",\"ignoredWorkerServices\",\"wdi5\"]"}]}
COMMAND: POST /session/504404daf6556c94b3cb83283ff70561/execute/async - {"script":"<script> [21126 bytes]","args":[35000]}
RESULT: {"script":"<script> [21126 bytes]","args":[35000]}
]]></system-out>
    </testcase>
  </testsuite>
  <testsuite timestamp="2025-04-21T17:55:59" time="742.502" tests="12" failures="0" errors="0" skipped="0">
    <properties>
      <property name="specId" value="0"/>
      <property name="suiteName" value="Billing transfer US117289"/>
      <property name="capabilities" value="chrome.135_0_7049_42.windows"/>
      <property name="file" value="file:///D:/a/1/s/test/specs/BTS/billing-transfer.spec.js"/>
    </properties>
    <testcase classname="chrome.135_0_7049_42.windows.Billing_transfer_US117289" name="Should create a new yard" time="0.021">
      <system-out><![CDATA[
COMMAND: POST /session/504404daf6556c94b3cb83283ff70561/window/fullscreen - {}
RESULT: {}
]]></system-out>
    </testcase>
    <testcase classname="chrome.135_0_7049_42.windows.Billing_transfer_US117289" name="Should create a new partner" time="0.004"/>
    <testcase classname="chrome.135_0_7049_42.windows.Billing_transfer_US117289" name="Should create a new site" time="0.004"/>
    <testcase classname="chrome.135_0_7049_42.windows.Billing_transfer_US117289" name="Should create a new equipment" time="137.249">
      <system-out><![CDATA[
COMMAND: POST /session/504404daf6556c94b3cb83283ff70561/execute/async - {"script":"<script> [1562 bytes]","args":[{"selector":{"controlType":"sap.m.GenericTile","properties":{"header":"Manage Resources"}},"wdio_ui5_key":"sapm.GenericTile{\"header\":\"Manage Resources\"}"}]}
RESULT: {"script":"<script> [1562 bytes]","args":[{"selector":{"controlType":"sap.m.GenericTile","properties":{"header":"Manage Resources"}},"wdio_ui5_key":"sapm.GenericTile{\"header\":\"Manage Resources\"}"}]}
RESULT: undefined
COMMAND: POST /session/504404daf6556c94b3cb83283ff70561/element - {"using":"xpath","value":"//*[@id=\"__tile39\"]"}
RESULT: {"using":"xpath","value":"//*[@id=\"__tile39\"]"}
COMMAND: POST /session/504404daf6556c94b3cb83283ff70561/element/f.74039697418B55B680EBD40CFFCF13D1.d.22D60C0167782714B00CCC936986DFC9.e.12869/click - {}
RESULT: {}
COMMAND: POST /session/504404daf6556c94b3cb83283ff70561/element - {"using":"xpath","value":"//button[@data-kt=\"addNewRUOverflowToolbarButton\"]"}
COMMAND: GET /session/504404daf6556c94b3cb83283ff70561/screenshot - {}
RESULT: {"using":"xpath","value":"//button[@data-kt=\"addNewRUOverflowToolbarButton\"]"}
COMMAND: POST /session/504404daf6556c94b3cb83283ff70561/elements - {"using":"xpath","value":"//button[@data-kt=\"addNewRUOverflowToolbarButton\"]"}
RESULT: {}
RESULT: {"using":"xpath","value":"//button[@data-kt=\"addNewRUOverflowToolbarButton\"]"}
COMMAND: POST /session/504404daf6556c94b3cb83283ff70561/elements - {"using":"xpath","value":"//button[@data-kt=\"addNewRUOverflowToolbarButton\"]"}
RESULT: {"using":"xpath","value":"//button[@data-kt=\"addNewRUOverflowToolbarButton\"]"}
COMMAND: POST /session/504404daf6556c94b3cb83283ff70561/elements - {"using":"xpath","value":"//button[@data-kt=\"addNewRUOverflowToolbarButton\"]"}
RESULT: undefined
RESULT: {"using":"xpath","value":"//button[@data-kt=\"addNewRUOverflowToolbarButton\"]"}
COMMAND: POST /session/504404daf6556c94b3cb83283ff70561/elements - {"using":"xpath","value":"//button[@data-kt=\"addNewRUOverflowToolbarButton\"]"}
RESULT: {"using":"xpath","value":"//button[@data-kt=\"addNewRUOverflowToolbarButton\"]"}
COMMAND: POST /session/504404daf6556c94b3cb83283ff70561/elements - {"using":"xpath","value":"//button[@data-kt=\"addNewRUOverflowToolbarButton\"]"}
RESULT: {"using":"xpath","value":"//button[@data-kt=\"addNewRUOverflowToolbarButton\"]"}
COMMAND: POST /session/504404daf6556c94b3cb83283ff70561/elements - {"using":"xpath","value":"//button[@data-kt=\"addNewRUOverflowToolbarButton\"]"}
RESULT: {"using":"xpath","value":"//button[@data-kt=\"addNewRUOverflowToolbarButton\"]"}
COMMAND: POST /session/504404daf6556c94b3cb83283ff70561/elements - {"using":"xpath","value":"//button[@data-kt=\"addNewRUOverflowToolbarButton\"]"}
RESULT: {"using":"xpath","value":"//button[@data-kt=\"addNewRUOverflowToolbarButton\"]"}
COMMAND: POST /session/504404daf6556c94b3cb83283ff70561/elements - {"using":"xpath","value":"//button[@data-kt=\"addNewRUOverflowToolbarButton\"]"}
RESULT: {"using":"xpath","value":"//button[@data-kt=\"addNewRUOverflowToolbarButton\"]"}
COMMAND: POST /session/504404daf6556c94b3cb83283ff70561/elements - {"using":"xpath","value":"//button[@data-kt=\"addNewRUOverflowToolbarButton\"]"}
RESULT: {"using":"xpath","value":"//button[@data-kt=\"addNewRUOverflowToolbarButton\"]"}
COMMAND: POST /session/504404daf6556c94b3cb83283ff70561/elements - {"using":"xpath","value":"//button[@data-kt=\"addNewRUOverflowToolbarButton\"]"}
RESULT: {"using":"xpath","value":"//button[@data-kt=\"addNewRUOverflowToolbarButton\"]"}
COMMAND: POST /session/504404daf6556c94b3cb83283ff70561/elements - {"using":"xpath","value":"//button[@data-kt=\"addNewRUOverflowToolbarButton\"]"}
RESULT: {"using":"xpath","value":"//button[@data-kt=\"addNewRUOverflowToolbarButton\"]"}
COMMAND: POST /session/504404daf6556c94b3cb83283ff70561/elements - {"using":"xpath","value":"//button[@data-kt=\"addNewRUOverflowToolbarButton\"]"}
RESULT: {"using":"xpath","value":"//button[@data-kt=\"addNewRUOverflowToolbarButton\"]"}
COMMAND: POST /session/504404daf6556c94b3cb83283ff70561/elements - {"using":"xpath","value":"//button[@data-kt=\"addNewRUOverflowToolbarButton\"]"}
RESULT: {"using":"xpath","value":"//button[@data-kt=\"addNewRUOverflowToolbarButton\"]"}
COMMAND: POST /session/504404daf6556c94b3cb83283ff70561/elements - {"using":"xpath","value":"//button[@data-kt=\"addNewRUOverflowToolbarButton\"]"}
RESULT: {"using":"xpath","value":"//button[@data-kt=\"addNewRUOverflowToolbarButton\"]"}
COMMAND: POST /session/504404daf6556c94b3cb83283ff70561/elements - {"using":"xpath","value":"//button[@data-kt=\"addNewRUOverflowToolbarButton\"]"}
RESULT: {"using":"xpath","value":"//button[@data-kt=\"addNewRUOverflowToolbarButton\"]"}
COMMAND: POST /session/504404daf6556c94b3cb83283ff70561/elements - {"using":"xpath","value":"//button[@data-kt=\"addNewRUOverflowToolbarButton\"]"}
RESULT: {"using":"xpath","value":"//button[@data-kt=\"addNewRUOverflowToolbarButton\"]"}
COMMAND: POST /session/504404daf6556c94b3cb83283ff70561/elements - {"using":"xpath","value":"//button[@data-kt=\"addNewRUOverflowToolbarButton\"]"}
RESULT: {"using":"xpath","value":"//button[@data-kt=\"addNewRUOverflowToolbarButton\"]"}
COMMAND: POST /session/504404daf6556c94b3cb83283ff70561/elements - {"using":"xpath","value":"//button[@data-kt=\"addNewRUOverflowToolbarButton\"]"}
RESULT: {"using":"xpath","value":"//button[@data-kt=\"addNewRUOverflowToolbarButton\"]"}
COMMAND: POST /session/504404daf6556c94b3cb83283ff70561/element - {"using":"xpath","value":"//button[@data-kt=\"addNewRUOverflowToolbarButton\"]"}
RESULT: {"using":"xpath","value":"//button[@data-kt=\"addNewRUOverflowToolbarButton\"]"}
COMMAND: POST /session/504404daf6556c94b3cb83283ff70561/execute/sync - {"script":"<script> [8489 bytes]","args":[{"element-6066-11e4-a52e-4f735466cecf":"f.74039697418B55B680EBD40CFFCF13D1.d.22D60C0167782714B00CCC936986DFC9.e.13024","ELEMENT":"f.74039697418B55B680EBD40CFFCF13D1.d.22D60C0167782714B00CCC936986DFC9.e.13024"}]}
RESULT: {"script":"<script> [8489 bytes]","args":[{"element-6066-11e4-a52e-4f735466cecf":"f.74039697418B55B680EBD40CFFCF13D1.d.22D60C0167782714B00CCC936986DFC9.e.13024","ELEMENT":"f.74039697418B55B680EBD40CFFCF13D1.d.22D60C0167782714B00CCC936986DFC9.e.13024"}]}
COMMAND: GET /session/504404daf6556c94b3cb83283ff70561/element/f.74039697418B55B680EBD40CFFCF13D1.d.22D60C0167782714B00CCC936986DFC9.e.13024/enabled - {}
COMMAND: GET /session/504404daf6556c94b3cb83283ff70561/screenshot - {}
RESULT: {}
COMMAND: POST /session/504404daf6556c94b3cb83283ff70561/execute/sync - {"script":"<script> [8489 bytes]","args":[{"element-6066-11e4-a52e-4f735466cecf":"f.74039697418B55B680EBD40CFFCF13D1.d.22D60C0167782714B00CCC936986DFC9.e.13024","ELEMENT":"f.74039697418B55B680EBD40CFFCF13D1.d.22D60C0167782714B00CCC936986DFC9.e.13024"}]}
COMMAND: GET /session/504404daf6556c94b3cb83283ff70561/screenshot - {}
RESULT: {}
RESULT: {"script":"<script> [8489 bytes]","args":[{"element-6066-11e4-a52e-4f735466cecf":"f.74039697418B55B680EBD40CFFCF13D1.d.22D60C0167782714B00CCC936986DFC9.e.13024","ELEMENT":"f.74039697418B55B680EBD40CFFCF13D1.d.22D60C0167782714B00CCC936986DFC9.e.13024"}]}
COMMAND: POST /session/504404daf6556c94b3cb83283ff70561/execute/sync - {"script":"<script> [5351 bytes]","args":[{"element-6066-11e4-a52e-4f735466cecf":"f.74039697418B55B680EBD40CFFCF13D1.d.22D60C0167782714B00CCC936986DFC9.e.13024","ELEMENT":"f.74039697418B55B680EBD40CFFCF13D1.d.22D60C0167782714B00CCC936986DFC9.e.13024"}]}
COMMAND: GET /session/504404daf6556c94b3cb83283ff70561/screenshot - {}
RESULT: {}
RESULT: {"script":"<script> [5351 bytes]","args":[{"element-6066-11e4-a52e-4f735466cecf":"f.74039697418B55B680EBD40CFFCF13D1.d.22D60C0167782714B00CCC936986DFC9.e.13024","ELEMENT":"f.74039697418B55B680EBD40CFFCF13D1.d.22D60C0167782714B00CCC936986DFC9.e.13024"}]}
COMMAND: POST /session/504404daf6556c94b3cb83283ff70561/element/f.74039697418B55B680EBD40CFFCF13D1.d.22D60C0167782714B00CCC936986DFC9.e.13024/click - {}
COMMAND: GET /session/504404daf6556c94b3cb83283ff70561/screenshot - {}
RESULT: {}
RESULT: {}
COMMAND: GET /session/504404daf6556c94b3cb83283ff70561/screenshot - {}
RESULT: {}
COMMAND: POST /session/504404daf6556c94b3cb83283ff70561/execute/async - {"script":"<script> [1562 bytes]","args":[{"selector":{"id":"application-manageresources-display-component---newResourceUnit--TYPE-arrow"},"wdio_ui5_key":"applicationmanageresources-display-component---newResourceUnit--TYPE-arrow"}]}
RESULT: {}
RESULT: {"script":"<script> [1562 bytes]","args":[{"selector":{"id":"application-manageresources-display-component---newResourceUnit--TYPE-arrow"},"wdio_ui5_key":"applicationmanageresources-display-component---newResourceUnit--TYPE-arrow"}]}
RESULT: undefined
COMMAND: POST /session/504404daf6556c94b3cb83283ff70561/element - {"using":"xpath","value":"//*[@id=\"application-manageresources-display-component---newResourceUnit--TYPE-arrow\"]"}
RESULT: {"using":"xpath","value":"//*[@id=\"application-manageresources-display-component---newResourceUnit--TYPE-arrow\"]"}
COMMAND: POST /session/504404daf6556c94b3cb83283ff70561/element/f.74039697418B55B680EBD40CFFCF13D1.d.22D60C0167782714B00CCC936986DFC9.e.13370/click - {}
RESULT: {}
COMMAND: POST /session/504404daf6556c94b3cb83283ff70561/element - {"using":"xpath","value":"//input[@id=\"application-manageresources-display-component---newResourceUnit--TYPE-inner\"]"}
COMMAND: GET /session/504404daf6556c94b3cb83283ff70561/screenshot - {}
RESULT: {"using":"xpath","value":"//input[@id=\"application-manageresources-display-component---newResourceUnit--TYPE-inner\"]"}
COMMAND: POST /session/504404daf6556c94b3cb83283ff70561/element/f.74039697418B55B680EBD40CFFCF13D1.d.22D60C0167782714B00CCC936986DFC9.e.13365/clear - {}
RESULT: {}
RESULT: {}
COMMAND: POST /session/504404daf6556c94b3cb83283ff70561/element/f.74039697418B55B680EBD40CFFCF13D1.d.22D60C0167782714B00CCC936986DFC9.e.13365/value - {"text":"Equipment"}
COMMAND: GET /session/504404daf6556c94b3cb83283ff70561/screenshot - {}
RESULT: {"text":"Equipment"}
COMMAND: GET /session/504404daf6556c94b3cb83283ff70561/screenshot - {}
RESULT: {}
RESULT: {}
COMMAND: POST /session/504404daf6556c94b3cb83283ff70561/actions - {"actions":[{"id":"action43","type":"key","parameters":{},"actions":[{"type":"keyDown","value":""},{"type":"pause","duration":10},{"type":"keyUp","value":""}]}]}
RESULT: {"actions":[{"id":"action43","type":"key","parameters":{},"actions":[{"type":"keyDown","value":""},{"type":"pause","duration":10},{"type":"keyUp","value":""}]}]}
COMMAND: POST /session/504404daf6556c94b3cb83283ff70561/execute/async - {"script":"<script> [1562 bytes]","args":[{"selector":{"id":"application-manageresources-display-component---newResourceUnit--resourceId","interaction":{"idSuffix":"inner"}},"wdio_ui5_key":"applicationmanageresources-display-component---newResourceUnit--resourceId"}]}
COMMAND: GET /session/504404daf6556c94b3cb83283ff70561/screenshot - {}
RESULT: {"script":"<script> [1562 bytes]","args":[{"selector":{"id":"application-manageresources-display-component---newResourceUnit--resourceId","interaction":{"idSuffix":"inner"}},"wdio_ui5_key":"applicationmanageresources-display-component---newResourceUnit--resourceId"}]}
RESULT: undefined
COMMAND: POST /session/504404daf6556c94b3cb83283ff70561/execute/async - {"script":"<script> [776 bytes]","args":[{"enterText":"0nJBZbbSZy","selector":{"id":"application-manageresources-display-component---newResourceUnit--resourceId","interaction":{"idSuffix":"inner"}},"clearTextFirst":true,"interactionType":"ENTER_TEXT"}]}
RESULT: {}
RESULT: {"script":"<script> [776 bytes]","args":[{"enterText":"0nJBZbbSZy","selector":{"id":"application-manageresources-display-component---newResourceUnit--resourceId","interaction":{"idSuffix":"inner"}},"clearTextFirst":true,"interactionType":"ENTER_TEXT"}]}
COMMAND: POST /session/504404daf6556c94b3cb83283ff70561/execute/async - {"script":"<script> [1562 bytes]","args":[{"selector":{"id":"application-manageresources-display-component---newResourceUnit--SHORT_TEXT","interaction":{"idSuffix":"inner"}},"wdio_ui5_key":"applicationmanageresources-display-component---newResourceUnit--SHORT_TEXT"}]}
RESULT: {"script":"<script> [1562 bytes]","args":[{"selector":{"id":"application-manageresources-display-component---newResourceUnit--SHORT_TEXT","interaction":{"idSuffix":"inner"}},"wdio_ui5_key":"applicationmanageresources-display-component---newResourceUnit--SHORT_TEXT"}]}
RESULT: undefined
COMMAND: POST /session/504404daf6556c94b3cb83283ff70561/execute/async - {"script":"<script> [776 bytes]","args":[{"enterText":"Intercompany Equipment WDIO","selector":{"id":"application-manageresources-display-component---newResourceUnit--SHORT_TEXT","interaction":{"idSuffix":"inner"}},"clearTextFirst":true,"interactionType":"ENTER_TEXT"}]}
RESULT: {"script":"<script> [776 bytes]","args":[{"enterText":"Intercompany Equipment WDIO","selector":{"id":"application-manageresources-display-component---newResourceUnit--SHORT_TEXT","interaction":{"idSuffix":"inner"}},"clearTextFirst":true,"interactionType":"ENTER_TEXT"}]}
COMMAND: POST /session/504404daf6556c94b3cb83283ff70561/execute/async - {"script":"<script> [1562 bytes]","args":[{"selector":{"id":"application-manageresources-display-component---newResourceUnit--BASE_UNIT_OF_MEASURE","interaction":{"idSuffix":"inner"}},"wdio_ui5_key":"applicationmanageresources-display-component---newResourceUnit--BASE_UNIT_OF_MEASURE"}]}
RESULT: {"script":"<script> [1562 bytes]","args":[{"selector":{"id":"application-manageresources-display-component---newResourceUnit--BASE_UNIT_OF_MEASURE","interaction":{"idSuffix":"inner"}},"wdio_ui5_key":"applicationmanageresources-display-component---newResourceUnit--BASE_UNIT_OF_MEASURE"}]}
RESULT: undefined
COMMAND: POST /session/504404daf6556c94b3cb83283ff70561/execute/async - {"script":"<script> [776 bytes]","args":[{"enterText":"Piece","selector":{"id":"application-manageresources-display-component---newResourceUnit--BASE_UNIT_OF_MEASURE","interaction":{"idSuffix":"inner"}},"clearTextFirst":true,"interactionType":"ENTER_TEXT"}]}
RESULT: {"script":"<script> [776 bytes]","args":[{"enterText":"Piece","selector":{"id":"application-manageresources-display-component---newResourceUnit--BASE_UNIT_OF_MEASURE","interaction":{"idSuffix":"inner"}},"clearTextFirst":true,"interactionType":"ENTER_TEXT"}]}
COMMAND: POST /session/504404daf6556c94b3cb83283ff70561/execute/async - {"script":"<script> [1562 bytes]","args":[{"selector":{"id":"application-manageresources-display-component---newResourceUnit--WEIGHT_UNIT","interaction":{"idSuffix":"inner"}},"wdio_ui5_key":"applicationmanageresources-display-component---newResourceUnit--WEIGHT_UNIT"}]}
RESULT: {"script":"<script> [1562 bytes]","args":[{"selector":{"id":"application-manageresources-display-component---newResourceUnit--WEIGHT_UNIT","interaction":{"idSuffix":"inner"}},"wdio_ui5_key":"applicationmanageresources-display-component---newResourceUnit--WEIGHT_UNIT"}]}
RESULT: undefined
COMMAND: POST /session/504404daf6556c94b3cb83283ff70561/execute/async - {"script":"<script> [776 bytes]","args":[{"enterText":"Gram","selector":{"id":"application-manageresources-display-component---newResourceUnit--WEIGHT_UNIT","interaction":{"idSuffix":"inner"}},"clearTextFirst":true,"interactionType":"ENTER_TEXT"}]}
RESULT: {"script":"<script> [776 bytes]","args":[{"enterText":"Gram","selector":{"id":"application-manageresources-display-component---newResourceUnit--WEIGHT_UNIT","interaction":{"idSuffix":"inner"}},"clearTextFirst":true,"interactionType":"ENTER_TEXT"}]}
COMMAND: POST /session/504404daf6556c94b3cb83283ff70561/execute/async - {"script":"<script> [1562 bytes]","args":[{"selector":{"id":"application-manageresources-display-component---newResourceUnit--DIMENSION_UNIT","interaction":{"idSuffix":"inner"}},"wdio_ui5_key":"applicationmanageresources-display-component---newResourceUnit--DIMENSION_UNIT"}]}
RESULT: {"script":"<script> [1562 bytes]","args":[{"selector":{"id":"application-manageresources-display-component---newResourceUnit--DIMENSION_UNIT","interaction":{"idSuffix":"inner"}},"wdio_ui5_key":"applicationmanageresources-display-component---newResourceUnit--DIMENSION_UNIT"}]}
RESULT: undefined
COMMAND: POST /session/504404daf6556c94b3cb83283ff70561/execute/async - {"script":"<script> [776 bytes]","args":[{"enterText":"Meter","selector":{"id":"application-manageresources-display-component---newResourceUnit--DIMENSION_UNIT","interaction":{"idSuffix":"inner"}},"clearTextFirst":true,"interactionType":"ENTER_TEXT"}]}
RESULT: {"script":"<script> [776 bytes]","args":[{"enterText":"Meter","selector":{"id":"application-manageresources-display-component---newResourceUnit--DIMENSION_UNIT","interaction":{"idSuffix":"inner"}},"clearTextFirst":true,"interactionType":"ENTER_TEXT"}]}
COMMAND: POST /session/504404daf6556c94b3cb83283ff70561/execute/async - {"script":"<script> [1562 bytes]","args":[{"selector":{"id":"application-manageresources-display-component---newResourceUnit--newRRUPage-anchBar-application-manageresources-display-component---newResourceUnit--control-anchor","interaction":{"idSuffix":"BDI-content"}},"wdio_ui5_key":"applicationmanageresources-display-component---newResourceUnit--newRRUPage-anchBar-application-manageresources-display-component---newResourceUnit--control-anchor"}]}
RESULT: {"script":"<script> [1562 bytes]","args":[{"selector":{"id":"application-manageresources-display-component---newResourceUnit--newRRUPage-anchBar-application-manageresources-display-component---newResourceUnit--control-anchor","interaction":{"idSuffix":"BDI-content"}},"wdio_ui5_key":"applicationmanageresources-display-component---newResourceUnit--newRRUPage-anchBar-application-manageresources-display-component---newResourceUnit--control-anchor"}]}
RESULT: undefined
COMMAND: POST /session/504404daf6556c94b3cb83283ff70561/element - {"using":"xpath","value":"//*[@id=\"application-manageresources-display-component---newResourceUnit--newRRUPage-anchBar-application-manageresources-display-component---newResourceUnit--control-anchor\"]"}
RESULT: {"using":"xpath","value":"//*[@id=\"application-manageresources-display-component---newResourceUnit--newRRUPage-anchBar-application-manageresources-display-component---newResourceUnit--control-anchor\"]"}
COMMAND: POST /session/504404daf6556c94b3cb83283ff70561/element/f.74039697418B55B680EBD40CFFCF13D1.d.22D60C0167782714B00CCC936986DFC9.e.13504/click - {}
RESULT: {}
COMMAND: POST /session/504404daf6556c94b3cb83283ff70561/execute/async - {"script":"<script> [1562 bytes]","args":[{"selector":{"id":"application-manageresources-display-component---newResourceUnit--PLANNING_GROUP","interaction":{"idSuffix":"inner"}},"wdio_ui5_key":"applicationmanageresources-display-component---newResourceUnit--PLANNING_GROUP"}]}
COMMAND: GET /session/504404daf6556c94b3cb83283ff70561/screenshot - {}
RESULT: {"script":"<script> [1562 bytes]","args":[{"selector":{"id":"application-manageresources-display-component---newResourceUnit--PLANNING_GROUP","interaction":{"idSuffix":"inner"}},"wdio_ui5_key":"applicationmanageresources-display-component---newResourceUnit--PLANNING_GROUP"}]}
RESULT: undefined
COMMAND: POST /session/504404daf6556c94b3cb83283ff70561/execute/async - {"script":"<script> [776 bytes]","args":[{"enterText":"Heavy Equi","selector":{"id":"application-manageresources-display-component---newResourceUnit--PLANNING_GROUP","interaction":{"idSuffix":"inner"}},"clearTextFirst":true,"interactionType":"ENTER_TEXT"}]}
RESULT: {}
RESULT: {"script":"<script> [776 bytes]","args":[{"enterText":"Heavy Equi","selector":{"id":"application-manageresources-display-component---newResourceUnit--PLANNING_GROUP","interaction":{"idSuffix":"inner"}},"clearTextFirst":true,"interactionType":"ENTER_TEXT"}]}
COMMAND: POST /session/504404daf6556c94b3cb83283ff70561/execute/async - {"script":"<script> [1562 bytes]","args":[{"selector":{"id":"application-manageresources-display-component---newResourceUnit--ITEM_TYPE-arrow"},"wdio_ui5_key":"applicationmanageresources-display-component---newResourceUnit--ITEM_TYPE-arrow"}]}
RESULT: {"script":"<script> [1562 bytes]","args":[{"selector":{"id":"application-manageresources-display-component---newResourceUnit--ITEM_TYPE-arrow"},"wdio_ui5_key":"applicationmanageresources-display-component---newResourceUnit--ITEM_TYPE-arrow"}]}
RESULT: undefined
COMMAND: POST /session/504404daf6556c94b3cb83283ff70561/element - {"using":"xpath","value":"//*[@id=\"application-manageresources-display-component---newResourceUnit--ITEM_TYPE-arrow\"]"}
RESULT: {"using":"xpath","value":"//*[@id=\"application-manageresources-display-component---newResourceUnit--ITEM_TYPE-arrow\"]"}
COMMAND: POST /session/504404daf6556c94b3cb83283ff70561/element/f.74039697418B55B680EBD40CFFCF13D1.d.22D60C0167782714B00CCC936986DFC9.e.13513/click - {}
RESULT: {}
COMMAND: POST /session/504404daf6556c94b3cb83283ff70561/element - {"using":"xpath","value":"(//span[contains(text(), \"Resource Unit\")])[2]"}
COMMAND: GET /session/504404daf6556c94b3cb83283ff70561/screenshot - {}
RESULT: {"using":"xpath","value":"(//span[contains(text(), \"Resource Unit\")])[2]"}
COMMAND: POST /session/504404daf6556c94b3cb83283ff70561/element/f.74039697418B55B680EBD40CFFCF13D1.d.22D60C0167782714B00CCC936986DFC9.e.13514/click - {}
RESULT: {}
RESULT: {}
COMMAND: GET /session/504404daf6556c94b3cb83283ff70561/screenshot - {}
RESULT: {}
COMMAND: POST /session/504404daf6556c94b3cb83283ff70561/element - {"using":"css selector","value":"#application-manageresources-display-component---newResourceUnit--btnAddTimeSegment"}
RESULT: {"using":"css selector","value":"#application-manageresources-display-component---newResourceUnit--btnAddTimeSegment"}
COMMAND: GET /session/504404daf6556c94b3cb83283ff70561/element/f.74039697418B55B680EBD40CFFCF13D1.d.22D60C0167782714B00CCC936986DFC9.e.13515/rect - {}
RESULT: {}
COMMAND: GET /session/504404daf6556c94b3cb83283ff70561/window/rect - {}
RESULT: {}
COMMAND: POST /session/504404daf6556c94b3cb83283ff70561/execute/sync - {"script":"<script> [92 bytes]","args":[]}
RESULT: {"script":"<script> [92 bytes]","args":[]}
COMMAND: POST /session/504404daf6556c94b3cb83283ff70561/actions - {"actions":[{"id":"action44","type":"wheel","parameters":{},"actions":[{"type":"scroll","x":-1888,"y":-32,"deltaX":0,"deltaY":0,"duration":0,"origin":{"element-6066-11e4-a52e-4f735466cecf":"f.74039697418B55B680EBD40CFFCF13D1.d.22D60C0167782714B00CCC936986DFC9.e.13515"}}]}]}
COMMAND: GET /session/504404daf6556c94b3cb83283ff70561/screenshot - {}
RESULT: {}
COMMAND: POST /session/504404daf6556c94b3cb83283ff70561/execute/sync - {"script":"<script> [79 bytes]","args":[{"element-6066-11e4-a52e-4f735466cecf":"f.74039697418B55B680EBD40CFFCF13D1.d.22D60C0167782714B00CCC936986DFC9.e.13515","ELEMENT":"f.74039697418B55B680EBD40CFFCF13D1.d.22D60C0167782714B00CCC936986DFC9.e.13515"},{"block":"start","inline":"nearest"}]}
RESULT: {"script":"<script> [79 bytes]","args":[{"element-6066-11e4-a52e-4f735466cecf":"f.74039697418B55B680EBD40CFFCF13D1.d.22D60C0167782714B00CCC936986DFC9.e.13515","ELEMENT":"f.74039697418B55B680EBD40CFFCF13D1.d.22D60C0167782714B00CCC936986DFC9.e.13515"},{"block":"start","inline":"nearest"}]}
COMMAND: POST /session/504404daf6556c94b3cb83283ff70561/execute/async - {"script":"<script> [1562 bytes]","args":[{"selector":{"id":"application-manageresources-display-component---newResourceUnit--btnAddTimeSegment","interaction":{"idSuffix":"inner"}},"wdio_ui5_key":"applicationmanageresources-display-component---newResourceUnit--btnAddTimeSegment"}]}
COMMAND: GET /session/504404daf6556c94b3cb83283ff70561/screenshot - {}
RESULT: {"script":"<script> [1562 bytes]","args":[{"selector":{"id":"application-manageresources-display-component---newResourceUnit--btnAddTimeSegment","interaction":{"idSuffix":"inner"}},"wdio_ui5_key":"applicationmanageresources-display-component---newResourceUnit--btnAddTimeSegment"}]}
RESULT: undefined
COMMAND: POST /session/504404daf6556c94b3cb83283ff70561/element - {"using":"xpath","value":"//*[@id=\"application-manageresources-display-component---newResourceUnit--btnAddTimeSegment\"]"}
RESULT: {}
RESULT: {"using":"xpath","value":"//*[@id=\"application-manageresources-display-component---newResourceUnit--btnAddTimeSegment\"]"}
COMMAND: POST /session/504404daf6556c94b3cb83283ff70561/element/f.74039697418B55B680EBD40CFFCF13D1.d.22D60C0167782714B00CCC936986DFC9.e.13515/click - {}
RESULT: {}
COMMAND: GET /session/504404daf6556c94b3cb83283ff70561/screenshot - {}
RESULT: {}
COMMAND: POST /session/504404daf6556c94b3cb83283ff70561/element - {"using":"xpath","value":"//input[@id=\"application-manageresources-display-component---newResourceUnit--idRuTSAdmin-application-manageresources-display-component---newResourceUnit--RUTimeSegment-0-inner\"]"}
RESULT: {"using":"xpath","value":"//input[@id=\"application-manageresources-display-component---newResourceUnit--idRuTSAdmin-application-manageresources-display-component---newResourceUnit--RUTimeSegment-0-inner\"]"}
COMMAND: POST /session/504404daf6556c94b3cb83283ff70561/element/f.74039697418B55B680EBD40CFFCF13D1.d.22D60C0167782714B00CCC936986DFC9.e.13521/clear - {}
RESULT: {}
COMMAND: POST /session/504404daf6556c94b3cb83283ff70561/element/f.74039697418B55B680EBD40CFFCF13D1.d.22D60C0167782714B00CCC936986DFC9.e.13521/value - {"text":"652"}
COMMAND: GET /session/504404daf6556c94b3cb83283ff70561/screenshot - {}
RESULT: {"text":"652"}
COMMAND: GET /session/504404daf6556c94b3cb83283ff70561/screenshot - {}
RESULT: {}
RESULT: {}
COMMAND: POST /session/504404daf6556c94b3cb83283ff70561/element - {"using":"xpath","value":"//li[.//span[text()='652']]"}
RESULT: {"using":"xpath","value":"//li[.//span[text()='652']]"}
COMMAND: POST /session/504404daf6556c94b3cb83283ff70561/element/f.74039697418B55B680EBD40CFFCF13D1.d.22D60C0167782714B00CCC936986DFC9.e.13533/click - {}
RESULT: {}
COMMAND: GET /session/504404daf6556c94b3cb83283ff70561/screenshot - {}
RESULT: {}
COMMAND: POST /session/504404daf6556c94b3cb83283ff70561/element - {"using":"xpath","value":"(//span[contains(@id, \"-application-manageresources-display-component---newResourceUnit--RUTimeSegment-0-arrow\")])[6]"}
RESULT: {"using":"xpath","value":"(//span[contains(@id, \"-application-manageresources-display-component---newResourceUnit--RUTimeSegment-0-arrow\")])[6]"}
COMMAND: POST /session/504404daf6556c94b3cb83283ff70561/element/f.74039697418B55B680EBD40CFFCF13D1.d.22D60C0167782714B00CCC936986DFC9.e.13534/click - {}
RESULT: {}
COMMAND: POST /session/504404daf6556c94b3cb83283ff70561/element - {"using":"xpath","value":"//span[contains(text(), \"PM Order\")]"}
COMMAND: GET /session/504404daf6556c94b3cb83283ff70561/screenshot - {}
RESULT: {"using":"xpath","value":"//span[contains(text(), \"PM Order\")]"}
COMMAND: POST /session/504404daf6556c94b3cb83283ff70561/element/f.74039697418B55B680EBD40CFFCF13D1.d.22D60C0167782714B00CCC936986DFC9.e.13537/click - {}
RESULT: {}
RESULT: {}
COMMAND: GET /session/504404daf6556c94b3cb83283ff70561/screenshot - {}
RESULT: {}
COMMAND: POST /session/504404daf6556c94b3cb83283ff70561/element - {"using":"xpath","value":"(//span[contains(@id ,\"manageresources-display-component---newResourceUnit--RUTimeSegment-0-vhi\")])[2]"}
RESULT: {"using":"xpath","value":"(//span[contains(@id ,\"manageresources-display-component---newResourceUnit--RUTimeSegment-0-vhi\")])[2]"}
COMMAND: POST /session/504404daf6556c94b3cb83283ff70561/element/f.74039697418B55B680EBD40CFFCF13D1.d.22D60C0167782714B00CCC936986DFC9.e.13540/click - {}
RESULT: {}
COMMAND: GET /session/504404daf6556c94b3cb83283ff70561/screenshot - {}
RESULT: {}
COMMAND: POST /session/504404daf6556c94b3cb83283ff70561/execute/async - {"script":"<script> [1562 bytes]","args":[{"selector":{"controlType":"sap.m.SearchField","properties":{"placeholder":"Search"},"searchOpenDialogs":true,"interaction":{"idSuffix":"I"}},"wdio_ui5_key":"sapm.SearchField{\"placeholder\":\"Search\"}"}]}
RESULT: {"script":"<script> [1562 bytes]","args":[{"selector":{"controlType":"sap.m.SearchField","properties":{"placeholder":"Search"},"searchOpenDialogs":true,"interaction":{"idSuffix":"I"}},"wdio_ui5_key":"sapm.SearchField{\"placeholder\":\"Search\"}"}]}
RESULT: undefined
COMMAND: POST /session/504404daf6556c94b3cb83283ff70561/execute/async - {"script":"<script> [776 bytes]","args":[{"enterText":"4000360","selector":{"controlType":"sap.m.SearchField","properties":{"placeholder":"Search"},"searchOpenDialogs":true,"interaction":{"idSuffix":"I"}},"clearTextFirst":true,"interactionType":"ENTER_TEXT"}]}
RESULT: {"script":"<script> [776 bytes]","args":[{"enterText":"4000360","selector":{"controlType":"sap.m.SearchField","properties":{"placeholder":"Search"},"searchOpenDialogs":true,"interaction":{"idSuffix":"I"}},"clearTextFirst":true,"interactionType":"ENTER_TEXT"}]}
COMMAND: POST /session/504404daf6556c94b3cb83283ff70561/actions - {"actions":[{"id":"action45","type":"key","parameters":{},"actions":[{"type":"keyDown","value":""},{"type":"pause","duration":10},{"type":"keyUp","value":""}]}]}
RESULT: {"actions":[{"id":"action45","type":"key","parameters":{},"actions":[{"type":"keyDown","value":""},{"type":"pause","duration":10},{"type":"keyUp","value":""}]}]}
COMMAND: GET /session/504404daf6556c94b3cb83283ff70561/screenshot - {}
RESULT: {}
COMMAND: POST /session/504404daf6556c94b3cb83283ff70561/element - {"using":"xpath","value":"//td/div/span[contains(text(), \"BGL Vehicles\")]"}
RESULT: {"using":"xpath","value":"//td/div/span[contains(text(), \"BGL Vehicles\")]"}
COMMAND: POST /session/504404daf6556c94b3cb83283ff70561/element/f.74039697418B55B680EBD40CFFCF13D1.d.22D60C0167782714B00CCC936986DFC9.e.13560/click - {}
RESULT: {}
COMMAND: GET /session/504404daf6556c94b3cb83283ff70561/screenshot - {}
RESULT: {}
COMMAND: POST /session/504404daf6556c94b3cb83283ff70561/element - {"using":"xpath","value":"//bdi[contains(text(), \"OK\")]"}
RESULT: {"using":"xpath","value":"//bdi[contains(text(), \"OK\")]"}
COMMAND: POST /session/504404daf6556c94b3cb83283ff70561/element/f.74039697418B55B680EBD40CFFCF13D1.d.22D60C0167782714B00CCC936986DFC9.e.13561/click - {}
RESULT: {}
COMMAND: GET /session/504404daf6556c94b3cb83283ff70561/screenshot - {}
RESULT: {}
COMMAND: POST /session/504404daf6556c94b3cb83283ff70561/execute/async - {"script":"<script> [1562 bytes]","args":[{"selector":{"id":"application-manageresources-display-component---newResourceUnit--newRRUPage-anchBar-application-manageresources-display-component---newResourceUnit--resource-anchor","interaction":{"idSuffix":"BDI-content"}},"wdio_ui5_key":"applicationmanageresources-display-component---newResourceUnit--newRRUPage-anchBar-application-manageresources-display-component---newResourceUnit--resource-anchor"}]}
RESULT: {"script":"<script> [1562 bytes]","args":[{"selector":{"id":"application-manageresources-display-component---newResourceUnit--newRRUPage-anchBar-application-manageresources-display-component---newResourceUnit--resource-anchor","interaction":{"idSuffix":"BDI-content"}},"wdio_ui5_key":"applicationmanageresources-display-component---newResourceUnit--newRRUPage-anchBar-application-manageresources-display-component---newResourceUnit--resource-anchor"}]}
RESULT: undefined
COMMAND: POST /session/504404daf6556c94b3cb83283ff70561/element - {"using":"xpath","value":"//*[@id=\"application-manageresources-display-component---newResourceUnit--newRRUPage-anchBar-application-manageresources-display-component---newResourceUnit--resource-anchor\"]"}
RESULT: {"using":"xpath","value":"//*[@id=\"application-manageresources-display-component---newResourceUnit--newRRUPage-anchBar-application-manageresources-display-component---newResourceUnit--resource-anchor\"]"}
COMMAND: POST /session/504404daf6556c94b3cb83283ff70561/element/f.74039697418B55B680EBD40CFFCF13D1.d.22D60C0167782714B00CCC936986DFC9.e.13565/click - {}
RESULT: {}
COMMAND: POST /session/504404daf6556c94b3cb83283ff70561/execute/async - {"script":"<script> [1562 bytes]","args":[{"selector":{"id":"application-manageresources-display-component---newResourceUnit--PLANNED_DELIVERY_DATE","interaction":{"idSuffix":"inner"}},"wdio_ui5_key":"applicationmanageresources-display-component---newResourceUnit--PLANNED_DELIVERY_DATE"}]}
COMMAND: GET /session/504404daf6556c94b3cb83283ff70561/screenshot - {}
RESULT: {"script":"<script> [1562 bytes]","args":[{"selector":{"id":"application-manageresources-display-component---newResourceUnit--PLANNED_DELIVERY_DATE","interaction":{"idSuffix":"inner"}},"wdio_ui5_key":"applicationmanageresources-display-component---newResourceUnit--PLANNED_DELIVERY_DATE"}]}
RESULT: undefined
COMMAND: POST /session/504404daf6556c94b3cb83283ff70561/execute/async - {"script":"<script> [6424 bytes]","args":[{"element-6066-11e4-a52e-4f735466cecf":"f.74039697418B55B680EBD40CFFCF13D1.d.22D60C0167782714B00CCC936986DFC9.e.13426"},"setValue",["4/21/25"]]}
RESULT: {}
RESULT: {"script":"<script> [6424 bytes]","args":[{"element-6066-11e4-a52e-4f735466cecf":"f.74039697418B55B680EBD40CFFCF13D1.d.22D60C0167782714B00CCC936986DFC9.e.13426"},"setValue",["4/21/25"]]}
COMMAND: POST /session/504404daf6556c94b3cb83283ff70561/element - {"using":"xpath","value":"//button[@data-kt=\"resourceUnitSaveButton\"]"}
RESULT: {"using":"xpath","value":"//button[@data-kt=\"resourceUnitSaveButton\"]"}
COMMAND: POST /session/504404daf6556c94b3cb83283ff70561/element/f.74039697418B55B680EBD40CFFCF13D1.d.22D60C0167782714B00CCC936986DFC9.e.13386/click - {}
RESULT: {}
COMMAND: GET /session/504404daf6556c94b3cb83283ff70561/screenshot - {}
RESULT: {}
COMMAND: POST /session/504404daf6556c94b3cb83283ff70561/element - {"using":"xpath","value":"//bdi[contains(text(), \"Close\")]"}
RESULT: {"using":"xpath","value":"//bdi[contains(text(), \"Close\")]"}
COMMAND: POST /session/504404daf6556c94b3cb83283ff70561/element/f.74039697418B55B680EBD40CFFCF13D1.d.22D60C0167782714B00CCC936986DFC9.e.13573/click - {}
RESULT: {}
COMMAND: GET /session/504404daf6556c94b3cb83283ff70561/screenshot - {}
RESULT: {}
COMMAND: POST /session/504404daf6556c94b3cb83283ff70561/element - {"using":"xpath","value":"(//button[contains(@id ,\"actionsToolbar-overflowButton\")])[1]"}
RESULT: {"using":"xpath","value":"(//button[contains(@id ,\"actionsToolbar-overflowButton\")])[1]"}
COMMAND: POST /session/504404daf6556c94b3cb83283ff70561/element/f.74039697418B55B680EBD40CFFCF13D1.d.22D60C0167782714B00CCC936986DFC9.e.13629/click - {}
RESULT: {}
COMMAND: GET /session/504404daf6556c94b3cb83283ff70561/screenshot - {}
RESULT: {}
COMMAND: POST /session/504404daf6556c94b3cb83283ff70561/element - {"using":"xpath","value":"//button[@data-kt=\"priceInfoButton\"]"}
RESULT: {"using":"xpath","value":"//button[@data-kt=\"priceInfoButton\"]"}
COMMAND: POST /session/504404daf6556c94b3cb83283ff70561/element/f.74039697418B55B680EBD40CFFCF13D1.d.22D60C0167782714B00CCC936986DFC9.e.13631/click - {}
RESULT: {}
COMMAND: GET /session/504404daf6556c94b3cb83283ff70561/screenshot - {}
]]></system-out>
    </testcase>
    <testcase classname="chrome.135_0_7049_42.windows.Billing_transfer_US117289" name="Should create new pricing rule" time="54.417">
      <system-out><![CDATA[
COMMAND: POST /session/504404daf6556c94b3cb83283ff70561/element - {"using":"xpath","value":"//button[@data-kt=\"addButton\"]"}
RESULT: {}
RESULT: {"using":"xpath","value":"//button[@data-kt=\"addButton\"]"}
COMMAND: POST /session/504404daf6556c94b3cb83283ff70561/elements - {"using":"xpath","value":"//button[@data-kt=\"addButton\"]"}
RESULT: {"using":"xpath","value":"//button[@data-kt=\"addButton\"]"}
COMMAND: POST /session/504404daf6556c94b3cb83283ff70561/execute/sync - {"script":"<script> [8489 bytes]","args":[{"element-6066-11e4-a52e-4f735466cecf":"f.74039697418B55B680EBD40CFFCF13D1.d.22D60C0167782714B00CCC936986DFC9.e.13667","ELEMENT":"f.74039697418B55B680EBD40CFFCF13D1.d.22D60C0167782714B00CCC936986DFC9.e.13667"}]}
RESULT: {"script":"<script> [8489 bytes]","args":[{"element-6066-11e4-a52e-4f735466cecf":"f.74039697418B55B680EBD40CFFCF13D1.d.22D60C0167782714B00CCC936986DFC9.e.13667","ELEMENT":"f.74039697418B55B680EBD40CFFCF13D1.d.22D60C0167782714B00CCC936986DFC9.e.13667"}]}
COMMAND: GET /session/504404daf6556c94b3cb83283ff70561/element/f.74039697418B55B680EBD40CFFCF13D1.d.22D60C0167782714B00CCC936986DFC9.e.13667/enabled - {}
COMMAND: GET /session/504404daf6556c94b3cb83283ff70561/screenshot - {}
RESULT: {}
COMMAND: POST /session/504404daf6556c94b3cb83283ff70561/execute/sync - {"script":"<script> [8489 bytes]","args":[{"element-6066-11e4-a52e-4f735466cecf":"f.74039697418B55B680EBD40CFFCF13D1.d.22D60C0167782714B00CCC936986DFC9.e.13667","ELEMENT":"f.74039697418B55B680EBD40CFFCF13D1.d.22D60C0167782714B00CCC936986DFC9.e.13667"}]}
COMMAND: GET /session/504404daf6556c94b3cb83283ff70561/screenshot - {}
RESULT: {}
RESULT: {"script":"<script> [8489 bytes]","args":[{"element-6066-11e4-a52e-4f735466cecf":"f.74039697418B55B680EBD40CFFCF13D1.d.22D60C0167782714B00CCC936986DFC9.e.13667","ELEMENT":"f.74039697418B55B680EBD40CFFCF13D1.d.22D60C0167782714B00CCC936986DFC9.e.13667"}]}
COMMAND: POST /session/504404daf6556c94b3cb83283ff70561/execute/sync - {"script":"<script> [5351 bytes]","args":[{"element-6066-11e4-a52e-4f735466cecf":"f.74039697418B55B680EBD40CFFCF13D1.d.22D60C0167782714B00CCC936986DFC9.e.13667","ELEMENT":"f.74039697418B55B680EBD40CFFCF13D1.d.22D60C0167782714B00CCC936986DFC9.e.13667"}]}
COMMAND: GET /session/504404daf6556c94b3cb83283ff70561/screenshot - {}
RESULT: {}
RESULT: {"script":"<script> [5351 bytes]","args":[{"element-6066-11e4-a52e-4f735466cecf":"f.74039697418B55B680EBD40CFFCF13D1.d.22D60C0167782714B00CCC936986DFC9.e.13667","ELEMENT":"f.74039697418B55B680EBD40CFFCF13D1.d.22D60C0167782714B00CCC936986DFC9.e.13667"}]}
COMMAND: POST /session/504404daf6556c94b3cb83283ff70561/element/f.74039697418B55B680EBD40CFFCF13D1.d.22D60C0167782714B00CCC936986DFC9.e.13667/click - {}
COMMAND: GET /session/504404daf6556c94b3cb83283ff70561/screenshot - {}
RESULT: {}
RESULT: {}
COMMAND: GET /session/504404daf6556c94b3cb83283ff70561/screenshot - {}
RESULT: {}
RESULT: {}
COMMAND: POST /session/504404daf6556c94b3cb83283ff70561/execute/async - {"script":"<script> [1562 bytes]","args":[{"selector":{"controlType":"sap.m.Title","viewName":"etm.portal.ui.managepricingrules.view.NewItem","viewId":"application-managepricingrules-display-component---newInfoPriceItem","properties":{"text":"New Pricing Rules - Item Level"}},"wdio_ui5_key":"etmportal.ui.managepricingrules.view.NewItemsap.m.Title{\"text\":\"New Pricing Rules - Item Level\"}"}]}
RESULT: {"script":"<script> [1562 bytes]","args":[{"selector":{"controlType":"sap.m.Title","viewName":"etm.portal.ui.managepricingrules.view.NewItem","viewId":"application-managepricingrules-display-component---newInfoPriceItem","properties":{"text":"New Pricing Rules - Item Level"}},"wdio_ui5_key":"etmportal.ui.managepricingrules.view.NewItemsap.m.Title{\"text\":\"New Pricing Rules - Item Level\"}"}]}
RESULT: undefined
COMMAND: POST /session/504404daf6556c94b3cb83283ff70561/execute/async - {"script":"<script> [6424 bytes]","args":[{"element-6066-11e4-a52e-4f735466cecf":"f.74039697418B55B680EBD40CFFCF13D1.d.22D60C0167782714B00CCC936986DFC9.e.13809"},"getText",[]]}
RESULT: {"script":"<script> [6424 bytes]","args":[{"element-6066-11e4-a52e-4f735466cecf":"f.74039697418B55B680EBD40CFFCF13D1.d.22D60C0167782714B00CCC936986DFC9.e.13809"},"getText",[]]}
COMMAND: POST /session/504404daf6556c94b3cb83283ff70561/execute/async - {"script":"<script> [1562 bytes]","args":[{"selector":{"id":"application-managepricingrules-display-component---newInfoPriceItem--condValidTo","interaction":{"idSuffix":"inner"}},"wdio_ui5_key":"applicationmanagepricingrules-display-component---newInfoPriceItem--condValidTo"}]}
RESULT: {"script":"<script> [1562 bytes]","args":[{"selector":{"id":"application-managepricingrules-display-component---newInfoPriceItem--condValidTo","interaction":{"idSuffix":"inner"}},"wdio_ui5_key":"applicationmanagepricingrules-display-component---newInfoPriceItem--condValidTo"}]}
RESULT: undefined
COMMAND: POST /session/504404daf6556c94b3cb83283ff70561/execute/async - {"script":"<script> [776 bytes]","args":[{"enterText":"12/21/25","selector":{"id":"application-managepricingrules-display-component---newInfoPriceItem--condValidTo","interaction":{"idSuffix":"inner"}},"clearTextFirst":true,"interactionType":"ENTER_TEXT"}]}
RESULT: {"script":"<script> [776 bytes]","args":[{"enterText":"12/21/25","selector":{"id":"application-managepricingrules-display-component---newInfoPriceItem--condValidTo","interaction":{"idSuffix":"inner"}},"clearTextFirst":true,"interactionType":"ENTER_TEXT"}]}
COMMAND: POST /session/504404daf6556c94b3cb83283ff70561/execute/async - {"script":"<script> [1562 bytes]","args":[{"selector":{"id":"application-managepricingrules-display-component---newInfoPriceItem--billType-arrow"},"wdio_ui5_key":"applicationmanagepricingrules-display-component---newInfoPriceItem--billType-arrow"}]}
RESULT: {"script":"<script> [1562 bytes]","args":[{"selector":{"id":"application-managepricingrules-display-component---newInfoPriceItem--billType-arrow"},"wdio_ui5_key":"applicationmanagepricingrules-display-component---newInfoPriceItem--billType-arrow"}]}
RESULT: undefined
COMMAND: POST /session/504404daf6556c94b3cb83283ff70561/element - {"using":"xpath","value":"//*[@id=\"application-managepricingrules-display-component---newInfoPriceItem--billType-arrow\"]"}
RESULT: {"using":"xpath","value":"//*[@id=\"application-managepricingrules-display-component---newInfoPriceItem--billType-arrow\"]"}
COMMAND: POST /session/504404daf6556c94b3cb83283ff70561/element/f.74039697418B55B680EBD40CFFCF13D1.d.22D60C0167782714B00CCC936986DFC9.e.13811/click - {}
RESULT: {}
COMMAND: POST /session/504404daf6556c94b3cb83283ff70561/element - {"using":"xpath","value":"//span[contains(text(), \"TB - Time based\")]"}
COMMAND: GET /session/504404daf6556c94b3cb83283ff70561/screenshot - {}
RESULT: {"using":"xpath","value":"//span[contains(text(), \"TB - Time based\")]"}
COMMAND: POST /session/504404daf6556c94b3cb83283ff70561/element/f.74039697418B55B680EBD40CFFCF13D1.d.22D60C0167782714B00CCC936986DFC9.e.13812/click - {}
RESULT: {}
RESULT: {}
COMMAND: POST /session/504404daf6556c94b3cb83283ff70561/execute/async - {"script":"<script> [1562 bytes]","args":[{"selector":{"id":"application-managepricingrules-display-component---newInfoPriceItem--priceProc-arrow"},"wdio_ui5_key":"applicationmanagepricingrules-display-component---newInfoPriceItem--priceProc-arrow"}]}
COMMAND: GET /session/504404daf6556c94b3cb83283ff70561/screenshot - {}
RESULT: {"script":"<script> [1562 bytes]","args":[{"selector":{"id":"application-managepricingrules-display-component---newInfoPriceItem--priceProc-arrow"},"wdio_ui5_key":"applicationmanagepricingrules-display-component---newInfoPriceItem--priceProc-arrow"}]}
RESULT: undefined
COMMAND: POST /session/504404daf6556c94b3cb83283ff70561/element - {"using":"xpath","value":"//*[@id=\"application-managepricingrules-display-component---newInfoPriceItem--priceProc-arrow\"]"}
RESULT: {}
RESULT: {"using":"xpath","value":"//*[@id=\"application-managepricingrules-display-component---newInfoPriceItem--priceProc-arrow\"]"}
COMMAND: POST /session/504404daf6556c94b3cb83283ff70561/element/f.74039697418B55B680EBD40CFFCF13D1.d.22D60C0167782714B00CCC936986DFC9.e.13813/click - {}
RESULT: {}
COMMAND: POST /session/504404daf6556c94b3cb83283ff70561/element - {"using":"xpath","value":"//span[contains(text(), \"TBS - Time based standard\")]"}
COMMAND: GET /session/504404daf6556c94b3cb83283ff70561/screenshot - {}
RESULT: {"using":"xpath","value":"//span[contains(text(), \"TBS - Time based standard\")]"}
COMMAND: POST /session/504404daf6556c94b3cb83283ff70561/element/f.74039697418B55B680EBD40CFFCF13D1.d.22D60C0167782714B00CCC936986DFC9.e.13814/click - {}
RESULT: {}
RESULT: {}
COMMAND: POST /session/504404daf6556c94b3cb83283ff70561/execute/async - {"script":"<script> [1562 bytes]","args":[{"selector":{"id":"application-managepricingrules-display-component---newInfoPriceItem--calcBase-arrow"},"wdio_ui5_key":"applicationmanagepricingrules-display-component---newInfoPriceItem--calcBase-arrow"}]}
COMMAND: GET /session/504404daf6556c94b3cb83283ff70561/screenshot - {}
RESULT: {"script":"<script> [1562 bytes]","args":[{"selector":{"id":"application-managepricingrules-display-component---newInfoPriceItem--calcBase-arrow"},"wdio_ui5_key":"applicationmanagepricingrules-display-component---newInfoPriceItem--calcBase-arrow"}]}
RESULT: undefined
COMMAND: POST /session/504404daf6556c94b3cb83283ff70561/element - {"using":"xpath","value":"//*[@id=\"application-managepricingrules-display-component---newInfoPriceItem--calcBase-arrow\"]"}
RESULT: {}
RESULT: {"using":"xpath","value":"//*[@id=\"application-managepricingrules-display-component---newInfoPriceItem--calcBase-arrow\"]"}
COMMAND: POST /session/504404daf6556c94b3cb83283ff70561/element/f.74039697418B55B680EBD40CFFCF13D1.d.22D60C0167782714B00CCC936986DFC9.e.13783/click - {}
RESULT: {}
COMMAND: GET /session/504404daf6556c94b3cb83283ff70561/screenshot - {}
RESULT: {}
COMMAND: POST /session/504404daf6556c94b3cb83283ff70561/element - {"using":"xpath","value":"//span[contains(text(), \"0006 - TB(calendar days)\")]"}
RESULT: {"using":"xpath","value":"//span[contains(text(), \"0006 - TB(calendar days)\")]"}
COMMAND: POST /session/504404daf6556c94b3cb83283ff70561/element/f.74039697418B55B680EBD40CFFCF13D1.d.22D60C0167782714B00CCC936986DFC9.e.13815/click - {}
RESULT: {}
COMMAND: GET /session/504404daf6556c94b3cb83283ff70561/screenshot - {}
RESULT: {}
COMMAND: POST /session/504404daf6556c94b3cb83283ff70561/execute/async - {"script":"<script> [1562 bytes]","args":[{"selector":{"id":"application-managepricingrules-display-component---newInfoPriceItem--daysMonth","interaction":{"idSuffix":"inner"}},"wdio_ui5_key":"applicationmanagepricingrules-display-component---newInfoPriceItem--daysMonth"}]}
RESULT: {"script":"<script> [1562 bytes]","args":[{"selector":{"id":"application-managepricingrules-display-component---newInfoPriceItem--daysMonth","interaction":{"idSuffix":"inner"}},"wdio_ui5_key":"applicationmanagepricingrules-display-component---newInfoPriceItem--daysMonth"}]}
RESULT: undefined
COMMAND: POST /session/504404daf6556c94b3cb83283ff70561/execute/async - {"script":"<script> [776 bytes]","args":[{"enterText":"30","selector":{"id":"application-managepricingrules-display-component---newInfoPriceItem--daysMonth","interaction":{"idSuffix":"inner"}},"clearTextFirst":true,"interactionType":"ENTER_TEXT"}]}
RESULT: {"script":"<script> [776 bytes]","args":[{"enterText":"30","selector":{"id":"application-managepricingrules-display-component---newInfoPriceItem--daysMonth","interaction":{"idSuffix":"inner"}},"clearTextFirst":true,"interactionType":"ENTER_TEXT"}]}
COMMAND: POST /session/504404daf6556c94b3cb83283ff70561/element - {"using":"xpath","value":"//button[@data-kt=\"saveNewRuleButton\"]"}
RESULT: {"using":"xpath","value":"//button[@data-kt=\"saveNewRuleButton\"]"}
COMMAND: POST /session/504404daf6556c94b3cb83283ff70561/element/f.74039697418B55B680EBD40CFFCF13D1.d.22D60C0167782714B00CCC936986DFC9.e.13798/click - {}
RESULT: {}
COMMAND: GET /session/504404daf6556c94b3cb83283ff70561/screenshot - {}
RESULT: {}
COMMAND: POST /session/504404daf6556c94b3cb83283ff70561/execute/async - {"script":"<script> [1562 bytes]","args":[{"selector":{"id":"application-managepricingrules-display-component---priceInfoItem--smartFilterBar-btnBasicSearch","interaction":{"idSuffix":"I"}},"wdio_ui5_key":"applicationmanagepricingrules-display-component---priceInfoItem--smartFilterBar-btnBasicSearch"}]}
RESULT: {"script":"<script> [1562 bytes]","args":[{"selector":{"id":"application-managepricingrules-display-component---priceInfoItem--smartFilterBar-btnBasicSearch","interaction":{"idSuffix":"I"}},"wdio_ui5_key":"applicationmanagepricingrules-display-component---priceInfoItem--smartFilterBar-btnBasicSearch"}]}
RESULT: undefined
COMMAND: POST /session/504404daf6556c94b3cb83283ff70561/execute/async - {"script":"<script> [776 bytes]","args":[{"enterText":"0nJBZbbSZy","selector":{"id":"application-managepricingrules-display-component---priceInfoItem--smartFilterBar-btnBasicSearch","interaction":{"idSuffix":"I"}},"clearTextFirst":true,"interactionType":"ENTER_TEXT"}]}
RESULT: {"script":"<script> [776 bytes]","args":[{"enterText":"0nJBZbbSZy","selector":{"id":"application-managepricingrules-display-component---priceInfoItem--smartFilterBar-btnBasicSearch","interaction":{"idSuffix":"I"}},"clearTextFirst":true,"interactionType":"ENTER_TEXT"}]}
COMMAND: POST /session/504404daf6556c94b3cb83283ff70561/actions - {"actions":[{"id":"action46","type":"key","parameters":{},"actions":[{"type":"keyDown","value":""},{"type":"pause","duration":10},{"type":"keyUp","value":""}]}]}
RESULT: {"actions":[{"id":"action46","type":"key","parameters":{},"actions":[{"type":"keyDown","value":""},{"type":"pause","duration":10},{"type":"keyUp","value":""}]}]}
COMMAND: GET /session/504404daf6556c94b3cb83283ff70561/screenshot - {}
RESULT: {}
COMMAND: POST /session/504404daf6556c94b3cb83283ff70561/element - {"using":"xpath","value":"//span[@id=\"application-managepricingrules-display-component---priceInfoItem--smartTable-header-inner\"]"}
RESULT: {"using":"xpath","value":"//span[@id=\"application-managepricingrules-display-component---priceInfoItem--smartTable-header-inner\"]"}
COMMAND: POST /session/504404daf6556c94b3cb83283ff70561/elements - {"using":"xpath","value":"//span[@id=\"application-managepricingrules-display-component---priceInfoItem--smartTable-header-inner\"]"}
RESULT: {"using":"xpath","value":"//span[@id=\"application-managepricingrules-display-component---priceInfoItem--smartTable-header-inner\"]"}
COMMAND: POST /session/504404daf6556c94b3cb83283ff70561/execute/sync - {"script":"<script> [56 bytes]","args":[{"element-6066-11e4-a52e-4f735466cecf":"f.74039697418B55B680EBD40CFFCF13D1.d.22D60C0167782714B00CCC936986DFC9.e.13840","ELEMENT":"f.74039697418B55B680EBD40CFFCF13D1.d.22D60C0167782714B00CCC936986DFC9.e.13840"}]}
RESULT: {"script":"<script> [56 bytes]","args":[{"element-6066-11e4-a52e-4f735466cecf":"f.74039697418B55B680EBD40CFFCF13D1.d.22D60C0167782714B00CCC936986DFC9.e.13840","ELEMENT":"f.74039697418B55B680EBD40CFFCF13D1.d.22D60C0167782714B00CCC936986DFC9.e.13840"}]}
COMMAND: POST /session/504404daf6556c94b3cb83283ff70561/element - {"using":"css selector","value":"#shell-header-logo"}
COMMAND: GET /session/504404daf6556c94b3cb83283ff70561/screenshot - {}
RESULT: {"using":"css selector","value":"#shell-header-logo"}
COMMAND: POST /session/504404daf6556c94b3cb83283ff70561/element/f.74039697418B55B680EBD40CFFCF13D1.d.22D60C0167782714B00CCC936986DFC9.e.12982/click - {}
RESULT: {}
RESULT: {}
COMMAND: GET /session/504404daf6556c94b3cb83283ff70561/screenshot - {}
RESULT: {}
]]></system-out>
    </testcase>
    <testcase classname="chrome.135_0_7049_42.windows.Billing_transfer_US117289" name="Should create new condition for equipment" time="70.813">
      <system-out><![CDATA[
COMMAND: POST /session/504404daf6556c94b3cb83283ff70561/execute/async - {"script":"<script> [1562 bytes]","args":[{"selector":{"controlType":"sap.m.Text","properties":{"text":"Manage Conditions & Prices"},"interaction":{"idSuffix":"inner"}},"wdio_ui5_key":"sapm.Text{\"text\":\"Manage Conditions & Prices\"}"}]}
RESULT: {"script":"<script> [1562 bytes]","args":[{"selector":{"controlType":"sap.m.Text","properties":{"text":"Manage Conditions & Prices"},"interaction":{"idSuffix":"inner"}},"wdio_ui5_key":"sapm.Text{\"text\":\"Manage Conditions & Prices\"}"}]}
RESULT: undefined
COMMAND: POST /session/504404daf6556c94b3cb83283ff70561/element - {"using":"xpath","value":"//*[@id=\"__tile53-title\"]"}
RESULT: {"using":"xpath","value":"//*[@id=\"__tile53-title\"]"}
COMMAND: POST /session/504404daf6556c94b3cb83283ff70561/element/f.74039697418B55B680EBD40CFFCF13D1.d.22D60C0167782714B00CCC936986DFC9.e.13843/click - {}
RESULT: {}
COMMAND: POST /session/504404daf6556c94b3cb83283ff70561/element - {"using":"xpath","value":"//button[@aria-label=\"Create\"]"}
COMMAND: GET /session/504404daf6556c94b3cb83283ff70561/screenshot - {}
RESULT: {"using":"xpath","value":"//button[@aria-label=\"Create\"]"}
COMMAND: POST /session/504404daf6556c94b3cb83283ff70561/elements - {"using":"xpath","value":"//button[@aria-label=\"Create\"]"}
RESULT: {}
RESULT: {"using":"xpath","value":"//button[@aria-label=\"Create\"]"}
COMMAND: POST /session/504404daf6556c94b3cb83283ff70561/element - {"using":"xpath","value":"//button[@aria-label=\"Create\"]"}
RESULT: {"using":"xpath","value":"//button[@aria-label=\"Create\"]"}
COMMAND: POST /session/504404daf6556c94b3cb83283ff70561/execute/sync - {"script":"<script> [8489 bytes]","args":[{"element-6066-11e4-a52e-4f735466cecf":"f.74039697418B55B680EBD40CFFCF13D1.d.22D60C0167782714B00CCC936986DFC9.e.13878","ELEMENT":"f.74039697418B55B680EBD40CFFCF13D1.d.22D60C0167782714B00CCC936986DFC9.e.13878"}]}
RESULT: {"script":"<script> [8489 bytes]","args":[{"element-6066-11e4-a52e-4f735466cecf":"f.74039697418B55B680EBD40CFFCF13D1.d.22D60C0167782714B00CCC936986DFC9.e.13878","ELEMENT":"f.74039697418B55B680EBD40CFFCF13D1.d.22D60C0167782714B00CCC936986DFC9.e.13878"}]}
COMMAND: GET /session/504404daf6556c94b3cb83283ff70561/element/f.74039697418B55B680EBD40CFFCF13D1.d.22D60C0167782714B00CCC936986DFC9.e.13878/enabled - {}
COMMAND: GET /session/504404daf6556c94b3cb83283ff70561/screenshot - {}
RESULT: {}
COMMAND: POST /session/504404daf6556c94b3cb83283ff70561/execute/sync - {"script":"<script> [8489 bytes]","args":[{"element-6066-11e4-a52e-4f735466cecf":"f.74039697418B55B680EBD40CFFCF13D1.d.22D60C0167782714B00CCC936986DFC9.e.13878","ELEMENT":"f.74039697418B55B680EBD40CFFCF13D1.d.22D60C0167782714B00CCC936986DFC9.e.13878"}]}
COMMAND: GET /session/504404daf6556c94b3cb83283ff70561/screenshot - {}
RESULT: {}
RESULT: {}
RESULT: {"script":"<script> [8489 bytes]","args":[{"element-6066-11e4-a52e-4f735466cecf":"f.74039697418B55B680EBD40CFFCF13D1.d.22D60C0167782714B00CCC936986DFC9.e.13878","ELEMENT":"f.74039697418B55B680EBD40CFFCF13D1.d.22D60C0167782714B00CCC936986DFC9.e.13878"}]}
COMMAND: POST /session/504404daf6556c94b3cb83283ff70561/execute/sync - {"script":"<script> [5351 bytes]","args":[{"element-6066-11e4-a52e-4f735466cecf":"f.74039697418B55B680EBD40CFFCF13D1.d.22D60C0167782714B00CCC936986DFC9.e.13878","ELEMENT":"f.74039697418B55B680EBD40CFFCF13D1.d.22D60C0167782714B00CCC936986DFC9.e.13878"}]}
COMMAND: GET /session/504404daf6556c94b3cb83283ff70561/screenshot - {}
RESULT: {"script":"<script> [5351 bytes]","args":[{"element-6066-11e4-a52e-4f735466cecf":"f.74039697418B55B680EBD40CFFCF13D1.d.22D60C0167782714B00CCC936986DFC9.e.13878","ELEMENT":"f.74039697418B55B680EBD40CFFCF13D1.d.22D60C0167782714B00CCC936986DFC9.e.13878"}]}
COMMAND: POST /session/504404daf6556c94b3cb83283ff70561/element/f.74039697418B55B680EBD40CFFCF13D1.d.22D60C0167782714B00CCC936986DFC9.e.13878/click - {}
COMMAND: GET /session/504404daf6556c94b3cb83283ff70561/screenshot - {}
RESULT: {}
RESULT: {}
COMMAND: GET /session/504404daf6556c94b3cb83283ff70561/screenshot - {}
RESULT: {}
RESULT: {}
COMMAND: POST /session/504404daf6556c94b3cb83283ff70561/actions - {"actions":[{"id":"action47","type":"key","parameters":{},"actions":[{"type":"keyDown","value":""},{"type":"pause","duration":10},{"type":"keyUp","value":""}]}]}
RESULT: {"actions":[{"id":"action47","type":"key","parameters":{},"actions":[{"type":"keyDown","value":""},{"type":"pause","duration":10},{"type":"keyUp","value":""}]}]}
COMMAND: GET /session/504404daf6556c94b3cb83283ff70561/screenshot - {}
RESULT: {}
COMMAND: POST /session/504404daf6556c94b3cb83283ff70561/execute/async - {"script":"<script> [1562 bytes]","args":[{"selector":{"id":"application-manageconditionprice-display-component---newCondition--condBillCond-arrow"},"wdio_ui5_key":"applicationmanageconditionprice-display-component---newCondition--condBillCond-arrow"}]}
RESULT: {"script":"<script> [1562 bytes]","args":[{"selector":{"id":"application-manageconditionprice-display-component---newCondition--condBillCond-arrow"},"wdio_ui5_key":"applicationmanageconditionprice-display-component---newCondition--condBillCond-arrow"}]}
RESULT: undefined
COMMAND: POST /session/504404daf6556c94b3cb83283ff70561/element - {"using":"xpath","value":"//*[@id=\"application-manageconditionprice-display-component---newCondition--condBillCond-arrow\"]"}
RESULT: {"using":"xpath","value":"//*[@id=\"application-manageconditionprice-display-component---newCondition--condBillCond-arrow\"]"}
COMMAND: POST /session/504404daf6556c94b3cb83283ff70561/element/f.74039697418B55B680EBD40CFFCF13D1.d.22D60C0167782714B00CCC936986DFC9.e.14059/click - {}
RESULT: {}
COMMAND: GET /session/504404daf6556c94b3cb83283ff70561/screenshot - {}
RESULT: {}
COMMAND: POST /session/504404daf6556c94b3cb83283ff70561/element - {"using":"xpath","value":"//li[.//span[contains(text(), \"DISP - D&I special price\")]]"}
RESULT: {"using":"xpath","value":"//li[.//span[contains(text(), \"DISP - D&I special price\")]]"}
COMMAND: POST /session/504404daf6556c94b3cb83283ff70561/element/f.74039697418B55B680EBD40CFFCF13D1.d.22D60C0167782714B00CCC936986DFC9.e.14062/click - {}
RESULT: {}
COMMAND: GET /session/504404daf6556c94b3cb83283ff70561/screenshot - {}
RESULT: {}
COMMAND: POST /session/504404daf6556c94b3cb83283ff70561/execute/async - {"script":"<script> [1562 bytes]","args":[{"selector":{"id":"application-manageconditionprice-display-component---newCondition--condValidTo","interaction":{"idSuffix":"inner"}},"wdio_ui5_key":"applicationmanageconditionprice-display-component---newCondition--condValidTo"}]}
RESULT: {"script":"<script> [1562 bytes]","args":[{"selector":{"id":"application-manageconditionprice-display-component---newCondition--condValidTo","interaction":{"idSuffix":"inner"}},"wdio_ui5_key":"applicationmanageconditionprice-display-component---newCondition--condValidTo"}]}
RESULT: undefined
COMMAND: POST /session/504404daf6556c94b3cb83283ff70561/execute/async - {"script":"<script> [776 bytes]","args":[{"enterText":"12/21/25","selector":{"id":"application-manageconditionprice-display-component---newCondition--condValidTo","interaction":{"idSuffix":"inner"}},"clearTextFirst":true,"interactionType":"ENTER_TEXT"}]}
RESULT: {"script":"<script> [776 bytes]","args":[{"enterText":"12/21/25","selector":{"id":"application-manageconditionprice-display-component---newCondition--condValidTo","interaction":{"idSuffix":"inner"}},"clearTextFirst":true,"interactionType":"ENTER_TEXT"}]}
COMMAND: POST /session/504404daf6556c94b3cb83283ff70561/element - {"using":"xpath","value":"//input[@id=\"application-manageconditionprice-display-component---newCondition--condRU-inner\"]"}
RESULT: {"using":"xpath","value":"//input[@id=\"application-manageconditionprice-display-component---newCondition--condRU-inner\"]"}
COMMAND: POST /session/504404daf6556c94b3cb83283ff70561/element/f.74039697418B55B680EBD40CFFCF13D1.d.22D60C0167782714B00CCC936986DFC9.e.13924/clear - {}
RESULT: {}
COMMAND: POST /session/504404daf6556c94b3cb83283ff70561/element/f.74039697418B55B680EBD40CFFCF13D1.d.22D60C0167782714B00CCC936986DFC9.e.13924/value - {"text":"0nJBZbbSZy"}
COMMAND: GET /session/504404daf6556c94b3cb83283ff70561/screenshot - {}
RESULT: {"text":"0nJBZbbSZy"}
COMMAND: GET /session/504404daf6556c94b3cb83283ff70561/screenshot - {}
RESULT: {}
RESULT: {}
COMMAND: POST /session/504404daf6556c94b3cb83283ff70561/actions - {"actions":[{"id":"action48","type":"key","parameters":{},"actions":[{"type":"keyDown","value":""},{"type":"pause","duration":10},{"type":"keyUp","value":""}]}]}
RESULT: {"actions":[{"id":"action48","type":"key","parameters":{},"actions":[{"type":"keyDown","value":""},{"type":"pause","duration":10},{"type":"keyUp","value":""}]}]}
COMMAND: POST /session/504404daf6556c94b3cb83283ff70561/execute/async - {"script":"<script> [1562 bytes]","args":[{"selector":{"id":"application-manageconditionprice-display-component---newCondition--condBaseQty","interaction":{"idSuffix":"inner"}},"wdio_ui5_key":"applicationmanageconditionprice-display-component---newCondition--condBaseQty"}]}
COMMAND: GET /session/504404daf6556c94b3cb83283ff70561/screenshot - {}
RESULT: {"script":"<script> [1562 bytes]","args":[{"selector":{"id":"application-manageconditionprice-display-component---newCondition--condBaseQty","interaction":{"idSuffix":"inner"}},"wdio_ui5_key":"applicationmanageconditionprice-display-component---newCondition--condBaseQty"}]}
RESULT: undefined
COMMAND: POST /session/504404daf6556c94b3cb83283ff70561/execute/async - {"script":"<script> [776 bytes]","args":[{"enterText":"1","selector":{"id":"application-manageconditionprice-display-component---newCondition--condBaseQty","interaction":{"idSuffix":"inner"}},"clearTextFirst":true,"interactionType":"ENTER_TEXT"}]}
RESULT: {}
RESULT: {"script":"<script> [776 bytes]","args":[{"enterText":"1","selector":{"id":"application-manageconditionprice-display-component---newCondition--condBaseQty","interaction":{"idSuffix":"inner"}},"clearTextFirst":true,"interactionType":"ENTER_TEXT"}]}
COMMAND: POST /session/504404daf6556c94b3cb83283ff70561/execute/async - {"script":"<script> [1562 bytes]","args":[{"selector":{"id":"application-manageconditionprice-display-component---newCondition--condValue","interaction":{"idSuffix":"inner"}},"wdio_ui5_key":"applicationmanageconditionprice-display-component---newCondition--condValue"}]}
RESULT: {"script":"<script> [1562 bytes]","args":[{"selector":{"id":"application-manageconditionprice-display-component---newCondition--condValue","interaction":{"idSuffix":"inner"}},"wdio_ui5_key":"applicationmanageconditionprice-display-component---newCondition--condValue"}]}
RESULT: undefined
COMMAND: POST /session/504404daf6556c94b3cb83283ff70561/execute/async - {"script":"<script> [776 bytes]","args":[{"enterText":"100","selector":{"id":"application-manageconditionprice-display-component---newCondition--condValue","interaction":{"idSuffix":"inner"}},"clearTextFirst":true,"interactionType":"ENTER_TEXT"}]}
RESULT: {"script":"<script> [776 bytes]","args":[{"enterText":"100","selector":{"id":"application-manageconditionprice-display-component---newCondition--condValue","interaction":{"idSuffix":"inner"}},"clearTextFirst":true,"interactionType":"ENTER_TEXT"}]}
COMMAND: POST /session/504404daf6556c94b3cb83283ff70561/execute/async - {"script":"<script> [1562 bytes]","args":[{"selector":{"id":"application-manageconditionprice-display-component---newCondition--condCurr-arrow"},"wdio_ui5_key":"applicationmanageconditionprice-display-component---newCondition--condCurr-arrow"}]}
RESULT: {"script":"<script> [1562 bytes]","args":[{"selector":{"id":"application-manageconditionprice-display-component---newCondition--condCurr-arrow"},"wdio_ui5_key":"applicationmanageconditionprice-display-component---newCondition--condCurr-arrow"}]}
RESULT: undefined
COMMAND: POST /session/504404daf6556c94b3cb83283ff70561/element - {"using":"xpath","value":"//*[@id=\"application-manageconditionprice-display-component---newCondition--condCurr-arrow\"]"}
RESULT: {"using":"xpath","value":"//*[@id=\"application-manageconditionprice-display-component---newCondition--condCurr-arrow\"]"}
COMMAND: POST /session/504404daf6556c94b3cb83283ff70561/element/f.74039697418B55B680EBD40CFFCF13D1.d.22D60C0167782714B00CCC936986DFC9.e.14023/click - {}
RESULT: {}
COMMAND: POST /session/504404daf6556c94b3cb83283ff70561/element - {"using":"xpath","value":"//span[contains(text(), \"Euro\")]"}
COMMAND: GET /session/504404daf6556c94b3cb83283ff70561/screenshot - {}
RESULT: {"using":"xpath","value":"//span[contains(text(), \"Euro\")]"}
COMMAND: POST /session/504404daf6556c94b3cb83283ff70561/element/f.74039697418B55B680EBD40CFFCF13D1.d.22D60C0167782714B00CCC936986DFC9.e.14099/click - {}
RESULT: {}
RESULT: {}
COMMAND: POST /session/504404daf6556c94b3cb83283ff70561/element - {"using":"xpath","value":"//button[@data-kt=\"saveButton\"]"}
COMMAND: GET /session/504404daf6556c94b3cb83283ff70561/screenshot - {}
RESULT: {"using":"xpath","value":"//button[@data-kt=\"saveButton\"]"}
COMMAND: POST /session/504404daf6556c94b3cb83283ff70561/element/f.74039697418B55B680EBD40CFFCF13D1.d.22D60C0167782714B00CCC936986DFC9.e.14024/click - {}
RESULT: {}
RESULT: {}
COMMAND: GET /session/504404daf6556c94b3cb83283ff70561/screenshot - {}
RESULT: {}
COMMAND: POST /session/504404daf6556c94b3cb83283ff70561/execute/async - {"script":"<script> [1562 bytes]","args":[{"selector":{"id":"application-manageconditionprice-display-component---conditions--smartFilterBar-btnBasicSearch","interaction":{"idSuffix":"I"}},"wdio_ui5_key":"applicationmanageconditionprice-display-component---conditions--smartFilterBar-btnBasicSearch"}]}
RESULT: {"script":"<script> [1562 bytes]","args":[{"selector":{"id":"application-manageconditionprice-display-component---conditions--smartFilterBar-btnBasicSearch","interaction":{"idSuffix":"I"}},"wdio_ui5_key":"applicationmanageconditionprice-display-component---conditions--smartFilterBar-btnBasicSearch"}]}
RESULT: undefined
COMMAND: POST /session/504404daf6556c94b3cb83283ff70561/execute/async - {"script":"<script> [776 bytes]","args":[{"enterText":"0nJBZbbSZy","selector":{"id":"application-manageconditionprice-display-component---conditions--smartFilterBar-btnBasicSearch","interaction":{"idSuffix":"I"}},"clearTextFirst":true,"interactionType":"ENTER_TEXT"}]}
RESULT: {"script":"<script> [776 bytes]","args":[{"enterText":"0nJBZbbSZy","selector":{"id":"application-manageconditionprice-display-component---conditions--smartFilterBar-btnBasicSearch","interaction":{"idSuffix":"I"}},"clearTextFirst":true,"interactionType":"ENTER_TEXT"}]}
COMMAND: POST /session/504404daf6556c94b3cb83283ff70561/actions - {"actions":[{"id":"action49","type":"key","parameters":{},"actions":[{"type":"keyDown","value":""},{"type":"pause","duration":10},{"type":"keyUp","value":""}]}]}
RESULT: {"actions":[{"id":"action49","type":"key","parameters":{},"actions":[{"type":"keyDown","value":""},{"type":"pause","duration":10},{"type":"keyUp","value":""}]}]}
COMMAND: GET /session/504404daf6556c94b3cb83283ff70561/screenshot - {}
RESULT: {}
COMMAND: POST /session/504404daf6556c94b3cb83283ff70561/execute/async - {"script":"<script> [1562 bytes]","args":[{"selector":{"id":"application-manageconditionprice-display-component---conditions--smartFilterBar-filterItemControl_BASIC-BILL_TYPES-vhi"},"wdio_ui5_key":"applicationmanageconditionprice-display-component---conditions--smartFilterBar-filterItemControl_BASIC-BILL_TYPES-vhi"}]}
RESULT: {"script":"<script> [1562 bytes]","args":[{"selector":{"id":"application-manageconditionprice-display-component---conditions--smartFilterBar-filterItemControl_BASIC-BILL_TYPES-vhi"},"wdio_ui5_key":"applicationmanageconditionprice-display-component---conditions--smartFilterBar-filterItemControl_BASIC-BILL_TYPES-vhi"}]}
RESULT: undefined
COMMAND: POST /session/504404daf6556c94b3cb83283ff70561/element - {"using":"xpath","value":"//*[@id=\"application-manageconditionprice-display-component---conditions--smartFilterBar-filterItemControl_BASIC-BILL_TYPES-vhi\"]"}
RESULT: {"using":"xpath","value":"//*[@id=\"application-manageconditionprice-display-component---conditions--smartFilterBar-filterItemControl_BASIC-BILL_TYPES-vhi\"]"}
COMMAND: POST /session/504404daf6556c94b3cb83283ff70561/element/f.74039697418B55B680EBD40CFFCF13D1.d.22D60C0167782714B00CCC936986DFC9.e.14205/click - {}
RESULT: {}
COMMAND: POST /session/504404daf6556c94b3cb83283ff70561/execute/async - {"script":"<script> [1562 bytes]","args":[{"selector":{"id":"application-manageconditionprice-display-component---conditions--smartFilterBar-filterItemControl_BASIC-BILL_TYPES-valueHelpDialog-smartFilterBar-btnBasicSearch","searchOpenDialogs":true,"interaction":{"idSuffix":"I"}},"wdio_ui5_key":"applicationmanageconditionprice-display-component---conditions--smartFilterBar-filterItemControl_BASIC-BILL_TYPES-valueHelpDialog-smartFilterBar-btnBasicSearch"}]}
COMMAND: GET /session/504404daf6556c94b3cb83283ff70561/screenshot - {}
RESULT: {"script":"<script> [1562 bytes]","args":[{"selector":{"id":"application-manageconditionprice-display-component---conditions--smartFilterBar-filterItemControl_BASIC-BILL_TYPES-valueHelpDialog-smartFilterBar-btnBasicSearch","searchOpenDialogs":true,"interaction":{"idSuffix":"I"}},"wdio_ui5_key":"applicationmanageconditionprice-display-component---conditions--smartFilterBar-filterItemControl_BASIC-BILL_TYPES-valueHelpDialog-smartFilterBar-btnBasicSearch"}]}
RESULT: undefined
COMMAND: POST /session/504404daf6556c94b3cb83283ff70561/execute/async - {"script":"<script> [776 bytes]","args":[{"enterText":"TB","selector":{"id":"application-manageconditionprice-display-component---conditions--smartFilterBar-filterItemControl_BASIC-BILL_TYPES-valueHelpDialog-smartFilterBar-btnBasicSearch","searchOpenDialogs":true,"interaction":{"idSuffix":"I"}},"clearTextFirst":true,"interactionType":"ENTER_TEXT"}]}
RESULT: {}
RESULT: {"script":"<script> [776 bytes]","args":[{"enterText":"TB","selector":{"id":"application-manageconditionprice-display-component---conditions--smartFilterBar-filterItemControl_BASIC-BILL_TYPES-valueHelpDialog-smartFilterBar-btnBasicSearch","searchOpenDialogs":true,"interaction":{"idSuffix":"I"}},"clearTextFirst":true,"interactionType":"ENTER_TEXT"}]}
COMMAND: POST /session/504404daf6556c94b3cb83283ff70561/actions - {"actions":[{"id":"action50","type":"key","parameters":{},"actions":[{"type":"keyDown","value":""},{"type":"pause","duration":10},{"type":"keyUp","value":""}]}]}
RESULT: {"actions":[{"id":"action50","type":"key","parameters":{},"actions":[{"type":"keyDown","value":""},{"type":"pause","duration":10},{"type":"keyUp","value":""}]}]}
COMMAND: GET /session/504404daf6556c94b3cb83283ff70561/screenshot - {}
RESULT: {}
COMMAND: POST /session/504404daf6556c94b3cb83283ff70561/element - {"using":"xpath","value":"//div[contains(@id, 'application-manageconditionprice-display-component---conditions--smartFilterBar-filterItemControl_BASIC-BILL_TYPES-valueHelpDialog-table-rowsel0')]"}
RESULT: {"using":"xpath","value":"//div[contains(@id, 'application-manageconditionprice-display-component---conditions--smartFilterBar-filterItemControl_BASIC-BILL_TYPES-valueHelpDialog-table-rowsel0')]"}
COMMAND: POST /session/504404daf6556c94b3cb83283ff70561/element/f.74039697418B55B680EBD40CFFCF13D1.d.22D60C0167782714B00CCC936986DFC9.e.14215/click - {}
RESULT: {}
COMMAND: GET /session/504404daf6556c94b3cb83283ff70561/screenshot - {}
RESULT: {}
COMMAND: POST /session/504404daf6556c94b3cb83283ff70561/element - {"using":"xpath","value":"//bdi[contains(text(), \"OK\")]"}
RESULT: {"using":"xpath","value":"//bdi[contains(text(), \"OK\")]"}
COMMAND: POST /session/504404daf6556c94b3cb83283ff70561/element/f.74039697418B55B680EBD40CFFCF13D1.d.22D60C0167782714B00CCC936986DFC9.e.14217/click - {}
RESULT: {}
COMMAND: GET /session/504404daf6556c94b3cb83283ff70561/screenshot - {}
RESULT: {}
COMMAND: POST /session/504404daf6556c94b3cb83283ff70561/element - {"using":"xpath","value":"//span[@id=\"application-manageconditionprice-display-component---conditions--smartTable-header-inner\"]"}
RESULT: {"using":"xpath","value":"//span[@id=\"application-manageconditionprice-display-component---conditions--smartTable-header-inner\"]"}
COMMAND: POST /session/504404daf6556c94b3cb83283ff70561/elements - {"using":"xpath","value":"//span[@id=\"application-manageconditionprice-display-component---conditions--smartTable-header-inner\"]"}
RESULT: {"using":"xpath","value":"//span[@id=\"application-manageconditionprice-display-component---conditions--smartTable-header-inner\"]"}
COMMAND: POST /session/504404daf6556c94b3cb83283ff70561/execute/sync - {"script":"<script> [56 bytes]","args":[{"element-6066-11e4-a52e-4f735466cecf":"f.74039697418B55B680EBD40CFFCF13D1.d.22D60C0167782714B00CCC936986DFC9.e.14220","ELEMENT":"f.74039697418B55B680EBD40CFFCF13D1.d.22D60C0167782714B00CCC936986DFC9.e.14220"}]}
RESULT: {"script":"<script> [56 bytes]","args":[{"element-6066-11e4-a52e-4f735466cecf":"f.74039697418B55B680EBD40CFFCF13D1.d.22D60C0167782714B00CCC936986DFC9.e.14220","ELEMENT":"f.74039697418B55B680EBD40CFFCF13D1.d.22D60C0167782714B00CCC936986DFC9.e.14220"}]}
COMMAND: POST /session/504404daf6556c94b3cb83283ff70561/element - {"using":"css selector","value":"#shell-header-logo"}
COMMAND: GET /session/504404daf6556c94b3cb83283ff70561/screenshot - {}
RESULT: {"using":"css selector","value":"#shell-header-logo"}
COMMAND: POST /session/504404daf6556c94b3cb83283ff70561/element/f.74039697418B55B680EBD40CFFCF13D1.d.22D60C0167782714B00CCC936986DFC9.e.13845/click - {}
RESULT: {}
RESULT: {}
COMMAND: GET /session/504404daf6556c94b3cb83283ff70561/screenshot - {}
RESULT: {}
]]></system-out>
    </testcase>
    <testcase classname="chrome.135_0_7049_42.windows.Billing_transfer_US117289" name="Should do a stock increase" time="101.004">
      <system-out><![CDATA[
COMMAND: POST /session/504404daf6556c94b3cb83283ff70561/execute/async - {"script":"<script> [1562 bytes]","args":[{"selector":{"controlType":"sap.m.Text","viewName":"etm.portal.ui.managehandoverstile.view.Master","properties":{"text":"Manage Handovers"},"interaction":{"idSuffix":"inner"}},"wdio_ui5_key":"etmportal.ui.managehandoverstile.view.Mastersap.m.Text{\"text\":\"Manage Handovers\"}"}]}
RESULT: {"script":"<script> [1562 bytes]","args":[{"selector":{"controlType":"sap.m.Text","viewName":"etm.portal.ui.managehandoverstile.view.Master","properties":{"text":"Manage Handovers"},"interaction":{"idSuffix":"inner"}},"wdio_ui5_key":"etmportal.ui.managehandoverstile.view.Mastersap.m.Text{\"text\":\"Manage Handovers\"}"}]}
RESULT: undefined
COMMAND: POST /session/504404daf6556c94b3cb83283ff70561/element - {"using":"xpath","value":"//*[@id=\"__tile132-title\"]"}
RESULT: {"using":"xpath","value":"//*[@id=\"__tile132-title\"]"}
COMMAND: POST /session/504404daf6556c94b3cb83283ff70561/element/f.74039697418B55B680EBD40CFFCF13D1.d.22D60C0167782714B00CCC936986DFC9.e.14225/click - {}
RESULT: {}
COMMAND: POST /session/504404daf6556c94b3cb83283ff70561/element - {"using":"xpath","value":"//button[@data-kt=\"masterHOAddButton\"]"}
COMMAND: GET /session/504404daf6556c94b3cb83283ff70561/screenshot - {}
RESULT: {"using":"xpath","value":"//button[@data-kt=\"masterHOAddButton\"]"}
COMMAND: POST /session/504404daf6556c94b3cb83283ff70561/elements - {"using":"xpath","value":"//button[@data-kt=\"masterHOAddButton\"]"}
RESULT: {}
RESULT: {"using":"xpath","value":"//button[@data-kt=\"masterHOAddButton\"]"}
COMMAND: POST /session/504404daf6556c94b3cb83283ff70561/element - {"using":"xpath","value":"//button[@data-kt=\"masterHOAddButton\"]"}
RESULT: {"using":"xpath","value":"//button[@data-kt=\"masterHOAddButton\"]"}
COMMAND: POST /session/504404daf6556c94b3cb83283ff70561/execute/sync - {"script":"<script> [8489 bytes]","args":[{"element-6066-11e4-a52e-4f735466cecf":"f.74039697418B55B680EBD40CFFCF13D1.d.22D60C0167782714B00CCC936986DFC9.e.14255","ELEMENT":"f.74039697418B55B680EBD40CFFCF13D1.d.22D60C0167782714B00CCC936986DFC9.e.14255"}]}
RESULT: {"script":"<script> [8489 bytes]","args":[{"element-6066-11e4-a52e-4f735466cecf":"f.74039697418B55B680EBD40CFFCF13D1.d.22D60C0167782714B00CCC936986DFC9.e.14255","ELEMENT":"f.74039697418B55B680EBD40CFFCF13D1.d.22D60C0167782714B00CCC936986DFC9.e.14255"}]}
COMMAND: GET /session/504404daf6556c94b3cb83283ff70561/element/f.74039697418B55B680EBD40CFFCF13D1.d.22D60C0167782714B00CCC936986DFC9.e.14255/enabled - {}
COMMAND: GET /session/504404daf6556c94b3cb83283ff70561/screenshot - {}
RESULT: {}
COMMAND: POST /session/504404daf6556c94b3cb83283ff70561/execute/sync - {"script":"<script> [8489 bytes]","args":[{"element-6066-11e4-a52e-4f735466cecf":"f.74039697418B55B680EBD40CFFCF13D1.d.22D60C0167782714B00CCC936986DFC9.e.14255","ELEMENT":"f.74039697418B55B680EBD40CFFCF13D1.d.22D60C0167782714B00CCC936986DFC9.e.14255"}]}
COMMAND: GET /session/504404daf6556c94b3cb83283ff70561/screenshot - {}
RESULT: {}
RESULT: {}
RESULT: {"script":"<script> [8489 bytes]","args":[{"element-6066-11e4-a52e-4f735466cecf":"f.74039697418B55B680EBD40CFFCF13D1.d.22D60C0167782714B00CCC936986DFC9.e.14255","ELEMENT":"f.74039697418B55B680EBD40CFFCF13D1.d.22D60C0167782714B00CCC936986DFC9.e.14255"}]}
COMMAND: POST /session/504404daf6556c94b3cb83283ff70561/execute/sync - {"script":"<script> [5351 bytes]","args":[{"element-6066-11e4-a52e-4f735466cecf":"f.74039697418B55B680EBD40CFFCF13D1.d.22D60C0167782714B00CCC936986DFC9.e.14255","ELEMENT":"f.74039697418B55B680EBD40CFFCF13D1.d.22D60C0167782714B00CCC936986DFC9.e.14255"}]}
COMMAND: GET /session/504404daf6556c94b3cb83283ff70561/screenshot - {}
RESULT: {"script":"<script> [5351 bytes]","args":[{"element-6066-11e4-a52e-4f735466cecf":"f.74039697418B55B680EBD40CFFCF13D1.d.22D60C0167782714B00CCC936986DFC9.e.14255","ELEMENT":"f.74039697418B55B680EBD40CFFCF13D1.d.22D60C0167782714B00CCC936986DFC9.e.14255"}]}
COMMAND: POST /session/504404daf6556c94b3cb83283ff70561/element/f.74039697418B55B680EBD40CFFCF13D1.d.22D60C0167782714B00CCC936986DFC9.e.14255/click - {}
COMMAND: GET /session/504404daf6556c94b3cb83283ff70561/screenshot - {}
RESULT: {}
RESULT: {}
COMMAND: GET /session/504404daf6556c94b3cb83283ff70561/screenshot - {}
RESULT: {}
RESULT: {}
COMMAND: POST /session/504404daf6556c94b3cb83283ff70561/element - {"using":"xpath","value":"//span[contains(@id ,\"AddNewHO--typeSelect-arrow\")]"}
RESULT: {"using":"xpath","value":"//span[contains(@id ,\"AddNewHO--typeSelect-arrow\")]"}
COMMAND: POST /session/504404daf6556c94b3cb83283ff70561/element/f.74039697418B55B680EBD40CFFCF13D1.d.22D60C0167782714B00CCC936986DFC9.e.14584/click - {}
RESULT: {}
COMMAND: GET /session/504404daf6556c94b3cb83283ff70561/screenshot - {}
RESULT: {}
COMMAND: POST /session/504404daf6556c94b3cb83283ff70561/element - {"using":"xpath","value":"(//li[contains(text(), \"stock increase yard\")])[1]"}
RESULT: {"using":"xpath","value":"(//li[contains(text(), \"stock increase yard\")])[1]"}
COMMAND: POST /session/504404daf6556c94b3cb83283ff70561/element/f.74039697418B55B680EBD40CFFCF13D1.d.22D60C0167782714B00CCC936986DFC9.e.14585/click - {}
RESULT: {}
COMMAND: GET /session/504404daf6556c94b3cb83283ff70561/screenshot - {}
RESULT: {}
COMMAND: POST /session/504404daf6556c94b3cb83283ff70561/execute/async - {"script":"<script> [1562 bytes]","args":[{"selector":{"id":"application-managehandovers-display-component---AddNewHO--dueDate","interaction":{"idSuffix":"inner"}},"wdio_ui5_key":"applicationmanagehandovers-display-component---AddNewHO--dueDate"}]}
RESULT: {"script":"<script> [1562 bytes]","args":[{"selector":{"id":"application-managehandovers-display-component---AddNewHO--dueDate","interaction":{"idSuffix":"inner"}},"wdio_ui5_key":"applicationmanagehandovers-display-component---AddNewHO--dueDate"}]}
RESULT: undefined
COMMAND: POST /session/504404daf6556c94b3cb83283ff70561/execute/async - {"script":"<script> [6424 bytes]","args":[{"element-6066-11e4-a52e-4f735466cecf":"f.74039697418B55B680EBD40CFFCF13D1.d.22D60C0167782714B00CCC936986DFC9.e.14587"},"setValue",["04/21/2025"]]}
RESULT: {"script":"<script> [6424 bytes]","args":[{"element-6066-11e4-a52e-4f735466cecf":"f.74039697418B55B680EBD40CFFCF13D1.d.22D60C0167782714B00CCC936986DFC9.e.14587"},"setValue",["04/21/2025"]]}
COMMAND: POST /session/504404daf6556c94b3cb83283ff70561/element - {"using":"xpath","value":"//input[@id=\"generalSectionFrg--receiveYard-inner\"]"}
RESULT: {"using":"xpath","value":"//input[@id=\"generalSectionFrg--receiveYard-inner\"]"}
COMMAND: POST /session/504404daf6556c94b3cb83283ff70561/element/f.74039697418B55B680EBD40CFFCF13D1.d.22D60C0167782714B00CCC936986DFC9.e.14593/clear - {}
RESULT: {}
COMMAND: POST /session/504404daf6556c94b3cb83283ff70561/element/f.74039697418B55B680EBD40CFFCF13D1.d.22D60C0167782714B00CCC936986DFC9.e.14593/value - {"text":"652"}
COMMAND: GET /session/504404daf6556c94b3cb83283ff70561/screenshot - {}
RESULT: {"text":"652"}
COMMAND: GET /session/504404daf6556c94b3cb83283ff70561/screenshot - {}
RESULT: {}
RESULT: {}
COMMAND: POST /session/504404daf6556c94b3cb83283ff70561/element - {"using":"xpath","value":"//li[.//span[text()='652']]"}
RESULT: {"using":"xpath","value":"//li[.//span[text()='652']]"}
COMMAND: POST /session/504404daf6556c94b3cb83283ff70561/element/f.74039697418B55B680EBD40CFFCF13D1.d.22D60C0167782714B00CCC936986DFC9.e.14610/click - {}
RESULT: {}
COMMAND: GET /session/504404daf6556c94b3cb83283ff70561/screenshot - {}
RESULT: {}
COMMAND: POST /session/504404daf6556c94b3cb83283ff70561/execute/async - {"script":"<script> [1562 bytes]","args":[{"selector":{"id":"application-managehandovers-display-component---AddNewHO--ObjectPageLayout-anchBar-application-managehandovers-display-component---AddNewHO--section4-anchor","interaction":{"idSuffix":"BDI-content"}},"wdio_ui5_key":"applicationmanagehandovers-display-component---AddNewHO--ObjectPageLayout-anchBar-application-managehandovers-display-component---AddNewHO--section4-anchor"}]}
RESULT: {"script":"<script> [1562 bytes]","args":[{"selector":{"id":"application-managehandovers-display-component---AddNewHO--ObjectPageLayout-anchBar-application-managehandovers-display-component---AddNewHO--section4-anchor","interaction":{"idSuffix":"BDI-content"}},"wdio_ui5_key":"applicationmanagehandovers-display-component---AddNewHO--ObjectPageLayout-anchBar-application-managehandovers-display-component---AddNewHO--section4-anchor"}]}
RESULT: undefined
COMMAND: POST /session/504404daf6556c94b3cb83283ff70561/element - {"using":"xpath","value":"//*[@id=\"application-managehandovers-display-component---AddNewHO--ObjectPageLayout-anchBar-application-managehandovers-display-component---AddNewHO--section4-anchor\"]"}
RESULT: {"using":"xpath","value":"//*[@id=\"application-managehandovers-display-component---AddNewHO--ObjectPageLayout-anchBar-application-managehandovers-display-component---AddNewHO--section4-anchor\"]"}
COMMAND: POST /session/504404daf6556c94b3cb83283ff70561/element/f.74039697418B55B680EBD40CFFCF13D1.d.22D60C0167782714B00CCC936986DFC9.e.14612/click - {}
RESULT: {}
COMMAND: POST /session/504404daf6556c94b3cb83283ff70561/element - {"using":"xpath","value":"//button[@aria-label=\"Add\"]"}
COMMAND: GET /session/504404daf6556c94b3cb83283ff70561/screenshot - {}
RESULT: {"using":"xpath","value":"//button[@aria-label=\"Add\"]"}
COMMAND: POST /session/504404daf6556c94b3cb83283ff70561/element/f.74039697418B55B680EBD40CFFCF13D1.d.22D60C0167782714B00CCC936986DFC9.e.14616/click - {}
RESULT: {}
RESULT: {}
COMMAND: GET /session/504404daf6556c94b3cb83283ff70561/screenshot - {}
RESULT: {}
COMMAND: POST /session/504404daf6556c94b3cb83283ff70561/execute/async - {"script":"<script> [1562 bytes]","args":[{"selector":{"id":"application-managehandovers-display-component---AddNewHO--smartFilterBar-btnBasicSearch","searchOpenDialogs":true,"interaction":{"idSuffix":"I"}},"wdio_ui5_key":"applicationmanagehandovers-display-component---AddNewHO--smartFilterBar-btnBasicSearch"}]}
RESULT: {"script":"<script> [1562 bytes]","args":[{"selector":{"id":"application-managehandovers-display-component---AddNewHO--smartFilterBar-btnBasicSearch","searchOpenDialogs":true,"interaction":{"idSuffix":"I"}},"wdio_ui5_key":"applicationmanagehandovers-display-component---AddNewHO--smartFilterBar-btnBasicSearch"}]}
RESULT: undefined
COMMAND: POST /session/504404daf6556c94b3cb83283ff70561/execute/async - {"script":"<script> [776 bytes]","args":[{"enterText":"0nJBZbbSZy","selector":{"id":"application-managehandovers-display-component---AddNewHO--smartFilterBar-btnBasicSearch","searchOpenDialogs":true,"interaction":{"idSuffix":"I"}},"clearTextFirst":true,"interactionType":"ENTER_TEXT"}]}
RESULT: {"script":"<script> [776 bytes]","args":[{"enterText":"0nJBZbbSZy","selector":{"id":"application-managehandovers-display-component---AddNewHO--smartFilterBar-btnBasicSearch","searchOpenDialogs":true,"interaction":{"idSuffix":"I"}},"clearTextFirst":true,"interactionType":"ENTER_TEXT"}]}
COMMAND: POST /session/504404daf6556c94b3cb83283ff70561/actions - {"actions":[{"id":"action51","type":"key","parameters":{},"actions":[{"type":"keyDown","value":""},{"type":"pause","duration":10},{"type":"keyUp","value":""}]}]}
RESULT: {"actions":[{"id":"action51","type":"key","parameters":{},"actions":[{"type":"keyDown","value":""},{"type":"pause","duration":10},{"type":"keyUp","value":""}]}]}
COMMAND: GET /session/504404daf6556c94b3cb83283ff70561/screenshot - {}
COMMAND: POST /session/504404daf6556c94b3cb83283ff70561/execute/async - {"script":"<script> [1562 bytes]","args":[{"selector":{"id":"application-managehandovers-display-component---AddNewHO--popup-sa","searchOpenDialogs":true,"interaction":{"idSuffix":"CbBg"}},"wdio_ui5_key":"applicationmanagehandovers-display-component---AddNewHO--popup-sa"}]}
RESULT: {}
RESULT: {"script":"<script> [1562 bytes]","args":[{"selector":{"id":"application-managehandovers-display-component---AddNewHO--popup-sa","searchOpenDialogs":true,"interaction":{"idSuffix":"CbBg"}},"wdio_ui5_key":"applicationmanagehandovers-display-component---AddNewHO--popup-sa"}]}
RESULT: undefined
COMMAND: POST /session/504404daf6556c94b3cb83283ff70561/element - {"using":"xpath","value":"//*[@id=\"application-managehandovers-display-component---AddNewHO--popup-sa\"]"}
RESULT: {"using":"xpath","value":"//*[@id=\"application-managehandovers-display-component---AddNewHO--popup-sa\"]"}
COMMAND: POST /session/504404daf6556c94b3cb83283ff70561/element/f.74039697418B55B680EBD40CFFCF13D1.d.22D60C0167782714B00CCC936986DFC9.e.14770/click - {}
RESULT: {}
COMMAND: GET /session/504404daf6556c94b3cb83283ff70561/screenshot - {}
RESULT: {}
COMMAND: POST /session/504404daf6556c94b3cb83283ff70561/element - {"using":"xpath","value":"//bdi[contains(text(), \"Select\")]"}
RESULT: {"using":"xpath","value":"//bdi[contains(text(), \"Select\")]"}
COMMAND: POST /session/504404daf6556c94b3cb83283ff70561/element/f.74039697418B55B680EBD40CFFCF13D1.d.22D60C0167782714B00CCC936986DFC9.e.14771/click - {}
RESULT: {}
COMMAND: GET /session/504404daf6556c94b3cb83283ff70561/screenshot - {}
RESULT: {}
COMMAND: POST /session/504404daf6556c94b3cb83283ff70561/element - {"using":"xpath","value":"//button[@data-kt=\"AddNewHOSaveButton\"]"}
RESULT: {"using":"xpath","value":"//button[@data-kt=\"AddNewHOSaveButton\"]"}
COMMAND: POST /session/504404daf6556c94b3cb83283ff70561/element/f.74039697418B55B680EBD40CFFCF13D1.d.22D60C0167782714B00CCC936986DFC9.e.14775/click - {}
RESULT: {}
COMMAND: GET /session/504404daf6556c94b3cb83283ff70561/screenshot - {}
RESULT: {}
COMMAND: POST /session/504404daf6556c94b3cb83283ff70561/execute/async - {"script":"<script> [1562 bytes]","args":[{"selector":{"id":"receiptDatePicker","viewName":"etm.portal.ui.managehandovers.view.DetailExecuteHO","interaction":{"idSuffix":"inner"}},"wdio_ui5_key":"receiptDatePickeretmportal.ui.managehandovers.view.DetailExecuteHO"}]}
RESULT: {"script":"<script> [1562 bytes]","args":[{"selector":{"id":"receiptDatePicker","viewName":"etm.portal.ui.managehandovers.view.DetailExecuteHO","interaction":{"idSuffix":"inner"}},"wdio_ui5_key":"receiptDatePickeretmportal.ui.managehandovers.view.DetailExecuteHO"}]}
RESULT: undefined
COMMAND: POST /session/504404daf6556c94b3cb83283ff70561/execute/async - {"script":"<script> [6424 bytes]","args":[{"element-6066-11e4-a52e-4f735466cecf":"f.74039697418B55B680EBD40CFFCF13D1.d.22D60C0167782714B00CCC936986DFC9.e.14807"},"setValue",["04/21/2025"]]}
RESULT: {"script":"<script> [6424 bytes]","args":[{"element-6066-11e4-a52e-4f735466cecf":"f.74039697418B55B680EBD40CFFCF13D1.d.22D60C0167782714B00CCC936986DFC9.e.14807"},"setValue",["04/21/2025"]]}
COMMAND: POST /session/504404daf6556c94b3cb83283ff70561/element - {"using":"xpath","value":"//button[@data-kt=\"PickingTableConfirmAllButton\"]"}
RESULT: {"using":"xpath","value":"//button[@data-kt=\"PickingTableConfirmAllButton\"]"}
COMMAND: POST /session/504404daf6556c94b3cb83283ff70561/element/f.74039697418B55B680EBD40CFFCF13D1.d.22D60C0167782714B00CCC936986DFC9.e.14822/click - {}
RESULT: {}
COMMAND: GET /session/504404daf6556c94b3cb83283ff70561/screenshot - {}
RESULT: {}
COMMAND: POST /session/504404daf6556c94b3cb83283ff70561/element - {"using":"xpath","value":"//bdi[contains(text(), \"OK\")]"}
RESULT: {"using":"xpath","value":"//bdi[contains(text(), \"OK\")]"}
COMMAND: POST /session/504404daf6556c94b3cb83283ff70561/element/f.74039697418B55B680EBD40CFFCF13D1.d.22D60C0167782714B00CCC936986DFC9.e.14824/click - {}
RESULT: {}
COMMAND: GET /session/504404daf6556c94b3cb83283ff70561/screenshot - {}
RESULT: {}
COMMAND: POST /session/504404daf6556c94b3cb83283ff70561/element - {"using":"xpath","value":"(//bdi[contains(text(), \"Receive\")])[2]"}
RESULT: {"using":"xpath","value":"(//bdi[contains(text(), \"Receive\")])[2]"}
COMMAND: POST /session/504404daf6556c94b3cb83283ff70561/element/f.74039697418B55B680EBD40CFFCF13D1.d.22D60C0167782714B00CCC936986DFC9.e.14826/click - {}
RESULT: {}
COMMAND: GET /session/504404daf6556c94b3cb83283ff70561/screenshot - {}
RESULT: {}
COMMAND: POST /session/504404daf6556c94b3cb83283ff70561/element - {"using":"css selector","value":"#shell-header-logo"}
RESULT: {"using":"css selector","value":"#shell-header-logo"}
COMMAND: POST /session/504404daf6556c94b3cb83283ff70561/element/f.74039697418B55B680EBD40CFFCF13D1.d.22D60C0167782714B00CCC936986DFC9.e.14227/click - {}
RESULT: {}
COMMAND: GET /session/504404daf6556c94b3cb83283ff70561/screenshot - {}
RESULT: {}
]]></system-out>
    </testcase>
    <testcase classname="chrome.135_0_7049_42.windows.Billing_transfer_US117289" name="Should create a new contract" time="66.812">
      <system-out><![CDATA[
COMMAND: POST /session/504404daf6556c94b3cb83283ff70561/execute/async - {"script":"<script> [1562 bytes]","args":[{"selector":{"controlType":"sap.m.Text","viewName":"etm.portal.ui.managecontractstile.view.Master","properties":{"text":"Manage Contracts"},"interaction":{"idSuffix":"inner"}},"wdio_ui5_key":"etmportal.ui.managecontractstile.view.Mastersap.m.Text{\"text\":\"Manage Contracts\"}"}]}
RESULT: {"script":"<script> [1562 bytes]","args":[{"selector":{"controlType":"sap.m.Text","viewName":"etm.portal.ui.managecontractstile.view.Master","properties":{"text":"Manage Contracts"},"interaction":{"idSuffix":"inner"}},"wdio_ui5_key":"etmportal.ui.managecontractstile.view.Mastersap.m.Text{\"text\":\"Manage Contracts\"}"}]}
RESULT: undefined
COMMAND: POST /session/504404daf6556c94b3cb83283ff70561/element - {"using":"xpath","value":"//*[@id=\"__tile130-title\"]"}
RESULT: {"using":"xpath","value":"//*[@id=\"__tile130-title\"]"}
COMMAND: POST /session/504404daf6556c94b3cb83283ff70561/element/f.74039697418B55B680EBD40CFFCF13D1.d.22D60C0167782714B00CCC936986DFC9.e.15110/click - {}
RESULT: {}
COMMAND: GET /session/504404daf6556c94b3cb83283ff70561/screenshot - {}
COMMAND: POST /session/504404daf6556c94b3cb83283ff70561/element - {"using":"xpath","value":"//button[@data-kt=\"addButton\"]"}
RESULT: undefined
RESULT: undefined
RESULT: {}
RESULT: {"using":"xpath","value":"//button[@data-kt=\"addButton\"]"}
COMMAND: POST /session/504404daf6556c94b3cb83283ff70561/elements - {"using":"xpath","value":"//button[@data-kt=\"addButton\"]"}
RESULT: {"using":"xpath","value":"//button[@data-kt=\"addButton\"]"}
COMMAND: POST /session/504404daf6556c94b3cb83283ff70561/execute/sync - {"script":"<script> [8489 bytes]","args":[{"element-6066-11e4-a52e-4f735466cecf":"f.74039697418B55B680EBD40CFFCF13D1.d.22D60C0167782714B00CCC936986DFC9.e.15180","ELEMENT":"f.74039697418B55B680EBD40CFFCF13D1.d.22D60C0167782714B00CCC936986DFC9.e.15180"}]}
RESULT: {"script":"<script> [8489 bytes]","args":[{"element-6066-11e4-a52e-4f735466cecf":"f.74039697418B55B680EBD40CFFCF13D1.d.22D60C0167782714B00CCC936986DFC9.e.15180","ELEMENT":"f.74039697418B55B680EBD40CFFCF13D1.d.22D60C0167782714B00CCC936986DFC9.e.15180"}]}
COMMAND: GET /session/504404daf6556c94b3cb83283ff70561/element/f.74039697418B55B680EBD40CFFCF13D1.d.22D60C0167782714B00CCC936986DFC9.e.15180/enabled - {}
COMMAND: GET /session/504404daf6556c94b3cb83283ff70561/screenshot - {}
RESULT: {}
COMMAND: POST /session/504404daf6556c94b3cb83283ff70561/execute/sync - {"script":"<script> [8489 bytes]","args":[{"element-6066-11e4-a52e-4f735466cecf":"f.74039697418B55B680EBD40CFFCF13D1.d.22D60C0167782714B00CCC936986DFC9.e.15180","ELEMENT":"f.74039697418B55B680EBD40CFFCF13D1.d.22D60C0167782714B00CCC936986DFC9.e.15180"}]}
COMMAND: GET /session/504404daf6556c94b3cb83283ff70561/screenshot - {}
RESULT: {}
RESULT: {"script":"<script> [8489 bytes]","args":[{"element-6066-11e4-a52e-4f735466cecf":"f.74039697418B55B680EBD40CFFCF13D1.d.22D60C0167782714B00CCC936986DFC9.e.15180","ELEMENT":"f.74039697418B55B680EBD40CFFCF13D1.d.22D60C0167782714B00CCC936986DFC9.e.15180"}]}
COMMAND: POST /session/504404daf6556c94b3cb83283ff70561/execute/sync - {"script":"<script> [5351 bytes]","args":[{"element-6066-11e4-a52e-4f735466cecf":"f.74039697418B55B680EBD40CFFCF13D1.d.22D60C0167782714B00CCC936986DFC9.e.15180","ELEMENT":"f.74039697418B55B680EBD40CFFCF13D1.d.22D60C0167782714B00CCC936986DFC9.e.15180"}]}
COMMAND: GET /session/504404daf6556c94b3cb83283ff70561/screenshot - {}
RESULT: {}
RESULT: {"script":"<script> [5351 bytes]","args":[{"element-6066-11e4-a52e-4f735466cecf":"f.74039697418B55B680EBD40CFFCF13D1.d.22D60C0167782714B00CCC936986DFC9.e.15180","ELEMENT":"f.74039697418B55B680EBD40CFFCF13D1.d.22D60C0167782714B00CCC936986DFC9.e.15180"}]}
COMMAND: GET /session/504404daf6556c94b3cb83283ff70561/screenshot - {}
RESULT: {}
RESULT: {}
COMMAND: POST /session/504404daf6556c94b3cb83283ff70561/element/f.74039697418B55B680EBD40CFFCF13D1.d.22D60C0167782714B00CCC936986DFC9.e.15180/click - {}
RESULT: {}
COMMAND: GET /session/504404daf6556c94b3cb83283ff70561/screenshot - {}
COMMAND: POST /session/504404daf6556c94b3cb83283ff70561/execute/async - {"script":"<script> [1562 bytes]","args":[{"selector":{"id":"application-managecontracts-display-component---AddNewContract--projectDescription","interaction":{"idSuffix":"inner"}},"wdio_ui5_key":"applicationmanagecontracts-display-component---AddNewContract--projectDescription"}]}
RESULT: {}
RESULT: {"script":"<script> [1562 bytes]","args":[{"selector":{"id":"application-managecontracts-display-component---AddNewContract--projectDescription","interaction":{"idSuffix":"inner"}},"wdio_ui5_key":"applicationmanagecontracts-display-component---AddNewContract--projectDescription"}]}
RESULT: undefined
COMMAND: POST /session/504404daf6556c94b3cb83283ff70561/execute/async - {"script":"<script> [776 bytes]","args":[{"enterText":"Contract WDIO","selector":{"id":"application-managecontracts-display-component---AddNewContract--projectDescription","interaction":{"idSuffix":"inner"}},"clearTextFirst":true,"interactionType":"ENTER_TEXT"}]}
RESULT: {"script":"<script> [776 bytes]","args":[{"enterText":"Contract WDIO","selector":{"id":"application-managecontracts-display-component---AddNewContract--projectDescription","interaction":{"idSuffix":"inner"}},"clearTextFirst":true,"interactionType":"ENTER_TEXT"}]}
COMMAND: POST /session/504404daf6556c94b3cb83283ff70561/element - {"using":"xpath","value":"//input[@id=\"application-managecontracts-display-component---AddNewContract--site-inner\"]"}
RESULT: {"using":"xpath","value":"//input[@id=\"application-managecontracts-display-component---AddNewContract--site-inner\"]"}
COMMAND: POST /session/504404daf6556c94b3cb83283ff70561/element/f.74039697418B55B680EBD40CFFCF13D1.d.22D60C0167782714B00CCC936986DFC9.e.15511/clear - {}
RESULT: {}
COMMAND: POST /session/504404daf6556c94b3cb83283ff70561/element/f.74039697418B55B680EBD40CFFCF13D1.d.22D60C0167782714B00CCC936986DFC9.e.15511/value - {"text":"2464"}
COMMAND: GET /session/504404daf6556c94b3cb83283ff70561/screenshot - {}
RESULT: {"text":"2464"}
COMMAND: GET /session/504404daf6556c94b3cb83283ff70561/screenshot - {}
RESULT: {}
RESULT: {}
COMMAND: POST /session/504404daf6556c94b3cb83283ff70561/element - {"using":"xpath","value":"//li[.//span[text()='2464']]"}
RESULT: {"using":"xpath","value":"//li[.//span[text()='2464']]"}
COMMAND: POST /session/504404daf6556c94b3cb83283ff70561/element/f.74039697418B55B680EBD40CFFCF13D1.d.22D60C0167782714B00CCC936986DFC9.e.15534/click - {}
RESULT: {}
COMMAND: GET /session/504404daf6556c94b3cb83283ff70561/screenshot - {}
RESULT: {}
COMMAND: POST /session/504404daf6556c94b3cb83283ff70561/element - {"using":"xpath","value":"//input[@id=\"application-managecontracts-display-component---AddNewContract--yardId-inner\"]"}
RESULT: {"using":"xpath","value":"//input[@id=\"application-managecontracts-display-component---AddNewContract--yardId-inner\"]"}
COMMAND: GET /session/504404daf6556c94b3cb83283ff70561/element/f.74039697418B55B680EBD40CFFCF13D1.d.22D60C0167782714B00CCC936986DFC9.e.15512/property/value - {}
RESULT: {}
COMMAND: POST /session/504404daf6556c94b3cb83283ff70561/element - {"using":"xpath","value":"//input[@id=\"application-managecontracts-display-component---AddNewContract--customerSelect-inner\"]"}
COMMAND: GET /session/504404daf6556c94b3cb83283ff70561/screenshot - {}
RESULT: {"using":"xpath","value":"//input[@id=\"application-managecontracts-display-component---AddNewContract--customerSelect-inner\"]"}
COMMAND: POST /session/504404daf6556c94b3cb83283ff70561/element/f.74039697418B55B680EBD40CFFCF13D1.d.22D60C0167782714B00CCC936986DFC9.e.15510/clear - {}
RESULT: {}
RESULT: {}
COMMAND: POST /session/504404daf6556c94b3cb83283ff70561/element/f.74039697418B55B680EBD40CFFCF13D1.d.22D60C0167782714B00CCC936986DFC9.e.15510/value - {"text":"1511"}
COMMAND: GET /session/504404daf6556c94b3cb83283ff70561/screenshot - {}
RESULT: {"text":"1511"}
COMMAND: GET /session/504404daf6556c94b3cb83283ff70561/screenshot - {}
RESULT: {}
RESULT: {}
COMMAND: POST /session/504404daf6556c94b3cb83283ff70561/element - {"using":"xpath","value":"//li[.//span[text()='1511']]"}
RESULT: {"using":"xpath","value":"//li[.//span[text()='1511']]"}
COMMAND: POST /session/504404daf6556c94b3cb83283ff70561/element/f.74039697418B55B680EBD40CFFCF13D1.d.22D60C0167782714B00CCC936986DFC9.e.15537/click - {}
RESULT: {}
COMMAND: GET /session/504404daf6556c94b3cb83283ff70561/screenshot - {}
RESULT: {}
COMMAND: POST /session/504404daf6556c94b3cb83283ff70561/element - {"using":"xpath","value":"//button[@data-kt=\"saveButton\"]"}
RESULT: {"using":"xpath","value":"//button[@data-kt=\"saveButton\"]"}
COMMAND: POST /session/504404daf6556c94b3cb83283ff70561/element/f.74039697418B55B680EBD40CFFCF13D1.d.22D60C0167782714B00CCC936986DFC9.e.15527/click - {}
RESULT: {}
COMMAND: GET /session/504404daf6556c94b3cb83283ff70561/screenshot - {}
RESULT: {}
COMMAND: POST /session/504404daf6556c94b3cb83283ff70561/element - {"using":"xpath","value":"//span[contains(@id ,\"contractDetailTitleNoExpanded\")]"}
RESULT: {"using":"xpath","value":"//span[contains(@id ,\"contractDetailTitleNoExpanded\")]"}
COMMAND: POST /session/504404daf6556c94b3cb83283ff70561/elements - {"using":"xpath","value":"//span[contains(@id ,\"contractDetailTitleNoExpanded\")]"}
RESULT: {"using":"xpath","value":"//span[contains(@id ,\"contractDetailTitleNoExpanded\")]"}
COMMAND: POST /session/504404daf6556c94b3cb83283ff70561/execute/sync - {"script":"<script> [56 bytes]","args":[{"element-6066-11e4-a52e-4f735466cecf":"f.74039697418B55B680EBD40CFFCF13D1.d.22D60C0167782714B00CCC936986DFC9.e.15609","ELEMENT":"f.74039697418B55B680EBD40CFFCF13D1.d.22D60C0167782714B00CCC936986DFC9.e.15609"}]}
RESULT: {"script":"<script> [56 bytes]","args":[{"element-6066-11e4-a52e-4f735466cecf":"f.74039697418B55B680EBD40CFFCF13D1.d.22D60C0167782714B00CCC936986DFC9.e.15609","ELEMENT":"f.74039697418B55B680EBD40CFFCF13D1.d.22D60C0167782714B00CCC936986DFC9.e.15609"}]}
COMMAND: GET /session/504404daf6556c94b3cb83283ff70561/screenshot - {}
RESULT: {}
]]></system-out>
    </testcase>
    <testcase classname="chrome.135_0_7049_42.windows.Billing_transfer_US117289" name="Should add created equipment to contract" time="51.144">
      <system-out><![CDATA[
COMMAND: POST /session/504404daf6556c94b3cb83283ff70561/element - {"using":"xpath","value":"//button[@data-kt=\"contractDetailEditBtnButton\"]"}
RESULT: {"using":"xpath","value":"//button[@data-kt=\"contractDetailEditBtnButton\"]"}
COMMAND: POST /session/504404daf6556c94b3cb83283ff70561/element/f.74039697418B55B680EBD40CFFCF13D1.d.22D60C0167782714B00CCC936986DFC9.e.15610/click - {}
RESULT: {}
COMMAND: GET /session/504404daf6556c94b3cb83283ff70561/screenshot - {}
RESULT: {}
COMMAND: POST /session/504404daf6556c94b3cb83283ff70561/element - {"using":"xpath","value":"(//span[contains(text(), \"Additional Addresses\")])[2]"}
RESULT: {"using":"xpath","value":"(//span[contains(text(), \"Additional Addresses\")])[2]"}
COMMAND: POST /session/504404daf6556c94b3cb83283ff70561/element/f.74039697418B55B680EBD40CFFCF13D1.d.22D60C0167782714B00CCC936986DFC9.e.15668/click - {}
RESULT: {}
COMMAND: GET /session/504404daf6556c94b3cb83283ff70561/screenshot - {}
RESULT: {}
COMMAND: POST /session/504404daf6556c94b3cb83283ff70561/element - {"using":"xpath","value":"//button[@data-kt=\"btnAddTableRowOverflowToolbarButton\"]"}
RESULT: {"using":"xpath","value":"//button[@data-kt=\"btnAddTableRowOverflowToolbarButton\"]"}
COMMAND: POST /session/504404daf6556c94b3cb83283ff70561/element/f.74039697418B55B680EBD40CFFCF13D1.d.22D60C0167782714B00CCC936986DFC9.e.15670/click - {}
RESULT: {}
COMMAND: GET /session/504404daf6556c94b3cb83283ff70561/screenshot - {}
RESULT: {}
COMMAND: POST /session/504404daf6556c94b3cb83283ff70561/element - {"using":"xpath","value":"//div[(text() = 'Standard Entry' or . = 'Standard Entry')]"}
RESULT: {"using":"xpath","value":"//div[(text() = 'Standard Entry' or . = 'Standard Entry')]"}
COMMAND: POST /session/504404daf6556c94b3cb83283ff70561/element/f.74039697418B55B680EBD40CFFCF13D1.d.22D60C0167782714B00CCC936986DFC9.e.15672/click - {}
RESULT: {}
COMMAND: GET /session/504404daf6556c94b3cb83283ff70561/screenshot - {}
RESULT: {}
COMMAND: POST /session/504404daf6556c94b3cb83283ff70561/element - {"using":"xpath","value":"//td[7]/div/div/input"}
RESULT: {"using":"xpath","value":"//td[7]/div/div/input"}
COMMAND: POST /session/504404daf6556c94b3cb83283ff70561/element/f.74039697418B55B680EBD40CFFCF13D1.d.22D60C0167782714B00CCC936986DFC9.e.15681/clear - {}
RESULT: {}
COMMAND: POST /session/504404daf6556c94b3cb83283ff70561/element/f.74039697418B55B680EBD40CFFCF13D1.d.22D60C0167782714B00CCC936986DFC9.e.15681/value - {"text":"0nJBZbbSZy"}
COMMAND: GET /session/504404daf6556c94b3cb83283ff70561/screenshot - {}
RESULT: {"text":"0nJBZbbSZy"}
COMMAND: GET /session/504404daf6556c94b3cb83283ff70561/screenshot - {}
RESULT: {}
RESULT: {}
COMMAND: POST /session/504404daf6556c94b3cb83283ff70561/actions - {"actions":[{"id":"action52","type":"key","parameters":{},"actions":[{"type":"keyDown","value":""},{"type":"pause","duration":10},{"type":"keyUp","value":""}]}]}
RESULT: {"actions":[{"id":"action52","type":"key","parameters":{},"actions":[{"type":"keyDown","value":""},{"type":"pause","duration":10},{"type":"keyUp","value":""}]}]}
COMMAND: GET /session/504404daf6556c94b3cb83283ff70561/screenshot - {}
RESULT: {}
COMMAND: POST /session/504404daf6556c94b3cb83283ff70561/element - {"using":"xpath","value":"(//button[@data-kt=\"saveButton\"])[2]"}
RESULT: {"using":"xpath","value":"(//button[@data-kt=\"saveButton\"])[2]"}
COMMAND: POST /session/504404daf6556c94b3cb83283ff70561/element/f.74039697418B55B680EBD40CFFCF13D1.d.22D60C0167782714B00CCC936986DFC9.e.15696/click - {}
RESULT: {}
COMMAND: GET /session/504404daf6556c94b3cb83283ff70561/screenshot - {}
RESULT: {}
COMMAND: POST /session/504404daf6556c94b3cb83283ff70561/element - {"using":"xpath","value":"//span[contains(@id ,\"contractItemsSmartTable-header-inner\")]"}
RESULT: {"using":"xpath","value":"//span[contains(@id ,\"contractItemsSmartTable-header-inner\")]"}
COMMAND: POST /session/504404daf6556c94b3cb83283ff70561/elements - {"using":"xpath","value":"//span[contains(@id ,\"contractItemsSmartTable-header-inner\")]"}
RESULT: {"using":"xpath","value":"//span[contains(@id ,\"contractItemsSmartTable-header-inner\")]"}
COMMAND: POST /session/504404daf6556c94b3cb83283ff70561/execute/sync - {"script":"<script> [56 bytes]","args":[{"element-6066-11e4-a52e-4f735466cecf":"f.74039697418B55B680EBD40CFFCF13D1.d.22D60C0167782714B00CCC936986DFC9.e.15702","ELEMENT":"f.74039697418B55B680EBD40CFFCF13D1.d.22D60C0167782714B00CCC936986DFC9.e.15702"}]}
RESULT: {"script":"<script> [56 bytes]","args":[{"element-6066-11e4-a52e-4f735466cecf":"f.74039697418B55B680EBD40CFFCF13D1.d.22D60C0167782714B00CCC936986DFC9.e.15702","ELEMENT":"f.74039697418B55B680EBD40CFFCF13D1.d.22D60C0167782714B00CCC936986DFC9.e.15702"}]}
]]></system-out>
    </testcase>
    <testcase classname="chrome.135_0_7049_42.windows.Billing_transfer_US117289" name="Should do a provide to site handover" time="62.034">
      <system-out><![CDATA[
COMMAND: POST /session/504404daf6556c94b3cb83283ff70561/element - {"using":"xpath","value":"//button[@data-kt=\"provideButton\"]"}
COMMAND: GET /session/504404daf6556c94b3cb83283ff70561/screenshot - {}
RESULT: {"using":"xpath","value":"//button[@data-kt=\"provideButton\"]"}
COMMAND: POST /session/504404daf6556c94b3cb83283ff70561/element/f.74039697418B55B680EBD40CFFCF13D1.d.22D60C0167782714B00CCC936986DFC9.e.15703/click - {}
RESULT: {}
RESULT: {}
COMMAND: GET /session/504404daf6556c94b3cb83283ff70561/screenshot - {}
RESULT: {}
RESULT: undefined
COMMAND: POST /session/504404daf6556c94b3cb83283ff70561/execute/async - {"script":"<script> [6424 bytes]","args":[{"element-6066-11e4-a52e-4f735466cecf":"f.74039697418B55B680EBD40CFFCF13D1.d.22D60C0167782714B00CCC936986DFC9.e.14587"},"setValue",["04/21/2025"]]}
COMMAND: POST /session/504404daf6556c94b3cb83283ff70561/execute/async - {"script":"<script> [1562 bytes]","args":[{"selector":{"id":"application-managehandovers-display-component---AddNewHO--dueDate","interaction":{"idSuffix":"inner"}},"wdio_ui5_key":"applicationmanagehandovers-display-component---AddNewHO--dueDate"}]}
RESULT: {"script":"<script> [1562 bytes]","args":[{"selector":{"id":"application-managehandovers-display-component---AddNewHO--dueDate","interaction":{"idSuffix":"inner"}},"wdio_ui5_key":"applicationmanagehandovers-display-component---AddNewHO--dueDate"}]}
COMMAND: POST /session/504404daf6556c94b3cb83283ff70561/execute/async - {"script":"<script> [6424 bytes]","args":[{"element-6066-11e4-a52e-4f735466cecf":"f.74039697418B55B680EBD40CFFCF13D1.d.22D60C0167782714B00CCC936986DFC9.e.15773"},"setValue",["04/21/2025"]]}
RESULT: {"script":"<script> [6424 bytes]","args":[{"element-6066-11e4-a52e-4f735466cecf":"f.74039697418B55B680EBD40CFFCF13D1.d.22D60C0167782714B00CCC936986DFC9.e.15773"},"setValue",["04/21/2025"]]}
COMMAND: POST /session/504404daf6556c94b3cb83283ff70561/element - {"using":"xpath","value":"//bdi[contains(text(), \"Instructions\")]"}
RESULT: {"using":"xpath","value":"//bdi[contains(text(), \"Instructions\")]"}
COMMAND: POST /session/504404daf6556c94b3cb83283ff70561/element/f.74039697418B55B680EBD40CFFCF13D1.d.22D60C0167782714B00CCC936986DFC9.e.16033/click - {}
RESULT: {}
COMMAND: GET /session/504404daf6556c94b3cb83283ff70561/screenshot - {}
RESULT: {}
COMMAND: POST /session/504404daf6556c94b3cb83283ff70561/element - {"using":"xpath","value":"//button[@data-kt=\"AddNewHOProvideAddItemsButton\"]"}
RESULT: {"using":"xpath","value":"//button[@data-kt=\"AddNewHOProvideAddItemsButton\"]"}
COMMAND: POST /session/504404daf6556c94b3cb83283ff70561/element/f.74039697418B55B680EBD40CFFCF13D1.d.22D60C0167782714B00CCC936986DFC9.e.16037/click - {}
RESULT: {}
COMMAND: GET /session/504404daf6556c94b3cb83283ff70561/screenshot - {}
RESULT: {}
RESULT: undefined
COMMAND: POST /session/504404daf6556c94b3cb83283ff70561/element - {"using":"xpath","value":"//*[@id=\"application-managehandovers-display-component---AddNewHO--popup-sa\"]"}
RESULT: {"using":"xpath","value":"//*[@id=\"application-managehandovers-display-component---AddNewHO--popup-sa\"]"}
COMMAND: POST /session/504404daf6556c94b3cb83283ff70561/element/f.74039697418B55B680EBD40CFFCF13D1.d.22D60C0167782714B00CCC936986DFC9.e.16053/click - {}
RESULT: {}
COMMAND: GET /session/504404daf6556c94b3cb83283ff70561/screenshot - {}
RESULT: {}
COMMAND: POST /session/504404daf6556c94b3cb83283ff70561/element - {"using":"xpath","value":"//*[contains(@id ,\"BDI-content\")][contains(text(), \"Select\")]"}
RESULT: {"using":"xpath","value":"//*[contains(@id ,\"BDI-content\")][contains(text(), \"Select\")]"}
COMMAND: POST /session/504404daf6556c94b3cb83283ff70561/element/f.74039697418B55B680EBD40CFFCF13D1.d.22D60C0167782714B00CCC936986DFC9.e.16055/click - {}
RESULT: {}
COMMAND: GET /session/504404daf6556c94b3cb83283ff70561/screenshot - {}
RESULT: {}
COMMAND: POST /session/504404daf6556c94b3cb83283ff70561/execute/async - {"script":"<script> [1562 bytes]","args":[{"selector":{"id":"application-managehandovers-display-component---AddNewHO--confirmCreationButton","interaction":{"idSuffix":"BDI-content"}},"wdio_ui5_key":"applicationmanagehandovers-display-component---AddNewHO--confirmCreationButton"}]}
RESULT: {"script":"<script> [1562 bytes]","args":[{"selector":{"id":"application-managehandovers-display-component---AddNewHO--confirmCreationButton","interaction":{"idSuffix":"BDI-content"}},"wdio_ui5_key":"applicationmanagehandovers-display-component---AddNewHO--confirmCreationButton"}]}
RESULT: undefined
COMMAND: POST /session/504404daf6556c94b3cb83283ff70561/element - {"using":"xpath","value":"//*[@id=\"application-managehandovers-display-component---AddNewHO--confirmCreationButton\"]"}
RESULT: {"using":"xpath","value":"//*[@id=\"application-managehandovers-display-component---AddNewHO--confirmCreationButton\"]"}
COMMAND: POST /session/504404daf6556c94b3cb83283ff70561/element/f.74039697418B55B680EBD40CFFCF13D1.d.22D60C0167782714B00CCC936986DFC9.e.15823/click - {}
RESULT: {}
COMMAND: GET /session/504404daf6556c94b3cb83283ff70561/screenshot - {}
COMMAND: POST /session/504404daf6556c94b3cb83283ff70561/element - {"using":"xpath","value":"//button[@data-kt=\"PickingTableConfirmAllButton\"]"}
RESULT: {}
RESULT: {"using":"xpath","value":"//button[@data-kt=\"PickingTableConfirmAllButton\"]"}
COMMAND: POST /session/504404daf6556c94b3cb83283ff70561/elements - {"using":"xpath","value":"//button[@data-kt=\"PickingTableConfirmAllButton\"]"}
RESULT: {"using":"xpath","value":"//button[@data-kt=\"PickingTableConfirmAllButton\"]"}
COMMAND: POST /session/504404daf6556c94b3cb83283ff70561/elements - {"using":"xpath","value":"//button[@data-kt=\"PickingTableConfirmAllButton\"]"}
RESULT: {"using":"xpath","value":"//button[@data-kt=\"PickingTableConfirmAllButton\"]"}
COMMAND: POST /session/504404daf6556c94b3cb83283ff70561/element - {"using":"xpath","value":"//button[@data-kt=\"PickingTableConfirmAllButton\"]"}
RESULT: {"using":"xpath","value":"//button[@data-kt=\"PickingTableConfirmAllButton\"]"}
COMMAND: POST /session/504404daf6556c94b3cb83283ff70561/element/f.74039697418B55B680EBD40CFFCF13D1.d.22D60C0167782714B00CCC936986DFC9.e.16093/click - {}
COMMAND: POST /session/504404daf6556c94b3cb83283ff70561/element - {"using":"xpath","value":"//button[@data-kt=\"PickingTableConfirmAllButton\"]"}
RESULT: {"using":"xpath","value":"//button[@data-kt=\"PickingTableConfirmAllButton\"]"}
COMMAND: POST /session/504404daf6556c94b3cb83283ff70561/element/f.74039697418B55B680EBD40CFFCF13D1.d.22D60C0167782714B00CCC936986DFC9.e.16093/click - {}
COMMAND: POST /session/504404daf6556c94b3cb83283ff70561/element - {"using":"xpath","value":"//button[@data-kt=\"PickingTableConfirmAllButton\"]"}
RESULT: {"using":"xpath","value":"//button[@data-kt=\"PickingTableConfirmAllButton\"]"}
COMMAND: POST /session/504404daf6556c94b3cb83283ff70561/element/f.74039697418B55B680EBD40CFFCF13D1.d.22D60C0167782714B00CCC936986DFC9.e.16115/click - {}
RESULT: {}
COMMAND: GET /session/504404daf6556c94b3cb83283ff70561/screenshot - {}
RESULT: {}
COMMAND: POST /session/504404daf6556c94b3cb83283ff70561/element - {"using":"xpath","value":"//bdi[contains(text(), \"OK\")]"}
RESULT: {"using":"xpath","value":"//bdi[contains(text(), \"OK\")]"}
COMMAND: POST /session/504404daf6556c94b3cb83283ff70561/element/f.74039697418B55B680EBD40CFFCF13D1.d.22D60C0167782714B00CCC936986DFC9.e.16118/click - {}
RESULT: {}
COMMAND: GET /session/504404daf6556c94b3cb83283ff70561/screenshot - {}
RESULT: {}
COMMAND: POST /session/504404daf6556c94b3cb83283ff70561/element - {"using":"xpath","value":"//bdi[contains(text(), \"Issue\")]"}
RESULT: {"using":"xpath","value":"//bdi[contains(text(), \"Issue\")]"}
COMMAND: POST /session/504404daf6556c94b3cb83283ff70561/element/f.74039697418B55B680EBD40CFFCF13D1.d.22D60C0167782714B00CCC936986DFC9.e.16119/click - {}
RESULT: {}
COMMAND: GET /session/504404daf6556c94b3cb83283ff70561/screenshot - {}
RESULT: {}
COMMAND: POST /session/504404daf6556c94b3cb83283ff70561/element - {"using":"css selector","value":"#shell-header-logo"}
RESULT: {"using":"css selector","value":"#shell-header-logo"}
COMMAND: POST /session/504404daf6556c94b3cb83283ff70561/element/f.74039697418B55B680EBD40CFFCF13D1.d.22D60C0167782714B00CCC936986DFC9.e.15114/click - {}
RESULT: {}
COMMAND: GET /session/504404daf6556c94b3cb83283ff70561/screenshot - {}
RESULT: {}
]]></system-out>
    </testcase>
    <testcase classname="chrome.135_0_7049_42.windows.Billing_transfer_US117289" name="Should navigate to Manage Billings and trigger contract calculation business confirm it" time="61.318">
      <system-out><![CDATA[
COMMAND: POST /session/504404daf6556c94b3cb83283ff70561/execute/async - {"script":"<script> [1562 bytes]","args":[{"selector":{"controlType":"sap.m.GenericTile","properties":{"header":"Manage Billings"}},"wdio_ui5_key":"sapm.GenericTile{\"header\":\"Manage Billings\"}"}]}
RESULT: {"script":"<script> [1562 bytes]","args":[{"selector":{"controlType":"sap.m.GenericTile","properties":{"header":"Manage Billings"}},"wdio_ui5_key":"sapm.GenericTile{\"header\":\"Manage Billings\"}"}]}
RESULT: undefined
COMMAND: POST /session/504404daf6556c94b3cb83283ff70561/element - {"using":"xpath","value":"//*[@id=\"__tile51\"]"}
RESULT: {"using":"xpath","value":"//*[@id=\"__tile51\"]"}
COMMAND: POST /session/504404daf6556c94b3cb83283ff70561/element/f.74039697418B55B680EBD40CFFCF13D1.d.22D60C0167782714B00CCC936986DFC9.e.12912/click - {}
RESULT: {}
COMMAND: GET /session/504404daf6556c94b3cb83283ff70561/screenshot - {}
COMMAND: POST /session/504404daf6556c94b3cb83283ff70561/execute/async - {"script":"<script> [1562 bytes]","args":[{"selector":{"id":"application-managebillings-display-component---billRunCalcResult--smartFilterBar-btnBasicSearch","interaction":{"idSuffix":"I"}},"wdio_ui5_key":"applicationmanagebillings-display-component---billRunCalcResult--smartFilterBar-btnBasicSearch"}]}
RESULT: {}
RESULT: {"script":"<script> [1562 bytes]","args":[{"selector":{"id":"application-managebillings-display-component---billRunCalcResult--smartFilterBar-btnBasicSearch","interaction":{"idSuffix":"I"}},"wdio_ui5_key":"applicationmanagebillings-display-component---billRunCalcResult--smartFilterBar-btnBasicSearch"}]}
RESULT: undefined
COMMAND: POST /session/504404daf6556c94b3cb83283ff70561/execute/async - {"script":"<script> [776 bytes]","args":[{"enterText":"10531","selector":{"id":"application-managebillings-display-component---billRunCalcResult--smartFilterBar-btnBasicSearch","interaction":{"idSuffix":"I"}},"clearTextFirst":true,"interactionType":"ENTER_TEXT"}]}
RESULT: {"script":"<script> [776 bytes]","args":[{"enterText":"10531","selector":{"id":"application-managebillings-display-component---billRunCalcResult--smartFilterBar-btnBasicSearch","interaction":{"idSuffix":"I"}},"clearTextFirst":true,"interactionType":"ENTER_TEXT"}]}
COMMAND: POST /session/504404daf6556c94b3cb83283ff70561/actions - {"actions":[{"id":"action53","type":"key","parameters":{},"actions":[{"type":"keyDown","value":""},{"type":"pause","duration":10},{"type":"keyUp","value":""}]}]}
RESULT: {"actions":[{"id":"action53","type":"key","parameters":{},"actions":[{"type":"keyDown","value":""},{"type":"pause","duration":10},{"type":"keyUp","value":""}]}]}
COMMAND: GET /session/504404daf6556c94b3cb83283ff70561/screenshot - {}
RESULT: {}
COMMAND: POST /session/504404daf6556c94b3cb83283ff70561/element - {"using":"xpath","value":"//td[@aria-colindex=\"1\"]/div/div[contains(@class, \"sapMCbBg\")]"}
RESULT: {"using":"xpath","value":"//td[@aria-colindex=\"1\"]/div/div[contains(@class, \"sapMCbBg\")]"}
COMMAND: POST /session/504404daf6556c94b3cb83283ff70561/element/f.74039697418B55B680EBD40CFFCF13D1.d.22D60C0167782714B00CCC936986DFC9.e.16518/click - {}
RESULT: {}
COMMAND: GET /session/504404daf6556c94b3cb83283ff70561/screenshot - {}
RESULT: {}
COMMAND: POST /session/504404daf6556c94b3cb83283ff70561/execute/async - {"script":"<script> [1562 bytes]","args":[{"selector":{"id":"application-managebillings-display-component---billRunCalcResult--contractBillRunDate","interaction":{"idSuffix":"inner"}},"wdio_ui5_key":"applicationmanagebillings-display-component---billRunCalcResult--contractBillRunDate"}]}
RESULT: {"script":"<script> [1562 bytes]","args":[{"selector":{"id":"application-managebillings-display-component---billRunCalcResult--contractBillRunDate","interaction":{"idSuffix":"inner"}},"wdio_ui5_key":"applicationmanagebillings-display-component---billRunCalcResult--contractBillRunDate"}]}
RESULT: undefined
COMMAND: POST /session/504404daf6556c94b3cb83283ff70561/execute/async - {"script":"<script> [776 bytes]","args":[{"enterText":"05/21/25","selector":{"id":"application-managebillings-display-component---billRunCalcResult--contractBillRunDate","interaction":{"idSuffix":"inner"}},"clearTextFirst":true,"interactionType":"ENTER_TEXT"}]}
RESULT: {"script":"<script> [776 bytes]","args":[{"enterText":"05/21/25","selector":{"id":"application-managebillings-display-component---billRunCalcResult--contractBillRunDate","interaction":{"idSuffix":"inner"}},"clearTextFirst":true,"interactionType":"ENTER_TEXT"}]}
COMMAND: POST /session/504404daf6556c94b3cb83283ff70561/element - {"using":"xpath","value":"//bdi[contains(text(), \"Trigger Calculation\")]"}
RESULT: {"using":"xpath","value":"//bdi[contains(text(), \"Trigger Calculation\")]"}
COMMAND: POST /session/504404daf6556c94b3cb83283ff70561/element/f.74039697418B55B680EBD40CFFCF13D1.d.22D60C0167782714B00CCC936986DFC9.e.16571/click - {}
RESULT: {}
COMMAND: GET /session/504404daf6556c94b3cb83283ff70561/screenshot - {}
RESULT: {}
COMMAND: POST /session/504404daf6556c94b3cb83283ff70561/element - {"using":"xpath","value":"(//span[contains(@id, \"imgNav\")])[1]"}
RESULT: {"using":"xpath","value":"(//span[contains(@id, \"imgNav\")])[1]"}
COMMAND: POST /session/504404daf6556c94b3cb83283ff70561/element/f.74039697418B55B680EBD40CFFCF13D1.d.22D60C0167782714B00CCC936986DFC9.e.16519/click - {}
RESULT: {}
COMMAND: GET /session/504404daf6556c94b3cb83283ff70561/screenshot - {}
RESULT: {}
COMMAND: POST /session/504404daf6556c94b3cb83283ff70561/execute/async - {"script":"<script> [1562 bytes]","args":[{"selector":{"controlType":"sap.ui.core.Icon","viewName":"etm.portal.ui.managebillings.view.Master","viewId":"application-managebillings-display-component---billRunCalcResult","properties":{"src":{"regex":{"source":"slim\\-arrow\\-right"}}}},"wdio_ui5_key":"etmportal.ui.managebillings.view.Mastersap.ui.core.Icon{\"src\":{\"regex\":{\"source\":\"slim\\\\-arrow\\\\-right\"}}}"}]}
RESULT: {"script":"<script> [1562 bytes]","args":[{"selector":{"controlType":"sap.ui.core.Icon","viewName":"etm.portal.ui.managebillings.view.Master","viewId":"application-managebillings-display-component---billRunCalcResult","properties":{"src":{"regex":{"source":"slim\\-arrow\\-right"}}}},"wdio_ui5_key":"etmportal.ui.managebillings.view.Mastersap.ui.core.Icon{\"src\":{\"regex\":{\"source\":\"slim\\\\-arrow\\\\-right\"}}}"}]}
RESULT: undefined
COMMAND: POST /session/504404daf6556c94b3cb83283ff70561/element - {"using":"xpath","value":"//*[@id=\"__item2520-application-managebillings-display-component---billRunCalcResult--billingRunsTable-0-imgNav\"]"}
RESULT: {"using":"xpath","value":"//*[@id=\"__item2520-application-managebillings-display-component---billRunCalcResult--billingRunsTable-0-imgNav\"]"}
COMMAND: POST /session/504404daf6556c94b3cb83283ff70561/element/f.74039697418B55B680EBD40CFFCF13D1.d.22D60C0167782714B00CCC936986DFC9.e.16576/click - {}
RESULT: {}
COMMAND: POST /session/504404daf6556c94b3cb83283ff70561/execute/async - {"script":"<script> [1562 bytes]","args":[{"selector":{"id":"application-managebillings-display-component---billRunCalcResult--btnConf","interaction":{"idSuffix":"BDI-content"}},"wdio_ui5_key":"applicationmanagebillings-display-component---billRunCalcResult--btnConf"}]}
COMMAND: GET /session/504404daf6556c94b3cb83283ff70561/screenshot - {}
RESULT: {"script":"<script> [1562 bytes]","args":[{"selector":{"id":"application-managebillings-display-component---billRunCalcResult--btnConf","interaction":{"idSuffix":"BDI-content"}},"wdio_ui5_key":"applicationmanagebillings-display-component---billRunCalcResult--btnConf"}]}
RESULT: undefined
COMMAND: POST /session/504404daf6556c94b3cb83283ff70561/element - {"using":"xpath","value":"//*[@id=\"application-managebillings-display-component---billRunCalcResult--btnConf\"]"}
RESULT: {}
RESULT: {"using":"xpath","value":"//*[@id=\"application-managebillings-display-component---billRunCalcResult--btnConf\"]"}
COMMAND: POST /session/504404daf6556c94b3cb83283ff70561/element/f.74039697418B55B680EBD40CFFCF13D1.d.22D60C0167782714B00CCC936986DFC9.e.16615/click - {}
RESULT: {}
COMMAND: POST /session/504404daf6556c94b3cb83283ff70561/element - {"using":"css selector","value":"#shell-header-logo"}
COMMAND: GET /session/504404daf6556c94b3cb83283ff70561/screenshot - {}
RESULT: {"using":"css selector","value":"#shell-header-logo"}
COMMAND: POST /session/504404daf6556c94b3cb83283ff70561/element/f.74039697418B55B680EBD40CFFCF13D1.d.22D60C0167782714B00CCC936986DFC9.e.16310/click - {}
RESULT: {}
RESULT: {}
COMMAND: GET /session/504404daf6556c94b3cb83283ff70561/screenshot - {}
RESULT: {}
]]></system-out>
    </testcase>
    <testcase classname="chrome.135_0_7049_42.windows.Billing_transfer_US117289" name="Should trigger Billing Transfer process all the way to completion" time="79.415">
      <system-out><![CDATA[
COMMAND: POST /session/504404daf6556c94b3cb83283ff70561/execute/async - {"script":"<script> [1562 bytes]","args":[{"selector":{"controlType":"sap.m.GenericTile","properties":{"header":"Billing Transfer"}},"wdio_ui5_key":"sapm.GenericTile{\"header\":\"Billing Transfer\"}"}]}
RESULT: {"script":"<script> [1562 bytes]","args":[{"selector":{"controlType":"sap.m.GenericTile","properties":{"header":"Billing Transfer"}},"wdio_ui5_key":"sapm.GenericTile{\"header\":\"Billing Transfer\"}"}]}
RESULT: undefined
COMMAND: POST /session/504404daf6556c94b3cb83283ff70561/element - {"using":"xpath","value":"//*[@id=\"__tile50\"]"}
RESULT: {"using":"xpath","value":"//*[@id=\"__tile50\"]"}
COMMAND: POST /session/504404daf6556c94b3cb83283ff70561/element/f.74039697418B55B680EBD40CFFCF13D1.d.22D60C0167782714B00CCC936986DFC9.e.12910/click - {}
RESULT: {}
COMMAND: POST /session/504404daf6556c94b3cb83283ff70561/element - {"using":"xpath","value":"//input[contains(@id ,\"application-billingtransfer-display-component---billingWorkbench--smartFilterBar-btnBasicSearch\")]"}
COMMAND: GET /session/504404daf6556c94b3cb83283ff70561/screenshot - {}
RESULT: {"using":"xpath","value":"//input[contains(@id ,\"application-billingtransfer-display-component---billingWorkbench--smartFilterBar-btnBasicSearch\")]"}
COMMAND: POST /session/504404daf6556c94b3cb83283ff70561/elements - {"using":"xpath","value":"//input[contains(@id ,\"application-billingtransfer-display-component---billingWorkbench--smartFilterBar-btnBasicSearch\")]"}
RESULT: {}
RESULT: {"using":"xpath","value":"//input[contains(@id ,\"application-billingtransfer-display-component---billingWorkbench--smartFilterBar-btnBasicSearch\")]"}
COMMAND: POST /session/504404daf6556c94b3cb83283ff70561/elements - {"using":"xpath","value":"//input[contains(@id ,\"application-billingtransfer-display-component---billingWorkbench--smartFilterBar-btnBasicSearch\")]"}
RESULT: {"using":"xpath","value":"//input[contains(@id ,\"application-billingtransfer-display-component---billingWorkbench--smartFilterBar-btnBasicSearch\")]"}
COMMAND: POST /session/504404daf6556c94b3cb83283ff70561/elements - {"using":"xpath","value":"//input[contains(@id ,\"application-billingtransfer-display-component---billingWorkbench--smartFilterBar-btnBasicSearch\")]"}
RESULT: {"using":"xpath","value":"//input[contains(@id ,\"application-billingtransfer-display-component---billingWorkbench--smartFilterBar-btnBasicSearch\")]"}
COMMAND: POST /session/504404daf6556c94b3cb83283ff70561/elements - {"using":"xpath","value":"//input[contains(@id ,\"application-billingtransfer-display-component---billingWorkbench--smartFilterBar-btnBasicSearch\")]"}
RESULT: {"using":"xpath","value":"//input[contains(@id ,\"application-billingtransfer-display-component---billingWorkbench--smartFilterBar-btnBasicSearch\")]"}
COMMAND: POST /session/504404daf6556c94b3cb83283ff70561/elements - {"using":"xpath","value":"//input[contains(@id ,\"application-billingtransfer-display-component---billingWorkbench--smartFilterBar-btnBasicSearch\")]"}
RESULT: {"using":"xpath","value":"//input[contains(@id ,\"application-billingtransfer-display-component---billingWorkbench--smartFilterBar-btnBasicSearch\")]"}
COMMAND: POST /session/504404daf6556c94b3cb83283ff70561/elements - {"using":"xpath","value":"//input[contains(@id ,\"application-billingtransfer-display-component---billingWorkbench--smartFilterBar-btnBasicSearch\")]"}
RESULT: {"using":"xpath","value":"//input[contains(@id ,\"application-billingtransfer-display-component---billingWorkbench--smartFilterBar-btnBasicSearch\")]"}
COMMAND: POST /session/504404daf6556c94b3cb83283ff70561/elements - {"using":"xpath","value":"//input[contains(@id ,\"application-billingtransfer-display-component---billingWorkbench--smartFilterBar-btnBasicSearch\")]"}
RESULT: {"using":"xpath","value":"//input[contains(@id ,\"application-billingtransfer-display-component---billingWorkbench--smartFilterBar-btnBasicSearch\")]"}
COMMAND: POST /session/504404daf6556c94b3cb83283ff70561/elements - {"using":"xpath","value":"//input[contains(@id ,\"application-billingtransfer-display-component---billingWorkbench--smartFilterBar-btnBasicSearch\")]"}
RESULT: {"using":"xpath","value":"//input[contains(@id ,\"application-billingtransfer-display-component---billingWorkbench--smartFilterBar-btnBasicSearch\")]"}
COMMAND: POST /session/504404daf6556c94b3cb83283ff70561/elements - {"using":"xpath","value":"//input[contains(@id ,\"application-billingtransfer-display-component---billingWorkbench--smartFilterBar-btnBasicSearch\")]"}
RESULT: {"using":"xpath","value":"//input[contains(@id ,\"application-billingtransfer-display-component---billingWorkbench--smartFilterBar-btnBasicSearch\")]"}
COMMAND: POST /session/504404daf6556c94b3cb83283ff70561/elements - {"using":"xpath","value":"//input[contains(@id ,\"application-billingtransfer-display-component---billingWorkbench--smartFilterBar-btnBasicSearch\")]"}
RESULT: {"using":"xpath","value":"//input[contains(@id ,\"application-billingtransfer-display-component---billingWorkbench--smartFilterBar-btnBasicSearch\")]"}
COMMAND: POST /session/504404daf6556c94b3cb83283ff70561/elements - {"using":"xpath","value":"//input[contains(@id ,\"application-billingtransfer-display-component---billingWorkbench--smartFilterBar-btnBasicSearch\")]"}
RESULT: {"using":"xpath","value":"//input[contains(@id ,\"application-billingtransfer-display-component---billingWorkbench--smartFilterBar-btnBasicSearch\")]"}
COMMAND: POST /session/504404daf6556c94b3cb83283ff70561/elements - {"using":"xpath","value":"//input[contains(@id ,\"application-billingtransfer-display-component---billingWorkbench--smartFilterBar-btnBasicSearch\")]"}
RESULT: {"using":"xpath","value":"//input[contains(@id ,\"application-billingtransfer-display-component---billingWorkbench--smartFilterBar-btnBasicSearch\")]"}
COMMAND: POST /session/504404daf6556c94b3cb83283ff70561/elements - {"using":"xpath","value":"//input[contains(@id ,\"application-billingtransfer-display-component---billingWorkbench--smartFilterBar-btnBasicSearch\")]"}
RESULT: {"using":"xpath","value":"//input[contains(@id ,\"application-billingtransfer-display-component---billingWorkbench--smartFilterBar-btnBasicSearch\")]"}
COMMAND: POST /session/504404daf6556c94b3cb83283ff70561/elements - {"using":"xpath","value":"//input[contains(@id ,\"application-billingtransfer-display-component---billingWorkbench--smartFilterBar-btnBasicSearch\")]"}
RESULT: {"using":"xpath","value":"//input[contains(@id ,\"application-billingtransfer-display-component---billingWorkbench--smartFilterBar-btnBasicSearch\")]"}
COMMAND: POST /session/504404daf6556c94b3cb83283ff70561/elements - {"using":"xpath","value":"//input[contains(@id ,\"application-billingtransfer-display-component---billingWorkbench--smartFilterBar-btnBasicSearch\")]"}
RESULT: {"using":"xpath","value":"//input[contains(@id ,\"application-billingtransfer-display-component---billingWorkbench--smartFilterBar-btnBasicSearch\")]"}
COMMAND: POST /session/504404daf6556c94b3cb83283ff70561/element - {"using":"xpath","value":"//input[contains(@id ,\"application-billingtransfer-display-component---billingWorkbench--smartFilterBar-btnBasicSearch\")]"}
RESULT: {"using":"xpath","value":"//input[contains(@id ,\"application-billingtransfer-display-component---billingWorkbench--smartFilterBar-btnBasicSearch\")]"}
COMMAND: POST /session/504404daf6556c94b3cb83283ff70561/execute/sync - {"script":"<script> [8489 bytes]","args":[{"element-6066-11e4-a52e-4f735466cecf":"f.74039697418B55B680EBD40CFFCF13D1.d.22D60C0167782714B00CCC936986DFC9.e.16659","ELEMENT":"f.74039697418B55B680EBD40CFFCF13D1.d.22D60C0167782714B00CCC936986DFC9.e.16659"}]}
RESULT: {"script":"<script> [8489 bytes]","args":[{"element-6066-11e4-a52e-4f735466cecf":"f.74039697418B55B680EBD40CFFCF13D1.d.22D60C0167782714B00CCC936986DFC9.e.16659","ELEMENT":"f.74039697418B55B680EBD40CFFCF13D1.d.22D60C0167782714B00CCC936986DFC9.e.16659"}]}
COMMAND: GET /session/504404daf6556c94b3cb83283ff70561/element/f.74039697418B55B680EBD40CFFCF13D1.d.22D60C0167782714B00CCC936986DFC9.e.16659/enabled - {}
COMMAND: GET /session/504404daf6556c94b3cb83283ff70561/screenshot - {}
RESULT: {}
COMMAND: POST /session/504404daf6556c94b3cb83283ff70561/element/f.74039697418B55B680EBD40CFFCF13D1.d.22D60C0167782714B00CCC936986DFC9.e.16659/click - {}
COMMAND: GET /session/504404daf6556c94b3cb83283ff70561/screenshot - {}
RESULT: {}
RESULT: {}
COMMAND: GET /session/504404daf6556c94b3cb83283ff70561/screenshot - {}
RESULT: {}
RESULT: {}
COMMAND: POST /session/504404daf6556c94b3cb83283ff70561/element/f.74039697418B55B680EBD40CFFCF13D1.d.22D60C0167782714B00CCC936986DFC9.e.16659/clear - {}
RESULT: {}
COMMAND: POST /session/504404daf6556c94b3cb83283ff70561/element/f.74039697418B55B680EBD40CFFCF13D1.d.22D60C0167782714B00CCC936986DFC9.e.16659/value - {"text":"10531"}
COMMAND: GET /session/504404daf6556c94b3cb83283ff70561/screenshot - {}
RESULT: {"text":"10531"}
COMMAND: POST /session/504404daf6556c94b3cb83283ff70561/actions - {"actions":[{"id":"action54","type":"key","parameters":{},"actions":[{"type":"keyDown","value":""},{"type":"pause","duration":10},{"type":"keyUp","value":""}]}]}
COMMAND: GET /session/504404daf6556c94b3cb83283ff70561/screenshot - {}
RESULT: {}
RESULT: {"actions":[{"id":"action54","type":"key","parameters":{},"actions":[{"type":"keyDown","value":""},{"type":"pause","duration":10},{"type":"keyUp","value":""}]}]}
COMMAND: GET /session/504404daf6556c94b3cb83283ff70561/screenshot - {}
RESULT: {}
RESULT: {}
COMMAND: POST /session/504404daf6556c94b3cb83283ff70561/element - {"using":"xpath","value":"//span[contains(@id ,\"application-billingtransfer-display-component---billingWorkbench--smartTableBillingRuns-header-inner\")]"}
RESULT: {"using":"xpath","value":"//span[contains(@id ,\"application-billingtransfer-display-component---billingWorkbench--smartTableBillingRuns-header-inner\")]"}
COMMAND: POST /session/504404daf6556c94b3cb83283ff70561/elements - {"using":"xpath","value":"//span[contains(@id ,\"application-billingtransfer-display-component---billingWorkbench--smartTableBillingRuns-header-inner\")]"}
RESULT: {"using":"xpath","value":"//span[contains(@id ,\"application-billingtransfer-display-component---billingWorkbench--smartTableBillingRuns-header-inner\")]"}
COMMAND: POST /session/504404daf6556c94b3cb83283ff70561/execute/sync - {"script":"<script> [56 bytes]","args":[{"element-6066-11e4-a52e-4f735466cecf":"f.74039697418B55B680EBD40CFFCF13D1.d.22D60C0167782714B00CCC936986DFC9.e.16817","ELEMENT":"f.74039697418B55B680EBD40CFFCF13D1.d.22D60C0167782714B00CCC936986DFC9.e.16817"}]}
RESULT: {"script":"<script> [56 bytes]","args":[{"element-6066-11e4-a52e-4f735466cecf":"f.74039697418B55B680EBD40CFFCF13D1.d.22D60C0167782714B00CCC936986DFC9.e.16817","ELEMENT":"f.74039697418B55B680EBD40CFFCF13D1.d.22D60C0167782714B00CCC936986DFC9.e.16817"}]}
COMMAND: POST /session/504404daf6556c94b3cb83283ff70561/element - {"using":"xpath","value":"//td[@aria-colindex=\"1\"]/div/div[contains(@class, \"sapMCbBg\")]"}
COMMAND: GET /session/504404daf6556c94b3cb83283ff70561/screenshot - {}
RESULT: {"using":"xpath","value":"//td[@aria-colindex=\"1\"]/div/div[contains(@class, \"sapMCbBg\")]"}
COMMAND: POST /session/504404daf6556c94b3cb83283ff70561/element/f.74039697418B55B680EBD40CFFCF13D1.d.22D60C0167782714B00CCC936986DFC9.e.16811/click - {}
RESULT: {}
RESULT: {}
COMMAND: GET /session/504404daf6556c94b3cb83283ff70561/screenshot - {}
RESULT: {}
COMMAND: POST /session/504404daf6556c94b3cb83283ff70561/element - {"using":"xpath","value":"//bdi[contains(text(), \"Check\")]"}
RESULT: {"using":"xpath","value":"//bdi[contains(text(), \"Check\")]"}
COMMAND: POST /session/504404daf6556c94b3cb83283ff70561/element/f.74039697418B55B680EBD40CFFCF13D1.d.22D60C0167782714B00CCC936986DFC9.e.16818/click - {}
RESULT: {}
COMMAND: GET /session/504404daf6556c94b3cb83283ff70561/screenshot - {}
RESULT: {}
COMMAND: POST /session/504404daf6556c94b3cb83283ff70561/element - {"using":"xpath","value":"//bdi[contains(text(), \"OK\")]"}
RESULT: {"using":"xpath","value":"//bdi[contains(text(), \"OK\")]"}
COMMAND: POST /session/504404daf6556c94b3cb83283ff70561/element/f.74039697418B55B680EBD40CFFCF13D1.d.22D60C0167782714B00CCC936986DFC9.e.16821/click - {}
RESULT: {}
COMMAND: GET /session/504404daf6556c94b3cb83283ff70561/screenshot - {}
RESULT: {}
COMMAND: POST /session/504404daf6556c94b3cb83283ff70561/element - {"using":"xpath","value":"(//span[contains(text(), \"CO/SD checked\")]/parent::div/preceding-sibling::div/span)[1]"}
RESULT: {"using":"xpath","value":"(//span[contains(text(), \"CO/SD checked\")]/parent::div/preceding-sibling::div/span)[1]"}
COMMAND: POST /session/504404daf6556c94b3cb83283ff70561/element/f.74039697418B55B680EBD40CFFCF13D1.d.22D60C0167782714B00CCC936986DFC9.e.16831/click - {}
RESULT: {}
COMMAND: GET /session/504404daf6556c94b3cb83283ff70561/screenshot - {}
RESULT: {}
COMMAND: POST /session/504404daf6556c94b3cb83283ff70561/element - {"using":"xpath","value":"//input[contains(@id ,\"application-billingtransfer-display-component---billingWorkbench--smartFilterBar-btnBasicSearch\")]"}
RESULT: {"using":"xpath","value":"//input[contains(@id ,\"application-billingtransfer-display-component---billingWorkbench--smartFilterBar-btnBasicSearch\")]"}
COMMAND: POST /session/504404daf6556c94b3cb83283ff70561/elements - {"using":"xpath","value":"//input[contains(@id ,\"application-billingtransfer-display-component---billingWorkbench--smartFilterBar-btnBasicSearch\")]"}
RESULT: {"using":"xpath","value":"//input[contains(@id ,\"application-billingtransfer-display-component---billingWorkbench--smartFilterBar-btnBasicSearch\")]"}
COMMAND: POST /session/504404daf6556c94b3cb83283ff70561/execute/sync - {"script":"<script> [8489 bytes]","args":[{"element-6066-11e4-a52e-4f735466cecf":"f.74039697418B55B680EBD40CFFCF13D1.d.22D60C0167782714B00CCC936986DFC9.e.16659","ELEMENT":"f.74039697418B55B680EBD40CFFCF13D1.d.22D60C0167782714B00CCC936986DFC9.e.16659"}]}
RESULT: {"script":"<script> [8489 bytes]","args":[{"element-6066-11e4-a52e-4f735466cecf":"f.74039697418B55B680EBD40CFFCF13D1.d.22D60C0167782714B00CCC936986DFC9.e.16659","ELEMENT":"f.74039697418B55B680EBD40CFFCF13D1.d.22D60C0167782714B00CCC936986DFC9.e.16659"}]}
COMMAND: GET /session/504404daf6556c94b3cb83283ff70561/element/f.74039697418B55B680EBD40CFFCF13D1.d.22D60C0167782714B00CCC936986DFC9.e.16659/enabled - {}
COMMAND: GET /session/504404daf6556c94b3cb83283ff70561/screenshot - {}
RESULT: {}
COMMAND: POST /session/504404daf6556c94b3cb83283ff70561/element/f.74039697418B55B680EBD40CFFCF13D1.d.22D60C0167782714B00CCC936986DFC9.e.16659/click - {}
COMMAND: GET /session/504404daf6556c94b3cb83283ff70561/screenshot - {}
RESULT: {}
RESULT: {}
COMMAND: GET /session/504404daf6556c94b3cb83283ff70561/screenshot - {}
RESULT: {}
RESULT: {}
COMMAND: POST /session/504404daf6556c94b3cb83283ff70561/element/f.74039697418B55B680EBD40CFFCF13D1.d.22D60C0167782714B00CCC936986DFC9.e.16659/clear - {}
RESULT: {}
COMMAND: POST /session/504404daf6556c94b3cb83283ff70561/element/f.74039697418B55B680EBD40CFFCF13D1.d.22D60C0167782714B00CCC936986DFC9.e.16659/value - {"text":"10531"}
COMMAND: GET /session/504404daf6556c94b3cb83283ff70561/screenshot - {}
RESULT: {"text":"10531"}
COMMAND: POST /session/504404daf6556c94b3cb83283ff70561/actions - {"actions":[{"id":"action55","type":"key","parameters":{},"actions":[{"type":"keyDown","value":""},{"type":"pause","duration":10},{"type":"keyUp","value":""}]}]}
COMMAND: GET /session/504404daf6556c94b3cb83283ff70561/screenshot - {}
RESULT: {}
RESULT: {"actions":[{"id":"action55","type":"key","parameters":{},"actions":[{"type":"keyDown","value":""},{"type":"pause","duration":10},{"type":"keyUp","value":""}]}]}
COMMAND: GET /session/504404daf6556c94b3cb83283ff70561/screenshot - {}
RESULT: {}
RESULT: {}
COMMAND: POST /session/504404daf6556c94b3cb83283ff70561/element - {"using":"xpath","value":"//span[contains(@id ,\"application-billingtransfer-display-component---billingWorkbench--smartTableBillingRuns-header-inner\")]"}
RESULT: {"using":"xpath","value":"//span[contains(@id ,\"application-billingtransfer-display-component---billingWorkbench--smartTableBillingRuns-header-inner\")]"}
COMMAND: POST /session/504404daf6556c94b3cb83283ff70561/elements - {"using":"xpath","value":"//span[contains(@id ,\"application-billingtransfer-display-component---billingWorkbench--smartTableBillingRuns-header-inner\")]"}
RESULT: {"using":"xpath","value":"//span[contains(@id ,\"application-billingtransfer-display-component---billingWorkbench--smartTableBillingRuns-header-inner\")]"}
COMMAND: POST /session/504404daf6556c94b3cb83283ff70561/execute/sync - {"script":"<script> [56 bytes]","args":[{"element-6066-11e4-a52e-4f735466cecf":"f.74039697418B55B680EBD40CFFCF13D1.d.22D60C0167782714B00CCC936986DFC9.e.16817","ELEMENT":"f.74039697418B55B680EBD40CFFCF13D1.d.22D60C0167782714B00CCC936986DFC9.e.16817"}]}
RESULT: {"script":"<script> [56 bytes]","args":[{"element-6066-11e4-a52e-4f735466cecf":"f.74039697418B55B680EBD40CFFCF13D1.d.22D60C0167782714B00CCC936986DFC9.e.16817","ELEMENT":"f.74039697418B55B680EBD40CFFCF13D1.d.22D60C0167782714B00CCC936986DFC9.e.16817"}]}
COMMAND: POST /session/504404daf6556c94b3cb83283ff70561/element - {"using":"xpath","value":"//td[@aria-colindex=\"1\"]/div/div[contains(@class, \"sapMCbBg\")]"}
COMMAND: GET /session/504404daf6556c94b3cb83283ff70561/screenshot - {}
RESULT: {"using":"xpath","value":"//td[@aria-colindex=\"1\"]/div/div[contains(@class, \"sapMCbBg\")]"}
COMMAND: POST /session/504404daf6556c94b3cb83283ff70561/element/f.74039697418B55B680EBD40CFFCF13D1.d.22D60C0167782714B00CCC936986DFC9.e.16835/click - {}
RESULT: {}
RESULT: {}
COMMAND: GET /session/504404daf6556c94b3cb83283ff70561/screenshot - {}
RESULT: {}
COMMAND: POST /session/504404daf6556c94b3cb83283ff70561/element - {"using":"xpath","value":"//bdi[text()=\"Transfer\"]"}
RESULT: {"using":"xpath","value":"//bdi[text()=\"Transfer\"]"}
COMMAND: POST /session/504404daf6556c94b3cb83283ff70561/element/f.74039697418B55B680EBD40CFFCF13D1.d.22D60C0167782714B00CCC936986DFC9.e.16836/click - {}
RESULT: {}
COMMAND: GET /session/504404daf6556c94b3cb83283ff70561/screenshot - {}
RESULT: {}
COMMAND: POST /session/504404daf6556c94b3cb83283ff70561/element - {"using":"xpath","value":"//bdi[contains(text(), \"OK\")]"}
RESULT: {"using":"xpath","value":"//bdi[contains(text(), \"OK\")]"}
COMMAND: POST /session/504404daf6556c94b3cb83283ff70561/element/f.74039697418B55B680EBD40CFFCF13D1.d.22D60C0167782714B00CCC936986DFC9.e.16839/click - {}
RESULT: {}
COMMAND: GET /session/504404daf6556c94b3cb83283ff70561/screenshot - {}
RESULT: {}
COMMAND: POST /session/504404daf6556c94b3cb83283ff70561/element - {"using":"xpath","value":"(//span[contains(text(), \"Completed\")]/parent::div/preceding-sibling::div/span)[1]"}
RESULT: {"using":"xpath","value":"(//span[contains(text(), \"Completed\")]/parent::div/preceding-sibling::div/span)[1]"}
COMMAND: POST /session/504404daf6556c94b3cb83283ff70561/element/f.74039697418B55B680EBD40CFFCF13D1.d.22D60C0167782714B00CCC936986DFC9.e.16847/click - {}
RESULT: {}
COMMAND: POST /session/504404daf6556c94b3cb83283ff70561/element - {"using":"xpath","value":"//input[contains(@id ,\"application-billingtransfer-display-component---billingWorkbench--smartFilterBar-btnBasicSearch\")]"}
COMMAND: GET /session/504404daf6556c94b3cb83283ff70561/screenshot - {}
RESULT: {"using":"xpath","value":"//input[contains(@id ,\"application-billingtransfer-display-component---billingWorkbench--smartFilterBar-btnBasicSearch\")]"}
COMMAND: POST /session/504404daf6556c94b3cb83283ff70561/elements - {"using":"xpath","value":"//input[contains(@id ,\"application-billingtransfer-display-component---billingWorkbench--smartFilterBar-btnBasicSearch\")]"}
RESULT: {}
RESULT: {"using":"xpath","value":"//input[contains(@id ,\"application-billingtransfer-display-component---billingWorkbench--smartFilterBar-btnBasicSearch\")]"}
COMMAND: POST /session/504404daf6556c94b3cb83283ff70561/execute/sync - {"script":"<script> [8489 bytes]","args":[{"element-6066-11e4-a52e-4f735466cecf":"f.74039697418B55B680EBD40CFFCF13D1.d.22D60C0167782714B00CCC936986DFC9.e.16659","ELEMENT":"f.74039697418B55B680EBD40CFFCF13D1.d.22D60C0167782714B00CCC936986DFC9.e.16659"}]}
RESULT: {"script":"<script> [8489 bytes]","args":[{"element-6066-11e4-a52e-4f735466cecf":"f.74039697418B55B680EBD40CFFCF13D1.d.22D60C0167782714B00CCC936986DFC9.e.16659","ELEMENT":"f.74039697418B55B680EBD40CFFCF13D1.d.22D60C0167782714B00CCC936986DFC9.e.16659"}]}
COMMAND: GET /session/504404daf6556c94b3cb83283ff70561/element/f.74039697418B55B680EBD40CFFCF13D1.d.22D60C0167782714B00CCC936986DFC9.e.16659/enabled - {}
COMMAND: GET /session/504404daf6556c94b3cb83283ff70561/screenshot - {}
RESULT: {}
COMMAND: POST /session/504404daf6556c94b3cb83283ff70561/element/f.74039697418B55B680EBD40CFFCF13D1.d.22D60C0167782714B00CCC936986DFC9.e.16659/click - {}
COMMAND: GET /session/504404daf6556c94b3cb83283ff70561/screenshot - {}
RESULT: {}
RESULT: {}
COMMAND: GET /session/504404daf6556c94b3cb83283ff70561/screenshot - {}
RESULT: {}
RESULT: {}
COMMAND: POST /session/504404daf6556c94b3cb83283ff70561/element/f.74039697418B55B680EBD40CFFCF13D1.d.22D60C0167782714B00CCC936986DFC9.e.16659/clear - {}
RESULT: {}
COMMAND: POST /session/504404daf6556c94b3cb83283ff70561/element/f.74039697418B55B680EBD40CFFCF13D1.d.22D60C0167782714B00CCC936986DFC9.e.16659/value - {"text":"10531"}
COMMAND: GET /session/504404daf6556c94b3cb83283ff70561/screenshot - {}
RESULT: {"text":"10531"}
COMMAND: POST /session/504404daf6556c94b3cb83283ff70561/actions - {"actions":[{"id":"action56","type":"key","parameters":{},"actions":[{"type":"keyDown","value":""},{"type":"pause","duration":10},{"type":"keyUp","value":""}]}]}
COMMAND: GET /session/504404daf6556c94b3cb83283ff70561/screenshot - {}
RESULT: {}
RESULT: {}
RESULT: {"actions":[{"id":"action56","type":"key","parameters":{},"actions":[{"type":"keyDown","value":""},{"type":"pause","duration":10},{"type":"keyUp","value":""}]}]}
COMMAND: GET /session/504404daf6556c94b3cb83283ff70561/screenshot - {}
RESULT: {}
COMMAND: POST /session/504404daf6556c94b3cb83283ff70561/element - {"using":"xpath","value":"//span[contains(@id ,\"application-billingtransfer-display-component---billingWorkbench--smartTableBillingRuns-header-inner\")]"}
RESULT: {"using":"xpath","value":"//span[contains(@id ,\"application-billingtransfer-display-component---billingWorkbench--smartTableBillingRuns-header-inner\")]"}
COMMAND: POST /session/504404daf6556c94b3cb83283ff70561/elements - {"using":"xpath","value":"//span[contains(@id ,\"application-billingtransfer-display-component---billingWorkbench--smartTableBillingRuns-header-inner\")]"}
RESULT: {"using":"xpath","value":"//span[contains(@id ,\"application-billingtransfer-display-component---billingWorkbench--smartTableBillingRuns-header-inner\")]"}
COMMAND: POST /session/504404daf6556c94b3cb83283ff70561/execute/sync - {"script":"<script> [56 bytes]","args":[{"element-6066-11e4-a52e-4f735466cecf":"f.74039697418B55B680EBD40CFFCF13D1.d.22D60C0167782714B00CCC936986DFC9.e.16817","ELEMENT":"f.74039697418B55B680EBD40CFFCF13D1.d.22D60C0167782714B00CCC936986DFC9.e.16817"}]}
RESULT: {"script":"<script> [56 bytes]","args":[{"element-6066-11e4-a52e-4f735466cecf":"f.74039697418B55B680EBD40CFFCF13D1.d.22D60C0167782714B00CCC936986DFC9.e.16817","ELEMENT":"f.74039697418B55B680EBD40CFFCF13D1.d.22D60C0167782714B00CCC936986DFC9.e.16817"}]}
COMMAND: POST /session/504404daf6556c94b3cb83283ff70561/element - {"using":"css selector","value":"#shell-header-logo"}
COMMAND: GET /session/504404daf6556c94b3cb83283ff70561/screenshot - {}
RESULT: {"using":"css selector","value":"#shell-header-logo"}
COMMAND: POST /session/504404daf6556c94b3cb83283ff70561/element/f.74039697418B55B680EBD40CFFCF13D1.d.22D60C0167782714B00CCC936986DFC9.e.16657/click - {}
RESULT: {}
RESULT: {}
COMMAND: GET /session/504404daf6556c94b3cb83283ff70561/screenshot - {}
RESULT: {}
COMMAND: POST /session/504404daf6556c94b3cb83283ff70561/element - {"using":"css selector","value":"#j_username"}
COMMAND: POST /session/504404daf6556c94b3cb83283ff70561/url - {"url":"https://qa-testing-00-live-etm-ui.cfapps.eu10-004.hana.ondemand.com/"}
RESULT: {"using":"css selector","value":"#j_username"}
COMMAND: POST /session/504404daf6556c94b3cb83283ff70561/element - {"using":"css selector","value":"#j_username"}
RESULT: {"url":"https://qa-testing-00-live-etm-ui.cfapps.eu10-004.hana.ondemand.com/"}
RESULT: undefined
COMMAND: GET /session/504404daf6556c94b3cb83283ff70561/screenshot - {}
RESULT: {"using":"css selector","value":"#j_username"}
COMMAND: POST /session/504404daf6556c94b3cb83283ff70561/element - {"using":"css selector","value":"#shell-header-logo"}
RESULT: {}
RESULT: {"using":"css selector","value":"#shell-header-logo"}
COMMAND: POST /session/504404daf6556c94b3cb83283ff70561/execute/sync - {"script":"<script> [8489 bytes]","args":[{"element-6066-11e4-a52e-4f735466cecf":"f.74039697418B55B680EBD40CFFCF13D1.d.B2AB62CF6B181578A7D32026F89CD012.e.16865","ELEMENT":"f.74039697418B55B680EBD40CFFCF13D1.d.B2AB62CF6B181578A7D32026F89CD012.e.16865"}]}
RESULT: {"script":"<script> [8489 bytes]","args":[{"element-6066-11e4-a52e-4f735466cecf":"f.74039697418B55B680EBD40CFFCF13D1.d.B2AB62CF6B181578A7D32026F89CD012.e.16865","ELEMENT":"f.74039697418B55B680EBD40CFFCF13D1.d.B2AB62CF6B181578A7D32026F89CD012.e.16865"}]}
COMMAND: POST /session/504404daf6556c94b3cb83283ff70561/element - {"using":"css selector","value":"#shell-header-logo"}
COMMAND: GET /session/504404daf6556c94b3cb83283ff70561/screenshot - {}
RESULT: {"using":"css selector","value":"#shell-header-logo"}
COMMAND: POST /session/504404daf6556c94b3cb83283ff70561/execute/sync - {"script":"<script> [8489 bytes]","args":[{"element-6066-11e4-a52e-4f735466cecf":"f.74039697418B55B680EBD40CFFCF13D1.d.B2AB62CF6B181578A7D32026F89CD012.e.16865","ELEMENT":"f.74039697418B55B680EBD40CFFCF13D1.d.B2AB62CF6B181578A7D32026F89CD012.e.16865"}]}
RESULT: {}
RESULT: {"script":"<script> [8489 bytes]","args":[{"element-6066-11e4-a52e-4f735466cecf":"f.74039697418B55B680EBD40CFFCF13D1.d.B2AB62CF6B181578A7D32026F89CD012.e.16865","ELEMENT":"f.74039697418B55B680EBD40CFFCF13D1.d.B2AB62CF6B181578A7D32026F89CD012.e.16865"}]}
COMMAND: POST /session/504404daf6556c94b3cb83283ff70561/execute/sync - {"script":"<script> [5351 bytes]","args":[{"element-6066-11e4-a52e-4f735466cecf":"f.74039697418B55B680EBD40CFFCF13D1.d.B2AB62CF6B181578A7D32026F89CD012.e.16865","ELEMENT":"f.74039697418B55B680EBD40CFFCF13D1.d.B2AB62CF6B181578A7D32026F89CD012.e.16865"}]}
COMMAND: GET /session/504404daf6556c94b3cb83283ff70561/screenshot - {}
RESULT: {"script":"<script> [5351 bytes]","args":[{"element-6066-11e4-a52e-4f735466cecf":"f.74039697418B55B680EBD40CFFCF13D1.d.B2AB62CF6B181578A7D32026F89CD012.e.16865","ELEMENT":"f.74039697418B55B680EBD40CFFCF13D1.d.B2AB62CF6B181578A7D32026F89CD012.e.16865"}]}
COMMAND: POST /session/504404daf6556c94b3cb83283ff70561/element - {"using":"css selector","value":"#shell-header-logo"}
COMMAND: GET /session/504404daf6556c94b3cb83283ff70561/screenshot - {}
RESULT: {}
RESULT: {"using":"css selector","value":"#shell-header-logo"}
COMMAND: POST /session/504404daf6556c94b3cb83283ff70561/element/f.74039697418B55B680EBD40CFFCF13D1.d.B2AB62CF6B181578A7D32026F89CD012.e.16865/click - {}
RESULT: {}
RESULT: {}
COMMAND: GET /session/504404daf6556c94b3cb83283ff70561/screenshot - {}
RESULT: {}
COMMAND: POST /session/504404daf6556c94b3cb83283ff70561/execute/async - {"script":"<script> [189 bytes]","args":[]}
RESULT: {"script":"<script> [189 bytes]","args":[]}
COMMAND: POST /session/504404daf6556c94b3cb83283ff70561/execute/async - {"script":"<script> [123 bytes]","args":[]}
RESULT: {"script":"<script> [123 bytes]","args":[]}
COMMAND: POST /session/504404daf6556c94b3cb83283ff70561/timeouts - {"script":"<number>"}
RESULT: {"script":"<number>"}
COMMAND: GET /session/504404daf6556c94b3cb83283ff70561/timeouts - {}
RESULT: {}
RESULT: undefined
COMMAND: POST /session/504404daf6556c94b3cb83283ff70561/execute/async - {"script":"<script> [2676 bytes]","args":[]}
RESULT: {"script":"<script> [2676 bytes]","args":[]}
COMMAND: POST /session/504404daf6556c94b3cb83283ff70561/execute/async - {"script":"<script> [2342 bytes]","args":[{"protocol":"http","hostname":"0.0.0.0","path":"/","capabilities":{"browserName":"chrome","goog:chromeOptions":{"binary":"C:\\Program Files\\Google\\Chrome\\Application\\chrome.exe","args":["--start-maximized"]}},"logLevel":"warn","connectionRetryTimeout":120000,"connectionRetryCount":3,"logLevels":{},"enableDirectConnect":true,"strictSSL":true,"_":"65 more keys: [\"cacheDir\",\"port\",\"requestedCapabilities\",\"automationProtocol\",\"baseUrl\",\"waitforInterval\",\"waitforTimeout\",\"onReload\",\"beforeCommand\",\"afterCommand\",\"rootDir\",\"specs\",\"suites\",\"exclude\",\"groupLogsByTestSpec\",\"excludeDriverLogs\",\"bail\",\"framework\",\"reporters\",\"services\",\"maxInstances\",\"maxInstancesPerCapability\",\"injectGlobals\",\"filesToWatch\",\"execArgv\",\"runnerEnv\",\"runner\",\"shard\",\"specFileRetries\",\"specFileRetriesDelay\",\"specFileRetriesDeferred\",\"reporterSyncInterval\",\"reporterSyncTimeout\",\"cucumberFeaturesWithLineNumbers\",\"autoCompileOpts\",\"mochaOpts\",\"jasmineOpts\",\"cucumberOpts\",\"onPrepare\",\"onWorkerStart\",\"onWorkerEnd\",\"before\",\"beforeSession\",\"beforeSuite\",\"beforeHook\",\"beforeTest\",\"afterTest\",\"afterHook\",\"afterSuite\",\"afterSession\",\"after\",\"onComplete\",\"beforeAssertion\",\"afterAssertion\",\"beforeFeature\",\"beforeScenario\",\"beforeStep\",\"afterStep\",\"afterScenario\",\"afterFeature\",\"_\",\"suite\",\"$0\",\"ignoredWorkerServices\",\"wdi5\"]"}]}
RESULT: {"script":"<script> [2342 bytes]","args":[{"protocol":"http","hostname":"0.0.0.0","path":"/","capabilities":{"browserName":"chrome","goog:chromeOptions":{"binary":"C:\\Program Files\\Google\\Chrome\\Application\\chrome.exe","args":["--start-maximized"]}},"logLevel":"warn","connectionRetryTimeout":120000,"connectionRetryCount":3,"logLevels":{},"enableDirectConnect":true,"strictSSL":true,"_":"65 more keys: [\"cacheDir\",\"port\",\"requestedCapabilities\",\"automationProtocol\",\"baseUrl\",\"waitforInterval\",\"waitforTimeout\",\"onReload\",\"beforeCommand\",\"afterCommand\",\"rootDir\",\"specs\",\"suites\",\"exclude\",\"groupLogsByTestSpec\",\"excludeDriverLogs\",\"bail\",\"framework\",\"reporters\",\"services\",\"maxInstances\",\"maxInstancesPerCapability\",\"injectGlobals\",\"filesToWatch\",\"execArgv\",\"runnerEnv\",\"runner\",\"shard\",\"specFileRetries\",\"specFileRetriesDelay\",\"specFileRetriesDeferred\",\"reporterSyncInterval\",\"reporterSyncTimeout\",\"cucumberFeaturesWithLineNumbers\",\"autoCompileOpts\",\"mochaOpts\",\"jasmineOpts\",\"cucumberOpts\",\"onPrepare\",\"onWorkerStart\",\"onWorkerEnd\",\"before\",\"beforeSession\",\"beforeSuite\",\"beforeHook\",\"beforeTest\",\"afterTest\",\"afterHook\",\"afterSuite\",\"afterSession\",\"after\",\"onComplete\",\"beforeAssertion\",\"afterAssertion\",\"beforeFeature\",\"beforeScenario\",\"beforeStep\",\"afterStep\",\"afterScenario\",\"afterFeature\",\"_\",\"suite\",\"$0\",\"ignoredWorkerServices\",\"wdi5\"]"}]}
COMMAND: POST /session/504404daf6556c94b3cb83283ff70561/execute/async - {"script":"<script> [21126 bytes]","args":[35000]}
RESULT: {"script":"<script> [21126 bytes]","args":[35000]}
COMMAND: POST /session/504404daf6556c94b3cb83283ff70561/window/maximize - {}
RESULT: {}
COMMAND: POST /session/504404daf6556c94b3cb83283ff70561/execute/async - {"script":"<script> [1562 bytes]","args":[{"selector":{"id":"shell-header","interaction":{"idSuffix":"icon"}},"wdio_ui5_key":"shellheader"}]}
COMMAND: GET /session/504404daf6556c94b3cb83283ff70561/screenshot - {}
RESULT: {"script":"<script> [1562 bytes]","args":[{"selector":{"id":"shell-header","interaction":{"idSuffix":"icon"}},"wdio_ui5_key":"shellheader"}]}
RESULT: undefined
COMMAND: POST /session/504404daf6556c94b3cb83283ff70561/refresh - {}
RESULT: {}
RESULT: {}
COMMAND: GET /session/504404daf6556c94b3cb83283ff70561/screenshot - {}
RESULT: {}
COMMAND: POST /session/504404daf6556c94b3cb83283ff70561/refresh - {}
RESULT: {}
COMMAND: GET /session/504404daf6556c94b3cb83283ff70561/screenshot - {}
RESULT: {}
COMMAND: POST /session/504404daf6556c94b3cb83283ff70561/window/fullscreen - {}
RESULT: {}
COMMAND: POST /session/504404daf6556c94b3cb83283ff70561/execute/async - {"script":"<script> [189 bytes]","args":[]}
RESULT: {"script":"<script> [189 bytes]","args":[]}
COMMAND: POST /session/504404daf6556c94b3cb83283ff70561/execute/async - {"script":"<script> [123 bytes]","args":[]}
RESULT: {"script":"<script> [123 bytes]","args":[]}
COMMAND: POST /session/504404daf6556c94b3cb83283ff70561/timeouts - {"script":"<number>"}
RESULT: {"script":"<number>"}
COMMAND: GET /session/504404daf6556c94b3cb83283ff70561/timeouts - {}
RESULT: {}
RESULT: undefined
COMMAND: POST /session/504404daf6556c94b3cb83283ff70561/execute/async - {"script":"<script> [2676 bytes]","args":[]}
RESULT: {"script":"<script> [2676 bytes]","args":[]}
COMMAND: POST /session/504404daf6556c94b3cb83283ff70561/execute/async - {"script":"<script> [2342 bytes]","args":[{"protocol":"http","hostname":"0.0.0.0","path":"/","capabilities":{"browserName":"chrome","goog:chromeOptions":{"binary":"C:\\Program Files\\Google\\Chrome\\Application\\chrome.exe","args":["--start-maximized"]}},"logLevel":"warn","connectionRetryTimeout":120000,"connectionRetryCount":3,"logLevels":{},"enableDirectConnect":true,"strictSSL":true,"_":"65 more keys: [\"cacheDir\",\"port\",\"requestedCapabilities\",\"automationProtocol\",\"baseUrl\",\"waitforInterval\",\"waitforTimeout\",\"onReload\",\"beforeCommand\",\"afterCommand\",\"rootDir\",\"specs\",\"suites\",\"exclude\",\"groupLogsByTestSpec\",\"excludeDriverLogs\",\"bail\",\"framework\",\"reporters\",\"services\",\"maxInstances\",\"maxInstancesPerCapability\",\"injectGlobals\",\"filesToWatch\",\"execArgv\",\"runnerEnv\",\"runner\",\"shard\",\"specFileRetries\",\"specFileRetriesDelay\",\"specFileRetriesDeferred\",\"reporterSyncInterval\",\"reporterSyncTimeout\",\"cucumberFeaturesWithLineNumbers\",\"autoCompileOpts\",\"mochaOpts\",\"jasmineOpts\",\"cucumberOpts\",\"onPrepare\",\"onWorkerStart\",\"onWorkerEnd\",\"before\",\"beforeSession\",\"beforeSuite\",\"beforeHook\",\"beforeTest\",\"afterTest\",\"afterHook\",\"afterSuite\",\"afterSession\",\"after\",\"onComplete\",\"beforeAssertion\",\"afterAssertion\",\"beforeFeature\",\"beforeScenario\",\"beforeStep\",\"afterStep\",\"afterScenario\",\"afterFeature\",\"_\",\"suite\",\"$0\",\"ignoredWorkerServices\",\"wdi5\"]"}]}
RESULT: {"script":"<script> [2342 bytes]","args":[{"protocol":"http","hostname":"0.0.0.0","path":"/","capabilities":{"browserName":"chrome","goog:chromeOptions":{"binary":"C:\\Program Files\\Google\\Chrome\\Application\\chrome.exe","args":["--start-maximized"]}},"logLevel":"warn","connectionRetryTimeout":120000,"connectionRetryCount":3,"logLevels":{},"enableDirectConnect":true,"strictSSL":true,"_":"65 more keys: [\"cacheDir\",\"port\",\"requestedCapabilities\",\"automationProtocol\",\"baseUrl\",\"waitforInterval\",\"waitforTimeout\",\"onReload\",\"beforeCommand\",\"afterCommand\",\"rootDir\",\"specs\",\"suites\",\"exclude\",\"groupLogsByTestSpec\",\"excludeDriverLogs\",\"bail\",\"framework\",\"reporters\",\"services\",\"maxInstances\",\"maxInstancesPerCapability\",\"injectGlobals\",\"filesToWatch\",\"execArgv\",\"runnerEnv\",\"runner\",\"shard\",\"specFileRetries\",\"specFileRetriesDelay\",\"specFileRetriesDeferred\",\"reporterSyncInterval\",\"reporterSyncTimeout\",\"cucumberFeaturesWithLineNumbers\",\"autoCompileOpts\",\"mochaOpts\",\"jasmineOpts\",\"cucumberOpts\",\"onPrepare\",\"onWorkerStart\",\"onWorkerEnd\",\"before\",\"beforeSession\",\"beforeSuite\",\"beforeHook\",\"beforeTest\",\"afterTest\",\"afterHook\",\"afterSuite\",\"afterSession\",\"after\",\"onComplete\",\"beforeAssertion\",\"afterAssertion\",\"beforeFeature\",\"beforeScenario\",\"beforeStep\",\"afterStep\",\"afterScenario\",\"afterFeature\",\"_\",\"suite\",\"$0\",\"ignoredWorkerServices\",\"wdi5\"]"}]}
COMMAND: POST /session/504404daf6556c94b3cb83283ff70561/execute/async - {"script":"<script> [21126 bytes]","args":[35000]}
RESULT: {"script":"<script> [21126 bytes]","args":[35000]}
]]></system-out>
    </testcase>
  </testsuite>
  <testsuite timestamp="2025-04-21T18:08:21" time="690.225" tests="12" failures="0" errors="0" skipped="0">
    <properties>
      <property name="specId" value="0"/>
      <property name="suiteName" value="Create Reverse Billing US127248"/>
      <property name="capabilities" value="chrome.135_0_7049_42.windows"/>
      <property name="file" value="file:///D:/a/1/s/test/specs/BTS/reverse-billing.spec.js"/>
    </properties>
    <testcase classname="chrome.135_0_7049_42.windows.Create_Reverse_Billing_US127248" name="Should create a new yard" time="2.699">
      <system-out><![CDATA[
COMMAND: POST /session/504404daf6556c94b3cb83283ff70561/window/fullscreen - {}
RESULT: {}
]]></system-out>
    </testcase>
    <testcase classname="chrome.135_0_7049_42.windows.Create_Reverse_Billing_US127248" name="Should create a new partner" time="0.075"/>
    <testcase classname="chrome.135_0_7049_42.windows.Create_Reverse_Billing_US127248" name="Should create a new site" time="0.004"/>
    <testcase classname="chrome.135_0_7049_42.windows.Create_Reverse_Billing_US127248" name="Should create a resource" time="131.426">
      <system-out><![CDATA[
COMMAND: POST /session/504404daf6556c94b3cb83283ff70561/execute/async - {"script":"<script> [1562 bytes]","args":[{"selector":{"controlType":"sap.m.GenericTile","properties":{"header":"Manage Resources"}},"wdio_ui5_key":"sapm.GenericTile{\"header\":\"Manage Resources\"}"}]}
RESULT: {"script":"<script> [1562 bytes]","args":[{"selector":{"controlType":"sap.m.GenericTile","properties":{"header":"Manage Resources"}},"wdio_ui5_key":"sapm.GenericTile{\"header\":\"Manage Resources\"}"}]}
RESULT: undefined
COMMAND: POST /session/504404daf6556c94b3cb83283ff70561/element - {"using":"xpath","value":"//*[@id=\"__tile39\"]"}
RESULT: {"using":"xpath","value":"//*[@id=\"__tile39\"]"}
COMMAND: POST /session/504404daf6556c94b3cb83283ff70561/element/f.74039697418B55B680EBD40CFFCF13D1.d.78B0E16ADAFE02A6883A8E050CEAF78F.e.17019/click - {}
RESULT: {}
COMMAND: POST /session/504404daf6556c94b3cb83283ff70561/element - {"using":"xpath","value":"//button[@data-kt=\"addNewRUOverflowToolbarButton\"]"}
COMMAND: GET /session/504404daf6556c94b3cb83283ff70561/screenshot - {}
RESULT: {"using":"xpath","value":"//button[@data-kt=\"addNewRUOverflowToolbarButton\"]"}
COMMAND: POST /session/504404daf6556c94b3cb83283ff70561/elements - {"using":"xpath","value":"//button[@data-kt=\"addNewRUOverflowToolbarButton\"]"}
RESULT: {}
RESULT: {"using":"xpath","value":"//button[@data-kt=\"addNewRUOverflowToolbarButton\"]"}
COMMAND: POST /session/504404daf6556c94b3cb83283ff70561/elements - {"using":"xpath","value":"//button[@data-kt=\"addNewRUOverflowToolbarButton\"]"}
RESULT: {"using":"xpath","value":"//button[@data-kt=\"addNewRUOverflowToolbarButton\"]"}
COMMAND: POST /session/504404daf6556c94b3cb83283ff70561/elements - {"using":"xpath","value":"//button[@data-kt=\"addNewRUOverflowToolbarButton\"]"}
RESULT: {"using":"xpath","value":"//button[@data-kt=\"addNewRUOverflowToolbarButton\"]"}
COMMAND: POST /session/504404daf6556c94b3cb83283ff70561/elements - {"using":"xpath","value":"//button[@data-kt=\"addNewRUOverflowToolbarButton\"]"}
RESULT: {"using":"xpath","value":"//button[@data-kt=\"addNewRUOverflowToolbarButton\"]"}
RESULT: undefined
COMMAND: POST /session/504404daf6556c94b3cb83283ff70561/elements - {"using":"xpath","value":"//button[@data-kt=\"addNewRUOverflowToolbarButton\"]"}
RESULT: {"using":"xpath","value":"//button[@data-kt=\"addNewRUOverflowToolbarButton\"]"}
COMMAND: POST /session/504404daf6556c94b3cb83283ff70561/elements - {"using":"xpath","value":"//button[@data-kt=\"addNewRUOverflowToolbarButton\"]"}
RESULT: {"using":"xpath","value":"//button[@data-kt=\"addNewRUOverflowToolbarButton\"]"}
COMMAND: POST /session/504404daf6556c94b3cb83283ff70561/elements - {"using":"xpath","value":"//button[@data-kt=\"addNewRUOverflowToolbarButton\"]"}
RESULT: {"using":"xpath","value":"//button[@data-kt=\"addNewRUOverflowToolbarButton\"]"}
COMMAND: POST /session/504404daf6556c94b3cb83283ff70561/elements - {"using":"xpath","value":"//button[@data-kt=\"addNewRUOverflowToolbarButton\"]"}
RESULT: {"using":"xpath","value":"//button[@data-kt=\"addNewRUOverflowToolbarButton\"]"}
COMMAND: POST /session/504404daf6556c94b3cb83283ff70561/elements - {"using":"xpath","value":"//button[@data-kt=\"addNewRUOverflowToolbarButton\"]"}
RESULT: {"using":"xpath","value":"//button[@data-kt=\"addNewRUOverflowToolbarButton\"]"}
COMMAND: POST /session/504404daf6556c94b3cb83283ff70561/elements - {"using":"xpath","value":"//button[@data-kt=\"addNewRUOverflowToolbarButton\"]"}
RESULT: {"using":"xpath","value":"//button[@data-kt=\"addNewRUOverflowToolbarButton\"]"}
COMMAND: POST /session/504404daf6556c94b3cb83283ff70561/elements - {"using":"xpath","value":"//button[@data-kt=\"addNewRUOverflowToolbarButton\"]"}
RESULT: {"using":"xpath","value":"//button[@data-kt=\"addNewRUOverflowToolbarButton\"]"}
COMMAND: POST /session/504404daf6556c94b3cb83283ff70561/elements - {"using":"xpath","value":"//button[@data-kt=\"addNewRUOverflowToolbarButton\"]"}
RESULT: {"using":"xpath","value":"//button[@data-kt=\"addNewRUOverflowToolbarButton\"]"}
COMMAND: POST /session/504404daf6556c94b3cb83283ff70561/elements - {"using":"xpath","value":"//button[@data-kt=\"addNewRUOverflowToolbarButton\"]"}
RESULT: {"using":"xpath","value":"//button[@data-kt=\"addNewRUOverflowToolbarButton\"]"}
COMMAND: POST /session/504404daf6556c94b3cb83283ff70561/elements - {"using":"xpath","value":"//button[@data-kt=\"addNewRUOverflowToolbarButton\"]"}
RESULT: {"using":"xpath","value":"//button[@data-kt=\"addNewRUOverflowToolbarButton\"]"}
COMMAND: POST /session/504404daf6556c94b3cb83283ff70561/elements - {"using":"xpath","value":"//button[@data-kt=\"addNewRUOverflowToolbarButton\"]"}
RESULT: {"using":"xpath","value":"//button[@data-kt=\"addNewRUOverflowToolbarButton\"]"}
COMMAND: POST /session/504404daf6556c94b3cb83283ff70561/elements - {"using":"xpath","value":"//button[@data-kt=\"addNewRUOverflowToolbarButton\"]"}
RESULT: {"using":"xpath","value":"//button[@data-kt=\"addNewRUOverflowToolbarButton\"]"}
COMMAND: POST /session/504404daf6556c94b3cb83283ff70561/elements - {"using":"xpath","value":"//button[@data-kt=\"addNewRUOverflowToolbarButton\"]"}
RESULT: {"using":"xpath","value":"//button[@data-kt=\"addNewRUOverflowToolbarButton\"]"}
COMMAND: POST /session/504404daf6556c94b3cb83283ff70561/elements - {"using":"xpath","value":"//button[@data-kt=\"addNewRUOverflowToolbarButton\"]"}
RESULT: {"using":"xpath","value":"//button[@data-kt=\"addNewRUOverflowToolbarButton\"]"}
COMMAND: POST /session/504404daf6556c94b3cb83283ff70561/elements - {"using":"xpath","value":"//button[@data-kt=\"addNewRUOverflowToolbarButton\"]"}
RESULT: {"using":"xpath","value":"//button[@data-kt=\"addNewRUOverflowToolbarButton\"]"}
COMMAND: POST /session/504404daf6556c94b3cb83283ff70561/elements - {"using":"xpath","value":"//button[@data-kt=\"addNewRUOverflowToolbarButton\"]"}
RESULT: {"using":"xpath","value":"//button[@data-kt=\"addNewRUOverflowToolbarButton\"]"}
COMMAND: POST /session/504404daf6556c94b3cb83283ff70561/elements - {"using":"xpath","value":"//button[@data-kt=\"addNewRUOverflowToolbarButton\"]"}
RESULT: {"using":"xpath","value":"//button[@data-kt=\"addNewRUOverflowToolbarButton\"]"}
COMMAND: POST /session/504404daf6556c94b3cb83283ff70561/elements - {"using":"xpath","value":"//button[@data-kt=\"addNewRUOverflowToolbarButton\"]"}
RESULT: {"using":"xpath","value":"//button[@data-kt=\"addNewRUOverflowToolbarButton\"]"}
COMMAND: POST /session/504404daf6556c94b3cb83283ff70561/elements - {"using":"xpath","value":"//button[@data-kt=\"addNewRUOverflowToolbarButton\"]"}
RESULT: {"using":"xpath","value":"//button[@data-kt=\"addNewRUOverflowToolbarButton\"]"}
COMMAND: POST /session/504404daf6556c94b3cb83283ff70561/elements - {"using":"xpath","value":"//button[@data-kt=\"addNewRUOverflowToolbarButton\"]"}
RESULT: {"using":"xpath","value":"//button[@data-kt=\"addNewRUOverflowToolbarButton\"]"}
COMMAND: POST /session/504404daf6556c94b3cb83283ff70561/elements - {"using":"xpath","value":"//button[@data-kt=\"addNewRUOverflowToolbarButton\"]"}
RESULT: {"using":"xpath","value":"//button[@data-kt=\"addNewRUOverflowToolbarButton\"]"}
COMMAND: POST /session/504404daf6556c94b3cb83283ff70561/elements - {"using":"xpath","value":"//button[@data-kt=\"addNewRUOverflowToolbarButton\"]"}
RESULT: {"using":"xpath","value":"//button[@data-kt=\"addNewRUOverflowToolbarButton\"]"}
COMMAND: POST /session/504404daf6556c94b3cb83283ff70561/elements - {"using":"xpath","value":"//button[@data-kt=\"addNewRUOverflowToolbarButton\"]"}
RESULT: {"using":"xpath","value":"//button[@data-kt=\"addNewRUOverflowToolbarButton\"]"}
COMMAND: POST /session/504404daf6556c94b3cb83283ff70561/elements - {"using":"xpath","value":"//button[@data-kt=\"addNewRUOverflowToolbarButton\"]"}
RESULT: {"using":"xpath","value":"//button[@data-kt=\"addNewRUOverflowToolbarButton\"]"}
COMMAND: POST /session/504404daf6556c94b3cb83283ff70561/elements - {"using":"xpath","value":"//button[@data-kt=\"addNewRUOverflowToolbarButton\"]"}
RESULT: {"using":"xpath","value":"//button[@data-kt=\"addNewRUOverflowToolbarButton\"]"}
COMMAND: POST /session/504404daf6556c94b3cb83283ff70561/elements - {"using":"xpath","value":"//button[@data-kt=\"addNewRUOverflowToolbarButton\"]"}
RESULT: {"using":"xpath","value":"//button[@data-kt=\"addNewRUOverflowToolbarButton\"]"}
COMMAND: POST /session/504404daf6556c94b3cb83283ff70561/elements - {"using":"xpath","value":"//button[@data-kt=\"addNewRUOverflowToolbarButton\"]"}
RESULT: {"using":"xpath","value":"//button[@data-kt=\"addNewRUOverflowToolbarButton\"]"}
COMMAND: POST /session/504404daf6556c94b3cb83283ff70561/elements - {"using":"xpath","value":"//button[@data-kt=\"addNewRUOverflowToolbarButton\"]"}
RESULT: {"using":"xpath","value":"//button[@data-kt=\"addNewRUOverflowToolbarButton\"]"}
COMMAND: POST /session/504404daf6556c94b3cb83283ff70561/elements - {"using":"xpath","value":"//button[@data-kt=\"addNewRUOverflowToolbarButton\"]"}
RESULT: {"using":"xpath","value":"//button[@data-kt=\"addNewRUOverflowToolbarButton\"]"}
COMMAND: POST /session/504404daf6556c94b3cb83283ff70561/elements - {"using":"xpath","value":"//button[@data-kt=\"addNewRUOverflowToolbarButton\"]"}
RESULT: {"using":"xpath","value":"//button[@data-kt=\"addNewRUOverflowToolbarButton\"]"}
COMMAND: POST /session/504404daf6556c94b3cb83283ff70561/elements - {"using":"xpath","value":"//button[@data-kt=\"addNewRUOverflowToolbarButton\"]"}
RESULT: {"using":"xpath","value":"//button[@data-kt=\"addNewRUOverflowToolbarButton\"]"}
COMMAND: POST /session/504404daf6556c94b3cb83283ff70561/elements - {"using":"xpath","value":"//button[@data-kt=\"addNewRUOverflowToolbarButton\"]"}
RESULT: {"using":"xpath","value":"//button[@data-kt=\"addNewRUOverflowToolbarButton\"]"}
COMMAND: POST /session/504404daf6556c94b3cb83283ff70561/elements - {"using":"xpath","value":"//button[@data-kt=\"addNewRUOverflowToolbarButton\"]"}
RESULT: {"using":"xpath","value":"//button[@data-kt=\"addNewRUOverflowToolbarButton\"]"}
COMMAND: POST /session/504404daf6556c94b3cb83283ff70561/elements - {"using":"xpath","value":"//button[@data-kt=\"addNewRUOverflowToolbarButton\"]"}
RESULT: {"using":"xpath","value":"//button[@data-kt=\"addNewRUOverflowToolbarButton\"]"}
COMMAND: POST /session/504404daf6556c94b3cb83283ff70561/elements - {"using":"xpath","value":"//button[@data-kt=\"addNewRUOverflowToolbarButton\"]"}
RESULT: {"using":"xpath","value":"//button[@data-kt=\"addNewRUOverflowToolbarButton\"]"}
COMMAND: POST /session/504404daf6556c94b3cb83283ff70561/elements - {"using":"xpath","value":"//button[@data-kt=\"addNewRUOverflowToolbarButton\"]"}
RESULT: {"using":"xpath","value":"//button[@data-kt=\"addNewRUOverflowToolbarButton\"]"}
COMMAND: POST /session/504404daf6556c94b3cb83283ff70561/element - {"using":"xpath","value":"//button[@data-kt=\"addNewRUOverflowToolbarButton\"]"}
RESULT: {"using":"xpath","value":"//button[@data-kt=\"addNewRUOverflowToolbarButton\"]"}
COMMAND: POST /session/504404daf6556c94b3cb83283ff70561/execute/sync - {"script":"<script> [8489 bytes]","args":[{"element-6066-11e4-a52e-4f735466cecf":"f.74039697418B55B680EBD40CFFCF13D1.d.78B0E16ADAFE02A6883A8E050CEAF78F.e.17157","ELEMENT":"f.74039697418B55B680EBD40CFFCF13D1.d.78B0E16ADAFE02A6883A8E050CEAF78F.e.17157"}]}
RESULT: {"script":"<script> [8489 bytes]","args":[{"element-6066-11e4-a52e-4f735466cecf":"f.74039697418B55B680EBD40CFFCF13D1.d.78B0E16ADAFE02A6883A8E050CEAF78F.e.17157","ELEMENT":"f.74039697418B55B680EBD40CFFCF13D1.d.78B0E16ADAFE02A6883A8E050CEAF78F.e.17157"}]}
COMMAND: GET /session/504404daf6556c94b3cb83283ff70561/element/f.74039697418B55B680EBD40CFFCF13D1.d.78B0E16ADAFE02A6883A8E050CEAF78F.e.17157/enabled - {}
COMMAND: GET /session/504404daf6556c94b3cb83283ff70561/screenshot - {}
RESULT: {}
COMMAND: POST /session/504404daf6556c94b3cb83283ff70561/execute/sync - {"script":"<script> [8489 bytes]","args":[{"element-6066-11e4-a52e-4f735466cecf":"f.74039697418B55B680EBD40CFFCF13D1.d.78B0E16ADAFE02A6883A8E050CEAF78F.e.17157","ELEMENT":"f.74039697418B55B680EBD40CFFCF13D1.d.78B0E16ADAFE02A6883A8E050CEAF78F.e.17157"}]}
COMMAND: GET /session/504404daf6556c94b3cb83283ff70561/screenshot - {}
RESULT: {}
RESULT: {"script":"<script> [8489 bytes]","args":[{"element-6066-11e4-a52e-4f735466cecf":"f.74039697418B55B680EBD40CFFCF13D1.d.78B0E16ADAFE02A6883A8E050CEAF78F.e.17157","ELEMENT":"f.74039697418B55B680EBD40CFFCF13D1.d.78B0E16ADAFE02A6883A8E050CEAF78F.e.17157"}]}
COMMAND: POST /session/504404daf6556c94b3cb83283ff70561/execute/sync - {"script":"<script> [5351 bytes]","args":[{"element-6066-11e4-a52e-4f735466cecf":"f.74039697418B55B680EBD40CFFCF13D1.d.78B0E16ADAFE02A6883A8E050CEAF78F.e.17157","ELEMENT":"f.74039697418B55B680EBD40CFFCF13D1.d.78B0E16ADAFE02A6883A8E050CEAF78F.e.17157"}]}
COMMAND: GET /session/504404daf6556c94b3cb83283ff70561/screenshot - {}
RESULT: {}
RESULT: {"script":"<script> [5351 bytes]","args":[{"element-6066-11e4-a52e-4f735466cecf":"f.74039697418B55B680EBD40CFFCF13D1.d.78B0E16ADAFE02A6883A8E050CEAF78F.e.17157","ELEMENT":"f.74039697418B55B680EBD40CFFCF13D1.d.78B0E16ADAFE02A6883A8E050CEAF78F.e.17157"}]}
COMMAND: POST /session/504404daf6556c94b3cb83283ff70561/element/f.74039697418B55B680EBD40CFFCF13D1.d.78B0E16ADAFE02A6883A8E050CEAF78F.e.17157/click - {}
COMMAND: GET /session/504404daf6556c94b3cb83283ff70561/screenshot - {}
RESULT: {}
RESULT: {}
COMMAND: GET /session/504404daf6556c94b3cb83283ff70561/screenshot - {}
RESULT: {}
RESULT: {}
COMMAND: POST /session/504404daf6556c94b3cb83283ff70561/execute/async - {"script":"<script> [1562 bytes]","args":[{"selector":{"id":"application-manageresources-display-component---newResourceUnit--TYPE-arrow"},"wdio_ui5_key":"applicationmanageresources-display-component---newResourceUnit--TYPE-arrow"}]}
RESULT: {"script":"<script> [1562 bytes]","args":[{"selector":{"id":"application-manageresources-display-component---newResourceUnit--TYPE-arrow"},"wdio_ui5_key":"applicationmanageresources-display-component---newResourceUnit--TYPE-arrow"}]}
RESULT: undefined
COMMAND: POST /session/504404daf6556c94b3cb83283ff70561/element - {"using":"xpath","value":"//*[@id=\"application-manageresources-display-component---newResourceUnit--TYPE-arrow\"]"}
RESULT: {"using":"xpath","value":"//*[@id=\"application-manageresources-display-component---newResourceUnit--TYPE-arrow\"]"}
COMMAND: POST /session/504404daf6556c94b3cb83283ff70561/element/f.74039697418B55B680EBD40CFFCF13D1.d.78B0E16ADAFE02A6883A8E050CEAF78F.e.17325/click - {}
RESULT: {}
COMMAND: POST /session/504404daf6556c94b3cb83283ff70561/element - {"using":"xpath","value":"//input[@id=\"application-manageresources-display-component---newResourceUnit--TYPE-inner\"]"}
COMMAND: GET /session/504404daf6556c94b3cb83283ff70561/screenshot - {}
RESULT: {"using":"xpath","value":"//input[@id=\"application-manageresources-display-component---newResourceUnit--TYPE-inner\"]"}
COMMAND: POST /session/504404daf6556c94b3cb83283ff70561/element/f.74039697418B55B680EBD40CFFCF13D1.d.78B0E16ADAFE02A6883A8E050CEAF78F.e.17212/clear - {}
RESULT: {}
RESULT: {}
COMMAND: POST /session/504404daf6556c94b3cb83283ff70561/element/f.74039697418B55B680EBD40CFFCF13D1.d.78B0E16ADAFE02A6883A8E050CEAF78F.e.17212/value - {"text":"Equipment"}
COMMAND: GET /session/504404daf6556c94b3cb83283ff70561/screenshot - {}
RESULT: {"text":"Equipment"}
COMMAND: GET /session/504404daf6556c94b3cb83283ff70561/screenshot - {}
RESULT: {}
RESULT: {}
COMMAND: POST /session/504404daf6556c94b3cb83283ff70561/actions - {"actions":[{"id":"action57","type":"key","parameters":{},"actions":[{"type":"keyDown","value":""},{"type":"pause","duration":10},{"type":"keyUp","value":""}]}]}
RESULT: {"actions":[{"id":"action57","type":"key","parameters":{},"actions":[{"type":"keyDown","value":""},{"type":"pause","duration":10},{"type":"keyUp","value":""}]}]}
COMMAND: POST /session/504404daf6556c94b3cb83283ff70561/execute/async - {"script":"<script> [1562 bytes]","args":[{"selector":{"id":"application-manageresources-display-component---newResourceUnit--resourceId","interaction":{"idSuffix":"inner"}},"wdio_ui5_key":"applicationmanageresources-display-component---newResourceUnit--resourceId"}]}
COMMAND: GET /session/504404daf6556c94b3cb83283ff70561/screenshot - {}
RESULT: {"script":"<script> [1562 bytes]","args":[{"selector":{"id":"application-manageresources-display-component---newResourceUnit--resourceId","interaction":{"idSuffix":"inner"}},"wdio_ui5_key":"applicationmanageresources-display-component---newResourceUnit--resourceId"}]}
RESULT: undefined
COMMAND: POST /session/504404daf6556c94b3cb83283ff70561/execute/async - {"script":"<script> [776 bytes]","args":[{"enterText":"SNSQPRHTIa","selector":{"id":"application-manageresources-display-component---newResourceUnit--resourceId","interaction":{"idSuffix":"inner"}},"clearTextFirst":true,"interactionType":"ENTER_TEXT"}]}
RESULT: {}
RESULT: {"script":"<script> [776 bytes]","args":[{"enterText":"SNSQPRHTIa","selector":{"id":"application-manageresources-display-component---newResourceUnit--resourceId","interaction":{"idSuffix":"inner"}},"clearTextFirst":true,"interactionType":"ENTER_TEXT"}]}
COMMAND: POST /session/504404daf6556c94b3cb83283ff70561/execute/async - {"script":"<script> [1562 bytes]","args":[{"selector":{"id":"application-manageresources-display-component---newResourceUnit--SHORT_TEXT","interaction":{"idSuffix":"inner"}},"wdio_ui5_key":"applicationmanageresources-display-component---newResourceUnit--SHORT_TEXT"}]}
RESULT: {"script":"<script> [1562 bytes]","args":[{"selector":{"id":"application-manageresources-display-component---newResourceUnit--SHORT_TEXT","interaction":{"idSuffix":"inner"}},"wdio_ui5_key":"applicationmanageresources-display-component---newResourceUnit--SHORT_TEXT"}]}
RESULT: undefined
COMMAND: POST /session/504404daf6556c94b3cb83283ff70561/execute/async - {"script":"<script> [776 bytes]","args":[{"enterText":"Intercompany Equipment WDIO","selector":{"id":"application-manageresources-display-component---newResourceUnit--SHORT_TEXT","interaction":{"idSuffix":"inner"}},"clearTextFirst":true,"interactionType":"ENTER_TEXT"}]}
RESULT: {"script":"<script> [776 bytes]","args":[{"enterText":"Intercompany Equipment WDIO","selector":{"id":"application-manageresources-display-component---newResourceUnit--SHORT_TEXT","interaction":{"idSuffix":"inner"}},"clearTextFirst":true,"interactionType":"ENTER_TEXT"}]}
COMMAND: POST /session/504404daf6556c94b3cb83283ff70561/execute/async - {"script":"<script> [1562 bytes]","args":[{"selector":{"id":"application-manageresources-display-component---newResourceUnit--BASE_UNIT_OF_MEASURE","interaction":{"idSuffix":"inner"}},"wdio_ui5_key":"applicationmanageresources-display-component---newResourceUnit--BASE_UNIT_OF_MEASURE"}]}
RESULT: {"script":"<script> [1562 bytes]","args":[{"selector":{"id":"application-manageresources-display-component---newResourceUnit--BASE_UNIT_OF_MEASURE","interaction":{"idSuffix":"inner"}},"wdio_ui5_key":"applicationmanageresources-display-component---newResourceUnit--BASE_UNIT_OF_MEASURE"}]}
RESULT: undefined
COMMAND: POST /session/504404daf6556c94b3cb83283ff70561/execute/async - {"script":"<script> [776 bytes]","args":[{"enterText":"Piece","selector":{"id":"application-manageresources-display-component---newResourceUnit--BASE_UNIT_OF_MEASURE","interaction":{"idSuffix":"inner"}},"clearTextFirst":true,"interactionType":"ENTER_TEXT"}]}
RESULT: {"script":"<script> [776 bytes]","args":[{"enterText":"Piece","selector":{"id":"application-manageresources-display-component---newResourceUnit--BASE_UNIT_OF_MEASURE","interaction":{"idSuffix":"inner"}},"clearTextFirst":true,"interactionType":"ENTER_TEXT"}]}
COMMAND: POST /session/504404daf6556c94b3cb83283ff70561/execute/async - {"script":"<script> [1562 bytes]","args":[{"selector":{"id":"application-manageresources-display-component---newResourceUnit--WEIGHT_UNIT","interaction":{"idSuffix":"inner"}},"wdio_ui5_key":"applicationmanageresources-display-component---newResourceUnit--WEIGHT_UNIT"}]}
RESULT: {"script":"<script> [1562 bytes]","args":[{"selector":{"id":"application-manageresources-display-component---newResourceUnit--WEIGHT_UNIT","interaction":{"idSuffix":"inner"}},"wdio_ui5_key":"applicationmanageresources-display-component---newResourceUnit--WEIGHT_UNIT"}]}
RESULT: undefined
COMMAND: POST /session/504404daf6556c94b3cb83283ff70561/execute/async - {"script":"<script> [776 bytes]","args":[{"enterText":"Gram","selector":{"id":"application-manageresources-display-component---newResourceUnit--WEIGHT_UNIT","interaction":{"idSuffix":"inner"}},"clearTextFirst":true,"interactionType":"ENTER_TEXT"}]}
RESULT: {"script":"<script> [776 bytes]","args":[{"enterText":"Gram","selector":{"id":"application-manageresources-display-component---newResourceUnit--WEIGHT_UNIT","interaction":{"idSuffix":"inner"}},"clearTextFirst":true,"interactionType":"ENTER_TEXT"}]}
COMMAND: POST /session/504404daf6556c94b3cb83283ff70561/execute/async - {"script":"<script> [1562 bytes]","args":[{"selector":{"id":"application-manageresources-display-component---newResourceUnit--DIMENSION_UNIT","interaction":{"idSuffix":"inner"}},"wdio_ui5_key":"applicationmanageresources-display-component---newResourceUnit--DIMENSION_UNIT"}]}
RESULT: {"script":"<script> [1562 bytes]","args":[{"selector":{"id":"application-manageresources-display-component---newResourceUnit--DIMENSION_UNIT","interaction":{"idSuffix":"inner"}},"wdio_ui5_key":"applicationmanageresources-display-component---newResourceUnit--DIMENSION_UNIT"}]}
RESULT: undefined
COMMAND: POST /session/504404daf6556c94b3cb83283ff70561/execute/async - {"script":"<script> [776 bytes]","args":[{"enterText":"Meter","selector":{"id":"application-manageresources-display-component---newResourceUnit--DIMENSION_UNIT","interaction":{"idSuffix":"inner"}},"clearTextFirst":true,"interactionType":"ENTER_TEXT"}]}
RESULT: {"script":"<script> [776 bytes]","args":[{"enterText":"Meter","selector":{"id":"application-manageresources-display-component---newResourceUnit--DIMENSION_UNIT","interaction":{"idSuffix":"inner"}},"clearTextFirst":true,"interactionType":"ENTER_TEXT"}]}
COMMAND: POST /session/504404daf6556c94b3cb83283ff70561/execute/async - {"script":"<script> [1562 bytes]","args":[{"selector":{"id":"application-manageresources-display-component---newResourceUnit--newRRUPage-anchBar-application-manageresources-display-component---newResourceUnit--control-anchor","interaction":{"idSuffix":"BDI-content"}},"wdio_ui5_key":"applicationmanageresources-display-component---newResourceUnit--newRRUPage-anchBar-application-manageresources-display-component---newResourceUnit--control-anchor"}]}
RESULT: {"script":"<script> [1562 bytes]","args":[{"selector":{"id":"application-manageresources-display-component---newResourceUnit--newRRUPage-anchBar-application-manageresources-display-component---newResourceUnit--control-anchor","interaction":{"idSuffix":"BDI-content"}},"wdio_ui5_key":"applicationmanageresources-display-component---newResourceUnit--newRRUPage-anchBar-application-manageresources-display-component---newResourceUnit--control-anchor"}]}
RESULT: undefined
COMMAND: POST /session/504404daf6556c94b3cb83283ff70561/element - {"using":"xpath","value":"//*[@id=\"application-manageresources-display-component---newResourceUnit--newRRUPage-anchBar-application-manageresources-display-component---newResourceUnit--control-anchor\"]"}
RESULT: {"using":"xpath","value":"//*[@id=\"application-manageresources-display-component---newResourceUnit--newRRUPage-anchBar-application-manageresources-display-component---newResourceUnit--control-anchor\"]"}
COMMAND: POST /session/504404daf6556c94b3cb83283ff70561/element/f.74039697418B55B680EBD40CFFCF13D1.d.78B0E16ADAFE02A6883A8E050CEAF78F.e.17458/click - {}
RESULT: {}
COMMAND: POST /session/504404daf6556c94b3cb83283ff70561/execute/async - {"script":"<script> [1562 bytes]","args":[{"selector":{"id":"application-manageresources-display-component---newResourceUnit--PLANNING_GROUP","interaction":{"idSuffix":"inner"}},"wdio_ui5_key":"applicationmanageresources-display-component---newResourceUnit--PLANNING_GROUP"}]}
COMMAND: GET /session/504404daf6556c94b3cb83283ff70561/screenshot - {}
RESULT: {"script":"<script> [1562 bytes]","args":[{"selector":{"id":"application-manageresources-display-component---newResourceUnit--PLANNING_GROUP","interaction":{"idSuffix":"inner"}},"wdio_ui5_key":"applicationmanageresources-display-component---newResourceUnit--PLANNING_GROUP"}]}
RESULT: undefined
COMMAND: POST /session/504404daf6556c94b3cb83283ff70561/execute/async - {"script":"<script> [776 bytes]","args":[{"enterText":"Heavy Equi","selector":{"id":"application-manageresources-display-component---newResourceUnit--PLANNING_GROUP","interaction":{"idSuffix":"inner"}},"clearTextFirst":true,"interactionType":"ENTER_TEXT"}]}
RESULT: {}
RESULT: {"script":"<script> [776 bytes]","args":[{"enterText":"Heavy Equi","selector":{"id":"application-manageresources-display-component---newResourceUnit--PLANNING_GROUP","interaction":{"idSuffix":"inner"}},"clearTextFirst":true,"interactionType":"ENTER_TEXT"}]}
COMMAND: POST /session/504404daf6556c94b3cb83283ff70561/execute/async - {"script":"<script> [1562 bytes]","args":[{"selector":{"id":"application-manageresources-display-component---newResourceUnit--ITEM_TYPE-arrow"},"wdio_ui5_key":"applicationmanageresources-display-component---newResourceUnit--ITEM_TYPE-arrow"}]}
RESULT: {"script":"<script> [1562 bytes]","args":[{"selector":{"id":"application-manageresources-display-component---newResourceUnit--ITEM_TYPE-arrow"},"wdio_ui5_key":"applicationmanageresources-display-component---newResourceUnit--ITEM_TYPE-arrow"}]}
RESULT: undefined
COMMAND: POST /session/504404daf6556c94b3cb83283ff70561/element - {"using":"xpath","value":"//*[@id=\"application-manageresources-display-component---newResourceUnit--ITEM_TYPE-arrow\"]"}
RESULT: {"using":"xpath","value":"//*[@id=\"application-manageresources-display-component---newResourceUnit--ITEM_TYPE-arrow\"]"}
COMMAND: POST /session/504404daf6556c94b3cb83283ff70561/element/f.74039697418B55B680EBD40CFFCF13D1.d.78B0E16ADAFE02A6883A8E050CEAF78F.e.17467/click - {}
RESULT: {}
COMMAND: POST /session/504404daf6556c94b3cb83283ff70561/element - {"using":"xpath","value":"(//span[contains(text(), \"Resource Unit\")])[2]"}
COMMAND: GET /session/504404daf6556c94b3cb83283ff70561/screenshot - {}
RESULT: {"using":"xpath","value":"(//span[contains(text(), \"Resource Unit\")])[2]"}
COMMAND: POST /session/504404daf6556c94b3cb83283ff70561/element/f.74039697418B55B680EBD40CFFCF13D1.d.78B0E16ADAFE02A6883A8E050CEAF78F.e.17468/click - {}
RESULT: {}
RESULT: {}
COMMAND: GET /session/504404daf6556c94b3cb83283ff70561/screenshot - {}
RESULT: {}
COMMAND: POST /session/504404daf6556c94b3cb83283ff70561/element - {"using":"css selector","value":"#application-manageresources-display-component---newResourceUnit--btnAddTimeSegment"}
RESULT: {"using":"css selector","value":"#application-manageresources-display-component---newResourceUnit--btnAddTimeSegment"}
COMMAND: GET /session/504404daf6556c94b3cb83283ff70561/element/f.74039697418B55B680EBD40CFFCF13D1.d.78B0E16ADAFE02A6883A8E050CEAF78F.e.17469/rect - {}
RESULT: {}
COMMAND: GET /session/504404daf6556c94b3cb83283ff70561/window/rect - {}
RESULT: {}
COMMAND: POST /session/504404daf6556c94b3cb83283ff70561/execute/sync - {"script":"<script> [92 bytes]","args":[]}
RESULT: {"script":"<script> [92 bytes]","args":[]}
COMMAND: POST /session/504404daf6556c94b3cb83283ff70561/actions - {"actions":[{"id":"action58","type":"wheel","parameters":{},"actions":[{"type":"scroll","x":-1888,"y":-32,"deltaX":0,"deltaY":0,"duration":0,"origin":{"element-6066-11e4-a52e-4f735466cecf":"f.74039697418B55B680EBD40CFFCF13D1.d.78B0E16ADAFE02A6883A8E050CEAF78F.e.17469"}}]}]}
COMMAND: GET /session/504404daf6556c94b3cb83283ff70561/screenshot - {}
RESULT: {}
COMMAND: POST /session/504404daf6556c94b3cb83283ff70561/execute/sync - {"script":"<script> [79 bytes]","args":[{"element-6066-11e4-a52e-4f735466cecf":"f.74039697418B55B680EBD40CFFCF13D1.d.78B0E16ADAFE02A6883A8E050CEAF78F.e.17469","ELEMENT":"f.74039697418B55B680EBD40CFFCF13D1.d.78B0E16ADAFE02A6883A8E050CEAF78F.e.17469"},{"block":"start","inline":"nearest"}]}
RESULT: {"script":"<script> [79 bytes]","args":[{"element-6066-11e4-a52e-4f735466cecf":"f.74039697418B55B680EBD40CFFCF13D1.d.78B0E16ADAFE02A6883A8E050CEAF78F.e.17469","ELEMENT":"f.74039697418B55B680EBD40CFFCF13D1.d.78B0E16ADAFE02A6883A8E050CEAF78F.e.17469"},{"block":"start","inline":"nearest"}]}
COMMAND: POST /session/504404daf6556c94b3cb83283ff70561/execute/async - {"script":"<script> [1562 bytes]","args":[{"selector":{"id":"application-manageresources-display-component---newResourceUnit--btnAddTimeSegment","interaction":{"idSuffix":"inner"}},"wdio_ui5_key":"applicationmanageresources-display-component---newResourceUnit--btnAddTimeSegment"}]}
COMMAND: GET /session/504404daf6556c94b3cb83283ff70561/screenshot - {}
RESULT: {"script":"<script> [1562 bytes]","args":[{"selector":{"id":"application-manageresources-display-component---newResourceUnit--btnAddTimeSegment","interaction":{"idSuffix":"inner"}},"wdio_ui5_key":"applicationmanageresources-display-component---newResourceUnit--btnAddTimeSegment"}]}
RESULT: undefined
COMMAND: POST /session/504404daf6556c94b3cb83283ff70561/element - {"using":"xpath","value":"//*[@id=\"application-manageresources-display-component---newResourceUnit--btnAddTimeSegment\"]"}
RESULT: {}
RESULT: {"using":"xpath","value":"//*[@id=\"application-manageresources-display-component---newResourceUnit--btnAddTimeSegment\"]"}
COMMAND: POST /session/504404daf6556c94b3cb83283ff70561/element/f.74039697418B55B680EBD40CFFCF13D1.d.78B0E16ADAFE02A6883A8E050CEAF78F.e.17469/click - {}
RESULT: {}
COMMAND: GET /session/504404daf6556c94b3cb83283ff70561/screenshot - {}
RESULT: {}
COMMAND: POST /session/504404daf6556c94b3cb83283ff70561/element - {"using":"xpath","value":"//input[@id=\"application-manageresources-display-component---newResourceUnit--idRuTSAdmin-application-manageresources-display-component---newResourceUnit--RUTimeSegment-0-inner\"]"}
RESULT: {"using":"xpath","value":"//input[@id=\"application-manageresources-display-component---newResourceUnit--idRuTSAdmin-application-manageresources-display-component---newResourceUnit--RUTimeSegment-0-inner\"]"}
COMMAND: POST /session/504404daf6556c94b3cb83283ff70561/element/f.74039697418B55B680EBD40CFFCF13D1.d.78B0E16ADAFE02A6883A8E050CEAF78F.e.17475/clear - {}
RESULT: {}
COMMAND: POST /session/504404daf6556c94b3cb83283ff70561/element/f.74039697418B55B680EBD40CFFCF13D1.d.78B0E16ADAFE02A6883A8E050CEAF78F.e.17475/value - {"text":"652"}
COMMAND: GET /session/504404daf6556c94b3cb83283ff70561/screenshot - {}
RESULT: {"text":"652"}
COMMAND: GET /session/504404daf6556c94b3cb83283ff70561/screenshot - {}
RESULT: {}
RESULT: {}
COMMAND: POST /session/504404daf6556c94b3cb83283ff70561/element - {"using":"xpath","value":"//li[.//span[text()='652']]"}
RESULT: {"using":"xpath","value":"//li[.//span[text()='652']]"}
COMMAND: POST /session/504404daf6556c94b3cb83283ff70561/element/f.74039697418B55B680EBD40CFFCF13D1.d.78B0E16ADAFE02A6883A8E050CEAF78F.e.17487/click - {}
RESULT: {}
COMMAND: GET /session/504404daf6556c94b3cb83283ff70561/screenshot - {}
RESULT: {}
COMMAND: POST /session/504404daf6556c94b3cb83283ff70561/element - {"using":"xpath","value":"(//span[contains(@id, \"-application-manageresources-display-component---newResourceUnit--RUTimeSegment-0-arrow\")])[6]"}
RESULT: {"using":"xpath","value":"(//span[contains(@id, \"-application-manageresources-display-component---newResourceUnit--RUTimeSegment-0-arrow\")])[6]"}
COMMAND: POST /session/504404daf6556c94b3cb83283ff70561/element/f.74039697418B55B680EBD40CFFCF13D1.d.78B0E16ADAFE02A6883A8E050CEAF78F.e.17488/click - {}
RESULT: {}
COMMAND: POST /session/504404daf6556c94b3cb83283ff70561/element - {"using":"xpath","value":"//span[contains(text(), \"PM Order\")]"}
COMMAND: GET /session/504404daf6556c94b3cb83283ff70561/screenshot - {}
RESULT: {"using":"xpath","value":"//span[contains(text(), \"PM Order\")]"}
COMMAND: POST /session/504404daf6556c94b3cb83283ff70561/element/f.74039697418B55B680EBD40CFFCF13D1.d.78B0E16ADAFE02A6883A8E050CEAF78F.e.17491/click - {}
RESULT: {}
RESULT: {}
COMMAND: GET /session/504404daf6556c94b3cb83283ff70561/screenshot - {}
RESULT: {}
COMMAND: POST /session/504404daf6556c94b3cb83283ff70561/element - {"using":"xpath","value":"(//span[contains(@id ,\"manageresources-display-component---newResourceUnit--RUTimeSegment-0-vhi\")])[2]"}
RESULT: {"using":"xpath","value":"(//span[contains(@id ,\"manageresources-display-component---newResourceUnit--RUTimeSegment-0-vhi\")])[2]"}
COMMAND: POST /session/504404daf6556c94b3cb83283ff70561/element/f.74039697418B55B680EBD40CFFCF13D1.d.78B0E16ADAFE02A6883A8E050CEAF78F.e.17494/click - {}
RESULT: {}
COMMAND: GET /session/504404daf6556c94b3cb83283ff70561/screenshot - {}
RESULT: {}
COMMAND: POST /session/504404daf6556c94b3cb83283ff70561/execute/async - {"script":"<script> [1562 bytes]","args":[{"selector":{"controlType":"sap.m.SearchField","properties":{"placeholder":"Search"},"searchOpenDialogs":true,"interaction":{"idSuffix":"I"}},"wdio_ui5_key":"sapm.SearchField{\"placeholder\":\"Search\"}"}]}
RESULT: {"script":"<script> [1562 bytes]","args":[{"selector":{"controlType":"sap.m.SearchField","properties":{"placeholder":"Search"},"searchOpenDialogs":true,"interaction":{"idSuffix":"I"}},"wdio_ui5_key":"sapm.SearchField{\"placeholder\":\"Search\"}"}]}
RESULT: undefined
COMMAND: POST /session/504404daf6556c94b3cb83283ff70561/execute/async - {"script":"<script> [776 bytes]","args":[{"enterText":"4000360","selector":{"controlType":"sap.m.SearchField","properties":{"placeholder":"Search"},"searchOpenDialogs":true,"interaction":{"idSuffix":"I"}},"clearTextFirst":true,"interactionType":"ENTER_TEXT"}]}
RESULT: {"script":"<script> [776 bytes]","args":[{"enterText":"4000360","selector":{"controlType":"sap.m.SearchField","properties":{"placeholder":"Search"},"searchOpenDialogs":true,"interaction":{"idSuffix":"I"}},"clearTextFirst":true,"interactionType":"ENTER_TEXT"}]}
COMMAND: POST /session/504404daf6556c94b3cb83283ff70561/actions - {"actions":[{"id":"action59","type":"key","parameters":{},"actions":[{"type":"keyDown","value":""},{"type":"pause","duration":10},{"type":"keyUp","value":""}]}]}
RESULT: {"actions":[{"id":"action59","type":"key","parameters":{},"actions":[{"type":"keyDown","value":""},{"type":"pause","duration":10},{"type":"keyUp","value":""}]}]}
COMMAND: GET /session/504404daf6556c94b3cb83283ff70561/screenshot - {}
RESULT: {}
COMMAND: POST /session/504404daf6556c94b3cb83283ff70561/element - {"using":"xpath","value":"//td/div/span[contains(text(), \"BGL Vehicles\")]"}
RESULT: {"using":"xpath","value":"//td/div/span[contains(text(), \"BGL Vehicles\")]"}
COMMAND: POST /session/504404daf6556c94b3cb83283ff70561/element/f.74039697418B55B680EBD40CFFCF13D1.d.78B0E16ADAFE02A6883A8E050CEAF78F.e.17514/click - {}
RESULT: {}
COMMAND: GET /session/504404daf6556c94b3cb83283ff70561/screenshot - {}
RESULT: {}
COMMAND: POST /session/504404daf6556c94b3cb83283ff70561/element - {"using":"xpath","value":"//bdi[contains(text(), \"OK\")]"}
RESULT: {"using":"xpath","value":"//bdi[contains(text(), \"OK\")]"}
COMMAND: POST /session/504404daf6556c94b3cb83283ff70561/element/f.74039697418B55B680EBD40CFFCF13D1.d.78B0E16ADAFE02A6883A8E050CEAF78F.e.17515/click - {}
RESULT: {}
COMMAND: GET /session/504404daf6556c94b3cb83283ff70561/screenshot - {}
RESULT: {}
COMMAND: POST /session/504404daf6556c94b3cb83283ff70561/execute/async - {"script":"<script> [1562 bytes]","args":[{"selector":{"id":"application-manageresources-display-component---newResourceUnit--newRRUPage-anchBar-application-manageresources-display-component---newResourceUnit--resource-anchor","interaction":{"idSuffix":"BDI-content"}},"wdio_ui5_key":"applicationmanageresources-display-component---newResourceUnit--newRRUPage-anchBar-application-manageresources-display-component---newResourceUnit--resource-anchor"}]}
RESULT: {"script":"<script> [1562 bytes]","args":[{"selector":{"id":"application-manageresources-display-component---newResourceUnit--newRRUPage-anchBar-application-manageresources-display-component---newResourceUnit--resource-anchor","interaction":{"idSuffix":"BDI-content"}},"wdio_ui5_key":"applicationmanageresources-display-component---newResourceUnit--newRRUPage-anchBar-application-manageresources-display-component---newResourceUnit--resource-anchor"}]}
RESULT: undefined
COMMAND: POST /session/504404daf6556c94b3cb83283ff70561/element - {"using":"xpath","value":"//*[@id=\"application-manageresources-display-component---newResourceUnit--newRRUPage-anchBar-application-manageresources-display-component---newResourceUnit--resource-anchor\"]"}
RESULT: {"using":"xpath","value":"//*[@id=\"application-manageresources-display-component---newResourceUnit--newRRUPage-anchBar-application-manageresources-display-component---newResourceUnit--resource-anchor\"]"}
COMMAND: POST /session/504404daf6556c94b3cb83283ff70561/element/f.74039697418B55B680EBD40CFFCF13D1.d.78B0E16ADAFE02A6883A8E050CEAF78F.e.17519/click - {}
RESULT: {}
COMMAND: POST /session/504404daf6556c94b3cb83283ff70561/execute/async - {"script":"<script> [1562 bytes]","args":[{"selector":{"id":"application-manageresources-display-component---newResourceUnit--PLANNED_DELIVERY_DATE","interaction":{"idSuffix":"inner"}},"wdio_ui5_key":"applicationmanageresources-display-component---newResourceUnit--PLANNED_DELIVERY_DATE"}]}
COMMAND: GET /session/504404daf6556c94b3cb83283ff70561/screenshot - {}
RESULT: {"script":"<script> [1562 bytes]","args":[{"selector":{"id":"application-manageresources-display-component---newResourceUnit--PLANNED_DELIVERY_DATE","interaction":{"idSuffix":"inner"}},"wdio_ui5_key":"applicationmanageresources-display-component---newResourceUnit--PLANNED_DELIVERY_DATE"}]}
RESULT: undefined
COMMAND: POST /session/504404daf6556c94b3cb83283ff70561/execute/async - {"script":"<script> [6424 bytes]","args":[{"element-6066-11e4-a52e-4f735466cecf":"f.74039697418B55B680EBD40CFFCF13D1.d.78B0E16ADAFE02A6883A8E050CEAF78F.e.17381"},"setValue",["4/21/25"]]}
RESULT: {}
RESULT: {"script":"<script> [6424 bytes]","args":[{"element-6066-11e4-a52e-4f735466cecf":"f.74039697418B55B680EBD40CFFCF13D1.d.78B0E16ADAFE02A6883A8E050CEAF78F.e.17381"},"setValue",["4/21/25"]]}
COMMAND: POST /session/504404daf6556c94b3cb83283ff70561/element - {"using":"xpath","value":"//button[@data-kt=\"resourceUnitSaveButton\"]"}
RESULT: {"using":"xpath","value":"//button[@data-kt=\"resourceUnitSaveButton\"]"}
COMMAND: POST /session/504404daf6556c94b3cb83283ff70561/element/f.74039697418B55B680EBD40CFFCF13D1.d.78B0E16ADAFE02A6883A8E050CEAF78F.e.17341/click - {}
RESULT: {}
COMMAND: GET /session/504404daf6556c94b3cb83283ff70561/screenshot - {}
RESULT: {}
COMMAND: POST /session/504404daf6556c94b3cb83283ff70561/element - {"using":"xpath","value":"//bdi[contains(text(), \"Close\")]"}
RESULT: {"using":"xpath","value":"//bdi[contains(text(), \"Close\")]"}
COMMAND: POST /session/504404daf6556c94b3cb83283ff70561/element/f.74039697418B55B680EBD40CFFCF13D1.d.78B0E16ADAFE02A6883A8E050CEAF78F.e.17528/click - {}
RESULT: {}
COMMAND: GET /session/504404daf6556c94b3cb83283ff70561/screenshot - {}
RESULT: {}
COMMAND: POST /session/504404daf6556c94b3cb83283ff70561/element - {"using":"xpath","value":"(//button[contains(@id ,\"actionsToolbar-overflowButton\")])[1]"}
RESULT: {"using":"xpath","value":"(//button[contains(@id ,\"actionsToolbar-overflowButton\")])[1]"}
COMMAND: POST /session/504404daf6556c94b3cb83283ff70561/element/f.74039697418B55B680EBD40CFFCF13D1.d.78B0E16ADAFE02A6883A8E050CEAF78F.e.17584/click - {}
RESULT: {}
COMMAND: GET /session/504404daf6556c94b3cb83283ff70561/screenshot - {}
RESULT: {}
COMMAND: POST /session/504404daf6556c94b3cb83283ff70561/element - {"using":"xpath","value":"//button[@data-kt=\"priceInfoButton\"]"}
RESULT: {"using":"xpath","value":"//button[@data-kt=\"priceInfoButton\"]"}
COMMAND: POST /session/504404daf6556c94b3cb83283ff70561/element/f.74039697418B55B680EBD40CFFCF13D1.d.78B0E16ADAFE02A6883A8E050CEAF78F.e.17586/click - {}
RESULT: {}
COMMAND: GET /session/504404daf6556c94b3cb83283ff70561/screenshot - {}
]]></system-out>
    </testcase>
    <testcase classname="chrome.135_0_7049_42.windows.Create_Reverse_Billing_US127248" name="Should create a pricing procedure" time="57.315">
      <system-out><![CDATA[
COMMAND: POST /session/504404daf6556c94b3cb83283ff70561/element - {"using":"xpath","value":"//button[@data-kt=\"addButton\"]"}
RESULT: {}
RESULT: {"using":"xpath","value":"//button[@data-kt=\"addButton\"]"}
COMMAND: POST /session/504404daf6556c94b3cb83283ff70561/elements - {"using":"xpath","value":"//button[@data-kt=\"addButton\"]"}
RESULT: {"using":"xpath","value":"//button[@data-kt=\"addButton\"]"}
COMMAND: POST /session/504404daf6556c94b3cb83283ff70561/execute/sync - {"script":"<script> [8489 bytes]","args":[{"element-6066-11e4-a52e-4f735466cecf":"f.74039697418B55B680EBD40CFFCF13D1.d.78B0E16ADAFE02A6883A8E050CEAF78F.e.17624","ELEMENT":"f.74039697418B55B680EBD40CFFCF13D1.d.78B0E16ADAFE02A6883A8E050CEAF78F.e.17624"}]}
RESULT: {"script":"<script> [8489 bytes]","args":[{"element-6066-11e4-a52e-4f735466cecf":"f.74039697418B55B680EBD40CFFCF13D1.d.78B0E16ADAFE02A6883A8E050CEAF78F.e.17624","ELEMENT":"f.74039697418B55B680EBD40CFFCF13D1.d.78B0E16ADAFE02A6883A8E050CEAF78F.e.17624"}]}
COMMAND: GET /session/504404daf6556c94b3cb83283ff70561/element/f.74039697418B55B680EBD40CFFCF13D1.d.78B0E16ADAFE02A6883A8E050CEAF78F.e.17624/enabled - {}
COMMAND: GET /session/504404daf6556c94b3cb83283ff70561/screenshot - {}
RESULT: {}
COMMAND: POST /session/504404daf6556c94b3cb83283ff70561/execute/sync - {"script":"<script> [8489 bytes]","args":[{"element-6066-11e4-a52e-4f735466cecf":"f.74039697418B55B680EBD40CFFCF13D1.d.78B0E16ADAFE02A6883A8E050CEAF78F.e.17624","ELEMENT":"f.74039697418B55B680EBD40CFFCF13D1.d.78B0E16ADAFE02A6883A8E050CEAF78F.e.17624"}]}
COMMAND: GET /session/504404daf6556c94b3cb83283ff70561/screenshot - {}
RESULT: {}
RESULT: {"script":"<script> [8489 bytes]","args":[{"element-6066-11e4-a52e-4f735466cecf":"f.74039697418B55B680EBD40CFFCF13D1.d.78B0E16ADAFE02A6883A8E050CEAF78F.e.17624","ELEMENT":"f.74039697418B55B680EBD40CFFCF13D1.d.78B0E16ADAFE02A6883A8E050CEAF78F.e.17624"}]}
COMMAND: POST /session/504404daf6556c94b3cb83283ff70561/execute/sync - {"script":"<script> [5351 bytes]","args":[{"element-6066-11e4-a52e-4f735466cecf":"f.74039697418B55B680EBD40CFFCF13D1.d.78B0E16ADAFE02A6883A8E050CEAF78F.e.17624","ELEMENT":"f.74039697418B55B680EBD40CFFCF13D1.d.78B0E16ADAFE02A6883A8E050CEAF78F.e.17624"}]}
COMMAND: GET /session/504404daf6556c94b3cb83283ff70561/screenshot - {}
RESULT: {}
RESULT: {"script":"<script> [5351 bytes]","args":[{"element-6066-11e4-a52e-4f735466cecf":"f.74039697418B55B680EBD40CFFCF13D1.d.78B0E16ADAFE02A6883A8E050CEAF78F.e.17624","ELEMENT":"f.74039697418B55B680EBD40CFFCF13D1.d.78B0E16ADAFE02A6883A8E050CEAF78F.e.17624"}]}
COMMAND: POST /session/504404daf6556c94b3cb83283ff70561/element/f.74039697418B55B680EBD40CFFCF13D1.d.78B0E16ADAFE02A6883A8E050CEAF78F.e.17624/click - {}
COMMAND: GET /session/504404daf6556c94b3cb83283ff70561/screenshot - {}
RESULT: {}
RESULT: {}
COMMAND: GET /session/504404daf6556c94b3cb83283ff70561/screenshot - {}
RESULT: {}
RESULT: {}
COMMAND: POST /session/504404daf6556c94b3cb83283ff70561/execute/async - {"script":"<script> [1562 bytes]","args":[{"selector":{"controlType":"sap.m.Title","viewName":"etm.portal.ui.managepricingrules.view.NewItem","viewId":"application-managepricingrules-display-component---newInfoPriceItem","properties":{"text":"New Pricing Rules - Item Level"}},"wdio_ui5_key":"etmportal.ui.managepricingrules.view.NewItemsap.m.Title{\"text\":\"New Pricing Rules - Item Level\"}"}]}
RESULT: {"script":"<script> [1562 bytes]","args":[{"selector":{"controlType":"sap.m.Title","viewName":"etm.portal.ui.managepricingrules.view.NewItem","viewId":"application-managepricingrules-display-component---newInfoPriceItem","properties":{"text":"New Pricing Rules - Item Level"}},"wdio_ui5_key":"etmportal.ui.managepricingrules.view.NewItemsap.m.Title{\"text\":\"New Pricing Rules - Item Level\"}"}]}
RESULT: undefined
COMMAND: POST /session/504404daf6556c94b3cb83283ff70561/execute/async - {"script":"<script> [6424 bytes]","args":[{"element-6066-11e4-a52e-4f735466cecf":"f.74039697418B55B680EBD40CFFCF13D1.d.78B0E16ADAFE02A6883A8E050CEAF78F.e.17767"},"getText",[]]}
RESULT: {"script":"<script> [6424 bytes]","args":[{"element-6066-11e4-a52e-4f735466cecf":"f.74039697418B55B680EBD40CFFCF13D1.d.78B0E16ADAFE02A6883A8E050CEAF78F.e.17767"},"getText",[]]}
COMMAND: POST /session/504404daf6556c94b3cb83283ff70561/execute/async - {"script":"<script> [1562 bytes]","args":[{"selector":{"id":"application-managepricingrules-display-component---newInfoPriceItem--condValidTo","interaction":{"idSuffix":"inner"}},"wdio_ui5_key":"applicationmanagepricingrules-display-component---newInfoPriceItem--condValidTo"}]}
RESULT: {"script":"<script> [1562 bytes]","args":[{"selector":{"id":"application-managepricingrules-display-component---newInfoPriceItem--condValidTo","interaction":{"idSuffix":"inner"}},"wdio_ui5_key":"applicationmanagepricingrules-display-component---newInfoPriceItem--condValidTo"}]}
RESULT: undefined
COMMAND: POST /session/504404daf6556c94b3cb83283ff70561/execute/async - {"script":"<script> [776 bytes]","args":[{"enterText":"12/21/25","selector":{"id":"application-managepricingrules-display-component---newInfoPriceItem--condValidTo","interaction":{"idSuffix":"inner"}},"clearTextFirst":true,"interactionType":"ENTER_TEXT"}]}
RESULT: {"script":"<script> [776 bytes]","args":[{"enterText":"12/21/25","selector":{"id":"application-managepricingrules-display-component---newInfoPriceItem--condValidTo","interaction":{"idSuffix":"inner"}},"clearTextFirst":true,"interactionType":"ENTER_TEXT"}]}
COMMAND: POST /session/504404daf6556c94b3cb83283ff70561/execute/async - {"script":"<script> [1562 bytes]","args":[{"selector":{"id":"application-managepricingrules-display-component---newInfoPriceItem--billType-arrow"},"wdio_ui5_key":"applicationmanagepricingrules-display-component---newInfoPriceItem--billType-arrow"}]}
RESULT: {"script":"<script> [1562 bytes]","args":[{"selector":{"id":"application-managepricingrules-display-component---newInfoPriceItem--billType-arrow"},"wdio_ui5_key":"applicationmanagepricingrules-display-component---newInfoPriceItem--billType-arrow"}]}
RESULT: undefined
COMMAND: POST /session/504404daf6556c94b3cb83283ff70561/element - {"using":"xpath","value":"//*[@id=\"application-managepricingrules-display-component---newInfoPriceItem--billType-arrow\"]"}
RESULT: {"using":"xpath","value":"//*[@id=\"application-managepricingrules-display-component---newInfoPriceItem--billType-arrow\"]"}
COMMAND: POST /session/504404daf6556c94b3cb83283ff70561/element/f.74039697418B55B680EBD40CFFCF13D1.d.78B0E16ADAFE02A6883A8E050CEAF78F.e.17769/click - {}
RESULT: {}
COMMAND: POST /session/504404daf6556c94b3cb83283ff70561/element - {"using":"xpath","value":"//span[contains(text(), \"TB - Time based\")]"}
COMMAND: GET /session/504404daf6556c94b3cb83283ff70561/screenshot - {}
RESULT: {"using":"xpath","value":"//span[contains(text(), \"TB - Time based\")]"}
COMMAND: POST /session/504404daf6556c94b3cb83283ff70561/element/f.74039697418B55B680EBD40CFFCF13D1.d.78B0E16ADAFE02A6883A8E050CEAF78F.e.17770/click - {}
RESULT: {}
RESULT: {}
COMMAND: POST /session/504404daf6556c94b3cb83283ff70561/execute/async - {"script":"<script> [1562 bytes]","args":[{"selector":{"id":"application-managepricingrules-display-component---newInfoPriceItem--priceProc-arrow"},"wdio_ui5_key":"applicationmanagepricingrules-display-component---newInfoPriceItem--priceProc-arrow"}]}
COMMAND: GET /session/504404daf6556c94b3cb83283ff70561/screenshot - {}
RESULT: {"script":"<script> [1562 bytes]","args":[{"selector":{"id":"application-managepricingrules-display-component---newInfoPriceItem--priceProc-arrow"},"wdio_ui5_key":"applicationmanagepricingrules-display-component---newInfoPriceItem--priceProc-arrow"}]}
RESULT: undefined
COMMAND: POST /session/504404daf6556c94b3cb83283ff70561/element - {"using":"xpath","value":"//*[@id=\"application-managepricingrules-display-component---newInfoPriceItem--priceProc-arrow\"]"}
RESULT: {}
RESULT: {"using":"xpath","value":"//*[@id=\"application-managepricingrules-display-component---newInfoPriceItem--priceProc-arrow\"]"}
COMMAND: POST /session/504404daf6556c94b3cb83283ff70561/element/f.74039697418B55B680EBD40CFFCF13D1.d.78B0E16ADAFE02A6883A8E050CEAF78F.e.17771/click - {}
RESULT: {}
COMMAND: POST /session/504404daf6556c94b3cb83283ff70561/element - {"using":"xpath","value":"//span[contains(text(), \"TBS - Time based standard\")]"}
COMMAND: GET /session/504404daf6556c94b3cb83283ff70561/screenshot - {}
RESULT: {"using":"xpath","value":"//span[contains(text(), \"TBS - Time based standard\")]"}
COMMAND: POST /session/504404daf6556c94b3cb83283ff70561/element/f.74039697418B55B680EBD40CFFCF13D1.d.78B0E16ADAFE02A6883A8E050CEAF78F.e.17772/click - {}
RESULT: {}
RESULT: {}
COMMAND: POST /session/504404daf6556c94b3cb83283ff70561/execute/async - {"script":"<script> [1562 bytes]","args":[{"selector":{"id":"application-managepricingrules-display-component---newInfoPriceItem--calcBase-arrow"},"wdio_ui5_key":"applicationmanagepricingrules-display-component---newInfoPriceItem--calcBase-arrow"}]}
COMMAND: GET /session/504404daf6556c94b3cb83283ff70561/screenshot - {}
RESULT: {"script":"<script> [1562 bytes]","args":[{"selector":{"id":"application-managepricingrules-display-component---newInfoPriceItem--calcBase-arrow"},"wdio_ui5_key":"applicationmanagepricingrules-display-component---newInfoPriceItem--calcBase-arrow"}]}
RESULT: undefined
COMMAND: POST /session/504404daf6556c94b3cb83283ff70561/element - {"using":"xpath","value":"//*[@id=\"application-managepricingrules-display-component---newInfoPriceItem--calcBase-arrow\"]"}
RESULT: {}
RESULT: {"using":"xpath","value":"//*[@id=\"application-managepricingrules-display-component---newInfoPriceItem--calcBase-arrow\"]"}
COMMAND: POST /session/504404daf6556c94b3cb83283ff70561/element/f.74039697418B55B680EBD40CFFCF13D1.d.78B0E16ADAFE02A6883A8E050CEAF78F.e.17740/click - {}
RESULT: {}
COMMAND: GET /session/504404daf6556c94b3cb83283ff70561/screenshot - {}
RESULT: {}
COMMAND: POST /session/504404daf6556c94b3cb83283ff70561/element - {"using":"xpath","value":"//span[contains(text(), \"0006 - TB(calendar days)\")]"}
RESULT: {"using":"xpath","value":"//span[contains(text(), \"0006 - TB(calendar days)\")]"}
COMMAND: POST /session/504404daf6556c94b3cb83283ff70561/element/f.74039697418B55B680EBD40CFFCF13D1.d.78B0E16ADAFE02A6883A8E050CEAF78F.e.17773/click - {}
RESULT: {}
COMMAND: GET /session/504404daf6556c94b3cb83283ff70561/screenshot - {}
RESULT: {}
COMMAND: POST /session/504404daf6556c94b3cb83283ff70561/execute/async - {"script":"<script> [1562 bytes]","args":[{"selector":{"id":"application-managepricingrules-display-component---newInfoPriceItem--daysMonth","interaction":{"idSuffix":"inner"}},"wdio_ui5_key":"applicationmanagepricingrules-display-component---newInfoPriceItem--daysMonth"}]}
RESULT: {"script":"<script> [1562 bytes]","args":[{"selector":{"id":"application-managepricingrules-display-component---newInfoPriceItem--daysMonth","interaction":{"idSuffix":"inner"}},"wdio_ui5_key":"applicationmanagepricingrules-display-component---newInfoPriceItem--daysMonth"}]}
RESULT: undefined
COMMAND: POST /session/504404daf6556c94b3cb83283ff70561/execute/async - {"script":"<script> [776 bytes]","args":[{"enterText":"30","selector":{"id":"application-managepricingrules-display-component---newInfoPriceItem--daysMonth","interaction":{"idSuffix":"inner"}},"clearTextFirst":true,"interactionType":"ENTER_TEXT"}]}
RESULT: {"script":"<script> [776 bytes]","args":[{"enterText":"30","selector":{"id":"application-managepricingrules-display-component---newInfoPriceItem--daysMonth","interaction":{"idSuffix":"inner"}},"clearTextFirst":true,"interactionType":"ENTER_TEXT"}]}
COMMAND: POST /session/504404daf6556c94b3cb83283ff70561/element - {"using":"xpath","value":"//button[@data-kt=\"saveNewRuleButton\"]"}
RESULT: {"using":"xpath","value":"//button[@data-kt=\"saveNewRuleButton\"]"}
COMMAND: POST /session/504404daf6556c94b3cb83283ff70561/element/f.74039697418B55B680EBD40CFFCF13D1.d.78B0E16ADAFE02A6883A8E050CEAF78F.e.17755/click - {}
RESULT: {}
COMMAND: GET /session/504404daf6556c94b3cb83283ff70561/screenshot - {}
RESULT: {}
COMMAND: POST /session/504404daf6556c94b3cb83283ff70561/execute/async - {"script":"<script> [1562 bytes]","args":[{"selector":{"id":"application-managepricingrules-display-component---priceInfoItem--smartFilterBar-btnBasicSearch","interaction":{"idSuffix":"I"}},"wdio_ui5_key":"applicationmanagepricingrules-display-component---priceInfoItem--smartFilterBar-btnBasicSearch"}]}
RESULT: {"script":"<script> [1562 bytes]","args":[{"selector":{"id":"application-managepricingrules-display-component---priceInfoItem--smartFilterBar-btnBasicSearch","interaction":{"idSuffix":"I"}},"wdio_ui5_key":"applicationmanagepricingrules-display-component---priceInfoItem--smartFilterBar-btnBasicSearch"}]}
RESULT: undefined
COMMAND: POST /session/504404daf6556c94b3cb83283ff70561/execute/async - {"script":"<script> [776 bytes]","args":[{"enterText":"SNSQPRHTIa","selector":{"id":"application-managepricingrules-display-component---priceInfoItem--smartFilterBar-btnBasicSearch","interaction":{"idSuffix":"I"}},"clearTextFirst":true,"interactionType":"ENTER_TEXT"}]}
RESULT: {"script":"<script> [776 bytes]","args":[{"enterText":"SNSQPRHTIa","selector":{"id":"application-managepricingrules-display-component---priceInfoItem--smartFilterBar-btnBasicSearch","interaction":{"idSuffix":"I"}},"clearTextFirst":true,"interactionType":"ENTER_TEXT"}]}
COMMAND: POST /session/504404daf6556c94b3cb83283ff70561/actions - {"actions":[{"id":"action60","type":"key","parameters":{},"actions":[{"type":"keyDown","value":""},{"type":"pause","duration":10},{"type":"keyUp","value":""}]}]}
RESULT: {"actions":[{"id":"action60","type":"key","parameters":{},"actions":[{"type":"keyDown","value":""},{"type":"pause","duration":10},{"type":"keyUp","value":""}]}]}
COMMAND: GET /session/504404daf6556c94b3cb83283ff70561/screenshot - {}
RESULT: {}
COMMAND: POST /session/504404daf6556c94b3cb83283ff70561/element - {"using":"xpath","value":"//span[@id=\"application-managepricingrules-display-component---priceInfoItem--smartTable-header-inner\"]"}
RESULT: {"using":"xpath","value":"//span[@id=\"application-managepricingrules-display-component---priceInfoItem--smartTable-header-inner\"]"}
COMMAND: POST /session/504404daf6556c94b3cb83283ff70561/elements - {"using":"xpath","value":"//span[@id=\"application-managepricingrules-display-component---priceInfoItem--smartTable-header-inner\"]"}
RESULT: {"using":"xpath","value":"//span[@id=\"application-managepricingrules-display-component---priceInfoItem--smartTable-header-inner\"]"}
COMMAND: POST /session/504404daf6556c94b3cb83283ff70561/execute/sync - {"script":"<script> [56 bytes]","args":[{"element-6066-11e4-a52e-4f735466cecf":"f.74039697418B55B680EBD40CFFCF13D1.d.78B0E16ADAFE02A6883A8E050CEAF78F.e.17797","ELEMENT":"f.74039697418B55B680EBD40CFFCF13D1.d.78B0E16ADAFE02A6883A8E050CEAF78F.e.17797"}]}
RESULT: {"script":"<script> [56 bytes]","args":[{"element-6066-11e4-a52e-4f735466cecf":"f.74039697418B55B680EBD40CFFCF13D1.d.78B0E16ADAFE02A6883A8E050CEAF78F.e.17797","ELEMENT":"f.74039697418B55B680EBD40CFFCF13D1.d.78B0E16ADAFE02A6883A8E050CEAF78F.e.17797"}]}
COMMAND: POST /session/504404daf6556c94b3cb83283ff70561/element - {"using":"css selector","value":"#shell-header-logo"}
COMMAND: GET /session/504404daf6556c94b3cb83283ff70561/screenshot - {}
RESULT: {"using":"css selector","value":"#shell-header-logo"}
COMMAND: POST /session/504404daf6556c94b3cb83283ff70561/element/f.74039697418B55B680EBD40CFFCF13D1.d.78B0E16ADAFE02A6883A8E050CEAF78F.e.17127/click - {}
RESULT: {}
RESULT: {}
COMMAND: GET /session/504404daf6556c94b3cb83283ff70561/screenshot - {}
RESULT: {}
]]></system-out>
    </testcase>
    <testcase classname="chrome.135_0_7049_42.windows.Create_Reverse_Billing_US127248" name="Should manage conditions" time="72.88">
      <system-out><![CDATA[
COMMAND: POST /session/504404daf6556c94b3cb83283ff70561/execute/async - {"script":"<script> [1562 bytes]","args":[{"selector":{"controlType":"sap.m.Text","properties":{"text":"Manage Conditions & Prices"},"interaction":{"idSuffix":"inner"}},"wdio_ui5_key":"sapm.Text{\"text\":\"Manage Conditions & Prices\"}"}]}
RESULT: {"script":"<script> [1562 bytes]","args":[{"selector":{"controlType":"sap.m.Text","properties":{"text":"Manage Conditions & Prices"},"interaction":{"idSuffix":"inner"}},"wdio_ui5_key":"sapm.Text{\"text\":\"Manage Conditions & Prices\"}"}]}
RESULT: undefined
COMMAND: POST /session/504404daf6556c94b3cb83283ff70561/element - {"using":"xpath","value":"//*[@id=\"__tile53-title\"]"}
RESULT: {"using":"xpath","value":"//*[@id=\"__tile53-title\"]"}
COMMAND: POST /session/504404daf6556c94b3cb83283ff70561/element/f.74039697418B55B680EBD40CFFCF13D1.d.78B0E16ADAFE02A6883A8E050CEAF78F.e.17800/click - {}
RESULT: {}
COMMAND: POST /session/504404daf6556c94b3cb83283ff70561/element - {"using":"xpath","value":"//button[@aria-label=\"Create\"]"}
COMMAND: GET /session/504404daf6556c94b3cb83283ff70561/screenshot - {}
RESULT: {"using":"xpath","value":"//button[@aria-label=\"Create\"]"}
COMMAND: POST /session/504404daf6556c94b3cb83283ff70561/elements - {"using":"xpath","value":"//button[@aria-label=\"Create\"]"}
RESULT: {}
RESULT: {"using":"xpath","value":"//button[@aria-label=\"Create\"]"}
COMMAND: POST /session/504404daf6556c94b3cb83283ff70561/elements - {"using":"xpath","value":"//button[@aria-label=\"Create\"]"}
RESULT: {"using":"xpath","value":"//button[@aria-label=\"Create\"]"}
COMMAND: POST /session/504404daf6556c94b3cb83283ff70561/elements - {"using":"xpath","value":"//button[@aria-label=\"Create\"]"}
RESULT: {"using":"xpath","value":"//button[@aria-label=\"Create\"]"}
COMMAND: POST /session/504404daf6556c94b3cb83283ff70561/elements - {"using":"xpath","value":"//button[@aria-label=\"Create\"]"}
RESULT: {"using":"xpath","value":"//button[@aria-label=\"Create\"]"}
COMMAND: POST /session/504404daf6556c94b3cb83283ff70561/element - {"using":"xpath","value":"//button[@aria-label=\"Create\"]"}
RESULT: {"using":"xpath","value":"//button[@aria-label=\"Create\"]"}
COMMAND: POST /session/504404daf6556c94b3cb83283ff70561/execute/sync - {"script":"<script> [8489 bytes]","args":[{"element-6066-11e4-a52e-4f735466cecf":"f.74039697418B55B680EBD40CFFCF13D1.d.78B0E16ADAFE02A6883A8E050CEAF78F.e.17834","ELEMENT":"f.74039697418B55B680EBD40CFFCF13D1.d.78B0E16ADAFE02A6883A8E050CEAF78F.e.17834"}]}
RESULT: {"script":"<script> [8489 bytes]","args":[{"element-6066-11e4-a52e-4f735466cecf":"f.74039697418B55B680EBD40CFFCF13D1.d.78B0E16ADAFE02A6883A8E050CEAF78F.e.17834","ELEMENT":"f.74039697418B55B680EBD40CFFCF13D1.d.78B0E16ADAFE02A6883A8E050CEAF78F.e.17834"}]}
COMMAND: GET /session/504404daf6556c94b3cb83283ff70561/element/f.74039697418B55B680EBD40CFFCF13D1.d.78B0E16ADAFE02A6883A8E050CEAF78F.e.17834/enabled - {}
COMMAND: GET /session/504404daf6556c94b3cb83283ff70561/screenshot - {}
RESULT: {}
COMMAND: POST /session/504404daf6556c94b3cb83283ff70561/execute/sync - {"script":"<script> [8489 bytes]","args":[{"element-6066-11e4-a52e-4f735466cecf":"f.74039697418B55B680EBD40CFFCF13D1.d.78B0E16ADAFE02A6883A8E050CEAF78F.e.17834","ELEMENT":"f.74039697418B55B680EBD40CFFCF13D1.d.78B0E16ADAFE02A6883A8E050CEAF78F.e.17834"}]}
COMMAND: GET /session/504404daf6556c94b3cb83283ff70561/screenshot - {}
RESULT: {}
RESULT: {"script":"<script> [8489 bytes]","args":[{"element-6066-11e4-a52e-4f735466cecf":"f.74039697418B55B680EBD40CFFCF13D1.d.78B0E16ADAFE02A6883A8E050CEAF78F.e.17834","ELEMENT":"f.74039697418B55B680EBD40CFFCF13D1.d.78B0E16ADAFE02A6883A8E050CEAF78F.e.17834"}]}
COMMAND: POST /session/504404daf6556c94b3cb83283ff70561/execute/sync - {"script":"<script> [5351 bytes]","args":[{"element-6066-11e4-a52e-4f735466cecf":"f.74039697418B55B680EBD40CFFCF13D1.d.78B0E16ADAFE02A6883A8E050CEAF78F.e.17834","ELEMENT":"f.74039697418B55B680EBD40CFFCF13D1.d.78B0E16ADAFE02A6883A8E050CEAF78F.e.17834"}]}
COMMAND: GET /session/504404daf6556c94b3cb83283ff70561/screenshot - {}
RESULT: {}
RESULT: {"script":"<script> [5351 bytes]","args":[{"element-6066-11e4-a52e-4f735466cecf":"f.74039697418B55B680EBD40CFFCF13D1.d.78B0E16ADAFE02A6883A8E050CEAF78F.e.17834","ELEMENT":"f.74039697418B55B680EBD40CFFCF13D1.d.78B0E16ADAFE02A6883A8E050CEAF78F.e.17834"}]}
COMMAND: POST /session/504404daf6556c94b3cb83283ff70561/element/f.74039697418B55B680EBD40CFFCF13D1.d.78B0E16ADAFE02A6883A8E050CEAF78F.e.17834/click - {}
COMMAND: GET /session/504404daf6556c94b3cb83283ff70561/screenshot - {}
RESULT: {}
RESULT: {}
COMMAND: GET /session/504404daf6556c94b3cb83283ff70561/screenshot - {}
RESULT: {}
RESULT: {}
COMMAND: POST /session/504404daf6556c94b3cb83283ff70561/actions - {"actions":[{"id":"action61","type":"key","parameters":{},"actions":[{"type":"keyDown","value":""},{"type":"pause","duration":10},{"type":"keyUp","value":""}]}]}
RESULT: {"actions":[{"id":"action61","type":"key","parameters":{},"actions":[{"type":"keyDown","value":""},{"type":"pause","duration":10},{"type":"keyUp","value":""}]}]}
COMMAND: GET /session/504404daf6556c94b3cb83283ff70561/screenshot - {}
RESULT: {}
COMMAND: POST /session/504404daf6556c94b3cb83283ff70561/execute/async - {"script":"<script> [1562 bytes]","args":[{"selector":{"id":"application-manageconditionprice-display-component---newCondition--condBillCond-arrow"},"wdio_ui5_key":"applicationmanageconditionprice-display-component---newCondition--condBillCond-arrow"}]}
RESULT: {"script":"<script> [1562 bytes]","args":[{"selector":{"id":"application-manageconditionprice-display-component---newCondition--condBillCond-arrow"},"wdio_ui5_key":"applicationmanageconditionprice-display-component---newCondition--condBillCond-arrow"}]}
RESULT: undefined
COMMAND: POST /session/504404daf6556c94b3cb83283ff70561/element - {"using":"xpath","value":"//*[@id=\"application-manageconditionprice-display-component---newCondition--condBillCond-arrow\"]"}
RESULT: {"using":"xpath","value":"//*[@id=\"application-manageconditionprice-display-component---newCondition--condBillCond-arrow\"]"}
COMMAND: POST /session/504404daf6556c94b3cb83283ff70561/element/f.74039697418B55B680EBD40CFFCF13D1.d.78B0E16ADAFE02A6883A8E050CEAF78F.e.18019/click - {}
RESULT: {}
COMMAND: GET /session/504404daf6556c94b3cb83283ff70561/screenshot - {}
RESULT: {}
COMMAND: POST /session/504404daf6556c94b3cb83283ff70561/element - {"using":"xpath","value":"//li[.//span[contains(text(), \"DISP - D&I special price\")]]"}
RESULT: {"using":"xpath","value":"//li[.//span[contains(text(), \"DISP - D&I special price\")]]"}
COMMAND: POST /session/504404daf6556c94b3cb83283ff70561/element/f.74039697418B55B680EBD40CFFCF13D1.d.78B0E16ADAFE02A6883A8E050CEAF78F.e.18022/click - {}
RESULT: {}
COMMAND: GET /session/504404daf6556c94b3cb83283ff70561/screenshot - {}
RESULT: {}
COMMAND: POST /session/504404daf6556c94b3cb83283ff70561/execute/async - {"script":"<script> [1562 bytes]","args":[{"selector":{"id":"application-manageconditionprice-display-component---newCondition--condValidTo","interaction":{"idSuffix":"inner"}},"wdio_ui5_key":"applicationmanageconditionprice-display-component---newCondition--condValidTo"}]}
RESULT: {"script":"<script> [1562 bytes]","args":[{"selector":{"id":"application-manageconditionprice-display-component---newCondition--condValidTo","interaction":{"idSuffix":"inner"}},"wdio_ui5_key":"applicationmanageconditionprice-display-component---newCondition--condValidTo"}]}
RESULT: undefined
COMMAND: POST /session/504404daf6556c94b3cb83283ff70561/execute/async - {"script":"<script> [776 bytes]","args":[{"enterText":"12/21/25","selector":{"id":"application-manageconditionprice-display-component---newCondition--condValidTo","interaction":{"idSuffix":"inner"}},"clearTextFirst":true,"interactionType":"ENTER_TEXT"}]}
RESULT: {"script":"<script> [776 bytes]","args":[{"enterText":"12/21/25","selector":{"id":"application-manageconditionprice-display-component---newCondition--condValidTo","interaction":{"idSuffix":"inner"}},"clearTextFirst":true,"interactionType":"ENTER_TEXT"}]}
COMMAND: POST /session/504404daf6556c94b3cb83283ff70561/element - {"using":"xpath","value":"//input[@id=\"application-manageconditionprice-display-component---newCondition--condRU-inner\"]"}
RESULT: {"using":"xpath","value":"//input[@id=\"application-manageconditionprice-display-component---newCondition--condRU-inner\"]"}
COMMAND: POST /session/504404daf6556c94b3cb83283ff70561/element/f.74039697418B55B680EBD40CFFCF13D1.d.78B0E16ADAFE02A6883A8E050CEAF78F.e.17850/clear - {}
RESULT: {}
COMMAND: POST /session/504404daf6556c94b3cb83283ff70561/element/f.74039697418B55B680EBD40CFFCF13D1.d.78B0E16ADAFE02A6883A8E050CEAF78F.e.17850/value - {"text":"SNSQPRHTIa"}
COMMAND: GET /session/504404daf6556c94b3cb83283ff70561/screenshot - {}
RESULT: {"text":"SNSQPRHTIa"}
COMMAND: GET /session/504404daf6556c94b3cb83283ff70561/screenshot - {}
RESULT: {}
RESULT: {}
COMMAND: POST /session/504404daf6556c94b3cb83283ff70561/actions - {"actions":[{"id":"action62","type":"key","parameters":{},"actions":[{"type":"keyDown","value":""},{"type":"pause","duration":10},{"type":"keyUp","value":""}]}]}
RESULT: {"actions":[{"id":"action62","type":"key","parameters":{},"actions":[{"type":"keyDown","value":""},{"type":"pause","duration":10},{"type":"keyUp","value":""}]}]}
COMMAND: POST /session/504404daf6556c94b3cb83283ff70561/execute/async - {"script":"<script> [1562 bytes]","args":[{"selector":{"id":"application-manageconditionprice-display-component---newCondition--condBaseQty","interaction":{"idSuffix":"inner"}},"wdio_ui5_key":"applicationmanageconditionprice-display-component---newCondition--condBaseQty"}]}
COMMAND: GET /session/504404daf6556c94b3cb83283ff70561/screenshot - {}
RESULT: {"script":"<script> [1562 bytes]","args":[{"selector":{"id":"application-manageconditionprice-display-component---newCondition--condBaseQty","interaction":{"idSuffix":"inner"}},"wdio_ui5_key":"applicationmanageconditionprice-display-component---newCondition--condBaseQty"}]}
RESULT: undefined
COMMAND: POST /session/504404daf6556c94b3cb83283ff70561/execute/async - {"script":"<script> [776 bytes]","args":[{"enterText":"1","selector":{"id":"application-manageconditionprice-display-component---newCondition--condBaseQty","interaction":{"idSuffix":"inner"}},"clearTextFirst":true,"interactionType":"ENTER_TEXT"}]}
RESULT: {}
RESULT: {"script":"<script> [776 bytes]","args":[{"enterText":"1","selector":{"id":"application-manageconditionprice-display-component---newCondition--condBaseQty","interaction":{"idSuffix":"inner"}},"clearTextFirst":true,"interactionType":"ENTER_TEXT"}]}
COMMAND: POST /session/504404daf6556c94b3cb83283ff70561/execute/async - {"script":"<script> [1562 bytes]","args":[{"selector":{"id":"application-manageconditionprice-display-component---newCondition--condValue","interaction":{"idSuffix":"inner"}},"wdio_ui5_key":"applicationmanageconditionprice-display-component---newCondition--condValue"}]}
RESULT: {"script":"<script> [1562 bytes]","args":[{"selector":{"id":"application-manageconditionprice-display-component---newCondition--condValue","interaction":{"idSuffix":"inner"}},"wdio_ui5_key":"applicationmanageconditionprice-display-component---newCondition--condValue"}]}
RESULT: undefined
COMMAND: POST /session/504404daf6556c94b3cb83283ff70561/execute/async - {"script":"<script> [776 bytes]","args":[{"enterText":"200","selector":{"id":"application-manageconditionprice-display-component---newCondition--condValue","interaction":{"idSuffix":"inner"}},"clearTextFirst":true,"interactionType":"ENTER_TEXT"}]}
RESULT: {"script":"<script> [776 bytes]","args":[{"enterText":"200","selector":{"id":"application-manageconditionprice-display-component---newCondition--condValue","interaction":{"idSuffix":"inner"}},"clearTextFirst":true,"interactionType":"ENTER_TEXT"}]}
COMMAND: POST /session/504404daf6556c94b3cb83283ff70561/execute/async - {"script":"<script> [1562 bytes]","args":[{"selector":{"id":"application-manageconditionprice-display-component---newCondition--condCurr-arrow"},"wdio_ui5_key":"applicationmanageconditionprice-display-component---newCondition--condCurr-arrow"}]}
RESULT: {"script":"<script> [1562 bytes]","args":[{"selector":{"id":"application-manageconditionprice-display-component---newCondition--condCurr-arrow"},"wdio_ui5_key":"applicationmanageconditionprice-display-component---newCondition--condCurr-arrow"}]}
RESULT: undefined
COMMAND: POST /session/504404daf6556c94b3cb83283ff70561/element - {"using":"xpath","value":"//*[@id=\"application-manageconditionprice-display-component---newCondition--condCurr-arrow\"]"}
RESULT: {"using":"xpath","value":"//*[@id=\"application-manageconditionprice-display-component---newCondition--condCurr-arrow\"]"}
COMMAND: POST /session/504404daf6556c94b3cb83283ff70561/element/f.74039697418B55B680EBD40CFFCF13D1.d.78B0E16ADAFE02A6883A8E050CEAF78F.e.18004/click - {}
RESULT: {}
COMMAND: POST /session/504404daf6556c94b3cb83283ff70561/element - {"using":"xpath","value":"//span[contains(text(), \"Euro\")]"}
COMMAND: GET /session/504404daf6556c94b3cb83283ff70561/screenshot - {}
RESULT: {"using":"xpath","value":"//span[contains(text(), \"Euro\")]"}
COMMAND: POST /session/504404daf6556c94b3cb83283ff70561/element/f.74039697418B55B680EBD40CFFCF13D1.d.78B0E16ADAFE02A6883A8E050CEAF78F.e.18060/click - {}
RESULT: {}
RESULT: {}
COMMAND: POST /session/504404daf6556c94b3cb83283ff70561/element - {"using":"xpath","value":"//button[@data-kt=\"saveButton\"]"}
COMMAND: GET /session/504404daf6556c94b3cb83283ff70561/screenshot - {}
RESULT: {"using":"xpath","value":"//button[@data-kt=\"saveButton\"]"}
COMMAND: POST /session/504404daf6556c94b3cb83283ff70561/element/f.74039697418B55B680EBD40CFFCF13D1.d.78B0E16ADAFE02A6883A8E050CEAF78F.e.18005/click - {}
RESULT: {}
RESULT: {}
COMMAND: GET /session/504404daf6556c94b3cb83283ff70561/screenshot - {}
RESULT: {}
COMMAND: POST /session/504404daf6556c94b3cb83283ff70561/execute/async - {"script":"<script> [1562 bytes]","args":[{"selector":{"id":"application-manageconditionprice-display-component---conditions--smartFilterBar-btnBasicSearch","interaction":{"idSuffix":"I"}},"wdio_ui5_key":"applicationmanageconditionprice-display-component---conditions--smartFilterBar-btnBasicSearch"}]}
RESULT: {"script":"<script> [1562 bytes]","args":[{"selector":{"id":"application-manageconditionprice-display-component---conditions--smartFilterBar-btnBasicSearch","interaction":{"idSuffix":"I"}},"wdio_ui5_key":"applicationmanageconditionprice-display-component---conditions--smartFilterBar-btnBasicSearch"}]}
RESULT: undefined
COMMAND: POST /session/504404daf6556c94b3cb83283ff70561/execute/async - {"script":"<script> [776 bytes]","args":[{"enterText":"SNSQPRHTIa","selector":{"id":"application-manageconditionprice-display-component---conditions--smartFilterBar-btnBasicSearch","interaction":{"idSuffix":"I"}},"clearTextFirst":true,"interactionType":"ENTER_TEXT"}]}
RESULT: {"script":"<script> [776 bytes]","args":[{"enterText":"SNSQPRHTIa","selector":{"id":"application-manageconditionprice-display-component---conditions--smartFilterBar-btnBasicSearch","interaction":{"idSuffix":"I"}},"clearTextFirst":true,"interactionType":"ENTER_TEXT"}]}
COMMAND: POST /session/504404daf6556c94b3cb83283ff70561/actions - {"actions":[{"id":"action63","type":"key","parameters":{},"actions":[{"type":"keyDown","value":""},{"type":"pause","duration":10},{"type":"keyUp","value":""}]}]}
RESULT: {"actions":[{"id":"action63","type":"key","parameters":{},"actions":[{"type":"keyDown","value":""},{"type":"pause","duration":10},{"type":"keyUp","value":""}]}]}
COMMAND: GET /session/504404daf6556c94b3cb83283ff70561/screenshot - {}
RESULT: {}
COMMAND: POST /session/504404daf6556c94b3cb83283ff70561/execute/async - {"script":"<script> [1562 bytes]","args":[{"selector":{"id":"application-manageconditionprice-display-component---conditions--smartFilterBar-filterItemControl_BASIC-BILL_TYPES-vhi"},"wdio_ui5_key":"applicationmanageconditionprice-display-component---conditions--smartFilterBar-filterItemControl_BASIC-BILL_TYPES-vhi"}]}
RESULT: {"script":"<script> [1562 bytes]","args":[{"selector":{"id":"application-manageconditionprice-display-component---conditions--smartFilterBar-filterItemControl_BASIC-BILL_TYPES-vhi"},"wdio_ui5_key":"applicationmanageconditionprice-display-component---conditions--smartFilterBar-filterItemControl_BASIC-BILL_TYPES-vhi"}]}
RESULT: undefined
COMMAND: POST /session/504404daf6556c94b3cb83283ff70561/element - {"using":"xpath","value":"//*[@id=\"application-manageconditionprice-display-component---conditions--smartFilterBar-filterItemControl_BASIC-BILL_TYPES-vhi\"]"}
RESULT: {"using":"xpath","value":"//*[@id=\"application-manageconditionprice-display-component---conditions--smartFilterBar-filterItemControl_BASIC-BILL_TYPES-vhi\"]"}
COMMAND: POST /session/504404daf6556c94b3cb83283ff70561/element/f.74039697418B55B680EBD40CFFCF13D1.d.78B0E16ADAFE02A6883A8E050CEAF78F.e.18166/click - {}
RESULT: {}
COMMAND: POST /session/504404daf6556c94b3cb83283ff70561/execute/async - {"script":"<script> [1562 bytes]","args":[{"selector":{"id":"application-manageconditionprice-display-component---conditions--smartFilterBar-filterItemControl_BASIC-BILL_TYPES-valueHelpDialog-smartFilterBar-btnBasicSearch","searchOpenDialogs":true,"interaction":{"idSuffix":"I"}},"wdio_ui5_key":"applicationmanageconditionprice-display-component---conditions--smartFilterBar-filterItemControl_BASIC-BILL_TYPES-valueHelpDialog-smartFilterBar-btnBasicSearch"}]}
COMMAND: GET /session/504404daf6556c94b3cb83283ff70561/screenshot - {}
RESULT: {"script":"<script> [1562 bytes]","args":[{"selector":{"id":"application-manageconditionprice-display-component---conditions--smartFilterBar-filterItemControl_BASIC-BILL_TYPES-valueHelpDialog-smartFilterBar-btnBasicSearch","searchOpenDialogs":true,"interaction":{"idSuffix":"I"}},"wdio_ui5_key":"applicationmanageconditionprice-display-component---conditions--smartFilterBar-filterItemControl_BASIC-BILL_TYPES-valueHelpDialog-smartFilterBar-btnBasicSearch"}]}
RESULT: undefined
COMMAND: POST /session/504404daf6556c94b3cb83283ff70561/execute/async - {"script":"<script> [776 bytes]","args":[{"enterText":"TB","selector":{"id":"application-manageconditionprice-display-component---conditions--smartFilterBar-filterItemControl_BASIC-BILL_TYPES-valueHelpDialog-smartFilterBar-btnBasicSearch","searchOpenDialogs":true,"interaction":{"idSuffix":"I"}},"clearTextFirst":true,"interactionType":"ENTER_TEXT"}]}
RESULT: {}
RESULT: {"script":"<script> [776 bytes]","args":[{"enterText":"TB","selector":{"id":"application-manageconditionprice-display-component---conditions--smartFilterBar-filterItemControl_BASIC-BILL_TYPES-valueHelpDialog-smartFilterBar-btnBasicSearch","searchOpenDialogs":true,"interaction":{"idSuffix":"I"}},"clearTextFirst":true,"interactionType":"ENTER_TEXT"}]}
COMMAND: POST /session/504404daf6556c94b3cb83283ff70561/actions - {"actions":[{"id":"action64","type":"key","parameters":{},"actions":[{"type":"keyDown","value":""},{"type":"pause","duration":10},{"type":"keyUp","value":""}]}]}
RESULT: {"actions":[{"id":"action64","type":"key","parameters":{},"actions":[{"type":"keyDown","value":""},{"type":"pause","duration":10},{"type":"keyUp","value":""}]}]}
COMMAND: GET /session/504404daf6556c94b3cb83283ff70561/screenshot - {}
RESULT: {}
COMMAND: POST /session/504404daf6556c94b3cb83283ff70561/element - {"using":"xpath","value":"//div[contains(@id, 'application-manageconditionprice-display-component---conditions--smartFilterBar-filterItemControl_BASIC-BILL_TYPES-valueHelpDialog-table-rowsel0')]"}
RESULT: {"using":"xpath","value":"//div[contains(@id, 'application-manageconditionprice-display-component---conditions--smartFilterBar-filterItemControl_BASIC-BILL_TYPES-valueHelpDialog-table-rowsel0')]"}
COMMAND: POST /session/504404daf6556c94b3cb83283ff70561/element/f.74039697418B55B680EBD40CFFCF13D1.d.78B0E16ADAFE02A6883A8E050CEAF78F.e.18175/click - {}
RESULT: {}
COMMAND: GET /session/504404daf6556c94b3cb83283ff70561/screenshot - {}
RESULT: {}
COMMAND: POST /session/504404daf6556c94b3cb83283ff70561/element - {"using":"xpath","value":"//bdi[contains(text(), \"OK\")]"}
RESULT: {"using":"xpath","value":"//bdi[contains(text(), \"OK\")]"}
COMMAND: POST /session/504404daf6556c94b3cb83283ff70561/element/f.74039697418B55B680EBD40CFFCF13D1.d.78B0E16ADAFE02A6883A8E050CEAF78F.e.18177/click - {}
RESULT: {}
COMMAND: GET /session/504404daf6556c94b3cb83283ff70561/screenshot - {}
RESULT: {}
COMMAND: POST /session/504404daf6556c94b3cb83283ff70561/element - {"using":"xpath","value":"//span[@id=\"application-manageconditionprice-display-component---conditions--smartTable-header-inner\"]"}
RESULT: {"using":"xpath","value":"//span[@id=\"application-manageconditionprice-display-component---conditions--smartTable-header-inner\"]"}
COMMAND: POST /session/504404daf6556c94b3cb83283ff70561/elements - {"using":"xpath","value":"//span[@id=\"application-manageconditionprice-display-component---conditions--smartTable-header-inner\"]"}
RESULT: {"using":"xpath","value":"//span[@id=\"application-manageconditionprice-display-component---conditions--smartTable-header-inner\"]"}
COMMAND: POST /session/504404daf6556c94b3cb83283ff70561/execute/sync - {"script":"<script> [56 bytes]","args":[{"element-6066-11e4-a52e-4f735466cecf":"f.74039697418B55B680EBD40CFFCF13D1.d.78B0E16ADAFE02A6883A8E050CEAF78F.e.18180","ELEMENT":"f.74039697418B55B680EBD40CFFCF13D1.d.78B0E16ADAFE02A6883A8E050CEAF78F.e.18180"}]}
RESULT: {"script":"<script> [56 bytes]","args":[{"element-6066-11e4-a52e-4f735466cecf":"f.74039697418B55B680EBD40CFFCF13D1.d.78B0E16ADAFE02A6883A8E050CEAF78F.e.18180","ELEMENT":"f.74039697418B55B680EBD40CFFCF13D1.d.78B0E16ADAFE02A6883A8E050CEAF78F.e.18180"}]}
COMMAND: POST /session/504404daf6556c94b3cb83283ff70561/element - {"using":"css selector","value":"#shell-header-logo"}
COMMAND: GET /session/504404daf6556c94b3cb83283ff70561/screenshot - {}
RESULT: {"using":"css selector","value":"#shell-header-logo"}
COMMAND: POST /session/504404daf6556c94b3cb83283ff70561/element/f.74039697418B55B680EBD40CFFCF13D1.d.78B0E16ADAFE02A6883A8E050CEAF78F.e.17802/click - {}
RESULT: {}
RESULT: {}
COMMAND: GET /session/504404daf6556c94b3cb83283ff70561/screenshot - {}
RESULT: {}
]]></system-out>
    </testcase>
    <testcase classname="chrome.135_0_7049_42.windows.Create_Reverse_Billing_US127248" name="Should do a stock increase handover" time="87.789">
      <system-out><![CDATA[
COMMAND: POST /session/504404daf6556c94b3cb83283ff70561/execute/async - {"script":"<script> [1562 bytes]","args":[{"selector":{"controlType":"sap.m.Text","viewName":"etm.portal.ui.managehandoverstile.view.Master","properties":{"text":"Manage Handovers"},"interaction":{"idSuffix":"inner"}},"wdio_ui5_key":"etmportal.ui.managehandoverstile.view.Mastersap.m.Text{\"text\":\"Manage Handovers\"}"}]}
RESULT: {"script":"<script> [1562 bytes]","args":[{"selector":{"controlType":"sap.m.Text","viewName":"etm.portal.ui.managehandoverstile.view.Master","properties":{"text":"Manage Handovers"},"interaction":{"idSuffix":"inner"}},"wdio_ui5_key":"etmportal.ui.managehandoverstile.view.Mastersap.m.Text{\"text\":\"Manage Handovers\"}"}]}
RESULT: undefined
COMMAND: POST /session/504404daf6556c94b3cb83283ff70561/element - {"using":"xpath","value":"//*[@id=\"__tile132-title\"]"}
RESULT: {"using":"xpath","value":"//*[@id=\"__tile132-title\"]"}
COMMAND: POST /session/504404daf6556c94b3cb83283ff70561/element/f.74039697418B55B680EBD40CFFCF13D1.d.78B0E16ADAFE02A6883A8E050CEAF78F.e.18185/click - {}
RESULT: {}
COMMAND: POST /session/504404daf6556c94b3cb83283ff70561/element - {"using":"xpath","value":"//button[@data-kt=\"masterHOAddButton\"]"}
COMMAND: GET /session/504404daf6556c94b3cb83283ff70561/screenshot - {}
RESULT: {"using":"xpath","value":"//button[@data-kt=\"masterHOAddButton\"]"}
COMMAND: POST /session/504404daf6556c94b3cb83283ff70561/elements - {"using":"xpath","value":"//button[@data-kt=\"masterHOAddButton\"]"}
RESULT: {}
RESULT: {"using":"xpath","value":"//button[@data-kt=\"masterHOAddButton\"]"}
COMMAND: POST /session/504404daf6556c94b3cb83283ff70561/element - {"using":"xpath","value":"//button[@data-kt=\"masterHOAddButton\"]"}
RESULT: {"using":"xpath","value":"//button[@data-kt=\"masterHOAddButton\"]"}
COMMAND: POST /session/504404daf6556c94b3cb83283ff70561/execute/sync - {"script":"<script> [8489 bytes]","args":[{"element-6066-11e4-a52e-4f735466cecf":"f.74039697418B55B680EBD40CFFCF13D1.d.78B0E16ADAFE02A6883A8E050CEAF78F.e.18222","ELEMENT":"f.74039697418B55B680EBD40CFFCF13D1.d.78B0E16ADAFE02A6883A8E050CEAF78F.e.18222"}]}
RESULT: {"script":"<script> [8489 bytes]","args":[{"element-6066-11e4-a52e-4f735466cecf":"f.74039697418B55B680EBD40CFFCF13D1.d.78B0E16ADAFE02A6883A8E050CEAF78F.e.18222","ELEMENT":"f.74039697418B55B680EBD40CFFCF13D1.d.78B0E16ADAFE02A6883A8E050CEAF78F.e.18222"}]}
COMMAND: GET /session/504404daf6556c94b3cb83283ff70561/element/f.74039697418B55B680EBD40CFFCF13D1.d.78B0E16ADAFE02A6883A8E050CEAF78F.e.18222/enabled - {}
COMMAND: GET /session/504404daf6556c94b3cb83283ff70561/screenshot - {}
RESULT: {}
COMMAND: POST /session/504404daf6556c94b3cb83283ff70561/execute/sync - {"script":"<script> [8489 bytes]","args":[{"element-6066-11e4-a52e-4f735466cecf":"f.74039697418B55B680EBD40CFFCF13D1.d.78B0E16ADAFE02A6883A8E050CEAF78F.e.18222","ELEMENT":"f.74039697418B55B680EBD40CFFCF13D1.d.78B0E16ADAFE02A6883A8E050CEAF78F.e.18222"}]}
COMMAND: GET /session/504404daf6556c94b3cb83283ff70561/screenshot - {}
RESULT: {}
RESULT: {"script":"<script> [8489 bytes]","args":[{"element-6066-11e4-a52e-4f735466cecf":"f.74039697418B55B680EBD40CFFCF13D1.d.78B0E16ADAFE02A6883A8E050CEAF78F.e.18222","ELEMENT":"f.74039697418B55B680EBD40CFFCF13D1.d.78B0E16ADAFE02A6883A8E050CEAF78F.e.18222"}]}
COMMAND: POST /session/504404daf6556c94b3cb83283ff70561/execute/sync - {"script":"<script> [5351 bytes]","args":[{"element-6066-11e4-a52e-4f735466cecf":"f.74039697418B55B680EBD40CFFCF13D1.d.78B0E16ADAFE02A6883A8E050CEAF78F.e.18222","ELEMENT":"f.74039697418B55B680EBD40CFFCF13D1.d.78B0E16ADAFE02A6883A8E050CEAF78F.e.18222"}]}
COMMAND: GET /session/504404daf6556c94b3cb83283ff70561/screenshot - {}
RESULT: {}
RESULT: {"script":"<script> [5351 bytes]","args":[{"element-6066-11e4-a52e-4f735466cecf":"f.74039697418B55B680EBD40CFFCF13D1.d.78B0E16ADAFE02A6883A8E050CEAF78F.e.18222","ELEMENT":"f.74039697418B55B680EBD40CFFCF13D1.d.78B0E16ADAFE02A6883A8E050CEAF78F.e.18222"}]}
COMMAND: POST /session/504404daf6556c94b3cb83283ff70561/element/f.74039697418B55B680EBD40CFFCF13D1.d.78B0E16ADAFE02A6883A8E050CEAF78F.e.18222/click - {}
COMMAND: GET /session/504404daf6556c94b3cb83283ff70561/screenshot - {}
RESULT: {}
RESULT: {}
COMMAND: GET /session/504404daf6556c94b3cb83283ff70561/screenshot - {}
RESULT: {}
COMMAND: POST /session/504404daf6556c94b3cb83283ff70561/element - {"using":"xpath","value":"//span[contains(@id ,\"AddNewHO--typeSelect-arrow\")]"}
RESULT: {}
RESULT: {"using":"xpath","value":"//span[contains(@id ,\"AddNewHO--typeSelect-arrow\")]"}
COMMAND: POST /session/504404daf6556c94b3cb83283ff70561/element/f.74039697418B55B680EBD40CFFCF13D1.d.78B0E16ADAFE02A6883A8E050CEAF78F.e.18559/click - {}
RESULT: {}
COMMAND: GET /session/504404daf6556c94b3cb83283ff70561/screenshot - {}
RESULT: {}
COMMAND: POST /session/504404daf6556c94b3cb83283ff70561/element - {"using":"xpath","value":"(//li[contains(text(), \"stock increase yard\")])[1]"}
RESULT: {"using":"xpath","value":"(//li[contains(text(), \"stock increase yard\")])[1]"}
COMMAND: POST /session/504404daf6556c94b3cb83283ff70561/element/f.74039697418B55B680EBD40CFFCF13D1.d.78B0E16ADAFE02A6883A8E050CEAF78F.e.18560/click - {}
RESULT: {}
COMMAND: GET /session/504404daf6556c94b3cb83283ff70561/screenshot - {}
RESULT: {}
COMMAND: POST /session/504404daf6556c94b3cb83283ff70561/execute/async - {"script":"<script> [1562 bytes]","args":[{"selector":{"id":"application-managehandovers-display-component---AddNewHO--dueDate","interaction":{"idSuffix":"inner"}},"wdio_ui5_key":"applicationmanagehandovers-display-component---AddNewHO--dueDate"}]}
RESULT: {"script":"<script> [1562 bytes]","args":[{"selector":{"id":"application-managehandovers-display-component---AddNewHO--dueDate","interaction":{"idSuffix":"inner"}},"wdio_ui5_key":"applicationmanagehandovers-display-component---AddNewHO--dueDate"}]}
RESULT: undefined
COMMAND: POST /session/504404daf6556c94b3cb83283ff70561/execute/async - {"script":"<script> [6424 bytes]","args":[{"element-6066-11e4-a52e-4f735466cecf":"f.74039697418B55B680EBD40CFFCF13D1.d.78B0E16ADAFE02A6883A8E050CEAF78F.e.18562"},"setValue",["04/21/2025"]]}
RESULT: {"script":"<script> [6424 bytes]","args":[{"element-6066-11e4-a52e-4f735466cecf":"f.74039697418B55B680EBD40CFFCF13D1.d.78B0E16ADAFE02A6883A8E050CEAF78F.e.18562"},"setValue",["04/21/2025"]]}
COMMAND: POST /session/504404daf6556c94b3cb83283ff70561/element - {"using":"xpath","value":"//input[@id=\"generalSectionFrg--receiveYard-inner\"]"}
RESULT: {"using":"xpath","value":"//input[@id=\"generalSectionFrg--receiveYard-inner\"]"}
COMMAND: POST /session/504404daf6556c94b3cb83283ff70561/element/f.74039697418B55B680EBD40CFFCF13D1.d.78B0E16ADAFE02A6883A8E050CEAF78F.e.18568/clear - {}
RESULT: {}
COMMAND: POST /session/504404daf6556c94b3cb83283ff70561/element/f.74039697418B55B680EBD40CFFCF13D1.d.78B0E16ADAFE02A6883A8E050CEAF78F.e.18568/value - {"text":"652"}
COMMAND: GET /session/504404daf6556c94b3cb83283ff70561/screenshot - {}
RESULT: {"text":"652"}
COMMAND: GET /session/504404daf6556c94b3cb83283ff70561/screenshot - {}
RESULT: {}
RESULT: {}
COMMAND: POST /session/504404daf6556c94b3cb83283ff70561/element - {"using":"xpath","value":"//li[.//span[text()='652']]"}
RESULT: {"using":"xpath","value":"//li[.//span[text()='652']]"}
COMMAND: POST /session/504404daf6556c94b3cb83283ff70561/element/f.74039697418B55B680EBD40CFFCF13D1.d.78B0E16ADAFE02A6883A8E050CEAF78F.e.18584/click - {}
RESULT: {}
COMMAND: GET /session/504404daf6556c94b3cb83283ff70561/screenshot - {}
RESULT: {}
COMMAND: POST /session/504404daf6556c94b3cb83283ff70561/execute/async - {"script":"<script> [1562 bytes]","args":[{"selector":{"id":"application-managehandovers-display-component---AddNewHO--ObjectPageLayout-anchBar-application-managehandovers-display-component---AddNewHO--section4-anchor","interaction":{"idSuffix":"BDI-content"}},"wdio_ui5_key":"applicationmanagehandovers-display-component---AddNewHO--ObjectPageLayout-anchBar-application-managehandovers-display-component---AddNewHO--section4-anchor"}]}
RESULT: {"script":"<script> [1562 bytes]","args":[{"selector":{"id":"application-managehandovers-display-component---AddNewHO--ObjectPageLayout-anchBar-application-managehandovers-display-component---AddNewHO--section4-anchor","interaction":{"idSuffix":"BDI-content"}},"wdio_ui5_key":"applicationmanagehandovers-display-component---AddNewHO--ObjectPageLayout-anchBar-application-managehandovers-display-component---AddNewHO--section4-anchor"}]}
RESULT: undefined
COMMAND: POST /session/504404daf6556c94b3cb83283ff70561/element - {"using":"xpath","value":"//*[@id=\"application-managehandovers-display-component---AddNewHO--ObjectPageLayout-anchBar-application-managehandovers-display-component---AddNewHO--section4-anchor\"]"}
RESULT: {"using":"xpath","value":"//*[@id=\"application-managehandovers-display-component---AddNewHO--ObjectPageLayout-anchBar-application-managehandovers-display-component---AddNewHO--section4-anchor\"]"}
COMMAND: POST /session/504404daf6556c94b3cb83283ff70561/element/f.74039697418B55B680EBD40CFFCF13D1.d.78B0E16ADAFE02A6883A8E050CEAF78F.e.18586/click - {}
RESULT: {}
COMMAND: POST /session/504404daf6556c94b3cb83283ff70561/element - {"using":"xpath","value":"//button[@aria-label=\"Add\"]"}
COMMAND: GET /session/504404daf6556c94b3cb83283ff70561/screenshot - {}
RESULT: {"using":"xpath","value":"//button[@aria-label=\"Add\"]"}
COMMAND: POST /session/504404daf6556c94b3cb83283ff70561/element/f.74039697418B55B680EBD40CFFCF13D1.d.78B0E16ADAFE02A6883A8E050CEAF78F.e.18588/click - {}
RESULT: {}
RESULT: {}
COMMAND: GET /session/504404daf6556c94b3cb83283ff70561/screenshot - {}
RESULT: {}
COMMAND: POST /session/504404daf6556c94b3cb83283ff70561/execute/async - {"script":"<script> [1562 bytes]","args":[{"selector":{"id":"application-managehandovers-display-component---AddNewHO--smartFilterBar-btnBasicSearch","searchOpenDialogs":true,"interaction":{"idSuffix":"I"}},"wdio_ui5_key":"applicationmanagehandovers-display-component---AddNewHO--smartFilterBar-btnBasicSearch"}]}
RESULT: {"script":"<script> [1562 bytes]","args":[{"selector":{"id":"application-managehandovers-display-component---AddNewHO--smartFilterBar-btnBasicSearch","searchOpenDialogs":true,"interaction":{"idSuffix":"I"}},"wdio_ui5_key":"applicationmanagehandovers-display-component---AddNewHO--smartFilterBar-btnBasicSearch"}]}
RESULT: undefined
COMMAND: POST /session/504404daf6556c94b3cb83283ff70561/execute/async - {"script":"<script> [776 bytes]","args":[{"enterText":"SNSQPRHTIa","selector":{"id":"application-managehandovers-display-component---AddNewHO--smartFilterBar-btnBasicSearch","searchOpenDialogs":true,"interaction":{"idSuffix":"I"}},"clearTextFirst":true,"interactionType":"ENTER_TEXT"}]}
RESULT: {"script":"<script> [776 bytes]","args":[{"enterText":"SNSQPRHTIa","selector":{"id":"application-managehandovers-display-component---AddNewHO--smartFilterBar-btnBasicSearch","searchOpenDialogs":true,"interaction":{"idSuffix":"I"}},"clearTextFirst":true,"interactionType":"ENTER_TEXT"}]}
COMMAND: POST /session/504404daf6556c94b3cb83283ff70561/actions - {"actions":[{"id":"action65","type":"key","parameters":{},"actions":[{"type":"keyDown","value":""},{"type":"pause","duration":10},{"type":"keyUp","value":""}]}]}
RESULT: {"actions":[{"id":"action65","type":"key","parameters":{},"actions":[{"type":"keyDown","value":""},{"type":"pause","duration":10},{"type":"keyUp","value":""}]}]}
COMMAND: GET /session/504404daf6556c94b3cb83283ff70561/screenshot - {}
RESULT: {}
COMMAND: POST /session/504404daf6556c94b3cb83283ff70561/execute/async - {"script":"<script> [1562 bytes]","args":[{"selector":{"id":"application-managehandovers-display-component---AddNewHO--popup-sa","searchOpenDialogs":true,"interaction":{"idSuffix":"CbBg"}},"wdio_ui5_key":"applicationmanagehandovers-display-component---AddNewHO--popup-sa"}]}
RESULT: {"script":"<script> [1562 bytes]","args":[{"selector":{"id":"application-managehandovers-display-component---AddNewHO--popup-sa","searchOpenDialogs":true,"interaction":{"idSuffix":"CbBg"}},"wdio_ui5_key":"applicationmanagehandovers-display-component---AddNewHO--popup-sa"}]}
RESULT: undefined
COMMAND: POST /session/504404daf6556c94b3cb83283ff70561/element - {"using":"xpath","value":"//*[@id=\"application-managehandovers-display-component---AddNewHO--popup-sa\"]"}
RESULT: {"using":"xpath","value":"//*[@id=\"application-managehandovers-display-component---AddNewHO--popup-sa\"]"}
COMMAND: POST /session/504404daf6556c94b3cb83283ff70561/element/f.74039697418B55B680EBD40CFFCF13D1.d.78B0E16ADAFE02A6883A8E050CEAF78F.e.18742/click - {}
RESULT: {}
COMMAND: GET /session/504404daf6556c94b3cb83283ff70561/screenshot - {}
RESULT: {}
COMMAND: POST /session/504404daf6556c94b3cb83283ff70561/element - {"using":"xpath","value":"//bdi[contains(text(), \"Select\")]"}
RESULT: {"using":"xpath","value":"//bdi[contains(text(), \"Select\")]"}
COMMAND: POST /session/504404daf6556c94b3cb83283ff70561/element/f.74039697418B55B680EBD40CFFCF13D1.d.78B0E16ADAFE02A6883A8E050CEAF78F.e.18743/click - {}
RESULT: {}
COMMAND: GET /session/504404daf6556c94b3cb83283ff70561/screenshot - {}
RESULT: {}
COMMAND: POST /session/504404daf6556c94b3cb83283ff70561/element - {"using":"xpath","value":"//button[@data-kt=\"AddNewHOSaveButton\"]"}
RESULT: {"using":"xpath","value":"//button[@data-kt=\"AddNewHOSaveButton\"]"}
COMMAND: POST /session/504404daf6556c94b3cb83283ff70561/element/f.74039697418B55B680EBD40CFFCF13D1.d.78B0E16ADAFE02A6883A8E050CEAF78F.e.18747/click - {}
RESULT: {}
COMMAND: GET /session/504404daf6556c94b3cb83283ff70561/screenshot - {}
RESULT: {}
COMMAND: POST /session/504404daf6556c94b3cb83283ff70561/execute/async - {"script":"<script> [1562 bytes]","args":[{"selector":{"id":"receiptDatePicker","viewName":"etm.portal.ui.managehandovers.view.DetailExecuteHO","interaction":{"idSuffix":"inner"}},"wdio_ui5_key":"receiptDatePickeretmportal.ui.managehandovers.view.DetailExecuteHO"}]}
RESULT: {"script":"<script> [1562 bytes]","args":[{"selector":{"id":"receiptDatePicker","viewName":"etm.portal.ui.managehandovers.view.DetailExecuteHO","interaction":{"idSuffix":"inner"}},"wdio_ui5_key":"receiptDatePickeretmportal.ui.managehandovers.view.DetailExecuteHO"}]}
RESULT: undefined
COMMAND: POST /session/504404daf6556c94b3cb83283ff70561/execute/async - {"script":"<script> [6424 bytes]","args":[{"element-6066-11e4-a52e-4f735466cecf":"f.74039697418B55B680EBD40CFFCF13D1.d.78B0E16ADAFE02A6883A8E050CEAF78F.e.18778"},"setValue",["04/21/2025"]]}
RESULT: {"script":"<script> [6424 bytes]","args":[{"element-6066-11e4-a52e-4f735466cecf":"f.74039697418B55B680EBD40CFFCF13D1.d.78B0E16ADAFE02A6883A8E050CEAF78F.e.18778"},"setValue",["04/21/2025"]]}
COMMAND: POST /session/504404daf6556c94b3cb83283ff70561/element - {"using":"xpath","value":"//button[@data-kt=\"PickingTableConfirmAllButton\"]"}
RESULT: {"using":"xpath","value":"//button[@data-kt=\"PickingTableConfirmAllButton\"]"}
COMMAND: POST /session/504404daf6556c94b3cb83283ff70561/element/f.74039697418B55B680EBD40CFFCF13D1.d.78B0E16ADAFE02A6883A8E050CEAF78F.e.18794/click - {}
RESULT: {}
COMMAND: GET /session/504404daf6556c94b3cb83283ff70561/screenshot - {}
RESULT: {}
COMMAND: POST /session/504404daf6556c94b3cb83283ff70561/element - {"using":"xpath","value":"//bdi[contains(text(), \"OK\")]"}
RESULT: {"using":"xpath","value":"//bdi[contains(text(), \"OK\")]"}
COMMAND: POST /session/504404daf6556c94b3cb83283ff70561/element/f.74039697418B55B680EBD40CFFCF13D1.d.78B0E16ADAFE02A6883A8E050CEAF78F.e.18796/click - {}
RESULT: {}
COMMAND: GET /session/504404daf6556c94b3cb83283ff70561/screenshot - {}
RESULT: {}
COMMAND: POST /session/504404daf6556c94b3cb83283ff70561/element - {"using":"xpath","value":"(//bdi[contains(text(), \"Receive\")])[2]"}
RESULT: {"using":"xpath","value":"(//bdi[contains(text(), \"Receive\")])[2]"}
COMMAND: POST /session/504404daf6556c94b3cb83283ff70561/element/f.74039697418B55B680EBD40CFFCF13D1.d.78B0E16ADAFE02A6883A8E050CEAF78F.e.18798/click - {}
RESULT: {}
COMMAND: GET /session/504404daf6556c94b3cb83283ff70561/screenshot - {}
RESULT: {}
COMMAND: POST /session/504404daf6556c94b3cb83283ff70561/element - {"using":"css selector","value":"#shell-header-logo"}
RESULT: {"using":"css selector","value":"#shell-header-logo"}
COMMAND: POST /session/504404daf6556c94b3cb83283ff70561/element/f.74039697418B55B680EBD40CFFCF13D1.d.78B0E16ADAFE02A6883A8E050CEAF78F.e.18187/click - {}
RESULT: {}
COMMAND: GET /session/504404daf6556c94b3cb83283ff70561/screenshot - {}
RESULT: {}
]]></system-out>
    </testcase>
    <testcase classname="chrome.135_0_7049_42.windows.Create_Reverse_Billing_US127248" name="Should create a new contract" time="63.311">
      <system-out><![CDATA[
COMMAND: POST /session/504404daf6556c94b3cb83283ff70561/execute/async - {"script":"<script> [1562 bytes]","args":[{"selector":{"controlType":"sap.m.Text","viewName":"etm.portal.ui.managecontractstile.view.Master","properties":{"text":"Manage Contracts"},"interaction":{"idSuffix":"inner"}},"wdio_ui5_key":"etmportal.ui.managecontractstile.view.Mastersap.m.Text{\"text\":\"Manage Contracts\"}"}]}
RESULT: {"script":"<script> [1562 bytes]","args":[{"selector":{"controlType":"sap.m.Text","viewName":"etm.portal.ui.managecontractstile.view.Master","properties":{"text":"Manage Contracts"},"interaction":{"idSuffix":"inner"}},"wdio_ui5_key":"etmportal.ui.managecontractstile.view.Mastersap.m.Text{\"text\":\"Manage Contracts\"}"}]}
RESULT: undefined
COMMAND: POST /session/504404daf6556c94b3cb83283ff70561/element - {"using":"xpath","value":"//*[@id=\"__tile130-title\"]"}
RESULT: {"using":"xpath","value":"//*[@id=\"__tile130-title\"]"}
COMMAND: POST /session/504404daf6556c94b3cb83283ff70561/element/f.74039697418B55B680EBD40CFFCF13D1.d.78B0E16ADAFE02A6883A8E050CEAF78F.e.18969/click - {}
RESULT: {}
COMMAND: GET /session/504404daf6556c94b3cb83283ff70561/screenshot - {}
RESULT: {}
COMMAND: POST /session/504404daf6556c94b3cb83283ff70561/element - {"using":"xpath","value":"//button[@data-kt=\"addButton\"]"}
RESULT: undefined
RESULT: undefined
RESULT: {"using":"xpath","value":"//button[@data-kt=\"addButton\"]"}
COMMAND: POST /session/504404daf6556c94b3cb83283ff70561/elements - {"using":"xpath","value":"//button[@data-kt=\"addButton\"]"}
RESULT: {"using":"xpath","value":"//button[@data-kt=\"addButton\"]"}
COMMAND: POST /session/504404daf6556c94b3cb83283ff70561/execute/sync - {"script":"<script> [8489 bytes]","args":[{"element-6066-11e4-a52e-4f735466cecf":"f.74039697418B55B680EBD40CFFCF13D1.d.78B0E16ADAFE02A6883A8E050CEAF78F.e.19035","ELEMENT":"f.74039697418B55B680EBD40CFFCF13D1.d.78B0E16ADAFE02A6883A8E050CEAF78F.e.19035"}]}
RESULT: {"script":"<script> [8489 bytes]","args":[{"element-6066-11e4-a52e-4f735466cecf":"f.74039697418B55B680EBD40CFFCF13D1.d.78B0E16ADAFE02A6883A8E050CEAF78F.e.19035","ELEMENT":"f.74039697418B55B680EBD40CFFCF13D1.d.78B0E16ADAFE02A6883A8E050CEAF78F.e.19035"}]}
COMMAND: GET /session/504404daf6556c94b3cb83283ff70561/element/f.74039697418B55B680EBD40CFFCF13D1.d.78B0E16ADAFE02A6883A8E050CEAF78F.e.19035/enabled - {}
COMMAND: GET /session/504404daf6556c94b3cb83283ff70561/screenshot - {}
RESULT: {}
COMMAND: POST /session/504404daf6556c94b3cb83283ff70561/execute/sync - {"script":"<script> [8489 bytes]","args":[{"element-6066-11e4-a52e-4f735466cecf":"f.74039697418B55B680EBD40CFFCF13D1.d.78B0E16ADAFE02A6883A8E050CEAF78F.e.19035","ELEMENT":"f.74039697418B55B680EBD40CFFCF13D1.d.78B0E16ADAFE02A6883A8E050CEAF78F.e.19035"}]}
COMMAND: GET /session/504404daf6556c94b3cb83283ff70561/screenshot - {}
RESULT: {}
RESULT: {"script":"<script> [8489 bytes]","args":[{"element-6066-11e4-a52e-4f735466cecf":"f.74039697418B55B680EBD40CFFCF13D1.d.78B0E16ADAFE02A6883A8E050CEAF78F.e.19035","ELEMENT":"f.74039697418B55B680EBD40CFFCF13D1.d.78B0E16ADAFE02A6883A8E050CEAF78F.e.19035"}]}
COMMAND: POST /session/504404daf6556c94b3cb83283ff70561/execute/sync - {"script":"<script> [5351 bytes]","args":[{"element-6066-11e4-a52e-4f735466cecf":"f.74039697418B55B680EBD40CFFCF13D1.d.78B0E16ADAFE02A6883A8E050CEAF78F.e.19035","ELEMENT":"f.74039697418B55B680EBD40CFFCF13D1.d.78B0E16ADAFE02A6883A8E050CEAF78F.e.19035"}]}
COMMAND: GET /session/504404daf6556c94b3cb83283ff70561/screenshot - {}
RESULT: {}
RESULT: {"script":"<script> [5351 bytes]","args":[{"element-6066-11e4-a52e-4f735466cecf":"f.74039697418B55B680EBD40CFFCF13D1.d.78B0E16ADAFE02A6883A8E050CEAF78F.e.19035","ELEMENT":"f.74039697418B55B680EBD40CFFCF13D1.d.78B0E16ADAFE02A6883A8E050CEAF78F.e.19035"}]}
COMMAND: GET /session/504404daf6556c94b3cb83283ff70561/screenshot - {}
RESULT: {}
RESULT: {}
COMMAND: POST /session/504404daf6556c94b3cb83283ff70561/element/f.74039697418B55B680EBD40CFFCF13D1.d.78B0E16ADAFE02A6883A8E050CEAF78F.e.19035/click - {}
RESULT: {}
COMMAND: GET /session/504404daf6556c94b3cb83283ff70561/screenshot - {}
COMMAND: POST /session/504404daf6556c94b3cb83283ff70561/execute/async - {"script":"<script> [1562 bytes]","args":[{"selector":{"id":"application-managecontracts-display-component---AddNewContract--projectDescription","interaction":{"idSuffix":"inner"}},"wdio_ui5_key":"applicationmanagecontracts-display-component---AddNewContract--projectDescription"}]}
RESULT: {}
RESULT: {"script":"<script> [1562 bytes]","args":[{"selector":{"id":"application-managecontracts-display-component---AddNewContract--projectDescription","interaction":{"idSuffix":"inner"}},"wdio_ui5_key":"applicationmanagecontracts-display-component---AddNewContract--projectDescription"}]}
RESULT: undefined
COMMAND: POST /session/504404daf6556c94b3cb83283ff70561/execute/async - {"script":"<script> [776 bytes]","args":[{"enterText":"Contract WDIO","selector":{"id":"application-managecontracts-display-component---AddNewContract--projectDescription","interaction":{"idSuffix":"inner"}},"clearTextFirst":true,"interactionType":"ENTER_TEXT"}]}
RESULT: {"script":"<script> [776 bytes]","args":[{"enterText":"Contract WDIO","selector":{"id":"application-managecontracts-display-component---AddNewContract--projectDescription","interaction":{"idSuffix":"inner"}},"clearTextFirst":true,"interactionType":"ENTER_TEXT"}]}
COMMAND: POST /session/504404daf6556c94b3cb83283ff70561/element - {"using":"xpath","value":"//input[@id=\"application-managecontracts-display-component---AddNewContract--site-inner\"]"}
RESULT: {"using":"xpath","value":"//input[@id=\"application-managecontracts-display-component---AddNewContract--site-inner\"]"}
COMMAND: POST /session/504404daf6556c94b3cb83283ff70561/element/f.74039697418B55B680EBD40CFFCF13D1.d.78B0E16ADAFE02A6883A8E050CEAF78F.e.19367/clear - {}
RESULT: {}
COMMAND: POST /session/504404daf6556c94b3cb83283ff70561/element/f.74039697418B55B680EBD40CFFCF13D1.d.78B0E16ADAFE02A6883A8E050CEAF78F.e.19367/value - {"text":"2464"}
COMMAND: GET /session/504404daf6556c94b3cb83283ff70561/screenshot - {}
RESULT: {"text":"2464"}
COMMAND: GET /session/504404daf6556c94b3cb83283ff70561/screenshot - {}
RESULT: {}
RESULT: {}
COMMAND: POST /session/504404daf6556c94b3cb83283ff70561/element - {"using":"xpath","value":"//li[.//span[text()='2464']]"}
RESULT: {"using":"xpath","value":"//li[.//span[text()='2464']]"}
COMMAND: POST /session/504404daf6556c94b3cb83283ff70561/element/f.74039697418B55B680EBD40CFFCF13D1.d.78B0E16ADAFE02A6883A8E050CEAF78F.e.19389/click - {}
RESULT: {}
COMMAND: GET /session/504404daf6556c94b3cb83283ff70561/screenshot - {}
RESULT: {}
COMMAND: POST /session/504404daf6556c94b3cb83283ff70561/element - {"using":"xpath","value":"//input[@id=\"application-managecontracts-display-component---AddNewContract--yardId-inner\"]"}
RESULT: {"using":"xpath","value":"//input[@id=\"application-managecontracts-display-component---AddNewContract--yardId-inner\"]"}
COMMAND: GET /session/504404daf6556c94b3cb83283ff70561/element/f.74039697418B55B680EBD40CFFCF13D1.d.78B0E16ADAFE02A6883A8E050CEAF78F.e.19368/property/value - {}
RESULT: {}
COMMAND: POST /session/504404daf6556c94b3cb83283ff70561/element - {"using":"xpath","value":"//input[@id=\"application-managecontracts-display-component---AddNewContract--customerSelect-inner\"]"}
COMMAND: GET /session/504404daf6556c94b3cb83283ff70561/screenshot - {}
RESULT: {"using":"xpath","value":"//input[@id=\"application-managecontracts-display-component---AddNewContract--customerSelect-inner\"]"}
COMMAND: POST /session/504404daf6556c94b3cb83283ff70561/element/f.74039697418B55B680EBD40CFFCF13D1.d.78B0E16ADAFE02A6883A8E050CEAF78F.e.19366/clear - {}
RESULT: {}
RESULT: {}
COMMAND: POST /session/504404daf6556c94b3cb83283ff70561/element/f.74039697418B55B680EBD40CFFCF13D1.d.78B0E16ADAFE02A6883A8E050CEAF78F.e.19366/value - {"text":"1511"}
COMMAND: GET /session/504404daf6556c94b3cb83283ff70561/screenshot - {}
RESULT: {"text":"1511"}
COMMAND: GET /session/504404daf6556c94b3cb83283ff70561/screenshot - {}
RESULT: {}
RESULT: {}
COMMAND: POST /session/504404daf6556c94b3cb83283ff70561/element - {"using":"xpath","value":"//li[.//span[text()='1511']]"}
RESULT: {"using":"xpath","value":"//li[.//span[text()='1511']]"}
COMMAND: POST /session/504404daf6556c94b3cb83283ff70561/element/f.74039697418B55B680EBD40CFFCF13D1.d.78B0E16ADAFE02A6883A8E050CEAF78F.e.19392/click - {}
RESULT: {}
COMMAND: GET /session/504404daf6556c94b3cb83283ff70561/screenshot - {}
RESULT: {}
COMMAND: POST /session/504404daf6556c94b3cb83283ff70561/element - {"using":"xpath","value":"//button[@data-kt=\"saveButton\"]"}
RESULT: {"using":"xpath","value":"//button[@data-kt=\"saveButton\"]"}
COMMAND: POST /session/504404daf6556c94b3cb83283ff70561/element/f.74039697418B55B680EBD40CFFCF13D1.d.78B0E16ADAFE02A6883A8E050CEAF78F.e.19382/click - {}
RESULT: {}
COMMAND: GET /session/504404daf6556c94b3cb83283ff70561/screenshot - {}
RESULT: {}
COMMAND: POST /session/504404daf6556c94b3cb83283ff70561/element - {"using":"xpath","value":"//span[contains(@id ,\"contractDetailTitleNoExpanded\")]"}
RESULT: {"using":"xpath","value":"//span[contains(@id ,\"contractDetailTitleNoExpanded\")]"}
COMMAND: POST /session/504404daf6556c94b3cb83283ff70561/elements - {"using":"xpath","value":"//span[contains(@id ,\"contractDetailTitleNoExpanded\")]"}
RESULT: {"using":"xpath","value":"//span[contains(@id ,\"contractDetailTitleNoExpanded\")]"}
COMMAND: POST /session/504404daf6556c94b3cb83283ff70561/execute/sync - {"script":"<script> [56 bytes]","args":[{"element-6066-11e4-a52e-4f735466cecf":"f.74039697418B55B680EBD40CFFCF13D1.d.78B0E16ADAFE02A6883A8E050CEAF78F.e.19402","ELEMENT":"f.74039697418B55B680EBD40CFFCF13D1.d.78B0E16ADAFE02A6883A8E050CEAF78F.e.19402"}]}
RESULT: {"script":"<script> [56 bytes]","args":[{"element-6066-11e4-a52e-4f735466cecf":"f.74039697418B55B680EBD40CFFCF13D1.d.78B0E16ADAFE02A6883A8E050CEAF78F.e.19402","ELEMENT":"f.74039697418B55B680EBD40CFFCF13D1.d.78B0E16ADAFE02A6883A8E050CEAF78F.e.19402"}]}
COMMAND: GET /session/504404daf6556c94b3cb83283ff70561/screenshot - {}
RESULT: {}
]]></system-out>
    </testcase>
    <testcase classname="chrome.135_0_7049_42.windows.Create_Reverse_Billing_US127248" name="Should add equipment to the contract" time="43.81">
      <system-out><![CDATA[
COMMAND: POST /session/504404daf6556c94b3cb83283ff70561/element - {"using":"xpath","value":"//button[@data-kt=\"contractDetailEditBtnButton\"]"}
RESULT: {"using":"xpath","value":"//button[@data-kt=\"contractDetailEditBtnButton\"]"}
COMMAND: POST /session/504404daf6556c94b3cb83283ff70561/element/f.74039697418B55B680EBD40CFFCF13D1.d.78B0E16ADAFE02A6883A8E050CEAF78F.e.19404/click - {}
RESULT: {}
COMMAND: GET /session/504404daf6556c94b3cb83283ff70561/screenshot - {}
RESULT: {}
COMMAND: POST /session/504404daf6556c94b3cb83283ff70561/element - {"using":"xpath","value":"(//span[contains(text(), \"Additional Addresses\")])[2]"}
RESULT: {"using":"xpath","value":"(//span[contains(text(), \"Additional Addresses\")])[2]"}
COMMAND: POST /session/504404daf6556c94b3cb83283ff70561/element/f.74039697418B55B680EBD40CFFCF13D1.d.78B0E16ADAFE02A6883A8E050CEAF78F.e.19459/click - {}
RESULT: {}
COMMAND: GET /session/504404daf6556c94b3cb83283ff70561/screenshot - {}
RESULT: {}
COMMAND: POST /session/504404daf6556c94b3cb83283ff70561/element - {"using":"xpath","value":"//button[@data-kt=\"btnAddTableRowOverflowToolbarButton\"]"}
RESULT: {"using":"xpath","value":"//button[@data-kt=\"btnAddTableRowOverflowToolbarButton\"]"}
COMMAND: POST /session/504404daf6556c94b3cb83283ff70561/element/f.74039697418B55B680EBD40CFFCF13D1.d.78B0E16ADAFE02A6883A8E050CEAF78F.e.19463/click - {}
RESULT: {}
COMMAND: GET /session/504404daf6556c94b3cb83283ff70561/screenshot - {}
RESULT: {}
COMMAND: POST /session/504404daf6556c94b3cb83283ff70561/element - {"using":"xpath","value":"//div[(text() = 'Standard Entry' or . = 'Standard Entry')]"}
RESULT: {"using":"xpath","value":"//div[(text() = 'Standard Entry' or . = 'Standard Entry')]"}
COMMAND: POST /session/504404daf6556c94b3cb83283ff70561/element/f.74039697418B55B680EBD40CFFCF13D1.d.78B0E16ADAFE02A6883A8E050CEAF78F.e.19465/click - {}
RESULT: {}
COMMAND: GET /session/504404daf6556c94b3cb83283ff70561/screenshot - {}
RESULT: {}
COMMAND: POST /session/504404daf6556c94b3cb83283ff70561/element - {"using":"xpath","value":"//td[7]/div/div/input"}
RESULT: {"using":"xpath","value":"//td[7]/div/div/input"}
COMMAND: POST /session/504404daf6556c94b3cb83283ff70561/element/f.74039697418B55B680EBD40CFFCF13D1.d.78B0E16ADAFE02A6883A8E050CEAF78F.e.19474/clear - {}
RESULT: {}
COMMAND: POST /session/504404daf6556c94b3cb83283ff70561/element/f.74039697418B55B680EBD40CFFCF13D1.d.78B0E16ADAFE02A6883A8E050CEAF78F.e.19474/value - {"text":"SNSQPRHTIa"}
COMMAND: GET /session/504404daf6556c94b3cb83283ff70561/screenshot - {}
RESULT: {"text":"SNSQPRHTIa"}
COMMAND: GET /session/504404daf6556c94b3cb83283ff70561/screenshot - {}
RESULT: {}
RESULT: {}
COMMAND: POST /session/504404daf6556c94b3cb83283ff70561/actions - {"actions":[{"id":"action66","type":"key","parameters":{},"actions":[{"type":"keyDown","value":""},{"type":"pause","duration":10},{"type":"keyUp","value":""}]}]}
RESULT: {"actions":[{"id":"action66","type":"key","parameters":{},"actions":[{"type":"keyDown","value":""},{"type":"pause","duration":10},{"type":"keyUp","value":""}]}]}
COMMAND: GET /session/504404daf6556c94b3cb83283ff70561/screenshot - {}
COMMAND: POST /session/504404daf6556c94b3cb83283ff70561/element - {"using":"xpath","value":"(//button[@data-kt=\"saveButton\"])[2]"}
RESULT: {}
RESULT: {"using":"xpath","value":"(//button[@data-kt=\"saveButton\"])[2]"}
COMMAND: POST /session/504404daf6556c94b3cb83283ff70561/element/f.74039697418B55B680EBD40CFFCF13D1.d.78B0E16ADAFE02A6883A8E050CEAF78F.e.19489/click - {}
RESULT: {}
COMMAND: GET /session/504404daf6556c94b3cb83283ff70561/screenshot - {}
RESULT: {}
COMMAND: POST /session/504404daf6556c94b3cb83283ff70561/element - {"using":"xpath","value":"//span[contains(@id ,\"contractItemsSmartTable-header-inner\")]"}
RESULT: {"using":"xpath","value":"//span[contains(@id ,\"contractItemsSmartTable-header-inner\")]"}
COMMAND: POST /session/504404daf6556c94b3cb83283ff70561/elements - {"using":"xpath","value":"//span[contains(@id ,\"contractItemsSmartTable-header-inner\")]"}
RESULT: {"using":"xpath","value":"//span[contains(@id ,\"contractItemsSmartTable-header-inner\")]"}
COMMAND: POST /session/504404daf6556c94b3cb83283ff70561/execute/sync - {"script":"<script> [56 bytes]","args":[{"element-6066-11e4-a52e-4f735466cecf":"f.74039697418B55B680EBD40CFFCF13D1.d.78B0E16ADAFE02A6883A8E050CEAF78F.e.19494","ELEMENT":"f.74039697418B55B680EBD40CFFCF13D1.d.78B0E16ADAFE02A6883A8E050CEAF78F.e.19494"}]}
RESULT: {"script":"<script> [56 bytes]","args":[{"element-6066-11e4-a52e-4f735466cecf":"f.74039697418B55B680EBD40CFFCF13D1.d.78B0E16ADAFE02A6883A8E050CEAF78F.e.19494","ELEMENT":"f.74039697418B55B680EBD40CFFCF13D1.d.78B0E16ADAFE02A6883A8E050CEAF78F.e.19494"}]}
]]></system-out>
    </testcase>
    <testcase classname="chrome.135_0_7049_42.windows.Create_Reverse_Billing_US127248" name="Should do a provide to site handover" time="65.46">
      <system-out><![CDATA[
COMMAND: POST /session/504404daf6556c94b3cb83283ff70561/element - {"using":"xpath","value":"//button[@data-kt=\"provideButton\"]"}
COMMAND: GET /session/504404daf6556c94b3cb83283ff70561/screenshot - {}
RESULT: {"using":"xpath","value":"//button[@data-kt=\"provideButton\"]"}
COMMAND: POST /session/504404daf6556c94b3cb83283ff70561/element/f.74039697418B55B680EBD40CFFCF13D1.d.78B0E16ADAFE02A6883A8E050CEAF78F.e.19495/click - {}
RESULT: {}
RESULT: {}
COMMAND: GET /session/504404daf6556c94b3cb83283ff70561/screenshot - {}
RESULT: undefined
COMMAND: POST /session/504404daf6556c94b3cb83283ff70561/execute/async - {"script":"<script> [6424 bytes]","args":[{"element-6066-11e4-a52e-4f735466cecf":"f.74039697418B55B680EBD40CFFCF13D1.d.78B0E16ADAFE02A6883A8E050CEAF78F.e.18562"},"setValue",["04/21/2025"]]}
RESULT: {}
COMMAND: POST /session/504404daf6556c94b3cb83283ff70561/execute/async - {"script":"<script> [1562 bytes]","args":[{"selector":{"id":"application-managehandovers-display-component---AddNewHO--dueDate","interaction":{"idSuffix":"inner"}},"wdio_ui5_key":"applicationmanagehandovers-display-component---AddNewHO--dueDate"}]}
RESULT: {"script":"<script> [1562 bytes]","args":[{"selector":{"id":"application-managehandovers-display-component---AddNewHO--dueDate","interaction":{"idSuffix":"inner"}},"wdio_ui5_key":"applicationmanagehandovers-display-component---AddNewHO--dueDate"}]}
COMMAND: POST /session/504404daf6556c94b3cb83283ff70561/execute/async - {"script":"<script> [6424 bytes]","args":[{"element-6066-11e4-a52e-4f735466cecf":"f.74039697418B55B680EBD40CFFCF13D1.d.78B0E16ADAFE02A6883A8E050CEAF78F.e.19568"},"setValue",["04/21/2025"]]}
RESULT: {"script":"<script> [6424 bytes]","args":[{"element-6066-11e4-a52e-4f735466cecf":"f.74039697418B55B680EBD40CFFCF13D1.d.78B0E16ADAFE02A6883A8E050CEAF78F.e.19568"},"setValue",["04/21/2025"]]}
COMMAND: POST /session/504404daf6556c94b3cb83283ff70561/element - {"using":"xpath","value":"//bdi[contains(text(), \"Instructions\")]"}
RESULT: {"using":"xpath","value":"//bdi[contains(text(), \"Instructions\")]"}
COMMAND: POST /session/504404daf6556c94b3cb83283ff70561/element/f.74039697418B55B680EBD40CFFCF13D1.d.78B0E16ADAFE02A6883A8E050CEAF78F.e.19803/click - {}
RESULT: {}
COMMAND: GET /session/504404daf6556c94b3cb83283ff70561/screenshot - {}
RESULT: {}
COMMAND: POST /session/504404daf6556c94b3cb83283ff70561/element - {"using":"xpath","value":"//button[@data-kt=\"AddNewHOProvideAddItemsButton\"]"}
RESULT: {"using":"xpath","value":"//button[@data-kt=\"AddNewHOProvideAddItemsButton\"]"}
COMMAND: POST /session/504404daf6556c94b3cb83283ff70561/element/f.74039697418B55B680EBD40CFFCF13D1.d.78B0E16ADAFE02A6883A8E050CEAF78F.e.19807/click - {}
RESULT: {}
COMMAND: GET /session/504404daf6556c94b3cb83283ff70561/screenshot - {}
RESULT: undefined
COMMAND: POST /session/504404daf6556c94b3cb83283ff70561/element - {"using":"xpath","value":"//*[@id=\"application-managehandovers-display-component---AddNewHO--popup-sa\"]"}
RESULT: {}
RESULT: {"using":"xpath","value":"//*[@id=\"application-managehandovers-display-component---AddNewHO--popup-sa\"]"}
COMMAND: POST /session/504404daf6556c94b3cb83283ff70561/element/f.74039697418B55B680EBD40CFFCF13D1.d.78B0E16ADAFE02A6883A8E050CEAF78F.e.19822/click - {}
RESULT: {}
COMMAND: GET /session/504404daf6556c94b3cb83283ff70561/screenshot - {}
RESULT: {}
COMMAND: POST /session/504404daf6556c94b3cb83283ff70561/element - {"using":"xpath","value":"//*[contains(@id ,\"BDI-content\")][contains(text(), \"Select\")]"}
RESULT: {"using":"xpath","value":"//*[contains(@id ,\"BDI-content\")][contains(text(), \"Select\")]"}
COMMAND: POST /session/504404daf6556c94b3cb83283ff70561/element/f.74039697418B55B680EBD40CFFCF13D1.d.78B0E16ADAFE02A6883A8E050CEAF78F.e.19824/click - {}
RESULT: {}
COMMAND: GET /session/504404daf6556c94b3cb83283ff70561/screenshot - {}
RESULT: {}
COMMAND: POST /session/504404daf6556c94b3cb83283ff70561/execute/async - {"script":"<script> [1562 bytes]","args":[{"selector":{"id":"application-managehandovers-display-component---AddNewHO--confirmCreationButton","interaction":{"idSuffix":"BDI-content"}},"wdio_ui5_key":"applicationmanagehandovers-display-component---AddNewHO--confirmCreationButton"}]}
RESULT: {"script":"<script> [1562 bytes]","args":[{"selector":{"id":"application-managehandovers-display-component---AddNewHO--confirmCreationButton","interaction":{"idSuffix":"BDI-content"}},"wdio_ui5_key":"applicationmanagehandovers-display-component---AddNewHO--confirmCreationButton"}]}
RESULT: undefined
COMMAND: POST /session/504404daf6556c94b3cb83283ff70561/element - {"using":"xpath","value":"//*[@id=\"application-managehandovers-display-component---AddNewHO--confirmCreationButton\"]"}
RESULT: {"using":"xpath","value":"//*[@id=\"application-managehandovers-display-component---AddNewHO--confirmCreationButton\"]"}
COMMAND: POST /session/504404daf6556c94b3cb83283ff70561/element/f.74039697418B55B680EBD40CFFCF13D1.d.78B0E16ADAFE02A6883A8E050CEAF78F.e.19613/click - {}
RESULT: {}
COMMAND: GET /session/504404daf6556c94b3cb83283ff70561/screenshot - {}
RESULT: {}
COMMAND: POST /session/504404daf6556c94b3cb83283ff70561/element - {"using":"xpath","value":"//button[@data-kt=\"PickingTableConfirmAllButton\"]"}
RESULT: {"using":"xpath","value":"//button[@data-kt=\"PickingTableConfirmAllButton\"]"}
COMMAND: POST /session/504404daf6556c94b3cb83283ff70561/elements - {"using":"xpath","value":"//button[@data-kt=\"PickingTableConfirmAllButton\"]"}
RESULT: {"using":"xpath","value":"//button[@data-kt=\"PickingTableConfirmAllButton\"]"}
COMMAND: POST /session/504404daf6556c94b3cb83283ff70561/elements - {"using":"xpath","value":"//button[@data-kt=\"PickingTableConfirmAllButton\"]"}
RESULT: {"using":"xpath","value":"//button[@data-kt=\"PickingTableConfirmAllButton\"]"}
COMMAND: POST /session/504404daf6556c94b3cb83283ff70561/elements - {"using":"xpath","value":"//button[@data-kt=\"PickingTableConfirmAllButton\"]"}
RESULT: {"using":"xpath","value":"//button[@data-kt=\"PickingTableConfirmAllButton\"]"}
COMMAND: POST /session/504404daf6556c94b3cb83283ff70561/element - {"using":"xpath","value":"//button[@data-kt=\"PickingTableConfirmAllButton\"]"}
RESULT: {"using":"xpath","value":"//button[@data-kt=\"PickingTableConfirmAllButton\"]"}
COMMAND: POST /session/504404daf6556c94b3cb83283ff70561/element/f.74039697418B55B680EBD40CFFCF13D1.d.78B0E16ADAFE02A6883A8E050CEAF78F.e.19862/click - {}
COMMAND: POST /session/504404daf6556c94b3cb83283ff70561/element - {"using":"xpath","value":"//button[@data-kt=\"PickingTableConfirmAllButton\"]"}
RESULT: {"using":"xpath","value":"//button[@data-kt=\"PickingTableConfirmAllButton\"]"}
COMMAND: POST /session/504404daf6556c94b3cb83283ff70561/element/f.74039697418B55B680EBD40CFFCF13D1.d.78B0E16ADAFE02A6883A8E050CEAF78F.e.19862/click - {}
COMMAND: POST /session/504404daf6556c94b3cb83283ff70561/element - {"using":"xpath","value":"//button[@data-kt=\"PickingTableConfirmAllButton\"]"}
RESULT: {"using":"xpath","value":"//button[@data-kt=\"PickingTableConfirmAllButton\"]"}
COMMAND: POST /session/504404daf6556c94b3cb83283ff70561/element/f.74039697418B55B680EBD40CFFCF13D1.d.78B0E16ADAFE02A6883A8E050CEAF78F.e.19886/click - {}
RESULT: {}
COMMAND: GET /session/504404daf6556c94b3cb83283ff70561/screenshot - {}
RESULT: {}
COMMAND: POST /session/504404daf6556c94b3cb83283ff70561/element - {"using":"xpath","value":"//bdi[contains(text(), \"OK\")]"}
RESULT: {"using":"xpath","value":"//bdi[contains(text(), \"OK\")]"}
COMMAND: POST /session/504404daf6556c94b3cb83283ff70561/element/f.74039697418B55B680EBD40CFFCF13D1.d.78B0E16ADAFE02A6883A8E050CEAF78F.e.19889/click - {}
RESULT: {}
COMMAND: GET /session/504404daf6556c94b3cb83283ff70561/screenshot - {}
RESULT: {}
COMMAND: POST /session/504404daf6556c94b3cb83283ff70561/element - {"using":"xpath","value":"//bdi[contains(text(), \"Issue\")]"}
RESULT: {"using":"xpath","value":"//bdi[contains(text(), \"Issue\")]"}
COMMAND: POST /session/504404daf6556c94b3cb83283ff70561/element/f.74039697418B55B680EBD40CFFCF13D1.d.78B0E16ADAFE02A6883A8E050CEAF78F.e.19890/click - {}
RESULT: {}
COMMAND: GET /session/504404daf6556c94b3cb83283ff70561/screenshot - {}
RESULT: {}
COMMAND: POST /session/504404daf6556c94b3cb83283ff70561/element - {"using":"css selector","value":"#shell-header-logo"}
RESULT: {"using":"css selector","value":"#shell-header-logo"}
COMMAND: POST /session/504404daf6556c94b3cb83283ff70561/element/f.74039697418B55B680EBD40CFFCF13D1.d.78B0E16ADAFE02A6883A8E050CEAF78F.e.18972/click - {}
RESULT: {}
COMMAND: GET /session/504404daf6556c94b3cb83283ff70561/screenshot - {}
RESULT: {}
]]></system-out>
    </testcase>
    <testcase classname="chrome.135_0_7049_42.windows.Create_Reverse_Billing_US127248" name="Should go navigate to Manage Billings and trigger contract calculation check result" time="66.003">
      <system-out><![CDATA[
COMMAND: POST /session/504404daf6556c94b3cb83283ff70561/execute/async - {"script":"<script> [1562 bytes]","args":[{"selector":{"controlType":"sap.m.GenericTile","properties":{"header":"Manage Billings"}},"wdio_ui5_key":"sapm.GenericTile{\"header\":\"Manage Billings\"}"}]}
RESULT: {"script":"<script> [1562 bytes]","args":[{"selector":{"controlType":"sap.m.GenericTile","properties":{"header":"Manage Billings"}},"wdio_ui5_key":"sapm.GenericTile{\"header\":\"Manage Billings\"}"}]}
RESULT: undefined
COMMAND: POST /session/504404daf6556c94b3cb83283ff70561/element - {"using":"xpath","value":"//*[@id=\"__tile51\"]"}
RESULT: {"using":"xpath","value":"//*[@id=\"__tile51\"]"}
COMMAND: POST /session/504404daf6556c94b3cb83283ff70561/element/f.74039697418B55B680EBD40CFFCF13D1.d.78B0E16ADAFE02A6883A8E050CEAF78F.e.17061/click - {}
RESULT: {}
COMMAND: GET /session/504404daf6556c94b3cb83283ff70561/screenshot - {}
RESULT: {}
COMMAND: POST /session/504404daf6556c94b3cb83283ff70561/execute/async - {"script":"<script> [1562 bytes]","args":[{"selector":{"id":"application-managebillings-display-component---billRunCalcResult--smartFilterBar-btnBasicSearch","interaction":{"idSuffix":"I"}},"wdio_ui5_key":"applicationmanagebillings-display-component---billRunCalcResult--smartFilterBar-btnBasicSearch"}]}
RESULT: {"script":"<script> [1562 bytes]","args":[{"selector":{"id":"application-managebillings-display-component---billRunCalcResult--smartFilterBar-btnBasicSearch","interaction":{"idSuffix":"I"}},"wdio_ui5_key":"applicationmanagebillings-display-component---billRunCalcResult--smartFilterBar-btnBasicSearch"}]}
RESULT: undefined
COMMAND: POST /session/504404daf6556c94b3cb83283ff70561/execute/async - {"script":"<script> [776 bytes]","args":[{"enterText":"10534","selector":{"id":"application-managebillings-display-component---billRunCalcResult--smartFilterBar-btnBasicSearch","interaction":{"idSuffix":"I"}},"clearTextFirst":true,"interactionType":"ENTER_TEXT"}]}
RESULT: {"script":"<script> [776 bytes]","args":[{"enterText":"10534","selector":{"id":"application-managebillings-display-component---billRunCalcResult--smartFilterBar-btnBasicSearch","interaction":{"idSuffix":"I"}},"clearTextFirst":true,"interactionType":"ENTER_TEXT"}]}
COMMAND: POST /session/504404daf6556c94b3cb83283ff70561/actions - {"actions":[{"id":"action67","type":"key","parameters":{},"actions":[{"type":"keyDown","value":""},{"type":"pause","duration":10},{"type":"keyUp","value":""}]}]}
RESULT: {"actions":[{"id":"action67","type":"key","parameters":{},"actions":[{"type":"keyDown","value":""},{"type":"pause","duration":10},{"type":"keyUp","value":""}]}]}
COMMAND: GET /session/504404daf6556c94b3cb83283ff70561/screenshot - {}
RESULT: {}
COMMAND: POST /session/504404daf6556c94b3cb83283ff70561/element - {"using":"xpath","value":"//td[@aria-colindex=\"1\"]/div/div[contains(@class, \"sapMCbBg\")]"}
RESULT: {"using":"xpath","value":"//td[@aria-colindex=\"1\"]/div/div[contains(@class, \"sapMCbBg\")]"}
COMMAND: POST /session/504404daf6556c94b3cb83283ff70561/element/f.74039697418B55B680EBD40CFFCF13D1.d.78B0E16ADAFE02A6883A8E050CEAF78F.e.20279/click - {}
RESULT: {}
COMMAND: GET /session/504404daf6556c94b3cb83283ff70561/screenshot - {}
RESULT: {}
COMMAND: POST /session/504404daf6556c94b3cb83283ff70561/execute/async - {"script":"<script> [1562 bytes]","args":[{"selector":{"id":"application-managebillings-display-component---billRunCalcResult--contractBillRunDate","interaction":{"idSuffix":"inner"}},"wdio_ui5_key":"applicationmanagebillings-display-component---billRunCalcResult--contractBillRunDate"}]}
RESULT: {"script":"<script> [1562 bytes]","args":[{"selector":{"id":"application-managebillings-display-component---billRunCalcResult--contractBillRunDate","interaction":{"idSuffix":"inner"}},"wdio_ui5_key":"applicationmanagebillings-display-component---billRunCalcResult--contractBillRunDate"}]}
RESULT: undefined
COMMAND: POST /session/504404daf6556c94b3cb83283ff70561/execute/async - {"script":"<script> [776 bytes]","args":[{"enterText":"05/21/25","selector":{"id":"application-managebillings-display-component---billRunCalcResult--contractBillRunDate","interaction":{"idSuffix":"inner"}},"clearTextFirst":true,"interactionType":"ENTER_TEXT"}]}
RESULT: {"script":"<script> [776 bytes]","args":[{"enterText":"05/21/25","selector":{"id":"application-managebillings-display-component---billRunCalcResult--contractBillRunDate","interaction":{"idSuffix":"inner"}},"clearTextFirst":true,"interactionType":"ENTER_TEXT"}]}
COMMAND: POST /session/504404daf6556c94b3cb83283ff70561/element - {"using":"xpath","value":"//bdi[contains(text(), \"Trigger Calculation\")]"}
RESULT: {"using":"xpath","value":"//bdi[contains(text(), \"Trigger Calculation\")]"}
COMMAND: POST /session/504404daf6556c94b3cb83283ff70561/element/f.74039697418B55B680EBD40CFFCF13D1.d.78B0E16ADAFE02A6883A8E050CEAF78F.e.20331/click - {}
RESULT: {}
COMMAND: GET /session/504404daf6556c94b3cb83283ff70561/screenshot - {}
RESULT: {}
COMMAND: POST /session/504404daf6556c94b3cb83283ff70561/element - {"using":"xpath","value":"(//span[contains(@id, \"imgNav\")])[1]"}
RESULT: {"using":"xpath","value":"(//span[contains(@id, \"imgNav\")])[1]"}
COMMAND: POST /session/504404daf6556c94b3cb83283ff70561/element/f.74039697418B55B680EBD40CFFCF13D1.d.78B0E16ADAFE02A6883A8E050CEAF78F.e.20280/click - {}
RESULT: {}
COMMAND: GET /session/504404daf6556c94b3cb83283ff70561/screenshot - {}
RESULT: {}
COMMAND: POST /session/504404daf6556c94b3cb83283ff70561/element - {"using":"xpath","value":"//tr/td[6]/div[1]/span[1]/span[1]"}
RESULT: {"using":"xpath","value":"//tr/td[6]/div[1]/span[1]/span[1]"}
COMMAND: GET /session/504404daf6556c94b3cb83283ff70561/element/f.74039697418B55B680EBD40CFFCF13D1.d.78B0E16ADAFE02A6883A8E050CEAF78F.e.20336/text - {}
RESULT: {}
COMMAND: POST /session/504404daf6556c94b3cb83283ff70561/element - {"using":"xpath","value":"(//span[contains(@id, \"imgNav\")])[2]"}
RESULT: {"using":"xpath","value":"(//span[contains(@id, \"imgNav\")])[2]"}
COMMAND: POST /session/504404daf6556c94b3cb83283ff70561/element/f.74039697418B55B680EBD40CFFCF13D1.d.78B0E16ADAFE02A6883A8E050CEAF78F.e.20337/click - {}
RESULT: {}
COMMAND: POST /session/504404daf6556c94b3cb83283ff70561/element - {"using":"xpath","value":"//bdi[contains(text(), \"Business Confirm\")]"}
COMMAND: GET /session/504404daf6556c94b3cb83283ff70561/screenshot - {}
RESULT: {"using":"xpath","value":"//bdi[contains(text(), \"Business Confirm\")]"}
COMMAND: POST /session/504404daf6556c94b3cb83283ff70561/elements - {"using":"xpath","value":"//bdi[contains(text(), \"Business Confirm\")]"}
RESULT: {}
RESULT: {"using":"xpath","value":"//bdi[contains(text(), \"Business Confirm\")]"}
COMMAND: POST /session/504404daf6556c94b3cb83283ff70561/element - {"using":"xpath","value":"//bdi[contains(text(), \"Business Confirm\")]"}
RESULT: {"using":"xpath","value":"//bdi[contains(text(), \"Business Confirm\")]"}
COMMAND: POST /session/504404daf6556c94b3cb83283ff70561/element/f.74039697418B55B680EBD40CFFCF13D1.d.78B0E16ADAFE02A6883A8E050CEAF78F.e.20388/click - {}
RESULT: {}
COMMAND: POST /session/504404daf6556c94b3cb83283ff70561/element - {"using":"css selector","value":"#shell-header-logo"}
COMMAND: GET /session/504404daf6556c94b3cb83283ff70561/screenshot - {}
RESULT: {"using":"css selector","value":"#shell-header-logo"}
COMMAND: POST /session/504404daf6556c94b3cb83283ff70561/element/f.74039697418B55B680EBD40CFFCF13D1.d.78B0E16ADAFE02A6883A8E050CEAF78F.e.20068/click - {}
RESULT: {}
RESULT: {}
COMMAND: GET /session/504404daf6556c94b3cb83283ff70561/screenshot - {}
RESULT: {}
]]></system-out>
    </testcase>
    <testcase classname="chrome.135_0_7049_42.windows.Create_Reverse_Billing_US127248" name="Should go into Billing Transfer and reverse the billing" time="41.084">
      <system-out><![CDATA[
COMMAND: POST /session/504404daf6556c94b3cb83283ff70561/execute/async - {"script":"<script> [1562 bytes]","args":[{"selector":{"controlType":"sap.m.GenericTile","properties":{"header":"Billing Transfer"}},"wdio_ui5_key":"sapm.GenericTile{\"header\":\"Billing Transfer\"}"}]}
RESULT: {"script":"<script> [1562 bytes]","args":[{"selector":{"controlType":"sap.m.GenericTile","properties":{"header":"Billing Transfer"}},"wdio_ui5_key":"sapm.GenericTile{\"header\":\"Billing Transfer\"}"}]}
RESULT: undefined
COMMAND: POST /session/504404daf6556c94b3cb83283ff70561/element - {"using":"xpath","value":"//*[@id=\"__tile50\"]"}
RESULT: {"using":"xpath","value":"//*[@id=\"__tile50\"]"}
COMMAND: POST /session/504404daf6556c94b3cb83283ff70561/element/f.74039697418B55B680EBD40CFFCF13D1.d.78B0E16ADAFE02A6883A8E050CEAF78F.e.17059/click - {}
RESULT: {}
COMMAND: POST /session/504404daf6556c94b3cb83283ff70561/element - {"using":"xpath","value":"//input[contains(@id ,\"application-billingtransfer-display-component---billingWorkbench--smartFilterBar-btnBasicSearch\")]"}
COMMAND: GET /session/504404daf6556c94b3cb83283ff70561/screenshot - {}
RESULT: {"using":"xpath","value":"//input[contains(@id ,\"application-billingtransfer-display-component---billingWorkbench--smartFilterBar-btnBasicSearch\")]"}
COMMAND: POST /session/504404daf6556c94b3cb83283ff70561/elements - {"using":"xpath","value":"//input[contains(@id ,\"application-billingtransfer-display-component---billingWorkbench--smartFilterBar-btnBasicSearch\")]"}
RESULT: {}
RESULT: {"using":"xpath","value":"//input[contains(@id ,\"application-billingtransfer-display-component---billingWorkbench--smartFilterBar-btnBasicSearch\")]"}
COMMAND: POST /session/504404daf6556c94b3cb83283ff70561/element - {"using":"xpath","value":"//input[contains(@id ,\"application-billingtransfer-display-component---billingWorkbench--smartFilterBar-btnBasicSearch\")]"}
RESULT: {"using":"xpath","value":"//input[contains(@id ,\"application-billingtransfer-display-component---billingWorkbench--smartFilterBar-btnBasicSearch\")]"}
COMMAND: POST /session/504404daf6556c94b3cb83283ff70561/execute/sync - {"script":"<script> [8489 bytes]","args":[{"element-6066-11e4-a52e-4f735466cecf":"f.74039697418B55B680EBD40CFFCF13D1.d.78B0E16ADAFE02A6883A8E050CEAF78F.e.20416","ELEMENT":"f.74039697418B55B680EBD40CFFCF13D1.d.78B0E16ADAFE02A6883A8E050CEAF78F.e.20416"}]}
RESULT: {"script":"<script> [8489 bytes]","args":[{"element-6066-11e4-a52e-4f735466cecf":"f.74039697418B55B680EBD40CFFCF13D1.d.78B0E16ADAFE02A6883A8E050CEAF78F.e.20416","ELEMENT":"f.74039697418B55B680EBD40CFFCF13D1.d.78B0E16ADAFE02A6883A8E050CEAF78F.e.20416"}]}
COMMAND: GET /session/504404daf6556c94b3cb83283ff70561/element/f.74039697418B55B680EBD40CFFCF13D1.d.78B0E16ADAFE02A6883A8E050CEAF78F.e.20416/enabled - {}
COMMAND: GET /session/504404daf6556c94b3cb83283ff70561/screenshot - {}
RESULT: {}
COMMAND: POST /session/504404daf6556c94b3cb83283ff70561/element/f.74039697418B55B680EBD40CFFCF13D1.d.78B0E16ADAFE02A6883A8E050CEAF78F.e.20416/click - {}
COMMAND: GET /session/504404daf6556c94b3cb83283ff70561/screenshot - {}
RESULT: {}
RESULT: {}
COMMAND: GET /session/504404daf6556c94b3cb83283ff70561/screenshot - {}
RESULT: {}
RESULT: {}
COMMAND: POST /session/504404daf6556c94b3cb83283ff70561/element/f.74039697418B55B680EBD40CFFCF13D1.d.78B0E16ADAFE02A6883A8E050CEAF78F.e.20416/clear - {}
RESULT: {}
COMMAND: POST /session/504404daf6556c94b3cb83283ff70561/element/f.74039697418B55B680EBD40CFFCF13D1.d.78B0E16ADAFE02A6883A8E050CEAF78F.e.20416/value - {"text":"10534"}
COMMAND: GET /session/504404daf6556c94b3cb83283ff70561/screenshot - {}
RESULT: {"text":"10534"}
COMMAND: POST /session/504404daf6556c94b3cb83283ff70561/actions - {"actions":[{"id":"action68","type":"key","parameters":{},"actions":[{"type":"keyDown","value":""},{"type":"pause","duration":10},{"type":"keyUp","value":""}]}]}
COMMAND: GET /session/504404daf6556c94b3cb83283ff70561/screenshot - {}
RESULT: {}
RESULT: {"actions":[{"id":"action68","type":"key","parameters":{},"actions":[{"type":"keyDown","value":""},{"type":"pause","duration":10},{"type":"keyUp","value":""}]}]}
COMMAND: GET /session/504404daf6556c94b3cb83283ff70561/screenshot - {}
RESULT: {}
RESULT: {}
COMMAND: POST /session/504404daf6556c94b3cb83283ff70561/element - {"using":"xpath","value":"//span[contains(@id ,\"application-billingtransfer-display-component---billingWorkbench--smartTableBillingRuns-header-inner\")]"}
RESULT: {"using":"xpath","value":"//span[contains(@id ,\"application-billingtransfer-display-component---billingWorkbench--smartTableBillingRuns-header-inner\")]"}
COMMAND: POST /session/504404daf6556c94b3cb83283ff70561/elements - {"using":"xpath","value":"//span[contains(@id ,\"application-billingtransfer-display-component---billingWorkbench--smartTableBillingRuns-header-inner\")]"}
RESULT: {"using":"xpath","value":"//span[contains(@id ,\"application-billingtransfer-display-component---billingWorkbench--smartTableBillingRuns-header-inner\")]"}
COMMAND: POST /session/504404daf6556c94b3cb83283ff70561/execute/sync - {"script":"<script> [56 bytes]","args":[{"element-6066-11e4-a52e-4f735466cecf":"f.74039697418B55B680EBD40CFFCF13D1.d.78B0E16ADAFE02A6883A8E050CEAF78F.e.20570","ELEMENT":"f.74039697418B55B680EBD40CFFCF13D1.d.78B0E16ADAFE02A6883A8E050CEAF78F.e.20570"}]}
RESULT: {"script":"<script> [56 bytes]","args":[{"element-6066-11e4-a52e-4f735466cecf":"f.74039697418B55B680EBD40CFFCF13D1.d.78B0E16ADAFE02A6883A8E050CEAF78F.e.20570","ELEMENT":"f.74039697418B55B680EBD40CFFCF13D1.d.78B0E16ADAFE02A6883A8E050CEAF78F.e.20570"}]}
COMMAND: POST /session/504404daf6556c94b3cb83283ff70561/element - {"using":"xpath","value":"//td[@aria-colindex=\"1\"]/div/div[contains(@class, \"sapMCbBg\")]"}
COMMAND: GET /session/504404daf6556c94b3cb83283ff70561/screenshot - {}
RESULT: {"using":"xpath","value":"//td[@aria-colindex=\"1\"]/div/div[contains(@class, \"sapMCbBg\")]"}
COMMAND: POST /session/504404daf6556c94b3cb83283ff70561/element/f.74039697418B55B680EBD40CFFCF13D1.d.78B0E16ADAFE02A6883A8E050CEAF78F.e.20563/click - {}
RESULT: {}
RESULT: {}
COMMAND: GET /session/504404daf6556c94b3cb83283ff70561/screenshot - {}
RESULT: {}
COMMAND: POST /session/504404daf6556c94b3cb83283ff70561/element - {"using":"xpath","value":"//bdi[contains(text(), \"Reverse\")]"}
RESULT: {"using":"xpath","value":"//bdi[contains(text(), \"Reverse\")]"}
COMMAND: POST /session/504404daf6556c94b3cb83283ff70561/element/f.74039697418B55B680EBD40CFFCF13D1.d.78B0E16ADAFE02A6883A8E050CEAF78F.e.20571/click - {}
RESULT: {}
COMMAND: GET /session/504404daf6556c94b3cb83283ff70561/screenshot - {}
RESULT: {}
COMMAND: POST /session/504404daf6556c94b3cb83283ff70561/element - {"using":"xpath","value":"//input[contains(@id ,\"application-billingtransfer-display-component---billingWorkbench--smartFilterBar-btnBasicSearch\")]"}
RESULT: {"using":"xpath","value":"//input[contains(@id ,\"application-billingtransfer-display-component---billingWorkbench--smartFilterBar-btnBasicSearch\")]"}
COMMAND: POST /session/504404daf6556c94b3cb83283ff70561/elements - {"using":"xpath","value":"//input[contains(@id ,\"application-billingtransfer-display-component---billingWorkbench--smartFilterBar-btnBasicSearch\")]"}
RESULT: {"using":"xpath","value":"//input[contains(@id ,\"application-billingtransfer-display-component---billingWorkbench--smartFilterBar-btnBasicSearch\")]"}
COMMAND: POST /session/504404daf6556c94b3cb83283ff70561/execute/sync - {"script":"<script> [8489 bytes]","args":[{"element-6066-11e4-a52e-4f735466cecf":"f.74039697418B55B680EBD40CFFCF13D1.d.78B0E16ADAFE02A6883A8E050CEAF78F.e.20416","ELEMENT":"f.74039697418B55B680EBD40CFFCF13D1.d.78B0E16ADAFE02A6883A8E050CEAF78F.e.20416"}]}
RESULT: {"script":"<script> [8489 bytes]","args":[{"element-6066-11e4-a52e-4f735466cecf":"f.74039697418B55B680EBD40CFFCF13D1.d.78B0E16ADAFE02A6883A8E050CEAF78F.e.20416","ELEMENT":"f.74039697418B55B680EBD40CFFCF13D1.d.78B0E16ADAFE02A6883A8E050CEAF78F.e.20416"}]}
COMMAND: GET /session/504404daf6556c94b3cb83283ff70561/element/f.74039697418B55B680EBD40CFFCF13D1.d.78B0E16ADAFE02A6883A8E050CEAF78F.e.20416/enabled - {}
COMMAND: GET /session/504404daf6556c94b3cb83283ff70561/screenshot - {}
RESULT: {}
COMMAND: POST /session/504404daf6556c94b3cb83283ff70561/element/f.74039697418B55B680EBD40CFFCF13D1.d.78B0E16ADAFE02A6883A8E050CEAF78F.e.20416/click - {}
COMMAND: GET /session/504404daf6556c94b3cb83283ff70561/screenshot - {}
RESULT: {}
RESULT: {}
COMMAND: GET /session/504404daf6556c94b3cb83283ff70561/screenshot - {}
RESULT: {}
RESULT: {}
COMMAND: POST /session/504404daf6556c94b3cb83283ff70561/element/f.74039697418B55B680EBD40CFFCF13D1.d.78B0E16ADAFE02A6883A8E050CEAF78F.e.20416/clear - {}
RESULT: {}
COMMAND: POST /session/504404daf6556c94b3cb83283ff70561/element/f.74039697418B55B680EBD40CFFCF13D1.d.78B0E16ADAFE02A6883A8E050CEAF78F.e.20416/value - {"text":"10534"}
COMMAND: GET /session/504404daf6556c94b3cb83283ff70561/screenshot - {}
RESULT: {"text":"10534"}
COMMAND: POST /session/504404daf6556c94b3cb83283ff70561/actions - {"actions":[{"id":"action69","type":"key","parameters":{},"actions":[{"type":"keyDown","value":""},{"type":"pause","duration":10},{"type":"keyUp","value":""}]}]}
COMMAND: GET /session/504404daf6556c94b3cb83283ff70561/screenshot - {}
RESULT: {}
RESULT: {"actions":[{"id":"action69","type":"key","parameters":{},"actions":[{"type":"keyDown","value":""},{"type":"pause","duration":10},{"type":"keyUp","value":""}]}]}
COMMAND: GET /session/504404daf6556c94b3cb83283ff70561/screenshot - {}
RESULT: {}
RESULT: {}
COMMAND: POST /session/504404daf6556c94b3cb83283ff70561/element - {"using":"xpath","value":"//span[contains(@id ,\"application-billingtransfer-display-component---billingWorkbench--smartTableBillingRuns-header-inner\")]"}
RESULT: {"using":"xpath","value":"//span[contains(@id ,\"application-billingtransfer-display-component---billingWorkbench--smartTableBillingRuns-header-inner\")]"}
COMMAND: POST /session/504404daf6556c94b3cb83283ff70561/elements - {"using":"xpath","value":"//span[contains(@id ,\"application-billingtransfer-display-component---billingWorkbench--smartTableBillingRuns-header-inner\")]"}
RESULT: {"using":"xpath","value":"//span[contains(@id ,\"application-billingtransfer-display-component---billingWorkbench--smartTableBillingRuns-header-inner\")]"}
COMMAND: POST /session/504404daf6556c94b3cb83283ff70561/execute/sync - {"script":"<script> [56 bytes]","args":[{"element-6066-11e4-a52e-4f735466cecf":"f.74039697418B55B680EBD40CFFCF13D1.d.78B0E16ADAFE02A6883A8E050CEAF78F.e.20570","ELEMENT":"f.74039697418B55B680EBD40CFFCF13D1.d.78B0E16ADAFE02A6883A8E050CEAF78F.e.20570"}]}
RESULT: {"script":"<script> [56 bytes]","args":[{"element-6066-11e4-a52e-4f735466cecf":"f.74039697418B55B680EBD40CFFCF13D1.d.78B0E16ADAFE02A6883A8E050CEAF78F.e.20570","ELEMENT":"f.74039697418B55B680EBD40CFFCF13D1.d.78B0E16ADAFE02A6883A8E050CEAF78F.e.20570"}]}
COMMAND: POST /session/504404daf6556c94b3cb83283ff70561/element - {"using":"css selector","value":"#shell-header-logo"}
COMMAND: GET /session/504404daf6556c94b3cb83283ff70561/screenshot - {}
RESULT: {"using":"css selector","value":"#shell-header-logo"}
COMMAND: POST /session/504404daf6556c94b3cb83283ff70561/element/f.74039697418B55B680EBD40CFFCF13D1.d.78B0E16ADAFE02A6883A8E050CEAF78F.e.20414/click - {}
RESULT: {}
RESULT: {}
COMMAND: GET /session/504404daf6556c94b3cb83283ff70561/screenshot - {}
RESULT: {}
COMMAND: DELETE /session/504404daf6556c94b3cb83283ff70561 - {}
RESULT: {}
]]></system-out>
    </testcase>
  </testsuite>
</testsuites>