<?xml version="1.0" encoding="UTF-8"?>
<testsuites tests="6" failures="3" errors="3" skipped="0">
  <testsuite timestamp="2025-05-30T16:31:03" time="896.044" tests="6" failures="3" errors="3" skipped="0">
    <properties>
      <property name="specId" value="0"/>
      <property name="suiteName" value="RU Inventory Mass State Change Multiple Items US151066"/>
      <property name="capabilities" value="chrome.136_0_7103_93.windows"/>
      <property name="file" value="file:///D:/a/1/s/test/specs/HTR/ru-inv-list-mass-state-change.spec.js"/>
    </properties>
    <testcase classname="chrome.136_0_7103_93.windows.RU_Inventory_Mass_State_Change_Multiple_Items_US151066" name="Step 1 Should do a RU inventory mass state change on chosen yard 109 with the resources available one equipment multipart one tool pool" time="308.367">
      <system-out><![CDATA[
COMMAND: POST /session/7ab1c180f142dccaa2e910e5f5459d3a/execute/async - {"script":"<script> [1562 bytes]","args":[{"selector":{"controlType":"sap.m.GenericTile","properties":{"header":"RU Inventory List"}},"wdio_ui5_key":"sapm.GenericTile{\"header\":\"RU Inventory List\"}"}]}
RESULT: {"script":"<script> [1562 bytes]","args":[{"selector":{"controlType":"sap.m.GenericTile","properties":{"header":"RU Inventory List"}},"wdio_ui5_key":"sapm.GenericTile{\"header\":\"RU Inventory List\"}"}]}
RESULT: undefined
COMMAND: POST /session/7ab1c180f142dccaa2e910e5f5459d3a/element - {"using":"xpath","value":"//*[@id=\"__tile99\"]"}
RESULT: {"using":"xpath","value":"//*[@id=\"__tile99\"]"}
COMMAND: POST /session/7ab1c180f142dccaa2e910e5f5459d3a/element/f.C5C087060A4FA1A3F4D1CB8AF7F0E7A9.d.EAD6F261F9B545A7715B8D8C6FC8AFF0.e.274/click - {}
RESULT: {}
COMMAND: GET /session/7ab1c180f142dccaa2e910e5f5459d3a/screenshot - {}
RESULT: {}
COMMAND: POST /session/7ab1c180f142dccaa2e910e5f5459d3a/elements - {"using":"xpath","value":"//span[text()='Error']"}
RESULT: {"using":"xpath","value":"//span[text()='Error']"}
COMMAND: POST /session/7ab1c180f142dccaa2e910e5f5459d3a/element - {"using":"xpath","value":"//button[contains(@id, \"massStateBtn\")]"}
RESULT: {"using":"xpath","value":"//button[contains(@id, \"massStateBtn\")]"}
COMMAND: POST /session/7ab1c180f142dccaa2e910e5f5459d3a/elements - {"using":"xpath","value":"//button[contains(@id, \"massStateBtn\")]"}
RESULT: {"using":"xpath","value":"//button[contains(@id, \"massStateBtn\")]"}
COMMAND: POST /session/7ab1c180f142dccaa2e910e5f5459d3a/elements - {"using":"xpath","value":"//button[contains(@id, \"massStateBtn\")]"}
RESULT: {"using":"xpath","value":"//button[contains(@id, \"massStateBtn\")]"}
COMMAND: POST /session/7ab1c180f142dccaa2e910e5f5459d3a/elements - {"using":"xpath","value":"//button[contains(@id, \"massStateBtn\")]"}
RESULT: {"using":"xpath","value":"//button[contains(@id, \"massStateBtn\")]"}
COMMAND: POST /session/7ab1c180f142dccaa2e910e5f5459d3a/elements - {"using":"xpath","value":"//button[contains(@id, \"massStateBtn\")]"}
RESULT: {"using":"xpath","value":"//button[contains(@id, \"massStateBtn\")]"}
COMMAND: POST /session/7ab1c180f142dccaa2e910e5f5459d3a/elements - {"using":"xpath","value":"//button[contains(@id, \"massStateBtn\")]"}
RESULT: {"using":"xpath","value":"//button[contains(@id, \"massStateBtn\")]"}
COMMAND: POST /session/7ab1c180f142dccaa2e910e5f5459d3a/elements - {"using":"xpath","value":"//button[contains(@id, \"massStateBtn\")]"}
RESULT: {"using":"xpath","value":"//button[contains(@id, \"massStateBtn\")]"}
COMMAND: POST /session/7ab1c180f142dccaa2e910e5f5459d3a/elements - {"using":"xpath","value":"//button[contains(@id, \"massStateBtn\")]"}
RESULT: {"using":"xpath","value":"//button[contains(@id, \"massStateBtn\")]"}
COMMAND: POST /session/7ab1c180f142dccaa2e910e5f5459d3a/elements - {"using":"xpath","value":"//button[contains(@id, \"massStateBtn\")]"}
RESULT: {"using":"xpath","value":"//button[contains(@id, \"massStateBtn\")]"}
COMMAND: POST /session/7ab1c180f142dccaa2e910e5f5459d3a/elements - {"using":"xpath","value":"//button[contains(@id, \"massStateBtn\")]"}
RESULT: {"using":"xpath","value":"//button[contains(@id, \"massStateBtn\")]"}
COMMAND: POST /session/7ab1c180f142dccaa2e910e5f5459d3a/elements - {"using":"xpath","value":"//button[contains(@id, \"massStateBtn\")]"}
RESULT: {"using":"xpath","value":"//button[contains(@id, \"massStateBtn\")]"}
COMMAND: POST /session/7ab1c180f142dccaa2e910e5f5459d3a/elements - {"using":"xpath","value":"//button[contains(@id, \"massStateBtn\")]"}
RESULT: {"using":"xpath","value":"//button[contains(@id, \"massStateBtn\")]"}
COMMAND: POST /session/7ab1c180f142dccaa2e910e5f5459d3a/elements - {"using":"xpath","value":"//button[contains(@id, \"massStateBtn\")]"}
RESULT: {"using":"xpath","value":"//button[contains(@id, \"massStateBtn\")]"}
COMMAND: POST /session/7ab1c180f142dccaa2e910e5f5459d3a/elements - {"using":"xpath","value":"//button[contains(@id, \"massStateBtn\")]"}
RESULT: {"using":"xpath","value":"//button[contains(@id, \"massStateBtn\")]"}
COMMAND: POST /session/7ab1c180f142dccaa2e910e5f5459d3a/element - {"using":"xpath","value":"//button[contains(@id, \"massStateBtn\")]"}
RESULT: {"using":"xpath","value":"//button[contains(@id, \"massStateBtn\")]"}
COMMAND: POST /session/7ab1c180f142dccaa2e910e5f5459d3a/execute/sync - {"script":"<script> [8489 bytes]","args":[{"element-6066-11e4-a52e-4f735466cecf":"f.C5C087060A4FA1A3F4D1CB8AF7F0E7A9.d.EAD6F261F9B545A7715B8D8C6FC8AFF0.e.310","ELEMENT":"f.C5C087060A4FA1A3F4D1CB8AF7F0E7A9.d.EAD6F261F9B545A7715B8D8C6FC8AFF0.e.310"}]}
RESULT: {"script":"<script> [8489 bytes]","args":[{"element-6066-11e4-a52e-4f735466cecf":"f.C5C087060A4FA1A3F4D1CB8AF7F0E7A9.d.EAD6F261F9B545A7715B8D8C6FC8AFF0.e.310","ELEMENT":"f.C5C087060A4FA1A3F4D1CB8AF7F0E7A9.d.EAD6F261F9B545A7715B8D8C6FC8AFF0.e.310"}]}
COMMAND: GET /session/7ab1c180f142dccaa2e910e5f5459d3a/element/f.C5C087060A4FA1A3F4D1CB8AF7F0E7A9.d.EAD6F261F9B545A7715B8D8C6FC8AFF0.e.310/enabled - {}
COMMAND: GET /session/7ab1c180f142dccaa2e910e5f5459d3a/screenshot - {}
RESULT: {}
COMMAND: POST /session/7ab1c180f142dccaa2e910e5f5459d3a/execute/sync - {"script":"<script> [8489 bytes]","args":[{"element-6066-11e4-a52e-4f735466cecf":"f.C5C087060A4FA1A3F4D1CB8AF7F0E7A9.d.EAD6F261F9B545A7715B8D8C6FC8AFF0.e.310","ELEMENT":"f.C5C087060A4FA1A3F4D1CB8AF7F0E7A9.d.EAD6F261F9B545A7715B8D8C6FC8AFF0.e.310"}]}
COMMAND: GET /session/7ab1c180f142dccaa2e910e5f5459d3a/screenshot - {}
RESULT: {}
RESULT: {"script":"<script> [8489 bytes]","args":[{"element-6066-11e4-a52e-4f735466cecf":"f.C5C087060A4FA1A3F4D1CB8AF7F0E7A9.d.EAD6F261F9B545A7715B8D8C6FC8AFF0.e.310","ELEMENT":"f.C5C087060A4FA1A3F4D1CB8AF7F0E7A9.d.EAD6F261F9B545A7715B8D8C6FC8AFF0.e.310"}]}
COMMAND: POST /session/7ab1c180f142dccaa2e910e5f5459d3a/execute/sync - {"script":"<script> [5351 bytes]","args":[{"element-6066-11e4-a52e-4f735466cecf":"f.C5C087060A4FA1A3F4D1CB8AF7F0E7A9.d.EAD6F261F9B545A7715B8D8C6FC8AFF0.e.310","ELEMENT":"f.C5C087060A4FA1A3F4D1CB8AF7F0E7A9.d.EAD6F261F9B545A7715B8D8C6FC8AFF0.e.310"}]}
COMMAND: GET /session/7ab1c180f142dccaa2e910e5f5459d3a/screenshot - {}
RESULT: {}
RESULT: {"script":"<script> [5351 bytes]","args":[{"element-6066-11e4-a52e-4f735466cecf":"f.C5C087060A4FA1A3F4D1CB8AF7F0E7A9.d.EAD6F261F9B545A7715B8D8C6FC8AFF0.e.310","ELEMENT":"f.C5C087060A4FA1A3F4D1CB8AF7F0E7A9.d.EAD6F261F9B545A7715B8D8C6FC8AFF0.e.310"}]}
COMMAND: POST /session/7ab1c180f142dccaa2e910e5f5459d3a/element/f.C5C087060A4FA1A3F4D1CB8AF7F0E7A9.d.EAD6F261F9B545A7715B8D8C6FC8AFF0.e.310/click - {}
COMMAND: GET /session/7ab1c180f142dccaa2e910e5f5459d3a/screenshot - {}
RESULT: {}
RESULT: {}
COMMAND: GET /session/7ab1c180f142dccaa2e910e5f5459d3a/screenshot - {}
RESULT: {}
RESULT: {}
COMMAND: POST /session/7ab1c180f142dccaa2e910e5f5459d3a/execute/async - {"script":"<script> [1562 bytes]","args":[{"selector":{"id":"application-ruinventorylist-display-component---Master--ruLocationTypeComboBox-arrow"},"wdio_ui5_key":"applicationruinventorylist-display-component---Master--ruLocationTypeComboBox-arrow"}]}
RESULT: {"script":"<script> [1562 bytes]","args":[{"selector":{"id":"application-ruinventorylist-display-component---Master--ruLocationTypeComboBox-arrow"},"wdio_ui5_key":"applicationruinventorylist-display-component---Master--ruLocationTypeComboBox-arrow"}]}
RESULT: undefined
COMMAND: POST /session/7ab1c180f142dccaa2e910e5f5459d3a/element - {"using":"xpath","value":"//*[@id=\"application-ruinventorylist-display-component---Master--ruLocationTypeComboBox-arrow\"]"}
RESULT: {"using":"xpath","value":"//*[@id=\"application-ruinventorylist-display-component---Master--ruLocationTypeComboBox-arrow\"]"}
COMMAND: POST /session/7ab1c180f142dccaa2e910e5f5459d3a/element/f.C5C087060A4FA1A3F4D1CB8AF7F0E7A9.d.EAD6F261F9B545A7715B8D8C6FC8AFF0.e.663/click - {}
RESULT: {}
COMMAND: GET /session/7ab1c180f142dccaa2e910e5f5459d3a/screenshot - {}
RESULT: {}
COMMAND: POST /session/7ab1c180f142dccaa2e910e5f5459d3a/element - {"using":"xpath","value":"//li[.//span[text()='Yard']]"}
RESULT: {"using":"xpath","value":"//li[.//span[text()='Yard']]"}
COMMAND: POST /session/7ab1c180f142dccaa2e910e5f5459d3a/element/f.C5C087060A4FA1A3F4D1CB8AF7F0E7A9.d.EAD6F261F9B545A7715B8D8C6FC8AFF0.e.664/click - {}
RESULT: {}
COMMAND: GET /session/7ab1c180f142dccaa2e910e5f5459d3a/screenshot - {}
RESULT: {}
COMMAND: POST /session/7ab1c180f142dccaa2e910e5f5459d3a/execute/async - {"script":"<script> [1562 bytes]","args":[{"selector":{"id":"application-ruinventorylist-display-component---Master--smartFilterBar-filterItemControl_BASIC-YARD-vhi"},"wdio_ui5_key":"applicationruinventorylist-display-component---Master--smartFilterBar-filterItemControl_BASIC-YARD-vhi"}]}
RESULT: {"script":"<script> [1562 bytes]","args":[{"selector":{"id":"application-ruinventorylist-display-component---Master--smartFilterBar-filterItemControl_BASIC-YARD-vhi"},"wdio_ui5_key":"applicationruinventorylist-display-component---Master--smartFilterBar-filterItemControl_BASIC-YARD-vhi"}]}
RESULT: undefined
COMMAND: POST /session/7ab1c180f142dccaa2e910e5f5459d3a/element - {"using":"xpath","value":"//*[@id=\"application-ruinventorylist-display-component---Master--smartFilterBar-filterItemControl_BASIC-YARD-vhi\"]"}
RESULT: {"using":"xpath","value":"//*[@id=\"application-ruinventorylist-display-component---Master--smartFilterBar-filterItemControl_BASIC-YARD-vhi\"]"}
COMMAND: POST /session/7ab1c180f142dccaa2e910e5f5459d3a/element/f.C5C087060A4FA1A3F4D1CB8AF7F0E7A9.d.EAD6F261F9B545A7715B8D8C6FC8AFF0.e.716/click - {}
RESULT: {}
COMMAND: GET /session/7ab1c180f142dccaa2e910e5f5459d3a/screenshot - {}
RESULT: {}
COMMAND: POST /session/7ab1c180f142dccaa2e910e5f5459d3a/execute/async - {"script":"<script> [1562 bytes]","args":[{"selector":{"id":"application-ruinventorylist-display-component---Master--smartFilterBar-filterItemControl_BASIC-YARD-valueHelpDialog-smartFilterBar-btnBasicSearch","searchOpenDialogs":true,"interaction":{"idSuffix":"I"}},"wdio_ui5_key":"applicationruinventorylist-display-component---Master--smartFilterBar-filterItemControl_BASIC-YARD-valueHelpDialog-smartFilterBar-btnBasicSearch"}]}
RESULT: {"script":"<script> [1562 bytes]","args":[{"selector":{"id":"application-ruinventorylist-display-component---Master--smartFilterBar-filterItemControl_BASIC-YARD-valueHelpDialog-smartFilterBar-btnBasicSearch","searchOpenDialogs":true,"interaction":{"idSuffix":"I"}},"wdio_ui5_key":"applicationruinventorylist-display-component---Master--smartFilterBar-filterItemControl_BASIC-YARD-valueHelpDialog-smartFilterBar-btnBasicSearch"}]}
RESULT: undefined
COMMAND: POST /session/7ab1c180f142dccaa2e910e5f5459d3a/execute/async - {"script":"<script> [776 bytes]","args":[{"enterText":"109","selector":{"id":"application-ruinventorylist-display-component---Master--smartFilterBar-filterItemControl_BASIC-YARD-valueHelpDialog-smartFilterBar-btnBasicSearch","searchOpenDialogs":true,"interaction":{"idSuffix":"I"}},"clearTextFirst":true,"interactionType":"ENTER_TEXT"}]}
RESULT: {"script":"<script> [776 bytes]","args":[{"enterText":"109","selector":{"id":"application-ruinventorylist-display-component---Master--smartFilterBar-filterItemControl_BASIC-YARD-valueHelpDialog-smartFilterBar-btnBasicSearch","searchOpenDialogs":true,"interaction":{"idSuffix":"I"}},"clearTextFirst":true,"interactionType":"ENTER_TEXT"}]}
COMMAND: POST /session/7ab1c180f142dccaa2e910e5f5459d3a/actions - {"actions":[{"id":"action1","type":"key","parameters":{},"actions":[{"type":"keyDown","value":""},{"type":"pause","duration":10},{"type":"keyUp","value":""}]}]}
RESULT: {"actions":[{"id":"action1","type":"key","parameters":{},"actions":[{"type":"keyDown","value":""},{"type":"pause","duration":10},{"type":"keyUp","value":""}]}]}
COMMAND: GET /session/7ab1c180f142dccaa2e910e5f5459d3a/screenshot - {}
RESULT: {}
COMMAND: POST /session/7ab1c180f142dccaa2e910e5f5459d3a/elements - {"using":"xpath","value":"//table[contains(@id, \"filterItemControl_BASIC-YARD-valueHelpDialog-table-table\")]/tbody/tr"}
RESULT: {"using":"xpath","value":"//table[contains(@id, \"filterItemControl_BASIC-YARD-valueHelpDialog-table-table\")]/tbody/tr"}
COMMAND: POST /session/7ab1c180f142dccaa2e910e5f5459d3a/element - {"using":"xpath","value":"//table[contains(@id, \"filterItemControl_BASIC-YARD-valueHelpDialog-table-table\")]/tbody/tr[1]/td[1]/div/span"}
RESULT: {"using":"xpath","value":"//table[contains(@id, \"filterItemControl_BASIC-YARD-valueHelpDialog-table-table\")]/tbody/tr[1]/td[1]/div/span"}
COMMAND: POST /session/7ab1c180f142dccaa2e910e5f5459d3a/elements - {"using":"xpath","value":"//table[contains(@id, \"filterItemControl_BASIC-YARD-valueHelpDialog-table-table\")]/tbody/tr[1]/td[1]/div/span"}
RESULT: {"using":"xpath","value":"//table[contains(@id, \"filterItemControl_BASIC-YARD-valueHelpDialog-table-table\")]/tbody/tr[1]/td[1]/div/span"}
COMMAND: POST /session/7ab1c180f142dccaa2e910e5f5459d3a/execute/sync - {"script":"<script> [56 bytes]","args":[{"element-6066-11e4-a52e-4f735466cecf":"f.C5C087060A4FA1A3F4D1CB8AF7F0E7A9.d.EAD6F261F9B545A7715B8D8C6FC8AFF0.e.738","ELEMENT":"f.C5C087060A4FA1A3F4D1CB8AF7F0E7A9.d.EAD6F261F9B545A7715B8D8C6FC8AFF0.e.738"}]}
RESULT: {"script":"<script> [56 bytes]","args":[{"element-6066-11e4-a52e-4f735466cecf":"f.C5C087060A4FA1A3F4D1CB8AF7F0E7A9.d.EAD6F261F9B545A7715B8D8C6FC8AFF0.e.738","ELEMENT":"f.C5C087060A4FA1A3F4D1CB8AF7F0E7A9.d.EAD6F261F9B545A7715B8D8C6FC8AFF0.e.738"}]}
COMMAND: POST /session/7ab1c180f142dccaa2e910e5f5459d3a/element - {"using":"xpath","value":"//div[contains(@id, \"filterItemControl_BASIC-YARD-valueHelpDialog-table-rowsel0\")]"}
COMMAND: GET /session/7ab1c180f142dccaa2e910e5f5459d3a/screenshot - {}
RESULT: {"using":"xpath","value":"//div[contains(@id, \"filterItemControl_BASIC-YARD-valueHelpDialog-table-rowsel0\")]"}
COMMAND: POST /session/7ab1c180f142dccaa2e910e5f5459d3a/element/f.C5C087060A4FA1A3F4D1CB8AF7F0E7A9.d.EAD6F261F9B545A7715B8D8C6FC8AFF0.e.739/click - {}
RESULT: {}
RESULT: {}
COMMAND: GET /session/7ab1c180f142dccaa2e910e5f5459d3a/screenshot - {}
RESULT: {}
COMMAND: POST /session/7ab1c180f142dccaa2e910e5f5459d3a/element - {"using":"xpath","value":"//div[contains(@id, \"smartFilterBar-filterItemControl_BASIC-YARD-valueHelpDialog-smartFilterBar-btnBasicSearch-reset\")]"}
RESULT: {"using":"xpath","value":"//div[contains(@id, \"smartFilterBar-filterItemControl_BASIC-YARD-valueHelpDialog-smartFilterBar-btnBasicSearch-reset\")]"}
COMMAND: POST /session/7ab1c180f142dccaa2e910e5f5459d3a/element/f.C5C087060A4FA1A3F4D1CB8AF7F0E7A9.d.EAD6F261F9B545A7715B8D8C6FC8AFF0.e.741/click - {}
RESULT: {}
RESULT: undefined
COMMAND: POST /session/7ab1c180f142dccaa2e910e5f5459d3a/execute/async - {"script":"<script> [776 bytes]","args":[{"enterText":"OPA5_BST01_YARD1","selector":{"id":"application-ruinventorylist-display-component---Master--smartFilterBar-filterItemControl_BASIC-YARD-valueHelpDialog-smartFilterBar-btnBasicSearch","searchOpenDialogs":true,"interaction":{"idSuffix":"I"}},"clearTextFirst":true,"interactionType":"ENTER_TEXT"}]}
COMMAND: GET /session/7ab1c180f142dccaa2e910e5f5459d3a/screenshot - {}
RESULT: {"script":"<script> [776 bytes]","args":[{"enterText":"OPA5_BST01_YARD1","selector":{"id":"application-ruinventorylist-display-component---Master--smartFilterBar-filterItemControl_BASIC-YARD-valueHelpDialog-smartFilterBar-btnBasicSearch","searchOpenDialogs":true,"interaction":{"idSuffix":"I"}},"clearTextFirst":true,"interactionType":"ENTER_TEXT"}]}
COMMAND: POST /session/7ab1c180f142dccaa2e910e5f5459d3a/actions - {"actions":[{"id":"action2","type":"key","parameters":{},"actions":[{"type":"keyDown","value":""},{"type":"pause","duration":10},{"type":"keyUp","value":""}]}]}
RESULT: {}
RESULT: {"actions":[{"id":"action2","type":"key","parameters":{},"actions":[{"type":"keyDown","value":""},{"type":"pause","duration":10},{"type":"keyUp","value":""}]}]}
COMMAND: GET /session/7ab1c180f142dccaa2e910e5f5459d3a/screenshot - {}
RESULT: {}
COMMAND: POST /session/7ab1c180f142dccaa2e910e5f5459d3a/elements - {"using":"xpath","value":"//table[contains(@id, \"filterItemControl_BASIC-YARD-valueHelpDialog-table-table\")]/tbody/tr"}
RESULT: {"using":"xpath","value":"//table[contains(@id, \"filterItemControl_BASIC-YARD-valueHelpDialog-table-table\")]/tbody/tr"}
COMMAND: POST /session/7ab1c180f142dccaa2e910e5f5459d3a/element - {"using":"xpath","value":"//table[contains(@id, \"filterItemControl_BASIC-YARD-valueHelpDialog-table-table\")]/tbody/tr[1]/td[1]/div/span"}
RESULT: {"using":"xpath","value":"//table[contains(@id, \"filterItemControl_BASIC-YARD-valueHelpDialog-table-table\")]/tbody/tr[1]/td[1]/div/span"}
COMMAND: POST /session/7ab1c180f142dccaa2e910e5f5459d3a/elements - {"using":"xpath","value":"//table[contains(@id, \"filterItemControl_BASIC-YARD-valueHelpDialog-table-table\")]/tbody/tr[1]/td[1]/div/span"}
RESULT: {"using":"xpath","value":"//table[contains(@id, \"filterItemControl_BASIC-YARD-valueHelpDialog-table-table\")]/tbody/tr[1]/td[1]/div/span"}
COMMAND: POST /session/7ab1c180f142dccaa2e910e5f5459d3a/execute/sync - {"script":"<script> [56 bytes]","args":[{"element-6066-11e4-a52e-4f735466cecf":"f.C5C087060A4FA1A3F4D1CB8AF7F0E7A9.d.EAD6F261F9B545A7715B8D8C6FC8AFF0.e.738","ELEMENT":"f.C5C087060A4FA1A3F4D1CB8AF7F0E7A9.d.EAD6F261F9B545A7715B8D8C6FC8AFF0.e.738"}]}
RESULT: {"script":"<script> [56 bytes]","args":[{"element-6066-11e4-a52e-4f735466cecf":"f.C5C087060A4FA1A3F4D1CB8AF7F0E7A9.d.EAD6F261F9B545A7715B8D8C6FC8AFF0.e.738","ELEMENT":"f.C5C087060A4FA1A3F4D1CB8AF7F0E7A9.d.EAD6F261F9B545A7715B8D8C6FC8AFF0.e.738"}]}
COMMAND: POST /session/7ab1c180f142dccaa2e910e5f5459d3a/element - {"using":"xpath","value":"//div[contains(@id, \"filterItemControl_BASIC-YARD-valueHelpDialog-table-rowsel0\")]"}
COMMAND: GET /session/7ab1c180f142dccaa2e910e5f5459d3a/screenshot - {}
RESULT: {"using":"xpath","value":"//div[contains(@id, \"filterItemControl_BASIC-YARD-valueHelpDialog-table-rowsel0\")]"}
COMMAND: POST /session/7ab1c180f142dccaa2e910e5f5459d3a/element/f.C5C087060A4FA1A3F4D1CB8AF7F0E7A9.d.EAD6F261F9B545A7715B8D8C6FC8AFF0.e.739/click - {}
RESULT: {}
RESULT: {}
COMMAND: GET /session/7ab1c180f142dccaa2e910e5f5459d3a/screenshot - {}
RESULT: {}
COMMAND: POST /session/7ab1c180f142dccaa2e910e5f5459d3a/element - {"using":"xpath","value":"(//bdi[contains(text(), \"OK\")])[1]"}
RESULT: {"using":"xpath","value":"(//bdi[contains(text(), \"OK\")])[1]"}
COMMAND: POST /session/7ab1c180f142dccaa2e910e5f5459d3a/element/f.C5C087060A4FA1A3F4D1CB8AF7F0E7A9.d.EAD6F261F9B545A7715B8D8C6FC8AFF0.e.742/click - {}
RESULT: {}
COMMAND: GET /session/7ab1c180f142dccaa2e910e5f5459d3a/screenshot - {}
RESULT: {}
COMMAND: POST /session/7ab1c180f142dccaa2e910e5f5459d3a/element - {"using":"xpath","value":"//span[@id=\"application-ruinventorylist-display-component---Master--smartTableRuInventoryList-header-inner\"]"}
RESULT: {"using":"xpath","value":"//span[@id=\"application-ruinventorylist-display-component---Master--smartTableRuInventoryList-header-inner\"]"}
COMMAND: POST /session/7ab1c180f142dccaa2e910e5f5459d3a/elements - {"using":"xpath","value":"//span[@id=\"application-ruinventorylist-display-component---Master--smartTableRuInventoryList-header-inner\"]"}
RESULT: {"using":"xpath","value":"//span[@id=\"application-ruinventorylist-display-component---Master--smartTableRuInventoryList-header-inner\"]"}
COMMAND: POST /session/7ab1c180f142dccaa2e910e5f5459d3a/execute/sync - {"script":"<script> [56 bytes]","args":[{"element-6066-11e4-a52e-4f735466cecf":"f.C5C087060A4FA1A3F4D1CB8AF7F0E7A9.d.EAD6F261F9B545A7715B8D8C6FC8AFF0.e.905","ELEMENT":"f.C5C087060A4FA1A3F4D1CB8AF7F0E7A9.d.EAD6F261F9B545A7715B8D8C6FC8AFF0.e.905"}]}
RESULT: {"script":"<script> [56 bytes]","args":[{"element-6066-11e4-a52e-4f735466cecf":"f.C5C087060A4FA1A3F4D1CB8AF7F0E7A9.d.EAD6F261F9B545A7715B8D8C6FC8AFF0.e.905","ELEMENT":"f.C5C087060A4FA1A3F4D1CB8AF7F0E7A9.d.EAD6F261F9B545A7715B8D8C6FC8AFF0.e.905"}]}
COMMAND: POST /session/7ab1c180f142dccaa2e910e5f5459d3a/execute/async - {"script":"<script> [1562 bytes]","args":[{"selector":{"id":"application-ruinventorylist-display-component---Master--smartFilterBar-btnBasicSearch","interaction":{"idSuffix":"I"}},"wdio_ui5_key":"applicationruinventorylist-display-component---Master--smartFilterBar-btnBasicSearch"}]}
COMMAND: GET /session/7ab1c180f142dccaa2e910e5f5459d3a/screenshot - {}
RESULT: {"script":"<script> [1562 bytes]","args":[{"selector":{"id":"application-ruinventorylist-display-component---Master--smartFilterBar-btnBasicSearch","interaction":{"idSuffix":"I"}},"wdio_ui5_key":"applicationruinventorylist-display-component---Master--smartFilterBar-btnBasicSearch"}]}
RESULT: undefined
COMMAND: POST /session/7ab1c180f142dccaa2e910e5f5459d3a/execute/async - {"script":"<script> [776 bytes]","args":[{"enterText":"600002","selector":{"id":"application-ruinventorylist-display-component---Master--smartFilterBar-btnBasicSearch","interaction":{"idSuffix":"I"}},"clearTextFirst":true,"interactionType":"ENTER_TEXT"}]}
RESULT: {}
RESULT: {"script":"<script> [776 bytes]","args":[{"enterText":"600002","selector":{"id":"application-ruinventorylist-display-component---Master--smartFilterBar-btnBasicSearch","interaction":{"idSuffix":"I"}},"clearTextFirst":true,"interactionType":"ENTER_TEXT"}]}
COMMAND: POST /session/7ab1c180f142dccaa2e910e5f5459d3a/actions - {"actions":[{"id":"action3","type":"key","parameters":{},"actions":[{"type":"keyDown","value":""},{"type":"pause","duration":10},{"type":"keyUp","value":""}]}]}
RESULT: {"actions":[{"id":"action3","type":"key","parameters":{},"actions":[{"type":"keyDown","value":""},{"type":"pause","duration":10},{"type":"keyUp","value":""}]}]}
COMMAND: GET /session/7ab1c180f142dccaa2e910e5f5459d3a/screenshot - {}
RESULT: {}
COMMAND: POST /session/7ab1c180f142dccaa2e910e5f5459d3a/element - {"using":"xpath","value":"//span[@id=\"application-ruinventorylist-display-component---Master--smartTableRuInventoryList-header-inner\"]"}
RESULT: {"using":"xpath","value":"//span[@id=\"application-ruinventorylist-display-component---Master--smartTableRuInventoryList-header-inner\"]"}
COMMAND: POST /session/7ab1c180f142dccaa2e910e5f5459d3a/elements - {"using":"xpath","value":"//span[@id=\"application-ruinventorylist-display-component---Master--smartTableRuInventoryList-header-inner\"]"}
RESULT: {"using":"xpath","value":"//span[@id=\"application-ruinventorylist-display-component---Master--smartTableRuInventoryList-header-inner\"]"}
COMMAND: POST /session/7ab1c180f142dccaa2e910e5f5459d3a/execute/sync - {"script":"<script> [56 bytes]","args":[{"element-6066-11e4-a52e-4f735466cecf":"f.C5C087060A4FA1A3F4D1CB8AF7F0E7A9.d.EAD6F261F9B545A7715B8D8C6FC8AFF0.e.905","ELEMENT":"f.C5C087060A4FA1A3F4D1CB8AF7F0E7A9.d.EAD6F261F9B545A7715B8D8C6FC8AFF0.e.905"}]}
RESULT: {"script":"<script> [56 bytes]","args":[{"element-6066-11e4-a52e-4f735466cecf":"f.C5C087060A4FA1A3F4D1CB8AF7F0E7A9.d.EAD6F261F9B545A7715B8D8C6FC8AFF0.e.905","ELEMENT":"f.C5C087060A4FA1A3F4D1CB8AF7F0E7A9.d.EAD6F261F9B545A7715B8D8C6FC8AFF0.e.905"}]}
COMMAND: POST /session/7ab1c180f142dccaa2e910e5f5459d3a/element - {"using":"xpath","value":"//table[contains(@id, \"application-ruinventorylist-display-component---Master--tableRuInventoryList-listUl\")]/tbody/tr[1]/td[2]/div/div"}
COMMAND: GET /session/7ab1c180f142dccaa2e910e5f5459d3a/screenshot - {}
RESULT: {"using":"xpath","value":"//table[contains(@id, \"application-ruinventorylist-display-component---Master--tableRuInventoryList-listUl\")]/tbody/tr[1]/td[2]/div/div"}
COMMAND: POST /session/7ab1c180f142dccaa2e910e5f5459d3a/element/f.C5C087060A4FA1A3F4D1CB8AF7F0E7A9.d.EAD6F261F9B545A7715B8D8C6FC8AFF0.e.913/click - {}
RESULT: {}
RESULT: {}
COMMAND: GET /session/7ab1c180f142dccaa2e910e5f5459d3a/screenshot - {}
RESULT: {}
COMMAND: POST /session/7ab1c180f142dccaa2e910e5f5459d3a/element - {"using":"xpath","value":"//div[contains(@id, \"smartFilterBar-btnBasicSearch-reset\")]"}
RESULT: {"using":"xpath","value":"//div[contains(@id, \"smartFilterBar-btnBasicSearch-reset\")]"}
COMMAND: POST /session/7ab1c180f142dccaa2e910e5f5459d3a/element/f.C5C087060A4FA1A3F4D1CB8AF7F0E7A9.d.EAD6F261F9B545A7715B8D8C6FC8AFF0.e.923/click - {}
RESULT: {}
COMMAND: GET /session/7ab1c180f142dccaa2e910e5f5459d3a/screenshot - {}
RESULT: {}
RESULT: undefined
COMMAND: POST /session/7ab1c180f142dccaa2e910e5f5459d3a/execute/async - {"script":"<script> [776 bytes]","args":[{"enterText":"401002","selector":{"id":"application-ruinventorylist-display-component---Master--smartFilterBar-btnBasicSearch","interaction":{"idSuffix":"I"}},"clearTextFirst":true,"interactionType":"ENTER_TEXT"}]}
RESULT: {"script":"<script> [776 bytes]","args":[{"enterText":"401002","selector":{"id":"application-ruinventorylist-display-component---Master--smartFilterBar-btnBasicSearch","interaction":{"idSuffix":"I"}},"clearTextFirst":true,"interactionType":"ENTER_TEXT"}]}
COMMAND: POST /session/7ab1c180f142dccaa2e910e5f5459d3a/actions - {"actions":[{"id":"action4","type":"key","parameters":{},"actions":[{"type":"keyDown","value":""},{"type":"pause","duration":10},{"type":"keyUp","value":""}]}]}
RESULT: {"actions":[{"id":"action4","type":"key","parameters":{},"actions":[{"type":"keyDown","value":""},{"type":"pause","duration":10},{"type":"keyUp","value":""}]}]}
COMMAND: GET /session/7ab1c180f142dccaa2e910e5f5459d3a/screenshot - {}
RESULT: {}
COMMAND: POST /session/7ab1c180f142dccaa2e910e5f5459d3a/element - {"using":"xpath","value":"//span[@id=\"application-ruinventorylist-display-component---Master--smartTableRuInventoryList-header-inner\"]"}
RESULT: {"using":"xpath","value":"//span[@id=\"application-ruinventorylist-display-component---Master--smartTableRuInventoryList-header-inner\"]"}
COMMAND: POST /session/7ab1c180f142dccaa2e910e5f5459d3a/elements - {"using":"xpath","value":"//span[@id=\"application-ruinventorylist-display-component---Master--smartTableRuInventoryList-header-inner\"]"}
RESULT: {"using":"xpath","value":"//span[@id=\"application-ruinventorylist-display-component---Master--smartTableRuInventoryList-header-inner\"]"}
COMMAND: POST /session/7ab1c180f142dccaa2e910e5f5459d3a/execute/sync - {"script":"<script> [56 bytes]","args":[{"element-6066-11e4-a52e-4f735466cecf":"f.C5C087060A4FA1A3F4D1CB8AF7F0E7A9.d.EAD6F261F9B545A7715B8D8C6FC8AFF0.e.905","ELEMENT":"f.C5C087060A4FA1A3F4D1CB8AF7F0E7A9.d.EAD6F261F9B545A7715B8D8C6FC8AFF0.e.905"}]}
RESULT: {"script":"<script> [56 bytes]","args":[{"element-6066-11e4-a52e-4f735466cecf":"f.C5C087060A4FA1A3F4D1CB8AF7F0E7A9.d.EAD6F261F9B545A7715B8D8C6FC8AFF0.e.905","ELEMENT":"f.C5C087060A4FA1A3F4D1CB8AF7F0E7A9.d.EAD6F261F9B545A7715B8D8C6FC8AFF0.e.905"}]}
COMMAND: POST /session/7ab1c180f142dccaa2e910e5f5459d3a/element - {"using":"xpath","value":"//table[contains(@id, \"application-ruinventorylist-display-component---Master--tableRuInventoryList-listUl\")]/tbody/tr[1]/td[2]/div/div"}
COMMAND: GET /session/7ab1c180f142dccaa2e910e5f5459d3a/screenshot - {}
RESULT: {"using":"xpath","value":"//table[contains(@id, \"application-ruinventorylist-display-component---Master--tableRuInventoryList-listUl\")]/tbody/tr[1]/td[2]/div/div"}
COMMAND: POST /session/7ab1c180f142dccaa2e910e5f5459d3a/element/f.C5C087060A4FA1A3F4D1CB8AF7F0E7A9.d.EAD6F261F9B545A7715B8D8C6FC8AFF0.e.1079/click - {}
RESULT: {}
RESULT: {}
COMMAND: GET /session/7ab1c180f142dccaa2e910e5f5459d3a/screenshot - {}
RESULT: {}
COMMAND: POST /session/7ab1c180f142dccaa2e910e5f5459d3a/element - {"using":"xpath","value":"//div[contains(@id, \"smartFilterBar-btnBasicSearch-reset\")]"}
RESULT: {"using":"xpath","value":"//div[contains(@id, \"smartFilterBar-btnBasicSearch-reset\")]"}
COMMAND: POST /session/7ab1c180f142dccaa2e910e5f5459d3a/element/f.C5C087060A4FA1A3F4D1CB8AF7F0E7A9.d.EAD6F261F9B545A7715B8D8C6FC8AFF0.e.923/click - {}
RESULT: {}
COMMAND: GET /session/7ab1c180f142dccaa2e910e5f5459d3a/screenshot - {}
RESULT: {}
COMMAND: POST /session/7ab1c180f142dccaa2e910e5f5459d3a/element/f.C5C087060A4FA1A3F4D1CB8AF7F0E7A9.d.EAD6F261F9B545A7715B8D8C6FC8AFF0.e.310/click - {}
RESULT: {}
COMMAND: GET /session/7ab1c180f142dccaa2e910e5f5459d3a/screenshot - {}
RESULT: {}
COMMAND: POST /session/7ab1c180f142dccaa2e910e5f5459d3a/execute/async - {"script":"<script> [1562 bytes]","args":[{"selector":{"controlType":"sap.m.Title","viewName":"etm.portal.ui.ruinventorylist.view.Master","viewId":"application-ruinventorylist-display-component---Master","properties":{"text":"Mass State Change"},"searchOpenDialogs":true},"wdio_ui5_key":"etmportal.ui.ruinventorylist.view.Mastersap.m.Title{\"text\":\"Mass State Change\"}"}]}
RESULT: {"script":"<script> [1562 bytes]","args":[{"selector":{"controlType":"sap.m.Title","viewName":"etm.portal.ui.ruinventorylist.view.Master","viewId":"application-ruinventorylist-display-component---Master","properties":{"text":"Mass State Change"},"searchOpenDialogs":true},"wdio_ui5_key":"etmportal.ui.ruinventorylist.view.Mastersap.m.Title{\"text\":\"Mass State Change\"}"}]}
RESULT: undefined
COMMAND: POST /session/7ab1c180f142dccaa2e910e5f5459d3a/execute/async - {"script":"<script> [6424 bytes]","args":[{"element-6066-11e4-a52e-4f735466cecf":"f.C5C087060A4FA1A3F4D1CB8AF7F0E7A9.d.EAD6F261F9B545A7715B8D8C6FC8AFF0.e.1258"},"getText",[]]}
RESULT: {"script":"<script> [6424 bytes]","args":[{"element-6066-11e4-a52e-4f735466cecf":"f.C5C087060A4FA1A3F4D1CB8AF7F0E7A9.d.EAD6F261F9B545A7715B8D8C6FC8AFF0.e.1258"},"getText",[]]}
COMMAND: POST /session/7ab1c180f142dccaa2e910e5f5459d3a/element - {"using":"xpath","value":"(//bdi[contains(text(), \"OK\")])[1]"}
RESULT: {"using":"xpath","value":"(//bdi[contains(text(), \"OK\")])[1]"}
COMMAND: POST /session/7ab1c180f142dccaa2e910e5f5459d3a/element/f.C5C087060A4FA1A3F4D1CB8AF7F0E7A9.d.EAD6F261F9B545A7715B8D8C6FC8AFF0.e.1259/click - {}
RESULT: {}
COMMAND: GET /session/7ab1c180f142dccaa2e910e5f5459d3a/screenshot - {}
RESULT: {}
COMMAND: POST /session/7ab1c180f142dccaa2e910e5f5459d3a/element - {"using":"css selector","value":"div.sapMMessageBoxError"}
RESULT: {"using":"css selector","value":"div.sapMMessageBoxError"}
COMMAND: POST /session/7ab1c180f142dccaa2e910e5f5459d3a/elements - {"using":"css selector","value":"div.sapMMessageBoxError"}
RESULT: {"using":"css selector","value":"div.sapMMessageBoxError"}
COMMAND: POST /session/7ab1c180f142dccaa2e910e5f5459d3a/element - {"using":"xpath","value":"(//bdi[contains(text(), \"Close\")])[1]"}
RESULT: {"using":"xpath","value":"(//bdi[contains(text(), \"Close\")])[1]"}
COMMAND: POST /session/7ab1c180f142dccaa2e910e5f5459d3a/element/f.C5C087060A4FA1A3F4D1CB8AF7F0E7A9.d.EAD6F261F9B545A7715B8D8C6FC8AFF0.e.1264/click - {}
RESULT: {}
COMMAND: GET /session/7ab1c180f142dccaa2e910e5f5459d3a/screenshot - {}
RESULT: {}
COMMAND: POST /session/7ab1c180f142dccaa2e910e5f5459d3a/execute/async - {"script":"<script> [1562 bytes]","args":[{"selector":{"id":"application-ruinventorylist-display-component---Master--ruStateTypes-arrow","searchOpenDialogs":true},"wdio_ui5_key":"applicationruinventorylist-display-component---Master--ruStateTypes-arrow"}]}
RESULT: {"script":"<script> [1562 bytes]","args":[{"selector":{"id":"application-ruinventorylist-display-component---Master--ruStateTypes-arrow","searchOpenDialogs":true},"wdio_ui5_key":"applicationruinventorylist-display-component---Master--ruStateTypes-arrow"}]}
RESULT: undefined
COMMAND: POST /session/7ab1c180f142dccaa2e910e5f5459d3a/element - {"using":"xpath","value":"//*[@id=\"application-ruinventorylist-display-component---Master--ruStateTypes-arrow\"]"}
RESULT: {"using":"xpath","value":"//*[@id=\"application-ruinventorylist-display-component---Master--ruStateTypes-arrow\"]"}
COMMAND: POST /session/7ab1c180f142dccaa2e910e5f5459d3a/element/f.C5C087060A4FA1A3F4D1CB8AF7F0E7A9.d.EAD6F261F9B545A7715B8D8C6FC8AFF0.e.1265/click - {}
RESULT: {}
COMMAND: GET /session/7ab1c180f142dccaa2e910e5f5459d3a/screenshot - {}
RESULT: {}
COMMAND: POST /session/7ab1c180f142dccaa2e910e5f5459d3a/element - {"using":"xpath","value":"//li[.//span[text()=\"defect\"]]"}
RESULT: {"using":"xpath","value":"//li[.//span[text()=\"defect\"]]"}
COMMAND: POST /session/7ab1c180f142dccaa2e910e5f5459d3a/element/f.C5C087060A4FA1A3F4D1CB8AF7F0E7A9.d.EAD6F261F9B545A7715B8D8C6FC8AFF0.e.1266/click - {}
RESULT: {}
COMMAND: GET /session/7ab1c180f142dccaa2e910e5f5459d3a/screenshot - {}
RESULT: {}
COMMAND: POST /session/7ab1c180f142dccaa2e910e5f5459d3a/element - {"using":"xpath","value":"(//span[@data-kt=\"trashMassStateChangeIcon\"])[1]"}
RESULT: {"using":"xpath","value":"(//span[@data-kt=\"trashMassStateChangeIcon\"])[1]"}
COMMAND: POST /session/7ab1c180f142dccaa2e910e5f5459d3a/element/f.C5C087060A4FA1A3F4D1CB8AF7F0E7A9.d.EAD6F261F9B545A7715B8D8C6FC8AFF0.e.1267/click - {}
RESULT: {}
COMMAND: GET /session/7ab1c180f142dccaa2e910e5f5459d3a/screenshot - {}
RESULT: {}
COMMAND: POST /session/7ab1c180f142dccaa2e910e5f5459d3a/element - {"using":"xpath","value":"//table[contains(@id, \"massStateChangeTable-listUl\")]/tbody/tr[1]/td[11]/div/div/div/input"}
RESULT: {"using":"xpath","value":"//table[contains(@id, \"massStateChangeTable-listUl\")]/tbody/tr[1]/td[11]/div/div/div/input"}
COMMAND: GET /session/7ab1c180f142dccaa2e910e5f5459d3a/element/f.C5C087060A4FA1A3F4D1CB8AF7F0E7A9.d.EAD6F261F9B545A7715B8D8C6FC8AFF0.e.1251/property/value - {}
RESULT: {}
COMMAND: POST /session/7ab1c180f142dccaa2e910e5f5459d3a/element - {"using":"xpath","value":"(//span[@data-kt=\"trashMassStateChangeIcon\"])[2]"}
COMMAND: GET /session/7ab1c180f142dccaa2e910e5f5459d3a/screenshot - {}
RESULT: {"using":"xpath","value":"(//span[@data-kt=\"trashMassStateChangeIcon\"])[2]"}
COMMAND: POST /session/7ab1c180f142dccaa2e910e5f5459d3a/element/f.C5C087060A4FA1A3F4D1CB8AF7F0E7A9.d.EAD6F261F9B545A7715B8D8C6FC8AFF0.e.1269/click - {}
RESULT: {}
RESULT: {}
COMMAND: GET /session/7ab1c180f142dccaa2e910e5f5459d3a/screenshot - {}
RESULT: {}
COMMAND: POST /session/7ab1c180f142dccaa2e910e5f5459d3a/element - {"using":"xpath","value":"//table[contains(@id, \"massStateChangeTable-listUl\")]/tbody/tr[2]/td[11]/div/div/div/input"}
RESULT: {"using":"xpath","value":"//table[contains(@id, \"massStateChangeTable-listUl\")]/tbody/tr[2]/td[11]/div/div/div/input"}
COMMAND: GET /session/7ab1c180f142dccaa2e910e5f5459d3a/element/f.C5C087060A4FA1A3F4D1CB8AF7F0E7A9.d.EAD6F261F9B545A7715B8D8C6FC8AFF0.e.1255/property/value - {}
RESULT: {}
COMMAND: POST /session/7ab1c180f142dccaa2e910e5f5459d3a/element - {"using":"xpath","value":"//table[contains(@id, \"massStateChangeTable-listUl\")]/tbody/tr[1]/td[10]/div/span/span[1]"}
COMMAND: GET /session/7ab1c180f142dccaa2e910e5f5459d3a/screenshot - {}
RESULT: {"using":"xpath","value":"//table[contains(@id, \"massStateChangeTable-listUl\")]/tbody/tr[1]/td[10]/div/span/span[1]"}
COMMAND: POST /session/7ab1c180f142dccaa2e910e5f5459d3a/execute/sync - {"script":"<script> [56 bytes]","args":[{"element-6066-11e4-a52e-4f735466cecf":"f.C5C087060A4FA1A3F4D1CB8AF7F0E7A9.d.EAD6F261F9B545A7715B8D8C6FC8AFF0.e.1271","ELEMENT":"f.C5C087060A4FA1A3F4D1CB8AF7F0E7A9.d.EAD6F261F9B545A7715B8D8C6FC8AFF0.e.1271"}]}
RESULT: {}
RESULT: {"script":"<script> [56 bytes]","args":[{"element-6066-11e4-a52e-4f735466cecf":"f.C5C087060A4FA1A3F4D1CB8AF7F0E7A9.d.EAD6F261F9B545A7715B8D8C6FC8AFF0.e.1271","ELEMENT":"f.C5C087060A4FA1A3F4D1CB8AF7F0E7A9.d.EAD6F261F9B545A7715B8D8C6FC8AFF0.e.1271"}]}
COMMAND: POST /session/7ab1c180f142dccaa2e910e5f5459d3a/element - {"using":"xpath","value":"//table[contains(@id, \"massStateChangeTable-listUl\")]/tbody/tr[1]/td[11]/div/div/div/div[2]/span"}
COMMAND: GET /session/7ab1c180f142dccaa2e910e5f5459d3a/screenshot - {}
RESULT: {"using":"xpath","value":"//table[contains(@id, \"massStateChangeTable-listUl\")]/tbody/tr[1]/td[11]/div/div/div/div[2]/span"}
COMMAND: POST /session/7ab1c180f142dccaa2e910e5f5459d3a/element/f.C5C087060A4FA1A3F4D1CB8AF7F0E7A9.d.EAD6F261F9B545A7715B8D8C6FC8AFF0.e.1272/click - {}
RESULT: {}
RESULT: {}
COMMAND: GET /session/7ab1c180f142dccaa2e910e5f5459d3a/screenshot - {}
RESULT: {}
COMMAND: POST /session/7ab1c180f142dccaa2e910e5f5459d3a/element - {"using":"xpath","value":"//table[contains(@id, \"massStateChangeTable-listUl\")]/tbody/tr[1]/td[11]/div/div/div/div[2]/span"}
RESULT: {"using":"xpath","value":"//table[contains(@id, \"massStateChangeTable-listUl\")]/tbody/tr[1]/td[11]/div/div/div/div[2]/span"}
COMMAND: POST /session/7ab1c180f142dccaa2e910e5f5459d3a/element/f.C5C087060A4FA1A3F4D1CB8AF7F0E7A9.d.EAD6F261F9B545A7715B8D8C6FC8AFF0.e.1272/click - {}
RESULT: {}
COMMAND: GET /session/7ab1c180f142dccaa2e910e5f5459d3a/screenshot - {}
RESULT: {}
COMMAND: POST /session/7ab1c180f142dccaa2e910e5f5459d3a/element - {"using":"xpath","value":"//table[contains(@id, \"massStateChangeTable-listUl\")]/tbody/tr[1]/td[11]/div/div/div/div[2]/span"}
RESULT: {"using":"xpath","value":"//table[contains(@id, \"massStateChangeTable-listUl\")]/tbody/tr[1]/td[11]/div/div/div/div[2]/span"}
COMMAND: POST /session/7ab1c180f142dccaa2e910e5f5459d3a/element/f.C5C087060A4FA1A3F4D1CB8AF7F0E7A9.d.EAD6F261F9B545A7715B8D8C6FC8AFF0.e.1272/click - {}
RESULT: {}
COMMAND: GET /session/7ab1c180f142dccaa2e910e5f5459d3a/screenshot - {}
RESULT: {}
COMMAND: POST /session/7ab1c180f142dccaa2e910e5f5459d3a/element - {"using":"xpath","value":"//table[contains(@id, \"massStateChangeTable-listUl\")]/tbody/tr[1]/td[11]/div/div/div/div[2]/span"}
RESULT: {"using":"xpath","value":"//table[contains(@id, \"massStateChangeTable-listUl\")]/tbody/tr[1]/td[11]/div/div/div/div[2]/span"}
COMMAND: POST /session/7ab1c180f142dccaa2e910e5f5459d3a/element/f.C5C087060A4FA1A3F4D1CB8AF7F0E7A9.d.EAD6F261F9B545A7715B8D8C6FC8AFF0.e.1272/click - {}
RESULT: {}
COMMAND: GET /session/7ab1c180f142dccaa2e910e5f5459d3a/screenshot - {}
RESULT: {}
COMMAND: POST /session/7ab1c180f142dccaa2e910e5f5459d3a/element - {"using":"xpath","value":"//table[contains(@id, \"massStateChangeTable-listUl\")]/tbody/tr[1]/td[11]/div/div/div/div[2]/span"}
RESULT: {"using":"xpath","value":"//table[contains(@id, \"massStateChangeTable-listUl\")]/tbody/tr[1]/td[11]/div/div/div/div[2]/span"}
COMMAND: POST /session/7ab1c180f142dccaa2e910e5f5459d3a/element/f.C5C087060A4FA1A3F4D1CB8AF7F0E7A9.d.EAD6F261F9B545A7715B8D8C6FC8AFF0.e.1272/click - {}
RESULT: {}
COMMAND: GET /session/7ab1c180f142dccaa2e910e5f5459d3a/screenshot - {}
RESULT: {}
COMMAND: POST /session/7ab1c180f142dccaa2e910e5f5459d3a/element - {"using":"xpath","value":"//table[contains(@id, \"massStateChangeTable-listUl\")]/tbody/tr[1]/td[11]/div/div/div/div[2]/span"}
RESULT: {"using":"xpath","value":"//table[contains(@id, \"massStateChangeTable-listUl\")]/tbody/tr[1]/td[11]/div/div/div/div[2]/span"}
COMMAND: POST /session/7ab1c180f142dccaa2e910e5f5459d3a/element/f.C5C087060A4FA1A3F4D1CB8AF7F0E7A9.d.EAD6F261F9B545A7715B8D8C6FC8AFF0.e.1272/click - {}
RESULT: {}
COMMAND: GET /session/7ab1c180f142dccaa2e910e5f5459d3a/screenshot - {}
RESULT: {}
COMMAND: POST /session/7ab1c180f142dccaa2e910e5f5459d3a/element - {"using":"xpath","value":"//table[contains(@id, \"massStateChangeTable-listUl\")]/tbody/tr[1]/td[11]/div/div/div/div[2]/span"}
RESULT: {"using":"xpath","value":"//table[contains(@id, \"massStateChangeTable-listUl\")]/tbody/tr[1]/td[11]/div/div/div/div[2]/span"}
COMMAND: POST /session/7ab1c180f142dccaa2e910e5f5459d3a/element/f.C5C087060A4FA1A3F4D1CB8AF7F0E7A9.d.EAD6F261F9B545A7715B8D8C6FC8AFF0.e.1272/click - {}
RESULT: {}
COMMAND: GET /session/7ab1c180f142dccaa2e910e5f5459d3a/screenshot - {}
RESULT: {}
COMMAND: POST /session/7ab1c180f142dccaa2e910e5f5459d3a/element - {"using":"xpath","value":"//table[contains(@id, \"massStateChangeTable-listUl\")]/tbody/tr[1]/td[11]/div/div/div/div[2]/span"}
RESULT: {"using":"xpath","value":"//table[contains(@id, \"massStateChangeTable-listUl\")]/tbody/tr[1]/td[11]/div/div/div/div[2]/span"}
COMMAND: POST /session/7ab1c180f142dccaa2e910e5f5459d3a/element/f.C5C087060A4FA1A3F4D1CB8AF7F0E7A9.d.EAD6F261F9B545A7715B8D8C6FC8AFF0.e.1272/click - {}
RESULT: {}
COMMAND: GET /session/7ab1c180f142dccaa2e910e5f5459d3a/screenshot - {}
RESULT: {}
COMMAND: POST /session/7ab1c180f142dccaa2e910e5f5459d3a/element - {"using":"xpath","value":"//table[contains(@id, \"massStateChangeTable-listUl\")]/tbody/tr[1]/td[11]/div/div/div/div[2]/span"}
RESULT: {"using":"xpath","value":"//table[contains(@id, \"massStateChangeTable-listUl\")]/tbody/tr[1]/td[11]/div/div/div/div[2]/span"}
COMMAND: POST /session/7ab1c180f142dccaa2e910e5f5459d3a/element/f.C5C087060A4FA1A3F4D1CB8AF7F0E7A9.d.EAD6F261F9B545A7715B8D8C6FC8AFF0.e.1272/click - {}
RESULT: {}
COMMAND: GET /session/7ab1c180f142dccaa2e910e5f5459d3a/screenshot - {}
RESULT: {}
COMMAND: POST /session/7ab1c180f142dccaa2e910e5f5459d3a/element - {"using":"xpath","value":"//table[contains(@id, \"massStateChangeTable-listUl\")]/tbody/tr[1]/td[11]/div/div/div/div[2]/span"}
RESULT: {"using":"xpath","value":"//table[contains(@id, \"massStateChangeTable-listUl\")]/tbody/tr[1]/td[11]/div/div/div/div[2]/span"}
COMMAND: POST /session/7ab1c180f142dccaa2e910e5f5459d3a/element/f.C5C087060A4FA1A3F4D1CB8AF7F0E7A9.d.EAD6F261F9B545A7715B8D8C6FC8AFF0.e.1272/click - {}
RESULT: {}
COMMAND: GET /session/7ab1c180f142dccaa2e910e5f5459d3a/screenshot - {}
RESULT: {}
COMMAND: POST /session/7ab1c180f142dccaa2e910e5f5459d3a/element - {"using":"xpath","value":"//table[contains(@id, \"massStateChangeTable-listUl\")]/tbody/tr[1]/td[11]/div/div/div/div[2]/span"}
RESULT: {"using":"xpath","value":"//table[contains(@id, \"massStateChangeTable-listUl\")]/tbody/tr[1]/td[11]/div/div/div/div[2]/span"}
COMMAND: POST /session/7ab1c180f142dccaa2e910e5f5459d3a/element/f.C5C087060A4FA1A3F4D1CB8AF7F0E7A9.d.EAD6F261F9B545A7715B8D8C6FC8AFF0.e.1272/click - {}
RESULT: {}
COMMAND: GET /session/7ab1c180f142dccaa2e910e5f5459d3a/screenshot - {}
RESULT: {}
COMMAND: POST /session/7ab1c180f142dccaa2e910e5f5459d3a/element - {"using":"xpath","value":"//table[contains(@id, \"massStateChangeTable-listUl\")]/tbody/tr[1]/td[11]/div/div/div/div[2]/span"}
RESULT: {"using":"xpath","value":"//table[contains(@id, \"massStateChangeTable-listUl\")]/tbody/tr[1]/td[11]/div/div/div/div[2]/span"}
COMMAND: POST /session/7ab1c180f142dccaa2e910e5f5459d3a/element/f.C5C087060A4FA1A3F4D1CB8AF7F0E7A9.d.EAD6F261F9B545A7715B8D8C6FC8AFF0.e.1272/click - {}
RESULT: {}
COMMAND: GET /session/7ab1c180f142dccaa2e910e5f5459d3a/screenshot - {}
RESULT: {}
COMMAND: POST /session/7ab1c180f142dccaa2e910e5f5459d3a/element - {"using":"xpath","value":"//table[contains(@id, \"massStateChangeTable-listUl\")]/tbody/tr[1]/td[11]/div/div/div/div[2]/span"}
RESULT: {"using":"xpath","value":"//table[contains(@id, \"massStateChangeTable-listUl\")]/tbody/tr[1]/td[11]/div/div/div/div[2]/span"}
COMMAND: POST /session/7ab1c180f142dccaa2e910e5f5459d3a/element/f.C5C087060A4FA1A3F4D1CB8AF7F0E7A9.d.EAD6F261F9B545A7715B8D8C6FC8AFF0.e.1272/click - {}
RESULT: {}
COMMAND: GET /session/7ab1c180f142dccaa2e910e5f5459d3a/screenshot - {}
RESULT: {}
COMMAND: POST /session/7ab1c180f142dccaa2e910e5f5459d3a/element - {"using":"xpath","value":"//table[contains(@id, \"massStateChangeTable-listUl\")]/tbody/tr[1]/td[11]/div/div/div/div[2]/span"}
RESULT: {"using":"xpath","value":"//table[contains(@id, \"massStateChangeTable-listUl\")]/tbody/tr[1]/td[11]/div/div/div/div[2]/span"}
COMMAND: POST /session/7ab1c180f142dccaa2e910e5f5459d3a/element/f.C5C087060A4FA1A3F4D1CB8AF7F0E7A9.d.EAD6F261F9B545A7715B8D8C6FC8AFF0.e.1272/click - {}
RESULT: {}
COMMAND: GET /session/7ab1c180f142dccaa2e910e5f5459d3a/screenshot - {}
RESULT: {}
COMMAND: POST /session/7ab1c180f142dccaa2e910e5f5459d3a/element - {"using":"xpath","value":"//table[contains(@id, \"massStateChangeTable-listUl\")]/tbody/tr[1]/td[11]/div/div/div/div[2]/span"}
RESULT: {"using":"xpath","value":"//table[contains(@id, \"massStateChangeTable-listUl\")]/tbody/tr[1]/td[11]/div/div/div/div[2]/span"}
COMMAND: POST /session/7ab1c180f142dccaa2e910e5f5459d3a/element/f.C5C087060A4FA1A3F4D1CB8AF7F0E7A9.d.EAD6F261F9B545A7715B8D8C6FC8AFF0.e.1272/click - {}
RESULT: {}
COMMAND: GET /session/7ab1c180f142dccaa2e910e5f5459d3a/screenshot - {}
RESULT: {}
COMMAND: POST /session/7ab1c180f142dccaa2e910e5f5459d3a/element - {"using":"xpath","value":"//table[contains(@id, \"massStateChangeTable-listUl\")]/tbody/tr[1]/td[11]/div/div/div/div[2]/span"}
RESULT: {"using":"xpath","value":"//table[contains(@id, \"massStateChangeTable-listUl\")]/tbody/tr[1]/td[11]/div/div/div/div[2]/span"}
COMMAND: POST /session/7ab1c180f142dccaa2e910e5f5459d3a/element/f.C5C087060A4FA1A3F4D1CB8AF7F0E7A9.d.EAD6F261F9B545A7715B8D8C6FC8AFF0.e.1272/click - {}
RESULT: {}
COMMAND: GET /session/7ab1c180f142dccaa2e910e5f5459d3a/screenshot - {}
RESULT: {}
COMMAND: POST /session/7ab1c180f142dccaa2e910e5f5459d3a/element - {"using":"xpath","value":"//table[contains(@id, \"massStateChangeTable-listUl\")]/tbody/tr[1]/td[11]/div/div/div/div[2]/span"}
RESULT: {"using":"xpath","value":"//table[contains(@id, \"massStateChangeTable-listUl\")]/tbody/tr[1]/td[11]/div/div/div/div[2]/span"}
COMMAND: POST /session/7ab1c180f142dccaa2e910e5f5459d3a/element/f.C5C087060A4FA1A3F4D1CB8AF7F0E7A9.d.EAD6F261F9B545A7715B8D8C6FC8AFF0.e.1272/click - {}
RESULT: {}
COMMAND: GET /session/7ab1c180f142dccaa2e910e5f5459d3a/screenshot - {}
RESULT: {}
COMMAND: POST /session/7ab1c180f142dccaa2e910e5f5459d3a/element - {"using":"xpath","value":"//table[contains(@id, \"massStateChangeTable-listUl\")]/tbody/tr[1]/td[11]/div/div/div/div[2]/span"}
RESULT: {"using":"xpath","value":"//table[contains(@id, \"massStateChangeTable-listUl\")]/tbody/tr[1]/td[11]/div/div/div/div[2]/span"}
COMMAND: POST /session/7ab1c180f142dccaa2e910e5f5459d3a/element/f.C5C087060A4FA1A3F4D1CB8AF7F0E7A9.d.EAD6F261F9B545A7715B8D8C6FC8AFF0.e.1272/click - {}
RESULT: {}
COMMAND: GET /session/7ab1c180f142dccaa2e910e5f5459d3a/screenshot - {}
RESULT: {}
COMMAND: POST /session/7ab1c180f142dccaa2e910e5f5459d3a/element - {"using":"xpath","value":"//table[contains(@id, \"massStateChangeTable-listUl\")]/tbody/tr[1]/td[11]/div/div/div/div[2]/span"}
RESULT: {"using":"xpath","value":"//table[contains(@id, \"massStateChangeTable-listUl\")]/tbody/tr[1]/td[11]/div/div/div/div[2]/span"}
COMMAND: POST /session/7ab1c180f142dccaa2e910e5f5459d3a/element/f.C5C087060A4FA1A3F4D1CB8AF7F0E7A9.d.EAD6F261F9B545A7715B8D8C6FC8AFF0.e.1272/click - {}
RESULT: {}
COMMAND: GET /session/7ab1c180f142dccaa2e910e5f5459d3a/screenshot - {}
RESULT: {}
COMMAND: POST /session/7ab1c180f142dccaa2e910e5f5459d3a/element - {"using":"xpath","value":"//table[contains(@id, \"massStateChangeTable-listUl\")]/tbody/tr[1]/td[11]/div/div/div/div[2]/span"}
RESULT: {"using":"xpath","value":"//table[contains(@id, \"massStateChangeTable-listUl\")]/tbody/tr[1]/td[11]/div/div/div/div[2]/span"}
COMMAND: POST /session/7ab1c180f142dccaa2e910e5f5459d3a/element/f.C5C087060A4FA1A3F4D1CB8AF7F0E7A9.d.EAD6F261F9B545A7715B8D8C6FC8AFF0.e.1272/click - {}
RESULT: {}
COMMAND: GET /session/7ab1c180f142dccaa2e910e5f5459d3a/screenshot - {}
RESULT: {}
COMMAND: POST /session/7ab1c180f142dccaa2e910e5f5459d3a/element - {"using":"xpath","value":"//table[contains(@id, \"massStateChangeTable-listUl\")]/tbody/tr[1]/td[11]/div/div/div/div[2]/span"}
RESULT: {"using":"xpath","value":"//table[contains(@id, \"massStateChangeTable-listUl\")]/tbody/tr[1]/td[11]/div/div/div/div[2]/span"}
COMMAND: POST /session/7ab1c180f142dccaa2e910e5f5459d3a/element/f.C5C087060A4FA1A3F4D1CB8AF7F0E7A9.d.EAD6F261F9B545A7715B8D8C6FC8AFF0.e.1272/click - {}
RESULT: {}
COMMAND: GET /session/7ab1c180f142dccaa2e910e5f5459d3a/screenshot - {}
RESULT: {}
COMMAND: POST /session/7ab1c180f142dccaa2e910e5f5459d3a/element - {"using":"xpath","value":"//table[contains(@id, \"massStateChangeTable-listUl\")]/tbody/tr[1]/td[11]/div/div/div/div[2]/span"}
RESULT: {"using":"xpath","value":"//table[contains(@id, \"massStateChangeTable-listUl\")]/tbody/tr[1]/td[11]/div/div/div/div[2]/span"}
COMMAND: POST /session/7ab1c180f142dccaa2e910e5f5459d3a/element/f.C5C087060A4FA1A3F4D1CB8AF7F0E7A9.d.EAD6F261F9B545A7715B8D8C6FC8AFF0.e.1272/click - {}
RESULT: {}
COMMAND: GET /session/7ab1c180f142dccaa2e910e5f5459d3a/screenshot - {}
RESULT: {}
COMMAND: POST /session/7ab1c180f142dccaa2e910e5f5459d3a/element - {"using":"xpath","value":"//table[contains(@id, \"massStateChangeTable-listUl\")]/tbody/tr[1]/td[11]/div/div/div/div[2]/span"}
RESULT: {"using":"xpath","value":"//table[contains(@id, \"massStateChangeTable-listUl\")]/tbody/tr[1]/td[11]/div/div/div/div[2]/span"}
COMMAND: POST /session/7ab1c180f142dccaa2e910e5f5459d3a/element/f.C5C087060A4FA1A3F4D1CB8AF7F0E7A9.d.EAD6F261F9B545A7715B8D8C6FC8AFF0.e.1272/click - {}
RESULT: {}
COMMAND: GET /session/7ab1c180f142dccaa2e910e5f5459d3a/screenshot - {}
RESULT: {}
COMMAND: POST /session/7ab1c180f142dccaa2e910e5f5459d3a/element - {"using":"xpath","value":"//table[contains(@id, \"massStateChangeTable-listUl\")]/tbody/tr[1]/td[11]/div/div/div/div[2]/span"}
RESULT: {"using":"xpath","value":"//table[contains(@id, \"massStateChangeTable-listUl\")]/tbody/tr[1]/td[11]/div/div/div/div[2]/span"}
COMMAND: POST /session/7ab1c180f142dccaa2e910e5f5459d3a/element/f.C5C087060A4FA1A3F4D1CB8AF7F0E7A9.d.EAD6F261F9B545A7715B8D8C6FC8AFF0.e.1272/click - {}
RESULT: {}
COMMAND: GET /session/7ab1c180f142dccaa2e910e5f5459d3a/screenshot - {}
RESULT: {}
COMMAND: POST /session/7ab1c180f142dccaa2e910e5f5459d3a/element - {"using":"xpath","value":"//table[contains(@id, \"massStateChangeTable-listUl\")]/tbody/tr[1]/td[11]/div/div/div/div[2]/span"}
RESULT: {"using":"xpath","value":"//table[contains(@id, \"massStateChangeTable-listUl\")]/tbody/tr[1]/td[11]/div/div/div/div[2]/span"}
COMMAND: POST /session/7ab1c180f142dccaa2e910e5f5459d3a/element/f.C5C087060A4FA1A3F4D1CB8AF7F0E7A9.d.EAD6F261F9B545A7715B8D8C6FC8AFF0.e.1272/click - {}
RESULT: {}
COMMAND: GET /session/7ab1c180f142dccaa2e910e5f5459d3a/screenshot - {}
RESULT: {}
COMMAND: POST /session/7ab1c180f142dccaa2e910e5f5459d3a/element - {"using":"xpath","value":"//table[contains(@id, \"massStateChangeTable-listUl\")]/tbody/tr[1]/td[11]/div/div/div/div[2]/span"}
RESULT: {"using":"xpath","value":"//table[contains(@id, \"massStateChangeTable-listUl\")]/tbody/tr[1]/td[11]/div/div/div/div[2]/span"}
COMMAND: POST /session/7ab1c180f142dccaa2e910e5f5459d3a/element/f.C5C087060A4FA1A3F4D1CB8AF7F0E7A9.d.EAD6F261F9B545A7715B8D8C6FC8AFF0.e.1272/click - {}
RESULT: {}
COMMAND: GET /session/7ab1c180f142dccaa2e910e5f5459d3a/screenshot - {}
RESULT: {}
COMMAND: POST /session/7ab1c180f142dccaa2e910e5f5459d3a/element - {"using":"xpath","value":"//table[contains(@id, \"massStateChangeTable-listUl\")]/tbody/tr[1]/td[11]/div/div/div/div[2]/span"}
RESULT: {"using":"xpath","value":"//table[contains(@id, \"massStateChangeTable-listUl\")]/tbody/tr[1]/td[11]/div/div/div/div[2]/span"}
COMMAND: POST /session/7ab1c180f142dccaa2e910e5f5459d3a/element/f.C5C087060A4FA1A3F4D1CB8AF7F0E7A9.d.EAD6F261F9B545A7715B8D8C6FC8AFF0.e.1272/click - {}
RESULT: {}
COMMAND: GET /session/7ab1c180f142dccaa2e910e5f5459d3a/screenshot - {}
RESULT: {}
COMMAND: POST /session/7ab1c180f142dccaa2e910e5f5459d3a/element - {"using":"xpath","value":"//table[contains(@id, \"massStateChangeTable-listUl\")]/tbody/tr[1]/td[11]/div/div/div/div[2]/span"}
RESULT: {"using":"xpath","value":"//table[contains(@id, \"massStateChangeTable-listUl\")]/tbody/tr[1]/td[11]/div/div/div/div[2]/span"}
COMMAND: POST /session/7ab1c180f142dccaa2e910e5f5459d3a/element/f.C5C087060A4FA1A3F4D1CB8AF7F0E7A9.d.EAD6F261F9B545A7715B8D8C6FC8AFF0.e.1272/click - {}
RESULT: {}
COMMAND: GET /session/7ab1c180f142dccaa2e910e5f5459d3a/screenshot - {}
RESULT: {}
COMMAND: POST /session/7ab1c180f142dccaa2e910e5f5459d3a/element - {"using":"xpath","value":"//table[contains(@id, \"massStateChangeTable-listUl\")]/tbody/tr[1]/td[11]/div/div/div/div[2]/span"}
RESULT: {"using":"xpath","value":"//table[contains(@id, \"massStateChangeTable-listUl\")]/tbody/tr[1]/td[11]/div/div/div/div[2]/span"}
COMMAND: POST /session/7ab1c180f142dccaa2e910e5f5459d3a/element/f.C5C087060A4FA1A3F4D1CB8AF7F0E7A9.d.EAD6F261F9B545A7715B8D8C6FC8AFF0.e.1272/click - {}
RESULT: {}
COMMAND: GET /session/7ab1c180f142dccaa2e910e5f5459d3a/screenshot - {}
RESULT: {}
COMMAND: POST /session/7ab1c180f142dccaa2e910e5f5459d3a/element - {"using":"xpath","value":"//table[contains(@id, \"massStateChangeTable-listUl\")]/tbody/tr[1]/td[11]/div/div/div/div[2]/span"}
RESULT: {"using":"xpath","value":"//table[contains(@id, \"massStateChangeTable-listUl\")]/tbody/tr[1]/td[11]/div/div/div/div[2]/span"}
COMMAND: POST /session/7ab1c180f142dccaa2e910e5f5459d3a/element/f.C5C087060A4FA1A3F4D1CB8AF7F0E7A9.d.EAD6F261F9B545A7715B8D8C6FC8AFF0.e.1272/click - {}
RESULT: {}
COMMAND: GET /session/7ab1c180f142dccaa2e910e5f5459d3a/screenshot - {}
RESULT: {}
COMMAND: POST /session/7ab1c180f142dccaa2e910e5f5459d3a/element - {"using":"xpath","value":"//table[contains(@id, \"massStateChangeTable-listUl\")]/tbody/tr[1]/td[11]/div/div/div/div[2]/span"}
RESULT: {"using":"xpath","value":"//table[contains(@id, \"massStateChangeTable-listUl\")]/tbody/tr[1]/td[11]/div/div/div/div[2]/span"}
COMMAND: POST /session/7ab1c180f142dccaa2e910e5f5459d3a/element/f.C5C087060A4FA1A3F4D1CB8AF7F0E7A9.d.EAD6F261F9B545A7715B8D8C6FC8AFF0.e.1272/click - {}
RESULT: {}
COMMAND: GET /session/7ab1c180f142dccaa2e910e5f5459d3a/screenshot - {}
RESULT: {}
COMMAND: POST /session/7ab1c180f142dccaa2e910e5f5459d3a/element - {"using":"xpath","value":"//table[contains(@id, \"massStateChangeTable-listUl\")]/tbody/tr[1]/td[11]/div/div/div/div[2]/span"}
RESULT: {"using":"xpath","value":"//table[contains(@id, \"massStateChangeTable-listUl\")]/tbody/tr[1]/td[11]/div/div/div/div[2]/span"}
COMMAND: POST /session/7ab1c180f142dccaa2e910e5f5459d3a/element/f.C5C087060A4FA1A3F4D1CB8AF7F0E7A9.d.EAD6F261F9B545A7715B8D8C6FC8AFF0.e.1272/click - {}
RESULT: {}
COMMAND: GET /session/7ab1c180f142dccaa2e910e5f5459d3a/screenshot - {}
RESULT: {}
COMMAND: POST /session/7ab1c180f142dccaa2e910e5f5459d3a/element - {"using":"xpath","value":"//table[contains(@id, \"massStateChangeTable-listUl\")]/tbody/tr[1]/td[11]/div/div/div/div[2]/span"}
RESULT: {"using":"xpath","value":"//table[contains(@id, \"massStateChangeTable-listUl\")]/tbody/tr[1]/td[11]/div/div/div/div[2]/span"}
COMMAND: POST /session/7ab1c180f142dccaa2e910e5f5459d3a/element/f.C5C087060A4FA1A3F4D1CB8AF7F0E7A9.d.EAD6F261F9B545A7715B8D8C6FC8AFF0.e.1272/click - {}
RESULT: {}
COMMAND: GET /session/7ab1c180f142dccaa2e910e5f5459d3a/screenshot - {}
RESULT: {}
COMMAND: POST /session/7ab1c180f142dccaa2e910e5f5459d3a/element - {"using":"xpath","value":"//table[contains(@id, \"massStateChangeTable-listUl\")]/tbody/tr[1]/td[11]/div/div/div/div[2]/span"}
RESULT: {"using":"xpath","value":"//table[contains(@id, \"massStateChangeTable-listUl\")]/tbody/tr[1]/td[11]/div/div/div/div[2]/span"}
COMMAND: POST /session/7ab1c180f142dccaa2e910e5f5459d3a/element/f.C5C087060A4FA1A3F4D1CB8AF7F0E7A9.d.EAD6F261F9B545A7715B8D8C6FC8AFF0.e.1272/click - {}
RESULT: {}
COMMAND: GET /session/7ab1c180f142dccaa2e910e5f5459d3a/screenshot - {}
RESULT: {}
COMMAND: POST /session/7ab1c180f142dccaa2e910e5f5459d3a/element - {"using":"xpath","value":"//table[contains(@id, \"massStateChangeTable-listUl\")]/tbody/tr[1]/td[11]/div/div/div/div[2]/span"}
RESULT: {"using":"xpath","value":"//table[contains(@id, \"massStateChangeTable-listUl\")]/tbody/tr[1]/td[11]/div/div/div/div[2]/span"}
COMMAND: POST /session/7ab1c180f142dccaa2e910e5f5459d3a/element/f.C5C087060A4FA1A3F4D1CB8AF7F0E7A9.d.EAD6F261F9B545A7715B8D8C6FC8AFF0.e.1272/click - {}
RESULT: {}
COMMAND: GET /session/7ab1c180f142dccaa2e910e5f5459d3a/screenshot - {}
RESULT: {}
COMMAND: POST /session/7ab1c180f142dccaa2e910e5f5459d3a/element - {"using":"xpath","value":"//table[contains(@id, \"massStateChangeTable-listUl\")]/tbody/tr[1]/td[11]/div/div/div/div[2]/span"}
RESULT: {"using":"xpath","value":"//table[contains(@id, \"massStateChangeTable-listUl\")]/tbody/tr[1]/td[11]/div/div/div/div[2]/span"}
COMMAND: POST /session/7ab1c180f142dccaa2e910e5f5459d3a/element/f.C5C087060A4FA1A3F4D1CB8AF7F0E7A9.d.EAD6F261F9B545A7715B8D8C6FC8AFF0.e.1272/click - {}
RESULT: {}
COMMAND: GET /session/7ab1c180f142dccaa2e910e5f5459d3a/screenshot - {}
RESULT: {}
COMMAND: POST /session/7ab1c180f142dccaa2e910e5f5459d3a/element - {"using":"xpath","value":"//table[contains(@id, \"massStateChangeTable-listUl\")]/tbody/tr[1]/td[11]/div/div/div/div[2]/span"}
RESULT: {"using":"xpath","value":"//table[contains(@id, \"massStateChangeTable-listUl\")]/tbody/tr[1]/td[11]/div/div/div/div[2]/span"}
COMMAND: POST /session/7ab1c180f142dccaa2e910e5f5459d3a/element/f.C5C087060A4FA1A3F4D1CB8AF7F0E7A9.d.EAD6F261F9B545A7715B8D8C6FC8AFF0.e.1272/click - {}
RESULT: {}
COMMAND: GET /session/7ab1c180f142dccaa2e910e5f5459d3a/screenshot - {}
RESULT: {}
COMMAND: POST /session/7ab1c180f142dccaa2e910e5f5459d3a/element - {"using":"xpath","value":"//table[contains(@id, \"massStateChangeTable-listUl\")]/tbody/tr[1]/td[11]/div/div/div/div[2]/span"}
RESULT: {"using":"xpath","value":"//table[contains(@id, \"massStateChangeTable-listUl\")]/tbody/tr[1]/td[11]/div/div/div/div[2]/span"}
COMMAND: POST /session/7ab1c180f142dccaa2e910e5f5459d3a/element/f.C5C087060A4FA1A3F4D1CB8AF7F0E7A9.d.EAD6F261F9B545A7715B8D8C6FC8AFF0.e.1272/click - {}
RESULT: {}
COMMAND: GET /session/7ab1c180f142dccaa2e910e5f5459d3a/screenshot - {}
RESULT: {}
COMMAND: POST /session/7ab1c180f142dccaa2e910e5f5459d3a/element - {"using":"xpath","value":"//table[contains(@id, \"massStateChangeTable-listUl\")]/tbody/tr[1]/td[11]/div/div/div/div[2]/span"}
RESULT: {"using":"xpath","value":"//table[contains(@id, \"massStateChangeTable-listUl\")]/tbody/tr[1]/td[11]/div/div/div/div[2]/span"}
COMMAND: POST /session/7ab1c180f142dccaa2e910e5f5459d3a/element/f.C5C087060A4FA1A3F4D1CB8AF7F0E7A9.d.EAD6F261F9B545A7715B8D8C6FC8AFF0.e.1272/click - {}
RESULT: {}
COMMAND: GET /session/7ab1c180f142dccaa2e910e5f5459d3a/screenshot - {}
RESULT: {}
COMMAND: POST /session/7ab1c180f142dccaa2e910e5f5459d3a/element - {"using":"xpath","value":"//table[contains(@id, \"massStateChangeTable-listUl\")]/tbody/tr[1]/td[11]/div/div/div/div[2]/span"}
RESULT: {"using":"xpath","value":"//table[contains(@id, \"massStateChangeTable-listUl\")]/tbody/tr[1]/td[11]/div/div/div/div[2]/span"}
COMMAND: POST /session/7ab1c180f142dccaa2e910e5f5459d3a/element/f.C5C087060A4FA1A3F4D1CB8AF7F0E7A9.d.EAD6F261F9B545A7715B8D8C6FC8AFF0.e.1272/click - {}
RESULT: {}
COMMAND: GET /session/7ab1c180f142dccaa2e910e5f5459d3a/screenshot - {}
RESULT: {}
COMMAND: POST /session/7ab1c180f142dccaa2e910e5f5459d3a/element - {"using":"xpath","value":"//table[contains(@id, \"massStateChangeTable-listUl\")]/tbody/tr[1]/td[11]/div/div/div/div[2]/span"}
RESULT: {"using":"xpath","value":"//table[contains(@id, \"massStateChangeTable-listUl\")]/tbody/tr[1]/td[11]/div/div/div/div[2]/span"}
COMMAND: POST /session/7ab1c180f142dccaa2e910e5f5459d3a/element/f.C5C087060A4FA1A3F4D1CB8AF7F0E7A9.d.EAD6F261F9B545A7715B8D8C6FC8AFF0.e.1272/click - {}
RESULT: {}
COMMAND: GET /session/7ab1c180f142dccaa2e910e5f5459d3a/screenshot - {}
RESULT: {}
COMMAND: POST /session/7ab1c180f142dccaa2e910e5f5459d3a/element - {"using":"xpath","value":"//table[contains(@id, \"massStateChangeTable-listUl\")]/tbody/tr[1]/td[11]/div/div/div/div[2]/span"}
RESULT: {"using":"xpath","value":"//table[contains(@id, \"massStateChangeTable-listUl\")]/tbody/tr[1]/td[11]/div/div/div/div[2]/span"}
COMMAND: POST /session/7ab1c180f142dccaa2e910e5f5459d3a/element/f.C5C087060A4FA1A3F4D1CB8AF7F0E7A9.d.EAD6F261F9B545A7715B8D8C6FC8AFF0.e.1272/click - {}
RESULT: {}
COMMAND: GET /session/7ab1c180f142dccaa2e910e5f5459d3a/screenshot - {}
RESULT: {}
COMMAND: POST /session/7ab1c180f142dccaa2e910e5f5459d3a/element - {"using":"xpath","value":"//table[contains(@id, \"massStateChangeTable-listUl\")]/tbody/tr[1]/td[11]/div/div/div/div[2]/span"}
RESULT: {"using":"xpath","value":"//table[contains(@id, \"massStateChangeTable-listUl\")]/tbody/tr[1]/td[11]/div/div/div/div[2]/span"}
COMMAND: POST /session/7ab1c180f142dccaa2e910e5f5459d3a/element/f.C5C087060A4FA1A3F4D1CB8AF7F0E7A9.d.EAD6F261F9B545A7715B8D8C6FC8AFF0.e.1272/click - {}
RESULT: {}
COMMAND: GET /session/7ab1c180f142dccaa2e910e5f5459d3a/screenshot - {}
RESULT: {}
COMMAND: POST /session/7ab1c180f142dccaa2e910e5f5459d3a/element - {"using":"xpath","value":"//table[contains(@id, \"massStateChangeTable-listUl\")]/tbody/tr[1]/td[11]/div/div/div/div[2]/span"}
RESULT: {"using":"xpath","value":"//table[contains(@id, \"massStateChangeTable-listUl\")]/tbody/tr[1]/td[11]/div/div/div/div[2]/span"}
COMMAND: POST /session/7ab1c180f142dccaa2e910e5f5459d3a/element/f.C5C087060A4FA1A3F4D1CB8AF7F0E7A9.d.EAD6F261F9B545A7715B8D8C6FC8AFF0.e.1272/click - {}
RESULT: {}
COMMAND: GET /session/7ab1c180f142dccaa2e910e5f5459d3a/screenshot - {}
RESULT: {}
COMMAND: POST /session/7ab1c180f142dccaa2e910e5f5459d3a/element - {"using":"xpath","value":"//table[contains(@id, \"massStateChangeTable-listUl\")]/tbody/tr[1]/td[11]/div/div/div/div[2]/span"}
RESULT: {"using":"xpath","value":"//table[contains(@id, \"massStateChangeTable-listUl\")]/tbody/tr[1]/td[11]/div/div/div/div[2]/span"}
COMMAND: POST /session/7ab1c180f142dccaa2e910e5f5459d3a/element/f.C5C087060A4FA1A3F4D1CB8AF7F0E7A9.d.EAD6F261F9B545A7715B8D8C6FC8AFF0.e.1272/click - {}
RESULT: {}
COMMAND: GET /session/7ab1c180f142dccaa2e910e5f5459d3a/screenshot - {}
RESULT: {}
COMMAND: POST /session/7ab1c180f142dccaa2e910e5f5459d3a/element - {"using":"xpath","value":"//table[contains(@id, \"massStateChangeTable-listUl\")]/tbody/tr[1]/td[11]/div/div/div/div[2]/span"}
RESULT: {"using":"xpath","value":"//table[contains(@id, \"massStateChangeTable-listUl\")]/tbody/tr[1]/td[11]/div/div/div/div[2]/span"}
COMMAND: POST /session/7ab1c180f142dccaa2e910e5f5459d3a/element/f.C5C087060A4FA1A3F4D1CB8AF7F0E7A9.d.EAD6F261F9B545A7715B8D8C6FC8AFF0.e.1272/click - {}
RESULT: {}
COMMAND: GET /session/7ab1c180f142dccaa2e910e5f5459d3a/screenshot - {}
RESULT: {}
COMMAND: POST /session/7ab1c180f142dccaa2e910e5f5459d3a/element - {"using":"xpath","value":"//table[contains(@id, \"massStateChangeTable-listUl\")]/tbody/tr[1]/td[11]/div/div/div/div[2]/span"}
RESULT: {"using":"xpath","value":"//table[contains(@id, \"massStateChangeTable-listUl\")]/tbody/tr[1]/td[11]/div/div/div/div[2]/span"}
COMMAND: POST /session/7ab1c180f142dccaa2e910e5f5459d3a/element/f.C5C087060A4FA1A3F4D1CB8AF7F0E7A9.d.EAD6F261F9B545A7715B8D8C6FC8AFF0.e.1272/click - {}
RESULT: {}
COMMAND: GET /session/7ab1c180f142dccaa2e910e5f5459d3a/screenshot - {}
RESULT: {}
COMMAND: POST /session/7ab1c180f142dccaa2e910e5f5459d3a/element - {"using":"xpath","value":"//table[contains(@id, \"massStateChangeTable-listUl\")]/tbody/tr[1]/td[11]/div/div/div/div[2]/span"}
RESULT: {"using":"xpath","value":"//table[contains(@id, \"massStateChangeTable-listUl\")]/tbody/tr[1]/td[11]/div/div/div/div[2]/span"}
COMMAND: POST /session/7ab1c180f142dccaa2e910e5f5459d3a/element/f.C5C087060A4FA1A3F4D1CB8AF7F0E7A9.d.EAD6F261F9B545A7715B8D8C6FC8AFF0.e.1272/click - {}
RESULT: {}
COMMAND: GET /session/7ab1c180f142dccaa2e910e5f5459d3a/screenshot - {}
RESULT: {}
COMMAND: POST /session/7ab1c180f142dccaa2e910e5f5459d3a/element - {"using":"xpath","value":"//table[contains(@id, \"massStateChangeTable-listUl\")]/tbody/tr[1]/td[11]/div/div/div/div[2]/span"}
RESULT: {"using":"xpath","value":"//table[contains(@id, \"massStateChangeTable-listUl\")]/tbody/tr[1]/td[11]/div/div/div/div[2]/span"}
COMMAND: POST /session/7ab1c180f142dccaa2e910e5f5459d3a/element/f.C5C087060A4FA1A3F4D1CB8AF7F0E7A9.d.EAD6F261F9B545A7715B8D8C6FC8AFF0.e.1272/click - {}
RESULT: {}
COMMAND: GET /session/7ab1c180f142dccaa2e910e5f5459d3a/screenshot - {}
RESULT: {}
COMMAND: POST /session/7ab1c180f142dccaa2e910e5f5459d3a/element - {"using":"xpath","value":"//table[contains(@id, \"massStateChangeTable-listUl\")]/tbody/tr[1]/td[11]/div/div/div/div[2]/span"}
RESULT: {"using":"xpath","value":"//table[contains(@id, \"massStateChangeTable-listUl\")]/tbody/tr[1]/td[11]/div/div/div/div[2]/span"}
COMMAND: POST /session/7ab1c180f142dccaa2e910e5f5459d3a/element/f.C5C087060A4FA1A3F4D1CB8AF7F0E7A9.d.EAD6F261F9B545A7715B8D8C6FC8AFF0.e.1272/click - {}
RESULT: {}
COMMAND: GET /session/7ab1c180f142dccaa2e910e5f5459d3a/screenshot - {}
RESULT: {}
COMMAND: POST /session/7ab1c180f142dccaa2e910e5f5459d3a/element - {"using":"xpath","value":"//table[contains(@id, \"massStateChangeTable-listUl\")]/tbody/tr[2]/td[11]/div/div/div/div[2]/span"}
RESULT: {"using":"xpath","value":"//table[contains(@id, \"massStateChangeTable-listUl\")]/tbody/tr[2]/td[11]/div/div/div/div[2]/span"}
COMMAND: POST /session/7ab1c180f142dccaa2e910e5f5459d3a/element/f.C5C087060A4FA1A3F4D1CB8AF7F0E7A9.d.EAD6F261F9B545A7715B8D8C6FC8AFF0.e.1273/click - {}
RESULT: {}
COMMAND: GET /session/7ab1c180f142dccaa2e910e5f5459d3a/screenshot - {}
RESULT: {}
COMMAND: POST /session/7ab1c180f142dccaa2e910e5f5459d3a/element - {"using":"xpath","value":"//table[contains(@id, \"massStateChangeTable-listUl\")]/tbody/tr[1]/td[11]/div/div/div/input"}
RESULT: {"using":"xpath","value":"//table[contains(@id, \"massStateChangeTable-listUl\")]/tbody/tr[1]/td[11]/div/div/div/input"}
COMMAND: GET /session/7ab1c180f142dccaa2e910e5f5459d3a/element/f.C5C087060A4FA1A3F4D1CB8AF7F0E7A9.d.EAD6F261F9B545A7715B8D8C6FC8AFF0.e.1251/property/value - {}
RESULT: {}
COMMAND: POST /session/7ab1c180f142dccaa2e910e5f5459d3a/element - {"using":"xpath","value":"//table[contains(@id, \"massStateChangeTable-listUl\")]/tbody/tr[2]/td[11]/div/div/div/input"}
COMMAND: GET /session/7ab1c180f142dccaa2e910e5f5459d3a/screenshot - {}
RESULT: {"using":"xpath","value":"//table[contains(@id, \"massStateChangeTable-listUl\")]/tbody/tr[2]/td[11]/div/div/div/input"}
COMMAND: GET /session/7ab1c180f142dccaa2e910e5f5459d3a/element/f.C5C087060A4FA1A3F4D1CB8AF7F0E7A9.d.EAD6F261F9B545A7715B8D8C6FC8AFF0.e.1255/property/value - {}
RESULT: {}
RESULT: {}
COMMAND: POST /session/7ab1c180f142dccaa2e910e5f5459d3a/element - {"using":"xpath","value":"(//bdi[contains(text(), \"OK\")])[1]"}
COMMAND: GET /session/7ab1c180f142dccaa2e910e5f5459d3a/screenshot - {}
RESULT: {"using":"xpath","value":"(//bdi[contains(text(), \"OK\")])[1]"}
COMMAND: POST /session/7ab1c180f142dccaa2e910e5f5459d3a/element/f.C5C087060A4FA1A3F4D1CB8AF7F0E7A9.d.EAD6F261F9B545A7715B8D8C6FC8AFF0.e.1259/click - {}
RESULT: {}
RESULT: {}
COMMAND: GET /session/7ab1c180f142dccaa2e910e5f5459d3a/screenshot - {}
RESULT: {}
COMMAND: POST /session/7ab1c180f142dccaa2e910e5f5459d3a/element - {"using":"xpath","value":"(//bdi[contains(text(), \"OK\")])[2]"}
RESULT: {"using":"xpath","value":"(//bdi[contains(text(), \"OK\")])[2]"}
COMMAND: POST /session/7ab1c180f142dccaa2e910e5f5459d3a/element/f.C5C087060A4FA1A3F4D1CB8AF7F0E7A9.d.EAD6F261F9B545A7715B8D8C6FC8AFF0.e.1275/click - {}
RESULT: {}
COMMAND: GET /session/7ab1c180f142dccaa2e910e5f5459d3a/screenshot - {}
RESULT: {}
RESULT: undefined
COMMAND: POST /session/7ab1c180f142dccaa2e910e5f5459d3a/execute/async - {"script":"<script> [776 bytes]","args":[{"enterText":"600002","selector":{"id":"application-ruinventorylist-display-component---Master--smartFilterBar-btnBasicSearch","interaction":{"idSuffix":"I"}},"clearTextFirst":true,"interactionType":"ENTER_TEXT"}]}
RESULT: {"script":"<script> [776 bytes]","args":[{"enterText":"600002","selector":{"id":"application-ruinventorylist-display-component---Master--smartFilterBar-btnBasicSearch","interaction":{"idSuffix":"I"}},"clearTextFirst":true,"interactionType":"ENTER_TEXT"}]}
COMMAND: POST /session/7ab1c180f142dccaa2e910e5f5459d3a/actions - {"actions":[{"id":"action5","type":"key","parameters":{},"actions":[{"type":"keyDown","value":""},{"type":"pause","duration":10},{"type":"keyUp","value":""}]}]}
RESULT: {"actions":[{"id":"action5","type":"key","parameters":{},"actions":[{"type":"keyDown","value":""},{"type":"pause","duration":10},{"type":"keyUp","value":""}]}]}
COMMAND: GET /session/7ab1c180f142dccaa2e910e5f5459d3a/screenshot - {}
RESULT: {}
COMMAND: POST /session/7ab1c180f142dccaa2e910e5f5459d3a/element - {"using":"xpath","value":"//span[@id=\"application-ruinventorylist-display-component---Master--smartTableRuInventoryList-header-inner\"]"}
RESULT: {"using":"xpath","value":"//span[@id=\"application-ruinventorylist-display-component---Master--smartTableRuInventoryList-header-inner\"]"}
COMMAND: POST /session/7ab1c180f142dccaa2e910e5f5459d3a/elements - {"using":"xpath","value":"//span[@id=\"application-ruinventorylist-display-component---Master--smartTableRuInventoryList-header-inner\"]"}
RESULT: {"using":"xpath","value":"//span[@id=\"application-ruinventorylist-display-component---Master--smartTableRuInventoryList-header-inner\"]"}
COMMAND: POST /session/7ab1c180f142dccaa2e910e5f5459d3a/execute/sync - {"script":"<script> [56 bytes]","args":[{"element-6066-11e4-a52e-4f735466cecf":"f.C5C087060A4FA1A3F4D1CB8AF7F0E7A9.d.EAD6F261F9B545A7715B8D8C6FC8AFF0.e.905","ELEMENT":"f.C5C087060A4FA1A3F4D1CB8AF7F0E7A9.d.EAD6F261F9B545A7715B8D8C6FC8AFF0.e.905"}]}
RESULT: {"script":"<script> [56 bytes]","args":[{"element-6066-11e4-a52e-4f735466cecf":"f.C5C087060A4FA1A3F4D1CB8AF7F0E7A9.d.EAD6F261F9B545A7715B8D8C6FC8AFF0.e.905","ELEMENT":"f.C5C087060A4FA1A3F4D1CB8AF7F0E7A9.d.EAD6F261F9B545A7715B8D8C6FC8AFF0.e.905"}]}
COMMAND: POST /session/7ab1c180f142dccaa2e910e5f5459d3a/element - {"using":"xpath","value":"//table[contains(@id, \"application-ruinventorylist-display-component---Master--tableRuInventoryList-listUl\")]/tbody/tr[1]/td[6]/div/span"}
COMMAND: GET /session/7ab1c180f142dccaa2e910e5f5459d3a/screenshot - {}
RESULT: {"using":"xpath","value":"//table[contains(@id, \"application-ruinventorylist-display-component---Master--tableRuInventoryList-listUl\")]/tbody/tr[1]/td[6]/div/span"}
COMMAND: POST /session/7ab1c180f142dccaa2e910e5f5459d3a/execute/sync - {"script":"<script> [56 bytes]","args":[{"element-6066-11e4-a52e-4f735466cecf":"f.C5C087060A4FA1A3F4D1CB8AF7F0E7A9.d.EAD6F261F9B545A7715B8D8C6FC8AFF0.e.1297","ELEMENT":"f.C5C087060A4FA1A3F4D1CB8AF7F0E7A9.d.EAD6F261F9B545A7715B8D8C6FC8AFF0.e.1297"}]}
RESULT: {}
RESULT: {"script":"<script> [56 bytes]","args":[{"element-6066-11e4-a52e-4f735466cecf":"f.C5C087060A4FA1A3F4D1CB8AF7F0E7A9.d.EAD6F261F9B545A7715B8D8C6FC8AFF0.e.1297","ELEMENT":"f.C5C087060A4FA1A3F4D1CB8AF7F0E7A9.d.EAD6F261F9B545A7715B8D8C6FC8AFF0.e.1297"}]}
COMMAND: POST /session/7ab1c180f142dccaa2e910e5f5459d3a/element - {"using":"xpath","value":"//div[contains(@id, \"smartFilterBar-btnBasicSearch-reset\")]"}
COMMAND: GET /session/7ab1c180f142dccaa2e910e5f5459d3a/screenshot - {}
RESULT: {"using":"xpath","value":"//div[contains(@id, \"smartFilterBar-btnBasicSearch-reset\")]"}
COMMAND: POST /session/7ab1c180f142dccaa2e910e5f5459d3a/element/f.C5C087060A4FA1A3F4D1CB8AF7F0E7A9.d.EAD6F261F9B545A7715B8D8C6FC8AFF0.e.923/click - {}
RESULT: {}
RESULT: {}
COMMAND: GET /session/7ab1c180f142dccaa2e910e5f5459d3a/screenshot - {}
RESULT: {}
RESULT: undefined
COMMAND: POST /session/7ab1c180f142dccaa2e910e5f5459d3a/execute/async - {"script":"<script> [776 bytes]","args":[{"enterText":"401002","selector":{"id":"application-ruinventorylist-display-component---Master--smartFilterBar-btnBasicSearch","interaction":{"idSuffix":"I"}},"clearTextFirst":true,"interactionType":"ENTER_TEXT"}]}
RESULT: {"script":"<script> [776 bytes]","args":[{"enterText":"401002","selector":{"id":"application-ruinventorylist-display-component---Master--smartFilterBar-btnBasicSearch","interaction":{"idSuffix":"I"}},"clearTextFirst":true,"interactionType":"ENTER_TEXT"}]}
COMMAND: POST /session/7ab1c180f142dccaa2e910e5f5459d3a/actions - {"actions":[{"id":"action6","type":"key","parameters":{},"actions":[{"type":"keyDown","value":""},{"type":"pause","duration":10},{"type":"keyUp","value":""}]}]}
RESULT: {"actions":[{"id":"action6","type":"key","parameters":{},"actions":[{"type":"keyDown","value":""},{"type":"pause","duration":10},{"type":"keyUp","value":""}]}]}
COMMAND: GET /session/7ab1c180f142dccaa2e910e5f5459d3a/screenshot - {}
RESULT: {}
COMMAND: POST /session/7ab1c180f142dccaa2e910e5f5459d3a/element - {"using":"xpath","value":"//span[@id=\"application-ruinventorylist-display-component---Master--smartTableRuInventoryList-header-inner\"]"}
RESULT: {"using":"xpath","value":"//span[@id=\"application-ruinventorylist-display-component---Master--smartTableRuInventoryList-header-inner\"]"}
COMMAND: POST /session/7ab1c180f142dccaa2e910e5f5459d3a/elements - {"using":"xpath","value":"//span[@id=\"application-ruinventorylist-display-component---Master--smartTableRuInventoryList-header-inner\"]"}
RESULT: {"using":"xpath","value":"//span[@id=\"application-ruinventorylist-display-component---Master--smartTableRuInventoryList-header-inner\"]"}
COMMAND: POST /session/7ab1c180f142dccaa2e910e5f5459d3a/execute/sync - {"script":"<script> [56 bytes]","args":[{"element-6066-11e4-a52e-4f735466cecf":"f.C5C087060A4FA1A3F4D1CB8AF7F0E7A9.d.EAD6F261F9B545A7715B8D8C6FC8AFF0.e.905","ELEMENT":"f.C5C087060A4FA1A3F4D1CB8AF7F0E7A9.d.EAD6F261F9B545A7715B8D8C6FC8AFF0.e.905"}]}
RESULT: {"script":"<script> [56 bytes]","args":[{"element-6066-11e4-a52e-4f735466cecf":"f.C5C087060A4FA1A3F4D1CB8AF7F0E7A9.d.EAD6F261F9B545A7715B8D8C6FC8AFF0.e.905","ELEMENT":"f.C5C087060A4FA1A3F4D1CB8AF7F0E7A9.d.EAD6F261F9B545A7715B8D8C6FC8AFF0.e.905"}]}
COMMAND: POST /session/7ab1c180f142dccaa2e910e5f5459d3a/element - {"using":"xpath","value":"//table[contains(@id, \"application-ruinventorylist-display-component---Master--tableRuInventoryList-listUl\")]/tbody/tr[1]/td[6]/div/span"}
COMMAND: GET /session/7ab1c180f142dccaa2e910e5f5459d3a/screenshot - {}
RESULT: {"using":"xpath","value":"//table[contains(@id, \"application-ruinventorylist-display-component---Master--tableRuInventoryList-listUl\")]/tbody/tr[1]/td[6]/div/span"}
COMMAND: POST /session/7ab1c180f142dccaa2e910e5f5459d3a/execute/sync - {"script":"<script> [56 bytes]","args":[{"element-6066-11e4-a52e-4f735466cecf":"f.C5C087060A4FA1A3F4D1CB8AF7F0E7A9.d.EAD6F261F9B545A7715B8D8C6FC8AFF0.e.1391","ELEMENT":"f.C5C087060A4FA1A3F4D1CB8AF7F0E7A9.d.EAD6F261F9B545A7715B8D8C6FC8AFF0.e.1391"}]}
RESULT: {}
RESULT: {"script":"<script> [56 bytes]","args":[{"element-6066-11e4-a52e-4f735466cecf":"f.C5C087060A4FA1A3F4D1CB8AF7F0E7A9.d.EAD6F261F9B545A7715B8D8C6FC8AFF0.e.1391","ELEMENT":"f.C5C087060A4FA1A3F4D1CB8AF7F0E7A9.d.EAD6F261F9B545A7715B8D8C6FC8AFF0.e.1391"}]}
COMMAND: POST /session/7ab1c180f142dccaa2e910e5f5459d3a/element - {"using":"xpath","value":"//div[contains(@id, \"smartFilterBar-btnBasicSearch-reset\")]"}
COMMAND: GET /session/7ab1c180f142dccaa2e910e5f5459d3a/screenshot - {}
RESULT: {"using":"xpath","value":"//div[contains(@id, \"smartFilterBar-btnBasicSearch-reset\")]"}
COMMAND: POST /session/7ab1c180f142dccaa2e910e5f5459d3a/element/f.C5C087060A4FA1A3F4D1CB8AF7F0E7A9.d.EAD6F261F9B545A7715B8D8C6FC8AFF0.e.923/click - {}
RESULT: {}
RESULT: {}
COMMAND: GET /session/7ab1c180f142dccaa2e910e5f5459d3a/screenshot - {}
RESULT: {}
COMMAND: POST /session/7ab1c180f142dccaa2e910e5f5459d3a/element/f.C5C087060A4FA1A3F4D1CB8AF7F0E7A9.d.EAD6F261F9B545A7715B8D8C6FC8AFF0.e.310/click - {}
RESULT: {}
COMMAND: GET /session/7ab1c180f142dccaa2e910e5f5459d3a/screenshot - {}
RESULT: {}
RESULT: undefined
COMMAND: POST /session/7ab1c180f142dccaa2e910e5f5459d3a/execute/async - {"script":"<script> [776 bytes]","args":[{"enterText":"600002","selector":{"id":"application-ruinventorylist-display-component---Master--smartFilterBar-btnBasicSearch","interaction":{"idSuffix":"I"}},"clearTextFirst":true,"interactionType":"ENTER_TEXT"}]}
RESULT: {"script":"<script> [776 bytes]","args":[{"enterText":"600002","selector":{"id":"application-ruinventorylist-display-component---Master--smartFilterBar-btnBasicSearch","interaction":{"idSuffix":"I"}},"clearTextFirst":true,"interactionType":"ENTER_TEXT"}]}
COMMAND: POST /session/7ab1c180f142dccaa2e910e5f5459d3a/actions - {"actions":[{"id":"action7","type":"key","parameters":{},"actions":[{"type":"keyDown","value":""},{"type":"pause","duration":10},{"type":"keyUp","value":""}]}]}
RESULT: {"actions":[{"id":"action7","type":"key","parameters":{},"actions":[{"type":"keyDown","value":""},{"type":"pause","duration":10},{"type":"keyUp","value":""}]}]}
COMMAND: GET /session/7ab1c180f142dccaa2e910e5f5459d3a/screenshot - {}
RESULT: {}
COMMAND: POST /session/7ab1c180f142dccaa2e910e5f5459d3a/element - {"using":"xpath","value":"//span[@id=\"application-ruinventorylist-display-component---Master--smartTableRuInventoryList-header-inner\"]"}
RESULT: {"using":"xpath","value":"//span[@id=\"application-ruinventorylist-display-component---Master--smartTableRuInventoryList-header-inner\"]"}
COMMAND: POST /session/7ab1c180f142dccaa2e910e5f5459d3a/elements - {"using":"xpath","value":"//span[@id=\"application-ruinventorylist-display-component---Master--smartTableRuInventoryList-header-inner\"]"}
RESULT: {"using":"xpath","value":"//span[@id=\"application-ruinventorylist-display-component---Master--smartTableRuInventoryList-header-inner\"]"}
COMMAND: POST /session/7ab1c180f142dccaa2e910e5f5459d3a/execute/sync - {"script":"<script> [56 bytes]","args":[{"element-6066-11e4-a52e-4f735466cecf":"f.C5C087060A4FA1A3F4D1CB8AF7F0E7A9.d.EAD6F261F9B545A7715B8D8C6FC8AFF0.e.905","ELEMENT":"f.C5C087060A4FA1A3F4D1CB8AF7F0E7A9.d.EAD6F261F9B545A7715B8D8C6FC8AFF0.e.905"}]}
RESULT: {"script":"<script> [56 bytes]","args":[{"element-6066-11e4-a52e-4f735466cecf":"f.C5C087060A4FA1A3F4D1CB8AF7F0E7A9.d.EAD6F261F9B545A7715B8D8C6FC8AFF0.e.905","ELEMENT":"f.C5C087060A4FA1A3F4D1CB8AF7F0E7A9.d.EAD6F261F9B545A7715B8D8C6FC8AFF0.e.905"}]}
COMMAND: POST /session/7ab1c180f142dccaa2e910e5f5459d3a/element - {"using":"xpath","value":"//table[contains(@id, \"application-ruinventorylist-display-component---Master--tableRuInventoryList-listUl\")]/tbody/tr[1]/td[2]/div/div"}
COMMAND: GET /session/7ab1c180f142dccaa2e910e5f5459d3a/screenshot - {}
RESULT: {"using":"xpath","value":"//table[contains(@id, \"application-ruinventorylist-display-component---Master--tableRuInventoryList-listUl\")]/tbody/tr[1]/td[2]/div/div"}
COMMAND: POST /session/7ab1c180f142dccaa2e910e5f5459d3a/element/f.C5C087060A4FA1A3F4D1CB8AF7F0E7A9.d.EAD6F261F9B545A7715B8D8C6FC8AFF0.e.1663/click - {}
RESULT: {}
RESULT: {}
COMMAND: GET /session/7ab1c180f142dccaa2e910e5f5459d3a/screenshot - {}
RESULT: {}
COMMAND: POST /session/7ab1c180f142dccaa2e910e5f5459d3a/element - {"using":"xpath","value":"//div[contains(@id, \"smartFilterBar-btnBasicSearch-reset\")]"}
RESULT: {"using":"xpath","value":"//div[contains(@id, \"smartFilterBar-btnBasicSearch-reset\")]"}
COMMAND: POST /session/7ab1c180f142dccaa2e910e5f5459d3a/element/f.C5C087060A4FA1A3F4D1CB8AF7F0E7A9.d.EAD6F261F9B545A7715B8D8C6FC8AFF0.e.923/click - {}
RESULT: {}
COMMAND: GET /session/7ab1c180f142dccaa2e910e5f5459d3a/screenshot - {}
RESULT: {}
RESULT: undefined
COMMAND: POST /session/7ab1c180f142dccaa2e910e5f5459d3a/execute/async - {"script":"<script> [776 bytes]","args":[{"enterText":"401002","selector":{"id":"application-ruinventorylist-display-component---Master--smartFilterBar-btnBasicSearch","interaction":{"idSuffix":"I"}},"clearTextFirst":true,"interactionType":"ENTER_TEXT"}]}
RESULT: {"script":"<script> [776 bytes]","args":[{"enterText":"401002","selector":{"id":"application-ruinventorylist-display-component---Master--smartFilterBar-btnBasicSearch","interaction":{"idSuffix":"I"}},"clearTextFirst":true,"interactionType":"ENTER_TEXT"}]}
COMMAND: POST /session/7ab1c180f142dccaa2e910e5f5459d3a/actions - {"actions":[{"id":"action8","type":"key","parameters":{},"actions":[{"type":"keyDown","value":""},{"type":"pause","duration":10},{"type":"keyUp","value":""}]}]}
RESULT: {"actions":[{"id":"action8","type":"key","parameters":{},"actions":[{"type":"keyDown","value":""},{"type":"pause","duration":10},{"type":"keyUp","value":""}]}]}
COMMAND: GET /session/7ab1c180f142dccaa2e910e5f5459d3a/screenshot - {}
RESULT: {}
COMMAND: POST /session/7ab1c180f142dccaa2e910e5f5459d3a/element - {"using":"xpath","value":"//span[@id=\"application-ruinventorylist-display-component---Master--smartTableRuInventoryList-header-inner\"]"}
RESULT: {"using":"xpath","value":"//span[@id=\"application-ruinventorylist-display-component---Master--smartTableRuInventoryList-header-inner\"]"}
COMMAND: POST /session/7ab1c180f142dccaa2e910e5f5459d3a/elements - {"using":"xpath","value":"//span[@id=\"application-ruinventorylist-display-component---Master--smartTableRuInventoryList-header-inner\"]"}
RESULT: {"using":"xpath","value":"//span[@id=\"application-ruinventorylist-display-component---Master--smartTableRuInventoryList-header-inner\"]"}
COMMAND: POST /session/7ab1c180f142dccaa2e910e5f5459d3a/execute/sync - {"script":"<script> [56 bytes]","args":[{"element-6066-11e4-a52e-4f735466cecf":"f.C5C087060A4FA1A3F4D1CB8AF7F0E7A9.d.EAD6F261F9B545A7715B8D8C6FC8AFF0.e.905","ELEMENT":"f.C5C087060A4FA1A3F4D1CB8AF7F0E7A9.d.EAD6F261F9B545A7715B8D8C6FC8AFF0.e.905"}]}
RESULT: {"script":"<script> [56 bytes]","args":[{"element-6066-11e4-a52e-4f735466cecf":"f.C5C087060A4FA1A3F4D1CB8AF7F0E7A9.d.EAD6F261F9B545A7715B8D8C6FC8AFF0.e.905","ELEMENT":"f.C5C087060A4FA1A3F4D1CB8AF7F0E7A9.d.EAD6F261F9B545A7715B8D8C6FC8AFF0.e.905"}]}
COMMAND: POST /session/7ab1c180f142dccaa2e910e5f5459d3a/element - {"using":"xpath","value":"//table[contains(@id, \"application-ruinventorylist-display-component---Master--tableRuInventoryList-listUl\")]/tbody/tr[1]/td[2]/div/div"}
COMMAND: GET /session/7ab1c180f142dccaa2e910e5f5459d3a/screenshot - {}
RESULT: {"using":"xpath","value":"//table[contains(@id, \"application-ruinventorylist-display-component---Master--tableRuInventoryList-listUl\")]/tbody/tr[1]/td[2]/div/div"}
COMMAND: POST /session/7ab1c180f142dccaa2e910e5f5459d3a/element/f.C5C087060A4FA1A3F4D1CB8AF7F0E7A9.d.EAD6F261F9B545A7715B8D8C6FC8AFF0.e.1831/click - {}
RESULT: {}
RESULT: {}
COMMAND: GET /session/7ab1c180f142dccaa2e910e5f5459d3a/screenshot - {}
RESULT: {}
COMMAND: POST /session/7ab1c180f142dccaa2e910e5f5459d3a/element - {"using":"xpath","value":"//div[contains(@id, \"smartFilterBar-btnBasicSearch-reset\")]"}
RESULT: {"using":"xpath","value":"//div[contains(@id, \"smartFilterBar-btnBasicSearch-reset\")]"}
COMMAND: POST /session/7ab1c180f142dccaa2e910e5f5459d3a/element/f.C5C087060A4FA1A3F4D1CB8AF7F0E7A9.d.EAD6F261F9B545A7715B8D8C6FC8AFF0.e.923/click - {}
RESULT: {}
COMMAND: GET /session/7ab1c180f142dccaa2e910e5f5459d3a/screenshot - {}
RESULT: {}
COMMAND: POST /session/7ab1c180f142dccaa2e910e5f5459d3a/element/f.C5C087060A4FA1A3F4D1CB8AF7F0E7A9.d.EAD6F261F9B545A7715B8D8C6FC8AFF0.e.310/click - {}
RESULT: {}
COMMAND: GET /session/7ab1c180f142dccaa2e910e5f5459d3a/screenshot - {}
RESULT: {}
RESULT: undefined
COMMAND: POST /session/7ab1c180f142dccaa2e910e5f5459d3a/element - {"using":"xpath","value":"//*[@id=\"application-ruinventorylist-display-component---Master--ruStateTypes-arrow\"]"}
RESULT: {"using":"xpath","value":"//*[@id=\"application-ruinventorylist-display-component---Master--ruStateTypes-arrow\"]"}
COMMAND: POST /session/7ab1c180f142dccaa2e910e5f5459d3a/element/f.C5C087060A4FA1A3F4D1CB8AF7F0E7A9.d.EAD6F261F9B545A7715B8D8C6FC8AFF0.e.2011/click - {}
RESULT: {}
COMMAND: GET /session/7ab1c180f142dccaa2e910e5f5459d3a/screenshot - {}
RESULT: {}
COMMAND: POST /session/7ab1c180f142dccaa2e910e5f5459d3a/element - {"using":"xpath","value":"//li[.//span[text()=\"available\"]]"}
RESULT: {"using":"xpath","value":"//li[.//span[text()=\"available\"]]"}
COMMAND: POST /session/7ab1c180f142dccaa2e910e5f5459d3a/element/f.C5C087060A4FA1A3F4D1CB8AF7F0E7A9.d.EAD6F261F9B545A7715B8D8C6FC8AFF0.e.2012/click - {}
RESULT: {}
COMMAND: GET /session/7ab1c180f142dccaa2e910e5f5459d3a/screenshot - {}
RESULT: {}
COMMAND: POST /session/7ab1c180f142dccaa2e910e5f5459d3a/element - {"using":"xpath","value":"(//bdi[contains(text(), \"OK\")])[1]"}
RESULT: {"using":"xpath","value":"(//bdi[contains(text(), \"OK\")])[1]"}
COMMAND: POST /session/7ab1c180f142dccaa2e910e5f5459d3a/element/f.C5C087060A4FA1A3F4D1CB8AF7F0E7A9.d.EAD6F261F9B545A7715B8D8C6FC8AFF0.e.2013/click - {}
RESULT: {}
COMMAND: GET /session/7ab1c180f142dccaa2e910e5f5459d3a/screenshot - {}
RESULT: {}
COMMAND: POST /session/7ab1c180f142dccaa2e910e5f5459d3a/element - {"using":"xpath","value":"(//bdi[contains(text(), \"OK\")])[2]"}
RESULT: {"using":"xpath","value":"(//bdi[contains(text(), \"OK\")])[2]"}
COMMAND: POST /session/7ab1c180f142dccaa2e910e5f5459d3a/element/f.C5C087060A4FA1A3F4D1CB8AF7F0E7A9.d.EAD6F261F9B545A7715B8D8C6FC8AFF0.e.2018/click - {}
RESULT: {}
COMMAND: GET /session/7ab1c180f142dccaa2e910e5f5459d3a/screenshot - {}
RESULT: {}
RESULT: undefined
COMMAND: POST /session/7ab1c180f142dccaa2e910e5f5459d3a/execute/async - {"script":"<script> [776 bytes]","args":[{"enterText":"600002","selector":{"id":"application-ruinventorylist-display-component---Master--smartFilterBar-btnBasicSearch","interaction":{"idSuffix":"I"}},"clearTextFirst":true,"interactionType":"ENTER_TEXT"}]}
RESULT: {"script":"<script> [776 bytes]","args":[{"enterText":"600002","selector":{"id":"application-ruinventorylist-display-component---Master--smartFilterBar-btnBasicSearch","interaction":{"idSuffix":"I"}},"clearTextFirst":true,"interactionType":"ENTER_TEXT"}]}
COMMAND: POST /session/7ab1c180f142dccaa2e910e5f5459d3a/actions - {"actions":[{"id":"action9","type":"key","parameters":{},"actions":[{"type":"keyDown","value":""},{"type":"pause","duration":10},{"type":"keyUp","value":""}]}]}
RESULT: {"actions":[{"id":"action9","type":"key","parameters":{},"actions":[{"type":"keyDown","value":""},{"type":"pause","duration":10},{"type":"keyUp","value":""}]}]}
COMMAND: GET /session/7ab1c180f142dccaa2e910e5f5459d3a/screenshot - {}
RESULT: {}
COMMAND: POST /session/7ab1c180f142dccaa2e910e5f5459d3a/element - {"using":"xpath","value":"//span[@id=\"application-ruinventorylist-display-component---Master--smartTableRuInventoryList-header-inner\"]"}
RESULT: {"using":"xpath","value":"//span[@id=\"application-ruinventorylist-display-component---Master--smartTableRuInventoryList-header-inner\"]"}
COMMAND: POST /session/7ab1c180f142dccaa2e910e5f5459d3a/elements - {"using":"xpath","value":"//span[@id=\"application-ruinventorylist-display-component---Master--smartTableRuInventoryList-header-inner\"]"}
RESULT: {"using":"xpath","value":"//span[@id=\"application-ruinventorylist-display-component---Master--smartTableRuInventoryList-header-inner\"]"}
COMMAND: POST /session/7ab1c180f142dccaa2e910e5f5459d3a/execute/sync - {"script":"<script> [56 bytes]","args":[{"element-6066-11e4-a52e-4f735466cecf":"f.C5C087060A4FA1A3F4D1CB8AF7F0E7A9.d.EAD6F261F9B545A7715B8D8C6FC8AFF0.e.905","ELEMENT":"f.C5C087060A4FA1A3F4D1CB8AF7F0E7A9.d.EAD6F261F9B545A7715B8D8C6FC8AFF0.e.905"}]}
RESULT: {"script":"<script> [56 bytes]","args":[{"element-6066-11e4-a52e-4f735466cecf":"f.C5C087060A4FA1A3F4D1CB8AF7F0E7A9.d.EAD6F261F9B545A7715B8D8C6FC8AFF0.e.905","ELEMENT":"f.C5C087060A4FA1A3F4D1CB8AF7F0E7A9.d.EAD6F261F9B545A7715B8D8C6FC8AFF0.e.905"}]}
COMMAND: POST /session/7ab1c180f142dccaa2e910e5f5459d3a/element - {"using":"xpath","value":"//table[contains(@id, \"application-ruinventorylist-display-component---Master--tableRuInventoryList-listUl\")]/tbody/tr[1]/td[6]/div/span"}
COMMAND: GET /session/7ab1c180f142dccaa2e910e5f5459d3a/screenshot - {}
RESULT: {"using":"xpath","value":"//table[contains(@id, \"application-ruinventorylist-display-component---Master--tableRuInventoryList-listUl\")]/tbody/tr[1]/td[6]/div/span"}
COMMAND: POST /session/7ab1c180f142dccaa2e910e5f5459d3a/execute/sync - {"script":"<script> [56 bytes]","args":[{"element-6066-11e4-a52e-4f735466cecf":"f.C5C087060A4FA1A3F4D1CB8AF7F0E7A9.d.EAD6F261F9B545A7715B8D8C6FC8AFF0.e.2038","ELEMENT":"f.C5C087060A4FA1A3F4D1CB8AF7F0E7A9.d.EAD6F261F9B545A7715B8D8C6FC8AFF0.e.2038"}]}
RESULT: {}
RESULT: {"script":"<script> [56 bytes]","args":[{"element-6066-11e4-a52e-4f735466cecf":"f.C5C087060A4FA1A3F4D1CB8AF7F0E7A9.d.EAD6F261F9B545A7715B8D8C6FC8AFF0.e.2038","ELEMENT":"f.C5C087060A4FA1A3F4D1CB8AF7F0E7A9.d.EAD6F261F9B545A7715B8D8C6FC8AFF0.e.2038"}]}
COMMAND: POST /session/7ab1c180f142dccaa2e910e5f5459d3a/element - {"using":"xpath","value":"//div[contains(@id, \"smartFilterBar-btnBasicSearch-reset\")]"}
COMMAND: GET /session/7ab1c180f142dccaa2e910e5f5459d3a/screenshot - {}
RESULT: {"using":"xpath","value":"//div[contains(@id, \"smartFilterBar-btnBasicSearch-reset\")]"}
COMMAND: POST /session/7ab1c180f142dccaa2e910e5f5459d3a/element/f.C5C087060A4FA1A3F4D1CB8AF7F0E7A9.d.EAD6F261F9B545A7715B8D8C6FC8AFF0.e.923/click - {}
RESULT: {}
RESULT: {}
COMMAND: GET /session/7ab1c180f142dccaa2e910e5f5459d3a/screenshot - {}
RESULT: {}
RESULT: undefined
COMMAND: POST /session/7ab1c180f142dccaa2e910e5f5459d3a/execute/async - {"script":"<script> [776 bytes]","args":[{"enterText":"401002","selector":{"id":"application-ruinventorylist-display-component---Master--smartFilterBar-btnBasicSearch","interaction":{"idSuffix":"I"}},"clearTextFirst":true,"interactionType":"ENTER_TEXT"}]}
RESULT: {"script":"<script> [776 bytes]","args":[{"enterText":"401002","selector":{"id":"application-ruinventorylist-display-component---Master--smartFilterBar-btnBasicSearch","interaction":{"idSuffix":"I"}},"clearTextFirst":true,"interactionType":"ENTER_TEXT"}]}
COMMAND: POST /session/7ab1c180f142dccaa2e910e5f5459d3a/actions - {"actions":[{"id":"action10","type":"key","parameters":{},"actions":[{"type":"keyDown","value":""},{"type":"pause","duration":10},{"type":"keyUp","value":""}]}]}
RESULT: {"actions":[{"id":"action10","type":"key","parameters":{},"actions":[{"type":"keyDown","value":""},{"type":"pause","duration":10},{"type":"keyUp","value":""}]}]}
COMMAND: GET /session/7ab1c180f142dccaa2e910e5f5459d3a/screenshot - {}
RESULT: {}
COMMAND: POST /session/7ab1c180f142dccaa2e910e5f5459d3a/element - {"using":"xpath","value":"//span[@id=\"application-ruinventorylist-display-component---Master--smartTableRuInventoryList-header-inner\"]"}
RESULT: {"using":"xpath","value":"//span[@id=\"application-ruinventorylist-display-component---Master--smartTableRuInventoryList-header-inner\"]"}
COMMAND: POST /session/7ab1c180f142dccaa2e910e5f5459d3a/elements - {"using":"xpath","value":"//span[@id=\"application-ruinventorylist-display-component---Master--smartTableRuInventoryList-header-inner\"]"}
RESULT: {"using":"xpath","value":"//span[@id=\"application-ruinventorylist-display-component---Master--smartTableRuInventoryList-header-inner\"]"}
COMMAND: POST /session/7ab1c180f142dccaa2e910e5f5459d3a/execute/sync - {"script":"<script> [56 bytes]","args":[{"element-6066-11e4-a52e-4f735466cecf":"f.C5C087060A4FA1A3F4D1CB8AF7F0E7A9.d.EAD6F261F9B545A7715B8D8C6FC8AFF0.e.905","ELEMENT":"f.C5C087060A4FA1A3F4D1CB8AF7F0E7A9.d.EAD6F261F9B545A7715B8D8C6FC8AFF0.e.905"}]}
RESULT: {"script":"<script> [56 bytes]","args":[{"element-6066-11e4-a52e-4f735466cecf":"f.C5C087060A4FA1A3F4D1CB8AF7F0E7A9.d.EAD6F261F9B545A7715B8D8C6FC8AFF0.e.905","ELEMENT":"f.C5C087060A4FA1A3F4D1CB8AF7F0E7A9.d.EAD6F261F9B545A7715B8D8C6FC8AFF0.e.905"}]}
COMMAND: POST /session/7ab1c180f142dccaa2e910e5f5459d3a/element - {"using":"xpath","value":"//table[contains(@id, \"application-ruinventorylist-display-component---Master--tableRuInventoryList-listUl\")]/tbody/tr[1]/td[6]/div/span"}
COMMAND: GET /session/7ab1c180f142dccaa2e910e5f5459d3a/screenshot - {}
RESULT: {"using":"xpath","value":"//table[contains(@id, \"application-ruinventorylist-display-component---Master--tableRuInventoryList-listUl\")]/tbody/tr[1]/td[6]/div/span"}
COMMAND: POST /session/7ab1c180f142dccaa2e910e5f5459d3a/execute/sync - {"script":"<script> [56 bytes]","args":[{"element-6066-11e4-a52e-4f735466cecf":"f.C5C087060A4FA1A3F4D1CB8AF7F0E7A9.d.EAD6F261F9B545A7715B8D8C6FC8AFF0.e.2132","ELEMENT":"f.C5C087060A4FA1A3F4D1CB8AF7F0E7A9.d.EAD6F261F9B545A7715B8D8C6FC8AFF0.e.2132"}]}
RESULT: {}
RESULT: {"script":"<script> [56 bytes]","args":[{"element-6066-11e4-a52e-4f735466cecf":"f.C5C087060A4FA1A3F4D1CB8AF7F0E7A9.d.EAD6F261F9B545A7715B8D8C6FC8AFF0.e.2132","ELEMENT":"f.C5C087060A4FA1A3F4D1CB8AF7F0E7A9.d.EAD6F261F9B545A7715B8D8C6FC8AFF0.e.2132"}]}
COMMAND: POST /session/7ab1c180f142dccaa2e910e5f5459d3a/element - {"using":"xpath","value":"//div[contains(@id, \"smartFilterBar-btnBasicSearch-reset\")]"}
COMMAND: GET /session/7ab1c180f142dccaa2e910e5f5459d3a/screenshot - {}
RESULT: {"using":"xpath","value":"//div[contains(@id, \"smartFilterBar-btnBasicSearch-reset\")]"}
COMMAND: POST /session/7ab1c180f142dccaa2e910e5f5459d3a/element/f.C5C087060A4FA1A3F4D1CB8AF7F0E7A9.d.EAD6F261F9B545A7715B8D8C6FC8AFF0.e.923/click - {}
RESULT: {}
RESULT: {}
COMMAND: GET /session/7ab1c180f142dccaa2e910e5f5459d3a/screenshot - {}
RESULT: {}
COMMAND: POST /session/7ab1c180f142dccaa2e910e5f5459d3a/element - {"using":"css selector","value":"#shell-header-logo"}
RESULT: {"using":"css selector","value":"#shell-header-logo"}
COMMAND: POST /session/7ab1c180f142dccaa2e910e5f5459d3a/element/f.C5C087060A4FA1A3F4D1CB8AF7F0E7A9.d.EAD6F261F9B545A7715B8D8C6FC8AFF0.e.277/click - {}
RESULT: {}
COMMAND: GET /session/7ab1c180f142dccaa2e910e5f5459d3a/screenshot - {}
RESULT: {}
]]></system-out>
    </testcase>
    <testcase classname="chrome.136_0_7103_93.windows.RU_Inventory_Mass_State_Change_Multiple_Items_US151066" name="Prerequisite Step 2 Should create a new equipment" time="157.837">
      <system-out><![CDATA[
COMMAND: POST /session/7ab1c180f142dccaa2e910e5f5459d3a/execute/async - {"script":"<script> [1562 bytes]","args":[{"selector":{"controlType":"sap.m.GenericTile","properties":{"header":"Manage Resources"}},"wdio_ui5_key":"sapm.GenericTile{\"header\":\"Manage Resources\"}"}]}
RESULT: {"script":"<script> [1562 bytes]","args":[{"selector":{"controlType":"sap.m.GenericTile","properties":{"header":"Manage Resources"}},"wdio_ui5_key":"sapm.GenericTile{\"header\":\"Manage Resources\"}"}]}
RESULT: undefined
COMMAND: POST /session/7ab1c180f142dccaa2e910e5f5459d3a/element - {"using":"xpath","value":"//*[@id=\"__tile39\"]"}
RESULT: {"using":"xpath","value":"//*[@id=\"__tile39\"]"}
COMMAND: POST /session/7ab1c180f142dccaa2e910e5f5459d3a/element/f.C5C087060A4FA1A3F4D1CB8AF7F0E7A9.d.EAD6F261F9B545A7715B8D8C6FC8AFF0.e.167/click - {}
RESULT: {}
COMMAND: GET /session/7ab1c180f142dccaa2e910e5f5459d3a/screenshot - {}
RESULT: {}
COMMAND: POST /session/7ab1c180f142dccaa2e910e5f5459d3a/elements - {"using":"xpath","value":"//span[text()='Error']"}
RESULT: {"using":"xpath","value":"//span[text()='Error']"}
COMMAND: POST /session/7ab1c180f142dccaa2e910e5f5459d3a/element - {"using":"xpath","value":"//button[@data-kt=\"addNewRUOverflowToolbarButton\"]"}
RESULT: {"using":"xpath","value":"//button[@data-kt=\"addNewRUOverflowToolbarButton\"]"}
COMMAND: POST /session/7ab1c180f142dccaa2e910e5f5459d3a/elements - {"using":"xpath","value":"//button[@data-kt=\"addNewRUOverflowToolbarButton\"]"}
RESULT: {"using":"xpath","value":"//button[@data-kt=\"addNewRUOverflowToolbarButton\"]"}
COMMAND: POST /session/7ab1c180f142dccaa2e910e5f5459d3a/elements - {"using":"xpath","value":"//button[@data-kt=\"addNewRUOverflowToolbarButton\"]"}
RESULT: {"using":"xpath","value":"//button[@data-kt=\"addNewRUOverflowToolbarButton\"]"}
COMMAND: POST /session/7ab1c180f142dccaa2e910e5f5459d3a/elements - {"using":"xpath","value":"//button[@data-kt=\"addNewRUOverflowToolbarButton\"]"}
RESULT: {"using":"xpath","value":"//button[@data-kt=\"addNewRUOverflowToolbarButton\"]"}
COMMAND: POST /session/7ab1c180f142dccaa2e910e5f5459d3a/elements - {"using":"xpath","value":"//button[@data-kt=\"addNewRUOverflowToolbarButton\"]"}
RESULT: {"using":"xpath","value":"//button[@data-kt=\"addNewRUOverflowToolbarButton\"]"}
COMMAND: POST /session/7ab1c180f142dccaa2e910e5f5459d3a/element - {"using":"xpath","value":"//button[@data-kt=\"addNewRUOverflowToolbarButton\"]"}
RESULT: {"using":"xpath","value":"//button[@data-kt=\"addNewRUOverflowToolbarButton\"]"}
COMMAND: POST /session/7ab1c180f142dccaa2e910e5f5459d3a/execute/sync - {"script":"<script> [8489 bytes]","args":[{"element-6066-11e4-a52e-4f735466cecf":"f.C5C087060A4FA1A3F4D1CB8AF7F0E7A9.d.EAD6F261F9B545A7715B8D8C6FC8AFF0.e.2246","ELEMENT":"f.C5C087060A4FA1A3F4D1CB8AF7F0E7A9.d.EAD6F261F9B545A7715B8D8C6FC8AFF0.e.2246"}]}
RESULT: {"script":"<script> [8489 bytes]","args":[{"element-6066-11e4-a52e-4f735466cecf":"f.C5C087060A4FA1A3F4D1CB8AF7F0E7A9.d.EAD6F261F9B545A7715B8D8C6FC8AFF0.e.2246","ELEMENT":"f.C5C087060A4FA1A3F4D1CB8AF7F0E7A9.d.EAD6F261F9B545A7715B8D8C6FC8AFF0.e.2246"}]}
COMMAND: GET /session/7ab1c180f142dccaa2e910e5f5459d3a/element/f.C5C087060A4FA1A3F4D1CB8AF7F0E7A9.d.EAD6F261F9B545A7715B8D8C6FC8AFF0.e.2246/enabled - {}
COMMAND: GET /session/7ab1c180f142dccaa2e910e5f5459d3a/screenshot - {}
RESULT: {}
COMMAND: POST /session/7ab1c180f142dccaa2e910e5f5459d3a/execute/sync - {"script":"<script> [8489 bytes]","args":[{"element-6066-11e4-a52e-4f735466cecf":"f.C5C087060A4FA1A3F4D1CB8AF7F0E7A9.d.EAD6F261F9B545A7715B8D8C6FC8AFF0.e.2246","ELEMENT":"f.C5C087060A4FA1A3F4D1CB8AF7F0E7A9.d.EAD6F261F9B545A7715B8D8C6FC8AFF0.e.2246"}]}
COMMAND: GET /session/7ab1c180f142dccaa2e910e5f5459d3a/screenshot - {}
RESULT: {}
RESULT: {"script":"<script> [8489 bytes]","args":[{"element-6066-11e4-a52e-4f735466cecf":"f.C5C087060A4FA1A3F4D1CB8AF7F0E7A9.d.EAD6F261F9B545A7715B8D8C6FC8AFF0.e.2246","ELEMENT":"f.C5C087060A4FA1A3F4D1CB8AF7F0E7A9.d.EAD6F261F9B545A7715B8D8C6FC8AFF0.e.2246"}]}
COMMAND: POST /session/7ab1c180f142dccaa2e910e5f5459d3a/execute/sync - {"script":"<script> [5351 bytes]","args":[{"element-6066-11e4-a52e-4f735466cecf":"f.C5C087060A4FA1A3F4D1CB8AF7F0E7A9.d.EAD6F261F9B545A7715B8D8C6FC8AFF0.e.2246","ELEMENT":"f.C5C087060A4FA1A3F4D1CB8AF7F0E7A9.d.EAD6F261F9B545A7715B8D8C6FC8AFF0.e.2246"}]}
COMMAND: GET /session/7ab1c180f142dccaa2e910e5f5459d3a/screenshot - {}
RESULT: {}
RESULT: {"script":"<script> [5351 bytes]","args":[{"element-6066-11e4-a52e-4f735466cecf":"f.C5C087060A4FA1A3F4D1CB8AF7F0E7A9.d.EAD6F261F9B545A7715B8D8C6FC8AFF0.e.2246","ELEMENT":"f.C5C087060A4FA1A3F4D1CB8AF7F0E7A9.d.EAD6F261F9B545A7715B8D8C6FC8AFF0.e.2246"}]}
COMMAND: POST /session/7ab1c180f142dccaa2e910e5f5459d3a/element/f.C5C087060A4FA1A3F4D1CB8AF7F0E7A9.d.EAD6F261F9B545A7715B8D8C6FC8AFF0.e.2246/click - {}
COMMAND: GET /session/7ab1c180f142dccaa2e910e5f5459d3a/screenshot - {}
RESULT: {}
RESULT: {}
COMMAND: GET /session/7ab1c180f142dccaa2e910e5f5459d3a/screenshot - {}
RESULT: {}
RESULT: {}
COMMAND: POST /session/7ab1c180f142dccaa2e910e5f5459d3a/execute/async - {"script":"<script> [1562 bytes]","args":[{"selector":{"id":"application-manageresources-display-component---newResourceUnit--TYPE-arrow"},"wdio_ui5_key":"applicationmanageresources-display-component---newResourceUnit--TYPE-arrow"}]}
RESULT: {"script":"<script> [1562 bytes]","args":[{"selector":{"id":"application-manageresources-display-component---newResourceUnit--TYPE-arrow"},"wdio_ui5_key":"applicationmanageresources-display-component---newResourceUnit--TYPE-arrow"}]}
RESULT: undefined
COMMAND: POST /session/7ab1c180f142dccaa2e910e5f5459d3a/element - {"using":"xpath","value":"//*[@id=\"application-manageresources-display-component---newResourceUnit--TYPE-arrow\"]"}
RESULT: {"using":"xpath","value":"//*[@id=\"application-manageresources-display-component---newResourceUnit--TYPE-arrow\"]"}
COMMAND: POST /session/7ab1c180f142dccaa2e910e5f5459d3a/element/f.C5C087060A4FA1A3F4D1CB8AF7F0E7A9.d.EAD6F261F9B545A7715B8D8C6FC8AFF0.e.2413/click - {}
RESULT: {}
COMMAND: POST /session/7ab1c180f142dccaa2e910e5f5459d3a/element - {"using":"xpath","value":"//input[@id=\"application-manageresources-display-component---newResourceUnit--TYPE-inner\"]"}
COMMAND: GET /session/7ab1c180f142dccaa2e910e5f5459d3a/screenshot - {}
RESULT: {"using":"xpath","value":"//input[@id=\"application-manageresources-display-component---newResourceUnit--TYPE-inner\"]"}
COMMAND: POST /session/7ab1c180f142dccaa2e910e5f5459d3a/element/f.C5C087060A4FA1A3F4D1CB8AF7F0E7A9.d.EAD6F261F9B545A7715B8D8C6FC8AFF0.e.2300/clear - {}
RESULT: {}
RESULT: {}
COMMAND: POST /session/7ab1c180f142dccaa2e910e5f5459d3a/element/f.C5C087060A4FA1A3F4D1CB8AF7F0E7A9.d.EAD6F261F9B545A7715B8D8C6FC8AFF0.e.2300/value - {"text":"Equipment"}
COMMAND: GET /session/7ab1c180f142dccaa2e910e5f5459d3a/screenshot - {}
RESULT: {"text":"Equipment"}
COMMAND: GET /session/7ab1c180f142dccaa2e910e5f5459d3a/screenshot - {}
RESULT: {}
RESULT: {}
COMMAND: POST /session/7ab1c180f142dccaa2e910e5f5459d3a/actions - {"actions":[{"id":"action11","type":"key","parameters":{},"actions":[{"type":"keyDown","value":""},{"type":"pause","duration":10},{"type":"keyUp","value":""}]}]}
RESULT: {"actions":[{"id":"action11","type":"key","parameters":{},"actions":[{"type":"keyDown","value":""},{"type":"pause","duration":10},{"type":"keyUp","value":""}]}]}
COMMAND: POST /session/7ab1c180f142dccaa2e910e5f5459d3a/execute/async - {"script":"<script> [1562 bytes]","args":[{"selector":{"id":"application-manageresources-display-component---newResourceUnit--resourceId","interaction":{"idSuffix":"inner"}},"wdio_ui5_key":"applicationmanageresources-display-component---newResourceUnit--resourceId"}]}
COMMAND: GET /session/7ab1c180f142dccaa2e910e5f5459d3a/screenshot - {}
RESULT: {"script":"<script> [1562 bytes]","args":[{"selector":{"id":"application-manageresources-display-component---newResourceUnit--resourceId","interaction":{"idSuffix":"inner"}},"wdio_ui5_key":"applicationmanageresources-display-component---newResourceUnit--resourceId"}]}
RESULT: undefined
COMMAND: POST /session/7ab1c180f142dccaa2e910e5f5459d3a/execute/async - {"script":"<script> [776 bytes]","args":[{"enterText":"ANCuZxtQHP","selector":{"id":"application-manageresources-display-component---newResourceUnit--resourceId","interaction":{"idSuffix":"inner"}},"clearTextFirst":true,"interactionType":"ENTER_TEXT"}]}
RESULT: {}
RESULT: {"script":"<script> [776 bytes]","args":[{"enterText":"ANCuZxtQHP","selector":{"id":"application-manageresources-display-component---newResourceUnit--resourceId","interaction":{"idSuffix":"inner"}},"clearTextFirst":true,"interactionType":"ENTER_TEXT"}]}
COMMAND: POST /session/7ab1c180f142dccaa2e910e5f5459d3a/execute/async - {"script":"<script> [1562 bytes]","args":[{"selector":{"id":"application-manageresources-display-component---newResourceUnit--SHORT_TEXT","interaction":{"idSuffix":"inner"}},"wdio_ui5_key":"applicationmanageresources-display-component---newResourceUnit--SHORT_TEXT"}]}
RESULT: {"script":"<script> [1562 bytes]","args":[{"selector":{"id":"application-manageresources-display-component---newResourceUnit--SHORT_TEXT","interaction":{"idSuffix":"inner"}},"wdio_ui5_key":"applicationmanageresources-display-component---newResourceUnit--SHORT_TEXT"}]}
RESULT: undefined
COMMAND: POST /session/7ab1c180f142dccaa2e910e5f5459d3a/execute/async - {"script":"<script> [776 bytes]","args":[{"enterText":"Intercompany Equipment WDIO","selector":{"id":"application-manageresources-display-component---newResourceUnit--SHORT_TEXT","interaction":{"idSuffix":"inner"}},"clearTextFirst":true,"interactionType":"ENTER_TEXT"}]}
RESULT: {"script":"<script> [776 bytes]","args":[{"enterText":"Intercompany Equipment WDIO","selector":{"id":"application-manageresources-display-component---newResourceUnit--SHORT_TEXT","interaction":{"idSuffix":"inner"}},"clearTextFirst":true,"interactionType":"ENTER_TEXT"}]}
COMMAND: POST /session/7ab1c180f142dccaa2e910e5f5459d3a/execute/async - {"script":"<script> [1562 bytes]","args":[{"selector":{"id":"application-manageresources-display-component---newResourceUnit--BASE_UNIT_OF_MEASURE","interaction":{"idSuffix":"inner"}},"wdio_ui5_key":"applicationmanageresources-display-component---newResourceUnit--BASE_UNIT_OF_MEASURE"}]}
RESULT: {"script":"<script> [1562 bytes]","args":[{"selector":{"id":"application-manageresources-display-component---newResourceUnit--BASE_UNIT_OF_MEASURE","interaction":{"idSuffix":"inner"}},"wdio_ui5_key":"applicationmanageresources-display-component---newResourceUnit--BASE_UNIT_OF_MEASURE"}]}
RESULT: undefined
COMMAND: POST /session/7ab1c180f142dccaa2e910e5f5459d3a/execute/async - {"script":"<script> [776 bytes]","args":[{"enterText":"Piece","selector":{"id":"application-manageresources-display-component---newResourceUnit--BASE_UNIT_OF_MEASURE","interaction":{"idSuffix":"inner"}},"clearTextFirst":true,"interactionType":"ENTER_TEXT"}]}
RESULT: {"script":"<script> [776 bytes]","args":[{"enterText":"Piece","selector":{"id":"application-manageresources-display-component---newResourceUnit--BASE_UNIT_OF_MEASURE","interaction":{"idSuffix":"inner"}},"clearTextFirst":true,"interactionType":"ENTER_TEXT"}]}
COMMAND: POST /session/7ab1c180f142dccaa2e910e5f5459d3a/execute/async - {"script":"<script> [1562 bytes]","args":[{"selector":{"id":"application-manageresources-display-component---newResourceUnit--WEIGHT_UNIT","interaction":{"idSuffix":"inner"}},"wdio_ui5_key":"applicationmanageresources-display-component---newResourceUnit--WEIGHT_UNIT"}]}
RESULT: {"script":"<script> [1562 bytes]","args":[{"selector":{"id":"application-manageresources-display-component---newResourceUnit--WEIGHT_UNIT","interaction":{"idSuffix":"inner"}},"wdio_ui5_key":"applicationmanageresources-display-component---newResourceUnit--WEIGHT_UNIT"}]}
RESULT: undefined
COMMAND: POST /session/7ab1c180f142dccaa2e910e5f5459d3a/execute/async - {"script":"<script> [776 bytes]","args":[{"enterText":"Gram","selector":{"id":"application-manageresources-display-component---newResourceUnit--WEIGHT_UNIT","interaction":{"idSuffix":"inner"}},"clearTextFirst":true,"interactionType":"ENTER_TEXT"}]}
RESULT: {"script":"<script> [776 bytes]","args":[{"enterText":"Gram","selector":{"id":"application-manageresources-display-component---newResourceUnit--WEIGHT_UNIT","interaction":{"idSuffix":"inner"}},"clearTextFirst":true,"interactionType":"ENTER_TEXT"}]}
COMMAND: POST /session/7ab1c180f142dccaa2e910e5f5459d3a/execute/async - {"script":"<script> [1562 bytes]","args":[{"selector":{"id":"application-manageresources-display-component---newResourceUnit--DIMENSION_UNIT","interaction":{"idSuffix":"inner"}},"wdio_ui5_key":"applicationmanageresources-display-component---newResourceUnit--DIMENSION_UNIT"}]}
RESULT: {"script":"<script> [1562 bytes]","args":[{"selector":{"id":"application-manageresources-display-component---newResourceUnit--DIMENSION_UNIT","interaction":{"idSuffix":"inner"}},"wdio_ui5_key":"applicationmanageresources-display-component---newResourceUnit--DIMENSION_UNIT"}]}
RESULT: undefined
COMMAND: POST /session/7ab1c180f142dccaa2e910e5f5459d3a/execute/async - {"script":"<script> [776 bytes]","args":[{"enterText":"Meter","selector":{"id":"application-manageresources-display-component---newResourceUnit--DIMENSION_UNIT","interaction":{"idSuffix":"inner"}},"clearTextFirst":true,"interactionType":"ENTER_TEXT"}]}
RESULT: {"script":"<script> [776 bytes]","args":[{"enterText":"Meter","selector":{"id":"application-manageresources-display-component---newResourceUnit--DIMENSION_UNIT","interaction":{"idSuffix":"inner"}},"clearTextFirst":true,"interactionType":"ENTER_TEXT"}]}
COMMAND: POST /session/7ab1c180f142dccaa2e910e5f5459d3a/execute/async - {"script":"<script> [1562 bytes]","args":[{"selector":{"id":"application-manageresources-display-component---newResourceUnit--newRRUPage-anchBar-application-manageresources-display-component---newResourceUnit--control-anchor","interaction":{"idSuffix":"BDI-content"}},"wdio_ui5_key":"applicationmanageresources-display-component---newResourceUnit--newRRUPage-anchBar-application-manageresources-display-component---newResourceUnit--control-anchor"}]}
RESULT: {"script":"<script> [1562 bytes]","args":[{"selector":{"id":"application-manageresources-display-component---newResourceUnit--newRRUPage-anchBar-application-manageresources-display-component---newResourceUnit--control-anchor","interaction":{"idSuffix":"BDI-content"}},"wdio_ui5_key":"applicationmanageresources-display-component---newResourceUnit--newRRUPage-anchBar-application-manageresources-display-component---newResourceUnit--control-anchor"}]}
RESULT: undefined
COMMAND: POST /session/7ab1c180f142dccaa2e910e5f5459d3a/element - {"using":"xpath","value":"//*[@id=\"application-manageresources-display-component---newResourceUnit--newRRUPage-anchBar-application-manageresources-display-component---newResourceUnit--control-anchor\"]"}
RESULT: {"using":"xpath","value":"//*[@id=\"application-manageresources-display-component---newResourceUnit--newRRUPage-anchBar-application-manageresources-display-component---newResourceUnit--control-anchor\"]"}
COMMAND: POST /session/7ab1c180f142dccaa2e910e5f5459d3a/element/f.C5C087060A4FA1A3F4D1CB8AF7F0E7A9.d.EAD6F261F9B545A7715B8D8C6FC8AFF0.e.2572/click - {}
RESULT: {}
COMMAND: POST /session/7ab1c180f142dccaa2e910e5f5459d3a/execute/async - {"script":"<script> [1562 bytes]","args":[{"selector":{"id":"application-manageresources-display-component---newResourceUnit--PLANNING_GROUP","interaction":{"idSuffix":"inner"}},"wdio_ui5_key":"applicationmanageresources-display-component---newResourceUnit--PLANNING_GROUP"}]}
COMMAND: GET /session/7ab1c180f142dccaa2e910e5f5459d3a/screenshot - {}
RESULT: {"script":"<script> [1562 bytes]","args":[{"selector":{"id":"application-manageresources-display-component---newResourceUnit--PLANNING_GROUP","interaction":{"idSuffix":"inner"}},"wdio_ui5_key":"applicationmanageresources-display-component---newResourceUnit--PLANNING_GROUP"}]}
RESULT: undefined
COMMAND: POST /session/7ab1c180f142dccaa2e910e5f5459d3a/execute/async - {"script":"<script> [776 bytes]","args":[{"enterText":"Heavy Equi","selector":{"id":"application-manageresources-display-component---newResourceUnit--PLANNING_GROUP","interaction":{"idSuffix":"inner"}},"clearTextFirst":true,"interactionType":"ENTER_TEXT"}]}
RESULT: {}
RESULT: {"script":"<script> [776 bytes]","args":[{"enterText":"Heavy Equi","selector":{"id":"application-manageresources-display-component---newResourceUnit--PLANNING_GROUP","interaction":{"idSuffix":"inner"}},"clearTextFirst":true,"interactionType":"ENTER_TEXT"}]}
COMMAND: POST /session/7ab1c180f142dccaa2e910e5f5459d3a/execute/async - {"script":"<script> [1562 bytes]","args":[{"selector":{"id":"application-manageresources-display-component---newResourceUnit--ITEM_TYPE-arrow"},"wdio_ui5_key":"applicationmanageresources-display-component---newResourceUnit--ITEM_TYPE-arrow"}]}
RESULT: {"script":"<script> [1562 bytes]","args":[{"selector":{"id":"application-manageresources-display-component---newResourceUnit--ITEM_TYPE-arrow"},"wdio_ui5_key":"applicationmanageresources-display-component---newResourceUnit--ITEM_TYPE-arrow"}]}
RESULT: undefined
COMMAND: POST /session/7ab1c180f142dccaa2e910e5f5459d3a/element - {"using":"xpath","value":"//*[@id=\"application-manageresources-display-component---newResourceUnit--ITEM_TYPE-arrow\"]"}
RESULT: {"using":"xpath","value":"//*[@id=\"application-manageresources-display-component---newResourceUnit--ITEM_TYPE-arrow\"]"}
COMMAND: POST /session/7ab1c180f142dccaa2e910e5f5459d3a/element/f.C5C087060A4FA1A3F4D1CB8AF7F0E7A9.d.EAD6F261F9B545A7715B8D8C6FC8AFF0.e.2579/click - {}
RESULT: {}
COMMAND: POST /session/7ab1c180f142dccaa2e910e5f5459d3a/element - {"using":"xpath","value":"//ul[contains(@id,\"ITEM_TYPE-popup-list-listUl\")]//li[.//span[contains(text(),\"Resource Unit\")]]"}
COMMAND: GET /session/7ab1c180f142dccaa2e910e5f5459d3a/screenshot - {}
RESULT: {"using":"xpath","value":"//ul[contains(@id,\"ITEM_TYPE-popup-list-listUl\")]//li[.//span[contains(text(),\"Resource Unit\")]]"}
COMMAND: POST /session/7ab1c180f142dccaa2e910e5f5459d3a/element/f.C5C087060A4FA1A3F4D1CB8AF7F0E7A9.d.EAD6F261F9B545A7715B8D8C6FC8AFF0.e.2580/click - {}
RESULT: {}
RESULT: {}
COMMAND: GET /session/7ab1c180f142dccaa2e910e5f5459d3a/screenshot - {}
RESULT: {}
COMMAND: POST /session/7ab1c180f142dccaa2e910e5f5459d3a/element - {"using":"css selector","value":"#application-manageresources-display-component---newResourceUnit--btnAddTimeSegment"}
RESULT: {"using":"css selector","value":"#application-manageresources-display-component---newResourceUnit--btnAddTimeSegment"}
COMMAND: GET /session/7ab1c180f142dccaa2e910e5f5459d3a/element/f.C5C087060A4FA1A3F4D1CB8AF7F0E7A9.d.EAD6F261F9B545A7715B8D8C6FC8AFF0.e.2587/rect - {}
RESULT: {}
COMMAND: GET /session/7ab1c180f142dccaa2e910e5f5459d3a/window/rect - {}
RESULT: {}
COMMAND: POST /session/7ab1c180f142dccaa2e910e5f5459d3a/execute/sync - {"script":"<script> [92 bytes]","args":[]}
RESULT: {"script":"<script> [92 bytes]","args":[]}
COMMAND: POST /session/7ab1c180f142dccaa2e910e5f5459d3a/actions - {"actions":[{"id":"action12","type":"wheel","parameters":{},"actions":[{"type":"scroll","x":-1888,"y":-32,"deltaX":0,"deltaY":0,"duration":0,"origin":{"element-6066-11e4-a52e-4f735466cecf":"f.C5C087060A4FA1A3F4D1CB8AF7F0E7A9.d.EAD6F261F9B545A7715B8D8C6FC8AFF0.e.2587"}}]}]}
COMMAND: GET /session/7ab1c180f142dccaa2e910e5f5459d3a/screenshot - {}
RESULT: {}
COMMAND: POST /session/7ab1c180f142dccaa2e910e5f5459d3a/execute/sync - {"script":"<script> [79 bytes]","args":[{"element-6066-11e4-a52e-4f735466cecf":"f.C5C087060A4FA1A3F4D1CB8AF7F0E7A9.d.EAD6F261F9B545A7715B8D8C6FC8AFF0.e.2587","ELEMENT":"f.C5C087060A4FA1A3F4D1CB8AF7F0E7A9.d.EAD6F261F9B545A7715B8D8C6FC8AFF0.e.2587"},{"block":"start","inline":"nearest"}]}
RESULT: {"script":"<script> [79 bytes]","args":[{"element-6066-11e4-a52e-4f735466cecf":"f.C5C087060A4FA1A3F4D1CB8AF7F0E7A9.d.EAD6F261F9B545A7715B8D8C6FC8AFF0.e.2587","ELEMENT":"f.C5C087060A4FA1A3F4D1CB8AF7F0E7A9.d.EAD6F261F9B545A7715B8D8C6FC8AFF0.e.2587"},{"block":"start","inline":"nearest"}]}
COMMAND: POST /session/7ab1c180f142dccaa2e910e5f5459d3a/execute/async - {"script":"<script> [1562 bytes]","args":[{"selector":{"id":"application-manageresources-display-component---newResourceUnit--btnAddTimeSegment","interaction":{"idSuffix":"inner"}},"wdio_ui5_key":"applicationmanageresources-display-component---newResourceUnit--btnAddTimeSegment"}]}
COMMAND: GET /session/7ab1c180f142dccaa2e910e5f5459d3a/screenshot - {}
RESULT: {"script":"<script> [1562 bytes]","args":[{"selector":{"id":"application-manageresources-display-component---newResourceUnit--btnAddTimeSegment","interaction":{"idSuffix":"inner"}},"wdio_ui5_key":"applicationmanageresources-display-component---newResourceUnit--btnAddTimeSegment"}]}
RESULT: undefined
COMMAND: POST /session/7ab1c180f142dccaa2e910e5f5459d3a/element - {"using":"xpath","value":"//*[@id=\"application-manageresources-display-component---newResourceUnit--btnAddTimeSegment\"]"}
RESULT: {}
RESULT: {"using":"xpath","value":"//*[@id=\"application-manageresources-display-component---newResourceUnit--btnAddTimeSegment\"]"}
COMMAND: POST /session/7ab1c180f142dccaa2e910e5f5459d3a/element/f.C5C087060A4FA1A3F4D1CB8AF7F0E7A9.d.EAD6F261F9B545A7715B8D8C6FC8AFF0.e.2587/click - {}
RESULT: {}
COMMAND: GET /session/7ab1c180f142dccaa2e910e5f5459d3a/screenshot - {}
RESULT: {}
COMMAND: POST /session/7ab1c180f142dccaa2e910e5f5459d3a/element - {"using":"xpath","value":"//input[@id=\"application-manageresources-display-component---newResourceUnit--idRuTSAdmin-application-manageresources-display-component---newResourceUnit--RUTimeSegment-0-inner\"]"}
RESULT: {"using":"xpath","value":"//input[@id=\"application-manageresources-display-component---newResourceUnit--idRuTSAdmin-application-manageresources-display-component---newResourceUnit--RUTimeSegment-0-inner\"]"}
COMMAND: POST /session/7ab1c180f142dccaa2e910e5f5459d3a/element/f.C5C087060A4FA1A3F4D1CB8AF7F0E7A9.d.EAD6F261F9B545A7715B8D8C6FC8AFF0.e.2593/clear - {}
RESULT: {}
COMMAND: POST /session/7ab1c180f142dccaa2e910e5f5459d3a/element/f.C5C087060A4FA1A3F4D1CB8AF7F0E7A9.d.EAD6F261F9B545A7715B8D8C6FC8AFF0.e.2593/value - {"text":"109"}
COMMAND: GET /session/7ab1c180f142dccaa2e910e5f5459d3a/screenshot - {}
RESULT: {"text":"109"}
COMMAND: GET /session/7ab1c180f142dccaa2e910e5f5459d3a/screenshot - {}
RESULT: {}
RESULT: {}
COMMAND: POST /session/7ab1c180f142dccaa2e910e5f5459d3a/element - {"using":"xpath","value":"//li[.//span[text()='109']]"}
RESULT: {"using":"xpath","value":"//li[.//span[text()='109']]"}
COMMAND: POST /session/7ab1c180f142dccaa2e910e5f5459d3a/element/f.C5C087060A4FA1A3F4D1CB8AF7F0E7A9.d.EAD6F261F9B545A7715B8D8C6FC8AFF0.e.2605/click - {}
RESULT: {}
COMMAND: GET /session/7ab1c180f142dccaa2e910e5f5459d3a/screenshot - {}
RESULT: {}
COMMAND: POST /session/7ab1c180f142dccaa2e910e5f5459d3a/element - {"using":"xpath","value":"(//span[contains(@id, \"-application-manageresources-display-component---newResourceUnit--RUTimeSegment-0-arrow\")])[6]"}
RESULT: {"using":"xpath","value":"(//span[contains(@id, \"-application-manageresources-display-component---newResourceUnit--RUTimeSegment-0-arrow\")])[6]"}
COMMAND: POST /session/7ab1c180f142dccaa2e910e5f5459d3a/element/f.C5C087060A4FA1A3F4D1CB8AF7F0E7A9.d.EAD6F261F9B545A7715B8D8C6FC8AFF0.e.2606/click - {}
RESULT: {}
COMMAND: GET /session/7ab1c180f142dccaa2e910e5f5459d3a/screenshot - {}
RESULT: {}
COMMAND: POST /session/7ab1c180f142dccaa2e910e5f5459d3a/element - {"using":"xpath","value":"//span[contains(text(), \"PM Order\")]"}
RESULT: {"using":"xpath","value":"//span[contains(text(), \"PM Order\")]"}
COMMAND: POST /session/7ab1c180f142dccaa2e910e5f5459d3a/element/f.C5C087060A4FA1A3F4D1CB8AF7F0E7A9.d.EAD6F261F9B545A7715B8D8C6FC8AFF0.e.2609/click - {}
RESULT: {}
COMMAND: GET /session/7ab1c180f142dccaa2e910e5f5459d3a/screenshot - {}
RESULT: {}
COMMAND: POST /session/7ab1c180f142dccaa2e910e5f5459d3a/element - {"using":"xpath","value":"(//span[contains(@id ,\"manageresources-display-component---newResourceUnit--RUTimeSegment-0-vhi\")])[1]"}
RESULT: {"using":"xpath","value":"(//span[contains(@id ,\"manageresources-display-component---newResourceUnit--RUTimeSegment-0-vhi\")])[1]"}
COMMAND: GET /session/7ab1c180f142dccaa2e910e5f5459d3a/element/f.C5C087060A4FA1A3F4D1CB8AF7F0E7A9.d.EAD6F261F9B545A7715B8D8C6FC8AFF0.e.2613/rect - {}
RESULT: {}
COMMAND: GET /session/7ab1c180f142dccaa2e910e5f5459d3a/window/rect - {}
RESULT: {}
COMMAND: POST /session/7ab1c180f142dccaa2e910e5f5459d3a/execute/sync - {"script":"<script> [92 bytes]","args":[]}
RESULT: {"script":"<script> [92 bytes]","args":[]}
COMMAND: POST /session/7ab1c180f142dccaa2e910e5f5459d3a/actions - {"actions":[{"id":"action13","type":"wheel","parameters":{},"actions":[{"type":"scroll","x":-869,"y":-24,"deltaX":0,"deltaY":0,"duration":0,"origin":{"element-6066-11e4-a52e-4f735466cecf":"f.C5C087060A4FA1A3F4D1CB8AF7F0E7A9.d.EAD6F261F9B545A7715B8D8C6FC8AFF0.e.2613"}}]}]}
COMMAND: GET /session/7ab1c180f142dccaa2e910e5f5459d3a/screenshot - {}
RESULT: {}
RESULT: {"actions":[{"id":"action13","type":"wheel","parameters":{},"actions":[{"type":"scroll","x":-869,"y":-24,"deltaX":0,"deltaY":0,"duration":0,"origin":{"element-6066-11e4-a52e-4f735466cecf":"f.C5C087060A4FA1A3F4D1CB8AF7F0E7A9.d.EAD6F261F9B545A7715B8D8C6FC8AFF0.e.2613"}}]}]}
COMMAND: DELETE /session/7ab1c180f142dccaa2e910e5f5459d3a/actions - {}
COMMAND: GET /session/7ab1c180f142dccaa2e910e5f5459d3a/screenshot - {}
RESULT: {}
COMMAND: GET /session/7ab1c180f142dccaa2e910e5f5459d3a/screenshot - {}
RESULT: {}
RESULT: {}
COMMAND: POST /session/7ab1c180f142dccaa2e910e5f5459d3a/element/f.C5C087060A4FA1A3F4D1CB8AF7F0E7A9.d.EAD6F261F9B545A7715B8D8C6FC8AFF0.e.2613/click - {}
RESULT: {}
COMMAND: GET /session/7ab1c180f142dccaa2e910e5f5459d3a/screenshot - {}
RESULT: {}
COMMAND: POST /session/7ab1c180f142dccaa2e910e5f5459d3a/execute/async - {"script":"<script> [1562 bytes]","args":[{"selector":{"controlType":"sap.m.SearchField","properties":{"placeholder":"Search"},"searchOpenDialogs":true,"interaction":{"idSuffix":"I"}},"wdio_ui5_key":"sapm.SearchField{\"placeholder\":\"Search\"}"}]}
RESULT: {"script":"<script> [1562 bytes]","args":[{"selector":{"controlType":"sap.m.SearchField","properties":{"placeholder":"Search"},"searchOpenDialogs":true,"interaction":{"idSuffix":"I"}},"wdio_ui5_key":"sapm.SearchField{\"placeholder\":\"Search\"}"}]}
RESULT: undefined
COMMAND: POST /session/7ab1c180f142dccaa2e910e5f5459d3a/execute/async - {"script":"<script> [776 bytes]","args":[{"enterText":"4000360","selector":{"controlType":"sap.m.SearchField","properties":{"placeholder":"Search"},"searchOpenDialogs":true,"interaction":{"idSuffix":"I"}},"clearTextFirst":true,"interactionType":"ENTER_TEXT"}]}
RESULT: {"script":"<script> [776 bytes]","args":[{"enterText":"4000360","selector":{"controlType":"sap.m.SearchField","properties":{"placeholder":"Search"},"searchOpenDialogs":true,"interaction":{"idSuffix":"I"}},"clearTextFirst":true,"interactionType":"ENTER_TEXT"}]}
COMMAND: POST /session/7ab1c180f142dccaa2e910e5f5459d3a/actions - {"actions":[{"id":"action14","type":"key","parameters":{},"actions":[{"type":"keyDown","value":""},{"type":"pause","duration":10},{"type":"keyUp","value":""}]}]}
RESULT: {"actions":[{"id":"action14","type":"key","parameters":{},"actions":[{"type":"keyDown","value":""},{"type":"pause","duration":10},{"type":"keyUp","value":""}]}]}
COMMAND: GET /session/7ab1c180f142dccaa2e910e5f5459d3a/screenshot - {}
RESULT: {}
COMMAND: POST /session/7ab1c180f142dccaa2e910e5f5459d3a/element - {"using":"xpath","value":"//td/div/span[contains(text(), \"BGL Vehicles\")]"}
RESULT: {"using":"xpath","value":"//td/div/span[contains(text(), \"BGL Vehicles\")]"}
COMMAND: POST /session/7ab1c180f142dccaa2e910e5f5459d3a/element/f.C5C087060A4FA1A3F4D1CB8AF7F0E7A9.d.EAD6F261F9B545A7715B8D8C6FC8AFF0.e.2634/click - {}
RESULT: {}
COMMAND: GET /session/7ab1c180f142dccaa2e910e5f5459d3a/screenshot - {}
RESULT: {}
COMMAND: POST /session/7ab1c180f142dccaa2e910e5f5459d3a/element - {"using":"xpath","value":"//bdi[contains(text(), \"OK\")]"}
RESULT: {"using":"xpath","value":"//bdi[contains(text(), \"OK\")]"}
COMMAND: POST /session/7ab1c180f142dccaa2e910e5f5459d3a/element/f.C5C087060A4FA1A3F4D1CB8AF7F0E7A9.d.EAD6F261F9B545A7715B8D8C6FC8AFF0.e.2635/click - {}
RESULT: {}
COMMAND: GET /session/7ab1c180f142dccaa2e910e5f5459d3a/screenshot - {}
RESULT: {}
COMMAND: POST /session/7ab1c180f142dccaa2e910e5f5459d3a/execute/async - {"script":"<script> [1562 bytes]","args":[{"selector":{"id":"application-manageresources-display-component---newResourceUnit--newRRUPage-anchBar-application-manageresources-display-component---newResourceUnit--resource-anchor","interaction":{"idSuffix":"BDI-content"}},"wdio_ui5_key":"applicationmanageresources-display-component---newResourceUnit--newRRUPage-anchBar-application-manageresources-display-component---newResourceUnit--resource-anchor"}]}
RESULT: {"script":"<script> [1562 bytes]","args":[{"selector":{"id":"application-manageresources-display-component---newResourceUnit--newRRUPage-anchBar-application-manageresources-display-component---newResourceUnit--resource-anchor","interaction":{"idSuffix":"BDI-content"}},"wdio_ui5_key":"applicationmanageresources-display-component---newResourceUnit--newRRUPage-anchBar-application-manageresources-display-component---newResourceUnit--resource-anchor"}]}
RESULT: undefined
COMMAND: POST /session/7ab1c180f142dccaa2e910e5f5459d3a/element - {"using":"xpath","value":"//*[@id=\"application-manageresources-display-component---newResourceUnit--newRRUPage-anchBar-application-manageresources-display-component---newResourceUnit--resource-anchor\"]"}
RESULT: {"using":"xpath","value":"//*[@id=\"application-manageresources-display-component---newResourceUnit--newRRUPage-anchBar-application-manageresources-display-component---newResourceUnit--resource-anchor\"]"}
COMMAND: POST /session/7ab1c180f142dccaa2e910e5f5459d3a/element/f.C5C087060A4FA1A3F4D1CB8AF7F0E7A9.d.EAD6F261F9B545A7715B8D8C6FC8AFF0.e.2639/click - {}
RESULT: {}
COMMAND: POST /session/7ab1c180f142dccaa2e910e5f5459d3a/execute/async - {"script":"<script> [1562 bytes]","args":[{"selector":{"id":"application-manageresources-display-component---newResourceUnit--PLANNED_DELIVERY_DATE","interaction":{"idSuffix":"inner"}},"wdio_ui5_key":"applicationmanageresources-display-component---newResourceUnit--PLANNED_DELIVERY_DATE"}]}
COMMAND: GET /session/7ab1c180f142dccaa2e910e5f5459d3a/screenshot - {}
RESULT: {"script":"<script> [1562 bytes]","args":[{"selector":{"id":"application-manageresources-display-component---newResourceUnit--PLANNED_DELIVERY_DATE","interaction":{"idSuffix":"inner"}},"wdio_ui5_key":"applicationmanageresources-display-component---newResourceUnit--PLANNED_DELIVERY_DATE"}]}
RESULT: undefined
COMMAND: POST /session/7ab1c180f142dccaa2e910e5f5459d3a/execute/async - {"script":"<script> [6424 bytes]","args":[{"element-6066-11e4-a52e-4f735466cecf":"f.C5C087060A4FA1A3F4D1CB8AF7F0E7A9.d.EAD6F261F9B545A7715B8D8C6FC8AFF0.e.2471"},"setValue",["5/30/25"]]}
RESULT: {}
RESULT: {"script":"<script> [6424 bytes]","args":[{"element-6066-11e4-a52e-4f735466cecf":"f.C5C087060A4FA1A3F4D1CB8AF7F0E7A9.d.EAD6F261F9B545A7715B8D8C6FC8AFF0.e.2471"},"setValue",["5/30/25"]]}
COMMAND: POST /session/7ab1c180f142dccaa2e910e5f5459d3a/element - {"using":"xpath","value":"//label[contains(@class, 'sapMLabelRequired') and .//bdi[contains(text(), 'Planned Retirement')]]"}
RESULT: {"using":"xpath","value":"//label[contains(@class, 'sapMLabelRequired') and .//bdi[contains(text(), 'Planned Retirement')]]"}
COMMAND: POST /session/7ab1c180f142dccaa2e910e5f5459d3a/elements - {"using":"xpath","value":"//label[contains(@class, 'sapMLabelRequired') and .//bdi[contains(text(), 'Planned Retirement')]]"}
RESULT: {"using":"xpath","value":"//label[contains(@class, 'sapMLabelRequired') and .//bdi[contains(text(), 'Planned Retirement')]]"}
COMMAND: POST /session/7ab1c180f142dccaa2e910e5f5459d3a/element - {"using":"xpath","value":"//button[@data-kt=\"resourceUnitSaveButton\"]"}
RESULT: {"using":"xpath","value":"//button[@data-kt=\"resourceUnitSaveButton\"]"}
COMMAND: POST /session/7ab1c180f142dccaa2e910e5f5459d3a/element/f.C5C087060A4FA1A3F4D1CB8AF7F0E7A9.d.EAD6F261F9B545A7715B8D8C6FC8AFF0.e.2430/click - {}
RESULT: {}
COMMAND: GET /session/7ab1c180f142dccaa2e910e5f5459d3a/screenshot - {}
RESULT: {}
COMMAND: POST /session/7ab1c180f142dccaa2e910e5f5459d3a/element - {"using":"xpath","value":"//bdi[contains(text(), \"Close\")]"}
RESULT: {"using":"xpath","value":"//bdi[contains(text(), \"Close\")]"}
COMMAND: POST /session/7ab1c180f142dccaa2e910e5f5459d3a/element/f.C5C087060A4FA1A3F4D1CB8AF7F0E7A9.d.EAD6F261F9B545A7715B8D8C6FC8AFF0.e.2649/click - {}
RESULT: {}
COMMAND: GET /session/7ab1c180f142dccaa2e910e5f5459d3a/screenshot - {}
RESULT: {}
COMMAND: POST /session/7ab1c180f142dccaa2e910e5f5459d3a/element - {"using":"xpath","value":"(//button[contains(@id ,\"actionsToolbar-overflowButton\")])[1]"}
RESULT: {"using":"xpath","value":"(//button[contains(@id ,\"actionsToolbar-overflowButton\")])[1]"}
COMMAND: POST /session/7ab1c180f142dccaa2e910e5f5459d3a/element/f.C5C087060A4FA1A3F4D1CB8AF7F0E7A9.d.EAD6F261F9B545A7715B8D8C6FC8AFF0.e.2681/click - {}
RESULT: {}
COMMAND: GET /session/7ab1c180f142dccaa2e910e5f5459d3a/screenshot - {}
RESULT: {}
COMMAND: POST /session/7ab1c180f142dccaa2e910e5f5459d3a/element - {"using":"xpath","value":"//button[@data-kt=\"priceInfoButton\"]"}
RESULT: {"using":"xpath","value":"//button[@data-kt=\"priceInfoButton\"]"}
COMMAND: POST /session/7ab1c180f142dccaa2e910e5f5459d3a/element/f.C5C087060A4FA1A3F4D1CB8AF7F0E7A9.d.EAD6F261F9B545A7715B8D8C6FC8AFF0.e.2683/click - {}
RESULT: {}
COMMAND: GET /session/7ab1c180f142dccaa2e910e5f5459d3a/screenshot - {}
RESULT: {}
COMMAND: POST /session/7ab1c180f142dccaa2e910e5f5459d3a/element - {"using":"css selector","value":"#shell-header-logo"}
RESULT: {"using":"css selector","value":"#shell-header-logo"}
COMMAND: POST /session/7ab1c180f142dccaa2e910e5f5459d3a/element/f.C5C087060A4FA1A3F4D1CB8AF7F0E7A9.d.EAD6F261F9B545A7715B8D8C6FC8AFF0.e.2217/click - {}
RESULT: {}
COMMAND: GET /session/7ab1c180f142dccaa2e910e5f5459d3a/screenshot - {}
RESULT: {}
]]></system-out>
    </testcase>
    <testcase classname="chrome.136_0_7103_93.windows.RU_Inventory_Mass_State_Change_Multiple_Items_US151066" name="Prerequisite Step 2 Should create a new material" time="127.026">
      <system-out><![CDATA[
RESULT: undefined
COMMAND: POST /session/7ab1c180f142dccaa2e910e5f5459d3a/element - {"using":"xpath","value":"//*[@id=\"__tile39\"]"}
RESULT: {"using":"xpath","value":"//*[@id=\"__tile39\"]"}
COMMAND: POST /session/7ab1c180f142dccaa2e910e5f5459d3a/element/f.C5C087060A4FA1A3F4D1CB8AF7F0E7A9.d.EAD6F261F9B545A7715B8D8C6FC8AFF0.e.167/click - {}
RESULT: {}
COMMAND: GET /session/7ab1c180f142dccaa2e910e5f5459d3a/screenshot - {}
RESULT: {}
COMMAND: POST /session/7ab1c180f142dccaa2e910e5f5459d3a/elements - {"using":"xpath","value":"//span[text()='Error']"}
RESULT: {"using":"xpath","value":"//span[text()='Error']"}
COMMAND: POST /session/7ab1c180f142dccaa2e910e5f5459d3a/element - {"using":"xpath","value":"//button[@data-kt=\"addNewRUOverflowToolbarButton\"]"}
RESULT: {"using":"xpath","value":"//button[@data-kt=\"addNewRUOverflowToolbarButton\"]"}
COMMAND: POST /session/7ab1c180f142dccaa2e910e5f5459d3a/elements - {"using":"xpath","value":"//button[@data-kt=\"addNewRUOverflowToolbarButton\"]"}
RESULT: {"using":"xpath","value":"//button[@data-kt=\"addNewRUOverflowToolbarButton\"]"}
COMMAND: POST /session/7ab1c180f142dccaa2e910e5f5459d3a/execute/sync - {"script":"<script> [8489 bytes]","args":[{"element-6066-11e4-a52e-4f735466cecf":"f.C5C087060A4FA1A3F4D1CB8AF7F0E7A9.d.EAD6F261F9B545A7715B8D8C6FC8AFF0.e.2717","ELEMENT":"f.C5C087060A4FA1A3F4D1CB8AF7F0E7A9.d.EAD6F261F9B545A7715B8D8C6FC8AFF0.e.2717"}]}
RESULT: {"script":"<script> [8489 bytes]","args":[{"element-6066-11e4-a52e-4f735466cecf":"f.C5C087060A4FA1A3F4D1CB8AF7F0E7A9.d.EAD6F261F9B545A7715B8D8C6FC8AFF0.e.2717","ELEMENT":"f.C5C087060A4FA1A3F4D1CB8AF7F0E7A9.d.EAD6F261F9B545A7715B8D8C6FC8AFF0.e.2717"}]}
COMMAND: GET /session/7ab1c180f142dccaa2e910e5f5459d3a/element/f.C5C087060A4FA1A3F4D1CB8AF7F0E7A9.d.EAD6F261F9B545A7715B8D8C6FC8AFF0.e.2717/enabled - {}
COMMAND: GET /session/7ab1c180f142dccaa2e910e5f5459d3a/screenshot - {}
RESULT: {}
COMMAND: POST /session/7ab1c180f142dccaa2e910e5f5459d3a/execute/sync - {"script":"<script> [8489 bytes]","args":[{"element-6066-11e4-a52e-4f735466cecf":"f.C5C087060A4FA1A3F4D1CB8AF7F0E7A9.d.EAD6F261F9B545A7715B8D8C6FC8AFF0.e.2717","ELEMENT":"f.C5C087060A4FA1A3F4D1CB8AF7F0E7A9.d.EAD6F261F9B545A7715B8D8C6FC8AFF0.e.2717"}]}
COMMAND: GET /session/7ab1c180f142dccaa2e910e5f5459d3a/screenshot - {}
RESULT: {}
RESULT: {"script":"<script> [8489 bytes]","args":[{"element-6066-11e4-a52e-4f735466cecf":"f.C5C087060A4FA1A3F4D1CB8AF7F0E7A9.d.EAD6F261F9B545A7715B8D8C6FC8AFF0.e.2717","ELEMENT":"f.C5C087060A4FA1A3F4D1CB8AF7F0E7A9.d.EAD6F261F9B545A7715B8D8C6FC8AFF0.e.2717"}]}
COMMAND: POST /session/7ab1c180f142dccaa2e910e5f5459d3a/execute/sync - {"script":"<script> [5351 bytes]","args":[{"element-6066-11e4-a52e-4f735466cecf":"f.C5C087060A4FA1A3F4D1CB8AF7F0E7A9.d.EAD6F261F9B545A7715B8D8C6FC8AFF0.e.2717","ELEMENT":"f.C5C087060A4FA1A3F4D1CB8AF7F0E7A9.d.EAD6F261F9B545A7715B8D8C6FC8AFF0.e.2717"}]}
COMMAND: GET /session/7ab1c180f142dccaa2e910e5f5459d3a/screenshot - {}
RESULT: {}
RESULT: {"script":"<script> [5351 bytes]","args":[{"element-6066-11e4-a52e-4f735466cecf":"f.C5C087060A4FA1A3F4D1CB8AF7F0E7A9.d.EAD6F261F9B545A7715B8D8C6FC8AFF0.e.2717","ELEMENT":"f.C5C087060A4FA1A3F4D1CB8AF7F0E7A9.d.EAD6F261F9B545A7715B8D8C6FC8AFF0.e.2717"}]}
COMMAND: POST /session/7ab1c180f142dccaa2e910e5f5459d3a/element/f.C5C087060A4FA1A3F4D1CB8AF7F0E7A9.d.EAD6F261F9B545A7715B8D8C6FC8AFF0.e.2717/click - {}
COMMAND: GET /session/7ab1c180f142dccaa2e910e5f5459d3a/screenshot - {}
RESULT: {}
RESULT: {}
COMMAND: GET /session/7ab1c180f142dccaa2e910e5f5459d3a/screenshot - {}
RESULT: {}
RESULT: {}
RESULT: undefined
COMMAND: POST /session/7ab1c180f142dccaa2e910e5f5459d3a/element - {"using":"xpath","value":"//*[@id=\"application-manageresources-display-component---newResourceUnit--TYPE-arrow\"]"}
RESULT: {"using":"xpath","value":"//*[@id=\"application-manageresources-display-component---newResourceUnit--TYPE-arrow\"]"}
COMMAND: POST /session/7ab1c180f142dccaa2e910e5f5459d3a/element/f.C5C087060A4FA1A3F4D1CB8AF7F0E7A9.d.EAD6F261F9B545A7715B8D8C6FC8AFF0.e.3073/click - {}
RESULT: {}
COMMAND: POST /session/7ab1c180f142dccaa2e910e5f5459d3a/element - {"using":"xpath","value":"//input[@id=\"application-manageresources-display-component---newResourceUnit--TYPE-inner\"]"}
COMMAND: GET /session/7ab1c180f142dccaa2e910e5f5459d3a/screenshot - {}
RESULT: {"using":"xpath","value":"//input[@id=\"application-manageresources-display-component---newResourceUnit--TYPE-inner\"]"}
COMMAND: POST /session/7ab1c180f142dccaa2e910e5f5459d3a/element/f.C5C087060A4FA1A3F4D1CB8AF7F0E7A9.d.EAD6F261F9B545A7715B8D8C6FC8AFF0.e.3069/clear - {}
RESULT: {}
RESULT: {}
COMMAND: POST /session/7ab1c180f142dccaa2e910e5f5459d3a/element/f.C5C087060A4FA1A3F4D1CB8AF7F0E7A9.d.EAD6F261F9B545A7715B8D8C6FC8AFF0.e.3069/value - {"text":"Material"}
COMMAND: GET /session/7ab1c180f142dccaa2e910e5f5459d3a/screenshot - {}
RESULT: {"text":"Material"}
COMMAND: GET /session/7ab1c180f142dccaa2e910e5f5459d3a/screenshot - {}
RESULT: {}
RESULT: {}
COMMAND: POST /session/7ab1c180f142dccaa2e910e5f5459d3a/actions - {"actions":[{"id":"action15","type":"key","parameters":{},"actions":[{"type":"keyDown","value":""},{"type":"pause","duration":10},{"type":"keyUp","value":""}]}]}
RESULT: {"actions":[{"id":"action15","type":"key","parameters":{},"actions":[{"type":"keyDown","value":""},{"type":"pause","duration":10},{"type":"keyUp","value":""}]}]}
RESULT: undefined
COMMAND: POST /session/7ab1c180f142dccaa2e910e5f5459d3a/execute/async - {"script":"<script> [776 bytes]","args":[{"enterText":"Cement WDIO","selector":{"id":"application-manageresources-display-component---newResourceUnit--SHORT_TEXT","interaction":{"idSuffix":"inner"}},"clearTextFirst":true,"interactionType":"ENTER_TEXT"}]}
COMMAND: GET /session/7ab1c180f142dccaa2e910e5f5459d3a/screenshot - {}
RESULT: {"script":"<script> [776 bytes]","args":[{"enterText":"Cement WDIO","selector":{"id":"application-manageresources-display-component---newResourceUnit--SHORT_TEXT","interaction":{"idSuffix":"inner"}},"clearTextFirst":true,"interactionType":"ENTER_TEXT"}]}
RESULT: undefined
COMMAND: POST /session/7ab1c180f142dccaa2e910e5f5459d3a/execute/async - {"script":"<script> [776 bytes]","args":[{"enterText":"Piece","selector":{"id":"application-manageresources-display-component---newResourceUnit--BASE_UNIT_OF_MEASURE","interaction":{"idSuffix":"inner"}},"clearTextFirst":true,"interactionType":"ENTER_TEXT"}]}
RESULT: {}
RESULT: {"script":"<script> [776 bytes]","args":[{"enterText":"Piece","selector":{"id":"application-manageresources-display-component---newResourceUnit--BASE_UNIT_OF_MEASURE","interaction":{"idSuffix":"inner"}},"clearTextFirst":true,"interactionType":"ENTER_TEXT"}]}
RESULT: undefined
COMMAND: POST /session/7ab1c180f142dccaa2e910e5f5459d3a/execute/async - {"script":"<script> [776 bytes]","args":[{"enterText":"Gram","selector":{"id":"application-manageresources-display-component---newResourceUnit--WEIGHT_UNIT","interaction":{"idSuffix":"inner"}},"clearTextFirst":true,"interactionType":"ENTER_TEXT"}]}
RESULT: {"script":"<script> [776 bytes]","args":[{"enterText":"Gram","selector":{"id":"application-manageresources-display-component---newResourceUnit--WEIGHT_UNIT","interaction":{"idSuffix":"inner"}},"clearTextFirst":true,"interactionType":"ENTER_TEXT"}]}
RESULT: undefined
COMMAND: POST /session/7ab1c180f142dccaa2e910e5f5459d3a/execute/async - {"script":"<script> [776 bytes]","args":[{"enterText":"Meter","selector":{"id":"application-manageresources-display-component---newResourceUnit--DIMENSION_UNIT","interaction":{"idSuffix":"inner"}},"clearTextFirst":true,"interactionType":"ENTER_TEXT"}]}
RESULT: {"script":"<script> [776 bytes]","args":[{"enterText":"Meter","selector":{"id":"application-manageresources-display-component---newResourceUnit--DIMENSION_UNIT","interaction":{"idSuffix":"inner"}},"clearTextFirst":true,"interactionType":"ENTER_TEXT"}]}
RESULT: undefined
COMMAND: POST /session/7ab1c180f142dccaa2e910e5f5459d3a/element - {"using":"xpath","value":"//*[@id=\"application-manageresources-display-component---newResourceUnit--newRRUPage-anchBar-application-manageresources-display-component---newResourceUnit--control-anchor\"]"}
RESULT: {"using":"xpath","value":"//*[@id=\"application-manageresources-display-component---newResourceUnit--newRRUPage-anchBar-application-manageresources-display-component---newResourceUnit--control-anchor\"]"}
COMMAND: POST /session/7ab1c180f142dccaa2e910e5f5459d3a/element/f.C5C087060A4FA1A3F4D1CB8AF7F0E7A9.d.EAD6F261F9B545A7715B8D8C6FC8AFF0.e.3197/click - {}
RESULT: {}
RESULT: undefined
COMMAND: POST /session/7ab1c180f142dccaa2e910e5f5459d3a/execute/async - {"script":"<script> [776 bytes]","args":[{"enterText":"Material","selector":{"id":"application-manageresources-display-component---newResourceUnit--PLANNING_GROUP","interaction":{"idSuffix":"inner"}},"clearTextFirst":true,"interactionType":"ENTER_TEXT"}]}
COMMAND: GET /session/7ab1c180f142dccaa2e910e5f5459d3a/screenshot - {}
RESULT: {"script":"<script> [776 bytes]","args":[{"enterText":"Material","selector":{"id":"application-manageresources-display-component---newResourceUnit--PLANNING_GROUP","interaction":{"idSuffix":"inner"}},"clearTextFirst":true,"interactionType":"ENTER_TEXT"}]}
RESULT: {}
COMMAND: POST /session/7ab1c180f142dccaa2e910e5f5459d3a/execute/async - {"script":"<script> [1562 bytes]","args":[{"selector":{"id":"application-manageresources-display-component---newResourceUnit--PLANNING_INDICATOR","interaction":{"idSuffix":"inner"}},"wdio_ui5_key":"applicationmanageresources-display-component---newResourceUnit--PLANNING_INDICATOR"}]}
RESULT: {"script":"<script> [1562 bytes]","args":[{"selector":{"id":"application-manageresources-display-component---newResourceUnit--PLANNING_INDICATOR","interaction":{"idSuffix":"inner"}},"wdio_ui5_key":"applicationmanageresources-display-component---newResourceUnit--PLANNING_INDICATOR"}]}
RESULT: undefined
COMMAND: POST /session/7ab1c180f142dccaa2e910e5f5459d3a/execute/async - {"script":"<script> [776 bytes]","args":[{"enterText":"10 - infinite","selector":{"id":"application-manageresources-display-component---newResourceUnit--PLANNING_INDICATOR","interaction":{"idSuffix":"inner"}},"clearTextFirst":true,"interactionType":"ENTER_TEXT"}]}
RESULT: {"script":"<script> [776 bytes]","args":[{"enterText":"10 - infinite","selector":{"id":"application-manageresources-display-component---newResourceUnit--PLANNING_INDICATOR","interaction":{"idSuffix":"inner"}},"clearTextFirst":true,"interactionType":"ENTER_TEXT"}]}
COMMAND: POST /session/7ab1c180f142dccaa2e910e5f5459d3a/element - {"using":"css selector","value":"#application-manageresources-display-component---newResourceUnit--btnAddTimeSegment"}
RESULT: {"using":"css selector","value":"#application-manageresources-display-component---newResourceUnit--btnAddTimeSegment"}
COMMAND: GET /session/7ab1c180f142dccaa2e910e5f5459d3a/element/f.C5C087060A4FA1A3F4D1CB8AF7F0E7A9.d.EAD6F261F9B545A7715B8D8C6FC8AFF0.e.3204/rect - {}
RESULT: {}
COMMAND: GET /session/7ab1c180f142dccaa2e910e5f5459d3a/window/rect - {}
RESULT: {}
COMMAND: POST /session/7ab1c180f142dccaa2e910e5f5459d3a/execute/sync - {"script":"<script> [92 bytes]","args":[]}
RESULT: {"script":"<script> [92 bytes]","args":[]}
COMMAND: POST /session/7ab1c180f142dccaa2e910e5f5459d3a/actions - {"actions":[{"id":"action16","type":"wheel","parameters":{},"actions":[{"type":"scroll","x":-1888,"y":-32,"deltaX":0,"deltaY":0,"duration":0,"origin":{"element-6066-11e4-a52e-4f735466cecf":"f.C5C087060A4FA1A3F4D1CB8AF7F0E7A9.d.EAD6F261F9B545A7715B8D8C6FC8AFF0.e.3204"}}]}]}
COMMAND: GET /session/7ab1c180f142dccaa2e910e5f5459d3a/screenshot - {}
RESULT: {}
COMMAND: POST /session/7ab1c180f142dccaa2e910e5f5459d3a/execute/sync - {"script":"<script> [79 bytes]","args":[{"element-6066-11e4-a52e-4f735466cecf":"f.C5C087060A4FA1A3F4D1CB8AF7F0E7A9.d.EAD6F261F9B545A7715B8D8C6FC8AFF0.e.3204","ELEMENT":"f.C5C087060A4FA1A3F4D1CB8AF7F0E7A9.d.EAD6F261F9B545A7715B8D8C6FC8AFF0.e.3204"},{"block":"start","inline":"nearest"}]}
RESULT: {"script":"<script> [79 bytes]","args":[{"element-6066-11e4-a52e-4f735466cecf":"f.C5C087060A4FA1A3F4D1CB8AF7F0E7A9.d.EAD6F261F9B545A7715B8D8C6FC8AFF0.e.3204","ELEMENT":"f.C5C087060A4FA1A3F4D1CB8AF7F0E7A9.d.EAD6F261F9B545A7715B8D8C6FC8AFF0.e.3204"},{"block":"start","inline":"nearest"}]}
RESULT: undefined
COMMAND: POST /session/7ab1c180f142dccaa2e910e5f5459d3a/element - {"using":"xpath","value":"//*[@id=\"application-manageresources-display-component---newResourceUnit--btnAddTimeSegment\"]"}
COMMAND: GET /session/7ab1c180f142dccaa2e910e5f5459d3a/screenshot - {}
RESULT: {"using":"xpath","value":"//*[@id=\"application-manageresources-display-component---newResourceUnit--btnAddTimeSegment\"]"}
COMMAND: POST /session/7ab1c180f142dccaa2e910e5f5459d3a/element/f.C5C087060A4FA1A3F4D1CB8AF7F0E7A9.d.EAD6F261F9B545A7715B8D8C6FC8AFF0.e.3204/click - {}
RESULT: {}
RESULT: {}
COMMAND: GET /session/7ab1c180f142dccaa2e910e5f5459d3a/screenshot - {}
RESULT: {}
COMMAND: POST /session/7ab1c180f142dccaa2e910e5f5459d3a/element - {"using":"xpath","value":"//input[@id=\"application-manageresources-display-component---newResourceUnit--idRuTSAdmin-application-manageresources-display-component---newResourceUnit--RUTimeSegment-0-inner\"]"}
RESULT: {"using":"xpath","value":"//input[@id=\"application-manageresources-display-component---newResourceUnit--idRuTSAdmin-application-manageresources-display-component---newResourceUnit--RUTimeSegment-0-inner\"]"}
COMMAND: POST /session/7ab1c180f142dccaa2e910e5f5459d3a/element/f.C5C087060A4FA1A3F4D1CB8AF7F0E7A9.d.EAD6F261F9B545A7715B8D8C6FC8AFF0.e.3208/clear - {}
RESULT: {}
COMMAND: POST /session/7ab1c180f142dccaa2e910e5f5459d3a/element/f.C5C087060A4FA1A3F4D1CB8AF7F0E7A9.d.EAD6F261F9B545A7715B8D8C6FC8AFF0.e.3208/value - {"text":"109"}
COMMAND: GET /session/7ab1c180f142dccaa2e910e5f5459d3a/screenshot - {}
RESULT: {"text":"109"}
COMMAND: GET /session/7ab1c180f142dccaa2e910e5f5459d3a/screenshot - {}
RESULT: {}
RESULT: {}
COMMAND: POST /session/7ab1c180f142dccaa2e910e5f5459d3a/element - {"using":"xpath","value":"//li[.//span[text()='109']]"}
RESULT: {"using":"xpath","value":"//li[.//span[text()='109']]"}
COMMAND: POST /session/7ab1c180f142dccaa2e910e5f5459d3a/element/f.C5C087060A4FA1A3F4D1CB8AF7F0E7A9.d.EAD6F261F9B545A7715B8D8C6FC8AFF0.e.3218/click - {}
RESULT: {}
COMMAND: GET /session/7ab1c180f142dccaa2e910e5f5459d3a/screenshot - {}
RESULT: {}
COMMAND: POST /session/7ab1c180f142dccaa2e910e5f5459d3a/element - {"using":"xpath","value":"(//span[contains(@id, \"-application-manageresources-display-component---newResourceUnit--RUTimeSegment-0-arrow\")])[2]"}
RESULT: {"using":"xpath","value":"(//span[contains(@id, \"-application-manageresources-display-component---newResourceUnit--RUTimeSegment-0-arrow\")])[2]"}
COMMAND: POST /session/7ab1c180f142dccaa2e910e5f5459d3a/element/f.C5C087060A4FA1A3F4D1CB8AF7F0E7A9.d.EAD6F261F9B545A7715B8D8C6FC8AFF0.e.3219/click - {}
RESULT: {}
COMMAND: POST /session/7ab1c180f142dccaa2e910e5f5459d3a/element - {"using":"xpath","value":"//span[contains(text(), \"PM Order\")]"}
COMMAND: GET /session/7ab1c180f142dccaa2e910e5f5459d3a/screenshot - {}
RESULT: {"using":"xpath","value":"//span[contains(text(), \"PM Order\")]"}
COMMAND: POST /session/7ab1c180f142dccaa2e910e5f5459d3a/element/f.C5C087060A4FA1A3F4D1CB8AF7F0E7A9.d.EAD6F261F9B545A7715B8D8C6FC8AFF0.e.3220/click - {}
RESULT: {}
RESULT: {}
COMMAND: GET /session/7ab1c180f142dccaa2e910e5f5459d3a/screenshot - {}
RESULT: {}
COMMAND: POST /session/7ab1c180f142dccaa2e910e5f5459d3a/element - {"using":"xpath","value":"//td/div/div/div/span[contains(@id, \"newResourceUnit--RUTimeSegment-0-vhi\")][1]"}
RESULT: {"using":"xpath","value":"//td/div/div/div/span[contains(@id, \"newResourceUnit--RUTimeSegment-0-vhi\")][1]"}
COMMAND: GET /session/7ab1c180f142dccaa2e910e5f5459d3a/element/f.C5C087060A4FA1A3F4D1CB8AF7F0E7A9.d.EAD6F261F9B545A7715B8D8C6FC8AFF0.e.3224/rect - {}
RESULT: {}
COMMAND: GET /session/7ab1c180f142dccaa2e910e5f5459d3a/window/rect - {}
RESULT: {}
COMMAND: POST /session/7ab1c180f142dccaa2e910e5f5459d3a/execute/sync - {"script":"<script> [92 bytes]","args":[]}
RESULT: {"script":"<script> [92 bytes]","args":[]}
COMMAND: POST /session/7ab1c180f142dccaa2e910e5f5459d3a/actions - {"actions":[{"id":"action17","type":"wheel","parameters":{},"actions":[{"type":"scroll","x":-1888,"y":-24,"deltaX":0,"deltaY":0,"duration":0,"origin":{"element-6066-11e4-a52e-4f735466cecf":"f.C5C087060A4FA1A3F4D1CB8AF7F0E7A9.d.EAD6F261F9B545A7715B8D8C6FC8AFF0.e.3224"}}]}]}
COMMAND: GET /session/7ab1c180f142dccaa2e910e5f5459d3a/screenshot - {}
RESULT: {}
COMMAND: POST /session/7ab1c180f142dccaa2e910e5f5459d3a/execute/sync - {"script":"<script> [79 bytes]","args":[{"element-6066-11e4-a52e-4f735466cecf":"f.C5C087060A4FA1A3F4D1CB8AF7F0E7A9.d.EAD6F261F9B545A7715B8D8C6FC8AFF0.e.3224","ELEMENT":"f.C5C087060A4FA1A3F4D1CB8AF7F0E7A9.d.EAD6F261F9B545A7715B8D8C6FC8AFF0.e.3224"},{"block":"start","inline":"nearest"}]}
RESULT: {"script":"<script> [79 bytes]","args":[{"element-6066-11e4-a52e-4f735466cecf":"f.C5C087060A4FA1A3F4D1CB8AF7F0E7A9.d.EAD6F261F9B545A7715B8D8C6FC8AFF0.e.3224","ELEMENT":"f.C5C087060A4FA1A3F4D1CB8AF7F0E7A9.d.EAD6F261F9B545A7715B8D8C6FC8AFF0.e.3224"},{"block":"start","inline":"nearest"}]}
COMMAND: GET /session/7ab1c180f142dccaa2e910e5f5459d3a/screenshot - {}
RESULT: {}
COMMAND: POST /session/7ab1c180f142dccaa2e910e5f5459d3a/element/f.C5C087060A4FA1A3F4D1CB8AF7F0E7A9.d.EAD6F261F9B545A7715B8D8C6FC8AFF0.e.3224/click - {}
RESULT: {}
COMMAND: GET /session/7ab1c180f142dccaa2e910e5f5459d3a/screenshot - {}
RESULT: {}
RESULT: undefined
COMMAND: POST /session/7ab1c180f142dccaa2e910e5f5459d3a/execute/async - {"script":"<script> [776 bytes]","args":[{"enterText":"4000360","selector":{"controlType":"sap.m.SearchField","properties":{"placeholder":"Search"},"searchOpenDialogs":true,"interaction":{"idSuffix":"I"}},"clearTextFirst":true,"interactionType":"ENTER_TEXT"}]}
RESULT: {"script":"<script> [776 bytes]","args":[{"enterText":"4000360","selector":{"controlType":"sap.m.SearchField","properties":{"placeholder":"Search"},"searchOpenDialogs":true,"interaction":{"idSuffix":"I"}},"clearTextFirst":true,"interactionType":"ENTER_TEXT"}]}
COMMAND: POST /session/7ab1c180f142dccaa2e910e5f5459d3a/actions - {"actions":[{"id":"action18","type":"key","parameters":{},"actions":[{"type":"keyDown","value":""},{"type":"pause","duration":10},{"type":"keyUp","value":""}]}]}
RESULT: {"actions":[{"id":"action18","type":"key","parameters":{},"actions":[{"type":"keyDown","value":""},{"type":"pause","duration":10},{"type":"keyUp","value":""}]}]}
COMMAND: GET /session/7ab1c180f142dccaa2e910e5f5459d3a/screenshot - {}
RESULT: {}
COMMAND: POST /session/7ab1c180f142dccaa2e910e5f5459d3a/element - {"using":"xpath","value":"//td/div/span[contains(text(), \"BGL Vehicles\")]"}
RESULT: {"using":"xpath","value":"//td/div/span[contains(text(), \"BGL Vehicles\")]"}
COMMAND: POST /session/7ab1c180f142dccaa2e910e5f5459d3a/element/f.C5C087060A4FA1A3F4D1CB8AF7F0E7A9.d.EAD6F261F9B545A7715B8D8C6FC8AFF0.e.3244/click - {}
RESULT: {}
COMMAND: GET /session/7ab1c180f142dccaa2e910e5f5459d3a/screenshot - {}
RESULT: {}
COMMAND: POST /session/7ab1c180f142dccaa2e910e5f5459d3a/element - {"using":"xpath","value":"//bdi[contains(text(), \"OK\")]"}
RESULT: {"using":"xpath","value":"//bdi[contains(text(), \"OK\")]"}
COMMAND: POST /session/7ab1c180f142dccaa2e910e5f5459d3a/element/f.C5C087060A4FA1A3F4D1CB8AF7F0E7A9.d.EAD6F261F9B545A7715B8D8C6FC8AFF0.e.3245/click - {}
RESULT: {}
COMMAND: GET /session/7ab1c180f142dccaa2e910e5f5459d3a/screenshot - {}
RESULT: {}
COMMAND: POST /session/7ab1c180f142dccaa2e910e5f5459d3a/element - {"using":"xpath","value":"//label[contains(@class, 'sapMLabelRequired') and .//bdi[contains(text(), 'Planned Retirement')]]"}
RESULT: {"using":"xpath","value":"//label[contains(@class, 'sapMLabelRequired') and .//bdi[contains(text(), 'Planned Retirement')]]"}
COMMAND: POST /session/7ab1c180f142dccaa2e910e5f5459d3a/elements - {"using":"xpath","value":"//label[contains(@class, 'sapMLabelRequired') and .//bdi[contains(text(), 'Planned Retirement')]]"}
RESULT: {"using":"xpath","value":"//label[contains(@class, 'sapMLabelRequired') and .//bdi[contains(text(), 'Planned Retirement')]]"}
COMMAND: POST /session/7ab1c180f142dccaa2e910e5f5459d3a/element - {"using":"xpath","value":"//button[@data-kt=\"resourceUnitSaveButton\"]"}
RESULT: {"using":"xpath","value":"//button[@data-kt=\"resourceUnitSaveButton\"]"}
COMMAND: POST /session/7ab1c180f142dccaa2e910e5f5459d3a/element/f.C5C087060A4FA1A3F4D1CB8AF7F0E7A9.d.EAD6F261F9B545A7715B8D8C6FC8AFF0.e.3089/click - {}
RESULT: {}
COMMAND: GET /session/7ab1c180f142dccaa2e910e5f5459d3a/screenshot - {}
RESULT: {}
COMMAND: POST /session/7ab1c180f142dccaa2e910e5f5459d3a/element - {"using":"xpath","value":"//bdi[contains(text(), \"Close\")]"}
RESULT: {"using":"xpath","value":"//bdi[contains(text(), \"Close\")]"}
COMMAND: POST /session/7ab1c180f142dccaa2e910e5f5459d3a/element/f.C5C087060A4FA1A3F4D1CB8AF7F0E7A9.d.EAD6F261F9B545A7715B8D8C6FC8AFF0.e.3251/click - {}
RESULT: {}
COMMAND: GET /session/7ab1c180f142dccaa2e910e5f5459d3a/screenshot - {}
RESULT: {}
COMMAND: POST /session/7ab1c180f142dccaa2e910e5f5459d3a/element - {"using":"xpath","value":"//header[contains(@id, 'detailRruPage-headerTitle')]/div[1]/div[2]/div[2]/span[1]"}
RESULT: {"using":"xpath","value":"//header[contains(@id, 'detailRruPage-headerTitle')]/div[1]/div[2]/div[2]/span[1]"}
COMMAND: POST /session/7ab1c180f142dccaa2e910e5f5459d3a/elements - {"using":"xpath","value":"//header[contains(@id, 'detailRruPage-headerTitle')]/div[1]/div[2]/div[2]/span[1]"}
RESULT: {"using":"xpath","value":"//header[contains(@id, 'detailRruPage-headerTitle')]/div[1]/div[2]/div[2]/span[1]"}
COMMAND: POST /session/7ab1c180f142dccaa2e910e5f5459d3a/execute/sync - {"script":"<script> [56 bytes]","args":[{"element-6066-11e4-a52e-4f735466cecf":"f.C5C087060A4FA1A3F4D1CB8AF7F0E7A9.d.EAD6F261F9B545A7715B8D8C6FC8AFF0.e.3284","ELEMENT":"f.C5C087060A4FA1A3F4D1CB8AF7F0E7A9.d.EAD6F261F9B545A7715B8D8C6FC8AFF0.e.3284"}]}
RESULT: {"script":"<script> [56 bytes]","args":[{"element-6066-11e4-a52e-4f735466cecf":"f.C5C087060A4FA1A3F4D1CB8AF7F0E7A9.d.EAD6F261F9B545A7715B8D8C6FC8AFF0.e.3284","ELEMENT":"f.C5C087060A4FA1A3F4D1CB8AF7F0E7A9.d.EAD6F261F9B545A7715B8D8C6FC8AFF0.e.3284"}]}
COMMAND: POST /session/7ab1c180f142dccaa2e910e5f5459d3a/element - {"using":"css selector","value":"#shell-header-logo"}
COMMAND: GET /session/7ab1c180f142dccaa2e910e5f5459d3a/screenshot - {}
RESULT: {"using":"css selector","value":"#shell-header-logo"}
COMMAND: POST /session/7ab1c180f142dccaa2e910e5f5459d3a/element/f.C5C087060A4FA1A3F4D1CB8AF7F0E7A9.d.EAD6F261F9B545A7715B8D8C6FC8AFF0.e.2688/click - {}
RESULT: {}
RESULT: {}
COMMAND: GET /session/7ab1c180f142dccaa2e910e5f5459d3a/screenshot - {}
RESULT: {}
]]></system-out>
    </testcase>
    <testcase classname="chrome.136_0_7103_93.windows.RU_Inventory_Mass_State_Change_Multiple_Items_US151066" name="Prerequisite Step 2 Should do a stock increase handover for the equipment" time="97.019">
      <failure/>
      <error message="Can't call click on element with selector &quot;//li[.//span[contains(text(),'109 -')]]&quot; because element wasn't found"/>
      <system-out><![CDATA[
COMMAND: POST /session/7ab1c180f142dccaa2e910e5f5459d3a/execute/async - {"script":"<script> [1562 bytes]","args":[{"selector":{"controlType":"sap.m.GenericTile","properties":{"header":"Manage Handovers"}},"wdio_ui5_key":"sapm.GenericTile{\"header\":\"Manage Handovers\"}"}]}
RESULT: {"script":"<script> [1562 bytes]","args":[{"selector":{"controlType":"sap.m.GenericTile","properties":{"header":"Manage Handovers"}},"wdio_ui5_key":"sapm.GenericTile{\"header\":\"Manage Handovers\"}"}]}
RESULT: undefined
COMMAND: POST /session/7ab1c180f142dccaa2e910e5f5459d3a/element - {"using":"xpath","value":"//*[@id=\"__tile133\"]"}
RESULT: {"using":"xpath","value":"//*[@id=\"__tile133\"]"}
COMMAND: POST /session/7ab1c180f142dccaa2e910e5f5459d3a/element/f.C5C087060A4FA1A3F4D1CB8AF7F0E7A9.d.EAD6F261F9B545A7715B8D8C6FC8AFF0.e.250/click - {}
RESULT: {}
COMMAND: GET /session/7ab1c180f142dccaa2e910e5f5459d3a/screenshot - {}
RESULT: {}
COMMAND: POST /session/7ab1c180f142dccaa2e910e5f5459d3a/elements - {"using":"xpath","value":"//span[text()='Error']"}
RESULT: {"using":"xpath","value":"//span[text()='Error']"}
COMMAND: POST /session/7ab1c180f142dccaa2e910e5f5459d3a/element - {"using":"xpath","value":"//button[@data-kt=\"masterHOAddButton\"]"}
RESULT: {"using":"xpath","value":"//button[@data-kt=\"masterHOAddButton\"]"}
COMMAND: POST /session/7ab1c180f142dccaa2e910e5f5459d3a/elements - {"using":"xpath","value":"//button[@data-kt=\"masterHOAddButton\"]"}
RESULT: {"using":"xpath","value":"//button[@data-kt=\"masterHOAddButton\"]"}
COMMAND: POST /session/7ab1c180f142dccaa2e910e5f5459d3a/elements - {"using":"xpath","value":"//button[@data-kt=\"masterHOAddButton\"]"}
RESULT: {"using":"xpath","value":"//button[@data-kt=\"masterHOAddButton\"]"}
COMMAND: POST /session/7ab1c180f142dccaa2e910e5f5459d3a/element - {"using":"xpath","value":"//button[@data-kt=\"masterHOAddButton\"]"}
RESULT: {"using":"xpath","value":"//button[@data-kt=\"masterHOAddButton\"]"}
COMMAND: POST /session/7ab1c180f142dccaa2e910e5f5459d3a/execute/sync - {"script":"<script> [8489 bytes]","args":[{"element-6066-11e4-a52e-4f735466cecf":"f.C5C087060A4FA1A3F4D1CB8AF7F0E7A9.d.EAD6F261F9B545A7715B8D8C6FC8AFF0.e.3317","ELEMENT":"f.C5C087060A4FA1A3F4D1CB8AF7F0E7A9.d.EAD6F261F9B545A7715B8D8C6FC8AFF0.e.3317"}]}
RESULT: {"script":"<script> [8489 bytes]","args":[{"element-6066-11e4-a52e-4f735466cecf":"f.C5C087060A4FA1A3F4D1CB8AF7F0E7A9.d.EAD6F261F9B545A7715B8D8C6FC8AFF0.e.3317","ELEMENT":"f.C5C087060A4FA1A3F4D1CB8AF7F0E7A9.d.EAD6F261F9B545A7715B8D8C6FC8AFF0.e.3317"}]}
COMMAND: GET /session/7ab1c180f142dccaa2e910e5f5459d3a/element/f.C5C087060A4FA1A3F4D1CB8AF7F0E7A9.d.EAD6F261F9B545A7715B8D8C6FC8AFF0.e.3317/enabled - {}
COMMAND: GET /session/7ab1c180f142dccaa2e910e5f5459d3a/screenshot - {}
RESULT: {}
COMMAND: POST /session/7ab1c180f142dccaa2e910e5f5459d3a/execute/sync - {"script":"<script> [8489 bytes]","args":[{"element-6066-11e4-a52e-4f735466cecf":"f.C5C087060A4FA1A3F4D1CB8AF7F0E7A9.d.EAD6F261F9B545A7715B8D8C6FC8AFF0.e.3317","ELEMENT":"f.C5C087060A4FA1A3F4D1CB8AF7F0E7A9.d.EAD6F261F9B545A7715B8D8C6FC8AFF0.e.3317"}]}
COMMAND: GET /session/7ab1c180f142dccaa2e910e5f5459d3a/screenshot - {}
RESULT: {}
RESULT: {"script":"<script> [8489 bytes]","args":[{"element-6066-11e4-a52e-4f735466cecf":"f.C5C087060A4FA1A3F4D1CB8AF7F0E7A9.d.EAD6F261F9B545A7715B8D8C6FC8AFF0.e.3317","ELEMENT":"f.C5C087060A4FA1A3F4D1CB8AF7F0E7A9.d.EAD6F261F9B545A7715B8D8C6FC8AFF0.e.3317"}]}
COMMAND: POST /session/7ab1c180f142dccaa2e910e5f5459d3a/execute/sync - {"script":"<script> [5351 bytes]","args":[{"element-6066-11e4-a52e-4f735466cecf":"f.C5C087060A4FA1A3F4D1CB8AF7F0E7A9.d.EAD6F261F9B545A7715B8D8C6FC8AFF0.e.3317","ELEMENT":"f.C5C087060A4FA1A3F4D1CB8AF7F0E7A9.d.EAD6F261F9B545A7715B8D8C6FC8AFF0.e.3317"}]}
COMMAND: GET /session/7ab1c180f142dccaa2e910e5f5459d3a/screenshot - {}
RESULT: {}
RESULT: {"script":"<script> [5351 bytes]","args":[{"element-6066-11e4-a52e-4f735466cecf":"f.C5C087060A4FA1A3F4D1CB8AF7F0E7A9.d.EAD6F261F9B545A7715B8D8C6FC8AFF0.e.3317","ELEMENT":"f.C5C087060A4FA1A3F4D1CB8AF7F0E7A9.d.EAD6F261F9B545A7715B8D8C6FC8AFF0.e.3317"}]}
COMMAND: POST /session/7ab1c180f142dccaa2e910e5f5459d3a/element/f.C5C087060A4FA1A3F4D1CB8AF7F0E7A9.d.EAD6F261F9B545A7715B8D8C6FC8AFF0.e.3317/click - {}
COMMAND: GET /session/7ab1c180f142dccaa2e910e5f5459d3a/screenshot - {}
RESULT: {}
RESULT: {}
COMMAND: GET /session/7ab1c180f142dccaa2e910e5f5459d3a/screenshot - {}
COMMAND: POST /session/7ab1c180f142dccaa2e910e5f5459d3a/element - {"using":"xpath","value":"//span[contains(@id ,\"AddNewHO--typeSelect-arrow\")]"}
RESULT: {}
RESULT: {}
RESULT: {"using":"xpath","value":"//span[contains(@id ,\"AddNewHO--typeSelect-arrow\")]"}
COMMAND: POST /session/7ab1c180f142dccaa2e910e5f5459d3a/element/f.C5C087060A4FA1A3F4D1CB8AF7F0E7A9.d.EAD6F261F9B545A7715B8D8C6FC8AFF0.e.3664/click - {}
RESULT: {}
COMMAND: GET /session/7ab1c180f142dccaa2e910e5f5459d3a/screenshot - {}
RESULT: {}
COMMAND: POST /session/7ab1c180f142dccaa2e910e5f5459d3a/element - {"using":"xpath","value":"(//li[contains(text(), \"stock increase yard\")])[1]"}
RESULT: {"using":"xpath","value":"(//li[contains(text(), \"stock increase yard\")])[1]"}
COMMAND: POST /session/7ab1c180f142dccaa2e910e5f5459d3a/element/f.C5C087060A4FA1A3F4D1CB8AF7F0E7A9.d.EAD6F261F9B545A7715B8D8C6FC8AFF0.e.3665/click - {}
RESULT: {}
COMMAND: GET /session/7ab1c180f142dccaa2e910e5f5459d3a/screenshot - {}
RESULT: {}
COMMAND: POST /session/7ab1c180f142dccaa2e910e5f5459d3a/execute/async - {"script":"<script> [1562 bytes]","args":[{"selector":{"id":"application-managehandovers-display-component---AddNewHO--dueDate","interaction":{"idSuffix":"inner"}},"wdio_ui5_key":"applicationmanagehandovers-display-component---AddNewHO--dueDate"}]}
RESULT: {"script":"<script> [1562 bytes]","args":[{"selector":{"id":"application-managehandovers-display-component---AddNewHO--dueDate","interaction":{"idSuffix":"inner"}},"wdio_ui5_key":"applicationmanagehandovers-display-component---AddNewHO--dueDate"}]}
RESULT: undefined
COMMAND: POST /session/7ab1c180f142dccaa2e910e5f5459d3a/execute/async - {"script":"<script> [6424 bytes]","args":[{"element-6066-11e4-a52e-4f735466cecf":"f.C5C087060A4FA1A3F4D1CB8AF7F0E7A9.d.EAD6F261F9B545A7715B8D8C6FC8AFF0.e.3669"},"setValue",["5/30/25"]]}
RESULT: {"script":"<script> [6424 bytes]","args":[{"element-6066-11e4-a52e-4f735466cecf":"f.C5C087060A4FA1A3F4D1CB8AF7F0E7A9.d.EAD6F261F9B545A7715B8D8C6FC8AFF0.e.3669"},"setValue",["5/30/25"]]}
COMMAND: POST /session/7ab1c180f142dccaa2e910e5f5459d3a/element - {"using":"xpath","value":"//input[@id=\"generalSectionFrg--receiveYard-inner\"]"}
RESULT: {"using":"xpath","value":"//input[@id=\"generalSectionFrg--receiveYard-inner\"]"}
COMMAND: POST /session/7ab1c180f142dccaa2e910e5f5459d3a/element/f.C5C087060A4FA1A3F4D1CB8AF7F0E7A9.d.EAD6F261F9B545A7715B8D8C6FC8AFF0.e.3675/clear - {}
RESULT: {}
COMMAND: POST /session/7ab1c180f142dccaa2e910e5f5459d3a/element/f.C5C087060A4FA1A3F4D1CB8AF7F0E7A9.d.EAD6F261F9B545A7715B8D8C6FC8AFF0.e.3675/value - {"text":"109"}
COMMAND: GET /session/7ab1c180f142dccaa2e910e5f5459d3a/screenshot - {}
RESULT: {"text":"109"}
COMMAND: GET /session/7ab1c180f142dccaa2e910e5f5459d3a/screenshot - {}
RESULT: {}
RESULT: {}
COMMAND: POST /session/7ab1c180f142dccaa2e910e5f5459d3a/element - {"using":"xpath","value":"//li[.//span[contains(text(),'109 -')]]"}
RESULT: {"using":"xpath","value":"//li[.//span[contains(text(),'109 -')]]"}
COMMAND: POST /session/7ab1c180f142dccaa2e910e5f5459d3a/elements - {"using":"xpath","value":"//li[.//span[contains(text(),'109 -')]]"}
RESULT: {"using":"xpath","value":"//li[.//span[contains(text(),'109 -')]]"}
COMMAND: POST /session/7ab1c180f142dccaa2e910e5f5459d3a/elements - {"using":"xpath","value":"//li[.//span[contains(text(),'109 -')]]"}
RESULT: {"using":"xpath","value":"//li[.//span[contains(text(),'109 -')]]"}
COMMAND: POST /session/7ab1c180f142dccaa2e910e5f5459d3a/elements - {"using":"xpath","value":"//li[.//span[contains(text(),'109 -')]]"}
RESULT: {"using":"xpath","value":"//li[.//span[contains(text(),'109 -')]]"}
COMMAND: POST /session/7ab1c180f142dccaa2e910e5f5459d3a/elements - {"using":"xpath","value":"//li[.//span[contains(text(),'109 -')]]"}
RESULT: {"using":"xpath","value":"//li[.//span[contains(text(),'109 -')]]"}
COMMAND: POST /session/7ab1c180f142dccaa2e910e5f5459d3a/elements - {"using":"xpath","value":"//li[.//span[contains(text(),'109 -')]]"}
RESULT: {"using":"xpath","value":"//li[.//span[contains(text(),'109 -')]]"}
COMMAND: POST /session/7ab1c180f142dccaa2e910e5f5459d3a/elements - {"using":"xpath","value":"//li[.//span[contains(text(),'109 -')]]"}
RESULT: {"using":"xpath","value":"//li[.//span[contains(text(),'109 -')]]"}
COMMAND: POST /session/7ab1c180f142dccaa2e910e5f5459d3a/elements - {"using":"xpath","value":"//li[.//span[contains(text(),'109 -')]]"}
RESULT: {"using":"xpath","value":"//li[.//span[contains(text(),'109 -')]]"}
COMMAND: POST /session/7ab1c180f142dccaa2e910e5f5459d3a/elements - {"using":"xpath","value":"//li[.//span[contains(text(),'109 -')]]"}
RESULT: {"using":"xpath","value":"//li[.//span[contains(text(),'109 -')]]"}
COMMAND: POST /session/7ab1c180f142dccaa2e910e5f5459d3a/elements - {"using":"xpath","value":"//li[.//span[contains(text(),'109 -')]]"}
RESULT: {"using":"xpath","value":"//li[.//span[contains(text(),'109 -')]]"}
COMMAND: POST /session/7ab1c180f142dccaa2e910e5f5459d3a/elements - {"using":"xpath","value":"//li[.//span[contains(text(),'109 -')]]"}
RESULT: {"using":"xpath","value":"//li[.//span[contains(text(),'109 -')]]"}
COMMAND: POST /session/7ab1c180f142dccaa2e910e5f5459d3a/elements - {"using":"xpath","value":"//li[.//span[contains(text(),'109 -')]]"}
RESULT: {"using":"xpath","value":"//li[.//span[contains(text(),'109 -')]]"}
COMMAND: POST /session/7ab1c180f142dccaa2e910e5f5459d3a/elements - {"using":"xpath","value":"//li[.//span[contains(text(),'109 -')]]"}
RESULT: {"using":"xpath","value":"//li[.//span[contains(text(),'109 -')]]"}
COMMAND: POST /session/7ab1c180f142dccaa2e910e5f5459d3a/elements - {"using":"xpath","value":"//li[.//span[contains(text(),'109 -')]]"}
RESULT: {"using":"xpath","value":"//li[.//span[contains(text(),'109 -')]]"}
COMMAND: POST /session/7ab1c180f142dccaa2e910e5f5459d3a/elements - {"using":"xpath","value":"//li[.//span[contains(text(),'109 -')]]"}
RESULT: {"using":"xpath","value":"//li[.//span[contains(text(),'109 -')]]"}
COMMAND: POST /session/7ab1c180f142dccaa2e910e5f5459d3a/elements - {"using":"xpath","value":"//li[.//span[contains(text(),'109 -')]]"}
RESULT: {"using":"xpath","value":"//li[.//span[contains(text(),'109 -')]]"}
COMMAND: POST /session/7ab1c180f142dccaa2e910e5f5459d3a/elements - {"using":"xpath","value":"//li[.//span[contains(text(),'109 -')]]"}
RESULT: {"using":"xpath","value":"//li[.//span[contains(text(),'109 -')]]"}
COMMAND: POST /session/7ab1c180f142dccaa2e910e5f5459d3a/elements - {"using":"xpath","value":"//li[.//span[contains(text(),'109 -')]]"}
RESULT: {"using":"xpath","value":"//li[.//span[contains(text(),'109 -')]]"}
COMMAND: POST /session/7ab1c180f142dccaa2e910e5f5459d3a/elements - {"using":"xpath","value":"//li[.//span[contains(text(),'109 -')]]"}
RESULT: {"using":"xpath","value":"//li[.//span[contains(text(),'109 -')]]"}
COMMAND: POST /session/7ab1c180f142dccaa2e910e5f5459d3a/elements - {"using":"xpath","value":"//li[.//span[contains(text(),'109 -')]]"}
RESULT: {"using":"xpath","value":"//li[.//span[contains(text(),'109 -')]]"}
COMMAND: POST /session/7ab1c180f142dccaa2e910e5f5459d3a/elements - {"using":"xpath","value":"//li[.//span[contains(text(),'109 -')]]"}
RESULT: {"using":"xpath","value":"//li[.//span[contains(text(),'109 -')]]"}
COMMAND: POST /session/7ab1c180f142dccaa2e910e5f5459d3a/elements - {"using":"xpath","value":"//li[.//span[contains(text(),'109 -')]]"}
RESULT: {"using":"xpath","value":"//li[.//span[contains(text(),'109 -')]]"}
COMMAND: POST /session/7ab1c180f142dccaa2e910e5f5459d3a/elements - {"using":"xpath","value":"//li[.//span[contains(text(),'109 -')]]"}
RESULT: {"using":"xpath","value":"//li[.//span[contains(text(),'109 -')]]"}
COMMAND: POST /session/7ab1c180f142dccaa2e910e5f5459d3a/elements - {"using":"xpath","value":"//li[.//span[contains(text(),'109 -')]]"}
RESULT: {"using":"xpath","value":"//li[.//span[contains(text(),'109 -')]]"}
COMMAND: POST /session/7ab1c180f142dccaa2e910e5f5459d3a/elements - {"using":"xpath","value":"//li[.//span[contains(text(),'109 -')]]"}
RESULT: {"using":"xpath","value":"//li[.//span[contains(text(),'109 -')]]"}
COMMAND: POST /session/7ab1c180f142dccaa2e910e5f5459d3a/elements - {"using":"xpath","value":"//li[.//span[contains(text(),'109 -')]]"}
RESULT: {"using":"xpath","value":"//li[.//span[contains(text(),'109 -')]]"}
COMMAND: POST /session/7ab1c180f142dccaa2e910e5f5459d3a/elements - {"using":"xpath","value":"//li[.//span[contains(text(),'109 -')]]"}
RESULT: {"using":"xpath","value":"//li[.//span[contains(text(),'109 -')]]"}
COMMAND: POST /session/7ab1c180f142dccaa2e910e5f5459d3a/elements - {"using":"xpath","value":"//li[.//span[contains(text(),'109 -')]]"}
RESULT: {"using":"xpath","value":"//li[.//span[contains(text(),'109 -')]]"}
COMMAND: POST /session/7ab1c180f142dccaa2e910e5f5459d3a/elements - {"using":"xpath","value":"//li[.//span[contains(text(),'109 -')]]"}
RESULT: {"using":"xpath","value":"//li[.//span[contains(text(),'109 -')]]"}
COMMAND: POST /session/7ab1c180f142dccaa2e910e5f5459d3a/elements - {"using":"xpath","value":"//li[.//span[contains(text(),'109 -')]]"}
RESULT: {"using":"xpath","value":"//li[.//span[contains(text(),'109 -')]]"}
COMMAND: POST /session/7ab1c180f142dccaa2e910e5f5459d3a/elements - {"using":"xpath","value":"//li[.//span[contains(text(),'109 -')]]"}
RESULT: {"using":"xpath","value":"//li[.//span[contains(text(),'109 -')]]"}
COMMAND: POST /session/7ab1c180f142dccaa2e910e5f5459d3a/elements - {"using":"xpath","value":"//li[.//span[contains(text(),'109 -')]]"}
RESULT: {"using":"xpath","value":"//li[.//span[contains(text(),'109 -')]]"}
COMMAND: POST /session/7ab1c180f142dccaa2e910e5f5459d3a/elements - {"using":"xpath","value":"//li[.//span[contains(text(),'109 -')]]"}
RESULT: {"using":"xpath","value":"//li[.//span[contains(text(),'109 -')]]"}
COMMAND: POST /session/7ab1c180f142dccaa2e910e5f5459d3a/elements - {"using":"xpath","value":"//li[.//span[contains(text(),'109 -')]]"}
RESULT: {"using":"xpath","value":"//li[.//span[contains(text(),'109 -')]]"}
COMMAND: POST /session/7ab1c180f142dccaa2e910e5f5459d3a/elements - {"using":"xpath","value":"//li[.//span[contains(text(),'109 -')]]"}
RESULT: {"using":"xpath","value":"//li[.//span[contains(text(),'109 -')]]"}
COMMAND: POST /session/7ab1c180f142dccaa2e910e5f5459d3a/elements - {"using":"xpath","value":"//li[.//span[contains(text(),'109 -')]]"}
RESULT: {"using":"xpath","value":"//li[.//span[contains(text(),'109 -')]]"}
COMMAND: POST /session/7ab1c180f142dccaa2e910e5f5459d3a/elements - {"using":"xpath","value":"//li[.//span[contains(text(),'109 -')]]"}
RESULT: {"using":"xpath","value":"//li[.//span[contains(text(),'109 -')]]"}
COMMAND: POST /session/7ab1c180f142dccaa2e910e5f5459d3a/elements - {"using":"xpath","value":"//li[.//span[contains(text(),'109 -')]]"}
RESULT: {"using":"xpath","value":"//li[.//span[contains(text(),'109 -')]]"}
COMMAND: POST /session/7ab1c180f142dccaa2e910e5f5459d3a/elements - {"using":"xpath","value":"//li[.//span[contains(text(),'109 -')]]"}
RESULT: {"using":"xpath","value":"//li[.//span[contains(text(),'109 -')]]"}
COMMAND: POST /session/7ab1c180f142dccaa2e910e5f5459d3a/elements - {"using":"xpath","value":"//li[.//span[contains(text(),'109 -')]]"}
RESULT: {"using":"xpath","value":"//li[.//span[contains(text(),'109 -')]]"}
COMMAND: POST /session/7ab1c180f142dccaa2e910e5f5459d3a/elements - {"using":"xpath","value":"//li[.//span[contains(text(),'109 -')]]"}
RESULT: {"using":"xpath","value":"//li[.//span[contains(text(),'109 -')]]"}
COMMAND: POST /session/7ab1c180f142dccaa2e910e5f5459d3a/elements - {"using":"xpath","value":"//li[.//span[contains(text(),'109 -')]]"}
RESULT: {"using":"xpath","value":"//li[.//span[contains(text(),'109 -')]]"}
COMMAND: POST /session/7ab1c180f142dccaa2e910e5f5459d3a/elements - {"using":"xpath","value":"//li[.//span[contains(text(),'109 -')]]"}
RESULT: {"using":"xpath","value":"//li[.//span[contains(text(),'109 -')]]"}
COMMAND: POST /session/7ab1c180f142dccaa2e910e5f5459d3a/elements - {"using":"xpath","value":"//li[.//span[contains(text(),'109 -')]]"}
RESULT: {"using":"xpath","value":"//li[.//span[contains(text(),'109 -')]]"}
COMMAND: POST /session/7ab1c180f142dccaa2e910e5f5459d3a/elements - {"using":"xpath","value":"//li[.//span[contains(text(),'109 -')]]"}
RESULT: {"using":"xpath","value":"//li[.//span[contains(text(),'109 -')]]"}
COMMAND: POST /session/7ab1c180f142dccaa2e910e5f5459d3a/elements - {"using":"xpath","value":"//li[.//span[contains(text(),'109 -')]]"}
RESULT: {"using":"xpath","value":"//li[.//span[contains(text(),'109 -')]]"}
COMMAND: POST /session/7ab1c180f142dccaa2e910e5f5459d3a/elements - {"using":"xpath","value":"//li[.//span[contains(text(),'109 -')]]"}
RESULT: {"using":"xpath","value":"//li[.//span[contains(text(),'109 -')]]"}
COMMAND: POST /session/7ab1c180f142dccaa2e910e5f5459d3a/elements - {"using":"xpath","value":"//li[.//span[contains(text(),'109 -')]]"}
RESULT: {"using":"xpath","value":"//li[.//span[contains(text(),'109 -')]]"}
COMMAND: POST /session/7ab1c180f142dccaa2e910e5f5459d3a/elements - {"using":"xpath","value":"//li[.//span[contains(text(),'109 -')]]"}
RESULT: {"using":"xpath","value":"//li[.//span[contains(text(),'109 -')]]"}
COMMAND: POST /session/7ab1c180f142dccaa2e910e5f5459d3a/elements - {"using":"xpath","value":"//li[.//span[contains(text(),'109 -')]]"}
RESULT: {"using":"xpath","value":"//li[.//span[contains(text(),'109 -')]]"}
COMMAND: POST /session/7ab1c180f142dccaa2e910e5f5459d3a/elements - {"using":"xpath","value":"//li[.//span[contains(text(),'109 -')]]"}
RESULT: {"using":"xpath","value":"//li[.//span[contains(text(),'109 -')]]"}
COMMAND: POST /session/7ab1c180f142dccaa2e910e5f5459d3a/elements - {"using":"xpath","value":"//li[.//span[contains(text(),'109 -')]]"}
RESULT: {"using":"xpath","value":"//li[.//span[contains(text(),'109 -')]]"}
COMMAND: POST /session/7ab1c180f142dccaa2e910e5f5459d3a/elements - {"using":"xpath","value":"//li[.//span[contains(text(),'109 -')]]"}
RESULT: {"using":"xpath","value":"//li[.//span[contains(text(),'109 -')]]"}
COMMAND: POST /session/7ab1c180f142dccaa2e910e5f5459d3a/elements - {"using":"xpath","value":"//li[.//span[contains(text(),'109 -')]]"}
RESULT: {"using":"xpath","value":"//li[.//span[contains(text(),'109 -')]]"}
COMMAND: POST /session/7ab1c180f142dccaa2e910e5f5459d3a/elements - {"using":"xpath","value":"//li[.//span[contains(text(),'109 -')]]"}
RESULT: {"using":"xpath","value":"//li[.//span[contains(text(),'109 -')]]"}
COMMAND: POST /session/7ab1c180f142dccaa2e910e5f5459d3a/elements - {"using":"xpath","value":"//li[.//span[contains(text(),'109 -')]]"}
RESULT: {"using":"xpath","value":"//li[.//span[contains(text(),'109 -')]]"}
COMMAND: POST /session/7ab1c180f142dccaa2e910e5f5459d3a/elements - {"using":"xpath","value":"//li[.//span[contains(text(),'109 -')]]"}
RESULT: {"using":"xpath","value":"//li[.//span[contains(text(),'109 -')]]"}
COMMAND: POST /session/7ab1c180f142dccaa2e910e5f5459d3a/elements - {"using":"xpath","value":"//li[.//span[contains(text(),'109 -')]]"}
RESULT: {"using":"xpath","value":"//li[.//span[contains(text(),'109 -')]]"}
COMMAND: POST /session/7ab1c180f142dccaa2e910e5f5459d3a/elements - {"using":"xpath","value":"//li[.//span[contains(text(),'109 -')]]"}
RESULT: {"using":"xpath","value":"//li[.//span[contains(text(),'109 -')]]"}
COMMAND: POST /session/7ab1c180f142dccaa2e910e5f5459d3a/elements - {"using":"xpath","value":"//li[.//span[contains(text(),'109 -')]]"}
RESULT: {"using":"xpath","value":"//li[.//span[contains(text(),'109 -')]]"}
COMMAND: POST /session/7ab1c180f142dccaa2e910e5f5459d3a/elements - {"using":"xpath","value":"//li[.//span[contains(text(),'109 -')]]"}
RESULT: {"using":"xpath","value":"//li[.//span[contains(text(),'109 -')]]"}
COMMAND: POST /session/7ab1c180f142dccaa2e910e5f5459d3a/elements - {"using":"xpath","value":"//li[.//span[contains(text(),'109 -')]]"}
RESULT: {"using":"xpath","value":"//li[.//span[contains(text(),'109 -')]]"}
COMMAND: POST /session/7ab1c180f142dccaa2e910e5f5459d3a/elements - {"using":"xpath","value":"//li[.//span[contains(text(),'109 -')]]"}
RESULT: {"using":"xpath","value":"//li[.//span[contains(text(),'109 -')]]"}
COMMAND: POST /session/7ab1c180f142dccaa2e910e5f5459d3a/elements - {"using":"xpath","value":"//li[.//span[contains(text(),'109 -')]]"}
RESULT: {"using":"xpath","value":"//li[.//span[contains(text(),'109 -')]]"}
COMMAND: POST /session/7ab1c180f142dccaa2e910e5f5459d3a/elements - {"using":"xpath","value":"//li[.//span[contains(text(),'109 -')]]"}
RESULT: {"using":"xpath","value":"//li[.//span[contains(text(),'109 -')]]"}
COMMAND: POST /session/7ab1c180f142dccaa2e910e5f5459d3a/elements - {"using":"xpath","value":"//li[.//span[contains(text(),'109 -')]]"}
RESULT: {"using":"xpath","value":"//li[.//span[contains(text(),'109 -')]]"}
COMMAND: POST /session/7ab1c180f142dccaa2e910e5f5459d3a/elements - {"using":"xpath","value":"//li[.//span[contains(text(),'109 -')]]"}
RESULT: {"using":"xpath","value":"//li[.//span[contains(text(),'109 -')]]"}
COMMAND: POST /session/7ab1c180f142dccaa2e910e5f5459d3a/elements - {"using":"xpath","value":"//li[.//span[contains(text(),'109 -')]]"}
RESULT: {"using":"xpath","value":"//li[.//span[contains(text(),'109 -')]]"}
COMMAND: POST /session/7ab1c180f142dccaa2e910e5f5459d3a/elements - {"using":"xpath","value":"//li[.//span[contains(text(),'109 -')]]"}
RESULT: {"using":"xpath","value":"//li[.//span[contains(text(),'109 -')]]"}
COMMAND: POST /session/7ab1c180f142dccaa2e910e5f5459d3a/elements - {"using":"xpath","value":"//li[.//span[contains(text(),'109 -')]]"}
RESULT: {"using":"xpath","value":"//li[.//span[contains(text(),'109 -')]]"}
COMMAND: POST /session/7ab1c180f142dccaa2e910e5f5459d3a/elements - {"using":"xpath","value":"//li[.//span[contains(text(),'109 -')]]"}
RESULT: {"using":"xpath","value":"//li[.//span[contains(text(),'109 -')]]"}
COMMAND: POST /session/7ab1c180f142dccaa2e910e5f5459d3a/elements - {"using":"xpath","value":"//li[.//span[contains(text(),'109 -')]]"}
RESULT: {"using":"xpath","value":"//li[.//span[contains(text(),'109 -')]]"}
COMMAND: POST /session/7ab1c180f142dccaa2e910e5f5459d3a/elements - {"using":"xpath","value":"//li[.//span[contains(text(),'109 -')]]"}
RESULT: {"using":"xpath","value":"//li[.//span[contains(text(),'109 -')]]"}
COMMAND: POST /session/7ab1c180f142dccaa2e910e5f5459d3a/elements - {"using":"xpath","value":"//li[.//span[contains(text(),'109 -')]]"}
RESULT: {"using":"xpath","value":"//li[.//span[contains(text(),'109 -')]]"}
COMMAND: POST /session/7ab1c180f142dccaa2e910e5f5459d3a/elements - {"using":"xpath","value":"//li[.//span[contains(text(),'109 -')]]"}
RESULT: {"using":"xpath","value":"//li[.//span[contains(text(),'109 -')]]"}
COMMAND: POST /session/7ab1c180f142dccaa2e910e5f5459d3a/elements - {"using":"xpath","value":"//li[.//span[contains(text(),'109 -')]]"}
RESULT: {"using":"xpath","value":"//li[.//span[contains(text(),'109 -')]]"}
COMMAND: POST /session/7ab1c180f142dccaa2e910e5f5459d3a/elements - {"using":"xpath","value":"//li[.//span[contains(text(),'109 -')]]"}
RESULT: {"using":"xpath","value":"//li[.//span[contains(text(),'109 -')]]"}
COMMAND: POST /session/7ab1c180f142dccaa2e910e5f5459d3a/elements - {"using":"xpath","value":"//li[.//span[contains(text(),'109 -')]]"}
RESULT: {"using":"xpath","value":"//li[.//span[contains(text(),'109 -')]]"}
COMMAND: POST /session/7ab1c180f142dccaa2e910e5f5459d3a/elements - {"using":"xpath","value":"//li[.//span[contains(text(),'109 -')]]"}
RESULT: {"using":"xpath","value":"//li[.//span[contains(text(),'109 -')]]"}
COMMAND: POST /session/7ab1c180f142dccaa2e910e5f5459d3a/elements - {"using":"xpath","value":"//li[.//span[contains(text(),'109 -')]]"}
RESULT: {"using":"xpath","value":"//li[.//span[contains(text(),'109 -')]]"}
COMMAND: POST /session/7ab1c180f142dccaa2e910e5f5459d3a/elements - {"using":"xpath","value":"//li[.//span[contains(text(),'109 -')]]"}
RESULT: {"using":"xpath","value":"//li[.//span[contains(text(),'109 -')]]"}
COMMAND: POST /session/7ab1c180f142dccaa2e910e5f5459d3a/elements - {"using":"xpath","value":"//li[.//span[contains(text(),'109 -')]]"}
RESULT: {"using":"xpath","value":"//li[.//span[contains(text(),'109 -')]]"}
COMMAND: POST /session/7ab1c180f142dccaa2e910e5f5459d3a/elements - {"using":"xpath","value":"//li[.//span[contains(text(),'109 -')]]"}
RESULT: {"using":"xpath","value":"//li[.//span[contains(text(),'109 -')]]"}
COMMAND: POST /session/7ab1c180f142dccaa2e910e5f5459d3a/elements - {"using":"xpath","value":"//li[.//span[contains(text(),'109 -')]]"}
RESULT: {"using":"xpath","value":"//li[.//span[contains(text(),'109 -')]]"}
COMMAND: POST /session/7ab1c180f142dccaa2e910e5f5459d3a/elements - {"using":"xpath","value":"//li[.//span[contains(text(),'109 -')]]"}
RESULT: {"using":"xpath","value":"//li[.//span[contains(text(),'109 -')]]"}
COMMAND: POST /session/7ab1c180f142dccaa2e910e5f5459d3a/elements - {"using":"xpath","value":"//li[.//span[contains(text(),'109 -')]]"}
RESULT: {"using":"xpath","value":"//li[.//span[contains(text(),'109 -')]]"}
COMMAND: POST /session/7ab1c180f142dccaa2e910e5f5459d3a/elements - {"using":"xpath","value":"//li[.//span[contains(text(),'109 -')]]"}
RESULT: {"using":"xpath","value":"//li[.//span[contains(text(),'109 -')]]"}
COMMAND: POST /session/7ab1c180f142dccaa2e910e5f5459d3a/elements - {"using":"xpath","value":"//li[.//span[contains(text(),'109 -')]]"}
RESULT: {"using":"xpath","value":"//li[.//span[contains(text(),'109 -')]]"}
COMMAND: POST /session/7ab1c180f142dccaa2e910e5f5459d3a/elements - {"using":"xpath","value":"//li[.//span[contains(text(),'109 -')]]"}
RESULT: {"using":"xpath","value":"//li[.//span[contains(text(),'109 -')]]"}
COMMAND: POST /session/7ab1c180f142dccaa2e910e5f5459d3a/elements - {"using":"xpath","value":"//li[.//span[contains(text(),'109 -')]]"}
RESULT: {"using":"xpath","value":"//li[.//span[contains(text(),'109 -')]]"}
COMMAND: POST /session/7ab1c180f142dccaa2e910e5f5459d3a/elements - {"using":"xpath","value":"//li[.//span[contains(text(),'109 -')]]"}
RESULT: {"using":"xpath","value":"//li[.//span[contains(text(),'109 -')]]"}
COMMAND: POST /session/7ab1c180f142dccaa2e910e5f5459d3a/elements - {"using":"xpath","value":"//li[.//span[contains(text(),'109 -')]]"}
RESULT: {"using":"xpath","value":"//li[.//span[contains(text(),'109 -')]]"}
COMMAND: POST /session/7ab1c180f142dccaa2e910e5f5459d3a/elements - {"using":"xpath","value":"//li[.//span[contains(text(),'109 -')]]"}
RESULT: {"using":"xpath","value":"//li[.//span[contains(text(),'109 -')]]"}
COMMAND: POST /session/7ab1c180f142dccaa2e910e5f5459d3a/elements - {"using":"xpath","value":"//li[.//span[contains(text(),'109 -')]]"}
RESULT: {"using":"xpath","value":"//li[.//span[contains(text(),'109 -')]]"}
COMMAND: POST /session/7ab1c180f142dccaa2e910e5f5459d3a/elements - {"using":"xpath","value":"//li[.//span[contains(text(),'109 -')]]"}
RESULT: {"using":"xpath","value":"//li[.//span[contains(text(),'109 -')]]"}
COMMAND: POST /session/7ab1c180f142dccaa2e910e5f5459d3a/elements - {"using":"xpath","value":"//li[.//span[contains(text(),'109 -')]]"}
RESULT: {"using":"xpath","value":"//li[.//span[contains(text(),'109 -')]]"}
COMMAND: POST /session/7ab1c180f142dccaa2e910e5f5459d3a/elements - {"using":"xpath","value":"//li[.//span[contains(text(),'109 -')]]"}
RESULT: {"using":"xpath","value":"//li[.//span[contains(text(),'109 -')]]"}
COMMAND: POST /session/7ab1c180f142dccaa2e910e5f5459d3a/elements - {"using":"xpath","value":"//li[.//span[contains(text(),'109 -')]]"}
RESULT: {"using":"xpath","value":"//li[.//span[contains(text(),'109 -')]]"}
COMMAND: POST /session/7ab1c180f142dccaa2e910e5f5459d3a/elements - {"using":"xpath","value":"//li[.//span[contains(text(),'109 -')]]"}
RESULT: {"using":"xpath","value":"//li[.//span[contains(text(),'109 -')]]"}
COMMAND: POST /session/7ab1c180f142dccaa2e910e5f5459d3a/elements - {"using":"xpath","value":"//li[.//span[contains(text(),'109 -')]]"}
RESULT: {"using":"xpath","value":"//li[.//span[contains(text(),'109 -')]]"}
COMMAND: POST /session/7ab1c180f142dccaa2e910e5f5459d3a/elements - {"using":"xpath","value":"//li[.//span[contains(text(),'109 -')]]"}
RESULT: {"using":"xpath","value":"//li[.//span[contains(text(),'109 -')]]"}
COMMAND: POST /session/7ab1c180f142dccaa2e910e5f5459d3a/elements - {"using":"xpath","value":"//li[.//span[contains(text(),'109 -')]]"}
RESULT: {"using":"xpath","value":"//li[.//span[contains(text(),'109 -')]]"}
COMMAND: POST /session/7ab1c180f142dccaa2e910e5f5459d3a/elements - {"using":"xpath","value":"//li[.//span[contains(text(),'109 -')]]"}
RESULT: {"using":"xpath","value":"//li[.//span[contains(text(),'109 -')]]"}
COMMAND: POST /session/7ab1c180f142dccaa2e910e5f5459d3a/elements - {"using":"xpath","value":"//li[.//span[contains(text(),'109 -')]]"}
RESULT: {"using":"xpath","value":"//li[.//span[contains(text(),'109 -')]]"}
COMMAND: POST /session/7ab1c180f142dccaa2e910e5f5459d3a/elements - {"using":"xpath","value":"//li[.//span[contains(text(),'109 -')]]"}
RESULT: {"using":"xpath","value":"//li[.//span[contains(text(),'109 -')]]"}
COMMAND: POST /session/7ab1c180f142dccaa2e910e5f5459d3a/elements - {"using":"xpath","value":"//li[.//span[contains(text(),'109 -')]]"}
RESULT: {"using":"xpath","value":"//li[.//span[contains(text(),'109 -')]]"}
COMMAND: POST /session/7ab1c180f142dccaa2e910e5f5459d3a/elements - {"using":"xpath","value":"//li[.//span[contains(text(),'109 -')]]"}
RESULT: {"using":"xpath","value":"//li[.//span[contains(text(),'109 -')]]"}
COMMAND: POST /session/7ab1c180f142dccaa2e910e5f5459d3a/elements - {"using":"xpath","value":"//li[.//span[contains(text(),'109 -')]]"}
RESULT: {"using":"xpath","value":"//li[.//span[contains(text(),'109 -')]]"}
COMMAND: POST /session/7ab1c180f142dccaa2e910e5f5459d3a/elements - {"using":"xpath","value":"//li[.//span[contains(text(),'109 -')]]"}
RESULT: {"using":"xpath","value":"//li[.//span[contains(text(),'109 -')]]"}
COMMAND: POST /session/7ab1c180f142dccaa2e910e5f5459d3a/elements - {"using":"xpath","value":"//li[.//span[contains(text(),'109 -')]]"}
RESULT: {"using":"xpath","value":"//li[.//span[contains(text(),'109 -')]]"}
COMMAND: POST /session/7ab1c180f142dccaa2e910e5f5459d3a/elements - {"using":"xpath","value":"//li[.//span[contains(text(),'109 -')]]"}
RESULT: {"using":"xpath","value":"//li[.//span[contains(text(),'109 -')]]"}
COMMAND: POST /session/7ab1c180f142dccaa2e910e5f5459d3a/elements - {"using":"xpath","value":"//li[.//span[contains(text(),'109 -')]]"}
RESULT: {"using":"xpath","value":"//li[.//span[contains(text(),'109 -')]]"}
COMMAND: POST /session/7ab1c180f142dccaa2e910e5f5459d3a/elements - {"using":"xpath","value":"//li[.//span[contains(text(),'109 -')]]"}
RESULT: {"using":"xpath","value":"//li[.//span[contains(text(),'109 -')]]"}
COMMAND: POST /session/7ab1c180f142dccaa2e910e5f5459d3a/elements - {"using":"xpath","value":"//li[.//span[contains(text(),'109 -')]]"}
RESULT: {"using":"xpath","value":"//li[.//span[contains(text(),'109 -')]]"}
COMMAND: POST /session/7ab1c180f142dccaa2e910e5f5459d3a/elements - {"using":"xpath","value":"//li[.//span[contains(text(),'109 -')]]"}
RESULT: {"using":"xpath","value":"//li[.//span[contains(text(),'109 -')]]"}
COMMAND: POST /session/7ab1c180f142dccaa2e910e5f5459d3a/elements - {"using":"xpath","value":"//li[.//span[contains(text(),'109 -')]]"}
RESULT: {"using":"xpath","value":"//li[.//span[contains(text(),'109 -')]]"}
COMMAND: POST /session/7ab1c180f142dccaa2e910e5f5459d3a/elements - {"using":"xpath","value":"//li[.//span[contains(text(),'109 -')]]"}
RESULT: {"using":"xpath","value":"//li[.//span[contains(text(),'109 -')]]"}
COMMAND: POST /session/7ab1c180f142dccaa2e910e5f5459d3a/elements - {"using":"xpath","value":"//li[.//span[contains(text(),'109 -')]]"}
RESULT: {"using":"xpath","value":"//li[.//span[contains(text(),'109 -')]]"}
COMMAND: POST /session/7ab1c180f142dccaa2e910e5f5459d3a/elements - {"using":"xpath","value":"//li[.//span[contains(text(),'109 -')]]"}
RESULT: {"using":"xpath","value":"//li[.//span[contains(text(),'109 -')]]"}
COMMAND: POST /session/7ab1c180f142dccaa2e910e5f5459d3a/elements - {"using":"xpath","value":"//li[.//span[contains(text(),'109 -')]]"}
RESULT: {"using":"xpath","value":"//li[.//span[contains(text(),'109 -')]]"}
COMMAND: POST /session/7ab1c180f142dccaa2e910e5f5459d3a/elements - {"using":"xpath","value":"//li[.//span[contains(text(),'109 -')]]"}
RESULT: {"using":"xpath","value":"//li[.//span[contains(text(),'109 -')]]"}
COMMAND: POST /session/7ab1c180f142dccaa2e910e5f5459d3a/elements - {"using":"xpath","value":"//li[.//span[contains(text(),'109 -')]]"}
COMMAND: GET /session/7ab1c180f142dccaa2e910e5f5459d3a/screenshot - {}
RESULT: {"using":"xpath","value":"//li[.//span[contains(text(),'109 -')]]"}
RESULT: {}
]]></system-out>
      <system-err><![CDATA[
Error: Can't call click on element with selector "//li[.//span[contains(text(),'109 -')]]" because element wasn't found
    at async UtilsPrerequisites.stockIncrease (D:\a\1\s\test\specs\BTS\prerequisites-and-utils-functions.js:1638:9)
    at async Context.<anonymous> (D:\a\1\s\test\specs\HTR\ru-inv-list-mass-state-change.spec.js:294:9)
]]></system-err>
    </testcase>
    <testcase classname="chrome.136_0_7103_93.windows.RU_Inventory_Mass_State_Change_Multiple_Items_US151066" name="Prerequisite Step 2 Should do a stock increase handover for the material" time="89.694">
      <failure/>
      <error message="Can't call click on element with selector &quot;//li[.//span[contains(text(),'109 -')]]&quot; because element wasn't found"/>
      <system-out><![CDATA[
RESULT: undefined
COMMAND: POST /session/7ab1c180f142dccaa2e910e5f5459d3a/element - {"using":"xpath","value":"//*[@id=\"__tile133\"]"}
COMMAND: GET /session/7ab1c180f142dccaa2e910e5f5459d3a/screenshot - {}
RESULT: {"using":"xpath","value":"//*[@id=\"__tile133\"]"}
COMMAND: POST /session/7ab1c180f142dccaa2e910e5f5459d3a/element/f.C5C087060A4FA1A3F4D1CB8AF7F0E7A9.d.EAD6F261F9B545A7715B8D8C6FC8AFF0.e.250/click - {}
RESULT: {}
COMMAND: POST /session/7ab1c180f142dccaa2e910e5f5459d3a/elements - {"using":"xpath","value":"//span[text()='Error']"}
RESULT: {"using":"xpath","value":"//span[text()='Error']"}
COMMAND: POST /session/7ab1c180f142dccaa2e910e5f5459d3a/element - {"using":"xpath","value":"//button[@data-kt=\"masterHOAddButton\"]"}
RESULT: {"using":"xpath","value":"//button[@data-kt=\"masterHOAddButton\"]"}
COMMAND: POST /session/7ab1c180f142dccaa2e910e5f5459d3a/elements - {"using":"xpath","value":"//button[@data-kt=\"masterHOAddButton\"]"}
RESULT: {"using":"xpath","value":"//button[@data-kt=\"masterHOAddButton\"]"}
COMMAND: POST /session/7ab1c180f142dccaa2e910e5f5459d3a/execute/sync - {"script":"<script> [8489 bytes]","args":[{"element-6066-11e4-a52e-4f735466cecf":"f.C5C087060A4FA1A3F4D1CB8AF7F0E7A9.d.EAD6F261F9B545A7715B8D8C6FC8AFF0.e.3317","ELEMENT":"f.C5C087060A4FA1A3F4D1CB8AF7F0E7A9.d.EAD6F261F9B545A7715B8D8C6FC8AFF0.e.3317"}]}
RESULT: {"script":"<script> [8489 bytes]","args":[{"element-6066-11e4-a52e-4f735466cecf":"f.C5C087060A4FA1A3F4D1CB8AF7F0E7A9.d.EAD6F261F9B545A7715B8D8C6FC8AFF0.e.3317","ELEMENT":"f.C5C087060A4FA1A3F4D1CB8AF7F0E7A9.d.EAD6F261F9B545A7715B8D8C6FC8AFF0.e.3317"}]}
COMMAND: GET /session/7ab1c180f142dccaa2e910e5f5459d3a/element/f.C5C087060A4FA1A3F4D1CB8AF7F0E7A9.d.EAD6F261F9B545A7715B8D8C6FC8AFF0.e.3317/enabled - {}
COMMAND: GET /session/7ab1c180f142dccaa2e910e5f5459d3a/screenshot - {}
RESULT: {}
COMMAND: POST /session/7ab1c180f142dccaa2e910e5f5459d3a/execute/sync - {"script":"<script> [8489 bytes]","args":[{"element-6066-11e4-a52e-4f735466cecf":"f.C5C087060A4FA1A3F4D1CB8AF7F0E7A9.d.EAD6F261F9B545A7715B8D8C6FC8AFF0.e.3317","ELEMENT":"f.C5C087060A4FA1A3F4D1CB8AF7F0E7A9.d.EAD6F261F9B545A7715B8D8C6FC8AFF0.e.3317"}]}
COMMAND: GET /session/7ab1c180f142dccaa2e910e5f5459d3a/screenshot - {}
RESULT: {}
RESULT: {"script":"<script> [8489 bytes]","args":[{"element-6066-11e4-a52e-4f735466cecf":"f.C5C087060A4FA1A3F4D1CB8AF7F0E7A9.d.EAD6F261F9B545A7715B8D8C6FC8AFF0.e.3317","ELEMENT":"f.C5C087060A4FA1A3F4D1CB8AF7F0E7A9.d.EAD6F261F9B545A7715B8D8C6FC8AFF0.e.3317"}]}
COMMAND: POST /session/7ab1c180f142dccaa2e910e5f5459d3a/execute/sync - {"script":"<script> [5351 bytes]","args":[{"element-6066-11e4-a52e-4f735466cecf":"f.C5C087060A4FA1A3F4D1CB8AF7F0E7A9.d.EAD6F261F9B545A7715B8D8C6FC8AFF0.e.3317","ELEMENT":"f.C5C087060A4FA1A3F4D1CB8AF7F0E7A9.d.EAD6F261F9B545A7715B8D8C6FC8AFF0.e.3317"}]}
COMMAND: GET /session/7ab1c180f142dccaa2e910e5f5459d3a/screenshot - {}
RESULT: {}
RESULT: {"script":"<script> [5351 bytes]","args":[{"element-6066-11e4-a52e-4f735466cecf":"f.C5C087060A4FA1A3F4D1CB8AF7F0E7A9.d.EAD6F261F9B545A7715B8D8C6FC8AFF0.e.3317","ELEMENT":"f.C5C087060A4FA1A3F4D1CB8AF7F0E7A9.d.EAD6F261F9B545A7715B8D8C6FC8AFF0.e.3317"}]}
COMMAND: POST /session/7ab1c180f142dccaa2e910e5f5459d3a/element/f.C5C087060A4FA1A3F4D1CB8AF7F0E7A9.d.EAD6F261F9B545A7715B8D8C6FC8AFF0.e.3317/click - {}
COMMAND: GET /session/7ab1c180f142dccaa2e910e5f5459d3a/screenshot - {}
RESULT: {}
RESULT: {}
COMMAND: GET /session/7ab1c180f142dccaa2e910e5f5459d3a/screenshot - {}
RESULT: {}
RESULT: {}
COMMAND: POST /session/7ab1c180f142dccaa2e910e5f5459d3a/element - {"using":"xpath","value":"//span[contains(@id ,\"AddNewHO--typeSelect-arrow\")]"}
RESULT: {"using":"xpath","value":"//span[contains(@id ,\"AddNewHO--typeSelect-arrow\")]"}
COMMAND: POST /session/7ab1c180f142dccaa2e910e5f5459d3a/element/f.C5C087060A4FA1A3F4D1CB8AF7F0E7A9.d.EAD6F261F9B545A7715B8D8C6FC8AFF0.e.3690/click - {}
RESULT: {}
COMMAND: GET /session/7ab1c180f142dccaa2e910e5f5459d3a/screenshot - {}
RESULT: {}
COMMAND: POST /session/7ab1c180f142dccaa2e910e5f5459d3a/element - {"using":"xpath","value":"(//li[contains(text(), \"stock increase yard\")])[1]"}
RESULT: {"using":"xpath","value":"(//li[contains(text(), \"stock increase yard\")])[1]"}
COMMAND: POST /session/7ab1c180f142dccaa2e910e5f5459d3a/element/f.C5C087060A4FA1A3F4D1CB8AF7F0E7A9.d.EAD6F261F9B545A7715B8D8C6FC8AFF0.e.3665/click - {}
RESULT: {}
COMMAND: GET /session/7ab1c180f142dccaa2e910e5f5459d3a/screenshot - {}
RESULT: {}
RESULT: undefined
COMMAND: POST /session/7ab1c180f142dccaa2e910e5f5459d3a/execute/async - {"script":"<script> [6424 bytes]","args":[{"element-6066-11e4-a52e-4f735466cecf":"f.C5C087060A4FA1A3F4D1CB8AF7F0E7A9.d.EAD6F261F9B545A7715B8D8C6FC8AFF0.e.3669"},"setValue",["5/30/25"]]}
RESULT: {"script":"<script> [6424 bytes]","args":[{"element-6066-11e4-a52e-4f735466cecf":"f.C5C087060A4FA1A3F4D1CB8AF7F0E7A9.d.EAD6F261F9B545A7715B8D8C6FC8AFF0.e.3669"},"setValue",["5/30/25"]]}
COMMAND: POST /session/7ab1c180f142dccaa2e910e5f5459d3a/element - {"using":"xpath","value":"//input[@id=\"generalSectionFrg--receiveYard-inner\"]"}
RESULT: {"using":"xpath","value":"//input[@id=\"generalSectionFrg--receiveYard-inner\"]"}
COMMAND: POST /session/7ab1c180f142dccaa2e910e5f5459d3a/element/f.C5C087060A4FA1A3F4D1CB8AF7F0E7A9.d.EAD6F261F9B545A7715B8D8C6FC8AFF0.e.3675/clear - {}
RESULT: {}
COMMAND: POST /session/7ab1c180f142dccaa2e910e5f5459d3a/element/f.C5C087060A4FA1A3F4D1CB8AF7F0E7A9.d.EAD6F261F9B545A7715B8D8C6FC8AFF0.e.3675/value - {"text":"109"}
COMMAND: GET /session/7ab1c180f142dccaa2e910e5f5459d3a/screenshot - {}
RESULT: {"text":"109"}
COMMAND: GET /session/7ab1c180f142dccaa2e910e5f5459d3a/screenshot - {}
RESULT: {}
RESULT: {}
COMMAND: POST /session/7ab1c180f142dccaa2e910e5f5459d3a/element - {"using":"xpath","value":"//li[.//span[contains(text(),'109 -')]]"}
RESULT: {"using":"xpath","value":"//li[.//span[contains(text(),'109 -')]]"}
COMMAND: POST /session/7ab1c180f142dccaa2e910e5f5459d3a/elements - {"using":"xpath","value":"//li[.//span[contains(text(),'109 -')]]"}
RESULT: {"using":"xpath","value":"//li[.//span[contains(text(),'109 -')]]"}
COMMAND: POST /session/7ab1c180f142dccaa2e910e5f5459d3a/elements - {"using":"xpath","value":"//li[.//span[contains(text(),'109 -')]]"}
RESULT: {"using":"xpath","value":"//li[.//span[contains(text(),'109 -')]]"}
COMMAND: POST /session/7ab1c180f142dccaa2e910e5f5459d3a/elements - {"using":"xpath","value":"//li[.//span[contains(text(),'109 -')]]"}
RESULT: {"using":"xpath","value":"//li[.//span[contains(text(),'109 -')]]"}
COMMAND: POST /session/7ab1c180f142dccaa2e910e5f5459d3a/elements - {"using":"xpath","value":"//li[.//span[contains(text(),'109 -')]]"}
RESULT: {"using":"xpath","value":"//li[.//span[contains(text(),'109 -')]]"}
COMMAND: POST /session/7ab1c180f142dccaa2e910e5f5459d3a/elements - {"using":"xpath","value":"//li[.//span[contains(text(),'109 -')]]"}
RESULT: {"using":"xpath","value":"//li[.//span[contains(text(),'109 -')]]"}
COMMAND: POST /session/7ab1c180f142dccaa2e910e5f5459d3a/elements - {"using":"xpath","value":"//li[.//span[contains(text(),'109 -')]]"}
RESULT: {"using":"xpath","value":"//li[.//span[contains(text(),'109 -')]]"}
COMMAND: POST /session/7ab1c180f142dccaa2e910e5f5459d3a/elements - {"using":"xpath","value":"//li[.//span[contains(text(),'109 -')]]"}
RESULT: {"using":"xpath","value":"//li[.//span[contains(text(),'109 -')]]"}
COMMAND: POST /session/7ab1c180f142dccaa2e910e5f5459d3a/elements - {"using":"xpath","value":"//li[.//span[contains(text(),'109 -')]]"}
RESULT: {"using":"xpath","value":"//li[.//span[contains(text(),'109 -')]]"}
COMMAND: POST /session/7ab1c180f142dccaa2e910e5f5459d3a/elements - {"using":"xpath","value":"//li[.//span[contains(text(),'109 -')]]"}
RESULT: {"using":"xpath","value":"//li[.//span[contains(text(),'109 -')]]"}
COMMAND: POST /session/7ab1c180f142dccaa2e910e5f5459d3a/elements - {"using":"xpath","value":"//li[.//span[contains(text(),'109 -')]]"}
RESULT: {"using":"xpath","value":"//li[.//span[contains(text(),'109 -')]]"}
COMMAND: POST /session/7ab1c180f142dccaa2e910e5f5459d3a/elements - {"using":"xpath","value":"//li[.//span[contains(text(),'109 -')]]"}
RESULT: {"using":"xpath","value":"//li[.//span[contains(text(),'109 -')]]"}
COMMAND: POST /session/7ab1c180f142dccaa2e910e5f5459d3a/elements - {"using":"xpath","value":"//li[.//span[contains(text(),'109 -')]]"}
RESULT: {"using":"xpath","value":"//li[.//span[contains(text(),'109 -')]]"}
COMMAND: POST /session/7ab1c180f142dccaa2e910e5f5459d3a/elements - {"using":"xpath","value":"//li[.//span[contains(text(),'109 -')]]"}
RESULT: {"using":"xpath","value":"//li[.//span[contains(text(),'109 -')]]"}
COMMAND: POST /session/7ab1c180f142dccaa2e910e5f5459d3a/elements - {"using":"xpath","value":"//li[.//span[contains(text(),'109 -')]]"}
RESULT: {"using":"xpath","value":"//li[.//span[contains(text(),'109 -')]]"}
COMMAND: POST /session/7ab1c180f142dccaa2e910e5f5459d3a/elements - {"using":"xpath","value":"//li[.//span[contains(text(),'109 -')]]"}
RESULT: {"using":"xpath","value":"//li[.//span[contains(text(),'109 -')]]"}
COMMAND: POST /session/7ab1c180f142dccaa2e910e5f5459d3a/elements - {"using":"xpath","value":"//li[.//span[contains(text(),'109 -')]]"}
RESULT: {"using":"xpath","value":"//li[.//span[contains(text(),'109 -')]]"}
COMMAND: POST /session/7ab1c180f142dccaa2e910e5f5459d3a/elements - {"using":"xpath","value":"//li[.//span[contains(text(),'109 -')]]"}
RESULT: {"using":"xpath","value":"//li[.//span[contains(text(),'109 -')]]"}
COMMAND: POST /session/7ab1c180f142dccaa2e910e5f5459d3a/elements - {"using":"xpath","value":"//li[.//span[contains(text(),'109 -')]]"}
RESULT: {"using":"xpath","value":"//li[.//span[contains(text(),'109 -')]]"}
COMMAND: POST /session/7ab1c180f142dccaa2e910e5f5459d3a/elements - {"using":"xpath","value":"//li[.//span[contains(text(),'109 -')]]"}
RESULT: {"using":"xpath","value":"//li[.//span[contains(text(),'109 -')]]"}
COMMAND: POST /session/7ab1c180f142dccaa2e910e5f5459d3a/elements - {"using":"xpath","value":"//li[.//span[contains(text(),'109 -')]]"}
RESULT: {"using":"xpath","value":"//li[.//span[contains(text(),'109 -')]]"}
COMMAND: POST /session/7ab1c180f142dccaa2e910e5f5459d3a/elements - {"using":"xpath","value":"//li[.//span[contains(text(),'109 -')]]"}
RESULT: {"using":"xpath","value":"//li[.//span[contains(text(),'109 -')]]"}
COMMAND: POST /session/7ab1c180f142dccaa2e910e5f5459d3a/elements - {"using":"xpath","value":"//li[.//span[contains(text(),'109 -')]]"}
RESULT: {"using":"xpath","value":"//li[.//span[contains(text(),'109 -')]]"}
COMMAND: POST /session/7ab1c180f142dccaa2e910e5f5459d3a/elements - {"using":"xpath","value":"//li[.//span[contains(text(),'109 -')]]"}
RESULT: {"using":"xpath","value":"//li[.//span[contains(text(),'109 -')]]"}
COMMAND: POST /session/7ab1c180f142dccaa2e910e5f5459d3a/elements - {"using":"xpath","value":"//li[.//span[contains(text(),'109 -')]]"}
RESULT: {"using":"xpath","value":"//li[.//span[contains(text(),'109 -')]]"}
COMMAND: POST /session/7ab1c180f142dccaa2e910e5f5459d3a/elements - {"using":"xpath","value":"//li[.//span[contains(text(),'109 -')]]"}
RESULT: {"using":"xpath","value":"//li[.//span[contains(text(),'109 -')]]"}
COMMAND: POST /session/7ab1c180f142dccaa2e910e5f5459d3a/elements - {"using":"xpath","value":"//li[.//span[contains(text(),'109 -')]]"}
RESULT: {"using":"xpath","value":"//li[.//span[contains(text(),'109 -')]]"}
COMMAND: POST /session/7ab1c180f142dccaa2e910e5f5459d3a/elements - {"using":"xpath","value":"//li[.//span[contains(text(),'109 -')]]"}
RESULT: {"using":"xpath","value":"//li[.//span[contains(text(),'109 -')]]"}
COMMAND: POST /session/7ab1c180f142dccaa2e910e5f5459d3a/elements - {"using":"xpath","value":"//li[.//span[contains(text(),'109 -')]]"}
RESULT: {"using":"xpath","value":"//li[.//span[contains(text(),'109 -')]]"}
COMMAND: POST /session/7ab1c180f142dccaa2e910e5f5459d3a/elements - {"using":"xpath","value":"//li[.//span[contains(text(),'109 -')]]"}
RESULT: {"using":"xpath","value":"//li[.//span[contains(text(),'109 -')]]"}
COMMAND: POST /session/7ab1c180f142dccaa2e910e5f5459d3a/elements - {"using":"xpath","value":"//li[.//span[contains(text(),'109 -')]]"}
RESULT: {"using":"xpath","value":"//li[.//span[contains(text(),'109 -')]]"}
COMMAND: POST /session/7ab1c180f142dccaa2e910e5f5459d3a/elements - {"using":"xpath","value":"//li[.//span[contains(text(),'109 -')]]"}
RESULT: {"using":"xpath","value":"//li[.//span[contains(text(),'109 -')]]"}
COMMAND: POST /session/7ab1c180f142dccaa2e910e5f5459d3a/elements - {"using":"xpath","value":"//li[.//span[contains(text(),'109 -')]]"}
RESULT: {"using":"xpath","value":"//li[.//span[contains(text(),'109 -')]]"}
COMMAND: POST /session/7ab1c180f142dccaa2e910e5f5459d3a/elements - {"using":"xpath","value":"//li[.//span[contains(text(),'109 -')]]"}
RESULT: {"using":"xpath","value":"//li[.//span[contains(text(),'109 -')]]"}
COMMAND: POST /session/7ab1c180f142dccaa2e910e5f5459d3a/elements - {"using":"xpath","value":"//li[.//span[contains(text(),'109 -')]]"}
RESULT: {"using":"xpath","value":"//li[.//span[contains(text(),'109 -')]]"}
COMMAND: POST /session/7ab1c180f142dccaa2e910e5f5459d3a/elements - {"using":"xpath","value":"//li[.//span[contains(text(),'109 -')]]"}
RESULT: {"using":"xpath","value":"//li[.//span[contains(text(),'109 -')]]"}
COMMAND: POST /session/7ab1c180f142dccaa2e910e5f5459d3a/elements - {"using":"xpath","value":"//li[.//span[contains(text(),'109 -')]]"}
RESULT: {"using":"xpath","value":"//li[.//span[contains(text(),'109 -')]]"}
COMMAND: POST /session/7ab1c180f142dccaa2e910e5f5459d3a/elements - {"using":"xpath","value":"//li[.//span[contains(text(),'109 -')]]"}
RESULT: {"using":"xpath","value":"//li[.//span[contains(text(),'109 -')]]"}
COMMAND: POST /session/7ab1c180f142dccaa2e910e5f5459d3a/elements - {"using":"xpath","value":"//li[.//span[contains(text(),'109 -')]]"}
RESULT: {"using":"xpath","value":"//li[.//span[contains(text(),'109 -')]]"}
COMMAND: POST /session/7ab1c180f142dccaa2e910e5f5459d3a/elements - {"using":"xpath","value":"//li[.//span[contains(text(),'109 -')]]"}
RESULT: {"using":"xpath","value":"//li[.//span[contains(text(),'109 -')]]"}
COMMAND: POST /session/7ab1c180f142dccaa2e910e5f5459d3a/elements - {"using":"xpath","value":"//li[.//span[contains(text(),'109 -')]]"}
RESULT: {"using":"xpath","value":"//li[.//span[contains(text(),'109 -')]]"}
COMMAND: POST /session/7ab1c180f142dccaa2e910e5f5459d3a/elements - {"using":"xpath","value":"//li[.//span[contains(text(),'109 -')]]"}
RESULT: {"using":"xpath","value":"//li[.//span[contains(text(),'109 -')]]"}
COMMAND: POST /session/7ab1c180f142dccaa2e910e5f5459d3a/elements - {"using":"xpath","value":"//li[.//span[contains(text(),'109 -')]]"}
RESULT: {"using":"xpath","value":"//li[.//span[contains(text(),'109 -')]]"}
COMMAND: POST /session/7ab1c180f142dccaa2e910e5f5459d3a/elements - {"using":"xpath","value":"//li[.//span[contains(text(),'109 -')]]"}
RESULT: {"using":"xpath","value":"//li[.//span[contains(text(),'109 -')]]"}
COMMAND: POST /session/7ab1c180f142dccaa2e910e5f5459d3a/elements - {"using":"xpath","value":"//li[.//span[contains(text(),'109 -')]]"}
RESULT: {"using":"xpath","value":"//li[.//span[contains(text(),'109 -')]]"}
COMMAND: POST /session/7ab1c180f142dccaa2e910e5f5459d3a/elements - {"using":"xpath","value":"//li[.//span[contains(text(),'109 -')]]"}
RESULT: {"using":"xpath","value":"//li[.//span[contains(text(),'109 -')]]"}
COMMAND: POST /session/7ab1c180f142dccaa2e910e5f5459d3a/elements - {"using":"xpath","value":"//li[.//span[contains(text(),'109 -')]]"}
RESULT: {"using":"xpath","value":"//li[.//span[contains(text(),'109 -')]]"}
COMMAND: POST /session/7ab1c180f142dccaa2e910e5f5459d3a/elements - {"using":"xpath","value":"//li[.//span[contains(text(),'109 -')]]"}
RESULT: {"using":"xpath","value":"//li[.//span[contains(text(),'109 -')]]"}
COMMAND: POST /session/7ab1c180f142dccaa2e910e5f5459d3a/elements - {"using":"xpath","value":"//li[.//span[contains(text(),'109 -')]]"}
RESULT: {"using":"xpath","value":"//li[.//span[contains(text(),'109 -')]]"}
COMMAND: POST /session/7ab1c180f142dccaa2e910e5f5459d3a/elements - {"using":"xpath","value":"//li[.//span[contains(text(),'109 -')]]"}
RESULT: {"using":"xpath","value":"//li[.//span[contains(text(),'109 -')]]"}
COMMAND: POST /session/7ab1c180f142dccaa2e910e5f5459d3a/elements - {"using":"xpath","value":"//li[.//span[contains(text(),'109 -')]]"}
RESULT: {"using":"xpath","value":"//li[.//span[contains(text(),'109 -')]]"}
COMMAND: POST /session/7ab1c180f142dccaa2e910e5f5459d3a/elements - {"using":"xpath","value":"//li[.//span[contains(text(),'109 -')]]"}
RESULT: {"using":"xpath","value":"//li[.//span[contains(text(),'109 -')]]"}
COMMAND: POST /session/7ab1c180f142dccaa2e910e5f5459d3a/elements - {"using":"xpath","value":"//li[.//span[contains(text(),'109 -')]]"}
RESULT: {"using":"xpath","value":"//li[.//span[contains(text(),'109 -')]]"}
COMMAND: POST /session/7ab1c180f142dccaa2e910e5f5459d3a/elements - {"using":"xpath","value":"//li[.//span[contains(text(),'109 -')]]"}
RESULT: {"using":"xpath","value":"//li[.//span[contains(text(),'109 -')]]"}
COMMAND: POST /session/7ab1c180f142dccaa2e910e5f5459d3a/elements - {"using":"xpath","value":"//li[.//span[contains(text(),'109 -')]]"}
RESULT: {"using":"xpath","value":"//li[.//span[contains(text(),'109 -')]]"}
COMMAND: POST /session/7ab1c180f142dccaa2e910e5f5459d3a/elements - {"using":"xpath","value":"//li[.//span[contains(text(),'109 -')]]"}
RESULT: {"using":"xpath","value":"//li[.//span[contains(text(),'109 -')]]"}
COMMAND: POST /session/7ab1c180f142dccaa2e910e5f5459d3a/elements - {"using":"xpath","value":"//li[.//span[contains(text(),'109 -')]]"}
RESULT: {"using":"xpath","value":"//li[.//span[contains(text(),'109 -')]]"}
COMMAND: POST /session/7ab1c180f142dccaa2e910e5f5459d3a/elements - {"using":"xpath","value":"//li[.//span[contains(text(),'109 -')]]"}
RESULT: {"using":"xpath","value":"//li[.//span[contains(text(),'109 -')]]"}
COMMAND: POST /session/7ab1c180f142dccaa2e910e5f5459d3a/elements - {"using":"xpath","value":"//li[.//span[contains(text(),'109 -')]]"}
RESULT: {"using":"xpath","value":"//li[.//span[contains(text(),'109 -')]]"}
COMMAND: POST /session/7ab1c180f142dccaa2e910e5f5459d3a/elements - {"using":"xpath","value":"//li[.//span[contains(text(),'109 -')]]"}
RESULT: {"using":"xpath","value":"//li[.//span[contains(text(),'109 -')]]"}
COMMAND: POST /session/7ab1c180f142dccaa2e910e5f5459d3a/elements - {"using":"xpath","value":"//li[.//span[contains(text(),'109 -')]]"}
RESULT: {"using":"xpath","value":"//li[.//span[contains(text(),'109 -')]]"}
COMMAND: POST /session/7ab1c180f142dccaa2e910e5f5459d3a/elements - {"using":"xpath","value":"//li[.//span[contains(text(),'109 -')]]"}
RESULT: {"using":"xpath","value":"//li[.//span[contains(text(),'109 -')]]"}
COMMAND: POST /session/7ab1c180f142dccaa2e910e5f5459d3a/elements - {"using":"xpath","value":"//li[.//span[contains(text(),'109 -')]]"}
RESULT: {"using":"xpath","value":"//li[.//span[contains(text(),'109 -')]]"}
COMMAND: POST /session/7ab1c180f142dccaa2e910e5f5459d3a/elements - {"using":"xpath","value":"//li[.//span[contains(text(),'109 -')]]"}
RESULT: {"using":"xpath","value":"//li[.//span[contains(text(),'109 -')]]"}
COMMAND: POST /session/7ab1c180f142dccaa2e910e5f5459d3a/elements - {"using":"xpath","value":"//li[.//span[contains(text(),'109 -')]]"}
RESULT: {"using":"xpath","value":"//li[.//span[contains(text(),'109 -')]]"}
COMMAND: POST /session/7ab1c180f142dccaa2e910e5f5459d3a/elements - {"using":"xpath","value":"//li[.//span[contains(text(),'109 -')]]"}
RESULT: {"using":"xpath","value":"//li[.//span[contains(text(),'109 -')]]"}
COMMAND: POST /session/7ab1c180f142dccaa2e910e5f5459d3a/elements - {"using":"xpath","value":"//li[.//span[contains(text(),'109 -')]]"}
RESULT: {"using":"xpath","value":"//li[.//span[contains(text(),'109 -')]]"}
COMMAND: POST /session/7ab1c180f142dccaa2e910e5f5459d3a/elements - {"using":"xpath","value":"//li[.//span[contains(text(),'109 -')]]"}
RESULT: {"using":"xpath","value":"//li[.//span[contains(text(),'109 -')]]"}
COMMAND: POST /session/7ab1c180f142dccaa2e910e5f5459d3a/elements - {"using":"xpath","value":"//li[.//span[contains(text(),'109 -')]]"}
RESULT: {"using":"xpath","value":"//li[.//span[contains(text(),'109 -')]]"}
COMMAND: POST /session/7ab1c180f142dccaa2e910e5f5459d3a/elements - {"using":"xpath","value":"//li[.//span[contains(text(),'109 -')]]"}
RESULT: {"using":"xpath","value":"//li[.//span[contains(text(),'109 -')]]"}
COMMAND: POST /session/7ab1c180f142dccaa2e910e5f5459d3a/elements - {"using":"xpath","value":"//li[.//span[contains(text(),'109 -')]]"}
RESULT: {"using":"xpath","value":"//li[.//span[contains(text(),'109 -')]]"}
COMMAND: POST /session/7ab1c180f142dccaa2e910e5f5459d3a/elements - {"using":"xpath","value":"//li[.//span[contains(text(),'109 -')]]"}
RESULT: {"using":"xpath","value":"//li[.//span[contains(text(),'109 -')]]"}
COMMAND: POST /session/7ab1c180f142dccaa2e910e5f5459d3a/elements - {"using":"xpath","value":"//li[.//span[contains(text(),'109 -')]]"}
RESULT: {"using":"xpath","value":"//li[.//span[contains(text(),'109 -')]]"}
COMMAND: POST /session/7ab1c180f142dccaa2e910e5f5459d3a/elements - {"using":"xpath","value":"//li[.//span[contains(text(),'109 -')]]"}
RESULT: {"using":"xpath","value":"//li[.//span[contains(text(),'109 -')]]"}
COMMAND: POST /session/7ab1c180f142dccaa2e910e5f5459d3a/elements - {"using":"xpath","value":"//li[.//span[contains(text(),'109 -')]]"}
RESULT: {"using":"xpath","value":"//li[.//span[contains(text(),'109 -')]]"}
COMMAND: POST /session/7ab1c180f142dccaa2e910e5f5459d3a/elements - {"using":"xpath","value":"//li[.//span[contains(text(),'109 -')]]"}
RESULT: {"using":"xpath","value":"//li[.//span[contains(text(),'109 -')]]"}
COMMAND: POST /session/7ab1c180f142dccaa2e910e5f5459d3a/elements - {"using":"xpath","value":"//li[.//span[contains(text(),'109 -')]]"}
RESULT: {"using":"xpath","value":"//li[.//span[contains(text(),'109 -')]]"}
COMMAND: POST /session/7ab1c180f142dccaa2e910e5f5459d3a/elements - {"using":"xpath","value":"//li[.//span[contains(text(),'109 -')]]"}
RESULT: {"using":"xpath","value":"//li[.//span[contains(text(),'109 -')]]"}
COMMAND: POST /session/7ab1c180f142dccaa2e910e5f5459d3a/elements - {"using":"xpath","value":"//li[.//span[contains(text(),'109 -')]]"}
RESULT: {"using":"xpath","value":"//li[.//span[contains(text(),'109 -')]]"}
COMMAND: POST /session/7ab1c180f142dccaa2e910e5f5459d3a/elements - {"using":"xpath","value":"//li[.//span[contains(text(),'109 -')]]"}
RESULT: {"using":"xpath","value":"//li[.//span[contains(text(),'109 -')]]"}
COMMAND: POST /session/7ab1c180f142dccaa2e910e5f5459d3a/elements - {"using":"xpath","value":"//li[.//span[contains(text(),'109 -')]]"}
RESULT: {"using":"xpath","value":"//li[.//span[contains(text(),'109 -')]]"}
COMMAND: POST /session/7ab1c180f142dccaa2e910e5f5459d3a/elements - {"using":"xpath","value":"//li[.//span[contains(text(),'109 -')]]"}
RESULT: {"using":"xpath","value":"//li[.//span[contains(text(),'109 -')]]"}
COMMAND: POST /session/7ab1c180f142dccaa2e910e5f5459d3a/elements - {"using":"xpath","value":"//li[.//span[contains(text(),'109 -')]]"}
RESULT: {"using":"xpath","value":"//li[.//span[contains(text(),'109 -')]]"}
COMMAND: POST /session/7ab1c180f142dccaa2e910e5f5459d3a/elements - {"using":"xpath","value":"//li[.//span[contains(text(),'109 -')]]"}
RESULT: {"using":"xpath","value":"//li[.//span[contains(text(),'109 -')]]"}
COMMAND: POST /session/7ab1c180f142dccaa2e910e5f5459d3a/elements - {"using":"xpath","value":"//li[.//span[contains(text(),'109 -')]]"}
RESULT: {"using":"xpath","value":"//li[.//span[contains(text(),'109 -')]]"}
COMMAND: POST /session/7ab1c180f142dccaa2e910e5f5459d3a/elements - {"using":"xpath","value":"//li[.//span[contains(text(),'109 -')]]"}
RESULT: {"using":"xpath","value":"//li[.//span[contains(text(),'109 -')]]"}
COMMAND: POST /session/7ab1c180f142dccaa2e910e5f5459d3a/elements - {"using":"xpath","value":"//li[.//span[contains(text(),'109 -')]]"}
RESULT: {"using":"xpath","value":"//li[.//span[contains(text(),'109 -')]]"}
COMMAND: POST /session/7ab1c180f142dccaa2e910e5f5459d3a/elements - {"using":"xpath","value":"//li[.//span[contains(text(),'109 -')]]"}
RESULT: {"using":"xpath","value":"//li[.//span[contains(text(),'109 -')]]"}
COMMAND: POST /session/7ab1c180f142dccaa2e910e5f5459d3a/elements - {"using":"xpath","value":"//li[.//span[contains(text(),'109 -')]]"}
RESULT: {"using":"xpath","value":"//li[.//span[contains(text(),'109 -')]]"}
COMMAND: POST /session/7ab1c180f142dccaa2e910e5f5459d3a/elements - {"using":"xpath","value":"//li[.//span[contains(text(),'109 -')]]"}
RESULT: {"using":"xpath","value":"//li[.//span[contains(text(),'109 -')]]"}
COMMAND: POST /session/7ab1c180f142dccaa2e910e5f5459d3a/elements - {"using":"xpath","value":"//li[.//span[contains(text(),'109 -')]]"}
RESULT: {"using":"xpath","value":"//li[.//span[contains(text(),'109 -')]]"}
COMMAND: POST /session/7ab1c180f142dccaa2e910e5f5459d3a/elements - {"using":"xpath","value":"//li[.//span[contains(text(),'109 -')]]"}
RESULT: {"using":"xpath","value":"//li[.//span[contains(text(),'109 -')]]"}
COMMAND: POST /session/7ab1c180f142dccaa2e910e5f5459d3a/elements - {"using":"xpath","value":"//li[.//span[contains(text(),'109 -')]]"}
RESULT: {"using":"xpath","value":"//li[.//span[contains(text(),'109 -')]]"}
COMMAND: POST /session/7ab1c180f142dccaa2e910e5f5459d3a/elements - {"using":"xpath","value":"//li[.//span[contains(text(),'109 -')]]"}
RESULT: {"using":"xpath","value":"//li[.//span[contains(text(),'109 -')]]"}
COMMAND: POST /session/7ab1c180f142dccaa2e910e5f5459d3a/elements - {"using":"xpath","value":"//li[.//span[contains(text(),'109 -')]]"}
RESULT: {"using":"xpath","value":"//li[.//span[contains(text(),'109 -')]]"}
COMMAND: POST /session/7ab1c180f142dccaa2e910e5f5459d3a/elements - {"using":"xpath","value":"//li[.//span[contains(text(),'109 -')]]"}
RESULT: {"using":"xpath","value":"//li[.//span[contains(text(),'109 -')]]"}
COMMAND: POST /session/7ab1c180f142dccaa2e910e5f5459d3a/elements - {"using":"xpath","value":"//li[.//span[contains(text(),'109 -')]]"}
RESULT: {"using":"xpath","value":"//li[.//span[contains(text(),'109 -')]]"}
COMMAND: POST /session/7ab1c180f142dccaa2e910e5f5459d3a/elements - {"using":"xpath","value":"//li[.//span[contains(text(),'109 -')]]"}
RESULT: {"using":"xpath","value":"//li[.//span[contains(text(),'109 -')]]"}
COMMAND: POST /session/7ab1c180f142dccaa2e910e5f5459d3a/elements - {"using":"xpath","value":"//li[.//span[contains(text(),'109 -')]]"}
RESULT: {"using":"xpath","value":"//li[.//span[contains(text(),'109 -')]]"}
COMMAND: POST /session/7ab1c180f142dccaa2e910e5f5459d3a/elements - {"using":"xpath","value":"//li[.//span[contains(text(),'109 -')]]"}
RESULT: {"using":"xpath","value":"//li[.//span[contains(text(),'109 -')]]"}
COMMAND: POST /session/7ab1c180f142dccaa2e910e5f5459d3a/elements - {"using":"xpath","value":"//li[.//span[contains(text(),'109 -')]]"}
RESULT: {"using":"xpath","value":"//li[.//span[contains(text(),'109 -')]]"}
COMMAND: POST /session/7ab1c180f142dccaa2e910e5f5459d3a/elements - {"using":"xpath","value":"//li[.//span[contains(text(),'109 -')]]"}
RESULT: {"using":"xpath","value":"//li[.//span[contains(text(),'109 -')]]"}
COMMAND: POST /session/7ab1c180f142dccaa2e910e5f5459d3a/elements - {"using":"xpath","value":"//li[.//span[contains(text(),'109 -')]]"}
RESULT: {"using":"xpath","value":"//li[.//span[contains(text(),'109 -')]]"}
COMMAND: POST /session/7ab1c180f142dccaa2e910e5f5459d3a/elements - {"using":"xpath","value":"//li[.//span[contains(text(),'109 -')]]"}
RESULT: {"using":"xpath","value":"//li[.//span[contains(text(),'109 -')]]"}
COMMAND: POST /session/7ab1c180f142dccaa2e910e5f5459d3a/elements - {"using":"xpath","value":"//li[.//span[contains(text(),'109 -')]]"}
RESULT: {"using":"xpath","value":"//li[.//span[contains(text(),'109 -')]]"}
COMMAND: POST /session/7ab1c180f142dccaa2e910e5f5459d3a/elements - {"using":"xpath","value":"//li[.//span[contains(text(),'109 -')]]"}
RESULT: {"using":"xpath","value":"//li[.//span[contains(text(),'109 -')]]"}
COMMAND: POST /session/7ab1c180f142dccaa2e910e5f5459d3a/elements - {"using":"xpath","value":"//li[.//span[contains(text(),'109 -')]]"}
RESULT: {"using":"xpath","value":"//li[.//span[contains(text(),'109 -')]]"}
COMMAND: POST /session/7ab1c180f142dccaa2e910e5f5459d3a/elements - {"using":"xpath","value":"//li[.//span[contains(text(),'109 -')]]"}
RESULT: {"using":"xpath","value":"//li[.//span[contains(text(),'109 -')]]"}
COMMAND: POST /session/7ab1c180f142dccaa2e910e5f5459d3a/elements - {"using":"xpath","value":"//li[.//span[contains(text(),'109 -')]]"}
RESULT: {"using":"xpath","value":"//li[.//span[contains(text(),'109 -')]]"}
COMMAND: POST /session/7ab1c180f142dccaa2e910e5f5459d3a/elements - {"using":"xpath","value":"//li[.//span[contains(text(),'109 -')]]"}
RESULT: {"using":"xpath","value":"//li[.//span[contains(text(),'109 -')]]"}
COMMAND: POST /session/7ab1c180f142dccaa2e910e5f5459d3a/elements - {"using":"xpath","value":"//li[.//span[contains(text(),'109 -')]]"}
RESULT: {"using":"xpath","value":"//li[.//span[contains(text(),'109 -')]]"}
COMMAND: POST /session/7ab1c180f142dccaa2e910e5f5459d3a/elements - {"using":"xpath","value":"//li[.//span[contains(text(),'109 -')]]"}
RESULT: {"using":"xpath","value":"//li[.//span[contains(text(),'109 -')]]"}
COMMAND: POST /session/7ab1c180f142dccaa2e910e5f5459d3a/elements - {"using":"xpath","value":"//li[.//span[contains(text(),'109 -')]]"}
RESULT: {"using":"xpath","value":"//li[.//span[contains(text(),'109 -')]]"}
COMMAND: POST /session/7ab1c180f142dccaa2e910e5f5459d3a/elements - {"using":"xpath","value":"//li[.//span[contains(text(),'109 -')]]"}
RESULT: {"using":"xpath","value":"//li[.//span[contains(text(),'109 -')]]"}
COMMAND: POST /session/7ab1c180f142dccaa2e910e5f5459d3a/elements - {"using":"xpath","value":"//li[.//span[contains(text(),'109 -')]]"}
RESULT: {"using":"xpath","value":"//li[.//span[contains(text(),'109 -')]]"}
COMMAND: POST /session/7ab1c180f142dccaa2e910e5f5459d3a/elements - {"using":"xpath","value":"//li[.//span[contains(text(),'109 -')]]"}
RESULT: {"using":"xpath","value":"//li[.//span[contains(text(),'109 -')]]"}
COMMAND: POST /session/7ab1c180f142dccaa2e910e5f5459d3a/elements - {"using":"xpath","value":"//li[.//span[contains(text(),'109 -')]]"}
RESULT: {"using":"xpath","value":"//li[.//span[contains(text(),'109 -')]]"}
COMMAND: POST /session/7ab1c180f142dccaa2e910e5f5459d3a/elements - {"using":"xpath","value":"//li[.//span[contains(text(),'109 -')]]"}
RESULT: {"using":"xpath","value":"//li[.//span[contains(text(),'109 -')]]"}
COMMAND: POST /session/7ab1c180f142dccaa2e910e5f5459d3a/elements - {"using":"xpath","value":"//li[.//span[contains(text(),'109 -')]]"}
RESULT: {"using":"xpath","value":"//li[.//span[contains(text(),'109 -')]]"}
COMMAND: POST /session/7ab1c180f142dccaa2e910e5f5459d3a/elements - {"using":"xpath","value":"//li[.//span[contains(text(),'109 -')]]"}
RESULT: {"using":"xpath","value":"//li[.//span[contains(text(),'109 -')]]"}
COMMAND: POST /session/7ab1c180f142dccaa2e910e5f5459d3a/elements - {"using":"xpath","value":"//li[.//span[contains(text(),'109 -')]]"}
RESULT: {"using":"xpath","value":"//li[.//span[contains(text(),'109 -')]]"}
COMMAND: POST /session/7ab1c180f142dccaa2e910e5f5459d3a/elements - {"using":"xpath","value":"//li[.//span[contains(text(),'109 -')]]"}
COMMAND: GET /session/7ab1c180f142dccaa2e910e5f5459d3a/screenshot - {}
RESULT: {"using":"xpath","value":"//li[.//span[contains(text(),'109 -')]]"}
RESULT: {}
]]></system-out>
      <system-err><![CDATA[
Error: Can't call click on element with selector "//li[.//span[contains(text(),'109 -')]]" because element wasn't found
    at async UtilsPrerequisites.stockIncrease (D:\a\1\s\test\specs\BTS\prerequisites-and-utils-functions.js:1638:9)
    at async Context.<anonymous> (D:\a\1\s\test\specs\HTR\ru-inv-list-mass-state-change.spec.js:299:9)
]]></system-err>
    </testcase>
    <testcase classname="chrome.136_0_7103_93.windows.RU_Inventory_Mass_State_Change_Multiple_Items_US151066" name="Step 2 Should do a RU inventory mass state change on chosen yard 109 with the resources created one equipment one material the existing ones too" time="56.873">
      <failure/>
      <error message="element (&quot;//button[contains(@id, &quot;massStateBtn&quot;)]&quot;) still not existing after 45000ms"/>
      <system-out><![CDATA[
RESULT: undefined
COMMAND: POST /session/7ab1c180f142dccaa2e910e5f5459d3a/element - {"using":"xpath","value":"//*[@id=\"__tile99\"]"}
COMMAND: GET /session/7ab1c180f142dccaa2e910e5f5459d3a/screenshot - {}
RESULT: {"using":"xpath","value":"//*[@id=\"__tile99\"]"}
COMMAND: POST /session/7ab1c180f142dccaa2e910e5f5459d3a/element/f.C5C087060A4FA1A3F4D1CB8AF7F0E7A9.d.EAD6F261F9B545A7715B8D8C6FC8AFF0.e.274/click - {}
RESULT: {}
COMMAND: POST /session/7ab1c180f142dccaa2e910e5f5459d3a/elements - {"using":"xpath","value":"//span[text()='Error']"}
RESULT: {"using":"xpath","value":"//span[text()='Error']"}
COMMAND: POST /session/7ab1c180f142dccaa2e910e5f5459d3a/element - {"using":"xpath","value":"//button[contains(@id, \"massStateBtn\")]"}
RESULT: {"using":"xpath","value":"//button[contains(@id, \"massStateBtn\")]"}
COMMAND: POST /session/7ab1c180f142dccaa2e910e5f5459d3a/elements - {"using":"xpath","value":"//button[contains(@id, \"massStateBtn\")]"}
RESULT: {"using":"xpath","value":"//button[contains(@id, \"massStateBtn\")]"}
COMMAND: POST /session/7ab1c180f142dccaa2e910e5f5459d3a/elements - {"using":"xpath","value":"//button[contains(@id, \"massStateBtn\")]"}
RESULT: {"using":"xpath","value":"//button[contains(@id, \"massStateBtn\")]"}
COMMAND: POST /session/7ab1c180f142dccaa2e910e5f5459d3a/elements - {"using":"xpath","value":"//button[contains(@id, \"massStateBtn\")]"}
RESULT: {"using":"xpath","value":"//button[contains(@id, \"massStateBtn\")]"}
COMMAND: POST /session/7ab1c180f142dccaa2e910e5f5459d3a/elements - {"using":"xpath","value":"//button[contains(@id, \"massStateBtn\")]"}
RESULT: {"using":"xpath","value":"//button[contains(@id, \"massStateBtn\")]"}
COMMAND: POST /session/7ab1c180f142dccaa2e910e5f5459d3a/elements - {"using":"xpath","value":"//button[contains(@id, \"massStateBtn\")]"}
RESULT: {"using":"xpath","value":"//button[contains(@id, \"massStateBtn\")]"}
COMMAND: POST /session/7ab1c180f142dccaa2e910e5f5459d3a/elements - {"using":"xpath","value":"//button[contains(@id, \"massStateBtn\")]"}
RESULT: {"using":"xpath","value":"//button[contains(@id, \"massStateBtn\")]"}
COMMAND: POST /session/7ab1c180f142dccaa2e910e5f5459d3a/elements - {"using":"xpath","value":"//button[contains(@id, \"massStateBtn\")]"}
RESULT: {"using":"xpath","value":"//button[contains(@id, \"massStateBtn\")]"}
COMMAND: POST /session/7ab1c180f142dccaa2e910e5f5459d3a/elements - {"using":"xpath","value":"//button[contains(@id, \"massStateBtn\")]"}
RESULT: {"using":"xpath","value":"//button[contains(@id, \"massStateBtn\")]"}
COMMAND: POST /session/7ab1c180f142dccaa2e910e5f5459d3a/elements - {"using":"xpath","value":"//button[contains(@id, \"massStateBtn\")]"}
RESULT: {"using":"xpath","value":"//button[contains(@id, \"massStateBtn\")]"}
COMMAND: POST /session/7ab1c180f142dccaa2e910e5f5459d3a/elements - {"using":"xpath","value":"//button[contains(@id, \"massStateBtn\")]"}
RESULT: {"using":"xpath","value":"//button[contains(@id, \"massStateBtn\")]"}
COMMAND: POST /session/7ab1c180f142dccaa2e910e5f5459d3a/elements - {"using":"xpath","value":"//button[contains(@id, \"massStateBtn\")]"}
RESULT: {"using":"xpath","value":"//button[contains(@id, \"massStateBtn\")]"}
COMMAND: POST /session/7ab1c180f142dccaa2e910e5f5459d3a/elements - {"using":"xpath","value":"//button[contains(@id, \"massStateBtn\")]"}
RESULT: {"using":"xpath","value":"//button[contains(@id, \"massStateBtn\")]"}
COMMAND: POST /session/7ab1c180f142dccaa2e910e5f5459d3a/elements - {"using":"xpath","value":"//button[contains(@id, \"massStateBtn\")]"}
RESULT: {"using":"xpath","value":"//button[contains(@id, \"massStateBtn\")]"}
COMMAND: POST /session/7ab1c180f142dccaa2e910e5f5459d3a/elements - {"using":"xpath","value":"//button[contains(@id, \"massStateBtn\")]"}
RESULT: {"using":"xpath","value":"//button[contains(@id, \"massStateBtn\")]"}
COMMAND: POST /session/7ab1c180f142dccaa2e910e5f5459d3a/elements - {"using":"xpath","value":"//button[contains(@id, \"massStateBtn\")]"}
RESULT: {"using":"xpath","value":"//button[contains(@id, \"massStateBtn\")]"}
COMMAND: POST /session/7ab1c180f142dccaa2e910e5f5459d3a/elements - {"using":"xpath","value":"//button[contains(@id, \"massStateBtn\")]"}
RESULT: {"using":"xpath","value":"//button[contains(@id, \"massStateBtn\")]"}
COMMAND: POST /session/7ab1c180f142dccaa2e910e5f5459d3a/elements - {"using":"xpath","value":"//button[contains(@id, \"massStateBtn\")]"}
RESULT: {"using":"xpath","value":"//button[contains(@id, \"massStateBtn\")]"}
COMMAND: POST /session/7ab1c180f142dccaa2e910e5f5459d3a/elements - {"using":"xpath","value":"//button[contains(@id, \"massStateBtn\")]"}
RESULT: {"using":"xpath","value":"//button[contains(@id, \"massStateBtn\")]"}
COMMAND: POST /session/7ab1c180f142dccaa2e910e5f5459d3a/elements - {"using":"xpath","value":"//button[contains(@id, \"massStateBtn\")]"}
RESULT: {"using":"xpath","value":"//button[contains(@id, \"massStateBtn\")]"}
COMMAND: POST /session/7ab1c180f142dccaa2e910e5f5459d3a/elements - {"using":"xpath","value":"//button[contains(@id, \"massStateBtn\")]"}
RESULT: {"using":"xpath","value":"//button[contains(@id, \"massStateBtn\")]"}
COMMAND: POST /session/7ab1c180f142dccaa2e910e5f5459d3a/elements - {"using":"xpath","value":"//button[contains(@id, \"massStateBtn\")]"}
RESULT: {"using":"xpath","value":"//button[contains(@id, \"massStateBtn\")]"}
COMMAND: POST /session/7ab1c180f142dccaa2e910e5f5459d3a/elements - {"using":"xpath","value":"//button[contains(@id, \"massStateBtn\")]"}
RESULT: {"using":"xpath","value":"//button[contains(@id, \"massStateBtn\")]"}
COMMAND: POST /session/7ab1c180f142dccaa2e910e5f5459d3a/elements - {"using":"xpath","value":"//button[contains(@id, \"massStateBtn\")]"}
RESULT: {"using":"xpath","value":"//button[contains(@id, \"massStateBtn\")]"}
COMMAND: POST /session/7ab1c180f142dccaa2e910e5f5459d3a/elements - {"using":"xpath","value":"//button[contains(@id, \"massStateBtn\")]"}
RESULT: {"using":"xpath","value":"//button[contains(@id, \"massStateBtn\")]"}
COMMAND: POST /session/7ab1c180f142dccaa2e910e5f5459d3a/elements - {"using":"xpath","value":"//button[contains(@id, \"massStateBtn\")]"}
RESULT: {"using":"xpath","value":"//button[contains(@id, \"massStateBtn\")]"}
COMMAND: POST /session/7ab1c180f142dccaa2e910e5f5459d3a/elements - {"using":"xpath","value":"//button[contains(@id, \"massStateBtn\")]"}
RESULT: {"using":"xpath","value":"//button[contains(@id, \"massStateBtn\")]"}
COMMAND: POST /session/7ab1c180f142dccaa2e910e5f5459d3a/elements - {"using":"xpath","value":"//button[contains(@id, \"massStateBtn\")]"}
RESULT: {"using":"xpath","value":"//button[contains(@id, \"massStateBtn\")]"}
COMMAND: POST /session/7ab1c180f142dccaa2e910e5f5459d3a/elements - {"using":"xpath","value":"//button[contains(@id, \"massStateBtn\")]"}
RESULT: {"using":"xpath","value":"//button[contains(@id, \"massStateBtn\")]"}
COMMAND: POST /session/7ab1c180f142dccaa2e910e5f5459d3a/elements - {"using":"xpath","value":"//button[contains(@id, \"massStateBtn\")]"}
RESULT: {"using":"xpath","value":"//button[contains(@id, \"massStateBtn\")]"}
COMMAND: POST /session/7ab1c180f142dccaa2e910e5f5459d3a/elements - {"using":"xpath","value":"//button[contains(@id, \"massStateBtn\")]"}
RESULT: {"using":"xpath","value":"//button[contains(@id, \"massStateBtn\")]"}
COMMAND: POST /session/7ab1c180f142dccaa2e910e5f5459d3a/elements - {"using":"xpath","value":"//button[contains(@id, \"massStateBtn\")]"}
RESULT: {"using":"xpath","value":"//button[contains(@id, \"massStateBtn\")]"}
COMMAND: POST /session/7ab1c180f142dccaa2e910e5f5459d3a/elements - {"using":"xpath","value":"//button[contains(@id, \"massStateBtn\")]"}
RESULT: {"using":"xpath","value":"//button[contains(@id, \"massStateBtn\")]"}
COMMAND: POST /session/7ab1c180f142dccaa2e910e5f5459d3a/elements - {"using":"xpath","value":"//button[contains(@id, \"massStateBtn\")]"}
RESULT: {"using":"xpath","value":"//button[contains(@id, \"massStateBtn\")]"}
COMMAND: POST /session/7ab1c180f142dccaa2e910e5f5459d3a/elements - {"using":"xpath","value":"//button[contains(@id, \"massStateBtn\")]"}
RESULT: {"using":"xpath","value":"//button[contains(@id, \"massStateBtn\")]"}
COMMAND: POST /session/7ab1c180f142dccaa2e910e5f5459d3a/elements - {"using":"xpath","value":"//button[contains(@id, \"massStateBtn\")]"}
RESULT: {"using":"xpath","value":"//button[contains(@id, \"massStateBtn\")]"}
COMMAND: POST /session/7ab1c180f142dccaa2e910e5f5459d3a/elements - {"using":"xpath","value":"//button[contains(@id, \"massStateBtn\")]"}
RESULT: {"using":"xpath","value":"//button[contains(@id, \"massStateBtn\")]"}
COMMAND: POST /session/7ab1c180f142dccaa2e910e5f5459d3a/elements - {"using":"xpath","value":"//button[contains(@id, \"massStateBtn\")]"}
RESULT: {"using":"xpath","value":"//button[contains(@id, \"massStateBtn\")]"}
COMMAND: POST /session/7ab1c180f142dccaa2e910e5f5459d3a/elements - {"using":"xpath","value":"//button[contains(@id, \"massStateBtn\")]"}
RESULT: {"using":"xpath","value":"//button[contains(@id, \"massStateBtn\")]"}
COMMAND: POST /session/7ab1c180f142dccaa2e910e5f5459d3a/elements - {"using":"xpath","value":"//button[contains(@id, \"massStateBtn\")]"}
RESULT: {"using":"xpath","value":"//button[contains(@id, \"massStateBtn\")]"}
COMMAND: POST /session/7ab1c180f142dccaa2e910e5f5459d3a/elements - {"using":"xpath","value":"//button[contains(@id, \"massStateBtn\")]"}
RESULT: {"using":"xpath","value":"//button[contains(@id, \"massStateBtn\")]"}
COMMAND: POST /session/7ab1c180f142dccaa2e910e5f5459d3a/elements - {"using":"xpath","value":"//button[contains(@id, \"massStateBtn\")]"}
RESULT: {"using":"xpath","value":"//button[contains(@id, \"massStateBtn\")]"}
COMMAND: POST /session/7ab1c180f142dccaa2e910e5f5459d3a/elements - {"using":"xpath","value":"//button[contains(@id, \"massStateBtn\")]"}
RESULT: {"using":"xpath","value":"//button[contains(@id, \"massStateBtn\")]"}
COMMAND: POST /session/7ab1c180f142dccaa2e910e5f5459d3a/elements - {"using":"xpath","value":"//button[contains(@id, \"massStateBtn\")]"}
RESULT: {"using":"xpath","value":"//button[contains(@id, \"massStateBtn\")]"}
COMMAND: POST /session/7ab1c180f142dccaa2e910e5f5459d3a/elements - {"using":"xpath","value":"//button[contains(@id, \"massStateBtn\")]"}
RESULT: {"using":"xpath","value":"//button[contains(@id, \"massStateBtn\")]"}
COMMAND: POST /session/7ab1c180f142dccaa2e910e5f5459d3a/elements - {"using":"xpath","value":"//button[contains(@id, \"massStateBtn\")]"}
RESULT: {"using":"xpath","value":"//button[contains(@id, \"massStateBtn\")]"}
COMMAND: POST /session/7ab1c180f142dccaa2e910e5f5459d3a/elements - {"using":"xpath","value":"//button[contains(@id, \"massStateBtn\")]"}
RESULT: {"using":"xpath","value":"//button[contains(@id, \"massStateBtn\")]"}
COMMAND: POST /session/7ab1c180f142dccaa2e910e5f5459d3a/elements - {"using":"xpath","value":"//button[contains(@id, \"massStateBtn\")]"}
RESULT: {"using":"xpath","value":"//button[contains(@id, \"massStateBtn\")]"}
COMMAND: POST /session/7ab1c180f142dccaa2e910e5f5459d3a/elements - {"using":"xpath","value":"//button[contains(@id, \"massStateBtn\")]"}
RESULT: {"using":"xpath","value":"//button[contains(@id, \"massStateBtn\")]"}
COMMAND: POST /session/7ab1c180f142dccaa2e910e5f5459d3a/elements - {"using":"xpath","value":"//button[contains(@id, \"massStateBtn\")]"}
RESULT: {"using":"xpath","value":"//button[contains(@id, \"massStateBtn\")]"}
COMMAND: POST /session/7ab1c180f142dccaa2e910e5f5459d3a/elements - {"using":"xpath","value":"//button[contains(@id, \"massStateBtn\")]"}
RESULT: {"using":"xpath","value":"//button[contains(@id, \"massStateBtn\")]"}
COMMAND: POST /session/7ab1c180f142dccaa2e910e5f5459d3a/elements - {"using":"xpath","value":"//button[contains(@id, \"massStateBtn\")]"}
RESULT: {"using":"xpath","value":"//button[contains(@id, \"massStateBtn\")]"}
COMMAND: POST /session/7ab1c180f142dccaa2e910e5f5459d3a/elements - {"using":"xpath","value":"//button[contains(@id, \"massStateBtn\")]"}
RESULT: {"using":"xpath","value":"//button[contains(@id, \"massStateBtn\")]"}
COMMAND: POST /session/7ab1c180f142dccaa2e910e5f5459d3a/elements - {"using":"xpath","value":"//button[contains(@id, \"massStateBtn\")]"}
RESULT: {"using":"xpath","value":"//button[contains(@id, \"massStateBtn\")]"}
COMMAND: POST /session/7ab1c180f142dccaa2e910e5f5459d3a/elements - {"using":"xpath","value":"//button[contains(@id, \"massStateBtn\")]"}
RESULT: {"using":"xpath","value":"//button[contains(@id, \"massStateBtn\")]"}
COMMAND: POST /session/7ab1c180f142dccaa2e910e5f5459d3a/elements - {"using":"xpath","value":"//button[contains(@id, \"massStateBtn\")]"}
RESULT: {"using":"xpath","value":"//button[contains(@id, \"massStateBtn\")]"}
COMMAND: POST /session/7ab1c180f142dccaa2e910e5f5459d3a/elements - {"using":"xpath","value":"//button[contains(@id, \"massStateBtn\")]"}
RESULT: {"using":"xpath","value":"//button[contains(@id, \"massStateBtn\")]"}
COMMAND: POST /session/7ab1c180f142dccaa2e910e5f5459d3a/elements - {"using":"xpath","value":"//button[contains(@id, \"massStateBtn\")]"}
RESULT: {"using":"xpath","value":"//button[contains(@id, \"massStateBtn\")]"}
COMMAND: POST /session/7ab1c180f142dccaa2e910e5f5459d3a/elements - {"using":"xpath","value":"//button[contains(@id, \"massStateBtn\")]"}
RESULT: {"using":"xpath","value":"//button[contains(@id, \"massStateBtn\")]"}
COMMAND: POST /session/7ab1c180f142dccaa2e910e5f5459d3a/elements - {"using":"xpath","value":"//button[contains(@id, \"massStateBtn\")]"}
RESULT: {"using":"xpath","value":"//button[contains(@id, \"massStateBtn\")]"}
COMMAND: POST /session/7ab1c180f142dccaa2e910e5f5459d3a/elements - {"using":"xpath","value":"//button[contains(@id, \"massStateBtn\")]"}
RESULT: {"using":"xpath","value":"//button[contains(@id, \"massStateBtn\")]"}
COMMAND: POST /session/7ab1c180f142dccaa2e910e5f5459d3a/elements - {"using":"xpath","value":"//button[contains(@id, \"massStateBtn\")]"}
RESULT: {"using":"xpath","value":"//button[contains(@id, \"massStateBtn\")]"}
COMMAND: POST /session/7ab1c180f142dccaa2e910e5f5459d3a/elements - {"using":"xpath","value":"//button[contains(@id, \"massStateBtn\")]"}
RESULT: {"using":"xpath","value":"//button[contains(@id, \"massStateBtn\")]"}
COMMAND: POST /session/7ab1c180f142dccaa2e910e5f5459d3a/elements - {"using":"xpath","value":"//button[contains(@id, \"massStateBtn\")]"}
RESULT: {"using":"xpath","value":"//button[contains(@id, \"massStateBtn\")]"}
COMMAND: POST /session/7ab1c180f142dccaa2e910e5f5459d3a/elements - {"using":"xpath","value":"//button[contains(@id, \"massStateBtn\")]"}
RESULT: {"using":"xpath","value":"//button[contains(@id, \"massStateBtn\")]"}
COMMAND: POST /session/7ab1c180f142dccaa2e910e5f5459d3a/elements - {"using":"xpath","value":"//button[contains(@id, \"massStateBtn\")]"}
RESULT: {"using":"xpath","value":"//button[contains(@id, \"massStateBtn\")]"}
COMMAND: POST /session/7ab1c180f142dccaa2e910e5f5459d3a/elements - {"using":"xpath","value":"//button[contains(@id, \"massStateBtn\")]"}
RESULT: {"using":"xpath","value":"//button[contains(@id, \"massStateBtn\")]"}
COMMAND: POST /session/7ab1c180f142dccaa2e910e5f5459d3a/elements - {"using":"xpath","value":"//button[contains(@id, \"massStateBtn\")]"}
RESULT: {"using":"xpath","value":"//button[contains(@id, \"massStateBtn\")]"}
COMMAND: POST /session/7ab1c180f142dccaa2e910e5f5459d3a/elements - {"using":"xpath","value":"//button[contains(@id, \"massStateBtn\")]"}
RESULT: {"using":"xpath","value":"//button[contains(@id, \"massStateBtn\")]"}
COMMAND: POST /session/7ab1c180f142dccaa2e910e5f5459d3a/elements - {"using":"xpath","value":"//button[contains(@id, \"massStateBtn\")]"}
RESULT: {"using":"xpath","value":"//button[contains(@id, \"massStateBtn\")]"}
COMMAND: POST /session/7ab1c180f142dccaa2e910e5f5459d3a/elements - {"using":"xpath","value":"//button[contains(@id, \"massStateBtn\")]"}
RESULT: {"using":"xpath","value":"//button[contains(@id, \"massStateBtn\")]"}
COMMAND: POST /session/7ab1c180f142dccaa2e910e5f5459d3a/elements - {"using":"xpath","value":"//button[contains(@id, \"massStateBtn\")]"}
RESULT: {"using":"xpath","value":"//button[contains(@id, \"massStateBtn\")]"}
COMMAND: POST /session/7ab1c180f142dccaa2e910e5f5459d3a/elements - {"using":"xpath","value":"//button[contains(@id, \"massStateBtn\")]"}
RESULT: {"using":"xpath","value":"//button[contains(@id, \"massStateBtn\")]"}
COMMAND: POST /session/7ab1c180f142dccaa2e910e5f5459d3a/elements - {"using":"xpath","value":"//button[contains(@id, \"massStateBtn\")]"}
RESULT: {"using":"xpath","value":"//button[contains(@id, \"massStateBtn\")]"}
COMMAND: POST /session/7ab1c180f142dccaa2e910e5f5459d3a/elements - {"using":"xpath","value":"//button[contains(@id, \"massStateBtn\")]"}
RESULT: {"using":"xpath","value":"//button[contains(@id, \"massStateBtn\")]"}
COMMAND: POST /session/7ab1c180f142dccaa2e910e5f5459d3a/elements - {"using":"xpath","value":"//button[contains(@id, \"massStateBtn\")]"}
RESULT: {"using":"xpath","value":"//button[contains(@id, \"massStateBtn\")]"}
COMMAND: POST /session/7ab1c180f142dccaa2e910e5f5459d3a/elements - {"using":"xpath","value":"//button[contains(@id, \"massStateBtn\")]"}
RESULT: {"using":"xpath","value":"//button[contains(@id, \"massStateBtn\")]"}
COMMAND: POST /session/7ab1c180f142dccaa2e910e5f5459d3a/elements - {"using":"xpath","value":"//button[contains(@id, \"massStateBtn\")]"}
RESULT: {"using":"xpath","value":"//button[contains(@id, \"massStateBtn\")]"}
COMMAND: POST /session/7ab1c180f142dccaa2e910e5f5459d3a/elements - {"using":"xpath","value":"//button[contains(@id, \"massStateBtn\")]"}
RESULT: {"using":"xpath","value":"//button[contains(@id, \"massStateBtn\")]"}
COMMAND: POST /session/7ab1c180f142dccaa2e910e5f5459d3a/elements - {"using":"xpath","value":"//button[contains(@id, \"massStateBtn\")]"}
RESULT: {"using":"xpath","value":"//button[contains(@id, \"massStateBtn\")]"}
COMMAND: POST /session/7ab1c180f142dccaa2e910e5f5459d3a/elements - {"using":"xpath","value":"//button[contains(@id, \"massStateBtn\")]"}
RESULT: {"using":"xpath","value":"//button[contains(@id, \"massStateBtn\")]"}
COMMAND: POST /session/7ab1c180f142dccaa2e910e5f5459d3a/elements - {"using":"xpath","value":"//button[contains(@id, \"massStateBtn\")]"}
RESULT: {"using":"xpath","value":"//button[contains(@id, \"massStateBtn\")]"}
COMMAND: POST /session/7ab1c180f142dccaa2e910e5f5459d3a/elements - {"using":"xpath","value":"//button[contains(@id, \"massStateBtn\")]"}
RESULT: {"using":"xpath","value":"//button[contains(@id, \"massStateBtn\")]"}
COMMAND: POST /session/7ab1c180f142dccaa2e910e5f5459d3a/elements - {"using":"xpath","value":"//button[contains(@id, \"massStateBtn\")]"}
RESULT: {"using":"xpath","value":"//button[contains(@id, \"massStateBtn\")]"}
COMMAND: POST /session/7ab1c180f142dccaa2e910e5f5459d3a/elements - {"using":"xpath","value":"//button[contains(@id, \"massStateBtn\")]"}
RESULT: {"using":"xpath","value":"//button[contains(@id, \"massStateBtn\")]"}
COMMAND: POST /session/7ab1c180f142dccaa2e910e5f5459d3a/elements - {"using":"xpath","value":"//button[contains(@id, \"massStateBtn\")]"}
RESULT: {"using":"xpath","value":"//button[contains(@id, \"massStateBtn\")]"}
COMMAND: POST /session/7ab1c180f142dccaa2e910e5f5459d3a/elements - {"using":"xpath","value":"//button[contains(@id, \"massStateBtn\")]"}
RESULT: {"using":"xpath","value":"//button[contains(@id, \"massStateBtn\")]"}
COMMAND: POST /session/7ab1c180f142dccaa2e910e5f5459d3a/elements - {"using":"xpath","value":"//button[contains(@id, \"massStateBtn\")]"}
RESULT: {"using":"xpath","value":"//button[contains(@id, \"massStateBtn\")]"}
COMMAND: POST /session/7ab1c180f142dccaa2e910e5f5459d3a/elements - {"using":"xpath","value":"//button[contains(@id, \"massStateBtn\")]"}
RESULT: {"using":"xpath","value":"//button[contains(@id, \"massStateBtn\")]"}
COMMAND: POST /session/7ab1c180f142dccaa2e910e5f5459d3a/elements - {"using":"xpath","value":"//button[contains(@id, \"massStateBtn\")]"}
RESULT: {"using":"xpath","value":"//button[contains(@id, \"massStateBtn\")]"}
COMMAND: POST /session/7ab1c180f142dccaa2e910e5f5459d3a/elements - {"using":"xpath","value":"//button[contains(@id, \"massStateBtn\")]"}
RESULT: {"using":"xpath","value":"//button[contains(@id, \"massStateBtn\")]"}
COMMAND: POST /session/7ab1c180f142dccaa2e910e5f5459d3a/elements - {"using":"xpath","value":"//button[contains(@id, \"massStateBtn\")]"}
COMMAND: GET /session/7ab1c180f142dccaa2e910e5f5459d3a/screenshot - {}
RESULT: {"using":"xpath","value":"//button[contains(@id, \"massStateBtn\")]"}
RESULT: {}
COMMAND: GET /session/7ab1c180f142dccaa2e910e5f5459d3a/screenshot - {}
COMMAND: GET /session/7ab1c180f142dccaa2e910e5f5459d3a/screenshot - {}
RESULT: {}
RESULT: {}
COMMAND: DELETE /session/7ab1c180f142dccaa2e910e5f5459d3a - {}
RESULT: {}
]]></system-out>
      <system-err><![CDATA[
Error: element ("//button[contains(@id, "massStateBtn")]") still not existing after 45000ms
    at async Context.<anonymous> (D:\a\1\s\test\specs\HTR\ru-inv-list-mass-state-change.spec.js:345:9)
]]></system-err>
    </testcase>
  </testsuite>
</testsuites>