<?xml version="1.0" encoding="UTF-8"?>
<testsuites tests="17" failures="1" errors="1" skipped="0">
  <testsuite timestamp="2025-05-29T17:27:05" time="1955.192" tests="13" failures="0" errors="0" skipped="0">
    <properties>
      <property name="specId" value="0"/>
      <property name="suiteName" value="Partner specific tests US150819 US151080 US151654 US151176 US103444 US151078 US151079 US151109 US151174 US151175 US151189"/>
      <property name="capabilities" value="chrome.136_0_7103_93.windows"/>
      <property name="file" value="file:///D:/a/1/s/test/specs/BTS/manage-partners.spec.js"/>
    </properties>
    <testcase classname="chrome.136_0_7103_93.windows.Partner_specific_tests_US150819_US151080_US151654_US151176_US103444_US151078_US151079_US151109_US151174_US151175_US151189" name="Should create a new yard prerequisite" time="143.942">
      <system-out><![CDATA[
COMMAND: POST /session/2308dad0f2a7537c6be193a87bfcce7d/window/fullscreen - {}
RESULT: {}
COMMAND: POST /session/2308dad0f2a7537c6be193a87bfcce7d/element - {"using":"xpath","value":"//li[.//span[text()=\"Manage Partners\"]]"}
RESULT: {"using":"xpath","value":"//li[.//span[text()=\"Manage Partners\"]]"}
COMMAND: POST /session/2308dad0f2a7537c6be193a87bfcce7d/element - {"using":"xpath","value":"//li[.//span[text()=\"Manage Partners\"]]"}
RESULT: {"using":"xpath","value":"//li[.//span[text()=\"Manage Partners\"]]"}
COMMAND: POST /session/2308dad0f2a7537c6be193a87bfcce7d/element - {"using":"css selector","value":"#shell-header-logo"}
RESULT: {"using":"css selector","value":"#shell-header-logo"}
COMMAND: POST /session/2308dad0f2a7537c6be193a87bfcce7d/element/f.8FEDB17297EEB2F430C5C9DB657928CB.d.3DEBF5D9519687A41ABF2EDD857B4340.e.271/click - {}
COMMAND: POST /session/2308dad0f2a7537c6be193a87bfcce7d/execute/sync - {"script":"<script> [8489 bytes]","args":[{"element-6066-11e4-a52e-4f735466cecf":"f.8FEDB17297EEB2F430C5C9DB657928CB.d.3DEBF5D9519687A41ABF2EDD857B4340.e.271","ELEMENT":"f.8FEDB17297EEB2F430C5C9DB657928CB.d.3DEBF5D9519687A41ABF2EDD857B4340.e.271"}]}
RESULT: {}
COMMAND: GET /session/2308dad0f2a7537c6be193a87bfcce7d/screenshot - {}
RESULT: {"script":"<script> [8489 bytes]","args":[{"element-6066-11e4-a52e-4f735466cecf":"f.8FEDB17297EEB2F430C5C9DB657928CB.d.3DEBF5D9519687A41ABF2EDD857B4340.e.271","ELEMENT":"f.8FEDB17297EEB2F430C5C9DB657928CB.d.3DEBF5D9519687A41ABF2EDD857B4340.e.271"}]}
COMMAND: POST /session/2308dad0f2a7537c6be193a87bfcce7d/execute/sync - {"script":"<script> [5351 bytes]","args":[{"element-6066-11e4-a52e-4f735466cecf":"f.8FEDB17297EEB2F430C5C9DB657928CB.d.3DEBF5D9519687A41ABF2EDD857B4340.e.271","ELEMENT":"f.8FEDB17297EEB2F430C5C9DB657928CB.d.3DEBF5D9519687A41ABF2EDD857B4340.e.271"}]}
COMMAND: GET /session/2308dad0f2a7537c6be193a87bfcce7d/screenshot - {}
RESULT: {}
RESULT: {"script":"<script> [5351 bytes]","args":[{"element-6066-11e4-a52e-4f735466cecf":"f.8FEDB17297EEB2F430C5C9DB657928CB.d.3DEBF5D9519687A41ABF2EDD857B4340.e.271","ELEMENT":"f.8FEDB17297EEB2F430C5C9DB657928CB.d.3DEBF5D9519687A41ABF2EDD857B4340.e.271"}]}
COMMAND: GET /session/2308dad0f2a7537c6be193a87bfcce7d/screenshot - {}
RESULT: {}
RESULT: {}
COMMAND: POST /session/2308dad0f2a7537c6be193a87bfcce7d/execute/async - {"script":"<script> [1562 bytes]","args":[{"selector":{"controlType":"sap.m.GenericTile","properties":{"header":"Manage Yards"}},"wdio_ui5_key":"sapm.GenericTile{\"header\":\"Manage Yards\"}"}]}
RESULT: {"script":"<script> [1562 bytes]","args":[{"selector":{"controlType":"sap.m.GenericTile","properties":{"header":"Manage Yards"}},"wdio_ui5_key":"sapm.GenericTile{\"header\":\"Manage Yards\"}"}]}
RESULT: undefined
COMMAND: POST /session/2308dad0f2a7537c6be193a87bfcce7d/element - {"using":"xpath","value":"//*[@id=\"__tile41\"]"}
RESULT: {"using":"xpath","value":"//*[@id=\"__tile41\"]"}
COMMAND: POST /session/2308dad0f2a7537c6be193a87bfcce7d/element/f.8FEDB17297EEB2F430C5C9DB657928CB.d.3DEBF5D9519687A41ABF2EDD857B4340.e.179/click - {}
RESULT: {}
COMMAND: GET /session/2308dad0f2a7537c6be193a87bfcce7d/screenshot - {}
RESULT: {}
COMMAND: POST /session/2308dad0f2a7537c6be193a87bfcce7d/elements - {"using":"xpath","value":"//span[text()='Error']"}
RESULT: {"using":"xpath","value":"//span[text()='Error']"}
COMMAND: POST /session/2308dad0f2a7537c6be193a87bfcce7d/element - {"using":"xpath","value":"//button[@data-kt=\"addNewYardOverflowToolbarButton\"]"}
RESULT: {"using":"xpath","value":"//button[@data-kt=\"addNewYardOverflowToolbarButton\"]"}
COMMAND: POST /session/2308dad0f2a7537c6be193a87bfcce7d/elements - {"using":"xpath","value":"//button[@data-kt=\"addNewYardOverflowToolbarButton\"]"}
RESULT: {"using":"xpath","value":"//button[@data-kt=\"addNewYardOverflowToolbarButton\"]"}
COMMAND: POST /session/2308dad0f2a7537c6be193a87bfcce7d/elements - {"using":"xpath","value":"//button[@data-kt=\"addNewYardOverflowToolbarButton\"]"}
RESULT: {"using":"xpath","value":"//button[@data-kt=\"addNewYardOverflowToolbarButton\"]"}
COMMAND: POST /session/2308dad0f2a7537c6be193a87bfcce7d/elements - {"using":"xpath","value":"//button[@data-kt=\"addNewYardOverflowToolbarButton\"]"}
RESULT: {"using":"xpath","value":"//button[@data-kt=\"addNewYardOverflowToolbarButton\"]"}
COMMAND: POST /session/2308dad0f2a7537c6be193a87bfcce7d/elements - {"using":"xpath","value":"//button[@data-kt=\"addNewYardOverflowToolbarButton\"]"}
RESULT: {"using":"xpath","value":"//button[@data-kt=\"addNewYardOverflowToolbarButton\"]"}
COMMAND: POST /session/2308dad0f2a7537c6be193a87bfcce7d/elements - {"using":"xpath","value":"//button[@data-kt=\"addNewYardOverflowToolbarButton\"]"}
RESULT: {"using":"xpath","value":"//button[@data-kt=\"addNewYardOverflowToolbarButton\"]"}
COMMAND: POST /session/2308dad0f2a7537c6be193a87bfcce7d/elements - {"using":"xpath","value":"//button[@data-kt=\"addNewYardOverflowToolbarButton\"]"}
RESULT: {"using":"xpath","value":"//button[@data-kt=\"addNewYardOverflowToolbarButton\"]"}
COMMAND: POST /session/2308dad0f2a7537c6be193a87bfcce7d/elements - {"using":"xpath","value":"//button[@data-kt=\"addNewYardOverflowToolbarButton\"]"}
RESULT: {"using":"xpath","value":"//button[@data-kt=\"addNewYardOverflowToolbarButton\"]"}
COMMAND: POST /session/2308dad0f2a7537c6be193a87bfcce7d/elements - {"using":"xpath","value":"//button[@data-kt=\"addNewYardOverflowToolbarButton\"]"}
RESULT: {"using":"xpath","value":"//button[@data-kt=\"addNewYardOverflowToolbarButton\"]"}
COMMAND: POST /session/2308dad0f2a7537c6be193a87bfcce7d/elements - {"using":"xpath","value":"//button[@data-kt=\"addNewYardOverflowToolbarButton\"]"}
RESULT: {"using":"xpath","value":"//button[@data-kt=\"addNewYardOverflowToolbarButton\"]"}
COMMAND: POST /session/2308dad0f2a7537c6be193a87bfcce7d/element - {"using":"xpath","value":"//button[@data-kt=\"addNewYardOverflowToolbarButton\"]"}
RESULT: {"using":"xpath","value":"//button[@data-kt=\"addNewYardOverflowToolbarButton\"]"}
COMMAND: POST /session/2308dad0f2a7537c6be193a87bfcce7d/execute/sync - {"script":"<script> [8489 bytes]","args":[{"element-6066-11e4-a52e-4f735466cecf":"f.8FEDB17297EEB2F430C5C9DB657928CB.d.3DEBF5D9519687A41ABF2EDD857B4340.e.304","ELEMENT":"f.8FEDB17297EEB2F430C5C9DB657928CB.d.3DEBF5D9519687A41ABF2EDD857B4340.e.304"}]}
RESULT: {"script":"<script> [8489 bytes]","args":[{"element-6066-11e4-a52e-4f735466cecf":"f.8FEDB17297EEB2F430C5C9DB657928CB.d.3DEBF5D9519687A41ABF2EDD857B4340.e.304","ELEMENT":"f.8FEDB17297EEB2F430C5C9DB657928CB.d.3DEBF5D9519687A41ABF2EDD857B4340.e.304"}]}
COMMAND: GET /session/2308dad0f2a7537c6be193a87bfcce7d/element/f.8FEDB17297EEB2F430C5C9DB657928CB.d.3DEBF5D9519687A41ABF2EDD857B4340.e.304/enabled - {}
COMMAND: GET /session/2308dad0f2a7537c6be193a87bfcce7d/screenshot - {}
RESULT: {}
COMMAND: POST /session/2308dad0f2a7537c6be193a87bfcce7d/execute/sync - {"script":"<script> [8489 bytes]","args":[{"element-6066-11e4-a52e-4f735466cecf":"f.8FEDB17297EEB2F430C5C9DB657928CB.d.3DEBF5D9519687A41ABF2EDD857B4340.e.304","ELEMENT":"f.8FEDB17297EEB2F430C5C9DB657928CB.d.3DEBF5D9519687A41ABF2EDD857B4340.e.304"}]}
COMMAND: GET /session/2308dad0f2a7537c6be193a87bfcce7d/screenshot - {}
RESULT: {}
RESULT: {"script":"<script> [8489 bytes]","args":[{"element-6066-11e4-a52e-4f735466cecf":"f.8FEDB17297EEB2F430C5C9DB657928CB.d.3DEBF5D9519687A41ABF2EDD857B4340.e.304","ELEMENT":"f.8FEDB17297EEB2F430C5C9DB657928CB.d.3DEBF5D9519687A41ABF2EDD857B4340.e.304"}]}
COMMAND: POST /session/2308dad0f2a7537c6be193a87bfcce7d/execute/sync - {"script":"<script> [5351 bytes]","args":[{"element-6066-11e4-a52e-4f735466cecf":"f.8FEDB17297EEB2F430C5C9DB657928CB.d.3DEBF5D9519687A41ABF2EDD857B4340.e.304","ELEMENT":"f.8FEDB17297EEB2F430C5C9DB657928CB.d.3DEBF5D9519687A41ABF2EDD857B4340.e.304"}]}
COMMAND: GET /session/2308dad0f2a7537c6be193a87bfcce7d/screenshot - {}
RESULT: {}
RESULT: {}
RESULT: {"script":"<script> [5351 bytes]","args":[{"element-6066-11e4-a52e-4f735466cecf":"f.8FEDB17297EEB2F430C5C9DB657928CB.d.3DEBF5D9519687A41ABF2EDD857B4340.e.304","ELEMENT":"f.8FEDB17297EEB2F430C5C9DB657928CB.d.3DEBF5D9519687A41ABF2EDD857B4340.e.304"}]}
COMMAND: POST /session/2308dad0f2a7537c6be193a87bfcce7d/element/f.8FEDB17297EEB2F430C5C9DB657928CB.d.3DEBF5D9519687A41ABF2EDD857B4340.e.304/click - {}
COMMAND: GET /session/2308dad0f2a7537c6be193a87bfcce7d/screenshot - {}
RESULT: {}
COMMAND: GET /session/2308dad0f2a7537c6be193a87bfcce7d/screenshot - {}
RESULT: {}
COMMAND: POST /session/2308dad0f2a7537c6be193a87bfcce7d/element - {"using":"xpath","value":"//input[@id=\"application-manageyards-display-component---NewYard--yardId-inner\"]"}
RESULT: {}
RESULT: {"using":"xpath","value":"//input[@id=\"application-manageyards-display-component---NewYard--yardId-inner\"]"}
COMMAND: POST /session/2308dad0f2a7537c6be193a87bfcce7d/element - {"using":"xpath","value":"//input[@id=\"application-manageyards-display-component---NewYard--yardId-inner\"]"}
RESULT: {"using":"xpath","value":"//input[@id=\"application-manageyards-display-component---NewYard--yardId-inner\"]"}
COMMAND: POST /session/2308dad0f2a7537c6be193a87bfcce7d/execute/async - {"script":"<script> [1562 bytes]","args":[{"selector":{"id":"application-manageyards-display-component---NewYard--addressDetailDetailsName1","interaction":{"idSuffix":"inner"}},"wdio_ui5_key":"applicationmanageyards-display-component---NewYard--addressDetailDetailsName1"}]}
RESULT: {"script":"<script> [1562 bytes]","args":[{"selector":{"id":"application-manageyards-display-component---NewYard--addressDetailDetailsName1","interaction":{"idSuffix":"inner"}},"wdio_ui5_key":"applicationmanageyards-display-component---NewYard--addressDetailDetailsName1"}]}
RESULT: undefined
COMMAND: POST /session/2308dad0f2a7537c6be193a87bfcce7d/execute/async - {"script":"<script> [776 bytes]","args":[{"enterText":"Intracompany Yard wdIO","selector":{"id":"application-manageyards-display-component---NewYard--addressDetailDetailsName1","interaction":{"idSuffix":"inner"}},"clearTextFirst":true,"interactionType":"ENTER_TEXT"}]}
RESULT: {"script":"<script> [776 bytes]","args":[{"enterText":"Intracompany Yard wdIO","selector":{"id":"application-manageyards-display-component---NewYard--addressDetailDetailsName1","interaction":{"idSuffix":"inner"}},"clearTextFirst":true,"interactionType":"ENTER_TEXT"}]}
COMMAND: POST /session/2308dad0f2a7537c6be193a87bfcce7d/execute/async - {"script":"<script> [1562 bytes]","args":[{"selector":{"id":"application-manageyards-display-component---NewYard--addressDetailDetailsLanguage-arrow"},"wdio_ui5_key":"applicationmanageyards-display-component---NewYard--addressDetailDetailsLanguage-arrow"}]}
RESULT: {"script":"<script> [1562 bytes]","args":[{"selector":{"id":"application-manageyards-display-component---NewYard--addressDetailDetailsLanguage-arrow"},"wdio_ui5_key":"applicationmanageyards-display-component---NewYard--addressDetailDetailsLanguage-arrow"}]}
RESULT: undefined
COMMAND: POST /session/2308dad0f2a7537c6be193a87bfcce7d/element - {"using":"xpath","value":"//*[@id=\"application-manageyards-display-component---NewYard--addressDetailDetailsLanguage-arrow\"]"}
RESULT: {"using":"xpath","value":"//*[@id=\"application-manageyards-display-component---NewYard--addressDetailDetailsLanguage-arrow\"]"}
COMMAND: POST /session/2308dad0f2a7537c6be193a87bfcce7d/element/f.8FEDB17297EEB2F430C5C9DB657928CB.d.3DEBF5D9519687A41ABF2EDD857B4340.e.744/click - {}
RESULT: {}
COMMAND: POST /session/2308dad0f2a7537c6be193a87bfcce7d/element - {"using":"xpath","value":"//span[contains(text(), \"English\")]"}
COMMAND: GET /session/2308dad0f2a7537c6be193a87bfcce7d/screenshot - {}
RESULT: {"using":"xpath","value":"//span[contains(text(), \"English\")]"}
COMMAND: POST /session/2308dad0f2a7537c6be193a87bfcce7d/element/f.8FEDB17297EEB2F430C5C9DB657928CB.d.3DEBF5D9519687A41ABF2EDD857B4340.e.745/click - {}
RESULT: {}
RESULT: {}
COMMAND: POST /session/2308dad0f2a7537c6be193a87bfcce7d/execute/async - {"script":"<script> [1562 bytes]","args":[{"selector":{"id":"application-manageyards-display-component---NewYard--addressDetailDetailsCity1","interaction":{"idSuffix":"inner"}},"wdio_ui5_key":"applicationmanageyards-display-component---NewYard--addressDetailDetailsCity1"}]}
COMMAND: GET /session/2308dad0f2a7537c6be193a87bfcce7d/screenshot - {}
RESULT: {"script":"<script> [1562 bytes]","args":[{"selector":{"id":"application-manageyards-display-component---NewYard--addressDetailDetailsCity1","interaction":{"idSuffix":"inner"}},"wdio_ui5_key":"applicationmanageyards-display-component---NewYard--addressDetailDetailsCity1"}]}
RESULT: undefined
COMMAND: POST /session/2308dad0f2a7537c6be193a87bfcce7d/execute/async - {"script":"<script> [776 bytes]","args":[{"enterText":"Rosario","selector":{"id":"application-manageyards-display-component---NewYard--addressDetailDetailsCity1","interaction":{"idSuffix":"inner"}},"clearTextFirst":true,"interactionType":"ENTER_TEXT"}]}
RESULT: {}
RESULT: {"script":"<script> [776 bytes]","args":[{"enterText":"Rosario","selector":{"id":"application-manageyards-display-component---NewYard--addressDetailDetailsCity1","interaction":{"idSuffix":"inner"}},"clearTextFirst":true,"interactionType":"ENTER_TEXT"}]}
COMMAND: POST /session/2308dad0f2a7537c6be193a87bfcce7d/execute/async - {"script":"<script> [1562 bytes]","args":[{"selector":{"id":"application-manageyards-display-component---NewYard--addressDetailDetailsCountry-arrow"},"wdio_ui5_key":"applicationmanageyards-display-component---NewYard--addressDetailDetailsCountry-arrow"}]}
RESULT: {"script":"<script> [1562 bytes]","args":[{"selector":{"id":"application-manageyards-display-component---NewYard--addressDetailDetailsCountry-arrow"},"wdio_ui5_key":"applicationmanageyards-display-component---NewYard--addressDetailDetailsCountry-arrow"}]}
RESULT: undefined
COMMAND: POST /session/2308dad0f2a7537c6be193a87bfcce7d/element - {"using":"xpath","value":"//*[@id=\"application-manageyards-display-component---NewYard--addressDetailDetailsCountry-arrow\"]"}
RESULT: {"using":"xpath","value":"//*[@id=\"application-manageyards-display-component---NewYard--addressDetailDetailsCountry-arrow\"]"}
COMMAND: POST /session/2308dad0f2a7537c6be193a87bfcce7d/element/f.8FEDB17297EEB2F430C5C9DB657928CB.d.3DEBF5D9519687A41ABF2EDD857B4340.e.747/click - {}
RESULT: {}
COMMAND: POST /session/2308dad0f2a7537c6be193a87bfcce7d/element - {"using":"xpath","value":"//span[contains(text(), \"Argentina\")]"}
COMMAND: GET /session/2308dad0f2a7537c6be193a87bfcce7d/screenshot - {}
RESULT: {"using":"xpath","value":"//span[contains(text(), \"Argentina\")]"}
COMMAND: POST /session/2308dad0f2a7537c6be193a87bfcce7d/element/f.8FEDB17297EEB2F430C5C9DB657928CB.d.3DEBF5D9519687A41ABF2EDD857B4340.e.749/click - {}
RESULT: {}
RESULT: {}
COMMAND: POST /session/2308dad0f2a7537c6be193a87bfcce7d/execute/async - {"script":"<script> [1562 bytes]","args":[{"selector":{"id":"application-manageyards-display-component---NewYard--addressEditDetailsCostObjectCstType-arrow"},"wdio_ui5_key":"applicationmanageyards-display-component---NewYard--addressEditDetailsCostObjectCstType-arrow"}]}
COMMAND: GET /session/2308dad0f2a7537c6be193a87bfcce7d/screenshot - {}
RESULT: {"script":"<script> [1562 bytes]","args":[{"selector":{"id":"application-manageyards-display-component---NewYard--addressEditDetailsCostObjectCstType-arrow"},"wdio_ui5_key":"applicationmanageyards-display-component---NewYard--addressEditDetailsCostObjectCstType-arrow"}]}
RESULT: undefined
COMMAND: POST /session/2308dad0f2a7537c6be193a87bfcce7d/element - {"using":"xpath","value":"//*[@id=\"application-manageyards-display-component---NewYard--addressEditDetailsCostObjectCstType-arrow\"]"}
RESULT: {}
RESULT: {"using":"xpath","value":"//*[@id=\"application-manageyards-display-component---NewYard--addressEditDetailsCostObjectCstType-arrow\"]"}
COMMAND: POST /session/2308dad0f2a7537c6be193a87bfcce7d/element/f.8FEDB17297EEB2F430C5C9DB657928CB.d.3DEBF5D9519687A41ABF2EDD857B4340.e.750/click - {}
RESULT: {}
COMMAND: POST /session/2308dad0f2a7537c6be193a87bfcce7d/element - {"using":"xpath","value":"//span[contains(text(), \"Cost Center\")]"}
COMMAND: GET /session/2308dad0f2a7537c6be193a87bfcce7d/screenshot - {}
RESULT: {"using":"xpath","value":"//span[contains(text(), \"Cost Center\")]"}
COMMAND: POST /session/2308dad0f2a7537c6be193a87bfcce7d/element/f.8FEDB17297EEB2F430C5C9DB657928CB.d.3DEBF5D9519687A41ABF2EDD857B4340.e.751/click - {}
RESULT: {}
RESULT: {}
COMMAND: GET /session/2308dad0f2a7537c6be193a87bfcce7d/screenshot - {}
RESULT: {}
COMMAND: POST /session/2308dad0f2a7537c6be193a87bfcce7d/element - {"using":"xpath","value":"//span[@id=\"application-manageyards-display-component---NewYard--addressNewCostObjectCstID-vhi\"]"}
RESULT: {"using":"xpath","value":"//span[@id=\"application-manageyards-display-component---NewYard--addressNewCostObjectCstID-vhi\"]"}
COMMAND: POST /session/2308dad0f2a7537c6be193a87bfcce7d/execute/sync - {"script":"<script> [8489 bytes]","args":[{"element-6066-11e4-a52e-4f735466cecf":"f.8FEDB17297EEB2F430C5C9DB657928CB.d.3DEBF5D9519687A41ABF2EDD857B4340.e.755","ELEMENT":"f.8FEDB17297EEB2F430C5C9DB657928CB.d.3DEBF5D9519687A41ABF2EDD857B4340.e.755"}]}
RESULT: {"script":"<script> [8489 bytes]","args":[{"element-6066-11e4-a52e-4f735466cecf":"f.8FEDB17297EEB2F430C5C9DB657928CB.d.3DEBF5D9519687A41ABF2EDD857B4340.e.755","ELEMENT":"f.8FEDB17297EEB2F430C5C9DB657928CB.d.3DEBF5D9519687A41ABF2EDD857B4340.e.755"}]}
COMMAND: POST /session/2308dad0f2a7537c6be193a87bfcce7d/execute/async - {"script":"<script> [1562 bytes]","args":[{"selector":{"id":"application-manageyards-display-component---NewYard--addressNewCostObjectCstID-vhi"},"wdio_ui5_key":"applicationmanageyards-display-component---NewYard--addressNewCostObjectCstID-vhi"}]}
COMMAND: GET /session/2308dad0f2a7537c6be193a87bfcce7d/screenshot - {}
RESULT: {"script":"<script> [1562 bytes]","args":[{"selector":{"id":"application-manageyards-display-component---NewYard--addressNewCostObjectCstID-vhi"},"wdio_ui5_key":"applicationmanageyards-display-component---NewYard--addressNewCostObjectCstID-vhi"}]}
RESULT: undefined
COMMAND: POST /session/2308dad0f2a7537c6be193a87bfcce7d/element - {"using":"xpath","value":"//*[@id=\"application-manageyards-display-component---NewYard--addressNewCostObjectCstID-vhi\"]"}
RESULT: {}
RESULT: {"using":"xpath","value":"//*[@id=\"application-manageyards-display-component---NewYard--addressNewCostObjectCstID-vhi\"]"}
COMMAND: POST /session/2308dad0f2a7537c6be193a87bfcce7d/element/f.8FEDB17297EEB2F430C5C9DB657928CB.d.3DEBF5D9519687A41ABF2EDD857B4340.e.755/click - {}
RESULT: {}
COMMAND: GET /session/2308dad0f2a7537c6be193a87bfcce7d/screenshot - {}
RESULT: {}
COMMAND: POST /session/2308dad0f2a7537c6be193a87bfcce7d/execute/async - {"script":"<script> [1562 bytes]","args":[{"selector":{"controlType":"sap.m.SearchField","properties":{"placeholder":"Search"},"searchOpenDialogs":true,"interaction":{"idSuffix":"I"}},"wdio_ui5_key":"sapm.SearchField{\"placeholder\":\"Search\"}"}]}
RESULT: {"script":"<script> [1562 bytes]","args":[{"selector":{"controlType":"sap.m.SearchField","properties":{"placeholder":"Search"},"searchOpenDialogs":true,"interaction":{"idSuffix":"I"}},"wdio_ui5_key":"sapm.SearchField{\"placeholder\":\"Search\"}"}]}
RESULT: undefined
COMMAND: POST /session/2308dad0f2a7537c6be193a87bfcce7d/execute/async - {"script":"<script> [776 bytes]","args":[{"enterText":"bauh_b","selector":{"controlType":"sap.m.SearchField","properties":{"placeholder":"Search"},"searchOpenDialogs":true,"interaction":{"idSuffix":"I"}},"clearTextFirst":true,"interactionType":"ENTER_TEXT"}]}
RESULT: {"script":"<script> [776 bytes]","args":[{"enterText":"bauh_b","selector":{"controlType":"sap.m.SearchField","properties":{"placeholder":"Search"},"searchOpenDialogs":true,"interaction":{"idSuffix":"I"}},"clearTextFirst":true,"interactionType":"ENTER_TEXT"}]}
COMMAND: POST /session/2308dad0f2a7537c6be193a87bfcce7d/actions - {"actions":[{"id":"action1","type":"key","parameters":{},"actions":[{"type":"keyDown","value":""},{"type":"pause","duration":10},{"type":"keyUp","value":""}]}]}
RESULT: {"actions":[{"id":"action1","type":"key","parameters":{},"actions":[{"type":"keyDown","value":""},{"type":"pause","duration":10},{"type":"keyUp","value":""}]}]}
COMMAND: GET /session/2308dad0f2a7537c6be193a87bfcce7d/screenshot - {}
RESULT: {}
COMMAND: POST /session/2308dad0f2a7537c6be193a87bfcce7d/element - {"using":"xpath","value":"//span[contains(text(), \"Demo Yard\")]"}
RESULT: {"using":"xpath","value":"//span[contains(text(), \"Demo Yard\")]"}
COMMAND: POST /session/2308dad0f2a7537c6be193a87bfcce7d/element/f.8FEDB17297EEB2F430C5C9DB657928CB.d.3DEBF5D9519687A41ABF2EDD857B4340.e.797/click - {}
RESULT: {}
COMMAND: GET /session/2308dad0f2a7537c6be193a87bfcce7d/screenshot - {}
RESULT: {}
COMMAND: POST /session/2308dad0f2a7537c6be193a87bfcce7d/element - {"using":"xpath","value":"//bdi[contains(text(), \"OK\")]"}
RESULT: {"using":"xpath","value":"//bdi[contains(text(), \"OK\")]"}
COMMAND: POST /session/2308dad0f2a7537c6be193a87bfcce7d/element/f.8FEDB17297EEB2F430C5C9DB657928CB.d.3DEBF5D9519687A41ABF2EDD857B4340.e.798/click - {}
RESULT: {}
COMMAND: GET /session/2308dad0f2a7537c6be193a87bfcce7d/screenshot - {}
RESULT: {}
COMMAND: POST /session/2308dad0f2a7537c6be193a87bfcce7d/execute/async - {"script":"<script> [1562 bytes]","args":[{"selector":{"id":"application-manageyards-display-component---NewYard--addressEditDetailsCurrency-arrow"},"wdio_ui5_key":"applicationmanageyards-display-component---NewYard--addressEditDetailsCurrency-arrow"}]}
RESULT: {"script":"<script> [1562 bytes]","args":[{"selector":{"id":"application-manageyards-display-component---NewYard--addressEditDetailsCurrency-arrow"},"wdio_ui5_key":"applicationmanageyards-display-component---NewYard--addressEditDetailsCurrency-arrow"}]}
RESULT: undefined
COMMAND: POST /session/2308dad0f2a7537c6be193a87bfcce7d/element - {"using":"xpath","value":"//*[@id=\"application-manageyards-display-component---NewYard--addressEditDetailsCurrency-arrow\"]"}
RESULT: {"using":"xpath","value":"//*[@id=\"application-manageyards-display-component---NewYard--addressEditDetailsCurrency-arrow\"]"}
COMMAND: POST /session/2308dad0f2a7537c6be193a87bfcce7d/element/f.8FEDB17297EEB2F430C5C9DB657928CB.d.3DEBF5D9519687A41ABF2EDD857B4340.e.801/click - {}
RESULT: {}
COMMAND: POST /session/2308dad0f2a7537c6be193a87bfcce7d/element - {"using":"xpath","value":"//span[contains(text(), \"Euro\")]"}
COMMAND: GET /session/2308dad0f2a7537c6be193a87bfcce7d/screenshot - {}
RESULT: {"using":"xpath","value":"//span[contains(text(), \"Euro\")]"}
COMMAND: POST /session/2308dad0f2a7537c6be193a87bfcce7d/element/f.8FEDB17297EEB2F430C5C9DB657928CB.d.3DEBF5D9519687A41ABF2EDD857B4340.e.802/click - {}
RESULT: {}
RESULT: {}
COMMAND: POST /session/2308dad0f2a7537c6be193a87bfcce7d/execute/async - {"script":"<script> [1562 bytes]","args":[{"selector":{"controlType":"sap.m.Input","viewName":"etm.portal.ui.manageyards.view.New","viewId":"application-manageyards-display-component---NewYard","bindingPath":{"path":"","propertyPath":"/CONTROLLING_AREA","modelName":"NewYardModel"},"interaction":{"idSuffix":"inner"}},"wdio_ui5_key":"etmportal.ui.manageyards.view.Newsap.m.Input{\"path\":\"\",\"propertyPath\":\"/CONTROLLING_AREA\",\"modelName\":\"NewYardModel\"}"}]}
COMMAND: GET /session/2308dad0f2a7537c6be193a87bfcce7d/screenshot - {}
RESULT: {"script":"<script> [1562 bytes]","args":[{"selector":{"controlType":"sap.m.Input","viewName":"etm.portal.ui.manageyards.view.New","viewId":"application-manageyards-display-component---NewYard","bindingPath":{"path":"","propertyPath":"/CONTROLLING_AREA","modelName":"NewYardModel"},"interaction":{"idSuffix":"inner"}},"wdio_ui5_key":"etmportal.ui.manageyards.view.Newsap.m.Input{\"path\":\"\",\"propertyPath\":\"/CONTROLLING_AREA\",\"modelName\":\"NewYardModel\"}"}]}
RESULT: undefined
COMMAND: POST /session/2308dad0f2a7537c6be193a87bfcce7d/execute/async - {"script":"<script> [776 bytes]","args":[{"enterText":"Z001","selector":{"controlType":"sap.m.Input","viewName":"etm.portal.ui.manageyards.view.New","viewId":"application-manageyards-display-component---NewYard","bindingPath":{"path":"","propertyPath":"/CONTROLLING_AREA","modelName":"NewYardModel"},"interaction":{"idSuffix":"inner"}},"clearTextFirst":true,"interactionType":"ENTER_TEXT"}]}
RESULT: {}
RESULT: {"script":"<script> [776 bytes]","args":[{"enterText":"Z001","selector":{"controlType":"sap.m.Input","viewName":"etm.portal.ui.manageyards.view.New","viewId":"application-manageyards-display-component---NewYard","bindingPath":{"path":"","propertyPath":"/CONTROLLING_AREA","modelName":"NewYardModel"},"interaction":{"idSuffix":"inner"}},"clearTextFirst":true,"interactionType":"ENTER_TEXT"}]}
COMMAND: POST /session/2308dad0f2a7537c6be193a87bfcce7d/execute/async - {"script":"<script> [1562 bytes]","args":[{"selector":{"id":"application-manageyards-display-component---NewYard--companyCodeComboBox","interaction":{"idSuffix":"inner"}},"wdio_ui5_key":"applicationmanageyards-display-component---NewYard--companyCodeComboBox"}]}
RESULT: {"script":"<script> [1562 bytes]","args":[{"selector":{"id":"application-manageyards-display-component---NewYard--companyCodeComboBox","interaction":{"idSuffix":"inner"}},"wdio_ui5_key":"applicationmanageyards-display-component---NewYard--companyCodeComboBox"}]}
RESULT: undefined
COMMAND: POST /session/2308dad0f2a7537c6be193a87bfcce7d/execute/async - {"script":"<script> [776 bytes]","args":[{"enterText":"1000","selector":{"id":"application-manageyards-display-component---NewYard--companyCodeComboBox","interaction":{"idSuffix":"inner"}},"clearTextFirst":true,"interactionType":"ENTER_TEXT"}]}
RESULT: {"script":"<script> [776 bytes]","args":[{"enterText":"1000","selector":{"id":"application-manageyards-display-component---NewYard--companyCodeComboBox","interaction":{"idSuffix":"inner"}},"clearTextFirst":true,"interactionType":"ENTER_TEXT"}]}
COMMAND: POST /session/2308dad0f2a7537c6be193a87bfcce7d/execute/async - {"script":"<script> [1562 bytes]","args":[{"selector":{"controlType":"sap.m.Input","viewName":"etm.portal.ui.manageyards.view.New","viewId":"application-manageyards-display-component---NewYard","bindingPath":{"path":"","propertyPath":"/PLANT","modelName":"NewYardModel"},"interaction":{"idSuffix":"inner"}},"wdio_ui5_key":"etmportal.ui.manageyards.view.Newsap.m.Input{\"path\":\"\",\"propertyPath\":\"/PLANT\",\"modelName\":\"NewYardModel\"}"}]}
RESULT: {"script":"<script> [1562 bytes]","args":[{"selector":{"controlType":"sap.m.Input","viewName":"etm.portal.ui.manageyards.view.New","viewId":"application-manageyards-display-component---NewYard","bindingPath":{"path":"","propertyPath":"/PLANT","modelName":"NewYardModel"},"interaction":{"idSuffix":"inner"}},"wdio_ui5_key":"etmportal.ui.manageyards.view.Newsap.m.Input{\"path\":\"\",\"propertyPath\":\"/PLANT\",\"modelName\":\"NewYardModel\"}"}]}
RESULT: undefined
COMMAND: POST /session/2308dad0f2a7537c6be193a87bfcce7d/execute/async - {"script":"<script> [776 bytes]","args":[{"enterText":"1001","selector":{"controlType":"sap.m.Input","viewName":"etm.portal.ui.manageyards.view.New","viewId":"application-manageyards-display-component---NewYard","bindingPath":{"path":"","propertyPath":"/PLANT","modelName":"NewYardModel"},"interaction":{"idSuffix":"inner"}},"clearTextFirst":true,"interactionType":"ENTER_TEXT"}]}
RESULT: {"script":"<script> [776 bytes]","args":[{"enterText":"1001","selector":{"controlType":"sap.m.Input","viewName":"etm.portal.ui.manageyards.view.New","viewId":"application-manageyards-display-component---NewYard","bindingPath":{"path":"","propertyPath":"/PLANT","modelName":"NewYardModel"},"interaction":{"idSuffix":"inner"}},"clearTextFirst":true,"interactionType":"ENTER_TEXT"}]}
COMMAND: POST /session/2308dad0f2a7537c6be193a87bfcce7d/execute/async - {"script":"<script> [1562 bytes]","args":[{"selector":{"controlType":"sap.m.Input","viewName":"etm.portal.ui.manageyards.view.New","viewId":"application-manageyards-display-component---NewYard","bindingPath":{"path":"","propertyPath":"/SALES_AREA_VKORG","modelName":"NewYardModel"},"interaction":{"idSuffix":"inner"}},"wdio_ui5_key":"etmportal.ui.manageyards.view.Newsap.m.Input{\"path\":\"\",\"propertyPath\":\"/SALES_AREA_VKORG\",\"modelName\":\"NewYardModel\"}"}]}
RESULT: {"script":"<script> [1562 bytes]","args":[{"selector":{"controlType":"sap.m.Input","viewName":"etm.portal.ui.manageyards.view.New","viewId":"application-manageyards-display-component---NewYard","bindingPath":{"path":"","propertyPath":"/SALES_AREA_VKORG","modelName":"NewYardModel"},"interaction":{"idSuffix":"inner"}},"wdio_ui5_key":"etmportal.ui.manageyards.view.Newsap.m.Input{\"path\":\"\",\"propertyPath\":\"/SALES_AREA_VKORG\",\"modelName\":\"NewYardModel\"}"}]}
RESULT: undefined
COMMAND: POST /session/2308dad0f2a7537c6be193a87bfcce7d/execute/async - {"script":"<script> [776 bytes]","args":[{"enterText":"C002","selector":{"controlType":"sap.m.Input","viewName":"etm.portal.ui.manageyards.view.New","viewId":"application-manageyards-display-component---NewYard","bindingPath":{"path":"","propertyPath":"/SALES_AREA_VKORG","modelName":"NewYardModel"},"interaction":{"idSuffix":"inner"}},"clearTextFirst":true,"interactionType":"ENTER_TEXT"}]}
RESULT: {"script":"<script> [776 bytes]","args":[{"enterText":"C002","selector":{"controlType":"sap.m.Input","viewName":"etm.portal.ui.manageyards.view.New","viewId":"application-manageyards-display-component---NewYard","bindingPath":{"path":"","propertyPath":"/SALES_AREA_VKORG","modelName":"NewYardModel"},"interaction":{"idSuffix":"inner"}},"clearTextFirst":true,"interactionType":"ENTER_TEXT"}]}
COMMAND: POST /session/2308dad0f2a7537c6be193a87bfcce7d/execute/async - {"script":"<script> [1562 bytes]","args":[{"selector":{"controlType":"sap.m.Input","viewName":"etm.portal.ui.manageyards.view.New","viewId":"application-manageyards-display-component---NewYard","bindingPath":{"path":"","propertyPath":"/SALES_AREA_VTWEG","modelName":"NewYardModel"},"interaction":{"idSuffix":"inner"}},"wdio_ui5_key":"etmportal.ui.manageyards.view.Newsap.m.Input{\"path\":\"\",\"propertyPath\":\"/SALES_AREA_VTWEG\",\"modelName\":\"NewYardModel\"}"}]}
RESULT: {"script":"<script> [1562 bytes]","args":[{"selector":{"controlType":"sap.m.Input","viewName":"etm.portal.ui.manageyards.view.New","viewId":"application-manageyards-display-component---NewYard","bindingPath":{"path":"","propertyPath":"/SALES_AREA_VTWEG","modelName":"NewYardModel"},"interaction":{"idSuffix":"inner"}},"wdio_ui5_key":"etmportal.ui.manageyards.view.Newsap.m.Input{\"path\":\"\",\"propertyPath\":\"/SALES_AREA_VTWEG\",\"modelName\":\"NewYardModel\"}"}]}
RESULT: undefined
COMMAND: POST /session/2308dad0f2a7537c6be193a87bfcce7d/execute/async - {"script":"<script> [776 bytes]","args":[{"enterText":"C2","selector":{"controlType":"sap.m.Input","viewName":"etm.portal.ui.manageyards.view.New","viewId":"application-manageyards-display-component---NewYard","bindingPath":{"path":"","propertyPath":"/SALES_AREA_VTWEG","modelName":"NewYardModel"},"interaction":{"idSuffix":"inner"}},"clearTextFirst":true,"interactionType":"ENTER_TEXT"}]}
RESULT: {"script":"<script> [776 bytes]","args":[{"enterText":"C2","selector":{"controlType":"sap.m.Input","viewName":"etm.portal.ui.manageyards.view.New","viewId":"application-manageyards-display-component---NewYard","bindingPath":{"path":"","propertyPath":"/SALES_AREA_VTWEG","modelName":"NewYardModel"},"interaction":{"idSuffix":"inner"}},"clearTextFirst":true,"interactionType":"ENTER_TEXT"}]}
COMMAND: POST /session/2308dad0f2a7537c6be193a87bfcce7d/execute/async - {"script":"<script> [1562 bytes]","args":[{"selector":{"controlType":"sap.m.Input","viewName":"etm.portal.ui.manageyards.view.New","viewId":"application-manageyards-display-component---NewYard","bindingPath":{"path":"","propertyPath":"/SALES_AREA_SPART","modelName":"NewYardModel"},"interaction":{"idSuffix":"inner"}},"wdio_ui5_key":"etmportal.ui.manageyards.view.Newsap.m.Input{\"path\":\"\",\"propertyPath\":\"/SALES_AREA_SPART\",\"modelName\":\"NewYardModel\"}"}]}
RESULT: {"script":"<script> [1562 bytes]","args":[{"selector":{"controlType":"sap.m.Input","viewName":"etm.portal.ui.manageyards.view.New","viewId":"application-manageyards-display-component---NewYard","bindingPath":{"path":"","propertyPath":"/SALES_AREA_SPART","modelName":"NewYardModel"},"interaction":{"idSuffix":"inner"}},"wdio_ui5_key":"etmportal.ui.manageyards.view.Newsap.m.Input{\"path\":\"\",\"propertyPath\":\"/SALES_AREA_SPART\",\"modelName\":\"NewYardModel\"}"}]}
RESULT: undefined
COMMAND: POST /session/2308dad0f2a7537c6be193a87bfcce7d/execute/async - {"script":"<script> [776 bytes]","args":[{"enterText":"C2","selector":{"controlType":"sap.m.Input","viewName":"etm.portal.ui.manageyards.view.New","viewId":"application-manageyards-display-component---NewYard","bindingPath":{"path":"","propertyPath":"/SALES_AREA_SPART","modelName":"NewYardModel"},"interaction":{"idSuffix":"inner"}},"clearTextFirst":true,"interactionType":"ENTER_TEXT"}]}
RESULT: {"script":"<script> [776 bytes]","args":[{"enterText":"C2","selector":{"controlType":"sap.m.Input","viewName":"etm.portal.ui.manageyards.view.New","viewId":"application-manageyards-display-component---NewYard","bindingPath":{"path":"","propertyPath":"/SALES_AREA_SPART","modelName":"NewYardModel"},"interaction":{"idSuffix":"inner"}},"clearTextFirst":true,"interactionType":"ENTER_TEXT"}]}
COMMAND: POST /session/2308dad0f2a7537c6be193a87bfcce7d/execute/async - {"script":"<script> [1562 bytes]","args":[{"selector":{"controlType":"sap.m.Input","viewName":"etm.portal.ui.manageyards.view.New","viewId":"application-manageyards-display-component---NewYard","bindingPath":{"path":"","propertyPath":"/SHIP_POINT","modelName":"NewYardModel"},"interaction":{"idSuffix":"inner"}},"wdio_ui5_key":"etmportal.ui.manageyards.view.Newsap.m.Input{\"path\":\"\",\"propertyPath\":\"/SHIP_POINT\",\"modelName\":\"NewYardModel\"}"}]}
RESULT: {"script":"<script> [1562 bytes]","args":[{"selector":{"controlType":"sap.m.Input","viewName":"etm.portal.ui.manageyards.view.New","viewId":"application-manageyards-display-component---NewYard","bindingPath":{"path":"","propertyPath":"/SHIP_POINT","modelName":"NewYardModel"},"interaction":{"idSuffix":"inner"}},"wdio_ui5_key":"etmportal.ui.manageyards.view.Newsap.m.Input{\"path\":\"\",\"propertyPath\":\"/SHIP_POINT\",\"modelName\":\"NewYardModel\"}"}]}
RESULT: undefined
COMMAND: POST /session/2308dad0f2a7537c6be193a87bfcce7d/execute/async - {"script":"<script> [776 bytes]","args":[{"enterText":"1710","selector":{"controlType":"sap.m.Input","viewName":"etm.portal.ui.manageyards.view.New","viewId":"application-manageyards-display-component---NewYard","bindingPath":{"path":"","propertyPath":"/SHIP_POINT","modelName":"NewYardModel"},"interaction":{"idSuffix":"inner"}},"clearTextFirst":true,"interactionType":"ENTER_TEXT"}]}
RESULT: {"script":"<script> [776 bytes]","args":[{"enterText":"1710","selector":{"controlType":"sap.m.Input","viewName":"etm.portal.ui.manageyards.view.New","viewId":"application-manageyards-display-component---NewYard","bindingPath":{"path":"","propertyPath":"/SHIP_POINT","modelName":"NewYardModel"},"interaction":{"idSuffix":"inner"}},"clearTextFirst":true,"interactionType":"ENTER_TEXT"}]}
COMMAND: POST /session/2308dad0f2a7537c6be193a87bfcce7d/execute/async - {"script":"<script> [1562 bytes]","args":[{"selector":{"controlType":"sap.m.Input","viewName":"etm.portal.ui.manageyards.view.New","viewId":"application-manageyards-display-component---NewYard","bindingPath":{"path":"","propertyPath":"/DELIVERY_TYPE","modelName":"NewYardModel"},"interaction":{"idSuffix":"inner"}},"wdio_ui5_key":"etmportal.ui.manageyards.view.Newsap.m.Input{\"path\":\"\",\"propertyPath\":\"/DELIVERY_TYPE\",\"modelName\":\"NewYardModel\"}"}]}
RESULT: {"script":"<script> [1562 bytes]","args":[{"selector":{"controlType":"sap.m.Input","viewName":"etm.portal.ui.manageyards.view.New","viewId":"application-manageyards-display-component---NewYard","bindingPath":{"path":"","propertyPath":"/DELIVERY_TYPE","modelName":"NewYardModel"},"interaction":{"idSuffix":"inner"}},"wdio_ui5_key":"etmportal.ui.manageyards.view.Newsap.m.Input{\"path\":\"\",\"propertyPath\":\"/DELIVERY_TYPE\",\"modelName\":\"NewYardModel\"}"}]}
RESULT: undefined
COMMAND: POST /session/2308dad0f2a7537c6be193a87bfcce7d/execute/async - {"script":"<script> [776 bytes]","args":[{"enterText":"ZL01","selector":{"controlType":"sap.m.Input","viewName":"etm.portal.ui.manageyards.view.New","viewId":"application-manageyards-display-component---NewYard","bindingPath":{"path":"","propertyPath":"/DELIVERY_TYPE","modelName":"NewYardModel"},"interaction":{"idSuffix":"inner"}},"clearTextFirst":true,"interactionType":"ENTER_TEXT"}]}
RESULT: {"script":"<script> [776 bytes]","args":[{"enterText":"ZL01","selector":{"controlType":"sap.m.Input","viewName":"etm.portal.ui.manageyards.view.New","viewId":"application-manageyards-display-component---NewYard","bindingPath":{"path":"","propertyPath":"/DELIVERY_TYPE","modelName":"NewYardModel"},"interaction":{"idSuffix":"inner"}},"clearTextFirst":true,"interactionType":"ENTER_TEXT"}]}
COMMAND: POST /session/2308dad0f2a7537c6be193a87bfcce7d/execute/async - {"script":"<script> [1562 bytes]","args":[{"selector":{"controlType":"sap.m.Input","viewName":"etm.portal.ui.manageyards.view.New","viewId":"application-manageyards-display-component---NewYard","bindingPath":{"path":"","propertyPath":"/AUART","modelName":"NewYardModel"},"interaction":{"idSuffix":"inner"}},"wdio_ui5_key":"etmportal.ui.manageyards.view.Newsap.m.Input{\"path\":\"\",\"propertyPath\":\"/AUART\",\"modelName\":\"NewYardModel\"}"}]}
RESULT: {"script":"<script> [1562 bytes]","args":[{"selector":{"controlType":"sap.m.Input","viewName":"etm.portal.ui.manageyards.view.New","viewId":"application-manageyards-display-component---NewYard","bindingPath":{"path":"","propertyPath":"/AUART","modelName":"NewYardModel"},"interaction":{"idSuffix":"inner"}},"wdio_ui5_key":"etmportal.ui.manageyards.view.Newsap.m.Input{\"path\":\"\",\"propertyPath\":\"/AUART\",\"modelName\":\"NewYardModel\"}"}]}
RESULT: undefined
COMMAND: POST /session/2308dad0f2a7537c6be193a87bfcce7d/execute/async - {"script":"<script> [776 bytes]","args":[{"enterText":"TA","selector":{"controlType":"sap.m.Input","viewName":"etm.portal.ui.manageyards.view.New","viewId":"application-manageyards-display-component---NewYard","bindingPath":{"path":"","propertyPath":"/AUART","modelName":"NewYardModel"},"interaction":{"idSuffix":"inner"}},"clearTextFirst":true,"interactionType":"ENTER_TEXT"}]}
RESULT: {"script":"<script> [776 bytes]","args":[{"enterText":"TA","selector":{"controlType":"sap.m.Input","viewName":"etm.portal.ui.manageyards.view.New","viewId":"application-manageyards-display-component---NewYard","bindingPath":{"path":"","propertyPath":"/AUART","modelName":"NewYardModel"},"interaction":{"idSuffix":"inner"}},"clearTextFirst":true,"interactionType":"ENTER_TEXT"}]}
COMMAND: POST /session/2308dad0f2a7537c6be193a87bfcce7d/element - {"using":"xpath","value":"//button[@data-kt=\"newYardSaveButton\"]"}
RESULT: {"using":"xpath","value":"//button[@data-kt=\"newYardSaveButton\"]"}
COMMAND: POST /session/2308dad0f2a7537c6be193a87bfcce7d/element/f.8FEDB17297EEB2F430C5C9DB657928CB.d.3DEBF5D9519687A41ABF2EDD857B4340.e.729/click - {}
RESULT: {}
COMMAND: GET /session/2308dad0f2a7537c6be193a87bfcce7d/screenshot - {}
RESULT: {}
COMMAND: POST /session/2308dad0f2a7537c6be193a87bfcce7d/element - {"using":"xpath","value":"//header[contains(@id, 'ObjectPageLayout-headerTitle')]/div[1]/div[2]/div[1]/span[1]"}
RESULT: {"using":"xpath","value":"//header[contains(@id, 'ObjectPageLayout-headerTitle')]/div[1]/div[2]/div[1]/span[1]"}
COMMAND: POST /session/2308dad0f2a7537c6be193a87bfcce7d/elements - {"using":"xpath","value":"//header[contains(@id, 'ObjectPageLayout-headerTitle')]/div[1]/div[2]/div[1]/span[1]"}
RESULT: {"using":"xpath","value":"//header[contains(@id, 'ObjectPageLayout-headerTitle')]/div[1]/div[2]/div[1]/span[1]"}
COMMAND: POST /session/2308dad0f2a7537c6be193a87bfcce7d/execute/sync - {"script":"<script> [56 bytes]","args":[{"element-6066-11e4-a52e-4f735466cecf":"f.8FEDB17297EEB2F430C5C9DB657928CB.d.3DEBF5D9519687A41ABF2EDD857B4340.e.1023","ELEMENT":"f.8FEDB17297EEB2F430C5C9DB657928CB.d.3DEBF5D9519687A41ABF2EDD857B4340.e.1023"}]}
RESULT: {"script":"<script> [56 bytes]","args":[{"element-6066-11e4-a52e-4f735466cecf":"f.8FEDB17297EEB2F430C5C9DB657928CB.d.3DEBF5D9519687A41ABF2EDD857B4340.e.1023","ELEMENT":"f.8FEDB17297EEB2F430C5C9DB657928CB.d.3DEBF5D9519687A41ABF2EDD857B4340.e.1023"}]}
COMMAND: GET /session/2308dad0f2a7537c6be193a87bfcce7d/screenshot - {}
RESULT: {}
COMMAND: POST /session/2308dad0f2a7537c6be193a87bfcce7d/element - {"using":"css selector","value":"#shell-header-logo"}
RESULT: {"using":"css selector","value":"#shell-header-logo"}
COMMAND: POST /session/2308dad0f2a7537c6be193a87bfcce7d/element/f.8FEDB17297EEB2F430C5C9DB657928CB.d.3DEBF5D9519687A41ABF2EDD857B4340.e.271/click - {}
RESULT: {}
COMMAND: GET /session/2308dad0f2a7537c6be193a87bfcce7d/screenshot - {}
RESULT: {}
COMMAND: POST /session/2308dad0f2a7537c6be193a87bfcce7d/execute/sync - {"script":"<script> [299 bytes]","args":[["getModel","getResource"]]}
RESULT: {"script":"<script> [299 bytes]","args":[["getModel","getResource"]]}
]]></system-out>
    </testcase>
    <testcase classname="chrome.136_0_7103_93.windows.Partner_specific_tests_US150819_US151080_US151654_US151176_US103444_US151078_US151079_US151109_US151174_US151175_US151189" name="Should create new external partner US150819" time="121.553">
      <system-out><![CDATA[
COMMAND: POST /session/2308dad0f2a7537c6be193a87bfcce7d/element - {"using":"xpath","value":"//li[.//span[text()=\"Manage Partners\"]]"}
COMMAND: GET /session/2308dad0f2a7537c6be193a87bfcce7d/screenshot - {}
RESULT: {"using":"xpath","value":"//li[.//span[text()=\"Manage Partners\"]]"}
COMMAND: POST /session/2308dad0f2a7537c6be193a87bfcce7d/element - {"using":"xpath","value":"//li[.//span[text()=\"Manage Partners\"]]"}
RESULT: {}
RESULT: {"using":"xpath","value":"//li[.//span[text()=\"Manage Partners\"]]"}
COMMAND: POST /session/2308dad0f2a7537c6be193a87bfcce7d/element - {"using":"css selector","value":"#shell-header-logo"}
RESULT: {"using":"css selector","value":"#shell-header-logo"}
COMMAND: POST /session/2308dad0f2a7537c6be193a87bfcce7d/element/f.8FEDB17297EEB2F430C5C9DB657928CB.d.3DEBF5D9519687A41ABF2EDD857B4340.e.1025/click - {}
COMMAND: POST /session/2308dad0f2a7537c6be193a87bfcce7d/execute/sync - {"script":"<script> [8489 bytes]","args":[{"element-6066-11e4-a52e-4f735466cecf":"f.8FEDB17297EEB2F430C5C9DB657928CB.d.3DEBF5D9519687A41ABF2EDD857B4340.e.1025","ELEMENT":"f.8FEDB17297EEB2F430C5C9DB657928CB.d.3DEBF5D9519687A41ABF2EDD857B4340.e.1025"}]}
RESULT: {}
COMMAND: GET /session/2308dad0f2a7537c6be193a87bfcce7d/screenshot - {}
RESULT: {"script":"<script> [8489 bytes]","args":[{"element-6066-11e4-a52e-4f735466cecf":"f.8FEDB17297EEB2F430C5C9DB657928CB.d.3DEBF5D9519687A41ABF2EDD857B4340.e.1025","ELEMENT":"f.8FEDB17297EEB2F430C5C9DB657928CB.d.3DEBF5D9519687A41ABF2EDD857B4340.e.1025"}]}
COMMAND: POST /session/2308dad0f2a7537c6be193a87bfcce7d/execute/sync - {"script":"<script> [5351 bytes]","args":[{"element-6066-11e4-a52e-4f735466cecf":"f.8FEDB17297EEB2F430C5C9DB657928CB.d.3DEBF5D9519687A41ABF2EDD857B4340.e.1025","ELEMENT":"f.8FEDB17297EEB2F430C5C9DB657928CB.d.3DEBF5D9519687A41ABF2EDD857B4340.e.1025"}]}
COMMAND: GET /session/2308dad0f2a7537c6be193a87bfcce7d/screenshot - {}
RESULT: {}
RESULT: {"script":"<script> [5351 bytes]","args":[{"element-6066-11e4-a52e-4f735466cecf":"f.8FEDB17297EEB2F430C5C9DB657928CB.d.3DEBF5D9519687A41ABF2EDD857B4340.e.1025","ELEMENT":"f.8FEDB17297EEB2F430C5C9DB657928CB.d.3DEBF5D9519687A41ABF2EDD857B4340.e.1025"}]}
COMMAND: GET /session/2308dad0f2a7537c6be193a87bfcce7d/screenshot - {}
RESULT: {}
RESULT: {}
COMMAND: POST /session/2308dad0f2a7537c6be193a87bfcce7d/window/fullscreen - {}
RESULT: {}
COMMAND: POST /session/2308dad0f2a7537c6be193a87bfcce7d/execute/async - {"script":"<script> [1562 bytes]","args":[{"selector":{"controlType":"sap.m.GenericTile","properties":{"header":"Manage Partners"}},"wdio_ui5_key":"sapm.GenericTile{\"header\":\"Manage Partners\"}"}]}
RESULT: {"script":"<script> [1562 bytes]","args":[{"selector":{"controlType":"sap.m.GenericTile","properties":{"header":"Manage Partners"}},"wdio_ui5_key":"sapm.GenericTile{\"header\":\"Manage Partners\"}"}]}
RESULT: undefined
COMMAND: POST /session/2308dad0f2a7537c6be193a87bfcce7d/element - {"using":"xpath","value":"//*[@id=\"__tile38\"]"}
RESULT: {"using":"xpath","value":"//*[@id=\"__tile38\"]"}
COMMAND: POST /session/2308dad0f2a7537c6be193a87bfcce7d/element/f.8FEDB17297EEB2F430C5C9DB657928CB.d.3DEBF5D9519687A41ABF2EDD857B4340.e.170/click - {}
RESULT: {}
COMMAND: GET /session/2308dad0f2a7537c6be193a87bfcce7d/screenshot - {}
RESULT: {}
COMMAND: POST /session/2308dad0f2a7537c6be193a87bfcce7d/elements - {"using":"xpath","value":"//span[text()='Error']"}
RESULT: {"using":"xpath","value":"//span[text()='Error']"}
COMMAND: POST /session/2308dad0f2a7537c6be193a87bfcce7d/element - {"using":"xpath","value":"//button[@data-kt=\"addButton\"]"}
RESULT: {"using":"xpath","value":"//button[@data-kt=\"addButton\"]"}
COMMAND: POST /session/2308dad0f2a7537c6be193a87bfcce7d/elements - {"using":"xpath","value":"//button[@data-kt=\"addButton\"]"}
RESULT: {"using":"xpath","value":"//button[@data-kt=\"addButton\"]"}
COMMAND: POST /session/2308dad0f2a7537c6be193a87bfcce7d/elements - {"using":"xpath","value":"//button[@data-kt=\"addButton\"]"}
RESULT: {"using":"xpath","value":"//button[@data-kt=\"addButton\"]"}
COMMAND: POST /session/2308dad0f2a7537c6be193a87bfcce7d/elements - {"using":"xpath","value":"//button[@data-kt=\"addButton\"]"}
RESULT: {"using":"xpath","value":"//button[@data-kt=\"addButton\"]"}
COMMAND: POST /session/2308dad0f2a7537c6be193a87bfcce7d/elements - {"using":"xpath","value":"//button[@data-kt=\"addButton\"]"}
RESULT: {"using":"xpath","value":"//button[@data-kt=\"addButton\"]"}
COMMAND: POST /session/2308dad0f2a7537c6be193a87bfcce7d/elements - {"using":"xpath","value":"//button[@data-kt=\"addButton\"]"}
RESULT: {"using":"xpath","value":"//button[@data-kt=\"addButton\"]"}
COMMAND: POST /session/2308dad0f2a7537c6be193a87bfcce7d/elements - {"using":"xpath","value":"//button[@data-kt=\"addButton\"]"}
RESULT: {"using":"xpath","value":"//button[@data-kt=\"addButton\"]"}
COMMAND: POST /session/2308dad0f2a7537c6be193a87bfcce7d/elements - {"using":"xpath","value":"//button[@data-kt=\"addButton\"]"}
RESULT: {"using":"xpath","value":"//button[@data-kt=\"addButton\"]"}
COMMAND: POST /session/2308dad0f2a7537c6be193a87bfcce7d/elements - {"using":"xpath","value":"//button[@data-kt=\"addButton\"]"}
RESULT: {"using":"xpath","value":"//button[@data-kt=\"addButton\"]"}
COMMAND: POST /session/2308dad0f2a7537c6be193a87bfcce7d/elements - {"using":"xpath","value":"//button[@data-kt=\"addButton\"]"}
RESULT: {"using":"xpath","value":"//button[@data-kt=\"addButton\"]"}
COMMAND: POST /session/2308dad0f2a7537c6be193a87bfcce7d/element - {"using":"xpath","value":"//button[@data-kt=\"addButton\"]"}
RESULT: {"using":"xpath","value":"//button[@data-kt=\"addButton\"]"}
COMMAND: POST /session/2308dad0f2a7537c6be193a87bfcce7d/execute/sync - {"script":"<script> [8489 bytes]","args":[{"element-6066-11e4-a52e-4f735466cecf":"f.8FEDB17297EEB2F430C5C9DB657928CB.d.3DEBF5D9519687A41ABF2EDD857B4340.e.1060","ELEMENT":"f.8FEDB17297EEB2F430C5C9DB657928CB.d.3DEBF5D9519687A41ABF2EDD857B4340.e.1060"}]}
RESULT: {"script":"<script> [8489 bytes]","args":[{"element-6066-11e4-a52e-4f735466cecf":"f.8FEDB17297EEB2F430C5C9DB657928CB.d.3DEBF5D9519687A41ABF2EDD857B4340.e.1060","ELEMENT":"f.8FEDB17297EEB2F430C5C9DB657928CB.d.3DEBF5D9519687A41ABF2EDD857B4340.e.1060"}]}
COMMAND: GET /session/2308dad0f2a7537c6be193a87bfcce7d/element/f.8FEDB17297EEB2F430C5C9DB657928CB.d.3DEBF5D9519687A41ABF2EDD857B4340.e.1060/enabled - {}
COMMAND: GET /session/2308dad0f2a7537c6be193a87bfcce7d/screenshot - {}
RESULT: {}
COMMAND: POST /session/2308dad0f2a7537c6be193a87bfcce7d/execute/sync - {"script":"<script> [8489 bytes]","args":[{"element-6066-11e4-a52e-4f735466cecf":"f.8FEDB17297EEB2F430C5C9DB657928CB.d.3DEBF5D9519687A41ABF2EDD857B4340.e.1060","ELEMENT":"f.8FEDB17297EEB2F430C5C9DB657928CB.d.3DEBF5D9519687A41ABF2EDD857B4340.e.1060"}]}
COMMAND: GET /session/2308dad0f2a7537c6be193a87bfcce7d/screenshot - {}
RESULT: {}
RESULT: {"script":"<script> [8489 bytes]","args":[{"element-6066-11e4-a52e-4f735466cecf":"f.8FEDB17297EEB2F430C5C9DB657928CB.d.3DEBF5D9519687A41ABF2EDD857B4340.e.1060","ELEMENT":"f.8FEDB17297EEB2F430C5C9DB657928CB.d.3DEBF5D9519687A41ABF2EDD857B4340.e.1060"}]}
COMMAND: POST /session/2308dad0f2a7537c6be193a87bfcce7d/execute/sync - {"script":"<script> [5351 bytes]","args":[{"element-6066-11e4-a52e-4f735466cecf":"f.8FEDB17297EEB2F430C5C9DB657928CB.d.3DEBF5D9519687A41ABF2EDD857B4340.e.1060","ELEMENT":"f.8FEDB17297EEB2F430C5C9DB657928CB.d.3DEBF5D9519687A41ABF2EDD857B4340.e.1060"}]}
COMMAND: GET /session/2308dad0f2a7537c6be193a87bfcce7d/screenshot - {}
RESULT: {}
RESULT: {"script":"<script> [5351 bytes]","args":[{"element-6066-11e4-a52e-4f735466cecf":"f.8FEDB17297EEB2F430C5C9DB657928CB.d.3DEBF5D9519687A41ABF2EDD857B4340.e.1060","ELEMENT":"f.8FEDB17297EEB2F430C5C9DB657928CB.d.3DEBF5D9519687A41ABF2EDD857B4340.e.1060"}]}
COMMAND: POST /session/2308dad0f2a7537c6be193a87bfcce7d/element/f.8FEDB17297EEB2F430C5C9DB657928CB.d.3DEBF5D9519687A41ABF2EDD857B4340.e.1060/click - {}
COMMAND: GET /session/2308dad0f2a7537c6be193a87bfcce7d/screenshot - {}
RESULT: {}
RESULT: {}
COMMAND: GET /session/2308dad0f2a7537c6be193a87bfcce7d/screenshot - {}
RESULT: {}
RESULT: {}
COMMAND: POST /session/2308dad0f2a7537c6be193a87bfcce7d/execute/async - {"script":"<script> [1562 bytes]","args":[{"selector":{"id":"application-managepartners-display-component---NewPartner--addressDetailDetailsName1","interaction":{"idSuffix":"inner"}},"wdio_ui5_key":"applicationmanagepartners-display-component---NewPartner--addressDetailDetailsName1"}]}
RESULT: {"script":"<script> [1562 bytes]","args":[{"selector":{"id":"application-managepartners-display-component---NewPartner--addressDetailDetailsName1","interaction":{"idSuffix":"inner"}},"wdio_ui5_key":"applicationmanagepartners-display-component---NewPartner--addressDetailDetailsName1"}]}
RESULT: undefined
COMMAND: POST /session/2308dad0f2a7537c6be193a87bfcce7d/execute/async - {"script":"<script> [776 bytes]","args":[{"enterText":"External Partner WDIO","selector":{"id":"application-managepartners-display-component---NewPartner--addressDetailDetailsName1","interaction":{"idSuffix":"inner"}},"clearTextFirst":true,"interactionType":"ENTER_TEXT"}]}
RESULT: {"script":"<script> [776 bytes]","args":[{"enterText":"External Partner WDIO","selector":{"id":"application-managepartners-display-component---NewPartner--addressDetailDetailsName1","interaction":{"idSuffix":"inner"}},"clearTextFirst":true,"interactionType":"ENTER_TEXT"}]}
COMMAND: POST /session/2308dad0f2a7537c6be193a87bfcce7d/execute/async - {"script":"<script> [1562 bytes]","args":[{"selector":{"id":"application-managepartners-display-component---NewPartner--addressDetailDetailsLanguage-arrow"},"wdio_ui5_key":"applicationmanagepartners-display-component---NewPartner--addressDetailDetailsLanguage-arrow"}]}
RESULT: {"script":"<script> [1562 bytes]","args":[{"selector":{"id":"application-managepartners-display-component---NewPartner--addressDetailDetailsLanguage-arrow"},"wdio_ui5_key":"applicationmanagepartners-display-component---NewPartner--addressDetailDetailsLanguage-arrow"}]}
RESULT: undefined
COMMAND: POST /session/2308dad0f2a7537c6be193a87bfcce7d/element - {"using":"xpath","value":"//*[@id=\"application-managepartners-display-component---NewPartner--addressDetailDetailsLanguage-arrow\"]"}
RESULT: {"using":"xpath","value":"//*[@id=\"application-managepartners-display-component---NewPartner--addressDetailDetailsLanguage-arrow\"]"}
COMMAND: POST /session/2308dad0f2a7537c6be193a87bfcce7d/element/f.8FEDB17297EEB2F430C5C9DB657928CB.d.3DEBF5D9519687A41ABF2EDD857B4340.e.1504/click - {}
RESULT: {}
COMMAND: POST /session/2308dad0f2a7537c6be193a87bfcce7d/element - {"using":"xpath","value":"//span[contains(text(), \"English\")]"}
COMMAND: GET /session/2308dad0f2a7537c6be193a87bfcce7d/screenshot - {}
RESULT: {"using":"xpath","value":"//span[contains(text(), \"English\")]"}
COMMAND: POST /session/2308dad0f2a7537c6be193a87bfcce7d/element/f.8FEDB17297EEB2F430C5C9DB657928CB.d.3DEBF5D9519687A41ABF2EDD857B4340.e.1505/click - {}
RESULT: {}
RESULT: {}
COMMAND: GET /session/2308dad0f2a7537c6be193a87bfcce7d/screenshot - {}
RESULT: {}
COMMAND: POST /session/2308dad0f2a7537c6be193a87bfcce7d/execute/async - {"script":"<script> [1562 bytes]","args":[{"selector":{"id":"application-managepartners-display-component---NewPartner--addressDetailDetailsCity1","interaction":{"idSuffix":"inner"}},"wdio_ui5_key":"applicationmanagepartners-display-component---NewPartner--addressDetailDetailsCity1"}]}
RESULT: {"script":"<script> [1562 bytes]","args":[{"selector":{"id":"application-managepartners-display-component---NewPartner--addressDetailDetailsCity1","interaction":{"idSuffix":"inner"}},"wdio_ui5_key":"applicationmanagepartners-display-component---NewPartner--addressDetailDetailsCity1"}]}
RESULT: undefined
COMMAND: POST /session/2308dad0f2a7537c6be193a87bfcce7d/execute/async - {"script":"<script> [776 bytes]","args":[{"enterText":"Rosario","selector":{"id":"application-managepartners-display-component---NewPartner--addressDetailDetailsCity1","interaction":{"idSuffix":"inner"}},"clearTextFirst":true,"interactionType":"ENTER_TEXT"}]}
RESULT: {"script":"<script> [776 bytes]","args":[{"enterText":"Rosario","selector":{"id":"application-managepartners-display-component---NewPartner--addressDetailDetailsCity1","interaction":{"idSuffix":"inner"}},"clearTextFirst":true,"interactionType":"ENTER_TEXT"}]}
COMMAND: POST /session/2308dad0f2a7537c6be193a87bfcce7d/execute/async - {"script":"<script> [1562 bytes]","args":[{"selector":{"id":"application-managepartners-display-component---NewPartner--addressDetailDetailsCountry-arrow"},"wdio_ui5_key":"applicationmanagepartners-display-component---NewPartner--addressDetailDetailsCountry-arrow"}]}
RESULT: {"script":"<script> [1562 bytes]","args":[{"selector":{"id":"application-managepartners-display-component---NewPartner--addressDetailDetailsCountry-arrow"},"wdio_ui5_key":"applicationmanagepartners-display-component---NewPartner--addressDetailDetailsCountry-arrow"}]}
RESULT: undefined
COMMAND: POST /session/2308dad0f2a7537c6be193a87bfcce7d/element - {"using":"xpath","value":"//*[@id=\"application-managepartners-display-component---NewPartner--addressDetailDetailsCountry-arrow\"]"}
RESULT: {"using":"xpath","value":"//*[@id=\"application-managepartners-display-component---NewPartner--addressDetailDetailsCountry-arrow\"]"}
COMMAND: POST /session/2308dad0f2a7537c6be193a87bfcce7d/element/f.8FEDB17297EEB2F430C5C9DB657928CB.d.3DEBF5D9519687A41ABF2EDD857B4340.e.1490/click - {}
RESULT: {}
COMMAND: POST /session/2308dad0f2a7537c6be193a87bfcce7d/element - {"using":"xpath","value":"//span[contains(text(), \"Argentina\")]"}
COMMAND: GET /session/2308dad0f2a7537c6be193a87bfcce7d/screenshot - {}
RESULT: {"using":"xpath","value":"//span[contains(text(), \"Argentina\")]"}
COMMAND: POST /session/2308dad0f2a7537c6be193a87bfcce7d/element/f.8FEDB17297EEB2F430C5C9DB657928CB.d.3DEBF5D9519687A41ABF2EDD857B4340.e.1507/click - {}
RESULT: {}
RESULT: {}
COMMAND: GET /session/2308dad0f2a7537c6be193a87bfcce7d/screenshot - {}
RESULT: {}
COMMAND: POST /session/2308dad0f2a7537c6be193a87bfcce7d/element - {"using":"xpath","value":"//bdi[contains(text(), \"Commercial\")]"}
RESULT: {"using":"xpath","value":"//bdi[contains(text(), \"Commercial\")]"}
COMMAND: POST /session/2308dad0f2a7537c6be193a87bfcce7d/element/f.8FEDB17297EEB2F430C5C9DB657928CB.d.3DEBF5D9519687A41ABF2EDD857B4340.e.1508/click - {}
RESULT: {}
COMMAND: GET /session/2308dad0f2a7537c6be193a87bfcce7d/screenshot - {}
RESULT: {}
COMMAND: POST /session/2308dad0f2a7537c6be193a87bfcce7d/execute/async - {"script":"<script> [1562 bytes]","args":[{"selector":{"id":"application-managepartners-display-component---NewPartner--partnerDetailInternal-arrow"},"wdio_ui5_key":"applicationmanagepartners-display-component---NewPartner--partnerDetailInternal-arrow"}]}
RESULT: {"script":"<script> [1562 bytes]","args":[{"selector":{"id":"application-managepartners-display-component---NewPartner--partnerDetailInternal-arrow"},"wdio_ui5_key":"applicationmanagepartners-display-component---NewPartner--partnerDetailInternal-arrow"}]}
RESULT: undefined
COMMAND: POST /session/2308dad0f2a7537c6be193a87bfcce7d/element - {"using":"xpath","value":"//*[@id=\"application-managepartners-display-component---NewPartner--partnerDetailInternal-arrow\"]"}
RESULT: {"using":"xpath","value":"//*[@id=\"application-managepartners-display-component---NewPartner--partnerDetailInternal-arrow\"]"}
COMMAND: POST /session/2308dad0f2a7537c6be193a87bfcce7d/element/f.8FEDB17297EEB2F430C5C9DB657928CB.d.3DEBF5D9519687A41ABF2EDD857B4340.e.1514/click - {}
RESULT: {}
COMMAND: POST /session/2308dad0f2a7537c6be193a87bfcce7d/element - {"using":"xpath","value":"//span[contains(text(), \"External partner\")]"}
COMMAND: GET /session/2308dad0f2a7537c6be193a87bfcce7d/screenshot - {}
RESULT: {"using":"xpath","value":"//span[contains(text(), \"External partner\")]"}
COMMAND: POST /session/2308dad0f2a7537c6be193a87bfcce7d/element/f.8FEDB17297EEB2F430C5C9DB657928CB.d.3DEBF5D9519687A41ABF2EDD857B4340.e.1515/click - {}
RESULT: {}
RESULT: {}
COMMAND: POST /session/2308dad0f2a7537c6be193a87bfcce7d/execute/async - {"script":"<script> [1562 bytes]","args":[{"selector":{"id":"application-managepartners-display-component---NewPartner--partnerDetailsCurrency-arrow"},"wdio_ui5_key":"applicationmanagepartners-display-component---NewPartner--partnerDetailsCurrency-arrow"}]}
COMMAND: GET /session/2308dad0f2a7537c6be193a87bfcce7d/screenshot - {}
RESULT: {"script":"<script> [1562 bytes]","args":[{"selector":{"id":"application-managepartners-display-component---NewPartner--partnerDetailsCurrency-arrow"},"wdio_ui5_key":"applicationmanagepartners-display-component---NewPartner--partnerDetailsCurrency-arrow"}]}
RESULT: undefined
COMMAND: POST /session/2308dad0f2a7537c6be193a87bfcce7d/element - {"using":"xpath","value":"//*[@id=\"application-managepartners-display-component---NewPartner--partnerDetailsCurrency-arrow\"]"}
RESULT: {}
RESULT: {"using":"xpath","value":"//*[@id=\"application-managepartners-display-component---NewPartner--partnerDetailsCurrency-arrow\"]"}
COMMAND: POST /session/2308dad0f2a7537c6be193a87bfcce7d/element/f.8FEDB17297EEB2F430C5C9DB657928CB.d.3DEBF5D9519687A41ABF2EDD857B4340.e.1520/click - {}
RESULT: {}
COMMAND: POST /session/2308dad0f2a7537c6be193a87bfcce7d/element - {"using":"xpath","value":"//span[contains(text(), \"US Dollar\")]"}
COMMAND: GET /session/2308dad0f2a7537c6be193a87bfcce7d/screenshot - {}
RESULT: {"using":"xpath","value":"//span[contains(text(), \"US Dollar\")]"}
COMMAND: POST /session/2308dad0f2a7537c6be193a87bfcce7d/element/f.8FEDB17297EEB2F430C5C9DB657928CB.d.3DEBF5D9519687A41ABF2EDD857B4340.e.1521/click - {}
RESULT: {}
RESULT: {}
COMMAND: GET /session/2308dad0f2a7537c6be193a87bfcce7d/screenshot - {}
RESULT: {}
COMMAND: POST /session/2308dad0f2a7537c6be193a87bfcce7d/element - {"using":"xpath","value":"//input[@id=\"application-managepartners-display-component---NewPartner--companyCodeComboBox-inner\"]"}
RESULT: {"using":"xpath","value":"//input[@id=\"application-managepartners-display-component---NewPartner--companyCodeComboBox-inner\"]"}
COMMAND: POST /session/2308dad0f2a7537c6be193a87bfcce7d/element/f.8FEDB17297EEB2F430C5C9DB657928CB.d.3DEBF5D9519687A41ABF2EDD857B4340.e.1370/clear - {}
RESULT: {}
COMMAND: POST /session/2308dad0f2a7537c6be193a87bfcce7d/element/f.8FEDB17297EEB2F430C5C9DB657928CB.d.3DEBF5D9519687A41ABF2EDD857B4340.e.1370/value - {"text":"C002"}
COMMAND: GET /session/2308dad0f2a7537c6be193a87bfcce7d/screenshot - {}
RESULT: {"text":"C002"}
COMMAND: GET /session/2308dad0f2a7537c6be193a87bfcce7d/screenshot - {}
RESULT: {}
RESULT: {}
COMMAND: POST /session/2308dad0f2a7537c6be193a87bfcce7d/element - {"using":"xpath","value":"//li[.//span[text()= \"C002\"]]"}
RESULT: {"using":"xpath","value":"//li[.//span[text()= \"C002\"]]"}
COMMAND: POST /session/2308dad0f2a7537c6be193a87bfcce7d/element/f.8FEDB17297EEB2F430C5C9DB657928CB.d.3DEBF5D9519687A41ABF2EDD857B4340.e.1525/click - {}
RESULT: {}
COMMAND: GET /session/2308dad0f2a7537c6be193a87bfcce7d/screenshot - {}
RESULT: {}
COMMAND: POST /session/2308dad0f2a7537c6be193a87bfcce7d/execute/async - {"script":"<script> [1562 bytes]","args":[{"selector":{"controlType":"sap.ui.core.Icon","viewName":"etm.portal.ui.managepartners.view.NewPartner","viewId":"application-managepartners-display-component---NewPartner","properties":{"src":{"regex":{"source":"slim\\-arrow\\-down"}}},"ancestor":{"controlType":"sap.m.ComboBox","viewName":"etm.portal.ui.managepartners.view.NewPartner","viewId":"application-managepartners-display-component---NewPartner","bindingPath":{"path":"","propertyPath":"/CATALOG","modelName":"oNewPartnerModel"}}},"wdio_ui5_key":"etmportal.ui.managepartners.view.NewPartnersap.ui.core.Icon{\"src\":{\"regex\":{\"source\":\"slim\\\\-arrow\\\\-down\"}}}{\"controlType\":\"sap.m.ComboBox\",\"viewName\":\"etm.portal.ui.managepartners.view.NewPartner\",\"viewId\":\"application-managepartners-display-component---NewPartner\",\"bindingPath\":{\"path\":\"\",\"propertyPath\":\"/CATALOG\",\"modelName\":\"oNewPartnerModel\"}}"}]}
RESULT: {"script":"<script> [1562 bytes]","args":[{"selector":{"controlType":"sap.ui.core.Icon","viewName":"etm.portal.ui.managepartners.view.NewPartner","viewId":"application-managepartners-display-component---NewPartner","properties":{"src":{"regex":{"source":"slim\\-arrow\\-down"}}},"ancestor":{"controlType":"sap.m.ComboBox","viewName":"etm.portal.ui.managepartners.view.NewPartner","viewId":"application-managepartners-display-component---NewPartner","bindingPath":{"path":"","propertyPath":"/CATALOG","modelName":"oNewPartnerModel"}}},"wdio_ui5_key":"etmportal.ui.managepartners.view.NewPartnersap.ui.core.Icon{\"src\":{\"regex\":{\"source\":\"slim\\\\-arrow\\\\-down\"}}}{\"controlType\":\"sap.m.ComboBox\",\"viewName\":\"etm.portal.ui.managepartners.view.NewPartner\",\"viewId\":\"application-managepartners-display-component---NewPartner\",\"bindingPath\":{\"path\":\"\",\"propertyPath\":\"/CATALOG\",\"modelName\":\"oNewPartnerModel\"}}"}]}
RESULT: undefined
COMMAND: POST /session/2308dad0f2a7537c6be193a87bfcce7d/element - {"using":"xpath","value":"//*[@id=\"__box22-arrow\"]"}
RESULT: {"using":"xpath","value":"//*[@id=\"__box22-arrow\"]"}
COMMAND: POST /session/2308dad0f2a7537c6be193a87bfcce7d/element/f.8FEDB17297EEB2F430C5C9DB657928CB.d.3DEBF5D9519687A41ABF2EDD857B4340.e.1491/click - {}
RESULT: {}
COMMAND: GET /session/2308dad0f2a7537c6be193a87bfcce7d/screenshot - {}
RESULT: {}
COMMAND: POST /session/2308dad0f2a7537c6be193a87bfcce7d/element - {"using":"xpath","value":"//li[.//span[text()= \"Webshop Catalog\"]]"}
RESULT: {"using":"xpath","value":"//li[.//span[text()= \"Webshop Catalog\"]]"}
COMMAND: POST /session/2308dad0f2a7537c6be193a87bfcce7d/element/f.8FEDB17297EEB2F430C5C9DB657928CB.d.3DEBF5D9519687A41ABF2EDD857B4340.e.1527/click - {}
RESULT: {}
COMMAND: GET /session/2308dad0f2a7537c6be193a87bfcce7d/screenshot - {}
RESULT: {}
COMMAND: POST /session/2308dad0f2a7537c6be193a87bfcce7d/execute/async - {"script":"<script> [1562 bytes]","args":[{"selector":{"id":"application-managepartners-display-component---NewPartner--btnAddTableRow-img"},"wdio_ui5_key":"applicationmanagepartners-display-component---NewPartner--btnAddTableRow-img"}]}
RESULT: {"script":"<script> [1562 bytes]","args":[{"selector":{"id":"application-managepartners-display-component---NewPartner--btnAddTableRow-img"},"wdio_ui5_key":"applicationmanagepartners-display-component---NewPartner--btnAddTableRow-img"}]}
RESULT: undefined
COMMAND: POST /session/2308dad0f2a7537c6be193a87bfcce7d/element - {"using":"xpath","value":"//*[@id=\"application-managepartners-display-component---NewPartner--btnAddTableRow-img\"]"}
RESULT: {"using":"xpath","value":"//*[@id=\"application-managepartners-display-component---NewPartner--btnAddTableRow-img\"]"}
COMMAND: POST /session/2308dad0f2a7537c6be193a87bfcce7d/element/f.8FEDB17297EEB2F430C5C9DB657928CB.d.3DEBF5D9519687A41ABF2EDD857B4340.e.1528/click - {}
RESULT: {}
COMMAND: GET /session/2308dad0f2a7537c6be193a87bfcce7d/screenshot - {}
RESULT: {}
COMMAND: POST /session/2308dad0f2a7537c6be193a87bfcce7d/element - {"using":"xpath","value":"//input[@id=\"application-managepartners-display-component---NewPartner--assignmentYard-application-managepartners-display-component---NewPartner--assignmentsTable-0-inner\"]"}
RESULT: {"using":"xpath","value":"//input[@id=\"application-managepartners-display-component---NewPartner--assignmentYard-application-managepartners-display-component---NewPartner--assignmentsTable-0-inner\"]"}
COMMAND: POST /session/2308dad0f2a7537c6be193a87bfcce7d/element/f.8FEDB17297EEB2F430C5C9DB657928CB.d.3DEBF5D9519687A41ABF2EDD857B4340.e.1531/clear - {}
RESULT: {}
COMMAND: POST /session/2308dad0f2a7537c6be193a87bfcce7d/element/f.8FEDB17297EEB2F430C5C9DB657928CB.d.3DEBF5D9519687A41ABF2EDD857B4340.e.1531/value - {"text":"471"}
COMMAND: GET /session/2308dad0f2a7537c6be193a87bfcce7d/screenshot - {}
RESULT: {"text":"471"}
COMMAND: GET /session/2308dad0f2a7537c6be193a87bfcce7d/screenshot - {}
RESULT: {}
RESULT: {}
COMMAND: POST /session/2308dad0f2a7537c6be193a87bfcce7d/element - {"using":"xpath","value":"//li[.//span[text()='471']]"}
RESULT: {"using":"xpath","value":"//li[.//span[text()='471']]"}
COMMAND: POST /session/2308dad0f2a7537c6be193a87bfcce7d/element/f.8FEDB17297EEB2F430C5C9DB657928CB.d.3DEBF5D9519687A41ABF2EDD857B4340.e.1539/click - {}
RESULT: {}
COMMAND: GET /session/2308dad0f2a7537c6be193a87bfcce7d/screenshot - {}
RESULT: {}
COMMAND: POST /session/2308dad0f2a7537c6be193a87bfcce7d/actions - {"actions":[{"id":"action2","type":"key","parameters":{},"actions":[{"type":"keyDown","value":""},{"type":"pause","duration":10},{"type":"keyUp","value":""}]}]}
RESULT: {"actions":[{"id":"action2","type":"key","parameters":{},"actions":[{"type":"keyDown","value":""},{"type":"pause","duration":10},{"type":"keyUp","value":""}]}]}
COMMAND: POST /session/2308dad0f2a7537c6be193a87bfcce7d/element - {"using":"xpath","value":"//td[contains(@id, \"assignmentsTable-0-cell2\")]/div/div"}
COMMAND: GET /session/2308dad0f2a7537c6be193a87bfcce7d/screenshot - {}
RESULT: {"using":"xpath","value":"//td[contains(@id, \"assignmentsTable-0-cell2\")]/div/div"}
COMMAND: POST /session/2308dad0f2a7537c6be193a87bfcce7d/element/f.8FEDB17297EEB2F430C5C9DB657928CB.d.3DEBF5D9519687A41ABF2EDD857B4340.e.1542/click - {}
RESULT: {}
RESULT: {}
COMMAND: GET /session/2308dad0f2a7537c6be193a87bfcce7d/screenshot - {}
RESULT: {}
COMMAND: POST /session/2308dad0f2a7537c6be193a87bfcce7d/element - {"using":"xpath","value":"//button[@data-kt=\"saveButton\"]"}
RESULT: {"using":"xpath","value":"//button[@data-kt=\"saveButton\"]"}
COMMAND: POST /session/2308dad0f2a7537c6be193a87bfcce7d/element/f.8FEDB17297EEB2F430C5C9DB657928CB.d.3DEBF5D9519687A41ABF2EDD857B4340.e.1438/click - {}
RESULT: {}
COMMAND: GET /session/2308dad0f2a7537c6be193a87bfcce7d/screenshot - {}
RESULT: {}
COMMAND: POST /session/2308dad0f2a7537c6be193a87bfcce7d/element - {"using":"xpath","value":"//header[contains(@id, 'ObjectPageLayout-headerTitle')]/div[1]/div[2]/div[2]/span[1]"}
RESULT: {"using":"xpath","value":"//header[contains(@id, 'ObjectPageLayout-headerTitle')]/div[1]/div[2]/div[2]/span[1]"}
COMMAND: POST /session/2308dad0f2a7537c6be193a87bfcce7d/elements - {"using":"xpath","value":"//header[contains(@id, 'ObjectPageLayout-headerTitle')]/div[1]/div[2]/div[2]/span[1]"}
RESULT: {"using":"xpath","value":"//header[contains(@id, 'ObjectPageLayout-headerTitle')]/div[1]/div[2]/div[2]/span[1]"}
COMMAND: POST /session/2308dad0f2a7537c6be193a87bfcce7d/execute/sync - {"script":"<script> [56 bytes]","args":[{"element-6066-11e4-a52e-4f735466cecf":"f.8FEDB17297EEB2F430C5C9DB657928CB.d.3DEBF5D9519687A41ABF2EDD857B4340.e.1703","ELEMENT":"f.8FEDB17297EEB2F430C5C9DB657928CB.d.3DEBF5D9519687A41ABF2EDD857B4340.e.1703"}]}
RESULT: {"script":"<script> [56 bytes]","args":[{"element-6066-11e4-a52e-4f735466cecf":"f.8FEDB17297EEB2F430C5C9DB657928CB.d.3DEBF5D9519687A41ABF2EDD857B4340.e.1703","ELEMENT":"f.8FEDB17297EEB2F430C5C9DB657928CB.d.3DEBF5D9519687A41ABF2EDD857B4340.e.1703"}]}
COMMAND: POST /session/2308dad0f2a7537c6be193a87bfcce7d/element - {"using":"css selector","value":"#shell-header-logo"}
COMMAND: GET /session/2308dad0f2a7537c6be193a87bfcce7d/screenshot - {}
RESULT: {"using":"css selector","value":"#shell-header-logo"}
COMMAND: POST /session/2308dad0f2a7537c6be193a87bfcce7d/element/f.8FEDB17297EEB2F430C5C9DB657928CB.d.3DEBF5D9519687A41ABF2EDD857B4340.e.1025/click - {}
RESULT: {}
RESULT: {}
COMMAND: GET /session/2308dad0f2a7537c6be193a87bfcce7d/screenshot - {}
RESULT: {}
COMMAND: POST /session/2308dad0f2a7537c6be193a87bfcce7d/execute/sync - {"script":"<script> [299 bytes]","args":[["getModel","getResource"]]}
RESULT: {"script":"<script> [299 bytes]","args":[["getModel","getResource"]]}
]]></system-out>
    </testcase>
    <testcase classname="chrome.136_0_7103_93.windows.Partner_specific_tests_US150819_US151080_US151654_US151176_US103444_US151078_US151079_US151109_US151174_US151175_US151189" name="Should filter and search partners US151080" time="104.576">
      <system-out><![CDATA[
COMMAND: POST /session/2308dad0f2a7537c6be193a87bfcce7d/element - {"using":"xpath","value":"//li[.//span[text()=\"Manage Partners\"]]"}
COMMAND: GET /session/2308dad0f2a7537c6be193a87bfcce7d/screenshot - {}
RESULT: {"using":"xpath","value":"//li[.//span[text()=\"Manage Partners\"]]"}
COMMAND: POST /session/2308dad0f2a7537c6be193a87bfcce7d/element - {"using":"xpath","value":"//li[.//span[text()=\"Manage Partners\"]]"}
RESULT: {}
RESULT: {"using":"xpath","value":"//li[.//span[text()=\"Manage Partners\"]]"}
COMMAND: POST /session/2308dad0f2a7537c6be193a87bfcce7d/element - {"using":"css selector","value":"#shell-header-logo"}
RESULT: {"using":"css selector","value":"#shell-header-logo"}
COMMAND: POST /session/2308dad0f2a7537c6be193a87bfcce7d/element/f.8FEDB17297EEB2F430C5C9DB657928CB.d.3DEBF5D9519687A41ABF2EDD857B4340.e.1705/click - {}
COMMAND: POST /session/2308dad0f2a7537c6be193a87bfcce7d/execute/sync - {"script":"<script> [8489 bytes]","args":[{"element-6066-11e4-a52e-4f735466cecf":"f.8FEDB17297EEB2F430C5C9DB657928CB.d.3DEBF5D9519687A41ABF2EDD857B4340.e.1705","ELEMENT":"f.8FEDB17297EEB2F430C5C9DB657928CB.d.3DEBF5D9519687A41ABF2EDD857B4340.e.1705"}]}
RESULT: {}
COMMAND: GET /session/2308dad0f2a7537c6be193a87bfcce7d/screenshot - {}
RESULT: {"script":"<script> [8489 bytes]","args":[{"element-6066-11e4-a52e-4f735466cecf":"f.8FEDB17297EEB2F430C5C9DB657928CB.d.3DEBF5D9519687A41ABF2EDD857B4340.e.1705","ELEMENT":"f.8FEDB17297EEB2F430C5C9DB657928CB.d.3DEBF5D9519687A41ABF2EDD857B4340.e.1705"}]}
COMMAND: POST /session/2308dad0f2a7537c6be193a87bfcce7d/execute/sync - {"script":"<script> [5351 bytes]","args":[{"element-6066-11e4-a52e-4f735466cecf":"f.8FEDB17297EEB2F430C5C9DB657928CB.d.3DEBF5D9519687A41ABF2EDD857B4340.e.1705","ELEMENT":"f.8FEDB17297EEB2F430C5C9DB657928CB.d.3DEBF5D9519687A41ABF2EDD857B4340.e.1705"}]}
COMMAND: GET /session/2308dad0f2a7537c6be193a87bfcce7d/screenshot - {}
RESULT: {}
RESULT: {"script":"<script> [5351 bytes]","args":[{"element-6066-11e4-a52e-4f735466cecf":"f.8FEDB17297EEB2F430C5C9DB657928CB.d.3DEBF5D9519687A41ABF2EDD857B4340.e.1705","ELEMENT":"f.8FEDB17297EEB2F430C5C9DB657928CB.d.3DEBF5D9519687A41ABF2EDD857B4340.e.1705"}]}
COMMAND: GET /session/2308dad0f2a7537c6be193a87bfcce7d/screenshot - {}
RESULT: {}
RESULT: {}
RESULT: undefined
COMMAND: POST /session/2308dad0f2a7537c6be193a87bfcce7d/element - {"using":"xpath","value":"//*[@id=\"__tile38\"]"}
RESULT: {"using":"xpath","value":"//*[@id=\"__tile38\"]"}
COMMAND: POST /session/2308dad0f2a7537c6be193a87bfcce7d/element/f.8FEDB17297EEB2F430C5C9DB657928CB.d.3DEBF5D9519687A41ABF2EDD857B4340.e.170/click - {}
RESULT: {}
COMMAND: GET /session/2308dad0f2a7537c6be193a87bfcce7d/screenshot - {}
RESULT: {}
COMMAND: POST /session/2308dad0f2a7537c6be193a87bfcce7d/elements - {"using":"xpath","value":"//span[text()='Error']"}
RESULT: {"using":"xpath","value":"//span[text()='Error']"}
COMMAND: POST /session/2308dad0f2a7537c6be193a87bfcce7d/element - {"using":"xpath","value":"//button[@data-kt=\"addButton\"]"}
RESULT: {"using":"xpath","value":"//button[@data-kt=\"addButton\"]"}
COMMAND: POST /session/2308dad0f2a7537c6be193a87bfcce7d/elements - {"using":"xpath","value":"//button[@data-kt=\"addButton\"]"}
RESULT: {"using":"xpath","value":"//button[@data-kt=\"addButton\"]"}
COMMAND: POST /session/2308dad0f2a7537c6be193a87bfcce7d/execute/sync - {"script":"<script> [8489 bytes]","args":[{"element-6066-11e4-a52e-4f735466cecf":"f.8FEDB17297EEB2F430C5C9DB657928CB.d.3DEBF5D9519687A41ABF2EDD857B4340.e.1750","ELEMENT":"f.8FEDB17297EEB2F430C5C9DB657928CB.d.3DEBF5D9519687A41ABF2EDD857B4340.e.1750"}]}
RESULT: {"script":"<script> [8489 bytes]","args":[{"element-6066-11e4-a52e-4f735466cecf":"f.8FEDB17297EEB2F430C5C9DB657928CB.d.3DEBF5D9519687A41ABF2EDD857B4340.e.1750","ELEMENT":"f.8FEDB17297EEB2F430C5C9DB657928CB.d.3DEBF5D9519687A41ABF2EDD857B4340.e.1750"}]}
COMMAND: GET /session/2308dad0f2a7537c6be193a87bfcce7d/element/f.8FEDB17297EEB2F430C5C9DB657928CB.d.3DEBF5D9519687A41ABF2EDD857B4340.e.1750/enabled - {}
COMMAND: GET /session/2308dad0f2a7537c6be193a87bfcce7d/screenshot - {}
RESULT: {}
COMMAND: POST /session/2308dad0f2a7537c6be193a87bfcce7d/execute/sync - {"script":"<script> [8489 bytes]","args":[{"element-6066-11e4-a52e-4f735466cecf":"f.8FEDB17297EEB2F430C5C9DB657928CB.d.3DEBF5D9519687A41ABF2EDD857B4340.e.1750","ELEMENT":"f.8FEDB17297EEB2F430C5C9DB657928CB.d.3DEBF5D9519687A41ABF2EDD857B4340.e.1750"}]}
COMMAND: GET /session/2308dad0f2a7537c6be193a87bfcce7d/screenshot - {}
RESULT: {}
RESULT: {"script":"<script> [8489 bytes]","args":[{"element-6066-11e4-a52e-4f735466cecf":"f.8FEDB17297EEB2F430C5C9DB657928CB.d.3DEBF5D9519687A41ABF2EDD857B4340.e.1750","ELEMENT":"f.8FEDB17297EEB2F430C5C9DB657928CB.d.3DEBF5D9519687A41ABF2EDD857B4340.e.1750"}]}
COMMAND: POST /session/2308dad0f2a7537c6be193a87bfcce7d/execute/sync - {"script":"<script> [5351 bytes]","args":[{"element-6066-11e4-a52e-4f735466cecf":"f.8FEDB17297EEB2F430C5C9DB657928CB.d.3DEBF5D9519687A41ABF2EDD857B4340.e.1750","ELEMENT":"f.8FEDB17297EEB2F430C5C9DB657928CB.d.3DEBF5D9519687A41ABF2EDD857B4340.e.1750"}]}
COMMAND: GET /session/2308dad0f2a7537c6be193a87bfcce7d/screenshot - {}
RESULT: {}
RESULT: {"script":"<script> [5351 bytes]","args":[{"element-6066-11e4-a52e-4f735466cecf":"f.8FEDB17297EEB2F430C5C9DB657928CB.d.3DEBF5D9519687A41ABF2EDD857B4340.e.1750","ELEMENT":"f.8FEDB17297EEB2F430C5C9DB657928CB.d.3DEBF5D9519687A41ABF2EDD857B4340.e.1750"}]}
COMMAND: GET /session/2308dad0f2a7537c6be193a87bfcce7d/screenshot - {}
RESULT: {}
RESULT: {}
COMMAND: POST /session/2308dad0f2a7537c6be193a87bfcce7d/execute/async - {"script":"<script> [1562 bytes]","args":[{"selector":{"id":"application-managepartners-display-component---masterPtm--smartTable-btnPersonalisation-img"},"wdio_ui5_key":"applicationmanagepartners-display-component---masterPtm--smartTable-btnPersonalisation-img"}]}
RESULT: {"script":"<script> [1562 bytes]","args":[{"selector":{"id":"application-managepartners-display-component---masterPtm--smartTable-btnPersonalisation-img"},"wdio_ui5_key":"applicationmanagepartners-display-component---masterPtm--smartTable-btnPersonalisation-img"}]}
RESULT: undefined
COMMAND: POST /session/2308dad0f2a7537c6be193a87bfcce7d/element - {"using":"xpath","value":"//*[@id=\"application-managepartners-display-component---masterPtm--smartTable-btnPersonalisation-img\"]"}
RESULT: {"using":"xpath","value":"//*[@id=\"application-managepartners-display-component---masterPtm--smartTable-btnPersonalisation-img\"]"}
COMMAND: POST /session/2308dad0f2a7537c6be193a87bfcce7d/element/f.8FEDB17297EEB2F430C5C9DB657928CB.d.3DEBF5D9519687A41ABF2EDD857B4340.e.1755/click - {}
RESULT: {}
COMMAND: GET /session/2308dad0f2a7537c6be193a87bfcce7d/screenshot - {}
RESULT: {}
COMMAND: POST /session/2308dad0f2a7537c6be193a87bfcce7d/execute/async - {"script":"<script> [1562 bytes]","args":[{"selector":{"controlType":"sap.m.IconTabFilter","viewName":"etm.portal.ui.managepartners.view.Master","viewId":"application-managepartners-display-component---masterPtm","properties":{"text":"Sort"},"searchOpenDialogs":true,"interaction":{"idSuffix":"text"}},"wdio_ui5_key":"etmportal.ui.managepartners.view.Mastersap.m.IconTabFilter{\"text\":\"Sort\"}"}]}
RESULT: {"script":"<script> [1562 bytes]","args":[{"selector":{"controlType":"sap.m.IconTabFilter","viewName":"etm.portal.ui.managepartners.view.Master","viewId":"application-managepartners-display-component---masterPtm","properties":{"text":"Sort"},"searchOpenDialogs":true,"interaction":{"idSuffix":"text"}},"wdio_ui5_key":"etmportal.ui.managepartners.view.Mastersap.m.IconTabFilter{\"text\":\"Sort\"}"}]}
RESULT: undefined
COMMAND: POST /session/2308dad0f2a7537c6be193a87bfcce7d/element - {"using":"xpath","value":"//*[@id=\"__filter1\"]"}
RESULT: {"using":"xpath","value":"//*[@id=\"__filter1\"]"}
COMMAND: POST /session/2308dad0f2a7537c6be193a87bfcce7d/element/f.8FEDB17297EEB2F430C5C9DB657928CB.d.3DEBF5D9519687A41ABF2EDD857B4340.e.1896/click - {}
RESULT: {}
COMMAND: GET /session/2308dad0f2a7537c6be193a87bfcce7d/screenshot - {}
RESULT: {}
COMMAND: POST /session/2308dad0f2a7537c6be193a87bfcce7d/element - {"using":"xpath","value":"//input[@placeholder=\"Sort by\"]/following-sibling::div//span"}
RESULT: {"using":"xpath","value":"//input[@placeholder=\"Sort by\"]/following-sibling::div//span"}
COMMAND: POST /session/2308dad0f2a7537c6be193a87bfcce7d/element/f.8FEDB17297EEB2F430C5C9DB657928CB.d.3DEBF5D9519687A41ABF2EDD857B4340.e.1898/click - {}
RESULT: {}
COMMAND: GET /session/2308dad0f2a7537c6be193a87bfcce7d/screenshot - {}
RESULT: {}
COMMAND: POST /session/2308dad0f2a7537c6be193a87bfcce7d/element - {"using":"xpath","value":"//li[.//span[text()=\"Language\"]]"}
RESULT: {"using":"xpath","value":"//li[.//span[text()=\"Language\"]]"}
COMMAND: POST /session/2308dad0f2a7537c6be193a87bfcce7d/element/f.8FEDB17297EEB2F430C5C9DB657928CB.d.3DEBF5D9519687A41ABF2EDD857B4340.e.1899/click - {}
RESULT: {}
COMMAND: GET /session/2308dad0f2a7537c6be193a87bfcce7d/screenshot - {}
RESULT: {}
COMMAND: POST /session/2308dad0f2a7537c6be193a87bfcce7d/element - {"using":"xpath","value":"//bdi[contains(text(), \"OK\")]"}
RESULT: {"using":"xpath","value":"//bdi[contains(text(), \"OK\")]"}
COMMAND: POST /session/2308dad0f2a7537c6be193a87bfcce7d/element/f.8FEDB17297EEB2F430C5C9DB657928CB.d.3DEBF5D9519687A41ABF2EDD857B4340.e.1903/click - {}
RESULT: {}
COMMAND: GET /session/2308dad0f2a7537c6be193a87bfcce7d/screenshot - {}
RESULT: {}
COMMAND: POST /session/2308dad0f2a7537c6be193a87bfcce7d/element - {"using":"xpath","value":"//table[contains(@id, \"customPartnersTable\")]//tbody/tr[1]/td[3]/span"}
RESULT: {"using":"xpath","value":"//table[contains(@id, \"customPartnersTable\")]//tbody/tr[1]/td[3]/span"}
COMMAND: POST /session/2308dad0f2a7537c6be193a87bfcce7d/execute/sync - {"script":"<script> [56 bytes]","args":[{"element-6066-11e4-a52e-4f735466cecf":"f.8FEDB17297EEB2F430C5C9DB657928CB.d.3DEBF5D9519687A41ABF2EDD857B4340.e.2014","ELEMENT":"f.8FEDB17297EEB2F430C5C9DB657928CB.d.3DEBF5D9519687A41ABF2EDD857B4340.e.2014"}]}
RESULT: {"script":"<script> [56 bytes]","args":[{"element-6066-11e4-a52e-4f735466cecf":"f.8FEDB17297EEB2F430C5C9DB657928CB.d.3DEBF5D9519687A41ABF2EDD857B4340.e.2014","ELEMENT":"f.8FEDB17297EEB2F430C5C9DB657928CB.d.3DEBF5D9519687A41ABF2EDD857B4340.e.2014"}]}
RESULT: undefined
COMMAND: POST /session/2308dad0f2a7537c6be193a87bfcce7d/element - {"using":"xpath","value":"//*[@id=\"application-managepartners-display-component---masterPtm--smartTable-btnPersonalisation-img\"]"}
COMMAND: GET /session/2308dad0f2a7537c6be193a87bfcce7d/screenshot - {}
RESULT: {"using":"xpath","value":"//*[@id=\"application-managepartners-display-component---masterPtm--smartTable-btnPersonalisation-img\"]"}
COMMAND: POST /session/2308dad0f2a7537c6be193a87bfcce7d/element/f.8FEDB17297EEB2F430C5C9DB657928CB.d.3DEBF5D9519687A41ABF2EDD857B4340.e.1755/click - {}
RESULT: {}
RESULT: {}
COMMAND: GET /session/2308dad0f2a7537c6be193a87bfcce7d/screenshot - {}
RESULT: {}
COMMAND: POST /session/2308dad0f2a7537c6be193a87bfcce7d/element - {"using":"xpath","value":"//bdi[contains(text(), \"Reset\")]"}
RESULT: {"using":"xpath","value":"//bdi[contains(text(), \"Reset\")]"}
COMMAND: POST /session/2308dad0f2a7537c6be193a87bfcce7d/element/f.8FEDB17297EEB2F430C5C9DB657928CB.d.3DEBF5D9519687A41ABF2EDD857B4340.e.2019/click - {}
RESULT: {}
COMMAND: GET /session/2308dad0f2a7537c6be193a87bfcce7d/screenshot - {}
RESULT: {}
COMMAND: POST /session/2308dad0f2a7537c6be193a87bfcce7d/element - {"using":"xpath","value":"(//bdi[contains(text(), \"OK\")])[2]"}
RESULT: {"using":"xpath","value":"(//bdi[contains(text(), \"OK\")])[2]"}
COMMAND: POST /session/2308dad0f2a7537c6be193a87bfcce7d/element/f.8FEDB17297EEB2F430C5C9DB657928CB.d.3DEBF5D9519687A41ABF2EDD857B4340.e.2021/click - {}
RESULT: {}
COMMAND: GET /session/2308dad0f2a7537c6be193a87bfcce7d/screenshot - {}
RESULT: {}
COMMAND: POST /session/2308dad0f2a7537c6be193a87bfcce7d/element - {"using":"xpath","value":"//bdi[contains(text(), \"OK\")]"}
RESULT: {"using":"xpath","value":"//bdi[contains(text(), \"OK\")]"}
COMMAND: POST /session/2308dad0f2a7537c6be193a87bfcce7d/element/f.8FEDB17297EEB2F430C5C9DB657928CB.d.3DEBF5D9519687A41ABF2EDD857B4340.e.2070/click - {}
RESULT: {}
COMMAND: GET /session/2308dad0f2a7537c6be193a87bfcce7d/screenshot - {}
RESULT: {}
COMMAND: POST /session/2308dad0f2a7537c6be193a87bfcce7d/element - {"using":"xpath","value":"//table[contains(@id, \"customPartnersTable\")]//tbody/tr[1]/td[3]/span"}
RESULT: {"using":"xpath","value":"//table[contains(@id, \"customPartnersTable\")]//tbody/tr[1]/td[3]/span"}
COMMAND: POST /session/2308dad0f2a7537c6be193a87bfcce7d/execute/sync - {"script":"<script> [56 bytes]","args":[{"element-6066-11e4-a52e-4f735466cecf":"f.8FEDB17297EEB2F430C5C9DB657928CB.d.3DEBF5D9519687A41ABF2EDD857B4340.e.2072","ELEMENT":"f.8FEDB17297EEB2F430C5C9DB657928CB.d.3DEBF5D9519687A41ABF2EDD857B4340.e.2072"}]}
RESULT: {"script":"<script> [56 bytes]","args":[{"element-6066-11e4-a52e-4f735466cecf":"f.8FEDB17297EEB2F430C5C9DB657928CB.d.3DEBF5D9519687A41ABF2EDD857B4340.e.2072","ELEMENT":"f.8FEDB17297EEB2F430C5C9DB657928CB.d.3DEBF5D9519687A41ABF2EDD857B4340.e.2072"}]}
RESULT: undefined
COMMAND: POST /session/2308dad0f2a7537c6be193a87bfcce7d/element - {"using":"xpath","value":"//*[@id=\"application-managepartners-display-component---masterPtm--smartTable-btnPersonalisation-img\"]"}
COMMAND: GET /session/2308dad0f2a7537c6be193a87bfcce7d/screenshot - {}
RESULT: {"using":"xpath","value":"//*[@id=\"application-managepartners-display-component---masterPtm--smartTable-btnPersonalisation-img\"]"}
COMMAND: POST /session/2308dad0f2a7537c6be193a87bfcce7d/element/f.8FEDB17297EEB2F430C5C9DB657928CB.d.3DEBF5D9519687A41ABF2EDD857B4340.e.1755/click - {}
RESULT: {}
RESULT: {}
COMMAND: GET /session/2308dad0f2a7537c6be193a87bfcce7d/screenshot - {}
RESULT: {}
COMMAND: POST /session/2308dad0f2a7537c6be193a87bfcce7d/execute/async - {"script":"<script> [1562 bytes]","args":[{"selector":{"controlType":"sap.m.IconTabFilter","viewName":"etm.portal.ui.managepartners.view.Master","viewId":"application-managepartners-display-component---masterPtm","properties":{"text":"Filter"},"searchOpenDialogs":true,"interaction":{"idSuffix":"text"}},"wdio_ui5_key":"etmportal.ui.managepartners.view.Mastersap.m.IconTabFilter{\"text\":\"Filter\"}"}]}
RESULT: {"script":"<script> [1562 bytes]","args":[{"selector":{"controlType":"sap.m.IconTabFilter","viewName":"etm.portal.ui.managepartners.view.Master","viewId":"application-managepartners-display-component---masterPtm","properties":{"text":"Filter"},"searchOpenDialogs":true,"interaction":{"idSuffix":"text"}},"wdio_ui5_key":"etmportal.ui.managepartners.view.Mastersap.m.IconTabFilter{\"text\":\"Filter\"}"}]}
RESULT: undefined
COMMAND: POST /session/2308dad0f2a7537c6be193a87bfcce7d/element - {"using":"xpath","value":"//*[@id=\"__filter10\"]"}
RESULT: {"using":"xpath","value":"//*[@id=\"__filter10\"]"}
COMMAND: POST /session/2308dad0f2a7537c6be193a87bfcce7d/element/f.8FEDB17297EEB2F430C5C9DB657928CB.d.3DEBF5D9519687A41ABF2EDD857B4340.e.2077/click - {}
RESULT: {}
COMMAND: GET /session/2308dad0f2a7537c6be193a87bfcce7d/screenshot - {}
RESULT: {}
COMMAND: POST /session/2308dad0f2a7537c6be193a87bfcce7d/element - {"using":"xpath","value":"//input[@placeholder=\"Filter by\"]/following-sibling::div//span"}
RESULT: {"using":"xpath","value":"//input[@placeholder=\"Filter by\"]/following-sibling::div//span"}
COMMAND: POST /session/2308dad0f2a7537c6be193a87bfcce7d/element/f.8FEDB17297EEB2F430C5C9DB657928CB.d.3DEBF5D9519687A41ABF2EDD857B4340.e.2079/click - {}
RESULT: {}
COMMAND: GET /session/2308dad0f2a7537c6be193a87bfcce7d/screenshot - {}
RESULT: {}
COMMAND: POST /session/2308dad0f2a7537c6be193a87bfcce7d/element - {"using":"xpath","value":"//li[.//span[text()=\"Preferred Yard\"]]"}
RESULT: {"using":"xpath","value":"//li[.//span[text()=\"Preferred Yard\"]]"}
COMMAND: POST /session/2308dad0f2a7537c6be193a87bfcce7d/element/f.8FEDB17297EEB2F430C5C9DB657928CB.d.3DEBF5D9519687A41ABF2EDD857B4340.e.2080/click - {}
RESULT: {}
COMMAND: GET /session/2308dad0f2a7537c6be193a87bfcce7d/screenshot - {}
RESULT: {}
COMMAND: POST /session/2308dad0f2a7537c6be193a87bfcce7d/execute/async - {"script":"<script> [1562 bytes]","args":[{"selector":{"id":"FilterPanel-filterItemControl_BASIC-application-managepartners-display-component---masterPtm--smartTable-YARDYARD-vhi","searchOpenDialogs":true},"wdio_ui5_key":"FilterPanelfilterItemControl_BASIC-application-managepartners-display-component---masterPtm--smartTable-YARDYARD-vhi"}]}
RESULT: {"script":"<script> [1562 bytes]","args":[{"selector":{"id":"FilterPanel-filterItemControl_BASIC-application-managepartners-display-component---masterPtm--smartTable-YARDYARD-vhi","searchOpenDialogs":true},"wdio_ui5_key":"FilterPanelfilterItemControl_BASIC-application-managepartners-display-component---masterPtm--smartTable-YARDYARD-vhi"}]}
RESULT: undefined
COMMAND: POST /session/2308dad0f2a7537c6be193a87bfcce7d/element - {"using":"xpath","value":"//*[@id=\"FilterPanel-filterItemControl_BASIC-application-managepartners-display-component---masterPtm--smartTable-YARDYARD-vhi\"]"}
RESULT: {"using":"xpath","value":"//*[@id=\"FilterPanel-filterItemControl_BASIC-application-managepartners-display-component---masterPtm--smartTable-YARDYARD-vhi\"]"}
COMMAND: POST /session/2308dad0f2a7537c6be193a87bfcce7d/element/f.8FEDB17297EEB2F430C5C9DB657928CB.d.3DEBF5D9519687A41ABF2EDD857B4340.e.2083/click - {}
RESULT: {}
COMMAND: GET /session/2308dad0f2a7537c6be193a87bfcce7d/screenshot - {}
RESULT: {}
COMMAND: POST /session/2308dad0f2a7537c6be193a87bfcce7d/execute/async - {"script":"<script> [1562 bytes]","args":[{"selector":{"id":"FilterPanel-filterItemControl_BASIC-application-managepartners-display-component---masterPtm--smartTable-YARDYARD-valueHelpDialog-smartFilterBar-btnBasicSearch","searchOpenDialogs":true,"interaction":{"idSuffix":"I"}},"wdio_ui5_key":"FilterPanelfilterItemControl_BASIC-application-managepartners-display-component---masterPtm--smartTable-YARDYARD-valueHelpDialog-smartFilterBar-btnBasicSearch"}]}
RESULT: {"script":"<script> [1562 bytes]","args":[{"selector":{"id":"FilterPanel-filterItemControl_BASIC-application-managepartners-display-component---masterPtm--smartTable-YARDYARD-valueHelpDialog-smartFilterBar-btnBasicSearch","searchOpenDialogs":true,"interaction":{"idSuffix":"I"}},"wdio_ui5_key":"FilterPanelfilterItemControl_BASIC-application-managepartners-display-component---masterPtm--smartTable-YARDYARD-valueHelpDialog-smartFilterBar-btnBasicSearch"}]}
RESULT: undefined
COMMAND: POST /session/2308dad0f2a7537c6be193a87bfcce7d/execute/async - {"script":"<script> [776 bytes]","args":[{"enterText":"471","selector":{"id":"FilterPanel-filterItemControl_BASIC-application-managepartners-display-component---masterPtm--smartTable-YARDYARD-valueHelpDialog-smartFilterBar-btnBasicSearch","searchOpenDialogs":true,"interaction":{"idSuffix":"I"}},"clearTextFirst":true,"interactionType":"ENTER_TEXT"}]}
RESULT: {"script":"<script> [776 bytes]","args":[{"enterText":"471","selector":{"id":"FilterPanel-filterItemControl_BASIC-application-managepartners-display-component---masterPtm--smartTable-YARDYARD-valueHelpDialog-smartFilterBar-btnBasicSearch","searchOpenDialogs":true,"interaction":{"idSuffix":"I"}},"clearTextFirst":true,"interactionType":"ENTER_TEXT"}]}
COMMAND: POST /session/2308dad0f2a7537c6be193a87bfcce7d/actions - {"actions":[{"id":"action3","type":"key","parameters":{},"actions":[{"type":"keyDown","value":""},{"type":"pause","duration":10},{"type":"keyUp","value":""}]}]}
RESULT: {"actions":[{"id":"action3","type":"key","parameters":{},"actions":[{"type":"keyDown","value":""},{"type":"pause","duration":10},{"type":"keyUp","value":""}]}]}
COMMAND: GET /session/2308dad0f2a7537c6be193a87bfcce7d/screenshot - {}
RESULT: {}
COMMAND: POST /session/2308dad0f2a7537c6be193a87bfcce7d/elements - {"using":"xpath","value":"//table[contains(@id, \"smartTable-YARDYARD-valueHelpDialog-table-table\")]/tbody/tr"}
RESULT: {"using":"xpath","value":"//table[contains(@id, \"smartTable-YARDYARD-valueHelpDialog-table-table\")]/tbody/tr"}
COMMAND: POST /session/2308dad0f2a7537c6be193a87bfcce7d/element - {"using":"xpath","value":"//table[contains(@id, \"smartTable-YARDYARD-valueHelpDialog-table-table\")]/tbody/tr[1]/td[1]/div/span"}
RESULT: {"using":"xpath","value":"//table[contains(@id, \"smartTable-YARDYARD-valueHelpDialog-table-table\")]/tbody/tr[1]/td[1]/div/span"}
COMMAND: POST /session/2308dad0f2a7537c6be193a87bfcce7d/elements - {"using":"xpath","value":"//table[contains(@id, \"smartTable-YARDYARD-valueHelpDialog-table-table\")]/tbody/tr[1]/td[1]/div/span"}
RESULT: {"using":"xpath","value":"//table[contains(@id, \"smartTable-YARDYARD-valueHelpDialog-table-table\")]/tbody/tr[1]/td[1]/div/span"}
COMMAND: POST /session/2308dad0f2a7537c6be193a87bfcce7d/execute/sync - {"script":"<script> [56 bytes]","args":[{"element-6066-11e4-a52e-4f735466cecf":"f.8FEDB17297EEB2F430C5C9DB657928CB.d.3DEBF5D9519687A41ABF2EDD857B4340.e.2102","ELEMENT":"f.8FEDB17297EEB2F430C5C9DB657928CB.d.3DEBF5D9519687A41ABF2EDD857B4340.e.2102"}]}
RESULT: {"script":"<script> [56 bytes]","args":[{"element-6066-11e4-a52e-4f735466cecf":"f.8FEDB17297EEB2F430C5C9DB657928CB.d.3DEBF5D9519687A41ABF2EDD857B4340.e.2102","ELEMENT":"f.8FEDB17297EEB2F430C5C9DB657928CB.d.3DEBF5D9519687A41ABF2EDD857B4340.e.2102"}]}
COMMAND: POST /session/2308dad0f2a7537c6be193a87bfcce7d/element - {"using":"xpath","value":"//table[contains(@id, \"smartTable-YARDYARD-valueHelpDialog-table-table\")]/tbody/tr[2]/td[1]/div/span"}
COMMAND: GET /session/2308dad0f2a7537c6be193a87bfcce7d/screenshot - {}
RESULT: {"using":"xpath","value":"//table[contains(@id, \"smartTable-YARDYARD-valueHelpDialog-table-table\")]/tbody/tr[2]/td[1]/div/span"}
COMMAND: POST /session/2308dad0f2a7537c6be193a87bfcce7d/elements - {"using":"xpath","value":"//table[contains(@id, \"smartTable-YARDYARD-valueHelpDialog-table-table\")]/tbody/tr[2]/td[1]/div/span"}
RESULT: {}
RESULT: {"using":"xpath","value":"//table[contains(@id, \"smartTable-YARDYARD-valueHelpDialog-table-table\")]/tbody/tr[2]/td[1]/div/span"}
COMMAND: POST /session/2308dad0f2a7537c6be193a87bfcce7d/execute/sync - {"script":"<script> [56 bytes]","args":[{"element-6066-11e4-a52e-4f735466cecf":"f.8FEDB17297EEB2F430C5C9DB657928CB.d.3DEBF5D9519687A41ABF2EDD857B4340.e.2103","ELEMENT":"f.8FEDB17297EEB2F430C5C9DB657928CB.d.3DEBF5D9519687A41ABF2EDD857B4340.e.2103"}]}
RESULT: {"script":"<script> [56 bytes]","args":[{"element-6066-11e4-a52e-4f735466cecf":"f.8FEDB17297EEB2F430C5C9DB657928CB.d.3DEBF5D9519687A41ABF2EDD857B4340.e.2103","ELEMENT":"f.8FEDB17297EEB2F430C5C9DB657928CB.d.3DEBF5D9519687A41ABF2EDD857B4340.e.2103"}]}
COMMAND: POST /session/2308dad0f2a7537c6be193a87bfcce7d/element - {"using":"xpath","value":"//div[contains(@id, \"YARDYARD-valueHelpDialog-table-rowsel1\")]"}
COMMAND: GET /session/2308dad0f2a7537c6be193a87bfcce7d/screenshot - {}
RESULT: {"using":"xpath","value":"//div[contains(@id, \"YARDYARD-valueHelpDialog-table-rowsel1\")]"}
COMMAND: POST /session/2308dad0f2a7537c6be193a87bfcce7d/element/f.8FEDB17297EEB2F430C5C9DB657928CB.d.3DEBF5D9519687A41ABF2EDD857B4340.e.2104/click - {}
RESULT: {}
RESULT: {}
COMMAND: GET /session/2308dad0f2a7537c6be193a87bfcce7d/screenshot - {}
RESULT: {}
COMMAND: POST /session/2308dad0f2a7537c6be193a87bfcce7d/element - {"using":"xpath","value":"(//bdi[contains(text(), \"OK\")])[2]"}
RESULT: {"using":"xpath","value":"(//bdi[contains(text(), \"OK\")])[2]"}
COMMAND: POST /session/2308dad0f2a7537c6be193a87bfcce7d/element/f.8FEDB17297EEB2F430C5C9DB657928CB.d.3DEBF5D9519687A41ABF2EDD857B4340.e.2106/click - {}
RESULT: {}
COMMAND: GET /session/2308dad0f2a7537c6be193a87bfcce7d/screenshot - {}
RESULT: {}
COMMAND: POST /session/2308dad0f2a7537c6be193a87bfcce7d/element - {"using":"xpath","value":"//bdi[contains(text(), \"OK\")]"}
RESULT: {"using":"xpath","value":"//bdi[contains(text(), \"OK\")]"}
COMMAND: POST /session/2308dad0f2a7537c6be193a87bfcce7d/element/f.8FEDB17297EEB2F430C5C9DB657928CB.d.3DEBF5D9519687A41ABF2EDD857B4340.e.2109/click - {}
RESULT: {}
COMMAND: GET /session/2308dad0f2a7537c6be193a87bfcce7d/screenshot - {}
RESULT: {}
COMMAND: POST /session/2308dad0f2a7537c6be193a87bfcce7d/element - {"using":"xpath","value":"//table[contains(@id, \"customPartnersTable\")]//tbody/tr[1]/td[3]/span"}
RESULT: {"using":"xpath","value":"//table[contains(@id, \"customPartnersTable\")]//tbody/tr[1]/td[3]/span"}
COMMAND: POST /session/2308dad0f2a7537c6be193a87bfcce7d/execute/sync - {"script":"<script> [56 bytes]","args":[{"element-6066-11e4-a52e-4f735466cecf":"f.8FEDB17297EEB2F430C5C9DB657928CB.d.3DEBF5D9519687A41ABF2EDD857B4340.e.2072","ELEMENT":"f.8FEDB17297EEB2F430C5C9DB657928CB.d.3DEBF5D9519687A41ABF2EDD857B4340.e.2072"}]}
RESULT: {"script":"<script> [56 bytes]","args":[{"element-6066-11e4-a52e-4f735466cecf":"f.8FEDB17297EEB2F430C5C9DB657928CB.d.3DEBF5D9519687A41ABF2EDD857B4340.e.2072","ELEMENT":"f.8FEDB17297EEB2F430C5C9DB657928CB.d.3DEBF5D9519687A41ABF2EDD857B4340.e.2072"}]}
COMMAND: POST /session/2308dad0f2a7537c6be193a87bfcce7d/element - {"using":"css selector","value":"#shell-header-logo"}
COMMAND: GET /session/2308dad0f2a7537c6be193a87bfcce7d/screenshot - {}
RESULT: {"using":"css selector","value":"#shell-header-logo"}
COMMAND: POST /session/2308dad0f2a7537c6be193a87bfcce7d/element/f.8FEDB17297EEB2F430C5C9DB657928CB.d.3DEBF5D9519687A41ABF2EDD857B4340.e.1705/click - {}
RESULT: {}
RESULT: {}
COMMAND: GET /session/2308dad0f2a7537c6be193a87bfcce7d/screenshot - {}
RESULT: {}
]]></system-out>
    </testcase>
    <testcase classname="chrome.136_0_7103_93.windows.Partner_specific_tests_US150819_US151080_US151654_US151176_US103444_US151078_US151079_US151109_US151174_US151175_US151189" name="Should deactivate the created partner in earlier step US151654" time="63.351">
      <system-out><![CDATA[
COMMAND: POST /session/2308dad0f2a7537c6be193a87bfcce7d/element - {"using":"xpath","value":"//li[.//span[text()=\"Manage Partners\"]]"}
RESULT: {"using":"xpath","value":"//li[.//span[text()=\"Manage Partners\"]]"}
COMMAND: POST /session/2308dad0f2a7537c6be193a87bfcce7d/element - {"using":"xpath","value":"//li[.//span[text()=\"Manage Partners\"]]"}
RESULT: {"using":"xpath","value":"//li[.//span[text()=\"Manage Partners\"]]"}
COMMAND: POST /session/2308dad0f2a7537c6be193a87bfcce7d/element - {"using":"css selector","value":"#shell-header-logo"}
RESULT: {"using":"css selector","value":"#shell-header-logo"}
COMMAND: POST /session/2308dad0f2a7537c6be193a87bfcce7d/element/f.8FEDB17297EEB2F430C5C9DB657928CB.d.3DEBF5D9519687A41ABF2EDD857B4340.e.2164/click - {}
COMMAND: POST /session/2308dad0f2a7537c6be193a87bfcce7d/execute/sync - {"script":"<script> [8489 bytes]","args":[{"element-6066-11e4-a52e-4f735466cecf":"f.8FEDB17297EEB2F430C5C9DB657928CB.d.3DEBF5D9519687A41ABF2EDD857B4340.e.2164","ELEMENT":"f.8FEDB17297EEB2F430C5C9DB657928CB.d.3DEBF5D9519687A41ABF2EDD857B4340.e.2164"}]}
RESULT: {}
COMMAND: GET /session/2308dad0f2a7537c6be193a87bfcce7d/screenshot - {}
RESULT: {"script":"<script> [8489 bytes]","args":[{"element-6066-11e4-a52e-4f735466cecf":"f.8FEDB17297EEB2F430C5C9DB657928CB.d.3DEBF5D9519687A41ABF2EDD857B4340.e.2164","ELEMENT":"f.8FEDB17297EEB2F430C5C9DB657928CB.d.3DEBF5D9519687A41ABF2EDD857B4340.e.2164"}]}
COMMAND: POST /session/2308dad0f2a7537c6be193a87bfcce7d/execute/sync - {"script":"<script> [5351 bytes]","args":[{"element-6066-11e4-a52e-4f735466cecf":"f.8FEDB17297EEB2F430C5C9DB657928CB.d.3DEBF5D9519687A41ABF2EDD857B4340.e.2164","ELEMENT":"f.8FEDB17297EEB2F430C5C9DB657928CB.d.3DEBF5D9519687A41ABF2EDD857B4340.e.2164"}]}
COMMAND: GET /session/2308dad0f2a7537c6be193a87bfcce7d/screenshot - {}
RESULT: {}
RESULT: {"script":"<script> [5351 bytes]","args":[{"element-6066-11e4-a52e-4f735466cecf":"f.8FEDB17297EEB2F430C5C9DB657928CB.d.3DEBF5D9519687A41ABF2EDD857B4340.e.2164","ELEMENT":"f.8FEDB17297EEB2F430C5C9DB657928CB.d.3DEBF5D9519687A41ABF2EDD857B4340.e.2164"}]}
COMMAND: GET /session/2308dad0f2a7537c6be193a87bfcce7d/screenshot - {}
RESULT: {}
RESULT: {}
RESULT: undefined
COMMAND: POST /session/2308dad0f2a7537c6be193a87bfcce7d/element - {"using":"xpath","value":"//*[@id=\"__tile38\"]"}
RESULT: {"using":"xpath","value":"//*[@id=\"__tile38\"]"}
COMMAND: POST /session/2308dad0f2a7537c6be193a87bfcce7d/element/f.8FEDB17297EEB2F430C5C9DB657928CB.d.3DEBF5D9519687A41ABF2EDD857B4340.e.170/click - {}
RESULT: {}
COMMAND: GET /session/2308dad0f2a7537c6be193a87bfcce7d/screenshot - {}
RESULT: {}
COMMAND: POST /session/2308dad0f2a7537c6be193a87bfcce7d/elements - {"using":"xpath","value":"//span[text()='Error']"}
RESULT: {"using":"xpath","value":"//span[text()='Error']"}
COMMAND: POST /session/2308dad0f2a7537c6be193a87bfcce7d/element - {"using":"xpath","value":"//button[@data-kt=\"addButton\"]"}
RESULT: {"using":"xpath","value":"//button[@data-kt=\"addButton\"]"}
COMMAND: POST /session/2308dad0f2a7537c6be193a87bfcce7d/elements - {"using":"xpath","value":"//button[@data-kt=\"addButton\"]"}
RESULT: {"using":"xpath","value":"//button[@data-kt=\"addButton\"]"}
COMMAND: POST /session/2308dad0f2a7537c6be193a87bfcce7d/execute/sync - {"script":"<script> [8489 bytes]","args":[{"element-6066-11e4-a52e-4f735466cecf":"f.8FEDB17297EEB2F430C5C9DB657928CB.d.3DEBF5D9519687A41ABF2EDD857B4340.e.2308","ELEMENT":"f.8FEDB17297EEB2F430C5C9DB657928CB.d.3DEBF5D9519687A41ABF2EDD857B4340.e.2308"}]}
RESULT: {"script":"<script> [8489 bytes]","args":[{"element-6066-11e4-a52e-4f735466cecf":"f.8FEDB17297EEB2F430C5C9DB657928CB.d.3DEBF5D9519687A41ABF2EDD857B4340.e.2308","ELEMENT":"f.8FEDB17297EEB2F430C5C9DB657928CB.d.3DEBF5D9519687A41ABF2EDD857B4340.e.2308"}]}
COMMAND: GET /session/2308dad0f2a7537c6be193a87bfcce7d/element/f.8FEDB17297EEB2F430C5C9DB657928CB.d.3DEBF5D9519687A41ABF2EDD857B4340.e.2308/enabled - {}
COMMAND: GET /session/2308dad0f2a7537c6be193a87bfcce7d/screenshot - {}
RESULT: {}
COMMAND: POST /session/2308dad0f2a7537c6be193a87bfcce7d/execute/sync - {"script":"<script> [8489 bytes]","args":[{"element-6066-11e4-a52e-4f735466cecf":"f.8FEDB17297EEB2F430C5C9DB657928CB.d.3DEBF5D9519687A41ABF2EDD857B4340.e.2308","ELEMENT":"f.8FEDB17297EEB2F430C5C9DB657928CB.d.3DEBF5D9519687A41ABF2EDD857B4340.e.2308"}]}
COMMAND: GET /session/2308dad0f2a7537c6be193a87bfcce7d/screenshot - {}
RESULT: {}
RESULT: {"script":"<script> [8489 bytes]","args":[{"element-6066-11e4-a52e-4f735466cecf":"f.8FEDB17297EEB2F430C5C9DB657928CB.d.3DEBF5D9519687A41ABF2EDD857B4340.e.2308","ELEMENT":"f.8FEDB17297EEB2F430C5C9DB657928CB.d.3DEBF5D9519687A41ABF2EDD857B4340.e.2308"}]}
COMMAND: POST /session/2308dad0f2a7537c6be193a87bfcce7d/execute/sync - {"script":"<script> [5351 bytes]","args":[{"element-6066-11e4-a52e-4f735466cecf":"f.8FEDB17297EEB2F430C5C9DB657928CB.d.3DEBF5D9519687A41ABF2EDD857B4340.e.2308","ELEMENT":"f.8FEDB17297EEB2F430C5C9DB657928CB.d.3DEBF5D9519687A41ABF2EDD857B4340.e.2308"}]}
COMMAND: GET /session/2308dad0f2a7537c6be193a87bfcce7d/screenshot - {}
RESULT: {}
RESULT: {"script":"<script> [5351 bytes]","args":[{"element-6066-11e4-a52e-4f735466cecf":"f.8FEDB17297EEB2F430C5C9DB657928CB.d.3DEBF5D9519687A41ABF2EDD857B4340.e.2308","ELEMENT":"f.8FEDB17297EEB2F430C5C9DB657928CB.d.3DEBF5D9519687A41ABF2EDD857B4340.e.2308"}]}
COMMAND: GET /session/2308dad0f2a7537c6be193a87bfcce7d/screenshot - {}
RESULT: {}
RESULT: {}
COMMAND: POST /session/2308dad0f2a7537c6be193a87bfcce7d/execute/async - {"script":"<script> [1562 bytes]","args":[{"selector":{"id":"application-managepartners-display-component---masterPtm--smartFilterBar-btnBasicSearch","interaction":{"idSuffix":"I"}},"wdio_ui5_key":"applicationmanagepartners-display-component---masterPtm--smartFilterBar-btnBasicSearch"}]}
RESULT: {"script":"<script> [1562 bytes]","args":[{"selector":{"id":"application-managepartners-display-component---masterPtm--smartFilterBar-btnBasicSearch","interaction":{"idSuffix":"I"}},"wdio_ui5_key":"applicationmanagepartners-display-component---masterPtm--smartFilterBar-btnBasicSearch"}]}
RESULT: undefined
COMMAND: POST /session/2308dad0f2a7537c6be193a87bfcce7d/execute/async - {"script":"<script> [776 bytes]","args":[{"enterText":"1277","selector":{"id":"application-managepartners-display-component---masterPtm--smartFilterBar-btnBasicSearch","interaction":{"idSuffix":"I"}},"clearTextFirst":true,"interactionType":"ENTER_TEXT"}]}
RESULT: {"script":"<script> [776 bytes]","args":[{"enterText":"1277","selector":{"id":"application-managepartners-display-component---masterPtm--smartFilterBar-btnBasicSearch","interaction":{"idSuffix":"I"}},"clearTextFirst":true,"interactionType":"ENTER_TEXT"}]}
COMMAND: POST /session/2308dad0f2a7537c6be193a87bfcce7d/actions - {"actions":[{"id":"action4","type":"key","parameters":{},"actions":[{"type":"keyDown","value":""},{"type":"pause","duration":10},{"type":"keyUp","value":""}]}]}
RESULT: {"actions":[{"id":"action4","type":"key","parameters":{},"actions":[{"type":"keyDown","value":""},{"type":"pause","duration":10},{"type":"keyUp","value":""}]}]}
COMMAND: GET /session/2308dad0f2a7537c6be193a87bfcce7d/screenshot - {}
RESULT: {}
COMMAND: POST /session/2308dad0f2a7537c6be193a87bfcce7d/elements - {"using":"xpath","value":"//table[contains(@id, \"customPartnersTable-listUl\")]/tbody/tr"}
RESULT: {"using":"xpath","value":"//table[contains(@id, \"customPartnersTable-listUl\")]/tbody/tr"}
COMMAND: POST /session/2308dad0f2a7537c6be193a87bfcce7d/element - {"using":"xpath","value":"//table[contains(@id, \"customPartnersTable-listUl\")]/tbody/tr[1]/td[3]/span"}
RESULT: {"using":"xpath","value":"//table[contains(@id, \"customPartnersTable-listUl\")]/tbody/tr[1]/td[3]/span"}
COMMAND: POST /session/2308dad0f2a7537c6be193a87bfcce7d/elements - {"using":"xpath","value":"//table[contains(@id, \"customPartnersTable-listUl\")]/tbody/tr[1]/td[3]/span"}
RESULT: {"using":"xpath","value":"//table[contains(@id, \"customPartnersTable-listUl\")]/tbody/tr[1]/td[3]/span"}
COMMAND: POST /session/2308dad0f2a7537c6be193a87bfcce7d/execute/sync - {"script":"<script> [56 bytes]","args":[{"element-6066-11e4-a52e-4f735466cecf":"f.8FEDB17297EEB2F430C5C9DB657928CB.d.3DEBF5D9519687A41ABF2EDD857B4340.e.2346","ELEMENT":"f.8FEDB17297EEB2F430C5C9DB657928CB.d.3DEBF5D9519687A41ABF2EDD857B4340.e.2346"}]}
RESULT: {"script":"<script> [56 bytes]","args":[{"element-6066-11e4-a52e-4f735466cecf":"f.8FEDB17297EEB2F430C5C9DB657928CB.d.3DEBF5D9519687A41ABF2EDD857B4340.e.2346","ELEMENT":"f.8FEDB17297EEB2F430C5C9DB657928CB.d.3DEBF5D9519687A41ABF2EDD857B4340.e.2346"}]}
COMMAND: POST /session/2308dad0f2a7537c6be193a87bfcce7d/element - {"using":"xpath","value":"//table[contains(@id, \"customPartnersTable-listUl\")]/tbody/tr[1]/td[7]/div/span"}
COMMAND: GET /session/2308dad0f2a7537c6be193a87bfcce7d/screenshot - {}
RESULT: {"using":"xpath","value":"//table[contains(@id, \"customPartnersTable-listUl\")]/tbody/tr[1]/td[7]/div/span"}
COMMAND: POST /session/2308dad0f2a7537c6be193a87bfcce7d/execute/sync - {"script":"<script> [56 bytes]","args":[{"element-6066-11e4-a52e-4f735466cecf":"f.8FEDB17297EEB2F430C5C9DB657928CB.d.3DEBF5D9519687A41ABF2EDD857B4340.e.2347","ELEMENT":"f.8FEDB17297EEB2F430C5C9DB657928CB.d.3DEBF5D9519687A41ABF2EDD857B4340.e.2347"}]}
RESULT: {}
RESULT: {"script":"<script> [56 bytes]","args":[{"element-6066-11e4-a52e-4f735466cecf":"f.8FEDB17297EEB2F430C5C9DB657928CB.d.3DEBF5D9519687A41ABF2EDD857B4340.e.2347","ELEMENT":"f.8FEDB17297EEB2F430C5C9DB657928CB.d.3DEBF5D9519687A41ABF2EDD857B4340.e.2347"}]}
COMMAND: POST /session/2308dad0f2a7537c6be193a87bfcce7d/element - {"using":"xpath","value":"//table[contains(@id, \"customPartnersTable-listUl\")]/tbody/tr[1]/td[2]/div/div"}
COMMAND: GET /session/2308dad0f2a7537c6be193a87bfcce7d/screenshot - {}
RESULT: {"using":"xpath","value":"//table[contains(@id, \"customPartnersTable-listUl\")]/tbody/tr[1]/td[2]/div/div"}
COMMAND: POST /session/2308dad0f2a7537c6be193a87bfcce7d/element/f.8FEDB17297EEB2F430C5C9DB657928CB.d.3DEBF5D9519687A41ABF2EDD857B4340.e.2348/click - {}
RESULT: {}
RESULT: {}
COMMAND: GET /session/2308dad0f2a7537c6be193a87bfcce7d/screenshot - {}
RESULT: {}
COMMAND: POST /session/2308dad0f2a7537c6be193a87bfcce7d/element - {"using":"xpath","value":"//bdi[contains(text(), \"Deactivate\")]"}
RESULT: {"using":"xpath","value":"//bdi[contains(text(), \"Deactivate\")]"}
COMMAND: POST /session/2308dad0f2a7537c6be193a87bfcce7d/element/f.8FEDB17297EEB2F430C5C9DB657928CB.d.3DEBF5D9519687A41ABF2EDD857B4340.e.2349/click - {}
RESULT: {}
COMMAND: GET /session/2308dad0f2a7537c6be193a87bfcce7d/screenshot - {}
RESULT: {}
COMMAND: POST /session/2308dad0f2a7537c6be193a87bfcce7d/element - {"using":"xpath","value":"//bdi[contains(text(), \"Yes\")]"}
RESULT: {"using":"xpath","value":"//bdi[contains(text(), \"Yes\")]"}
COMMAND: POST /session/2308dad0f2a7537c6be193a87bfcce7d/element/f.8FEDB17297EEB2F430C5C9DB657928CB.d.3DEBF5D9519687A41ABF2EDD857B4340.e.2351/click - {}
RESULT: {}
COMMAND: GET /session/2308dad0f2a7537c6be193a87bfcce7d/screenshot - {}
RESULT: {}
COMMAND: POST /session/2308dad0f2a7537c6be193a87bfcce7d/element - {"using":"xpath","value":"//table[contains(@id, \"customPartnersTable-listUl\")]/tbody/tr[1]/td[7]/div/span"}
RESULT: {"using":"xpath","value":"//table[contains(@id, \"customPartnersTable-listUl\")]/tbody/tr[1]/td[7]/div/span"}
COMMAND: POST /session/2308dad0f2a7537c6be193a87bfcce7d/execute/sync - {"script":"<script> [56 bytes]","args":[{"element-6066-11e4-a52e-4f735466cecf":"f.8FEDB17297EEB2F430C5C9DB657928CB.d.3DEBF5D9519687A41ABF2EDD857B4340.e.2347","ELEMENT":"f.8FEDB17297EEB2F430C5C9DB657928CB.d.3DEBF5D9519687A41ABF2EDD857B4340.e.2347"}]}
RESULT: {"script":"<script> [56 bytes]","args":[{"element-6066-11e4-a52e-4f735466cecf":"f.8FEDB17297EEB2F430C5C9DB657928CB.d.3DEBF5D9519687A41ABF2EDD857B4340.e.2347","ELEMENT":"f.8FEDB17297EEB2F430C5C9DB657928CB.d.3DEBF5D9519687A41ABF2EDD857B4340.e.2347"}]}
COMMAND: GET /session/2308dad0f2a7537c6be193a87bfcce7d/screenshot - {}
RESULT: {}
COMMAND: POST /session/2308dad0f2a7537c6be193a87bfcce7d/element - {"using":"css selector","value":"#shell-header-logo"}
RESULT: {"using":"css selector","value":"#shell-header-logo"}
COMMAND: POST /session/2308dad0f2a7537c6be193a87bfcce7d/element/f.8FEDB17297EEB2F430C5C9DB657928CB.d.3DEBF5D9519687A41ABF2EDD857B4340.e.2164/click - {}
RESULT: {}
COMMAND: GET /session/2308dad0f2a7537c6be193a87bfcce7d/screenshot - {}
RESULT: {}
]]></system-out>
    </testcase>
    <testcase classname="chrome.136_0_7103_93.windows.Partner_specific_tests_US150819_US151080_US151654_US151176_US103444_US151078_US151079_US151109_US151174_US151175_US151189" name="Should activate the created partner again US151176" time="61.411">
      <system-out><![CDATA[
COMMAND: POST /session/2308dad0f2a7537c6be193a87bfcce7d/element - {"using":"xpath","value":"//li[.//span[text()=\"Manage Partners\"]]"}
RESULT: {"using":"xpath","value":"//li[.//span[text()=\"Manage Partners\"]]"}
COMMAND: POST /session/2308dad0f2a7537c6be193a87bfcce7d/element - {"using":"xpath","value":"//li[.//span[text()=\"Manage Partners\"]]"}
RESULT: {"using":"xpath","value":"//li[.//span[text()=\"Manage Partners\"]]"}
COMMAND: POST /session/2308dad0f2a7537c6be193a87bfcce7d/element - {"using":"css selector","value":"#shell-header-logo"}
RESULT: {"using":"css selector","value":"#shell-header-logo"}
COMMAND: POST /session/2308dad0f2a7537c6be193a87bfcce7d/element/f.8FEDB17297EEB2F430C5C9DB657928CB.d.3DEBF5D9519687A41ABF2EDD857B4340.e.2355/click - {}
COMMAND: POST /session/2308dad0f2a7537c6be193a87bfcce7d/execute/sync - {"script":"<script> [8489 bytes]","args":[{"element-6066-11e4-a52e-4f735466cecf":"f.8FEDB17297EEB2F430C5C9DB657928CB.d.3DEBF5D9519687A41ABF2EDD857B4340.e.2355","ELEMENT":"f.8FEDB17297EEB2F430C5C9DB657928CB.d.3DEBF5D9519687A41ABF2EDD857B4340.e.2355"}]}
RESULT: {}
COMMAND: GET /session/2308dad0f2a7537c6be193a87bfcce7d/screenshot - {}
RESULT: {"script":"<script> [8489 bytes]","args":[{"element-6066-11e4-a52e-4f735466cecf":"f.8FEDB17297EEB2F430C5C9DB657928CB.d.3DEBF5D9519687A41ABF2EDD857B4340.e.2355","ELEMENT":"f.8FEDB17297EEB2F430C5C9DB657928CB.d.3DEBF5D9519687A41ABF2EDD857B4340.e.2355"}]}
COMMAND: POST /session/2308dad0f2a7537c6be193a87bfcce7d/execute/sync - {"script":"<script> [5351 bytes]","args":[{"element-6066-11e4-a52e-4f735466cecf":"f.8FEDB17297EEB2F430C5C9DB657928CB.d.3DEBF5D9519687A41ABF2EDD857B4340.e.2355","ELEMENT":"f.8FEDB17297EEB2F430C5C9DB657928CB.d.3DEBF5D9519687A41ABF2EDD857B4340.e.2355"}]}
COMMAND: GET /session/2308dad0f2a7537c6be193a87bfcce7d/screenshot - {}
RESULT: {}
RESULT: {"script":"<script> [5351 bytes]","args":[{"element-6066-11e4-a52e-4f735466cecf":"f.8FEDB17297EEB2F430C5C9DB657928CB.d.3DEBF5D9519687A41ABF2EDD857B4340.e.2355","ELEMENT":"f.8FEDB17297EEB2F430C5C9DB657928CB.d.3DEBF5D9519687A41ABF2EDD857B4340.e.2355"}]}
COMMAND: GET /session/2308dad0f2a7537c6be193a87bfcce7d/screenshot - {}
RESULT: {}
RESULT: {}
RESULT: undefined
COMMAND: POST /session/2308dad0f2a7537c6be193a87bfcce7d/element - {"using":"xpath","value":"//*[@id=\"__tile38\"]"}
RESULT: {"using":"xpath","value":"//*[@id=\"__tile38\"]"}
COMMAND: POST /session/2308dad0f2a7537c6be193a87bfcce7d/element/f.8FEDB17297EEB2F430C5C9DB657928CB.d.3DEBF5D9519687A41ABF2EDD857B4340.e.170/click - {}
RESULT: {}
COMMAND: GET /session/2308dad0f2a7537c6be193a87bfcce7d/screenshot - {}
RESULT: {}
COMMAND: POST /session/2308dad0f2a7537c6be193a87bfcce7d/elements - {"using":"xpath","value":"//span[text()='Error']"}
RESULT: {"using":"xpath","value":"//span[text()='Error']"}
COMMAND: POST /session/2308dad0f2a7537c6be193a87bfcce7d/element - {"using":"xpath","value":"//button[@data-kt=\"addButton\"]"}
RESULT: {"using":"xpath","value":"//button[@data-kt=\"addButton\"]"}
COMMAND: POST /session/2308dad0f2a7537c6be193a87bfcce7d/elements - {"using":"xpath","value":"//button[@data-kt=\"addButton\"]"}
RESULT: {"using":"xpath","value":"//button[@data-kt=\"addButton\"]"}
COMMAND: POST /session/2308dad0f2a7537c6be193a87bfcce7d/execute/sync - {"script":"<script> [8489 bytes]","args":[{"element-6066-11e4-a52e-4f735466cecf":"f.8FEDB17297EEB2F430C5C9DB657928CB.d.3DEBF5D9519687A41ABF2EDD857B4340.e.2400","ELEMENT":"f.8FEDB17297EEB2F430C5C9DB657928CB.d.3DEBF5D9519687A41ABF2EDD857B4340.e.2400"}]}
RESULT: {"script":"<script> [8489 bytes]","args":[{"element-6066-11e4-a52e-4f735466cecf":"f.8FEDB17297EEB2F430C5C9DB657928CB.d.3DEBF5D9519687A41ABF2EDD857B4340.e.2400","ELEMENT":"f.8FEDB17297EEB2F430C5C9DB657928CB.d.3DEBF5D9519687A41ABF2EDD857B4340.e.2400"}]}
COMMAND: GET /session/2308dad0f2a7537c6be193a87bfcce7d/element/f.8FEDB17297EEB2F430C5C9DB657928CB.d.3DEBF5D9519687A41ABF2EDD857B4340.e.2400/enabled - {}
COMMAND: GET /session/2308dad0f2a7537c6be193a87bfcce7d/screenshot - {}
RESULT: {}
COMMAND: POST /session/2308dad0f2a7537c6be193a87bfcce7d/execute/sync - {"script":"<script> [8489 bytes]","args":[{"element-6066-11e4-a52e-4f735466cecf":"f.8FEDB17297EEB2F430C5C9DB657928CB.d.3DEBF5D9519687A41ABF2EDD857B4340.e.2400","ELEMENT":"f.8FEDB17297EEB2F430C5C9DB657928CB.d.3DEBF5D9519687A41ABF2EDD857B4340.e.2400"}]}
COMMAND: GET /session/2308dad0f2a7537c6be193a87bfcce7d/screenshot - {}
RESULT: {}
RESULT: {"script":"<script> [8489 bytes]","args":[{"element-6066-11e4-a52e-4f735466cecf":"f.8FEDB17297EEB2F430C5C9DB657928CB.d.3DEBF5D9519687A41ABF2EDD857B4340.e.2400","ELEMENT":"f.8FEDB17297EEB2F430C5C9DB657928CB.d.3DEBF5D9519687A41ABF2EDD857B4340.e.2400"}]}
COMMAND: POST /session/2308dad0f2a7537c6be193a87bfcce7d/execute/sync - {"script":"<script> [5351 bytes]","args":[{"element-6066-11e4-a52e-4f735466cecf":"f.8FEDB17297EEB2F430C5C9DB657928CB.d.3DEBF5D9519687A41ABF2EDD857B4340.e.2400","ELEMENT":"f.8FEDB17297EEB2F430C5C9DB657928CB.d.3DEBF5D9519687A41ABF2EDD857B4340.e.2400"}]}
COMMAND: GET /session/2308dad0f2a7537c6be193a87bfcce7d/screenshot - {}
RESULT: {}
RESULT: {"script":"<script> [5351 bytes]","args":[{"element-6066-11e4-a52e-4f735466cecf":"f.8FEDB17297EEB2F430C5C9DB657928CB.d.3DEBF5D9519687A41ABF2EDD857B4340.e.2400","ELEMENT":"f.8FEDB17297EEB2F430C5C9DB657928CB.d.3DEBF5D9519687A41ABF2EDD857B4340.e.2400"}]}
COMMAND: GET /session/2308dad0f2a7537c6be193a87bfcce7d/screenshot - {}
RESULT: {}
RESULT: {}
RESULT: undefined
COMMAND: POST /session/2308dad0f2a7537c6be193a87bfcce7d/execute/async - {"script":"<script> [776 bytes]","args":[{"enterText":"1277","selector":{"id":"application-managepartners-display-component---masterPtm--smartFilterBar-btnBasicSearch","interaction":{"idSuffix":"I"}},"clearTextFirst":true,"interactionType":"ENTER_TEXT"}]}
RESULT: {"script":"<script> [776 bytes]","args":[{"enterText":"1277","selector":{"id":"application-managepartners-display-component---masterPtm--smartFilterBar-btnBasicSearch","interaction":{"idSuffix":"I"}},"clearTextFirst":true,"interactionType":"ENTER_TEXT"}]}
COMMAND: POST /session/2308dad0f2a7537c6be193a87bfcce7d/actions - {"actions":[{"id":"action5","type":"key","parameters":{},"actions":[{"type":"keyDown","value":""},{"type":"pause","duration":10},{"type":"keyUp","value":""}]}]}
RESULT: {"actions":[{"id":"action5","type":"key","parameters":{},"actions":[{"type":"keyDown","value":""},{"type":"pause","duration":10},{"type":"keyUp","value":""}]}]}
COMMAND: GET /session/2308dad0f2a7537c6be193a87bfcce7d/screenshot - {}
RESULT: {}
COMMAND: POST /session/2308dad0f2a7537c6be193a87bfcce7d/elements - {"using":"xpath","value":"//table[contains(@id, \"customPartnersTable-listUl\")]/tbody/tr"}
RESULT: {"using":"xpath","value":"//table[contains(@id, \"customPartnersTable-listUl\")]/tbody/tr"}
COMMAND: POST /session/2308dad0f2a7537c6be193a87bfcce7d/element - {"using":"xpath","value":"//table[contains(@id, \"customPartnersTable-listUl\")]/tbody/tr[1]/td[3]/span"}
RESULT: {"using":"xpath","value":"//table[contains(@id, \"customPartnersTable-listUl\")]/tbody/tr[1]/td[3]/span"}
COMMAND: POST /session/2308dad0f2a7537c6be193a87bfcce7d/elements - {"using":"xpath","value":"//table[contains(@id, \"customPartnersTable-listUl\")]/tbody/tr[1]/td[3]/span"}
RESULT: {"using":"xpath","value":"//table[contains(@id, \"customPartnersTable-listUl\")]/tbody/tr[1]/td[3]/span"}
COMMAND: POST /session/2308dad0f2a7537c6be193a87bfcce7d/execute/sync - {"script":"<script> [56 bytes]","args":[{"element-6066-11e4-a52e-4f735466cecf":"f.8FEDB17297EEB2F430C5C9DB657928CB.d.3DEBF5D9519687A41ABF2EDD857B4340.e.2536","ELEMENT":"f.8FEDB17297EEB2F430C5C9DB657928CB.d.3DEBF5D9519687A41ABF2EDD857B4340.e.2536"}]}
RESULT: {"script":"<script> [56 bytes]","args":[{"element-6066-11e4-a52e-4f735466cecf":"f.8FEDB17297EEB2F430C5C9DB657928CB.d.3DEBF5D9519687A41ABF2EDD857B4340.e.2536","ELEMENT":"f.8FEDB17297EEB2F430C5C9DB657928CB.d.3DEBF5D9519687A41ABF2EDD857B4340.e.2536"}]}
COMMAND: POST /session/2308dad0f2a7537c6be193a87bfcce7d/element - {"using":"xpath","value":"//table[contains(@id, \"customPartnersTable-listUl\")]/tbody/tr[1]/td[7]/div/span"}
COMMAND: GET /session/2308dad0f2a7537c6be193a87bfcce7d/screenshot - {}
RESULT: {"using":"xpath","value":"//table[contains(@id, \"customPartnersTable-listUl\")]/tbody/tr[1]/td[7]/div/span"}
COMMAND: POST /session/2308dad0f2a7537c6be193a87bfcce7d/execute/sync - {"script":"<script> [56 bytes]","args":[{"element-6066-11e4-a52e-4f735466cecf":"f.8FEDB17297EEB2F430C5C9DB657928CB.d.3DEBF5D9519687A41ABF2EDD857B4340.e.2537","ELEMENT":"f.8FEDB17297EEB2F430C5C9DB657928CB.d.3DEBF5D9519687A41ABF2EDD857B4340.e.2537"}]}
RESULT: {}
RESULT: {"script":"<script> [56 bytes]","args":[{"element-6066-11e4-a52e-4f735466cecf":"f.8FEDB17297EEB2F430C5C9DB657928CB.d.3DEBF5D9519687A41ABF2EDD857B4340.e.2537","ELEMENT":"f.8FEDB17297EEB2F430C5C9DB657928CB.d.3DEBF5D9519687A41ABF2EDD857B4340.e.2537"}]}
COMMAND: POST /session/2308dad0f2a7537c6be193a87bfcce7d/element - {"using":"xpath","value":"//table[contains(@id, \"customPartnersTable-listUl\")]/tbody/tr[1]/td[2]/div/div"}
COMMAND: GET /session/2308dad0f2a7537c6be193a87bfcce7d/screenshot - {}
RESULT: {"using":"xpath","value":"//table[contains(@id, \"customPartnersTable-listUl\")]/tbody/tr[1]/td[2]/div/div"}
COMMAND: POST /session/2308dad0f2a7537c6be193a87bfcce7d/element/f.8FEDB17297EEB2F430C5C9DB657928CB.d.3DEBF5D9519687A41ABF2EDD857B4340.e.2538/click - {}
RESULT: {}
RESULT: {}
COMMAND: GET /session/2308dad0f2a7537c6be193a87bfcce7d/screenshot - {}
RESULT: {}
COMMAND: POST /session/2308dad0f2a7537c6be193a87bfcce7d/element - {"using":"xpath","value":"//bdi[contains(text(), \"Activate\")]"}
RESULT: {"using":"xpath","value":"//bdi[contains(text(), \"Activate\")]"}
COMMAND: POST /session/2308dad0f2a7537c6be193a87bfcce7d/element/f.8FEDB17297EEB2F430C5C9DB657928CB.d.3DEBF5D9519687A41ABF2EDD857B4340.e.2539/click - {}
RESULT: {}
COMMAND: GET /session/2308dad0f2a7537c6be193a87bfcce7d/screenshot - {}
RESULT: {}
COMMAND: POST /session/2308dad0f2a7537c6be193a87bfcce7d/element - {"using":"xpath","value":"//bdi[contains(text(), \"Yes\")]"}
RESULT: {"using":"xpath","value":"//bdi[contains(text(), \"Yes\")]"}
COMMAND: POST /session/2308dad0f2a7537c6be193a87bfcce7d/element/f.8FEDB17297EEB2F430C5C9DB657928CB.d.3DEBF5D9519687A41ABF2EDD857B4340.e.2541/click - {}
RESULT: {}
COMMAND: GET /session/2308dad0f2a7537c6be193a87bfcce7d/screenshot - {}
RESULT: {}
COMMAND: POST /session/2308dad0f2a7537c6be193a87bfcce7d/element - {"using":"xpath","value":"//table[contains(@id, \"customPartnersTable-listUl\")]/tbody/tr[1]/td[7]/div/span"}
RESULT: {"using":"xpath","value":"//table[contains(@id, \"customPartnersTable-listUl\")]/tbody/tr[1]/td[7]/div/span"}
COMMAND: POST /session/2308dad0f2a7537c6be193a87bfcce7d/execute/sync - {"script":"<script> [56 bytes]","args":[{"element-6066-11e4-a52e-4f735466cecf":"f.8FEDB17297EEB2F430C5C9DB657928CB.d.3DEBF5D9519687A41ABF2EDD857B4340.e.2537","ELEMENT":"f.8FEDB17297EEB2F430C5C9DB657928CB.d.3DEBF5D9519687A41ABF2EDD857B4340.e.2537"}]}
RESULT: {"script":"<script> [56 bytes]","args":[{"element-6066-11e4-a52e-4f735466cecf":"f.8FEDB17297EEB2F430C5C9DB657928CB.d.3DEBF5D9519687A41ABF2EDD857B4340.e.2537","ELEMENT":"f.8FEDB17297EEB2F430C5C9DB657928CB.d.3DEBF5D9519687A41ABF2EDD857B4340.e.2537"}]}
COMMAND: GET /session/2308dad0f2a7537c6be193a87bfcce7d/screenshot - {}
RESULT: {}
COMMAND: POST /session/2308dad0f2a7537c6be193a87bfcce7d/element - {"using":"css selector","value":"#shell-header-logo"}
RESULT: {"using":"css selector","value":"#shell-header-logo"}
COMMAND: POST /session/2308dad0f2a7537c6be193a87bfcce7d/element/f.8FEDB17297EEB2F430C5C9DB657928CB.d.3DEBF5D9519687A41ABF2EDD857B4340.e.2355/click - {}
RESULT: {}
COMMAND: GET /session/2308dad0f2a7537c6be193a87bfcce7d/screenshot - {}
RESULT: {}
]]></system-out>
    </testcase>
    <testcase classname="chrome.136_0_7103_93.windows.Partner_specific_tests_US150819_US151080_US151654_US151176_US103444_US151078_US151079_US151109_US151174_US151175_US151189" name="Should edit the created external partner and save it and check its content US103444" time="70.433">
      <system-out><![CDATA[
COMMAND: POST /session/2308dad0f2a7537c6be193a87bfcce7d/element - {"using":"xpath","value":"//li[.//span[text()=\"Manage Partners\"]]"}
RESULT: {"using":"xpath","value":"//li[.//span[text()=\"Manage Partners\"]]"}
COMMAND: POST /session/2308dad0f2a7537c6be193a87bfcce7d/element - {"using":"xpath","value":"//li[.//span[text()=\"Manage Partners\"]]"}
RESULT: {"using":"xpath","value":"//li[.//span[text()=\"Manage Partners\"]]"}
COMMAND: POST /session/2308dad0f2a7537c6be193a87bfcce7d/element - {"using":"css selector","value":"#shell-header-logo"}
RESULT: {"using":"css selector","value":"#shell-header-logo"}
COMMAND: POST /session/2308dad0f2a7537c6be193a87bfcce7d/element/f.8FEDB17297EEB2F430C5C9DB657928CB.d.3DEBF5D9519687A41ABF2EDD857B4340.e.2545/click - {}
COMMAND: POST /session/2308dad0f2a7537c6be193a87bfcce7d/execute/sync - {"script":"<script> [8489 bytes]","args":[{"element-6066-11e4-a52e-4f735466cecf":"f.8FEDB17297EEB2F430C5C9DB657928CB.d.3DEBF5D9519687A41ABF2EDD857B4340.e.2545","ELEMENT":"f.8FEDB17297EEB2F430C5C9DB657928CB.d.3DEBF5D9519687A41ABF2EDD857B4340.e.2545"}]}
RESULT: {}
COMMAND: GET /session/2308dad0f2a7537c6be193a87bfcce7d/screenshot - {}
RESULT: {"script":"<script> [8489 bytes]","args":[{"element-6066-11e4-a52e-4f735466cecf":"f.8FEDB17297EEB2F430C5C9DB657928CB.d.3DEBF5D9519687A41ABF2EDD857B4340.e.2545","ELEMENT":"f.8FEDB17297EEB2F430C5C9DB657928CB.d.3DEBF5D9519687A41ABF2EDD857B4340.e.2545"}]}
COMMAND: POST /session/2308dad0f2a7537c6be193a87bfcce7d/execute/sync - {"script":"<script> [5351 bytes]","args":[{"element-6066-11e4-a52e-4f735466cecf":"f.8FEDB17297EEB2F430C5C9DB657928CB.d.3DEBF5D9519687A41ABF2EDD857B4340.e.2545","ELEMENT":"f.8FEDB17297EEB2F430C5C9DB657928CB.d.3DEBF5D9519687A41ABF2EDD857B4340.e.2545"}]}
COMMAND: GET /session/2308dad0f2a7537c6be193a87bfcce7d/screenshot - {}
RESULT: {}
RESULT: {"script":"<script> [5351 bytes]","args":[{"element-6066-11e4-a52e-4f735466cecf":"f.8FEDB17297EEB2F430C5C9DB657928CB.d.3DEBF5D9519687A41ABF2EDD857B4340.e.2545","ELEMENT":"f.8FEDB17297EEB2F430C5C9DB657928CB.d.3DEBF5D9519687A41ABF2EDD857B4340.e.2545"}]}
COMMAND: GET /session/2308dad0f2a7537c6be193a87bfcce7d/screenshot - {}
RESULT: {}
RESULT: {}
RESULT: undefined
COMMAND: POST /session/2308dad0f2a7537c6be193a87bfcce7d/element - {"using":"xpath","value":"//*[@id=\"__tile38\"]"}
RESULT: {"using":"xpath","value":"//*[@id=\"__tile38\"]"}
COMMAND: POST /session/2308dad0f2a7537c6be193a87bfcce7d/element/f.8FEDB17297EEB2F430C5C9DB657928CB.d.3DEBF5D9519687A41ABF2EDD857B4340.e.170/click - {}
RESULT: {}
COMMAND: GET /session/2308dad0f2a7537c6be193a87bfcce7d/screenshot - {}
RESULT: {}
COMMAND: POST /session/2308dad0f2a7537c6be193a87bfcce7d/elements - {"using":"xpath","value":"//span[text()='Error']"}
RESULT: {"using":"xpath","value":"//span[text()='Error']"}
COMMAND: POST /session/2308dad0f2a7537c6be193a87bfcce7d/element - {"using":"xpath","value":"//button[@data-kt=\"addButton\"]"}
RESULT: {"using":"xpath","value":"//button[@data-kt=\"addButton\"]"}
COMMAND: POST /session/2308dad0f2a7537c6be193a87bfcce7d/elements - {"using":"xpath","value":"//button[@data-kt=\"addButton\"]"}
RESULT: {"using":"xpath","value":"//button[@data-kt=\"addButton\"]"}
COMMAND: POST /session/2308dad0f2a7537c6be193a87bfcce7d/execute/sync - {"script":"<script> [8489 bytes]","args":[{"element-6066-11e4-a52e-4f735466cecf":"f.8FEDB17297EEB2F430C5C9DB657928CB.d.3DEBF5D9519687A41ABF2EDD857B4340.e.2591","ELEMENT":"f.8FEDB17297EEB2F430C5C9DB657928CB.d.3DEBF5D9519687A41ABF2EDD857B4340.e.2591"}]}
RESULT: {"script":"<script> [8489 bytes]","args":[{"element-6066-11e4-a52e-4f735466cecf":"f.8FEDB17297EEB2F430C5C9DB657928CB.d.3DEBF5D9519687A41ABF2EDD857B4340.e.2591","ELEMENT":"f.8FEDB17297EEB2F430C5C9DB657928CB.d.3DEBF5D9519687A41ABF2EDD857B4340.e.2591"}]}
COMMAND: GET /session/2308dad0f2a7537c6be193a87bfcce7d/element/f.8FEDB17297EEB2F430C5C9DB657928CB.d.3DEBF5D9519687A41ABF2EDD857B4340.e.2591/enabled - {}
COMMAND: GET /session/2308dad0f2a7537c6be193a87bfcce7d/screenshot - {}
RESULT: {}
COMMAND: POST /session/2308dad0f2a7537c6be193a87bfcce7d/execute/sync - {"script":"<script> [8489 bytes]","args":[{"element-6066-11e4-a52e-4f735466cecf":"f.8FEDB17297EEB2F430C5C9DB657928CB.d.3DEBF5D9519687A41ABF2EDD857B4340.e.2591","ELEMENT":"f.8FEDB17297EEB2F430C5C9DB657928CB.d.3DEBF5D9519687A41ABF2EDD857B4340.e.2591"}]}
COMMAND: GET /session/2308dad0f2a7537c6be193a87bfcce7d/screenshot - {}
RESULT: {}
RESULT: {"script":"<script> [8489 bytes]","args":[{"element-6066-11e4-a52e-4f735466cecf":"f.8FEDB17297EEB2F430C5C9DB657928CB.d.3DEBF5D9519687A41ABF2EDD857B4340.e.2591","ELEMENT":"f.8FEDB17297EEB2F430C5C9DB657928CB.d.3DEBF5D9519687A41ABF2EDD857B4340.e.2591"}]}
COMMAND: POST /session/2308dad0f2a7537c6be193a87bfcce7d/execute/sync - {"script":"<script> [5351 bytes]","args":[{"element-6066-11e4-a52e-4f735466cecf":"f.8FEDB17297EEB2F430C5C9DB657928CB.d.3DEBF5D9519687A41ABF2EDD857B4340.e.2591","ELEMENT":"f.8FEDB17297EEB2F430C5C9DB657928CB.d.3DEBF5D9519687A41ABF2EDD857B4340.e.2591"}]}
COMMAND: GET /session/2308dad0f2a7537c6be193a87bfcce7d/screenshot - {}
RESULT: {}
RESULT: {"script":"<script> [5351 bytes]","args":[{"element-6066-11e4-a52e-4f735466cecf":"f.8FEDB17297EEB2F430C5C9DB657928CB.d.3DEBF5D9519687A41ABF2EDD857B4340.e.2591","ELEMENT":"f.8FEDB17297EEB2F430C5C9DB657928CB.d.3DEBF5D9519687A41ABF2EDD857B4340.e.2591"}]}
COMMAND: GET /session/2308dad0f2a7537c6be193a87bfcce7d/screenshot - {}
RESULT: {}
RESULT: {}
RESULT: undefined
COMMAND: POST /session/2308dad0f2a7537c6be193a87bfcce7d/execute/async - {"script":"<script> [776 bytes]","args":[{"enterText":"1277","selector":{"id":"application-managepartners-display-component---masterPtm--smartFilterBar-btnBasicSearch","interaction":{"idSuffix":"I"}},"clearTextFirst":true,"interactionType":"ENTER_TEXT"}]}
RESULT: {"script":"<script> [776 bytes]","args":[{"enterText":"1277","selector":{"id":"application-managepartners-display-component---masterPtm--smartFilterBar-btnBasicSearch","interaction":{"idSuffix":"I"}},"clearTextFirst":true,"interactionType":"ENTER_TEXT"}]}
COMMAND: POST /session/2308dad0f2a7537c6be193a87bfcce7d/actions - {"actions":[{"id":"action6","type":"key","parameters":{},"actions":[{"type":"keyDown","value":""},{"type":"pause","duration":10},{"type":"keyUp","value":""}]}]}
RESULT: {"actions":[{"id":"action6","type":"key","parameters":{},"actions":[{"type":"keyDown","value":""},{"type":"pause","duration":10},{"type":"keyUp","value":""}]}]}
COMMAND: GET /session/2308dad0f2a7537c6be193a87bfcce7d/screenshot - {}
RESULT: {}
COMMAND: POST /session/2308dad0f2a7537c6be193a87bfcce7d/elements - {"using":"xpath","value":"//table[contains(@id, \"customPartnersTable-listUl\")]/tbody/tr"}
RESULT: {"using":"xpath","value":"//table[contains(@id, \"customPartnersTable-listUl\")]/tbody/tr"}
COMMAND: POST /session/2308dad0f2a7537c6be193a87bfcce7d/element - {"using":"xpath","value":"//table[contains(@id, \"customPartnersTable-listUl\")]/tbody/tr[1]/td[3]/span"}
RESULT: {"using":"xpath","value":"//table[contains(@id, \"customPartnersTable-listUl\")]/tbody/tr[1]/td[3]/span"}
COMMAND: POST /session/2308dad0f2a7537c6be193a87bfcce7d/elements - {"using":"xpath","value":"//table[contains(@id, \"customPartnersTable-listUl\")]/tbody/tr[1]/td[3]/span"}
RESULT: {"using":"xpath","value":"//table[contains(@id, \"customPartnersTable-listUl\")]/tbody/tr[1]/td[3]/span"}
COMMAND: POST /session/2308dad0f2a7537c6be193a87bfcce7d/execute/sync - {"script":"<script> [56 bytes]","args":[{"element-6066-11e4-a52e-4f735466cecf":"f.8FEDB17297EEB2F430C5C9DB657928CB.d.3DEBF5D9519687A41ABF2EDD857B4340.e.2725","ELEMENT":"f.8FEDB17297EEB2F430C5C9DB657928CB.d.3DEBF5D9519687A41ABF2EDD857B4340.e.2725"}]}
RESULT: {"script":"<script> [56 bytes]","args":[{"element-6066-11e4-a52e-4f735466cecf":"f.8FEDB17297EEB2F430C5C9DB657928CB.d.3DEBF5D9519687A41ABF2EDD857B4340.e.2725","ELEMENT":"f.8FEDB17297EEB2F430C5C9DB657928CB.d.3DEBF5D9519687A41ABF2EDD857B4340.e.2725"}]}
COMMAND: POST /session/2308dad0f2a7537c6be193a87bfcce7d/element - {"using":"xpath","value":"(//span[contains(@id, \"imgNav\")])[1]"}
COMMAND: GET /session/2308dad0f2a7537c6be193a87bfcce7d/screenshot - {}
RESULT: {"using":"xpath","value":"(//span[contains(@id, \"imgNav\")])[1]"}
COMMAND: POST /session/2308dad0f2a7537c6be193a87bfcce7d/element/f.8FEDB17297EEB2F430C5C9DB657928CB.d.3DEBF5D9519687A41ABF2EDD857B4340.e.2723/click - {}
RESULT: {}
RESULT: {}
COMMAND: GET /session/2308dad0f2a7537c6be193a87bfcce7d/screenshot - {}
RESULT: {}
COMMAND: POST /session/2308dad0f2a7537c6be193a87bfcce7d/element - {"using":"xpath","value":"//bdi[contains(text(), \"Edit\")]"}
RESULT: {"using":"xpath","value":"//bdi[contains(text(), \"Edit\")]"}
COMMAND: POST /session/2308dad0f2a7537c6be193a87bfcce7d/element/f.8FEDB17297EEB2F430C5C9DB657928CB.d.3DEBF5D9519687A41ABF2EDD857B4340.e.2867/click - {}
RESULT: {}
COMMAND: GET /session/2308dad0f2a7537c6be193a87bfcce7d/screenshot - {}
RESULT: {}
COMMAND: POST /session/2308dad0f2a7537c6be193a87bfcce7d/execute/async - {"script":"<script> [1562 bytes]","args":[{"selector":{"controlType":"sap.m.Input","viewName":"etm.portal.ui.managepartners.view.EditDetail","labelFor":{"text":"Name"},"interaction":{"idSuffix":"inner"}},"wdio_ui5_key":"etmportal.ui.managepartners.view.EditDetailsap.m.Input{\"text\":\"Name\"}"}]}
RESULT: {"script":"<script> [1562 bytes]","args":[{"selector":{"controlType":"sap.m.Input","viewName":"etm.portal.ui.managepartners.view.EditDetail","labelFor":{"text":"Name"},"interaction":{"idSuffix":"inner"}},"wdio_ui5_key":"etmportal.ui.managepartners.view.EditDetailsap.m.Input{\"text\":\"Name\"}"}]}
RESULT: undefined
COMMAND: POST /session/2308dad0f2a7537c6be193a87bfcce7d/execute/async - {"script":"<script> [776 bytes]","args":[{"enterText":"External EDIT","selector":{"controlType":"sap.m.Input","viewName":"etm.portal.ui.managepartners.view.EditDetail","labelFor":{"text":"Name"},"interaction":{"idSuffix":"inner"}},"clearTextFirst":true,"interactionType":"ENTER_TEXT"}]}
RESULT: {"script":"<script> [776 bytes]","args":[{"enterText":"External EDIT","selector":{"controlType":"sap.m.Input","viewName":"etm.portal.ui.managepartners.view.EditDetail","labelFor":{"text":"Name"},"interaction":{"idSuffix":"inner"}},"clearTextFirst":true,"interactionType":"ENTER_TEXT"}]}
COMMAND: POST /session/2308dad0f2a7537c6be193a87bfcce7d/element - {"using":"xpath","value":"(//span[contains(@id,\"addressDetailDetailsLanguage-arrow\")])[1]"}
RESULT: {"using":"xpath","value":"(//span[contains(@id,\"addressDetailDetailsLanguage-arrow\")])[1]"}
COMMAND: POST /session/2308dad0f2a7537c6be193a87bfcce7d/element/f.8FEDB17297EEB2F430C5C9DB657928CB.d.3DEBF5D9519687A41ABF2EDD857B4340.e.2945/click - {}
RESULT: {}
COMMAND: POST /session/2308dad0f2a7537c6be193a87bfcce7d/element - {"using":"xpath","value":"//span[contains(text(), \"Chinese\")]"}
COMMAND: GET /session/2308dad0f2a7537c6be193a87bfcce7d/screenshot - {}
RESULT: {"using":"xpath","value":"//span[contains(text(), \"Chinese\")]"}
COMMAND: POST /session/2308dad0f2a7537c6be193a87bfcce7d/element/f.8FEDB17297EEB2F430C5C9DB657928CB.d.3DEBF5D9519687A41ABF2EDD857B4340.e.2946/click - {}
RESULT: {}
RESULT: {}
COMMAND: GET /session/2308dad0f2a7537c6be193a87bfcce7d/screenshot - {}
RESULT: {}
COMMAND: POST /session/2308dad0f2a7537c6be193a87bfcce7d/execute/async - {"script":"<script> [1562 bytes]","args":[{"selector":{"controlType":"sap.m.Input","viewName":"etm.portal.ui.managepartners.view.EditDetail","labelFor":{"text":"City"},"interaction":{"idSuffix":"inner"}},"wdio_ui5_key":"etmportal.ui.managepartners.view.EditDetailsap.m.Input{\"text\":\"City\"}"}]}
RESULT: {"script":"<script> [1562 bytes]","args":[{"selector":{"controlType":"sap.m.Input","viewName":"etm.portal.ui.managepartners.view.EditDetail","labelFor":{"text":"City"},"interaction":{"idSuffix":"inner"}},"wdio_ui5_key":"etmportal.ui.managepartners.view.EditDetailsap.m.Input{\"text\":\"City\"}"}]}
RESULT: undefined
COMMAND: POST /session/2308dad0f2a7537c6be193a87bfcce7d/execute/async - {"script":"<script> [776 bytes]","args":[{"enterText":"Clooj-Napoca","selector":{"controlType":"sap.m.Input","viewName":"etm.portal.ui.managepartners.view.EditDetail","labelFor":{"text":"City"},"interaction":{"idSuffix":"inner"}},"clearTextFirst":true,"interactionType":"ENTER_TEXT"}]}
RESULT: {"script":"<script> [776 bytes]","args":[{"enterText":"Clooj-Napoca","selector":{"controlType":"sap.m.Input","viewName":"etm.portal.ui.managepartners.view.EditDetail","labelFor":{"text":"City"},"interaction":{"idSuffix":"inner"}},"clearTextFirst":true,"interactionType":"ENTER_TEXT"}]}
COMMAND: POST /session/2308dad0f2a7537c6be193a87bfcce7d/element - {"using":"xpath","value":"//button[@data-kt=\"saveButton\"]"}
RESULT: {"using":"xpath","value":"//button[@data-kt=\"saveButton\"]"}
COMMAND: POST /session/2308dad0f2a7537c6be193a87bfcce7d/element/f.8FEDB17297EEB2F430C5C9DB657928CB.d.3DEBF5D9519687A41ABF2EDD857B4340.e.2930/click - {}
RESULT: {}
COMMAND: GET /session/2308dad0f2a7537c6be193a87bfcce7d/screenshot - {}
RESULT: {}
COMMAND: POST /session/2308dad0f2a7537c6be193a87bfcce7d/execute/async - {"script":"<script> [1562 bytes]","args":[{"selector":{"id":"application-managepartners-display-component---detailPtm--addressDetailDetailsName1"},"wdio_ui5_key":"applicationmanagepartners-display-component---detailPtm--addressDetailDetailsName1"}]}
RESULT: {"script":"<script> [1562 bytes]","args":[{"selector":{"id":"application-managepartners-display-component---detailPtm--addressDetailDetailsName1"},"wdio_ui5_key":"applicationmanagepartners-display-component---detailPtm--addressDetailDetailsName1"}]}
RESULT: undefined
COMMAND: POST /session/2308dad0f2a7537c6be193a87bfcce7d/execute/async - {"script":"<script> [6424 bytes]","args":[{"element-6066-11e4-a52e-4f735466cecf":"f.8FEDB17297EEB2F430C5C9DB657928CB.d.3DEBF5D9519687A41ABF2EDD857B4340.e.2962"},"getValue",[]]}
RESULT: {"script":"<script> [6424 bytes]","args":[{"element-6066-11e4-a52e-4f735466cecf":"f.8FEDB17297EEB2F430C5C9DB657928CB.d.3DEBF5D9519687A41ABF2EDD857B4340.e.2962"},"getValue",[]]}
COMMAND: POST /session/2308dad0f2a7537c6be193a87bfcce7d/element - {"using":"xpath","value":"//input[@id = \"application-managepartners-display-component---detailPtm--addressDetailDetailsLanguage-inner\"]"}
RESULT: {"using":"xpath","value":"//input[@id = \"application-managepartners-display-component---detailPtm--addressDetailDetailsLanguage-inner\"]"}
COMMAND: GET /session/2308dad0f2a7537c6be193a87bfcce7d/element/f.8FEDB17297EEB2F430C5C9DB657928CB.d.3DEBF5D9519687A41ABF2EDD857B4340.e.2963/property/value - {}
RESULT: {}
COMMAND: POST /session/2308dad0f2a7537c6be193a87bfcce7d/execute/async - {"script":"<script> [1562 bytes]","args":[{"selector":{"id":"application-managepartners-display-component---detailPtm--addressDetailDetailsCity1"},"wdio_ui5_key":"applicationmanagepartners-display-component---detailPtm--addressDetailDetailsCity1"}]}
COMMAND: GET /session/2308dad0f2a7537c6be193a87bfcce7d/screenshot - {}
RESULT: {"script":"<script> [1562 bytes]","args":[{"selector":{"id":"application-managepartners-display-component---detailPtm--addressDetailDetailsCity1"},"wdio_ui5_key":"applicationmanagepartners-display-component---detailPtm--addressDetailDetailsCity1"}]}
RESULT: undefined
COMMAND: POST /session/2308dad0f2a7537c6be193a87bfcce7d/execute/async - {"script":"<script> [6424 bytes]","args":[{"element-6066-11e4-a52e-4f735466cecf":"f.8FEDB17297EEB2F430C5C9DB657928CB.d.3DEBF5D9519687A41ABF2EDD857B4340.e.2964"},"getValue",[]]}
RESULT: {}
RESULT: {"script":"<script> [6424 bytes]","args":[{"element-6066-11e4-a52e-4f735466cecf":"f.8FEDB17297EEB2F430C5C9DB657928CB.d.3DEBF5D9519687A41ABF2EDD857B4340.e.2964"},"getValue",[]]}
COMMAND: POST /session/2308dad0f2a7537c6be193a87bfcce7d/element - {"using":"css selector","value":"#shell-header-logo"}
RESULT: {"using":"css selector","value":"#shell-header-logo"}
COMMAND: POST /session/2308dad0f2a7537c6be193a87bfcce7d/element/f.8FEDB17297EEB2F430C5C9DB657928CB.d.3DEBF5D9519687A41ABF2EDD857B4340.e.2545/click - {}
RESULT: {}
COMMAND: GET /session/2308dad0f2a7537c6be193a87bfcce7d/screenshot - {}
RESULT: {}
]]></system-out>
    </testcase>
    <testcase classname="chrome.136_0_7103_93.windows.Partner_specific_tests_US150819_US151080_US151654_US151176_US103444_US151078_US151079_US151109_US151174_US151175_US151189" name="Should create a new intercompany partner edit some of its fields US151078" time="251.178">
      <system-out><![CDATA[
COMMAND: POST /session/2308dad0f2a7537c6be193a87bfcce7d/element - {"using":"xpath","value":"//li[.//span[text()=\"Manage Partners\"]]"}
RESULT: {"using":"xpath","value":"//li[.//span[text()=\"Manage Partners\"]]"}
COMMAND: POST /session/2308dad0f2a7537c6be193a87bfcce7d/element - {"using":"xpath","value":"//li[.//span[text()=\"Manage Partners\"]]"}
RESULT: {"using":"xpath","value":"//li[.//span[text()=\"Manage Partners\"]]"}
COMMAND: POST /session/2308dad0f2a7537c6be193a87bfcce7d/element - {"using":"css selector","value":"#shell-header-logo"}
RESULT: {"using":"css selector","value":"#shell-header-logo"}
COMMAND: POST /session/2308dad0f2a7537c6be193a87bfcce7d/element/f.8FEDB17297EEB2F430C5C9DB657928CB.d.3DEBF5D9519687A41ABF2EDD857B4340.e.3009/click - {}
COMMAND: POST /session/2308dad0f2a7537c6be193a87bfcce7d/execute/sync - {"script":"<script> [8489 bytes]","args":[{"element-6066-11e4-a52e-4f735466cecf":"f.8FEDB17297EEB2F430C5C9DB657928CB.d.3DEBF5D9519687A41ABF2EDD857B4340.e.3009","ELEMENT":"f.8FEDB17297EEB2F430C5C9DB657928CB.d.3DEBF5D9519687A41ABF2EDD857B4340.e.3009"}]}
RESULT: {"script":"<script> [8489 bytes]","args":[{"element-6066-11e4-a52e-4f735466cecf":"f.8FEDB17297EEB2F430C5C9DB657928CB.d.3DEBF5D9519687A41ABF2EDD857B4340.e.3009","ELEMENT":"f.8FEDB17297EEB2F430C5C9DB657928CB.d.3DEBF5D9519687A41ABF2EDD857B4340.e.3009"}]}
COMMAND: POST /session/2308dad0f2a7537c6be193a87bfcce7d/execute/sync - {"script":"<script> [5351 bytes]","args":[{"element-6066-11e4-a52e-4f735466cecf":"f.8FEDB17297EEB2F430C5C9DB657928CB.d.3DEBF5D9519687A41ABF2EDD857B4340.e.3009","ELEMENT":"f.8FEDB17297EEB2F430C5C9DB657928CB.d.3DEBF5D9519687A41ABF2EDD857B4340.e.3009"}]}
COMMAND: GET /session/2308dad0f2a7537c6be193a87bfcce7d/screenshot - {}
RESULT: {}
COMMAND: GET /session/2308dad0f2a7537c6be193a87bfcce7d/screenshot - {}
RESULT: {"script":"<script> [5351 bytes]","args":[{"element-6066-11e4-a52e-4f735466cecf":"f.8FEDB17297EEB2F430C5C9DB657928CB.d.3DEBF5D9519687A41ABF2EDD857B4340.e.3009","ELEMENT":"f.8FEDB17297EEB2F430C5C9DB657928CB.d.3DEBF5D9519687A41ABF2EDD857B4340.e.3009"}]}
COMMAND: GET /session/2308dad0f2a7537c6be193a87bfcce7d/screenshot - {}
RESULT: {}
RESULT: {}
RESULT: {}
COMMAND: POST /session/2308dad0f2a7537c6be193a87bfcce7d/refresh - {}
RESULT: {}
COMMAND: GET /session/2308dad0f2a7537c6be193a87bfcce7d/screenshot - {}
RESULT: {}
COMMAND: POST /session/2308dad0f2a7537c6be193a87bfcce7d/refresh - {}
RESULT: {}
COMMAND: GET /session/2308dad0f2a7537c6be193a87bfcce7d/screenshot - {}
RESULT: {}
COMMAND: POST /session/2308dad0f2a7537c6be193a87bfcce7d/window/fullscreen - {}
RESULT: {}
COMMAND: POST /session/2308dad0f2a7537c6be193a87bfcce7d/execute/async - {"script":"<script> [189 bytes]","args":[]}
RESULT: {"script":"<script> [189 bytes]","args":[]}
COMMAND: POST /session/2308dad0f2a7537c6be193a87bfcce7d/execute/async - {"script":"<script> [123 bytes]","args":[]}
RESULT: {"script":"<script> [123 bytes]","args":[]}
COMMAND: POST /session/2308dad0f2a7537c6be193a87bfcce7d/timeouts - {"script":"<number>"}
RESULT: {"script":"<number>"}
COMMAND: GET /session/2308dad0f2a7537c6be193a87bfcce7d/timeouts - {}
RESULT: {}
RESULT: undefined
COMMAND: POST /session/2308dad0f2a7537c6be193a87bfcce7d/execute/async - {"script":"<script> [2676 bytes]","args":[]}
RESULT: {"script":"<script> [2676 bytes]","args":[]}
COMMAND: POST /session/2308dad0f2a7537c6be193a87bfcce7d/execute/async - {"script":"<script> [2342 bytes]","args":[{"protocol":"http","hostname":"0.0.0.0","path":"/","capabilities":{"browserName":"chrome","goog:chromeOptions":{"binary":"C:\\Program Files\\Google\\Chrome\\Application\\chrome.exe","args":["--start-maximized"]}},"logLevel":"warn","connectionRetryTimeout":120000,"connectionRetryCount":3,"logLevels":{},"enableDirectConnect":true,"strictSSL":true,"_":"65 more keys: [\"cacheDir\",\"port\",\"requestedCapabilities\",\"automationProtocol\",\"baseUrl\",\"waitforInterval\",\"waitforTimeout\",\"onReload\",\"beforeCommand\",\"afterCommand\",\"rootDir\",\"specs\",\"suites\",\"exclude\",\"groupLogsByTestSpec\",\"excludeDriverLogs\",\"bail\",\"framework\",\"reporters\",\"services\",\"maxInstances\",\"maxInstancesPerCapability\",\"injectGlobals\",\"filesToWatch\",\"execArgv\",\"runnerEnv\",\"runner\",\"shard\",\"specFileRetries\",\"specFileRetriesDelay\",\"specFileRetriesDeferred\",\"reporterSyncInterval\",\"reporterSyncTimeout\",\"cucumberFeaturesWithLineNumbers\",\"autoCompileOpts\",\"mochaOpts\",\"jasmineOpts\",\"cucumberOpts\",\"onPrepare\",\"onWorkerStart\",\"onWorkerEnd\",\"before\",\"beforeSession\",\"beforeSuite\",\"beforeHook\",\"beforeTest\",\"afterTest\",\"afterHook\",\"afterSuite\",\"afterSession\",\"after\",\"onComplete\",\"beforeAssertion\",\"afterAssertion\",\"beforeFeature\",\"beforeScenario\",\"beforeStep\",\"afterStep\",\"afterScenario\",\"afterFeature\",\"_\",\"suite\",\"$0\",\"ignoredWorkerServices\",\"wdi5\"]"}]}
RESULT: {"script":"<script> [2342 bytes]","args":[{"protocol":"http","hostname":"0.0.0.0","path":"/","capabilities":{"browserName":"chrome","goog:chromeOptions":{"binary":"C:\\Program Files\\Google\\Chrome\\Application\\chrome.exe","args":["--start-maximized"]}},"logLevel":"warn","connectionRetryTimeout":120000,"connectionRetryCount":3,"logLevels":{},"enableDirectConnect":true,"strictSSL":true,"_":"65 more keys: [\"cacheDir\",\"port\",\"requestedCapabilities\",\"automationProtocol\",\"baseUrl\",\"waitforInterval\",\"waitforTimeout\",\"onReload\",\"beforeCommand\",\"afterCommand\",\"rootDir\",\"specs\",\"suites\",\"exclude\",\"groupLogsByTestSpec\",\"excludeDriverLogs\",\"bail\",\"framework\",\"reporters\",\"services\",\"maxInstances\",\"maxInstancesPerCapability\",\"injectGlobals\",\"filesToWatch\",\"execArgv\",\"runnerEnv\",\"runner\",\"shard\",\"specFileRetries\",\"specFileRetriesDelay\",\"specFileRetriesDeferred\",\"reporterSyncInterval\",\"reporterSyncTimeout\",\"cucumberFeaturesWithLineNumbers\",\"autoCompileOpts\",\"mochaOpts\",\"jasmineOpts\",\"cucumberOpts\",\"onPrepare\",\"onWorkerStart\",\"onWorkerEnd\",\"before\",\"beforeSession\",\"beforeSuite\",\"beforeHook\",\"beforeTest\",\"afterTest\",\"afterHook\",\"afterSuite\",\"afterSession\",\"after\",\"onComplete\",\"beforeAssertion\",\"afterAssertion\",\"beforeFeature\",\"beforeScenario\",\"beforeStep\",\"afterStep\",\"afterScenario\",\"afterFeature\",\"_\",\"suite\",\"$0\",\"ignoredWorkerServices\",\"wdi5\"]"}]}
COMMAND: POST /session/2308dad0f2a7537c6be193a87bfcce7d/execute/async - {"script":"<script> [21126 bytes]","args":[35000]}
RESULT: {"script":"<script> [21126 bytes]","args":[35000]}
COMMAND: POST /session/2308dad0f2a7537c6be193a87bfcce7d/window/fullscreen - {}
RESULT: {}
COMMAND: POST /session/2308dad0f2a7537c6be193a87bfcce7d/window/fullscreen - {}
RESULT: {}
COMMAND: POST /session/2308dad0f2a7537c6be193a87bfcce7d/execute/async - {"script":"<script> [1562 bytes]","args":[{"selector":{"controlType":"sap.m.GenericTile","properties":{"header":"Manage Partners"}},"wdio_ui5_key":"sapm.GenericTile{\"header\":\"Manage Partners\"}"}]}
RESULT: {"script":"<script> [1562 bytes]","args":[{"selector":{"controlType":"sap.m.GenericTile","properties":{"header":"Manage Partners"}},"wdio_ui5_key":"sapm.GenericTile{\"header\":\"Manage Partners\"}"}]}
RESULT: undefined
COMMAND: POST /session/2308dad0f2a7537c6be193a87bfcce7d/element - {"using":"xpath","value":"//*[@id=\"__tile30\"]"}
RESULT: {"using":"xpath","value":"//*[@id=\"__tile30\"]"}
COMMAND: POST /session/2308dad0f2a7537c6be193a87bfcce7d/element/f.8FEDB17297EEB2F430C5C9DB657928CB.d.A6DB6BFF2C1A9569BC65B16FB46940FB.e.3075/click - {}
RESULT: {}
COMMAND: GET /session/2308dad0f2a7537c6be193a87bfcce7d/screenshot - {}
RESULT: {}
COMMAND: POST /session/2308dad0f2a7537c6be193a87bfcce7d/elements - {"using":"xpath","value":"//span[text()='Error']"}
RESULT: {"using":"xpath","value":"//span[text()='Error']"}
COMMAND: POST /session/2308dad0f2a7537c6be193a87bfcce7d/element - {"using":"xpath","value":"//button[@data-kt=\"addButton\"]"}
RESULT: {"using":"xpath","value":"//button[@data-kt=\"addButton\"]"}
COMMAND: POST /session/2308dad0f2a7537c6be193a87bfcce7d/elements - {"using":"xpath","value":"//button[@data-kt=\"addButton\"]"}
RESULT: {"using":"xpath","value":"//button[@data-kt=\"addButton\"]"}
COMMAND: POST /session/2308dad0f2a7537c6be193a87bfcce7d/elements - {"using":"xpath","value":"//button[@data-kt=\"addButton\"]"}
RESULT: {"using":"xpath","value":"//button[@data-kt=\"addButton\"]"}
COMMAND: POST /session/2308dad0f2a7537c6be193a87bfcce7d/element - {"using":"xpath","value":"//button[@data-kt=\"addButton\"]"}
RESULT: {"using":"xpath","value":"//button[@data-kt=\"addButton\"]"}
COMMAND: POST /session/2308dad0f2a7537c6be193a87bfcce7d/execute/sync - {"script":"<script> [8489 bytes]","args":[{"element-6066-11e4-a52e-4f735466cecf":"f.8FEDB17297EEB2F430C5C9DB657928CB.d.A6DB6BFF2C1A9569BC65B16FB46940FB.e.3201","ELEMENT":"f.8FEDB17297EEB2F430C5C9DB657928CB.d.A6DB6BFF2C1A9569BC65B16FB46940FB.e.3201"}]}
RESULT: {"script":"<script> [8489 bytes]","args":[{"element-6066-11e4-a52e-4f735466cecf":"f.8FEDB17297EEB2F430C5C9DB657928CB.d.A6DB6BFF2C1A9569BC65B16FB46940FB.e.3201","ELEMENT":"f.8FEDB17297EEB2F430C5C9DB657928CB.d.A6DB6BFF2C1A9569BC65B16FB46940FB.e.3201"}]}
COMMAND: GET /session/2308dad0f2a7537c6be193a87bfcce7d/element/f.8FEDB17297EEB2F430C5C9DB657928CB.d.A6DB6BFF2C1A9569BC65B16FB46940FB.e.3201/enabled - {}
COMMAND: GET /session/2308dad0f2a7537c6be193a87bfcce7d/screenshot - {}
RESULT: {}
COMMAND: POST /session/2308dad0f2a7537c6be193a87bfcce7d/execute/sync - {"script":"<script> [8489 bytes]","args":[{"element-6066-11e4-a52e-4f735466cecf":"f.8FEDB17297EEB2F430C5C9DB657928CB.d.A6DB6BFF2C1A9569BC65B16FB46940FB.e.3201","ELEMENT":"f.8FEDB17297EEB2F430C5C9DB657928CB.d.A6DB6BFF2C1A9569BC65B16FB46940FB.e.3201"}]}
COMMAND: GET /session/2308dad0f2a7537c6be193a87bfcce7d/screenshot - {}
RESULT: {}
RESULT: {"script":"<script> [8489 bytes]","args":[{"element-6066-11e4-a52e-4f735466cecf":"f.8FEDB17297EEB2F430C5C9DB657928CB.d.A6DB6BFF2C1A9569BC65B16FB46940FB.e.3201","ELEMENT":"f.8FEDB17297EEB2F430C5C9DB657928CB.d.A6DB6BFF2C1A9569BC65B16FB46940FB.e.3201"}]}
COMMAND: POST /session/2308dad0f2a7537c6be193a87bfcce7d/execute/sync - {"script":"<script> [5351 bytes]","args":[{"element-6066-11e4-a52e-4f735466cecf":"f.8FEDB17297EEB2F430C5C9DB657928CB.d.A6DB6BFF2C1A9569BC65B16FB46940FB.e.3201","ELEMENT":"f.8FEDB17297EEB2F430C5C9DB657928CB.d.A6DB6BFF2C1A9569BC65B16FB46940FB.e.3201"}]}
COMMAND: GET /session/2308dad0f2a7537c6be193a87bfcce7d/screenshot - {}
RESULT: {}
RESULT: {"script":"<script> [5351 bytes]","args":[{"element-6066-11e4-a52e-4f735466cecf":"f.8FEDB17297EEB2F430C5C9DB657928CB.d.A6DB6BFF2C1A9569BC65B16FB46940FB.e.3201","ELEMENT":"f.8FEDB17297EEB2F430C5C9DB657928CB.d.A6DB6BFF2C1A9569BC65B16FB46940FB.e.3201"}]}
COMMAND: POST /session/2308dad0f2a7537c6be193a87bfcce7d/element/f.8FEDB17297EEB2F430C5C9DB657928CB.d.A6DB6BFF2C1A9569BC65B16FB46940FB.e.3201/click - {}
COMMAND: GET /session/2308dad0f2a7537c6be193a87bfcce7d/screenshot - {}
RESULT: {}
RESULT: {}
COMMAND: GET /session/2308dad0f2a7537c6be193a87bfcce7d/screenshot - {}
COMMAND: POST /session/2308dad0f2a7537c6be193a87bfcce7d/execute/async - {"script":"<script> [1562 bytes]","args":[{"selector":{"id":"application-managepartners-display-component---NewPartner--addressDetailDetailsName1","interaction":{"idSuffix":"inner"}},"wdio_ui5_key":"applicationmanagepartners-display-component---NewPartner--addressDetailDetailsName1"}]}
RESULT: {}
RESULT: {}
RESULT: {"script":"<script> [1562 bytes]","args":[{"selector":{"id":"application-managepartners-display-component---NewPartner--addressDetailDetailsName1","interaction":{"idSuffix":"inner"}},"wdio_ui5_key":"applicationmanagepartners-display-component---NewPartner--addressDetailDetailsName1"}]}
RESULT: undefined
COMMAND: POST /session/2308dad0f2a7537c6be193a87bfcce7d/execute/async - {"script":"<script> [776 bytes]","args":[{"enterText":"Intercompany Partner WDIO","selector":{"id":"application-managepartners-display-component---NewPartner--addressDetailDetailsName1","interaction":{"idSuffix":"inner"}},"clearTextFirst":true,"interactionType":"ENTER_TEXT"}]}
RESULT: {"script":"<script> [776 bytes]","args":[{"enterText":"Intercompany Partner WDIO","selector":{"id":"application-managepartners-display-component---NewPartner--addressDetailDetailsName1","interaction":{"idSuffix":"inner"}},"clearTextFirst":true,"interactionType":"ENTER_TEXT"}]}
COMMAND: POST /session/2308dad0f2a7537c6be193a87bfcce7d/execute/async - {"script":"<script> [1562 bytes]","args":[{"selector":{"id":"application-managepartners-display-component---NewPartner--addressDetailDetailsLanguage-arrow"},"wdio_ui5_key":"applicationmanagepartners-display-component---NewPartner--addressDetailDetailsLanguage-arrow"}]}
RESULT: {"script":"<script> [1562 bytes]","args":[{"selector":{"id":"application-managepartners-display-component---NewPartner--addressDetailDetailsLanguage-arrow"},"wdio_ui5_key":"applicationmanagepartners-display-component---NewPartner--addressDetailDetailsLanguage-arrow"}]}
RESULT: undefined
COMMAND: POST /session/2308dad0f2a7537c6be193a87bfcce7d/element - {"using":"xpath","value":"//*[@id=\"application-managepartners-display-component---NewPartner--addressDetailDetailsLanguage-arrow\"]"}
RESULT: {"using":"xpath","value":"//*[@id=\"application-managepartners-display-component---NewPartner--addressDetailDetailsLanguage-arrow\"]"}
COMMAND: POST /session/2308dad0f2a7537c6be193a87bfcce7d/element/f.8FEDB17297EEB2F430C5C9DB657928CB.d.A6DB6BFF2C1A9569BC65B16FB46940FB.e.3644/click - {}
RESULT: {}
COMMAND: POST /session/2308dad0f2a7537c6be193a87bfcce7d/element - {"using":"xpath","value":"//span[contains(text(), \"English\")]"}
COMMAND: GET /session/2308dad0f2a7537c6be193a87bfcce7d/screenshot - {}
RESULT: {"using":"xpath","value":"//span[contains(text(), \"English\")]"}
COMMAND: POST /session/2308dad0f2a7537c6be193a87bfcce7d/element/f.8FEDB17297EEB2F430C5C9DB657928CB.d.A6DB6BFF2C1A9569BC65B16FB46940FB.e.3645/click - {}
RESULT: {}
RESULT: {}
COMMAND: GET /session/2308dad0f2a7537c6be193a87bfcce7d/screenshot - {}
RESULT: {}
COMMAND: POST /session/2308dad0f2a7537c6be193a87bfcce7d/execute/async - {"script":"<script> [1562 bytes]","args":[{"selector":{"id":"application-managepartners-display-component---NewPartner--addressDetailDetailsCity1","interaction":{"idSuffix":"inner"}},"wdio_ui5_key":"applicationmanagepartners-display-component---NewPartner--addressDetailDetailsCity1"}]}
RESULT: {"script":"<script> [1562 bytes]","args":[{"selector":{"id":"application-managepartners-display-component---NewPartner--addressDetailDetailsCity1","interaction":{"idSuffix":"inner"}},"wdio_ui5_key":"applicationmanagepartners-display-component---NewPartner--addressDetailDetailsCity1"}]}
RESULT: undefined
COMMAND: POST /session/2308dad0f2a7537c6be193a87bfcce7d/execute/async - {"script":"<script> [776 bytes]","args":[{"enterText":"Rosario","selector":{"id":"application-managepartners-display-component---NewPartner--addressDetailDetailsCity1","interaction":{"idSuffix":"inner"}},"clearTextFirst":true,"interactionType":"ENTER_TEXT"}]}
RESULT: {"script":"<script> [776 bytes]","args":[{"enterText":"Rosario","selector":{"id":"application-managepartners-display-component---NewPartner--addressDetailDetailsCity1","interaction":{"idSuffix":"inner"}},"clearTextFirst":true,"interactionType":"ENTER_TEXT"}]}
COMMAND: POST /session/2308dad0f2a7537c6be193a87bfcce7d/execute/async - {"script":"<script> [1562 bytes]","args":[{"selector":{"id":"application-managepartners-display-component---NewPartner--addressDetailDetailsCountry-arrow"},"wdio_ui5_key":"applicationmanagepartners-display-component---NewPartner--addressDetailDetailsCountry-arrow"}]}
RESULT: {"script":"<script> [1562 bytes]","args":[{"selector":{"id":"application-managepartners-display-component---NewPartner--addressDetailDetailsCountry-arrow"},"wdio_ui5_key":"applicationmanagepartners-display-component---NewPartner--addressDetailDetailsCountry-arrow"}]}
RESULT: undefined
COMMAND: POST /session/2308dad0f2a7537c6be193a87bfcce7d/element - {"using":"xpath","value":"//*[@id=\"application-managepartners-display-component---NewPartner--addressDetailDetailsCountry-arrow\"]"}
RESULT: {"using":"xpath","value":"//*[@id=\"application-managepartners-display-component---NewPartner--addressDetailDetailsCountry-arrow\"]"}
COMMAND: POST /session/2308dad0f2a7537c6be193a87bfcce7d/element/f.8FEDB17297EEB2F430C5C9DB657928CB.d.A6DB6BFF2C1A9569BC65B16FB46940FB.e.3627/click - {}
RESULT: {}
COMMAND: POST /session/2308dad0f2a7537c6be193a87bfcce7d/element - {"using":"xpath","value":"//span[contains(text(), \"Argentina\")]"}
COMMAND: GET /session/2308dad0f2a7537c6be193a87bfcce7d/screenshot - {}
RESULT: {"using":"xpath","value":"//span[contains(text(), \"Argentina\")]"}
COMMAND: POST /session/2308dad0f2a7537c6be193a87bfcce7d/element/f.8FEDB17297EEB2F430C5C9DB657928CB.d.A6DB6BFF2C1A9569BC65B16FB46940FB.e.3647/click - {}
RESULT: {}
RESULT: {}
COMMAND: GET /session/2308dad0f2a7537c6be193a87bfcce7d/screenshot - {}
RESULT: {}
COMMAND: POST /session/2308dad0f2a7537c6be193a87bfcce7d/element - {"using":"xpath","value":"//bdi[contains(text(), \"Commercial\")]"}
RESULT: {"using":"xpath","value":"//bdi[contains(text(), \"Commercial\")]"}
COMMAND: POST /session/2308dad0f2a7537c6be193a87bfcce7d/element/f.8FEDB17297EEB2F430C5C9DB657928CB.d.A6DB6BFF2C1A9569BC65B16FB46940FB.e.3648/click - {}
RESULT: {}
COMMAND: GET /session/2308dad0f2a7537c6be193a87bfcce7d/screenshot - {}
RESULT: {}
COMMAND: POST /session/2308dad0f2a7537c6be193a87bfcce7d/execute/async - {"script":"<script> [1562 bytes]","args":[{"selector":{"id":"application-managepartners-display-component---NewPartner--partnerDetailInternal-arrow"},"wdio_ui5_key":"applicationmanagepartners-display-component---NewPartner--partnerDetailInternal-arrow"}]}
RESULT: {"script":"<script> [1562 bytes]","args":[{"selector":{"id":"application-managepartners-display-component---NewPartner--partnerDetailInternal-arrow"},"wdio_ui5_key":"applicationmanagepartners-display-component---NewPartner--partnerDetailInternal-arrow"}]}
RESULT: undefined
COMMAND: POST /session/2308dad0f2a7537c6be193a87bfcce7d/element - {"using":"xpath","value":"//*[@id=\"application-managepartners-display-component---NewPartner--partnerDetailInternal-arrow\"]"}
RESULT: {"using":"xpath","value":"//*[@id=\"application-managepartners-display-component---NewPartner--partnerDetailInternal-arrow\"]"}
COMMAND: POST /session/2308dad0f2a7537c6be193a87bfcce7d/element/f.8FEDB17297EEB2F430C5C9DB657928CB.d.A6DB6BFF2C1A9569BC65B16FB46940FB.e.3654/click - {}
RESULT: {}
COMMAND: POST /session/2308dad0f2a7537c6be193a87bfcce7d/element - {"using":"xpath","value":"//span[contains(text(), \"Affiliated company\")]"}
COMMAND: GET /session/2308dad0f2a7537c6be193a87bfcce7d/screenshot - {}
RESULT: {"using":"xpath","value":"//span[contains(text(), \"Affiliated company\")]"}
COMMAND: POST /session/2308dad0f2a7537c6be193a87bfcce7d/element/f.8FEDB17297EEB2F430C5C9DB657928CB.d.A6DB6BFF2C1A9569BC65B16FB46940FB.e.3657/click - {}
RESULT: {}
RESULT: {}
COMMAND: POST /session/2308dad0f2a7537c6be193a87bfcce7d/execute/async - {"script":"<script> [1562 bytes]","args":[{"selector":{"id":"application-managepartners-display-component---NewPartner--partnerDetailsCurrency-arrow"},"wdio_ui5_key":"applicationmanagepartners-display-component---NewPartner--partnerDetailsCurrency-arrow"}]}
COMMAND: GET /session/2308dad0f2a7537c6be193a87bfcce7d/screenshot - {}
RESULT: {"script":"<script> [1562 bytes]","args":[{"selector":{"id":"application-managepartners-display-component---NewPartner--partnerDetailsCurrency-arrow"},"wdio_ui5_key":"applicationmanagepartners-display-component---NewPartner--partnerDetailsCurrency-arrow"}]}
RESULT: undefined
COMMAND: POST /session/2308dad0f2a7537c6be193a87bfcce7d/element - {"using":"xpath","value":"//*[@id=\"application-managepartners-display-component---NewPartner--partnerDetailsCurrency-arrow\"]"}
RESULT: {}
RESULT: {"using":"xpath","value":"//*[@id=\"application-managepartners-display-component---NewPartner--partnerDetailsCurrency-arrow\"]"}
COMMAND: POST /session/2308dad0f2a7537c6be193a87bfcce7d/element/f.8FEDB17297EEB2F430C5C9DB657928CB.d.A6DB6BFF2C1A9569BC65B16FB46940FB.e.3664/click - {}
RESULT: {}
COMMAND: POST /session/2308dad0f2a7537c6be193a87bfcce7d/element - {"using":"xpath","value":"//span[contains(text(), \"Euro\")]"}
COMMAND: GET /session/2308dad0f2a7537c6be193a87bfcce7d/screenshot - {}
RESULT: {"using":"xpath","value":"//span[contains(text(), \"Euro\")]"}
COMMAND: POST /session/2308dad0f2a7537c6be193a87bfcce7d/element/f.8FEDB17297EEB2F430C5C9DB657928CB.d.A6DB6BFF2C1A9569BC65B16FB46940FB.e.3665/click - {}
RESULT: {}
RESULT: {}
COMMAND: POST /session/2308dad0f2a7537c6be193a87bfcce7d/execute/async - {"script":"<script> [1562 bytes]","args":[{"selector":{"id":"application-managepartners-display-component---NewPartner--addressEditDetailsCostObjectCstType-arrow"},"wdio_ui5_key":"applicationmanagepartners-display-component---NewPartner--addressEditDetailsCostObjectCstType-arrow"}]}
COMMAND: GET /session/2308dad0f2a7537c6be193a87bfcce7d/screenshot - {}
RESULT: {"script":"<script> [1562 bytes]","args":[{"selector":{"id":"application-managepartners-display-component---NewPartner--addressEditDetailsCostObjectCstType-arrow"},"wdio_ui5_key":"applicationmanagepartners-display-component---NewPartner--addressEditDetailsCostObjectCstType-arrow"}]}
RESULT: undefined
COMMAND: POST /session/2308dad0f2a7537c6be193a87bfcce7d/element - {"using":"xpath","value":"//*[@id=\"application-managepartners-display-component---NewPartner--addressEditDetailsCostObjectCstType-arrow\"]"}
RESULT: {}
RESULT: {"using":"xpath","value":"//*[@id=\"application-managepartners-display-component---NewPartner--addressEditDetailsCostObjectCstType-arrow\"]"}
COMMAND: POST /session/2308dad0f2a7537c6be193a87bfcce7d/element/f.8FEDB17297EEB2F430C5C9DB657928CB.d.A6DB6BFF2C1A9569BC65B16FB46940FB.e.3666/click - {}
RESULT: {}
COMMAND: POST /session/2308dad0f2a7537c6be193a87bfcce7d/element - {"using":"xpath","value":"//span[contains(text(), \"Cost Center\")]"}
COMMAND: GET /session/2308dad0f2a7537c6be193a87bfcce7d/screenshot - {}
RESULT: {"using":"xpath","value":"//span[contains(text(), \"Cost Center\")]"}
COMMAND: POST /session/2308dad0f2a7537c6be193a87bfcce7d/element/f.8FEDB17297EEB2F430C5C9DB657928CB.d.A6DB6BFF2C1A9569BC65B16FB46940FB.e.3667/click - {}
RESULT: {}
RESULT: {}
COMMAND: GET /session/2308dad0f2a7537c6be193a87bfcce7d/screenshot - {}
RESULT: {}
COMMAND: POST /session/2308dad0f2a7537c6be193a87bfcce7d/element - {"using":"xpath","value":"//span[@id=\"application-managepartners-display-component---NewPartner--addressNewCostObjectCstID-vhi\"]"}
RESULT: {"using":"xpath","value":"//span[@id=\"application-managepartners-display-component---NewPartner--addressNewCostObjectCstID-vhi\"]"}
COMMAND: POST /session/2308dad0f2a7537c6be193a87bfcce7d/execute/sync - {"script":"<script> [8489 bytes]","args":[{"element-6066-11e4-a52e-4f735466cecf":"f.8FEDB17297EEB2F430C5C9DB657928CB.d.A6DB6BFF2C1A9569BC65B16FB46940FB.e.3671","ELEMENT":"f.8FEDB17297EEB2F430C5C9DB657928CB.d.A6DB6BFF2C1A9569BC65B16FB46940FB.e.3671"}]}
RESULT: {"script":"<script> [8489 bytes]","args":[{"element-6066-11e4-a52e-4f735466cecf":"f.8FEDB17297EEB2F430C5C9DB657928CB.d.A6DB6BFF2C1A9569BC65B16FB46940FB.e.3671","ELEMENT":"f.8FEDB17297EEB2F430C5C9DB657928CB.d.A6DB6BFF2C1A9569BC65B16FB46940FB.e.3671"}]}
COMMAND: POST /session/2308dad0f2a7537c6be193a87bfcce7d/execute/async - {"script":"<script> [1562 bytes]","args":[{"selector":{"id":"application-managepartners-display-component---NewPartner--addressNewCostObjectCstID-vhi"},"wdio_ui5_key":"applicationmanagepartners-display-component---NewPartner--addressNewCostObjectCstID-vhi"}]}
COMMAND: GET /session/2308dad0f2a7537c6be193a87bfcce7d/screenshot - {}
RESULT: {"script":"<script> [1562 bytes]","args":[{"selector":{"id":"application-managepartners-display-component---NewPartner--addressNewCostObjectCstID-vhi"},"wdio_ui5_key":"applicationmanagepartners-display-component---NewPartner--addressNewCostObjectCstID-vhi"}]}
RESULT: undefined
COMMAND: POST /session/2308dad0f2a7537c6be193a87bfcce7d/element - {"using":"xpath","value":"//*[@id=\"application-managepartners-display-component---NewPartner--addressNewCostObjectCstID-vhi\"]"}
RESULT: {}
RESULT: {"using":"xpath","value":"//*[@id=\"application-managepartners-display-component---NewPartner--addressNewCostObjectCstID-vhi\"]"}
COMMAND: POST /session/2308dad0f2a7537c6be193a87bfcce7d/element/f.8FEDB17297EEB2F430C5C9DB657928CB.d.A6DB6BFF2C1A9569BC65B16FB46940FB.e.3671/click - {}
RESULT: {}
COMMAND: GET /session/2308dad0f2a7537c6be193a87bfcce7d/screenshot - {}
RESULT: {}
COMMAND: POST /session/2308dad0f2a7537c6be193a87bfcce7d/execute/async - {"script":"<script> [1562 bytes]","args":[{"selector":{"controlType":"sap.m.SearchField","properties":{"placeholder":"Search"},"searchOpenDialogs":true,"interaction":{"idSuffix":"I"}},"wdio_ui5_key":"sapm.SearchField{\"placeholder\":\"Search\"}"}]}
RESULT: {"script":"<script> [1562 bytes]","args":[{"selector":{"controlType":"sap.m.SearchField","properties":{"placeholder":"Search"},"searchOpenDialogs":true,"interaction":{"idSuffix":"I"}},"wdio_ui5_key":"sapm.SearchField{\"placeholder\":\"Search\"}"}]}
RESULT: undefined
COMMAND: POST /session/2308dad0f2a7537c6be193a87bfcce7d/execute/async - {"script":"<script> [776 bytes]","args":[{"enterText":"10001013","selector":{"controlType":"sap.m.SearchField","properties":{"placeholder":"Search"},"searchOpenDialogs":true,"interaction":{"idSuffix":"I"}},"clearTextFirst":true,"interactionType":"ENTER_TEXT"}]}
RESULT: {"script":"<script> [776 bytes]","args":[{"enterText":"10001013","selector":{"controlType":"sap.m.SearchField","properties":{"placeholder":"Search"},"searchOpenDialogs":true,"interaction":{"idSuffix":"I"}},"clearTextFirst":true,"interactionType":"ENTER_TEXT"}]}
COMMAND: POST /session/2308dad0f2a7537c6be193a87bfcce7d/actions - {"actions":[{"id":"action7","type":"key","parameters":{},"actions":[{"type":"keyDown","value":""},{"type":"pause","duration":10},{"type":"keyUp","value":""}]}]}
RESULT: {"actions":[{"id":"action7","type":"key","parameters":{},"actions":[{"type":"keyDown","value":""},{"type":"pause","duration":10},{"type":"keyUp","value":""}]}]}
COMMAND: GET /session/2308dad0f2a7537c6be193a87bfcce7d/screenshot - {}
RESULT: {}
COMMAND: POST /session/2308dad0f2a7537c6be193a87bfcce7d/element - {"using":"xpath","value":"//span[contains(text(), \"General Management\")]"}
RESULT: {"using":"xpath","value":"//span[contains(text(), \"General Management\")]"}
COMMAND: POST /session/2308dad0f2a7537c6be193a87bfcce7d/element/f.8FEDB17297EEB2F430C5C9DB657928CB.d.A6DB6BFF2C1A9569BC65B16FB46940FB.e.3714/click - {}
RESULT: {}
COMMAND: GET /session/2308dad0f2a7537c6be193a87bfcce7d/screenshot - {}
RESULT: {}
COMMAND: POST /session/2308dad0f2a7537c6be193a87bfcce7d/element - {"using":"xpath","value":"//bdi[contains(text(), \"OK\")]"}
RESULT: {"using":"xpath","value":"//bdi[contains(text(), \"OK\")]"}
COMMAND: POST /session/2308dad0f2a7537c6be193a87bfcce7d/element/f.8FEDB17297EEB2F430C5C9DB657928CB.d.A6DB6BFF2C1A9569BC65B16FB46940FB.e.3715/click - {}
RESULT: {}
COMMAND: GET /session/2308dad0f2a7537c6be193a87bfcce7d/screenshot - {}
RESULT: {}
COMMAND: POST /session/2308dad0f2a7537c6be193a87bfcce7d/element - {"using":"xpath","value":"//input[@id=\"application-managepartners-display-component---NewPartner--companyCodeComboBox-inner\"]"}
RESULT: {"using":"xpath","value":"//input[@id=\"application-managepartners-display-component---NewPartner--companyCodeComboBox-inner\"]"}
COMMAND: POST /session/2308dad0f2a7537c6be193a87bfcce7d/element/f.8FEDB17297EEB2F430C5C9DB657928CB.d.A6DB6BFF2C1A9569BC65B16FB46940FB.e.3503/clear - {}
RESULT: {}
COMMAND: POST /session/2308dad0f2a7537c6be193a87bfcce7d/element/f.8FEDB17297EEB2F430C5C9DB657928CB.d.A6DB6BFF2C1A9569BC65B16FB46940FB.e.3503/value - {"text":"C002"}
COMMAND: GET /session/2308dad0f2a7537c6be193a87bfcce7d/screenshot - {}
RESULT: {"text":"C002"}
COMMAND: GET /session/2308dad0f2a7537c6be193a87bfcce7d/screenshot - {}
RESULT: {}
RESULT: {}
COMMAND: POST /session/2308dad0f2a7537c6be193a87bfcce7d/element - {"using":"xpath","value":"//li[.//span[text()= \"C002\"]]"}
RESULT: {"using":"xpath","value":"//li[.//span[text()= \"C002\"]]"}
COMMAND: POST /session/2308dad0f2a7537c6be193a87bfcce7d/element/f.8FEDB17297EEB2F430C5C9DB657928CB.d.A6DB6BFF2C1A9569BC65B16FB46940FB.e.3721/click - {}
RESULT: {}
COMMAND: GET /session/2308dad0f2a7537c6be193a87bfcce7d/screenshot - {}
RESULT: {}
COMMAND: POST /session/2308dad0f2a7537c6be193a87bfcce7d/execute/async - {"script":"<script> [1562 bytes]","args":[{"selector":{"id":"application-managepartners-display-component---NewPartner--btnAddTableRow-img"},"wdio_ui5_key":"applicationmanagepartners-display-component---NewPartner--btnAddTableRow-img"}]}
RESULT: {"script":"<script> [1562 bytes]","args":[{"selector":{"id":"application-managepartners-display-component---NewPartner--btnAddTableRow-img"},"wdio_ui5_key":"applicationmanagepartners-display-component---NewPartner--btnAddTableRow-img"}]}
RESULT: undefined
COMMAND: POST /session/2308dad0f2a7537c6be193a87bfcce7d/element - {"using":"xpath","value":"//*[@id=\"application-managepartners-display-component---NewPartner--btnAddTableRow-img\"]"}
RESULT: {"using":"xpath","value":"//*[@id=\"application-managepartners-display-component---NewPartner--btnAddTableRow-img\"]"}
COMMAND: POST /session/2308dad0f2a7537c6be193a87bfcce7d/element/f.8FEDB17297EEB2F430C5C9DB657928CB.d.A6DB6BFF2C1A9569BC65B16FB46940FB.e.3722/click - {}
RESULT: {}
COMMAND: GET /session/2308dad0f2a7537c6be193a87bfcce7d/screenshot - {}
RESULT: {}
COMMAND: POST /session/2308dad0f2a7537c6be193a87bfcce7d/element - {"using":"xpath","value":"//input[@id=\"application-managepartners-display-component---NewPartner--assignmentYard-application-managepartners-display-component---NewPartner--assignmentsTable-0-inner\"]"}
RESULT: {"using":"xpath","value":"//input[@id=\"application-managepartners-display-component---NewPartner--assignmentYard-application-managepartners-display-component---NewPartner--assignmentsTable-0-inner\"]"}
COMMAND: POST /session/2308dad0f2a7537c6be193a87bfcce7d/element/f.8FEDB17297EEB2F430C5C9DB657928CB.d.A6DB6BFF2C1A9569BC65B16FB46940FB.e.3725/clear - {}
RESULT: {}
COMMAND: POST /session/2308dad0f2a7537c6be193a87bfcce7d/element/f.8FEDB17297EEB2F430C5C9DB657928CB.d.A6DB6BFF2C1A9569BC65B16FB46940FB.e.3725/value - {"text":"471"}
COMMAND: GET /session/2308dad0f2a7537c6be193a87bfcce7d/screenshot - {}
RESULT: {"text":"471"}
COMMAND: GET /session/2308dad0f2a7537c6be193a87bfcce7d/screenshot - {}
RESULT: {}
RESULT: {}
COMMAND: POST /session/2308dad0f2a7537c6be193a87bfcce7d/element - {"using":"xpath","value":"//li[.//span[text()='471']]"}
RESULT: {"using":"xpath","value":"//li[.//span[text()='471']]"}
COMMAND: POST /session/2308dad0f2a7537c6be193a87bfcce7d/element/f.8FEDB17297EEB2F430C5C9DB657928CB.d.A6DB6BFF2C1A9569BC65B16FB46940FB.e.3734/click - {}
RESULT: {}
COMMAND: GET /session/2308dad0f2a7537c6be193a87bfcce7d/screenshot - {}
RESULT: {}
COMMAND: POST /session/2308dad0f2a7537c6be193a87bfcce7d/actions - {"actions":[{"id":"action8","type":"key","parameters":{},"actions":[{"type":"keyDown","value":""},{"type":"pause","duration":10},{"type":"keyUp","value":""}]}]}
RESULT: {"actions":[{"id":"action8","type":"key","parameters":{},"actions":[{"type":"keyDown","value":""},{"type":"pause","duration":10},{"type":"keyUp","value":""}]}]}
COMMAND: POST /session/2308dad0f2a7537c6be193a87bfcce7d/execute/async - {"script":"<script> [1562 bytes]","args":[{"selector":{"id":"application-managepartners-display-component---NewPartner--externalCustomerComboBox-application-managepartners-display-component---NewPartner--assignmentsTable-0-vhi"},"wdio_ui5_key":"applicationmanagepartners-display-component---NewPartner--externalCustomerComboBox-application-managepartners-display-component---NewPartner--assignmentsTable-0-vhi"}]}
COMMAND: GET /session/2308dad0f2a7537c6be193a87bfcce7d/screenshot - {}
RESULT: {"script":"<script> [1562 bytes]","args":[{"selector":{"id":"application-managepartners-display-component---NewPartner--externalCustomerComboBox-application-managepartners-display-component---NewPartner--assignmentsTable-0-vhi"},"wdio_ui5_key":"applicationmanagepartners-display-component---NewPartner--externalCustomerComboBox-application-managepartners-display-component---NewPartner--assignmentsTable-0-vhi"}]}
RESULT: undefined
COMMAND: POST /session/2308dad0f2a7537c6be193a87bfcce7d/element - {"using":"xpath","value":"//*[@id=\"application-managepartners-display-component---NewPartner--externalCustomerComboBox-application-managepartners-display-component---NewPartner--assignmentsTable-0-vhi\"]"}
RESULT: {}
RESULT: {"using":"xpath","value":"//*[@id=\"application-managepartners-display-component---NewPartner--externalCustomerComboBox-application-managepartners-display-component---NewPartner--assignmentsTable-0-vhi\"]"}
COMMAND: POST /session/2308dad0f2a7537c6be193a87bfcce7d/element/f.8FEDB17297EEB2F430C5C9DB657928CB.d.A6DB6BFF2C1A9569BC65B16FB46940FB.e.3738/click - {}
RESULT: {}
RESULT: undefined
COMMAND: POST /session/2308dad0f2a7537c6be193a87bfcce7d/execute/async - {"script":"<script> [776 bytes]","args":[{"enterText":"300003","selector":{"controlType":"sap.m.SearchField","properties":{"placeholder":"Search"},"searchOpenDialogs":true,"interaction":{"idSuffix":"I"}},"clearTextFirst":true,"interactionType":"ENTER_TEXT"}]}
COMMAND: GET /session/2308dad0f2a7537c6be193a87bfcce7d/screenshot - {}
RESULT: {"script":"<script> [776 bytes]","args":[{"enterText":"300003","selector":{"controlType":"sap.m.SearchField","properties":{"placeholder":"Search"},"searchOpenDialogs":true,"interaction":{"idSuffix":"I"}},"clearTextFirst":true,"interactionType":"ENTER_TEXT"}]}
COMMAND: POST /session/2308dad0f2a7537c6be193a87bfcce7d/actions - {"actions":[{"id":"action9","type":"key","parameters":{},"actions":[{"type":"keyDown","value":""},{"type":"pause","duration":10},{"type":"keyUp","value":""}]}]}
RESULT: {}
RESULT: {"actions":[{"id":"action9","type":"key","parameters":{},"actions":[{"type":"keyDown","value":""},{"type":"pause","duration":10},{"type":"keyUp","value":""}]}]}
COMMAND: GET /session/2308dad0f2a7537c6be193a87bfcce7d/screenshot - {}
RESULT: {}
COMMAND: POST /session/2308dad0f2a7537c6be193a87bfcce7d/element - {"using":"xpath","value":"//span[contains(text(), \"300003\")]"}
RESULT: {"using":"xpath","value":"//span[contains(text(), \"300003\")]"}
COMMAND: POST /session/2308dad0f2a7537c6be193a87bfcce7d/element/f.8FEDB17297EEB2F430C5C9DB657928CB.d.A6DB6BFF2C1A9569BC65B16FB46940FB.e.3754/click - {}
RESULT: {}
COMMAND: GET /session/2308dad0f2a7537c6be193a87bfcce7d/screenshot - {}
RESULT: {}
COMMAND: POST /session/2308dad0f2a7537c6be193a87bfcce7d/element - {"using":"xpath","value":"//bdi[contains(text(), \"OK\")]"}
RESULT: {"using":"xpath","value":"//bdi[contains(text(), \"OK\")]"}
COMMAND: POST /session/2308dad0f2a7537c6be193a87bfcce7d/element/f.8FEDB17297EEB2F430C5C9DB657928CB.d.A6DB6BFF2C1A9569BC65B16FB46940FB.e.3756/click - {}
RESULT: {}
COMMAND: GET /session/2308dad0f2a7537c6be193a87bfcce7d/screenshot - {}
RESULT: {}
COMMAND: POST /session/2308dad0f2a7537c6be193a87bfcce7d/execute/async - {"script":"<script> [1562 bytes]","args":[{"selector":{"id":"application-managepartners-display-component---NewPartner--intercompVendorComboBox-application-managepartners-display-component---NewPartner--assignmentsTable-0-vhi"},"wdio_ui5_key":"applicationmanagepartners-display-component---NewPartner--intercompVendorComboBox-application-managepartners-display-component---NewPartner--assignmentsTable-0-vhi"}]}
RESULT: {"script":"<script> [1562 bytes]","args":[{"selector":{"id":"application-managepartners-display-component---NewPartner--intercompVendorComboBox-application-managepartners-display-component---NewPartner--assignmentsTable-0-vhi"},"wdio_ui5_key":"applicationmanagepartners-display-component---NewPartner--intercompVendorComboBox-application-managepartners-display-component---NewPartner--assignmentsTable-0-vhi"}]}
RESULT: undefined
COMMAND: POST /session/2308dad0f2a7537c6be193a87bfcce7d/element - {"using":"xpath","value":"//*[@id=\"application-managepartners-display-component---NewPartner--intercompVendorComboBox-application-managepartners-display-component---NewPartner--assignmentsTable-0-vhi\"]"}
RESULT: {"using":"xpath","value":"//*[@id=\"application-managepartners-display-component---NewPartner--intercompVendorComboBox-application-managepartners-display-component---NewPartner--assignmentsTable-0-vhi\"]"}
COMMAND: POST /session/2308dad0f2a7537c6be193a87bfcce7d/element/f.8FEDB17297EEB2F430C5C9DB657928CB.d.A6DB6BFF2C1A9569BC65B16FB46940FB.e.3759/click - {}
RESULT: {}
RESULT: undefined
COMMAND: POST /session/2308dad0f2a7537c6be193a87bfcce7d/execute/async - {"script":"<script> [776 bytes]","args":[{"enterText":"100005","selector":{"controlType":"sap.m.SearchField","properties":{"placeholder":"Search"},"searchOpenDialogs":true,"interaction":{"idSuffix":"I"}},"clearTextFirst":true,"interactionType":"ENTER_TEXT"}]}
COMMAND: GET /session/2308dad0f2a7537c6be193a87bfcce7d/screenshot - {}
RESULT: {"script":"<script> [776 bytes]","args":[{"enterText":"100005","selector":{"controlType":"sap.m.SearchField","properties":{"placeholder":"Search"},"searchOpenDialogs":true,"interaction":{"idSuffix":"I"}},"clearTextFirst":true,"interactionType":"ENTER_TEXT"}]}
COMMAND: POST /session/2308dad0f2a7537c6be193a87bfcce7d/actions - {"actions":[{"id":"action10","type":"key","parameters":{},"actions":[{"type":"keyDown","value":""},{"type":"pause","duration":10},{"type":"keyUp","value":""}]}]}
RESULT: {}
RESULT: {"actions":[{"id":"action10","type":"key","parameters":{},"actions":[{"type":"keyDown","value":""},{"type":"pause","duration":10},{"type":"keyUp","value":""}]}]}
COMMAND: GET /session/2308dad0f2a7537c6be193a87bfcce7d/screenshot - {}
RESULT: {}
COMMAND: POST /session/2308dad0f2a7537c6be193a87bfcce7d/element - {"using":"xpath","value":"//span[contains(text(), \"Penguins - Field/12345 Berlin\")]"}
RESULT: {"using":"xpath","value":"//span[contains(text(), \"Penguins - Field/12345 Berlin\")]"}
COMMAND: POST /session/2308dad0f2a7537c6be193a87bfcce7d/element/f.8FEDB17297EEB2F430C5C9DB657928CB.d.A6DB6BFF2C1A9569BC65B16FB46940FB.e.3778/click - {}
RESULT: {}
COMMAND: GET /session/2308dad0f2a7537c6be193a87bfcce7d/screenshot - {}
RESULT: {}
COMMAND: POST /session/2308dad0f2a7537c6be193a87bfcce7d/element - {"using":"xpath","value":"//bdi[contains(text(), \"OK\")]"}
RESULT: {"using":"xpath","value":"//bdi[contains(text(), \"OK\")]"}
COMMAND: POST /session/2308dad0f2a7537c6be193a87bfcce7d/element/f.8FEDB17297EEB2F430C5C9DB657928CB.d.A6DB6BFF2C1A9569BC65B16FB46940FB.e.3779/click - {}
RESULT: {}
COMMAND: GET /session/2308dad0f2a7537c6be193a87bfcce7d/screenshot - {}
RESULT: {}
COMMAND: POST /session/2308dad0f2a7537c6be193a87bfcce7d/element - {"using":"xpath","value":"//button[@data-kt=\"saveButton\"]"}
RESULT: {"using":"xpath","value":"//button[@data-kt=\"saveButton\"]"}
COMMAND: POST /session/2308dad0f2a7537c6be193a87bfcce7d/element/f.8FEDB17297EEB2F430C5C9DB657928CB.d.A6DB6BFF2C1A9569BC65B16FB46940FB.e.3629/click - {}
RESULT: {}
COMMAND: GET /session/2308dad0f2a7537c6be193a87bfcce7d/screenshot - {}
RESULT: {}
COMMAND: POST /session/2308dad0f2a7537c6be193a87bfcce7d/element - {"using":"xpath","value":"//header[contains(@id, 'ObjectPageLayout-headerTitle')]/div[1]/div[2]/div[2]/span[1]"}
RESULT: {"using":"xpath","value":"//header[contains(@id, 'ObjectPageLayout-headerTitle')]/div[1]/div[2]/div[2]/span[1]"}
COMMAND: POST /session/2308dad0f2a7537c6be193a87bfcce7d/elements - {"using":"xpath","value":"//header[contains(@id, 'ObjectPageLayout-headerTitle')]/div[1]/div[2]/div[2]/span[1]"}
RESULT: {"using":"xpath","value":"//header[contains(@id, 'ObjectPageLayout-headerTitle')]/div[1]/div[2]/div[2]/span[1]"}
COMMAND: POST /session/2308dad0f2a7537c6be193a87bfcce7d/execute/sync - {"script":"<script> [56 bytes]","args":[{"element-6066-11e4-a52e-4f735466cecf":"f.8FEDB17297EEB2F430C5C9DB657928CB.d.A6DB6BFF2C1A9569BC65B16FB46940FB.e.3949","ELEMENT":"f.8FEDB17297EEB2F430C5C9DB657928CB.d.A6DB6BFF2C1A9569BC65B16FB46940FB.e.3949"}]}
RESULT: {"script":"<script> [56 bytes]","args":[{"element-6066-11e4-a52e-4f735466cecf":"f.8FEDB17297EEB2F430C5C9DB657928CB.d.A6DB6BFF2C1A9569BC65B16FB46940FB.e.3949","ELEMENT":"f.8FEDB17297EEB2F430C5C9DB657928CB.d.A6DB6BFF2C1A9569BC65B16FB46940FB.e.3949"}]}
COMMAND: POST /session/2308dad0f2a7537c6be193a87bfcce7d/element - {"using":"css selector","value":"#shell-header-logo"}
COMMAND: GET /session/2308dad0f2a7537c6be193a87bfcce7d/screenshot - {}
RESULT: {"using":"css selector","value":"#shell-header-logo"}
COMMAND: POST /session/2308dad0f2a7537c6be193a87bfcce7d/element/f.8FEDB17297EEB2F430C5C9DB657928CB.d.A6DB6BFF2C1A9569BC65B16FB46940FB.e.3155/click - {}
RESULT: {}
RESULT: {}
COMMAND: GET /session/2308dad0f2a7537c6be193a87bfcce7d/screenshot - {}
RESULT: {}
COMMAND: POST /session/2308dad0f2a7537c6be193a87bfcce7d/execute/sync - {"script":"<script> [299 bytes]","args":[["getModel","getResource"]]}
RESULT: {"script":"<script> [299 bytes]","args":[["getModel","getResource"]]}
RESULT: undefined
COMMAND: POST /session/2308dad0f2a7537c6be193a87bfcce7d/element - {"using":"xpath","value":"//*[@id=\"__tile30\"]"}
COMMAND: GET /session/2308dad0f2a7537c6be193a87bfcce7d/screenshot - {}
RESULT: {"using":"xpath","value":"//*[@id=\"__tile30\"]"}
COMMAND: POST /session/2308dad0f2a7537c6be193a87bfcce7d/element/f.8FEDB17297EEB2F430C5C9DB657928CB.d.A6DB6BFF2C1A9569BC65B16FB46940FB.e.3075/click - {}
RESULT: {}
RESULT: {}
COMMAND: GET /session/2308dad0f2a7537c6be193a87bfcce7d/screenshot - {}
RESULT: {}
COMMAND: POST /session/2308dad0f2a7537c6be193a87bfcce7d/elements - {"using":"xpath","value":"//span[text()='Error']"}
RESULT: {"using":"xpath","value":"//span[text()='Error']"}
COMMAND: POST /session/2308dad0f2a7537c6be193a87bfcce7d/element - {"using":"xpath","value":"//button[@data-kt=\"addButton\"]"}
RESULT: {"using":"xpath","value":"//button[@data-kt=\"addButton\"]"}
COMMAND: POST /session/2308dad0f2a7537c6be193a87bfcce7d/elements - {"using":"xpath","value":"//button[@data-kt=\"addButton\"]"}
RESULT: {"using":"xpath","value":"//button[@data-kt=\"addButton\"]"}
COMMAND: POST /session/2308dad0f2a7537c6be193a87bfcce7d/execute/sync - {"script":"<script> [8489 bytes]","args":[{"element-6066-11e4-a52e-4f735466cecf":"f.8FEDB17297EEB2F430C5C9DB657928CB.d.A6DB6BFF2C1A9569BC65B16FB46940FB.e.3996","ELEMENT":"f.8FEDB17297EEB2F430C5C9DB657928CB.d.A6DB6BFF2C1A9569BC65B16FB46940FB.e.3996"}]}
RESULT: {"script":"<script> [8489 bytes]","args":[{"element-6066-11e4-a52e-4f735466cecf":"f.8FEDB17297EEB2F430C5C9DB657928CB.d.A6DB6BFF2C1A9569BC65B16FB46940FB.e.3996","ELEMENT":"f.8FEDB17297EEB2F430C5C9DB657928CB.d.A6DB6BFF2C1A9569BC65B16FB46940FB.e.3996"}]}
COMMAND: GET /session/2308dad0f2a7537c6be193a87bfcce7d/element/f.8FEDB17297EEB2F430C5C9DB657928CB.d.A6DB6BFF2C1A9569BC65B16FB46940FB.e.3996/enabled - {}
COMMAND: GET /session/2308dad0f2a7537c6be193a87bfcce7d/screenshot - {}
RESULT: {}
COMMAND: POST /session/2308dad0f2a7537c6be193a87bfcce7d/execute/sync - {"script":"<script> [8489 bytes]","args":[{"element-6066-11e4-a52e-4f735466cecf":"f.8FEDB17297EEB2F430C5C9DB657928CB.d.A6DB6BFF2C1A9569BC65B16FB46940FB.e.3996","ELEMENT":"f.8FEDB17297EEB2F430C5C9DB657928CB.d.A6DB6BFF2C1A9569BC65B16FB46940FB.e.3996"}]}
COMMAND: GET /session/2308dad0f2a7537c6be193a87bfcce7d/screenshot - {}
RESULT: {}
RESULT: {"script":"<script> [8489 bytes]","args":[{"element-6066-11e4-a52e-4f735466cecf":"f.8FEDB17297EEB2F430C5C9DB657928CB.d.A6DB6BFF2C1A9569BC65B16FB46940FB.e.3996","ELEMENT":"f.8FEDB17297EEB2F430C5C9DB657928CB.d.A6DB6BFF2C1A9569BC65B16FB46940FB.e.3996"}]}
COMMAND: POST /session/2308dad0f2a7537c6be193a87bfcce7d/execute/sync - {"script":"<script> [5351 bytes]","args":[{"element-6066-11e4-a52e-4f735466cecf":"f.8FEDB17297EEB2F430C5C9DB657928CB.d.A6DB6BFF2C1A9569BC65B16FB46940FB.e.3996","ELEMENT":"f.8FEDB17297EEB2F430C5C9DB657928CB.d.A6DB6BFF2C1A9569BC65B16FB46940FB.e.3996"}]}
COMMAND: GET /session/2308dad0f2a7537c6be193a87bfcce7d/screenshot - {}
RESULT: {}
RESULT: {"script":"<script> [5351 bytes]","args":[{"element-6066-11e4-a52e-4f735466cecf":"f.8FEDB17297EEB2F430C5C9DB657928CB.d.A6DB6BFF2C1A9569BC65B16FB46940FB.e.3996","ELEMENT":"f.8FEDB17297EEB2F430C5C9DB657928CB.d.A6DB6BFF2C1A9569BC65B16FB46940FB.e.3996"}]}
COMMAND: GET /session/2308dad0f2a7537c6be193a87bfcce7d/screenshot - {}
RESULT: {}
RESULT: {}
COMMAND: POST /session/2308dad0f2a7537c6be193a87bfcce7d/execute/async - {"script":"<script> [1562 bytes]","args":[{"selector":{"id":"application-managepartners-display-component---masterPtm--smartFilterBar-btnBasicSearch","interaction":{"idSuffix":"I"}},"wdio_ui5_key":"applicationmanagepartners-display-component---masterPtm--smartFilterBar-btnBasicSearch"}]}
RESULT: {"script":"<script> [1562 bytes]","args":[{"selector":{"id":"application-managepartners-display-component---masterPtm--smartFilterBar-btnBasicSearch","interaction":{"idSuffix":"I"}},"wdio_ui5_key":"applicationmanagepartners-display-component---masterPtm--smartFilterBar-btnBasicSearch"}]}
RESULT: undefined
COMMAND: POST /session/2308dad0f2a7537c6be193a87bfcce7d/execute/async - {"script":"<script> [776 bytes]","args":[{"enterText":"1279","selector":{"id":"application-managepartners-display-component---masterPtm--smartFilterBar-btnBasicSearch","interaction":{"idSuffix":"I"}},"clearTextFirst":true,"interactionType":"ENTER_TEXT"}]}
RESULT: {"script":"<script> [776 bytes]","args":[{"enterText":"1279","selector":{"id":"application-managepartners-display-component---masterPtm--smartFilterBar-btnBasicSearch","interaction":{"idSuffix":"I"}},"clearTextFirst":true,"interactionType":"ENTER_TEXT"}]}
COMMAND: POST /session/2308dad0f2a7537c6be193a87bfcce7d/actions - {"actions":[{"id":"action11","type":"key","parameters":{},"actions":[{"type":"keyDown","value":""},{"type":"pause","duration":10},{"type":"keyUp","value":""}]}]}
RESULT: {"actions":[{"id":"action11","type":"key","parameters":{},"actions":[{"type":"keyDown","value":""},{"type":"pause","duration":10},{"type":"keyUp","value":""}]}]}
COMMAND: GET /session/2308dad0f2a7537c6be193a87bfcce7d/screenshot - {}
RESULT: {}
COMMAND: POST /session/2308dad0f2a7537c6be193a87bfcce7d/elements - {"using":"xpath","value":"//table[contains(@id, \"customPartnersTable-listUl\")]/tbody/tr"}
RESULT: {"using":"xpath","value":"//table[contains(@id, \"customPartnersTable-listUl\")]/tbody/tr"}
COMMAND: POST /session/2308dad0f2a7537c6be193a87bfcce7d/element - {"using":"xpath","value":"//table[contains(@id, \"customPartnersTable-listUl\")]/tbody/tr[1]/td[3]/span"}
RESULT: {"using":"xpath","value":"//table[contains(@id, \"customPartnersTable-listUl\")]/tbody/tr[1]/td[3]/span"}
COMMAND: POST /session/2308dad0f2a7537c6be193a87bfcce7d/elements - {"using":"xpath","value":"//table[contains(@id, \"customPartnersTable-listUl\")]/tbody/tr[1]/td[3]/span"}
RESULT: {"using":"xpath","value":"//table[contains(@id, \"customPartnersTable-listUl\")]/tbody/tr[1]/td[3]/span"}
COMMAND: POST /session/2308dad0f2a7537c6be193a87bfcce7d/execute/sync - {"script":"<script> [56 bytes]","args":[{"element-6066-11e4-a52e-4f735466cecf":"f.8FEDB17297EEB2F430C5C9DB657928CB.d.A6DB6BFF2C1A9569BC65B16FB46940FB.e.4131","ELEMENT":"f.8FEDB17297EEB2F430C5C9DB657928CB.d.A6DB6BFF2C1A9569BC65B16FB46940FB.e.4131"}]}
RESULT: {"script":"<script> [56 bytes]","args":[{"element-6066-11e4-a52e-4f735466cecf":"f.8FEDB17297EEB2F430C5C9DB657928CB.d.A6DB6BFF2C1A9569BC65B16FB46940FB.e.4131","ELEMENT":"f.8FEDB17297EEB2F430C5C9DB657928CB.d.A6DB6BFF2C1A9569BC65B16FB46940FB.e.4131"}]}
COMMAND: POST /session/2308dad0f2a7537c6be193a87bfcce7d/element - {"using":"xpath","value":"(//span[contains(@id, \"imgNav\")])[1]"}
COMMAND: GET /session/2308dad0f2a7537c6be193a87bfcce7d/screenshot - {}
RESULT: {"using":"xpath","value":"(//span[contains(@id, \"imgNav\")])[1]"}
COMMAND: POST /session/2308dad0f2a7537c6be193a87bfcce7d/element/f.8FEDB17297EEB2F430C5C9DB657928CB.d.A6DB6BFF2C1A9569BC65B16FB46940FB.e.4129/click - {}
RESULT: {}
RESULT: {}
COMMAND: GET /session/2308dad0f2a7537c6be193a87bfcce7d/screenshot - {}
RESULT: {}
COMMAND: POST /session/2308dad0f2a7537c6be193a87bfcce7d/element - {"using":"xpath","value":"//bdi[contains(text(), \"Edit\")]"}
RESULT: {"using":"xpath","value":"//bdi[contains(text(), \"Edit\")]"}
COMMAND: POST /session/2308dad0f2a7537c6be193a87bfcce7d/element/f.8FEDB17297EEB2F430C5C9DB657928CB.d.A6DB6BFF2C1A9569BC65B16FB46940FB.e.4275/click - {}
RESULT: {}
COMMAND: GET /session/2308dad0f2a7537c6be193a87bfcce7d/screenshot - {}
RESULT: {}
COMMAND: POST /session/2308dad0f2a7537c6be193a87bfcce7d/execute/async - {"script":"<script> [1562 bytes]","args":[{"selector":{"controlType":"sap.m.Input","viewName":"etm.portal.ui.managepartners.view.EditDetail","labelFor":{"text":"Name"},"interaction":{"idSuffix":"inner"}},"wdio_ui5_key":"etmportal.ui.managepartners.view.EditDetailsap.m.Input{\"text\":\"Name\"}"}]}
RESULT: {"script":"<script> [1562 bytes]","args":[{"selector":{"controlType":"sap.m.Input","viewName":"etm.portal.ui.managepartners.view.EditDetail","labelFor":{"text":"Name"},"interaction":{"idSuffix":"inner"}},"wdio_ui5_key":"etmportal.ui.managepartners.view.EditDetailsap.m.Input{\"text\":\"Name\"}"}]}
RESULT: undefined
COMMAND: POST /session/2308dad0f2a7537c6be193a87bfcce7d/execute/async - {"script":"<script> [776 bytes]","args":[{"enterText":"Intercompany EDIT","selector":{"controlType":"sap.m.Input","viewName":"etm.portal.ui.managepartners.view.EditDetail","labelFor":{"text":"Name"},"interaction":{"idSuffix":"inner"}},"clearTextFirst":true,"interactionType":"ENTER_TEXT"}]}
RESULT: {"script":"<script> [776 bytes]","args":[{"enterText":"Intercompany EDIT","selector":{"controlType":"sap.m.Input","viewName":"etm.portal.ui.managepartners.view.EditDetail","labelFor":{"text":"Name"},"interaction":{"idSuffix":"inner"}},"clearTextFirst":true,"interactionType":"ENTER_TEXT"}]}
COMMAND: POST /session/2308dad0f2a7537c6be193a87bfcce7d/element - {"using":"xpath","value":"(//span[contains(@id,\"addressDetailDetailsLanguage-arrow\")])[1]"}
RESULT: {"using":"xpath","value":"(//span[contains(@id,\"addressDetailDetailsLanguage-arrow\")])[1]"}
COMMAND: POST /session/2308dad0f2a7537c6be193a87bfcce7d/element/f.8FEDB17297EEB2F430C5C9DB657928CB.d.A6DB6BFF2C1A9569BC65B16FB46940FB.e.4359/click - {}
RESULT: {}
COMMAND: POST /session/2308dad0f2a7537c6be193a87bfcce7d/element - {"using":"xpath","value":"//span[contains(text(), \"Chinese\")]"}
COMMAND: GET /session/2308dad0f2a7537c6be193a87bfcce7d/screenshot - {}
RESULT: {"using":"xpath","value":"//span[contains(text(), \"Chinese\")]"}
COMMAND: POST /session/2308dad0f2a7537c6be193a87bfcce7d/element/f.8FEDB17297EEB2F430C5C9DB657928CB.d.A6DB6BFF2C1A9569BC65B16FB46940FB.e.4360/click - {}
RESULT: {}
RESULT: {}
COMMAND: GET /session/2308dad0f2a7537c6be193a87bfcce7d/screenshot - {}
RESULT: {}
COMMAND: POST /session/2308dad0f2a7537c6be193a87bfcce7d/execute/async - {"script":"<script> [1562 bytes]","args":[{"selector":{"controlType":"sap.m.Input","viewName":"etm.portal.ui.managepartners.view.EditDetail","labelFor":{"text":"City"},"interaction":{"idSuffix":"inner"}},"wdio_ui5_key":"etmportal.ui.managepartners.view.EditDetailsap.m.Input{\"text\":\"City\"}"}]}
RESULT: {"script":"<script> [1562 bytes]","args":[{"selector":{"controlType":"sap.m.Input","viewName":"etm.portal.ui.managepartners.view.EditDetail","labelFor":{"text":"City"},"interaction":{"idSuffix":"inner"}},"wdio_ui5_key":"etmportal.ui.managepartners.view.EditDetailsap.m.Input{\"text\":\"City\"}"}]}
RESULT: undefined
COMMAND: POST /session/2308dad0f2a7537c6be193a87bfcce7d/execute/async - {"script":"<script> [776 bytes]","args":[{"enterText":"Clooj-Napoca","selector":{"controlType":"sap.m.Input","viewName":"etm.portal.ui.managepartners.view.EditDetail","labelFor":{"text":"City"},"interaction":{"idSuffix":"inner"}},"clearTextFirst":true,"interactionType":"ENTER_TEXT"}]}
RESULT: {"script":"<script> [776 bytes]","args":[{"enterText":"Clooj-Napoca","selector":{"controlType":"sap.m.Input","viewName":"etm.portal.ui.managepartners.view.EditDetail","labelFor":{"text":"City"},"interaction":{"idSuffix":"inner"}},"clearTextFirst":true,"interactionType":"ENTER_TEXT"}]}
COMMAND: POST /session/2308dad0f2a7537c6be193a87bfcce7d/element - {"using":"xpath","value":"//button[@data-kt=\"saveButton\"]"}
RESULT: {"using":"xpath","value":"//button[@data-kt=\"saveButton\"]"}
COMMAND: POST /session/2308dad0f2a7537c6be193a87bfcce7d/element/f.8FEDB17297EEB2F430C5C9DB657928CB.d.A6DB6BFF2C1A9569BC65B16FB46940FB.e.4337/click - {}
RESULT: {}
COMMAND: GET /session/2308dad0f2a7537c6be193a87bfcce7d/screenshot - {}
RESULT: {}
COMMAND: POST /session/2308dad0f2a7537c6be193a87bfcce7d/execute/async - {"script":"<script> [1562 bytes]","args":[{"selector":{"id":"application-managepartners-display-component---detailPtm--addressDetailDetailsName1"},"wdio_ui5_key":"applicationmanagepartners-display-component---detailPtm--addressDetailDetailsName1"}]}
RESULT: {"script":"<script> [1562 bytes]","args":[{"selector":{"id":"application-managepartners-display-component---detailPtm--addressDetailDetailsName1"},"wdio_ui5_key":"applicationmanagepartners-display-component---detailPtm--addressDetailDetailsName1"}]}
RESULT: undefined
COMMAND: POST /session/2308dad0f2a7537c6be193a87bfcce7d/execute/async - {"script":"<script> [6424 bytes]","args":[{"element-6066-11e4-a52e-4f735466cecf":"f.8FEDB17297EEB2F430C5C9DB657928CB.d.A6DB6BFF2C1A9569BC65B16FB46940FB.e.4391"},"getValue",[]]}
RESULT: {"script":"<script> [6424 bytes]","args":[{"element-6066-11e4-a52e-4f735466cecf":"f.8FEDB17297EEB2F430C5C9DB657928CB.d.A6DB6BFF2C1A9569BC65B16FB46940FB.e.4391"},"getValue",[]]}
COMMAND: POST /session/2308dad0f2a7537c6be193a87bfcce7d/element - {"using":"xpath","value":"//input[@id = \"application-managepartners-display-component---detailPtm--addressDetailDetailsLanguage-inner\"]"}
RESULT: {"using":"xpath","value":"//input[@id = \"application-managepartners-display-component---detailPtm--addressDetailDetailsLanguage-inner\"]"}
COMMAND: GET /session/2308dad0f2a7537c6be193a87bfcce7d/element/f.8FEDB17297EEB2F430C5C9DB657928CB.d.A6DB6BFF2C1A9569BC65B16FB46940FB.e.4392/property/value - {}
RESULT: {}
COMMAND: POST /session/2308dad0f2a7537c6be193a87bfcce7d/execute/async - {"script":"<script> [1562 bytes]","args":[{"selector":{"id":"application-managepartners-display-component---detailPtm--addressDetailDetailsCity1"},"wdio_ui5_key":"applicationmanagepartners-display-component---detailPtm--addressDetailDetailsCity1"}]}
COMMAND: GET /session/2308dad0f2a7537c6be193a87bfcce7d/screenshot - {}
RESULT: {"script":"<script> [1562 bytes]","args":[{"selector":{"id":"application-managepartners-display-component---detailPtm--addressDetailDetailsCity1"},"wdio_ui5_key":"applicationmanagepartners-display-component---detailPtm--addressDetailDetailsCity1"}]}
RESULT: undefined
COMMAND: POST /session/2308dad0f2a7537c6be193a87bfcce7d/execute/async - {"script":"<script> [6424 bytes]","args":[{"element-6066-11e4-a52e-4f735466cecf":"f.8FEDB17297EEB2F430C5C9DB657928CB.d.A6DB6BFF2C1A9569BC65B16FB46940FB.e.4393"},"getValue",[]]}
RESULT: {}
RESULT: {"script":"<script> [6424 bytes]","args":[{"element-6066-11e4-a52e-4f735466cecf":"f.8FEDB17297EEB2F430C5C9DB657928CB.d.A6DB6BFF2C1A9569BC65B16FB46940FB.e.4393"},"getValue",[]]}
COMMAND: POST /session/2308dad0f2a7537c6be193a87bfcce7d/element - {"using":"css selector","value":"#shell-header-logo"}
RESULT: {"using":"css selector","value":"#shell-header-logo"}
COMMAND: POST /session/2308dad0f2a7537c6be193a87bfcce7d/element/f.8FEDB17297EEB2F430C5C9DB657928CB.d.A6DB6BFF2C1A9569BC65B16FB46940FB.e.3952/click - {}
RESULT: {}
COMMAND: GET /session/2308dad0f2a7537c6be193a87bfcce7d/screenshot - {}
RESULT: {}
]]></system-out>
    </testcase>
    <testcase classname="chrome.136_0_7103_93.windows.Partner_specific_tests_US150819_US151080_US151654_US151176_US103444_US151078_US151079_US151109_US151174_US151175_US151189" name="Should create a new intracompany partner edit some of its fields US151079" time="245.152">
      <system-out><![CDATA[
COMMAND: POST /session/2308dad0f2a7537c6be193a87bfcce7d/element - {"using":"xpath","value":"//li[.//span[text()=\"Manage Partners\"]]"}
RESULT: {"using":"xpath","value":"//li[.//span[text()=\"Manage Partners\"]]"}
COMMAND: POST /session/2308dad0f2a7537c6be193a87bfcce7d/element - {"using":"xpath","value":"//li[.//span[text()=\"Manage Partners\"]]"}
RESULT: {"using":"xpath","value":"//li[.//span[text()=\"Manage Partners\"]]"}
COMMAND: POST /session/2308dad0f2a7537c6be193a87bfcce7d/element - {"using":"css selector","value":"#shell-header-logo"}
RESULT: {"using":"css selector","value":"#shell-header-logo"}
COMMAND: POST /session/2308dad0f2a7537c6be193a87bfcce7d/element/f.8FEDB17297EEB2F430C5C9DB657928CB.d.A6DB6BFF2C1A9569BC65B16FB46940FB.e.4423/click - {}
COMMAND: POST /session/2308dad0f2a7537c6be193a87bfcce7d/execute/sync - {"script":"<script> [8489 bytes]","args":[{"element-6066-11e4-a52e-4f735466cecf":"f.8FEDB17297EEB2F430C5C9DB657928CB.d.A6DB6BFF2C1A9569BC65B16FB46940FB.e.4423","ELEMENT":"f.8FEDB17297EEB2F430C5C9DB657928CB.d.A6DB6BFF2C1A9569BC65B16FB46940FB.e.4423"}]}
RESULT: {}
COMMAND: GET /session/2308dad0f2a7537c6be193a87bfcce7d/screenshot - {}
RESULT: {"script":"<script> [8489 bytes]","args":[{"element-6066-11e4-a52e-4f735466cecf":"f.8FEDB17297EEB2F430C5C9DB657928CB.d.A6DB6BFF2C1A9569BC65B16FB46940FB.e.4423","ELEMENT":"f.8FEDB17297EEB2F430C5C9DB657928CB.d.A6DB6BFF2C1A9569BC65B16FB46940FB.e.4423"}]}
COMMAND: POST /session/2308dad0f2a7537c6be193a87bfcce7d/execute/sync - {"script":"<script> [5351 bytes]","args":[{"element-6066-11e4-a52e-4f735466cecf":"f.8FEDB17297EEB2F430C5C9DB657928CB.d.A6DB6BFF2C1A9569BC65B16FB46940FB.e.4423","ELEMENT":"f.8FEDB17297EEB2F430C5C9DB657928CB.d.A6DB6BFF2C1A9569BC65B16FB46940FB.e.4423"}]}
COMMAND: GET /session/2308dad0f2a7537c6be193a87bfcce7d/screenshot - {}
RESULT: {}
RESULT: {"script":"<script> [5351 bytes]","args":[{"element-6066-11e4-a52e-4f735466cecf":"f.8FEDB17297EEB2F430C5C9DB657928CB.d.A6DB6BFF2C1A9569BC65B16FB46940FB.e.4423","ELEMENT":"f.8FEDB17297EEB2F430C5C9DB657928CB.d.A6DB6BFF2C1A9569BC65B16FB46940FB.e.4423"}]}
COMMAND: GET /session/2308dad0f2a7537c6be193a87bfcce7d/screenshot - {}
RESULT: {}
RESULT: {}
COMMAND: POST /session/2308dad0f2a7537c6be193a87bfcce7d/refresh - {}
RESULT: {}
COMMAND: GET /session/2308dad0f2a7537c6be193a87bfcce7d/screenshot - {}
RESULT: {}
COMMAND: POST /session/2308dad0f2a7537c6be193a87bfcce7d/refresh - {}
RESULT: {}
COMMAND: GET /session/2308dad0f2a7537c6be193a87bfcce7d/screenshot - {}
RESULT: {}
COMMAND: POST /session/2308dad0f2a7537c6be193a87bfcce7d/window/fullscreen - {}
RESULT: {}
COMMAND: POST /session/2308dad0f2a7537c6be193a87bfcce7d/execute/async - {"script":"<script> [189 bytes]","args":[]}
RESULT: {"script":"<script> [189 bytes]","args":[]}
COMMAND: POST /session/2308dad0f2a7537c6be193a87bfcce7d/execute/async - {"script":"<script> [123 bytes]","args":[]}
RESULT: {"script":"<script> [123 bytes]","args":[]}
COMMAND: POST /session/2308dad0f2a7537c6be193a87bfcce7d/timeouts - {"script":"<number>"}
RESULT: {"script":"<number>"}
COMMAND: GET /session/2308dad0f2a7537c6be193a87bfcce7d/timeouts - {}
RESULT: {}
RESULT: undefined
COMMAND: POST /session/2308dad0f2a7537c6be193a87bfcce7d/execute/async - {"script":"<script> [2676 bytes]","args":[]}
RESULT: {"script":"<script> [2676 bytes]","args":[]}
COMMAND: POST /session/2308dad0f2a7537c6be193a87bfcce7d/execute/async - {"script":"<script> [2342 bytes]","args":[{"protocol":"http","hostname":"0.0.0.0","path":"/","capabilities":{"browserName":"chrome","goog:chromeOptions":{"binary":"C:\\Program Files\\Google\\Chrome\\Application\\chrome.exe","args":["--start-maximized"]}},"logLevel":"warn","connectionRetryTimeout":120000,"connectionRetryCount":3,"logLevels":{},"enableDirectConnect":true,"strictSSL":true,"_":"65 more keys: [\"cacheDir\",\"port\",\"requestedCapabilities\",\"automationProtocol\",\"baseUrl\",\"waitforInterval\",\"waitforTimeout\",\"onReload\",\"beforeCommand\",\"afterCommand\",\"rootDir\",\"specs\",\"suites\",\"exclude\",\"groupLogsByTestSpec\",\"excludeDriverLogs\",\"bail\",\"framework\",\"reporters\",\"services\",\"maxInstances\",\"maxInstancesPerCapability\",\"injectGlobals\",\"filesToWatch\",\"execArgv\",\"runnerEnv\",\"runner\",\"shard\",\"specFileRetries\",\"specFileRetriesDelay\",\"specFileRetriesDeferred\",\"reporterSyncInterval\",\"reporterSyncTimeout\",\"cucumberFeaturesWithLineNumbers\",\"autoCompileOpts\",\"mochaOpts\",\"jasmineOpts\",\"cucumberOpts\",\"onPrepare\",\"onWorkerStart\",\"onWorkerEnd\",\"before\",\"beforeSession\",\"beforeSuite\",\"beforeHook\",\"beforeTest\",\"afterTest\",\"afterHook\",\"afterSuite\",\"afterSession\",\"after\",\"onComplete\",\"beforeAssertion\",\"afterAssertion\",\"beforeFeature\",\"beforeScenario\",\"beforeStep\",\"afterStep\",\"afterScenario\",\"afterFeature\",\"_\",\"suite\",\"$0\",\"ignoredWorkerServices\",\"wdi5\"]"}]}
RESULT: {"script":"<script> [2342 bytes]","args":[{"protocol":"http","hostname":"0.0.0.0","path":"/","capabilities":{"browserName":"chrome","goog:chromeOptions":{"binary":"C:\\Program Files\\Google\\Chrome\\Application\\chrome.exe","args":["--start-maximized"]}},"logLevel":"warn","connectionRetryTimeout":120000,"connectionRetryCount":3,"logLevels":{},"enableDirectConnect":true,"strictSSL":true,"_":"65 more keys: [\"cacheDir\",\"port\",\"requestedCapabilities\",\"automationProtocol\",\"baseUrl\",\"waitforInterval\",\"waitforTimeout\",\"onReload\",\"beforeCommand\",\"afterCommand\",\"rootDir\",\"specs\",\"suites\",\"exclude\",\"groupLogsByTestSpec\",\"excludeDriverLogs\",\"bail\",\"framework\",\"reporters\",\"services\",\"maxInstances\",\"maxInstancesPerCapability\",\"injectGlobals\",\"filesToWatch\",\"execArgv\",\"runnerEnv\",\"runner\",\"shard\",\"specFileRetries\",\"specFileRetriesDelay\",\"specFileRetriesDeferred\",\"reporterSyncInterval\",\"reporterSyncTimeout\",\"cucumberFeaturesWithLineNumbers\",\"autoCompileOpts\",\"mochaOpts\",\"jasmineOpts\",\"cucumberOpts\",\"onPrepare\",\"onWorkerStart\",\"onWorkerEnd\",\"before\",\"beforeSession\",\"beforeSuite\",\"beforeHook\",\"beforeTest\",\"afterTest\",\"afterHook\",\"afterSuite\",\"afterSession\",\"after\",\"onComplete\",\"beforeAssertion\",\"afterAssertion\",\"beforeFeature\",\"beforeScenario\",\"beforeStep\",\"afterStep\",\"afterScenario\",\"afterFeature\",\"_\",\"suite\",\"$0\",\"ignoredWorkerServices\",\"wdi5\"]"}]}
COMMAND: POST /session/2308dad0f2a7537c6be193a87bfcce7d/execute/async - {"script":"<script> [21126 bytes]","args":[35000]}
RESULT: {"script":"<script> [21126 bytes]","args":[35000]}
COMMAND: POST /session/2308dad0f2a7537c6be193a87bfcce7d/window/fullscreen - {}
RESULT: {}
COMMAND: POST /session/2308dad0f2a7537c6be193a87bfcce7d/window/fullscreen - {}
RESULT: {}
COMMAND: POST /session/2308dad0f2a7537c6be193a87bfcce7d/execute/async - {"script":"<script> [1562 bytes]","args":[{"selector":{"controlType":"sap.m.GenericTile","properties":{"header":"Manage Partners"}},"wdio_ui5_key":"sapm.GenericTile{\"header\":\"Manage Partners\"}"}]}
RESULT: {"script":"<script> [1562 bytes]","args":[{"selector":{"controlType":"sap.m.GenericTile","properties":{"header":"Manage Partners"}},"wdio_ui5_key":"sapm.GenericTile{\"header\":\"Manage Partners\"}"}]}
RESULT: undefined
COMMAND: POST /session/2308dad0f2a7537c6be193a87bfcce7d/element - {"using":"xpath","value":"//*[@id=\"__tile30\"]"}
RESULT: {"using":"xpath","value":"//*[@id=\"__tile30\"]"}
COMMAND: POST /session/2308dad0f2a7537c6be193a87bfcce7d/element/f.8FEDB17297EEB2F430C5C9DB657928CB.d.CB6573956B94A1F6B77311C8FE478B16.e.4492/click - {}
RESULT: {}
COMMAND: GET /session/2308dad0f2a7537c6be193a87bfcce7d/screenshot - {}
RESULT: {}
COMMAND: POST /session/2308dad0f2a7537c6be193a87bfcce7d/elements - {"using":"xpath","value":"//span[text()='Error']"}
RESULT: {"using":"xpath","value":"//span[text()='Error']"}
COMMAND: POST /session/2308dad0f2a7537c6be193a87bfcce7d/element - {"using":"xpath","value":"//button[@data-kt=\"addButton\"]"}
RESULT: {"using":"xpath","value":"//button[@data-kt=\"addButton\"]"}
COMMAND: POST /session/2308dad0f2a7537c6be193a87bfcce7d/elements - {"using":"xpath","value":"//button[@data-kt=\"addButton\"]"}
RESULT: {"using":"xpath","value":"//button[@data-kt=\"addButton\"]"}
COMMAND: POST /session/2308dad0f2a7537c6be193a87bfcce7d/elements - {"using":"xpath","value":"//button[@data-kt=\"addButton\"]"}
RESULT: {"using":"xpath","value":"//button[@data-kt=\"addButton\"]"}
COMMAND: POST /session/2308dad0f2a7537c6be193a87bfcce7d/elements - {"using":"xpath","value":"//button[@data-kt=\"addButton\"]"}
RESULT: {"using":"xpath","value":"//button[@data-kt=\"addButton\"]"}
COMMAND: POST /session/2308dad0f2a7537c6be193a87bfcce7d/elements - {"using":"xpath","value":"//button[@data-kt=\"addButton\"]"}
RESULT: {"using":"xpath","value":"//button[@data-kt=\"addButton\"]"}
COMMAND: POST /session/2308dad0f2a7537c6be193a87bfcce7d/elements - {"using":"xpath","value":"//button[@data-kt=\"addButton\"]"}
RESULT: {"using":"xpath","value":"//button[@data-kt=\"addButton\"]"}
COMMAND: POST /session/2308dad0f2a7537c6be193a87bfcce7d/elements - {"using":"xpath","value":"//button[@data-kt=\"addButton\"]"}
RESULT: {"using":"xpath","value":"//button[@data-kt=\"addButton\"]"}
COMMAND: POST /session/2308dad0f2a7537c6be193a87bfcce7d/elements - {"using":"xpath","value":"//button[@data-kt=\"addButton\"]"}
RESULT: {"using":"xpath","value":"//button[@data-kt=\"addButton\"]"}
COMMAND: POST /session/2308dad0f2a7537c6be193a87bfcce7d/elements - {"using":"xpath","value":"//button[@data-kt=\"addButton\"]"}
RESULT: {"using":"xpath","value":"//button[@data-kt=\"addButton\"]"}
COMMAND: POST /session/2308dad0f2a7537c6be193a87bfcce7d/elements - {"using":"xpath","value":"//button[@data-kt=\"addButton\"]"}
RESULT: {"using":"xpath","value":"//button[@data-kt=\"addButton\"]"}
COMMAND: POST /session/2308dad0f2a7537c6be193a87bfcce7d/elements - {"using":"xpath","value":"//button[@data-kt=\"addButton\"]"}
RESULT: {"using":"xpath","value":"//button[@data-kt=\"addButton\"]"}
COMMAND: POST /session/2308dad0f2a7537c6be193a87bfcce7d/elements - {"using":"xpath","value":"//button[@data-kt=\"addButton\"]"}
RESULT: {"using":"xpath","value":"//button[@data-kt=\"addButton\"]"}
COMMAND: POST /session/2308dad0f2a7537c6be193a87bfcce7d/element - {"using":"xpath","value":"//button[@data-kt=\"addButton\"]"}
RESULT: {"using":"xpath","value":"//button[@data-kt=\"addButton\"]"}
COMMAND: POST /session/2308dad0f2a7537c6be193a87bfcce7d/execute/sync - {"script":"<script> [8489 bytes]","args":[{"element-6066-11e4-a52e-4f735466cecf":"f.8FEDB17297EEB2F430C5C9DB657928CB.d.CB6573956B94A1F6B77311C8FE478B16.e.4608","ELEMENT":"f.8FEDB17297EEB2F430C5C9DB657928CB.d.CB6573956B94A1F6B77311C8FE478B16.e.4608"}]}
RESULT: {"script":"<script> [8489 bytes]","args":[{"element-6066-11e4-a52e-4f735466cecf":"f.8FEDB17297EEB2F430C5C9DB657928CB.d.CB6573956B94A1F6B77311C8FE478B16.e.4608","ELEMENT":"f.8FEDB17297EEB2F430C5C9DB657928CB.d.CB6573956B94A1F6B77311C8FE478B16.e.4608"}]}
COMMAND: GET /session/2308dad0f2a7537c6be193a87bfcce7d/element/f.8FEDB17297EEB2F430C5C9DB657928CB.d.CB6573956B94A1F6B77311C8FE478B16.e.4608/enabled - {}
COMMAND: GET /session/2308dad0f2a7537c6be193a87bfcce7d/screenshot - {}
RESULT: {}
COMMAND: POST /session/2308dad0f2a7537c6be193a87bfcce7d/execute/sync - {"script":"<script> [8489 bytes]","args":[{"element-6066-11e4-a52e-4f735466cecf":"f.8FEDB17297EEB2F430C5C9DB657928CB.d.CB6573956B94A1F6B77311C8FE478B16.e.4608","ELEMENT":"f.8FEDB17297EEB2F430C5C9DB657928CB.d.CB6573956B94A1F6B77311C8FE478B16.e.4608"}]}
COMMAND: GET /session/2308dad0f2a7537c6be193a87bfcce7d/screenshot - {}
RESULT: {}
RESULT: {"script":"<script> [8489 bytes]","args":[{"element-6066-11e4-a52e-4f735466cecf":"f.8FEDB17297EEB2F430C5C9DB657928CB.d.CB6573956B94A1F6B77311C8FE478B16.e.4608","ELEMENT":"f.8FEDB17297EEB2F430C5C9DB657928CB.d.CB6573956B94A1F6B77311C8FE478B16.e.4608"}]}
COMMAND: POST /session/2308dad0f2a7537c6be193a87bfcce7d/execute/sync - {"script":"<script> [5351 bytes]","args":[{"element-6066-11e4-a52e-4f735466cecf":"f.8FEDB17297EEB2F430C5C9DB657928CB.d.CB6573956B94A1F6B77311C8FE478B16.e.4608","ELEMENT":"f.8FEDB17297EEB2F430C5C9DB657928CB.d.CB6573956B94A1F6B77311C8FE478B16.e.4608"}]}
COMMAND: GET /session/2308dad0f2a7537c6be193a87bfcce7d/screenshot - {}
RESULT: {}
RESULT: {"script":"<script> [5351 bytes]","args":[{"element-6066-11e4-a52e-4f735466cecf":"f.8FEDB17297EEB2F430C5C9DB657928CB.d.CB6573956B94A1F6B77311C8FE478B16.e.4608","ELEMENT":"f.8FEDB17297EEB2F430C5C9DB657928CB.d.CB6573956B94A1F6B77311C8FE478B16.e.4608"}]}
COMMAND: POST /session/2308dad0f2a7537c6be193a87bfcce7d/element/f.8FEDB17297EEB2F430C5C9DB657928CB.d.CB6573956B94A1F6B77311C8FE478B16.e.4608/click - {}
COMMAND: GET /session/2308dad0f2a7537c6be193a87bfcce7d/screenshot - {}
RESULT: {}
RESULT: {}
COMMAND: GET /session/2308dad0f2a7537c6be193a87bfcce7d/screenshot - {}
COMMAND: POST /session/2308dad0f2a7537c6be193a87bfcce7d/execute/async - {"script":"<script> [1562 bytes]","args":[{"selector":{"id":"application-managepartners-display-component---NewPartner--addressDetailDetailsName1","interaction":{"idSuffix":"inner"}},"wdio_ui5_key":"applicationmanagepartners-display-component---NewPartner--addressDetailDetailsName1"}]}
RESULT: {}
RESULT: {}
RESULT: {"script":"<script> [1562 bytes]","args":[{"selector":{"id":"application-managepartners-display-component---NewPartner--addressDetailDetailsName1","interaction":{"idSuffix":"inner"}},"wdio_ui5_key":"applicationmanagepartners-display-component---NewPartner--addressDetailDetailsName1"}]}
RESULT: undefined
COMMAND: POST /session/2308dad0f2a7537c6be193a87bfcce7d/execute/async - {"script":"<script> [776 bytes]","args":[{"enterText":"Intracompany Partner WDIO","selector":{"id":"application-managepartners-display-component---NewPartner--addressDetailDetailsName1","interaction":{"idSuffix":"inner"}},"clearTextFirst":true,"interactionType":"ENTER_TEXT"}]}
RESULT: {"script":"<script> [776 bytes]","args":[{"enterText":"Intracompany Partner WDIO","selector":{"id":"application-managepartners-display-component---NewPartner--addressDetailDetailsName1","interaction":{"idSuffix":"inner"}},"clearTextFirst":true,"interactionType":"ENTER_TEXT"}]}
COMMAND: POST /session/2308dad0f2a7537c6be193a87bfcce7d/execute/async - {"script":"<script> [1562 bytes]","args":[{"selector":{"id":"application-managepartners-display-component---NewPartner--addressDetailDetailsLanguage-arrow"},"wdio_ui5_key":"applicationmanagepartners-display-component---NewPartner--addressDetailDetailsLanguage-arrow"}]}
RESULT: {"script":"<script> [1562 bytes]","args":[{"selector":{"id":"application-managepartners-display-component---NewPartner--addressDetailDetailsLanguage-arrow"},"wdio_ui5_key":"applicationmanagepartners-display-component---NewPartner--addressDetailDetailsLanguage-arrow"}]}
RESULT: undefined
COMMAND: POST /session/2308dad0f2a7537c6be193a87bfcce7d/element - {"using":"xpath","value":"//*[@id=\"application-managepartners-display-component---NewPartner--addressDetailDetailsLanguage-arrow\"]"}
RESULT: {"using":"xpath","value":"//*[@id=\"application-managepartners-display-component---NewPartner--addressDetailDetailsLanguage-arrow\"]"}
COMMAND: POST /session/2308dad0f2a7537c6be193a87bfcce7d/element/f.8FEDB17297EEB2F430C5C9DB657928CB.d.CB6573956B94A1F6B77311C8FE478B16.e.5063/click - {}
RESULT: {}
COMMAND: POST /session/2308dad0f2a7537c6be193a87bfcce7d/element - {"using":"xpath","value":"//span[contains(text(), \"English\")]"}
COMMAND: GET /session/2308dad0f2a7537c6be193a87bfcce7d/screenshot - {}
RESULT: {"using":"xpath","value":"//span[contains(text(), \"English\")]"}
COMMAND: POST /session/2308dad0f2a7537c6be193a87bfcce7d/element/f.8FEDB17297EEB2F430C5C9DB657928CB.d.CB6573956B94A1F6B77311C8FE478B16.e.5064/click - {}
RESULT: {}
RESULT: {}
COMMAND: GET /session/2308dad0f2a7537c6be193a87bfcce7d/screenshot - {}
RESULT: {}
COMMAND: POST /session/2308dad0f2a7537c6be193a87bfcce7d/execute/async - {"script":"<script> [1562 bytes]","args":[{"selector":{"id":"application-managepartners-display-component---NewPartner--addressDetailDetailsCity1","interaction":{"idSuffix":"inner"}},"wdio_ui5_key":"applicationmanagepartners-display-component---NewPartner--addressDetailDetailsCity1"}]}
RESULT: {"script":"<script> [1562 bytes]","args":[{"selector":{"id":"application-managepartners-display-component---NewPartner--addressDetailDetailsCity1","interaction":{"idSuffix":"inner"}},"wdio_ui5_key":"applicationmanagepartners-display-component---NewPartner--addressDetailDetailsCity1"}]}
RESULT: undefined
COMMAND: POST /session/2308dad0f2a7537c6be193a87bfcce7d/execute/async - {"script":"<script> [776 bytes]","args":[{"enterText":"Rosario","selector":{"id":"application-managepartners-display-component---NewPartner--addressDetailDetailsCity1","interaction":{"idSuffix":"inner"}},"clearTextFirst":true,"interactionType":"ENTER_TEXT"}]}
RESULT: {"script":"<script> [776 bytes]","args":[{"enterText":"Rosario","selector":{"id":"application-managepartners-display-component---NewPartner--addressDetailDetailsCity1","interaction":{"idSuffix":"inner"}},"clearTextFirst":true,"interactionType":"ENTER_TEXT"}]}
COMMAND: POST /session/2308dad0f2a7537c6be193a87bfcce7d/execute/async - {"script":"<script> [1562 bytes]","args":[{"selector":{"id":"application-managepartners-display-component---NewPartner--addressDetailDetailsCountry-arrow"},"wdio_ui5_key":"applicationmanagepartners-display-component---NewPartner--addressDetailDetailsCountry-arrow"}]}
RESULT: {"script":"<script> [1562 bytes]","args":[{"selector":{"id":"application-managepartners-display-component---NewPartner--addressDetailDetailsCountry-arrow"},"wdio_ui5_key":"applicationmanagepartners-display-component---NewPartner--addressDetailDetailsCountry-arrow"}]}
RESULT: undefined
COMMAND: POST /session/2308dad0f2a7537c6be193a87bfcce7d/element - {"using":"xpath","value":"//*[@id=\"application-managepartners-display-component---NewPartner--addressDetailDetailsCountry-arrow\"]"}
RESULT: {"using":"xpath","value":"//*[@id=\"application-managepartners-display-component---NewPartner--addressDetailDetailsCountry-arrow\"]"}
COMMAND: POST /session/2308dad0f2a7537c6be193a87bfcce7d/element/f.8FEDB17297EEB2F430C5C9DB657928CB.d.CB6573956B94A1F6B77311C8FE478B16.e.5049/click - {}
RESULT: {}
COMMAND: POST /session/2308dad0f2a7537c6be193a87bfcce7d/element - {"using":"xpath","value":"//span[contains(text(), \"Argentina\")]"}
COMMAND: GET /session/2308dad0f2a7537c6be193a87bfcce7d/screenshot - {}
RESULT: {"using":"xpath","value":"//span[contains(text(), \"Argentina\")]"}
COMMAND: POST /session/2308dad0f2a7537c6be193a87bfcce7d/element/f.8FEDB17297EEB2F430C5C9DB657928CB.d.CB6573956B94A1F6B77311C8FE478B16.e.5066/click - {}
RESULT: {}
RESULT: {}
COMMAND: GET /session/2308dad0f2a7537c6be193a87bfcce7d/screenshot - {}
RESULT: {}
COMMAND: POST /session/2308dad0f2a7537c6be193a87bfcce7d/element - {"using":"xpath","value":"//bdi[contains(text(), \"Commercial\")]"}
RESULT: {"using":"xpath","value":"//bdi[contains(text(), \"Commercial\")]"}
COMMAND: POST /session/2308dad0f2a7537c6be193a87bfcce7d/element/f.8FEDB17297EEB2F430C5C9DB657928CB.d.CB6573956B94A1F6B77311C8FE478B16.e.5067/click - {}
RESULT: {}
COMMAND: GET /session/2308dad0f2a7537c6be193a87bfcce7d/screenshot - {}
RESULT: {}
COMMAND: POST /session/2308dad0f2a7537c6be193a87bfcce7d/execute/async - {"script":"<script> [1562 bytes]","args":[{"selector":{"id":"application-managepartners-display-component---NewPartner--partnerDetailInternal-arrow"},"wdio_ui5_key":"applicationmanagepartners-display-component---NewPartner--partnerDetailInternal-arrow"}]}
RESULT: {"script":"<script> [1562 bytes]","args":[{"selector":{"id":"application-managepartners-display-component---NewPartner--partnerDetailInternal-arrow"},"wdio_ui5_key":"applicationmanagepartners-display-component---NewPartner--partnerDetailInternal-arrow"}]}
RESULT: undefined
COMMAND: POST /session/2308dad0f2a7537c6be193a87bfcce7d/element - {"using":"xpath","value":"//*[@id=\"application-managepartners-display-component---NewPartner--partnerDetailInternal-arrow\"]"}
RESULT: {"using":"xpath","value":"//*[@id=\"application-managepartners-display-component---NewPartner--partnerDetailInternal-arrow\"]"}
COMMAND: POST /session/2308dad0f2a7537c6be193a87bfcce7d/element/f.8FEDB17297EEB2F430C5C9DB657928CB.d.CB6573956B94A1F6B77311C8FE478B16.e.5075/click - {}
RESULT: {}
COMMAND: POST /session/2308dad0f2a7537c6be193a87bfcce7d/element - {"using":"xpath","value":"//span[contains(text(), \"Affiliated company\")]"}
COMMAND: GET /session/2308dad0f2a7537c6be193a87bfcce7d/screenshot - {}
RESULT: {"using":"xpath","value":"//span[contains(text(), \"Affiliated company\")]"}
COMMAND: POST /session/2308dad0f2a7537c6be193a87bfcce7d/element/f.8FEDB17297EEB2F430C5C9DB657928CB.d.CB6573956B94A1F6B77311C8FE478B16.e.5076/click - {}
RESULT: {}
RESULT: {}
COMMAND: POST /session/2308dad0f2a7537c6be193a87bfcce7d/execute/async - {"script":"<script> [1562 bytes]","args":[{"selector":{"id":"application-managepartners-display-component---NewPartner--partnerDetailsCurrency-arrow"},"wdio_ui5_key":"applicationmanagepartners-display-component---NewPartner--partnerDetailsCurrency-arrow"}]}
COMMAND: GET /session/2308dad0f2a7537c6be193a87bfcce7d/screenshot - {}
RESULT: {"script":"<script> [1562 bytes]","args":[{"selector":{"id":"application-managepartners-display-component---NewPartner--partnerDetailsCurrency-arrow"},"wdio_ui5_key":"applicationmanagepartners-display-component---NewPartner--partnerDetailsCurrency-arrow"}]}
RESULT: undefined
COMMAND: POST /session/2308dad0f2a7537c6be193a87bfcce7d/element - {"using":"xpath","value":"//*[@id=\"application-managepartners-display-component---NewPartner--partnerDetailsCurrency-arrow\"]"}
RESULT: {}
RESULT: {"using":"xpath","value":"//*[@id=\"application-managepartners-display-component---NewPartner--partnerDetailsCurrency-arrow\"]"}
COMMAND: POST /session/2308dad0f2a7537c6be193a87bfcce7d/element/f.8FEDB17297EEB2F430C5C9DB657928CB.d.CB6573956B94A1F6B77311C8FE478B16.e.5083/click - {}
RESULT: {}
COMMAND: POST /session/2308dad0f2a7537c6be193a87bfcce7d/element - {"using":"xpath","value":"//span[contains(text(), \"Euro\")]"}
COMMAND: GET /session/2308dad0f2a7537c6be193a87bfcce7d/screenshot - {}
RESULT: {"using":"xpath","value":"//span[contains(text(), \"Euro\")]"}
COMMAND: POST /session/2308dad0f2a7537c6be193a87bfcce7d/element/f.8FEDB17297EEB2F430C5C9DB657928CB.d.CB6573956B94A1F6B77311C8FE478B16.e.5084/click - {}
RESULT: {}
RESULT: {}
COMMAND: POST /session/2308dad0f2a7537c6be193a87bfcce7d/execute/async - {"script":"<script> [1562 bytes]","args":[{"selector":{"id":"application-managepartners-display-component---NewPartner--addressEditDetailsCostObjectCstType-arrow"},"wdio_ui5_key":"applicationmanagepartners-display-component---NewPartner--addressEditDetailsCostObjectCstType-arrow"}]}
COMMAND: GET /session/2308dad0f2a7537c6be193a87bfcce7d/screenshot - {}
RESULT: {"script":"<script> [1562 bytes]","args":[{"selector":{"id":"application-managepartners-display-component---NewPartner--addressEditDetailsCostObjectCstType-arrow"},"wdio_ui5_key":"applicationmanagepartners-display-component---NewPartner--addressEditDetailsCostObjectCstType-arrow"}]}
RESULT: undefined
COMMAND: POST /session/2308dad0f2a7537c6be193a87bfcce7d/element - {"using":"xpath","value":"//*[@id=\"application-managepartners-display-component---NewPartner--addressEditDetailsCostObjectCstType-arrow\"]"}
RESULT: {}
RESULT: {"using":"xpath","value":"//*[@id=\"application-managepartners-display-component---NewPartner--addressEditDetailsCostObjectCstType-arrow\"]"}
COMMAND: POST /session/2308dad0f2a7537c6be193a87bfcce7d/element/f.8FEDB17297EEB2F430C5C9DB657928CB.d.CB6573956B94A1F6B77311C8FE478B16.e.5085/click - {}
RESULT: {}
COMMAND: POST /session/2308dad0f2a7537c6be193a87bfcce7d/element - {"using":"xpath","value":"//span[contains(text(), \"Cost Center\")]"}
COMMAND: GET /session/2308dad0f2a7537c6be193a87bfcce7d/screenshot - {}
RESULT: {"using":"xpath","value":"//span[contains(text(), \"Cost Center\")]"}
COMMAND: POST /session/2308dad0f2a7537c6be193a87bfcce7d/element/f.8FEDB17297EEB2F430C5C9DB657928CB.d.CB6573956B94A1F6B77311C8FE478B16.e.5086/click - {}
RESULT: {}
RESULT: {}
COMMAND: GET /session/2308dad0f2a7537c6be193a87bfcce7d/screenshot - {}
RESULT: {}
COMMAND: POST /session/2308dad0f2a7537c6be193a87bfcce7d/element - {"using":"xpath","value":"//span[@id=\"application-managepartners-display-component---NewPartner--addressNewCostObjectCstID-vhi\"]"}
RESULT: {"using":"xpath","value":"//span[@id=\"application-managepartners-display-component---NewPartner--addressNewCostObjectCstID-vhi\"]"}
COMMAND: POST /session/2308dad0f2a7537c6be193a87bfcce7d/execute/sync - {"script":"<script> [8489 bytes]","args":[{"element-6066-11e4-a52e-4f735466cecf":"f.8FEDB17297EEB2F430C5C9DB657928CB.d.CB6573956B94A1F6B77311C8FE478B16.e.5090","ELEMENT":"f.8FEDB17297EEB2F430C5C9DB657928CB.d.CB6573956B94A1F6B77311C8FE478B16.e.5090"}]}
RESULT: {"script":"<script> [8489 bytes]","args":[{"element-6066-11e4-a52e-4f735466cecf":"f.8FEDB17297EEB2F430C5C9DB657928CB.d.CB6573956B94A1F6B77311C8FE478B16.e.5090","ELEMENT":"f.8FEDB17297EEB2F430C5C9DB657928CB.d.CB6573956B94A1F6B77311C8FE478B16.e.5090"}]}
COMMAND: POST /session/2308dad0f2a7537c6be193a87bfcce7d/execute/async - {"script":"<script> [1562 bytes]","args":[{"selector":{"id":"application-managepartners-display-component---NewPartner--addressNewCostObjectCstID-vhi"},"wdio_ui5_key":"applicationmanagepartners-display-component---NewPartner--addressNewCostObjectCstID-vhi"}]}
COMMAND: GET /session/2308dad0f2a7537c6be193a87bfcce7d/screenshot - {}
RESULT: {"script":"<script> [1562 bytes]","args":[{"selector":{"id":"application-managepartners-display-component---NewPartner--addressNewCostObjectCstID-vhi"},"wdio_ui5_key":"applicationmanagepartners-display-component---NewPartner--addressNewCostObjectCstID-vhi"}]}
RESULT: undefined
COMMAND: POST /session/2308dad0f2a7537c6be193a87bfcce7d/element - {"using":"xpath","value":"//*[@id=\"application-managepartners-display-component---NewPartner--addressNewCostObjectCstID-vhi\"]"}
RESULT: {}
RESULT: {"using":"xpath","value":"//*[@id=\"application-managepartners-display-component---NewPartner--addressNewCostObjectCstID-vhi\"]"}
COMMAND: POST /session/2308dad0f2a7537c6be193a87bfcce7d/element/f.8FEDB17297EEB2F430C5C9DB657928CB.d.CB6573956B94A1F6B77311C8FE478B16.e.5090/click - {}
RESULT: {}
COMMAND: GET /session/2308dad0f2a7537c6be193a87bfcce7d/screenshot - {}
RESULT: {}
COMMAND: POST /session/2308dad0f2a7537c6be193a87bfcce7d/execute/async - {"script":"<script> [1562 bytes]","args":[{"selector":{"controlType":"sap.m.SearchField","properties":{"placeholder":"Search"},"searchOpenDialogs":true,"interaction":{"idSuffix":"I"}},"wdio_ui5_key":"sapm.SearchField{\"placeholder\":\"Search\"}"}]}
RESULT: {"script":"<script> [1562 bytes]","args":[{"selector":{"controlType":"sap.m.SearchField","properties":{"placeholder":"Search"},"searchOpenDialogs":true,"interaction":{"idSuffix":"I"}},"wdio_ui5_key":"sapm.SearchField{\"placeholder\":\"Search\"}"}]}
RESULT: undefined
COMMAND: POST /session/2308dad0f2a7537c6be193a87bfcce7d/execute/async - {"script":"<script> [776 bytes]","args":[{"enterText":"10001013","selector":{"controlType":"sap.m.SearchField","properties":{"placeholder":"Search"},"searchOpenDialogs":true,"interaction":{"idSuffix":"I"}},"clearTextFirst":true,"interactionType":"ENTER_TEXT"}]}
RESULT: {"script":"<script> [776 bytes]","args":[{"enterText":"10001013","selector":{"controlType":"sap.m.SearchField","properties":{"placeholder":"Search"},"searchOpenDialogs":true,"interaction":{"idSuffix":"I"}},"clearTextFirst":true,"interactionType":"ENTER_TEXT"}]}
COMMAND: POST /session/2308dad0f2a7537c6be193a87bfcce7d/actions - {"actions":[{"id":"action12","type":"key","parameters":{},"actions":[{"type":"keyDown","value":""},{"type":"pause","duration":10},{"type":"keyUp","value":""}]}]}
RESULT: {"actions":[{"id":"action12","type":"key","parameters":{},"actions":[{"type":"keyDown","value":""},{"type":"pause","duration":10},{"type":"keyUp","value":""}]}]}
COMMAND: GET /session/2308dad0f2a7537c6be193a87bfcce7d/screenshot - {}
RESULT: {}
COMMAND: POST /session/2308dad0f2a7537c6be193a87bfcce7d/element - {"using":"xpath","value":"//span[contains(text(), \"General Management\")]"}
RESULT: {"using":"xpath","value":"//span[contains(text(), \"General Management\")]"}
COMMAND: POST /session/2308dad0f2a7537c6be193a87bfcce7d/element/f.8FEDB17297EEB2F430C5C9DB657928CB.d.CB6573956B94A1F6B77311C8FE478B16.e.5132/click - {}
RESULT: {}
COMMAND: GET /session/2308dad0f2a7537c6be193a87bfcce7d/screenshot - {}
RESULT: {}
COMMAND: POST /session/2308dad0f2a7537c6be193a87bfcce7d/element - {"using":"xpath","value":"//bdi[contains(text(), \"OK\")]"}
RESULT: {"using":"xpath","value":"//bdi[contains(text(), \"OK\")]"}
COMMAND: POST /session/2308dad0f2a7537c6be193a87bfcce7d/element/f.8FEDB17297EEB2F430C5C9DB657928CB.d.CB6573956B94A1F6B77311C8FE478B16.e.5133/click - {}
RESULT: {}
COMMAND: GET /session/2308dad0f2a7537c6be193a87bfcce7d/screenshot - {}
RESULT: {}
COMMAND: POST /session/2308dad0f2a7537c6be193a87bfcce7d/element - {"using":"xpath","value":"//input[@id=\"application-managepartners-display-component---NewPartner--companyCodeComboBox-inner\"]"}
RESULT: {"using":"xpath","value":"//input[@id=\"application-managepartners-display-component---NewPartner--companyCodeComboBox-inner\"]"}
COMMAND: POST /session/2308dad0f2a7537c6be193a87bfcce7d/element/f.8FEDB17297EEB2F430C5C9DB657928CB.d.CB6573956B94A1F6B77311C8FE478B16.e.4920/clear - {}
RESULT: {}
COMMAND: POST /session/2308dad0f2a7537c6be193a87bfcce7d/element/f.8FEDB17297EEB2F430C5C9DB657928CB.d.CB6573956B94A1F6B77311C8FE478B16.e.4920/value - {"text":"1000"}
COMMAND: GET /session/2308dad0f2a7537c6be193a87bfcce7d/screenshot - {}
RESULT: {"text":"1000"}
COMMAND: GET /session/2308dad0f2a7537c6be193a87bfcce7d/screenshot - {}
RESULT: {}
RESULT: {}
COMMAND: POST /session/2308dad0f2a7537c6be193a87bfcce7d/element - {"using":"xpath","value":"//li[.//span[text()= \"1000\"]]"}
RESULT: {"using":"xpath","value":"//li[.//span[text()= \"1000\"]]"}
COMMAND: POST /session/2308dad0f2a7537c6be193a87bfcce7d/element/f.8FEDB17297EEB2F430C5C9DB657928CB.d.CB6573956B94A1F6B77311C8FE478B16.e.5139/click - {}
RESULT: {}
COMMAND: GET /session/2308dad0f2a7537c6be193a87bfcce7d/screenshot - {}
RESULT: {}
COMMAND: POST /session/2308dad0f2a7537c6be193a87bfcce7d/execute/async - {"script":"<script> [1562 bytes]","args":[{"selector":{"id":"application-managepartners-display-component---NewPartner--btnAddTableRow-img"},"wdio_ui5_key":"applicationmanagepartners-display-component---NewPartner--btnAddTableRow-img"}]}
RESULT: {"script":"<script> [1562 bytes]","args":[{"selector":{"id":"application-managepartners-display-component---NewPartner--btnAddTableRow-img"},"wdio_ui5_key":"applicationmanagepartners-display-component---NewPartner--btnAddTableRow-img"}]}
RESULT: undefined
COMMAND: POST /session/2308dad0f2a7537c6be193a87bfcce7d/element - {"using":"xpath","value":"//*[@id=\"application-managepartners-display-component---NewPartner--btnAddTableRow-img\"]"}
RESULT: {"using":"xpath","value":"//*[@id=\"application-managepartners-display-component---NewPartner--btnAddTableRow-img\"]"}
COMMAND: POST /session/2308dad0f2a7537c6be193a87bfcce7d/element/f.8FEDB17297EEB2F430C5C9DB657928CB.d.CB6573956B94A1F6B77311C8FE478B16.e.5140/click - {}
RESULT: {}
COMMAND: GET /session/2308dad0f2a7537c6be193a87bfcce7d/screenshot - {}
RESULT: {}
COMMAND: POST /session/2308dad0f2a7537c6be193a87bfcce7d/element - {"using":"xpath","value":"//input[@id=\"application-managepartners-display-component---NewPartner--assignmentYard-application-managepartners-display-component---NewPartner--assignmentsTable-0-inner\"]"}
RESULT: {"using":"xpath","value":"//input[@id=\"application-managepartners-display-component---NewPartner--assignmentYard-application-managepartners-display-component---NewPartner--assignmentsTable-0-inner\"]"}
COMMAND: POST /session/2308dad0f2a7537c6be193a87bfcce7d/element/f.8FEDB17297EEB2F430C5C9DB657928CB.d.CB6573956B94A1F6B77311C8FE478B16.e.5143/clear - {}
RESULT: {}
COMMAND: POST /session/2308dad0f2a7537c6be193a87bfcce7d/element/f.8FEDB17297EEB2F430C5C9DB657928CB.d.CB6573956B94A1F6B77311C8FE478B16.e.5143/value - {"text":"471"}
COMMAND: GET /session/2308dad0f2a7537c6be193a87bfcce7d/screenshot - {}
RESULT: {"text":"471"}
COMMAND: GET /session/2308dad0f2a7537c6be193a87bfcce7d/screenshot - {}
RESULT: {}
RESULT: {}
COMMAND: POST /session/2308dad0f2a7537c6be193a87bfcce7d/element - {"using":"xpath","value":"//li[.//span[text()='471']]"}
RESULT: {"using":"xpath","value":"//li[.//span[text()='471']]"}
COMMAND: POST /session/2308dad0f2a7537c6be193a87bfcce7d/element/f.8FEDB17297EEB2F430C5C9DB657928CB.d.CB6573956B94A1F6B77311C8FE478B16.e.5152/click - {}
RESULT: {}
COMMAND: GET /session/2308dad0f2a7537c6be193a87bfcce7d/screenshot - {}
RESULT: {}
COMMAND: POST /session/2308dad0f2a7537c6be193a87bfcce7d/actions - {"actions":[{"id":"action13","type":"key","parameters":{},"actions":[{"type":"keyDown","value":""},{"type":"pause","duration":10},{"type":"keyUp","value":""}]}]}
RESULT: {"actions":[{"id":"action13","type":"key","parameters":{},"actions":[{"type":"keyDown","value":""},{"type":"pause","duration":10},{"type":"keyUp","value":""}]}]}
COMMAND: POST /session/2308dad0f2a7537c6be193a87bfcce7d/execute/async - {"script":"<script> [1562 bytes]","args":[{"selector":{"id":"application-managepartners-display-component---NewPartner--externalCustomerComboBox-application-managepartners-display-component---NewPartner--assignmentsTable-0-vhi"},"wdio_ui5_key":"applicationmanagepartners-display-component---NewPartner--externalCustomerComboBox-application-managepartners-display-component---NewPartner--assignmentsTable-0-vhi"}]}
COMMAND: GET /session/2308dad0f2a7537c6be193a87bfcce7d/screenshot - {}
RESULT: {"script":"<script> [1562 bytes]","args":[{"selector":{"id":"application-managepartners-display-component---NewPartner--externalCustomerComboBox-application-managepartners-display-component---NewPartner--assignmentsTable-0-vhi"},"wdio_ui5_key":"applicationmanagepartners-display-component---NewPartner--externalCustomerComboBox-application-managepartners-display-component---NewPartner--assignmentsTable-0-vhi"}]}
RESULT: undefined
COMMAND: POST /session/2308dad0f2a7537c6be193a87bfcce7d/element - {"using":"xpath","value":"//*[@id=\"application-managepartners-display-component---NewPartner--externalCustomerComboBox-application-managepartners-display-component---NewPartner--assignmentsTable-0-vhi\"]"}
RESULT: {}
RESULT: {"using":"xpath","value":"//*[@id=\"application-managepartners-display-component---NewPartner--externalCustomerComboBox-application-managepartners-display-component---NewPartner--assignmentsTable-0-vhi\"]"}
COMMAND: POST /session/2308dad0f2a7537c6be193a87bfcce7d/element/f.8FEDB17297EEB2F430C5C9DB657928CB.d.CB6573956B94A1F6B77311C8FE478B16.e.5156/click - {}
RESULT: {}
RESULT: undefined
COMMAND: POST /session/2308dad0f2a7537c6be193a87bfcce7d/execute/async - {"script":"<script> [776 bytes]","args":[{"enterText":"300003","selector":{"controlType":"sap.m.SearchField","properties":{"placeholder":"Search"},"searchOpenDialogs":true,"interaction":{"idSuffix":"I"}},"clearTextFirst":true,"interactionType":"ENTER_TEXT"}]}
COMMAND: GET /session/2308dad0f2a7537c6be193a87bfcce7d/screenshot - {}
RESULT: {"script":"<script> [776 bytes]","args":[{"enterText":"300003","selector":{"controlType":"sap.m.SearchField","properties":{"placeholder":"Search"},"searchOpenDialogs":true,"interaction":{"idSuffix":"I"}},"clearTextFirst":true,"interactionType":"ENTER_TEXT"}]}
COMMAND: POST /session/2308dad0f2a7537c6be193a87bfcce7d/actions - {"actions":[{"id":"action14","type":"key","parameters":{},"actions":[{"type":"keyDown","value":""},{"type":"pause","duration":10},{"type":"keyUp","value":""}]}]}
RESULT: {}
RESULT: {"actions":[{"id":"action14","type":"key","parameters":{},"actions":[{"type":"keyDown","value":""},{"type":"pause","duration":10},{"type":"keyUp","value":""}]}]}
COMMAND: GET /session/2308dad0f2a7537c6be193a87bfcce7d/screenshot - {}
RESULT: {}
COMMAND: POST /session/2308dad0f2a7537c6be193a87bfcce7d/element - {"using":"xpath","value":"//span[contains(text(), \"300003\")]"}
RESULT: {"using":"xpath","value":"//span[contains(text(), \"300003\")]"}
COMMAND: POST /session/2308dad0f2a7537c6be193a87bfcce7d/element/f.8FEDB17297EEB2F430C5C9DB657928CB.d.CB6573956B94A1F6B77311C8FE478B16.e.5174/click - {}
RESULT: {}
COMMAND: GET /session/2308dad0f2a7537c6be193a87bfcce7d/screenshot - {}
RESULT: {}
COMMAND: POST /session/2308dad0f2a7537c6be193a87bfcce7d/element - {"using":"xpath","value":"//bdi[contains(text(), \"OK\")]"}
RESULT: {"using":"xpath","value":"//bdi[contains(text(), \"OK\")]"}
COMMAND: POST /session/2308dad0f2a7537c6be193a87bfcce7d/element/f.8FEDB17297EEB2F430C5C9DB657928CB.d.CB6573956B94A1F6B77311C8FE478B16.e.5176/click - {}
RESULT: {}
COMMAND: GET /session/2308dad0f2a7537c6be193a87bfcce7d/screenshot - {}
RESULT: {}
COMMAND: POST /session/2308dad0f2a7537c6be193a87bfcce7d/execute/async - {"script":"<script> [1562 bytes]","args":[{"selector":{"id":"application-managepartners-display-component---NewPartner--intercompVendorComboBox-application-managepartners-display-component---NewPartner--assignmentsTable-0-vhi"},"wdio_ui5_key":"applicationmanagepartners-display-component---NewPartner--intercompVendorComboBox-application-managepartners-display-component---NewPartner--assignmentsTable-0-vhi"}]}
RESULT: {"script":"<script> [1562 bytes]","args":[{"selector":{"id":"application-managepartners-display-component---NewPartner--intercompVendorComboBox-application-managepartners-display-component---NewPartner--assignmentsTable-0-vhi"},"wdio_ui5_key":"applicationmanagepartners-display-component---NewPartner--intercompVendorComboBox-application-managepartners-display-component---NewPartner--assignmentsTable-0-vhi"}]}
RESULT: undefined
COMMAND: POST /session/2308dad0f2a7537c6be193a87bfcce7d/element - {"using":"xpath","value":"//*[@id=\"application-managepartners-display-component---NewPartner--intercompVendorComboBox-application-managepartners-display-component---NewPartner--assignmentsTable-0-vhi\"]"}
RESULT: {"using":"xpath","value":"//*[@id=\"application-managepartners-display-component---NewPartner--intercompVendorComboBox-application-managepartners-display-component---NewPartner--assignmentsTable-0-vhi\"]"}
COMMAND: POST /session/2308dad0f2a7537c6be193a87bfcce7d/element/f.8FEDB17297EEB2F430C5C9DB657928CB.d.CB6573956B94A1F6B77311C8FE478B16.e.5179/click - {}
RESULT: {}
RESULT: undefined
COMMAND: POST /session/2308dad0f2a7537c6be193a87bfcce7d/execute/async - {"script":"<script> [776 bytes]","args":[{"enterText":"100005","selector":{"controlType":"sap.m.SearchField","properties":{"placeholder":"Search"},"searchOpenDialogs":true,"interaction":{"idSuffix":"I"}},"clearTextFirst":true,"interactionType":"ENTER_TEXT"}]}
COMMAND: GET /session/2308dad0f2a7537c6be193a87bfcce7d/screenshot - {}
RESULT: {"script":"<script> [776 bytes]","args":[{"enterText":"100005","selector":{"controlType":"sap.m.SearchField","properties":{"placeholder":"Search"},"searchOpenDialogs":true,"interaction":{"idSuffix":"I"}},"clearTextFirst":true,"interactionType":"ENTER_TEXT"}]}
COMMAND: POST /session/2308dad0f2a7537c6be193a87bfcce7d/actions - {"actions":[{"id":"action15","type":"key","parameters":{},"actions":[{"type":"keyDown","value":""},{"type":"pause","duration":10},{"type":"keyUp","value":""}]}]}
RESULT: {}
RESULT: {"actions":[{"id":"action15","type":"key","parameters":{},"actions":[{"type":"keyDown","value":""},{"type":"pause","duration":10},{"type":"keyUp","value":""}]}]}
COMMAND: GET /session/2308dad0f2a7537c6be193a87bfcce7d/screenshot - {}
RESULT: {}
COMMAND: POST /session/2308dad0f2a7537c6be193a87bfcce7d/element - {"using":"xpath","value":"//span[contains(text(), \"Penguins - Field/12345 Berlin\")]"}
RESULT: {"using":"xpath","value":"//span[contains(text(), \"Penguins - Field/12345 Berlin\")]"}
COMMAND: POST /session/2308dad0f2a7537c6be193a87bfcce7d/element/f.8FEDB17297EEB2F430C5C9DB657928CB.d.CB6573956B94A1F6B77311C8FE478B16.e.5195/click - {}
RESULT: {}
COMMAND: GET /session/2308dad0f2a7537c6be193a87bfcce7d/screenshot - {}
RESULT: {}
COMMAND: POST /session/2308dad0f2a7537c6be193a87bfcce7d/element - {"using":"xpath","value":"//bdi[contains(text(), \"OK\")]"}
RESULT: {"using":"xpath","value":"//bdi[contains(text(), \"OK\")]"}
COMMAND: POST /session/2308dad0f2a7537c6be193a87bfcce7d/element/f.8FEDB17297EEB2F430C5C9DB657928CB.d.CB6573956B94A1F6B77311C8FE478B16.e.5196/click - {}
RESULT: {}
COMMAND: GET /session/2308dad0f2a7537c6be193a87bfcce7d/screenshot - {}
RESULT: {}
COMMAND: POST /session/2308dad0f2a7537c6be193a87bfcce7d/element - {"using":"xpath","value":"//button[@data-kt=\"saveButton\"]"}
RESULT: {"using":"xpath","value":"//button[@data-kt=\"saveButton\"]"}
COMMAND: POST /session/2308dad0f2a7537c6be193a87bfcce7d/element/f.8FEDB17297EEB2F430C5C9DB657928CB.d.CB6573956B94A1F6B77311C8FE478B16.e.5045/click - {}
RESULT: {}
COMMAND: GET /session/2308dad0f2a7537c6be193a87bfcce7d/screenshot - {}
RESULT: {}
COMMAND: POST /session/2308dad0f2a7537c6be193a87bfcce7d/element - {"using":"xpath","value":"//header[contains(@id, 'ObjectPageLayout-headerTitle')]/div[1]/div[2]/div[2]/span[1]"}
RESULT: {"using":"xpath","value":"//header[contains(@id, 'ObjectPageLayout-headerTitle')]/div[1]/div[2]/div[2]/span[1]"}
COMMAND: POST /session/2308dad0f2a7537c6be193a87bfcce7d/elements - {"using":"xpath","value":"//header[contains(@id, 'ObjectPageLayout-headerTitle')]/div[1]/div[2]/div[2]/span[1]"}
RESULT: {"using":"xpath","value":"//header[contains(@id, 'ObjectPageLayout-headerTitle')]/div[1]/div[2]/div[2]/span[1]"}
COMMAND: POST /session/2308dad0f2a7537c6be193a87bfcce7d/execute/sync - {"script":"<script> [56 bytes]","args":[{"element-6066-11e4-a52e-4f735466cecf":"f.8FEDB17297EEB2F430C5C9DB657928CB.d.CB6573956B94A1F6B77311C8FE478B16.e.5359","ELEMENT":"f.8FEDB17297EEB2F430C5C9DB657928CB.d.CB6573956B94A1F6B77311C8FE478B16.e.5359"}]}
RESULT: {"script":"<script> [56 bytes]","args":[{"element-6066-11e4-a52e-4f735466cecf":"f.8FEDB17297EEB2F430C5C9DB657928CB.d.CB6573956B94A1F6B77311C8FE478B16.e.5359","ELEMENT":"f.8FEDB17297EEB2F430C5C9DB657928CB.d.CB6573956B94A1F6B77311C8FE478B16.e.5359"}]}
COMMAND: POST /session/2308dad0f2a7537c6be193a87bfcce7d/element - {"using":"css selector","value":"#shell-header-logo"}
COMMAND: GET /session/2308dad0f2a7537c6be193a87bfcce7d/screenshot - {}
RESULT: {"using":"css selector","value":"#shell-header-logo"}
COMMAND: POST /session/2308dad0f2a7537c6be193a87bfcce7d/element/f.8FEDB17297EEB2F430C5C9DB657928CB.d.CB6573956B94A1F6B77311C8FE478B16.e.4573/click - {}
RESULT: {}
RESULT: {}
COMMAND: GET /session/2308dad0f2a7537c6be193a87bfcce7d/screenshot - {}
RESULT: {}
COMMAND: POST /session/2308dad0f2a7537c6be193a87bfcce7d/execute/sync - {"script":"<script> [299 bytes]","args":[["getModel","getResource"]]}
RESULT: {"script":"<script> [299 bytes]","args":[["getModel","getResource"]]}
RESULT: undefined
COMMAND: POST /session/2308dad0f2a7537c6be193a87bfcce7d/element - {"using":"xpath","value":"//*[@id=\"__tile30\"]"}
COMMAND: GET /session/2308dad0f2a7537c6be193a87bfcce7d/screenshot - {}
RESULT: {"using":"xpath","value":"//*[@id=\"__tile30\"]"}
COMMAND: POST /session/2308dad0f2a7537c6be193a87bfcce7d/element/f.8FEDB17297EEB2F430C5C9DB657928CB.d.CB6573956B94A1F6B77311C8FE478B16.e.4492/click - {}
RESULT: {}
RESULT: {}
COMMAND: GET /session/2308dad0f2a7537c6be193a87bfcce7d/screenshot - {}
RESULT: {}
COMMAND: POST /session/2308dad0f2a7537c6be193a87bfcce7d/elements - {"using":"xpath","value":"//span[text()='Error']"}
RESULT: {"using":"xpath","value":"//span[text()='Error']"}
COMMAND: POST /session/2308dad0f2a7537c6be193a87bfcce7d/element - {"using":"xpath","value":"//button[@data-kt=\"addButton\"]"}
RESULT: {"using":"xpath","value":"//button[@data-kt=\"addButton\"]"}
COMMAND: POST /session/2308dad0f2a7537c6be193a87bfcce7d/elements - {"using":"xpath","value":"//button[@data-kt=\"addButton\"]"}
RESULT: {"using":"xpath","value":"//button[@data-kt=\"addButton\"]"}
COMMAND: POST /session/2308dad0f2a7537c6be193a87bfcce7d/elements - {"using":"xpath","value":"//button[@data-kt=\"addButton\"]"}
RESULT: {"using":"xpath","value":"//button[@data-kt=\"addButton\"]"}
COMMAND: POST /session/2308dad0f2a7537c6be193a87bfcce7d/element - {"using":"xpath","value":"//button[@data-kt=\"addButton\"]"}
RESULT: {"using":"xpath","value":"//button[@data-kt=\"addButton\"]"}
COMMAND: POST /session/2308dad0f2a7537c6be193a87bfcce7d/execute/sync - {"script":"<script> [8489 bytes]","args":[{"element-6066-11e4-a52e-4f735466cecf":"f.8FEDB17297EEB2F430C5C9DB657928CB.d.CB6573956B94A1F6B77311C8FE478B16.e.5396","ELEMENT":"f.8FEDB17297EEB2F430C5C9DB657928CB.d.CB6573956B94A1F6B77311C8FE478B16.e.5396"}]}
RESULT: {"script":"<script> [8489 bytes]","args":[{"element-6066-11e4-a52e-4f735466cecf":"f.8FEDB17297EEB2F430C5C9DB657928CB.d.CB6573956B94A1F6B77311C8FE478B16.e.5396","ELEMENT":"f.8FEDB17297EEB2F430C5C9DB657928CB.d.CB6573956B94A1F6B77311C8FE478B16.e.5396"}]}
COMMAND: GET /session/2308dad0f2a7537c6be193a87bfcce7d/element/f.8FEDB17297EEB2F430C5C9DB657928CB.d.CB6573956B94A1F6B77311C8FE478B16.e.5396/enabled - {}
COMMAND: GET /session/2308dad0f2a7537c6be193a87bfcce7d/screenshot - {}
RESULT: {}
COMMAND: POST /session/2308dad0f2a7537c6be193a87bfcce7d/execute/sync - {"script":"<script> [8489 bytes]","args":[{"element-6066-11e4-a52e-4f735466cecf":"f.8FEDB17297EEB2F430C5C9DB657928CB.d.CB6573956B94A1F6B77311C8FE478B16.e.5396","ELEMENT":"f.8FEDB17297EEB2F430C5C9DB657928CB.d.CB6573956B94A1F6B77311C8FE478B16.e.5396"}]}
COMMAND: GET /session/2308dad0f2a7537c6be193a87bfcce7d/screenshot - {}
RESULT: {}
RESULT: {"script":"<script> [8489 bytes]","args":[{"element-6066-11e4-a52e-4f735466cecf":"f.8FEDB17297EEB2F430C5C9DB657928CB.d.CB6573956B94A1F6B77311C8FE478B16.e.5396","ELEMENT":"f.8FEDB17297EEB2F430C5C9DB657928CB.d.CB6573956B94A1F6B77311C8FE478B16.e.5396"}]}
COMMAND: POST /session/2308dad0f2a7537c6be193a87bfcce7d/execute/sync - {"script":"<script> [5351 bytes]","args":[{"element-6066-11e4-a52e-4f735466cecf":"f.8FEDB17297EEB2F430C5C9DB657928CB.d.CB6573956B94A1F6B77311C8FE478B16.e.5396","ELEMENT":"f.8FEDB17297EEB2F430C5C9DB657928CB.d.CB6573956B94A1F6B77311C8FE478B16.e.5396"}]}
COMMAND: GET /session/2308dad0f2a7537c6be193a87bfcce7d/screenshot - {}
RESULT: {}
RESULT: {"script":"<script> [5351 bytes]","args":[{"element-6066-11e4-a52e-4f735466cecf":"f.8FEDB17297EEB2F430C5C9DB657928CB.d.CB6573956B94A1F6B77311C8FE478B16.e.5396","ELEMENT":"f.8FEDB17297EEB2F430C5C9DB657928CB.d.CB6573956B94A1F6B77311C8FE478B16.e.5396"}]}
COMMAND: GET /session/2308dad0f2a7537c6be193a87bfcce7d/screenshot - {}
RESULT: {}
RESULT: {}
COMMAND: POST /session/2308dad0f2a7537c6be193a87bfcce7d/execute/async - {"script":"<script> [1562 bytes]","args":[{"selector":{"id":"application-managepartners-display-component---masterPtm--smartFilterBar-btnBasicSearch","interaction":{"idSuffix":"I"}},"wdio_ui5_key":"applicationmanagepartners-display-component---masterPtm--smartFilterBar-btnBasicSearch"}]}
RESULT: {"script":"<script> [1562 bytes]","args":[{"selector":{"id":"application-managepartners-display-component---masterPtm--smartFilterBar-btnBasicSearch","interaction":{"idSuffix":"I"}},"wdio_ui5_key":"applicationmanagepartners-display-component---masterPtm--smartFilterBar-btnBasicSearch"}]}
RESULT: undefined
COMMAND: POST /session/2308dad0f2a7537c6be193a87bfcce7d/execute/async - {"script":"<script> [776 bytes]","args":[{"enterText":"1280","selector":{"id":"application-managepartners-display-component---masterPtm--smartFilterBar-btnBasicSearch","interaction":{"idSuffix":"I"}},"clearTextFirst":true,"interactionType":"ENTER_TEXT"}]}
RESULT: {"script":"<script> [776 bytes]","args":[{"enterText":"1280","selector":{"id":"application-managepartners-display-component---masterPtm--smartFilterBar-btnBasicSearch","interaction":{"idSuffix":"I"}},"clearTextFirst":true,"interactionType":"ENTER_TEXT"}]}
COMMAND: POST /session/2308dad0f2a7537c6be193a87bfcce7d/actions - {"actions":[{"id":"action16","type":"key","parameters":{},"actions":[{"type":"keyDown","value":""},{"type":"pause","duration":10},{"type":"keyUp","value":""}]}]}
RESULT: {"actions":[{"id":"action16","type":"key","parameters":{},"actions":[{"type":"keyDown","value":""},{"type":"pause","duration":10},{"type":"keyUp","value":""}]}]}
COMMAND: GET /session/2308dad0f2a7537c6be193a87bfcce7d/screenshot - {}
RESULT: {}
COMMAND: POST /session/2308dad0f2a7537c6be193a87bfcce7d/elements - {"using":"xpath","value":"//table[contains(@id, \"customPartnersTable-listUl\")]/tbody/tr"}
RESULT: {"using":"xpath","value":"//table[contains(@id, \"customPartnersTable-listUl\")]/tbody/tr"}
COMMAND: POST /session/2308dad0f2a7537c6be193a87bfcce7d/element - {"using":"xpath","value":"//table[contains(@id, \"customPartnersTable-listUl\")]/tbody/tr[1]/td[3]/span"}
RESULT: {"using":"xpath","value":"//table[contains(@id, \"customPartnersTable-listUl\")]/tbody/tr[1]/td[3]/span"}
COMMAND: POST /session/2308dad0f2a7537c6be193a87bfcce7d/elements - {"using":"xpath","value":"//table[contains(@id, \"customPartnersTable-listUl\")]/tbody/tr[1]/td[3]/span"}
RESULT: {"using":"xpath","value":"//table[contains(@id, \"customPartnersTable-listUl\")]/tbody/tr[1]/td[3]/span"}
COMMAND: POST /session/2308dad0f2a7537c6be193a87bfcce7d/execute/sync - {"script":"<script> [56 bytes]","args":[{"element-6066-11e4-a52e-4f735466cecf":"f.8FEDB17297EEB2F430C5C9DB657928CB.d.CB6573956B94A1F6B77311C8FE478B16.e.5544","ELEMENT":"f.8FEDB17297EEB2F430C5C9DB657928CB.d.CB6573956B94A1F6B77311C8FE478B16.e.5544"}]}
RESULT: {"script":"<script> [56 bytes]","args":[{"element-6066-11e4-a52e-4f735466cecf":"f.8FEDB17297EEB2F430C5C9DB657928CB.d.CB6573956B94A1F6B77311C8FE478B16.e.5544","ELEMENT":"f.8FEDB17297EEB2F430C5C9DB657928CB.d.CB6573956B94A1F6B77311C8FE478B16.e.5544"}]}
COMMAND: POST /session/2308dad0f2a7537c6be193a87bfcce7d/element - {"using":"xpath","value":"(//span[contains(@id, \"imgNav\")])[1]"}
COMMAND: GET /session/2308dad0f2a7537c6be193a87bfcce7d/screenshot - {}
RESULT: {"using":"xpath","value":"(//span[contains(@id, \"imgNav\")])[1]"}
COMMAND: POST /session/2308dad0f2a7537c6be193a87bfcce7d/element/f.8FEDB17297EEB2F430C5C9DB657928CB.d.CB6573956B94A1F6B77311C8FE478B16.e.5542/click - {}
RESULT: {}
RESULT: {}
COMMAND: GET /session/2308dad0f2a7537c6be193a87bfcce7d/screenshot - {}
RESULT: {}
COMMAND: POST /session/2308dad0f2a7537c6be193a87bfcce7d/element - {"using":"xpath","value":"//bdi[contains(text(), \"Edit\")]"}
RESULT: {"using":"xpath","value":"//bdi[contains(text(), \"Edit\")]"}
COMMAND: POST /session/2308dad0f2a7537c6be193a87bfcce7d/element/f.8FEDB17297EEB2F430C5C9DB657928CB.d.CB6573956B94A1F6B77311C8FE478B16.e.5689/click - {}
RESULT: {}
COMMAND: GET /session/2308dad0f2a7537c6be193a87bfcce7d/screenshot - {}
RESULT: {}
COMMAND: POST /session/2308dad0f2a7537c6be193a87bfcce7d/execute/async - {"script":"<script> [1562 bytes]","args":[{"selector":{"controlType":"sap.m.Input","viewName":"etm.portal.ui.managepartners.view.EditDetail","labelFor":{"text":"Name"},"interaction":{"idSuffix":"inner"}},"wdio_ui5_key":"etmportal.ui.managepartners.view.EditDetailsap.m.Input{\"text\":\"Name\"}"}]}
RESULT: {"script":"<script> [1562 bytes]","args":[{"selector":{"controlType":"sap.m.Input","viewName":"etm.portal.ui.managepartners.view.EditDetail","labelFor":{"text":"Name"},"interaction":{"idSuffix":"inner"}},"wdio_ui5_key":"etmportal.ui.managepartners.view.EditDetailsap.m.Input{\"text\":\"Name\"}"}]}
RESULT: undefined
COMMAND: POST /session/2308dad0f2a7537c6be193a87bfcce7d/execute/async - {"script":"<script> [776 bytes]","args":[{"enterText":"Intracompany EDIT","selector":{"controlType":"sap.m.Input","viewName":"etm.portal.ui.managepartners.view.EditDetail","labelFor":{"text":"Name"},"interaction":{"idSuffix":"inner"}},"clearTextFirst":true,"interactionType":"ENTER_TEXT"}]}
RESULT: {"script":"<script> [776 bytes]","args":[{"enterText":"Intracompany EDIT","selector":{"controlType":"sap.m.Input","viewName":"etm.portal.ui.managepartners.view.EditDetail","labelFor":{"text":"Name"},"interaction":{"idSuffix":"inner"}},"clearTextFirst":true,"interactionType":"ENTER_TEXT"}]}
COMMAND: POST /session/2308dad0f2a7537c6be193a87bfcce7d/element - {"using":"xpath","value":"(//span[contains(@id,\"addressDetailDetailsLanguage-arrow\")])[1]"}
RESULT: {"using":"xpath","value":"(//span[contains(@id,\"addressDetailDetailsLanguage-arrow\")])[1]"}
COMMAND: POST /session/2308dad0f2a7537c6be193a87bfcce7d/element/f.8FEDB17297EEB2F430C5C9DB657928CB.d.CB6573956B94A1F6B77311C8FE478B16.e.5773/click - {}
RESULT: {}
COMMAND: POST /session/2308dad0f2a7537c6be193a87bfcce7d/element - {"using":"xpath","value":"//span[contains(text(), \"Chinese\")]"}
COMMAND: GET /session/2308dad0f2a7537c6be193a87bfcce7d/screenshot - {}
RESULT: {"using":"xpath","value":"//span[contains(text(), \"Chinese\")]"}
COMMAND: POST /session/2308dad0f2a7537c6be193a87bfcce7d/element/f.8FEDB17297EEB2F430C5C9DB657928CB.d.CB6573956B94A1F6B77311C8FE478B16.e.5774/click - {}
RESULT: {}
RESULT: {}
COMMAND: GET /session/2308dad0f2a7537c6be193a87bfcce7d/screenshot - {}
RESULT: {}
COMMAND: POST /session/2308dad0f2a7537c6be193a87bfcce7d/execute/async - {"script":"<script> [1562 bytes]","args":[{"selector":{"controlType":"sap.m.Input","viewName":"etm.portal.ui.managepartners.view.EditDetail","labelFor":{"text":"City"},"interaction":{"idSuffix":"inner"}},"wdio_ui5_key":"etmportal.ui.managepartners.view.EditDetailsap.m.Input{\"text\":\"City\"}"}]}
RESULT: {"script":"<script> [1562 bytes]","args":[{"selector":{"controlType":"sap.m.Input","viewName":"etm.portal.ui.managepartners.view.EditDetail","labelFor":{"text":"City"},"interaction":{"idSuffix":"inner"}},"wdio_ui5_key":"etmportal.ui.managepartners.view.EditDetailsap.m.Input{\"text\":\"City\"}"}]}
RESULT: undefined
COMMAND: POST /session/2308dad0f2a7537c6be193a87bfcce7d/execute/async - {"script":"<script> [776 bytes]","args":[{"enterText":"Clooj-Napoca","selector":{"controlType":"sap.m.Input","viewName":"etm.portal.ui.managepartners.view.EditDetail","labelFor":{"text":"City"},"interaction":{"idSuffix":"inner"}},"clearTextFirst":true,"interactionType":"ENTER_TEXT"}]}
RESULT: {"script":"<script> [776 bytes]","args":[{"enterText":"Clooj-Napoca","selector":{"controlType":"sap.m.Input","viewName":"etm.portal.ui.managepartners.view.EditDetail","labelFor":{"text":"City"},"interaction":{"idSuffix":"inner"}},"clearTextFirst":true,"interactionType":"ENTER_TEXT"}]}
COMMAND: POST /session/2308dad0f2a7537c6be193a87bfcce7d/element - {"using":"xpath","value":"//button[@data-kt=\"saveButton\"]"}
RESULT: {"using":"xpath","value":"//button[@data-kt=\"saveButton\"]"}
COMMAND: POST /session/2308dad0f2a7537c6be193a87bfcce7d/element/f.8FEDB17297EEB2F430C5C9DB657928CB.d.CB6573956B94A1F6B77311C8FE478B16.e.5751/click - {}
RESULT: {}
COMMAND: GET /session/2308dad0f2a7537c6be193a87bfcce7d/screenshot - {}
RESULT: {}
COMMAND: POST /session/2308dad0f2a7537c6be193a87bfcce7d/execute/async - {"script":"<script> [1562 bytes]","args":[{"selector":{"id":"application-managepartners-display-component---detailPtm--addressDetailDetailsName1"},"wdio_ui5_key":"applicationmanagepartners-display-component---detailPtm--addressDetailDetailsName1"}]}
RESULT: {"script":"<script> [1562 bytes]","args":[{"selector":{"id":"application-managepartners-display-component---detailPtm--addressDetailDetailsName1"},"wdio_ui5_key":"applicationmanagepartners-display-component---detailPtm--addressDetailDetailsName1"}]}
RESULT: undefined
COMMAND: POST /session/2308dad0f2a7537c6be193a87bfcce7d/execute/async - {"script":"<script> [6424 bytes]","args":[{"element-6066-11e4-a52e-4f735466cecf":"f.8FEDB17297EEB2F430C5C9DB657928CB.d.CB6573956B94A1F6B77311C8FE478B16.e.5805"},"getValue",[]]}
RESULT: {"script":"<script> [6424 bytes]","args":[{"element-6066-11e4-a52e-4f735466cecf":"f.8FEDB17297EEB2F430C5C9DB657928CB.d.CB6573956B94A1F6B77311C8FE478B16.e.5805"},"getValue",[]]}
COMMAND: POST /session/2308dad0f2a7537c6be193a87bfcce7d/element - {"using":"xpath","value":"//input[@id = \"application-managepartners-display-component---detailPtm--addressDetailDetailsLanguage-inner\"]"}
RESULT: {"using":"xpath","value":"//input[@id = \"application-managepartners-display-component---detailPtm--addressDetailDetailsLanguage-inner\"]"}
COMMAND: GET /session/2308dad0f2a7537c6be193a87bfcce7d/element/f.8FEDB17297EEB2F430C5C9DB657928CB.d.CB6573956B94A1F6B77311C8FE478B16.e.5806/property/value - {}
RESULT: {}
COMMAND: POST /session/2308dad0f2a7537c6be193a87bfcce7d/execute/async - {"script":"<script> [1562 bytes]","args":[{"selector":{"id":"application-managepartners-display-component---detailPtm--addressDetailDetailsCity1"},"wdio_ui5_key":"applicationmanagepartners-display-component---detailPtm--addressDetailDetailsCity1"}]}
COMMAND: GET /session/2308dad0f2a7537c6be193a87bfcce7d/screenshot - {}
RESULT: {"script":"<script> [1562 bytes]","args":[{"selector":{"id":"application-managepartners-display-component---detailPtm--addressDetailDetailsCity1"},"wdio_ui5_key":"applicationmanagepartners-display-component---detailPtm--addressDetailDetailsCity1"}]}
RESULT: undefined
COMMAND: POST /session/2308dad0f2a7537c6be193a87bfcce7d/execute/async - {"script":"<script> [6424 bytes]","args":[{"element-6066-11e4-a52e-4f735466cecf":"f.8FEDB17297EEB2F430C5C9DB657928CB.d.CB6573956B94A1F6B77311C8FE478B16.e.5807"},"getValue",[]]}
RESULT: {}
RESULT: {"script":"<script> [6424 bytes]","args":[{"element-6066-11e4-a52e-4f735466cecf":"f.8FEDB17297EEB2F430C5C9DB657928CB.d.CB6573956B94A1F6B77311C8FE478B16.e.5807"},"getValue",[]]}
COMMAND: POST /session/2308dad0f2a7537c6be193a87bfcce7d/element - {"using":"css selector","value":"#shell-header-logo"}
RESULT: {"using":"css selector","value":"#shell-header-logo"}
COMMAND: POST /session/2308dad0f2a7537c6be193a87bfcce7d/element/f.8FEDB17297EEB2F430C5C9DB657928CB.d.CB6573956B94A1F6B77311C8FE478B16.e.5362/click - {}
RESULT: {}
COMMAND: GET /session/2308dad0f2a7537c6be193a87bfcce7d/screenshot - {}
RESULT: {}
]]></system-out>
    </testcase>
    <testcase classname="chrome.136_0_7103_93.windows.Partner_specific_tests_US150819_US151080_US151654_US151176_US103444_US151078_US151079_US151109_US151174_US151175_US151189" name="Should do filtering and navigation tests US151109" time="158.001">
      <system-out><![CDATA[
COMMAND: POST /session/2308dad0f2a7537c6be193a87bfcce7d/element - {"using":"xpath","value":"//li[.//span[text()=\"Manage Partners\"]]"}
RESULT: {"using":"xpath","value":"//li[.//span[text()=\"Manage Partners\"]]"}
COMMAND: POST /session/2308dad0f2a7537c6be193a87bfcce7d/element - {"using":"xpath","value":"//li[.//span[text()=\"Manage Partners\"]]"}
RESULT: {"using":"xpath","value":"//li[.//span[text()=\"Manage Partners\"]]"}
COMMAND: POST /session/2308dad0f2a7537c6be193a87bfcce7d/element - {"using":"css selector","value":"#shell-header-logo"}
RESULT: {"using":"css selector","value":"#shell-header-logo"}
COMMAND: POST /session/2308dad0f2a7537c6be193a87bfcce7d/element/f.8FEDB17297EEB2F430C5C9DB657928CB.d.CB6573956B94A1F6B77311C8FE478B16.e.5837/click - {}
COMMAND: POST /session/2308dad0f2a7537c6be193a87bfcce7d/execute/sync - {"script":"<script> [8489 bytes]","args":[{"element-6066-11e4-a52e-4f735466cecf":"f.8FEDB17297EEB2F430C5C9DB657928CB.d.CB6573956B94A1F6B77311C8FE478B16.e.5837","ELEMENT":"f.8FEDB17297EEB2F430C5C9DB657928CB.d.CB6573956B94A1F6B77311C8FE478B16.e.5837"}]}
RESULT: {}
COMMAND: GET /session/2308dad0f2a7537c6be193a87bfcce7d/screenshot - {}
RESULT: {"script":"<script> [8489 bytes]","args":[{"element-6066-11e4-a52e-4f735466cecf":"f.8FEDB17297EEB2F430C5C9DB657928CB.d.CB6573956B94A1F6B77311C8FE478B16.e.5837","ELEMENT":"f.8FEDB17297EEB2F430C5C9DB657928CB.d.CB6573956B94A1F6B77311C8FE478B16.e.5837"}]}
COMMAND: POST /session/2308dad0f2a7537c6be193a87bfcce7d/execute/sync - {"script":"<script> [5351 bytes]","args":[{"element-6066-11e4-a52e-4f735466cecf":"f.8FEDB17297EEB2F430C5C9DB657928CB.d.CB6573956B94A1F6B77311C8FE478B16.e.5837","ELEMENT":"f.8FEDB17297EEB2F430C5C9DB657928CB.d.CB6573956B94A1F6B77311C8FE478B16.e.5837"}]}
COMMAND: GET /session/2308dad0f2a7537c6be193a87bfcce7d/screenshot - {}
RESULT: {}
RESULT: {"script":"<script> [5351 bytes]","args":[{"element-6066-11e4-a52e-4f735466cecf":"f.8FEDB17297EEB2F430C5C9DB657928CB.d.CB6573956B94A1F6B77311C8FE478B16.e.5837","ELEMENT":"f.8FEDB17297EEB2F430C5C9DB657928CB.d.CB6573956B94A1F6B77311C8FE478B16.e.5837"}]}
COMMAND: GET /session/2308dad0f2a7537c6be193a87bfcce7d/screenshot - {}
RESULT: {}
RESULT: {}
RESULT: undefined
COMMAND: POST /session/2308dad0f2a7537c6be193a87bfcce7d/element - {"using":"xpath","value":"//*[@id=\"__tile30\"]"}
RESULT: {"using":"xpath","value":"//*[@id=\"__tile30\"]"}
COMMAND: POST /session/2308dad0f2a7537c6be193a87bfcce7d/element/f.8FEDB17297EEB2F430C5C9DB657928CB.d.CB6573956B94A1F6B77311C8FE478B16.e.4492/click - {}
RESULT: {}
COMMAND: GET /session/2308dad0f2a7537c6be193a87bfcce7d/screenshot - {}
RESULT: {}
COMMAND: POST /session/2308dad0f2a7537c6be193a87bfcce7d/elements - {"using":"xpath","value":"//span[text()='Error']"}
RESULT: {"using":"xpath","value":"//span[text()='Error']"}
COMMAND: POST /session/2308dad0f2a7537c6be193a87bfcce7d/element - {"using":"xpath","value":"//button[@data-kt=\"addButton\"]"}
RESULT: {"using":"xpath","value":"//button[@data-kt=\"addButton\"]"}
COMMAND: POST /session/2308dad0f2a7537c6be193a87bfcce7d/elements - {"using":"xpath","value":"//button[@data-kt=\"addButton\"]"}
RESULT: {"using":"xpath","value":"//button[@data-kt=\"addButton\"]"}
COMMAND: POST /session/2308dad0f2a7537c6be193a87bfcce7d/execute/sync - {"script":"<script> [8489 bytes]","args":[{"element-6066-11e4-a52e-4f735466cecf":"f.8FEDB17297EEB2F430C5C9DB657928CB.d.CB6573956B94A1F6B77311C8FE478B16.e.5872","ELEMENT":"f.8FEDB17297EEB2F430C5C9DB657928CB.d.CB6573956B94A1F6B77311C8FE478B16.e.5872"}]}
RESULT: {"script":"<script> [8489 bytes]","args":[{"element-6066-11e4-a52e-4f735466cecf":"f.8FEDB17297EEB2F430C5C9DB657928CB.d.CB6573956B94A1F6B77311C8FE478B16.e.5872","ELEMENT":"f.8FEDB17297EEB2F430C5C9DB657928CB.d.CB6573956B94A1F6B77311C8FE478B16.e.5872"}]}
COMMAND: GET /session/2308dad0f2a7537c6be193a87bfcce7d/element/f.8FEDB17297EEB2F430C5C9DB657928CB.d.CB6573956B94A1F6B77311C8FE478B16.e.5872/enabled - {}
COMMAND: GET /session/2308dad0f2a7537c6be193a87bfcce7d/screenshot - {}
RESULT: {}
COMMAND: POST /session/2308dad0f2a7537c6be193a87bfcce7d/execute/sync - {"script":"<script> [8489 bytes]","args":[{"element-6066-11e4-a52e-4f735466cecf":"f.8FEDB17297EEB2F430C5C9DB657928CB.d.CB6573956B94A1F6B77311C8FE478B16.e.5872","ELEMENT":"f.8FEDB17297EEB2F430C5C9DB657928CB.d.CB6573956B94A1F6B77311C8FE478B16.e.5872"}]}
COMMAND: GET /session/2308dad0f2a7537c6be193a87bfcce7d/screenshot - {}
RESULT: {}
RESULT: {"script":"<script> [8489 bytes]","args":[{"element-6066-11e4-a52e-4f735466cecf":"f.8FEDB17297EEB2F430C5C9DB657928CB.d.CB6573956B94A1F6B77311C8FE478B16.e.5872","ELEMENT":"f.8FEDB17297EEB2F430C5C9DB657928CB.d.CB6573956B94A1F6B77311C8FE478B16.e.5872"}]}
COMMAND: POST /session/2308dad0f2a7537c6be193a87bfcce7d/execute/sync - {"script":"<script> [5351 bytes]","args":[{"element-6066-11e4-a52e-4f735466cecf":"f.8FEDB17297EEB2F430C5C9DB657928CB.d.CB6573956B94A1F6B77311C8FE478B16.e.5872","ELEMENT":"f.8FEDB17297EEB2F430C5C9DB657928CB.d.CB6573956B94A1F6B77311C8FE478B16.e.5872"}]}
COMMAND: GET /session/2308dad0f2a7537c6be193a87bfcce7d/screenshot - {}
RESULT: {}
RESULT: {"script":"<script> [5351 bytes]","args":[{"element-6066-11e4-a52e-4f735466cecf":"f.8FEDB17297EEB2F430C5C9DB657928CB.d.CB6573956B94A1F6B77311C8FE478B16.e.5872","ELEMENT":"f.8FEDB17297EEB2F430C5C9DB657928CB.d.CB6573956B94A1F6B77311C8FE478B16.e.5872"}]}
COMMAND: GET /session/2308dad0f2a7537c6be193a87bfcce7d/screenshot - {}
RESULT: {}
RESULT: {}
COMMAND: POST /session/2308dad0f2a7537c6be193a87bfcce7d/element - {"using":"xpath","value":"//span[@id=\"application-managepartners-display-component---masterPtm--smartTable-header-inner\"]"}
RESULT: {"using":"xpath","value":"//span[@id=\"application-managepartners-display-component---masterPtm--smartTable-header-inner\"]"}
COMMAND: POST /session/2308dad0f2a7537c6be193a87bfcce7d/elements - {"using":"xpath","value":"//span[@id=\"application-managepartners-display-component---masterPtm--smartTable-header-inner\"]"}
RESULT: {"using":"xpath","value":"//span[@id=\"application-managepartners-display-component---masterPtm--smartTable-header-inner\"]"}
COMMAND: POST /session/2308dad0f2a7537c6be193a87bfcce7d/execute/sync - {"script":"<script> [56 bytes]","args":[{"element-6066-11e4-a52e-4f735466cecf":"f.8FEDB17297EEB2F430C5C9DB657928CB.d.CB6573956B94A1F6B77311C8FE478B16.e.6009","ELEMENT":"f.8FEDB17297EEB2F430C5C9DB657928CB.d.CB6573956B94A1F6B77311C8FE478B16.e.6009"}]}
RESULT: {"script":"<script> [56 bytes]","args":[{"element-6066-11e4-a52e-4f735466cecf":"f.8FEDB17297EEB2F430C5C9DB657928CB.d.CB6573956B94A1F6B77311C8FE478B16.e.6009","ELEMENT":"f.8FEDB17297EEB2F430C5C9DB657928CB.d.CB6573956B94A1F6B77311C8FE478B16.e.6009"}]}
RESULT: undefined
COMMAND: POST /session/2308dad0f2a7537c6be193a87bfcce7d/execute/async - {"script":"<script> [776 bytes]","args":[{"enterText":"External Partner WDIO","selector":{"id":"application-managepartners-display-component---masterPtm--smartFilterBar-btnBasicSearch","interaction":{"idSuffix":"I"}},"clearTextFirst":true,"interactionType":"ENTER_TEXT"}]}
COMMAND: GET /session/2308dad0f2a7537c6be193a87bfcce7d/screenshot - {}
RESULT: {"script":"<script> [776 bytes]","args":[{"enterText":"External Partner WDIO","selector":{"id":"application-managepartners-display-component---masterPtm--smartFilterBar-btnBasicSearch","interaction":{"idSuffix":"I"}},"clearTextFirst":true,"interactionType":"ENTER_TEXT"}]}
RESULT: {}
COMMAND: POST /session/2308dad0f2a7537c6be193a87bfcce7d/actions - {"actions":[{"id":"action17","type":"key","parameters":{},"actions":[{"type":"keyDown","value":""},{"type":"pause","duration":10},{"type":"keyUp","value":""}]}]}
RESULT: {"actions":[{"id":"action17","type":"key","parameters":{},"actions":[{"type":"keyDown","value":""},{"type":"pause","duration":10},{"type":"keyUp","value":""}]}]}
COMMAND: GET /session/2308dad0f2a7537c6be193a87bfcce7d/screenshot - {}
RESULT: {}
COMMAND: POST /session/2308dad0f2a7537c6be193a87bfcce7d/element - {"using":"xpath","value":"//span[@id=\"application-managepartners-display-component---masterPtm--smartTable-header-inner\"]"}
RESULT: {"using":"xpath","value":"//span[@id=\"application-managepartners-display-component---masterPtm--smartTable-header-inner\"]"}
COMMAND: POST /session/2308dad0f2a7537c6be193a87bfcce7d/elements - {"using":"xpath","value":"//span[@id=\"application-managepartners-display-component---masterPtm--smartTable-header-inner\"]"}
RESULT: {"using":"xpath","value":"//span[@id=\"application-managepartners-display-component---masterPtm--smartTable-header-inner\"]"}
COMMAND: POST /session/2308dad0f2a7537c6be193a87bfcce7d/execute/sync - {"script":"<script> [56 bytes]","args":[{"element-6066-11e4-a52e-4f735466cecf":"f.8FEDB17297EEB2F430C5C9DB657928CB.d.CB6573956B94A1F6B77311C8FE478B16.e.6009","ELEMENT":"f.8FEDB17297EEB2F430C5C9DB657928CB.d.CB6573956B94A1F6B77311C8FE478B16.e.6009"}]}
RESULT: {"script":"<script> [56 bytes]","args":[{"element-6066-11e4-a52e-4f735466cecf":"f.8FEDB17297EEB2F430C5C9DB657928CB.d.CB6573956B94A1F6B77311C8FE478B16.e.6009","ELEMENT":"f.8FEDB17297EEB2F430C5C9DB657928CB.d.CB6573956B94A1F6B77311C8FE478B16.e.6009"}]}
COMMAND: POST /session/2308dad0f2a7537c6be193a87bfcce7d/element - {"using":"xpath","value":"//div[contains(@id, \"managepartners-display-component---masterPtm--smartFilterBar-btnBasicSearch-reset\")]"}
COMMAND: GET /session/2308dad0f2a7537c6be193a87bfcce7d/screenshot - {}
RESULT: {"using":"xpath","value":"//div[contains(@id, \"managepartners-display-component---masterPtm--smartFilterBar-btnBasicSearch-reset\")]"}
COMMAND: POST /session/2308dad0f2a7537c6be193a87bfcce7d/element/f.8FEDB17297EEB2F430C5C9DB657928CB.d.CB6573956B94A1F6B77311C8FE478B16.e.6147/click - {}
RESULT: {}
RESULT: {}
COMMAND: GET /session/2308dad0f2a7537c6be193a87bfcce7d/screenshot - {}
RESULT: {}
COMMAND: POST /session/2308dad0f2a7537c6be193a87bfcce7d/execute/async - {"script":"<script> [1562 bytes]","args":[{"selector":{"id":"application-managepartners-display-component---masterPtm--smartFilterBar-filterItemControl_BASIC-MAIN_ADDRESS-vhi"},"wdio_ui5_key":"applicationmanagepartners-display-component---masterPtm--smartFilterBar-filterItemControl_BASIC-MAIN_ADDRESS-vhi"}]}
RESULT: {"script":"<script> [1562 bytes]","args":[{"selector":{"id":"application-managepartners-display-component---masterPtm--smartFilterBar-filterItemControl_BASIC-MAIN_ADDRESS-vhi"},"wdio_ui5_key":"applicationmanagepartners-display-component---masterPtm--smartFilterBar-filterItemControl_BASIC-MAIN_ADDRESS-vhi"}]}
RESULT: undefined
COMMAND: POST /session/2308dad0f2a7537c6be193a87bfcce7d/element - {"using":"xpath","value":"//*[@id=\"application-managepartners-display-component---masterPtm--smartFilterBar-filterItemControl_BASIC-MAIN_ADDRESS-vhi\"]"}
RESULT: {"using":"xpath","value":"//*[@id=\"application-managepartners-display-component---masterPtm--smartFilterBar-filterItemControl_BASIC-MAIN_ADDRESS-vhi\"]"}
COMMAND: POST /session/2308dad0f2a7537c6be193a87bfcce7d/element/f.8FEDB17297EEB2F430C5C9DB657928CB.d.CB6573956B94A1F6B77311C8FE478B16.e.6230/click - {}
RESULT: {}
COMMAND: GET /session/2308dad0f2a7537c6be193a87bfcce7d/screenshot - {}
RESULT: {}
COMMAND: POST /session/2308dad0f2a7537c6be193a87bfcce7d/execute/async - {"script":"<script> [1562 bytes]","args":[{"selector":{"id":"application-managepartners-display-component---masterPtm--smartFilterBar-filterItemControl_BASIC-MAIN_ADDRESS-valueHelpDialog-smartFilterBar-btnBasicSearch","searchOpenDialogs":true,"interaction":{"idSuffix":"I"}},"wdio_ui5_key":"applicationmanagepartners-display-component---masterPtm--smartFilterBar-filterItemControl_BASIC-MAIN_ADDRESS-valueHelpDialog-smartFilterBar-btnBasicSearch"}]}
RESULT: {"script":"<script> [1562 bytes]","args":[{"selector":{"id":"application-managepartners-display-component---masterPtm--smartFilterBar-filterItemControl_BASIC-MAIN_ADDRESS-valueHelpDialog-smartFilterBar-btnBasicSearch","searchOpenDialogs":true,"interaction":{"idSuffix":"I"}},"wdio_ui5_key":"applicationmanagepartners-display-component---masterPtm--smartFilterBar-filterItemControl_BASIC-MAIN_ADDRESS-valueHelpDialog-smartFilterBar-btnBasicSearch"}]}
RESULT: undefined
COMMAND: POST /session/2308dad0f2a7537c6be193a87bfcce7d/execute/async - {"script":"<script> [776 bytes]","args":[{"enterText":"Romania","selector":{"id":"application-managepartners-display-component---masterPtm--smartFilterBar-filterItemControl_BASIC-MAIN_ADDRESS-valueHelpDialog-smartFilterBar-btnBasicSearch","searchOpenDialogs":true,"interaction":{"idSuffix":"I"}},"clearTextFirst":true,"interactionType":"ENTER_TEXT"}]}
RESULT: {"script":"<script> [776 bytes]","args":[{"enterText":"Romania","selector":{"id":"application-managepartners-display-component---masterPtm--smartFilterBar-filterItemControl_BASIC-MAIN_ADDRESS-valueHelpDialog-smartFilterBar-btnBasicSearch","searchOpenDialogs":true,"interaction":{"idSuffix":"I"}},"clearTextFirst":true,"interactionType":"ENTER_TEXT"}]}
COMMAND: POST /session/2308dad0f2a7537c6be193a87bfcce7d/actions - {"actions":[{"id":"action18","type":"key","parameters":{},"actions":[{"type":"keyDown","value":""},{"type":"pause","duration":10},{"type":"keyUp","value":""}]}]}
RESULT: {"actions":[{"id":"action18","type":"key","parameters":{},"actions":[{"type":"keyDown","value":""},{"type":"pause","duration":10},{"type":"keyUp","value":""}]}]}
COMMAND: POST /session/2308dad0f2a7537c6be193a87bfcce7d/elements - {"using":"xpath","value":"//table[contains(@id, \"smartFilterBar-filterItemControl_BASIC-MAIN_ADDRESS-valueHelpDialog-table-table\")]/tbody/tr"}
COMMAND: GET /session/2308dad0f2a7537c6be193a87bfcce7d/screenshot - {}
RESULT: {"using":"xpath","value":"//table[contains(@id, \"smartFilterBar-filterItemControl_BASIC-MAIN_ADDRESS-valueHelpDialog-table-table\")]/tbody/tr"}
COMMAND: POST /session/2308dad0f2a7537c6be193a87bfcce7d/element - {"using":"xpath","value":"//table[contains(@id, \"smartFilterBar-filterItemControl_BASIC-MAIN_ADDRESS-valueHelpDialog-table-table\")]/tbody/tr[1]/td[1]/div/span"}
RESULT: {}
RESULT: {"using":"xpath","value":"//table[contains(@id, \"smartFilterBar-filterItemControl_BASIC-MAIN_ADDRESS-valueHelpDialog-table-table\")]/tbody/tr[1]/td[1]/div/span"}
COMMAND: POST /session/2308dad0f2a7537c6be193a87bfcce7d/elements - {"using":"xpath","value":"//table[contains(@id, \"smartFilterBar-filterItemControl_BASIC-MAIN_ADDRESS-valueHelpDialog-table-table\")]/tbody/tr[1]/td[1]/div/span"}
RESULT: {"using":"xpath","value":"//table[contains(@id, \"smartFilterBar-filterItemControl_BASIC-MAIN_ADDRESS-valueHelpDialog-table-table\")]/tbody/tr[1]/td[1]/div/span"}
COMMAND: POST /session/2308dad0f2a7537c6be193a87bfcce7d/execute/sync - {"script":"<script> [56 bytes]","args":[{"element-6066-11e4-a52e-4f735466cecf":"f.8FEDB17297EEB2F430C5C9DB657928CB.d.CB6573956B94A1F6B77311C8FE478B16.e.6250","ELEMENT":"f.8FEDB17297EEB2F430C5C9DB657928CB.d.CB6573956B94A1F6B77311C8FE478B16.e.6250"}]}
RESULT: {"script":"<script> [56 bytes]","args":[{"element-6066-11e4-a52e-4f735466cecf":"f.8FEDB17297EEB2F430C5C9DB657928CB.d.CB6573956B94A1F6B77311C8FE478B16.e.6250","ELEMENT":"f.8FEDB17297EEB2F430C5C9DB657928CB.d.CB6573956B94A1F6B77311C8FE478B16.e.6250"}]}
COMMAND: POST /session/2308dad0f2a7537c6be193a87bfcce7d/element - {"using":"xpath","value":"//div[contains(@id, \"filterItemControl_BASIC-MAIN_ADDRESS-valueHelpDialog-table-rowsel0\")]"}
COMMAND: GET /session/2308dad0f2a7537c6be193a87bfcce7d/screenshot - {}
RESULT: {"using":"xpath","value":"//div[contains(@id, \"filterItemControl_BASIC-MAIN_ADDRESS-valueHelpDialog-table-rowsel0\")]"}
COMMAND: POST /session/2308dad0f2a7537c6be193a87bfcce7d/element/f.8FEDB17297EEB2F430C5C9DB657928CB.d.CB6573956B94A1F6B77311C8FE478B16.e.6251/click - {}
RESULT: {}
RESULT: {}
COMMAND: GET /session/2308dad0f2a7537c6be193a87bfcce7d/screenshot - {}
RESULT: {}
COMMAND: POST /session/2308dad0f2a7537c6be193a87bfcce7d/element - {"using":"xpath","value":"(//bdi[contains(text(), \"OK\")])[1]"}
RESULT: {"using":"xpath","value":"(//bdi[contains(text(), \"OK\")])[1]"}
COMMAND: POST /session/2308dad0f2a7537c6be193a87bfcce7d/element/f.8FEDB17297EEB2F430C5C9DB657928CB.d.CB6573956B94A1F6B77311C8FE478B16.e.6253/click - {}
RESULT: {}
COMMAND: GET /session/2308dad0f2a7537c6be193a87bfcce7d/screenshot - {}
RESULT: {}
COMMAND: POST /session/2308dad0f2a7537c6be193a87bfcce7d/element - {"using":"xpath","value":"//span[@id=\"application-managepartners-display-component---masterPtm--smartTable-header-inner\"]"}
RESULT: {"using":"xpath","value":"//span[@id=\"application-managepartners-display-component---masterPtm--smartTable-header-inner\"]"}
COMMAND: POST /session/2308dad0f2a7537c6be193a87bfcce7d/elements - {"using":"xpath","value":"//span[@id=\"application-managepartners-display-component---masterPtm--smartTable-header-inner\"]"}
RESULT: {"using":"xpath","value":"//span[@id=\"application-managepartners-display-component---masterPtm--smartTable-header-inner\"]"}
COMMAND: POST /session/2308dad0f2a7537c6be193a87bfcce7d/execute/sync - {"script":"<script> [56 bytes]","args":[{"element-6066-11e4-a52e-4f735466cecf":"f.8FEDB17297EEB2F430C5C9DB657928CB.d.CB6573956B94A1F6B77311C8FE478B16.e.6009","ELEMENT":"f.8FEDB17297EEB2F430C5C9DB657928CB.d.CB6573956B94A1F6B77311C8FE478B16.e.6009"}]}
RESULT: {"script":"<script> [56 bytes]","args":[{"element-6066-11e4-a52e-4f735466cecf":"f.8FEDB17297EEB2F430C5C9DB657928CB.d.CB6573956B94A1F6B77311C8FE478B16.e.6009","ELEMENT":"f.8FEDB17297EEB2F430C5C9DB657928CB.d.CB6573956B94A1F6B77311C8FE478B16.e.6009"}]}
COMMAND: POST /session/2308dad0f2a7537c6be193a87bfcce7d/element - {"using":"xpath","value":"//span[contains(@title, \"Remove\")]"}
COMMAND: GET /session/2308dad0f2a7537c6be193a87bfcce7d/screenshot - {}
RESULT: {"using":"xpath","value":"//span[contains(@title, \"Remove\")]"}
COMMAND: POST /session/2308dad0f2a7537c6be193a87bfcce7d/element/f.8FEDB17297EEB2F430C5C9DB657928CB.d.CB6573956B94A1F6B77311C8FE478B16.e.6266/click - {}
RESULT: {}
RESULT: {}
COMMAND: GET /session/2308dad0f2a7537c6be193a87bfcce7d/screenshot - {}
RESULT: {}
COMMAND: POST /session/2308dad0f2a7537c6be193a87bfcce7d/element - {"using":"xpath","value":"//span[@id=\"application-managepartners-display-component---masterPtm--smartTable-header-inner\"]"}
RESULT: {"using":"xpath","value":"//span[@id=\"application-managepartners-display-component---masterPtm--smartTable-header-inner\"]"}
COMMAND: POST /session/2308dad0f2a7537c6be193a87bfcce7d/elements - {"using":"xpath","value":"//span[@id=\"application-managepartners-display-component---masterPtm--smartTable-header-inner\"]"}
RESULT: {"using":"xpath","value":"//span[@id=\"application-managepartners-display-component---masterPtm--smartTable-header-inner\"]"}
COMMAND: POST /session/2308dad0f2a7537c6be193a87bfcce7d/execute/sync - {"script":"<script> [56 bytes]","args":[{"element-6066-11e4-a52e-4f735466cecf":"f.8FEDB17297EEB2F430C5C9DB657928CB.d.CB6573956B94A1F6B77311C8FE478B16.e.6009","ELEMENT":"f.8FEDB17297EEB2F430C5C9DB657928CB.d.CB6573956B94A1F6B77311C8FE478B16.e.6009"}]}
RESULT: {"script":"<script> [56 bytes]","args":[{"element-6066-11e4-a52e-4f735466cecf":"f.8FEDB17297EEB2F430C5C9DB657928CB.d.CB6573956B94A1F6B77311C8FE478B16.e.6009","ELEMENT":"f.8FEDB17297EEB2F430C5C9DB657928CB.d.CB6573956B94A1F6B77311C8FE478B16.e.6009"}]}
COMMAND: POST /session/2308dad0f2a7537c6be193a87bfcce7d/execute/async - {"script":"<script> [1562 bytes]","args":[{"selector":{"id":"application-managepartners-display-component---masterPtm--smartFilterBar-filterItemControl_BASIC-YARD-vhi"},"wdio_ui5_key":"applicationmanagepartners-display-component---masterPtm--smartFilterBar-filterItemControl_BASIC-YARD-vhi"}]}
COMMAND: GET /session/2308dad0f2a7537c6be193a87bfcce7d/screenshot - {}
RESULT: {"script":"<script> [1562 bytes]","args":[{"selector":{"id":"application-managepartners-display-component---masterPtm--smartFilterBar-filterItemControl_BASIC-YARD-vhi"},"wdio_ui5_key":"applicationmanagepartners-display-component---masterPtm--smartFilterBar-filterItemControl_BASIC-YARD-vhi"}]}
RESULT: undefined
COMMAND: POST /session/2308dad0f2a7537c6be193a87bfcce7d/element - {"using":"xpath","value":"//*[@id=\"application-managepartners-display-component---masterPtm--smartFilterBar-filterItemControl_BASIC-YARD-vhi\"]"}
RESULT: {}
RESULT: {"using":"xpath","value":"//*[@id=\"application-managepartners-display-component---masterPtm--smartFilterBar-filterItemControl_BASIC-YARD-vhi\"]"}
COMMAND: POST /session/2308dad0f2a7537c6be193a87bfcce7d/element/f.8FEDB17297EEB2F430C5C9DB657928CB.d.CB6573956B94A1F6B77311C8FE478B16.e.6369/click - {}
RESULT: {}
COMMAND: GET /session/2308dad0f2a7537c6be193a87bfcce7d/screenshot - {}
RESULT: {}
COMMAND: POST /session/2308dad0f2a7537c6be193a87bfcce7d/execute/async - {"script":"<script> [1562 bytes]","args":[{"selector":{"id":"application-managepartners-display-component---masterPtm--smartFilterBar-filterItemControl_BASIC-YARD-valueHelpDialog-smartFilterBar-btnBasicSearch","searchOpenDialogs":true,"interaction":{"idSuffix":"I"}},"wdio_ui5_key":"applicationmanagepartners-display-component---masterPtm--smartFilterBar-filterItemControl_BASIC-YARD-valueHelpDialog-smartFilterBar-btnBasicSearch"}]}
RESULT: {"script":"<script> [1562 bytes]","args":[{"selector":{"id":"application-managepartners-display-component---masterPtm--smartFilterBar-filterItemControl_BASIC-YARD-valueHelpDialog-smartFilterBar-btnBasicSearch","searchOpenDialogs":true,"interaction":{"idSuffix":"I"}},"wdio_ui5_key":"applicationmanagepartners-display-component---masterPtm--smartFilterBar-filterItemControl_BASIC-YARD-valueHelpDialog-smartFilterBar-btnBasicSearch"}]}
RESULT: undefined
COMMAND: POST /session/2308dad0f2a7537c6be193a87bfcce7d/execute/async - {"script":"<script> [776 bytes]","args":[{"enterText":"Test","selector":{"id":"application-managepartners-display-component---masterPtm--smartFilterBar-filterItemControl_BASIC-YARD-valueHelpDialog-smartFilterBar-btnBasicSearch","searchOpenDialogs":true,"interaction":{"idSuffix":"I"}},"clearTextFirst":true,"interactionType":"ENTER_TEXT"}]}
RESULT: {"script":"<script> [776 bytes]","args":[{"enterText":"Test","selector":{"id":"application-managepartners-display-component---masterPtm--smartFilterBar-filterItemControl_BASIC-YARD-valueHelpDialog-smartFilterBar-btnBasicSearch","searchOpenDialogs":true,"interaction":{"idSuffix":"I"}},"clearTextFirst":true,"interactionType":"ENTER_TEXT"}]}
COMMAND: POST /session/2308dad0f2a7537c6be193a87bfcce7d/actions - {"actions":[{"id":"action19","type":"key","parameters":{},"actions":[{"type":"keyDown","value":""},{"type":"pause","duration":10},{"type":"keyUp","value":""}]}]}
RESULT: {"actions":[{"id":"action19","type":"key","parameters":{},"actions":[{"type":"keyDown","value":""},{"type":"pause","duration":10},{"type":"keyUp","value":""}]}]}
COMMAND: POST /session/2308dad0f2a7537c6be193a87bfcce7d/elements - {"using":"xpath","value":"//table[contains(@id, \"smartFilterBar-filterItemControl_BASIC-YARD-valueHelpDialog-table-table\")]/tbody/tr"}
COMMAND: GET /session/2308dad0f2a7537c6be193a87bfcce7d/screenshot - {}
RESULT: {"using":"xpath","value":"//table[contains(@id, \"smartFilterBar-filterItemControl_BASIC-YARD-valueHelpDialog-table-table\")]/tbody/tr"}
COMMAND: POST /session/2308dad0f2a7537c6be193a87bfcce7d/element - {"using":"xpath","value":"//table[contains(@id, \"smartFilterBar-filterItemControl_BASIC-YARD-valueHelpDialog-table-table\")]/tbody/tr[1]/td[1]/div/span"}
RESULT: {}
RESULT: {"using":"xpath","value":"//table[contains(@id, \"smartFilterBar-filterItemControl_BASIC-YARD-valueHelpDialog-table-table\")]/tbody/tr[1]/td[1]/div/span"}
COMMAND: POST /session/2308dad0f2a7537c6be193a87bfcce7d/elements - {"using":"xpath","value":"//table[contains(@id, \"smartFilterBar-filterItemControl_BASIC-YARD-valueHelpDialog-table-table\")]/tbody/tr[1]/td[1]/div/span"}
RESULT: {"using":"xpath","value":"//table[contains(@id, \"smartFilterBar-filterItemControl_BASIC-YARD-valueHelpDialog-table-table\")]/tbody/tr[1]/td[1]/div/span"}
COMMAND: POST /session/2308dad0f2a7537c6be193a87bfcce7d/execute/sync - {"script":"<script> [56 bytes]","args":[{"element-6066-11e4-a52e-4f735466cecf":"f.8FEDB17297EEB2F430C5C9DB657928CB.d.CB6573956B94A1F6B77311C8FE478B16.e.6391","ELEMENT":"f.8FEDB17297EEB2F430C5C9DB657928CB.d.CB6573956B94A1F6B77311C8FE478B16.e.6391"}]}
RESULT: {"script":"<script> [56 bytes]","args":[{"element-6066-11e4-a52e-4f735466cecf":"f.8FEDB17297EEB2F430C5C9DB657928CB.d.CB6573956B94A1F6B77311C8FE478B16.e.6391","ELEMENT":"f.8FEDB17297EEB2F430C5C9DB657928CB.d.CB6573956B94A1F6B77311C8FE478B16.e.6391"}]}
COMMAND: POST /session/2308dad0f2a7537c6be193a87bfcce7d/element - {"using":"xpath","value":"//table[contains(@id, \"smartFilterBar-filterItemControl_BASIC-YARD-valueHelpDialog-table-table\")]/tbody/tr[2]/td[1]/div/span"}
COMMAND: GET /session/2308dad0f2a7537c6be193a87bfcce7d/screenshot - {}
RESULT: {"using":"xpath","value":"//table[contains(@id, \"smartFilterBar-filterItemControl_BASIC-YARD-valueHelpDialog-table-table\")]/tbody/tr[2]/td[1]/div/span"}
COMMAND: POST /session/2308dad0f2a7537c6be193a87bfcce7d/elements - {"using":"xpath","value":"//table[contains(@id, \"smartFilterBar-filterItemControl_BASIC-YARD-valueHelpDialog-table-table\")]/tbody/tr[2]/td[1]/div/span"}
RESULT: {}
RESULT: {"using":"xpath","value":"//table[contains(@id, \"smartFilterBar-filterItemControl_BASIC-YARD-valueHelpDialog-table-table\")]/tbody/tr[2]/td[1]/div/span"}
COMMAND: POST /session/2308dad0f2a7537c6be193a87bfcce7d/execute/sync - {"script":"<script> [56 bytes]","args":[{"element-6066-11e4-a52e-4f735466cecf":"f.8FEDB17297EEB2F430C5C9DB657928CB.d.CB6573956B94A1F6B77311C8FE478B16.e.6392","ELEMENT":"f.8FEDB17297EEB2F430C5C9DB657928CB.d.CB6573956B94A1F6B77311C8FE478B16.e.6392"}]}
RESULT: {"script":"<script> [56 bytes]","args":[{"element-6066-11e4-a52e-4f735466cecf":"f.8FEDB17297EEB2F430C5C9DB657928CB.d.CB6573956B94A1F6B77311C8FE478B16.e.6392","ELEMENT":"f.8FEDB17297EEB2F430C5C9DB657928CB.d.CB6573956B94A1F6B77311C8FE478B16.e.6392"}]}
COMMAND: POST /session/2308dad0f2a7537c6be193a87bfcce7d/element - {"using":"xpath","value":"//table[contains(@id, \"smartFilterBar-filterItemControl_BASIC-YARD-valueHelpDialog-table-table\")]/tbody/tr[3]/td[1]/div/span"}
COMMAND: GET /session/2308dad0f2a7537c6be193a87bfcce7d/screenshot - {}
RESULT: {"using":"xpath","value":"//table[contains(@id, \"smartFilterBar-filterItemControl_BASIC-YARD-valueHelpDialog-table-table\")]/tbody/tr[3]/td[1]/div/span"}
COMMAND: POST /session/2308dad0f2a7537c6be193a87bfcce7d/elements - {"using":"xpath","value":"//table[contains(@id, \"smartFilterBar-filterItemControl_BASIC-YARD-valueHelpDialog-table-table\")]/tbody/tr[3]/td[1]/div/span"}
RESULT: {}
RESULT: {"using":"xpath","value":"//table[contains(@id, \"smartFilterBar-filterItemControl_BASIC-YARD-valueHelpDialog-table-table\")]/tbody/tr[3]/td[1]/div/span"}
COMMAND: POST /session/2308dad0f2a7537c6be193a87bfcce7d/execute/sync - {"script":"<script> [56 bytes]","args":[{"element-6066-11e4-a52e-4f735466cecf":"f.8FEDB17297EEB2F430C5C9DB657928CB.d.CB6573956B94A1F6B77311C8FE478B16.e.6393","ELEMENT":"f.8FEDB17297EEB2F430C5C9DB657928CB.d.CB6573956B94A1F6B77311C8FE478B16.e.6393"}]}
RESULT: {"script":"<script> [56 bytes]","args":[{"element-6066-11e4-a52e-4f735466cecf":"f.8FEDB17297EEB2F430C5C9DB657928CB.d.CB6573956B94A1F6B77311C8FE478B16.e.6393","ELEMENT":"f.8FEDB17297EEB2F430C5C9DB657928CB.d.CB6573956B94A1F6B77311C8FE478B16.e.6393"}]}
COMMAND: POST /session/2308dad0f2a7537c6be193a87bfcce7d/element - {"using":"xpath","value":"//div[contains(@id, \"filterItemControl_BASIC-YARD-valueHelpDialog-table-rowsel2\")]"}
COMMAND: GET /session/2308dad0f2a7537c6be193a87bfcce7d/screenshot - {}
RESULT: {"using":"xpath","value":"//div[contains(@id, \"filterItemControl_BASIC-YARD-valueHelpDialog-table-rowsel2\")]"}
COMMAND: POST /session/2308dad0f2a7537c6be193a87bfcce7d/element/f.8FEDB17297EEB2F430C5C9DB657928CB.d.CB6573956B94A1F6B77311C8FE478B16.e.6394/click - {}
RESULT: {}
RESULT: {}
COMMAND: GET /session/2308dad0f2a7537c6be193a87bfcce7d/screenshot - {}
RESULT: {}
COMMAND: POST /session/2308dad0f2a7537c6be193a87bfcce7d/element - {"using":"xpath","value":"(//bdi[contains(text(), \"OK\")])[1]"}
RESULT: {"using":"xpath","value":"(//bdi[contains(text(), \"OK\")])[1]"}
COMMAND: POST /session/2308dad0f2a7537c6be193a87bfcce7d/element/f.8FEDB17297EEB2F430C5C9DB657928CB.d.CB6573956B94A1F6B77311C8FE478B16.e.6396/click - {}
RESULT: {}
COMMAND: GET /session/2308dad0f2a7537c6be193a87bfcce7d/screenshot - {}
RESULT: {}
COMMAND: POST /session/2308dad0f2a7537c6be193a87bfcce7d/element - {"using":"xpath","value":"//span[@id=\"application-managepartners-display-component---masterPtm--smartTable-header-inner\"]"}
RESULT: {"using":"xpath","value":"//span[@id=\"application-managepartners-display-component---masterPtm--smartTable-header-inner\"]"}
COMMAND: POST /session/2308dad0f2a7537c6be193a87bfcce7d/elements - {"using":"xpath","value":"//span[@id=\"application-managepartners-display-component---masterPtm--smartTable-header-inner\"]"}
RESULT: {"using":"xpath","value":"//span[@id=\"application-managepartners-display-component---masterPtm--smartTable-header-inner\"]"}
COMMAND: POST /session/2308dad0f2a7537c6be193a87bfcce7d/execute/sync - {"script":"<script> [56 bytes]","args":[{"element-6066-11e4-a52e-4f735466cecf":"f.8FEDB17297EEB2F430C5C9DB657928CB.d.CB6573956B94A1F6B77311C8FE478B16.e.6009","ELEMENT":"f.8FEDB17297EEB2F430C5C9DB657928CB.d.CB6573956B94A1F6B77311C8FE478B16.e.6009"}]}
RESULT: {"script":"<script> [56 bytes]","args":[{"element-6066-11e4-a52e-4f735466cecf":"f.8FEDB17297EEB2F430C5C9DB657928CB.d.CB6573956B94A1F6B77311C8FE478B16.e.6009","ELEMENT":"f.8FEDB17297EEB2F430C5C9DB657928CB.d.CB6573956B94A1F6B77311C8FE478B16.e.6009"}]}
COMMAND: POST /session/2308dad0f2a7537c6be193a87bfcce7d/element - {"using":"xpath","value":"//span[contains(@title, \"Remove\")]"}
COMMAND: GET /session/2308dad0f2a7537c6be193a87bfcce7d/screenshot - {}
RESULT: {"using":"xpath","value":"//span[contains(@title, \"Remove\")]"}
COMMAND: POST /session/2308dad0f2a7537c6be193a87bfcce7d/element/f.8FEDB17297EEB2F430C5C9DB657928CB.d.CB6573956B94A1F6B77311C8FE478B16.e.6409/click - {}
RESULT: {}
RESULT: {}
COMMAND: GET /session/2308dad0f2a7537c6be193a87bfcce7d/screenshot - {}
RESULT: {}
COMMAND: POST /session/2308dad0f2a7537c6be193a87bfcce7d/element - {"using":"xpath","value":"//span[@id=\"application-managepartners-display-component---masterPtm--smartTable-header-inner\"]"}
RESULT: {"using":"xpath","value":"//span[@id=\"application-managepartners-display-component---masterPtm--smartTable-header-inner\"]"}
COMMAND: POST /session/2308dad0f2a7537c6be193a87bfcce7d/elements - {"using":"xpath","value":"//span[@id=\"application-managepartners-display-component---masterPtm--smartTable-header-inner\"]"}
RESULT: {"using":"xpath","value":"//span[@id=\"application-managepartners-display-component---masterPtm--smartTable-header-inner\"]"}
COMMAND: POST /session/2308dad0f2a7537c6be193a87bfcce7d/execute/sync - {"script":"<script> [56 bytes]","args":[{"element-6066-11e4-a52e-4f735466cecf":"f.8FEDB17297EEB2F430C5C9DB657928CB.d.CB6573956B94A1F6B77311C8FE478B16.e.6009","ELEMENT":"f.8FEDB17297EEB2F430C5C9DB657928CB.d.CB6573956B94A1F6B77311C8FE478B16.e.6009"}]}
RESULT: {"script":"<script> [56 bytes]","args":[{"element-6066-11e4-a52e-4f735466cecf":"f.8FEDB17297EEB2F430C5C9DB657928CB.d.CB6573956B94A1F6B77311C8FE478B16.e.6009","ELEMENT":"f.8FEDB17297EEB2F430C5C9DB657928CB.d.CB6573956B94A1F6B77311C8FE478B16.e.6009"}]}
COMMAND: POST /session/2308dad0f2a7537c6be193a87bfcce7d/execute/async - {"script":"<script> [1562 bytes]","args":[{"selector":{"id":"application-managepartners-display-component---masterPtm--smartFilterBar-filterItemControl_BASIC-ALL_TAGS-vhi"},"wdio_ui5_key":"applicationmanagepartners-display-component---masterPtm--smartFilterBar-filterItemControl_BASIC-ALL_TAGS-vhi"}]}
COMMAND: GET /session/2308dad0f2a7537c6be193a87bfcce7d/screenshot - {}
RESULT: {"script":"<script> [1562 bytes]","args":[{"selector":{"id":"application-managepartners-display-component---masterPtm--smartFilterBar-filterItemControl_BASIC-ALL_TAGS-vhi"},"wdio_ui5_key":"applicationmanagepartners-display-component---masterPtm--smartFilterBar-filterItemControl_BASIC-ALL_TAGS-vhi"}]}
RESULT: undefined
COMMAND: POST /session/2308dad0f2a7537c6be193a87bfcce7d/element - {"using":"xpath","value":"//*[@id=\"application-managepartners-display-component---masterPtm--smartFilterBar-filterItemControl_BASIC-ALL_TAGS-vhi\"]"}
RESULT: {}
RESULT: {"using":"xpath","value":"//*[@id=\"application-managepartners-display-component---masterPtm--smartFilterBar-filterItemControl_BASIC-ALL_TAGS-vhi\"]"}
COMMAND: POST /session/2308dad0f2a7537c6be193a87bfcce7d/element/f.8FEDB17297EEB2F430C5C9DB657928CB.d.CB6573956B94A1F6B77311C8FE478B16.e.6514/click - {}
RESULT: {}
COMMAND: GET /session/2308dad0f2a7537c6be193a87bfcce7d/screenshot - {}
RESULT: {}
COMMAND: POST /session/2308dad0f2a7537c6be193a87bfcce7d/execute/async - {"script":"<script> [1562 bytes]","args":[{"selector":{"id":"application-managepartners-display-component---masterPtm--smartFilterBar-filterItemControl_BASIC-ALL_TAGS-valueHelpDialog-smartFilterBar-btnBasicSearch","searchOpenDialogs":true,"interaction":{"idSuffix":"I"}},"wdio_ui5_key":"applicationmanagepartners-display-component---masterPtm--smartFilterBar-filterItemControl_BASIC-ALL_TAGS-valueHelpDialog-smartFilterBar-btnBasicSearch"}]}
RESULT: {"script":"<script> [1562 bytes]","args":[{"selector":{"id":"application-managepartners-display-component---masterPtm--smartFilterBar-filterItemControl_BASIC-ALL_TAGS-valueHelpDialog-smartFilterBar-btnBasicSearch","searchOpenDialogs":true,"interaction":{"idSuffix":"I"}},"wdio_ui5_key":"applicationmanagepartners-display-component---masterPtm--smartFilterBar-filterItemControl_BASIC-ALL_TAGS-valueHelpDialog-smartFilterBar-btnBasicSearch"}]}
RESULT: undefined
COMMAND: POST /session/2308dad0f2a7537c6be193a87bfcce7d/execute/async - {"script":"<script> [776 bytes]","args":[{"enterText":"test-tag-1","selector":{"id":"application-managepartners-display-component---masterPtm--smartFilterBar-filterItemControl_BASIC-ALL_TAGS-valueHelpDialog-smartFilterBar-btnBasicSearch","searchOpenDialogs":true,"interaction":{"idSuffix":"I"}},"clearTextFirst":true,"interactionType":"ENTER_TEXT"}]}
RESULT: {"script":"<script> [776 bytes]","args":[{"enterText":"test-tag-1","selector":{"id":"application-managepartners-display-component---masterPtm--smartFilterBar-filterItemControl_BASIC-ALL_TAGS-valueHelpDialog-smartFilterBar-btnBasicSearch","searchOpenDialogs":true,"interaction":{"idSuffix":"I"}},"clearTextFirst":true,"interactionType":"ENTER_TEXT"}]}
COMMAND: POST /session/2308dad0f2a7537c6be193a87bfcce7d/actions - {"actions":[{"id":"action20","type":"key","parameters":{},"actions":[{"type":"keyDown","value":""},{"type":"pause","duration":10},{"type":"keyUp","value":""}]}]}
RESULT: {"actions":[{"id":"action20","type":"key","parameters":{},"actions":[{"type":"keyDown","value":""},{"type":"pause","duration":10},{"type":"keyUp","value":""}]}]}
COMMAND: POST /session/2308dad0f2a7537c6be193a87bfcce7d/elements - {"using":"xpath","value":"//table[contains(@id, \"smartFilterBar-filterItemControl_BASIC-ALL_TAGS-valueHelpDialog-table-table\")]/tbody/tr"}
COMMAND: GET /session/2308dad0f2a7537c6be193a87bfcce7d/screenshot - {}
RESULT: {"using":"xpath","value":"//table[contains(@id, \"smartFilterBar-filterItemControl_BASIC-ALL_TAGS-valueHelpDialog-table-table\")]/tbody/tr"}
COMMAND: POST /session/2308dad0f2a7537c6be193a87bfcce7d/element - {"using":"xpath","value":"//table[contains(@id, \"smartFilterBar-filterItemControl_BASIC-ALL_TAGS-valueHelpDialog-table-table\")]/tbody/tr[1]/td[1]/div/span"}
RESULT: {}
RESULT: {"using":"xpath","value":"//table[contains(@id, \"smartFilterBar-filterItemControl_BASIC-ALL_TAGS-valueHelpDialog-table-table\")]/tbody/tr[1]/td[1]/div/span"}
COMMAND: POST /session/2308dad0f2a7537c6be193a87bfcce7d/elements - {"using":"xpath","value":"//table[contains(@id, \"smartFilterBar-filterItemControl_BASIC-ALL_TAGS-valueHelpDialog-table-table\")]/tbody/tr[1]/td[1]/div/span"}
RESULT: {"using":"xpath","value":"//table[contains(@id, \"smartFilterBar-filterItemControl_BASIC-ALL_TAGS-valueHelpDialog-table-table\")]/tbody/tr[1]/td[1]/div/span"}
COMMAND: POST /session/2308dad0f2a7537c6be193a87bfcce7d/execute/sync - {"script":"<script> [56 bytes]","args":[{"element-6066-11e4-a52e-4f735466cecf":"f.8FEDB17297EEB2F430C5C9DB657928CB.d.CB6573956B94A1F6B77311C8FE478B16.e.6535","ELEMENT":"f.8FEDB17297EEB2F430C5C9DB657928CB.d.CB6573956B94A1F6B77311C8FE478B16.e.6535"}]}
RESULT: {"script":"<script> [56 bytes]","args":[{"element-6066-11e4-a52e-4f735466cecf":"f.8FEDB17297EEB2F430C5C9DB657928CB.d.CB6573956B94A1F6B77311C8FE478B16.e.6535","ELEMENT":"f.8FEDB17297EEB2F430C5C9DB657928CB.d.CB6573956B94A1F6B77311C8FE478B16.e.6535"}]}
COMMAND: POST /session/2308dad0f2a7537c6be193a87bfcce7d/element - {"using":"xpath","value":"//div[contains(@id, \"filterItemControl_BASIC-ALL_TAGS-valueHelpDialog-table-rowsel0\")]"}
COMMAND: GET /session/2308dad0f2a7537c6be193a87bfcce7d/screenshot - {}
RESULT: {"using":"xpath","value":"//div[contains(@id, \"filterItemControl_BASIC-ALL_TAGS-valueHelpDialog-table-rowsel0\")]"}
COMMAND: POST /session/2308dad0f2a7537c6be193a87bfcce7d/element/f.8FEDB17297EEB2F430C5C9DB657928CB.d.CB6573956B94A1F6B77311C8FE478B16.e.6536/click - {}
RESULT: {}
RESULT: {}
COMMAND: GET /session/2308dad0f2a7537c6be193a87bfcce7d/screenshot - {}
RESULT: {}
COMMAND: POST /session/2308dad0f2a7537c6be193a87bfcce7d/element - {"using":"xpath","value":"(//bdi[contains(text(), \"OK\")])[1]"}
RESULT: {"using":"xpath","value":"(//bdi[contains(text(), \"OK\")])[1]"}
COMMAND: POST /session/2308dad0f2a7537c6be193a87bfcce7d/element/f.8FEDB17297EEB2F430C5C9DB657928CB.d.CB6573956B94A1F6B77311C8FE478B16.e.6538/click - {}
RESULT: {}
COMMAND: GET /session/2308dad0f2a7537c6be193a87bfcce7d/screenshot - {}
RESULT: {}
COMMAND: POST /session/2308dad0f2a7537c6be193a87bfcce7d/element - {"using":"xpath","value":"//span[@id=\"application-managepartners-display-component---masterPtm--smartTable-header-inner\"]"}
RESULT: {"using":"xpath","value":"//span[@id=\"application-managepartners-display-component---masterPtm--smartTable-header-inner\"]"}
COMMAND: POST /session/2308dad0f2a7537c6be193a87bfcce7d/elements - {"using":"xpath","value":"//span[@id=\"application-managepartners-display-component---masterPtm--smartTable-header-inner\"]"}
RESULT: {"using":"xpath","value":"//span[@id=\"application-managepartners-display-component---masterPtm--smartTable-header-inner\"]"}
COMMAND: POST /session/2308dad0f2a7537c6be193a87bfcce7d/execute/sync - {"script":"<script> [56 bytes]","args":[{"element-6066-11e4-a52e-4f735466cecf":"f.8FEDB17297EEB2F430C5C9DB657928CB.d.CB6573956B94A1F6B77311C8FE478B16.e.6009","ELEMENT":"f.8FEDB17297EEB2F430C5C9DB657928CB.d.CB6573956B94A1F6B77311C8FE478B16.e.6009"}]}
RESULT: {"script":"<script> [56 bytes]","args":[{"element-6066-11e4-a52e-4f735466cecf":"f.8FEDB17297EEB2F430C5C9DB657928CB.d.CB6573956B94A1F6B77311C8FE478B16.e.6009","ELEMENT":"f.8FEDB17297EEB2F430C5C9DB657928CB.d.CB6573956B94A1F6B77311C8FE478B16.e.6009"}]}
COMMAND: POST /session/2308dad0f2a7537c6be193a87bfcce7d/element - {"using":"xpath","value":"//span[contains(@title, \"Remove\")]"}
COMMAND: GET /session/2308dad0f2a7537c6be193a87bfcce7d/screenshot - {}
RESULT: {"using":"xpath","value":"//span[contains(@title, \"Remove\")]"}
COMMAND: POST /session/2308dad0f2a7537c6be193a87bfcce7d/element/f.8FEDB17297EEB2F430C5C9DB657928CB.d.CB6573956B94A1F6B77311C8FE478B16.e.6560/click - {}
RESULT: {}
RESULT: {}
COMMAND: GET /session/2308dad0f2a7537c6be193a87bfcce7d/screenshot - {}
RESULT: {}
COMMAND: POST /session/2308dad0f2a7537c6be193a87bfcce7d/execute/async - {"script":"<script> [1562 bytes]","args":[{"selector":{"id":"application-managepartners-display-component---masterPtm--partnerTypes-arrow"},"wdio_ui5_key":"applicationmanagepartners-display-component---masterPtm--partnerTypes-arrow"}]}
RESULT: {"script":"<script> [1562 bytes]","args":[{"selector":{"id":"application-managepartners-display-component---masterPtm--partnerTypes-arrow"},"wdio_ui5_key":"applicationmanagepartners-display-component---masterPtm--partnerTypes-arrow"}]}
RESULT: undefined
COMMAND: POST /session/2308dad0f2a7537c6be193a87bfcce7d/element - {"using":"xpath","value":"//*[@id=\"application-managepartners-display-component---masterPtm--partnerTypes-arrow\"]"}
RESULT: {"using":"xpath","value":"//*[@id=\"application-managepartners-display-component---masterPtm--partnerTypes-arrow\"]"}
COMMAND: POST /session/2308dad0f2a7537c6be193a87bfcce7d/element/f.8FEDB17297EEB2F430C5C9DB657928CB.d.CB6573956B94A1F6B77311C8FE478B16.e.6661/click - {}
RESULT: {}
COMMAND: GET /session/2308dad0f2a7537c6be193a87bfcce7d/screenshot - {}
RESULT: {}
COMMAND: POST /session/2308dad0f2a7537c6be193a87bfcce7d/element - {"using":"xpath","value":"//li[.//span[text()=\"External partner\"]]//div[contains(@class,\"sapMCbBg\")]"}
RESULT: {"using":"xpath","value":"//li[.//span[text()=\"External partner\"]]//div[contains(@class,\"sapMCbBg\")]"}
COMMAND: POST /session/2308dad0f2a7537c6be193a87bfcce7d/element/f.8FEDB17297EEB2F430C5C9DB657928CB.d.CB6573956B94A1F6B77311C8FE478B16.e.6666/click - {}
RESULT: {}
COMMAND: GET /session/2308dad0f2a7537c6be193a87bfcce7d/screenshot - {}
RESULT: {}
COMMAND: POST /session/2308dad0f2a7537c6be193a87bfcce7d/element - {"using":"xpath","value":"//div[contains(@id,\"application-managepartners-display-component---masterPtm--smartFilterBar-btnBasicSearch-search\")]"}
RESULT: {"using":"xpath","value":"//div[contains(@id,\"application-managepartners-display-component---masterPtm--smartFilterBar-btnBasicSearch-search\")]"}
COMMAND: POST /session/2308dad0f2a7537c6be193a87bfcce7d/element/f.8FEDB17297EEB2F430C5C9DB657928CB.d.CB6573956B94A1F6B77311C8FE478B16.e.6743/click - {}
RESULT: {}
COMMAND: GET /session/2308dad0f2a7537c6be193a87bfcce7d/screenshot - {}
RESULT: {}
COMMAND: POST /session/2308dad0f2a7537c6be193a87bfcce7d/element - {"using":"xpath","value":"//span[@id=\"application-managepartners-display-component---masterPtm--smartTable-header-inner\"]"}
RESULT: {"using":"xpath","value":"//span[@id=\"application-managepartners-display-component---masterPtm--smartTable-header-inner\"]"}
COMMAND: POST /session/2308dad0f2a7537c6be193a87bfcce7d/elements - {"using":"xpath","value":"//span[@id=\"application-managepartners-display-component---masterPtm--smartTable-header-inner\"]"}
RESULT: {"using":"xpath","value":"//span[@id=\"application-managepartners-display-component---masterPtm--smartTable-header-inner\"]"}
COMMAND: POST /session/2308dad0f2a7537c6be193a87bfcce7d/execute/sync - {"script":"<script> [56 bytes]","args":[{"element-6066-11e4-a52e-4f735466cecf":"f.8FEDB17297EEB2F430C5C9DB657928CB.d.CB6573956B94A1F6B77311C8FE478B16.e.6009","ELEMENT":"f.8FEDB17297EEB2F430C5C9DB657928CB.d.CB6573956B94A1F6B77311C8FE478B16.e.6009"}]}
RESULT: {"script":"<script> [56 bytes]","args":[{"element-6066-11e4-a52e-4f735466cecf":"f.8FEDB17297EEB2F430C5C9DB657928CB.d.CB6573956B94A1F6B77311C8FE478B16.e.6009","ELEMENT":"f.8FEDB17297EEB2F430C5C9DB657928CB.d.CB6573956B94A1F6B77311C8FE478B16.e.6009"}]}
COMMAND: POST /session/2308dad0f2a7537c6be193a87bfcce7d/element - {"using":"xpath","value":"//span[contains(@title, \"Remove\")]"}
COMMAND: GET /session/2308dad0f2a7537c6be193a87bfcce7d/screenshot - {}
RESULT: {"using":"xpath","value":"//span[contains(@title, \"Remove\")]"}
COMMAND: POST /session/2308dad0f2a7537c6be193a87bfcce7d/element/f.8FEDB17297EEB2F430C5C9DB657928CB.d.CB6573956B94A1F6B77311C8FE478B16.e.6748/click - {}
RESULT: {}
RESULT: {}
COMMAND: GET /session/2308dad0f2a7537c6be193a87bfcce7d/screenshot - {}
RESULT: {}
COMMAND: POST /session/2308dad0f2a7537c6be193a87bfcce7d/execute/async - {"script":"<script> [1562 bytes]","args":[{"selector":{"id":"application-managepartners-display-component---masterPtm--smartFilterBar-btnFilters","interaction":{"idSuffix":"BDI-content"}},"wdio_ui5_key":"applicationmanagepartners-display-component---masterPtm--smartFilterBar-btnFilters"}]}
RESULT: {"script":"<script> [1562 bytes]","args":[{"selector":{"id":"application-managepartners-display-component---masterPtm--smartFilterBar-btnFilters","interaction":{"idSuffix":"BDI-content"}},"wdio_ui5_key":"applicationmanagepartners-display-component---masterPtm--smartFilterBar-btnFilters"}]}
RESULT: undefined
COMMAND: POST /session/2308dad0f2a7537c6be193a87bfcce7d/element - {"using":"xpath","value":"//*[@id=\"application-managepartners-display-component---masterPtm--smartFilterBar-btnFilters\"]"}
RESULT: {"using":"xpath","value":"//*[@id=\"application-managepartners-display-component---masterPtm--smartFilterBar-btnFilters\"]"}
COMMAND: POST /session/2308dad0f2a7537c6be193a87bfcce7d/element/f.8FEDB17297EEB2F430C5C9DB657928CB.d.CB6573956B94A1F6B77311C8FE478B16.e.5860/click - {}
RESULT: {}
COMMAND: GET /session/2308dad0f2a7537c6be193a87bfcce7d/screenshot - {}
RESULT: {}
COMMAND: POST /session/2308dad0f2a7537c6be193a87bfcce7d/elements - {"using":"xpath","value":"//table[contains(@id, \"listView-innerSelectionPanelTable-listUl\")]/tbody/tr"}
RESULT: {"using":"xpath","value":"//table[contains(@id, \"listView-innerSelectionPanelTable-listUl\")]/tbody/tr"}
COMMAND: POST /session/2308dad0f2a7537c6be193a87bfcce7d/element - {"using":"xpath","value":"//table[contains(@id, \"listView-innerSelectionPanelTable-listUl\")]/tbody/tr[2]/td[2]/div/div"}
RESULT: {"using":"xpath","value":"//table[contains(@id, \"listView-innerSelectionPanelTable-listUl\")]/tbody/tr[2]/td[2]/div/div"}
COMMAND: POST /session/2308dad0f2a7537c6be193a87bfcce7d/element - {"using":"xpath","value":"//table[contains(@id, \"listView-innerSelectionPanelTable-listUl\")]/tbody/tr[2]/td[2]/div"}
RESULT: {"using":"xpath","value":"//table[contains(@id, \"listView-innerSelectionPanelTable-listUl\")]/tbody/tr[2]/td[2]/div"}
COMMAND: POST /session/2308dad0f2a7537c6be193a87bfcce7d/element - {"using":"xpath","value":"//table[contains(@id, \"listView-innerSelectionPanelTable-listUl\")]/tbody/tr[2]/td[3]/div/div/span/span[1]/bdi"}
RESULT: {"using":"xpath","value":"//table[contains(@id, \"listView-innerSelectionPanelTable-listUl\")]/tbody/tr[2]/td[3]/div/div/span/span[1]/bdi"}
COMMAND: POST /session/2308dad0f2a7537c6be193a87bfcce7d/execute/sync - {"script":"<script> [56 bytes]","args":[{"element-6066-11e4-a52e-4f735466cecf":"f.8FEDB17297EEB2F430C5C9DB657928CB.d.CB6573956B94A1F6B77311C8FE478B16.e.6855","ELEMENT":"f.8FEDB17297EEB2F430C5C9DB657928CB.d.CB6573956B94A1F6B77311C8FE478B16.e.6855"}]}
RESULT: {"script":"<script> [56 bytes]","args":[{"element-6066-11e4-a52e-4f735466cecf":"f.8FEDB17297EEB2F430C5C9DB657928CB.d.CB6573956B94A1F6B77311C8FE478B16.e.6855","ELEMENT":"f.8FEDB17297EEB2F430C5C9DB657928CB.d.CB6573956B94A1F6B77311C8FE478B16.e.6855"}]}
COMMAND: GET /session/2308dad0f2a7537c6be193a87bfcce7d/element/f.8FEDB17297EEB2F430C5C9DB657928CB.d.CB6573956B94A1F6B77311C8FE478B16.e.6854/attribute/aria-checked - {}
COMMAND: GET /session/2308dad0f2a7537c6be193a87bfcce7d/screenshot - {}
RESULT: {}
COMMAND: POST /session/2308dad0f2a7537c6be193a87bfcce7d/element - {"using":"xpath","value":"//table[contains(@id, \"listView-innerSelectionPanelTable-listUl\")]/tbody/tr[3]/td[2]/div/div"}
RESULT: {}
RESULT: {"using":"xpath","value":"//table[contains(@id, \"listView-innerSelectionPanelTable-listUl\")]/tbody/tr[3]/td[2]/div/div"}
COMMAND: POST /session/2308dad0f2a7537c6be193a87bfcce7d/element - {"using":"xpath","value":"//table[contains(@id, \"listView-innerSelectionPanelTable-listUl\")]/tbody/tr[3]/td[2]/div"}
RESULT: {"using":"xpath","value":"//table[contains(@id, \"listView-innerSelectionPanelTable-listUl\")]/tbody/tr[3]/td[2]/div"}
COMMAND: POST /session/2308dad0f2a7537c6be193a87bfcce7d/element - {"using":"xpath","value":"//table[contains(@id, \"listView-innerSelectionPanelTable-listUl\")]/tbody/tr[3]/td[3]/div/div/span/span[1]/bdi"}
RESULT: {"using":"xpath","value":"//table[contains(@id, \"listView-innerSelectionPanelTable-listUl\")]/tbody/tr[3]/td[3]/div/div/span/span[1]/bdi"}
COMMAND: POST /session/2308dad0f2a7537c6be193a87bfcce7d/execute/sync - {"script":"<script> [56 bytes]","args":[{"element-6066-11e4-a52e-4f735466cecf":"f.8FEDB17297EEB2F430C5C9DB657928CB.d.CB6573956B94A1F6B77311C8FE478B16.e.6858","ELEMENT":"f.8FEDB17297EEB2F430C5C9DB657928CB.d.CB6573956B94A1F6B77311C8FE478B16.e.6858"}]}
RESULT: {"script":"<script> [56 bytes]","args":[{"element-6066-11e4-a52e-4f735466cecf":"f.8FEDB17297EEB2F430C5C9DB657928CB.d.CB6573956B94A1F6B77311C8FE478B16.e.6858","ELEMENT":"f.8FEDB17297EEB2F430C5C9DB657928CB.d.CB6573956B94A1F6B77311C8FE478B16.e.6858"}]}
COMMAND: GET /session/2308dad0f2a7537c6be193a87bfcce7d/element/f.8FEDB17297EEB2F430C5C9DB657928CB.d.CB6573956B94A1F6B77311C8FE478B16.e.6857/attribute/aria-checked - {}
COMMAND: GET /session/2308dad0f2a7537c6be193a87bfcce7d/screenshot - {}
RESULT: {}
COMMAND: POST /session/2308dad0f2a7537c6be193a87bfcce7d/element - {"using":"xpath","value":"//table[contains(@id, \"listView-innerSelectionPanelTable-listUl\")]/tbody/tr[4]/td[2]/div/div"}
RESULT: {}
RESULT: {"using":"xpath","value":"//table[contains(@id, \"listView-innerSelectionPanelTable-listUl\")]/tbody/tr[4]/td[2]/div/div"}
COMMAND: POST /session/2308dad0f2a7537c6be193a87bfcce7d/element - {"using":"xpath","value":"//table[contains(@id, \"listView-innerSelectionPanelTable-listUl\")]/tbody/tr[4]/td[2]/div"}
RESULT: {"using":"xpath","value":"//table[contains(@id, \"listView-innerSelectionPanelTable-listUl\")]/tbody/tr[4]/td[2]/div"}
COMMAND: POST /session/2308dad0f2a7537c6be193a87bfcce7d/element - {"using":"xpath","value":"//table[contains(@id, \"listView-innerSelectionPanelTable-listUl\")]/tbody/tr[4]/td[3]/div/div/span/span[1]/bdi"}
RESULT: {"using":"xpath","value":"//table[contains(@id, \"listView-innerSelectionPanelTable-listUl\")]/tbody/tr[4]/td[3]/div/div/span/span[1]/bdi"}
COMMAND: POST /session/2308dad0f2a7537c6be193a87bfcce7d/execute/sync - {"script":"<script> [56 bytes]","args":[{"element-6066-11e4-a52e-4f735466cecf":"f.8FEDB17297EEB2F430C5C9DB657928CB.d.CB6573956B94A1F6B77311C8FE478B16.e.6861","ELEMENT":"f.8FEDB17297EEB2F430C5C9DB657928CB.d.CB6573956B94A1F6B77311C8FE478B16.e.6861"}]}
RESULT: {"script":"<script> [56 bytes]","args":[{"element-6066-11e4-a52e-4f735466cecf":"f.8FEDB17297EEB2F430C5C9DB657928CB.d.CB6573956B94A1F6B77311C8FE478B16.e.6861","ELEMENT":"f.8FEDB17297EEB2F430C5C9DB657928CB.d.CB6573956B94A1F6B77311C8FE478B16.e.6861"}]}
COMMAND: GET /session/2308dad0f2a7537c6be193a87bfcce7d/element/f.8FEDB17297EEB2F430C5C9DB657928CB.d.CB6573956B94A1F6B77311C8FE478B16.e.6860/attribute/aria-checked - {}
COMMAND: GET /session/2308dad0f2a7537c6be193a87bfcce7d/screenshot - {}
RESULT: {}
COMMAND: POST /session/2308dad0f2a7537c6be193a87bfcce7d/element - {"using":"xpath","value":"//table[contains(@id, \"listView-innerSelectionPanelTable-listUl\")]/tbody/tr[5]/td[2]/div/div"}
RESULT: {}
RESULT: {"using":"xpath","value":"//table[contains(@id, \"listView-innerSelectionPanelTable-listUl\")]/tbody/tr[5]/td[2]/div/div"}
COMMAND: POST /session/2308dad0f2a7537c6be193a87bfcce7d/element - {"using":"xpath","value":"//table[contains(@id, \"listView-innerSelectionPanelTable-listUl\")]/tbody/tr[5]/td[2]/div"}
RESULT: {"using":"xpath","value":"//table[contains(@id, \"listView-innerSelectionPanelTable-listUl\")]/tbody/tr[5]/td[2]/div"}
COMMAND: POST /session/2308dad0f2a7537c6be193a87bfcce7d/element - {"using":"xpath","value":"//table[contains(@id, \"listView-innerSelectionPanelTable-listUl\")]/tbody/tr[5]/td[3]/div/div/span/span[1]/bdi"}
RESULT: {"using":"xpath","value":"//table[contains(@id, \"listView-innerSelectionPanelTable-listUl\")]/tbody/tr[5]/td[3]/div/div/span/span[1]/bdi"}
COMMAND: POST /session/2308dad0f2a7537c6be193a87bfcce7d/execute/sync - {"script":"<script> [56 bytes]","args":[{"element-6066-11e4-a52e-4f735466cecf":"f.8FEDB17297EEB2F430C5C9DB657928CB.d.CB6573956B94A1F6B77311C8FE478B16.e.6864","ELEMENT":"f.8FEDB17297EEB2F430C5C9DB657928CB.d.CB6573956B94A1F6B77311C8FE478B16.e.6864"}]}
RESULT: {"script":"<script> [56 bytes]","args":[{"element-6066-11e4-a52e-4f735466cecf":"f.8FEDB17297EEB2F430C5C9DB657928CB.d.CB6573956B94A1F6B77311C8FE478B16.e.6864","ELEMENT":"f.8FEDB17297EEB2F430C5C9DB657928CB.d.CB6573956B94A1F6B77311C8FE478B16.e.6864"}]}
COMMAND: GET /session/2308dad0f2a7537c6be193a87bfcce7d/element/f.8FEDB17297EEB2F430C5C9DB657928CB.d.CB6573956B94A1F6B77311C8FE478B16.e.6863/attribute/aria-checked - {}
COMMAND: GET /session/2308dad0f2a7537c6be193a87bfcce7d/screenshot - {}
RESULT: {}
COMMAND: POST /session/2308dad0f2a7537c6be193a87bfcce7d/element - {"using":"xpath","value":"//table[contains(@id, \"listView-innerSelectionPanelTable-listUl\")]/tbody/tr[6]/td[2]/div/div"}
RESULT: {}
RESULT: {"using":"xpath","value":"//table[contains(@id, \"listView-innerSelectionPanelTable-listUl\")]/tbody/tr[6]/td[2]/div/div"}
COMMAND: POST /session/2308dad0f2a7537c6be193a87bfcce7d/element - {"using":"xpath","value":"//table[contains(@id, \"listView-innerSelectionPanelTable-listUl\")]/tbody/tr[6]/td[2]/div"}
RESULT: {"using":"xpath","value":"//table[contains(@id, \"listView-innerSelectionPanelTable-listUl\")]/tbody/tr[6]/td[2]/div"}
COMMAND: POST /session/2308dad0f2a7537c6be193a87bfcce7d/element - {"using":"xpath","value":"//table[contains(@id, \"listView-innerSelectionPanelTable-listUl\")]/tbody/tr[6]/td[3]/div/div/span/span[1]/bdi"}
RESULT: {"using":"xpath","value":"//table[contains(@id, \"listView-innerSelectionPanelTable-listUl\")]/tbody/tr[6]/td[3]/div/div/span/span[1]/bdi"}
COMMAND: POST /session/2308dad0f2a7537c6be193a87bfcce7d/execute/sync - {"script":"<script> [56 bytes]","args":[{"element-6066-11e4-a52e-4f735466cecf":"f.8FEDB17297EEB2F430C5C9DB657928CB.d.CB6573956B94A1F6B77311C8FE478B16.e.6867","ELEMENT":"f.8FEDB17297EEB2F430C5C9DB657928CB.d.CB6573956B94A1F6B77311C8FE478B16.e.6867"}]}
RESULT: {"script":"<script> [56 bytes]","args":[{"element-6066-11e4-a52e-4f735466cecf":"f.8FEDB17297EEB2F430C5C9DB657928CB.d.CB6573956B94A1F6B77311C8FE478B16.e.6867","ELEMENT":"f.8FEDB17297EEB2F430C5C9DB657928CB.d.CB6573956B94A1F6B77311C8FE478B16.e.6867"}]}
COMMAND: GET /session/2308dad0f2a7537c6be193a87bfcce7d/element/f.8FEDB17297EEB2F430C5C9DB657928CB.d.CB6573956B94A1F6B77311C8FE478B16.e.6866/attribute/aria-checked - {}
COMMAND: GET /session/2308dad0f2a7537c6be193a87bfcce7d/screenshot - {}
RESULT: {}
COMMAND: POST /session/2308dad0f2a7537c6be193a87bfcce7d/element - {"using":"xpath","value":"//table[contains(@id, \"listView-innerSelectionPanelTable-listUl\")]/tbody/tr[7]/td[2]/div/div"}
RESULT: {}
RESULT: {"using":"xpath","value":"//table[contains(@id, \"listView-innerSelectionPanelTable-listUl\")]/tbody/tr[7]/td[2]/div/div"}
COMMAND: POST /session/2308dad0f2a7537c6be193a87bfcce7d/element - {"using":"xpath","value":"//table[contains(@id, \"listView-innerSelectionPanelTable-listUl\")]/tbody/tr[7]/td[2]/div"}
RESULT: {"using":"xpath","value":"//table[contains(@id, \"listView-innerSelectionPanelTable-listUl\")]/tbody/tr[7]/td[2]/div"}
COMMAND: POST /session/2308dad0f2a7537c6be193a87bfcce7d/element - {"using":"xpath","value":"//table[contains(@id, \"listView-innerSelectionPanelTable-listUl\")]/tbody/tr[7]/td[3]/div/div/span/span[1]/bdi"}
RESULT: {"using":"xpath","value":"//table[contains(@id, \"listView-innerSelectionPanelTable-listUl\")]/tbody/tr[7]/td[3]/div/div/span/span[1]/bdi"}
COMMAND: POST /session/2308dad0f2a7537c6be193a87bfcce7d/execute/sync - {"script":"<script> [56 bytes]","args":[{"element-6066-11e4-a52e-4f735466cecf":"f.8FEDB17297EEB2F430C5C9DB657928CB.d.CB6573956B94A1F6B77311C8FE478B16.e.6870","ELEMENT":"f.8FEDB17297EEB2F430C5C9DB657928CB.d.CB6573956B94A1F6B77311C8FE478B16.e.6870"}]}
RESULT: {"script":"<script> [56 bytes]","args":[{"element-6066-11e4-a52e-4f735466cecf":"f.8FEDB17297EEB2F430C5C9DB657928CB.d.CB6573956B94A1F6B77311C8FE478B16.e.6870","ELEMENT":"f.8FEDB17297EEB2F430C5C9DB657928CB.d.CB6573956B94A1F6B77311C8FE478B16.e.6870"}]}
COMMAND: GET /session/2308dad0f2a7537c6be193a87bfcce7d/element/f.8FEDB17297EEB2F430C5C9DB657928CB.d.CB6573956B94A1F6B77311C8FE478B16.e.6869/attribute/aria-checked - {}
COMMAND: GET /session/2308dad0f2a7537c6be193a87bfcce7d/screenshot - {}
RESULT: {}
COMMAND: POST /session/2308dad0f2a7537c6be193a87bfcce7d/element - {"using":"xpath","value":"//table[contains(@id, \"listView-innerSelectionPanelTable-listUl\")]/tbody/tr[8]/td[2]/div/div"}
RESULT: {}
RESULT: {"using":"xpath","value":"//table[contains(@id, \"listView-innerSelectionPanelTable-listUl\")]/tbody/tr[8]/td[2]/div/div"}
COMMAND: POST /session/2308dad0f2a7537c6be193a87bfcce7d/element - {"using":"xpath","value":"//table[contains(@id, \"listView-innerSelectionPanelTable-listUl\")]/tbody/tr[8]/td[2]/div"}
RESULT: {"using":"xpath","value":"//table[contains(@id, \"listView-innerSelectionPanelTable-listUl\")]/tbody/tr[8]/td[2]/div"}
COMMAND: POST /session/2308dad0f2a7537c6be193a87bfcce7d/element - {"using":"xpath","value":"//table[contains(@id, \"listView-innerSelectionPanelTable-listUl\")]/tbody/tr[8]/td[3]/div/div/span/span[1]/bdi"}
RESULT: {"using":"xpath","value":"//table[contains(@id, \"listView-innerSelectionPanelTable-listUl\")]/tbody/tr[8]/td[3]/div/div/span/span[1]/bdi"}
COMMAND: POST /session/2308dad0f2a7537c6be193a87bfcce7d/execute/sync - {"script":"<script> [56 bytes]","args":[{"element-6066-11e4-a52e-4f735466cecf":"f.8FEDB17297EEB2F430C5C9DB657928CB.d.CB6573956B94A1F6B77311C8FE478B16.e.6873","ELEMENT":"f.8FEDB17297EEB2F430C5C9DB657928CB.d.CB6573956B94A1F6B77311C8FE478B16.e.6873"}]}
RESULT: {"script":"<script> [56 bytes]","args":[{"element-6066-11e4-a52e-4f735466cecf":"f.8FEDB17297EEB2F430C5C9DB657928CB.d.CB6573956B94A1F6B77311C8FE478B16.e.6873","ELEMENT":"f.8FEDB17297EEB2F430C5C9DB657928CB.d.CB6573956B94A1F6B77311C8FE478B16.e.6873"}]}
COMMAND: GET /session/2308dad0f2a7537c6be193a87bfcce7d/element/f.8FEDB17297EEB2F430C5C9DB657928CB.d.CB6573956B94A1F6B77311C8FE478B16.e.6872/attribute/aria-checked - {}
COMMAND: GET /session/2308dad0f2a7537c6be193a87bfcce7d/screenshot - {}
RESULT: {}
COMMAND: POST /session/2308dad0f2a7537c6be193a87bfcce7d/element - {"using":"xpath","value":"//table[contains(@id, \"listView-innerSelectionPanelTable-listUl\")]/tbody/tr[9]/td[2]/div/div"}
RESULT: {}
RESULT: {"using":"xpath","value":"//table[contains(@id, \"listView-innerSelectionPanelTable-listUl\")]/tbody/tr[9]/td[2]/div/div"}
COMMAND: POST /session/2308dad0f2a7537c6be193a87bfcce7d/element - {"using":"xpath","value":"//table[contains(@id, \"listView-innerSelectionPanelTable-listUl\")]/tbody/tr[9]/td[2]/div"}
RESULT: {"using":"xpath","value":"//table[contains(@id, \"listView-innerSelectionPanelTable-listUl\")]/tbody/tr[9]/td[2]/div"}
COMMAND: POST /session/2308dad0f2a7537c6be193a87bfcce7d/element - {"using":"xpath","value":"//table[contains(@id, \"listView-innerSelectionPanelTable-listUl\")]/tbody/tr[9]/td[3]/div/div/span/span[1]/bdi"}
RESULT: {"using":"xpath","value":"//table[contains(@id, \"listView-innerSelectionPanelTable-listUl\")]/tbody/tr[9]/td[3]/div/div/span/span[1]/bdi"}
COMMAND: POST /session/2308dad0f2a7537c6be193a87bfcce7d/execute/sync - {"script":"<script> [56 bytes]","args":[{"element-6066-11e4-a52e-4f735466cecf":"f.8FEDB17297EEB2F430C5C9DB657928CB.d.CB6573956B94A1F6B77311C8FE478B16.e.6876","ELEMENT":"f.8FEDB17297EEB2F430C5C9DB657928CB.d.CB6573956B94A1F6B77311C8FE478B16.e.6876"}]}
RESULT: {"script":"<script> [56 bytes]","args":[{"element-6066-11e4-a52e-4f735466cecf":"f.8FEDB17297EEB2F430C5C9DB657928CB.d.CB6573956B94A1F6B77311C8FE478B16.e.6876","ELEMENT":"f.8FEDB17297EEB2F430C5C9DB657928CB.d.CB6573956B94A1F6B77311C8FE478B16.e.6876"}]}
COMMAND: GET /session/2308dad0f2a7537c6be193a87bfcce7d/element/f.8FEDB17297EEB2F430C5C9DB657928CB.d.CB6573956B94A1F6B77311C8FE478B16.e.6875/attribute/aria-checked - {}
COMMAND: GET /session/2308dad0f2a7537c6be193a87bfcce7d/screenshot - {}
RESULT: {}
COMMAND: POST /session/2308dad0f2a7537c6be193a87bfcce7d/element - {"using":"xpath","value":"//table[contains(@id, \"listView-innerSelectionPanelTable-listUl\")]/tbody/tr[10]/td[2]/div/div"}
RESULT: {}
RESULT: {"using":"xpath","value":"//table[contains(@id, \"listView-innerSelectionPanelTable-listUl\")]/tbody/tr[10]/td[2]/div/div"}
COMMAND: POST /session/2308dad0f2a7537c6be193a87bfcce7d/element - {"using":"xpath","value":"//table[contains(@id, \"listView-innerSelectionPanelTable-listUl\")]/tbody/tr[10]/td[2]/div"}
RESULT: {"using":"xpath","value":"//table[contains(@id, \"listView-innerSelectionPanelTable-listUl\")]/tbody/tr[10]/td[2]/div"}
COMMAND: POST /session/2308dad0f2a7537c6be193a87bfcce7d/element - {"using":"xpath","value":"//table[contains(@id, \"listView-innerSelectionPanelTable-listUl\")]/tbody/tr[10]/td[3]/div/div/span/span[1]/bdi"}
RESULT: {"using":"xpath","value":"//table[contains(@id, \"listView-innerSelectionPanelTable-listUl\")]/tbody/tr[10]/td[3]/div/div/span/span[1]/bdi"}
COMMAND: POST /session/2308dad0f2a7537c6be193a87bfcce7d/execute/sync - {"script":"<script> [56 bytes]","args":[{"element-6066-11e4-a52e-4f735466cecf":"f.8FEDB17297EEB2F430C5C9DB657928CB.d.CB6573956B94A1F6B77311C8FE478B16.e.6879","ELEMENT":"f.8FEDB17297EEB2F430C5C9DB657928CB.d.CB6573956B94A1F6B77311C8FE478B16.e.6879"}]}
RESULT: {"script":"<script> [56 bytes]","args":[{"element-6066-11e4-a52e-4f735466cecf":"f.8FEDB17297EEB2F430C5C9DB657928CB.d.CB6573956B94A1F6B77311C8FE478B16.e.6879","ELEMENT":"f.8FEDB17297EEB2F430C5C9DB657928CB.d.CB6573956B94A1F6B77311C8FE478B16.e.6879"}]}
COMMAND: GET /session/2308dad0f2a7537c6be193a87bfcce7d/element/f.8FEDB17297EEB2F430C5C9DB657928CB.d.CB6573956B94A1F6B77311C8FE478B16.e.6878/attribute/aria-checked - {}
COMMAND: GET /session/2308dad0f2a7537c6be193a87bfcce7d/screenshot - {}
RESULT: {}
COMMAND: POST /session/2308dad0f2a7537c6be193a87bfcce7d/element - {"using":"xpath","value":"//table[contains(@id, \"listView-innerSelectionPanelTable-listUl\")]/tbody/tr[11]/td[2]/div/div"}
RESULT: {}
RESULT: {"using":"xpath","value":"//table[contains(@id, \"listView-innerSelectionPanelTable-listUl\")]/tbody/tr[11]/td[2]/div/div"}
COMMAND: POST /session/2308dad0f2a7537c6be193a87bfcce7d/element - {"using":"xpath","value":"//table[contains(@id, \"listView-innerSelectionPanelTable-listUl\")]/tbody/tr[11]/td[2]/div"}
RESULT: {"using":"xpath","value":"//table[contains(@id, \"listView-innerSelectionPanelTable-listUl\")]/tbody/tr[11]/td[2]/div"}
COMMAND: POST /session/2308dad0f2a7537c6be193a87bfcce7d/element - {"using":"xpath","value":"//table[contains(@id, \"listView-innerSelectionPanelTable-listUl\")]/tbody/tr[11]/td[3]/div/div/span/span[1]/bdi"}
RESULT: {"using":"xpath","value":"//table[contains(@id, \"listView-innerSelectionPanelTable-listUl\")]/tbody/tr[11]/td[3]/div/div/span/span[1]/bdi"}
COMMAND: POST /session/2308dad0f2a7537c6be193a87bfcce7d/execute/sync - {"script":"<script> [56 bytes]","args":[{"element-6066-11e4-a52e-4f735466cecf":"f.8FEDB17297EEB2F430C5C9DB657928CB.d.CB6573956B94A1F6B77311C8FE478B16.e.6882","ELEMENT":"f.8FEDB17297EEB2F430C5C9DB657928CB.d.CB6573956B94A1F6B77311C8FE478B16.e.6882"}]}
RESULT: {"script":"<script> [56 bytes]","args":[{"element-6066-11e4-a52e-4f735466cecf":"f.8FEDB17297EEB2F430C5C9DB657928CB.d.CB6573956B94A1F6B77311C8FE478B16.e.6882","ELEMENT":"f.8FEDB17297EEB2F430C5C9DB657928CB.d.CB6573956B94A1F6B77311C8FE478B16.e.6882"}]}
COMMAND: GET /session/2308dad0f2a7537c6be193a87bfcce7d/element/f.8FEDB17297EEB2F430C5C9DB657928CB.d.CB6573956B94A1F6B77311C8FE478B16.e.6881/attribute/aria-checked - {}
COMMAND: GET /session/2308dad0f2a7537c6be193a87bfcce7d/screenshot - {}
RESULT: {}
COMMAND: POST /session/2308dad0f2a7537c6be193a87bfcce7d/element - {"using":"xpath","value":"//table[contains(@id, \"listView-innerSelectionPanelTable-listUl\")]/tbody/tr[12]/td[2]/div/div"}
RESULT: {}
RESULT: {"using":"xpath","value":"//table[contains(@id, \"listView-innerSelectionPanelTable-listUl\")]/tbody/tr[12]/td[2]/div/div"}
COMMAND: POST /session/2308dad0f2a7537c6be193a87bfcce7d/element - {"using":"xpath","value":"//table[contains(@id, \"listView-innerSelectionPanelTable-listUl\")]/tbody/tr[12]/td[2]/div"}
RESULT: {"using":"xpath","value":"//table[contains(@id, \"listView-innerSelectionPanelTable-listUl\")]/tbody/tr[12]/td[2]/div"}
COMMAND: POST /session/2308dad0f2a7537c6be193a87bfcce7d/element - {"using":"xpath","value":"//table[contains(@id, \"listView-innerSelectionPanelTable-listUl\")]/tbody/tr[12]/td[3]/div/div/span/span[1]/bdi"}
RESULT: {"using":"xpath","value":"//table[contains(@id, \"listView-innerSelectionPanelTable-listUl\")]/tbody/tr[12]/td[3]/div/div/span/span[1]/bdi"}
COMMAND: POST /session/2308dad0f2a7537c6be193a87bfcce7d/execute/sync - {"script":"<script> [56 bytes]","args":[{"element-6066-11e4-a52e-4f735466cecf":"f.8FEDB17297EEB2F430C5C9DB657928CB.d.CB6573956B94A1F6B77311C8FE478B16.e.6885","ELEMENT":"f.8FEDB17297EEB2F430C5C9DB657928CB.d.CB6573956B94A1F6B77311C8FE478B16.e.6885"}]}
RESULT: {"script":"<script> [56 bytes]","args":[{"element-6066-11e4-a52e-4f735466cecf":"f.8FEDB17297EEB2F430C5C9DB657928CB.d.CB6573956B94A1F6B77311C8FE478B16.e.6885","ELEMENT":"f.8FEDB17297EEB2F430C5C9DB657928CB.d.CB6573956B94A1F6B77311C8FE478B16.e.6885"}]}
COMMAND: GET /session/2308dad0f2a7537c6be193a87bfcce7d/element/f.8FEDB17297EEB2F430C5C9DB657928CB.d.CB6573956B94A1F6B77311C8FE478B16.e.6884/attribute/aria-checked - {}
COMMAND: GET /session/2308dad0f2a7537c6be193a87bfcce7d/screenshot - {}
RESULT: {}
COMMAND: POST /session/2308dad0f2a7537c6be193a87bfcce7d/element - {"using":"xpath","value":"//table[contains(@id, \"listView-innerSelectionPanelTable-listUl\")]/tbody/tr[13]/td[2]/div/div"}
RESULT: {}
RESULT: {"using":"xpath","value":"//table[contains(@id, \"listView-innerSelectionPanelTable-listUl\")]/tbody/tr[13]/td[2]/div/div"}
COMMAND: POST /session/2308dad0f2a7537c6be193a87bfcce7d/element - {"using":"xpath","value":"//table[contains(@id, \"listView-innerSelectionPanelTable-listUl\")]/tbody/tr[13]/td[2]/div"}
RESULT: {"using":"xpath","value":"//table[contains(@id, \"listView-innerSelectionPanelTable-listUl\")]/tbody/tr[13]/td[2]/div"}
COMMAND: POST /session/2308dad0f2a7537c6be193a87bfcce7d/element - {"using":"xpath","value":"//table[contains(@id, \"listView-innerSelectionPanelTable-listUl\")]/tbody/tr[13]/td[3]/div/div/span/span[1]/bdi"}
RESULT: {"using":"xpath","value":"//table[contains(@id, \"listView-innerSelectionPanelTable-listUl\")]/tbody/tr[13]/td[3]/div/div/span/span[1]/bdi"}
COMMAND: POST /session/2308dad0f2a7537c6be193a87bfcce7d/execute/sync - {"script":"<script> [56 bytes]","args":[{"element-6066-11e4-a52e-4f735466cecf":"f.8FEDB17297EEB2F430C5C9DB657928CB.d.CB6573956B94A1F6B77311C8FE478B16.e.6888","ELEMENT":"f.8FEDB17297EEB2F430C5C9DB657928CB.d.CB6573956B94A1F6B77311C8FE478B16.e.6888"}]}
RESULT: {"script":"<script> [56 bytes]","args":[{"element-6066-11e4-a52e-4f735466cecf":"f.8FEDB17297EEB2F430C5C9DB657928CB.d.CB6573956B94A1F6B77311C8FE478B16.e.6888","ELEMENT":"f.8FEDB17297EEB2F430C5C9DB657928CB.d.CB6573956B94A1F6B77311C8FE478B16.e.6888"}]}
COMMAND: GET /session/2308dad0f2a7537c6be193a87bfcce7d/element/f.8FEDB17297EEB2F430C5C9DB657928CB.d.CB6573956B94A1F6B77311C8FE478B16.e.6887/attribute/aria-checked - {}
COMMAND: GET /session/2308dad0f2a7537c6be193a87bfcce7d/screenshot - {}
RESULT: {}
COMMAND: POST /session/2308dad0f2a7537c6be193a87bfcce7d/element - {"using":"xpath","value":"//table[contains(@id, \"listView-innerSelectionPanelTable-listUl\")]/tbody/tr[14]/td[2]/div/div"}
COMMAND: POST /session/2308dad0f2a7537c6be193a87bfcce7d/element/f.8FEDB17297EEB2F430C5C9DB657928CB.d.CB6573956B94A1F6B77311C8FE478B16.e.6886/click - {}
RESULT: {}
RESULT: {"using":"xpath","value":"//table[contains(@id, \"listView-innerSelectionPanelTable-listUl\")]/tbody/tr[14]/td[2]/div/div"}
COMMAND: POST /session/2308dad0f2a7537c6be193a87bfcce7d/element - {"using":"xpath","value":"//table[contains(@id, \"listView-innerSelectionPanelTable-listUl\")]/tbody/tr[14]/td[2]/div"}
RESULT: {}
COMMAND: GET /session/2308dad0f2a7537c6be193a87bfcce7d/screenshot - {}
RESULT: {"using":"xpath","value":"//table[contains(@id, \"listView-innerSelectionPanelTable-listUl\")]/tbody/tr[14]/td[2]/div"}
COMMAND: POST /session/2308dad0f2a7537c6be193a87bfcce7d/element - {"using":"xpath","value":"//table[contains(@id, \"listView-innerSelectionPanelTable-listUl\")]/tbody/tr[14]/td[3]/div/div/span/span[1]/bdi"}
RESULT: {}
RESULT: {"using":"xpath","value":"//table[contains(@id, \"listView-innerSelectionPanelTable-listUl\")]/tbody/tr[14]/td[3]/div/div/span/span[1]/bdi"}
COMMAND: POST /session/2308dad0f2a7537c6be193a87bfcce7d/execute/sync - {"script":"<script> [56 bytes]","args":[{"element-6066-11e4-a52e-4f735466cecf":"f.8FEDB17297EEB2F430C5C9DB657928CB.d.CB6573956B94A1F6B77311C8FE478B16.e.6892","ELEMENT":"f.8FEDB17297EEB2F430C5C9DB657928CB.d.CB6573956B94A1F6B77311C8FE478B16.e.6892"}]}
RESULT: {"script":"<script> [56 bytes]","args":[{"element-6066-11e4-a52e-4f735466cecf":"f.8FEDB17297EEB2F430C5C9DB657928CB.d.CB6573956B94A1F6B77311C8FE478B16.e.6892","ELEMENT":"f.8FEDB17297EEB2F430C5C9DB657928CB.d.CB6573956B94A1F6B77311C8FE478B16.e.6892"}]}
COMMAND: GET /session/2308dad0f2a7537c6be193a87bfcce7d/element/f.8FEDB17297EEB2F430C5C9DB657928CB.d.CB6573956B94A1F6B77311C8FE478B16.e.6891/attribute/aria-checked - {}
COMMAND: GET /session/2308dad0f2a7537c6be193a87bfcce7d/screenshot - {}
RESULT: {}
COMMAND: POST /session/2308dad0f2a7537c6be193a87bfcce7d/element - {"using":"xpath","value":"//table[contains(@id, \"listView-innerSelectionPanelTable-listUl\")]/tbody/tr[15]/td[2]/div/div"}
RESULT: {}
RESULT: {"using":"xpath","value":"//table[contains(@id, \"listView-innerSelectionPanelTable-listUl\")]/tbody/tr[15]/td[2]/div/div"}
COMMAND: POST /session/2308dad0f2a7537c6be193a87bfcce7d/element - {"using":"xpath","value":"//table[contains(@id, \"listView-innerSelectionPanelTable-listUl\")]/tbody/tr[15]/td[2]/div"}
RESULT: {"using":"xpath","value":"//table[contains(@id, \"listView-innerSelectionPanelTable-listUl\")]/tbody/tr[15]/td[2]/div"}
COMMAND: POST /session/2308dad0f2a7537c6be193a87bfcce7d/element - {"using":"xpath","value":"//table[contains(@id, \"listView-innerSelectionPanelTable-listUl\")]/tbody/tr[15]/td[3]/div/div/span/span[1]/bdi"}
RESULT: {"using":"xpath","value":"//table[contains(@id, \"listView-innerSelectionPanelTable-listUl\")]/tbody/tr[15]/td[3]/div/div/span/span[1]/bdi"}
COMMAND: POST /session/2308dad0f2a7537c6be193a87bfcce7d/execute/sync - {"script":"<script> [56 bytes]","args":[{"element-6066-11e4-a52e-4f735466cecf":"f.8FEDB17297EEB2F430C5C9DB657928CB.d.CB6573956B94A1F6B77311C8FE478B16.e.6895","ELEMENT":"f.8FEDB17297EEB2F430C5C9DB657928CB.d.CB6573956B94A1F6B77311C8FE478B16.e.6895"}]}
RESULT: {"script":"<script> [56 bytes]","args":[{"element-6066-11e4-a52e-4f735466cecf":"f.8FEDB17297EEB2F430C5C9DB657928CB.d.CB6573956B94A1F6B77311C8FE478B16.e.6895","ELEMENT":"f.8FEDB17297EEB2F430C5C9DB657928CB.d.CB6573956B94A1F6B77311C8FE478B16.e.6895"}]}
COMMAND: GET /session/2308dad0f2a7537c6be193a87bfcce7d/element/f.8FEDB17297EEB2F430C5C9DB657928CB.d.CB6573956B94A1F6B77311C8FE478B16.e.6894/attribute/aria-checked - {}
COMMAND: GET /session/2308dad0f2a7537c6be193a87bfcce7d/screenshot - {}
RESULT: {}
COMMAND: POST /session/2308dad0f2a7537c6be193a87bfcce7d/element - {"using":"xpath","value":"//table[contains(@id, \"listView-innerSelectionPanelTable-listUl\")]/tbody/tr[16]/td[2]/div/div"}
RESULT: {}
RESULT: {"using":"xpath","value":"//table[contains(@id, \"listView-innerSelectionPanelTable-listUl\")]/tbody/tr[16]/td[2]/div/div"}
COMMAND: POST /session/2308dad0f2a7537c6be193a87bfcce7d/element - {"using":"xpath","value":"//table[contains(@id, \"listView-innerSelectionPanelTable-listUl\")]/tbody/tr[16]/td[2]/div"}
RESULT: {"using":"xpath","value":"//table[contains(@id, \"listView-innerSelectionPanelTable-listUl\")]/tbody/tr[16]/td[2]/div"}
COMMAND: POST /session/2308dad0f2a7537c6be193a87bfcce7d/element - {"using":"xpath","value":"//table[contains(@id, \"listView-innerSelectionPanelTable-listUl\")]/tbody/tr[16]/td[3]/div/div/span/span[1]/bdi"}
RESULT: {"using":"xpath","value":"//table[contains(@id, \"listView-innerSelectionPanelTable-listUl\")]/tbody/tr[16]/td[3]/div/div/span/span[1]/bdi"}
COMMAND: POST /session/2308dad0f2a7537c6be193a87bfcce7d/execute/sync - {"script":"<script> [56 bytes]","args":[{"element-6066-11e4-a52e-4f735466cecf":"f.8FEDB17297EEB2F430C5C9DB657928CB.d.CB6573956B94A1F6B77311C8FE478B16.e.6898","ELEMENT":"f.8FEDB17297EEB2F430C5C9DB657928CB.d.CB6573956B94A1F6B77311C8FE478B16.e.6898"}]}
RESULT: {"script":"<script> [56 bytes]","args":[{"element-6066-11e4-a52e-4f735466cecf":"f.8FEDB17297EEB2F430C5C9DB657928CB.d.CB6573956B94A1F6B77311C8FE478B16.e.6898","ELEMENT":"f.8FEDB17297EEB2F430C5C9DB657928CB.d.CB6573956B94A1F6B77311C8FE478B16.e.6898"}]}
COMMAND: GET /session/2308dad0f2a7537c6be193a87bfcce7d/element/f.8FEDB17297EEB2F430C5C9DB657928CB.d.CB6573956B94A1F6B77311C8FE478B16.e.6897/attribute/aria-checked - {}
COMMAND: GET /session/2308dad0f2a7537c6be193a87bfcce7d/screenshot - {}
RESULT: {}
COMMAND: POST /session/2308dad0f2a7537c6be193a87bfcce7d/element - {"using":"xpath","value":"//table[contains(@id, \"listView-innerSelectionPanelTable-listUl\")]/tbody/tr[17]/td[2]/div/div"}
RESULT: {}
RESULT: {"using":"xpath","value":"//table[contains(@id, \"listView-innerSelectionPanelTable-listUl\")]/tbody/tr[17]/td[2]/div/div"}
COMMAND: POST /session/2308dad0f2a7537c6be193a87bfcce7d/element - {"using":"xpath","value":"//table[contains(@id, \"listView-innerSelectionPanelTable-listUl\")]/tbody/tr[17]/td[2]/div"}
RESULT: {"using":"xpath","value":"//table[contains(@id, \"listView-innerSelectionPanelTable-listUl\")]/tbody/tr[17]/td[2]/div"}
COMMAND: POST /session/2308dad0f2a7537c6be193a87bfcce7d/element - {"using":"xpath","value":"//table[contains(@id, \"listView-innerSelectionPanelTable-listUl\")]/tbody/tr[17]/td[3]/div/div/span/span[1]/bdi"}
RESULT: {"using":"xpath","value":"//table[contains(@id, \"listView-innerSelectionPanelTable-listUl\")]/tbody/tr[17]/td[3]/div/div/span/span[1]/bdi"}
COMMAND: POST /session/2308dad0f2a7537c6be193a87bfcce7d/execute/sync - {"script":"<script> [56 bytes]","args":[{"element-6066-11e4-a52e-4f735466cecf":"f.8FEDB17297EEB2F430C5C9DB657928CB.d.CB6573956B94A1F6B77311C8FE478B16.e.6901","ELEMENT":"f.8FEDB17297EEB2F430C5C9DB657928CB.d.CB6573956B94A1F6B77311C8FE478B16.e.6901"}]}
RESULT: {"script":"<script> [56 bytes]","args":[{"element-6066-11e4-a52e-4f735466cecf":"f.8FEDB17297EEB2F430C5C9DB657928CB.d.CB6573956B94A1F6B77311C8FE478B16.e.6901","ELEMENT":"f.8FEDB17297EEB2F430C5C9DB657928CB.d.CB6573956B94A1F6B77311C8FE478B16.e.6901"}]}
COMMAND: GET /session/2308dad0f2a7537c6be193a87bfcce7d/element/f.8FEDB17297EEB2F430C5C9DB657928CB.d.CB6573956B94A1F6B77311C8FE478B16.e.6900/attribute/aria-checked - {}
COMMAND: GET /session/2308dad0f2a7537c6be193a87bfcce7d/screenshot - {}
RESULT: {}
COMMAND: POST /session/2308dad0f2a7537c6be193a87bfcce7d/element - {"using":"xpath","value":"//table[contains(@id, \"listView-innerSelectionPanelTable-listUl\")]/tbody/tr[18]/td[2]/div/div"}
RESULT: {}
RESULT: {"using":"xpath","value":"//table[contains(@id, \"listView-innerSelectionPanelTable-listUl\")]/tbody/tr[18]/td[2]/div/div"}
COMMAND: POST /session/2308dad0f2a7537c6be193a87bfcce7d/element - {"using":"xpath","value":"//table[contains(@id, \"listView-innerSelectionPanelTable-listUl\")]/tbody/tr[18]/td[2]/div"}
RESULT: {"using":"xpath","value":"//table[contains(@id, \"listView-innerSelectionPanelTable-listUl\")]/tbody/tr[18]/td[2]/div"}
COMMAND: POST /session/2308dad0f2a7537c6be193a87bfcce7d/element - {"using":"xpath","value":"//table[contains(@id, \"listView-innerSelectionPanelTable-listUl\")]/tbody/tr[18]/td[3]/div/div/span/span[1]/bdi"}
RESULT: {"using":"xpath","value":"//table[contains(@id, \"listView-innerSelectionPanelTable-listUl\")]/tbody/tr[18]/td[3]/div/div/span/span[1]/bdi"}
COMMAND: POST /session/2308dad0f2a7537c6be193a87bfcce7d/execute/sync - {"script":"<script> [56 bytes]","args":[{"element-6066-11e4-a52e-4f735466cecf":"f.8FEDB17297EEB2F430C5C9DB657928CB.d.CB6573956B94A1F6B77311C8FE478B16.e.6904","ELEMENT":"f.8FEDB17297EEB2F430C5C9DB657928CB.d.CB6573956B94A1F6B77311C8FE478B16.e.6904"}]}
RESULT: {"script":"<script> [56 bytes]","args":[{"element-6066-11e4-a52e-4f735466cecf":"f.8FEDB17297EEB2F430C5C9DB657928CB.d.CB6573956B94A1F6B77311C8FE478B16.e.6904","ELEMENT":"f.8FEDB17297EEB2F430C5C9DB657928CB.d.CB6573956B94A1F6B77311C8FE478B16.e.6904"}]}
COMMAND: GET /session/2308dad0f2a7537c6be193a87bfcce7d/element/f.8FEDB17297EEB2F430C5C9DB657928CB.d.CB6573956B94A1F6B77311C8FE478B16.e.6903/attribute/aria-checked - {}
COMMAND: GET /session/2308dad0f2a7537c6be193a87bfcce7d/screenshot - {}
RESULT: {}
COMMAND: POST /session/2308dad0f2a7537c6be193a87bfcce7d/element - {"using":"xpath","value":"//table[contains(@id, \"listView-innerSelectionPanelTable-listUl\")]/tbody/tr[19]/td[2]/div/div"}
RESULT: {}
RESULT: {"using":"xpath","value":"//table[contains(@id, \"listView-innerSelectionPanelTable-listUl\")]/tbody/tr[19]/td[2]/div/div"}
COMMAND: POST /session/2308dad0f2a7537c6be193a87bfcce7d/element - {"using":"xpath","value":"//table[contains(@id, \"listView-innerSelectionPanelTable-listUl\")]/tbody/tr[19]/td[2]/div"}
RESULT: {"using":"xpath","value":"//table[contains(@id, \"listView-innerSelectionPanelTable-listUl\")]/tbody/tr[19]/td[2]/div"}
COMMAND: POST /session/2308dad0f2a7537c6be193a87bfcce7d/element - {"using":"xpath","value":"//table[contains(@id, \"listView-innerSelectionPanelTable-listUl\")]/tbody/tr[19]/td[3]/div/div/span/span[1]/bdi"}
RESULT: {"using":"xpath","value":"//table[contains(@id, \"listView-innerSelectionPanelTable-listUl\")]/tbody/tr[19]/td[3]/div/div/span/span[1]/bdi"}
COMMAND: POST /session/2308dad0f2a7537c6be193a87bfcce7d/execute/sync - {"script":"<script> [56 bytes]","args":[{"element-6066-11e4-a52e-4f735466cecf":"f.8FEDB17297EEB2F430C5C9DB657928CB.d.CB6573956B94A1F6B77311C8FE478B16.e.6907","ELEMENT":"f.8FEDB17297EEB2F430C5C9DB657928CB.d.CB6573956B94A1F6B77311C8FE478B16.e.6907"}]}
RESULT: {"script":"<script> [56 bytes]","args":[{"element-6066-11e4-a52e-4f735466cecf":"f.8FEDB17297EEB2F430C5C9DB657928CB.d.CB6573956B94A1F6B77311C8FE478B16.e.6907","ELEMENT":"f.8FEDB17297EEB2F430C5C9DB657928CB.d.CB6573956B94A1F6B77311C8FE478B16.e.6907"}]}
COMMAND: GET /session/2308dad0f2a7537c6be193a87bfcce7d/element/f.8FEDB17297EEB2F430C5C9DB657928CB.d.CB6573956B94A1F6B77311C8FE478B16.e.6906/attribute/aria-checked - {}
COMMAND: GET /session/2308dad0f2a7537c6be193a87bfcce7d/screenshot - {}
RESULT: {}
COMMAND: POST /session/2308dad0f2a7537c6be193a87bfcce7d/element - {"using":"xpath","value":"//table[contains(@id, \"listView-innerSelectionPanelTable-listUl\")]/tbody/tr[20]/td[2]/div/div"}
RESULT: {}
RESULT: {"using":"xpath","value":"//table[contains(@id, \"listView-innerSelectionPanelTable-listUl\")]/tbody/tr[20]/td[2]/div/div"}
COMMAND: POST /session/2308dad0f2a7537c6be193a87bfcce7d/element - {"using":"xpath","value":"//table[contains(@id, \"listView-innerSelectionPanelTable-listUl\")]/tbody/tr[20]/td[2]/div"}
RESULT: {"using":"xpath","value":"//table[contains(@id, \"listView-innerSelectionPanelTable-listUl\")]/tbody/tr[20]/td[2]/div"}
COMMAND: POST /session/2308dad0f2a7537c6be193a87bfcce7d/element - {"using":"xpath","value":"//table[contains(@id, \"listView-innerSelectionPanelTable-listUl\")]/tbody/tr[20]/td[3]/div/div/span/span[1]/bdi"}
RESULT: {"using":"xpath","value":"//table[contains(@id, \"listView-innerSelectionPanelTable-listUl\")]/tbody/tr[20]/td[3]/div/div/span/span[1]/bdi"}
COMMAND: POST /session/2308dad0f2a7537c6be193a87bfcce7d/execute/sync - {"script":"<script> [56 bytes]","args":[{"element-6066-11e4-a52e-4f735466cecf":"f.8FEDB17297EEB2F430C5C9DB657928CB.d.CB6573956B94A1F6B77311C8FE478B16.e.6910","ELEMENT":"f.8FEDB17297EEB2F430C5C9DB657928CB.d.CB6573956B94A1F6B77311C8FE478B16.e.6910"}]}
RESULT: {"script":"<script> [56 bytes]","args":[{"element-6066-11e4-a52e-4f735466cecf":"f.8FEDB17297EEB2F430C5C9DB657928CB.d.CB6573956B94A1F6B77311C8FE478B16.e.6910","ELEMENT":"f.8FEDB17297EEB2F430C5C9DB657928CB.d.CB6573956B94A1F6B77311C8FE478B16.e.6910"}]}
COMMAND: GET /session/2308dad0f2a7537c6be193a87bfcce7d/element/f.8FEDB17297EEB2F430C5C9DB657928CB.d.CB6573956B94A1F6B77311C8FE478B16.e.6909/attribute/aria-checked - {}
COMMAND: GET /session/2308dad0f2a7537c6be193a87bfcce7d/screenshot - {}
RESULT: {}
COMMAND: POST /session/2308dad0f2a7537c6be193a87bfcce7d/element - {"using":"xpath","value":"//table[contains(@id, \"listView-innerSelectionPanelTable-listUl\")]/tbody/tr[21]/td[2]/div/div"}
RESULT: {}
RESULT: {"using":"xpath","value":"//table[contains(@id, \"listView-innerSelectionPanelTable-listUl\")]/tbody/tr[21]/td[2]/div/div"}
COMMAND: POST /session/2308dad0f2a7537c6be193a87bfcce7d/element - {"using":"xpath","value":"//table[contains(@id, \"listView-innerSelectionPanelTable-listUl\")]/tbody/tr[21]/td[2]/div"}
RESULT: {"using":"xpath","value":"//table[contains(@id, \"listView-innerSelectionPanelTable-listUl\")]/tbody/tr[21]/td[2]/div"}
COMMAND: POST /session/2308dad0f2a7537c6be193a87bfcce7d/element - {"using":"xpath","value":"//table[contains(@id, \"listView-innerSelectionPanelTable-listUl\")]/tbody/tr[21]/td[3]/div/div/span/span[1]/bdi"}
RESULT: {"using":"xpath","value":"//table[contains(@id, \"listView-innerSelectionPanelTable-listUl\")]/tbody/tr[21]/td[3]/div/div/span/span[1]/bdi"}
COMMAND: POST /session/2308dad0f2a7537c6be193a87bfcce7d/execute/sync - {"script":"<script> [56 bytes]","args":[{"element-6066-11e4-a52e-4f735466cecf":"f.8FEDB17297EEB2F430C5C9DB657928CB.d.CB6573956B94A1F6B77311C8FE478B16.e.6913","ELEMENT":"f.8FEDB17297EEB2F430C5C9DB657928CB.d.CB6573956B94A1F6B77311C8FE478B16.e.6913"}]}
RESULT: {"script":"<script> [56 bytes]","args":[{"element-6066-11e4-a52e-4f735466cecf":"f.8FEDB17297EEB2F430C5C9DB657928CB.d.CB6573956B94A1F6B77311C8FE478B16.e.6913","ELEMENT":"f.8FEDB17297EEB2F430C5C9DB657928CB.d.CB6573956B94A1F6B77311C8FE478B16.e.6913"}]}
COMMAND: GET /session/2308dad0f2a7537c6be193a87bfcce7d/element/f.8FEDB17297EEB2F430C5C9DB657928CB.d.CB6573956B94A1F6B77311C8FE478B16.e.6912/attribute/aria-checked - {}
COMMAND: GET /session/2308dad0f2a7537c6be193a87bfcce7d/screenshot - {}
RESULT: {}
COMMAND: POST /session/2308dad0f2a7537c6be193a87bfcce7d/element - {"using":"xpath","value":"//table[contains(@id, \"listView-innerSelectionPanelTable-listUl\")]/tbody/tr[22]/td[2]/div/div"}
RESULT: {}
RESULT: {"using":"xpath","value":"//table[contains(@id, \"listView-innerSelectionPanelTable-listUl\")]/tbody/tr[22]/td[2]/div/div"}
COMMAND: POST /session/2308dad0f2a7537c6be193a87bfcce7d/element - {"using":"xpath","value":"//table[contains(@id, \"listView-innerSelectionPanelTable-listUl\")]/tbody/tr[22]/td[2]/div"}
RESULT: {"using":"xpath","value":"//table[contains(@id, \"listView-innerSelectionPanelTable-listUl\")]/tbody/tr[22]/td[2]/div"}
COMMAND: POST /session/2308dad0f2a7537c6be193a87bfcce7d/element - {"using":"xpath","value":"//table[contains(@id, \"listView-innerSelectionPanelTable-listUl\")]/tbody/tr[22]/td[3]/div/div/span/span[1]/bdi"}
RESULT: {"using":"xpath","value":"//table[contains(@id, \"listView-innerSelectionPanelTable-listUl\")]/tbody/tr[22]/td[3]/div/div/span/span[1]/bdi"}
COMMAND: POST /session/2308dad0f2a7537c6be193a87bfcce7d/execute/sync - {"script":"<script> [56 bytes]","args":[{"element-6066-11e4-a52e-4f735466cecf":"f.8FEDB17297EEB2F430C5C9DB657928CB.d.CB6573956B94A1F6B77311C8FE478B16.e.6916","ELEMENT":"f.8FEDB17297EEB2F430C5C9DB657928CB.d.CB6573956B94A1F6B77311C8FE478B16.e.6916"}]}
RESULT: {"script":"<script> [56 bytes]","args":[{"element-6066-11e4-a52e-4f735466cecf":"f.8FEDB17297EEB2F430C5C9DB657928CB.d.CB6573956B94A1F6B77311C8FE478B16.e.6916","ELEMENT":"f.8FEDB17297EEB2F430C5C9DB657928CB.d.CB6573956B94A1F6B77311C8FE478B16.e.6916"}]}
COMMAND: GET /session/2308dad0f2a7537c6be193a87bfcce7d/element/f.8FEDB17297EEB2F430C5C9DB657928CB.d.CB6573956B94A1F6B77311C8FE478B16.e.6915/attribute/aria-checked - {}
COMMAND: GET /session/2308dad0f2a7537c6be193a87bfcce7d/screenshot - {}
RESULT: {}
COMMAND: POST /session/2308dad0f2a7537c6be193a87bfcce7d/element - {"using":"xpath","value":"//table[contains(@id, \"listView-innerSelectionPanelTable-listUl\")]/tbody/tr[23]/td[2]/div/div"}
RESULT: {}
RESULT: {"using":"xpath","value":"//table[contains(@id, \"listView-innerSelectionPanelTable-listUl\")]/tbody/tr[23]/td[2]/div/div"}
COMMAND: POST /session/2308dad0f2a7537c6be193a87bfcce7d/element - {"using":"xpath","value":"//table[contains(@id, \"listView-innerSelectionPanelTable-listUl\")]/tbody/tr[23]/td[2]/div"}
RESULT: {"using":"xpath","value":"//table[contains(@id, \"listView-innerSelectionPanelTable-listUl\")]/tbody/tr[23]/td[2]/div"}
COMMAND: POST /session/2308dad0f2a7537c6be193a87bfcce7d/element - {"using":"xpath","value":"//table[contains(@id, \"listView-innerSelectionPanelTable-listUl\")]/tbody/tr[23]/td[3]/div/div/span/span[1]/bdi"}
RESULT: {"using":"xpath","value":"//table[contains(@id, \"listView-innerSelectionPanelTable-listUl\")]/tbody/tr[23]/td[3]/div/div/span/span[1]/bdi"}
COMMAND: POST /session/2308dad0f2a7537c6be193a87bfcce7d/execute/sync - {"script":"<script> [56 bytes]","args":[{"element-6066-11e4-a52e-4f735466cecf":"f.8FEDB17297EEB2F430C5C9DB657928CB.d.CB6573956B94A1F6B77311C8FE478B16.e.6919","ELEMENT":"f.8FEDB17297EEB2F430C5C9DB657928CB.d.CB6573956B94A1F6B77311C8FE478B16.e.6919"}]}
RESULT: {"script":"<script> [56 bytes]","args":[{"element-6066-11e4-a52e-4f735466cecf":"f.8FEDB17297EEB2F430C5C9DB657928CB.d.CB6573956B94A1F6B77311C8FE478B16.e.6919","ELEMENT":"f.8FEDB17297EEB2F430C5C9DB657928CB.d.CB6573956B94A1F6B77311C8FE478B16.e.6919"}]}
COMMAND: GET /session/2308dad0f2a7537c6be193a87bfcce7d/element/f.8FEDB17297EEB2F430C5C9DB657928CB.d.CB6573956B94A1F6B77311C8FE478B16.e.6918/attribute/aria-checked - {}
COMMAND: GET /session/2308dad0f2a7537c6be193a87bfcce7d/screenshot - {}
RESULT: {}
COMMAND: POST /session/2308dad0f2a7537c6be193a87bfcce7d/element - {"using":"xpath","value":"//table[contains(@id, \"listView-innerSelectionPanelTable-listUl\")]/tbody/tr[24]/td[2]/div/div"}
RESULT: {}
RESULT: {"using":"xpath","value":"//table[contains(@id, \"listView-innerSelectionPanelTable-listUl\")]/tbody/tr[24]/td[2]/div/div"}
COMMAND: POST /session/2308dad0f2a7537c6be193a87bfcce7d/element - {"using":"xpath","value":"//table[contains(@id, \"listView-innerSelectionPanelTable-listUl\")]/tbody/tr[24]/td[2]/div"}
RESULT: {"using":"xpath","value":"//table[contains(@id, \"listView-innerSelectionPanelTable-listUl\")]/tbody/tr[24]/td[2]/div"}
COMMAND: POST /session/2308dad0f2a7537c6be193a87bfcce7d/element - {"using":"xpath","value":"//table[contains(@id, \"listView-innerSelectionPanelTable-listUl\")]/tbody/tr[24]/td[3]/div/div/span/span[1]/bdi"}
RESULT: {"using":"xpath","value":"//table[contains(@id, \"listView-innerSelectionPanelTable-listUl\")]/tbody/tr[24]/td[3]/div/div/span/span[1]/bdi"}
COMMAND: POST /session/2308dad0f2a7537c6be193a87bfcce7d/execute/sync - {"script":"<script> [56 bytes]","args":[{"element-6066-11e4-a52e-4f735466cecf":"f.8FEDB17297EEB2F430C5C9DB657928CB.d.CB6573956B94A1F6B77311C8FE478B16.e.6922","ELEMENT":"f.8FEDB17297EEB2F430C5C9DB657928CB.d.CB6573956B94A1F6B77311C8FE478B16.e.6922"}]}
RESULT: {"script":"<script> [56 bytes]","args":[{"element-6066-11e4-a52e-4f735466cecf":"f.8FEDB17297EEB2F430C5C9DB657928CB.d.CB6573956B94A1F6B77311C8FE478B16.e.6922","ELEMENT":"f.8FEDB17297EEB2F430C5C9DB657928CB.d.CB6573956B94A1F6B77311C8FE478B16.e.6922"}]}
COMMAND: GET /session/2308dad0f2a7537c6be193a87bfcce7d/element/f.8FEDB17297EEB2F430C5C9DB657928CB.d.CB6573956B94A1F6B77311C8FE478B16.e.6921/attribute/aria-checked - {}
COMMAND: GET /session/2308dad0f2a7537c6be193a87bfcce7d/screenshot - {}
RESULT: {}
COMMAND: POST /session/2308dad0f2a7537c6be193a87bfcce7d/element - {"using":"xpath","value":"//table[contains(@id, \"listView-innerSelectionPanelTable-listUl\")]/tbody/tr[25]/td[2]/div/div"}
RESULT: {}
RESULT: {"using":"xpath","value":"//table[contains(@id, \"listView-innerSelectionPanelTable-listUl\")]/tbody/tr[25]/td[2]/div/div"}
COMMAND: POST /session/2308dad0f2a7537c6be193a87bfcce7d/element - {"using":"xpath","value":"//table[contains(@id, \"listView-innerSelectionPanelTable-listUl\")]/tbody/tr[25]/td[2]/div"}
RESULT: {"using":"xpath","value":"//table[contains(@id, \"listView-innerSelectionPanelTable-listUl\")]/tbody/tr[25]/td[2]/div"}
COMMAND: POST /session/2308dad0f2a7537c6be193a87bfcce7d/element - {"using":"xpath","value":"//table[contains(@id, \"listView-innerSelectionPanelTable-listUl\")]/tbody/tr[25]/td[3]/div/div/span/span[1]/bdi"}
RESULT: {"using":"xpath","value":"//table[contains(@id, \"listView-innerSelectionPanelTable-listUl\")]/tbody/tr[25]/td[3]/div/div/span/span[1]/bdi"}
COMMAND: POST /session/2308dad0f2a7537c6be193a87bfcce7d/execute/sync - {"script":"<script> [56 bytes]","args":[{"element-6066-11e4-a52e-4f735466cecf":"f.8FEDB17297EEB2F430C5C9DB657928CB.d.CB6573956B94A1F6B77311C8FE478B16.e.6925","ELEMENT":"f.8FEDB17297EEB2F430C5C9DB657928CB.d.CB6573956B94A1F6B77311C8FE478B16.e.6925"}]}
RESULT: {"script":"<script> [56 bytes]","args":[{"element-6066-11e4-a52e-4f735466cecf":"f.8FEDB17297EEB2F430C5C9DB657928CB.d.CB6573956B94A1F6B77311C8FE478B16.e.6925","ELEMENT":"f.8FEDB17297EEB2F430C5C9DB657928CB.d.CB6573956B94A1F6B77311C8FE478B16.e.6925"}]}
COMMAND: GET /session/2308dad0f2a7537c6be193a87bfcce7d/element/f.8FEDB17297EEB2F430C5C9DB657928CB.d.CB6573956B94A1F6B77311C8FE478B16.e.6924/attribute/aria-checked - {}
COMMAND: GET /session/2308dad0f2a7537c6be193a87bfcce7d/screenshot - {}
RESULT: {}
COMMAND: POST /session/2308dad0f2a7537c6be193a87bfcce7d/element - {"using":"xpath","value":"//bdi[contains(text(), \"OK\")]"}
RESULT: {}
RESULT: {"using":"xpath","value":"//bdi[contains(text(), \"OK\")]"}
COMMAND: POST /session/2308dad0f2a7537c6be193a87bfcce7d/element/f.8FEDB17297EEB2F430C5C9DB657928CB.d.CB6573956B94A1F6B77311C8FE478B16.e.6926/click - {}
RESULT: {}
COMMAND: GET /session/2308dad0f2a7537c6be193a87bfcce7d/screenshot - {}
RESULT: {}
COMMAND: POST /session/2308dad0f2a7537c6be193a87bfcce7d/execute/async - {"script":"<script> [1562 bytes]","args":[{"selector":{"id":"application-managepartners-display-component---masterPtm--smartFilterBar-filterItemControlA_-LINK_TO_ADDRESSES_MAIN.CITY1-vhi"},"wdio_ui5_key":"applicationmanagepartners-display-component---masterPtm--smartFilterBar-filterItemControlA_-LINK_TO_ADDRESSES_MAIN.CITY1-vhi"}]}
RESULT: {"script":"<script> [1562 bytes]","args":[{"selector":{"id":"application-managepartners-display-component---masterPtm--smartFilterBar-filterItemControlA_-LINK_TO_ADDRESSES_MAIN.CITY1-vhi"},"wdio_ui5_key":"applicationmanagepartners-display-component---masterPtm--smartFilterBar-filterItemControlA_-LINK_TO_ADDRESSES_MAIN.CITY1-vhi"}]}
RESULT: undefined
COMMAND: POST /session/2308dad0f2a7537c6be193a87bfcce7d/element - {"using":"xpath","value":"//*[@id=\"application-managepartners-display-component---masterPtm--smartFilterBar-filterItemControlA_-LINK_TO_ADDRESSES_MAIN.CITY1-vhi\"]"}
RESULT: {"using":"xpath","value":"//*[@id=\"application-managepartners-display-component---masterPtm--smartFilterBar-filterItemControlA_-LINK_TO_ADDRESSES_MAIN.CITY1-vhi\"]"}
COMMAND: POST /session/2308dad0f2a7537c6be193a87bfcce7d/element/f.8FEDB17297EEB2F430C5C9DB657928CB.d.CB6573956B94A1F6B77311C8FE478B16.e.6940/click - {}
RESULT: {}
COMMAND: GET /session/2308dad0f2a7537c6be193a87bfcce7d/screenshot - {}
RESULT: {}
COMMAND: POST /session/2308dad0f2a7537c6be193a87bfcce7d/execute/async - {"script":"<script> [1562 bytes]","args":[{"selector":{"controlType":"sap.m.Input","viewName":"etm.portal.ui.managepartners.view.Master","viewId":"application-managepartners-display-component---masterPtm","properties":{"valueState":"None"},"searchOpenDialogs":true,"interaction":{"idSuffix":"inner"}},"wdio_ui5_key":"etmportal.ui.managepartners.view.Mastersap.m.Input{\"valueState\":\"None\"}"}]}
RESULT: {"script":"<script> [1562 bytes]","args":[{"selector":{"controlType":"sap.m.Input","viewName":"etm.portal.ui.managepartners.view.Master","viewId":"application-managepartners-display-component---masterPtm","properties":{"valueState":"None"},"searchOpenDialogs":true,"interaction":{"idSuffix":"inner"}},"wdio_ui5_key":"etmportal.ui.managepartners.view.Mastersap.m.Input{\"valueState\":\"None\"}"}]}
RESULT: undefined
COMMAND: POST /session/2308dad0f2a7537c6be193a87bfcce7d/execute/async - {"script":"<script> [776 bytes]","args":[{"enterText":"Bucure","selector":{"controlType":"sap.m.Input","viewName":"etm.portal.ui.managepartners.view.Master","viewId":"application-managepartners-display-component---masterPtm","properties":{"valueState":"None"},"searchOpenDialogs":true,"interaction":{"idSuffix":"inner"}},"clearTextFirst":true,"interactionType":"ENTER_TEXT"}]}
RESULT: {"script":"<script> [776 bytes]","args":[{"enterText":"Bucure","selector":{"controlType":"sap.m.Input","viewName":"etm.portal.ui.managepartners.view.Master","viewId":"application-managepartners-display-component---masterPtm","properties":{"valueState":"None"},"searchOpenDialogs":true,"interaction":{"idSuffix":"inner"}},"clearTextFirst":true,"interactionType":"ENTER_TEXT"}]}
COMMAND: POST /session/2308dad0f2a7537c6be193a87bfcce7d/actions - {"actions":[{"id":"action21","type":"key","parameters":{},"actions":[{"type":"keyDown","value":""},{"type":"pause","duration":10},{"type":"keyUp","value":""}]}]}
RESULT: {"actions":[{"id":"action21","type":"key","parameters":{},"actions":[{"type":"keyDown","value":""},{"type":"pause","duration":10},{"type":"keyUp","value":""}]}]}
COMMAND: GET /session/2308dad0f2a7537c6be193a87bfcce7d/screenshot - {}
RESULT: {}
COMMAND: POST /session/2308dad0f2a7537c6be193a87bfcce7d/element - {"using":"xpath","value":"(//bdi[contains(text(), \"OK\")])[1]"}
RESULT: {"using":"xpath","value":"(//bdi[contains(text(), \"OK\")])[1]"}
COMMAND: POST /session/2308dad0f2a7537c6be193a87bfcce7d/element/f.8FEDB17297EEB2F430C5C9DB657928CB.d.CB6573956B94A1F6B77311C8FE478B16.e.6946/click - {}
RESULT: {}
COMMAND: GET /session/2308dad0f2a7537c6be193a87bfcce7d/screenshot - {}
RESULT: {}
COMMAND: POST /session/2308dad0f2a7537c6be193a87bfcce7d/element - {"using":"xpath","value":"//span[@id=\"application-managepartners-display-component---masterPtm--smartTable-header-inner\"]"}
RESULT: {"using":"xpath","value":"//span[@id=\"application-managepartners-display-component---masterPtm--smartTable-header-inner\"]"}
COMMAND: POST /session/2308dad0f2a7537c6be193a87bfcce7d/elements - {"using":"xpath","value":"//span[@id=\"application-managepartners-display-component---masterPtm--smartTable-header-inner\"]"}
RESULT: {"using":"xpath","value":"//span[@id=\"application-managepartners-display-component---masterPtm--smartTable-header-inner\"]"}
COMMAND: POST /session/2308dad0f2a7537c6be193a87bfcce7d/execute/sync - {"script":"<script> [56 bytes]","args":[{"element-6066-11e4-a52e-4f735466cecf":"f.8FEDB17297EEB2F430C5C9DB657928CB.d.CB6573956B94A1F6B77311C8FE478B16.e.6009","ELEMENT":"f.8FEDB17297EEB2F430C5C9DB657928CB.d.CB6573956B94A1F6B77311C8FE478B16.e.6009"}]}
RESULT: {"script":"<script> [56 bytes]","args":[{"element-6066-11e4-a52e-4f735466cecf":"f.8FEDB17297EEB2F430C5C9DB657928CB.d.CB6573956B94A1F6B77311C8FE478B16.e.6009","ELEMENT":"f.8FEDB17297EEB2F430C5C9DB657928CB.d.CB6573956B94A1F6B77311C8FE478B16.e.6009"}]}
COMMAND: POST /session/2308dad0f2a7537c6be193a87bfcce7d/element - {"using":"xpath","value":"//span[contains(@title, \"Remove\")]"}
COMMAND: GET /session/2308dad0f2a7537c6be193a87bfcce7d/screenshot - {}
RESULT: {"using":"xpath","value":"//span[contains(@title, \"Remove\")]"}
COMMAND: POST /session/2308dad0f2a7537c6be193a87bfcce7d/element/f.8FEDB17297EEB2F430C5C9DB657928CB.d.CB6573956B94A1F6B77311C8FE478B16.e.7021/click - {}
RESULT: {}
RESULT: {}
COMMAND: GET /session/2308dad0f2a7537c6be193a87bfcce7d/screenshot - {}
RESULT: {}
COMMAND: POST /session/2308dad0f2a7537c6be193a87bfcce7d/element - {"using":"xpath","value":"//span[@id=\"application-managepartners-display-component---masterPtm--smartTable-header-inner\"]"}
RESULT: {"using":"xpath","value":"//span[@id=\"application-managepartners-display-component---masterPtm--smartTable-header-inner\"]"}
COMMAND: POST /session/2308dad0f2a7537c6be193a87bfcce7d/elements - {"using":"xpath","value":"//span[@id=\"application-managepartners-display-component---masterPtm--smartTable-header-inner\"]"}
RESULT: {"using":"xpath","value":"//span[@id=\"application-managepartners-display-component---masterPtm--smartTable-header-inner\"]"}
COMMAND: POST /session/2308dad0f2a7537c6be193a87bfcce7d/execute/sync - {"script":"<script> [56 bytes]","args":[{"element-6066-11e4-a52e-4f735466cecf":"f.8FEDB17297EEB2F430C5C9DB657928CB.d.CB6573956B94A1F6B77311C8FE478B16.e.6009","ELEMENT":"f.8FEDB17297EEB2F430C5C9DB657928CB.d.CB6573956B94A1F6B77311C8FE478B16.e.6009"}]}
RESULT: {"script":"<script> [56 bytes]","args":[{"element-6066-11e4-a52e-4f735466cecf":"f.8FEDB17297EEB2F430C5C9DB657928CB.d.CB6573956B94A1F6B77311C8FE478B16.e.6009","ELEMENT":"f.8FEDB17297EEB2F430C5C9DB657928CB.d.CB6573956B94A1F6B77311C8FE478B16.e.6009"}]}
COMMAND: POST /session/2308dad0f2a7537c6be193a87bfcce7d/element - {"using":"css selector","value":"#shell-header-logo"}
COMMAND: GET /session/2308dad0f2a7537c6be193a87bfcce7d/screenshot - {}
RESULT: {"using":"css selector","value":"#shell-header-logo"}
COMMAND: POST /session/2308dad0f2a7537c6be193a87bfcce7d/element/f.8FEDB17297EEB2F430C5C9DB657928CB.d.CB6573956B94A1F6B77311C8FE478B16.e.5837/click - {}
RESULT: {}
RESULT: {}
COMMAND: GET /session/2308dad0f2a7537c6be193a87bfcce7d/screenshot - {}
RESULT: {}
]]></system-out>
    </testcase>
    <testcase classname="chrome.136_0_7103_93.windows.Partner_specific_tests_US150819_US151080_US151654_US151176_US103444_US151078_US151079_US151109_US151174_US151175_US151189" name="Should try to save empty partner US151174" time="43.216">
      <system-out><![CDATA[
COMMAND: POST /session/2308dad0f2a7537c6be193a87bfcce7d/element - {"using":"xpath","value":"//li[.//span[text()=\"Manage Partners\"]]"}
RESULT: {"using":"xpath","value":"//li[.//span[text()=\"Manage Partners\"]]"}
COMMAND: POST /session/2308dad0f2a7537c6be193a87bfcce7d/element - {"using":"xpath","value":"//li[.//span[text()=\"Manage Partners\"]]"}
RESULT: {"using":"xpath","value":"//li[.//span[text()=\"Manage Partners\"]]"}
COMMAND: POST /session/2308dad0f2a7537c6be193a87bfcce7d/element - {"using":"css selector","value":"#shell-header-logo"}
RESULT: {"using":"css selector","value":"#shell-header-logo"}
COMMAND: POST /session/2308dad0f2a7537c6be193a87bfcce7d/element/f.8FEDB17297EEB2F430C5C9DB657928CB.d.CB6573956B94A1F6B77311C8FE478B16.e.7121/click - {}
COMMAND: POST /session/2308dad0f2a7537c6be193a87bfcce7d/execute/sync - {"script":"<script> [8489 bytes]","args":[{"element-6066-11e4-a52e-4f735466cecf":"f.8FEDB17297EEB2F430C5C9DB657928CB.d.CB6573956B94A1F6B77311C8FE478B16.e.7121","ELEMENT":"f.8FEDB17297EEB2F430C5C9DB657928CB.d.CB6573956B94A1F6B77311C8FE478B16.e.7121"}]}
RESULT: {}
COMMAND: GET /session/2308dad0f2a7537c6be193a87bfcce7d/screenshot - {}
RESULT: {"script":"<script> [8489 bytes]","args":[{"element-6066-11e4-a52e-4f735466cecf":"f.8FEDB17297EEB2F430C5C9DB657928CB.d.CB6573956B94A1F6B77311C8FE478B16.e.7121","ELEMENT":"f.8FEDB17297EEB2F430C5C9DB657928CB.d.CB6573956B94A1F6B77311C8FE478B16.e.7121"}]}
COMMAND: POST /session/2308dad0f2a7537c6be193a87bfcce7d/execute/sync - {"script":"<script> [5351 bytes]","args":[{"element-6066-11e4-a52e-4f735466cecf":"f.8FEDB17297EEB2F430C5C9DB657928CB.d.CB6573956B94A1F6B77311C8FE478B16.e.7121","ELEMENT":"f.8FEDB17297EEB2F430C5C9DB657928CB.d.CB6573956B94A1F6B77311C8FE478B16.e.7121"}]}
COMMAND: GET /session/2308dad0f2a7537c6be193a87bfcce7d/screenshot - {}
RESULT: {}
RESULT: {"script":"<script> [5351 bytes]","args":[{"element-6066-11e4-a52e-4f735466cecf":"f.8FEDB17297EEB2F430C5C9DB657928CB.d.CB6573956B94A1F6B77311C8FE478B16.e.7121","ELEMENT":"f.8FEDB17297EEB2F430C5C9DB657928CB.d.CB6573956B94A1F6B77311C8FE478B16.e.7121"}]}
COMMAND: GET /session/2308dad0f2a7537c6be193a87bfcce7d/screenshot - {}
RESULT: {}
RESULT: {}
RESULT: undefined
COMMAND: POST /session/2308dad0f2a7537c6be193a87bfcce7d/element - {"using":"xpath","value":"//*[@id=\"__tile30\"]"}
RESULT: {"using":"xpath","value":"//*[@id=\"__tile30\"]"}
COMMAND: POST /session/2308dad0f2a7537c6be193a87bfcce7d/element/f.8FEDB17297EEB2F430C5C9DB657928CB.d.CB6573956B94A1F6B77311C8FE478B16.e.4492/click - {}
RESULT: {}
COMMAND: GET /session/2308dad0f2a7537c6be193a87bfcce7d/screenshot - {}
RESULT: {}
COMMAND: POST /session/2308dad0f2a7537c6be193a87bfcce7d/elements - {"using":"xpath","value":"//span[text()='Error']"}
RESULT: {"using":"xpath","value":"//span[text()='Error']"}
COMMAND: POST /session/2308dad0f2a7537c6be193a87bfcce7d/element - {"using":"xpath","value":"//button[@data-kt=\"addButton\"]"}
RESULT: {"using":"xpath","value":"//button[@data-kt=\"addButton\"]"}
COMMAND: POST /session/2308dad0f2a7537c6be193a87bfcce7d/elements - {"using":"xpath","value":"//button[@data-kt=\"addButton\"]"}
RESULT: {"using":"xpath","value":"//button[@data-kt=\"addButton\"]"}
COMMAND: POST /session/2308dad0f2a7537c6be193a87bfcce7d/execute/sync - {"script":"<script> [8489 bytes]","args":[{"element-6066-11e4-a52e-4f735466cecf":"f.8FEDB17297EEB2F430C5C9DB657928CB.d.CB6573956B94A1F6B77311C8FE478B16.e.7166","ELEMENT":"f.8FEDB17297EEB2F430C5C9DB657928CB.d.CB6573956B94A1F6B77311C8FE478B16.e.7166"}]}
RESULT: {"script":"<script> [8489 bytes]","args":[{"element-6066-11e4-a52e-4f735466cecf":"f.8FEDB17297EEB2F430C5C9DB657928CB.d.CB6573956B94A1F6B77311C8FE478B16.e.7166","ELEMENT":"f.8FEDB17297EEB2F430C5C9DB657928CB.d.CB6573956B94A1F6B77311C8FE478B16.e.7166"}]}
COMMAND: GET /session/2308dad0f2a7537c6be193a87bfcce7d/element/f.8FEDB17297EEB2F430C5C9DB657928CB.d.CB6573956B94A1F6B77311C8FE478B16.e.7166/enabled - {}
COMMAND: GET /session/2308dad0f2a7537c6be193a87bfcce7d/screenshot - {}
RESULT: {}
COMMAND: POST /session/2308dad0f2a7537c6be193a87bfcce7d/execute/sync - {"script":"<script> [8489 bytes]","args":[{"element-6066-11e4-a52e-4f735466cecf":"f.8FEDB17297EEB2F430C5C9DB657928CB.d.CB6573956B94A1F6B77311C8FE478B16.e.7166","ELEMENT":"f.8FEDB17297EEB2F430C5C9DB657928CB.d.CB6573956B94A1F6B77311C8FE478B16.e.7166"}]}
COMMAND: GET /session/2308dad0f2a7537c6be193a87bfcce7d/screenshot - {}
RESULT: {}
RESULT: {"script":"<script> [8489 bytes]","args":[{"element-6066-11e4-a52e-4f735466cecf":"f.8FEDB17297EEB2F430C5C9DB657928CB.d.CB6573956B94A1F6B77311C8FE478B16.e.7166","ELEMENT":"f.8FEDB17297EEB2F430C5C9DB657928CB.d.CB6573956B94A1F6B77311C8FE478B16.e.7166"}]}
COMMAND: POST /session/2308dad0f2a7537c6be193a87bfcce7d/execute/sync - {"script":"<script> [5351 bytes]","args":[{"element-6066-11e4-a52e-4f735466cecf":"f.8FEDB17297EEB2F430C5C9DB657928CB.d.CB6573956B94A1F6B77311C8FE478B16.e.7166","ELEMENT":"f.8FEDB17297EEB2F430C5C9DB657928CB.d.CB6573956B94A1F6B77311C8FE478B16.e.7166"}]}
COMMAND: GET /session/2308dad0f2a7537c6be193a87bfcce7d/screenshot - {}
RESULT: {}
RESULT: {"script":"<script> [5351 bytes]","args":[{"element-6066-11e4-a52e-4f735466cecf":"f.8FEDB17297EEB2F430C5C9DB657928CB.d.CB6573956B94A1F6B77311C8FE478B16.e.7166","ELEMENT":"f.8FEDB17297EEB2F430C5C9DB657928CB.d.CB6573956B94A1F6B77311C8FE478B16.e.7166"}]}
COMMAND: POST /session/2308dad0f2a7537c6be193a87bfcce7d/element/f.8FEDB17297EEB2F430C5C9DB657928CB.d.CB6573956B94A1F6B77311C8FE478B16.e.7166/click - {}
COMMAND: GET /session/2308dad0f2a7537c6be193a87bfcce7d/screenshot - {}
RESULT: {}
RESULT: {}
COMMAND: GET /session/2308dad0f2a7537c6be193a87bfcce7d/screenshot - {}
COMMAND: POST /session/2308dad0f2a7537c6be193a87bfcce7d/element - {"using":"xpath","value":"//button[@data-kt=\"saveButton\"]"}
RESULT: {}
RESULT: {}
RESULT: {"using":"xpath","value":"//button[@data-kt=\"saveButton\"]"}
COMMAND: POST /session/2308dad0f2a7537c6be193a87bfcce7d/element/f.8FEDB17297EEB2F430C5C9DB657928CB.d.CB6573956B94A1F6B77311C8FE478B16.e.7575/click - {}
RESULT: {}
COMMAND: GET /session/2308dad0f2a7537c6be193a87bfcce7d/screenshot - {}
RESULT: {}
COMMAND: POST /session/2308dad0f2a7537c6be193a87bfcce7d/element - {"using":"xpath","value":"//span[contains(@class, \"sapMMsgBoxText\")]"}
RESULT: {"using":"xpath","value":"//span[contains(@class, \"sapMMsgBoxText\")]"}
COMMAND: POST /session/2308dad0f2a7537c6be193a87bfcce7d/execute/sync - {"script":"<script> [56 bytes]","args":[{"element-6066-11e4-a52e-4f735466cecf":"f.8FEDB17297EEB2F430C5C9DB657928CB.d.CB6573956B94A1F6B77311C8FE478B16.e.7611","ELEMENT":"f.8FEDB17297EEB2F430C5C9DB657928CB.d.CB6573956B94A1F6B77311C8FE478B16.e.7611"}]}
RESULT: {"script":"<script> [56 bytes]","args":[{"element-6066-11e4-a52e-4f735466cecf":"f.8FEDB17297EEB2F430C5C9DB657928CB.d.CB6573956B94A1F6B77311C8FE478B16.e.7611","ELEMENT":"f.8FEDB17297EEB2F430C5C9DB657928CB.d.CB6573956B94A1F6B77311C8FE478B16.e.7611"}]}
COMMAND: POST /session/2308dad0f2a7537c6be193a87bfcce7d/element - {"using":"xpath","value":"(//bdi[contains(text(), \"Close\")])[1]"}
COMMAND: POST /session/2308dad0f2a7537c6be193a87bfcce7d/elements - {"using":"xpath","value":"//span[contains(@class, \"sapMMsgBoxText\")]"}
COMMAND: GET /session/2308dad0f2a7537c6be193a87bfcce7d/screenshot - {}
RESULT: {"using":"xpath","value":"(//bdi[contains(text(), \"Close\")])[1]"}
COMMAND: POST /session/2308dad0f2a7537c6be193a87bfcce7d/element/f.8FEDB17297EEB2F430C5C9DB657928CB.d.CB6573956B94A1F6B77311C8FE478B16.e.7612/click - {}
RESULT: {"using":"xpath","value":"//span[contains(@class, \"sapMMsgBoxText\")]"}
RESULT: {}
RESULT: {}
COMMAND: GET /session/2308dad0f2a7537c6be193a87bfcce7d/screenshot - {}
RESULT: {}
COMMAND: POST /session/2308dad0f2a7537c6be193a87bfcce7d/element - {"using":"css selector","value":"#shell-header-logo"}
RESULT: {"using":"css selector","value":"#shell-header-logo"}
COMMAND: POST /session/2308dad0f2a7537c6be193a87bfcce7d/element/f.8FEDB17297EEB2F430C5C9DB657928CB.d.CB6573956B94A1F6B77311C8FE478B16.e.7121/click - {}
RESULT: {}
COMMAND: GET /session/2308dad0f2a7537c6be193a87bfcce7d/screenshot - {}
RESULT: {}
]]></system-out>
    </testcase>
    <testcase classname="chrome.136_0_7103_93.windows.Partner_specific_tests_US150819_US151080_US151654_US151176_US103444_US151078_US151079_US151109_US151174_US151175_US151189" name="Should do various searches US151175" time="149.038">
      <system-out><![CDATA[
COMMAND: POST /session/2308dad0f2a7537c6be193a87bfcce7d/element - {"using":"xpath","value":"//li[.//span[text()=\"Manage Partners\"]]"}
RESULT: {"using":"xpath","value":"//li[.//span[text()=\"Manage Partners\"]]"}
COMMAND: POST /session/2308dad0f2a7537c6be193a87bfcce7d/element - {"using":"xpath","value":"//li[.//span[text()=\"Manage Partners\"]]"}
RESULT: {"using":"xpath","value":"//li[.//span[text()=\"Manage Partners\"]]"}
COMMAND: POST /session/2308dad0f2a7537c6be193a87bfcce7d/element - {"using":"css selector","value":"#shell-header-logo"}
RESULT: {"using":"css selector","value":"#shell-header-logo"}
COMMAND: POST /session/2308dad0f2a7537c6be193a87bfcce7d/element/f.8FEDB17297EEB2F430C5C9DB657928CB.d.CB6573956B94A1F6B77311C8FE478B16.e.7614/click - {}
COMMAND: POST /session/2308dad0f2a7537c6be193a87bfcce7d/execute/sync - {"script":"<script> [8489 bytes]","args":[{"element-6066-11e4-a52e-4f735466cecf":"f.8FEDB17297EEB2F430C5C9DB657928CB.d.CB6573956B94A1F6B77311C8FE478B16.e.7614","ELEMENT":"f.8FEDB17297EEB2F430C5C9DB657928CB.d.CB6573956B94A1F6B77311C8FE478B16.e.7614"}]}
RESULT: {"script":"<script> [8489 bytes]","args":[{"element-6066-11e4-a52e-4f735466cecf":"f.8FEDB17297EEB2F430C5C9DB657928CB.d.CB6573956B94A1F6B77311C8FE478B16.e.7614","ELEMENT":"f.8FEDB17297EEB2F430C5C9DB657928CB.d.CB6573956B94A1F6B77311C8FE478B16.e.7614"}]}
COMMAND: POST /session/2308dad0f2a7537c6be193a87bfcce7d/execute/sync - {"script":"<script> [5351 bytes]","args":[{"element-6066-11e4-a52e-4f735466cecf":"f.8FEDB17297EEB2F430C5C9DB657928CB.d.CB6573956B94A1F6B77311C8FE478B16.e.7614","ELEMENT":"f.8FEDB17297EEB2F430C5C9DB657928CB.d.CB6573956B94A1F6B77311C8FE478B16.e.7614"}]}
COMMAND: GET /session/2308dad0f2a7537c6be193a87bfcce7d/screenshot - {}
RESULT: {}
COMMAND: GET /session/2308dad0f2a7537c6be193a87bfcce7d/screenshot - {}
RESULT: {"script":"<script> [5351 bytes]","args":[{"element-6066-11e4-a52e-4f735466cecf":"f.8FEDB17297EEB2F430C5C9DB657928CB.d.CB6573956B94A1F6B77311C8FE478B16.e.7614","ELEMENT":"f.8FEDB17297EEB2F430C5C9DB657928CB.d.CB6573956B94A1F6B77311C8FE478B16.e.7614"}]}
COMMAND: GET /session/2308dad0f2a7537c6be193a87bfcce7d/screenshot - {}
RESULT: {}
RESULT: {}
RESULT: {}
RESULT: undefined
COMMAND: POST /session/2308dad0f2a7537c6be193a87bfcce7d/element - {"using":"xpath","value":"//*[@id=\"__tile30\"]"}
RESULT: {"using":"xpath","value":"//*[@id=\"__tile30\"]"}
COMMAND: POST /session/2308dad0f2a7537c6be193a87bfcce7d/element/f.8FEDB17297EEB2F430C5C9DB657928CB.d.CB6573956B94A1F6B77311C8FE478B16.e.4492/click - {}
RESULT: {}
COMMAND: GET /session/2308dad0f2a7537c6be193a87bfcce7d/screenshot - {}
RESULT: {}
COMMAND: POST /session/2308dad0f2a7537c6be193a87bfcce7d/elements - {"using":"xpath","value":"//span[text()='Error']"}
RESULT: {"using":"xpath","value":"//span[text()='Error']"}
COMMAND: POST /session/2308dad0f2a7537c6be193a87bfcce7d/element - {"using":"xpath","value":"//button[@data-kt=\"addButton\"]"}
RESULT: {"using":"xpath","value":"//button[@data-kt=\"addButton\"]"}
COMMAND: POST /session/2308dad0f2a7537c6be193a87bfcce7d/elements - {"using":"xpath","value":"//button[@data-kt=\"addButton\"]"}
RESULT: {"using":"xpath","value":"//button[@data-kt=\"addButton\"]"}
COMMAND: POST /session/2308dad0f2a7537c6be193a87bfcce7d/execute/sync - {"script":"<script> [8489 bytes]","args":[{"element-6066-11e4-a52e-4f735466cecf":"f.8FEDB17297EEB2F430C5C9DB657928CB.d.CB6573956B94A1F6B77311C8FE478B16.e.7648","ELEMENT":"f.8FEDB17297EEB2F430C5C9DB657928CB.d.CB6573956B94A1F6B77311C8FE478B16.e.7648"}]}
RESULT: {"script":"<script> [8489 bytes]","args":[{"element-6066-11e4-a52e-4f735466cecf":"f.8FEDB17297EEB2F430C5C9DB657928CB.d.CB6573956B94A1F6B77311C8FE478B16.e.7648","ELEMENT":"f.8FEDB17297EEB2F430C5C9DB657928CB.d.CB6573956B94A1F6B77311C8FE478B16.e.7648"}]}
COMMAND: GET /session/2308dad0f2a7537c6be193a87bfcce7d/element/f.8FEDB17297EEB2F430C5C9DB657928CB.d.CB6573956B94A1F6B77311C8FE478B16.e.7648/enabled - {}
COMMAND: GET /session/2308dad0f2a7537c6be193a87bfcce7d/screenshot - {}
RESULT: {}
COMMAND: POST /session/2308dad0f2a7537c6be193a87bfcce7d/execute/sync - {"script":"<script> [8489 bytes]","args":[{"element-6066-11e4-a52e-4f735466cecf":"f.8FEDB17297EEB2F430C5C9DB657928CB.d.CB6573956B94A1F6B77311C8FE478B16.e.7648","ELEMENT":"f.8FEDB17297EEB2F430C5C9DB657928CB.d.CB6573956B94A1F6B77311C8FE478B16.e.7648"}]}
COMMAND: GET /session/2308dad0f2a7537c6be193a87bfcce7d/screenshot - {}
RESULT: {}
RESULT: {"script":"<script> [8489 bytes]","args":[{"element-6066-11e4-a52e-4f735466cecf":"f.8FEDB17297EEB2F430C5C9DB657928CB.d.CB6573956B94A1F6B77311C8FE478B16.e.7648","ELEMENT":"f.8FEDB17297EEB2F430C5C9DB657928CB.d.CB6573956B94A1F6B77311C8FE478B16.e.7648"}]}
COMMAND: POST /session/2308dad0f2a7537c6be193a87bfcce7d/execute/sync - {"script":"<script> [5351 bytes]","args":[{"element-6066-11e4-a52e-4f735466cecf":"f.8FEDB17297EEB2F430C5C9DB657928CB.d.CB6573956B94A1F6B77311C8FE478B16.e.7648","ELEMENT":"f.8FEDB17297EEB2F430C5C9DB657928CB.d.CB6573956B94A1F6B77311C8FE478B16.e.7648"}]}
COMMAND: GET /session/2308dad0f2a7537c6be193a87bfcce7d/screenshot - {}
RESULT: {}
RESULT: {"script":"<script> [5351 bytes]","args":[{"element-6066-11e4-a52e-4f735466cecf":"f.8FEDB17297EEB2F430C5C9DB657928CB.d.CB6573956B94A1F6B77311C8FE478B16.e.7648","ELEMENT":"f.8FEDB17297EEB2F430C5C9DB657928CB.d.CB6573956B94A1F6B77311C8FE478B16.e.7648"}]}
COMMAND: GET /session/2308dad0f2a7537c6be193a87bfcce7d/screenshot - {}
RESULT: {}
RESULT: {}
COMMAND: POST /session/2308dad0f2a7537c6be193a87bfcce7d/element - {"using":"xpath","value":"//span[@id=\"application-managepartners-display-component---masterPtm--smartTable-header-inner\"]"}
RESULT: {"using":"xpath","value":"//span[@id=\"application-managepartners-display-component---masterPtm--smartTable-header-inner\"]"}
COMMAND: POST /session/2308dad0f2a7537c6be193a87bfcce7d/elements - {"using":"xpath","value":"//span[@id=\"application-managepartners-display-component---masterPtm--smartTable-header-inner\"]"}
RESULT: {"using":"xpath","value":"//span[@id=\"application-managepartners-display-component---masterPtm--smartTable-header-inner\"]"}
COMMAND: POST /session/2308dad0f2a7537c6be193a87bfcce7d/execute/sync - {"script":"<script> [56 bytes]","args":[{"element-6066-11e4-a52e-4f735466cecf":"f.8FEDB17297EEB2F430C5C9DB657928CB.d.CB6573956B94A1F6B77311C8FE478B16.e.7785","ELEMENT":"f.8FEDB17297EEB2F430C5C9DB657928CB.d.CB6573956B94A1F6B77311C8FE478B16.e.7785"}]}
RESULT: {"script":"<script> [56 bytes]","args":[{"element-6066-11e4-a52e-4f735466cecf":"f.8FEDB17297EEB2F430C5C9DB657928CB.d.CB6573956B94A1F6B77311C8FE478B16.e.7785","ELEMENT":"f.8FEDB17297EEB2F430C5C9DB657928CB.d.CB6573956B94A1F6B77311C8FE478B16.e.7785"}]}
RESULT: undefined
COMMAND: POST /session/2308dad0f2a7537c6be193a87bfcce7d/element - {"using":"xpath","value":"//*[@id=\"application-managepartners-display-component---masterPtm--smartFilterBar-btnFilters\"]"}
COMMAND: GET /session/2308dad0f2a7537c6be193a87bfcce7d/screenshot - {}
RESULT: {"using":"xpath","value":"//*[@id=\"application-managepartners-display-component---masterPtm--smartFilterBar-btnFilters\"]"}
COMMAND: POST /session/2308dad0f2a7537c6be193a87bfcce7d/element/f.8FEDB17297EEB2F430C5C9DB657928CB.d.CB6573956B94A1F6B77311C8FE478B16.e.7624/click - {}
RESULT: {}
RESULT: {}
COMMAND: GET /session/2308dad0f2a7537c6be193a87bfcce7d/screenshot - {}
RESULT: {}
COMMAND: POST /session/2308dad0f2a7537c6be193a87bfcce7d/elements - {"using":"xpath","value":"//table[contains(@id, \"listView-innerSelectionPanelTable-listUl\")]/tbody/tr"}
RESULT: {"using":"xpath","value":"//table[contains(@id, \"listView-innerSelectionPanelTable-listUl\")]/tbody/tr"}
COMMAND: POST /session/2308dad0f2a7537c6be193a87bfcce7d/element - {"using":"xpath","value":"//table[contains(@id, \"listView-innerSelectionPanelTable-listUl\")]/tbody/tr[2]/td[2]/div/div"}
RESULT: {"using":"xpath","value":"//table[contains(@id, \"listView-innerSelectionPanelTable-listUl\")]/tbody/tr[2]/td[2]/div/div"}
COMMAND: POST /session/2308dad0f2a7537c6be193a87bfcce7d/element - {"using":"xpath","value":"//table[contains(@id, \"listView-innerSelectionPanelTable-listUl\")]/tbody/tr[2]/td[2]/div"}
RESULT: {"using":"xpath","value":"//table[contains(@id, \"listView-innerSelectionPanelTable-listUl\")]/tbody/tr[2]/td[2]/div"}
COMMAND: POST /session/2308dad0f2a7537c6be193a87bfcce7d/element - {"using":"xpath","value":"//table[contains(@id, \"listView-innerSelectionPanelTable-listUl\")]/tbody/tr[2]/td[3]/div/div/span/span[1]/bdi"}
RESULT: {"using":"xpath","value":"//table[contains(@id, \"listView-innerSelectionPanelTable-listUl\")]/tbody/tr[2]/td[3]/div/div/span/span[1]/bdi"}
COMMAND: POST /session/2308dad0f2a7537c6be193a87bfcce7d/execute/sync - {"script":"<script> [56 bytes]","args":[{"element-6066-11e4-a52e-4f735466cecf":"f.8FEDB17297EEB2F430C5C9DB657928CB.d.CB6573956B94A1F6B77311C8FE478B16.e.7853","ELEMENT":"f.8FEDB17297EEB2F430C5C9DB657928CB.d.CB6573956B94A1F6B77311C8FE478B16.e.7853"}]}
RESULT: {"script":"<script> [56 bytes]","args":[{"element-6066-11e4-a52e-4f735466cecf":"f.8FEDB17297EEB2F430C5C9DB657928CB.d.CB6573956B94A1F6B77311C8FE478B16.e.7853","ELEMENT":"f.8FEDB17297EEB2F430C5C9DB657928CB.d.CB6573956B94A1F6B77311C8FE478B16.e.7853"}]}
COMMAND: GET /session/2308dad0f2a7537c6be193a87bfcce7d/element/f.8FEDB17297EEB2F430C5C9DB657928CB.d.CB6573956B94A1F6B77311C8FE478B16.e.7852/attribute/aria-checked - {}
COMMAND: GET /session/2308dad0f2a7537c6be193a87bfcce7d/screenshot - {}
RESULT: {}
COMMAND: POST /session/2308dad0f2a7537c6be193a87bfcce7d/element - {"using":"xpath","value":"//table[contains(@id, \"listView-innerSelectionPanelTable-listUl\")]/tbody/tr[3]/td[2]/div/div"}
RESULT: {}
RESULT: {"using":"xpath","value":"//table[contains(@id, \"listView-innerSelectionPanelTable-listUl\")]/tbody/tr[3]/td[2]/div/div"}
COMMAND: POST /session/2308dad0f2a7537c6be193a87bfcce7d/element - {"using":"xpath","value":"//table[contains(@id, \"listView-innerSelectionPanelTable-listUl\")]/tbody/tr[3]/td[2]/div"}
RESULT: {"using":"xpath","value":"//table[contains(@id, \"listView-innerSelectionPanelTable-listUl\")]/tbody/tr[3]/td[2]/div"}
COMMAND: POST /session/2308dad0f2a7537c6be193a87bfcce7d/element - {"using":"xpath","value":"//table[contains(@id, \"listView-innerSelectionPanelTable-listUl\")]/tbody/tr[3]/td[3]/div/div/span/span[1]/bdi"}
RESULT: {"using":"xpath","value":"//table[contains(@id, \"listView-innerSelectionPanelTable-listUl\")]/tbody/tr[3]/td[3]/div/div/span/span[1]/bdi"}
COMMAND: POST /session/2308dad0f2a7537c6be193a87bfcce7d/execute/sync - {"script":"<script> [56 bytes]","args":[{"element-6066-11e4-a52e-4f735466cecf":"f.8FEDB17297EEB2F430C5C9DB657928CB.d.CB6573956B94A1F6B77311C8FE478B16.e.7856","ELEMENT":"f.8FEDB17297EEB2F430C5C9DB657928CB.d.CB6573956B94A1F6B77311C8FE478B16.e.7856"}]}
RESULT: {"script":"<script> [56 bytes]","args":[{"element-6066-11e4-a52e-4f735466cecf":"f.8FEDB17297EEB2F430C5C9DB657928CB.d.CB6573956B94A1F6B77311C8FE478B16.e.7856","ELEMENT":"f.8FEDB17297EEB2F430C5C9DB657928CB.d.CB6573956B94A1F6B77311C8FE478B16.e.7856"}]}
COMMAND: GET /session/2308dad0f2a7537c6be193a87bfcce7d/element/f.8FEDB17297EEB2F430C5C9DB657928CB.d.CB6573956B94A1F6B77311C8FE478B16.e.7855/attribute/aria-checked - {}
COMMAND: GET /session/2308dad0f2a7537c6be193a87bfcce7d/screenshot - {}
RESULT: {}
COMMAND: POST /session/2308dad0f2a7537c6be193a87bfcce7d/element - {"using":"xpath","value":"//table[contains(@id, \"listView-innerSelectionPanelTable-listUl\")]/tbody/tr[4]/td[2]/div/div"}
RESULT: {}
RESULT: {"using":"xpath","value":"//table[contains(@id, \"listView-innerSelectionPanelTable-listUl\")]/tbody/tr[4]/td[2]/div/div"}
COMMAND: POST /session/2308dad0f2a7537c6be193a87bfcce7d/element - {"using":"xpath","value":"//table[contains(@id, \"listView-innerSelectionPanelTable-listUl\")]/tbody/tr[4]/td[2]/div"}
RESULT: {"using":"xpath","value":"//table[contains(@id, \"listView-innerSelectionPanelTable-listUl\")]/tbody/tr[4]/td[2]/div"}
COMMAND: POST /session/2308dad0f2a7537c6be193a87bfcce7d/element - {"using":"xpath","value":"//table[contains(@id, \"listView-innerSelectionPanelTable-listUl\")]/tbody/tr[4]/td[3]/div/div/span/span[1]/bdi"}
RESULT: {"using":"xpath","value":"//table[contains(@id, \"listView-innerSelectionPanelTable-listUl\")]/tbody/tr[4]/td[3]/div/div/span/span[1]/bdi"}
COMMAND: POST /session/2308dad0f2a7537c6be193a87bfcce7d/execute/sync - {"script":"<script> [56 bytes]","args":[{"element-6066-11e4-a52e-4f735466cecf":"f.8FEDB17297EEB2F430C5C9DB657928CB.d.CB6573956B94A1F6B77311C8FE478B16.e.7859","ELEMENT":"f.8FEDB17297EEB2F430C5C9DB657928CB.d.CB6573956B94A1F6B77311C8FE478B16.e.7859"}]}
RESULT: {"script":"<script> [56 bytes]","args":[{"element-6066-11e4-a52e-4f735466cecf":"f.8FEDB17297EEB2F430C5C9DB657928CB.d.CB6573956B94A1F6B77311C8FE478B16.e.7859","ELEMENT":"f.8FEDB17297EEB2F430C5C9DB657928CB.d.CB6573956B94A1F6B77311C8FE478B16.e.7859"}]}
COMMAND: GET /session/2308dad0f2a7537c6be193a87bfcce7d/element/f.8FEDB17297EEB2F430C5C9DB657928CB.d.CB6573956B94A1F6B77311C8FE478B16.e.7858/attribute/aria-checked - {}
COMMAND: GET /session/2308dad0f2a7537c6be193a87bfcce7d/screenshot - {}
RESULT: {}
COMMAND: POST /session/2308dad0f2a7537c6be193a87bfcce7d/element - {"using":"xpath","value":"//table[contains(@id, \"listView-innerSelectionPanelTable-listUl\")]/tbody/tr[5]/td[2]/div/div"}
RESULT: {}
RESULT: {"using":"xpath","value":"//table[contains(@id, \"listView-innerSelectionPanelTable-listUl\")]/tbody/tr[5]/td[2]/div/div"}
COMMAND: POST /session/2308dad0f2a7537c6be193a87bfcce7d/element - {"using":"xpath","value":"//table[contains(@id, \"listView-innerSelectionPanelTable-listUl\")]/tbody/tr[5]/td[2]/div"}
RESULT: {"using":"xpath","value":"//table[contains(@id, \"listView-innerSelectionPanelTable-listUl\")]/tbody/tr[5]/td[2]/div"}
COMMAND: POST /session/2308dad0f2a7537c6be193a87bfcce7d/element - {"using":"xpath","value":"//table[contains(@id, \"listView-innerSelectionPanelTable-listUl\")]/tbody/tr[5]/td[3]/div/div/span/span[1]/bdi"}
RESULT: {"using":"xpath","value":"//table[contains(@id, \"listView-innerSelectionPanelTable-listUl\")]/tbody/tr[5]/td[3]/div/div/span/span[1]/bdi"}
COMMAND: POST /session/2308dad0f2a7537c6be193a87bfcce7d/execute/sync - {"script":"<script> [56 bytes]","args":[{"element-6066-11e4-a52e-4f735466cecf":"f.8FEDB17297EEB2F430C5C9DB657928CB.d.CB6573956B94A1F6B77311C8FE478B16.e.7862","ELEMENT":"f.8FEDB17297EEB2F430C5C9DB657928CB.d.CB6573956B94A1F6B77311C8FE478B16.e.7862"}]}
RESULT: {"script":"<script> [56 bytes]","args":[{"element-6066-11e4-a52e-4f735466cecf":"f.8FEDB17297EEB2F430C5C9DB657928CB.d.CB6573956B94A1F6B77311C8FE478B16.e.7862","ELEMENT":"f.8FEDB17297EEB2F430C5C9DB657928CB.d.CB6573956B94A1F6B77311C8FE478B16.e.7862"}]}
COMMAND: GET /session/2308dad0f2a7537c6be193a87bfcce7d/element/f.8FEDB17297EEB2F430C5C9DB657928CB.d.CB6573956B94A1F6B77311C8FE478B16.e.7861/attribute/aria-checked - {}
COMMAND: GET /session/2308dad0f2a7537c6be193a87bfcce7d/screenshot - {}
RESULT: {}
COMMAND: POST /session/2308dad0f2a7537c6be193a87bfcce7d/element - {"using":"xpath","value":"//table[contains(@id, \"listView-innerSelectionPanelTable-listUl\")]/tbody/tr[6]/td[2]/div/div"}
RESULT: {}
RESULT: {"using":"xpath","value":"//table[contains(@id, \"listView-innerSelectionPanelTable-listUl\")]/tbody/tr[6]/td[2]/div/div"}
COMMAND: POST /session/2308dad0f2a7537c6be193a87bfcce7d/element - {"using":"xpath","value":"//table[contains(@id, \"listView-innerSelectionPanelTable-listUl\")]/tbody/tr[6]/td[2]/div"}
RESULT: {"using":"xpath","value":"//table[contains(@id, \"listView-innerSelectionPanelTable-listUl\")]/tbody/tr[6]/td[2]/div"}
COMMAND: POST /session/2308dad0f2a7537c6be193a87bfcce7d/element - {"using":"xpath","value":"//table[contains(@id, \"listView-innerSelectionPanelTable-listUl\")]/tbody/tr[6]/td[3]/div/div/span/span[1]/bdi"}
RESULT: {"using":"xpath","value":"//table[contains(@id, \"listView-innerSelectionPanelTable-listUl\")]/tbody/tr[6]/td[3]/div/div/span/span[1]/bdi"}
COMMAND: POST /session/2308dad0f2a7537c6be193a87bfcce7d/execute/sync - {"script":"<script> [56 bytes]","args":[{"element-6066-11e4-a52e-4f735466cecf":"f.8FEDB17297EEB2F430C5C9DB657928CB.d.CB6573956B94A1F6B77311C8FE478B16.e.7865","ELEMENT":"f.8FEDB17297EEB2F430C5C9DB657928CB.d.CB6573956B94A1F6B77311C8FE478B16.e.7865"}]}
RESULT: {"script":"<script> [56 bytes]","args":[{"element-6066-11e4-a52e-4f735466cecf":"f.8FEDB17297EEB2F430C5C9DB657928CB.d.CB6573956B94A1F6B77311C8FE478B16.e.7865","ELEMENT":"f.8FEDB17297EEB2F430C5C9DB657928CB.d.CB6573956B94A1F6B77311C8FE478B16.e.7865"}]}
COMMAND: GET /session/2308dad0f2a7537c6be193a87bfcce7d/element/f.8FEDB17297EEB2F430C5C9DB657928CB.d.CB6573956B94A1F6B77311C8FE478B16.e.7864/attribute/aria-checked - {}
COMMAND: GET /session/2308dad0f2a7537c6be193a87bfcce7d/screenshot - {}
RESULT: {}
COMMAND: POST /session/2308dad0f2a7537c6be193a87bfcce7d/element - {"using":"xpath","value":"//table[contains(@id, \"listView-innerSelectionPanelTable-listUl\")]/tbody/tr[7]/td[2]/div/div"}
RESULT: {}
RESULT: {"using":"xpath","value":"//table[contains(@id, \"listView-innerSelectionPanelTable-listUl\")]/tbody/tr[7]/td[2]/div/div"}
COMMAND: POST /session/2308dad0f2a7537c6be193a87bfcce7d/element - {"using":"xpath","value":"//table[contains(@id, \"listView-innerSelectionPanelTable-listUl\")]/tbody/tr[7]/td[2]/div"}
RESULT: {"using":"xpath","value":"//table[contains(@id, \"listView-innerSelectionPanelTable-listUl\")]/tbody/tr[7]/td[2]/div"}
COMMAND: POST /session/2308dad0f2a7537c6be193a87bfcce7d/element - {"using":"xpath","value":"//table[contains(@id, \"listView-innerSelectionPanelTable-listUl\")]/tbody/tr[7]/td[3]/div/div/span/span[1]/bdi"}
RESULT: {"using":"xpath","value":"//table[contains(@id, \"listView-innerSelectionPanelTable-listUl\")]/tbody/tr[7]/td[3]/div/div/span/span[1]/bdi"}
COMMAND: POST /session/2308dad0f2a7537c6be193a87bfcce7d/execute/sync - {"script":"<script> [56 bytes]","args":[{"element-6066-11e4-a52e-4f735466cecf":"f.8FEDB17297EEB2F430C5C9DB657928CB.d.CB6573956B94A1F6B77311C8FE478B16.e.7868","ELEMENT":"f.8FEDB17297EEB2F430C5C9DB657928CB.d.CB6573956B94A1F6B77311C8FE478B16.e.7868"}]}
RESULT: {"script":"<script> [56 bytes]","args":[{"element-6066-11e4-a52e-4f735466cecf":"f.8FEDB17297EEB2F430C5C9DB657928CB.d.CB6573956B94A1F6B77311C8FE478B16.e.7868","ELEMENT":"f.8FEDB17297EEB2F430C5C9DB657928CB.d.CB6573956B94A1F6B77311C8FE478B16.e.7868"}]}
COMMAND: GET /session/2308dad0f2a7537c6be193a87bfcce7d/element/f.8FEDB17297EEB2F430C5C9DB657928CB.d.CB6573956B94A1F6B77311C8FE478B16.e.7867/attribute/aria-checked - {}
COMMAND: GET /session/2308dad0f2a7537c6be193a87bfcce7d/screenshot - {}
RESULT: {}
COMMAND: POST /session/2308dad0f2a7537c6be193a87bfcce7d/element - {"using":"xpath","value":"//table[contains(@id, \"listView-innerSelectionPanelTable-listUl\")]/tbody/tr[8]/td[2]/div/div"}
RESULT: {}
RESULT: {"using":"xpath","value":"//table[contains(@id, \"listView-innerSelectionPanelTable-listUl\")]/tbody/tr[8]/td[2]/div/div"}
COMMAND: POST /session/2308dad0f2a7537c6be193a87bfcce7d/element - {"using":"xpath","value":"//table[contains(@id, \"listView-innerSelectionPanelTable-listUl\")]/tbody/tr[8]/td[2]/div"}
RESULT: {"using":"xpath","value":"//table[contains(@id, \"listView-innerSelectionPanelTable-listUl\")]/tbody/tr[8]/td[2]/div"}
COMMAND: POST /session/2308dad0f2a7537c6be193a87bfcce7d/element - {"using":"xpath","value":"//table[contains(@id, \"listView-innerSelectionPanelTable-listUl\")]/tbody/tr[8]/td[3]/div/div/span/span[1]/bdi"}
RESULT: {"using":"xpath","value":"//table[contains(@id, \"listView-innerSelectionPanelTable-listUl\")]/tbody/tr[8]/td[3]/div/div/span/span[1]/bdi"}
COMMAND: POST /session/2308dad0f2a7537c6be193a87bfcce7d/execute/sync - {"script":"<script> [56 bytes]","args":[{"element-6066-11e4-a52e-4f735466cecf":"f.8FEDB17297EEB2F430C5C9DB657928CB.d.CB6573956B94A1F6B77311C8FE478B16.e.7871","ELEMENT":"f.8FEDB17297EEB2F430C5C9DB657928CB.d.CB6573956B94A1F6B77311C8FE478B16.e.7871"}]}
RESULT: {"script":"<script> [56 bytes]","args":[{"element-6066-11e4-a52e-4f735466cecf":"f.8FEDB17297EEB2F430C5C9DB657928CB.d.CB6573956B94A1F6B77311C8FE478B16.e.7871","ELEMENT":"f.8FEDB17297EEB2F430C5C9DB657928CB.d.CB6573956B94A1F6B77311C8FE478B16.e.7871"}]}
COMMAND: GET /session/2308dad0f2a7537c6be193a87bfcce7d/element/f.8FEDB17297EEB2F430C5C9DB657928CB.d.CB6573956B94A1F6B77311C8FE478B16.e.7870/attribute/aria-checked - {}
COMMAND: GET /session/2308dad0f2a7537c6be193a87bfcce7d/screenshot - {}
RESULT: {}
COMMAND: POST /session/2308dad0f2a7537c6be193a87bfcce7d/element - {"using":"xpath","value":"//table[contains(@id, \"listView-innerSelectionPanelTable-listUl\")]/tbody/tr[9]/td[2]/div/div"}
RESULT: {}
RESULT: {"using":"xpath","value":"//table[contains(@id, \"listView-innerSelectionPanelTable-listUl\")]/tbody/tr[9]/td[2]/div/div"}
COMMAND: POST /session/2308dad0f2a7537c6be193a87bfcce7d/element - {"using":"xpath","value":"//table[contains(@id, \"listView-innerSelectionPanelTable-listUl\")]/tbody/tr[9]/td[2]/div"}
RESULT: {"using":"xpath","value":"//table[contains(@id, \"listView-innerSelectionPanelTable-listUl\")]/tbody/tr[9]/td[2]/div"}
COMMAND: POST /session/2308dad0f2a7537c6be193a87bfcce7d/element - {"using":"xpath","value":"//table[contains(@id, \"listView-innerSelectionPanelTable-listUl\")]/tbody/tr[9]/td[3]/div/div/span/span[1]/bdi"}
RESULT: {"using":"xpath","value":"//table[contains(@id, \"listView-innerSelectionPanelTable-listUl\")]/tbody/tr[9]/td[3]/div/div/span/span[1]/bdi"}
COMMAND: POST /session/2308dad0f2a7537c6be193a87bfcce7d/execute/sync - {"script":"<script> [56 bytes]","args":[{"element-6066-11e4-a52e-4f735466cecf":"f.8FEDB17297EEB2F430C5C9DB657928CB.d.CB6573956B94A1F6B77311C8FE478B16.e.7874","ELEMENT":"f.8FEDB17297EEB2F430C5C9DB657928CB.d.CB6573956B94A1F6B77311C8FE478B16.e.7874"}]}
RESULT: {"script":"<script> [56 bytes]","args":[{"element-6066-11e4-a52e-4f735466cecf":"f.8FEDB17297EEB2F430C5C9DB657928CB.d.CB6573956B94A1F6B77311C8FE478B16.e.7874","ELEMENT":"f.8FEDB17297EEB2F430C5C9DB657928CB.d.CB6573956B94A1F6B77311C8FE478B16.e.7874"}]}
COMMAND: GET /session/2308dad0f2a7537c6be193a87bfcce7d/element/f.8FEDB17297EEB2F430C5C9DB657928CB.d.CB6573956B94A1F6B77311C8FE478B16.e.7873/attribute/aria-checked - {}
COMMAND: GET /session/2308dad0f2a7537c6be193a87bfcce7d/screenshot - {}
RESULT: {}
COMMAND: POST /session/2308dad0f2a7537c6be193a87bfcce7d/element - {"using":"xpath","value":"//table[contains(@id, \"listView-innerSelectionPanelTable-listUl\")]/tbody/tr[10]/td[2]/div/div"}
RESULT: {}
RESULT: {"using":"xpath","value":"//table[contains(@id, \"listView-innerSelectionPanelTable-listUl\")]/tbody/tr[10]/td[2]/div/div"}
COMMAND: POST /session/2308dad0f2a7537c6be193a87bfcce7d/element - {"using":"xpath","value":"//table[contains(@id, \"listView-innerSelectionPanelTable-listUl\")]/tbody/tr[10]/td[2]/div"}
RESULT: {"using":"xpath","value":"//table[contains(@id, \"listView-innerSelectionPanelTable-listUl\")]/tbody/tr[10]/td[2]/div"}
COMMAND: POST /session/2308dad0f2a7537c6be193a87bfcce7d/element - {"using":"xpath","value":"//table[contains(@id, \"listView-innerSelectionPanelTable-listUl\")]/tbody/tr[10]/td[3]/div/div/span/span[1]/bdi"}
RESULT: {"using":"xpath","value":"//table[contains(@id, \"listView-innerSelectionPanelTable-listUl\")]/tbody/tr[10]/td[3]/div/div/span/span[1]/bdi"}
COMMAND: POST /session/2308dad0f2a7537c6be193a87bfcce7d/execute/sync - {"script":"<script> [56 bytes]","args":[{"element-6066-11e4-a52e-4f735466cecf":"f.8FEDB17297EEB2F430C5C9DB657928CB.d.CB6573956B94A1F6B77311C8FE478B16.e.7877","ELEMENT":"f.8FEDB17297EEB2F430C5C9DB657928CB.d.CB6573956B94A1F6B77311C8FE478B16.e.7877"}]}
RESULT: {"script":"<script> [56 bytes]","args":[{"element-6066-11e4-a52e-4f735466cecf":"f.8FEDB17297EEB2F430C5C9DB657928CB.d.CB6573956B94A1F6B77311C8FE478B16.e.7877","ELEMENT":"f.8FEDB17297EEB2F430C5C9DB657928CB.d.CB6573956B94A1F6B77311C8FE478B16.e.7877"}]}
COMMAND: GET /session/2308dad0f2a7537c6be193a87bfcce7d/element/f.8FEDB17297EEB2F430C5C9DB657928CB.d.CB6573956B94A1F6B77311C8FE478B16.e.7876/attribute/aria-checked - {}
COMMAND: GET /session/2308dad0f2a7537c6be193a87bfcce7d/screenshot - {}
RESULT: {}
COMMAND: POST /session/2308dad0f2a7537c6be193a87bfcce7d/element - {"using":"xpath","value":"//table[contains(@id, \"listView-innerSelectionPanelTable-listUl\")]/tbody/tr[11]/td[2]/div/div"}
RESULT: {}
RESULT: {"using":"xpath","value":"//table[contains(@id, \"listView-innerSelectionPanelTable-listUl\")]/tbody/tr[11]/td[2]/div/div"}
COMMAND: POST /session/2308dad0f2a7537c6be193a87bfcce7d/element - {"using":"xpath","value":"//table[contains(@id, \"listView-innerSelectionPanelTable-listUl\")]/tbody/tr[11]/td[2]/div"}
RESULT: {"using":"xpath","value":"//table[contains(@id, \"listView-innerSelectionPanelTable-listUl\")]/tbody/tr[11]/td[2]/div"}
COMMAND: POST /session/2308dad0f2a7537c6be193a87bfcce7d/element - {"using":"xpath","value":"//table[contains(@id, \"listView-innerSelectionPanelTable-listUl\")]/tbody/tr[11]/td[3]/div/div/span/span[1]/bdi"}
RESULT: {"using":"xpath","value":"//table[contains(@id, \"listView-innerSelectionPanelTable-listUl\")]/tbody/tr[11]/td[3]/div/div/span/span[1]/bdi"}
COMMAND: POST /session/2308dad0f2a7537c6be193a87bfcce7d/execute/sync - {"script":"<script> [56 bytes]","args":[{"element-6066-11e4-a52e-4f735466cecf":"f.8FEDB17297EEB2F430C5C9DB657928CB.d.CB6573956B94A1F6B77311C8FE478B16.e.7880","ELEMENT":"f.8FEDB17297EEB2F430C5C9DB657928CB.d.CB6573956B94A1F6B77311C8FE478B16.e.7880"}]}
RESULT: {"script":"<script> [56 bytes]","args":[{"element-6066-11e4-a52e-4f735466cecf":"f.8FEDB17297EEB2F430C5C9DB657928CB.d.CB6573956B94A1F6B77311C8FE478B16.e.7880","ELEMENT":"f.8FEDB17297EEB2F430C5C9DB657928CB.d.CB6573956B94A1F6B77311C8FE478B16.e.7880"}]}
COMMAND: GET /session/2308dad0f2a7537c6be193a87bfcce7d/element/f.8FEDB17297EEB2F430C5C9DB657928CB.d.CB6573956B94A1F6B77311C8FE478B16.e.7879/attribute/aria-checked - {}
COMMAND: GET /session/2308dad0f2a7537c6be193a87bfcce7d/screenshot - {}
RESULT: {}
COMMAND: POST /session/2308dad0f2a7537c6be193a87bfcce7d/element - {"using":"xpath","value":"//table[contains(@id, \"listView-innerSelectionPanelTable-listUl\")]/tbody/tr[12]/td[2]/div/div"}
RESULT: {}
RESULT: {"using":"xpath","value":"//table[contains(@id, \"listView-innerSelectionPanelTable-listUl\")]/tbody/tr[12]/td[2]/div/div"}
COMMAND: POST /session/2308dad0f2a7537c6be193a87bfcce7d/element - {"using":"xpath","value":"//table[contains(@id, \"listView-innerSelectionPanelTable-listUl\")]/tbody/tr[12]/td[2]/div"}
RESULT: {"using":"xpath","value":"//table[contains(@id, \"listView-innerSelectionPanelTable-listUl\")]/tbody/tr[12]/td[2]/div"}
COMMAND: POST /session/2308dad0f2a7537c6be193a87bfcce7d/element - {"using":"xpath","value":"//table[contains(@id, \"listView-innerSelectionPanelTable-listUl\")]/tbody/tr[12]/td[3]/div/div/span/span[1]/bdi"}
RESULT: {"using":"xpath","value":"//table[contains(@id, \"listView-innerSelectionPanelTable-listUl\")]/tbody/tr[12]/td[3]/div/div/span/span[1]/bdi"}
COMMAND: POST /session/2308dad0f2a7537c6be193a87bfcce7d/execute/sync - {"script":"<script> [56 bytes]","args":[{"element-6066-11e4-a52e-4f735466cecf":"f.8FEDB17297EEB2F430C5C9DB657928CB.d.CB6573956B94A1F6B77311C8FE478B16.e.7883","ELEMENT":"f.8FEDB17297EEB2F430C5C9DB657928CB.d.CB6573956B94A1F6B77311C8FE478B16.e.7883"}]}
RESULT: {"script":"<script> [56 bytes]","args":[{"element-6066-11e4-a52e-4f735466cecf":"f.8FEDB17297EEB2F430C5C9DB657928CB.d.CB6573956B94A1F6B77311C8FE478B16.e.7883","ELEMENT":"f.8FEDB17297EEB2F430C5C9DB657928CB.d.CB6573956B94A1F6B77311C8FE478B16.e.7883"}]}
COMMAND: GET /session/2308dad0f2a7537c6be193a87bfcce7d/element/f.8FEDB17297EEB2F430C5C9DB657928CB.d.CB6573956B94A1F6B77311C8FE478B16.e.7882/attribute/aria-checked - {}
COMMAND: GET /session/2308dad0f2a7537c6be193a87bfcce7d/screenshot - {}
RESULT: {}
COMMAND: POST /session/2308dad0f2a7537c6be193a87bfcce7d/element - {"using":"xpath","value":"//table[contains(@id, \"listView-innerSelectionPanelTable-listUl\")]/tbody/tr[13]/td[2]/div/div"}
RESULT: {}
RESULT: {"using":"xpath","value":"//table[contains(@id, \"listView-innerSelectionPanelTable-listUl\")]/tbody/tr[13]/td[2]/div/div"}
COMMAND: POST /session/2308dad0f2a7537c6be193a87bfcce7d/element - {"using":"xpath","value":"//table[contains(@id, \"listView-innerSelectionPanelTable-listUl\")]/tbody/tr[13]/td[2]/div"}
RESULT: {"using":"xpath","value":"//table[contains(@id, \"listView-innerSelectionPanelTable-listUl\")]/tbody/tr[13]/td[2]/div"}
COMMAND: POST /session/2308dad0f2a7537c6be193a87bfcce7d/element - {"using":"xpath","value":"//table[contains(@id, \"listView-innerSelectionPanelTable-listUl\")]/tbody/tr[13]/td[3]/div/div/span/span[1]/bdi"}
RESULT: {"using":"xpath","value":"//table[contains(@id, \"listView-innerSelectionPanelTable-listUl\")]/tbody/tr[13]/td[3]/div/div/span/span[1]/bdi"}
COMMAND: POST /session/2308dad0f2a7537c6be193a87bfcce7d/execute/sync - {"script":"<script> [56 bytes]","args":[{"element-6066-11e4-a52e-4f735466cecf":"f.8FEDB17297EEB2F430C5C9DB657928CB.d.CB6573956B94A1F6B77311C8FE478B16.e.7886","ELEMENT":"f.8FEDB17297EEB2F430C5C9DB657928CB.d.CB6573956B94A1F6B77311C8FE478B16.e.7886"}]}
RESULT: {"script":"<script> [56 bytes]","args":[{"element-6066-11e4-a52e-4f735466cecf":"f.8FEDB17297EEB2F430C5C9DB657928CB.d.CB6573956B94A1F6B77311C8FE478B16.e.7886","ELEMENT":"f.8FEDB17297EEB2F430C5C9DB657928CB.d.CB6573956B94A1F6B77311C8FE478B16.e.7886"}]}
COMMAND: GET /session/2308dad0f2a7537c6be193a87bfcce7d/element/f.8FEDB17297EEB2F430C5C9DB657928CB.d.CB6573956B94A1F6B77311C8FE478B16.e.7885/attribute/aria-checked - {}
COMMAND: GET /session/2308dad0f2a7537c6be193a87bfcce7d/screenshot - {}
RESULT: {}
COMMAND: POST /session/2308dad0f2a7537c6be193a87bfcce7d/element - {"using":"xpath","value":"//table[contains(@id, \"listView-innerSelectionPanelTable-listUl\")]/tbody/tr[14]/td[2]/div/div"}
RESULT: {}
RESULT: {"using":"xpath","value":"//table[contains(@id, \"listView-innerSelectionPanelTable-listUl\")]/tbody/tr[14]/td[2]/div/div"}
COMMAND: POST /session/2308dad0f2a7537c6be193a87bfcce7d/element - {"using":"xpath","value":"//table[contains(@id, \"listView-innerSelectionPanelTable-listUl\")]/tbody/tr[14]/td[2]/div"}
RESULT: {"using":"xpath","value":"//table[contains(@id, \"listView-innerSelectionPanelTable-listUl\")]/tbody/tr[14]/td[2]/div"}
COMMAND: POST /session/2308dad0f2a7537c6be193a87bfcce7d/element - {"using":"xpath","value":"//table[contains(@id, \"listView-innerSelectionPanelTable-listUl\")]/tbody/tr[14]/td[3]/div/div/span/span[1]/bdi"}
RESULT: {"using":"xpath","value":"//table[contains(@id, \"listView-innerSelectionPanelTable-listUl\")]/tbody/tr[14]/td[3]/div/div/span/span[1]/bdi"}
COMMAND: POST /session/2308dad0f2a7537c6be193a87bfcce7d/execute/sync - {"script":"<script> [56 bytes]","args":[{"element-6066-11e4-a52e-4f735466cecf":"f.8FEDB17297EEB2F430C5C9DB657928CB.d.CB6573956B94A1F6B77311C8FE478B16.e.7889","ELEMENT":"f.8FEDB17297EEB2F430C5C9DB657928CB.d.CB6573956B94A1F6B77311C8FE478B16.e.7889"}]}
RESULT: {"script":"<script> [56 bytes]","args":[{"element-6066-11e4-a52e-4f735466cecf":"f.8FEDB17297EEB2F430C5C9DB657928CB.d.CB6573956B94A1F6B77311C8FE478B16.e.7889","ELEMENT":"f.8FEDB17297EEB2F430C5C9DB657928CB.d.CB6573956B94A1F6B77311C8FE478B16.e.7889"}]}
COMMAND: GET /session/2308dad0f2a7537c6be193a87bfcce7d/element/f.8FEDB17297EEB2F430C5C9DB657928CB.d.CB6573956B94A1F6B77311C8FE478B16.e.7888/attribute/aria-checked - {}
COMMAND: GET /session/2308dad0f2a7537c6be193a87bfcce7d/screenshot - {}
RESULT: {}
COMMAND: POST /session/2308dad0f2a7537c6be193a87bfcce7d/element - {"using":"xpath","value":"//table[contains(@id, \"listView-innerSelectionPanelTable-listUl\")]/tbody/tr[15]/td[2]/div/div"}
RESULT: {}
RESULT: {"using":"xpath","value":"//table[contains(@id, \"listView-innerSelectionPanelTable-listUl\")]/tbody/tr[15]/td[2]/div/div"}
COMMAND: POST /session/2308dad0f2a7537c6be193a87bfcce7d/element - {"using":"xpath","value":"//table[contains(@id, \"listView-innerSelectionPanelTable-listUl\")]/tbody/tr[15]/td[2]/div"}
RESULT: {"using":"xpath","value":"//table[contains(@id, \"listView-innerSelectionPanelTable-listUl\")]/tbody/tr[15]/td[2]/div"}
COMMAND: POST /session/2308dad0f2a7537c6be193a87bfcce7d/element - {"using":"xpath","value":"//table[contains(@id, \"listView-innerSelectionPanelTable-listUl\")]/tbody/tr[15]/td[3]/div/div/span/span[1]/bdi"}
RESULT: {"using":"xpath","value":"//table[contains(@id, \"listView-innerSelectionPanelTable-listUl\")]/tbody/tr[15]/td[3]/div/div/span/span[1]/bdi"}
COMMAND: POST /session/2308dad0f2a7537c6be193a87bfcce7d/execute/sync - {"script":"<script> [56 bytes]","args":[{"element-6066-11e4-a52e-4f735466cecf":"f.8FEDB17297EEB2F430C5C9DB657928CB.d.CB6573956B94A1F6B77311C8FE478B16.e.7892","ELEMENT":"f.8FEDB17297EEB2F430C5C9DB657928CB.d.CB6573956B94A1F6B77311C8FE478B16.e.7892"}]}
RESULT: {"script":"<script> [56 bytes]","args":[{"element-6066-11e4-a52e-4f735466cecf":"f.8FEDB17297EEB2F430C5C9DB657928CB.d.CB6573956B94A1F6B77311C8FE478B16.e.7892","ELEMENT":"f.8FEDB17297EEB2F430C5C9DB657928CB.d.CB6573956B94A1F6B77311C8FE478B16.e.7892"}]}
COMMAND: GET /session/2308dad0f2a7537c6be193a87bfcce7d/element/f.8FEDB17297EEB2F430C5C9DB657928CB.d.CB6573956B94A1F6B77311C8FE478B16.e.7891/attribute/aria-checked - {}
COMMAND: GET /session/2308dad0f2a7537c6be193a87bfcce7d/screenshot - {}
RESULT: {}
COMMAND: POST /session/2308dad0f2a7537c6be193a87bfcce7d/element - {"using":"xpath","value":"//table[contains(@id, \"listView-innerSelectionPanelTable-listUl\")]/tbody/tr[16]/td[2]/div/div"}
RESULT: {}
RESULT: {"using":"xpath","value":"//table[contains(@id, \"listView-innerSelectionPanelTable-listUl\")]/tbody/tr[16]/td[2]/div/div"}
COMMAND: POST /session/2308dad0f2a7537c6be193a87bfcce7d/element - {"using":"xpath","value":"//table[contains(@id, \"listView-innerSelectionPanelTable-listUl\")]/tbody/tr[16]/td[2]/div"}
RESULT: {"using":"xpath","value":"//table[contains(@id, \"listView-innerSelectionPanelTable-listUl\")]/tbody/tr[16]/td[2]/div"}
COMMAND: POST /session/2308dad0f2a7537c6be193a87bfcce7d/element - {"using":"xpath","value":"//table[contains(@id, \"listView-innerSelectionPanelTable-listUl\")]/tbody/tr[16]/td[3]/div/div/span/span[1]/bdi"}
RESULT: {"using":"xpath","value":"//table[contains(@id, \"listView-innerSelectionPanelTable-listUl\")]/tbody/tr[16]/td[3]/div/div/span/span[1]/bdi"}
COMMAND: POST /session/2308dad0f2a7537c6be193a87bfcce7d/execute/sync - {"script":"<script> [56 bytes]","args":[{"element-6066-11e4-a52e-4f735466cecf":"f.8FEDB17297EEB2F430C5C9DB657928CB.d.CB6573956B94A1F6B77311C8FE478B16.e.7895","ELEMENT":"f.8FEDB17297EEB2F430C5C9DB657928CB.d.CB6573956B94A1F6B77311C8FE478B16.e.7895"}]}
RESULT: {"script":"<script> [56 bytes]","args":[{"element-6066-11e4-a52e-4f735466cecf":"f.8FEDB17297EEB2F430C5C9DB657928CB.d.CB6573956B94A1F6B77311C8FE478B16.e.7895","ELEMENT":"f.8FEDB17297EEB2F430C5C9DB657928CB.d.CB6573956B94A1F6B77311C8FE478B16.e.7895"}]}
COMMAND: GET /session/2308dad0f2a7537c6be193a87bfcce7d/element/f.8FEDB17297EEB2F430C5C9DB657928CB.d.CB6573956B94A1F6B77311C8FE478B16.e.7894/attribute/aria-checked - {}
COMMAND: GET /session/2308dad0f2a7537c6be193a87bfcce7d/screenshot - {}
RESULT: {}
COMMAND: POST /session/2308dad0f2a7537c6be193a87bfcce7d/element - {"using":"xpath","value":"//table[contains(@id, \"listView-innerSelectionPanelTable-listUl\")]/tbody/tr[17]/td[2]/div/div"}
RESULT: {}
RESULT: {"using":"xpath","value":"//table[contains(@id, \"listView-innerSelectionPanelTable-listUl\")]/tbody/tr[17]/td[2]/div/div"}
COMMAND: POST /session/2308dad0f2a7537c6be193a87bfcce7d/element - {"using":"xpath","value":"//table[contains(@id, \"listView-innerSelectionPanelTable-listUl\")]/tbody/tr[17]/td[2]/div"}
RESULT: {"using":"xpath","value":"//table[contains(@id, \"listView-innerSelectionPanelTable-listUl\")]/tbody/tr[17]/td[2]/div"}
COMMAND: POST /session/2308dad0f2a7537c6be193a87bfcce7d/element - {"using":"xpath","value":"//table[contains(@id, \"listView-innerSelectionPanelTable-listUl\")]/tbody/tr[17]/td[3]/div/div/span/span[1]/bdi"}
RESULT: {"using":"xpath","value":"//table[contains(@id, \"listView-innerSelectionPanelTable-listUl\")]/tbody/tr[17]/td[3]/div/div/span/span[1]/bdi"}
COMMAND: POST /session/2308dad0f2a7537c6be193a87bfcce7d/execute/sync - {"script":"<script> [56 bytes]","args":[{"element-6066-11e4-a52e-4f735466cecf":"f.8FEDB17297EEB2F430C5C9DB657928CB.d.CB6573956B94A1F6B77311C8FE478B16.e.7898","ELEMENT":"f.8FEDB17297EEB2F430C5C9DB657928CB.d.CB6573956B94A1F6B77311C8FE478B16.e.7898"}]}
RESULT: {"script":"<script> [56 bytes]","args":[{"element-6066-11e4-a52e-4f735466cecf":"f.8FEDB17297EEB2F430C5C9DB657928CB.d.CB6573956B94A1F6B77311C8FE478B16.e.7898","ELEMENT":"f.8FEDB17297EEB2F430C5C9DB657928CB.d.CB6573956B94A1F6B77311C8FE478B16.e.7898"}]}
COMMAND: GET /session/2308dad0f2a7537c6be193a87bfcce7d/element/f.8FEDB17297EEB2F430C5C9DB657928CB.d.CB6573956B94A1F6B77311C8FE478B16.e.7897/attribute/aria-checked - {}
COMMAND: GET /session/2308dad0f2a7537c6be193a87bfcce7d/screenshot - {}
RESULT: {}
COMMAND: POST /session/2308dad0f2a7537c6be193a87bfcce7d/element - {"using":"xpath","value":"//table[contains(@id, \"listView-innerSelectionPanelTable-listUl\")]/tbody/tr[18]/td[2]/div/div"}
RESULT: {}
RESULT: {"using":"xpath","value":"//table[contains(@id, \"listView-innerSelectionPanelTable-listUl\")]/tbody/tr[18]/td[2]/div/div"}
COMMAND: POST /session/2308dad0f2a7537c6be193a87bfcce7d/element - {"using":"xpath","value":"//table[contains(@id, \"listView-innerSelectionPanelTable-listUl\")]/tbody/tr[18]/td[2]/div"}
RESULT: {"using":"xpath","value":"//table[contains(@id, \"listView-innerSelectionPanelTable-listUl\")]/tbody/tr[18]/td[2]/div"}
COMMAND: POST /session/2308dad0f2a7537c6be193a87bfcce7d/element - {"using":"xpath","value":"//table[contains(@id, \"listView-innerSelectionPanelTable-listUl\")]/tbody/tr[18]/td[3]/div/div/span/span[1]/bdi"}
RESULT: {"using":"xpath","value":"//table[contains(@id, \"listView-innerSelectionPanelTable-listUl\")]/tbody/tr[18]/td[3]/div/div/span/span[1]/bdi"}
COMMAND: POST /session/2308dad0f2a7537c6be193a87bfcce7d/execute/sync - {"script":"<script> [56 bytes]","args":[{"element-6066-11e4-a52e-4f735466cecf":"f.8FEDB17297EEB2F430C5C9DB657928CB.d.CB6573956B94A1F6B77311C8FE478B16.e.7901","ELEMENT":"f.8FEDB17297EEB2F430C5C9DB657928CB.d.CB6573956B94A1F6B77311C8FE478B16.e.7901"}]}
RESULT: {"script":"<script> [56 bytes]","args":[{"element-6066-11e4-a52e-4f735466cecf":"f.8FEDB17297EEB2F430C5C9DB657928CB.d.CB6573956B94A1F6B77311C8FE478B16.e.7901","ELEMENT":"f.8FEDB17297EEB2F430C5C9DB657928CB.d.CB6573956B94A1F6B77311C8FE478B16.e.7901"}]}
COMMAND: GET /session/2308dad0f2a7537c6be193a87bfcce7d/element/f.8FEDB17297EEB2F430C5C9DB657928CB.d.CB6573956B94A1F6B77311C8FE478B16.e.7900/attribute/aria-checked - {}
COMMAND: GET /session/2308dad0f2a7537c6be193a87bfcce7d/screenshot - {}
RESULT: {}
COMMAND: POST /session/2308dad0f2a7537c6be193a87bfcce7d/element - {"using":"xpath","value":"//table[contains(@id, \"listView-innerSelectionPanelTable-listUl\")]/tbody/tr[19]/td[2]/div/div"}
RESULT: {}
RESULT: {"using":"xpath","value":"//table[contains(@id, \"listView-innerSelectionPanelTable-listUl\")]/tbody/tr[19]/td[2]/div/div"}
COMMAND: POST /session/2308dad0f2a7537c6be193a87bfcce7d/element - {"using":"xpath","value":"//table[contains(@id, \"listView-innerSelectionPanelTable-listUl\")]/tbody/tr[19]/td[2]/div"}
RESULT: {"using":"xpath","value":"//table[contains(@id, \"listView-innerSelectionPanelTable-listUl\")]/tbody/tr[19]/td[2]/div"}
COMMAND: POST /session/2308dad0f2a7537c6be193a87bfcce7d/element - {"using":"xpath","value":"//table[contains(@id, \"listView-innerSelectionPanelTable-listUl\")]/tbody/tr[19]/td[3]/div/div/span/span[1]/bdi"}
RESULT: {"using":"xpath","value":"//table[contains(@id, \"listView-innerSelectionPanelTable-listUl\")]/tbody/tr[19]/td[3]/div/div/span/span[1]/bdi"}
COMMAND: POST /session/2308dad0f2a7537c6be193a87bfcce7d/execute/sync - {"script":"<script> [56 bytes]","args":[{"element-6066-11e4-a52e-4f735466cecf":"f.8FEDB17297EEB2F430C5C9DB657928CB.d.CB6573956B94A1F6B77311C8FE478B16.e.7904","ELEMENT":"f.8FEDB17297EEB2F430C5C9DB657928CB.d.CB6573956B94A1F6B77311C8FE478B16.e.7904"}]}
RESULT: {"script":"<script> [56 bytes]","args":[{"element-6066-11e4-a52e-4f735466cecf":"f.8FEDB17297EEB2F430C5C9DB657928CB.d.CB6573956B94A1F6B77311C8FE478B16.e.7904","ELEMENT":"f.8FEDB17297EEB2F430C5C9DB657928CB.d.CB6573956B94A1F6B77311C8FE478B16.e.7904"}]}
COMMAND: GET /session/2308dad0f2a7537c6be193a87bfcce7d/element/f.8FEDB17297EEB2F430C5C9DB657928CB.d.CB6573956B94A1F6B77311C8FE478B16.e.7903/attribute/aria-checked - {}
COMMAND: GET /session/2308dad0f2a7537c6be193a87bfcce7d/screenshot - {}
RESULT: {}
COMMAND: POST /session/2308dad0f2a7537c6be193a87bfcce7d/element - {"using":"xpath","value":"//table[contains(@id, \"listView-innerSelectionPanelTable-listUl\")]/tbody/tr[20]/td[2]/div/div"}
RESULT: {}
RESULT: {"using":"xpath","value":"//table[contains(@id, \"listView-innerSelectionPanelTable-listUl\")]/tbody/tr[20]/td[2]/div/div"}
COMMAND: POST /session/2308dad0f2a7537c6be193a87bfcce7d/element - {"using":"xpath","value":"//table[contains(@id, \"listView-innerSelectionPanelTable-listUl\")]/tbody/tr[20]/td[2]/div"}
RESULT: {"using":"xpath","value":"//table[contains(@id, \"listView-innerSelectionPanelTable-listUl\")]/tbody/tr[20]/td[2]/div"}
COMMAND: POST /session/2308dad0f2a7537c6be193a87bfcce7d/element - {"using":"xpath","value":"//table[contains(@id, \"listView-innerSelectionPanelTable-listUl\")]/tbody/tr[20]/td[3]/div/div/span/span[1]/bdi"}
RESULT: {"using":"xpath","value":"//table[contains(@id, \"listView-innerSelectionPanelTable-listUl\")]/tbody/tr[20]/td[3]/div/div/span/span[1]/bdi"}
COMMAND: POST /session/2308dad0f2a7537c6be193a87bfcce7d/execute/sync - {"script":"<script> [56 bytes]","args":[{"element-6066-11e4-a52e-4f735466cecf":"f.8FEDB17297EEB2F430C5C9DB657928CB.d.CB6573956B94A1F6B77311C8FE478B16.e.7907","ELEMENT":"f.8FEDB17297EEB2F430C5C9DB657928CB.d.CB6573956B94A1F6B77311C8FE478B16.e.7907"}]}
RESULT: {"script":"<script> [56 bytes]","args":[{"element-6066-11e4-a52e-4f735466cecf":"f.8FEDB17297EEB2F430C5C9DB657928CB.d.CB6573956B94A1F6B77311C8FE478B16.e.7907","ELEMENT":"f.8FEDB17297EEB2F430C5C9DB657928CB.d.CB6573956B94A1F6B77311C8FE478B16.e.7907"}]}
COMMAND: GET /session/2308dad0f2a7537c6be193a87bfcce7d/element/f.8FEDB17297EEB2F430C5C9DB657928CB.d.CB6573956B94A1F6B77311C8FE478B16.e.7906/attribute/aria-checked - {}
COMMAND: GET /session/2308dad0f2a7537c6be193a87bfcce7d/screenshot - {}
RESULT: {}
COMMAND: POST /session/2308dad0f2a7537c6be193a87bfcce7d/element - {"using":"xpath","value":"//table[contains(@id, \"listView-innerSelectionPanelTable-listUl\")]/tbody/tr[21]/td[2]/div/div"}
COMMAND: POST /session/2308dad0f2a7537c6be193a87bfcce7d/element/f.8FEDB17297EEB2F430C5C9DB657928CB.d.CB6573956B94A1F6B77311C8FE478B16.e.7905/click - {}
RESULT: {}
RESULT: {"using":"xpath","value":"//table[contains(@id, \"listView-innerSelectionPanelTable-listUl\")]/tbody/tr[21]/td[2]/div/div"}
COMMAND: POST /session/2308dad0f2a7537c6be193a87bfcce7d/element - {"using":"xpath","value":"//table[contains(@id, \"listView-innerSelectionPanelTable-listUl\")]/tbody/tr[21]/td[2]/div"}
RESULT: {}
COMMAND: GET /session/2308dad0f2a7537c6be193a87bfcce7d/screenshot - {}
RESULT: {"using":"xpath","value":"//table[contains(@id, \"listView-innerSelectionPanelTable-listUl\")]/tbody/tr[21]/td[2]/div"}
COMMAND: POST /session/2308dad0f2a7537c6be193a87bfcce7d/element - {"using":"xpath","value":"//table[contains(@id, \"listView-innerSelectionPanelTable-listUl\")]/tbody/tr[21]/td[3]/div/div/span/span[1]/bdi"}
RESULT: {}
RESULT: {"using":"xpath","value":"//table[contains(@id, \"listView-innerSelectionPanelTable-listUl\")]/tbody/tr[21]/td[3]/div/div/span/span[1]/bdi"}
COMMAND: POST /session/2308dad0f2a7537c6be193a87bfcce7d/execute/sync - {"script":"<script> [56 bytes]","args":[{"element-6066-11e4-a52e-4f735466cecf":"f.8FEDB17297EEB2F430C5C9DB657928CB.d.CB6573956B94A1F6B77311C8FE478B16.e.7913","ELEMENT":"f.8FEDB17297EEB2F430C5C9DB657928CB.d.CB6573956B94A1F6B77311C8FE478B16.e.7913"}]}
RESULT: {"script":"<script> [56 bytes]","args":[{"element-6066-11e4-a52e-4f735466cecf":"f.8FEDB17297EEB2F430C5C9DB657928CB.d.CB6573956B94A1F6B77311C8FE478B16.e.7913","ELEMENT":"f.8FEDB17297EEB2F430C5C9DB657928CB.d.CB6573956B94A1F6B77311C8FE478B16.e.7913"}]}
COMMAND: GET /session/2308dad0f2a7537c6be193a87bfcce7d/element/f.8FEDB17297EEB2F430C5C9DB657928CB.d.CB6573956B94A1F6B77311C8FE478B16.e.7912/attribute/aria-checked - {}
COMMAND: GET /session/2308dad0f2a7537c6be193a87bfcce7d/screenshot - {}
RESULT: {}
COMMAND: POST /session/2308dad0f2a7537c6be193a87bfcce7d/element - {"using":"xpath","value":"//table[contains(@id, \"listView-innerSelectionPanelTable-listUl\")]/tbody/tr[22]/td[2]/div/div"}
COMMAND: POST /session/2308dad0f2a7537c6be193a87bfcce7d/element/f.8FEDB17297EEB2F430C5C9DB657928CB.d.CB6573956B94A1F6B77311C8FE478B16.e.7908/click - {}
RESULT: {}
RESULT: {"using":"xpath","value":"//table[contains(@id, \"listView-innerSelectionPanelTable-listUl\")]/tbody/tr[22]/td[2]/div/div"}
COMMAND: POST /session/2308dad0f2a7537c6be193a87bfcce7d/element - {"using":"xpath","value":"//table[contains(@id, \"listView-innerSelectionPanelTable-listUl\")]/tbody/tr[22]/td[2]/div"}
RESULT: {}
COMMAND: GET /session/2308dad0f2a7537c6be193a87bfcce7d/screenshot - {}
RESULT: {"using":"xpath","value":"//table[contains(@id, \"listView-innerSelectionPanelTable-listUl\")]/tbody/tr[22]/td[2]/div"}
COMMAND: POST /session/2308dad0f2a7537c6be193a87bfcce7d/element - {"using":"xpath","value":"//table[contains(@id, \"listView-innerSelectionPanelTable-listUl\")]/tbody/tr[22]/td[3]/div/div/span/span[1]/bdi"}
RESULT: {}
RESULT: {"using":"xpath","value":"//table[contains(@id, \"listView-innerSelectionPanelTable-listUl\")]/tbody/tr[22]/td[3]/div/div/span/span[1]/bdi"}
COMMAND: POST /session/2308dad0f2a7537c6be193a87bfcce7d/execute/sync - {"script":"<script> [56 bytes]","args":[{"element-6066-11e4-a52e-4f735466cecf":"f.8FEDB17297EEB2F430C5C9DB657928CB.d.CB6573956B94A1F6B77311C8FE478B16.e.7917","ELEMENT":"f.8FEDB17297EEB2F430C5C9DB657928CB.d.CB6573956B94A1F6B77311C8FE478B16.e.7917"}]}
RESULT: {"script":"<script> [56 bytes]","args":[{"element-6066-11e4-a52e-4f735466cecf":"f.8FEDB17297EEB2F430C5C9DB657928CB.d.CB6573956B94A1F6B77311C8FE478B16.e.7917","ELEMENT":"f.8FEDB17297EEB2F430C5C9DB657928CB.d.CB6573956B94A1F6B77311C8FE478B16.e.7917"}]}
COMMAND: GET /session/2308dad0f2a7537c6be193a87bfcce7d/element/f.8FEDB17297EEB2F430C5C9DB657928CB.d.CB6573956B94A1F6B77311C8FE478B16.e.7916/attribute/aria-checked - {}
COMMAND: GET /session/2308dad0f2a7537c6be193a87bfcce7d/screenshot - {}
RESULT: {}
COMMAND: POST /session/2308dad0f2a7537c6be193a87bfcce7d/element - {"using":"xpath","value":"//table[contains(@id, \"listView-innerSelectionPanelTable-listUl\")]/tbody/tr[23]/td[2]/div/div"}
RESULT: {}
RESULT: {"using":"xpath","value":"//table[contains(@id, \"listView-innerSelectionPanelTable-listUl\")]/tbody/tr[23]/td[2]/div/div"}
COMMAND: POST /session/2308dad0f2a7537c6be193a87bfcce7d/element - {"using":"xpath","value":"//table[contains(@id, \"listView-innerSelectionPanelTable-listUl\")]/tbody/tr[23]/td[2]/div"}
RESULT: {"using":"xpath","value":"//table[contains(@id, \"listView-innerSelectionPanelTable-listUl\")]/tbody/tr[23]/td[2]/div"}
COMMAND: POST /session/2308dad0f2a7537c6be193a87bfcce7d/element - {"using":"xpath","value":"//table[contains(@id, \"listView-innerSelectionPanelTable-listUl\")]/tbody/tr[23]/td[3]/div/div/span/span[1]/bdi"}
RESULT: {"using":"xpath","value":"//table[contains(@id, \"listView-innerSelectionPanelTable-listUl\")]/tbody/tr[23]/td[3]/div/div/span/span[1]/bdi"}
COMMAND: POST /session/2308dad0f2a7537c6be193a87bfcce7d/execute/sync - {"script":"<script> [56 bytes]","args":[{"element-6066-11e4-a52e-4f735466cecf":"f.8FEDB17297EEB2F430C5C9DB657928CB.d.CB6573956B94A1F6B77311C8FE478B16.e.7920","ELEMENT":"f.8FEDB17297EEB2F430C5C9DB657928CB.d.CB6573956B94A1F6B77311C8FE478B16.e.7920"}]}
RESULT: {"script":"<script> [56 bytes]","args":[{"element-6066-11e4-a52e-4f735466cecf":"f.8FEDB17297EEB2F430C5C9DB657928CB.d.CB6573956B94A1F6B77311C8FE478B16.e.7920","ELEMENT":"f.8FEDB17297EEB2F430C5C9DB657928CB.d.CB6573956B94A1F6B77311C8FE478B16.e.7920"}]}
COMMAND: GET /session/2308dad0f2a7537c6be193a87bfcce7d/element/f.8FEDB17297EEB2F430C5C9DB657928CB.d.CB6573956B94A1F6B77311C8FE478B16.e.7919/attribute/aria-checked - {}
COMMAND: GET /session/2308dad0f2a7537c6be193a87bfcce7d/screenshot - {}
RESULT: {}
COMMAND: POST /session/2308dad0f2a7537c6be193a87bfcce7d/element - {"using":"xpath","value":"//table[contains(@id, \"listView-innerSelectionPanelTable-listUl\")]/tbody/tr[24]/td[2]/div/div"}
RESULT: {}
RESULT: {"using":"xpath","value":"//table[contains(@id, \"listView-innerSelectionPanelTable-listUl\")]/tbody/tr[24]/td[2]/div/div"}
COMMAND: POST /session/2308dad0f2a7537c6be193a87bfcce7d/element - {"using":"xpath","value":"//table[contains(@id, \"listView-innerSelectionPanelTable-listUl\")]/tbody/tr[24]/td[2]/div"}
RESULT: {"using":"xpath","value":"//table[contains(@id, \"listView-innerSelectionPanelTable-listUl\")]/tbody/tr[24]/td[2]/div"}
COMMAND: POST /session/2308dad0f2a7537c6be193a87bfcce7d/element - {"using":"xpath","value":"//table[contains(@id, \"listView-innerSelectionPanelTable-listUl\")]/tbody/tr[24]/td[3]/div/div/span/span[1]/bdi"}
RESULT: {"using":"xpath","value":"//table[contains(@id, \"listView-innerSelectionPanelTable-listUl\")]/tbody/tr[24]/td[3]/div/div/span/span[1]/bdi"}
COMMAND: POST /session/2308dad0f2a7537c6be193a87bfcce7d/execute/sync - {"script":"<script> [56 bytes]","args":[{"element-6066-11e4-a52e-4f735466cecf":"f.8FEDB17297EEB2F430C5C9DB657928CB.d.CB6573956B94A1F6B77311C8FE478B16.e.7923","ELEMENT":"f.8FEDB17297EEB2F430C5C9DB657928CB.d.CB6573956B94A1F6B77311C8FE478B16.e.7923"}]}
RESULT: {"script":"<script> [56 bytes]","args":[{"element-6066-11e4-a52e-4f735466cecf":"f.8FEDB17297EEB2F430C5C9DB657928CB.d.CB6573956B94A1F6B77311C8FE478B16.e.7923","ELEMENT":"f.8FEDB17297EEB2F430C5C9DB657928CB.d.CB6573956B94A1F6B77311C8FE478B16.e.7923"}]}
COMMAND: GET /session/2308dad0f2a7537c6be193a87bfcce7d/element/f.8FEDB17297EEB2F430C5C9DB657928CB.d.CB6573956B94A1F6B77311C8FE478B16.e.7922/attribute/aria-checked - {}
COMMAND: GET /session/2308dad0f2a7537c6be193a87bfcce7d/screenshot - {}
RESULT: {}
COMMAND: POST /session/2308dad0f2a7537c6be193a87bfcce7d/element - {"using":"xpath","value":"//table[contains(@id, \"listView-innerSelectionPanelTable-listUl\")]/tbody/tr[25]/td[2]/div/div"}
RESULT: {}
RESULT: {"using":"xpath","value":"//table[contains(@id, \"listView-innerSelectionPanelTable-listUl\")]/tbody/tr[25]/td[2]/div/div"}
COMMAND: POST /session/2308dad0f2a7537c6be193a87bfcce7d/element - {"using":"xpath","value":"//table[contains(@id, \"listView-innerSelectionPanelTable-listUl\")]/tbody/tr[25]/td[2]/div"}
RESULT: {"using":"xpath","value":"//table[contains(@id, \"listView-innerSelectionPanelTable-listUl\")]/tbody/tr[25]/td[2]/div"}
COMMAND: POST /session/2308dad0f2a7537c6be193a87bfcce7d/element - {"using":"xpath","value":"//table[contains(@id, \"listView-innerSelectionPanelTable-listUl\")]/tbody/tr[25]/td[3]/div/div/span/span[1]/bdi"}
RESULT: {"using":"xpath","value":"//table[contains(@id, \"listView-innerSelectionPanelTable-listUl\")]/tbody/tr[25]/td[3]/div/div/span/span[1]/bdi"}
COMMAND: POST /session/2308dad0f2a7537c6be193a87bfcce7d/execute/sync - {"script":"<script> [56 bytes]","args":[{"element-6066-11e4-a52e-4f735466cecf":"f.8FEDB17297EEB2F430C5C9DB657928CB.d.CB6573956B94A1F6B77311C8FE478B16.e.7926","ELEMENT":"f.8FEDB17297EEB2F430C5C9DB657928CB.d.CB6573956B94A1F6B77311C8FE478B16.e.7926"}]}
RESULT: {"script":"<script> [56 bytes]","args":[{"element-6066-11e4-a52e-4f735466cecf":"f.8FEDB17297EEB2F430C5C9DB657928CB.d.CB6573956B94A1F6B77311C8FE478B16.e.7926","ELEMENT":"f.8FEDB17297EEB2F430C5C9DB657928CB.d.CB6573956B94A1F6B77311C8FE478B16.e.7926"}]}
COMMAND: GET /session/2308dad0f2a7537c6be193a87bfcce7d/element/f.8FEDB17297EEB2F430C5C9DB657928CB.d.CB6573956B94A1F6B77311C8FE478B16.e.7925/attribute/aria-checked - {}
COMMAND: GET /session/2308dad0f2a7537c6be193a87bfcce7d/screenshot - {}
RESULT: {}
COMMAND: POST /session/2308dad0f2a7537c6be193a87bfcce7d/element - {"using":"xpath","value":"//bdi[contains(text(), \"OK\")]"}
RESULT: {}
RESULT: {"using":"xpath","value":"//bdi[contains(text(), \"OK\")]"}
COMMAND: POST /session/2308dad0f2a7537c6be193a87bfcce7d/element/f.8FEDB17297EEB2F430C5C9DB657928CB.d.CB6573956B94A1F6B77311C8FE478B16.e.7927/click - {}
RESULT: {}
COMMAND: GET /session/2308dad0f2a7537c6be193a87bfcce7d/screenshot - {}
RESULT: {}
COMMAND: POST /session/2308dad0f2a7537c6be193a87bfcce7d/execute/async - {"script":"<script> [1562 bytes]","args":[{"selector":{"id":"application-managepartners-display-component---masterPtm--smartFilterBar-filterItemControlA_-LINK_TO_ADDRESSES_MAIN.ID-vhi"},"wdio_ui5_key":"applicationmanagepartners-display-component---masterPtm--smartFilterBar-filterItemControlA_-LINK_TO_ADDRESSES_MAIN.ID-vhi"}]}
RESULT: {"script":"<script> [1562 bytes]","args":[{"selector":{"id":"application-managepartners-display-component---masterPtm--smartFilterBar-filterItemControlA_-LINK_TO_ADDRESSES_MAIN.ID-vhi"},"wdio_ui5_key":"applicationmanagepartners-display-component---masterPtm--smartFilterBar-filterItemControlA_-LINK_TO_ADDRESSES_MAIN.ID-vhi"}]}
RESULT: undefined
COMMAND: POST /session/2308dad0f2a7537c6be193a87bfcce7d/element - {"using":"xpath","value":"//*[@id=\"application-managepartners-display-component---masterPtm--smartFilterBar-filterItemControlA_-LINK_TO_ADDRESSES_MAIN.ID-vhi\"]"}
RESULT: {"using":"xpath","value":"//*[@id=\"application-managepartners-display-component---masterPtm--smartFilterBar-filterItemControlA_-LINK_TO_ADDRESSES_MAIN.ID-vhi\"]"}
COMMAND: POST /session/2308dad0f2a7537c6be193a87bfcce7d/element/f.8FEDB17297EEB2F430C5C9DB657928CB.d.CB6573956B94A1F6B77311C8FE478B16.e.7940/click - {}
RESULT: {}
COMMAND: GET /session/2308dad0f2a7537c6be193a87bfcce7d/screenshot - {}
RESULT: {}
COMMAND: POST /session/2308dad0f2a7537c6be193a87bfcce7d/element - {"using":"xpath","value":"//div[input[@value=\"contains\"]]//span[contains(@id, \"arrow\")]"}
RESULT: {"using":"xpath","value":"//div[input[@value=\"contains\"]]//span[contains(@id, \"arrow\")]"}
COMMAND: POST /session/2308dad0f2a7537c6be193a87bfcce7d/element/f.8FEDB17297EEB2F430C5C9DB657928CB.d.CB6573956B94A1F6B77311C8FE478B16.e.7945/click - {}
RESULT: {}
COMMAND: GET /session/2308dad0f2a7537c6be193a87bfcce7d/screenshot - {}
RESULT: {}
COMMAND: POST /session/2308dad0f2a7537c6be193a87bfcce7d/element - {"using":"xpath","value":"//li[.//span[text()='equal to']]"}
RESULT: {"using":"xpath","value":"//li[.//span[text()='equal to']]"}
COMMAND: POST /session/2308dad0f2a7537c6be193a87bfcce7d/element/f.8FEDB17297EEB2F430C5C9DB657928CB.d.CB6573956B94A1F6B77311C8FE478B16.e.7946/click - {}
RESULT: {}
COMMAND: GET /session/2308dad0f2a7537c6be193a87bfcce7d/screenshot - {}
RESULT: {}
RESULT: undefined
COMMAND: POST /session/2308dad0f2a7537c6be193a87bfcce7d/execute/async - {"script":"<script> [776 bytes]","args":[{"enterText":"1006","selector":{"controlType":"sap.m.Input","viewName":"etm.portal.ui.managepartners.view.Master","viewId":"application-managepartners-display-component---masterPtm","properties":{"valueState":"None"},"searchOpenDialogs":true,"interaction":{"idSuffix":"inner"}},"clearTextFirst":true,"interactionType":"ENTER_TEXT"}]}
RESULT: {"script":"<script> [776 bytes]","args":[{"enterText":"1006","selector":{"controlType":"sap.m.Input","viewName":"etm.portal.ui.managepartners.view.Master","viewId":"application-managepartners-display-component---masterPtm","properties":{"valueState":"None"},"searchOpenDialogs":true,"interaction":{"idSuffix":"inner"}},"clearTextFirst":true,"interactionType":"ENTER_TEXT"}]}
COMMAND: POST /session/2308dad0f2a7537c6be193a87bfcce7d/actions - {"actions":[{"id":"action22","type":"key","parameters":{},"actions":[{"type":"keyDown","value":""},{"type":"pause","duration":10},{"type":"keyUp","value":""}]}]}
RESULT: {"actions":[{"id":"action22","type":"key","parameters":{},"actions":[{"type":"keyDown","value":""},{"type":"pause","duration":10},{"type":"keyUp","value":""}]}]}
COMMAND: GET /session/2308dad0f2a7537c6be193a87bfcce7d/screenshot - {}
RESULT: {}
COMMAND: POST /session/2308dad0f2a7537c6be193a87bfcce7d/element - {"using":"xpath","value":"(//bdi[contains(text(), \"OK\")])[1]"}
RESULT: {"using":"xpath","value":"(//bdi[contains(text(), \"OK\")])[1]"}
COMMAND: POST /session/2308dad0f2a7537c6be193a87bfcce7d/element/f.8FEDB17297EEB2F430C5C9DB657928CB.d.CB6573956B94A1F6B77311C8FE478B16.e.7947/click - {}
RESULT: {}
COMMAND: GET /session/2308dad0f2a7537c6be193a87bfcce7d/screenshot - {}
RESULT: {}
COMMAND: POST /session/2308dad0f2a7537c6be193a87bfcce7d/element - {"using":"xpath","value":"//span[@id=\"application-managepartners-display-component---masterPtm--smartTable-header-inner\"]"}
RESULT: {"using":"xpath","value":"//span[@id=\"application-managepartners-display-component---masterPtm--smartTable-header-inner\"]"}
COMMAND: POST /session/2308dad0f2a7537c6be193a87bfcce7d/elements - {"using":"xpath","value":"//span[@id=\"application-managepartners-display-component---masterPtm--smartTable-header-inner\"]"}
RESULT: {"using":"xpath","value":"//span[@id=\"application-managepartners-display-component---masterPtm--smartTable-header-inner\"]"}
COMMAND: POST /session/2308dad0f2a7537c6be193a87bfcce7d/execute/sync - {"script":"<script> [56 bytes]","args":[{"element-6066-11e4-a52e-4f735466cecf":"f.8FEDB17297EEB2F430C5C9DB657928CB.d.CB6573956B94A1F6B77311C8FE478B16.e.7785","ELEMENT":"f.8FEDB17297EEB2F430C5C9DB657928CB.d.CB6573956B94A1F6B77311C8FE478B16.e.7785"}]}
RESULT: {"script":"<script> [56 bytes]","args":[{"element-6066-11e4-a52e-4f735466cecf":"f.8FEDB17297EEB2F430C5C9DB657928CB.d.CB6573956B94A1F6B77311C8FE478B16.e.7785","ELEMENT":"f.8FEDB17297EEB2F430C5C9DB657928CB.d.CB6573956B94A1F6B77311C8FE478B16.e.7785"}]}
COMMAND: POST /session/2308dad0f2a7537c6be193a87bfcce7d/element - {"using":"xpath","value":"//span[contains(@title, \"Remove\")]"}
COMMAND: GET /session/2308dad0f2a7537c6be193a87bfcce7d/screenshot - {}
RESULT: {"using":"xpath","value":"//span[contains(@title, \"Remove\")]"}
COMMAND: POST /session/2308dad0f2a7537c6be193a87bfcce7d/element/f.8FEDB17297EEB2F430C5C9DB657928CB.d.CB6573956B94A1F6B77311C8FE478B16.e.7951/click - {}
RESULT: {}
RESULT: {}
COMMAND: GET /session/2308dad0f2a7537c6be193a87bfcce7d/screenshot - {}
RESULT: {}
RESULT: undefined
COMMAND: POST /session/2308dad0f2a7537c6be193a87bfcce7d/element - {"using":"xpath","value":"//*[@id=\"application-managepartners-display-component---masterPtm--smartFilterBar-filterItemControl_BASIC-YARD-vhi\"]"}
RESULT: {"using":"xpath","value":"//*[@id=\"application-managepartners-display-component---masterPtm--smartFilterBar-filterItemControl_BASIC-YARD-vhi\"]"}
COMMAND: POST /session/2308dad0f2a7537c6be193a87bfcce7d/element/f.8FEDB17297EEB2F430C5C9DB657928CB.d.CB6573956B94A1F6B77311C8FE478B16.e.8055/click - {}
RESULT: {}
COMMAND: GET /session/2308dad0f2a7537c6be193a87bfcce7d/screenshot - {}
RESULT: {}
RESULT: undefined
COMMAND: POST /session/2308dad0f2a7537c6be193a87bfcce7d/execute/async - {"script":"<script> [776 bytes]","args":[{"enterText":"Test","selector":{"id":"application-managepartners-display-component---masterPtm--smartFilterBar-filterItemControl_BASIC-YARD-valueHelpDialog-smartFilterBar-btnBasicSearch","searchOpenDialogs":true,"interaction":{"idSuffix":"I"}},"clearTextFirst":true,"interactionType":"ENTER_TEXT"}]}
RESULT: {"script":"<script> [776 bytes]","args":[{"enterText":"Test","selector":{"id":"application-managepartners-display-component---masterPtm--smartFilterBar-filterItemControl_BASIC-YARD-valueHelpDialog-smartFilterBar-btnBasicSearch","searchOpenDialogs":true,"interaction":{"idSuffix":"I"}},"clearTextFirst":true,"interactionType":"ENTER_TEXT"}]}
COMMAND: POST /session/2308dad0f2a7537c6be193a87bfcce7d/actions - {"actions":[{"id":"action23","type":"key","parameters":{},"actions":[{"type":"keyDown","value":""},{"type":"pause","duration":10},{"type":"keyUp","value":""}]}]}
RESULT: {"actions":[{"id":"action23","type":"key","parameters":{},"actions":[{"type":"keyDown","value":""},{"type":"pause","duration":10},{"type":"keyUp","value":""}]}]}
COMMAND: POST /session/2308dad0f2a7537c6be193a87bfcce7d/elements - {"using":"xpath","value":"//table[contains(@id, \"smartFilterBar-filterItemControl_BASIC-YARD-valueHelpDialog-table-table\")]/tbody/tr"}
COMMAND: GET /session/2308dad0f2a7537c6be193a87bfcce7d/screenshot - {}
RESULT: {"using":"xpath","value":"//table[contains(@id, \"smartFilterBar-filterItemControl_BASIC-YARD-valueHelpDialog-table-table\")]/tbody/tr"}
COMMAND: POST /session/2308dad0f2a7537c6be193a87bfcce7d/element - {"using":"xpath","value":"//table[contains(@id, \"smartFilterBar-filterItemControl_BASIC-YARD-valueHelpDialog-table-table\")]/tbody/tr[1]/td[1]/div/span"}
RESULT: {}
RESULT: {"using":"xpath","value":"//table[contains(@id, \"smartFilterBar-filterItemControl_BASIC-YARD-valueHelpDialog-table-table\")]/tbody/tr[1]/td[1]/div/span"}
COMMAND: POST /session/2308dad0f2a7537c6be193a87bfcce7d/elements - {"using":"xpath","value":"//table[contains(@id, \"smartFilterBar-filterItemControl_BASIC-YARD-valueHelpDialog-table-table\")]/tbody/tr[1]/td[1]/div/span"}
RESULT: {"using":"xpath","value":"//table[contains(@id, \"smartFilterBar-filterItemControl_BASIC-YARD-valueHelpDialog-table-table\")]/tbody/tr[1]/td[1]/div/span"}
COMMAND: POST /session/2308dad0f2a7537c6be193a87bfcce7d/execute/sync - {"script":"<script> [56 bytes]","args":[{"element-6066-11e4-a52e-4f735466cecf":"f.8FEDB17297EEB2F430C5C9DB657928CB.d.CB6573956B94A1F6B77311C8FE478B16.e.8074","ELEMENT":"f.8FEDB17297EEB2F430C5C9DB657928CB.d.CB6573956B94A1F6B77311C8FE478B16.e.8074"}]}
RESULT: {"script":"<script> [56 bytes]","args":[{"element-6066-11e4-a52e-4f735466cecf":"f.8FEDB17297EEB2F430C5C9DB657928CB.d.CB6573956B94A1F6B77311C8FE478B16.e.8074","ELEMENT":"f.8FEDB17297EEB2F430C5C9DB657928CB.d.CB6573956B94A1F6B77311C8FE478B16.e.8074"}]}
COMMAND: POST /session/2308dad0f2a7537c6be193a87bfcce7d/element - {"using":"xpath","value":"//table[contains(@id, \"smartFilterBar-filterItemControl_BASIC-YARD-valueHelpDialog-table-table\")]/tbody/tr[2]/td[1]/div/span"}
COMMAND: GET /session/2308dad0f2a7537c6be193a87bfcce7d/screenshot - {}
RESULT: {"using":"xpath","value":"//table[contains(@id, \"smartFilterBar-filterItemControl_BASIC-YARD-valueHelpDialog-table-table\")]/tbody/tr[2]/td[1]/div/span"}
COMMAND: POST /session/2308dad0f2a7537c6be193a87bfcce7d/elements - {"using":"xpath","value":"//table[contains(@id, \"smartFilterBar-filterItemControl_BASIC-YARD-valueHelpDialog-table-table\")]/tbody/tr[2]/td[1]/div/span"}
RESULT: {}
RESULT: {"using":"xpath","value":"//table[contains(@id, \"smartFilterBar-filterItemControl_BASIC-YARD-valueHelpDialog-table-table\")]/tbody/tr[2]/td[1]/div/span"}
COMMAND: POST /session/2308dad0f2a7537c6be193a87bfcce7d/execute/sync - {"script":"<script> [56 bytes]","args":[{"element-6066-11e4-a52e-4f735466cecf":"f.8FEDB17297EEB2F430C5C9DB657928CB.d.CB6573956B94A1F6B77311C8FE478B16.e.8075","ELEMENT":"f.8FEDB17297EEB2F430C5C9DB657928CB.d.CB6573956B94A1F6B77311C8FE478B16.e.8075"}]}
RESULT: {"script":"<script> [56 bytes]","args":[{"element-6066-11e4-a52e-4f735466cecf":"f.8FEDB17297EEB2F430C5C9DB657928CB.d.CB6573956B94A1F6B77311C8FE478B16.e.8075","ELEMENT":"f.8FEDB17297EEB2F430C5C9DB657928CB.d.CB6573956B94A1F6B77311C8FE478B16.e.8075"}]}
COMMAND: POST /session/2308dad0f2a7537c6be193a87bfcce7d/element - {"using":"xpath","value":"//table[contains(@id, \"smartFilterBar-filterItemControl_BASIC-YARD-valueHelpDialog-table-table\")]/tbody/tr[3]/td[1]/div/span"}
COMMAND: GET /session/2308dad0f2a7537c6be193a87bfcce7d/screenshot - {}
RESULT: {"using":"xpath","value":"//table[contains(@id, \"smartFilterBar-filterItemControl_BASIC-YARD-valueHelpDialog-table-table\")]/tbody/tr[3]/td[1]/div/span"}
COMMAND: POST /session/2308dad0f2a7537c6be193a87bfcce7d/elements - {"using":"xpath","value":"//table[contains(@id, \"smartFilterBar-filterItemControl_BASIC-YARD-valueHelpDialog-table-table\")]/tbody/tr[3]/td[1]/div/span"}
RESULT: {}
RESULT: {"using":"xpath","value":"//table[contains(@id, \"smartFilterBar-filterItemControl_BASIC-YARD-valueHelpDialog-table-table\")]/tbody/tr[3]/td[1]/div/span"}
COMMAND: POST /session/2308dad0f2a7537c6be193a87bfcce7d/execute/sync - {"script":"<script> [56 bytes]","args":[{"element-6066-11e4-a52e-4f735466cecf":"f.8FEDB17297EEB2F430C5C9DB657928CB.d.CB6573956B94A1F6B77311C8FE478B16.e.8076","ELEMENT":"f.8FEDB17297EEB2F430C5C9DB657928CB.d.CB6573956B94A1F6B77311C8FE478B16.e.8076"}]}
RESULT: {"script":"<script> [56 bytes]","args":[{"element-6066-11e4-a52e-4f735466cecf":"f.8FEDB17297EEB2F430C5C9DB657928CB.d.CB6573956B94A1F6B77311C8FE478B16.e.8076","ELEMENT":"f.8FEDB17297EEB2F430C5C9DB657928CB.d.CB6573956B94A1F6B77311C8FE478B16.e.8076"}]}
COMMAND: POST /session/2308dad0f2a7537c6be193a87bfcce7d/element - {"using":"xpath","value":"//div[contains(@id, \"filterItemControl_BASIC-YARD-valueHelpDialog-table-rowsel2\")]"}
COMMAND: GET /session/2308dad0f2a7537c6be193a87bfcce7d/screenshot - {}
RESULT: {"using":"xpath","value":"//div[contains(@id, \"filterItemControl_BASIC-YARD-valueHelpDialog-table-rowsel2\")]"}
COMMAND: POST /session/2308dad0f2a7537c6be193a87bfcce7d/element/f.8FEDB17297EEB2F430C5C9DB657928CB.d.CB6573956B94A1F6B77311C8FE478B16.e.8077/click - {}
RESULT: {}
RESULT: {}
COMMAND: GET /session/2308dad0f2a7537c6be193a87bfcce7d/screenshot - {}
RESULT: {}
COMMAND: POST /session/2308dad0f2a7537c6be193a87bfcce7d/element - {"using":"xpath","value":"(//bdi[contains(text(), \"OK\")])[1]"}
RESULT: {"using":"xpath","value":"(//bdi[contains(text(), \"OK\")])[1]"}
COMMAND: POST /session/2308dad0f2a7537c6be193a87bfcce7d/element/f.8FEDB17297EEB2F430C5C9DB657928CB.d.CB6573956B94A1F6B77311C8FE478B16.e.8079/click - {}
RESULT: {}
COMMAND: GET /session/2308dad0f2a7537c6be193a87bfcce7d/screenshot - {}
RESULT: {}
COMMAND: POST /session/2308dad0f2a7537c6be193a87bfcce7d/element - {"using":"xpath","value":"//span[@id=\"application-managepartners-display-component---masterPtm--smartTable-header-inner\"]"}
RESULT: {"using":"xpath","value":"//span[@id=\"application-managepartners-display-component---masterPtm--smartTable-header-inner\"]"}
COMMAND: POST /session/2308dad0f2a7537c6be193a87bfcce7d/elements - {"using":"xpath","value":"//span[@id=\"application-managepartners-display-component---masterPtm--smartTable-header-inner\"]"}
RESULT: {"using":"xpath","value":"//span[@id=\"application-managepartners-display-component---masterPtm--smartTable-header-inner\"]"}
COMMAND: POST /session/2308dad0f2a7537c6be193a87bfcce7d/execute/sync - {"script":"<script> [56 bytes]","args":[{"element-6066-11e4-a52e-4f735466cecf":"f.8FEDB17297EEB2F430C5C9DB657928CB.d.CB6573956B94A1F6B77311C8FE478B16.e.7785","ELEMENT":"f.8FEDB17297EEB2F430C5C9DB657928CB.d.CB6573956B94A1F6B77311C8FE478B16.e.7785"}]}
RESULT: {"script":"<script> [56 bytes]","args":[{"element-6066-11e4-a52e-4f735466cecf":"f.8FEDB17297EEB2F430C5C9DB657928CB.d.CB6573956B94A1F6B77311C8FE478B16.e.7785","ELEMENT":"f.8FEDB17297EEB2F430C5C9DB657928CB.d.CB6573956B94A1F6B77311C8FE478B16.e.7785"}]}
COMMAND: POST /session/2308dad0f2a7537c6be193a87bfcce7d/element - {"using":"xpath","value":"//span[contains(@title, \"Remove\")]"}
COMMAND: GET /session/2308dad0f2a7537c6be193a87bfcce7d/screenshot - {}
RESULT: {"using":"xpath","value":"//span[contains(@title, \"Remove\")]"}
COMMAND: POST /session/2308dad0f2a7537c6be193a87bfcce7d/element/f.8FEDB17297EEB2F430C5C9DB657928CB.d.CB6573956B94A1F6B77311C8FE478B16.e.8092/click - {}
RESULT: {}
RESULT: {}
COMMAND: GET /session/2308dad0f2a7537c6be193a87bfcce7d/screenshot - {}
RESULT: {}
RESULT: undefined
COMMAND: POST /session/2308dad0f2a7537c6be193a87bfcce7d/element - {"using":"xpath","value":"//*[@id=\"application-managepartners-display-component---masterPtm--smartFilterBar-filterItemControl_BASIC-MAIN_ADDRESS-vhi\"]"}
RESULT: {"using":"xpath","value":"//*[@id=\"application-managepartners-display-component---masterPtm--smartFilterBar-filterItemControl_BASIC-MAIN_ADDRESS-vhi\"]"}
COMMAND: POST /session/2308dad0f2a7537c6be193a87bfcce7d/element/f.8FEDB17297EEB2F430C5C9DB657928CB.d.CB6573956B94A1F6B77311C8FE478B16.e.8195/click - {}
RESULT: {}
COMMAND: GET /session/2308dad0f2a7537c6be193a87bfcce7d/screenshot - {}
RESULT: {}
RESULT: undefined
COMMAND: POST /session/2308dad0f2a7537c6be193a87bfcce7d/execute/async - {"script":"<script> [776 bytes]","args":[{"enterText":"Romania","selector":{"id":"application-managepartners-display-component---masterPtm--smartFilterBar-filterItemControl_BASIC-MAIN_ADDRESS-valueHelpDialog-smartFilterBar-btnBasicSearch","searchOpenDialogs":true,"interaction":{"idSuffix":"I"}},"clearTextFirst":true,"interactionType":"ENTER_TEXT"}]}
RESULT: {"script":"<script> [776 bytes]","args":[{"enterText":"Romania","selector":{"id":"application-managepartners-display-component---masterPtm--smartFilterBar-filterItemControl_BASIC-MAIN_ADDRESS-valueHelpDialog-smartFilterBar-btnBasicSearch","searchOpenDialogs":true,"interaction":{"idSuffix":"I"}},"clearTextFirst":true,"interactionType":"ENTER_TEXT"}]}
COMMAND: POST /session/2308dad0f2a7537c6be193a87bfcce7d/actions - {"actions":[{"id":"action24","type":"key","parameters":{},"actions":[{"type":"keyDown","value":""},{"type":"pause","duration":10},{"type":"keyUp","value":""}]}]}
RESULT: {"actions":[{"id":"action24","type":"key","parameters":{},"actions":[{"type":"keyDown","value":""},{"type":"pause","duration":10},{"type":"keyUp","value":""}]}]}
COMMAND: POST /session/2308dad0f2a7537c6be193a87bfcce7d/elements - {"using":"xpath","value":"//table[contains(@id, \"smartFilterBar-filterItemControl_BASIC-MAIN_ADDRESS-valueHelpDialog-table-table\")]/tbody/tr"}
COMMAND: GET /session/2308dad0f2a7537c6be193a87bfcce7d/screenshot - {}
RESULT: {"using":"xpath","value":"//table[contains(@id, \"smartFilterBar-filterItemControl_BASIC-MAIN_ADDRESS-valueHelpDialog-table-table\")]/tbody/tr"}
COMMAND: POST /session/2308dad0f2a7537c6be193a87bfcce7d/element - {"using":"xpath","value":"//table[contains(@id, \"smartFilterBar-filterItemControl_BASIC-MAIN_ADDRESS-valueHelpDialog-table-table\")]/tbody/tr[1]/td[1]/div/span"}
RESULT: {}
RESULT: {"using":"xpath","value":"//table[contains(@id, \"smartFilterBar-filterItemControl_BASIC-MAIN_ADDRESS-valueHelpDialog-table-table\")]/tbody/tr[1]/td[1]/div/span"}
COMMAND: POST /session/2308dad0f2a7537c6be193a87bfcce7d/elements - {"using":"xpath","value":"//table[contains(@id, \"smartFilterBar-filterItemControl_BASIC-MAIN_ADDRESS-valueHelpDialog-table-table\")]/tbody/tr[1]/td[1]/div/span"}
RESULT: {"using":"xpath","value":"//table[contains(@id, \"smartFilterBar-filterItemControl_BASIC-MAIN_ADDRESS-valueHelpDialog-table-table\")]/tbody/tr[1]/td[1]/div/span"}
COMMAND: POST /session/2308dad0f2a7537c6be193a87bfcce7d/execute/sync - {"script":"<script> [56 bytes]","args":[{"element-6066-11e4-a52e-4f735466cecf":"f.8FEDB17297EEB2F430C5C9DB657928CB.d.CB6573956B94A1F6B77311C8FE478B16.e.8213","ELEMENT":"f.8FEDB17297EEB2F430C5C9DB657928CB.d.CB6573956B94A1F6B77311C8FE478B16.e.8213"}]}
RESULT: {"script":"<script> [56 bytes]","args":[{"element-6066-11e4-a52e-4f735466cecf":"f.8FEDB17297EEB2F430C5C9DB657928CB.d.CB6573956B94A1F6B77311C8FE478B16.e.8213","ELEMENT":"f.8FEDB17297EEB2F430C5C9DB657928CB.d.CB6573956B94A1F6B77311C8FE478B16.e.8213"}]}
COMMAND: POST /session/2308dad0f2a7537c6be193a87bfcce7d/element - {"using":"xpath","value":"//div[contains(@id, \"filterItemControl_BASIC-MAIN_ADDRESS-valueHelpDialog-table-rowsel0\")]"}
COMMAND: GET /session/2308dad0f2a7537c6be193a87bfcce7d/screenshot - {}
RESULT: {"using":"xpath","value":"//div[contains(@id, \"filterItemControl_BASIC-MAIN_ADDRESS-valueHelpDialog-table-rowsel0\")]"}
COMMAND: POST /session/2308dad0f2a7537c6be193a87bfcce7d/element/f.8FEDB17297EEB2F430C5C9DB657928CB.d.CB6573956B94A1F6B77311C8FE478B16.e.8214/click - {}
RESULT: {}
RESULT: {}
COMMAND: GET /session/2308dad0f2a7537c6be193a87bfcce7d/screenshot - {}
RESULT: {}
COMMAND: POST /session/2308dad0f2a7537c6be193a87bfcce7d/element - {"using":"xpath","value":"(//bdi[contains(text(), \"OK\")])[1]"}
RESULT: {"using":"xpath","value":"(//bdi[contains(text(), \"OK\")])[1]"}
COMMAND: POST /session/2308dad0f2a7537c6be193a87bfcce7d/element/f.8FEDB17297EEB2F430C5C9DB657928CB.d.CB6573956B94A1F6B77311C8FE478B16.e.8216/click - {}
RESULT: {}
COMMAND: GET /session/2308dad0f2a7537c6be193a87bfcce7d/screenshot - {}
RESULT: {}
COMMAND: POST /session/2308dad0f2a7537c6be193a87bfcce7d/element - {"using":"xpath","value":"//span[@id=\"application-managepartners-display-component---masterPtm--smartTable-header-inner\"]"}
RESULT: {"using":"xpath","value":"//span[@id=\"application-managepartners-display-component---masterPtm--smartTable-header-inner\"]"}
COMMAND: POST /session/2308dad0f2a7537c6be193a87bfcce7d/elements - {"using":"xpath","value":"//span[@id=\"application-managepartners-display-component---masterPtm--smartTable-header-inner\"]"}
RESULT: {"using":"xpath","value":"//span[@id=\"application-managepartners-display-component---masterPtm--smartTable-header-inner\"]"}
COMMAND: POST /session/2308dad0f2a7537c6be193a87bfcce7d/execute/sync - {"script":"<script> [56 bytes]","args":[{"element-6066-11e4-a52e-4f735466cecf":"f.8FEDB17297EEB2F430C5C9DB657928CB.d.CB6573956B94A1F6B77311C8FE478B16.e.7785","ELEMENT":"f.8FEDB17297EEB2F430C5C9DB657928CB.d.CB6573956B94A1F6B77311C8FE478B16.e.7785"}]}
RESULT: {"script":"<script> [56 bytes]","args":[{"element-6066-11e4-a52e-4f735466cecf":"f.8FEDB17297EEB2F430C5C9DB657928CB.d.CB6573956B94A1F6B77311C8FE478B16.e.7785","ELEMENT":"f.8FEDB17297EEB2F430C5C9DB657928CB.d.CB6573956B94A1F6B77311C8FE478B16.e.7785"}]}
COMMAND: POST /session/2308dad0f2a7537c6be193a87bfcce7d/element - {"using":"xpath","value":"//span[contains(@title, \"Remove\")]"}
COMMAND: GET /session/2308dad0f2a7537c6be193a87bfcce7d/screenshot - {}
RESULT: {"using":"xpath","value":"//span[contains(@title, \"Remove\")]"}
COMMAND: POST /session/2308dad0f2a7537c6be193a87bfcce7d/element/f.8FEDB17297EEB2F430C5C9DB657928CB.d.CB6573956B94A1F6B77311C8FE478B16.e.8229/click - {}
RESULT: {}
RESULT: {}
COMMAND: GET /session/2308dad0f2a7537c6be193a87bfcce7d/screenshot - {}
RESULT: {}
COMMAND: POST /session/2308dad0f2a7537c6be193a87bfcce7d/execute/async - {"script":"<script> [1562 bytes]","args":[{"selector":{"id":"application-managepartners-display-component---masterPtm--catalogs-arrow"},"wdio_ui5_key":"applicationmanagepartners-display-component---masterPtm--catalogs-arrow"}]}
RESULT: {"script":"<script> [1562 bytes]","args":[{"selector":{"id":"application-managepartners-display-component---masterPtm--catalogs-arrow"},"wdio_ui5_key":"applicationmanagepartners-display-component---masterPtm--catalogs-arrow"}]}
RESULT: undefined
COMMAND: POST /session/2308dad0f2a7537c6be193a87bfcce7d/element - {"using":"xpath","value":"//*[@id=\"application-managepartners-display-component---masterPtm--catalogs-arrow\"]"}
RESULT: {"using":"xpath","value":"//*[@id=\"application-managepartners-display-component---masterPtm--catalogs-arrow\"]"}
COMMAND: POST /session/2308dad0f2a7537c6be193a87bfcce7d/element/f.8FEDB17297EEB2F430C5C9DB657928CB.d.CB6573956B94A1F6B77311C8FE478B16.e.8335/click - {}
RESULT: {}
COMMAND: GET /session/2308dad0f2a7537c6be193a87bfcce7d/screenshot - {}
RESULT: {}
COMMAND: POST /session/2308dad0f2a7537c6be193a87bfcce7d/element - {"using":"xpath","value":"//li[.//span[text()=\"Webshop Catalog\"]]//div[contains(@class,\"sapMCbBg\")]"}
RESULT: {"using":"xpath","value":"//li[.//span[text()=\"Webshop Catalog\"]]//div[contains(@class,\"sapMCbBg\")]"}
COMMAND: POST /session/2308dad0f2a7537c6be193a87bfcce7d/element/f.8FEDB17297EEB2F430C5C9DB657928CB.d.CB6573956B94A1F6B77311C8FE478B16.e.8347/click - {}
RESULT: {}
COMMAND: GET /session/2308dad0f2a7537c6be193a87bfcce7d/screenshot - {}
RESULT: {}
RESULT: undefined
COMMAND: POST /session/2308dad0f2a7537c6be193a87bfcce7d/element - {"using":"xpath","value":"//*[@id=\"application-managepartners-display-component---masterPtm--catalogs-arrow\"]"}
RESULT: {"using":"xpath","value":"//*[@id=\"application-managepartners-display-component---masterPtm--catalogs-arrow\"]"}
COMMAND: POST /session/2308dad0f2a7537c6be193a87bfcce7d/element/f.8FEDB17297EEB2F430C5C9DB657928CB.d.CB6573956B94A1F6B77311C8FE478B16.e.8335/click - {}
RESULT: {}
COMMAND: POST /session/2308dad0f2a7537c6be193a87bfcce7d/element - {"using":"xpath","value":"//span[@id=\"application-managepartners-display-component---masterPtm--smartTable-header-inner\"]"}
COMMAND: GET /session/2308dad0f2a7537c6be193a87bfcce7d/screenshot - {}
RESULT: {"using":"xpath","value":"//span[@id=\"application-managepartners-display-component---masterPtm--smartTable-header-inner\"]"}
COMMAND: POST /session/2308dad0f2a7537c6be193a87bfcce7d/elements - {"using":"xpath","value":"//span[@id=\"application-managepartners-display-component---masterPtm--smartTable-header-inner\"]"}
RESULT: {}
RESULT: {"using":"xpath","value":"//span[@id=\"application-managepartners-display-component---masterPtm--smartTable-header-inner\"]"}
COMMAND: POST /session/2308dad0f2a7537c6be193a87bfcce7d/execute/sync - {"script":"<script> [56 bytes]","args":[{"element-6066-11e4-a52e-4f735466cecf":"f.8FEDB17297EEB2F430C5C9DB657928CB.d.CB6573956B94A1F6B77311C8FE478B16.e.7785","ELEMENT":"f.8FEDB17297EEB2F430C5C9DB657928CB.d.CB6573956B94A1F6B77311C8FE478B16.e.7785"}]}
RESULT: {"script":"<script> [56 bytes]","args":[{"element-6066-11e4-a52e-4f735466cecf":"f.8FEDB17297EEB2F430C5C9DB657928CB.d.CB6573956B94A1F6B77311C8FE478B16.e.7785","ELEMENT":"f.8FEDB17297EEB2F430C5C9DB657928CB.d.CB6573956B94A1F6B77311C8FE478B16.e.7785"}]}
COMMAND: POST /session/2308dad0f2a7537c6be193a87bfcce7d/element - {"using":"xpath","value":"//span[contains(@title, \"Remove\")]"}
COMMAND: GET /session/2308dad0f2a7537c6be193a87bfcce7d/screenshot - {}
RESULT: {"using":"xpath","value":"//span[contains(@title, \"Remove\")]"}
COMMAND: POST /session/2308dad0f2a7537c6be193a87bfcce7d/element/f.8FEDB17297EEB2F430C5C9DB657928CB.d.CB6573956B94A1F6B77311C8FE478B16.e.8457/click - {}
RESULT: {}
RESULT: {}
COMMAND: GET /session/2308dad0f2a7537c6be193a87bfcce7d/screenshot - {}
RESULT: {}
COMMAND: POST /session/2308dad0f2a7537c6be193a87bfcce7d/execute/async - {"script":"<script> [1562 bytes]","args":[{"selector":{"id":"application-managepartners-display-component---masterPtm--currencies-arrow"},"wdio_ui5_key":"applicationmanagepartners-display-component---masterPtm--currencies-arrow"}]}
RESULT: {"script":"<script> [1562 bytes]","args":[{"selector":{"id":"application-managepartners-display-component---masterPtm--currencies-arrow"},"wdio_ui5_key":"applicationmanagepartners-display-component---masterPtm--currencies-arrow"}]}
RESULT: undefined
COMMAND: POST /session/2308dad0f2a7537c6be193a87bfcce7d/element - {"using":"xpath","value":"//*[@id=\"application-managepartners-display-component---masterPtm--currencies-arrow\"]"}
RESULT: {"using":"xpath","value":"//*[@id=\"application-managepartners-display-component---masterPtm--currencies-arrow\"]"}
COMMAND: POST /session/2308dad0f2a7537c6be193a87bfcce7d/element/f.8FEDB17297EEB2F430C5C9DB657928CB.d.CB6573956B94A1F6B77311C8FE478B16.e.8558/click - {}
RESULT: {}
COMMAND: GET /session/2308dad0f2a7537c6be193a87bfcce7d/screenshot - {}
RESULT: {}
COMMAND: POST /session/2308dad0f2a7537c6be193a87bfcce7d/element - {"using":"xpath","value":"//li[.//span[text()=\"US Dollar\"]]//div[contains(@class,\"sapMCbBg\")]"}
RESULT: {"using":"xpath","value":"//li[.//span[text()=\"US Dollar\"]]//div[contains(@class,\"sapMCbBg\")]"}
COMMAND: POST /session/2308dad0f2a7537c6be193a87bfcce7d/element/f.8FEDB17297EEB2F430C5C9DB657928CB.d.CB6573956B94A1F6B77311C8FE478B16.e.8561/click - {}
RESULT: {}
COMMAND: GET /session/2308dad0f2a7537c6be193a87bfcce7d/screenshot - {}
RESULT: {}
RESULT: undefined
COMMAND: POST /session/2308dad0f2a7537c6be193a87bfcce7d/element - {"using":"xpath","value":"//*[@id=\"application-managepartners-display-component---masterPtm--currencies-arrow\"]"}
RESULT: {"using":"xpath","value":"//*[@id=\"application-managepartners-display-component---masterPtm--currencies-arrow\"]"}
COMMAND: POST /session/2308dad0f2a7537c6be193a87bfcce7d/element/f.8FEDB17297EEB2F430C5C9DB657928CB.d.CB6573956B94A1F6B77311C8FE478B16.e.8558/click - {}
RESULT: {}
COMMAND: POST /session/2308dad0f2a7537c6be193a87bfcce7d/element - {"using":"xpath","value":"//span[@id=\"application-managepartners-display-component---masterPtm--smartTable-header-inner\"]"}
COMMAND: GET /session/2308dad0f2a7537c6be193a87bfcce7d/screenshot - {}
RESULT: {"using":"xpath","value":"//span[@id=\"application-managepartners-display-component---masterPtm--smartTable-header-inner\"]"}
COMMAND: POST /session/2308dad0f2a7537c6be193a87bfcce7d/elements - {"using":"xpath","value":"//span[@id=\"application-managepartners-display-component---masterPtm--smartTable-header-inner\"]"}
RESULT: {}
RESULT: {"using":"xpath","value":"//span[@id=\"application-managepartners-display-component---masterPtm--smartTable-header-inner\"]"}
COMMAND: POST /session/2308dad0f2a7537c6be193a87bfcce7d/execute/sync - {"script":"<script> [56 bytes]","args":[{"element-6066-11e4-a52e-4f735466cecf":"f.8FEDB17297EEB2F430C5C9DB657928CB.d.CB6573956B94A1F6B77311C8FE478B16.e.7785","ELEMENT":"f.8FEDB17297EEB2F430C5C9DB657928CB.d.CB6573956B94A1F6B77311C8FE478B16.e.7785"}]}
RESULT: {"script":"<script> [56 bytes]","args":[{"element-6066-11e4-a52e-4f735466cecf":"f.8FEDB17297EEB2F430C5C9DB657928CB.d.CB6573956B94A1F6B77311C8FE478B16.e.7785","ELEMENT":"f.8FEDB17297EEB2F430C5C9DB657928CB.d.CB6573956B94A1F6B77311C8FE478B16.e.7785"}]}
COMMAND: POST /session/2308dad0f2a7537c6be193a87bfcce7d/element - {"using":"xpath","value":"//span[contains(@title, \"Remove\")]"}
COMMAND: GET /session/2308dad0f2a7537c6be193a87bfcce7d/screenshot - {}
RESULT: {"using":"xpath","value":"//span[contains(@title, \"Remove\")]"}
COMMAND: POST /session/2308dad0f2a7537c6be193a87bfcce7d/element/f.8FEDB17297EEB2F430C5C9DB657928CB.d.CB6573956B94A1F6B77311C8FE478B16.e.8715/click - {}
RESULT: {}
RESULT: {}
COMMAND: GET /session/2308dad0f2a7537c6be193a87bfcce7d/screenshot - {}
RESULT: {}
COMMAND: POST /session/2308dad0f2a7537c6be193a87bfcce7d/execute/async - {"script":"<script> [1562 bytes]","args":[{"selector":{"id":"application-managepartners-display-component---masterPtm--languages-arrow"},"wdio_ui5_key":"applicationmanagepartners-display-component---masterPtm--languages-arrow"}]}
RESULT: {"script":"<script> [1562 bytes]","args":[{"selector":{"id":"application-managepartners-display-component---masterPtm--languages-arrow"},"wdio_ui5_key":"applicationmanagepartners-display-component---masterPtm--languages-arrow"}]}
RESULT: undefined
COMMAND: POST /session/2308dad0f2a7537c6be193a87bfcce7d/element - {"using":"xpath","value":"//*[@id=\"application-managepartners-display-component---masterPtm--languages-arrow\"]"}
RESULT: {"using":"xpath","value":"//*[@id=\"application-managepartners-display-component---masterPtm--languages-arrow\"]"}
COMMAND: POST /session/2308dad0f2a7537c6be193a87bfcce7d/element/f.8FEDB17297EEB2F430C5C9DB657928CB.d.CB6573956B94A1F6B77311C8FE478B16.e.8798/click - {}
RESULT: {}
COMMAND: GET /session/2308dad0f2a7537c6be193a87bfcce7d/screenshot - {}
RESULT: {}
COMMAND: POST /session/2308dad0f2a7537c6be193a87bfcce7d/element - {"using":"xpath","value":"//li[.//span[text()=\"German\"]]//div[contains(@class,\"sapMCbBg\")]"}
RESULT: {"using":"xpath","value":"//li[.//span[text()=\"German\"]]//div[contains(@class,\"sapMCbBg\")]"}
COMMAND: POST /session/2308dad0f2a7537c6be193a87bfcce7d/element/f.8FEDB17297EEB2F430C5C9DB657928CB.d.CB6573956B94A1F6B77311C8FE478B16.e.8842/click - {}
RESULT: {}
COMMAND: GET /session/2308dad0f2a7537c6be193a87bfcce7d/screenshot - {}
RESULT: {}
RESULT: undefined
COMMAND: POST /session/2308dad0f2a7537c6be193a87bfcce7d/element - {"using":"xpath","value":"//*[@id=\"application-managepartners-display-component---masterPtm--languages-arrow\"]"}
RESULT: {"using":"xpath","value":"//*[@id=\"application-managepartners-display-component---masterPtm--languages-arrow\"]"}
COMMAND: POST /session/2308dad0f2a7537c6be193a87bfcce7d/element/f.8FEDB17297EEB2F430C5C9DB657928CB.d.CB6573956B94A1F6B77311C8FE478B16.e.8798/click - {}
RESULT: {}
COMMAND: POST /session/2308dad0f2a7537c6be193a87bfcce7d/element - {"using":"xpath","value":"//span[@id=\"application-managepartners-display-component---masterPtm--smartTable-header-inner\"]"}
COMMAND: GET /session/2308dad0f2a7537c6be193a87bfcce7d/screenshot - {}
RESULT: {"using":"xpath","value":"//span[@id=\"application-managepartners-display-component---masterPtm--smartTable-header-inner\"]"}
COMMAND: POST /session/2308dad0f2a7537c6be193a87bfcce7d/elements - {"using":"xpath","value":"//span[@id=\"application-managepartners-display-component---masterPtm--smartTable-header-inner\"]"}
RESULT: {}
RESULT: {"using":"xpath","value":"//span[@id=\"application-managepartners-display-component---masterPtm--smartTable-header-inner\"]"}
COMMAND: POST /session/2308dad0f2a7537c6be193a87bfcce7d/execute/sync - {"script":"<script> [56 bytes]","args":[{"element-6066-11e4-a52e-4f735466cecf":"f.8FEDB17297EEB2F430C5C9DB657928CB.d.CB6573956B94A1F6B77311C8FE478B16.e.7785","ELEMENT":"f.8FEDB17297EEB2F430C5C9DB657928CB.d.CB6573956B94A1F6B77311C8FE478B16.e.7785"}]}
RESULT: {"script":"<script> [56 bytes]","args":[{"element-6066-11e4-a52e-4f735466cecf":"f.8FEDB17297EEB2F430C5C9DB657928CB.d.CB6573956B94A1F6B77311C8FE478B16.e.7785","ELEMENT":"f.8FEDB17297EEB2F430C5C9DB657928CB.d.CB6573956B94A1F6B77311C8FE478B16.e.7785"}]}
COMMAND: POST /session/2308dad0f2a7537c6be193a87bfcce7d/element - {"using":"css selector","value":"#shell-header-logo"}
COMMAND: GET /session/2308dad0f2a7537c6be193a87bfcce7d/screenshot - {}
RESULT: {"using":"css selector","value":"#shell-header-logo"}
COMMAND: POST /session/2308dad0f2a7537c6be193a87bfcce7d/element/f.8FEDB17297EEB2F430C5C9DB657928CB.d.CB6573956B94A1F6B77311C8FE478B16.e.7614/click - {}
RESULT: {}
RESULT: {}
COMMAND: GET /session/2308dad0f2a7537c6be193a87bfcce7d/screenshot - {}
RESULT: {}
]]></system-out>
    </testcase>
    <testcase classname="chrome.136_0_7103_93.windows.Partner_specific_tests_US150819_US151080_US151654_US151176_US103444_US151078_US151079_US151109_US151174_US151175_US151189" name="Should add a new Business Partner role same role US151541" time="78.575">
      <system-out><![CDATA[
COMMAND: POST /session/2308dad0f2a7537c6be193a87bfcce7d/execute/async - {"script":"<script> [1562 bytes]","args":[{"selector":{"controlType":"sap.m.GenericTile","properties":{"header":"Data Explorer"}},"wdio_ui5_key":"sapm.GenericTile{\"header\":\"Data Explorer\"}"}]}
RESULT: {"script":"<script> [1562 bytes]","args":[{"selector":{"controlType":"sap.m.GenericTile","properties":{"header":"Data Explorer"}},"wdio_ui5_key":"sapm.GenericTile{\"header\":\"Data Explorer\"}"}]}
RESULT: undefined
COMMAND: POST /session/2308dad0f2a7537c6be193a87bfcce7d/element - {"using":"xpath","value":"//*[@id=\"__tile117\"]"}
RESULT: {"using":"xpath","value":"//*[@id=\"__tile117\"]"}
COMMAND: POST /session/2308dad0f2a7537c6be193a87bfcce7d/element/f.8FEDB17297EEB2F430C5C9DB657928CB.d.CB6573956B94A1F6B77311C8FE478B16.e.8906/click - {}
RESULT: {}
COMMAND: GET /session/2308dad0f2a7537c6be193a87bfcce7d/screenshot - {}
RESULT: {}
COMMAND: POST /session/2308dad0f2a7537c6be193a87bfcce7d/elements - {"using":"xpath","value":"//span[text()='Error']"}
RESULT: {"using":"xpath","value":"//span[text()='Error']"}
COMMAND: POST /session/2308dad0f2a7537c6be193a87bfcce7d/window/fullscreen - {}
RESULT: {}
COMMAND: POST /session/2308dad0f2a7537c6be193a87bfcce7d/element - {"using":"xpath","value":"//input[@id=\"application-businessconfigurations-display-component---masterBusinessConfigurations--smartFilterBar-btnBasicSearch-I\"]"}
RESULT: {"using":"xpath","value":"//input[@id=\"application-businessconfigurations-display-component---masterBusinessConfigurations--smartFilterBar-btnBasicSearch-I\"]"}
COMMAND: POST /session/2308dad0f2a7537c6be193a87bfcce7d/elements - {"using":"xpath","value":"//input[@id=\"application-businessconfigurations-display-component---masterBusinessConfigurations--smartFilterBar-btnBasicSearch-I\"]"}
RESULT: {"using":"xpath","value":"//input[@id=\"application-businessconfigurations-display-component---masterBusinessConfigurations--smartFilterBar-btnBasicSearch-I\"]"}
COMMAND: POST /session/2308dad0f2a7537c6be193a87bfcce7d/execute/sync - {"script":"<script> [8489 bytes]","args":[{"element-6066-11e4-a52e-4f735466cecf":"f.8FEDB17297EEB2F430C5C9DB657928CB.d.CB6573956B94A1F6B77311C8FE478B16.e.8926","ELEMENT":"f.8FEDB17297EEB2F430C5C9DB657928CB.d.CB6573956B94A1F6B77311C8FE478B16.e.8926"}]}
RESULT: {"script":"<script> [8489 bytes]","args":[{"element-6066-11e4-a52e-4f735466cecf":"f.8FEDB17297EEB2F430C5C9DB657928CB.d.CB6573956B94A1F6B77311C8FE478B16.e.8926","ELEMENT":"f.8FEDB17297EEB2F430C5C9DB657928CB.d.CB6573956B94A1F6B77311C8FE478B16.e.8926"}]}
COMMAND: GET /session/2308dad0f2a7537c6be193a87bfcce7d/element/f.8FEDB17297EEB2F430C5C9DB657928CB.d.CB6573956B94A1F6B77311C8FE478B16.e.8926/enabled - {}
COMMAND: GET /session/2308dad0f2a7537c6be193a87bfcce7d/screenshot - {}
RESULT: {}
COMMAND: POST /session/2308dad0f2a7537c6be193a87bfcce7d/execute/sync - {"script":"<script> [8489 bytes]","args":[{"element-6066-11e4-a52e-4f735466cecf":"f.8FEDB17297EEB2F430C5C9DB657928CB.d.CB6573956B94A1F6B77311C8FE478B16.e.8926","ELEMENT":"f.8FEDB17297EEB2F430C5C9DB657928CB.d.CB6573956B94A1F6B77311C8FE478B16.e.8926"}]}
COMMAND: GET /session/2308dad0f2a7537c6be193a87bfcce7d/screenshot - {}
RESULT: {}
RESULT: {"script":"<script> [8489 bytes]","args":[{"element-6066-11e4-a52e-4f735466cecf":"f.8FEDB17297EEB2F430C5C9DB657928CB.d.CB6573956B94A1F6B77311C8FE478B16.e.8926","ELEMENT":"f.8FEDB17297EEB2F430C5C9DB657928CB.d.CB6573956B94A1F6B77311C8FE478B16.e.8926"}]}
COMMAND: POST /session/2308dad0f2a7537c6be193a87bfcce7d/execute/sync - {"script":"<script> [5351 bytes]","args":[{"element-6066-11e4-a52e-4f735466cecf":"f.8FEDB17297EEB2F430C5C9DB657928CB.d.CB6573956B94A1F6B77311C8FE478B16.e.8926","ELEMENT":"f.8FEDB17297EEB2F430C5C9DB657928CB.d.CB6573956B94A1F6B77311C8FE478B16.e.8926"}]}
COMMAND: GET /session/2308dad0f2a7537c6be193a87bfcce7d/screenshot - {}
RESULT: {}
RESULT: {"script":"<script> [5351 bytes]","args":[{"element-6066-11e4-a52e-4f735466cecf":"f.8FEDB17297EEB2F430C5C9DB657928CB.d.CB6573956B94A1F6B77311C8FE478B16.e.8926","ELEMENT":"f.8FEDB17297EEB2F430C5C9DB657928CB.d.CB6573956B94A1F6B77311C8FE478B16.e.8926"}]}
COMMAND: GET /session/2308dad0f2a7537c6be193a87bfcce7d/screenshot - {}
RESULT: {}
RESULT: {}
COMMAND: POST /session/2308dad0f2a7537c6be193a87bfcce7d/element - {"using":"xpath","value":"//span[@id=\"application-businessconfigurations-display-component---masterBusinessConfigurations--masterListDataExplorerSmartTable-header-inner\"]"}
RESULT: {"using":"xpath","value":"//span[@id=\"application-businessconfigurations-display-component---masterBusinessConfigurations--masterListDataExplorerSmartTable-header-inner\"]"}
COMMAND: POST /session/2308dad0f2a7537c6be193a87bfcce7d/elements - {"using":"xpath","value":"//span[@id=\"application-businessconfigurations-display-component---masterBusinessConfigurations--masterListDataExplorerSmartTable-header-inner\"]"}
RESULT: {"using":"xpath","value":"//span[@id=\"application-businessconfigurations-display-component---masterBusinessConfigurations--masterListDataExplorerSmartTable-header-inner\"]"}
COMMAND: POST /session/2308dad0f2a7537c6be193a87bfcce7d/execute/sync - {"script":"<script> [56 bytes]","args":[{"element-6066-11e4-a52e-4f735466cecf":"f.8FEDB17297EEB2F430C5C9DB657928CB.d.CB6573956B94A1F6B77311C8FE478B16.e.9289","ELEMENT":"f.8FEDB17297EEB2F430C5C9DB657928CB.d.CB6573956B94A1F6B77311C8FE478B16.e.9289"}]}
RESULT: {"script":"<script> [56 bytes]","args":[{"element-6066-11e4-a52e-4f735466cecf":"f.8FEDB17297EEB2F430C5C9DB657928CB.d.CB6573956B94A1F6B77311C8FE478B16.e.9289","ELEMENT":"f.8FEDB17297EEB2F430C5C9DB657928CB.d.CB6573956B94A1F6B77311C8FE478B16.e.9289"}]}
COMMAND: POST /session/2308dad0f2a7537c6be193a87bfcce7d/element/f.8FEDB17297EEB2F430C5C9DB657928CB.d.CB6573956B94A1F6B77311C8FE478B16.e.8926/clear - {}
COMMAND: GET /session/2308dad0f2a7537c6be193a87bfcce7d/screenshot - {}
RESULT: {}
COMMAND: POST /session/2308dad0f2a7537c6be193a87bfcce7d/element/f.8FEDB17297EEB2F430C5C9DB657928CB.d.CB6573956B94A1F6B77311C8FE478B16.e.8926/value - {"text":"NETM_C_BUSINESS_PARTNER_ROLES"}
COMMAND: GET /session/2308dad0f2a7537c6be193a87bfcce7d/screenshot - {}
RESULT: {}
RESULT: {"text":"NETM_C_BUSINESS_PARTNER_ROLES"}
COMMAND: GET /session/2308dad0f2a7537c6be193a87bfcce7d/screenshot - {}
RESULT: {}
RESULT: {}
COMMAND: POST /session/2308dad0f2a7537c6be193a87bfcce7d/actions - {"actions":[{"id":"action25","type":"key","parameters":{},"actions":[{"type":"keyDown","value":""},{"type":"pause","duration":10},{"type":"keyUp","value":""}]}]}
RESULT: {"actions":[{"id":"action25","type":"key","parameters":{},"actions":[{"type":"keyDown","value":""},{"type":"pause","duration":10},{"type":"keyUp","value":""}]}]}
COMMAND: GET /session/2308dad0f2a7537c6be193a87bfcce7d/screenshot - {}
RESULT: {}
COMMAND: POST /session/2308dad0f2a7537c6be193a87bfcce7d/elements - {"using":"xpath","value":"//table[contains(@id, \"masterListDataExplorerTable-listUl\")]/tbody/tr"}
RESULT: {"using":"xpath","value":"//table[contains(@id, \"masterListDataExplorerTable-listUl\")]/tbody/tr"}
COMMAND: POST /session/2308dad0f2a7537c6be193a87bfcce7d/element - {"using":"xpath","value":"//table[contains(@id, \"masterListDataExplorerTable-listUl\")]/tbody/tr[2]/td[4]/span"}
RESULT: {"using":"xpath","value":"//table[contains(@id, \"masterListDataExplorerTable-listUl\")]/tbody/tr[2]/td[4]/span"}
COMMAND: POST /session/2308dad0f2a7537c6be193a87bfcce7d/elements - {"using":"xpath","value":"//table[contains(@id, \"masterListDataExplorerTable-listUl\")]/tbody/tr[2]/td[4]/span"}
RESULT: {"using":"xpath","value":"//table[contains(@id, \"masterListDataExplorerTable-listUl\")]/tbody/tr[2]/td[4]/span"}
COMMAND: POST /session/2308dad0f2a7537c6be193a87bfcce7d/execute/sync - {"script":"<script> [56 bytes]","args":[{"element-6066-11e4-a52e-4f735466cecf":"f.8FEDB17297EEB2F430C5C9DB657928CB.d.CB6573956B94A1F6B77311C8FE478B16.e.9299","ELEMENT":"f.8FEDB17297EEB2F430C5C9DB657928CB.d.CB6573956B94A1F6B77311C8FE478B16.e.9299"}]}
RESULT: {"script":"<script> [56 bytes]","args":[{"element-6066-11e4-a52e-4f735466cecf":"f.8FEDB17297EEB2F430C5C9DB657928CB.d.CB6573956B94A1F6B77311C8FE478B16.e.9299","ELEMENT":"f.8FEDB17297EEB2F430C5C9DB657928CB.d.CB6573956B94A1F6B77311C8FE478B16.e.9299"}]}
COMMAND: POST /session/2308dad0f2a7537c6be193a87bfcce7d/element - {"using":"xpath","value":"(//span[contains(@id, \"imgNav\")])[1]"}
COMMAND: GET /session/2308dad0f2a7537c6be193a87bfcce7d/screenshot - {}
RESULT: {"using":"xpath","value":"(//span[contains(@id, \"imgNav\")])[1]"}
COMMAND: POST /session/2308dad0f2a7537c6be193a87bfcce7d/element/f.8FEDB17297EEB2F430C5C9DB657928CB.d.CB6573956B94A1F6B77311C8FE478B16.e.9300/click - {}
RESULT: {}
RESULT: {}
COMMAND: GET /session/2308dad0f2a7537c6be193a87bfcce7d/screenshot - {}
RESULT: {}
COMMAND: POST /session/2308dad0f2a7537c6be193a87bfcce7d/element - {"using":"xpath","value":"//bdi[contains(text(), \"Edit\")]"}
RESULT: {"using":"xpath","value":"//bdi[contains(text(), \"Edit\")]"}
COMMAND: POST /session/2308dad0f2a7537c6be193a87bfcce7d/element/f.8FEDB17297EEB2F430C5C9DB657928CB.d.CB6573956B94A1F6B77311C8FE478B16.e.9420/click - {}
RESULT: {}
COMMAND: GET /session/2308dad0f2a7537c6be193a87bfcce7d/screenshot - {}
RESULT: {}
COMMAND: POST /session/2308dad0f2a7537c6be193a87bfcce7d/element - {"using":"xpath","value":"//button[contains(@id, \"detailBusinessConfigurations--addButton\")]"}
RESULT: {"using":"xpath","value":"//button[contains(@id, \"detailBusinessConfigurations--addButton\")]"}
COMMAND: POST /session/2308dad0f2a7537c6be193a87bfcce7d/element/f.8FEDB17297EEB2F430C5C9DB657928CB.d.CB6573956B94A1F6B77311C8FE478B16.e.9430/click - {}
RESULT: {}
COMMAND: GET /session/2308dad0f2a7537c6be193a87bfcce7d/screenshot - {}
RESULT: {}
COMMAND: POST /session/2308dad0f2a7537c6be193a87bfcce7d/elements - {"using":"xpath","value":"//table[contains(@id, \"detailBusinessConfigurations--detailsTable-listUl\")]/tbody/tr"}
RESULT: {"using":"xpath","value":"//table[contains(@id, \"detailBusinessConfigurations--detailsTable-listUl\")]/tbody/tr"}
COMMAND: POST /session/2308dad0f2a7537c6be193a87bfcce7d/element - {"using":"xpath","value":"//table[contains(@id, \"detailBusinessConfigurations--detailsTable-listUl\")]/tbody/tr[1]/td[3]/div/div/div/div/input"}
RESULT: {"using":"xpath","value":"//table[contains(@id, \"detailBusinessConfigurations--detailsTable-listUl\")]/tbody/tr[1]/td[3]/div/div/div/div/input"}
COMMAND: POST /session/2308dad0f2a7537c6be193a87bfcce7d/element/f.8FEDB17297EEB2F430C5C9DB657928CB.d.CB6573956B94A1F6B77311C8FE478B16.e.9433/clear - {}
RESULT: {}
COMMAND: POST /session/2308dad0f2a7537c6be193a87bfcce7d/element/f.8FEDB17297EEB2F430C5C9DB657928CB.d.CB6573956B94A1F6B77311C8FE478B16.e.9433/value - {"text":"WebDriver Testy"}
COMMAND: GET /session/2308dad0f2a7537c6be193a87bfcce7d/screenshot - {}
RESULT: {"text":"WebDriver Testy"}
COMMAND: GET /session/2308dad0f2a7537c6be193a87bfcce7d/screenshot - {}
RESULT: {}
RESULT: {}
COMMAND: POST /session/2308dad0f2a7537c6be193a87bfcce7d/element - {"using":"xpath","value":"//button[contains(@id, \"detailBusinessConfigurations--addButton\")]"}
RESULT: {"using":"xpath","value":"//button[contains(@id, \"detailBusinessConfigurations--addButton\")]"}
COMMAND: POST /session/2308dad0f2a7537c6be193a87bfcce7d/element/f.8FEDB17297EEB2F430C5C9DB657928CB.d.CB6573956B94A1F6B77311C8FE478B16.e.9430/click - {}
RESULT: {}
COMMAND: GET /session/2308dad0f2a7537c6be193a87bfcce7d/screenshot - {}
RESULT: {}
COMMAND: POST /session/2308dad0f2a7537c6be193a87bfcce7d/element - {"using":"xpath","value":"//table[contains(@id, \"detailBusinessConfigurations--detailsTable-listUl\")]/tbody/tr[1]/td[3]/div/div/div/div/input"}
RESULT: {"using":"xpath","value":"//table[contains(@id, \"detailBusinessConfigurations--detailsTable-listUl\")]/tbody/tr[1]/td[3]/div/div/div/div/input"}
COMMAND: POST /session/2308dad0f2a7537c6be193a87bfcce7d/element/f.8FEDB17297EEB2F430C5C9DB657928CB.d.CB6573956B94A1F6B77311C8FE478B16.e.9446/clear - {}
RESULT: {}
COMMAND: POST /session/2308dad0f2a7537c6be193a87bfcce7d/element/f.8FEDB17297EEB2F430C5C9DB657928CB.d.CB6573956B94A1F6B77311C8FE478B16.e.9446/value - {"text":"WebDriver Testy"}
COMMAND: GET /session/2308dad0f2a7537c6be193a87bfcce7d/screenshot - {}
RESULT: {"text":"WebDriver Testy"}
COMMAND: GET /session/2308dad0f2a7537c6be193a87bfcce7d/screenshot - {}
RESULT: {}
RESULT: {}
COMMAND: POST /session/2308dad0f2a7537c6be193a87bfcce7d/element - {"using":"xpath","value":"//bdi[text()=\"Save\"]"}
RESULT: {"using":"xpath","value":"//bdi[text()=\"Save\"]"}
COMMAND: POST /session/2308dad0f2a7537c6be193a87bfcce7d/element/f.8FEDB17297EEB2F430C5C9DB657928CB.d.CB6573956B94A1F6B77311C8FE478B16.e.9453/click - {}
RESULT: {}
COMMAND: GET /session/2308dad0f2a7537c6be193a87bfcce7d/screenshot - {}
RESULT: {}
COMMAND: POST /session/2308dad0f2a7537c6be193a87bfcce7d/element - {"using":"xpath","value":"//span[contains(@class, \"sapMMsgBoxText\")]"}
RESULT: {"using":"xpath","value":"//span[contains(@class, \"sapMMsgBoxText\")]"}
COMMAND: POST /session/2308dad0f2a7537c6be193a87bfcce7d/elements - {"using":"xpath","value":"//span[contains(@class, \"sapMMsgBoxText\")]"}
RESULT: {"using":"xpath","value":"//span[contains(@class, \"sapMMsgBoxText\")]"}
COMMAND: POST /session/2308dad0f2a7537c6be193a87bfcce7d/execute/sync - {"script":"<script> [56 bytes]","args":[{"element-6066-11e4-a52e-4f735466cecf":"f.8FEDB17297EEB2F430C5C9DB657928CB.d.CB6573956B94A1F6B77311C8FE478B16.e.9456","ELEMENT":"f.8FEDB17297EEB2F430C5C9DB657928CB.d.CB6573956B94A1F6B77311C8FE478B16.e.9456"}]}
RESULT: {"script":"<script> [56 bytes]","args":[{"element-6066-11e4-a52e-4f735466cecf":"f.8FEDB17297EEB2F430C5C9DB657928CB.d.CB6573956B94A1F6B77311C8FE478B16.e.9456","ELEMENT":"f.8FEDB17297EEB2F430C5C9DB657928CB.d.CB6573956B94A1F6B77311C8FE478B16.e.9456"}]}
COMMAND: POST /session/2308dad0f2a7537c6be193a87bfcce7d/element - {"using":"xpath","value":"//bdi[text()=\"Close\"]"}
COMMAND: GET /session/2308dad0f2a7537c6be193a87bfcce7d/screenshot - {}
RESULT: {"using":"xpath","value":"//bdi[text()=\"Close\"]"}
COMMAND: POST /session/2308dad0f2a7537c6be193a87bfcce7d/element/f.8FEDB17297EEB2F430C5C9DB657928CB.d.CB6573956B94A1F6B77311C8FE478B16.e.9473/click - {}
RESULT: {}
RESULT: {}
COMMAND: GET /session/2308dad0f2a7537c6be193a87bfcce7d/screenshot - {}
RESULT: {}
COMMAND: POST /session/2308dad0f2a7537c6be193a87bfcce7d/element - {"using":"css selector","value":"#shell-header-logo"}
RESULT: {"using":"css selector","value":"#shell-header-logo"}
COMMAND: POST /session/2308dad0f2a7537c6be193a87bfcce7d/element/f.8FEDB17297EEB2F430C5C9DB657928CB.d.CB6573956B94A1F6B77311C8FE478B16.e.8913/click - {}
RESULT: {}
COMMAND: GET /session/2308dad0f2a7537c6be193a87bfcce7d/screenshot - {}
RESULT: {}
]]></system-out>
    </testcase>
    <testcase classname="chrome.136_0_7103_93.windows.Partner_specific_tests_US150819_US151080_US151654_US151176_US103444_US151078_US151079_US151109_US151174_US151175_US151189" name="Should do QC various tests US151189" time="404.254">
      <system-out><![CDATA[
RESULT: undefined
COMMAND: POST /session/2308dad0f2a7537c6be193a87bfcce7d/element - {"using":"xpath","value":"//*[@id=\"__tile30\"]"}
RESULT: {"using":"xpath","value":"//*[@id=\"__tile30\"]"}
COMMAND: POST /session/2308dad0f2a7537c6be193a87bfcce7d/element/f.8FEDB17297EEB2F430C5C9DB657928CB.d.CB6573956B94A1F6B77311C8FE478B16.e.4492/click - {}
RESULT: {}
COMMAND: POST /session/2308dad0f2a7537c6be193a87bfcce7d/element - {"using":"xpath","value":"//button[@data-kt=\"addButton\"]"}
COMMAND: GET /session/2308dad0f2a7537c6be193a87bfcce7d/screenshot - {}
RESULT: {"using":"xpath","value":"//button[@data-kt=\"addButton\"]"}
COMMAND: POST /session/2308dad0f2a7537c6be193a87bfcce7d/elements - {"using":"xpath","value":"//button[@data-kt=\"addButton\"]"}
RESULT: {}
RESULT: {"using":"xpath","value":"//button[@data-kt=\"addButton\"]"}
COMMAND: POST /session/2308dad0f2a7537c6be193a87bfcce7d/elements - {"using":"xpath","value":"//button[@data-kt=\"addButton\"]"}
RESULT: {"using":"xpath","value":"//button[@data-kt=\"addButton\"]"}
COMMAND: POST /session/2308dad0f2a7537c6be193a87bfcce7d/elements - {"using":"xpath","value":"//button[@data-kt=\"addButton\"]"}
RESULT: {"using":"xpath","value":"//button[@data-kt=\"addButton\"]"}
COMMAND: POST /session/2308dad0f2a7537c6be193a87bfcce7d/elements - {"using":"xpath","value":"//button[@data-kt=\"addButton\"]"}
RESULT: {"using":"xpath","value":"//button[@data-kt=\"addButton\"]"}
COMMAND: POST /session/2308dad0f2a7537c6be193a87bfcce7d/elements - {"using":"xpath","value":"//button[@data-kt=\"addButton\"]"}
RESULT: {"using":"xpath","value":"//button[@data-kt=\"addButton\"]"}
COMMAND: POST /session/2308dad0f2a7537c6be193a87bfcce7d/elements - {"using":"xpath","value":"//button[@data-kt=\"addButton\"]"}
RESULT: {"using":"xpath","value":"//button[@data-kt=\"addButton\"]"}
COMMAND: POST /session/2308dad0f2a7537c6be193a87bfcce7d/elements - {"using":"xpath","value":"//button[@data-kt=\"addButton\"]"}
RESULT: {"using":"xpath","value":"//button[@data-kt=\"addButton\"]"}
COMMAND: POST /session/2308dad0f2a7537c6be193a87bfcce7d/elements - {"using":"xpath","value":"//button[@data-kt=\"addButton\"]"}
RESULT: {"using":"xpath","value":"//button[@data-kt=\"addButton\"]"}
COMMAND: POST /session/2308dad0f2a7537c6be193a87bfcce7d/elements - {"using":"xpath","value":"//button[@data-kt=\"addButton\"]"}
RESULT: {"using":"xpath","value":"//button[@data-kt=\"addButton\"]"}
COMMAND: POST /session/2308dad0f2a7537c6be193a87bfcce7d/elements - {"using":"xpath","value":"//button[@data-kt=\"addButton\"]"}
RESULT: {"using":"xpath","value":"//button[@data-kt=\"addButton\"]"}
COMMAND: POST /session/2308dad0f2a7537c6be193a87bfcce7d/elements - {"using":"xpath","value":"//button[@data-kt=\"addButton\"]"}
RESULT: {"using":"xpath","value":"//button[@data-kt=\"addButton\"]"}
COMMAND: POST /session/2308dad0f2a7537c6be193a87bfcce7d/elements - {"using":"xpath","value":"//button[@data-kt=\"addButton\"]"}
RESULT: {"using":"xpath","value":"//button[@data-kt=\"addButton\"]"}
COMMAND: POST /session/2308dad0f2a7537c6be193a87bfcce7d/elements - {"using":"xpath","value":"//button[@data-kt=\"addButton\"]"}
RESULT: {"using":"xpath","value":"//button[@data-kt=\"addButton\"]"}
COMMAND: POST /session/2308dad0f2a7537c6be193a87bfcce7d/elements - {"using":"xpath","value":"//button[@data-kt=\"addButton\"]"}
RESULT: {"using":"xpath","value":"//button[@data-kt=\"addButton\"]"}
COMMAND: POST /session/2308dad0f2a7537c6be193a87bfcce7d/elements - {"using":"xpath","value":"//button[@data-kt=\"addButton\"]"}
RESULT: {"using":"xpath","value":"//button[@data-kt=\"addButton\"]"}
COMMAND: POST /session/2308dad0f2a7537c6be193a87bfcce7d/elements - {"using":"xpath","value":"//button[@data-kt=\"addButton\"]"}
RESULT: {"using":"xpath","value":"//button[@data-kt=\"addButton\"]"}
COMMAND: POST /session/2308dad0f2a7537c6be193a87bfcce7d/elements - {"using":"xpath","value":"//button[@data-kt=\"addButton\"]"}
RESULT: {"using":"xpath","value":"//button[@data-kt=\"addButton\"]"}
COMMAND: POST /session/2308dad0f2a7537c6be193a87bfcce7d/elements - {"using":"xpath","value":"//button[@data-kt=\"addButton\"]"}
RESULT: {"using":"xpath","value":"//button[@data-kt=\"addButton\"]"}
COMMAND: POST /session/2308dad0f2a7537c6be193a87bfcce7d/elements - {"using":"xpath","value":"//button[@data-kt=\"addButton\"]"}
RESULT: {"using":"xpath","value":"//button[@data-kt=\"addButton\"]"}
COMMAND: POST /session/2308dad0f2a7537c6be193a87bfcce7d/elements - {"using":"xpath","value":"//button[@data-kt=\"addButton\"]"}
RESULT: {"using":"xpath","value":"//button[@data-kt=\"addButton\"]"}
COMMAND: POST /session/2308dad0f2a7537c6be193a87bfcce7d/elements - {"using":"xpath","value":"//button[@data-kt=\"addButton\"]"}
RESULT: {"using":"xpath","value":"//button[@data-kt=\"addButton\"]"}
COMMAND: POST /session/2308dad0f2a7537c6be193a87bfcce7d/elements - {"using":"xpath","value":"//button[@data-kt=\"addButton\"]"}
RESULT: {"using":"xpath","value":"//button[@data-kt=\"addButton\"]"}
COMMAND: POST /session/2308dad0f2a7537c6be193a87bfcce7d/element - {"using":"xpath","value":"//button[@data-kt=\"addButton\"]"}
RESULT: {"using":"xpath","value":"//button[@data-kt=\"addButton\"]"}
COMMAND: POST /session/2308dad0f2a7537c6be193a87bfcce7d/execute/sync - {"script":"<script> [8489 bytes]","args":[{"element-6066-11e4-a52e-4f735466cecf":"f.8FEDB17297EEB2F430C5C9DB657928CB.d.CB6573956B94A1F6B77311C8FE478B16.e.9521","ELEMENT":"f.8FEDB17297EEB2F430C5C9DB657928CB.d.CB6573956B94A1F6B77311C8FE478B16.e.9521"}]}
RESULT: {"script":"<script> [8489 bytes]","args":[{"element-6066-11e4-a52e-4f735466cecf":"f.8FEDB17297EEB2F430C5C9DB657928CB.d.CB6573956B94A1F6B77311C8FE478B16.e.9521","ELEMENT":"f.8FEDB17297EEB2F430C5C9DB657928CB.d.CB6573956B94A1F6B77311C8FE478B16.e.9521"}]}
COMMAND: GET /session/2308dad0f2a7537c6be193a87bfcce7d/element/f.8FEDB17297EEB2F430C5C9DB657928CB.d.CB6573956B94A1F6B77311C8FE478B16.e.9521/enabled - {}
COMMAND: GET /session/2308dad0f2a7537c6be193a87bfcce7d/screenshot - {}
RESULT: {}
COMMAND: POST /session/2308dad0f2a7537c6be193a87bfcce7d/execute/sync - {"script":"<script> [8489 bytes]","args":[{"element-6066-11e4-a52e-4f735466cecf":"f.8FEDB17297EEB2F430C5C9DB657928CB.d.CB6573956B94A1F6B77311C8FE478B16.e.9521","ELEMENT":"f.8FEDB17297EEB2F430C5C9DB657928CB.d.CB6573956B94A1F6B77311C8FE478B16.e.9521"}]}
COMMAND: GET /session/2308dad0f2a7537c6be193a87bfcce7d/screenshot - {}
RESULT: {}
RESULT: {"script":"<script> [8489 bytes]","args":[{"element-6066-11e4-a52e-4f735466cecf":"f.8FEDB17297EEB2F430C5C9DB657928CB.d.CB6573956B94A1F6B77311C8FE478B16.e.9521","ELEMENT":"f.8FEDB17297EEB2F430C5C9DB657928CB.d.CB6573956B94A1F6B77311C8FE478B16.e.9521"}]}
COMMAND: POST /session/2308dad0f2a7537c6be193a87bfcce7d/execute/sync - {"script":"<script> [5351 bytes]","args":[{"element-6066-11e4-a52e-4f735466cecf":"f.8FEDB17297EEB2F430C5C9DB657928CB.d.CB6573956B94A1F6B77311C8FE478B16.e.9521","ELEMENT":"f.8FEDB17297EEB2F430C5C9DB657928CB.d.CB6573956B94A1F6B77311C8FE478B16.e.9521"}]}
COMMAND: GET /session/2308dad0f2a7537c6be193a87bfcce7d/screenshot - {}
RESULT: {}
RESULT: {"script":"<script> [5351 bytes]","args":[{"element-6066-11e4-a52e-4f735466cecf":"f.8FEDB17297EEB2F430C5C9DB657928CB.d.CB6573956B94A1F6B77311C8FE478B16.e.9521","ELEMENT":"f.8FEDB17297EEB2F430C5C9DB657928CB.d.CB6573956B94A1F6B77311C8FE478B16.e.9521"}]}
COMMAND: GET /session/2308dad0f2a7537c6be193a87bfcce7d/screenshot - {}
RESULT: {}
RESULT: {}
COMMAND: POST /session/2308dad0f2a7537c6be193a87bfcce7d/element - {"using":"xpath","value":"//span[@id=\"application-managepartners-display-component---masterPtm--smartTable-header-inner\"]"}
RESULT: {"using":"xpath","value":"//span[@id=\"application-managepartners-display-component---masterPtm--smartTable-header-inner\"]"}
COMMAND: POST /session/2308dad0f2a7537c6be193a87bfcce7d/elements - {"using":"xpath","value":"//span[@id=\"application-managepartners-display-component---masterPtm--smartTable-header-inner\"]"}
RESULT: {"using":"xpath","value":"//span[@id=\"application-managepartners-display-component---masterPtm--smartTable-header-inner\"]"}
COMMAND: POST /session/2308dad0f2a7537c6be193a87bfcce7d/execute/sync - {"script":"<script> [56 bytes]","args":[{"element-6066-11e4-a52e-4f735466cecf":"f.8FEDB17297EEB2F430C5C9DB657928CB.d.CB6573956B94A1F6B77311C8FE478B16.e.9649","ELEMENT":"f.8FEDB17297EEB2F430C5C9DB657928CB.d.CB6573956B94A1F6B77311C8FE478B16.e.9649"}]}
RESULT: {"script":"<script> [56 bytes]","args":[{"element-6066-11e4-a52e-4f735466cecf":"f.8FEDB17297EEB2F430C5C9DB657928CB.d.CB6573956B94A1F6B77311C8FE478B16.e.9649","ELEMENT":"f.8FEDB17297EEB2F430C5C9DB657928CB.d.CB6573956B94A1F6B77311C8FE478B16.e.9649"}]}
RESULT: undefined
COMMAND: POST /session/2308dad0f2a7537c6be193a87bfcce7d/execute/async - {"script":"<script> [776 bytes]","args":[{"enterText":"1277","selector":{"id":"application-managepartners-display-component---masterPtm--smartFilterBar-btnBasicSearch","interaction":{"idSuffix":"I"}},"clearTextFirst":true,"interactionType":"ENTER_TEXT"}]}
COMMAND: GET /session/2308dad0f2a7537c6be193a87bfcce7d/screenshot - {}
RESULT: {"script":"<script> [776 bytes]","args":[{"enterText":"1277","selector":{"id":"application-managepartners-display-component---masterPtm--smartFilterBar-btnBasicSearch","interaction":{"idSuffix":"I"}},"clearTextFirst":true,"interactionType":"ENTER_TEXT"}]}
COMMAND: POST /session/2308dad0f2a7537c6be193a87bfcce7d/actions - {"actions":[{"id":"action26","type":"key","parameters":{},"actions":[{"type":"keyDown","value":""},{"type":"pause","duration":10},{"type":"keyUp","value":""}]}]}
RESULT: {}
RESULT: {"actions":[{"id":"action26","type":"key","parameters":{},"actions":[{"type":"keyDown","value":""},{"type":"pause","duration":10},{"type":"keyUp","value":""}]}]}
COMMAND: GET /session/2308dad0f2a7537c6be193a87bfcce7d/screenshot - {}
RESULT: {}
COMMAND: POST /session/2308dad0f2a7537c6be193a87bfcce7d/elements - {"using":"xpath","value":"//table[contains(@id, \"customPartnersTable-listUl\")]/tbody/tr"}
RESULT: {"using":"xpath","value":"//table[contains(@id, \"customPartnersTable-listUl\")]/tbody/tr"}
COMMAND: POST /session/2308dad0f2a7537c6be193a87bfcce7d/element - {"using":"xpath","value":"//table[contains(@id, \"customPartnersTable-listUl\")]/tbody/tr[1]/td[3]/span"}
RESULT: {"using":"xpath","value":"//table[contains(@id, \"customPartnersTable-listUl\")]/tbody/tr[1]/td[3]/span"}
COMMAND: POST /session/2308dad0f2a7537c6be193a87bfcce7d/elements - {"using":"xpath","value":"//table[contains(@id, \"customPartnersTable-listUl\")]/tbody/tr[1]/td[3]/span"}
RESULT: {"using":"xpath","value":"//table[contains(@id, \"customPartnersTable-listUl\")]/tbody/tr[1]/td[3]/span"}
COMMAND: POST /session/2308dad0f2a7537c6be193a87bfcce7d/execute/sync - {"script":"<script> [56 bytes]","args":[{"element-6066-11e4-a52e-4f735466cecf":"f.8FEDB17297EEB2F430C5C9DB657928CB.d.CB6573956B94A1F6B77311C8FE478B16.e.9660","ELEMENT":"f.8FEDB17297EEB2F430C5C9DB657928CB.d.CB6573956B94A1F6B77311C8FE478B16.e.9660"}]}
RESULT: {"script":"<script> [56 bytes]","args":[{"element-6066-11e4-a52e-4f735466cecf":"f.8FEDB17297EEB2F430C5C9DB657928CB.d.CB6573956B94A1F6B77311C8FE478B16.e.9660","ELEMENT":"f.8FEDB17297EEB2F430C5C9DB657928CB.d.CB6573956B94A1F6B77311C8FE478B16.e.9660"}]}
COMMAND: POST /session/2308dad0f2a7537c6be193a87bfcce7d/element - {"using":"xpath","value":"//div[contains(@id, \"smartFilterBar-btnBasicSearch-reset\")]"}
COMMAND: GET /session/2308dad0f2a7537c6be193a87bfcce7d/screenshot - {}
RESULT: {"using":"xpath","value":"//div[contains(@id, \"smartFilterBar-btnBasicSearch-reset\")]"}
COMMAND: POST /session/2308dad0f2a7537c6be193a87bfcce7d/element/f.8FEDB17297EEB2F430C5C9DB657928CB.d.CB6573956B94A1F6B77311C8FE478B16.e.9661/click - {}
RESULT: {}
RESULT: {}
COMMAND: GET /session/2308dad0f2a7537c6be193a87bfcce7d/screenshot - {}
RESULT: {}
RESULT: undefined
COMMAND: POST /session/2308dad0f2a7537c6be193a87bfcce7d/element - {"using":"xpath","value":"//*[@id=\"application-managepartners-display-component---masterPtm--smartFilterBar-filterItemControl_BASIC-MAIN_ADDRESS-vhi\"]"}
RESULT: {"using":"xpath","value":"//*[@id=\"application-managepartners-display-component---masterPtm--smartFilterBar-filterItemControl_BASIC-MAIN_ADDRESS-vhi\"]"}
COMMAND: POST /session/2308dad0f2a7537c6be193a87bfcce7d/element/f.8FEDB17297EEB2F430C5C9DB657928CB.d.CB6573956B94A1F6B77311C8FE478B16.e.9765/click - {}
RESULT: {}
COMMAND: GET /session/2308dad0f2a7537c6be193a87bfcce7d/screenshot - {}
RESULT: {}
RESULT: undefined
COMMAND: POST /session/2308dad0f2a7537c6be193a87bfcce7d/execute/async - {"script":"<script> [776 bytes]","args":[{"enterText":"Romania","selector":{"id":"application-managepartners-display-component---masterPtm--smartFilterBar-filterItemControl_BASIC-MAIN_ADDRESS-valueHelpDialog-smartFilterBar-btnBasicSearch","searchOpenDialogs":true,"interaction":{"idSuffix":"I"}},"clearTextFirst":true,"interactionType":"ENTER_TEXT"}]}
RESULT: {"script":"<script> [776 bytes]","args":[{"enterText":"Romania","selector":{"id":"application-managepartners-display-component---masterPtm--smartFilterBar-filterItemControl_BASIC-MAIN_ADDRESS-valueHelpDialog-smartFilterBar-btnBasicSearch","searchOpenDialogs":true,"interaction":{"idSuffix":"I"}},"clearTextFirst":true,"interactionType":"ENTER_TEXT"}]}
COMMAND: POST /session/2308dad0f2a7537c6be193a87bfcce7d/actions - {"actions":[{"id":"action27","type":"key","parameters":{},"actions":[{"type":"keyDown","value":""},{"type":"pause","duration":10},{"type":"keyUp","value":""}]}]}
RESULT: {"actions":[{"id":"action27","type":"key","parameters":{},"actions":[{"type":"keyDown","value":""},{"type":"pause","duration":10},{"type":"keyUp","value":""}]}]}
COMMAND: GET /session/2308dad0f2a7537c6be193a87bfcce7d/screenshot - {}
RESULT: {}
COMMAND: POST /session/2308dad0f2a7537c6be193a87bfcce7d/elements - {"using":"xpath","value":"//table[contains(@id, \"smartFilterBar-filterItemControl_BASIC-MAIN_ADDRESS-valueHelpDialog-table-table\")]/tbody/tr"}
RESULT: {"using":"xpath","value":"//table[contains(@id, \"smartFilterBar-filterItemControl_BASIC-MAIN_ADDRESS-valueHelpDialog-table-table\")]/tbody/tr"}
COMMAND: POST /session/2308dad0f2a7537c6be193a87bfcce7d/element - {"using":"xpath","value":"//table[contains(@id, \"smartFilterBar-filterItemControl_BASIC-MAIN_ADDRESS-valueHelpDialog-table-table\")]/tbody/tr[1]/td[1]/div/span"}
RESULT: {"using":"xpath","value":"//table[contains(@id, \"smartFilterBar-filterItemControl_BASIC-MAIN_ADDRESS-valueHelpDialog-table-table\")]/tbody/tr[1]/td[1]/div/span"}
COMMAND: POST /session/2308dad0f2a7537c6be193a87bfcce7d/elements - {"using":"xpath","value":"//table[contains(@id, \"smartFilterBar-filterItemControl_BASIC-MAIN_ADDRESS-valueHelpDialog-table-table\")]/tbody/tr[1]/td[1]/div/span"}
RESULT: {"using":"xpath","value":"//table[contains(@id, \"smartFilterBar-filterItemControl_BASIC-MAIN_ADDRESS-valueHelpDialog-table-table\")]/tbody/tr[1]/td[1]/div/span"}
COMMAND: POST /session/2308dad0f2a7537c6be193a87bfcce7d/execute/sync - {"script":"<script> [56 bytes]","args":[{"element-6066-11e4-a52e-4f735466cecf":"f.8FEDB17297EEB2F430C5C9DB657928CB.d.CB6573956B94A1F6B77311C8FE478B16.e.9785","ELEMENT":"f.8FEDB17297EEB2F430C5C9DB657928CB.d.CB6573956B94A1F6B77311C8FE478B16.e.9785"}]}
RESULT: {"script":"<script> [56 bytes]","args":[{"element-6066-11e4-a52e-4f735466cecf":"f.8FEDB17297EEB2F430C5C9DB657928CB.d.CB6573956B94A1F6B77311C8FE478B16.e.9785","ELEMENT":"f.8FEDB17297EEB2F430C5C9DB657928CB.d.CB6573956B94A1F6B77311C8FE478B16.e.9785"}]}
COMMAND: POST /session/2308dad0f2a7537c6be193a87bfcce7d/element - {"using":"xpath","value":"//div[contains(@id, \"filterItemControl_BASIC-MAIN_ADDRESS-valueHelpDialog-table-rowsel0\")]"}
COMMAND: GET /session/2308dad0f2a7537c6be193a87bfcce7d/screenshot - {}
RESULT: {"using":"xpath","value":"//div[contains(@id, \"filterItemControl_BASIC-MAIN_ADDRESS-valueHelpDialog-table-rowsel0\")]"}
COMMAND: POST /session/2308dad0f2a7537c6be193a87bfcce7d/element/f.8FEDB17297EEB2F430C5C9DB657928CB.d.CB6573956B94A1F6B77311C8FE478B16.e.9786/click - {}
RESULT: {}
RESULT: {}
COMMAND: GET /session/2308dad0f2a7537c6be193a87bfcce7d/screenshot - {}
RESULT: {}
RESULT: undefined
COMMAND: POST /session/2308dad0f2a7537c6be193a87bfcce7d/execute/async - {"script":"<script> [776 bytes]","args":[{"enterText":"Germany","selector":{"id":"application-managepartners-display-component---masterPtm--smartFilterBar-filterItemControl_BASIC-MAIN_ADDRESS-valueHelpDialog-smartFilterBar-btnBasicSearch","searchOpenDialogs":true,"interaction":{"idSuffix":"I"}},"clearTextFirst":true,"interactionType":"ENTER_TEXT"}]}
RESULT: {"script":"<script> [776 bytes]","args":[{"enterText":"Germany","selector":{"id":"application-managepartners-display-component---masterPtm--smartFilterBar-filterItemControl_BASIC-MAIN_ADDRESS-valueHelpDialog-smartFilterBar-btnBasicSearch","searchOpenDialogs":true,"interaction":{"idSuffix":"I"}},"clearTextFirst":true,"interactionType":"ENTER_TEXT"}]}
COMMAND: POST /session/2308dad0f2a7537c6be193a87bfcce7d/actions - {"actions":[{"id":"action28","type":"key","parameters":{},"actions":[{"type":"keyDown","value":""},{"type":"pause","duration":10},{"type":"keyUp","value":""}]}]}
RESULT: {"actions":[{"id":"action28","type":"key","parameters":{},"actions":[{"type":"keyDown","value":""},{"type":"pause","duration":10},{"type":"keyUp","value":""}]}]}
COMMAND: GET /session/2308dad0f2a7537c6be193a87bfcce7d/screenshot - {}
RESULT: {}
COMMAND: POST /session/2308dad0f2a7537c6be193a87bfcce7d/elements - {"using":"xpath","value":"//table[contains(@id, \"smartFilterBar-filterItemControl_BASIC-MAIN_ADDRESS-valueHelpDialog-table-table\")]/tbody/tr"}
RESULT: {"using":"xpath","value":"//table[contains(@id, \"smartFilterBar-filterItemControl_BASIC-MAIN_ADDRESS-valueHelpDialog-table-table\")]/tbody/tr"}
COMMAND: POST /session/2308dad0f2a7537c6be193a87bfcce7d/element - {"using":"xpath","value":"//table[contains(@id, \"smartFilterBar-filterItemControl_BASIC-MAIN_ADDRESS-valueHelpDialog-table-table\")]/tbody/tr[1]/td[1]/div/span"}
RESULT: {"using":"xpath","value":"//table[contains(@id, \"smartFilterBar-filterItemControl_BASIC-MAIN_ADDRESS-valueHelpDialog-table-table\")]/tbody/tr[1]/td[1]/div/span"}
COMMAND: POST /session/2308dad0f2a7537c6be193a87bfcce7d/elements - {"using":"xpath","value":"//table[contains(@id, \"smartFilterBar-filterItemControl_BASIC-MAIN_ADDRESS-valueHelpDialog-table-table\")]/tbody/tr[1]/td[1]/div/span"}
RESULT: {"using":"xpath","value":"//table[contains(@id, \"smartFilterBar-filterItemControl_BASIC-MAIN_ADDRESS-valueHelpDialog-table-table\")]/tbody/tr[1]/td[1]/div/span"}
COMMAND: POST /session/2308dad0f2a7537c6be193a87bfcce7d/execute/sync - {"script":"<script> [56 bytes]","args":[{"element-6066-11e4-a52e-4f735466cecf":"f.8FEDB17297EEB2F430C5C9DB657928CB.d.CB6573956B94A1F6B77311C8FE478B16.e.9785","ELEMENT":"f.8FEDB17297EEB2F430C5C9DB657928CB.d.CB6573956B94A1F6B77311C8FE478B16.e.9785"}]}
RESULT: {"script":"<script> [56 bytes]","args":[{"element-6066-11e4-a52e-4f735466cecf":"f.8FEDB17297EEB2F430C5C9DB657928CB.d.CB6573956B94A1F6B77311C8FE478B16.e.9785","ELEMENT":"f.8FEDB17297EEB2F430C5C9DB657928CB.d.CB6573956B94A1F6B77311C8FE478B16.e.9785"}]}
COMMAND: POST /session/2308dad0f2a7537c6be193a87bfcce7d/element - {"using":"xpath","value":"//div[contains(@id, \"filterItemControl_BASIC-MAIN_ADDRESS-valueHelpDialog-table-rowsel0\")]"}
COMMAND: GET /session/2308dad0f2a7537c6be193a87bfcce7d/screenshot - {}
RESULT: {"using":"xpath","value":"//div[contains(@id, \"filterItemControl_BASIC-MAIN_ADDRESS-valueHelpDialog-table-rowsel0\")]"}
COMMAND: POST /session/2308dad0f2a7537c6be193a87bfcce7d/element/f.8FEDB17297EEB2F430C5C9DB657928CB.d.CB6573956B94A1F6B77311C8FE478B16.e.9786/click - {}
RESULT: {}
RESULT: {}
COMMAND: GET /session/2308dad0f2a7537c6be193a87bfcce7d/screenshot - {}
RESULT: {}
RESULT: undefined
COMMAND: POST /session/2308dad0f2a7537c6be193a87bfcce7d/execute/async - {"script":"<script> [776 bytes]","args":[{"enterText":"Argentina","selector":{"id":"application-managepartners-display-component---masterPtm--smartFilterBar-filterItemControl_BASIC-MAIN_ADDRESS-valueHelpDialog-smartFilterBar-btnBasicSearch","searchOpenDialogs":true,"interaction":{"idSuffix":"I"}},"clearTextFirst":true,"interactionType":"ENTER_TEXT"}]}
RESULT: {"script":"<script> [776 bytes]","args":[{"enterText":"Argentina","selector":{"id":"application-managepartners-display-component---masterPtm--smartFilterBar-filterItemControl_BASIC-MAIN_ADDRESS-valueHelpDialog-smartFilterBar-btnBasicSearch","searchOpenDialogs":true,"interaction":{"idSuffix":"I"}},"clearTextFirst":true,"interactionType":"ENTER_TEXT"}]}
COMMAND: POST /session/2308dad0f2a7537c6be193a87bfcce7d/actions - {"actions":[{"id":"action29","type":"key","parameters":{},"actions":[{"type":"keyDown","value":""},{"type":"pause","duration":10},{"type":"keyUp","value":""}]}]}
RESULT: {"actions":[{"id":"action29","type":"key","parameters":{},"actions":[{"type":"keyDown","value":""},{"type":"pause","duration":10},{"type":"keyUp","value":""}]}]}
COMMAND: GET /session/2308dad0f2a7537c6be193a87bfcce7d/screenshot - {}
RESULT: {}
COMMAND: POST /session/2308dad0f2a7537c6be193a87bfcce7d/element - {"using":"xpath","value":"//div[contains(@id, \"filterItemControl_BASIC-MAIN_ADDRESS-valueHelpDialog-table-rowsel0\")]"}
RESULT: {"using":"xpath","value":"//div[contains(@id, \"filterItemControl_BASIC-MAIN_ADDRESS-valueHelpDialog-table-rowsel0\")]"}
COMMAND: POST /session/2308dad0f2a7537c6be193a87bfcce7d/element/f.8FEDB17297EEB2F430C5C9DB657928CB.d.CB6573956B94A1F6B77311C8FE478B16.e.9786/click - {}
RESULT: {}
COMMAND: GET /session/2308dad0f2a7537c6be193a87bfcce7d/screenshot - {}
RESULT: {}
COMMAND: POST /session/2308dad0f2a7537c6be193a87bfcce7d/element - {"using":"xpath","value":"(//bdi[contains(text(), \"OK\")])[1]"}
RESULT: {"using":"xpath","value":"(//bdi[contains(text(), \"OK\")])[1]"}
COMMAND: POST /session/2308dad0f2a7537c6be193a87bfcce7d/element/f.8FEDB17297EEB2F430C5C9DB657928CB.d.CB6573956B94A1F6B77311C8FE478B16.e.9789/click - {}
RESULT: {}
COMMAND: GET /session/2308dad0f2a7537c6be193a87bfcce7d/screenshot - {}
RESULT: {}
COMMAND: POST /session/2308dad0f2a7537c6be193a87bfcce7d/element - {"using":"xpath","value":"//span[@id=\"application-managepartners-display-component---masterPtm--smartTable-header-inner\"]"}
RESULT: {"using":"xpath","value":"//span[@id=\"application-managepartners-display-component---masterPtm--smartTable-header-inner\"]"}
COMMAND: POST /session/2308dad0f2a7537c6be193a87bfcce7d/elements - {"using":"xpath","value":"//span[@id=\"application-managepartners-display-component---masterPtm--smartTable-header-inner\"]"}
RESULT: {"using":"xpath","value":"//span[@id=\"application-managepartners-display-component---masterPtm--smartTable-header-inner\"]"}
COMMAND: POST /session/2308dad0f2a7537c6be193a87bfcce7d/execute/sync - {"script":"<script> [56 bytes]","args":[{"element-6066-11e4-a52e-4f735466cecf":"f.8FEDB17297EEB2F430C5C9DB657928CB.d.CB6573956B94A1F6B77311C8FE478B16.e.9649","ELEMENT":"f.8FEDB17297EEB2F430C5C9DB657928CB.d.CB6573956B94A1F6B77311C8FE478B16.e.9649"}]}
RESULT: {"script":"<script> [56 bytes]","args":[{"element-6066-11e4-a52e-4f735466cecf":"f.8FEDB17297EEB2F430C5C9DB657928CB.d.CB6573956B94A1F6B77311C8FE478B16.e.9649","ELEMENT":"f.8FEDB17297EEB2F430C5C9DB657928CB.d.CB6573956B94A1F6B77311C8FE478B16.e.9649"}]}
COMMAND: POST /session/2308dad0f2a7537c6be193a87bfcce7d/element - {"using":"xpath","value":"//span[contains(@title, \"Remove\")]"}
COMMAND: GET /session/2308dad0f2a7537c6be193a87bfcce7d/screenshot - {}
RESULT: {"using":"xpath","value":"//span[contains(@title, \"Remove\")]"}
COMMAND: POST /session/2308dad0f2a7537c6be193a87bfcce7d/element/f.8FEDB17297EEB2F430C5C9DB657928CB.d.CB6573956B94A1F6B77311C8FE478B16.e.9821/click - {}
RESULT: {}
RESULT: {}
COMMAND: GET /session/2308dad0f2a7537c6be193a87bfcce7d/screenshot - {}
RESULT: {}
COMMAND: POST /session/2308dad0f2a7537c6be193a87bfcce7d/element - {"using":"xpath","value":"//span[contains(@title, \"Remove\")]"}
RESULT: {"using":"xpath","value":"//span[contains(@title, \"Remove\")]"}
COMMAND: POST /session/2308dad0f2a7537c6be193a87bfcce7d/element/f.8FEDB17297EEB2F430C5C9DB657928CB.d.CB6573956B94A1F6B77311C8FE478B16.e.9823/click - {}
RESULT: {}
COMMAND: GET /session/2308dad0f2a7537c6be193a87bfcce7d/screenshot - {}
RESULT: {}
COMMAND: POST /session/2308dad0f2a7537c6be193a87bfcce7d/element - {"using":"xpath","value":"//span[contains(@title, \"Remove\")]"}
RESULT: {"using":"xpath","value":"//span[contains(@title, \"Remove\")]"}
COMMAND: POST /session/2308dad0f2a7537c6be193a87bfcce7d/element/f.8FEDB17297EEB2F430C5C9DB657928CB.d.CB6573956B94A1F6B77311C8FE478B16.e.9824/click - {}
RESULT: {}
COMMAND: GET /session/2308dad0f2a7537c6be193a87bfcce7d/screenshot - {}
RESULT: undefined
COMMAND: POST /session/2308dad0f2a7537c6be193a87bfcce7d/element - {"using":"xpath","value":"//*[@id=\"application-managepartners-display-component---masterPtm--smartFilterBar-filterItemControl_BASIC-YARD-vhi\"]"}
RESULT: {}
RESULT: {"using":"xpath","value":"//*[@id=\"application-managepartners-display-component---masterPtm--smartFilterBar-filterItemControl_BASIC-YARD-vhi\"]"}
COMMAND: POST /session/2308dad0f2a7537c6be193a87bfcce7d/element/f.8FEDB17297EEB2F430C5C9DB657928CB.d.CB6573956B94A1F6B77311C8FE478B16.e.9929/click - {}
RESULT: {}
COMMAND: GET /session/2308dad0f2a7537c6be193a87bfcce7d/screenshot - {}
RESULT: {}
RESULT: undefined
COMMAND: POST /session/2308dad0f2a7537c6be193a87bfcce7d/execute/async - {"script":"<script> [776 bytes]","args":[{"enterText":"471","selector":{"id":"application-managepartners-display-component---masterPtm--smartFilterBar-filterItemControl_BASIC-YARD-valueHelpDialog-smartFilterBar-btnBasicSearch","searchOpenDialogs":true,"interaction":{"idSuffix":"I"}},"clearTextFirst":true,"interactionType":"ENTER_TEXT"}]}
RESULT: {"script":"<script> [776 bytes]","args":[{"enterText":"471","selector":{"id":"application-managepartners-display-component---masterPtm--smartFilterBar-filterItemControl_BASIC-YARD-valueHelpDialog-smartFilterBar-btnBasicSearch","searchOpenDialogs":true,"interaction":{"idSuffix":"I"}},"clearTextFirst":true,"interactionType":"ENTER_TEXT"}]}
COMMAND: POST /session/2308dad0f2a7537c6be193a87bfcce7d/actions - {"actions":[{"id":"action30","type":"key","parameters":{},"actions":[{"type":"keyDown","value":""},{"type":"pause","duration":10},{"type":"keyUp","value":""}]}]}
RESULT: {"actions":[{"id":"action30","type":"key","parameters":{},"actions":[{"type":"keyDown","value":""},{"type":"pause","duration":10},{"type":"keyUp","value":""}]}]}
COMMAND: GET /session/2308dad0f2a7537c6be193a87bfcce7d/screenshot - {}
RESULT: {}
COMMAND: POST /session/2308dad0f2a7537c6be193a87bfcce7d/elements - {"using":"xpath","value":"//table[contains(@id, \"smartFilterBar-filterItemControl_BASIC-YARD-valueHelpDialog-table-table\")]/tbody/tr"}
RESULT: {"using":"xpath","value":"//table[contains(@id, \"smartFilterBar-filterItemControl_BASIC-YARD-valueHelpDialog-table-table\")]/tbody/tr"}
COMMAND: POST /session/2308dad0f2a7537c6be193a87bfcce7d/element - {"using":"xpath","value":"//table[contains(@id, \"smartFilterBar-filterItemControl_BASIC-YARD-valueHelpDialog-table-table\")]/tbody/tr[1]/td[1]/div/span"}
RESULT: {"using":"xpath","value":"//table[contains(@id, \"smartFilterBar-filterItemControl_BASIC-YARD-valueHelpDialog-table-table\")]/tbody/tr[1]/td[1]/div/span"}
COMMAND: POST /session/2308dad0f2a7537c6be193a87bfcce7d/elements - {"using":"xpath","value":"//table[contains(@id, \"smartFilterBar-filterItemControl_BASIC-YARD-valueHelpDialog-table-table\")]/tbody/tr[1]/td[1]/div/span"}
RESULT: {"using":"xpath","value":"//table[contains(@id, \"smartFilterBar-filterItemControl_BASIC-YARD-valueHelpDialog-table-table\")]/tbody/tr[1]/td[1]/div/span"}
COMMAND: POST /session/2308dad0f2a7537c6be193a87bfcce7d/execute/sync - {"script":"<script> [56 bytes]","args":[{"element-6066-11e4-a52e-4f735466cecf":"f.8FEDB17297EEB2F430C5C9DB657928CB.d.CB6573956B94A1F6B77311C8FE478B16.e.9949","ELEMENT":"f.8FEDB17297EEB2F430C5C9DB657928CB.d.CB6573956B94A1F6B77311C8FE478B16.e.9949"}]}
RESULT: {"script":"<script> [56 bytes]","args":[{"element-6066-11e4-a52e-4f735466cecf":"f.8FEDB17297EEB2F430C5C9DB657928CB.d.CB6573956B94A1F6B77311C8FE478B16.e.9949","ELEMENT":"f.8FEDB17297EEB2F430C5C9DB657928CB.d.CB6573956B94A1F6B77311C8FE478B16.e.9949"}]}
COMMAND: POST /session/2308dad0f2a7537c6be193a87bfcce7d/element - {"using":"xpath","value":"//table[contains(@id, \"smartFilterBar-filterItemControl_BASIC-YARD-valueHelpDialog-table-table\")]/tbody/tr[2]/td[1]/div/span"}
COMMAND: GET /session/2308dad0f2a7537c6be193a87bfcce7d/screenshot - {}
RESULT: {"using":"xpath","value":"//table[contains(@id, \"smartFilterBar-filterItemControl_BASIC-YARD-valueHelpDialog-table-table\")]/tbody/tr[2]/td[1]/div/span"}
COMMAND: POST /session/2308dad0f2a7537c6be193a87bfcce7d/elements - {"using":"xpath","value":"//table[contains(@id, \"smartFilterBar-filterItemControl_BASIC-YARD-valueHelpDialog-table-table\")]/tbody/tr[2]/td[1]/div/span"}
RESULT: {}
RESULT: {"using":"xpath","value":"//table[contains(@id, \"smartFilterBar-filterItemControl_BASIC-YARD-valueHelpDialog-table-table\")]/tbody/tr[2]/td[1]/div/span"}
COMMAND: POST /session/2308dad0f2a7537c6be193a87bfcce7d/execute/sync - {"script":"<script> [56 bytes]","args":[{"element-6066-11e4-a52e-4f735466cecf":"f.8FEDB17297EEB2F430C5C9DB657928CB.d.CB6573956B94A1F6B77311C8FE478B16.e.9950","ELEMENT":"f.8FEDB17297EEB2F430C5C9DB657928CB.d.CB6573956B94A1F6B77311C8FE478B16.e.9950"}]}
RESULT: {"script":"<script> [56 bytes]","args":[{"element-6066-11e4-a52e-4f735466cecf":"f.8FEDB17297EEB2F430C5C9DB657928CB.d.CB6573956B94A1F6B77311C8FE478B16.e.9950","ELEMENT":"f.8FEDB17297EEB2F430C5C9DB657928CB.d.CB6573956B94A1F6B77311C8FE478B16.e.9950"}]}
COMMAND: POST /session/2308dad0f2a7537c6be193a87bfcce7d/element - {"using":"xpath","value":"//div[contains(@id, \"filterItemControl_BASIC-YARD-valueHelpDialog-table-rowsel1\")]"}
COMMAND: GET /session/2308dad0f2a7537c6be193a87bfcce7d/screenshot - {}
RESULT: {"using":"xpath","value":"//div[contains(@id, \"filterItemControl_BASIC-YARD-valueHelpDialog-table-rowsel1\")]"}
COMMAND: POST /session/2308dad0f2a7537c6be193a87bfcce7d/element/f.8FEDB17297EEB2F430C5C9DB657928CB.d.CB6573956B94A1F6B77311C8FE478B16.e.9951/click - {}
RESULT: {}
RESULT: {}
COMMAND: GET /session/2308dad0f2a7537c6be193a87bfcce7d/screenshot - {}
RESULT: {}
RESULT: undefined
COMMAND: POST /session/2308dad0f2a7537c6be193a87bfcce7d/execute/async - {"script":"<script> [776 bytes]","args":[{"enterText":"106","selector":{"id":"application-managepartners-display-component---masterPtm--smartFilterBar-filterItemControl_BASIC-YARD-valueHelpDialog-smartFilterBar-btnBasicSearch","searchOpenDialogs":true,"interaction":{"idSuffix":"I"}},"clearTextFirst":true,"interactionType":"ENTER_TEXT"}]}
RESULT: {"script":"<script> [776 bytes]","args":[{"enterText":"106","selector":{"id":"application-managepartners-display-component---masterPtm--smartFilterBar-filterItemControl_BASIC-YARD-valueHelpDialog-smartFilterBar-btnBasicSearch","searchOpenDialogs":true,"interaction":{"idSuffix":"I"}},"clearTextFirst":true,"interactionType":"ENTER_TEXT"}]}
COMMAND: POST /session/2308dad0f2a7537c6be193a87bfcce7d/actions - {"actions":[{"id":"action31","type":"key","parameters":{},"actions":[{"type":"keyDown","value":""},{"type":"pause","duration":10},{"type":"keyUp","value":""}]}]}
RESULT: {"actions":[{"id":"action31","type":"key","parameters":{},"actions":[{"type":"keyDown","value":""},{"type":"pause","duration":10},{"type":"keyUp","value":""}]}]}
COMMAND: GET /session/2308dad0f2a7537c6be193a87bfcce7d/screenshot - {}
RESULT: {}
COMMAND: POST /session/2308dad0f2a7537c6be193a87bfcce7d/elements - {"using":"xpath","value":"//table[contains(@id, \"smartFilterBar-filterItemControl_BASIC-YARD-valueHelpDialog-table-table\")]/tbody/tr"}
RESULT: {"using":"xpath","value":"//table[contains(@id, \"smartFilterBar-filterItemControl_BASIC-YARD-valueHelpDialog-table-table\")]/tbody/tr"}
COMMAND: POST /session/2308dad0f2a7537c6be193a87bfcce7d/element - {"using":"xpath","value":"//table[contains(@id, \"smartFilterBar-filterItemControl_BASIC-YARD-valueHelpDialog-table-table\")]/tbody/tr[1]/td[1]/div/span"}
RESULT: {"using":"xpath","value":"//table[contains(@id, \"smartFilterBar-filterItemControl_BASIC-YARD-valueHelpDialog-table-table\")]/tbody/tr[1]/td[1]/div/span"}
COMMAND: POST /session/2308dad0f2a7537c6be193a87bfcce7d/elements - {"using":"xpath","value":"//table[contains(@id, \"smartFilterBar-filterItemControl_BASIC-YARD-valueHelpDialog-table-table\")]/tbody/tr[1]/td[1]/div/span"}
RESULT: {"using":"xpath","value":"//table[contains(@id, \"smartFilterBar-filterItemControl_BASIC-YARD-valueHelpDialog-table-table\")]/tbody/tr[1]/td[1]/div/span"}
COMMAND: POST /session/2308dad0f2a7537c6be193a87bfcce7d/execute/sync - {"script":"<script> [56 bytes]","args":[{"element-6066-11e4-a52e-4f735466cecf":"f.8FEDB17297EEB2F430C5C9DB657928CB.d.CB6573956B94A1F6B77311C8FE478B16.e.9949","ELEMENT":"f.8FEDB17297EEB2F430C5C9DB657928CB.d.CB6573956B94A1F6B77311C8FE478B16.e.9949"}]}
RESULT: {"script":"<script> [56 bytes]","args":[{"element-6066-11e4-a52e-4f735466cecf":"f.8FEDB17297EEB2F430C5C9DB657928CB.d.CB6573956B94A1F6B77311C8FE478B16.e.9949","ELEMENT":"f.8FEDB17297EEB2F430C5C9DB657928CB.d.CB6573956B94A1F6B77311C8FE478B16.e.9949"}]}
COMMAND: POST /session/2308dad0f2a7537c6be193a87bfcce7d/element - {"using":"xpath","value":"//div[contains(@id, \"filterItemControl_BASIC-YARD-valueHelpDialog-table-rowsel0\")]"}
COMMAND: GET /session/2308dad0f2a7537c6be193a87bfcce7d/screenshot - {}
RESULT: {"using":"xpath","value":"//div[contains(@id, \"filterItemControl_BASIC-YARD-valueHelpDialog-table-rowsel0\")]"}
COMMAND: POST /session/2308dad0f2a7537c6be193a87bfcce7d/element/f.8FEDB17297EEB2F430C5C9DB657928CB.d.CB6573956B94A1F6B77311C8FE478B16.e.9953/click - {}
RESULT: {}
RESULT: {}
COMMAND: GET /session/2308dad0f2a7537c6be193a87bfcce7d/screenshot - {}
RESULT: {}
COMMAND: POST /session/2308dad0f2a7537c6be193a87bfcce7d/element - {"using":"xpath","value":"(//bdi[contains(text(), \"OK\")])[1]"}
RESULT: {"using":"xpath","value":"(//bdi[contains(text(), \"OK\")])[1]"}
COMMAND: POST /session/2308dad0f2a7537c6be193a87bfcce7d/element/f.8FEDB17297EEB2F430C5C9DB657928CB.d.CB6573956B94A1F6B77311C8FE478B16.e.9954/click - {}
RESULT: {}
COMMAND: GET /session/2308dad0f2a7537c6be193a87bfcce7d/screenshot - {}
RESULT: {}
COMMAND: POST /session/2308dad0f2a7537c6be193a87bfcce7d/element - {"using":"xpath","value":"//span[@id=\"application-managepartners-display-component---masterPtm--smartTable-header-inner\"]"}
RESULT: {"using":"xpath","value":"//span[@id=\"application-managepartners-display-component---masterPtm--smartTable-header-inner\"]"}
COMMAND: POST /session/2308dad0f2a7537c6be193a87bfcce7d/elements - {"using":"xpath","value":"//span[@id=\"application-managepartners-display-component---masterPtm--smartTable-header-inner\"]"}
RESULT: {"using":"xpath","value":"//span[@id=\"application-managepartners-display-component---masterPtm--smartTable-header-inner\"]"}
COMMAND: POST /session/2308dad0f2a7537c6be193a87bfcce7d/execute/sync - {"script":"<script> [56 bytes]","args":[{"element-6066-11e4-a52e-4f735466cecf":"f.8FEDB17297EEB2F430C5C9DB657928CB.d.CB6573956B94A1F6B77311C8FE478B16.e.9649","ELEMENT":"f.8FEDB17297EEB2F430C5C9DB657928CB.d.CB6573956B94A1F6B77311C8FE478B16.e.9649"}]}
RESULT: {"script":"<script> [56 bytes]","args":[{"element-6066-11e4-a52e-4f735466cecf":"f.8FEDB17297EEB2F430C5C9DB657928CB.d.CB6573956B94A1F6B77311C8FE478B16.e.9649","ELEMENT":"f.8FEDB17297EEB2F430C5C9DB657928CB.d.CB6573956B94A1F6B77311C8FE478B16.e.9649"}]}
COMMAND: POST /session/2308dad0f2a7537c6be193a87bfcce7d/element - {"using":"xpath","value":"//span[contains(@title, \"Remove\")]"}
COMMAND: GET /session/2308dad0f2a7537c6be193a87bfcce7d/screenshot - {}
RESULT: {"using":"xpath","value":"//span[contains(@title, \"Remove\")]"}
COMMAND: POST /session/2308dad0f2a7537c6be193a87bfcce7d/element/f.8FEDB17297EEB2F430C5C9DB657928CB.d.CB6573956B94A1F6B77311C8FE478B16.e.9976/click - {}
RESULT: {}
RESULT: {}
COMMAND: GET /session/2308dad0f2a7537c6be193a87bfcce7d/screenshot - {}
RESULT: {}
COMMAND: POST /session/2308dad0f2a7537c6be193a87bfcce7d/element - {"using":"xpath","value":"//span[contains(@title, \"Remove\")]"}
RESULT: {"using":"xpath","value":"//span[contains(@title, \"Remove\")]"}
COMMAND: POST /session/2308dad0f2a7537c6be193a87bfcce7d/element/f.8FEDB17297EEB2F430C5C9DB657928CB.d.CB6573956B94A1F6B77311C8FE478B16.e.9977/click - {}
RESULT: {}
COMMAND: GET /session/2308dad0f2a7537c6be193a87bfcce7d/screenshot - {}
RESULT: {}
RESULT: undefined
COMMAND: POST /session/2308dad0f2a7537c6be193a87bfcce7d/element - {"using":"xpath","value":"//*[@id=\"application-managepartners-display-component---masterPtm--catalogs-arrow\"]"}
RESULT: {"using":"xpath","value":"//*[@id=\"application-managepartners-display-component---masterPtm--catalogs-arrow\"]"}
COMMAND: POST /session/2308dad0f2a7537c6be193a87bfcce7d/element/f.8FEDB17297EEB2F430C5C9DB657928CB.d.CB6573956B94A1F6B77311C8FE478B16.e.10081/click - {}
RESULT: {}
COMMAND: GET /session/2308dad0f2a7537c6be193a87bfcce7d/screenshot - {}
RESULT: {}
COMMAND: POST /session/2308dad0f2a7537c6be193a87bfcce7d/element - {"using":"xpath","value":"(//li[.//span[contains(text(), \"Webshop Catalog\")]])[1]"}
RESULT: {"using":"xpath","value":"(//li[.//span[contains(text(), \"Webshop Catalog\")]])[1]"}
COMMAND: POST /session/2308dad0f2a7537c6be193a87bfcce7d/element/f.8FEDB17297EEB2F430C5C9DB657928CB.d.CB6573956B94A1F6B77311C8FE478B16.e.10093/click - {}
RESULT: {}
COMMAND: GET /session/2308dad0f2a7537c6be193a87bfcce7d/screenshot - {}
RESULT: {}
COMMAND: POST /session/2308dad0f2a7537c6be193a87bfcce7d/element - {"using":"xpath","value":"//span[@id=\"application-managepartners-display-component---masterPtm--smartTable-header-inner\"]"}
RESULT: {"using":"xpath","value":"//span[@id=\"application-managepartners-display-component---masterPtm--smartTable-header-inner\"]"}
COMMAND: POST /session/2308dad0f2a7537c6be193a87bfcce7d/elements - {"using":"xpath","value":"//span[@id=\"application-managepartners-display-component---masterPtm--smartTable-header-inner\"]"}
RESULT: {"using":"xpath","value":"//span[@id=\"application-managepartners-display-component---masterPtm--smartTable-header-inner\"]"}
COMMAND: POST /session/2308dad0f2a7537c6be193a87bfcce7d/execute/sync - {"script":"<script> [56 bytes]","args":[{"element-6066-11e4-a52e-4f735466cecf":"f.8FEDB17297EEB2F430C5C9DB657928CB.d.CB6573956B94A1F6B77311C8FE478B16.e.9649","ELEMENT":"f.8FEDB17297EEB2F430C5C9DB657928CB.d.CB6573956B94A1F6B77311C8FE478B16.e.9649"}]}
RESULT: {"script":"<script> [56 bytes]","args":[{"element-6066-11e4-a52e-4f735466cecf":"f.8FEDB17297EEB2F430C5C9DB657928CB.d.CB6573956B94A1F6B77311C8FE478B16.e.9649","ELEMENT":"f.8FEDB17297EEB2F430C5C9DB657928CB.d.CB6573956B94A1F6B77311C8FE478B16.e.9649"}]}
COMMAND: POST /session/2308dad0f2a7537c6be193a87bfcce7d/element - {"using":"xpath","value":"//span[contains(@title, \"Remove\")]"}
COMMAND: GET /session/2308dad0f2a7537c6be193a87bfcce7d/screenshot - {}
RESULT: {"using":"xpath","value":"//span[contains(@title, \"Remove\")]"}
COMMAND: POST /session/2308dad0f2a7537c6be193a87bfcce7d/element/f.8FEDB17297EEB2F430C5C9DB657928CB.d.CB6573956B94A1F6B77311C8FE478B16.e.10209/click - {}
RESULT: {}
RESULT: {}
COMMAND: GET /session/2308dad0f2a7537c6be193a87bfcce7d/screenshot - {}
RESULT: undefined
COMMAND: POST /session/2308dad0f2a7537c6be193a87bfcce7d/element - {"using":"xpath","value":"//*[@id=\"application-managepartners-display-component---masterPtm--partnerTypes-arrow\"]"}
RESULT: {}
RESULT: {"using":"xpath","value":"//*[@id=\"application-managepartners-display-component---masterPtm--partnerTypes-arrow\"]"}
COMMAND: POST /session/2308dad0f2a7537c6be193a87bfcce7d/element/f.8FEDB17297EEB2F430C5C9DB657928CB.d.CB6573956B94A1F6B77311C8FE478B16.e.10307/click - {}
RESULT: {}
COMMAND: GET /session/2308dad0f2a7537c6be193a87bfcce7d/screenshot - {}
RESULT: {}
COMMAND: POST /session/2308dad0f2a7537c6be193a87bfcce7d/element - {"using":"xpath","value":"(//li[.//span[contains(text(), \"External partner\")]])[1]"}
RESULT: {"using":"xpath","value":"(//li[.//span[contains(text(), \"External partner\")]])[1]"}
COMMAND: POST /session/2308dad0f2a7537c6be193a87bfcce7d/element/f.8FEDB17297EEB2F430C5C9DB657928CB.d.CB6573956B94A1F6B77311C8FE478B16.e.10310/click - {}
RESULT: {}
COMMAND: GET /session/2308dad0f2a7537c6be193a87bfcce7d/screenshot - {}
RESULT: {}
COMMAND: POST /session/2308dad0f2a7537c6be193a87bfcce7d/element - {"using":"xpath","value":"//span[@id=\"application-managepartners-display-component---masterPtm--smartTable-header-inner\"]"}
RESULT: {"using":"xpath","value":"//span[@id=\"application-managepartners-display-component---masterPtm--smartTable-header-inner\"]"}
COMMAND: POST /session/2308dad0f2a7537c6be193a87bfcce7d/elements - {"using":"xpath","value":"//span[@id=\"application-managepartners-display-component---masterPtm--smartTable-header-inner\"]"}
RESULT: {"using":"xpath","value":"//span[@id=\"application-managepartners-display-component---masterPtm--smartTable-header-inner\"]"}
COMMAND: POST /session/2308dad0f2a7537c6be193a87bfcce7d/execute/sync - {"script":"<script> [56 bytes]","args":[{"element-6066-11e4-a52e-4f735466cecf":"f.8FEDB17297EEB2F430C5C9DB657928CB.d.CB6573956B94A1F6B77311C8FE478B16.e.9649","ELEMENT":"f.8FEDB17297EEB2F430C5C9DB657928CB.d.CB6573956B94A1F6B77311C8FE478B16.e.9649"}]}
RESULT: {"script":"<script> [56 bytes]","args":[{"element-6066-11e4-a52e-4f735466cecf":"f.8FEDB17297EEB2F430C5C9DB657928CB.d.CB6573956B94A1F6B77311C8FE478B16.e.9649","ELEMENT":"f.8FEDB17297EEB2F430C5C9DB657928CB.d.CB6573956B94A1F6B77311C8FE478B16.e.9649"}]}
COMMAND: POST /session/2308dad0f2a7537c6be193a87bfcce7d/element - {"using":"xpath","value":"//span[contains(@title, \"Remove\")]"}
COMMAND: GET /session/2308dad0f2a7537c6be193a87bfcce7d/screenshot - {}
RESULT: {"using":"xpath","value":"//span[contains(@title, \"Remove\")]"}
COMMAND: POST /session/2308dad0f2a7537c6be193a87bfcce7d/element/f.8FEDB17297EEB2F430C5C9DB657928CB.d.CB6573956B94A1F6B77311C8FE478B16.e.10385/click - {}
RESULT: {}
RESULT: {}
COMMAND: GET /session/2308dad0f2a7537c6be193a87bfcce7d/screenshot - {}
RESULT: {}
RESULT: undefined
COMMAND: POST /session/2308dad0f2a7537c6be193a87bfcce7d/element - {"using":"xpath","value":"//*[@id=\"application-managepartners-display-component---masterPtm--currencies-arrow\"]"}
RESULT: {"using":"xpath","value":"//*[@id=\"application-managepartners-display-component---masterPtm--currencies-arrow\"]"}
COMMAND: POST /session/2308dad0f2a7537c6be193a87bfcce7d/element/f.8FEDB17297EEB2F430C5C9DB657928CB.d.CB6573956B94A1F6B77311C8FE478B16.e.10424/click - {}
RESULT: {}
COMMAND: GET /session/2308dad0f2a7537c6be193a87bfcce7d/screenshot - {}
RESULT: {}
COMMAND: POST /session/2308dad0f2a7537c6be193a87bfcce7d/element - {"using":"xpath","value":"(//li[.//span[contains(text(), \"US Dollar\")]])[1]"}
RESULT: {"using":"xpath","value":"(//li[.//span[contains(text(), \"US Dollar\")]])[1]"}
COMMAND: POST /session/2308dad0f2a7537c6be193a87bfcce7d/element/f.8FEDB17297EEB2F430C5C9DB657928CB.d.CB6573956B94A1F6B77311C8FE478B16.e.10427/click - {}
RESULT: {}
COMMAND: GET /session/2308dad0f2a7537c6be193a87bfcce7d/screenshot - {}
RESULT: {}
COMMAND: POST /session/2308dad0f2a7537c6be193a87bfcce7d/element - {"using":"xpath","value":"//span[@id=\"application-managepartners-display-component---masterPtm--smartTable-header-inner\"]"}
RESULT: {"using":"xpath","value":"//span[@id=\"application-managepartners-display-component---masterPtm--smartTable-header-inner\"]"}
COMMAND: POST /session/2308dad0f2a7537c6be193a87bfcce7d/elements - {"using":"xpath","value":"//span[@id=\"application-managepartners-display-component---masterPtm--smartTable-header-inner\"]"}
RESULT: {"using":"xpath","value":"//span[@id=\"application-managepartners-display-component---masterPtm--smartTable-header-inner\"]"}
COMMAND: POST /session/2308dad0f2a7537c6be193a87bfcce7d/execute/sync - {"script":"<script> [56 bytes]","args":[{"element-6066-11e4-a52e-4f735466cecf":"f.8FEDB17297EEB2F430C5C9DB657928CB.d.CB6573956B94A1F6B77311C8FE478B16.e.9649","ELEMENT":"f.8FEDB17297EEB2F430C5C9DB657928CB.d.CB6573956B94A1F6B77311C8FE478B16.e.9649"}]}
RESULT: {"script":"<script> [56 bytes]","args":[{"element-6066-11e4-a52e-4f735466cecf":"f.8FEDB17297EEB2F430C5C9DB657928CB.d.CB6573956B94A1F6B77311C8FE478B16.e.9649","ELEMENT":"f.8FEDB17297EEB2F430C5C9DB657928CB.d.CB6573956B94A1F6B77311C8FE478B16.e.9649"}]}
COMMAND: POST /session/2308dad0f2a7537c6be193a87bfcce7d/element - {"using":"xpath","value":"//span[contains(@title, \"Remove\")]"}
COMMAND: GET /session/2308dad0f2a7537c6be193a87bfcce7d/screenshot - {}
RESULT: {"using":"xpath","value":"//span[contains(@title, \"Remove\")]"}
COMMAND: POST /session/2308dad0f2a7537c6be193a87bfcce7d/element/f.8FEDB17297EEB2F430C5C9DB657928CB.d.CB6573956B94A1F6B77311C8FE478B16.e.10578/click - {}
RESULT: {}
RESULT: {}
COMMAND: GET /session/2308dad0f2a7537c6be193a87bfcce7d/screenshot - {}
RESULT: {}
RESULT: undefined
COMMAND: POST /session/2308dad0f2a7537c6be193a87bfcce7d/element - {"using":"xpath","value":"//*[@id=\"application-managepartners-display-component---masterPtm--languages-arrow\"]"}
RESULT: {"using":"xpath","value":"//*[@id=\"application-managepartners-display-component---masterPtm--languages-arrow\"]"}
COMMAND: POST /session/2308dad0f2a7537c6be193a87bfcce7d/element/f.8FEDB17297EEB2F430C5C9DB657928CB.d.CB6573956B94A1F6B77311C8FE478B16.e.10660/click - {}
RESULT: {}
COMMAND: GET /session/2308dad0f2a7537c6be193a87bfcce7d/screenshot - {}
RESULT: {}
COMMAND: POST /session/2308dad0f2a7537c6be193a87bfcce7d/element - {"using":"xpath","value":"(//li[.//span[contains(text(), \"German\")]])[1]"}
RESULT: {"using":"xpath","value":"(//li[.//span[contains(text(), \"German\")]])[1]"}
COMMAND: POST /session/2308dad0f2a7537c6be193a87bfcce7d/element/f.8FEDB17297EEB2F430C5C9DB657928CB.d.CB6573956B94A1F6B77311C8FE478B16.e.10706/click - {}
RESULT: {}
COMMAND: GET /session/2308dad0f2a7537c6be193a87bfcce7d/screenshot - {}
RESULT: {}
COMMAND: POST /session/2308dad0f2a7537c6be193a87bfcce7d/element - {"using":"xpath","value":"//span[@id=\"application-managepartners-display-component---masterPtm--smartTable-header-inner\"]"}
RESULT: {"using":"xpath","value":"//span[@id=\"application-managepartners-display-component---masterPtm--smartTable-header-inner\"]"}
COMMAND: POST /session/2308dad0f2a7537c6be193a87bfcce7d/elements - {"using":"xpath","value":"//span[@id=\"application-managepartners-display-component---masterPtm--smartTable-header-inner\"]"}
RESULT: {"using":"xpath","value":"//span[@id=\"application-managepartners-display-component---masterPtm--smartTable-header-inner\"]"}
COMMAND: POST /session/2308dad0f2a7537c6be193a87bfcce7d/execute/sync - {"script":"<script> [56 bytes]","args":[{"element-6066-11e4-a52e-4f735466cecf":"f.8FEDB17297EEB2F430C5C9DB657928CB.d.CB6573956B94A1F6B77311C8FE478B16.e.9649","ELEMENT":"f.8FEDB17297EEB2F430C5C9DB657928CB.d.CB6573956B94A1F6B77311C8FE478B16.e.9649"}]}
RESULT: {"script":"<script> [56 bytes]","args":[{"element-6066-11e4-a52e-4f735466cecf":"f.8FEDB17297EEB2F430C5C9DB657928CB.d.CB6573956B94A1F6B77311C8FE478B16.e.9649","ELEMENT":"f.8FEDB17297EEB2F430C5C9DB657928CB.d.CB6573956B94A1F6B77311C8FE478B16.e.9649"}]}
COMMAND: POST /session/2308dad0f2a7537c6be193a87bfcce7d/element - {"using":"xpath","value":"//span[contains(@title, \"Remove\")]"}
COMMAND: GET /session/2308dad0f2a7537c6be193a87bfcce7d/screenshot - {}
RESULT: {"using":"xpath","value":"//span[contains(@title, \"Remove\")]"}
COMMAND: POST /session/2308dad0f2a7537c6be193a87bfcce7d/element/f.8FEDB17297EEB2F430C5C9DB657928CB.d.CB6573956B94A1F6B77311C8FE478B16.e.10769/click - {}
RESULT: {}
RESULT: {}
COMMAND: GET /session/2308dad0f2a7537c6be193a87bfcce7d/screenshot - {}
RESULT: {}
COMMAND: POST /session/2308dad0f2a7537c6be193a87bfcce7d/execute/async - {"script":"<script> [1562 bytes]","args":[{"selector":{"controlType":"sap.ui.core.Icon","viewName":"etm.portal.ui.managepartners.view.Master","viewId":"application-managepartners-display-component---masterPtm","properties":{"src":{"regex":{"source":"slim\\-arrow\\-down"}}},"ancestor":{"controlType":"sap.m.MultiComboBox","viewName":"etm.portal.ui.managepartners.view.Master","viewId":"application-managepartners-display-component---masterPtm","labelFor":{"text":"Status"}}},"wdio_ui5_key":"etmportal.ui.managepartners.view.Mastersap.ui.core.Icon{\"src\":{\"regex\":{\"source\":\"slim\\\\-arrow\\\\-down\"}}}{\"controlType\":\"sap.m.MultiComboBox\",\"viewName\":\"etm.portal.ui.managepartners.view.Master\",\"viewId\":\"application-managepartners-display-component---masterPtm\",\"labelFor\":{\"text\":\"Status\"}}"}]}
RESULT: {"script":"<script> [1562 bytes]","args":[{"selector":{"controlType":"sap.ui.core.Icon","viewName":"etm.portal.ui.managepartners.view.Master","viewId":"application-managepartners-display-component---masterPtm","properties":{"src":{"regex":{"source":"slim\\-arrow\\-down"}}},"ancestor":{"controlType":"sap.m.MultiComboBox","viewName":"etm.portal.ui.managepartners.view.Master","viewId":"application-managepartners-display-component---masterPtm","labelFor":{"text":"Status"}}},"wdio_ui5_key":"etmportal.ui.managepartners.view.Mastersap.ui.core.Icon{\"src\":{\"regex\":{\"source\":\"slim\\\\-arrow\\\\-down\"}}}{\"controlType\":\"sap.m.MultiComboBox\",\"viewName\":\"etm.portal.ui.managepartners.view.Master\",\"viewId\":\"application-managepartners-display-component---masterPtm\",\"labelFor\":{\"text\":\"Status\"}}"}]}
RESULT: undefined
COMMAND: POST /session/2308dad0f2a7537c6be193a87bfcce7d/element - {"using":"xpath","value":"//*[@id=\"__box88-arrow\"]"}
RESULT: {"using":"xpath","value":"//*[@id=\"__box88-arrow\"]"}
COMMAND: POST /session/2308dad0f2a7537c6be193a87bfcce7d/element/f.8FEDB17297EEB2F430C5C9DB657928CB.d.CB6573956B94A1F6B77311C8FE478B16.e.10915/click - {}
RESULT: {}
COMMAND: GET /session/2308dad0f2a7537c6be193a87bfcce7d/screenshot - {}
RESULT: {}
COMMAND: POST /session/2308dad0f2a7537c6be193a87bfcce7d/element - {"using":"xpath","value":"(//li[.//span[contains(text(), \"Inactive\")]])[1]"}
RESULT: {"using":"xpath","value":"(//li[.//span[contains(text(), \"Inactive\")]])[1]"}
COMMAND: POST /session/2308dad0f2a7537c6be193a87bfcce7d/element/f.8FEDB17297EEB2F430C5C9DB657928CB.d.CB6573956B94A1F6B77311C8FE478B16.e.10918/click - {}
RESULT: {}
COMMAND: GET /session/2308dad0f2a7537c6be193a87bfcce7d/screenshot - {}
RESULT: {}
COMMAND: POST /session/2308dad0f2a7537c6be193a87bfcce7d/element - {"using":"xpath","value":"//span[@id=\"application-managepartners-display-component---masterPtm--smartTable-header-inner\"]"}
RESULT: {"using":"xpath","value":"//span[@id=\"application-managepartners-display-component---masterPtm--smartTable-header-inner\"]"}
COMMAND: POST /session/2308dad0f2a7537c6be193a87bfcce7d/elements - {"using":"xpath","value":"//span[@id=\"application-managepartners-display-component---masterPtm--smartTable-header-inner\"]"}
RESULT: {"using":"xpath","value":"//span[@id=\"application-managepartners-display-component---masterPtm--smartTable-header-inner\"]"}
COMMAND: POST /session/2308dad0f2a7537c6be193a87bfcce7d/execute/sync - {"script":"<script> [56 bytes]","args":[{"element-6066-11e4-a52e-4f735466cecf":"f.8FEDB17297EEB2F430C5C9DB657928CB.d.CB6573956B94A1F6B77311C8FE478B16.e.9649","ELEMENT":"f.8FEDB17297EEB2F430C5C9DB657928CB.d.CB6573956B94A1F6B77311C8FE478B16.e.9649"}]}
RESULT: {"script":"<script> [56 bytes]","args":[{"element-6066-11e4-a52e-4f735466cecf":"f.8FEDB17297EEB2F430C5C9DB657928CB.d.CB6573956B94A1F6B77311C8FE478B16.e.9649","ELEMENT":"f.8FEDB17297EEB2F430C5C9DB657928CB.d.CB6573956B94A1F6B77311C8FE478B16.e.9649"}]}
COMMAND: POST /session/2308dad0f2a7537c6be193a87bfcce7d/element - {"using":"xpath","value":"//span[contains(@title, \"Remove\")]"}
COMMAND: GET /session/2308dad0f2a7537c6be193a87bfcce7d/screenshot - {}
RESULT: {"using":"xpath","value":"//span[contains(@title, \"Remove\")]"}
COMMAND: POST /session/2308dad0f2a7537c6be193a87bfcce7d/element/f.8FEDB17297EEB2F430C5C9DB657928CB.d.CB6573956B94A1F6B77311C8FE478B16.e.10924/click - {}
RESULT: {}
RESULT: {}
COMMAND: GET /session/2308dad0f2a7537c6be193a87bfcce7d/screenshot - {}
RESULT: {}
COMMAND: POST /session/2308dad0f2a7537c6be193a87bfcce7d/execute/async - {"script":"<script> [1562 bytes]","args":[{"selector":{"controlType":"sap.ui.core.Icon","viewName":"etm.portal.ui.managepartners.view.Master","viewId":"application-managepartners-display-component---masterPtm","properties":{"src":{"regex":{"source":"slim\\-arrow\\-down"}}},"ancestor":{"controlType":"sap.m.MultiComboBox","viewName":"etm.portal.ui.managepartners.view.Master","viewId":"application-managepartners-display-component---masterPtm","labelFor":{"text":"Joint Venture"}}},"wdio_ui5_key":"etmportal.ui.managepartners.view.Mastersap.ui.core.Icon{\"src\":{\"regex\":{\"source\":\"slim\\\\-arrow\\\\-down\"}}}{\"controlType\":\"sap.m.MultiComboBox\",\"viewName\":\"etm.portal.ui.managepartners.view.Master\",\"viewId\":\"application-managepartners-display-component---masterPtm\",\"labelFor\":{\"text\":\"Joint Venture\"}}"}]}
RESULT: {"script":"<script> [1562 bytes]","args":[{"selector":{"controlType":"sap.ui.core.Icon","viewName":"etm.portal.ui.managepartners.view.Master","viewId":"application-managepartners-display-component---masterPtm","properties":{"src":{"regex":{"source":"slim\\-arrow\\-down"}}},"ancestor":{"controlType":"sap.m.MultiComboBox","viewName":"etm.portal.ui.managepartners.view.Master","viewId":"application-managepartners-display-component---masterPtm","labelFor":{"text":"Joint Venture"}}},"wdio_ui5_key":"etmportal.ui.managepartners.view.Mastersap.ui.core.Icon{\"src\":{\"regex\":{\"source\":\"slim\\\\-arrow\\\\-down\"}}}{\"controlType\":\"sap.m.MultiComboBox\",\"viewName\":\"etm.portal.ui.managepartners.view.Master\",\"viewId\":\"application-managepartners-display-component---masterPtm\",\"labelFor\":{\"text\":\"Joint Venture\"}}"}]}
RESULT: undefined
COMMAND: POST /session/2308dad0f2a7537c6be193a87bfcce7d/element - {"using":"xpath","value":"//*[@id=\"__box89-arrow\"]"}
RESULT: {"using":"xpath","value":"//*[@id=\"__box89-arrow\"]"}
COMMAND: POST /session/2308dad0f2a7537c6be193a87bfcce7d/element/f.8FEDB17297EEB2F430C5C9DB657928CB.d.CB6573956B94A1F6B77311C8FE478B16.e.11029/click - {}
RESULT: {}
COMMAND: GET /session/2308dad0f2a7537c6be193a87bfcce7d/screenshot - {}
RESULT: {}
COMMAND: POST /session/2308dad0f2a7537c6be193a87bfcce7d/element - {"using":"xpath","value":"(//li[.//span[contains(text(), \"Yes\")]])[1]"}
RESULT: {"using":"xpath","value":"(//li[.//span[contains(text(), \"Yes\")]])[1]"}
COMMAND: POST /session/2308dad0f2a7537c6be193a87bfcce7d/element/f.8FEDB17297EEB2F430C5C9DB657928CB.d.CB6573956B94A1F6B77311C8FE478B16.e.11032/click - {}
RESULT: {}
COMMAND: GET /session/2308dad0f2a7537c6be193a87bfcce7d/screenshot - {}
RESULT: {}
COMMAND: POST /session/2308dad0f2a7537c6be193a87bfcce7d/element - {"using":"xpath","value":"//span[@id=\"application-managepartners-display-component---masterPtm--smartTable-header-inner\"]"}
RESULT: {"using":"xpath","value":"//span[@id=\"application-managepartners-display-component---masterPtm--smartTable-header-inner\"]"}
COMMAND: POST /session/2308dad0f2a7537c6be193a87bfcce7d/elements - {"using":"xpath","value":"//span[@id=\"application-managepartners-display-component---masterPtm--smartTable-header-inner\"]"}
RESULT: {"using":"xpath","value":"//span[@id=\"application-managepartners-display-component---masterPtm--smartTable-header-inner\"]"}
COMMAND: POST /session/2308dad0f2a7537c6be193a87bfcce7d/execute/sync - {"script":"<script> [56 bytes]","args":[{"element-6066-11e4-a52e-4f735466cecf":"f.8FEDB17297EEB2F430C5C9DB657928CB.d.CB6573956B94A1F6B77311C8FE478B16.e.9649","ELEMENT":"f.8FEDB17297EEB2F430C5C9DB657928CB.d.CB6573956B94A1F6B77311C8FE478B16.e.9649"}]}
RESULT: {"script":"<script> [56 bytes]","args":[{"element-6066-11e4-a52e-4f735466cecf":"f.8FEDB17297EEB2F430C5C9DB657928CB.d.CB6573956B94A1F6B77311C8FE478B16.e.9649","ELEMENT":"f.8FEDB17297EEB2F430C5C9DB657928CB.d.CB6573956B94A1F6B77311C8FE478B16.e.9649"}]}
COMMAND: POST /session/2308dad0f2a7537c6be193a87bfcce7d/element - {"using":"xpath","value":"//span[contains(@title, \"Remove\")]"}
COMMAND: GET /session/2308dad0f2a7537c6be193a87bfcce7d/screenshot - {}
RESULT: {"using":"xpath","value":"//span[contains(@title, \"Remove\")]"}
COMMAND: POST /session/2308dad0f2a7537c6be193a87bfcce7d/element/f.8FEDB17297EEB2F430C5C9DB657928CB.d.CB6573956B94A1F6B77311C8FE478B16.e.11043/click - {}
RESULT: {}
RESULT: {}
COMMAND: GET /session/2308dad0f2a7537c6be193a87bfcce7d/screenshot - {}
RESULT: {}
RESULT: undefined
COMMAND: POST /session/2308dad0f2a7537c6be193a87bfcce7d/element - {"using":"xpath","value":"//*[@id=\"application-managepartners-display-component---masterPtm--smartFilterBar-filterItemControl_BASIC-ALL_TAGS-vhi\"]"}
RESULT: {"using":"xpath","value":"//*[@id=\"application-managepartners-display-component---masterPtm--smartFilterBar-filterItemControl_BASIC-ALL_TAGS-vhi\"]"}
COMMAND: POST /session/2308dad0f2a7537c6be193a87bfcce7d/element/f.8FEDB17297EEB2F430C5C9DB657928CB.d.CB6573956B94A1F6B77311C8FE478B16.e.11150/click - {}
RESULT: {}
COMMAND: GET /session/2308dad0f2a7537c6be193a87bfcce7d/screenshot - {}
RESULT: {}
RESULT: undefined
COMMAND: POST /session/2308dad0f2a7537c6be193a87bfcce7d/execute/async - {"script":"<script> [776 bytes]","args":[{"enterText":"test-tag-1","selector":{"id":"application-managepartners-display-component---masterPtm--smartFilterBar-filterItemControl_BASIC-ALL_TAGS-valueHelpDialog-smartFilterBar-btnBasicSearch","searchOpenDialogs":true,"interaction":{"idSuffix":"I"}},"clearTextFirst":true,"interactionType":"ENTER_TEXT"}]}
RESULT: {"script":"<script> [776 bytes]","args":[{"enterText":"test-tag-1","selector":{"id":"application-managepartners-display-component---masterPtm--smartFilterBar-filterItemControl_BASIC-ALL_TAGS-valueHelpDialog-smartFilterBar-btnBasicSearch","searchOpenDialogs":true,"interaction":{"idSuffix":"I"}},"clearTextFirst":true,"interactionType":"ENTER_TEXT"}]}
COMMAND: POST /session/2308dad0f2a7537c6be193a87bfcce7d/actions - {"actions":[{"id":"action32","type":"key","parameters":{},"actions":[{"type":"keyDown","value":""},{"type":"pause","duration":10},{"type":"keyUp","value":""}]}]}
RESULT: {"actions":[{"id":"action32","type":"key","parameters":{},"actions":[{"type":"keyDown","value":""},{"type":"pause","duration":10},{"type":"keyUp","value":""}]}]}
COMMAND: GET /session/2308dad0f2a7537c6be193a87bfcce7d/screenshot - {}
RESULT: {}
COMMAND: POST /session/2308dad0f2a7537c6be193a87bfcce7d/elements - {"using":"xpath","value":"//table[contains(@id, \"smartFilterBar-filterItemControl_BASIC-ALL_TAGS-valueHelpDialog-table-table\")]/tbody/tr"}
RESULT: {"using":"xpath","value":"//table[contains(@id, \"smartFilterBar-filterItemControl_BASIC-ALL_TAGS-valueHelpDialog-table-table\")]/tbody/tr"}
COMMAND: POST /session/2308dad0f2a7537c6be193a87bfcce7d/element - {"using":"xpath","value":"//table[contains(@id, \"smartFilterBar-filterItemControl_BASIC-ALL_TAGS-valueHelpDialog-table-table\")]/tbody/tr[1]/td[1]/div/span"}
RESULT: {"using":"xpath","value":"//table[contains(@id, \"smartFilterBar-filterItemControl_BASIC-ALL_TAGS-valueHelpDialog-table-table\")]/tbody/tr[1]/td[1]/div/span"}
COMMAND: POST /session/2308dad0f2a7537c6be193a87bfcce7d/elements - {"using":"xpath","value":"//table[contains(@id, \"smartFilterBar-filterItemControl_BASIC-ALL_TAGS-valueHelpDialog-table-table\")]/tbody/tr[1]/td[1]/div/span"}
RESULT: {"using":"xpath","value":"//table[contains(@id, \"smartFilterBar-filterItemControl_BASIC-ALL_TAGS-valueHelpDialog-table-table\")]/tbody/tr[1]/td[1]/div/span"}
COMMAND: POST /session/2308dad0f2a7537c6be193a87bfcce7d/execute/sync - {"script":"<script> [56 bytes]","args":[{"element-6066-11e4-a52e-4f735466cecf":"f.8FEDB17297EEB2F430C5C9DB657928CB.d.CB6573956B94A1F6B77311C8FE478B16.e.11170","ELEMENT":"f.8FEDB17297EEB2F430C5C9DB657928CB.d.CB6573956B94A1F6B77311C8FE478B16.e.11170"}]}
RESULT: {"script":"<script> [56 bytes]","args":[{"element-6066-11e4-a52e-4f735466cecf":"f.8FEDB17297EEB2F430C5C9DB657928CB.d.CB6573956B94A1F6B77311C8FE478B16.e.11170","ELEMENT":"f.8FEDB17297EEB2F430C5C9DB657928CB.d.CB6573956B94A1F6B77311C8FE478B16.e.11170"}]}
COMMAND: POST /session/2308dad0f2a7537c6be193a87bfcce7d/element - {"using":"xpath","value":"//div[contains(@id, \"filterItemControl_BASIC-ALL_TAGS-valueHelpDialog-table-rowsel0\")]"}
COMMAND: GET /session/2308dad0f2a7537c6be193a87bfcce7d/screenshot - {}
RESULT: {"using":"xpath","value":"//div[contains(@id, \"filterItemControl_BASIC-ALL_TAGS-valueHelpDialog-table-rowsel0\")]"}
COMMAND: POST /session/2308dad0f2a7537c6be193a87bfcce7d/element/f.8FEDB17297EEB2F430C5C9DB657928CB.d.CB6573956B94A1F6B77311C8FE478B16.e.11171/click - {}
RESULT: {}
RESULT: {}
COMMAND: GET /session/2308dad0f2a7537c6be193a87bfcce7d/screenshot - {}
RESULT: {}
COMMAND: POST /session/2308dad0f2a7537c6be193a87bfcce7d/element - {"using":"xpath","value":"(//bdi[contains(text(), \"OK\")])[1]"}
RESULT: {"using":"xpath","value":"(//bdi[contains(text(), \"OK\")])[1]"}
COMMAND: POST /session/2308dad0f2a7537c6be193a87bfcce7d/element/f.8FEDB17297EEB2F430C5C9DB657928CB.d.CB6573956B94A1F6B77311C8FE478B16.e.11173/click - {}
RESULT: {}
COMMAND: GET /session/2308dad0f2a7537c6be193a87bfcce7d/screenshot - {}
RESULT: {}
COMMAND: POST /session/2308dad0f2a7537c6be193a87bfcce7d/element - {"using":"xpath","value":"//span[@id=\"application-managepartners-display-component---masterPtm--smartTable-header-inner\"]"}
RESULT: {"using":"xpath","value":"//span[@id=\"application-managepartners-display-component---masterPtm--smartTable-header-inner\"]"}
COMMAND: POST /session/2308dad0f2a7537c6be193a87bfcce7d/elements - {"using":"xpath","value":"//span[@id=\"application-managepartners-display-component---masterPtm--smartTable-header-inner\"]"}
RESULT: {"using":"xpath","value":"//span[@id=\"application-managepartners-display-component---masterPtm--smartTable-header-inner\"]"}
COMMAND: POST /session/2308dad0f2a7537c6be193a87bfcce7d/execute/sync - {"script":"<script> [56 bytes]","args":[{"element-6066-11e4-a52e-4f735466cecf":"f.8FEDB17297EEB2F430C5C9DB657928CB.d.CB6573956B94A1F6B77311C8FE478B16.e.9649","ELEMENT":"f.8FEDB17297EEB2F430C5C9DB657928CB.d.CB6573956B94A1F6B77311C8FE478B16.e.9649"}]}
RESULT: {"script":"<script> [56 bytes]","args":[{"element-6066-11e4-a52e-4f735466cecf":"f.8FEDB17297EEB2F430C5C9DB657928CB.d.CB6573956B94A1F6B77311C8FE478B16.e.9649","ELEMENT":"f.8FEDB17297EEB2F430C5C9DB657928CB.d.CB6573956B94A1F6B77311C8FE478B16.e.9649"}]}
COMMAND: POST /session/2308dad0f2a7537c6be193a87bfcce7d/element - {"using":"xpath","value":"//span[contains(@title, \"Remove\")]"}
COMMAND: GET /session/2308dad0f2a7537c6be193a87bfcce7d/screenshot - {}
RESULT: {"using":"xpath","value":"//span[contains(@title, \"Remove\")]"}
COMMAND: POST /session/2308dad0f2a7537c6be193a87bfcce7d/element/f.8FEDB17297EEB2F430C5C9DB657928CB.d.CB6573956B94A1F6B77311C8FE478B16.e.11195/click - {}
RESULT: {}
RESULT: {}
COMMAND: GET /session/2308dad0f2a7537c6be193a87bfcce7d/screenshot - {}
COMMAND: POST /session/2308dad0f2a7537c6be193a87bfcce7d/execute/async - {"script":"<script> [1562 bytes]","args":[{"selector":{"id":"application-managepartners-display-component---masterPtm--smartFilterBar-btnShowHide","interaction":{"idSuffix":"BDI-content"}},"wdio_ui5_key":"applicationmanagepartners-display-component---masterPtm--smartFilterBar-btnShowHide"}]}
RESULT: {}
RESULT: {"script":"<script> [1562 bytes]","args":[{"selector":{"id":"application-managepartners-display-component---masterPtm--smartFilterBar-btnShowHide","interaction":{"idSuffix":"BDI-content"}},"wdio_ui5_key":"applicationmanagepartners-display-component---masterPtm--smartFilterBar-btnShowHide"}]}
RESULT: undefined
COMMAND: POST /session/2308dad0f2a7537c6be193a87bfcce7d/element - {"using":"xpath","value":"//*[@id=\"application-managepartners-display-component---masterPtm--smartFilterBar-btnShowHide\"]"}
RESULT: {"using":"xpath","value":"//*[@id=\"application-managepartners-display-component---masterPtm--smartFilterBar-btnShowHide\"]"}
COMMAND: POST /session/2308dad0f2a7537c6be193a87bfcce7d/element/f.8FEDB17297EEB2F430C5C9DB657928CB.d.CB6573956B94A1F6B77311C8FE478B16.e.9496/click - {}
RESULT: {}
COMMAND: GET /session/2308dad0f2a7537c6be193a87bfcce7d/screenshot - {}
RESULT: {}
COMMAND: POST /session/2308dad0f2a7537c6be193a87bfcce7d/element - {"using":"xpath","value":"//span[contains(@id,\"smartFilterBar-filterItemControl_BASIC-ALL_TAGS-vhi\")]"}
RESULT: {"using":"xpath","value":"//span[contains(@id,\"smartFilterBar-filterItemControl_BASIC-ALL_TAGS-vhi\")]"}
COMMAND: POST /session/2308dad0f2a7537c6be193a87bfcce7d/elements - {"using":"xpath","value":"//span[contains(@id,\"smartFilterBar-filterItemControl_BASIC-ALL_TAGS-vhi\")]"}
RESULT: {"using":"xpath","value":"//span[contains(@id,\"smartFilterBar-filterItemControl_BASIC-ALL_TAGS-vhi\")]"}
RESULT: undefined
COMMAND: POST /session/2308dad0f2a7537c6be193a87bfcce7d/element - {"using":"xpath","value":"//*[@id=\"application-managepartners-display-component---masterPtm--smartFilterBar-btnShowHide\"]"}
RESULT: {"using":"xpath","value":"//*[@id=\"application-managepartners-display-component---masterPtm--smartFilterBar-btnShowHide\"]"}
COMMAND: POST /session/2308dad0f2a7537c6be193a87bfcce7d/element/f.8FEDB17297EEB2F430C5C9DB657928CB.d.CB6573956B94A1F6B77311C8FE478B16.e.9496/click - {}
RESULT: {}
COMMAND: GET /session/2308dad0f2a7537c6be193a87bfcce7d/screenshot - {}
RESULT: {}
COMMAND: POST /session/2308dad0f2a7537c6be193a87bfcce7d/element - {"using":"xpath","value":"//span[contains(@id,\"smartFilterBar-filterItemControl_BASIC-ALL_TAGS-vhi\")]"}
RESULT: {"using":"xpath","value":"//span[contains(@id,\"smartFilterBar-filterItemControl_BASIC-ALL_TAGS-vhi\")]"}
COMMAND: POST /session/2308dad0f2a7537c6be193a87bfcce7d/elements - {"using":"xpath","value":"//span[contains(@id,\"smartFilterBar-filterItemControl_BASIC-ALL_TAGS-vhi\")]"}
RESULT: {"using":"xpath","value":"//span[contains(@id,\"smartFilterBar-filterItemControl_BASIC-ALL_TAGS-vhi\")]"}
RESULT: undefined
COMMAND: POST /session/2308dad0f2a7537c6be193a87bfcce7d/element - {"using":"xpath","value":"//*[@id=\"application-managepartners-display-component---masterPtm--smartFilterBar-btnFilters\"]"}
RESULT: {"using":"xpath","value":"//*[@id=\"application-managepartners-display-component---masterPtm--smartFilterBar-btnFilters\"]"}
COMMAND: POST /session/2308dad0f2a7537c6be193a87bfcce7d/element/f.8FEDB17297EEB2F430C5C9DB657928CB.d.CB6573956B94A1F6B77311C8FE478B16.e.9498/click - {}
RESULT: {}
COMMAND: GET /session/2308dad0f2a7537c6be193a87bfcce7d/screenshot - {}
RESULT: {}
COMMAND: POST /session/2308dad0f2a7537c6be193a87bfcce7d/elements - {"using":"xpath","value":"//table[contains(@id, \"listView-innerSelectionPanelTable-listUl\")]/tbody/tr"}
RESULT: {"using":"xpath","value":"//table[contains(@id, \"listView-innerSelectionPanelTable-listUl\")]/tbody/tr"}
COMMAND: POST /session/2308dad0f2a7537c6be193a87bfcce7d/element - {"using":"xpath","value":"//table[contains(@id, \"listView-innerSelectionPanelTable-listUl\")]/tbody/tr[2]/td[2]/div/div"}
RESULT: {"using":"xpath","value":"//table[contains(@id, \"listView-innerSelectionPanelTable-listUl\")]/tbody/tr[2]/td[2]/div/div"}
COMMAND: POST /session/2308dad0f2a7537c6be193a87bfcce7d/element - {"using":"xpath","value":"//table[contains(@id, \"listView-innerSelectionPanelTable-listUl\")]/tbody/tr[2]/td[2]/div"}
RESULT: {"using":"xpath","value":"//table[contains(@id, \"listView-innerSelectionPanelTable-listUl\")]/tbody/tr[2]/td[2]/div"}
COMMAND: POST /session/2308dad0f2a7537c6be193a87bfcce7d/element - {"using":"xpath","value":"//table[contains(@id, \"listView-innerSelectionPanelTable-listUl\")]/tbody/tr[2]/td[3]/div/div/span/span[1]/bdi"}
RESULT: {"using":"xpath","value":"//table[contains(@id, \"listView-innerSelectionPanelTable-listUl\")]/tbody/tr[2]/td[3]/div/div/span/span[1]/bdi"}
COMMAND: POST /session/2308dad0f2a7537c6be193a87bfcce7d/execute/sync - {"script":"<script> [56 bytes]","args":[{"element-6066-11e4-a52e-4f735466cecf":"f.8FEDB17297EEB2F430C5C9DB657928CB.d.CB6573956B94A1F6B77311C8FE478B16.e.11506","ELEMENT":"f.8FEDB17297EEB2F430C5C9DB657928CB.d.CB6573956B94A1F6B77311C8FE478B16.e.11506"}]}
RESULT: {"script":"<script> [56 bytes]","args":[{"element-6066-11e4-a52e-4f735466cecf":"f.8FEDB17297EEB2F430C5C9DB657928CB.d.CB6573956B94A1F6B77311C8FE478B16.e.11506","ELEMENT":"f.8FEDB17297EEB2F430C5C9DB657928CB.d.CB6573956B94A1F6B77311C8FE478B16.e.11506"}]}
COMMAND: GET /session/2308dad0f2a7537c6be193a87bfcce7d/element/f.8FEDB17297EEB2F430C5C9DB657928CB.d.CB6573956B94A1F6B77311C8FE478B16.e.11505/attribute/aria-checked - {}
COMMAND: GET /session/2308dad0f2a7537c6be193a87bfcce7d/screenshot - {}
RESULT: {}
COMMAND: POST /session/2308dad0f2a7537c6be193a87bfcce7d/element - {"using":"xpath","value":"//table[contains(@id, \"listView-innerSelectionPanelTable-listUl\")]/tbody/tr[3]/td[2]/div/div"}
RESULT: {}
RESULT: {"using":"xpath","value":"//table[contains(@id, \"listView-innerSelectionPanelTable-listUl\")]/tbody/tr[3]/td[2]/div/div"}
COMMAND: POST /session/2308dad0f2a7537c6be193a87bfcce7d/element - {"using":"xpath","value":"//table[contains(@id, \"listView-innerSelectionPanelTable-listUl\")]/tbody/tr[3]/td[2]/div"}
RESULT: {"using":"xpath","value":"//table[contains(@id, \"listView-innerSelectionPanelTable-listUl\")]/tbody/tr[3]/td[2]/div"}
COMMAND: POST /session/2308dad0f2a7537c6be193a87bfcce7d/element - {"using":"xpath","value":"//table[contains(@id, \"listView-innerSelectionPanelTable-listUl\")]/tbody/tr[3]/td[3]/div/div/span/span[1]/bdi"}
RESULT: {"using":"xpath","value":"//table[contains(@id, \"listView-innerSelectionPanelTable-listUl\")]/tbody/tr[3]/td[3]/div/div/span/span[1]/bdi"}
COMMAND: POST /session/2308dad0f2a7537c6be193a87bfcce7d/execute/sync - {"script":"<script> [56 bytes]","args":[{"element-6066-11e4-a52e-4f735466cecf":"f.8FEDB17297EEB2F430C5C9DB657928CB.d.CB6573956B94A1F6B77311C8FE478B16.e.11509","ELEMENT":"f.8FEDB17297EEB2F430C5C9DB657928CB.d.CB6573956B94A1F6B77311C8FE478B16.e.11509"}]}
RESULT: {"script":"<script> [56 bytes]","args":[{"element-6066-11e4-a52e-4f735466cecf":"f.8FEDB17297EEB2F430C5C9DB657928CB.d.CB6573956B94A1F6B77311C8FE478B16.e.11509","ELEMENT":"f.8FEDB17297EEB2F430C5C9DB657928CB.d.CB6573956B94A1F6B77311C8FE478B16.e.11509"}]}
COMMAND: GET /session/2308dad0f2a7537c6be193a87bfcce7d/element/f.8FEDB17297EEB2F430C5C9DB657928CB.d.CB6573956B94A1F6B77311C8FE478B16.e.11508/attribute/aria-checked - {}
COMMAND: GET /session/2308dad0f2a7537c6be193a87bfcce7d/screenshot - {}
RESULT: {}
COMMAND: POST /session/2308dad0f2a7537c6be193a87bfcce7d/element - {"using":"xpath","value":"//table[contains(@id, \"listView-innerSelectionPanelTable-listUl\")]/tbody/tr[4]/td[2]/div/div"}
RESULT: {}
RESULT: {"using":"xpath","value":"//table[contains(@id, \"listView-innerSelectionPanelTable-listUl\")]/tbody/tr[4]/td[2]/div/div"}
COMMAND: POST /session/2308dad0f2a7537c6be193a87bfcce7d/element - {"using":"xpath","value":"//table[contains(@id, \"listView-innerSelectionPanelTable-listUl\")]/tbody/tr[4]/td[2]/div"}
RESULT: {"using":"xpath","value":"//table[contains(@id, \"listView-innerSelectionPanelTable-listUl\")]/tbody/tr[4]/td[2]/div"}
COMMAND: POST /session/2308dad0f2a7537c6be193a87bfcce7d/element - {"using":"xpath","value":"//table[contains(@id, \"listView-innerSelectionPanelTable-listUl\")]/tbody/tr[4]/td[3]/div/div/span/span[1]/bdi"}
RESULT: {"using":"xpath","value":"//table[contains(@id, \"listView-innerSelectionPanelTable-listUl\")]/tbody/tr[4]/td[3]/div/div/span/span[1]/bdi"}
COMMAND: POST /session/2308dad0f2a7537c6be193a87bfcce7d/execute/sync - {"script":"<script> [56 bytes]","args":[{"element-6066-11e4-a52e-4f735466cecf":"f.8FEDB17297EEB2F430C5C9DB657928CB.d.CB6573956B94A1F6B77311C8FE478B16.e.11512","ELEMENT":"f.8FEDB17297EEB2F430C5C9DB657928CB.d.CB6573956B94A1F6B77311C8FE478B16.e.11512"}]}
RESULT: {"script":"<script> [56 bytes]","args":[{"element-6066-11e4-a52e-4f735466cecf":"f.8FEDB17297EEB2F430C5C9DB657928CB.d.CB6573956B94A1F6B77311C8FE478B16.e.11512","ELEMENT":"f.8FEDB17297EEB2F430C5C9DB657928CB.d.CB6573956B94A1F6B77311C8FE478B16.e.11512"}]}
COMMAND: GET /session/2308dad0f2a7537c6be193a87bfcce7d/element/f.8FEDB17297EEB2F430C5C9DB657928CB.d.CB6573956B94A1F6B77311C8FE478B16.e.11511/attribute/aria-checked - {}
COMMAND: GET /session/2308dad0f2a7537c6be193a87bfcce7d/screenshot - {}
RESULT: {}
COMMAND: POST /session/2308dad0f2a7537c6be193a87bfcce7d/element - {"using":"xpath","value":"//table[contains(@id, \"listView-innerSelectionPanelTable-listUl\")]/tbody/tr[5]/td[2]/div/div"}
RESULT: {}
RESULT: {"using":"xpath","value":"//table[contains(@id, \"listView-innerSelectionPanelTable-listUl\")]/tbody/tr[5]/td[2]/div/div"}
COMMAND: POST /session/2308dad0f2a7537c6be193a87bfcce7d/element - {"using":"xpath","value":"//table[contains(@id, \"listView-innerSelectionPanelTable-listUl\")]/tbody/tr[5]/td[2]/div"}
RESULT: {"using":"xpath","value":"//table[contains(@id, \"listView-innerSelectionPanelTable-listUl\")]/tbody/tr[5]/td[2]/div"}
COMMAND: POST /session/2308dad0f2a7537c6be193a87bfcce7d/element - {"using":"xpath","value":"//table[contains(@id, \"listView-innerSelectionPanelTable-listUl\")]/tbody/tr[5]/td[3]/div/div/span/span[1]/bdi"}
RESULT: {"using":"xpath","value":"//table[contains(@id, \"listView-innerSelectionPanelTable-listUl\")]/tbody/tr[5]/td[3]/div/div/span/span[1]/bdi"}
COMMAND: POST /session/2308dad0f2a7537c6be193a87bfcce7d/execute/sync - {"script":"<script> [56 bytes]","args":[{"element-6066-11e4-a52e-4f735466cecf":"f.8FEDB17297EEB2F430C5C9DB657928CB.d.CB6573956B94A1F6B77311C8FE478B16.e.11515","ELEMENT":"f.8FEDB17297EEB2F430C5C9DB657928CB.d.CB6573956B94A1F6B77311C8FE478B16.e.11515"}]}
RESULT: {"script":"<script> [56 bytes]","args":[{"element-6066-11e4-a52e-4f735466cecf":"f.8FEDB17297EEB2F430C5C9DB657928CB.d.CB6573956B94A1F6B77311C8FE478B16.e.11515","ELEMENT":"f.8FEDB17297EEB2F430C5C9DB657928CB.d.CB6573956B94A1F6B77311C8FE478B16.e.11515"}]}
COMMAND: GET /session/2308dad0f2a7537c6be193a87bfcce7d/element/f.8FEDB17297EEB2F430C5C9DB657928CB.d.CB6573956B94A1F6B77311C8FE478B16.e.11514/attribute/aria-checked - {}
COMMAND: GET /session/2308dad0f2a7537c6be193a87bfcce7d/screenshot - {}
RESULT: {}
COMMAND: POST /session/2308dad0f2a7537c6be193a87bfcce7d/element - {"using":"xpath","value":"//table[contains(@id, \"listView-innerSelectionPanelTable-listUl\")]/tbody/tr[6]/td[2]/div/div"}
RESULT: {}
RESULT: {"using":"xpath","value":"//table[contains(@id, \"listView-innerSelectionPanelTable-listUl\")]/tbody/tr[6]/td[2]/div/div"}
COMMAND: POST /session/2308dad0f2a7537c6be193a87bfcce7d/element - {"using":"xpath","value":"//table[contains(@id, \"listView-innerSelectionPanelTable-listUl\")]/tbody/tr[6]/td[2]/div"}
RESULT: {"using":"xpath","value":"//table[contains(@id, \"listView-innerSelectionPanelTable-listUl\")]/tbody/tr[6]/td[2]/div"}
COMMAND: POST /session/2308dad0f2a7537c6be193a87bfcce7d/element - {"using":"xpath","value":"//table[contains(@id, \"listView-innerSelectionPanelTable-listUl\")]/tbody/tr[6]/td[3]/div/div/span/span[1]/bdi"}
RESULT: {"using":"xpath","value":"//table[contains(@id, \"listView-innerSelectionPanelTable-listUl\")]/tbody/tr[6]/td[3]/div/div/span/span[1]/bdi"}
COMMAND: POST /session/2308dad0f2a7537c6be193a87bfcce7d/execute/sync - {"script":"<script> [56 bytes]","args":[{"element-6066-11e4-a52e-4f735466cecf":"f.8FEDB17297EEB2F430C5C9DB657928CB.d.CB6573956B94A1F6B77311C8FE478B16.e.11518","ELEMENT":"f.8FEDB17297EEB2F430C5C9DB657928CB.d.CB6573956B94A1F6B77311C8FE478B16.e.11518"}]}
RESULT: {"script":"<script> [56 bytes]","args":[{"element-6066-11e4-a52e-4f735466cecf":"f.8FEDB17297EEB2F430C5C9DB657928CB.d.CB6573956B94A1F6B77311C8FE478B16.e.11518","ELEMENT":"f.8FEDB17297EEB2F430C5C9DB657928CB.d.CB6573956B94A1F6B77311C8FE478B16.e.11518"}]}
COMMAND: GET /session/2308dad0f2a7537c6be193a87bfcce7d/element/f.8FEDB17297EEB2F430C5C9DB657928CB.d.CB6573956B94A1F6B77311C8FE478B16.e.11517/attribute/aria-checked - {}
COMMAND: GET /session/2308dad0f2a7537c6be193a87bfcce7d/screenshot - {}
RESULT: {}
COMMAND: POST /session/2308dad0f2a7537c6be193a87bfcce7d/element - {"using":"xpath","value":"//table[contains(@id, \"listView-innerSelectionPanelTable-listUl\")]/tbody/tr[7]/td[2]/div/div"}
RESULT: {}
RESULT: {"using":"xpath","value":"//table[contains(@id, \"listView-innerSelectionPanelTable-listUl\")]/tbody/tr[7]/td[2]/div/div"}
COMMAND: POST /session/2308dad0f2a7537c6be193a87bfcce7d/element - {"using":"xpath","value":"//table[contains(@id, \"listView-innerSelectionPanelTable-listUl\")]/tbody/tr[7]/td[2]/div"}
RESULT: {"using":"xpath","value":"//table[contains(@id, \"listView-innerSelectionPanelTable-listUl\")]/tbody/tr[7]/td[2]/div"}
COMMAND: POST /session/2308dad0f2a7537c6be193a87bfcce7d/element - {"using":"xpath","value":"//table[contains(@id, \"listView-innerSelectionPanelTable-listUl\")]/tbody/tr[7]/td[3]/div/div/span/span[1]/bdi"}
RESULT: {"using":"xpath","value":"//table[contains(@id, \"listView-innerSelectionPanelTable-listUl\")]/tbody/tr[7]/td[3]/div/div/span/span[1]/bdi"}
COMMAND: POST /session/2308dad0f2a7537c6be193a87bfcce7d/execute/sync - {"script":"<script> [56 bytes]","args":[{"element-6066-11e4-a52e-4f735466cecf":"f.8FEDB17297EEB2F430C5C9DB657928CB.d.CB6573956B94A1F6B77311C8FE478B16.e.11521","ELEMENT":"f.8FEDB17297EEB2F430C5C9DB657928CB.d.CB6573956B94A1F6B77311C8FE478B16.e.11521"}]}
RESULT: {"script":"<script> [56 bytes]","args":[{"element-6066-11e4-a52e-4f735466cecf":"f.8FEDB17297EEB2F430C5C9DB657928CB.d.CB6573956B94A1F6B77311C8FE478B16.e.11521","ELEMENT":"f.8FEDB17297EEB2F430C5C9DB657928CB.d.CB6573956B94A1F6B77311C8FE478B16.e.11521"}]}
COMMAND: GET /session/2308dad0f2a7537c6be193a87bfcce7d/element/f.8FEDB17297EEB2F430C5C9DB657928CB.d.CB6573956B94A1F6B77311C8FE478B16.e.11520/attribute/aria-checked - {}
COMMAND: GET /session/2308dad0f2a7537c6be193a87bfcce7d/screenshot - {}
RESULT: {}
COMMAND: POST /session/2308dad0f2a7537c6be193a87bfcce7d/element - {"using":"xpath","value":"//table[contains(@id, \"listView-innerSelectionPanelTable-listUl\")]/tbody/tr[8]/td[2]/div/div"}
RESULT: {}
RESULT: {"using":"xpath","value":"//table[contains(@id, \"listView-innerSelectionPanelTable-listUl\")]/tbody/tr[8]/td[2]/div/div"}
COMMAND: POST /session/2308dad0f2a7537c6be193a87bfcce7d/element - {"using":"xpath","value":"//table[contains(@id, \"listView-innerSelectionPanelTable-listUl\")]/tbody/tr[8]/td[2]/div"}
RESULT: {"using":"xpath","value":"//table[contains(@id, \"listView-innerSelectionPanelTable-listUl\")]/tbody/tr[8]/td[2]/div"}
COMMAND: POST /session/2308dad0f2a7537c6be193a87bfcce7d/element - {"using":"xpath","value":"//table[contains(@id, \"listView-innerSelectionPanelTable-listUl\")]/tbody/tr[8]/td[3]/div/div/span/span[1]/bdi"}
RESULT: {"using":"xpath","value":"//table[contains(@id, \"listView-innerSelectionPanelTable-listUl\")]/tbody/tr[8]/td[3]/div/div/span/span[1]/bdi"}
COMMAND: POST /session/2308dad0f2a7537c6be193a87bfcce7d/execute/sync - {"script":"<script> [56 bytes]","args":[{"element-6066-11e4-a52e-4f735466cecf":"f.8FEDB17297EEB2F430C5C9DB657928CB.d.CB6573956B94A1F6B77311C8FE478B16.e.11524","ELEMENT":"f.8FEDB17297EEB2F430C5C9DB657928CB.d.CB6573956B94A1F6B77311C8FE478B16.e.11524"}]}
RESULT: {"script":"<script> [56 bytes]","args":[{"element-6066-11e4-a52e-4f735466cecf":"f.8FEDB17297EEB2F430C5C9DB657928CB.d.CB6573956B94A1F6B77311C8FE478B16.e.11524","ELEMENT":"f.8FEDB17297EEB2F430C5C9DB657928CB.d.CB6573956B94A1F6B77311C8FE478B16.e.11524"}]}
COMMAND: GET /session/2308dad0f2a7537c6be193a87bfcce7d/element/f.8FEDB17297EEB2F430C5C9DB657928CB.d.CB6573956B94A1F6B77311C8FE478B16.e.11523/attribute/aria-checked - {}
COMMAND: GET /session/2308dad0f2a7537c6be193a87bfcce7d/screenshot - {}
RESULT: {}
COMMAND: POST /session/2308dad0f2a7537c6be193a87bfcce7d/element - {"using":"xpath","value":"//table[contains(@id, \"listView-innerSelectionPanelTable-listUl\")]/tbody/tr[9]/td[2]/div/div"}
RESULT: {}
RESULT: {"using":"xpath","value":"//table[contains(@id, \"listView-innerSelectionPanelTable-listUl\")]/tbody/tr[9]/td[2]/div/div"}
COMMAND: POST /session/2308dad0f2a7537c6be193a87bfcce7d/element - {"using":"xpath","value":"//table[contains(@id, \"listView-innerSelectionPanelTable-listUl\")]/tbody/tr[9]/td[2]/div"}
RESULT: {"using":"xpath","value":"//table[contains(@id, \"listView-innerSelectionPanelTable-listUl\")]/tbody/tr[9]/td[2]/div"}
COMMAND: POST /session/2308dad0f2a7537c6be193a87bfcce7d/element - {"using":"xpath","value":"//table[contains(@id, \"listView-innerSelectionPanelTable-listUl\")]/tbody/tr[9]/td[3]/div/div/span/span[1]/bdi"}
RESULT: {"using":"xpath","value":"//table[contains(@id, \"listView-innerSelectionPanelTable-listUl\")]/tbody/tr[9]/td[3]/div/div/span/span[1]/bdi"}
COMMAND: POST /session/2308dad0f2a7537c6be193a87bfcce7d/execute/sync - {"script":"<script> [56 bytes]","args":[{"element-6066-11e4-a52e-4f735466cecf":"f.8FEDB17297EEB2F430C5C9DB657928CB.d.CB6573956B94A1F6B77311C8FE478B16.e.11527","ELEMENT":"f.8FEDB17297EEB2F430C5C9DB657928CB.d.CB6573956B94A1F6B77311C8FE478B16.e.11527"}]}
RESULT: {"script":"<script> [56 bytes]","args":[{"element-6066-11e4-a52e-4f735466cecf":"f.8FEDB17297EEB2F430C5C9DB657928CB.d.CB6573956B94A1F6B77311C8FE478B16.e.11527","ELEMENT":"f.8FEDB17297EEB2F430C5C9DB657928CB.d.CB6573956B94A1F6B77311C8FE478B16.e.11527"}]}
COMMAND: GET /session/2308dad0f2a7537c6be193a87bfcce7d/element/f.8FEDB17297EEB2F430C5C9DB657928CB.d.CB6573956B94A1F6B77311C8FE478B16.e.11526/attribute/aria-checked - {}
COMMAND: GET /session/2308dad0f2a7537c6be193a87bfcce7d/screenshot - {}
RESULT: {}
COMMAND: POST /session/2308dad0f2a7537c6be193a87bfcce7d/element - {"using":"xpath","value":"//table[contains(@id, \"listView-innerSelectionPanelTable-listUl\")]/tbody/tr[10]/td[2]/div/div"}
RESULT: {}
RESULT: {"using":"xpath","value":"//table[contains(@id, \"listView-innerSelectionPanelTable-listUl\")]/tbody/tr[10]/td[2]/div/div"}
COMMAND: POST /session/2308dad0f2a7537c6be193a87bfcce7d/element - {"using":"xpath","value":"//table[contains(@id, \"listView-innerSelectionPanelTable-listUl\")]/tbody/tr[10]/td[2]/div"}
RESULT: {"using":"xpath","value":"//table[contains(@id, \"listView-innerSelectionPanelTable-listUl\")]/tbody/tr[10]/td[2]/div"}
COMMAND: POST /session/2308dad0f2a7537c6be193a87bfcce7d/element - {"using":"xpath","value":"//table[contains(@id, \"listView-innerSelectionPanelTable-listUl\")]/tbody/tr[10]/td[3]/div/div/span/span[1]/bdi"}
RESULT: {"using":"xpath","value":"//table[contains(@id, \"listView-innerSelectionPanelTable-listUl\")]/tbody/tr[10]/td[3]/div/div/span/span[1]/bdi"}
COMMAND: POST /session/2308dad0f2a7537c6be193a87bfcce7d/execute/sync - {"script":"<script> [56 bytes]","args":[{"element-6066-11e4-a52e-4f735466cecf":"f.8FEDB17297EEB2F430C5C9DB657928CB.d.CB6573956B94A1F6B77311C8FE478B16.e.11530","ELEMENT":"f.8FEDB17297EEB2F430C5C9DB657928CB.d.CB6573956B94A1F6B77311C8FE478B16.e.11530"}]}
RESULT: {"script":"<script> [56 bytes]","args":[{"element-6066-11e4-a52e-4f735466cecf":"f.8FEDB17297EEB2F430C5C9DB657928CB.d.CB6573956B94A1F6B77311C8FE478B16.e.11530","ELEMENT":"f.8FEDB17297EEB2F430C5C9DB657928CB.d.CB6573956B94A1F6B77311C8FE478B16.e.11530"}]}
COMMAND: GET /session/2308dad0f2a7537c6be193a87bfcce7d/element/f.8FEDB17297EEB2F430C5C9DB657928CB.d.CB6573956B94A1F6B77311C8FE478B16.e.11529/attribute/aria-checked - {}
COMMAND: GET /session/2308dad0f2a7537c6be193a87bfcce7d/screenshot - {}
RESULT: {}
COMMAND: POST /session/2308dad0f2a7537c6be193a87bfcce7d/element - {"using":"xpath","value":"//table[contains(@id, \"listView-innerSelectionPanelTable-listUl\")]/tbody/tr[11]/td[2]/div/div"}
RESULT: {}
RESULT: {"using":"xpath","value":"//table[contains(@id, \"listView-innerSelectionPanelTable-listUl\")]/tbody/tr[11]/td[2]/div/div"}
COMMAND: POST /session/2308dad0f2a7537c6be193a87bfcce7d/element - {"using":"xpath","value":"//table[contains(@id, \"listView-innerSelectionPanelTable-listUl\")]/tbody/tr[11]/td[2]/div"}
RESULT: {"using":"xpath","value":"//table[contains(@id, \"listView-innerSelectionPanelTable-listUl\")]/tbody/tr[11]/td[2]/div"}
COMMAND: POST /session/2308dad0f2a7537c6be193a87bfcce7d/element - {"using":"xpath","value":"//table[contains(@id, \"listView-innerSelectionPanelTable-listUl\")]/tbody/tr[11]/td[3]/div/div/span/span[1]/bdi"}
RESULT: {"using":"xpath","value":"//table[contains(@id, \"listView-innerSelectionPanelTable-listUl\")]/tbody/tr[11]/td[3]/div/div/span/span[1]/bdi"}
COMMAND: POST /session/2308dad0f2a7537c6be193a87bfcce7d/execute/sync - {"script":"<script> [56 bytes]","args":[{"element-6066-11e4-a52e-4f735466cecf":"f.8FEDB17297EEB2F430C5C9DB657928CB.d.CB6573956B94A1F6B77311C8FE478B16.e.11533","ELEMENT":"f.8FEDB17297EEB2F430C5C9DB657928CB.d.CB6573956B94A1F6B77311C8FE478B16.e.11533"}]}
RESULT: {"script":"<script> [56 bytes]","args":[{"element-6066-11e4-a52e-4f735466cecf":"f.8FEDB17297EEB2F430C5C9DB657928CB.d.CB6573956B94A1F6B77311C8FE478B16.e.11533","ELEMENT":"f.8FEDB17297EEB2F430C5C9DB657928CB.d.CB6573956B94A1F6B77311C8FE478B16.e.11533"}]}
COMMAND: GET /session/2308dad0f2a7537c6be193a87bfcce7d/element/f.8FEDB17297EEB2F430C5C9DB657928CB.d.CB6573956B94A1F6B77311C8FE478B16.e.11532/attribute/aria-checked - {}
COMMAND: GET /session/2308dad0f2a7537c6be193a87bfcce7d/screenshot - {}
RESULT: {}
COMMAND: POST /session/2308dad0f2a7537c6be193a87bfcce7d/element - {"using":"xpath","value":"//table[contains(@id, \"listView-innerSelectionPanelTable-listUl\")]/tbody/tr[12]/td[2]/div/div"}
RESULT: {}
RESULT: {"using":"xpath","value":"//table[contains(@id, \"listView-innerSelectionPanelTable-listUl\")]/tbody/tr[12]/td[2]/div/div"}
COMMAND: POST /session/2308dad0f2a7537c6be193a87bfcce7d/element - {"using":"xpath","value":"//table[contains(@id, \"listView-innerSelectionPanelTable-listUl\")]/tbody/tr[12]/td[2]/div"}
RESULT: {"using":"xpath","value":"//table[contains(@id, \"listView-innerSelectionPanelTable-listUl\")]/tbody/tr[12]/td[2]/div"}
COMMAND: POST /session/2308dad0f2a7537c6be193a87bfcce7d/element - {"using":"xpath","value":"//table[contains(@id, \"listView-innerSelectionPanelTable-listUl\")]/tbody/tr[12]/td[3]/div/div/span/span[1]/bdi"}
RESULT: {"using":"xpath","value":"//table[contains(@id, \"listView-innerSelectionPanelTable-listUl\")]/tbody/tr[12]/td[3]/div/div/span/span[1]/bdi"}
COMMAND: POST /session/2308dad0f2a7537c6be193a87bfcce7d/execute/sync - {"script":"<script> [56 bytes]","args":[{"element-6066-11e4-a52e-4f735466cecf":"f.8FEDB17297EEB2F430C5C9DB657928CB.d.CB6573956B94A1F6B77311C8FE478B16.e.11536","ELEMENT":"f.8FEDB17297EEB2F430C5C9DB657928CB.d.CB6573956B94A1F6B77311C8FE478B16.e.11536"}]}
RESULT: {"script":"<script> [56 bytes]","args":[{"element-6066-11e4-a52e-4f735466cecf":"f.8FEDB17297EEB2F430C5C9DB657928CB.d.CB6573956B94A1F6B77311C8FE478B16.e.11536","ELEMENT":"f.8FEDB17297EEB2F430C5C9DB657928CB.d.CB6573956B94A1F6B77311C8FE478B16.e.11536"}]}
COMMAND: GET /session/2308dad0f2a7537c6be193a87bfcce7d/element/f.8FEDB17297EEB2F430C5C9DB657928CB.d.CB6573956B94A1F6B77311C8FE478B16.e.11535/attribute/aria-checked - {}
COMMAND: GET /session/2308dad0f2a7537c6be193a87bfcce7d/screenshot - {}
RESULT: {}
COMMAND: POST /session/2308dad0f2a7537c6be193a87bfcce7d/element - {"using":"xpath","value":"//table[contains(@id, \"listView-innerSelectionPanelTable-listUl\")]/tbody/tr[13]/td[2]/div/div"}
RESULT: {}
RESULT: {"using":"xpath","value":"//table[contains(@id, \"listView-innerSelectionPanelTable-listUl\")]/tbody/tr[13]/td[2]/div/div"}
COMMAND: POST /session/2308dad0f2a7537c6be193a87bfcce7d/element - {"using":"xpath","value":"//table[contains(@id, \"listView-innerSelectionPanelTable-listUl\")]/tbody/tr[13]/td[2]/div"}
RESULT: {"using":"xpath","value":"//table[contains(@id, \"listView-innerSelectionPanelTable-listUl\")]/tbody/tr[13]/td[2]/div"}
COMMAND: POST /session/2308dad0f2a7537c6be193a87bfcce7d/element - {"using":"xpath","value":"//table[contains(@id, \"listView-innerSelectionPanelTable-listUl\")]/tbody/tr[13]/td[3]/div/div/span/span[1]/bdi"}
RESULT: {"using":"xpath","value":"//table[contains(@id, \"listView-innerSelectionPanelTable-listUl\")]/tbody/tr[13]/td[3]/div/div/span/span[1]/bdi"}
COMMAND: POST /session/2308dad0f2a7537c6be193a87bfcce7d/execute/sync - {"script":"<script> [56 bytes]","args":[{"element-6066-11e4-a52e-4f735466cecf":"f.8FEDB17297EEB2F430C5C9DB657928CB.d.CB6573956B94A1F6B77311C8FE478B16.e.11539","ELEMENT":"f.8FEDB17297EEB2F430C5C9DB657928CB.d.CB6573956B94A1F6B77311C8FE478B16.e.11539"}]}
RESULT: {"script":"<script> [56 bytes]","args":[{"element-6066-11e4-a52e-4f735466cecf":"f.8FEDB17297EEB2F430C5C9DB657928CB.d.CB6573956B94A1F6B77311C8FE478B16.e.11539","ELEMENT":"f.8FEDB17297EEB2F430C5C9DB657928CB.d.CB6573956B94A1F6B77311C8FE478B16.e.11539"}]}
COMMAND: GET /session/2308dad0f2a7537c6be193a87bfcce7d/element/f.8FEDB17297EEB2F430C5C9DB657928CB.d.CB6573956B94A1F6B77311C8FE478B16.e.11538/attribute/aria-checked - {}
COMMAND: GET /session/2308dad0f2a7537c6be193a87bfcce7d/screenshot - {}
RESULT: {}
COMMAND: POST /session/2308dad0f2a7537c6be193a87bfcce7d/element/f.8FEDB17297EEB2F430C5C9DB657928CB.d.CB6573956B94A1F6B77311C8FE478B16.e.11537/click - {}
RESULT: {}
RESULT: {}
COMMAND: GET /session/2308dad0f2a7537c6be193a87bfcce7d/screenshot - {}
COMMAND: POST /session/2308dad0f2a7537c6be193a87bfcce7d/element - {"using":"xpath","value":"//table[contains(@id, \"listView-innerSelectionPanelTable-listUl\")]/tbody/tr[14]/td[2]/div/div"}
RESULT: {}
RESULT: {"using":"xpath","value":"//table[contains(@id, \"listView-innerSelectionPanelTable-listUl\")]/tbody/tr[14]/td[2]/div/div"}
COMMAND: POST /session/2308dad0f2a7537c6be193a87bfcce7d/element - {"using":"xpath","value":"//table[contains(@id, \"listView-innerSelectionPanelTable-listUl\")]/tbody/tr[14]/td[2]/div"}
RESULT: {"using":"xpath","value":"//table[contains(@id, \"listView-innerSelectionPanelTable-listUl\")]/tbody/tr[14]/td[2]/div"}
COMMAND: POST /session/2308dad0f2a7537c6be193a87bfcce7d/element - {"using":"xpath","value":"//table[contains(@id, \"listView-innerSelectionPanelTable-listUl\")]/tbody/tr[14]/td[3]/div/div/span/span[1]/bdi"}
RESULT: {"using":"xpath","value":"//table[contains(@id, \"listView-innerSelectionPanelTable-listUl\")]/tbody/tr[14]/td[3]/div/div/span/span[1]/bdi"}
COMMAND: POST /session/2308dad0f2a7537c6be193a87bfcce7d/execute/sync - {"script":"<script> [56 bytes]","args":[{"element-6066-11e4-a52e-4f735466cecf":"f.8FEDB17297EEB2F430C5C9DB657928CB.d.CB6573956B94A1F6B77311C8FE478B16.e.11543","ELEMENT":"f.8FEDB17297EEB2F430C5C9DB657928CB.d.CB6573956B94A1F6B77311C8FE478B16.e.11543"}]}
RESULT: {"script":"<script> [56 bytes]","args":[{"element-6066-11e4-a52e-4f735466cecf":"f.8FEDB17297EEB2F430C5C9DB657928CB.d.CB6573956B94A1F6B77311C8FE478B16.e.11543","ELEMENT":"f.8FEDB17297EEB2F430C5C9DB657928CB.d.CB6573956B94A1F6B77311C8FE478B16.e.11543"}]}
COMMAND: GET /session/2308dad0f2a7537c6be193a87bfcce7d/element/f.8FEDB17297EEB2F430C5C9DB657928CB.d.CB6573956B94A1F6B77311C8FE478B16.e.11542/attribute/aria-checked - {}
COMMAND: GET /session/2308dad0f2a7537c6be193a87bfcce7d/screenshot - {}
RESULT: {}
COMMAND: POST /session/2308dad0f2a7537c6be193a87bfcce7d/element/f.8FEDB17297EEB2F430C5C9DB657928CB.d.CB6573956B94A1F6B77311C8FE478B16.e.11541/click - {}
RESULT: {}
RESULT: {}
COMMAND: GET /session/2308dad0f2a7537c6be193a87bfcce7d/screenshot - {}
COMMAND: POST /session/2308dad0f2a7537c6be193a87bfcce7d/element - {"using":"xpath","value":"//table[contains(@id, \"listView-innerSelectionPanelTable-listUl\")]/tbody/tr[15]/td[2]/div/div"}
RESULT: {}
RESULT: {"using":"xpath","value":"//table[contains(@id, \"listView-innerSelectionPanelTable-listUl\")]/tbody/tr[15]/td[2]/div/div"}
COMMAND: POST /session/2308dad0f2a7537c6be193a87bfcce7d/element - {"using":"xpath","value":"//table[contains(@id, \"listView-innerSelectionPanelTable-listUl\")]/tbody/tr[15]/td[2]/div"}
RESULT: {"using":"xpath","value":"//table[contains(@id, \"listView-innerSelectionPanelTable-listUl\")]/tbody/tr[15]/td[2]/div"}
COMMAND: POST /session/2308dad0f2a7537c6be193a87bfcce7d/element - {"using":"xpath","value":"//table[contains(@id, \"listView-innerSelectionPanelTable-listUl\")]/tbody/tr[15]/td[3]/div/div/span/span[1]/bdi"}
RESULT: {"using":"xpath","value":"//table[contains(@id, \"listView-innerSelectionPanelTable-listUl\")]/tbody/tr[15]/td[3]/div/div/span/span[1]/bdi"}
COMMAND: POST /session/2308dad0f2a7537c6be193a87bfcce7d/execute/sync - {"script":"<script> [56 bytes]","args":[{"element-6066-11e4-a52e-4f735466cecf":"f.8FEDB17297EEB2F430C5C9DB657928CB.d.CB6573956B94A1F6B77311C8FE478B16.e.11547","ELEMENT":"f.8FEDB17297EEB2F430C5C9DB657928CB.d.CB6573956B94A1F6B77311C8FE478B16.e.11547"}]}
RESULT: {"script":"<script> [56 bytes]","args":[{"element-6066-11e4-a52e-4f735466cecf":"f.8FEDB17297EEB2F430C5C9DB657928CB.d.CB6573956B94A1F6B77311C8FE478B16.e.11547","ELEMENT":"f.8FEDB17297EEB2F430C5C9DB657928CB.d.CB6573956B94A1F6B77311C8FE478B16.e.11547"}]}
COMMAND: GET /session/2308dad0f2a7537c6be193a87bfcce7d/element/f.8FEDB17297EEB2F430C5C9DB657928CB.d.CB6573956B94A1F6B77311C8FE478B16.e.11546/attribute/aria-checked - {}
COMMAND: GET /session/2308dad0f2a7537c6be193a87bfcce7d/screenshot - {}
RESULT: {}
COMMAND: POST /session/2308dad0f2a7537c6be193a87bfcce7d/element - {"using":"xpath","value":"//table[contains(@id, \"listView-innerSelectionPanelTable-listUl\")]/tbody/tr[16]/td[2]/div/div"}
RESULT: {}
RESULT: {"using":"xpath","value":"//table[contains(@id, \"listView-innerSelectionPanelTable-listUl\")]/tbody/tr[16]/td[2]/div/div"}
COMMAND: POST /session/2308dad0f2a7537c6be193a87bfcce7d/element - {"using":"xpath","value":"//table[contains(@id, \"listView-innerSelectionPanelTable-listUl\")]/tbody/tr[16]/td[2]/div"}
RESULT: {"using":"xpath","value":"//table[contains(@id, \"listView-innerSelectionPanelTable-listUl\")]/tbody/tr[16]/td[2]/div"}
COMMAND: POST /session/2308dad0f2a7537c6be193a87bfcce7d/element - {"using":"xpath","value":"//table[contains(@id, \"listView-innerSelectionPanelTable-listUl\")]/tbody/tr[16]/td[3]/div/div/span/span[1]/bdi"}
RESULT: {"using":"xpath","value":"//table[contains(@id, \"listView-innerSelectionPanelTable-listUl\")]/tbody/tr[16]/td[3]/div/div/span/span[1]/bdi"}
COMMAND: POST /session/2308dad0f2a7537c6be193a87bfcce7d/execute/sync - {"script":"<script> [56 bytes]","args":[{"element-6066-11e4-a52e-4f735466cecf":"f.8FEDB17297EEB2F430C5C9DB657928CB.d.CB6573956B94A1F6B77311C8FE478B16.e.11550","ELEMENT":"f.8FEDB17297EEB2F430C5C9DB657928CB.d.CB6573956B94A1F6B77311C8FE478B16.e.11550"}]}
RESULT: {"script":"<script> [56 bytes]","args":[{"element-6066-11e4-a52e-4f735466cecf":"f.8FEDB17297EEB2F430C5C9DB657928CB.d.CB6573956B94A1F6B77311C8FE478B16.e.11550","ELEMENT":"f.8FEDB17297EEB2F430C5C9DB657928CB.d.CB6573956B94A1F6B77311C8FE478B16.e.11550"}]}
COMMAND: GET /session/2308dad0f2a7537c6be193a87bfcce7d/element/f.8FEDB17297EEB2F430C5C9DB657928CB.d.CB6573956B94A1F6B77311C8FE478B16.e.11549/attribute/aria-checked - {}
COMMAND: GET /session/2308dad0f2a7537c6be193a87bfcce7d/screenshot - {}
RESULT: {}
COMMAND: POST /session/2308dad0f2a7537c6be193a87bfcce7d/element/f.8FEDB17297EEB2F430C5C9DB657928CB.d.CB6573956B94A1F6B77311C8FE478B16.e.11548/click - {}
RESULT: {}
RESULT: {}
COMMAND: GET /session/2308dad0f2a7537c6be193a87bfcce7d/screenshot - {}
COMMAND: POST /session/2308dad0f2a7537c6be193a87bfcce7d/element - {"using":"xpath","value":"//table[contains(@id, \"listView-innerSelectionPanelTable-listUl\")]/tbody/tr[17]/td[2]/div/div"}
RESULT: {}
RESULT: {"using":"xpath","value":"//table[contains(@id, \"listView-innerSelectionPanelTable-listUl\")]/tbody/tr[17]/td[2]/div/div"}
COMMAND: POST /session/2308dad0f2a7537c6be193a87bfcce7d/element - {"using":"xpath","value":"//table[contains(@id, \"listView-innerSelectionPanelTable-listUl\")]/tbody/tr[17]/td[2]/div"}
RESULT: {"using":"xpath","value":"//table[contains(@id, \"listView-innerSelectionPanelTable-listUl\")]/tbody/tr[17]/td[2]/div"}
COMMAND: POST /session/2308dad0f2a7537c6be193a87bfcce7d/element - {"using":"xpath","value":"//table[contains(@id, \"listView-innerSelectionPanelTable-listUl\")]/tbody/tr[17]/td[3]/div/div/span/span[1]/bdi"}
RESULT: {"using":"xpath","value":"//table[contains(@id, \"listView-innerSelectionPanelTable-listUl\")]/tbody/tr[17]/td[3]/div/div/span/span[1]/bdi"}
COMMAND: POST /session/2308dad0f2a7537c6be193a87bfcce7d/execute/sync - {"script":"<script> [56 bytes]","args":[{"element-6066-11e4-a52e-4f735466cecf":"f.8FEDB17297EEB2F430C5C9DB657928CB.d.CB6573956B94A1F6B77311C8FE478B16.e.11554","ELEMENT":"f.8FEDB17297EEB2F430C5C9DB657928CB.d.CB6573956B94A1F6B77311C8FE478B16.e.11554"}]}
RESULT: {"script":"<script> [56 bytes]","args":[{"element-6066-11e4-a52e-4f735466cecf":"f.8FEDB17297EEB2F430C5C9DB657928CB.d.CB6573956B94A1F6B77311C8FE478B16.e.11554","ELEMENT":"f.8FEDB17297EEB2F430C5C9DB657928CB.d.CB6573956B94A1F6B77311C8FE478B16.e.11554"}]}
COMMAND: GET /session/2308dad0f2a7537c6be193a87bfcce7d/element/f.8FEDB17297EEB2F430C5C9DB657928CB.d.CB6573956B94A1F6B77311C8FE478B16.e.11553/attribute/aria-checked - {}
COMMAND: GET /session/2308dad0f2a7537c6be193a87bfcce7d/screenshot - {}
RESULT: {}
COMMAND: POST /session/2308dad0f2a7537c6be193a87bfcce7d/element - {"using":"xpath","value":"//table[contains(@id, \"listView-innerSelectionPanelTable-listUl\")]/tbody/tr[18]/td[2]/div/div"}
RESULT: {}
RESULT: {"using":"xpath","value":"//table[contains(@id, \"listView-innerSelectionPanelTable-listUl\")]/tbody/tr[18]/td[2]/div/div"}
COMMAND: POST /session/2308dad0f2a7537c6be193a87bfcce7d/element - {"using":"xpath","value":"//table[contains(@id, \"listView-innerSelectionPanelTable-listUl\")]/tbody/tr[18]/td[2]/div"}
RESULT: {"using":"xpath","value":"//table[contains(@id, \"listView-innerSelectionPanelTable-listUl\")]/tbody/tr[18]/td[2]/div"}
COMMAND: POST /session/2308dad0f2a7537c6be193a87bfcce7d/element - {"using":"xpath","value":"//table[contains(@id, \"listView-innerSelectionPanelTable-listUl\")]/tbody/tr[18]/td[3]/div/div/span/span[1]/bdi"}
RESULT: {"using":"xpath","value":"//table[contains(@id, \"listView-innerSelectionPanelTable-listUl\")]/tbody/tr[18]/td[3]/div/div/span/span[1]/bdi"}
COMMAND: POST /session/2308dad0f2a7537c6be193a87bfcce7d/execute/sync - {"script":"<script> [56 bytes]","args":[{"element-6066-11e4-a52e-4f735466cecf":"f.8FEDB17297EEB2F430C5C9DB657928CB.d.CB6573956B94A1F6B77311C8FE478B16.e.11557","ELEMENT":"f.8FEDB17297EEB2F430C5C9DB657928CB.d.CB6573956B94A1F6B77311C8FE478B16.e.11557"}]}
RESULT: {"script":"<script> [56 bytes]","args":[{"element-6066-11e4-a52e-4f735466cecf":"f.8FEDB17297EEB2F430C5C9DB657928CB.d.CB6573956B94A1F6B77311C8FE478B16.e.11557","ELEMENT":"f.8FEDB17297EEB2F430C5C9DB657928CB.d.CB6573956B94A1F6B77311C8FE478B16.e.11557"}]}
COMMAND: GET /session/2308dad0f2a7537c6be193a87bfcce7d/element/f.8FEDB17297EEB2F430C5C9DB657928CB.d.CB6573956B94A1F6B77311C8FE478B16.e.11556/attribute/aria-checked - {}
COMMAND: GET /session/2308dad0f2a7537c6be193a87bfcce7d/screenshot - {}
RESULT: {}
COMMAND: POST /session/2308dad0f2a7537c6be193a87bfcce7d/element - {"using":"xpath","value":"//table[contains(@id, \"listView-innerSelectionPanelTable-listUl\")]/tbody/tr[19]/td[2]/div/div"}
RESULT: {}
RESULT: {"using":"xpath","value":"//table[contains(@id, \"listView-innerSelectionPanelTable-listUl\")]/tbody/tr[19]/td[2]/div/div"}
COMMAND: POST /session/2308dad0f2a7537c6be193a87bfcce7d/element - {"using":"xpath","value":"//table[contains(@id, \"listView-innerSelectionPanelTable-listUl\")]/tbody/tr[19]/td[2]/div"}
RESULT: {"using":"xpath","value":"//table[contains(@id, \"listView-innerSelectionPanelTable-listUl\")]/tbody/tr[19]/td[2]/div"}
COMMAND: POST /session/2308dad0f2a7537c6be193a87bfcce7d/element - {"using":"xpath","value":"//table[contains(@id, \"listView-innerSelectionPanelTable-listUl\")]/tbody/tr[19]/td[3]/div/div/span/span[1]/bdi"}
RESULT: {"using":"xpath","value":"//table[contains(@id, \"listView-innerSelectionPanelTable-listUl\")]/tbody/tr[19]/td[3]/div/div/span/span[1]/bdi"}
COMMAND: POST /session/2308dad0f2a7537c6be193a87bfcce7d/execute/sync - {"script":"<script> [56 bytes]","args":[{"element-6066-11e4-a52e-4f735466cecf":"f.8FEDB17297EEB2F430C5C9DB657928CB.d.CB6573956B94A1F6B77311C8FE478B16.e.11560","ELEMENT":"f.8FEDB17297EEB2F430C5C9DB657928CB.d.CB6573956B94A1F6B77311C8FE478B16.e.11560"}]}
RESULT: {"script":"<script> [56 bytes]","args":[{"element-6066-11e4-a52e-4f735466cecf":"f.8FEDB17297EEB2F430C5C9DB657928CB.d.CB6573956B94A1F6B77311C8FE478B16.e.11560","ELEMENT":"f.8FEDB17297EEB2F430C5C9DB657928CB.d.CB6573956B94A1F6B77311C8FE478B16.e.11560"}]}
COMMAND: GET /session/2308dad0f2a7537c6be193a87bfcce7d/element/f.8FEDB17297EEB2F430C5C9DB657928CB.d.CB6573956B94A1F6B77311C8FE478B16.e.11559/attribute/aria-checked - {}
COMMAND: GET /session/2308dad0f2a7537c6be193a87bfcce7d/screenshot - {}
RESULT: {}
COMMAND: POST /session/2308dad0f2a7537c6be193a87bfcce7d/element - {"using":"xpath","value":"//table[contains(@id, \"listView-innerSelectionPanelTable-listUl\")]/tbody/tr[20]/td[2]/div/div"}
RESULT: {}
RESULT: {"using":"xpath","value":"//table[contains(@id, \"listView-innerSelectionPanelTable-listUl\")]/tbody/tr[20]/td[2]/div/div"}
COMMAND: POST /session/2308dad0f2a7537c6be193a87bfcce7d/element - {"using":"xpath","value":"//table[contains(@id, \"listView-innerSelectionPanelTable-listUl\")]/tbody/tr[20]/td[2]/div"}
RESULT: {"using":"xpath","value":"//table[contains(@id, \"listView-innerSelectionPanelTable-listUl\")]/tbody/tr[20]/td[2]/div"}
COMMAND: POST /session/2308dad0f2a7537c6be193a87bfcce7d/element - {"using":"xpath","value":"//table[contains(@id, \"listView-innerSelectionPanelTable-listUl\")]/tbody/tr[20]/td[3]/div/div/span/span[1]/bdi"}
RESULT: {"using":"xpath","value":"//table[contains(@id, \"listView-innerSelectionPanelTable-listUl\")]/tbody/tr[20]/td[3]/div/div/span/span[1]/bdi"}
COMMAND: POST /session/2308dad0f2a7537c6be193a87bfcce7d/execute/sync - {"script":"<script> [56 bytes]","args":[{"element-6066-11e4-a52e-4f735466cecf":"f.8FEDB17297EEB2F430C5C9DB657928CB.d.CB6573956B94A1F6B77311C8FE478B16.e.11563","ELEMENT":"f.8FEDB17297EEB2F430C5C9DB657928CB.d.CB6573956B94A1F6B77311C8FE478B16.e.11563"}]}
RESULT: {"script":"<script> [56 bytes]","args":[{"element-6066-11e4-a52e-4f735466cecf":"f.8FEDB17297EEB2F430C5C9DB657928CB.d.CB6573956B94A1F6B77311C8FE478B16.e.11563","ELEMENT":"f.8FEDB17297EEB2F430C5C9DB657928CB.d.CB6573956B94A1F6B77311C8FE478B16.e.11563"}]}
COMMAND: GET /session/2308dad0f2a7537c6be193a87bfcce7d/element/f.8FEDB17297EEB2F430C5C9DB657928CB.d.CB6573956B94A1F6B77311C8FE478B16.e.11562/attribute/aria-checked - {}
COMMAND: GET /session/2308dad0f2a7537c6be193a87bfcce7d/screenshot - {}
RESULT: {}
COMMAND: POST /session/2308dad0f2a7537c6be193a87bfcce7d/element - {"using":"xpath","value":"//table[contains(@id, \"listView-innerSelectionPanelTable-listUl\")]/tbody/tr[21]/td[2]/div/div"}
RESULT: {}
RESULT: {"using":"xpath","value":"//table[contains(@id, \"listView-innerSelectionPanelTable-listUl\")]/tbody/tr[21]/td[2]/div/div"}
COMMAND: POST /session/2308dad0f2a7537c6be193a87bfcce7d/element - {"using":"xpath","value":"//table[contains(@id, \"listView-innerSelectionPanelTable-listUl\")]/tbody/tr[21]/td[2]/div"}
RESULT: {"using":"xpath","value":"//table[contains(@id, \"listView-innerSelectionPanelTable-listUl\")]/tbody/tr[21]/td[2]/div"}
COMMAND: POST /session/2308dad0f2a7537c6be193a87bfcce7d/element - {"using":"xpath","value":"//table[contains(@id, \"listView-innerSelectionPanelTable-listUl\")]/tbody/tr[21]/td[3]/div/div/span/span[1]/bdi"}
RESULT: {"using":"xpath","value":"//table[contains(@id, \"listView-innerSelectionPanelTable-listUl\")]/tbody/tr[21]/td[3]/div/div/span/span[1]/bdi"}
COMMAND: POST /session/2308dad0f2a7537c6be193a87bfcce7d/execute/sync - {"script":"<script> [56 bytes]","args":[{"element-6066-11e4-a52e-4f735466cecf":"f.8FEDB17297EEB2F430C5C9DB657928CB.d.CB6573956B94A1F6B77311C8FE478B16.e.11566","ELEMENT":"f.8FEDB17297EEB2F430C5C9DB657928CB.d.CB6573956B94A1F6B77311C8FE478B16.e.11566"}]}
RESULT: {"script":"<script> [56 bytes]","args":[{"element-6066-11e4-a52e-4f735466cecf":"f.8FEDB17297EEB2F430C5C9DB657928CB.d.CB6573956B94A1F6B77311C8FE478B16.e.11566","ELEMENT":"f.8FEDB17297EEB2F430C5C9DB657928CB.d.CB6573956B94A1F6B77311C8FE478B16.e.11566"}]}
COMMAND: GET /session/2308dad0f2a7537c6be193a87bfcce7d/element/f.8FEDB17297EEB2F430C5C9DB657928CB.d.CB6573956B94A1F6B77311C8FE478B16.e.11565/attribute/aria-checked - {}
COMMAND: GET /session/2308dad0f2a7537c6be193a87bfcce7d/screenshot - {}
RESULT: {}
COMMAND: POST /session/2308dad0f2a7537c6be193a87bfcce7d/element - {"using":"xpath","value":"//table[contains(@id, \"listView-innerSelectionPanelTable-listUl\")]/tbody/tr[22]/td[2]/div/div"}
RESULT: {}
RESULT: {"using":"xpath","value":"//table[contains(@id, \"listView-innerSelectionPanelTable-listUl\")]/tbody/tr[22]/td[2]/div/div"}
COMMAND: POST /session/2308dad0f2a7537c6be193a87bfcce7d/element - {"using":"xpath","value":"//table[contains(@id, \"listView-innerSelectionPanelTable-listUl\")]/tbody/tr[22]/td[2]/div"}
RESULT: {"using":"xpath","value":"//table[contains(@id, \"listView-innerSelectionPanelTable-listUl\")]/tbody/tr[22]/td[2]/div"}
COMMAND: POST /session/2308dad0f2a7537c6be193a87bfcce7d/element - {"using":"xpath","value":"//table[contains(@id, \"listView-innerSelectionPanelTable-listUl\")]/tbody/tr[22]/td[3]/div/div/span/span[1]/bdi"}
RESULT: {"using":"xpath","value":"//table[contains(@id, \"listView-innerSelectionPanelTable-listUl\")]/tbody/tr[22]/td[3]/div/div/span/span[1]/bdi"}
COMMAND: POST /session/2308dad0f2a7537c6be193a87bfcce7d/execute/sync - {"script":"<script> [56 bytes]","args":[{"element-6066-11e4-a52e-4f735466cecf":"f.8FEDB17297EEB2F430C5C9DB657928CB.d.CB6573956B94A1F6B77311C8FE478B16.e.11569","ELEMENT":"f.8FEDB17297EEB2F430C5C9DB657928CB.d.CB6573956B94A1F6B77311C8FE478B16.e.11569"}]}
RESULT: {"script":"<script> [56 bytes]","args":[{"element-6066-11e4-a52e-4f735466cecf":"f.8FEDB17297EEB2F430C5C9DB657928CB.d.CB6573956B94A1F6B77311C8FE478B16.e.11569","ELEMENT":"f.8FEDB17297EEB2F430C5C9DB657928CB.d.CB6573956B94A1F6B77311C8FE478B16.e.11569"}]}
COMMAND: GET /session/2308dad0f2a7537c6be193a87bfcce7d/element/f.8FEDB17297EEB2F430C5C9DB657928CB.d.CB6573956B94A1F6B77311C8FE478B16.e.11568/attribute/aria-checked - {}
COMMAND: GET /session/2308dad0f2a7537c6be193a87bfcce7d/screenshot - {}
RESULT: {}
COMMAND: POST /session/2308dad0f2a7537c6be193a87bfcce7d/element - {"using":"xpath","value":"//table[contains(@id, \"listView-innerSelectionPanelTable-listUl\")]/tbody/tr[23]/td[2]/div/div"}
RESULT: {}
RESULT: {"using":"xpath","value":"//table[contains(@id, \"listView-innerSelectionPanelTable-listUl\")]/tbody/tr[23]/td[2]/div/div"}
COMMAND: POST /session/2308dad0f2a7537c6be193a87bfcce7d/element - {"using":"xpath","value":"//table[contains(@id, \"listView-innerSelectionPanelTable-listUl\")]/tbody/tr[23]/td[2]/div"}
RESULT: {"using":"xpath","value":"//table[contains(@id, \"listView-innerSelectionPanelTable-listUl\")]/tbody/tr[23]/td[2]/div"}
COMMAND: POST /session/2308dad0f2a7537c6be193a87bfcce7d/element - {"using":"xpath","value":"//table[contains(@id, \"listView-innerSelectionPanelTable-listUl\")]/tbody/tr[23]/td[3]/div/div/span/span[1]/bdi"}
RESULT: {"using":"xpath","value":"//table[contains(@id, \"listView-innerSelectionPanelTable-listUl\")]/tbody/tr[23]/td[3]/div/div/span/span[1]/bdi"}
COMMAND: POST /session/2308dad0f2a7537c6be193a87bfcce7d/execute/sync - {"script":"<script> [56 bytes]","args":[{"element-6066-11e4-a52e-4f735466cecf":"f.8FEDB17297EEB2F430C5C9DB657928CB.d.CB6573956B94A1F6B77311C8FE478B16.e.11572","ELEMENT":"f.8FEDB17297EEB2F430C5C9DB657928CB.d.CB6573956B94A1F6B77311C8FE478B16.e.11572"}]}
RESULT: {"script":"<script> [56 bytes]","args":[{"element-6066-11e4-a52e-4f735466cecf":"f.8FEDB17297EEB2F430C5C9DB657928CB.d.CB6573956B94A1F6B77311C8FE478B16.e.11572","ELEMENT":"f.8FEDB17297EEB2F430C5C9DB657928CB.d.CB6573956B94A1F6B77311C8FE478B16.e.11572"}]}
COMMAND: GET /session/2308dad0f2a7537c6be193a87bfcce7d/element/f.8FEDB17297EEB2F430C5C9DB657928CB.d.CB6573956B94A1F6B77311C8FE478B16.e.11571/attribute/aria-checked - {}
COMMAND: GET /session/2308dad0f2a7537c6be193a87bfcce7d/screenshot - {}
RESULT: {}
COMMAND: POST /session/2308dad0f2a7537c6be193a87bfcce7d/element - {"using":"xpath","value":"//table[contains(@id, \"listView-innerSelectionPanelTable-listUl\")]/tbody/tr[24]/td[2]/div/div"}
RESULT: {}
RESULT: {"using":"xpath","value":"//table[contains(@id, \"listView-innerSelectionPanelTable-listUl\")]/tbody/tr[24]/td[2]/div/div"}
COMMAND: POST /session/2308dad0f2a7537c6be193a87bfcce7d/element - {"using":"xpath","value":"//table[contains(@id, \"listView-innerSelectionPanelTable-listUl\")]/tbody/tr[24]/td[2]/div"}
RESULT: {"using":"xpath","value":"//table[contains(@id, \"listView-innerSelectionPanelTable-listUl\")]/tbody/tr[24]/td[2]/div"}
COMMAND: POST /session/2308dad0f2a7537c6be193a87bfcce7d/element - {"using":"xpath","value":"//table[contains(@id, \"listView-innerSelectionPanelTable-listUl\")]/tbody/tr[24]/td[3]/div/div/span/span[1]/bdi"}
RESULT: {"using":"xpath","value":"//table[contains(@id, \"listView-innerSelectionPanelTable-listUl\")]/tbody/tr[24]/td[3]/div/div/span/span[1]/bdi"}
COMMAND: POST /session/2308dad0f2a7537c6be193a87bfcce7d/execute/sync - {"script":"<script> [56 bytes]","args":[{"element-6066-11e4-a52e-4f735466cecf":"f.8FEDB17297EEB2F430C5C9DB657928CB.d.CB6573956B94A1F6B77311C8FE478B16.e.11575","ELEMENT":"f.8FEDB17297EEB2F430C5C9DB657928CB.d.CB6573956B94A1F6B77311C8FE478B16.e.11575"}]}
RESULT: {"script":"<script> [56 bytes]","args":[{"element-6066-11e4-a52e-4f735466cecf":"f.8FEDB17297EEB2F430C5C9DB657928CB.d.CB6573956B94A1F6B77311C8FE478B16.e.11575","ELEMENT":"f.8FEDB17297EEB2F430C5C9DB657928CB.d.CB6573956B94A1F6B77311C8FE478B16.e.11575"}]}
COMMAND: GET /session/2308dad0f2a7537c6be193a87bfcce7d/element/f.8FEDB17297EEB2F430C5C9DB657928CB.d.CB6573956B94A1F6B77311C8FE478B16.e.11574/attribute/aria-checked - {}
COMMAND: GET /session/2308dad0f2a7537c6be193a87bfcce7d/screenshot - {}
RESULT: {}
COMMAND: POST /session/2308dad0f2a7537c6be193a87bfcce7d/element - {"using":"xpath","value":"//table[contains(@id, \"listView-innerSelectionPanelTable-listUl\")]/tbody/tr[25]/td[2]/div/div"}
RESULT: {}
RESULT: {"using":"xpath","value":"//table[contains(@id, \"listView-innerSelectionPanelTable-listUl\")]/tbody/tr[25]/td[2]/div/div"}
COMMAND: POST /session/2308dad0f2a7537c6be193a87bfcce7d/element - {"using":"xpath","value":"//table[contains(@id, \"listView-innerSelectionPanelTable-listUl\")]/tbody/tr[25]/td[2]/div"}
RESULT: {"using":"xpath","value":"//table[contains(@id, \"listView-innerSelectionPanelTable-listUl\")]/tbody/tr[25]/td[2]/div"}
COMMAND: POST /session/2308dad0f2a7537c6be193a87bfcce7d/element - {"using":"xpath","value":"//table[contains(@id, \"listView-innerSelectionPanelTable-listUl\")]/tbody/tr[25]/td[3]/div/div/span/span[1]/bdi"}
RESULT: {"using":"xpath","value":"//table[contains(@id, \"listView-innerSelectionPanelTable-listUl\")]/tbody/tr[25]/td[3]/div/div/span/span[1]/bdi"}
COMMAND: POST /session/2308dad0f2a7537c6be193a87bfcce7d/execute/sync - {"script":"<script> [56 bytes]","args":[{"element-6066-11e4-a52e-4f735466cecf":"f.8FEDB17297EEB2F430C5C9DB657928CB.d.CB6573956B94A1F6B77311C8FE478B16.e.11578","ELEMENT":"f.8FEDB17297EEB2F430C5C9DB657928CB.d.CB6573956B94A1F6B77311C8FE478B16.e.11578"}]}
RESULT: {"script":"<script> [56 bytes]","args":[{"element-6066-11e4-a52e-4f735466cecf":"f.8FEDB17297EEB2F430C5C9DB657928CB.d.CB6573956B94A1F6B77311C8FE478B16.e.11578","ELEMENT":"f.8FEDB17297EEB2F430C5C9DB657928CB.d.CB6573956B94A1F6B77311C8FE478B16.e.11578"}]}
COMMAND: GET /session/2308dad0f2a7537c6be193a87bfcce7d/element/f.8FEDB17297EEB2F430C5C9DB657928CB.d.CB6573956B94A1F6B77311C8FE478B16.e.11577/attribute/aria-checked - {}
COMMAND: GET /session/2308dad0f2a7537c6be193a87bfcce7d/screenshot - {}
RESULT: {}
COMMAND: POST /session/2308dad0f2a7537c6be193a87bfcce7d/element - {"using":"xpath","value":"//bdi[contains(text(), \"OK\")]"}
RESULT: {}
RESULT: {"using":"xpath","value":"//bdi[contains(text(), \"OK\")]"}
COMMAND: POST /session/2308dad0f2a7537c6be193a87bfcce7d/element/f.8FEDB17297EEB2F430C5C9DB657928CB.d.CB6573956B94A1F6B77311C8FE478B16.e.11579/click - {}
RESULT: {}
COMMAND: GET /session/2308dad0f2a7537c6be193a87bfcce7d/screenshot - {}
RESULT: {}
RESULT: undefined
COMMAND: POST /session/2308dad0f2a7537c6be193a87bfcce7d/element - {"using":"xpath","value":"//*[@id=\"application-managepartners-display-component---masterPtm--smartFilterBar-filterItemControlA_-LINK_TO_ADDRESSES_MAIN.CITY1-vhi\"]"}
RESULT: {"using":"xpath","value":"//*[@id=\"application-managepartners-display-component---masterPtm--smartFilterBar-filterItemControlA_-LINK_TO_ADDRESSES_MAIN.CITY1-vhi\"]"}
COMMAND: POST /session/2308dad0f2a7537c6be193a87bfcce7d/element/f.8FEDB17297EEB2F430C5C9DB657928CB.d.CB6573956B94A1F6B77311C8FE478B16.e.11655/click - {}
RESULT: {}
COMMAND: GET /session/2308dad0f2a7537c6be193a87bfcce7d/screenshot - {}
RESULT: {}
COMMAND: POST /session/2308dad0f2a7537c6be193a87bfcce7d/element - {"using":"xpath","value":"//bdi[contains(text(), \"Cancel\")]"}
RESULT: {"using":"xpath","value":"//bdi[contains(text(), \"Cancel\")]"}
COMMAND: POST /session/2308dad0f2a7537c6be193a87bfcce7d/element/f.8FEDB17297EEB2F430C5C9DB657928CB.d.CB6573956B94A1F6B77311C8FE478B16.e.11660/click - {}
RESULT: {}
COMMAND: GET /session/2308dad0f2a7537c6be193a87bfcce7d/screenshot - {}
RESULT: {}
COMMAND: POST /session/2308dad0f2a7537c6be193a87bfcce7d/execute/async - {"script":"<script> [1562 bytes]","args":[{"selector":{"id":"application-managepartners-display-component---masterPtm--smartFilterBar-filterItemControlA_-LINK_TO_ADDRESSES_MAIN.COUNTRY-vhi"},"wdio_ui5_key":"applicationmanagepartners-display-component---masterPtm--smartFilterBar-filterItemControlA_-LINK_TO_ADDRESSES_MAIN.COUNTRY-vhi"}]}
RESULT: {"script":"<script> [1562 bytes]","args":[{"selector":{"id":"application-managepartners-display-component---masterPtm--smartFilterBar-filterItemControlA_-LINK_TO_ADDRESSES_MAIN.COUNTRY-vhi"},"wdio_ui5_key":"applicationmanagepartners-display-component---masterPtm--smartFilterBar-filterItemControlA_-LINK_TO_ADDRESSES_MAIN.COUNTRY-vhi"}]}
RESULT: undefined
COMMAND: POST /session/2308dad0f2a7537c6be193a87bfcce7d/element - {"using":"xpath","value":"//*[@id=\"application-managepartners-display-component---masterPtm--smartFilterBar-filterItemControlA_-LINK_TO_ADDRESSES_MAIN.COUNTRY-vhi\"]"}
RESULT: {"using":"xpath","value":"//*[@id=\"application-managepartners-display-component---masterPtm--smartFilterBar-filterItemControlA_-LINK_TO_ADDRESSES_MAIN.COUNTRY-vhi\"]"}
COMMAND: POST /session/2308dad0f2a7537c6be193a87bfcce7d/element/f.8FEDB17297EEB2F430C5C9DB657928CB.d.CB6573956B94A1F6B77311C8FE478B16.e.11662/click - {}
RESULT: {}
COMMAND: GET /session/2308dad0f2a7537c6be193a87bfcce7d/screenshot - {}
RESULT: {}
COMMAND: POST /session/2308dad0f2a7537c6be193a87bfcce7d/element - {"using":"xpath","value":"//bdi[contains(text(), \"Cancel\")]"}
RESULT: {"using":"xpath","value":"//bdi[contains(text(), \"Cancel\")]"}
COMMAND: POST /session/2308dad0f2a7537c6be193a87bfcce7d/element/f.8FEDB17297EEB2F430C5C9DB657928CB.d.CB6573956B94A1F6B77311C8FE478B16.e.11670/click - {}
RESULT: {}
COMMAND: GET /session/2308dad0f2a7537c6be193a87bfcce7d/screenshot - {}
RESULT: {}
COMMAND: POST /session/2308dad0f2a7537c6be193a87bfcce7d/execute/async - {"script":"<script> [1562 bytes]","args":[{"selector":{"id":"application-managepartners-display-component---masterPtm--smartFilterBar-filterItemControlA_-COMPANY_CODE-vhi"},"wdio_ui5_key":"applicationmanagepartners-display-component---masterPtm--smartFilterBar-filterItemControlA_-COMPANY_CODE-vhi"}]}
RESULT: {"script":"<script> [1562 bytes]","args":[{"selector":{"id":"application-managepartners-display-component---masterPtm--smartFilterBar-filterItemControlA_-COMPANY_CODE-vhi"},"wdio_ui5_key":"applicationmanagepartners-display-component---masterPtm--smartFilterBar-filterItemControlA_-COMPANY_CODE-vhi"}]}
RESULT: undefined
COMMAND: POST /session/2308dad0f2a7537c6be193a87bfcce7d/element - {"using":"xpath","value":"//*[@id=\"application-managepartners-display-component---masterPtm--smartFilterBar-filterItemControlA_-COMPANY_CODE-vhi\"]"}
RESULT: {"using":"xpath","value":"//*[@id=\"application-managepartners-display-component---masterPtm--smartFilterBar-filterItemControlA_-COMPANY_CODE-vhi\"]"}
COMMAND: POST /session/2308dad0f2a7537c6be193a87bfcce7d/element/f.8FEDB17297EEB2F430C5C9DB657928CB.d.CB6573956B94A1F6B77311C8FE478B16.e.11673/click - {}
RESULT: {}
COMMAND: GET /session/2308dad0f2a7537c6be193a87bfcce7d/screenshot - {}
RESULT: {}
COMMAND: POST /session/2308dad0f2a7537c6be193a87bfcce7d/element - {"using":"xpath","value":"//bdi[contains(text(), \"Cancel\")]"}
RESULT: {"using":"xpath","value":"//bdi[contains(text(), \"Cancel\")]"}
COMMAND: POST /session/2308dad0f2a7537c6be193a87bfcce7d/element/f.8FEDB17297EEB2F430C5C9DB657928CB.d.CB6573956B94A1F6B77311C8FE478B16.e.11679/click - {}
RESULT: {}
COMMAND: GET /session/2308dad0f2a7537c6be193a87bfcce7d/screenshot - {}
RESULT: {}
COMMAND: POST /session/2308dad0f2a7537c6be193a87bfcce7d/execute/async - {"script":"<script> [1562 bytes]","args":[{"selector":{"id":"application-managepartners-display-component---masterPtm--smartTable-btnPersonalisation-img"},"wdio_ui5_key":"applicationmanagepartners-display-component---masterPtm--smartTable-btnPersonalisation-img"}]}
RESULT: {"script":"<script> [1562 bytes]","args":[{"selector":{"id":"application-managepartners-display-component---masterPtm--smartTable-btnPersonalisation-img"},"wdio_ui5_key":"applicationmanagepartners-display-component---masterPtm--smartTable-btnPersonalisation-img"}]}
RESULT: undefined
COMMAND: POST /session/2308dad0f2a7537c6be193a87bfcce7d/element - {"using":"xpath","value":"//*[@id=\"application-managepartners-display-component---masterPtm--smartTable-btnPersonalisation-img\"]"}
RESULT: {"using":"xpath","value":"//*[@id=\"application-managepartners-display-component---masterPtm--smartTable-btnPersonalisation-img\"]"}
COMMAND: POST /session/2308dad0f2a7537c6be193a87bfcce7d/element/f.8FEDB17297EEB2F430C5C9DB657928CB.d.CB6573956B94A1F6B77311C8FE478B16.e.9526/click - {}
RESULT: {}
COMMAND: GET /session/2308dad0f2a7537c6be193a87bfcce7d/screenshot - {}
RESULT: {}
COMMAND: POST /session/2308dad0f2a7537c6be193a87bfcce7d/elements - {"using":"xpath","value":"//table[contains(@id, \"innerSelectionPanelTable-listUl\")]/tbody/tr"}
RESULT: {"using":"xpath","value":"//table[contains(@id, \"innerSelectionPanelTable-listUl\")]/tbody/tr"}
COMMAND: POST /session/2308dad0f2a7537c6be193a87bfcce7d/element - {"using":"xpath","value":"//table[contains(@id, \"innerSelectionPanelTable-listUl\")]/tbody/tr[2]/td[2]/div/div"}
RESULT: {"using":"xpath","value":"//table[contains(@id, \"innerSelectionPanelTable-listUl\")]/tbody/tr[2]/td[2]/div/div"}
COMMAND: POST /session/2308dad0f2a7537c6be193a87bfcce7d/element - {"using":"xpath","value":"//table[contains(@id, \"innerSelectionPanelTable-listUl\")]/tbody/tr[2]/td[3]/div/div/span/span[1]/bdi"}
RESULT: {"using":"xpath","value":"//table[contains(@id, \"innerSelectionPanelTable-listUl\")]/tbody/tr[2]/td[3]/div/div/span/span[1]/bdi"}
COMMAND: POST /session/2308dad0f2a7537c6be193a87bfcce7d/execute/sync - {"script":"<script> [56 bytes]","args":[{"element-6066-11e4-a52e-4f735466cecf":"f.8FEDB17297EEB2F430C5C9DB657928CB.d.CB6573956B94A1F6B77311C8FE478B16.e.11717","ELEMENT":"f.8FEDB17297EEB2F430C5C9DB657928CB.d.CB6573956B94A1F6B77311C8FE478B16.e.11717"}]}
RESULT: {"script":"<script> [56 bytes]","args":[{"element-6066-11e4-a52e-4f735466cecf":"f.8FEDB17297EEB2F430C5C9DB657928CB.d.CB6573956B94A1F6B77311C8FE478B16.e.11717","ELEMENT":"f.8FEDB17297EEB2F430C5C9DB657928CB.d.CB6573956B94A1F6B77311C8FE478B16.e.11717"}]}
COMMAND: POST /session/2308dad0f2a7537c6be193a87bfcce7d/element - {"using":"xpath","value":"//table[contains(@id, \"innerSelectionPanelTable-listUl\")]/tbody/tr[3]/td[2]/div/div"}
COMMAND: GET /session/2308dad0f2a7537c6be193a87bfcce7d/screenshot - {}
RESULT: {"using":"xpath","value":"//table[contains(@id, \"innerSelectionPanelTable-listUl\")]/tbody/tr[3]/td[2]/div/div"}
COMMAND: POST /session/2308dad0f2a7537c6be193a87bfcce7d/element - {"using":"xpath","value":"//table[contains(@id, \"innerSelectionPanelTable-listUl\")]/tbody/tr[3]/td[3]/div/div/span/span[1]/bdi"}
RESULT: {}
RESULT: {"using":"xpath","value":"//table[contains(@id, \"innerSelectionPanelTable-listUl\")]/tbody/tr[3]/td[3]/div/div/span/span[1]/bdi"}
COMMAND: POST /session/2308dad0f2a7537c6be193a87bfcce7d/execute/sync - {"script":"<script> [56 bytes]","args":[{"element-6066-11e4-a52e-4f735466cecf":"f.8FEDB17297EEB2F430C5C9DB657928CB.d.CB6573956B94A1F6B77311C8FE478B16.e.11719","ELEMENT":"f.8FEDB17297EEB2F430C5C9DB657928CB.d.CB6573956B94A1F6B77311C8FE478B16.e.11719"}]}
RESULT: {"script":"<script> [56 bytes]","args":[{"element-6066-11e4-a52e-4f735466cecf":"f.8FEDB17297EEB2F430C5C9DB657928CB.d.CB6573956B94A1F6B77311C8FE478B16.e.11719","ELEMENT":"f.8FEDB17297EEB2F430C5C9DB657928CB.d.CB6573956B94A1F6B77311C8FE478B16.e.11719"}]}
COMMAND: POST /session/2308dad0f2a7537c6be193a87bfcce7d/element - {"using":"xpath","value":"//table[contains(@id, \"innerSelectionPanelTable-listUl\")]/tbody/tr[4]/td[2]/div/div"}
COMMAND: GET /session/2308dad0f2a7537c6be193a87bfcce7d/screenshot - {}
RESULT: {"using":"xpath","value":"//table[contains(@id, \"innerSelectionPanelTable-listUl\")]/tbody/tr[4]/td[2]/div/div"}
COMMAND: POST /session/2308dad0f2a7537c6be193a87bfcce7d/element - {"using":"xpath","value":"//table[contains(@id, \"innerSelectionPanelTable-listUl\")]/tbody/tr[4]/td[3]/div/div/span/span[1]/bdi"}
RESULT: {}
RESULT: {"using":"xpath","value":"//table[contains(@id, \"innerSelectionPanelTable-listUl\")]/tbody/tr[4]/td[3]/div/div/span/span[1]/bdi"}
COMMAND: POST /session/2308dad0f2a7537c6be193a87bfcce7d/execute/sync - {"script":"<script> [56 bytes]","args":[{"element-6066-11e4-a52e-4f735466cecf":"f.8FEDB17297EEB2F430C5C9DB657928CB.d.CB6573956B94A1F6B77311C8FE478B16.e.11721","ELEMENT":"f.8FEDB17297EEB2F430C5C9DB657928CB.d.CB6573956B94A1F6B77311C8FE478B16.e.11721"}]}
RESULT: {"script":"<script> [56 bytes]","args":[{"element-6066-11e4-a52e-4f735466cecf":"f.8FEDB17297EEB2F430C5C9DB657928CB.d.CB6573956B94A1F6B77311C8FE478B16.e.11721","ELEMENT":"f.8FEDB17297EEB2F430C5C9DB657928CB.d.CB6573956B94A1F6B77311C8FE478B16.e.11721"}]}
COMMAND: POST /session/2308dad0f2a7537c6be193a87bfcce7d/element - {"using":"xpath","value":"//table[contains(@id, \"innerSelectionPanelTable-listUl\")]/tbody/tr[5]/td[2]/div/div"}
COMMAND: POST /session/2308dad0f2a7537c6be193a87bfcce7d/element/f.8FEDB17297EEB2F430C5C9DB657928CB.d.CB6573956B94A1F6B77311C8FE478B16.e.11720/click - {}
COMMAND: GET /session/2308dad0f2a7537c6be193a87bfcce7d/screenshot - {}
RESULT: {"using":"xpath","value":"//table[contains(@id, \"innerSelectionPanelTable-listUl\")]/tbody/tr[5]/td[2]/div/div"}
COMMAND: POST /session/2308dad0f2a7537c6be193a87bfcce7d/element - {"using":"xpath","value":"//table[contains(@id, \"innerSelectionPanelTable-listUl\")]/tbody/tr[5]/td[3]/div/div/span/span[1]/bdi"}
RESULT: {}
COMMAND: GET /session/2308dad0f2a7537c6be193a87bfcce7d/screenshot - {}
RESULT: {}
RESULT: {"using":"xpath","value":"//table[contains(@id, \"innerSelectionPanelTable-listUl\")]/tbody/tr[5]/td[3]/div/div/span/span[1]/bdi"}
COMMAND: POST /session/2308dad0f2a7537c6be193a87bfcce7d/execute/sync - {"script":"<script> [56 bytes]","args":[{"element-6066-11e4-a52e-4f735466cecf":"f.8FEDB17297EEB2F430C5C9DB657928CB.d.CB6573956B94A1F6B77311C8FE478B16.e.11725","ELEMENT":"f.8FEDB17297EEB2F430C5C9DB657928CB.d.CB6573956B94A1F6B77311C8FE478B16.e.11725"}]}
RESULT: {}
RESULT: {"script":"<script> [56 bytes]","args":[{"element-6066-11e4-a52e-4f735466cecf":"f.8FEDB17297EEB2F430C5C9DB657928CB.d.CB6573956B94A1F6B77311C8FE478B16.e.11725","ELEMENT":"f.8FEDB17297EEB2F430C5C9DB657928CB.d.CB6573956B94A1F6B77311C8FE478B16.e.11725"}]}
COMMAND: POST /session/2308dad0f2a7537c6be193a87bfcce7d/element - {"using":"xpath","value":"//table[contains(@id, \"innerSelectionPanelTable-listUl\")]/tbody/tr[6]/td[2]/div/div"}
COMMAND: GET /session/2308dad0f2a7537c6be193a87bfcce7d/screenshot - {}
RESULT: {"using":"xpath","value":"//table[contains(@id, \"innerSelectionPanelTable-listUl\")]/tbody/tr[6]/td[2]/div/div"}
COMMAND: POST /session/2308dad0f2a7537c6be193a87bfcce7d/element - {"using":"xpath","value":"//table[contains(@id, \"innerSelectionPanelTable-listUl\")]/tbody/tr[6]/td[3]/div/div/span/span[1]/bdi"}
RESULT: {}
RESULT: {"using":"xpath","value":"//table[contains(@id, \"innerSelectionPanelTable-listUl\")]/tbody/tr[6]/td[3]/div/div/span/span[1]/bdi"}
COMMAND: POST /session/2308dad0f2a7537c6be193a87bfcce7d/execute/sync - {"script":"<script> [56 bytes]","args":[{"element-6066-11e4-a52e-4f735466cecf":"f.8FEDB17297EEB2F430C5C9DB657928CB.d.CB6573956B94A1F6B77311C8FE478B16.e.11727","ELEMENT":"f.8FEDB17297EEB2F430C5C9DB657928CB.d.CB6573956B94A1F6B77311C8FE478B16.e.11727"}]}
RESULT: {"script":"<script> [56 bytes]","args":[{"element-6066-11e4-a52e-4f735466cecf":"f.8FEDB17297EEB2F430C5C9DB657928CB.d.CB6573956B94A1F6B77311C8FE478B16.e.11727","ELEMENT":"f.8FEDB17297EEB2F430C5C9DB657928CB.d.CB6573956B94A1F6B77311C8FE478B16.e.11727"}]}
COMMAND: POST /session/2308dad0f2a7537c6be193a87bfcce7d/element - {"using":"xpath","value":"//table[contains(@id, \"innerSelectionPanelTable-listUl\")]/tbody/tr[7]/td[2]/div/div"}
COMMAND: POST /session/2308dad0f2a7537c6be193a87bfcce7d/element/f.8FEDB17297EEB2F430C5C9DB657928CB.d.CB6573956B94A1F6B77311C8FE478B16.e.11726/click - {}
COMMAND: GET /session/2308dad0f2a7537c6be193a87bfcce7d/screenshot - {}
RESULT: {"using":"xpath","value":"//table[contains(@id, \"innerSelectionPanelTable-listUl\")]/tbody/tr[7]/td[2]/div/div"}
COMMAND: POST /session/2308dad0f2a7537c6be193a87bfcce7d/element - {"using":"xpath","value":"//table[contains(@id, \"innerSelectionPanelTable-listUl\")]/tbody/tr[7]/td[3]/div/div/span/span[1]/bdi"}
RESULT: {}
COMMAND: GET /session/2308dad0f2a7537c6be193a87bfcce7d/screenshot - {}
RESULT: {}
RESULT: {"using":"xpath","value":"//table[contains(@id, \"innerSelectionPanelTable-listUl\")]/tbody/tr[7]/td[3]/div/div/span/span[1]/bdi"}
COMMAND: POST /session/2308dad0f2a7537c6be193a87bfcce7d/execute/sync - {"script":"<script> [56 bytes]","args":[{"element-6066-11e4-a52e-4f735466cecf":"f.8FEDB17297EEB2F430C5C9DB657928CB.d.CB6573956B94A1F6B77311C8FE478B16.e.11730","ELEMENT":"f.8FEDB17297EEB2F430C5C9DB657928CB.d.CB6573956B94A1F6B77311C8FE478B16.e.11730"}]}
RESULT: {}
RESULT: {"script":"<script> [56 bytes]","args":[{"element-6066-11e4-a52e-4f735466cecf":"f.8FEDB17297EEB2F430C5C9DB657928CB.d.CB6573956B94A1F6B77311C8FE478B16.e.11730","ELEMENT":"f.8FEDB17297EEB2F430C5C9DB657928CB.d.CB6573956B94A1F6B77311C8FE478B16.e.11730"}]}
COMMAND: POST /session/2308dad0f2a7537c6be193a87bfcce7d/element - {"using":"xpath","value":"//table[contains(@id, \"innerSelectionPanelTable-listUl\")]/tbody/tr[8]/td[2]/div/div"}
COMMAND: GET /session/2308dad0f2a7537c6be193a87bfcce7d/screenshot - {}
RESULT: {"using":"xpath","value":"//table[contains(@id, \"innerSelectionPanelTable-listUl\")]/tbody/tr[8]/td[2]/div/div"}
COMMAND: POST /session/2308dad0f2a7537c6be193a87bfcce7d/element - {"using":"xpath","value":"//table[contains(@id, \"innerSelectionPanelTable-listUl\")]/tbody/tr[8]/td[3]/div/div/span/span[1]/bdi"}
RESULT: {}
RESULT: {"using":"xpath","value":"//table[contains(@id, \"innerSelectionPanelTable-listUl\")]/tbody/tr[8]/td[3]/div/div/span/span[1]/bdi"}
COMMAND: POST /session/2308dad0f2a7537c6be193a87bfcce7d/execute/sync - {"script":"<script> [56 bytes]","args":[{"element-6066-11e4-a52e-4f735466cecf":"f.8FEDB17297EEB2F430C5C9DB657928CB.d.CB6573956B94A1F6B77311C8FE478B16.e.11732","ELEMENT":"f.8FEDB17297EEB2F430C5C9DB657928CB.d.CB6573956B94A1F6B77311C8FE478B16.e.11732"}]}
RESULT: {"script":"<script> [56 bytes]","args":[{"element-6066-11e4-a52e-4f735466cecf":"f.8FEDB17297EEB2F430C5C9DB657928CB.d.CB6573956B94A1F6B77311C8FE478B16.e.11732","ELEMENT":"f.8FEDB17297EEB2F430C5C9DB657928CB.d.CB6573956B94A1F6B77311C8FE478B16.e.11732"}]}
COMMAND: POST /session/2308dad0f2a7537c6be193a87bfcce7d/element - {"using":"xpath","value":"//table[contains(@id, \"innerSelectionPanelTable-listUl\")]/tbody/tr[9]/td[2]/div/div"}
COMMAND: GET /session/2308dad0f2a7537c6be193a87bfcce7d/screenshot - {}
RESULT: {"using":"xpath","value":"//table[contains(@id, \"innerSelectionPanelTable-listUl\")]/tbody/tr[9]/td[2]/div/div"}
COMMAND: POST /session/2308dad0f2a7537c6be193a87bfcce7d/element - {"using":"xpath","value":"//table[contains(@id, \"innerSelectionPanelTable-listUl\")]/tbody/tr[9]/td[3]/div/div/span/span[1]/bdi"}
RESULT: {}
RESULT: {"using":"xpath","value":"//table[contains(@id, \"innerSelectionPanelTable-listUl\")]/tbody/tr[9]/td[3]/div/div/span/span[1]/bdi"}
COMMAND: POST /session/2308dad0f2a7537c6be193a87bfcce7d/execute/sync - {"script":"<script> [56 bytes]","args":[{"element-6066-11e4-a52e-4f735466cecf":"f.8FEDB17297EEB2F430C5C9DB657928CB.d.CB6573956B94A1F6B77311C8FE478B16.e.11734","ELEMENT":"f.8FEDB17297EEB2F430C5C9DB657928CB.d.CB6573956B94A1F6B77311C8FE478B16.e.11734"}]}
RESULT: {"script":"<script> [56 bytes]","args":[{"element-6066-11e4-a52e-4f735466cecf":"f.8FEDB17297EEB2F430C5C9DB657928CB.d.CB6573956B94A1F6B77311C8FE478B16.e.11734","ELEMENT":"f.8FEDB17297EEB2F430C5C9DB657928CB.d.CB6573956B94A1F6B77311C8FE478B16.e.11734"}]}
COMMAND: POST /session/2308dad0f2a7537c6be193a87bfcce7d/element - {"using":"xpath","value":"//table[contains(@id, \"innerSelectionPanelTable-listUl\")]/tbody/tr[10]/td[2]/div/div"}
COMMAND: GET /session/2308dad0f2a7537c6be193a87bfcce7d/screenshot - {}
RESULT: {"using":"xpath","value":"//table[contains(@id, \"innerSelectionPanelTable-listUl\")]/tbody/tr[10]/td[2]/div/div"}
COMMAND: POST /session/2308dad0f2a7537c6be193a87bfcce7d/element - {"using":"xpath","value":"//table[contains(@id, \"innerSelectionPanelTable-listUl\")]/tbody/tr[10]/td[3]/div/div/span/span[1]/bdi"}
RESULT: {}
RESULT: {"using":"xpath","value":"//table[contains(@id, \"innerSelectionPanelTable-listUl\")]/tbody/tr[10]/td[3]/div/div/span/span[1]/bdi"}
COMMAND: POST /session/2308dad0f2a7537c6be193a87bfcce7d/execute/sync - {"script":"<script> [56 bytes]","args":[{"element-6066-11e4-a52e-4f735466cecf":"f.8FEDB17297EEB2F430C5C9DB657928CB.d.CB6573956B94A1F6B77311C8FE478B16.e.11736","ELEMENT":"f.8FEDB17297EEB2F430C5C9DB657928CB.d.CB6573956B94A1F6B77311C8FE478B16.e.11736"}]}
RESULT: {"script":"<script> [56 bytes]","args":[{"element-6066-11e4-a52e-4f735466cecf":"f.8FEDB17297EEB2F430C5C9DB657928CB.d.CB6573956B94A1F6B77311C8FE478B16.e.11736","ELEMENT":"f.8FEDB17297EEB2F430C5C9DB657928CB.d.CB6573956B94A1F6B77311C8FE478B16.e.11736"}]}
COMMAND: POST /session/2308dad0f2a7537c6be193a87bfcce7d/element - {"using":"xpath","value":"//table[contains(@id, \"innerSelectionPanelTable-listUl\")]/tbody/tr[11]/td[2]/div/div"}
COMMAND: GET /session/2308dad0f2a7537c6be193a87bfcce7d/screenshot - {}
RESULT: {"using":"xpath","value":"//table[contains(@id, \"innerSelectionPanelTable-listUl\")]/tbody/tr[11]/td[2]/div/div"}
COMMAND: POST /session/2308dad0f2a7537c6be193a87bfcce7d/element - {"using":"xpath","value":"//table[contains(@id, \"innerSelectionPanelTable-listUl\")]/tbody/tr[11]/td[3]/div/div/span/span[1]/bdi"}
RESULT: {}
RESULT: {"using":"xpath","value":"//table[contains(@id, \"innerSelectionPanelTable-listUl\")]/tbody/tr[11]/td[3]/div/div/span/span[1]/bdi"}
COMMAND: POST /session/2308dad0f2a7537c6be193a87bfcce7d/execute/sync - {"script":"<script> [56 bytes]","args":[{"element-6066-11e4-a52e-4f735466cecf":"f.8FEDB17297EEB2F430C5C9DB657928CB.d.CB6573956B94A1F6B77311C8FE478B16.e.11738","ELEMENT":"f.8FEDB17297EEB2F430C5C9DB657928CB.d.CB6573956B94A1F6B77311C8FE478B16.e.11738"}]}
RESULT: {"script":"<script> [56 bytes]","args":[{"element-6066-11e4-a52e-4f735466cecf":"f.8FEDB17297EEB2F430C5C9DB657928CB.d.CB6573956B94A1F6B77311C8FE478B16.e.11738","ELEMENT":"f.8FEDB17297EEB2F430C5C9DB657928CB.d.CB6573956B94A1F6B77311C8FE478B16.e.11738"}]}
COMMAND: POST /session/2308dad0f2a7537c6be193a87bfcce7d/element - {"using":"xpath","value":"//table[contains(@id, \"innerSelectionPanelTable-listUl\")]/tbody/tr[12]/td[2]/div/div"}
COMMAND: GET /session/2308dad0f2a7537c6be193a87bfcce7d/screenshot - {}
RESULT: {"using":"xpath","value":"//table[contains(@id, \"innerSelectionPanelTable-listUl\")]/tbody/tr[12]/td[2]/div/div"}
COMMAND: POST /session/2308dad0f2a7537c6be193a87bfcce7d/element - {"using":"xpath","value":"//table[contains(@id, \"innerSelectionPanelTable-listUl\")]/tbody/tr[12]/td[3]/div/div/span/span[1]/bdi"}
RESULT: {}
RESULT: {"using":"xpath","value":"//table[contains(@id, \"innerSelectionPanelTable-listUl\")]/tbody/tr[12]/td[3]/div/div/span/span[1]/bdi"}
COMMAND: POST /session/2308dad0f2a7537c6be193a87bfcce7d/execute/sync - {"script":"<script> [56 bytes]","args":[{"element-6066-11e4-a52e-4f735466cecf":"f.8FEDB17297EEB2F430C5C9DB657928CB.d.CB6573956B94A1F6B77311C8FE478B16.e.11740","ELEMENT":"f.8FEDB17297EEB2F430C5C9DB657928CB.d.CB6573956B94A1F6B77311C8FE478B16.e.11740"}]}
RESULT: {"script":"<script> [56 bytes]","args":[{"element-6066-11e4-a52e-4f735466cecf":"f.8FEDB17297EEB2F430C5C9DB657928CB.d.CB6573956B94A1F6B77311C8FE478B16.e.11740","ELEMENT":"f.8FEDB17297EEB2F430C5C9DB657928CB.d.CB6573956B94A1F6B77311C8FE478B16.e.11740"}]}
COMMAND: POST /session/2308dad0f2a7537c6be193a87bfcce7d/element - {"using":"xpath","value":"//table[contains(@id, \"innerSelectionPanelTable-listUl\")]/tbody/tr[13]/td[2]/div/div"}
COMMAND: POST /session/2308dad0f2a7537c6be193a87bfcce7d/element/f.8FEDB17297EEB2F430C5C9DB657928CB.d.CB6573956B94A1F6B77311C8FE478B16.e.11739/click - {}
COMMAND: GET /session/2308dad0f2a7537c6be193a87bfcce7d/screenshot - {}
RESULT: {"using":"xpath","value":"//table[contains(@id, \"innerSelectionPanelTable-listUl\")]/tbody/tr[13]/td[2]/div/div"}
COMMAND: POST /session/2308dad0f2a7537c6be193a87bfcce7d/element - {"using":"xpath","value":"//table[contains(@id, \"innerSelectionPanelTable-listUl\")]/tbody/tr[13]/td[3]/div/div/span/span[1]/bdi"}
RESULT: {}
COMMAND: GET /session/2308dad0f2a7537c6be193a87bfcce7d/screenshot - {}
RESULT: {}
RESULT: {"using":"xpath","value":"//table[contains(@id, \"innerSelectionPanelTable-listUl\")]/tbody/tr[13]/td[3]/div/div/span/span[1]/bdi"}
COMMAND: POST /session/2308dad0f2a7537c6be193a87bfcce7d/execute/sync - {"script":"<script> [56 bytes]","args":[{"element-6066-11e4-a52e-4f735466cecf":"f.8FEDB17297EEB2F430C5C9DB657928CB.d.CB6573956B94A1F6B77311C8FE478B16.e.11744","ELEMENT":"f.8FEDB17297EEB2F430C5C9DB657928CB.d.CB6573956B94A1F6B77311C8FE478B16.e.11744"}]}
RESULT: {}
RESULT: {"script":"<script> [56 bytes]","args":[{"element-6066-11e4-a52e-4f735466cecf":"f.8FEDB17297EEB2F430C5C9DB657928CB.d.CB6573956B94A1F6B77311C8FE478B16.e.11744","ELEMENT":"f.8FEDB17297EEB2F430C5C9DB657928CB.d.CB6573956B94A1F6B77311C8FE478B16.e.11744"}]}
COMMAND: POST /session/2308dad0f2a7537c6be193a87bfcce7d/element - {"using":"xpath","value":"//table[contains(@id, \"innerSelectionPanelTable-listUl\")]/tbody/tr[14]/td[2]/div/div"}
COMMAND: GET /session/2308dad0f2a7537c6be193a87bfcce7d/screenshot - {}
RESULT: {"using":"xpath","value":"//table[contains(@id, \"innerSelectionPanelTable-listUl\")]/tbody/tr[14]/td[2]/div/div"}
COMMAND: POST /session/2308dad0f2a7537c6be193a87bfcce7d/element - {"using":"xpath","value":"//table[contains(@id, \"innerSelectionPanelTable-listUl\")]/tbody/tr[14]/td[3]/div/div/span/span[1]/bdi"}
RESULT: {}
RESULT: {"using":"xpath","value":"//table[contains(@id, \"innerSelectionPanelTable-listUl\")]/tbody/tr[14]/td[3]/div/div/span/span[1]/bdi"}
COMMAND: POST /session/2308dad0f2a7537c6be193a87bfcce7d/execute/sync - {"script":"<script> [56 bytes]","args":[{"element-6066-11e4-a52e-4f735466cecf":"f.8FEDB17297EEB2F430C5C9DB657928CB.d.CB6573956B94A1F6B77311C8FE478B16.e.11746","ELEMENT":"f.8FEDB17297EEB2F430C5C9DB657928CB.d.CB6573956B94A1F6B77311C8FE478B16.e.11746"}]}
RESULT: {"script":"<script> [56 bytes]","args":[{"element-6066-11e4-a52e-4f735466cecf":"f.8FEDB17297EEB2F430C5C9DB657928CB.d.CB6573956B94A1F6B77311C8FE478B16.e.11746","ELEMENT":"f.8FEDB17297EEB2F430C5C9DB657928CB.d.CB6573956B94A1F6B77311C8FE478B16.e.11746"}]}
COMMAND: POST /session/2308dad0f2a7537c6be193a87bfcce7d/element - {"using":"xpath","value":"//bdi[contains(text(), \"OK\")]"}
COMMAND: GET /session/2308dad0f2a7537c6be193a87bfcce7d/screenshot - {}
RESULT: {"using":"xpath","value":"//bdi[contains(text(), \"OK\")]"}
COMMAND: POST /session/2308dad0f2a7537c6be193a87bfcce7d/element/f.8FEDB17297EEB2F430C5C9DB657928CB.d.CB6573956B94A1F6B77311C8FE478B16.e.11747/click - {}
RESULT: {}
RESULT: {}
COMMAND: GET /session/2308dad0f2a7537c6be193a87bfcce7d/screenshot - {}
RESULT: {}
COMMAND: POST /session/2308dad0f2a7537c6be193a87bfcce7d/element - {"using":"xpath","value":"//table[contains(@id, \"customPartnersTable-listUl\")]/thead/tr[1]/th[contains(., \"Catalog\")]"}
RESULT: {"using":"xpath","value":"//table[contains(@id, \"customPartnersTable-listUl\")]/thead/tr[1]/th[contains(., \"Catalog\")]"}
COMMAND: POST /session/2308dad0f2a7537c6be193a87bfcce7d/elements - {"using":"xpath","value":"//table[contains(@id, \"customPartnersTable-listUl\")]/thead/tr[1]/th[contains(., \"Catalog\")]"}
RESULT: {"using":"xpath","value":"//table[contains(@id, \"customPartnersTable-listUl\")]/thead/tr[1]/th[contains(., \"Catalog\")]"}
COMMAND: POST /session/2308dad0f2a7537c6be193a87bfcce7d/element - {"using":"xpath","value":"//table[contains(@id, \"customPartnersTable-listUl\")]/thead/tr[1]/th[contains(., \"Currency\")]"}
RESULT: {"using":"xpath","value":"//table[contains(@id, \"customPartnersTable-listUl\")]/thead/tr[1]/th[contains(., \"Currency\")]"}
COMMAND: POST /session/2308dad0f2a7537c6be193a87bfcce7d/elements - {"using":"xpath","value":"//table[contains(@id, \"customPartnersTable-listUl\")]/thead/tr[1]/th[contains(., \"Currency\")]"}
RESULT: {"using":"xpath","value":"//table[contains(@id, \"customPartnersTable-listUl\")]/thead/tr[1]/th[contains(., \"Currency\")]"}
COMMAND: POST /session/2308dad0f2a7537c6be193a87bfcce7d/element - {"using":"xpath","value":"//table[contains(@id, \"customPartnersTable-listUl\")]/thead/tr[1]/th[contains(., \"Partner Type\")]"}
RESULT: {"using":"xpath","value":"//table[contains(@id, \"customPartnersTable-listUl\")]/thead/tr[1]/th[contains(., \"Partner Type\")]"}
COMMAND: POST /session/2308dad0f2a7537c6be193a87bfcce7d/elements - {"using":"xpath","value":"//table[contains(@id, \"customPartnersTable-listUl\")]/thead/tr[1]/th[contains(., \"Partner Type\")]"}
RESULT: {"using":"xpath","value":"//table[contains(@id, \"customPartnersTable-listUl\")]/thead/tr[1]/th[contains(., \"Partner Type\")]"}
COMMAND: POST /session/2308dad0f2a7537c6be193a87bfcce7d/execute/async - {"script":"<script> [1562 bytes]","args":[{"selector":{"id":"application-managepartners-display-component---masterPtm--smartTable-btnExcelExport-internalSplitBtn-textButton-img"},"wdio_ui5_key":"applicationmanagepartners-display-component---masterPtm--smartTable-btnExcelExport-internalSplitBtn-textButton-img"}]}
RESULT: {"script":"<script> [1562 bytes]","args":[{"selector":{"id":"application-managepartners-display-component---masterPtm--smartTable-btnExcelExport-internalSplitBtn-textButton-img"},"wdio_ui5_key":"applicationmanagepartners-display-component---masterPtm--smartTable-btnExcelExport-internalSplitBtn-textButton-img"}]}
RESULT: undefined
COMMAND: POST /session/2308dad0f2a7537c6be193a87bfcce7d/element - {"using":"xpath","value":"//*[@id=\"application-managepartners-display-component---masterPtm--smartTable-btnExcelExport-internalSplitBtn-textButton-img\"]"}
RESULT: {"using":"xpath","value":"//*[@id=\"application-managepartners-display-component---masterPtm--smartTable-btnExcelExport-internalSplitBtn-textButton-img\"]"}
COMMAND: POST /session/2308dad0f2a7537c6be193a87bfcce7d/element/f.8FEDB17297EEB2F430C5C9DB657928CB.d.CB6573956B94A1F6B77311C8FE478B16.e.9531/click - {}
RESULT: {}
COMMAND: POST /session/2308dad0f2a7537c6be193a87bfcce7d/element - {"using":"css selector","value":"div.sapMDialog, div.sapMBusyDialog"}
COMMAND: GET /session/2308dad0f2a7537c6be193a87bfcce7d/screenshot - {}
RESULT: {"using":"css selector","value":"div.sapMDialog, div.sapMBusyDialog"}
COMMAND: POST /session/2308dad0f2a7537c6be193a87bfcce7d/execute/sync - {"script":"<script> [8489 bytes]","args":[{"element-6066-11e4-a52e-4f735466cecf":"f.8FEDB17297EEB2F430C5C9DB657928CB.d.CB6573956B94A1F6B77311C8FE478B16.e.11923","ELEMENT":"f.8FEDB17297EEB2F430C5C9DB657928CB.d.CB6573956B94A1F6B77311C8FE478B16.e.11923"}]}
RESULT: {}
RESULT: {"script":"<script> [8489 bytes]","args":[{"element-6066-11e4-a52e-4f735466cecf":"f.8FEDB17297EEB2F430C5C9DB657928CB.d.CB6573956B94A1F6B77311C8FE478B16.e.11923","ELEMENT":"f.8FEDB17297EEB2F430C5C9DB657928CB.d.CB6573956B94A1F6B77311C8FE478B16.e.11923"}]}
COMMAND: POST /session/2308dad0f2a7537c6be193a87bfcce7d/execute/sync - {"script":"<script> [8489 bytes]","args":[{"element-6066-11e4-a52e-4f735466cecf":"f.8FEDB17297EEB2F430C5C9DB657928CB.d.CB6573956B94A1F6B77311C8FE478B16.e.11923","ELEMENT":"f.8FEDB17297EEB2F430C5C9DB657928CB.d.CB6573956B94A1F6B77311C8FE478B16.e.11923"}]}
COMMAND: GET /session/2308dad0f2a7537c6be193a87bfcce7d/screenshot - {}
RESULT: {"script":"<script> [8489 bytes]","args":[{"element-6066-11e4-a52e-4f735466cecf":"f.8FEDB17297EEB2F430C5C9DB657928CB.d.CB6573956B94A1F6B77311C8FE478B16.e.11923","ELEMENT":"f.8FEDB17297EEB2F430C5C9DB657928CB.d.CB6573956B94A1F6B77311C8FE478B16.e.11923"}]}
COMMAND: GET /session/2308dad0f2a7537c6be193a87bfcce7d/screenshot - {}
RESULT: {}
COMMAND: POST /session/2308dad0f2a7537c6be193a87bfcce7d/execute/sync - {"script":"<script> [8489 bytes]","args":[{"element-6066-11e4-a52e-4f735466cecf":"f.8FEDB17297EEB2F430C5C9DB657928CB.d.CB6573956B94A1F6B77311C8FE478B16.e.11923","ELEMENT":"f.8FEDB17297EEB2F430C5C9DB657928CB.d.CB6573956B94A1F6B77311C8FE478B16.e.11923"}]}
RESULT: {}
RESULT: {"script":"<script> [8489 bytes]","args":[{"element-6066-11e4-a52e-4f735466cecf":"f.8FEDB17297EEB2F430C5C9DB657928CB.d.CB6573956B94A1F6B77311C8FE478B16.e.11923","ELEMENT":"f.8FEDB17297EEB2F430C5C9DB657928CB.d.CB6573956B94A1F6B77311C8FE478B16.e.11923"}]}
COMMAND: GET /session/2308dad0f2a7537c6be193a87bfcce7d/screenshot - {}
COMMAND: POST /session/2308dad0f2a7537c6be193a87bfcce7d/execute/sync - {"script":"<script> [8489 bytes]","args":[{"element-6066-11e4-a52e-4f735466cecf":"f.8FEDB17297EEB2F430C5C9DB657928CB.d.CB6573956B94A1F6B77311C8FE478B16.e.11923","ELEMENT":"f.8FEDB17297EEB2F430C5C9DB657928CB.d.CB6573956B94A1F6B77311C8FE478B16.e.11923"}]}
RESULT: {}
RESULT: {"script":"<script> [8489 bytes]","args":[{"element-6066-11e4-a52e-4f735466cecf":"f.8FEDB17297EEB2F430C5C9DB657928CB.d.CB6573956B94A1F6B77311C8FE478B16.e.11923","ELEMENT":"f.8FEDB17297EEB2F430C5C9DB657928CB.d.CB6573956B94A1F6B77311C8FE478B16.e.11923"}]}
COMMAND: GET /session/2308dad0f2a7537c6be193a87bfcce7d/screenshot - {}
COMMAND: POST /session/2308dad0f2a7537c6be193a87bfcce7d/execute/sync - {"script":"<script> [8489 bytes]","args":[{"element-6066-11e4-a52e-4f735466cecf":"f.8FEDB17297EEB2F430C5C9DB657928CB.d.CB6573956B94A1F6B77311C8FE478B16.e.11923","ELEMENT":"f.8FEDB17297EEB2F430C5C9DB657928CB.d.CB6573956B94A1F6B77311C8FE478B16.e.11923"}]}
RESULT: {}
RESULT: {"script":"<script> [8489 bytes]","args":[{"element-6066-11e4-a52e-4f735466cecf":"f.8FEDB17297EEB2F430C5C9DB657928CB.d.CB6573956B94A1F6B77311C8FE478B16.e.11923","ELEMENT":"f.8FEDB17297EEB2F430C5C9DB657928CB.d.CB6573956B94A1F6B77311C8FE478B16.e.11923"}]}
COMMAND: GET /session/2308dad0f2a7537c6be193a87bfcce7d/screenshot - {}
COMMAND: POST /session/2308dad0f2a7537c6be193a87bfcce7d/execute/sync - {"script":"<script> [8489 bytes]","args":[{"element-6066-11e4-a52e-4f735466cecf":"f.8FEDB17297EEB2F430C5C9DB657928CB.d.CB6573956B94A1F6B77311C8FE478B16.e.11923","ELEMENT":"f.8FEDB17297EEB2F430C5C9DB657928CB.d.CB6573956B94A1F6B77311C8FE478B16.e.11923"}]}
RESULT: {}
COMMAND: POST /session/2308dad0f2a7537c6be193a87bfcce7d/element - {"using":"css selector","value":"div.sapMDialog, div.sapMBusyDialog"}
RESULT: {"using":"css selector","value":"div.sapMDialog, div.sapMBusyDialog"}
COMMAND: POST /session/2308dad0f2a7537c6be193a87bfcce7d/element - {"using":"css selector","value":"div.sapMDialog, div.sapMBusyDialog"}
RESULT: {"using":"css selector","value":"div.sapMDialog, div.sapMBusyDialog"}
COMMAND: POST /session/2308dad0f2a7537c6be193a87bfcce7d/execute/async - {"script":"<script> [1562 bytes]","args":[{"selector":{"id":"application-managepartners-display-component---masterPtm--smartTable-btnExcelExport-internalSplitBtn-arrowButton-img"},"wdio_ui5_key":"applicationmanagepartners-display-component---masterPtm--smartTable-btnExcelExport-internalSplitBtn-arrowButton-img"}]}
RESULT: {"script":"<script> [1562 bytes]","args":[{"selector":{"id":"application-managepartners-display-component---masterPtm--smartTable-btnExcelExport-internalSplitBtn-arrowButton-img"},"wdio_ui5_key":"applicationmanagepartners-display-component---masterPtm--smartTable-btnExcelExport-internalSplitBtn-arrowButton-img"}]}
RESULT: undefined
COMMAND: POST /session/2308dad0f2a7537c6be193a87bfcce7d/element - {"using":"xpath","value":"//*[@id=\"application-managepartners-display-component---masterPtm--smartTable-btnExcelExport-internalSplitBtn-arrowButton-img\"]"}
RESULT: {"using":"xpath","value":"//*[@id=\"application-managepartners-display-component---masterPtm--smartTable-btnExcelExport-internalSplitBtn-arrowButton-img\"]"}
COMMAND: POST /session/2308dad0f2a7537c6be193a87bfcce7d/element/f.8FEDB17297EEB2F430C5C9DB657928CB.d.CB6573956B94A1F6B77311C8FE478B16.e.9534/click - {}
RESULT: {}
COMMAND: GET /session/2308dad0f2a7537c6be193a87bfcce7d/screenshot - {}
RESULT: {}
COMMAND: POST /session/2308dad0f2a7537c6be193a87bfcce7d/actions - {"actions":[{"id":"action33","type":"key","parameters":{},"actions":[{"type":"keyDown","value":""},{"type":"pause","duration":10},{"type":"keyUp","value":""}]}]}
RESULT: {"actions":[{"id":"action33","type":"key","parameters":{},"actions":[{"type":"keyDown","value":""},{"type":"pause","duration":10},{"type":"keyUp","value":""}]}]}
COMMAND: POST /session/2308dad0f2a7537c6be193a87bfcce7d/actions - {"actions":[{"id":"action34","type":"key","parameters":{},"actions":[{"type":"keyDown","value":""},{"type":"pause","duration":10},{"type":"keyUp","value":""}]}]}
COMMAND: GET /session/2308dad0f2a7537c6be193a87bfcce7d/screenshot - {}
RESULT: {"actions":[{"id":"action34","type":"key","parameters":{},"actions":[{"type":"keyDown","value":""},{"type":"pause","duration":10},{"type":"keyUp","value":""}]}]}
COMMAND: GET /session/2308dad0f2a7537c6be193a87bfcce7d/screenshot - {}
RESULT: {}
RESULT: {}
COMMAND: POST /session/2308dad0f2a7537c6be193a87bfcce7d/element - {"using":"xpath","value":"//div[@id=\"exportSettingsDialog\"]"}
RESULT: {"using":"xpath","value":"//div[@id=\"exportSettingsDialog\"]"}
COMMAND: POST /session/2308dad0f2a7537c6be193a87bfcce7d/execute/sync - {"script":"<script> [8489 bytes]","args":[{"element-6066-11e4-a52e-4f735466cecf":"f.8FEDB17297EEB2F430C5C9DB657928CB.d.CB6573956B94A1F6B77311C8FE478B16.e.11931","ELEMENT":"f.8FEDB17297EEB2F430C5C9DB657928CB.d.CB6573956B94A1F6B77311C8FE478B16.e.11931"}]}
RESULT: {"script":"<script> [8489 bytes]","args":[{"element-6066-11e4-a52e-4f735466cecf":"f.8FEDB17297EEB2F430C5C9DB657928CB.d.CB6573956B94A1F6B77311C8FE478B16.e.11931","ELEMENT":"f.8FEDB17297EEB2F430C5C9DB657928CB.d.CB6573956B94A1F6B77311C8FE478B16.e.11931"}]}
COMMAND: GET /session/2308dad0f2a7537c6be193a87bfcce7d/screenshot - {}
RESULT: {}
COMMAND: POST /session/2308dad0f2a7537c6be193a87bfcce7d/element - {"using":"xpath","value":"//button[contains(@id,\"exportSettingsDialog-exportButton\")]"}
RESULT: {"using":"xpath","value":"//button[contains(@id,\"exportSettingsDialog-exportButton\")]"}
COMMAND: POST /session/2308dad0f2a7537c6be193a87bfcce7d/element/f.8FEDB17297EEB2F430C5C9DB657928CB.d.CB6573956B94A1F6B77311C8FE478B16.e.11932/click - {}
RESULT: {}
COMMAND: GET /session/2308dad0f2a7537c6be193a87bfcce7d/screenshot - {}
COMMAND: POST /session/2308dad0f2a7537c6be193a87bfcce7d/element - {"using":"css selector","value":"div.sapMDialog, div.sapMBusyDialog"}
RESULT: {}
RESULT: {"using":"css selector","value":"div.sapMDialog, div.sapMBusyDialog"}
COMMAND: POST /session/2308dad0f2a7537c6be193a87bfcce7d/execute/sync - {"script":"<script> [8489 bytes]","args":[{"element-6066-11e4-a52e-4f735466cecf":"f.8FEDB17297EEB2F430C5C9DB657928CB.d.CB6573956B94A1F6B77311C8FE478B16.e.11934","ELEMENT":"f.8FEDB17297EEB2F430C5C9DB657928CB.d.CB6573956B94A1F6B77311C8FE478B16.e.11934"}]}
RESULT: {"script":"<script> [8489 bytes]","args":[{"element-6066-11e4-a52e-4f735466cecf":"f.8FEDB17297EEB2F430C5C9DB657928CB.d.CB6573956B94A1F6B77311C8FE478B16.e.11934","ELEMENT":"f.8FEDB17297EEB2F430C5C9DB657928CB.d.CB6573956B94A1F6B77311C8FE478B16.e.11934"}]}
COMMAND: POST /session/2308dad0f2a7537c6be193a87bfcce7d/execute/sync - {"script":"<script> [8489 bytes]","args":[{"element-6066-11e4-a52e-4f735466cecf":"f.8FEDB17297EEB2F430C5C9DB657928CB.d.CB6573956B94A1F6B77311C8FE478B16.e.11934","ELEMENT":"f.8FEDB17297EEB2F430C5C9DB657928CB.d.CB6573956B94A1F6B77311C8FE478B16.e.11934"}]}
COMMAND: GET /session/2308dad0f2a7537c6be193a87bfcce7d/screenshot - {}
RESULT: {"script":"<script> [8489 bytes]","args":[{"element-6066-11e4-a52e-4f735466cecf":"f.8FEDB17297EEB2F430C5C9DB657928CB.d.CB6573956B94A1F6B77311C8FE478B16.e.11934","ELEMENT":"f.8FEDB17297EEB2F430C5C9DB657928CB.d.CB6573956B94A1F6B77311C8FE478B16.e.11934"}]}
COMMAND: GET /session/2308dad0f2a7537c6be193a87bfcce7d/screenshot - {}
RESULT: {}
COMMAND: POST /session/2308dad0f2a7537c6be193a87bfcce7d/execute/sync - {"script":"<script> [8489 bytes]","args":[{"element-6066-11e4-a52e-4f735466cecf":"f.8FEDB17297EEB2F430C5C9DB657928CB.d.CB6573956B94A1F6B77311C8FE478B16.e.11934","ELEMENT":"f.8FEDB17297EEB2F430C5C9DB657928CB.d.CB6573956B94A1F6B77311C8FE478B16.e.11934"}]}
RESULT: {}
RESULT: {"script":"<script> [8489 bytes]","args":[{"element-6066-11e4-a52e-4f735466cecf":"f.8FEDB17297EEB2F430C5C9DB657928CB.d.CB6573956B94A1F6B77311C8FE478B16.e.11934","ELEMENT":"f.8FEDB17297EEB2F430C5C9DB657928CB.d.CB6573956B94A1F6B77311C8FE478B16.e.11934"}]}
COMMAND: POST /session/2308dad0f2a7537c6be193a87bfcce7d/execute/sync - {"script":"<script> [8489 bytes]","args":[{"element-6066-11e4-a52e-4f735466cecf":"f.8FEDB17297EEB2F430C5C9DB657928CB.d.CB6573956B94A1F6B77311C8FE478B16.e.11934","ELEMENT":"f.8FEDB17297EEB2F430C5C9DB657928CB.d.CB6573956B94A1F6B77311C8FE478B16.e.11934"}]}
COMMAND: GET /session/2308dad0f2a7537c6be193a87bfcce7d/screenshot - {}
RESULT: {"script":"<script> [8489 bytes]","args":[{"element-6066-11e4-a52e-4f735466cecf":"f.8FEDB17297EEB2F430C5C9DB657928CB.d.CB6573956B94A1F6B77311C8FE478B16.e.11934","ELEMENT":"f.8FEDB17297EEB2F430C5C9DB657928CB.d.CB6573956B94A1F6B77311C8FE478B16.e.11934"}]}
COMMAND: GET /session/2308dad0f2a7537c6be193a87bfcce7d/screenshot - {}
RESULT: {}
COMMAND: POST /session/2308dad0f2a7537c6be193a87bfcce7d/execute/sync - {"script":"<script> [8489 bytes]","args":[{"element-6066-11e4-a52e-4f735466cecf":"f.8FEDB17297EEB2F430C5C9DB657928CB.d.CB6573956B94A1F6B77311C8FE478B16.e.11934","ELEMENT":"f.8FEDB17297EEB2F430C5C9DB657928CB.d.CB6573956B94A1F6B77311C8FE478B16.e.11934"}]}
RESULT: {}
RESULT: {"script":"<script> [8489 bytes]","args":[{"element-6066-11e4-a52e-4f735466cecf":"f.8FEDB17297EEB2F430C5C9DB657928CB.d.CB6573956B94A1F6B77311C8FE478B16.e.11934","ELEMENT":"f.8FEDB17297EEB2F430C5C9DB657928CB.d.CB6573956B94A1F6B77311C8FE478B16.e.11934"}]}
COMMAND: GET /session/2308dad0f2a7537c6be193a87bfcce7d/screenshot - {}
COMMAND: POST /session/2308dad0f2a7537c6be193a87bfcce7d/execute/sync - {"script":"<script> [8489 bytes]","args":[{"element-6066-11e4-a52e-4f735466cecf":"f.8FEDB17297EEB2F430C5C9DB657928CB.d.CB6573956B94A1F6B77311C8FE478B16.e.11934","ELEMENT":"f.8FEDB17297EEB2F430C5C9DB657928CB.d.CB6573956B94A1F6B77311C8FE478B16.e.11934"}]}
RESULT: {}
COMMAND: POST /session/2308dad0f2a7537c6be193a87bfcce7d/element - {"using":"css selector","value":"div.sapMDialog, div.sapMBusyDialog"}
RESULT: {"using":"css selector","value":"div.sapMDialog, div.sapMBusyDialog"}
COMMAND: POST /session/2308dad0f2a7537c6be193a87bfcce7d/element - {"using":"css selector","value":"div.sapMDialog, div.sapMBusyDialog"}
RESULT: {"using":"css selector","value":"div.sapMDialog, div.sapMBusyDialog"}
COMMAND: POST /session/2308dad0f2a7537c6be193a87bfcce7d/execute/async - {"script":"<script> [1562 bytes]","args":[{"selector":{"id":"application-managepartners-display-component---masterPtm--smartTable-btnFullScreen-img"},"wdio_ui5_key":"applicationmanagepartners-display-component---masterPtm--smartTable-btnFullScreen-img"}]}
RESULT: {"script":"<script> [1562 bytes]","args":[{"selector":{"id":"application-managepartners-display-component---masterPtm--smartTable-btnFullScreen-img"},"wdio_ui5_key":"applicationmanagepartners-display-component---masterPtm--smartTable-btnFullScreen-img"}]}
RESULT: undefined
COMMAND: POST /session/2308dad0f2a7537c6be193a87bfcce7d/element - {"using":"xpath","value":"//*[@id=\"application-managepartners-display-component---masterPtm--smartTable-btnFullScreen-img\"]"}
RESULT: {"using":"xpath","value":"//*[@id=\"application-managepartners-display-component---masterPtm--smartTable-btnFullScreen-img\"]"}
COMMAND: POST /session/2308dad0f2a7537c6be193a87bfcce7d/element/f.8FEDB17297EEB2F430C5C9DB657928CB.d.CB6573956B94A1F6B77311C8FE478B16.e.9537/click - {}
RESULT: {}
COMMAND: GET /session/2308dad0f2a7537c6be193a87bfcce7d/screenshot - {}
RESULT: {}
COMMAND: POST /session/2308dad0f2a7537c6be193a87bfcce7d/element - {"using":"xpath","value":"//div[contains(@role,\"dialog\") and contains(@id, \"dialog\")]"}
RESULT: {"using":"xpath","value":"//div[contains(@role,\"dialog\") and contains(@id, \"dialog\")]"}
COMMAND: POST /session/2308dad0f2a7537c6be193a87bfcce7d/execute/sync - {"script":"<script> [8489 bytes]","args":[{"element-6066-11e4-a52e-4f735466cecf":"f.8FEDB17297EEB2F430C5C9DB657928CB.d.CB6573956B94A1F6B77311C8FE478B16.e.11939","ELEMENT":"f.8FEDB17297EEB2F430C5C9DB657928CB.d.CB6573956B94A1F6B77311C8FE478B16.e.11939"}]}
RESULT: {"script":"<script> [8489 bytes]","args":[{"element-6066-11e4-a52e-4f735466cecf":"f.8FEDB17297EEB2F430C5C9DB657928CB.d.CB6573956B94A1F6B77311C8FE478B16.e.11939","ELEMENT":"f.8FEDB17297EEB2F430C5C9DB657928CB.d.CB6573956B94A1F6B77311C8FE478B16.e.11939"}]}
COMMAND: GET /session/2308dad0f2a7537c6be193a87bfcce7d/screenshot - {}
RESULT: {}
RESULT: undefined
COMMAND: POST /session/2308dad0f2a7537c6be193a87bfcce7d/element - {"using":"xpath","value":"//*[@id=\"application-managepartners-display-component---masterPtm--smartTable-btnFullScreen-img\"]"}
RESULT: {"using":"xpath","value":"//*[@id=\"application-managepartners-display-component---masterPtm--smartTable-btnFullScreen-img\"]"}
COMMAND: POST /session/2308dad0f2a7537c6be193a87bfcce7d/element/f.8FEDB17297EEB2F430C5C9DB657928CB.d.CB6573956B94A1F6B77311C8FE478B16.e.9537/click - {}
RESULT: {}
COMMAND: GET /session/2308dad0f2a7537c6be193a87bfcce7d/screenshot - {}
RESULT: {}
COMMAND: POST /session/2308dad0f2a7537c6be193a87bfcce7d/element - {"using":"xpath","value":"//div[contains(@role,\"dialog\") and contains(@id, \"dialog\")]"}
RESULT: {"using":"xpath","value":"//div[contains(@role,\"dialog\") and contains(@id, \"dialog\")]"}
COMMAND: POST /session/2308dad0f2a7537c6be193a87bfcce7d/element - {"using":"xpath","value":"//div[contains(@role,\"dialog\") and contains(@id, \"dialog\")]"}
RESULT: {"using":"xpath","value":"//div[contains(@role,\"dialog\") and contains(@id, \"dialog\")]"}
RESULT: undefined
COMMAND: POST /session/2308dad0f2a7537c6be193a87bfcce7d/execute/async - {"script":"<script> [776 bytes]","args":[{"enterText":"1277","selector":{"id":"application-managepartners-display-component---masterPtm--smartFilterBar-btnBasicSearch","interaction":{"idSuffix":"I"}},"clearTextFirst":true,"interactionType":"ENTER_TEXT"}]}
RESULT: {"script":"<script> [776 bytes]","args":[{"enterText":"1277","selector":{"id":"application-managepartners-display-component---masterPtm--smartFilterBar-btnBasicSearch","interaction":{"idSuffix":"I"}},"clearTextFirst":true,"interactionType":"ENTER_TEXT"}]}
COMMAND: POST /session/2308dad0f2a7537c6be193a87bfcce7d/actions - {"actions":[{"id":"action35","type":"key","parameters":{},"actions":[{"type":"keyDown","value":""},{"type":"pause","duration":10},{"type":"keyUp","value":""}]}]}
RESULT: {"actions":[{"id":"action35","type":"key","parameters":{},"actions":[{"type":"keyDown","value":""},{"type":"pause","duration":10},{"type":"keyUp","value":""}]}]}
COMMAND: GET /session/2308dad0f2a7537c6be193a87bfcce7d/screenshot - {}
RESULT: {}
COMMAND: POST /session/2308dad0f2a7537c6be193a87bfcce7d/elements - {"using":"xpath","value":"//table[contains(@id, \"customPartnersTable-listUl\")]/tbody/tr"}
RESULT: {"using":"xpath","value":"//table[contains(@id, \"customPartnersTable-listUl\")]/tbody/tr"}
COMMAND: POST /session/2308dad0f2a7537c6be193a87bfcce7d/element - {"using":"xpath","value":"//table[contains(@id, \"customPartnersTable-listUl\")]/tbody/tr[1]/td[3]/span"}
RESULT: {"using":"xpath","value":"//table[contains(@id, \"customPartnersTable-listUl\")]/tbody/tr[1]/td[3]/span"}
COMMAND: POST /session/2308dad0f2a7537c6be193a87bfcce7d/elements - {"using":"xpath","value":"//table[contains(@id, \"customPartnersTable-listUl\")]/tbody/tr[1]/td[3]/span"}
RESULT: {"using":"xpath","value":"//table[contains(@id, \"customPartnersTable-listUl\")]/tbody/tr[1]/td[3]/span"}
COMMAND: POST /session/2308dad0f2a7537c6be193a87bfcce7d/execute/sync - {"script":"<script> [56 bytes]","args":[{"element-6066-11e4-a52e-4f735466cecf":"f.8FEDB17297EEB2F430C5C9DB657928CB.d.CB6573956B94A1F6B77311C8FE478B16.e.11950","ELEMENT":"f.8FEDB17297EEB2F430C5C9DB657928CB.d.CB6573956B94A1F6B77311C8FE478B16.e.11950"}]}
RESULT: {"script":"<script> [56 bytes]","args":[{"element-6066-11e4-a52e-4f735466cecf":"f.8FEDB17297EEB2F430C5C9DB657928CB.d.CB6573956B94A1F6B77311C8FE478B16.e.11950","ELEMENT":"f.8FEDB17297EEB2F430C5C9DB657928CB.d.CB6573956B94A1F6B77311C8FE478B16.e.11950"}]}
COMMAND: POST /session/2308dad0f2a7537c6be193a87bfcce7d/element - {"using":"xpath","value":"(//span[contains(@id, \"imgNav\")])[1]"}
COMMAND: GET /session/2308dad0f2a7537c6be193a87bfcce7d/screenshot - {}
RESULT: {"using":"xpath","value":"(//span[contains(@id, \"imgNav\")])[1]"}
COMMAND: POST /session/2308dad0f2a7537c6be193a87bfcce7d/element/f.8FEDB17297EEB2F430C5C9DB657928CB.d.CB6573956B94A1F6B77311C8FE478B16.e.11948/click - {}
RESULT: {}
RESULT: {}
COMMAND: GET /session/2308dad0f2a7537c6be193a87bfcce7d/screenshot - {}
RESULT: {}
COMMAND: POST /session/2308dad0f2a7537c6be193a87bfcce7d/execute/async - {"script":"<script> [1562 bytes]","args":[{"selector":{"controlType":"sap.m.Text","viewName":"etm.portal.ui.managepartners.view.Detail","viewId":"application-managepartners-display-component---detailPtm","bindingPath":{"path":"/PartnersWithBillingType(ID='1277')","propertyPath":"ID","modelName":"catalogModel"}},"wdio_ui5_key":"etmportal.ui.managepartners.view.Detailsap.m.Text{\"path\":\"/PartnersWithBillingType(ID='1277')\",\"propertyPath\":\"ID\",\"modelName\":\"catalogModel\"}"}]}
RESULT: {"script":"<script> [1562 bytes]","args":[{"selector":{"controlType":"sap.m.Text","viewName":"etm.portal.ui.managepartners.view.Detail","viewId":"application-managepartners-display-component---detailPtm","bindingPath":{"path":"/PartnersWithBillingType(ID='1277')","propertyPath":"ID","modelName":"catalogModel"}},"wdio_ui5_key":"etmportal.ui.managepartners.view.Detailsap.m.Text{\"path\":\"/PartnersWithBillingType(ID='1277')\",\"propertyPath\":\"ID\",\"modelName\":\"catalogModel\"}"}]}
RESULT: undefined
COMMAND: POST /session/2308dad0f2a7537c6be193a87bfcce7d/execute/async - {"script":"<script> [6424 bytes]","args":[{"element-6066-11e4-a52e-4f735466cecf":"f.8FEDB17297EEB2F430C5C9DB657928CB.d.CB6573956B94A1F6B77311C8FE478B16.e.12162"},"getText",[]]}
RESULT: {"script":"<script> [6424 bytes]","args":[{"element-6066-11e4-a52e-4f735466cecf":"f.8FEDB17297EEB2F430C5C9DB657928CB.d.CB6573956B94A1F6B77311C8FE478B16.e.12162"},"getText",[]]}
COMMAND: POST /session/2308dad0f2a7537c6be193a87bfcce7d/element - {"using":"xpath","value":"//bdi[contains(text(), \"Edit\")]"}
RESULT: {"using":"xpath","value":"//bdi[contains(text(), \"Edit\")]"}
COMMAND: POST /session/2308dad0f2a7537c6be193a87bfcce7d/element/f.8FEDB17297EEB2F430C5C9DB657928CB.d.CB6573956B94A1F6B77311C8FE478B16.e.12163/click - {}
RESULT: {}
COMMAND: GET /session/2308dad0f2a7537c6be193a87bfcce7d/screenshot - {}
RESULT: {}
RESULT: undefined
COMMAND: POST /session/2308dad0f2a7537c6be193a87bfcce7d/execute/async - {"script":"<script> [776 bytes]","args":[{"enterText":"EDITED PARTNER","selector":{"controlType":"sap.m.Input","viewName":"etm.portal.ui.managepartners.view.EditDetail","labelFor":{"text":"Name"},"interaction":{"idSuffix":"inner"}},"clearTextFirst":true,"interactionType":"ENTER_TEXT"}]}
RESULT: {"script":"<script> [776 bytes]","args":[{"enterText":"EDITED PARTNER","selector":{"controlType":"sap.m.Input","viewName":"etm.portal.ui.managepartners.view.EditDetail","labelFor":{"text":"Name"},"interaction":{"idSuffix":"inner"}},"clearTextFirst":true,"interactionType":"ENTER_TEXT"}]}
COMMAND: POST /session/2308dad0f2a7537c6be193a87bfcce7d/element - {"using":"xpath","value":"//button[@data-kt=\"saveButton\"]"}
RESULT: {"using":"xpath","value":"//button[@data-kt=\"saveButton\"]"}
COMMAND: POST /session/2308dad0f2a7537c6be193a87bfcce7d/element/f.8FEDB17297EEB2F430C5C9DB657928CB.d.CB6573956B94A1F6B77311C8FE478B16.e.12290/click - {}
RESULT: {}
COMMAND: GET /session/2308dad0f2a7537c6be193a87bfcce7d/screenshot - {}
RESULT: {}
RESULT: undefined
COMMAND: POST /session/2308dad0f2a7537c6be193a87bfcce7d/execute/async - {"script":"<script> [6424 bytes]","args":[{"element-6066-11e4-a52e-4f735466cecf":"f.8FEDB17297EEB2F430C5C9DB657928CB.d.CB6573956B94A1F6B77311C8FE478B16.e.5805"},"getValue",[]]}
COMMAND: POST /session/2308dad0f2a7537c6be193a87bfcce7d/execute/async - {"script":"<script> [1562 bytes]","args":[{"selector":{"id":"application-managepartners-display-component---detailPtm--addressDetailDetailsName1"},"wdio_ui5_key":"applicationmanagepartners-display-component---detailPtm--addressDetailDetailsName1"}]}
RESULT: {"script":"<script> [1562 bytes]","args":[{"selector":{"id":"application-managepartners-display-component---detailPtm--addressDetailDetailsName1"},"wdio_ui5_key":"applicationmanagepartners-display-component---detailPtm--addressDetailDetailsName1"}]}
COMMAND: POST /session/2308dad0f2a7537c6be193a87bfcce7d/execute/async - {"script":"<script> [6424 bytes]","args":[{"element-6066-11e4-a52e-4f735466cecf":"f.8FEDB17297EEB2F430C5C9DB657928CB.d.CB6573956B94A1F6B77311C8FE478B16.e.12338"},"getValue",[]]}
RESULT: {"script":"<script> [6424 bytes]","args":[{"element-6066-11e4-a52e-4f735466cecf":"f.8FEDB17297EEB2F430C5C9DB657928CB.d.CB6573956B94A1F6B77311C8FE478B16.e.12338"},"getValue",[]]}
COMMAND: POST /session/2308dad0f2a7537c6be193a87bfcce7d/execute/async - {"script":"<script> [1562 bytes]","args":[{"selector":{"controlType":"sap.ui.core.Icon","viewName":"etm.portal.ui.managepartners.view.Detail","viewId":"application-managepartners-display-component---detailPtm","properties":{"src":{"regex":{"source":"decline"}}}},"wdio_ui5_key":"etmportal.ui.managepartners.view.Detailsap.ui.core.Icon{\"src\":{\"regex\":{\"source\":\"decline\"}}}"}]}
RESULT: {"script":"<script> [1562 bytes]","args":[{"selector":{"controlType":"sap.ui.core.Icon","viewName":"etm.portal.ui.managepartners.view.Detail","viewId":"application-managepartners-display-component---detailPtm","properties":{"src":{"regex":{"source":"decline"}}}},"wdio_ui5_key":"etmportal.ui.managepartners.view.Detailsap.ui.core.Icon{\"src\":{\"regex\":{\"source\":\"decline\"}}}"}]}
RESULT: undefined
COMMAND: POST /session/2308dad0f2a7537c6be193a87bfcce7d/element - {"using":"xpath","value":"//*[@id=\"__button225-img\"]"}
RESULT: {"using":"xpath","value":"//*[@id=\"__button225-img\"]"}
COMMAND: POST /session/2308dad0f2a7537c6be193a87bfcce7d/element/f.8FEDB17297EEB2F430C5C9DB657928CB.d.CB6573956B94A1F6B77311C8FE478B16.e.12428/click - {}
RESULT: {}
COMMAND: GET /session/2308dad0f2a7537c6be193a87bfcce7d/screenshot - {}
RESULT: {}
COMMAND: POST /session/2308dad0f2a7537c6be193a87bfcce7d/element - {"using":"xpath","value":"//button[@data-kt=\"addButton\"]"}
RESULT: {"using":"xpath","value":"//button[@data-kt=\"addButton\"]"}
COMMAND: GET /session/2308dad0f2a7537c6be193a87bfcce7d/element/f.8FEDB17297EEB2F430C5C9DB657928CB.d.CB6573956B94A1F6B77311C8FE478B16.e.12457/enabled - {}
RESULT: {}
COMMAND: POST /session/2308dad0f2a7537c6be193a87bfcce7d/execute/sync - {"script":"<script> [8489 bytes]","args":[{"element-6066-11e4-a52e-4f735466cecf":"f.8FEDB17297EEB2F430C5C9DB657928CB.d.CB6573956B94A1F6B77311C8FE478B16.e.12457","ELEMENT":"f.8FEDB17297EEB2F430C5C9DB657928CB.d.CB6573956B94A1F6B77311C8FE478B16.e.12457"}]}
COMMAND: GET /session/2308dad0f2a7537c6be193a87bfcce7d/screenshot - {}
RESULT: {"script":"<script> [8489 bytes]","args":[{"element-6066-11e4-a52e-4f735466cecf":"f.8FEDB17297EEB2F430C5C9DB657928CB.d.CB6573956B94A1F6B77311C8FE478B16.e.12457","ELEMENT":"f.8FEDB17297EEB2F430C5C9DB657928CB.d.CB6573956B94A1F6B77311C8FE478B16.e.12457"}]}
COMMAND: POST /session/2308dad0f2a7537c6be193a87bfcce7d/execute/sync - {"script":"<script> [5351 bytes]","args":[{"element-6066-11e4-a52e-4f735466cecf":"f.8FEDB17297EEB2F430C5C9DB657928CB.d.CB6573956B94A1F6B77311C8FE478B16.e.12457","ELEMENT":"f.8FEDB17297EEB2F430C5C9DB657928CB.d.CB6573956B94A1F6B77311C8FE478B16.e.12457"}]}
COMMAND: GET /session/2308dad0f2a7537c6be193a87bfcce7d/screenshot - {}
RESULT: {}
RESULT: {"script":"<script> [5351 bytes]","args":[{"element-6066-11e4-a52e-4f735466cecf":"f.8FEDB17297EEB2F430C5C9DB657928CB.d.CB6573956B94A1F6B77311C8FE478B16.e.12457","ELEMENT":"f.8FEDB17297EEB2F430C5C9DB657928CB.d.CB6573956B94A1F6B77311C8FE478B16.e.12457"}]}
COMMAND: POST /session/2308dad0f2a7537c6be193a87bfcce7d/element/f.8FEDB17297EEB2F430C5C9DB657928CB.d.CB6573956B94A1F6B77311C8FE478B16.e.12457/click - {}
COMMAND: GET /session/2308dad0f2a7537c6be193a87bfcce7d/screenshot - {}
RESULT: {}
RESULT: {}
COMMAND: GET /session/2308dad0f2a7537c6be193a87bfcce7d/screenshot - {}
RESULT: {}
RESULT: {}
RESULT: undefined
COMMAND: POST /session/2308dad0f2a7537c6be193a87bfcce7d/execute/async - {"script":"<script> [776 bytes]","args":[{"enterText":"New Partner WDIO","selector":{"id":"application-managepartners-display-component---NewPartner--addressDetailDetailsName1","interaction":{"idSuffix":"inner"}},"clearTextFirst":true,"interactionType":"ENTER_TEXT"}]}
RESULT: {"script":"<script> [776 bytes]","args":[{"enterText":"New Partner WDIO","selector":{"id":"application-managepartners-display-component---NewPartner--addressDetailDetailsName1","interaction":{"idSuffix":"inner"}},"clearTextFirst":true,"interactionType":"ENTER_TEXT"}]}
RESULT: undefined
COMMAND: POST /session/2308dad0f2a7537c6be193a87bfcce7d/element - {"using":"xpath","value":"//*[@id=\"application-managepartners-display-component---NewPartner--addressDetailDetailsLanguage-arrow\"]"}
RESULT: {"using":"xpath","value":"//*[@id=\"application-managepartners-display-component---NewPartner--addressDetailDetailsLanguage-arrow\"]"}
COMMAND: POST /session/2308dad0f2a7537c6be193a87bfcce7d/element/f.8FEDB17297EEB2F430C5C9DB657928CB.d.CB6573956B94A1F6B77311C8FE478B16.e.12774/click - {}
RESULT: {}
COMMAND: GET /session/2308dad0f2a7537c6be193a87bfcce7d/screenshot - {}
RESULT: {}
COMMAND: POST /session/2308dad0f2a7537c6be193a87bfcce7d/element - {"using":"xpath","value":"//ul[contains(@id,\"DetailDetailsLanguage-popup-list-listUl\")]//li[.//span[contains(text(), \"English\")]]"}
RESULT: {"using":"xpath","value":"//ul[contains(@id,\"DetailDetailsLanguage-popup-list-listUl\")]//li[.//span[contains(text(), \"English\")]]"}
COMMAND: POST /session/2308dad0f2a7537c6be193a87bfcce7d/element/f.8FEDB17297EEB2F430C5C9DB657928CB.d.CB6573956B94A1F6B77311C8FE478B16.e.12775/click - {}
RESULT: {}
COMMAND: GET /session/2308dad0f2a7537c6be193a87bfcce7d/screenshot - {}
RESULT: {}
RESULT: undefined
COMMAND: POST /session/2308dad0f2a7537c6be193a87bfcce7d/execute/async - {"script":"<script> [776 bytes]","args":[{"enterText":"Deva","selector":{"id":"application-managepartners-display-component---NewPartner--addressDetailDetailsCity1","interaction":{"idSuffix":"inner"}},"clearTextFirst":true,"interactionType":"ENTER_TEXT"}]}
RESULT: {"script":"<script> [776 bytes]","args":[{"enterText":"Deva","selector":{"id":"application-managepartners-display-component---NewPartner--addressDetailDetailsCity1","interaction":{"idSuffix":"inner"}},"clearTextFirst":true,"interactionType":"ENTER_TEXT"}]}
RESULT: undefined
COMMAND: POST /session/2308dad0f2a7537c6be193a87bfcce7d/element - {"using":"xpath","value":"//*[@id=\"application-managepartners-display-component---NewPartner--addressDetailDetailsCountry-arrow\"]"}
RESULT: {"using":"xpath","value":"//*[@id=\"application-managepartners-display-component---NewPartner--addressDetailDetailsCountry-arrow\"]"}
COMMAND: POST /session/2308dad0f2a7537c6be193a87bfcce7d/element/f.8FEDB17297EEB2F430C5C9DB657928CB.d.CB6573956B94A1F6B77311C8FE478B16.e.12771/click - {}
RESULT: {}
COMMAND: GET /session/2308dad0f2a7537c6be193a87bfcce7d/screenshot - {}
RESULT: {}
COMMAND: POST /session/2308dad0f2a7537c6be193a87bfcce7d/element - {"using":"xpath","value":"//ul[contains(@id,\"DetailsCountry-popup-list-listUl\")]//li[.//span[contains(text(), \"Armenia\")]]"}
RESULT: {"using":"xpath","value":"//ul[contains(@id,\"DetailsCountry-popup-list-listUl\")]//li[.//span[contains(text(), \"Armenia\")]]"}
COMMAND: POST /session/2308dad0f2a7537c6be193a87bfcce7d/element/f.8FEDB17297EEB2F430C5C9DB657928CB.d.CB6573956B94A1F6B77311C8FE478B16.e.12776/click - {}
RESULT: {}
COMMAND: GET /session/2308dad0f2a7537c6be193a87bfcce7d/screenshot - {}
RESULT: {}
COMMAND: POST /session/2308dad0f2a7537c6be193a87bfcce7d/element - {"using":"xpath","value":"//bdi[contains(text(), \"Commercial\")]"}
RESULT: {"using":"xpath","value":"//bdi[contains(text(), \"Commercial\")]"}
COMMAND: POST /session/2308dad0f2a7537c6be193a87bfcce7d/element/f.8FEDB17297EEB2F430C5C9DB657928CB.d.CB6573956B94A1F6B77311C8FE478B16.e.12777/click - {}
RESULT: {}
COMMAND: GET /session/2308dad0f2a7537c6be193a87bfcce7d/screenshot - {}
RESULT: {}
RESULT: undefined
COMMAND: POST /session/2308dad0f2a7537c6be193a87bfcce7d/element - {"using":"xpath","value":"//*[@id=\"application-managepartners-display-component---NewPartner--partnerDetailInternal-arrow\"]"}
RESULT: {"using":"xpath","value":"//*[@id=\"application-managepartners-display-component---NewPartner--partnerDetailInternal-arrow\"]"}
COMMAND: POST /session/2308dad0f2a7537c6be193a87bfcce7d/element/f.8FEDB17297EEB2F430C5C9DB657928CB.d.CB6573956B94A1F6B77311C8FE478B16.e.12785/click - {}
RESULT: {}
COMMAND: GET /session/2308dad0f2a7537c6be193a87bfcce7d/screenshot - {}
RESULT: {}
COMMAND: POST /session/2308dad0f2a7537c6be193a87bfcce7d/element - {"using":"xpath","value":"//ul[contains(@id,\"partnerDetailInternal-popup-list-listUl\")]//li[.//span[contains(text(), \"External partner\")]]"}
RESULT: {"using":"xpath","value":"//ul[contains(@id,\"partnerDetailInternal-popup-list-listUl\")]//li[.//span[contains(text(), \"External partner\")]]"}
COMMAND: POST /session/2308dad0f2a7537c6be193a87bfcce7d/element/f.8FEDB17297EEB2F430C5C9DB657928CB.d.CB6573956B94A1F6B77311C8FE478B16.e.12786/click - {}
RESULT: {}
RESULT: undefined
COMMAND: POST /session/2308dad0f2a7537c6be193a87bfcce7d/element - {"using":"xpath","value":"//*[@id=\"application-managepartners-display-component---NewPartner--partnerDetailsCurrency-arrow\"]"}
COMMAND: GET /session/2308dad0f2a7537c6be193a87bfcce7d/screenshot - {}
RESULT: {"using":"xpath","value":"//*[@id=\"application-managepartners-display-component---NewPartner--partnerDetailsCurrency-arrow\"]"}
COMMAND: POST /session/2308dad0f2a7537c6be193a87bfcce7d/element/f.8FEDB17297EEB2F430C5C9DB657928CB.d.CB6573956B94A1F6B77311C8FE478B16.e.12791/click - {}
RESULT: {}
RESULT: {}
COMMAND: GET /session/2308dad0f2a7537c6be193a87bfcce7d/screenshot - {}
RESULT: {}
COMMAND: POST /session/2308dad0f2a7537c6be193a87bfcce7d/element - {"using":"xpath","value":"//ul[contains(@id,\"partnerDetailsCurrency-popup-list-listUl\")]//li[.//span[contains(text(), \"US Dollar\")]]"}
RESULT: {"using":"xpath","value":"//ul[contains(@id,\"partnerDetailsCurrency-popup-list-listUl\")]//li[.//span[contains(text(), \"US Dollar\")]]"}
COMMAND: POST /session/2308dad0f2a7537c6be193a87bfcce7d/element/f.8FEDB17297EEB2F430C5C9DB657928CB.d.CB6573956B94A1F6B77311C8FE478B16.e.12792/click - {}
RESULT: {}
COMMAND: GET /session/2308dad0f2a7537c6be193a87bfcce7d/screenshot - {}
RESULT: {}
COMMAND: POST /session/2308dad0f2a7537c6be193a87bfcce7d/element - {"using":"xpath","value":"//input[@id=\"application-managepartners-display-component---NewPartner--companyCodeComboBox-inner\"]"}
RESULT: {"using":"xpath","value":"//input[@id=\"application-managepartners-display-component---NewPartner--companyCodeComboBox-inner\"]"}
COMMAND: POST /session/2308dad0f2a7537c6be193a87bfcce7d/element/f.8FEDB17297EEB2F430C5C9DB657928CB.d.CB6573956B94A1F6B77311C8FE478B16.e.12711/clear - {}
RESULT: {}
COMMAND: POST /session/2308dad0f2a7537c6be193a87bfcce7d/element/f.8FEDB17297EEB2F430C5C9DB657928CB.d.CB6573956B94A1F6B77311C8FE478B16.e.12711/value - {"text":"C002"}
COMMAND: GET /session/2308dad0f2a7537c6be193a87bfcce7d/screenshot - {}
RESULT: {"text":"C002"}
COMMAND: GET /session/2308dad0f2a7537c6be193a87bfcce7d/screenshot - {}
RESULT: {}
RESULT: {}
COMMAND: POST /session/2308dad0f2a7537c6be193a87bfcce7d/element - {"using":"xpath","value":"//ul[contains(@id,\"companyCodeComboBox-popup-list-listUl\")]//li[.//span[text()= \"C002\"]]"}
RESULT: {"using":"xpath","value":"//ul[contains(@id,\"companyCodeComboBox-popup-list-listUl\")]//li[.//span[text()= \"C002\"]]"}
COMMAND: POST /session/2308dad0f2a7537c6be193a87bfcce7d/element/f.8FEDB17297EEB2F430C5C9DB657928CB.d.CB6573956B94A1F6B77311C8FE478B16.e.12796/click - {}
RESULT: {}
COMMAND: GET /session/2308dad0f2a7537c6be193a87bfcce7d/screenshot - {}
RESULT: {}
RESULT: undefined
COMMAND: POST /session/2308dad0f2a7537c6be193a87bfcce7d/element - {"using":"xpath","value":"//*[@id=\"application-managepartners-display-component---NewPartner--btnAddTableRow-img\"]"}
RESULT: {"using":"xpath","value":"//*[@id=\"application-managepartners-display-component---NewPartner--btnAddTableRow-img\"]"}
COMMAND: POST /session/2308dad0f2a7537c6be193a87bfcce7d/element/f.8FEDB17297EEB2F430C5C9DB657928CB.d.CB6573956B94A1F6B77311C8FE478B16.e.12797/click - {}
RESULT: {}
COMMAND: GET /session/2308dad0f2a7537c6be193a87bfcce7d/screenshot - {}
RESULT: {}
COMMAND: POST /session/2308dad0f2a7537c6be193a87bfcce7d/element - {"using":"xpath","value":"//input[@id=\"application-managepartners-display-component---NewPartner--assignmentYard-application-managepartners-display-component---NewPartner--assignmentsTable-0-inner\"]"}
RESULT: {"using":"xpath","value":"//input[@id=\"application-managepartners-display-component---NewPartner--assignmentYard-application-managepartners-display-component---NewPartner--assignmentsTable-0-inner\"]"}
COMMAND: POST /session/2308dad0f2a7537c6be193a87bfcce7d/element/f.8FEDB17297EEB2F430C5C9DB657928CB.d.CB6573956B94A1F6B77311C8FE478B16.e.12800/clear - {}
RESULT: {}
COMMAND: POST /session/2308dad0f2a7537c6be193a87bfcce7d/element/f.8FEDB17297EEB2F430C5C9DB657928CB.d.CB6573956B94A1F6B77311C8FE478B16.e.12800/value - {"text":"471"}
COMMAND: GET /session/2308dad0f2a7537c6be193a87bfcce7d/screenshot - {}
RESULT: {"text":"471"}
COMMAND: GET /session/2308dad0f2a7537c6be193a87bfcce7d/screenshot - {}
RESULT: {}
RESULT: {}
COMMAND: POST /session/2308dad0f2a7537c6be193a87bfcce7d/element - {"using":"xpath","value":"//ul[contains(@id,\"assignmentYard-application-managepartners-display-component---NewPartner--assignmentsTable-0-popup-list-listUl\")]//li[.//span[text()='471']]"}
RESULT: {"using":"xpath","value":"//ul[contains(@id,\"assignmentYard-application-managepartners-display-component---NewPartner--assignmentsTable-0-popup-list-listUl\")]//li[.//span[text()='471']]"}
COMMAND: POST /session/2308dad0f2a7537c6be193a87bfcce7d/element/f.8FEDB17297EEB2F430C5C9DB657928CB.d.CB6573956B94A1F6B77311C8FE478B16.e.12808/click - {}
RESULT: {}
COMMAND: GET /session/2308dad0f2a7537c6be193a87bfcce7d/screenshot - {}
RESULT: {}
COMMAND: POST /session/2308dad0f2a7537c6be193a87bfcce7d/actions - {"actions":[{"id":"action36","type":"key","parameters":{},"actions":[{"type":"keyDown","value":""},{"type":"pause","duration":10},{"type":"keyUp","value":""}]}]}
RESULT: {"actions":[{"id":"action36","type":"key","parameters":{},"actions":[{"type":"keyDown","value":""},{"type":"pause","duration":10},{"type":"keyUp","value":""}]}]}
COMMAND: GET /session/2308dad0f2a7537c6be193a87bfcce7d/screenshot - {}
RESULT: {}
COMMAND: POST /session/2308dad0f2a7537c6be193a87bfcce7d/element - {"using":"xpath","value":"//bdi[contains(text(), \"Contacts\")]"}
RESULT: {"using":"xpath","value":"//bdi[contains(text(), \"Contacts\")]"}
COMMAND: POST /session/2308dad0f2a7537c6be193a87bfcce7d/element/f.8FEDB17297EEB2F430C5C9DB657928CB.d.CB6573956B94A1F6B77311C8FE478B16.e.12811/click - {}
RESULT: {}
COMMAND: GET /session/2308dad0f2a7537c6be193a87bfcce7d/screenshot - {}
RESULT: {}
COMMAND: POST /session/2308dad0f2a7537c6be193a87bfcce7d/element - {"using":"xpath","value":"//button[contains(@title,\"Add Contact\")]"}
RESULT: {"using":"xpath","value":"//button[contains(@title,\"Add Contact\")]"}
COMMAND: POST /session/2308dad0f2a7537c6be193a87bfcce7d/element/f.8FEDB17297EEB2F430C5C9DB657928CB.d.CB6573956B94A1F6B77311C8FE478B16.e.12816/click - {}
RESULT: {}
COMMAND: GET /session/2308dad0f2a7537c6be193a87bfcce7d/screenshot - {}
RESULT: {}
COMMAND: POST /session/2308dad0f2a7537c6be193a87bfcce7d/element - {"using":"xpath","value":"//span[contains(@id,\"NewPartner--siteAddresses-0-arrow\")]"}
RESULT: {"using":"xpath","value":"//span[contains(@id,\"NewPartner--siteAddresses-0-arrow\")]"}
COMMAND: POST /session/2308dad0f2a7537c6be193a87bfcce7d/element/f.8FEDB17297EEB2F430C5C9DB657928CB.d.CB6573956B94A1F6B77311C8FE478B16.e.12827/click - {}
RESULT: {}
COMMAND: GET /session/2308dad0f2a7537c6be193a87bfcce7d/screenshot - {}
RESULT: {}
COMMAND: POST /session/2308dad0f2a7537c6be193a87bfcce7d/element - {"using":"xpath","value":"//li[.//span[text()='Mr.']]"}
RESULT: {"using":"xpath","value":"//li[.//span[text()='Mr.']]"}
COMMAND: POST /session/2308dad0f2a7537c6be193a87bfcce7d/element/f.8FEDB17297EEB2F430C5C9DB657928CB.d.CB6573956B94A1F6B77311C8FE478B16.e.12828/click - {}
RESULT: {}
COMMAND: GET /session/2308dad0f2a7537c6be193a87bfcce7d/screenshot - {}
RESULT: {}
COMMAND: POST /session/2308dad0f2a7537c6be193a87bfcce7d/execute/async - {"script":"<script> [1562 bytes]","args":[{"selector":{"controlType":"sap.m.Input","viewName":"etm.portal.ui.managepartners.view.NewPartner","viewId":"application-managepartners-display-component---NewPartner","bindingPath":{"path":"/Addresses/0","propertyPath":"NAME1","modelName":"NewAddresses"},"interaction":{"idSuffix":"inner"}},"wdio_ui5_key":"etmportal.ui.managepartners.view.NewPartnersap.m.Input{\"path\":\"/Addresses/0\",\"propertyPath\":\"NAME1\",\"modelName\":\"NewAddresses\"}"}]}
RESULT: {"script":"<script> [1562 bytes]","args":[{"selector":{"controlType":"sap.m.Input","viewName":"etm.portal.ui.managepartners.view.NewPartner","viewId":"application-managepartners-display-component---NewPartner","bindingPath":{"path":"/Addresses/0","propertyPath":"NAME1","modelName":"NewAddresses"},"interaction":{"idSuffix":"inner"}},"wdio_ui5_key":"etmportal.ui.managepartners.view.NewPartnersap.m.Input{\"path\":\"/Addresses/0\",\"propertyPath\":\"NAME1\",\"modelName\":\"NewAddresses\"}"}]}
RESULT: undefined
COMMAND: POST /session/2308dad0f2a7537c6be193a87bfcce7d/execute/async - {"script":"<script> [776 bytes]","args":[{"enterText":"Johnny","selector":{"controlType":"sap.m.Input","viewName":"etm.portal.ui.managepartners.view.NewPartner","viewId":"application-managepartners-display-component---NewPartner","bindingPath":{"path":"/Addresses/0","propertyPath":"NAME1","modelName":"NewAddresses"},"interaction":{"idSuffix":"inner"}},"clearTextFirst":true,"interactionType":"ENTER_TEXT"}]}
RESULT: {"script":"<script> [776 bytes]","args":[{"enterText":"Johnny","selector":{"controlType":"sap.m.Input","viewName":"etm.portal.ui.managepartners.view.NewPartner","viewId":"application-managepartners-display-component---NewPartner","bindingPath":{"path":"/Addresses/0","propertyPath":"NAME1","modelName":"NewAddresses"},"interaction":{"idSuffix":"inner"}},"clearTextFirst":true,"interactionType":"ENTER_TEXT"}]}
COMMAND: POST /session/2308dad0f2a7537c6be193a87bfcce7d/execute/async - {"script":"<script> [1562 bytes]","args":[{"selector":{"controlType":"sap.m.Input","viewName":"etm.portal.ui.managepartners.view.NewPartner","viewId":"application-managepartners-display-component---NewPartner","bindingPath":{"path":"/Addresses/0","propertyPath":"NAME2","modelName":"NewAddresses"},"interaction":{"idSuffix":"inner"}},"wdio_ui5_key":"etmportal.ui.managepartners.view.NewPartnersap.m.Input{\"path\":\"/Addresses/0\",\"propertyPath\":\"NAME2\",\"modelName\":\"NewAddresses\"}"}]}
RESULT: {"script":"<script> [1562 bytes]","args":[{"selector":{"controlType":"sap.m.Input","viewName":"etm.portal.ui.managepartners.view.NewPartner","viewId":"application-managepartners-display-component---NewPartner","bindingPath":{"path":"/Addresses/0","propertyPath":"NAME2","modelName":"NewAddresses"},"interaction":{"idSuffix":"inner"}},"wdio_ui5_key":"etmportal.ui.managepartners.view.NewPartnersap.m.Input{\"path\":\"/Addresses/0\",\"propertyPath\":\"NAME2\",\"modelName\":\"NewAddresses\"}"}]}
RESULT: undefined
COMMAND: POST /session/2308dad0f2a7537c6be193a87bfcce7d/execute/async - {"script":"<script> [776 bytes]","args":[{"enterText":"Cusca","selector":{"controlType":"sap.m.Input","viewName":"etm.portal.ui.managepartners.view.NewPartner","viewId":"application-managepartners-display-component---NewPartner","bindingPath":{"path":"/Addresses/0","propertyPath":"NAME2","modelName":"NewAddresses"},"interaction":{"idSuffix":"inner"}},"clearTextFirst":true,"interactionType":"ENTER_TEXT"}]}
RESULT: {"script":"<script> [776 bytes]","args":[{"enterText":"Cusca","selector":{"controlType":"sap.m.Input","viewName":"etm.portal.ui.managepartners.view.NewPartner","viewId":"application-managepartners-display-component---NewPartner","bindingPath":{"path":"/Addresses/0","propertyPath":"NAME2","modelName":"NewAddresses"},"interaction":{"idSuffix":"inner"}},"clearTextFirst":true,"interactionType":"ENTER_TEXT"}]}
COMMAND: POST /session/2308dad0f2a7537c6be193a87bfcce7d/execute/async - {"script":"<script> [1562 bytes]","args":[{"selector":{"controlType":"sap.m.Input","viewName":"etm.portal.ui.managepartners.view.NewPartner","viewId":"application-managepartners-display-component---NewPartner","bindingPath":{"path":"/Addresses/0","propertyPath":"JOB_TITLE","modelName":"NewAddresses"},"interaction":{"idSuffix":"inner"}},"wdio_ui5_key":"etmportal.ui.managepartners.view.NewPartnersap.m.Input{\"path\":\"/Addresses/0\",\"propertyPath\":\"JOB_TITLE\",\"modelName\":\"NewAddresses\"}"}]}
RESULT: {"script":"<script> [1562 bytes]","args":[{"selector":{"controlType":"sap.m.Input","viewName":"etm.portal.ui.managepartners.view.NewPartner","viewId":"application-managepartners-display-component---NewPartner","bindingPath":{"path":"/Addresses/0","propertyPath":"JOB_TITLE","modelName":"NewAddresses"},"interaction":{"idSuffix":"inner"}},"wdio_ui5_key":"etmportal.ui.managepartners.view.NewPartnersap.m.Input{\"path\":\"/Addresses/0\",\"propertyPath\":\"JOB_TITLE\",\"modelName\":\"NewAddresses\"}"}]}
RESULT: undefined
COMMAND: POST /session/2308dad0f2a7537c6be193a87bfcce7d/execute/async - {"script":"<script> [776 bytes]","args":[{"enterText":"tester sef","selector":{"controlType":"sap.m.Input","viewName":"etm.portal.ui.managepartners.view.NewPartner","viewId":"application-managepartners-display-component---NewPartner","bindingPath":{"path":"/Addresses/0","propertyPath":"JOB_TITLE","modelName":"NewAddresses"},"interaction":{"idSuffix":"inner"}},"clearTextFirst":true,"interactionType":"ENTER_TEXT"}]}
RESULT: {"script":"<script> [776 bytes]","args":[{"enterText":"tester sef","selector":{"controlType":"sap.m.Input","viewName":"etm.portal.ui.managepartners.view.NewPartner","viewId":"application-managepartners-display-component---NewPartner","bindingPath":{"path":"/Addresses/0","propertyPath":"JOB_TITLE","modelName":"NewAddresses"},"interaction":{"idSuffix":"inner"}},"clearTextFirst":true,"interactionType":"ENTER_TEXT"}]}
COMMAND: POST /session/2308dad0f2a7537c6be193a87bfcce7d/execute/async - {"script":"<script> [1562 bytes]","args":[{"selector":{"controlType":"sap.m.Input","viewName":"etm.portal.ui.managepartners.view.NewPartner","viewId":"application-managepartners-display-component---NewPartner","bindingPath":{"path":"/Addresses/0","propertyPath":"TELEPHONE_NO","modelName":"NewAddresses"},"interaction":{"idSuffix":"inner"}},"wdio_ui5_key":"etmportal.ui.managepartners.view.NewPartnersap.m.Input{\"path\":\"/Addresses/0\",\"propertyPath\":\"TELEPHONE_NO\",\"modelName\":\"NewAddresses\"}"}]}
RESULT: {"script":"<script> [1562 bytes]","args":[{"selector":{"controlType":"sap.m.Input","viewName":"etm.portal.ui.managepartners.view.NewPartner","viewId":"application-managepartners-display-component---NewPartner","bindingPath":{"path":"/Addresses/0","propertyPath":"TELEPHONE_NO","modelName":"NewAddresses"},"interaction":{"idSuffix":"inner"}},"wdio_ui5_key":"etmportal.ui.managepartners.view.NewPartnersap.m.Input{\"path\":\"/Addresses/0\",\"propertyPath\":\"TELEPHONE_NO\",\"modelName\":\"NewAddresses\"}"}]}
RESULT: undefined
COMMAND: POST /session/2308dad0f2a7537c6be193a87bfcce7d/execute/async - {"script":"<script> [776 bytes]","args":[{"enterText":"0782113322","selector":{"controlType":"sap.m.Input","viewName":"etm.portal.ui.managepartners.view.NewPartner","viewId":"application-managepartners-display-component---NewPartner","bindingPath":{"path":"/Addresses/0","propertyPath":"TELEPHONE_NO","modelName":"NewAddresses"},"interaction":{"idSuffix":"inner"}},"clearTextFirst":true,"interactionType":"ENTER_TEXT"}]}
RESULT: {"script":"<script> [776 bytes]","args":[{"enterText":"0782113322","selector":{"controlType":"sap.m.Input","viewName":"etm.portal.ui.managepartners.view.NewPartner","viewId":"application-managepartners-display-component---NewPartner","bindingPath":{"path":"/Addresses/0","propertyPath":"TELEPHONE_NO","modelName":"NewAddresses"},"interaction":{"idSuffix":"inner"}},"clearTextFirst":true,"interactionType":"ENTER_TEXT"}]}
COMMAND: POST /session/2308dad0f2a7537c6be193a87bfcce7d/element - {"using":"xpath","value":"//button[@data-kt=\"saveButton\"]"}
RESULT: {"using":"xpath","value":"//button[@data-kt=\"saveButton\"]"}
COMMAND: POST /session/2308dad0f2a7537c6be193a87bfcce7d/element/f.8FEDB17297EEB2F430C5C9DB657928CB.d.CB6573956B94A1F6B77311C8FE478B16.e.12752/click - {}
RESULT: {}
COMMAND: GET /session/2308dad0f2a7537c6be193a87bfcce7d/screenshot - {}
RESULT: {}
COMMAND: POST /session/2308dad0f2a7537c6be193a87bfcce7d/element - {"using":"xpath","value":"//header[contains(@id, 'ObjectPageLayout-headerTitle')]/div[1]/div[2]/div[2]/span[1]"}
RESULT: {"using":"xpath","value":"//header[contains(@id, 'ObjectPageLayout-headerTitle')]/div[1]/div[2]/div[2]/span[1]"}
COMMAND: POST /session/2308dad0f2a7537c6be193a87bfcce7d/elements - {"using":"xpath","value":"//header[contains(@id, 'ObjectPageLayout-headerTitle')]/div[1]/div[2]/div[2]/span[1]"}
RESULT: {"using":"xpath","value":"//header[contains(@id, 'ObjectPageLayout-headerTitle')]/div[1]/div[2]/div[2]/span[1]"}
COMMAND: POST /session/2308dad0f2a7537c6be193a87bfcce7d/execute/sync - {"script":"<script> [56 bytes]","args":[{"element-6066-11e4-a52e-4f735466cecf":"f.8FEDB17297EEB2F430C5C9DB657928CB.d.CB6573956B94A1F6B77311C8FE478B16.e.12942","ELEMENT":"f.8FEDB17297EEB2F430C5C9DB657928CB.d.CB6573956B94A1F6B77311C8FE478B16.e.12942"}]}
RESULT: {"script":"<script> [56 bytes]","args":[{"element-6066-11e4-a52e-4f735466cecf":"f.8FEDB17297EEB2F430C5C9DB657928CB.d.CB6573956B94A1F6B77311C8FE478B16.e.12942","ELEMENT":"f.8FEDB17297EEB2F430C5C9DB657928CB.d.CB6573956B94A1F6B77311C8FE478B16.e.12942"}]}
COMMAND: POST /session/2308dad0f2a7537c6be193a87bfcce7d/element - {"using":"xpath","value":"//span[contains(@id,\"smartTableAssignmentsDisplay-header-inner\")]"}
COMMAND: GET /session/2308dad0f2a7537c6be193a87bfcce7d/screenshot - {}
RESULT: {"using":"xpath","value":"//span[contains(@id,\"smartTableAssignmentsDisplay-header-inner\")]"}
COMMAND: POST /session/2308dad0f2a7537c6be193a87bfcce7d/elements - {"using":"xpath","value":"//span[contains(@id,\"smartTableAssignmentsDisplay-header-inner\")]"}
RESULT: {}
RESULT: {"using":"xpath","value":"//span[contains(@id,\"smartTableAssignmentsDisplay-header-inner\")]"}
COMMAND: POST /session/2308dad0f2a7537c6be193a87bfcce7d/execute/sync - {"script":"<script> [56 bytes]","args":[{"element-6066-11e4-a52e-4f735466cecf":"f.8FEDB17297EEB2F430C5C9DB657928CB.d.CB6573956B94A1F6B77311C8FE478B16.e.12943","ELEMENT":"f.8FEDB17297EEB2F430C5C9DB657928CB.d.CB6573956B94A1F6B77311C8FE478B16.e.12943"}]}
RESULT: {"script":"<script> [56 bytes]","args":[{"element-6066-11e4-a52e-4f735466cecf":"f.8FEDB17297EEB2F430C5C9DB657928CB.d.CB6573956B94A1F6B77311C8FE478B16.e.12943","ELEMENT":"f.8FEDB17297EEB2F430C5C9DB657928CB.d.CB6573956B94A1F6B77311C8FE478B16.e.12943"}]}
COMMAND: POST /session/2308dad0f2a7537c6be193a87bfcce7d/element - {"using":"xpath","value":"//span[contains(@id,\"smartTableContactsDisplay-header-inner\")]"}
COMMAND: GET /session/2308dad0f2a7537c6be193a87bfcce7d/screenshot - {}
RESULT: {"using":"xpath","value":"//span[contains(@id,\"smartTableContactsDisplay-header-inner\")]"}
COMMAND: POST /session/2308dad0f2a7537c6be193a87bfcce7d/elements - {"using":"xpath","value":"//span[contains(@id,\"smartTableContactsDisplay-header-inner\")]"}
RESULT: {}
RESULT: {"using":"xpath","value":"//span[contains(@id,\"smartTableContactsDisplay-header-inner\")]"}
COMMAND: POST /session/2308dad0f2a7537c6be193a87bfcce7d/execute/sync - {"script":"<script> [56 bytes]","args":[{"element-6066-11e4-a52e-4f735466cecf":"f.8FEDB17297EEB2F430C5C9DB657928CB.d.CB6573956B94A1F6B77311C8FE478B16.e.12944","ELEMENT":"f.8FEDB17297EEB2F430C5C9DB657928CB.d.CB6573956B94A1F6B77311C8FE478B16.e.12944"}]}
RESULT: {"script":"<script> [56 bytes]","args":[{"element-6066-11e4-a52e-4f735466cecf":"f.8FEDB17297EEB2F430C5C9DB657928CB.d.CB6573956B94A1F6B77311C8FE478B16.e.12944","ELEMENT":"f.8FEDB17297EEB2F430C5C9DB657928CB.d.CB6573956B94A1F6B77311C8FE478B16.e.12944"}]}
COMMAND: POST /session/2308dad0f2a7537c6be193a87bfcce7d/element - {"using":"css selector","value":"#shell-header-logo"}
COMMAND: GET /session/2308dad0f2a7537c6be193a87bfcce7d/screenshot - {}
RESULT: {"using":"css selector","value":"#shell-header-logo"}
COMMAND: POST /session/2308dad0f2a7537c6be193a87bfcce7d/element/f.8FEDB17297EEB2F430C5C9DB657928CB.d.CB6573956B94A1F6B77311C8FE478B16.e.9477/click - {}
RESULT: {}
RESULT: {}
COMMAND: GET /session/2308dad0f2a7537c6be193a87bfcce7d/screenshot - {}
RESULT: {}
COMMAND: POST /session/2308dad0f2a7537c6be193a87bfcce7d/element - {"using":"css selector","value":"#j_username"}
COMMAND: POST /session/2308dad0f2a7537c6be193a87bfcce7d/url - {"url":"https://qa-testing-00-live-etm-ui.cfapps.eu10-004.hana.ondemand.com/"}
RESULT: {"using":"css selector","value":"#j_username"}
COMMAND: POST /session/2308dad0f2a7537c6be193a87bfcce7d/element - {"using":"css selector","value":"#j_username"}
RESULT: {"url":"https://qa-testing-00-live-etm-ui.cfapps.eu10-004.hana.ondemand.com/"}
RESULT: undefined
COMMAND: GET /session/2308dad0f2a7537c6be193a87bfcce7d/screenshot - {}
RESULT: {"using":"css selector","value":"#j_username"}
COMMAND: POST /session/2308dad0f2a7537c6be193a87bfcce7d/element - {"using":"css selector","value":"#shell-header-logo"}
RESULT: {}
RESULT: {"using":"css selector","value":"#shell-header-logo"}
COMMAND: POST /session/2308dad0f2a7537c6be193a87bfcce7d/execute/sync - {"script":"<script> [8489 bytes]","args":[{"element-6066-11e4-a52e-4f735466cecf":"f.8FEDB17297EEB2F430C5C9DB657928CB.d.F8C8C34AB5BAB2766C2575D8347F1FAC.e.12955","ELEMENT":"f.8FEDB17297EEB2F430C5C9DB657928CB.d.F8C8C34AB5BAB2766C2575D8347F1FAC.e.12955"}]}
RESULT: {"script":"<script> [8489 bytes]","args":[{"element-6066-11e4-a52e-4f735466cecf":"f.8FEDB17297EEB2F430C5C9DB657928CB.d.F8C8C34AB5BAB2766C2575D8347F1FAC.e.12955","ELEMENT":"f.8FEDB17297EEB2F430C5C9DB657928CB.d.F8C8C34AB5BAB2766C2575D8347F1FAC.e.12955"}]}
COMMAND: POST /session/2308dad0f2a7537c6be193a87bfcce7d/element - {"using":"css selector","value":"#shell-header-logo"}
COMMAND: GET /session/2308dad0f2a7537c6be193a87bfcce7d/screenshot - {}
RESULT: {"using":"css selector","value":"#shell-header-logo"}
COMMAND: POST /session/2308dad0f2a7537c6be193a87bfcce7d/execute/sync - {"script":"<script> [8489 bytes]","args":[{"element-6066-11e4-a52e-4f735466cecf":"f.8FEDB17297EEB2F430C5C9DB657928CB.d.F8C8C34AB5BAB2766C2575D8347F1FAC.e.12955","ELEMENT":"f.8FEDB17297EEB2F430C5C9DB657928CB.d.F8C8C34AB5BAB2766C2575D8347F1FAC.e.12955"}]}
RESULT: {}
RESULT: {"script":"<script> [8489 bytes]","args":[{"element-6066-11e4-a52e-4f735466cecf":"f.8FEDB17297EEB2F430C5C9DB657928CB.d.F8C8C34AB5BAB2766C2575D8347F1FAC.e.12955","ELEMENT":"f.8FEDB17297EEB2F430C5C9DB657928CB.d.F8C8C34AB5BAB2766C2575D8347F1FAC.e.12955"}]}
COMMAND: POST /session/2308dad0f2a7537c6be193a87bfcce7d/execute/sync - {"script":"<script> [5351 bytes]","args":[{"element-6066-11e4-a52e-4f735466cecf":"f.8FEDB17297EEB2F430C5C9DB657928CB.d.F8C8C34AB5BAB2766C2575D8347F1FAC.e.12955","ELEMENT":"f.8FEDB17297EEB2F430C5C9DB657928CB.d.F8C8C34AB5BAB2766C2575D8347F1FAC.e.12955"}]}
COMMAND: GET /session/2308dad0f2a7537c6be193a87bfcce7d/screenshot - {}
RESULT: {"script":"<script> [5351 bytes]","args":[{"element-6066-11e4-a52e-4f735466cecf":"f.8FEDB17297EEB2F430C5C9DB657928CB.d.F8C8C34AB5BAB2766C2575D8347F1FAC.e.12955","ELEMENT":"f.8FEDB17297EEB2F430C5C9DB657928CB.d.F8C8C34AB5BAB2766C2575D8347F1FAC.e.12955"}]}
COMMAND: POST /session/2308dad0f2a7537c6be193a87bfcce7d/element - {"using":"css selector","value":"#shell-header-logo"}
COMMAND: GET /session/2308dad0f2a7537c6be193a87bfcce7d/screenshot - {}
RESULT: {}
RESULT: {"using":"css selector","value":"#shell-header-logo"}
COMMAND: POST /session/2308dad0f2a7537c6be193a87bfcce7d/element/f.8FEDB17297EEB2F430C5C9DB657928CB.d.F8C8C34AB5BAB2766C2575D8347F1FAC.e.12955/click - {}
RESULT: {}
RESULT: {}
COMMAND: GET /session/2308dad0f2a7537c6be193a87bfcce7d/screenshot - {}
RESULT: {}
COMMAND: POST /session/2308dad0f2a7537c6be193a87bfcce7d/execute/async - {"script":"<script> [189 bytes]","args":[]}
RESULT: {"script":"<script> [189 bytes]","args":[]}
COMMAND: POST /session/2308dad0f2a7537c6be193a87bfcce7d/execute/async - {"script":"<script> [123 bytes]","args":[]}
RESULT: {"script":"<script> [123 bytes]","args":[]}
COMMAND: POST /session/2308dad0f2a7537c6be193a87bfcce7d/timeouts - {"script":"<number>"}
RESULT: {"script":"<number>"}
COMMAND: GET /session/2308dad0f2a7537c6be193a87bfcce7d/timeouts - {}
RESULT: {}
RESULT: undefined
COMMAND: POST /session/2308dad0f2a7537c6be193a87bfcce7d/execute/async - {"script":"<script> [2676 bytes]","args":[]}
RESULT: {"script":"<script> [2676 bytes]","args":[]}
COMMAND: POST /session/2308dad0f2a7537c6be193a87bfcce7d/execute/async - {"script":"<script> [2342 bytes]","args":[{"protocol":"http","hostname":"0.0.0.0","path":"/","capabilities":{"browserName":"chrome","goog:chromeOptions":{"binary":"C:\\Program Files\\Google\\Chrome\\Application\\chrome.exe","args":["--start-maximized"]}},"logLevel":"warn","connectionRetryTimeout":120000,"connectionRetryCount":3,"logLevels":{},"enableDirectConnect":true,"strictSSL":true,"_":"65 more keys: [\"cacheDir\",\"port\",\"requestedCapabilities\",\"automationProtocol\",\"baseUrl\",\"waitforInterval\",\"waitforTimeout\",\"onReload\",\"beforeCommand\",\"afterCommand\",\"rootDir\",\"specs\",\"suites\",\"exclude\",\"groupLogsByTestSpec\",\"excludeDriverLogs\",\"bail\",\"framework\",\"reporters\",\"services\",\"maxInstances\",\"maxInstancesPerCapability\",\"injectGlobals\",\"filesToWatch\",\"execArgv\",\"runnerEnv\",\"runner\",\"shard\",\"specFileRetries\",\"specFileRetriesDelay\",\"specFileRetriesDeferred\",\"reporterSyncInterval\",\"reporterSyncTimeout\",\"cucumberFeaturesWithLineNumbers\",\"autoCompileOpts\",\"mochaOpts\",\"jasmineOpts\",\"cucumberOpts\",\"onPrepare\",\"onWorkerStart\",\"onWorkerEnd\",\"before\",\"beforeSession\",\"beforeSuite\",\"beforeHook\",\"beforeTest\",\"afterTest\",\"afterHook\",\"afterSuite\",\"afterSession\",\"after\",\"onComplete\",\"beforeAssertion\",\"afterAssertion\",\"beforeFeature\",\"beforeScenario\",\"beforeStep\",\"afterStep\",\"afterScenario\",\"afterFeature\",\"_\",\"suite\",\"$0\",\"ignoredWorkerServices\",\"wdi5\"]"}]}
RESULT: {"script":"<script> [2342 bytes]","args":[{"protocol":"http","hostname":"0.0.0.0","path":"/","capabilities":{"browserName":"chrome","goog:chromeOptions":{"binary":"C:\\Program Files\\Google\\Chrome\\Application\\chrome.exe","args":["--start-maximized"]}},"logLevel":"warn","connectionRetryTimeout":120000,"connectionRetryCount":3,"logLevels":{},"enableDirectConnect":true,"strictSSL":true,"_":"65 more keys: [\"cacheDir\",\"port\",\"requestedCapabilities\",\"automationProtocol\",\"baseUrl\",\"waitforInterval\",\"waitforTimeout\",\"onReload\",\"beforeCommand\",\"afterCommand\",\"rootDir\",\"specs\",\"suites\",\"exclude\",\"groupLogsByTestSpec\",\"excludeDriverLogs\",\"bail\",\"framework\",\"reporters\",\"services\",\"maxInstances\",\"maxInstancesPerCapability\",\"injectGlobals\",\"filesToWatch\",\"execArgv\",\"runnerEnv\",\"runner\",\"shard\",\"specFileRetries\",\"specFileRetriesDelay\",\"specFileRetriesDeferred\",\"reporterSyncInterval\",\"reporterSyncTimeout\",\"cucumberFeaturesWithLineNumbers\",\"autoCompileOpts\",\"mochaOpts\",\"jasmineOpts\",\"cucumberOpts\",\"onPrepare\",\"onWorkerStart\",\"onWorkerEnd\",\"before\",\"beforeSession\",\"beforeSuite\",\"beforeHook\",\"beforeTest\",\"afterTest\",\"afterHook\",\"afterSuite\",\"afterSession\",\"after\",\"onComplete\",\"beforeAssertion\",\"afterAssertion\",\"beforeFeature\",\"beforeScenario\",\"beforeStep\",\"afterStep\",\"afterScenario\",\"afterFeature\",\"_\",\"suite\",\"$0\",\"ignoredWorkerServices\",\"wdi5\"]"}]}
COMMAND: POST /session/2308dad0f2a7537c6be193a87bfcce7d/execute/async - {"script":"<script> [21126 bytes]","args":[35000]}
RESULT: {"script":"<script> [21126 bytes]","args":[35000]}
COMMAND: POST /session/2308dad0f2a7537c6be193a87bfcce7d/window/maximize - {}
RESULT: {}
COMMAND: POST /session/2308dad0f2a7537c6be193a87bfcce7d/execute/async - {"script":"<script> [1562 bytes]","args":[{"selector":{"id":"shell-header","interaction":{"idSuffix":"icon"}},"wdio_ui5_key":"shellheader"}]}
COMMAND: GET /session/2308dad0f2a7537c6be193a87bfcce7d/screenshot - {}
RESULT: {"script":"<script> [1562 bytes]","args":[{"selector":{"id":"shell-header","interaction":{"idSuffix":"icon"}},"wdio_ui5_key":"shellheader"}]}
RESULT: undefined
COMMAND: POST /session/2308dad0f2a7537c6be193a87bfcce7d/refresh - {}
RESULT: {}
RESULT: {}
COMMAND: GET /session/2308dad0f2a7537c6be193a87bfcce7d/screenshot - {}
RESULT: {}
COMMAND: POST /session/2308dad0f2a7537c6be193a87bfcce7d/refresh - {}
RESULT: {}
COMMAND: GET /session/2308dad0f2a7537c6be193a87bfcce7d/screenshot - {}
RESULT: {}
COMMAND: POST /session/2308dad0f2a7537c6be193a87bfcce7d/window/fullscreen - {}
RESULT: {}
COMMAND: POST /session/2308dad0f2a7537c6be193a87bfcce7d/execute/async - {"script":"<script> [189 bytes]","args":[]}
RESULT: {"script":"<script> [189 bytes]","args":[]}
COMMAND: POST /session/2308dad0f2a7537c6be193a87bfcce7d/execute/async - {"script":"<script> [123 bytes]","args":[]}
RESULT: {"script":"<script> [123 bytes]","args":[]}
COMMAND: POST /session/2308dad0f2a7537c6be193a87bfcce7d/timeouts - {"script":"<number>"}
RESULT: {"script":"<number>"}
COMMAND: GET /session/2308dad0f2a7537c6be193a87bfcce7d/timeouts - {}
RESULT: {}
RESULT: undefined
COMMAND: POST /session/2308dad0f2a7537c6be193a87bfcce7d/execute/async - {"script":"<script> [2676 bytes]","args":[]}
RESULT: {"script":"<script> [2676 bytes]","args":[]}
COMMAND: POST /session/2308dad0f2a7537c6be193a87bfcce7d/execute/async - {"script":"<script> [2342 bytes]","args":[{"protocol":"http","hostname":"0.0.0.0","path":"/","capabilities":{"browserName":"chrome","goog:chromeOptions":{"binary":"C:\\Program Files\\Google\\Chrome\\Application\\chrome.exe","args":["--start-maximized"]}},"logLevel":"warn","connectionRetryTimeout":120000,"connectionRetryCount":3,"logLevels":{},"enableDirectConnect":true,"strictSSL":true,"_":"65 more keys: [\"cacheDir\",\"port\",\"requestedCapabilities\",\"automationProtocol\",\"baseUrl\",\"waitforInterval\",\"waitforTimeout\",\"onReload\",\"beforeCommand\",\"afterCommand\",\"rootDir\",\"specs\",\"suites\",\"exclude\",\"groupLogsByTestSpec\",\"excludeDriverLogs\",\"bail\",\"framework\",\"reporters\",\"services\",\"maxInstances\",\"maxInstancesPerCapability\",\"injectGlobals\",\"filesToWatch\",\"execArgv\",\"runnerEnv\",\"runner\",\"shard\",\"specFileRetries\",\"specFileRetriesDelay\",\"specFileRetriesDeferred\",\"reporterSyncInterval\",\"reporterSyncTimeout\",\"cucumberFeaturesWithLineNumbers\",\"autoCompileOpts\",\"mochaOpts\",\"jasmineOpts\",\"cucumberOpts\",\"onPrepare\",\"onWorkerStart\",\"onWorkerEnd\",\"before\",\"beforeSession\",\"beforeSuite\",\"beforeHook\",\"beforeTest\",\"afterTest\",\"afterHook\",\"afterSuite\",\"afterSession\",\"after\",\"onComplete\",\"beforeAssertion\",\"afterAssertion\",\"beforeFeature\",\"beforeScenario\",\"beforeStep\",\"afterStep\",\"afterScenario\",\"afterFeature\",\"_\",\"suite\",\"$0\",\"ignoredWorkerServices\",\"wdi5\"]"}]}
RESULT: {"script":"<script> [2342 bytes]","args":[{"protocol":"http","hostname":"0.0.0.0","path":"/","capabilities":{"browserName":"chrome","goog:chromeOptions":{"binary":"C:\\Program Files\\Google\\Chrome\\Application\\chrome.exe","args":["--start-maximized"]}},"logLevel":"warn","connectionRetryTimeout":120000,"connectionRetryCount":3,"logLevels":{},"enableDirectConnect":true,"strictSSL":true,"_":"65 more keys: [\"cacheDir\",\"port\",\"requestedCapabilities\",\"automationProtocol\",\"baseUrl\",\"waitforInterval\",\"waitforTimeout\",\"onReload\",\"beforeCommand\",\"afterCommand\",\"rootDir\",\"specs\",\"suites\",\"exclude\",\"groupLogsByTestSpec\",\"excludeDriverLogs\",\"bail\",\"framework\",\"reporters\",\"services\",\"maxInstances\",\"maxInstancesPerCapability\",\"injectGlobals\",\"filesToWatch\",\"execArgv\",\"runnerEnv\",\"runner\",\"shard\",\"specFileRetries\",\"specFileRetriesDelay\",\"specFileRetriesDeferred\",\"reporterSyncInterval\",\"reporterSyncTimeout\",\"cucumberFeaturesWithLineNumbers\",\"autoCompileOpts\",\"mochaOpts\",\"jasmineOpts\",\"cucumberOpts\",\"onPrepare\",\"onWorkerStart\",\"onWorkerEnd\",\"before\",\"beforeSession\",\"beforeSuite\",\"beforeHook\",\"beforeTest\",\"afterTest\",\"afterHook\",\"afterSuite\",\"afterSession\",\"after\",\"onComplete\",\"beforeAssertion\",\"afterAssertion\",\"beforeFeature\",\"beforeScenario\",\"beforeStep\",\"afterStep\",\"afterScenario\",\"afterFeature\",\"_\",\"suite\",\"$0\",\"ignoredWorkerServices\",\"wdi5\"]"}]}
COMMAND: POST /session/2308dad0f2a7537c6be193a87bfcce7d/execute/async - {"script":"<script> [21126 bytes]","args":[35000]}
RESULT: {"script":"<script> [21126 bytes]","args":[35000]}
]]></system-out>
    </testcase>
  </testsuite>
  <testsuite timestamp="2025-05-29T17:59:40" time="582.773" tests="4" failures="1" errors="1" skipped="0">
    <properties>
      <property name="specId" value="0"/>
      <property name="suiteName" value="Create partner US118246"/>
      <property name="capabilities" value="chrome.136_0_7103_93.windows"/>
      <property name="file" value="file:///D:/a/1/s/test/specs/BTS/create-partner.spec.js"/>
    </properties>
    <testcase classname="chrome.136_0_7103_93.windows.Create_partner_US118246" name="Should create a new yard in case create yard failed" time="133.627">
      <system-out><![CDATA[
COMMAND: POST /session/2308dad0f2a7537c6be193a87bfcce7d/window/fullscreen - {}
RESULT: {}
COMMAND: POST /session/2308dad0f2a7537c6be193a87bfcce7d/execute/async - {"script":"<script> [1562 bytes]","args":[{"selector":{"controlType":"sap.m.GenericTile","properties":{"header":"Manage Yards"}},"wdio_ui5_key":"sapm.GenericTile{\"header\":\"Manage Yards\"}"}]}
RESULT: {"script":"<script> [1562 bytes]","args":[{"selector":{"controlType":"sap.m.GenericTile","properties":{"header":"Manage Yards"}},"wdio_ui5_key":"sapm.GenericTile{\"header\":\"Manage Yards\"}"}]}
RESULT: undefined
COMMAND: POST /session/2308dad0f2a7537c6be193a87bfcce7d/element - {"using":"xpath","value":"//*[@id=\"__tile41\"]"}
RESULT: {"using":"xpath","value":"//*[@id=\"__tile41\"]"}
COMMAND: POST /session/2308dad0f2a7537c6be193a87bfcce7d/element/f.8FEDB17297EEB2F430C5C9DB657928CB.d.3F199E7EFB7015EDD419E1948644A287.e.13126/click - {}
RESULT: {}
COMMAND: GET /session/2308dad0f2a7537c6be193a87bfcce7d/screenshot - {}
RESULT: {}
COMMAND: POST /session/2308dad0f2a7537c6be193a87bfcce7d/elements - {"using":"xpath","value":"//span[text()='Error']"}
RESULT: {"using":"xpath","value":"//span[text()='Error']"}
COMMAND: POST /session/2308dad0f2a7537c6be193a87bfcce7d/element - {"using":"xpath","value":"//button[@data-kt=\"addNewYardOverflowToolbarButton\"]"}
RESULT: {"using":"xpath","value":"//button[@data-kt=\"addNewYardOverflowToolbarButton\"]"}
COMMAND: POST /session/2308dad0f2a7537c6be193a87bfcce7d/elements - {"using":"xpath","value":"//button[@data-kt=\"addNewYardOverflowToolbarButton\"]"}
RESULT: {"using":"xpath","value":"//button[@data-kt=\"addNewYardOverflowToolbarButton\"]"}
COMMAND: POST /session/2308dad0f2a7537c6be193a87bfcce7d/elements - {"using":"xpath","value":"//button[@data-kt=\"addNewYardOverflowToolbarButton\"]"}
RESULT: {"using":"xpath","value":"//button[@data-kt=\"addNewYardOverflowToolbarButton\"]"}
COMMAND: POST /session/2308dad0f2a7537c6be193a87bfcce7d/elements - {"using":"xpath","value":"//button[@data-kt=\"addNewYardOverflowToolbarButton\"]"}
RESULT: {"using":"xpath","value":"//button[@data-kt=\"addNewYardOverflowToolbarButton\"]"}
COMMAND: POST /session/2308dad0f2a7537c6be193a87bfcce7d/elements - {"using":"xpath","value":"//button[@data-kt=\"addNewYardOverflowToolbarButton\"]"}
RESULT: {"using":"xpath","value":"//button[@data-kt=\"addNewYardOverflowToolbarButton\"]"}
COMMAND: POST /session/2308dad0f2a7537c6be193a87bfcce7d/elements - {"using":"xpath","value":"//button[@data-kt=\"addNewYardOverflowToolbarButton\"]"}
RESULT: {"using":"xpath","value":"//button[@data-kt=\"addNewYardOverflowToolbarButton\"]"}
COMMAND: POST /session/2308dad0f2a7537c6be193a87bfcce7d/elements - {"using":"xpath","value":"//button[@data-kt=\"addNewYardOverflowToolbarButton\"]"}
RESULT: {"using":"xpath","value":"//button[@data-kt=\"addNewYardOverflowToolbarButton\"]"}
COMMAND: POST /session/2308dad0f2a7537c6be193a87bfcce7d/element - {"using":"xpath","value":"//button[@data-kt=\"addNewYardOverflowToolbarButton\"]"}
RESULT: {"using":"xpath","value":"//button[@data-kt=\"addNewYardOverflowToolbarButton\"]"}
COMMAND: POST /session/2308dad0f2a7537c6be193a87bfcce7d/execute/sync - {"script":"<script> [8489 bytes]","args":[{"element-6066-11e4-a52e-4f735466cecf":"f.8FEDB17297EEB2F430C5C9DB657928CB.d.3F199E7EFB7015EDD419E1948644A287.e.13261","ELEMENT":"f.8FEDB17297EEB2F430C5C9DB657928CB.d.3F199E7EFB7015EDD419E1948644A287.e.13261"}]}
RESULT: {"script":"<script> [8489 bytes]","args":[{"element-6066-11e4-a52e-4f735466cecf":"f.8FEDB17297EEB2F430C5C9DB657928CB.d.3F199E7EFB7015EDD419E1948644A287.e.13261","ELEMENT":"f.8FEDB17297EEB2F430C5C9DB657928CB.d.3F199E7EFB7015EDD419E1948644A287.e.13261"}]}
COMMAND: GET /session/2308dad0f2a7537c6be193a87bfcce7d/element/f.8FEDB17297EEB2F430C5C9DB657928CB.d.3F199E7EFB7015EDD419E1948644A287.e.13261/enabled - {}
COMMAND: GET /session/2308dad0f2a7537c6be193a87bfcce7d/screenshot - {}
RESULT: {}
COMMAND: POST /session/2308dad0f2a7537c6be193a87bfcce7d/execute/sync - {"script":"<script> [8489 bytes]","args":[{"element-6066-11e4-a52e-4f735466cecf":"f.8FEDB17297EEB2F430C5C9DB657928CB.d.3F199E7EFB7015EDD419E1948644A287.e.13261","ELEMENT":"f.8FEDB17297EEB2F430C5C9DB657928CB.d.3F199E7EFB7015EDD419E1948644A287.e.13261"}]}
COMMAND: GET /session/2308dad0f2a7537c6be193a87bfcce7d/screenshot - {}
RESULT: {}
RESULT: {"script":"<script> [8489 bytes]","args":[{"element-6066-11e4-a52e-4f735466cecf":"f.8FEDB17297EEB2F430C5C9DB657928CB.d.3F199E7EFB7015EDD419E1948644A287.e.13261","ELEMENT":"f.8FEDB17297EEB2F430C5C9DB657928CB.d.3F199E7EFB7015EDD419E1948644A287.e.13261"}]}
COMMAND: POST /session/2308dad0f2a7537c6be193a87bfcce7d/execute/sync - {"script":"<script> [5351 bytes]","args":[{"element-6066-11e4-a52e-4f735466cecf":"f.8FEDB17297EEB2F430C5C9DB657928CB.d.3F199E7EFB7015EDD419E1948644A287.e.13261","ELEMENT":"f.8FEDB17297EEB2F430C5C9DB657928CB.d.3F199E7EFB7015EDD419E1948644A287.e.13261"}]}
COMMAND: GET /session/2308dad0f2a7537c6be193a87bfcce7d/screenshot - {}
RESULT: {}
RESULT: {"script":"<script> [5351 bytes]","args":[{"element-6066-11e4-a52e-4f735466cecf":"f.8FEDB17297EEB2F430C5C9DB657928CB.d.3F199E7EFB7015EDD419E1948644A287.e.13261","ELEMENT":"f.8FEDB17297EEB2F430C5C9DB657928CB.d.3F199E7EFB7015EDD419E1948644A287.e.13261"}]}
COMMAND: POST /session/2308dad0f2a7537c6be193a87bfcce7d/element/f.8FEDB17297EEB2F430C5C9DB657928CB.d.3F199E7EFB7015EDD419E1948644A287.e.13261/click - {}
COMMAND: GET /session/2308dad0f2a7537c6be193a87bfcce7d/screenshot - {}
RESULT: {}
RESULT: {}
COMMAND: GET /session/2308dad0f2a7537c6be193a87bfcce7d/screenshot - {}
RESULT: {}
RESULT: {}
COMMAND: POST /session/2308dad0f2a7537c6be193a87bfcce7d/element - {"using":"xpath","value":"//input[@id=\"application-manageyards-display-component---NewYard--yardId-inner\"]"}
RESULT: {"using":"xpath","value":"//input[@id=\"application-manageyards-display-component---NewYard--yardId-inner\"]"}
COMMAND: POST /session/2308dad0f2a7537c6be193a87bfcce7d/element - {"using":"xpath","value":"//input[@id=\"application-manageyards-display-component---NewYard--yardId-inner\"]"}
RESULT: {"using":"xpath","value":"//input[@id=\"application-manageyards-display-component---NewYard--yardId-inner\"]"}
COMMAND: POST /session/2308dad0f2a7537c6be193a87bfcce7d/execute/async - {"script":"<script> [1562 bytes]","args":[{"selector":{"id":"application-manageyards-display-component---NewYard--addressDetailDetailsName1","interaction":{"idSuffix":"inner"}},"wdio_ui5_key":"applicationmanageyards-display-component---NewYard--addressDetailDetailsName1"}]}
RESULT: {"script":"<script> [1562 bytes]","args":[{"selector":{"id":"application-manageyards-display-component---NewYard--addressDetailDetailsName1","interaction":{"idSuffix":"inner"}},"wdio_ui5_key":"applicationmanageyards-display-component---NewYard--addressDetailDetailsName1"}]}
RESULT: undefined
COMMAND: POST /session/2308dad0f2a7537c6be193a87bfcce7d/execute/async - {"script":"<script> [776 bytes]","args":[{"enterText":"Intracompany Yard wdIO","selector":{"id":"application-manageyards-display-component---NewYard--addressDetailDetailsName1","interaction":{"idSuffix":"inner"}},"clearTextFirst":true,"interactionType":"ENTER_TEXT"}]}
RESULT: {"script":"<script> [776 bytes]","args":[{"enterText":"Intracompany Yard wdIO","selector":{"id":"application-manageyards-display-component---NewYard--addressDetailDetailsName1","interaction":{"idSuffix":"inner"}},"clearTextFirst":true,"interactionType":"ENTER_TEXT"}]}
COMMAND: POST /session/2308dad0f2a7537c6be193a87bfcce7d/execute/async - {"script":"<script> [1562 bytes]","args":[{"selector":{"id":"application-manageyards-display-component---NewYard--addressDetailDetailsLanguage-arrow"},"wdio_ui5_key":"applicationmanageyards-display-component---NewYard--addressDetailDetailsLanguage-arrow"}]}
RESULT: {"script":"<script> [1562 bytes]","args":[{"selector":{"id":"application-manageyards-display-component---NewYard--addressDetailDetailsLanguage-arrow"},"wdio_ui5_key":"applicationmanageyards-display-component---NewYard--addressDetailDetailsLanguage-arrow"}]}
RESULT: undefined
COMMAND: POST /session/2308dad0f2a7537c6be193a87bfcce7d/element - {"using":"xpath","value":"//*[@id=\"application-manageyards-display-component---NewYard--addressDetailDetailsLanguage-arrow\"]"}
RESULT: {"using":"xpath","value":"//*[@id=\"application-manageyards-display-component---NewYard--addressDetailDetailsLanguage-arrow\"]"}
COMMAND: POST /session/2308dad0f2a7537c6be193a87bfcce7d/element/f.8FEDB17297EEB2F430C5C9DB657928CB.d.3F199E7EFB7015EDD419E1948644A287.e.13699/click - {}
RESULT: {}
COMMAND: POST /session/2308dad0f2a7537c6be193a87bfcce7d/element - {"using":"xpath","value":"//span[contains(text(), \"English\")]"}
COMMAND: GET /session/2308dad0f2a7537c6be193a87bfcce7d/screenshot - {}
RESULT: {"using":"xpath","value":"//span[contains(text(), \"English\")]"}
COMMAND: POST /session/2308dad0f2a7537c6be193a87bfcce7d/element/f.8FEDB17297EEB2F430C5C9DB657928CB.d.3F199E7EFB7015EDD419E1948644A287.e.13700/click - {}
RESULT: {}
RESULT: {}
COMMAND: POST /session/2308dad0f2a7537c6be193a87bfcce7d/execute/async - {"script":"<script> [1562 bytes]","args":[{"selector":{"id":"application-manageyards-display-component---NewYard--addressDetailDetailsCity1","interaction":{"idSuffix":"inner"}},"wdio_ui5_key":"applicationmanageyards-display-component---NewYard--addressDetailDetailsCity1"}]}
COMMAND: GET /session/2308dad0f2a7537c6be193a87bfcce7d/screenshot - {}
RESULT: {"script":"<script> [1562 bytes]","args":[{"selector":{"id":"application-manageyards-display-component---NewYard--addressDetailDetailsCity1","interaction":{"idSuffix":"inner"}},"wdio_ui5_key":"applicationmanageyards-display-component---NewYard--addressDetailDetailsCity1"}]}
RESULT: undefined
COMMAND: POST /session/2308dad0f2a7537c6be193a87bfcce7d/execute/async - {"script":"<script> [776 bytes]","args":[{"enterText":"Rosario","selector":{"id":"application-manageyards-display-component---NewYard--addressDetailDetailsCity1","interaction":{"idSuffix":"inner"}},"clearTextFirst":true,"interactionType":"ENTER_TEXT"}]}
RESULT: {}
RESULT: {"script":"<script> [776 bytes]","args":[{"enterText":"Rosario","selector":{"id":"application-manageyards-display-component---NewYard--addressDetailDetailsCity1","interaction":{"idSuffix":"inner"}},"clearTextFirst":true,"interactionType":"ENTER_TEXT"}]}
COMMAND: POST /session/2308dad0f2a7537c6be193a87bfcce7d/execute/async - {"script":"<script> [1562 bytes]","args":[{"selector":{"id":"application-manageyards-display-component---NewYard--addressDetailDetailsCountry-arrow"},"wdio_ui5_key":"applicationmanageyards-display-component---NewYard--addressDetailDetailsCountry-arrow"}]}
RESULT: {"script":"<script> [1562 bytes]","args":[{"selector":{"id":"application-manageyards-display-component---NewYard--addressDetailDetailsCountry-arrow"},"wdio_ui5_key":"applicationmanageyards-display-component---NewYard--addressDetailDetailsCountry-arrow"}]}
RESULT: undefined
COMMAND: POST /session/2308dad0f2a7537c6be193a87bfcce7d/element - {"using":"xpath","value":"//*[@id=\"application-manageyards-display-component---NewYard--addressDetailDetailsCountry-arrow\"]"}
RESULT: {"using":"xpath","value":"//*[@id=\"application-manageyards-display-component---NewYard--addressDetailDetailsCountry-arrow\"]"}
COMMAND: POST /session/2308dad0f2a7537c6be193a87bfcce7d/element/f.8FEDB17297EEB2F430C5C9DB657928CB.d.3F199E7EFB7015EDD419E1948644A287.e.13702/click - {}
RESULT: {}
COMMAND: POST /session/2308dad0f2a7537c6be193a87bfcce7d/element - {"using":"xpath","value":"//span[contains(text(), \"Argentina\")]"}
COMMAND: GET /session/2308dad0f2a7537c6be193a87bfcce7d/screenshot - {}
RESULT: {"using":"xpath","value":"//span[contains(text(), \"Argentina\")]"}
COMMAND: POST /session/2308dad0f2a7537c6be193a87bfcce7d/element/f.8FEDB17297EEB2F430C5C9DB657928CB.d.3F199E7EFB7015EDD419E1948644A287.e.13704/click - {}
RESULT: {}
RESULT: {}
COMMAND: POST /session/2308dad0f2a7537c6be193a87bfcce7d/execute/async - {"script":"<script> [1562 bytes]","args":[{"selector":{"id":"application-manageyards-display-component---NewYard--addressEditDetailsCostObjectCstType-arrow"},"wdio_ui5_key":"applicationmanageyards-display-component---NewYard--addressEditDetailsCostObjectCstType-arrow"}]}
COMMAND: GET /session/2308dad0f2a7537c6be193a87bfcce7d/screenshot - {}
RESULT: {"script":"<script> [1562 bytes]","args":[{"selector":{"id":"application-manageyards-display-component---NewYard--addressEditDetailsCostObjectCstType-arrow"},"wdio_ui5_key":"applicationmanageyards-display-component---NewYard--addressEditDetailsCostObjectCstType-arrow"}]}
RESULT: undefined
COMMAND: POST /session/2308dad0f2a7537c6be193a87bfcce7d/element - {"using":"xpath","value":"//*[@id=\"application-manageyards-display-component---NewYard--addressEditDetailsCostObjectCstType-arrow\"]"}
RESULT: {}
RESULT: {"using":"xpath","value":"//*[@id=\"application-manageyards-display-component---NewYard--addressEditDetailsCostObjectCstType-arrow\"]"}
COMMAND: POST /session/2308dad0f2a7537c6be193a87bfcce7d/element/f.8FEDB17297EEB2F430C5C9DB657928CB.d.3F199E7EFB7015EDD419E1948644A287.e.13705/click - {}
RESULT: {}
COMMAND: POST /session/2308dad0f2a7537c6be193a87bfcce7d/element - {"using":"xpath","value":"//span[contains(text(), \"Cost Center\")]"}
COMMAND: GET /session/2308dad0f2a7537c6be193a87bfcce7d/screenshot - {}
RESULT: {"using":"xpath","value":"//span[contains(text(), \"Cost Center\")]"}
COMMAND: POST /session/2308dad0f2a7537c6be193a87bfcce7d/element/f.8FEDB17297EEB2F430C5C9DB657928CB.d.3F199E7EFB7015EDD419E1948644A287.e.13706/click - {}
RESULT: {}
RESULT: {}
COMMAND: GET /session/2308dad0f2a7537c6be193a87bfcce7d/screenshot - {}
RESULT: {}
COMMAND: POST /session/2308dad0f2a7537c6be193a87bfcce7d/element - {"using":"xpath","value":"//span[@id=\"application-manageyards-display-component---NewYard--addressNewCostObjectCstID-vhi\"]"}
RESULT: {"using":"xpath","value":"//span[@id=\"application-manageyards-display-component---NewYard--addressNewCostObjectCstID-vhi\"]"}
COMMAND: POST /session/2308dad0f2a7537c6be193a87bfcce7d/execute/sync - {"script":"<script> [8489 bytes]","args":[{"element-6066-11e4-a52e-4f735466cecf":"f.8FEDB17297EEB2F430C5C9DB657928CB.d.3F199E7EFB7015EDD419E1948644A287.e.13710","ELEMENT":"f.8FEDB17297EEB2F430C5C9DB657928CB.d.3F199E7EFB7015EDD419E1948644A287.e.13710"}]}
RESULT: {"script":"<script> [8489 bytes]","args":[{"element-6066-11e4-a52e-4f735466cecf":"f.8FEDB17297EEB2F430C5C9DB657928CB.d.3F199E7EFB7015EDD419E1948644A287.e.13710","ELEMENT":"f.8FEDB17297EEB2F430C5C9DB657928CB.d.3F199E7EFB7015EDD419E1948644A287.e.13710"}]}
COMMAND: POST /session/2308dad0f2a7537c6be193a87bfcce7d/execute/async - {"script":"<script> [1562 bytes]","args":[{"selector":{"id":"application-manageyards-display-component---NewYard--addressNewCostObjectCstID-vhi"},"wdio_ui5_key":"applicationmanageyards-display-component---NewYard--addressNewCostObjectCstID-vhi"}]}
COMMAND: GET /session/2308dad0f2a7537c6be193a87bfcce7d/screenshot - {}
RESULT: {"script":"<script> [1562 bytes]","args":[{"selector":{"id":"application-manageyards-display-component---NewYard--addressNewCostObjectCstID-vhi"},"wdio_ui5_key":"applicationmanageyards-display-component---NewYard--addressNewCostObjectCstID-vhi"}]}
RESULT: undefined
COMMAND: POST /session/2308dad0f2a7537c6be193a87bfcce7d/element - {"using":"xpath","value":"//*[@id=\"application-manageyards-display-component---NewYard--addressNewCostObjectCstID-vhi\"]"}
RESULT: {}
RESULT: {"using":"xpath","value":"//*[@id=\"application-manageyards-display-component---NewYard--addressNewCostObjectCstID-vhi\"]"}
COMMAND: POST /session/2308dad0f2a7537c6be193a87bfcce7d/element/f.8FEDB17297EEB2F430C5C9DB657928CB.d.3F199E7EFB7015EDD419E1948644A287.e.13710/click - {}
RESULT: {}
COMMAND: GET /session/2308dad0f2a7537c6be193a87bfcce7d/screenshot - {}
RESULT: {}
COMMAND: POST /session/2308dad0f2a7537c6be193a87bfcce7d/execute/async - {"script":"<script> [1562 bytes]","args":[{"selector":{"controlType":"sap.m.SearchField","properties":{"placeholder":"Search"},"searchOpenDialogs":true,"interaction":{"idSuffix":"I"}},"wdio_ui5_key":"sapm.SearchField{\"placeholder\":\"Search\"}"}]}
RESULT: {"script":"<script> [1562 bytes]","args":[{"selector":{"controlType":"sap.m.SearchField","properties":{"placeholder":"Search"},"searchOpenDialogs":true,"interaction":{"idSuffix":"I"}},"wdio_ui5_key":"sapm.SearchField{\"placeholder\":\"Search\"}"}]}
RESULT: undefined
COMMAND: POST /session/2308dad0f2a7537c6be193a87bfcce7d/execute/async - {"script":"<script> [776 bytes]","args":[{"enterText":"bauh_b","selector":{"controlType":"sap.m.SearchField","properties":{"placeholder":"Search"},"searchOpenDialogs":true,"interaction":{"idSuffix":"I"}},"clearTextFirst":true,"interactionType":"ENTER_TEXT"}]}
RESULT: {"script":"<script> [776 bytes]","args":[{"enterText":"bauh_b","selector":{"controlType":"sap.m.SearchField","properties":{"placeholder":"Search"},"searchOpenDialogs":true,"interaction":{"idSuffix":"I"}},"clearTextFirst":true,"interactionType":"ENTER_TEXT"}]}
COMMAND: POST /session/2308dad0f2a7537c6be193a87bfcce7d/actions - {"actions":[{"id":"action37","type":"key","parameters":{},"actions":[{"type":"keyDown","value":""},{"type":"pause","duration":10},{"type":"keyUp","value":""}]}]}
RESULT: {"actions":[{"id":"action37","type":"key","parameters":{},"actions":[{"type":"keyDown","value":""},{"type":"pause","duration":10},{"type":"keyUp","value":""}]}]}
COMMAND: GET /session/2308dad0f2a7537c6be193a87bfcce7d/screenshot - {}
RESULT: {}
COMMAND: POST /session/2308dad0f2a7537c6be193a87bfcce7d/element - {"using":"xpath","value":"//span[contains(text(), \"Demo Yard\")]"}
RESULT: {"using":"xpath","value":"//span[contains(text(), \"Demo Yard\")]"}
COMMAND: POST /session/2308dad0f2a7537c6be193a87bfcce7d/element/f.8FEDB17297EEB2F430C5C9DB657928CB.d.3F199E7EFB7015EDD419E1948644A287.e.13750/click - {}
RESULT: {}
COMMAND: GET /session/2308dad0f2a7537c6be193a87bfcce7d/screenshot - {}
RESULT: {}
COMMAND: POST /session/2308dad0f2a7537c6be193a87bfcce7d/element - {"using":"xpath","value":"//bdi[contains(text(), \"OK\")]"}
RESULT: {"using":"xpath","value":"//bdi[contains(text(), \"OK\")]"}
COMMAND: POST /session/2308dad0f2a7537c6be193a87bfcce7d/element/f.8FEDB17297EEB2F430C5C9DB657928CB.d.3F199E7EFB7015EDD419E1948644A287.e.13751/click - {}
RESULT: {}
COMMAND: GET /session/2308dad0f2a7537c6be193a87bfcce7d/screenshot - {}
RESULT: {}
COMMAND: POST /session/2308dad0f2a7537c6be193a87bfcce7d/execute/async - {"script":"<script> [1562 bytes]","args":[{"selector":{"id":"application-manageyards-display-component---NewYard--addressEditDetailsCurrency-arrow"},"wdio_ui5_key":"applicationmanageyards-display-component---NewYard--addressEditDetailsCurrency-arrow"}]}
RESULT: {"script":"<script> [1562 bytes]","args":[{"selector":{"id":"application-manageyards-display-component---NewYard--addressEditDetailsCurrency-arrow"},"wdio_ui5_key":"applicationmanageyards-display-component---NewYard--addressEditDetailsCurrency-arrow"}]}
RESULT: undefined
COMMAND: POST /session/2308dad0f2a7537c6be193a87bfcce7d/element - {"using":"xpath","value":"//*[@id=\"application-manageyards-display-component---NewYard--addressEditDetailsCurrency-arrow\"]"}
RESULT: {"using":"xpath","value":"//*[@id=\"application-manageyards-display-component---NewYard--addressEditDetailsCurrency-arrow\"]"}
COMMAND: POST /session/2308dad0f2a7537c6be193a87bfcce7d/element/f.8FEDB17297EEB2F430C5C9DB657928CB.d.3F199E7EFB7015EDD419E1948644A287.e.13754/click - {}
RESULT: {}
COMMAND: POST /session/2308dad0f2a7537c6be193a87bfcce7d/element - {"using":"xpath","value":"//span[contains(text(), \"Euro\")]"}
COMMAND: GET /session/2308dad0f2a7537c6be193a87bfcce7d/screenshot - {}
RESULT: {"using":"xpath","value":"//span[contains(text(), \"Euro\")]"}
COMMAND: POST /session/2308dad0f2a7537c6be193a87bfcce7d/element/f.8FEDB17297EEB2F430C5C9DB657928CB.d.3F199E7EFB7015EDD419E1948644A287.e.13755/click - {}
RESULT: {}
RESULT: {}
COMMAND: POST /session/2308dad0f2a7537c6be193a87bfcce7d/execute/async - {"script":"<script> [1562 bytes]","args":[{"selector":{"controlType":"sap.m.Input","viewName":"etm.portal.ui.manageyards.view.New","viewId":"application-manageyards-display-component---NewYard","bindingPath":{"path":"","propertyPath":"/CONTROLLING_AREA","modelName":"NewYardModel"},"interaction":{"idSuffix":"inner"}},"wdio_ui5_key":"etmportal.ui.manageyards.view.Newsap.m.Input{\"path\":\"\",\"propertyPath\":\"/CONTROLLING_AREA\",\"modelName\":\"NewYardModel\"}"}]}
COMMAND: GET /session/2308dad0f2a7537c6be193a87bfcce7d/screenshot - {}
RESULT: {"script":"<script> [1562 bytes]","args":[{"selector":{"controlType":"sap.m.Input","viewName":"etm.portal.ui.manageyards.view.New","viewId":"application-manageyards-display-component---NewYard","bindingPath":{"path":"","propertyPath":"/CONTROLLING_AREA","modelName":"NewYardModel"},"interaction":{"idSuffix":"inner"}},"wdio_ui5_key":"etmportal.ui.manageyards.view.Newsap.m.Input{\"path\":\"\",\"propertyPath\":\"/CONTROLLING_AREA\",\"modelName\":\"NewYardModel\"}"}]}
RESULT: undefined
COMMAND: POST /session/2308dad0f2a7537c6be193a87bfcce7d/execute/async - {"script":"<script> [776 bytes]","args":[{"enterText":"Z001","selector":{"controlType":"sap.m.Input","viewName":"etm.portal.ui.manageyards.view.New","viewId":"application-manageyards-display-component---NewYard","bindingPath":{"path":"","propertyPath":"/CONTROLLING_AREA","modelName":"NewYardModel"},"interaction":{"idSuffix":"inner"}},"clearTextFirst":true,"interactionType":"ENTER_TEXT"}]}
RESULT: {}
RESULT: {"script":"<script> [776 bytes]","args":[{"enterText":"Z001","selector":{"controlType":"sap.m.Input","viewName":"etm.portal.ui.manageyards.view.New","viewId":"application-manageyards-display-component---NewYard","bindingPath":{"path":"","propertyPath":"/CONTROLLING_AREA","modelName":"NewYardModel"},"interaction":{"idSuffix":"inner"}},"clearTextFirst":true,"interactionType":"ENTER_TEXT"}]}
COMMAND: POST /session/2308dad0f2a7537c6be193a87bfcce7d/execute/async - {"script":"<script> [1562 bytes]","args":[{"selector":{"id":"application-manageyards-display-component---NewYard--companyCodeComboBox","interaction":{"idSuffix":"inner"}},"wdio_ui5_key":"applicationmanageyards-display-component---NewYard--companyCodeComboBox"}]}
RESULT: {"script":"<script> [1562 bytes]","args":[{"selector":{"id":"application-manageyards-display-component---NewYard--companyCodeComboBox","interaction":{"idSuffix":"inner"}},"wdio_ui5_key":"applicationmanageyards-display-component---NewYard--companyCodeComboBox"}]}
RESULT: undefined
COMMAND: POST /session/2308dad0f2a7537c6be193a87bfcce7d/execute/async - {"script":"<script> [776 bytes]","args":[{"enterText":"1000","selector":{"id":"application-manageyards-display-component---NewYard--companyCodeComboBox","interaction":{"idSuffix":"inner"}},"clearTextFirst":true,"interactionType":"ENTER_TEXT"}]}
RESULT: {"script":"<script> [776 bytes]","args":[{"enterText":"1000","selector":{"id":"application-manageyards-display-component---NewYard--companyCodeComboBox","interaction":{"idSuffix":"inner"}},"clearTextFirst":true,"interactionType":"ENTER_TEXT"}]}
COMMAND: POST /session/2308dad0f2a7537c6be193a87bfcce7d/execute/async - {"script":"<script> [1562 bytes]","args":[{"selector":{"controlType":"sap.m.Input","viewName":"etm.portal.ui.manageyards.view.New","viewId":"application-manageyards-display-component---NewYard","bindingPath":{"path":"","propertyPath":"/PLANT","modelName":"NewYardModel"},"interaction":{"idSuffix":"inner"}},"wdio_ui5_key":"etmportal.ui.manageyards.view.Newsap.m.Input{\"path\":\"\",\"propertyPath\":\"/PLANT\",\"modelName\":\"NewYardModel\"}"}]}
RESULT: {"script":"<script> [1562 bytes]","args":[{"selector":{"controlType":"sap.m.Input","viewName":"etm.portal.ui.manageyards.view.New","viewId":"application-manageyards-display-component---NewYard","bindingPath":{"path":"","propertyPath":"/PLANT","modelName":"NewYardModel"},"interaction":{"idSuffix":"inner"}},"wdio_ui5_key":"etmportal.ui.manageyards.view.Newsap.m.Input{\"path\":\"\",\"propertyPath\":\"/PLANT\",\"modelName\":\"NewYardModel\"}"}]}
RESULT: undefined
COMMAND: POST /session/2308dad0f2a7537c6be193a87bfcce7d/execute/async - {"script":"<script> [776 bytes]","args":[{"enterText":"1001","selector":{"controlType":"sap.m.Input","viewName":"etm.portal.ui.manageyards.view.New","viewId":"application-manageyards-display-component---NewYard","bindingPath":{"path":"","propertyPath":"/PLANT","modelName":"NewYardModel"},"interaction":{"idSuffix":"inner"}},"clearTextFirst":true,"interactionType":"ENTER_TEXT"}]}
RESULT: {"script":"<script> [776 bytes]","args":[{"enterText":"1001","selector":{"controlType":"sap.m.Input","viewName":"etm.portal.ui.manageyards.view.New","viewId":"application-manageyards-display-component---NewYard","bindingPath":{"path":"","propertyPath":"/PLANT","modelName":"NewYardModel"},"interaction":{"idSuffix":"inner"}},"clearTextFirst":true,"interactionType":"ENTER_TEXT"}]}
COMMAND: POST /session/2308dad0f2a7537c6be193a87bfcce7d/execute/async - {"script":"<script> [1562 bytes]","args":[{"selector":{"controlType":"sap.m.Input","viewName":"etm.portal.ui.manageyards.view.New","viewId":"application-manageyards-display-component---NewYard","bindingPath":{"path":"","propertyPath":"/SALES_AREA_VKORG","modelName":"NewYardModel"},"interaction":{"idSuffix":"inner"}},"wdio_ui5_key":"etmportal.ui.manageyards.view.Newsap.m.Input{\"path\":\"\",\"propertyPath\":\"/SALES_AREA_VKORG\",\"modelName\":\"NewYardModel\"}"}]}
RESULT: {"script":"<script> [1562 bytes]","args":[{"selector":{"controlType":"sap.m.Input","viewName":"etm.portal.ui.manageyards.view.New","viewId":"application-manageyards-display-component---NewYard","bindingPath":{"path":"","propertyPath":"/SALES_AREA_VKORG","modelName":"NewYardModel"},"interaction":{"idSuffix":"inner"}},"wdio_ui5_key":"etmportal.ui.manageyards.view.Newsap.m.Input{\"path\":\"\",\"propertyPath\":\"/SALES_AREA_VKORG\",\"modelName\":\"NewYardModel\"}"}]}
RESULT: undefined
COMMAND: POST /session/2308dad0f2a7537c6be193a87bfcce7d/execute/async - {"script":"<script> [776 bytes]","args":[{"enterText":"C002","selector":{"controlType":"sap.m.Input","viewName":"etm.portal.ui.manageyards.view.New","viewId":"application-manageyards-display-component---NewYard","bindingPath":{"path":"","propertyPath":"/SALES_AREA_VKORG","modelName":"NewYardModel"},"interaction":{"idSuffix":"inner"}},"clearTextFirst":true,"interactionType":"ENTER_TEXT"}]}
RESULT: {"script":"<script> [776 bytes]","args":[{"enterText":"C002","selector":{"controlType":"sap.m.Input","viewName":"etm.portal.ui.manageyards.view.New","viewId":"application-manageyards-display-component---NewYard","bindingPath":{"path":"","propertyPath":"/SALES_AREA_VKORG","modelName":"NewYardModel"},"interaction":{"idSuffix":"inner"}},"clearTextFirst":true,"interactionType":"ENTER_TEXT"}]}
COMMAND: POST /session/2308dad0f2a7537c6be193a87bfcce7d/execute/async - {"script":"<script> [1562 bytes]","args":[{"selector":{"controlType":"sap.m.Input","viewName":"etm.portal.ui.manageyards.view.New","viewId":"application-manageyards-display-component---NewYard","bindingPath":{"path":"","propertyPath":"/SALES_AREA_VTWEG","modelName":"NewYardModel"},"interaction":{"idSuffix":"inner"}},"wdio_ui5_key":"etmportal.ui.manageyards.view.Newsap.m.Input{\"path\":\"\",\"propertyPath\":\"/SALES_AREA_VTWEG\",\"modelName\":\"NewYardModel\"}"}]}
RESULT: {"script":"<script> [1562 bytes]","args":[{"selector":{"controlType":"sap.m.Input","viewName":"etm.portal.ui.manageyards.view.New","viewId":"application-manageyards-display-component---NewYard","bindingPath":{"path":"","propertyPath":"/SALES_AREA_VTWEG","modelName":"NewYardModel"},"interaction":{"idSuffix":"inner"}},"wdio_ui5_key":"etmportal.ui.manageyards.view.Newsap.m.Input{\"path\":\"\",\"propertyPath\":\"/SALES_AREA_VTWEG\",\"modelName\":\"NewYardModel\"}"}]}
RESULT: undefined
COMMAND: POST /session/2308dad0f2a7537c6be193a87bfcce7d/execute/async - {"script":"<script> [776 bytes]","args":[{"enterText":"C2","selector":{"controlType":"sap.m.Input","viewName":"etm.portal.ui.manageyards.view.New","viewId":"application-manageyards-display-component---NewYard","bindingPath":{"path":"","propertyPath":"/SALES_AREA_VTWEG","modelName":"NewYardModel"},"interaction":{"idSuffix":"inner"}},"clearTextFirst":true,"interactionType":"ENTER_TEXT"}]}
RESULT: {"script":"<script> [776 bytes]","args":[{"enterText":"C2","selector":{"controlType":"sap.m.Input","viewName":"etm.portal.ui.manageyards.view.New","viewId":"application-manageyards-display-component---NewYard","bindingPath":{"path":"","propertyPath":"/SALES_AREA_VTWEG","modelName":"NewYardModel"},"interaction":{"idSuffix":"inner"}},"clearTextFirst":true,"interactionType":"ENTER_TEXT"}]}
COMMAND: POST /session/2308dad0f2a7537c6be193a87bfcce7d/execute/async - {"script":"<script> [1562 bytes]","args":[{"selector":{"controlType":"sap.m.Input","viewName":"etm.portal.ui.manageyards.view.New","viewId":"application-manageyards-display-component---NewYard","bindingPath":{"path":"","propertyPath":"/SALES_AREA_SPART","modelName":"NewYardModel"},"interaction":{"idSuffix":"inner"}},"wdio_ui5_key":"etmportal.ui.manageyards.view.Newsap.m.Input{\"path\":\"\",\"propertyPath\":\"/SALES_AREA_SPART\",\"modelName\":\"NewYardModel\"}"}]}
RESULT: {"script":"<script> [1562 bytes]","args":[{"selector":{"controlType":"sap.m.Input","viewName":"etm.portal.ui.manageyards.view.New","viewId":"application-manageyards-display-component---NewYard","bindingPath":{"path":"","propertyPath":"/SALES_AREA_SPART","modelName":"NewYardModel"},"interaction":{"idSuffix":"inner"}},"wdio_ui5_key":"etmportal.ui.manageyards.view.Newsap.m.Input{\"path\":\"\",\"propertyPath\":\"/SALES_AREA_SPART\",\"modelName\":\"NewYardModel\"}"}]}
RESULT: undefined
COMMAND: POST /session/2308dad0f2a7537c6be193a87bfcce7d/execute/async - {"script":"<script> [776 bytes]","args":[{"enterText":"C2","selector":{"controlType":"sap.m.Input","viewName":"etm.portal.ui.manageyards.view.New","viewId":"application-manageyards-display-component---NewYard","bindingPath":{"path":"","propertyPath":"/SALES_AREA_SPART","modelName":"NewYardModel"},"interaction":{"idSuffix":"inner"}},"clearTextFirst":true,"interactionType":"ENTER_TEXT"}]}
RESULT: {"script":"<script> [776 bytes]","args":[{"enterText":"C2","selector":{"controlType":"sap.m.Input","viewName":"etm.portal.ui.manageyards.view.New","viewId":"application-manageyards-display-component---NewYard","bindingPath":{"path":"","propertyPath":"/SALES_AREA_SPART","modelName":"NewYardModel"},"interaction":{"idSuffix":"inner"}},"clearTextFirst":true,"interactionType":"ENTER_TEXT"}]}
COMMAND: POST /session/2308dad0f2a7537c6be193a87bfcce7d/execute/async - {"script":"<script> [1562 bytes]","args":[{"selector":{"controlType":"sap.m.Input","viewName":"etm.portal.ui.manageyards.view.New","viewId":"application-manageyards-display-component---NewYard","bindingPath":{"path":"","propertyPath":"/SHIP_POINT","modelName":"NewYardModel"},"interaction":{"idSuffix":"inner"}},"wdio_ui5_key":"etmportal.ui.manageyards.view.Newsap.m.Input{\"path\":\"\",\"propertyPath\":\"/SHIP_POINT\",\"modelName\":\"NewYardModel\"}"}]}
RESULT: {"script":"<script> [1562 bytes]","args":[{"selector":{"controlType":"sap.m.Input","viewName":"etm.portal.ui.manageyards.view.New","viewId":"application-manageyards-display-component---NewYard","bindingPath":{"path":"","propertyPath":"/SHIP_POINT","modelName":"NewYardModel"},"interaction":{"idSuffix":"inner"}},"wdio_ui5_key":"etmportal.ui.manageyards.view.Newsap.m.Input{\"path\":\"\",\"propertyPath\":\"/SHIP_POINT\",\"modelName\":\"NewYardModel\"}"}]}
RESULT: undefined
COMMAND: POST /session/2308dad0f2a7537c6be193a87bfcce7d/execute/async - {"script":"<script> [776 bytes]","args":[{"enterText":"1710","selector":{"controlType":"sap.m.Input","viewName":"etm.portal.ui.manageyards.view.New","viewId":"application-manageyards-display-component---NewYard","bindingPath":{"path":"","propertyPath":"/SHIP_POINT","modelName":"NewYardModel"},"interaction":{"idSuffix":"inner"}},"clearTextFirst":true,"interactionType":"ENTER_TEXT"}]}
RESULT: {"script":"<script> [776 bytes]","args":[{"enterText":"1710","selector":{"controlType":"sap.m.Input","viewName":"etm.portal.ui.manageyards.view.New","viewId":"application-manageyards-display-component---NewYard","bindingPath":{"path":"","propertyPath":"/SHIP_POINT","modelName":"NewYardModel"},"interaction":{"idSuffix":"inner"}},"clearTextFirst":true,"interactionType":"ENTER_TEXT"}]}
COMMAND: POST /session/2308dad0f2a7537c6be193a87bfcce7d/execute/async - {"script":"<script> [1562 bytes]","args":[{"selector":{"controlType":"sap.m.Input","viewName":"etm.portal.ui.manageyards.view.New","viewId":"application-manageyards-display-component---NewYard","bindingPath":{"path":"","propertyPath":"/DELIVERY_TYPE","modelName":"NewYardModel"},"interaction":{"idSuffix":"inner"}},"wdio_ui5_key":"etmportal.ui.manageyards.view.Newsap.m.Input{\"path\":\"\",\"propertyPath\":\"/DELIVERY_TYPE\",\"modelName\":\"NewYardModel\"}"}]}
RESULT: {"script":"<script> [1562 bytes]","args":[{"selector":{"controlType":"sap.m.Input","viewName":"etm.portal.ui.manageyards.view.New","viewId":"application-manageyards-display-component---NewYard","bindingPath":{"path":"","propertyPath":"/DELIVERY_TYPE","modelName":"NewYardModel"},"interaction":{"idSuffix":"inner"}},"wdio_ui5_key":"etmportal.ui.manageyards.view.Newsap.m.Input{\"path\":\"\",\"propertyPath\":\"/DELIVERY_TYPE\",\"modelName\":\"NewYardModel\"}"}]}
RESULT: undefined
COMMAND: POST /session/2308dad0f2a7537c6be193a87bfcce7d/execute/async - {"script":"<script> [776 bytes]","args":[{"enterText":"ZL01","selector":{"controlType":"sap.m.Input","viewName":"etm.portal.ui.manageyards.view.New","viewId":"application-manageyards-display-component---NewYard","bindingPath":{"path":"","propertyPath":"/DELIVERY_TYPE","modelName":"NewYardModel"},"interaction":{"idSuffix":"inner"}},"clearTextFirst":true,"interactionType":"ENTER_TEXT"}]}
RESULT: {"script":"<script> [776 bytes]","args":[{"enterText":"ZL01","selector":{"controlType":"sap.m.Input","viewName":"etm.portal.ui.manageyards.view.New","viewId":"application-manageyards-display-component---NewYard","bindingPath":{"path":"","propertyPath":"/DELIVERY_TYPE","modelName":"NewYardModel"},"interaction":{"idSuffix":"inner"}},"clearTextFirst":true,"interactionType":"ENTER_TEXT"}]}
COMMAND: POST /session/2308dad0f2a7537c6be193a87bfcce7d/execute/async - {"script":"<script> [1562 bytes]","args":[{"selector":{"controlType":"sap.m.Input","viewName":"etm.portal.ui.manageyards.view.New","viewId":"application-manageyards-display-component---NewYard","bindingPath":{"path":"","propertyPath":"/AUART","modelName":"NewYardModel"},"interaction":{"idSuffix":"inner"}},"wdio_ui5_key":"etmportal.ui.manageyards.view.Newsap.m.Input{\"path\":\"\",\"propertyPath\":\"/AUART\",\"modelName\":\"NewYardModel\"}"}]}
RESULT: {"script":"<script> [1562 bytes]","args":[{"selector":{"controlType":"sap.m.Input","viewName":"etm.portal.ui.manageyards.view.New","viewId":"application-manageyards-display-component---NewYard","bindingPath":{"path":"","propertyPath":"/AUART","modelName":"NewYardModel"},"interaction":{"idSuffix":"inner"}},"wdio_ui5_key":"etmportal.ui.manageyards.view.Newsap.m.Input{\"path\":\"\",\"propertyPath\":\"/AUART\",\"modelName\":\"NewYardModel\"}"}]}
RESULT: undefined
COMMAND: POST /session/2308dad0f2a7537c6be193a87bfcce7d/execute/async - {"script":"<script> [776 bytes]","args":[{"enterText":"TA","selector":{"controlType":"sap.m.Input","viewName":"etm.portal.ui.manageyards.view.New","viewId":"application-manageyards-display-component---NewYard","bindingPath":{"path":"","propertyPath":"/AUART","modelName":"NewYardModel"},"interaction":{"idSuffix":"inner"}},"clearTextFirst":true,"interactionType":"ENTER_TEXT"}]}
RESULT: {"script":"<script> [776 bytes]","args":[{"enterText":"TA","selector":{"controlType":"sap.m.Input","viewName":"etm.portal.ui.manageyards.view.New","viewId":"application-manageyards-display-component---NewYard","bindingPath":{"path":"","propertyPath":"/AUART","modelName":"NewYardModel"},"interaction":{"idSuffix":"inner"}},"clearTextFirst":true,"interactionType":"ENTER_TEXT"}]}
COMMAND: POST /session/2308dad0f2a7537c6be193a87bfcce7d/element - {"using":"xpath","value":"//button[@data-kt=\"newYardSaveButton\"]"}
RESULT: {"using":"xpath","value":"//button[@data-kt=\"newYardSaveButton\"]"}
COMMAND: POST /session/2308dad0f2a7537c6be193a87bfcce7d/element/f.8FEDB17297EEB2F430C5C9DB657928CB.d.3F199E7EFB7015EDD419E1948644A287.e.13684/click - {}
RESULT: {}
COMMAND: GET /session/2308dad0f2a7537c6be193a87bfcce7d/screenshot - {}
RESULT: {}
COMMAND: POST /session/2308dad0f2a7537c6be193a87bfcce7d/element - {"using":"xpath","value":"//header[contains(@id, 'ObjectPageLayout-headerTitle')]/div[1]/div[2]/div[1]/span[1]"}
RESULT: {"using":"xpath","value":"//header[contains(@id, 'ObjectPageLayout-headerTitle')]/div[1]/div[2]/div[1]/span[1]"}
COMMAND: POST /session/2308dad0f2a7537c6be193a87bfcce7d/elements - {"using":"xpath","value":"//header[contains(@id, 'ObjectPageLayout-headerTitle')]/div[1]/div[2]/div[1]/span[1]"}
RESULT: {"using":"xpath","value":"//header[contains(@id, 'ObjectPageLayout-headerTitle')]/div[1]/div[2]/div[1]/span[1]"}
COMMAND: POST /session/2308dad0f2a7537c6be193a87bfcce7d/execute/sync - {"script":"<script> [56 bytes]","args":[{"element-6066-11e4-a52e-4f735466cecf":"f.8FEDB17297EEB2F430C5C9DB657928CB.d.3F199E7EFB7015EDD419E1948644A287.e.13973","ELEMENT":"f.8FEDB17297EEB2F430C5C9DB657928CB.d.3F199E7EFB7015EDD419E1948644A287.e.13973"}]}
RESULT: {"script":"<script> [56 bytes]","args":[{"element-6066-11e4-a52e-4f735466cecf":"f.8FEDB17297EEB2F430C5C9DB657928CB.d.3F199E7EFB7015EDD419E1948644A287.e.13973","ELEMENT":"f.8FEDB17297EEB2F430C5C9DB657928CB.d.3F199E7EFB7015EDD419E1948644A287.e.13973"}]}
COMMAND: GET /session/2308dad0f2a7537c6be193a87bfcce7d/screenshot - {}
RESULT: {}
COMMAND: POST /session/2308dad0f2a7537c6be193a87bfcce7d/element - {"using":"css selector","value":"#shell-header-logo"}
RESULT: {"using":"css selector","value":"#shell-header-logo"}
COMMAND: POST /session/2308dad0f2a7537c6be193a87bfcce7d/element/f.8FEDB17297EEB2F430C5C9DB657928CB.d.3F199E7EFB7015EDD419E1948644A287.e.13231/click - {}
RESULT: {}
COMMAND: GET /session/2308dad0f2a7537c6be193a87bfcce7d/screenshot - {}
RESULT: {}
COMMAND: POST /session/2308dad0f2a7537c6be193a87bfcce7d/execute/sync - {"script":"<script> [299 bytes]","args":[["getModel","getResource"]]}
RESULT: {"script":"<script> [299 bytes]","args":[["getModel","getResource"]]}
]]></system-out>
    </testcase>
    <testcase classname="chrome.136_0_7103_93.windows.Create_partner_US118246" name="Should create new external partner" time="110.568">
      <system-out><![CDATA[
COMMAND: POST /session/2308dad0f2a7537c6be193a87bfcce7d/window/fullscreen - {}
COMMAND: GET /session/2308dad0f2a7537c6be193a87bfcce7d/screenshot - {}
RESULT: {}
COMMAND: POST /session/2308dad0f2a7537c6be193a87bfcce7d/execute/async - {"script":"<script> [1562 bytes]","args":[{"selector":{"controlType":"sap.m.GenericTile","properties":{"header":"Manage Partners"}},"wdio_ui5_key":"sapm.GenericTile{\"header\":\"Manage Partners\"}"}]}
RESULT: {}
RESULT: {"script":"<script> [1562 bytes]","args":[{"selector":{"controlType":"sap.m.GenericTile","properties":{"header":"Manage Partners"}},"wdio_ui5_key":"sapm.GenericTile{\"header\":\"Manage Partners\"}"}]}
RESULT: undefined
COMMAND: POST /session/2308dad0f2a7537c6be193a87bfcce7d/element - {"using":"xpath","value":"//*[@id=\"__tile38\"]"}
RESULT: {"using":"xpath","value":"//*[@id=\"__tile38\"]"}
COMMAND: POST /session/2308dad0f2a7537c6be193a87bfcce7d/element/f.8FEDB17297EEB2F430C5C9DB657928CB.d.3F199E7EFB7015EDD419E1948644A287.e.13117/click - {}
RESULT: {}
COMMAND: GET /session/2308dad0f2a7537c6be193a87bfcce7d/screenshot - {}
RESULT: {}
COMMAND: POST /session/2308dad0f2a7537c6be193a87bfcce7d/elements - {"using":"xpath","value":"//span[text()='Error']"}
RESULT: {"using":"xpath","value":"//span[text()='Error']"}
COMMAND: POST /session/2308dad0f2a7537c6be193a87bfcce7d/element - {"using":"xpath","value":"//button[@data-kt=\"addButton\"]"}
RESULT: {"using":"xpath","value":"//button[@data-kt=\"addButton\"]"}
COMMAND: POST /session/2308dad0f2a7537c6be193a87bfcce7d/elements - {"using":"xpath","value":"//button[@data-kt=\"addButton\"]"}
RESULT: {"using":"xpath","value":"//button[@data-kt=\"addButton\"]"}
COMMAND: POST /session/2308dad0f2a7537c6be193a87bfcce7d/elements - {"using":"xpath","value":"//button[@data-kt=\"addButton\"]"}
RESULT: {"using":"xpath","value":"//button[@data-kt=\"addButton\"]"}
COMMAND: POST /session/2308dad0f2a7537c6be193a87bfcce7d/element - {"using":"xpath","value":"//button[@data-kt=\"addButton\"]"}
RESULT: {"using":"xpath","value":"//button[@data-kt=\"addButton\"]"}
COMMAND: POST /session/2308dad0f2a7537c6be193a87bfcce7d/execute/sync - {"script":"<script> [8489 bytes]","args":[{"element-6066-11e4-a52e-4f735466cecf":"f.8FEDB17297EEB2F430C5C9DB657928CB.d.3F199E7EFB7015EDD419E1948644A287.e.14023","ELEMENT":"f.8FEDB17297EEB2F430C5C9DB657928CB.d.3F199E7EFB7015EDD419E1948644A287.e.14023"}]}
RESULT: {"script":"<script> [8489 bytes]","args":[{"element-6066-11e4-a52e-4f735466cecf":"f.8FEDB17297EEB2F430C5C9DB657928CB.d.3F199E7EFB7015EDD419E1948644A287.e.14023","ELEMENT":"f.8FEDB17297EEB2F430C5C9DB657928CB.d.3F199E7EFB7015EDD419E1948644A287.e.14023"}]}
COMMAND: GET /session/2308dad0f2a7537c6be193a87bfcce7d/element/f.8FEDB17297EEB2F430C5C9DB657928CB.d.3F199E7EFB7015EDD419E1948644A287.e.14023/enabled - {}
COMMAND: GET /session/2308dad0f2a7537c6be193a87bfcce7d/screenshot - {}
RESULT: {}
COMMAND: POST /session/2308dad0f2a7537c6be193a87bfcce7d/execute/sync - {"script":"<script> [8489 bytes]","args":[{"element-6066-11e4-a52e-4f735466cecf":"f.8FEDB17297EEB2F430C5C9DB657928CB.d.3F199E7EFB7015EDD419E1948644A287.e.14023","ELEMENT":"f.8FEDB17297EEB2F430C5C9DB657928CB.d.3F199E7EFB7015EDD419E1948644A287.e.14023"}]}
COMMAND: GET /session/2308dad0f2a7537c6be193a87bfcce7d/screenshot - {}
RESULT: {}
RESULT: {"script":"<script> [8489 bytes]","args":[{"element-6066-11e4-a52e-4f735466cecf":"f.8FEDB17297EEB2F430C5C9DB657928CB.d.3F199E7EFB7015EDD419E1948644A287.e.14023","ELEMENT":"f.8FEDB17297EEB2F430C5C9DB657928CB.d.3F199E7EFB7015EDD419E1948644A287.e.14023"}]}
COMMAND: POST /session/2308dad0f2a7537c6be193a87bfcce7d/execute/sync - {"script":"<script> [5351 bytes]","args":[{"element-6066-11e4-a52e-4f735466cecf":"f.8FEDB17297EEB2F430C5C9DB657928CB.d.3F199E7EFB7015EDD419E1948644A287.e.14023","ELEMENT":"f.8FEDB17297EEB2F430C5C9DB657928CB.d.3F199E7EFB7015EDD419E1948644A287.e.14023"}]}
COMMAND: GET /session/2308dad0f2a7537c6be193a87bfcce7d/screenshot - {}
RESULT: {}
RESULT: {"script":"<script> [5351 bytes]","args":[{"element-6066-11e4-a52e-4f735466cecf":"f.8FEDB17297EEB2F430C5C9DB657928CB.d.3F199E7EFB7015EDD419E1948644A287.e.14023","ELEMENT":"f.8FEDB17297EEB2F430C5C9DB657928CB.d.3F199E7EFB7015EDD419E1948644A287.e.14023"}]}
COMMAND: POST /session/2308dad0f2a7537c6be193a87bfcce7d/element/f.8FEDB17297EEB2F430C5C9DB657928CB.d.3F199E7EFB7015EDD419E1948644A287.e.14023/click - {}
COMMAND: GET /session/2308dad0f2a7537c6be193a87bfcce7d/screenshot - {}
RESULT: {}
RESULT: {}
COMMAND: GET /session/2308dad0f2a7537c6be193a87bfcce7d/screenshot - {}
COMMAND: POST /session/2308dad0f2a7537c6be193a87bfcce7d/execute/async - {"script":"<script> [1562 bytes]","args":[{"selector":{"id":"application-managepartners-display-component---NewPartner--addressDetailDetailsName1","interaction":{"idSuffix":"inner"}},"wdio_ui5_key":"applicationmanagepartners-display-component---NewPartner--addressDetailDetailsName1"}]}
RESULT: {}
RESULT: {}
RESULT: {"script":"<script> [1562 bytes]","args":[{"selector":{"id":"application-managepartners-display-component---NewPartner--addressDetailDetailsName1","interaction":{"idSuffix":"inner"}},"wdio_ui5_key":"applicationmanagepartners-display-component---NewPartner--addressDetailDetailsName1"}]}
RESULT: undefined
COMMAND: POST /session/2308dad0f2a7537c6be193a87bfcce7d/execute/async - {"script":"<script> [776 bytes]","args":[{"enterText":"External Partner WDIO","selector":{"id":"application-managepartners-display-component---NewPartner--addressDetailDetailsName1","interaction":{"idSuffix":"inner"}},"clearTextFirst":true,"interactionType":"ENTER_TEXT"}]}
RESULT: {"script":"<script> [776 bytes]","args":[{"enterText":"External Partner WDIO","selector":{"id":"application-managepartners-display-component---NewPartner--addressDetailDetailsName1","interaction":{"idSuffix":"inner"}},"clearTextFirst":true,"interactionType":"ENTER_TEXT"}]}
COMMAND: POST /session/2308dad0f2a7537c6be193a87bfcce7d/execute/async - {"script":"<script> [1562 bytes]","args":[{"selector":{"id":"application-managepartners-display-component---NewPartner--addressDetailDetailsLanguage-arrow"},"wdio_ui5_key":"applicationmanagepartners-display-component---NewPartner--addressDetailDetailsLanguage-arrow"}]}
RESULT: {"script":"<script> [1562 bytes]","args":[{"selector":{"id":"application-managepartners-display-component---NewPartner--addressDetailDetailsLanguage-arrow"},"wdio_ui5_key":"applicationmanagepartners-display-component---NewPartner--addressDetailDetailsLanguage-arrow"}]}
RESULT: undefined
COMMAND: POST /session/2308dad0f2a7537c6be193a87bfcce7d/element - {"using":"xpath","value":"//*[@id=\"application-managepartners-display-component---NewPartner--addressDetailDetailsLanguage-arrow\"]"}
RESULT: {"using":"xpath","value":"//*[@id=\"application-managepartners-display-component---NewPartner--addressDetailDetailsLanguage-arrow\"]"}
COMMAND: POST /session/2308dad0f2a7537c6be193a87bfcce7d/element/f.8FEDB17297EEB2F430C5C9DB657928CB.d.3F199E7EFB7015EDD419E1948644A287.e.14465/click - {}
RESULT: {}
COMMAND: POST /session/2308dad0f2a7537c6be193a87bfcce7d/element - {"using":"xpath","value":"//span[contains(text(), \"English\")]"}
COMMAND: GET /session/2308dad0f2a7537c6be193a87bfcce7d/screenshot - {}
RESULT: {"using":"xpath","value":"//span[contains(text(), \"English\")]"}
COMMAND: POST /session/2308dad0f2a7537c6be193a87bfcce7d/element/f.8FEDB17297EEB2F430C5C9DB657928CB.d.3F199E7EFB7015EDD419E1948644A287.e.14466/click - {}
RESULT: {}
RESULT: {}
COMMAND: GET /session/2308dad0f2a7537c6be193a87bfcce7d/screenshot - {}
RESULT: {}
COMMAND: POST /session/2308dad0f2a7537c6be193a87bfcce7d/execute/async - {"script":"<script> [1562 bytes]","args":[{"selector":{"id":"application-managepartners-display-component---NewPartner--addressDetailDetailsCity1","interaction":{"idSuffix":"inner"}},"wdio_ui5_key":"applicationmanagepartners-display-component---NewPartner--addressDetailDetailsCity1"}]}
RESULT: {"script":"<script> [1562 bytes]","args":[{"selector":{"id":"application-managepartners-display-component---NewPartner--addressDetailDetailsCity1","interaction":{"idSuffix":"inner"}},"wdio_ui5_key":"applicationmanagepartners-display-component---NewPartner--addressDetailDetailsCity1"}]}
RESULT: undefined
COMMAND: POST /session/2308dad0f2a7537c6be193a87bfcce7d/execute/async - {"script":"<script> [776 bytes]","args":[{"enterText":"Rosario","selector":{"id":"application-managepartners-display-component---NewPartner--addressDetailDetailsCity1","interaction":{"idSuffix":"inner"}},"clearTextFirst":true,"interactionType":"ENTER_TEXT"}]}
RESULT: {"script":"<script> [776 bytes]","args":[{"enterText":"Rosario","selector":{"id":"application-managepartners-display-component---NewPartner--addressDetailDetailsCity1","interaction":{"idSuffix":"inner"}},"clearTextFirst":true,"interactionType":"ENTER_TEXT"}]}
COMMAND: POST /session/2308dad0f2a7537c6be193a87bfcce7d/execute/async - {"script":"<script> [1562 bytes]","args":[{"selector":{"id":"application-managepartners-display-component---NewPartner--addressDetailDetailsCountry-arrow"},"wdio_ui5_key":"applicationmanagepartners-display-component---NewPartner--addressDetailDetailsCountry-arrow"}]}
RESULT: {"script":"<script> [1562 bytes]","args":[{"selector":{"id":"application-managepartners-display-component---NewPartner--addressDetailDetailsCountry-arrow"},"wdio_ui5_key":"applicationmanagepartners-display-component---NewPartner--addressDetailDetailsCountry-arrow"}]}
RESULT: undefined
COMMAND: POST /session/2308dad0f2a7537c6be193a87bfcce7d/element - {"using":"xpath","value":"//*[@id=\"application-managepartners-display-component---NewPartner--addressDetailDetailsCountry-arrow\"]"}
RESULT: {"using":"xpath","value":"//*[@id=\"application-managepartners-display-component---NewPartner--addressDetailDetailsCountry-arrow\"]"}
COMMAND: POST /session/2308dad0f2a7537c6be193a87bfcce7d/element/f.8FEDB17297EEB2F430C5C9DB657928CB.d.3F199E7EFB7015EDD419E1948644A287.e.14448/click - {}
RESULT: {}
COMMAND: POST /session/2308dad0f2a7537c6be193a87bfcce7d/element - {"using":"xpath","value":"//span[contains(text(), \"Argentina\")]"}
COMMAND: GET /session/2308dad0f2a7537c6be193a87bfcce7d/screenshot - {}
RESULT: {"using":"xpath","value":"//span[contains(text(), \"Argentina\")]"}
COMMAND: POST /session/2308dad0f2a7537c6be193a87bfcce7d/element/f.8FEDB17297EEB2F430C5C9DB657928CB.d.3F199E7EFB7015EDD419E1948644A287.e.14468/click - {}
RESULT: {}
RESULT: {}
COMMAND: GET /session/2308dad0f2a7537c6be193a87bfcce7d/screenshot - {}
RESULT: {}
COMMAND: POST /session/2308dad0f2a7537c6be193a87bfcce7d/element - {"using":"xpath","value":"//bdi[contains(text(), \"Commercial\")]"}
RESULT: {"using":"xpath","value":"//bdi[contains(text(), \"Commercial\")]"}
COMMAND: POST /session/2308dad0f2a7537c6be193a87bfcce7d/element/f.8FEDB17297EEB2F430C5C9DB657928CB.d.3F199E7EFB7015EDD419E1948644A287.e.14469/click - {}
RESULT: {}
COMMAND: GET /session/2308dad0f2a7537c6be193a87bfcce7d/screenshot - {}
RESULT: {}
COMMAND: POST /session/2308dad0f2a7537c6be193a87bfcce7d/execute/async - {"script":"<script> [1562 bytes]","args":[{"selector":{"id":"application-managepartners-display-component---NewPartner--partnerDetailInternal-arrow"},"wdio_ui5_key":"applicationmanagepartners-display-component---NewPartner--partnerDetailInternal-arrow"}]}
RESULT: {"script":"<script> [1562 bytes]","args":[{"selector":{"id":"application-managepartners-display-component---NewPartner--partnerDetailInternal-arrow"},"wdio_ui5_key":"applicationmanagepartners-display-component---NewPartner--partnerDetailInternal-arrow"}]}
RESULT: undefined
COMMAND: POST /session/2308dad0f2a7537c6be193a87bfcce7d/element - {"using":"xpath","value":"//*[@id=\"application-managepartners-display-component---NewPartner--partnerDetailInternal-arrow\"]"}
RESULT: {"using":"xpath","value":"//*[@id=\"application-managepartners-display-component---NewPartner--partnerDetailInternal-arrow\"]"}
COMMAND: POST /session/2308dad0f2a7537c6be193a87bfcce7d/element/f.8FEDB17297EEB2F430C5C9DB657928CB.d.3F199E7EFB7015EDD419E1948644A287.e.14475/click - {}
RESULT: {}
COMMAND: POST /session/2308dad0f2a7537c6be193a87bfcce7d/element - {"using":"xpath","value":"//span[contains(text(), \"External partner\")]"}
COMMAND: GET /session/2308dad0f2a7537c6be193a87bfcce7d/screenshot - {}
RESULT: {"using":"xpath","value":"//span[contains(text(), \"External partner\")]"}
COMMAND: POST /session/2308dad0f2a7537c6be193a87bfcce7d/element/f.8FEDB17297EEB2F430C5C9DB657928CB.d.3F199E7EFB7015EDD419E1948644A287.e.14476/click - {}
RESULT: {}
RESULT: {}
COMMAND: POST /session/2308dad0f2a7537c6be193a87bfcce7d/execute/async - {"script":"<script> [1562 bytes]","args":[{"selector":{"id":"application-managepartners-display-component---NewPartner--partnerDetailsCurrency-arrow"},"wdio_ui5_key":"applicationmanagepartners-display-component---NewPartner--partnerDetailsCurrency-arrow"}]}
COMMAND: GET /session/2308dad0f2a7537c6be193a87bfcce7d/screenshot - {}
RESULT: {"script":"<script> [1562 bytes]","args":[{"selector":{"id":"application-managepartners-display-component---NewPartner--partnerDetailsCurrency-arrow"},"wdio_ui5_key":"applicationmanagepartners-display-component---NewPartner--partnerDetailsCurrency-arrow"}]}
RESULT: undefined
COMMAND: POST /session/2308dad0f2a7537c6be193a87bfcce7d/element - {"using":"xpath","value":"//*[@id=\"application-managepartners-display-component---NewPartner--partnerDetailsCurrency-arrow\"]"}
RESULT: {}
RESULT: {"using":"xpath","value":"//*[@id=\"application-managepartners-display-component---NewPartner--partnerDetailsCurrency-arrow\"]"}
COMMAND: POST /session/2308dad0f2a7537c6be193a87bfcce7d/element/f.8FEDB17297EEB2F430C5C9DB657928CB.d.3F199E7EFB7015EDD419E1948644A287.e.14481/click - {}
RESULT: {}
COMMAND: POST /session/2308dad0f2a7537c6be193a87bfcce7d/element - {"using":"xpath","value":"//span[contains(text(), \"US Dollar\")]"}
COMMAND: GET /session/2308dad0f2a7537c6be193a87bfcce7d/screenshot - {}
RESULT: {"using":"xpath","value":"//span[contains(text(), \"US Dollar\")]"}
COMMAND: POST /session/2308dad0f2a7537c6be193a87bfcce7d/element/f.8FEDB17297EEB2F430C5C9DB657928CB.d.3F199E7EFB7015EDD419E1948644A287.e.14482/click - {}
RESULT: {}
RESULT: {}
COMMAND: GET /session/2308dad0f2a7537c6be193a87bfcce7d/screenshot - {}
RESULT: {}
COMMAND: POST /session/2308dad0f2a7537c6be193a87bfcce7d/element - {"using":"xpath","value":"//input[@id=\"application-managepartners-display-component---NewPartner--companyCodeComboBox-inner\"]"}
RESULT: {"using":"xpath","value":"//input[@id=\"application-managepartners-display-component---NewPartner--companyCodeComboBox-inner\"]"}
COMMAND: POST /session/2308dad0f2a7537c6be193a87bfcce7d/element/f.8FEDB17297EEB2F430C5C9DB657928CB.d.3F199E7EFB7015EDD419E1948644A287.e.14326/clear - {}
RESULT: {}
COMMAND: POST /session/2308dad0f2a7537c6be193a87bfcce7d/element/f.8FEDB17297EEB2F430C5C9DB657928CB.d.3F199E7EFB7015EDD419E1948644A287.e.14326/value - {"text":"C002"}
COMMAND: GET /session/2308dad0f2a7537c6be193a87bfcce7d/screenshot - {}
RESULT: {"text":"C002"}
COMMAND: GET /session/2308dad0f2a7537c6be193a87bfcce7d/screenshot - {}
RESULT: {}
RESULT: {}
COMMAND: POST /session/2308dad0f2a7537c6be193a87bfcce7d/element - {"using":"xpath","value":"//li[.//span[text()= \"C002\"]]"}
RESULT: {"using":"xpath","value":"//li[.//span[text()= \"C002\"]]"}
COMMAND: POST /session/2308dad0f2a7537c6be193a87bfcce7d/element/f.8FEDB17297EEB2F430C5C9DB657928CB.d.3F199E7EFB7015EDD419E1948644A287.e.14486/click - {}
RESULT: {}
COMMAND: GET /session/2308dad0f2a7537c6be193a87bfcce7d/screenshot - {}
RESULT: {}
COMMAND: POST /session/2308dad0f2a7537c6be193a87bfcce7d/execute/async - {"script":"<script> [1562 bytes]","args":[{"selector":{"controlType":"sap.ui.core.Icon","viewName":"etm.portal.ui.managepartners.view.NewPartner","viewId":"application-managepartners-display-component---NewPartner","properties":{"src":{"regex":{"source":"slim\\-arrow\\-down"}}},"ancestor":{"controlType":"sap.m.ComboBox","viewName":"etm.portal.ui.managepartners.view.NewPartner","viewId":"application-managepartners-display-component---NewPartner","bindingPath":{"path":"","propertyPath":"/CATALOG","modelName":"oNewPartnerModel"}}},"wdio_ui5_key":"etmportal.ui.managepartners.view.NewPartnersap.ui.core.Icon{\"src\":{\"regex\":{\"source\":\"slim\\\\-arrow\\\\-down\"}}}{\"controlType\":\"sap.m.ComboBox\",\"viewName\":\"etm.portal.ui.managepartners.view.NewPartner\",\"viewId\":\"application-managepartners-display-component---NewPartner\",\"bindingPath\":{\"path\":\"\",\"propertyPath\":\"/CATALOG\",\"modelName\":\"oNewPartnerModel\"}}"}]}
RESULT: {"script":"<script> [1562 bytes]","args":[{"selector":{"controlType":"sap.ui.core.Icon","viewName":"etm.portal.ui.managepartners.view.NewPartner","viewId":"application-managepartners-display-component---NewPartner","properties":{"src":{"regex":{"source":"slim\\-arrow\\-down"}}},"ancestor":{"controlType":"sap.m.ComboBox","viewName":"etm.portal.ui.managepartners.view.NewPartner","viewId":"application-managepartners-display-component---NewPartner","bindingPath":{"path":"","propertyPath":"/CATALOG","modelName":"oNewPartnerModel"}}},"wdio_ui5_key":"etmportal.ui.managepartners.view.NewPartnersap.ui.core.Icon{\"src\":{\"regex\":{\"source\":\"slim\\\\-arrow\\\\-down\"}}}{\"controlType\":\"sap.m.ComboBox\",\"viewName\":\"etm.portal.ui.managepartners.view.NewPartner\",\"viewId\":\"application-managepartners-display-component---NewPartner\",\"bindingPath\":{\"path\":\"\",\"propertyPath\":\"/CATALOG\",\"modelName\":\"oNewPartnerModel\"}}"}]}
RESULT: undefined
COMMAND: POST /session/2308dad0f2a7537c6be193a87bfcce7d/element - {"using":"xpath","value":"//*[@id=\"__box22-arrow\"]"}
RESULT: {"using":"xpath","value":"//*[@id=\"__box22-arrow\"]"}
COMMAND: POST /session/2308dad0f2a7537c6be193a87bfcce7d/element/f.8FEDB17297EEB2F430C5C9DB657928CB.d.3F199E7EFB7015EDD419E1948644A287.e.14449/click - {}
RESULT: {}
COMMAND: GET /session/2308dad0f2a7537c6be193a87bfcce7d/screenshot - {}
RESULT: {}
COMMAND: POST /session/2308dad0f2a7537c6be193a87bfcce7d/element - {"using":"xpath","value":"//li[.//span[text()= \"Webshop Catalog\"]]"}
RESULT: {"using":"xpath","value":"//li[.//span[text()= \"Webshop Catalog\"]]"}
COMMAND: POST /session/2308dad0f2a7537c6be193a87bfcce7d/element/f.8FEDB17297EEB2F430C5C9DB657928CB.d.3F199E7EFB7015EDD419E1948644A287.e.14488/click - {}
RESULT: {}
COMMAND: GET /session/2308dad0f2a7537c6be193a87bfcce7d/screenshot - {}
RESULT: {}
COMMAND: POST /session/2308dad0f2a7537c6be193a87bfcce7d/execute/async - {"script":"<script> [1562 bytes]","args":[{"selector":{"id":"application-managepartners-display-component---NewPartner--btnAddTableRow-img"},"wdio_ui5_key":"applicationmanagepartners-display-component---NewPartner--btnAddTableRow-img"}]}
RESULT: {"script":"<script> [1562 bytes]","args":[{"selector":{"id":"application-managepartners-display-component---NewPartner--btnAddTableRow-img"},"wdio_ui5_key":"applicationmanagepartners-display-component---NewPartner--btnAddTableRow-img"}]}
RESULT: undefined
COMMAND: POST /session/2308dad0f2a7537c6be193a87bfcce7d/element - {"using":"xpath","value":"//*[@id=\"application-managepartners-display-component---NewPartner--btnAddTableRow-img\"]"}
RESULT: {"using":"xpath","value":"//*[@id=\"application-managepartners-display-component---NewPartner--btnAddTableRow-img\"]"}
COMMAND: POST /session/2308dad0f2a7537c6be193a87bfcce7d/element/f.8FEDB17297EEB2F430C5C9DB657928CB.d.3F199E7EFB7015EDD419E1948644A287.e.14489/click - {}
RESULT: {}
COMMAND: GET /session/2308dad0f2a7537c6be193a87bfcce7d/screenshot - {}
RESULT: {}
COMMAND: POST /session/2308dad0f2a7537c6be193a87bfcce7d/element - {"using":"xpath","value":"//input[@id=\"application-managepartners-display-component---NewPartner--assignmentYard-application-managepartners-display-component---NewPartner--assignmentsTable-0-inner\"]"}
RESULT: {"using":"xpath","value":"//input[@id=\"application-managepartners-display-component---NewPartner--assignmentYard-application-managepartners-display-component---NewPartner--assignmentsTable-0-inner\"]"}
COMMAND: POST /session/2308dad0f2a7537c6be193a87bfcce7d/element/f.8FEDB17297EEB2F430C5C9DB657928CB.d.3F199E7EFB7015EDD419E1948644A287.e.14492/clear - {}
RESULT: {}
COMMAND: POST /session/2308dad0f2a7537c6be193a87bfcce7d/element/f.8FEDB17297EEB2F430C5C9DB657928CB.d.3F199E7EFB7015EDD419E1948644A287.e.14492/value - {"text":"477"}
COMMAND: GET /session/2308dad0f2a7537c6be193a87bfcce7d/screenshot - {}
RESULT: {"text":"477"}
COMMAND: GET /session/2308dad0f2a7537c6be193a87bfcce7d/screenshot - {}
RESULT: {}
RESULT: {}
COMMAND: POST /session/2308dad0f2a7537c6be193a87bfcce7d/element - {"using":"xpath","value":"//li[.//span[text()='477']]"}
RESULT: {"using":"xpath","value":"//li[.//span[text()='477']]"}
COMMAND: POST /session/2308dad0f2a7537c6be193a87bfcce7d/element/f.8FEDB17297EEB2F430C5C9DB657928CB.d.3F199E7EFB7015EDD419E1948644A287.e.14500/click - {}
RESULT: {}
COMMAND: GET /session/2308dad0f2a7537c6be193a87bfcce7d/screenshot - {}
RESULT: {}
COMMAND: POST /session/2308dad0f2a7537c6be193a87bfcce7d/actions - {"actions":[{"id":"action38","type":"key","parameters":{},"actions":[{"type":"keyDown","value":""},{"type":"pause","duration":10},{"type":"keyUp","value":""}]}]}
RESULT: {"actions":[{"id":"action38","type":"key","parameters":{},"actions":[{"type":"keyDown","value":""},{"type":"pause","duration":10},{"type":"keyUp","value":""}]}]}
COMMAND: POST /session/2308dad0f2a7537c6be193a87bfcce7d/element - {"using":"xpath","value":"//td[contains(@id, \"assignmentsTable-0-cell2\")]/div/div"}
COMMAND: GET /session/2308dad0f2a7537c6be193a87bfcce7d/screenshot - {}
RESULT: {"using":"xpath","value":"//td[contains(@id, \"assignmentsTable-0-cell2\")]/div/div"}
COMMAND: POST /session/2308dad0f2a7537c6be193a87bfcce7d/element/f.8FEDB17297EEB2F430C5C9DB657928CB.d.3F199E7EFB7015EDD419E1948644A287.e.14503/click - {}
RESULT: {}
RESULT: {}
COMMAND: GET /session/2308dad0f2a7537c6be193a87bfcce7d/screenshot - {}
RESULT: {}
COMMAND: POST /session/2308dad0f2a7537c6be193a87bfcce7d/element - {"using":"xpath","value":"//button[@data-kt=\"saveButton\"]"}
RESULT: {"using":"xpath","value":"//button[@data-kt=\"saveButton\"]"}
COMMAND: POST /session/2308dad0f2a7537c6be193a87bfcce7d/element/f.8FEDB17297EEB2F430C5C9DB657928CB.d.3F199E7EFB7015EDD419E1948644A287.e.14450/click - {}
RESULT: {}
COMMAND: GET /session/2308dad0f2a7537c6be193a87bfcce7d/screenshot - {}
RESULT: {}
COMMAND: POST /session/2308dad0f2a7537c6be193a87bfcce7d/element - {"using":"xpath","value":"//header[contains(@id, 'ObjectPageLayout-headerTitle')]/div[1]/div[2]/div[2]/span[1]"}
RESULT: {"using":"xpath","value":"//header[contains(@id, 'ObjectPageLayout-headerTitle')]/div[1]/div[2]/div[2]/span[1]"}
COMMAND: POST /session/2308dad0f2a7537c6be193a87bfcce7d/elements - {"using":"xpath","value":"//header[contains(@id, 'ObjectPageLayout-headerTitle')]/div[1]/div[2]/div[2]/span[1]"}
RESULT: {"using":"xpath","value":"//header[contains(@id, 'ObjectPageLayout-headerTitle')]/div[1]/div[2]/div[2]/span[1]"}
COMMAND: POST /session/2308dad0f2a7537c6be193a87bfcce7d/execute/sync - {"script":"<script> [56 bytes]","args":[{"element-6066-11e4-a52e-4f735466cecf":"f.8FEDB17297EEB2F430C5C9DB657928CB.d.3F199E7EFB7015EDD419E1948644A287.e.14663","ELEMENT":"f.8FEDB17297EEB2F430C5C9DB657928CB.d.3F199E7EFB7015EDD419E1948644A287.e.14663"}]}
RESULT: {"script":"<script> [56 bytes]","args":[{"element-6066-11e4-a52e-4f735466cecf":"f.8FEDB17297EEB2F430C5C9DB657928CB.d.3F199E7EFB7015EDD419E1948644A287.e.14663","ELEMENT":"f.8FEDB17297EEB2F430C5C9DB657928CB.d.3F199E7EFB7015EDD419E1948644A287.e.14663"}]}
COMMAND: POST /session/2308dad0f2a7537c6be193a87bfcce7d/element - {"using":"css selector","value":"#shell-header-logo"}
COMMAND: GET /session/2308dad0f2a7537c6be193a87bfcce7d/screenshot - {}
RESULT: {"using":"css selector","value":"#shell-header-logo"}
COMMAND: POST /session/2308dad0f2a7537c6be193a87bfcce7d/element/f.8FEDB17297EEB2F430C5C9DB657928CB.d.3F199E7EFB7015EDD419E1948644A287.e.13978/click - {}
RESULT: {}
RESULT: {}
COMMAND: GET /session/2308dad0f2a7537c6be193a87bfcce7d/screenshot - {}
RESULT: {}
COMMAND: POST /session/2308dad0f2a7537c6be193a87bfcce7d/execute/sync - {"script":"<script> [299 bytes]","args":[["getModel","getResource"]]}
RESULT: {"script":"<script> [299 bytes]","args":[["getModel","getResource"]]}
]]></system-out>
    </testcase>
    <testcase classname="chrome.136_0_7103_93.windows.Create_partner_US118246" name="Should create a new yard in case create yard failed" time="115.269">
      <system-out><![CDATA[
RESULT: undefined
COMMAND: POST /session/2308dad0f2a7537c6be193a87bfcce7d/element - {"using":"xpath","value":"//*[@id=\"__tile41\"]"}
COMMAND: GET /session/2308dad0f2a7537c6be193a87bfcce7d/screenshot - {}
RESULT: {"using":"xpath","value":"//*[@id=\"__tile41\"]"}
COMMAND: POST /session/2308dad0f2a7537c6be193a87bfcce7d/element/f.8FEDB17297EEB2F430C5C9DB657928CB.d.3F199E7EFB7015EDD419E1948644A287.e.13126/click - {}
RESULT: {}
RESULT: {}
COMMAND: GET /session/2308dad0f2a7537c6be193a87bfcce7d/screenshot - {}
RESULT: {}
COMMAND: POST /session/2308dad0f2a7537c6be193a87bfcce7d/elements - {"using":"xpath","value":"//span[text()='Error']"}
RESULT: {"using":"xpath","value":"//span[text()='Error']"}
COMMAND: POST /session/2308dad0f2a7537c6be193a87bfcce7d/element - {"using":"xpath","value":"//button[@data-kt=\"addNewYardOverflowToolbarButton\"]"}
RESULT: {"using":"xpath","value":"//button[@data-kt=\"addNewYardOverflowToolbarButton\"]"}
COMMAND: POST /session/2308dad0f2a7537c6be193a87bfcce7d/elements - {"using":"xpath","value":"//button[@data-kt=\"addNewYardOverflowToolbarButton\"]"}
RESULT: {"using":"xpath","value":"//button[@data-kt=\"addNewYardOverflowToolbarButton\"]"}
COMMAND: POST /session/2308dad0f2a7537c6be193a87bfcce7d/execute/sync - {"script":"<script> [8489 bytes]","args":[{"element-6066-11e4-a52e-4f735466cecf":"f.8FEDB17297EEB2F430C5C9DB657928CB.d.3F199E7EFB7015EDD419E1948644A287.e.14699","ELEMENT":"f.8FEDB17297EEB2F430C5C9DB657928CB.d.3F199E7EFB7015EDD419E1948644A287.e.14699"}]}
RESULT: {"script":"<script> [8489 bytes]","args":[{"element-6066-11e4-a52e-4f735466cecf":"f.8FEDB17297EEB2F430C5C9DB657928CB.d.3F199E7EFB7015EDD419E1948644A287.e.14699","ELEMENT":"f.8FEDB17297EEB2F430C5C9DB657928CB.d.3F199E7EFB7015EDD419E1948644A287.e.14699"}]}
COMMAND: GET /session/2308dad0f2a7537c6be193a87bfcce7d/element/f.8FEDB17297EEB2F430C5C9DB657928CB.d.3F199E7EFB7015EDD419E1948644A287.e.14699/enabled - {}
COMMAND: GET /session/2308dad0f2a7537c6be193a87bfcce7d/screenshot - {}
RESULT: {}
COMMAND: POST /session/2308dad0f2a7537c6be193a87bfcce7d/execute/sync - {"script":"<script> [8489 bytes]","args":[{"element-6066-11e4-a52e-4f735466cecf":"f.8FEDB17297EEB2F430C5C9DB657928CB.d.3F199E7EFB7015EDD419E1948644A287.e.14699","ELEMENT":"f.8FEDB17297EEB2F430C5C9DB657928CB.d.3F199E7EFB7015EDD419E1948644A287.e.14699"}]}
COMMAND: GET /session/2308dad0f2a7537c6be193a87bfcce7d/screenshot - {}
RESULT: {}
RESULT: {"script":"<script> [8489 bytes]","args":[{"element-6066-11e4-a52e-4f735466cecf":"f.8FEDB17297EEB2F430C5C9DB657928CB.d.3F199E7EFB7015EDD419E1948644A287.e.14699","ELEMENT":"f.8FEDB17297EEB2F430C5C9DB657928CB.d.3F199E7EFB7015EDD419E1948644A287.e.14699"}]}
COMMAND: POST /session/2308dad0f2a7537c6be193a87bfcce7d/execute/sync - {"script":"<script> [5351 bytes]","args":[{"element-6066-11e4-a52e-4f735466cecf":"f.8FEDB17297EEB2F430C5C9DB657928CB.d.3F199E7EFB7015EDD419E1948644A287.e.14699","ELEMENT":"f.8FEDB17297EEB2F430C5C9DB657928CB.d.3F199E7EFB7015EDD419E1948644A287.e.14699"}]}
COMMAND: GET /session/2308dad0f2a7537c6be193a87bfcce7d/screenshot - {}
RESULT: {}
RESULT: {"script":"<script> [5351 bytes]","args":[{"element-6066-11e4-a52e-4f735466cecf":"f.8FEDB17297EEB2F430C5C9DB657928CB.d.3F199E7EFB7015EDD419E1948644A287.e.14699","ELEMENT":"f.8FEDB17297EEB2F430C5C9DB657928CB.d.3F199E7EFB7015EDD419E1948644A287.e.14699"}]}
COMMAND: POST /session/2308dad0f2a7537c6be193a87bfcce7d/element/f.8FEDB17297EEB2F430C5C9DB657928CB.d.3F199E7EFB7015EDD419E1948644A287.e.14699/click - {}
COMMAND: GET /session/2308dad0f2a7537c6be193a87bfcce7d/screenshot - {}
RESULT: {}
RESULT: {}
COMMAND: GET /session/2308dad0f2a7537c6be193a87bfcce7d/screenshot - {}
COMMAND: POST /session/2308dad0f2a7537c6be193a87bfcce7d/element - {"using":"xpath","value":"//input[@id=\"application-manageyards-display-component---NewYard--yardId-inner\"]"}
RESULT: {}
RESULT: {}
RESULT: {"using":"xpath","value":"//input[@id=\"application-manageyards-display-component---NewYard--yardId-inner\"]"}
COMMAND: POST /session/2308dad0f2a7537c6be193a87bfcce7d/element - {"using":"xpath","value":"//input[@id=\"application-manageyards-display-component---NewYard--yardId-inner\"]"}
RESULT: {"using":"xpath","value":"//input[@id=\"application-manageyards-display-component---NewYard--yardId-inner\"]"}
RESULT: undefined
COMMAND: POST /session/2308dad0f2a7537c6be193a87bfcce7d/execute/async - {"script":"<script> [776 bytes]","args":[{"enterText":"Warehouse Managed WDIO","selector":{"id":"application-manageyards-display-component---NewYard--addressDetailDetailsName1","interaction":{"idSuffix":"inner"}},"clearTextFirst":true,"interactionType":"ENTER_TEXT"}]}
RESULT: {"script":"<script> [776 bytes]","args":[{"enterText":"Warehouse Managed WDIO","selector":{"id":"application-manageyards-display-component---NewYard--addressDetailDetailsName1","interaction":{"idSuffix":"inner"}},"clearTextFirst":true,"interactionType":"ENTER_TEXT"}]}
RESULT: undefined
COMMAND: POST /session/2308dad0f2a7537c6be193a87bfcce7d/element - {"using":"xpath","value":"//*[@id=\"application-manageyards-display-component---NewYard--addressDetailDetailsLanguage-arrow\"]"}
RESULT: {"using":"xpath","value":"//*[@id=\"application-manageyards-display-component---NewYard--addressDetailDetailsLanguage-arrow\"]"}
COMMAND: POST /session/2308dad0f2a7537c6be193a87bfcce7d/element/f.8FEDB17297EEB2F430C5C9DB657928CB.d.3F199E7EFB7015EDD419E1948644A287.e.15145/click - {}
RESULT: {}
COMMAND: POST /session/2308dad0f2a7537c6be193a87bfcce7d/element - {"using":"xpath","value":"//span[contains(text(), \"English\")]"}
COMMAND: GET /session/2308dad0f2a7537c6be193a87bfcce7d/screenshot - {}
RESULT: {"using":"xpath","value":"//span[contains(text(), \"English\")]"}
COMMAND: POST /session/2308dad0f2a7537c6be193a87bfcce7d/element/f.8FEDB17297EEB2F430C5C9DB657928CB.d.3F199E7EFB7015EDD419E1948644A287.e.15146/click - {}
RESULT: {}
RESULT: {}
RESULT: undefined
COMMAND: POST /session/2308dad0f2a7537c6be193a87bfcce7d/execute/async - {"script":"<script> [776 bytes]","args":[{"enterText":"Rosario","selector":{"id":"application-manageyards-display-component---NewYard--addressDetailDetailsCity1","interaction":{"idSuffix":"inner"}},"clearTextFirst":true,"interactionType":"ENTER_TEXT"}]}
COMMAND: GET /session/2308dad0f2a7537c6be193a87bfcce7d/screenshot - {}
RESULT: {"script":"<script> [776 bytes]","args":[{"enterText":"Rosario","selector":{"id":"application-manageyards-display-component---NewYard--addressDetailDetailsCity1","interaction":{"idSuffix":"inner"}},"clearTextFirst":true,"interactionType":"ENTER_TEXT"}]}
RESULT: undefined
COMMAND: POST /session/2308dad0f2a7537c6be193a87bfcce7d/element - {"using":"xpath","value":"//*[@id=\"application-manageyards-display-component---NewYard--addressDetailDetailsCountry-arrow\"]"}
RESULT: {}
RESULT: {"using":"xpath","value":"//*[@id=\"application-manageyards-display-component---NewYard--addressDetailDetailsCountry-arrow\"]"}
COMMAND: POST /session/2308dad0f2a7537c6be193a87bfcce7d/element/f.8FEDB17297EEB2F430C5C9DB657928CB.d.3F199E7EFB7015EDD419E1948644A287.e.15147/click - {}
RESULT: {}
COMMAND: POST /session/2308dad0f2a7537c6be193a87bfcce7d/element - {"using":"xpath","value":"//span[contains(text(), \"Argentina\")]"}
COMMAND: GET /session/2308dad0f2a7537c6be193a87bfcce7d/screenshot - {}
RESULT: {"using":"xpath","value":"//span[contains(text(), \"Argentina\")]"}
COMMAND: POST /session/2308dad0f2a7537c6be193a87bfcce7d/element/f.8FEDB17297EEB2F430C5C9DB657928CB.d.3F199E7EFB7015EDD419E1948644A287.e.15148/click - {}
RESULT: {}
RESULT: {}
RESULT: undefined
COMMAND: POST /session/2308dad0f2a7537c6be193a87bfcce7d/element - {"using":"xpath","value":"//*[@id=\"application-manageyards-display-component---NewYard--addressEditDetailsCostObjectCstType-arrow\"]"}
COMMAND: GET /session/2308dad0f2a7537c6be193a87bfcce7d/screenshot - {}
RESULT: {"using":"xpath","value":"//*[@id=\"application-manageyards-display-component---NewYard--addressEditDetailsCostObjectCstType-arrow\"]"}
COMMAND: POST /session/2308dad0f2a7537c6be193a87bfcce7d/element/f.8FEDB17297EEB2F430C5C9DB657928CB.d.3F199E7EFB7015EDD419E1948644A287.e.15150/click - {}
RESULT: {}
RESULT: {}
COMMAND: POST /session/2308dad0f2a7537c6be193a87bfcce7d/element - {"using":"xpath","value":"//span[contains(text(), \"Cost Center\")]"}
COMMAND: GET /session/2308dad0f2a7537c6be193a87bfcce7d/screenshot - {}
RESULT: {"using":"xpath","value":"//span[contains(text(), \"Cost Center\")]"}
COMMAND: POST /session/2308dad0f2a7537c6be193a87bfcce7d/element/f.8FEDB17297EEB2F430C5C9DB657928CB.d.3F199E7EFB7015EDD419E1948644A287.e.15151/click - {}
RESULT: {}
RESULT: {}
COMMAND: GET /session/2308dad0f2a7537c6be193a87bfcce7d/screenshot - {}
RESULT: {}
COMMAND: POST /session/2308dad0f2a7537c6be193a87bfcce7d/element - {"using":"xpath","value":"//span[@id=\"application-manageyards-display-component---NewYard--addressNewCostObjectCstID-vhi\"]"}
RESULT: {"using":"xpath","value":"//span[@id=\"application-manageyards-display-component---NewYard--addressNewCostObjectCstID-vhi\"]"}
COMMAND: POST /session/2308dad0f2a7537c6be193a87bfcce7d/execute/sync - {"script":"<script> [8489 bytes]","args":[{"element-6066-11e4-a52e-4f735466cecf":"f.8FEDB17297EEB2F430C5C9DB657928CB.d.3F199E7EFB7015EDD419E1948644A287.e.15155","ELEMENT":"f.8FEDB17297EEB2F430C5C9DB657928CB.d.3F199E7EFB7015EDD419E1948644A287.e.15155"}]}
RESULT: {"script":"<script> [8489 bytes]","args":[{"element-6066-11e4-a52e-4f735466cecf":"f.8FEDB17297EEB2F430C5C9DB657928CB.d.3F199E7EFB7015EDD419E1948644A287.e.15155","ELEMENT":"f.8FEDB17297EEB2F430C5C9DB657928CB.d.3F199E7EFB7015EDD419E1948644A287.e.15155"}]}
RESULT: undefined
COMMAND: POST /session/2308dad0f2a7537c6be193a87bfcce7d/element - {"using":"xpath","value":"//*[@id=\"application-manageyards-display-component---NewYard--addressNewCostObjectCstID-vhi\"]"}
COMMAND: GET /session/2308dad0f2a7537c6be193a87bfcce7d/screenshot - {}
RESULT: {"using":"xpath","value":"//*[@id=\"application-manageyards-display-component---NewYard--addressNewCostObjectCstID-vhi\"]"}
COMMAND: POST /session/2308dad0f2a7537c6be193a87bfcce7d/element/f.8FEDB17297EEB2F430C5C9DB657928CB.d.3F199E7EFB7015EDD419E1948644A287.e.15155/click - {}
RESULT: {}
RESULT: {}
COMMAND: GET /session/2308dad0f2a7537c6be193a87bfcce7d/screenshot - {}
RESULT: {}
RESULT: undefined
COMMAND: POST /session/2308dad0f2a7537c6be193a87bfcce7d/execute/async - {"script":"<script> [776 bytes]","args":[{"enterText":"bauh_b","selector":{"controlType":"sap.m.SearchField","properties":{"placeholder":"Search"},"searchOpenDialogs":true,"interaction":{"idSuffix":"I"}},"clearTextFirst":true,"interactionType":"ENTER_TEXT"}]}
RESULT: {"script":"<script> [776 bytes]","args":[{"enterText":"bauh_b","selector":{"controlType":"sap.m.SearchField","properties":{"placeholder":"Search"},"searchOpenDialogs":true,"interaction":{"idSuffix":"I"}},"clearTextFirst":true,"interactionType":"ENTER_TEXT"}]}
COMMAND: POST /session/2308dad0f2a7537c6be193a87bfcce7d/actions - {"actions":[{"id":"action39","type":"key","parameters":{},"actions":[{"type":"keyDown","value":""},{"type":"pause","duration":10},{"type":"keyUp","value":""}]}]}
RESULT: {"actions":[{"id":"action39","type":"key","parameters":{},"actions":[{"type":"keyDown","value":""},{"type":"pause","duration":10},{"type":"keyUp","value":""}]}]}
COMMAND: GET /session/2308dad0f2a7537c6be193a87bfcce7d/screenshot - {}
RESULT: {}
COMMAND: POST /session/2308dad0f2a7537c6be193a87bfcce7d/element - {"using":"xpath","value":"//span[contains(text(), \"Demo Yard\")]"}
RESULT: {"using":"xpath","value":"//span[contains(text(), \"Demo Yard\")]"}
COMMAND: POST /session/2308dad0f2a7537c6be193a87bfcce7d/element/f.8FEDB17297EEB2F430C5C9DB657928CB.d.3F199E7EFB7015EDD419E1948644A287.e.15194/click - {}
RESULT: {}
COMMAND: GET /session/2308dad0f2a7537c6be193a87bfcce7d/screenshot - {}
RESULT: {}
COMMAND: POST /session/2308dad0f2a7537c6be193a87bfcce7d/element - {"using":"xpath","value":"//bdi[contains(text(), \"OK\")]"}
RESULT: {"using":"xpath","value":"//bdi[contains(text(), \"OK\")]"}
COMMAND: POST /session/2308dad0f2a7537c6be193a87bfcce7d/element/f.8FEDB17297EEB2F430C5C9DB657928CB.d.3F199E7EFB7015EDD419E1948644A287.e.15195/click - {}
RESULT: {}
COMMAND: GET /session/2308dad0f2a7537c6be193a87bfcce7d/screenshot - {}
RESULT: {}
RESULT: undefined
COMMAND: POST /session/2308dad0f2a7537c6be193a87bfcce7d/element - {"using":"xpath","value":"//*[@id=\"application-manageyards-display-component---NewYard--addressEditDetailsCurrency-arrow\"]"}
RESULT: {"using":"xpath","value":"//*[@id=\"application-manageyards-display-component---NewYard--addressEditDetailsCurrency-arrow\"]"}
COMMAND: POST /session/2308dad0f2a7537c6be193a87bfcce7d/element/f.8FEDB17297EEB2F430C5C9DB657928CB.d.3F199E7EFB7015EDD419E1948644A287.e.15198/click - {}
RESULT: {}
COMMAND: POST /session/2308dad0f2a7537c6be193a87bfcce7d/element - {"using":"xpath","value":"//span[contains(text(), \"Euro\")]"}
COMMAND: GET /session/2308dad0f2a7537c6be193a87bfcce7d/screenshot - {}
RESULT: {"using":"xpath","value":"//span[contains(text(), \"Euro\")]"}
COMMAND: POST /session/2308dad0f2a7537c6be193a87bfcce7d/element/f.8FEDB17297EEB2F430C5C9DB657928CB.d.3F199E7EFB7015EDD419E1948644A287.e.15199/click - {}
RESULT: {}
RESULT: {}
RESULT: undefined
COMMAND: POST /session/2308dad0f2a7537c6be193a87bfcce7d/execute/async - {"script":"<script> [776 bytes]","args":[{"enterText":"Z001","selector":{"controlType":"sap.m.Input","viewName":"etm.portal.ui.manageyards.view.New","viewId":"application-manageyards-display-component---NewYard","bindingPath":{"path":"","propertyPath":"/CONTROLLING_AREA","modelName":"NewYardModel"},"interaction":{"idSuffix":"inner"}},"clearTextFirst":true,"interactionType":"ENTER_TEXT"}]}
COMMAND: GET /session/2308dad0f2a7537c6be193a87bfcce7d/screenshot - {}
RESULT: {"script":"<script> [776 bytes]","args":[{"enterText":"Z001","selector":{"controlType":"sap.m.Input","viewName":"etm.portal.ui.manageyards.view.New","viewId":"application-manageyards-display-component---NewYard","bindingPath":{"path":"","propertyPath":"/CONTROLLING_AREA","modelName":"NewYardModel"},"interaction":{"idSuffix":"inner"}},"clearTextFirst":true,"interactionType":"ENTER_TEXT"}]}
RESULT: undefined
COMMAND: POST /session/2308dad0f2a7537c6be193a87bfcce7d/execute/async - {"script":"<script> [776 bytes]","args":[{"enterText":"1000","selector":{"id":"application-manageyards-display-component---NewYard--companyCodeComboBox","interaction":{"idSuffix":"inner"}},"clearTextFirst":true,"interactionType":"ENTER_TEXT"}]}
RESULT: {}
RESULT: {"script":"<script> [776 bytes]","args":[{"enterText":"1000","selector":{"id":"application-manageyards-display-component---NewYard--companyCodeComboBox","interaction":{"idSuffix":"inner"}},"clearTextFirst":true,"interactionType":"ENTER_TEXT"}]}
RESULT: undefined
COMMAND: POST /session/2308dad0f2a7537c6be193a87bfcce7d/execute/async - {"script":"<script> [776 bytes]","args":[{"enterText":"1001","selector":{"controlType":"sap.m.Input","viewName":"etm.portal.ui.manageyards.view.New","viewId":"application-manageyards-display-component---NewYard","bindingPath":{"path":"","propertyPath":"/PLANT","modelName":"NewYardModel"},"interaction":{"idSuffix":"inner"}},"clearTextFirst":true,"interactionType":"ENTER_TEXT"}]}
RESULT: {"script":"<script> [776 bytes]","args":[{"enterText":"1001","selector":{"controlType":"sap.m.Input","viewName":"etm.portal.ui.manageyards.view.New","viewId":"application-manageyards-display-component---NewYard","bindingPath":{"path":"","propertyPath":"/PLANT","modelName":"NewYardModel"},"interaction":{"idSuffix":"inner"}},"clearTextFirst":true,"interactionType":"ENTER_TEXT"}]}
RESULT: undefined
COMMAND: POST /session/2308dad0f2a7537c6be193a87bfcce7d/execute/async - {"script":"<script> [776 bytes]","args":[{"enterText":"C002","selector":{"controlType":"sap.m.Input","viewName":"etm.portal.ui.manageyards.view.New","viewId":"application-manageyards-display-component---NewYard","bindingPath":{"path":"","propertyPath":"/SALES_AREA_VKORG","modelName":"NewYardModel"},"interaction":{"idSuffix":"inner"}},"clearTextFirst":true,"interactionType":"ENTER_TEXT"}]}
RESULT: {"script":"<script> [776 bytes]","args":[{"enterText":"C002","selector":{"controlType":"sap.m.Input","viewName":"etm.portal.ui.manageyards.view.New","viewId":"application-manageyards-display-component---NewYard","bindingPath":{"path":"","propertyPath":"/SALES_AREA_VKORG","modelName":"NewYardModel"},"interaction":{"idSuffix":"inner"}},"clearTextFirst":true,"interactionType":"ENTER_TEXT"}]}
RESULT: undefined
COMMAND: POST /session/2308dad0f2a7537c6be193a87bfcce7d/execute/async - {"script":"<script> [776 bytes]","args":[{"enterText":"C2","selector":{"controlType":"sap.m.Input","viewName":"etm.portal.ui.manageyards.view.New","viewId":"application-manageyards-display-component---NewYard","bindingPath":{"path":"","propertyPath":"/SALES_AREA_VTWEG","modelName":"NewYardModel"},"interaction":{"idSuffix":"inner"}},"clearTextFirst":true,"interactionType":"ENTER_TEXT"}]}
RESULT: {"script":"<script> [776 bytes]","args":[{"enterText":"C2","selector":{"controlType":"sap.m.Input","viewName":"etm.portal.ui.manageyards.view.New","viewId":"application-manageyards-display-component---NewYard","bindingPath":{"path":"","propertyPath":"/SALES_AREA_VTWEG","modelName":"NewYardModel"},"interaction":{"idSuffix":"inner"}},"clearTextFirst":true,"interactionType":"ENTER_TEXT"}]}
RESULT: undefined
COMMAND: POST /session/2308dad0f2a7537c6be193a87bfcce7d/execute/async - {"script":"<script> [776 bytes]","args":[{"enterText":"C2","selector":{"controlType":"sap.m.Input","viewName":"etm.portal.ui.manageyards.view.New","viewId":"application-manageyards-display-component---NewYard","bindingPath":{"path":"","propertyPath":"/SALES_AREA_SPART","modelName":"NewYardModel"},"interaction":{"idSuffix":"inner"}},"clearTextFirst":true,"interactionType":"ENTER_TEXT"}]}
RESULT: {"script":"<script> [776 bytes]","args":[{"enterText":"C2","selector":{"controlType":"sap.m.Input","viewName":"etm.portal.ui.manageyards.view.New","viewId":"application-manageyards-display-component---NewYard","bindingPath":{"path":"","propertyPath":"/SALES_AREA_SPART","modelName":"NewYardModel"},"interaction":{"idSuffix":"inner"}},"clearTextFirst":true,"interactionType":"ENTER_TEXT"}]}
RESULT: undefined
COMMAND: POST /session/2308dad0f2a7537c6be193a87bfcce7d/execute/async - {"script":"<script> [776 bytes]","args":[{"enterText":"1710","selector":{"controlType":"sap.m.Input","viewName":"etm.portal.ui.manageyards.view.New","viewId":"application-manageyards-display-component---NewYard","bindingPath":{"path":"","propertyPath":"/SHIP_POINT","modelName":"NewYardModel"},"interaction":{"idSuffix":"inner"}},"clearTextFirst":true,"interactionType":"ENTER_TEXT"}]}
RESULT: {"script":"<script> [776 bytes]","args":[{"enterText":"1710","selector":{"controlType":"sap.m.Input","viewName":"etm.portal.ui.manageyards.view.New","viewId":"application-manageyards-display-component---NewYard","bindingPath":{"path":"","propertyPath":"/SHIP_POINT","modelName":"NewYardModel"},"interaction":{"idSuffix":"inner"}},"clearTextFirst":true,"interactionType":"ENTER_TEXT"}]}
RESULT: undefined
COMMAND: POST /session/2308dad0f2a7537c6be193a87bfcce7d/execute/async - {"script":"<script> [776 bytes]","args":[{"enterText":"ZL01","selector":{"controlType":"sap.m.Input","viewName":"etm.portal.ui.manageyards.view.New","viewId":"application-manageyards-display-component---NewYard","bindingPath":{"path":"","propertyPath":"/DELIVERY_TYPE","modelName":"NewYardModel"},"interaction":{"idSuffix":"inner"}},"clearTextFirst":true,"interactionType":"ENTER_TEXT"}]}
RESULT: {"script":"<script> [776 bytes]","args":[{"enterText":"ZL01","selector":{"controlType":"sap.m.Input","viewName":"etm.portal.ui.manageyards.view.New","viewId":"application-manageyards-display-component---NewYard","bindingPath":{"path":"","propertyPath":"/DELIVERY_TYPE","modelName":"NewYardModel"},"interaction":{"idSuffix":"inner"}},"clearTextFirst":true,"interactionType":"ENTER_TEXT"}]}
RESULT: undefined
COMMAND: POST /session/2308dad0f2a7537c6be193a87bfcce7d/execute/async - {"script":"<script> [776 bytes]","args":[{"enterText":"TA","selector":{"controlType":"sap.m.Input","viewName":"etm.portal.ui.manageyards.view.New","viewId":"application-manageyards-display-component---NewYard","bindingPath":{"path":"","propertyPath":"/AUART","modelName":"NewYardModel"},"interaction":{"idSuffix":"inner"}},"clearTextFirst":true,"interactionType":"ENTER_TEXT"}]}
RESULT: {"script":"<script> [776 bytes]","args":[{"enterText":"TA","selector":{"controlType":"sap.m.Input","viewName":"etm.portal.ui.manageyards.view.New","viewId":"application-manageyards-display-component---NewYard","bindingPath":{"path":"","propertyPath":"/AUART","modelName":"NewYardModel"},"interaction":{"idSuffix":"inner"}},"clearTextFirst":true,"interactionType":"ENTER_TEXT"}]}
COMMAND: POST /session/2308dad0f2a7537c6be193a87bfcce7d/execute/async - {"script":"<script> [1562 bytes]","args":[{"selector":{"id":"application-manageyards-display-component---NewYard--whmCheckBox","interaction":{"idSuffix":"CbBg"}},"wdio_ui5_key":"applicationmanageyards-display-component---NewYard--whmCheckBox"}]}
RESULT: {"script":"<script> [1562 bytes]","args":[{"selector":{"id":"application-manageyards-display-component---NewYard--whmCheckBox","interaction":{"idSuffix":"CbBg"}},"wdio_ui5_key":"applicationmanageyards-display-component---NewYard--whmCheckBox"}]}
RESULT: undefined
COMMAND: POST /session/2308dad0f2a7537c6be193a87bfcce7d/element - {"using":"xpath","value":"//*[@id=\"application-manageyards-display-component---NewYard--whmCheckBox\"]"}
RESULT: {"using":"xpath","value":"//*[@id=\"application-manageyards-display-component---NewYard--whmCheckBox\"]"}
COMMAND: POST /session/2308dad0f2a7537c6be193a87bfcce7d/element/f.8FEDB17297EEB2F430C5C9DB657928CB.d.3F199E7EFB7015EDD419E1948644A287.e.15209/click - {}
RESULT: {}
COMMAND: GET /session/2308dad0f2a7537c6be193a87bfcce7d/screenshot - {}
RESULT: {}
COMMAND: POST /session/2308dad0f2a7537c6be193a87bfcce7d/element - {"using":"xpath","value":"//button[@data-kt=\"newYardSaveButton\"]"}
RESULT: {"using":"xpath","value":"//button[@data-kt=\"newYardSaveButton\"]"}
COMMAND: POST /session/2308dad0f2a7537c6be193a87bfcce7d/element/f.8FEDB17297EEB2F430C5C9DB657928CB.d.3F199E7EFB7015EDD419E1948644A287.e.15104/click - {}
RESULT: {}
COMMAND: GET /session/2308dad0f2a7537c6be193a87bfcce7d/screenshot - {}
RESULT: {}
COMMAND: POST /session/2308dad0f2a7537c6be193a87bfcce7d/element - {"using":"xpath","value":"//header[contains(@id, 'ObjectPageLayout-headerTitle')]/div[1]/div[2]/div[1]/span[1]"}
RESULT: {"using":"xpath","value":"//header[contains(@id, 'ObjectPageLayout-headerTitle')]/div[1]/div[2]/div[1]/span[1]"}
COMMAND: POST /session/2308dad0f2a7537c6be193a87bfcce7d/elements - {"using":"xpath","value":"//header[contains(@id, 'ObjectPageLayout-headerTitle')]/div[1]/div[2]/div[1]/span[1]"}
RESULT: {"using":"xpath","value":"//header[contains(@id, 'ObjectPageLayout-headerTitle')]/div[1]/div[2]/div[1]/span[1]"}
COMMAND: POST /session/2308dad0f2a7537c6be193a87bfcce7d/execute/sync - {"script":"<script> [56 bytes]","args":[{"element-6066-11e4-a52e-4f735466cecf":"f.8FEDB17297EEB2F430C5C9DB657928CB.d.3F199E7EFB7015EDD419E1948644A287.e.15406","ELEMENT":"f.8FEDB17297EEB2F430C5C9DB657928CB.d.3F199E7EFB7015EDD419E1948644A287.e.15406"}]}
RESULT: {"script":"<script> [56 bytes]","args":[{"element-6066-11e4-a52e-4f735466cecf":"f.8FEDB17297EEB2F430C5C9DB657928CB.d.3F199E7EFB7015EDD419E1948644A287.e.15406","ELEMENT":"f.8FEDB17297EEB2F430C5C9DB657928CB.d.3F199E7EFB7015EDD419E1948644A287.e.15406"}]}
COMMAND: GET /session/2308dad0f2a7537c6be193a87bfcce7d/screenshot - {}
RESULT: {}
COMMAND: POST /session/2308dad0f2a7537c6be193a87bfcce7d/element - {"using":"css selector","value":"#shell-header-logo"}
RESULT: {"using":"css selector","value":"#shell-header-logo"}
COMMAND: POST /session/2308dad0f2a7537c6be193a87bfcce7d/element/f.8FEDB17297EEB2F430C5C9DB657928CB.d.3F199E7EFB7015EDD419E1948644A287.e.14667/click - {}
RESULT: {}
COMMAND: GET /session/2308dad0f2a7537c6be193a87bfcce7d/screenshot - {}
RESULT: {}
COMMAND: POST /session/2308dad0f2a7537c6be193a87bfcce7d/execute/sync - {"script":"<script> [299 bytes]","args":[["getModel","getResource"]]}
RESULT: {"script":"<script> [299 bytes]","args":[["getModel","getResource"]]}
COMMAND: GET /session/2308dad0f2a7537c6be193a87bfcce7d/screenshot - {}
]]></system-out>
    </testcase>
    <testcase classname="chrome.136_0_7103_93.windows.Create_partner_US118246" name="Should create new external WHM partner" time="174.636">
      <failure/>
      <error message="Can't call click on element with selector &quot;//li[.//span[text()= &quot;Webshop Catalog&quot;]]&quot; because element wasn't found"/>
      <system-out><![CDATA[
COMMAND: POST /session/2308dad0f2a7537c6be193a87bfcce7d/window/fullscreen - {}
RESULT: {}
RESULT: {}
RESULT: undefined
COMMAND: POST /session/2308dad0f2a7537c6be193a87bfcce7d/element - {"using":"xpath","value":"//*[@id=\"__tile38\"]"}
RESULT: {"using":"xpath","value":"//*[@id=\"__tile38\"]"}
COMMAND: POST /session/2308dad0f2a7537c6be193a87bfcce7d/element/f.8FEDB17297EEB2F430C5C9DB657928CB.d.3F199E7EFB7015EDD419E1948644A287.e.13117/click - {}
RESULT: {}
COMMAND: GET /session/2308dad0f2a7537c6be193a87bfcce7d/screenshot - {}
RESULT: {}
COMMAND: POST /session/2308dad0f2a7537c6be193a87bfcce7d/elements - {"using":"xpath","value":"//span[text()='Error']"}
RESULT: {"using":"xpath","value":"//span[text()='Error']"}
COMMAND: POST /session/2308dad0f2a7537c6be193a87bfcce7d/element - {"using":"xpath","value":"//button[@data-kt=\"addButton\"]"}
RESULT: {"using":"xpath","value":"//button[@data-kt=\"addButton\"]"}
COMMAND: POST /session/2308dad0f2a7537c6be193a87bfcce7d/elements - {"using":"xpath","value":"//button[@data-kt=\"addButton\"]"}
RESULT: {"using":"xpath","value":"//button[@data-kt=\"addButton\"]"}
COMMAND: POST /session/2308dad0f2a7537c6be193a87bfcce7d/execute/sync - {"script":"<script> [8489 bytes]","args":[{"element-6066-11e4-a52e-4f735466cecf":"f.8FEDB17297EEB2F430C5C9DB657928CB.d.3F199E7EFB7015EDD419E1948644A287.e.15453","ELEMENT":"f.8FEDB17297EEB2F430C5C9DB657928CB.d.3F199E7EFB7015EDD419E1948644A287.e.15453"}]}
RESULT: {"script":"<script> [8489 bytes]","args":[{"element-6066-11e4-a52e-4f735466cecf":"f.8FEDB17297EEB2F430C5C9DB657928CB.d.3F199E7EFB7015EDD419E1948644A287.e.15453","ELEMENT":"f.8FEDB17297EEB2F430C5C9DB657928CB.d.3F199E7EFB7015EDD419E1948644A287.e.15453"}]}
COMMAND: GET /session/2308dad0f2a7537c6be193a87bfcce7d/element/f.8FEDB17297EEB2F430C5C9DB657928CB.d.3F199E7EFB7015EDD419E1948644A287.e.15453/enabled - {}
COMMAND: GET /session/2308dad0f2a7537c6be193a87bfcce7d/screenshot - {}
RESULT: {}
COMMAND: POST /session/2308dad0f2a7537c6be193a87bfcce7d/execute/sync - {"script":"<script> [8489 bytes]","args":[{"element-6066-11e4-a52e-4f735466cecf":"f.8FEDB17297EEB2F430C5C9DB657928CB.d.3F199E7EFB7015EDD419E1948644A287.e.15453","ELEMENT":"f.8FEDB17297EEB2F430C5C9DB657928CB.d.3F199E7EFB7015EDD419E1948644A287.e.15453"}]}
COMMAND: GET /session/2308dad0f2a7537c6be193a87bfcce7d/screenshot - {}
RESULT: {}
RESULT: {"script":"<script> [8489 bytes]","args":[{"element-6066-11e4-a52e-4f735466cecf":"f.8FEDB17297EEB2F430C5C9DB657928CB.d.3F199E7EFB7015EDD419E1948644A287.e.15453","ELEMENT":"f.8FEDB17297EEB2F430C5C9DB657928CB.d.3F199E7EFB7015EDD419E1948644A287.e.15453"}]}
COMMAND: POST /session/2308dad0f2a7537c6be193a87bfcce7d/execute/sync - {"script":"<script> [5351 bytes]","args":[{"element-6066-11e4-a52e-4f735466cecf":"f.8FEDB17297EEB2F430C5C9DB657928CB.d.3F199E7EFB7015EDD419E1948644A287.e.15453","ELEMENT":"f.8FEDB17297EEB2F430C5C9DB657928CB.d.3F199E7EFB7015EDD419E1948644A287.e.15453"}]}
COMMAND: GET /session/2308dad0f2a7537c6be193a87bfcce7d/screenshot - {}
RESULT: {}
RESULT: {"script":"<script> [5351 bytes]","args":[{"element-6066-11e4-a52e-4f735466cecf":"f.8FEDB17297EEB2F430C5C9DB657928CB.d.3F199E7EFB7015EDD419E1948644A287.e.15453","ELEMENT":"f.8FEDB17297EEB2F430C5C9DB657928CB.d.3F199E7EFB7015EDD419E1948644A287.e.15453"}]}
COMMAND: POST /session/2308dad0f2a7537c6be193a87bfcce7d/element/f.8FEDB17297EEB2F430C5C9DB657928CB.d.3F199E7EFB7015EDD419E1948644A287.e.15453/click - {}
COMMAND: GET /session/2308dad0f2a7537c6be193a87bfcce7d/screenshot - {}
RESULT: {}
RESULT: {}
COMMAND: GET /session/2308dad0f2a7537c6be193a87bfcce7d/screenshot - {}
RESULT: {}
RESULT: {}
RESULT: undefined
COMMAND: POST /session/2308dad0f2a7537c6be193a87bfcce7d/execute/async - {"script":"<script> [776 bytes]","args":[{"enterText":"External Partner WDIO","selector":{"id":"application-managepartners-display-component---NewPartner--addressDetailDetailsName1","interaction":{"idSuffix":"inner"}},"clearTextFirst":true,"interactionType":"ENTER_TEXT"}]}
RESULT: {"script":"<script> [776 bytes]","args":[{"enterText":"External Partner WDIO","selector":{"id":"application-managepartners-display-component---NewPartner--addressDetailDetailsName1","interaction":{"idSuffix":"inner"}},"clearTextFirst":true,"interactionType":"ENTER_TEXT"}]}
RESULT: undefined
COMMAND: POST /session/2308dad0f2a7537c6be193a87bfcce7d/element - {"using":"xpath","value":"//*[@id=\"application-managepartners-display-component---NewPartner--addressDetailDetailsLanguage-arrow\"]"}
RESULT: {"using":"xpath","value":"//*[@id=\"application-managepartners-display-component---NewPartner--addressDetailDetailsLanguage-arrow\"]"}
COMMAND: POST /session/2308dad0f2a7537c6be193a87bfcce7d/element/f.8FEDB17297EEB2F430C5C9DB657928CB.d.3F199E7EFB7015EDD419E1948644A287.e.15887/click - {}
RESULT: {}
COMMAND: POST /session/2308dad0f2a7537c6be193a87bfcce7d/element - {"using":"xpath","value":"//span[contains(text(), \"English\")]"}
COMMAND: GET /session/2308dad0f2a7537c6be193a87bfcce7d/screenshot - {}
RESULT: {"using":"xpath","value":"//span[contains(text(), \"English\")]"}
COMMAND: POST /session/2308dad0f2a7537c6be193a87bfcce7d/element/f.8FEDB17297EEB2F430C5C9DB657928CB.d.3F199E7EFB7015EDD419E1948644A287.e.15888/click - {}
RESULT: {}
RESULT: {}
COMMAND: GET /session/2308dad0f2a7537c6be193a87bfcce7d/screenshot - {}
RESULT: {}
RESULT: undefined
COMMAND: POST /session/2308dad0f2a7537c6be193a87bfcce7d/execute/async - {"script":"<script> [776 bytes]","args":[{"enterText":"Rosario","selector":{"id":"application-managepartners-display-component---NewPartner--addressDetailDetailsCity1","interaction":{"idSuffix":"inner"}},"clearTextFirst":true,"interactionType":"ENTER_TEXT"}]}
RESULT: {"script":"<script> [776 bytes]","args":[{"enterText":"Rosario","selector":{"id":"application-managepartners-display-component---NewPartner--addressDetailDetailsCity1","interaction":{"idSuffix":"inner"}},"clearTextFirst":true,"interactionType":"ENTER_TEXT"}]}
RESULT: undefined
COMMAND: POST /session/2308dad0f2a7537c6be193a87bfcce7d/element - {"using":"xpath","value":"//*[@id=\"application-managepartners-display-component---NewPartner--addressDetailDetailsCountry-arrow\"]"}
RESULT: {"using":"xpath","value":"//*[@id=\"application-managepartners-display-component---NewPartner--addressDetailDetailsCountry-arrow\"]"}
COMMAND: POST /session/2308dad0f2a7537c6be193a87bfcce7d/element/f.8FEDB17297EEB2F430C5C9DB657928CB.d.3F199E7EFB7015EDD419E1948644A287.e.15874/click - {}
RESULT: {}
COMMAND: POST /session/2308dad0f2a7537c6be193a87bfcce7d/element - {"using":"xpath","value":"//span[contains(text(), \"Argentina\")]"}
COMMAND: GET /session/2308dad0f2a7537c6be193a87bfcce7d/screenshot - {}
RESULT: {"using":"xpath","value":"//span[contains(text(), \"Argentina\")]"}
COMMAND: POST /session/2308dad0f2a7537c6be193a87bfcce7d/element/f.8FEDB17297EEB2F430C5C9DB657928CB.d.3F199E7EFB7015EDD419E1948644A287.e.15889/click - {}
RESULT: {}
RESULT: {}
COMMAND: GET /session/2308dad0f2a7537c6be193a87bfcce7d/screenshot - {}
RESULT: {}
COMMAND: POST /session/2308dad0f2a7537c6be193a87bfcce7d/element - {"using":"xpath","value":"//bdi[contains(text(), \"Commercial\")]"}
RESULT: {"using":"xpath","value":"//bdi[contains(text(), \"Commercial\")]"}
COMMAND: POST /session/2308dad0f2a7537c6be193a87bfcce7d/element/f.8FEDB17297EEB2F430C5C9DB657928CB.d.3F199E7EFB7015EDD419E1948644A287.e.15890/click - {}
RESULT: {}
COMMAND: GET /session/2308dad0f2a7537c6be193a87bfcce7d/screenshot - {}
RESULT: {}
RESULT: undefined
COMMAND: POST /session/2308dad0f2a7537c6be193a87bfcce7d/element - {"using":"xpath","value":"//*[@id=\"application-managepartners-display-component---NewPartner--partnerDetailInternal-arrow\"]"}
RESULT: {"using":"xpath","value":"//*[@id=\"application-managepartners-display-component---NewPartner--partnerDetailInternal-arrow\"]"}
COMMAND: POST /session/2308dad0f2a7537c6be193a87bfcce7d/element/f.8FEDB17297EEB2F430C5C9DB657928CB.d.3F199E7EFB7015EDD419E1948644A287.e.15896/click - {}
RESULT: {}
COMMAND: POST /session/2308dad0f2a7537c6be193a87bfcce7d/element - {"using":"xpath","value":"//span[contains(text(), \"External partner\")]"}
COMMAND: GET /session/2308dad0f2a7537c6be193a87bfcce7d/screenshot - {}
RESULT: {"using":"xpath","value":"//span[contains(text(), \"External partner\")]"}
COMMAND: POST /session/2308dad0f2a7537c6be193a87bfcce7d/element/f.8FEDB17297EEB2F430C5C9DB657928CB.d.3F199E7EFB7015EDD419E1948644A287.e.15898/click - {}
RESULT: {}
RESULT: {}
RESULT: undefined
COMMAND: POST /session/2308dad0f2a7537c6be193a87bfcce7d/element - {"using":"xpath","value":"//*[@id=\"application-managepartners-display-component---NewPartner--partnerDetailsCurrency-arrow\"]"}
COMMAND: GET /session/2308dad0f2a7537c6be193a87bfcce7d/screenshot - {}
RESULT: {"using":"xpath","value":"//*[@id=\"application-managepartners-display-component---NewPartner--partnerDetailsCurrency-arrow\"]"}
COMMAND: POST /session/2308dad0f2a7537c6be193a87bfcce7d/element/f.8FEDB17297EEB2F430C5C9DB657928CB.d.3F199E7EFB7015EDD419E1948644A287.e.15903/click - {}
RESULT: {}
RESULT: {}
COMMAND: POST /session/2308dad0f2a7537c6be193a87bfcce7d/element - {"using":"xpath","value":"//span[contains(text(), \"US Dollar\")]"}
COMMAND: GET /session/2308dad0f2a7537c6be193a87bfcce7d/screenshot - {}
RESULT: {"using":"xpath","value":"//span[contains(text(), \"US Dollar\")]"}
COMMAND: POST /session/2308dad0f2a7537c6be193a87bfcce7d/element/f.8FEDB17297EEB2F430C5C9DB657928CB.d.3F199E7EFB7015EDD419E1948644A287.e.15904/click - {}
RESULT: {}
RESULT: {}
COMMAND: GET /session/2308dad0f2a7537c6be193a87bfcce7d/screenshot - {}
RESULT: {}
COMMAND: POST /session/2308dad0f2a7537c6be193a87bfcce7d/element - {"using":"xpath","value":"//input[@id=\"application-managepartners-display-component---NewPartner--companyCodeComboBox-inner\"]"}
RESULT: {"using":"xpath","value":"//input[@id=\"application-managepartners-display-component---NewPartner--companyCodeComboBox-inner\"]"}
COMMAND: POST /session/2308dad0f2a7537c6be193a87bfcce7d/element/f.8FEDB17297EEB2F430C5C9DB657928CB.d.3F199E7EFB7015EDD419E1948644A287.e.15754/clear - {}
RESULT: {}
COMMAND: POST /session/2308dad0f2a7537c6be193a87bfcce7d/element/f.8FEDB17297EEB2F430C5C9DB657928CB.d.3F199E7EFB7015EDD419E1948644A287.e.15754/value - {"text":"C002"}
COMMAND: GET /session/2308dad0f2a7537c6be193a87bfcce7d/screenshot - {}
RESULT: {"text":"C002"}
COMMAND: GET /session/2308dad0f2a7537c6be193a87bfcce7d/screenshot - {}
RESULT: {}
RESULT: {}
COMMAND: POST /session/2308dad0f2a7537c6be193a87bfcce7d/element - {"using":"xpath","value":"//li[.//span[text()= \"C002\"]]"}
RESULT: {"using":"xpath","value":"//li[.//span[text()= \"C002\"]]"}
COMMAND: POST /session/2308dad0f2a7537c6be193a87bfcce7d/element/f.8FEDB17297EEB2F430C5C9DB657928CB.d.3F199E7EFB7015EDD419E1948644A287.e.15908/click - {}
RESULT: {}
COMMAND: GET /session/2308dad0f2a7537c6be193a87bfcce7d/screenshot - {}
RESULT: {}
RESULT: undefined
COMMAND: POST /session/2308dad0f2a7537c6be193a87bfcce7d/element - {"using":"xpath","value":"//*[@id=\"__box22-arrow\"]"}
RESULT: {"using":"xpath","value":"//*[@id=\"__box22-arrow\"]"}
COMMAND: POST /session/2308dad0f2a7537c6be193a87bfcce7d/elements - {"using":"xpath","value":"//*[@id=\"__box22-arrow\"]"}
RESULT: {"using":"xpath","value":"//*[@id=\"__box22-arrow\"]"}
COMMAND: POST /session/2308dad0f2a7537c6be193a87bfcce7d/elements - {"using":"xpath","value":"//*[@id=\"__box22-arrow\"]"}
RESULT: {"using":"xpath","value":"//*[@id=\"__box22-arrow\"]"}
COMMAND: POST /session/2308dad0f2a7537c6be193a87bfcce7d/elements - {"using":"xpath","value":"//*[@id=\"__box22-arrow\"]"}
RESULT: {"using":"xpath","value":"//*[@id=\"__box22-arrow\"]"}
COMMAND: POST /session/2308dad0f2a7537c6be193a87bfcce7d/elements - {"using":"xpath","value":"//*[@id=\"__box22-arrow\"]"}
RESULT: {"using":"xpath","value":"//*[@id=\"__box22-arrow\"]"}
COMMAND: POST /session/2308dad0f2a7537c6be193a87bfcce7d/elements - {"using":"xpath","value":"//*[@id=\"__box22-arrow\"]"}
RESULT: {"using":"xpath","value":"//*[@id=\"__box22-arrow\"]"}
COMMAND: POST /session/2308dad0f2a7537c6be193a87bfcce7d/elements - {"using":"xpath","value":"//*[@id=\"__box22-arrow\"]"}
RESULT: {"using":"xpath","value":"//*[@id=\"__box22-arrow\"]"}
COMMAND: POST /session/2308dad0f2a7537c6be193a87bfcce7d/elements - {"using":"xpath","value":"//*[@id=\"__box22-arrow\"]"}
RESULT: {"using":"xpath","value":"//*[@id=\"__box22-arrow\"]"}
COMMAND: POST /session/2308dad0f2a7537c6be193a87bfcce7d/elements - {"using":"xpath","value":"//*[@id=\"__box22-arrow\"]"}
RESULT: {"using":"xpath","value":"//*[@id=\"__box22-arrow\"]"}
COMMAND: POST /session/2308dad0f2a7537c6be193a87bfcce7d/elements - {"using":"xpath","value":"//*[@id=\"__box22-arrow\"]"}
RESULT: {"using":"xpath","value":"//*[@id=\"__box22-arrow\"]"}
COMMAND: POST /session/2308dad0f2a7537c6be193a87bfcce7d/elements - {"using":"xpath","value":"//*[@id=\"__box22-arrow\"]"}
RESULT: {"using":"xpath","value":"//*[@id=\"__box22-arrow\"]"}
COMMAND: POST /session/2308dad0f2a7537c6be193a87bfcce7d/elements - {"using":"xpath","value":"//*[@id=\"__box22-arrow\"]"}
RESULT: {"using":"xpath","value":"//*[@id=\"__box22-arrow\"]"}
COMMAND: POST /session/2308dad0f2a7537c6be193a87bfcce7d/elements - {"using":"xpath","value":"//*[@id=\"__box22-arrow\"]"}
RESULT: {"using":"xpath","value":"//*[@id=\"__box22-arrow\"]"}
COMMAND: POST /session/2308dad0f2a7537c6be193a87bfcce7d/elements - {"using":"xpath","value":"//*[@id=\"__box22-arrow\"]"}
RESULT: {"using":"xpath","value":"//*[@id=\"__box22-arrow\"]"}
COMMAND: POST /session/2308dad0f2a7537c6be193a87bfcce7d/elements - {"using":"xpath","value":"//*[@id=\"__box22-arrow\"]"}
RESULT: {"using":"xpath","value":"//*[@id=\"__box22-arrow\"]"}
COMMAND: POST /session/2308dad0f2a7537c6be193a87bfcce7d/elements - {"using":"xpath","value":"//*[@id=\"__box22-arrow\"]"}
RESULT: {"using":"xpath","value":"//*[@id=\"__box22-arrow\"]"}
COMMAND: POST /session/2308dad0f2a7537c6be193a87bfcce7d/elements - {"using":"xpath","value":"//*[@id=\"__box22-arrow\"]"}
RESULT: {"using":"xpath","value":"//*[@id=\"__box22-arrow\"]"}
COMMAND: POST /session/2308dad0f2a7537c6be193a87bfcce7d/elements - {"using":"xpath","value":"//*[@id=\"__box22-arrow\"]"}
RESULT: {"using":"xpath","value":"//*[@id=\"__box22-arrow\"]"}
COMMAND: POST /session/2308dad0f2a7537c6be193a87bfcce7d/elements - {"using":"xpath","value":"//*[@id=\"__box22-arrow\"]"}
RESULT: {"using":"xpath","value":"//*[@id=\"__box22-arrow\"]"}
COMMAND: POST /session/2308dad0f2a7537c6be193a87bfcce7d/elements - {"using":"xpath","value":"//*[@id=\"__box22-arrow\"]"}
RESULT: {"using":"xpath","value":"//*[@id=\"__box22-arrow\"]"}
COMMAND: POST /session/2308dad0f2a7537c6be193a87bfcce7d/elements - {"using":"xpath","value":"//*[@id=\"__box22-arrow\"]"}
RESULT: {"using":"xpath","value":"//*[@id=\"__box22-arrow\"]"}
COMMAND: POST /session/2308dad0f2a7537c6be193a87bfcce7d/elements - {"using":"xpath","value":"//*[@id=\"__box22-arrow\"]"}
RESULT: {"using":"xpath","value":"//*[@id=\"__box22-arrow\"]"}
COMMAND: POST /session/2308dad0f2a7537c6be193a87bfcce7d/elements - {"using":"xpath","value":"//*[@id=\"__box22-arrow\"]"}
RESULT: {"using":"xpath","value":"//*[@id=\"__box22-arrow\"]"}
COMMAND: POST /session/2308dad0f2a7537c6be193a87bfcce7d/elements - {"using":"xpath","value":"//*[@id=\"__box22-arrow\"]"}
RESULT: {"using":"xpath","value":"//*[@id=\"__box22-arrow\"]"}
COMMAND: POST /session/2308dad0f2a7537c6be193a87bfcce7d/elements - {"using":"xpath","value":"//*[@id=\"__box22-arrow\"]"}
RESULT: {"using":"xpath","value":"//*[@id=\"__box22-arrow\"]"}
COMMAND: POST /session/2308dad0f2a7537c6be193a87bfcce7d/elements - {"using":"xpath","value":"//*[@id=\"__box22-arrow\"]"}
RESULT: {"using":"xpath","value":"//*[@id=\"__box22-arrow\"]"}
COMMAND: POST /session/2308dad0f2a7537c6be193a87bfcce7d/elements - {"using":"xpath","value":"//*[@id=\"__box22-arrow\"]"}
RESULT: {"using":"xpath","value":"//*[@id=\"__box22-arrow\"]"}
COMMAND: POST /session/2308dad0f2a7537c6be193a87bfcce7d/elements - {"using":"xpath","value":"//*[@id=\"__box22-arrow\"]"}
RESULT: {"using":"xpath","value":"//*[@id=\"__box22-arrow\"]"}
COMMAND: POST /session/2308dad0f2a7537c6be193a87bfcce7d/elements - {"using":"xpath","value":"//*[@id=\"__box22-arrow\"]"}
RESULT: {"using":"xpath","value":"//*[@id=\"__box22-arrow\"]"}
COMMAND: POST /session/2308dad0f2a7537c6be193a87bfcce7d/elements - {"using":"xpath","value":"//*[@id=\"__box22-arrow\"]"}
RESULT: {"using":"xpath","value":"//*[@id=\"__box22-arrow\"]"}
COMMAND: POST /session/2308dad0f2a7537c6be193a87bfcce7d/elements - {"using":"xpath","value":"//*[@id=\"__box22-arrow\"]"}
RESULT: {"using":"xpath","value":"//*[@id=\"__box22-arrow\"]"}
COMMAND: POST /session/2308dad0f2a7537c6be193a87bfcce7d/elements - {"using":"xpath","value":"//*[@id=\"__box22-arrow\"]"}
RESULT: {"using":"xpath","value":"//*[@id=\"__box22-arrow\"]"}
COMMAND: POST /session/2308dad0f2a7537c6be193a87bfcce7d/elements - {"using":"xpath","value":"//*[@id=\"__box22-arrow\"]"}
RESULT: {"using":"xpath","value":"//*[@id=\"__box22-arrow\"]"}
COMMAND: POST /session/2308dad0f2a7537c6be193a87bfcce7d/elements - {"using":"xpath","value":"//*[@id=\"__box22-arrow\"]"}
RESULT: {"using":"xpath","value":"//*[@id=\"__box22-arrow\"]"}
COMMAND: POST /session/2308dad0f2a7537c6be193a87bfcce7d/elements - {"using":"xpath","value":"//*[@id=\"__box22-arrow\"]"}
RESULT: {"using":"xpath","value":"//*[@id=\"__box22-arrow\"]"}
COMMAND: POST /session/2308dad0f2a7537c6be193a87bfcce7d/elements - {"using":"xpath","value":"//*[@id=\"__box22-arrow\"]"}
RESULT: {"using":"xpath","value":"//*[@id=\"__box22-arrow\"]"}
COMMAND: POST /session/2308dad0f2a7537c6be193a87bfcce7d/elements - {"using":"xpath","value":"//*[@id=\"__box22-arrow\"]"}
RESULT: {"using":"xpath","value":"//*[@id=\"__box22-arrow\"]"}
COMMAND: POST /session/2308dad0f2a7537c6be193a87bfcce7d/elements - {"using":"xpath","value":"//*[@id=\"__box22-arrow\"]"}
RESULT: {"using":"xpath","value":"//*[@id=\"__box22-arrow\"]"}
COMMAND: POST /session/2308dad0f2a7537c6be193a87bfcce7d/elements - {"using":"xpath","value":"//*[@id=\"__box22-arrow\"]"}
RESULT: {"using":"xpath","value":"//*[@id=\"__box22-arrow\"]"}
COMMAND: POST /session/2308dad0f2a7537c6be193a87bfcce7d/elements - {"using":"xpath","value":"//*[@id=\"__box22-arrow\"]"}
RESULT: {"using":"xpath","value":"//*[@id=\"__box22-arrow\"]"}
COMMAND: POST /session/2308dad0f2a7537c6be193a87bfcce7d/elements - {"using":"xpath","value":"//*[@id=\"__box22-arrow\"]"}
RESULT: {"using":"xpath","value":"//*[@id=\"__box22-arrow\"]"}
COMMAND: POST /session/2308dad0f2a7537c6be193a87bfcce7d/elements - {"using":"xpath","value":"//*[@id=\"__box22-arrow\"]"}
RESULT: {"using":"xpath","value":"//*[@id=\"__box22-arrow\"]"}
COMMAND: POST /session/2308dad0f2a7537c6be193a87bfcce7d/elements - {"using":"xpath","value":"//*[@id=\"__box22-arrow\"]"}
RESULT: {"using":"xpath","value":"//*[@id=\"__box22-arrow\"]"}
COMMAND: POST /session/2308dad0f2a7537c6be193a87bfcce7d/elements - {"using":"xpath","value":"//*[@id=\"__box22-arrow\"]"}
RESULT: {"using":"xpath","value":"//*[@id=\"__box22-arrow\"]"}
COMMAND: POST /session/2308dad0f2a7537c6be193a87bfcce7d/elements - {"using":"xpath","value":"//*[@id=\"__box22-arrow\"]"}
RESULT: {"using":"xpath","value":"//*[@id=\"__box22-arrow\"]"}
COMMAND: POST /session/2308dad0f2a7537c6be193a87bfcce7d/elements - {"using":"xpath","value":"//*[@id=\"__box22-arrow\"]"}
RESULT: {"using":"xpath","value":"//*[@id=\"__box22-arrow\"]"}
COMMAND: POST /session/2308dad0f2a7537c6be193a87bfcce7d/elements - {"using":"xpath","value":"//*[@id=\"__box22-arrow\"]"}
RESULT: {"using":"xpath","value":"//*[@id=\"__box22-arrow\"]"}
COMMAND: POST /session/2308dad0f2a7537c6be193a87bfcce7d/elements - {"using":"xpath","value":"//*[@id=\"__box22-arrow\"]"}
RESULT: {"using":"xpath","value":"//*[@id=\"__box22-arrow\"]"}
COMMAND: POST /session/2308dad0f2a7537c6be193a87bfcce7d/elements - {"using":"xpath","value":"//*[@id=\"__box22-arrow\"]"}
RESULT: {"using":"xpath","value":"//*[@id=\"__box22-arrow\"]"}
COMMAND: POST /session/2308dad0f2a7537c6be193a87bfcce7d/elements - {"using":"xpath","value":"//*[@id=\"__box22-arrow\"]"}
RESULT: {"using":"xpath","value":"//*[@id=\"__box22-arrow\"]"}
COMMAND: POST /session/2308dad0f2a7537c6be193a87bfcce7d/elements - {"using":"xpath","value":"//*[@id=\"__box22-arrow\"]"}
RESULT: {"using":"xpath","value":"//*[@id=\"__box22-arrow\"]"}
COMMAND: POST /session/2308dad0f2a7537c6be193a87bfcce7d/elements - {"using":"xpath","value":"//*[@id=\"__box22-arrow\"]"}
RESULT: {"using":"xpath","value":"//*[@id=\"__box22-arrow\"]"}
COMMAND: POST /session/2308dad0f2a7537c6be193a87bfcce7d/elements - {"using":"xpath","value":"//*[@id=\"__box22-arrow\"]"}
RESULT: {"using":"xpath","value":"//*[@id=\"__box22-arrow\"]"}
COMMAND: POST /session/2308dad0f2a7537c6be193a87bfcce7d/elements - {"using":"xpath","value":"//*[@id=\"__box22-arrow\"]"}
RESULT: {"using":"xpath","value":"//*[@id=\"__box22-arrow\"]"}
COMMAND: POST /session/2308dad0f2a7537c6be193a87bfcce7d/elements - {"using":"xpath","value":"//*[@id=\"__box22-arrow\"]"}
RESULT: {"using":"xpath","value":"//*[@id=\"__box22-arrow\"]"}
COMMAND: POST /session/2308dad0f2a7537c6be193a87bfcce7d/elements - {"using":"xpath","value":"//*[@id=\"__box22-arrow\"]"}
RESULT: {"using":"xpath","value":"//*[@id=\"__box22-arrow\"]"}
COMMAND: POST /session/2308dad0f2a7537c6be193a87bfcce7d/elements - {"using":"xpath","value":"//*[@id=\"__box22-arrow\"]"}
RESULT: {"using":"xpath","value":"//*[@id=\"__box22-arrow\"]"}
COMMAND: POST /session/2308dad0f2a7537c6be193a87bfcce7d/elements - {"using":"xpath","value":"//*[@id=\"__box22-arrow\"]"}
RESULT: {"using":"xpath","value":"//*[@id=\"__box22-arrow\"]"}
COMMAND: POST /session/2308dad0f2a7537c6be193a87bfcce7d/elements - {"using":"xpath","value":"//*[@id=\"__box22-arrow\"]"}
RESULT: {"using":"xpath","value":"//*[@id=\"__box22-arrow\"]"}
COMMAND: POST /session/2308dad0f2a7537c6be193a87bfcce7d/elements - {"using":"xpath","value":"//*[@id=\"__box22-arrow\"]"}
RESULT: {"using":"xpath","value":"//*[@id=\"__box22-arrow\"]"}
COMMAND: POST /session/2308dad0f2a7537c6be193a87bfcce7d/elements - {"using":"xpath","value":"//*[@id=\"__box22-arrow\"]"}
RESULT: {"using":"xpath","value":"//*[@id=\"__box22-arrow\"]"}
COMMAND: POST /session/2308dad0f2a7537c6be193a87bfcce7d/elements - {"using":"xpath","value":"//*[@id=\"__box22-arrow\"]"}
RESULT: {"using":"xpath","value":"//*[@id=\"__box22-arrow\"]"}
COMMAND: POST /session/2308dad0f2a7537c6be193a87bfcce7d/elements - {"using":"xpath","value":"//*[@id=\"__box22-arrow\"]"}
RESULT: {"using":"xpath","value":"//*[@id=\"__box22-arrow\"]"}
COMMAND: POST /session/2308dad0f2a7537c6be193a87bfcce7d/elements - {"using":"xpath","value":"//*[@id=\"__box22-arrow\"]"}
RESULT: {"using":"xpath","value":"//*[@id=\"__box22-arrow\"]"}
COMMAND: POST /session/2308dad0f2a7537c6be193a87bfcce7d/elements - {"using":"xpath","value":"//*[@id=\"__box22-arrow\"]"}
RESULT: {"using":"xpath","value":"//*[@id=\"__box22-arrow\"]"}
COMMAND: POST /session/2308dad0f2a7537c6be193a87bfcce7d/elements - {"using":"xpath","value":"//*[@id=\"__box22-arrow\"]"}
RESULT: {"using":"xpath","value":"//*[@id=\"__box22-arrow\"]"}
COMMAND: POST /session/2308dad0f2a7537c6be193a87bfcce7d/elements - {"using":"xpath","value":"//*[@id=\"__box22-arrow\"]"}
RESULT: {"using":"xpath","value":"//*[@id=\"__box22-arrow\"]"}
COMMAND: POST /session/2308dad0f2a7537c6be193a87bfcce7d/elements - {"using":"xpath","value":"//*[@id=\"__box22-arrow\"]"}
RESULT: {"using":"xpath","value":"//*[@id=\"__box22-arrow\"]"}
COMMAND: POST /session/2308dad0f2a7537c6be193a87bfcce7d/elements - {"using":"xpath","value":"//*[@id=\"__box22-arrow\"]"}
RESULT: {"using":"xpath","value":"//*[@id=\"__box22-arrow\"]"}
COMMAND: POST /session/2308dad0f2a7537c6be193a87bfcce7d/elements - {"using":"xpath","value":"//*[@id=\"__box22-arrow\"]"}
RESULT: {"using":"xpath","value":"//*[@id=\"__box22-arrow\"]"}
COMMAND: POST /session/2308dad0f2a7537c6be193a87bfcce7d/elements - {"using":"xpath","value":"//*[@id=\"__box22-arrow\"]"}
RESULT: {"using":"xpath","value":"//*[@id=\"__box22-arrow\"]"}
COMMAND: POST /session/2308dad0f2a7537c6be193a87bfcce7d/elements - {"using":"xpath","value":"//*[@id=\"__box22-arrow\"]"}
RESULT: {"using":"xpath","value":"//*[@id=\"__box22-arrow\"]"}
COMMAND: POST /session/2308dad0f2a7537c6be193a87bfcce7d/elements - {"using":"xpath","value":"//*[@id=\"__box22-arrow\"]"}
RESULT: {"using":"xpath","value":"//*[@id=\"__box22-arrow\"]"}
COMMAND: POST /session/2308dad0f2a7537c6be193a87bfcce7d/elements - {"using":"xpath","value":"//*[@id=\"__box22-arrow\"]"}
RESULT: {"using":"xpath","value":"//*[@id=\"__box22-arrow\"]"}
COMMAND: POST /session/2308dad0f2a7537c6be193a87bfcce7d/elements - {"using":"xpath","value":"//*[@id=\"__box22-arrow\"]"}
RESULT: {"using":"xpath","value":"//*[@id=\"__box22-arrow\"]"}
COMMAND: POST /session/2308dad0f2a7537c6be193a87bfcce7d/elements - {"using":"xpath","value":"//*[@id=\"__box22-arrow\"]"}
RESULT: {"using":"xpath","value":"//*[@id=\"__box22-arrow\"]"}
COMMAND: POST /session/2308dad0f2a7537c6be193a87bfcce7d/elements - {"using":"xpath","value":"//*[@id=\"__box22-arrow\"]"}
RESULT: {"using":"xpath","value":"//*[@id=\"__box22-arrow\"]"}
COMMAND: POST /session/2308dad0f2a7537c6be193a87bfcce7d/elements - {"using":"xpath","value":"//*[@id=\"__box22-arrow\"]"}
RESULT: {"using":"xpath","value":"//*[@id=\"__box22-arrow\"]"}
COMMAND: POST /session/2308dad0f2a7537c6be193a87bfcce7d/elements - {"using":"xpath","value":"//*[@id=\"__box22-arrow\"]"}
RESULT: {"using":"xpath","value":"//*[@id=\"__box22-arrow\"]"}
COMMAND: POST /session/2308dad0f2a7537c6be193a87bfcce7d/elements - {"using":"xpath","value":"//*[@id=\"__box22-arrow\"]"}
RESULT: {"using":"xpath","value":"//*[@id=\"__box22-arrow\"]"}
COMMAND: POST /session/2308dad0f2a7537c6be193a87bfcce7d/elements - {"using":"xpath","value":"//*[@id=\"__box22-arrow\"]"}
RESULT: {"using":"xpath","value":"//*[@id=\"__box22-arrow\"]"}
COMMAND: POST /session/2308dad0f2a7537c6be193a87bfcce7d/elements - {"using":"xpath","value":"//*[@id=\"__box22-arrow\"]"}
RESULT: {"using":"xpath","value":"//*[@id=\"__box22-arrow\"]"}
COMMAND: POST /session/2308dad0f2a7537c6be193a87bfcce7d/elements - {"using":"xpath","value":"//*[@id=\"__box22-arrow\"]"}
RESULT: {"using":"xpath","value":"//*[@id=\"__box22-arrow\"]"}
COMMAND: POST /session/2308dad0f2a7537c6be193a87bfcce7d/elements - {"using":"xpath","value":"//*[@id=\"__box22-arrow\"]"}
RESULT: {"using":"xpath","value":"//*[@id=\"__box22-arrow\"]"}
COMMAND: POST /session/2308dad0f2a7537c6be193a87bfcce7d/elements - {"using":"xpath","value":"//*[@id=\"__box22-arrow\"]"}
RESULT: {"using":"xpath","value":"//*[@id=\"__box22-arrow\"]"}
COMMAND: POST /session/2308dad0f2a7537c6be193a87bfcce7d/elements - {"using":"xpath","value":"//*[@id=\"__box22-arrow\"]"}
RESULT: {"using":"xpath","value":"//*[@id=\"__box22-arrow\"]"}
COMMAND: POST /session/2308dad0f2a7537c6be193a87bfcce7d/elements - {"using":"xpath","value":"//*[@id=\"__box22-arrow\"]"}
RESULT: {"using":"xpath","value":"//*[@id=\"__box22-arrow\"]"}
COMMAND: POST /session/2308dad0f2a7537c6be193a87bfcce7d/elements - {"using":"xpath","value":"//*[@id=\"__box22-arrow\"]"}
RESULT: {"using":"xpath","value":"//*[@id=\"__box22-arrow\"]"}
COMMAND: POST /session/2308dad0f2a7537c6be193a87bfcce7d/elements - {"using":"xpath","value":"//*[@id=\"__box22-arrow\"]"}
RESULT: {"using":"xpath","value":"//*[@id=\"__box22-arrow\"]"}
COMMAND: POST /session/2308dad0f2a7537c6be193a87bfcce7d/elements - {"using":"xpath","value":"//*[@id=\"__box22-arrow\"]"}
RESULT: {"using":"xpath","value":"//*[@id=\"__box22-arrow\"]"}
COMMAND: POST /session/2308dad0f2a7537c6be193a87bfcce7d/elements - {"using":"xpath","value":"//*[@id=\"__box22-arrow\"]"}
RESULT: {"using":"xpath","value":"//*[@id=\"__box22-arrow\"]"}
COMMAND: POST /session/2308dad0f2a7537c6be193a87bfcce7d/elements - {"using":"xpath","value":"//*[@id=\"__box22-arrow\"]"}
RESULT: {"using":"xpath","value":"//*[@id=\"__box22-arrow\"]"}
COMMAND: POST /session/2308dad0f2a7537c6be193a87bfcce7d/elements - {"using":"xpath","value":"//*[@id=\"__box22-arrow\"]"}
RESULT: {"using":"xpath","value":"//*[@id=\"__box22-arrow\"]"}
COMMAND: POST /session/2308dad0f2a7537c6be193a87bfcce7d/elements - {"using":"xpath","value":"//*[@id=\"__box22-arrow\"]"}
RESULT: {"using":"xpath","value":"//*[@id=\"__box22-arrow\"]"}
COMMAND: POST /session/2308dad0f2a7537c6be193a87bfcce7d/elements - {"using":"xpath","value":"//*[@id=\"__box22-arrow\"]"}
RESULT: {"using":"xpath","value":"//*[@id=\"__box22-arrow\"]"}
COMMAND: POST /session/2308dad0f2a7537c6be193a87bfcce7d/elements - {"using":"xpath","value":"//*[@id=\"__box22-arrow\"]"}
RESULT: {"using":"xpath","value":"//*[@id=\"__box22-arrow\"]"}
COMMAND: POST /session/2308dad0f2a7537c6be193a87bfcce7d/elements - {"using":"xpath","value":"//*[@id=\"__box22-arrow\"]"}
RESULT: {"using":"xpath","value":"//*[@id=\"__box22-arrow\"]"}
COMMAND: POST /session/2308dad0f2a7537c6be193a87bfcce7d/elements - {"using":"xpath","value":"//*[@id=\"__box22-arrow\"]"}
RESULT: {"using":"xpath","value":"//*[@id=\"__box22-arrow\"]"}
COMMAND: POST /session/2308dad0f2a7537c6be193a87bfcce7d/elements - {"using":"xpath","value":"//*[@id=\"__box22-arrow\"]"}
RESULT: {"using":"xpath","value":"//*[@id=\"__box22-arrow\"]"}
COMMAND: POST /session/2308dad0f2a7537c6be193a87bfcce7d/elements - {"using":"xpath","value":"//*[@id=\"__box22-arrow\"]"}
RESULT: {"using":"xpath","value":"//*[@id=\"__box22-arrow\"]"}
COMMAND: POST /session/2308dad0f2a7537c6be193a87bfcce7d/elements - {"using":"xpath","value":"//*[@id=\"__box22-arrow\"]"}
RESULT: {"using":"xpath","value":"//*[@id=\"__box22-arrow\"]"}
COMMAND: POST /session/2308dad0f2a7537c6be193a87bfcce7d/elements - {"using":"xpath","value":"//*[@id=\"__box22-arrow\"]"}
RESULT: {"using":"xpath","value":"//*[@id=\"__box22-arrow\"]"}
COMMAND: POST /session/2308dad0f2a7537c6be193a87bfcce7d/elements - {"using":"xpath","value":"//*[@id=\"__box22-arrow\"]"}
RESULT: {"using":"xpath","value":"//*[@id=\"__box22-arrow\"]"}
COMMAND: POST /session/2308dad0f2a7537c6be193a87bfcce7d/elements - {"using":"xpath","value":"//*[@id=\"__box22-arrow\"]"}
RESULT: {"using":"xpath","value":"//*[@id=\"__box22-arrow\"]"}
COMMAND: POST /session/2308dad0f2a7537c6be193a87bfcce7d/elements - {"using":"xpath","value":"//*[@id=\"__box22-arrow\"]"}
RESULT: {"using":"xpath","value":"//*[@id=\"__box22-arrow\"]"}
COMMAND: POST /session/2308dad0f2a7537c6be193a87bfcce7d/elements - {"using":"xpath","value":"//*[@id=\"__box22-arrow\"]"}
RESULT: {"using":"xpath","value":"//*[@id=\"__box22-arrow\"]"}
COMMAND: POST /session/2308dad0f2a7537c6be193a87bfcce7d/elements - {"using":"xpath","value":"//*[@id=\"__box22-arrow\"]"}
RESULT: {"using":"xpath","value":"//*[@id=\"__box22-arrow\"]"}
COMMAND: POST /session/2308dad0f2a7537c6be193a87bfcce7d/elements - {"using":"xpath","value":"//*[@id=\"__box22-arrow\"]"}
RESULT: {"using":"xpath","value":"//*[@id=\"__box22-arrow\"]"}
COMMAND: POST /session/2308dad0f2a7537c6be193a87bfcce7d/elements - {"using":"xpath","value":"//*[@id=\"__box22-arrow\"]"}
RESULT: {"using":"xpath","value":"//*[@id=\"__box22-arrow\"]"}
COMMAND: POST /session/2308dad0f2a7537c6be193a87bfcce7d/elements - {"using":"xpath","value":"//*[@id=\"__box22-arrow\"]"}
RESULT: {"using":"xpath","value":"//*[@id=\"__box22-arrow\"]"}
COMMAND: POST /session/2308dad0f2a7537c6be193a87bfcce7d/elements - {"using":"xpath","value":"//*[@id=\"__box22-arrow\"]"}
RESULT: {"using":"xpath","value":"//*[@id=\"__box22-arrow\"]"}
COMMAND: POST /session/2308dad0f2a7537c6be193a87bfcce7d/elements - {"using":"xpath","value":"//*[@id=\"__box22-arrow\"]"}
RESULT: {"using":"xpath","value":"//*[@id=\"__box22-arrow\"]"}
COMMAND: POST /session/2308dad0f2a7537c6be193a87bfcce7d/elements - {"using":"xpath","value":"//*[@id=\"__box22-arrow\"]"}
RESULT: {"using":"xpath","value":"//*[@id=\"__box22-arrow\"]"}
COMMAND: POST /session/2308dad0f2a7537c6be193a87bfcce7d/elements - {"using":"xpath","value":"//*[@id=\"__box22-arrow\"]"}
RESULT: {"using":"xpath","value":"//*[@id=\"__box22-arrow\"]"}
COMMAND: POST /session/2308dad0f2a7537c6be193a87bfcce7d/elements - {"using":"xpath","value":"//*[@id=\"__box22-arrow\"]"}
RESULT: {"using":"xpath","value":"//*[@id=\"__box22-arrow\"]"}
COMMAND: POST /session/2308dad0f2a7537c6be193a87bfcce7d/elements - {"using":"xpath","value":"//*[@id=\"__box22-arrow\"]"}
RESULT: {"using":"xpath","value":"//*[@id=\"__box22-arrow\"]"}
COMMAND: POST /session/2308dad0f2a7537c6be193a87bfcce7d/elements - {"using":"xpath","value":"//*[@id=\"__box22-arrow\"]"}
RESULT: {"using":"xpath","value":"//*[@id=\"__box22-arrow\"]"}
COMMAND: POST /session/2308dad0f2a7537c6be193a87bfcce7d/elements - {"using":"xpath","value":"//*[@id=\"__box22-arrow\"]"}
RESULT: {"using":"xpath","value":"//*[@id=\"__box22-arrow\"]"}
COMMAND: POST /session/2308dad0f2a7537c6be193a87bfcce7d/elements - {"using":"xpath","value":"//*[@id=\"__box22-arrow\"]"}
RESULT: {"using":"xpath","value":"//*[@id=\"__box22-arrow\"]"}
COMMAND: POST /session/2308dad0f2a7537c6be193a87bfcce7d/elements - {"using":"xpath","value":"//*[@id=\"__box22-arrow\"]"}
RESULT: {"using":"xpath","value":"//*[@id=\"__box22-arrow\"]"}
COMMAND: POST /session/2308dad0f2a7537c6be193a87bfcce7d/elements - {"using":"xpath","value":"//*[@id=\"__box22-arrow\"]"}
RESULT: {"using":"xpath","value":"//*[@id=\"__box22-arrow\"]"}
COMMAND: POST /session/2308dad0f2a7537c6be193a87bfcce7d/elements - {"using":"xpath","value":"//*[@id=\"__box22-arrow\"]"}
RESULT: {"using":"xpath","value":"//*[@id=\"__box22-arrow\"]"}
COMMAND: POST /session/2308dad0f2a7537c6be193a87bfcce7d/element - {"using":"xpath","value":"//li[.//span[text()= \"Webshop Catalog\"]]"}
RESULT: {"using":"xpath","value":"//li[.//span[text()= \"Webshop Catalog\"]]"}
COMMAND: POST /session/2308dad0f2a7537c6be193a87bfcce7d/elements - {"using":"xpath","value":"//li[.//span[text()= \"Webshop Catalog\"]]"}
RESULT: {"using":"xpath","value":"//li[.//span[text()= \"Webshop Catalog\"]]"}
COMMAND: POST /session/2308dad0f2a7537c6be193a87bfcce7d/elements - {"using":"xpath","value":"//li[.//span[text()= \"Webshop Catalog\"]]"}
RESULT: {"using":"xpath","value":"//li[.//span[text()= \"Webshop Catalog\"]]"}
COMMAND: POST /session/2308dad0f2a7537c6be193a87bfcce7d/elements - {"using":"xpath","value":"//li[.//span[text()= \"Webshop Catalog\"]]"}
RESULT: {"using":"xpath","value":"//li[.//span[text()= \"Webshop Catalog\"]]"}
COMMAND: POST /session/2308dad0f2a7537c6be193a87bfcce7d/elements - {"using":"xpath","value":"//li[.//span[text()= \"Webshop Catalog\"]]"}
RESULT: {"using":"xpath","value":"//li[.//span[text()= \"Webshop Catalog\"]]"}
COMMAND: POST /session/2308dad0f2a7537c6be193a87bfcce7d/elements - {"using":"xpath","value":"//li[.//span[text()= \"Webshop Catalog\"]]"}
RESULT: {"using":"xpath","value":"//li[.//span[text()= \"Webshop Catalog\"]]"}
COMMAND: POST /session/2308dad0f2a7537c6be193a87bfcce7d/elements - {"using":"xpath","value":"//li[.//span[text()= \"Webshop Catalog\"]]"}
RESULT: {"using":"xpath","value":"//li[.//span[text()= \"Webshop Catalog\"]]"}
COMMAND: POST /session/2308dad0f2a7537c6be193a87bfcce7d/elements - {"using":"xpath","value":"//li[.//span[text()= \"Webshop Catalog\"]]"}
RESULT: {"using":"xpath","value":"//li[.//span[text()= \"Webshop Catalog\"]]"}
COMMAND: POST /session/2308dad0f2a7537c6be193a87bfcce7d/elements - {"using":"xpath","value":"//li[.//span[text()= \"Webshop Catalog\"]]"}
RESULT: {"using":"xpath","value":"//li[.//span[text()= \"Webshop Catalog\"]]"}
COMMAND: POST /session/2308dad0f2a7537c6be193a87bfcce7d/elements - {"using":"xpath","value":"//li[.//span[text()= \"Webshop Catalog\"]]"}
RESULT: {"using":"xpath","value":"//li[.//span[text()= \"Webshop Catalog\"]]"}
COMMAND: POST /session/2308dad0f2a7537c6be193a87bfcce7d/elements - {"using":"xpath","value":"//li[.//span[text()= \"Webshop Catalog\"]]"}
RESULT: {"using":"xpath","value":"//li[.//span[text()= \"Webshop Catalog\"]]"}
COMMAND: POST /session/2308dad0f2a7537c6be193a87bfcce7d/elements - {"using":"xpath","value":"//li[.//span[text()= \"Webshop Catalog\"]]"}
RESULT: {"using":"xpath","value":"//li[.//span[text()= \"Webshop Catalog\"]]"}
COMMAND: POST /session/2308dad0f2a7537c6be193a87bfcce7d/elements - {"using":"xpath","value":"//li[.//span[text()= \"Webshop Catalog\"]]"}
RESULT: {"using":"xpath","value":"//li[.//span[text()= \"Webshop Catalog\"]]"}
COMMAND: POST /session/2308dad0f2a7537c6be193a87bfcce7d/elements - {"using":"xpath","value":"//li[.//span[text()= \"Webshop Catalog\"]]"}
RESULT: {"using":"xpath","value":"//li[.//span[text()= \"Webshop Catalog\"]]"}
COMMAND: POST /session/2308dad0f2a7537c6be193a87bfcce7d/elements - {"using":"xpath","value":"//li[.//span[text()= \"Webshop Catalog\"]]"}
RESULT: {"using":"xpath","value":"//li[.//span[text()= \"Webshop Catalog\"]]"}
COMMAND: POST /session/2308dad0f2a7537c6be193a87bfcce7d/elements - {"using":"xpath","value":"//li[.//span[text()= \"Webshop Catalog\"]]"}
RESULT: {"using":"xpath","value":"//li[.//span[text()= \"Webshop Catalog\"]]"}
COMMAND: POST /session/2308dad0f2a7537c6be193a87bfcce7d/elements - {"using":"xpath","value":"//li[.//span[text()= \"Webshop Catalog\"]]"}
RESULT: {"using":"xpath","value":"//li[.//span[text()= \"Webshop Catalog\"]]"}
COMMAND: POST /session/2308dad0f2a7537c6be193a87bfcce7d/elements - {"using":"xpath","value":"//li[.//span[text()= \"Webshop Catalog\"]]"}
RESULT: {"using":"xpath","value":"//li[.//span[text()= \"Webshop Catalog\"]]"}
COMMAND: POST /session/2308dad0f2a7537c6be193a87bfcce7d/elements - {"using":"xpath","value":"//li[.//span[text()= \"Webshop Catalog\"]]"}
RESULT: {"using":"xpath","value":"//li[.//span[text()= \"Webshop Catalog\"]]"}
COMMAND: POST /session/2308dad0f2a7537c6be193a87bfcce7d/elements - {"using":"xpath","value":"//li[.//span[text()= \"Webshop Catalog\"]]"}
RESULT: {"using":"xpath","value":"//li[.//span[text()= \"Webshop Catalog\"]]"}
COMMAND: POST /session/2308dad0f2a7537c6be193a87bfcce7d/elements - {"using":"xpath","value":"//li[.//span[text()= \"Webshop Catalog\"]]"}
RESULT: {"using":"xpath","value":"//li[.//span[text()= \"Webshop Catalog\"]]"}
COMMAND: POST /session/2308dad0f2a7537c6be193a87bfcce7d/elements - {"using":"xpath","value":"//li[.//span[text()= \"Webshop Catalog\"]]"}
RESULT: {"using":"xpath","value":"//li[.//span[text()= \"Webshop Catalog\"]]"}
COMMAND: POST /session/2308dad0f2a7537c6be193a87bfcce7d/elements - {"using":"xpath","value":"//li[.//span[text()= \"Webshop Catalog\"]]"}
RESULT: {"using":"xpath","value":"//li[.//span[text()= \"Webshop Catalog\"]]"}
COMMAND: POST /session/2308dad0f2a7537c6be193a87bfcce7d/elements - {"using":"xpath","value":"//li[.//span[text()= \"Webshop Catalog\"]]"}
RESULT: {"using":"xpath","value":"//li[.//span[text()= \"Webshop Catalog\"]]"}
COMMAND: POST /session/2308dad0f2a7537c6be193a87bfcce7d/elements - {"using":"xpath","value":"//li[.//span[text()= \"Webshop Catalog\"]]"}
RESULT: {"using":"xpath","value":"//li[.//span[text()= \"Webshop Catalog\"]]"}
COMMAND: POST /session/2308dad0f2a7537c6be193a87bfcce7d/elements - {"using":"xpath","value":"//li[.//span[text()= \"Webshop Catalog\"]]"}
RESULT: {"using":"xpath","value":"//li[.//span[text()= \"Webshop Catalog\"]]"}
COMMAND: POST /session/2308dad0f2a7537c6be193a87bfcce7d/elements - {"using":"xpath","value":"//li[.//span[text()= \"Webshop Catalog\"]]"}
RESULT: {"using":"xpath","value":"//li[.//span[text()= \"Webshop Catalog\"]]"}
COMMAND: POST /session/2308dad0f2a7537c6be193a87bfcce7d/elements - {"using":"xpath","value":"//li[.//span[text()= \"Webshop Catalog\"]]"}
RESULT: {"using":"xpath","value":"//li[.//span[text()= \"Webshop Catalog\"]]"}
COMMAND: POST /session/2308dad0f2a7537c6be193a87bfcce7d/elements - {"using":"xpath","value":"//li[.//span[text()= \"Webshop Catalog\"]]"}
RESULT: {"using":"xpath","value":"//li[.//span[text()= \"Webshop Catalog\"]]"}
COMMAND: POST /session/2308dad0f2a7537c6be193a87bfcce7d/elements - {"using":"xpath","value":"//li[.//span[text()= \"Webshop Catalog\"]]"}
RESULT: {"using":"xpath","value":"//li[.//span[text()= \"Webshop Catalog\"]]"}
COMMAND: POST /session/2308dad0f2a7537c6be193a87bfcce7d/elements - {"using":"xpath","value":"//li[.//span[text()= \"Webshop Catalog\"]]"}
RESULT: {"using":"xpath","value":"//li[.//span[text()= \"Webshop Catalog\"]]"}
COMMAND: POST /session/2308dad0f2a7537c6be193a87bfcce7d/elements - {"using":"xpath","value":"//li[.//span[text()= \"Webshop Catalog\"]]"}
RESULT: {"using":"xpath","value":"//li[.//span[text()= \"Webshop Catalog\"]]"}
COMMAND: POST /session/2308dad0f2a7537c6be193a87bfcce7d/elements - {"using":"xpath","value":"//li[.//span[text()= \"Webshop Catalog\"]]"}
RESULT: {"using":"xpath","value":"//li[.//span[text()= \"Webshop Catalog\"]]"}
COMMAND: POST /session/2308dad0f2a7537c6be193a87bfcce7d/elements - {"using":"xpath","value":"//li[.//span[text()= \"Webshop Catalog\"]]"}
RESULT: {"using":"xpath","value":"//li[.//span[text()= \"Webshop Catalog\"]]"}
COMMAND: POST /session/2308dad0f2a7537c6be193a87bfcce7d/elements - {"using":"xpath","value":"//li[.//span[text()= \"Webshop Catalog\"]]"}
RESULT: {"using":"xpath","value":"//li[.//span[text()= \"Webshop Catalog\"]]"}
COMMAND: POST /session/2308dad0f2a7537c6be193a87bfcce7d/elements - {"using":"xpath","value":"//li[.//span[text()= \"Webshop Catalog\"]]"}
RESULT: {"using":"xpath","value":"//li[.//span[text()= \"Webshop Catalog\"]]"}
COMMAND: POST /session/2308dad0f2a7537c6be193a87bfcce7d/elements - {"using":"xpath","value":"//li[.//span[text()= \"Webshop Catalog\"]]"}
RESULT: {"using":"xpath","value":"//li[.//span[text()= \"Webshop Catalog\"]]"}
COMMAND: POST /session/2308dad0f2a7537c6be193a87bfcce7d/elements - {"using":"xpath","value":"//li[.//span[text()= \"Webshop Catalog\"]]"}
RESULT: {"using":"xpath","value":"//li[.//span[text()= \"Webshop Catalog\"]]"}
COMMAND: POST /session/2308dad0f2a7537c6be193a87bfcce7d/elements - {"using":"xpath","value":"//li[.//span[text()= \"Webshop Catalog\"]]"}
RESULT: {"using":"xpath","value":"//li[.//span[text()= \"Webshop Catalog\"]]"}
COMMAND: POST /session/2308dad0f2a7537c6be193a87bfcce7d/elements - {"using":"xpath","value":"//li[.//span[text()= \"Webshop Catalog\"]]"}
RESULT: {"using":"xpath","value":"//li[.//span[text()= \"Webshop Catalog\"]]"}
COMMAND: POST /session/2308dad0f2a7537c6be193a87bfcce7d/elements - {"using":"xpath","value":"//li[.//span[text()= \"Webshop Catalog\"]]"}
RESULT: {"using":"xpath","value":"//li[.//span[text()= \"Webshop Catalog\"]]"}
COMMAND: POST /session/2308dad0f2a7537c6be193a87bfcce7d/elements - {"using":"xpath","value":"//li[.//span[text()= \"Webshop Catalog\"]]"}
RESULT: {"using":"xpath","value":"//li[.//span[text()= \"Webshop Catalog\"]]"}
COMMAND: POST /session/2308dad0f2a7537c6be193a87bfcce7d/elements - {"using":"xpath","value":"//li[.//span[text()= \"Webshop Catalog\"]]"}
RESULT: {"using":"xpath","value":"//li[.//span[text()= \"Webshop Catalog\"]]"}
COMMAND: POST /session/2308dad0f2a7537c6be193a87bfcce7d/elements - {"using":"xpath","value":"//li[.//span[text()= \"Webshop Catalog\"]]"}
RESULT: {"using":"xpath","value":"//li[.//span[text()= \"Webshop Catalog\"]]"}
COMMAND: POST /session/2308dad0f2a7537c6be193a87bfcce7d/elements - {"using":"xpath","value":"//li[.//span[text()= \"Webshop Catalog\"]]"}
RESULT: {"using":"xpath","value":"//li[.//span[text()= \"Webshop Catalog\"]]"}
COMMAND: POST /session/2308dad0f2a7537c6be193a87bfcce7d/elements - {"using":"xpath","value":"//li[.//span[text()= \"Webshop Catalog\"]]"}
RESULT: {"using":"xpath","value":"//li[.//span[text()= \"Webshop Catalog\"]]"}
COMMAND: POST /session/2308dad0f2a7537c6be193a87bfcce7d/elements - {"using":"xpath","value":"//li[.//span[text()= \"Webshop Catalog\"]]"}
RESULT: {"using":"xpath","value":"//li[.//span[text()= \"Webshop Catalog\"]]"}
COMMAND: POST /session/2308dad0f2a7537c6be193a87bfcce7d/elements - {"using":"xpath","value":"//li[.//span[text()= \"Webshop Catalog\"]]"}
RESULT: {"using":"xpath","value":"//li[.//span[text()= \"Webshop Catalog\"]]"}
COMMAND: POST /session/2308dad0f2a7537c6be193a87bfcce7d/elements - {"using":"xpath","value":"//li[.//span[text()= \"Webshop Catalog\"]]"}
RESULT: {"using":"xpath","value":"//li[.//span[text()= \"Webshop Catalog\"]]"}
COMMAND: POST /session/2308dad0f2a7537c6be193a87bfcce7d/elements - {"using":"xpath","value":"//li[.//span[text()= \"Webshop Catalog\"]]"}
RESULT: {"using":"xpath","value":"//li[.//span[text()= \"Webshop Catalog\"]]"}
COMMAND: POST /session/2308dad0f2a7537c6be193a87bfcce7d/elements - {"using":"xpath","value":"//li[.//span[text()= \"Webshop Catalog\"]]"}
RESULT: {"using":"xpath","value":"//li[.//span[text()= \"Webshop Catalog\"]]"}
COMMAND: POST /session/2308dad0f2a7537c6be193a87bfcce7d/elements - {"using":"xpath","value":"//li[.//span[text()= \"Webshop Catalog\"]]"}
RESULT: {"using":"xpath","value":"//li[.//span[text()= \"Webshop Catalog\"]]"}
COMMAND: POST /session/2308dad0f2a7537c6be193a87bfcce7d/elements - {"using":"xpath","value":"//li[.//span[text()= \"Webshop Catalog\"]]"}
RESULT: {"using":"xpath","value":"//li[.//span[text()= \"Webshop Catalog\"]]"}
COMMAND: POST /session/2308dad0f2a7537c6be193a87bfcce7d/elements - {"using":"xpath","value":"//li[.//span[text()= \"Webshop Catalog\"]]"}
RESULT: {"using":"xpath","value":"//li[.//span[text()= \"Webshop Catalog\"]]"}
COMMAND: POST /session/2308dad0f2a7537c6be193a87bfcce7d/elements - {"using":"xpath","value":"//li[.//span[text()= \"Webshop Catalog\"]]"}
RESULT: {"using":"xpath","value":"//li[.//span[text()= \"Webshop Catalog\"]]"}
COMMAND: POST /session/2308dad0f2a7537c6be193a87bfcce7d/elements - {"using":"xpath","value":"//li[.//span[text()= \"Webshop Catalog\"]]"}
RESULT: {"using":"xpath","value":"//li[.//span[text()= \"Webshop Catalog\"]]"}
COMMAND: POST /session/2308dad0f2a7537c6be193a87bfcce7d/elements - {"using":"xpath","value":"//li[.//span[text()= \"Webshop Catalog\"]]"}
RESULT: {"using":"xpath","value":"//li[.//span[text()= \"Webshop Catalog\"]]"}
COMMAND: POST /session/2308dad0f2a7537c6be193a87bfcce7d/elements - {"using":"xpath","value":"//li[.//span[text()= \"Webshop Catalog\"]]"}
RESULT: {"using":"xpath","value":"//li[.//span[text()= \"Webshop Catalog\"]]"}
COMMAND: POST /session/2308dad0f2a7537c6be193a87bfcce7d/elements - {"using":"xpath","value":"//li[.//span[text()= \"Webshop Catalog\"]]"}
RESULT: {"using":"xpath","value":"//li[.//span[text()= \"Webshop Catalog\"]]"}
COMMAND: POST /session/2308dad0f2a7537c6be193a87bfcce7d/elements - {"using":"xpath","value":"//li[.//span[text()= \"Webshop Catalog\"]]"}
RESULT: {"using":"xpath","value":"//li[.//span[text()= \"Webshop Catalog\"]]"}
COMMAND: POST /session/2308dad0f2a7537c6be193a87bfcce7d/elements - {"using":"xpath","value":"//li[.//span[text()= \"Webshop Catalog\"]]"}
RESULT: {"using":"xpath","value":"//li[.//span[text()= \"Webshop Catalog\"]]"}
COMMAND: POST /session/2308dad0f2a7537c6be193a87bfcce7d/elements - {"using":"xpath","value":"//li[.//span[text()= \"Webshop Catalog\"]]"}
RESULT: {"using":"xpath","value":"//li[.//span[text()= \"Webshop Catalog\"]]"}
COMMAND: POST /session/2308dad0f2a7537c6be193a87bfcce7d/elements - {"using":"xpath","value":"//li[.//span[text()= \"Webshop Catalog\"]]"}
RESULT: {"using":"xpath","value":"//li[.//span[text()= \"Webshop Catalog\"]]"}
COMMAND: POST /session/2308dad0f2a7537c6be193a87bfcce7d/elements - {"using":"xpath","value":"//li[.//span[text()= \"Webshop Catalog\"]]"}
RESULT: {"using":"xpath","value":"//li[.//span[text()= \"Webshop Catalog\"]]"}
COMMAND: POST /session/2308dad0f2a7537c6be193a87bfcce7d/elements - {"using":"xpath","value":"//li[.//span[text()= \"Webshop Catalog\"]]"}
RESULT: {"using":"xpath","value":"//li[.//span[text()= \"Webshop Catalog\"]]"}
COMMAND: POST /session/2308dad0f2a7537c6be193a87bfcce7d/elements - {"using":"xpath","value":"//li[.//span[text()= \"Webshop Catalog\"]]"}
RESULT: {"using":"xpath","value":"//li[.//span[text()= \"Webshop Catalog\"]]"}
COMMAND: POST /session/2308dad0f2a7537c6be193a87bfcce7d/elements - {"using":"xpath","value":"//li[.//span[text()= \"Webshop Catalog\"]]"}
RESULT: {"using":"xpath","value":"//li[.//span[text()= \"Webshop Catalog\"]]"}
COMMAND: POST /session/2308dad0f2a7537c6be193a87bfcce7d/elements - {"using":"xpath","value":"//li[.//span[text()= \"Webshop Catalog\"]]"}
RESULT: {"using":"xpath","value":"//li[.//span[text()= \"Webshop Catalog\"]]"}
COMMAND: POST /session/2308dad0f2a7537c6be193a87bfcce7d/elements - {"using":"xpath","value":"//li[.//span[text()= \"Webshop Catalog\"]]"}
RESULT: {"using":"xpath","value":"//li[.//span[text()= \"Webshop Catalog\"]]"}
COMMAND: POST /session/2308dad0f2a7537c6be193a87bfcce7d/elements - {"using":"xpath","value":"//li[.//span[text()= \"Webshop Catalog\"]]"}
RESULT: {"using":"xpath","value":"//li[.//span[text()= \"Webshop Catalog\"]]"}
COMMAND: POST /session/2308dad0f2a7537c6be193a87bfcce7d/elements - {"using":"xpath","value":"//li[.//span[text()= \"Webshop Catalog\"]]"}
RESULT: {"using":"xpath","value":"//li[.//span[text()= \"Webshop Catalog\"]]"}
COMMAND: POST /session/2308dad0f2a7537c6be193a87bfcce7d/elements - {"using":"xpath","value":"//li[.//span[text()= \"Webshop Catalog\"]]"}
RESULT: {"using":"xpath","value":"//li[.//span[text()= \"Webshop Catalog\"]]"}
COMMAND: POST /session/2308dad0f2a7537c6be193a87bfcce7d/elements - {"using":"xpath","value":"//li[.//span[text()= \"Webshop Catalog\"]]"}
RESULT: {"using":"xpath","value":"//li[.//span[text()= \"Webshop Catalog\"]]"}
COMMAND: POST /session/2308dad0f2a7537c6be193a87bfcce7d/elements - {"using":"xpath","value":"//li[.//span[text()= \"Webshop Catalog\"]]"}
RESULT: {"using":"xpath","value":"//li[.//span[text()= \"Webshop Catalog\"]]"}
COMMAND: POST /session/2308dad0f2a7537c6be193a87bfcce7d/elements - {"using":"xpath","value":"//li[.//span[text()= \"Webshop Catalog\"]]"}
RESULT: {"using":"xpath","value":"//li[.//span[text()= \"Webshop Catalog\"]]"}
COMMAND: POST /session/2308dad0f2a7537c6be193a87bfcce7d/elements - {"using":"xpath","value":"//li[.//span[text()= \"Webshop Catalog\"]]"}
RESULT: {"using":"xpath","value":"//li[.//span[text()= \"Webshop Catalog\"]]"}
COMMAND: POST /session/2308dad0f2a7537c6be193a87bfcce7d/elements - {"using":"xpath","value":"//li[.//span[text()= \"Webshop Catalog\"]]"}
RESULT: {"using":"xpath","value":"//li[.//span[text()= \"Webshop Catalog\"]]"}
COMMAND: POST /session/2308dad0f2a7537c6be193a87bfcce7d/elements - {"using":"xpath","value":"//li[.//span[text()= \"Webshop Catalog\"]]"}
RESULT: {"using":"xpath","value":"//li[.//span[text()= \"Webshop Catalog\"]]"}
COMMAND: POST /session/2308dad0f2a7537c6be193a87bfcce7d/elements - {"using":"xpath","value":"//li[.//span[text()= \"Webshop Catalog\"]]"}
RESULT: {"using":"xpath","value":"//li[.//span[text()= \"Webshop Catalog\"]]"}
COMMAND: POST /session/2308dad0f2a7537c6be193a87bfcce7d/elements - {"using":"xpath","value":"//li[.//span[text()= \"Webshop Catalog\"]]"}
RESULT: {"using":"xpath","value":"//li[.//span[text()= \"Webshop Catalog\"]]"}
COMMAND: POST /session/2308dad0f2a7537c6be193a87bfcce7d/elements - {"using":"xpath","value":"//li[.//span[text()= \"Webshop Catalog\"]]"}
RESULT: {"using":"xpath","value":"//li[.//span[text()= \"Webshop Catalog\"]]"}
COMMAND: POST /session/2308dad0f2a7537c6be193a87bfcce7d/elements - {"using":"xpath","value":"//li[.//span[text()= \"Webshop Catalog\"]]"}
RESULT: {"using":"xpath","value":"//li[.//span[text()= \"Webshop Catalog\"]]"}
COMMAND: POST /session/2308dad0f2a7537c6be193a87bfcce7d/elements - {"using":"xpath","value":"//li[.//span[text()= \"Webshop Catalog\"]]"}
RESULT: {"using":"xpath","value":"//li[.//span[text()= \"Webshop Catalog\"]]"}
COMMAND: POST /session/2308dad0f2a7537c6be193a87bfcce7d/elements - {"using":"xpath","value":"//li[.//span[text()= \"Webshop Catalog\"]]"}
RESULT: {"using":"xpath","value":"//li[.//span[text()= \"Webshop Catalog\"]]"}
COMMAND: POST /session/2308dad0f2a7537c6be193a87bfcce7d/elements - {"using":"xpath","value":"//li[.//span[text()= \"Webshop Catalog\"]]"}
RESULT: {"using":"xpath","value":"//li[.//span[text()= \"Webshop Catalog\"]]"}
COMMAND: POST /session/2308dad0f2a7537c6be193a87bfcce7d/elements - {"using":"xpath","value":"//li[.//span[text()= \"Webshop Catalog\"]]"}
RESULT: {"using":"xpath","value":"//li[.//span[text()= \"Webshop Catalog\"]]"}
COMMAND: POST /session/2308dad0f2a7537c6be193a87bfcce7d/elements - {"using":"xpath","value":"//li[.//span[text()= \"Webshop Catalog\"]]"}
RESULT: {"using":"xpath","value":"//li[.//span[text()= \"Webshop Catalog\"]]"}
COMMAND: POST /session/2308dad0f2a7537c6be193a87bfcce7d/elements - {"using":"xpath","value":"//li[.//span[text()= \"Webshop Catalog\"]]"}
RESULT: {"using":"xpath","value":"//li[.//span[text()= \"Webshop Catalog\"]]"}
COMMAND: POST /session/2308dad0f2a7537c6be193a87bfcce7d/elements - {"using":"xpath","value":"//li[.//span[text()= \"Webshop Catalog\"]]"}
RESULT: {"using":"xpath","value":"//li[.//span[text()= \"Webshop Catalog\"]]"}
COMMAND: POST /session/2308dad0f2a7537c6be193a87bfcce7d/elements - {"using":"xpath","value":"//li[.//span[text()= \"Webshop Catalog\"]]"}
RESULT: {"using":"xpath","value":"//li[.//span[text()= \"Webshop Catalog\"]]"}
COMMAND: POST /session/2308dad0f2a7537c6be193a87bfcce7d/elements - {"using":"xpath","value":"//li[.//span[text()= \"Webshop Catalog\"]]"}
RESULT: {"using":"xpath","value":"//li[.//span[text()= \"Webshop Catalog\"]]"}
COMMAND: POST /session/2308dad0f2a7537c6be193a87bfcce7d/elements - {"using":"xpath","value":"//li[.//span[text()= \"Webshop Catalog\"]]"}
RESULT: {"using":"xpath","value":"//li[.//span[text()= \"Webshop Catalog\"]]"}
COMMAND: POST /session/2308dad0f2a7537c6be193a87bfcce7d/elements - {"using":"xpath","value":"//li[.//span[text()= \"Webshop Catalog\"]]"}
RESULT: {"using":"xpath","value":"//li[.//span[text()= \"Webshop Catalog\"]]"}
COMMAND: POST /session/2308dad0f2a7537c6be193a87bfcce7d/elements - {"using":"xpath","value":"//li[.//span[text()= \"Webshop Catalog\"]]"}
RESULT: {"using":"xpath","value":"//li[.//span[text()= \"Webshop Catalog\"]]"}
COMMAND: POST /session/2308dad0f2a7537c6be193a87bfcce7d/elements - {"using":"xpath","value":"//li[.//span[text()= \"Webshop Catalog\"]]"}
RESULT: {"using":"xpath","value":"//li[.//span[text()= \"Webshop Catalog\"]]"}
COMMAND: POST /session/2308dad0f2a7537c6be193a87bfcce7d/elements - {"using":"xpath","value":"//li[.//span[text()= \"Webshop Catalog\"]]"}
RESULT: {"using":"xpath","value":"//li[.//span[text()= \"Webshop Catalog\"]]"}
COMMAND: POST /session/2308dad0f2a7537c6be193a87bfcce7d/elements - {"using":"xpath","value":"//li[.//span[text()= \"Webshop Catalog\"]]"}
RESULT: {"using":"xpath","value":"//li[.//span[text()= \"Webshop Catalog\"]]"}
COMMAND: POST /session/2308dad0f2a7537c6be193a87bfcce7d/elements - {"using":"xpath","value":"//li[.//span[text()= \"Webshop Catalog\"]]"}
RESULT: {"using":"xpath","value":"//li[.//span[text()= \"Webshop Catalog\"]]"}
COMMAND: POST /session/2308dad0f2a7537c6be193a87bfcce7d/elements - {"using":"xpath","value":"//li[.//span[text()= \"Webshop Catalog\"]]"}
RESULT: {"using":"xpath","value":"//li[.//span[text()= \"Webshop Catalog\"]]"}
COMMAND: POST /session/2308dad0f2a7537c6be193a87bfcce7d/elements - {"using":"xpath","value":"//li[.//span[text()= \"Webshop Catalog\"]]"}
RESULT: {"using":"xpath","value":"//li[.//span[text()= \"Webshop Catalog\"]]"}
COMMAND: POST /session/2308dad0f2a7537c6be193a87bfcce7d/elements - {"using":"xpath","value":"//li[.//span[text()= \"Webshop Catalog\"]]"}
RESULT: {"using":"xpath","value":"//li[.//span[text()= \"Webshop Catalog\"]]"}
COMMAND: POST /session/2308dad0f2a7537c6be193a87bfcce7d/elements - {"using":"xpath","value":"//li[.//span[text()= \"Webshop Catalog\"]]"}
RESULT: {"using":"xpath","value":"//li[.//span[text()= \"Webshop Catalog\"]]"}
COMMAND: POST /session/2308dad0f2a7537c6be193a87bfcce7d/elements - {"using":"xpath","value":"//li[.//span[text()= \"Webshop Catalog\"]]"}
RESULT: {"using":"xpath","value":"//li[.//span[text()= \"Webshop Catalog\"]]"}
COMMAND: POST /session/2308dad0f2a7537c6be193a87bfcce7d/elements - {"using":"xpath","value":"//li[.//span[text()= \"Webshop Catalog\"]]"}
RESULT: {"using":"xpath","value":"//li[.//span[text()= \"Webshop Catalog\"]]"}
COMMAND: POST /session/2308dad0f2a7537c6be193a87bfcce7d/elements - {"using":"xpath","value":"//li[.//span[text()= \"Webshop Catalog\"]]"}
RESULT: {"using":"xpath","value":"//li[.//span[text()= \"Webshop Catalog\"]]"}
COMMAND: POST /session/2308dad0f2a7537c6be193a87bfcce7d/elements - {"using":"xpath","value":"//li[.//span[text()= \"Webshop Catalog\"]]"}
RESULT: {"using":"xpath","value":"//li[.//span[text()= \"Webshop Catalog\"]]"}
COMMAND: POST /session/2308dad0f2a7537c6be193a87bfcce7d/elements - {"using":"xpath","value":"//li[.//span[text()= \"Webshop Catalog\"]]"}
RESULT: {"using":"xpath","value":"//li[.//span[text()= \"Webshop Catalog\"]]"}
COMMAND: POST /session/2308dad0f2a7537c6be193a87bfcce7d/elements - {"using":"xpath","value":"//li[.//span[text()= \"Webshop Catalog\"]]"}
RESULT: {"using":"xpath","value":"//li[.//span[text()= \"Webshop Catalog\"]]"}
COMMAND: POST /session/2308dad0f2a7537c6be193a87bfcce7d/elements - {"using":"xpath","value":"//li[.//span[text()= \"Webshop Catalog\"]]"}
RESULT: {"using":"xpath","value":"//li[.//span[text()= \"Webshop Catalog\"]]"}
COMMAND: POST /session/2308dad0f2a7537c6be193a87bfcce7d/elements - {"using":"xpath","value":"//li[.//span[text()= \"Webshop Catalog\"]]"}
RESULT: {"using":"xpath","value":"//li[.//span[text()= \"Webshop Catalog\"]]"}
COMMAND: POST /session/2308dad0f2a7537c6be193a87bfcce7d/elements - {"using":"xpath","value":"//li[.//span[text()= \"Webshop Catalog\"]]"}
RESULT: {"using":"xpath","value":"//li[.//span[text()= \"Webshop Catalog\"]]"}
COMMAND: POST /session/2308dad0f2a7537c6be193a87bfcce7d/elements - {"using":"xpath","value":"//li[.//span[text()= \"Webshop Catalog\"]]"}
RESULT: {"using":"xpath","value":"//li[.//span[text()= \"Webshop Catalog\"]]"}
COMMAND: POST /session/2308dad0f2a7537c6be193a87bfcce7d/elements - {"using":"xpath","value":"//li[.//span[text()= \"Webshop Catalog\"]]"}
RESULT: {"using":"xpath","value":"//li[.//span[text()= \"Webshop Catalog\"]]"}
COMMAND: POST /session/2308dad0f2a7537c6be193a87bfcce7d/elements - {"using":"xpath","value":"//li[.//span[text()= \"Webshop Catalog\"]]"}
RESULT: {"using":"xpath","value":"//li[.//span[text()= \"Webshop Catalog\"]]"}
COMMAND: POST /session/2308dad0f2a7537c6be193a87bfcce7d/elements - {"using":"xpath","value":"//li[.//span[text()= \"Webshop Catalog\"]]"}
RESULT: {"using":"xpath","value":"//li[.//span[text()= \"Webshop Catalog\"]]"}
COMMAND: POST /session/2308dad0f2a7537c6be193a87bfcce7d/elements - {"using":"xpath","value":"//li[.//span[text()= \"Webshop Catalog\"]]"}
RESULT: {"using":"xpath","value":"//li[.//span[text()= \"Webshop Catalog\"]]"}
COMMAND: POST /session/2308dad0f2a7537c6be193a87bfcce7d/elements - {"using":"xpath","value":"//li[.//span[text()= \"Webshop Catalog\"]]"}
RESULT: {"using":"xpath","value":"//li[.//span[text()= \"Webshop Catalog\"]]"}
COMMAND: POST /session/2308dad0f2a7537c6be193a87bfcce7d/elements - {"using":"xpath","value":"//li[.//span[text()= \"Webshop Catalog\"]]"}
RESULT: {"using":"xpath","value":"//li[.//span[text()= \"Webshop Catalog\"]]"}
COMMAND: POST /session/2308dad0f2a7537c6be193a87bfcce7d/elements - {"using":"xpath","value":"//li[.//span[text()= \"Webshop Catalog\"]]"}
RESULT: {"using":"xpath","value":"//li[.//span[text()= \"Webshop Catalog\"]]"}
COMMAND: POST /session/2308dad0f2a7537c6be193a87bfcce7d/elements - {"using":"xpath","value":"//li[.//span[text()= \"Webshop Catalog\"]]"}
RESULT: {"using":"xpath","value":"//li[.//span[text()= \"Webshop Catalog\"]]"}
COMMAND: POST /session/2308dad0f2a7537c6be193a87bfcce7d/elements - {"using":"xpath","value":"//li[.//span[text()= \"Webshop Catalog\"]]"}
RESULT: {"using":"xpath","value":"//li[.//span[text()= \"Webshop Catalog\"]]"}
COMMAND: GET /session/2308dad0f2a7537c6be193a87bfcce7d/screenshot - {}
RESULT: {}
COMMAND: GET /session/2308dad0f2a7537c6be193a87bfcce7d/screenshot - {}
COMMAND: GET /session/2308dad0f2a7537c6be193a87bfcce7d/screenshot - {}
RESULT: {}
RESULT: {}
COMMAND: DELETE /session/2308dad0f2a7537c6be193a87bfcce7d - {}
RESULT: {}
]]></system-out>
      <system-err><![CDATA[
Error: Can't call click on element with selector "//li[.//span[text()= "Webshop Catalog"]]" because element wasn't found
    at async UtilsPrerequisites.partnerCreation (D:\a\1\s\test\specs\BTS\prerequisites-and-utils-functions.js:518:13)
    at async Context.<anonymous> (D:\a\1\s\test\specs\BTS\create-partner.spec.js:43:47)
]]></system-err>
    </testcase>
  </testsuite>
</testsuites>