<?xml version="1.0" encoding="UTF-8"?>
<testsuites tests="10" failures="0" errors="0" skipped="0">
  <testsuite timestamp="2025-06-04T05:20:18" time="460.774" tests="4" failures="0" errors="0" skipped="0">
    <properties>
      <property name="specId" value="0" />
      <property name="suiteName" value="ISC Template - Time schedule US156099" />
      <property name="capabilities" value="chrome.136_0_7103_93.windows" />
      <property name="file" value="file:///D:/a/1/s/test/specs/ISC/isc-template-time-schedule.spec.js" />
    </properties>
    <testcase classname="chrome.136_0_7103_93.windows.ISC_Template_-_Time_schedule_US156099" name="Should verify if the yard has the currency and the storage location assigned" time="76.489">
      <system-out><![CDATA[
COMMAND: POST /session/d2c3ab5fa88eeda4f21600bf1305f742/execute/async - {"script":"<script> [1562 bytes]","args":[{"selector":{"controlType":"sap.m.GenericTile","properties":{"header":"Manage Yards"}},"wdio_ui5_key":"sapm.GenericTile{\"header\":\"Manage Yards\"}"}]}
RESULT: {"script":"<script> [1562 bytes]","args":[{"selector":{"controlType":"sap.m.GenericTile","properties":{"header":"Manage Yards"}},"wdio_ui5_key":"sapm.GenericTile{\"header\":\"Manage Yards\"}"}]}
RESULT: undefined
COMMAND: POST /session/d2c3ab5fa88eeda4f21600bf1305f742/element - {"using":"xpath","value":"//*[@id=\"__tile41\"]"}
RESULT: {"using":"xpath","value":"//*[@id=\"__tile41\"]"}
COMMAND: POST /session/d2c3ab5fa88eeda4f21600bf1305f742/element/f.57742D1BD268DE26C52E0F1C75EE3A9C.d.AF39DDD772CC25131E519EAA12B492E9.e.128/click - {}
RESULT: {}
COMMAND: GET /session/d2c3ab5fa88eeda4f21600bf1305f742/screenshot - {}
RESULT: {}
COMMAND: POST /session/d2c3ab5fa88eeda4f21600bf1305f742/elements - {"using":"xpath","value":"//span[text()='Error']"}
RESULT: {"using":"xpath","value":"//span[text()='Error']"}
COMMAND: POST /session/d2c3ab5fa88eeda4f21600bf1305f742/element - {"using":"xpath","value":"//input[contains(@id ,\"application-manageyards-display-component---masterYard--smartFilterBar-btnBasicSearch\")]"}
RESULT: {"using":"xpath","value":"//input[contains(@id ,\"application-manageyards-display-component---masterYard--smartFilterBar-btnBasicSearch\")]"}
COMMAND: POST /session/d2c3ab5fa88eeda4f21600bf1305f742/elements - {"using":"xpath","value":"//input[contains(@id ,\"application-manageyards-display-component---masterYard--smartFilterBar-btnBasicSearch\")]"}
RESULT: {"using":"xpath","value":"//input[contains(@id ,\"application-manageyards-display-component---masterYard--smartFilterBar-btnBasicSearch\")]"}
COMMAND: POST /session/d2c3ab5fa88eeda4f21600bf1305f742/elements - {"using":"xpath","value":"//input[contains(@id ,\"application-manageyards-display-component---masterYard--smartFilterBar-btnBasicSearch\")]"}
RESULT: {"using":"xpath","value":"//input[contains(@id ,\"application-manageyards-display-component---masterYard--smartFilterBar-btnBasicSearch\")]"}
COMMAND: POST /session/d2c3ab5fa88eeda4f21600bf1305f742/elements - {"using":"xpath","value":"//input[contains(@id ,\"application-manageyards-display-component---masterYard--smartFilterBar-btnBasicSearch\")]"}
RESULT: {"using":"xpath","value":"//input[contains(@id ,\"application-manageyards-display-component---masterYard--smartFilterBar-btnBasicSearch\")]"}
COMMAND: POST /session/d2c3ab5fa88eeda4f21600bf1305f742/element - {"using":"xpath","value":"//input[contains(@id ,\"application-manageyards-display-component---masterYard--smartFilterBar-btnBasicSearch\")]"}
RESULT: {"using":"xpath","value":"//input[contains(@id ,\"application-manageyards-display-component---masterYard--smartFilterBar-btnBasicSearch\")]"}
COMMAND: POST /session/d2c3ab5fa88eeda4f21600bf1305f742/element/f.57742D1BD268DE26C52E0F1C75EE3A9C.d.AF39DDD772CC25131E519EAA12B492E9.e.153/clear - {}
RESULT: {}
COMMAND: POST /session/d2c3ab5fa88eeda4f21600bf1305f742/element/f.57742D1BD268DE26C52E0F1C75EE3A9C.d.AF39DDD772CC25131E519EAA12B492E9.e.153/value - {"text":"109"}
COMMAND: GET /session/d2c3ab5fa88eeda4f21600bf1305f742/screenshot - {}
RESULT: {}
RESULT: {"text":"109"}
COMMAND: POST /session/d2c3ab5fa88eeda4f21600bf1305f742/actions - {"actions":[{"id":"action1","type":"key","parameters":{},"actions":[{"type":"keyDown","value":"î€‡"},{"type":"pause","duration":10},{"type":"keyUp","value":"î€‡"}]}]}
COMMAND: GET /session/d2c3ab5fa88eeda4f21600bf1305f742/screenshot - {}
RESULT: {"actions":[{"id":"action1","type":"key","parameters":{},"actions":[{"type":"keyDown","value":"î€‡"},{"type":"pause","duration":10},{"type":"keyUp","value":"î€‡"}]}]}
COMMAND: GET /session/d2c3ab5fa88eeda4f21600bf1305f742/screenshot - {}
RESULT: {}
RESULT: {}
COMMAND: POST /session/d2c3ab5fa88eeda4f21600bf1305f742/execute/async - {"script":"<script> [1562 bytes]","args":[{"selector":{"controlType":"sap.ui.core.Icon","viewName":"etm.portal.ui.manageyards.view.Master","viewId":"application-manageyards-display-component---masterYard","properties":{"src":{"regex":{"source":"slim\\-arrow\\-right"}}}},"wdio_ui5_key":"etmportal.ui.manageyards.view.Mastersap.ui.core.Icon{\"src\":{\"regex\":{\"source\":\"slim\\\\-arrow\\\\-right\"}}}"}]}
RESULT: {"script":"<script> [1562 bytes]","args":[{"selector":{"controlType":"sap.ui.core.Icon","viewName":"etm.portal.ui.manageyards.view.Master","viewId":"application-manageyards-display-component---masterYard","properties":{"src":{"regex":{"source":"slim\\-arrow\\-right"}}}},"wdio_ui5_key":"etmportal.ui.manageyards.view.Mastersap.ui.core.Icon{\"src\":{\"regex\":{\"source\":\"slim\\\\-arrow\\\\-right\"}}}"}]}
RESULT: undefined
COMMAND: POST /session/d2c3ab5fa88eeda4f21600bf1305f742/element - {"using":"xpath","value":"//*[@id=\"__item22-__clone19-imgNav\"]"}
RESULT: {"using":"xpath","value":"//*[@id=\"__item22-__clone19-imgNav\"]"}
COMMAND: POST /session/d2c3ab5fa88eeda4f21600bf1305f742/element/f.57742D1BD268DE26C52E0F1C75EE3A9C.d.AF39DDD772CC25131E519EAA12B492E9.e.315/click - {}
RESULT: {}
COMMAND: GET /session/d2c3ab5fa88eeda4f21600bf1305f742/screenshot - {}
RESULT: {}
COMMAND: POST /session/d2c3ab5fa88eeda4f21600bf1305f742/execute/async - {"script":"<script> [1562 bytes]","args":[{"selector":{"controlType":"sap.m.Button","viewName":"etm.portal.ui.manageyards.view.Detail","viewId":"application-manageyards-display-component---detailYard","properties":{"text":"Commercial"},"interaction":{"idSuffix":"BDI-content"}},"wdio_ui5_key":"etmportal.ui.manageyards.view.Detailsap.m.Button{\"text\":\"Commercial\"}"}]}
RESULT: {"script":"<script> [1562 bytes]","args":[{"selector":{"controlType":"sap.m.Button","viewName":"etm.portal.ui.manageyards.view.Detail","viewId":"application-manageyards-display-component---detailYard","properties":{"text":"Commercial"},"interaction":{"idSuffix":"BDI-content"}},"wdio_ui5_key":"etmportal.ui.manageyards.view.Detailsap.m.Button{\"text\":\"Commercial\"}"}]}
RESULT: undefined
COMMAND: POST /session/d2c3ab5fa88eeda4f21600bf1305f742/element - {"using":"xpath","value":"//*[@id=\"application-manageyards-display-component---detailYard--ObjectPageLayout-anchBar-__section5-anchor\"]"}
RESULT: {"using":"xpath","value":"//*[@id=\"application-manageyards-display-component---detailYard--ObjectPageLayout-anchBar-__section5-anchor\"]"}
COMMAND: POST /session/d2c3ab5fa88eeda4f21600bf1305f742/element/f.57742D1BD268DE26C52E0F1C75EE3A9C.d.AF39DDD772CC25131E519EAA12B492E9.e.440/click - {}
RESULT: {}
COMMAND: GET /session/d2c3ab5fa88eeda4f21600bf1305f742/screenshot - {}
RESULT: {}
COMMAND: POST /session/d2c3ab5fa88eeda4f21600bf1305f742/element - {"using":"xpath","value":"//span[contains(text(), \"Euro\")]"}
RESULT: {"using":"xpath","value":"//span[contains(text(), \"Euro\")]"}
COMMAND: POST /session/d2c3ab5fa88eeda4f21600bf1305f742/element - {"using":"xpath","value":"//span[contains(text(), \"0010\")]"}
RESULT: {"using":"xpath","value":"//span[contains(text(), \"0010\")]"}
COMMAND: POST /session/d2c3ab5fa88eeda4f21600bf1305f742/execute/sync - {"script":"<script> [8489 bytes]","args":[{"element-6066-11e4-a52e-4f735466cecf":"f.57742D1BD268DE26C52E0F1C75EE3A9C.d.AF39DDD772CC25131E519EAA12B492E9.e.449","ELEMENT":"f.57742D1BD268DE26C52E0F1C75EE3A9C.d.AF39DDD772CC25131E519EAA12B492E9.e.449"}]}
RESULT: {"script":"<script> [8489 bytes]","args":[{"element-6066-11e4-a52e-4f735466cecf":"f.57742D1BD268DE26C52E0F1C75EE3A9C.d.AF39DDD772CC25131E519EAA12B492E9.e.449","ELEMENT":"f.57742D1BD268DE26C52E0F1C75EE3A9C.d.AF39DDD772CC25131E519EAA12B492E9.e.449"}]}
COMMAND: POST /session/d2c3ab5fa88eeda4f21600bf1305f742/execute/sync - {"script":"<script> [8489 bytes]","args":[{"element-6066-11e4-a52e-4f735466cecf":"f.57742D1BD268DE26C52E0F1C75EE3A9C.d.AF39DDD772CC25131E519EAA12B492E9.e.450","ELEMENT":"f.57742D1BD268DE26C52E0F1C75EE3A9C.d.AF39DDD772CC25131E519EAA12B492E9.e.450"}]}
COMMAND: GET /session/d2c3ab5fa88eeda4f21600bf1305f742/screenshot - {}
RESULT: {"script":"<script> [8489 bytes]","args":[{"element-6066-11e4-a52e-4f735466cecf":"f.57742D1BD268DE26C52E0F1C75EE3A9C.d.AF39DDD772CC25131E519EAA12B492E9.e.450","ELEMENT":"f.57742D1BD268DE26C52E0F1C75EE3A9C.d.AF39DDD772CC25131E519EAA12B492E9.e.450"}]}
COMMAND: POST /session/d2c3ab5fa88eeda4f21600bf1305f742/element - {"using":"css selector","value":"#shell-header-logo"}
COMMAND: GET /session/d2c3ab5fa88eeda4f21600bf1305f742/screenshot - {}
RESULT: {}
RESULT: {"using":"css selector","value":"#shell-header-logo"}
COMMAND: POST /session/d2c3ab5fa88eeda4f21600bf1305f742/element/f.57742D1BD268DE26C52E0F1C75EE3A9C.d.AF39DDD772CC25131E519EAA12B492E9.e.132/click - {}
RESULT: {}
RESULT: {}
COMMAND: GET /session/d2c3ab5fa88eeda4f21600bf1305f742/screenshot - {}
RESULT: {}
COMMAND: POST /session/d2c3ab5fa88eeda4f21600bf1305f742/refresh - {}
RESULT: {}
COMMAND: GET /session/d2c3ab5fa88eeda4f21600bf1305f742/screenshot - {}
RESULT: {}
COMMAND: POST /session/d2c3ab5fa88eeda4f21600bf1305f742/execute/async - {"script":"<script> [189 bytes]","args":[]}
RESULT: {"script":"<script> [189 bytes]","args":[]}
COMMAND: POST /session/d2c3ab5fa88eeda4f21600bf1305f742/execute/async - {"script":"<script> [123 bytes]","args":[]}
RESULT: {"script":"<script> [123 bytes]","args":[]}
COMMAND: POST /session/d2c3ab5fa88eeda4f21600bf1305f742/timeouts - {"script":"<number>"}
RESULT: {"script":"<number>"}
COMMAND: GET /session/d2c3ab5fa88eeda4f21600bf1305f742/timeouts - {}
RESULT: {}
RESULT: undefined
COMMAND: POST /session/d2c3ab5fa88eeda4f21600bf1305f742/execute/async - {"script":"<script> [2676 bytes]","args":[]}
RESULT: {"script":"<script> [2676 bytes]","args":[]}
COMMAND: POST /session/d2c3ab5fa88eeda4f21600bf1305f742/execute/async - {"script":"<script> [2342 bytes]","args":[{"protocol":"http","hostname":"0.0.0.0","path":"/","capabilities":{"browserName":"chrome","goog:chromeOptions":{"binary":"C:\\Program Files\\Google\\Chrome\\Application\\chrome.exe","args":["--start-maximized"]}},"logLevel":"warn","connectionRetryTimeout":120000,"connectionRetryCount":3,"logLevels":{},"enableDirectConnect":true,"strictSSL":true,"_":"65 more keys: [\"cacheDir\",\"port\",\"requestedCapabilities\",\"automationProtocol\",\"baseUrl\",\"waitforInterval\",\"waitforTimeout\",\"onReload\",\"beforeCommand\",\"afterCommand\",\"rootDir\",\"specs\",\"suites\",\"exclude\",\"groupLogsByTestSpec\",\"excludeDriverLogs\",\"bail\",\"framework\",\"reporters\",\"services\",\"maxInstances\",\"maxInstancesPerCapability\",\"injectGlobals\",\"filesToWatch\",\"execArgv\",\"runnerEnv\",\"runner\",\"shard\",\"specFileRetries\",\"specFileRetriesDelay\",\"specFileRetriesDeferred\",\"reporterSyncInterval\",\"reporterSyncTimeout\",\"cucumberFeaturesWithLineNumbers\",\"autoCompileOpts\",\"mochaOpts\",\"jasmineOpts\",\"cucumberOpts\",\"onPrepare\",\"onWorkerStart\",\"onWorkerEnd\",\"before\",\"beforeSession\",\"beforeSuite\",\"beforeHook\",\"beforeTest\",\"afterTest\",\"afterHook\",\"afterSuite\",\"afterSession\",\"after\",\"onComplete\",\"beforeAssertion\",\"afterAssertion\",\"beforeFeature\",\"beforeScenario\",\"beforeStep\",\"afterStep\",\"afterScenario\",\"afterFeature\",\"_\",\"suite\",\"$0\",\"ignoredWorkerServices\",\"wdi5\"]"}]}
RESULT: {"script":"<script> [2342 bytes]","args":[{"protocol":"http","hostname":"0.0.0.0","path":"/","capabilities":{"browserName":"chrome","goog:chromeOptions":{"binary":"C:\\Program Files\\Google\\Chrome\\Application\\chrome.exe","args":["--start-maximized"]}},"logLevel":"warn","connectionRetryTimeout":120000,"connectionRetryCount":3,"logLevels":{},"enableDirectConnect":true,"strictSSL":true,"_":"65 more keys: [\"cacheDir\",\"port\",\"requestedCapabilities\",\"automationProtocol\",\"baseUrl\",\"waitforInterval\",\"waitforTimeout\",\"onReload\",\"beforeCommand\",\"afterCommand\",\"rootDir\",\"specs\",\"suites\",\"exclude\",\"groupLogsByTestSpec\",\"excludeDriverLogs\",\"bail\",\"framework\",\"reporters\",\"services\",\"maxInstances\",\"maxInstancesPerCapability\",\"injectGlobals\",\"filesToWatch\",\"execArgv\",\"runnerEnv\",\"runner\",\"shard\",\"specFileRetries\",\"specFileRetriesDelay\",\"specFileRetriesDeferred\",\"reporterSyncInterval\",\"reporterSyncTimeout\",\"cucumberFeaturesWithLineNumbers\",\"autoCompileOpts\",\"mochaOpts\",\"jasmineOpts\",\"cucumberOpts\",\"onPrepare\",\"onWorkerStart\",\"onWorkerEnd\",\"before\",\"beforeSession\",\"beforeSuite\",\"beforeHook\",\"beforeTest\",\"afterTest\",\"afterHook\",\"afterSuite\",\"afterSession\",\"after\",\"onComplete\",\"beforeAssertion\",\"afterAssertion\",\"beforeFeature\",\"beforeScenario\",\"beforeStep\",\"afterStep\",\"afterScenario\",\"afterFeature\",\"_\",\"suite\",\"$0\",\"ignoredWorkerServices\",\"wdi5\"]"}]}
COMMAND: POST /session/d2c3ab5fa88eeda4f21600bf1305f742/execute/async - {"script":"<script> [21126 bytes]","args":[35000]}
RESULT: {"script":"<script> [21126 bytes]","args":[35000]}
]]></system-out>
    </testcase>
    <testcase classname="chrome.136_0_7103_93.windows.ISC_Template_-_Time_schedule_US156099" name="Should add the material link" time="70.79">
      <system-out><![CDATA[
COMMAND: POST /session/d2c3ab5fa88eeda4f21600bf1305f742/execute/async - {"script":"<script> [1562 bytes]","args":[{"selector":{"controlType":"sap.m.GenericTile","properties":{"header":"Manage Resources"}},"wdio_ui5_key":"sapm.GenericTile{\"header\":\"Manage Resources\"}"}]}
RESULT: {"script":"<script> [1562 bytes]","args":[{"selector":{"controlType":"sap.m.GenericTile","properties":{"header":"Manage Resources"}},"wdio_ui5_key":"sapm.GenericTile{\"header\":\"Manage Resources\"}"}]}
RESULT: undefined
COMMAND: POST /session/d2c3ab5fa88eeda4f21600bf1305f742/element - {"using":"xpath","value":"//*[@id=\"__tile39\"]"}
RESULT: {"using":"xpath","value":"//*[@id=\"__tile39\"]"}
COMMAND: POST /session/d2c3ab5fa88eeda4f21600bf1305f742/element/f.57742D1BD268DE26C52E0F1C75EE3A9C.d.86560F00C91C687C030D4F1C5E2AA926.e.472/click - {}
RESULT: {}
COMMAND: GET /session/d2c3ab5fa88eeda4f21600bf1305f742/screenshot - {}
RESULT: {}
COMMAND: POST /session/d2c3ab5fa88eeda4f21600bf1305f742/elements - {"using":"xpath","value":"//span[text()='Error']"}
RESULT: {"using":"xpath","value":"//span[text()='Error']"}
COMMAND: POST /session/d2c3ab5fa88eeda4f21600bf1305f742/element - {"using":"xpath","value":"//input[contains(@id ,\"application-manageresources-display-component---masterRU--smartFilterBar-btnBasicSearch-I\")]"}
RESULT: {"using":"xpath","value":"//input[contains(@id ,\"application-manageresources-display-component---masterRU--smartFilterBar-btnBasicSearch-I\")]"}
COMMAND: POST /session/d2c3ab5fa88eeda4f21600bf1305f742/element/f.57742D1BD268DE26C52E0F1C75EE3A9C.d.86560F00C91C687C030D4F1C5E2AA926.e.492/value - {"text":"200013"}
RESULT: {"text":"200013"}
COMMAND: GET /session/d2c3ab5fa88eeda4f21600bf1305f742/screenshot - {}
RESULT: {}
COMMAND: POST /session/d2c3ab5fa88eeda4f21600bf1305f742/actions - {"actions":[{"id":"action2","type":"key","parameters":{},"actions":[{"type":"keyDown","value":"î€‡"},{"type":"pause","duration":10},{"type":"keyUp","value":"î€‡"}]}]}
RESULT: {"actions":[{"id":"action2","type":"key","parameters":{},"actions":[{"type":"keyDown","value":"î€‡"},{"type":"pause","duration":10},{"type":"keyUp","value":"î€‡"}]}]}
COMMAND: GET /session/d2c3ab5fa88eeda4f21600bf1305f742/screenshot - {}
RESULT: {}
COMMAND: POST /session/d2c3ab5fa88eeda4f21600bf1305f742/execute/async - {"script":"<script> [1562 bytes]","args":[{"selector":{"controlType":"sap.ui.core.Icon","viewName":"etm.portal.ui.manageresources.view.Master","viewId":"application-manageresources-display-component---masterRU","properties":{"src":{"regex":{"source":"slim\\-arrow\\-right"}}}},"wdio_ui5_key":"etmportal.ui.manageresources.view.Mastersap.ui.core.Icon{\"src\":{\"regex\":{\"source\":\"slim\\\\-arrow\\\\-right\"}}}"}]}
RESULT: {"script":"<script> [1562 bytes]","args":[{"selector":{"controlType":"sap.ui.core.Icon","viewName":"etm.portal.ui.manageresources.view.Master","viewId":"application-manageresources-display-component---masterRU","properties":{"src":{"regex":{"source":"slim\\-arrow\\-right"}}}},"wdio_ui5_key":"etmportal.ui.manageresources.view.Mastersap.ui.core.Icon{\"src\":{\"regex\":{\"source\":\"slim\\\\-arrow\\\\-right\"}}}"}]}
RESULT: undefined
COMMAND: POST /session/d2c3ab5fa88eeda4f21600bf1305f742/element - {"using":"xpath","value":"//*[@id=\"__item35-__clone109-imgNav\"]"}
RESULT: {"using":"xpath","value":"//*[@id=\"__item35-__clone109-imgNav\"]"}
COMMAND: POST /session/d2c3ab5fa88eeda4f21600bf1305f742/element/f.57742D1BD268DE26C52E0F1C75EE3A9C.d.86560F00C91C687C030D4F1C5E2AA926.e.664/click - {}
RESULT: {}
COMMAND: GET /session/d2c3ab5fa88eeda4f21600bf1305f742/screenshot - {}
RESULT: {}
COMMAND: POST /session/d2c3ab5fa88eeda4f21600bf1305f742/element - {"using":"xpath","value":"//*[contains(@data-kt ,\"materialNoLink\")][contains(text(), \"1000100022\")]"}
RESULT: {"using":"xpath","value":"//*[contains(@data-kt ,\"materialNoLink\")][contains(text(), \"1000100022\")]"}
COMMAND: POST /session/d2c3ab5fa88eeda4f21600bf1305f742/execute/sync - {"script":"<script> [8489 bytes]","args":[{"element-6066-11e4-a52e-4f735466cecf":"f.57742D1BD268DE26C52E0F1C75EE3A9C.d.86560F00C91C687C030D4F1C5E2AA926.e.813","ELEMENT":"f.57742D1BD268DE26C52E0F1C75EE3A9C.d.86560F00C91C687C030D4F1C5E2AA926.e.813"}]}
RESULT: {"script":"<script> [8489 bytes]","args":[{"element-6066-11e4-a52e-4f735466cecf":"f.57742D1BD268DE26C52E0F1C75EE3A9C.d.86560F00C91C687C030D4F1C5E2AA926.e.813","ELEMENT":"f.57742D1BD268DE26C52E0F1C75EE3A9C.d.86560F00C91C687C030D4F1C5E2AA926.e.813"}]}
COMMAND: POST /session/d2c3ab5fa88eeda4f21600bf1305f742/element - {"using":"css selector","value":"#shell-header-logo"}
COMMAND: GET /session/d2c3ab5fa88eeda4f21600bf1305f742/screenshot - {}
RESULT: {"using":"css selector","value":"#shell-header-logo"}
COMMAND: POST /session/d2c3ab5fa88eeda4f21600bf1305f742/element/f.57742D1BD268DE26C52E0F1C75EE3A9C.d.86560F00C91C687C030D4F1C5E2AA926.e.474/click - {}
RESULT: {}
RESULT: {}
COMMAND: GET /session/d2c3ab5fa88eeda4f21600bf1305f742/screenshot - {}
RESULT: {}
COMMAND: POST /session/d2c3ab5fa88eeda4f21600bf1305f742/refresh - {}
RESULT: {}
COMMAND: GET /session/d2c3ab5fa88eeda4f21600bf1305f742/screenshot - {}
RESULT: {}
COMMAND: POST /session/d2c3ab5fa88eeda4f21600bf1305f742/execute/async - {"script":"<script> [189 bytes]","args":[]}
RESULT: {"script":"<script> [189 bytes]","args":[]}
COMMAND: POST /session/d2c3ab5fa88eeda4f21600bf1305f742/execute/async - {"script":"<script> [123 bytes]","args":[]}
RESULT: {"script":"<script> [123 bytes]","args":[]}
COMMAND: POST /session/d2c3ab5fa88eeda4f21600bf1305f742/timeouts - {"script":"<number>"}
RESULT: {"script":"<number>"}
COMMAND: GET /session/d2c3ab5fa88eeda4f21600bf1305f742/timeouts - {}
RESULT: {}
RESULT: undefined
COMMAND: POST /session/d2c3ab5fa88eeda4f21600bf1305f742/execute/async - {"script":"<script> [2676 bytes]","args":[]}
RESULT: {"script":"<script> [2676 bytes]","args":[]}
COMMAND: POST /session/d2c3ab5fa88eeda4f21600bf1305f742/execute/async - {"script":"<script> [2342 bytes]","args":[{"protocol":"http","hostname":"0.0.0.0","path":"/","capabilities":{"browserName":"chrome","goog:chromeOptions":{"binary":"C:\\Program Files\\Google\\Chrome\\Application\\chrome.exe","args":["--start-maximized"]}},"logLevel":"warn","connectionRetryTimeout":120000,"connectionRetryCount":3,"logLevels":{},"enableDirectConnect":true,"strictSSL":true,"_":"65 more keys: [\"cacheDir\",\"port\",\"requestedCapabilities\",\"automationProtocol\",\"baseUrl\",\"waitforInterval\",\"waitforTimeout\",\"onReload\",\"beforeCommand\",\"afterCommand\",\"rootDir\",\"specs\",\"suites\",\"exclude\",\"groupLogsByTestSpec\",\"excludeDriverLogs\",\"bail\",\"framework\",\"reporters\",\"services\",\"maxInstances\",\"maxInstancesPerCapability\",\"injectGlobals\",\"filesToWatch\",\"execArgv\",\"runnerEnv\",\"runner\",\"shard\",\"specFileRetries\",\"specFileRetriesDelay\",\"specFileRetriesDeferred\",\"reporterSyncInterval\",\"reporterSyncTimeout\",\"cucumberFeaturesWithLineNumbers\",\"autoCompileOpts\",\"mochaOpts\",\"jasmineOpts\",\"cucumberOpts\",\"onPrepare\",\"onWorkerStart\",\"onWorkerEnd\",\"before\",\"beforeSession\",\"beforeSuite\",\"beforeHook\",\"beforeTest\",\"afterTest\",\"afterHook\",\"afterSuite\",\"afterSession\",\"after\",\"onComplete\",\"beforeAssertion\",\"afterAssertion\",\"beforeFeature\",\"beforeScenario\",\"beforeStep\",\"afterStep\",\"afterScenario\",\"afterFeature\",\"_\",\"suite\",\"$0\",\"ignoredWorkerServices\",\"wdi5\"]"}]}
RESULT: {"script":"<script> [2342 bytes]","args":[{"protocol":"http","hostname":"0.0.0.0","path":"/","capabilities":{"browserName":"chrome","goog:chromeOptions":{"binary":"C:\\Program Files\\Google\\Chrome\\Application\\chrome.exe","args":["--start-maximized"]}},"logLevel":"warn","connectionRetryTimeout":120000,"connectionRetryCount":3,"logLevels":{},"enableDirectConnect":true,"strictSSL":true,"_":"65 more keys: [\"cacheDir\",\"port\",\"requestedCapabilities\",\"automationProtocol\",\"baseUrl\",\"waitforInterval\",\"waitforTimeout\",\"onReload\",\"beforeCommand\",\"afterCommand\",\"rootDir\",\"specs\",\"suites\",\"exclude\",\"groupLogsByTestSpec\",\"excludeDriverLogs\",\"bail\",\"framework\",\"reporters\",\"services\",\"maxInstances\",\"maxInstancesPerCapability\",\"injectGlobals\",\"filesToWatch\",\"execArgv\",\"runnerEnv\",\"runner\",\"shard\",\"specFileRetries\",\"specFileRetriesDelay\",\"specFileRetriesDeferred\",\"reporterSyncInterval\",\"reporterSyncTimeout\",\"cucumberFeaturesWithLineNumbers\",\"autoCompileOpts\",\"mochaOpts\",\"jasmineOpts\",\"cucumberOpts\",\"onPrepare\",\"onWorkerStart\",\"onWorkerEnd\",\"before\",\"beforeSession\",\"beforeSuite\",\"beforeHook\",\"beforeTest\",\"afterTest\",\"afterHook\",\"afterSuite\",\"afterSession\",\"after\",\"onComplete\",\"beforeAssertion\",\"afterAssertion\",\"beforeFeature\",\"beforeScenario\",\"beforeStep\",\"afterStep\",\"afterScenario\",\"afterFeature\",\"_\",\"suite\",\"$0\",\"ignoredWorkerServices\",\"wdi5\"]"}]}
COMMAND: POST /session/d2c3ab5fa88eeda4f21600bf1305f742/execute/async - {"script":"<script> [21126 bytes]","args":[35000]}
RESULT: {"script":"<script> [21126 bytes]","args":[35000]}
]]></system-out>
    </testcase>
    <testcase classname="chrome.136_0_7103_93.windows.ISC_Template_-_Time_schedule_US156099" name="Should create a condition for the spare part" time="60.851">
      <system-out><![CDATA[
COMMAND: POST /session/d2c3ab5fa88eeda4f21600bf1305f742/execute/async - {"script":"<script> [1562 bytes]","args":[{"selector":{"controlType":"sap.m.GenericTile","properties":{"header":"Manage Conditions & Prices"}},"wdio_ui5_key":"sapm.GenericTile{\"header\":\"Manage Conditions & Prices\"}"}]}
RESULT: {"script":"<script> [1562 bytes]","args":[{"selector":{"controlType":"sap.m.GenericTile","properties":{"header":"Manage Conditions & Prices"}},"wdio_ui5_key":"sapm.GenericTile{\"header\":\"Manage Conditions & Prices\"}"}]}
RESULT: undefined
COMMAND: POST /session/d2c3ab5fa88eeda4f21600bf1305f742/element - {"using":"xpath","value":"//*[@id=\"__tile53\"]"}
RESULT: {"using":"xpath","value":"//*[@id=\"__tile53\"]"}
COMMAND: POST /session/d2c3ab5fa88eeda4f21600bf1305f742/element/f.57742D1BD268DE26C52E0F1C75EE3A9C.d.29C370D06309DC1B8E40CBE195871E35.e.832/click - {}
RESULT: {}
COMMAND: GET /session/d2c3ab5fa88eeda4f21600bf1305f742/screenshot - {}
RESULT: {}
COMMAND: POST /session/d2c3ab5fa88eeda4f21600bf1305f742/elements - {"using":"xpath","value":"//span[text()='Error']"}
RESULT: {"using":"xpath","value":"//span[text()='Error']"}
COMMAND: POST /session/d2c3ab5fa88eeda4f21600bf1305f742/execute/async - {"script":"<script> [1562 bytes]","args":[{"selector":{"id":"application-manageconditionprice-display-component---conditions--smartFilterBar-btnBasicSearch","interaction":{"idSuffix":"I"}},"wdio_ui5_key":"applicationmanageconditionprice-display-component---conditions--smartFilterBar-btnBasicSearch"}]}
RESULT: {"script":"<script> [1562 bytes]","args":[{"selector":{"id":"application-manageconditionprice-display-component---conditions--smartFilterBar-btnBasicSearch","interaction":{"idSuffix":"I"}},"wdio_ui5_key":"applicationmanageconditionprice-display-component---conditions--smartFilterBar-btnBasicSearch"}]}
RESULT: undefined
COMMAND: POST /session/d2c3ab5fa88eeda4f21600bf1305f742/execute/async - {"script":"<script> [776 bytes]","args":[{"enterText":"200013","selector":{"id":"application-manageconditionprice-display-component---conditions--smartFilterBar-btnBasicSearch","interaction":{"idSuffix":"I"}},"clearTextFirst":true,"interactionType":"ENTER_TEXT"}]}
RESULT: {"script":"<script> [776 bytes]","args":[{"enterText":"200013","selector":{"id":"application-manageconditionprice-display-component---conditions--smartFilterBar-btnBasicSearch","interaction":{"idSuffix":"I"}},"clearTextFirst":true,"interactionType":"ENTER_TEXT"}]}
COMMAND: POST /session/d2c3ab5fa88eeda4f21600bf1305f742/actions - {"actions":[{"id":"action3","type":"key","parameters":{},"actions":[{"type":"keyDown","value":"î€‡"},{"type":"pause","duration":10},{"type":"keyUp","value":"î€‡"}]}]}
RESULT: {"actions":[{"id":"action3","type":"key","parameters":{},"actions":[{"type":"keyDown","value":"î€‡"},{"type":"pause","duration":10},{"type":"keyUp","value":"î€‡"}]}]}
COMMAND: GET /session/d2c3ab5fa88eeda4f21600bf1305f742/screenshot - {}
RESULT: {}
COMMAND: POST /session/d2c3ab5fa88eeda4f21600bf1305f742/element - {"using":"xpath","value":"//span[contains(@id ,\"application-manageconditionprice-display-component---conditions--smartTable-header-inner\")][contains(text(), \"Records (1)\")]"}
RESULT: {"using":"xpath","value":"//span[contains(@id ,\"application-manageconditionprice-display-component---conditions--smartTable-header-inner\")][contains(text(), \"Records (1)\")]"}
COMMAND: POST /session/d2c3ab5fa88eeda4f21600bf1305f742/execute/sync - {"script":"<script> [8489 bytes]","args":[{"element-6066-11e4-a52e-4f735466cecf":"f.57742D1BD268DE26C52E0F1C75EE3A9C.d.29C370D06309DC1B8E40CBE195871E35.e.1026","ELEMENT":"f.57742D1BD268DE26C52E0F1C75EE3A9C.d.29C370D06309DC1B8E40CBE195871E35.e.1026"}]}
RESULT: {"script":"<script> [8489 bytes]","args":[{"element-6066-11e4-a52e-4f735466cecf":"f.57742D1BD268DE26C52E0F1C75EE3A9C.d.29C370D06309DC1B8E40CBE195871E35.e.1026","ELEMENT":"f.57742D1BD268DE26C52E0F1C75EE3A9C.d.29C370D06309DC1B8E40CBE195871E35.e.1026"}]}
COMMAND: POST /session/d2c3ab5fa88eeda4f21600bf1305f742/element - {"using":"css selector","value":"#shell-header-logo"}
COMMAND: GET /session/d2c3ab5fa88eeda4f21600bf1305f742/screenshot - {}
RESULT: {"using":"css selector","value":"#shell-header-logo"}
COMMAND: POST /session/d2c3ab5fa88eeda4f21600bf1305f742/element/f.57742D1BD268DE26C52E0F1C75EE3A9C.d.29C370D06309DC1B8E40CBE195871E35.e.834/click - {}
RESULT: {}
RESULT: {}
COMMAND: GET /session/d2c3ab5fa88eeda4f21600bf1305f742/screenshot - {}
RESULT: {}
COMMAND: POST /session/d2c3ab5fa88eeda4f21600bf1305f742/refresh - {}
RESULT: {}
COMMAND: GET /session/d2c3ab5fa88eeda4f21600bf1305f742/screenshot - {}
RESULT: {}
COMMAND: POST /session/d2c3ab5fa88eeda4f21600bf1305f742/execute/async - {"script":"<script> [189 bytes]","args":[]}
RESULT: {"script":"<script> [189 bytes]","args":[]}
COMMAND: POST /session/d2c3ab5fa88eeda4f21600bf1305f742/execute/async - {"script":"<script> [123 bytes]","args":[]}
RESULT: {"script":"<script> [123 bytes]","args":[]}
COMMAND: POST /session/d2c3ab5fa88eeda4f21600bf1305f742/timeouts - {"script":"<number>"}
RESULT: {"script":"<number>"}
COMMAND: GET /session/d2c3ab5fa88eeda4f21600bf1305f742/timeouts - {}
RESULT: {}
RESULT: undefined
COMMAND: POST /session/d2c3ab5fa88eeda4f21600bf1305f742/execute/async - {"script":"<script> [2676 bytes]","args":[]}
RESULT: {"script":"<script> [2676 bytes]","args":[]}
COMMAND: POST /session/d2c3ab5fa88eeda4f21600bf1305f742/execute/async - {"script":"<script> [2342 bytes]","args":[{"protocol":"http","hostname":"0.0.0.0","path":"/","capabilities":{"browserName":"chrome","goog:chromeOptions":{"binary":"C:\\Program Files\\Google\\Chrome\\Application\\chrome.exe","args":["--start-maximized"]}},"logLevel":"warn","connectionRetryTimeout":120000,"connectionRetryCount":3,"logLevels":{},"enableDirectConnect":true,"strictSSL":true,"_":"65 more keys: [\"cacheDir\",\"port\",\"requestedCapabilities\",\"automationProtocol\",\"baseUrl\",\"waitforInterval\",\"waitforTimeout\",\"onReload\",\"beforeCommand\",\"afterCommand\",\"rootDir\",\"specs\",\"suites\",\"exclude\",\"groupLogsByTestSpec\",\"excludeDriverLogs\",\"bail\",\"framework\",\"reporters\",\"services\",\"maxInstances\",\"maxInstancesPerCapability\",\"injectGlobals\",\"filesToWatch\",\"execArgv\",\"runnerEnv\",\"runner\",\"shard\",\"specFileRetries\",\"specFileRetriesDelay\",\"specFileRetriesDeferred\",\"reporterSyncInterval\",\"reporterSyncTimeout\",\"cucumberFeaturesWithLineNumbers\",\"autoCompileOpts\",\"mochaOpts\",\"jasmineOpts\",\"cucumberOpts\",\"onPrepare\",\"onWorkerStart\",\"onWorkerEnd\",\"before\",\"beforeSession\",\"beforeSuite\",\"beforeHook\",\"beforeTest\",\"afterTest\",\"afterHook\",\"afterSuite\",\"afterSession\",\"after\",\"onComplete\",\"beforeAssertion\",\"afterAssertion\",\"beforeFeature\",\"beforeScenario\",\"beforeStep\",\"afterStep\",\"afterScenario\",\"afterFeature\",\"_\",\"suite\",\"$0\",\"ignoredWorkerServices\",\"wdi5\"]"}]}
RESULT: {"script":"<script> [2342 bytes]","args":[{"protocol":"http","hostname":"0.0.0.0","path":"/","capabilities":{"browserName":"chrome","goog:chromeOptions":{"binary":"C:\\Program Files\\Google\\Chrome\\Application\\chrome.exe","args":["--start-maximized"]}},"logLevel":"warn","connectionRetryTimeout":120000,"connectionRetryCount":3,"logLevels":{},"enableDirectConnect":true,"strictSSL":true,"_":"65 more keys: [\"cacheDir\",\"port\",\"requestedCapabilities\",\"automationProtocol\",\"baseUrl\",\"waitforInterval\",\"waitforTimeout\",\"onReload\",\"beforeCommand\",\"afterCommand\",\"rootDir\",\"specs\",\"suites\",\"exclude\",\"groupLogsByTestSpec\",\"excludeDriverLogs\",\"bail\",\"framework\",\"reporters\",\"services\",\"maxInstances\",\"maxInstancesPerCapability\",\"injectGlobals\",\"filesToWatch\",\"execArgv\",\"runnerEnv\",\"runner\",\"shard\",\"specFileRetries\",\"specFileRetriesDelay\",\"specFileRetriesDeferred\",\"reporterSyncInterval\",\"reporterSyncTimeout\",\"cucumberFeaturesWithLineNumbers\",\"autoCompileOpts\",\"mochaOpts\",\"jasmineOpts\",\"cucumberOpts\",\"onPrepare\",\"onWorkerStart\",\"onWorkerEnd\",\"before\",\"beforeSession\",\"beforeSuite\",\"beforeHook\",\"beforeTest\",\"afterTest\",\"afterHook\",\"afterSuite\",\"afterSession\",\"after\",\"onComplete\",\"beforeAssertion\",\"afterAssertion\",\"beforeFeature\",\"beforeScenario\",\"beforeStep\",\"afterStep\",\"afterScenario\",\"afterFeature\",\"_\",\"suite\",\"$0\",\"ignoredWorkerServices\",\"wdi5\"]"}]}
COMMAND: POST /session/d2c3ab5fa88eeda4f21600bf1305f742/execute/async - {"script":"<script> [21126 bytes]","args":[35000]}
RESULT: {"script":"<script> [21126 bytes]","args":[35000]}
]]></system-out>
    </testcase>
    <testcase classname="chrome.136_0_7103_93.windows.ISC_Template_-_Time_schedule_US156099" name="Should create a new time template" time="214.2">
      <system-out><![CDATA[
COMMAND: POST /session/d2c3ab5fa88eeda4f21600bf1305f742/element - {"using":"css selector","value":"#shell-header-logo"}
RESULT: {"using":"css selector","value":"#shell-header-logo"}
COMMAND: POST /session/d2c3ab5fa88eeda4f21600bf1305f742/element/f.57742D1BD268DE26C52E0F1C75EE3A9C.d.05AD8D050F9E4CB8A0A43F7DA7C2353E.e.1049/click - {}
RESULT: {}
COMMAND: GET /session/d2c3ab5fa88eeda4f21600bf1305f742/screenshot - {}
RESULT: {}
COMMAND: POST /session/d2c3ab5fa88eeda4f21600bf1305f742/execute/async - {"script":"<script> [1562 bytes]","args":[{"selector":{"controlType":"sap.m.GenericTile","properties":{"header":"ISC Templates"}},"wdio_ui5_key":"sapm.GenericTile{\"header\":\"ISC Templates\"}"}]}
RESULT: {"script":"<script> [1562 bytes]","args":[{"selector":{"controlType":"sap.m.GenericTile","properties":{"header":"ISC Templates"}},"wdio_ui5_key":"sapm.GenericTile{\"header\":\"ISC Templates\"}"}]}
RESULT: undefined
COMMAND: POST /session/d2c3ab5fa88eeda4f21600bf1305f742/element - {"using":"xpath","value":"//*[@id=\"__tile111\"]"}
RESULT: {"using":"xpath","value":"//*[@id=\"__tile111\"]"}
COMMAND: POST /session/d2c3ab5fa88eeda4f21600bf1305f742/element/f.57742D1BD268DE26C52E0F1C75EE3A9C.d.05AD8D050F9E4CB8A0A43F7DA7C2353E.e.1050/click - {}
RESULT: {}
COMMAND: GET /session/d2c3ab5fa88eeda4f21600bf1305f742/screenshot - {}
RESULT: {}
COMMAND: POST /session/d2c3ab5fa88eeda4f21600bf1305f742/elements - {"using":"xpath","value":"//span[text()='Error']"}
RESULT: {"using":"xpath","value":"//span[text()='Error']"}
COMMAND: POST /session/d2c3ab5fa88eeda4f21600bf1305f742/execute/async - {"script":"<script> [1562 bytes]","args":[{"selector":{"id":"application-isctemplates-display-component---masterSafetyAndCompliance--idCreate-img"},"wdio_ui5_key":"applicationisctemplates-display-component---masterSafetyAndCompliance--idCreate-img"}]}
RESULT: {"script":"<script> [1562 bytes]","args":[{"selector":{"id":"application-isctemplates-display-component---masterSafetyAndCompliance--idCreate-img"},"wdio_ui5_key":"applicationisctemplates-display-component---masterSafetyAndCompliance--idCreate-img"}]}
RESULT: undefined
COMMAND: POST /session/d2c3ab5fa88eeda4f21600bf1305f742/element - {"using":"xpath","value":"//*[@id=\"application-isctemplates-display-component---masterSafetyAndCompliance--idCreate-img\"]"}
RESULT: {"using":"xpath","value":"//*[@id=\"application-isctemplates-display-component---masterSafetyAndCompliance--idCreate-img\"]"}
COMMAND: POST /session/d2c3ab5fa88eeda4f21600bf1305f742/element/f.57742D1BD268DE26C52E0F1C75EE3A9C.d.05AD8D050F9E4CB8A0A43F7DA7C2353E.e.1093/click - {}
RESULT: {}
COMMAND: GET /session/d2c3ab5fa88eeda4f21600bf1305f742/screenshot - {}
RESULT: {}
COMMAND: POST /session/d2c3ab5fa88eeda4f21600bf1305f742/execute/async - {"script":"<script> [1562 bytes]","args":[{"selector":{"id":"application-isctemplates-display-component---addDetailSafetyAndCompliance--iscTypeSelect","interaction":{"idSuffix":"arrow"}},"wdio_ui5_key":"applicationisctemplates-display-component---addDetailSafetyAndCompliance--iscTypeSelect"}]}
RESULT: {"script":"<script> [1562 bytes]","args":[{"selector":{"id":"application-isctemplates-display-component---addDetailSafetyAndCompliance--iscTypeSelect","interaction":{"idSuffix":"arrow"}},"wdio_ui5_key":"applicationisctemplates-display-component---addDetailSafetyAndCompliance--iscTypeSelect"}]}
RESULT: undefined
COMMAND: POST /session/d2c3ab5fa88eeda4f21600bf1305f742/element - {"using":"xpath","value":"//*[@id=\"application-isctemplates-display-component---addDetailSafetyAndCompliance--iscTypeSelect\"]"}
RESULT: {"using":"xpath","value":"//*[@id=\"application-isctemplates-display-component---addDetailSafetyAndCompliance--iscTypeSelect\"]"}
COMMAND: POST /session/d2c3ab5fa88eeda4f21600bf1305f742/element/f.57742D1BD268DE26C52E0F1C75EE3A9C.d.05AD8D050F9E4CB8A0A43F7DA7C2353E.e.1429/click - {}
RESULT: {}
COMMAND: GET /session/d2c3ab5fa88eeda4f21600bf1305f742/screenshot - {}
RESULT: {}
COMMAND: POST /session/d2c3ab5fa88eeda4f21600bf1305f742/element - {"using":"xpath","value":"(//li[contains(text(), \"Time based planning\")])[1]"}
RESULT: {"using":"xpath","value":"(//li[contains(text(), \"Time based planning\")])[1]"}
COMMAND: POST /session/d2c3ab5fa88eeda4f21600bf1305f742/element/f.57742D1BD268DE26C52E0F1C75EE3A9C.d.05AD8D050F9E4CB8A0A43F7DA7C2353E.e.1430/click - {}
RESULT: {}
COMMAND: GET /session/d2c3ab5fa88eeda4f21600bf1305f742/screenshot - {}
RESULT: {}
COMMAND: POST /session/d2c3ab5fa88eeda4f21600bf1305f742/element - {"using":"xpath","value":"//input[contains(@id ,\"application-isctemplates-display-component---addDetailSafetyAndCompliance--validFromDate-inner\")]"}
RESULT: {"using":"xpath","value":"//input[contains(@id ,\"application-isctemplates-display-component---addDetailSafetyAndCompliance--validFromDate-inner\")]"}
COMMAND: POST /session/d2c3ab5fa88eeda4f21600bf1305f742/element/f.57742D1BD268DE26C52E0F1C75EE3A9C.d.05AD8D050F9E4CB8A0A43F7DA7C2353E.e.1123/clear - {}
RESULT: {}
COMMAND: GET /session/d2c3ab5fa88eeda4f21600bf1305f742/screenshot - {}
RESULT: {}
COMMAND: POST /session/d2c3ab5fa88eeda4f21600bf1305f742/element/f.57742D1BD268DE26C52E0F1C75EE3A9C.d.05AD8D050F9E4CB8A0A43F7DA7C2353E.e.1123/clear - {}
RESULT: {}
COMMAND: POST /session/d2c3ab5fa88eeda4f21600bf1305f742/element/f.57742D1BD268DE26C52E0F1C75EE3A9C.d.05AD8D050F9E4CB8A0A43F7DA7C2353E.e.1123/value - {"text":"1/1/25"}
COMMAND: GET /session/d2c3ab5fa88eeda4f21600bf1305f742/screenshot - {}
RESULT: {"text":"1/1/25"}
COMMAND: POST /session/d2c3ab5fa88eeda4f21600bf1305f742/element - {"using":"xpath","value":"//input[contains(@id ,\"application-isctemplates-display-component---addDetailSafetyAndCompliance--validToDate-inner\")]"}
COMMAND: GET /session/d2c3ab5fa88eeda4f21600bf1305f742/screenshot - {}
RESULT: {}
RESULT: {"using":"xpath","value":"//input[contains(@id ,\"application-isctemplates-display-component---addDetailSafetyAndCompliance--validToDate-inner\")]"}
COMMAND: POST /session/d2c3ab5fa88eeda4f21600bf1305f742/element/f.57742D1BD268DE26C52E0F1C75EE3A9C.d.05AD8D050F9E4CB8A0A43F7DA7C2353E.e.1124/clear - {}
RESULT: {}
RESULT: {}
COMMAND: GET /session/d2c3ab5fa88eeda4f21600bf1305f742/screenshot - {}
RESULT: {}
COMMAND: POST /session/d2c3ab5fa88eeda4f21600bf1305f742/element/f.57742D1BD268DE26C52E0F1C75EE3A9C.d.05AD8D050F9E4CB8A0A43F7DA7C2353E.e.1124/clear - {}
RESULT: {}
COMMAND: POST /session/d2c3ab5fa88eeda4f21600bf1305f742/element/f.57742D1BD268DE26C52E0F1C75EE3A9C.d.05AD8D050F9E4CB8A0A43F7DA7C2353E.e.1124/value - {"text":"11/11/49"}
COMMAND: GET /session/d2c3ab5fa88eeda4f21600bf1305f742/screenshot - {}
RESULT: {"text":"11/11/49"}
COMMAND: POST /session/d2c3ab5fa88eeda4f21600bf1305f742/execute/async - {"script":"<script> [1562 bytes]","args":[{"selector":{"id":"application-isctemplates-display-component---addDetailSafetyAndCompliance--sitNameInput","interaction":{"idSuffix":"inner"}},"wdio_ui5_key":"applicationisctemplates-display-component---addDetailSafetyAndCompliance--sitNameInput"}]}
COMMAND: GET /session/d2c3ab5fa88eeda4f21600bf1305f742/screenshot - {}
RESULT: {}
RESULT: {"script":"<script> [1562 bytes]","args":[{"selector":{"id":"application-isctemplates-display-component---addDetailSafetyAndCompliance--sitNameInput","interaction":{"idSuffix":"inner"}},"wdio_ui5_key":"applicationisctemplates-display-component---addDetailSafetyAndCompliance--sitNameInput"}]}
RESULT: undefined
COMMAND: POST /session/d2c3ab5fa88eeda4f21600bf1305f742/execute/async - {"script":"<script> [776 bytes]","args":[{"enterText":"Webdriver ISC time","selector":{"id":"application-isctemplates-display-component---addDetailSafetyAndCompliance--sitNameInput","interaction":{"idSuffix":"inner"}},"clearTextFirst":true,"interactionType":"ENTER_TEXT"}]}
RESULT: {}
RESULT: {"script":"<script> [776 bytes]","args":[{"enterText":"Webdriver ISC time","selector":{"id":"application-isctemplates-display-component---addDetailSafetyAndCompliance--sitNameInput","interaction":{"idSuffix":"inner"}},"clearTextFirst":true,"interactionType":"ENTER_TEXT"}]}
COMMAND: POST /session/d2c3ab5fa88eeda4f21600bf1305f742/execute/async - {"script":"<script> [1562 bytes]","args":[{"selector":{"id":"application-isctemplates-display-component---addDetailSafetyAndCompliance--tempDesc","interaction":{"idSuffix":"inner"}},"wdio_ui5_key":"applicationisctemplates-display-component---addDetailSafetyAndCompliance--tempDesc"}]}
RESULT: {"script":"<script> [1562 bytes]","args":[{"selector":{"id":"application-isctemplates-display-component---addDetailSafetyAndCompliance--tempDesc","interaction":{"idSuffix":"inner"}},"wdio_ui5_key":"applicationisctemplates-display-component---addDetailSafetyAndCompliance--tempDesc"}]}
RESULT: undefined
COMMAND: POST /session/d2c3ab5fa88eeda4f21600bf1305f742/execute/async - {"script":"<script> [776 bytes]","args":[{"enterText":"ISC time","selector":{"id":"application-isctemplates-display-component---addDetailSafetyAndCompliance--tempDesc","interaction":{"idSuffix":"inner"}},"clearTextFirst":true,"interactionType":"ENTER_TEXT"}]}
RESULT: {"script":"<script> [776 bytes]","args":[{"enterText":"ISC time","selector":{"id":"application-isctemplates-display-component---addDetailSafetyAndCompliance--tempDesc","interaction":{"idSuffix":"inner"}},"clearTextFirst":true,"interactionType":"ENTER_TEXT"}]}
COMMAND: POST /session/d2c3ab5fa88eeda4f21600bf1305f742/execute/async - {"script":"<script> [1562 bytes]","args":[{"selector":{"id":"application-isctemplates-display-component---addDetailSafetyAndCompliance--firstInsp","interaction":{"idSuffix":"inner"}},"wdio_ui5_key":"applicationisctemplates-display-component---addDetailSafetyAndCompliance--firstInsp"}]}
RESULT: {"script":"<script> [1562 bytes]","args":[{"selector":{"id":"application-isctemplates-display-component---addDetailSafetyAndCompliance--firstInsp","interaction":{"idSuffix":"inner"}},"wdio_ui5_key":"applicationisctemplates-display-component---addDetailSafetyAndCompliance--firstInsp"}]}
RESULT: undefined
COMMAND: POST /session/d2c3ab5fa88eeda4f21600bf1305f742/execute/async - {"script":"<script> [776 bytes]","args":[{"enterText":"1","selector":{"id":"application-isctemplates-display-component---addDetailSafetyAndCompliance--firstInsp","interaction":{"idSuffix":"inner"}},"clearTextFirst":true,"interactionType":"ENTER_TEXT"}]}
RESULT: {"script":"<script> [776 bytes]","args":[{"enterText":"1","selector":{"id":"application-isctemplates-display-component---addDetailSafetyAndCompliance--firstInsp","interaction":{"idSuffix":"inner"}},"clearTextFirst":true,"interactionType":"ENTER_TEXT"}]}
COMMAND: POST /session/d2c3ab5fa88eeda4f21600bf1305f742/execute/async - {"script":"<script> [1562 bytes]","args":[{"selector":{"id":"application-isctemplates-display-component---addDetailSafetyAndCompliance--inspectionDimension","interaction":{"idSuffix":"inner"}},"wdio_ui5_key":"applicationisctemplates-display-component---addDetailSafetyAndCompliance--inspectionDimension"}]}
RESULT: {"script":"<script> [1562 bytes]","args":[{"selector":{"id":"application-isctemplates-display-component---addDetailSafetyAndCompliance--inspectionDimension","interaction":{"idSuffix":"inner"}},"wdio_ui5_key":"applicationisctemplates-display-component---addDetailSafetyAndCompliance--inspectionDimension"}]}
RESULT: undefined
COMMAND: POST /session/d2c3ab5fa88eeda4f21600bf1305f742/execute/async - {"script":"<script> [776 bytes]","args":[{"enterText":"Days","selector":{"id":"application-isctemplates-display-component---addDetailSafetyAndCompliance--inspectionDimension","interaction":{"idSuffix":"inner"}},"clearTextFirst":true,"interactionType":"ENTER_TEXT"}]}
RESULT: {"script":"<script> [776 bytes]","args":[{"enterText":"Days","selector":{"id":"application-isctemplates-display-component---addDetailSafetyAndCompliance--inspectionDimension","interaction":{"idSuffix":"inner"}},"clearTextFirst":true,"interactionType":"ENTER_TEXT"}]}
COMMAND: POST /session/d2c3ab5fa88eeda4f21600bf1305f742/element - {"using":"xpath","value":"//input[contains(@id ,\"application-isctemplates-display-component---addDetailSafetyAndCompliance--firstIntv-inner\")]"}
RESULT: {"using":"xpath","value":"//input[contains(@id ,\"application-isctemplates-display-component---addDetailSafetyAndCompliance--firstIntv-inner\")]"}
COMMAND: POST /session/d2c3ab5fa88eeda4f21600bf1305f742/element/f.57742D1BD268DE26C52E0F1C75EE3A9C.d.05AD8D050F9E4CB8A0A43F7DA7C2353E.e.1435/clear - {}
RESULT: {}
COMMAND: POST /session/d2c3ab5fa88eeda4f21600bf1305f742/element/f.57742D1BD268DE26C52E0F1C75EE3A9C.d.05AD8D050F9E4CB8A0A43F7DA7C2353E.e.1435/value - {"text":"1"}
COMMAND: GET /session/d2c3ab5fa88eeda4f21600bf1305f742/screenshot - {}
RESULT: {"text":"1"}
COMMAND: POST /session/d2c3ab5fa88eeda4f21600bf1305f742/element - {"using":"xpath","value":"//input[contains(@id ,\"application-isctemplates-display-component---addDetailSafetyAndCompliance--intervalDimension-inner\")]"}
COMMAND: GET /session/d2c3ab5fa88eeda4f21600bf1305f742/screenshot - {}
RESULT: {}
RESULT: {"using":"xpath","value":"//input[contains(@id ,\"application-isctemplates-display-component---addDetailSafetyAndCompliance--intervalDimension-inner\")]"}
COMMAND: POST /session/d2c3ab5fa88eeda4f21600bf1305f742/element/f.57742D1BD268DE26C52E0F1C75EE3A9C.d.05AD8D050F9E4CB8A0A43F7DA7C2353E.e.1441/clear - {}
RESULT: {}
RESULT: {}
COMMAND: POST /session/d2c3ab5fa88eeda4f21600bf1305f742/element/f.57742D1BD268DE26C52E0F1C75EE3A9C.d.05AD8D050F9E4CB8A0A43F7DA7C2353E.e.1441/value - {"text":"Years"}
COMMAND: GET /session/d2c3ab5fa88eeda4f21600bf1305f742/screenshot - {}
RESULT: {"text":"Years"}
COMMAND: GET /session/d2c3ab5fa88eeda4f21600bf1305f742/screenshot - {}
RESULT: {}
RESULT: {}
COMMAND: POST /session/d2c3ab5fa88eeda4f21600bf1305f742/element - {"using":"xpath","value":"//input[contains(@id ,\"application-isctemplates-display-component---addDetailSafetyAndCompliance--durationEditMode-inner\")]"}
RESULT: {"using":"xpath","value":"//input[contains(@id ,\"application-isctemplates-display-component---addDetailSafetyAndCompliance--durationEditMode-inner\")]"}
COMMAND: POST /session/d2c3ab5fa88eeda4f21600bf1305f742/element/f.57742D1BD268DE26C52E0F1C75EE3A9C.d.05AD8D050F9E4CB8A0A43F7DA7C2353E.e.1436/clear - {}
RESULT: {}
COMMAND: POST /session/d2c3ab5fa88eeda4f21600bf1305f742/element/f.57742D1BD268DE26C52E0F1C75EE3A9C.d.05AD8D050F9E4CB8A0A43F7DA7C2353E.e.1436/value - {"text":"1"}
COMMAND: GET /session/d2c3ab5fa88eeda4f21600bf1305f742/screenshot - {}
RESULT: {"text":"1"}
COMMAND: POST /session/d2c3ab5fa88eeda4f21600bf1305f742/element - {"using":"xpath","value":"//input[contains(@id ,\"application-isctemplates-display-component---addDetailSafetyAndCompliance--durationDimension-inner\")]"}
COMMAND: GET /session/d2c3ab5fa88eeda4f21600bf1305f742/screenshot - {}
RESULT: {}
RESULT: {"using":"xpath","value":"//input[contains(@id ,\"application-isctemplates-display-component---addDetailSafetyAndCompliance--durationDimension-inner\")]"}
COMMAND: POST /session/d2c3ab5fa88eeda4f21600bf1305f742/element/f.57742D1BD268DE26C52E0F1C75EE3A9C.d.05AD8D050F9E4CB8A0A43F7DA7C2353E.e.1442/clear - {}
RESULT: {}
RESULT: {}
COMMAND: POST /session/d2c3ab5fa88eeda4f21600bf1305f742/element/f.57742D1BD268DE26C52E0F1C75EE3A9C.d.05AD8D050F9E4CB8A0A43F7DA7C2353E.e.1442/value - {"text":"Days"}
COMMAND: GET /session/d2c3ab5fa88eeda4f21600bf1305f742/screenshot - {}
RESULT: {"text":"Days"}
COMMAND: POST /session/d2c3ab5fa88eeda4f21600bf1305f742/element - {"using":"xpath","value":"//input[contains(@id ,\"application-isctemplates-display-component---addDetailSafetyAndCompliance--remindersInput-inner\")]"}
COMMAND: GET /session/d2c3ab5fa88eeda4f21600bf1305f742/screenshot - {}
RESULT: {}
RESULT: {"using":"xpath","value":"//input[contains(@id ,\"application-isctemplates-display-component---addDetailSafetyAndCompliance--remindersInput-inner\")]"}
COMMAND: POST /session/d2c3ab5fa88eeda4f21600bf1305f742/element/f.57742D1BD268DE26C52E0F1C75EE3A9C.d.05AD8D050F9E4CB8A0A43F7DA7C2353E.e.1437/clear - {}
RESULT: {}
RESULT: {}
COMMAND: POST /session/d2c3ab5fa88eeda4f21600bf1305f742/element/f.57742D1BD268DE26C52E0F1C75EE3A9C.d.05AD8D050F9E4CB8A0A43F7DA7C2353E.e.1437/value - {"text":"2"}
COMMAND: GET /session/d2c3ab5fa88eeda4f21600bf1305f742/screenshot - {}
RESULT: {"text":"2"}
COMMAND: POST /session/d2c3ab5fa88eeda4f21600bf1305f742/element - {"using":"xpath","value":"//input[contains(@id ,\"application-isctemplates-display-component---addDetailSafetyAndCompliance--reminderDimension-inner\")]"}
COMMAND: GET /session/d2c3ab5fa88eeda4f21600bf1305f742/screenshot - {}
RESULT: {}
RESULT: {"using":"xpath","value":"//input[contains(@id ,\"application-isctemplates-display-component---addDetailSafetyAndCompliance--reminderDimension-inner\")]"}
COMMAND: POST /session/d2c3ab5fa88eeda4f21600bf1305f742/element/f.57742D1BD268DE26C52E0F1C75EE3A9C.d.05AD8D050F9E4CB8A0A43F7DA7C2353E.e.1443/clear - {}
RESULT: {}
RESULT: {}
COMMAND: POST /session/d2c3ab5fa88eeda4f21600bf1305f742/element/f.57742D1BD268DE26C52E0F1C75EE3A9C.d.05AD8D050F9E4CB8A0A43F7DA7C2353E.e.1443/value - {"text":"Weeks"}
COMMAND: GET /session/d2c3ab5fa88eeda4f21600bf1305f742/screenshot - {}
RESULT: {"text":"Weeks"}
COMMAND: POST /session/d2c3ab5fa88eeda4f21600bf1305f742/element - {"using":"xpath","value":"//input[contains(@id ,\"application-isctemplates-display-component---addDetailSafetyAndCompliance--recurringReminder-inner\")]"}
COMMAND: GET /session/d2c3ab5fa88eeda4f21600bf1305f742/screenshot - {}
RESULT: {}
RESULT: {"using":"xpath","value":"//input[contains(@id ,\"application-isctemplates-display-component---addDetailSafetyAndCompliance--recurringReminder-inner\")]"}
COMMAND: POST /session/d2c3ab5fa88eeda4f21600bf1305f742/element/f.57742D1BD268DE26C52E0F1C75EE3A9C.d.05AD8D050F9E4CB8A0A43F7DA7C2353E.e.1438/clear - {}
RESULT: {}
RESULT: {}
COMMAND: POST /session/d2c3ab5fa88eeda4f21600bf1305f742/element/f.57742D1BD268DE26C52E0F1C75EE3A9C.d.05AD8D050F9E4CB8A0A43F7DA7C2353E.e.1438/value - {"text":"2"}
COMMAND: GET /session/d2c3ab5fa88eeda4f21600bf1305f742/screenshot - {}
RESULT: {"text":"2"}
COMMAND: POST /session/d2c3ab5fa88eeda4f21600bf1305f742/element - {"using":"xpath","value":"//input[contains(@id ,\"application-isctemplates-display-component---addDetailSafetyAndCompliance--recurringReminderUom-inner\")]"}
COMMAND: GET /session/d2c3ab5fa88eeda4f21600bf1305f742/screenshot - {}
RESULT: {}
RESULT: {"using":"xpath","value":"//input[contains(@id ,\"application-isctemplates-display-component---addDetailSafetyAndCompliance--recurringReminderUom-inner\")]"}
COMMAND: POST /session/d2c3ab5fa88eeda4f21600bf1305f742/element/f.57742D1BD268DE26C52E0F1C75EE3A9C.d.05AD8D050F9E4CB8A0A43F7DA7C2353E.e.1444/clear - {}
RESULT: {}
RESULT: {}
COMMAND: POST /session/d2c3ab5fa88eeda4f21600bf1305f742/element/f.57742D1BD268DE26C52E0F1C75EE3A9C.d.05AD8D050F9E4CB8A0A43F7DA7C2353E.e.1444/value - {"text":"Weeks"}
COMMAND: GET /session/d2c3ab5fa88eeda4f21600bf1305f742/screenshot - {}
RESULT: {"text":"Weeks"}
COMMAND: POST /session/d2c3ab5fa88eeda4f21600bf1305f742/element - {"using":"xpath","value":"//input[contains(@id ,\"application-isctemplates-display-component---addDetailSafetyAndCompliance--recurringReminderRepetitions-inner\")]"}
COMMAND: GET /session/d2c3ab5fa88eeda4f21600bf1305f742/screenshot - {}
RESULT: {}
RESULT: {"using":"xpath","value":"//input[contains(@id ,\"application-isctemplates-display-component---addDetailSafetyAndCompliance--recurringReminderRepetitions-inner\")]"}
COMMAND: POST /session/d2c3ab5fa88eeda4f21600bf1305f742/element/f.57742D1BD268DE26C52E0F1C75EE3A9C.d.05AD8D050F9E4CB8A0A43F7DA7C2353E.e.1439/clear - {}
RESULT: {}
RESULT: {}
COMMAND: POST /session/d2c3ab5fa88eeda4f21600bf1305f742/element/f.57742D1BD268DE26C52E0F1C75EE3A9C.d.05AD8D050F9E4CB8A0A43F7DA7C2353E.e.1439/value - {"text":"2"}
COMMAND: GET /session/d2c3ab5fa88eeda4f21600bf1305f742/screenshot - {}
RESULT: {"text":"2"}
COMMAND: POST /session/d2c3ab5fa88eeda4f21600bf1305f742/element - {"using":"xpath","value":"//input[contains(@id ,\"application-isctemplates-display-component---addDetailSafetyAndCompliance--tagInputAdd-inner\")]"}
COMMAND: GET /session/d2c3ab5fa88eeda4f21600bf1305f742/screenshot - {}
RESULT: {}
RESULT: {"using":"xpath","value":"//input[contains(@id ,\"application-isctemplates-display-component---addDetailSafetyAndCompliance--tagInputAdd-inner\")]"}
COMMAND: POST /session/d2c3ab5fa88eeda4f21600bf1305f742/element/f.57742D1BD268DE26C52E0F1C75EE3A9C.d.05AD8D050F9E4CB8A0A43F7DA7C2353E.e.1311/clear - {}
RESULT: {}
RESULT: {}
COMMAND: POST /session/d2c3ab5fa88eeda4f21600bf1305f742/element/f.57742D1BD268DE26C52E0F1C75EE3A9C.d.05AD8D050F9E4CB8A0A43F7DA7C2353E.e.1311/value - {"text":"Webdriver"}
COMMAND: GET /session/d2c3ab5fa88eeda4f21600bf1305f742/screenshot - {}
RESULT: {"text":"Webdriver"}
COMMAND: GET /session/d2c3ab5fa88eeda4f21600bf1305f742/screenshot - {}
RESULT: {}
RESULT: {}
COMMAND: POST /session/d2c3ab5fa88eeda4f21600bf1305f742/actions - {"actions":[{"id":"action4","type":"key","parameters":{},"actions":[{"type":"keyDown","value":"î€‡"},{"type":"pause","duration":10},{"type":"keyUp","value":"î€‡"}]}]}
RESULT: {"actions":[{"id":"action4","type":"key","parameters":{},"actions":[{"type":"keyDown","value":"î€‡"},{"type":"pause","duration":10},{"type":"keyUp","value":"î€‡"}]}]}
COMMAND: GET /session/d2c3ab5fa88eeda4f21600bf1305f742/screenshot - {}
RESULT: {}
COMMAND: POST /session/d2c3ab5fa88eeda4f21600bf1305f742/actions - {"actions":[{"id":"action5","type":"key","parameters":{},"actions":[{"type":"keyDown","value":"î€„"},{"type":"pause","duration":10},{"type":"keyUp","value":"î€„"}]}]}
RESULT: {"actions":[{"id":"action5","type":"key","parameters":{},"actions":[{"type":"keyDown","value":"î€„"},{"type":"pause","duration":10},{"type":"keyUp","value":"î€„"}]}]}
COMMAND: POST /session/d2c3ab5fa88eeda4f21600bf1305f742/actions - {"actions":[{"id":"action6","type":"key","parameters":{},"actions":[{"type":"keyDown","value":"î€„"},{"type":"pause","duration":10},{"type":"keyUp","value":"î€„"}]}]}
COMMAND: GET /session/d2c3ab5fa88eeda4f21600bf1305f742/screenshot - {}
RESULT: {"actions":[{"id":"action6","type":"key","parameters":{},"actions":[{"type":"keyDown","value":"î€„"},{"type":"pause","duration":10},{"type":"keyUp","value":"î€„"}]}]}
COMMAND: POST /session/d2c3ab5fa88eeda4f21600bf1305f742/actions - {"actions":[{"id":"action7","type":"key","parameters":{},"actions":[{"type":"keyDown","value":"î€„"},{"type":"pause","duration":10},{"type":"keyUp","value":"î€„"}]}]}
COMMAND: GET /session/d2c3ab5fa88eeda4f21600bf1305f742/screenshot - {}
RESULT: {}
RESULT: {"actions":[{"id":"action7","type":"key","parameters":{},"actions":[{"type":"keyDown","value":"î€„"},{"type":"pause","duration":10},{"type":"keyUp","value":"î€„"}]}]}
COMMAND: POST /session/d2c3ab5fa88eeda4f21600bf1305f742/actions - {"actions":[{"id":"action8","type":"key","parameters":{},"actions":[{"type":"keyDown","value":"î€„"},{"type":"pause","duration":10},{"type":"keyUp","value":"î€„"}]}]}
COMMAND: GET /session/d2c3ab5fa88eeda4f21600bf1305f742/screenshot - {}
RESULT: {}
RESULT: {"actions":[{"id":"action8","type":"key","parameters":{},"actions":[{"type":"keyDown","value":"î€„"},{"type":"pause","duration":10},{"type":"keyUp","value":"î€„"}]}]}
COMMAND: GET /session/d2c3ab5fa88eeda4f21600bf1305f742/screenshot - {}
RESULT: {}
RESULT: {}
COMMAND: POST /session/d2c3ab5fa88eeda4f21600bf1305f742/element - {"using":"xpath","value":"//div[contains(@id ,\"application-isctemplates-display-component---addDetailSafetyAndCompliance--orderReschedulingCheckBox-CbBg\")]"}
RESULT: {"using":"xpath","value":"//div[contains(@id ,\"application-isctemplates-display-component---addDetailSafetyAndCompliance--orderReschedulingCheckBox-CbBg\")]"}
COMMAND: POST /session/d2c3ab5fa88eeda4f21600bf1305f742/element/f.57742D1BD268DE26C52E0F1C75EE3A9C.d.05AD8D050F9E4CB8A0A43F7DA7C2353E.e.1295/click - {}
RESULT: {}
COMMAND: POST /session/d2c3ab5fa88eeda4f21600bf1305f742/element - {"using":"xpath","value":"//div[contains(@id ,\"application-isctemplates-display-component---addDetailSafetyAndCompliance--automaticReleaseCheckBox-CbBg\")]"}
COMMAND: GET /session/d2c3ab5fa88eeda4f21600bf1305f742/screenshot - {}
RESULT: {"using":"xpath","value":"//div[contains(@id ,\"application-isctemplates-display-component---addDetailSafetyAndCompliance--automaticReleaseCheckBox-CbBg\")]"}
COMMAND: POST /session/d2c3ab5fa88eeda4f21600bf1305f742/element/f.57742D1BD268DE26C52E0F1C75EE3A9C.d.05AD8D050F9E4CB8A0A43F7DA7C2353E.e.1297/click - {}
RESULT: {}
RESULT: {}
COMMAND: GET /session/d2c3ab5fa88eeda4f21600bf1305f742/screenshot - {}
RESULT: {}
COMMAND: POST /session/d2c3ab5fa88eeda4f21600bf1305f742/execute/async - {"script":"<script> [1562 bytes]","args":[{"selector":{"controlType":"sap.m.Button","viewName":"etm.portal.ui.isctemplates.view.New","viewId":"application-isctemplates-display-component---addDetailSafetyAndCompliance","properties":{"text":"Tasks"},"interaction":{"idSuffix":"BDI-content"}},"wdio_ui5_key":"etmportal.ui.isctemplates.view.Newsap.m.Button{\"text\":\"Tasks\"}"}]}
RESULT: {"script":"<script> [1562 bytes]","args":[{"selector":{"controlType":"sap.m.Button","viewName":"etm.portal.ui.isctemplates.view.New","viewId":"application-isctemplates-display-component---addDetailSafetyAndCompliance","properties":{"text":"Tasks"},"interaction":{"idSuffix":"BDI-content"}},"wdio_ui5_key":"etmportal.ui.isctemplates.view.Newsap.m.Button{\"text\":\"Tasks\"}"}]}
RESULT: undefined
COMMAND: POST /session/d2c3ab5fa88eeda4f21600bf1305f742/element - {"using":"xpath","value":"//*[@id=\"__layout30-anchBar-__section4-anchor\"]"}
RESULT: {"using":"xpath","value":"//*[@id=\"__layout30-anchBar-__section4-anchor\"]"}
COMMAND: POST /session/d2c3ab5fa88eeda4f21600bf1305f742/element/f.57742D1BD268DE26C52E0F1C75EE3A9C.d.05AD8D050F9E4CB8A0A43F7DA7C2353E.e.1566/click - {}
RESULT: {}
COMMAND: GET /session/d2c3ab5fa88eeda4f21600bf1305f742/screenshot - {}
RESULT: {}
COMMAND: POST /session/d2c3ab5fa88eeda4f21600bf1305f742/execute/async - {"script":"<script> [1562 bytes]","args":[{"selector":{"id":"application-isctemplates-display-component---addDetailSafetyAndCompliance--createTaskButton","interaction":{"idSuffix":"BDI-content"}},"wdio_ui5_key":"applicationisctemplates-display-component---addDetailSafetyAndCompliance--createTaskButton"}]}
RESULT: {"script":"<script> [1562 bytes]","args":[{"selector":{"id":"application-isctemplates-display-component---addDetailSafetyAndCompliance--createTaskButton","interaction":{"idSuffix":"BDI-content"}},"wdio_ui5_key":"applicationisctemplates-display-component---addDetailSafetyAndCompliance--createTaskButton"}]}
RESULT: undefined
COMMAND: POST /session/d2c3ab5fa88eeda4f21600bf1305f742/element - {"using":"xpath","value":"//*[@id=\"application-isctemplates-display-component---addDetailSafetyAndCompliance--createTaskButton\"]"}
RESULT: {"using":"xpath","value":"//*[@id=\"application-isctemplates-display-component---addDetailSafetyAndCompliance--createTaskButton\"]"}
COMMAND: POST /session/d2c3ab5fa88eeda4f21600bf1305f742/element/f.57742D1BD268DE26C52E0F1C75EE3A9C.d.05AD8D050F9E4CB8A0A43F7DA7C2353E.e.1570/click - {}
RESULT: {}
COMMAND: GET /session/d2c3ab5fa88eeda4f21600bf1305f742/screenshot - {}
RESULT: {}
COMMAND: POST /session/d2c3ab5fa88eeda4f21600bf1305f742/execute/async - {"script":"<script> [1562 bytes]","args":[{"selector":{"controlType":"sap.m.Input","viewName":"etm.portal.ui.isctemplates.view.New","viewId":"application-isctemplates-display-component---addDetailSafetyAndCompliance","bindingPath":{"path":"/0","propertyPath":"NAME","modelName":"tasksModel"},"interaction":{"idSuffix":"inner"}},"wdio_ui5_key":"etmportal.ui.isctemplates.view.Newsap.m.Input{\"path\":\"/0\",\"propertyPath\":\"NAME\",\"modelName\":\"tasksModel\"}"}]}
RESULT: {"script":"<script> [1562 bytes]","args":[{"selector":{"controlType":"sap.m.Input","viewName":"etm.portal.ui.isctemplates.view.New","viewId":"application-isctemplates-display-component---addDetailSafetyAndCompliance","bindingPath":{"path":"/0","propertyPath":"NAME","modelName":"tasksModel"},"interaction":{"idSuffix":"inner"}},"wdio_ui5_key":"etmportal.ui.isctemplates.view.Newsap.m.Input{\"path\":\"/0\",\"propertyPath\":\"NAME\",\"modelName\":\"tasksModel\"}"}]}
RESULT: undefined
COMMAND: POST /session/d2c3ab5fa88eeda4f21600bf1305f742/execute/async - {"script":"<script> [776 bytes]","args":[{"enterText":"test1","selector":{"controlType":"sap.m.Input","viewName":"etm.portal.ui.isctemplates.view.New","viewId":"application-isctemplates-display-component---addDetailSafetyAndCompliance","bindingPath":{"path":"/0","propertyPath":"NAME","modelName":"tasksModel"},"interaction":{"idSuffix":"inner"}},"clearTextFirst":true,"interactionType":"ENTER_TEXT"}]}
RESULT: {"script":"<script> [776 bytes]","args":[{"enterText":"test1","selector":{"controlType":"sap.m.Input","viewName":"etm.portal.ui.isctemplates.view.New","viewId":"application-isctemplates-display-component---addDetailSafetyAndCompliance","bindingPath":{"path":"/0","propertyPath":"NAME","modelName":"tasksModel"},"interaction":{"idSuffix":"inner"}},"clearTextFirst":true,"interactionType":"ENTER_TEXT"}]}
COMMAND: POST /session/d2c3ab5fa88eeda4f21600bf1305f742/execute/async - {"script":"<script> [1562 bytes]","args":[{"selector":{"controlType":"sap.m.Input","viewName":"etm.portal.ui.isctemplates.view.New","viewId":"application-isctemplates-display-component---addDetailSafetyAndCompliance","bindingPath":{"path":"/0","propertyPath":"DESCRIPTION","modelName":"tasksModel"},"interaction":{"idSuffix":"inner"}},"wdio_ui5_key":"etmportal.ui.isctemplates.view.Newsap.m.Input{\"path\":\"/0\",\"propertyPath\":\"DESCRIPTION\",\"modelName\":\"tasksModel\"}"}]}
RESULT: {"script":"<script> [1562 bytes]","args":[{"selector":{"controlType":"sap.m.Input","viewName":"etm.portal.ui.isctemplates.view.New","viewId":"application-isctemplates-display-component---addDetailSafetyAndCompliance","bindingPath":{"path":"/0","propertyPath":"DESCRIPTION","modelName":"tasksModel"},"interaction":{"idSuffix":"inner"}},"wdio_ui5_key":"etmportal.ui.isctemplates.view.Newsap.m.Input{\"path\":\"/0\",\"propertyPath\":\"DESCRIPTION\",\"modelName\":\"tasksModel\"}"}]}
RESULT: undefined
COMMAND: POST /session/d2c3ab5fa88eeda4f21600bf1305f742/execute/async - {"script":"<script> [776 bytes]","args":[{"enterText":"wdio1","selector":{"controlType":"sap.m.Input","viewName":"etm.portal.ui.isctemplates.view.New","viewId":"application-isctemplates-display-component---addDetailSafetyAndCompliance","bindingPath":{"path":"/0","propertyPath":"DESCRIPTION","modelName":"tasksModel"},"interaction":{"idSuffix":"inner"}},"clearTextFirst":true,"interactionType":"ENTER_TEXT"}]}
RESULT: {"script":"<script> [776 bytes]","args":[{"enterText":"wdio1","selector":{"controlType":"sap.m.Input","viewName":"etm.portal.ui.isctemplates.view.New","viewId":"application-isctemplates-display-component---addDetailSafetyAndCompliance","bindingPath":{"path":"/0","propertyPath":"DESCRIPTION","modelName":"tasksModel"},"interaction":{"idSuffix":"inner"}},"clearTextFirst":true,"interactionType":"ENTER_TEXT"}]}
COMMAND: POST /session/d2c3ab5fa88eeda4f21600bf1305f742/execute/async - {"script":"<script> [1562 bytes]","args":[{"selector":{"controlType":"sap.m.Input","viewName":"etm.portal.ui.isctemplates.view.New","viewId":"application-isctemplates-display-component---addDetailSafetyAndCompliance","bindingPath":{"path":"/0","propertyPath":"DURATION_FORMATTED","modelName":"tasksModel"},"interaction":{"idSuffix":"inner"}},"wdio_ui5_key":"etmportal.ui.isctemplates.view.Newsap.m.Input{\"path\":\"/0\",\"propertyPath\":\"DURATION_FORMATTED\",\"modelName\":\"tasksModel\"}"}]}
RESULT: {"script":"<script> [1562 bytes]","args":[{"selector":{"controlType":"sap.m.Input","viewName":"etm.portal.ui.isctemplates.view.New","viewId":"application-isctemplates-display-component---addDetailSafetyAndCompliance","bindingPath":{"path":"/0","propertyPath":"DURATION_FORMATTED","modelName":"tasksModel"},"interaction":{"idSuffix":"inner"}},"wdio_ui5_key":"etmportal.ui.isctemplates.view.Newsap.m.Input{\"path\":\"/0\",\"propertyPath\":\"DURATION_FORMATTED\",\"modelName\":\"tasksModel\"}"}]}
RESULT: undefined
COMMAND: POST /session/d2c3ab5fa88eeda4f21600bf1305f742/execute/async - {"script":"<script> [776 bytes]","args":[{"enterText":"1","selector":{"controlType":"sap.m.Input","viewName":"etm.portal.ui.isctemplates.view.New","viewId":"application-isctemplates-display-component---addDetailSafetyAndCompliance","bindingPath":{"path":"/0","propertyPath":"DURATION_FORMATTED","modelName":"tasksModel"},"interaction":{"idSuffix":"inner"}},"clearTextFirst":true,"interactionType":"ENTER_TEXT"}]}
RESULT: {"script":"<script> [776 bytes]","args":[{"enterText":"1","selector":{"controlType":"sap.m.Input","viewName":"etm.portal.ui.isctemplates.view.New","viewId":"application-isctemplates-display-component---addDetailSafetyAndCompliance","bindingPath":{"path":"/0","propertyPath":"DURATION_FORMATTED","modelName":"tasksModel"},"interaction":{"idSuffix":"inner"}},"clearTextFirst":true,"interactionType":"ENTER_TEXT"}]}
COMMAND: POST /session/d2c3ab5fa88eeda4f21600bf1305f742/execute/async - {"script":"<script> [1562 bytes]","args":[{"selector":{"controlType":"sap.m.ComboBox","viewName":"etm.portal.ui.isctemplates.view.New","viewId":"application-isctemplates-display-component---addDetailSafetyAndCompliance","bindingPath":{"path":"/0","propertyPath":"DURATION_UNIT_OF_MEASURE","modelName":"tasksModel"},"interaction":{"idSuffix":"inner"}},"wdio_ui5_key":"etmportal.ui.isctemplates.view.Newsap.m.ComboBox{\"path\":\"/0\",\"propertyPath\":\"DURATION_UNIT_OF_MEASURE\",\"modelName\":\"tasksModel\"}"}]}
RESULT: {"script":"<script> [1562 bytes]","args":[{"selector":{"controlType":"sap.m.ComboBox","viewName":"etm.portal.ui.isctemplates.view.New","viewId":"application-isctemplates-display-component---addDetailSafetyAndCompliance","bindingPath":{"path":"/0","propertyPath":"DURATION_UNIT_OF_MEASURE","modelName":"tasksModel"},"interaction":{"idSuffix":"inner"}},"wdio_ui5_key":"etmportal.ui.isctemplates.view.Newsap.m.ComboBox{\"path\":\"/0\",\"propertyPath\":\"DURATION_UNIT_OF_MEASURE\",\"modelName\":\"tasksModel\"}"}]}
RESULT: undefined
COMMAND: POST /session/d2c3ab5fa88eeda4f21600bf1305f742/execute/async - {"script":"<script> [776 bytes]","args":[{"enterText":"Days","selector":{"controlType":"sap.m.ComboBox","viewName":"etm.portal.ui.isctemplates.view.New","viewId":"application-isctemplates-display-component---addDetailSafetyAndCompliance","bindingPath":{"path":"/0","propertyPath":"DURATION_UNIT_OF_MEASURE","modelName":"tasksModel"},"interaction":{"idSuffix":"inner"}},"clearTextFirst":true,"interactionType":"ENTER_TEXT"}]}
RESULT: {"script":"<script> [776 bytes]","args":[{"enterText":"Days","selector":{"controlType":"sap.m.ComboBox","viewName":"etm.portal.ui.isctemplates.view.New","viewId":"application-isctemplates-display-component---addDetailSafetyAndCompliance","bindingPath":{"path":"/0","propertyPath":"DURATION_UNIT_OF_MEASURE","modelName":"tasksModel"},"interaction":{"idSuffix":"inner"}},"clearTextFirst":true,"interactionType":"ENTER_TEXT"}]}
COMMAND: POST /session/d2c3ab5fa88eeda4f21600bf1305f742/execute/async - {"script":"<script> [1562 bytes]","args":[{"selector":{"controlType":"netm.SmartInput","viewName":"etm.portal.ui.isctemplates.view.New","viewId":"application-isctemplates-display-component---addDetailSafetyAndCompliance","bindingPath":{"path":"/0","propertyPath":"ACTIVITY_DESCRIPTION","modelName":"tasksModel"},"interaction":{"idSuffix":"inner"}},"wdio_ui5_key":"etmportal.ui.isctemplates.view.Newnetm.SmartInput{\"path\":\"/0\",\"propertyPath\":\"ACTIVITY_DESCRIPTION\",\"modelName\":\"tasksModel\"}"}]}
RESULT: {"script":"<script> [1562 bytes]","args":[{"selector":{"controlType":"netm.SmartInput","viewName":"etm.portal.ui.isctemplates.view.New","viewId":"application-isctemplates-display-component---addDetailSafetyAndCompliance","bindingPath":{"path":"/0","propertyPath":"ACTIVITY_DESCRIPTION","modelName":"tasksModel"},"interaction":{"idSuffix":"inner"}},"wdio_ui5_key":"etmportal.ui.isctemplates.view.Newnetm.SmartInput{\"path\":\"/0\",\"propertyPath\":\"ACTIVITY_DESCRIPTION\",\"modelName\":\"tasksModel\"}"}]}
RESULT: undefined
COMMAND: POST /session/d2c3ab5fa88eeda4f21600bf1305f742/execute/async - {"script":"<script> [776 bytes]","args":[{"enterText":"Standard Hour","selector":{"controlType":"netm.SmartInput","viewName":"etm.portal.ui.isctemplates.view.New","viewId":"application-isctemplates-display-component---addDetailSafetyAndCompliance","bindingPath":{"path":"/0","propertyPath":"ACTIVITY_DESCRIPTION","modelName":"tasksModel"},"interaction":{"idSuffix":"inner"}},"clearTextFirst":true,"interactionType":"ENTER_TEXT"}]}
RESULT: {"script":"<script> [776 bytes]","args":[{"enterText":"Standard Hour","selector":{"controlType":"netm.SmartInput","viewName":"etm.portal.ui.isctemplates.view.New","viewId":"application-isctemplates-display-component---addDetailSafetyAndCompliance","bindingPath":{"path":"/0","propertyPath":"ACTIVITY_DESCRIPTION","modelName":"tasksModel"},"interaction":{"idSuffix":"inner"}},"clearTextFirst":true,"interactionType":"ENTER_TEXT"}]}
COMMAND: POST /session/d2c3ab5fa88eeda4f21600bf1305f742/actions - {"actions":[{"id":"action9","type":"key","parameters":{},"actions":[{"type":"keyDown","value":"î€‡"},{"type":"pause","duration":10},{"type":"keyUp","value":"î€‡"}]}]}
RESULT: {"actions":[{"id":"action9","type":"key","parameters":{},"actions":[{"type":"keyDown","value":"î€‡"},{"type":"pause","duration":10},{"type":"keyUp","value":"î€‡"}]}]}
COMMAND: GET /session/d2c3ab5fa88eeda4f21600bf1305f742/screenshot - {}
RESULT: {}
COMMAND: POST /session/d2c3ab5fa88eeda4f21600bf1305f742/execute/async - {"script":"<script> [1562 bytes]","args":[{"selector":{"controlType":"sap.m.Text","viewName":"etm.portal.ui.isctemplates.view.New","viewId":"application-isctemplates-display-component---addDetailSafetyAndCompliance","bindingPath":{"path":"/YardIscActivity('T01')","propertyPath":"DESCRIPTION"},"searchOpenDialogs":true},"wdio_ui5_key":"etmportal.ui.isctemplates.view.Newsap.m.Text{\"path\":\"/YardIscActivity('T01')\",\"propertyPath\":\"DESCRIPTION\"}"}]}
RESULT: {"script":"<script> [1562 bytes]","args":[{"selector":{"controlType":"sap.m.Text","viewName":"etm.portal.ui.isctemplates.view.New","viewId":"application-isctemplates-display-component---addDetailSafetyAndCompliance","bindingPath":{"path":"/YardIscActivity('T01')","propertyPath":"DESCRIPTION"},"searchOpenDialogs":true},"wdio_ui5_key":"etmportal.ui.isctemplates.view.Newsap.m.Text{\"path\":\"/YardIscActivity('T01')\",\"propertyPath\":\"DESCRIPTION\"}"}]}
RESULT: undefined
COMMAND: POST /session/d2c3ab5fa88eeda4f21600bf1305f742/execute/async - {"script":"<script> [1562 bytes]","args":[{"selector":{"controlType":"sap.m.Input","viewName":"etm.portal.ui.isctemplates.view.New","viewId":"application-isctemplates-display-component---addDetailSafetyAndCompliance","bindingPath":{"path":"/0","propertyPath":"PLAN_FORMATTED","modelName":"tasksModel"},"interaction":{"idSuffix":"inner"}},"wdio_ui5_key":"etmportal.ui.isctemplates.view.Newsap.m.Input{\"path\":\"/0\",\"propertyPath\":\"PLAN_FORMATTED\",\"modelName\":\"tasksModel\"}"}]}
RESULT: {"script":"<script> [1562 bytes]","args":[{"selector":{"controlType":"sap.m.Input","viewName":"etm.portal.ui.isctemplates.view.New","viewId":"application-isctemplates-display-component---addDetailSafetyAndCompliance","bindingPath":{"path":"/0","propertyPath":"PLAN_FORMATTED","modelName":"tasksModel"},"interaction":{"idSuffix":"inner"}},"wdio_ui5_key":"etmportal.ui.isctemplates.view.Newsap.m.Input{\"path\":\"/0\",\"propertyPath\":\"PLAN_FORMATTED\",\"modelName\":\"tasksModel\"}"}]}
RESULT: undefined
COMMAND: POST /session/d2c3ab5fa88eeda4f21600bf1305f742/execute/async - {"script":"<script> [776 bytes]","args":[{"enterText":"3","selector":{"controlType":"sap.m.Input","viewName":"etm.portal.ui.isctemplates.view.New","viewId":"application-isctemplates-display-component---addDetailSafetyAndCompliance","bindingPath":{"path":"/0","propertyPath":"PLAN_FORMATTED","modelName":"tasksModel"},"interaction":{"idSuffix":"inner"}},"clearTextFirst":true,"interactionType":"ENTER_TEXT"}]}
RESULT: {"script":"<script> [776 bytes]","args":[{"enterText":"3","selector":{"controlType":"sap.m.Input","viewName":"etm.portal.ui.isctemplates.view.New","viewId":"application-isctemplates-display-component---addDetailSafetyAndCompliance","bindingPath":{"path":"/0","propertyPath":"PLAN_FORMATTED","modelName":"tasksModel"},"interaction":{"idSuffix":"inner"}},"clearTextFirst":true,"interactionType":"ENTER_TEXT"}]}
COMMAND: POST /session/d2c3ab5fa88eeda4f21600bf1305f742/execute/async - {"script":"<script> [1562 bytes]","args":[{"selector":{"controlType":"netm.SmartInput","viewName":"etm.portal.ui.isctemplates.view.New","viewId":"application-isctemplates-display-component---addDetailSafetyAndCompliance","bindingPath":{"path":"/0","propertyPath":"BILLING_CONDITION_DESCRIPTION","modelName":"tasksModel"},"interaction":{"idSuffix":"inner"}},"wdio_ui5_key":"etmportal.ui.isctemplates.view.Newnetm.SmartInput{\"path\":\"/0\",\"propertyPath\":\"BILLING_CONDITION_DESCRIPTION\",\"modelName\":\"tasksModel\"}"}]}
RESULT: {"script":"<script> [1562 bytes]","args":[{"selector":{"controlType":"netm.SmartInput","viewName":"etm.portal.ui.isctemplates.view.New","viewId":"application-isctemplates-display-component---addDetailSafetyAndCompliance","bindingPath":{"path":"/0","propertyPath":"BILLING_CONDITION_DESCRIPTION","modelName":"tasksModel"},"interaction":{"idSuffix":"inner"}},"wdio_ui5_key":"etmportal.ui.isctemplates.view.Newnetm.SmartInput{\"path\":\"/0\",\"propertyPath\":\"BILLING_CONDITION_DESCRIPTION\",\"modelName\":\"tasksModel\"}"}]}
RESULT: undefined
COMMAND: POST /session/d2c3ab5fa88eeda4f21600bf1305f742/execute/async - {"script":"<script> [776 bytes]","args":[{"enterText":"Manual fee","selector":{"controlType":"netm.SmartInput","viewName":"etm.portal.ui.isctemplates.view.New","viewId":"application-isctemplates-display-component---addDetailSafetyAndCompliance","bindingPath":{"path":"/0","propertyPath":"BILLING_CONDITION_DESCRIPTION","modelName":"tasksModel"},"interaction":{"idSuffix":"inner"}},"clearTextFirst":true,"interactionType":"ENTER_TEXT"}]}
RESULT: {"script":"<script> [776 bytes]","args":[{"enterText":"Manual fee","selector":{"controlType":"netm.SmartInput","viewName":"etm.portal.ui.isctemplates.view.New","viewId":"application-isctemplates-display-component---addDetailSafetyAndCompliance","bindingPath":{"path":"/0","propertyPath":"BILLING_CONDITION_DESCRIPTION","modelName":"tasksModel"},"interaction":{"idSuffix":"inner"}},"clearTextFirst":true,"interactionType":"ENTER_TEXT"}]}
COMMAND: POST /session/d2c3ab5fa88eeda4f21600bf1305f742/actions - {"actions":[{"id":"action10","type":"key","parameters":{},"actions":[{"type":"keyDown","value":"î€‡"},{"type":"pause","duration":10},{"type":"keyUp","value":"î€‡"}]}]}
RESULT: {"actions":[{"id":"action10","type":"key","parameters":{},"actions":[{"type":"keyDown","value":"î€‡"},{"type":"pause","duration":10},{"type":"keyUp","value":"î€‡"}]}]}
COMMAND: GET /session/d2c3ab5fa88eeda4f21600bf1305f742/screenshot - {}
RESULT: {}
RESULT: undefined
COMMAND: POST /session/d2c3ab5fa88eeda4f21600bf1305f742/element - {"using":"xpath","value":"//*[@id=\"application-isctemplates-display-component---addDetailSafetyAndCompliance--createTaskButton\"]"}
RESULT: {"using":"xpath","value":"//*[@id=\"application-isctemplates-display-component---addDetailSafetyAndCompliance--createTaskButton\"]"}
COMMAND: POST /session/d2c3ab5fa88eeda4f21600bf1305f742/element/f.57742D1BD268DE26C52E0F1C75EE3A9C.d.05AD8D050F9E4CB8A0A43F7DA7C2353E.e.1570/click - {}
RESULT: {}
COMMAND: GET /session/d2c3ab5fa88eeda4f21600bf1305f742/screenshot - {}
RESULT: {}
COMMAND: POST /session/d2c3ab5fa88eeda4f21600bf1305f742/execute/async - {"script":"<script> [1562 bytes]","args":[{"selector":{"controlType":"sap.m.Input","viewName":"etm.portal.ui.isctemplates.view.New","viewId":"application-isctemplates-display-component---addDetailSafetyAndCompliance","bindingPath":{"path":"/1","propertyPath":"NAME","modelName":"tasksModel"},"interaction":{"idSuffix":"inner"}},"wdio_ui5_key":"etmportal.ui.isctemplates.view.Newsap.m.Input{\"path\":\"/1\",\"propertyPath\":\"NAME\",\"modelName\":\"tasksModel\"}"}]}
RESULT: {"script":"<script> [1562 bytes]","args":[{"selector":{"controlType":"sap.m.Input","viewName":"etm.portal.ui.isctemplates.view.New","viewId":"application-isctemplates-display-component---addDetailSafetyAndCompliance","bindingPath":{"path":"/1","propertyPath":"NAME","modelName":"tasksModel"},"interaction":{"idSuffix":"inner"}},"wdio_ui5_key":"etmportal.ui.isctemplates.view.Newsap.m.Input{\"path\":\"/1\",\"propertyPath\":\"NAME\",\"modelName\":\"tasksModel\"}"}]}
RESULT: undefined
COMMAND: POST /session/d2c3ab5fa88eeda4f21600bf1305f742/execute/async - {"script":"<script> [776 bytes]","args":[{"enterText":"test2","selector":{"controlType":"sap.m.Input","viewName":"etm.portal.ui.isctemplates.view.New","viewId":"application-isctemplates-display-component---addDetailSafetyAndCompliance","bindingPath":{"path":"/1","propertyPath":"NAME","modelName":"tasksModel"},"interaction":{"idSuffix":"inner"}},"clearTextFirst":true,"interactionType":"ENTER_TEXT"}]}
RESULT: {"script":"<script> [776 bytes]","args":[{"enterText":"test2","selector":{"controlType":"sap.m.Input","viewName":"etm.portal.ui.isctemplates.view.New","viewId":"application-isctemplates-display-component---addDetailSafetyAndCompliance","bindingPath":{"path":"/1","propertyPath":"NAME","modelName":"tasksModel"},"interaction":{"idSuffix":"inner"}},"clearTextFirst":true,"interactionType":"ENTER_TEXT"}]}
COMMAND: POST /session/d2c3ab5fa88eeda4f21600bf1305f742/execute/async - {"script":"<script> [1562 bytes]","args":[{"selector":{"controlType":"sap.m.Input","viewName":"etm.portal.ui.isctemplates.view.New","viewId":"application-isctemplates-display-component---addDetailSafetyAndCompliance","bindingPath":{"path":"/1","propertyPath":"DESCRIPTION","modelName":"tasksModel"},"interaction":{"idSuffix":"inner"}},"wdio_ui5_key":"etmportal.ui.isctemplates.view.Newsap.m.Input{\"path\":\"/1\",\"propertyPath\":\"DESCRIPTION\",\"modelName\":\"tasksModel\"}"}]}
RESULT: {"script":"<script> [1562 bytes]","args":[{"selector":{"controlType":"sap.m.Input","viewName":"etm.portal.ui.isctemplates.view.New","viewId":"application-isctemplates-display-component---addDetailSafetyAndCompliance","bindingPath":{"path":"/1","propertyPath":"DESCRIPTION","modelName":"tasksModel"},"interaction":{"idSuffix":"inner"}},"wdio_ui5_key":"etmportal.ui.isctemplates.view.Newsap.m.Input{\"path\":\"/1\",\"propertyPath\":\"DESCRIPTION\",\"modelName\":\"tasksModel\"}"}]}
RESULT: undefined
COMMAND: POST /session/d2c3ab5fa88eeda4f21600bf1305f742/execute/async - {"script":"<script> [776 bytes]","args":[{"enterText":"wdio2","selector":{"controlType":"sap.m.Input","viewName":"etm.portal.ui.isctemplates.view.New","viewId":"application-isctemplates-display-component---addDetailSafetyAndCompliance","bindingPath":{"path":"/1","propertyPath":"DESCRIPTION","modelName":"tasksModel"},"interaction":{"idSuffix":"inner"}},"clearTextFirst":true,"interactionType":"ENTER_TEXT"}]}
RESULT: {"script":"<script> [776 bytes]","args":[{"enterText":"wdio2","selector":{"controlType":"sap.m.Input","viewName":"etm.portal.ui.isctemplates.view.New","viewId":"application-isctemplates-display-component---addDetailSafetyAndCompliance","bindingPath":{"path":"/1","propertyPath":"DESCRIPTION","modelName":"tasksModel"},"interaction":{"idSuffix":"inner"}},"clearTextFirst":true,"interactionType":"ENTER_TEXT"}]}
COMMAND: POST /session/d2c3ab5fa88eeda4f21600bf1305f742/execute/async - {"script":"<script> [1562 bytes]","args":[{"selector":{"controlType":"sap.m.Input","viewName":"etm.portal.ui.isctemplates.view.New","viewId":"application-isctemplates-display-component---addDetailSafetyAndCompliance","bindingPath":{"path":"/1","propertyPath":"DURATION_FORMATTED","modelName":"tasksModel"},"interaction":{"idSuffix":"inner"}},"wdio_ui5_key":"etmportal.ui.isctemplates.view.Newsap.m.Input{\"path\":\"/1\",\"propertyPath\":\"DURATION_FORMATTED\",\"modelName\":\"tasksModel\"}"}]}
RESULT: {"script":"<script> [1562 bytes]","args":[{"selector":{"controlType":"sap.m.Input","viewName":"etm.portal.ui.isctemplates.view.New","viewId":"application-isctemplates-display-component---addDetailSafetyAndCompliance","bindingPath":{"path":"/1","propertyPath":"DURATION_FORMATTED","modelName":"tasksModel"},"interaction":{"idSuffix":"inner"}},"wdio_ui5_key":"etmportal.ui.isctemplates.view.Newsap.m.Input{\"path\":\"/1\",\"propertyPath\":\"DURATION_FORMATTED\",\"modelName\":\"tasksModel\"}"}]}
RESULT: undefined
COMMAND: POST /session/d2c3ab5fa88eeda4f21600bf1305f742/execute/async - {"script":"<script> [776 bytes]","args":[{"enterText":"1","selector":{"controlType":"sap.m.Input","viewName":"etm.portal.ui.isctemplates.view.New","viewId":"application-isctemplates-display-component---addDetailSafetyAndCompliance","bindingPath":{"path":"/1","propertyPath":"DURATION_FORMATTED","modelName":"tasksModel"},"interaction":{"idSuffix":"inner"}},"clearTextFirst":true,"interactionType":"ENTER_TEXT"}]}
RESULT: {"script":"<script> [776 bytes]","args":[{"enterText":"1","selector":{"controlType":"sap.m.Input","viewName":"etm.portal.ui.isctemplates.view.New","viewId":"application-isctemplates-display-component---addDetailSafetyAndCompliance","bindingPath":{"path":"/1","propertyPath":"DURATION_FORMATTED","modelName":"tasksModel"},"interaction":{"idSuffix":"inner"}},"clearTextFirst":true,"interactionType":"ENTER_TEXT"}]}
COMMAND: POST /session/d2c3ab5fa88eeda4f21600bf1305f742/execute/async - {"script":"<script> [1562 bytes]","args":[{"selector":{"controlType":"sap.m.ComboBox","viewName":"etm.portal.ui.isctemplates.view.New","viewId":"application-isctemplates-display-component---addDetailSafetyAndCompliance","bindingPath":{"path":"/1","propertyPath":"DURATION_UNIT_OF_MEASURE","modelName":"tasksModel"},"interaction":{"idSuffix":"inner"}},"wdio_ui5_key":"etmportal.ui.isctemplates.view.Newsap.m.ComboBox{\"path\":\"/1\",\"propertyPath\":\"DURATION_UNIT_OF_MEASURE\",\"modelName\":\"tasksModel\"}"}]}
RESULT: {"script":"<script> [1562 bytes]","args":[{"selector":{"controlType":"sap.m.ComboBox","viewName":"etm.portal.ui.isctemplates.view.New","viewId":"application-isctemplates-display-component---addDetailSafetyAndCompliance","bindingPath":{"path":"/1","propertyPath":"DURATION_UNIT_OF_MEASURE","modelName":"tasksModel"},"interaction":{"idSuffix":"inner"}},"wdio_ui5_key":"etmportal.ui.isctemplates.view.Newsap.m.ComboBox{\"path\":\"/1\",\"propertyPath\":\"DURATION_UNIT_OF_MEASURE\",\"modelName\":\"tasksModel\"}"}]}
RESULT: undefined
COMMAND: POST /session/d2c3ab5fa88eeda4f21600bf1305f742/execute/async - {"script":"<script> [776 bytes]","args":[{"enterText":"Days","selector":{"controlType":"sap.m.ComboBox","viewName":"etm.portal.ui.isctemplates.view.New","viewId":"application-isctemplates-display-component---addDetailSafetyAndCompliance","bindingPath":{"path":"/1","propertyPath":"DURATION_UNIT_OF_MEASURE","modelName":"tasksModel"},"interaction":{"idSuffix":"inner"}},"clearTextFirst":true,"interactionType":"ENTER_TEXT"}]}
RESULT: {"script":"<script> [776 bytes]","args":[{"enterText":"Days","selector":{"controlType":"sap.m.ComboBox","viewName":"etm.portal.ui.isctemplates.view.New","viewId":"application-isctemplates-display-component---addDetailSafetyAndCompliance","bindingPath":{"path":"/1","propertyPath":"DURATION_UNIT_OF_MEASURE","modelName":"tasksModel"},"interaction":{"idSuffix":"inner"}},"clearTextFirst":true,"interactionType":"ENTER_TEXT"}]}
COMMAND: POST /session/d2c3ab5fa88eeda4f21600bf1305f742/execute/async - {"script":"<script> [1562 bytes]","args":[{"selector":{"controlType":"netm.SmartInput","viewName":"etm.portal.ui.isctemplates.view.New","viewId":"application-isctemplates-display-component---addDetailSafetyAndCompliance","bindingPath":{"path":"/1","propertyPath":"ACTIVITY_DESCRIPTION","modelName":"tasksModel"},"interaction":{"idSuffix":"inner"}},"wdio_ui5_key":"etmportal.ui.isctemplates.view.Newnetm.SmartInput{\"path\":\"/1\",\"propertyPath\":\"ACTIVITY_DESCRIPTION\",\"modelName\":\"tasksModel\"}"}]}
RESULT: {"script":"<script> [1562 bytes]","args":[{"selector":{"controlType":"netm.SmartInput","viewName":"etm.portal.ui.isctemplates.view.New","viewId":"application-isctemplates-display-component---addDetailSafetyAndCompliance","bindingPath":{"path":"/1","propertyPath":"ACTIVITY_DESCRIPTION","modelName":"tasksModel"},"interaction":{"idSuffix":"inner"}},"wdio_ui5_key":"etmportal.ui.isctemplates.view.Newnetm.SmartInput{\"path\":\"/1\",\"propertyPath\":\"ACTIVITY_DESCRIPTION\",\"modelName\":\"tasksModel\"}"}]}
RESULT: undefined
COMMAND: POST /session/d2c3ab5fa88eeda4f21600bf1305f742/execute/async - {"script":"<script> [776 bytes]","args":[{"enterText":"Standard Hour","selector":{"controlType":"netm.SmartInput","viewName":"etm.portal.ui.isctemplates.view.New","viewId":"application-isctemplates-display-component---addDetailSafetyAndCompliance","bindingPath":{"path":"/1","propertyPath":"ACTIVITY_DESCRIPTION","modelName":"tasksModel"},"interaction":{"idSuffix":"inner"}},"clearTextFirst":true,"interactionType":"ENTER_TEXT"}]}
RESULT: {"script":"<script> [776 bytes]","args":[{"enterText":"Standard Hour","selector":{"controlType":"netm.SmartInput","viewName":"etm.portal.ui.isctemplates.view.New","viewId":"application-isctemplates-display-component---addDetailSafetyAndCompliance","bindingPath":{"path":"/1","propertyPath":"ACTIVITY_DESCRIPTION","modelName":"tasksModel"},"interaction":{"idSuffix":"inner"}},"clearTextFirst":true,"interactionType":"ENTER_TEXT"}]}
COMMAND: POST /session/d2c3ab5fa88eeda4f21600bf1305f742/actions - {"actions":[{"id":"action11","type":"key","parameters":{},"actions":[{"type":"keyDown","value":"î€‡"},{"type":"pause","duration":10},{"type":"keyUp","value":"î€‡"}]}]}
RESULT: {"actions":[{"id":"action11","type":"key","parameters":{},"actions":[{"type":"keyDown","value":"î€‡"},{"type":"pause","duration":10},{"type":"keyUp","value":"î€‡"}]}]}
COMMAND: GET /session/d2c3ab5fa88eeda4f21600bf1305f742/screenshot - {}
RESULT: {}
COMMAND: POST /session/d2c3ab5fa88eeda4f21600bf1305f742/execute/async - {"script":"<script> [1562 bytes]","args":[{"selector":{"controlType":"sap.m.Input","viewName":"etm.portal.ui.isctemplates.view.New","viewId":"application-isctemplates-display-component---addDetailSafetyAndCompliance","bindingPath":{"path":"/1","propertyPath":"PLAN_FORMATTED","modelName":"tasksModel"},"interaction":{"idSuffix":"inner"}},"wdio_ui5_key":"etmportal.ui.isctemplates.view.Newsap.m.Input{\"path\":\"/1\",\"propertyPath\":\"PLAN_FORMATTED\",\"modelName\":\"tasksModel\"}"}]}
RESULT: {"script":"<script> [1562 bytes]","args":[{"selector":{"controlType":"sap.m.Input","viewName":"etm.portal.ui.isctemplates.view.New","viewId":"application-isctemplates-display-component---addDetailSafetyAndCompliance","bindingPath":{"path":"/1","propertyPath":"PLAN_FORMATTED","modelName":"tasksModel"},"interaction":{"idSuffix":"inner"}},"wdio_ui5_key":"etmportal.ui.isctemplates.view.Newsap.m.Input{\"path\":\"/1\",\"propertyPath\":\"PLAN_FORMATTED\",\"modelName\":\"tasksModel\"}"}]}
RESULT: undefined
COMMAND: POST /session/d2c3ab5fa88eeda4f21600bf1305f742/execute/async - {"script":"<script> [776 bytes]","args":[{"enterText":"3","selector":{"controlType":"sap.m.Input","viewName":"etm.portal.ui.isctemplates.view.New","viewId":"application-isctemplates-display-component---addDetailSafetyAndCompliance","bindingPath":{"path":"/1","propertyPath":"PLAN_FORMATTED","modelName":"tasksModel"},"interaction":{"idSuffix":"inner"}},"clearTextFirst":true,"interactionType":"ENTER_TEXT"}]}
RESULT: {"script":"<script> [776 bytes]","args":[{"enterText":"3","selector":{"controlType":"sap.m.Input","viewName":"etm.portal.ui.isctemplates.view.New","viewId":"application-isctemplates-display-component---addDetailSafetyAndCompliance","bindingPath":{"path":"/1","propertyPath":"PLAN_FORMATTED","modelName":"tasksModel"},"interaction":{"idSuffix":"inner"}},"clearTextFirst":true,"interactionType":"ENTER_TEXT"}]}
COMMAND: POST /session/d2c3ab5fa88eeda4f21600bf1305f742/execute/async - {"script":"<script> [1562 bytes]","args":[{"selector":{"controlType":"netm.SmartInput","viewName":"etm.portal.ui.isctemplates.view.New","viewId":"application-isctemplates-display-component---addDetailSafetyAndCompliance","bindingPath":{"path":"/1","propertyPath":"BILLING_CONDITION_DESCRIPTION","modelName":"tasksModel"},"interaction":{"idSuffix":"inner"}},"wdio_ui5_key":"etmportal.ui.isctemplates.view.Newnetm.SmartInput{\"path\":\"/1\",\"propertyPath\":\"BILLING_CONDITION_DESCRIPTION\",\"modelName\":\"tasksModel\"}"}]}
RESULT: {"script":"<script> [1562 bytes]","args":[{"selector":{"controlType":"netm.SmartInput","viewName":"etm.portal.ui.isctemplates.view.New","viewId":"application-isctemplates-display-component---addDetailSafetyAndCompliance","bindingPath":{"path":"/1","propertyPath":"BILLING_CONDITION_DESCRIPTION","modelName":"tasksModel"},"interaction":{"idSuffix":"inner"}},"wdio_ui5_key":"etmportal.ui.isctemplates.view.Newnetm.SmartInput{\"path\":\"/1\",\"propertyPath\":\"BILLING_CONDITION_DESCRIPTION\",\"modelName\":\"tasksModel\"}"}]}
RESULT: undefined
COMMAND: POST /session/d2c3ab5fa88eeda4f21600bf1305f742/execute/async - {"script":"<script> [776 bytes]","args":[{"enterText":"Manual fee","selector":{"controlType":"netm.SmartInput","viewName":"etm.portal.ui.isctemplates.view.New","viewId":"application-isctemplates-display-component---addDetailSafetyAndCompliance","bindingPath":{"path":"/1","propertyPath":"BILLING_CONDITION_DESCRIPTION","modelName":"tasksModel"},"interaction":{"idSuffix":"inner"}},"clearTextFirst":true,"interactionType":"ENTER_TEXT"}]}
RESULT: {"script":"<script> [776 bytes]","args":[{"enterText":"Manual fee","selector":{"controlType":"netm.SmartInput","viewName":"etm.portal.ui.isctemplates.view.New","viewId":"application-isctemplates-display-component---addDetailSafetyAndCompliance","bindingPath":{"path":"/1","propertyPath":"BILLING_CONDITION_DESCRIPTION","modelName":"tasksModel"},"interaction":{"idSuffix":"inner"}},"clearTextFirst":true,"interactionType":"ENTER_TEXT"}]}
COMMAND: POST /session/d2c3ab5fa88eeda4f21600bf1305f742/actions - {"actions":[{"id":"action12","type":"key","parameters":{},"actions":[{"type":"keyDown","value":"î€‡"},{"type":"pause","duration":10},{"type":"keyUp","value":"î€‡"}]}]}
RESULT: {"actions":[{"id":"action12","type":"key","parameters":{},"actions":[{"type":"keyDown","value":"î€‡"},{"type":"pause","duration":10},{"type":"keyUp","value":"î€‡"}]}]}
COMMAND: GET /session/d2c3ab5fa88eeda4f21600bf1305f742/screenshot - {}
RESULT: {}
COMMAND: POST /session/d2c3ab5fa88eeda4f21600bf1305f742/execute/async - {"script":"<script> [1562 bytes]","args":[{"selector":{"controlType":"sap.m.Button","viewName":"etm.portal.ui.isctemplates.view.New","viewId":"application-isctemplates-display-component---addDetailSafetyAndCompliance","properties":{"text":"Spare parts"},"interaction":{"idSuffix":"BDI-content"}},"wdio_ui5_key":"etmportal.ui.isctemplates.view.Newsap.m.Button{\"text\":\"Spare parts\"}"}]}
RESULT: {"script":"<script> [1562 bytes]","args":[{"selector":{"controlType":"sap.m.Button","viewName":"etm.portal.ui.isctemplates.view.New","viewId":"application-isctemplates-display-component---addDetailSafetyAndCompliance","properties":{"text":"Spare parts"},"interaction":{"idSuffix":"BDI-content"}},"wdio_ui5_key":"etmportal.ui.isctemplates.view.Newsap.m.Button{\"text\":\"Spare parts\"}"}]}
RESULT: undefined
COMMAND: POST /session/d2c3ab5fa88eeda4f21600bf1305f742/element - {"using":"xpath","value":"//*[@id=\"__layout30-anchBar-__section5-anchor\"]"}
RESULT: {"using":"xpath","value":"//*[@id=\"__layout30-anchBar-__section5-anchor\"]"}
COMMAND: POST /session/d2c3ab5fa88eeda4f21600bf1305f742/element/f.57742D1BD268DE26C52E0F1C75EE3A9C.d.05AD8D050F9E4CB8A0A43F7DA7C2353E.e.1606/click - {}
RESULT: {}
COMMAND: GET /session/d2c3ab5fa88eeda4f21600bf1305f742/screenshot - {}
RESULT: {}
COMMAND: POST /session/d2c3ab5fa88eeda4f21600bf1305f742/execute/async - {"script":"<script> [1562 bytes]","args":[{"selector":{"controlType":"sap.ui.core.Icon","viewName":"etm.portal.ui.isctemplates.view.New","viewId":"application-isctemplates-display-component---addDetailSafetyAndCompliance","properties":{"src":{"regex":{"source":"add"}}},"ancestor":{"controlType":"sap.m.Button","viewName":"etm.portal.ui.isctemplates.view.New","viewId":"application-isctemplates-display-component---addDetailSafetyAndCompliance","i18NText":{"propertyName":"tooltip","key":"create"}}},"wdio_ui5_key":"etmportal.ui.isctemplates.view.Newsap.ui.core.Icon{\"src\":{\"regex\":{\"source\":\"add\"}}}{\"controlType\":\"sap.m.Button\",\"viewName\":\"etm.portal.ui.isctemplates.view.New\",\"viewId\":\"application-isctemplates-display-component---addDetailSafetyAndCompliance\",\"i18NText\":{\"propertyName\":\"tooltip\",\"key\":\"create\"}}"}]}
RESULT: {"script":"<script> [1562 bytes]","args":[{"selector":{"controlType":"sap.ui.core.Icon","viewName":"etm.portal.ui.isctemplates.view.New","viewId":"application-isctemplates-display-component---addDetailSafetyAndCompliance","properties":{"src":{"regex":{"source":"add"}}},"ancestor":{"controlType":"sap.m.Button","viewName":"etm.portal.ui.isctemplates.view.New","viewId":"application-isctemplates-display-component---addDetailSafetyAndCompliance","i18NText":{"propertyName":"tooltip","key":"create"}}},"wdio_ui5_key":"etmportal.ui.isctemplates.view.Newsap.ui.core.Icon{\"src\":{\"regex\":{\"source\":\"add\"}}}{\"controlType\":\"sap.m.Button\",\"viewName\":\"etm.portal.ui.isctemplates.view.New\",\"viewId\":\"application-isctemplates-display-component---addDetailSafetyAndCompliance\",\"i18NText\":{\"propertyName\":\"tooltip\",\"key\":\"create\"}}"}]}
RESULT: undefined
COMMAND: POST /session/d2c3ab5fa88eeda4f21600bf1305f742/element - {"using":"xpath","value":"//*[@id=\"__button16-img\"]"}
RESULT: {"using":"xpath","value":"//*[@id=\"__button16-img\"]"}
COMMAND: POST /session/d2c3ab5fa88eeda4f21600bf1305f742/element/f.57742D1BD268DE26C52E0F1C75EE3A9C.d.05AD8D050F9E4CB8A0A43F7DA7C2353E.e.1609/click - {}
RESULT: {}
COMMAND: GET /session/d2c3ab5fa88eeda4f21600bf1305f742/screenshot - {}
RESULT: {}
COMMAND: POST /session/d2c3ab5fa88eeda4f21600bf1305f742/execute/async - {"script":"<script> [1562 bytes]","args":[{"selector":{"controlType":"sap.m.Input","viewName":"etm.portal.ui.isctemplates.view.New","viewId":"application-isctemplates-display-component---addDetailSafetyAndCompliance","bindingPath":{"path":"/0","propertyPath":"INPUT_ITEM","modelName":"sparePartsModel"},"interaction":{"idSuffix":"inner"}},"wdio_ui5_key":"etmportal.ui.isctemplates.view.Newsap.m.Input{\"path\":\"/0\",\"propertyPath\":\"INPUT_ITEM\",\"modelName\":\"sparePartsModel\"}"}]}
RESULT: {"script":"<script> [1562 bytes]","args":[{"selector":{"controlType":"sap.m.Input","viewName":"etm.portal.ui.isctemplates.view.New","viewId":"application-isctemplates-display-component---addDetailSafetyAndCompliance","bindingPath":{"path":"/0","propertyPath":"INPUT_ITEM","modelName":"sparePartsModel"},"interaction":{"idSuffix":"inner"}},"wdio_ui5_key":"etmportal.ui.isctemplates.view.Newsap.m.Input{\"path\":\"/0\",\"propertyPath\":\"INPUT_ITEM\",\"modelName\":\"sparePartsModel\"}"}]}
RESULT: undefined
COMMAND: POST /session/d2c3ab5fa88eeda4f21600bf1305f742/execute/async - {"script":"<script> [776 bytes]","args":[{"enterText":"10","selector":{"controlType":"sap.m.Input","viewName":"etm.portal.ui.isctemplates.view.New","viewId":"application-isctemplates-display-component---addDetailSafetyAndCompliance","bindingPath":{"path":"/0","propertyPath":"INPUT_ITEM","modelName":"sparePartsModel"},"interaction":{"idSuffix":"inner"}},"clearTextFirst":true,"interactionType":"ENTER_TEXT"}]}
RESULT: {"script":"<script> [776 bytes]","args":[{"enterText":"10","selector":{"controlType":"sap.m.Input","viewName":"etm.portal.ui.isctemplates.view.New","viewId":"application-isctemplates-display-component---addDetailSafetyAndCompliance","bindingPath":{"path":"/0","propertyPath":"INPUT_ITEM","modelName":"sparePartsModel"},"interaction":{"idSuffix":"inner"}},"clearTextFirst":true,"interactionType":"ENTER_TEXT"}]}
COMMAND: POST /session/d2c3ab5fa88eeda4f21600bf1305f742/execute/async - {"script":"<script> [1562 bytes]","args":[{"selector":{"controlType":"sap.m.Input","viewName":"etm.portal.ui.isctemplates.view.New","viewId":"application-isctemplates-display-component---addDetailSafetyAndCompliance","bindingPath":{"path":"/0","propertyPath":"DESCRIPTION","modelName":"sparePartsModel"},"interaction":{"idSuffix":"inner"}},"wdio_ui5_key":"etmportal.ui.isctemplates.view.Newsap.m.Input{\"path\":\"/0\",\"propertyPath\":\"DESCRIPTION\",\"modelName\":\"sparePartsModel\"}"}]}
RESULT: {"script":"<script> [1562 bytes]","args":[{"selector":{"controlType":"sap.m.Input","viewName":"etm.portal.ui.isctemplates.view.New","viewId":"application-isctemplates-display-component---addDetailSafetyAndCompliance","bindingPath":{"path":"/0","propertyPath":"DESCRIPTION","modelName":"sparePartsModel"},"interaction":{"idSuffix":"inner"}},"wdio_ui5_key":"etmportal.ui.isctemplates.view.Newsap.m.Input{\"path\":\"/0\",\"propertyPath\":\"DESCRIPTION\",\"modelName\":\"sparePartsModel\"}"}]}
RESULT: undefined
COMMAND: POST /session/d2c3ab5fa88eeda4f21600bf1305f742/execute/async - {"script":"<script> [776 bytes]","args":[{"enterText":"Spare part wdIO","selector":{"controlType":"sap.m.Input","viewName":"etm.portal.ui.isctemplates.view.New","viewId":"application-isctemplates-display-component---addDetailSafetyAndCompliance","bindingPath":{"path":"/0","propertyPath":"DESCRIPTION","modelName":"sparePartsModel"},"interaction":{"idSuffix":"inner"}},"clearTextFirst":true,"interactionType":"ENTER_TEXT"}]}
RESULT: {"script":"<script> [776 bytes]","args":[{"enterText":"Spare part wdIO","selector":{"controlType":"sap.m.Input","viewName":"etm.portal.ui.isctemplates.view.New","viewId":"application-isctemplates-display-component---addDetailSafetyAndCompliance","bindingPath":{"path":"/0","propertyPath":"DESCRIPTION","modelName":"sparePartsModel"},"interaction":{"idSuffix":"inner"}},"clearTextFirst":true,"interactionType":"ENTER_TEXT"}]}
COMMAND: POST /session/d2c3ab5fa88eeda4f21600bf1305f742/actions - {"actions":[{"id":"action13","type":"key","parameters":{},"actions":[{"type":"keyDown","value":"î€„"},{"type":"pause","duration":10},{"type":"keyUp","value":"î€„"}]}]}
RESULT: {"actions":[{"id":"action13","type":"key","parameters":{},"actions":[{"type":"keyDown","value":"î€„"},{"type":"pause","duration":10},{"type":"keyUp","value":"î€„"}]}]}
COMMAND: GET /session/d2c3ab5fa88eeda4f21600bf1305f742/screenshot - {}
RESULT: {}
COMMAND: POST /session/d2c3ab5fa88eeda4f21600bf1305f742/actions - {"actions":[{"id":"action14","type":"key","parameters":{},"actions":[{"type":"keyDown","value":"î€‡"},{"type":"pause","duration":10},{"type":"keyUp","value":"î€‡"}]}]}
RESULT: {"actions":[{"id":"action14","type":"key","parameters":{},"actions":[{"type":"keyDown","value":"î€‡"},{"type":"pause","duration":10},{"type":"keyUp","value":"î€‡"}]}]}
COMMAND: GET /session/d2c3ab5fa88eeda4f21600bf1305f742/screenshot - {}
RESULT: {}
COMMAND: POST /session/d2c3ab5fa88eeda4f21600bf1305f742/element - {"using":"xpath","value":"(//input[contains(@type ,\"search\")][contains(@aria-label ,\"Search\")])[1]"}
RESULT: {"using":"xpath","value":"(//input[contains(@type ,\"search\")][contains(@aria-label ,\"Search\")])[1]"}
COMMAND: POST /session/d2c3ab5fa88eeda4f21600bf1305f742/element/f.57742D1BD268DE26C52E0F1C75EE3A9C.d.05AD8D050F9E4CB8A0A43F7DA7C2353E.e.1617/clear - {}
RESULT: {}
COMMAND: POST /session/d2c3ab5fa88eeda4f21600bf1305f742/element/f.57742D1BD268DE26C52E0F1C75EE3A9C.d.05AD8D050F9E4CB8A0A43F7DA7C2353E.e.1617/value - {"text":"200013"}
COMMAND: GET /session/d2c3ab5fa88eeda4f21600bf1305f742/screenshot - {}
RESULT: {"text":"200013"}
COMMAND: GET /session/d2c3ab5fa88eeda4f21600bf1305f742/screenshot - {}
RESULT: {}
RESULT: {}
COMMAND: POST /session/d2c3ab5fa88eeda4f21600bf1305f742/actions - {"actions":[{"id":"action15","type":"key","parameters":{},"actions":[{"type":"keyDown","value":"î€‡"},{"type":"pause","duration":10},{"type":"keyUp","value":"î€‡"}]}]}
RESULT: {"actions":[{"id":"action15","type":"key","parameters":{},"actions":[{"type":"keyDown","value":"î€‡"},{"type":"pause","duration":10},{"type":"keyUp","value":"î€‡"}]}]}
COMMAND: GET /session/d2c3ab5fa88eeda4f21600bf1305f742/screenshot - {}
RESULT: {}
COMMAND: POST /session/d2c3ab5fa88eeda4f21600bf1305f742/element - {"using":"xpath","value":"(//span[contains(text(), \"Material\")])[1]"}
RESULT: {"using":"xpath","value":"(//span[contains(text(), \"Material\")])[1]"}
COMMAND: POST /session/d2c3ab5fa88eeda4f21600bf1305f742/element/f.57742D1BD268DE26C52E0F1C75EE3A9C.d.05AD8D050F9E4CB8A0A43F7DA7C2353E.e.1641/click - {}
RESULT: {}
COMMAND: GET /session/d2c3ab5fa88eeda4f21600bf1305f742/screenshot - {}
RESULT: {}
COMMAND: POST /session/d2c3ab5fa88eeda4f21600bf1305f742/execute/async - {"script":"<script> [1562 bytes]","args":[{"selector":{"controlType":"sap.m.Input","viewName":"etm.portal.ui.isctemplates.view.New","viewId":"application-isctemplates-display-component---addDetailSafetyAndCompliance","bindingPath":{"path":"/0","propertyPath":"INPUT_PLANNED_QUANTITY","modelName":"sparePartsModel"},"interaction":{"idSuffix":"inner"}},"wdio_ui5_key":"etmportal.ui.isctemplates.view.Newsap.m.Input{\"path\":\"/0\",\"propertyPath\":\"INPUT_PLANNED_QUANTITY\",\"modelName\":\"sparePartsModel\"}"}]}
RESULT: {"script":"<script> [1562 bytes]","args":[{"selector":{"controlType":"sap.m.Input","viewName":"etm.portal.ui.isctemplates.view.New","viewId":"application-isctemplates-display-component---addDetailSafetyAndCompliance","bindingPath":{"path":"/0","propertyPath":"INPUT_PLANNED_QUANTITY","modelName":"sparePartsModel"},"interaction":{"idSuffix":"inner"}},"wdio_ui5_key":"etmportal.ui.isctemplates.view.Newsap.m.Input{\"path\":\"/0\",\"propertyPath\":\"INPUT_PLANNED_QUANTITY\",\"modelName\":\"sparePartsModel\"}"}]}
RESULT: undefined
COMMAND: POST /session/d2c3ab5fa88eeda4f21600bf1305f742/execute/async - {"script":"<script> [776 bytes]","args":[{"enterText":"2","selector":{"controlType":"sap.m.Input","viewName":"etm.portal.ui.isctemplates.view.New","viewId":"application-isctemplates-display-component---addDetailSafetyAndCompliance","bindingPath":{"path":"/0","propertyPath":"INPUT_PLANNED_QUANTITY","modelName":"sparePartsModel"},"interaction":{"idSuffix":"inner"}},"clearTextFirst":true,"interactionType":"ENTER_TEXT"}]}
RESULT: {"script":"<script> [776 bytes]","args":[{"enterText":"2","selector":{"controlType":"sap.m.Input","viewName":"etm.portal.ui.isctemplates.view.New","viewId":"application-isctemplates-display-component---addDetailSafetyAndCompliance","bindingPath":{"path":"/0","propertyPath":"INPUT_PLANNED_QUANTITY","modelName":"sparePartsModel"},"interaction":{"idSuffix":"inner"}},"clearTextFirst":true,"interactionType":"ENTER_TEXT"}]}
COMMAND: POST /session/d2c3ab5fa88eeda4f21600bf1305f742/execute/async - {"script":"<script> [1562 bytes]","args":[{"selector":{"controlType":"netm.SmartInput","viewName":"etm.portal.ui.isctemplates.view.New","viewId":"application-isctemplates-display-component---addDetailSafetyAndCompliance","bindingPath":{"path":"/0","propertyPath":"ITEM_TYPE_GROUP","modelName":"sparePartsModel"},"interaction":{"idSuffix":"inner"}},"wdio_ui5_key":"etmportal.ui.isctemplates.view.Newnetm.SmartInput{\"path\":\"/0\",\"propertyPath\":\"ITEM_TYPE_GROUP\",\"modelName\":\"sparePartsModel\"}"}]}
RESULT: {"script":"<script> [1562 bytes]","args":[{"selector":{"controlType":"netm.SmartInput","viewName":"etm.portal.ui.isctemplates.view.New","viewId":"application-isctemplates-display-component---addDetailSafetyAndCompliance","bindingPath":{"path":"/0","propertyPath":"ITEM_TYPE_GROUP","modelName":"sparePartsModel"},"interaction":{"idSuffix":"inner"}},"wdio_ui5_key":"etmportal.ui.isctemplates.view.Newnetm.SmartInput{\"path\":\"/0\",\"propertyPath\":\"ITEM_TYPE_GROUP\",\"modelName\":\"sparePartsModel\"}"}]}
RESULT: undefined
COMMAND: POST /session/d2c3ab5fa88eeda4f21600bf1305f742/execute/async - {"script":"<script> [776 bytes]","args":[{"enterText":"Manual fee","selector":{"controlType":"netm.SmartInput","viewName":"etm.portal.ui.isctemplates.view.New","viewId":"application-isctemplates-display-component---addDetailSafetyAndCompliance","bindingPath":{"path":"/0","propertyPath":"ITEM_TYPE_GROUP","modelName":"sparePartsModel"},"interaction":{"idSuffix":"inner"}},"clearTextFirst":true,"interactionType":"ENTER_TEXT"}]}
RESULT: {"script":"<script> [776 bytes]","args":[{"enterText":"Manual fee","selector":{"controlType":"netm.SmartInput","viewName":"etm.portal.ui.isctemplates.view.New","viewId":"application-isctemplates-display-component---addDetailSafetyAndCompliance","bindingPath":{"path":"/0","propertyPath":"ITEM_TYPE_GROUP","modelName":"sparePartsModel"},"interaction":{"idSuffix":"inner"}},"clearTextFirst":true,"interactionType":"ENTER_TEXT"}]}
COMMAND: POST /session/d2c3ab5fa88eeda4f21600bf1305f742/actions - {"actions":[{"id":"action16","type":"key","parameters":{},"actions":[{"type":"keyDown","value":"î€‡"},{"type":"pause","duration":10},{"type":"keyUp","value":"î€‡"}]}]}
RESULT: {"actions":[{"id":"action16","type":"key","parameters":{},"actions":[{"type":"keyDown","value":"î€‡"},{"type":"pause","duration":10},{"type":"keyUp","value":"î€‡"}]}]}
COMMAND: GET /session/d2c3ab5fa88eeda4f21600bf1305f742/screenshot - {}
RESULT: {}
COMMAND: POST /session/d2c3ab5fa88eeda4f21600bf1305f742/execute/async - {"script":"<script> [1562 bytes]","args":[{"selector":{"id":"application-isctemplates-display-component---addDetailSafetyAndCompliance--saveBtn","interaction":{"idSuffix":"BDI-content"}},"wdio_ui5_key":"applicationisctemplates-display-component---addDetailSafetyAndCompliance--saveBtn"}]}
RESULT: {"script":"<script> [1562 bytes]","args":[{"selector":{"id":"application-isctemplates-display-component---addDetailSafetyAndCompliance--saveBtn","interaction":{"idSuffix":"BDI-content"}},"wdio_ui5_key":"applicationisctemplates-display-component---addDetailSafetyAndCompliance--saveBtn"}]}
RESULT: undefined
COMMAND: POST /session/d2c3ab5fa88eeda4f21600bf1305f742/element - {"using":"xpath","value":"//*[@id=\"application-isctemplates-display-component---addDetailSafetyAndCompliance--saveBtn\"]"}
RESULT: {"using":"xpath","value":"//*[@id=\"application-isctemplates-display-component---addDetailSafetyAndCompliance--saveBtn\"]"}
COMMAND: POST /session/d2c3ab5fa88eeda4f21600bf1305f742/element/f.57742D1BD268DE26C52E0F1C75EE3A9C.d.05AD8D050F9E4CB8A0A43F7DA7C2353E.e.1421/click - {}
RESULT: {}
COMMAND: GET /session/d2c3ab5fa88eeda4f21600bf1305f742/screenshot - {}
RESULT: {}
COMMAND: POST /session/d2c3ab5fa88eeda4f21600bf1305f742/element - {"using":"xpath","value":"//div[contains(@id, \"expand-wrapper\")]/span"}
RESULT: {"using":"xpath","value":"//div[contains(@id, \"expand-wrapper\")]/span"}
COMMAND: GET /session/d2c3ab5fa88eeda4f21600bf1305f742/element/f.57742D1BD268DE26C52E0F1C75EE3A9C.d.05AD8D050F9E4CB8A0A43F7DA7C2353E.e.1659/text - {}
RESULT: {}
COMMAND: POST /session/d2c3ab5fa88eeda4f21600bf1305f742/element - {"using":"css selector","value":"#shell-header-logo"}
RESULT: {"using":"css selector","value":"#shell-header-logo"}
COMMAND: POST /session/d2c3ab5fa88eeda4f21600bf1305f742/element/f.57742D1BD268DE26C52E0F1C75EE3A9C.d.05AD8D050F9E4CB8A0A43F7DA7C2353E.e.1049/click - {}
RESULT: {}
COMMAND: GET /session/d2c3ab5fa88eeda4f21600bf1305f742/screenshot - {}
RESULT: {}
]]></system-out>
    </testcase>
  </testsuite>
  <testsuite timestamp="2025-06-04T05:27:58" time="727.609" tests="6" failures="0" errors="0" skipped="0">
    <properties>
      <property name="specId" value="0" />
      <property name="suiteName" value="ISC Schedule - Time schedule US156838" />
      <property name="capabilities" value="chrome.136_0_7103_93.windows" />
      <property name="file" value="file:///D:/a/1/s/test/specs/ISC/isc-schedule-time-schedule.spec.js" />
    </properties>
    <testcase classname="chrome.136_0_7103_93.windows.ISC_Schedule_-_Time_schedule_US156838" name="Should create a new equipment and stock increase it" time="228.999">
      <system-out><![CDATA[
COMMAND: POST /session/d2c3ab5fa88eeda4f21600bf1305f742/execute/async - {"script":"<script> [1562 bytes]","args":[{"selector":{"controlType":"sap.m.GenericTile","properties":{"header":"Manage Resources"}},"wdio_ui5_key":"sapm.GenericTile{\"header\":\"Manage Resources\"}"}]}
RESULT: {"script":"<script> [1562 bytes]","args":[{"selector":{"controlType":"sap.m.GenericTile","properties":{"header":"Manage Resources"}},"wdio_ui5_key":"sapm.GenericTile{\"header\":\"Manage Resources\"}"}]}
RESULT: undefined
COMMAND: POST /session/d2c3ab5fa88eeda4f21600bf1305f742/element - {"using":"xpath","value":"//*[@id=\"__tile39\"]"}
RESULT: {"using":"xpath","value":"//*[@id=\"__tile39\"]"}
COMMAND: POST /session/d2c3ab5fa88eeda4f21600bf1305f742/element/f.57742D1BD268DE26C52E0F1C75EE3A9C.d.05AD8D050F9E4CB8A0A43F7DA7C2353E.e.1664/click - {}
RESULT: {}
COMMAND: GET /session/d2c3ab5fa88eeda4f21600bf1305f742/screenshot - {}
RESULT: {}
COMMAND: POST /session/d2c3ab5fa88eeda4f21600bf1305f742/elements - {"using":"xpath","value":"//span[text()='Error']"}
RESULT: {"using":"xpath","value":"//span[text()='Error']"}
COMMAND: POST /session/d2c3ab5fa88eeda4f21600bf1305f742/element - {"using":"xpath","value":"//button[@data-kt=\"addNewRUOverflowToolbarButton\"]"}
RESULT: {"using":"xpath","value":"//button[@data-kt=\"addNewRUOverflowToolbarButton\"]"}
COMMAND: POST /session/d2c3ab5fa88eeda4f21600bf1305f742/execute/sync - {"script":"<script> [8489 bytes]","args":[{"element-6066-11e4-a52e-4f735466cecf":"f.57742D1BD268DE26C52E0F1C75EE3A9C.d.05AD8D050F9E4CB8A0A43F7DA7C2353E.e.1705","ELEMENT":"f.57742D1BD268DE26C52E0F1C75EE3A9C.d.05AD8D050F9E4CB8A0A43F7DA7C2353E.e.1705"}]}
RESULT: {"script":"<script> [8489 bytes]","args":[{"element-6066-11e4-a52e-4f735466cecf":"f.57742D1BD268DE26C52E0F1C75EE3A9C.d.05AD8D050F9E4CB8A0A43F7DA7C2353E.e.1705","ELEMENT":"f.57742D1BD268DE26C52E0F1C75EE3A9C.d.05AD8D050F9E4CB8A0A43F7DA7C2353E.e.1705"}]}
COMMAND: POST /session/d2c3ab5fa88eeda4f21600bf1305f742/element/f.57742D1BD268DE26C52E0F1C75EE3A9C.d.05AD8D050F9E4CB8A0A43F7DA7C2353E.e.1705/click - {}
COMMAND: GET /session/d2c3ab5fa88eeda4f21600bf1305f742/screenshot - {}
RESULT: {}
COMMAND: GET /session/d2c3ab5fa88eeda4f21600bf1305f742/screenshot - {}
RESULT: {}
COMMAND: POST /session/d2c3ab5fa88eeda4f21600bf1305f742/execute/async - {"script":"<script> [1562 bytes]","args":[{"selector":{"id":"application-manageresources-display-component---newResourceUnit--TYPE-arrow"},"wdio_ui5_key":"applicationmanageresources-display-component---newResourceUnit--TYPE-arrow"}]}
RESULT: {}
RESULT: {"script":"<script> [1562 bytes]","args":[{"selector":{"id":"application-manageresources-display-component---newResourceUnit--TYPE-arrow"},"wdio_ui5_key":"applicationmanageresources-display-component---newResourceUnit--TYPE-arrow"}]}
RESULT: undefined
COMMAND: POST /session/d2c3ab5fa88eeda4f21600bf1305f742/element - {"using":"xpath","value":"//*[@id=\"application-manageresources-display-component---newResourceUnit--TYPE-arrow\"]"}
RESULT: {"using":"xpath","value":"//*[@id=\"application-manageresources-display-component---newResourceUnit--TYPE-arrow\"]"}
COMMAND: POST /session/d2c3ab5fa88eeda4f21600bf1305f742/element/f.57742D1BD268DE26C52E0F1C75EE3A9C.d.05AD8D050F9E4CB8A0A43F7DA7C2353E.e.2016/click - {}
RESULT: {}
COMMAND: POST /session/d2c3ab5fa88eeda4f21600bf1305f742/execute/async - {"script":"<script> [1562 bytes]","args":[{"selector":{"controlType":"sap.m.StandardListItem","viewName":"reusables.view.manageresources.NewResourceUnit","viewId":"application-manageresources-display-component---newResourceUnit","properties":{"title":"Equipment"},"searchOpenDialogs":true,"interaction":{"idSuffix":"content"}},"wdio_ui5_key":"reusablesview.manageresources.NewResourceUnitsap.m.StandardListItem{\"title\":\"Equipment\"}"}]}
COMMAND: GET /session/d2c3ab5fa88eeda4f21600bf1305f742/screenshot - {}
RESULT: {"script":"<script> [1562 bytes]","args":[{"selector":{"controlType":"sap.m.StandardListItem","viewName":"reusables.view.manageresources.NewResourceUnit","viewId":"application-manageresources-display-component---newResourceUnit","properties":{"title":"Equipment"},"searchOpenDialogs":true,"interaction":{"idSuffix":"content"}},"wdio_ui5_key":"reusablesview.manageresources.NewResourceUnitsap.m.StandardListItem{\"title\":\"Equipment\"}"}]}
RESULT: undefined
COMMAND: POST /session/d2c3ab5fa88eeda4f21600bf1305f742/element - {"using":"xpath","value":"//*[@id=\"__item290\"]"}
RESULT: {}
RESULT: {"using":"xpath","value":"//*[@id=\"__item290\"]"}
COMMAND: POST /session/d2c3ab5fa88eeda4f21600bf1305f742/element/f.57742D1BD268DE26C52E0F1C75EE3A9C.d.05AD8D050F9E4CB8A0A43F7DA7C2353E.e.2019/click - {}
RESULT: {}
COMMAND: POST /session/d2c3ab5fa88eeda4f21600bf1305f742/execute/async - {"script":"<script> [1562 bytes]","args":[{"selector":{"id":"application-manageresources-display-component---newResourceUnit--resourceId","interaction":{"idSuffix":"inner"}},"wdio_ui5_key":"applicationmanageresources-display-component---newResourceUnit--resourceId"}]}
COMMAND: GET /session/d2c3ab5fa88eeda4f21600bf1305f742/screenshot - {}
RESULT: {"script":"<script> [1562 bytes]","args":[{"selector":{"id":"application-manageresources-display-component---newResourceUnit--resourceId","interaction":{"idSuffix":"inner"}},"wdio_ui5_key":"applicationmanageresources-display-component---newResourceUnit--resourceId"}]}
RESULT: undefined
COMMAND: POST /session/d2c3ab5fa88eeda4f21600bf1305f742/execute/async - {"script":"<script> [776 bytes]","args":[{"enterText":"WdIOTestEquipmdsly","selector":{"id":"application-manageresources-display-component---newResourceUnit--resourceId","interaction":{"idSuffix":"inner"}},"clearTextFirst":true,"interactionType":"ENTER_TEXT"}]}
RESULT: {}
RESULT: {"script":"<script> [776 bytes]","args":[{"enterText":"WdIOTestEquipmdsly","selector":{"id":"application-manageresources-display-component---newResourceUnit--resourceId","interaction":{"idSuffix":"inner"}},"clearTextFirst":true,"interactionType":"ENTER_TEXT"}]}
COMMAND: POST /session/d2c3ab5fa88eeda4f21600bf1305f742/execute/async - {"script":"<script> [1562 bytes]","args":[{"selector":{"id":"application-manageresources-display-component---newResourceUnit--SHORT_TEXT","interaction":{"idSuffix":"inner"}},"wdio_ui5_key":"applicationmanageresources-display-component---newResourceUnit--SHORT_TEXT"}]}
RESULT: {"script":"<script> [1562 bytes]","args":[{"selector":{"id":"application-manageresources-display-component---newResourceUnit--SHORT_TEXT","interaction":{"idSuffix":"inner"}},"wdio_ui5_key":"applicationmanageresources-display-component---newResourceUnit--SHORT_TEXT"}]}
RESULT: undefined
COMMAND: POST /session/d2c3ab5fa88eeda4f21600bf1305f742/execute/async - {"script":"<script> [776 bytes]","args":[{"enterText":"WdIOTestEquipmdsly","selector":{"id":"application-manageresources-display-component---newResourceUnit--SHORT_TEXT","interaction":{"idSuffix":"inner"}},"clearTextFirst":true,"interactionType":"ENTER_TEXT"}]}
RESULT: {"script":"<script> [776 bytes]","args":[{"enterText":"WdIOTestEquipmdsly","selector":{"id":"application-manageresources-display-component---newResourceUnit--SHORT_TEXT","interaction":{"idSuffix":"inner"}},"clearTextFirst":true,"interactionType":"ENTER_TEXT"}]}
COMMAND: POST /session/d2c3ab5fa88eeda4f21600bf1305f742/execute/async - {"script":"<script> [1562 bytes]","args":[{"selector":{"id":"application-manageresources-display-component---newResourceUnit--BASE_UNIT_OF_MEASURE","interaction":{"idSuffix":"inner"}},"wdio_ui5_key":"applicationmanageresources-display-component---newResourceUnit--BASE_UNIT_OF_MEASURE"}]}
RESULT: {"script":"<script> [1562 bytes]","args":[{"selector":{"id":"application-manageresources-display-component---newResourceUnit--BASE_UNIT_OF_MEASURE","interaction":{"idSuffix":"inner"}},"wdio_ui5_key":"applicationmanageresources-display-component---newResourceUnit--BASE_UNIT_OF_MEASURE"}]}
RESULT: undefined
COMMAND: POST /session/d2c3ab5fa88eeda4f21600bf1305f742/execute/async - {"script":"<script> [776 bytes]","args":[{"enterText":"Piece","selector":{"id":"application-manageresources-display-component---newResourceUnit--BASE_UNIT_OF_MEASURE","interaction":{"idSuffix":"inner"}},"clearTextFirst":true,"interactionType":"ENTER_TEXT"}]}
RESULT: {"script":"<script> [776 bytes]","args":[{"enterText":"Piece","selector":{"id":"application-manageresources-display-component---newResourceUnit--BASE_UNIT_OF_MEASURE","interaction":{"idSuffix":"inner"}},"clearTextFirst":true,"interactionType":"ENTER_TEXT"}]}
COMMAND: POST /session/d2c3ab5fa88eeda4f21600bf1305f742/execute/async - {"script":"<script> [1562 bytes]","args":[{"selector":{"id":"application-manageresources-display-component---newResourceUnit--WEIGHT_UNIT","interaction":{"idSuffix":"inner"}},"wdio_ui5_key":"applicationmanageresources-display-component---newResourceUnit--WEIGHT_UNIT"}]}
RESULT: {"script":"<script> [1562 bytes]","args":[{"selector":{"id":"application-manageresources-display-component---newResourceUnit--WEIGHT_UNIT","interaction":{"idSuffix":"inner"}},"wdio_ui5_key":"applicationmanageresources-display-component---newResourceUnit--WEIGHT_UNIT"}]}
RESULT: undefined
COMMAND: POST /session/d2c3ab5fa88eeda4f21600bf1305f742/execute/async - {"script":"<script> [776 bytes]","args":[{"enterText":"Gram","selector":{"id":"application-manageresources-display-component---newResourceUnit--WEIGHT_UNIT","interaction":{"idSuffix":"inner"}},"clearTextFirst":true,"interactionType":"ENTER_TEXT"}]}
RESULT: {"script":"<script> [776 bytes]","args":[{"enterText":"Gram","selector":{"id":"application-manageresources-display-component---newResourceUnit--WEIGHT_UNIT","interaction":{"idSuffix":"inner"}},"clearTextFirst":true,"interactionType":"ENTER_TEXT"}]}
COMMAND: POST /session/d2c3ab5fa88eeda4f21600bf1305f742/execute/async - {"script":"<script> [1562 bytes]","args":[{"selector":{"id":"application-manageresources-display-component---newResourceUnit--newRRUPage-OPHeaderContent-collapseBtn-img"},"wdio_ui5_key":"applicationmanageresources-display-component---newResourceUnit--newRRUPage-OPHeaderContent-collapseBtn-img"}]}
RESULT: {"script":"<script> [1562 bytes]","args":[{"selector":{"id":"application-manageresources-display-component---newResourceUnit--newRRUPage-OPHeaderContent-collapseBtn-img"},"wdio_ui5_key":"applicationmanageresources-display-component---newResourceUnit--newRRUPage-OPHeaderContent-collapseBtn-img"}]}
RESULT: undefined
COMMAND: POST /session/d2c3ab5fa88eeda4f21600bf1305f742/element - {"using":"xpath","value":"//*[@id=\"application-manageresources-display-component---newResourceUnit--newRRUPage-OPHeaderContent-collapseBtn-img\"]"}
RESULT: {"using":"xpath","value":"//*[@id=\"application-manageresources-display-component---newResourceUnit--newRRUPage-OPHeaderContent-collapseBtn-img\"]"}
COMMAND: POST /session/d2c3ab5fa88eeda4f21600bf1305f742/element/f.57742D1BD268DE26C52E0F1C75EE3A9C.d.05AD8D050F9E4CB8A0A43F7DA7C2353E.e.2028/click - {}
RESULT: {}
COMMAND: GET /session/d2c3ab5fa88eeda4f21600bf1305f742/screenshot - {}
RESULT: {}
COMMAND: POST /session/d2c3ab5fa88eeda4f21600bf1305f742/element - {"using":"xpath","value":"(//span[contains(@id ,\"application-manageresources-display-component---newResourceUnit--DIMENSION_UNIT-arrow\")])[1]"}
RESULT: {"using":"xpath","value":"(//span[contains(@id ,\"application-manageresources-display-component---newResourceUnit--DIMENSION_UNIT-arrow\")])[1]"}
COMMAND: POST /session/d2c3ab5fa88eeda4f21600bf1305f742/element/f.57742D1BD268DE26C52E0F1C75EE3A9C.d.05AD8D050F9E4CB8A0A43F7DA7C2353E.e.2176/click - {}
RESULT: {}
COMMAND: GET /session/d2c3ab5fa88eeda4f21600bf1305f742/screenshot - {}
RESULT: {}
COMMAND: POST /session/d2c3ab5fa88eeda4f21600bf1305f742/execute/async - {"script":"<script> [1562 bytes]","args":[{"selector":{"controlType":"sap.m.StandardListItem","viewName":"reusables.view.manageresources.NewResourceUnit","viewId":"application-manageresources-display-component---newResourceUnit","properties":{"title":"Centimeter"},"searchOpenDialogs":true,"interaction":{"idSuffix":"titleText"}},"wdio_ui5_key":"reusablesview.manageresources.NewResourceUnitsap.m.StandardListItem{\"title\":\"Centimeter\"}"}]}
RESULT: {"script":"<script> [1562 bytes]","args":[{"selector":{"controlType":"sap.m.StandardListItem","viewName":"reusables.view.manageresources.NewResourceUnit","viewId":"application-manageresources-display-component---newResourceUnit","properties":{"title":"Centimeter"},"searchOpenDialogs":true,"interaction":{"idSuffix":"titleText"}},"wdio_ui5_key":"reusablesview.manageresources.NewResourceUnitsap.m.StandardListItem{\"title\":\"Centimeter\"}"}]}
RESULT: undefined
COMMAND: POST /session/d2c3ab5fa88eeda4f21600bf1305f742/element - {"using":"xpath","value":"//*[@id=\"__item350\"]"}
RESULT: {"using":"xpath","value":"//*[@id=\"__item350\"]"}
COMMAND: POST /session/d2c3ab5fa88eeda4f21600bf1305f742/element/f.57742D1BD268DE26C52E0F1C75EE3A9C.d.05AD8D050F9E4CB8A0A43F7DA7C2353E.e.2180/click - {}
RESULT: {}
COMMAND: GET /session/d2c3ab5fa88eeda4f21600bf1305f742/screenshot - {}
RESULT: {}
COMMAND: POST /session/d2c3ab5fa88eeda4f21600bf1305f742/execute/async - {"script":"<script> [1562 bytes]","args":[{"selector":{"id":"application-manageresources-display-component---newResourceUnit--newRRUPage-anchBar-application-manageresources-display-component---newResourceUnit--control-anchor","interaction":{"idSuffix":"BDI-content"}},"wdio_ui5_key":"applicationmanageresources-display-component---newResourceUnit--newRRUPage-anchBar-application-manageresources-display-component---newResourceUnit--control-anchor"}]}
RESULT: {"script":"<script> [1562 bytes]","args":[{"selector":{"id":"application-manageresources-display-component---newResourceUnit--newRRUPage-anchBar-application-manageresources-display-component---newResourceUnit--control-anchor","interaction":{"idSuffix":"BDI-content"}},"wdio_ui5_key":"applicationmanageresources-display-component---newResourceUnit--newRRUPage-anchBar-application-manageresources-display-component---newResourceUnit--control-anchor"}]}
RESULT: undefined
COMMAND: POST /session/d2c3ab5fa88eeda4f21600bf1305f742/element - {"using":"xpath","value":"//*[@id=\"application-manageresources-display-component---newResourceUnit--newRRUPage-anchBar-application-manageresources-display-component---newResourceUnit--control-anchor\"]"}
RESULT: {"using":"xpath","value":"//*[@id=\"application-manageresources-display-component---newResourceUnit--newRRUPage-anchBar-application-manageresources-display-component---newResourceUnit--control-anchor\"]"}
COMMAND: POST /session/d2c3ab5fa88eeda4f21600bf1305f742/element/f.57742D1BD268DE26C52E0F1C75EE3A9C.d.05AD8D050F9E4CB8A0A43F7DA7C2353E.e.2182/click - {}
RESULT: {}
COMMAND: POST /session/d2c3ab5fa88eeda4f21600bf1305f742/execute/async - {"script":"<script> [1562 bytes]","args":[{"selector":{"id":"application-manageresources-display-component---newResourceUnit--PLANNING_GROUP","interaction":{"idSuffix":"inner"}},"wdio_ui5_key":"applicationmanageresources-display-component---newResourceUnit--PLANNING_GROUP"}]}
COMMAND: GET /session/d2c3ab5fa88eeda4f21600bf1305f742/screenshot - {}
RESULT: {"script":"<script> [1562 bytes]","args":[{"selector":{"id":"application-manageresources-display-component---newResourceUnit--PLANNING_GROUP","interaction":{"idSuffix":"inner"}},"wdio_ui5_key":"applicationmanageresources-display-component---newResourceUnit--PLANNING_GROUP"}]}
RESULT: undefined
COMMAND: POST /session/d2c3ab5fa88eeda4f21600bf1305f742/execute/async - {"script":"<script> [776 bytes]","args":[{"enterText":"Heavy Equi","selector":{"id":"application-manageresources-display-component---newResourceUnit--PLANNING_GROUP","interaction":{"idSuffix":"inner"}},"clearTextFirst":true,"interactionType":"ENTER_TEXT"}]}
RESULT: {}
RESULT: {"script":"<script> [776 bytes]","args":[{"enterText":"Heavy Equi","selector":{"id":"application-manageresources-display-component---newResourceUnit--PLANNING_GROUP","interaction":{"idSuffix":"inner"}},"clearTextFirst":true,"interactionType":"ENTER_TEXT"}]}
COMMAND: POST /session/d2c3ab5fa88eeda4f21600bf1305f742/execute/async - {"script":"<script> [1562 bytes]","args":[{"selector":{"id":"application-manageresources-display-component---newResourceUnit--ITEM_TYPE-arrow"},"wdio_ui5_key":"applicationmanageresources-display-component---newResourceUnit--ITEM_TYPE-arrow"}]}
RESULT: {"script":"<script> [1562 bytes]","args":[{"selector":{"id":"application-manageresources-display-component---newResourceUnit--ITEM_TYPE-arrow"},"wdio_ui5_key":"applicationmanageresources-display-component---newResourceUnit--ITEM_TYPE-arrow"}]}
RESULT: undefined
COMMAND: POST /session/d2c3ab5fa88eeda4f21600bf1305f742/element - {"using":"xpath","value":"//*[@id=\"application-manageresources-display-component---newResourceUnit--ITEM_TYPE-arrow\"]"}
RESULT: {"using":"xpath","value":"//*[@id=\"application-manageresources-display-component---newResourceUnit--ITEM_TYPE-arrow\"]"}
COMMAND: POST /session/d2c3ab5fa88eeda4f21600bf1305f742/element/f.57742D1BD268DE26C52E0F1C75EE3A9C.d.05AD8D050F9E4CB8A0A43F7DA7C2353E.e.2187/click - {}
RESULT: {}
COMMAND: POST /session/d2c3ab5fa88eeda4f21600bf1305f742/execute/async - {"script":"<script> [1562 bytes]","args":[{"selector":{"controlType":"sap.m.StandardListItem","viewName":"reusables.view.manageresources.NewResourceUnit","viewId":"application-manageresources-display-component---newResourceUnit","properties":{"title":"Resource Unit"},"searchOpenDialogs":true,"interaction":{"idSuffix":"titleText"}},"wdio_ui5_key":"reusablesview.manageresources.NewResourceUnitsap.m.StandardListItem{\"title\":\"Resource Unit\"}"}]}
COMMAND: GET /session/d2c3ab5fa88eeda4f21600bf1305f742/screenshot - {}
RESULT: {"script":"<script> [1562 bytes]","args":[{"selector":{"controlType":"sap.m.StandardListItem","viewName":"reusables.view.manageresources.NewResourceUnit","viewId":"application-manageresources-display-component---newResourceUnit","properties":{"title":"Resource Unit"},"searchOpenDialogs":true,"interaction":{"idSuffix":"titleText"}},"wdio_ui5_key":"reusablesview.manageresources.NewResourceUnitsap.m.StandardListItem{\"title\":\"Resource Unit\"}"}]}
RESULT: undefined
COMMAND: POST /session/d2c3ab5fa88eeda4f21600bf1305f742/element - {"using":"xpath","value":"//*[@id=\"__item372\"]"}
RESULT: {}
RESULT: {"using":"xpath","value":"//*[@id=\"__item372\"]"}
COMMAND: POST /session/d2c3ab5fa88eeda4f21600bf1305f742/element/f.57742D1BD268DE26C52E0F1C75EE3A9C.d.05AD8D050F9E4CB8A0A43F7DA7C2353E.e.2189/click - {}
RESULT: {}
COMMAND: POST /session/d2c3ab5fa88eeda4f21600bf1305f742/element - {"using":"xpath","value":"//bdi[contains(text(), \"Time Segment\")]"}
COMMAND: GET /session/d2c3ab5fa88eeda4f21600bf1305f742/screenshot - {}
RESULT: {"using":"xpath","value":"//bdi[contains(text(), \"Time Segment\")]"}
COMMAND: GET /session/d2c3ab5fa88eeda4f21600bf1305f742/element/f.57742D1BD268DE26C52E0F1C75EE3A9C.d.05AD8D050F9E4CB8A0A43F7DA7C2353E.e.2196/rect - {}
RESULT: {}
RESULT: {}
COMMAND: GET /session/d2c3ab5fa88eeda4f21600bf1305f742/window/rect - {}
RESULT: {}
COMMAND: POST /session/d2c3ab5fa88eeda4f21600bf1305f742/execute/sync - {"script":"<script> [92 bytes]","args":[]}
RESULT: {"script":"<script> [92 bytes]","args":[]}
COMMAND: POST /session/d2c3ab5fa88eeda4f21600bf1305f742/actions - {"actions":[{"id":"action17","type":"wheel","parameters":{},"actions":[{"type":"scroll","x":-1820,"y":-21,"deltaX":0,"deltaY":0,"duration":0,"origin":{"element-6066-11e4-a52e-4f735466cecf":"f.57742D1BD268DE26C52E0F1C75EE3A9C.d.05AD8D050F9E4CB8A0A43F7DA7C2353E.e.2196"}}]}]}
COMMAND: GET /session/d2c3ab5fa88eeda4f21600bf1305f742/screenshot - {}
RESULT: {}
COMMAND: POST /session/d2c3ab5fa88eeda4f21600bf1305f742/execute/sync - {"script":"<script> [79 bytes]","args":[{"element-6066-11e4-a52e-4f735466cecf":"f.57742D1BD268DE26C52E0F1C75EE3A9C.d.05AD8D050F9E4CB8A0A43F7DA7C2353E.e.2196","ELEMENT":"f.57742D1BD268DE26C52E0F1C75EE3A9C.d.05AD8D050F9E4CB8A0A43F7DA7C2353E.e.2196"},{"block":"start","inline":"nearest"}]}
RESULT: {"script":"<script> [79 bytes]","args":[{"element-6066-11e4-a52e-4f735466cecf":"f.57742D1BD268DE26C52E0F1C75EE3A9C.d.05AD8D050F9E4CB8A0A43F7DA7C2353E.e.2196","ELEMENT":"f.57742D1BD268DE26C52E0F1C75EE3A9C.d.05AD8D050F9E4CB8A0A43F7DA7C2353E.e.2196"},{"block":"start","inline":"nearest"}]}
COMMAND: POST /session/d2c3ab5fa88eeda4f21600bf1305f742/execute/async - {"script":"<script> [1562 bytes]","args":[{"selector":{"id":"application-manageresources-display-component---newResourceUnit--btnAddTimeSegment-img"},"wdio_ui5_key":"applicationmanageresources-display-component---newResourceUnit--btnAddTimeSegment-img"}]}
COMMAND: GET /session/d2c3ab5fa88eeda4f21600bf1305f742/screenshot - {}
RESULT: {"script":"<script> [1562 bytes]","args":[{"selector":{"id":"application-manageresources-display-component---newResourceUnit--btnAddTimeSegment-img"},"wdio_ui5_key":"applicationmanageresources-display-component---newResourceUnit--btnAddTimeSegment-img"}]}
RESULT: undefined
COMMAND: POST /session/d2c3ab5fa88eeda4f21600bf1305f742/element - {"using":"xpath","value":"//*[@id=\"application-manageresources-display-component---newResourceUnit--btnAddTimeSegment-img\"]"}
RESULT: {}
RESULT: {"using":"xpath","value":"//*[@id=\"application-manageresources-display-component---newResourceUnit--btnAddTimeSegment-img\"]"}
COMMAND: POST /session/d2c3ab5fa88eeda4f21600bf1305f742/element/f.57742D1BD268DE26C52E0F1C75EE3A9C.d.05AD8D050F9E4CB8A0A43F7DA7C2353E.e.2197/click - {}
RESULT: {}
COMMAND: GET /session/d2c3ab5fa88eeda4f21600bf1305f742/screenshot - {}
RESULT: {}
COMMAND: POST /session/d2c3ab5fa88eeda4f21600bf1305f742/element - {"using":"xpath","value":"//input[@id=\"application-manageresources-display-component---newResourceUnit--idRuTSAdmin-application-manageresources-display-component---newResourceUnit--RUTimeSegment-0-inner\"]"}
RESULT: {"using":"xpath","value":"//input[@id=\"application-manageresources-display-component---newResourceUnit--idRuTSAdmin-application-manageresources-display-component---newResourceUnit--RUTimeSegment-0-inner\"]"}
COMMAND: POST /session/d2c3ab5fa88eeda4f21600bf1305f742/element/f.57742D1BD268DE26C52E0F1C75EE3A9C.d.05AD8D050F9E4CB8A0A43F7DA7C2353E.e.2203/clear - {}
RESULT: {}
COMMAND: POST /session/d2c3ab5fa88eeda4f21600bf1305f742/element/f.57742D1BD268DE26C52E0F1C75EE3A9C.d.05AD8D050F9E4CB8A0A43F7DA7C2353E.e.2203/value - {"text":"109"}
COMMAND: GET /session/d2c3ab5fa88eeda4f21600bf1305f742/screenshot - {}
RESULT: {"text":"109"}
COMMAND: GET /session/d2c3ab5fa88eeda4f21600bf1305f742/screenshot - {}
RESULT: {}
RESULT: {}
COMMAND: POST /session/d2c3ab5fa88eeda4f21600bf1305f742/actions - {"actions":[{"id":"action18","type":"key","parameters":{},"actions":[{"type":"keyDown","value":"î€‡"},{"type":"pause","duration":10},{"type":"keyUp","value":"î€‡"}]}]}
RESULT: {"actions":[{"id":"action18","type":"key","parameters":{},"actions":[{"type":"keyDown","value":"î€‡"},{"type":"pause","duration":10},{"type":"keyUp","value":"î€‡"}]}]}
COMMAND: POST /session/d2c3ab5fa88eeda4f21600bf1305f742/execute/async - {"script":"<script> [1562 bytes]","args":[{"selector":{"controlType":"sap.ui.core.Icon","viewName":"reusables.view.manageresources.NewResourceUnit","viewId":"application-manageresources-display-component---newResourceUnit","properties":{"src":{"regex":{"source":"slim\\-arrow\\-down"}}},"ancestor":{"controlType":"sap.m.ComboBox","viewName":"reusables.view.manageresources.NewResourceUnit","viewId":"application-manageresources-display-component---newResourceUnit","bindingPath":{"path":"/RESOURCE_UNIT_TIME_SEQUENCES/0","propertyPath":"COST_OBJECT_ADMIN_CST_TYPE","modelName":"oNewRruModel"}}},"wdio_ui5_key":"reusablesview.manageresources.NewResourceUnitsap.ui.core.Icon{\"src\":{\"regex\":{\"source\":\"slim\\\\-arrow\\\\-down\"}}}{\"controlType\":\"sap.m.ComboBox\",\"viewName\":\"reusables.view.manageresources.NewResourceUnit\",\"viewId\":\"application-manageresources-display-component---newResourceUnit\",\"bindingPath\":{\"path\":\"/RESOURCE_UNIT_TIME_SEQUENCES/0\",\"propertyPath\":\"COST_OBJECT_ADMIN_CST_TYPE\",\"modelName\":\"oNewRruModel\"}}"}]}
COMMAND: GET /session/d2c3ab5fa88eeda4f21600bf1305f742/screenshot - {}
RESULT: {"script":"<script> [1562 bytes]","args":[{"selector":{"controlType":"sap.ui.core.Icon","viewName":"reusables.view.manageresources.NewResourceUnit","viewId":"application-manageresources-display-component---newResourceUnit","properties":{"src":{"regex":{"source":"slim\\-arrow\\-down"}}},"ancestor":{"controlType":"sap.m.ComboBox","viewName":"reusables.view.manageresources.NewResourceUnit","viewId":"application-manageresources-display-component---newResourceUnit","bindingPath":{"path":"/RESOURCE_UNIT_TIME_SEQUENCES/0","propertyPath":"COST_OBJECT_ADMIN_CST_TYPE","modelName":"oNewRruModel"}}},"wdio_ui5_key":"reusablesview.manageresources.NewResourceUnitsap.ui.core.Icon{\"src\":{\"regex\":{\"source\":\"slim\\\\-arrow\\\\-down\"}}}{\"controlType\":\"sap.m.ComboBox\",\"viewName\":\"reusables.view.manageresources.NewResourceUnit\",\"viewId\":\"application-manageresources-display-component---newResourceUnit\",\"bindingPath\":{\"path\":\"/RESOURCE_UNIT_TIME_SEQUENCES/0\",\"propertyPath\":\"COST_OBJECT_ADMIN_CST_TYPE\",\"modelName\":\"oNewRruModel\"}}"}]}
RESULT: undefined
COMMAND: POST /session/d2c3ab5fa88eeda4f21600bf1305f742/element - {"using":"xpath","value":"//*[@id=\"__box28-application-manageresources-display-component---newResourceUnit--RUTimeSegment-0-arrow\"]"}
RESULT: {}
RESULT: {"using":"xpath","value":"//*[@id=\"__box28-application-manageresources-display-component---newResourceUnit--RUTimeSegment-0-arrow\"]"}
COMMAND: POST /session/d2c3ab5fa88eeda4f21600bf1305f742/element/f.57742D1BD268DE26C52E0F1C75EE3A9C.d.05AD8D050F9E4CB8A0A43F7DA7C2353E.e.2217/click - {}
RESULT: {}
COMMAND: POST /session/d2c3ab5fa88eeda4f21600bf1305f742/execute/async - {"script":"<script> [1562 bytes]","args":[{"selector":{"controlType":"sap.m.StandardListItem","viewName":"reusables.view.manageresources.NewResourceUnit","viewId":"application-manageresources-display-component---newResourceUnit","properties":{"title":"PM Order"},"searchOpenDialogs":true,"interaction":{"idSuffix":"titleText"}},"wdio_ui5_key":"reusablesview.manageresources.NewResourceUnitsap.m.StandardListItem{\"title\":\"PM Order\"}"}]}
COMMAND: GET /session/d2c3ab5fa88eeda4f21600bf1305f742/screenshot - {}
RESULT: {"script":"<script> [1562 bytes]","args":[{"selector":{"controlType":"sap.m.StandardListItem","viewName":"reusables.view.manageresources.NewResourceUnit","viewId":"application-manageresources-display-component---newResourceUnit","properties":{"title":"PM Order"},"searchOpenDialogs":true,"interaction":{"idSuffix":"titleText"}},"wdio_ui5_key":"reusablesview.manageresources.NewResourceUnitsap.m.StandardListItem{\"title\":\"PM Order\"}"}]}
RESULT: undefined
COMMAND: POST /session/d2c3ab5fa88eeda4f21600bf1305f742/element - {"using":"xpath","value":"//*[@id=\"__item1110\"]"}
RESULT: {}
RESULT: {"using":"xpath","value":"//*[@id=\"__item1110\"]"}
COMMAND: POST /session/d2c3ab5fa88eeda4f21600bf1305f742/element/f.57742D1BD268DE26C52E0F1C75EE3A9C.d.05AD8D050F9E4CB8A0A43F7DA7C2353E.e.2221/click - {}
RESULT: {}
COMMAND: GET /session/d2c3ab5fa88eeda4f21600bf1305f742/screenshot - {}
RESULT: {}
COMMAND: POST /session/d2c3ab5fa88eeda4f21600bf1305f742/element - {"using":"xpath","value":"(//input[contains(@id ,\"-application-manageresources-display-component---newResourceUnit--RUTimeSegment-0-inner\")])[8]"}
RESULT: {"using":"xpath","value":"(//input[contains(@id ,\"-application-manageresources-display-component---newResourceUnit--RUTimeSegment-0-inner\")])[8]"}
COMMAND: POST /session/d2c3ab5fa88eeda4f21600bf1305f742/element/f.57742D1BD268DE26C52E0F1C75EE3A9C.d.05AD8D050F9E4CB8A0A43F7DA7C2353E.e.2224/clear - {}
RESULT: {}
COMMAND: POST /session/d2c3ab5fa88eeda4f21600bf1305f742/element/f.57742D1BD268DE26C52E0F1C75EE3A9C.d.05AD8D050F9E4CB8A0A43F7DA7C2353E.e.2224/value - {"text":"4000360"}
COMMAND: GET /session/d2c3ab5fa88eeda4f21600bf1305f742/screenshot - {}
RESULT: {"text":"4000360"}
COMMAND: GET /session/d2c3ab5fa88eeda4f21600bf1305f742/screenshot - {}
RESULT: {}
RESULT: {}
COMMAND: POST /session/d2c3ab5fa88eeda4f21600bf1305f742/actions - {"actions":[{"id":"action19","type":"key","parameters":{},"actions":[{"type":"keyDown","value":"î€‡"},{"type":"pause","duration":10},{"type":"keyUp","value":"î€‡"}]}]}
RESULT: {"actions":[{"id":"action19","type":"key","parameters":{},"actions":[{"type":"keyDown","value":"î€‡"},{"type":"pause","duration":10},{"type":"keyUp","value":"î€‡"}]}]}
COMMAND: GET /session/d2c3ab5fa88eeda4f21600bf1305f742/screenshot - {}
RESULT: {}
COMMAND: POST /session/d2c3ab5fa88eeda4f21600bf1305f742/element - {"using":"xpath","value":"//input[contains(@id ,\"application-manageresources-display-component---newResourceUnit--newTimeSegmentFromDatePicker-application-manageresources-display-component---newResourceUnit--RUTimeSegment-0-inner\")]"}
RESULT: {"using":"xpath","value":"//input[contains(@id ,\"application-manageresources-display-component---newResourceUnit--newTimeSegmentFromDatePicker-application-manageresources-display-component---newResourceUnit--RUTimeSegment-0-inner\")]"}
COMMAND: POST /session/d2c3ab5fa88eeda4f21600bf1305f742/element/f.57742D1BD268DE26C52E0F1C75EE3A9C.d.05AD8D050F9E4CB8A0A43F7DA7C2353E.e.2210/clear - {}
RESULT: {}
COMMAND: POST /session/d2c3ab5fa88eeda4f21600bf1305f742/element/f.57742D1BD268DE26C52E0F1C75EE3A9C.d.05AD8D050F9E4CB8A0A43F7DA7C2353E.e.2210/clear - {}
COMMAND: GET /session/d2c3ab5fa88eeda4f21600bf1305f742/screenshot - {}
RESULT: {}
COMMAND: POST /session/d2c3ab5fa88eeda4f21600bf1305f742/element/f.57742D1BD268DE26C52E0F1C75EE3A9C.d.05AD8D050F9E4CB8A0A43F7DA7C2353E.e.2210/value - {"text":"7/4/24"}
COMMAND: GET /session/d2c3ab5fa88eeda4f21600bf1305f742/screenshot - {}
RESULT: {}
RESULT: {"text":"7/4/24"}
COMMAND: POST /session/d2c3ab5fa88eeda4f21600bf1305f742/execute/async - {"script":"<script> [1562 bytes]","args":[{"selector":{"id":"application-manageresources-display-component---newResourceUnit--newRRUPage-anchBar-application-manageresources-display-component---newResourceUnit--resource-anchor","interaction":{"idSuffix":"BDI-content"}},"wdio_ui5_key":"applicationmanageresources-display-component---newResourceUnit--newRRUPage-anchBar-application-manageresources-display-component---newResourceUnit--resource-anchor"}]}
COMMAND: GET /session/d2c3ab5fa88eeda4f21600bf1305f742/screenshot - {}
RESULT: {}
RESULT: {"script":"<script> [1562 bytes]","args":[{"selector":{"id":"application-manageresources-display-component---newResourceUnit--newRRUPage-anchBar-application-manageresources-display-component---newResourceUnit--resource-anchor","interaction":{"idSuffix":"BDI-content"}},"wdio_ui5_key":"applicationmanageresources-display-component---newResourceUnit--newRRUPage-anchBar-application-manageresources-display-component---newResourceUnit--resource-anchor"}]}
RESULT: undefined
COMMAND: POST /session/d2c3ab5fa88eeda4f21600bf1305f742/element - {"using":"xpath","value":"//*[@id=\"application-manageresources-display-component---newResourceUnit--newRRUPage-anchBar-application-manageresources-display-component---newResourceUnit--resource-anchor\"]"}
RESULT: {}
RESULT: {"using":"xpath","value":"//*[@id=\"application-manageresources-display-component---newResourceUnit--newRRUPage-anchBar-application-manageresources-display-component---newResourceUnit--resource-anchor\"]"}
COMMAND: POST /session/d2c3ab5fa88eeda4f21600bf1305f742/element/f.57742D1BD268DE26C52E0F1C75EE3A9C.d.05AD8D050F9E4CB8A0A43F7DA7C2353E.e.2245/click - {}
RESULT: {}
COMMAND: POST /session/d2c3ab5fa88eeda4f21600bf1305f742/execute/async - {"script":"<script> [1562 bytes]","args":[{"selector":{"id":"application-manageresources-display-component---newResourceUnit--PLANNED_DELIVERY_DATE","interaction":{"idSuffix":"inner"}},"wdio_ui5_key":"applicationmanageresources-display-component---newResourceUnit--PLANNED_DELIVERY_DATE"}]}
COMMAND: GET /session/d2c3ab5fa88eeda4f21600bf1305f742/screenshot - {}
RESULT: {"script":"<script> [1562 bytes]","args":[{"selector":{"id":"application-manageresources-display-component---newResourceUnit--PLANNED_DELIVERY_DATE","interaction":{"idSuffix":"inner"}},"wdio_ui5_key":"applicationmanageresources-display-component---newResourceUnit--PLANNED_DELIVERY_DATE"}]}
RESULT: undefined
COMMAND: POST /session/d2c3ab5fa88eeda4f21600bf1305f742/execute/async - {"script":"<script> [6424 bytes]","args":[{"element-6066-11e4-a52e-4f735466cecf":"f.57742D1BD268DE26C52E0F1C75EE3A9C.d.05AD8D050F9E4CB8A0A43F7DA7C2353E.e.2074"},"setValue",["7/4/24"]]}
RESULT: {}
RESULT: {"script":"<script> [6424 bytes]","args":[{"element-6066-11e4-a52e-4f735466cecf":"f.57742D1BD268DE26C52E0F1C75EE3A9C.d.05AD8D050F9E4CB8A0A43F7DA7C2353E.e.2074"},"setValue",["7/4/24"]]}
COMMAND: POST /session/d2c3ab5fa88eeda4f21600bf1305f742/execute/async - {"script":"<script> [1562 bytes]","args":[{"selector":{"id":"application-manageresources-display-component---newResourceUnit--RETIRE_PLANNED_DATE","interaction":{"idSuffix":"inner"}},"wdio_ui5_key":"applicationmanageresources-display-component---newResourceUnit--RETIRE_PLANNED_DATE"}]}
RESULT: {"script":"<script> [1562 bytes]","args":[{"selector":{"id":"application-manageresources-display-component---newResourceUnit--RETIRE_PLANNED_DATE","interaction":{"idSuffix":"inner"}},"wdio_ui5_key":"applicationmanageresources-display-component---newResourceUnit--RETIRE_PLANNED_DATE"}]}
RESULT: undefined
COMMAND: POST /session/d2c3ab5fa88eeda4f21600bf1305f742/execute/async - {"script":"<script> [776 bytes]","args":[{"enterText":"3/14/29","selector":{"id":"application-manageresources-display-component---newResourceUnit--RETIRE_PLANNED_DATE","interaction":{"idSuffix":"inner"}},"clearTextFirst":true,"interactionType":"ENTER_TEXT"}]}
RESULT: {"script":"<script> [776 bytes]","args":[{"enterText":"3/14/29","selector":{"id":"application-manageresources-display-component---newResourceUnit--RETIRE_PLANNED_DATE","interaction":{"idSuffix":"inner"}},"clearTextFirst":true,"interactionType":"ENTER_TEXT"}]}
COMMAND: POST /session/d2c3ab5fa88eeda4f21600bf1305f742/execute/async - {"script":"<script> [1562 bytes]","args":[{"selector":{"controlType":"sap.m.Button","viewName":"reusables.view.manageresources.NewResourceUnit","viewId":"application-manageresources-display-component---newResourceUnit","i18NText":{"propertyName":"tooltip","key":"save"},"interaction":{"idSuffix":"BDI-content"}},"wdio_ui5_key":"reusablesview.manageresources.NewResourceUnitsap.m.Button{\"propertyName\":\"tooltip\",\"key\":\"save\"}"}]}
RESULT: {"script":"<script> [1562 bytes]","args":[{"selector":{"controlType":"sap.m.Button","viewName":"reusables.view.manageresources.NewResourceUnit","viewId":"application-manageresources-display-component---newResourceUnit","i18NText":{"propertyName":"tooltip","key":"save"},"interaction":{"idSuffix":"BDI-content"}},"wdio_ui5_key":"reusablesview.manageresources.NewResourceUnitsap.m.Button{\"propertyName\":\"tooltip\",\"key\":\"save\"}"}]}
RESULT: undefined
COMMAND: POST /session/d2c3ab5fa88eeda4f21600bf1305f742/element - {"using":"xpath","value":"//*[@id=\"application-manageresources-display-component---newResourceUnit--createRuButton\"]"}
RESULT: {"using":"xpath","value":"//*[@id=\"application-manageresources-display-component---newResourceUnit--createRuButton\"]"}
COMMAND: POST /session/d2c3ab5fa88eeda4f21600bf1305f742/element/f.57742D1BD268DE26C52E0F1C75EE3A9C.d.05AD8D050F9E4CB8A0A43F7DA7C2353E.e.2034/click - {}
RESULT: {}
COMMAND: GET /session/d2c3ab5fa88eeda4f21600bf1305f742/screenshot - {}
RESULT: {}
COMMAND: POST /session/d2c3ab5fa88eeda4f21600bf1305f742/execute/async - {"script":"<script> [1562 bytes]","args":[{"selector":{"controlType":"sap.m.Button","properties":{"text":"Close"},"searchOpenDialogs":true,"interaction":{"idSuffix":"inner"}},"wdio_ui5_key":"sapm.Button{\"text\":\"Close\"}"}]}
RESULT: {"script":"<script> [1562 bytes]","args":[{"selector":{"controlType":"sap.m.Button","properties":{"text":"Close"},"searchOpenDialogs":true,"interaction":{"idSuffix":"inner"}},"wdio_ui5_key":"sapm.Button{\"text\":\"Close\"}"}]}
RESULT: undefined
COMMAND: POST /session/d2c3ab5fa88eeda4f21600bf1305f742/element - {"using":"xpath","value":"//*[@id=\"__mbox-btn-0\"]"}
RESULT: {"using":"xpath","value":"//*[@id=\"__mbox-btn-0\"]"}
COMMAND: POST /session/d2c3ab5fa88eeda4f21600bf1305f742/element/f.57742D1BD268DE26C52E0F1C75EE3A9C.d.05AD8D050F9E4CB8A0A43F7DA7C2353E.e.2255/click - {}
RESULT: {}
COMMAND: GET /session/d2c3ab5fa88eeda4f21600bf1305f742/screenshot - {}
RESULT: {}
COMMAND: POST /session/d2c3ab5fa88eeda4f21600bf1305f742/execute/async - {"script":"<script> [1562 bytes]","args":[{"selector":{"controlType":"sap.m.Text","viewName":"etm.portal.ui.manageresources.view.Detail","viewId":"application-manageresources-display-component---detailRU","bindingPath":{"propertyPath":"ID","modelName":"catalogModel"}},"wdio_ui5_key":"etmportal.ui.manageresources.view.Detailsap.m.Text{\"propertyPath\":\"ID\",\"modelName\":\"catalogModel\"}"}]}
RESULT: {"script":"<script> [1562 bytes]","args":[{"selector":{"controlType":"sap.m.Text","viewName":"etm.portal.ui.manageresources.view.Detail","viewId":"application-manageresources-display-component---detailRU","bindingPath":{"propertyPath":"ID","modelName":"catalogModel"}},"wdio_ui5_key":"etmportal.ui.manageresources.view.Detailsap.m.Text{\"propertyPath\":\"ID\",\"modelName\":\"catalogModel\"}"}]}
RESULT: undefined
COMMAND: POST /session/d2c3ab5fa88eeda4f21600bf1305f742/execute/async - {"script":"<script> [6424 bytes]","args":[{"element-6066-11e4-a52e-4f735466cecf":"f.57742D1BD268DE26C52E0F1C75EE3A9C.d.05AD8D050F9E4CB8A0A43F7DA7C2353E.e.2312"},"getText",[]]}
RESULT: {"script":"<script> [6424 bytes]","args":[{"element-6066-11e4-a52e-4f735466cecf":"f.57742D1BD268DE26C52E0F1C75EE3A9C.d.05AD8D050F9E4CB8A0A43F7DA7C2353E.e.2312"},"getText",[]]}
COMMAND: POST /session/d2c3ab5fa88eeda4f21600bf1305f742/element - {"using":"css selector","value":"#shell-header-logo"}
RESULT: {"using":"css selector","value":"#shell-header-logo"}
COMMAND: POST /session/d2c3ab5fa88eeda4f21600bf1305f742/element/f.57742D1BD268DE26C52E0F1C75EE3A9C.d.05AD8D050F9E4CB8A0A43F7DA7C2353E.e.1666/click - {}
RESULT: {}
COMMAND: GET /session/d2c3ab5fa88eeda4f21600bf1305f742/screenshot - {}
RESULT: {}
COMMAND: POST /session/d2c3ab5fa88eeda4f21600bf1305f742/execute/async - {"script":"<script> [1562 bytes]","args":[{"selector":{"controlType":"sap.m.GenericTile","properties":{"header":"Manage Handovers"}},"wdio_ui5_key":"sapm.GenericTile{\"header\":\"Manage Handovers\"}"}]}
RESULT: {"script":"<script> [1562 bytes]","args":[{"selector":{"controlType":"sap.m.GenericTile","properties":{"header":"Manage Handovers"}},"wdio_ui5_key":"sapm.GenericTile{\"header\":\"Manage Handovers\"}"}]}
RESULT: undefined
COMMAND: POST /session/d2c3ab5fa88eeda4f21600bf1305f742/element - {"using":"xpath","value":"//*[@id=\"__tile133\"]"}
RESULT: {"using":"xpath","value":"//*[@id=\"__tile133\"]"}
COMMAND: POST /session/d2c3ab5fa88eeda4f21600bf1305f742/element/f.57742D1BD268DE26C52E0F1C75EE3A9C.d.05AD8D050F9E4CB8A0A43F7DA7C2353E.e.2314/click - {}
RESULT: {}
COMMAND: GET /session/d2c3ab5fa88eeda4f21600bf1305f742/screenshot - {}
RESULT: {}
COMMAND: POST /session/d2c3ab5fa88eeda4f21600bf1305f742/elements - {"using":"xpath","value":"//span[text()='Error']"}
RESULT: {"using":"xpath","value":"//span[text()='Error']"}
COMMAND: POST /session/d2c3ab5fa88eeda4f21600bf1305f742/element - {"using":"xpath","value":"//button[@data-kt=\"masterHOAddButton\"]"}
RESULT: {"using":"xpath","value":"//button[@data-kt=\"masterHOAddButton\"]"}
COMMAND: POST /session/d2c3ab5fa88eeda4f21600bf1305f742/execute/sync - {"script":"<script> [8489 bytes]","args":[{"element-6066-11e4-a52e-4f735466cecf":"f.57742D1BD268DE26C52E0F1C75EE3A9C.d.05AD8D050F9E4CB8A0A43F7DA7C2353E.e.2357","ELEMENT":"f.57742D1BD268DE26C52E0F1C75EE3A9C.d.05AD8D050F9E4CB8A0A43F7DA7C2353E.e.2357"}]}
RESULT: {"script":"<script> [8489 bytes]","args":[{"element-6066-11e4-a52e-4f735466cecf":"f.57742D1BD268DE26C52E0F1C75EE3A9C.d.05AD8D050F9E4CB8A0A43F7DA7C2353E.e.2357","ELEMENT":"f.57742D1BD268DE26C52E0F1C75EE3A9C.d.05AD8D050F9E4CB8A0A43F7DA7C2353E.e.2357"}]}
COMMAND: POST /session/d2c3ab5fa88eeda4f21600bf1305f742/element/f.57742D1BD268DE26C52E0F1C75EE3A9C.d.05AD8D050F9E4CB8A0A43F7DA7C2353E.e.2357/click - {}
COMMAND: GET /session/d2c3ab5fa88eeda4f21600bf1305f742/screenshot - {}
RESULT: {}
COMMAND: GET /session/d2c3ab5fa88eeda4f21600bf1305f742/screenshot - {}
COMMAND: POST /session/d2c3ab5fa88eeda4f21600bf1305f742/element - {"using":"xpath","value":"//span[contains(@id ,\"AddNewHO--typeSelect-arrow\")]"}
RESULT: {}
RESULT: {}
RESULT: {"using":"xpath","value":"//span[contains(@id ,\"AddNewHO--typeSelect-arrow\")]"}
COMMAND: POST /session/d2c3ab5fa88eeda4f21600bf1305f742/element/f.57742D1BD268DE26C52E0F1C75EE3A9C.d.05AD8D050F9E4CB8A0A43F7DA7C2353E.e.2651/click - {}
RESULT: {}
COMMAND: GET /session/d2c3ab5fa88eeda4f21600bf1305f742/screenshot - {}
RESULT: {}
COMMAND: POST /session/d2c3ab5fa88eeda4f21600bf1305f742/element - {"using":"xpath","value":"(//li[contains(text(), \"stock increase yard\")])[1]"}
RESULT: {"using":"xpath","value":"(//li[contains(text(), \"stock increase yard\")])[1]"}
COMMAND: POST /session/d2c3ab5fa88eeda4f21600bf1305f742/element/f.57742D1BD268DE26C52E0F1C75EE3A9C.d.05AD8D050F9E4CB8A0A43F7DA7C2353E.e.2652/click - {}
RESULT: {}
COMMAND: GET /session/d2c3ab5fa88eeda4f21600bf1305f742/screenshot - {}
RESULT: {}
COMMAND: POST /session/d2c3ab5fa88eeda4f21600bf1305f742/execute/async - {"script":"<script> [1562 bytes]","args":[{"selector":{"id":"application-managehandovers-display-component---AddNewHO--dueDate","interaction":{"idSuffix":"inner"}},"wdio_ui5_key":"applicationmanagehandovers-display-component---AddNewHO--dueDate"}]}
RESULT: {"script":"<script> [1562 bytes]","args":[{"selector":{"id":"application-managehandovers-display-component---AddNewHO--dueDate","interaction":{"idSuffix":"inner"}},"wdio_ui5_key":"applicationmanagehandovers-display-component---AddNewHO--dueDate"}]}
RESULT: undefined
COMMAND: POST /session/d2c3ab5fa88eeda4f21600bf1305f742/execute/async - {"script":"<script> [6424 bytes]","args":[{"element-6066-11e4-a52e-4f735466cecf":"f.57742D1BD268DE26C52E0F1C75EE3A9C.d.05AD8D050F9E4CB8A0A43F7DA7C2353E.e.2656"},"setValue",["6/4/25"]]}
RESULT: {"script":"<script> [6424 bytes]","args":[{"element-6066-11e4-a52e-4f735466cecf":"f.57742D1BD268DE26C52E0F1C75EE3A9C.d.05AD8D050F9E4CB8A0A43F7DA7C2353E.e.2656"},"setValue",["6/4/25"]]}
COMMAND: POST /session/d2c3ab5fa88eeda4f21600bf1305f742/element - {"using":"xpath","value":"//input[@id=\"generalSectionFrg--receiveYard-inner\"]"}
RESULT: {"using":"xpath","value":"//input[@id=\"generalSectionFrg--receiveYard-inner\"]"}
COMMAND: POST /session/d2c3ab5fa88eeda4f21600bf1305f742/element/f.57742D1BD268DE26C52E0F1C75EE3A9C.d.05AD8D050F9E4CB8A0A43F7DA7C2353E.e.2662/clear - {}
RESULT: {}
COMMAND: POST /session/d2c3ab5fa88eeda4f21600bf1305f742/element/f.57742D1BD268DE26C52E0F1C75EE3A9C.d.05AD8D050F9E4CB8A0A43F7DA7C2353E.e.2662/value - {"text":"109"}
COMMAND: GET /session/d2c3ab5fa88eeda4f21600bf1305f742/screenshot - {}
RESULT: {"text":"109"}
COMMAND: GET /session/d2c3ab5fa88eeda4f21600bf1305f742/screenshot - {}
RESULT: {}
RESULT: {}
COMMAND: POST /session/d2c3ab5fa88eeda4f21600bf1305f742/execute/async - {"script":"<script> [1562 bytes]","args":[{"selector":{"id":"application-managehandovers-display-component---AddNewHO--ObjectPageLayout-anchBar-application-managehandovers-display-component---AddNewHO--section4-anchor","interaction":{"idSuffix":"BDI-content"}},"wdio_ui5_key":"applicationmanagehandovers-display-component---AddNewHO--ObjectPageLayout-anchBar-application-managehandovers-display-component---AddNewHO--section4-anchor"}]}
RESULT: {"script":"<script> [1562 bytes]","args":[{"selector":{"id":"application-managehandovers-display-component---AddNewHO--ObjectPageLayout-anchBar-application-managehandovers-display-component---AddNewHO--section4-anchor","interaction":{"idSuffix":"BDI-content"}},"wdio_ui5_key":"applicationmanagehandovers-display-component---AddNewHO--ObjectPageLayout-anchBar-application-managehandovers-display-component---AddNewHO--section4-anchor"}]}
RESULT: undefined
COMMAND: POST /session/d2c3ab5fa88eeda4f21600bf1305f742/element - {"using":"xpath","value":"//*[@id=\"application-managehandovers-display-component---AddNewHO--ObjectPageLayout-anchBar-application-managehandovers-display-component---AddNewHO--section4-anchor\"]"}
RESULT: {"using":"xpath","value":"//*[@id=\"application-managehandovers-display-component---AddNewHO--ObjectPageLayout-anchBar-application-managehandovers-display-component---AddNewHO--section4-anchor\"]"}
COMMAND: POST /session/d2c3ab5fa88eeda4f21600bf1305f742/element/f.57742D1BD268DE26C52E0F1C75EE3A9C.d.05AD8D050F9E4CB8A0A43F7DA7C2353E.e.2681/click - {}
RESULT: {}
COMMAND: GET /session/d2c3ab5fa88eeda4f21600bf1305f742/screenshot - {}
RESULT: {}
COMMAND: POST /session/d2c3ab5fa88eeda4f21600bf1305f742/element - {"using":"xpath","value":"//button[@aria-label=\"Add\"]"}
RESULT: {"using":"xpath","value":"//button[@aria-label=\"Add\"]"}
COMMAND: POST /session/d2c3ab5fa88eeda4f21600bf1305f742/element/f.57742D1BD268DE26C52E0F1C75EE3A9C.d.05AD8D050F9E4CB8A0A43F7DA7C2353E.e.2685/click - {}
RESULT: {}
COMMAND: GET /session/d2c3ab5fa88eeda4f21600bf1305f742/screenshot - {}
RESULT: {}
COMMAND: POST /session/d2c3ab5fa88eeda4f21600bf1305f742/execute/async - {"script":"<script> [1562 bytes]","args":[{"selector":{"id":"application-managehandovers-display-component---AddNewHO--smartFilterBar-btnBasicSearch","searchOpenDialogs":true,"interaction":{"idSuffix":"I"}},"wdio_ui5_key":"applicationmanagehandovers-display-component---AddNewHO--smartFilterBar-btnBasicSearch"}]}
RESULT: {"script":"<script> [1562 bytes]","args":[{"selector":{"id":"application-managehandovers-display-component---AddNewHO--smartFilterBar-btnBasicSearch","searchOpenDialogs":true,"interaction":{"idSuffix":"I"}},"wdio_ui5_key":"applicationmanagehandovers-display-component---AddNewHO--smartFilterBar-btnBasicSearch"}]}
RESULT: undefined
COMMAND: POST /session/d2c3ab5fa88eeda4f21600bf1305f742/execute/async - {"script":"<script> [776 bytes]","args":[{"enterText":"WdIOTestEquipmdsly","selector":{"id":"application-managehandovers-display-component---AddNewHO--smartFilterBar-btnBasicSearch","searchOpenDialogs":true,"interaction":{"idSuffix":"I"}},"clearTextFirst":true,"interactionType":"ENTER_TEXT"}]}
RESULT: {"script":"<script> [776 bytes]","args":[{"enterText":"WdIOTestEquipmdsly","selector":{"id":"application-managehandovers-display-component---AddNewHO--smartFilterBar-btnBasicSearch","searchOpenDialogs":true,"interaction":{"idSuffix":"I"}},"clearTextFirst":true,"interactionType":"ENTER_TEXT"}]}
COMMAND: POST /session/d2c3ab5fa88eeda4f21600bf1305f742/actions - {"actions":[{"id":"action20","type":"key","parameters":{},"actions":[{"type":"keyDown","value":"î€‡"},{"type":"pause","duration":10},{"type":"keyUp","value":"î€‡"}]}]}
RESULT: {"actions":[{"id":"action20","type":"key","parameters":{},"actions":[{"type":"keyDown","value":"î€‡"},{"type":"pause","duration":10},{"type":"keyUp","value":"î€‡"}]}]}
COMMAND: POST /session/d2c3ab5fa88eeda4f21600bf1305f742/execute/async - {"script":"<script> [1562 bytes]","args":[{"selector":{"id":"application-managehandovers-display-component---AddNewHO--popup-sa","searchOpenDialogs":true,"interaction":{"idSuffix":"CbBg"}},"wdio_ui5_key":"applicationmanagehandovers-display-component---AddNewHO--popup-sa"}]}
COMMAND: GET /session/d2c3ab5fa88eeda4f21600bf1305f742/screenshot - {}
RESULT: {"script":"<script> [1562 bytes]","args":[{"selector":{"id":"application-managehandovers-display-component---AddNewHO--popup-sa","searchOpenDialogs":true,"interaction":{"idSuffix":"CbBg"}},"wdio_ui5_key":"applicationmanagehandovers-display-component---AddNewHO--popup-sa"}]}
RESULT: undefined
COMMAND: POST /session/d2c3ab5fa88eeda4f21600bf1305f742/element - {"using":"xpath","value":"//*[@id=\"application-managehandovers-display-component---AddNewHO--popup-sa\"]"}
RESULT: {}
RESULT: {"using":"xpath","value":"//*[@id=\"application-managehandovers-display-component---AddNewHO--popup-sa\"]"}
COMMAND: POST /session/d2c3ab5fa88eeda4f21600bf1305f742/element/f.57742D1BD268DE26C52E0F1C75EE3A9C.d.05AD8D050F9E4CB8A0A43F7DA7C2353E.e.2838/click - {}
RESULT: {}
COMMAND: GET /session/d2c3ab5fa88eeda4f21600bf1305f742/screenshot - {}
RESULT: {}
COMMAND: POST /session/d2c3ab5fa88eeda4f21600bf1305f742/element - {"using":"xpath","value":"//bdi[contains(text(), \"Select\")]"}
RESULT: {"using":"xpath","value":"//bdi[contains(text(), \"Select\")]"}
COMMAND: POST /session/d2c3ab5fa88eeda4f21600bf1305f742/element/f.57742D1BD268DE26C52E0F1C75EE3A9C.d.05AD8D050F9E4CB8A0A43F7DA7C2353E.e.2839/click - {}
RESULT: {}
COMMAND: GET /session/d2c3ab5fa88eeda4f21600bf1305f742/screenshot - {}
RESULT: {}
COMMAND: POST /session/d2c3ab5fa88eeda4f21600bf1305f742/element - {"using":"xpath","value":"//button[@data-kt=\"AddNewHOSaveButton\"]"}
RESULT: {"using":"xpath","value":"//button[@data-kt=\"AddNewHOSaveButton\"]"}
COMMAND: POST /session/d2c3ab5fa88eeda4f21600bf1305f742/element/f.57742D1BD268DE26C52E0F1C75EE3A9C.d.05AD8D050F9E4CB8A0A43F7DA7C2353E.e.2843/click - {}
RESULT: {}
COMMAND: GET /session/d2c3ab5fa88eeda4f21600bf1305f742/screenshot - {}
RESULT: {}
COMMAND: POST /session/d2c3ab5fa88eeda4f21600bf1305f742/execute/async - {"script":"<script> [1562 bytes]","args":[{"selector":{"id":"receiptDatePicker","viewName":"etm.portal.ui.managehandovers.view.DetailExecuteHO","interaction":{"idSuffix":"inner"}},"wdio_ui5_key":"receiptDatePickeretmportal.ui.managehandovers.view.DetailExecuteHO"}]}
RESULT: {"script":"<script> [1562 bytes]","args":[{"selector":{"id":"receiptDatePicker","viewName":"etm.portal.ui.managehandovers.view.DetailExecuteHO","interaction":{"idSuffix":"inner"}},"wdio_ui5_key":"receiptDatePickeretmportal.ui.managehandovers.view.DetailExecuteHO"}]}
RESULT: undefined
COMMAND: POST /session/d2c3ab5fa88eeda4f21600bf1305f742/execute/async - {"script":"<script> [6424 bytes]","args":[{"element-6066-11e4-a52e-4f735466cecf":"f.57742D1BD268DE26C52E0F1C75EE3A9C.d.05AD8D050F9E4CB8A0A43F7DA7C2353E.e.2871"},"setValue",["6/4/25"]]}
RESULT: {"script":"<script> [6424 bytes]","args":[{"element-6066-11e4-a52e-4f735466cecf":"f.57742D1BD268DE26C52E0F1C75EE3A9C.d.05AD8D050F9E4CB8A0A43F7DA7C2353E.e.2871"},"setValue",["6/4/25"]]}
COMMAND: POST /session/d2c3ab5fa88eeda4f21600bf1305f742/actions - {"actions":[{"id":"action21","type":"key","parameters":{},"actions":[{"type":"keyDown","value":"î€‡"},{"type":"pause","duration":10},{"type":"keyUp","value":"î€‡"}]}]}
RESULT: {"actions":[{"id":"action21","type":"key","parameters":{},"actions":[{"type":"keyDown","value":"î€‡"},{"type":"pause","duration":10},{"type":"keyUp","value":"î€‡"}]}]}
COMMAND: POST /session/d2c3ab5fa88eeda4f21600bf1305f742/actions - {"actions":[{"id":"action22","type":"key","parameters":{},"actions":[{"type":"keyDown","value":"î€‡"},{"type":"pause","duration":10},{"type":"keyUp","value":"î€‡"}]}]}
COMMAND: GET /session/d2c3ab5fa88eeda4f21600bf1305f742/screenshot - {}
RESULT: {"actions":[{"id":"action22","type":"key","parameters":{},"actions":[{"type":"keyDown","value":"î€‡"},{"type":"pause","duration":10},{"type":"keyUp","value":"î€‡"}]}]}
COMMAND: POST /session/d2c3ab5fa88eeda4f21600bf1305f742/element - {"using":"xpath","value":"//button[@data-kt=\"ReceivingTableConfirmAllButton\"]"}
COMMAND: GET /session/d2c3ab5fa88eeda4f21600bf1305f742/screenshot - {}
RESULT: {}
RESULT: {"using":"xpath","value":"//button[@data-kt=\"ReceivingTableConfirmAllButton\"]"}
COMMAND: POST /session/d2c3ab5fa88eeda4f21600bf1305f742/element/f.57742D1BD268DE26C52E0F1C75EE3A9C.d.05AD8D050F9E4CB8A0A43F7DA7C2353E.e.2888/click - {}
RESULT: {}
RESULT: {}
COMMAND: GET /session/d2c3ab5fa88eeda4f21600bf1305f742/screenshot - {}
RESULT: {}
COMMAND: POST /session/d2c3ab5fa88eeda4f21600bf1305f742/element - {"using":"xpath","value":"//bdi[contains(text(), \"OK\")]"}
RESULT: {"using":"xpath","value":"//bdi[contains(text(), \"OK\")]"}
COMMAND: POST /session/d2c3ab5fa88eeda4f21600bf1305f742/element/f.57742D1BD268DE26C52E0F1C75EE3A9C.d.05AD8D050F9E4CB8A0A43F7DA7C2353E.e.2891/click - {}
RESULT: {}
COMMAND: GET /session/d2c3ab5fa88eeda4f21600bf1305f742/screenshot - {}
RESULT: {}
COMMAND: POST /session/d2c3ab5fa88eeda4f21600bf1305f742/element - {"using":"xpath","value":"(//bdi[contains(text(), \"Receive\")])[2]"}
RESULT: {"using":"xpath","value":"(//bdi[contains(text(), \"Receive\")])[2]"}
COMMAND: POST /session/d2c3ab5fa88eeda4f21600bf1305f742/element/f.57742D1BD268DE26C52E0F1C75EE3A9C.d.05AD8D050F9E4CB8A0A43F7DA7C2353E.e.2892/click - {}
RESULT: {}
COMMAND: GET /session/d2c3ab5fa88eeda4f21600bf1305f742/screenshot - {}
RESULT: {}
COMMAND: POST /session/d2c3ab5fa88eeda4f21600bf1305f742/element - {"using":"css selector","value":"#shell-header-logo"}
RESULT: {"using":"css selector","value":"#shell-header-logo"}
COMMAND: POST /session/d2c3ab5fa88eeda4f21600bf1305f742/element/f.57742D1BD268DE26C52E0F1C75EE3A9C.d.05AD8D050F9E4CB8A0A43F7DA7C2353E.e.2317/click - {}
RESULT: {}
]]></system-out>
    </testcase>
    <testcase classname="chrome.136_0_7103_93.windows.ISC_Schedule_-_Time_schedule_US156838" name="Should create a price condition and a pricing rule for the equipment" time="119.116">
      <system-out><![CDATA[
COMMAND: POST /session/d2c3ab5fa88eeda4f21600bf1305f742/execute/async - {"script":"<script> [1562 bytes]","args":[{"selector":{"controlType":"sap.m.Text","properties":{"text":"Manage Conditions & Prices"},"interaction":{"idSuffix":"inner"}},"wdio_ui5_key":"sapm.Text{\"text\":\"Manage Conditions & Prices\"}"}]}
COMMAND: GET /session/d2c3ab5fa88eeda4f21600bf1305f742/screenshot - {}
RESULT: {"script":"<script> [1562 bytes]","args":[{"selector":{"controlType":"sap.m.Text","properties":{"text":"Manage Conditions & Prices"},"interaction":{"idSuffix":"inner"}},"wdio_ui5_key":"sapm.Text{\"text\":\"Manage Conditions & Prices\"}"}]}
RESULT: undefined
COMMAND: POST /session/d2c3ab5fa88eeda4f21600bf1305f742/element - {"using":"xpath","value":"//*[@id=\"__tile53-title\"]"}
RESULT: {}
RESULT: {"using":"xpath","value":"//*[@id=\"__tile53-title\"]"}
COMMAND: POST /session/d2c3ab5fa88eeda4f21600bf1305f742/element/f.57742D1BD268DE26C52E0F1C75EE3A9C.d.05AD8D050F9E4CB8A0A43F7DA7C2353E.e.3044/click - {}
RESULT: {}
COMMAND: GET /session/d2c3ab5fa88eeda4f21600bf1305f742/screenshot - {}
RESULT: {}
COMMAND: POST /session/d2c3ab5fa88eeda4f21600bf1305f742/element - {"using":"xpath","value":"//button[@aria-label=\"Create\"]"}
RESULT: {"using":"xpath","value":"//button[@aria-label=\"Create\"]"}
COMMAND: POST /session/d2c3ab5fa88eeda4f21600bf1305f742/elements - {"using":"xpath","value":"//button[@aria-label=\"Create\"]"}
RESULT: {"using":"xpath","value":"//button[@aria-label=\"Create\"]"}
COMMAND: POST /session/d2c3ab5fa88eeda4f21600bf1305f742/elements - {"using":"xpath","value":"//button[@aria-label=\"Create\"]"}
RESULT: {"using":"xpath","value":"//button[@aria-label=\"Create\"]"}
COMMAND: POST /session/d2c3ab5fa88eeda4f21600bf1305f742/element - {"using":"xpath","value":"//button[@aria-label=\"Create\"]"}
RESULT: {"using":"xpath","value":"//button[@aria-label=\"Create\"]"}
COMMAND: POST /session/d2c3ab5fa88eeda4f21600bf1305f742/element/f.57742D1BD268DE26C52E0F1C75EE3A9C.d.05AD8D050F9E4CB8A0A43F7DA7C2353E.e.3075/click - {}
RESULT: {}
COMMAND: POST /session/d2c3ab5fa88eeda4f21600bf1305f742/actions - {"actions":[{"id":"action23","type":"key","parameters":{},"actions":[{"type":"keyDown","value":"î€‡"},{"type":"pause","duration":10},{"type":"keyUp","value":"î€‡"}]}]}
COMMAND: GET /session/d2c3ab5fa88eeda4f21600bf1305f742/screenshot - {}
RESULT: {"actions":[{"id":"action23","type":"key","parameters":{},"actions":[{"type":"keyDown","value":"î€‡"},{"type":"pause","duration":10},{"type":"keyUp","value":"î€‡"}]}]}
COMMAND: GET /session/d2c3ab5fa88eeda4f21600bf1305f742/screenshot - {}
RESULT: {}
COMMAND: POST /session/d2c3ab5fa88eeda4f21600bf1305f742/execute/async - {"script":"<script> [1562 bytes]","args":[{"selector":{"id":"application-manageconditionprice-display-component---newCondition--condBillCond-arrow"},"wdio_ui5_key":"applicationmanageconditionprice-display-component---newCondition--condBillCond-arrow"}]}
RESULT: {}
RESULT: {"script":"<script> [1562 bytes]","args":[{"selector":{"id":"application-manageconditionprice-display-component---newCondition--condBillCond-arrow"},"wdio_ui5_key":"applicationmanageconditionprice-display-component---newCondition--condBillCond-arrow"}]}
RESULT: undefined
COMMAND: POST /session/d2c3ab5fa88eeda4f21600bf1305f742/element - {"using":"xpath","value":"//*[@id=\"application-manageconditionprice-display-component---newCondition--condBillCond-arrow\"]"}
RESULT: {"using":"xpath","value":"//*[@id=\"application-manageconditionprice-display-component---newCondition--condBillCond-arrow\"]"}
COMMAND: POST /session/d2c3ab5fa88eeda4f21600bf1305f742/element/f.57742D1BD268DE26C52E0F1C75EE3A9C.d.05AD8D050F9E4CB8A0A43F7DA7C2353E.e.3545/click - {}
RESULT: {}
COMMAND: POST /session/d2c3ab5fa88eeda4f21600bf1305f742/element - {"using":"xpath","value":"//span[contains(text(), \"DISP - D&I special price\")]"}
COMMAND: GET /session/d2c3ab5fa88eeda4f21600bf1305f742/screenshot - {}
RESULT: {"using":"xpath","value":"//span[contains(text(), \"DISP - D&I special price\")]"}
COMMAND: POST /session/d2c3ab5fa88eeda4f21600bf1305f742/element/f.57742D1BD268DE26C52E0F1C75EE3A9C.d.05AD8D050F9E4CB8A0A43F7DA7C2353E.e.3546/click - {}
RESULT: {}
RESULT: {}
COMMAND: POST /session/d2c3ab5fa88eeda4f21600bf1305f742/execute/async - {"script":"<script> [1562 bytes]","args":[{"selector":{"id":"application-manageconditionprice-display-component---newCondition--condValidTo","interaction":{"idSuffix":"inner"}},"wdio_ui5_key":"applicationmanageconditionprice-display-component---newCondition--condValidTo"}]}
COMMAND: GET /session/d2c3ab5fa88eeda4f21600bf1305f742/screenshot - {}
RESULT: {"script":"<script> [1562 bytes]","args":[{"selector":{"id":"application-manageconditionprice-display-component---newCondition--condValidTo","interaction":{"idSuffix":"inner"}},"wdio_ui5_key":"applicationmanageconditionprice-display-component---newCondition--condValidTo"}]}
RESULT: undefined
COMMAND: POST /session/d2c3ab5fa88eeda4f21600bf1305f742/execute/async - {"script":"<script> [776 bytes]","args":[{"enterText":"5/11/33","selector":{"id":"application-manageconditionprice-display-component---newCondition--condValidTo","interaction":{"idSuffix":"inner"}},"clearTextFirst":true,"interactionType":"ENTER_TEXT"}]}
RESULT: {}
RESULT: {"script":"<script> [776 bytes]","args":[{"enterText":"5/11/33","selector":{"id":"application-manageconditionprice-display-component---newCondition--condValidTo","interaction":{"idSuffix":"inner"}},"clearTextFirst":true,"interactionType":"ENTER_TEXT"}]}
COMMAND: POST /session/d2c3ab5fa88eeda4f21600bf1305f742/element - {"using":"xpath","value":"//input[@id=\"application-manageconditionprice-display-component---newCondition--condRU-inner\"]"}
RESULT: {"using":"xpath","value":"//input[@id=\"application-manageconditionprice-display-component---newCondition--condRU-inner\"]"}
COMMAND: POST /session/d2c3ab5fa88eeda4f21600bf1305f742/element/f.57742D1BD268DE26C52E0F1C75EE3A9C.d.05AD8D050F9E4CB8A0A43F7DA7C2353E.e.3237/clear - {}
RESULT: {}
COMMAND: POST /session/d2c3ab5fa88eeda4f21600bf1305f742/element/f.57742D1BD268DE26C52E0F1C75EE3A9C.d.05AD8D050F9E4CB8A0A43F7DA7C2353E.e.3237/value - {"text":"WdIOTestEquipmdsly"}
COMMAND: GET /session/d2c3ab5fa88eeda4f21600bf1305f742/screenshot - {}
RESULT: {"text":"WdIOTestEquipmdsly"}
COMMAND: GET /session/d2c3ab5fa88eeda4f21600bf1305f742/screenshot - {}
RESULT: {}
RESULT: {}
COMMAND: POST /session/d2c3ab5fa88eeda4f21600bf1305f742/actions - {"actions":[{"id":"action24","type":"key","parameters":{},"actions":[{"type":"keyDown","value":"î€‡"},{"type":"pause","duration":10},{"type":"keyUp","value":"î€‡"}]}]}
RESULT: {"actions":[{"id":"action24","type":"key","parameters":{},"actions":[{"type":"keyDown","value":"î€‡"},{"type":"pause","duration":10},{"type":"keyUp","value":"î€‡"}]}]}
COMMAND: POST /session/d2c3ab5fa88eeda4f21600bf1305f742/execute/async - {"script":"<script> [1562 bytes]","args":[{"selector":{"id":"application-manageconditionprice-display-component---newCondition--condBaseQty","interaction":{"idSuffix":"inner"}},"wdio_ui5_key":"applicationmanageconditionprice-display-component---newCondition--condBaseQty"}]}
COMMAND: GET /session/d2c3ab5fa88eeda4f21600bf1305f742/screenshot - {}
RESULT: {"script":"<script> [1562 bytes]","args":[{"selector":{"id":"application-manageconditionprice-display-component---newCondition--condBaseQty","interaction":{"idSuffix":"inner"}},"wdio_ui5_key":"applicationmanageconditionprice-display-component---newCondition--condBaseQty"}]}
RESULT: undefined
COMMAND: POST /session/d2c3ab5fa88eeda4f21600bf1305f742/execute/async - {"script":"<script> [776 bytes]","args":[{"enterText":"1","selector":{"id":"application-manageconditionprice-display-component---newCondition--condBaseQty","interaction":{"idSuffix":"inner"}},"clearTextFirst":true,"interactionType":"ENTER_TEXT"}]}
RESULT: {}
RESULT: {"script":"<script> [776 bytes]","args":[{"enterText":"1","selector":{"id":"application-manageconditionprice-display-component---newCondition--condBaseQty","interaction":{"idSuffix":"inner"}},"clearTextFirst":true,"interactionType":"ENTER_TEXT"}]}
COMMAND: POST /session/d2c3ab5fa88eeda4f21600bf1305f742/execute/async - {"script":"<script> [1562 bytes]","args":[{"selector":{"id":"application-manageconditionprice-display-component---newCondition--condValue","interaction":{"idSuffix":"inner"}},"wdio_ui5_key":"applicationmanageconditionprice-display-component---newCondition--condValue"}]}
RESULT: {"script":"<script> [1562 bytes]","args":[{"selector":{"id":"application-manageconditionprice-display-component---newCondition--condValue","interaction":{"idSuffix":"inner"}},"wdio_ui5_key":"applicationmanageconditionprice-display-component---newCondition--condValue"}]}
RESULT: undefined
COMMAND: POST /session/d2c3ab5fa88eeda4f21600bf1305f742/execute/async - {"script":"<script> [776 bytes]","args":[{"enterText":"100","selector":{"id":"application-manageconditionprice-display-component---newCondition--condValue","interaction":{"idSuffix":"inner"}},"clearTextFirst":true,"interactionType":"ENTER_TEXT"}]}
RESULT: {"script":"<script> [776 bytes]","args":[{"enterText":"100","selector":{"id":"application-manageconditionprice-display-component---newCondition--condValue","interaction":{"idSuffix":"inner"}},"clearTextFirst":true,"interactionType":"ENTER_TEXT"}]}
COMMAND: POST /session/d2c3ab5fa88eeda4f21600bf1305f742/execute/async - {"script":"<script> [1562 bytes]","args":[{"selector":{"id":"application-manageconditionprice-display-component---newCondition--condCurr-arrow"},"wdio_ui5_key":"applicationmanageconditionprice-display-component---newCondition--condCurr-arrow"}]}
RESULT: {"script":"<script> [1562 bytes]","args":[{"selector":{"id":"application-manageconditionprice-display-component---newCondition--condCurr-arrow"},"wdio_ui5_key":"applicationmanageconditionprice-display-component---newCondition--condCurr-arrow"}]}
RESULT: undefined
COMMAND: POST /session/d2c3ab5fa88eeda4f21600bf1305f742/element - {"using":"xpath","value":"//*[@id=\"application-manageconditionprice-display-component---newCondition--condCurr-arrow\"]"}
RESULT: {"using":"xpath","value":"//*[@id=\"application-manageconditionprice-display-component---newCondition--condCurr-arrow\"]"}
COMMAND: POST /session/d2c3ab5fa88eeda4f21600bf1305f742/element/f.57742D1BD268DE26C52E0F1C75EE3A9C.d.05AD8D050F9E4CB8A0A43F7DA7C2353E.e.3496/click - {}
RESULT: {}
COMMAND: POST /session/d2c3ab5fa88eeda4f21600bf1305f742/element - {"using":"xpath","value":"//span[contains(text(), \"Euro\")]"}
COMMAND: GET /session/d2c3ab5fa88eeda4f21600bf1305f742/screenshot - {}
RESULT: {"using":"xpath","value":"//span[contains(text(), \"Euro\")]"}
COMMAND: POST /session/d2c3ab5fa88eeda4f21600bf1305f742/element/f.57742D1BD268DE26C52E0F1C75EE3A9C.d.05AD8D050F9E4CB8A0A43F7DA7C2353E.e.3585/click - {}
RESULT: {}
RESULT: {}
COMMAND: POST /session/d2c3ab5fa88eeda4f21600bf1305f742/element - {"using":"xpath","value":"//button[@data-kt=\"saveButton\"]"}
COMMAND: GET /session/d2c3ab5fa88eeda4f21600bf1305f742/screenshot - {}
RESULT: {"using":"xpath","value":"//button[@data-kt=\"saveButton\"]"}
COMMAND: POST /session/d2c3ab5fa88eeda4f21600bf1305f742/element/f.57742D1BD268DE26C52E0F1C75EE3A9C.d.05AD8D050F9E4CB8A0A43F7DA7C2353E.e.3497/click - {}
RESULT: {}
RESULT: {}
COMMAND: GET /session/d2c3ab5fa88eeda4f21600bf1305f742/screenshot - {}
RESULT: {}
COMMAND: POST /session/d2c3ab5fa88eeda4f21600bf1305f742/element - {"using":"css selector","value":"#shell-header-logo"}
RESULT: {"using":"css selector","value":"#shell-header-logo"}
COMMAND: POST /session/d2c3ab5fa88eeda4f21600bf1305f742/element/f.57742D1BD268DE26C52E0F1C75EE3A9C.d.05AD8D050F9E4CB8A0A43F7DA7C2353E.e.3046/click - {}
RESULT: {}
COMMAND: GET /session/d2c3ab5fa88eeda4f21600bf1305f742/screenshot - {}
RESULT: {}
COMMAND: POST /session/d2c3ab5fa88eeda4f21600bf1305f742/execute/async - {"script":"<script> [1562 bytes]","args":[{"selector":{"controlType":"sap.m.GenericTile","properties":{"header":"Manage Pricing Rules"}},"wdio_ui5_key":"sapm.GenericTile{\"header\":\"Manage Pricing Rules\"}"}]}
RESULT: {"script":"<script> [1562 bytes]","args":[{"selector":{"controlType":"sap.m.GenericTile","properties":{"header":"Manage Pricing Rules"}},"wdio_ui5_key":"sapm.GenericTile{\"header\":\"Manage Pricing Rules\"}"}]}
RESULT: undefined
COMMAND: POST /session/d2c3ab5fa88eeda4f21600bf1305f742/element - {"using":"xpath","value":"//*[@id=\"__tile55\"]"}
RESULT: {"using":"xpath","value":"//*[@id=\"__tile55\"]"}
COMMAND: POST /session/d2c3ab5fa88eeda4f21600bf1305f742/element/f.57742D1BD268DE26C52E0F1C75EE3A9C.d.05AD8D050F9E4CB8A0A43F7DA7C2353E.e.3737/click - {}
RESULT: {}
COMMAND: GET /session/d2c3ab5fa88eeda4f21600bf1305f742/screenshot - {}
RESULT: {}
COMMAND: POST /session/d2c3ab5fa88eeda4f21600bf1305f742/elements - {"using":"xpath","value":"//span[text()='Error']"}
RESULT: {"using":"xpath","value":"//span[text()='Error']"}
COMMAND: POST /session/d2c3ab5fa88eeda4f21600bf1305f742/execute/async - {"script":"<script> [1562 bytes]","args":[{"selector":{"controlType":"sap.ui.core.Icon","viewName":"etm.portal.ui.managepricingrules.view.MasterHeader","viewId":"application-managepricingrules-display-component---priceInfoHeader","properties":{"src":{"regex":{"source":"activity\\-items"}}}},"wdio_ui5_key":"etmportal.ui.managepricingrules.view.MasterHeadersap.ui.core.Icon{\"src\":{\"regex\":{\"source\":\"activity\\\\-items\"}}}"}]}
RESULT: {"script":"<script> [1562 bytes]","args":[{"selector":{"controlType":"sap.ui.core.Icon","viewName":"etm.portal.ui.managepricingrules.view.MasterHeader","viewId":"application-managepricingrules-display-component---priceInfoHeader","properties":{"src":{"regex":{"source":"activity\\-items"}}}},"wdio_ui5_key":"etmportal.ui.managepricingrules.view.MasterHeadersap.ui.core.Icon{\"src\":{\"regex\":{\"source\":\"activity\\\\-items\"}}}"}]}
RESULT: undefined
COMMAND: POST /session/d2c3ab5fa88eeda4f21600bf1305f742/element - {"using":"xpath","value":"//*[@id=\"__filter22-icon\"]"}
RESULT: {"using":"xpath","value":"//*[@id=\"__filter22-icon\"]"}
COMMAND: POST /session/d2c3ab5fa88eeda4f21600bf1305f742/element/f.57742D1BD268DE26C52E0F1C75EE3A9C.d.05AD8D050F9E4CB8A0A43F7DA7C2353E.e.3786/click - {}
RESULT: {}
COMMAND: GET /session/d2c3ab5fa88eeda4f21600bf1305f742/screenshot - {}
RESULT: {}
COMMAND: POST /session/d2c3ab5fa88eeda4f21600bf1305f742/element - {"using":"xpath","value":"//button[@data-kt=\"addButton\"]"}
RESULT: {"using":"xpath","value":"//button[@data-kt=\"addButton\"]"}
COMMAND: POST /session/d2c3ab5fa88eeda4f21600bf1305f742/element/f.57742D1BD268DE26C52E0F1C75EE3A9C.d.05AD8D050F9E4CB8A0A43F7DA7C2353E.e.3833/click - {}
RESULT: {}
COMMAND: GET /session/d2c3ab5fa88eeda4f21600bf1305f742/screenshot - {}
RESULT: {}
COMMAND: POST /session/d2c3ab5fa88eeda4f21600bf1305f742/execute/async - {"script":"<script> [1562 bytes]","args":[{"selector":{"id":"application-managepricingrules-display-component---newInfoPriceItem--condValidTo","interaction":{"idSuffix":"inner"}},"wdio_ui5_key":"applicationmanagepricingrules-display-component---newInfoPriceItem--condValidTo"}]}
RESULT: {"script":"<script> [1562 bytes]","args":[{"selector":{"id":"application-managepricingrules-display-component---newInfoPriceItem--condValidTo","interaction":{"idSuffix":"inner"}},"wdio_ui5_key":"applicationmanagepricingrules-display-component---newInfoPriceItem--condValidTo"}]}
RESULT: undefined
COMMAND: POST /session/d2c3ab5fa88eeda4f21600bf1305f742/execute/async - {"script":"<script> [776 bytes]","args":[{"enterText":"5/18/33","selector":{"id":"application-managepricingrules-display-component---newInfoPriceItem--condValidTo","interaction":{"idSuffix":"inner"}},"clearTextFirst":true,"interactionType":"ENTER_TEXT"}]}
RESULT: {"script":"<script> [776 bytes]","args":[{"enterText":"5/18/33","selector":{"id":"application-managepricingrules-display-component---newInfoPriceItem--condValidTo","interaction":{"idSuffix":"inner"}},"clearTextFirst":true,"interactionType":"ENTER_TEXT"}]}
COMMAND: POST /session/d2c3ab5fa88eeda4f21600bf1305f742/element - {"using":"xpath","value":"//input[contains(@id ,\"application-managepricingrules-display-component---newInfoPriceItem--condRU-inner\")]"}
RESULT: {"using":"xpath","value":"//input[contains(@id ,\"application-managepricingrules-display-component---newInfoPriceItem--condRU-inner\")]"}
COMMAND: POST /session/d2c3ab5fa88eeda4f21600bf1305f742/element/f.57742D1BD268DE26C52E0F1C75EE3A9C.d.05AD8D050F9E4CB8A0A43F7DA7C2353E.e.4043/clear - {}
RESULT: {}
COMMAND: POST /session/d2c3ab5fa88eeda4f21600bf1305f742/element/f.57742D1BD268DE26C52E0F1C75EE3A9C.d.05AD8D050F9E4CB8A0A43F7DA7C2353E.e.4043/value - {"text":"WdIOTestEquipmdsly"}
COMMAND: GET /session/d2c3ab5fa88eeda4f21600bf1305f742/screenshot - {}
RESULT: {"text":"WdIOTestEquipmdsly"}
COMMAND: GET /session/d2c3ab5fa88eeda4f21600bf1305f742/screenshot - {}
RESULT: {}
RESULT: {}
COMMAND: POST /session/d2c3ab5fa88eeda4f21600bf1305f742/actions - {"actions":[{"id":"action25","type":"key","parameters":{},"actions":[{"type":"keyDown","value":"î€‡"},{"type":"pause","duration":10},{"type":"keyUp","value":"î€‡"}]}]}
RESULT: {"actions":[{"id":"action25","type":"key","parameters":{},"actions":[{"type":"keyDown","value":"î€‡"},{"type":"pause","duration":10},{"type":"keyUp","value":"î€‡"}]}]}
COMMAND: GET /session/d2c3ab5fa88eeda4f21600bf1305f742/screenshot - {}
RESULT: {}
COMMAND: POST /session/d2c3ab5fa88eeda4f21600bf1305f742/execute/async - {"script":"<script> [1562 bytes]","args":[{"selector":{"id":"application-managepricingrules-display-component---newInfoPriceItem--billType-arrow"},"wdio_ui5_key":"applicationmanagepricingrules-display-component---newInfoPriceItem--billType-arrow"}]}
RESULT: {"script":"<script> [1562 bytes]","args":[{"selector":{"id":"application-managepricingrules-display-component---newInfoPriceItem--billType-arrow"},"wdio_ui5_key":"applicationmanagepricingrules-display-component---newInfoPriceItem--billType-arrow"}]}
RESULT: undefined
COMMAND: POST /session/d2c3ab5fa88eeda4f21600bf1305f742/element - {"using":"xpath","value":"//*[@id=\"application-managepricingrules-display-component---newInfoPriceItem--billType-arrow\"]"}
RESULT: {"using":"xpath","value":"//*[@id=\"application-managepricingrules-display-component---newInfoPriceItem--billType-arrow\"]"}
COMMAND: POST /session/d2c3ab5fa88eeda4f21600bf1305f742/element/f.57742D1BD268DE26C52E0F1C75EE3A9C.d.05AD8D050F9E4CB8A0A43F7DA7C2353E.e.4129/click - {}
RESULT: {}
COMMAND: POST /session/d2c3ab5fa88eeda4f21600bf1305f742/element - {"using":"xpath","value":"//span[contains(text(), \"TB - Time based\")]"}
COMMAND: GET /session/d2c3ab5fa88eeda4f21600bf1305f742/screenshot - {}
RESULT: {"using":"xpath","value":"//span[contains(text(), \"TB - Time based\")]"}
COMMAND: POST /session/d2c3ab5fa88eeda4f21600bf1305f742/element/f.57742D1BD268DE26C52E0F1C75EE3A9C.d.05AD8D050F9E4CB8A0A43F7DA7C2353E.e.4183/click - {}
RESULT: {}
RESULT: {}
COMMAND: POST /session/d2c3ab5fa88eeda4f21600bf1305f742/execute/async - {"script":"<script> [1562 bytes]","args":[{"selector":{"id":"application-managepricingrules-display-component---newInfoPriceItem--priceProc-arrow"},"wdio_ui5_key":"applicationmanagepricingrules-display-component---newInfoPriceItem--priceProc-arrow"}]}
COMMAND: GET /session/d2c3ab5fa88eeda4f21600bf1305f742/screenshot - {}
RESULT: {"script":"<script> [1562 bytes]","args":[{"selector":{"id":"application-managepricingrules-display-component---newInfoPriceItem--priceProc-arrow"},"wdio_ui5_key":"applicationmanagepricingrules-display-component---newInfoPriceItem--priceProc-arrow"}]}
RESULT: undefined
COMMAND: POST /session/d2c3ab5fa88eeda4f21600bf1305f742/element - {"using":"xpath","value":"//*[@id=\"application-managepricingrules-display-component---newInfoPriceItem--priceProc-arrow\"]"}
RESULT: {}
RESULT: {"using":"xpath","value":"//*[@id=\"application-managepricingrules-display-component---newInfoPriceItem--priceProc-arrow\"]"}
COMMAND: POST /session/d2c3ab5fa88eeda4f21600bf1305f742/element/f.57742D1BD268DE26C52E0F1C75EE3A9C.d.05AD8D050F9E4CB8A0A43F7DA7C2353E.e.4136/click - {}
RESULT: {}
COMMAND: POST /session/d2c3ab5fa88eeda4f21600bf1305f742/element - {"using":"xpath","value":"//span[contains(text(), \"TBS - Time based standard\")]"}
COMMAND: GET /session/d2c3ab5fa88eeda4f21600bf1305f742/screenshot - {}
RESULT: {"using":"xpath","value":"//span[contains(text(), \"TBS - Time based standard\")]"}
COMMAND: POST /session/d2c3ab5fa88eeda4f21600bf1305f742/element/f.57742D1BD268DE26C52E0F1C75EE3A9C.d.05AD8D050F9E4CB8A0A43F7DA7C2353E.e.4184/click - {}
RESULT: {}
RESULT: {}
COMMAND: POST /session/d2c3ab5fa88eeda4f21600bf1305f742/execute/async - {"script":"<script> [1562 bytes]","args":[{"selector":{"id":"application-managepricingrules-display-component---newInfoPriceItem--calcBase-arrow"},"wdio_ui5_key":"applicationmanagepricingrules-display-component---newInfoPriceItem--calcBase-arrow"}]}
COMMAND: GET /session/d2c3ab5fa88eeda4f21600bf1305f742/screenshot - {}
RESULT: {"script":"<script> [1562 bytes]","args":[{"selector":{"id":"application-managepricingrules-display-component---newInfoPriceItem--calcBase-arrow"},"wdio_ui5_key":"applicationmanagepricingrules-display-component---newInfoPriceItem--calcBase-arrow"}]}
RESULT: undefined
COMMAND: POST /session/d2c3ab5fa88eeda4f21600bf1305f742/element - {"using":"xpath","value":"//*[@id=\"application-managepricingrules-display-component---newInfoPriceItem--calcBase-arrow\"]"}
RESULT: {}
RESULT: {"using":"xpath","value":"//*[@id=\"application-managepricingrules-display-component---newInfoPriceItem--calcBase-arrow\"]"}
COMMAND: POST /session/d2c3ab5fa88eeda4f21600bf1305f742/element/f.57742D1BD268DE26C52E0F1C75EE3A9C.d.05AD8D050F9E4CB8A0A43F7DA7C2353E.e.4143/click - {}
RESULT: {}
COMMAND: GET /session/d2c3ab5fa88eeda4f21600bf1305f742/screenshot - {}
RESULT: {}
COMMAND: POST /session/d2c3ab5fa88eeda4f21600bf1305f742/element - {"using":"xpath","value":"//span[contains(text(), \"0006 - TB(calendar days)\")]"}
RESULT: {"using":"xpath","value":"//span[contains(text(), \"0006 - TB(calendar days)\")]"}
COMMAND: POST /session/d2c3ab5fa88eeda4f21600bf1305f742/element/f.57742D1BD268DE26C52E0F1C75EE3A9C.d.05AD8D050F9E4CB8A0A43F7DA7C2353E.e.4185/click - {}
RESULT: {}
COMMAND: POST /session/d2c3ab5fa88eeda4f21600bf1305f742/execute/async - {"script":"<script> [1562 bytes]","args":[{"selector":{"id":"application-managepricingrules-display-component---newInfoPriceItem--daysMonth","interaction":{"idSuffix":"inner"}},"wdio_ui5_key":"applicationmanagepricingrules-display-component---newInfoPriceItem--daysMonth"}]}
COMMAND: GET /session/d2c3ab5fa88eeda4f21600bf1305f742/screenshot - {}
RESULT: {"script":"<script> [1562 bytes]","args":[{"selector":{"id":"application-managepricingrules-display-component---newInfoPriceItem--daysMonth","interaction":{"idSuffix":"inner"}},"wdio_ui5_key":"applicationmanagepricingrules-display-component---newInfoPriceItem--daysMonth"}]}
RESULT: undefined
COMMAND: POST /session/d2c3ab5fa88eeda4f21600bf1305f742/execute/async - {"script":"<script> [776 bytes]","args":[{"enterText":"30","selector":{"id":"application-managepricingrules-display-component---newInfoPriceItem--daysMonth","interaction":{"idSuffix":"inner"}},"clearTextFirst":true,"interactionType":"ENTER_TEXT"}]}
RESULT: {}
RESULT: {"script":"<script> [776 bytes]","args":[{"enterText":"30","selector":{"id":"application-managepricingrules-display-component---newInfoPriceItem--daysMonth","interaction":{"idSuffix":"inner"}},"clearTextFirst":true,"interactionType":"ENTER_TEXT"}]}
COMMAND: POST /session/d2c3ab5fa88eeda4f21600bf1305f742/element - {"using":"xpath","value":"//button[@data-kt=\"saveNewRuleButton\"]"}
RESULT: {"using":"xpath","value":"//button[@data-kt=\"saveNewRuleButton\"]"}
COMMAND: POST /session/d2c3ab5fa88eeda4f21600bf1305f742/element/f.57742D1BD268DE26C52E0F1C75EE3A9C.d.05AD8D050F9E4CB8A0A43F7DA7C2353E.e.4164/click - {}
RESULT: {}
COMMAND: GET /session/d2c3ab5fa88eeda4f21600bf1305f742/screenshot - {}
RESULT: {}
COMMAND: POST /session/d2c3ab5fa88eeda4f21600bf1305f742/element - {"using":"css selector","value":"#shell-header-logo"}
RESULT: {"using":"css selector","value":"#shell-header-logo"}
COMMAND: POST /session/d2c3ab5fa88eeda4f21600bf1305f742/element/f.57742D1BD268DE26C52E0F1C75EE3A9C.d.05AD8D050F9E4CB8A0A43F7DA7C2353E.e.3740/click - {}
RESULT: {}
COMMAND: GET /session/d2c3ab5fa88eeda4f21600bf1305f742/screenshot - {}
RESULT: {}
]]></system-out>
    </testcase>
    <testcase classname="chrome.136_0_7103_93.windows.ISC_Schedule_-_Time_schedule_US156838" name="Should add the yard to the partner" time="68.492">
      <system-out><![CDATA[
COMMAND: POST /session/d2c3ab5fa88eeda4f21600bf1305f742/execute/async - {"script":"<script> [1562 bytes]","args":[{"selector":{"controlType":"sap.m.GenericTile","properties":{"header":"Manage Partners"}},"wdio_ui5_key":"sapm.GenericTile{\"header\":\"Manage Partners\"}"}]}
RESULT: {"script":"<script> [1562 bytes]","args":[{"selector":{"controlType":"sap.m.GenericTile","properties":{"header":"Manage Partners"}},"wdio_ui5_key":"sapm.GenericTile{\"header\":\"Manage Partners\"}"}]}
RESULT: undefined
COMMAND: POST /session/d2c3ab5fa88eeda4f21600bf1305f742/element - {"using":"xpath","value":"//*[@id=\"__tile38\"]"}
RESULT: {"using":"xpath","value":"//*[@id=\"__tile38\"]"}
COMMAND: POST /session/d2c3ab5fa88eeda4f21600bf1305f742/element/f.57742D1BD268DE26C52E0F1C75EE3A9C.d.05AD8D050F9E4CB8A0A43F7DA7C2353E.e.4200/click - {}
RESULT: {}
COMMAND: GET /session/d2c3ab5fa88eeda4f21600bf1305f742/screenshot - {}
RESULT: {}
COMMAND: POST /session/d2c3ab5fa88eeda4f21600bf1305f742/elements - {"using":"xpath","value":"//span[text()='Error']"}
RESULT: {"using":"xpath","value":"//span[text()='Error']"}
COMMAND: POST /session/d2c3ab5fa88eeda4f21600bf1305f742/element - {"using":"xpath","value":"//button[@data-kt=\"addButton\"]"}
RESULT: {"using":"xpath","value":"//button[@data-kt=\"addButton\"]"}
COMMAND: POST /session/d2c3ab5fa88eeda4f21600bf1305f742/elements - {"using":"xpath","value":"//button[@data-kt=\"addButton\"]"}
RESULT: {"using":"xpath","value":"//button[@data-kt=\"addButton\"]"}
COMMAND: POST /session/d2c3ab5fa88eeda4f21600bf1305f742/elements - {"using":"xpath","value":"//button[@data-kt=\"addButton\"]"}
RESULT: {"using":"xpath","value":"//button[@data-kt=\"addButton\"]"}
COMMAND: POST /session/d2c3ab5fa88eeda4f21600bf1305f742/elements - {"using":"xpath","value":"//button[@data-kt=\"addButton\"]"}
RESULT: {"using":"xpath","value":"//button[@data-kt=\"addButton\"]"}
COMMAND: POST /session/d2c3ab5fa88eeda4f21600bf1305f742/elements - {"using":"xpath","value":"//button[@data-kt=\"addButton\"]"}
RESULT: {"using":"xpath","value":"//button[@data-kt=\"addButton\"]"}
COMMAND: POST /session/d2c3ab5fa88eeda4f21600bf1305f742/element - {"using":"xpath","value":"//button[@data-kt=\"addButton\"]"}
RESULT: {"using":"xpath","value":"//button[@data-kt=\"addButton\"]"}
COMMAND: POST /session/d2c3ab5fa88eeda4f21600bf1305f742/execute/sync - {"script":"<script> [8489 bytes]","args":[{"element-6066-11e4-a52e-4f735466cecf":"f.57742D1BD268DE26C52E0F1C75EE3A9C.d.05AD8D050F9E4CB8A0A43F7DA7C2353E.e.4237","ELEMENT":"f.57742D1BD268DE26C52E0F1C75EE3A9C.d.05AD8D050F9E4CB8A0A43F7DA7C2353E.e.4237"}]}
RESULT: {"script":"<script> [8489 bytes]","args":[{"element-6066-11e4-a52e-4f735466cecf":"f.57742D1BD268DE26C52E0F1C75EE3A9C.d.05AD8D050F9E4CB8A0A43F7DA7C2353E.e.4237","ELEMENT":"f.57742D1BD268DE26C52E0F1C75EE3A9C.d.05AD8D050F9E4CB8A0A43F7DA7C2353E.e.4237"}]}
COMMAND: GET /session/d2c3ab5fa88eeda4f21600bf1305f742/element/f.57742D1BD268DE26C52E0F1C75EE3A9C.d.05AD8D050F9E4CB8A0A43F7DA7C2353E.e.4237/enabled - {}
COMMAND: GET /session/d2c3ab5fa88eeda4f21600bf1305f742/screenshot - {}
RESULT: {}
COMMAND: POST /session/d2c3ab5fa88eeda4f21600bf1305f742/execute/sync - {"script":"<script> [8489 bytes]","args":[{"element-6066-11e4-a52e-4f735466cecf":"f.57742D1BD268DE26C52E0F1C75EE3A9C.d.05AD8D050F9E4CB8A0A43F7DA7C2353E.e.4237","ELEMENT":"f.57742D1BD268DE26C52E0F1C75EE3A9C.d.05AD8D050F9E4CB8A0A43F7DA7C2353E.e.4237"}]}
COMMAND: GET /session/d2c3ab5fa88eeda4f21600bf1305f742/screenshot - {}
RESULT: {}
RESULT: {"script":"<script> [8489 bytes]","args":[{"element-6066-11e4-a52e-4f735466cecf":"f.57742D1BD268DE26C52E0F1C75EE3A9C.d.05AD8D050F9E4CB8A0A43F7DA7C2353E.e.4237","ELEMENT":"f.57742D1BD268DE26C52E0F1C75EE3A9C.d.05AD8D050F9E4CB8A0A43F7DA7C2353E.e.4237"}]}
COMMAND: POST /session/d2c3ab5fa88eeda4f21600bf1305f742/execute/sync - {"script":"<script> [5351 bytes]","args":[{"element-6066-11e4-a52e-4f735466cecf":"f.57742D1BD268DE26C52E0F1C75EE3A9C.d.05AD8D050F9E4CB8A0A43F7DA7C2353E.e.4237","ELEMENT":"f.57742D1BD268DE26C52E0F1C75EE3A9C.d.05AD8D050F9E4CB8A0A43F7DA7C2353E.e.4237"}]}
COMMAND: GET /session/d2c3ab5fa88eeda4f21600bf1305f742/screenshot - {}
RESULT: {}
RESULT: {"script":"<script> [5351 bytes]","args":[{"element-6066-11e4-a52e-4f735466cecf":"f.57742D1BD268DE26C52E0F1C75EE3A9C.d.05AD8D050F9E4CB8A0A43F7DA7C2353E.e.4237","ELEMENT":"f.57742D1BD268DE26C52E0F1C75EE3A9C.d.05AD8D050F9E4CB8A0A43F7DA7C2353E.e.4237"}]}
COMMAND: GET /session/d2c3ab5fa88eeda4f21600bf1305f742/screenshot - {}
RESULT: {}
RESULT: {}
COMMAND: POST /session/d2c3ab5fa88eeda4f21600bf1305f742/execute/async - {"script":"<script> [1562 bytes]","args":[{"selector":{"id":"application-managepartners-display-component---masterPtm--smartFilterBar-btnBasicSearch","interaction":{"idSuffix":"I"}},"wdio_ui5_key":"applicationmanagepartners-display-component---masterPtm--smartFilterBar-btnBasicSearch"}]}
RESULT: {"script":"<script> [1562 bytes]","args":[{"selector":{"id":"application-managepartners-display-component---masterPtm--smartFilterBar-btnBasicSearch","interaction":{"idSuffix":"I"}},"wdio_ui5_key":"applicationmanagepartners-display-component---masterPtm--smartFilterBar-btnBasicSearch"}]}
RESULT: undefined
COMMAND: POST /session/d2c3ab5fa88eeda4f21600bf1305f742/execute/async - {"script":"<script> [776 bytes]","args":[{"enterText":"1001","selector":{"id":"application-managepartners-display-component---masterPtm--smartFilterBar-btnBasicSearch","interaction":{"idSuffix":"I"}},"clearTextFirst":true,"interactionType":"ENTER_TEXT"}]}
RESULT: {"script":"<script> [776 bytes]","args":[{"enterText":"1001","selector":{"id":"application-managepartners-display-component---masterPtm--smartFilterBar-btnBasicSearch","interaction":{"idSuffix":"I"}},"clearTextFirst":true,"interactionType":"ENTER_TEXT"}]}
COMMAND: POST /session/d2c3ab5fa88eeda4f21600bf1305f742/actions - {"actions":[{"id":"action26","type":"key","parameters":{},"actions":[{"type":"keyDown","value":"î€‡"},{"type":"pause","duration":10},{"type":"keyUp","value":"î€‡"}]}]}
RESULT: {"actions":[{"id":"action26","type":"key","parameters":{},"actions":[{"type":"keyDown","value":"î€‡"},{"type":"pause","duration":10},{"type":"keyUp","value":"î€‡"}]}]}
COMMAND: GET /session/d2c3ab5fa88eeda4f21600bf1305f742/screenshot - {}
RESULT: {}
COMMAND: POST /session/d2c3ab5fa88eeda4f21600bf1305f742/execute/async - {"script":"<script> [1562 bytes]","args":[{"selector":{"controlType":"sap.ui.core.Icon","viewName":"etm.portal.ui.managepartners.view.Master","viewId":"application-managepartners-display-component---masterPtm","properties":{"src":{"regex":{"source":"slim\\-arrow\\-right"}}}},"wdio_ui5_key":"etmportal.ui.managepartners.view.Mastersap.ui.core.Icon{\"src\":{\"regex\":{\"source\":\"slim\\\\-arrow\\\\-right\"}}}"}]}
RESULT: {"script":"<script> [1562 bytes]","args":[{"selector":{"controlType":"sap.ui.core.Icon","viewName":"etm.portal.ui.managepartners.view.Master","viewId":"application-managepartners-display-component---masterPtm","properties":{"src":{"regex":{"source":"slim\\-arrow\\-right"}}}},"wdio_ui5_key":"etmportal.ui.managepartners.view.Mastersap.ui.core.Icon{\"src\":{\"regex\":{\"source\":\"slim\\\\-arrow\\\\-right\"}}}"}]}
RESULT: undefined
COMMAND: POST /session/d2c3ab5fa88eeda4f21600bf1305f742/element - {"using":"xpath","value":"//*[@id=\"__item1980-__clone7753-imgNav\"]"}
RESULT: {"using":"xpath","value":"//*[@id=\"__item1980-__clone7753-imgNav\"]"}
COMMAND: POST /session/d2c3ab5fa88eeda4f21600bf1305f742/element/f.57742D1BD268DE26C52E0F1C75EE3A9C.d.05AD8D050F9E4CB8A0A43F7DA7C2353E.e.4383/click - {}
RESULT: {}
COMMAND: GET /session/d2c3ab5fa88eeda4f21600bf1305f742/screenshot - {}
RESULT: {}
COMMAND: POST /session/d2c3ab5fa88eeda4f21600bf1305f742/execute/async - {"script":"<script> [1562 bytes]","args":[{"selector":{"controlType":"sap.m.Button","viewName":"etm.portal.ui.managepartners.view.Detail","viewId":"application-managepartners-display-component---detailPtm","properties":{"text":"Reference"},"interaction":{"idSuffix":"BDI-content"}},"wdio_ui5_key":"etmportal.ui.managepartners.view.Detailsap.m.Button{\"text\":\"Reference\"}"}]}
RESULT: {"script":"<script> [1562 bytes]","args":[{"selector":{"controlType":"sap.m.Button","viewName":"etm.portal.ui.managepartners.view.Detail","viewId":"application-managepartners-display-component---detailPtm","properties":{"text":"Reference"},"interaction":{"idSuffix":"BDI-content"}},"wdio_ui5_key":"etmportal.ui.managepartners.view.Detailsap.m.Button{\"text\":\"Reference\"}"}]}
RESULT: undefined
COMMAND: POST /session/d2c3ab5fa88eeda4f21600bf1305f742/element - {"using":"xpath","value":"//*[@id=\"application-managepartners-display-component---detailPtm--ObjectPageLayout-anchBar-__section89-anchor\"]"}
RESULT: {"using":"xpath","value":"//*[@id=\"application-managepartners-display-component---detailPtm--ObjectPageLayout-anchBar-__section89-anchor\"]"}
COMMAND: POST /session/d2c3ab5fa88eeda4f21600bf1305f742/element/f.57742D1BD268DE26C52E0F1C75EE3A9C.d.05AD8D050F9E4CB8A0A43F7DA7C2353E.e.4530/click - {}
RESULT: {}
COMMAND: GET /session/d2c3ab5fa88eeda4f21600bf1305f742/screenshot - {}
RESULT: {}
COMMAND: POST /session/d2c3ab5fa88eeda4f21600bf1305f742/element - {"using":"xpath","value":"//span[contains(@id ,\"application-managepartners-display-component---detailPtm--smartTableAssignmentsDisplay-header-inner\")][contains(text(), \"Records (1)\")]"}
RESULT: {"using":"xpath","value":"//span[contains(@id ,\"application-managepartners-display-component---detailPtm--smartTableAssignmentsDisplay-header-inner\")][contains(text(), \"Records (1)\")]"}
COMMAND: POST /session/d2c3ab5fa88eeda4f21600bf1305f742/execute/sync - {"script":"<script> [8489 bytes]","args":[{"element-6066-11e4-a52e-4f735466cecf":"f.57742D1BD268DE26C52E0F1C75EE3A9C.d.05AD8D050F9E4CB8A0A43F7DA7C2353E.e.4536","ELEMENT":"f.57742D1BD268DE26C52E0F1C75EE3A9C.d.05AD8D050F9E4CB8A0A43F7DA7C2353E.e.4536"}]}
RESULT: {"script":"<script> [8489 bytes]","args":[{"element-6066-11e4-a52e-4f735466cecf":"f.57742D1BD268DE26C52E0F1C75EE3A9C.d.05AD8D050F9E4CB8A0A43F7DA7C2353E.e.4536","ELEMENT":"f.57742D1BD268DE26C52E0F1C75EE3A9C.d.05AD8D050F9E4CB8A0A43F7DA7C2353E.e.4536"}]}
COMMAND: POST /session/d2c3ab5fa88eeda4f21600bf1305f742/element - {"using":"css selector","value":"#shell-header-logo"}
COMMAND: GET /session/d2c3ab5fa88eeda4f21600bf1305f742/screenshot - {}
RESULT: {"using":"css selector","value":"#shell-header-logo"}
COMMAND: POST /session/d2c3ab5fa88eeda4f21600bf1305f742/element/f.57742D1BD268DE26C52E0F1C75EE3A9C.d.05AD8D050F9E4CB8A0A43F7DA7C2353E.e.4203/click - {}
RESULT: {}
RESULT: {}
COMMAND: GET /session/d2c3ab5fa88eeda4f21600bf1305f742/screenshot - {}
RESULT: {}
COMMAND: POST /session/d2c3ab5fa88eeda4f21600bf1305f742/refresh - {}
RESULT: {}
COMMAND: GET /session/d2c3ab5fa88eeda4f21600bf1305f742/screenshot - {}
RESULT: {}
COMMAND: POST /session/d2c3ab5fa88eeda4f21600bf1305f742/execute/async - {"script":"<script> [189 bytes]","args":[]}
RESULT: {"script":"<script> [189 bytes]","args":[]}
COMMAND: POST /session/d2c3ab5fa88eeda4f21600bf1305f742/execute/async - {"script":"<script> [123 bytes]","args":[]}
RESULT: {"script":"<script> [123 bytes]","args":[]}
COMMAND: POST /session/d2c3ab5fa88eeda4f21600bf1305f742/timeouts - {"script":"<number>"}
RESULT: {"script":"<number>"}
COMMAND: GET /session/d2c3ab5fa88eeda4f21600bf1305f742/timeouts - {}
RESULT: {}
RESULT: undefined
COMMAND: POST /session/d2c3ab5fa88eeda4f21600bf1305f742/execute/async - {"script":"<script> [2676 bytes]","args":[]}
RESULT: {"script":"<script> [2676 bytes]","args":[]}
COMMAND: POST /session/d2c3ab5fa88eeda4f21600bf1305f742/execute/async - {"script":"<script> [2342 bytes]","args":[{"protocol":"http","hostname":"0.0.0.0","path":"/","capabilities":{"browserName":"chrome","goog:chromeOptions":{"binary":"C:\\Program Files\\Google\\Chrome\\Application\\chrome.exe","args":["--start-maximized"]}},"logLevel":"warn","connectionRetryTimeout":120000,"connectionRetryCount":3,"logLevels":{},"enableDirectConnect":true,"strictSSL":true,"_":"65 more keys: [\"cacheDir\",\"port\",\"requestedCapabilities\",\"automationProtocol\",\"baseUrl\",\"waitforInterval\",\"waitforTimeout\",\"onReload\",\"beforeCommand\",\"afterCommand\",\"rootDir\",\"specs\",\"suites\",\"exclude\",\"groupLogsByTestSpec\",\"excludeDriverLogs\",\"bail\",\"framework\",\"reporters\",\"services\",\"maxInstances\",\"maxInstancesPerCapability\",\"injectGlobals\",\"filesToWatch\",\"execArgv\",\"runnerEnv\",\"runner\",\"shard\",\"specFileRetries\",\"specFileRetriesDelay\",\"specFileRetriesDeferred\",\"reporterSyncInterval\",\"reporterSyncTimeout\",\"cucumberFeaturesWithLineNumbers\",\"autoCompileOpts\",\"mochaOpts\",\"jasmineOpts\",\"cucumberOpts\",\"onPrepare\",\"onWorkerStart\",\"onWorkerEnd\",\"before\",\"beforeSession\",\"beforeSuite\",\"beforeHook\",\"beforeTest\",\"afterTest\",\"afterHook\",\"afterSuite\",\"afterSession\",\"after\",\"onComplete\",\"beforeAssertion\",\"afterAssertion\",\"beforeFeature\",\"beforeScenario\",\"beforeStep\",\"afterStep\",\"afterScenario\",\"afterFeature\",\"_\",\"suite\",\"$0\",\"ignoredWorkerServices\",\"wdi5\"]"}]}
RESULT: {"script":"<script> [2342 bytes]","args":[{"protocol":"http","hostname":"0.0.0.0","path":"/","capabilities":{"browserName":"chrome","goog:chromeOptions":{"binary":"C:\\Program Files\\Google\\Chrome\\Application\\chrome.exe","args":["--start-maximized"]}},"logLevel":"warn","connectionRetryTimeout":120000,"connectionRetryCount":3,"logLevels":{},"enableDirectConnect":true,"strictSSL":true,"_":"65 more keys: [\"cacheDir\",\"port\",\"requestedCapabilities\",\"automationProtocol\",\"baseUrl\",\"waitforInterval\",\"waitforTimeout\",\"onReload\",\"beforeCommand\",\"afterCommand\",\"rootDir\",\"specs\",\"suites\",\"exclude\",\"groupLogsByTestSpec\",\"excludeDriverLogs\",\"bail\",\"framework\",\"reporters\",\"services\",\"maxInstances\",\"maxInstancesPerCapability\",\"injectGlobals\",\"filesToWatch\",\"execArgv\",\"runnerEnv\",\"runner\",\"shard\",\"specFileRetries\",\"specFileRetriesDelay\",\"specFileRetriesDeferred\",\"reporterSyncInterval\",\"reporterSyncTimeout\",\"cucumberFeaturesWithLineNumbers\",\"autoCompileOpts\",\"mochaOpts\",\"jasmineOpts\",\"cucumberOpts\",\"onPrepare\",\"onWorkerStart\",\"onWorkerEnd\",\"before\",\"beforeSession\",\"beforeSuite\",\"beforeHook\",\"beforeTest\",\"afterTest\",\"afterHook\",\"afterSuite\",\"afterSession\",\"after\",\"onComplete\",\"beforeAssertion\",\"afterAssertion\",\"beforeFeature\",\"beforeScenario\",\"beforeStep\",\"afterStep\",\"afterScenario\",\"afterFeature\",\"_\",\"suite\",\"$0\",\"ignoredWorkerServices\",\"wdi5\"]"}]}
COMMAND: POST /session/d2c3ab5fa88eeda4f21600bf1305f742/execute/async - {"script":"<script> [21126 bytes]","args":[35000]}
RESULT: {"script":"<script> [21126 bytes]","args":[35000]}
]]></system-out>
    </testcase>
    <testcase classname="chrome.136_0_7103_93.windows.ISC_Schedule_-_Time_schedule_US156838" name="Should create a new contract and add the equipment" time="148.549">
      <system-out><![CDATA[
COMMAND: POST /session/d2c3ab5fa88eeda4f21600bf1305f742/execute/async - {"script":"<script> [1562 bytes]","args":[{"selector":{"controlType":"sap.m.GenericTile","properties":{"header":"Manage Contracts"}},"wdio_ui5_key":"sapm.GenericTile{\"header\":\"Manage Contracts\"}"}]}
RESULT: {"script":"<script> [1562 bytes]","args":[{"selector":{"controlType":"sap.m.GenericTile","properties":{"header":"Manage Contracts"}},"wdio_ui5_key":"sapm.GenericTile{\"header\":\"Manage Contracts\"}"}]}
RESULT: undefined
COMMAND: POST /session/d2c3ab5fa88eeda4f21600bf1305f742/element - {"using":"xpath","value":"//*[@id=\"__tile131\"]"}
RESULT: {"using":"xpath","value":"//*[@id=\"__tile131\"]"}
COMMAND: POST /session/d2c3ab5fa88eeda4f21600bf1305f742/element/f.57742D1BD268DE26C52E0F1C75EE3A9C.d.805E1EB8F285A7B16BBBDF60CD759387.e.4558/click - {}
RESULT: {}
COMMAND: GET /session/d2c3ab5fa88eeda4f21600bf1305f742/screenshot - {}
RESULT: {}
COMMAND: POST /session/d2c3ab5fa88eeda4f21600bf1305f742/elements - {"using":"xpath","value":"//span[text()='Error']"}
RESULT: {"using":"xpath","value":"//span[text()='Error']"}
COMMAND: POST /session/d2c3ab5fa88eeda4f21600bf1305f742/element - {"using":"xpath","value":"//button[@data-kt=\"addButton\"]"}
RESULT: {"using":"xpath","value":"//button[@data-kt=\"addButton\"]"}
COMMAND: POST /session/d2c3ab5fa88eeda4f21600bf1305f742/element/f.57742D1BD268DE26C52E0F1C75EE3A9C.d.805E1EB8F285A7B16BBBDF60CD759387.e.4611/click - {}
RESULT: {}
COMMAND: GET /session/d2c3ab5fa88eeda4f21600bf1305f742/screenshot - {}
RESULT: {}
COMMAND: POST /session/d2c3ab5fa88eeda4f21600bf1305f742/execute/async - {"script":"<script> [1562 bytes]","args":[{"selector":{"id":"application-managecontracts-display-component---AddNewContract--projectDescription","interaction":{"idSuffix":"inner"}},"wdio_ui5_key":"applicationmanagecontracts-display-component---AddNewContract--projectDescription"}]}
RESULT: {"script":"<script> [1562 bytes]","args":[{"selector":{"id":"application-managecontracts-display-component---AddNewContract--projectDescription","interaction":{"idSuffix":"inner"}},"wdio_ui5_key":"applicationmanagecontracts-display-component---AddNewContract--projectDescription"}]}
RESULT: undefined
COMMAND: POST /session/d2c3ab5fa88eeda4f21600bf1305f742/execute/async - {"script":"<script> [776 bytes]","args":[{"enterText":"WdIOTestgyxzli","selector":{"id":"application-managecontracts-display-component---AddNewContract--projectDescription","interaction":{"idSuffix":"inner"}},"clearTextFirst":true,"interactionType":"ENTER_TEXT"}]}
RESULT: {"script":"<script> [776 bytes]","args":[{"enterText":"WdIOTestgyxzli","selector":{"id":"application-managecontracts-display-component---AddNewContract--projectDescription","interaction":{"idSuffix":"inner"}},"clearTextFirst":true,"interactionType":"ENTER_TEXT"}]}
COMMAND: POST /session/d2c3ab5fa88eeda4f21600bf1305f742/element - {"using":"xpath","value":"//input[@id=\"application-managecontracts-display-component---AddNewContract--yardId-inner\"]"}
RESULT: {"using":"xpath","value":"//input[@id=\"application-managecontracts-display-component---AddNewContract--yardId-inner\"]"}
COMMAND: POST /session/d2c3ab5fa88eeda4f21600bf1305f742/element/f.57742D1BD268DE26C52E0F1C75EE3A9C.d.805E1EB8F285A7B16BBBDF60CD759387.e.4876/clear - {}
RESULT: {}
COMMAND: POST /session/d2c3ab5fa88eeda4f21600bf1305f742/element/f.57742D1BD268DE26C52E0F1C75EE3A9C.d.805E1EB8F285A7B16BBBDF60CD759387.e.4876/value - {"text":"109"}
COMMAND: GET /session/d2c3ab5fa88eeda4f21600bf1305f742/screenshot - {}
RESULT: {"text":"109"}
COMMAND: GET /session/d2c3ab5fa88eeda4f21600bf1305f742/screenshot - {}
RESULT: {}
RESULT: {}
COMMAND: POST /session/d2c3ab5fa88eeda4f21600bf1305f742/actions - {"actions":[{"id":"action27","type":"key","parameters":{},"actions":[{"type":"keyDown","value":"î€‡"},{"type":"pause","duration":10},{"type":"keyUp","value":"î€‡"}]}]}
RESULT: {"actions":[{"id":"action27","type":"key","parameters":{},"actions":[{"type":"keyDown","value":"î€‡"},{"type":"pause","duration":10},{"type":"keyUp","value":"î€‡"}]}]}
COMMAND: GET /session/d2c3ab5fa88eeda4f21600bf1305f742/screenshot - {}
RESULT: {}
COMMAND: POST /session/d2c3ab5fa88eeda4f21600bf1305f742/element - {"using":"xpath","value":"//input[@id=\"application-managecontracts-display-component---AddNewContract--customerSelect-inner\"]"}
RESULT: {"using":"xpath","value":"//input[@id=\"application-managecontracts-display-component---AddNewContract--customerSelect-inner\"]"}
COMMAND: POST /session/d2c3ab5fa88eeda4f21600bf1305f742/element/f.57742D1BD268DE26C52E0F1C75EE3A9C.d.805E1EB8F285A7B16BBBDF60CD759387.e.4874/clear - {}
RESULT: {}
COMMAND: POST /session/d2c3ab5fa88eeda4f21600bf1305f742/element/f.57742D1BD268DE26C52E0F1C75EE3A9C.d.805E1EB8F285A7B16BBBDF60CD759387.e.4874/value - {"text":"1001"}
COMMAND: GET /session/d2c3ab5fa88eeda4f21600bf1305f742/screenshot - {}
RESULT: {"text":"1001"}
COMMAND: GET /session/d2c3ab5fa88eeda4f21600bf1305f742/screenshot - {}
RESULT: {}
RESULT: {}
COMMAND: POST /session/d2c3ab5fa88eeda4f21600bf1305f742/actions - {"actions":[{"id":"action28","type":"key","parameters":{},"actions":[{"type":"keyDown","value":"î€‡"},{"type":"pause","duration":10},{"type":"keyUp","value":"î€‡"}]}]}
RESULT: {"actions":[{"id":"action28","type":"key","parameters":{},"actions":[{"type":"keyDown","value":"î€‡"},{"type":"pause","duration":10},{"type":"keyUp","value":"î€‡"}]}]}
COMMAND: GET /session/d2c3ab5fa88eeda4f21600bf1305f742/screenshot - {}
RESULT: {}
COMMAND: POST /session/d2c3ab5fa88eeda4f21600bf1305f742/element - {"using":"xpath","value":"//input[@id=\"application-managecontracts-display-component---AddNewContract--site-inner\"]"}
RESULT: {"using":"xpath","value":"//input[@id=\"application-managecontracts-display-component---AddNewContract--site-inner\"]"}
COMMAND: POST /session/d2c3ab5fa88eeda4f21600bf1305f742/element/f.57742D1BD268DE26C52E0F1C75EE3A9C.d.805E1EB8F285A7B16BBBDF60CD759387.e.4875/clear - {}
RESULT: {}
COMMAND: POST /session/d2c3ab5fa88eeda4f21600bf1305f742/element/f.57742D1BD268DE26C52E0F1C75EE3A9C.d.805E1EB8F285A7B16BBBDF60CD759387.e.4875/value - {"text":"2002"}
COMMAND: GET /session/d2c3ab5fa88eeda4f21600bf1305f742/screenshot - {}
RESULT: {"text":"2002"}
COMMAND: GET /session/d2c3ab5fa88eeda4f21600bf1305f742/screenshot - {}
RESULT: {}
RESULT: {}
COMMAND: POST /session/d2c3ab5fa88eeda4f21600bf1305f742/actions - {"actions":[{"id":"action29","type":"key","parameters":{},"actions":[{"type":"keyDown","value":"î€‡"},{"type":"pause","duration":10},{"type":"keyUp","value":"î€‡"}]}]}
RESULT: {"actions":[{"id":"action29","type":"key","parameters":{},"actions":[{"type":"keyDown","value":"î€‡"},{"type":"pause","duration":10},{"type":"keyUp","value":"î€‡"}]}]}
COMMAND: GET /session/d2c3ab5fa88eeda4f21600bf1305f742/screenshot - {}
COMMAND: POST /session/d2c3ab5fa88eeda4f21600bf1305f742/element - {"using":"xpath","value":"//button[@data-kt=\"saveButton\"]"}
RESULT: {}
RESULT: {"using":"xpath","value":"//button[@data-kt=\"saveButton\"]"}
COMMAND: POST /session/d2c3ab5fa88eeda4f21600bf1305f742/element/f.57742D1BD268DE26C52E0F1C75EE3A9C.d.805E1EB8F285A7B16BBBDF60CD759387.e.4949/click - {}
RESULT: {}
COMMAND: GET /session/d2c3ab5fa88eeda4f21600bf1305f742/screenshot - {}
RESULT: {}
COMMAND: POST /session/d2c3ab5fa88eeda4f21600bf1305f742/execute/async - {"script":"<script> [1562 bytes]","args":[{"selector":{"id":"contractDetailTitleNoExpanded","viewName":"etm.portal.ui.managecontracts.view.Detail"},"wdio_ui5_key":"contractDetailTitleNoExpandedetmportal.ui.managecontracts.view.Detail"}]}
RESULT: {"script":"<script> [1562 bytes]","args":[{"selector":{"id":"contractDetailTitleNoExpanded","viewName":"etm.portal.ui.managecontracts.view.Detail"},"wdio_ui5_key":"contractDetailTitleNoExpandedetmportal.ui.managecontracts.view.Detail"}]}
RESULT: undefined
COMMAND: POST /session/d2c3ab5fa88eeda4f21600bf1305f742/execute/async - {"script":"<script> [6424 bytes]","args":[{"element-6066-11e4-a52e-4f735466cecf":"f.57742D1BD268DE26C52E0F1C75EE3A9C.d.805E1EB8F285A7B16BBBDF60CD759387.e.5031"},"getText",[]]}
RESULT: {"script":"<script> [6424 bytes]","args":[{"element-6066-11e4-a52e-4f735466cecf":"f.57742D1BD268DE26C52E0F1C75EE3A9C.d.805E1EB8F285A7B16BBBDF60CD759387.e.5031"},"getText",[]]}
COMMAND: POST /session/d2c3ab5fa88eeda4f21600bf1305f742/execute/async - {"script":"<script> [1562 bytes]","args":[{"selector":{"id":"closeContractBtn","viewName":"etm.portal.ui.managecontracts.view.Detail"},"wdio_ui5_key":"closeContractBtnetmportal.ui.managecontracts.view.Detail"}]}
RESULT: {"script":"<script> [1562 bytes]","args":[{"selector":{"id":"closeContractBtn","viewName":"etm.portal.ui.managecontracts.view.Detail"},"wdio_ui5_key":"closeContractBtnetmportal.ui.managecontracts.view.Detail"}]}
RESULT: undefined
COMMAND: POST /session/d2c3ab5fa88eeda4f21600bf1305f742/execute/async - {"script":"<script> [6424 bytes]","args":[{"element-6066-11e4-a52e-4f735466cecf":"f.57742D1BD268DE26C52E0F1C75EE3A9C.d.805E1EB8F285A7B16BBBDF60CD759387.e.5032"},"getEnabled",[]]}
RESULT: {"script":"<script> [6424 bytes]","args":[{"element-6066-11e4-a52e-4f735466cecf":"f.57742D1BD268DE26C52E0F1C75EE3A9C.d.805E1EB8F285A7B16BBBDF60CD759387.e.5032"},"getEnabled",[]]}
COMMAND: POST /session/d2c3ab5fa88eeda4f21600bf1305f742/element - {"using":"xpath","value":"//button[@data-kt=\"contractDetailEditBtnButton\"]"}
RESULT: {"using":"xpath","value":"//button[@data-kt=\"contractDetailEditBtnButton\"]"}
COMMAND: POST /session/d2c3ab5fa88eeda4f21600bf1305f742/element/f.57742D1BD268DE26C52E0F1C75EE3A9C.d.805E1EB8F285A7B16BBBDF60CD759387.e.5033/click - {}
RESULT: {}
COMMAND: GET /session/d2c3ab5fa88eeda4f21600bf1305f742/screenshot - {}
RESULT: {}
COMMAND: POST /session/d2c3ab5fa88eeda4f21600bf1305f742/element - {"using":"xpath","value":"(//span[contains(text(), \"Additional Addresses\")])[2]"}
RESULT: {"using":"xpath","value":"(//span[contains(text(), \"Additional Addresses\")])[2]"}
COMMAND: POST /session/d2c3ab5fa88eeda4f21600bf1305f742/element/f.57742D1BD268DE26C52E0F1C75EE3A9C.d.805E1EB8F285A7B16BBBDF60CD759387.e.5093/click - {}
RESULT: {}
COMMAND: GET /session/d2c3ab5fa88eeda4f21600bf1305f742/screenshot - {}
RESULT: {}
COMMAND: POST /session/d2c3ab5fa88eeda4f21600bf1305f742/element - {"using":"xpath","value":"//button[@data-kt=\"btnAddTableRowOverflowToolbarButton\"]"}
RESULT: {"using":"xpath","value":"//button[@data-kt=\"btnAddTableRowOverflowToolbarButton\"]"}
COMMAND: POST /session/d2c3ab5fa88eeda4f21600bf1305f742/element/f.57742D1BD268DE26C52E0F1C75EE3A9C.d.805E1EB8F285A7B16BBBDF60CD759387.e.5095/click - {}
RESULT: {}
COMMAND: GET /session/d2c3ab5fa88eeda4f21600bf1305f742/screenshot - {}
RESULT: {}
COMMAND: POST /session/d2c3ab5fa88eeda4f21600bf1305f742/element - {"using":"xpath","value":"//div[(text() = 'Standard Entry' or . = 'Standard Entry')]"}
RESULT: {"using":"xpath","value":"//div[(text() = 'Standard Entry' or . = 'Standard Entry')]"}
COMMAND: POST /session/d2c3ab5fa88eeda4f21600bf1305f742/element/f.57742D1BD268DE26C52E0F1C75EE3A9C.d.805E1EB8F285A7B16BBBDF60CD759387.e.5097/click - {}
RESULT: {}
COMMAND: POST /session/d2c3ab5fa88eeda4f21600bf1305f742/element - {"using":"xpath","value":"//td[7]/div/div/input"}
COMMAND: GET /session/d2c3ab5fa88eeda4f21600bf1305f742/screenshot - {}
RESULT: {"using":"xpath","value":"//td[7]/div/div/input"}
COMMAND: POST /session/d2c3ab5fa88eeda4f21600bf1305f742/element/f.57742D1BD268DE26C52E0F1C75EE3A9C.d.805E1EB8F285A7B16BBBDF60CD759387.e.5106/clear - {}
RESULT: {}
RESULT: {}
COMMAND: POST /session/d2c3ab5fa88eeda4f21600bf1305f742/element/f.57742D1BD268DE26C52E0F1C75EE3A9C.d.805E1EB8F285A7B16BBBDF60CD759387.e.5106/value - {"text":"WdIOTestEquipmdsly"}
COMMAND: GET /session/d2c3ab5fa88eeda4f21600bf1305f742/screenshot - {}
RESULT: {"text":"WdIOTestEquipmdsly"}
COMMAND: GET /session/d2c3ab5fa88eeda4f21600bf1305f742/screenshot - {}
RESULT: {}
RESULT: {}
COMMAND: POST /session/d2c3ab5fa88eeda4f21600bf1305f742/actions - {"actions":[{"id":"action30","type":"key","parameters":{},"actions":[{"type":"keyDown","value":"î€‡"},{"type":"pause","duration":10},{"type":"keyUp","value":"î€‡"}]}]}
RESULT: {"actions":[{"id":"action30","type":"key","parameters":{},"actions":[{"type":"keyDown","value":"î€‡"},{"type":"pause","duration":10},{"type":"keyUp","value":"î€‡"}]}]}
COMMAND: GET /session/d2c3ab5fa88eeda4f21600bf1305f742/screenshot - {}
RESULT: {}
COMMAND: POST /session/d2c3ab5fa88eeda4f21600bf1305f742/actions - {"actions":[{"id":"action31","type":"key","parameters":{},"actions":[{"type":"keyDown","value":"î€‡"},{"type":"pause","duration":10},{"type":"keyUp","value":"î€‡"}]}]}
RESULT: {"actions":[{"id":"action31","type":"key","parameters":{},"actions":[{"type":"keyDown","value":"î€‡"},{"type":"pause","duration":10},{"type":"keyUp","value":"î€‡"}]}]}
COMMAND: GET /session/d2c3ab5fa88eeda4f21600bf1305f742/screenshot - {}
RESULT: {}
COMMAND: POST /session/d2c3ab5fa88eeda4f21600bf1305f742/element - {"using":"xpath","value":"(//button[@data-kt=\"saveButton\"])[2]"}
RESULT: {"using":"xpath","value":"(//button[@data-kt=\"saveButton\"])[2]"}
COMMAND: POST /session/d2c3ab5fa88eeda4f21600bf1305f742/element/f.57742D1BD268DE26C52E0F1C75EE3A9C.d.805E1EB8F285A7B16BBBDF60CD759387.e.5121/click - {}
RESULT: {}
COMMAND: GET /session/d2c3ab5fa88eeda4f21600bf1305f742/screenshot - {}
RESULT: {}
]]></system-out>
    </testcase>
    <testcase classname="chrome.136_0_7103_93.windows.ISC_Schedule_-_Time_schedule_US156838" name="Should fully provide the equipment" time="67.101">
      <system-out><![CDATA[
COMMAND: POST /session/d2c3ab5fa88eeda4f21600bf1305f742/element - {"using":"xpath","value":"//button[@data-kt=\"provideButton\"]"}
RESULT: {"using":"xpath","value":"//button[@data-kt=\"provideButton\"]"}
COMMAND: POST /session/d2c3ab5fa88eeda4f21600bf1305f742/element/f.57742D1BD268DE26C52E0F1C75EE3A9C.d.805E1EB8F285A7B16BBBDF60CD759387.e.5125/click - {}
RESULT: {}
COMMAND: GET /session/d2c3ab5fa88eeda4f21600bf1305f742/screenshot - {}
COMMAND: POST /session/d2c3ab5fa88eeda4f21600bf1305f742/execute/async - {"script":"<script> [1562 bytes]","args":[{"selector":{"id":"application-managehandovers-display-component---AddNewHO--dueDate","interaction":{"idSuffix":"inner"}},"wdio_ui5_key":"applicationmanagehandovers-display-component---AddNewHO--dueDate"}]}
RESULT: {}
RESULT: {"script":"<script> [1562 bytes]","args":[{"selector":{"id":"application-managehandovers-display-component---AddNewHO--dueDate","interaction":{"idSuffix":"inner"}},"wdio_ui5_key":"applicationmanagehandovers-display-component---AddNewHO--dueDate"}]}
RESULT: undefined
COMMAND: POST /session/d2c3ab5fa88eeda4f21600bf1305f742/execute/async - {"script":"<script> [6424 bytes]","args":[{"element-6066-11e4-a52e-4f735466cecf":"f.57742D1BD268DE26C52E0F1C75EE3A9C.d.805E1EB8F285A7B16BBBDF60CD759387.e.5201"},"setValue",["6/4/25"]]}
RESULT: {"script":"<script> [6424 bytes]","args":[{"element-6066-11e4-a52e-4f735466cecf":"f.57742D1BD268DE26C52E0F1C75EE3A9C.d.805E1EB8F285A7B16BBBDF60CD759387.e.5201"},"setValue",["6/4/25"]]}
COMMAND: POST /session/d2c3ab5fa88eeda4f21600bf1305f742/element - {"using":"xpath","value":"//bdi[contains(text(), \"Instructions\")]"}
RESULT: {"using":"xpath","value":"//bdi[contains(text(), \"Instructions\")]"}
COMMAND: POST /session/d2c3ab5fa88eeda4f21600bf1305f742/element/f.57742D1BD268DE26C52E0F1C75EE3A9C.d.805E1EB8F285A7B16BBBDF60CD759387.e.5295/click - {}
RESULT: {}
COMMAND: GET /session/d2c3ab5fa88eeda4f21600bf1305f742/screenshot - {}
RESULT: {}
COMMAND: POST /session/d2c3ab5fa88eeda4f21600bf1305f742/element - {"using":"xpath","value":"//button[@data-kt=\"AddNewHOProvideAddItemsButton\"]"}
RESULT: {"using":"xpath","value":"//button[@data-kt=\"AddNewHOProvideAddItemsButton\"]"}
COMMAND: POST /session/d2c3ab5fa88eeda4f21600bf1305f742/element/f.57742D1BD268DE26C52E0F1C75EE3A9C.d.805E1EB8F285A7B16BBBDF60CD759387.e.5299/click - {}
RESULT: {}
COMMAND: GET /session/d2c3ab5fa88eeda4f21600bf1305f742/screenshot - {}
RESULT: {}
COMMAND: POST /session/d2c3ab5fa88eeda4f21600bf1305f742/execute/async - {"script":"<script> [1562 bytes]","args":[{"selector":{"id":"application-managehandovers-display-component---AddNewHO--popup-sa","searchOpenDialogs":true,"interaction":{"idSuffix":"CbBg"}},"wdio_ui5_key":"applicationmanagehandovers-display-component---AddNewHO--popup-sa"}]}
RESULT: {"script":"<script> [1562 bytes]","args":[{"selector":{"id":"application-managehandovers-display-component---AddNewHO--popup-sa","searchOpenDialogs":true,"interaction":{"idSuffix":"CbBg"}},"wdio_ui5_key":"applicationmanagehandovers-display-component---AddNewHO--popup-sa"}]}
RESULT: undefined
COMMAND: POST /session/d2c3ab5fa88eeda4f21600bf1305f742/element - {"using":"xpath","value":"//*[@id=\"application-managehandovers-display-component---AddNewHO--popup-sa\"]"}
RESULT: {"using":"xpath","value":"//*[@id=\"application-managehandovers-display-component---AddNewHO--popup-sa\"]"}
COMMAND: POST /session/d2c3ab5fa88eeda4f21600bf1305f742/element/f.57742D1BD268DE26C52E0F1C75EE3A9C.d.805E1EB8F285A7B16BBBDF60CD759387.e.5315/click - {}
RESULT: {}
COMMAND: GET /session/d2c3ab5fa88eeda4f21600bf1305f742/screenshot - {}
RESULT: {}
COMMAND: POST /session/d2c3ab5fa88eeda4f21600bf1305f742/element - {"using":"xpath","value":"//*[contains(@id ,\"BDI-content\")][contains(text(), \"Select\")]"}
RESULT: {"using":"xpath","value":"//*[contains(@id ,\"BDI-content\")][contains(text(), \"Select\")]"}
COMMAND: POST /session/d2c3ab5fa88eeda4f21600bf1305f742/element/f.57742D1BD268DE26C52E0F1C75EE3A9C.d.805E1EB8F285A7B16BBBDF60CD759387.e.5317/click - {}
RESULT: {}
COMMAND: GET /session/d2c3ab5fa88eeda4f21600bf1305f742/screenshot - {}
RESULT: {}
COMMAND: POST /session/d2c3ab5fa88eeda4f21600bf1305f742/execute/async - {"script":"<script> [1562 bytes]","args":[{"selector":{"id":"application-managehandovers-display-component---AddNewHO--confirmCreationButton","interaction":{"idSuffix":"BDI-content"}},"wdio_ui5_key":"applicationmanagehandovers-display-component---AddNewHO--confirmCreationButton"}]}
RESULT: {"script":"<script> [1562 bytes]","args":[{"selector":{"id":"application-managehandovers-display-component---AddNewHO--confirmCreationButton","interaction":{"idSuffix":"BDI-content"}},"wdio_ui5_key":"applicationmanagehandovers-display-component---AddNewHO--confirmCreationButton"}]}
RESULT: undefined
COMMAND: POST /session/d2c3ab5fa88eeda4f21600bf1305f742/element - {"using":"xpath","value":"//*[@id=\"application-managehandovers-display-component---AddNewHO--confirmCreationButton\"]"}
RESULT: {"using":"xpath","value":"//*[@id=\"application-managehandovers-display-component---AddNewHO--confirmCreationButton\"]"}
COMMAND: POST /session/d2c3ab5fa88eeda4f21600bf1305f742/element/f.57742D1BD268DE26C52E0F1C75EE3A9C.d.805E1EB8F285A7B16BBBDF60CD759387.e.5247/click - {}
RESULT: {}
COMMAND: GET /session/d2c3ab5fa88eeda4f21600bf1305f742/screenshot - {}
RESULT: {}
COMMAND: POST /session/d2c3ab5fa88eeda4f21600bf1305f742/execute/async - {"script":"<script> [1562 bytes]","args":[{"selector":{"id":"issueDatePicker","viewName":"etm.portal.ui.managehandovers.view.DetailExecuteHO","interaction":{"idSuffix":"inner"}},"wdio_ui5_key":"issueDatePickeretmportal.ui.managehandovers.view.DetailExecuteHO"}]}
RESULT: {"script":"<script> [1562 bytes]","args":[{"selector":{"id":"issueDatePicker","viewName":"etm.portal.ui.managehandovers.view.DetailExecuteHO","interaction":{"idSuffix":"inner"}},"wdio_ui5_key":"issueDatePickeretmportal.ui.managehandovers.view.DetailExecuteHO"}]}
RESULT: undefined
COMMAND: POST /session/d2c3ab5fa88eeda4f21600bf1305f742/execute/async - {"script":"<script> [776 bytes]","args":[{"enterText":"6/4/25","selector":{"id":"issueDatePicker","viewName":"etm.portal.ui.managehandovers.view.DetailExecuteHO","interaction":{"idSuffix":"inner"}},"clearTextFirst":true,"interactionType":"ENTER_TEXT"}]}
RESULT: {"script":"<script> [776 bytes]","args":[{"enterText":"6/4/25","selector":{"id":"issueDatePicker","viewName":"etm.portal.ui.managehandovers.view.DetailExecuteHO","interaction":{"idSuffix":"inner"}},"clearTextFirst":true,"interactionType":"ENTER_TEXT"}]}
COMMAND: POST /session/d2c3ab5fa88eeda4f21600bf1305f742/element - {"using":"xpath","value":"//button[@data-kt=\"PickingTableConfirmAllButton\"]"}
RESULT: {"using":"xpath","value":"//button[@data-kt=\"PickingTableConfirmAllButton\"]"}
COMMAND: POST /session/d2c3ab5fa88eeda4f21600bf1305f742/element/f.57742D1BD268DE26C52E0F1C75EE3A9C.d.805E1EB8F285A7B16BBBDF60CD759387.e.5380/click - {}
RESULT: {}
COMMAND: GET /session/d2c3ab5fa88eeda4f21600bf1305f742/screenshot - {}
RESULT: {}
COMMAND: POST /session/d2c3ab5fa88eeda4f21600bf1305f742/element - {"using":"xpath","value":"//bdi[contains(text(), \"OK\")]"}
RESULT: {"using":"xpath","value":"//bdi[contains(text(), \"OK\")]"}
COMMAND: POST /session/d2c3ab5fa88eeda4f21600bf1305f742/element/f.57742D1BD268DE26C52E0F1C75EE3A9C.d.805E1EB8F285A7B16BBBDF60CD759387.e.5383/click - {}
RESULT: {}
COMMAND: GET /session/d2c3ab5fa88eeda4f21600bf1305f742/screenshot - {}
RESULT: {}
COMMAND: POST /session/d2c3ab5fa88eeda4f21600bf1305f742/element - {"using":"xpath","value":"//bdi[contains(text(), \"Issue\")]"}
RESULT: {"using":"xpath","value":"//bdi[contains(text(), \"Issue\")]"}
COMMAND: POST /session/d2c3ab5fa88eeda4f21600bf1305f742/element/f.57742D1BD268DE26C52E0F1C75EE3A9C.d.805E1EB8F285A7B16BBBDF60CD759387.e.5385/click - {}
RESULT: {}
COMMAND: GET /session/d2c3ab5fa88eeda4f21600bf1305f742/screenshot - {}
RESULT: {}
COMMAND: POST /session/d2c3ab5fa88eeda4f21600bf1305f742/element - {"using":"css selector","value":"#shell-header-logo"}
RESULT: {"using":"css selector","value":"#shell-header-logo"}
COMMAND: POST /session/d2c3ab5fa88eeda4f21600bf1305f742/element/f.57742D1BD268DE26C52E0F1C75EE3A9C.d.805E1EB8F285A7B16BBBDF60CD759387.e.4561/click - {}
RESULT: {}
COMMAND: GET /session/d2c3ab5fa88eeda4f21600bf1305f742/screenshot - {}
RESULT: {}
]]></system-out>
    </testcase>
    <testcase classname="chrome.136_0_7103_93.windows.ISC_Schedule_-_Time_schedule_US156838" name="Should create a new time schedule" time="90.494">
      <system-out><![CDATA[
COMMAND: POST /session/d2c3ab5fa88eeda4f21600bf1305f742/execute/async - {"script":"<script> [1562 bytes]","args":[{"selector":{"controlType":"sap.m.GenericTile","properties":{"header":"ISC Schedules"}},"wdio_ui5_key":"sapm.GenericTile{\"header\":\"ISC Schedules\"}"}]}
RESULT: {"script":"<script> [1562 bytes]","args":[{"selector":{"controlType":"sap.m.GenericTile","properties":{"header":"ISC Schedules"}},"wdio_ui5_key":"sapm.GenericTile{\"header\":\"ISC Schedules\"}"}]}
RESULT: undefined
COMMAND: POST /session/d2c3ab5fa88eeda4f21600bf1305f742/element - {"using":"xpath","value":"//*[@id=\"__tile109\"]"}
RESULT: {"using":"xpath","value":"//*[@id=\"__tile109\"]"}
COMMAND: POST /session/d2c3ab5fa88eeda4f21600bf1305f742/element/f.57742D1BD268DE26C52E0F1C75EE3A9C.d.805E1EB8F285A7B16BBBDF60CD759387.e.5554/click - {}
RESULT: {}
COMMAND: GET /session/d2c3ab5fa88eeda4f21600bf1305f742/screenshot - {}
RESULT: {}
COMMAND: POST /session/d2c3ab5fa88eeda4f21600bf1305f742/elements - {"using":"xpath","value":"//span[text()='Error']"}
RESULT: {"using":"xpath","value":"//span[text()='Error']"}
COMMAND: POST /session/d2c3ab5fa88eeda4f21600bf1305f742/execute/async - {"script":"<script> [1562 bytes]","args":[{"selector":{"id":"application-iscschedules-display-component---scheduleList--createScheduleButton-img"},"wdio_ui5_key":"applicationiscschedules-display-component---scheduleList--createScheduleButton-img"}]}
RESULT: {"script":"<script> [1562 bytes]","args":[{"selector":{"id":"application-iscschedules-display-component---scheduleList--createScheduleButton-img"},"wdio_ui5_key":"applicationiscschedules-display-component---scheduleList--createScheduleButton-img"}]}
RESULT: undefined
COMMAND: POST /session/d2c3ab5fa88eeda4f21600bf1305f742/element - {"using":"xpath","value":"//*[@id=\"application-iscschedules-display-component---scheduleList--createScheduleButton-img\"]"}
RESULT: {"using":"xpath","value":"//*[@id=\"application-iscschedules-display-component---scheduleList--createScheduleButton-img\"]"}
COMMAND: POST /session/d2c3ab5fa88eeda4f21600bf1305f742/element/f.57742D1BD268DE26C52E0F1C75EE3A9C.d.805E1EB8F285A7B16BBBDF60CD759387.e.5596/click - {}
RESULT: {}
COMMAND: GET /session/d2c3ab5fa88eeda4f21600bf1305f742/screenshot - {}
RESULT: {}
COMMAND: POST /session/d2c3ab5fa88eeda4f21600bf1305f742/execute/async - {"script":"<script> [1562 bytes]","args":[{"selector":{"id":"application-iscschedules-display-component---createSchedule--templateValue-vhi"},"wdio_ui5_key":"applicationiscschedules-display-component---createSchedule--templateValue-vhi"}]}
RESULT: {"script":"<script> [1562 bytes]","args":[{"selector":{"id":"application-iscschedules-display-component---createSchedule--templateValue-vhi"},"wdio_ui5_key":"applicationiscschedules-display-component---createSchedule--templateValue-vhi"}]}
RESULT: undefined
COMMAND: POST /session/d2c3ab5fa88eeda4f21600bf1305f742/element - {"using":"xpath","value":"//*[@id=\"application-iscschedules-display-component---createSchedule--templateValue-vhi\"]"}
RESULT: {"using":"xpath","value":"//*[@id=\"application-iscschedules-display-component---createSchedule--templateValue-vhi\"]"}
COMMAND: POST /session/d2c3ab5fa88eeda4f21600bf1305f742/element/f.57742D1BD268DE26C52E0F1C75EE3A9C.d.805E1EB8F285A7B16BBBDF60CD759387.e.5874/click - {}
RESULT: {}
COMMAND: GET /session/d2c3ab5fa88eeda4f21600bf1305f742/screenshot - {}
RESULT: {}
COMMAND: POST /session/d2c3ab5fa88eeda4f21600bf1305f742/element - {"using":"xpath","value":"//input[contains(@id ,\"application-iscschedules-display-component---createSchedule--smartFilterBarTemplates-btnBasicSearch-I\")]"}
RESULT: {"using":"xpath","value":"//input[contains(@id ,\"application-iscschedules-display-component---createSchedule--smartFilterBarTemplates-btnBasicSearch-I\")]"}
COMMAND: POST /session/d2c3ab5fa88eeda4f21600bf1305f742/element/f.57742D1BD268DE26C52E0F1C75EE3A9C.d.805E1EB8F285A7B16BBBDF60CD759387.e.5878/clear - {}
RESULT: {}
COMMAND: POST /session/d2c3ab5fa88eeda4f21600bf1305f742/element/f.57742D1BD268DE26C52E0F1C75EE3A9C.d.805E1EB8F285A7B16BBBDF60CD759387.e.5878/value - {"text":"10048"}
COMMAND: GET /session/d2c3ab5fa88eeda4f21600bf1305f742/screenshot - {}
RESULT: {"text":"10048"}
COMMAND: POST /session/d2c3ab5fa88eeda4f21600bf1305f742/actions - {"actions":[{"id":"action32","type":"key","parameters":{},"actions":[{"type":"keyDown","value":"î€‡"},{"type":"pause","duration":10},{"type":"keyUp","value":"î€‡"}]}]}
COMMAND: GET /session/d2c3ab5fa88eeda4f21600bf1305f742/screenshot - {}
RESULT: {}
RESULT: {"actions":[{"id":"action32","type":"key","parameters":{},"actions":[{"type":"keyDown","value":"î€‡"},{"type":"pause","duration":10},{"type":"keyUp","value":"î€‡"}]}]}
COMMAND: GET /session/d2c3ab5fa88eeda4f21600bf1305f742/screenshot - {}
RESULT: {}
RESULT: {}
COMMAND: POST /session/d2c3ab5fa88eeda4f21600bf1305f742/element - {"using":"xpath","value":"//span[contains(@id ,\"text\")][contains(text(), \"10048\")]"}
RESULT: {"using":"xpath","value":"//span[contains(@id ,\"text\")][contains(text(), \"10048\")]"}
COMMAND: POST /session/d2c3ab5fa88eeda4f21600bf1305f742/element/f.57742D1BD268DE26C52E0F1C75EE3A9C.d.805E1EB8F285A7B16BBBDF60CD759387.e.5898/click - {}
RESULT: {}
COMMAND: POST /session/d2c3ab5fa88eeda4f21600bf1305f742/element - {"using":"xpath","value":"//bdi[contains(@id ,\"application-iscschedules-display-component---createSchedule--templateSelectionButton-BDI-content\")]"}
COMMAND: GET /session/d2c3ab5fa88eeda4f21600bf1305f742/screenshot - {}
RESULT: {"using":"xpath","value":"//bdi[contains(@id ,\"application-iscschedules-display-component---createSchedule--templateSelectionButton-BDI-content\")]"}
COMMAND: POST /session/d2c3ab5fa88eeda4f21600bf1305f742/element/f.57742D1BD268DE26C52E0F1C75EE3A9C.d.805E1EB8F285A7B16BBBDF60CD759387.e.5900/click - {}
RESULT: {}
RESULT: {}
COMMAND: GET /session/d2c3ab5fa88eeda4f21600bf1305f742/screenshot - {}
RESULT: {}
COMMAND: POST /session/d2c3ab5fa88eeda4f21600bf1305f742/element - {"using":"xpath","value":"//input[contains(@id ,\"application-iscschedules-display-component---createSchedule--yardComboBox-inner\")]"}
RESULT: {"using":"xpath","value":"//input[contains(@id ,\"application-iscschedules-display-component---createSchedule--yardComboBox-inner\")]"}
COMMAND: POST /session/d2c3ab5fa88eeda4f21600bf1305f742/element/f.57742D1BD268DE26C52E0F1C75EE3A9C.d.805E1EB8F285A7B16BBBDF60CD759387.e.5920/clear - {}
RESULT: {}
COMMAND: POST /session/d2c3ab5fa88eeda4f21600bf1305f742/element/f.57742D1BD268DE26C52E0F1C75EE3A9C.d.805E1EB8F285A7B16BBBDF60CD759387.e.5920/value - {"text":"109"}
COMMAND: GET /session/d2c3ab5fa88eeda4f21600bf1305f742/screenshot - {}
RESULT: {"text":"109"}
COMMAND: GET /session/d2c3ab5fa88eeda4f21600bf1305f742/screenshot - {}
RESULT: {}
RESULT: {}
COMMAND: POST /session/d2c3ab5fa88eeda4f21600bf1305f742/actions - {"actions":[{"id":"action33","type":"key","parameters":{},"actions":[{"type":"keyDown","value":"î€‡"},{"type":"pause","duration":10},{"type":"keyUp","value":"î€‡"}]}]}
RESULT: {"actions":[{"id":"action33","type":"key","parameters":{},"actions":[{"type":"keyDown","value":"î€‡"},{"type":"pause","duration":10},{"type":"keyUp","value":"î€‡"}]}]}
COMMAND: GET /session/d2c3ab5fa88eeda4f21600bf1305f742/screenshot - {}
RESULT: {}
COMMAND: POST /session/d2c3ab5fa88eeda4f21600bf1305f742/element - {"using":"xpath","value":"//span[contains(text(), \"Contract Item\")]"}
RESULT: {"using":"xpath","value":"//span[contains(text(), \"Contract Item\")]"}
COMMAND: GET /session/d2c3ab5fa88eeda4f21600bf1305f742/element/f.57742D1BD268DE26C52E0F1C75EE3A9C.d.805E1EB8F285A7B16BBBDF60CD759387.e.6104/rect - {}
RESULT: {}
COMMAND: GET /session/d2c3ab5fa88eeda4f21600bf1305f742/window/rect - {}
RESULT: {}
COMMAND: POST /session/d2c3ab5fa88eeda4f21600bf1305f742/execute/sync - {"script":"<script> [92 bytes]","args":[]}
RESULT: {"script":"<script> [92 bytes]","args":[]}
COMMAND: POST /session/d2c3ab5fa88eeda4f21600bf1305f742/actions - {"actions":[{"id":"action34","type":"wheel","parameters":{},"actions":[{"type":"scroll","x":-1840,"y":-17,"deltaX":0,"deltaY":0,"duration":0,"origin":{"element-6066-11e4-a52e-4f735466cecf":"f.57742D1BD268DE26C52E0F1C75EE3A9C.d.805E1EB8F285A7B16BBBDF60CD759387.e.6104"}}]}]}
COMMAND: GET /session/d2c3ab5fa88eeda4f21600bf1305f742/screenshot - {}
RESULT: {}
COMMAND: POST /session/d2c3ab5fa88eeda4f21600bf1305f742/execute/sync - {"script":"<script> [79 bytes]","args":[{"element-6066-11e4-a52e-4f735466cecf":"f.57742D1BD268DE26C52E0F1C75EE3A9C.d.805E1EB8F285A7B16BBBDF60CD759387.e.6104","ELEMENT":"f.57742D1BD268DE26C52E0F1C75EE3A9C.d.805E1EB8F285A7B16BBBDF60CD759387.e.6104"},{"block":"start","inline":"nearest"}]}
RESULT: {"script":"<script> [79 bytes]","args":[{"element-6066-11e4-a52e-4f735466cecf":"f.57742D1BD268DE26C52E0F1C75EE3A9C.d.805E1EB8F285A7B16BBBDF60CD759387.e.6104","ELEMENT":"f.57742D1BD268DE26C52E0F1C75EE3A9C.d.805E1EB8F285A7B16BBBDF60CD759387.e.6104"},{"block":"start","inline":"nearest"}]}
COMMAND: GET /session/d2c3ab5fa88eeda4f21600bf1305f742/screenshot - {}
RESULT: {}
COMMAND: POST /session/d2c3ab5fa88eeda4f21600bf1305f742/element - {"using":"xpath","value":"//span[contains(@id ,\"application-iscschedules-display-component---createSchedule--contractItemInput-vhi\")]"}
RESULT: {"using":"xpath","value":"//span[contains(@id ,\"application-iscschedules-display-component---createSchedule--contractItemInput-vhi\")]"}
COMMAND: POST /session/d2c3ab5fa88eeda4f21600bf1305f742/element/f.57742D1BD268DE26C52E0F1C75EE3A9C.d.805E1EB8F285A7B16BBBDF60CD759387.e.6150/click - {}
RESULT: {}
COMMAND: GET /session/d2c3ab5fa88eeda4f21600bf1305f742/screenshot - {}
RESULT: {}
COMMAND: POST /session/d2c3ab5fa88eeda4f21600bf1305f742/element - {"using":"xpath","value":"//input[contains(@id ,\"application-iscschedules-display-component---createSchedule--contractItemSelectionSmartFb-btnBasicSearch-I\")]"}
RESULT: {"using":"xpath","value":"//input[contains(@id ,\"application-iscschedules-display-component---createSchedule--contractItemSelectionSmartFb-btnBasicSearch-I\")]"}
COMMAND: POST /session/d2c3ab5fa88eeda4f21600bf1305f742/element/f.57742D1BD268DE26C52E0F1C75EE3A9C.d.805E1EB8F285A7B16BBBDF60CD759387.e.6154/clear - {}
RESULT: {}
COMMAND: POST /session/d2c3ab5fa88eeda4f21600bf1305f742/element/f.57742D1BD268DE26C52E0F1C75EE3A9C.d.805E1EB8F285A7B16BBBDF60CD759387.e.6154/value - {"text":"WdIOTestEquipmdsly"}
COMMAND: GET /session/d2c3ab5fa88eeda4f21600bf1305f742/screenshot - {}
RESULT: {"text":"WdIOTestEquipmdsly"}
COMMAND: GET /session/d2c3ab5fa88eeda4f21600bf1305f742/screenshot - {}
RESULT: {}
RESULT: {}
COMMAND: POST /session/d2c3ab5fa88eeda4f21600bf1305f742/actions - {"actions":[{"id":"action35","type":"key","parameters":{},"actions":[{"type":"keyDown","value":"î€‡"},{"type":"pause","duration":10},{"type":"keyUp","value":"î€‡"}]}]}
RESULT: {"actions":[{"id":"action35","type":"key","parameters":{},"actions":[{"type":"keyDown","value":"î€‡"},{"type":"pause","duration":10},{"type":"keyUp","value":"î€‡"}]}]}
COMMAND: GET /session/d2c3ab5fa88eeda4f21600bf1305f742/screenshot - {}
RESULT: {}
COMMAND: POST /session/d2c3ab5fa88eeda4f21600bf1305f742/element - {"using":"xpath","value":"//span[contains(@id ,\"text\")][contains(text(), \"1001\")]"}
RESULT: {"using":"xpath","value":"//span[contains(@id ,\"text\")][contains(text(), \"1001\")]"}
COMMAND: POST /session/d2c3ab5fa88eeda4f21600bf1305f742/element/f.57742D1BD268DE26C52E0F1C75EE3A9C.d.805E1EB8F285A7B16BBBDF60CD759387.e.6211/click - {}
RESULT: {}
COMMAND: GET /session/d2c3ab5fa88eeda4f21600bf1305f742/screenshot - {}
RESULT: {}
COMMAND: POST /session/d2c3ab5fa88eeda4f21600bf1305f742/element - {"using":"xpath","value":"//bdi[contains(text(), \"Select\")]"}
RESULT: {"using":"xpath","value":"//bdi[contains(text(), \"Select\")]"}
COMMAND: POST /session/d2c3ab5fa88eeda4f21600bf1305f742/element/f.57742D1BD268DE26C52E0F1C75EE3A9C.d.805E1EB8F285A7B16BBBDF60CD759387.e.6212/click - {}
RESULT: {}
COMMAND: GET /session/d2c3ab5fa88eeda4f21600bf1305f742/screenshot - {}
RESULT: {}
COMMAND: POST /session/d2c3ab5fa88eeda4f21600bf1305f742/element - {"using":"xpath","value":"//bdi[contains(@id ,\"application-iscschedules-display-component---createSchedule--saveScheduleButton-BDI-content\")]"}
RESULT: {"using":"xpath","value":"//bdi[contains(@id ,\"application-iscschedules-display-component---createSchedule--saveScheduleButton-BDI-content\")]"}
COMMAND: POST /session/d2c3ab5fa88eeda4f21600bf1305f742/element/f.57742D1BD268DE26C52E0F1C75EE3A9C.d.805E1EB8F285A7B16BBBDF60CD759387.e.6228/click - {}
RESULT: {}
COMMAND: GET /session/d2c3ab5fa88eeda4f21600bf1305f742/screenshot - {}
RESULT: {}
COMMAND: POST /session/d2c3ab5fa88eeda4f21600bf1305f742/element - {"using":"xpath","value":"//bdi[contains(text(), \"OK\")]"}
RESULT: {"using":"xpath","value":"//bdi[contains(text(), \"OK\")]"}
COMMAND: POST /session/d2c3ab5fa88eeda4f21600bf1305f742/element/f.57742D1BD268DE26C52E0F1C75EE3A9C.d.805E1EB8F285A7B16BBBDF60CD759387.e.6231/click - {}
RESULT: {}
COMMAND: GET /session/d2c3ab5fa88eeda4f21600bf1305f742/screenshot - {}
RESULT: {}
COMMAND: POST /session/d2c3ab5fa88eeda4f21600bf1305f742/execute/async - {"script":"<script> [1562 bytes]","args":[{"selector":{"controlType":"sap.m.Button","viewName":"reusables.view.ISC.Schedules.Detail","viewId":"application-iscschedules-display-component---displaySchedule","properties":{"text":"Orders"},"interaction":{"idSuffix":"BDI-content"}},"wdio_ui5_key":"reusablesview.ISC.Schedules.Detailsap.m.Button{\"text\":\"Orders\"}"}]}
RESULT: {"script":"<script> [1562 bytes]","args":[{"selector":{"controlType":"sap.m.Button","viewName":"reusables.view.ISC.Schedules.Detail","viewId":"application-iscschedules-display-component---displaySchedule","properties":{"text":"Orders"},"interaction":{"idSuffix":"BDI-content"}},"wdio_ui5_key":"reusablesview.ISC.Schedules.Detailsap.m.Button{\"text\":\"Orders\"}"}]}
RESULT: undefined
COMMAND: POST /session/d2c3ab5fa88eeda4f21600bf1305f742/element - {"using":"xpath","value":"//*[@id=\"__layout236-anchBar-application-iscschedules-display-component---displaySchedule--orderList-anchor\"]"}
RESULT: {"using":"xpath","value":"//*[@id=\"__layout236-anchBar-application-iscschedules-display-component---displaySchedule--orderList-anchor\"]"}
COMMAND: POST /session/d2c3ab5fa88eeda4f21600bf1305f742/element/f.57742D1BD268DE26C52E0F1C75EE3A9C.d.805E1EB8F285A7B16BBBDF60CD759387.e.6256/click - {}
RESULT: {}
COMMAND: GET /session/d2c3ab5fa88eeda4f21600bf1305f742/screenshot - {}
RESULT: {}
COMMAND: POST /session/d2c3ab5fa88eeda4f21600bf1305f742/element - {"using":"xpath","value":"//*[contains(@id ,\"application-iscschedules-display-component---displaySchedule--sacOrdersTable\")][contains(@class ,\"sapMLnk sapMLnkMaxWidth\")]"}
RESULT: {"using":"xpath","value":"//*[contains(@id ,\"application-iscschedules-display-component---displaySchedule--sacOrdersTable\")][contains(@class ,\"sapMLnk sapMLnkMaxWidth\")]"}
COMMAND: GET /session/d2c3ab5fa88eeda4f21600bf1305f742/element/f.57742D1BD268DE26C52E0F1C75EE3A9C.d.805E1EB8F285A7B16BBBDF60CD759387.e.6261/text - {}
RESULT: {}
COMMAND: DELETE /session/d2c3ab5fa88eeda4f21600bf1305f742 - {}
RESULT: {}
]]></system-out>
    </testcase>
  </testsuite>
</testsuites>