<?xml version="1.0" encoding="UTF-8"?>
<testsuites tests="6" failures="0" errors="0" skipped="0">
  <testsuite timestamp="2025-05-20T07:03:16" time="1182.582" tests="6" failures="0" errors="0" skipped="0">
    <properties>
      <property name="specId" value="0" />
      <property name="suiteName" value="RU Inventory Mass State Change Multiple Items US151066" />
      <property name="capabilities" value="chrome.136_0_7103_93.windows" />
      <property name="file" value="file:///D:/a/1/s/test/specs/HTR/ru-inv-list-mass-state-change.spec.js" />
    </properties>
    <testcase classname="chrome.136_0_7103_93.windows.RU_Inventory_Mass_State_Change_Multiple_Items_US151066" name="Step 1 Should do a RU inventory mass state change on chosen yard 109 with the resources available one equipment multipart one tool pool" time="311.738">
      <system-out><![CDATA[
COMMAND: POST /session/2ce3b2f0aefb554551e0a4f31cbc268a/execute/async - {"script":"<script> [1562 bytes]","args":[{"selector":{"controlType":"sap.m.GenericTile","properties":{"header":"RU Inventory List"}},"wdio_ui5_key":"sapm.GenericTile{\"header\":\"RU Inventory List\"}"}]}
RESULT: {"script":"<script> [1562 bytes]","args":[{"selector":{"controlType":"sap.m.GenericTile","properties":{"header":"RU Inventory List"}},"wdio_ui5_key":"sapm.GenericTile{\"header\":\"RU Inventory List\"}"}]}
RESULT: undefined
COMMAND: POST /session/2ce3b2f0aefb554551e0a4f31cbc268a/element - {"using":"xpath","value":"//*[@id=\"__tile99\"]"}
RESULT: {"using":"xpath","value":"//*[@id=\"__tile99\"]"}
COMMAND: POST /session/2ce3b2f0aefb554551e0a4f31cbc268a/element/f.3B2BE3E2E19A2DB5732A49E5823ECB49.d.F00FDD078569149A319E3899514EDC40.e.273/click - {}
RESULT: {}
COMMAND: GET /session/2ce3b2f0aefb554551e0a4f31cbc268a/screenshot - {}
RESULT: {}
COMMAND: POST /session/2ce3b2f0aefb554551e0a4f31cbc268a/elements - {"using":"xpath","value":"//span[text()='Error']"}
RESULT: {"using":"xpath","value":"//span[text()='Error']"}
COMMAND: POST /session/2ce3b2f0aefb554551e0a4f31cbc268a/element - {"using":"xpath","value":"//button[contains(@id, \"massStateBtn\")]"}
RESULT: {"using":"xpath","value":"//button[contains(@id, \"massStateBtn\")]"}
COMMAND: POST /session/2ce3b2f0aefb554551e0a4f31cbc268a/elements - {"using":"xpath","value":"//button[contains(@id, \"massStateBtn\")]"}
RESULT: {"using":"xpath","value":"//button[contains(@id, \"massStateBtn\")]"}
COMMAND: POST /session/2ce3b2f0aefb554551e0a4f31cbc268a/elements - {"using":"xpath","value":"//button[contains(@id, \"massStateBtn\")]"}
RESULT: {"using":"xpath","value":"//button[contains(@id, \"massStateBtn\")]"}
COMMAND: POST /session/2ce3b2f0aefb554551e0a4f31cbc268a/elements - {"using":"xpath","value":"//button[contains(@id, \"massStateBtn\")]"}
RESULT: {"using":"xpath","value":"//button[contains(@id, \"massStateBtn\")]"}
COMMAND: POST /session/2ce3b2f0aefb554551e0a4f31cbc268a/elements - {"using":"xpath","value":"//button[contains(@id, \"massStateBtn\")]"}
RESULT: {"using":"xpath","value":"//button[contains(@id, \"massStateBtn\")]"}
COMMAND: POST /session/2ce3b2f0aefb554551e0a4f31cbc268a/elements - {"using":"xpath","value":"//button[contains(@id, \"massStateBtn\")]"}
RESULT: {"using":"xpath","value":"//button[contains(@id, \"massStateBtn\")]"}
COMMAND: POST /session/2ce3b2f0aefb554551e0a4f31cbc268a/elements - {"using":"xpath","value":"//button[contains(@id, \"massStateBtn\")]"}
RESULT: {"using":"xpath","value":"//button[contains(@id, \"massStateBtn\")]"}
COMMAND: POST /session/2ce3b2f0aefb554551e0a4f31cbc268a/elements - {"using":"xpath","value":"//button[contains(@id, \"massStateBtn\")]"}
RESULT: {"using":"xpath","value":"//button[contains(@id, \"massStateBtn\")]"}
COMMAND: POST /session/2ce3b2f0aefb554551e0a4f31cbc268a/elements - {"using":"xpath","value":"//button[contains(@id, \"massStateBtn\")]"}
RESULT: {"using":"xpath","value":"//button[contains(@id, \"massStateBtn\")]"}
COMMAND: POST /session/2ce3b2f0aefb554551e0a4f31cbc268a/element - {"using":"xpath","value":"//button[contains(@id, \"massStateBtn\")]"}
RESULT: {"using":"xpath","value":"//button[contains(@id, \"massStateBtn\")]"}
COMMAND: POST /session/2ce3b2f0aefb554551e0a4f31cbc268a/execute/sync - {"script":"<script> [8489 bytes]","args":[{"element-6066-11e4-a52e-4f735466cecf":"f.3B2BE3E2E19A2DB5732A49E5823ECB49.d.F00FDD078569149A319E3899514EDC40.e.308","ELEMENT":"f.3B2BE3E2E19A2DB5732A49E5823ECB49.d.F00FDD078569149A319E3899514EDC40.e.308"}]}
RESULT: {"script":"<script> [8489 bytes]","args":[{"element-6066-11e4-a52e-4f735466cecf":"f.3B2BE3E2E19A2DB5732A49E5823ECB49.d.F00FDD078569149A319E3899514EDC40.e.308","ELEMENT":"f.3B2BE3E2E19A2DB5732A49E5823ECB49.d.F00FDD078569149A319E3899514EDC40.e.308"}]}
COMMAND: GET /session/2ce3b2f0aefb554551e0a4f31cbc268a/element/f.3B2BE3E2E19A2DB5732A49E5823ECB49.d.F00FDD078569149A319E3899514EDC40.e.308/enabled - {}
COMMAND: GET /session/2ce3b2f0aefb554551e0a4f31cbc268a/screenshot - {}
RESULT: {}
COMMAND: POST /session/2ce3b2f0aefb554551e0a4f31cbc268a/execute/sync - {"script":"<script> [8489 bytes]","args":[{"element-6066-11e4-a52e-4f735466cecf":"f.3B2BE3E2E19A2DB5732A49E5823ECB49.d.F00FDD078569149A319E3899514EDC40.e.308","ELEMENT":"f.3B2BE3E2E19A2DB5732A49E5823ECB49.d.F00FDD078569149A319E3899514EDC40.e.308"}]}
COMMAND: GET /session/2ce3b2f0aefb554551e0a4f31cbc268a/screenshot - {}
RESULT: {}
RESULT: {"script":"<script> [8489 bytes]","args":[{"element-6066-11e4-a52e-4f735466cecf":"f.3B2BE3E2E19A2DB5732A49E5823ECB49.d.F00FDD078569149A319E3899514EDC40.e.308","ELEMENT":"f.3B2BE3E2E19A2DB5732A49E5823ECB49.d.F00FDD078569149A319E3899514EDC40.e.308"}]}
COMMAND: POST /session/2ce3b2f0aefb554551e0a4f31cbc268a/execute/sync - {"script":"<script> [5351 bytes]","args":[{"element-6066-11e4-a52e-4f735466cecf":"f.3B2BE3E2E19A2DB5732A49E5823ECB49.d.F00FDD078569149A319E3899514EDC40.e.308","ELEMENT":"f.3B2BE3E2E19A2DB5732A49E5823ECB49.d.F00FDD078569149A319E3899514EDC40.e.308"}]}
COMMAND: GET /session/2ce3b2f0aefb554551e0a4f31cbc268a/screenshot - {}
RESULT: {}
RESULT: {"script":"<script> [5351 bytes]","args":[{"element-6066-11e4-a52e-4f735466cecf":"f.3B2BE3E2E19A2DB5732A49E5823ECB49.d.F00FDD078569149A319E3899514EDC40.e.308","ELEMENT":"f.3B2BE3E2E19A2DB5732A49E5823ECB49.d.F00FDD078569149A319E3899514EDC40.e.308"}]}
COMMAND: POST /session/2ce3b2f0aefb554551e0a4f31cbc268a/element/f.3B2BE3E2E19A2DB5732A49E5823ECB49.d.F00FDD078569149A319E3899514EDC40.e.308/click - {}
COMMAND: GET /session/2ce3b2f0aefb554551e0a4f31cbc268a/screenshot - {}
RESULT: {}
RESULT: {}
COMMAND: GET /session/2ce3b2f0aefb554551e0a4f31cbc268a/screenshot - {}
RESULT: {}
RESULT: {}
COMMAND: POST /session/2ce3b2f0aefb554551e0a4f31cbc268a/execute/async - {"script":"<script> [1562 bytes]","args":[{"selector":{"id":"application-ruinventorylist-display-component---Master--ruLocationTypeComboBox-arrow"},"wdio_ui5_key":"applicationruinventorylist-display-component---Master--ruLocationTypeComboBox-arrow"}]}
RESULT: {"script":"<script> [1562 bytes]","args":[{"selector":{"id":"application-ruinventorylist-display-component---Master--ruLocationTypeComboBox-arrow"},"wdio_ui5_key":"applicationruinventorylist-display-component---Master--ruLocationTypeComboBox-arrow"}]}
RESULT: undefined
COMMAND: POST /session/2ce3b2f0aefb554551e0a4f31cbc268a/element - {"using":"xpath","value":"//*[@id=\"application-ruinventorylist-display-component---Master--ruLocationTypeComboBox-arrow\"]"}
RESULT: {"using":"xpath","value":"//*[@id=\"application-ruinventorylist-display-component---Master--ruLocationTypeComboBox-arrow\"]"}
COMMAND: POST /session/2ce3b2f0aefb554551e0a4f31cbc268a/element/f.3B2BE3E2E19A2DB5732A49E5823ECB49.d.F00FDD078569149A319E3899514EDC40.e.660/click - {}
RESULT: {}
COMMAND: GET /session/2ce3b2f0aefb554551e0a4f31cbc268a/screenshot - {}
RESULT: {}
COMMAND: POST /session/2ce3b2f0aefb554551e0a4f31cbc268a/element - {"using":"xpath","value":"//li[.//span[text()='Yard']]"}
RESULT: {"using":"xpath","value":"//li[.//span[text()='Yard']]"}
COMMAND: POST /session/2ce3b2f0aefb554551e0a4f31cbc268a/element/f.3B2BE3E2E19A2DB5732A49E5823ECB49.d.F00FDD078569149A319E3899514EDC40.e.661/click - {}
RESULT: {}
COMMAND: GET /session/2ce3b2f0aefb554551e0a4f31cbc268a/screenshot - {}
RESULT: {}
COMMAND: POST /session/2ce3b2f0aefb554551e0a4f31cbc268a/execute/async - {"script":"<script> [1562 bytes]","args":[{"selector":{"id":"application-ruinventorylist-display-component---Master--smartFilterBar-filterItemControl_BASIC-YARD-vhi"},"wdio_ui5_key":"applicationruinventorylist-display-component---Master--smartFilterBar-filterItemControl_BASIC-YARD-vhi"}]}
RESULT: {"script":"<script> [1562 bytes]","args":[{"selector":{"id":"application-ruinventorylist-display-component---Master--smartFilterBar-filterItemControl_BASIC-YARD-vhi"},"wdio_ui5_key":"applicationruinventorylist-display-component---Master--smartFilterBar-filterItemControl_BASIC-YARD-vhi"}]}
RESULT: undefined
COMMAND: POST /session/2ce3b2f0aefb554551e0a4f31cbc268a/element - {"using":"xpath","value":"//*[@id=\"application-ruinventorylist-display-component---Master--smartFilterBar-filterItemControl_BASIC-YARD-vhi\"]"}
RESULT: {"using":"xpath","value":"//*[@id=\"application-ruinventorylist-display-component---Master--smartFilterBar-filterItemControl_BASIC-YARD-vhi\"]"}
COMMAND: POST /session/2ce3b2f0aefb554551e0a4f31cbc268a/element/f.3B2BE3E2E19A2DB5732A49E5823ECB49.d.F00FDD078569149A319E3899514EDC40.e.696/click - {}
RESULT: {}
COMMAND: GET /session/2ce3b2f0aefb554551e0a4f31cbc268a/screenshot - {}
RESULT: {}
COMMAND: POST /session/2ce3b2f0aefb554551e0a4f31cbc268a/execute/async - {"script":"<script> [1562 bytes]","args":[{"selector":{"id":"application-ruinventorylist-display-component---Master--smartFilterBar-filterItemControl_BASIC-YARD-valueHelpDialog-smartFilterBar-btnBasicSearch","searchOpenDialogs":true,"interaction":{"idSuffix":"I"}},"wdio_ui5_key":"applicationruinventorylist-display-component---Master--smartFilterBar-filterItemControl_BASIC-YARD-valueHelpDialog-smartFilterBar-btnBasicSearch"}]}
RESULT: {"script":"<script> [1562 bytes]","args":[{"selector":{"id":"application-ruinventorylist-display-component---Master--smartFilterBar-filterItemControl_BASIC-YARD-valueHelpDialog-smartFilterBar-btnBasicSearch","searchOpenDialogs":true,"interaction":{"idSuffix":"I"}},"wdio_ui5_key":"applicationruinventorylist-display-component---Master--smartFilterBar-filterItemControl_BASIC-YARD-valueHelpDialog-smartFilterBar-btnBasicSearch"}]}
RESULT: undefined
COMMAND: POST /session/2ce3b2f0aefb554551e0a4f31cbc268a/execute/async - {"script":"<script> [776 bytes]","args":[{"enterText":"109","selector":{"id":"application-ruinventorylist-display-component---Master--smartFilterBar-filterItemControl_BASIC-YARD-valueHelpDialog-smartFilterBar-btnBasicSearch","searchOpenDialogs":true,"interaction":{"idSuffix":"I"}},"clearTextFirst":true,"interactionType":"ENTER_TEXT"}]}
RESULT: {"script":"<script> [776 bytes]","args":[{"enterText":"109","selector":{"id":"application-ruinventorylist-display-component---Master--smartFilterBar-filterItemControl_BASIC-YARD-valueHelpDialog-smartFilterBar-btnBasicSearch","searchOpenDialogs":true,"interaction":{"idSuffix":"I"}},"clearTextFirst":true,"interactionType":"ENTER_TEXT"}]}
COMMAND: POST /session/2ce3b2f0aefb554551e0a4f31cbc268a/actions - {"actions":[{"id":"action1","type":"key","parameters":{},"actions":[{"type":"keyDown","value":"î€‡"},{"type":"pause","duration":10},{"type":"keyUp","value":"î€‡"}]}]}
RESULT: {"actions":[{"id":"action1","type":"key","parameters":{},"actions":[{"type":"keyDown","value":"î€‡"},{"type":"pause","duration":10},{"type":"keyUp","value":"î€‡"}]}]}
COMMAND: GET /session/2ce3b2f0aefb554551e0a4f31cbc268a/screenshot - {}
RESULT: {}
COMMAND: POST /session/2ce3b2f0aefb554551e0a4f31cbc268a/elements - {"using":"xpath","value":"//table[contains(@id, \"filterItemControl_BASIC-YARD-valueHelpDialog-table-table\")]/tbody/tr"}
RESULT: {"using":"xpath","value":"//table[contains(@id, \"filterItemControl_BASIC-YARD-valueHelpDialog-table-table\")]/tbody/tr"}
COMMAND: POST /session/2ce3b2f0aefb554551e0a4f31cbc268a/element - {"using":"xpath","value":"//table[contains(@id, \"filterItemControl_BASIC-YARD-valueHelpDialog-table-table\")]/tbody/tr[1]/td[1]/div/span"}
RESULT: {"using":"xpath","value":"//table[contains(@id, \"filterItemControl_BASIC-YARD-valueHelpDialog-table-table\")]/tbody/tr[1]/td[1]/div/span"}
COMMAND: POST /session/2ce3b2f0aefb554551e0a4f31cbc268a/elements - {"using":"xpath","value":"//table[contains(@id, \"filterItemControl_BASIC-YARD-valueHelpDialog-table-table\")]/tbody/tr[1]/td[1]/div/span"}
RESULT: {"using":"xpath","value":"//table[contains(@id, \"filterItemControl_BASIC-YARD-valueHelpDialog-table-table\")]/tbody/tr[1]/td[1]/div/span"}
COMMAND: POST /session/2ce3b2f0aefb554551e0a4f31cbc268a/execute/sync - {"script":"<script> [56 bytes]","args":[{"element-6066-11e4-a52e-4f735466cecf":"f.3B2BE3E2E19A2DB5732A49E5823ECB49.d.F00FDD078569149A319E3899514EDC40.e.718","ELEMENT":"f.3B2BE3E2E19A2DB5732A49E5823ECB49.d.F00FDD078569149A319E3899514EDC40.e.718"}]}
RESULT: {"script":"<script> [56 bytes]","args":[{"element-6066-11e4-a52e-4f735466cecf":"f.3B2BE3E2E19A2DB5732A49E5823ECB49.d.F00FDD078569149A319E3899514EDC40.e.718","ELEMENT":"f.3B2BE3E2E19A2DB5732A49E5823ECB49.d.F00FDD078569149A319E3899514EDC40.e.718"}]}
COMMAND: POST /session/2ce3b2f0aefb554551e0a4f31cbc268a/element - {"using":"xpath","value":"//div[contains(@id, \"filterItemControl_BASIC-YARD-valueHelpDialog-table-rowsel0\")]"}
COMMAND: GET /session/2ce3b2f0aefb554551e0a4f31cbc268a/screenshot - {}
RESULT: {"using":"xpath","value":"//div[contains(@id, \"filterItemControl_BASIC-YARD-valueHelpDialog-table-rowsel0\")]"}
COMMAND: POST /session/2ce3b2f0aefb554551e0a4f31cbc268a/element/f.3B2BE3E2E19A2DB5732A49E5823ECB49.d.F00FDD078569149A319E3899514EDC40.e.719/click - {}
RESULT: {}
RESULT: {}
COMMAND: GET /session/2ce3b2f0aefb554551e0a4f31cbc268a/screenshot - {}
RESULT: {}
COMMAND: POST /session/2ce3b2f0aefb554551e0a4f31cbc268a/element - {"using":"xpath","value":"//div[contains(@id, \"smartFilterBar-filterItemControl_BASIC-YARD-valueHelpDialog-smartFilterBar-btnBasicSearch-reset\")]"}
RESULT: {"using":"xpath","value":"//div[contains(@id, \"smartFilterBar-filterItemControl_BASIC-YARD-valueHelpDialog-smartFilterBar-btnBasicSearch-reset\")]"}
COMMAND: POST /session/2ce3b2f0aefb554551e0a4f31cbc268a/element/f.3B2BE3E2E19A2DB5732A49E5823ECB49.d.F00FDD078569149A319E3899514EDC40.e.721/click - {}
RESULT: {}
RESULT: undefined
COMMAND: POST /session/2ce3b2f0aefb554551e0a4f31cbc268a/execute/async - {"script":"<script> [776 bytes]","args":[{"enterText":"OPA5_BST01_YARD1","selector":{"id":"application-ruinventorylist-display-component---Master--smartFilterBar-filterItemControl_BASIC-YARD-valueHelpDialog-smartFilterBar-btnBasicSearch","searchOpenDialogs":true,"interaction":{"idSuffix":"I"}},"clearTextFirst":true,"interactionType":"ENTER_TEXT"}]}
COMMAND: GET /session/2ce3b2f0aefb554551e0a4f31cbc268a/screenshot - {}
RESULT: {"script":"<script> [776 bytes]","args":[{"enterText":"OPA5_BST01_YARD1","selector":{"id":"application-ruinventorylist-display-component---Master--smartFilterBar-filterItemControl_BASIC-YARD-valueHelpDialog-smartFilterBar-btnBasicSearch","searchOpenDialogs":true,"interaction":{"idSuffix":"I"}},"clearTextFirst":true,"interactionType":"ENTER_TEXT"}]}
COMMAND: POST /session/2ce3b2f0aefb554551e0a4f31cbc268a/actions - {"actions":[{"id":"action2","type":"key","parameters":{},"actions":[{"type":"keyDown","value":"î€‡"},{"type":"pause","duration":10},{"type":"keyUp","value":"î€‡"}]}]}
RESULT: {}
RESULT: {"actions":[{"id":"action2","type":"key","parameters":{},"actions":[{"type":"keyDown","value":"î€‡"},{"type":"pause","duration":10},{"type":"keyUp","value":"î€‡"}]}]}
COMMAND: GET /session/2ce3b2f0aefb554551e0a4f31cbc268a/screenshot - {}
RESULT: {}
COMMAND: POST /session/2ce3b2f0aefb554551e0a4f31cbc268a/elements - {"using":"xpath","value":"//table[contains(@id, \"filterItemControl_BASIC-YARD-valueHelpDialog-table-table\")]/tbody/tr"}
RESULT: {"using":"xpath","value":"//table[contains(@id, \"filterItemControl_BASIC-YARD-valueHelpDialog-table-table\")]/tbody/tr"}
COMMAND: POST /session/2ce3b2f0aefb554551e0a4f31cbc268a/element - {"using":"xpath","value":"//table[contains(@id, \"filterItemControl_BASIC-YARD-valueHelpDialog-table-table\")]/tbody/tr[1]/td[1]/div/span"}
RESULT: {"using":"xpath","value":"//table[contains(@id, \"filterItemControl_BASIC-YARD-valueHelpDialog-table-table\")]/tbody/tr[1]/td[1]/div/span"}
COMMAND: POST /session/2ce3b2f0aefb554551e0a4f31cbc268a/elements - {"using":"xpath","value":"//table[contains(@id, \"filterItemControl_BASIC-YARD-valueHelpDialog-table-table\")]/tbody/tr[1]/td[1]/div/span"}
RESULT: {"using":"xpath","value":"//table[contains(@id, \"filterItemControl_BASIC-YARD-valueHelpDialog-table-table\")]/tbody/tr[1]/td[1]/div/span"}
COMMAND: POST /session/2ce3b2f0aefb554551e0a4f31cbc268a/execute/sync - {"script":"<script> [56 bytes]","args":[{"element-6066-11e4-a52e-4f735466cecf":"f.3B2BE3E2E19A2DB5732A49E5823ECB49.d.F00FDD078569149A319E3899514EDC40.e.718","ELEMENT":"f.3B2BE3E2E19A2DB5732A49E5823ECB49.d.F00FDD078569149A319E3899514EDC40.e.718"}]}
RESULT: {"script":"<script> [56 bytes]","args":[{"element-6066-11e4-a52e-4f735466cecf":"f.3B2BE3E2E19A2DB5732A49E5823ECB49.d.F00FDD078569149A319E3899514EDC40.e.718","ELEMENT":"f.3B2BE3E2E19A2DB5732A49E5823ECB49.d.F00FDD078569149A319E3899514EDC40.e.718"}]}
COMMAND: POST /session/2ce3b2f0aefb554551e0a4f31cbc268a/element - {"using":"xpath","value":"//div[contains(@id, \"filterItemControl_BASIC-YARD-valueHelpDialog-table-rowsel0\")]"}
COMMAND: GET /session/2ce3b2f0aefb554551e0a4f31cbc268a/screenshot - {}
RESULT: {"using":"xpath","value":"//div[contains(@id, \"filterItemControl_BASIC-YARD-valueHelpDialog-table-rowsel0\")]"}
COMMAND: POST /session/2ce3b2f0aefb554551e0a4f31cbc268a/element/f.3B2BE3E2E19A2DB5732A49E5823ECB49.d.F00FDD078569149A319E3899514EDC40.e.719/click - {}
RESULT: {}
RESULT: {}
COMMAND: GET /session/2ce3b2f0aefb554551e0a4f31cbc268a/screenshot - {}
RESULT: {}
COMMAND: POST /session/2ce3b2f0aefb554551e0a4f31cbc268a/element - {"using":"xpath","value":"(//bdi[contains(text(), \"OK\")])[1]"}
RESULT: {"using":"xpath","value":"(//bdi[contains(text(), \"OK\")])[1]"}
COMMAND: POST /session/2ce3b2f0aefb554551e0a4f31cbc268a/element/f.3B2BE3E2E19A2DB5732A49E5823ECB49.d.F00FDD078569149A319E3899514EDC40.e.722/click - {}
RESULT: {}
COMMAND: GET /session/2ce3b2f0aefb554551e0a4f31cbc268a/screenshot - {}
RESULT: {}
COMMAND: POST /session/2ce3b2f0aefb554551e0a4f31cbc268a/element - {"using":"xpath","value":"//span[@id=\"application-ruinventorylist-display-component---Master--smartTableRuInventoryList-header-inner\"]"}
RESULT: {"using":"xpath","value":"//span[@id=\"application-ruinventorylist-display-component---Master--smartTableRuInventoryList-header-inner\"]"}
COMMAND: POST /session/2ce3b2f0aefb554551e0a4f31cbc268a/elements - {"using":"xpath","value":"//span[@id=\"application-ruinventorylist-display-component---Master--smartTableRuInventoryList-header-inner\"]"}
RESULT: {"using":"xpath","value":"//span[@id=\"application-ruinventorylist-display-component---Master--smartTableRuInventoryList-header-inner\"]"}
COMMAND: POST /session/2ce3b2f0aefb554551e0a4f31cbc268a/execute/sync - {"script":"<script> [56 bytes]","args":[{"element-6066-11e4-a52e-4f735466cecf":"f.3B2BE3E2E19A2DB5732A49E5823ECB49.d.F00FDD078569149A319E3899514EDC40.e.866","ELEMENT":"f.3B2BE3E2E19A2DB5732A49E5823ECB49.d.F00FDD078569149A319E3899514EDC40.e.866"}]}
RESULT: {"script":"<script> [56 bytes]","args":[{"element-6066-11e4-a52e-4f735466cecf":"f.3B2BE3E2E19A2DB5732A49E5823ECB49.d.F00FDD078569149A319E3899514EDC40.e.866","ELEMENT":"f.3B2BE3E2E19A2DB5732A49E5823ECB49.d.F00FDD078569149A319E3899514EDC40.e.866"}]}
COMMAND: POST /session/2ce3b2f0aefb554551e0a4f31cbc268a/execute/async - {"script":"<script> [1562 bytes]","args":[{"selector":{"id":"application-ruinventorylist-display-component---Master--smartFilterBar-btnBasicSearch","interaction":{"idSuffix":"I"}},"wdio_ui5_key":"applicationruinventorylist-display-component---Master--smartFilterBar-btnBasicSearch"}]}
COMMAND: GET /session/2ce3b2f0aefb554551e0a4f31cbc268a/screenshot - {}
RESULT: {"script":"<script> [1562 bytes]","args":[{"selector":{"id":"application-ruinventorylist-display-component---Master--smartFilterBar-btnBasicSearch","interaction":{"idSuffix":"I"}},"wdio_ui5_key":"applicationruinventorylist-display-component---Master--smartFilterBar-btnBasicSearch"}]}
RESULT: undefined
COMMAND: POST /session/2ce3b2f0aefb554551e0a4f31cbc268a/execute/async - {"script":"<script> [776 bytes]","args":[{"enterText":"600002","selector":{"id":"application-ruinventorylist-display-component---Master--smartFilterBar-btnBasicSearch","interaction":{"idSuffix":"I"}},"clearTextFirst":true,"interactionType":"ENTER_TEXT"}]}
RESULT: {}
RESULT: {"script":"<script> [776 bytes]","args":[{"enterText":"600002","selector":{"id":"application-ruinventorylist-display-component---Master--smartFilterBar-btnBasicSearch","interaction":{"idSuffix":"I"}},"clearTextFirst":true,"interactionType":"ENTER_TEXT"}]}
COMMAND: POST /session/2ce3b2f0aefb554551e0a4f31cbc268a/actions - {"actions":[{"id":"action3","type":"key","parameters":{},"actions":[{"type":"keyDown","value":"î€‡"},{"type":"pause","duration":10},{"type":"keyUp","value":"î€‡"}]}]}
RESULT: {"actions":[{"id":"action3","type":"key","parameters":{},"actions":[{"type":"keyDown","value":"î€‡"},{"type":"pause","duration":10},{"type":"keyUp","value":"î€‡"}]}]}
COMMAND: GET /session/2ce3b2f0aefb554551e0a4f31cbc268a/screenshot - {}
RESULT: {}
COMMAND: POST /session/2ce3b2f0aefb554551e0a4f31cbc268a/element - {"using":"xpath","value":"//span[@id=\"application-ruinventorylist-display-component---Master--smartTableRuInventoryList-header-inner\"]"}
RESULT: {"using":"xpath","value":"//span[@id=\"application-ruinventorylist-display-component---Master--smartTableRuInventoryList-header-inner\"]"}
COMMAND: POST /session/2ce3b2f0aefb554551e0a4f31cbc268a/elements - {"using":"xpath","value":"//span[@id=\"application-ruinventorylist-display-component---Master--smartTableRuInventoryList-header-inner\"]"}
RESULT: {"using":"xpath","value":"//span[@id=\"application-ruinventorylist-display-component---Master--smartTableRuInventoryList-header-inner\"]"}
COMMAND: POST /session/2ce3b2f0aefb554551e0a4f31cbc268a/execute/sync - {"script":"<script> [56 bytes]","args":[{"element-6066-11e4-a52e-4f735466cecf":"f.3B2BE3E2E19A2DB5732A49E5823ECB49.d.F00FDD078569149A319E3899514EDC40.e.866","ELEMENT":"f.3B2BE3E2E19A2DB5732A49E5823ECB49.d.F00FDD078569149A319E3899514EDC40.e.866"}]}
RESULT: {"script":"<script> [56 bytes]","args":[{"element-6066-11e4-a52e-4f735466cecf":"f.3B2BE3E2E19A2DB5732A49E5823ECB49.d.F00FDD078569149A319E3899514EDC40.e.866","ELEMENT":"f.3B2BE3E2E19A2DB5732A49E5823ECB49.d.F00FDD078569149A319E3899514EDC40.e.866"}]}
COMMAND: POST /session/2ce3b2f0aefb554551e0a4f31cbc268a/element - {"using":"xpath","value":"//table[contains(@id, \"application-ruinventorylist-display-component---Master--tableRuInventoryList-listUl\")]/tbody/tr[1]/td[2]/div/div"}
COMMAND: GET /session/2ce3b2f0aefb554551e0a4f31cbc268a/screenshot - {}
RESULT: {"using":"xpath","value":"//table[contains(@id, \"application-ruinventorylist-display-component---Master--tableRuInventoryList-listUl\")]/tbody/tr[1]/td[2]/div/div"}
COMMAND: POST /session/2ce3b2f0aefb554551e0a4f31cbc268a/element/f.3B2BE3E2E19A2DB5732A49E5823ECB49.d.F00FDD078569149A319E3899514EDC40.e.873/click - {}
RESULT: {}
RESULT: {}
COMMAND: GET /session/2ce3b2f0aefb554551e0a4f31cbc268a/screenshot - {}
RESULT: {}
COMMAND: POST /session/2ce3b2f0aefb554551e0a4f31cbc268a/element - {"using":"xpath","value":"//div[contains(@id, \"smartFilterBar-btnBasicSearch-reset\")]"}
RESULT: {"using":"xpath","value":"//div[contains(@id, \"smartFilterBar-btnBasicSearch-reset\")]"}
COMMAND: POST /session/2ce3b2f0aefb554551e0a4f31cbc268a/element/f.3B2BE3E2E19A2DB5732A49E5823ECB49.d.F00FDD078569149A319E3899514EDC40.e.883/click - {}
RESULT: {}
COMMAND: GET /session/2ce3b2f0aefb554551e0a4f31cbc268a/screenshot - {}
RESULT: {}
RESULT: undefined
COMMAND: POST /session/2ce3b2f0aefb554551e0a4f31cbc268a/execute/async - {"script":"<script> [776 bytes]","args":[{"enterText":"401002","selector":{"id":"application-ruinventorylist-display-component---Master--smartFilterBar-btnBasicSearch","interaction":{"idSuffix":"I"}},"clearTextFirst":true,"interactionType":"ENTER_TEXT"}]}
RESULT: {"script":"<script> [776 bytes]","args":[{"enterText":"401002","selector":{"id":"application-ruinventorylist-display-component---Master--smartFilterBar-btnBasicSearch","interaction":{"idSuffix":"I"}},"clearTextFirst":true,"interactionType":"ENTER_TEXT"}]}
COMMAND: POST /session/2ce3b2f0aefb554551e0a4f31cbc268a/actions - {"actions":[{"id":"action4","type":"key","parameters":{},"actions":[{"type":"keyDown","value":"î€‡"},{"type":"pause","duration":10},{"type":"keyUp","value":"î€‡"}]}]}
RESULT: {"actions":[{"id":"action4","type":"key","parameters":{},"actions":[{"type":"keyDown","value":"î€‡"},{"type":"pause","duration":10},{"type":"keyUp","value":"î€‡"}]}]}
COMMAND: GET /session/2ce3b2f0aefb554551e0a4f31cbc268a/screenshot - {}
RESULT: {}
COMMAND: POST /session/2ce3b2f0aefb554551e0a4f31cbc268a/element - {"using":"xpath","value":"//span[@id=\"application-ruinventorylist-display-component---Master--smartTableRuInventoryList-header-inner\"]"}
RESULT: {"using":"xpath","value":"//span[@id=\"application-ruinventorylist-display-component---Master--smartTableRuInventoryList-header-inner\"]"}
COMMAND: POST /session/2ce3b2f0aefb554551e0a4f31cbc268a/elements - {"using":"xpath","value":"//span[@id=\"application-ruinventorylist-display-component---Master--smartTableRuInventoryList-header-inner\"]"}
RESULT: {"using":"xpath","value":"//span[@id=\"application-ruinventorylist-display-component---Master--smartTableRuInventoryList-header-inner\"]"}
COMMAND: POST /session/2ce3b2f0aefb554551e0a4f31cbc268a/execute/sync - {"script":"<script> [56 bytes]","args":[{"element-6066-11e4-a52e-4f735466cecf":"f.3B2BE3E2E19A2DB5732A49E5823ECB49.d.F00FDD078569149A319E3899514EDC40.e.866","ELEMENT":"f.3B2BE3E2E19A2DB5732A49E5823ECB49.d.F00FDD078569149A319E3899514EDC40.e.866"}]}
RESULT: {"script":"<script> [56 bytes]","args":[{"element-6066-11e4-a52e-4f735466cecf":"f.3B2BE3E2E19A2DB5732A49E5823ECB49.d.F00FDD078569149A319E3899514EDC40.e.866","ELEMENT":"f.3B2BE3E2E19A2DB5732A49E5823ECB49.d.F00FDD078569149A319E3899514EDC40.e.866"}]}
COMMAND: POST /session/2ce3b2f0aefb554551e0a4f31cbc268a/element - {"using":"xpath","value":"//table[contains(@id, \"application-ruinventorylist-display-component---Master--tableRuInventoryList-listUl\")]/tbody/tr[1]/td[2]/div/div"}
COMMAND: GET /session/2ce3b2f0aefb554551e0a4f31cbc268a/screenshot - {}
RESULT: {"using":"xpath","value":"//table[contains(@id, \"application-ruinventorylist-display-component---Master--tableRuInventoryList-listUl\")]/tbody/tr[1]/td[2]/div/div"}
COMMAND: POST /session/2ce3b2f0aefb554551e0a4f31cbc268a/element/f.3B2BE3E2E19A2DB5732A49E5823ECB49.d.F00FDD078569149A319E3899514EDC40.e.1026/click - {}
RESULT: {}
RESULT: {}
COMMAND: GET /session/2ce3b2f0aefb554551e0a4f31cbc268a/screenshot - {}
RESULT: {}
COMMAND: POST /session/2ce3b2f0aefb554551e0a4f31cbc268a/element - {"using":"xpath","value":"//div[contains(@id, \"smartFilterBar-btnBasicSearch-reset\")]"}
RESULT: {"using":"xpath","value":"//div[contains(@id, \"smartFilterBar-btnBasicSearch-reset\")]"}
COMMAND: POST /session/2ce3b2f0aefb554551e0a4f31cbc268a/element/f.3B2BE3E2E19A2DB5732A49E5823ECB49.d.F00FDD078569149A319E3899514EDC40.e.883/click - {}
RESULT: {}
COMMAND: GET /session/2ce3b2f0aefb554551e0a4f31cbc268a/screenshot - {}
RESULT: {}
COMMAND: POST /session/2ce3b2f0aefb554551e0a4f31cbc268a/element/f.3B2BE3E2E19A2DB5732A49E5823ECB49.d.F00FDD078569149A319E3899514EDC40.e.308/click - {}
RESULT: {}
COMMAND: GET /session/2ce3b2f0aefb554551e0a4f31cbc268a/screenshot - {}
RESULT: {}
COMMAND: POST /session/2ce3b2f0aefb554551e0a4f31cbc268a/execute/async - {"script":"<script> [1562 bytes]","args":[{"selector":{"controlType":"sap.m.Title","viewName":"etm.portal.ui.ruinventorylist.view.Master","viewId":"application-ruinventorylist-display-component---Master","properties":{"text":"Mass State Change"},"searchOpenDialogs":true},"wdio_ui5_key":"etmportal.ui.ruinventorylist.view.Mastersap.m.Title{\"text\":\"Mass State Change\"}"}]}
RESULT: {"script":"<script> [1562 bytes]","args":[{"selector":{"controlType":"sap.m.Title","viewName":"etm.portal.ui.ruinventorylist.view.Master","viewId":"application-ruinventorylist-display-component---Master","properties":{"text":"Mass State Change"},"searchOpenDialogs":true},"wdio_ui5_key":"etmportal.ui.ruinventorylist.view.Mastersap.m.Title{\"text\":\"Mass State Change\"}"}]}
RESULT: undefined
COMMAND: POST /session/2ce3b2f0aefb554551e0a4f31cbc268a/execute/async - {"script":"<script> [6424 bytes]","args":[{"element-6066-11e4-a52e-4f735466cecf":"f.3B2BE3E2E19A2DB5732A49E5823ECB49.d.F00FDD078569149A319E3899514EDC40.e.1191"},"getText",[]]}
RESULT: {"script":"<script> [6424 bytes]","args":[{"element-6066-11e4-a52e-4f735466cecf":"f.3B2BE3E2E19A2DB5732A49E5823ECB49.d.F00FDD078569149A319E3899514EDC40.e.1191"},"getText",[]]}
COMMAND: POST /session/2ce3b2f0aefb554551e0a4f31cbc268a/element - {"using":"xpath","value":"(//bdi[contains(text(), \"OK\")])[1]"}
RESULT: {"using":"xpath","value":"(//bdi[contains(text(), \"OK\")])[1]"}
COMMAND: POST /session/2ce3b2f0aefb554551e0a4f31cbc268a/element/f.3B2BE3E2E19A2DB5732A49E5823ECB49.d.F00FDD078569149A319E3899514EDC40.e.1192/click - {}
RESULT: {}
COMMAND: GET /session/2ce3b2f0aefb554551e0a4f31cbc268a/screenshot - {}
RESULT: {}
COMMAND: POST /session/2ce3b2f0aefb554551e0a4f31cbc268a/element - {"using":"css selector","value":"div.sapMMessageBoxError"}
RESULT: {"using":"css selector","value":"div.sapMMessageBoxError"}
COMMAND: POST /session/2ce3b2f0aefb554551e0a4f31cbc268a/elements - {"using":"css selector","value":"div.sapMMessageBoxError"}
RESULT: {"using":"css selector","value":"div.sapMMessageBoxError"}
COMMAND: POST /session/2ce3b2f0aefb554551e0a4f31cbc268a/element - {"using":"xpath","value":"(//bdi[contains(text(), \"Close\")])[1]"}
RESULT: {"using":"xpath","value":"(//bdi[contains(text(), \"Close\")])[1]"}
COMMAND: POST /session/2ce3b2f0aefb554551e0a4f31cbc268a/element/f.3B2BE3E2E19A2DB5732A49E5823ECB49.d.F00FDD078569149A319E3899514EDC40.e.1196/click - {}
RESULT: {}
COMMAND: GET /session/2ce3b2f0aefb554551e0a4f31cbc268a/screenshot - {}
RESULT: {}
COMMAND: POST /session/2ce3b2f0aefb554551e0a4f31cbc268a/execute/async - {"script":"<script> [1562 bytes]","args":[{"selector":{"id":"application-ruinventorylist-display-component---Master--ruStateTypes-arrow","searchOpenDialogs":true},"wdio_ui5_key":"applicationruinventorylist-display-component---Master--ruStateTypes-arrow"}]}
RESULT: {"script":"<script> [1562 bytes]","args":[{"selector":{"id":"application-ruinventorylist-display-component---Master--ruStateTypes-arrow","searchOpenDialogs":true},"wdio_ui5_key":"applicationruinventorylist-display-component---Master--ruStateTypes-arrow"}]}
RESULT: undefined
COMMAND: POST /session/2ce3b2f0aefb554551e0a4f31cbc268a/element - {"using":"xpath","value":"//*[@id=\"application-ruinventorylist-display-component---Master--ruStateTypes-arrow\"]"}
RESULT: {"using":"xpath","value":"//*[@id=\"application-ruinventorylist-display-component---Master--ruStateTypes-arrow\"]"}
COMMAND: POST /session/2ce3b2f0aefb554551e0a4f31cbc268a/element/f.3B2BE3E2E19A2DB5732A49E5823ECB49.d.F00FDD078569149A319E3899514EDC40.e.1198/click - {}
RESULT: {}
COMMAND: GET /session/2ce3b2f0aefb554551e0a4f31cbc268a/screenshot - {}
RESULT: {}
COMMAND: POST /session/2ce3b2f0aefb554551e0a4f31cbc268a/element - {"using":"xpath","value":"//li[.//span[text()=\"defect\"]]"}
RESULT: {"using":"xpath","value":"//li[.//span[text()=\"defect\"]]"}
COMMAND: POST /session/2ce3b2f0aefb554551e0a4f31cbc268a/element/f.3B2BE3E2E19A2DB5732A49E5823ECB49.d.F00FDD078569149A319E3899514EDC40.e.1199/click - {}
RESULT: {}
COMMAND: GET /session/2ce3b2f0aefb554551e0a4f31cbc268a/screenshot - {}
RESULT: {}
COMMAND: POST /session/2ce3b2f0aefb554551e0a4f31cbc268a/element - {"using":"xpath","value":"(//span[@data-kt=\"trashMassStateChangeIcon\"])[1]"}
RESULT: {"using":"xpath","value":"(//span[@data-kt=\"trashMassStateChangeIcon\"])[1]"}
COMMAND: POST /session/2ce3b2f0aefb554551e0a4f31cbc268a/element/f.3B2BE3E2E19A2DB5732A49E5823ECB49.d.F00FDD078569149A319E3899514EDC40.e.1200/click - {}
RESULT: {}
COMMAND: GET /session/2ce3b2f0aefb554551e0a4f31cbc268a/screenshot - {}
RESULT: {}
COMMAND: POST /session/2ce3b2f0aefb554551e0a4f31cbc268a/element - {"using":"xpath","value":"//table[contains(@id, \"massStateChangeTable-listUl\")]/tbody/tr[1]/td[11]/div/div/div/input"}
RESULT: {"using":"xpath","value":"//table[contains(@id, \"massStateChangeTable-listUl\")]/tbody/tr[1]/td[11]/div/div/div/input"}
COMMAND: GET /session/2ce3b2f0aefb554551e0a4f31cbc268a/element/f.3B2BE3E2E19A2DB5732A49E5823ECB49.d.F00FDD078569149A319E3899514EDC40.e.1184/property/value - {}
RESULT: {}
COMMAND: POST /session/2ce3b2f0aefb554551e0a4f31cbc268a/element - {"using":"xpath","value":"(//span[@data-kt=\"trashMassStateChangeIcon\"])[2]"}
COMMAND: GET /session/2ce3b2f0aefb554551e0a4f31cbc268a/screenshot - {}
RESULT: {"using":"xpath","value":"(//span[@data-kt=\"trashMassStateChangeIcon\"])[2]"}
COMMAND: POST /session/2ce3b2f0aefb554551e0a4f31cbc268a/element/f.3B2BE3E2E19A2DB5732A49E5823ECB49.d.F00FDD078569149A319E3899514EDC40.e.1202/click - {}
RESULT: {}
RESULT: {}
COMMAND: GET /session/2ce3b2f0aefb554551e0a4f31cbc268a/screenshot - {}
RESULT: {}
COMMAND: POST /session/2ce3b2f0aefb554551e0a4f31cbc268a/element - {"using":"xpath","value":"//table[contains(@id, \"massStateChangeTable-listUl\")]/tbody/tr[2]/td[11]/div/div/div/input"}
RESULT: {"using":"xpath","value":"//table[contains(@id, \"massStateChangeTable-listUl\")]/tbody/tr[2]/td[11]/div/div/div/input"}
COMMAND: GET /session/2ce3b2f0aefb554551e0a4f31cbc268a/element/f.3B2BE3E2E19A2DB5732A49E5823ECB49.d.F00FDD078569149A319E3899514EDC40.e.1188/property/value - {}
RESULT: {}
COMMAND: POST /session/2ce3b2f0aefb554551e0a4f31cbc268a/element - {"using":"xpath","value":"//table[contains(@id, \"massStateChangeTable-listUl\")]/tbody/tr[1]/td[10]/div/span/span[1]"}
COMMAND: GET /session/2ce3b2f0aefb554551e0a4f31cbc268a/screenshot - {}
RESULT: {"using":"xpath","value":"//table[contains(@id, \"massStateChangeTable-listUl\")]/tbody/tr[1]/td[10]/div/span/span[1]"}
COMMAND: POST /session/2ce3b2f0aefb554551e0a4f31cbc268a/execute/sync - {"script":"<script> [56 bytes]","args":[{"element-6066-11e4-a52e-4f735466cecf":"f.3B2BE3E2E19A2DB5732A49E5823ECB49.d.F00FDD078569149A319E3899514EDC40.e.1204","ELEMENT":"f.3B2BE3E2E19A2DB5732A49E5823ECB49.d.F00FDD078569149A319E3899514EDC40.e.1204"}]}
RESULT: {}
RESULT: {"script":"<script> [56 bytes]","args":[{"element-6066-11e4-a52e-4f735466cecf":"f.3B2BE3E2E19A2DB5732A49E5823ECB49.d.F00FDD078569149A319E3899514EDC40.e.1204","ELEMENT":"f.3B2BE3E2E19A2DB5732A49E5823ECB49.d.F00FDD078569149A319E3899514EDC40.e.1204"}]}
COMMAND: POST /session/2ce3b2f0aefb554551e0a4f31cbc268a/element - {"using":"xpath","value":"//table[contains(@id, \"massStateChangeTable-listUl\")]/tbody/tr[1]/td[11]/div/div/div/div[2]/span"}
COMMAND: GET /session/2ce3b2f0aefb554551e0a4f31cbc268a/screenshot - {}
RESULT: {"using":"xpath","value":"//table[contains(@id, \"massStateChangeTable-listUl\")]/tbody/tr[1]/td[11]/div/div/div/div[2]/span"}
COMMAND: POST /session/2ce3b2f0aefb554551e0a4f31cbc268a/element/f.3B2BE3E2E19A2DB5732A49E5823ECB49.d.F00FDD078569149A319E3899514EDC40.e.1205/click - {}
RESULT: {}
RESULT: {}
COMMAND: GET /session/2ce3b2f0aefb554551e0a4f31cbc268a/screenshot - {}
RESULT: {}
COMMAND: POST /session/2ce3b2f0aefb554551e0a4f31cbc268a/element - {"using":"xpath","value":"//table[contains(@id, \"massStateChangeTable-listUl\")]/tbody/tr[1]/td[11]/div/div/div/div[2]/span"}
RESULT: {"using":"xpath","value":"//table[contains(@id, \"massStateChangeTable-listUl\")]/tbody/tr[1]/td[11]/div/div/div/div[2]/span"}
COMMAND: POST /session/2ce3b2f0aefb554551e0a4f31cbc268a/element/f.3B2BE3E2E19A2DB5732A49E5823ECB49.d.F00FDD078569149A319E3899514EDC40.e.1205/click - {}
RESULT: {}
COMMAND: GET /session/2ce3b2f0aefb554551e0a4f31cbc268a/screenshot - {}
RESULT: {}
COMMAND: POST /session/2ce3b2f0aefb554551e0a4f31cbc268a/element - {"using":"xpath","value":"//table[contains(@id, \"massStateChangeTable-listUl\")]/tbody/tr[1]/td[11]/div/div/div/div[2]/span"}
RESULT: {"using":"xpath","value":"//table[contains(@id, \"massStateChangeTable-listUl\")]/tbody/tr[1]/td[11]/div/div/div/div[2]/span"}
COMMAND: POST /session/2ce3b2f0aefb554551e0a4f31cbc268a/element/f.3B2BE3E2E19A2DB5732A49E5823ECB49.d.F00FDD078569149A319E3899514EDC40.e.1205/click - {}
RESULT: {}
COMMAND: GET /session/2ce3b2f0aefb554551e0a4f31cbc268a/screenshot - {}
RESULT: {}
COMMAND: POST /session/2ce3b2f0aefb554551e0a4f31cbc268a/element - {"using":"xpath","value":"//table[contains(@id, \"massStateChangeTable-listUl\")]/tbody/tr[1]/td[11]/div/div/div/div[2]/span"}
RESULT: {"using":"xpath","value":"//table[contains(@id, \"massStateChangeTable-listUl\")]/tbody/tr[1]/td[11]/div/div/div/div[2]/span"}
COMMAND: POST /session/2ce3b2f0aefb554551e0a4f31cbc268a/element/f.3B2BE3E2E19A2DB5732A49E5823ECB49.d.F00FDD078569149A319E3899514EDC40.e.1205/click - {}
RESULT: {}
COMMAND: GET /session/2ce3b2f0aefb554551e0a4f31cbc268a/screenshot - {}
RESULT: {}
COMMAND: POST /session/2ce3b2f0aefb554551e0a4f31cbc268a/element - {"using":"xpath","value":"//table[contains(@id, \"massStateChangeTable-listUl\")]/tbody/tr[1]/td[11]/div/div/div/div[2]/span"}
RESULT: {"using":"xpath","value":"//table[contains(@id, \"massStateChangeTable-listUl\")]/tbody/tr[1]/td[11]/div/div/div/div[2]/span"}
COMMAND: POST /session/2ce3b2f0aefb554551e0a4f31cbc268a/element/f.3B2BE3E2E19A2DB5732A49E5823ECB49.d.F00FDD078569149A319E3899514EDC40.e.1205/click - {}
RESULT: {}
COMMAND: GET /session/2ce3b2f0aefb554551e0a4f31cbc268a/screenshot - {}
RESULT: {}
COMMAND: POST /session/2ce3b2f0aefb554551e0a4f31cbc268a/element - {"using":"xpath","value":"//table[contains(@id, \"massStateChangeTable-listUl\")]/tbody/tr[1]/td[11]/div/div/div/div[2]/span"}
RESULT: {"using":"xpath","value":"//table[contains(@id, \"massStateChangeTable-listUl\")]/tbody/tr[1]/td[11]/div/div/div/div[2]/span"}
COMMAND: POST /session/2ce3b2f0aefb554551e0a4f31cbc268a/element/f.3B2BE3E2E19A2DB5732A49E5823ECB49.d.F00FDD078569149A319E3899514EDC40.e.1205/click - {}
RESULT: {}
COMMAND: GET /session/2ce3b2f0aefb554551e0a4f31cbc268a/screenshot - {}
RESULT: {}
COMMAND: POST /session/2ce3b2f0aefb554551e0a4f31cbc268a/element - {"using":"xpath","value":"//table[contains(@id, \"massStateChangeTable-listUl\")]/tbody/tr[1]/td[11]/div/div/div/div[2]/span"}
RESULT: {"using":"xpath","value":"//table[contains(@id, \"massStateChangeTable-listUl\")]/tbody/tr[1]/td[11]/div/div/div/div[2]/span"}
COMMAND: POST /session/2ce3b2f0aefb554551e0a4f31cbc268a/element/f.3B2BE3E2E19A2DB5732A49E5823ECB49.d.F00FDD078569149A319E3899514EDC40.e.1205/click - {}
RESULT: {}
COMMAND: GET /session/2ce3b2f0aefb554551e0a4f31cbc268a/screenshot - {}
RESULT: {}
COMMAND: POST /session/2ce3b2f0aefb554551e0a4f31cbc268a/element - {"using":"xpath","value":"//table[contains(@id, \"massStateChangeTable-listUl\")]/tbody/tr[1]/td[11]/div/div/div/div[2]/span"}
RESULT: {"using":"xpath","value":"//table[contains(@id, \"massStateChangeTable-listUl\")]/tbody/tr[1]/td[11]/div/div/div/div[2]/span"}
COMMAND: POST /session/2ce3b2f0aefb554551e0a4f31cbc268a/element/f.3B2BE3E2E19A2DB5732A49E5823ECB49.d.F00FDD078569149A319E3899514EDC40.e.1205/click - {}
RESULT: {}
COMMAND: GET /session/2ce3b2f0aefb554551e0a4f31cbc268a/screenshot - {}
RESULT: {}
COMMAND: POST /session/2ce3b2f0aefb554551e0a4f31cbc268a/element - {"using":"xpath","value":"//table[contains(@id, \"massStateChangeTable-listUl\")]/tbody/tr[1]/td[11]/div/div/div/div[2]/span"}
RESULT: {"using":"xpath","value":"//table[contains(@id, \"massStateChangeTable-listUl\")]/tbody/tr[1]/td[11]/div/div/div/div[2]/span"}
COMMAND: POST /session/2ce3b2f0aefb554551e0a4f31cbc268a/element/f.3B2BE3E2E19A2DB5732A49E5823ECB49.d.F00FDD078569149A319E3899514EDC40.e.1205/click - {}
RESULT: {}
COMMAND: GET /session/2ce3b2f0aefb554551e0a4f31cbc268a/screenshot - {}
RESULT: {}
COMMAND: POST /session/2ce3b2f0aefb554551e0a4f31cbc268a/element - {"using":"xpath","value":"//table[contains(@id, \"massStateChangeTable-listUl\")]/tbody/tr[1]/td[11]/div/div/div/div[2]/span"}
RESULT: {"using":"xpath","value":"//table[contains(@id, \"massStateChangeTable-listUl\")]/tbody/tr[1]/td[11]/div/div/div/div[2]/span"}
COMMAND: POST /session/2ce3b2f0aefb554551e0a4f31cbc268a/element/f.3B2BE3E2E19A2DB5732A49E5823ECB49.d.F00FDD078569149A319E3899514EDC40.e.1205/click - {}
RESULT: {}
COMMAND: GET /session/2ce3b2f0aefb554551e0a4f31cbc268a/screenshot - {}
RESULT: {}
COMMAND: POST /session/2ce3b2f0aefb554551e0a4f31cbc268a/element - {"using":"xpath","value":"//table[contains(@id, \"massStateChangeTable-listUl\")]/tbody/tr[1]/td[11]/div/div/div/div[2]/span"}
RESULT: {"using":"xpath","value":"//table[contains(@id, \"massStateChangeTable-listUl\")]/tbody/tr[1]/td[11]/div/div/div/div[2]/span"}
COMMAND: POST /session/2ce3b2f0aefb554551e0a4f31cbc268a/element/f.3B2BE3E2E19A2DB5732A49E5823ECB49.d.F00FDD078569149A319E3899514EDC40.e.1205/click - {}
RESULT: {}
COMMAND: GET /session/2ce3b2f0aefb554551e0a4f31cbc268a/screenshot - {}
RESULT: {}
COMMAND: POST /session/2ce3b2f0aefb554551e0a4f31cbc268a/element - {"using":"xpath","value":"//table[contains(@id, \"massStateChangeTable-listUl\")]/tbody/tr[1]/td[11]/div/div/div/div[2]/span"}
RESULT: {"using":"xpath","value":"//table[contains(@id, \"massStateChangeTable-listUl\")]/tbody/tr[1]/td[11]/div/div/div/div[2]/span"}
COMMAND: POST /session/2ce3b2f0aefb554551e0a4f31cbc268a/element/f.3B2BE3E2E19A2DB5732A49E5823ECB49.d.F00FDD078569149A319E3899514EDC40.e.1205/click - {}
RESULT: {}
COMMAND: GET /session/2ce3b2f0aefb554551e0a4f31cbc268a/screenshot - {}
RESULT: {}
COMMAND: POST /session/2ce3b2f0aefb554551e0a4f31cbc268a/element - {"using":"xpath","value":"//table[contains(@id, \"massStateChangeTable-listUl\")]/tbody/tr[1]/td[11]/div/div/div/div[2]/span"}
RESULT: {"using":"xpath","value":"//table[contains(@id, \"massStateChangeTable-listUl\")]/tbody/tr[1]/td[11]/div/div/div/div[2]/span"}
COMMAND: POST /session/2ce3b2f0aefb554551e0a4f31cbc268a/element/f.3B2BE3E2E19A2DB5732A49E5823ECB49.d.F00FDD078569149A319E3899514EDC40.e.1205/click - {}
RESULT: {}
COMMAND: GET /session/2ce3b2f0aefb554551e0a4f31cbc268a/screenshot - {}
RESULT: {}
COMMAND: POST /session/2ce3b2f0aefb554551e0a4f31cbc268a/element - {"using":"xpath","value":"//table[contains(@id, \"massStateChangeTable-listUl\")]/tbody/tr[1]/td[11]/div/div/div/div[2]/span"}
RESULT: {"using":"xpath","value":"//table[contains(@id, \"massStateChangeTable-listUl\")]/tbody/tr[1]/td[11]/div/div/div/div[2]/span"}
COMMAND: POST /session/2ce3b2f0aefb554551e0a4f31cbc268a/element/f.3B2BE3E2E19A2DB5732A49E5823ECB49.d.F00FDD078569149A319E3899514EDC40.e.1205/click - {}
RESULT: {}
COMMAND: GET /session/2ce3b2f0aefb554551e0a4f31cbc268a/screenshot - {}
RESULT: {}
COMMAND: POST /session/2ce3b2f0aefb554551e0a4f31cbc268a/element - {"using":"xpath","value":"//table[contains(@id, \"massStateChangeTable-listUl\")]/tbody/tr[1]/td[11]/div/div/div/div[2]/span"}
RESULT: {"using":"xpath","value":"//table[contains(@id, \"massStateChangeTable-listUl\")]/tbody/tr[1]/td[11]/div/div/div/div[2]/span"}
COMMAND: POST /session/2ce3b2f0aefb554551e0a4f31cbc268a/element/f.3B2BE3E2E19A2DB5732A49E5823ECB49.d.F00FDD078569149A319E3899514EDC40.e.1205/click - {}
RESULT: {}
COMMAND: GET /session/2ce3b2f0aefb554551e0a4f31cbc268a/screenshot - {}
RESULT: {}
COMMAND: POST /session/2ce3b2f0aefb554551e0a4f31cbc268a/element - {"using":"xpath","value":"//table[contains(@id, \"massStateChangeTable-listUl\")]/tbody/tr[1]/td[11]/div/div/div/div[2]/span"}
RESULT: {"using":"xpath","value":"//table[contains(@id, \"massStateChangeTable-listUl\")]/tbody/tr[1]/td[11]/div/div/div/div[2]/span"}
COMMAND: POST /session/2ce3b2f0aefb554551e0a4f31cbc268a/element/f.3B2BE3E2E19A2DB5732A49E5823ECB49.d.F00FDD078569149A319E3899514EDC40.e.1205/click - {}
RESULT: {}
COMMAND: GET /session/2ce3b2f0aefb554551e0a4f31cbc268a/screenshot - {}
RESULT: {}
COMMAND: POST /session/2ce3b2f0aefb554551e0a4f31cbc268a/element - {"using":"xpath","value":"//table[contains(@id, \"massStateChangeTable-listUl\")]/tbody/tr[1]/td[11]/div/div/div/div[2]/span"}
RESULT: {"using":"xpath","value":"//table[contains(@id, \"massStateChangeTable-listUl\")]/tbody/tr[1]/td[11]/div/div/div/div[2]/span"}
COMMAND: POST /session/2ce3b2f0aefb554551e0a4f31cbc268a/element/f.3B2BE3E2E19A2DB5732A49E5823ECB49.d.F00FDD078569149A319E3899514EDC40.e.1205/click - {}
RESULT: {}
COMMAND: GET /session/2ce3b2f0aefb554551e0a4f31cbc268a/screenshot - {}
RESULT: {}
COMMAND: POST /session/2ce3b2f0aefb554551e0a4f31cbc268a/element - {"using":"xpath","value":"//table[contains(@id, \"massStateChangeTable-listUl\")]/tbody/tr[1]/td[11]/div/div/div/div[2]/span"}
RESULT: {"using":"xpath","value":"//table[contains(@id, \"massStateChangeTable-listUl\")]/tbody/tr[1]/td[11]/div/div/div/div[2]/span"}
COMMAND: POST /session/2ce3b2f0aefb554551e0a4f31cbc268a/element/f.3B2BE3E2E19A2DB5732A49E5823ECB49.d.F00FDD078569149A319E3899514EDC40.e.1205/click - {}
RESULT: {}
COMMAND: GET /session/2ce3b2f0aefb554551e0a4f31cbc268a/screenshot - {}
RESULT: {}
COMMAND: POST /session/2ce3b2f0aefb554551e0a4f31cbc268a/element - {"using":"xpath","value":"//table[contains(@id, \"massStateChangeTable-listUl\")]/tbody/tr[1]/td[11]/div/div/div/div[2]/span"}
RESULT: {"using":"xpath","value":"//table[contains(@id, \"massStateChangeTable-listUl\")]/tbody/tr[1]/td[11]/div/div/div/div[2]/span"}
COMMAND: POST /session/2ce3b2f0aefb554551e0a4f31cbc268a/element/f.3B2BE3E2E19A2DB5732A49E5823ECB49.d.F00FDD078569149A319E3899514EDC40.e.1205/click - {}
RESULT: {}
COMMAND: GET /session/2ce3b2f0aefb554551e0a4f31cbc268a/screenshot - {}
RESULT: {}
COMMAND: POST /session/2ce3b2f0aefb554551e0a4f31cbc268a/element - {"using":"xpath","value":"//table[contains(@id, \"massStateChangeTable-listUl\")]/tbody/tr[1]/td[11]/div/div/div/div[2]/span"}
RESULT: {"using":"xpath","value":"//table[contains(@id, \"massStateChangeTable-listUl\")]/tbody/tr[1]/td[11]/div/div/div/div[2]/span"}
COMMAND: POST /session/2ce3b2f0aefb554551e0a4f31cbc268a/element/f.3B2BE3E2E19A2DB5732A49E5823ECB49.d.F00FDD078569149A319E3899514EDC40.e.1205/click - {}
RESULT: {}
COMMAND: GET /session/2ce3b2f0aefb554551e0a4f31cbc268a/screenshot - {}
RESULT: {}
COMMAND: POST /session/2ce3b2f0aefb554551e0a4f31cbc268a/element - {"using":"xpath","value":"//table[contains(@id, \"massStateChangeTable-listUl\")]/tbody/tr[1]/td[11]/div/div/div/div[2]/span"}
RESULT: {"using":"xpath","value":"//table[contains(@id, \"massStateChangeTable-listUl\")]/tbody/tr[1]/td[11]/div/div/div/div[2]/span"}
COMMAND: POST /session/2ce3b2f0aefb554551e0a4f31cbc268a/element/f.3B2BE3E2E19A2DB5732A49E5823ECB49.d.F00FDD078569149A319E3899514EDC40.e.1205/click - {}
RESULT: {}
COMMAND: GET /session/2ce3b2f0aefb554551e0a4f31cbc268a/screenshot - {}
RESULT: {}
COMMAND: POST /session/2ce3b2f0aefb554551e0a4f31cbc268a/element - {"using":"xpath","value":"//table[contains(@id, \"massStateChangeTable-listUl\")]/tbody/tr[1]/td[11]/div/div/div/div[2]/span"}
RESULT: {"using":"xpath","value":"//table[contains(@id, \"massStateChangeTable-listUl\")]/tbody/tr[1]/td[11]/div/div/div/div[2]/span"}
COMMAND: POST /session/2ce3b2f0aefb554551e0a4f31cbc268a/element/f.3B2BE3E2E19A2DB5732A49E5823ECB49.d.F00FDD078569149A319E3899514EDC40.e.1205/click - {}
RESULT: {}
COMMAND: GET /session/2ce3b2f0aefb554551e0a4f31cbc268a/screenshot - {}
RESULT: {}
COMMAND: POST /session/2ce3b2f0aefb554551e0a4f31cbc268a/element - {"using":"xpath","value":"//table[contains(@id, \"massStateChangeTable-listUl\")]/tbody/tr[1]/td[11]/div/div/div/div[2]/span"}
RESULT: {"using":"xpath","value":"//table[contains(@id, \"massStateChangeTable-listUl\")]/tbody/tr[1]/td[11]/div/div/div/div[2]/span"}
COMMAND: POST /session/2ce3b2f0aefb554551e0a4f31cbc268a/element/f.3B2BE3E2E19A2DB5732A49E5823ECB49.d.F00FDD078569149A319E3899514EDC40.e.1205/click - {}
RESULT: {}
COMMAND: GET /session/2ce3b2f0aefb554551e0a4f31cbc268a/screenshot - {}
RESULT: {}
COMMAND: POST /session/2ce3b2f0aefb554551e0a4f31cbc268a/element - {"using":"xpath","value":"//table[contains(@id, \"massStateChangeTable-listUl\")]/tbody/tr[1]/td[11]/div/div/div/div[2]/span"}
RESULT: {"using":"xpath","value":"//table[contains(@id, \"massStateChangeTable-listUl\")]/tbody/tr[1]/td[11]/div/div/div/div[2]/span"}
COMMAND: POST /session/2ce3b2f0aefb554551e0a4f31cbc268a/element/f.3B2BE3E2E19A2DB5732A49E5823ECB49.d.F00FDD078569149A319E3899514EDC40.e.1205/click - {}
RESULT: {}
COMMAND: GET /session/2ce3b2f0aefb554551e0a4f31cbc268a/screenshot - {}
RESULT: {}
COMMAND: POST /session/2ce3b2f0aefb554551e0a4f31cbc268a/element - {"using":"xpath","value":"//table[contains(@id, \"massStateChangeTable-listUl\")]/tbody/tr[1]/td[11]/div/div/div/div[2]/span"}
RESULT: {"using":"xpath","value":"//table[contains(@id, \"massStateChangeTable-listUl\")]/tbody/tr[1]/td[11]/div/div/div/div[2]/span"}
COMMAND: POST /session/2ce3b2f0aefb554551e0a4f31cbc268a/element/f.3B2BE3E2E19A2DB5732A49E5823ECB49.d.F00FDD078569149A319E3899514EDC40.e.1205/click - {}
RESULT: {}
COMMAND: GET /session/2ce3b2f0aefb554551e0a4f31cbc268a/screenshot - {}
RESULT: {}
COMMAND: POST /session/2ce3b2f0aefb554551e0a4f31cbc268a/element - {"using":"xpath","value":"//table[contains(@id, \"massStateChangeTable-listUl\")]/tbody/tr[1]/td[11]/div/div/div/div[2]/span"}
RESULT: {"using":"xpath","value":"//table[contains(@id, \"massStateChangeTable-listUl\")]/tbody/tr[1]/td[11]/div/div/div/div[2]/span"}
COMMAND: POST /session/2ce3b2f0aefb554551e0a4f31cbc268a/element/f.3B2BE3E2E19A2DB5732A49E5823ECB49.d.F00FDD078569149A319E3899514EDC40.e.1205/click - {}
RESULT: {}
COMMAND: GET /session/2ce3b2f0aefb554551e0a4f31cbc268a/screenshot - {}
RESULT: {}
COMMAND: POST /session/2ce3b2f0aefb554551e0a4f31cbc268a/element - {"using":"xpath","value":"//table[contains(@id, \"massStateChangeTable-listUl\")]/tbody/tr[1]/td[11]/div/div/div/div[2]/span"}
RESULT: {"using":"xpath","value":"//table[contains(@id, \"massStateChangeTable-listUl\")]/tbody/tr[1]/td[11]/div/div/div/div[2]/span"}
COMMAND: POST /session/2ce3b2f0aefb554551e0a4f31cbc268a/element/f.3B2BE3E2E19A2DB5732A49E5823ECB49.d.F00FDD078569149A319E3899514EDC40.e.1205/click - {}
RESULT: {}
COMMAND: GET /session/2ce3b2f0aefb554551e0a4f31cbc268a/screenshot - {}
RESULT: {}
COMMAND: POST /session/2ce3b2f0aefb554551e0a4f31cbc268a/element - {"using":"xpath","value":"//table[contains(@id, \"massStateChangeTable-listUl\")]/tbody/tr[1]/td[11]/div/div/div/div[2]/span"}
RESULT: {"using":"xpath","value":"//table[contains(@id, \"massStateChangeTable-listUl\")]/tbody/tr[1]/td[11]/div/div/div/div[2]/span"}
COMMAND: POST /session/2ce3b2f0aefb554551e0a4f31cbc268a/element/f.3B2BE3E2E19A2DB5732A49E5823ECB49.d.F00FDD078569149A319E3899514EDC40.e.1205/click - {}
RESULT: {}
COMMAND: GET /session/2ce3b2f0aefb554551e0a4f31cbc268a/screenshot - {}
RESULT: {}
COMMAND: POST /session/2ce3b2f0aefb554551e0a4f31cbc268a/element - {"using":"xpath","value":"//table[contains(@id, \"massStateChangeTable-listUl\")]/tbody/tr[1]/td[11]/div/div/div/div[2]/span"}
RESULT: {"using":"xpath","value":"//table[contains(@id, \"massStateChangeTable-listUl\")]/tbody/tr[1]/td[11]/div/div/div/div[2]/span"}
COMMAND: POST /session/2ce3b2f0aefb554551e0a4f31cbc268a/element/f.3B2BE3E2E19A2DB5732A49E5823ECB49.d.F00FDD078569149A319E3899514EDC40.e.1205/click - {}
RESULT: {}
COMMAND: GET /session/2ce3b2f0aefb554551e0a4f31cbc268a/screenshot - {}
RESULT: {}
COMMAND: POST /session/2ce3b2f0aefb554551e0a4f31cbc268a/element - {"using":"xpath","value":"//table[contains(@id, \"massStateChangeTable-listUl\")]/tbody/tr[1]/td[11]/div/div/div/div[2]/span"}
RESULT: {"using":"xpath","value":"//table[contains(@id, \"massStateChangeTable-listUl\")]/tbody/tr[1]/td[11]/div/div/div/div[2]/span"}
COMMAND: POST /session/2ce3b2f0aefb554551e0a4f31cbc268a/element/f.3B2BE3E2E19A2DB5732A49E5823ECB49.d.F00FDD078569149A319E3899514EDC40.e.1205/click - {}
RESULT: {}
COMMAND: GET /session/2ce3b2f0aefb554551e0a4f31cbc268a/screenshot - {}
RESULT: {}
COMMAND: POST /session/2ce3b2f0aefb554551e0a4f31cbc268a/element - {"using":"xpath","value":"//table[contains(@id, \"massStateChangeTable-listUl\")]/tbody/tr[1]/td[11]/div/div/div/div[2]/span"}
RESULT: {"using":"xpath","value":"//table[contains(@id, \"massStateChangeTable-listUl\")]/tbody/tr[1]/td[11]/div/div/div/div[2]/span"}
COMMAND: POST /session/2ce3b2f0aefb554551e0a4f31cbc268a/element/f.3B2BE3E2E19A2DB5732A49E5823ECB49.d.F00FDD078569149A319E3899514EDC40.e.1205/click - {}
RESULT: {}
COMMAND: GET /session/2ce3b2f0aefb554551e0a4f31cbc268a/screenshot - {}
RESULT: {}
COMMAND: POST /session/2ce3b2f0aefb554551e0a4f31cbc268a/element - {"using":"xpath","value":"//table[contains(@id, \"massStateChangeTable-listUl\")]/tbody/tr[1]/td[11]/div/div/div/div[2]/span"}
RESULT: {"using":"xpath","value":"//table[contains(@id, \"massStateChangeTable-listUl\")]/tbody/tr[1]/td[11]/div/div/div/div[2]/span"}
COMMAND: POST /session/2ce3b2f0aefb554551e0a4f31cbc268a/element/f.3B2BE3E2E19A2DB5732A49E5823ECB49.d.F00FDD078569149A319E3899514EDC40.e.1205/click - {}
RESULT: {}
COMMAND: GET /session/2ce3b2f0aefb554551e0a4f31cbc268a/screenshot - {}
RESULT: {}
COMMAND: POST /session/2ce3b2f0aefb554551e0a4f31cbc268a/element - {"using":"xpath","value":"//table[contains(@id, \"massStateChangeTable-listUl\")]/tbody/tr[1]/td[11]/div/div/div/div[2]/span"}
RESULT: {"using":"xpath","value":"//table[contains(@id, \"massStateChangeTable-listUl\")]/tbody/tr[1]/td[11]/div/div/div/div[2]/span"}
COMMAND: POST /session/2ce3b2f0aefb554551e0a4f31cbc268a/element/f.3B2BE3E2E19A2DB5732A49E5823ECB49.d.F00FDD078569149A319E3899514EDC40.e.1205/click - {}
RESULT: {}
COMMAND: GET /session/2ce3b2f0aefb554551e0a4f31cbc268a/screenshot - {}
RESULT: {}
COMMAND: POST /session/2ce3b2f0aefb554551e0a4f31cbc268a/element - {"using":"xpath","value":"//table[contains(@id, \"massStateChangeTable-listUl\")]/tbody/tr[1]/td[11]/div/div/div/div[2]/span"}
RESULT: {"using":"xpath","value":"//table[contains(@id, \"massStateChangeTable-listUl\")]/tbody/tr[1]/td[11]/div/div/div/div[2]/span"}
COMMAND: POST /session/2ce3b2f0aefb554551e0a4f31cbc268a/element/f.3B2BE3E2E19A2DB5732A49E5823ECB49.d.F00FDD078569149A319E3899514EDC40.e.1205/click - {}
RESULT: {}
COMMAND: GET /session/2ce3b2f0aefb554551e0a4f31cbc268a/screenshot - {}
RESULT: {}
COMMAND: POST /session/2ce3b2f0aefb554551e0a4f31cbc268a/element - {"using":"xpath","value":"//table[contains(@id, \"massStateChangeTable-listUl\")]/tbody/tr[1]/td[11]/div/div/div/div[2]/span"}
RESULT: {"using":"xpath","value":"//table[contains(@id, \"massStateChangeTable-listUl\")]/tbody/tr[1]/td[11]/div/div/div/div[2]/span"}
COMMAND: POST /session/2ce3b2f0aefb554551e0a4f31cbc268a/element/f.3B2BE3E2E19A2DB5732A49E5823ECB49.d.F00FDD078569149A319E3899514EDC40.e.1205/click - {}
RESULT: {}
COMMAND: GET /session/2ce3b2f0aefb554551e0a4f31cbc268a/screenshot - {}
RESULT: {}
COMMAND: POST /session/2ce3b2f0aefb554551e0a4f31cbc268a/element - {"using":"xpath","value":"//table[contains(@id, \"massStateChangeTable-listUl\")]/tbody/tr[1]/td[11]/div/div/div/div[2]/span"}
RESULT: {"using":"xpath","value":"//table[contains(@id, \"massStateChangeTable-listUl\")]/tbody/tr[1]/td[11]/div/div/div/div[2]/span"}
COMMAND: POST /session/2ce3b2f0aefb554551e0a4f31cbc268a/element/f.3B2BE3E2E19A2DB5732A49E5823ECB49.d.F00FDD078569149A319E3899514EDC40.e.1205/click - {}
RESULT: {}
COMMAND: GET /session/2ce3b2f0aefb554551e0a4f31cbc268a/screenshot - {}
RESULT: {}
COMMAND: POST /session/2ce3b2f0aefb554551e0a4f31cbc268a/element - {"using":"xpath","value":"//table[contains(@id, \"massStateChangeTable-listUl\")]/tbody/tr[1]/td[11]/div/div/div/div[2]/span"}
RESULT: {"using":"xpath","value":"//table[contains(@id, \"massStateChangeTable-listUl\")]/tbody/tr[1]/td[11]/div/div/div/div[2]/span"}
COMMAND: POST /session/2ce3b2f0aefb554551e0a4f31cbc268a/element/f.3B2BE3E2E19A2DB5732A49E5823ECB49.d.F00FDD078569149A319E3899514EDC40.e.1205/click - {}
RESULT: {}
COMMAND: GET /session/2ce3b2f0aefb554551e0a4f31cbc268a/screenshot - {}
RESULT: {}
COMMAND: POST /session/2ce3b2f0aefb554551e0a4f31cbc268a/element - {"using":"xpath","value":"//table[contains(@id, \"massStateChangeTable-listUl\")]/tbody/tr[1]/td[11]/div/div/div/div[2]/span"}
RESULT: {"using":"xpath","value":"//table[contains(@id, \"massStateChangeTable-listUl\")]/tbody/tr[1]/td[11]/div/div/div/div[2]/span"}
COMMAND: POST /session/2ce3b2f0aefb554551e0a4f31cbc268a/element/f.3B2BE3E2E19A2DB5732A49E5823ECB49.d.F00FDD078569149A319E3899514EDC40.e.1205/click - {}
RESULT: {}
COMMAND: GET /session/2ce3b2f0aefb554551e0a4f31cbc268a/screenshot - {}
RESULT: {}
COMMAND: POST /session/2ce3b2f0aefb554551e0a4f31cbc268a/element - {"using":"xpath","value":"//table[contains(@id, \"massStateChangeTable-listUl\")]/tbody/tr[1]/td[11]/div/div/div/div[2]/span"}
RESULT: {"using":"xpath","value":"//table[contains(@id, \"massStateChangeTable-listUl\")]/tbody/tr[1]/td[11]/div/div/div/div[2]/span"}
COMMAND: POST /session/2ce3b2f0aefb554551e0a4f31cbc268a/element/f.3B2BE3E2E19A2DB5732A49E5823ECB49.d.F00FDD078569149A319E3899514EDC40.e.1205/click - {}
RESULT: {}
COMMAND: GET /session/2ce3b2f0aefb554551e0a4f31cbc268a/screenshot - {}
RESULT: {}
COMMAND: POST /session/2ce3b2f0aefb554551e0a4f31cbc268a/element - {"using":"xpath","value":"//table[contains(@id, \"massStateChangeTable-listUl\")]/tbody/tr[1]/td[11]/div/div/div/div[2]/span"}
RESULT: {"using":"xpath","value":"//table[contains(@id, \"massStateChangeTable-listUl\")]/tbody/tr[1]/td[11]/div/div/div/div[2]/span"}
COMMAND: POST /session/2ce3b2f0aefb554551e0a4f31cbc268a/element/f.3B2BE3E2E19A2DB5732A49E5823ECB49.d.F00FDD078569149A319E3899514EDC40.e.1205/click - {}
RESULT: {}
COMMAND: GET /session/2ce3b2f0aefb554551e0a4f31cbc268a/screenshot - {}
RESULT: {}
COMMAND: POST /session/2ce3b2f0aefb554551e0a4f31cbc268a/element - {"using":"xpath","value":"//table[contains(@id, \"massStateChangeTable-listUl\")]/tbody/tr[1]/td[11]/div/div/div/div[2]/span"}
RESULT: {"using":"xpath","value":"//table[contains(@id, \"massStateChangeTable-listUl\")]/tbody/tr[1]/td[11]/div/div/div/div[2]/span"}
COMMAND: POST /session/2ce3b2f0aefb554551e0a4f31cbc268a/element/f.3B2BE3E2E19A2DB5732A49E5823ECB49.d.F00FDD078569149A319E3899514EDC40.e.1205/click - {}
RESULT: {}
COMMAND: GET /session/2ce3b2f0aefb554551e0a4f31cbc268a/screenshot - {}
RESULT: {}
COMMAND: POST /session/2ce3b2f0aefb554551e0a4f31cbc268a/element - {"using":"xpath","value":"//table[contains(@id, \"massStateChangeTable-listUl\")]/tbody/tr[1]/td[11]/div/div/div/div[2]/span"}
RESULT: {"using":"xpath","value":"//table[contains(@id, \"massStateChangeTable-listUl\")]/tbody/tr[1]/td[11]/div/div/div/div[2]/span"}
COMMAND: POST /session/2ce3b2f0aefb554551e0a4f31cbc268a/element/f.3B2BE3E2E19A2DB5732A49E5823ECB49.d.F00FDD078569149A319E3899514EDC40.e.1205/click - {}
RESULT: {}
COMMAND: GET /session/2ce3b2f0aefb554551e0a4f31cbc268a/screenshot - {}
RESULT: {}
COMMAND: POST /session/2ce3b2f0aefb554551e0a4f31cbc268a/element - {"using":"xpath","value":"//table[contains(@id, \"massStateChangeTable-listUl\")]/tbody/tr[1]/td[11]/div/div/div/div[2]/span"}
RESULT: {"using":"xpath","value":"//table[contains(@id, \"massStateChangeTable-listUl\")]/tbody/tr[1]/td[11]/div/div/div/div[2]/span"}
COMMAND: POST /session/2ce3b2f0aefb554551e0a4f31cbc268a/element/f.3B2BE3E2E19A2DB5732A49E5823ECB49.d.F00FDD078569149A319E3899514EDC40.e.1205/click - {}
RESULT: {}
COMMAND: GET /session/2ce3b2f0aefb554551e0a4f31cbc268a/screenshot - {}
RESULT: {}
COMMAND: POST /session/2ce3b2f0aefb554551e0a4f31cbc268a/element - {"using":"xpath","value":"//table[contains(@id, \"massStateChangeTable-listUl\")]/tbody/tr[1]/td[11]/div/div/div/div[2]/span"}
RESULT: {"using":"xpath","value":"//table[contains(@id, \"massStateChangeTable-listUl\")]/tbody/tr[1]/td[11]/div/div/div/div[2]/span"}
COMMAND: POST /session/2ce3b2f0aefb554551e0a4f31cbc268a/element/f.3B2BE3E2E19A2DB5732A49E5823ECB49.d.F00FDD078569149A319E3899514EDC40.e.1205/click - {}
RESULT: {}
COMMAND: GET /session/2ce3b2f0aefb554551e0a4f31cbc268a/screenshot - {}
RESULT: {}
COMMAND: POST /session/2ce3b2f0aefb554551e0a4f31cbc268a/element - {"using":"xpath","value":"//table[contains(@id, \"massStateChangeTable-listUl\")]/tbody/tr[1]/td[11]/div/div/div/div[2]/span"}
RESULT: {"using":"xpath","value":"//table[contains(@id, \"massStateChangeTable-listUl\")]/tbody/tr[1]/td[11]/div/div/div/div[2]/span"}
COMMAND: POST /session/2ce3b2f0aefb554551e0a4f31cbc268a/element/f.3B2BE3E2E19A2DB5732A49E5823ECB49.d.F00FDD078569149A319E3899514EDC40.e.1205/click - {}
RESULT: {}
COMMAND: GET /session/2ce3b2f0aefb554551e0a4f31cbc268a/screenshot - {}
RESULT: {}
COMMAND: POST /session/2ce3b2f0aefb554551e0a4f31cbc268a/element - {"using":"xpath","value":"//table[contains(@id, \"massStateChangeTable-listUl\")]/tbody/tr[1]/td[11]/div/div/div/div[2]/span"}
RESULT: {"using":"xpath","value":"//table[contains(@id, \"massStateChangeTable-listUl\")]/tbody/tr[1]/td[11]/div/div/div/div[2]/span"}
COMMAND: POST /session/2ce3b2f0aefb554551e0a4f31cbc268a/element/f.3B2BE3E2E19A2DB5732A49E5823ECB49.d.F00FDD078569149A319E3899514EDC40.e.1205/click - {}
RESULT: {}
COMMAND: GET /session/2ce3b2f0aefb554551e0a4f31cbc268a/screenshot - {}
RESULT: {}
COMMAND: POST /session/2ce3b2f0aefb554551e0a4f31cbc268a/element - {"using":"xpath","value":"//table[contains(@id, \"massStateChangeTable-listUl\")]/tbody/tr[1]/td[11]/div/div/div/div[2]/span"}
RESULT: {"using":"xpath","value":"//table[contains(@id, \"massStateChangeTable-listUl\")]/tbody/tr[1]/td[11]/div/div/div/div[2]/span"}
COMMAND: POST /session/2ce3b2f0aefb554551e0a4f31cbc268a/element/f.3B2BE3E2E19A2DB5732A49E5823ECB49.d.F00FDD078569149A319E3899514EDC40.e.1205/click - {}
RESULT: {}
COMMAND: GET /session/2ce3b2f0aefb554551e0a4f31cbc268a/screenshot - {}
RESULT: {}
COMMAND: POST /session/2ce3b2f0aefb554551e0a4f31cbc268a/element - {"using":"xpath","value":"//table[contains(@id, \"massStateChangeTable-listUl\")]/tbody/tr[1]/td[11]/div/div/div/div[2]/span"}
RESULT: {"using":"xpath","value":"//table[contains(@id, \"massStateChangeTable-listUl\")]/tbody/tr[1]/td[11]/div/div/div/div[2]/span"}
COMMAND: POST /session/2ce3b2f0aefb554551e0a4f31cbc268a/element/f.3B2BE3E2E19A2DB5732A49E5823ECB49.d.F00FDD078569149A319E3899514EDC40.e.1205/click - {}
RESULT: {}
COMMAND: GET /session/2ce3b2f0aefb554551e0a4f31cbc268a/screenshot - {}
RESULT: {}
COMMAND: POST /session/2ce3b2f0aefb554551e0a4f31cbc268a/element - {"using":"xpath","value":"//table[contains(@id, \"massStateChangeTable-listUl\")]/tbody/tr[1]/td[11]/div/div/div/div[2]/span"}
RESULT: {"using":"xpath","value":"//table[contains(@id, \"massStateChangeTable-listUl\")]/tbody/tr[1]/td[11]/div/div/div/div[2]/span"}
COMMAND: POST /session/2ce3b2f0aefb554551e0a4f31cbc268a/element/f.3B2BE3E2E19A2DB5732A49E5823ECB49.d.F00FDD078569149A319E3899514EDC40.e.1205/click - {}
RESULT: {}
COMMAND: GET /session/2ce3b2f0aefb554551e0a4f31cbc268a/screenshot - {}
RESULT: {}
COMMAND: POST /session/2ce3b2f0aefb554551e0a4f31cbc268a/element - {"using":"xpath","value":"//table[contains(@id, \"massStateChangeTable-listUl\")]/tbody/tr[1]/td[11]/div/div/div/div[2]/span"}
RESULT: {"using":"xpath","value":"//table[contains(@id, \"massStateChangeTable-listUl\")]/tbody/tr[1]/td[11]/div/div/div/div[2]/span"}
COMMAND: POST /session/2ce3b2f0aefb554551e0a4f31cbc268a/element/f.3B2BE3E2E19A2DB5732A49E5823ECB49.d.F00FDD078569149A319E3899514EDC40.e.1205/click - {}
RESULT: {}
COMMAND: GET /session/2ce3b2f0aefb554551e0a4f31cbc268a/screenshot - {}
RESULT: {}
COMMAND: POST /session/2ce3b2f0aefb554551e0a4f31cbc268a/element - {"using":"xpath","value":"//table[contains(@id, \"massStateChangeTable-listUl\")]/tbody/tr[2]/td[11]/div/div/div/div[2]/span"}
RESULT: {"using":"xpath","value":"//table[contains(@id, \"massStateChangeTable-listUl\")]/tbody/tr[2]/td[11]/div/div/div/div[2]/span"}
COMMAND: POST /session/2ce3b2f0aefb554551e0a4f31cbc268a/element/f.3B2BE3E2E19A2DB5732A49E5823ECB49.d.F00FDD078569149A319E3899514EDC40.e.1206/click - {}
RESULT: {}
COMMAND: GET /session/2ce3b2f0aefb554551e0a4f31cbc268a/screenshot - {}
RESULT: {}
COMMAND: POST /session/2ce3b2f0aefb554551e0a4f31cbc268a/element - {"using":"xpath","value":"//table[contains(@id, \"massStateChangeTable-listUl\")]/tbody/tr[1]/td[11]/div/div/div/input"}
RESULT: {"using":"xpath","value":"//table[contains(@id, \"massStateChangeTable-listUl\")]/tbody/tr[1]/td[11]/div/div/div/input"}
COMMAND: GET /session/2ce3b2f0aefb554551e0a4f31cbc268a/element/f.3B2BE3E2E19A2DB5732A49E5823ECB49.d.F00FDD078569149A319E3899514EDC40.e.1184/property/value - {}
RESULT: {}
COMMAND: POST /session/2ce3b2f0aefb554551e0a4f31cbc268a/element - {"using":"xpath","value":"//table[contains(@id, \"massStateChangeTable-listUl\")]/tbody/tr[2]/td[11]/div/div/div/input"}
COMMAND: GET /session/2ce3b2f0aefb554551e0a4f31cbc268a/screenshot - {}
RESULT: {"using":"xpath","value":"//table[contains(@id, \"massStateChangeTable-listUl\")]/tbody/tr[2]/td[11]/div/div/div/input"}
COMMAND: GET /session/2ce3b2f0aefb554551e0a4f31cbc268a/element/f.3B2BE3E2E19A2DB5732A49E5823ECB49.d.F00FDD078569149A319E3899514EDC40.e.1188/property/value - {}
RESULT: {}
RESULT: {}
COMMAND: POST /session/2ce3b2f0aefb554551e0a4f31cbc268a/element - {"using":"xpath","value":"(//bdi[contains(text(), \"OK\")])[1]"}
COMMAND: GET /session/2ce3b2f0aefb554551e0a4f31cbc268a/screenshot - {}
RESULT: {"using":"xpath","value":"(//bdi[contains(text(), \"OK\")])[1]"}
COMMAND: POST /session/2ce3b2f0aefb554551e0a4f31cbc268a/element/f.3B2BE3E2E19A2DB5732A49E5823ECB49.d.F00FDD078569149A319E3899514EDC40.e.1192/click - {}
RESULT: {}
RESULT: {}
COMMAND: GET /session/2ce3b2f0aefb554551e0a4f31cbc268a/screenshot - {}
RESULT: {}
COMMAND: POST /session/2ce3b2f0aefb554551e0a4f31cbc268a/element - {"using":"xpath","value":"(//bdi[contains(text(), \"OK\")])[2]"}
RESULT: {"using":"xpath","value":"(//bdi[contains(text(), \"OK\")])[2]"}
COMMAND: POST /session/2ce3b2f0aefb554551e0a4f31cbc268a/element/f.3B2BE3E2E19A2DB5732A49E5823ECB49.d.F00FDD078569149A319E3899514EDC40.e.1209/click - {}
RESULT: {}
COMMAND: GET /session/2ce3b2f0aefb554551e0a4f31cbc268a/screenshot - {}
RESULT: {}
RESULT: undefined
COMMAND: POST /session/2ce3b2f0aefb554551e0a4f31cbc268a/execute/async - {"script":"<script> [776 bytes]","args":[{"enterText":"600002","selector":{"id":"application-ruinventorylist-display-component---Master--smartFilterBar-btnBasicSearch","interaction":{"idSuffix":"I"}},"clearTextFirst":true,"interactionType":"ENTER_TEXT"}]}
RESULT: {"script":"<script> [776 bytes]","args":[{"enterText":"600002","selector":{"id":"application-ruinventorylist-display-component---Master--smartFilterBar-btnBasicSearch","interaction":{"idSuffix":"I"}},"clearTextFirst":true,"interactionType":"ENTER_TEXT"}]}
COMMAND: POST /session/2ce3b2f0aefb554551e0a4f31cbc268a/actions - {"actions":[{"id":"action5","type":"key","parameters":{},"actions":[{"type":"keyDown","value":"î€‡"},{"type":"pause","duration":10},{"type":"keyUp","value":"î€‡"}]}]}
RESULT: {"actions":[{"id":"action5","type":"key","parameters":{},"actions":[{"type":"keyDown","value":"î€‡"},{"type":"pause","duration":10},{"type":"keyUp","value":"î€‡"}]}]}
COMMAND: GET /session/2ce3b2f0aefb554551e0a4f31cbc268a/screenshot - {}
RESULT: {}
COMMAND: POST /session/2ce3b2f0aefb554551e0a4f31cbc268a/element - {"using":"xpath","value":"//span[@id=\"application-ruinventorylist-display-component---Master--smartTableRuInventoryList-header-inner\"]"}
RESULT: {"using":"xpath","value":"//span[@id=\"application-ruinventorylist-display-component---Master--smartTableRuInventoryList-header-inner\"]"}
COMMAND: POST /session/2ce3b2f0aefb554551e0a4f31cbc268a/elements - {"using":"xpath","value":"//span[@id=\"application-ruinventorylist-display-component---Master--smartTableRuInventoryList-header-inner\"]"}
RESULT: {"using":"xpath","value":"//span[@id=\"application-ruinventorylist-display-component---Master--smartTableRuInventoryList-header-inner\"]"}
COMMAND: POST /session/2ce3b2f0aefb554551e0a4f31cbc268a/execute/sync - {"script":"<script> [56 bytes]","args":[{"element-6066-11e4-a52e-4f735466cecf":"f.3B2BE3E2E19A2DB5732A49E5823ECB49.d.F00FDD078569149A319E3899514EDC40.e.866","ELEMENT":"f.3B2BE3E2E19A2DB5732A49E5823ECB49.d.F00FDD078569149A319E3899514EDC40.e.866"}]}
RESULT: {"script":"<script> [56 bytes]","args":[{"element-6066-11e4-a52e-4f735466cecf":"f.3B2BE3E2E19A2DB5732A49E5823ECB49.d.F00FDD078569149A319E3899514EDC40.e.866","ELEMENT":"f.3B2BE3E2E19A2DB5732A49E5823ECB49.d.F00FDD078569149A319E3899514EDC40.e.866"}]}
COMMAND: POST /session/2ce3b2f0aefb554551e0a4f31cbc268a/element - {"using":"xpath","value":"//table[contains(@id, \"application-ruinventorylist-display-component---Master--tableRuInventoryList-listUl\")]/tbody/tr[1]/td[6]/div/span"}
COMMAND: GET /session/2ce3b2f0aefb554551e0a4f31cbc268a/screenshot - {}
RESULT: {"using":"xpath","value":"//table[contains(@id, \"application-ruinventorylist-display-component---Master--tableRuInventoryList-listUl\")]/tbody/tr[1]/td[6]/div/span"}
COMMAND: POST /session/2ce3b2f0aefb554551e0a4f31cbc268a/execute/sync - {"script":"<script> [56 bytes]","args":[{"element-6066-11e4-a52e-4f735466cecf":"f.3B2BE3E2E19A2DB5732A49E5823ECB49.d.F00FDD078569149A319E3899514EDC40.e.1229","ELEMENT":"f.3B2BE3E2E19A2DB5732A49E5823ECB49.d.F00FDD078569149A319E3899514EDC40.e.1229"}]}
RESULT: {}
RESULT: {"script":"<script> [56 bytes]","args":[{"element-6066-11e4-a52e-4f735466cecf":"f.3B2BE3E2E19A2DB5732A49E5823ECB49.d.F00FDD078569149A319E3899514EDC40.e.1229","ELEMENT":"f.3B2BE3E2E19A2DB5732A49E5823ECB49.d.F00FDD078569149A319E3899514EDC40.e.1229"}]}
COMMAND: POST /session/2ce3b2f0aefb554551e0a4f31cbc268a/element - {"using":"xpath","value":"//div[contains(@id, \"smartFilterBar-btnBasicSearch-reset\")]"}
COMMAND: GET /session/2ce3b2f0aefb554551e0a4f31cbc268a/screenshot - {}
RESULT: {"using":"xpath","value":"//div[contains(@id, \"smartFilterBar-btnBasicSearch-reset\")]"}
COMMAND: POST /session/2ce3b2f0aefb554551e0a4f31cbc268a/element/f.3B2BE3E2E19A2DB5732A49E5823ECB49.d.F00FDD078569149A319E3899514EDC40.e.883/click - {}
RESULT: {}
RESULT: {}
COMMAND: GET /session/2ce3b2f0aefb554551e0a4f31cbc268a/screenshot - {}
RESULT: {}
RESULT: undefined
COMMAND: POST /session/2ce3b2f0aefb554551e0a4f31cbc268a/execute/async - {"script":"<script> [776 bytes]","args":[{"enterText":"401002","selector":{"id":"application-ruinventorylist-display-component---Master--smartFilterBar-btnBasicSearch","interaction":{"idSuffix":"I"}},"clearTextFirst":true,"interactionType":"ENTER_TEXT"}]}
RESULT: {"script":"<script> [776 bytes]","args":[{"enterText":"401002","selector":{"id":"application-ruinventorylist-display-component---Master--smartFilterBar-btnBasicSearch","interaction":{"idSuffix":"I"}},"clearTextFirst":true,"interactionType":"ENTER_TEXT"}]}
COMMAND: POST /session/2ce3b2f0aefb554551e0a4f31cbc268a/actions - {"actions":[{"id":"action6","type":"key","parameters":{},"actions":[{"type":"keyDown","value":"î€‡"},{"type":"pause","duration":10},{"type":"keyUp","value":"î€‡"}]}]}
RESULT: {"actions":[{"id":"action6","type":"key","parameters":{},"actions":[{"type":"keyDown","value":"î€‡"},{"type":"pause","duration":10},{"type":"keyUp","value":"î€‡"}]}]}
COMMAND: GET /session/2ce3b2f0aefb554551e0a4f31cbc268a/screenshot - {}
RESULT: {}
COMMAND: POST /session/2ce3b2f0aefb554551e0a4f31cbc268a/element - {"using":"xpath","value":"//span[@id=\"application-ruinventorylist-display-component---Master--smartTableRuInventoryList-header-inner\"]"}
RESULT: {"using":"xpath","value":"//span[@id=\"application-ruinventorylist-display-component---Master--smartTableRuInventoryList-header-inner\"]"}
COMMAND: POST /session/2ce3b2f0aefb554551e0a4f31cbc268a/elements - {"using":"xpath","value":"//span[@id=\"application-ruinventorylist-display-component---Master--smartTableRuInventoryList-header-inner\"]"}
RESULT: {"using":"xpath","value":"//span[@id=\"application-ruinventorylist-display-component---Master--smartTableRuInventoryList-header-inner\"]"}
COMMAND: POST /session/2ce3b2f0aefb554551e0a4f31cbc268a/execute/sync - {"script":"<script> [56 bytes]","args":[{"element-6066-11e4-a52e-4f735466cecf":"f.3B2BE3E2E19A2DB5732A49E5823ECB49.d.F00FDD078569149A319E3899514EDC40.e.866","ELEMENT":"f.3B2BE3E2E19A2DB5732A49E5823ECB49.d.F00FDD078569149A319E3899514EDC40.e.866"}]}
RESULT: {"script":"<script> [56 bytes]","args":[{"element-6066-11e4-a52e-4f735466cecf":"f.3B2BE3E2E19A2DB5732A49E5823ECB49.d.F00FDD078569149A319E3899514EDC40.e.866","ELEMENT":"f.3B2BE3E2E19A2DB5732A49E5823ECB49.d.F00FDD078569149A319E3899514EDC40.e.866"}]}
COMMAND: POST /session/2ce3b2f0aefb554551e0a4f31cbc268a/element - {"using":"xpath","value":"//table[contains(@id, \"application-ruinventorylist-display-component---Master--tableRuInventoryList-listUl\")]/tbody/tr[1]/td[6]/div/span"}
COMMAND: GET /session/2ce3b2f0aefb554551e0a4f31cbc268a/screenshot - {}
RESULT: {"using":"xpath","value":"//table[contains(@id, \"application-ruinventorylist-display-component---Master--tableRuInventoryList-listUl\")]/tbody/tr[1]/td[6]/div/span"}
COMMAND: POST /session/2ce3b2f0aefb554551e0a4f31cbc268a/execute/sync - {"script":"<script> [56 bytes]","args":[{"element-6066-11e4-a52e-4f735466cecf":"f.3B2BE3E2E19A2DB5732A49E5823ECB49.d.F00FDD078569149A319E3899514EDC40.e.1312","ELEMENT":"f.3B2BE3E2E19A2DB5732A49E5823ECB49.d.F00FDD078569149A319E3899514EDC40.e.1312"}]}
RESULT: {}
RESULT: {"script":"<script> [56 bytes]","args":[{"element-6066-11e4-a52e-4f735466cecf":"f.3B2BE3E2E19A2DB5732A49E5823ECB49.d.F00FDD078569149A319E3899514EDC40.e.1312","ELEMENT":"f.3B2BE3E2E19A2DB5732A49E5823ECB49.d.F00FDD078569149A319E3899514EDC40.e.1312"}]}
COMMAND: POST /session/2ce3b2f0aefb554551e0a4f31cbc268a/element - {"using":"xpath","value":"//div[contains(@id, \"smartFilterBar-btnBasicSearch-reset\")]"}
COMMAND: GET /session/2ce3b2f0aefb554551e0a4f31cbc268a/screenshot - {}
RESULT: {"using":"xpath","value":"//div[contains(@id, \"smartFilterBar-btnBasicSearch-reset\")]"}
COMMAND: POST /session/2ce3b2f0aefb554551e0a4f31cbc268a/element/f.3B2BE3E2E19A2DB5732A49E5823ECB49.d.F00FDD078569149A319E3899514EDC40.e.883/click - {}
RESULT: {}
RESULT: {}
COMMAND: GET /session/2ce3b2f0aefb554551e0a4f31cbc268a/screenshot - {}
RESULT: {}
COMMAND: POST /session/2ce3b2f0aefb554551e0a4f31cbc268a/element/f.3B2BE3E2E19A2DB5732A49E5823ECB49.d.F00FDD078569149A319E3899514EDC40.e.308/click - {}
RESULT: {}
COMMAND: GET /session/2ce3b2f0aefb554551e0a4f31cbc268a/screenshot - {}
RESULT: {}
RESULT: undefined
COMMAND: POST /session/2ce3b2f0aefb554551e0a4f31cbc268a/execute/async - {"script":"<script> [776 bytes]","args":[{"enterText":"600002","selector":{"id":"application-ruinventorylist-display-component---Master--smartFilterBar-btnBasicSearch","interaction":{"idSuffix":"I"}},"clearTextFirst":true,"interactionType":"ENTER_TEXT"}]}
RESULT: {"script":"<script> [776 bytes]","args":[{"enterText":"600002","selector":{"id":"application-ruinventorylist-display-component---Master--smartFilterBar-btnBasicSearch","interaction":{"idSuffix":"I"}},"clearTextFirst":true,"interactionType":"ENTER_TEXT"}]}
COMMAND: POST /session/2ce3b2f0aefb554551e0a4f31cbc268a/actions - {"actions":[{"id":"action7","type":"key","parameters":{},"actions":[{"type":"keyDown","value":"î€‡"},{"type":"pause","duration":10},{"type":"keyUp","value":"î€‡"}]}]}
RESULT: {"actions":[{"id":"action7","type":"key","parameters":{},"actions":[{"type":"keyDown","value":"î€‡"},{"type":"pause","duration":10},{"type":"keyUp","value":"î€‡"}]}]}
COMMAND: GET /session/2ce3b2f0aefb554551e0a4f31cbc268a/screenshot - {}
RESULT: {}
COMMAND: POST /session/2ce3b2f0aefb554551e0a4f31cbc268a/element - {"using":"xpath","value":"//span[@id=\"application-ruinventorylist-display-component---Master--smartTableRuInventoryList-header-inner\"]"}
RESULT: {"using":"xpath","value":"//span[@id=\"application-ruinventorylist-display-component---Master--smartTableRuInventoryList-header-inner\"]"}
COMMAND: POST /session/2ce3b2f0aefb554551e0a4f31cbc268a/elements - {"using":"xpath","value":"//span[@id=\"application-ruinventorylist-display-component---Master--smartTableRuInventoryList-header-inner\"]"}
RESULT: {"using":"xpath","value":"//span[@id=\"application-ruinventorylist-display-component---Master--smartTableRuInventoryList-header-inner\"]"}
COMMAND: POST /session/2ce3b2f0aefb554551e0a4f31cbc268a/execute/sync - {"script":"<script> [56 bytes]","args":[{"element-6066-11e4-a52e-4f735466cecf":"f.3B2BE3E2E19A2DB5732A49E5823ECB49.d.F00FDD078569149A319E3899514EDC40.e.866","ELEMENT":"f.3B2BE3E2E19A2DB5732A49E5823ECB49.d.F00FDD078569149A319E3899514EDC40.e.866"}]}
RESULT: {"script":"<script> [56 bytes]","args":[{"element-6066-11e4-a52e-4f735466cecf":"f.3B2BE3E2E19A2DB5732A49E5823ECB49.d.F00FDD078569149A319E3899514EDC40.e.866","ELEMENT":"f.3B2BE3E2E19A2DB5732A49E5823ECB49.d.F00FDD078569149A319E3899514EDC40.e.866"}]}
COMMAND: POST /session/2ce3b2f0aefb554551e0a4f31cbc268a/element - {"using":"xpath","value":"//table[contains(@id, \"application-ruinventorylist-display-component---Master--tableRuInventoryList-listUl\")]/tbody/tr[1]/td[2]/div/div"}
COMMAND: GET /session/2ce3b2f0aefb554551e0a4f31cbc268a/screenshot - {}
RESULT: {"using":"xpath","value":"//table[contains(@id, \"application-ruinventorylist-display-component---Master--tableRuInventoryList-listUl\")]/tbody/tr[1]/td[2]/div/div"}
COMMAND: POST /session/2ce3b2f0aefb554551e0a4f31cbc268a/element/f.3B2BE3E2E19A2DB5732A49E5823ECB49.d.F00FDD078569149A319E3899514EDC40.e.1569/click - {}
RESULT: {}
RESULT: {}
COMMAND: GET /session/2ce3b2f0aefb554551e0a4f31cbc268a/screenshot - {}
RESULT: {}
COMMAND: POST /session/2ce3b2f0aefb554551e0a4f31cbc268a/element - {"using":"xpath","value":"//div[contains(@id, \"smartFilterBar-btnBasicSearch-reset\")]"}
RESULT: {"using":"xpath","value":"//div[contains(@id, \"smartFilterBar-btnBasicSearch-reset\")]"}
COMMAND: POST /session/2ce3b2f0aefb554551e0a4f31cbc268a/element/f.3B2BE3E2E19A2DB5732A49E5823ECB49.d.F00FDD078569149A319E3899514EDC40.e.883/click - {}
RESULT: {}
COMMAND: GET /session/2ce3b2f0aefb554551e0a4f31cbc268a/screenshot - {}
RESULT: {}
RESULT: undefined
COMMAND: POST /session/2ce3b2f0aefb554551e0a4f31cbc268a/execute/async - {"script":"<script> [776 bytes]","args":[{"enterText":"401002","selector":{"id":"application-ruinventorylist-display-component---Master--smartFilterBar-btnBasicSearch","interaction":{"idSuffix":"I"}},"clearTextFirst":true,"interactionType":"ENTER_TEXT"}]}
RESULT: {"script":"<script> [776 bytes]","args":[{"enterText":"401002","selector":{"id":"application-ruinventorylist-display-component---Master--smartFilterBar-btnBasicSearch","interaction":{"idSuffix":"I"}},"clearTextFirst":true,"interactionType":"ENTER_TEXT"}]}
COMMAND: POST /session/2ce3b2f0aefb554551e0a4f31cbc268a/actions - {"actions":[{"id":"action8","type":"key","parameters":{},"actions":[{"type":"keyDown","value":"î€‡"},{"type":"pause","duration":10},{"type":"keyUp","value":"î€‡"}]}]}
RESULT: {"actions":[{"id":"action8","type":"key","parameters":{},"actions":[{"type":"keyDown","value":"î€‡"},{"type":"pause","duration":10},{"type":"keyUp","value":"î€‡"}]}]}
COMMAND: GET /session/2ce3b2f0aefb554551e0a4f31cbc268a/screenshot - {}
RESULT: {}
COMMAND: POST /session/2ce3b2f0aefb554551e0a4f31cbc268a/element - {"using":"xpath","value":"//span[@id=\"application-ruinventorylist-display-component---Master--smartTableRuInventoryList-header-inner\"]"}
RESULT: {"using":"xpath","value":"//span[@id=\"application-ruinventorylist-display-component---Master--smartTableRuInventoryList-header-inner\"]"}
COMMAND: POST /session/2ce3b2f0aefb554551e0a4f31cbc268a/elements - {"using":"xpath","value":"//span[@id=\"application-ruinventorylist-display-component---Master--smartTableRuInventoryList-header-inner\"]"}
RESULT: {"using":"xpath","value":"//span[@id=\"application-ruinventorylist-display-component---Master--smartTableRuInventoryList-header-inner\"]"}
COMMAND: POST /session/2ce3b2f0aefb554551e0a4f31cbc268a/execute/sync - {"script":"<script> [56 bytes]","args":[{"element-6066-11e4-a52e-4f735466cecf":"f.3B2BE3E2E19A2DB5732A49E5823ECB49.d.F00FDD078569149A319E3899514EDC40.e.866","ELEMENT":"f.3B2BE3E2E19A2DB5732A49E5823ECB49.d.F00FDD078569149A319E3899514EDC40.e.866"}]}
RESULT: {"script":"<script> [56 bytes]","args":[{"element-6066-11e4-a52e-4f735466cecf":"f.3B2BE3E2E19A2DB5732A49E5823ECB49.d.F00FDD078569149A319E3899514EDC40.e.866","ELEMENT":"f.3B2BE3E2E19A2DB5732A49E5823ECB49.d.F00FDD078569149A319E3899514EDC40.e.866"}]}
COMMAND: POST /session/2ce3b2f0aefb554551e0a4f31cbc268a/element - {"using":"xpath","value":"//table[contains(@id, \"application-ruinventorylist-display-component---Master--tableRuInventoryList-listUl\")]/tbody/tr[1]/td[2]/div/div"}
COMMAND: GET /session/2ce3b2f0aefb554551e0a4f31cbc268a/screenshot - {}
RESULT: {"using":"xpath","value":"//table[contains(@id, \"application-ruinventorylist-display-component---Master--tableRuInventoryList-listUl\")]/tbody/tr[1]/td[2]/div/div"}
COMMAND: POST /session/2ce3b2f0aefb554551e0a4f31cbc268a/element/f.3B2BE3E2E19A2DB5732A49E5823ECB49.d.F00FDD078569149A319E3899514EDC40.e.1721/click - {}
RESULT: {}
RESULT: {}
COMMAND: GET /session/2ce3b2f0aefb554551e0a4f31cbc268a/screenshot - {}
RESULT: {}
COMMAND: POST /session/2ce3b2f0aefb554551e0a4f31cbc268a/element - {"using":"xpath","value":"//div[contains(@id, \"smartFilterBar-btnBasicSearch-reset\")]"}
RESULT: {"using":"xpath","value":"//div[contains(@id, \"smartFilterBar-btnBasicSearch-reset\")]"}
COMMAND: POST /session/2ce3b2f0aefb554551e0a4f31cbc268a/element/f.3B2BE3E2E19A2DB5732A49E5823ECB49.d.F00FDD078569149A319E3899514EDC40.e.883/click - {}
RESULT: {}
COMMAND: GET /session/2ce3b2f0aefb554551e0a4f31cbc268a/screenshot - {}
RESULT: {}
COMMAND: POST /session/2ce3b2f0aefb554551e0a4f31cbc268a/element/f.3B2BE3E2E19A2DB5732A49E5823ECB49.d.F00FDD078569149A319E3899514EDC40.e.308/click - {}
RESULT: {}
COMMAND: GET /session/2ce3b2f0aefb554551e0a4f31cbc268a/screenshot - {}
RESULT: {}
RESULT: undefined
COMMAND: POST /session/2ce3b2f0aefb554551e0a4f31cbc268a/element - {"using":"xpath","value":"//*[@id=\"application-ruinventorylist-display-component---Master--ruStateTypes-arrow\"]"}
RESULT: {"using":"xpath","value":"//*[@id=\"application-ruinventorylist-display-component---Master--ruStateTypes-arrow\"]"}
COMMAND: POST /session/2ce3b2f0aefb554551e0a4f31cbc268a/element/f.3B2BE3E2E19A2DB5732A49E5823ECB49.d.F00FDD078569149A319E3899514EDC40.e.1884/click - {}
RESULT: {}
COMMAND: GET /session/2ce3b2f0aefb554551e0a4f31cbc268a/screenshot - {}
RESULT: {}
COMMAND: POST /session/2ce3b2f0aefb554551e0a4f31cbc268a/element - {"using":"xpath","value":"//li[.//span[text()=\"available\"]]"}
RESULT: {"using":"xpath","value":"//li[.//span[text()=\"available\"]]"}
COMMAND: POST /session/2ce3b2f0aefb554551e0a4f31cbc268a/element/f.3B2BE3E2E19A2DB5732A49E5823ECB49.d.F00FDD078569149A319E3899514EDC40.e.1885/click - {}
RESULT: {}
COMMAND: GET /session/2ce3b2f0aefb554551e0a4f31cbc268a/screenshot - {}
RESULT: {}
COMMAND: POST /session/2ce3b2f0aefb554551e0a4f31cbc268a/element - {"using":"xpath","value":"(//bdi[contains(text(), \"OK\")])[1]"}
RESULT: {"using":"xpath","value":"(//bdi[contains(text(), \"OK\")])[1]"}
COMMAND: POST /session/2ce3b2f0aefb554551e0a4f31cbc268a/element/f.3B2BE3E2E19A2DB5732A49E5823ECB49.d.F00FDD078569149A319E3899514EDC40.e.1886/click - {}
RESULT: {}
COMMAND: GET /session/2ce3b2f0aefb554551e0a4f31cbc268a/screenshot - {}
RESULT: {}
COMMAND: POST /session/2ce3b2f0aefb554551e0a4f31cbc268a/element - {"using":"xpath","value":"(//bdi[contains(text(), \"OK\")])[2]"}
RESULT: {"using":"xpath","value":"(//bdi[contains(text(), \"OK\")])[2]"}
COMMAND: POST /session/2ce3b2f0aefb554551e0a4f31cbc268a/element/f.3B2BE3E2E19A2DB5732A49E5823ECB49.d.F00FDD078569149A319E3899514EDC40.e.1890/click - {}
RESULT: {}
COMMAND: GET /session/2ce3b2f0aefb554551e0a4f31cbc268a/screenshot - {}
RESULT: {}
RESULT: undefined
COMMAND: POST /session/2ce3b2f0aefb554551e0a4f31cbc268a/execute/async - {"script":"<script> [776 bytes]","args":[{"enterText":"600002","selector":{"id":"application-ruinventorylist-display-component---Master--smartFilterBar-btnBasicSearch","interaction":{"idSuffix":"I"}},"clearTextFirst":true,"interactionType":"ENTER_TEXT"}]}
RESULT: {"script":"<script> [776 bytes]","args":[{"enterText":"600002","selector":{"id":"application-ruinventorylist-display-component---Master--smartFilterBar-btnBasicSearch","interaction":{"idSuffix":"I"}},"clearTextFirst":true,"interactionType":"ENTER_TEXT"}]}
COMMAND: POST /session/2ce3b2f0aefb554551e0a4f31cbc268a/actions - {"actions":[{"id":"action9","type":"key","parameters":{},"actions":[{"type":"keyDown","value":"î€‡"},{"type":"pause","duration":10},{"type":"keyUp","value":"î€‡"}]}]}
RESULT: {"actions":[{"id":"action9","type":"key","parameters":{},"actions":[{"type":"keyDown","value":"î€‡"},{"type":"pause","duration":10},{"type":"keyUp","value":"î€‡"}]}]}
COMMAND: GET /session/2ce3b2f0aefb554551e0a4f31cbc268a/screenshot - {}
RESULT: {}
COMMAND: POST /session/2ce3b2f0aefb554551e0a4f31cbc268a/element - {"using":"xpath","value":"//span[@id=\"application-ruinventorylist-display-component---Master--smartTableRuInventoryList-header-inner\"]"}
RESULT: {"using":"xpath","value":"//span[@id=\"application-ruinventorylist-display-component---Master--smartTableRuInventoryList-header-inner\"]"}
COMMAND: POST /session/2ce3b2f0aefb554551e0a4f31cbc268a/elements - {"using":"xpath","value":"//span[@id=\"application-ruinventorylist-display-component---Master--smartTableRuInventoryList-header-inner\"]"}
RESULT: {"using":"xpath","value":"//span[@id=\"application-ruinventorylist-display-component---Master--smartTableRuInventoryList-header-inner\"]"}
COMMAND: POST /session/2ce3b2f0aefb554551e0a4f31cbc268a/execute/sync - {"script":"<script> [56 bytes]","args":[{"element-6066-11e4-a52e-4f735466cecf":"f.3B2BE3E2E19A2DB5732A49E5823ECB49.d.F00FDD078569149A319E3899514EDC40.e.866","ELEMENT":"f.3B2BE3E2E19A2DB5732A49E5823ECB49.d.F00FDD078569149A319E3899514EDC40.e.866"}]}
RESULT: {"script":"<script> [56 bytes]","args":[{"element-6066-11e4-a52e-4f735466cecf":"f.3B2BE3E2E19A2DB5732A49E5823ECB49.d.F00FDD078569149A319E3899514EDC40.e.866","ELEMENT":"f.3B2BE3E2E19A2DB5732A49E5823ECB49.d.F00FDD078569149A319E3899514EDC40.e.866"}]}
COMMAND: POST /session/2ce3b2f0aefb554551e0a4f31cbc268a/element - {"using":"xpath","value":"//table[contains(@id, \"application-ruinventorylist-display-component---Master--tableRuInventoryList-listUl\")]/tbody/tr[1]/td[6]/div/span"}
COMMAND: GET /session/2ce3b2f0aefb554551e0a4f31cbc268a/screenshot - {}
RESULT: {"using":"xpath","value":"//table[contains(@id, \"application-ruinventorylist-display-component---Master--tableRuInventoryList-listUl\")]/tbody/tr[1]/td[6]/div/span"}
COMMAND: POST /session/2ce3b2f0aefb554551e0a4f31cbc268a/execute/sync - {"script":"<script> [56 bytes]","args":[{"element-6066-11e4-a52e-4f735466cecf":"f.3B2BE3E2E19A2DB5732A49E5823ECB49.d.F00FDD078569149A319E3899514EDC40.e.1911","ELEMENT":"f.3B2BE3E2E19A2DB5732A49E5823ECB49.d.F00FDD078569149A319E3899514EDC40.e.1911"}]}
RESULT: {}
RESULT: {"script":"<script> [56 bytes]","args":[{"element-6066-11e4-a52e-4f735466cecf":"f.3B2BE3E2E19A2DB5732A49E5823ECB49.d.F00FDD078569149A319E3899514EDC40.e.1911","ELEMENT":"f.3B2BE3E2E19A2DB5732A49E5823ECB49.d.F00FDD078569149A319E3899514EDC40.e.1911"}]}
COMMAND: POST /session/2ce3b2f0aefb554551e0a4f31cbc268a/element - {"using":"xpath","value":"//div[contains(@id, \"smartFilterBar-btnBasicSearch-reset\")]"}
COMMAND: GET /session/2ce3b2f0aefb554551e0a4f31cbc268a/screenshot - {}
RESULT: {"using":"xpath","value":"//div[contains(@id, \"smartFilterBar-btnBasicSearch-reset\")]"}
COMMAND: POST /session/2ce3b2f0aefb554551e0a4f31cbc268a/element/f.3B2BE3E2E19A2DB5732A49E5823ECB49.d.F00FDD078569149A319E3899514EDC40.e.883/click - {}
RESULT: {}
RESULT: {}
COMMAND: GET /session/2ce3b2f0aefb554551e0a4f31cbc268a/screenshot - {}
RESULT: {}
RESULT: undefined
COMMAND: POST /session/2ce3b2f0aefb554551e0a4f31cbc268a/execute/async - {"script":"<script> [776 bytes]","args":[{"enterText":"401002","selector":{"id":"application-ruinventorylist-display-component---Master--smartFilterBar-btnBasicSearch","interaction":{"idSuffix":"I"}},"clearTextFirst":true,"interactionType":"ENTER_TEXT"}]}
RESULT: {"script":"<script> [776 bytes]","args":[{"enterText":"401002","selector":{"id":"application-ruinventorylist-display-component---Master--smartFilterBar-btnBasicSearch","interaction":{"idSuffix":"I"}},"clearTextFirst":true,"interactionType":"ENTER_TEXT"}]}
COMMAND: POST /session/2ce3b2f0aefb554551e0a4f31cbc268a/actions - {"actions":[{"id":"action10","type":"key","parameters":{},"actions":[{"type":"keyDown","value":"î€‡"},{"type":"pause","duration":10},{"type":"keyUp","value":"î€‡"}]}]}
RESULT: {"actions":[{"id":"action10","type":"key","parameters":{},"actions":[{"type":"keyDown","value":"î€‡"},{"type":"pause","duration":10},{"type":"keyUp","value":"î€‡"}]}]}
COMMAND: GET /session/2ce3b2f0aefb554551e0a4f31cbc268a/screenshot - {}
RESULT: {}
COMMAND: POST /session/2ce3b2f0aefb554551e0a4f31cbc268a/element - {"using":"xpath","value":"//span[@id=\"application-ruinventorylist-display-component---Master--smartTableRuInventoryList-header-inner\"]"}
RESULT: {"using":"xpath","value":"//span[@id=\"application-ruinventorylist-display-component---Master--smartTableRuInventoryList-header-inner\"]"}
COMMAND: POST /session/2ce3b2f0aefb554551e0a4f31cbc268a/elements - {"using":"xpath","value":"//span[@id=\"application-ruinventorylist-display-component---Master--smartTableRuInventoryList-header-inner\"]"}
RESULT: {"using":"xpath","value":"//span[@id=\"application-ruinventorylist-display-component---Master--smartTableRuInventoryList-header-inner\"]"}
COMMAND: POST /session/2ce3b2f0aefb554551e0a4f31cbc268a/execute/sync - {"script":"<script> [56 bytes]","args":[{"element-6066-11e4-a52e-4f735466cecf":"f.3B2BE3E2E19A2DB5732A49E5823ECB49.d.F00FDD078569149A319E3899514EDC40.e.866","ELEMENT":"f.3B2BE3E2E19A2DB5732A49E5823ECB49.d.F00FDD078569149A319E3899514EDC40.e.866"}]}
RESULT: {"script":"<script> [56 bytes]","args":[{"element-6066-11e4-a52e-4f735466cecf":"f.3B2BE3E2E19A2DB5732A49E5823ECB49.d.F00FDD078569149A319E3899514EDC40.e.866","ELEMENT":"f.3B2BE3E2E19A2DB5732A49E5823ECB49.d.F00FDD078569149A319E3899514EDC40.e.866"}]}
COMMAND: POST /session/2ce3b2f0aefb554551e0a4f31cbc268a/element - {"using":"xpath","value":"//table[contains(@id, \"application-ruinventorylist-display-component---Master--tableRuInventoryList-listUl\")]/tbody/tr[1]/td[6]/div/span"}
COMMAND: GET /session/2ce3b2f0aefb554551e0a4f31cbc268a/screenshot - {}
RESULT: {"using":"xpath","value":"//table[contains(@id, \"application-ruinventorylist-display-component---Master--tableRuInventoryList-listUl\")]/tbody/tr[1]/td[6]/div/span"}
COMMAND: POST /session/2ce3b2f0aefb554551e0a4f31cbc268a/execute/sync - {"script":"<script> [56 bytes]","args":[{"element-6066-11e4-a52e-4f735466cecf":"f.3B2BE3E2E19A2DB5732A49E5823ECB49.d.F00FDD078569149A319E3899514EDC40.e.1995","ELEMENT":"f.3B2BE3E2E19A2DB5732A49E5823ECB49.d.F00FDD078569149A319E3899514EDC40.e.1995"}]}
RESULT: {}
RESULT: {"script":"<script> [56 bytes]","args":[{"element-6066-11e4-a52e-4f735466cecf":"f.3B2BE3E2E19A2DB5732A49E5823ECB49.d.F00FDD078569149A319E3899514EDC40.e.1995","ELEMENT":"f.3B2BE3E2E19A2DB5732A49E5823ECB49.d.F00FDD078569149A319E3899514EDC40.e.1995"}]}
COMMAND: POST /session/2ce3b2f0aefb554551e0a4f31cbc268a/element - {"using":"xpath","value":"//div[contains(@id, \"smartFilterBar-btnBasicSearch-reset\")]"}
COMMAND: GET /session/2ce3b2f0aefb554551e0a4f31cbc268a/screenshot - {}
RESULT: {"using":"xpath","value":"//div[contains(@id, \"smartFilterBar-btnBasicSearch-reset\")]"}
COMMAND: POST /session/2ce3b2f0aefb554551e0a4f31cbc268a/element/f.3B2BE3E2E19A2DB5732A49E5823ECB49.d.F00FDD078569149A319E3899514EDC40.e.883/click - {}
RESULT: {}
RESULT: {}
COMMAND: GET /session/2ce3b2f0aefb554551e0a4f31cbc268a/screenshot - {}
RESULT: {}
COMMAND: POST /session/2ce3b2f0aefb554551e0a4f31cbc268a/element - {"using":"css selector","value":"#shell-header-logo"}
RESULT: {"using":"css selector","value":"#shell-header-logo"}
COMMAND: POST /session/2ce3b2f0aefb554551e0a4f31cbc268a/element/f.3B2BE3E2E19A2DB5732A49E5823ECB49.d.F00FDD078569149A319E3899514EDC40.e.276/click - {}
RESULT: {}
COMMAND: GET /session/2ce3b2f0aefb554551e0a4f31cbc268a/screenshot - {}
RESULT: {}
]]></system-out>
    </testcase>
    <testcase classname="chrome.136_0_7103_93.windows.RU_Inventory_Mass_State_Change_Multiple_Items_US151066" name="Prerequisite Step 2 Should create a new equipment" time="165.62">
      <system-out><![CDATA[
COMMAND: POST /session/2ce3b2f0aefb554551e0a4f31cbc268a/execute/async - {"script":"<script> [1562 bytes]","args":[{"selector":{"controlType":"sap.m.GenericTile","properties":{"header":"Manage Resources"}},"wdio_ui5_key":"sapm.GenericTile{\"header\":\"Manage Resources\"}"}]}
RESULT: {"script":"<script> [1562 bytes]","args":[{"selector":{"controlType":"sap.m.GenericTile","properties":{"header":"Manage Resources"}},"wdio_ui5_key":"sapm.GenericTile{\"header\":\"Manage Resources\"}"}]}
RESULT: undefined
COMMAND: POST /session/2ce3b2f0aefb554551e0a4f31cbc268a/element - {"using":"xpath","value":"//*[@id=\"__tile39\"]"}
RESULT: {"using":"xpath","value":"//*[@id=\"__tile39\"]"}
COMMAND: POST /session/2ce3b2f0aefb554551e0a4f31cbc268a/element/f.3B2BE3E2E19A2DB5732A49E5823ECB49.d.F00FDD078569149A319E3899514EDC40.e.163/click - {}
RESULT: {}
COMMAND: GET /session/2ce3b2f0aefb554551e0a4f31cbc268a/screenshot - {}
RESULT: {}
COMMAND: POST /session/2ce3b2f0aefb554551e0a4f31cbc268a/elements - {"using":"xpath","value":"//span[text()='Error']"}
RESULT: {"using":"xpath","value":"//span[text()='Error']"}
COMMAND: POST /session/2ce3b2f0aefb554551e0a4f31cbc268a/element - {"using":"xpath","value":"//button[@data-kt=\"addNewRUOverflowToolbarButton\"]"}
RESULT: {"using":"xpath","value":"//button[@data-kt=\"addNewRUOverflowToolbarButton\"]"}
COMMAND: POST /session/2ce3b2f0aefb554551e0a4f31cbc268a/elements - {"using":"xpath","value":"//button[@data-kt=\"addNewRUOverflowToolbarButton\"]"}
RESULT: {"using":"xpath","value":"//button[@data-kt=\"addNewRUOverflowToolbarButton\"]"}
COMMAND: POST /session/2ce3b2f0aefb554551e0a4f31cbc268a/elements - {"using":"xpath","value":"//button[@data-kt=\"addNewRUOverflowToolbarButton\"]"}
RESULT: {"using":"xpath","value":"//button[@data-kt=\"addNewRUOverflowToolbarButton\"]"}
COMMAND: POST /session/2ce3b2f0aefb554551e0a4f31cbc268a/elements - {"using":"xpath","value":"//button[@data-kt=\"addNewRUOverflowToolbarButton\"]"}
RESULT: {"using":"xpath","value":"//button[@data-kt=\"addNewRUOverflowToolbarButton\"]"}
COMMAND: POST /session/2ce3b2f0aefb554551e0a4f31cbc268a/elements - {"using":"xpath","value":"//button[@data-kt=\"addNewRUOverflowToolbarButton\"]"}
RESULT: {"using":"xpath","value":"//button[@data-kt=\"addNewRUOverflowToolbarButton\"]"}
COMMAND: POST /session/2ce3b2f0aefb554551e0a4f31cbc268a/elements - {"using":"xpath","value":"//button[@data-kt=\"addNewRUOverflowToolbarButton\"]"}
RESULT: {"using":"xpath","value":"//button[@data-kt=\"addNewRUOverflowToolbarButton\"]"}
COMMAND: POST /session/2ce3b2f0aefb554551e0a4f31cbc268a/elements - {"using":"xpath","value":"//button[@data-kt=\"addNewRUOverflowToolbarButton\"]"}
RESULT: {"using":"xpath","value":"//button[@data-kt=\"addNewRUOverflowToolbarButton\"]"}
COMMAND: POST /session/2ce3b2f0aefb554551e0a4f31cbc268a/elements - {"using":"xpath","value":"//button[@data-kt=\"addNewRUOverflowToolbarButton\"]"}
RESULT: {"using":"xpath","value":"//button[@data-kt=\"addNewRUOverflowToolbarButton\"]"}
COMMAND: POST /session/2ce3b2f0aefb554551e0a4f31cbc268a/elements - {"using":"xpath","value":"//button[@data-kt=\"addNewRUOverflowToolbarButton\"]"}
RESULT: {"using":"xpath","value":"//button[@data-kt=\"addNewRUOverflowToolbarButton\"]"}
COMMAND: POST /session/2ce3b2f0aefb554551e0a4f31cbc268a/elements - {"using":"xpath","value":"//button[@data-kt=\"addNewRUOverflowToolbarButton\"]"}
RESULT: {"using":"xpath","value":"//button[@data-kt=\"addNewRUOverflowToolbarButton\"]"}
COMMAND: POST /session/2ce3b2f0aefb554551e0a4f31cbc268a/elements - {"using":"xpath","value":"//button[@data-kt=\"addNewRUOverflowToolbarButton\"]"}
RESULT: {"using":"xpath","value":"//button[@data-kt=\"addNewRUOverflowToolbarButton\"]"}
COMMAND: POST /session/2ce3b2f0aefb554551e0a4f31cbc268a/elements - {"using":"xpath","value":"//button[@data-kt=\"addNewRUOverflowToolbarButton\"]"}
RESULT: {"using":"xpath","value":"//button[@data-kt=\"addNewRUOverflowToolbarButton\"]"}
COMMAND: POST /session/2ce3b2f0aefb554551e0a4f31cbc268a/elements - {"using":"xpath","value":"//button[@data-kt=\"addNewRUOverflowToolbarButton\"]"}
RESULT: {"using":"xpath","value":"//button[@data-kt=\"addNewRUOverflowToolbarButton\"]"}
COMMAND: POST /session/2ce3b2f0aefb554551e0a4f31cbc268a/elements - {"using":"xpath","value":"//button[@data-kt=\"addNewRUOverflowToolbarButton\"]"}
RESULT: {"using":"xpath","value":"//button[@data-kt=\"addNewRUOverflowToolbarButton\"]"}
COMMAND: POST /session/2ce3b2f0aefb554551e0a4f31cbc268a/elements - {"using":"xpath","value":"//button[@data-kt=\"addNewRUOverflowToolbarButton\"]"}
RESULT: {"using":"xpath","value":"//button[@data-kt=\"addNewRUOverflowToolbarButton\"]"}
COMMAND: POST /session/2ce3b2f0aefb554551e0a4f31cbc268a/elements - {"using":"xpath","value":"//button[@data-kt=\"addNewRUOverflowToolbarButton\"]"}
RESULT: {"using":"xpath","value":"//button[@data-kt=\"addNewRUOverflowToolbarButton\"]"}
COMMAND: POST /session/2ce3b2f0aefb554551e0a4f31cbc268a/elements - {"using":"xpath","value":"//button[@data-kt=\"addNewRUOverflowToolbarButton\"]"}
RESULT: {"using":"xpath","value":"//button[@data-kt=\"addNewRUOverflowToolbarButton\"]"}
COMMAND: POST /session/2ce3b2f0aefb554551e0a4f31cbc268a/elements - {"using":"xpath","value":"//button[@data-kt=\"addNewRUOverflowToolbarButton\"]"}
RESULT: {"using":"xpath","value":"//button[@data-kt=\"addNewRUOverflowToolbarButton\"]"}
COMMAND: POST /session/2ce3b2f0aefb554551e0a4f31cbc268a/elements - {"using":"xpath","value":"//button[@data-kt=\"addNewRUOverflowToolbarButton\"]"}
RESULT: {"using":"xpath","value":"//button[@data-kt=\"addNewRUOverflowToolbarButton\"]"}
COMMAND: POST /session/2ce3b2f0aefb554551e0a4f31cbc268a/elements - {"using":"xpath","value":"//button[@data-kt=\"addNewRUOverflowToolbarButton\"]"}
RESULT: {"using":"xpath","value":"//button[@data-kt=\"addNewRUOverflowToolbarButton\"]"}
COMMAND: POST /session/2ce3b2f0aefb554551e0a4f31cbc268a/elements - {"using":"xpath","value":"//button[@data-kt=\"addNewRUOverflowToolbarButton\"]"}
RESULT: {"using":"xpath","value":"//button[@data-kt=\"addNewRUOverflowToolbarButton\"]"}
COMMAND: POST /session/2ce3b2f0aefb554551e0a4f31cbc268a/elements - {"using":"xpath","value":"//button[@data-kt=\"addNewRUOverflowToolbarButton\"]"}
RESULT: {"using":"xpath","value":"//button[@data-kt=\"addNewRUOverflowToolbarButton\"]"}
COMMAND: POST /session/2ce3b2f0aefb554551e0a4f31cbc268a/elements - {"using":"xpath","value":"//button[@data-kt=\"addNewRUOverflowToolbarButton\"]"}
RESULT: {"using":"xpath","value":"//button[@data-kt=\"addNewRUOverflowToolbarButton\"]"}
COMMAND: POST /session/2ce3b2f0aefb554551e0a4f31cbc268a/elements - {"using":"xpath","value":"//button[@data-kt=\"addNewRUOverflowToolbarButton\"]"}
RESULT: {"using":"xpath","value":"//button[@data-kt=\"addNewRUOverflowToolbarButton\"]"}
COMMAND: POST /session/2ce3b2f0aefb554551e0a4f31cbc268a/elements - {"using":"xpath","value":"//button[@data-kt=\"addNewRUOverflowToolbarButton\"]"}
RESULT: {"using":"xpath","value":"//button[@data-kt=\"addNewRUOverflowToolbarButton\"]"}
COMMAND: POST /session/2ce3b2f0aefb554551e0a4f31cbc268a/elements - {"using":"xpath","value":"//button[@data-kt=\"addNewRUOverflowToolbarButton\"]"}
RESULT: {"using":"xpath","value":"//button[@data-kt=\"addNewRUOverflowToolbarButton\"]"}
COMMAND: POST /session/2ce3b2f0aefb554551e0a4f31cbc268a/elements - {"using":"xpath","value":"//button[@data-kt=\"addNewRUOverflowToolbarButton\"]"}
RESULT: {"using":"xpath","value":"//button[@data-kt=\"addNewRUOverflowToolbarButton\"]"}
COMMAND: POST /session/2ce3b2f0aefb554551e0a4f31cbc268a/elements - {"using":"xpath","value":"//button[@data-kt=\"addNewRUOverflowToolbarButton\"]"}
RESULT: {"using":"xpath","value":"//button[@data-kt=\"addNewRUOverflowToolbarButton\"]"}
COMMAND: POST /session/2ce3b2f0aefb554551e0a4f31cbc268a/element - {"using":"xpath","value":"//button[@data-kt=\"addNewRUOverflowToolbarButton\"]"}
RESULT: {"using":"xpath","value":"//button[@data-kt=\"addNewRUOverflowToolbarButton\"]"}
COMMAND: POST /session/2ce3b2f0aefb554551e0a4f31cbc268a/execute/sync - {"script":"<script> [8489 bytes]","args":[{"element-6066-11e4-a52e-4f735466cecf":"f.3B2BE3E2E19A2DB5732A49E5823ECB49.d.F00FDD078569149A319E3899514EDC40.e.2099","ELEMENT":"f.3B2BE3E2E19A2DB5732A49E5823ECB49.d.F00FDD078569149A319E3899514EDC40.e.2099"}]}
RESULT: {"script":"<script> [8489 bytes]","args":[{"element-6066-11e4-a52e-4f735466cecf":"f.3B2BE3E2E19A2DB5732A49E5823ECB49.d.F00FDD078569149A319E3899514EDC40.e.2099","ELEMENT":"f.3B2BE3E2E19A2DB5732A49E5823ECB49.d.F00FDD078569149A319E3899514EDC40.e.2099"}]}
COMMAND: GET /session/2ce3b2f0aefb554551e0a4f31cbc268a/element/f.3B2BE3E2E19A2DB5732A49E5823ECB49.d.F00FDD078569149A319E3899514EDC40.e.2099/enabled - {}
COMMAND: GET /session/2ce3b2f0aefb554551e0a4f31cbc268a/screenshot - {}
RESULT: {}
COMMAND: POST /session/2ce3b2f0aefb554551e0a4f31cbc268a/execute/sync - {"script":"<script> [8489 bytes]","args":[{"element-6066-11e4-a52e-4f735466cecf":"f.3B2BE3E2E19A2DB5732A49E5823ECB49.d.F00FDD078569149A319E3899514EDC40.e.2099","ELEMENT":"f.3B2BE3E2E19A2DB5732A49E5823ECB49.d.F00FDD078569149A319E3899514EDC40.e.2099"}]}
COMMAND: GET /session/2ce3b2f0aefb554551e0a4f31cbc268a/screenshot - {}
RESULT: {}
RESULT: {"script":"<script> [8489 bytes]","args":[{"element-6066-11e4-a52e-4f735466cecf":"f.3B2BE3E2E19A2DB5732A49E5823ECB49.d.F00FDD078569149A319E3899514EDC40.e.2099","ELEMENT":"f.3B2BE3E2E19A2DB5732A49E5823ECB49.d.F00FDD078569149A319E3899514EDC40.e.2099"}]}
COMMAND: POST /session/2ce3b2f0aefb554551e0a4f31cbc268a/execute/sync - {"script":"<script> [5351 bytes]","args":[{"element-6066-11e4-a52e-4f735466cecf":"f.3B2BE3E2E19A2DB5732A49E5823ECB49.d.F00FDD078569149A319E3899514EDC40.e.2099","ELEMENT":"f.3B2BE3E2E19A2DB5732A49E5823ECB49.d.F00FDD078569149A319E3899514EDC40.e.2099"}]}
COMMAND: GET /session/2ce3b2f0aefb554551e0a4f31cbc268a/screenshot - {}
RESULT: {}
RESULT: {"script":"<script> [5351 bytes]","args":[{"element-6066-11e4-a52e-4f735466cecf":"f.3B2BE3E2E19A2DB5732A49E5823ECB49.d.F00FDD078569149A319E3899514EDC40.e.2099","ELEMENT":"f.3B2BE3E2E19A2DB5732A49E5823ECB49.d.F00FDD078569149A319E3899514EDC40.e.2099"}]}
COMMAND: POST /session/2ce3b2f0aefb554551e0a4f31cbc268a/element/f.3B2BE3E2E19A2DB5732A49E5823ECB49.d.F00FDD078569149A319E3899514EDC40.e.2099/click - {}
COMMAND: GET /session/2ce3b2f0aefb554551e0a4f31cbc268a/screenshot - {}
RESULT: {}
RESULT: {}
COMMAND: GET /session/2ce3b2f0aefb554551e0a4f31cbc268a/screenshot - {}
RESULT: {}
RESULT: {}
COMMAND: POST /session/2ce3b2f0aefb554551e0a4f31cbc268a/execute/async - {"script":"<script> [1562 bytes]","args":[{"selector":{"id":"application-manageresources-display-component---newResourceUnit--TYPE-arrow"},"wdio_ui5_key":"applicationmanageresources-display-component---newResourceUnit--TYPE-arrow"}]}
RESULT: {"script":"<script> [1562 bytes]","args":[{"selector":{"id":"application-manageresources-display-component---newResourceUnit--TYPE-arrow"},"wdio_ui5_key":"applicationmanageresources-display-component---newResourceUnit--TYPE-arrow"}]}
RESULT: undefined
COMMAND: POST /session/2ce3b2f0aefb554551e0a4f31cbc268a/element - {"using":"xpath","value":"//*[@id=\"application-manageresources-display-component---newResourceUnit--TYPE-arrow\"]"}
RESULT: {"using":"xpath","value":"//*[@id=\"application-manageresources-display-component---newResourceUnit--TYPE-arrow\"]"}
COMMAND: POST /session/2ce3b2f0aefb554551e0a4f31cbc268a/element/f.3B2BE3E2E19A2DB5732A49E5823ECB49.d.F00FDD078569149A319E3899514EDC40.e.2268/click - {}
RESULT: {}
COMMAND: POST /session/2ce3b2f0aefb554551e0a4f31cbc268a/element - {"using":"xpath","value":"//input[@id=\"application-manageresources-display-component---newResourceUnit--TYPE-inner\"]"}
COMMAND: GET /session/2ce3b2f0aefb554551e0a4f31cbc268a/screenshot - {}
RESULT: {"using":"xpath","value":"//input[@id=\"application-manageresources-display-component---newResourceUnit--TYPE-inner\"]"}
COMMAND: POST /session/2ce3b2f0aefb554551e0a4f31cbc268a/element/f.3B2BE3E2E19A2DB5732A49E5823ECB49.d.F00FDD078569149A319E3899514EDC40.e.2151/clear - {}
RESULT: {}
RESULT: {}
COMMAND: POST /session/2ce3b2f0aefb554551e0a4f31cbc268a/element/f.3B2BE3E2E19A2DB5732A49E5823ECB49.d.F00FDD078569149A319E3899514EDC40.e.2151/value - {"text":"Equipment"}
COMMAND: GET /session/2ce3b2f0aefb554551e0a4f31cbc268a/screenshot - {}
RESULT: {"text":"Equipment"}
COMMAND: GET /session/2ce3b2f0aefb554551e0a4f31cbc268a/screenshot - {}
RESULT: {}
RESULT: {}
COMMAND: POST /session/2ce3b2f0aefb554551e0a4f31cbc268a/actions - {"actions":[{"id":"action11","type":"key","parameters":{},"actions":[{"type":"keyDown","value":"î€‡"},{"type":"pause","duration":10},{"type":"keyUp","value":"î€‡"}]}]}
RESULT: {"actions":[{"id":"action11","type":"key","parameters":{},"actions":[{"type":"keyDown","value":"î€‡"},{"type":"pause","duration":10},{"type":"keyUp","value":"î€‡"}]}]}
COMMAND: POST /session/2ce3b2f0aefb554551e0a4f31cbc268a/execute/async - {"script":"<script> [1562 bytes]","args":[{"selector":{"id":"application-manageresources-display-component---newResourceUnit--resourceId","interaction":{"idSuffix":"inner"}},"wdio_ui5_key":"applicationmanageresources-display-component---newResourceUnit--resourceId"}]}
COMMAND: GET /session/2ce3b2f0aefb554551e0a4f31cbc268a/screenshot - {}
RESULT: {"script":"<script> [1562 bytes]","args":[{"selector":{"id":"application-manageresources-display-component---newResourceUnit--resourceId","interaction":{"idSuffix":"inner"}},"wdio_ui5_key":"applicationmanageresources-display-component---newResourceUnit--resourceId"}]}
RESULT: undefined
COMMAND: POST /session/2ce3b2f0aefb554551e0a4f31cbc268a/execute/async - {"script":"<script> [776 bytes]","args":[{"enterText":"4MyUD5yo4Y","selector":{"id":"application-manageresources-display-component---newResourceUnit--resourceId","interaction":{"idSuffix":"inner"}},"clearTextFirst":true,"interactionType":"ENTER_TEXT"}]}
RESULT: {}
RESULT: {"script":"<script> [776 bytes]","args":[{"enterText":"4MyUD5yo4Y","selector":{"id":"application-manageresources-display-component---newResourceUnit--resourceId","interaction":{"idSuffix":"inner"}},"clearTextFirst":true,"interactionType":"ENTER_TEXT"}]}
COMMAND: POST /session/2ce3b2f0aefb554551e0a4f31cbc268a/execute/async - {"script":"<script> [1562 bytes]","args":[{"selector":{"id":"application-manageresources-display-component---newResourceUnit--SHORT_TEXT","interaction":{"idSuffix":"inner"}},"wdio_ui5_key":"applicationmanageresources-display-component---newResourceUnit--SHORT_TEXT"}]}
RESULT: {"script":"<script> [1562 bytes]","args":[{"selector":{"id":"application-manageresources-display-component---newResourceUnit--SHORT_TEXT","interaction":{"idSuffix":"inner"}},"wdio_ui5_key":"applicationmanageresources-display-component---newResourceUnit--SHORT_TEXT"}]}
RESULT: undefined
COMMAND: POST /session/2ce3b2f0aefb554551e0a4f31cbc268a/execute/async - {"script":"<script> [776 bytes]","args":[{"enterText":"Intercompany Equipment WDIO","selector":{"id":"application-manageresources-display-component---newResourceUnit--SHORT_TEXT","interaction":{"idSuffix":"inner"}},"clearTextFirst":true,"interactionType":"ENTER_TEXT"}]}
RESULT: {"script":"<script> [776 bytes]","args":[{"enterText":"Intercompany Equipment WDIO","selector":{"id":"application-manageresources-display-component---newResourceUnit--SHORT_TEXT","interaction":{"idSuffix":"inner"}},"clearTextFirst":true,"interactionType":"ENTER_TEXT"}]}
COMMAND: POST /session/2ce3b2f0aefb554551e0a4f31cbc268a/execute/async - {"script":"<script> [1562 bytes]","args":[{"selector":{"id":"application-manageresources-display-component---newResourceUnit--BASE_UNIT_OF_MEASURE","interaction":{"idSuffix":"inner"}},"wdio_ui5_key":"applicationmanageresources-display-component---newResourceUnit--BASE_UNIT_OF_MEASURE"}]}
RESULT: {"script":"<script> [1562 bytes]","args":[{"selector":{"id":"application-manageresources-display-component---newResourceUnit--BASE_UNIT_OF_MEASURE","interaction":{"idSuffix":"inner"}},"wdio_ui5_key":"applicationmanageresources-display-component---newResourceUnit--BASE_UNIT_OF_MEASURE"}]}
RESULT: undefined
COMMAND: POST /session/2ce3b2f0aefb554551e0a4f31cbc268a/execute/async - {"script":"<script> [776 bytes]","args":[{"enterText":"Piece","selector":{"id":"application-manageresources-display-component---newResourceUnit--BASE_UNIT_OF_MEASURE","interaction":{"idSuffix":"inner"}},"clearTextFirst":true,"interactionType":"ENTER_TEXT"}]}
RESULT: {"script":"<script> [776 bytes]","args":[{"enterText":"Piece","selector":{"id":"application-manageresources-display-component---newResourceUnit--BASE_UNIT_OF_MEASURE","interaction":{"idSuffix":"inner"}},"clearTextFirst":true,"interactionType":"ENTER_TEXT"}]}
COMMAND: POST /session/2ce3b2f0aefb554551e0a4f31cbc268a/execute/async - {"script":"<script> [1562 bytes]","args":[{"selector":{"id":"application-manageresources-display-component---newResourceUnit--WEIGHT_UNIT","interaction":{"idSuffix":"inner"}},"wdio_ui5_key":"applicationmanageresources-display-component---newResourceUnit--WEIGHT_UNIT"}]}
RESULT: {"script":"<script> [1562 bytes]","args":[{"selector":{"id":"application-manageresources-display-component---newResourceUnit--WEIGHT_UNIT","interaction":{"idSuffix":"inner"}},"wdio_ui5_key":"applicationmanageresources-display-component---newResourceUnit--WEIGHT_UNIT"}]}
RESULT: undefined
COMMAND: POST /session/2ce3b2f0aefb554551e0a4f31cbc268a/execute/async - {"script":"<script> [776 bytes]","args":[{"enterText":"Gram","selector":{"id":"application-manageresources-display-component---newResourceUnit--WEIGHT_UNIT","interaction":{"idSuffix":"inner"}},"clearTextFirst":true,"interactionType":"ENTER_TEXT"}]}
RESULT: {"script":"<script> [776 bytes]","args":[{"enterText":"Gram","selector":{"id":"application-manageresources-display-component---newResourceUnit--WEIGHT_UNIT","interaction":{"idSuffix":"inner"}},"clearTextFirst":true,"interactionType":"ENTER_TEXT"}]}
COMMAND: POST /session/2ce3b2f0aefb554551e0a4f31cbc268a/execute/async - {"script":"<script> [1562 bytes]","args":[{"selector":{"id":"application-manageresources-display-component---newResourceUnit--DIMENSION_UNIT","interaction":{"idSuffix":"inner"}},"wdio_ui5_key":"applicationmanageresources-display-component---newResourceUnit--DIMENSION_UNIT"}]}
RESULT: {"script":"<script> [1562 bytes]","args":[{"selector":{"id":"application-manageresources-display-component---newResourceUnit--DIMENSION_UNIT","interaction":{"idSuffix":"inner"}},"wdio_ui5_key":"applicationmanageresources-display-component---newResourceUnit--DIMENSION_UNIT"}]}
RESULT: undefined
COMMAND: POST /session/2ce3b2f0aefb554551e0a4f31cbc268a/execute/async - {"script":"<script> [776 bytes]","args":[{"enterText":"Meter","selector":{"id":"application-manageresources-display-component---newResourceUnit--DIMENSION_UNIT","interaction":{"idSuffix":"inner"}},"clearTextFirst":true,"interactionType":"ENTER_TEXT"}]}
RESULT: {"script":"<script> [776 bytes]","args":[{"enterText":"Meter","selector":{"id":"application-manageresources-display-component---newResourceUnit--DIMENSION_UNIT","interaction":{"idSuffix":"inner"}},"clearTextFirst":true,"interactionType":"ENTER_TEXT"}]}
COMMAND: POST /session/2ce3b2f0aefb554551e0a4f31cbc268a/execute/async - {"script":"<script> [1562 bytes]","args":[{"selector":{"id":"application-manageresources-display-component---newResourceUnit--newRRUPage-anchBar-application-manageresources-display-component---newResourceUnit--control-anchor","interaction":{"idSuffix":"BDI-content"}},"wdio_ui5_key":"applicationmanageresources-display-component---newResourceUnit--newRRUPage-anchBar-application-manageresources-display-component---newResourceUnit--control-anchor"}]}
RESULT: {"script":"<script> [1562 bytes]","args":[{"selector":{"id":"application-manageresources-display-component---newResourceUnit--newRRUPage-anchBar-application-manageresources-display-component---newResourceUnit--control-anchor","interaction":{"idSuffix":"BDI-content"}},"wdio_ui5_key":"applicationmanageresources-display-component---newResourceUnit--newRRUPage-anchBar-application-manageresources-display-component---newResourceUnit--control-anchor"}]}
RESULT: undefined
COMMAND: POST /session/2ce3b2f0aefb554551e0a4f31cbc268a/element - {"using":"xpath","value":"//*[@id=\"application-manageresources-display-component---newResourceUnit--newRRUPage-anchBar-application-manageresources-display-component---newResourceUnit--control-anchor\"]"}
RESULT: {"using":"xpath","value":"//*[@id=\"application-manageresources-display-component---newResourceUnit--newRRUPage-anchBar-application-manageresources-display-component---newResourceUnit--control-anchor\"]"}
COMMAND: POST /session/2ce3b2f0aefb554551e0a4f31cbc268a/element/f.3B2BE3E2E19A2DB5732A49E5823ECB49.d.F00FDD078569149A319E3899514EDC40.e.2400/click - {}
RESULT: {}
COMMAND: POST /session/2ce3b2f0aefb554551e0a4f31cbc268a/execute/async - {"script":"<script> [1562 bytes]","args":[{"selector":{"id":"application-manageresources-display-component---newResourceUnit--PLANNING_GROUP","interaction":{"idSuffix":"inner"}},"wdio_ui5_key":"applicationmanageresources-display-component---newResourceUnit--PLANNING_GROUP"}]}
COMMAND: GET /session/2ce3b2f0aefb554551e0a4f31cbc268a/screenshot - {}
RESULT: {"script":"<script> [1562 bytes]","args":[{"selector":{"id":"application-manageresources-display-component---newResourceUnit--PLANNING_GROUP","interaction":{"idSuffix":"inner"}},"wdio_ui5_key":"applicationmanageresources-display-component---newResourceUnit--PLANNING_GROUP"}]}
RESULT: undefined
COMMAND: POST /session/2ce3b2f0aefb554551e0a4f31cbc268a/execute/async - {"script":"<script> [776 bytes]","args":[{"enterText":"Heavy Equi","selector":{"id":"application-manageresources-display-component---newResourceUnit--PLANNING_GROUP","interaction":{"idSuffix":"inner"}},"clearTextFirst":true,"interactionType":"ENTER_TEXT"}]}
RESULT: {}
RESULT: {"script":"<script> [776 bytes]","args":[{"enterText":"Heavy Equi","selector":{"id":"application-manageresources-display-component---newResourceUnit--PLANNING_GROUP","interaction":{"idSuffix":"inner"}},"clearTextFirst":true,"interactionType":"ENTER_TEXT"}]}
COMMAND: POST /session/2ce3b2f0aefb554551e0a4f31cbc268a/execute/async - {"script":"<script> [1562 bytes]","args":[{"selector":{"id":"application-manageresources-display-component---newResourceUnit--ITEM_TYPE-arrow"},"wdio_ui5_key":"applicationmanageresources-display-component---newResourceUnit--ITEM_TYPE-arrow"}]}
RESULT: {"script":"<script> [1562 bytes]","args":[{"selector":{"id":"application-manageresources-display-component---newResourceUnit--ITEM_TYPE-arrow"},"wdio_ui5_key":"applicationmanageresources-display-component---newResourceUnit--ITEM_TYPE-arrow"}]}
RESULT: undefined
COMMAND: POST /session/2ce3b2f0aefb554551e0a4f31cbc268a/element - {"using":"xpath","value":"//*[@id=\"application-manageresources-display-component---newResourceUnit--ITEM_TYPE-arrow\"]"}
RESULT: {"using":"xpath","value":"//*[@id=\"application-manageresources-display-component---newResourceUnit--ITEM_TYPE-arrow\"]"}
COMMAND: POST /session/2ce3b2f0aefb554551e0a4f31cbc268a/element/f.3B2BE3E2E19A2DB5732A49E5823ECB49.d.F00FDD078569149A319E3899514EDC40.e.2409/click - {}
RESULT: {}
COMMAND: POST /session/2ce3b2f0aefb554551e0a4f31cbc268a/element - {"using":"xpath","value":"(//span[contains(text(), \"Resource Unit\")])[2]"}
COMMAND: GET /session/2ce3b2f0aefb554551e0a4f31cbc268a/screenshot - {}
RESULT: {"using":"xpath","value":"(//span[contains(text(), \"Resource Unit\")])[2]"}
COMMAND: POST /session/2ce3b2f0aefb554551e0a4f31cbc268a/element/f.3B2BE3E2E19A2DB5732A49E5823ECB49.d.F00FDD078569149A319E3899514EDC40.e.2410/click - {}
RESULT: {}
RESULT: {}
COMMAND: GET /session/2ce3b2f0aefb554551e0a4f31cbc268a/screenshot - {}
RESULT: {}
COMMAND: POST /session/2ce3b2f0aefb554551e0a4f31cbc268a/element - {"using":"css selector","value":"#application-manageresources-display-component---newResourceUnit--btnAddTimeSegment"}
RESULT: {"using":"css selector","value":"#application-manageresources-display-component---newResourceUnit--btnAddTimeSegment"}
COMMAND: GET /session/2ce3b2f0aefb554551e0a4f31cbc268a/element/f.3B2BE3E2E19A2DB5732A49E5823ECB49.d.F00FDD078569149A319E3899514EDC40.e.2411/rect - {}
RESULT: {}
COMMAND: GET /session/2ce3b2f0aefb554551e0a4f31cbc268a/window/rect - {}
RESULT: {}
COMMAND: POST /session/2ce3b2f0aefb554551e0a4f31cbc268a/execute/sync - {"script":"<script> [92 bytes]","args":[]}
RESULT: {"script":"<script> [92 bytes]","args":[]}
COMMAND: POST /session/2ce3b2f0aefb554551e0a4f31cbc268a/actions - {"actions":[{"id":"action12","type":"wheel","parameters":{},"actions":[{"type":"scroll","x":-1888,"y":-32,"deltaX":0,"deltaY":0,"duration":0,"origin":{"element-6066-11e4-a52e-4f735466cecf":"f.3B2BE3E2E19A2DB5732A49E5823ECB49.d.F00FDD078569149A319E3899514EDC40.e.2411"}}]}]}
COMMAND: GET /session/2ce3b2f0aefb554551e0a4f31cbc268a/screenshot - {}
RESULT: {}
COMMAND: POST /session/2ce3b2f0aefb554551e0a4f31cbc268a/execute/sync - {"script":"<script> [79 bytes]","args":[{"element-6066-11e4-a52e-4f735466cecf":"f.3B2BE3E2E19A2DB5732A49E5823ECB49.d.F00FDD078569149A319E3899514EDC40.e.2411","ELEMENT":"f.3B2BE3E2E19A2DB5732A49E5823ECB49.d.F00FDD078569149A319E3899514EDC40.e.2411"},{"block":"start","inline":"nearest"}]}
RESULT: {"script":"<script> [79 bytes]","args":[{"element-6066-11e4-a52e-4f735466cecf":"f.3B2BE3E2E19A2DB5732A49E5823ECB49.d.F00FDD078569149A319E3899514EDC40.e.2411","ELEMENT":"f.3B2BE3E2E19A2DB5732A49E5823ECB49.d.F00FDD078569149A319E3899514EDC40.e.2411"},{"block":"start","inline":"nearest"}]}
COMMAND: POST /session/2ce3b2f0aefb554551e0a4f31cbc268a/execute/async - {"script":"<script> [1562 bytes]","args":[{"selector":{"id":"application-manageresources-display-component---newResourceUnit--btnAddTimeSegment","interaction":{"idSuffix":"inner"}},"wdio_ui5_key":"applicationmanageresources-display-component---newResourceUnit--btnAddTimeSegment"}]}
COMMAND: GET /session/2ce3b2f0aefb554551e0a4f31cbc268a/screenshot - {}
RESULT: {"script":"<script> [1562 bytes]","args":[{"selector":{"id":"application-manageresources-display-component---newResourceUnit--btnAddTimeSegment","interaction":{"idSuffix":"inner"}},"wdio_ui5_key":"applicationmanageresources-display-component---newResourceUnit--btnAddTimeSegment"}]}
RESULT: undefined
COMMAND: POST /session/2ce3b2f0aefb554551e0a4f31cbc268a/element - {"using":"xpath","value":"//*[@id=\"application-manageresources-display-component---newResourceUnit--btnAddTimeSegment\"]"}
RESULT: {}
RESULT: {"using":"xpath","value":"//*[@id=\"application-manageresources-display-component---newResourceUnit--btnAddTimeSegment\"]"}
COMMAND: POST /session/2ce3b2f0aefb554551e0a4f31cbc268a/element/f.3B2BE3E2E19A2DB5732A49E5823ECB49.d.F00FDD078569149A319E3899514EDC40.e.2411/click - {}
RESULT: {}
COMMAND: GET /session/2ce3b2f0aefb554551e0a4f31cbc268a/screenshot - {}
RESULT: {}
COMMAND: POST /session/2ce3b2f0aefb554551e0a4f31cbc268a/element - {"using":"xpath","value":"//input[@id=\"application-manageresources-display-component---newResourceUnit--idRuTSAdmin-application-manageresources-display-component---newResourceUnit--RUTimeSegment-0-inner\"]"}
RESULT: {"using":"xpath","value":"//input[@id=\"application-manageresources-display-component---newResourceUnit--idRuTSAdmin-application-manageresources-display-component---newResourceUnit--RUTimeSegment-0-inner\"]"}
COMMAND: POST /session/2ce3b2f0aefb554551e0a4f31cbc268a/element/f.3B2BE3E2E19A2DB5732A49E5823ECB49.d.F00FDD078569149A319E3899514EDC40.e.2417/clear - {}
RESULT: {}
COMMAND: POST /session/2ce3b2f0aefb554551e0a4f31cbc268a/element/f.3B2BE3E2E19A2DB5732A49E5823ECB49.d.F00FDD078569149A319E3899514EDC40.e.2417/value - {"text":"109"}
COMMAND: GET /session/2ce3b2f0aefb554551e0a4f31cbc268a/screenshot - {}
RESULT: {"text":"109"}
COMMAND: GET /session/2ce3b2f0aefb554551e0a4f31cbc268a/screenshot - {}
RESULT: {}
RESULT: {}
COMMAND: POST /session/2ce3b2f0aefb554551e0a4f31cbc268a/element - {"using":"xpath","value":"//li[.//span[text()='109']]"}
RESULT: {"using":"xpath","value":"//li[.//span[text()='109']]"}
COMMAND: POST /session/2ce3b2f0aefb554551e0a4f31cbc268a/element/f.3B2BE3E2E19A2DB5732A49E5823ECB49.d.F00FDD078569149A319E3899514EDC40.e.2432/click - {}
RESULT: {}
COMMAND: GET /session/2ce3b2f0aefb554551e0a4f31cbc268a/screenshot - {}
RESULT: {}
COMMAND: POST /session/2ce3b2f0aefb554551e0a4f31cbc268a/element - {"using":"xpath","value":"(//span[contains(@id, \"-application-manageresources-display-component---newResourceUnit--RUTimeSegment-0-arrow\")])[6]"}
RESULT: {"using":"xpath","value":"(//span[contains(@id, \"-application-manageresources-display-component---newResourceUnit--RUTimeSegment-0-arrow\")])[6]"}
COMMAND: POST /session/2ce3b2f0aefb554551e0a4f31cbc268a/element/f.3B2BE3E2E19A2DB5732A49E5823ECB49.d.F00FDD078569149A319E3899514EDC40.e.2433/click - {}
RESULT: {}
COMMAND: GET /session/2ce3b2f0aefb554551e0a4f31cbc268a/screenshot - {}
RESULT: {}
COMMAND: POST /session/2ce3b2f0aefb554551e0a4f31cbc268a/element - {"using":"xpath","value":"//span[contains(text(), \"PM Order\")]"}
RESULT: {"using":"xpath","value":"//span[contains(text(), \"PM Order\")]"}
COMMAND: POST /session/2ce3b2f0aefb554551e0a4f31cbc268a/element/f.3B2BE3E2E19A2DB5732A49E5823ECB49.d.F00FDD078569149A319E3899514EDC40.e.2436/click - {}
RESULT: {}
COMMAND: GET /session/2ce3b2f0aefb554551e0a4f31cbc268a/screenshot - {}
RESULT: {}
COMMAND: POST /session/2ce3b2f0aefb554551e0a4f31cbc268a/element - {"using":"xpath","value":"(//span[contains(@id ,\"manageresources-display-component---newResourceUnit--RUTimeSegment-0-vhi\")])[1]"}
RESULT: {"using":"xpath","value":"(//span[contains(@id ,\"manageresources-display-component---newResourceUnit--RUTimeSegment-0-vhi\")])[1]"}
COMMAND: GET /session/2ce3b2f0aefb554551e0a4f31cbc268a/element/f.3B2BE3E2E19A2DB5732A49E5823ECB49.d.F00FDD078569149A319E3899514EDC40.e.2440/rect - {}
RESULT: {}
COMMAND: GET /session/2ce3b2f0aefb554551e0a4f31cbc268a/window/rect - {}
RESULT: {}
COMMAND: POST /session/2ce3b2f0aefb554551e0a4f31cbc268a/execute/sync - {"script":"<script> [92 bytes]","args":[]}
RESULT: {"script":"<script> [92 bytes]","args":[]}
COMMAND: POST /session/2ce3b2f0aefb554551e0a4f31cbc268a/actions - {"actions":[{"id":"action13","type":"wheel","parameters":{},"actions":[{"type":"scroll","x":-869,"y":-24,"deltaX":0,"deltaY":0,"duration":0,"origin":{"element-6066-11e4-a52e-4f735466cecf":"f.3B2BE3E2E19A2DB5732A49E5823ECB49.d.F00FDD078569149A319E3899514EDC40.e.2440"}}]}]}
COMMAND: GET /session/2ce3b2f0aefb554551e0a4f31cbc268a/screenshot - {}
RESULT: {"actions":[{"id":"action13","type":"wheel","parameters":{},"actions":[{"type":"scroll","x":-869,"y":-24,"deltaX":0,"deltaY":0,"duration":0,"origin":{"element-6066-11e4-a52e-4f735466cecf":"f.3B2BE3E2E19A2DB5732A49E5823ECB49.d.F00FDD078569149A319E3899514EDC40.e.2440"}}]}]}
COMMAND: DELETE /session/2ce3b2f0aefb554551e0a4f31cbc268a/actions - {}
COMMAND: GET /session/2ce3b2f0aefb554551e0a4f31cbc268a/screenshot - {}
RESULT: {}
RESULT: {}
COMMAND: GET /session/2ce3b2f0aefb554551e0a4f31cbc268a/screenshot - {}
RESULT: {}
RESULT: {}
COMMAND: POST /session/2ce3b2f0aefb554551e0a4f31cbc268a/element/f.3B2BE3E2E19A2DB5732A49E5823ECB49.d.F00FDD078569149A319E3899514EDC40.e.2440/click - {}
RESULT: {}
COMMAND: GET /session/2ce3b2f0aefb554551e0a4f31cbc268a/screenshot - {}
RESULT: {}
COMMAND: POST /session/2ce3b2f0aefb554551e0a4f31cbc268a/execute/async - {"script":"<script> [1562 bytes]","args":[{"selector":{"controlType":"sap.m.SearchField","properties":{"placeholder":"Search"},"searchOpenDialogs":true,"interaction":{"idSuffix":"I"}},"wdio_ui5_key":"sapm.SearchField{\"placeholder\":\"Search\"}"}]}
RESULT: {"script":"<script> [1562 bytes]","args":[{"selector":{"controlType":"sap.m.SearchField","properties":{"placeholder":"Search"},"searchOpenDialogs":true,"interaction":{"idSuffix":"I"}},"wdio_ui5_key":"sapm.SearchField{\"placeholder\":\"Search\"}"}]}
RESULT: undefined
COMMAND: POST /session/2ce3b2f0aefb554551e0a4f31cbc268a/execute/async - {"script":"<script> [776 bytes]","args":[{"enterText":"4000360","selector":{"controlType":"sap.m.SearchField","properties":{"placeholder":"Search"},"searchOpenDialogs":true,"interaction":{"idSuffix":"I"}},"clearTextFirst":true,"interactionType":"ENTER_TEXT"}]}
RESULT: {"script":"<script> [776 bytes]","args":[{"enterText":"4000360","selector":{"controlType":"sap.m.SearchField","properties":{"placeholder":"Search"},"searchOpenDialogs":true,"interaction":{"idSuffix":"I"}},"clearTextFirst":true,"interactionType":"ENTER_TEXT"}]}
COMMAND: POST /session/2ce3b2f0aefb554551e0a4f31cbc268a/actions - {"actions":[{"id":"action14","type":"key","parameters":{},"actions":[{"type":"keyDown","value":"î€‡"},{"type":"pause","duration":10},{"type":"keyUp","value":"î€‡"}]}]}
RESULT: {"actions":[{"id":"action14","type":"key","parameters":{},"actions":[{"type":"keyDown","value":"î€‡"},{"type":"pause","duration":10},{"type":"keyUp","value":"î€‡"}]}]}
COMMAND: GET /session/2ce3b2f0aefb554551e0a4f31cbc268a/screenshot - {}
RESULT: {}
COMMAND: POST /session/2ce3b2f0aefb554551e0a4f31cbc268a/element - {"using":"xpath","value":"//td/div/span[contains(text(), \"BGL Vehicles\")]"}
RESULT: {"using":"xpath","value":"//td/div/span[contains(text(), \"BGL Vehicles\")]"}
COMMAND: POST /session/2ce3b2f0aefb554551e0a4f31cbc268a/element/f.3B2BE3E2E19A2DB5732A49E5823ECB49.d.F00FDD078569149A319E3899514EDC40.e.2460/click - {}
RESULT: {}
COMMAND: GET /session/2ce3b2f0aefb554551e0a4f31cbc268a/screenshot - {}
RESULT: {}
COMMAND: POST /session/2ce3b2f0aefb554551e0a4f31cbc268a/element - {"using":"xpath","value":"//bdi[contains(text(), \"OK\")]"}
RESULT: {"using":"xpath","value":"//bdi[contains(text(), \"OK\")]"}
COMMAND: POST /session/2ce3b2f0aefb554551e0a4f31cbc268a/element/f.3B2BE3E2E19A2DB5732A49E5823ECB49.d.F00FDD078569149A319E3899514EDC40.e.2461/click - {}
RESULT: {}
COMMAND: GET /session/2ce3b2f0aefb554551e0a4f31cbc268a/screenshot - {}
RESULT: {}
COMMAND: POST /session/2ce3b2f0aefb554551e0a4f31cbc268a/execute/async - {"script":"<script> [1562 bytes]","args":[{"selector":{"id":"application-manageresources-display-component---newResourceUnit--newRRUPage-anchBar-application-manageresources-display-component---newResourceUnit--resource-anchor","interaction":{"idSuffix":"BDI-content"}},"wdio_ui5_key":"applicationmanageresources-display-component---newResourceUnit--newRRUPage-anchBar-application-manageresources-display-component---newResourceUnit--resource-anchor"}]}
RESULT: {"script":"<script> [1562 bytes]","args":[{"selector":{"id":"application-manageresources-display-component---newResourceUnit--newRRUPage-anchBar-application-manageresources-display-component---newResourceUnit--resource-anchor","interaction":{"idSuffix":"BDI-content"}},"wdio_ui5_key":"applicationmanageresources-display-component---newResourceUnit--newRRUPage-anchBar-application-manageresources-display-component---newResourceUnit--resource-anchor"}]}
RESULT: undefined
COMMAND: POST /session/2ce3b2f0aefb554551e0a4f31cbc268a/element - {"using":"xpath","value":"//*[@id=\"application-manageresources-display-component---newResourceUnit--newRRUPage-anchBar-application-manageresources-display-component---newResourceUnit--resource-anchor\"]"}
RESULT: {"using":"xpath","value":"//*[@id=\"application-manageresources-display-component---newResourceUnit--newRRUPage-anchBar-application-manageresources-display-component---newResourceUnit--resource-anchor\"]"}
COMMAND: POST /session/2ce3b2f0aefb554551e0a4f31cbc268a/element/f.3B2BE3E2E19A2DB5732A49E5823ECB49.d.F00FDD078569149A319E3899514EDC40.e.2465/click - {}
RESULT: {}
COMMAND: POST /session/2ce3b2f0aefb554551e0a4f31cbc268a/execute/async - {"script":"<script> [1562 bytes]","args":[{"selector":{"id":"application-manageresources-display-component---newResourceUnit--PLANNED_DELIVERY_DATE","interaction":{"idSuffix":"inner"}},"wdio_ui5_key":"applicationmanageresources-display-component---newResourceUnit--PLANNED_DELIVERY_DATE"}]}
COMMAND: GET /session/2ce3b2f0aefb554551e0a4f31cbc268a/screenshot - {}
RESULT: {}
RESULT: {"script":"<script> [1562 bytes]","args":[{"selector":{"id":"application-manageresources-display-component---newResourceUnit--PLANNED_DELIVERY_DATE","interaction":{"idSuffix":"inner"}},"wdio_ui5_key":"applicationmanageresources-display-component---newResourceUnit--PLANNED_DELIVERY_DATE"}]}
RESULT: undefined
COMMAND: POST /session/2ce3b2f0aefb554551e0a4f31cbc268a/execute/async - {"script":"<script> [6424 bytes]","args":[{"element-6066-11e4-a52e-4f735466cecf":"f.3B2BE3E2E19A2DB5732A49E5823ECB49.d.F00FDD078569149A319E3899514EDC40.e.2325"},"setValue",["5/20/25"]]}
RESULT: {"script":"<script> [6424 bytes]","args":[{"element-6066-11e4-a52e-4f735466cecf":"f.3B2BE3E2E19A2DB5732A49E5823ECB49.d.F00FDD078569149A319E3899514EDC40.e.2325"},"setValue",["5/20/25"]]}
COMMAND: POST /session/2ce3b2f0aefb554551e0a4f31cbc268a/element - {"using":"xpath","value":"//label[contains(@class, 'sapMLabelRequired') and .//bdi[contains(text(), 'Planned Retirement')]]"}
RESULT: {"using":"xpath","value":"//label[contains(@class, 'sapMLabelRequired') and .//bdi[contains(text(), 'Planned Retirement')]]"}
COMMAND: POST /session/2ce3b2f0aefb554551e0a4f31cbc268a/elements - {"using":"xpath","value":"//label[contains(@class, 'sapMLabelRequired') and .//bdi[contains(text(), 'Planned Retirement')]]"}
RESULT: {"using":"xpath","value":"//label[contains(@class, 'sapMLabelRequired') and .//bdi[contains(text(), 'Planned Retirement')]]"}
COMMAND: POST /session/2ce3b2f0aefb554551e0a4f31cbc268a/element - {"using":"xpath","value":"//button[@data-kt=\"resourceUnitSaveButton\"]"}
RESULT: {"using":"xpath","value":"//button[@data-kt=\"resourceUnitSaveButton\"]"}
COMMAND: POST /session/2ce3b2f0aefb554551e0a4f31cbc268a/element/f.3B2BE3E2E19A2DB5732A49E5823ECB49.d.F00FDD078569149A319E3899514EDC40.e.2286/click - {}
RESULT: {}
COMMAND: GET /session/2ce3b2f0aefb554551e0a4f31cbc268a/screenshot - {}
RESULT: {}
COMMAND: POST /session/2ce3b2f0aefb554551e0a4f31cbc268a/element - {"using":"xpath","value":"//bdi[contains(text(), \"Close\")]"}
RESULT: {"using":"xpath","value":"//bdi[contains(text(), \"Close\")]"}
COMMAND: POST /session/2ce3b2f0aefb554551e0a4f31cbc268a/element/f.3B2BE3E2E19A2DB5732A49E5823ECB49.d.F00FDD078569149A319E3899514EDC40.e.2473/click - {}
RESULT: {}
COMMAND: GET /session/2ce3b2f0aefb554551e0a4f31cbc268a/screenshot - {}
RESULT: {}
COMMAND: POST /session/2ce3b2f0aefb554551e0a4f31cbc268a/element - {"using":"xpath","value":"(//button[contains(@id ,\"actionsToolbar-overflowButton\")])[1]"}
RESULT: {"using":"xpath","value":"(//button[contains(@id ,\"actionsToolbar-overflowButton\")])[1]"}
COMMAND: POST /session/2ce3b2f0aefb554551e0a4f31cbc268a/element/f.3B2BE3E2E19A2DB5732A49E5823ECB49.d.F00FDD078569149A319E3899514EDC40.e.2531/click - {}
RESULT: {}
COMMAND: GET /session/2ce3b2f0aefb554551e0a4f31cbc268a/screenshot - {}
RESULT: {}
COMMAND: POST /session/2ce3b2f0aefb554551e0a4f31cbc268a/element - {"using":"xpath","value":"//button[@data-kt=\"priceInfoButton\"]"}
RESULT: {"using":"xpath","value":"//button[@data-kt=\"priceInfoButton\"]"}
COMMAND: POST /session/2ce3b2f0aefb554551e0a4f31cbc268a/element/f.3B2BE3E2E19A2DB5732A49E5823ECB49.d.F00FDD078569149A319E3899514EDC40.e.2533/click - {}
RESULT: {}
COMMAND: GET /session/2ce3b2f0aefb554551e0a4f31cbc268a/screenshot - {}
RESULT: {}
COMMAND: POST /session/2ce3b2f0aefb554551e0a4f31cbc268a/element - {"using":"css selector","value":"#shell-header-logo"}
RESULT: {"using":"css selector","value":"#shell-header-logo"}
COMMAND: POST /session/2ce3b2f0aefb554551e0a4f31cbc268a/element/f.3B2BE3E2E19A2DB5732A49E5823ECB49.d.F00FDD078569149A319E3899514EDC40.e.2071/click - {}
RESULT: {}
COMMAND: GET /session/2ce3b2f0aefb554551e0a4f31cbc268a/screenshot - {}
RESULT: {}
]]></system-out>
    </testcase>
    <testcase classname="chrome.136_0_7103_93.windows.RU_Inventory_Mass_State_Change_Multiple_Items_US151066" name="Prerequisite Step 2 Should create a new material" time="123.02">
      <system-out><![CDATA[
RESULT: undefined
COMMAND: POST /session/2ce3b2f0aefb554551e0a4f31cbc268a/element - {"using":"xpath","value":"//*[@id=\"__tile39\"]"}
RESULT: {"using":"xpath","value":"//*[@id=\"__tile39\"]"}
COMMAND: POST /session/2ce3b2f0aefb554551e0a4f31cbc268a/element/f.3B2BE3E2E19A2DB5732A49E5823ECB49.d.F00FDD078569149A319E3899514EDC40.e.163/click - {}
RESULT: {}
COMMAND: GET /session/2ce3b2f0aefb554551e0a4f31cbc268a/screenshot - {}
RESULT: {}
COMMAND: POST /session/2ce3b2f0aefb554551e0a4f31cbc268a/elements - {"using":"xpath","value":"//span[text()='Error']"}
RESULT: {"using":"xpath","value":"//span[text()='Error']"}
COMMAND: POST /session/2ce3b2f0aefb554551e0a4f31cbc268a/element - {"using":"xpath","value":"//button[@data-kt=\"addNewRUOverflowToolbarButton\"]"}
RESULT: {"using":"xpath","value":"//button[@data-kt=\"addNewRUOverflowToolbarButton\"]"}
COMMAND: POST /session/2ce3b2f0aefb554551e0a4f31cbc268a/elements - {"using":"xpath","value":"//button[@data-kt=\"addNewRUOverflowToolbarButton\"]"}
RESULT: {"using":"xpath","value":"//button[@data-kt=\"addNewRUOverflowToolbarButton\"]"}
COMMAND: POST /session/2ce3b2f0aefb554551e0a4f31cbc268a/execute/sync - {"script":"<script> [8489 bytes]","args":[{"element-6066-11e4-a52e-4f735466cecf":"f.3B2BE3E2E19A2DB5732A49E5823ECB49.d.F00FDD078569149A319E3899514EDC40.e.2612","ELEMENT":"f.3B2BE3E2E19A2DB5732A49E5823ECB49.d.F00FDD078569149A319E3899514EDC40.e.2612"}]}
RESULT: {"script":"<script> [8489 bytes]","args":[{"element-6066-11e4-a52e-4f735466cecf":"f.3B2BE3E2E19A2DB5732A49E5823ECB49.d.F00FDD078569149A319E3899514EDC40.e.2612","ELEMENT":"f.3B2BE3E2E19A2DB5732A49E5823ECB49.d.F00FDD078569149A319E3899514EDC40.e.2612"}]}
COMMAND: GET /session/2ce3b2f0aefb554551e0a4f31cbc268a/element/f.3B2BE3E2E19A2DB5732A49E5823ECB49.d.F00FDD078569149A319E3899514EDC40.e.2612/enabled - {}
COMMAND: GET /session/2ce3b2f0aefb554551e0a4f31cbc268a/screenshot - {}
RESULT: {}
COMMAND: POST /session/2ce3b2f0aefb554551e0a4f31cbc268a/execute/sync - {"script":"<script> [8489 bytes]","args":[{"element-6066-11e4-a52e-4f735466cecf":"f.3B2BE3E2E19A2DB5732A49E5823ECB49.d.F00FDD078569149A319E3899514EDC40.e.2612","ELEMENT":"f.3B2BE3E2E19A2DB5732A49E5823ECB49.d.F00FDD078569149A319E3899514EDC40.e.2612"}]}
COMMAND: GET /session/2ce3b2f0aefb554551e0a4f31cbc268a/screenshot - {}
RESULT: {}
RESULT: {"script":"<script> [8489 bytes]","args":[{"element-6066-11e4-a52e-4f735466cecf":"f.3B2BE3E2E19A2DB5732A49E5823ECB49.d.F00FDD078569149A319E3899514EDC40.e.2612","ELEMENT":"f.3B2BE3E2E19A2DB5732A49E5823ECB49.d.F00FDD078569149A319E3899514EDC40.e.2612"}]}
COMMAND: POST /session/2ce3b2f0aefb554551e0a4f31cbc268a/execute/sync - {"script":"<script> [5351 bytes]","args":[{"element-6066-11e4-a52e-4f735466cecf":"f.3B2BE3E2E19A2DB5732A49E5823ECB49.d.F00FDD078569149A319E3899514EDC40.e.2612","ELEMENT":"f.3B2BE3E2E19A2DB5732A49E5823ECB49.d.F00FDD078569149A319E3899514EDC40.e.2612"}]}
COMMAND: GET /session/2ce3b2f0aefb554551e0a4f31cbc268a/screenshot - {}
RESULT: {}
RESULT: {"script":"<script> [5351 bytes]","args":[{"element-6066-11e4-a52e-4f735466cecf":"f.3B2BE3E2E19A2DB5732A49E5823ECB49.d.F00FDD078569149A319E3899514EDC40.e.2612","ELEMENT":"f.3B2BE3E2E19A2DB5732A49E5823ECB49.d.F00FDD078569149A319E3899514EDC40.e.2612"}]}
COMMAND: POST /session/2ce3b2f0aefb554551e0a4f31cbc268a/element/f.3B2BE3E2E19A2DB5732A49E5823ECB49.d.F00FDD078569149A319E3899514EDC40.e.2612/click - {}
COMMAND: GET /session/2ce3b2f0aefb554551e0a4f31cbc268a/screenshot - {}
RESULT: {}
RESULT: {}
COMMAND: GET /session/2ce3b2f0aefb554551e0a4f31cbc268a/screenshot - {}
RESULT: undefined
COMMAND: POST /session/2ce3b2f0aefb554551e0a4f31cbc268a/element - {"using":"xpath","value":"//*[@id=\"application-manageresources-display-component---newResourceUnit--TYPE-arrow\"]"}
RESULT: {}
RESULT: {}
RESULT: {"using":"xpath","value":"//*[@id=\"application-manageresources-display-component---newResourceUnit--TYPE-arrow\"]"}
COMMAND: POST /session/2ce3b2f0aefb554551e0a4f31cbc268a/element/f.3B2BE3E2E19A2DB5732A49E5823ECB49.d.F00FDD078569149A319E3899514EDC40.e.2957/click - {}
RESULT: {}
COMMAND: POST /session/2ce3b2f0aefb554551e0a4f31cbc268a/element - {"using":"xpath","value":"//input[@id=\"application-manageresources-display-component---newResourceUnit--TYPE-inner\"]"}
COMMAND: GET /session/2ce3b2f0aefb554551e0a4f31cbc268a/screenshot - {}
RESULT: {"using":"xpath","value":"//input[@id=\"application-manageresources-display-component---newResourceUnit--TYPE-inner\"]"}
COMMAND: POST /session/2ce3b2f0aefb554551e0a4f31cbc268a/element/f.3B2BE3E2E19A2DB5732A49E5823ECB49.d.F00FDD078569149A319E3899514EDC40.e.2952/clear - {}
RESULT: {}
RESULT: {}
COMMAND: POST /session/2ce3b2f0aefb554551e0a4f31cbc268a/element/f.3B2BE3E2E19A2DB5732A49E5823ECB49.d.F00FDD078569149A319E3899514EDC40.e.2952/value - {"text":"Material"}
COMMAND: GET /session/2ce3b2f0aefb554551e0a4f31cbc268a/screenshot - {}
RESULT: {}
RESULT: {"text":"Material"}
COMMAND: GET /session/2ce3b2f0aefb554551e0a4f31cbc268a/screenshot - {}
RESULT: {}
COMMAND: POST /session/2ce3b2f0aefb554551e0a4f31cbc268a/actions - {"actions":[{"id":"action15","type":"key","parameters":{},"actions":[{"type":"keyDown","value":"î€‡"},{"type":"pause","duration":10},{"type":"keyUp","value":"î€‡"}]}]}
RESULT: {"actions":[{"id":"action15","type":"key","parameters":{},"actions":[{"type":"keyDown","value":"î€‡"},{"type":"pause","duration":10},{"type":"keyUp","value":"î€‡"}]}]}
RESULT: undefined
COMMAND: POST /session/2ce3b2f0aefb554551e0a4f31cbc268a/execute/async - {"script":"<script> [776 bytes]","args":[{"enterText":"Cement WDIO","selector":{"id":"application-manageresources-display-component---newResourceUnit--SHORT_TEXT","interaction":{"idSuffix":"inner"}},"clearTextFirst":true,"interactionType":"ENTER_TEXT"}]}
COMMAND: GET /session/2ce3b2f0aefb554551e0a4f31cbc268a/screenshot - {}
RESULT: {"script":"<script> [776 bytes]","args":[{"enterText":"Cement WDIO","selector":{"id":"application-manageresources-display-component---newResourceUnit--SHORT_TEXT","interaction":{"idSuffix":"inner"}},"clearTextFirst":true,"interactionType":"ENTER_TEXT"}]}
RESULT: undefined
COMMAND: POST /session/2ce3b2f0aefb554551e0a4f31cbc268a/execute/async - {"script":"<script> [776 bytes]","args":[{"enterText":"Piece","selector":{"id":"application-manageresources-display-component---newResourceUnit--BASE_UNIT_OF_MEASURE","interaction":{"idSuffix":"inner"}},"clearTextFirst":true,"interactionType":"ENTER_TEXT"}]}
RESULT: {}
RESULT: {"script":"<script> [776 bytes]","args":[{"enterText":"Piece","selector":{"id":"application-manageresources-display-component---newResourceUnit--BASE_UNIT_OF_MEASURE","interaction":{"idSuffix":"inner"}},"clearTextFirst":true,"interactionType":"ENTER_TEXT"}]}
RESULT: undefined
COMMAND: POST /session/2ce3b2f0aefb554551e0a4f31cbc268a/execute/async - {"script":"<script> [776 bytes]","args":[{"enterText":"Gram","selector":{"id":"application-manageresources-display-component---newResourceUnit--WEIGHT_UNIT","interaction":{"idSuffix":"inner"}},"clearTextFirst":true,"interactionType":"ENTER_TEXT"}]}
RESULT: {"script":"<script> [776 bytes]","args":[{"enterText":"Gram","selector":{"id":"application-manageresources-display-component---newResourceUnit--WEIGHT_UNIT","interaction":{"idSuffix":"inner"}},"clearTextFirst":true,"interactionType":"ENTER_TEXT"}]}
RESULT: undefined
COMMAND: POST /session/2ce3b2f0aefb554551e0a4f31cbc268a/execute/async - {"script":"<script> [776 bytes]","args":[{"enterText":"Meter","selector":{"id":"application-manageresources-display-component---newResourceUnit--DIMENSION_UNIT","interaction":{"idSuffix":"inner"}},"clearTextFirst":true,"interactionType":"ENTER_TEXT"}]}
RESULT: {"script":"<script> [776 bytes]","args":[{"enterText":"Meter","selector":{"id":"application-manageresources-display-component---newResourceUnit--DIMENSION_UNIT","interaction":{"idSuffix":"inner"}},"clearTextFirst":true,"interactionType":"ENTER_TEXT"}]}
RESULT: undefined
COMMAND: POST /session/2ce3b2f0aefb554551e0a4f31cbc268a/element - {"using":"xpath","value":"//*[@id=\"application-manageresources-display-component---newResourceUnit--newRRUPage-anchBar-application-manageresources-display-component---newResourceUnit--control-anchor\"]"}
RESULT: {"using":"xpath","value":"//*[@id=\"application-manageresources-display-component---newResourceUnit--newRRUPage-anchBar-application-manageresources-display-component---newResourceUnit--control-anchor\"]"}
COMMAND: POST /session/2ce3b2f0aefb554551e0a4f31cbc268a/element/f.3B2BE3E2E19A2DB5732A49E5823ECB49.d.F00FDD078569149A319E3899514EDC40.e.3017/click - {}
RESULT: {}
RESULT: undefined
COMMAND: POST /session/2ce3b2f0aefb554551e0a4f31cbc268a/execute/async - {"script":"<script> [776 bytes]","args":[{"enterText":"Material","selector":{"id":"application-manageresources-display-component---newResourceUnit--PLANNING_GROUP","interaction":{"idSuffix":"inner"}},"clearTextFirst":true,"interactionType":"ENTER_TEXT"}]}
COMMAND: GET /session/2ce3b2f0aefb554551e0a4f31cbc268a/screenshot - {}
RESULT: {"script":"<script> [776 bytes]","args":[{"enterText":"Material","selector":{"id":"application-manageresources-display-component---newResourceUnit--PLANNING_GROUP","interaction":{"idSuffix":"inner"}},"clearTextFirst":true,"interactionType":"ENTER_TEXT"}]}
RESULT: {}
COMMAND: POST /session/2ce3b2f0aefb554551e0a4f31cbc268a/execute/async - {"script":"<script> [1562 bytes]","args":[{"selector":{"id":"application-manageresources-display-component---newResourceUnit--PLANNING_INDICATOR","interaction":{"idSuffix":"inner"}},"wdio_ui5_key":"applicationmanageresources-display-component---newResourceUnit--PLANNING_INDICATOR"}]}
RESULT: {"script":"<script> [1562 bytes]","args":[{"selector":{"id":"application-manageresources-display-component---newResourceUnit--PLANNING_INDICATOR","interaction":{"idSuffix":"inner"}},"wdio_ui5_key":"applicationmanageresources-display-component---newResourceUnit--PLANNING_INDICATOR"}]}
RESULT: undefined
COMMAND: POST /session/2ce3b2f0aefb554551e0a4f31cbc268a/execute/async - {"script":"<script> [776 bytes]","args":[{"enterText":"10 - infinite","selector":{"id":"application-manageresources-display-component---newResourceUnit--PLANNING_INDICATOR","interaction":{"idSuffix":"inner"}},"clearTextFirst":true,"interactionType":"ENTER_TEXT"}]}
RESULT: {"script":"<script> [776 bytes]","args":[{"enterText":"10 - infinite","selector":{"id":"application-manageresources-display-component---newResourceUnit--PLANNING_INDICATOR","interaction":{"idSuffix":"inner"}},"clearTextFirst":true,"interactionType":"ENTER_TEXT"}]}
COMMAND: POST /session/2ce3b2f0aefb554551e0a4f31cbc268a/element - {"using":"css selector","value":"#application-manageresources-display-component---newResourceUnit--btnAddTimeSegment"}
RESULT: {"using":"css selector","value":"#application-manageresources-display-component---newResourceUnit--btnAddTimeSegment"}
COMMAND: GET /session/2ce3b2f0aefb554551e0a4f31cbc268a/element/f.3B2BE3E2E19A2DB5732A49E5823ECB49.d.F00FDD078569149A319E3899514EDC40.e.3024/rect - {}
RESULT: {}
COMMAND: GET /session/2ce3b2f0aefb554551e0a4f31cbc268a/window/rect - {}
RESULT: {}
COMMAND: POST /session/2ce3b2f0aefb554551e0a4f31cbc268a/execute/sync - {"script":"<script> [92 bytes]","args":[]}
RESULT: {"script":"<script> [92 bytes]","args":[]}
COMMAND: POST /session/2ce3b2f0aefb554551e0a4f31cbc268a/actions - {"actions":[{"id":"action16","type":"wheel","parameters":{},"actions":[{"type":"scroll","x":-1888,"y":-32,"deltaX":0,"deltaY":0,"duration":0,"origin":{"element-6066-11e4-a52e-4f735466cecf":"f.3B2BE3E2E19A2DB5732A49E5823ECB49.d.F00FDD078569149A319E3899514EDC40.e.3024"}}]}]}
COMMAND: GET /session/2ce3b2f0aefb554551e0a4f31cbc268a/screenshot - {}
RESULT: {}
COMMAND: POST /session/2ce3b2f0aefb554551e0a4f31cbc268a/execute/sync - {"script":"<script> [79 bytes]","args":[{"element-6066-11e4-a52e-4f735466cecf":"f.3B2BE3E2E19A2DB5732A49E5823ECB49.d.F00FDD078569149A319E3899514EDC40.e.3024","ELEMENT":"f.3B2BE3E2E19A2DB5732A49E5823ECB49.d.F00FDD078569149A319E3899514EDC40.e.3024"},{"block":"start","inline":"nearest"}]}
RESULT: {"script":"<script> [79 bytes]","args":[{"element-6066-11e4-a52e-4f735466cecf":"f.3B2BE3E2E19A2DB5732A49E5823ECB49.d.F00FDD078569149A319E3899514EDC40.e.3024","ELEMENT":"f.3B2BE3E2E19A2DB5732A49E5823ECB49.d.F00FDD078569149A319E3899514EDC40.e.3024"},{"block":"start","inline":"nearest"}]}
RESULT: undefined
COMMAND: POST /session/2ce3b2f0aefb554551e0a4f31cbc268a/element - {"using":"xpath","value":"//*[@id=\"application-manageresources-display-component---newResourceUnit--btnAddTimeSegment\"]"}
COMMAND: GET /session/2ce3b2f0aefb554551e0a4f31cbc268a/screenshot - {}
RESULT: {"using":"xpath","value":"//*[@id=\"application-manageresources-display-component---newResourceUnit--btnAddTimeSegment\"]"}
COMMAND: POST /session/2ce3b2f0aefb554551e0a4f31cbc268a/element/f.3B2BE3E2E19A2DB5732A49E5823ECB49.d.F00FDD078569149A319E3899514EDC40.e.3024/click - {}
RESULT: {}
RESULT: {}
COMMAND: GET /session/2ce3b2f0aefb554551e0a4f31cbc268a/screenshot - {}
RESULT: {}
COMMAND: POST /session/2ce3b2f0aefb554551e0a4f31cbc268a/element - {"using":"xpath","value":"//input[@id=\"application-manageresources-display-component---newResourceUnit--idRuTSAdmin-application-manageresources-display-component---newResourceUnit--RUTimeSegment-0-inner\"]"}
RESULT: {"using":"xpath","value":"//input[@id=\"application-manageresources-display-component---newResourceUnit--idRuTSAdmin-application-manageresources-display-component---newResourceUnit--RUTimeSegment-0-inner\"]"}
COMMAND: POST /session/2ce3b2f0aefb554551e0a4f31cbc268a/element/f.3B2BE3E2E19A2DB5732A49E5823ECB49.d.F00FDD078569149A319E3899514EDC40.e.3028/clear - {}
RESULT: {}
COMMAND: POST /session/2ce3b2f0aefb554551e0a4f31cbc268a/element/f.3B2BE3E2E19A2DB5732A49E5823ECB49.d.F00FDD078569149A319E3899514EDC40.e.3028/value - {"text":"109"}
COMMAND: GET /session/2ce3b2f0aefb554551e0a4f31cbc268a/screenshot - {}
RESULT: {"text":"109"}
COMMAND: GET /session/2ce3b2f0aefb554551e0a4f31cbc268a/screenshot - {}
RESULT: {}
RESULT: {}
COMMAND: POST /session/2ce3b2f0aefb554551e0a4f31cbc268a/element - {"using":"xpath","value":"//li[.//span[text()='109']]"}
RESULT: {"using":"xpath","value":"//li[.//span[text()='109']]"}
COMMAND: POST /session/2ce3b2f0aefb554551e0a4f31cbc268a/element/f.3B2BE3E2E19A2DB5732A49E5823ECB49.d.F00FDD078569149A319E3899514EDC40.e.3037/click - {}
RESULT: {}
COMMAND: GET /session/2ce3b2f0aefb554551e0a4f31cbc268a/screenshot - {}
RESULT: {}
COMMAND: POST /session/2ce3b2f0aefb554551e0a4f31cbc268a/element - {"using":"xpath","value":"(//span[contains(@id, \"-application-manageresources-display-component---newResourceUnit--RUTimeSegment-0-arrow\")])[2]"}
RESULT: {"using":"xpath","value":"(//span[contains(@id, \"-application-manageresources-display-component---newResourceUnit--RUTimeSegment-0-arrow\")])[2]"}
COMMAND: POST /session/2ce3b2f0aefb554551e0a4f31cbc268a/element/f.3B2BE3E2E19A2DB5732A49E5823ECB49.d.F00FDD078569149A319E3899514EDC40.e.3038/click - {}
RESULT: {}
COMMAND: POST /session/2ce3b2f0aefb554551e0a4f31cbc268a/element - {"using":"xpath","value":"//span[contains(text(), \"PM Order\")]"}
COMMAND: GET /session/2ce3b2f0aefb554551e0a4f31cbc268a/screenshot - {}
RESULT: {"using":"xpath","value":"//span[contains(text(), \"PM Order\")]"}
COMMAND: POST /session/2ce3b2f0aefb554551e0a4f31cbc268a/element/f.3B2BE3E2E19A2DB5732A49E5823ECB49.d.F00FDD078569149A319E3899514EDC40.e.3039/click - {}
RESULT: {}
RESULT: {}
COMMAND: GET /session/2ce3b2f0aefb554551e0a4f31cbc268a/screenshot - {}
RESULT: {}
COMMAND: POST /session/2ce3b2f0aefb554551e0a4f31cbc268a/element - {"using":"xpath","value":"//td/div/div/div/span[contains(@id, \"newResourceUnit--RUTimeSegment-0-vhi\")][1]"}
RESULT: {"using":"xpath","value":"//td/div/div/div/span[contains(@id, \"newResourceUnit--RUTimeSegment-0-vhi\")][1]"}
COMMAND: GET /session/2ce3b2f0aefb554551e0a4f31cbc268a/element/f.3B2BE3E2E19A2DB5732A49E5823ECB49.d.F00FDD078569149A319E3899514EDC40.e.3043/rect - {}
RESULT: {}
COMMAND: GET /session/2ce3b2f0aefb554551e0a4f31cbc268a/window/rect - {}
RESULT: {}
COMMAND: POST /session/2ce3b2f0aefb554551e0a4f31cbc268a/execute/sync - {"script":"<script> [92 bytes]","args":[]}
RESULT: {"script":"<script> [92 bytes]","args":[]}
COMMAND: POST /session/2ce3b2f0aefb554551e0a4f31cbc268a/actions - {"actions":[{"id":"action17","type":"wheel","parameters":{},"actions":[{"type":"scroll","x":-1888,"y":-24,"deltaX":0,"deltaY":0,"duration":0,"origin":{"element-6066-11e4-a52e-4f735466cecf":"f.3B2BE3E2E19A2DB5732A49E5823ECB49.d.F00FDD078569149A319E3899514EDC40.e.3043"}}]}]}
COMMAND: GET /session/2ce3b2f0aefb554551e0a4f31cbc268a/screenshot - {}
RESULT: {}
COMMAND: POST /session/2ce3b2f0aefb554551e0a4f31cbc268a/execute/sync - {"script":"<script> [79 bytes]","args":[{"element-6066-11e4-a52e-4f735466cecf":"f.3B2BE3E2E19A2DB5732A49E5823ECB49.d.F00FDD078569149A319E3899514EDC40.e.3043","ELEMENT":"f.3B2BE3E2E19A2DB5732A49E5823ECB49.d.F00FDD078569149A319E3899514EDC40.e.3043"},{"block":"start","inline":"nearest"}]}
RESULT: {"script":"<script> [79 bytes]","args":[{"element-6066-11e4-a52e-4f735466cecf":"f.3B2BE3E2E19A2DB5732A49E5823ECB49.d.F00FDD078569149A319E3899514EDC40.e.3043","ELEMENT":"f.3B2BE3E2E19A2DB5732A49E5823ECB49.d.F00FDD078569149A319E3899514EDC40.e.3043"},{"block":"start","inline":"nearest"}]}
COMMAND: GET /session/2ce3b2f0aefb554551e0a4f31cbc268a/screenshot - {}
RESULT: {}
COMMAND: POST /session/2ce3b2f0aefb554551e0a4f31cbc268a/element/f.3B2BE3E2E19A2DB5732A49E5823ECB49.d.F00FDD078569149A319E3899514EDC40.e.3043/click - {}
RESULT: {}
COMMAND: GET /session/2ce3b2f0aefb554551e0a4f31cbc268a/screenshot - {}
RESULT: {}
RESULT: undefined
COMMAND: POST /session/2ce3b2f0aefb554551e0a4f31cbc268a/execute/async - {"script":"<script> [776 bytes]","args":[{"enterText":"4000360","selector":{"controlType":"sap.m.SearchField","properties":{"placeholder":"Search"},"searchOpenDialogs":true,"interaction":{"idSuffix":"I"}},"clearTextFirst":true,"interactionType":"ENTER_TEXT"}]}
RESULT: {"script":"<script> [776 bytes]","args":[{"enterText":"4000360","selector":{"controlType":"sap.m.SearchField","properties":{"placeholder":"Search"},"searchOpenDialogs":true,"interaction":{"idSuffix":"I"}},"clearTextFirst":true,"interactionType":"ENTER_TEXT"}]}
COMMAND: POST /session/2ce3b2f0aefb554551e0a4f31cbc268a/actions - {"actions":[{"id":"action18","type":"key","parameters":{},"actions":[{"type":"keyDown","value":"î€‡"},{"type":"pause","duration":10},{"type":"keyUp","value":"î€‡"}]}]}
RESULT: {"actions":[{"id":"action18","type":"key","parameters":{},"actions":[{"type":"keyDown","value":"î€‡"},{"type":"pause","duration":10},{"type":"keyUp","value":"î€‡"}]}]}
COMMAND: GET /session/2ce3b2f0aefb554551e0a4f31cbc268a/screenshot - {}
RESULT: {}
COMMAND: POST /session/2ce3b2f0aefb554551e0a4f31cbc268a/element - {"using":"xpath","value":"//td/div/span[contains(text(), \"BGL Vehicles\")]"}
RESULT: {"using":"xpath","value":"//td/div/span[contains(text(), \"BGL Vehicles\")]"}
COMMAND: POST /session/2ce3b2f0aefb554551e0a4f31cbc268a/element/f.3B2BE3E2E19A2DB5732A49E5823ECB49.d.F00FDD078569149A319E3899514EDC40.e.3063/click - {}
RESULT: {}
COMMAND: GET /session/2ce3b2f0aefb554551e0a4f31cbc268a/screenshot - {}
RESULT: {}
COMMAND: POST /session/2ce3b2f0aefb554551e0a4f31cbc268a/element - {"using":"xpath","value":"//bdi[contains(text(), \"OK\")]"}
RESULT: {"using":"xpath","value":"//bdi[contains(text(), \"OK\")]"}
COMMAND: POST /session/2ce3b2f0aefb554551e0a4f31cbc268a/element/f.3B2BE3E2E19A2DB5732A49E5823ECB49.d.F00FDD078569149A319E3899514EDC40.e.3064/click - {}
RESULT: {}
COMMAND: GET /session/2ce3b2f0aefb554551e0a4f31cbc268a/screenshot - {}
RESULT: {}
COMMAND: POST /session/2ce3b2f0aefb554551e0a4f31cbc268a/element - {"using":"xpath","value":"//label[contains(@class, 'sapMLabelRequired') and .//bdi[contains(text(), 'Planned Retirement')]]"}
RESULT: {"using":"xpath","value":"//label[contains(@class, 'sapMLabelRequired') and .//bdi[contains(text(), 'Planned Retirement')]]"}
COMMAND: POST /session/2ce3b2f0aefb554551e0a4f31cbc268a/elements - {"using":"xpath","value":"//label[contains(@class, 'sapMLabelRequired') and .//bdi[contains(text(), 'Planned Retirement')]]"}
RESULT: {"using":"xpath","value":"//label[contains(@class, 'sapMLabelRequired') and .//bdi[contains(text(), 'Planned Retirement')]]"}
COMMAND: POST /session/2ce3b2f0aefb554551e0a4f31cbc268a/element - {"using":"xpath","value":"//button[@data-kt=\"resourceUnitSaveButton\"]"}
RESULT: {"using":"xpath","value":"//button[@data-kt=\"resourceUnitSaveButton\"]"}
COMMAND: POST /session/2ce3b2f0aefb554551e0a4f31cbc268a/element/f.3B2BE3E2E19A2DB5732A49E5823ECB49.d.F00FDD078569149A319E3899514EDC40.e.2975/click - {}
RESULT: {}
COMMAND: GET /session/2ce3b2f0aefb554551e0a4f31cbc268a/screenshot - {}
RESULT: {}
COMMAND: POST /session/2ce3b2f0aefb554551e0a4f31cbc268a/element - {"using":"xpath","value":"//bdi[contains(text(), \"Close\")]"}
RESULT: {"using":"xpath","value":"//bdi[contains(text(), \"Close\")]"}
COMMAND: POST /session/2ce3b2f0aefb554551e0a4f31cbc268a/element/f.3B2BE3E2E19A2DB5732A49E5823ECB49.d.F00FDD078569149A319E3899514EDC40.e.3071/click - {}
RESULT: {}
COMMAND: GET /session/2ce3b2f0aefb554551e0a4f31cbc268a/screenshot - {}
RESULT: {}
COMMAND: POST /session/2ce3b2f0aefb554551e0a4f31cbc268a/element - {"using":"xpath","value":"//header[contains(@id, 'detailRruPage-headerTitle')]/div[1]/div[2]/div[2]/span[1]"}
RESULT: {"using":"xpath","value":"//header[contains(@id, 'detailRruPage-headerTitle')]/div[1]/div[2]/div[2]/span[1]"}
COMMAND: POST /session/2ce3b2f0aefb554551e0a4f31cbc268a/elements - {"using":"xpath","value":"//header[contains(@id, 'detailRruPage-headerTitle')]/div[1]/div[2]/div[2]/span[1]"}
RESULT: {"using":"xpath","value":"//header[contains(@id, 'detailRruPage-headerTitle')]/div[1]/div[2]/div[2]/span[1]"}
COMMAND: POST /session/2ce3b2f0aefb554551e0a4f31cbc268a/execute/sync - {"script":"<script> [56 bytes]","args":[{"element-6066-11e4-a52e-4f735466cecf":"f.3B2BE3E2E19A2DB5732A49E5823ECB49.d.F00FDD078569149A319E3899514EDC40.e.3106","ELEMENT":"f.3B2BE3E2E19A2DB5732A49E5823ECB49.d.F00FDD078569149A319E3899514EDC40.e.3106"}]}
RESULT: {"script":"<script> [56 bytes]","args":[{"element-6066-11e4-a52e-4f735466cecf":"f.3B2BE3E2E19A2DB5732A49E5823ECB49.d.F00FDD078569149A319E3899514EDC40.e.3106","ELEMENT":"f.3B2BE3E2E19A2DB5732A49E5823ECB49.d.F00FDD078569149A319E3899514EDC40.e.3106"}]}
COMMAND: POST /session/2ce3b2f0aefb554551e0a4f31cbc268a/element - {"using":"css selector","value":"#shell-header-logo"}
COMMAND: GET /session/2ce3b2f0aefb554551e0a4f31cbc268a/screenshot - {}
RESULT: {"using":"css selector","value":"#shell-header-logo"}
COMMAND: POST /session/2ce3b2f0aefb554551e0a4f31cbc268a/element/f.3B2BE3E2E19A2DB5732A49E5823ECB49.d.F00FDD078569149A319E3899514EDC40.e.2572/click - {}
RESULT: {}
RESULT: {}
COMMAND: GET /session/2ce3b2f0aefb554551e0a4f31cbc268a/screenshot - {}
RESULT: {}
]]></system-out>
    </testcase>
    <testcase classname="chrome.136_0_7103_93.windows.RU_Inventory_Mass_State_Change_Multiple_Items_US151066" name="Prerequisite Step 2 Should do a stock increase handover for the equipment" time="102.076">
      <system-out><![CDATA[
COMMAND: POST /session/2ce3b2f0aefb554551e0a4f31cbc268a/execute/async - {"script":"<script> [1562 bytes]","args":[{"selector":{"controlType":"sap.m.GenericTile","properties":{"header":"Manage Handovers"}},"wdio_ui5_key":"sapm.GenericTile{\"header\":\"Manage Handovers\"}"}]}
RESULT: {"script":"<script> [1562 bytes]","args":[{"selector":{"controlType":"sap.m.GenericTile","properties":{"header":"Manage Handovers"}},"wdio_ui5_key":"sapm.GenericTile{\"header\":\"Manage Handovers\"}"}]}
RESULT: undefined
COMMAND: POST /session/2ce3b2f0aefb554551e0a4f31cbc268a/element - {"using":"xpath","value":"//*[@id=\"__tile132\"]"}
RESULT: {"using":"xpath","value":"//*[@id=\"__tile132\"]"}
COMMAND: POST /session/2ce3b2f0aefb554551e0a4f31cbc268a/element/f.3B2BE3E2E19A2DB5732A49E5823ECB49.d.F00FDD078569149A319E3899514EDC40.e.249/click - {}
RESULT: {}
COMMAND: GET /session/2ce3b2f0aefb554551e0a4f31cbc268a/screenshot - {}
RESULT: {}
COMMAND: POST /session/2ce3b2f0aefb554551e0a4f31cbc268a/elements - {"using":"xpath","value":"//span[text()='Error']"}
RESULT: {"using":"xpath","value":"//span[text()='Error']"}
COMMAND: POST /session/2ce3b2f0aefb554551e0a4f31cbc268a/element - {"using":"xpath","value":"//button[@data-kt=\"masterHOAddButton\"]"}
RESULT: {"using":"xpath","value":"//button[@data-kt=\"masterHOAddButton\"]"}
COMMAND: POST /session/2ce3b2f0aefb554551e0a4f31cbc268a/elements - {"using":"xpath","value":"//button[@data-kt=\"masterHOAddButton\"]"}
RESULT: {"using":"xpath","value":"//button[@data-kt=\"masterHOAddButton\"]"}
COMMAND: POST /session/2ce3b2f0aefb554551e0a4f31cbc268a/elements - {"using":"xpath","value":"//button[@data-kt=\"masterHOAddButton\"]"}
RESULT: {"using":"xpath","value":"//button[@data-kt=\"masterHOAddButton\"]"}
COMMAND: POST /session/2ce3b2f0aefb554551e0a4f31cbc268a/element - {"using":"xpath","value":"//button[@data-kt=\"masterHOAddButton\"]"}
RESULT: {"using":"xpath","value":"//button[@data-kt=\"masterHOAddButton\"]"}
COMMAND: POST /session/2ce3b2f0aefb554551e0a4f31cbc268a/execute/sync - {"script":"<script> [8489 bytes]","args":[{"element-6066-11e4-a52e-4f735466cecf":"f.3B2BE3E2E19A2DB5732A49E5823ECB49.d.F00FDD078569149A319E3899514EDC40.e.3138","ELEMENT":"f.3B2BE3E2E19A2DB5732A49E5823ECB49.d.F00FDD078569149A319E3899514EDC40.e.3138"}]}
RESULT: {"script":"<script> [8489 bytes]","args":[{"element-6066-11e4-a52e-4f735466cecf":"f.3B2BE3E2E19A2DB5732A49E5823ECB49.d.F00FDD078569149A319E3899514EDC40.e.3138","ELEMENT":"f.3B2BE3E2E19A2DB5732A49E5823ECB49.d.F00FDD078569149A319E3899514EDC40.e.3138"}]}
COMMAND: GET /session/2ce3b2f0aefb554551e0a4f31cbc268a/element/f.3B2BE3E2E19A2DB5732A49E5823ECB49.d.F00FDD078569149A319E3899514EDC40.e.3138/enabled - {}
COMMAND: GET /session/2ce3b2f0aefb554551e0a4f31cbc268a/screenshot - {}
RESULT: {}
COMMAND: POST /session/2ce3b2f0aefb554551e0a4f31cbc268a/execute/sync - {"script":"<script> [8489 bytes]","args":[{"element-6066-11e4-a52e-4f735466cecf":"f.3B2BE3E2E19A2DB5732A49E5823ECB49.d.F00FDD078569149A319E3899514EDC40.e.3138","ELEMENT":"f.3B2BE3E2E19A2DB5732A49E5823ECB49.d.F00FDD078569149A319E3899514EDC40.e.3138"}]}
COMMAND: GET /session/2ce3b2f0aefb554551e0a4f31cbc268a/screenshot - {}
RESULT: {}
RESULT: {"script":"<script> [8489 bytes]","args":[{"element-6066-11e4-a52e-4f735466cecf":"f.3B2BE3E2E19A2DB5732A49E5823ECB49.d.F00FDD078569149A319E3899514EDC40.e.3138","ELEMENT":"f.3B2BE3E2E19A2DB5732A49E5823ECB49.d.F00FDD078569149A319E3899514EDC40.e.3138"}]}
COMMAND: POST /session/2ce3b2f0aefb554551e0a4f31cbc268a/execute/sync - {"script":"<script> [5351 bytes]","args":[{"element-6066-11e4-a52e-4f735466cecf":"f.3B2BE3E2E19A2DB5732A49E5823ECB49.d.F00FDD078569149A319E3899514EDC40.e.3138","ELEMENT":"f.3B2BE3E2E19A2DB5732A49E5823ECB49.d.F00FDD078569149A319E3899514EDC40.e.3138"}]}
COMMAND: GET /session/2ce3b2f0aefb554551e0a4f31cbc268a/screenshot - {}
RESULT: {}
RESULT: {"script":"<script> [5351 bytes]","args":[{"element-6066-11e4-a52e-4f735466cecf":"f.3B2BE3E2E19A2DB5732A49E5823ECB49.d.F00FDD078569149A319E3899514EDC40.e.3138","ELEMENT":"f.3B2BE3E2E19A2DB5732A49E5823ECB49.d.F00FDD078569149A319E3899514EDC40.e.3138"}]}
COMMAND: POST /session/2ce3b2f0aefb554551e0a4f31cbc268a/element/f.3B2BE3E2E19A2DB5732A49E5823ECB49.d.F00FDD078569149A319E3899514EDC40.e.3138/click - {}
COMMAND: GET /session/2ce3b2f0aefb554551e0a4f31cbc268a/screenshot - {}
RESULT: {}
RESULT: {}
COMMAND: GET /session/2ce3b2f0aefb554551e0a4f31cbc268a/screenshot - {}
COMMAND: POST /session/2ce3b2f0aefb554551e0a4f31cbc268a/element - {"using":"xpath","value":"//span[contains(@id ,\"AddNewHO--typeSelect-arrow\")]"}
RESULT: {}
RESULT: {}
RESULT: {"using":"xpath","value":"//span[contains(@id ,\"AddNewHO--typeSelect-arrow\")]"}
COMMAND: POST /session/2ce3b2f0aefb554551e0a4f31cbc268a/element/f.3B2BE3E2E19A2DB5732A49E5823ECB49.d.F00FDD078569149A319E3899514EDC40.e.3499/click - {}
RESULT: {}
COMMAND: GET /session/2ce3b2f0aefb554551e0a4f31cbc268a/screenshot - {}
RESULT: {}
COMMAND: POST /session/2ce3b2f0aefb554551e0a4f31cbc268a/element - {"using":"xpath","value":"(//li[contains(text(), \"stock increase yard\")])[1]"}
RESULT: {"using":"xpath","value":"(//li[contains(text(), \"stock increase yard\")])[1]"}
COMMAND: POST /session/2ce3b2f0aefb554551e0a4f31cbc268a/element/f.3B2BE3E2E19A2DB5732A49E5823ECB49.d.F00FDD078569149A319E3899514EDC40.e.3500/click - {}
RESULT: {}
COMMAND: GET /session/2ce3b2f0aefb554551e0a4f31cbc268a/screenshot - {}
RESULT: {}
COMMAND: POST /session/2ce3b2f0aefb554551e0a4f31cbc268a/execute/async - {"script":"<script> [1562 bytes]","args":[{"selector":{"id":"application-managehandovers-display-component---AddNewHO--dueDate","interaction":{"idSuffix":"inner"}},"wdio_ui5_key":"applicationmanagehandovers-display-component---AddNewHO--dueDate"}]}
RESULT: {"script":"<script> [1562 bytes]","args":[{"selector":{"id":"application-managehandovers-display-component---AddNewHO--dueDate","interaction":{"idSuffix":"inner"}},"wdio_ui5_key":"applicationmanagehandovers-display-component---AddNewHO--dueDate"}]}
RESULT: undefined
COMMAND: POST /session/2ce3b2f0aefb554551e0a4f31cbc268a/execute/async - {"script":"<script> [6424 bytes]","args":[{"element-6066-11e4-a52e-4f735466cecf":"f.3B2BE3E2E19A2DB5732A49E5823ECB49.d.F00FDD078569149A319E3899514EDC40.e.3502"},"setValue",["5/20/25"]]}
RESULT: {"script":"<script> [6424 bytes]","args":[{"element-6066-11e4-a52e-4f735466cecf":"f.3B2BE3E2E19A2DB5732A49E5823ECB49.d.F00FDD078569149A319E3899514EDC40.e.3502"},"setValue",["5/20/25"]]}
COMMAND: POST /session/2ce3b2f0aefb554551e0a4f31cbc268a/element - {"using":"xpath","value":"//input[@id=\"generalSectionFrg--receiveYard-inner\"]"}
RESULT: {"using":"xpath","value":"//input[@id=\"generalSectionFrg--receiveYard-inner\"]"}
COMMAND: POST /session/2ce3b2f0aefb554551e0a4f31cbc268a/element/f.3B2BE3E2E19A2DB5732A49E5823ECB49.d.F00FDD078569149A319E3899514EDC40.e.3506/clear - {}
RESULT: {}
COMMAND: POST /session/2ce3b2f0aefb554551e0a4f31cbc268a/element/f.3B2BE3E2E19A2DB5732A49E5823ECB49.d.F00FDD078569149A319E3899514EDC40.e.3506/value - {"text":"109"}
COMMAND: GET /session/2ce3b2f0aefb554551e0a4f31cbc268a/screenshot - {}
RESULT: {"text":"109"}
COMMAND: GET /session/2ce3b2f0aefb554551e0a4f31cbc268a/screenshot - {}
RESULT: {}
RESULT: {}
COMMAND: POST /session/2ce3b2f0aefb554551e0a4f31cbc268a/element - {"using":"xpath","value":"//li[.//span[text()='109']]"}
RESULT: {"using":"xpath","value":"//li[.//span[text()='109']]"}
COMMAND: POST /session/2ce3b2f0aefb554551e0a4f31cbc268a/element/f.3B2BE3E2E19A2DB5732A49E5823ECB49.d.F00FDD078569149A319E3899514EDC40.e.3523/click - {}
RESULT: {}
COMMAND: GET /session/2ce3b2f0aefb554551e0a4f31cbc268a/screenshot - {}
RESULT: {}
COMMAND: POST /session/2ce3b2f0aefb554551e0a4f31cbc268a/execute/async - {"script":"<script> [1562 bytes]","args":[{"selector":{"id":"application-managehandovers-display-component---AddNewHO--ObjectPageLayout-anchBar-application-managehandovers-display-component---AddNewHO--section4-anchor","interaction":{"idSuffix":"BDI-content"}},"wdio_ui5_key":"applicationmanagehandovers-display-component---AddNewHO--ObjectPageLayout-anchBar-application-managehandovers-display-component---AddNewHO--section4-anchor"}]}
RESULT: {"script":"<script> [1562 bytes]","args":[{"selector":{"id":"application-managehandovers-display-component---AddNewHO--ObjectPageLayout-anchBar-application-managehandovers-display-component---AddNewHO--section4-anchor","interaction":{"idSuffix":"BDI-content"}},"wdio_ui5_key":"applicationmanagehandovers-display-component---AddNewHO--ObjectPageLayout-anchBar-application-managehandovers-display-component---AddNewHO--section4-anchor"}]}
RESULT: undefined
COMMAND: POST /session/2ce3b2f0aefb554551e0a4f31cbc268a/element - {"using":"xpath","value":"//*[@id=\"application-managehandovers-display-component---AddNewHO--ObjectPageLayout-anchBar-application-managehandovers-display-component---AddNewHO--section4-anchor\"]"}
RESULT: {"using":"xpath","value":"//*[@id=\"application-managehandovers-display-component---AddNewHO--ObjectPageLayout-anchBar-application-managehandovers-display-component---AddNewHO--section4-anchor\"]"}
COMMAND: POST /session/2ce3b2f0aefb554551e0a4f31cbc268a/element/f.3B2BE3E2E19A2DB5732A49E5823ECB49.d.F00FDD078569149A319E3899514EDC40.e.3525/click - {}
RESULT: {}
COMMAND: POST /session/2ce3b2f0aefb554551e0a4f31cbc268a/element - {"using":"xpath","value":"//button[@aria-label=\"Add\"]"}
COMMAND: GET /session/2ce3b2f0aefb554551e0a4f31cbc268a/screenshot - {}
RESULT: {"using":"xpath","value":"//button[@aria-label=\"Add\"]"}
COMMAND: POST /session/2ce3b2f0aefb554551e0a4f31cbc268a/element/f.3B2BE3E2E19A2DB5732A49E5823ECB49.d.F00FDD078569149A319E3899514EDC40.e.3527/click - {}
RESULT: {}
RESULT: {}
COMMAND: GET /session/2ce3b2f0aefb554551e0a4f31cbc268a/screenshot - {}
RESULT: {}
COMMAND: POST /session/2ce3b2f0aefb554551e0a4f31cbc268a/execute/async - {"script":"<script> [1562 bytes]","args":[{"selector":{"id":"application-managehandovers-display-component---AddNewHO--smartFilterBar-btnBasicSearch","searchOpenDialogs":true,"interaction":{"idSuffix":"I"}},"wdio_ui5_key":"applicationmanagehandovers-display-component---AddNewHO--smartFilterBar-btnBasicSearch"}]}
RESULT: {"script":"<script> [1562 bytes]","args":[{"selector":{"id":"application-managehandovers-display-component---AddNewHO--smartFilterBar-btnBasicSearch","searchOpenDialogs":true,"interaction":{"idSuffix":"I"}},"wdio_ui5_key":"applicationmanagehandovers-display-component---AddNewHO--smartFilterBar-btnBasicSearch"}]}
RESULT: undefined
COMMAND: POST /session/2ce3b2f0aefb554551e0a4f31cbc268a/execute/async - {"script":"<script> [776 bytes]","args":[{"enterText":"4MyUD5yo4Y","selector":{"id":"application-managehandovers-display-component---AddNewHO--smartFilterBar-btnBasicSearch","searchOpenDialogs":true,"interaction":{"idSuffix":"I"}},"clearTextFirst":true,"interactionType":"ENTER_TEXT"}]}
RESULT: {"script":"<script> [776 bytes]","args":[{"enterText":"4MyUD5yo4Y","selector":{"id":"application-managehandovers-display-component---AddNewHO--smartFilterBar-btnBasicSearch","searchOpenDialogs":true,"interaction":{"idSuffix":"I"}},"clearTextFirst":true,"interactionType":"ENTER_TEXT"}]}
COMMAND: POST /session/2ce3b2f0aefb554551e0a4f31cbc268a/actions - {"actions":[{"id":"action19","type":"key","parameters":{},"actions":[{"type":"keyDown","value":"î€‡"},{"type":"pause","duration":10},{"type":"keyUp","value":"î€‡"}]}]}
RESULT: {"actions":[{"id":"action19","type":"key","parameters":{},"actions":[{"type":"keyDown","value":"î€‡"},{"type":"pause","duration":10},{"type":"keyUp","value":"î€‡"}]}]}
COMMAND: GET /session/2ce3b2f0aefb554551e0a4f31cbc268a/screenshot - {}
RESULT: {}
COMMAND: POST /session/2ce3b2f0aefb554551e0a4f31cbc268a/execute/async - {"script":"<script> [1562 bytes]","args":[{"selector":{"id":"application-managehandovers-display-component---AddNewHO--popup-sa","searchOpenDialogs":true,"interaction":{"idSuffix":"CbBg"}},"wdio_ui5_key":"applicationmanagehandovers-display-component---AddNewHO--popup-sa"}]}
RESULT: {"script":"<script> [1562 bytes]","args":[{"selector":{"id":"application-managehandovers-display-component---AddNewHO--popup-sa","searchOpenDialogs":true,"interaction":{"idSuffix":"CbBg"}},"wdio_ui5_key":"applicationmanagehandovers-display-component---AddNewHO--popup-sa"}]}
RESULT: undefined
COMMAND: POST /session/2ce3b2f0aefb554551e0a4f31cbc268a/element - {"using":"xpath","value":"//*[@id=\"application-managehandovers-display-component---AddNewHO--popup-sa\"]"}
RESULT: {"using":"xpath","value":"//*[@id=\"application-managehandovers-display-component---AddNewHO--popup-sa\"]"}
COMMAND: POST /session/2ce3b2f0aefb554551e0a4f31cbc268a/element/f.3B2BE3E2E19A2DB5732A49E5823ECB49.d.F00FDD078569149A319E3899514EDC40.e.3680/click - {}
RESULT: {}
COMMAND: GET /session/2ce3b2f0aefb554551e0a4f31cbc268a/screenshot - {}
RESULT: {}
COMMAND: POST /session/2ce3b2f0aefb554551e0a4f31cbc268a/element - {"using":"xpath","value":"//bdi[contains(text(), \"Select\")]"}
RESULT: {"using":"xpath","value":"//bdi[contains(text(), \"Select\")]"}
COMMAND: POST /session/2ce3b2f0aefb554551e0a4f31cbc268a/element/f.3B2BE3E2E19A2DB5732A49E5823ECB49.d.F00FDD078569149A319E3899514EDC40.e.3681/click - {}
RESULT: {}
COMMAND: GET /session/2ce3b2f0aefb554551e0a4f31cbc268a/screenshot - {}
RESULT: {}
COMMAND: POST /session/2ce3b2f0aefb554551e0a4f31cbc268a/element - {"using":"xpath","value":"//button[@data-kt=\"AddNewHOSaveButton\"]"}
RESULT: {"using":"xpath","value":"//button[@data-kt=\"AddNewHOSaveButton\"]"}
COMMAND: POST /session/2ce3b2f0aefb554551e0a4f31cbc268a/element/f.3B2BE3E2E19A2DB5732A49E5823ECB49.d.F00FDD078569149A319E3899514EDC40.e.3685/click - {}
RESULT: {}
COMMAND: GET /session/2ce3b2f0aefb554551e0a4f31cbc268a/screenshot - {}
RESULT: {}
COMMAND: POST /session/2ce3b2f0aefb554551e0a4f31cbc268a/execute/async - {"script":"<script> [1562 bytes]","args":[{"selector":{"id":"receiptDatePicker","viewName":"etm.portal.ui.managehandovers.view.DetailExecuteHO","interaction":{"idSuffix":"inner"}},"wdio_ui5_key":"receiptDatePickeretmportal.ui.managehandovers.view.DetailExecuteHO"}]}
RESULT: {"script":"<script> [1562 bytes]","args":[{"selector":{"id":"receiptDatePicker","viewName":"etm.portal.ui.managehandovers.view.DetailExecuteHO","interaction":{"idSuffix":"inner"}},"wdio_ui5_key":"receiptDatePickeretmportal.ui.managehandovers.view.DetailExecuteHO"}]}
RESULT: undefined
COMMAND: POST /session/2ce3b2f0aefb554551e0a4f31cbc268a/execute/async - {"script":"<script> [6424 bytes]","args":[{"element-6066-11e4-a52e-4f735466cecf":"f.3B2BE3E2E19A2DB5732A49E5823ECB49.d.F00FDD078569149A319E3899514EDC40.e.3703"},"setValue",["5/20/25"]]}
RESULT: {"script":"<script> [6424 bytes]","args":[{"element-6066-11e4-a52e-4f735466cecf":"f.3B2BE3E2E19A2DB5732A49E5823ECB49.d.F00FDD078569149A319E3899514EDC40.e.3703"},"setValue",["5/20/25"]]}
COMMAND: POST /session/2ce3b2f0aefb554551e0a4f31cbc268a/element - {"using":"xpath","value":"//button[@data-kt=\"PickingTableConfirmAllButton\"]"}
RESULT: {"using":"xpath","value":"//button[@data-kt=\"PickingTableConfirmAllButton\"]"}
COMMAND: POST /session/2ce3b2f0aefb554551e0a4f31cbc268a/element/f.3B2BE3E2E19A2DB5732A49E5823ECB49.d.F00FDD078569149A319E3899514EDC40.e.3718/click - {}
RESULT: {}
COMMAND: GET /session/2ce3b2f0aefb554551e0a4f31cbc268a/screenshot - {}
RESULT: {}
COMMAND: POST /session/2ce3b2f0aefb554551e0a4f31cbc268a/element - {"using":"xpath","value":"//bdi[contains(text(), \"OK\")]"}
RESULT: {"using":"xpath","value":"//bdi[contains(text(), \"OK\")]"}
COMMAND: POST /session/2ce3b2f0aefb554551e0a4f31cbc268a/element/f.3B2BE3E2E19A2DB5732A49E5823ECB49.d.F00FDD078569149A319E3899514EDC40.e.3720/click - {}
RESULT: {}
COMMAND: GET /session/2ce3b2f0aefb554551e0a4f31cbc268a/screenshot - {}
RESULT: {}
COMMAND: POST /session/2ce3b2f0aefb554551e0a4f31cbc268a/element - {"using":"xpath","value":"(//bdi[contains(text(), \"Receive\")])[2]"}
RESULT: {"using":"xpath","value":"(//bdi[contains(text(), \"Receive\")])[2]"}
COMMAND: POST /session/2ce3b2f0aefb554551e0a4f31cbc268a/element/f.3B2BE3E2E19A2DB5732A49E5823ECB49.d.F00FDD078569149A319E3899514EDC40.e.3722/click - {}
RESULT: {}
COMMAND: GET /session/2ce3b2f0aefb554551e0a4f31cbc268a/screenshot - {}
RESULT: {}
COMMAND: POST /session/2ce3b2f0aefb554551e0a4f31cbc268a/element - {"using":"css selector","value":"#shell-header-logo"}
RESULT: {"using":"css selector","value":"#shell-header-logo"}
COMMAND: POST /session/2ce3b2f0aefb554551e0a4f31cbc268a/element/f.3B2BE3E2E19A2DB5732A49E5823ECB49.d.F00FDD078569149A319E3899514EDC40.e.3110/click - {}
RESULT: {}
COMMAND: GET /session/2ce3b2f0aefb554551e0a4f31cbc268a/screenshot - {}
RESULT: {}
]]></system-out>
    </testcase>
    <testcase classname="chrome.136_0_7103_93.windows.RU_Inventory_Mass_State_Change_Multiple_Items_US151066" name="Prerequisite Step 2 Should do a stock increase handover for the material" time="101.676">
      <system-out><![CDATA[
RESULT: undefined
COMMAND: POST /session/2ce3b2f0aefb554551e0a4f31cbc268a/element - {"using":"xpath","value":"//*[@id=\"__tile132\"]"}
RESULT: {"using":"xpath","value":"//*[@id=\"__tile132\"]"}
COMMAND: POST /session/2ce3b2f0aefb554551e0a4f31cbc268a/element/f.3B2BE3E2E19A2DB5732A49E5823ECB49.d.F00FDD078569149A319E3899514EDC40.e.249/click - {}
RESULT: {}
COMMAND: GET /session/2ce3b2f0aefb554551e0a4f31cbc268a/screenshot - {}
RESULT: {}
COMMAND: POST /session/2ce3b2f0aefb554551e0a4f31cbc268a/elements - {"using":"xpath","value":"//span[text()='Error']"}
RESULT: {"using":"xpath","value":"//span[text()='Error']"}
COMMAND: POST /session/2ce3b2f0aefb554551e0a4f31cbc268a/element - {"using":"xpath","value":"//button[@data-kt=\"masterHOAddButton\"]"}
RESULT: {"using":"xpath","value":"//button[@data-kt=\"masterHOAddButton\"]"}
COMMAND: POST /session/2ce3b2f0aefb554551e0a4f31cbc268a/elements - {"using":"xpath","value":"//button[@data-kt=\"masterHOAddButton\"]"}
RESULT: {"using":"xpath","value":"//button[@data-kt=\"masterHOAddButton\"]"}
COMMAND: POST /session/2ce3b2f0aefb554551e0a4f31cbc268a/execute/sync - {"script":"<script> [8489 bytes]","args":[{"element-6066-11e4-a52e-4f735466cecf":"f.3B2BE3E2E19A2DB5732A49E5823ECB49.d.F00FDD078569149A319E3899514EDC40.e.4055","ELEMENT":"f.3B2BE3E2E19A2DB5732A49E5823ECB49.d.F00FDD078569149A319E3899514EDC40.e.4055"}]}
RESULT: {"script":"<script> [8489 bytes]","args":[{"element-6066-11e4-a52e-4f735466cecf":"f.3B2BE3E2E19A2DB5732A49E5823ECB49.d.F00FDD078569149A319E3899514EDC40.e.4055","ELEMENT":"f.3B2BE3E2E19A2DB5732A49E5823ECB49.d.F00FDD078569149A319E3899514EDC40.e.4055"}]}
COMMAND: GET /session/2ce3b2f0aefb554551e0a4f31cbc268a/element/f.3B2BE3E2E19A2DB5732A49E5823ECB49.d.F00FDD078569149A319E3899514EDC40.e.4055/enabled - {}
COMMAND: GET /session/2ce3b2f0aefb554551e0a4f31cbc268a/screenshot - {}
RESULT: {}
COMMAND: POST /session/2ce3b2f0aefb554551e0a4f31cbc268a/execute/sync - {"script":"<script> [8489 bytes]","args":[{"element-6066-11e4-a52e-4f735466cecf":"f.3B2BE3E2E19A2DB5732A49E5823ECB49.d.F00FDD078569149A319E3899514EDC40.e.4055","ELEMENT":"f.3B2BE3E2E19A2DB5732A49E5823ECB49.d.F00FDD078569149A319E3899514EDC40.e.4055"}]}
COMMAND: GET /session/2ce3b2f0aefb554551e0a4f31cbc268a/screenshot - {}
RESULT: {}
RESULT: {"script":"<script> [8489 bytes]","args":[{"element-6066-11e4-a52e-4f735466cecf":"f.3B2BE3E2E19A2DB5732A49E5823ECB49.d.F00FDD078569149A319E3899514EDC40.e.4055","ELEMENT":"f.3B2BE3E2E19A2DB5732A49E5823ECB49.d.F00FDD078569149A319E3899514EDC40.e.4055"}]}
COMMAND: POST /session/2ce3b2f0aefb554551e0a4f31cbc268a/execute/sync - {"script":"<script> [5351 bytes]","args":[{"element-6066-11e4-a52e-4f735466cecf":"f.3B2BE3E2E19A2DB5732A49E5823ECB49.d.F00FDD078569149A319E3899514EDC40.e.4055","ELEMENT":"f.3B2BE3E2E19A2DB5732A49E5823ECB49.d.F00FDD078569149A319E3899514EDC40.e.4055"}]}
COMMAND: GET /session/2ce3b2f0aefb554551e0a4f31cbc268a/screenshot - {}
RESULT: {}
RESULT: {"script":"<script> [5351 bytes]","args":[{"element-6066-11e4-a52e-4f735466cecf":"f.3B2BE3E2E19A2DB5732A49E5823ECB49.d.F00FDD078569149A319E3899514EDC40.e.4055","ELEMENT":"f.3B2BE3E2E19A2DB5732A49E5823ECB49.d.F00FDD078569149A319E3899514EDC40.e.4055"}]}
COMMAND: POST /session/2ce3b2f0aefb554551e0a4f31cbc268a/element/f.3B2BE3E2E19A2DB5732A49E5823ECB49.d.F00FDD078569149A319E3899514EDC40.e.4055/click - {}
COMMAND: GET /session/2ce3b2f0aefb554551e0a4f31cbc268a/screenshot - {}
RESULT: {}
RESULT: {}
COMMAND: GET /session/2ce3b2f0aefb554551e0a4f31cbc268a/screenshot - {}
RESULT: {}
RESULT: {}
COMMAND: POST /session/2ce3b2f0aefb554551e0a4f31cbc268a/element - {"using":"xpath","value":"//span[contains(@id ,\"AddNewHO--typeSelect-arrow\")]"}
RESULT: {"using":"xpath","value":"//span[contains(@id ,\"AddNewHO--typeSelect-arrow\")]"}
COMMAND: POST /session/2ce3b2f0aefb554551e0a4f31cbc268a/element/f.3B2BE3E2E19A2DB5732A49E5823ECB49.d.F00FDD078569149A319E3899514EDC40.e.4451/click - {}
RESULT: {}
COMMAND: GET /session/2ce3b2f0aefb554551e0a4f31cbc268a/screenshot - {}
RESULT: {}
COMMAND: POST /session/2ce3b2f0aefb554551e0a4f31cbc268a/element - {"using":"xpath","value":"(//li[contains(text(), \"stock increase yard\")])[1]"}
RESULT: {"using":"xpath","value":"(//li[contains(text(), \"stock increase yard\")])[1]"}
COMMAND: POST /session/2ce3b2f0aefb554551e0a4f31cbc268a/element/f.3B2BE3E2E19A2DB5732A49E5823ECB49.d.F00FDD078569149A319E3899514EDC40.e.4452/click - {}
RESULT: {}
COMMAND: GET /session/2ce3b2f0aefb554551e0a4f31cbc268a/screenshot - {}
RESULT: {}
RESULT: undefined
COMMAND: POST /session/2ce3b2f0aefb554551e0a4f31cbc268a/execute/async - {"script":"<script> [6424 bytes]","args":[{"element-6066-11e4-a52e-4f735466cecf":"f.3B2BE3E2E19A2DB5732A49E5823ECB49.d.F00FDD078569149A319E3899514EDC40.e.3502"},"setValue",["5/20/25"]]}
COMMAND: POST /session/2ce3b2f0aefb554551e0a4f31cbc268a/execute/async - {"script":"<script> [1562 bytes]","args":[{"selector":{"id":"application-managehandovers-display-component---AddNewHO--dueDate","interaction":{"idSuffix":"inner"}},"wdio_ui5_key":"applicationmanagehandovers-display-component---AddNewHO--dueDate"}]}
RESULT: {"script":"<script> [1562 bytes]","args":[{"selector":{"id":"application-managehandovers-display-component---AddNewHO--dueDate","interaction":{"idSuffix":"inner"}},"wdio_ui5_key":"applicationmanagehandovers-display-component---AddNewHO--dueDate"}]}
COMMAND: POST /session/2ce3b2f0aefb554551e0a4f31cbc268a/execute/async - {"script":"<script> [6424 bytes]","args":[{"element-6066-11e4-a52e-4f735466cecf":"f.3B2BE3E2E19A2DB5732A49E5823ECB49.d.F00FDD078569149A319E3899514EDC40.e.4456"},"setValue",["5/20/25"]]}
RESULT: {"script":"<script> [6424 bytes]","args":[{"element-6066-11e4-a52e-4f735466cecf":"f.3B2BE3E2E19A2DB5732A49E5823ECB49.d.F00FDD078569149A319E3899514EDC40.e.4456"},"setValue",["5/20/25"]]}
COMMAND: POST /session/2ce3b2f0aefb554551e0a4f31cbc268a/element - {"using":"xpath","value":"//input[@id=\"generalSectionFrg--receiveYard-inner\"]"}
RESULT: {"using":"xpath","value":"//input[@id=\"generalSectionFrg--receiveYard-inner\"]"}
COMMAND: POST /session/2ce3b2f0aefb554551e0a4f31cbc268a/element/f.3B2BE3E2E19A2DB5732A49E5823ECB49.d.F00FDD078569149A319E3899514EDC40.e.4460/clear - {}
RESULT: {}
COMMAND: POST /session/2ce3b2f0aefb554551e0a4f31cbc268a/element/f.3B2BE3E2E19A2DB5732A49E5823ECB49.d.F00FDD078569149A319E3899514EDC40.e.4460/value - {"text":"109"}
COMMAND: GET /session/2ce3b2f0aefb554551e0a4f31cbc268a/screenshot - {}
RESULT: {"text":"109"}
COMMAND: GET /session/2ce3b2f0aefb554551e0a4f31cbc268a/screenshot - {}
RESULT: {}
RESULT: {}
COMMAND: POST /session/2ce3b2f0aefb554551e0a4f31cbc268a/element - {"using":"xpath","value":"//li[.//span[text()='109']]"}
RESULT: {"using":"xpath","value":"//li[.//span[text()='109']]"}
COMMAND: POST /session/2ce3b2f0aefb554551e0a4f31cbc268a/element/f.3B2BE3E2E19A2DB5732A49E5823ECB49.d.F00FDD078569149A319E3899514EDC40.e.4476/click - {}
RESULT: {}
COMMAND: GET /session/2ce3b2f0aefb554551e0a4f31cbc268a/screenshot - {}
RESULT: {}
RESULT: undefined
COMMAND: POST /session/2ce3b2f0aefb554551e0a4f31cbc268a/element - {"using":"xpath","value":"//*[@id=\"application-managehandovers-display-component---AddNewHO--ObjectPageLayout-anchBar-application-managehandovers-display-component---AddNewHO--section4-anchor\"]"}
RESULT: {"using":"xpath","value":"//*[@id=\"application-managehandovers-display-component---AddNewHO--ObjectPageLayout-anchBar-application-managehandovers-display-component---AddNewHO--section4-anchor\"]"}
COMMAND: POST /session/2ce3b2f0aefb554551e0a4f31cbc268a/element/f.3B2BE3E2E19A2DB5732A49E5823ECB49.d.F00FDD078569149A319E3899514EDC40.e.4477/click - {}
RESULT: {}
COMMAND: POST /session/2ce3b2f0aefb554551e0a4f31cbc268a/element - {"using":"xpath","value":"//button[@aria-label=\"Add\"]"}
COMMAND: GET /session/2ce3b2f0aefb554551e0a4f31cbc268a/screenshot - {}
RESULT: {"using":"xpath","value":"//button[@aria-label=\"Add\"]"}
COMMAND: POST /session/2ce3b2f0aefb554551e0a4f31cbc268a/element/f.3B2BE3E2E19A2DB5732A49E5823ECB49.d.F00FDD078569149A319E3899514EDC40.e.4480/click - {}
RESULT: {}
RESULT: {}
COMMAND: GET /session/2ce3b2f0aefb554551e0a4f31cbc268a/screenshot - {}
RESULT: {}
RESULT: undefined
COMMAND: POST /session/2ce3b2f0aefb554551e0a4f31cbc268a/execute/async - {"script":"<script> [776 bytes]","args":[{"enterText":"200321","selector":{"id":"application-managehandovers-display-component---AddNewHO--smartFilterBar-btnBasicSearch","searchOpenDialogs":true,"interaction":{"idSuffix":"I"}},"clearTextFirst":true,"interactionType":"ENTER_TEXT"}]}
RESULT: {"script":"<script> [776 bytes]","args":[{"enterText":"200321","selector":{"id":"application-managehandovers-display-component---AddNewHO--smartFilterBar-btnBasicSearch","searchOpenDialogs":true,"interaction":{"idSuffix":"I"}},"clearTextFirst":true,"interactionType":"ENTER_TEXT"}]}
COMMAND: POST /session/2ce3b2f0aefb554551e0a4f31cbc268a/actions - {"actions":[{"id":"action20","type":"key","parameters":{},"actions":[{"type":"keyDown","value":"î€‡"},{"type":"pause","duration":10},{"type":"keyUp","value":"î€‡"}]}]}
RESULT: {"actions":[{"id":"action20","type":"key","parameters":{},"actions":[{"type":"keyDown","value":"î€‡"},{"type":"pause","duration":10},{"type":"keyUp","value":"î€‡"}]}]}
COMMAND: GET /session/2ce3b2f0aefb554551e0a4f31cbc268a/screenshot - {}
RESULT: {}
RESULT: undefined
COMMAND: POST /session/2ce3b2f0aefb554551e0a4f31cbc268a/element - {"using":"xpath","value":"//*[@id=\"application-managehandovers-display-component---AddNewHO--popup-sa\"]"}
RESULT: {"using":"xpath","value":"//*[@id=\"application-managehandovers-display-component---AddNewHO--popup-sa\"]"}
COMMAND: POST /session/2ce3b2f0aefb554551e0a4f31cbc268a/element/f.3B2BE3E2E19A2DB5732A49E5823ECB49.d.F00FDD078569149A319E3899514EDC40.e.4629/click - {}
RESULT: {}
COMMAND: GET /session/2ce3b2f0aefb554551e0a4f31cbc268a/screenshot - {}
RESULT: {}
COMMAND: POST /session/2ce3b2f0aefb554551e0a4f31cbc268a/element - {"using":"xpath","value":"//bdi[contains(text(), \"Select\")]"}
RESULT: {"using":"xpath","value":"//bdi[contains(text(), \"Select\")]"}
COMMAND: POST /session/2ce3b2f0aefb554551e0a4f31cbc268a/element/f.3B2BE3E2E19A2DB5732A49E5823ECB49.d.F00FDD078569149A319E3899514EDC40.e.4630/click - {}
RESULT: {}
COMMAND: GET /session/2ce3b2f0aefb554551e0a4f31cbc268a/screenshot - {}
RESULT: {}
COMMAND: POST /session/2ce3b2f0aefb554551e0a4f31cbc268a/element - {"using":"xpath","value":"//button[@data-kt=\"AddNewHOSaveButton\"]"}
RESULT: {"using":"xpath","value":"//button[@data-kt=\"AddNewHOSaveButton\"]"}
COMMAND: POST /session/2ce3b2f0aefb554551e0a4f31cbc268a/element/f.3B2BE3E2E19A2DB5732A49E5823ECB49.d.F00FDD078569149A319E3899514EDC40.e.4634/click - {}
RESULT: {}
COMMAND: GET /session/2ce3b2f0aefb554551e0a4f31cbc268a/screenshot - {}
RESULT: {}
RESULT: undefined
COMMAND: POST /session/2ce3b2f0aefb554551e0a4f31cbc268a/execute/async - {"script":"<script> [6424 bytes]","args":[{"element-6066-11e4-a52e-4f735466cecf":"f.3B2BE3E2E19A2DB5732A49E5823ECB49.d.F00FDD078569149A319E3899514EDC40.e.3703"},"setValue",["5/20/25"]]}
COMMAND: POST /session/2ce3b2f0aefb554551e0a4f31cbc268a/execute/async - {"script":"<script> [1562 bytes]","args":[{"selector":{"id":"receiptDatePicker","viewName":"etm.portal.ui.managehandovers.view.DetailExecuteHO","interaction":{"idSuffix":"inner"}},"wdio_ui5_key":"receiptDatePickeretmportal.ui.managehandovers.view.DetailExecuteHO"}]}
RESULT: {"script":"<script> [1562 bytes]","args":[{"selector":{"id":"receiptDatePicker","viewName":"etm.portal.ui.managehandovers.view.DetailExecuteHO","interaction":{"idSuffix":"inner"}},"wdio_ui5_key":"receiptDatePickeretmportal.ui.managehandovers.view.DetailExecuteHO"}]}
COMMAND: POST /session/2ce3b2f0aefb554551e0a4f31cbc268a/execute/async - {"script":"<script> [6424 bytes]","args":[{"element-6066-11e4-a52e-4f735466cecf":"f.3B2BE3E2E19A2DB5732A49E5823ECB49.d.F00FDD078569149A319E3899514EDC40.e.4670"},"setValue",["5/20/25"]]}
RESULT: {"script":"<script> [6424 bytes]","args":[{"element-6066-11e4-a52e-4f735466cecf":"f.3B2BE3E2E19A2DB5732A49E5823ECB49.d.F00FDD078569149A319E3899514EDC40.e.4670"},"setValue",["5/20/25"]]}
COMMAND: POST /session/2ce3b2f0aefb554551e0a4f31cbc268a/element - {"using":"xpath","value":"//button[@data-kt=\"PickingTableConfirmAllButton\"]"}
RESULT: {"using":"xpath","value":"//button[@data-kt=\"PickingTableConfirmAllButton\"]"}
COMMAND: POST /session/2ce3b2f0aefb554551e0a4f31cbc268a/element/f.3B2BE3E2E19A2DB5732A49E5823ECB49.d.F00FDD078569149A319E3899514EDC40.e.4684/click - {}
RESULT: {}
COMMAND: GET /session/2ce3b2f0aefb554551e0a4f31cbc268a/screenshot - {}
RESULT: {}
COMMAND: POST /session/2ce3b2f0aefb554551e0a4f31cbc268a/element - {"using":"xpath","value":"//bdi[contains(text(), \"OK\")]"}
RESULT: {"using":"xpath","value":"//bdi[contains(text(), \"OK\")]"}
COMMAND: POST /session/2ce3b2f0aefb554551e0a4f31cbc268a/element/f.3B2BE3E2E19A2DB5732A49E5823ECB49.d.F00FDD078569149A319E3899514EDC40.e.4686/click - {}
RESULT: {}
COMMAND: GET /session/2ce3b2f0aefb554551e0a4f31cbc268a/screenshot - {}
RESULT: {}
COMMAND: POST /session/2ce3b2f0aefb554551e0a4f31cbc268a/element - {"using":"xpath","value":"(//bdi[contains(text(), \"Receive\")])[2]"}
RESULT: {"using":"xpath","value":"(//bdi[contains(text(), \"Receive\")])[2]"}
COMMAND: POST /session/2ce3b2f0aefb554551e0a4f31cbc268a/element/f.3B2BE3E2E19A2DB5732A49E5823ECB49.d.F00FDD078569149A319E3899514EDC40.e.4688/click - {}
RESULT: {}
COMMAND: GET /session/2ce3b2f0aefb554551e0a4f31cbc268a/screenshot - {}
RESULT: {}
COMMAND: POST /session/2ce3b2f0aefb554551e0a4f31cbc268a/element - {"using":"css selector","value":"#shell-header-logo"}
RESULT: {"using":"css selector","value":"#shell-header-logo"}
COMMAND: POST /session/2ce3b2f0aefb554551e0a4f31cbc268a/element/f.3B2BE3E2E19A2DB5732A49E5823ECB49.d.F00FDD078569149A319E3899514EDC40.e.4005/click - {}
RESULT: {}
COMMAND: GET /session/2ce3b2f0aefb554551e0a4f31cbc268a/screenshot - {}
RESULT: {}
]]></system-out>
    </testcase>
    <testcase classname="chrome.136_0_7103_93.windows.RU_Inventory_Mass_State_Change_Multiple_Items_US151066" name="Step 2 Should do a RU inventory mass state change on chosen yard 109 with the resources created one equipment one material the existing ones too" time="314.763">
      <system-out><![CDATA[
RESULT: undefined
COMMAND: POST /session/2ce3b2f0aefb554551e0a4f31cbc268a/element - {"using":"xpath","value":"//*[@id=\"__tile99\"]"}
RESULT: {"using":"xpath","value":"//*[@id=\"__tile99\"]"}
COMMAND: POST /session/2ce3b2f0aefb554551e0a4f31cbc268a/element/f.3B2BE3E2E19A2DB5732A49E5823ECB49.d.F00FDD078569149A319E3899514EDC40.e.273/click - {}
RESULT: {}
COMMAND: GET /session/2ce3b2f0aefb554551e0a4f31cbc268a/screenshot - {}
RESULT: {}
COMMAND: POST /session/2ce3b2f0aefb554551e0a4f31cbc268a/elements - {"using":"xpath","value":"//span[text()='Error']"}
RESULT: {"using":"xpath","value":"//span[text()='Error']"}
COMMAND: POST /session/2ce3b2f0aefb554551e0a4f31cbc268a/element - {"using":"xpath","value":"//button[contains(@id, \"massStateBtn\")]"}
RESULT: {"using":"xpath","value":"//button[contains(@id, \"massStateBtn\")]"}
COMMAND: POST /session/2ce3b2f0aefb554551e0a4f31cbc268a/elements - {"using":"xpath","value":"//button[contains(@id, \"massStateBtn\")]"}
RESULT: {"using":"xpath","value":"//button[contains(@id, \"massStateBtn\")]"}
COMMAND: POST /session/2ce3b2f0aefb554551e0a4f31cbc268a/execute/sync - {"script":"<script> [8489 bytes]","args":[{"element-6066-11e4-a52e-4f735466cecf":"f.3B2BE3E2E19A2DB5732A49E5823ECB49.d.F00FDD078569149A319E3899514EDC40.e.4902","ELEMENT":"f.3B2BE3E2E19A2DB5732A49E5823ECB49.d.F00FDD078569149A319E3899514EDC40.e.4902"}]}
RESULT: {"script":"<script> [8489 bytes]","args":[{"element-6066-11e4-a52e-4f735466cecf":"f.3B2BE3E2E19A2DB5732A49E5823ECB49.d.F00FDD078569149A319E3899514EDC40.e.4902","ELEMENT":"f.3B2BE3E2E19A2DB5732A49E5823ECB49.d.F00FDD078569149A319E3899514EDC40.e.4902"}]}
COMMAND: GET /session/2ce3b2f0aefb554551e0a4f31cbc268a/element/f.3B2BE3E2E19A2DB5732A49E5823ECB49.d.F00FDD078569149A319E3899514EDC40.e.4902/enabled - {}
COMMAND: GET /session/2ce3b2f0aefb554551e0a4f31cbc268a/screenshot - {}
RESULT: {}
COMMAND: POST /session/2ce3b2f0aefb554551e0a4f31cbc268a/execute/sync - {"script":"<script> [8489 bytes]","args":[{"element-6066-11e4-a52e-4f735466cecf":"f.3B2BE3E2E19A2DB5732A49E5823ECB49.d.F00FDD078569149A319E3899514EDC40.e.4902","ELEMENT":"f.3B2BE3E2E19A2DB5732A49E5823ECB49.d.F00FDD078569149A319E3899514EDC40.e.4902"}]}
COMMAND: GET /session/2ce3b2f0aefb554551e0a4f31cbc268a/screenshot - {}
RESULT: {}
RESULT: {"script":"<script> [8489 bytes]","args":[{"element-6066-11e4-a52e-4f735466cecf":"f.3B2BE3E2E19A2DB5732A49E5823ECB49.d.F00FDD078569149A319E3899514EDC40.e.4902","ELEMENT":"f.3B2BE3E2E19A2DB5732A49E5823ECB49.d.F00FDD078569149A319E3899514EDC40.e.4902"}]}
COMMAND: POST /session/2ce3b2f0aefb554551e0a4f31cbc268a/execute/sync - {"script":"<script> [5351 bytes]","args":[{"element-6066-11e4-a52e-4f735466cecf":"f.3B2BE3E2E19A2DB5732A49E5823ECB49.d.F00FDD078569149A319E3899514EDC40.e.4902","ELEMENT":"f.3B2BE3E2E19A2DB5732A49E5823ECB49.d.F00FDD078569149A319E3899514EDC40.e.4902"}]}
COMMAND: GET /session/2ce3b2f0aefb554551e0a4f31cbc268a/screenshot - {}
RESULT: {}
RESULT: {"script":"<script> [5351 bytes]","args":[{"element-6066-11e4-a52e-4f735466cecf":"f.3B2BE3E2E19A2DB5732A49E5823ECB49.d.F00FDD078569149A319E3899514EDC40.e.4902","ELEMENT":"f.3B2BE3E2E19A2DB5732A49E5823ECB49.d.F00FDD078569149A319E3899514EDC40.e.4902"}]}
COMMAND: POST /session/2ce3b2f0aefb554551e0a4f31cbc268a/element/f.3B2BE3E2E19A2DB5732A49E5823ECB49.d.F00FDD078569149A319E3899514EDC40.e.4902/click - {}
COMMAND: GET /session/2ce3b2f0aefb554551e0a4f31cbc268a/screenshot - {}
RESULT: {}
RESULT: {}
COMMAND: GET /session/2ce3b2f0aefb554551e0a4f31cbc268a/screenshot - {}
RESULT: {}
RESULT: {}
RESULT: undefined
COMMAND: POST /session/2ce3b2f0aefb554551e0a4f31cbc268a/element - {"using":"xpath","value":"//*[@id=\"application-ruinventorylist-display-component---Master--ruLocationTypeComboBox-arrow\"]"}
RESULT: {"using":"xpath","value":"//*[@id=\"application-ruinventorylist-display-component---Master--ruLocationTypeComboBox-arrow\"]"}
COMMAND: POST /session/2ce3b2f0aefb554551e0a4f31cbc268a/element/f.3B2BE3E2E19A2DB5732A49E5823ECB49.d.F00FDD078569149A319E3899514EDC40.e.5251/click - {}
RESULT: {}
COMMAND: GET /session/2ce3b2f0aefb554551e0a4f31cbc268a/screenshot - {}
RESULT: {}
COMMAND: POST /session/2ce3b2f0aefb554551e0a4f31cbc268a/element - {"using":"xpath","value":"//li[.//span[text()='Yard']]"}
RESULT: {"using":"xpath","value":"//li[.//span[text()='Yard']]"}
COMMAND: POST /session/2ce3b2f0aefb554551e0a4f31cbc268a/element/f.3B2BE3E2E19A2DB5732A49E5823ECB49.d.F00FDD078569149A319E3899514EDC40.e.5252/click - {}
RESULT: {}
COMMAND: GET /session/2ce3b2f0aefb554551e0a4f31cbc268a/screenshot - {}
RESULT: {}
RESULT: undefined
COMMAND: POST /session/2ce3b2f0aefb554551e0a4f31cbc268a/element - {"using":"xpath","value":"//*[@id=\"application-ruinventorylist-display-component---Master--smartFilterBar-filterItemControl_BASIC-YARD-vhi\"]"}
RESULT: {"using":"xpath","value":"//*[@id=\"application-ruinventorylist-display-component---Master--smartFilterBar-filterItemControl_BASIC-YARD-vhi\"]"}
COMMAND: POST /session/2ce3b2f0aefb554551e0a4f31cbc268a/element/f.3B2BE3E2E19A2DB5732A49E5823ECB49.d.F00FDD078569149A319E3899514EDC40.e.5288/click - {}
RESULT: {}
COMMAND: GET /session/2ce3b2f0aefb554551e0a4f31cbc268a/screenshot - {}
RESULT: {}
RESULT: undefined
COMMAND: POST /session/2ce3b2f0aefb554551e0a4f31cbc268a/execute/async - {"script":"<script> [776 bytes]","args":[{"enterText":"109","selector":{"id":"application-ruinventorylist-display-component---Master--smartFilterBar-filterItemControl_BASIC-YARD-valueHelpDialog-smartFilterBar-btnBasicSearch","searchOpenDialogs":true,"interaction":{"idSuffix":"I"}},"clearTextFirst":true,"interactionType":"ENTER_TEXT"}]}
RESULT: {"script":"<script> [776 bytes]","args":[{"enterText":"109","selector":{"id":"application-ruinventorylist-display-component---Master--smartFilterBar-filterItemControl_BASIC-YARD-valueHelpDialog-smartFilterBar-btnBasicSearch","searchOpenDialogs":true,"interaction":{"idSuffix":"I"}},"clearTextFirst":true,"interactionType":"ENTER_TEXT"}]}
COMMAND: POST /session/2ce3b2f0aefb554551e0a4f31cbc268a/actions - {"actions":[{"id":"action21","type":"key","parameters":{},"actions":[{"type":"keyDown","value":"î€‡"},{"type":"pause","duration":10},{"type":"keyUp","value":"î€‡"}]}]}
RESULT: {"actions":[{"id":"action21","type":"key","parameters":{},"actions":[{"type":"keyDown","value":"î€‡"},{"type":"pause","duration":10},{"type":"keyUp","value":"î€‡"}]}]}
COMMAND: GET /session/2ce3b2f0aefb554551e0a4f31cbc268a/screenshot - {}
RESULT: {}
COMMAND: POST /session/2ce3b2f0aefb554551e0a4f31cbc268a/elements - {"using":"xpath","value":"//table[contains(@id, \"filterItemControl_BASIC-YARD-valueHelpDialog-table-table\")]/tbody/tr"}
RESULT: {"using":"xpath","value":"//table[contains(@id, \"filterItemControl_BASIC-YARD-valueHelpDialog-table-table\")]/tbody/tr"}
COMMAND: POST /session/2ce3b2f0aefb554551e0a4f31cbc268a/element - {"using":"xpath","value":"//table[contains(@id, \"filterItemControl_BASIC-YARD-valueHelpDialog-table-table\")]/tbody/tr[1]/td[1]/div/span"}
RESULT: {"using":"xpath","value":"//table[contains(@id, \"filterItemControl_BASIC-YARD-valueHelpDialog-table-table\")]/tbody/tr[1]/td[1]/div/span"}
COMMAND: POST /session/2ce3b2f0aefb554551e0a4f31cbc268a/elements - {"using":"xpath","value":"//table[contains(@id, \"filterItemControl_BASIC-YARD-valueHelpDialog-table-table\")]/tbody/tr[1]/td[1]/div/span"}
RESULT: {"using":"xpath","value":"//table[contains(@id, \"filterItemControl_BASIC-YARD-valueHelpDialog-table-table\")]/tbody/tr[1]/td[1]/div/span"}
COMMAND: POST /session/2ce3b2f0aefb554551e0a4f31cbc268a/execute/sync - {"script":"<script> [56 bytes]","args":[{"element-6066-11e4-a52e-4f735466cecf":"f.3B2BE3E2E19A2DB5732A49E5823ECB49.d.F00FDD078569149A319E3899514EDC40.e.5307","ELEMENT":"f.3B2BE3E2E19A2DB5732A49E5823ECB49.d.F00FDD078569149A319E3899514EDC40.e.5307"}]}
RESULT: {"script":"<script> [56 bytes]","args":[{"element-6066-11e4-a52e-4f735466cecf":"f.3B2BE3E2E19A2DB5732A49E5823ECB49.d.F00FDD078569149A319E3899514EDC40.e.5307","ELEMENT":"f.3B2BE3E2E19A2DB5732A49E5823ECB49.d.F00FDD078569149A319E3899514EDC40.e.5307"}]}
COMMAND: POST /session/2ce3b2f0aefb554551e0a4f31cbc268a/element - {"using":"xpath","value":"//div[contains(@id, \"filterItemControl_BASIC-YARD-valueHelpDialog-table-rowsel0\")]"}
COMMAND: GET /session/2ce3b2f0aefb554551e0a4f31cbc268a/screenshot - {}
RESULT: {"using":"xpath","value":"//div[contains(@id, \"filterItemControl_BASIC-YARD-valueHelpDialog-table-rowsel0\")]"}
COMMAND: POST /session/2ce3b2f0aefb554551e0a4f31cbc268a/element/f.3B2BE3E2E19A2DB5732A49E5823ECB49.d.F00FDD078569149A319E3899514EDC40.e.5308/click - {}
RESULT: {}
RESULT: {}
COMMAND: GET /session/2ce3b2f0aefb554551e0a4f31cbc268a/screenshot - {}
RESULT: {}
COMMAND: POST /session/2ce3b2f0aefb554551e0a4f31cbc268a/element - {"using":"xpath","value":"//div[contains(@id, \"smartFilterBar-filterItemControl_BASIC-YARD-valueHelpDialog-smartFilterBar-btnBasicSearch-reset\")]"}
RESULT: {"using":"xpath","value":"//div[contains(@id, \"smartFilterBar-filterItemControl_BASIC-YARD-valueHelpDialog-smartFilterBar-btnBasicSearch-reset\")]"}
COMMAND: POST /session/2ce3b2f0aefb554551e0a4f31cbc268a/element/f.3B2BE3E2E19A2DB5732A49E5823ECB49.d.F00FDD078569149A319E3899514EDC40.e.5310/click - {}
RESULT: {}
RESULT: undefined
COMMAND: POST /session/2ce3b2f0aefb554551e0a4f31cbc268a/execute/async - {"script":"<script> [776 bytes]","args":[{"enterText":"OPA5_BST01_YARD1","selector":{"id":"application-ruinventorylist-display-component---Master--smartFilterBar-filterItemControl_BASIC-YARD-valueHelpDialog-smartFilterBar-btnBasicSearch","searchOpenDialogs":true,"interaction":{"idSuffix":"I"}},"clearTextFirst":true,"interactionType":"ENTER_TEXT"}]}
COMMAND: GET /session/2ce3b2f0aefb554551e0a4f31cbc268a/screenshot - {}
RESULT: {"script":"<script> [776 bytes]","args":[{"enterText":"OPA5_BST01_YARD1","selector":{"id":"application-ruinventorylist-display-component---Master--smartFilterBar-filterItemControl_BASIC-YARD-valueHelpDialog-smartFilterBar-btnBasicSearch","searchOpenDialogs":true,"interaction":{"idSuffix":"I"}},"clearTextFirst":true,"interactionType":"ENTER_TEXT"}]}
COMMAND: POST /session/2ce3b2f0aefb554551e0a4f31cbc268a/actions - {"actions":[{"id":"action22","type":"key","parameters":{},"actions":[{"type":"keyDown","value":"î€‡"},{"type":"pause","duration":10},{"type":"keyUp","value":"î€‡"}]}]}
RESULT: {}
RESULT: {"actions":[{"id":"action22","type":"key","parameters":{},"actions":[{"type":"keyDown","value":"î€‡"},{"type":"pause","duration":10},{"type":"keyUp","value":"î€‡"}]}]}
COMMAND: GET /session/2ce3b2f0aefb554551e0a4f31cbc268a/screenshot - {}
RESULT: {}
COMMAND: POST /session/2ce3b2f0aefb554551e0a4f31cbc268a/elements - {"using":"xpath","value":"//table[contains(@id, \"filterItemControl_BASIC-YARD-valueHelpDialog-table-table\")]/tbody/tr"}
RESULT: {"using":"xpath","value":"//table[contains(@id, \"filterItemControl_BASIC-YARD-valueHelpDialog-table-table\")]/tbody/tr"}
COMMAND: POST /session/2ce3b2f0aefb554551e0a4f31cbc268a/element - {"using":"xpath","value":"//table[contains(@id, \"filterItemControl_BASIC-YARD-valueHelpDialog-table-table\")]/tbody/tr[1]/td[1]/div/span"}
RESULT: {"using":"xpath","value":"//table[contains(@id, \"filterItemControl_BASIC-YARD-valueHelpDialog-table-table\")]/tbody/tr[1]/td[1]/div/span"}
COMMAND: POST /session/2ce3b2f0aefb554551e0a4f31cbc268a/elements - {"using":"xpath","value":"//table[contains(@id, \"filterItemControl_BASIC-YARD-valueHelpDialog-table-table\")]/tbody/tr[1]/td[1]/div/span"}
RESULT: {"using":"xpath","value":"//table[contains(@id, \"filterItemControl_BASIC-YARD-valueHelpDialog-table-table\")]/tbody/tr[1]/td[1]/div/span"}
COMMAND: POST /session/2ce3b2f0aefb554551e0a4f31cbc268a/execute/sync - {"script":"<script> [56 bytes]","args":[{"element-6066-11e4-a52e-4f735466cecf":"f.3B2BE3E2E19A2DB5732A49E5823ECB49.d.F00FDD078569149A319E3899514EDC40.e.5307","ELEMENT":"f.3B2BE3E2E19A2DB5732A49E5823ECB49.d.F00FDD078569149A319E3899514EDC40.e.5307"}]}
RESULT: {"script":"<script> [56 bytes]","args":[{"element-6066-11e4-a52e-4f735466cecf":"f.3B2BE3E2E19A2DB5732A49E5823ECB49.d.F00FDD078569149A319E3899514EDC40.e.5307","ELEMENT":"f.3B2BE3E2E19A2DB5732A49E5823ECB49.d.F00FDD078569149A319E3899514EDC40.e.5307"}]}
COMMAND: POST /session/2ce3b2f0aefb554551e0a4f31cbc268a/element - {"using":"xpath","value":"//div[contains(@id, \"filterItemControl_BASIC-YARD-valueHelpDialog-table-rowsel0\")]"}
COMMAND: GET /session/2ce3b2f0aefb554551e0a4f31cbc268a/screenshot - {}
RESULT: {"using":"xpath","value":"//div[contains(@id, \"filterItemControl_BASIC-YARD-valueHelpDialog-table-rowsel0\")]"}
COMMAND: POST /session/2ce3b2f0aefb554551e0a4f31cbc268a/element/f.3B2BE3E2E19A2DB5732A49E5823ECB49.d.F00FDD078569149A319E3899514EDC40.e.5308/click - {}
RESULT: {}
RESULT: {}
COMMAND: GET /session/2ce3b2f0aefb554551e0a4f31cbc268a/screenshot - {}
RESULT: {}
COMMAND: POST /session/2ce3b2f0aefb554551e0a4f31cbc268a/element - {"using":"xpath","value":"(//bdi[contains(text(), \"OK\")])[1]"}
RESULT: {"using":"xpath","value":"(//bdi[contains(text(), \"OK\")])[1]"}
COMMAND: POST /session/2ce3b2f0aefb554551e0a4f31cbc268a/element/f.3B2BE3E2E19A2DB5732A49E5823ECB49.d.F00FDD078569149A319E3899514EDC40.e.5311/click - {}
RESULT: {}
COMMAND: GET /session/2ce3b2f0aefb554551e0a4f31cbc268a/screenshot - {}
RESULT: {}
COMMAND: POST /session/2ce3b2f0aefb554551e0a4f31cbc268a/element - {"using":"xpath","value":"//span[@id=\"application-ruinventorylist-display-component---Master--smartTableRuInventoryList-header-inner\"]"}
RESULT: {"using":"xpath","value":"//span[@id=\"application-ruinventorylist-display-component---Master--smartTableRuInventoryList-header-inner\"]"}
COMMAND: POST /session/2ce3b2f0aefb554551e0a4f31cbc268a/elements - {"using":"xpath","value":"//span[@id=\"application-ruinventorylist-display-component---Master--smartTableRuInventoryList-header-inner\"]"}
RESULT: {"using":"xpath","value":"//span[@id=\"application-ruinventorylist-display-component---Master--smartTableRuInventoryList-header-inner\"]"}
COMMAND: POST /session/2ce3b2f0aefb554551e0a4f31cbc268a/execute/sync - {"script":"<script> [56 bytes]","args":[{"element-6066-11e4-a52e-4f735466cecf":"f.3B2BE3E2E19A2DB5732A49E5823ECB49.d.F00FDD078569149A319E3899514EDC40.e.5461","ELEMENT":"f.3B2BE3E2E19A2DB5732A49E5823ECB49.d.F00FDD078569149A319E3899514EDC40.e.5461"}]}
RESULT: {"script":"<script> [56 bytes]","args":[{"element-6066-11e4-a52e-4f735466cecf":"f.3B2BE3E2E19A2DB5732A49E5823ECB49.d.F00FDD078569149A319E3899514EDC40.e.5461","ELEMENT":"f.3B2BE3E2E19A2DB5732A49E5823ECB49.d.F00FDD078569149A319E3899514EDC40.e.5461"}]}
RESULT: undefined
COMMAND: POST /session/2ce3b2f0aefb554551e0a4f31cbc268a/execute/async - {"script":"<script> [776 bytes]","args":[{"enterText":"600002","selector":{"id":"application-ruinventorylist-display-component---Master--smartFilterBar-btnBasicSearch","interaction":{"idSuffix":"I"}},"clearTextFirst":true,"interactionType":"ENTER_TEXT"}]}
COMMAND: GET /session/2ce3b2f0aefb554551e0a4f31cbc268a/screenshot - {}
RESULT: {"script":"<script> [776 bytes]","args":[{"enterText":"600002","selector":{"id":"application-ruinventorylist-display-component---Master--smartFilterBar-btnBasicSearch","interaction":{"idSuffix":"I"}},"clearTextFirst":true,"interactionType":"ENTER_TEXT"}]}
COMMAND: POST /session/2ce3b2f0aefb554551e0a4f31cbc268a/actions - {"actions":[{"id":"action23","type":"key","parameters":{},"actions":[{"type":"keyDown","value":"î€‡"},{"type":"pause","duration":10},{"type":"keyUp","value":"î€‡"}]}]}
RESULT: {}
RESULT: {"actions":[{"id":"action23","type":"key","parameters":{},"actions":[{"type":"keyDown","value":"î€‡"},{"type":"pause","duration":10},{"type":"keyUp","value":"î€‡"}]}]}
COMMAND: GET /session/2ce3b2f0aefb554551e0a4f31cbc268a/screenshot - {}
RESULT: {}
COMMAND: POST /session/2ce3b2f0aefb554551e0a4f31cbc268a/element - {"using":"xpath","value":"//span[@id=\"application-ruinventorylist-display-component---Master--smartTableRuInventoryList-header-inner\"]"}
RESULT: {"using":"xpath","value":"//span[@id=\"application-ruinventorylist-display-component---Master--smartTableRuInventoryList-header-inner\"]"}
COMMAND: POST /session/2ce3b2f0aefb554551e0a4f31cbc268a/elements - {"using":"xpath","value":"//span[@id=\"application-ruinventorylist-display-component---Master--smartTableRuInventoryList-header-inner\"]"}
RESULT: {"using":"xpath","value":"//span[@id=\"application-ruinventorylist-display-component---Master--smartTableRuInventoryList-header-inner\"]"}
COMMAND: POST /session/2ce3b2f0aefb554551e0a4f31cbc268a/execute/sync - {"script":"<script> [56 bytes]","args":[{"element-6066-11e4-a52e-4f735466cecf":"f.3B2BE3E2E19A2DB5732A49E5823ECB49.d.F00FDD078569149A319E3899514EDC40.e.5461","ELEMENT":"f.3B2BE3E2E19A2DB5732A49E5823ECB49.d.F00FDD078569149A319E3899514EDC40.e.5461"}]}
RESULT: {"script":"<script> [56 bytes]","args":[{"element-6066-11e4-a52e-4f735466cecf":"f.3B2BE3E2E19A2DB5732A49E5823ECB49.d.F00FDD078569149A319E3899514EDC40.e.5461","ELEMENT":"f.3B2BE3E2E19A2DB5732A49E5823ECB49.d.F00FDD078569149A319E3899514EDC40.e.5461"}]}
COMMAND: POST /session/2ce3b2f0aefb554551e0a4f31cbc268a/element - {"using":"xpath","value":"//table[contains(@id, \"application-ruinventorylist-display-component---Master--tableRuInventoryList-listUl\")]/tbody/tr[1]/td[2]/div/div"}
COMMAND: GET /session/2ce3b2f0aefb554551e0a4f31cbc268a/screenshot - {}
RESULT: {"using":"xpath","value":"//table[contains(@id, \"application-ruinventorylist-display-component---Master--tableRuInventoryList-listUl\")]/tbody/tr[1]/td[2]/div/div"}
COMMAND: POST /session/2ce3b2f0aefb554551e0a4f31cbc268a/element/f.3B2BE3E2E19A2DB5732A49E5823ECB49.d.F00FDD078569149A319E3899514EDC40.e.5468/click - {}
RESULT: {}
RESULT: {}
COMMAND: GET /session/2ce3b2f0aefb554551e0a4f31cbc268a/screenshot - {}
RESULT: {}
COMMAND: POST /session/2ce3b2f0aefb554551e0a4f31cbc268a/element - {"using":"xpath","value":"//div[contains(@id, \"smartFilterBar-btnBasicSearch-reset\")]"}
RESULT: {"using":"xpath","value":"//div[contains(@id, \"smartFilterBar-btnBasicSearch-reset\")]"}
COMMAND: POST /session/2ce3b2f0aefb554551e0a4f31cbc268a/element/f.3B2BE3E2E19A2DB5732A49E5823ECB49.d.F00FDD078569149A319E3899514EDC40.e.5478/click - {}
RESULT: {}
COMMAND: GET /session/2ce3b2f0aefb554551e0a4f31cbc268a/screenshot - {}
RESULT: {}
RESULT: undefined
COMMAND: POST /session/2ce3b2f0aefb554551e0a4f31cbc268a/execute/async - {"script":"<script> [776 bytes]","args":[{"enterText":"401002","selector":{"id":"application-ruinventorylist-display-component---Master--smartFilterBar-btnBasicSearch","interaction":{"idSuffix":"I"}},"clearTextFirst":true,"interactionType":"ENTER_TEXT"}]}
RESULT: {"script":"<script> [776 bytes]","args":[{"enterText":"401002","selector":{"id":"application-ruinventorylist-display-component---Master--smartFilterBar-btnBasicSearch","interaction":{"idSuffix":"I"}},"clearTextFirst":true,"interactionType":"ENTER_TEXT"}]}
COMMAND: POST /session/2ce3b2f0aefb554551e0a4f31cbc268a/actions - {"actions":[{"id":"action24","type":"key","parameters":{},"actions":[{"type":"keyDown","value":"î€‡"},{"type":"pause","duration":10},{"type":"keyUp","value":"î€‡"}]}]}
RESULT: {"actions":[{"id":"action24","type":"key","parameters":{},"actions":[{"type":"keyDown","value":"î€‡"},{"type":"pause","duration":10},{"type":"keyUp","value":"î€‡"}]}]}
COMMAND: GET /session/2ce3b2f0aefb554551e0a4f31cbc268a/screenshot - {}
RESULT: {}
COMMAND: POST /session/2ce3b2f0aefb554551e0a4f31cbc268a/element - {"using":"xpath","value":"//span[@id=\"application-ruinventorylist-display-component---Master--smartTableRuInventoryList-header-inner\"]"}
RESULT: {"using":"xpath","value":"//span[@id=\"application-ruinventorylist-display-component---Master--smartTableRuInventoryList-header-inner\"]"}
COMMAND: POST /session/2ce3b2f0aefb554551e0a4f31cbc268a/elements - {"using":"xpath","value":"//span[@id=\"application-ruinventorylist-display-component---Master--smartTableRuInventoryList-header-inner\"]"}
RESULT: {"using":"xpath","value":"//span[@id=\"application-ruinventorylist-display-component---Master--smartTableRuInventoryList-header-inner\"]"}
COMMAND: POST /session/2ce3b2f0aefb554551e0a4f31cbc268a/execute/sync - {"script":"<script> [56 bytes]","args":[{"element-6066-11e4-a52e-4f735466cecf":"f.3B2BE3E2E19A2DB5732A49E5823ECB49.d.F00FDD078569149A319E3899514EDC40.e.5461","ELEMENT":"f.3B2BE3E2E19A2DB5732A49E5823ECB49.d.F00FDD078569149A319E3899514EDC40.e.5461"}]}
RESULT: {"script":"<script> [56 bytes]","args":[{"element-6066-11e4-a52e-4f735466cecf":"f.3B2BE3E2E19A2DB5732A49E5823ECB49.d.F00FDD078569149A319E3899514EDC40.e.5461","ELEMENT":"f.3B2BE3E2E19A2DB5732A49E5823ECB49.d.F00FDD078569149A319E3899514EDC40.e.5461"}]}
COMMAND: POST /session/2ce3b2f0aefb554551e0a4f31cbc268a/element - {"using":"xpath","value":"//table[contains(@id, \"application-ruinventorylist-display-component---Master--tableRuInventoryList-listUl\")]/tbody/tr[1]/td[2]/div/div"}
COMMAND: GET /session/2ce3b2f0aefb554551e0a4f31cbc268a/screenshot - {}
RESULT: {"using":"xpath","value":"//table[contains(@id, \"application-ruinventorylist-display-component---Master--tableRuInventoryList-listUl\")]/tbody/tr[1]/td[2]/div/div"}
COMMAND: POST /session/2ce3b2f0aefb554551e0a4f31cbc268a/element/f.3B2BE3E2E19A2DB5732A49E5823ECB49.d.F00FDD078569149A319E3899514EDC40.e.5624/click - {}
RESULT: {}
RESULT: {}
COMMAND: GET /session/2ce3b2f0aefb554551e0a4f31cbc268a/screenshot - {}
RESULT: {}
COMMAND: POST /session/2ce3b2f0aefb554551e0a4f31cbc268a/element - {"using":"xpath","value":"//div[contains(@id, \"smartFilterBar-btnBasicSearch-reset\")]"}
RESULT: {"using":"xpath","value":"//div[contains(@id, \"smartFilterBar-btnBasicSearch-reset\")]"}
COMMAND: POST /session/2ce3b2f0aefb554551e0a4f31cbc268a/element/f.3B2BE3E2E19A2DB5732A49E5823ECB49.d.F00FDD078569149A319E3899514EDC40.e.5478/click - {}
RESULT: {}
COMMAND: GET /session/2ce3b2f0aefb554551e0a4f31cbc268a/screenshot - {}
RESULT: {}
RESULT: undefined
COMMAND: POST /session/2ce3b2f0aefb554551e0a4f31cbc268a/execute/async - {"script":"<script> [776 bytes]","args":[{"enterText":"4MyUD5yo4Y","selector":{"id":"application-ruinventorylist-display-component---Master--smartFilterBar-btnBasicSearch","interaction":{"idSuffix":"I"}},"clearTextFirst":true,"interactionType":"ENTER_TEXT"}]}
RESULT: {"script":"<script> [776 bytes]","args":[{"enterText":"4MyUD5yo4Y","selector":{"id":"application-ruinventorylist-display-component---Master--smartFilterBar-btnBasicSearch","interaction":{"idSuffix":"I"}},"clearTextFirst":true,"interactionType":"ENTER_TEXT"}]}
COMMAND: POST /session/2ce3b2f0aefb554551e0a4f31cbc268a/actions - {"actions":[{"id":"action25","type":"key","parameters":{},"actions":[{"type":"keyDown","value":"î€‡"},{"type":"pause","duration":10},{"type":"keyUp","value":"î€‡"}]}]}
RESULT: {"actions":[{"id":"action25","type":"key","parameters":{},"actions":[{"type":"keyDown","value":"î€‡"},{"type":"pause","duration":10},{"type":"keyUp","value":"î€‡"}]}]}
COMMAND: GET /session/2ce3b2f0aefb554551e0a4f31cbc268a/screenshot - {}
RESULT: {}
COMMAND: POST /session/2ce3b2f0aefb554551e0a4f31cbc268a/element - {"using":"xpath","value":"//span[@id=\"application-ruinventorylist-display-component---Master--smartTableRuInventoryList-header-inner\"]"}
RESULT: {"using":"xpath","value":"//span[@id=\"application-ruinventorylist-display-component---Master--smartTableRuInventoryList-header-inner\"]"}
COMMAND: POST /session/2ce3b2f0aefb554551e0a4f31cbc268a/elements - {"using":"xpath","value":"//span[@id=\"application-ruinventorylist-display-component---Master--smartTableRuInventoryList-header-inner\"]"}
RESULT: {"using":"xpath","value":"//span[@id=\"application-ruinventorylist-display-component---Master--smartTableRuInventoryList-header-inner\"]"}
COMMAND: POST /session/2ce3b2f0aefb554551e0a4f31cbc268a/execute/sync - {"script":"<script> [56 bytes]","args":[{"element-6066-11e4-a52e-4f735466cecf":"f.3B2BE3E2E19A2DB5732A49E5823ECB49.d.F00FDD078569149A319E3899514EDC40.e.5461","ELEMENT":"f.3B2BE3E2E19A2DB5732A49E5823ECB49.d.F00FDD078569149A319E3899514EDC40.e.5461"}]}
RESULT: {"script":"<script> [56 bytes]","args":[{"element-6066-11e4-a52e-4f735466cecf":"f.3B2BE3E2E19A2DB5732A49E5823ECB49.d.F00FDD078569149A319E3899514EDC40.e.5461","ELEMENT":"f.3B2BE3E2E19A2DB5732A49E5823ECB49.d.F00FDD078569149A319E3899514EDC40.e.5461"}]}
COMMAND: POST /session/2ce3b2f0aefb554551e0a4f31cbc268a/element - {"using":"xpath","value":"//table[contains(@id, \"application-ruinventorylist-display-component---Master--tableRuInventoryList-listUl\")]/tbody/tr[1]/td[2]/div/div"}
COMMAND: GET /session/2ce3b2f0aefb554551e0a4f31cbc268a/screenshot - {}
RESULT: {"using":"xpath","value":"//table[contains(@id, \"application-ruinventorylist-display-component---Master--tableRuInventoryList-listUl\")]/tbody/tr[1]/td[2]/div/div"}
COMMAND: POST /session/2ce3b2f0aefb554551e0a4f31cbc268a/element/f.3B2BE3E2E19A2DB5732A49E5823ECB49.d.F00FDD078569149A319E3899514EDC40.e.5782/click - {}
RESULT: {}
RESULT: {}
COMMAND: GET /session/2ce3b2f0aefb554551e0a4f31cbc268a/screenshot - {}
RESULT: {}
COMMAND: POST /session/2ce3b2f0aefb554551e0a4f31cbc268a/element - {"using":"xpath","value":"//div[contains(@id, \"smartFilterBar-btnBasicSearch-reset\")]"}
RESULT: {"using":"xpath","value":"//div[contains(@id, \"smartFilterBar-btnBasicSearch-reset\")]"}
COMMAND: POST /session/2ce3b2f0aefb554551e0a4f31cbc268a/element/f.3B2BE3E2E19A2DB5732A49E5823ECB49.d.F00FDD078569149A319E3899514EDC40.e.5478/click - {}
RESULT: {}
COMMAND: GET /session/2ce3b2f0aefb554551e0a4f31cbc268a/screenshot - {}
RESULT: {}
RESULT: undefined
COMMAND: POST /session/2ce3b2f0aefb554551e0a4f31cbc268a/execute/async - {"script":"<script> [776 bytes]","args":[{"enterText":"200321","selector":{"id":"application-ruinventorylist-display-component---Master--smartFilterBar-btnBasicSearch","interaction":{"idSuffix":"I"}},"clearTextFirst":true,"interactionType":"ENTER_TEXT"}]}
RESULT: {"script":"<script> [776 bytes]","args":[{"enterText":"200321","selector":{"id":"application-ruinventorylist-display-component---Master--smartFilterBar-btnBasicSearch","interaction":{"idSuffix":"I"}},"clearTextFirst":true,"interactionType":"ENTER_TEXT"}]}
COMMAND: POST /session/2ce3b2f0aefb554551e0a4f31cbc268a/actions - {"actions":[{"id":"action26","type":"key","parameters":{},"actions":[{"type":"keyDown","value":"î€‡"},{"type":"pause","duration":10},{"type":"keyUp","value":"î€‡"}]}]}
RESULT: {"actions":[{"id":"action26","type":"key","parameters":{},"actions":[{"type":"keyDown","value":"î€‡"},{"type":"pause","duration":10},{"type":"keyUp","value":"î€‡"}]}]}
COMMAND: GET /session/2ce3b2f0aefb554551e0a4f31cbc268a/screenshot - {}
RESULT: {}
COMMAND: POST /session/2ce3b2f0aefb554551e0a4f31cbc268a/element - {"using":"xpath","value":"//span[@id=\"application-ruinventorylist-display-component---Master--smartTableRuInventoryList-header-inner\"]"}
RESULT: {"using":"xpath","value":"//span[@id=\"application-ruinventorylist-display-component---Master--smartTableRuInventoryList-header-inner\"]"}
COMMAND: POST /session/2ce3b2f0aefb554551e0a4f31cbc268a/elements - {"using":"xpath","value":"//span[@id=\"application-ruinventorylist-display-component---Master--smartTableRuInventoryList-header-inner\"]"}
RESULT: {"using":"xpath","value":"//span[@id=\"application-ruinventorylist-display-component---Master--smartTableRuInventoryList-header-inner\"]"}
COMMAND: POST /session/2ce3b2f0aefb554551e0a4f31cbc268a/execute/sync - {"script":"<script> [56 bytes]","args":[{"element-6066-11e4-a52e-4f735466cecf":"f.3B2BE3E2E19A2DB5732A49E5823ECB49.d.F00FDD078569149A319E3899514EDC40.e.5461","ELEMENT":"f.3B2BE3E2E19A2DB5732A49E5823ECB49.d.F00FDD078569149A319E3899514EDC40.e.5461"}]}
RESULT: {"script":"<script> [56 bytes]","args":[{"element-6066-11e4-a52e-4f735466cecf":"f.3B2BE3E2E19A2DB5732A49E5823ECB49.d.F00FDD078569149A319E3899514EDC40.e.5461","ELEMENT":"f.3B2BE3E2E19A2DB5732A49E5823ECB49.d.F00FDD078569149A319E3899514EDC40.e.5461"}]}
COMMAND: POST /session/2ce3b2f0aefb554551e0a4f31cbc268a/element - {"using":"xpath","value":"//table[contains(@id, \"application-ruinventorylist-display-component---Master--tableRuInventoryList-listUl\")]/tbody/tr[1]/td[2]/div/div"}
COMMAND: GET /session/2ce3b2f0aefb554551e0a4f31cbc268a/screenshot - {}
RESULT: {"using":"xpath","value":"//table[contains(@id, \"application-ruinventorylist-display-component---Master--tableRuInventoryList-listUl\")]/tbody/tr[1]/td[2]/div/div"}
COMMAND: POST /session/2ce3b2f0aefb554551e0a4f31cbc268a/element/f.3B2BE3E2E19A2DB5732A49E5823ECB49.d.F00FDD078569149A319E3899514EDC40.e.5937/click - {}
RESULT: {}
RESULT: {}
COMMAND: GET /session/2ce3b2f0aefb554551e0a4f31cbc268a/screenshot - {}
RESULT: {}
COMMAND: POST /session/2ce3b2f0aefb554551e0a4f31cbc268a/element - {"using":"xpath","value":"//div[contains(@id, \"smartFilterBar-btnBasicSearch-reset\")]"}
RESULT: {"using":"xpath","value":"//div[contains(@id, \"smartFilterBar-btnBasicSearch-reset\")]"}
COMMAND: POST /session/2ce3b2f0aefb554551e0a4f31cbc268a/element/f.3B2BE3E2E19A2DB5732A49E5823ECB49.d.F00FDD078569149A319E3899514EDC40.e.5478/click - {}
RESULT: {}
COMMAND: GET /session/2ce3b2f0aefb554551e0a4f31cbc268a/screenshot - {}
COMMAND: POST /session/2ce3b2f0aefb554551e0a4f31cbc268a/element/f.3B2BE3E2E19A2DB5732A49E5823ECB49.d.F00FDD078569149A319E3899514EDC40.e.4902/click - {}
RESULT: {}
RESULT: {}
COMMAND: GET /session/2ce3b2f0aefb554551e0a4f31cbc268a/screenshot - {}
RESULT: {}
COMMAND: POST /session/2ce3b2f0aefb554551e0a4f31cbc268a/execute/async - {"script":"<script> [1562 bytes]","args":[{"selector":{"id":"application-ruinventorylist-display-component---Master--effectiveDate","searchOpenDialogs":true,"interaction":{"idSuffix":"inner"}},"wdio_ui5_key":"applicationruinventorylist-display-component---Master--effectiveDate"}]}
RESULT: {"script":"<script> [1562 bytes]","args":[{"selector":{"id":"application-ruinventorylist-display-component---Master--effectiveDate","searchOpenDialogs":true,"interaction":{"idSuffix":"inner"}},"wdio_ui5_key":"applicationruinventorylist-display-component---Master--effectiveDate"}]}
RESULT: undefined
COMMAND: POST /session/2ce3b2f0aefb554551e0a4f31cbc268a/execute/async - {"script":"<script> [776 bytes]","args":[{"enterText":"05/19/25","selector":{"id":"application-ruinventorylist-display-component---Master--effectiveDate","searchOpenDialogs":true,"interaction":{"idSuffix":"inner"}},"clearTextFirst":true,"interactionType":"ENTER_TEXT"}]}
RESULT: {"script":"<script> [776 bytes]","args":[{"enterText":"05/19/25","selector":{"id":"application-ruinventorylist-display-component---Master--effectiveDate","searchOpenDialogs":true,"interaction":{"idSuffix":"inner"}},"clearTextFirst":true,"interactionType":"ENTER_TEXT"}]}
COMMAND: POST /session/2ce3b2f0aefb554551e0a4f31cbc268a/element - {"using":"xpath","value":"//span[contains(@data-kt,\"correctionMassStateChangeIcon\")]"}
RESULT: {"using":"xpath","value":"//span[contains(@data-kt,\"correctionMassStateChangeIcon\")]"}
COMMAND: POST /session/2ce3b2f0aefb554551e0a4f31cbc268a/elements - {"using":"xpath","value":"//span[contains(@data-kt,\"correctionMassStateChangeIcon\")]"}
RESULT: {"using":"xpath","value":"//span[contains(@data-kt,\"correctionMassStateChangeIcon\")]"}
COMMAND: POST /session/2ce3b2f0aefb554551e0a4f31cbc268a/elements - {"using":"xpath","value":"//span[contains(@data-kt,\"correctionMassStateChangeIcon\")]"}
RESULT: {"using":"xpath","value":"//span[contains(@data-kt,\"correctionMassStateChangeIcon\")]"}
RESULT: undefined
COMMAND: POST /session/2ce3b2f0aefb554551e0a4f31cbc268a/element - {"using":"xpath","value":"//*[@id=\"application-ruinventorylist-display-component---Master--ruStateTypes-arrow\"]"}
RESULT: {"using":"xpath","value":"//*[@id=\"application-ruinventorylist-display-component---Master--ruStateTypes-arrow\"]"}
COMMAND: POST /session/2ce3b2f0aefb554551e0a4f31cbc268a/element/f.3B2BE3E2E19A2DB5732A49E5823ECB49.d.F00FDD078569149A319E3899514EDC40.e.6134/click - {}
RESULT: {}
COMMAND: GET /session/2ce3b2f0aefb554551e0a4f31cbc268a/screenshot - {}
RESULT: {}
COMMAND: POST /session/2ce3b2f0aefb554551e0a4f31cbc268a/element - {"using":"xpath","value":"//li[.//span[text()=\"defect\"]]"}
RESULT: {"using":"xpath","value":"//li[.//span[text()=\"defect\"]]"}
COMMAND: POST /session/2ce3b2f0aefb554551e0a4f31cbc268a/element/f.3B2BE3E2E19A2DB5732A49E5823ECB49.d.F00FDD078569149A319E3899514EDC40.e.6135/click - {}
RESULT: {}
COMMAND: GET /session/2ce3b2f0aefb554551e0a4f31cbc268a/screenshot - {}
RESULT: {}
COMMAND: POST /session/2ce3b2f0aefb554551e0a4f31cbc268a/element - {"using":"xpath","value":"(//bdi[contains(text(), \"OK\")])[1]"}
RESULT: {"using":"xpath","value":"(//bdi[contains(text(), \"OK\")])[1]"}
COMMAND: POST /session/2ce3b2f0aefb554551e0a4f31cbc268a/element/f.3B2BE3E2E19A2DB5732A49E5823ECB49.d.F00FDD078569149A319E3899514EDC40.e.6136/click - {}
RESULT: {}
COMMAND: GET /session/2ce3b2f0aefb554551e0a4f31cbc268a/screenshot - {}
RESULT: {}
COMMAND: POST /session/2ce3b2f0aefb554551e0a4f31cbc268a/element - {"using":"css selector","value":"div.sapMMessageBoxError"}
RESULT: {"using":"css selector","value":"div.sapMMessageBoxError"}
COMMAND: POST /session/2ce3b2f0aefb554551e0a4f31cbc268a/elements - {"using":"css selector","value":"div.sapMMessageBoxError"}
RESULT: {"using":"css selector","value":"div.sapMMessageBoxError"}
COMMAND: POST /session/2ce3b2f0aefb554551e0a4f31cbc268a/element - {"using":"xpath","value":"//div[contains(@class, \"sapMMessageBoxError\")]/section/div/div/span"}
RESULT: {"using":"xpath","value":"//div[contains(@class, \"sapMMessageBoxError\")]/section/div/div/span"}
COMMAND: POST /session/2ce3b2f0aefb554551e0a4f31cbc268a/execute/sync - {"script":"<script> [56 bytes]","args":[{"element-6066-11e4-a52e-4f735466cecf":"f.3B2BE3E2E19A2DB5732A49E5823ECB49.d.F00FDD078569149A319E3899514EDC40.e.6139","ELEMENT":"f.3B2BE3E2E19A2DB5732A49E5823ECB49.d.F00FDD078569149A319E3899514EDC40.e.6139"}]}
RESULT: {"script":"<script> [56 bytes]","args":[{"element-6066-11e4-a52e-4f735466cecf":"f.3B2BE3E2E19A2DB5732A49E5823ECB49.d.F00FDD078569149A319E3899514EDC40.e.6139","ELEMENT":"f.3B2BE3E2E19A2DB5732A49E5823ECB49.d.F00FDD078569149A319E3899514EDC40.e.6139"}]}
COMMAND: POST /session/2ce3b2f0aefb554551e0a4f31cbc268a/element - {"using":"xpath","value":"(//bdi[contains(text(), \"Close\")])[1]"}
COMMAND: GET /session/2ce3b2f0aefb554551e0a4f31cbc268a/screenshot - {}
RESULT: {"using":"xpath","value":"(//bdi[contains(text(), \"Close\")])[1]"}
COMMAND: POST /session/2ce3b2f0aefb554551e0a4f31cbc268a/element/f.3B2BE3E2E19A2DB5732A49E5823ECB49.d.F00FDD078569149A319E3899514EDC40.e.6141/click - {}
RESULT: {}
RESULT: {}
COMMAND: GET /session/2ce3b2f0aefb554551e0a4f31cbc268a/screenshot - {}
RESULT: {}
RESULT: undefined
COMMAND: POST /session/2ce3b2f0aefb554551e0a4f31cbc268a/execute/async - {"script":"<script> [776 bytes]","args":[{"enterText":"05/20/25","selector":{"id":"application-ruinventorylist-display-component---Master--effectiveDate","searchOpenDialogs":true,"interaction":{"idSuffix":"inner"}},"clearTextFirst":true,"interactionType":"ENTER_TEXT"}]}
RESULT: {"script":"<script> [776 bytes]","args":[{"enterText":"05/20/25","selector":{"id":"application-ruinventorylist-display-component---Master--effectiveDate","searchOpenDialogs":true,"interaction":{"idSuffix":"inner"}},"clearTextFirst":true,"interactionType":"ENTER_TEXT"}]}
COMMAND: POST /session/2ce3b2f0aefb554551e0a4f31cbc268a/element - {"using":"xpath","value":"(//bdi[contains(text(), \"OK\")])[1]"}
RESULT: {"using":"xpath","value":"(//bdi[contains(text(), \"OK\")])[1]"}
COMMAND: POST /session/2ce3b2f0aefb554551e0a4f31cbc268a/element/f.3B2BE3E2E19A2DB5732A49E5823ECB49.d.F00FDD078569149A319E3899514EDC40.e.6136/click - {}
RESULT: {}
COMMAND: GET /session/2ce3b2f0aefb554551e0a4f31cbc268a/screenshot - {}
RESULT: {}
COMMAND: POST /session/2ce3b2f0aefb554551e0a4f31cbc268a/element - {"using":"xpath","value":"(//bdi[contains(text(), \"OK\")])[2]"}
RESULT: {"using":"xpath","value":"(//bdi[contains(text(), \"OK\")])[2]"}
COMMAND: POST /session/2ce3b2f0aefb554551e0a4f31cbc268a/element/f.3B2BE3E2E19A2DB5732A49E5823ECB49.d.F00FDD078569149A319E3899514EDC40.e.6188/click - {}
RESULT: {}
COMMAND: GET /session/2ce3b2f0aefb554551e0a4f31cbc268a/screenshot - {}
RESULT: {}
RESULT: undefined
COMMAND: POST /session/2ce3b2f0aefb554551e0a4f31cbc268a/execute/async - {"script":"<script> [776 bytes]","args":[{"enterText":"600002","selector":{"id":"application-ruinventorylist-display-component---Master--smartFilterBar-btnBasicSearch","interaction":{"idSuffix":"I"}},"clearTextFirst":true,"interactionType":"ENTER_TEXT"}]}
RESULT: {"script":"<script> [776 bytes]","args":[{"enterText":"600002","selector":{"id":"application-ruinventorylist-display-component---Master--smartFilterBar-btnBasicSearch","interaction":{"idSuffix":"I"}},"clearTextFirst":true,"interactionType":"ENTER_TEXT"}]}
COMMAND: POST /session/2ce3b2f0aefb554551e0a4f31cbc268a/actions - {"actions":[{"id":"action27","type":"key","parameters":{},"actions":[{"type":"keyDown","value":"î€‡"},{"type":"pause","duration":10},{"type":"keyUp","value":"î€‡"}]}]}
RESULT: {"actions":[{"id":"action27","type":"key","parameters":{},"actions":[{"type":"keyDown","value":"î€‡"},{"type":"pause","duration":10},{"type":"keyUp","value":"î€‡"}]}]}
COMMAND: GET /session/2ce3b2f0aefb554551e0a4f31cbc268a/screenshot - {}
RESULT: {}
COMMAND: POST /session/2ce3b2f0aefb554551e0a4f31cbc268a/element - {"using":"xpath","value":"//span[@id=\"application-ruinventorylist-display-component---Master--smartTableRuInventoryList-header-inner\"]"}
RESULT: {"using":"xpath","value":"//span[@id=\"application-ruinventorylist-display-component---Master--smartTableRuInventoryList-header-inner\"]"}
COMMAND: POST /session/2ce3b2f0aefb554551e0a4f31cbc268a/elements - {"using":"xpath","value":"//span[@id=\"application-ruinventorylist-display-component---Master--smartTableRuInventoryList-header-inner\"]"}
RESULT: {"using":"xpath","value":"//span[@id=\"application-ruinventorylist-display-component---Master--smartTableRuInventoryList-header-inner\"]"}
COMMAND: POST /session/2ce3b2f0aefb554551e0a4f31cbc268a/execute/sync - {"script":"<script> [56 bytes]","args":[{"element-6066-11e4-a52e-4f735466cecf":"f.3B2BE3E2E19A2DB5732A49E5823ECB49.d.F00FDD078569149A319E3899514EDC40.e.5461","ELEMENT":"f.3B2BE3E2E19A2DB5732A49E5823ECB49.d.F00FDD078569149A319E3899514EDC40.e.5461"}]}
RESULT: {"script":"<script> [56 bytes]","args":[{"element-6066-11e4-a52e-4f735466cecf":"f.3B2BE3E2E19A2DB5732A49E5823ECB49.d.F00FDD078569149A319E3899514EDC40.e.5461","ELEMENT":"f.3B2BE3E2E19A2DB5732A49E5823ECB49.d.F00FDD078569149A319E3899514EDC40.e.5461"}]}
COMMAND: POST /session/2ce3b2f0aefb554551e0a4f31cbc268a/element - {"using":"xpath","value":"//table[contains(@id, \"application-ruinventorylist-display-component---Master--tableRuInventoryList-listUl\")]/tbody/tr[1]/td[6]/div/span"}
COMMAND: GET /session/2ce3b2f0aefb554551e0a4f31cbc268a/screenshot - {}
RESULT: {"using":"xpath","value":"//table[contains(@id, \"application-ruinventorylist-display-component---Master--tableRuInventoryList-listUl\")]/tbody/tr[1]/td[6]/div/span"}
COMMAND: POST /session/2ce3b2f0aefb554551e0a4f31cbc268a/execute/sync - {"script":"<script> [56 bytes]","args":[{"element-6066-11e4-a52e-4f735466cecf":"f.3B2BE3E2E19A2DB5732A49E5823ECB49.d.F00FDD078569149A319E3899514EDC40.e.6208","ELEMENT":"f.3B2BE3E2E19A2DB5732A49E5823ECB49.d.F00FDD078569149A319E3899514EDC40.e.6208"}]}
RESULT: {}
RESULT: {"script":"<script> [56 bytes]","args":[{"element-6066-11e4-a52e-4f735466cecf":"f.3B2BE3E2E19A2DB5732A49E5823ECB49.d.F00FDD078569149A319E3899514EDC40.e.6208","ELEMENT":"f.3B2BE3E2E19A2DB5732A49E5823ECB49.d.F00FDD078569149A319E3899514EDC40.e.6208"}]}
COMMAND: POST /session/2ce3b2f0aefb554551e0a4f31cbc268a/element - {"using":"xpath","value":"//div[contains(@id, \"smartFilterBar-btnBasicSearch-reset\")]"}
COMMAND: GET /session/2ce3b2f0aefb554551e0a4f31cbc268a/screenshot - {}
RESULT: {"using":"xpath","value":"//div[contains(@id, \"smartFilterBar-btnBasicSearch-reset\")]"}
COMMAND: POST /session/2ce3b2f0aefb554551e0a4f31cbc268a/element/f.3B2BE3E2E19A2DB5732A49E5823ECB49.d.F00FDD078569149A319E3899514EDC40.e.5478/click - {}
RESULT: {}
RESULT: {}
COMMAND: GET /session/2ce3b2f0aefb554551e0a4f31cbc268a/screenshot - {}
RESULT: {}
RESULT: undefined
COMMAND: POST /session/2ce3b2f0aefb554551e0a4f31cbc268a/execute/async - {"script":"<script> [776 bytes]","args":[{"enterText":"401002","selector":{"id":"application-ruinventorylist-display-component---Master--smartFilterBar-btnBasicSearch","interaction":{"idSuffix":"I"}},"clearTextFirst":true,"interactionType":"ENTER_TEXT"}]}
RESULT: {"script":"<script> [776 bytes]","args":[{"enterText":"401002","selector":{"id":"application-ruinventorylist-display-component---Master--smartFilterBar-btnBasicSearch","interaction":{"idSuffix":"I"}},"clearTextFirst":true,"interactionType":"ENTER_TEXT"}]}
COMMAND: POST /session/2ce3b2f0aefb554551e0a4f31cbc268a/actions - {"actions":[{"id":"action28","type":"key","parameters":{},"actions":[{"type":"keyDown","value":"î€‡"},{"type":"pause","duration":10},{"type":"keyUp","value":"î€‡"}]}]}
RESULT: {"actions":[{"id":"action28","type":"key","parameters":{},"actions":[{"type":"keyDown","value":"î€‡"},{"type":"pause","duration":10},{"type":"keyUp","value":"î€‡"}]}]}
COMMAND: GET /session/2ce3b2f0aefb554551e0a4f31cbc268a/screenshot - {}
RESULT: {}
COMMAND: POST /session/2ce3b2f0aefb554551e0a4f31cbc268a/element - {"using":"xpath","value":"//span[@id=\"application-ruinventorylist-display-component---Master--smartTableRuInventoryList-header-inner\"]"}
RESULT: {"using":"xpath","value":"//span[@id=\"application-ruinventorylist-display-component---Master--smartTableRuInventoryList-header-inner\"]"}
COMMAND: POST /session/2ce3b2f0aefb554551e0a4f31cbc268a/elements - {"using":"xpath","value":"//span[@id=\"application-ruinventorylist-display-component---Master--smartTableRuInventoryList-header-inner\"]"}
RESULT: {"using":"xpath","value":"//span[@id=\"application-ruinventorylist-display-component---Master--smartTableRuInventoryList-header-inner\"]"}
COMMAND: POST /session/2ce3b2f0aefb554551e0a4f31cbc268a/execute/sync - {"script":"<script> [56 bytes]","args":[{"element-6066-11e4-a52e-4f735466cecf":"f.3B2BE3E2E19A2DB5732A49E5823ECB49.d.F00FDD078569149A319E3899514EDC40.e.5461","ELEMENT":"f.3B2BE3E2E19A2DB5732A49E5823ECB49.d.F00FDD078569149A319E3899514EDC40.e.5461"}]}
RESULT: {"script":"<script> [56 bytes]","args":[{"element-6066-11e4-a52e-4f735466cecf":"f.3B2BE3E2E19A2DB5732A49E5823ECB49.d.F00FDD078569149A319E3899514EDC40.e.5461","ELEMENT":"f.3B2BE3E2E19A2DB5732A49E5823ECB49.d.F00FDD078569149A319E3899514EDC40.e.5461"}]}
COMMAND: POST /session/2ce3b2f0aefb554551e0a4f31cbc268a/element - {"using":"xpath","value":"//table[contains(@id, \"application-ruinventorylist-display-component---Master--tableRuInventoryList-listUl\")]/tbody/tr[1]/td[6]/div/span"}
COMMAND: GET /session/2ce3b2f0aefb554551e0a4f31cbc268a/screenshot - {}
RESULT: {"using":"xpath","value":"//table[contains(@id, \"application-ruinventorylist-display-component---Master--tableRuInventoryList-listUl\")]/tbody/tr[1]/td[6]/div/span"}
COMMAND: POST /session/2ce3b2f0aefb554551e0a4f31cbc268a/execute/sync - {"script":"<script> [56 bytes]","args":[{"element-6066-11e4-a52e-4f735466cecf":"f.3B2BE3E2E19A2DB5732A49E5823ECB49.d.F00FDD078569149A319E3899514EDC40.e.6294","ELEMENT":"f.3B2BE3E2E19A2DB5732A49E5823ECB49.d.F00FDD078569149A319E3899514EDC40.e.6294"}]}
RESULT: {}
RESULT: {"script":"<script> [56 bytes]","args":[{"element-6066-11e4-a52e-4f735466cecf":"f.3B2BE3E2E19A2DB5732A49E5823ECB49.d.F00FDD078569149A319E3899514EDC40.e.6294","ELEMENT":"f.3B2BE3E2E19A2DB5732A49E5823ECB49.d.F00FDD078569149A319E3899514EDC40.e.6294"}]}
COMMAND: POST /session/2ce3b2f0aefb554551e0a4f31cbc268a/element - {"using":"xpath","value":"//div[contains(@id, \"smartFilterBar-btnBasicSearch-reset\")]"}
COMMAND: GET /session/2ce3b2f0aefb554551e0a4f31cbc268a/screenshot - {}
RESULT: {"using":"xpath","value":"//div[contains(@id, \"smartFilterBar-btnBasicSearch-reset\")]"}
COMMAND: POST /session/2ce3b2f0aefb554551e0a4f31cbc268a/element/f.3B2BE3E2E19A2DB5732A49E5823ECB49.d.F00FDD078569149A319E3899514EDC40.e.5478/click - {}
RESULT: {}
RESULT: {}
COMMAND: GET /session/2ce3b2f0aefb554551e0a4f31cbc268a/screenshot - {}
RESULT: {}
RESULT: undefined
COMMAND: POST /session/2ce3b2f0aefb554551e0a4f31cbc268a/execute/async - {"script":"<script> [776 bytes]","args":[{"enterText":"4MyUD5yo4Y","selector":{"id":"application-ruinventorylist-display-component---Master--smartFilterBar-btnBasicSearch","interaction":{"idSuffix":"I"}},"clearTextFirst":true,"interactionType":"ENTER_TEXT"}]}
RESULT: {"script":"<script> [776 bytes]","args":[{"enterText":"4MyUD5yo4Y","selector":{"id":"application-ruinventorylist-display-component---Master--smartFilterBar-btnBasicSearch","interaction":{"idSuffix":"I"}},"clearTextFirst":true,"interactionType":"ENTER_TEXT"}]}
COMMAND: POST /session/2ce3b2f0aefb554551e0a4f31cbc268a/actions - {"actions":[{"id":"action29","type":"key","parameters":{},"actions":[{"type":"keyDown","value":"î€‡"},{"type":"pause","duration":10},{"type":"keyUp","value":"î€‡"}]}]}
RESULT: {"actions":[{"id":"action29","type":"key","parameters":{},"actions":[{"type":"keyDown","value":"î€‡"},{"type":"pause","duration":10},{"type":"keyUp","value":"î€‡"}]}]}
COMMAND: GET /session/2ce3b2f0aefb554551e0a4f31cbc268a/screenshot - {}
RESULT: {}
COMMAND: POST /session/2ce3b2f0aefb554551e0a4f31cbc268a/element - {"using":"xpath","value":"//span[@id=\"application-ruinventorylist-display-component---Master--smartTableRuInventoryList-header-inner\"]"}
RESULT: {"using":"xpath","value":"//span[@id=\"application-ruinventorylist-display-component---Master--smartTableRuInventoryList-header-inner\"]"}
COMMAND: POST /session/2ce3b2f0aefb554551e0a4f31cbc268a/elements - {"using":"xpath","value":"//span[@id=\"application-ruinventorylist-display-component---Master--smartTableRuInventoryList-header-inner\"]"}
RESULT: {"using":"xpath","value":"//span[@id=\"application-ruinventorylist-display-component---Master--smartTableRuInventoryList-header-inner\"]"}
COMMAND: POST /session/2ce3b2f0aefb554551e0a4f31cbc268a/execute/sync - {"script":"<script> [56 bytes]","args":[{"element-6066-11e4-a52e-4f735466cecf":"f.3B2BE3E2E19A2DB5732A49E5823ECB49.d.F00FDD078569149A319E3899514EDC40.e.5461","ELEMENT":"f.3B2BE3E2E19A2DB5732A49E5823ECB49.d.F00FDD078569149A319E3899514EDC40.e.5461"}]}
RESULT: {"script":"<script> [56 bytes]","args":[{"element-6066-11e4-a52e-4f735466cecf":"f.3B2BE3E2E19A2DB5732A49E5823ECB49.d.F00FDD078569149A319E3899514EDC40.e.5461","ELEMENT":"f.3B2BE3E2E19A2DB5732A49E5823ECB49.d.F00FDD078569149A319E3899514EDC40.e.5461"}]}
COMMAND: POST /session/2ce3b2f0aefb554551e0a4f31cbc268a/element - {"using":"xpath","value":"//table[contains(@id, \"application-ruinventorylist-display-component---Master--tableRuInventoryList-listUl\")]/tbody/tr[1]/td[6]/div/span"}
COMMAND: GET /session/2ce3b2f0aefb554551e0a4f31cbc268a/screenshot - {}
RESULT: {"using":"xpath","value":"//table[contains(@id, \"application-ruinventorylist-display-component---Master--tableRuInventoryList-listUl\")]/tbody/tr[1]/td[6]/div/span"}
COMMAND: POST /session/2ce3b2f0aefb554551e0a4f31cbc268a/execute/sync - {"script":"<script> [56 bytes]","args":[{"element-6066-11e4-a52e-4f735466cecf":"f.3B2BE3E2E19A2DB5732A49E5823ECB49.d.F00FDD078569149A319E3899514EDC40.e.6381","ELEMENT":"f.3B2BE3E2E19A2DB5732A49E5823ECB49.d.F00FDD078569149A319E3899514EDC40.e.6381"}]}
RESULT: {}
RESULT: {"script":"<script> [56 bytes]","args":[{"element-6066-11e4-a52e-4f735466cecf":"f.3B2BE3E2E19A2DB5732A49E5823ECB49.d.F00FDD078569149A319E3899514EDC40.e.6381","ELEMENT":"f.3B2BE3E2E19A2DB5732A49E5823ECB49.d.F00FDD078569149A319E3899514EDC40.e.6381"}]}
COMMAND: POST /session/2ce3b2f0aefb554551e0a4f31cbc268a/element - {"using":"xpath","value":"//div[contains(@id, \"smartFilterBar-btnBasicSearch-reset\")]"}
COMMAND: GET /session/2ce3b2f0aefb554551e0a4f31cbc268a/screenshot - {}
RESULT: {"using":"xpath","value":"//div[contains(@id, \"smartFilterBar-btnBasicSearch-reset\")]"}
COMMAND: POST /session/2ce3b2f0aefb554551e0a4f31cbc268a/element/f.3B2BE3E2E19A2DB5732A49E5823ECB49.d.F00FDD078569149A319E3899514EDC40.e.5478/click - {}
RESULT: {}
RESULT: {}
COMMAND: GET /session/2ce3b2f0aefb554551e0a4f31cbc268a/screenshot - {}
RESULT: {}
RESULT: undefined
COMMAND: POST /session/2ce3b2f0aefb554551e0a4f31cbc268a/execute/async - {"script":"<script> [776 bytes]","args":[{"enterText":"200321","selector":{"id":"application-ruinventorylist-display-component---Master--smartFilterBar-btnBasicSearch","interaction":{"idSuffix":"I"}},"clearTextFirst":true,"interactionType":"ENTER_TEXT"}]}
RESULT: {"script":"<script> [776 bytes]","args":[{"enterText":"200321","selector":{"id":"application-ruinventorylist-display-component---Master--smartFilterBar-btnBasicSearch","interaction":{"idSuffix":"I"}},"clearTextFirst":true,"interactionType":"ENTER_TEXT"}]}
COMMAND: POST /session/2ce3b2f0aefb554551e0a4f31cbc268a/actions - {"actions":[{"id":"action30","type":"key","parameters":{},"actions":[{"type":"keyDown","value":"î€‡"},{"type":"pause","duration":10},{"type":"keyUp","value":"î€‡"}]}]}
RESULT: {"actions":[{"id":"action30","type":"key","parameters":{},"actions":[{"type":"keyDown","value":"î€‡"},{"type":"pause","duration":10},{"type":"keyUp","value":"î€‡"}]}]}
COMMAND: GET /session/2ce3b2f0aefb554551e0a4f31cbc268a/screenshot - {}
RESULT: {}
COMMAND: POST /session/2ce3b2f0aefb554551e0a4f31cbc268a/element - {"using":"xpath","value":"//span[@id=\"application-ruinventorylist-display-component---Master--smartTableRuInventoryList-header-inner\"]"}
RESULT: {"using":"xpath","value":"//span[@id=\"application-ruinventorylist-display-component---Master--smartTableRuInventoryList-header-inner\"]"}
COMMAND: POST /session/2ce3b2f0aefb554551e0a4f31cbc268a/elements - {"using":"xpath","value":"//span[@id=\"application-ruinventorylist-display-component---Master--smartTableRuInventoryList-header-inner\"]"}
RESULT: {"using":"xpath","value":"//span[@id=\"application-ruinventorylist-display-component---Master--smartTableRuInventoryList-header-inner\"]"}
COMMAND: POST /session/2ce3b2f0aefb554551e0a4f31cbc268a/execute/sync - {"script":"<script> [56 bytes]","args":[{"element-6066-11e4-a52e-4f735466cecf":"f.3B2BE3E2E19A2DB5732A49E5823ECB49.d.F00FDD078569149A319E3899514EDC40.e.5461","ELEMENT":"f.3B2BE3E2E19A2DB5732A49E5823ECB49.d.F00FDD078569149A319E3899514EDC40.e.5461"}]}
RESULT: {"script":"<script> [56 bytes]","args":[{"element-6066-11e4-a52e-4f735466cecf":"f.3B2BE3E2E19A2DB5732A49E5823ECB49.d.F00FDD078569149A319E3899514EDC40.e.5461","ELEMENT":"f.3B2BE3E2E19A2DB5732A49E5823ECB49.d.F00FDD078569149A319E3899514EDC40.e.5461"}]}
COMMAND: POST /session/2ce3b2f0aefb554551e0a4f31cbc268a/element - {"using":"xpath","value":"//table[contains(@id, \"application-ruinventorylist-display-component---Master--tableRuInventoryList-listUl\")]/tbody/tr[1]/td[6]/div/span"}
COMMAND: GET /session/2ce3b2f0aefb554551e0a4f31cbc268a/screenshot - {}
RESULT: {"using":"xpath","value":"//table[contains(@id, \"application-ruinventorylist-display-component---Master--tableRuInventoryList-listUl\")]/tbody/tr[1]/td[6]/div/span"}
COMMAND: POST /session/2ce3b2f0aefb554551e0a4f31cbc268a/execute/sync - {"script":"<script> [56 bytes]","args":[{"element-6066-11e4-a52e-4f735466cecf":"f.3B2BE3E2E19A2DB5732A49E5823ECB49.d.F00FDD078569149A319E3899514EDC40.e.6468","ELEMENT":"f.3B2BE3E2E19A2DB5732A49E5823ECB49.d.F00FDD078569149A319E3899514EDC40.e.6468"}]}
RESULT: {}
RESULT: {"script":"<script> [56 bytes]","args":[{"element-6066-11e4-a52e-4f735466cecf":"f.3B2BE3E2E19A2DB5732A49E5823ECB49.d.F00FDD078569149A319E3899514EDC40.e.6468","ELEMENT":"f.3B2BE3E2E19A2DB5732A49E5823ECB49.d.F00FDD078569149A319E3899514EDC40.e.6468"}]}
COMMAND: POST /session/2ce3b2f0aefb554551e0a4f31cbc268a/element - {"using":"xpath","value":"//div[contains(@id, \"smartFilterBar-btnBasicSearch-reset\")]"}
COMMAND: GET /session/2ce3b2f0aefb554551e0a4f31cbc268a/screenshot - {}
RESULT: {"using":"xpath","value":"//div[contains(@id, \"smartFilterBar-btnBasicSearch-reset\")]"}
COMMAND: POST /session/2ce3b2f0aefb554551e0a4f31cbc268a/element/f.3B2BE3E2E19A2DB5732A49E5823ECB49.d.F00FDD078569149A319E3899514EDC40.e.5478/click - {}
RESULT: {}
RESULT: {}
COMMAND: GET /session/2ce3b2f0aefb554551e0a4f31cbc268a/screenshot - {}
RESULT: {}
COMMAND: POST /session/2ce3b2f0aefb554551e0a4f31cbc268a/element/f.3B2BE3E2E19A2DB5732A49E5823ECB49.d.F00FDD078569149A319E3899514EDC40.e.4902/click - {}
RESULT: {}
COMMAND: GET /session/2ce3b2f0aefb554551e0a4f31cbc268a/screenshot - {}
RESULT: {}
RESULT: undefined
COMMAND: POST /session/2ce3b2f0aefb554551e0a4f31cbc268a/execute/async - {"script":"<script> [776 bytes]","args":[{"enterText":"600002","selector":{"id":"application-ruinventorylist-display-component---Master--smartFilterBar-btnBasicSearch","interaction":{"idSuffix":"I"}},"clearTextFirst":true,"interactionType":"ENTER_TEXT"}]}
RESULT: {"script":"<script> [776 bytes]","args":[{"enterText":"600002","selector":{"id":"application-ruinventorylist-display-component---Master--smartFilterBar-btnBasicSearch","interaction":{"idSuffix":"I"}},"clearTextFirst":true,"interactionType":"ENTER_TEXT"}]}
COMMAND: POST /session/2ce3b2f0aefb554551e0a4f31cbc268a/actions - {"actions":[{"id":"action31","type":"key","parameters":{},"actions":[{"type":"keyDown","value":"î€‡"},{"type":"pause","duration":10},{"type":"keyUp","value":"î€‡"}]}]}
RESULT: {"actions":[{"id":"action31","type":"key","parameters":{},"actions":[{"type":"keyDown","value":"î€‡"},{"type":"pause","duration":10},{"type":"keyUp","value":"î€‡"}]}]}
COMMAND: GET /session/2ce3b2f0aefb554551e0a4f31cbc268a/screenshot - {}
RESULT: {}
COMMAND: POST /session/2ce3b2f0aefb554551e0a4f31cbc268a/element - {"using":"xpath","value":"//span[@id=\"application-ruinventorylist-display-component---Master--smartTableRuInventoryList-header-inner\"]"}
RESULT: {"using":"xpath","value":"//span[@id=\"application-ruinventorylist-display-component---Master--smartTableRuInventoryList-header-inner\"]"}
COMMAND: POST /session/2ce3b2f0aefb554551e0a4f31cbc268a/elements - {"using":"xpath","value":"//span[@id=\"application-ruinventorylist-display-component---Master--smartTableRuInventoryList-header-inner\"]"}
RESULT: {"using":"xpath","value":"//span[@id=\"application-ruinventorylist-display-component---Master--smartTableRuInventoryList-header-inner\"]"}
COMMAND: POST /session/2ce3b2f0aefb554551e0a4f31cbc268a/execute/sync - {"script":"<script> [56 bytes]","args":[{"element-6066-11e4-a52e-4f735466cecf":"f.3B2BE3E2E19A2DB5732A49E5823ECB49.d.F00FDD078569149A319E3899514EDC40.e.5461","ELEMENT":"f.3B2BE3E2E19A2DB5732A49E5823ECB49.d.F00FDD078569149A319E3899514EDC40.e.5461"}]}
RESULT: {"script":"<script> [56 bytes]","args":[{"element-6066-11e4-a52e-4f735466cecf":"f.3B2BE3E2E19A2DB5732A49E5823ECB49.d.F00FDD078569149A319E3899514EDC40.e.5461","ELEMENT":"f.3B2BE3E2E19A2DB5732A49E5823ECB49.d.F00FDD078569149A319E3899514EDC40.e.5461"}]}
COMMAND: POST /session/2ce3b2f0aefb554551e0a4f31cbc268a/element - {"using":"xpath","value":"//table[contains(@id, \"application-ruinventorylist-display-component---Master--tableRuInventoryList-listUl\")]/tbody/tr[1]/td[2]/div/div"}
COMMAND: GET /session/2ce3b2f0aefb554551e0a4f31cbc268a/screenshot - {}
RESULT: {"using":"xpath","value":"//table[contains(@id, \"application-ruinventorylist-display-component---Master--tableRuInventoryList-listUl\")]/tbody/tr[1]/td[2]/div/div"}
COMMAND: POST /session/2ce3b2f0aefb554551e0a4f31cbc268a/element/f.3B2BE3E2E19A2DB5732A49E5823ECB49.d.F00FDD078569149A319E3899514EDC40.e.6727/click - {}
RESULT: {}
RESULT: {}
COMMAND: GET /session/2ce3b2f0aefb554551e0a4f31cbc268a/screenshot - {}
RESULT: {}
COMMAND: POST /session/2ce3b2f0aefb554551e0a4f31cbc268a/element - {"using":"xpath","value":"//div[contains(@id, \"smartFilterBar-btnBasicSearch-reset\")]"}
RESULT: {"using":"xpath","value":"//div[contains(@id, \"smartFilterBar-btnBasicSearch-reset\")]"}
COMMAND: POST /session/2ce3b2f0aefb554551e0a4f31cbc268a/element/f.3B2BE3E2E19A2DB5732A49E5823ECB49.d.F00FDD078569149A319E3899514EDC40.e.5478/click - {}
RESULT: {}
COMMAND: GET /session/2ce3b2f0aefb554551e0a4f31cbc268a/screenshot - {}
RESULT: {}
RESULT: undefined
COMMAND: POST /session/2ce3b2f0aefb554551e0a4f31cbc268a/execute/async - {"script":"<script> [776 bytes]","args":[{"enterText":"401002","selector":{"id":"application-ruinventorylist-display-component---Master--smartFilterBar-btnBasicSearch","interaction":{"idSuffix":"I"}},"clearTextFirst":true,"interactionType":"ENTER_TEXT"}]}
RESULT: {"script":"<script> [776 bytes]","args":[{"enterText":"401002","selector":{"id":"application-ruinventorylist-display-component---Master--smartFilterBar-btnBasicSearch","interaction":{"idSuffix":"I"}},"clearTextFirst":true,"interactionType":"ENTER_TEXT"}]}
COMMAND: POST /session/2ce3b2f0aefb554551e0a4f31cbc268a/actions - {"actions":[{"id":"action32","type":"key","parameters":{},"actions":[{"type":"keyDown","value":"î€‡"},{"type":"pause","duration":10},{"type":"keyUp","value":"î€‡"}]}]}
RESULT: {"actions":[{"id":"action32","type":"key","parameters":{},"actions":[{"type":"keyDown","value":"î€‡"},{"type":"pause","duration":10},{"type":"keyUp","value":"î€‡"}]}]}
COMMAND: GET /session/2ce3b2f0aefb554551e0a4f31cbc268a/screenshot - {}
RESULT: {}
COMMAND: POST /session/2ce3b2f0aefb554551e0a4f31cbc268a/element - {"using":"xpath","value":"//span[@id=\"application-ruinventorylist-display-component---Master--smartTableRuInventoryList-header-inner\"]"}
RESULT: {"using":"xpath","value":"//span[@id=\"application-ruinventorylist-display-component---Master--smartTableRuInventoryList-header-inner\"]"}
COMMAND: POST /session/2ce3b2f0aefb554551e0a4f31cbc268a/elements - {"using":"xpath","value":"//span[@id=\"application-ruinventorylist-display-component---Master--smartTableRuInventoryList-header-inner\"]"}
RESULT: {"using":"xpath","value":"//span[@id=\"application-ruinventorylist-display-component---Master--smartTableRuInventoryList-header-inner\"]"}
COMMAND: POST /session/2ce3b2f0aefb554551e0a4f31cbc268a/execute/sync - {"script":"<script> [56 bytes]","args":[{"element-6066-11e4-a52e-4f735466cecf":"f.3B2BE3E2E19A2DB5732A49E5823ECB49.d.F00FDD078569149A319E3899514EDC40.e.5461","ELEMENT":"f.3B2BE3E2E19A2DB5732A49E5823ECB49.d.F00FDD078569149A319E3899514EDC40.e.5461"}]}
RESULT: {"script":"<script> [56 bytes]","args":[{"element-6066-11e4-a52e-4f735466cecf":"f.3B2BE3E2E19A2DB5732A49E5823ECB49.d.F00FDD078569149A319E3899514EDC40.e.5461","ELEMENT":"f.3B2BE3E2E19A2DB5732A49E5823ECB49.d.F00FDD078569149A319E3899514EDC40.e.5461"}]}
COMMAND: POST /session/2ce3b2f0aefb554551e0a4f31cbc268a/element - {"using":"xpath","value":"//table[contains(@id, \"application-ruinventorylist-display-component---Master--tableRuInventoryList-listUl\")]/tbody/tr[1]/td[2]/div/div"}
COMMAND: GET /session/2ce3b2f0aefb554551e0a4f31cbc268a/screenshot - {}
RESULT: {"using":"xpath","value":"//table[contains(@id, \"application-ruinventorylist-display-component---Master--tableRuInventoryList-listUl\")]/tbody/tr[1]/td[2]/div/div"}
COMMAND: POST /session/2ce3b2f0aefb554551e0a4f31cbc268a/element/f.3B2BE3E2E19A2DB5732A49E5823ECB49.d.F00FDD078569149A319E3899514EDC40.e.6883/click - {}
RESULT: {}
RESULT: {}
COMMAND: GET /session/2ce3b2f0aefb554551e0a4f31cbc268a/screenshot - {}
RESULT: {}
COMMAND: POST /session/2ce3b2f0aefb554551e0a4f31cbc268a/element - {"using":"xpath","value":"//div[contains(@id, \"smartFilterBar-btnBasicSearch-reset\")]"}
RESULT: {"using":"xpath","value":"//div[contains(@id, \"smartFilterBar-btnBasicSearch-reset\")]"}
COMMAND: POST /session/2ce3b2f0aefb554551e0a4f31cbc268a/element/f.3B2BE3E2E19A2DB5732A49E5823ECB49.d.F00FDD078569149A319E3899514EDC40.e.5478/click - {}
RESULT: {}
COMMAND: GET /session/2ce3b2f0aefb554551e0a4f31cbc268a/screenshot - {}
RESULT: {}
RESULT: undefined
COMMAND: POST /session/2ce3b2f0aefb554551e0a4f31cbc268a/execute/async - {"script":"<script> [776 bytes]","args":[{"enterText":"4MyUD5yo4Y","selector":{"id":"application-ruinventorylist-display-component---Master--smartFilterBar-btnBasicSearch","interaction":{"idSuffix":"I"}},"clearTextFirst":true,"interactionType":"ENTER_TEXT"}]}
RESULT: {"script":"<script> [776 bytes]","args":[{"enterText":"4MyUD5yo4Y","selector":{"id":"application-ruinventorylist-display-component---Master--smartFilterBar-btnBasicSearch","interaction":{"idSuffix":"I"}},"clearTextFirst":true,"interactionType":"ENTER_TEXT"}]}
COMMAND: POST /session/2ce3b2f0aefb554551e0a4f31cbc268a/actions - {"actions":[{"id":"action33","type":"key","parameters":{},"actions":[{"type":"keyDown","value":"î€‡"},{"type":"pause","duration":10},{"type":"keyUp","value":"î€‡"}]}]}
RESULT: {"actions":[{"id":"action33","type":"key","parameters":{},"actions":[{"type":"keyDown","value":"î€‡"},{"type":"pause","duration":10},{"type":"keyUp","value":"î€‡"}]}]}
COMMAND: GET /session/2ce3b2f0aefb554551e0a4f31cbc268a/screenshot - {}
RESULT: {}
COMMAND: POST /session/2ce3b2f0aefb554551e0a4f31cbc268a/element - {"using":"xpath","value":"//span[@id=\"application-ruinventorylist-display-component---Master--smartTableRuInventoryList-header-inner\"]"}
RESULT: {"using":"xpath","value":"//span[@id=\"application-ruinventorylist-display-component---Master--smartTableRuInventoryList-header-inner\"]"}
COMMAND: POST /session/2ce3b2f0aefb554551e0a4f31cbc268a/elements - {"using":"xpath","value":"//span[@id=\"application-ruinventorylist-display-component---Master--smartTableRuInventoryList-header-inner\"]"}
RESULT: {"using":"xpath","value":"//span[@id=\"application-ruinventorylist-display-component---Master--smartTableRuInventoryList-header-inner\"]"}
COMMAND: POST /session/2ce3b2f0aefb554551e0a4f31cbc268a/execute/sync - {"script":"<script> [56 bytes]","args":[{"element-6066-11e4-a52e-4f735466cecf":"f.3B2BE3E2E19A2DB5732A49E5823ECB49.d.F00FDD078569149A319E3899514EDC40.e.5461","ELEMENT":"f.3B2BE3E2E19A2DB5732A49E5823ECB49.d.F00FDD078569149A319E3899514EDC40.e.5461"}]}
RESULT: {"script":"<script> [56 bytes]","args":[{"element-6066-11e4-a52e-4f735466cecf":"f.3B2BE3E2E19A2DB5732A49E5823ECB49.d.F00FDD078569149A319E3899514EDC40.e.5461","ELEMENT":"f.3B2BE3E2E19A2DB5732A49E5823ECB49.d.F00FDD078569149A319E3899514EDC40.e.5461"}]}
COMMAND: POST /session/2ce3b2f0aefb554551e0a4f31cbc268a/element - {"using":"xpath","value":"//table[contains(@id, \"application-ruinventorylist-display-component---Master--tableRuInventoryList-listUl\")]/tbody/tr[1]/td[2]/div/div"}
COMMAND: GET /session/2ce3b2f0aefb554551e0a4f31cbc268a/screenshot - {}
RESULT: {"using":"xpath","value":"//table[contains(@id, \"application-ruinventorylist-display-component---Master--tableRuInventoryList-listUl\")]/tbody/tr[1]/td[2]/div/div"}
COMMAND: POST /session/2ce3b2f0aefb554551e0a4f31cbc268a/element/f.3B2BE3E2E19A2DB5732A49E5823ECB49.d.F00FDD078569149A319E3899514EDC40.e.7041/click - {}
RESULT: {}
RESULT: {}
COMMAND: GET /session/2ce3b2f0aefb554551e0a4f31cbc268a/screenshot - {}
RESULT: {}
COMMAND: POST /session/2ce3b2f0aefb554551e0a4f31cbc268a/element - {"using":"xpath","value":"//div[contains(@id, \"smartFilterBar-btnBasicSearch-reset\")]"}
RESULT: {"using":"xpath","value":"//div[contains(@id, \"smartFilterBar-btnBasicSearch-reset\")]"}
COMMAND: POST /session/2ce3b2f0aefb554551e0a4f31cbc268a/element/f.3B2BE3E2E19A2DB5732A49E5823ECB49.d.F00FDD078569149A319E3899514EDC40.e.5478/click - {}
RESULT: {}
COMMAND: GET /session/2ce3b2f0aefb554551e0a4f31cbc268a/screenshot - {}
RESULT: {}
RESULT: undefined
COMMAND: POST /session/2ce3b2f0aefb554551e0a4f31cbc268a/execute/async - {"script":"<script> [776 bytes]","args":[{"enterText":"200321","selector":{"id":"application-ruinventorylist-display-component---Master--smartFilterBar-btnBasicSearch","interaction":{"idSuffix":"I"}},"clearTextFirst":true,"interactionType":"ENTER_TEXT"}]}
RESULT: {"script":"<script> [776 bytes]","args":[{"enterText":"200321","selector":{"id":"application-ruinventorylist-display-component---Master--smartFilterBar-btnBasicSearch","interaction":{"idSuffix":"I"}},"clearTextFirst":true,"interactionType":"ENTER_TEXT"}]}
COMMAND: POST /session/2ce3b2f0aefb554551e0a4f31cbc268a/actions - {"actions":[{"id":"action34","type":"key","parameters":{},"actions":[{"type":"keyDown","value":"î€‡"},{"type":"pause","duration":10},{"type":"keyUp","value":"î€‡"}]}]}
RESULT: {"actions":[{"id":"action34","type":"key","parameters":{},"actions":[{"type":"keyDown","value":"î€‡"},{"type":"pause","duration":10},{"type":"keyUp","value":"î€‡"}]}]}
COMMAND: GET /session/2ce3b2f0aefb554551e0a4f31cbc268a/screenshot - {}
RESULT: {}
COMMAND: POST /session/2ce3b2f0aefb554551e0a4f31cbc268a/element - {"using":"xpath","value":"//span[@id=\"application-ruinventorylist-display-component---Master--smartTableRuInventoryList-header-inner\"]"}
RESULT: {"using":"xpath","value":"//span[@id=\"application-ruinventorylist-display-component---Master--smartTableRuInventoryList-header-inner\"]"}
COMMAND: POST /session/2ce3b2f0aefb554551e0a4f31cbc268a/elements - {"using":"xpath","value":"//span[@id=\"application-ruinventorylist-display-component---Master--smartTableRuInventoryList-header-inner\"]"}
RESULT: {"using":"xpath","value":"//span[@id=\"application-ruinventorylist-display-component---Master--smartTableRuInventoryList-header-inner\"]"}
COMMAND: POST /session/2ce3b2f0aefb554551e0a4f31cbc268a/execute/sync - {"script":"<script> [56 bytes]","args":[{"element-6066-11e4-a52e-4f735466cecf":"f.3B2BE3E2E19A2DB5732A49E5823ECB49.d.F00FDD078569149A319E3899514EDC40.e.5461","ELEMENT":"f.3B2BE3E2E19A2DB5732A49E5823ECB49.d.F00FDD078569149A319E3899514EDC40.e.5461"}]}
RESULT: {"script":"<script> [56 bytes]","args":[{"element-6066-11e4-a52e-4f735466cecf":"f.3B2BE3E2E19A2DB5732A49E5823ECB49.d.F00FDD078569149A319E3899514EDC40.e.5461","ELEMENT":"f.3B2BE3E2E19A2DB5732A49E5823ECB49.d.F00FDD078569149A319E3899514EDC40.e.5461"}]}
COMMAND: POST /session/2ce3b2f0aefb554551e0a4f31cbc268a/element - {"using":"xpath","value":"//table[contains(@id, \"application-ruinventorylist-display-component---Master--tableRuInventoryList-listUl\")]/tbody/tr[1]/td[2]/div/div"}
COMMAND: GET /session/2ce3b2f0aefb554551e0a4f31cbc268a/screenshot - {}
RESULT: {"using":"xpath","value":"//table[contains(@id, \"application-ruinventorylist-display-component---Master--tableRuInventoryList-listUl\")]/tbody/tr[1]/td[2]/div/div"}
COMMAND: POST /session/2ce3b2f0aefb554551e0a4f31cbc268a/element/f.3B2BE3E2E19A2DB5732A49E5823ECB49.d.F00FDD078569149A319E3899514EDC40.e.7197/click - {}
RESULT: {}
RESULT: {}
COMMAND: GET /session/2ce3b2f0aefb554551e0a4f31cbc268a/screenshot - {}
RESULT: {}
COMMAND: POST /session/2ce3b2f0aefb554551e0a4f31cbc268a/element - {"using":"xpath","value":"//div[contains(@id, \"smartFilterBar-btnBasicSearch-reset\")]"}
RESULT: {"using":"xpath","value":"//div[contains(@id, \"smartFilterBar-btnBasicSearch-reset\")]"}
COMMAND: POST /session/2ce3b2f0aefb554551e0a4f31cbc268a/element/f.3B2BE3E2E19A2DB5732A49E5823ECB49.d.F00FDD078569149A319E3899514EDC40.e.5478/click - {}
RESULT: {}
COMMAND: GET /session/2ce3b2f0aefb554551e0a4f31cbc268a/screenshot - {}
RESULT: {}
COMMAND: POST /session/2ce3b2f0aefb554551e0a4f31cbc268a/element/f.3B2BE3E2E19A2DB5732A49E5823ECB49.d.F00FDD078569149A319E3899514EDC40.e.4902/click - {}
RESULT: {}
COMMAND: GET /session/2ce3b2f0aefb554551e0a4f31cbc268a/screenshot - {}
RESULT: {}
RESULT: undefined
COMMAND: POST /session/2ce3b2f0aefb554551e0a4f31cbc268a/element - {"using":"xpath","value":"//*[@id=\"application-ruinventorylist-display-component---Master--ruStateTypes-arrow\"]"}
RESULT: {"using":"xpath","value":"//*[@id=\"application-ruinventorylist-display-component---Master--ruStateTypes-arrow\"]"}
COMMAND: POST /session/2ce3b2f0aefb554551e0a4f31cbc268a/element/f.3B2BE3E2E19A2DB5732A49E5823ECB49.d.F00FDD078569149A319E3899514EDC40.e.7372/click - {}
RESULT: {}
COMMAND: GET /session/2ce3b2f0aefb554551e0a4f31cbc268a/screenshot - {}
RESULT: {}
COMMAND: POST /session/2ce3b2f0aefb554551e0a4f31cbc268a/element - {"using":"xpath","value":"//li[.//span[text()=\"available\"]]"}
RESULT: {"using":"xpath","value":"//li[.//span[text()=\"available\"]]"}
COMMAND: POST /session/2ce3b2f0aefb554551e0a4f31cbc268a/element/f.3B2BE3E2E19A2DB5732A49E5823ECB49.d.F00FDD078569149A319E3899514EDC40.e.7373/click - {}
RESULT: {}
COMMAND: GET /session/2ce3b2f0aefb554551e0a4f31cbc268a/screenshot - {}
RESULT: {}
COMMAND: POST /session/2ce3b2f0aefb554551e0a4f31cbc268a/element - {"using":"xpath","value":"(//bdi[contains(text(), \"OK\")])[1]"}
RESULT: {"using":"xpath","value":"(//bdi[contains(text(), \"OK\")])[1]"}
COMMAND: POST /session/2ce3b2f0aefb554551e0a4f31cbc268a/element/f.3B2BE3E2E19A2DB5732A49E5823ECB49.d.F00FDD078569149A319E3899514EDC40.e.7374/click - {}
RESULT: {}
COMMAND: GET /session/2ce3b2f0aefb554551e0a4f31cbc268a/screenshot - {}
RESULT: {}
COMMAND: POST /session/2ce3b2f0aefb554551e0a4f31cbc268a/element - {"using":"xpath","value":"(//bdi[contains(text(), \"OK\")])[2]"}
RESULT: {"using":"xpath","value":"(//bdi[contains(text(), \"OK\")])[2]"}
COMMAND: POST /session/2ce3b2f0aefb554551e0a4f31cbc268a/element/f.3B2BE3E2E19A2DB5732A49E5823ECB49.d.F00FDD078569149A319E3899514EDC40.e.7379/click - {}
RESULT: {}
COMMAND: GET /session/2ce3b2f0aefb554551e0a4f31cbc268a/screenshot - {}
RESULT: {}
RESULT: undefined
COMMAND: POST /session/2ce3b2f0aefb554551e0a4f31cbc268a/execute/async - {"script":"<script> [776 bytes]","args":[{"enterText":"600002","selector":{"id":"application-ruinventorylist-display-component---Master--smartFilterBar-btnBasicSearch","interaction":{"idSuffix":"I"}},"clearTextFirst":true,"interactionType":"ENTER_TEXT"}]}
RESULT: {"script":"<script> [776 bytes]","args":[{"enterText":"600002","selector":{"id":"application-ruinventorylist-display-component---Master--smartFilterBar-btnBasicSearch","interaction":{"idSuffix":"I"}},"clearTextFirst":true,"interactionType":"ENTER_TEXT"}]}
COMMAND: POST /session/2ce3b2f0aefb554551e0a4f31cbc268a/actions - {"actions":[{"id":"action35","type":"key","parameters":{},"actions":[{"type":"keyDown","value":"î€‡"},{"type":"pause","duration":10},{"type":"keyUp","value":"î€‡"}]}]}
RESULT: {"actions":[{"id":"action35","type":"key","parameters":{},"actions":[{"type":"keyDown","value":"î€‡"},{"type":"pause","duration":10},{"type":"keyUp","value":"î€‡"}]}]}
COMMAND: GET /session/2ce3b2f0aefb554551e0a4f31cbc268a/screenshot - {}
RESULT: {}
COMMAND: POST /session/2ce3b2f0aefb554551e0a4f31cbc268a/element - {"using":"xpath","value":"//span[@id=\"application-ruinventorylist-display-component---Master--smartTableRuInventoryList-header-inner\"]"}
RESULT: {"using":"xpath","value":"//span[@id=\"application-ruinventorylist-display-component---Master--smartTableRuInventoryList-header-inner\"]"}
COMMAND: POST /session/2ce3b2f0aefb554551e0a4f31cbc268a/elements - {"using":"xpath","value":"//span[@id=\"application-ruinventorylist-display-component---Master--smartTableRuInventoryList-header-inner\"]"}
RESULT: {"using":"xpath","value":"//span[@id=\"application-ruinventorylist-display-component---Master--smartTableRuInventoryList-header-inner\"]"}
COMMAND: POST /session/2ce3b2f0aefb554551e0a4f31cbc268a/execute/sync - {"script":"<script> [56 bytes]","args":[{"element-6066-11e4-a52e-4f735466cecf":"f.3B2BE3E2E19A2DB5732A49E5823ECB49.d.F00FDD078569149A319E3899514EDC40.e.5461","ELEMENT":"f.3B2BE3E2E19A2DB5732A49E5823ECB49.d.F00FDD078569149A319E3899514EDC40.e.5461"}]}
RESULT: {"script":"<script> [56 bytes]","args":[{"element-6066-11e4-a52e-4f735466cecf":"f.3B2BE3E2E19A2DB5732A49E5823ECB49.d.F00FDD078569149A319E3899514EDC40.e.5461","ELEMENT":"f.3B2BE3E2E19A2DB5732A49E5823ECB49.d.F00FDD078569149A319E3899514EDC40.e.5461"}]}
COMMAND: POST /session/2ce3b2f0aefb554551e0a4f31cbc268a/element - {"using":"xpath","value":"//table[contains(@id, \"application-ruinventorylist-display-component---Master--tableRuInventoryList-listUl\")]/tbody/tr[1]/td[6]/div/span"}
COMMAND: GET /session/2ce3b2f0aefb554551e0a4f31cbc268a/screenshot - {}
RESULT: {}
RESULT: {"using":"xpath","value":"//table[contains(@id, \"application-ruinventorylist-display-component---Master--tableRuInventoryList-listUl\")]/tbody/tr[1]/td[6]/div/span"}
COMMAND: POST /session/2ce3b2f0aefb554551e0a4f31cbc268a/execute/sync - {"script":"<script> [56 bytes]","args":[{"element-6066-11e4-a52e-4f735466cecf":"f.3B2BE3E2E19A2DB5732A49E5823ECB49.d.F00FDD078569149A319E3899514EDC40.e.7399","ELEMENT":"f.3B2BE3E2E19A2DB5732A49E5823ECB49.d.F00FDD078569149A319E3899514EDC40.e.7399"}]}
RESULT: {"script":"<script> [56 bytes]","args":[{"element-6066-11e4-a52e-4f735466cecf":"f.3B2BE3E2E19A2DB5732A49E5823ECB49.d.F00FDD078569149A319E3899514EDC40.e.7399","ELEMENT":"f.3B2BE3E2E19A2DB5732A49E5823ECB49.d.F00FDD078569149A319E3899514EDC40.e.7399"}]}
COMMAND: POST /session/2ce3b2f0aefb554551e0a4f31cbc268a/element - {"using":"xpath","value":"//div[contains(@id, \"smartFilterBar-btnBasicSearch-reset\")]"}
COMMAND: GET /session/2ce3b2f0aefb554551e0a4f31cbc268a/screenshot - {}
RESULT: {"using":"xpath","value":"//div[contains(@id, \"smartFilterBar-btnBasicSearch-reset\")]"}
COMMAND: POST /session/2ce3b2f0aefb554551e0a4f31cbc268a/element/f.3B2BE3E2E19A2DB5732A49E5823ECB49.d.F00FDD078569149A319E3899514EDC40.e.5478/click - {}
RESULT: {}
RESULT: {}
COMMAND: GET /session/2ce3b2f0aefb554551e0a4f31cbc268a/screenshot - {}
RESULT: {}
RESULT: undefined
COMMAND: POST /session/2ce3b2f0aefb554551e0a4f31cbc268a/execute/async - {"script":"<script> [776 bytes]","args":[{"enterText":"401002","selector":{"id":"application-ruinventorylist-display-component---Master--smartFilterBar-btnBasicSearch","interaction":{"idSuffix":"I"}},"clearTextFirst":true,"interactionType":"ENTER_TEXT"}]}
RESULT: {"script":"<script> [776 bytes]","args":[{"enterText":"401002","selector":{"id":"application-ruinventorylist-display-component---Master--smartFilterBar-btnBasicSearch","interaction":{"idSuffix":"I"}},"clearTextFirst":true,"interactionType":"ENTER_TEXT"}]}
COMMAND: POST /session/2ce3b2f0aefb554551e0a4f31cbc268a/actions - {"actions":[{"id":"action36","type":"key","parameters":{},"actions":[{"type":"keyDown","value":"î€‡"},{"type":"pause","duration":10},{"type":"keyUp","value":"î€‡"}]}]}
RESULT: {"actions":[{"id":"action36","type":"key","parameters":{},"actions":[{"type":"keyDown","value":"î€‡"},{"type":"pause","duration":10},{"type":"keyUp","value":"î€‡"}]}]}
COMMAND: GET /session/2ce3b2f0aefb554551e0a4f31cbc268a/screenshot - {}
RESULT: {}
COMMAND: POST /session/2ce3b2f0aefb554551e0a4f31cbc268a/element - {"using":"xpath","value":"//span[@id=\"application-ruinventorylist-display-component---Master--smartTableRuInventoryList-header-inner\"]"}
RESULT: {"using":"xpath","value":"//span[@id=\"application-ruinventorylist-display-component---Master--smartTableRuInventoryList-header-inner\"]"}
COMMAND: POST /session/2ce3b2f0aefb554551e0a4f31cbc268a/elements - {"using":"xpath","value":"//span[@id=\"application-ruinventorylist-display-component---Master--smartTableRuInventoryList-header-inner\"]"}
RESULT: {"using":"xpath","value":"//span[@id=\"application-ruinventorylist-display-component---Master--smartTableRuInventoryList-header-inner\"]"}
COMMAND: POST /session/2ce3b2f0aefb554551e0a4f31cbc268a/execute/sync - {"script":"<script> [56 bytes]","args":[{"element-6066-11e4-a52e-4f735466cecf":"f.3B2BE3E2E19A2DB5732A49E5823ECB49.d.F00FDD078569149A319E3899514EDC40.e.5461","ELEMENT":"f.3B2BE3E2E19A2DB5732A49E5823ECB49.d.F00FDD078569149A319E3899514EDC40.e.5461"}]}
RESULT: {"script":"<script> [56 bytes]","args":[{"element-6066-11e4-a52e-4f735466cecf":"f.3B2BE3E2E19A2DB5732A49E5823ECB49.d.F00FDD078569149A319E3899514EDC40.e.5461","ELEMENT":"f.3B2BE3E2E19A2DB5732A49E5823ECB49.d.F00FDD078569149A319E3899514EDC40.e.5461"}]}
COMMAND: POST /session/2ce3b2f0aefb554551e0a4f31cbc268a/element - {"using":"xpath","value":"//table[contains(@id, \"application-ruinventorylist-display-component---Master--tableRuInventoryList-listUl\")]/tbody/tr[1]/td[6]/div/span"}
COMMAND: GET /session/2ce3b2f0aefb554551e0a4f31cbc268a/screenshot - {}
RESULT: {"using":"xpath","value":"//table[contains(@id, \"application-ruinventorylist-display-component---Master--tableRuInventoryList-listUl\")]/tbody/tr[1]/td[6]/div/span"}
COMMAND: POST /session/2ce3b2f0aefb554551e0a4f31cbc268a/execute/sync - {"script":"<script> [56 bytes]","args":[{"element-6066-11e4-a52e-4f735466cecf":"f.3B2BE3E2E19A2DB5732A49E5823ECB49.d.F00FDD078569149A319E3899514EDC40.e.7485","ELEMENT":"f.3B2BE3E2E19A2DB5732A49E5823ECB49.d.F00FDD078569149A319E3899514EDC40.e.7485"}]}
RESULT: {}
RESULT: {"script":"<script> [56 bytes]","args":[{"element-6066-11e4-a52e-4f735466cecf":"f.3B2BE3E2E19A2DB5732A49E5823ECB49.d.F00FDD078569149A319E3899514EDC40.e.7485","ELEMENT":"f.3B2BE3E2E19A2DB5732A49E5823ECB49.d.F00FDD078569149A319E3899514EDC40.e.7485"}]}
COMMAND: POST /session/2ce3b2f0aefb554551e0a4f31cbc268a/element - {"using":"xpath","value":"//div[contains(@id, \"smartFilterBar-btnBasicSearch-reset\")]"}
COMMAND: GET /session/2ce3b2f0aefb554551e0a4f31cbc268a/screenshot - {}
RESULT: {"using":"xpath","value":"//div[contains(@id, \"smartFilterBar-btnBasicSearch-reset\")]"}
COMMAND: POST /session/2ce3b2f0aefb554551e0a4f31cbc268a/element/f.3B2BE3E2E19A2DB5732A49E5823ECB49.d.F00FDD078569149A319E3899514EDC40.e.5478/click - {}
RESULT: {}
RESULT: {}
COMMAND: GET /session/2ce3b2f0aefb554551e0a4f31cbc268a/screenshot - {}
RESULT: {}
RESULT: undefined
COMMAND: POST /session/2ce3b2f0aefb554551e0a4f31cbc268a/execute/async - {"script":"<script> [776 bytes]","args":[{"enterText":"4MyUD5yo4Y","selector":{"id":"application-ruinventorylist-display-component---Master--smartFilterBar-btnBasicSearch","interaction":{"idSuffix":"I"}},"clearTextFirst":true,"interactionType":"ENTER_TEXT"}]}
RESULT: {"script":"<script> [776 bytes]","args":[{"enterText":"4MyUD5yo4Y","selector":{"id":"application-ruinventorylist-display-component---Master--smartFilterBar-btnBasicSearch","interaction":{"idSuffix":"I"}},"clearTextFirst":true,"interactionType":"ENTER_TEXT"}]}
COMMAND: POST /session/2ce3b2f0aefb554551e0a4f31cbc268a/actions - {"actions":[{"id":"action37","type":"key","parameters":{},"actions":[{"type":"keyDown","value":"î€‡"},{"type":"pause","duration":10},{"type":"keyUp","value":"î€‡"}]}]}
RESULT: {"actions":[{"id":"action37","type":"key","parameters":{},"actions":[{"type":"keyDown","value":"î€‡"},{"type":"pause","duration":10},{"type":"keyUp","value":"î€‡"}]}]}
COMMAND: GET /session/2ce3b2f0aefb554551e0a4f31cbc268a/screenshot - {}
COMMAND: POST /session/2ce3b2f0aefb554551e0a4f31cbc268a/element - {"using":"xpath","value":"//span[@id=\"application-ruinventorylist-display-component---Master--smartTableRuInventoryList-header-inner\"]"}
RESULT: {}
RESULT: {"using":"xpath","value":"//span[@id=\"application-ruinventorylist-display-component---Master--smartTableRuInventoryList-header-inner\"]"}
COMMAND: POST /session/2ce3b2f0aefb554551e0a4f31cbc268a/elements - {"using":"xpath","value":"//span[@id=\"application-ruinventorylist-display-component---Master--smartTableRuInventoryList-header-inner\"]"}
RESULT: {"using":"xpath","value":"//span[@id=\"application-ruinventorylist-display-component---Master--smartTableRuInventoryList-header-inner\"]"}
COMMAND: POST /session/2ce3b2f0aefb554551e0a4f31cbc268a/execute/sync - {"script":"<script> [56 bytes]","args":[{"element-6066-11e4-a52e-4f735466cecf":"f.3B2BE3E2E19A2DB5732A49E5823ECB49.d.F00FDD078569149A319E3899514EDC40.e.5461","ELEMENT":"f.3B2BE3E2E19A2DB5732A49E5823ECB49.d.F00FDD078569149A319E3899514EDC40.e.5461"}]}
RESULT: {"script":"<script> [56 bytes]","args":[{"element-6066-11e4-a52e-4f735466cecf":"f.3B2BE3E2E19A2DB5732A49E5823ECB49.d.F00FDD078569149A319E3899514EDC40.e.5461","ELEMENT":"f.3B2BE3E2E19A2DB5732A49E5823ECB49.d.F00FDD078569149A319E3899514EDC40.e.5461"}]}
COMMAND: POST /session/2ce3b2f0aefb554551e0a4f31cbc268a/element - {"using":"xpath","value":"//table[contains(@id, \"application-ruinventorylist-display-component---Master--tableRuInventoryList-listUl\")]/tbody/tr[1]/td[6]/div/span"}
COMMAND: GET /session/2ce3b2f0aefb554551e0a4f31cbc268a/screenshot - {}
RESULT: {"using":"xpath","value":"//table[contains(@id, \"application-ruinventorylist-display-component---Master--tableRuInventoryList-listUl\")]/tbody/tr[1]/td[6]/div/span"}
COMMAND: POST /session/2ce3b2f0aefb554551e0a4f31cbc268a/execute/sync - {"script":"<script> [56 bytes]","args":[{"element-6066-11e4-a52e-4f735466cecf":"f.3B2BE3E2E19A2DB5732A49E5823ECB49.d.F00FDD078569149A319E3899514EDC40.e.7575","ELEMENT":"f.3B2BE3E2E19A2DB5732A49E5823ECB49.d.F00FDD078569149A319E3899514EDC40.e.7575"}]}
RESULT: {}
RESULT: {"script":"<script> [56 bytes]","args":[{"element-6066-11e4-a52e-4f735466cecf":"f.3B2BE3E2E19A2DB5732A49E5823ECB49.d.F00FDD078569149A319E3899514EDC40.e.7575","ELEMENT":"f.3B2BE3E2E19A2DB5732A49E5823ECB49.d.F00FDD078569149A319E3899514EDC40.e.7575"}]}
COMMAND: POST /session/2ce3b2f0aefb554551e0a4f31cbc268a/element - {"using":"xpath","value":"//div[contains(@id, \"smartFilterBar-btnBasicSearch-reset\")]"}
COMMAND: GET /session/2ce3b2f0aefb554551e0a4f31cbc268a/screenshot - {}
RESULT: {"using":"xpath","value":"//div[contains(@id, \"smartFilterBar-btnBasicSearch-reset\")]"}
COMMAND: POST /session/2ce3b2f0aefb554551e0a4f31cbc268a/element/f.3B2BE3E2E19A2DB5732A49E5823ECB49.d.F00FDD078569149A319E3899514EDC40.e.5478/click - {}
RESULT: {}
RESULT: {}
COMMAND: GET /session/2ce3b2f0aefb554551e0a4f31cbc268a/screenshot - {}
RESULT: {}
RESULT: undefined
COMMAND: POST /session/2ce3b2f0aefb554551e0a4f31cbc268a/execute/async - {"script":"<script> [776 bytes]","args":[{"enterText":"200321","selector":{"id":"application-ruinventorylist-display-component---Master--smartFilterBar-btnBasicSearch","interaction":{"idSuffix":"I"}},"clearTextFirst":true,"interactionType":"ENTER_TEXT"}]}
RESULT: {"script":"<script> [776 bytes]","args":[{"enterText":"200321","selector":{"id":"application-ruinventorylist-display-component---Master--smartFilterBar-btnBasicSearch","interaction":{"idSuffix":"I"}},"clearTextFirst":true,"interactionType":"ENTER_TEXT"}]}
COMMAND: POST /session/2ce3b2f0aefb554551e0a4f31cbc268a/actions - {"actions":[{"id":"action38","type":"key","parameters":{},"actions":[{"type":"keyDown","value":"î€‡"},{"type":"pause","duration":10},{"type":"keyUp","value":"î€‡"}]}]}
RESULT: {"actions":[{"id":"action38","type":"key","parameters":{},"actions":[{"type":"keyDown","value":"î€‡"},{"type":"pause","duration":10},{"type":"keyUp","value":"î€‡"}]}]}
COMMAND: GET /session/2ce3b2f0aefb554551e0a4f31cbc268a/screenshot - {}
RESULT: {}
COMMAND: POST /session/2ce3b2f0aefb554551e0a4f31cbc268a/element - {"using":"xpath","value":"//span[@id=\"application-ruinventorylist-display-component---Master--smartTableRuInventoryList-header-inner\"]"}
RESULT: {"using":"xpath","value":"//span[@id=\"application-ruinventorylist-display-component---Master--smartTableRuInventoryList-header-inner\"]"}
COMMAND: POST /session/2ce3b2f0aefb554551e0a4f31cbc268a/elements - {"using":"xpath","value":"//span[@id=\"application-ruinventorylist-display-component---Master--smartTableRuInventoryList-header-inner\"]"}
RESULT: {"using":"xpath","value":"//span[@id=\"application-ruinventorylist-display-component---Master--smartTableRuInventoryList-header-inner\"]"}
COMMAND: POST /session/2ce3b2f0aefb554551e0a4f31cbc268a/execute/sync - {"script":"<script> [56 bytes]","args":[{"element-6066-11e4-a52e-4f735466cecf":"f.3B2BE3E2E19A2DB5732A49E5823ECB49.d.F00FDD078569149A319E3899514EDC40.e.5461","ELEMENT":"f.3B2BE3E2E19A2DB5732A49E5823ECB49.d.F00FDD078569149A319E3899514EDC40.e.5461"}]}
RESULT: {"script":"<script> [56 bytes]","args":[{"element-6066-11e4-a52e-4f735466cecf":"f.3B2BE3E2E19A2DB5732A49E5823ECB49.d.F00FDD078569149A319E3899514EDC40.e.5461","ELEMENT":"f.3B2BE3E2E19A2DB5732A49E5823ECB49.d.F00FDD078569149A319E3899514EDC40.e.5461"}]}
COMMAND: POST /session/2ce3b2f0aefb554551e0a4f31cbc268a/element - {"using":"xpath","value":"//table[contains(@id, \"application-ruinventorylist-display-component---Master--tableRuInventoryList-listUl\")]/tbody/tr[1]/td[6]/div/span"}
COMMAND: GET /session/2ce3b2f0aefb554551e0a4f31cbc268a/screenshot - {}
RESULT: {"using":"xpath","value":"//table[contains(@id, \"application-ruinventorylist-display-component---Master--tableRuInventoryList-listUl\")]/tbody/tr[1]/td[6]/div/span"}
COMMAND: POST /session/2ce3b2f0aefb554551e0a4f31cbc268a/execute/sync - {"script":"<script> [56 bytes]","args":[{"element-6066-11e4-a52e-4f735466cecf":"f.3B2BE3E2E19A2DB5732A49E5823ECB49.d.F00FDD078569149A319E3899514EDC40.e.7661","ELEMENT":"f.3B2BE3E2E19A2DB5732A49E5823ECB49.d.F00FDD078569149A319E3899514EDC40.e.7661"}]}
RESULT: {}
RESULT: {"script":"<script> [56 bytes]","args":[{"element-6066-11e4-a52e-4f735466cecf":"f.3B2BE3E2E19A2DB5732A49E5823ECB49.d.F00FDD078569149A319E3899514EDC40.e.7661","ELEMENT":"f.3B2BE3E2E19A2DB5732A49E5823ECB49.d.F00FDD078569149A319E3899514EDC40.e.7661"}]}
COMMAND: POST /session/2ce3b2f0aefb554551e0a4f31cbc268a/element - {"using":"xpath","value":"//div[contains(@id, \"smartFilterBar-btnBasicSearch-reset\")]"}
COMMAND: GET /session/2ce3b2f0aefb554551e0a4f31cbc268a/screenshot - {}
RESULT: {"using":"xpath","value":"//div[contains(@id, \"smartFilterBar-btnBasicSearch-reset\")]"}
COMMAND: POST /session/2ce3b2f0aefb554551e0a4f31cbc268a/element/f.3B2BE3E2E19A2DB5732A49E5823ECB49.d.F00FDD078569149A319E3899514EDC40.e.5478/click - {}
RESULT: {}
RESULT: {}
COMMAND: GET /session/2ce3b2f0aefb554551e0a4f31cbc268a/screenshot - {}
RESULT: {}
COMMAND: POST /session/2ce3b2f0aefb554551e0a4f31cbc268a/element - {"using":"css selector","value":"#shell-header-logo"}
RESULT: {"using":"css selector","value":"#shell-header-logo"}
COMMAND: POST /session/2ce3b2f0aefb554551e0a4f31cbc268a/element/f.3B2BE3E2E19A2DB5732A49E5823ECB49.d.F00FDD078569149A319E3899514EDC40.e.4859/click - {}
RESULT: {}
COMMAND: GET /session/2ce3b2f0aefb554551e0a4f31cbc268a/screenshot - {}
RESULT: {}
COMMAND: DELETE /session/2ce3b2f0aefb554551e0a4f31cbc268a - {}
RESULT: {}
]]></system-out>
    </testcase>
  </testsuite>
</testsuites>