<?xml version="1.0" encoding="UTF-8"?>
<testsuites tests="6" failures="2" errors="2" skipped="0">
  <testsuite timestamp="2025-05-02T16:31:58" time="336.659" tests="5" failures="1" errors="1" skipped="0">
    <properties>
      <property name="specId" value="0" />
      <property name="suiteName" value="Bill of Resources tests for bundle creation &amp; replenishment US131067 US131070" />
      <property name="capabilities" value="chrome.135_0_7049_96.windows" />
      <property name="file" value="file:///D:/a/1/s/test/specs/HTR/create-bundle-replenishment.spec.js" />
    </properties>
    <testcase classname="chrome.135_0_7049_96.windows.Bill_of_Resources_tests_for_bundle_creation_&amp;_replenishment_US131067_US131070" name="Prereq Should create a new yard used for all following tests in the module" time="0.043">
      <system-out><![CDATA[
COMMAND: POST /session/7ffbccf5b98cbe484128c353475857c2/window/fullscreen - {}
RESULT: {}
]]></system-out>
    </testcase>
    <testcase classname="chrome.135_0_7049_96.windows.Bill_of_Resources_tests_for_bundle_creation_&amp;_replenishment_US131067_US131070" name="Should create two equipments one being a copy of the other" time="126.638">
      <system-out><![CDATA[
COMMAND: POST /session/7ffbccf5b98cbe484128c353475857c2/execute/async - {"script":"<script> [1562 bytes]","args":[{"selector":{"controlType":"sap.m.GenericTile","properties":{"header":"Manage Resources"}},"wdio_ui5_key":"sapm.GenericTile{\"header\":\"Manage Resources\"}"}]}
RESULT: {"script":"<script> [1562 bytes]","args":[{"selector":{"controlType":"sap.m.GenericTile","properties":{"header":"Manage Resources"}},"wdio_ui5_key":"sapm.GenericTile{\"header\":\"Manage Resources\"}"}]}
RESULT: undefined
COMMAND: POST /session/7ffbccf5b98cbe484128c353475857c2/element - {"using":"xpath","value":"//*[@id=\"__tile39\"]"}
RESULT: {"using":"xpath","value":"//*[@id=\"__tile39\"]"}
COMMAND: POST /session/7ffbccf5b98cbe484128c353475857c2/element/f.8C9F1F95938956A3D73460F207C174A3.d.ECF3CAD10BC04166FA21F6AF3E2D5CC0.e.120/click - {}
RESULT: {}
COMMAND: POST /session/7ffbccf5b98cbe484128c353475857c2/element - {"using":"xpath","value":"//button[@data-kt=\"addNewRUOverflowToolbarButton\"]"}
COMMAND: GET /session/7ffbccf5b98cbe484128c353475857c2/screenshot - {}
RESULT: {"using":"xpath","value":"//button[@data-kt=\"addNewRUOverflowToolbarButton\"]"}
COMMAND: POST /session/7ffbccf5b98cbe484128c353475857c2/elements - {"using":"xpath","value":"//button[@data-kt=\"addNewRUOverflowToolbarButton\"]"}
RESULT: {}
RESULT: {"using":"xpath","value":"//button[@data-kt=\"addNewRUOverflowToolbarButton\"]"}
COMMAND: POST /session/7ffbccf5b98cbe484128c353475857c2/elements - {"using":"xpath","value":"//button[@data-kt=\"addNewRUOverflowToolbarButton\"]"}
RESULT: {"using":"xpath","value":"//button[@data-kt=\"addNewRUOverflowToolbarButton\"]"}
COMMAND: POST /session/7ffbccf5b98cbe484128c353475857c2/elements - {"using":"xpath","value":"//button[@data-kt=\"addNewRUOverflowToolbarButton\"]"}
RESULT: {"using":"xpath","value":"//button[@data-kt=\"addNewRUOverflowToolbarButton\"]"}
COMMAND: POST /session/7ffbccf5b98cbe484128c353475857c2/elements - {"using":"xpath","value":"//button[@data-kt=\"addNewRUOverflowToolbarButton\"]"}
RESULT: {"using":"xpath","value":"//button[@data-kt=\"addNewRUOverflowToolbarButton\"]"}
COMMAND: POST /session/7ffbccf5b98cbe484128c353475857c2/elements - {"using":"xpath","value":"//button[@data-kt=\"addNewRUOverflowToolbarButton\"]"}
RESULT: {"using":"xpath","value":"//button[@data-kt=\"addNewRUOverflowToolbarButton\"]"}
COMMAND: POST /session/7ffbccf5b98cbe484128c353475857c2/elements - {"using":"xpath","value":"//button[@data-kt=\"addNewRUOverflowToolbarButton\"]"}
RESULT: {"using":"xpath","value":"//button[@data-kt=\"addNewRUOverflowToolbarButton\"]"}
COMMAND: POST /session/7ffbccf5b98cbe484128c353475857c2/elements - {"using":"xpath","value":"//button[@data-kt=\"addNewRUOverflowToolbarButton\"]"}
RESULT: {"using":"xpath","value":"//button[@data-kt=\"addNewRUOverflowToolbarButton\"]"}
COMMAND: POST /session/7ffbccf5b98cbe484128c353475857c2/elements - {"using":"xpath","value":"//button[@data-kt=\"addNewRUOverflowToolbarButton\"]"}
RESULT: {"using":"xpath","value":"//button[@data-kt=\"addNewRUOverflowToolbarButton\"]"}
COMMAND: POST /session/7ffbccf5b98cbe484128c353475857c2/elements - {"using":"xpath","value":"//button[@data-kt=\"addNewRUOverflowToolbarButton\"]"}
RESULT: {"using":"xpath","value":"//button[@data-kt=\"addNewRUOverflowToolbarButton\"]"}
COMMAND: POST /session/7ffbccf5b98cbe484128c353475857c2/elements - {"using":"xpath","value":"//button[@data-kt=\"addNewRUOverflowToolbarButton\"]"}
RESULT: {"using":"xpath","value":"//button[@data-kt=\"addNewRUOverflowToolbarButton\"]"}
COMMAND: POST /session/7ffbccf5b98cbe484128c353475857c2/elements - {"using":"xpath","value":"//button[@data-kt=\"addNewRUOverflowToolbarButton\"]"}
RESULT: {"using":"xpath","value":"//button[@data-kt=\"addNewRUOverflowToolbarButton\"]"}
COMMAND: POST /session/7ffbccf5b98cbe484128c353475857c2/elements - {"using":"xpath","value":"//button[@data-kt=\"addNewRUOverflowToolbarButton\"]"}
RESULT: {"using":"xpath","value":"//button[@data-kt=\"addNewRUOverflowToolbarButton\"]"}
COMMAND: POST /session/7ffbccf5b98cbe484128c353475857c2/elements - {"using":"xpath","value":"//button[@data-kt=\"addNewRUOverflowToolbarButton\"]"}
RESULT: {"using":"xpath","value":"//button[@data-kt=\"addNewRUOverflowToolbarButton\"]"}
COMMAND: POST /session/7ffbccf5b98cbe484128c353475857c2/elements - {"using":"xpath","value":"//button[@data-kt=\"addNewRUOverflowToolbarButton\"]"}
RESULT: {"using":"xpath","value":"//button[@data-kt=\"addNewRUOverflowToolbarButton\"]"}
COMMAND: POST /session/7ffbccf5b98cbe484128c353475857c2/elements - {"using":"xpath","value":"//button[@data-kt=\"addNewRUOverflowToolbarButton\"]"}
RESULT: {"using":"xpath","value":"//button[@data-kt=\"addNewRUOverflowToolbarButton\"]"}
COMMAND: POST /session/7ffbccf5b98cbe484128c353475857c2/elements - {"using":"xpath","value":"//button[@data-kt=\"addNewRUOverflowToolbarButton\"]"}
RESULT: {"using":"xpath","value":"//button[@data-kt=\"addNewRUOverflowToolbarButton\"]"}
COMMAND: POST /session/7ffbccf5b98cbe484128c353475857c2/elements - {"using":"xpath","value":"//button[@data-kt=\"addNewRUOverflowToolbarButton\"]"}
RESULT: {"using":"xpath","value":"//button[@data-kt=\"addNewRUOverflowToolbarButton\"]"}
COMMAND: POST /session/7ffbccf5b98cbe484128c353475857c2/elements - {"using":"xpath","value":"//button[@data-kt=\"addNewRUOverflowToolbarButton\"]"}
RESULT: {"using":"xpath","value":"//button[@data-kt=\"addNewRUOverflowToolbarButton\"]"}
COMMAND: POST /session/7ffbccf5b98cbe484128c353475857c2/elements - {"using":"xpath","value":"//button[@data-kt=\"addNewRUOverflowToolbarButton\"]"}
RESULT: {"using":"xpath","value":"//button[@data-kt=\"addNewRUOverflowToolbarButton\"]"}
COMMAND: POST /session/7ffbccf5b98cbe484128c353475857c2/elements - {"using":"xpath","value":"//button[@data-kt=\"addNewRUOverflowToolbarButton\"]"}
RESULT: {"using":"xpath","value":"//button[@data-kt=\"addNewRUOverflowToolbarButton\"]"}
COMMAND: POST /session/7ffbccf5b98cbe484128c353475857c2/element - {"using":"xpath","value":"//button[@data-kt=\"addNewRUOverflowToolbarButton\"]"}
RESULT: {"using":"xpath","value":"//button[@data-kt=\"addNewRUOverflowToolbarButton\"]"}
COMMAND: POST /session/7ffbccf5b98cbe484128c353475857c2/execute/sync - {"script":"<script> [8489 bytes]","args":[{"element-6066-11e4-a52e-4f735466cecf":"f.8C9F1F95938956A3D73460F207C174A3.d.ECF3CAD10BC04166FA21F6AF3E2D5CC0.e.260","ELEMENT":"f.8C9F1F95938956A3D73460F207C174A3.d.ECF3CAD10BC04166FA21F6AF3E2D5CC0.e.260"}]}
RESULT: {"script":"<script> [8489 bytes]","args":[{"element-6066-11e4-a52e-4f735466cecf":"f.8C9F1F95938956A3D73460F207C174A3.d.ECF3CAD10BC04166FA21F6AF3E2D5CC0.e.260","ELEMENT":"f.8C9F1F95938956A3D73460F207C174A3.d.ECF3CAD10BC04166FA21F6AF3E2D5CC0.e.260"}]}
COMMAND: GET /session/7ffbccf5b98cbe484128c353475857c2/element/f.8C9F1F95938956A3D73460F207C174A3.d.ECF3CAD10BC04166FA21F6AF3E2D5CC0.e.260/enabled - {}
COMMAND: GET /session/7ffbccf5b98cbe484128c353475857c2/screenshot - {}
RESULT: {}
COMMAND: POST /session/7ffbccf5b98cbe484128c353475857c2/execute/sync - {"script":"<script> [8489 bytes]","args":[{"element-6066-11e4-a52e-4f735466cecf":"f.8C9F1F95938956A3D73460F207C174A3.d.ECF3CAD10BC04166FA21F6AF3E2D5CC0.e.260","ELEMENT":"f.8C9F1F95938956A3D73460F207C174A3.d.ECF3CAD10BC04166FA21F6AF3E2D5CC0.e.260"}]}
COMMAND: GET /session/7ffbccf5b98cbe484128c353475857c2/screenshot - {}
RESULT: {}
RESULT: {"script":"<script> [8489 bytes]","args":[{"element-6066-11e4-a52e-4f735466cecf":"f.8C9F1F95938956A3D73460F207C174A3.d.ECF3CAD10BC04166FA21F6AF3E2D5CC0.e.260","ELEMENT":"f.8C9F1F95938956A3D73460F207C174A3.d.ECF3CAD10BC04166FA21F6AF3E2D5CC0.e.260"}]}
COMMAND: POST /session/7ffbccf5b98cbe484128c353475857c2/execute/sync - {"script":"<script> [5351 bytes]","args":[{"element-6066-11e4-a52e-4f735466cecf":"f.8C9F1F95938956A3D73460F207C174A3.d.ECF3CAD10BC04166FA21F6AF3E2D5CC0.e.260","ELEMENT":"f.8C9F1F95938956A3D73460F207C174A3.d.ECF3CAD10BC04166FA21F6AF3E2D5CC0.e.260"}]}
COMMAND: GET /session/7ffbccf5b98cbe484128c353475857c2/screenshot - {}
RESULT: {}
RESULT: {"script":"<script> [5351 bytes]","args":[{"element-6066-11e4-a52e-4f735466cecf":"f.8C9F1F95938956A3D73460F207C174A3.d.ECF3CAD10BC04166FA21F6AF3E2D5CC0.e.260","ELEMENT":"f.8C9F1F95938956A3D73460F207C174A3.d.ECF3CAD10BC04166FA21F6AF3E2D5CC0.e.260"}]}
COMMAND: POST /session/7ffbccf5b98cbe484128c353475857c2/element/f.8C9F1F95938956A3D73460F207C174A3.d.ECF3CAD10BC04166FA21F6AF3E2D5CC0.e.260/click - {}
COMMAND: GET /session/7ffbccf5b98cbe484128c353475857c2/screenshot - {}
RESULT: {}
RESULT: {}
COMMAND: GET /session/7ffbccf5b98cbe484128c353475857c2/screenshot - {}
COMMAND: POST /session/7ffbccf5b98cbe484128c353475857c2/execute/async - {"script":"<script> [1562 bytes]","args":[{"selector":{"id":"application-manageresources-display-component---newResourceUnit--TYPE-arrow"},"wdio_ui5_key":"applicationmanageresources-display-component---newResourceUnit--TYPE-arrow"}]}
RESULT: {}
RESULT: {}
RESULT: {"script":"<script> [1562 bytes]","args":[{"selector":{"id":"application-manageresources-display-component---newResourceUnit--TYPE-arrow"},"wdio_ui5_key":"applicationmanageresources-display-component---newResourceUnit--TYPE-arrow"}]}
RESULT: undefined
COMMAND: POST /session/7ffbccf5b98cbe484128c353475857c2/element - {"using":"xpath","value":"//*[@id=\"application-manageresources-display-component---newResourceUnit--TYPE-arrow\"]"}
RESULT: {"using":"xpath","value":"//*[@id=\"application-manageresources-display-component---newResourceUnit--TYPE-arrow\"]"}
COMMAND: POST /session/7ffbccf5b98cbe484128c353475857c2/element/f.8C9F1F95938956A3D73460F207C174A3.d.ECF3CAD10BC04166FA21F6AF3E2D5CC0.e.429/click - {}
RESULT: {}
COMMAND: POST /session/7ffbccf5b98cbe484128c353475857c2/execute/async - {"script":"<script> [1562 bytes]","args":[{"selector":{"controlType":"sap.m.StandardListItem","viewName":"reusables.view.manageresources.NewResourceUnit","viewId":"application-manageresources-display-component---newResourceUnit","properties":{"title":"Equipment"},"searchOpenDialogs":true,"interaction":{"idSuffix":"content"}},"wdio_ui5_key":"reusablesview.manageresources.NewResourceUnitsap.m.StandardListItem{\"title\":\"Equipment\"}"}]}
COMMAND: GET /session/7ffbccf5b98cbe484128c353475857c2/screenshot - {}
RESULT: {"script":"<script> [1562 bytes]","args":[{"selector":{"controlType":"sap.m.StandardListItem","viewName":"reusables.view.manageresources.NewResourceUnit","viewId":"application-manageresources-display-component---newResourceUnit","properties":{"title":"Equipment"},"searchOpenDialogs":true,"interaction":{"idSuffix":"content"}},"wdio_ui5_key":"reusablesview.manageresources.NewResourceUnitsap.m.StandardListItem{\"title\":\"Equipment\"}"}]}
RESULT: undefined
COMMAND: POST /session/7ffbccf5b98cbe484128c353475857c2/element - {"using":"xpath","value":"//*[@id=\"__item141\"]"}
RESULT: {}
RESULT: {"using":"xpath","value":"//*[@id=\"__item141\"]"}
COMMAND: POST /session/7ffbccf5b98cbe484128c353475857c2/element/f.8C9F1F95938956A3D73460F207C174A3.d.ECF3CAD10BC04166FA21F6AF3E2D5CC0.e.432/click - {}
RESULT: {}
COMMAND: POST /session/7ffbccf5b98cbe484128c353475857c2/execute/async - {"script":"<script> [1562 bytes]","args":[{"selector":{"id":"application-manageresources-display-component---newResourceUnit--resourceId","interaction":{"idSuffix":"inner"}},"wdio_ui5_key":"applicationmanageresources-display-component---newResourceUnit--resourceId"}]}
COMMAND: GET /session/7ffbccf5b98cbe484128c353475857c2/screenshot - {}
RESULT: {"script":"<script> [1562 bytes]","args":[{"selector":{"id":"application-manageresources-display-component---newResourceUnit--resourceId","interaction":{"idSuffix":"inner"}},"wdio_ui5_key":"applicationmanageresources-display-component---newResourceUnit--resourceId"}]}
RESULT: undefined
COMMAND: POST /session/7ffbccf5b98cbe484128c353475857c2/execute/async - {"script":"<script> [776 bytes]","args":[{"enterText":"js9qhzJO8_1","selector":{"id":"application-manageresources-display-component---newResourceUnit--resourceId","interaction":{"idSuffix":"inner"}},"clearTextFirst":true,"interactionType":"ENTER_TEXT"}]}
RESULT: {}
RESULT: {"script":"<script> [776 bytes]","args":[{"enterText":"js9qhzJO8_1","selector":{"id":"application-manageresources-display-component---newResourceUnit--resourceId","interaction":{"idSuffix":"inner"}},"clearTextFirst":true,"interactionType":"ENTER_TEXT"}]}
COMMAND: POST /session/7ffbccf5b98cbe484128c353475857c2/execute/async - {"script":"<script> [1562 bytes]","args":[{"selector":{"id":"application-manageresources-display-component---newResourceUnit--SHORT_TEXT","interaction":{"idSuffix":"inner"}},"wdio_ui5_key":"applicationmanageresources-display-component---newResourceUnit--SHORT_TEXT"}]}
RESULT: {"script":"<script> [1562 bytes]","args":[{"selector":{"id":"application-manageresources-display-component---newResourceUnit--SHORT_TEXT","interaction":{"idSuffix":"inner"}},"wdio_ui5_key":"applicationmanageresources-display-component---newResourceUnit--SHORT_TEXT"}]}
RESULT: undefined
COMMAND: POST /session/7ffbccf5b98cbe484128c353475857c2/execute/async - {"script":"<script> [776 bytes]","args":[{"enterText":"js9qhzJO8_1","selector":{"id":"application-manageresources-display-component---newResourceUnit--SHORT_TEXT","interaction":{"idSuffix":"inner"}},"clearTextFirst":true,"interactionType":"ENTER_TEXT"}]}
RESULT: {"script":"<script> [776 bytes]","args":[{"enterText":"js9qhzJO8_1","selector":{"id":"application-manageresources-display-component---newResourceUnit--SHORT_TEXT","interaction":{"idSuffix":"inner"}},"clearTextFirst":true,"interactionType":"ENTER_TEXT"}]}
COMMAND: POST /session/7ffbccf5b98cbe484128c353475857c2/execute/async - {"script":"<script> [1562 bytes]","args":[{"selector":{"id":"application-manageresources-display-component---newResourceUnit--BASE_UNIT_OF_MEASURE","interaction":{"idSuffix":"inner"}},"wdio_ui5_key":"applicationmanageresources-display-component---newResourceUnit--BASE_UNIT_OF_MEASURE"}]}
RESULT: {"script":"<script> [1562 bytes]","args":[{"selector":{"id":"application-manageresources-display-component---newResourceUnit--BASE_UNIT_OF_MEASURE","interaction":{"idSuffix":"inner"}},"wdio_ui5_key":"applicationmanageresources-display-component---newResourceUnit--BASE_UNIT_OF_MEASURE"}]}
RESULT: undefined
COMMAND: POST /session/7ffbccf5b98cbe484128c353475857c2/execute/async - {"script":"<script> [776 bytes]","args":[{"enterText":"Piece","selector":{"id":"application-manageresources-display-component---newResourceUnit--BASE_UNIT_OF_MEASURE","interaction":{"idSuffix":"inner"}},"clearTextFirst":true,"interactionType":"ENTER_TEXT"}]}
RESULT: {"script":"<script> [776 bytes]","args":[{"enterText":"Piece","selector":{"id":"application-manageresources-display-component---newResourceUnit--BASE_UNIT_OF_MEASURE","interaction":{"idSuffix":"inner"}},"clearTextFirst":true,"interactionType":"ENTER_TEXT"}]}
COMMAND: POST /session/7ffbccf5b98cbe484128c353475857c2/execute/async - {"script":"<script> [1562 bytes]","args":[{"selector":{"id":"application-manageresources-display-component---newResourceUnit--WEIGHT_UNIT","interaction":{"idSuffix":"inner"}},"wdio_ui5_key":"applicationmanageresources-display-component---newResourceUnit--WEIGHT_UNIT"}]}
RESULT: {"script":"<script> [1562 bytes]","args":[{"selector":{"id":"application-manageresources-display-component---newResourceUnit--WEIGHT_UNIT","interaction":{"idSuffix":"inner"}},"wdio_ui5_key":"applicationmanageresources-display-component---newResourceUnit--WEIGHT_UNIT"}]}
RESULT: undefined
COMMAND: POST /session/7ffbccf5b98cbe484128c353475857c2/execute/async - {"script":"<script> [776 bytes]","args":[{"enterText":"Gram","selector":{"id":"application-manageresources-display-component---newResourceUnit--WEIGHT_UNIT","interaction":{"idSuffix":"inner"}},"clearTextFirst":true,"interactionType":"ENTER_TEXT"}]}
RESULT: {"script":"<script> [776 bytes]","args":[{"enterText":"Gram","selector":{"id":"application-manageresources-display-component---newResourceUnit--WEIGHT_UNIT","interaction":{"idSuffix":"inner"}},"clearTextFirst":true,"interactionType":"ENTER_TEXT"}]}
COMMAND: POST /session/7ffbccf5b98cbe484128c353475857c2/execute/async - {"script":"<script> [1562 bytes]","args":[{"selector":{"id":"application-manageresources-display-component---newResourceUnit--DIMENSION_UNIT","interaction":{"idSuffix":"inner"}},"wdio_ui5_key":"applicationmanageresources-display-component---newResourceUnit--DIMENSION_UNIT"}]}
RESULT: {"script":"<script> [1562 bytes]","args":[{"selector":{"id":"application-manageresources-display-component---newResourceUnit--DIMENSION_UNIT","interaction":{"idSuffix":"inner"}},"wdio_ui5_key":"applicationmanageresources-display-component---newResourceUnit--DIMENSION_UNIT"}]}
RESULT: undefined
COMMAND: POST /session/7ffbccf5b98cbe484128c353475857c2/execute/async - {"script":"<script> [776 bytes]","args":[{"enterText":"Meter","selector":{"id":"application-manageresources-display-component---newResourceUnit--DIMENSION_UNIT","interaction":{"idSuffix":"inner"}},"clearTextFirst":true,"interactionType":"ENTER_TEXT"}]}
RESULT: {"script":"<script> [776 bytes]","args":[{"enterText":"Meter","selector":{"id":"application-manageresources-display-component---newResourceUnit--DIMENSION_UNIT","interaction":{"idSuffix":"inner"}},"clearTextFirst":true,"interactionType":"ENTER_TEXT"}]}
COMMAND: POST /session/7ffbccf5b98cbe484128c353475857c2/execute/async - {"script":"<script> [1562 bytes]","args":[{"selector":{"id":"application-manageresources-display-component---newResourceUnit--newRRUPage-anchBar-application-manageresources-display-component---newResourceUnit--control-anchor","interaction":{"idSuffix":"BDI-content"}},"wdio_ui5_key":"applicationmanageresources-display-component---newResourceUnit--newRRUPage-anchBar-application-manageresources-display-component---newResourceUnit--control-anchor"}]}
RESULT: {"script":"<script> [1562 bytes]","args":[{"selector":{"id":"application-manageresources-display-component---newResourceUnit--newRRUPage-anchBar-application-manageresources-display-component---newResourceUnit--control-anchor","interaction":{"idSuffix":"BDI-content"}},"wdio_ui5_key":"applicationmanageresources-display-component---newResourceUnit--newRRUPage-anchBar-application-manageresources-display-component---newResourceUnit--control-anchor"}]}
RESULT: undefined
COMMAND: POST /session/7ffbccf5b98cbe484128c353475857c2/element - {"using":"xpath","value":"//*[@id=\"application-manageresources-display-component---newResourceUnit--newRRUPage-anchBar-application-manageresources-display-component---newResourceUnit--control-anchor\"]"}
RESULT: {"using":"xpath","value":"//*[@id=\"application-manageresources-display-component---newResourceUnit--newRRUPage-anchBar-application-manageresources-display-component---newResourceUnit--control-anchor\"]"}
COMMAND: POST /session/7ffbccf5b98cbe484128c353475857c2/element/f.8C9F1F95938956A3D73460F207C174A3.d.ECF3CAD10BC04166FA21F6AF3E2D5CC0.e.563/click - {}
RESULT: {}
COMMAND: POST /session/7ffbccf5b98cbe484128c353475857c2/execute/async - {"script":"<script> [1562 bytes]","args":[{"selector":{"id":"application-manageresources-display-component---newResourceUnit--PLANNING_GROUP","interaction":{"idSuffix":"inner"}},"wdio_ui5_key":"applicationmanageresources-display-component---newResourceUnit--PLANNING_GROUP"}]}
COMMAND: GET /session/7ffbccf5b98cbe484128c353475857c2/screenshot - {}
RESULT: {"script":"<script> [1562 bytes]","args":[{"selector":{"id":"application-manageresources-display-component---newResourceUnit--PLANNING_GROUP","interaction":{"idSuffix":"inner"}},"wdio_ui5_key":"applicationmanageresources-display-component---newResourceUnit--PLANNING_GROUP"}]}
RESULT: undefined
COMMAND: POST /session/7ffbccf5b98cbe484128c353475857c2/execute/async - {"script":"<script> [776 bytes]","args":[{"enterText":"Heavy Equi","selector":{"id":"application-manageresources-display-component---newResourceUnit--PLANNING_GROUP","interaction":{"idSuffix":"inner"}},"clearTextFirst":true,"interactionType":"ENTER_TEXT"}]}
RESULT: {}
RESULT: {"script":"<script> [776 bytes]","args":[{"enterText":"Heavy Equi","selector":{"id":"application-manageresources-display-component---newResourceUnit--PLANNING_GROUP","interaction":{"idSuffix":"inner"}},"clearTextFirst":true,"interactionType":"ENTER_TEXT"}]}
COMMAND: POST /session/7ffbccf5b98cbe484128c353475857c2/execute/async - {"script":"<script> [1562 bytes]","args":[{"selector":{"id":"application-manageresources-display-component---newResourceUnit--ITEM_TYPE-arrow"},"wdio_ui5_key":"applicationmanageresources-display-component---newResourceUnit--ITEM_TYPE-arrow"}]}
RESULT: {"script":"<script> [1562 bytes]","args":[{"selector":{"id":"application-manageresources-display-component---newResourceUnit--ITEM_TYPE-arrow"},"wdio_ui5_key":"applicationmanageresources-display-component---newResourceUnit--ITEM_TYPE-arrow"}]}
RESULT: undefined
COMMAND: POST /session/7ffbccf5b98cbe484128c353475857c2/element - {"using":"xpath","value":"//*[@id=\"application-manageresources-display-component---newResourceUnit--ITEM_TYPE-arrow\"]"}
RESULT: {"using":"xpath","value":"//*[@id=\"application-manageresources-display-component---newResourceUnit--ITEM_TYPE-arrow\"]"}
COMMAND: POST /session/7ffbccf5b98cbe484128c353475857c2/element/f.8C9F1F95938956A3D73460F207C174A3.d.ECF3CAD10BC04166FA21F6AF3E2D5CC0.e.571/click - {}
RESULT: {}
COMMAND: POST /session/7ffbccf5b98cbe484128c353475857c2/execute/async - {"script":"<script> [1562 bytes]","args":[{"selector":{"controlType":"sap.m.StandardListItem","viewName":"reusables.view.manageresources.NewResourceUnit","viewId":"application-manageresources-display-component---newResourceUnit","properties":{"title":"Resource Unit"},"searchOpenDialogs":true,"interaction":{"idSuffix":"titleText"}},"wdio_ui5_key":"reusablesview.manageresources.NewResourceUnitsap.m.StandardListItem{\"title\":\"Resource Unit\"}"}]}
COMMAND: GET /session/7ffbccf5b98cbe484128c353475857c2/screenshot - {}
RESULT: {"script":"<script> [1562 bytes]","args":[{"selector":{"controlType":"sap.m.StandardListItem","viewName":"reusables.view.manageresources.NewResourceUnit","viewId":"application-manageresources-display-component---newResourceUnit","properties":{"title":"Resource Unit"},"searchOpenDialogs":true,"interaction":{"idSuffix":"titleText"}},"wdio_ui5_key":"reusablesview.manageresources.NewResourceUnitsap.m.StandardListItem{\"title\":\"Resource Unit\"}"}]}
RESULT: undefined
COMMAND: POST /session/7ffbccf5b98cbe484128c353475857c2/element - {"using":"xpath","value":"//*[@id=\"__item210\"]"}
RESULT: {}
RESULT: {"using":"xpath","value":"//*[@id=\"__item210\"]"}
COMMAND: POST /session/7ffbccf5b98cbe484128c353475857c2/element/f.8C9F1F95938956A3D73460F207C174A3.d.ECF3CAD10BC04166FA21F6AF3E2D5CC0.e.573/click - {}
RESULT: {}
COMMAND: POST /session/7ffbccf5b98cbe484128c353475857c2/execute/async - {"script":"<script> [1562 bytes]","args":[{"selector":{"id":"application-manageresources-display-component---newResourceUnit--btnAddTimeSegment-img"},"wdio_ui5_key":"applicationmanageresources-display-component---newResourceUnit--btnAddTimeSegment-img"}]}
COMMAND: GET /session/7ffbccf5b98cbe484128c353475857c2/screenshot - {}
RESULT: {"script":"<script> [1562 bytes]","args":[{"selector":{"id":"application-manageresources-display-component---newResourceUnit--btnAddTimeSegment-img"},"wdio_ui5_key":"applicationmanageresources-display-component---newResourceUnit--btnAddTimeSegment-img"}]}
RESULT: undefined
COMMAND: POST /session/7ffbccf5b98cbe484128c353475857c2/element - {"using":"xpath","value":"//*[@id=\"application-manageresources-display-component---newResourceUnit--btnAddTimeSegment-img\"]"}
RESULT: {}
RESULT: {"using":"xpath","value":"//*[@id=\"application-manageresources-display-component---newResourceUnit--btnAddTimeSegment-img\"]"}
COMMAND: POST /session/7ffbccf5b98cbe484128c353475857c2/element/f.8C9F1F95938956A3D73460F207C174A3.d.ECF3CAD10BC04166FA21F6AF3E2D5CC0.e.574/click - {}
RESULT: {}
COMMAND: GET /session/7ffbccf5b98cbe484128c353475857c2/screenshot - {}
RESULT: {}
COMMAND: POST /session/7ffbccf5b98cbe484128c353475857c2/element - {"using":"xpath","value":"//input[@id=\"application-manageresources-display-component---newResourceUnit--idRuTSAdmin-application-manageresources-display-component---newResourceUnit--RUTimeSegment-0-inner\"]"}
RESULT: {"using":"xpath","value":"//input[@id=\"application-manageresources-display-component---newResourceUnit--idRuTSAdmin-application-manageresources-display-component---newResourceUnit--RUTimeSegment-0-inner\"]"}
COMMAND: POST /session/7ffbccf5b98cbe484128c353475857c2/element/f.8C9F1F95938956A3D73460F207C174A3.d.ECF3CAD10BC04166FA21F6AF3E2D5CC0.e.578/clear - {}
RESULT: {}
COMMAND: POST /session/7ffbccf5b98cbe484128c353475857c2/element/f.8C9F1F95938956A3D73460F207C174A3.d.ECF3CAD10BC04166FA21F6AF3E2D5CC0.e.578/value - {"text":"106"}
COMMAND: GET /session/7ffbccf5b98cbe484128c353475857c2/screenshot - {}
RESULT: {"text":"106"}
COMMAND: GET /session/7ffbccf5b98cbe484128c353475857c2/screenshot - {}
RESULT: {}
RESULT: {}
COMMAND: POST /session/7ffbccf5b98cbe484128c353475857c2/element - {"using":"xpath","value":"//li[.//span[text()='106']]"}
RESULT: {"using":"xpath","value":"//li[.//span[text()='106']]"}
COMMAND: POST /session/7ffbccf5b98cbe484128c353475857c2/element/f.8C9F1F95938956A3D73460F207C174A3.d.ECF3CAD10BC04166FA21F6AF3E2D5CC0.e.591/click - {}
RESULT: {}
COMMAND: GET /session/7ffbccf5b98cbe484128c353475857c2/screenshot - {}
RESULT: {}
COMMAND: POST /session/7ffbccf5b98cbe484128c353475857c2/execute/async - {"script":"<script> [1562 bytes]","args":[{"selector":{"controlType":"sap.ui.core.Icon","viewName":"reusables.view.manageresources.NewResourceUnit","viewId":"application-manageresources-display-component---newResourceUnit","properties":{"src":{"regex":{"source":"slim\\-arrow\\-down"}}},"ancestor":{"controlType":"sap.m.ComboBox","viewName":"reusables.view.manageresources.NewResourceUnit","viewId":"application-manageresources-display-component---newResourceUnit","bindingPath":{"path":"/RESOURCE_UNIT_TIME_SEQUENCES/0","propertyPath":"COST_OBJECT_ADMIN_CST_TYPE","modelName":"oNewRruModel"}}},"wdio_ui5_key":"reusablesview.manageresources.NewResourceUnitsap.ui.core.Icon{\"src\":{\"regex\":{\"source\":\"slim\\\\-arrow\\\\-down\"}}}{\"controlType\":\"sap.m.ComboBox\",\"viewName\":\"reusables.view.manageresources.NewResourceUnit\",\"viewId\":\"application-manageresources-display-component---newResourceUnit\",\"bindingPath\":{\"path\":\"/RESOURCE_UNIT_TIME_SEQUENCES/0\",\"propertyPath\":\"COST_OBJECT_ADMIN_CST_TYPE\",\"modelName\":\"oNewRruModel\"}}"}]}
RESULT: {"script":"<script> [1562 bytes]","args":[{"selector":{"controlType":"sap.ui.core.Icon","viewName":"reusables.view.manageresources.NewResourceUnit","viewId":"application-manageresources-display-component---newResourceUnit","properties":{"src":{"regex":{"source":"slim\\-arrow\\-down"}}},"ancestor":{"controlType":"sap.m.ComboBox","viewName":"reusables.view.manageresources.NewResourceUnit","viewId":"application-manageresources-display-component---newResourceUnit","bindingPath":{"path":"/RESOURCE_UNIT_TIME_SEQUENCES/0","propertyPath":"COST_OBJECT_ADMIN_CST_TYPE","modelName":"oNewRruModel"}}},"wdio_ui5_key":"reusablesview.manageresources.NewResourceUnitsap.ui.core.Icon{\"src\":{\"regex\":{\"source\":\"slim\\\\-arrow\\\\-down\"}}}{\"controlType\":\"sap.m.ComboBox\",\"viewName\":\"reusables.view.manageresources.NewResourceUnit\",\"viewId\":\"application-manageresources-display-component---newResourceUnit\",\"bindingPath\":{\"path\":\"/RESOURCE_UNIT_TIME_SEQUENCES/0\",\"propertyPath\":\"COST_OBJECT_ADMIN_CST_TYPE\",\"modelName\":\"oNewRruModel\"}}"}]}
RESULT: undefined
COMMAND: POST /session/7ffbccf5b98cbe484128c353475857c2/element - {"using":"xpath","value":"//*[@id=\"__box5-application-manageresources-display-component---newResourceUnit--RUTimeSegment-0-arrow\"]"}
RESULT: {"using":"xpath","value":"//*[@id=\"__box5-application-manageresources-display-component---newResourceUnit--RUTimeSegment-0-arrow\"]"}
COMMAND: POST /session/7ffbccf5b98cbe484128c353475857c2/element/f.8C9F1F95938956A3D73460F207C174A3.d.ECF3CAD10BC04166FA21F6AF3E2D5CC0.e.592/click - {}
RESULT: {}
COMMAND: POST /session/7ffbccf5b98cbe484128c353475857c2/execute/async - {"script":"<script> [1562 bytes]","args":[{"selector":{"controlType":"sap.m.StandardListItem","viewName":"reusables.view.manageresources.NewResourceUnit","viewId":"application-manageresources-display-component---newResourceUnit","properties":{"title":"PM Order"},"searchOpenDialogs":true,"interaction":{"idSuffix":"titleText"}},"wdio_ui5_key":"reusablesview.manageresources.NewResourceUnitsap.m.StandardListItem{\"title\":\"PM Order\"}"}]}
COMMAND: GET /session/7ffbccf5b98cbe484128c353475857c2/screenshot - {}
RESULT: {"script":"<script> [1562 bytes]","args":[{"selector":{"controlType":"sap.m.StandardListItem","viewName":"reusables.view.manageresources.NewResourceUnit","viewId":"application-manageresources-display-component---newResourceUnit","properties":{"title":"PM Order"},"searchOpenDialogs":true,"interaction":{"idSuffix":"titleText"}},"wdio_ui5_key":"reusablesview.manageresources.NewResourceUnitsap.m.StandardListItem{\"title\":\"PM Order\"}"}]}
RESULT: undefined
COMMAND: POST /session/7ffbccf5b98cbe484128c353475857c2/element - {"using":"xpath","value":"//*[@id=\"__item617\"]"}
RESULT: {}
RESULT: {"using":"xpath","value":"//*[@id=\"__item617\"]"}
COMMAND: POST /session/7ffbccf5b98cbe484128c353475857c2/element/f.8C9F1F95938956A3D73460F207C174A3.d.ECF3CAD10BC04166FA21F6AF3E2D5CC0.e.596/click - {}
RESULT: {}
COMMAND: GET /session/7ffbccf5b98cbe484128c353475857c2/screenshot - {}
RESULT: {}
COMMAND: POST /session/7ffbccf5b98cbe484128c353475857c2/element - {"using":"xpath","value":"(//input[contains(@id ,\"-application-manageresources-display-component---newResourceUnit--RUTimeSegment-0-inner\")])[8]"}
RESULT: {"using":"xpath","value":"(//input[contains(@id ,\"-application-manageresources-display-component---newResourceUnit--RUTimeSegment-0-inner\")])[8]"}
COMMAND: POST /session/7ffbccf5b98cbe484128c353475857c2/element/f.8C9F1F95938956A3D73460F207C174A3.d.ECF3CAD10BC04166FA21F6AF3E2D5CC0.e.599/clear - {}
RESULT: {}
COMMAND: POST /session/7ffbccf5b98cbe484128c353475857c2/element/f.8C9F1F95938956A3D73460F207C174A3.d.ECF3CAD10BC04166FA21F6AF3E2D5CC0.e.599/value - {"text":"4000360"}
COMMAND: GET /session/7ffbccf5b98cbe484128c353475857c2/screenshot - {}
RESULT: {"text":"4000360"}
COMMAND: GET /session/7ffbccf5b98cbe484128c353475857c2/screenshot - {}
RESULT: {}
RESULT: {}
COMMAND: POST /session/7ffbccf5b98cbe484128c353475857c2/actions - {"actions":[{"id":"action1","type":"key","parameters":{},"actions":[{"type":"keyDown","value":"î€‡"},{"type":"pause","duration":10},{"type":"keyUp","value":"î€‡"}]}]}
RESULT: {"actions":[{"id":"action1","type":"key","parameters":{},"actions":[{"type":"keyDown","value":"î€‡"},{"type":"pause","duration":10},{"type":"keyUp","value":"î€‡"}]}]}
COMMAND: GET /session/7ffbccf5b98cbe484128c353475857c2/screenshot - {}
RESULT: {}
COMMAND: POST /session/7ffbccf5b98cbe484128c353475857c2/execute/async - {"script":"<script> [1562 bytes]","args":[{"selector":{"id":"application-manageresources-display-component---newResourceUnit--newRRUPage-anchBar-application-manageresources-display-component---newResourceUnit--resource-anchor","interaction":{"idSuffix":"BDI-content"}},"wdio_ui5_key":"applicationmanageresources-display-component---newResourceUnit--newRRUPage-anchBar-application-manageresources-display-component---newResourceUnit--resource-anchor"}]}
RESULT: {"script":"<script> [1562 bytes]","args":[{"selector":{"id":"application-manageresources-display-component---newResourceUnit--newRRUPage-anchBar-application-manageresources-display-component---newResourceUnit--resource-anchor","interaction":{"idSuffix":"BDI-content"}},"wdio_ui5_key":"applicationmanageresources-display-component---newResourceUnit--newRRUPage-anchBar-application-manageresources-display-component---newResourceUnit--resource-anchor"}]}
RESULT: undefined
COMMAND: POST /session/7ffbccf5b98cbe484128c353475857c2/element - {"using":"xpath","value":"//*[@id=\"application-manageresources-display-component---newResourceUnit--newRRUPage-anchBar-application-manageresources-display-component---newResourceUnit--resource-anchor\"]"}
RESULT: {"using":"xpath","value":"//*[@id=\"application-manageresources-display-component---newResourceUnit--newRRUPage-anchBar-application-manageresources-display-component---newResourceUnit--resource-anchor\"]"}
COMMAND: POST /session/7ffbccf5b98cbe484128c353475857c2/element/f.8C9F1F95938956A3D73460F207C174A3.d.ECF3CAD10BC04166FA21F6AF3E2D5CC0.e.631/click - {}
RESULT: {}
COMMAND: POST /session/7ffbccf5b98cbe484128c353475857c2/execute/async - {"script":"<script> [1562 bytes]","args":[{"selector":{"id":"application-manageresources-display-component---newResourceUnit--PLANNED_DELIVERY_DATE","interaction":{"idSuffix":"inner"}},"wdio_ui5_key":"applicationmanageresources-display-component---newResourceUnit--PLANNED_DELIVERY_DATE"}]}
COMMAND: GET /session/7ffbccf5b98cbe484128c353475857c2/screenshot - {}
RESULT: {"script":"<script> [1562 bytes]","args":[{"selector":{"id":"application-manageresources-display-component---newResourceUnit--PLANNED_DELIVERY_DATE","interaction":{"idSuffix":"inner"}},"wdio_ui5_key":"applicationmanageresources-display-component---newResourceUnit--PLANNED_DELIVERY_DATE"}]}
RESULT: undefined
COMMAND: POST /session/7ffbccf5b98cbe484128c353475857c2/execute/async - {"script":"<script> [6424 bytes]","args":[{"element-6066-11e4-a52e-4f735466cecf":"f.8C9F1F95938956A3D73460F207C174A3.d.ECF3CAD10BC04166FA21F6AF3E2D5CC0.e.486"},"setValue",["5/2/25"]]}
RESULT: {}
RESULT: {"script":"<script> [6424 bytes]","args":[{"element-6066-11e4-a52e-4f735466cecf":"f.8C9F1F95938956A3D73460F207C174A3.d.ECF3CAD10BC04166FA21F6AF3E2D5CC0.e.486"},"setValue",["5/2/25"]]}
COMMAND: POST /session/7ffbccf5b98cbe484128c353475857c2/execute/async - {"script":"<script> [1562 bytes]","args":[{"selector":{"controlType":"sap.m.Button","viewName":"reusables.view.manageresources.NewResourceUnit","viewId":"application-manageresources-display-component---newResourceUnit","i18NText":{"propertyName":"tooltip","key":"save"},"interaction":{"idSuffix":"BDI-content"}},"wdio_ui5_key":"reusablesview.manageresources.NewResourceUnitsap.m.Button{\"propertyName\":\"tooltip\",\"key\":\"save\"}"}]}
RESULT: {"script":"<script> [1562 bytes]","args":[{"selector":{"controlType":"sap.m.Button","viewName":"reusables.view.manageresources.NewResourceUnit","viewId":"application-manageresources-display-component---newResourceUnit","i18NText":{"propertyName":"tooltip","key":"save"},"interaction":{"idSuffix":"BDI-content"}},"wdio_ui5_key":"reusablesview.manageresources.NewResourceUnitsap.m.Button{\"propertyName\":\"tooltip\",\"key\":\"save\"}"}]}
RESULT: undefined
COMMAND: POST /session/7ffbccf5b98cbe484128c353475857c2/element - {"using":"xpath","value":"//*[@id=\"application-manageresources-display-component---newResourceUnit--createRuButton\"]"}
RESULT: {"using":"xpath","value":"//*[@id=\"application-manageresources-display-component---newResourceUnit--createRuButton\"]"}
COMMAND: POST /session/7ffbccf5b98cbe484128c353475857c2/element/f.8C9F1F95938956A3D73460F207C174A3.d.ECF3CAD10BC04166FA21F6AF3E2D5CC0.e.446/click - {}
RESULT: {}
COMMAND: GET /session/7ffbccf5b98cbe484128c353475857c2/screenshot - {}
RESULT: {}
COMMAND: POST /session/7ffbccf5b98cbe484128c353475857c2/execute/async - {"script":"<script> [1562 bytes]","args":[{"selector":{"controlType":"sap.m.Button","properties":{"text":"Close"},"searchOpenDialogs":true,"interaction":{"idSuffix":"inner"}},"wdio_ui5_key":"sapm.Button{\"text\":\"Close\"}"}]}
RESULT: {"script":"<script> [1562 bytes]","args":[{"selector":{"controlType":"sap.m.Button","properties":{"text":"Close"},"searchOpenDialogs":true,"interaction":{"idSuffix":"inner"}},"wdio_ui5_key":"sapm.Button{\"text\":\"Close\"}"}]}
RESULT: undefined
COMMAND: POST /session/7ffbccf5b98cbe484128c353475857c2/element - {"using":"xpath","value":"//*[@id=\"__mbox-btn-0\"]"}
RESULT: {"using":"xpath","value":"//*[@id=\"__mbox-btn-0\"]"}
COMMAND: POST /session/7ffbccf5b98cbe484128c353475857c2/element/f.8C9F1F95938956A3D73460F207C174A3.d.ECF3CAD10BC04166FA21F6AF3E2D5CC0.e.637/click - {}
RESULT: {}
COMMAND: GET /session/7ffbccf5b98cbe484128c353475857c2/screenshot - {}
RESULT: {}
COMMAND: POST /session/7ffbccf5b98cbe484128c353475857c2/element - {"using":"xpath","value":"(//button[contains(@id ,\"actionsToolbar-overflowButton\")])[1]"}
RESULT: {"using":"xpath","value":"(//button[contains(@id ,\"actionsToolbar-overflowButton\")])[1]"}
COMMAND: POST /session/7ffbccf5b98cbe484128c353475857c2/element/f.8C9F1F95938956A3D73460F207C174A3.d.ECF3CAD10BC04166FA21F6AF3E2D5CC0.e.693/click - {}
RESULT: {}
COMMAND: GET /session/7ffbccf5b98cbe484128c353475857c2/screenshot - {}
RESULT: {}
COMMAND: POST /session/7ffbccf5b98cbe484128c353475857c2/execute/async - {"script":"<script> [1562 bytes]","args":[{"selector":{"controlType":"sap.m.Button","viewName":"etm.portal.ui.manageresources.view.Detail","viewId":"application-manageresources-display-component---detailRU","i18NText":{"propertyName":"text","key":"copy"},"searchOpenDialogs":true,"interaction":{"idSuffix":"BDI-content"}},"wdio_ui5_key":"etmportal.ui.manageresources.view.Detailsap.m.Button{\"propertyName\":\"text\",\"key\":\"copy\"}"}]}
RESULT: {"script":"<script> [1562 bytes]","args":[{"selector":{"controlType":"sap.m.Button","viewName":"etm.portal.ui.manageresources.view.Detail","viewId":"application-manageresources-display-component---detailRU","i18NText":{"propertyName":"text","key":"copy"},"searchOpenDialogs":true,"interaction":{"idSuffix":"BDI-content"}},"wdio_ui5_key":"etmportal.ui.manageresources.view.Detailsap.m.Button{\"propertyName\":\"text\",\"key\":\"copy\"}"}]}
RESULT: undefined
COMMAND: POST /session/7ffbccf5b98cbe484128c353475857c2/element - {"using":"xpath","value":"//*[@id=\"__button37\"]"}
RESULT: {"using":"xpath","value":"//*[@id=\"__button37\"]"}
COMMAND: POST /session/7ffbccf5b98cbe484128c353475857c2/element/f.8C9F1F95938956A3D73460F207C174A3.d.ECF3CAD10BC04166FA21F6AF3E2D5CC0.e.697/click - {}
RESULT: {}
COMMAND: POST /session/7ffbccf5b98cbe484128c353475857c2/execute/async - {"script":"<script> [1562 bytes]","args":[{"selector":{"controlType":"sap.m.Button","viewName":"etm.portal.ui.manageresources.view.Detail","viewId":"application-manageresources-display-component---detailRU","i18NText":{"propertyName":"text","key":"selectAll"},"searchOpenDialogs":true,"interaction":{"idSuffix":"BDI-content"}},"wdio_ui5_key":"etmportal.ui.manageresources.view.Detailsap.m.Button{\"propertyName\":\"text\",\"key\":\"selectAll\"}"}]}
COMMAND: GET /session/7ffbccf5b98cbe484128c353475857c2/screenshot - {}
RESULT: {"script":"<script> [1562 bytes]","args":[{"selector":{"controlType":"sap.m.Button","viewName":"etm.portal.ui.manageresources.view.Detail","viewId":"application-manageresources-display-component---detailRU","i18NText":{"propertyName":"text","key":"selectAll"},"searchOpenDialogs":true,"interaction":{"idSuffix":"BDI-content"}},"wdio_ui5_key":"etmportal.ui.manageresources.view.Detailsap.m.Button{\"propertyName\":\"text\",\"key\":\"selectAll\"}"}]}
RESULT: undefined
COMMAND: POST /session/7ffbccf5b98cbe484128c353475857c2/element - {"using":"xpath","value":"//*[@id=\"__button83\"]"}
RESULT: {}
RESULT: {"using":"xpath","value":"//*[@id=\"__button83\"]"}
COMMAND: POST /session/7ffbccf5b98cbe484128c353475857c2/element/f.8C9F1F95938956A3D73460F207C174A3.d.ECF3CAD10BC04166FA21F6AF3E2D5CC0.e.698/click - {}
RESULT: {}
COMMAND: POST /session/7ffbccf5b98cbe484128c353475857c2/execute/async - {"script":"<script> [1562 bytes]","args":[{"selector":{"controlType":"sap.m.Button","viewName":"etm.portal.ui.manageresources.view.Detail","viewId":"application-manageresources-display-component---detailRU","i18NText":{"propertyName":"text","key":"confirm"},"searchOpenDialogs":true,"interaction":{"idSuffix":"BDI-content"}},"wdio_ui5_key":"etmportal.ui.manageresources.view.Detailsap.m.Button{\"propertyName\":\"text\",\"key\":\"confirm\"}"}]}
COMMAND: GET /session/7ffbccf5b98cbe484128c353475857c2/screenshot - {}
RESULT: {"script":"<script> [1562 bytes]","args":[{"selector":{"controlType":"sap.m.Button","viewName":"etm.portal.ui.manageresources.view.Detail","viewId":"application-manageresources-display-component---detailRU","i18NText":{"propertyName":"text","key":"confirm"},"searchOpenDialogs":true,"interaction":{"idSuffix":"BDI-content"}},"wdio_ui5_key":"etmportal.ui.manageresources.view.Detailsap.m.Button{\"propertyName\":\"text\",\"key\":\"confirm\"}"}]}
RESULT: undefined
COMMAND: POST /session/7ffbccf5b98cbe484128c353475857c2/element - {"using":"xpath","value":"//*[@id=\"__button84\"]"}
RESULT: {}
RESULT: {"using":"xpath","value":"//*[@id=\"__button84\"]"}
COMMAND: POST /session/7ffbccf5b98cbe484128c353475857c2/element/f.8C9F1F95938956A3D73460F207C174A3.d.ECF3CAD10BC04166FA21F6AF3E2D5CC0.e.723/click - {}
RESULT: {}
COMMAND: GET /session/7ffbccf5b98cbe484128c353475857c2/screenshot - {}
RESULT: {}
COMMAND: POST /session/7ffbccf5b98cbe484128c353475857c2/execute/async - {"script":"<script> [1562 bytes]","args":[{"selector":{"id":"application-manageresources-display-component---newResourceUnit--newRRUPage-anchBar-application-manageresources-display-component---newResourceUnit--general-anchor","interaction":{"idSuffix":"BDI-content"}},"wdio_ui5_key":"applicationmanageresources-display-component---newResourceUnit--newRRUPage-anchBar-application-manageresources-display-component---newResourceUnit--general-anchor"}]}
RESULT: {"script":"<script> [1562 bytes]","args":[{"selector":{"id":"application-manageresources-display-component---newResourceUnit--newRRUPage-anchBar-application-manageresources-display-component---newResourceUnit--general-anchor","interaction":{"idSuffix":"BDI-content"}},"wdio_ui5_key":"applicationmanageresources-display-component---newResourceUnit--newRRUPage-anchBar-application-manageresources-display-component---newResourceUnit--general-anchor"}]}
RESULT: undefined
COMMAND: POST /session/7ffbccf5b98cbe484128c353475857c2/element - {"using":"xpath","value":"//*[@id=\"application-manageresources-display-component---newResourceUnit--newRRUPage-anchBar-application-manageresources-display-component---newResourceUnit--general-anchor\"]"}
RESULT: {"using":"xpath","value":"//*[@id=\"application-manageresources-display-component---newResourceUnit--newRRUPage-anchBar-application-manageresources-display-component---newResourceUnit--general-anchor\"]"}
COMMAND: POST /session/7ffbccf5b98cbe484128c353475857c2/element/f.8C9F1F95938956A3D73460F207C174A3.d.ECF3CAD10BC04166FA21F6AF3E2D5CC0.e.731/click - {}
RESULT: {}
COMMAND: GET /session/7ffbccf5b98cbe484128c353475857c2/screenshot - {}
RESULT: {}
COMMAND: POST /session/7ffbccf5b98cbe484128c353475857c2/actions - {"actions":[{"type":"key","id":"keyboard","actions":[{"type":"keyDown","value":"î™"}]}]}
RESULT: {"actions":[{"type":"key","id":"keyboard","actions":[{"type":"keyDown","value":"î™"}]}]}
COMMAND: GET /session/7ffbccf5b98cbe484128c353475857c2/screenshot - {}
RESULT: {}
RESULT: undefined
COMMAND: POST /session/7ffbccf5b98cbe484128c353475857c2/execute/async - {"script":"<script> [776 bytes]","args":[{"enterText":"js9qhzJO8_2","selector":{"id":"application-manageresources-display-component---newResourceUnit--resourceId","interaction":{"idSuffix":"inner"}},"clearTextFirst":true,"interactionType":"ENTER_TEXT"}]}
RESULT: {"script":"<script> [776 bytes]","args":[{"enterText":"js9qhzJO8_2","selector":{"id":"application-manageresources-display-component---newResourceUnit--resourceId","interaction":{"idSuffix":"inner"}},"clearTextFirst":true,"interactionType":"ENTER_TEXT"}]}
RESULT: undefined
RESULT: undefined
COMMAND: POST /session/7ffbccf5b98cbe484128c353475857c2/execute/async - {"script":"<script> [776 bytes]","args":[{"enterText":"js9qhzJO8_2","selector":{"id":"application-manageresources-display-component---newResourceUnit--SHORT_TEXT","interaction":{"idSuffix":"inner"}},"clearTextFirst":true,"interactionType":"ENTER_TEXT"}]}
RESULT: {"script":"<script> [776 bytes]","args":[{"enterText":"js9qhzJO8_2","selector":{"id":"application-manageresources-display-component---newResourceUnit--SHORT_TEXT","interaction":{"idSuffix":"inner"}},"clearTextFirst":true,"interactionType":"ENTER_TEXT"}]}
RESULT: undefined
COMMAND: POST /session/7ffbccf5b98cbe484128c353475857c2/element - {"using":"xpath","value":"//*[@id=\"application-manageresources-display-component---newResourceUnit--createRuButton\"]"}
RESULT: {"using":"xpath","value":"//*[@id=\"application-manageresources-display-component---newResourceUnit--createRuButton\"]"}
COMMAND: POST /session/7ffbccf5b98cbe484128c353475857c2/element/f.8C9F1F95938956A3D73460F207C174A3.d.ECF3CAD10BC04166FA21F6AF3E2D5CC0.e.446/click - {}
RESULT: {}
COMMAND: GET /session/7ffbccf5b98cbe484128c353475857c2/screenshot - {}
RESULT: {}
COMMAND: POST /session/7ffbccf5b98cbe484128c353475857c2/element - {"using":"xpath","value":"//bdi[contains(text(), \"Close\")]"}
RESULT: {"using":"xpath","value":"//bdi[contains(text(), \"Close\")]"}
COMMAND: POST /session/7ffbccf5b98cbe484128c353475857c2/element/f.8C9F1F95938956A3D73460F207C174A3.d.ECF3CAD10BC04166FA21F6AF3E2D5CC0.e.737/click - {}
RESULT: {}
COMMAND: GET /session/7ffbccf5b98cbe484128c353475857c2/screenshot - {}
RESULT: {}
COMMAND: POST /session/7ffbccf5b98cbe484128c353475857c2/element - {"using":"css selector","value":"#shell-header-logo"}
RESULT: {"using":"css selector","value":"#shell-header-logo"}
COMMAND: POST /session/7ffbccf5b98cbe484128c353475857c2/element/f.8C9F1F95938956A3D73460F207C174A3.d.ECF3CAD10BC04166FA21F6AF3E2D5CC0.e.231/click - {}
RESULT: {}
COMMAND: GET /session/7ffbccf5b98cbe484128c353475857c2/screenshot - {}
RESULT: {}
]]></system-out>
    </testcase>
    <testcase classname="chrome.135_0_7049_96.windows.Bill_of_Resources_tests_for_bundle_creation_&amp;_replenishment_US131067_US131070" name="Should do a stock increase for the equipments" time="72.011">
      <system-out><![CDATA[
COMMAND: POST /session/7ffbccf5b98cbe484128c353475857c2/execute/async - {"script":"<script> [1562 bytes]","args":[{"selector":{"controlType":"sap.m.Text","viewName":"etm.portal.ui.managehandoverstile.view.Master","properties":{"text":"Manage Handovers"},"interaction":{"idSuffix":"inner"}},"wdio_ui5_key":"etmportal.ui.managehandoverstile.view.Mastersap.m.Text{\"text\":\"Manage Handovers\"}"}]}
RESULT: {"script":"<script> [1562 bytes]","args":[{"selector":{"controlType":"sap.m.Text","viewName":"etm.portal.ui.managehandoverstile.view.Master","properties":{"text":"Manage Handovers"},"interaction":{"idSuffix":"inner"}},"wdio_ui5_key":"etmportal.ui.managehandoverstile.view.Mastersap.m.Text{\"text\":\"Manage Handovers\"}"}]}
RESULT: undefined
COMMAND: POST /session/7ffbccf5b98cbe484128c353475857c2/element - {"using":"xpath","value":"//*[@id=\"__tile131-title\"]"}
RESULT: {"using":"xpath","value":"//*[@id=\"__tile131-title\"]"}
COMMAND: POST /session/7ffbccf5b98cbe484128c353475857c2/element/f.8C9F1F95938956A3D73460F207C174A3.d.ECF3CAD10BC04166FA21F6AF3E2D5CC0.e.745/click - {}
RESULT: {}
COMMAND: POST /session/7ffbccf5b98cbe484128c353475857c2/element - {"using":"xpath","value":"//button[@data-kt=\"masterHOAddButton\"]"}
COMMAND: GET /session/7ffbccf5b98cbe484128c353475857c2/screenshot - {}
RESULT: {"using":"xpath","value":"//button[@data-kt=\"masterHOAddButton\"]"}
COMMAND: POST /session/7ffbccf5b98cbe484128c353475857c2/elements - {"using":"xpath","value":"//button[@data-kt=\"masterHOAddButton\"]"}
RESULT: {}
RESULT: {"using":"xpath","value":"//button[@data-kt=\"masterHOAddButton\"]"}
COMMAND: POST /session/7ffbccf5b98cbe484128c353475857c2/elements - {"using":"xpath","value":"//button[@data-kt=\"masterHOAddButton\"]"}
RESULT: {"using":"xpath","value":"//button[@data-kt=\"masterHOAddButton\"]"}
COMMAND: POST /session/7ffbccf5b98cbe484128c353475857c2/elements - {"using":"xpath","value":"//button[@data-kt=\"masterHOAddButton\"]"}
RESULT: {"using":"xpath","value":"//button[@data-kt=\"masterHOAddButton\"]"}
COMMAND: POST /session/7ffbccf5b98cbe484128c353475857c2/elements - {"using":"xpath","value":"//button[@data-kt=\"masterHOAddButton\"]"}
RESULT: {"using":"xpath","value":"//button[@data-kt=\"masterHOAddButton\"]"}
COMMAND: POST /session/7ffbccf5b98cbe484128c353475857c2/elements - {"using":"xpath","value":"//button[@data-kt=\"masterHOAddButton\"]"}
RESULT: {"using":"xpath","value":"//button[@data-kt=\"masterHOAddButton\"]"}
COMMAND: POST /session/7ffbccf5b98cbe484128c353475857c2/elements - {"using":"xpath","value":"//button[@data-kt=\"masterHOAddButton\"]"}
RESULT: {"using":"xpath","value":"//button[@data-kt=\"masterHOAddButton\"]"}
COMMAND: POST /session/7ffbccf5b98cbe484128c353475857c2/elements - {"using":"xpath","value":"//button[@data-kt=\"masterHOAddButton\"]"}
RESULT: {"using":"xpath","value":"//button[@data-kt=\"masterHOAddButton\"]"}
COMMAND: POST /session/7ffbccf5b98cbe484128c353475857c2/elements - {"using":"xpath","value":"//button[@data-kt=\"masterHOAddButton\"]"}
RESULT: {"using":"xpath","value":"//button[@data-kt=\"masterHOAddButton\"]"}
COMMAND: POST /session/7ffbccf5b98cbe484128c353475857c2/elements - {"using":"xpath","value":"//button[@data-kt=\"masterHOAddButton\"]"}
RESULT: {"using":"xpath","value":"//button[@data-kt=\"masterHOAddButton\"]"}
COMMAND: POST /session/7ffbccf5b98cbe484128c353475857c2/elements - {"using":"xpath","value":"//button[@data-kt=\"masterHOAddButton\"]"}
RESULT: {"using":"xpath","value":"//button[@data-kt=\"masterHOAddButton\"]"}
COMMAND: POST /session/7ffbccf5b98cbe484128c353475857c2/elements - {"using":"xpath","value":"//button[@data-kt=\"masterHOAddButton\"]"}
RESULT: {"using":"xpath","value":"//button[@data-kt=\"masterHOAddButton\"]"}
COMMAND: POST /session/7ffbccf5b98cbe484128c353475857c2/elements - {"using":"xpath","value":"//button[@data-kt=\"masterHOAddButton\"]"}
RESULT: {"using":"xpath","value":"//button[@data-kt=\"masterHOAddButton\"]"}
COMMAND: POST /session/7ffbccf5b98cbe484128c353475857c2/elements - {"using":"xpath","value":"//button[@data-kt=\"masterHOAddButton\"]"}
RESULT: {"using":"xpath","value":"//button[@data-kt=\"masterHOAddButton\"]"}
COMMAND: POST /session/7ffbccf5b98cbe484128c353475857c2/elements - {"using":"xpath","value":"//button[@data-kt=\"masterHOAddButton\"]"}
RESULT: {"using":"xpath","value":"//button[@data-kt=\"masterHOAddButton\"]"}
COMMAND: POST /session/7ffbccf5b98cbe484128c353475857c2/elements - {"using":"xpath","value":"//button[@data-kt=\"masterHOAddButton\"]"}
RESULT: {"using":"xpath","value":"//button[@data-kt=\"masterHOAddButton\"]"}
COMMAND: POST /session/7ffbccf5b98cbe484128c353475857c2/element - {"using":"xpath","value":"//button[@data-kt=\"masterHOAddButton\"]"}
RESULT: {"using":"xpath","value":"//button[@data-kt=\"masterHOAddButton\"]"}
COMMAND: POST /session/7ffbccf5b98cbe484128c353475857c2/execute/sync - {"script":"<script> [8489 bytes]","args":[{"element-6066-11e4-a52e-4f735466cecf":"f.8C9F1F95938956A3D73460F207C174A3.d.ECF3CAD10BC04166FA21F6AF3E2D5CC0.e.785","ELEMENT":"f.8C9F1F95938956A3D73460F207C174A3.d.ECF3CAD10BC04166FA21F6AF3E2D5CC0.e.785"}]}
RESULT: {"script":"<script> [8489 bytes]","args":[{"element-6066-11e4-a52e-4f735466cecf":"f.8C9F1F95938956A3D73460F207C174A3.d.ECF3CAD10BC04166FA21F6AF3E2D5CC0.e.785","ELEMENT":"f.8C9F1F95938956A3D73460F207C174A3.d.ECF3CAD10BC04166FA21F6AF3E2D5CC0.e.785"}]}
COMMAND: GET /session/7ffbccf5b98cbe484128c353475857c2/element/f.8C9F1F95938956A3D73460F207C174A3.d.ECF3CAD10BC04166FA21F6AF3E2D5CC0.e.785/enabled - {}
COMMAND: GET /session/7ffbccf5b98cbe484128c353475857c2/screenshot - {}
RESULT: {}
COMMAND: POST /session/7ffbccf5b98cbe484128c353475857c2/execute/sync - {"script":"<script> [8489 bytes]","args":[{"element-6066-11e4-a52e-4f735466cecf":"f.8C9F1F95938956A3D73460F207C174A3.d.ECF3CAD10BC04166FA21F6AF3E2D5CC0.e.785","ELEMENT":"f.8C9F1F95938956A3D73460F207C174A3.d.ECF3CAD10BC04166FA21F6AF3E2D5CC0.e.785"}]}
COMMAND: GET /session/7ffbccf5b98cbe484128c353475857c2/screenshot - {}
RESULT: {}
RESULT: {"script":"<script> [8489 bytes]","args":[{"element-6066-11e4-a52e-4f735466cecf":"f.8C9F1F95938956A3D73460F207C174A3.d.ECF3CAD10BC04166FA21F6AF3E2D5CC0.e.785","ELEMENT":"f.8C9F1F95938956A3D73460F207C174A3.d.ECF3CAD10BC04166FA21F6AF3E2D5CC0.e.785"}]}
COMMAND: POST /session/7ffbccf5b98cbe484128c353475857c2/execute/sync - {"script":"<script> [5351 bytes]","args":[{"element-6066-11e4-a52e-4f735466cecf":"f.8C9F1F95938956A3D73460F207C174A3.d.ECF3CAD10BC04166FA21F6AF3E2D5CC0.e.785","ELEMENT":"f.8C9F1F95938956A3D73460F207C174A3.d.ECF3CAD10BC04166FA21F6AF3E2D5CC0.e.785"}]}
COMMAND: GET /session/7ffbccf5b98cbe484128c353475857c2/screenshot - {}
RESULT: {}
RESULT: {"script":"<script> [5351 bytes]","args":[{"element-6066-11e4-a52e-4f735466cecf":"f.8C9F1F95938956A3D73460F207C174A3.d.ECF3CAD10BC04166FA21F6AF3E2D5CC0.e.785","ELEMENT":"f.8C9F1F95938956A3D73460F207C174A3.d.ECF3CAD10BC04166FA21F6AF3E2D5CC0.e.785"}]}
COMMAND: POST /session/7ffbccf5b98cbe484128c353475857c2/element/f.8C9F1F95938956A3D73460F207C174A3.d.ECF3CAD10BC04166FA21F6AF3E2D5CC0.e.785/click - {}
COMMAND: GET /session/7ffbccf5b98cbe484128c353475857c2/screenshot - {}
RESULT: {}
RESULT: {}
COMMAND: GET /session/7ffbccf5b98cbe484128c353475857c2/screenshot - {}
RESULT: {}
RESULT: {}
COMMAND: POST /session/7ffbccf5b98cbe484128c353475857c2/element - {"using":"xpath","value":"//span[contains(@id ,\"AddNewHO--typeSelect-arrow\")]"}
RESULT: {"using":"xpath","value":"//span[contains(@id ,\"AddNewHO--typeSelect-arrow\")]"}
COMMAND: POST /session/7ffbccf5b98cbe484128c353475857c2/element/f.8C9F1F95938956A3D73460F207C174A3.d.ECF3CAD10BC04166FA21F6AF3E2D5CC0.e.1123/click - {}
RESULT: {}
COMMAND: GET /session/7ffbccf5b98cbe484128c353475857c2/screenshot - {}
RESULT: {}
COMMAND: POST /session/7ffbccf5b98cbe484128c353475857c2/element - {"using":"xpath","value":"(//li[contains(text(), \"stock increase yard\")])[1]"}
RESULT: {"using":"xpath","value":"(//li[contains(text(), \"stock increase yard\")])[1]"}
COMMAND: POST /session/7ffbccf5b98cbe484128c353475857c2/element/f.8C9F1F95938956A3D73460F207C174A3.d.ECF3CAD10BC04166FA21F6AF3E2D5CC0.e.1124/click - {}
RESULT: {}
COMMAND: GET /session/7ffbccf5b98cbe484128c353475857c2/screenshot - {}
RESULT: {}
COMMAND: POST /session/7ffbccf5b98cbe484128c353475857c2/execute/async - {"script":"<script> [1562 bytes]","args":[{"selector":{"id":"application-managehandovers-display-component---AddNewHO--dueDate","interaction":{"idSuffix":"inner"}},"wdio_ui5_key":"applicationmanagehandovers-display-component---AddNewHO--dueDate"}]}
RESULT: {"script":"<script> [1562 bytes]","args":[{"selector":{"id":"application-managehandovers-display-component---AddNewHO--dueDate","interaction":{"idSuffix":"inner"}},"wdio_ui5_key":"applicationmanagehandovers-display-component---AddNewHO--dueDate"}]}
RESULT: undefined
COMMAND: POST /session/7ffbccf5b98cbe484128c353475857c2/execute/async - {"script":"<script> [6424 bytes]","args":[{"element-6066-11e4-a52e-4f735466cecf":"f.8C9F1F95938956A3D73460F207C174A3.d.ECF3CAD10BC04166FA21F6AF3E2D5CC0.e.1126"},"setValue",["05/02/2025"]]}
RESULT: {"script":"<script> [6424 bytes]","args":[{"element-6066-11e4-a52e-4f735466cecf":"f.8C9F1F95938956A3D73460F207C174A3.d.ECF3CAD10BC04166FA21F6AF3E2D5CC0.e.1126"},"setValue",["05/02/2025"]]}
COMMAND: POST /session/7ffbccf5b98cbe484128c353475857c2/element - {"using":"xpath","value":"//input[@id=\"generalSectionFrg--receiveYard-inner\"]"}
RESULT: {"using":"xpath","value":"//input[@id=\"generalSectionFrg--receiveYard-inner\"]"}
COMMAND: POST /session/7ffbccf5b98cbe484128c353475857c2/element/f.8C9F1F95938956A3D73460F207C174A3.d.ECF3CAD10BC04166FA21F6AF3E2D5CC0.e.1132/clear - {}
RESULT: {}
COMMAND: POST /session/7ffbccf5b98cbe484128c353475857c2/element/f.8C9F1F95938956A3D73460F207C174A3.d.ECF3CAD10BC04166FA21F6AF3E2D5CC0.e.1132/value - {"text":"106"}
COMMAND: GET /session/7ffbccf5b98cbe484128c353475857c2/screenshot - {}
RESULT: {"text":"106"}
COMMAND: GET /session/7ffbccf5b98cbe484128c353475857c2/screenshot - {}
RESULT: {}
RESULT: {}
COMMAND: POST /session/7ffbccf5b98cbe484128c353475857c2/element - {"using":"xpath","value":"//li[.//span[text()='106']]"}
RESULT: {"using":"xpath","value":"//li[.//span[text()='106']]"}
COMMAND: POST /session/7ffbccf5b98cbe484128c353475857c2/element/f.8C9F1F95938956A3D73460F207C174A3.d.ECF3CAD10BC04166FA21F6AF3E2D5CC0.e.1150/click - {}
RESULT: {}
COMMAND: GET /session/7ffbccf5b98cbe484128c353475857c2/screenshot - {}
RESULT: {}
COMMAND: POST /session/7ffbccf5b98cbe484128c353475857c2/execute/async - {"script":"<script> [1562 bytes]","args":[{"selector":{"id":"application-managehandovers-display-component---AddNewHO--ObjectPageLayout-anchBar-application-managehandovers-display-component---AddNewHO--section4-anchor","interaction":{"idSuffix":"BDI-content"}},"wdio_ui5_key":"applicationmanagehandovers-display-component---AddNewHO--ObjectPageLayout-anchBar-application-managehandovers-display-component---AddNewHO--section4-anchor"}]}
RESULT: {"script":"<script> [1562 bytes]","args":[{"selector":{"id":"application-managehandovers-display-component---AddNewHO--ObjectPageLayout-anchBar-application-managehandovers-display-component---AddNewHO--section4-anchor","interaction":{"idSuffix":"BDI-content"}},"wdio_ui5_key":"applicationmanagehandovers-display-component---AddNewHO--ObjectPageLayout-anchBar-application-managehandovers-display-component---AddNewHO--section4-anchor"}]}
RESULT: undefined
COMMAND: POST /session/7ffbccf5b98cbe484128c353475857c2/element - {"using":"xpath","value":"//*[@id=\"application-managehandovers-display-component---AddNewHO--ObjectPageLayout-anchBar-application-managehandovers-display-component---AddNewHO--section4-anchor\"]"}
RESULT: {"using":"xpath","value":"//*[@id=\"application-managehandovers-display-component---AddNewHO--ObjectPageLayout-anchBar-application-managehandovers-display-component---AddNewHO--section4-anchor\"]"}
COMMAND: POST /session/7ffbccf5b98cbe484128c353475857c2/element/f.8C9F1F95938956A3D73460F207C174A3.d.ECF3CAD10BC04166FA21F6AF3E2D5CC0.e.1152/click - {}
RESULT: {}
COMMAND: POST /session/7ffbccf5b98cbe484128c353475857c2/execute/async - {"script":"<script> [1562 bytes]","args":[{"selector":{"controlType":"sap.ui.core.Icon","viewName":"etm.portal.ui.managehandovers.view.AddNewHO","viewId":"application-managehandovers-display-component---AddNewHO","properties":{"src":{"regex":{"source":"add"}}}},"wdio_ui5_key":"etmportal.ui.managehandovers.view.AddNewHOsap.ui.core.Icon{\"src\":{\"regex\":{\"source\":\"add\"}}}"}]}
COMMAND: GET /session/7ffbccf5b98cbe484128c353475857c2/screenshot - {}
RESULT: {"script":"<script> [1562 bytes]","args":[{"selector":{"controlType":"sap.ui.core.Icon","viewName":"etm.portal.ui.managehandovers.view.AddNewHO","viewId":"application-managehandovers-display-component---AddNewHO","properties":{"src":{"regex":{"source":"add"}}}},"wdio_ui5_key":"etmportal.ui.managehandovers.view.AddNewHOsap.ui.core.Icon{\"src\":{\"regex\":{\"source\":\"add\"}}}"}]}
RESULT: undefined
COMMAND: POST /session/7ffbccf5b98cbe484128c353475857c2/element - {"using":"xpath","value":"//*[@id=\"__button107-img\"]"}
RESULT: {}
RESULT: {"using":"xpath","value":"//*[@id=\"__button107-img\"]"}
COMMAND: POST /session/7ffbccf5b98cbe484128c353475857c2/element/f.8C9F1F95938956A3D73460F207C174A3.d.ECF3CAD10BC04166FA21F6AF3E2D5CC0.e.1156/click - {}
RESULT: {}
COMMAND: POST /session/7ffbccf5b98cbe484128c353475857c2/execute/async - {"script":"<script> [1562 bytes]","args":[{"selector":{"id":"application-managehandovers-display-component---AddNewHO--smartFilterBar-btnBasicSearch","searchOpenDialogs":true,"interaction":{"idSuffix":"I"}},"wdio_ui5_key":"applicationmanagehandovers-display-component---AddNewHO--smartFilterBar-btnBasicSearch"}]}
COMMAND: GET /session/7ffbccf5b98cbe484128c353475857c2/screenshot - {}
RESULT: {"script":"<script> [1562 bytes]","args":[{"selector":{"id":"application-managehandovers-display-component---AddNewHO--smartFilterBar-btnBasicSearch","searchOpenDialogs":true,"interaction":{"idSuffix":"I"}},"wdio_ui5_key":"applicationmanagehandovers-display-component---AddNewHO--smartFilterBar-btnBasicSearch"}]}
RESULT: undefined
COMMAND: POST /session/7ffbccf5b98cbe484128c353475857c2/execute/async - {"script":"<script> [776 bytes]","args":[{"enterText":"js9qhzJO8_","selector":{"id":"application-managehandovers-display-component---AddNewHO--smartFilterBar-btnBasicSearch","searchOpenDialogs":true,"interaction":{"idSuffix":"I"}},"clearTextFirst":true,"interactionType":"ENTER_TEXT"}]}
RESULT: {}
RESULT: {"script":"<script> [776 bytes]","args":[{"enterText":"js9qhzJO8_","selector":{"id":"application-managehandovers-display-component---AddNewHO--smartFilterBar-btnBasicSearch","searchOpenDialogs":true,"interaction":{"idSuffix":"I"}},"clearTextFirst":true,"interactionType":"ENTER_TEXT"}]}
COMMAND: POST /session/7ffbccf5b98cbe484128c353475857c2/actions - {"actions":[{"id":"action2","type":"key","parameters":{},"actions":[{"type":"keyDown","value":"î€‡"},{"type":"pause","duration":10},{"type":"keyUp","value":"î€‡"}]}]}
RESULT: {"actions":[{"id":"action2","type":"key","parameters":{},"actions":[{"type":"keyDown","value":"î€‡"},{"type":"pause","duration":10},{"type":"keyUp","value":"î€‡"}]}]}
COMMAND: POST /session/7ffbccf5b98cbe484128c353475857c2/execute/async - {"script":"<script> [1562 bytes]","args":[{"selector":{"id":"application-managehandovers-display-component---AddNewHO--popup-sa","searchOpenDialogs":true,"interaction":{"idSuffix":"CbBg"}},"wdio_ui5_key":"applicationmanagehandovers-display-component---AddNewHO--popup-sa"}]}
COMMAND: GET /session/7ffbccf5b98cbe484128c353475857c2/screenshot - {}
RESULT: {"script":"<script> [1562 bytes]","args":[{"selector":{"id":"application-managehandovers-display-component---AddNewHO--popup-sa","searchOpenDialogs":true,"interaction":{"idSuffix":"CbBg"}},"wdio_ui5_key":"applicationmanagehandovers-display-component---AddNewHO--popup-sa"}]}
RESULT: undefined
COMMAND: POST /session/7ffbccf5b98cbe484128c353475857c2/element - {"using":"xpath","value":"//*[@id=\"application-managehandovers-display-component---AddNewHO--popup-sa\"]"}
RESULT: {}
RESULT: {"using":"xpath","value":"//*[@id=\"application-managehandovers-display-component---AddNewHO--popup-sa\"]"}
COMMAND: POST /session/7ffbccf5b98cbe484128c353475857c2/element/f.8C9F1F95938956A3D73460F207C174A3.d.ECF3CAD10BC04166FA21F6AF3E2D5CC0.e.1311/click - {}
RESULT: {}
COMMAND: POST /session/7ffbccf5b98cbe484128c353475857c2/execute/async - {"script":"<script> [1562 bytes]","args":[{"selector":{"controlType":"sap.m.Button","viewName":"etm.portal.ui.managehandovers.view.AddNewHO","viewId":"application-managehandovers-display-component---AddNewHO","i18NText":{"propertyName":"text","key":"select"},"searchOpenDialogs":true,"interaction":{"idSuffix":"BDI-content"}},"wdio_ui5_key":"etmportal.ui.managehandovers.view.AddNewHOsap.m.Button{\"propertyName\":\"text\",\"key\":\"select\"}"}]}
COMMAND: GET /session/7ffbccf5b98cbe484128c353475857c2/screenshot - {}
RESULT: {"script":"<script> [1562 bytes]","args":[{"selector":{"controlType":"sap.m.Button","viewName":"etm.portal.ui.managehandovers.view.AddNewHO","viewId":"application-managehandovers-display-component---AddNewHO","i18NText":{"propertyName":"text","key":"select"},"searchOpenDialogs":true,"interaction":{"idSuffix":"BDI-content"}},"wdio_ui5_key":"etmportal.ui.managehandovers.view.AddNewHOsap.m.Button{\"propertyName\":\"text\",\"key\":\"select\"}"}]}
RESULT: undefined
COMMAND: POST /session/7ffbccf5b98cbe484128c353475857c2/element - {"using":"xpath","value":"//*[@id=\"__button110\"]"}
RESULT: {}
RESULT: {"using":"xpath","value":"//*[@id=\"__button110\"]"}
COMMAND: POST /session/7ffbccf5b98cbe484128c353475857c2/element/f.8C9F1F95938956A3D73460F207C174A3.d.ECF3CAD10BC04166FA21F6AF3E2D5CC0.e.1313/click - {}
RESULT: {}
COMMAND: POST /session/7ffbccf5b98cbe484128c353475857c2/execute/async - {"script":"<script> [1562 bytes]","args":[{"selector":{"id":"application-managehandovers-display-component---AddNewHO--confirmCreationButton","interaction":{"idSuffix":"BDI-content"}},"wdio_ui5_key":"applicationmanagehandovers-display-component---AddNewHO--confirmCreationButton"}]}
COMMAND: GET /session/7ffbccf5b98cbe484128c353475857c2/screenshot - {}
RESULT: {"script":"<script> [1562 bytes]","args":[{"selector":{"id":"application-managehandovers-display-component---AddNewHO--confirmCreationButton","interaction":{"idSuffix":"BDI-content"}},"wdio_ui5_key":"applicationmanagehandovers-display-component---AddNewHO--confirmCreationButton"}]}
RESULT: undefined
COMMAND: POST /session/7ffbccf5b98cbe484128c353475857c2/element - {"using":"xpath","value":"//*[@id=\"application-managehandovers-display-component---AddNewHO--confirmCreationButton\"]"}
RESULT: {}
RESULT: {"using":"xpath","value":"//*[@id=\"application-managehandovers-display-component---AddNewHO--confirmCreationButton\"]"}
COMMAND: POST /session/7ffbccf5b98cbe484128c353475857c2/element/f.8C9F1F95938956A3D73460F207C174A3.d.ECF3CAD10BC04166FA21F6AF3E2D5CC0.e.1329/click - {}
RESULT: {}
COMMAND: GET /session/7ffbccf5b98cbe484128c353475857c2/screenshot - {}
RESULT: {}
COMMAND: POST /session/7ffbccf5b98cbe484128c353475857c2/execute/async - {"script":"<script> [1562 bytes]","args":[{"selector":{"id":"receiptDatePicker","viewName":"etm.portal.ui.managehandovers.view.DetailExecuteHO","interaction":{"idSuffix":"inner"}},"wdio_ui5_key":"receiptDatePickeretmportal.ui.managehandovers.view.DetailExecuteHO"}]}
RESULT: {"script":"<script> [1562 bytes]","args":[{"selector":{"id":"receiptDatePicker","viewName":"etm.portal.ui.managehandovers.view.DetailExecuteHO","interaction":{"idSuffix":"inner"}},"wdio_ui5_key":"receiptDatePickeretmportal.ui.managehandovers.view.DetailExecuteHO"}]}
RESULT: undefined
COMMAND: POST /session/7ffbccf5b98cbe484128c353475857c2/execute/async - {"script":"<script> [6424 bytes]","args":[{"element-6066-11e4-a52e-4f735466cecf":"f.8C9F1F95938956A3D73460F207C174A3.d.ECF3CAD10BC04166FA21F6AF3E2D5CC0.e.1356"},"setValue",["05/02/2025"]]}
RESULT: {"script":"<script> [6424 bytes]","args":[{"element-6066-11e4-a52e-4f735466cecf":"f.8C9F1F95938956A3D73460F207C174A3.d.ECF3CAD10BC04166FA21F6AF3E2D5CC0.e.1356"},"setValue",["05/02/2025"]]}
COMMAND: POST /session/7ffbccf5b98cbe484128c353475857c2/execute/async - {"script":"<script> [1562 bytes]","args":[{"selector":{"controlType":"sap.m.Button","viewName":"etm.portal.ui.managehandovers.view.DetailExecuteHO","i18NText":{"propertyName":"text","key":"confirmAll"},"interaction":{"idSuffix":"BDI-content"}},"wdio_ui5_key":"etmportal.ui.managehandovers.view.DetailExecuteHOsap.m.Button{\"propertyName\":\"text\",\"key\":\"confirmAll\"}"}]}
RESULT: {"script":"<script> [1562 bytes]","args":[{"selector":{"controlType":"sap.m.Button","viewName":"etm.portal.ui.managehandovers.view.DetailExecuteHO","i18NText":{"propertyName":"text","key":"confirmAll"},"interaction":{"idSuffix":"BDI-content"}},"wdio_ui5_key":"etmportal.ui.managehandovers.view.DetailExecuteHOsap.m.Button{\"propertyName\":\"text\",\"key\":\"confirmAll\"}"}]}
RESULT: undefined
COMMAND: POST /session/7ffbccf5b98cbe484128c353475857c2/element - {"using":"xpath","value":"//*[@id=\"__button139\"]"}
RESULT: {"using":"xpath","value":"//*[@id=\"__button139\"]"}
COMMAND: POST /session/7ffbccf5b98cbe484128c353475857c2/element/f.8C9F1F95938956A3D73460F207C174A3.d.ECF3CAD10BC04166FA21F6AF3E2D5CC0.e.1379/click - {}
RESULT: {}
COMMAND: POST /session/7ffbccf5b98cbe484128c353475857c2/execute/async - {"script":"<script> [1562 bytes]","args":[{"selector":{"controlType":"sap.m.Button","properties":{"text":"OK"},"searchOpenDialogs":true,"interaction":{"idSuffix":"BDI-content"}},"wdio_ui5_key":"sapm.Button{\"text\":\"OK\"}"}]}
COMMAND: GET /session/7ffbccf5b98cbe484128c353475857c2/screenshot - {}
RESULT: {"script":"<script> [1562 bytes]","args":[{"selector":{"controlType":"sap.m.Button","properties":{"text":"OK"},"searchOpenDialogs":true,"interaction":{"idSuffix":"BDI-content"}},"wdio_ui5_key":"sapm.Button{\"text\":\"OK\"}"}]}
RESULT: undefined
COMMAND: POST /session/7ffbccf5b98cbe484128c353475857c2/element - {"using":"xpath","value":"//*[@id=\"__mbox-btn-2\"]"}
RESULT: {}
RESULT: {"using":"xpath","value":"//*[@id=\"__mbox-btn-2\"]"}
COMMAND: POST /session/7ffbccf5b98cbe484128c353475857c2/element/f.8C9F1F95938956A3D73460F207C174A3.d.ECF3CAD10BC04166FA21F6AF3E2D5CC0.e.1380/click - {}
RESULT: {}
COMMAND: GET /session/7ffbccf5b98cbe484128c353475857c2/screenshot - {}
RESULT: {}
COMMAND: POST /session/7ffbccf5b98cbe484128c353475857c2/execute/async - {"script":"<script> [1562 bytes]","args":[{"selector":{"id":"confirmationButton","viewName":"etm.portal.ui.managehandovers.view.DetailExecuteHO","interaction":{"idSuffix":"BDI-content"}},"wdio_ui5_key":"confirmationButtonetmportal.ui.managehandovers.view.DetailExecuteHO"}]}
RESULT: {"script":"<script> [1562 bytes]","args":[{"selector":{"id":"confirmationButton","viewName":"etm.portal.ui.managehandovers.view.DetailExecuteHO","interaction":{"idSuffix":"BDI-content"}},"wdio_ui5_key":"confirmationButtonetmportal.ui.managehandovers.view.DetailExecuteHO"}]}
RESULT: undefined
COMMAND: POST /session/7ffbccf5b98cbe484128c353475857c2/element - {"using":"xpath","value":"(//bdi[contains(text(), \"Receive\")])[2]"}
RESULT: {"using":"xpath","value":"(//bdi[contains(text(), \"Receive\")])[2]"}
COMMAND: POST /session/7ffbccf5b98cbe484128c353475857c2/element/f.8C9F1F95938956A3D73460F207C174A3.d.ECF3CAD10BC04166FA21F6AF3E2D5CC0.e.1383/click - {}
RESULT: {}
COMMAND: GET /session/7ffbccf5b98cbe484128c353475857c2/screenshot - {}
RESULT: {}
COMMAND: POST /session/7ffbccf5b98cbe484128c353475857c2/element - {"using":"css selector","value":"#shell-header-logo"}
RESULT: {"using":"css selector","value":"#shell-header-logo"}
COMMAND: POST /session/7ffbccf5b98cbe484128c353475857c2/element/f.8C9F1F95938956A3D73460F207C174A3.d.ECF3CAD10BC04166FA21F6AF3E2D5CC0.e.748/click - {}
RESULT: {}
COMMAND: GET /session/7ffbccf5b98cbe484128c353475857c2/screenshot - {}
RESULT: {}
]]></system-out>
    </testcase>
    <testcase classname="chrome.135_0_7049_96.windows.Bill_of_Resources_tests_for_bundle_creation_&amp;_replenishment_US131067_US131070" name="Should create a new bundle with the 2 RUs using onto first one US131067" time="60.759">
      <system-out><![CDATA[
COMMAND: POST /session/7ffbccf5b98cbe484128c353475857c2/execute/async - {"script":"<script> [1562 bytes]","args":[{"selector":{"controlType":"sap.m.NumericContent","bindingPath":{"path":"","propertyPath":"/properties/icon"},"ancestor":{"controlType":"sap.m.GenericTile","properties":{"header":"Bill Of Resources"}},"interaction":{"idSuffix":"value"}},"wdio_ui5_key":"sapm.NumericContent{\"path\":\"\",\"propertyPath\":\"/properties/icon\"}{\"controlType\":\"sap.m.GenericTile\",\"properties\":{\"header\":\"Bill Of Resources\"}}"}]}
RESULT: {"script":"<script> [1562 bytes]","args":[{"selector":{"controlType":"sap.m.NumericContent","bindingPath":{"path":"","propertyPath":"/properties/icon"},"ancestor":{"controlType":"sap.m.GenericTile","properties":{"header":"Bill Of Resources"}},"interaction":{"idSuffix":"value"}},"wdio_ui5_key":"sapm.NumericContent{\"path\":\"\",\"propertyPath\":\"/properties/icon\"}{\"controlType\":\"sap.m.GenericTile\",\"properties\":{\"header\":\"Bill Of Resources\"}}"}]}
RESULT: undefined
COMMAND: POST /session/7ffbccf5b98cbe484128c353475857c2/element - {"using":"xpath","value":"//*[@id=\"__content2\"]"}
RESULT: {"using":"xpath","value":"//*[@id=\"__content2\"]"}
COMMAND: POST /session/7ffbccf5b98cbe484128c353475857c2/element/f.8C9F1F95938956A3D73460F207C174A3.d.ECF3CAD10BC04166FA21F6AF3E2D5CC0.e.1557/click - {}
RESULT: {}
COMMAND: POST /session/7ffbccf5b98cbe484128c353475857c2/element - {"using":"xpath","value":"//button[@data-kt=\"addBorMasterButton\"]"}
COMMAND: GET /session/7ffbccf5b98cbe484128c353475857c2/screenshot - {}
RESULT: {"using":"xpath","value":"//button[@data-kt=\"addBorMasterButton\"]"}
COMMAND: POST /session/7ffbccf5b98cbe484128c353475857c2/elements - {"using":"xpath","value":"//button[@data-kt=\"addBorMasterButton\"]"}
RESULT: {}
RESULT: {"using":"xpath","value":"//button[@data-kt=\"addBorMasterButton\"]"}
COMMAND: POST /session/7ffbccf5b98cbe484128c353475857c2/elements - {"using":"xpath","value":"//button[@data-kt=\"addBorMasterButton\"]"}
RESULT: {"using":"xpath","value":"//button[@data-kt=\"addBorMasterButton\"]"}
COMMAND: POST /session/7ffbccf5b98cbe484128c353475857c2/elements - {"using":"xpath","value":"//button[@data-kt=\"addBorMasterButton\"]"}
RESULT: {"using":"xpath","value":"//button[@data-kt=\"addBorMasterButton\"]"}
COMMAND: POST /session/7ffbccf5b98cbe484128c353475857c2/elements - {"using":"xpath","value":"//button[@data-kt=\"addBorMasterButton\"]"}
RESULT: {"using":"xpath","value":"//button[@data-kt=\"addBorMasterButton\"]"}
COMMAND: POST /session/7ffbccf5b98cbe484128c353475857c2/element - {"using":"xpath","value":"//button[@data-kt=\"addBorMasterButton\"]"}
RESULT: {"using":"xpath","value":"//button[@data-kt=\"addBorMasterButton\"]"}
COMMAND: POST /session/7ffbccf5b98cbe484128c353475857c2/execute/sync - {"script":"<script> [8489 bytes]","args":[{"element-6066-11e4-a52e-4f735466cecf":"f.8C9F1F95938956A3D73460F207C174A3.d.ECF3CAD10BC04166FA21F6AF3E2D5CC0.e.1613","ELEMENT":"f.8C9F1F95938956A3D73460F207C174A3.d.ECF3CAD10BC04166FA21F6AF3E2D5CC0.e.1613"}]}
RESULT: {"script":"<script> [8489 bytes]","args":[{"element-6066-11e4-a52e-4f735466cecf":"f.8C9F1F95938956A3D73460F207C174A3.d.ECF3CAD10BC04166FA21F6AF3E2D5CC0.e.1613","ELEMENT":"f.8C9F1F95938956A3D73460F207C174A3.d.ECF3CAD10BC04166FA21F6AF3E2D5CC0.e.1613"}]}
COMMAND: GET /session/7ffbccf5b98cbe484128c353475857c2/element/f.8C9F1F95938956A3D73460F207C174A3.d.ECF3CAD10BC04166FA21F6AF3E2D5CC0.e.1613/enabled - {}
COMMAND: GET /session/7ffbccf5b98cbe484128c353475857c2/screenshot - {}
RESULT: {}
COMMAND: POST /session/7ffbccf5b98cbe484128c353475857c2/execute/sync - {"script":"<script> [8489 bytes]","args":[{"element-6066-11e4-a52e-4f735466cecf":"f.8C9F1F95938956A3D73460F207C174A3.d.ECF3CAD10BC04166FA21F6AF3E2D5CC0.e.1613","ELEMENT":"f.8C9F1F95938956A3D73460F207C174A3.d.ECF3CAD10BC04166FA21F6AF3E2D5CC0.e.1613"}]}
COMMAND: GET /session/7ffbccf5b98cbe484128c353475857c2/screenshot - {}
RESULT: {}
RESULT: {"script":"<script> [8489 bytes]","args":[{"element-6066-11e4-a52e-4f735466cecf":"f.8C9F1F95938956A3D73460F207C174A3.d.ECF3CAD10BC04166FA21F6AF3E2D5CC0.e.1613","ELEMENT":"f.8C9F1F95938956A3D73460F207C174A3.d.ECF3CAD10BC04166FA21F6AF3E2D5CC0.e.1613"}]}
COMMAND: POST /session/7ffbccf5b98cbe484128c353475857c2/execute/sync - {"script":"<script> [5351 bytes]","args":[{"element-6066-11e4-a52e-4f735466cecf":"f.8C9F1F95938956A3D73460F207C174A3.d.ECF3CAD10BC04166FA21F6AF3E2D5CC0.e.1613","ELEMENT":"f.8C9F1F95938956A3D73460F207C174A3.d.ECF3CAD10BC04166FA21F6AF3E2D5CC0.e.1613"}]}
COMMAND: GET /session/7ffbccf5b98cbe484128c353475857c2/screenshot - {}
RESULT: {}
RESULT: {"script":"<script> [5351 bytes]","args":[{"element-6066-11e4-a52e-4f735466cecf":"f.8C9F1F95938956A3D73460F207C174A3.d.ECF3CAD10BC04166FA21F6AF3E2D5CC0.e.1613","ELEMENT":"f.8C9F1F95938956A3D73460F207C174A3.d.ECF3CAD10BC04166FA21F6AF3E2D5CC0.e.1613"}]}
COMMAND: POST /session/7ffbccf5b98cbe484128c353475857c2/element/f.8C9F1F95938956A3D73460F207C174A3.d.ECF3CAD10BC04166FA21F6AF3E2D5CC0.e.1613/click - {}
COMMAND: GET /session/7ffbccf5b98cbe484128c353475857c2/screenshot - {}
RESULT: {}
RESULT: {}
COMMAND: GET /session/7ffbccf5b98cbe484128c353475857c2/screenshot - {}
RESULT: {}
RESULT: {}
COMMAND: POST /session/7ffbccf5b98cbe484128c353475857c2/execute/async - {"script":"<script> [1562 bytes]","args":[{"selector":{"id":"application-billofresources-display-component---newBoR--typeSelect","interaction":{"idSuffix":"arrow"}},"wdio_ui5_key":"applicationbillofresources-display-component---newBoR--typeSelect"}]}
RESULT: {"script":"<script> [1562 bytes]","args":[{"selector":{"id":"application-billofresources-display-component---newBoR--typeSelect","interaction":{"idSuffix":"arrow"}},"wdio_ui5_key":"applicationbillofresources-display-component---newBoR--typeSelect"}]}
RESULT: undefined
COMMAND: POST /session/7ffbccf5b98cbe484128c353475857c2/element - {"using":"xpath","value":"//*[@id=\"application-billofresources-display-component---newBoR--typeSelect\"]"}
RESULT: {"using":"xpath","value":"//*[@id=\"application-billofresources-display-component---newBoR--typeSelect\"]"}
COMMAND: POST /session/7ffbccf5b98cbe484128c353475857c2/element/f.8C9F1F95938956A3D73460F207C174A3.d.ECF3CAD10BC04166FA21F6AF3E2D5CC0.e.1931/click - {}
RESULT: {}
COMMAND: POST /session/7ffbccf5b98cbe484128c353475857c2/execute/async - {"script":"<script> [1562 bytes]","args":[{"selector":{"controlType":"sap.ui.core.Item","viewName":"etm.portal.ui.billofresources.view.NewBoR","viewId":"application-billofresources-display-component---newBoR","bindingPath":{"path":"/BoRHeaderTypes('50')","propertyPath":"TYPE","modelName":"catalogModel"},"searchOpenDialogs":true},"wdio_ui5_key":"etmportal.ui.billofresources.view.NewBoRsap.ui.core.Item{\"path\":\"/BoRHeaderTypes('50')\",\"propertyPath\":\"TYPE\",\"modelName\":\"catalogModel\"}"}]}
COMMAND: GET /session/7ffbccf5b98cbe484128c353475857c2/screenshot - {}
RESULT: {"script":"<script> [1562 bytes]","args":[{"selector":{"controlType":"sap.ui.core.Item","viewName":"etm.portal.ui.billofresources.view.NewBoR","viewId":"application-billofresources-display-component---newBoR","bindingPath":{"path":"/BoRHeaderTypes('50')","propertyPath":"TYPE","modelName":"catalogModel"},"searchOpenDialogs":true},"wdio_ui5_key":"etmportal.ui.billofresources.view.NewBoRsap.ui.core.Item{\"path\":\"/BoRHeaderTypes('50')\",\"propertyPath\":\"TYPE\",\"modelName\":\"catalogModel\"}"}]}
RESULT: undefined
COMMAND: POST /session/7ffbccf5b98cbe484128c353475857c2/element - {"using":"xpath","value":"//*[@id=\"__item1071-application-billofresources-display-component---newBoR--typeSelect-4\"]"}
RESULT: {}
RESULT: {"using":"xpath","value":"//*[@id=\"__item1071-application-billofresources-display-component---newBoR--typeSelect-4\"]"}
COMMAND: POST /session/7ffbccf5b98cbe484128c353475857c2/element/f.8C9F1F95938956A3D73460F207C174A3.d.ECF3CAD10BC04166FA21F6AF3E2D5CC0.e.2146/click - {}
RESULT: {}
COMMAND: POST /session/7ffbccf5b98cbe484128c353475857c2/execute/async - {"script":"<script> [1562 bytes]","args":[{"selector":{"id":"application-billofresources-display-component---newBoR--headerRUInput-vhi"},"wdio_ui5_key":"applicationbillofresources-display-component---newBoR--headerRUInput-vhi"}]}
COMMAND: GET /session/7ffbccf5b98cbe484128c353475857c2/screenshot - {}
RESULT: {"script":"<script> [1562 bytes]","args":[{"selector":{"id":"application-billofresources-display-component---newBoR--headerRUInput-vhi"},"wdio_ui5_key":"applicationbillofresources-display-component---newBoR--headerRUInput-vhi"}]}
RESULT: undefined
COMMAND: POST /session/7ffbccf5b98cbe484128c353475857c2/element - {"using":"xpath","value":"//*[@id=\"application-billofresources-display-component---newBoR--headerRUInput-vhi\"]"}
RESULT: {}
RESULT: {"using":"xpath","value":"//*[@id=\"application-billofresources-display-component---newBoR--headerRUInput-vhi\"]"}
COMMAND: POST /session/7ffbccf5b98cbe484128c353475857c2/element/f.8C9F1F95938956A3D73460F207C174A3.d.ECF3CAD10BC04166FA21F6AF3E2D5CC0.e.2214/click - {}
RESULT: {}
COMMAND: POST /session/7ffbccf5b98cbe484128c353475857c2/execute/async - {"script":"<script> [1562 bytes]","args":[{"selector":{"id":"application-billofresources-display-component---newBoR--ruDialogSearchField","searchOpenDialogs":true,"interaction":{"idSuffix":"I"}},"wdio_ui5_key":"applicationbillofresources-display-component---newBoR--ruDialogSearchField"}]}
COMMAND: GET /session/7ffbccf5b98cbe484128c353475857c2/screenshot - {}
RESULT: {"script":"<script> [1562 bytes]","args":[{"selector":{"id":"application-billofresources-display-component---newBoR--ruDialogSearchField","searchOpenDialogs":true,"interaction":{"idSuffix":"I"}},"wdio_ui5_key":"applicationbillofresources-display-component---newBoR--ruDialogSearchField"}]}
RESULT: undefined
COMMAND: POST /session/7ffbccf5b98cbe484128c353475857c2/execute/async - {"script":"<script> [6424 bytes]","args":[{"element-6066-11e4-a52e-4f735466cecf":"f.8C9F1F95938956A3D73460F207C174A3.d.ECF3CAD10BC04166FA21F6AF3E2D5CC0.e.2216"},"setValue",["js9qhzJO8_1"]]}
RESULT: {}
RESULT: {"script":"<script> [6424 bytes]","args":[{"element-6066-11e4-a52e-4f735466cecf":"f.8C9F1F95938956A3D73460F207C174A3.d.ECF3CAD10BC04166FA21F6AF3E2D5CC0.e.2216"},"setValue",["js9qhzJO8_1"]]}
COMMAND: POST /session/7ffbccf5b98cbe484128c353475857c2/element - {"using":"xpath","value":"//div[@id=\"application-billofresources-display-component---newBoR--ruDialogSearchField-search\"]"}
RESULT: {"using":"xpath","value":"//div[@id=\"application-billofresources-display-component---newBoR--ruDialogSearchField-search\"]"}
COMMAND: POST /session/7ffbccf5b98cbe484128c353475857c2/element/f.8C9F1F95938956A3D73460F207C174A3.d.ECF3CAD10BC04166FA21F6AF3E2D5CC0.e.2233/click - {}
RESULT: {}
COMMAND: GET /session/7ffbccf5b98cbe484128c353475857c2/screenshot - {}
RESULT: {}
COMMAND: POST /session/7ffbccf5b98cbe484128c353475857c2/execute/async - {"script":"<script> [1562 bytes]","args":[{"selector":{"controlType":"sap.m.Text","viewName":"etm.portal.ui.billofresources.view.NewBoR","viewId":"application-billofresources-display-component---newBoR","bindingPath":{"propertyPath":"YARD_ADMIN_ID","modelName":"catalogModel"},"searchOpenDialogs":true},"wdio_ui5_key":"etmportal.ui.billofresources.view.NewBoRsap.m.Text{\"propertyPath\":\"YARD_ADMIN_ID\",\"modelName\":\"catalogModel\"}"}]}
RESULT: {"script":"<script> [1562 bytes]","args":[{"selector":{"controlType":"sap.m.Text","viewName":"etm.portal.ui.billofresources.view.NewBoR","viewId":"application-billofresources-display-component---newBoR","bindingPath":{"propertyPath":"YARD_ADMIN_ID","modelName":"catalogModel"},"searchOpenDialogs":true},"wdio_ui5_key":"etmportal.ui.billofresources.view.NewBoRsap.m.Text{\"propertyPath\":\"YARD_ADMIN_ID\",\"modelName\":\"catalogModel\"}"}]}
RESULT: undefined
COMMAND: POST /session/7ffbccf5b98cbe484128c353475857c2/element - {"using":"xpath","value":"//*[@id=\"__text1597\"]"}
RESULT: {"using":"xpath","value":"//*[@id=\"__text1597\"]"}
COMMAND: POST /session/7ffbccf5b98cbe484128c353475857c2/element/f.8C9F1F95938956A3D73460F207C174A3.d.ECF3CAD10BC04166FA21F6AF3E2D5CC0.e.2237/click - {}
RESULT: {}
COMMAND: POST /session/7ffbccf5b98cbe484128c353475857c2/execute/async - {"script":"<script> [1562 bytes]","args":[{"selector":{"controlType":"sap.m.Button","viewName":"etm.portal.ui.billofresources.view.NewBoR","viewId":"application-billofresources-display-component---newBoR","i18NText":{"propertyName":"text","key":"ok"},"searchOpenDialogs":true,"interaction":{"idSuffix":"BDI-content"}},"wdio_ui5_key":"etmportal.ui.billofresources.view.NewBoRsap.m.Button{\"propertyName\":\"text\",\"key\":\"ok\"}"}]}
COMMAND: GET /session/7ffbccf5b98cbe484128c353475857c2/screenshot - {}
RESULT: {"script":"<script> [1562 bytes]","args":[{"selector":{"controlType":"sap.m.Button","viewName":"etm.portal.ui.billofresources.view.NewBoR","viewId":"application-billofresources-display-component---newBoR","i18NText":{"propertyName":"text","key":"ok"},"searchOpenDialogs":true,"interaction":{"idSuffix":"BDI-content"}},"wdio_ui5_key":"etmportal.ui.billofresources.view.NewBoRsap.m.Button{\"propertyName\":\"text\",\"key\":\"ok\"}"}]}
RESULT: undefined
COMMAND: POST /session/7ffbccf5b98cbe484128c353475857c2/element - {"using":"xpath","value":"//*[@id=\"__button179\"]"}
RESULT: {}
RESULT: {"using":"xpath","value":"//*[@id=\"__button179\"]"}
COMMAND: POST /session/7ffbccf5b98cbe484128c353475857c2/element/f.8C9F1F95938956A3D73460F207C174A3.d.ECF3CAD10BC04166FA21F6AF3E2D5CC0.e.2240/click - {}
RESULT: {}
COMMAND: GET /session/7ffbccf5b98cbe484128c353475857c2/screenshot - {}
RESULT: {}
COMMAND: POST /session/7ffbccf5b98cbe484128c353475857c2/execute/async - {"script":"<script> [1562 bytes]","args":[{"selector":{"id":"application-billofresources-display-component---newBoR--borDescInput","interaction":{"idSuffix":"inner"}},"wdio_ui5_key":"applicationbillofresources-display-component---newBoR--borDescInput"}]}
RESULT: {"script":"<script> [1562 bytes]","args":[{"selector":{"id":"application-billofresources-display-component---newBoR--borDescInput","interaction":{"idSuffix":"inner"}},"wdio_ui5_key":"applicationbillofresources-display-component---newBoR--borDescInput"}]}
RESULT: undefined
COMMAND: POST /session/7ffbccf5b98cbe484128c353475857c2/execute/async - {"script":"<script> [776 bytes]","args":[{"enterText":"js9qhzJO8_1","selector":{"id":"application-billofresources-display-component---newBoR--borDescInput","interaction":{"idSuffix":"inner"}},"clearTextFirst":true,"interactionType":"ENTER_TEXT"}]}
RESULT: {"script":"<script> [776 bytes]","args":[{"enterText":"js9qhzJO8_1","selector":{"id":"application-billofresources-display-component---newBoR--borDescInput","interaction":{"idSuffix":"inner"}},"clearTextFirst":true,"interactionType":"ENTER_TEXT"}]}
COMMAND: POST /session/7ffbccf5b98cbe484128c353475857c2/execute/async - {"script":"<script> [1562 bytes]","args":[{"selector":{"controlType":"sap.ui.core.Icon","viewName":"etm.portal.ui.billofresources.view.NewBoR","viewId":"application-billofresources-display-component---newBoR","properties":{"src":{"regex":{"source":"add"}}},"ancestor":{"controlType":"sap.m.Button","viewName":"etm.portal.ui.billofresources.view.NewBoR","viewId":"application-billofresources-display-component---newBoR","bindingPath":{"path":"","propertyPath":"/isSelectionGroup","modelName":"tableConfig"}}},"wdio_ui5_key":"etmportal.ui.billofresources.view.NewBoRsap.ui.core.Icon{\"src\":{\"regex\":{\"source\":\"add\"}}}{\"controlType\":\"sap.m.Button\",\"viewName\":\"etm.portal.ui.billofresources.view.NewBoR\",\"viewId\":\"application-billofresources-display-component---newBoR\",\"bindingPath\":{\"path\":\"\",\"propertyPath\":\"/isSelectionGroup\",\"modelName\":\"tableConfig\"}}"}]}
RESULT: {"script":"<script> [1562 bytes]","args":[{"selector":{"controlType":"sap.ui.core.Icon","viewName":"etm.portal.ui.billofresources.view.NewBoR","viewId":"application-billofresources-display-component---newBoR","properties":{"src":{"regex":{"source":"add"}}},"ancestor":{"controlType":"sap.m.Button","viewName":"etm.portal.ui.billofresources.view.NewBoR","viewId":"application-billofresources-display-component---newBoR","bindingPath":{"path":"","propertyPath":"/isSelectionGroup","modelName":"tableConfig"}}},"wdio_ui5_key":"etmportal.ui.billofresources.view.NewBoRsap.ui.core.Icon{\"src\":{\"regex\":{\"source\":\"add\"}}}{\"controlType\":\"sap.m.Button\",\"viewName\":\"etm.portal.ui.billofresources.view.NewBoR\",\"viewId\":\"application-billofresources-display-component---newBoR\",\"bindingPath\":{\"path\":\"\",\"propertyPath\":\"/isSelectionGroup\",\"modelName\":\"tableConfig\"}}"}]}
RESULT: undefined
COMMAND: POST /session/7ffbccf5b98cbe484128c353475857c2/element - {"using":"xpath","value":"//*[@id=\"__button163-img\"]"}
RESULT: {"using":"xpath","value":"//*[@id=\"__button163-img\"]"}
COMMAND: POST /session/7ffbccf5b98cbe484128c353475857c2/element/f.8C9F1F95938956A3D73460F207C174A3.d.ECF3CAD10BC04166FA21F6AF3E2D5CC0.e.2252/click - {}
RESULT: {}
COMMAND: POST /session/7ffbccf5b98cbe484128c353475857c2/execute/async - {"script":"<script> [1562 bytes]","args":[{"selector":{"controlType":"sap.m.Input","viewName":"etm.portal.ui.billofresources.view.NewBoR","viewId":"application-billofresources-display-component---newBoR","bindingPath":{"path":"/ITEMS/0","propertyPath":"ITEM","modelName":"BoRModel"},"interaction":{"idSuffix":"inner"}},"wdio_ui5_key":"etmportal.ui.billofresources.view.NewBoRsap.m.Input{\"path\":\"/ITEMS/0\",\"propertyPath\":\"ITEM\",\"modelName\":\"BoRModel\"}"}]}
COMMAND: GET /session/7ffbccf5b98cbe484128c353475857c2/screenshot - {}
RESULT: {"script":"<script> [1562 bytes]","args":[{"selector":{"controlType":"sap.m.Input","viewName":"etm.portal.ui.billofresources.view.NewBoR","viewId":"application-billofresources-display-component---newBoR","bindingPath":{"path":"/ITEMS/0","propertyPath":"ITEM","modelName":"BoRModel"},"interaction":{"idSuffix":"inner"}},"wdio_ui5_key":"etmportal.ui.billofresources.view.NewBoRsap.m.Input{\"path\":\"/ITEMS/0\",\"propertyPath\":\"ITEM\",\"modelName\":\"BoRModel\"}"}]}
RESULT: undefined
COMMAND: POST /session/7ffbccf5b98cbe484128c353475857c2/execute/async - {"script":"<script> [776 bytes]","args":[{"enterText":"10","selector":{"controlType":"sap.m.Input","viewName":"etm.portal.ui.billofresources.view.NewBoR","viewId":"application-billofresources-display-component---newBoR","bindingPath":{"path":"/ITEMS/0","propertyPath":"ITEM","modelName":"BoRModel"},"interaction":{"idSuffix":"inner"}},"clearTextFirst":true,"interactionType":"ENTER_TEXT"}]}
RESULT: {}
RESULT: {"script":"<script> [776 bytes]","args":[{"enterText":"10","selector":{"controlType":"sap.m.Input","viewName":"etm.portal.ui.billofresources.view.NewBoR","viewId":"application-billofresources-display-component---newBoR","bindingPath":{"path":"/ITEMS/0","propertyPath":"ITEM","modelName":"BoRModel"},"interaction":{"idSuffix":"inner"}},"clearTextFirst":true,"interactionType":"ENTER_TEXT"}]}
COMMAND: POST /session/7ffbccf5b98cbe484128c353475857c2/element - {"using":"xpath","value":"//input[@aria-labelledby=\"application-billofresources-display-component---newBoR--itemRUComboBoxCol\"][1]"}
RESULT: {"using":"xpath","value":"//input[@aria-labelledby=\"application-billofresources-display-component---newBoR--itemRUComboBoxCol\"][1]"}
COMMAND: POST /session/7ffbccf5b98cbe484128c353475857c2/element/f.8C9F1F95938956A3D73460F207C174A3.d.ECF3CAD10BC04166FA21F6AF3E2D5CC0.e.2241/clear - {}
RESULT: {}
COMMAND: POST /session/7ffbccf5b98cbe484128c353475857c2/element/f.8C9F1F95938956A3D73460F207C174A3.d.ECF3CAD10BC04166FA21F6AF3E2D5CC0.e.2241/value - {"text":"js9qhzJO8_2"}
COMMAND: GET /session/7ffbccf5b98cbe484128c353475857c2/screenshot - {}
RESULT: {"text":"js9qhzJO8_2"}
COMMAND: GET /session/7ffbccf5b98cbe484128c353475857c2/screenshot - {}
RESULT: {}
RESULT: {}
COMMAND: POST /session/7ffbccf5b98cbe484128c353475857c2/actions - {"actions":[{"id":"action3","type":"key","parameters":{},"actions":[{"type":"keyDown","value":"î€‡"},{"type":"pause","duration":10},{"type":"keyUp","value":"î€‡"}]}]}
RESULT: {"actions":[{"id":"action3","type":"key","parameters":{},"actions":[{"type":"keyDown","value":"î€‡"},{"type":"pause","duration":10},{"type":"keyUp","value":"î€‡"}]}]}
COMMAND: POST /session/7ffbccf5b98cbe484128c353475857c2/execute/async - {"script":"<script> [1562 bytes]","args":[{"selector":{"controlType":"sap.m.Button","viewName":"etm.portal.ui.billofresources.view.NewBoR","viewId":"application-billofresources-display-component---newBoR","i18NText":{"propertyName":"text","key":"save"},"interaction":{"idSuffix":"BDI-content"}},"wdio_ui5_key":"etmportal.ui.billofresources.view.NewBoRsap.m.Button{\"propertyName\":\"text\",\"key\":\"save\"}"}]}
COMMAND: GET /session/7ffbccf5b98cbe484128c353475857c2/screenshot - {}
RESULT: {"script":"<script> [1562 bytes]","args":[{"selector":{"controlType":"sap.m.Button","viewName":"etm.portal.ui.billofresources.view.NewBoR","viewId":"application-billofresources-display-component---newBoR","i18NText":{"propertyName":"text","key":"save"},"interaction":{"idSuffix":"BDI-content"}},"wdio_ui5_key":"etmportal.ui.billofresources.view.NewBoRsap.m.Button{\"propertyName\":\"text\",\"key\":\"save\"}"}]}
RESULT: undefined
COMMAND: POST /session/7ffbccf5b98cbe484128c353475857c2/element - {"using":"xpath","value":"//*[@id=\"__button169\"]"}
RESULT: {}
RESULT: {"using":"xpath","value":"//*[@id=\"__button169\"]"}
COMMAND: POST /session/7ffbccf5b98cbe484128c353475857c2/element/f.8C9F1F95938956A3D73460F207C174A3.d.ECF3CAD10BC04166FA21F6AF3E2D5CC0.e.2105/click - {}
RESULT: {}
COMMAND: GET /session/7ffbccf5b98cbe484128c353475857c2/screenshot - {}
RESULT: {}
COMMAND: POST /session/7ffbccf5b98cbe484128c353475857c2/execute/async - {"script":"<script> [1562 bytes]","args":[{"selector":{"controlType":"sap.m.Text","viewName":"etm.portal.ui.billofresources.view.DetailBoR","viewId":"application-billofresources-display-component---detailBoR","bindingPath":{"propertyPath":"LINK_TO_RESOURCE_UNITS/LINK_TO_RU_STATE/STATE_DESCR","modelName":"catalogModel"}},"wdio_ui5_key":"etmportal.ui.billofresources.view.DetailBoRsap.m.Text{\"propertyPath\":\"LINK_TO_RESOURCE_UNITS/LINK_TO_RU_STATE/STATE_DESCR\",\"modelName\":\"catalogModel\"}"}]}
RESULT: {"script":"<script> [1562 bytes]","args":[{"selector":{"controlType":"sap.m.Text","viewName":"etm.portal.ui.billofresources.view.DetailBoR","viewId":"application-billofresources-display-component---detailBoR","bindingPath":{"propertyPath":"LINK_TO_RESOURCE_UNITS/LINK_TO_RU_STATE/STATE_DESCR","modelName":"catalogModel"}},"wdio_ui5_key":"etmportal.ui.billofresources.view.DetailBoRsap.m.Text{\"propertyPath\":\"LINK_TO_RESOURCE_UNITS/LINK_TO_RU_STATE/STATE_DESCR\",\"modelName\":\"catalogModel\"}"}]}
RESULT: undefined
COMMAND: POST /session/7ffbccf5b98cbe484128c353475857c2/execute/async - {"script":"<script> [6424 bytes]","args":[{"element-6066-11e4-a52e-4f735466cecf":"f.8C9F1F95938956A3D73460F207C174A3.d.ECF3CAD10BC04166FA21F6AF3E2D5CC0.e.2537"},"getText",[]]}
RESULT: {"script":"<script> [6424 bytes]","args":[{"element-6066-11e4-a52e-4f735466cecf":"f.8C9F1F95938956A3D73460F207C174A3.d.ECF3CAD10BC04166FA21F6AF3E2D5CC0.e.2537"},"getText",[]]}
]]></system-out>
    </testcase>
  </testsuite>
  <testsuite timestamp="2025-05-02T16:37:35" time="174.03" tests="1" failures="1" errors="1" skipped="0">
    <properties>
      <property name="specId" value="0" />
      <property name="suiteName" value="Bill of Resources Completeness check of created bundle US131059" />
      <property name="capabilities" value="chrome.135_0_7049_96.windows" />
      <property name="file" value="file:///D:/a/1/s/test/specs/HTR/bor-completeness-check.spec.js" />
    </properties>
  </testsuite>
</testsuites>