<?xml version="1.0" encoding="UTF-8"?>
<testsuites tests="7" failures="3" errors="3" skipped="0">
  <testsuite timestamp="2025-06-02T15:25:49" time="760.06" tests="7" failures="3" errors="3" skipped="0">
    <properties>
      <property name="specId" value="0" />
      <property name="suiteName" value="Related resources for groups US139107" />
      <property name="capabilities" value="chrome.136_0_7103_93.windows" />
      <property name="file" value="file:///D:/a/1/s/test/specs/R2C/related-resources-area-rpg.spec.js" />
    </properties>
    <testcase classname="chrome.136_0_7103_93.windows.Related_resources_for_groups_US139107" name="Should create a new yard" time="140.649">
      <system-out><![CDATA[
COMMAND: POST /session/fe807c202adfd1520937424dc6dbf6f4/execute/async - {"script":"<script> [1562 bytes]","args":[{"selector":{"controlType":"sap.m.GenericTile","properties":{"header":"Manage Yards"}},"wdio_ui5_key":"sapm.GenericTile{\"header\":\"Manage Yards\"}"}]}
RESULT: {"script":"<script> [1562 bytes]","args":[{"selector":{"controlType":"sap.m.GenericTile","properties":{"header":"Manage Yards"}},"wdio_ui5_key":"sapm.GenericTile{\"header\":\"Manage Yards\"}"}]}
RESULT: undefined
COMMAND: POST /session/fe807c202adfd1520937424dc6dbf6f4/element - {"using":"xpath","value":"//*[@id=\"__tile41\"]"}
RESULT: {"using":"xpath","value":"//*[@id=\"__tile41\"]"}
COMMAND: POST /session/fe807c202adfd1520937424dc6dbf6f4/element/f.A324F73A04070CE59A7F5210E331AD77.d.827ABBBEE7F4C9FA25FE02B0AEDD7A92.e.128/click - {}
RESULT: {}
COMMAND: GET /session/fe807c202adfd1520937424dc6dbf6f4/screenshot - {}
RESULT: {}
COMMAND: POST /session/fe807c202adfd1520937424dc6dbf6f4/elements - {"using":"xpath","value":"//span[text()='Error']"}
RESULT: {"using":"xpath","value":"//span[text()='Error']"}
COMMAND: POST /session/fe807c202adfd1520937424dc6dbf6f4/execute/async - {"script":"<script> [1562 bytes]","args":[{"selector":{"controlType":"sap.ui.core.Icon","viewName":"etm.portal.ui.manageyards.view.Master","viewId":"application-manageyards-display-component---masterYard","properties":{"src":{"regex":{"source":"add"}}}},"wdio_ui5_key":"etmportal.ui.manageyards.view.Mastersap.ui.core.Icon{\"src\":{\"regex\":{\"source\":\"add\"}}}"}]}
RESULT: {"script":"<script> [1562 bytes]","args":[{"selector":{"controlType":"sap.ui.core.Icon","viewName":"etm.portal.ui.manageyards.view.Master","viewId":"application-manageyards-display-component---masterYard","properties":{"src":{"regex":{"source":"add"}}}},"wdio_ui5_key":"etmportal.ui.manageyards.view.Mastersap.ui.core.Icon{\"src\":{\"regex\":{\"source\":\"add\"}}}"}]}
RESULT: undefined
COMMAND: POST /session/fe807c202adfd1520937424dc6dbf6f4/element - {"using":"xpath","value":"//*[@id=\"__button4-img\"]"}
RESULT: {"using":"xpath","value":"//*[@id=\"__button4-img\"]"}
COMMAND: POST /session/fe807c202adfd1520937424dc6dbf6f4/element/f.A324F73A04070CE59A7F5210E331AD77.d.827ABBBEE7F4C9FA25FE02B0AEDD7A92.e.175/click - {}
RESULT: {}
COMMAND: GET /session/fe807c202adfd1520937424dc6dbf6f4/screenshot - {}
RESULT: {}
COMMAND: POST /session/fe807c202adfd1520937424dc6dbf6f4/execute/async - {"script":"<script> [1562 bytes]","args":[{"selector":{"id":"application-manageyards-display-component---NewYard--yardId","interaction":{"idSuffix":"inner"}},"wdio_ui5_key":"applicationmanageyards-display-component---NewYard--yardId"}]}
RESULT: {"script":"<script> [1562 bytes]","args":[{"selector":{"id":"application-manageyards-display-component---NewYard--yardId","interaction":{"idSuffix":"inner"}},"wdio_ui5_key":"applicationmanageyards-display-component---NewYard--yardId"}]}
RESULT: undefined
COMMAND: POST /session/fe807c202adfd1520937424dc6dbf6f4/element - {"using":"xpath","value":"//*[@id=\"application-manageyards-display-component---NewYard--addressDetailDetailsName1-inner\"]"}
RESULT: {"using":"xpath","value":"//*[@id=\"application-manageyards-display-component---NewYard--addressDetailDetailsName1-inner\"]"}
COMMAND: POST /session/fe807c202adfd1520937424dc6dbf6f4/element/f.A324F73A04070CE59A7F5210E331AD77.d.827ABBBEE7F4C9FA25FE02B0AEDD7A92.e.387/clear - {}
RESULT: {}
COMMAND: POST /session/fe807c202adfd1520937424dc6dbf6f4/element/f.A324F73A04070CE59A7F5210E331AD77.d.827ABBBEE7F4C9FA25FE02B0AEDD7A92.e.387/value - {"text":"WebdriverYard1zq2fi"}
COMMAND: GET /session/fe807c202adfd1520937424dc6dbf6f4/screenshot - {}
RESULT: {}
RESULT: {"text":"WebdriverYard1zq2fi"}
COMMAND: POST /session/fe807c202adfd1520937424dc6dbf6f4/element - {"using":"xpath","value":"//*[@id=\"application-manageyards-display-component---NewYard--addressDetailDetailsLanguage-inner\"]"}
COMMAND: GET /session/fe807c202adfd1520937424dc6dbf6f4/screenshot - {}
RESULT: {"using":"xpath","value":"//*[@id=\"application-manageyards-display-component---NewYard--addressDetailDetailsLanguage-inner\"]"}
COMMAND: POST /session/fe807c202adfd1520937424dc6dbf6f4/element/f.A324F73A04070CE59A7F5210E331AD77.d.827ABBBEE7F4C9FA25FE02B0AEDD7A92.e.388/clear - {}
RESULT: {}
RESULT: {}
COMMAND: POST /session/fe807c202adfd1520937424dc6dbf6f4/element/f.A324F73A04070CE59A7F5210E331AD77.d.827ABBBEE7F4C9FA25FE02B0AEDD7A92.e.388/value - {"text":"Romanian"}
COMMAND: GET /session/fe807c202adfd1520937424dc6dbf6f4/screenshot - {}
RESULT: {"text":"Romanian"}
COMMAND: POST /session/fe807c202adfd1520937424dc6dbf6f4/element - {"using":"xpath","value":"//input[contains(@id ,\"application-manageyards-display-component---NewYard--addressDetailDetailsName1-inner\")]"}
COMMAND: GET /session/fe807c202adfd1520937424dc6dbf6f4/screenshot - {}
RESULT: {}
RESULT: {"using":"xpath","value":"//input[contains(@id ,\"application-manageyards-display-component---NewYard--addressDetailDetailsName1-inner\")]"}
COMMAND: GET /session/fe807c202adfd1520937424dc6dbf6f4/element/f.A324F73A04070CE59A7F5210E331AD77.d.827ABBBEE7F4C9FA25FE02B0AEDD7A92.e.387/property/value - {}
RESULT: {}
RESULT: {}
COMMAND: GET /session/fe807c202adfd1520937424dc6dbf6f4/screenshot - {}
RESULT: {}
COMMAND: POST /session/fe807c202adfd1520937424dc6dbf6f4/element - {"using":"xpath","value":"//*[@id=\"application-manageyards-display-component---NewYard--addressDetailDetailsCity1-inner\"]"}
RESULT: {"using":"xpath","value":"//*[@id=\"application-manageyards-display-component---NewYard--addressDetailDetailsCity1-inner\"]"}
COMMAND: POST /session/fe807c202adfd1520937424dc6dbf6f4/element/f.A324F73A04070CE59A7F5210E331AD77.d.827ABBBEE7F4C9FA25FE02B0AEDD7A92.e.390/clear - {}
RESULT: {}
COMMAND: POST /session/fe807c202adfd1520937424dc6dbf6f4/element/f.A324F73A04070CE59A7F5210E331AD77.d.827ABBBEE7F4C9FA25FE02B0AEDD7A92.e.390/value - {"text":"Bucuresti"}
COMMAND: GET /session/fe807c202adfd1520937424dc6dbf6f4/screenshot - {}
RESULT: {"text":"Bucuresti"}
COMMAND: GET /session/fe807c202adfd1520937424dc6dbf6f4/screenshot - {}
RESULT: {}
RESULT: {}
COMMAND: POST /session/fe807c202adfd1520937424dc6dbf6f4/element - {"using":"xpath","value":"//*[@id=\"application-manageyards-display-component---NewYard--addressDetailDetailsCountry-inner\"]"}
RESULT: {"using":"xpath","value":"//*[@id=\"application-manageyards-display-component---NewYard--addressDetailDetailsCountry-inner\"]"}
COMMAND: POST /session/fe807c202adfd1520937424dc6dbf6f4/element/f.A324F73A04070CE59A7F5210E331AD77.d.827ABBBEE7F4C9FA25FE02B0AEDD7A92.e.394/clear - {}
RESULT: {}
COMMAND: POST /session/fe807c202adfd1520937424dc6dbf6f4/element/f.A324F73A04070CE59A7F5210E331AD77.d.827ABBBEE7F4C9FA25FE02B0AEDD7A92.e.394/value - {"text":"Romania"}
COMMAND: GET /session/fe807c202adfd1520937424dc6dbf6f4/screenshot - {}
RESULT: {"text":"Romania"}
COMMAND: GET /session/fe807c202adfd1520937424dc6dbf6f4/screenshot - {}
RESULT: {}
RESULT: {}
COMMAND: POST /session/fe807c202adfd1520937424dc6dbf6f4/element - {"using":"xpath","value":"//div[contains(text(), \"Commercial\")]"}
RESULT: {"using":"xpath","value":"//div[contains(text(), \"Commercial\")]"}
COMMAND: GET /session/fe807c202adfd1520937424dc6dbf6f4/element/f.A324F73A04070CE59A7F5210E331AD77.d.827ABBBEE7F4C9FA25FE02B0AEDD7A92.e.581/rect - {}
RESULT: {}
COMMAND: GET /session/fe807c202adfd1520937424dc6dbf6f4/window/rect - {}
RESULT: {}
COMMAND: POST /session/fe807c202adfd1520937424dc6dbf6f4/execute/sync - {"script":"<script> [92 bytes]","args":[]}
RESULT: {"script":"<script> [92 bytes]","args":[]}
COMMAND: POST /session/fe807c202adfd1520937424dc6dbf6f4/actions - {"actions":[{"id":"action1","type":"wheel","parameters":{},"actions":[{"type":"scroll","x":-1841,"y":-44,"deltaX":0,"deltaY":0,"duration":0,"origin":{"element-6066-11e4-a52e-4f735466cecf":"f.A324F73A04070CE59A7F5210E331AD77.d.827ABBBEE7F4C9FA25FE02B0AEDD7A92.e.581"}}]}]}
COMMAND: GET /session/fe807c202adfd1520937424dc6dbf6f4/screenshot - {}
RESULT: {}
COMMAND: POST /session/fe807c202adfd1520937424dc6dbf6f4/execute/sync - {"script":"<script> [79 bytes]","args":[{"element-6066-11e4-a52e-4f735466cecf":"f.A324F73A04070CE59A7F5210E331AD77.d.827ABBBEE7F4C9FA25FE02B0AEDD7A92.e.581","ELEMENT":"f.A324F73A04070CE59A7F5210E331AD77.d.827ABBBEE7F4C9FA25FE02B0AEDD7A92.e.581"},{"block":"start","inline":"nearest"}]}
RESULT: {"script":"<script> [79 bytes]","args":[{"element-6066-11e4-a52e-4f735466cecf":"f.A324F73A04070CE59A7F5210E331AD77.d.827ABBBEE7F4C9FA25FE02B0AEDD7A92.e.581","ELEMENT":"f.A324F73A04070CE59A7F5210E331AD77.d.827ABBBEE7F4C9FA25FE02B0AEDD7A92.e.581"},{"block":"start","inline":"nearest"}]}
COMMAND: GET /session/fe807c202adfd1520937424dc6dbf6f4/screenshot - {}
RESULT: {}
COMMAND: POST /session/fe807c202adfd1520937424dc6dbf6f4/execute/async - {"script":"<script> [1562 bytes]","args":[{"selector":{"id":"application-manageyards-display-component---NewYard--addressEditDetailsCostObjectCstType-arrow"},"wdio_ui5_key":"applicationmanageyards-display-component---NewYard--addressEditDetailsCostObjectCstType-arrow"}]}
RESULT: {"script":"<script> [1562 bytes]","args":[{"selector":{"id":"application-manageyards-display-component---NewYard--addressEditDetailsCostObjectCstType-arrow"},"wdio_ui5_key":"applicationmanageyards-display-component---NewYard--addressEditDetailsCostObjectCstType-arrow"}]}
RESULT: undefined
COMMAND: POST /session/fe807c202adfd1520937424dc6dbf6f4/element - {"using":"xpath","value":"//*[@id=\"application-manageyards-display-component---NewYard--addressEditDetailsCostObjectCstType-arrow\"]"}
RESULT: {"using":"xpath","value":"//*[@id=\"application-manageyards-display-component---NewYard--addressEditDetailsCostObjectCstType-arrow\"]"}
COMMAND: POST /session/fe807c202adfd1520937424dc6dbf6f4/element/f.A324F73A04070CE59A7F5210E331AD77.d.827ABBBEE7F4C9FA25FE02B0AEDD7A92.e.589/click - {}
RESULT: {}
COMMAND: POST /session/fe807c202adfd1520937424dc6dbf6f4/element - {"using":"xpath","value":"//span[contains(text(), \"Cost Center\")]"}
COMMAND: GET /session/fe807c202adfd1520937424dc6dbf6f4/screenshot - {}
RESULT: {"using":"xpath","value":"//span[contains(text(), \"Cost Center\")]"}
COMMAND: POST /session/fe807c202adfd1520937424dc6dbf6f4/element/f.A324F73A04070CE59A7F5210E331AD77.d.827ABBBEE7F4C9FA25FE02B0AEDD7A92.e.590/click - {}
RESULT: {}
RESULT: {}
COMMAND: GET /session/fe807c202adfd1520937424dc6dbf6f4/screenshot - {}
RESULT: {}
COMMAND: POST /session/fe807c202adfd1520937424dc6dbf6f4/execute/async - {"script":"<script> [1562 bytes]","args":[{"selector":{"id":"application-manageyards-display-component---NewYard--addressNewCostObjectCstID-vhi"},"wdio_ui5_key":"applicationmanageyards-display-component---NewYard--addressNewCostObjectCstID-vhi"}]}
RESULT: {"script":"<script> [1562 bytes]","args":[{"selector":{"id":"application-manageyards-display-component---NewYard--addressNewCostObjectCstID-vhi"},"wdio_ui5_key":"applicationmanageyards-display-component---NewYard--addressNewCostObjectCstID-vhi"}]}
RESULT: undefined
COMMAND: POST /session/fe807c202adfd1520937424dc6dbf6f4/element - {"using":"xpath","value":"//*[@id=\"application-manageyards-display-component---NewYard--addressNewCostObjectCstID-vhi\"]"}
RESULT: {"using":"xpath","value":"//*[@id=\"application-manageyards-display-component---NewYard--addressNewCostObjectCstID-vhi\"]"}
COMMAND: POST /session/fe807c202adfd1520937424dc6dbf6f4/element/f.A324F73A04070CE59A7F5210E331AD77.d.827ABBBEE7F4C9FA25FE02B0AEDD7A92.e.594/click - {}
RESULT: {}
COMMAND: GET /session/fe807c202adfd1520937424dc6dbf6f4/screenshot - {}
RESULT: {}
COMMAND: POST /session/fe807c202adfd1520937424dc6dbf6f4/execute/async - {"script":"<script> [1562 bytes]","args":[{"selector":{"controlType":"sap.m.SearchField","properties":{"placeholder":"Search"},"searchOpenDialogs":true,"interaction":{"idSuffix":"I"}},"wdio_ui5_key":"sapm.SearchField{\"placeholder\":\"Search\"}"}]}
RESULT: {"script":"<script> [1562 bytes]","args":[{"selector":{"controlType":"sap.m.SearchField","properties":{"placeholder":"Search"},"searchOpenDialogs":true,"interaction":{"idSuffix":"I"}},"wdio_ui5_key":"sapm.SearchField{\"placeholder\":\"Search\"}"}]}
RESULT: undefined
COMMAND: POST /session/fe807c202adfd1520937424dc6dbf6f4/execute/async - {"script":"<script> [776 bytes]","args":[{"enterText":"10001013","selector":{"controlType":"sap.m.SearchField","properties":{"placeholder":"Search"},"searchOpenDialogs":true,"interaction":{"idSuffix":"I"}},"clearTextFirst":true,"interactionType":"ENTER_TEXT"}]}
RESULT: {"script":"<script> [776 bytes]","args":[{"enterText":"10001013","selector":{"controlType":"sap.m.SearchField","properties":{"placeholder":"Search"},"searchOpenDialogs":true,"interaction":{"idSuffix":"I"}},"clearTextFirst":true,"interactionType":"ENTER_TEXT"}]}
COMMAND: POST /session/fe807c202adfd1520937424dc6dbf6f4/actions - {"actions":[{"id":"action2","type":"key","parameters":{},"actions":[{"type":"keyDown","value":"î€‡"},{"type":"pause","duration":10},{"type":"keyUp","value":"î€‡"}]}]}
RESULT: {"actions":[{"id":"action2","type":"key","parameters":{},"actions":[{"type":"keyDown","value":"î€‡"},{"type":"pause","duration":10},{"type":"keyUp","value":"î€‡"}]}]}
COMMAND: GET /session/fe807c202adfd1520937424dc6dbf6f4/screenshot - {}
RESULT: {}
COMMAND: POST /session/fe807c202adfd1520937424dc6dbf6f4/element - {"using":"xpath","value":"//span[contains(text(), \"General Management\")]"}
RESULT: {"using":"xpath","value":"//span[contains(text(), \"General Management\")]"}
COMMAND: POST /session/fe807c202adfd1520937424dc6dbf6f4/element/f.A324F73A04070CE59A7F5210E331AD77.d.827ABBBEE7F4C9FA25FE02B0AEDD7A92.e.636/click - {}
RESULT: {}
COMMAND: GET /session/fe807c202adfd1520937424dc6dbf6f4/screenshot - {}
RESULT: {}
COMMAND: POST /session/fe807c202adfd1520937424dc6dbf6f4/element - {"using":"xpath","value":"//bdi[contains(text(), \"OK\")]"}
RESULT: {"using":"xpath","value":"//bdi[contains(text(), \"OK\")]"}
COMMAND: POST /session/fe807c202adfd1520937424dc6dbf6f4/element/f.A324F73A04070CE59A7F5210E331AD77.d.827ABBBEE7F4C9FA25FE02B0AEDD7A92.e.637/click - {}
RESULT: {}
COMMAND: GET /session/fe807c202adfd1520937424dc6dbf6f4/screenshot - {}
RESULT: {}
COMMAND: POST /session/fe807c202adfd1520937424dc6dbf6f4/execute/async - {"script":"<script> [1562 bytes]","args":[{"selector":{"controlType":"sap.m.Button","viewName":"etm.portal.ui.manageyards.view.New","viewId":"application-manageyards-display-component---NewYard","i18NText":{"propertyName":"text","key":"save"},"interaction":{"idSuffix":"inner"}},"wdio_ui5_key":"etmportal.ui.manageyards.view.Newsap.m.Button{\"propertyName\":\"text\",\"key\":\"save\"}"}]}
RESULT: {"script":"<script> [1562 bytes]","args":[{"selector":{"controlType":"sap.m.Button","viewName":"etm.portal.ui.manageyards.view.New","viewId":"application-manageyards-display-component---NewYard","i18NText":{"propertyName":"text","key":"save"},"interaction":{"idSuffix":"inner"}},"wdio_ui5_key":"etmportal.ui.manageyards.view.Newsap.m.Button{\"propertyName\":\"text\",\"key\":\"save\"}"}]}
RESULT: undefined
COMMAND: POST /session/fe807c202adfd1520937424dc6dbf6f4/element - {"using":"xpath","value":"//*[@id=\"__button18\"]"}
RESULT: {"using":"xpath","value":"//*[@id=\"__button18\"]"}
COMMAND: POST /session/fe807c202adfd1520937424dc6dbf6f4/element/f.A324F73A04070CE59A7F5210E331AD77.d.827ABBBEE7F4C9FA25FE02B0AEDD7A92.e.561/click - {}
RESULT: {}
COMMAND: GET /session/fe807c202adfd1520937424dc6dbf6f4/screenshot - {}
RESULT: {}
COMMAND: POST /session/fe807c202adfd1520937424dc6dbf6f4/element - {"using":"xpath","value":"//header/div/div[2]/div[2]/span"}
RESULT: {"using":"xpath","value":"//header/div/div[2]/div[2]/span"}
COMMAND: GET /session/fe807c202adfd1520937424dc6dbf6f4/element/f.A324F73A04070CE59A7F5210E331AD77.d.827ABBBEE7F4C9FA25FE02B0AEDD7A92.e.835/text - {}
RESULT: {}
COMMAND: POST /session/fe807c202adfd1520937424dc6dbf6f4/execute/async - {"script":"<script> [1562 bytes]","args":[{"selector":{"controlType":"sap.m.OverflowToolbarButton","viewName":"etm.portal.ui.manageyards.view.Detail","viewId":"application-manageyards-display-component---detailYard","i18NText":{"propertyName":"tooltip","key":"closeColumn"},"interaction":{"idSuffix":"inner"}},"wdio_ui5_key":"etmportal.ui.manageyards.view.Detailsap.m.OverflowToolbarButton{\"propertyName\":\"tooltip\",\"key\":\"closeColumn\"}"}]}
RESULT: {"script":"<script> [1562 bytes]","args":[{"selector":{"controlType":"sap.m.OverflowToolbarButton","viewName":"etm.portal.ui.manageyards.view.Detail","viewId":"application-manageyards-display-component---detailYard","i18NText":{"propertyName":"tooltip","key":"closeColumn"},"interaction":{"idSuffix":"inner"}},"wdio_ui5_key":"etmportal.ui.manageyards.view.Detailsap.m.OverflowToolbarButton{\"propertyName\":\"tooltip\",\"key\":\"closeColumn\"}"}]}
RESULT: undefined
COMMAND: POST /session/fe807c202adfd1520937424dc6dbf6f4/element - {"using":"xpath","value":"//*[@id=\"__button42\"]"}
RESULT: {"using":"xpath","value":"//*[@id=\"__button42\"]"}
COMMAND: POST /session/fe807c202adfd1520937424dc6dbf6f4/element/f.A324F73A04070CE59A7F5210E331AD77.d.827ABBBEE7F4C9FA25FE02B0AEDD7A92.e.837/click - {}
RESULT: {}
COMMAND: GET /session/fe807c202adfd1520937424dc6dbf6f4/screenshot - {}
RESULT: {}
COMMAND: POST /session/fe807c202adfd1520937424dc6dbf6f4/element - {"using":"css selector","value":"#shell-header-logo"}
RESULT: {"using":"css selector","value":"#shell-header-logo"}
COMMAND: POST /session/fe807c202adfd1520937424dc6dbf6f4/element/f.A324F73A04070CE59A7F5210E331AD77.d.827ABBBEE7F4C9FA25FE02B0AEDD7A92.e.130/click - {}
RESULT: {}
COMMAND: GET /session/fe807c202adfd1520937424dc6dbf6f4/screenshot - {}
RESULT: {}
COMMAND: POST /session/fe807c202adfd1520937424dc6dbf6f4/refresh - {}
RESULT: {}
COMMAND: GET /session/fe807c202adfd1520937424dc6dbf6f4/screenshot - {}
RESULT: {}
COMMAND: POST /session/fe807c202adfd1520937424dc6dbf6f4/execute/async - {"script":"<script> [189 bytes]","args":[]}
RESULT: {"script":"<script> [189 bytes]","args":[]}
COMMAND: POST /session/fe807c202adfd1520937424dc6dbf6f4/execute/async - {"script":"<script> [123 bytes]","args":[]}
RESULT: {"script":"<script> [123 bytes]","args":[]}
COMMAND: POST /session/fe807c202adfd1520937424dc6dbf6f4/timeouts - {"script":"<number>"}
RESULT: {"script":"<number>"}
COMMAND: GET /session/fe807c202adfd1520937424dc6dbf6f4/timeouts - {}
RESULT: {}
RESULT: undefined
COMMAND: POST /session/fe807c202adfd1520937424dc6dbf6f4/execute/async - {"script":"<script> [2676 bytes]","args":[]}
RESULT: {"script":"<script> [2676 bytes]","args":[]}
COMMAND: POST /session/fe807c202adfd1520937424dc6dbf6f4/execute/async - {"script":"<script> [2342 bytes]","args":[{"protocol":"http","hostname":"0.0.0.0","path":"/","capabilities":{"browserName":"chrome","goog:chromeOptions":{"binary":"C:\\Program Files\\Google\\Chrome\\Application\\chrome.exe","args":["--start-maximized"]}},"logLevel":"warn","connectionRetryTimeout":120000,"connectionRetryCount":3,"logLevels":{},"enableDirectConnect":true,"strictSSL":true,"_":"65 more keys: [\"cacheDir\",\"port\",\"requestedCapabilities\",\"automationProtocol\",\"baseUrl\",\"waitforInterval\",\"waitforTimeout\",\"onReload\",\"beforeCommand\",\"afterCommand\",\"rootDir\",\"specs\",\"suites\",\"exclude\",\"groupLogsByTestSpec\",\"excludeDriverLogs\",\"bail\",\"framework\",\"reporters\",\"services\",\"maxInstances\",\"maxInstancesPerCapability\",\"injectGlobals\",\"filesToWatch\",\"execArgv\",\"runnerEnv\",\"runner\",\"shard\",\"specFileRetries\",\"specFileRetriesDelay\",\"specFileRetriesDeferred\",\"reporterSyncInterval\",\"reporterSyncTimeout\",\"cucumberFeaturesWithLineNumbers\",\"autoCompileOpts\",\"mochaOpts\",\"jasmineOpts\",\"cucumberOpts\",\"onPrepare\",\"onWorkerStart\",\"onWorkerEnd\",\"before\",\"beforeSession\",\"beforeSuite\",\"beforeHook\",\"beforeTest\",\"afterTest\",\"afterHook\",\"afterSuite\",\"afterSession\",\"after\",\"onComplete\",\"beforeAssertion\",\"afterAssertion\",\"beforeFeature\",\"beforeScenario\",\"beforeStep\",\"afterStep\",\"afterScenario\",\"afterFeature\",\"_\",\"suite\",\"$0\",\"ignoredWorkerServices\",\"wdi5\"]"}]}
RESULT: {"script":"<script> [2342 bytes]","args":[{"protocol":"http","hostname":"0.0.0.0","path":"/","capabilities":{"browserName":"chrome","goog:chromeOptions":{"binary":"C:\\Program Files\\Google\\Chrome\\Application\\chrome.exe","args":["--start-maximized"]}},"logLevel":"warn","connectionRetryTimeout":120000,"connectionRetryCount":3,"logLevels":{},"enableDirectConnect":true,"strictSSL":true,"_":"65 more keys: [\"cacheDir\",\"port\",\"requestedCapabilities\",\"automationProtocol\",\"baseUrl\",\"waitforInterval\",\"waitforTimeout\",\"onReload\",\"beforeCommand\",\"afterCommand\",\"rootDir\",\"specs\",\"suites\",\"exclude\",\"groupLogsByTestSpec\",\"excludeDriverLogs\",\"bail\",\"framework\",\"reporters\",\"services\",\"maxInstances\",\"maxInstancesPerCapability\",\"injectGlobals\",\"filesToWatch\",\"execArgv\",\"runnerEnv\",\"runner\",\"shard\",\"specFileRetries\",\"specFileRetriesDelay\",\"specFileRetriesDeferred\",\"reporterSyncInterval\",\"reporterSyncTimeout\",\"cucumberFeaturesWithLineNumbers\",\"autoCompileOpts\",\"mochaOpts\",\"jasmineOpts\",\"cucumberOpts\",\"onPrepare\",\"onWorkerStart\",\"onWorkerEnd\",\"before\",\"beforeSession\",\"beforeSuite\",\"beforeHook\",\"beforeTest\",\"afterTest\",\"afterHook\",\"afterSuite\",\"afterSession\",\"after\",\"onComplete\",\"beforeAssertion\",\"afterAssertion\",\"beforeFeature\",\"beforeScenario\",\"beforeStep\",\"afterStep\",\"afterScenario\",\"afterFeature\",\"_\",\"suite\",\"$0\",\"ignoredWorkerServices\",\"wdi5\"]"}]}
COMMAND: POST /session/fe807c202adfd1520937424dc6dbf6f4/execute/async - {"script":"<script> [21126 bytes]","args":[35000]}
RESULT: {"script":"<script> [21126 bytes]","args":[35000]}
]]></system-out>
    </testcase>
    <testcase classname="chrome.136_0_7103_93.windows.Related_resources_for_groups_US139107" name="Should create a resource of type group" time="102.578">
      <system-out><![CDATA[
COMMAND: POST /session/fe807c202adfd1520937424dc6dbf6f4/execute/async - {"script":"<script> [1562 bytes]","args":[{"selector":{"controlType":"sap.m.GenericTile","properties":{"header":"Manage Resources"}},"wdio_ui5_key":"sapm.GenericTile{\"header\":\"Manage Resources\"}"}]}
RESULT: {"script":"<script> [1562 bytes]","args":[{"selector":{"controlType":"sap.m.GenericTile","properties":{"header":"Manage Resources"}},"wdio_ui5_key":"sapm.GenericTile{\"header\":\"Manage Resources\"}"}]}
RESULT: undefined
COMMAND: POST /session/fe807c202adfd1520937424dc6dbf6f4/element - {"using":"xpath","value":"//*[@id=\"__tile39\"]"}
RESULT: {"using":"xpath","value":"//*[@id=\"__tile39\"]"}
COMMAND: POST /session/fe807c202adfd1520937424dc6dbf6f4/element/f.A324F73A04070CE59A7F5210E331AD77.d.19EE173614826AB1BB6EFE416F5E9101.e.1192/click - {}
RESULT: {}
COMMAND: GET /session/fe807c202adfd1520937424dc6dbf6f4/screenshot - {}
RESULT: {}
COMMAND: POST /session/fe807c202adfd1520937424dc6dbf6f4/elements - {"using":"xpath","value":"//span[text()='Error']"}
RESULT: {"using":"xpath","value":"//span[text()='Error']"}
COMMAND: POST /session/fe807c202adfd1520937424dc6dbf6f4/element - {"using":"xpath","value":"//button[@data-kt=\"addNewRUOverflowToolbarButton\"]"}
RESULT: {"using":"xpath","value":"//button[@data-kt=\"addNewRUOverflowToolbarButton\"]"}
COMMAND: POST /session/fe807c202adfd1520937424dc6dbf6f4/execute/sync - {"script":"<script> [8489 bytes]","args":[{"element-6066-11e4-a52e-4f735466cecf":"f.A324F73A04070CE59A7F5210E331AD77.d.19EE173614826AB1BB6EFE416F5E9101.e.1236","ELEMENT":"f.A324F73A04070CE59A7F5210E331AD77.d.19EE173614826AB1BB6EFE416F5E9101.e.1236"}]}
RESULT: {"script":"<script> [8489 bytes]","args":[{"element-6066-11e4-a52e-4f735466cecf":"f.A324F73A04070CE59A7F5210E331AD77.d.19EE173614826AB1BB6EFE416F5E9101.e.1236","ELEMENT":"f.A324F73A04070CE59A7F5210E331AD77.d.19EE173614826AB1BB6EFE416F5E9101.e.1236"}]}
COMMAND: POST /session/fe807c202adfd1520937424dc6dbf6f4/element/f.A324F73A04070CE59A7F5210E331AD77.d.19EE173614826AB1BB6EFE416F5E9101.e.1236/click - {}
COMMAND: GET /session/fe807c202adfd1520937424dc6dbf6f4/screenshot - {}
RESULT: {}
COMMAND: GET /session/fe807c202adfd1520937424dc6dbf6f4/screenshot - {}
RESULT: {}
COMMAND: POST /session/fe807c202adfd1520937424dc6dbf6f4/execute/async - {"script":"<script> [1562 bytes]","args":[{"selector":{"id":"application-manageresources-display-component---newResourceUnit--TYPE-arrow"},"wdio_ui5_key":"applicationmanageresources-display-component---newResourceUnit--TYPE-arrow"}]}
RESULT: {}
RESULT: {"script":"<script> [1562 bytes]","args":[{"selector":{"id":"application-manageresources-display-component---newResourceUnit--TYPE-arrow"},"wdio_ui5_key":"applicationmanageresources-display-component---newResourceUnit--TYPE-arrow"}]}
RESULT: undefined
COMMAND: POST /session/fe807c202adfd1520937424dc6dbf6f4/element - {"using":"xpath","value":"//*[@id=\"application-manageresources-display-component---newResourceUnit--TYPE-arrow\"]"}
RESULT: {"using":"xpath","value":"//*[@id=\"application-manageresources-display-component---newResourceUnit--TYPE-arrow\"]"}
COMMAND: POST /session/fe807c202adfd1520937424dc6dbf6f4/element/f.A324F73A04070CE59A7F5210E331AD77.d.19EE173614826AB1BB6EFE416F5E9101.e.1550/click - {}
RESULT: {}
COMMAND: POST /session/fe807c202adfd1520937424dc6dbf6f4/execute/async - {"script":"<script> [1562 bytes]","args":[{"selector":{"controlType":"sap.m.StandardListItem","viewName":"reusables.view.manageresources.NewResourceUnit","viewId":"application-manageresources-display-component---newResourceUnit","properties":{"title":"Group"},"searchOpenDialogs":true,"interaction":{"idSuffix":"content"}},"wdio_ui5_key":"reusablesview.manageresources.NewResourceUnitsap.m.StandardListItem{\"title\":\"Group\"}"}]}
COMMAND: GET /session/fe807c202adfd1520937424dc6dbf6f4/screenshot - {}
RESULT: {"script":"<script> [1562 bytes]","args":[{"selector":{"controlType":"sap.m.StandardListItem","viewName":"reusables.view.manageresources.NewResourceUnit","viewId":"application-manageresources-display-component---newResourceUnit","properties":{"title":"Group"},"searchOpenDialogs":true,"interaction":{"idSuffix":"content"}},"wdio_ui5_key":"reusablesview.manageresources.NewResourceUnitsap.m.StandardListItem{\"title\":\"Group\"}"}]}
RESULT: undefined
COMMAND: POST /session/fe807c202adfd1520937424dc6dbf6f4/element - {"using":"xpath","value":"//*[@id=\"__item154\"]"}
RESULT: {}
RESULT: {"using":"xpath","value":"//*[@id=\"__item154\"]"}
COMMAND: POST /session/fe807c202adfd1520937424dc6dbf6f4/element/f.A324F73A04070CE59A7F5210E331AD77.d.19EE173614826AB1BB6EFE416F5E9101.e.1553/click - {}
RESULT: {}
COMMAND: GET /session/fe807c202adfd1520937424dc6dbf6f4/screenshot - {}
RESULT: {}
COMMAND: POST /session/fe807c202adfd1520937424dc6dbf6f4/execute/async - {"script":"<script> [1562 bytes]","args":[{"selector":{"id":"application-manageresources-display-component---newResourceUnit--SHORT_TEXT","interaction":{"idSuffix":"inner"}},"wdio_ui5_key":"applicationmanageresources-display-component---newResourceUnit--SHORT_TEXT"}]}
RESULT: {"script":"<script> [1562 bytes]","args":[{"selector":{"id":"application-manageresources-display-component---newResourceUnit--SHORT_TEXT","interaction":{"idSuffix":"inner"}},"wdio_ui5_key":"applicationmanageresources-display-component---newResourceUnit--SHORT_TEXT"}]}
RESULT: undefined
COMMAND: POST /session/fe807c202adfd1520937424dc6dbf6f4/execute/async - {"script":"<script> [776 bytes]","args":[{"enterText":"WdIORUGroupuvnxo","selector":{"id":"application-manageresources-display-component---newResourceUnit--SHORT_TEXT","interaction":{"idSuffix":"inner"}},"clearTextFirst":true,"interactionType":"ENTER_TEXT"}]}
RESULT: {"script":"<script> [776 bytes]","args":[{"enterText":"WdIORUGroupuvnxo","selector":{"id":"application-manageresources-display-component---newResourceUnit--SHORT_TEXT","interaction":{"idSuffix":"inner"}},"clearTextFirst":true,"interactionType":"ENTER_TEXT"}]}
COMMAND: POST /session/fe807c202adfd1520937424dc6dbf6f4/execute/async - {"script":"<script> [1562 bytes]","args":[{"selector":{"id":"application-manageresources-display-component---newResourceUnit--BASE_UNIT_OF_MEASURE","interaction":{"idSuffix":"inner"}},"wdio_ui5_key":"applicationmanageresources-display-component---newResourceUnit--BASE_UNIT_OF_MEASURE"}]}
RESULT: {"script":"<script> [1562 bytes]","args":[{"selector":{"id":"application-manageresources-display-component---newResourceUnit--BASE_UNIT_OF_MEASURE","interaction":{"idSuffix":"inner"}},"wdio_ui5_key":"applicationmanageresources-display-component---newResourceUnit--BASE_UNIT_OF_MEASURE"}]}
RESULT: undefined
COMMAND: POST /session/fe807c202adfd1520937424dc6dbf6f4/execute/async - {"script":"<script> [776 bytes]","args":[{"enterText":"Piece","selector":{"id":"application-manageresources-display-component---newResourceUnit--BASE_UNIT_OF_MEASURE","interaction":{"idSuffix":"inner"}},"clearTextFirst":true,"interactionType":"ENTER_TEXT"}]}
RESULT: {"script":"<script> [776 bytes]","args":[{"enterText":"Piece","selector":{"id":"application-manageresources-display-component---newResourceUnit--BASE_UNIT_OF_MEASURE","interaction":{"idSuffix":"inner"}},"clearTextFirst":true,"interactionType":"ENTER_TEXT"}]}
COMMAND: POST /session/fe807c202adfd1520937424dc6dbf6f4/execute/async - {"script":"<script> [1562 bytes]","args":[{"selector":{"id":"application-manageresources-display-component---newResourceUnit--newRRUPage-OPHeaderContent-collapseBtn-img"},"wdio_ui5_key":"applicationmanageresources-display-component---newResourceUnit--newRRUPage-OPHeaderContent-collapseBtn-img"}]}
RESULT: {"script":"<script> [1562 bytes]","args":[{"selector":{"id":"application-manageresources-display-component---newResourceUnit--newRRUPage-OPHeaderContent-collapseBtn-img"},"wdio_ui5_key":"applicationmanageresources-display-component---newResourceUnit--newRRUPage-OPHeaderContent-collapseBtn-img"}]}
RESULT: undefined
COMMAND: POST /session/fe807c202adfd1520937424dc6dbf6f4/element - {"using":"xpath","value":"//*[@id=\"application-manageresources-display-component---newResourceUnit--newRRUPage-OPHeaderContent-collapseBtn-img\"]"}
RESULT: {"using":"xpath","value":"//*[@id=\"application-manageresources-display-component---newResourceUnit--newRRUPage-OPHeaderContent-collapseBtn-img\"]"}
COMMAND: POST /session/fe807c202adfd1520937424dc6dbf6f4/element/f.A324F73A04070CE59A7F5210E331AD77.d.19EE173614826AB1BB6EFE416F5E9101.e.1561/click - {}
RESULT: {}
COMMAND: GET /session/fe807c202adfd1520937424dc6dbf6f4/screenshot - {}
RESULT: {}
COMMAND: POST /session/fe807c202adfd1520937424dc6dbf6f4/execute/async - {"script":"<script> [1562 bytes]","args":[{"selector":{"id":"application-manageresources-display-component---newResourceUnit--newRRUPage-anchBar-application-manageresources-display-component---newResourceUnit--control-anchor","interaction":{"idSuffix":"BDI-content"}},"wdio_ui5_key":"applicationmanageresources-display-component---newResourceUnit--newRRUPage-anchBar-application-manageresources-display-component---newResourceUnit--control-anchor"}]}
RESULT: {"script":"<script> [1562 bytes]","args":[{"selector":{"id":"application-manageresources-display-component---newResourceUnit--newRRUPage-anchBar-application-manageresources-display-component---newResourceUnit--control-anchor","interaction":{"idSuffix":"BDI-content"}},"wdio_ui5_key":"applicationmanageresources-display-component---newResourceUnit--newRRUPage-anchBar-application-manageresources-display-component---newResourceUnit--control-anchor"}]}
RESULT: undefined
COMMAND: POST /session/fe807c202adfd1520937424dc6dbf6f4/element - {"using":"xpath","value":"//*[@id=\"application-manageresources-display-component---newResourceUnit--newRRUPage-anchBar-application-manageresources-display-component---newResourceUnit--control-anchor\"]"}
RESULT: {"using":"xpath","value":"//*[@id=\"application-manageresources-display-component---newResourceUnit--newRRUPage-anchBar-application-manageresources-display-component---newResourceUnit--control-anchor\"]"}
COMMAND: POST /session/fe807c202adfd1520937424dc6dbf6f4/element/f.A324F73A04070CE59A7F5210E331AD77.d.19EE173614826AB1BB6EFE416F5E9101.e.1672/click - {}
RESULT: {}
COMMAND: POST /session/fe807c202adfd1520937424dc6dbf6f4/execute/async - {"script":"<script> [1562 bytes]","args":[{"selector":{"id":"application-manageresources-display-component---newResourceUnit--PLANNING_GROUP","interaction":{"idSuffix":"inner"}},"wdio_ui5_key":"applicationmanageresources-display-component---newResourceUnit--PLANNING_GROUP"}]}
COMMAND: GET /session/fe807c202adfd1520937424dc6dbf6f4/screenshot - {}
RESULT: {"script":"<script> [1562 bytes]","args":[{"selector":{"id":"application-manageresources-display-component---newResourceUnit--PLANNING_GROUP","interaction":{"idSuffix":"inner"}},"wdio_ui5_key":"applicationmanageresources-display-component---newResourceUnit--PLANNING_GROUP"}]}
RESULT: undefined
COMMAND: POST /session/fe807c202adfd1520937424dc6dbf6f4/execute/async - {"script":"<script> [776 bytes]","args":[{"enterText":"Heavy Equi","selector":{"id":"application-manageresources-display-component---newResourceUnit--PLANNING_GROUP","interaction":{"idSuffix":"inner"}},"clearTextFirst":true,"interactionType":"ENTER_TEXT"}]}
RESULT: {}
RESULT: {"script":"<script> [776 bytes]","args":[{"enterText":"Heavy Equi","selector":{"id":"application-manageresources-display-component---newResourceUnit--PLANNING_GROUP","interaction":{"idSuffix":"inner"}},"clearTextFirst":true,"interactionType":"ENTER_TEXT"}]}
COMMAND: POST /session/fe807c202adfd1520937424dc6dbf6f4/element - {"using":"xpath","value":"//bdi[contains(text(), \"Time Segment\")]"}
RESULT: {"using":"xpath","value":"//bdi[contains(text(), \"Time Segment\")]"}
COMMAND: GET /session/fe807c202adfd1520937424dc6dbf6f4/element/f.A324F73A04070CE59A7F5210E331AD77.d.19EE173614826AB1BB6EFE416F5E9101.e.1679/rect - {}
RESULT: {}
COMMAND: GET /session/fe807c202adfd1520937424dc6dbf6f4/window/rect - {}
RESULT: {}
COMMAND: POST /session/fe807c202adfd1520937424dc6dbf6f4/execute/sync - {"script":"<script> [92 bytes]","args":[]}
RESULT: {"script":"<script> [92 bytes]","args":[]}
COMMAND: POST /session/fe807c202adfd1520937424dc6dbf6f4/actions - {"actions":[{"id":"action3","type":"wheel","parameters":{},"actions":[{"type":"scroll","x":-1820,"y":-21,"deltaX":0,"deltaY":0,"duration":0,"origin":{"element-6066-11e4-a52e-4f735466cecf":"f.A324F73A04070CE59A7F5210E331AD77.d.19EE173614826AB1BB6EFE416F5E9101.e.1679"}}]}]}
COMMAND: GET /session/fe807c202adfd1520937424dc6dbf6f4/screenshot - {}
RESULT: {}
COMMAND: POST /session/fe807c202adfd1520937424dc6dbf6f4/execute/sync - {"script":"<script> [79 bytes]","args":[{"element-6066-11e4-a52e-4f735466cecf":"f.A324F73A04070CE59A7F5210E331AD77.d.19EE173614826AB1BB6EFE416F5E9101.e.1679","ELEMENT":"f.A324F73A04070CE59A7F5210E331AD77.d.19EE173614826AB1BB6EFE416F5E9101.e.1679"},{"block":"start","inline":"nearest"}]}
RESULT: {"script":"<script> [79 bytes]","args":[{"element-6066-11e4-a52e-4f735466cecf":"f.A324F73A04070CE59A7F5210E331AD77.d.19EE173614826AB1BB6EFE416F5E9101.e.1679","ELEMENT":"f.A324F73A04070CE59A7F5210E331AD77.d.19EE173614826AB1BB6EFE416F5E9101.e.1679"},{"block":"start","inline":"nearest"}]}
COMMAND: GET /session/fe807c202adfd1520937424dc6dbf6f4/screenshot - {}
RESULT: {}
COMMAND: POST /session/fe807c202adfd1520937424dc6dbf6f4/execute/async - {"script":"<script> [1562 bytes]","args":[{"selector":{"id":"application-manageresources-display-component---newResourceUnit--btnAddTimeSegment-img"},"wdio_ui5_key":"applicationmanageresources-display-component---newResourceUnit--btnAddTimeSegment-img"}]}
RESULT: {"script":"<script> [1562 bytes]","args":[{"selector":{"id":"application-manageresources-display-component---newResourceUnit--btnAddTimeSegment-img"},"wdio_ui5_key":"applicationmanageresources-display-component---newResourceUnit--btnAddTimeSegment-img"}]}
RESULT: undefined
COMMAND: POST /session/fe807c202adfd1520937424dc6dbf6f4/element - {"using":"xpath","value":"//*[@id=\"application-manageresources-display-component---newResourceUnit--btnAddTimeSegment-img\"]"}
RESULT: {"using":"xpath","value":"//*[@id=\"application-manageresources-display-component---newResourceUnit--btnAddTimeSegment-img\"]"}
COMMAND: POST /session/fe807c202adfd1520937424dc6dbf6f4/element/f.A324F73A04070CE59A7F5210E331AD77.d.19EE173614826AB1BB6EFE416F5E9101.e.1682/click - {}
RESULT: {}
COMMAND: GET /session/fe807c202adfd1520937424dc6dbf6f4/screenshot - {}
COMMAND: POST /session/fe807c202adfd1520937424dc6dbf6f4/element - {"using":"xpath","value":"//input[@id=\"application-manageresources-display-component---newResourceUnit--idRuTSAdmin-application-manageresources-display-component---newResourceUnit--RUTimeSegment-0-inner\"]"}
RESULT: {}
RESULT: {"using":"xpath","value":"//input[@id=\"application-manageresources-display-component---newResourceUnit--idRuTSAdmin-application-manageresources-display-component---newResourceUnit--RUTimeSegment-0-inner\"]"}
COMMAND: POST /session/fe807c202adfd1520937424dc6dbf6f4/element/f.A324F73A04070CE59A7F5210E331AD77.d.19EE173614826AB1BB6EFE416F5E9101.e.1685/clear - {}
RESULT: {}
COMMAND: POST /session/fe807c202adfd1520937424dc6dbf6f4/element/f.A324F73A04070CE59A7F5210E331AD77.d.19EE173614826AB1BB6EFE416F5E9101.e.1685/value - {"text":"WebdriverYard1zq2fi"}
COMMAND: GET /session/fe807c202adfd1520937424dc6dbf6f4/screenshot - {}
RESULT: {"text":"WebdriverYard1zq2fi"}
COMMAND: GET /session/fe807c202adfd1520937424dc6dbf6f4/screenshot - {}
RESULT: {}
RESULT: {}
COMMAND: POST /session/fe807c202adfd1520937424dc6dbf6f4/actions - {"actions":[{"id":"action4","type":"key","parameters":{},"actions":[{"type":"keyDown","value":"î€‡"},{"type":"pause","duration":10},{"type":"keyUp","value":"î€‡"}]}]}
RESULT: {"actions":[{"id":"action4","type":"key","parameters":{},"actions":[{"type":"keyDown","value":"î€‡"},{"type":"pause","duration":10},{"type":"keyUp","value":"î€‡"}]}]}
COMMAND: GET /session/fe807c202adfd1520937424dc6dbf6f4/screenshot - {}
RESULT: {}
COMMAND: POST /session/fe807c202adfd1520937424dc6dbf6f4/execute/async - {"script":"<script> [1562 bytes]","args":[{"selector":{"controlType":"sap.m.Button","viewName":"reusables.view.manageresources.NewResourceUnit","viewId":"application-manageresources-display-component---newResourceUnit","i18NText":{"propertyName":"tooltip","key":"save"},"interaction":{"idSuffix":"BDI-content"}},"wdio_ui5_key":"reusablesview.manageresources.NewResourceUnitsap.m.Button{\"propertyName\":\"tooltip\",\"key\":\"save\"}"}]}
RESULT: {"script":"<script> [1562 bytes]","args":[{"selector":{"controlType":"sap.m.Button","viewName":"reusables.view.manageresources.NewResourceUnit","viewId":"application-manageresources-display-component---newResourceUnit","i18NText":{"propertyName":"tooltip","key":"save"},"interaction":{"idSuffix":"BDI-content"}},"wdio_ui5_key":"reusablesview.manageresources.NewResourceUnitsap.m.Button{\"propertyName\":\"tooltip\",\"key\":\"save\"}"}]}
RESULT: undefined
COMMAND: POST /session/fe807c202adfd1520937424dc6dbf6f4/element - {"using":"xpath","value":"//*[@id=\"application-manageresources-display-component---newResourceUnit--createRuButton\"]"}
RESULT: {"using":"xpath","value":"//*[@id=\"application-manageresources-display-component---newResourceUnit--createRuButton\"]"}
COMMAND: POST /session/fe807c202adfd1520937424dc6dbf6f4/element/f.A324F73A04070CE59A7F5210E331AD77.d.19EE173614826AB1BB6EFE416F5E9101.e.1567/click - {}
RESULT: {}
COMMAND: GET /session/fe807c202adfd1520937424dc6dbf6f4/screenshot - {}
RESULT: {}
COMMAND: POST /session/fe807c202adfd1520937424dc6dbf6f4/execute/async - {"script":"<script> [1562 bytes]","args":[{"selector":{"controlType":"sap.m.Button","properties":{"text":"Close"},"searchOpenDialogs":true,"interaction":{"idSuffix":"inner"}},"wdio_ui5_key":"sapm.Button{\"text\":\"Close\"}"}]}
RESULT: {"script":"<script> [1562 bytes]","args":[{"selector":{"controlType":"sap.m.Button","properties":{"text":"Close"},"searchOpenDialogs":true,"interaction":{"idSuffix":"inner"}},"wdio_ui5_key":"sapm.Button{\"text\":\"Close\"}"}]}
RESULT: undefined
COMMAND: POST /session/fe807c202adfd1520937424dc6dbf6f4/element - {"using":"xpath","value":"//*[@id=\"__mbox-btn-0\"]"}
RESULT: {"using":"xpath","value":"//*[@id=\"__mbox-btn-0\"]"}
COMMAND: POST /session/fe807c202adfd1520937424dc6dbf6f4/element/f.A324F73A04070CE59A7F5210E331AD77.d.19EE173614826AB1BB6EFE416F5E9101.e.1694/click - {}
RESULT: {}
COMMAND: GET /session/fe807c202adfd1520937424dc6dbf6f4/screenshot - {}
RESULT: {}
COMMAND: POST /session/fe807c202adfd1520937424dc6dbf6f4/element - {"using":"css selector","value":"#shell-header-logo"}
RESULT: {"using":"css selector","value":"#shell-header-logo"}
COMMAND: POST /session/fe807c202adfd1520937424dc6dbf6f4/element/f.A324F73A04070CE59A7F5210E331AD77.d.19EE173614826AB1BB6EFE416F5E9101.e.1194/click - {}
RESULT: {}
COMMAND: GET /session/fe807c202adfd1520937424dc6dbf6f4/screenshot - {}
RESULT: {}
]]></system-out>
    </testcase>
    <testcase classname="chrome.136_0_7103_93.windows.Related_resources_for_groups_US139107" name="Should create first equipment and add it to the group" time="130.761">
      <system-out><![CDATA[
RESULT: undefined
COMMAND: POST /session/fe807c202adfd1520937424dc6dbf6f4/element - {"using":"xpath","value":"//*[@id=\"__tile39\"]"}
RESULT: {"using":"xpath","value":"//*[@id=\"__tile39\"]"}
COMMAND: POST /session/fe807c202adfd1520937424dc6dbf6f4/element/f.A324F73A04070CE59A7F5210E331AD77.d.19EE173614826AB1BB6EFE416F5E9101.e.1192/click - {}
RESULT: {}
COMMAND: GET /session/fe807c202adfd1520937424dc6dbf6f4/screenshot - {}
RESULT: {}
COMMAND: POST /session/fe807c202adfd1520937424dc6dbf6f4/elements - {"using":"xpath","value":"//span[text()='Error']"}
RESULT: {"using":"xpath","value":"//span[text()='Error']"}
COMMAND: POST /session/fe807c202adfd1520937424dc6dbf6f4/element - {"using":"xpath","value":"//button[@data-kt=\"addNewRUOverflowToolbarButton\"]"}
RESULT: {"using":"xpath","value":"//button[@data-kt=\"addNewRUOverflowToolbarButton\"]"}
COMMAND: POST /session/fe807c202adfd1520937424dc6dbf6f4/execute/sync - {"script":"<script> [8489 bytes]","args":[{"element-6066-11e4-a52e-4f735466cecf":"f.A324F73A04070CE59A7F5210E331AD77.d.19EE173614826AB1BB6EFE416F5E9101.e.1772","ELEMENT":"f.A324F73A04070CE59A7F5210E331AD77.d.19EE173614826AB1BB6EFE416F5E9101.e.1772"}]}
RESULT: {"script":"<script> [8489 bytes]","args":[{"element-6066-11e4-a52e-4f735466cecf":"f.A324F73A04070CE59A7F5210E331AD77.d.19EE173614826AB1BB6EFE416F5E9101.e.1772","ELEMENT":"f.A324F73A04070CE59A7F5210E331AD77.d.19EE173614826AB1BB6EFE416F5E9101.e.1772"}]}
COMMAND: POST /session/fe807c202adfd1520937424dc6dbf6f4/element/f.A324F73A04070CE59A7F5210E331AD77.d.19EE173614826AB1BB6EFE416F5E9101.e.1772/click - {}
COMMAND: GET /session/fe807c202adfd1520937424dc6dbf6f4/screenshot - {}
RESULT: {}
COMMAND: GET /session/fe807c202adfd1520937424dc6dbf6f4/screenshot - {}
RESULT: undefined
COMMAND: POST /session/fe807c202adfd1520937424dc6dbf6f4/element - {"using":"xpath","value":"//*[@id=\"application-manageresources-display-component---newResourceUnit--TYPE-arrow\"]"}
RESULT: {}
RESULT: {}
RESULT: {"using":"xpath","value":"//*[@id=\"application-manageresources-display-component---newResourceUnit--TYPE-arrow\"]"}
COMMAND: POST /session/fe807c202adfd1520937424dc6dbf6f4/element/f.A324F73A04070CE59A7F5210E331AD77.d.19EE173614826AB1BB6EFE416F5E9101.e.2084/click - {}
RESULT: {}
COMMAND: POST /session/fe807c202adfd1520937424dc6dbf6f4/execute/async - {"script":"<script> [1562 bytes]","args":[{"selector":{"controlType":"sap.m.StandardListItem","viewName":"reusables.view.manageresources.NewResourceUnit","viewId":"application-manageresources-display-component---newResourceUnit","properties":{"title":"Equipment"},"searchOpenDialogs":true,"interaction":{"idSuffix":"content"}},"wdio_ui5_key":"reusablesview.manageresources.NewResourceUnitsap.m.StandardListItem{\"title\":\"Equipment\"}"}]}
COMMAND: GET /session/fe807c202adfd1520937424dc6dbf6f4/screenshot - {}
RESULT: {"script":"<script> [1562 bytes]","args":[{"selector":{"controlType":"sap.m.StandardListItem","viewName":"reusables.view.manageresources.NewResourceUnit","viewId":"application-manageresources-display-component---newResourceUnit","properties":{"title":"Equipment"},"searchOpenDialogs":true,"interaction":{"idSuffix":"content"}},"wdio_ui5_key":"reusablesview.manageresources.NewResourceUnitsap.m.StandardListItem{\"title\":\"Equipment\"}"}]}
RESULT: undefined
COMMAND: POST /session/fe807c202adfd1520937424dc6dbf6f4/element - {"using":"xpath","value":"//*[@id=\"__item867\"]"}
RESULT: {}
RESULT: {"using":"xpath","value":"//*[@id=\"__item867\"]"}
COMMAND: POST /session/fe807c202adfd1520937424dc6dbf6f4/element/f.A324F73A04070CE59A7F5210E331AD77.d.19EE173614826AB1BB6EFE416F5E9101.e.2090/click - {}
RESULT: {}
COMMAND: GET /session/fe807c202adfd1520937424dc6dbf6f4/screenshot - {}
RESULT: {}
COMMAND: POST /session/fe807c202adfd1520937424dc6dbf6f4/execute/async - {"script":"<script> [1562 bytes]","args":[{"selector":{"id":"application-manageresources-display-component---newResourceUnit--resourceId","interaction":{"idSuffix":"inner"}},"wdio_ui5_key":"applicationmanageresources-display-component---newResourceUnit--resourceId"}]}
RESULT: {"script":"<script> [1562 bytes]","args":[{"selector":{"id":"application-manageresources-display-component---newResourceUnit--resourceId","interaction":{"idSuffix":"inner"}},"wdio_ui5_key":"applicationmanageresources-display-component---newResourceUnit--resourceId"}]}
RESULT: undefined
COMMAND: POST /session/fe807c202adfd1520937424dc6dbf6f4/execute/async - {"script":"<script> [776 bytes]","args":[{"enterText":"WdIORUEquip1csc2dj","selector":{"id":"application-manageresources-display-component---newResourceUnit--resourceId","interaction":{"idSuffix":"inner"}},"clearTextFirst":true,"interactionType":"ENTER_TEXT"}]}
RESULT: {"script":"<script> [776 bytes]","args":[{"enterText":"WdIORUEquip1csc2dj","selector":{"id":"application-manageresources-display-component---newResourceUnit--resourceId","interaction":{"idSuffix":"inner"}},"clearTextFirst":true,"interactionType":"ENTER_TEXT"}]}
RESULT: undefined
COMMAND: POST /session/fe807c202adfd1520937424dc6dbf6f4/execute/async - {"script":"<script> [776 bytes]","args":[{"enterText":"WdIORUEquip1csc2dj","selector":{"id":"application-manageresources-display-component---newResourceUnit--SHORT_TEXT","interaction":{"idSuffix":"inner"}},"clearTextFirst":true,"interactionType":"ENTER_TEXT"}]}
RESULT: {"script":"<script> [776 bytes]","args":[{"enterText":"WdIORUEquip1csc2dj","selector":{"id":"application-manageresources-display-component---newResourceUnit--SHORT_TEXT","interaction":{"idSuffix":"inner"}},"clearTextFirst":true,"interactionType":"ENTER_TEXT"}]}
RESULT: undefined
COMMAND: POST /session/fe807c202adfd1520937424dc6dbf6f4/execute/async - {"script":"<script> [776 bytes]","args":[{"enterText":"Piece","selector":{"id":"application-manageresources-display-component---newResourceUnit--BASE_UNIT_OF_MEASURE","interaction":{"idSuffix":"inner"}},"clearTextFirst":true,"interactionType":"ENTER_TEXT"}]}
RESULT: {"script":"<script> [776 bytes]","args":[{"enterText":"Piece","selector":{"id":"application-manageresources-display-component---newResourceUnit--BASE_UNIT_OF_MEASURE","interaction":{"idSuffix":"inner"}},"clearTextFirst":true,"interactionType":"ENTER_TEXT"}]}
COMMAND: POST /session/fe807c202adfd1520937424dc6dbf6f4/element - {"using":"xpath","value":"//input[contains(@id ,\"application-manageresources-display-component---newResourceUnit--HIGHER_LEVEL_RESOURCE-inner\")]"}
RESULT: {"using":"xpath","value":"//input[contains(@id ,\"application-manageresources-display-component---newResourceUnit--HIGHER_LEVEL_RESOURCE-inner\")]"}
COMMAND: POST /session/fe807c202adfd1520937424dc6dbf6f4/element/f.A324F73A04070CE59A7F5210E331AD77.d.19EE173614826AB1BB6EFE416F5E9101.e.2112/value - {"text":"WdIORUGroupuvnxo"}
RESULT: {"text":"WdIORUGroupuvnxo"}
COMMAND: GET /session/fe807c202adfd1520937424dc6dbf6f4/screenshot - {}
RESULT: {}
COMMAND: POST /session/fe807c202adfd1520937424dc6dbf6f4/actions - {"actions":[{"id":"action5","type":"key","parameters":{},"actions":[{"type":"keyDown","value":"î€‡"},{"type":"pause","duration":10},{"type":"keyUp","value":"î€‡"}]}]}
RESULT: {"actions":[{"id":"action5","type":"key","parameters":{},"actions":[{"type":"keyDown","value":"î€‡"},{"type":"pause","duration":10},{"type":"keyUp","value":"î€‡"}]}]}
COMMAND: POST /session/fe807c202adfd1520937424dc6dbf6f4/execute/async - {"script":"<script> [1562 bytes]","args":[{"selector":{"id":"application-manageresources-display-component---newResourceUnit--WEIGHT_UNIT","interaction":{"idSuffix":"inner"}},"wdio_ui5_key":"applicationmanageresources-display-component---newResourceUnit--WEIGHT_UNIT"}]}
COMMAND: GET /session/fe807c202adfd1520937424dc6dbf6f4/screenshot - {}
RESULT: {"script":"<script> [1562 bytes]","args":[{"selector":{"id":"application-manageresources-display-component---newResourceUnit--WEIGHT_UNIT","interaction":{"idSuffix":"inner"}},"wdio_ui5_key":"applicationmanageresources-display-component---newResourceUnit--WEIGHT_UNIT"}]}
RESULT: undefined
COMMAND: POST /session/fe807c202adfd1520937424dc6dbf6f4/execute/async - {"script":"<script> [776 bytes]","args":[{"enterText":"Gram","selector":{"id":"application-manageresources-display-component---newResourceUnit--WEIGHT_UNIT","interaction":{"idSuffix":"inner"}},"clearTextFirst":true,"interactionType":"ENTER_TEXT"}]}
RESULT: {}
RESULT: {"script":"<script> [776 bytes]","args":[{"enterText":"Gram","selector":{"id":"application-manageresources-display-component---newResourceUnit--WEIGHT_UNIT","interaction":{"idSuffix":"inner"}},"clearTextFirst":true,"interactionType":"ENTER_TEXT"}]}
RESULT: undefined
COMMAND: POST /session/fe807c202adfd1520937424dc6dbf6f4/element - {"using":"xpath","value":"//*[@id=\"application-manageresources-display-component---newResourceUnit--newRRUPage-OPHeaderContent-collapseBtn-img\"]"}
RESULT: {"using":"xpath","value":"//*[@id=\"application-manageresources-display-component---newResourceUnit--newRRUPage-OPHeaderContent-collapseBtn-img\"]"}
COMMAND: POST /session/fe807c202adfd1520937424dc6dbf6f4/element/f.A324F73A04070CE59A7F5210E331AD77.d.19EE173614826AB1BB6EFE416F5E9101.e.2097/click - {}
RESULT: {}
COMMAND: GET /session/fe807c202adfd1520937424dc6dbf6f4/screenshot - {}
RESULT: {}
COMMAND: POST /session/fe807c202adfd1520937424dc6dbf6f4/element - {"using":"xpath","value":"(//span[contains(@id ,\"application-manageresources-display-component---newResourceUnit--DIMENSION_UNIT-arrow\")])[1]"}
RESULT: {"using":"xpath","value":"(//span[contains(@id ,\"application-manageresources-display-component---newResourceUnit--DIMENSION_UNIT-arrow\")])[1]"}
COMMAND: POST /session/fe807c202adfd1520937424dc6dbf6f4/element/f.A324F73A04070CE59A7F5210E331AD77.d.19EE173614826AB1BB6EFE416F5E9101.e.2245/click - {}
RESULT: {}
COMMAND: GET /session/fe807c202adfd1520937424dc6dbf6f4/screenshot - {}
RESULT: {}
COMMAND: POST /session/fe807c202adfd1520937424dc6dbf6f4/execute/async - {"script":"<script> [1562 bytes]","args":[{"selector":{"controlType":"sap.m.StandardListItem","viewName":"reusables.view.manageresources.NewResourceUnit","viewId":"application-manageresources-display-component---newResourceUnit","properties":{"title":"Centimeter"},"searchOpenDialogs":true,"interaction":{"idSuffix":"titleText"}},"wdio_ui5_key":"reusablesview.manageresources.NewResourceUnitsap.m.StandardListItem{\"title\":\"Centimeter\"}"}]}
RESULT: {"script":"<script> [1562 bytes]","args":[{"selector":{"controlType":"sap.m.StandardListItem","viewName":"reusables.view.manageresources.NewResourceUnit","viewId":"application-manageresources-display-component---newResourceUnit","properties":{"title":"Centimeter"},"searchOpenDialogs":true,"interaction":{"idSuffix":"titleText"}},"wdio_ui5_key":"reusablesview.manageresources.NewResourceUnitsap.m.StandardListItem{\"title\":\"Centimeter\"}"}]}
RESULT: undefined
COMMAND: POST /session/fe807c202adfd1520937424dc6dbf6f4/element - {"using":"xpath","value":"//*[@id=\"__item960\"]"}
RESULT: {"using":"xpath","value":"//*[@id=\"__item960\"]"}
COMMAND: POST /session/fe807c202adfd1520937424dc6dbf6f4/element/f.A324F73A04070CE59A7F5210E331AD77.d.19EE173614826AB1BB6EFE416F5E9101.e.2249/click - {}
RESULT: {}
COMMAND: GET /session/fe807c202adfd1520937424dc6dbf6f4/screenshot - {}
RESULT: {}
RESULT: undefined
COMMAND: POST /session/fe807c202adfd1520937424dc6dbf6f4/element - {"using":"xpath","value":"//*[@id=\"application-manageresources-display-component---newResourceUnit--newRRUPage-anchBar-application-manageresources-display-component---newResourceUnit--control-anchor\"]"}
RESULT: {"using":"xpath","value":"//*[@id=\"application-manageresources-display-component---newResourceUnit--newRRUPage-anchBar-application-manageresources-display-component---newResourceUnit--control-anchor\"]"}
COMMAND: POST /session/fe807c202adfd1520937424dc6dbf6f4/element/f.A324F73A04070CE59A7F5210E331AD77.d.19EE173614826AB1BB6EFE416F5E9101.e.2250/click - {}
RESULT: {}
RESULT: undefined
COMMAND: POST /session/fe807c202adfd1520937424dc6dbf6f4/execute/async - {"script":"<script> [776 bytes]","args":[{"enterText":"Heavy Equi","selector":{"id":"application-manageresources-display-component---newResourceUnit--PLANNING_GROUP","interaction":{"idSuffix":"inner"}},"clearTextFirst":true,"interactionType":"ENTER_TEXT"}]}
COMMAND: GET /session/fe807c202adfd1520937424dc6dbf6f4/screenshot - {}
RESULT: {"script":"<script> [776 bytes]","args":[{"enterText":"Heavy Equi","selector":{"id":"application-manageresources-display-component---newResourceUnit--PLANNING_GROUP","interaction":{"idSuffix":"inner"}},"clearTextFirst":true,"interactionType":"ENTER_TEXT"}]}
RESULT: {}
COMMAND: POST /session/fe807c202adfd1520937424dc6dbf6f4/execute/async - {"script":"<script> [1562 bytes]","args":[{"selector":{"id":"application-manageresources-display-component---newResourceUnit--ITEM_TYPE-arrow"},"wdio_ui5_key":"applicationmanageresources-display-component---newResourceUnit--ITEM_TYPE-arrow"}]}
RESULT: {"script":"<script> [1562 bytes]","args":[{"selector":{"id":"application-manageresources-display-component---newResourceUnit--ITEM_TYPE-arrow"},"wdio_ui5_key":"applicationmanageresources-display-component---newResourceUnit--ITEM_TYPE-arrow"}]}
RESULT: undefined
COMMAND: POST /session/fe807c202adfd1520937424dc6dbf6f4/element - {"using":"xpath","value":"//*[@id=\"application-manageresources-display-component---newResourceUnit--ITEM_TYPE-arrow\"]"}
RESULT: {"using":"xpath","value":"//*[@id=\"application-manageresources-display-component---newResourceUnit--ITEM_TYPE-arrow\"]"}
COMMAND: POST /session/fe807c202adfd1520937424dc6dbf6f4/element/f.A324F73A04070CE59A7F5210E331AD77.d.19EE173614826AB1BB6EFE416F5E9101.e.2254/click - {}
RESULT: {}
COMMAND: POST /session/fe807c202adfd1520937424dc6dbf6f4/execute/async - {"script":"<script> [1562 bytes]","args":[{"selector":{"controlType":"sap.m.StandardListItem","viewName":"reusables.view.manageresources.NewResourceUnit","viewId":"application-manageresources-display-component---newResourceUnit","properties":{"title":"Resource Unit"},"searchOpenDialogs":true,"interaction":{"idSuffix":"titleText"}},"wdio_ui5_key":"reusablesview.manageresources.NewResourceUnitsap.m.StandardListItem{\"title\":\"Resource Unit\"}"}]}
COMMAND: GET /session/fe807c202adfd1520937424dc6dbf6f4/screenshot - {}
RESULT: {"script":"<script> [1562 bytes]","args":[{"selector":{"controlType":"sap.m.StandardListItem","viewName":"reusables.view.manageresources.NewResourceUnit","viewId":"application-manageresources-display-component---newResourceUnit","properties":{"title":"Resource Unit"},"searchOpenDialogs":true,"interaction":{"idSuffix":"titleText"}},"wdio_ui5_key":"reusablesview.manageresources.NewResourceUnitsap.m.StandardListItem{\"title\":\"Resource Unit\"}"}]}
RESULT: undefined
COMMAND: POST /session/fe807c202adfd1520937424dc6dbf6f4/element - {"using":"xpath","value":"//*[@id=\"__item982\"]"}
RESULT: {}
RESULT: {"using":"xpath","value":"//*[@id=\"__item982\"]"}
COMMAND: POST /session/fe807c202adfd1520937424dc6dbf6f4/element/f.A324F73A04070CE59A7F5210E331AD77.d.19EE173614826AB1BB6EFE416F5E9101.e.2256/click - {}
RESULT: {}
COMMAND: POST /session/fe807c202adfd1520937424dc6dbf6f4/element - {"using":"xpath","value":"//bdi[contains(text(), \"Time Segment\")]"}
COMMAND: GET /session/fe807c202adfd1520937424dc6dbf6f4/screenshot - {}
RESULT: {"using":"xpath","value":"//bdi[contains(text(), \"Time Segment\")]"}
COMMAND: GET /session/fe807c202adfd1520937424dc6dbf6f4/element/f.A324F73A04070CE59A7F5210E331AD77.d.19EE173614826AB1BB6EFE416F5E9101.e.2263/rect - {}
RESULT: {}
RESULT: {}
COMMAND: GET /session/fe807c202adfd1520937424dc6dbf6f4/window/rect - {}
RESULT: {}
COMMAND: POST /session/fe807c202adfd1520937424dc6dbf6f4/execute/sync - {"script":"<script> [92 bytes]","args":[]}
RESULT: {"script":"<script> [92 bytes]","args":[]}
COMMAND: POST /session/fe807c202adfd1520937424dc6dbf6f4/actions - {"actions":[{"id":"action6","type":"wheel","parameters":{},"actions":[{"type":"scroll","x":-1820,"y":-21,"deltaX":0,"deltaY":0,"duration":0,"origin":{"element-6066-11e4-a52e-4f735466cecf":"f.A324F73A04070CE59A7F5210E331AD77.d.19EE173614826AB1BB6EFE416F5E9101.e.2263"}}]}]}
COMMAND: GET /session/fe807c202adfd1520937424dc6dbf6f4/screenshot - {}
RESULT: {}
COMMAND: POST /session/fe807c202adfd1520937424dc6dbf6f4/execute/sync - {"script":"<script> [79 bytes]","args":[{"element-6066-11e4-a52e-4f735466cecf":"f.A324F73A04070CE59A7F5210E331AD77.d.19EE173614826AB1BB6EFE416F5E9101.e.2263","ELEMENT":"f.A324F73A04070CE59A7F5210E331AD77.d.19EE173614826AB1BB6EFE416F5E9101.e.2263"},{"block":"start","inline":"nearest"}]}
RESULT: {"script":"<script> [79 bytes]","args":[{"element-6066-11e4-a52e-4f735466cecf":"f.A324F73A04070CE59A7F5210E331AD77.d.19EE173614826AB1BB6EFE416F5E9101.e.2263","ELEMENT":"f.A324F73A04070CE59A7F5210E331AD77.d.19EE173614826AB1BB6EFE416F5E9101.e.2263"},{"block":"start","inline":"nearest"}]}
RESULT: undefined
COMMAND: POST /session/fe807c202adfd1520937424dc6dbf6f4/element - {"using":"xpath","value":"//*[@id=\"application-manageresources-display-component---newResourceUnit--btnAddTimeSegment-img\"]"}
COMMAND: GET /session/fe807c202adfd1520937424dc6dbf6f4/screenshot - {}
RESULT: {"using":"xpath","value":"//*[@id=\"application-manageresources-display-component---newResourceUnit--btnAddTimeSegment-img\"]"}
COMMAND: POST /session/fe807c202adfd1520937424dc6dbf6f4/element/f.A324F73A04070CE59A7F5210E331AD77.d.19EE173614826AB1BB6EFE416F5E9101.e.2264/click - {}
RESULT: {}
RESULT: {}
COMMAND: GET /session/fe807c202adfd1520937424dc6dbf6f4/screenshot - {}
COMMAND: POST /session/fe807c202adfd1520937424dc6dbf6f4/element - {"using":"xpath","value":"//input[@id=\"application-manageresources-display-component---newResourceUnit--idRuTSAdmin-application-manageresources-display-component---newResourceUnit--RUTimeSegment-0-inner\"]"}
RESULT: {}
RESULT: {"using":"xpath","value":"//input[@id=\"application-manageresources-display-component---newResourceUnit--idRuTSAdmin-application-manageresources-display-component---newResourceUnit--RUTimeSegment-0-inner\"]"}
COMMAND: POST /session/fe807c202adfd1520937424dc6dbf6f4/element/f.A324F73A04070CE59A7F5210E331AD77.d.19EE173614826AB1BB6EFE416F5E9101.e.2270/clear - {}
RESULT: {}
COMMAND: POST /session/fe807c202adfd1520937424dc6dbf6f4/element/f.A324F73A04070CE59A7F5210E331AD77.d.19EE173614826AB1BB6EFE416F5E9101.e.2270/value - {"text":"WebdriverYard1zq2fi"}
COMMAND: GET /session/fe807c202adfd1520937424dc6dbf6f4/screenshot - {}
RESULT: {"text":"WebdriverYard1zq2fi"}
COMMAND: GET /session/fe807c202adfd1520937424dc6dbf6f4/screenshot - {}
RESULT: {}
RESULT: {}
COMMAND: POST /session/fe807c202adfd1520937424dc6dbf6f4/actions - {"actions":[{"id":"action7","type":"key","parameters":{},"actions":[{"type":"keyDown","value":"î€‡"},{"type":"pause","duration":10},{"type":"keyUp","value":"î€‡"}]}]}
RESULT: {"actions":[{"id":"action7","type":"key","parameters":{},"actions":[{"type":"keyDown","value":"î€‡"},{"type":"pause","duration":10},{"type":"keyUp","value":"î€‡"}]}]}
COMMAND: POST /session/fe807c202adfd1520937424dc6dbf6f4/execute/async - {"script":"<script> [1562 bytes]","args":[{"selector":{"controlType":"sap.ui.core.Icon","viewName":"reusables.view.manageresources.NewResourceUnit","viewId":"application-manageresources-display-component---newResourceUnit","properties":{"src":{"regex":{"source":"slim\\-arrow\\-down"}}},"ancestor":{"controlType":"sap.m.ComboBox","viewName":"reusables.view.manageresources.NewResourceUnit","viewId":"application-manageresources-display-component---newResourceUnit","bindingPath":{"path":"/RESOURCE_UNIT_TIME_SEQUENCES/0","propertyPath":"COST_OBJECT_ADMIN_CST_TYPE","modelName":"oNewRruModel"}}},"wdio_ui5_key":"reusablesview.manageresources.NewResourceUnitsap.ui.core.Icon{\"src\":{\"regex\":{\"source\":\"slim\\\\-arrow\\\\-down\"}}}{\"controlType\":\"sap.m.ComboBox\",\"viewName\":\"reusables.view.manageresources.NewResourceUnit\",\"viewId\":\"application-manageresources-display-component---newResourceUnit\",\"bindingPath\":{\"path\":\"/RESOURCE_UNIT_TIME_SEQUENCES/0\",\"propertyPath\":\"COST_OBJECT_ADMIN_CST_TYPE\",\"modelName\":\"oNewRruModel\"}}"}]}
COMMAND: GET /session/fe807c202adfd1520937424dc6dbf6f4/screenshot - {}
RESULT: {"script":"<script> [1562 bytes]","args":[{"selector":{"controlType":"sap.ui.core.Icon","viewName":"reusables.view.manageresources.NewResourceUnit","viewId":"application-manageresources-display-component---newResourceUnit","properties":{"src":{"regex":{"source":"slim\\-arrow\\-down"}}},"ancestor":{"controlType":"sap.m.ComboBox","viewName":"reusables.view.manageresources.NewResourceUnit","viewId":"application-manageresources-display-component---newResourceUnit","bindingPath":{"path":"/RESOURCE_UNIT_TIME_SEQUENCES/0","propertyPath":"COST_OBJECT_ADMIN_CST_TYPE","modelName":"oNewRruModel"}}},"wdio_ui5_key":"reusablesview.manageresources.NewResourceUnitsap.ui.core.Icon{\"src\":{\"regex\":{\"source\":\"slim\\\\-arrow\\\\-down\"}}}{\"controlType\":\"sap.m.ComboBox\",\"viewName\":\"reusables.view.manageresources.NewResourceUnit\",\"viewId\":\"application-manageresources-display-component---newResourceUnit\",\"bindingPath\":{\"path\":\"/RESOURCE_UNIT_TIME_SEQUENCES/0\",\"propertyPath\":\"COST_OBJECT_ADMIN_CST_TYPE\",\"modelName\":\"oNewRruModel\"}}"}]}
RESULT: undefined
COMMAND: POST /session/fe807c202adfd1520937424dc6dbf6f4/element - {"using":"xpath","value":"//*[@id=\"__box10-application-manageresources-display-component---newResourceUnit--RUTimeSegment-0-arrow\"]"}
RESULT: {}
RESULT: {"using":"xpath","value":"//*[@id=\"__box10-application-manageresources-display-component---newResourceUnit--RUTimeSegment-0-arrow\"]"}
COMMAND: POST /session/fe807c202adfd1520937424dc6dbf6f4/element/f.A324F73A04070CE59A7F5210E331AD77.d.19EE173614826AB1BB6EFE416F5E9101.e.2284/click - {}
RESULT: {}
COMMAND: POST /session/fe807c202adfd1520937424dc6dbf6f4/execute/async - {"script":"<script> [1562 bytes]","args":[{"selector":{"controlType":"sap.m.StandardListItem","viewName":"reusables.view.manageresources.NewResourceUnit","viewId":"application-manageresources-display-component---newResourceUnit","properties":{"title":"PM Order"},"searchOpenDialogs":true,"interaction":{"idSuffix":"titleText"}},"wdio_ui5_key":"reusablesview.manageresources.NewResourceUnitsap.m.StandardListItem{\"title\":\"PM Order\"}"}]}
COMMAND: GET /session/fe807c202adfd1520937424dc6dbf6f4/screenshot - {}
RESULT: {"script":"<script> [1562 bytes]","args":[{"selector":{"controlType":"sap.m.StandardListItem","viewName":"reusables.view.manageresources.NewResourceUnit","viewId":"application-manageresources-display-component---newResourceUnit","properties":{"title":"PM Order"},"searchOpenDialogs":true,"interaction":{"idSuffix":"titleText"}},"wdio_ui5_key":"reusablesview.manageresources.NewResourceUnitsap.m.StandardListItem{\"title\":\"PM Order\"}"}]}
RESULT: undefined
COMMAND: POST /session/fe807c202adfd1520937424dc6dbf6f4/element - {"using":"xpath","value":"//*[@id=\"__item1915\"]"}
RESULT: {}
RESULT: {"using":"xpath","value":"//*[@id=\"__item1915\"]"}
COMMAND: POST /session/fe807c202adfd1520937424dc6dbf6f4/element/f.A324F73A04070CE59A7F5210E331AD77.d.19EE173614826AB1BB6EFE416F5E9101.e.2288/click - {}
RESULT: {}
COMMAND: GET /session/fe807c202adfd1520937424dc6dbf6f4/screenshot - {}
RESULT: {}
COMMAND: POST /session/fe807c202adfd1520937424dc6dbf6f4/element - {"using":"xpath","value":"(//input[contains(@id ,\"-application-manageresources-display-component---newResourceUnit--RUTimeSegment-0-inner\")])[8]"}
RESULT: {"using":"xpath","value":"(//input[contains(@id ,\"-application-manageresources-display-component---newResourceUnit--RUTimeSegment-0-inner\")])[8]"}
COMMAND: POST /session/fe807c202adfd1520937424dc6dbf6f4/element/f.A324F73A04070CE59A7F5210E331AD77.d.19EE173614826AB1BB6EFE416F5E9101.e.2291/clear - {}
RESULT: {}
COMMAND: POST /session/fe807c202adfd1520937424dc6dbf6f4/element/f.A324F73A04070CE59A7F5210E331AD77.d.19EE173614826AB1BB6EFE416F5E9101.e.2291/value - {"text":"4000360"}
COMMAND: GET /session/fe807c202adfd1520937424dc6dbf6f4/screenshot - {}
RESULT: {"text":"4000360"}
COMMAND: GET /session/fe807c202adfd1520937424dc6dbf6f4/screenshot - {}
RESULT: {}
RESULT: {}
COMMAND: POST /session/fe807c202adfd1520937424dc6dbf6f4/actions - {"actions":[{"id":"action8","type":"key","parameters":{},"actions":[{"type":"keyDown","value":"î€‡"},{"type":"pause","duration":10},{"type":"keyUp","value":"î€‡"}]}]}
RESULT: {"actions":[{"id":"action8","type":"key","parameters":{},"actions":[{"type":"keyDown","value":"î€‡"},{"type":"pause","duration":10},{"type":"keyUp","value":"î€‡"}]}]}
COMMAND: GET /session/fe807c202adfd1520937424dc6dbf6f4/screenshot - {}
RESULT: {}
COMMAND: POST /session/fe807c202adfd1520937424dc6dbf6f4/element - {"using":"xpath","value":"//input[contains(@id ,\"application-manageresources-display-component---newResourceUnit--newTimeSegmentFromDatePicker-application-manageresources-display-component---newResourceUnit--RUTimeSegment-0-inner\")]"}
RESULT: {"using":"xpath","value":"//input[contains(@id ,\"application-manageresources-display-component---newResourceUnit--newTimeSegmentFromDatePicker-application-manageresources-display-component---newResourceUnit--RUTimeSegment-0-inner\")]"}
COMMAND: POST /session/fe807c202adfd1520937424dc6dbf6f4/element/f.A324F73A04070CE59A7F5210E331AD77.d.19EE173614826AB1BB6EFE416F5E9101.e.2277/clear - {}
RESULT: {}
COMMAND: POST /session/fe807c202adfd1520937424dc6dbf6f4/element/f.A324F73A04070CE59A7F5210E331AD77.d.19EE173614826AB1BB6EFE416F5E9101.e.2277/clear - {}
COMMAND: GET /session/fe807c202adfd1520937424dc6dbf6f4/screenshot - {}
RESULT: {}
COMMAND: POST /session/fe807c202adfd1520937424dc6dbf6f4/element/f.A324F73A04070CE59A7F5210E331AD77.d.19EE173614826AB1BB6EFE416F5E9101.e.2277/value - {"text":"07/02/24"}
COMMAND: GET /session/fe807c202adfd1520937424dc6dbf6f4/screenshot - {}
RESULT: {}
RESULT: {"text":"07/02/24"}
COMMAND: POST /session/fe807c202adfd1520937424dc6dbf6f4/execute/async - {"script":"<script> [1562 bytes]","args":[{"selector":{"id":"application-manageresources-display-component---newResourceUnit--newRRUPage-anchBar-application-manageresources-display-component---newResourceUnit--resource-anchor","interaction":{"idSuffix":"BDI-content"}},"wdio_ui5_key":"applicationmanageresources-display-component---newResourceUnit--newRRUPage-anchBar-application-manageresources-display-component---newResourceUnit--resource-anchor"}]}
COMMAND: GET /session/fe807c202adfd1520937424dc6dbf6f4/screenshot - {}
RESULT: {}
RESULT: {"script":"<script> [1562 bytes]","args":[{"selector":{"id":"application-manageresources-display-component---newResourceUnit--newRRUPage-anchBar-application-manageresources-display-component---newResourceUnit--resource-anchor","interaction":{"idSuffix":"BDI-content"}},"wdio_ui5_key":"applicationmanageresources-display-component---newResourceUnit--newRRUPage-anchBar-application-manageresources-display-component---newResourceUnit--resource-anchor"}]}
RESULT: undefined
COMMAND: POST /session/fe807c202adfd1520937424dc6dbf6f4/element - {"using":"xpath","value":"//*[@id=\"application-manageresources-display-component---newResourceUnit--newRRUPage-anchBar-application-manageresources-display-component---newResourceUnit--resource-anchor\"]"}
RESULT: {}
RESULT: {"using":"xpath","value":"//*[@id=\"application-manageresources-display-component---newResourceUnit--newRRUPage-anchBar-application-manageresources-display-component---newResourceUnit--resource-anchor\"]"}
COMMAND: POST /session/fe807c202adfd1520937424dc6dbf6f4/element/f.A324F73A04070CE59A7F5210E331AD77.d.19EE173614826AB1BB6EFE416F5E9101.e.2312/click - {}
RESULT: {}
COMMAND: POST /session/fe807c202adfd1520937424dc6dbf6f4/execute/async - {"script":"<script> [1562 bytes]","args":[{"selector":{"id":"application-manageresources-display-component---newResourceUnit--PLANNED_DELIVERY_DATE","interaction":{"idSuffix":"inner"}},"wdio_ui5_key":"applicationmanageresources-display-component---newResourceUnit--PLANNED_DELIVERY_DATE"}]}
COMMAND: GET /session/fe807c202adfd1520937424dc6dbf6f4/screenshot - {}
RESULT: {"script":"<script> [1562 bytes]","args":[{"selector":{"id":"application-manageresources-display-component---newResourceUnit--PLANNED_DELIVERY_DATE","interaction":{"idSuffix":"inner"}},"wdio_ui5_key":"applicationmanageresources-display-component---newResourceUnit--PLANNED_DELIVERY_DATE"}]}
RESULT: undefined
COMMAND: POST /session/fe807c202adfd1520937424dc6dbf6f4/execute/async - {"script":"<script> [6424 bytes]","args":[{"element-6066-11e4-a52e-4f735466cecf":"f.A324F73A04070CE59A7F5210E331AD77.d.19EE173614826AB1BB6EFE416F5E9101.e.2143"},"setValue",["07/02/24"]]}
RESULT: {}
RESULT: {"script":"<script> [6424 bytes]","args":[{"element-6066-11e4-a52e-4f735466cecf":"f.A324F73A04070CE59A7F5210E331AD77.d.19EE173614826AB1BB6EFE416F5E9101.e.2143"},"setValue",["07/02/24"]]}
COMMAND: POST /session/fe807c202adfd1520937424dc6dbf6f4/execute/async - {"script":"<script> [1562 bytes]","args":[{"selector":{"id":"application-manageresources-display-component---newResourceUnit--RETIRE_PLANNED_DATE","interaction":{"idSuffix":"inner"}},"wdio_ui5_key":"applicationmanageresources-display-component---newResourceUnit--RETIRE_PLANNED_DATE"}]}
RESULT: {"script":"<script> [1562 bytes]","args":[{"selector":{"id":"application-manageresources-display-component---newResourceUnit--RETIRE_PLANNED_DATE","interaction":{"idSuffix":"inner"}},"wdio_ui5_key":"applicationmanageresources-display-component---newResourceUnit--RETIRE_PLANNED_DATE"}]}
RESULT: undefined
COMMAND: POST /session/fe807c202adfd1520937424dc6dbf6f4/execute/async - {"script":"<script> [776 bytes]","args":[{"enterText":"3/14/29","selector":{"id":"application-manageresources-display-component---newResourceUnit--RETIRE_PLANNED_DATE","interaction":{"idSuffix":"inner"}},"clearTextFirst":true,"interactionType":"ENTER_TEXT"}]}
RESULT: {"script":"<script> [776 bytes]","args":[{"enterText":"3/14/29","selector":{"id":"application-manageresources-display-component---newResourceUnit--RETIRE_PLANNED_DATE","interaction":{"idSuffix":"inner"}},"clearTextFirst":true,"interactionType":"ENTER_TEXT"}]}
RESULT: undefined
COMMAND: POST /session/fe807c202adfd1520937424dc6dbf6f4/element - {"using":"xpath","value":"//*[@id=\"application-manageresources-display-component---newResourceUnit--createRuButton\"]"}
RESULT: {"using":"xpath","value":"//*[@id=\"application-manageresources-display-component---newResourceUnit--createRuButton\"]"}
COMMAND: POST /session/fe807c202adfd1520937424dc6dbf6f4/element/f.A324F73A04070CE59A7F5210E331AD77.d.19EE173614826AB1BB6EFE416F5E9101.e.2103/click - {}
RESULT: {}
COMMAND: GET /session/fe807c202adfd1520937424dc6dbf6f4/screenshot - {}
RESULT: {}
COMMAND: POST /session/fe807c202adfd1520937424dc6dbf6f4/element - {"using":"xpath","value":"(//bdi[contains(text(), \"Close\")])[1]"}
RESULT: {"using":"xpath","value":"(//bdi[contains(text(), \"Close\")])[1]"}
COMMAND: POST /session/fe807c202adfd1520937424dc6dbf6f4/element/f.A324F73A04070CE59A7F5210E331AD77.d.19EE173614826AB1BB6EFE416F5E9101.e.2324/click - {}
RESULT: {}
COMMAND: GET /session/fe807c202adfd1520937424dc6dbf6f4/screenshot - {}
]]></system-out>
    </testcase>
    <testcase classname="chrome.136_0_7103_93.windows.Related_resources_for_groups_US139107" name="Should verify the current location hyperlinks in related resources" time="200.99">
      <system-out><![CDATA[
COMMAND: POST /session/fe807c202adfd1520937424dc6dbf6f4/element - {"using":"xpath","value":"//*[contains(@data-kt ,\"openLocationActionMenuLink\")]"}
COMMAND: GET /session/fe807c202adfd1520937424dc6dbf6f4/screenshot - {}
RESULT: {"using":"xpath","value":"//*[contains(@data-kt ,\"openLocationActionMenuLink\")]"}
COMMAND: POST /session/fe807c202adfd1520937424dc6dbf6f4/execute/sync - {"script":"<script> [8489 bytes]","args":[{"element-6066-11e4-a52e-4f735466cecf":"f.A324F73A04070CE59A7F5210E331AD77.d.19EE173614826AB1BB6EFE416F5E9101.e.2654","ELEMENT":"f.A324F73A04070CE59A7F5210E331AD77.d.19EE173614826AB1BB6EFE416F5E9101.e.2654"}]}
RESULT: {}
RESULT: {"script":"<script> [8489 bytes]","args":[{"element-6066-11e4-a52e-4f735466cecf":"f.A324F73A04070CE59A7F5210E331AD77.d.19EE173614826AB1BB6EFE416F5E9101.e.2654","ELEMENT":"f.A324F73A04070CE59A7F5210E331AD77.d.19EE173614826AB1BB6EFE416F5E9101.e.2654"}]}
COMMAND: POST /session/fe807c202adfd1520937424dc6dbf6f4/execute/sync - {"script":"<script> [5351 bytes]","args":[{"element-6066-11e4-a52e-4f735466cecf":"f.A324F73A04070CE59A7F5210E331AD77.d.19EE173614826AB1BB6EFE416F5E9101.e.2654","ELEMENT":"f.A324F73A04070CE59A7F5210E331AD77.d.19EE173614826AB1BB6EFE416F5E9101.e.2654"}]}
COMMAND: GET /session/fe807c202adfd1520937424dc6dbf6f4/screenshot - {}
RESULT: {"script":"<script> [5351 bytes]","args":[{"element-6066-11e4-a52e-4f735466cecf":"f.A324F73A04070CE59A7F5210E331AD77.d.19EE173614826AB1BB6EFE416F5E9101.e.2654","ELEMENT":"f.A324F73A04070CE59A7F5210E331AD77.d.19EE173614826AB1BB6EFE416F5E9101.e.2654"}]}
COMMAND: POST /session/fe807c202adfd1520937424dc6dbf6f4/element/f.A324F73A04070CE59A7F5210E331AD77.d.19EE173614826AB1BB6EFE416F5E9101.e.2654/click - {}
COMMAND: GET /session/fe807c202adfd1520937424dc6dbf6f4/screenshot - {}
RESULT: {}
RESULT: {}
COMMAND: GET /session/fe807c202adfd1520937424dc6dbf6f4/screenshot - {}
RESULT: {}
RESULT: {}
COMMAND: POST /session/fe807c202adfd1520937424dc6dbf6f4/element - {"using":"xpath","value":"//a[contains(@class ,\"sapMLnk sapMLnkMaxWidth sapUiTinyMarginTop\")][contains(text(), \"Yard Overview\")]"}
RESULT: {"using":"xpath","value":"//a[contains(@class ,\"sapMLnk sapMLnkMaxWidth sapUiTinyMarginTop\")][contains(text(), \"Yard Overview\")]"}
COMMAND: POST /session/fe807c202adfd1520937424dc6dbf6f4/execute/sync - {"script":"<script> [8489 bytes]","args":[{"element-6066-11e4-a52e-4f735466cecf":"f.A324F73A04070CE59A7F5210E331AD77.d.19EE173614826AB1BB6EFE416F5E9101.e.2656","ELEMENT":"f.A324F73A04070CE59A7F5210E331AD77.d.19EE173614826AB1BB6EFE416F5E9101.e.2656"}]}
COMMAND: POST /session/fe807c202adfd1520937424dc6dbf6f4/element - {"using":"xpath","value":"//a[contains(@class ,\"sapMLnk sapMLnkMaxWidth sapUiTinyMarginTop\")][contains(text(), \"Yard Address\")]"}
RESULT: {"script":"<script> [8489 bytes]","args":[{"element-6066-11e4-a52e-4f735466cecf":"f.A324F73A04070CE59A7F5210E331AD77.d.19EE173614826AB1BB6EFE416F5E9101.e.2656","ELEMENT":"f.A324F73A04070CE59A7F5210E331AD77.d.19EE173614826AB1BB6EFE416F5E9101.e.2656"}]}
RESULT: {"using":"xpath","value":"//a[contains(@class ,\"sapMLnk sapMLnkMaxWidth sapUiTinyMarginTop\")][contains(text(), \"Yard Address\")]"}
COMMAND: POST /session/fe807c202adfd1520937424dc6dbf6f4/execute/sync - {"script":"<script> [8489 bytes]","args":[{"element-6066-11e4-a52e-4f735466cecf":"f.A324F73A04070CE59A7F5210E331AD77.d.19EE173614826AB1BB6EFE416F5E9101.e.2657","ELEMENT":"f.A324F73A04070CE59A7F5210E331AD77.d.19EE173614826AB1BB6EFE416F5E9101.e.2657"}]}
COMMAND: POST /session/fe807c202adfd1520937424dc6dbf6f4/element/f.A324F73A04070CE59A7F5210E331AD77.d.19EE173614826AB1BB6EFE416F5E9101.e.2656/click - {}
COMMAND: GET /session/fe807c202adfd1520937424dc6dbf6f4/screenshot - {}
RESULT: {"script":"<script> [8489 bytes]","args":[{"element-6066-11e4-a52e-4f735466cecf":"f.A324F73A04070CE59A7F5210E331AD77.d.19EE173614826AB1BB6EFE416F5E9101.e.2657","ELEMENT":"f.A324F73A04070CE59A7F5210E331AD77.d.19EE173614826AB1BB6EFE416F5E9101.e.2657"}]}
COMMAND: GET /session/fe807c202adfd1520937424dc6dbf6f4/screenshot - {}
RESULT: {}
COMMAND: GET /session/fe807c202adfd1520937424dc6dbf6f4/screenshot - {}
RESULT: {}
RESULT: {}
RESULT: {}
COMMAND: POST /session/fe807c202adfd1520937424dc6dbf6f4/execute/async - {"script":"<script> [1562 bytes]","args":[{"selector":{"id":"shellAppTitle"},"wdio_ui5_key":"shellAppTitle"}]}
RESULT: {"script":"<script> [1562 bytes]","args":[{"selector":{"id":"shellAppTitle"},"wdio_ui5_key":"shellAppTitle"}]}
RESULT: undefined
COMMAND: POST /session/fe807c202adfd1520937424dc6dbf6f4/execute/async - {"script":"<script> [6424 bytes]","args":[{"element-6066-11e4-a52e-4f735466cecf":"f.A324F73A04070CE59A7F5210E331AD77.d.19EE173614826AB1BB6EFE416F5E9101.e.2768"},"getTitle",[]]}
RESULT: {"script":"<script> [6424 bytes]","args":[{"element-6066-11e4-a52e-4f735466cecf":"f.A324F73A04070CE59A7F5210E331AD77.d.19EE173614826AB1BB6EFE416F5E9101.e.2768"},"getTitle",[]]}
COMMAND: POST /session/fe807c202adfd1520937424dc6dbf6f4/element - {"using":"xpath","value":"(//span[contains(text(), \"WebdriverYard1zq2fi\")])[2]"}
RESULT: {"using":"xpath","value":"(//span[contains(text(), \"WebdriverYard1zq2fi\")])[2]"}
COMMAND: POST /session/fe807c202adfd1520937424dc6dbf6f4/execute/sync - {"script":"<script> [8489 bytes]","args":[{"element-6066-11e4-a52e-4f735466cecf":"f.A324F73A04070CE59A7F5210E331AD77.d.19EE173614826AB1BB6EFE416F5E9101.e.2769","ELEMENT":"f.A324F73A04070CE59A7F5210E331AD77.d.19EE173614826AB1BB6EFE416F5E9101.e.2769"}]}
COMMAND: POST /session/fe807c202adfd1520937424dc6dbf6f4/execute/async - {"script":"<script> [1562 bytes]","args":[{"selector":{"id":"backBtn"},"wdio_ui5_key":"backBtn"}]}
RESULT: {"script":"<script> [8489 bytes]","args":[{"element-6066-11e4-a52e-4f735466cecf":"f.A324F73A04070CE59A7F5210E331AD77.d.19EE173614826AB1BB6EFE416F5E9101.e.2769","ELEMENT":"f.A324F73A04070CE59A7F5210E331AD77.d.19EE173614826AB1BB6EFE416F5E9101.e.2769"}]}
COMMAND: GET /session/fe807c202adfd1520937424dc6dbf6f4/screenshot - {}
RESULT: {"script":"<script> [1562 bytes]","args":[{"selector":{"id":"backBtn"},"wdio_ui5_key":"backBtn"}]}
RESULT: undefined
COMMAND: POST /session/fe807c202adfd1520937424dc6dbf6f4/element - {"using":"xpath","value":"//*[@id=\"backBtn\"]"}
COMMAND: POST /session/fe807c202adfd1520937424dc6dbf6f4/execute/sync - {"script":"<script> [8489 bytes]","args":[{"element-6066-11e4-a52e-4f735466cecf":"f.A324F73A04070CE59A7F5210E331AD77.d.19EE173614826AB1BB6EFE416F5E9101.e.2769","ELEMENT":"f.A324F73A04070CE59A7F5210E331AD77.d.19EE173614826AB1BB6EFE416F5E9101.e.2769"}]}
RESULT: {}
RESULT: {"using":"xpath","value":"//*[@id=\"backBtn\"]"}
COMMAND: POST /session/fe807c202adfd1520937424dc6dbf6f4/element/f.A324F73A04070CE59A7F5210E331AD77.d.19EE173614826AB1BB6EFE416F5E9101.e.2770/click - {}
RESULT: {"script":"<script> [8489 bytes]","args":[{"element-6066-11e4-a52e-4f735466cecf":"f.A324F73A04070CE59A7F5210E331AD77.d.19EE173614826AB1BB6EFE416F5E9101.e.2769","ELEMENT":"f.A324F73A04070CE59A7F5210E331AD77.d.19EE173614826AB1BB6EFE416F5E9101.e.2769"}]}
COMMAND: GET /session/fe807c202adfd1520937424dc6dbf6f4/screenshot - {}
RESULT: {}
COMMAND: GET /session/fe807c202adfd1520937424dc6dbf6f4/screenshot - {}
COMMAND: POST /session/fe807c202adfd1520937424dc6dbf6f4/execute/sync - {"script":"<script> [8489 bytes]","args":[{"element-6066-11e4-a52e-4f735466cecf":"f.A324F73A04070CE59A7F5210E331AD77.d.19EE173614826AB1BB6EFE416F5E9101.e.2769","ELEMENT":"f.A324F73A04070CE59A7F5210E331AD77.d.19EE173614826AB1BB6EFE416F5E9101.e.2769"}]}
RESULT: {}
RESULT: {}
COMMAND: POST /session/fe807c202adfd1520937424dc6dbf6f4/element - {"using":"xpath","value":"(//span[contains(text(), \"WebdriverYard1zq2fi\")])[2]"}
RESULT: {"using":"xpath","value":"(//span[contains(text(), \"WebdriverYard1zq2fi\")])[2]"}
COMMAND: POST /session/fe807c202adfd1520937424dc6dbf6f4/element - {"using":"xpath","value":"(//span[contains(text(), \"WebdriverYard1zq2fi\")])[2]"}
RESULT: {"using":"xpath","value":"(//span[contains(text(), \"WebdriverYard1zq2fi\")])[2]"}
COMMAND: POST /session/fe807c202adfd1520937424dc6dbf6f4/element - {"using":"xpath","value":"//bdi[contains(@id ,\"application-manageresources-display-component---detailRU--openRelatedRus-BDI-content\")]"}
RESULT: {"using":"xpath","value":"//bdi[contains(@id ,\"application-manageresources-display-component---detailRU--openRelatedRus-BDI-content\")]"}
COMMAND: POST /session/fe807c202adfd1520937424dc6dbf6f4/execute/sync - {"script":"<script> [8489 bytes]","args":[{"element-6066-11e4-a52e-4f735466cecf":"f.A324F73A04070CE59A7F5210E331AD77.d.19EE173614826AB1BB6EFE416F5E9101.e.2865","ELEMENT":"f.A324F73A04070CE59A7F5210E331AD77.d.19EE173614826AB1BB6EFE416F5E9101.e.2865"}]}
RESULT: {"script":"<script> [8489 bytes]","args":[{"element-6066-11e4-a52e-4f735466cecf":"f.A324F73A04070CE59A7F5210E331AD77.d.19EE173614826AB1BB6EFE416F5E9101.e.2865","ELEMENT":"f.A324F73A04070CE59A7F5210E331AD77.d.19EE173614826AB1BB6EFE416F5E9101.e.2865"}]}
COMMAND: POST /session/fe807c202adfd1520937424dc6dbf6f4/execute/sync - {"script":"<script> [5351 bytes]","args":[{"element-6066-11e4-a52e-4f735466cecf":"f.A324F73A04070CE59A7F5210E331AD77.d.19EE173614826AB1BB6EFE416F5E9101.e.2865","ELEMENT":"f.A324F73A04070CE59A7F5210E331AD77.d.19EE173614826AB1BB6EFE416F5E9101.e.2865"}]}
RESULT: {"script":"<script> [5351 bytes]","args":[{"element-6066-11e4-a52e-4f735466cecf":"f.A324F73A04070CE59A7F5210E331AD77.d.19EE173614826AB1BB6EFE416F5E9101.e.2865","ELEMENT":"f.A324F73A04070CE59A7F5210E331AD77.d.19EE173614826AB1BB6EFE416F5E9101.e.2865"}]}
COMMAND: GET /session/fe807c202adfd1520937424dc6dbf6f4/screenshot - {}
COMMAND: GET /session/fe807c202adfd1520937424dc6dbf6f4/screenshot - {}
COMMAND: POST /session/fe807c202adfd1520937424dc6dbf6f4/element - {"using":"xpath","value":"(//span[contains(text(), \"WebdriverYard1zq2fi\")])[2]"}
COMMAND: POST /session/fe807c202adfd1520937424dc6dbf6f4/execute/sync - {"script":"<script> [8489 bytes]","args":[{"element-6066-11e4-a52e-4f735466cecf":"f.A324F73A04070CE59A7F5210E331AD77.d.19EE173614826AB1BB6EFE416F5E9101.e.2865","ELEMENT":"f.A324F73A04070CE59A7F5210E331AD77.d.19EE173614826AB1BB6EFE416F5E9101.e.2865"}]}
RESULT: {}
RESULT: {}
RESULT: {"using":"xpath","value":"(//span[contains(text(), \"WebdriverYard1zq2fi\")])[2]"}
RESULT: {"script":"<script> [8489 bytes]","args":[{"element-6066-11e4-a52e-4f735466cecf":"f.A324F73A04070CE59A7F5210E331AD77.d.19EE173614826AB1BB6EFE416F5E9101.e.2865","ELEMENT":"f.A324F73A04070CE59A7F5210E331AD77.d.19EE173614826AB1BB6EFE416F5E9101.e.2865"}]}
COMMAND: POST /session/fe807c202adfd1520937424dc6dbf6f4/execute/sync - {"script":"<script> [5351 bytes]","args":[{"element-6066-11e4-a52e-4f735466cecf":"f.A324F73A04070CE59A7F5210E331AD77.d.19EE173614826AB1BB6EFE416F5E9101.e.2865","ELEMENT":"f.A324F73A04070CE59A7F5210E331AD77.d.19EE173614826AB1BB6EFE416F5E9101.e.2865"}]}
COMMAND: GET /session/fe807c202adfd1520937424dc6dbf6f4/screenshot - {}
RESULT: {"script":"<script> [5351 bytes]","args":[{"element-6066-11e4-a52e-4f735466cecf":"f.A324F73A04070CE59A7F5210E331AD77.d.19EE173614826AB1BB6EFE416F5E9101.e.2865","ELEMENT":"f.A324F73A04070CE59A7F5210E331AD77.d.19EE173614826AB1BB6EFE416F5E9101.e.2865"}]}
COMMAND: POST /session/fe807c202adfd1520937424dc6dbf6f4/execute/sync - {"script":"<script> [8489 bytes]","args":[{"element-6066-11e4-a52e-4f735466cecf":"f.A324F73A04070CE59A7F5210E331AD77.d.19EE173614826AB1BB6EFE416F5E9101.e.2865","ELEMENT":"f.A324F73A04070CE59A7F5210E331AD77.d.19EE173614826AB1BB6EFE416F5E9101.e.2865"}]}
COMMAND: GET /session/fe807c202adfd1520937424dc6dbf6f4/screenshot - {}
RESULT: {}
COMMAND: POST /session/fe807c202adfd1520937424dc6dbf6f4/element - {"using":"xpath","value":"(//span[contains(text(), \"WebdriverYard1zq2fi\")])[2]"}
RESULT: {"script":"<script> [8489 bytes]","args":[{"element-6066-11e4-a52e-4f735466cecf":"f.A324F73A04070CE59A7F5210E331AD77.d.19EE173614826AB1BB6EFE416F5E9101.e.2865","ELEMENT":"f.A324F73A04070CE59A7F5210E331AD77.d.19EE173614826AB1BB6EFE416F5E9101.e.2865"}]}
COMMAND: POST /session/fe807c202adfd1520937424dc6dbf6f4/execute/sync - {"script":"<script> [5351 bytes]","args":[{"element-6066-11e4-a52e-4f735466cecf":"f.A324F73A04070CE59A7F5210E331AD77.d.19EE173614826AB1BB6EFE416F5E9101.e.2865","ELEMENT":"f.A324F73A04070CE59A7F5210E331AD77.d.19EE173614826AB1BB6EFE416F5E9101.e.2865"}]}
COMMAND: GET /session/fe807c202adfd1520937424dc6dbf6f4/screenshot - {}
RESULT: {}
RESULT: {"using":"xpath","value":"(//span[contains(text(), \"WebdriverYard1zq2fi\")])[2]"}
RESULT: {"script":"<script> [5351 bytes]","args":[{"element-6066-11e4-a52e-4f735466cecf":"f.A324F73A04070CE59A7F5210E331AD77.d.19EE173614826AB1BB6EFE416F5E9101.e.2865","ELEMENT":"f.A324F73A04070CE59A7F5210E331AD77.d.19EE173614826AB1BB6EFE416F5E9101.e.2865"}]}
COMMAND: POST /session/fe807c202adfd1520937424dc6dbf6f4/execute/sync - {"script":"<script> [8489 bytes]","args":[{"element-6066-11e4-a52e-4f735466cecf":"f.A324F73A04070CE59A7F5210E331AD77.d.19EE173614826AB1BB6EFE416F5E9101.e.2865","ELEMENT":"f.A324F73A04070CE59A7F5210E331AD77.d.19EE173614826AB1BB6EFE416F5E9101.e.2865"}]}
COMMAND: GET /session/fe807c202adfd1520937424dc6dbf6f4/screenshot - {}
RESULT: {}
RESULT: {"script":"<script> [8489 bytes]","args":[{"element-6066-11e4-a52e-4f735466cecf":"f.A324F73A04070CE59A7F5210E331AD77.d.19EE173614826AB1BB6EFE416F5E9101.e.2865","ELEMENT":"f.A324F73A04070CE59A7F5210E331AD77.d.19EE173614826AB1BB6EFE416F5E9101.e.2865"}]}
COMMAND: POST /session/fe807c202adfd1520937424dc6dbf6f4/execute/sync - {"script":"<script> [5351 bytes]","args":[{"element-6066-11e4-a52e-4f735466cecf":"f.A324F73A04070CE59A7F5210E331AD77.d.19EE173614826AB1BB6EFE416F5E9101.e.2865","ELEMENT":"f.A324F73A04070CE59A7F5210E331AD77.d.19EE173614826AB1BB6EFE416F5E9101.e.2865"}]}
RESULT: {}
COMMAND: POST /session/fe807c202adfd1520937424dc6dbf6f4/element - {"using":"xpath","value":"(//span[contains(text(), \"WebdriverYard1zq2fi\")])[2]"}
COMMAND: GET /session/fe807c202adfd1520937424dc6dbf6f4/screenshot - {}
RESULT: {"script":"<script> [5351 bytes]","args":[{"element-6066-11e4-a52e-4f735466cecf":"f.A324F73A04070CE59A7F5210E331AD77.d.19EE173614826AB1BB6EFE416F5E9101.e.2865","ELEMENT":"f.A324F73A04070CE59A7F5210E331AD77.d.19EE173614826AB1BB6EFE416F5E9101.e.2865"}]}
COMMAND: POST /session/fe807c202adfd1520937424dc6dbf6f4/element/f.A324F73A04070CE59A7F5210E331AD77.d.19EE173614826AB1BB6EFE416F5E9101.e.2865/click - {}
COMMAND: GET /session/fe807c202adfd1520937424dc6dbf6f4/screenshot - {}
RESULT: {"using":"xpath","value":"(//span[contains(text(), \"WebdriverYard1zq2fi\")])[2]"}
RESULT: {}
COMMAND: POST /session/fe807c202adfd1520937424dc6dbf6f4/element - {"using":"xpath","value":"(//span[contains(text(), \"WebdriverYard1zq2fi\")])[2]"}
RESULT: {}
COMMAND: GET /session/fe807c202adfd1520937424dc6dbf6f4/screenshot - {}
COMMAND: POST /session/fe807c202adfd1520937424dc6dbf6f4/element/f.A324F73A04070CE59A7F5210E331AD77.d.19EE173614826AB1BB6EFE416F5E9101.e.2654/click - {}
RESULT: {}
RESULT: {"using":"xpath","value":"(//span[contains(text(), \"WebdriverYard1zq2fi\")])[2]"}
RESULT: {}
COMMAND: POST /session/fe807c202adfd1520937424dc6dbf6f4/element - {"using":"xpath","value":"//*[contains(@data-kt ,\"openLocationActionMenuLink\")]"}
COMMAND: POST /session/fe807c202adfd1520937424dc6dbf6f4/element - {"using":"xpath","value":"(//span[contains(text(), \"WebdriverYard1zq2fi\")])[2]"}
RESULT: {"using":"xpath","value":"//*[contains(@data-kt ,\"openLocationActionMenuLink\")]"}
COMMAND: POST /session/fe807c202adfd1520937424dc6dbf6f4/element/f.A324F73A04070CE59A7F5210E331AD77.d.19EE173614826AB1BB6EFE416F5E9101.e.2654/click - {}
RESULT: {"using":"xpath","value":"(//span[contains(text(), \"WebdriverYard1zq2fi\")])[2]"}
COMMAND: POST /session/fe807c202adfd1520937424dc6dbf6f4/execute/sync - {"script":"<script> [8489 bytes]","args":[{"element-6066-11e4-a52e-4f735466cecf":"f.A324F73A04070CE59A7F5210E331AD77.d.19EE173614826AB1BB6EFE416F5E9101.e.3070","ELEMENT":"f.A324F73A04070CE59A7F5210E331AD77.d.19EE173614826AB1BB6EFE416F5E9101.e.3070"}]}
COMMAND: POST /session/fe807c202adfd1520937424dc6dbf6f4/element - {"using":"xpath","value":"//*[contains(@data-kt ,\"openLocationActionMenuLink\")]"}
RESULT: {"script":"<script> [8489 bytes]","args":[{"element-6066-11e4-a52e-4f735466cecf":"f.A324F73A04070CE59A7F5210E331AD77.d.19EE173614826AB1BB6EFE416F5E9101.e.3070","ELEMENT":"f.A324F73A04070CE59A7F5210E331AD77.d.19EE173614826AB1BB6EFE416F5E9101.e.3070"}]}
RESULT: {"using":"xpath","value":"//*[contains(@data-kt ,\"openLocationActionMenuLink\")]"}
COMMAND: POST /session/fe807c202adfd1520937424dc6dbf6f4/element/f.A324F73A04070CE59A7F5210E331AD77.d.19EE173614826AB1BB6EFE416F5E9101.e.3069/click - {}
COMMAND: GET /session/fe807c202adfd1520937424dc6dbf6f4/screenshot - {}
RESULT: {}
COMMAND: GET /session/fe807c202adfd1520937424dc6dbf6f4/screenshot - {}
RESULT: {}
RESULT: {}
COMMAND: POST /session/fe807c202adfd1520937424dc6dbf6f4/element/f.A324F73A04070CE59A7F5210E331AD77.d.19EE173614826AB1BB6EFE416F5E9101.e.2657/click - {}
COMMAND: POST /session/fe807c202adfd1520937424dc6dbf6f4/element - {"using":"xpath","value":"//a[contains(@class ,\"sapMLnk sapMLnkMaxWidth sapUiTinyMarginTop\")][contains(text(), \"Yard Address\")]"}
RESULT: {"using":"xpath","value":"//a[contains(@class ,\"sapMLnk sapMLnkMaxWidth sapUiTinyMarginTop\")][contains(text(), \"Yard Address\")]"}
COMMAND: POST /session/fe807c202adfd1520937424dc6dbf6f4/element/f.A324F73A04070CE59A7F5210E331AD77.d.19EE173614826AB1BB6EFE416F5E9101.e.2657/click - {}
COMMAND: POST /session/fe807c202adfd1520937424dc6dbf6f4/element - {"using":"xpath","value":"//a[contains(@class ,\"sapMLnk sapMLnkMaxWidth sapUiTinyMarginTop\")][contains(text(), \"Yard Address\")]"}
RESULT: {"using":"xpath","value":"//a[contains(@class ,\"sapMLnk sapMLnkMaxWidth sapUiTinyMarginTop\")][contains(text(), \"Yard Address\")]"}
COMMAND: POST /session/fe807c202adfd1520937424dc6dbf6f4/element/f.A324F73A04070CE59A7F5210E331AD77.d.19EE173614826AB1BB6EFE416F5E9101.e.3072/click - {}
RESULT: {}
COMMAND: GET /session/fe807c202adfd1520937424dc6dbf6f4/screenshot - {}
RESULT: {}
RESULT: undefined
COMMAND: POST /session/fe807c202adfd1520937424dc6dbf6f4/execute/async - {"script":"<script> [6424 bytes]","args":[{"element-6066-11e4-a52e-4f735466cecf":"f.A324F73A04070CE59A7F5210E331AD77.d.19EE173614826AB1BB6EFE416F5E9101.e.2768"},"getTitle",[]]}
COMMAND: POST /session/fe807c202adfd1520937424dc6dbf6f4/execute/async - {"script":"<script> [1562 bytes]","args":[{"selector":{"id":"shellAppTitle"},"wdio_ui5_key":"shellAppTitle"}]}
RESULT: {"script":"<script> [1562 bytes]","args":[{"selector":{"id":"shellAppTitle"},"wdio_ui5_key":"shellAppTitle"}]}
COMMAND: POST /session/fe807c202adfd1520937424dc6dbf6f4/execute/async - {"script":"<script> [6424 bytes]","args":[{"element-6066-11e4-a52e-4f735466cecf":"f.A324F73A04070CE59A7F5210E331AD77.d.19EE173614826AB1BB6EFE416F5E9101.e.3263"},"getTitle",[]]}
RESULT: {"script":"<script> [6424 bytes]","args":[{"element-6066-11e4-a52e-4f735466cecf":"f.A324F73A04070CE59A7F5210E331AD77.d.19EE173614826AB1BB6EFE416F5E9101.e.3263"},"getTitle",[]]}
COMMAND: POST /session/fe807c202adfd1520937424dc6dbf6f4/element - {"using":"xpath","value":"//span[contains(@id ,\"application-addressmanagement-display-component---detailAdm--addressDetailDetailsName1\")][contains(text(), \"WebdriverYard1zq2fi\")]"}
RESULT: {"using":"xpath","value":"//span[contains(@id ,\"application-addressmanagement-display-component---detailAdm--addressDetailDetailsName1\")][contains(text(), \"WebdriverYard1zq2fi\")]"}
COMMAND: POST /session/fe807c202adfd1520937424dc6dbf6f4/execute/sync - {"script":"<script> [8489 bytes]","args":[{"element-6066-11e4-a52e-4f735466cecf":"f.A324F73A04070CE59A7F5210E331AD77.d.19EE173614826AB1BB6EFE416F5E9101.e.3264","ELEMENT":"f.A324F73A04070CE59A7F5210E331AD77.d.19EE173614826AB1BB6EFE416F5E9101.e.3264"}]}
RESULT: undefined
COMMAND: POST /session/fe807c202adfd1520937424dc6dbf6f4/element - {"using":"xpath","value":"//*[@id=\"backBtn\"]"}
RESULT: {"script":"<script> [8489 bytes]","args":[{"element-6066-11e4-a52e-4f735466cecf":"f.A324F73A04070CE59A7F5210E331AD77.d.19EE173614826AB1BB6EFE416F5E9101.e.3264","ELEMENT":"f.A324F73A04070CE59A7F5210E331AD77.d.19EE173614826AB1BB6EFE416F5E9101.e.3264"}]}
COMMAND: GET /session/fe807c202adfd1520937424dc6dbf6f4/screenshot - {}
RESULT: {"using":"xpath","value":"//*[@id=\"backBtn\"]"}
COMMAND: POST /session/fe807c202adfd1520937424dc6dbf6f4/element/f.A324F73A04070CE59A7F5210E331AD77.d.19EE173614826AB1BB6EFE416F5E9101.e.2770/click - {}
RESULT: {}
RESULT: {}
COMMAND: GET /session/fe807c202adfd1520937424dc6dbf6f4/screenshot - {}
RESULT: {}
COMMAND: POST /session/fe807c202adfd1520937424dc6dbf6f4/execute/sync - {"script":"<script> [8489 bytes]","args":[{"element-6066-11e4-a52e-4f735466cecf":"f.A324F73A04070CE59A7F5210E331AD77.d.19EE173614826AB1BB6EFE416F5E9101.e.2865","ELEMENT":"f.A324F73A04070CE59A7F5210E331AD77.d.19EE173614826AB1BB6EFE416F5E9101.e.2865"}]}
COMMAND: POST /session/fe807c202adfd1520937424dc6dbf6f4/element - {"using":"xpath","value":"//bdi[contains(@id ,\"application-manageresources-display-component---detailRU--openRelatedRus-BDI-content\")]"}
RESULT: {"using":"xpath","value":"//bdi[contains(@id ,\"application-manageresources-display-component---detailRU--openRelatedRus-BDI-content\")]"}
COMMAND: POST /session/fe807c202adfd1520937424dc6dbf6f4/execute/sync - {"script":"<script> [8489 bytes]","args":[{"element-6066-11e4-a52e-4f735466cecf":"f.A324F73A04070CE59A7F5210E331AD77.d.19EE173614826AB1BB6EFE416F5E9101.e.3540","ELEMENT":"f.A324F73A04070CE59A7F5210E331AD77.d.19EE173614826AB1BB6EFE416F5E9101.e.3540"}]}
RESULT: {"script":"<script> [8489 bytes]","args":[{"element-6066-11e4-a52e-4f735466cecf":"f.A324F73A04070CE59A7F5210E331AD77.d.19EE173614826AB1BB6EFE416F5E9101.e.3540","ELEMENT":"f.A324F73A04070CE59A7F5210E331AD77.d.19EE173614826AB1BB6EFE416F5E9101.e.3540"}]}
COMMAND: POST /session/fe807c202adfd1520937424dc6dbf6f4/execute/sync - {"script":"<script> [5351 bytes]","args":[{"element-6066-11e4-a52e-4f735466cecf":"f.A324F73A04070CE59A7F5210E331AD77.d.19EE173614826AB1BB6EFE416F5E9101.e.3540","ELEMENT":"f.A324F73A04070CE59A7F5210E331AD77.d.19EE173614826AB1BB6EFE416F5E9101.e.3540"}]}
COMMAND: GET /session/fe807c202adfd1520937424dc6dbf6f4/screenshot - {}
RESULT: {"script":"<script> [5351 bytes]","args":[{"element-6066-11e4-a52e-4f735466cecf":"f.A324F73A04070CE59A7F5210E331AD77.d.19EE173614826AB1BB6EFE416F5E9101.e.3540","ELEMENT":"f.A324F73A04070CE59A7F5210E331AD77.d.19EE173614826AB1BB6EFE416F5E9101.e.3540"}]}
COMMAND: POST /session/fe807c202adfd1520937424dc6dbf6f4/element/f.A324F73A04070CE59A7F5210E331AD77.d.19EE173614826AB1BB6EFE416F5E9101.e.3540/click - {}
COMMAND: GET /session/fe807c202adfd1520937424dc6dbf6f4/screenshot - {}
RESULT: {}
RESULT: {}
COMMAND: GET /session/fe807c202adfd1520937424dc6dbf6f4/screenshot - {}
RESULT: {}
RESULT: {}
COMMAND: POST /session/fe807c202adfd1520937424dc6dbf6f4/element/f.A324F73A04070CE59A7F5210E331AD77.d.19EE173614826AB1BB6EFE416F5E9101.e.3069/click - {}
COMMAND: POST /session/fe807c202adfd1520937424dc6dbf6f4/element - {"using":"xpath","value":"//*[contains(@data-kt ,\"openLocationActionMenuLink\")]"}
RESULT: {"using":"xpath","value":"//*[contains(@data-kt ,\"openLocationActionMenuLink\")]"}
COMMAND: POST /session/fe807c202adfd1520937424dc6dbf6f4/element/f.A324F73A04070CE59A7F5210E331AD77.d.19EE173614826AB1BB6EFE416F5E9101.e.3069/click - {}
COMMAND: POST /session/fe807c202adfd1520937424dc6dbf6f4/element - {"using":"xpath","value":"//*[contains(@data-kt ,\"openLocationActionMenuLink\")]"}
RESULT: {"using":"xpath","value":"//*[contains(@data-kt ,\"openLocationActionMenuLink\")]"}
COMMAND: POST /session/fe807c202adfd1520937424dc6dbf6f4/element/f.A324F73A04070CE59A7F5210E331AD77.d.19EE173614826AB1BB6EFE416F5E9101.e.3544/click - {}
RESULT: {}
COMMAND: GET /session/fe807c202adfd1520937424dc6dbf6f4/screenshot - {}
RESULT: {}
COMMAND: POST /session/fe807c202adfd1520937424dc6dbf6f4/element - {"using":"xpath","value":"(//button[contains(@title ,\"Open in new tab\")])[1]"}
RESULT: {"using":"xpath","value":"(//button[contains(@title ,\"Open in new tab\")])[1]"}
COMMAND: POST /session/fe807c202adfd1520937424dc6dbf6f4/element/f.A324F73A04070CE59A7F5210E331AD77.d.19EE173614826AB1BB6EFE416F5E9101.e.3545/click - {}
RESULT: {}
COMMAND: GET /session/fe807c202adfd1520937424dc6dbf6f4/screenshot - {}
RESULT: {}
COMMAND: GET /session/fe807c202adfd1520937424dc6dbf6f4/window/handles - {}
RESULT: {}
COMMAND: POST /session/fe807c202adfd1520937424dc6dbf6f4/window - {"handle":"461B84C73C57C3D6EF206BD245C341D9"}
RESULT: {"handle":"461B84C73C57C3D6EF206BD245C341D9"}
COMMAND: GET /session/fe807c202adfd1520937424dc6dbf6f4/url - {}
RESULT: {}
COMMAND: GET /session/fe807c202adfd1520937424dc6dbf6f4/screenshot - {}
RESULT: {}
COMMAND: POST /session/fe807c202adfd1520937424dc6dbf6f4/execute/sync - {"script":"<script> [8489 bytes]","args":[{"element-6066-11e4-a52e-4f735466cecf":"f.A324F73A04070CE59A7F5210E331AD77.d.19EE173614826AB1BB6EFE416F5E9101.e.3070","ELEMENT":"f.A324F73A04070CE59A7F5210E331AD77.d.19EE173614826AB1BB6EFE416F5E9101.e.3070"}]}
COMMAND: DELETE /session/fe807c202adfd1520937424dc6dbf6f4/window - {}
RESULT: {}
COMMAND: POST /session/fe807c202adfd1520937424dc6dbf6f4/window - {"handle":"A324F73A04070CE59A7F5210E331AD77"}
RESULT: {"handle":"A324F73A04070CE59A7F5210E331AD77"}
COMMAND: GET /session/fe807c202adfd1520937424dc6dbf6f4/url - {}
COMMAND: POST /session/fe807c202adfd1520937424dc6dbf6f4/element - {"using":"xpath","value":"(//span[contains(text(), \"WebdriverYard1zq2fi\")])[2]"}
RESULT: {}
COMMAND: GET /session/fe807c202adfd1520937424dc6dbf6f4/screenshot - {}
RESULT: {"using":"xpath","value":"(//span[contains(text(), \"WebdriverYard1zq2fi\")])[2]"}
COMMAND: POST /session/fe807c202adfd1520937424dc6dbf6f4/execute/sync - {"script":"<script> [8489 bytes]","args":[{"element-6066-11e4-a52e-4f735466cecf":"f.A324F73A04070CE59A7F5210E331AD77.d.19EE173614826AB1BB6EFE416F5E9101.e.3591","ELEMENT":"f.A324F73A04070CE59A7F5210E331AD77.d.19EE173614826AB1BB6EFE416F5E9101.e.3591"}]}
RESULT: {}
RESULT: {"script":"<script> [8489 bytes]","args":[{"element-6066-11e4-a52e-4f735466cecf":"f.A324F73A04070CE59A7F5210E331AD77.d.19EE173614826AB1BB6EFE416F5E9101.e.3591","ELEMENT":"f.A324F73A04070CE59A7F5210E331AD77.d.19EE173614826AB1BB6EFE416F5E9101.e.3591"}]}
COMMAND: GET /session/fe807c202adfd1520937424dc6dbf6f4/screenshot - {}
RESULT: {}
COMMAND: POST /session/fe807c202adfd1520937424dc6dbf6f4/element - {"using":"xpath","value":"(//button[contains(@title ,\"Open in new tab\")])[2]"}
RESULT: {"using":"xpath","value":"(//button[contains(@title ,\"Open in new tab\")])[2]"}
COMMAND: POST /session/fe807c202adfd1520937424dc6dbf6f4/element/f.A324F73A04070CE59A7F5210E331AD77.d.19EE173614826AB1BB6EFE416F5E9101.e.3592/click - {}
RESULT: {}
COMMAND: GET /session/fe807c202adfd1520937424dc6dbf6f4/screenshot - {}
RESULT: {}
COMMAND: GET /session/fe807c202adfd1520937424dc6dbf6f4/window/handles - {}
RESULT: {}
COMMAND: POST /session/fe807c202adfd1520937424dc6dbf6f4/window - {"handle":"C6C48D3E5F100D3D2AD9D836B74669C9"}
RESULT: {"handle":"C6C48D3E5F100D3D2AD9D836B74669C9"}
COMMAND: GET /session/fe807c202adfd1520937424dc6dbf6f4/url - {}
RESULT: {}
COMMAND: GET /session/fe807c202adfd1520937424dc6dbf6f4/screenshot - {}
RESULT: {}
COMMAND: POST /session/fe807c202adfd1520937424dc6dbf6f4/execute/sync - {"script":"<script> [8489 bytes]","args":[{"element-6066-11e4-a52e-4f735466cecf":"f.A324F73A04070CE59A7F5210E331AD77.d.19EE173614826AB1BB6EFE416F5E9101.e.3264","ELEMENT":"f.A324F73A04070CE59A7F5210E331AD77.d.19EE173614826AB1BB6EFE416F5E9101.e.3264"}]}
COMMAND: DELETE /session/fe807c202adfd1520937424dc6dbf6f4/window - {}
RESULT: {}
COMMAND: POST /session/fe807c202adfd1520937424dc6dbf6f4/window - {"handle":"A324F73A04070CE59A7F5210E331AD77"}
RESULT: {"handle":"A324F73A04070CE59A7F5210E331AD77"}
COMMAND: GET /session/fe807c202adfd1520937424dc6dbf6f4/url - {}
COMMAND: POST /session/fe807c202adfd1520937424dc6dbf6f4/element - {"using":"xpath","value":"//span[contains(@id ,\"application-addressmanagement-display-component---detailAdm--addressDetailDetailsName1\")][contains(text(), \"WebdriverYard1zq2fi\")]"}
RESULT: {}
COMMAND: GET /session/fe807c202adfd1520937424dc6dbf6f4/screenshot - {}
RESULT: {"using":"xpath","value":"//span[contains(@id ,\"application-addressmanagement-display-component---detailAdm--addressDetailDetailsName1\")][contains(text(), \"WebdriverYard1zq2fi\")]"}
COMMAND: POST /session/fe807c202adfd1520937424dc6dbf6f4/element - {"using":"xpath","value":"//span[contains(@id ,\"application-addressmanagement-display-component---detailAdm--addressDetailDetailsName1\")][contains(text(), \"WebdriverYard1zq2fi\")]"}
RESULT: {}
RESULT: {"using":"xpath","value":"//span[contains(@id ,\"application-addressmanagement-display-component---detailAdm--addressDetailDetailsName1\")][contains(text(), \"WebdriverYard1zq2fi\")]"}
COMMAND: POST /session/fe807c202adfd1520937424dc6dbf6f4/element - {"using":"xpath","value":"//span[contains(@id ,\"application-addressmanagement-display-component---detailAdm--addressDetailDetailsName1\")][contains(text(), \"WebdriverYard1zq2fi\")]"}
RESULT: {"using":"xpath","value":"//span[contains(@id ,\"application-addressmanagement-display-component---detailAdm--addressDetailDetailsName1\")][contains(text(), \"WebdriverYard1zq2fi\")]"}
COMMAND: POST /session/fe807c202adfd1520937424dc6dbf6f4/element - {"using":"xpath","value":"//span[contains(@id ,\"application-addressmanagement-display-component---detailAdm--addressDetailDetailsName1\")][contains(text(), \"WebdriverYard1zq2fi\")]"}
RESULT: {"using":"xpath","value":"//span[contains(@id ,\"application-addressmanagement-display-component---detailAdm--addressDetailDetailsName1\")][contains(text(), \"WebdriverYard1zq2fi\")]"}
COMMAND: POST /session/fe807c202adfd1520937424dc6dbf6f4/element - {"using":"xpath","value":"//span[contains(@id ,\"application-addressmanagement-display-component---detailAdm--addressDetailDetailsName1\")][contains(text(), \"WebdriverYard1zq2fi\")]"}
RESULT: {"using":"xpath","value":"//span[contains(@id ,\"application-addressmanagement-display-component---detailAdm--addressDetailDetailsName1\")][contains(text(), \"WebdriverYard1zq2fi\")]"}
COMMAND: POST /session/fe807c202adfd1520937424dc6dbf6f4/element - {"using":"xpath","value":"//span[contains(@id ,\"application-addressmanagement-display-component---detailAdm--addressDetailDetailsName1\")][contains(text(), \"WebdriverYard1zq2fi\")]"}
RESULT: {"using":"xpath","value":"//span[contains(@id ,\"application-addressmanagement-display-component---detailAdm--addressDetailDetailsName1\")][contains(text(), \"WebdriverYard1zq2fi\")]"}
COMMAND: POST /session/fe807c202adfd1520937424dc6dbf6f4/element - {"using":"xpath","value":"//span[contains(@id ,\"application-addressmanagement-display-component---detailAdm--addressDetailDetailsName1\")][contains(text(), \"WebdriverYard1zq2fi\")]"}
RESULT: {"using":"xpath","value":"//span[contains(@id ,\"application-addressmanagement-display-component---detailAdm--addressDetailDetailsName1\")][contains(text(), \"WebdriverYard1zq2fi\")]"}
COMMAND: POST /session/fe807c202adfd1520937424dc6dbf6f4/element - {"using":"xpath","value":"//span[contains(@id ,\"application-addressmanagement-display-component---detailAdm--addressDetailDetailsName1\")][contains(text(), \"WebdriverYard1zq2fi\")]"}
RESULT: {"using":"xpath","value":"//span[contains(@id ,\"application-addressmanagement-display-component---detailAdm--addressDetailDetailsName1\")][contains(text(), \"WebdriverYard1zq2fi\")]"}
COMMAND: POST /session/fe807c202adfd1520937424dc6dbf6f4/element - {"using":"xpath","value":"//span[contains(@id ,\"application-addressmanagement-display-component---detailAdm--addressDetailDetailsName1\")][contains(text(), \"WebdriverYard1zq2fi\")]"}
RESULT: {"using":"xpath","value":"//span[contains(@id ,\"application-addressmanagement-display-component---detailAdm--addressDetailDetailsName1\")][contains(text(), \"WebdriverYard1zq2fi\")]"}
COMMAND: POST /session/fe807c202adfd1520937424dc6dbf6f4/element - {"using":"xpath","value":"//span[contains(@id ,\"application-addressmanagement-display-component---detailAdm--addressDetailDetailsName1\")][contains(text(), \"WebdriverYard1zq2fi\")]"}
RESULT: {"using":"xpath","value":"//span[contains(@id ,\"application-addressmanagement-display-component---detailAdm--addressDetailDetailsName1\")][contains(text(), \"WebdriverYard1zq2fi\")]"}
]]></system-out>
    </testcase>
  </testsuite>
</testsuites>