<?xml version="1.0" encoding="UTF-8"?>
<testsuites tests="51" failures="13" errors="13" skipped="0">
  <testsuite timestamp="2025-04-24T16:29:07" time="510.85" tests="9" failures="2" errors="2" skipped="0">
    <properties>
      <property name="specId" value="0" />
      <property name="suiteName" value="Create masterdata for Yard Overview - mass return US131057" />
      <property name="capabilities" value="chrome.135_0_7049_96.windows" />
      <property name="file" value="file:///D:/a/1/s/test/specs/HTR/yard-Mass-Return.spec.js" />
    </properties>
    <testcase classname="chrome.135_0_7049_96.windows.Create_masterdata_for_Yard_Overview_-_mass_return_US131057" name="Should create a yard" time="90.111">
      <system-out><![CDATA[
COMMAND: POST /session/cd477e99f4e247ef02c326ac6df7445e/execute/async - {"script":"<script> [1562 bytes]","args":[{"selector":{"controlType":"sap.m.GenericTile","properties":{"header":"Manage Yards"}},"wdio_ui5_key":"sapm.GenericTile{\"header\":\"Manage Yards\"}"}]}
RESULT: {"script":"<script> [1562 bytes]","args":[{"selector":{"controlType":"sap.m.GenericTile","properties":{"header":"Manage Yards"}},"wdio_ui5_key":"sapm.GenericTile{\"header\":\"Manage Yards\"}"}]}
RESULT: undefined
COMMAND: POST /session/cd477e99f4e247ef02c326ac6df7445e/element - {"using":"xpath","value":"//*[@id=\"__tile41\"]"}
RESULT: {"using":"xpath","value":"//*[@id=\"__tile41\"]"}
COMMAND: POST /session/cd477e99f4e247ef02c326ac6df7445e/element/f.375AD1BF2998C782D6149A43C57C8E27.d.1FBC5AF41B28803152462A59340D3BE9.e.104/click - {}
RESULT: {}
COMMAND: POST /session/cd477e99f4e247ef02c326ac6df7445e/execute/async - {"script":"<script> [1562 bytes]","args":[{"selector":{"controlType":"sap.ui.core.Icon","viewName":"etm.portal.ui.manageyards.view.Master","viewId":"application-manageyards-display-component---masterYard","properties":{"src":{"regex":{"source":"add"}}}},"wdio_ui5_key":"etmportal.ui.manageyards.view.Mastersap.ui.core.Icon{\"src\":{\"regex\":{\"source\":\"add\"}}}"}]}
COMMAND: GET /session/cd477e99f4e247ef02c326ac6df7445e/screenshot - {}
RESULT: {"script":"<script> [1562 bytes]","args":[{"selector":{"controlType":"sap.ui.core.Icon","viewName":"etm.portal.ui.manageyards.view.Master","viewId":"application-manageyards-display-component---masterYard","properties":{"src":{"regex":{"source":"add"}}}},"wdio_ui5_key":"etmportal.ui.manageyards.view.Mastersap.ui.core.Icon{\"src\":{\"regex\":{\"source\":\"add\"}}}"}]}
RESULT: undefined
COMMAND: POST /session/cd477e99f4e247ef02c326ac6df7445e/element - {"using":"xpath","value":"//*[@id=\"__button4-img\"]"}
RESULT: {}
RESULT: {"using":"xpath","value":"//*[@id=\"__button4-img\"]"}
COMMAND: POST /session/cd477e99f4e247ef02c326ac6df7445e/element/f.375AD1BF2998C782D6149A43C57C8E27.d.1FBC5AF41B28803152462A59340D3BE9.e.158/click - {}
RESULT: {}
COMMAND: POST /session/cd477e99f4e247ef02c326ac6df7445e/execute/async - {"script":"<script> [1562 bytes]","args":[{"selector":{"id":"application-manageyards-display-component---NewYard--addressDetailDetailsName1","interaction":{"idSuffix":"inner"}},"wdio_ui5_key":"applicationmanageyards-display-component---NewYard--addressDetailDetailsName1"}]}
COMMAND: GET /session/cd477e99f4e247ef02c326ac6df7445e/screenshot - {}
RESULT: {"script":"<script> [1562 bytes]","args":[{"selector":{"id":"application-manageyards-display-component---NewYard--addressDetailDetailsName1","interaction":{"idSuffix":"inner"}},"wdio_ui5_key":"applicationmanageyards-display-component---NewYard--addressDetailDetailsName1"}]}
RESULT: undefined
COMMAND: POST /session/cd477e99f4e247ef02c326ac6df7445e/execute/async - {"script":"<script> [776 bytes]","args":[{"enterText":"warehousemanagedYardi41e0f","selector":{"id":"application-manageyards-display-component---NewYard--addressDetailDetailsName1","interaction":{"idSuffix":"inner"}},"clearTextFirst":true,"interactionType":"ENTER_TEXT"}]}
RESULT: {}
RESULT: {"script":"<script> [776 bytes]","args":[{"enterText":"warehousemanagedYardi41e0f","selector":{"id":"application-manageyards-display-component---NewYard--addressDetailDetailsName1","interaction":{"idSuffix":"inner"}},"clearTextFirst":true,"interactionType":"ENTER_TEXT"}]}
COMMAND: POST /session/cd477e99f4e247ef02c326ac6df7445e/execute/async - {"script":"<script> [1562 bytes]","args":[{"selector":{"id":"application-manageyards-display-component---NewYard--addressDetailDetailsLanguage-arrow"},"wdio_ui5_key":"applicationmanageyards-display-component---NewYard--addressDetailDetailsLanguage-arrow"}]}
RESULT: {"script":"<script> [1562 bytes]","args":[{"selector":{"id":"application-manageyards-display-component---NewYard--addressDetailDetailsLanguage-arrow"},"wdio_ui5_key":"applicationmanageyards-display-component---NewYard--addressDetailDetailsLanguage-arrow"}]}
RESULT: undefined
COMMAND: POST /session/cd477e99f4e247ef02c326ac6df7445e/element - {"using":"xpath","value":"//*[@id=\"application-manageyards-display-component---NewYard--addressDetailDetailsLanguage-arrow\"]"}
RESULT: {"using":"xpath","value":"//*[@id=\"application-manageyards-display-component---NewYard--addressDetailDetailsLanguage-arrow\"]"}
COMMAND: POST /session/cd477e99f4e247ef02c326ac6df7445e/element/f.375AD1BF2998C782D6149A43C57C8E27.d.1FBC5AF41B28803152462A59340D3BE9.e.568/click - {}
RESULT: {}
COMMAND: POST /session/cd477e99f4e247ef02c326ac6df7445e/execute/async - {"script":"<script> [1562 bytes]","args":[{"selector":{"controlType":"sap.m.StandardListItem","viewName":"etm.portal.ui.manageyards.view.New","viewId":"application-manageyards-display-component---NewYard","properties":{"title":"English"},"searchOpenDialogs":true,"interaction":{"idSuffix":"content"}},"wdio_ui5_key":"etmportal.ui.manageyards.view.Newsap.m.StandardListItem{\"title\":\"English\"}"}]}
COMMAND: GET /session/cd477e99f4e247ef02c326ac6df7445e/screenshot - {}
RESULT: {"script":"<script> [1562 bytes]","args":[{"selector":{"controlType":"sap.m.StandardListItem","viewName":"etm.portal.ui.manageyards.view.New","viewId":"application-manageyards-display-component---NewYard","properties":{"title":"English"},"searchOpenDialogs":true,"interaction":{"idSuffix":"content"}},"wdio_ui5_key":"etmportal.ui.manageyards.view.Newsap.m.StandardListItem{\"title\":\"English\"}"}]}
RESULT: undefined
COMMAND: POST /session/cd477e99f4e247ef02c326ac6df7445e/element - {"using":"xpath","value":"//*[@id=\"__item101\"]"}
RESULT: {}
RESULT: {"using":"xpath","value":"//*[@id=\"__item101\"]"}
COMMAND: POST /session/cd477e99f4e247ef02c326ac6df7445e/element/f.375AD1BF2998C782D6149A43C57C8E27.d.1FBC5AF41B28803152462A59340D3BE9.e.570/click - {}
RESULT: {}
COMMAND: POST /session/cd477e99f4e247ef02c326ac6df7445e/execute/async - {"script":"<script> [1562 bytes]","args":[{"selector":{"id":"application-manageyards-display-component---NewYard--addressDetailDetailsCity1","interaction":{"idSuffix":"inner"}},"wdio_ui5_key":"applicationmanageyards-display-component---NewYard--addressDetailDetailsCity1"}]}
COMMAND: GET /session/cd477e99f4e247ef02c326ac6df7445e/screenshot - {}
RESULT: {"script":"<script> [1562 bytes]","args":[{"selector":{"id":"application-manageyards-display-component---NewYard--addressDetailDetailsCity1","interaction":{"idSuffix":"inner"}},"wdio_ui5_key":"applicationmanageyards-display-component---NewYard--addressDetailDetailsCity1"}]}
RESULT: undefined
COMMAND: POST /session/cd477e99f4e247ef02c326ac6df7445e/execute/async - {"script":"<script> [776 bytes]","args":[{"enterText":"Rosario","selector":{"id":"application-manageyards-display-component---NewYard--addressDetailDetailsCity1","interaction":{"idSuffix":"inner"}},"clearTextFirst":true,"interactionType":"ENTER_TEXT"}]}
RESULT: {}
RESULT: {"script":"<script> [776 bytes]","args":[{"enterText":"Rosario","selector":{"id":"application-manageyards-display-component---NewYard--addressDetailDetailsCity1","interaction":{"idSuffix":"inner"}},"clearTextFirst":true,"interactionType":"ENTER_TEXT"}]}
COMMAND: POST /session/cd477e99f4e247ef02c326ac6df7445e/execute/async - {"script":"<script> [1562 bytes]","args":[{"selector":{"id":"application-manageyards-display-component---NewYard--addressDetailDetailsCountry-arrow"},"wdio_ui5_key":"applicationmanageyards-display-component---NewYard--addressDetailDetailsCountry-arrow"}]}
RESULT: {"script":"<script> [1562 bytes]","args":[{"selector":{"id":"application-manageyards-display-component---NewYard--addressDetailDetailsCountry-arrow"},"wdio_ui5_key":"applicationmanageyards-display-component---NewYard--addressDetailDetailsCountry-arrow"}]}
RESULT: undefined
COMMAND: POST /session/cd477e99f4e247ef02c326ac6df7445e/element - {"using":"xpath","value":"//*[@id=\"application-manageyards-display-component---NewYard--addressDetailDetailsCountry-arrow\"]"}
RESULT: {"using":"xpath","value":"//*[@id=\"application-manageyards-display-component---NewYard--addressDetailDetailsCountry-arrow\"]"}
COMMAND: POST /session/cd477e99f4e247ef02c326ac6df7445e/element/f.375AD1BF2998C782D6149A43C57C8E27.d.1FBC5AF41B28803152462A59340D3BE9.e.553/click - {}
RESULT: {}
COMMAND: POST /session/cd477e99f4e247ef02c326ac6df7445e/execute/async - {"script":"<script> [1562 bytes]","args":[{"selector":{"controlType":"sap.m.StandardListItem","viewName":"etm.portal.ui.manageyards.view.New","viewId":"application-manageyards-display-component---NewYard","properties":{"title":"Argentina"},"searchOpenDialogs":true,"interaction":{"idSuffix":"content"}},"wdio_ui5_key":"etmportal.ui.manageyards.view.Newsap.m.StandardListItem{\"title\":\"Argentina\"}"}]}
COMMAND: GET /session/cd477e99f4e247ef02c326ac6df7445e/screenshot - {}
RESULT: {"script":"<script> [1562 bytes]","args":[{"selector":{"controlType":"sap.m.StandardListItem","viewName":"etm.portal.ui.manageyards.view.New","viewId":"application-manageyards-display-component---NewYard","properties":{"title":"Argentina"},"searchOpenDialogs":true,"interaction":{"idSuffix":"content"}},"wdio_ui5_key":"etmportal.ui.manageyards.view.Newsap.m.StandardListItem{\"title\":\"Argentina\"}"}]}
RESULT: undefined
COMMAND: POST /session/cd477e99f4e247ef02c326ac6df7445e/element - {"using":"xpath","value":"//*[@id=\"__item144\"]"}
RESULT: {}
RESULT: {"using":"xpath","value":"//*[@id=\"__item144\"]"}
COMMAND: POST /session/cd477e99f4e247ef02c326ac6df7445e/element/f.375AD1BF2998C782D6149A43C57C8E27.d.1FBC5AF41B28803152462A59340D3BE9.e.574/click - {}
RESULT: {}
COMMAND: POST /session/cd477e99f4e247ef02c326ac6df7445e/execute/async - {"script":"<script> [1562 bytes]","args":[{"selector":{"controlType":"sap.m.Button","viewName":"etm.portal.ui.manageyards.view.New","viewId":"application-manageyards-display-component---NewYard","properties":{"text":"Commercial"},"interaction":{"idSuffix":"BDI-content"}},"wdio_ui5_key":"etmportal.ui.manageyards.view.Newsap.m.Button{\"text\":\"Commercial\"}"}]}
COMMAND: GET /session/cd477e99f4e247ef02c326ac6df7445e/screenshot - {}
RESULT: {"script":"<script> [1562 bytes]","args":[{"selector":{"controlType":"sap.m.Button","viewName":"etm.portal.ui.manageyards.view.New","viewId":"application-manageyards-display-component---NewYard","properties":{"text":"Commercial"},"interaction":{"idSuffix":"BDI-content"}},"wdio_ui5_key":"etmportal.ui.manageyards.view.Newsap.m.Button{\"text\":\"Commercial\"}"}]}
RESULT: undefined
COMMAND: POST /session/cd477e99f4e247ef02c326ac6df7445e/element - {"using":"xpath","value":"//*[@id=\"application-manageyards-display-component---NewYard--ObjectPageLayout-anchBar-__section5-anchor\"]"}
RESULT: {}
RESULT: {"using":"xpath","value":"//*[@id=\"application-manageyards-display-component---NewYard--ObjectPageLayout-anchBar-__section5-anchor\"]"}
COMMAND: POST /session/cd477e99f4e247ef02c326ac6df7445e/element/f.375AD1BF2998C782D6149A43C57C8E27.d.1FBC5AF41B28803152462A59340D3BE9.e.576/click - {}
RESULT: {}
COMMAND: GET /session/cd477e99f4e247ef02c326ac6df7445e/screenshot - {}
RESULT: {}
COMMAND: POST /session/cd477e99f4e247ef02c326ac6df7445e/execute/async - {"script":"<script> [1562 bytes]","args":[{"selector":{"id":"application-manageyards-display-component---NewYard--addressEditDetailsCostObjectCstType-arrow"},"wdio_ui5_key":"applicationmanageyards-display-component---NewYard--addressEditDetailsCostObjectCstType-arrow"}]}
RESULT: {"script":"<script> [1562 bytes]","args":[{"selector":{"id":"application-manageyards-display-component---NewYard--addressEditDetailsCostObjectCstType-arrow"},"wdio_ui5_key":"applicationmanageyards-display-component---NewYard--addressEditDetailsCostObjectCstType-arrow"}]}
RESULT: undefined
COMMAND: POST /session/cd477e99f4e247ef02c326ac6df7445e/element - {"using":"xpath","value":"//*[@id=\"application-manageyards-display-component---NewYard--addressEditDetailsCostObjectCstType-arrow\"]"}
RESULT: {"using":"xpath","value":"//*[@id=\"application-manageyards-display-component---NewYard--addressEditDetailsCostObjectCstType-arrow\"]"}
COMMAND: POST /session/cd477e99f4e247ef02c326ac6df7445e/element/f.375AD1BF2998C782D6149A43C57C8E27.d.1FBC5AF41B28803152462A59340D3BE9.e.585/click - {}
RESULT: {}
COMMAND: GET /session/cd477e99f4e247ef02c326ac6df7445e/screenshot - {}
RESULT: {}
COMMAND: POST /session/cd477e99f4e247ef02c326ac6df7445e/execute/async - {"script":"<script> [1562 bytes]","args":[{"selector":{"controlType":"sap.m.StandardListItem","viewName":"etm.portal.ui.manageyards.view.New","viewId":"application-manageyards-display-component---NewYard","properties":{"title":"Cost Center"},"searchOpenDialogs":true,"interaction":{"idSuffix":"titleText"}},"wdio_ui5_key":"etmportal.ui.manageyards.view.Newsap.m.StandardListItem{\"title\":\"Cost Center\"}"}]}
RESULT: {"script":"<script> [1562 bytes]","args":[{"selector":{"controlType":"sap.m.StandardListItem","viewName":"etm.portal.ui.manageyards.view.New","viewId":"application-manageyards-display-component---NewYard","properties":{"title":"Cost Center"},"searchOpenDialogs":true,"interaction":{"idSuffix":"titleText"}},"wdio_ui5_key":"etmportal.ui.manageyards.view.Newsap.m.StandardListItem{\"title\":\"Cost Center\"}"}]}
RESULT: undefined
COMMAND: POST /session/cd477e99f4e247ef02c326ac6df7445e/element - {"using":"xpath","value":"//*[@id=\"__item234\"]"}
RESULT: {"using":"xpath","value":"//*[@id=\"__item234\"]"}
COMMAND: POST /session/cd477e99f4e247ef02c326ac6df7445e/element/f.375AD1BF2998C782D6149A43C57C8E27.d.1FBC5AF41B28803152462A59340D3BE9.e.587/click - {}
RESULT: {}
COMMAND: POST /session/cd477e99f4e247ef02c326ac6df7445e/element - {"using":"xpath","value":"//input[@id=\"application-manageyards-display-component---NewYard--addressNewCostObjectCstID-inner\"]"}
COMMAND: GET /session/cd477e99f4e247ef02c326ac6df7445e/screenshot - {}
RESULT: {"using":"xpath","value":"//input[@id=\"application-manageyards-display-component---NewYard--addressNewCostObjectCstID-inner\"]"}
COMMAND: POST /session/cd477e99f4e247ef02c326ac6df7445e/element/f.375AD1BF2998C782D6149A43C57C8E27.d.1FBC5AF41B28803152462A59340D3BE9.e.384/clear - {}
RESULT: {}
RESULT: {}
COMMAND: POST /session/cd477e99f4e247ef02c326ac6df7445e/element/f.375AD1BF2998C782D6149A43C57C8E27.d.1FBC5AF41B28803152462A59340D3BE9.e.384/value - {"text":"10001013"}
COMMAND: GET /session/cd477e99f4e247ef02c326ac6df7445e/screenshot - {}
RESULT: {"text":"10001013"}
COMMAND: GET /session/cd477e99f4e247ef02c326ac6df7445e/screenshot - {}
RESULT: {}
RESULT: {}
COMMAND: POST /session/cd477e99f4e247ef02c326ac6df7445e/execute/async - {"script":"<script> [1562 bytes]","args":[{"selector":{"controlType":"sap.m.StandardListItem","viewName":"etm.portal.ui.manageyards.view.New","viewId":"application-manageyards-display-component---NewYard","properties":{"type":"Active"},"searchOpenDialogs":true,"interaction":{"idSuffix":"titleText"}},"wdio_ui5_key":"etmportal.ui.manageyards.view.Newsap.m.StandardListItem{\"type\":\"Active\"}"}]}
RESULT: {"script":"<script> [1562 bytes]","args":[{"selector":{"controlType":"sap.m.StandardListItem","viewName":"etm.portal.ui.manageyards.view.New","viewId":"application-manageyards-display-component---NewYard","properties":{"type":"Active"},"searchOpenDialogs":true,"interaction":{"idSuffix":"titleText"}},"wdio_ui5_key":"etmportal.ui.manageyards.view.Newsap.m.StandardListItem{\"type\":\"Active\"}"}]}
RESULT: undefined
COMMAND: POST /session/cd477e99f4e247ef02c326ac6df7445e/element - {"using":"xpath","value":"//*[@id=\"__item239\"]"}
RESULT: {"using":"xpath","value":"//*[@id=\"__item239\"]"}
COMMAND: POST /session/cd477e99f4e247ef02c326ac6df7445e/element/f.375AD1BF2998C782D6149A43C57C8E27.d.1FBC5AF41B28803152462A59340D3BE9.e.593/click - {}
RESULT: {}
COMMAND: POST /session/cd477e99f4e247ef02c326ac6df7445e/execute/async - {"script":"<script> [1562 bytes]","args":[{"selector":{"id":"application-manageyards-display-component---NewYard--addressEditDetailsCurrency-arrow"},"wdio_ui5_key":"applicationmanageyards-display-component---NewYard--addressEditDetailsCurrency-arrow"}]}
COMMAND: GET /session/cd477e99f4e247ef02c326ac6df7445e/screenshot - {}
RESULT: {"script":"<script> [1562 bytes]","args":[{"selector":{"id":"application-manageyards-display-component---NewYard--addressEditDetailsCurrency-arrow"},"wdio_ui5_key":"applicationmanageyards-display-component---NewYard--addressEditDetailsCurrency-arrow"}]}
RESULT: undefined
COMMAND: POST /session/cd477e99f4e247ef02c326ac6df7445e/element - {"using":"xpath","value":"//*[@id=\"application-manageyards-display-component---NewYard--addressEditDetailsCurrency-arrow\"]"}
RESULT: {}
RESULT: {"using":"xpath","value":"//*[@id=\"application-manageyards-display-component---NewYard--addressEditDetailsCurrency-arrow\"]"}
COMMAND: POST /session/cd477e99f4e247ef02c326ac6df7445e/element/f.375AD1BF2998C782D6149A43C57C8E27.d.1FBC5AF41B28803152462A59340D3BE9.e.595/click - {}
RESULT: {}
COMMAND: POST /session/cd477e99f4e247ef02c326ac6df7445e/execute/async - {"script":"<script> [1562 bytes]","args":[{"selector":{"controlType":"sap.m.StandardListItem","viewName":"etm.portal.ui.manageyards.view.New","viewId":"application-manageyards-display-component---NewYard","properties":{"title":"Euro"},"searchOpenDialogs":true,"interaction":{"idSuffix":"content"}},"wdio_ui5_key":"etmportal.ui.manageyards.view.Newsap.m.StandardListItem{\"title\":\"Euro\"}"}]}
COMMAND: GET /session/cd477e99f4e247ef02c326ac6df7445e/screenshot - {}
RESULT: {"script":"<script> [1562 bytes]","args":[{"selector":{"controlType":"sap.m.StandardListItem","viewName":"etm.portal.ui.manageyards.view.New","viewId":"application-manageyards-display-component---NewYard","properties":{"title":"Euro"},"searchOpenDialogs":true,"interaction":{"idSuffix":"content"}},"wdio_ui5_key":"etmportal.ui.manageyards.view.Newsap.m.StandardListItem{\"title\":\"Euro\"}"}]}
RESULT: undefined
COMMAND: POST /session/cd477e99f4e247ef02c326ac6df7445e/element - {"using":"xpath","value":"//*[@id=\"__item240\"]"}
RESULT: {}
RESULT: {"using":"xpath","value":"//*[@id=\"__item240\"]"}
COMMAND: POST /session/cd477e99f4e247ef02c326ac6df7445e/element/f.375AD1BF2998C782D6149A43C57C8E27.d.1FBC5AF41B28803152462A59340D3BE9.e.597/click - {}
RESULT: {}
COMMAND: POST /session/cd477e99f4e247ef02c326ac6df7445e/execute/async - {"script":"<script> [1562 bytes]","args":[{"selector":{"controlType":"sap.m.Input","viewName":"etm.portal.ui.manageyards.view.New","viewId":"application-manageyards-display-component---NewYard","bindingPath":{"path":"","propertyPath":"/CONTROLLING_AREA","modelName":"NewYardModel"},"interaction":{"idSuffix":"inner"}},"wdio_ui5_key":"etmportal.ui.manageyards.view.Newsap.m.Input{\"path\":\"\",\"propertyPath\":\"/CONTROLLING_AREA\",\"modelName\":\"NewYardModel\"}"}]}
COMMAND: GET /session/cd477e99f4e247ef02c326ac6df7445e/screenshot - {}
RESULT: {"script":"<script> [1562 bytes]","args":[{"selector":{"controlType":"sap.m.Input","viewName":"etm.portal.ui.manageyards.view.New","viewId":"application-manageyards-display-component---NewYard","bindingPath":{"path":"","propertyPath":"/CONTROLLING_AREA","modelName":"NewYardModel"},"interaction":{"idSuffix":"inner"}},"wdio_ui5_key":"etmportal.ui.manageyards.view.Newsap.m.Input{\"path\":\"\",\"propertyPath\":\"/CONTROLLING_AREA\",\"modelName\":\"NewYardModel\"}"}]}
RESULT: undefined
COMMAND: POST /session/cd477e99f4e247ef02c326ac6df7445e/execute/async - {"script":"<script> [776 bytes]","args":[{"enterText":"Z001","selector":{"controlType":"sap.m.Input","viewName":"etm.portal.ui.manageyards.view.New","viewId":"application-manageyards-display-component---NewYard","bindingPath":{"path":"","propertyPath":"/CONTROLLING_AREA","modelName":"NewYardModel"},"interaction":{"idSuffix":"inner"}},"clearTextFirst":true,"interactionType":"ENTER_TEXT"}]}
RESULT: {}
RESULT: {"script":"<script> [776 bytes]","args":[{"enterText":"Z001","selector":{"controlType":"sap.m.Input","viewName":"etm.portal.ui.manageyards.view.New","viewId":"application-manageyards-display-component---NewYard","bindingPath":{"path":"","propertyPath":"/CONTROLLING_AREA","modelName":"NewYardModel"},"interaction":{"idSuffix":"inner"}},"clearTextFirst":true,"interactionType":"ENTER_TEXT"}]}
COMMAND: POST /session/cd477e99f4e247ef02c326ac6df7445e/execute/async - {"script":"<script> [1562 bytes]","args":[{"selector":{"id":"application-manageyards-display-component---NewYard--companyCodeComboBox","interaction":{"idSuffix":"inner"}},"wdio_ui5_key":"applicationmanageyards-display-component---NewYard--companyCodeComboBox"}]}
RESULT: {"script":"<script> [1562 bytes]","args":[{"selector":{"id":"application-manageyards-display-component---NewYard--companyCodeComboBox","interaction":{"idSuffix":"inner"}},"wdio_ui5_key":"applicationmanageyards-display-component---NewYard--companyCodeComboBox"}]}
RESULT: undefined
COMMAND: POST /session/cd477e99f4e247ef02c326ac6df7445e/execute/async - {"script":"<script> [776 bytes]","args":[{"enterText":"1000","selector":{"id":"application-manageyards-display-component---NewYard--companyCodeComboBox","interaction":{"idSuffix":"inner"}},"clearTextFirst":true,"interactionType":"ENTER_TEXT"}]}
RESULT: {"script":"<script> [776 bytes]","args":[{"enterText":"1000","selector":{"id":"application-manageyards-display-component---NewYard--companyCodeComboBox","interaction":{"idSuffix":"inner"}},"clearTextFirst":true,"interactionType":"ENTER_TEXT"}]}
COMMAND: POST /session/cd477e99f4e247ef02c326ac6df7445e/execute/async - {"script":"<script> [1562 bytes]","args":[{"selector":{"controlType":"sap.m.Input","viewName":"etm.portal.ui.manageyards.view.New","viewId":"application-manageyards-display-component---NewYard","bindingPath":{"path":"","propertyPath":"/PLANT","modelName":"NewYardModel"},"interaction":{"idSuffix":"inner"}},"wdio_ui5_key":"etmportal.ui.manageyards.view.Newsap.m.Input{\"path\":\"\",\"propertyPath\":\"/PLANT\",\"modelName\":\"NewYardModel\"}"}]}
RESULT: {"script":"<script> [1562 bytes]","args":[{"selector":{"controlType":"sap.m.Input","viewName":"etm.portal.ui.manageyards.view.New","viewId":"application-manageyards-display-component---NewYard","bindingPath":{"path":"","propertyPath":"/PLANT","modelName":"NewYardModel"},"interaction":{"idSuffix":"inner"}},"wdio_ui5_key":"etmportal.ui.manageyards.view.Newsap.m.Input{\"path\":\"\",\"propertyPath\":\"/PLANT\",\"modelName\":\"NewYardModel\"}"}]}
RESULT: undefined
COMMAND: POST /session/cd477e99f4e247ef02c326ac6df7445e/execute/async - {"script":"<script> [776 bytes]","args":[{"enterText":"1001","selector":{"controlType":"sap.m.Input","viewName":"etm.portal.ui.manageyards.view.New","viewId":"application-manageyards-display-component---NewYard","bindingPath":{"path":"","propertyPath":"/PLANT","modelName":"NewYardModel"},"interaction":{"idSuffix":"inner"}},"clearTextFirst":true,"interactionType":"ENTER_TEXT"}]}
RESULT: {"script":"<script> [776 bytes]","args":[{"enterText":"1001","selector":{"controlType":"sap.m.Input","viewName":"etm.portal.ui.manageyards.view.New","viewId":"application-manageyards-display-component---NewYard","bindingPath":{"path":"","propertyPath":"/PLANT","modelName":"NewYardModel"},"interaction":{"idSuffix":"inner"}},"clearTextFirst":true,"interactionType":"ENTER_TEXT"}]}
COMMAND: POST /session/cd477e99f4e247ef02c326ac6df7445e/execute/async - {"script":"<script> [1562 bytes]","args":[{"selector":{"controlType":"sap.m.Input","viewName":"etm.portal.ui.manageyards.view.New","viewId":"application-manageyards-display-component---NewYard","bindingPath":{"path":"","propertyPath":"/SALES_AREA_VKORG","modelName":"NewYardModel"},"interaction":{"idSuffix":"inner"}},"wdio_ui5_key":"etmportal.ui.manageyards.view.Newsap.m.Input{\"path\":\"\",\"propertyPath\":\"/SALES_AREA_VKORG\",\"modelName\":\"NewYardModel\"}"}]}
RESULT: {"script":"<script> [1562 bytes]","args":[{"selector":{"controlType":"sap.m.Input","viewName":"etm.portal.ui.manageyards.view.New","viewId":"application-manageyards-display-component---NewYard","bindingPath":{"path":"","propertyPath":"/SALES_AREA_VKORG","modelName":"NewYardModel"},"interaction":{"idSuffix":"inner"}},"wdio_ui5_key":"etmportal.ui.manageyards.view.Newsap.m.Input{\"path\":\"\",\"propertyPath\":\"/SALES_AREA_VKORG\",\"modelName\":\"NewYardModel\"}"}]}
RESULT: undefined
COMMAND: POST /session/cd477e99f4e247ef02c326ac6df7445e/execute/async - {"script":"<script> [776 bytes]","args":[{"enterText":"C002","selector":{"controlType":"sap.m.Input","viewName":"etm.portal.ui.manageyards.view.New","viewId":"application-manageyards-display-component---NewYard","bindingPath":{"path":"","propertyPath":"/SALES_AREA_VKORG","modelName":"NewYardModel"},"interaction":{"idSuffix":"inner"}},"clearTextFirst":true,"interactionType":"ENTER_TEXT"}]}
RESULT: {"script":"<script> [776 bytes]","args":[{"enterText":"C002","selector":{"controlType":"sap.m.Input","viewName":"etm.portal.ui.manageyards.view.New","viewId":"application-manageyards-display-component---NewYard","bindingPath":{"path":"","propertyPath":"/SALES_AREA_VKORG","modelName":"NewYardModel"},"interaction":{"idSuffix":"inner"}},"clearTextFirst":true,"interactionType":"ENTER_TEXT"}]}
COMMAND: POST /session/cd477e99f4e247ef02c326ac6df7445e/execute/async - {"script":"<script> [1562 bytes]","args":[{"selector":{"controlType":"sap.m.Input","viewName":"etm.portal.ui.manageyards.view.New","viewId":"application-manageyards-display-component---NewYard","bindingPath":{"path":"","propertyPath":"/SALES_AREA_VTWEG","modelName":"NewYardModel"},"interaction":{"idSuffix":"inner"}},"wdio_ui5_key":"etmportal.ui.manageyards.view.Newsap.m.Input{\"path\":\"\",\"propertyPath\":\"/SALES_AREA_VTWEG\",\"modelName\":\"NewYardModel\"}"}]}
RESULT: {"script":"<script> [1562 bytes]","args":[{"selector":{"controlType":"sap.m.Input","viewName":"etm.portal.ui.manageyards.view.New","viewId":"application-manageyards-display-component---NewYard","bindingPath":{"path":"","propertyPath":"/SALES_AREA_VTWEG","modelName":"NewYardModel"},"interaction":{"idSuffix":"inner"}},"wdio_ui5_key":"etmportal.ui.manageyards.view.Newsap.m.Input{\"path\":\"\",\"propertyPath\":\"/SALES_AREA_VTWEG\",\"modelName\":\"NewYardModel\"}"}]}
RESULT: undefined
COMMAND: POST /session/cd477e99f4e247ef02c326ac6df7445e/execute/async - {"script":"<script> [776 bytes]","args":[{"enterText":"C2","selector":{"controlType":"sap.m.Input","viewName":"etm.portal.ui.manageyards.view.New","viewId":"application-manageyards-display-component---NewYard","bindingPath":{"path":"","propertyPath":"/SALES_AREA_VTWEG","modelName":"NewYardModel"},"interaction":{"idSuffix":"inner"}},"clearTextFirst":true,"interactionType":"ENTER_TEXT"}]}
RESULT: {"script":"<script> [776 bytes]","args":[{"enterText":"C2","selector":{"controlType":"sap.m.Input","viewName":"etm.portal.ui.manageyards.view.New","viewId":"application-manageyards-display-component---NewYard","bindingPath":{"path":"","propertyPath":"/SALES_AREA_VTWEG","modelName":"NewYardModel"},"interaction":{"idSuffix":"inner"}},"clearTextFirst":true,"interactionType":"ENTER_TEXT"}]}
COMMAND: POST /session/cd477e99f4e247ef02c326ac6df7445e/execute/async - {"script":"<script> [1562 bytes]","args":[{"selector":{"controlType":"sap.m.Input","viewName":"etm.portal.ui.manageyards.view.New","viewId":"application-manageyards-display-component---NewYard","bindingPath":{"path":"","propertyPath":"/SALES_AREA_SPART","modelName":"NewYardModel"},"interaction":{"idSuffix":"inner"}},"wdio_ui5_key":"etmportal.ui.manageyards.view.Newsap.m.Input{\"path\":\"\",\"propertyPath\":\"/SALES_AREA_SPART\",\"modelName\":\"NewYardModel\"}"}]}
RESULT: {"script":"<script> [1562 bytes]","args":[{"selector":{"controlType":"sap.m.Input","viewName":"etm.portal.ui.manageyards.view.New","viewId":"application-manageyards-display-component---NewYard","bindingPath":{"path":"","propertyPath":"/SALES_AREA_SPART","modelName":"NewYardModel"},"interaction":{"idSuffix":"inner"}},"wdio_ui5_key":"etmportal.ui.manageyards.view.Newsap.m.Input{\"path\":\"\",\"propertyPath\":\"/SALES_AREA_SPART\",\"modelName\":\"NewYardModel\"}"}]}
RESULT: undefined
COMMAND: POST /session/cd477e99f4e247ef02c326ac6df7445e/execute/async - {"script":"<script> [776 bytes]","args":[{"enterText":"C2","selector":{"controlType":"sap.m.Input","viewName":"etm.portal.ui.manageyards.view.New","viewId":"application-manageyards-display-component---NewYard","bindingPath":{"path":"","propertyPath":"/SALES_AREA_SPART","modelName":"NewYardModel"},"interaction":{"idSuffix":"inner"}},"clearTextFirst":true,"interactionType":"ENTER_TEXT"}]}
RESULT: {"script":"<script> [776 bytes]","args":[{"enterText":"C2","selector":{"controlType":"sap.m.Input","viewName":"etm.portal.ui.manageyards.view.New","viewId":"application-manageyards-display-component---NewYard","bindingPath":{"path":"","propertyPath":"/SALES_AREA_SPART","modelName":"NewYardModel"},"interaction":{"idSuffix":"inner"}},"clearTextFirst":true,"interactionType":"ENTER_TEXT"}]}
COMMAND: POST /session/cd477e99f4e247ef02c326ac6df7445e/execute/async - {"script":"<script> [1562 bytes]","args":[{"selector":{"controlType":"sap.m.Input","viewName":"etm.portal.ui.manageyards.view.New","viewId":"application-manageyards-display-component---NewYard","bindingPath":{"path":"","propertyPath":"/SHIP_POINT","modelName":"NewYardModel"},"interaction":{"idSuffix":"inner"}},"wdio_ui5_key":"etmportal.ui.manageyards.view.Newsap.m.Input{\"path\":\"\",\"propertyPath\":\"/SHIP_POINT\",\"modelName\":\"NewYardModel\"}"}]}
RESULT: {"script":"<script> [1562 bytes]","args":[{"selector":{"controlType":"sap.m.Input","viewName":"etm.portal.ui.manageyards.view.New","viewId":"application-manageyards-display-component---NewYard","bindingPath":{"path":"","propertyPath":"/SHIP_POINT","modelName":"NewYardModel"},"interaction":{"idSuffix":"inner"}},"wdio_ui5_key":"etmportal.ui.manageyards.view.Newsap.m.Input{\"path\":\"\",\"propertyPath\":\"/SHIP_POINT\",\"modelName\":\"NewYardModel\"}"}]}
RESULT: undefined
COMMAND: POST /session/cd477e99f4e247ef02c326ac6df7445e/execute/async - {"script":"<script> [776 bytes]","args":[{"enterText":"1710","selector":{"controlType":"sap.m.Input","viewName":"etm.portal.ui.manageyards.view.New","viewId":"application-manageyards-display-component---NewYard","bindingPath":{"path":"","propertyPath":"/SHIP_POINT","modelName":"NewYardModel"},"interaction":{"idSuffix":"inner"}},"clearTextFirst":true,"interactionType":"ENTER_TEXT"}]}
RESULT: {"script":"<script> [776 bytes]","args":[{"enterText":"1710","selector":{"controlType":"sap.m.Input","viewName":"etm.portal.ui.manageyards.view.New","viewId":"application-manageyards-display-component---NewYard","bindingPath":{"path":"","propertyPath":"/SHIP_POINT","modelName":"NewYardModel"},"interaction":{"idSuffix":"inner"}},"clearTextFirst":true,"interactionType":"ENTER_TEXT"}]}
COMMAND: POST /session/cd477e99f4e247ef02c326ac6df7445e/execute/async - {"script":"<script> [1562 bytes]","args":[{"selector":{"controlType":"sap.m.Input","viewName":"etm.portal.ui.manageyards.view.New","viewId":"application-manageyards-display-component---NewYard","bindingPath":{"path":"","propertyPath":"/DELIVERY_TYPE","modelName":"NewYardModel"},"interaction":{"idSuffix":"inner"}},"wdio_ui5_key":"etmportal.ui.manageyards.view.Newsap.m.Input{\"path\":\"\",\"propertyPath\":\"/DELIVERY_TYPE\",\"modelName\":\"NewYardModel\"}"}]}
RESULT: {"script":"<script> [1562 bytes]","args":[{"selector":{"controlType":"sap.m.Input","viewName":"etm.portal.ui.manageyards.view.New","viewId":"application-manageyards-display-component---NewYard","bindingPath":{"path":"","propertyPath":"/DELIVERY_TYPE","modelName":"NewYardModel"},"interaction":{"idSuffix":"inner"}},"wdio_ui5_key":"etmportal.ui.manageyards.view.Newsap.m.Input{\"path\":\"\",\"propertyPath\":\"/DELIVERY_TYPE\",\"modelName\":\"NewYardModel\"}"}]}
RESULT: undefined
COMMAND: POST /session/cd477e99f4e247ef02c326ac6df7445e/execute/async - {"script":"<script> [776 bytes]","args":[{"enterText":"ZL01","selector":{"controlType":"sap.m.Input","viewName":"etm.portal.ui.manageyards.view.New","viewId":"application-manageyards-display-component---NewYard","bindingPath":{"path":"","propertyPath":"/DELIVERY_TYPE","modelName":"NewYardModel"},"interaction":{"idSuffix":"inner"}},"clearTextFirst":true,"interactionType":"ENTER_TEXT"}]}
RESULT: {"script":"<script> [776 bytes]","args":[{"enterText":"ZL01","selector":{"controlType":"sap.m.Input","viewName":"etm.portal.ui.manageyards.view.New","viewId":"application-manageyards-display-component---NewYard","bindingPath":{"path":"","propertyPath":"/DELIVERY_TYPE","modelName":"NewYardModel"},"interaction":{"idSuffix":"inner"}},"clearTextFirst":true,"interactionType":"ENTER_TEXT"}]}
COMMAND: POST /session/cd477e99f4e247ef02c326ac6df7445e/execute/async - {"script":"<script> [1562 bytes]","args":[{"selector":{"controlType":"sap.m.Input","viewName":"etm.portal.ui.manageyards.view.New","viewId":"application-manageyards-display-component---NewYard","bindingPath":{"path":"","propertyPath":"/AUART","modelName":"NewYardModel"},"interaction":{"idSuffix":"inner"}},"wdio_ui5_key":"etmportal.ui.manageyards.view.Newsap.m.Input{\"path\":\"\",\"propertyPath\":\"/AUART\",\"modelName\":\"NewYardModel\"}"}]}
RESULT: {"script":"<script> [1562 bytes]","args":[{"selector":{"controlType":"sap.m.Input","viewName":"etm.portal.ui.manageyards.view.New","viewId":"application-manageyards-display-component---NewYard","bindingPath":{"path":"","propertyPath":"/AUART","modelName":"NewYardModel"},"interaction":{"idSuffix":"inner"}},"wdio_ui5_key":"etmportal.ui.manageyards.view.Newsap.m.Input{\"path\":\"\",\"propertyPath\":\"/AUART\",\"modelName\":\"NewYardModel\"}"}]}
RESULT: undefined
COMMAND: POST /session/cd477e99f4e247ef02c326ac6df7445e/execute/async - {"script":"<script> [776 bytes]","args":[{"enterText":"TA","selector":{"controlType":"sap.m.Input","viewName":"etm.portal.ui.manageyards.view.New","viewId":"application-manageyards-display-component---NewYard","bindingPath":{"path":"","propertyPath":"/AUART","modelName":"NewYardModel"},"interaction":{"idSuffix":"inner"}},"clearTextFirst":true,"interactionType":"ENTER_TEXT"}]}
RESULT: {"script":"<script> [776 bytes]","args":[{"enterText":"TA","selector":{"controlType":"sap.m.Input","viewName":"etm.portal.ui.manageyards.view.New","viewId":"application-manageyards-display-component---NewYard","bindingPath":{"path":"","propertyPath":"/AUART","modelName":"NewYardModel"},"interaction":{"idSuffix":"inner"}},"clearTextFirst":true,"interactionType":"ENTER_TEXT"}]}
COMMAND: POST /session/cd477e99f4e247ef02c326ac6df7445e/execute/async - {"script":"<script> [1562 bytes]","args":[{"selector":{"controlType":"sap.m.Button","viewName":"etm.portal.ui.manageyards.view.New","viewId":"application-manageyards-display-component---NewYard","i18NText":{"propertyName":"text","key":"save"},"interaction":{"idSuffix":"BDI-content"}},"wdio_ui5_key":"etmportal.ui.manageyards.view.Newsap.m.Button{\"propertyName\":\"text\",\"key\":\"save\"}"}]}
RESULT: {"script":"<script> [1562 bytes]","args":[{"selector":{"controlType":"sap.m.Button","viewName":"etm.portal.ui.manageyards.view.New","viewId":"application-manageyards-display-component---NewYard","i18NText":{"propertyName":"text","key":"save"},"interaction":{"idSuffix":"BDI-content"}},"wdio_ui5_key":"etmportal.ui.manageyards.view.Newsap.m.Button{\"propertyName\":\"text\",\"key\":\"save\"}"}]}
RESULT: undefined
COMMAND: POST /session/cd477e99f4e247ef02c326ac6df7445e/element - {"using":"xpath","value":"//*[@id=\"__button18\"]"}
RESULT: {"using":"xpath","value":"//*[@id=\"__button18\"]"}
COMMAND: POST /session/cd477e99f4e247ef02c326ac6df7445e/element/f.375AD1BF2998C782D6149A43C57C8E27.d.1FBC5AF41B28803152462A59340D3BE9.e.549/click - {}
RESULT: {}
COMMAND: GET /session/cd477e99f4e247ef02c326ac6df7445e/screenshot - {}
RESULT: {}
COMMAND: POST /session/cd477e99f4e247ef02c326ac6df7445e/execute/async - {"script":"<script> [1562 bytes]","args":[{"selector":{"controlType":"sap.m.Text","viewName":"etm.portal.ui.manageyards.view.Detail","viewId":"application-manageyards-display-component---detailYard","bindingPath":{"propertyPath":"ID","modelName":"catalogModel"}},"wdio_ui5_key":"etmportal.ui.manageyards.view.Detailsap.m.Text{\"propertyPath\":\"ID\",\"modelName\":\"catalogModel\"}"}]}
RESULT: {"script":"<script> [1562 bytes]","args":[{"selector":{"controlType":"sap.m.Text","viewName":"etm.portal.ui.manageyards.view.Detail","viewId":"application-manageyards-display-component---detailYard","bindingPath":{"propertyPath":"ID","modelName":"catalogModel"}},"wdio_ui5_key":"etmportal.ui.manageyards.view.Detailsap.m.Text{\"propertyPath\":\"ID\",\"modelName\":\"catalogModel\"}"}]}
RESULT: undefined
COMMAND: POST /session/cd477e99f4e247ef02c326ac6df7445e/execute/async - {"script":"<script> [6424 bytes]","args":[{"element-6066-11e4-a52e-4f735466cecf":"f.375AD1BF2998C782D6149A43C57C8E27.d.1FBC5AF41B28803152462A59340D3BE9.e.802"},"getText",[]]}
RESULT: {"script":"<script> [6424 bytes]","args":[{"element-6066-11e4-a52e-4f735466cecf":"f.375AD1BF2998C782D6149A43C57C8E27.d.1FBC5AF41B28803152462A59340D3BE9.e.802"},"getText",[]]}
COMMAND: POST /session/cd477e99f4e247ef02c326ac6df7445e/element - {"using":"css selector","value":"#shell-header-logo"}
RESULT: {"using":"css selector","value":"#shell-header-logo"}
COMMAND: POST /session/cd477e99f4e247ef02c326ac6df7445e/element/f.375AD1BF2998C782D6149A43C57C8E27.d.1FBC5AF41B28803152462A59340D3BE9.e.114/click - {}
RESULT: {}
COMMAND: GET /session/cd477e99f4e247ef02c326ac6df7445e/screenshot - {}
RESULT: {}
]]></system-out>
    </testcase>
    <testcase classname="chrome.135_0_7049_96.windows.Create_masterdata_for_Yard_Overview_-_mass_return_US131057" name="Should create site" time="49.623">
      <system-out><![CDATA[
COMMAND: POST /session/cd477e99f4e247ef02c326ac6df7445e/execute/async - {"script":"<script> [1562 bytes]","args":[{"selector":{"controlType":"sap.m.GenericTile","properties":{"header":"Manage Sites"}},"wdio_ui5_key":"sapm.GenericTile{\"header\":\"Manage Sites\"}"}]}
RESULT: {"script":"<script> [1562 bytes]","args":[{"selector":{"controlType":"sap.m.GenericTile","properties":{"header":"Manage Sites"}},"wdio_ui5_key":"sapm.GenericTile{\"header\":\"Manage Sites\"}"}]}
RESULT: undefined
COMMAND: POST /session/cd477e99f4e247ef02c326ac6df7445e/element - {"using":"xpath","value":"//*[@id=\"__tile40\"]"}
RESULT: {"using":"xpath","value":"//*[@id=\"__tile40\"]"}
COMMAND: POST /session/cd477e99f4e247ef02c326ac6df7445e/element/f.375AD1BF2998C782D6149A43C57C8E27.d.1FBC5AF41B28803152462A59340D3BE9.e.804/click - {}
RESULT: {}
COMMAND: GET /session/cd477e99f4e247ef02c326ac6df7445e/screenshot - {}
RESULT: {}
COMMAND: POST /session/cd477e99f4e247ef02c326ac6df7445e/execute/async - {"script":"<script> [1562 bytes]","args":[{"selector":{"controlType":"sap.ui.core.Icon","viewName":"etm.portal.ui.managesites.view.Master","viewId":"application-managesites-display-component---masterSite","properties":{"src":{"regex":{"source":"add"}}}},"wdio_ui5_key":"etmportal.ui.managesites.view.Mastersap.ui.core.Icon{\"src\":{\"regex\":{\"source\":\"add\"}}}"}]}
RESULT: {"script":"<script> [1562 bytes]","args":[{"selector":{"controlType":"sap.ui.core.Icon","viewName":"etm.portal.ui.managesites.view.Master","viewId":"application-managesites-display-component---masterSite","properties":{"src":{"regex":{"source":"add"}}}},"wdio_ui5_key":"etmportal.ui.managesites.view.Mastersap.ui.core.Icon{\"src\":{\"regex\":{\"source\":\"add\"}}}"}]}
RESULT: undefined
COMMAND: POST /session/cd477e99f4e247ef02c326ac6df7445e/element - {"using":"xpath","value":"//*[@id=\"__button64-img\"]"}
RESULT: {"using":"xpath","value":"//*[@id=\"__button64-img\"]"}
COMMAND: POST /session/cd477e99f4e247ef02c326ac6df7445e/element/f.375AD1BF2998C782D6149A43C57C8E27.d.1FBC5AF41B28803152462A59340D3BE9.e.852/click - {}
RESULT: {}
COMMAND: GET /session/cd477e99f4e247ef02c326ac6df7445e/screenshot - {}
RESULT: {}
COMMAND: POST /session/cd477e99f4e247ef02c326ac6df7445e/execute/async - {"script":"<script> [1562 bytes]","args":[{"selector":{"controlType":"sap.m.Button","viewName":"etm.portal.ui.managesites.view.NewSmartSite","viewId":"application-managesites-display-component---NewSite","properties":{"text":"General Information"},"interaction":{"idSuffix":"BDI-content"}},"wdio_ui5_key":"etmportal.ui.managesites.view.NewSmartSitesap.m.Button{\"text\":\"General Information\"}"}]}
RESULT: {"script":"<script> [1562 bytes]","args":[{"selector":{"controlType":"sap.m.Button","viewName":"etm.portal.ui.managesites.view.NewSmartSite","viewId":"application-managesites-display-component---NewSite","properties":{"text":"General Information"},"interaction":{"idSuffix":"BDI-content"}},"wdio_ui5_key":"etmportal.ui.managesites.view.NewSmartSitesap.m.Button{\"text\":\"General Information\"}"}]}
RESULT: undefined
COMMAND: POST /session/cd477e99f4e247ef02c326ac6df7445e/element - {"using":"xpath","value":"//*[@id=\"application-managesites-display-component---NewSite--ObjectPageLayout-anchBar-__section31-anchor\"]"}
RESULT: {"using":"xpath","value":"//*[@id=\"application-managesites-display-component---NewSite--ObjectPageLayout-anchBar-__section31-anchor\"]"}
COMMAND: POST /session/cd477e99f4e247ef02c326ac6df7445e/element/f.375AD1BF2998C782D6149A43C57C8E27.d.1FBC5AF41B28803152462A59340D3BE9.e.1423/click - {}
RESULT: {}
COMMAND: POST /session/cd477e99f4e247ef02c326ac6df7445e/execute/async - {"script":"<script> [1562 bytes]","args":[{"selector":{"id":"application-managesites-display-component---NewSite--addressDetailDetailsName1","interaction":{"idSuffix":"inner"}},"wdio_ui5_key":"applicationmanagesites-display-component---NewSite--addressDetailDetailsName1"}]}
COMMAND: GET /session/cd477e99f4e247ef02c326ac6df7445e/screenshot - {}
RESULT: {"script":"<script> [1562 bytes]","args":[{"selector":{"id":"application-managesites-display-component---NewSite--addressDetailDetailsName1","interaction":{"idSuffix":"inner"}},"wdio_ui5_key":"applicationmanagesites-display-component---NewSite--addressDetailDetailsName1"}]}
RESULT: undefined
COMMAND: POST /session/cd477e99f4e247ef02c326ac6df7445e/execute/async - {"script":"<script> [776 bytes]","args":[{"enterText":"WDI5 Site","selector":{"id":"application-managesites-display-component---NewSite--addressDetailDetailsName1","interaction":{"idSuffix":"inner"}},"clearTextFirst":true,"interactionType":"ENTER_TEXT"}]}
RESULT: {}
RESULT: {"script":"<script> [776 bytes]","args":[{"enterText":"WDI5 Site","selector":{"id":"application-managesites-display-component---NewSite--addressDetailDetailsName1","interaction":{"idSuffix":"inner"}},"clearTextFirst":true,"interactionType":"ENTER_TEXT"}]}
COMMAND: POST /session/cd477e99f4e247ef02c326ac6df7445e/execute/async - {"script":"<script> [1562 bytes]","args":[{"selector":{"id":"application-managesites-display-component---NewSite--addressDetailDetailsLanguage","interaction":{"idSuffix":"inner"}},"wdio_ui5_key":"applicationmanagesites-display-component---NewSite--addressDetailDetailsLanguage"}]}
RESULT: {"script":"<script> [1562 bytes]","args":[{"selector":{"id":"application-managesites-display-component---NewSite--addressDetailDetailsLanguage","interaction":{"idSuffix":"inner"}},"wdio_ui5_key":"applicationmanagesites-display-component---NewSite--addressDetailDetailsLanguage"}]}
RESULT: undefined
COMMAND: POST /session/cd477e99f4e247ef02c326ac6df7445e/execute/async - {"script":"<script> [776 bytes]","args":[{"enterText":"Romanian","selector":{"id":"application-managesites-display-component---NewSite--addressDetailDetailsLanguage","interaction":{"idSuffix":"inner"}},"clearTextFirst":true,"interactionType":"ENTER_TEXT"}]}
RESULT: {"script":"<script> [776 bytes]","args":[{"enterText":"Romanian","selector":{"id":"application-managesites-display-component---NewSite--addressDetailDetailsLanguage","interaction":{"idSuffix":"inner"}},"clearTextFirst":true,"interactionType":"ENTER_TEXT"}]}
COMMAND: POST /session/cd477e99f4e247ef02c326ac6df7445e/execute/async - {"script":"<script> [1562 bytes]","args":[{"selector":{"id":"application-managesites-display-component---NewSite--addressDetailDetailsCity1","interaction":{"idSuffix":"inner"}},"wdio_ui5_key":"applicationmanagesites-display-component---NewSite--addressDetailDetailsCity1"}]}
RESULT: {"script":"<script> [1562 bytes]","args":[{"selector":{"id":"application-managesites-display-component---NewSite--addressDetailDetailsCity1","interaction":{"idSuffix":"inner"}},"wdio_ui5_key":"applicationmanagesites-display-component---NewSite--addressDetailDetailsCity1"}]}
RESULT: undefined
COMMAND: POST /session/cd477e99f4e247ef02c326ac6df7445e/execute/async - {"script":"<script> [776 bytes]","args":[{"enterText":"Bucharest","selector":{"id":"application-managesites-display-component---NewSite--addressDetailDetailsCity1","interaction":{"idSuffix":"inner"}},"clearTextFirst":true,"interactionType":"ENTER_TEXT"}]}
RESULT: {"script":"<script> [776 bytes]","args":[{"enterText":"Bucharest","selector":{"id":"application-managesites-display-component---NewSite--addressDetailDetailsCity1","interaction":{"idSuffix":"inner"}},"clearTextFirst":true,"interactionType":"ENTER_TEXT"}]}
COMMAND: POST /session/cd477e99f4e247ef02c326ac6df7445e/execute/async - {"script":"<script> [1562 bytes]","args":[{"selector":{"id":"application-managesites-display-component---NewSite--addressDetailDetailsCountry","interaction":{"idSuffix":"inner"}},"wdio_ui5_key":"applicationmanagesites-display-component---NewSite--addressDetailDetailsCountry"}]}
RESULT: {"script":"<script> [1562 bytes]","args":[{"selector":{"id":"application-managesites-display-component---NewSite--addressDetailDetailsCountry","interaction":{"idSuffix":"inner"}},"wdio_ui5_key":"applicationmanagesites-display-component---NewSite--addressDetailDetailsCountry"}]}
RESULT: undefined
COMMAND: POST /session/cd477e99f4e247ef02c326ac6df7445e/execute/async - {"script":"<script> [6424 bytes]","args":[{"element-6066-11e4-a52e-4f735466cecf":"f.375AD1BF2998C782D6149A43C57C8E27.d.1FBC5AF41B28803152462A59340D3BE9.e.1213"},"setValue",["Romania"]]}
RESULT: {"script":"<script> [6424 bytes]","args":[{"element-6066-11e4-a52e-4f735466cecf":"f.375AD1BF2998C782D6149A43C57C8E27.d.1FBC5AF41B28803152462A59340D3BE9.e.1213"},"setValue",["Romania"]]}
COMMAND: POST /session/cd477e99f4e247ef02c326ac6df7445e/execute/async - {"script":"<script> [1562 bytes]","args":[{"selector":{"id":"application-managesites-display-component---NewSite--addressDetailDetailsCalendar","interaction":{"idSuffix":"inner"}},"wdio_ui5_key":"applicationmanagesites-display-component---NewSite--addressDetailDetailsCalendar"}]}
RESULT: {"script":"<script> [1562 bytes]","args":[{"selector":{"id":"application-managesites-display-component---NewSite--addressDetailDetailsCalendar","interaction":{"idSuffix":"inner"}},"wdio_ui5_key":"applicationmanagesites-display-component---NewSite--addressDetailDetailsCalendar"}]}
RESULT: undefined
COMMAND: POST /session/cd477e99f4e247ef02c326ac6df7445e/execute/async - {"script":"<script> [776 bytes]","args":[{"enterText":"8 - Germany (Standard)","selector":{"id":"application-managesites-display-component---NewSite--addressDetailDetailsCalendar","interaction":{"idSuffix":"inner"}},"clearTextFirst":true,"interactionType":"ENTER_TEXT"}]}
RESULT: {"script":"<script> [776 bytes]","args":[{"enterText":"8 - Germany (Standard)","selector":{"id":"application-managesites-display-component---NewSite--addressDetailDetailsCalendar","interaction":{"idSuffix":"inner"}},"clearTextFirst":true,"interactionType":"ENTER_TEXT"}]}
COMMAND: POST /session/cd477e99f4e247ef02c326ac6df7445e/element - {"using":"xpath","value":"//input[@id=\"application-managesites-display-component---NewSite--addressDetailDetailsYard-inner\"]"}
RESULT: {"using":"xpath","value":"//input[@id=\"application-managesites-display-component---NewSite--addressDetailDetailsYard-inner\"]"}
COMMAND: POST /session/cd477e99f4e247ef02c326ac6df7445e/element/f.375AD1BF2998C782D6149A43C57C8E27.d.1FBC5AF41B28803152462A59340D3BE9.e.1224/clear - {}
RESULT: {}
COMMAND: POST /session/cd477e99f4e247ef02c326ac6df7445e/element/f.375AD1BF2998C782D6149A43C57C8E27.d.1FBC5AF41B28803152462A59340D3BE9.e.1224/value - {"text":"warehousemanagedYardi41e0f"}
COMMAND: GET /session/cd477e99f4e247ef02c326ac6df7445e/screenshot - {}
RESULT: {"text":"warehousemanagedYardi41e0f"}
COMMAND: GET /session/cd477e99f4e247ef02c326ac6df7445e/screenshot - {}
RESULT: {}
RESULT: {}
COMMAND: POST /session/cd477e99f4e247ef02c326ac6df7445e/execute/async - {"script":"<script> [1562 bytes]","args":[{"selector":{"controlType":"sap.m.Button","viewName":"etm.portal.ui.managesites.view.NewSmartSite","viewId":"application-managesites-display-component---NewSite","properties":{"text":"Commercial"},"interaction":{"idSuffix":"BDI-content"}},"wdio_ui5_key":"etmportal.ui.managesites.view.NewSmartSitesap.m.Button{\"text\":\"Commercial\"}"}]}
RESULT: {"script":"<script> [1562 bytes]","args":[{"selector":{"controlType":"sap.m.Button","viewName":"etm.portal.ui.managesites.view.NewSmartSite","viewId":"application-managesites-display-component---NewSite","properties":{"text":"Commercial"},"interaction":{"idSuffix":"BDI-content"}},"wdio_ui5_key":"etmportal.ui.managesites.view.NewSmartSitesap.m.Button{\"text\":\"Commercial\"}"}]}
RESULT: undefined
COMMAND: POST /session/cd477e99f4e247ef02c326ac6df7445e/element - {"using":"xpath","value":"//*[@id=\"application-managesites-display-component---NewSite--ObjectPageLayout-anchBar-__section33-anchor\"]"}
RESULT: {"using":"xpath","value":"//*[@id=\"application-managesites-display-component---NewSite--ObjectPageLayout-anchBar-__section33-anchor\"]"}
COMMAND: POST /session/cd477e99f4e247ef02c326ac6df7445e/element/f.375AD1BF2998C782D6149A43C57C8E27.d.1FBC5AF41B28803152462A59340D3BE9.e.1432/click - {}
RESULT: {}
COMMAND: POST /session/cd477e99f4e247ef02c326ac6df7445e/execute/async - {"script":"<script> [1562 bytes]","args":[{"selector":{"controlType":"sap.m.Button","viewName":"etm.portal.ui.managesites.view.NewSmartSite","viewId":"application-managesites-display-component---NewSite","i18NText":{"propertyName":"text","key":"save"},"interaction":{"idSuffix":"BDI-content"}},"wdio_ui5_key":"etmportal.ui.managesites.view.NewSmartSitesap.m.Button{\"propertyName\":\"text\",\"key\":\"save\"}"}]}
COMMAND: GET /session/cd477e99f4e247ef02c326ac6df7445e/screenshot - {}
RESULT: {"script":"<script> [1562 bytes]","args":[{"selector":{"controlType":"sap.m.Button","viewName":"etm.portal.ui.managesites.view.NewSmartSite","viewId":"application-managesites-display-component---NewSite","i18NText":{"propertyName":"text","key":"save"},"interaction":{"idSuffix":"BDI-content"}},"wdio_ui5_key":"etmportal.ui.managesites.view.NewSmartSitesap.m.Button{\"propertyName\":\"text\",\"key\":\"save\"}"}]}
RESULT: undefined
COMMAND: POST /session/cd477e99f4e247ef02c326ac6df7445e/element - {"using":"xpath","value":"//*[@id=\"__button76\"]"}
RESULT: {}
RESULT: {"using":"xpath","value":"//*[@id=\"__button76\"]"}
COMMAND: POST /session/cd477e99f4e247ef02c326ac6df7445e/element/f.375AD1BF2998C782D6149A43C57C8E27.d.1FBC5AF41B28803152462A59340D3BE9.e.1407/click - {}
RESULT: {}
COMMAND: GET /session/cd477e99f4e247ef02c326ac6df7445e/screenshot - {}
RESULT: {}
COMMAND: POST /session/cd477e99f4e247ef02c326ac6df7445e/execute/async - {"script":"<script> [1562 bytes]","args":[{"selector":{"controlType":"sap.m.Text","viewName":"etm.portal.ui.managesites.view.Detail","viewId":"application-managesites-display-component---detailSite","bindingPath":{"propertyPath":"ID","modelName":"catalogModel"}},"wdio_ui5_key":"etmportal.ui.managesites.view.Detailsap.m.Text{\"propertyPath\":\"ID\",\"modelName\":\"catalogModel\"}"}]}
RESULT: {"script":"<script> [1562 bytes]","args":[{"selector":{"controlType":"sap.m.Text","viewName":"etm.portal.ui.managesites.view.Detail","viewId":"application-managesites-display-component---detailSite","bindingPath":{"propertyPath":"ID","modelName":"catalogModel"}},"wdio_ui5_key":"etmportal.ui.managesites.view.Detailsap.m.Text{\"propertyPath\":\"ID\",\"modelName\":\"catalogModel\"}"}]}
RESULT: undefined
COMMAND: POST /session/cd477e99f4e247ef02c326ac6df7445e/execute/async - {"script":"<script> [6424 bytes]","args":[{"element-6066-11e4-a52e-4f735466cecf":"f.375AD1BF2998C782D6149A43C57C8E27.d.1FBC5AF41B28803152462A59340D3BE9.e.1631"},"getText",[]]}
RESULT: {"script":"<script> [6424 bytes]","args":[{"element-6066-11e4-a52e-4f735466cecf":"f.375AD1BF2998C782D6149A43C57C8E27.d.1FBC5AF41B28803152462A59340D3BE9.e.1631"},"getText",[]]}
COMMAND: POST /session/cd477e99f4e247ef02c326ac6df7445e/execute/async - {"script":"<script> [1562 bytes]","args":[{"selector":{"controlType":"sap.m.Label","viewName":"etm.portal.ui.managesites.view.Detail","viewId":"application-managesites-display-component---detailSite","i18NText":{"propertyName":"text","key":"status"}},"wdio_ui5_key":"etmportal.ui.managesites.view.Detailsap.m.Label{\"propertyName\":\"text\",\"key\":\"status\"}"}]}
RESULT: {"script":"<script> [1562 bytes]","args":[{"selector":{"controlType":"sap.m.Label","viewName":"etm.portal.ui.managesites.view.Detail","viewId":"application-managesites-display-component---detailSite","i18NText":{"propertyName":"text","key":"status"}},"wdio_ui5_key":"etmportal.ui.managesites.view.Detailsap.m.Label{\"propertyName\":\"text\",\"key\":\"status\"}"}]}
RESULT: undefined
COMMAND: POST /session/cd477e99f4e247ef02c326ac6df7445e/execute/async - {"script":"<script> [6424 bytes]","args":[{"element-6066-11e4-a52e-4f735466cecf":"f.375AD1BF2998C782D6149A43C57C8E27.d.1FBC5AF41B28803152462A59340D3BE9.e.1619"},"getText",[]]}
RESULT: {"script":"<script> [6424 bytes]","args":[{"element-6066-11e4-a52e-4f735466cecf":"f.375AD1BF2998C782D6149A43C57C8E27.d.1FBC5AF41B28803152462A59340D3BE9.e.1619"},"getText",[]]}
RESULT: undefined
COMMAND: POST /session/cd477e99f4e247ef02c326ac6df7445e/element - {"using":"xpath","value":"//*[@id=\"shell-header\"]"}
RESULT: {"using":"xpath","value":"//*[@id=\"shell-header\"]"}
COMMAND: POST /session/cd477e99f4e247ef02c326ac6df7445e/element/f.375AD1BF2998C782D6149A43C57C8E27.d.1FBC5AF41B28803152462A59340D3BE9.e.1632/click - {}
RESULT: {}
COMMAND: POST /session/cd477e99f4e247ef02c326ac6df7445e/element - {"using":"css selector","value":"#shell-header-logo"}
COMMAND: GET /session/cd477e99f4e247ef02c326ac6df7445e/screenshot - {}
RESULT: {"using":"css selector","value":"#shell-header-logo"}
COMMAND: POST /session/cd477e99f4e247ef02c326ac6df7445e/element/f.375AD1BF2998C782D6149A43C57C8E27.d.1FBC5AF41B28803152462A59340D3BE9.e.808/click - {}
RESULT: {}
RESULT: {}
]]></system-out>
    </testcase>
    <testcase classname="chrome.135_0_7049_96.windows.Create_masterdata_for_Yard_Overview_-_mass_return_US131057" name="Should create Partner" time="60.455">
      <system-out><![CDATA[
COMMAND: POST /session/cd477e99f4e247ef02c326ac6df7445e/execute/async - {"script":"<script> [1562 bytes]","args":[{"selector":{"controlType":"sap.m.GenericTile","properties":{"header":"Manage Partners"}},"wdio_ui5_key":"sapm.GenericTile{\"header\":\"Manage Partners\"}"}]}
COMMAND: GET /session/cd477e99f4e247ef02c326ac6df7445e/screenshot - {}
RESULT: {"script":"<script> [1562 bytes]","args":[{"selector":{"controlType":"sap.m.GenericTile","properties":{"header":"Manage Partners"}},"wdio_ui5_key":"sapm.GenericTile{\"header\":\"Manage Partners\"}"}]}
RESULT: undefined
COMMAND: POST /session/cd477e99f4e247ef02c326ac6df7445e/element - {"using":"xpath","value":"//*[@id=\"__tile38\"]"}
RESULT: {}
RESULT: {"using":"xpath","value":"//*[@id=\"__tile38\"]"}
COMMAND: POST /session/cd477e99f4e247ef02c326ac6df7445e/element/f.375AD1BF2998C782D6149A43C57C8E27.d.1FBC5AF41B28803152462A59340D3BE9.e.1638/click - {}
RESULT: {}
COMMAND: GET /session/cd477e99f4e247ef02c326ac6df7445e/screenshot - {}
RESULT: {}
COMMAND: POST /session/cd477e99f4e247ef02c326ac6df7445e/element - {"using":"xpath","value":"//button[(@data-kt = 'addButton')]"}
RESULT: {"using":"xpath","value":"//button[(@data-kt = 'addButton')]"}
COMMAND: POST /session/cd477e99f4e247ef02c326ac6df7445e/elements - {"using":"xpath","value":"//button[(@data-kt = 'addButton')]"}
RESULT: {"using":"xpath","value":"//button[(@data-kt = 'addButton')]"}
COMMAND: POST /session/cd477e99f4e247ef02c326ac6df7445e/elements - {"using":"xpath","value":"//button[(@data-kt = 'addButton')]"}
RESULT: {"using":"xpath","value":"//button[(@data-kt = 'addButton')]"}
COMMAND: POST /session/cd477e99f4e247ef02c326ac6df7445e/elements - {"using":"xpath","value":"//button[(@data-kt = 'addButton')]"}
RESULT: {"using":"xpath","value":"//button[(@data-kt = 'addButton')]"}
COMMAND: POST /session/cd477e99f4e247ef02c326ac6df7445e/elements - {"using":"xpath","value":"//button[(@data-kt = 'addButton')]"}
RESULT: {"using":"xpath","value":"//button[(@data-kt = 'addButton')]"}
COMMAND: POST /session/cd477e99f4e247ef02c326ac6df7445e/element - {"using":"xpath","value":"//button[(@data-kt = 'addButton')]"}
RESULT: {"using":"xpath","value":"//button[(@data-kt = 'addButton')]"}
COMMAND: POST /session/cd477e99f4e247ef02c326ac6df7445e/element/f.375AD1BF2998C782D6149A43C57C8E27.d.1FBC5AF41B28803152462A59340D3BE9.e.1687/click - {}
RESULT: {}
COMMAND: POST /session/cd477e99f4e247ef02c326ac6df7445e/execute/async - {"script":"<script> [1562 bytes]","args":[{"selector":{"id":"application-managepartners-display-component---NewPartner--addressDetailDetailsName1","interaction":{"idSuffix":"inner"}},"wdio_ui5_key":"applicationmanagepartners-display-component---NewPartner--addressDetailDetailsName1"}]}
COMMAND: GET /session/cd477e99f4e247ef02c326ac6df7445e/screenshot - {}
RESULT: {"script":"<script> [1562 bytes]","args":[{"selector":{"id":"application-managepartners-display-component---NewPartner--addressDetailDetailsName1","interaction":{"idSuffix":"inner"}},"wdio_ui5_key":"applicationmanagepartners-display-component---NewPartner--addressDetailDetailsName1"}]}
RESULT: undefined
COMMAND: POST /session/cd477e99f4e247ef02c326ac6df7445e/execute/async - {"script":"<script> [776 bytes]","args":[{"enterText":"WDI5-Partners","selector":{"id":"application-managepartners-display-component---NewPartner--addressDetailDetailsName1","interaction":{"idSuffix":"inner"}},"clearTextFirst":true,"interactionType":"ENTER_TEXT"}]}
RESULT: {}
RESULT: {"script":"<script> [776 bytes]","args":[{"enterText":"WDI5-Partners","selector":{"id":"application-managepartners-display-component---NewPartner--addressDetailDetailsName1","interaction":{"idSuffix":"inner"}},"clearTextFirst":true,"interactionType":"ENTER_TEXT"}]}
COMMAND: POST /session/cd477e99f4e247ef02c326ac6df7445e/execute/async - {"script":"<script> [1562 bytes]","args":[{"selector":{"id":"application-managepartners-display-component---NewPartner--addressDetailDetailsLanguage-arrow"},"wdio_ui5_key":"applicationmanagepartners-display-component---NewPartner--addressDetailDetailsLanguage-arrow"}]}
RESULT: {"script":"<script> [1562 bytes]","args":[{"selector":{"id":"application-managepartners-display-component---NewPartner--addressDetailDetailsLanguage-arrow"},"wdio_ui5_key":"applicationmanagepartners-display-component---NewPartner--addressDetailDetailsLanguage-arrow"}]}
RESULT: undefined
COMMAND: POST /session/cd477e99f4e247ef02c326ac6df7445e/element - {"using":"xpath","value":"//*[@id=\"application-managepartners-display-component---NewPartner--addressDetailDetailsLanguage-arrow\"]"}
RESULT: {"using":"xpath","value":"//*[@id=\"application-managepartners-display-component---NewPartner--addressDetailDetailsLanguage-arrow\"]"}
COMMAND: POST /session/cd477e99f4e247ef02c326ac6df7445e/element/f.375AD1BF2998C782D6149A43C57C8E27.d.1FBC5AF41B28803152462A59340D3BE9.e.2110/click - {}
RESULT: {}
COMMAND: POST /session/cd477e99f4e247ef02c326ac6df7445e/execute/async - {"script":"<script> [1562 bytes]","args":[{"selector":{"controlType":"sap.m.StandardListItem","viewName":"etm.portal.ui.managepartners.view.NewPartner","viewId":"application-managepartners-display-component---NewPartner","properties":{"title":"English"},"searchOpenDialogs":true,"interaction":{"idSuffix":"content"}},"wdio_ui5_key":"etmportal.ui.managepartners.view.NewPartnersap.m.StandardListItem{\"title\":\"English\"}"}]}
COMMAND: GET /session/cd477e99f4e247ef02c326ac6df7445e/screenshot - {}
RESULT: {"script":"<script> [1562 bytes]","args":[{"selector":{"controlType":"sap.m.StandardListItem","viewName":"etm.portal.ui.managepartners.view.NewPartner","viewId":"application-managepartners-display-component---NewPartner","properties":{"title":"English"},"searchOpenDialogs":true,"interaction":{"idSuffix":"content"}},"wdio_ui5_key":"etmportal.ui.managepartners.view.NewPartnersap.m.StandardListItem{\"title\":\"English\"}"}]}
RESULT: undefined
COMMAND: POST /session/cd477e99f4e247ef02c326ac6df7445e/element - {"using":"xpath","value":"//*[@id=\"__item1321\"]"}
RESULT: {}
RESULT: {"using":"xpath","value":"//*[@id=\"__item1321\"]"}
COMMAND: POST /session/cd477e99f4e247ef02c326ac6df7445e/element/f.375AD1BF2998C782D6149A43C57C8E27.d.1FBC5AF41B28803152462A59340D3BE9.e.2112/click - {}
RESULT: {}
COMMAND: POST /session/cd477e99f4e247ef02c326ac6df7445e/execute/async - {"script":"<script> [1562 bytes]","args":[{"selector":{"id":"application-managepartners-display-component---NewPartner--addressDetailDetailsCity1","interaction":{"idSuffix":"inner"}},"wdio_ui5_key":"applicationmanagepartners-display-component---NewPartner--addressDetailDetailsCity1"}]}
COMMAND: GET /session/cd477e99f4e247ef02c326ac6df7445e/screenshot - {}
RESULT: {"script":"<script> [1562 bytes]","args":[{"selector":{"id":"application-managepartners-display-component---NewPartner--addressDetailDetailsCity1","interaction":{"idSuffix":"inner"}},"wdio_ui5_key":"applicationmanagepartners-display-component---NewPartner--addressDetailDetailsCity1"}]}
RESULT: undefined
COMMAND: POST /session/cd477e99f4e247ef02c326ac6df7445e/execute/async - {"script":"<script> [776 bytes]","args":[{"enterText":"Bangalore","selector":{"id":"application-managepartners-display-component---NewPartner--addressDetailDetailsCity1","interaction":{"idSuffix":"inner"}},"clearTextFirst":true,"interactionType":"ENTER_TEXT"}]}
RESULT: {}
RESULT: {"script":"<script> [776 bytes]","args":[{"enterText":"Bangalore","selector":{"id":"application-managepartners-display-component---NewPartner--addressDetailDetailsCity1","interaction":{"idSuffix":"inner"}},"clearTextFirst":true,"interactionType":"ENTER_TEXT"}]}
COMMAND: POST /session/cd477e99f4e247ef02c326ac6df7445e/execute/async - {"script":"<script> [1562 bytes]","args":[{"selector":{"id":"application-managepartners-display-component---NewPartner--addressDetailDetailsCountry-arrow"},"wdio_ui5_key":"applicationmanagepartners-display-component---NewPartner--addressDetailDetailsCountry-arrow"}]}
RESULT: {"script":"<script> [1562 bytes]","args":[{"selector":{"id":"application-managepartners-display-component---NewPartner--addressDetailDetailsCountry-arrow"},"wdio_ui5_key":"applicationmanagepartners-display-component---NewPartner--addressDetailDetailsCountry-arrow"}]}
RESULT: undefined
COMMAND: POST /session/cd477e99f4e247ef02c326ac6df7445e/element - {"using":"xpath","value":"//*[@id=\"application-managepartners-display-component---NewPartner--addressDetailDetailsCountry-arrow\"]"}
RESULT: {"using":"xpath","value":"//*[@id=\"application-managepartners-display-component---NewPartner--addressDetailDetailsCountry-arrow\"]"}
COMMAND: POST /session/cd477e99f4e247ef02c326ac6df7445e/element/f.375AD1BF2998C782D6149A43C57C8E27.d.1FBC5AF41B28803152462A59340D3BE9.e.2114/click - {}
RESULT: {}
COMMAND: POST /session/cd477e99f4e247ef02c326ac6df7445e/execute/async - {"script":"<script> [1562 bytes]","args":[{"selector":{"id":"application-managepartners-display-component---NewPartner--addressDetailDetailsCountry","interaction":{"idSuffix":"inner"}},"wdio_ui5_key":"applicationmanagepartners-display-component---NewPartner--addressDetailDetailsCountry"}]}
COMMAND: GET /session/cd477e99f4e247ef02c326ac6df7445e/screenshot - {}
RESULT: {"script":"<script> [1562 bytes]","args":[{"selector":{"id":"application-managepartners-display-component---NewPartner--addressDetailDetailsCountry","interaction":{"idSuffix":"inner"}},"wdio_ui5_key":"applicationmanagepartners-display-component---NewPartner--addressDetailDetailsCountry"}]}
RESULT: undefined
COMMAND: POST /session/cd477e99f4e247ef02c326ac6df7445e/execute/async - {"script":"<script> [776 bytes]","args":[{"enterText":"India","selector":{"id":"application-managepartners-display-component---NewPartner--addressDetailDetailsCountry","interaction":{"idSuffix":"inner"}},"clearTextFirst":true,"interactionType":"ENTER_TEXT"}]}
RESULT: {}
RESULT: {"script":"<script> [776 bytes]","args":[{"enterText":"India","selector":{"id":"application-managepartners-display-component---NewPartner--addressDetailDetailsCountry","interaction":{"idSuffix":"inner"}},"clearTextFirst":true,"interactionType":"ENTER_TEXT"}]}
COMMAND: POST /session/cd477e99f4e247ef02c326ac6df7445e/execute/async - {"script":"<script> [1562 bytes]","args":[{"selector":{"controlType":"sap.m.StandardListItem","viewName":"etm.portal.ui.managepartners.view.NewPartner","viewId":"application-managepartners-display-component---NewPartner","properties":{"title":"India"},"searchOpenDialogs":true,"interaction":{"idSuffix":"content"}},"wdio_ui5_key":"etmportal.ui.managepartners.view.NewPartnersap.m.StandardListItem{\"title\":\"India\"}"}]}
RESULT: {"script":"<script> [1562 bytes]","args":[{"selector":{"controlType":"sap.m.StandardListItem","viewName":"etm.portal.ui.managepartners.view.NewPartner","viewId":"application-managepartners-display-component---NewPartner","properties":{"title":"India"},"searchOpenDialogs":true,"interaction":{"idSuffix":"content"}},"wdio_ui5_key":"etmportal.ui.managepartners.view.NewPartnersap.m.StandardListItem{\"title\":\"India\"}"}]}
RESULT: undefined
COMMAND: POST /session/cd477e99f4e247ef02c326ac6df7445e/execute/async - {"script":"<script> [1562 bytes]","args":[{"selector":{"controlType":"sap.m.Button","viewName":"etm.portal.ui.managepartners.view.NewPartner","viewId":"application-managepartners-display-component---NewPartner","properties":{"text":"Commercial"},"interaction":{"idSuffix":"BDI-content"}},"wdio_ui5_key":"etmportal.ui.managepartners.view.NewPartnersap.m.Button{\"text\":\"Commercial\"}"}]}
RESULT: {"script":"<script> [1562 bytes]","args":[{"selector":{"controlType":"sap.m.Button","viewName":"etm.portal.ui.managepartners.view.NewPartner","viewId":"application-managepartners-display-component---NewPartner","properties":{"text":"Commercial"},"interaction":{"idSuffix":"BDI-content"}},"wdio_ui5_key":"etmportal.ui.managepartners.view.NewPartnersap.m.Button{\"text\":\"Commercial\"}"}]}
RESULT: undefined
COMMAND: POST /session/cd477e99f4e247ef02c326ac6df7445e/element - {"using":"xpath","value":"//*[@id=\"application-managepartners-display-component---NewPartner--ObjectPageLayout-anchBar-__section57-anchor\"]"}
RESULT: {"using":"xpath","value":"//*[@id=\"application-managepartners-display-component---NewPartner--ObjectPageLayout-anchBar-__section57-anchor\"]"}
COMMAND: POST /session/cd477e99f4e247ef02c326ac6df7445e/element/f.375AD1BF2998C782D6149A43C57C8E27.d.1FBC5AF41B28803152462A59340D3BE9.e.2119/click - {}
RESULT: {}
COMMAND: POST /session/cd477e99f4e247ef02c326ac6df7445e/execute/async - {"script":"<script> [1562 bytes]","args":[{"selector":{"id":"application-managepartners-display-component---NewPartner--partnerDetailInternal-arrow"},"wdio_ui5_key":"applicationmanagepartners-display-component---NewPartner--partnerDetailInternal-arrow"}]}
COMMAND: GET /session/cd477e99f4e247ef02c326ac6df7445e/screenshot - {}
RESULT: {"script":"<script> [1562 bytes]","args":[{"selector":{"id":"application-managepartners-display-component---NewPartner--partnerDetailInternal-arrow"},"wdio_ui5_key":"applicationmanagepartners-display-component---NewPartner--partnerDetailInternal-arrow"}]}
RESULT: undefined
COMMAND: POST /session/cd477e99f4e247ef02c326ac6df7445e/element - {"using":"xpath","value":"//*[@id=\"application-managepartners-display-component---NewPartner--partnerDetailInternal-arrow\"]"}
RESULT: {}
RESULT: {"using":"xpath","value":"//*[@id=\"application-managepartners-display-component---NewPartner--partnerDetailInternal-arrow\"]"}
COMMAND: POST /session/cd477e99f4e247ef02c326ac6df7445e/element/f.375AD1BF2998C782D6149A43C57C8E27.d.1FBC5AF41B28803152462A59340D3BE9.e.2124/click - {}
RESULT: {}
COMMAND: POST /session/cd477e99f4e247ef02c326ac6df7445e/execute/async - {"script":"<script> [1562 bytes]","args":[{"selector":{"controlType":"sap.m.StandardListItem","viewName":"etm.portal.ui.managepartners.view.NewPartner","viewId":"application-managepartners-display-component---NewPartner","properties":{"title":"External partner"},"searchOpenDialogs":true,"interaction":{"idSuffix":"content"}},"wdio_ui5_key":"etmportal.ui.managepartners.view.NewPartnersap.m.StandardListItem{\"title\":\"External partner\"}"}]}
COMMAND: GET /session/cd477e99f4e247ef02c326ac6df7445e/screenshot - {}
RESULT: {"script":"<script> [1562 bytes]","args":[{"selector":{"controlType":"sap.m.StandardListItem","viewName":"etm.portal.ui.managepartners.view.NewPartner","viewId":"application-managepartners-display-component---NewPartner","properties":{"title":"External partner"},"searchOpenDialogs":true,"interaction":{"idSuffix":"content"}},"wdio_ui5_key":"etmportal.ui.managepartners.view.NewPartnersap.m.StandardListItem{\"title\":\"External partner\"}"}]}
RESULT: undefined
COMMAND: POST /session/cd477e99f4e247ef02c326ac6df7445e/element - {"using":"xpath","value":"//*[@id=\"__item1455\"]"}
RESULT: {}
RESULT: {"using":"xpath","value":"//*[@id=\"__item1455\"]"}
COMMAND: POST /session/cd477e99f4e247ef02c326ac6df7445e/element/f.375AD1BF2998C782D6149A43C57C8E27.d.1FBC5AF41B28803152462A59340D3BE9.e.2127/click - {}
RESULT: {}
COMMAND: POST /session/cd477e99f4e247ef02c326ac6df7445e/execute/async - {"script":"<script> [1562 bytes]","args":[{"selector":{"id":"application-managepartners-display-component---NewPartner--partnerDetailsCurrency-arrow"},"wdio_ui5_key":"applicationmanagepartners-display-component---NewPartner--partnerDetailsCurrency-arrow"}]}
COMMAND: GET /session/cd477e99f4e247ef02c326ac6df7445e/screenshot - {}
RESULT: {"script":"<script> [1562 bytes]","args":[{"selector":{"id":"application-managepartners-display-component---NewPartner--partnerDetailsCurrency-arrow"},"wdio_ui5_key":"applicationmanagepartners-display-component---NewPartner--partnerDetailsCurrency-arrow"}]}
RESULT: undefined
COMMAND: POST /session/cd477e99f4e247ef02c326ac6df7445e/element - {"using":"xpath","value":"//*[@id=\"application-managepartners-display-component---NewPartner--partnerDetailsCurrency-arrow\"]"}
RESULT: {}
RESULT: {"using":"xpath","value":"//*[@id=\"application-managepartners-display-component---NewPartner--partnerDetailsCurrency-arrow\"]"}
COMMAND: POST /session/cd477e99f4e247ef02c326ac6df7445e/element/f.375AD1BF2998C782D6149A43C57C8E27.d.1FBC5AF41B28803152462A59340D3BE9.e.2132/click - {}
RESULT: {}
COMMAND: POST /session/cd477e99f4e247ef02c326ac6df7445e/execute/async - {"script":"<script> [1562 bytes]","args":[{"selector":{"controlType":"sap.m.StandardListItem","viewName":"etm.portal.ui.managepartners.view.NewPartner","viewId":"application-managepartners-display-component---NewPartner","properties":{"title":"Euro"},"searchOpenDialogs":true,"interaction":{"idSuffix":"content"}},"wdio_ui5_key":"etmportal.ui.managepartners.view.NewPartnersap.m.StandardListItem{\"title\":\"Euro\"}"}]}
COMMAND: GET /session/cd477e99f4e247ef02c326ac6df7445e/screenshot - {}
RESULT: {"script":"<script> [1562 bytes]","args":[{"selector":{"controlType":"sap.m.StandardListItem","viewName":"etm.portal.ui.managepartners.view.NewPartner","viewId":"application-managepartners-display-component---NewPartner","properties":{"title":"Euro"},"searchOpenDialogs":true,"interaction":{"idSuffix":"content"}},"wdio_ui5_key":"etmportal.ui.managepartners.view.NewPartnersap.m.StandardListItem{\"title\":\"Euro\"}"}]}
RESULT: undefined
COMMAND: POST /session/cd477e99f4e247ef02c326ac6df7445e/element - {"using":"xpath","value":"//*[@id=\"__item1457\"]"}
RESULT: {}
RESULT: {"using":"xpath","value":"//*[@id=\"__item1457\"]"}
COMMAND: POST /session/cd477e99f4e247ef02c326ac6df7445e/element/f.375AD1BF2998C782D6149A43C57C8E27.d.1FBC5AF41B28803152462A59340D3BE9.e.2134/click - {}
RESULT: {}
COMMAND: POST /session/cd477e99f4e247ef02c326ac6df7445e/execute/async - {"script":"<script> [1562 bytes]","args":[{"selector":{"id":"application-managepartners-display-component---NewPartner--companyCodeComboBox","interaction":{"idSuffix":"inner"}},"wdio_ui5_key":"applicationmanagepartners-display-component---NewPartner--companyCodeComboBox"}]}
COMMAND: GET /session/cd477e99f4e247ef02c326ac6df7445e/screenshot - {}
RESULT: {"script":"<script> [1562 bytes]","args":[{"selector":{"id":"application-managepartners-display-component---NewPartner--companyCodeComboBox","interaction":{"idSuffix":"inner"}},"wdio_ui5_key":"applicationmanagepartners-display-component---NewPartner--companyCodeComboBox"}]}
RESULT: undefined
COMMAND: POST /session/cd477e99f4e247ef02c326ac6df7445e/execute/async - {"script":"<script> [776 bytes]","args":[{"enterText":"1000","selector":{"id":"application-managepartners-display-component---NewPartner--companyCodeComboBox","interaction":{"idSuffix":"inner"}},"clearTextFirst":true,"interactionType":"ENTER_TEXT"}]}
RESULT: {}
RESULT: {"script":"<script> [776 bytes]","args":[{"enterText":"1000","selector":{"id":"application-managepartners-display-component---NewPartner--companyCodeComboBox","interaction":{"idSuffix":"inner"}},"clearTextFirst":true,"interactionType":"ENTER_TEXT"}]}
COMMAND: POST /session/cd477e99f4e247ef02c326ac6df7445e/execute/async - {"script":"<script> [1562 bytes]","args":[{"selector":{"controlType":"sap.m.Button","viewName":"etm.portal.ui.managepartners.view.NewPartner","viewId":"application-managepartners-display-component---NewPartner","properties":{"text":"Assignments"},"interaction":{"idSuffix":"BDI-content"}},"wdio_ui5_key":"etmportal.ui.managepartners.view.NewPartnersap.m.Button{\"text\":\"Assignments\"}"}]}
RESULT: {"script":"<script> [1562 bytes]","args":[{"selector":{"controlType":"sap.m.Button","viewName":"etm.portal.ui.managepartners.view.NewPartner","viewId":"application-managepartners-display-component---NewPartner","properties":{"text":"Assignments"},"interaction":{"idSuffix":"BDI-content"}},"wdio_ui5_key":"etmportal.ui.managepartners.view.NewPartnersap.m.Button{\"text\":\"Assignments\"}"}]}
RESULT: undefined
COMMAND: POST /session/cd477e99f4e247ef02c326ac6df7445e/element - {"using":"xpath","value":"//*[@id=\"application-managepartners-display-component---NewPartner--ObjectPageLayout-anchBar-__section61-anchor\"]"}
RESULT: {"using":"xpath","value":"//*[@id=\"application-managepartners-display-component---NewPartner--ObjectPageLayout-anchBar-__section61-anchor\"]"}
COMMAND: POST /session/cd477e99f4e247ef02c326ac6df7445e/element/f.375AD1BF2998C782D6149A43C57C8E27.d.1FBC5AF41B28803152462A59340D3BE9.e.2138/click - {}
RESULT: {}
COMMAND: POST /session/cd477e99f4e247ef02c326ac6df7445e/execute/async - {"script":"<script> [1562 bytes]","args":[{"selector":{"id":"application-managepartners-display-component---NewPartner--btnAddTableRow","interaction":{"idSuffix":"inner"}},"wdio_ui5_key":"applicationmanagepartners-display-component---NewPartner--btnAddTableRow"}]}
COMMAND: GET /session/cd477e99f4e247ef02c326ac6df7445e/screenshot - {}
RESULT: {"script":"<script> [1562 bytes]","args":[{"selector":{"id":"application-managepartners-display-component---NewPartner--btnAddTableRow","interaction":{"idSuffix":"inner"}},"wdio_ui5_key":"applicationmanagepartners-display-component---NewPartner--btnAddTableRow"}]}
RESULT: undefined
COMMAND: POST /session/cd477e99f4e247ef02c326ac6df7445e/element - {"using":"xpath","value":"//*[@id=\"application-managepartners-display-component---NewPartner--btnAddTableRow\"]"}
RESULT: {}
RESULT: {"using":"xpath","value":"//*[@id=\"application-managepartners-display-component---NewPartner--btnAddTableRow\"]"}
COMMAND: POST /session/cd477e99f4e247ef02c326ac6df7445e/element/f.375AD1BF2998C782D6149A43C57C8E27.d.1FBC5AF41B28803152462A59340D3BE9.e.2143/click - {}
RESULT: {}
COMMAND: POST /session/cd477e99f4e247ef02c326ac6df7445e/element - {"using":"xpath","value":"//input[@id=\"application-managepartners-display-component---NewPartner--assignmentYard-application-managepartners-display-component---NewPartner--assignmentsTable-0-inner\"]"}
COMMAND: GET /session/cd477e99f4e247ef02c326ac6df7445e/screenshot - {}
RESULT: {"using":"xpath","value":"//input[@id=\"application-managepartners-display-component---NewPartner--assignmentYard-application-managepartners-display-component---NewPartner--assignmentsTable-0-inner\"]"}
COMMAND: POST /session/cd477e99f4e247ef02c326ac6df7445e/element/f.375AD1BF2998C782D6149A43C57C8E27.d.1FBC5AF41B28803152462A59340D3BE9.e.2145/clear - {}
RESULT: {}
RESULT: {}
COMMAND: POST /session/cd477e99f4e247ef02c326ac6df7445e/element/f.375AD1BF2998C782D6149A43C57C8E27.d.1FBC5AF41B28803152462A59340D3BE9.e.2145/value - {"text":"warehousemanagedYardi41e0f"}
COMMAND: GET /session/cd477e99f4e247ef02c326ac6df7445e/screenshot - {}
RESULT: {"text":"warehousemanagedYardi41e0f"}
COMMAND: POST /session/cd477e99f4e247ef02c326ac6df7445e/execute/async - {"script":"<script> [1562 bytes]","args":[{"selector":{"id":"application-managepartners-display-component---NewPartner--assignmentYard-application-managepartners-display-component---NewPartner--assignmentsTable-0-arrow"},"wdio_ui5_key":"applicationmanagepartners-display-component---NewPartner--assignmentYard-application-managepartners-display-component---NewPartner--assignmentsTable-0-arrow"}]}
COMMAND: GET /session/cd477e99f4e247ef02c326ac6df7445e/screenshot - {}
RESULT: {}
RESULT: {"script":"<script> [1562 bytes]","args":[{"selector":{"id":"application-managepartners-display-component---NewPartner--assignmentYard-application-managepartners-display-component---NewPartner--assignmentsTable-0-arrow"},"wdio_ui5_key":"applicationmanagepartners-display-component---NewPartner--assignmentYard-application-managepartners-display-component---NewPartner--assignmentsTable-0-arrow"}]}
RESULT: undefined
COMMAND: POST /session/cd477e99f4e247ef02c326ac6df7445e/element - {"using":"xpath","value":"//*[@id=\"application-managepartners-display-component---NewPartner--assignmentYard-application-managepartners-display-component---NewPartner--assignmentsTable-0-arrow\"]"}
RESULT: {}
RESULT: {"using":"xpath","value":"//*[@id=\"application-managepartners-display-component---NewPartner--assignmentYard-application-managepartners-display-component---NewPartner--assignmentsTable-0-arrow\"]"}
COMMAND: POST /session/cd477e99f4e247ef02c326ac6df7445e/element/f.375AD1BF2998C782D6149A43C57C8E27.d.1FBC5AF41B28803152462A59340D3BE9.e.2154/click - {}
RESULT: {}
COMMAND: GET /session/cd477e99f4e247ef02c326ac6df7445e/screenshot - {}
RESULT: {}
COMMAND: POST /session/cd477e99f4e247ef02c326ac6df7445e/execute/async - {"script":"<script> [1562 bytes]","args":[{"selector":{"controlType":"sap.m.Button","viewName":"etm.portal.ui.managepartners.view.NewPartner","viewId":"application-managepartners-display-component---NewPartner","i18NText":{"propertyName":"text","key":"save"},"interaction":{"idSuffix":"BDI-content"}},"wdio_ui5_key":"etmportal.ui.managepartners.view.NewPartnersap.m.Button{\"propertyName\":\"text\",\"key\":\"save\"}"}]}
RESULT: {"script":"<script> [1562 bytes]","args":[{"selector":{"controlType":"sap.m.Button","viewName":"etm.portal.ui.managepartners.view.NewPartner","viewId":"application-managepartners-display-component---NewPartner","i18NText":{"propertyName":"text","key":"save"},"interaction":{"idSuffix":"BDI-content"}},"wdio_ui5_key":"etmportal.ui.managepartners.view.NewPartnersap.m.Button{\"propertyName\":\"text\",\"key\":\"save\"}"}]}
RESULT: undefined
COMMAND: POST /session/cd477e99f4e247ef02c326ac6df7445e/element - {"using":"xpath","value":"//*[@id=\"__button127\"]"}
RESULT: {"using":"xpath","value":"//*[@id=\"__button127\"]"}
COMMAND: POST /session/cd477e99f4e247ef02c326ac6df7445e/element/f.375AD1BF2998C782D6149A43C57C8E27.d.1FBC5AF41B28803152462A59340D3BE9.e.2057/click - {}
RESULT: {}
COMMAND: GET /session/cd477e99f4e247ef02c326ac6df7445e/screenshot - {}
RESULT: {}
COMMAND: POST /session/cd477e99f4e247ef02c326ac6df7445e/execute/async - {"script":"<script> [1562 bytes]","args":[{"selector":{"controlType":"sap.m.Text","viewName":"etm.portal.ui.managepartners.view.Detail","viewId":"application-managepartners-display-component---detailPtm","bindingPath":{"propertyPath":"ID","modelName":"catalogModel"}},"wdio_ui5_key":"etmportal.ui.managepartners.view.Detailsap.m.Text{\"propertyPath\":\"ID\",\"modelName\":\"catalogModel\"}"}]}
RESULT: {"script":"<script> [1562 bytes]","args":[{"selector":{"controlType":"sap.m.Text","viewName":"etm.portal.ui.managepartners.view.Detail","viewId":"application-managepartners-display-component---detailPtm","bindingPath":{"propertyPath":"ID","modelName":"catalogModel"}},"wdio_ui5_key":"etmportal.ui.managepartners.view.Detailsap.m.Text{\"propertyPath\":\"ID\",\"modelName\":\"catalogModel\"}"}]}
RESULT: undefined
COMMAND: POST /session/cd477e99f4e247ef02c326ac6df7445e/execute/async - {"script":"<script> [6424 bytes]","args":[{"element-6066-11e4-a52e-4f735466cecf":"f.375AD1BF2998C782D6149A43C57C8E27.d.1FBC5AF41B28803152462A59340D3BE9.e.2320"},"getText",[]]}
RESULT: {"script":"<script> [6424 bytes]","args":[{"element-6066-11e4-a52e-4f735466cecf":"f.375AD1BF2998C782D6149A43C57C8E27.d.1FBC5AF41B28803152462A59340D3BE9.e.2320"},"getText",[]]}
COMMAND: POST /session/cd477e99f4e247ef02c326ac6df7445e/element - {"using":"css selector","value":"#shell-header-logo"}
RESULT: {"using":"css selector","value":"#shell-header-logo"}
COMMAND: POST /session/cd477e99f4e247ef02c326ac6df7445e/element/f.375AD1BF2998C782D6149A43C57C8E27.d.1FBC5AF41B28803152462A59340D3BE9.e.1641/click - {}
RESULT: {}
]]></system-out>
    </testcase>
    <testcase classname="chrome.135_0_7049_96.windows.Create_masterdata_for_Yard_Overview_-_mass_return_US131057" name="Should create a new Material" time="84.437">
      <system-out><![CDATA[
COMMAND: GET /session/cd477e99f4e247ef02c326ac6df7445e/screenshot - {}
COMMAND: POST /session/cd477e99f4e247ef02c326ac6df7445e/execute/async - {"script":"<script> [1562 bytes]","args":[{"selector":{"controlType":"sap.m.GenericTile","properties":{"header":"Manage Resources"}},"wdio_ui5_key":"sapm.GenericTile{\"header\":\"Manage Resources\"}"}]}
RESULT: {"script":"<script> [1562 bytes]","args":[{"selector":{"controlType":"sap.m.GenericTile","properties":{"header":"Manage Resources"}},"wdio_ui5_key":"sapm.GenericTile{\"header\":\"Manage Resources\"}"}]}
RESULT: undefined
COMMAND: POST /session/cd477e99f4e247ef02c326ac6df7445e/element - {"using":"xpath","value":"//*[@id=\"__tile39\"]"}
RESULT: {}
RESULT: {"using":"xpath","value":"//*[@id=\"__tile39\"]"}
COMMAND: POST /session/cd477e99f4e247ef02c326ac6df7445e/element/f.375AD1BF2998C782D6149A43C57C8E27.d.1FBC5AF41B28803152462A59340D3BE9.e.2322/click - {}
RESULT: {}
COMMAND: POST /session/cd477e99f4e247ef02c326ac6df7445e/execute/async - {"script":"<script> [1562 bytes]","args":[{"selector":{"controlType":"sap.m.OverflowToolbarButton","viewName":"etm.portal.ui.manageresources.view.Master","viewId":"application-manageresources-display-component---masterRU","bindingPath":{"path":"","propertyPath":"/isLogbook","modelName":"minimumStockRPGModel"},"interaction":{"idSuffix":"inner"}},"wdio_ui5_key":"etmportal.ui.manageresources.view.Mastersap.m.OverflowToolbarButton{\"path\":\"\",\"propertyPath\":\"/isLogbook\",\"modelName\":\"minimumStockRPGModel\"}"}]}
COMMAND: GET /session/cd477e99f4e247ef02c326ac6df7445e/screenshot - {}
RESULT: undefined
RESULT: undefined
RESULT: {"script":"<script> [1562 bytes]","args":[{"selector":{"controlType":"sap.m.OverflowToolbarButton","viewName":"etm.portal.ui.manageresources.view.Master","viewId":"application-manageresources-display-component---masterRU","bindingPath":{"path":"","propertyPath":"/isLogbook","modelName":"minimumStockRPGModel"},"interaction":{"idSuffix":"inner"}},"wdio_ui5_key":"etmportal.ui.manageresources.view.Mastersap.m.OverflowToolbarButton{\"path\":\"\",\"propertyPath\":\"/isLogbook\",\"modelName\":\"minimumStockRPGModel\"}"}]}
RESULT: undefined
COMMAND: POST /session/cd477e99f4e247ef02c326ac6df7445e/element - {"using":"xpath","value":"//*[@id=\"__button168\"]"}
RESULT: {}
RESULT: {"using":"xpath","value":"//*[@id=\"__button168\"]"}
COMMAND: POST /session/cd477e99f4e247ef02c326ac6df7445e/element/f.375AD1BF2998C782D6149A43C57C8E27.d.1FBC5AF41B28803152462A59340D3BE9.e.2365/click - {}
RESULT: {}
COMMAND: GET /session/cd477e99f4e247ef02c326ac6df7445e/screenshot - {}
RESULT: {}
COMMAND: POST /session/cd477e99f4e247ef02c326ac6df7445e/execute/async - {"script":"<script> [1562 bytes]","args":[{"selector":{"id":"application-manageresources-display-component---newResourceUnit--TYPE-arrow"},"wdio_ui5_key":"applicationmanageresources-display-component---newResourceUnit--TYPE-arrow"}]}
RESULT: {"script":"<script> [1562 bytes]","args":[{"selector":{"id":"application-manageresources-display-component---newResourceUnit--TYPE-arrow"},"wdio_ui5_key":"applicationmanageresources-display-component---newResourceUnit--TYPE-arrow"}]}
RESULT: undefined
COMMAND: POST /session/cd477e99f4e247ef02c326ac6df7445e/element - {"using":"xpath","value":"//*[@id=\"application-manageresources-display-component---newResourceUnit--TYPE-arrow\"]"}
RESULT: {"using":"xpath","value":"//*[@id=\"application-manageresources-display-component---newResourceUnit--TYPE-arrow\"]"}
COMMAND: POST /session/cd477e99f4e247ef02c326ac6df7445e/element/f.375AD1BF2998C782D6149A43C57C8E27.d.1FBC5AF41B28803152462A59340D3BE9.e.2681/click - {}
RESULT: {}
COMMAND: POST /session/cd477e99f4e247ef02c326ac6df7445e/execute/async - {"script":"<script> [1562 bytes]","args":[{"selector":{"controlType":"sap.m.StandardListItem","viewName":"reusables.view.manageresources.NewResourceUnit","viewId":"application-manageresources-display-component---newResourceUnit","properties":{"title":"Material"},"searchOpenDialogs":true,"interaction":{"idSuffix":"content"}},"wdio_ui5_key":"reusablesview.manageresources.NewResourceUnitsap.m.StandardListItem{\"title\":\"Material\"}"}]}
COMMAND: GET /session/cd477e99f4e247ef02c326ac6df7445e/screenshot - {}
RESULT: {"script":"<script> [1562 bytes]","args":[{"selector":{"controlType":"sap.m.StandardListItem","viewName":"reusables.view.manageresources.NewResourceUnit","viewId":"application-manageresources-display-component---newResourceUnit","properties":{"title":"Material"},"searchOpenDialogs":true,"interaction":{"idSuffix":"content"}},"wdio_ui5_key":"reusablesview.manageresources.NewResourceUnitsap.m.StandardListItem{\"title\":\"Material\"}"}]}
RESULT: undefined
COMMAND: POST /session/cd477e99f4e247ef02c326ac6df7445e/element - {"using":"xpath","value":"//*[@id=\"__item1810\"]"}
RESULT: {}
RESULT: {"using":"xpath","value":"//*[@id=\"__item1810\"]"}
COMMAND: POST /session/cd477e99f4e247ef02c326ac6df7445e/element/f.375AD1BF2998C782D6149A43C57C8E27.d.1FBC5AF41B28803152462A59340D3BE9.e.2684/click - {}
RESULT: {}
COMMAND: POST /session/cd477e99f4e247ef02c326ac6df7445e/execute/async - {"script":"<script> [1562 bytes]","args":[{"selector":{"id":"application-manageresources-display-component---newResourceUnit--resourceId","interaction":{"idSuffix":"inner"}},"wdio_ui5_key":"applicationmanageresources-display-component---newResourceUnit--resourceId"}]}
COMMAND: GET /session/cd477e99f4e247ef02c326ac6df7445e/screenshot - {}
RESULT: {"script":"<script> [1562 bytes]","args":[{"selector":{"id":"application-manageresources-display-component---newResourceUnit--resourceId","interaction":{"idSuffix":"inner"}},"wdio_ui5_key":"applicationmanageresources-display-component---newResourceUnit--resourceId"}]}
RESULT: undefined
COMMAND: POST /session/cd477e99f4e247ef02c326ac6df7445e/execute/async - {"script":"<script> [1562 bytes]","args":[{"selector":{"id":"application-manageresources-display-component---newResourceUnit--SHORT_TEXT","interaction":{"idSuffix":"inner"}},"wdio_ui5_key":"applicationmanageresources-display-component---newResourceUnit--SHORT_TEXT"}]}
RESULT: {}
RESULT: {"script":"<script> [1562 bytes]","args":[{"selector":{"id":"application-manageresources-display-component---newResourceUnit--SHORT_TEXT","interaction":{"idSuffix":"inner"}},"wdio_ui5_key":"applicationmanageresources-display-component---newResourceUnit--SHORT_TEXT"}]}
RESULT: undefined
COMMAND: POST /session/cd477e99f4e247ef02c326ac6df7445e/execute/async - {"script":"<script> [776 bytes]","args":[{"enterText":"material for Mass Return","selector":{"id":"application-manageresources-display-component---newResourceUnit--SHORT_TEXT","interaction":{"idSuffix":"inner"}},"clearTextFirst":true,"interactionType":"ENTER_TEXT"}]}
RESULT: {"script":"<script> [776 bytes]","args":[{"enterText":"material for Mass Return","selector":{"id":"application-manageresources-display-component---newResourceUnit--SHORT_TEXT","interaction":{"idSuffix":"inner"}},"clearTextFirst":true,"interactionType":"ENTER_TEXT"}]}
COMMAND: POST /session/cd477e99f4e247ef02c326ac6df7445e/execute/async - {"script":"<script> [1562 bytes]","args":[{"selector":{"id":"application-manageresources-display-component---newResourceUnit--BASE_UNIT_OF_MEASURE","interaction":{"idSuffix":"inner"}},"wdio_ui5_key":"applicationmanageresources-display-component---newResourceUnit--BASE_UNIT_OF_MEASURE"}]}
RESULT: {"script":"<script> [1562 bytes]","args":[{"selector":{"id":"application-manageresources-display-component---newResourceUnit--BASE_UNIT_OF_MEASURE","interaction":{"idSuffix":"inner"}},"wdio_ui5_key":"applicationmanageresources-display-component---newResourceUnit--BASE_UNIT_OF_MEASURE"}]}
RESULT: undefined
COMMAND: POST /session/cd477e99f4e247ef02c326ac6df7445e/execute/async - {"script":"<script> [776 bytes]","args":[{"enterText":"Piece","selector":{"id":"application-manageresources-display-component---newResourceUnit--BASE_UNIT_OF_MEASURE","interaction":{"idSuffix":"inner"}},"clearTextFirst":true,"interactionType":"ENTER_TEXT"}]}
RESULT: {"script":"<script> [776 bytes]","args":[{"enterText":"Piece","selector":{"id":"application-manageresources-display-component---newResourceUnit--BASE_UNIT_OF_MEASURE","interaction":{"idSuffix":"inner"}},"clearTextFirst":true,"interactionType":"ENTER_TEXT"}]}
COMMAND: POST /session/cd477e99f4e247ef02c326ac6df7445e/execute/async - {"script":"<script> [1562 bytes]","args":[{"selector":{"id":"application-manageresources-display-component---newResourceUnit--WEIGHT_UNIT","interaction":{"idSuffix":"inner"}},"wdio_ui5_key":"applicationmanageresources-display-component---newResourceUnit--WEIGHT_UNIT"}]}
RESULT: {"script":"<script> [1562 bytes]","args":[{"selector":{"id":"application-manageresources-display-component---newResourceUnit--WEIGHT_UNIT","interaction":{"idSuffix":"inner"}},"wdio_ui5_key":"applicationmanageresources-display-component---newResourceUnit--WEIGHT_UNIT"}]}
RESULT: undefined
COMMAND: POST /session/cd477e99f4e247ef02c326ac6df7445e/execute/async - {"script":"<script> [776 bytes]","args":[{"enterText":"Gram","selector":{"id":"application-manageresources-display-component---newResourceUnit--WEIGHT_UNIT","interaction":{"idSuffix":"inner"}},"clearTextFirst":true,"interactionType":"ENTER_TEXT"}]}
RESULT: {"script":"<script> [776 bytes]","args":[{"enterText":"Gram","selector":{"id":"application-manageresources-display-component---newResourceUnit--WEIGHT_UNIT","interaction":{"idSuffix":"inner"}},"clearTextFirst":true,"interactionType":"ENTER_TEXT"}]}
COMMAND: POST /session/cd477e99f4e247ef02c326ac6df7445e/execute/async - {"script":"<script> [1562 bytes]","args":[{"selector":{"id":"application-manageresources-display-component---newResourceUnit--DIMENSION_UNIT","interaction":{"idSuffix":"inner"}},"wdio_ui5_key":"applicationmanageresources-display-component---newResourceUnit--DIMENSION_UNIT"}]}
RESULT: {"script":"<script> [1562 bytes]","args":[{"selector":{"id":"application-manageresources-display-component---newResourceUnit--DIMENSION_UNIT","interaction":{"idSuffix":"inner"}},"wdio_ui5_key":"applicationmanageresources-display-component---newResourceUnit--DIMENSION_UNIT"}]}
RESULT: undefined
COMMAND: POST /session/cd477e99f4e247ef02c326ac6df7445e/execute/async - {"script":"<script> [776 bytes]","args":[{"enterText":"Meter","selector":{"id":"application-manageresources-display-component---newResourceUnit--DIMENSION_UNIT","interaction":{"idSuffix":"inner"}},"clearTextFirst":true,"interactionType":"ENTER_TEXT"}]}
RESULT: {"script":"<script> [776 bytes]","args":[{"enterText":"Meter","selector":{"id":"application-manageresources-display-component---newResourceUnit--DIMENSION_UNIT","interaction":{"idSuffix":"inner"}},"clearTextFirst":true,"interactionType":"ENTER_TEXT"}]}
COMMAND: POST /session/cd477e99f4e247ef02c326ac6df7445e/execute/async - {"script":"<script> [1562 bytes]","args":[{"selector":{"id":"application-manageresources-display-component---newResourceUnit--newRRUPage-anchBar-application-manageresources-display-component---newResourceUnit--control-anchor","interaction":{"idSuffix":"content"}},"wdio_ui5_key":"applicationmanageresources-display-component---newResourceUnit--newRRUPage-anchBar-application-manageresources-display-component---newResourceUnit--control-anchor"}]}
RESULT: {"script":"<script> [1562 bytes]","args":[{"selector":{"id":"application-manageresources-display-component---newResourceUnit--newRRUPage-anchBar-application-manageresources-display-component---newResourceUnit--control-anchor","interaction":{"idSuffix":"content"}},"wdio_ui5_key":"applicationmanageresources-display-component---newResourceUnit--newRRUPage-anchBar-application-manageresources-display-component---newResourceUnit--control-anchor"}]}
RESULT: undefined
COMMAND: POST /session/cd477e99f4e247ef02c326ac6df7445e/element - {"using":"xpath","value":"//*[@id=\"application-manageresources-display-component---newResourceUnit--newRRUPage-anchBar-application-manageresources-display-component---newResourceUnit--control-anchor\"]"}
RESULT: {"using":"xpath","value":"//*[@id=\"application-manageresources-display-component---newResourceUnit--newRRUPage-anchBar-application-manageresources-display-component---newResourceUnit--control-anchor\"]"}
COMMAND: POST /session/cd477e99f4e247ef02c326ac6df7445e/element/f.375AD1BF2998C782D6149A43C57C8E27.d.1FBC5AF41B28803152462A59340D3BE9.e.2748/click - {}
RESULT: {}
COMMAND: POST /session/cd477e99f4e247ef02c326ac6df7445e/execute/async - {"script":"<script> [1562 bytes]","args":[{"selector":{"id":"application-manageresources-display-component---newResourceUnit--PLANNING_GROUP","interaction":{"idSuffix":"inner"}},"wdio_ui5_key":"applicationmanageresources-display-component---newResourceUnit--PLANNING_GROUP"}]}
COMMAND: GET /session/cd477e99f4e247ef02c326ac6df7445e/screenshot - {}
RESULT: {"script":"<script> [1562 bytes]","args":[{"selector":{"id":"application-manageresources-display-component---newResourceUnit--PLANNING_GROUP","interaction":{"idSuffix":"inner"}},"wdio_ui5_key":"applicationmanageresources-display-component---newResourceUnit--PLANNING_GROUP"}]}
RESULT: undefined
COMMAND: POST /session/cd477e99f4e247ef02c326ac6df7445e/execute/async - {"script":"<script> [776 bytes]","args":[{"enterText":"Heavy Equi","selector":{"id":"application-manageresources-display-component---newResourceUnit--PLANNING_GROUP","interaction":{"idSuffix":"inner"}},"clearTextFirst":true,"interactionType":"ENTER_TEXT"}]}
RESULT: {}
RESULT: {"script":"<script> [776 bytes]","args":[{"enterText":"Heavy Equi","selector":{"id":"application-manageresources-display-component---newResourceUnit--PLANNING_GROUP","interaction":{"idSuffix":"inner"}},"clearTextFirst":true,"interactionType":"ENTER_TEXT"}]}
COMMAND: POST /session/cd477e99f4e247ef02c326ac6df7445e/execute/async - {"script":"<script> [1562 bytes]","args":[{"selector":{"id":"application-manageresources-display-component---newResourceUnit--PLANNING_INDICATOR","interaction":{"idSuffix":"inner"}},"wdio_ui5_key":"applicationmanageresources-display-component---newResourceUnit--PLANNING_INDICATOR"}]}
RESULT: {"script":"<script> [1562 bytes]","args":[{"selector":{"id":"application-manageresources-display-component---newResourceUnit--PLANNING_INDICATOR","interaction":{"idSuffix":"inner"}},"wdio_ui5_key":"applicationmanageresources-display-component---newResourceUnit--PLANNING_INDICATOR"}]}
RESULT: undefined
COMMAND: POST /session/cd477e99f4e247ef02c326ac6df7445e/execute/async - {"script":"<script> [776 bytes]","args":[{"enterText":"10 - infinite","selector":{"id":"application-manageresources-display-component---newResourceUnit--PLANNING_INDICATOR","interaction":{"idSuffix":"inner"}},"clearTextFirst":true,"interactionType":"ENTER_TEXT"}]}
RESULT: {"script":"<script> [776 bytes]","args":[{"enterText":"10 - infinite","selector":{"id":"application-manageresources-display-component---newResourceUnit--PLANNING_INDICATOR","interaction":{"idSuffix":"inner"}},"clearTextFirst":true,"interactionType":"ENTER_TEXT"}]}
COMMAND: POST /session/cd477e99f4e247ef02c326ac6df7445e/actions - {"actions":[{"id":"action1","type":"key","parameters":{},"actions":[{"type":"keyDown","value":"î€‡"},{"type":"pause","duration":10},{"type":"keyUp","value":"î€‡"}]}]}
RESULT: {"actions":[{"id":"action1","type":"key","parameters":{},"actions":[{"type":"keyDown","value":"î€‡"},{"type":"pause","duration":10},{"type":"keyUp","value":"î€‡"}]}]}
COMMAND: POST /session/cd477e99f4e247ef02c326ac6df7445e/execute/async - {"script":"<script> [1562 bytes]","args":[{"selector":{"id":"application-manageresources-display-component---newResourceUnit--ITEM_TYPE-arrow"},"wdio_ui5_key":"applicationmanageresources-display-component---newResourceUnit--ITEM_TYPE-arrow"}]}
COMMAND: GET /session/cd477e99f4e247ef02c326ac6df7445e/screenshot - {}
RESULT: {"script":"<script> [1562 bytes]","args":[{"selector":{"id":"application-manageresources-display-component---newResourceUnit--ITEM_TYPE-arrow"},"wdio_ui5_key":"applicationmanageresources-display-component---newResourceUnit--ITEM_TYPE-arrow"}]}
RESULT: undefined
COMMAND: POST /session/cd477e99f4e247ef02c326ac6df7445e/element - {"using":"xpath","value":"//*[@id=\"application-manageresources-display-component---newResourceUnit--ITEM_TYPE-arrow\"]"}
RESULT: {}
RESULT: {"using":"xpath","value":"//*[@id=\"application-manageresources-display-component---newResourceUnit--ITEM_TYPE-arrow\"]"}
COMMAND: POST /session/cd477e99f4e247ef02c326ac6df7445e/element/f.375AD1BF2998C782D6149A43C57C8E27.d.1FBC5AF41B28803152462A59340D3BE9.e.2756/click - {}
RESULT: {}
COMMAND: POST /session/cd477e99f4e247ef02c326ac6df7445e/execute/async - {"script":"<script> [1562 bytes]","args":[{"selector":{"controlType":"sap.m.StandardListItem","viewName":"reusables.view.manageresources.NewResourceUnit","viewId":"application-manageresources-display-component---newResourceUnit","properties":{"title":"Resource Unit"},"searchOpenDialogs":true,"interaction":{"idSuffix":"titleText"}},"wdio_ui5_key":"reusablesview.manageresources.NewResourceUnitsap.m.StandardListItem{\"title\":\"Resource Unit\"}"}]}
COMMAND: GET /session/cd477e99f4e247ef02c326ac6df7445e/screenshot - {}
RESULT: {"script":"<script> [1562 bytes]","args":[{"selector":{"controlType":"sap.m.StandardListItem","viewName":"reusables.view.manageresources.NewResourceUnit","viewId":"application-manageresources-display-component---newResourceUnit","properties":{"title":"Resource Unit"},"searchOpenDialogs":true,"interaction":{"idSuffix":"titleText"}},"wdio_ui5_key":"reusablesview.manageresources.NewResourceUnitsap.m.StandardListItem{\"title\":\"Resource Unit\"}"}]}
RESULT: undefined
RESULT: {}
COMMAND: POST /session/cd477e99f4e247ef02c326ac6df7445e/execute/async - {"script":"<script> [1562 bytes]","args":[{"selector":{"controlType":"sap.m.Label","viewName":"reusables.view.manageresources.NewResourceUnit","viewId":"application-manageresources-display-component---newResourceUnit","i18NText":{"propertyName":"text","key":"planningGroup"},"interaction":{"idSuffix":"bdi"}},"wdio_ui5_key":"reusablesview.manageresources.NewResourceUnitsap.m.Label{\"propertyName\":\"text\",\"key\":\"planningGroup\"}"}]}
RESULT: {"script":"<script> [1562 bytes]","args":[{"selector":{"controlType":"sap.m.Label","viewName":"reusables.view.manageresources.NewResourceUnit","viewId":"application-manageresources-display-component---newResourceUnit","i18NText":{"propertyName":"text","key":"planningGroup"},"interaction":{"idSuffix":"bdi"}},"wdio_ui5_key":"reusablesview.manageresources.NewResourceUnitsap.m.Label{\"propertyName\":\"text\",\"key\":\"planningGroup\"}"}]}
RESULT: undefined
COMMAND: POST /session/cd477e99f4e247ef02c326ac6df7445e/element - {"using":"xpath","value":"//*[@id=\"__label263\"]"}
RESULT: {"using":"xpath","value":"//*[@id=\"__label263\"]"}
COMMAND: POST /session/cd477e99f4e247ef02c326ac6df7445e/element/f.375AD1BF2998C782D6149A43C57C8E27.d.1FBC5AF41B28803152462A59340D3BE9.e.2758/click - {}
RESULT: {}
COMMAND: GET /session/cd477e99f4e247ef02c326ac6df7445e/screenshot - {}
RESULT: {}
COMMAND: POST /session/cd477e99f4e247ef02c326ac6df7445e/actions - {"actions":[{"type":"key","id":"keyboard","actions":[{"type":"keyDown","value":"î›"}]}]}
RESULT: {"actions":[{"type":"key","id":"keyboard","actions":[{"type":"keyDown","value":"î›"}]}]}
COMMAND: GET /session/cd477e99f4e247ef02c326ac6df7445e/screenshot - {}
RESULT: {}
COMMAND: POST /session/cd477e99f4e247ef02c326ac6df7445e/actions - {"actions":[{"type":"key","id":"keyboard","actions":[{"type":"keyDown","value":"î›"}]}]}
RESULT: {"actions":[{"type":"key","id":"keyboard","actions":[{"type":"keyDown","value":"î›"}]}]}
COMMAND: GET /session/cd477e99f4e247ef02c326ac6df7445e/screenshot - {}
RESULT: {}
COMMAND: POST /session/cd477e99f4e247ef02c326ac6df7445e/actions - {"actions":[{"type":"key","id":"keyboard","actions":[{"type":"keyDown","value":"î›"}]}]}
RESULT: {"actions":[{"type":"key","id":"keyboard","actions":[{"type":"keyDown","value":"î›"}]}]}
COMMAND: GET /session/cd477e99f4e247ef02c326ac6df7445e/screenshot - {}
RESULT: {}
COMMAND: POST /session/cd477e99f4e247ef02c326ac6df7445e/actions - {"actions":[{"type":"key","id":"keyboard","actions":[{"type":"keyDown","value":"î›"}]}]}
RESULT: {"actions":[{"type":"key","id":"keyboard","actions":[{"type":"keyDown","value":"î›"}]}]}
COMMAND: GET /session/cd477e99f4e247ef02c326ac6df7445e/screenshot - {}
RESULT: {}
COMMAND: POST /session/cd477e99f4e247ef02c326ac6df7445e/actions - {"actions":[{"type":"key","id":"keyboard","actions":[{"type":"keyDown","value":"î›"}]}]}
RESULT: {"actions":[{"type":"key","id":"keyboard","actions":[{"type":"keyDown","value":"î›"}]}]}
COMMAND: GET /session/cd477e99f4e247ef02c326ac6df7445e/screenshot - {}
RESULT: {}
COMMAND: POST /session/cd477e99f4e247ef02c326ac6df7445e/actions - {"actions":[{"type":"key","id":"keyboard","actions":[{"type":"keyDown","value":"î›"}]}]}
RESULT: {"actions":[{"type":"key","id":"keyboard","actions":[{"type":"keyDown","value":"î›"}]}]}
COMMAND: GET /session/cd477e99f4e247ef02c326ac6df7445e/screenshot - {}
RESULT: {}
COMMAND: POST /session/cd477e99f4e247ef02c326ac6df7445e/execute/async - {"script":"<script> [1562 bytes]","args":[{"selector":{"id":"application-manageresources-display-component---newResourceUnit--btnAddTimeSegment-img"},"wdio_ui5_key":"applicationmanageresources-display-component---newResourceUnit--btnAddTimeSegment-img"}]}
RESULT: {"script":"<script> [1562 bytes]","args":[{"selector":{"id":"application-manageresources-display-component---newResourceUnit--btnAddTimeSegment-img"},"wdio_ui5_key":"applicationmanageresources-display-component---newResourceUnit--btnAddTimeSegment-img"}]}
RESULT: undefined
COMMAND: POST /session/cd477e99f4e247ef02c326ac6df7445e/element - {"using":"xpath","value":"//*[@id=\"application-manageresources-display-component---newResourceUnit--btnAddTimeSegment-img\"]"}
RESULT: {"using":"xpath","value":"//*[@id=\"application-manageresources-display-component---newResourceUnit--btnAddTimeSegment-img\"]"}
COMMAND: POST /session/cd477e99f4e247ef02c326ac6df7445e/element/f.375AD1BF2998C782D6149A43C57C8E27.d.1FBC5AF41B28803152462A59340D3BE9.e.2759/click - {}
RESULT: {}
COMMAND: POST /session/cd477e99f4e247ef02c326ac6df7445e/element - {"using":"xpath","value":"//input[@id=\"application-manageresources-display-component---newResourceUnit--idRuTSAdmin-application-manageresources-display-component---newResourceUnit--RUTimeSegment-0-inner\"]"}
COMMAND: GET /session/cd477e99f4e247ef02c326ac6df7445e/screenshot - {}
RESULT: {"using":"xpath","value":"//input[@id=\"application-manageresources-display-component---newResourceUnit--idRuTSAdmin-application-manageresources-display-component---newResourceUnit--RUTimeSegment-0-inner\"]"}
COMMAND: POST /session/cd477e99f4e247ef02c326ac6df7445e/element/f.375AD1BF2998C782D6149A43C57C8E27.d.1FBC5AF41B28803152462A59340D3BE9.e.2762/clear - {}
RESULT: {}
RESULT: {}
COMMAND: POST /session/cd477e99f4e247ef02c326ac6df7445e/element/f.375AD1BF2998C782D6149A43C57C8E27.d.1FBC5AF41B28803152462A59340D3BE9.e.2762/value - {"text":"warehousemanagedYardi41e0f"}
COMMAND: GET /session/cd477e99f4e247ef02c326ac6df7445e/screenshot - {}
RESULT: {"text":"warehousemanagedYardi41e0f"}
COMMAND: GET /session/cd477e99f4e247ef02c326ac6df7445e/screenshot - {}
COMMAND: POST /session/cd477e99f4e247ef02c326ac6df7445e/actions - {"actions":[{"id":"action2","type":"key","parameters":{},"actions":[{"type":"keyDown","value":"î€‡"},{"type":"pause","duration":10},{"type":"keyUp","value":"î€‡"}]}]}
RESULT: {}
RESULT: {}
RESULT: {"actions":[{"id":"action2","type":"key","parameters":{},"actions":[{"type":"keyDown","value":"î€‡"},{"type":"pause","duration":10},{"type":"keyUp","value":"î€‡"}]}]}
COMMAND: GET /session/cd477e99f4e247ef02c326ac6df7445e/screenshot - {}
RESULT: {}
COMMAND: POST /session/cd477e99f4e247ef02c326ac6df7445e/execute/async - {"script":"<script> [1562 bytes]","args":[{"selector":{"controlType":"sap.m.Button","viewName":"reusables.view.manageresources.NewResourceUnit","viewId":"application-manageresources-display-component---newResourceUnit","i18NText":{"propertyName":"tooltip","key":"save"},"interaction":{"idSuffix":"BDI-content"}},"wdio_ui5_key":"reusablesview.manageresources.NewResourceUnitsap.m.Button{\"propertyName\":\"tooltip\",\"key\":\"save\"}"}]}
RESULT: {"script":"<script> [1562 bytes]","args":[{"selector":{"controlType":"sap.m.Button","viewName":"reusables.view.manageresources.NewResourceUnit","viewId":"application-manageresources-display-component---newResourceUnit","i18NText":{"propertyName":"tooltip","key":"save"},"interaction":{"idSuffix":"BDI-content"}},"wdio_ui5_key":"reusablesview.manageresources.NewResourceUnitsap.m.Button{\"propertyName\":\"tooltip\",\"key\":\"save\"}"}]}
RESULT: undefined
COMMAND: POST /session/cd477e99f4e247ef02c326ac6df7445e/element - {"using":"xpath","value":"//*[@id=\"application-manageresources-display-component---newResourceUnit--createRuButton\"]"}
RESULT: {"using":"xpath","value":"//*[@id=\"application-manageresources-display-component---newResourceUnit--createRuButton\"]"}
COMMAND: POST /session/cd477e99f4e247ef02c326ac6df7445e/element/f.375AD1BF2998C782D6149A43C57C8E27.d.1FBC5AF41B28803152462A59340D3BE9.e.2697/click - {}
RESULT: {}
COMMAND: POST /session/cd477e99f4e247ef02c326ac6df7445e/execute/async - {"script":"<script> [1562 bytes]","args":[{"selector":{"controlType":"sap.m.Button","properties":{"text":"Close"},"searchOpenDialogs":true,"interaction":{"idSuffix":"BDI-content"}},"wdio_ui5_key":"sapm.Button{\"text\":\"Close\"}"}]}
COMMAND: GET /session/cd477e99f4e247ef02c326ac6df7445e/screenshot - {}
RESULT: {"script":"<script> [1562 bytes]","args":[{"selector":{"controlType":"sap.m.Button","properties":{"text":"Close"},"searchOpenDialogs":true,"interaction":{"idSuffix":"BDI-content"}},"wdio_ui5_key":"sapm.Button{\"text\":\"Close\"}"}]}
RESULT: undefined
COMMAND: POST /session/cd477e99f4e247ef02c326ac6df7445e/element - {"using":"xpath","value":"//*[@id=\"__mbox-btn-0\"]"}
RESULT: {}
RESULT: {"using":"xpath","value":"//*[@id=\"__mbox-btn-0\"]"}
COMMAND: POST /session/cd477e99f4e247ef02c326ac6df7445e/element/f.375AD1BF2998C782D6149A43C57C8E27.d.1FBC5AF41B28803152462A59340D3BE9.e.2774/click - {}
RESULT: {}
COMMAND: GET /session/cd477e99f4e247ef02c326ac6df7445e/screenshot - {}
RESULT: {}
COMMAND: POST /session/cd477e99f4e247ef02c326ac6df7445e/execute/async - {"script":"<script> [1562 bytes]","args":[{"selector":{"controlType":"sap.m.Text","viewName":"etm.portal.ui.manageresources.view.Detail","viewId":"application-manageresources-display-component---detailRU","bindingPath":{"propertyPath":"ID","modelName":"catalogModel"}},"wdio_ui5_key":"etmportal.ui.manageresources.view.Detailsap.m.Text{\"propertyPath\":\"ID\",\"modelName\":\"catalogModel\"}"}]}
RESULT: {"script":"<script> [1562 bytes]","args":[{"selector":{"controlType":"sap.m.Text","viewName":"etm.portal.ui.manageresources.view.Detail","viewId":"application-manageresources-display-component---detailRU","bindingPath":{"propertyPath":"ID","modelName":"catalogModel"}},"wdio_ui5_key":"etmportal.ui.manageresources.view.Detailsap.m.Text{\"propertyPath\":\"ID\",\"modelName\":\"catalogModel\"}"}]}
RESULT: undefined
COMMAND: POST /session/cd477e99f4e247ef02c326ac6df7445e/execute/async - {"script":"<script> [6424 bytes]","args":[{"element-6066-11e4-a52e-4f735466cecf":"f.375AD1BF2998C782D6149A43C57C8E27.d.1FBC5AF41B28803152462A59340D3BE9.e.2806"},"getText",[]]}
RESULT: {"script":"<script> [6424 bytes]","args":[{"element-6066-11e4-a52e-4f735466cecf":"f.375AD1BF2998C782D6149A43C57C8E27.d.1FBC5AF41B28803152462A59340D3BE9.e.2806"},"getText",[]]}
COMMAND: POST /session/cd477e99f4e247ef02c326ac6df7445e/element - {"using":"css selector","value":"#shell-header-logo"}
RESULT: {"using":"css selector","value":"#shell-header-logo"}
COMMAND: POST /session/cd477e99f4e247ef02c326ac6df7445e/element/f.375AD1BF2998C782D6149A43C57C8E27.d.1FBC5AF41B28803152462A59340D3BE9.e.2324/click - {}
RESULT: {}
COMMAND: GET /session/cd477e99f4e247ef02c326ac6df7445e/screenshot - {}
RESULT: {}
]]></system-out>
    </testcase>
    <testcase classname="chrome.135_0_7049_96.windows.Create_masterdata_for_Yard_Overview_-_mass_return_US131057" name="Should do a stock increase handover" time="63.214">
      <system-out><![CDATA[
COMMAND: POST /session/cd477e99f4e247ef02c326ac6df7445e/execute/async - {"script":"<script> [1562 bytes]","args":[{"selector":{"controlType":"sap.m.GenericTile","properties":{"header":"Manage Handovers"}},"wdio_ui5_key":"sapm.GenericTile{\"header\":\"Manage Handovers\"}"}]}
RESULT: {"script":"<script> [1562 bytes]","args":[{"selector":{"controlType":"sap.m.GenericTile","properties":{"header":"Manage Handovers"}},"wdio_ui5_key":"sapm.GenericTile{\"header\":\"Manage Handovers\"}"}]}
RESULT: undefined
COMMAND: POST /session/cd477e99f4e247ef02c326ac6df7445e/element - {"using":"xpath","value":"//*[@id=\"__tile133\"]"}
RESULT: {"using":"xpath","value":"//*[@id=\"__tile133\"]"}
COMMAND: POST /session/cd477e99f4e247ef02c326ac6df7445e/element/f.375AD1BF2998C782D6149A43C57C8E27.d.1FBC5AF41B28803152462A59340D3BE9.e.2808/click - {}
RESULT: {}
COMMAND: GET /session/cd477e99f4e247ef02c326ac6df7445e/screenshot - {}
RESULT: {}
COMMAND: POST /session/cd477e99f4e247ef02c326ac6df7445e/element - {"using":"xpath","value":"//button[(@data-kt = 'masterHOAddButton')]"}
RESULT: {"using":"xpath","value":"//button[(@data-kt = 'masterHOAddButton')]"}
COMMAND: POST /session/cd477e99f4e247ef02c326ac6df7445e/elements - {"using":"xpath","value":"//button[(@data-kt = 'masterHOAddButton')]"}
RESULT: {"using":"xpath","value":"//button[(@data-kt = 'masterHOAddButton')]"}
COMMAND: POST /session/cd477e99f4e247ef02c326ac6df7445e/elements - {"using":"xpath","value":"//button[(@data-kt = 'masterHOAddButton')]"}
RESULT: {"using":"xpath","value":"//button[(@data-kt = 'masterHOAddButton')]"}
COMMAND: POST /session/cd477e99f4e247ef02c326ac6df7445e/element - {"using":"xpath","value":"//button[(@data-kt = 'masterHOAddButton')]"}
RESULT: {"using":"xpath","value":"//button[(@data-kt = 'masterHOAddButton')]"}
COMMAND: POST /session/cd477e99f4e247ef02c326ac6df7445e/element/f.375AD1BF2998C782D6149A43C57C8E27.d.1FBC5AF41B28803152462A59340D3BE9.e.2844/click - {}
RESULT: {}
COMMAND: POST /session/cd477e99f4e247ef02c326ac6df7445e/element - {"using":"css selector","value":"span[id=\"application-managehandovers-display-component---AddNewHO--typeSelect-label\"]"}
COMMAND: GET /session/cd477e99f4e247ef02c326ac6df7445e/screenshot - {}
RESULT: {"using":"css selector","value":"span[id=\"application-managehandovers-display-component---AddNewHO--typeSelect-label\"]"}
COMMAND: POST /session/cd477e99f4e247ef02c326ac6df7445e/elements - {"using":"css selector","value":"span[id=\"application-managehandovers-display-component---AddNewHO--typeSelect-label\"]"}
RESULT: {}
RESULT: {"using":"css selector","value":"span[id=\"application-managehandovers-display-component---AddNewHO--typeSelect-label\"]"}
COMMAND: POST /session/cd477e99f4e247ef02c326ac6df7445e/element - {"using":"css selector","value":"span[id=\"application-managehandovers-display-component---AddNewHO--typeSelect-label\"]"}
RESULT: {"using":"css selector","value":"span[id=\"application-managehandovers-display-component---AddNewHO--typeSelect-label\"]"}
COMMAND: POST /session/cd477e99f4e247ef02c326ac6df7445e/element/f.375AD1BF2998C782D6149A43C57C8E27.d.1FBC5AF41B28803152462A59340D3BE9.e.3153/click - {}
RESULT: {}
COMMAND: POST /session/cd477e99f4e247ef02c326ac6df7445e/element - {"using":"css selector","value":"#application-managehandovers-display-component---AddNewHO--oneStep-CB"}
COMMAND: GET /session/cd477e99f4e247ef02c326ac6df7445e/screenshot - {}
RESULT: {"using":"css selector","value":"#application-managehandovers-display-component---AddNewHO--oneStep-CB"}
COMMAND: GET /session/cd477e99f4e247ef02c326ac6df7445e/element/f.375AD1BF2998C782D6149A43C57C8E27.d.1FBC5AF41B28803152462A59340D3BE9.e.3084/selected - {}
RESULT: {}
RESULT: {}
COMMAND: POST /session/cd477e99f4e247ef02c326ac6df7445e/element - {"using":"xpath","value":"//li[contains(text(), \"stock increase yard\")]"}
COMMAND: GET /session/cd477e99f4e247ef02c326ac6df7445e/screenshot - {}
RESULT: {"using":"xpath","value":"//li[contains(text(), \"stock increase yard\")]"}
COMMAND: POST /session/cd477e99f4e247ef02c326ac6df7445e/element/f.375AD1BF2998C782D6149A43C57C8E27.d.1FBC5AF41B28803152462A59340D3BE9.e.3154/click - {}
RESULT: {}
RESULT: {}
COMMAND: GET /session/cd477e99f4e247ef02c326ac6df7445e/screenshot - {}
RESULT: {}
COMMAND: POST /session/cd477e99f4e247ef02c326ac6df7445e/element - {"using":"css selector","value":"input[id=\"generalSectionFrg--receiveYard-inner\"]"}
RESULT: {"using":"css selector","value":"input[id=\"generalSectionFrg--receiveYard-inner\"]"}
COMMAND: POST /session/cd477e99f4e247ef02c326ac6df7445e/element/f.375AD1BF2998C782D6149A43C57C8E27.d.1FBC5AF41B28803152462A59340D3BE9.e.3162/clear - {}
RESULT: {}
COMMAND: POST /session/cd477e99f4e247ef02c326ac6df7445e/element/f.375AD1BF2998C782D6149A43C57C8E27.d.1FBC5AF41B28803152462A59340D3BE9.e.3162/value - {"text":"warehousemanagedYardi41e0f"}
COMMAND: GET /session/cd477e99f4e247ef02c326ac6df7445e/screenshot - {}
RESULT: {"text":"warehousemanagedYardi41e0f"}
COMMAND: GET /session/cd477e99f4e247ef02c326ac6df7445e/screenshot - {}
RESULT: {}
RESULT: {}
COMMAND: POST /session/cd477e99f4e247ef02c326ac6df7445e/element - {"using":"css selector","value":"#application-managehandovers-display-component---AddNewHO--dueDate-inner"}
RESULT: {"using":"css selector","value":"#application-managehandovers-display-component---AddNewHO--dueDate-inner"}
COMMAND: POST /session/cd477e99f4e247ef02c326ac6df7445e/element/f.375AD1BF2998C782D6149A43C57C8E27.d.1FBC5AF41B28803152462A59340D3BE9.e.3156/clear - {}
RESULT: {}
COMMAND: POST /session/cd477e99f4e247ef02c326ac6df7445e/element/f.375AD1BF2998C782D6149A43C57C8E27.d.1FBC5AF41B28803152462A59340D3BE9.e.3156/value - {"text":"4/24/25"}
COMMAND: GET /session/cd477e99f4e247ef02c326ac6df7445e/screenshot - {}
RESULT: {"text":"4/24/25"}
COMMAND: GET /session/cd477e99f4e247ef02c326ac6df7445e/screenshot - {}
RESULT: {}
RESULT: {}
COMMAND: POST /session/cd477e99f4e247ef02c326ac6df7445e/element - {"using":"xpath","value":"//bdi[(text() = 'Items' or . = 'Items')]"}
RESULT: {"using":"xpath","value":"//bdi[(text() = 'Items' or . = 'Items')]"}
COMMAND: POST /session/cd477e99f4e247ef02c326ac6df7445e/element/f.375AD1BF2998C782D6149A43C57C8E27.d.1FBC5AF41B28803152462A59340D3BE9.e.3180/click - {}
RESULT: {}
COMMAND: GET /session/cd477e99f4e247ef02c326ac6df7445e/screenshot - {}
RESULT: {}
COMMAND: POST /session/cd477e99f4e247ef02c326ac6df7445e/element - {"using":"xpath","value":"//button[@aria-label=\"Add\"]"}
RESULT: {"using":"xpath","value":"//button[@aria-label=\"Add\"]"}
COMMAND: POST /session/cd477e99f4e247ef02c326ac6df7445e/element/f.375AD1BF2998C782D6149A43C57C8E27.d.1FBC5AF41B28803152462A59340D3BE9.e.3185/click - {}
RESULT: {}
COMMAND: GET /session/cd477e99f4e247ef02c326ac6df7445e/screenshot - {}
RESULT: {}
COMMAND: POST /session/cd477e99f4e247ef02c326ac6df7445e/element - {"using":"css selector","value":"input[id= \"application-managehandovers-display-component---AddNewHO--smartFilterBar-btnBasicSearch-I\"]"}
RESULT: {"using":"css selector","value":"input[id= \"application-managehandovers-display-component---AddNewHO--smartFilterBar-btnBasicSearch-I\"]"}
COMMAND: POST /session/cd477e99f4e247ef02c326ac6df7445e/element/f.375AD1BF2998C782D6149A43C57C8E27.d.1FBC5AF41B28803152462A59340D3BE9.e.3189/clear - {}
RESULT: {}
COMMAND: POST /session/cd477e99f4e247ef02c326ac6df7445e/element/f.375AD1BF2998C782D6149A43C57C8E27.d.1FBC5AF41B28803152462A59340D3BE9.e.3189/value - {"text":"200517"}
COMMAND: GET /session/cd477e99f4e247ef02c326ac6df7445e/screenshot - {}
RESULT: {"text":"200517"}
COMMAND: POST /session/cd477e99f4e247ef02c326ac6df7445e/actions - {"actions":[{"id":"action3","type":"key","parameters":{},"actions":[{"type":"keyDown","value":"î€‡"},{"type":"pause","duration":10},{"type":"keyUp","value":"î€‡"}]}]}
COMMAND: GET /session/cd477e99f4e247ef02c326ac6df7445e/screenshot - {}
RESULT: {}
RESULT: {"actions":[{"id":"action3","type":"key","parameters":{},"actions":[{"type":"keyDown","value":"î€‡"},{"type":"pause","duration":10},{"type":"keyUp","value":"î€‡"}]}]}
COMMAND: POST /session/cd477e99f4e247ef02c326ac6df7445e/element - {"using":"css selector","value":"div[id= \"application-managehandovers-display-component---AddNewHO--smartFilterBar-btnBasicSearch-search\"]"}
COMMAND: GET /session/cd477e99f4e247ef02c326ac6df7445e/screenshot - {}
RESULT: {}
RESULT: {"using":"css selector","value":"div[id= \"application-managehandovers-display-component---AddNewHO--smartFilterBar-btnBasicSearch-search\"]"}
COMMAND: POST /session/cd477e99f4e247ef02c326ac6df7445e/element/f.375AD1BF2998C782D6149A43C57C8E27.d.1FBC5AF41B28803152462A59340D3BE9.e.3338/click - {}
RESULT: {}
RESULT: {}
COMMAND: GET /session/cd477e99f4e247ef02c326ac6df7445e/screenshot - {}
RESULT: {}
COMMAND: POST /session/cd477e99f4e247ef02c326ac6df7445e/element - {"using":"css selector","value":"div[id= \"application-managehandovers-display-component---AddNewHO--popup-sa-CbBg\"]"}
RESULT: {"using":"css selector","value":"div[id= \"application-managehandovers-display-component---AddNewHO--popup-sa-CbBg\"]"}
COMMAND: POST /session/cd477e99f4e247ef02c326ac6df7445e/element/f.375AD1BF2998C782D6149A43C57C8E27.d.1FBC5AF41B28803152462A59340D3BE9.e.3339/click - {}
RESULT: {}
COMMAND: POST /session/cd477e99f4e247ef02c326ac6df7445e/element - {"using":"xpath","value":"//bdi[(text() = 'Select' or . = 'Select')]"}
COMMAND: GET /session/cd477e99f4e247ef02c326ac6df7445e/screenshot - {}
RESULT: {"using":"xpath","value":"//bdi[(text() = 'Select' or . = 'Select')]"}
COMMAND: POST /session/cd477e99f4e247ef02c326ac6df7445e/element/f.375AD1BF2998C782D6149A43C57C8E27.d.1FBC5AF41B28803152462A59340D3BE9.e.3340/click - {}
RESULT: {}
RESULT: {}
COMMAND: GET /session/cd477e99f4e247ef02c326ac6df7445e/screenshot - {}
RESULT: {}
COMMAND: POST /session/cd477e99f4e247ef02c326ac6df7445e/element - {"using":"xpath","value":"//bdi[(text() = 'Save' or . = 'Save')]"}
RESULT: {"using":"xpath","value":"//bdi[(text() = 'Save' or . = 'Save')]"}
COMMAND: POST /session/cd477e99f4e247ef02c326ac6df7445e/element/f.375AD1BF2998C782D6149A43C57C8E27.d.1FBC5AF41B28803152462A59340D3BE9.e.3344/click - {}
RESULT: {}
COMMAND: GET /session/cd477e99f4e247ef02c326ac6df7445e/screenshot - {}
RESULT: {}
COMMAND: POST /session/cd477e99f4e247ef02c326ac6df7445e/element - {"using":"xpath","value":"//input[contains(@id ,\"receiptDatePicker-inner\")]"}
RESULT: {"using":"xpath","value":"//input[contains(@id ,\"receiptDatePicker-inner\")]"}
COMMAND: POST /session/cd477e99f4e247ef02c326ac6df7445e/element/f.375AD1BF2998C782D6149A43C57C8E27.d.1FBC5AF41B28803152462A59340D3BE9.e.3374/click - {}
RESULT: {}
COMMAND: POST /session/cd477e99f4e247ef02c326ac6df7445e/element - {"using":"xpath","value":"//input[contains(@id ,\"receiptDatePicker-inner\")]"}
COMMAND: GET /session/cd477e99f4e247ef02c326ac6df7445e/screenshot - {}
RESULT: {"using":"xpath","value":"//input[contains(@id ,\"receiptDatePicker-inner\")]"}
COMMAND: POST /session/cd477e99f4e247ef02c326ac6df7445e/element/f.375AD1BF2998C782D6149A43C57C8E27.d.1FBC5AF41B28803152462A59340D3BE9.e.3374/clear - {}
RESULT: {}
RESULT: {}
COMMAND: POST /session/cd477e99f4e247ef02c326ac6df7445e/element/f.375AD1BF2998C782D6149A43C57C8E27.d.1FBC5AF41B28803152462A59340D3BE9.e.3374/value - {"text":"4/24/25"}
COMMAND: GET /session/cd477e99f4e247ef02c326ac6df7445e/screenshot - {}
RESULT: {"text":"4/24/25"}
COMMAND: GET /session/cd477e99f4e247ef02c326ac6df7445e/screenshot - {}
RESULT: {}
RESULT: {}
COMMAND: POST /session/cd477e99f4e247ef02c326ac6df7445e/execute/async - {"script":"<script> [1562 bytes]","args":[{"selector":{"id":"administrationTabFilter","viewName":"etm.portal.ui.managehandovers.view.DetailExecuteHO","interaction":{"idSuffix":"text"}},"wdio_ui5_key":"administrationTabFilteretmportal.ui.managehandovers.view.DetailExecuteHO"}]}
RESULT: {"script":"<script> [1562 bytes]","args":[{"selector":{"id":"administrationTabFilter","viewName":"etm.portal.ui.managehandovers.view.DetailExecuteHO","interaction":{"idSuffix":"text"}},"wdio_ui5_key":"administrationTabFilteretmportal.ui.managehandovers.view.DetailExecuteHO"}]}
RESULT: undefined
COMMAND: POST /session/cd477e99f4e247ef02c326ac6df7445e/element - {"using":"xpath","value":"//*[@id=\"__xmlview59--administrationTabFilter\"]"}
RESULT: {"using":"xpath","value":"//*[@id=\"__xmlview59--administrationTabFilter\"]"}
COMMAND: POST /session/cd477e99f4e247ef02c326ac6df7445e/element/f.375AD1BF2998C782D6149A43C57C8E27.d.1FBC5AF41B28803152462A59340D3BE9.e.3391/click - {}
RESULT: {}
RESULT: undefined
COMMAND: POST /session/cd477e99f4e247ef02c326ac6df7445e/element - {"using":"xpath","value":"//*[@id=\"__xmlview59--administrationTabFilter\"]"}
COMMAND: GET /session/cd477e99f4e247ef02c326ac6df7445e/screenshot - {}
RESULT: {"using":"xpath","value":"//*[@id=\"__xmlview59--administrationTabFilter\"]"}
COMMAND: POST /session/cd477e99f4e247ef02c326ac6df7445e/element/f.375AD1BF2998C782D6149A43C57C8E27.d.1FBC5AF41B28803152462A59340D3BE9.e.3391/click - {}
RESULT: {}
RESULT: {}
COMMAND: GET /session/cd477e99f4e247ef02c326ac6df7445e/screenshot - {}
RESULT: {}
COMMAND: POST /session/cd477e99f4e247ef02c326ac6df7445e/element - {"using":"xpath","value":"//bdi[(text() = 'Confirm' or . = 'Confirm')]"}
RESULT: {"using":"xpath","value":"//bdi[(text() = 'Confirm' or . = 'Confirm')]"}
COMMAND: POST /session/cd477e99f4e247ef02c326ac6df7445e/element/f.375AD1BF2998C782D6149A43C57C8E27.d.1FBC5AF41B28803152462A59340D3BE9.e.3399/click - {}
RESULT: {}
COMMAND: GET /session/cd477e99f4e247ef02c326ac6df7445e/screenshot - {}
RESULT: {}
COMMAND: POST /session/cd477e99f4e247ef02c326ac6df7445e/execute/async - {"script":"<script> [1562 bytes]","args":[{"selector":{"id":"confirmationButton","viewName":"etm.portal.ui.managehandovers.view.DetailExecuteHO","interaction":{"idSuffix":"BDI-content"}},"wdio_ui5_key":"confirmationButtonetmportal.ui.managehandovers.view.DetailExecuteHO"}]}
RESULT: {"script":"<script> [1562 bytes]","args":[{"selector":{"id":"confirmationButton","viewName":"etm.portal.ui.managehandovers.view.DetailExecuteHO","interaction":{"idSuffix":"BDI-content"}},"wdio_ui5_key":"confirmationButtonetmportal.ui.managehandovers.view.DetailExecuteHO"}]}
RESULT: undefined
COMMAND: POST /session/cd477e99f4e247ef02c326ac6df7445e/element - {"using":"css selector","value":"#shell-header-logo"}
RESULT: {"using":"css selector","value":"#shell-header-logo"}
COMMAND: POST /session/cd477e99f4e247ef02c326ac6df7445e/element/f.375AD1BF2998C782D6149A43C57C8E27.d.1FBC5AF41B28803152462A59340D3BE9.e.2811/click - {}
RESULT: {}
COMMAND: GET /session/cd477e99f4e247ef02c326ac6df7445e/screenshot - {}
RESULT: {}
]]></system-out>
    </testcase>
    <testcase classname="chrome.135_0_7049_96.windows.Create_masterdata_for_Yard_Overview_-_mass_return_US131057" name="Should create a new contract" time="50.512">
      <system-out><![CDATA[
COMMAND: POST /session/cd477e99f4e247ef02c326ac6df7445e/execute/async - {"script":"<script> [1562 bytes]","args":[{"selector":{"controlType":"sap.m.GenericTile","properties":{"header":"Manage Contracts"}},"wdio_ui5_key":"sapm.GenericTile{\"header\":\"Manage Contracts\"}"}]}
RESULT: {"script":"<script> [1562 bytes]","args":[{"selector":{"controlType":"sap.m.GenericTile","properties":{"header":"Manage Contracts"}},"wdio_ui5_key":"sapm.GenericTile{\"header\":\"Manage Contracts\"}"}]}
RESULT: undefined
COMMAND: POST /session/cd477e99f4e247ef02c326ac6df7445e/element - {"using":"xpath","value":"//*[@id=\"__tile131\"]"}
RESULT: {"using":"xpath","value":"//*[@id=\"__tile131\"]"}
COMMAND: POST /session/cd477e99f4e247ef02c326ac6df7445e/element/f.375AD1BF2998C782D6149A43C57C8E27.d.1FBC5AF41B28803152462A59340D3BE9.e.3405/click - {}
RESULT: {}
COMMAND: GET /session/cd477e99f4e247ef02c326ac6df7445e/screenshot - {}
RESULT: {}
COMMAND: POST /session/cd477e99f4e247ef02c326ac6df7445e/execute/async - {"script":"<script> [1562 bytes]","args":[{"selector":{"controlType":"sap.ui.core.Icon","viewName":"etm.portal.ui.managecontracts.view.Master","properties":{"src":{"regex":{"source":"add"}}}},"wdio_ui5_key":"etmportal.ui.managecontracts.view.Mastersap.ui.core.Icon{\"src\":{\"regex\":{\"source\":\"add\"}}}"}]}
RESULT: undefined
RESULT: undefined
RESULT: {"script":"<script> [1562 bytes]","args":[{"selector":{"controlType":"sap.ui.core.Icon","viewName":"etm.portal.ui.managecontracts.view.Master","properties":{"src":{"regex":{"source":"add"}}}},"wdio_ui5_key":"etmportal.ui.managecontracts.view.Mastersap.ui.core.Icon{\"src\":{\"regex\":{\"source\":\"add\"}}}"}]}
RESULT: undefined
COMMAND: POST /session/cd477e99f4e247ef02c326ac6df7445e/element - {"using":"xpath","value":"//*[@id=\"__button298-img\"]"}
RESULT: {"using":"xpath","value":"//*[@id=\"__button298-img\"]"}
COMMAND: POST /session/cd477e99f4e247ef02c326ac6df7445e/element/f.375AD1BF2998C782D6149A43C57C8E27.d.1FBC5AF41B28803152462A59340D3BE9.e.3485/click - {}
RESULT: {}
COMMAND: POST /session/cd477e99f4e247ef02c326ac6df7445e/execute/async - {"script":"<script> [1562 bytes]","args":[{"selector":{"id":"application-managecontracts-display-component---AddNewContract--projectDescription","interaction":{"idSuffix":"inner"}},"wdio_ui5_key":"applicationmanagecontracts-display-component---AddNewContract--projectDescription"}]}
COMMAND: GET /session/cd477e99f4e247ef02c326ac6df7445e/screenshot - {}
RESULT: {"script":"<script> [1562 bytes]","args":[{"selector":{"id":"application-managecontracts-display-component---AddNewContract--projectDescription","interaction":{"idSuffix":"inner"}},"wdio_ui5_key":"applicationmanagecontracts-display-component---AddNewContract--projectDescription"}]}
RESULT: undefined
COMMAND: POST /session/cd477e99f4e247ef02c326ac6df7445e/execute/async - {"script":"<script> [776 bytes]","args":[{"enterText":"wdi5 contract for billing","selector":{"id":"application-managecontracts-display-component---AddNewContract--projectDescription","interaction":{"idSuffix":"inner"}},"clearTextFirst":true,"interactionType":"ENTER_TEXT"}]}
RESULT: {}
RESULT: {"script":"<script> [776 bytes]","args":[{"enterText":"wdi5 contract for billing","selector":{"id":"application-managecontracts-display-component---AddNewContract--projectDescription","interaction":{"idSuffix":"inner"}},"clearTextFirst":true,"interactionType":"ENTER_TEXT"}]}
COMMAND: POST /session/cd477e99f4e247ef02c326ac6df7445e/element - {"using":"xpath","value":"//input[@id=\"application-managecontracts-display-component---AddNewContract--customerSelect-inner\"]"}
RESULT: {"using":"xpath","value":"//input[@id=\"application-managecontracts-display-component---AddNewContract--customerSelect-inner\"]"}
COMMAND: POST /session/cd477e99f4e247ef02c326ac6df7445e/element/f.375AD1BF2998C782D6149A43C57C8E27.d.1FBC5AF41B28803152462A59340D3BE9.e.3727/clear - {}
RESULT: {}
COMMAND: POST /session/cd477e99f4e247ef02c326ac6df7445e/element/f.375AD1BF2998C782D6149A43C57C8E27.d.1FBC5AF41B28803152462A59340D3BE9.e.3727/value - {"text":"1632"}
COMMAND: GET /session/cd477e99f4e247ef02c326ac6df7445e/screenshot - {}
RESULT: {}
RESULT: {"text":"1632"}
COMMAND: GET /session/cd477e99f4e247ef02c326ac6df7445e/screenshot - {}
RESULT: {}
COMMAND: POST /session/cd477e99f4e247ef02c326ac6df7445e/actions - {"actions":[{"id":"action4","type":"key","parameters":{},"actions":[{"type":"keyDown","value":"î€‡"},{"type":"pause","duration":10},{"type":"keyUp","value":"î€‡"}]}]}
RESULT: {"actions":[{"id":"action4","type":"key","parameters":{},"actions":[{"type":"keyDown","value":"î€‡"},{"type":"pause","duration":10},{"type":"keyUp","value":"î€‡"}]}]}
COMMAND: POST /session/cd477e99f4e247ef02c326ac6df7445e/element - {"using":"xpath","value":"//input[@id=\"application-managecontracts-display-component---AddNewContract--site-inner\"]"}
COMMAND: GET /session/cd477e99f4e247ef02c326ac6df7445e/screenshot - {}
RESULT: {"using":"xpath","value":"//input[@id=\"application-managecontracts-display-component---AddNewContract--site-inner\"]"}
COMMAND: POST /session/cd477e99f4e247ef02c326ac6df7445e/element/f.375AD1BF2998C782D6149A43C57C8E27.d.1FBC5AF41B28803152462A59340D3BE9.e.3728/clear - {}
RESULT: {}
RESULT: {}
COMMAND: POST /session/cd477e99f4e247ef02c326ac6df7445e/element/f.375AD1BF2998C782D6149A43C57C8E27.d.1FBC5AF41B28803152462A59340D3BE9.e.3728/value - {"text":"2590"}
COMMAND: GET /session/cd477e99f4e247ef02c326ac6df7445e/screenshot - {}
RESULT: {"text":"2590"}
COMMAND: GET /session/cd477e99f4e247ef02c326ac6df7445e/screenshot - {}
RESULT: {}
RESULT: {}
COMMAND: POST /session/cd477e99f4e247ef02c326ac6df7445e/actions - {"actions":[{"id":"action5","type":"key","parameters":{},"actions":[{"type":"keyDown","value":"î€‡"},{"type":"pause","duration":10},{"type":"keyUp","value":"î€‡"}]}]}
RESULT: {"actions":[{"id":"action5","type":"key","parameters":{},"actions":[{"type":"keyDown","value":"î€‡"},{"type":"pause","duration":10},{"type":"keyUp","value":"î€‡"}]}]}
COMMAND: POST /session/cd477e99f4e247ef02c326ac6df7445e/execute/async - {"script":"<script> [1562 bytes]","args":[{"selector":{"id":"application-managecontracts-display-component---AddNewContract--calendarInput","interaction":{"idSuffix":"inner"}},"wdio_ui5_key":"applicationmanagecontracts-display-component---AddNewContract--calendarInput"}]}
COMMAND: GET /session/cd477e99f4e247ef02c326ac6df7445e/screenshot - {}
RESULT: {"script":"<script> [1562 bytes]","args":[{"selector":{"id":"application-managecontracts-display-component---AddNewContract--calendarInput","interaction":{"idSuffix":"inner"}},"wdio_ui5_key":"applicationmanagecontracts-display-component---AddNewContract--calendarInput"}]}
RESULT: undefined
COMMAND: POST /session/cd477e99f4e247ef02c326ac6df7445e/execute/async - {"script":"<script> [776 bytes]","args":[{"enterText":"1 - Calendar unit test patch","selector":{"id":"application-managecontracts-display-component---AddNewContract--calendarInput","interaction":{"idSuffix":"inner"}},"clearTextFirst":true,"interactionType":"ENTER_TEXT"}]}
RESULT: {}
RESULT: {"script":"<script> [776 bytes]","args":[{"enterText":"1 - Calendar unit test patch","selector":{"id":"application-managecontracts-display-component---AddNewContract--calendarInput","interaction":{"idSuffix":"inner"}},"clearTextFirst":true,"interactionType":"ENTER_TEXT"}]}
COMMAND: POST /session/cd477e99f4e247ef02c326ac6df7445e/actions - {"actions":[{"id":"action6","type":"key","parameters":{},"actions":[{"type":"keyDown","value":"î€‡"},{"type":"pause","duration":10},{"type":"keyUp","value":"î€‡"}]}]}
RESULT: {"actions":[{"id":"action6","type":"key","parameters":{},"actions":[{"type":"keyDown","value":"î€‡"},{"type":"pause","duration":10},{"type":"keyUp","value":"î€‡"}]}]}
COMMAND: POST /session/cd477e99f4e247ef02c326ac6df7445e/execute/async - {"script":"<script> [1562 bytes]","args":[{"selector":{"id":"application-managecontracts-display-component---AddNewContract--languageCB","interaction":{"idSuffix":"inner"}},"wdio_ui5_key":"applicationmanagecontracts-display-component---AddNewContract--languageCB"}]}
COMMAND: GET /session/cd477e99f4e247ef02c326ac6df7445e/screenshot - {}
RESULT: {"script":"<script> [1562 bytes]","args":[{"selector":{"id":"application-managecontracts-display-component---AddNewContract--languageCB","interaction":{"idSuffix":"inner"}},"wdio_ui5_key":"applicationmanagecontracts-display-component---AddNewContract--languageCB"}]}
RESULT: undefined
COMMAND: POST /session/cd477e99f4e247ef02c326ac6df7445e/execute/async - {"script":"<script> [776 bytes]","args":[{"enterText":"EN - English","selector":{"id":"application-managecontracts-display-component---AddNewContract--languageCB","interaction":{"idSuffix":"inner"}},"clearTextFirst":true,"interactionType":"ENTER_TEXT"}]}
RESULT: {}
RESULT: {"script":"<script> [776 bytes]","args":[{"enterText":"EN - English","selector":{"id":"application-managecontracts-display-component---AddNewContract--languageCB","interaction":{"idSuffix":"inner"}},"clearTextFirst":true,"interactionType":"ENTER_TEXT"}]}
COMMAND: POST /session/cd477e99f4e247ef02c326ac6df7445e/actions - {"actions":[{"id":"action7","type":"key","parameters":{},"actions":[{"type":"keyDown","value":"î€‡"},{"type":"pause","duration":10},{"type":"keyUp","value":"î€‡"}]}]}
RESULT: {"actions":[{"id":"action7","type":"key","parameters":{},"actions":[{"type":"keyDown","value":"î€‡"},{"type":"pause","duration":10},{"type":"keyUp","value":"î€‡"}]}]}
COMMAND: POST /session/cd477e99f4e247ef02c326ac6df7445e/execute/async - {"script":"<script> [1562 bytes]","args":[{"selector":{"id":"application-managecontracts-display-component---AddNewContract--saveBtn","interaction":{"idSuffix":"BDI-content"}},"wdio_ui5_key":"applicationmanagecontracts-display-component---AddNewContract--saveBtn"}]}
COMMAND: GET /session/cd477e99f4e247ef02c326ac6df7445e/screenshot - {}
RESULT: {"script":"<script> [1562 bytes]","args":[{"selector":{"id":"application-managecontracts-display-component---AddNewContract--saveBtn","interaction":{"idSuffix":"BDI-content"}},"wdio_ui5_key":"applicationmanagecontracts-display-component---AddNewContract--saveBtn"}]}
RESULT: undefined
COMMAND: POST /session/cd477e99f4e247ef02c326ac6df7445e/element - {"using":"xpath","value":"//*[@id=\"application-managecontracts-display-component---AddNewContract--saveBtn\"]"}
RESULT: {}
RESULT: {"using":"xpath","value":"//*[@id=\"application-managecontracts-display-component---AddNewContract--saveBtn\"]"}
COMMAND: POST /session/cd477e99f4e247ef02c326ac6df7445e/element/f.375AD1BF2998C782D6149A43C57C8E27.d.1FBC5AF41B28803152462A59340D3BE9.e.3747/click - {}
RESULT: {}
COMMAND: GET /session/cd477e99f4e247ef02c326ac6df7445e/screenshot - {}
RESULT: {}
COMMAND: POST /session/cd477e99f4e247ef02c326ac6df7445e/execute/async - {"script":"<script> [1562 bytes]","args":[{"selector":{"id":"contractDetailTitleNoExpanded","viewName":"etm.portal.ui.managecontracts.view.Detail"},"wdio_ui5_key":"contractDetailTitleNoExpandedetmportal.ui.managecontracts.view.Detail"}]}
RESULT: {"script":"<script> [1562 bytes]","args":[{"selector":{"id":"contractDetailTitleNoExpanded","viewName":"etm.portal.ui.managecontracts.view.Detail"},"wdio_ui5_key":"contractDetailTitleNoExpandedetmportal.ui.managecontracts.view.Detail"}]}
RESULT: undefined
COMMAND: POST /session/cd477e99f4e247ef02c326ac6df7445e/execute/async - {"script":"<script> [6424 bytes]","args":[{"element-6066-11e4-a52e-4f735466cecf":"f.375AD1BF2998C782D6149A43C57C8E27.d.1FBC5AF41B28803152462A59340D3BE9.e.3771"},"getText",[]]}
RESULT: {"script":"<script> [6424 bytes]","args":[{"element-6066-11e4-a52e-4f735466cecf":"f.375AD1BF2998C782D6149A43C57C8E27.d.1FBC5AF41B28803152462A59340D3BE9.e.3771"},"getText",[]]}
]]></system-out>
    </testcase>
    <testcase classname="chrome.135_0_7049_96.windows.Create_masterdata_for_Yard_Overview_-_mass_return_US131057" name="Should add resource to the contract" time="54.429">
      <system-out><![CDATA[
COMMAND: POST /session/cd477e99f4e247ef02c326ac6df7445e/execute/async - {"script":"<script> [1562 bytes]","args":[{"selector":{"id":"contractDetailEditBtn","viewName":"etm.portal.ui.managecontracts.view.Detail","interaction":{"idSuffix":"BDI-content"}},"wdio_ui5_key":"contractDetailEditBtnetmportal.ui.managecontracts.view.Detail"}]}
RESULT: {"script":"<script> [1562 bytes]","args":[{"selector":{"id":"contractDetailEditBtn","viewName":"etm.portal.ui.managecontracts.view.Detail","interaction":{"idSuffix":"BDI-content"}},"wdio_ui5_key":"contractDetailEditBtnetmportal.ui.managecontracts.view.Detail"}]}
RESULT: undefined
COMMAND: POST /session/cd477e99f4e247ef02c326ac6df7445e/element - {"using":"xpath","value":"//*[@id=\"__xmlview61--contractDetailEditBtn\"]"}
RESULT: {"using":"xpath","value":"//*[@id=\"__xmlview61--contractDetailEditBtn\"]"}
COMMAND: POST /session/cd477e99f4e247ef02c326ac6df7445e/element/f.375AD1BF2998C782D6149A43C57C8E27.d.1FBC5AF41B28803152462A59340D3BE9.e.3773/click - {}
RESULT: {}
COMMAND: GET /session/cd477e99f4e247ef02c326ac6df7445e/screenshot - {}
RESULT: {}
COMMAND: POST /session/cd477e99f4e247ef02c326ac6df7445e/execute/async - {"script":"<script> [1562 bytes]","args":[{"selector":{"id":"additionalAddressesTabFilter","viewName":"etm.portal.ui.managecontracts.view.EditContract","interaction":{"idSuffix":"text"}},"wdio_ui5_key":"additionalAddressesTabFilteretmportal.ui.managecontracts.view.EditContract"}]}
RESULT: {"script":"<script> [1562 bytes]","args":[{"selector":{"id":"additionalAddressesTabFilter","viewName":"etm.portal.ui.managecontracts.view.EditContract","interaction":{"idSuffix":"text"}},"wdio_ui5_key":"additionalAddressesTabFilteretmportal.ui.managecontracts.view.EditContract"}]}
RESULT: undefined
COMMAND: POST /session/cd477e99f4e247ef02c326ac6df7445e/element - {"using":"xpath","value":"//*[@id=\"__xmlview62--additionalAddressesTabFilter\"]"}
RESULT: {"using":"xpath","value":"//*[@id=\"__xmlview62--additionalAddressesTabFilter\"]"}
COMMAND: POST /session/cd477e99f4e247ef02c326ac6df7445e/element/f.375AD1BF2998C782D6149A43C57C8E27.d.1FBC5AF41B28803152462A59340D3BE9.e.3829/click - {}
RESULT: {}
RESULT: undefined
COMMAND: POST /session/cd477e99f4e247ef02c326ac6df7445e/element - {"using":"xpath","value":"//*[@id=\"__xmlview62--additionalAddressesTabFilter\"]"}
COMMAND: GET /session/cd477e99f4e247ef02c326ac6df7445e/screenshot - {}
RESULT: {"using":"xpath","value":"//*[@id=\"__xmlview62--additionalAddressesTabFilter\"]"}
COMMAND: POST /session/cd477e99f4e247ef02c326ac6df7445e/element/f.375AD1BF2998C782D6149A43C57C8E27.d.1FBC5AF41B28803152462A59340D3BE9.e.3829/click - {}
RESULT: {}
RESULT: {}
COMMAND: POST /session/cd477e99f4e247ef02c326ac6df7445e/execute/async - {"script":"<script> [1562 bytes]","args":[{"selector":{"controlType":"sap.ui.core.Icon","viewName":"etm.portal.ui.managecontracts.view.EditContract","properties":{"src":{"regex":{"source":"add"}}}},"wdio_ui5_key":"etmportal.ui.managecontracts.view.EditContractsap.ui.core.Icon{\"src\":{\"regex\":{\"source\":\"add\"}}}"}]}
COMMAND: GET /session/cd477e99f4e247ef02c326ac6df7445e/screenshot - {}
RESULT: {"script":"<script> [1562 bytes]","args":[{"selector":{"controlType":"sap.ui.core.Icon","viewName":"etm.portal.ui.managecontracts.view.EditContract","properties":{"src":{"regex":{"source":"add"}}}},"wdio_ui5_key":"etmportal.ui.managecontracts.view.EditContractsap.ui.core.Icon{\"src\":{\"regex\":{\"source\":\"add\"}}}"}]}
RESULT: undefined
COMMAND: POST /session/cd477e99f4e247ef02c326ac6df7445e/element - {"using":"xpath","value":"//*[@id=\"__xmlview62--btnAddTableRow-img\"]"}
RESULT: {}
RESULT: {"using":"xpath","value":"//*[@id=\"__xmlview62--btnAddTableRow-img\"]"}
COMMAND: POST /session/cd477e99f4e247ef02c326ac6df7445e/element/f.375AD1BF2998C782D6149A43C57C8E27.d.1FBC5AF41B28803152462A59340D3BE9.e.3831/click - {}
RESULT: {}
COMMAND: POST /session/cd477e99f4e247ef02c326ac6df7445e/element - {"using":"xpath","value":"//div[(text() = 'Standard Entry' or . = 'Standard Entry')]"}
COMMAND: GET /session/cd477e99f4e247ef02c326ac6df7445e/screenshot - {}
RESULT: {"using":"xpath","value":"//div[(text() = 'Standard Entry' or . = 'Standard Entry')]"}
COMMAND: POST /session/cd477e99f4e247ef02c326ac6df7445e/element/f.375AD1BF2998C782D6149A43C57C8E27.d.1FBC5AF41B28803152462A59340D3BE9.e.3834/click - {}
RESULT: {}
RESULT: {}
COMMAND: POST /session/cd477e99f4e247ef02c326ac6df7445e/execute/async - {"script":"<script> [1562 bytes]","args":[{"selector":{"controlType":"sap.ui.core.Icon","viewName":"etm.portal.ui.managecontracts.view.EditContract","properties":{"src":{"regex":{"source":"inspect"}}}},"wdio_ui5_key":"etmportal.ui.managecontracts.view.EditContractsap.ui.core.Icon{\"src\":{\"regex\":{\"source\":\"inspect\"}}}"}]}
COMMAND: GET /session/cd477e99f4e247ef02c326ac6df7445e/screenshot - {}
RESULT: {"script":"<script> [1562 bytes]","args":[{"selector":{"controlType":"sap.ui.core.Icon","viewName":"etm.portal.ui.managecontracts.view.EditContract","properties":{"src":{"regex":{"source":"inspect"}}}},"wdio_ui5_key":"etmportal.ui.managecontracts.view.EditContractsap.ui.core.Icon{\"src\":{\"regex\":{\"source\":\"inspect\"}}}"}]}
RESULT: undefined
COMMAND: POST /session/cd477e99f4e247ef02c326ac6df7445e/element - {"using":"xpath","value":"//*[@id=\"__button324-img\"]"}
RESULT: {}
RESULT: {"using":"xpath","value":"//*[@id=\"__button324-img\"]"}
COMMAND: POST /session/cd477e99f4e247ef02c326ac6df7445e/element/f.375AD1BF2998C782D6149A43C57C8E27.d.1FBC5AF41B28803152462A59340D3BE9.e.3846/click - {}
RESULT: {}
COMMAND: GET /session/cd477e99f4e247ef02c326ac6df7445e/screenshot - {}
RESULT: {}
COMMAND: POST /session/cd477e99f4e247ef02c326ac6df7445e/element - {"using":"xpath","value":"//td[6]/div/div/input[1]"}
RESULT: {"using":"xpath","value":"//td[6]/div/div/input[1]"}
COMMAND: POST /session/cd477e99f4e247ef02c326ac6df7445e/element/f.375AD1BF2998C782D6149A43C57C8E27.d.1FBC5AF41B28803152462A59340D3BE9.e.3836/clear - {}
RESULT: {}
COMMAND: GET /session/cd477e99f4e247ef02c326ac6df7445e/screenshot - {}
RESULT: {}
COMMAND: POST /session/cd477e99f4e247ef02c326ac6df7445e/element - {"using":"xpath","value":"//td[6]/div/div/input[1]"}
RESULT: {"using":"xpath","value":"//td[6]/div/div/input[1]"}
COMMAND: POST /session/cd477e99f4e247ef02c326ac6df7445e/element/f.375AD1BF2998C782D6149A43C57C8E27.d.1FBC5AF41B28803152462A59340D3BE9.e.3862/click - {}
RESULT: {}
COMMAND: POST /session/cd477e99f4e247ef02c326ac6df7445e/actions - {"actions":[{"id":"action8","type":"key","parameters":{},"actions":[{"type":"keyDown","value":"î€ƒ"},{"type":"pause","duration":10},{"type":"keyUp","value":"î€ƒ"}]}]}
COMMAND: GET /session/cd477e99f4e247ef02c326ac6df7445e/screenshot - {}
RESULT: {"actions":[{"id":"action8","type":"key","parameters":{},"actions":[{"type":"keyDown","value":"î€ƒ"},{"type":"pause","duration":10},{"type":"keyUp","value":"î€ƒ"}]}]}
COMMAND: POST /session/cd477e99f4e247ef02c326ac6df7445e/element - {"using":"xpath","value":"//td[6]/div/div/input[1]"}
COMMAND: GET /session/cd477e99f4e247ef02c326ac6df7445e/screenshot - {}
RESULT: {}
RESULT: {"using":"xpath","value":"//td[6]/div/div/input[1]"}
COMMAND: POST /session/cd477e99f4e247ef02c326ac6df7445e/element/f.375AD1BF2998C782D6149A43C57C8E27.d.1FBC5AF41B28803152462A59340D3BE9.e.3862/clear - {}
RESULT: {}
RESULT: {}
COMMAND: POST /session/cd477e99f4e247ef02c326ac6df7445e/element/f.375AD1BF2998C782D6149A43C57C8E27.d.1FBC5AF41B28803152462A59340D3BE9.e.3862/value - {"text":"Material"}
COMMAND: GET /session/cd477e99f4e247ef02c326ac6df7445e/screenshot - {}
RESULT: {"text":"Material"}
COMMAND: GET /session/cd477e99f4e247ef02c326ac6df7445e/screenshot - {}
RESULT: {}
RESULT: {}
COMMAND: POST /session/cd477e99f4e247ef02c326ac6df7445e/actions - {"actions":[{"id":"action9","type":"key","parameters":{},"actions":[{"type":"keyDown","value":"î€‡"},{"type":"pause","duration":10},{"type":"keyUp","value":"î€‡"}]}]}
RESULT: {"actions":[{"id":"action9","type":"key","parameters":{},"actions":[{"type":"keyDown","value":"î€‡"},{"type":"pause","duration":10},{"type":"keyUp","value":"î€‡"}]}]}
COMMAND: POST /session/cd477e99f4e247ef02c326ac6df7445e/element - {"using":"xpath","value":"//td[7]/div/div/input[1]"}
COMMAND: GET /session/cd477e99f4e247ef02c326ac6df7445e/screenshot - {}
RESULT: {"using":"xpath","value":"//td[7]/div/div/input[1]"}
COMMAND: POST /session/cd477e99f4e247ef02c326ac6df7445e/element/f.375AD1BF2998C782D6149A43C57C8E27.d.1FBC5AF41B28803152462A59340D3BE9.e.3884/clear - {}
RESULT: {}
RESULT: {}
COMMAND: POST /session/cd477e99f4e247ef02c326ac6df7445e/element/f.375AD1BF2998C782D6149A43C57C8E27.d.1FBC5AF41B28803152462A59340D3BE9.e.3884/value - {"text":"200517"}
COMMAND: GET /session/cd477e99f4e247ef02c326ac6df7445e/screenshot - {}
RESULT: {"text":"200517"}
COMMAND: GET /session/cd477e99f4e247ef02c326ac6df7445e/screenshot - {}
RESULT: {}
RESULT: {}
COMMAND: POST /session/cd477e99f4e247ef02c326ac6df7445e/actions - {"actions":[{"id":"action10","type":"key","parameters":{},"actions":[{"type":"keyDown","value":"î€‡"},{"type":"pause","duration":10},{"type":"keyUp","value":"î€‡"}]}]}
RESULT: {"actions":[{"id":"action10","type":"key","parameters":{},"actions":[{"type":"keyDown","value":"î€‡"},{"type":"pause","duration":10},{"type":"keyUp","value":"î€‡"}]}]}
COMMAND: POST /session/cd477e99f4e247ef02c326ac6df7445e/execute/async - {"script":"<script> [1562 bytes]","args":[{"selector":{"controlType":"sap.m.Button","properties":{"text":"OK"},"searchOpenDialogs":true,"interaction":{"idSuffix":"BDI-content"}},"wdio_ui5_key":"sapm.Button{\"text\":\"OK\"}"}]}
COMMAND: GET /session/cd477e99f4e247ef02c326ac6df7445e/screenshot - {}
RESULT: {"script":"<script> [1562 bytes]","args":[{"selector":{"controlType":"sap.m.Button","properties":{"text":"OK"},"searchOpenDialogs":true,"interaction":{"idSuffix":"BDI-content"}},"wdio_ui5_key":"sapm.Button{\"text\":\"OK\"}"}]}
RESULT: undefined
COMMAND: POST /session/cd477e99f4e247ef02c326ac6df7445e/element - {"using":"xpath","value":"//*[@id=\"__mbox-btn-1\"]"}
RESULT: {}
RESULT: {"using":"xpath","value":"//*[@id=\"__mbox-btn-1\"]"}
COMMAND: POST /session/cd477e99f4e247ef02c326ac6df7445e/element/f.375AD1BF2998C782D6149A43C57C8E27.d.1FBC5AF41B28803152462A59340D3BE9.e.3905/click - {}
RESULT: {}
COMMAND: POST /session/cd477e99f4e247ef02c326ac6df7445e/execute/async - {"script":"<script> [1562 bytes]","args":[{"selector":{"id":"saveBtn","viewName":"etm.portal.ui.managecontracts.view.EditContract","interaction":{"idSuffix":"BDI-content"}},"wdio_ui5_key":"saveBtnetmportal.ui.managecontracts.view.EditContract"}]}
COMMAND: GET /session/cd477e99f4e247ef02c326ac6df7445e/screenshot - {}
RESULT: {"script":"<script> [1562 bytes]","args":[{"selector":{"id":"saveBtn","viewName":"etm.portal.ui.managecontracts.view.EditContract","interaction":{"idSuffix":"BDI-content"}},"wdio_ui5_key":"saveBtnetmportal.ui.managecontracts.view.EditContract"}]}
RESULT: undefined
COMMAND: POST /session/cd477e99f4e247ef02c326ac6df7445e/element - {"using":"xpath","value":"//*[@id=\"__xmlview62--saveBtn\"]"}
RESULT: {}
RESULT: {"using":"xpath","value":"//*[@id=\"__xmlview62--saveBtn\"]"}
COMMAND: POST /session/cd477e99f4e247ef02c326ac6df7445e/element/f.375AD1BF2998C782D6149A43C57C8E27.d.1FBC5AF41B28803152462A59340D3BE9.e.3931/click - {}
RESULT: {}
COMMAND: GET /session/cd477e99f4e247ef02c326ac6df7445e/screenshot - {}
RESULT: {}
COMMAND: POST /session/cd477e99f4e247ef02c326ac6df7445e/execute/async - {"script":"<script> [1562 bytes]","args":[{"selector":{"id":"additionalAddressesTabFilter","viewName":"etm.portal.ui.managecontracts.view.Detail","interaction":{"idSuffix":"text"}},"wdio_ui5_key":"additionalAddressesTabFilteretmportal.ui.managecontracts.view.Detail"}]}
RESULT: {"script":"<script> [1562 bytes]","args":[{"selector":{"id":"additionalAddressesTabFilter","viewName":"etm.portal.ui.managecontracts.view.Detail","interaction":{"idSuffix":"text"}},"wdio_ui5_key":"additionalAddressesTabFilteretmportal.ui.managecontracts.view.Detail"}]}
RESULT: undefined
COMMAND: POST /session/cd477e99f4e247ef02c326ac6df7445e/element - {"using":"xpath","value":"//*[@id=\"__xmlview61--additionalAddressesTabFilter\"]"}
RESULT: {"using":"xpath","value":"//*[@id=\"__xmlview61--additionalAddressesTabFilter\"]"}
COMMAND: POST /session/cd477e99f4e247ef02c326ac6df7445e/element/f.375AD1BF2998C782D6149A43C57C8E27.d.1FBC5AF41B28803152462A59340D3BE9.e.3935/click - {}
RESULT: {}
COMMAND: POST /session/cd477e99f4e247ef02c326ac6df7445e/execute/async - {"script":"<script> [1562 bytes]","args":[{"selector":{"id":"contractDetailProvideButton","viewName":"etm.portal.ui.managecontracts.view.Detail","interaction":{"idSuffix":"BDI-content"}},"wdio_ui5_key":"contractDetailProvideButtonetmportal.ui.managecontracts.view.Detail"}]}
COMMAND: GET /session/cd477e99f4e247ef02c326ac6df7445e/screenshot - {}
RESULT: {"script":"<script> [1562 bytes]","args":[{"selector":{"id":"contractDetailProvideButton","viewName":"etm.portal.ui.managecontracts.view.Detail","interaction":{"idSuffix":"BDI-content"}},"wdio_ui5_key":"contractDetailProvideButtonetmportal.ui.managecontracts.view.Detail"}]}
RESULT: undefined
COMMAND: POST /session/cd477e99f4e247ef02c326ac6df7445e/element - {"using":"xpath","value":"//*[@id=\"__xmlview61--contractDetailProvideButton\"]"}
RESULT: {}
RESULT: {"using":"xpath","value":"//*[@id=\"__xmlview61--contractDetailProvideButton\"]"}
COMMAND: POST /session/cd477e99f4e247ef02c326ac6df7445e/element/f.375AD1BF2998C782D6149A43C57C8E27.d.1FBC5AF41B28803152462A59340D3BE9.e.3942/click - {}
RESULT: {}
COMMAND: GET /session/cd477e99f4e247ef02c326ac6df7445e/screenshot - {}
RESULT: {}
]]></system-out>
    </testcase>
  </testsuite>
  <testsuite timestamp="2025-04-24T16:37:38" time="675.107" tests="9" failures="1" errors="1" skipped="0">
    <properties>
      <property name="specId" value="0" />
      <property name="suiteName" value="Create masterdata for Yard Overview - trigger provide US130988" />
      <property name="capabilities" value="chrome.135_0_7049_96.windows" />
      <property name="file" value="file:///D:/a/1/s/test/specs/HTR/stock-decrease.spec.js" />
    </properties>
    <testcase classname="chrome.135_0_7049_96.windows.Create_masterdata_for_Yard_Overview_-_trigger_provide_US130988" name="Should create a WHMyard" time="74.941">
      <system-out><![CDATA[
COMMAND: GET /session/cd477e99f4e247ef02c326ac6df7445e/screenshot - {}
COMMAND: POST /session/cd477e99f4e247ef02c326ac6df7445e/execute/async - {"script":"<script> [1562 bytes]","args":[{"selector":{"controlType":"sap.ui.core.Icon","viewName":"etm.portal.ui.manageyards.view.Master","viewId":"application-manageyards-display-component---masterYard","properties":{"src":{"regex":{"source":"add"}}}},"wdio_ui5_key":"etmportal.ui.manageyards.view.Mastersap.ui.core.Icon{\"src\":{\"regex\":{\"source\":\"add\"}}}"}]}
RESULT: {"script":"<script> [1562 bytes]","args":[{"selector":{"controlType":"sap.ui.core.Icon","viewName":"etm.portal.ui.manageyards.view.Master","viewId":"application-manageyards-display-component---masterYard","properties":{"src":{"regex":{"source":"add"}}}},"wdio_ui5_key":"etmportal.ui.manageyards.view.Mastersap.ui.core.Icon{\"src\":{\"regex\":{\"source\":\"add\"}}}"}]}
RESULT: undefined
COMMAND: POST /session/cd477e99f4e247ef02c326ac6df7445e/element - {"using":"xpath","value":"//*[@id=\"__button4-img\"]"}
RESULT: {}
RESULT: {"using":"xpath","value":"//*[@id=\"__button4-img\"]"}
COMMAND: POST /session/cd477e99f4e247ef02c326ac6df7445e/element/f.375AD1BF2998C782D6149A43C57C8E27.d.D687BDD5BB8BB101DB3682A56995E901.e.4245/click - {}
RESULT: {}
COMMAND: POST /session/cd477e99f4e247ef02c326ac6df7445e/execute/async - {"script":"<script> [1562 bytes]","args":[{"selector":{"id":"application-manageyards-display-component---NewYard--addressDetailDetailsName1","interaction":{"idSuffix":"inner"}},"wdio_ui5_key":"applicationmanageyards-display-component---NewYard--addressDetailDetailsName1"}]}
COMMAND: GET /session/cd477e99f4e247ef02c326ac6df7445e/screenshot - {}
RESULT: {"script":"<script> [1562 bytes]","args":[{"selector":{"id":"application-manageyards-display-component---NewYard--addressDetailDetailsName1","interaction":{"idSuffix":"inner"}},"wdio_ui5_key":"applicationmanageyards-display-component---NewYard--addressDetailDetailsName1"}]}
RESULT: undefined
COMMAND: POST /session/cd477e99f4e247ef02c326ac6df7445e/execute/async - {"script":"<script> [776 bytes]","args":[{"enterText":"Webdriver - stock decrease","selector":{"id":"application-manageyards-display-component---NewYard--addressDetailDetailsName1","interaction":{"idSuffix":"inner"}},"clearTextFirst":true,"interactionType":"ENTER_TEXT"}]}
RESULT: {}
RESULT: {"script":"<script> [776 bytes]","args":[{"enterText":"Webdriver - stock decrease","selector":{"id":"application-manageyards-display-component---NewYard--addressDetailDetailsName1","interaction":{"idSuffix":"inner"}},"clearTextFirst":true,"interactionType":"ENTER_TEXT"}]}
COMMAND: POST /session/cd477e99f4e247ef02c326ac6df7445e/execute/async - {"script":"<script> [1562 bytes]","args":[{"selector":{"id":"application-manageyards-display-component---NewYard--addressDetailDetailsLanguage-arrow"},"wdio_ui5_key":"applicationmanageyards-display-component---NewYard--addressDetailDetailsLanguage-arrow"}]}
RESULT: {"script":"<script> [1562 bytes]","args":[{"selector":{"id":"application-manageyards-display-component---NewYard--addressDetailDetailsLanguage-arrow"},"wdio_ui5_key":"applicationmanageyards-display-component---NewYard--addressDetailDetailsLanguage-arrow"}]}
RESULT: undefined
COMMAND: POST /session/cd477e99f4e247ef02c326ac6df7445e/element - {"using":"xpath","value":"//*[@id=\"application-manageyards-display-component---NewYard--addressDetailDetailsLanguage-arrow\"]"}
RESULT: {"using":"xpath","value":"//*[@id=\"application-manageyards-display-component---NewYard--addressDetailDetailsLanguage-arrow\"]"}
COMMAND: POST /session/cd477e99f4e247ef02c326ac6df7445e/element/f.375AD1BF2998C782D6149A43C57C8E27.d.D687BDD5BB8BB101DB3682A56995E901.e.4652/click - {}
RESULT: {}
COMMAND: POST /session/cd477e99f4e247ef02c326ac6df7445e/execute/async - {"script":"<script> [1562 bytes]","args":[{"selector":{"controlType":"sap.m.StandardListItem","viewName":"etm.portal.ui.manageyards.view.New","viewId":"application-manageyards-display-component---NewYard","properties":{"title":"English"},"searchOpenDialogs":true,"interaction":{"idSuffix":"content"}},"wdio_ui5_key":"etmportal.ui.manageyards.view.Newsap.m.StandardListItem{\"title\":\"English\"}"}]}
COMMAND: GET /session/cd477e99f4e247ef02c326ac6df7445e/screenshot - {}
RESULT: {"script":"<script> [1562 bytes]","args":[{"selector":{"controlType":"sap.m.StandardListItem","viewName":"etm.portal.ui.manageyards.view.New","viewId":"application-manageyards-display-component---NewYard","properties":{"title":"English"},"searchOpenDialogs":true,"interaction":{"idSuffix":"content"}},"wdio_ui5_key":"etmportal.ui.manageyards.view.Newsap.m.StandardListItem{\"title\":\"English\"}"}]}
RESULT: undefined
COMMAND: POST /session/cd477e99f4e247ef02c326ac6df7445e/element - {"using":"xpath","value":"//*[@id=\"__item101\"]"}
RESULT: {}
RESULT: {"using":"xpath","value":"//*[@id=\"__item101\"]"}
COMMAND: POST /session/cd477e99f4e247ef02c326ac6df7445e/element/f.375AD1BF2998C782D6149A43C57C8E27.d.D687BDD5BB8BB101DB3682A56995E901.e.4654/click - {}
RESULT: {}
COMMAND: POST /session/cd477e99f4e247ef02c326ac6df7445e/execute/async - {"script":"<script> [1562 bytes]","args":[{"selector":{"id":"application-manageyards-display-component---NewYard--addressDetailDetailsCity1","interaction":{"idSuffix":"inner"}},"wdio_ui5_key":"applicationmanageyards-display-component---NewYard--addressDetailDetailsCity1"}]}
COMMAND: GET /session/cd477e99f4e247ef02c326ac6df7445e/screenshot - {}
RESULT: {"script":"<script> [1562 bytes]","args":[{"selector":{"id":"application-manageyards-display-component---NewYard--addressDetailDetailsCity1","interaction":{"idSuffix":"inner"}},"wdio_ui5_key":"applicationmanageyards-display-component---NewYard--addressDetailDetailsCity1"}]}
RESULT: undefined
COMMAND: POST /session/cd477e99f4e247ef02c326ac6df7445e/execute/async - {"script":"<script> [776 bytes]","args":[{"enterText":"Rosario","selector":{"id":"application-manageyards-display-component---NewYard--addressDetailDetailsCity1","interaction":{"idSuffix":"inner"}},"clearTextFirst":true,"interactionType":"ENTER_TEXT"}]}
RESULT: {}
RESULT: {"script":"<script> [776 bytes]","args":[{"enterText":"Rosario","selector":{"id":"application-manageyards-display-component---NewYard--addressDetailDetailsCity1","interaction":{"idSuffix":"inner"}},"clearTextFirst":true,"interactionType":"ENTER_TEXT"}]}
COMMAND: POST /session/cd477e99f4e247ef02c326ac6df7445e/execute/async - {"script":"<script> [1562 bytes]","args":[{"selector":{"id":"application-manageyards-display-component---NewYard--addressDetailDetailsCountry-arrow"},"wdio_ui5_key":"applicationmanageyards-display-component---NewYard--addressDetailDetailsCountry-arrow"}]}
RESULT: {"script":"<script> [1562 bytes]","args":[{"selector":{"id":"application-manageyards-display-component---NewYard--addressDetailDetailsCountry-arrow"},"wdio_ui5_key":"applicationmanageyards-display-component---NewYard--addressDetailDetailsCountry-arrow"}]}
RESULT: undefined
COMMAND: POST /session/cd477e99f4e247ef02c326ac6df7445e/element - {"using":"xpath","value":"//*[@id=\"application-manageyards-display-component---NewYard--addressDetailDetailsCountry-arrow\"]"}
RESULT: {"using":"xpath","value":"//*[@id=\"application-manageyards-display-component---NewYard--addressDetailDetailsCountry-arrow\"]"}
COMMAND: POST /session/cd477e99f4e247ef02c326ac6df7445e/element/f.375AD1BF2998C782D6149A43C57C8E27.d.D687BDD5BB8BB101DB3682A56995E901.e.4637/click - {}
RESULT: {}
COMMAND: POST /session/cd477e99f4e247ef02c326ac6df7445e/execute/async - {"script":"<script> [1562 bytes]","args":[{"selector":{"controlType":"sap.m.StandardListItem","viewName":"etm.portal.ui.manageyards.view.New","viewId":"application-manageyards-display-component---NewYard","properties":{"title":"Argentina"},"searchOpenDialogs":true,"interaction":{"idSuffix":"content"}},"wdio_ui5_key":"etmportal.ui.manageyards.view.Newsap.m.StandardListItem{\"title\":\"Argentina\"}"}]}
COMMAND: GET /session/cd477e99f4e247ef02c326ac6df7445e/screenshot - {}
RESULT: {"script":"<script> [1562 bytes]","args":[{"selector":{"controlType":"sap.m.StandardListItem","viewName":"etm.portal.ui.manageyards.view.New","viewId":"application-manageyards-display-component---NewYard","properties":{"title":"Argentina"},"searchOpenDialogs":true,"interaction":{"idSuffix":"content"}},"wdio_ui5_key":"etmportal.ui.manageyards.view.Newsap.m.StandardListItem{\"title\":\"Argentina\"}"}]}
RESULT: undefined
COMMAND: POST /session/cd477e99f4e247ef02c326ac6df7445e/element - {"using":"xpath","value":"//*[@id=\"__item144\"]"}
RESULT: {}
RESULT: {"using":"xpath","value":"//*[@id=\"__item144\"]"}
COMMAND: POST /session/cd477e99f4e247ef02c326ac6df7445e/element/f.375AD1BF2998C782D6149A43C57C8E27.d.D687BDD5BB8BB101DB3682A56995E901.e.4658/click - {}
RESULT: {}
COMMAND: POST /session/cd477e99f4e247ef02c326ac6df7445e/execute/async - {"script":"<script> [1562 bytes]","args":[{"selector":{"controlType":"sap.m.Button","viewName":"etm.portal.ui.manageyards.view.New","viewId":"application-manageyards-display-component---NewYard","properties":{"text":"Commercial"},"interaction":{"idSuffix":"BDI-content"}},"wdio_ui5_key":"etmportal.ui.manageyards.view.Newsap.m.Button{\"text\":\"Commercial\"}"}]}
COMMAND: GET /session/cd477e99f4e247ef02c326ac6df7445e/screenshot - {}
RESULT: {"script":"<script> [1562 bytes]","args":[{"selector":{"controlType":"sap.m.Button","viewName":"etm.portal.ui.manageyards.view.New","viewId":"application-manageyards-display-component---NewYard","properties":{"text":"Commercial"},"interaction":{"idSuffix":"BDI-content"}},"wdio_ui5_key":"etmportal.ui.manageyards.view.Newsap.m.Button{\"text\":\"Commercial\"}"}]}
RESULT: undefined
COMMAND: POST /session/cd477e99f4e247ef02c326ac6df7445e/element - {"using":"xpath","value":"//*[@id=\"application-manageyards-display-component---NewYard--ObjectPageLayout-anchBar-__section5-anchor\"]"}
RESULT: {}
RESULT: {"using":"xpath","value":"//*[@id=\"application-manageyards-display-component---NewYard--ObjectPageLayout-anchBar-__section5-anchor\"]"}
COMMAND: POST /session/cd477e99f4e247ef02c326ac6df7445e/element/f.375AD1BF2998C782D6149A43C57C8E27.d.D687BDD5BB8BB101DB3682A56995E901.e.4660/click - {}
RESULT: {}
COMMAND: GET /session/cd477e99f4e247ef02c326ac6df7445e/screenshot - {}
RESULT: {}
COMMAND: POST /session/cd477e99f4e247ef02c326ac6df7445e/execute/async - {"script":"<script> [1562 bytes]","args":[{"selector":{"id":"application-manageyards-display-component---NewYard--addressEditDetailsCostObjectCstType-arrow"},"wdio_ui5_key":"applicationmanageyards-display-component---NewYard--addressEditDetailsCostObjectCstType-arrow"}]}
RESULT: {"script":"<script> [1562 bytes]","args":[{"selector":{"id":"application-manageyards-display-component---NewYard--addressEditDetailsCostObjectCstType-arrow"},"wdio_ui5_key":"applicationmanageyards-display-component---NewYard--addressEditDetailsCostObjectCstType-arrow"}]}
RESULT: undefined
COMMAND: POST /session/cd477e99f4e247ef02c326ac6df7445e/element - {"using":"xpath","value":"//*[@id=\"application-manageyards-display-component---NewYard--addressEditDetailsCostObjectCstType-arrow\"]"}
RESULT: {"using":"xpath","value":"//*[@id=\"application-manageyards-display-component---NewYard--addressEditDetailsCostObjectCstType-arrow\"]"}
COMMAND: POST /session/cd477e99f4e247ef02c326ac6df7445e/element/f.375AD1BF2998C782D6149A43C57C8E27.d.D687BDD5BB8BB101DB3682A56995E901.e.4671/click - {}
RESULT: {}
COMMAND: GET /session/cd477e99f4e247ef02c326ac6df7445e/screenshot - {}
RESULT: {}
COMMAND: POST /session/cd477e99f4e247ef02c326ac6df7445e/execute/async - {"script":"<script> [1562 bytes]","args":[{"selector":{"controlType":"sap.m.StandardListItem","viewName":"etm.portal.ui.manageyards.view.New","viewId":"application-manageyards-display-component---NewYard","properties":{"title":"Cost Center"},"searchOpenDialogs":true,"interaction":{"idSuffix":"titleText"}},"wdio_ui5_key":"etmportal.ui.manageyards.view.Newsap.m.StandardListItem{\"title\":\"Cost Center\"}"}]}
RESULT: {"script":"<script> [1562 bytes]","args":[{"selector":{"controlType":"sap.m.StandardListItem","viewName":"etm.portal.ui.manageyards.view.New","viewId":"application-manageyards-display-component---NewYard","properties":{"title":"Cost Center"},"searchOpenDialogs":true,"interaction":{"idSuffix":"titleText"}},"wdio_ui5_key":"etmportal.ui.manageyards.view.Newsap.m.StandardListItem{\"title\":\"Cost Center\"}"}]}
RESULT: undefined
COMMAND: POST /session/cd477e99f4e247ef02c326ac6df7445e/element - {"using":"xpath","value":"//*[@id=\"__item234\"]"}
RESULT: {"using":"xpath","value":"//*[@id=\"__item234\"]"}
COMMAND: POST /session/cd477e99f4e247ef02c326ac6df7445e/element/f.375AD1BF2998C782D6149A43C57C8E27.d.D687BDD5BB8BB101DB3682A56995E901.e.4673/click - {}
RESULT: {}
COMMAND: POST /session/cd477e99f4e247ef02c326ac6df7445e/element - {"using":"xpath","value":"//input[@id=\"application-manageyards-display-component---NewYard--addressNewCostObjectCstID-inner\"]"}
COMMAND: GET /session/cd477e99f4e247ef02c326ac6df7445e/screenshot - {}
RESULT: {"using":"xpath","value":"//input[@id=\"application-manageyards-display-component---NewYard--addressNewCostObjectCstID-inner\"]"}
COMMAND: POST /session/cd477e99f4e247ef02c326ac6df7445e/element/f.375AD1BF2998C782D6149A43C57C8E27.d.D687BDD5BB8BB101DB3682A56995E901.e.4472/value - {"text":"10001013"}
RESULT: {}
RESULT: {"text":"10001013"}
COMMAND: GET /session/cd477e99f4e247ef02c326ac6df7445e/screenshot - {}
RESULT: {}
COMMAND: POST /session/cd477e99f4e247ef02c326ac6df7445e/actions - {"actions":[{"id":"action12","type":"key","parameters":{},"actions":[{"type":"keyDown","value":"î€‡"},{"type":"pause","duration":10},{"type":"keyUp","value":"î€‡"}]}]}
RESULT: {"actions":[{"id":"action12","type":"key","parameters":{},"actions":[{"type":"keyDown","value":"î€‡"},{"type":"pause","duration":10},{"type":"keyUp","value":"î€‡"}]}]}
COMMAND: POST /session/cd477e99f4e247ef02c326ac6df7445e/execute/async - {"script":"<script> [1562 bytes]","args":[{"selector":{"controlType":"sap.m.StandardListItem","viewName":"etm.portal.ui.manageyards.view.New","viewId":"application-manageyards-display-component---NewYard","properties":{"type":"Active"},"searchOpenDialogs":true,"interaction":{"idSuffix":"titleText"}},"wdio_ui5_key":"etmportal.ui.manageyards.view.Newsap.m.StandardListItem{\"type\":\"Active\"}"}]}
COMMAND: GET /session/cd477e99f4e247ef02c326ac6df7445e/screenshot - {}
RESULT: {"script":"<script> [1562 bytes]","args":[{"selector":{"controlType":"sap.m.StandardListItem","viewName":"etm.portal.ui.manageyards.view.New","viewId":"application-manageyards-display-component---NewYard","properties":{"type":"Active"},"searchOpenDialogs":true,"interaction":{"idSuffix":"titleText"}},"wdio_ui5_key":"etmportal.ui.manageyards.view.Newsap.m.StandardListItem{\"type\":\"Active\"}"}]}
RESULT: undefined
COMMAND: POST /session/cd477e99f4e247ef02c326ac6df7445e/execute/async - {"script":"<script> [1562 bytes]","args":[{"selector":{"id":"application-manageyards-display-component---NewYard--addressEditDetailsCurrency-arrow"},"wdio_ui5_key":"applicationmanageyards-display-component---NewYard--addressEditDetailsCurrency-arrow"}]}
RESULT: {}
RESULT: {"script":"<script> [1562 bytes]","args":[{"selector":{"id":"application-manageyards-display-component---NewYard--addressEditDetailsCurrency-arrow"},"wdio_ui5_key":"applicationmanageyards-display-component---NewYard--addressEditDetailsCurrency-arrow"}]}
RESULT: undefined
COMMAND: POST /session/cd477e99f4e247ef02c326ac6df7445e/element - {"using":"xpath","value":"//*[@id=\"application-manageyards-display-component---NewYard--addressEditDetailsCurrency-arrow\"]"}
RESULT: {"using":"xpath","value":"//*[@id=\"application-manageyards-display-component---NewYard--addressEditDetailsCurrency-arrow\"]"}
COMMAND: POST /session/cd477e99f4e247ef02c326ac6df7445e/element/f.375AD1BF2998C782D6149A43C57C8E27.d.D687BDD5BB8BB101DB3682A56995E901.e.4679/click - {}
RESULT: {}
COMMAND: POST /session/cd477e99f4e247ef02c326ac6df7445e/execute/async - {"script":"<script> [1562 bytes]","args":[{"selector":{"controlType":"sap.m.StandardListItem","viewName":"etm.portal.ui.manageyards.view.New","viewId":"application-manageyards-display-component---NewYard","properties":{"title":"Euro"},"searchOpenDialogs":true,"interaction":{"idSuffix":"content"}},"wdio_ui5_key":"etmportal.ui.manageyards.view.Newsap.m.StandardListItem{\"title\":\"Euro\"}"}]}
COMMAND: GET /session/cd477e99f4e247ef02c326ac6df7445e/screenshot - {}
RESULT: {"script":"<script> [1562 bytes]","args":[{"selector":{"controlType":"sap.m.StandardListItem","viewName":"etm.portal.ui.manageyards.view.New","viewId":"application-manageyards-display-component---NewYard","properties":{"title":"Euro"},"searchOpenDialogs":true,"interaction":{"idSuffix":"content"}},"wdio_ui5_key":"etmportal.ui.manageyards.view.Newsap.m.StandardListItem{\"title\":\"Euro\"}"}]}
RESULT: undefined
COMMAND: POST /session/cd477e99f4e247ef02c326ac6df7445e/element - {"using":"xpath","value":"//*[@id=\"__item339\"]"}
RESULT: {}
RESULT: {"using":"xpath","value":"//*[@id=\"__item339\"]"}
COMMAND: POST /session/cd477e99f4e247ef02c326ac6df7445e/element/f.375AD1BF2998C782D6149A43C57C8E27.d.D687BDD5BB8BB101DB3682A56995E901.e.4681/click - {}
RESULT: {}
COMMAND: POST /session/cd477e99f4e247ef02c326ac6df7445e/execute/async - {"script":"<script> [1562 bytes]","args":[{"selector":{"controlType":"sap.m.Input","viewName":"etm.portal.ui.manageyards.view.New","viewId":"application-manageyards-display-component---NewYard","bindingPath":{"path":"","propertyPath":"/CONTROLLING_AREA","modelName":"NewYardModel"},"interaction":{"idSuffix":"inner"}},"wdio_ui5_key":"etmportal.ui.manageyards.view.Newsap.m.Input{\"path\":\"\",\"propertyPath\":\"/CONTROLLING_AREA\",\"modelName\":\"NewYardModel\"}"}]}
COMMAND: GET /session/cd477e99f4e247ef02c326ac6df7445e/screenshot - {}
RESULT: {"script":"<script> [1562 bytes]","args":[{"selector":{"controlType":"sap.m.Input","viewName":"etm.portal.ui.manageyards.view.New","viewId":"application-manageyards-display-component---NewYard","bindingPath":{"path":"","propertyPath":"/CONTROLLING_AREA","modelName":"NewYardModel"},"interaction":{"idSuffix":"inner"}},"wdio_ui5_key":"etmportal.ui.manageyards.view.Newsap.m.Input{\"path\":\"\",\"propertyPath\":\"/CONTROLLING_AREA\",\"modelName\":\"NewYardModel\"}"}]}
RESULT: undefined
COMMAND: POST /session/cd477e99f4e247ef02c326ac6df7445e/execute/async - {"script":"<script> [776 bytes]","args":[{"enterText":"Z001","selector":{"controlType":"sap.m.Input","viewName":"etm.portal.ui.manageyards.view.New","viewId":"application-manageyards-display-component---NewYard","bindingPath":{"path":"","propertyPath":"/CONTROLLING_AREA","modelName":"NewYardModel"},"interaction":{"idSuffix":"inner"}},"clearTextFirst":true,"interactionType":"ENTER_TEXT"}]}
RESULT: {}
RESULT: {"script":"<script> [776 bytes]","args":[{"enterText":"Z001","selector":{"controlType":"sap.m.Input","viewName":"etm.portal.ui.manageyards.view.New","viewId":"application-manageyards-display-component---NewYard","bindingPath":{"path":"","propertyPath":"/CONTROLLING_AREA","modelName":"NewYardModel"},"interaction":{"idSuffix":"inner"}},"clearTextFirst":true,"interactionType":"ENTER_TEXT"}]}
COMMAND: POST /session/cd477e99f4e247ef02c326ac6df7445e/execute/async - {"script":"<script> [1562 bytes]","args":[{"selector":{"id":"application-manageyards-display-component---NewYard--companyCodeComboBox","interaction":{"idSuffix":"inner"}},"wdio_ui5_key":"applicationmanageyards-display-component---NewYard--companyCodeComboBox"}]}
RESULT: {"script":"<script> [1562 bytes]","args":[{"selector":{"id":"application-manageyards-display-component---NewYard--companyCodeComboBox","interaction":{"idSuffix":"inner"}},"wdio_ui5_key":"applicationmanageyards-display-component---NewYard--companyCodeComboBox"}]}
RESULT: undefined
COMMAND: POST /session/cd477e99f4e247ef02c326ac6df7445e/execute/async - {"script":"<script> [776 bytes]","args":[{"enterText":"1000","selector":{"id":"application-manageyards-display-component---NewYard--companyCodeComboBox","interaction":{"idSuffix":"inner"}},"clearTextFirst":true,"interactionType":"ENTER_TEXT"}]}
RESULT: {"script":"<script> [776 bytes]","args":[{"enterText":"1000","selector":{"id":"application-manageyards-display-component---NewYard--companyCodeComboBox","interaction":{"idSuffix":"inner"}},"clearTextFirst":true,"interactionType":"ENTER_TEXT"}]}
COMMAND: POST /session/cd477e99f4e247ef02c326ac6df7445e/execute/async - {"script":"<script> [1562 bytes]","args":[{"selector":{"controlType":"sap.m.Input","viewName":"etm.portal.ui.manageyards.view.New","viewId":"application-manageyards-display-component---NewYard","bindingPath":{"path":"","propertyPath":"/PLANT","modelName":"NewYardModel"},"interaction":{"idSuffix":"inner"}},"wdio_ui5_key":"etmportal.ui.manageyards.view.Newsap.m.Input{\"path\":\"\",\"propertyPath\":\"/PLANT\",\"modelName\":\"NewYardModel\"}"}]}
RESULT: {"script":"<script> [1562 bytes]","args":[{"selector":{"controlType":"sap.m.Input","viewName":"etm.portal.ui.manageyards.view.New","viewId":"application-manageyards-display-component---NewYard","bindingPath":{"path":"","propertyPath":"/PLANT","modelName":"NewYardModel"},"interaction":{"idSuffix":"inner"}},"wdio_ui5_key":"etmportal.ui.manageyards.view.Newsap.m.Input{\"path\":\"\",\"propertyPath\":\"/PLANT\",\"modelName\":\"NewYardModel\"}"}]}
RESULT: undefined
COMMAND: POST /session/cd477e99f4e247ef02c326ac6df7445e/execute/async - {"script":"<script> [776 bytes]","args":[{"enterText":"1001","selector":{"controlType":"sap.m.Input","viewName":"etm.portal.ui.manageyards.view.New","viewId":"application-manageyards-display-component---NewYard","bindingPath":{"path":"","propertyPath":"/PLANT","modelName":"NewYardModel"},"interaction":{"idSuffix":"inner"}},"clearTextFirst":true,"interactionType":"ENTER_TEXT"}]}
RESULT: {"script":"<script> [776 bytes]","args":[{"enterText":"1001","selector":{"controlType":"sap.m.Input","viewName":"etm.portal.ui.manageyards.view.New","viewId":"application-manageyards-display-component---NewYard","bindingPath":{"path":"","propertyPath":"/PLANT","modelName":"NewYardModel"},"interaction":{"idSuffix":"inner"}},"clearTextFirst":true,"interactionType":"ENTER_TEXT"}]}
COMMAND: POST /session/cd477e99f4e247ef02c326ac6df7445e/execute/async - {"script":"<script> [1562 bytes]","args":[{"selector":{"controlType":"sap.m.Input","viewName":"etm.portal.ui.manageyards.view.New","viewId":"application-manageyards-display-component---NewYard","bindingPath":{"path":"","propertyPath":"/SALES_AREA_VKORG","modelName":"NewYardModel"},"interaction":{"idSuffix":"inner"}},"wdio_ui5_key":"etmportal.ui.manageyards.view.Newsap.m.Input{\"path\":\"\",\"propertyPath\":\"/SALES_AREA_VKORG\",\"modelName\":\"NewYardModel\"}"}]}
RESULT: {"script":"<script> [1562 bytes]","args":[{"selector":{"controlType":"sap.m.Input","viewName":"etm.portal.ui.manageyards.view.New","viewId":"application-manageyards-display-component---NewYard","bindingPath":{"path":"","propertyPath":"/SALES_AREA_VKORG","modelName":"NewYardModel"},"interaction":{"idSuffix":"inner"}},"wdio_ui5_key":"etmportal.ui.manageyards.view.Newsap.m.Input{\"path\":\"\",\"propertyPath\":\"/SALES_AREA_VKORG\",\"modelName\":\"NewYardModel\"}"}]}
RESULT: undefined
COMMAND: POST /session/cd477e99f4e247ef02c326ac6df7445e/execute/async - {"script":"<script> [776 bytes]","args":[{"enterText":"C002","selector":{"controlType":"sap.m.Input","viewName":"etm.portal.ui.manageyards.view.New","viewId":"application-manageyards-display-component---NewYard","bindingPath":{"path":"","propertyPath":"/SALES_AREA_VKORG","modelName":"NewYardModel"},"interaction":{"idSuffix":"inner"}},"clearTextFirst":true,"interactionType":"ENTER_TEXT"}]}
RESULT: {"script":"<script> [776 bytes]","args":[{"enterText":"C002","selector":{"controlType":"sap.m.Input","viewName":"etm.portal.ui.manageyards.view.New","viewId":"application-manageyards-display-component---NewYard","bindingPath":{"path":"","propertyPath":"/SALES_AREA_VKORG","modelName":"NewYardModel"},"interaction":{"idSuffix":"inner"}},"clearTextFirst":true,"interactionType":"ENTER_TEXT"}]}
COMMAND: POST /session/cd477e99f4e247ef02c326ac6df7445e/execute/async - {"script":"<script> [1562 bytes]","args":[{"selector":{"controlType":"sap.m.Input","viewName":"etm.portal.ui.manageyards.view.New","viewId":"application-manageyards-display-component---NewYard","bindingPath":{"path":"","propertyPath":"/SALES_AREA_VTWEG","modelName":"NewYardModel"},"interaction":{"idSuffix":"inner"}},"wdio_ui5_key":"etmportal.ui.manageyards.view.Newsap.m.Input{\"path\":\"\",\"propertyPath\":\"/SALES_AREA_VTWEG\",\"modelName\":\"NewYardModel\"}"}]}
RESULT: {"script":"<script> [1562 bytes]","args":[{"selector":{"controlType":"sap.m.Input","viewName":"etm.portal.ui.manageyards.view.New","viewId":"application-manageyards-display-component---NewYard","bindingPath":{"path":"","propertyPath":"/SALES_AREA_VTWEG","modelName":"NewYardModel"},"interaction":{"idSuffix":"inner"}},"wdio_ui5_key":"etmportal.ui.manageyards.view.Newsap.m.Input{\"path\":\"\",\"propertyPath\":\"/SALES_AREA_VTWEG\",\"modelName\":\"NewYardModel\"}"}]}
RESULT: undefined
COMMAND: POST /session/cd477e99f4e247ef02c326ac6df7445e/execute/async - {"script":"<script> [776 bytes]","args":[{"enterText":"C2","selector":{"controlType":"sap.m.Input","viewName":"etm.portal.ui.manageyards.view.New","viewId":"application-manageyards-display-component---NewYard","bindingPath":{"path":"","propertyPath":"/SALES_AREA_VTWEG","modelName":"NewYardModel"},"interaction":{"idSuffix":"inner"}},"clearTextFirst":true,"interactionType":"ENTER_TEXT"}]}
RESULT: {"script":"<script> [776 bytes]","args":[{"enterText":"C2","selector":{"controlType":"sap.m.Input","viewName":"etm.portal.ui.manageyards.view.New","viewId":"application-manageyards-display-component---NewYard","bindingPath":{"path":"","propertyPath":"/SALES_AREA_VTWEG","modelName":"NewYardModel"},"interaction":{"idSuffix":"inner"}},"clearTextFirst":true,"interactionType":"ENTER_TEXT"}]}
COMMAND: POST /session/cd477e99f4e247ef02c326ac6df7445e/execute/async - {"script":"<script> [1562 bytes]","args":[{"selector":{"controlType":"sap.m.Input","viewName":"etm.portal.ui.manageyards.view.New","viewId":"application-manageyards-display-component---NewYard","bindingPath":{"path":"","propertyPath":"/SALES_AREA_SPART","modelName":"NewYardModel"},"interaction":{"idSuffix":"inner"}},"wdio_ui5_key":"etmportal.ui.manageyards.view.Newsap.m.Input{\"path\":\"\",\"propertyPath\":\"/SALES_AREA_SPART\",\"modelName\":\"NewYardModel\"}"}]}
RESULT: {"script":"<script> [1562 bytes]","args":[{"selector":{"controlType":"sap.m.Input","viewName":"etm.portal.ui.manageyards.view.New","viewId":"application-manageyards-display-component---NewYard","bindingPath":{"path":"","propertyPath":"/SALES_AREA_SPART","modelName":"NewYardModel"},"interaction":{"idSuffix":"inner"}},"wdio_ui5_key":"etmportal.ui.manageyards.view.Newsap.m.Input{\"path\":\"\",\"propertyPath\":\"/SALES_AREA_SPART\",\"modelName\":\"NewYardModel\"}"}]}
RESULT: undefined
COMMAND: POST /session/cd477e99f4e247ef02c326ac6df7445e/execute/async - {"script":"<script> [776 bytes]","args":[{"enterText":"C2","selector":{"controlType":"sap.m.Input","viewName":"etm.portal.ui.manageyards.view.New","viewId":"application-manageyards-display-component---NewYard","bindingPath":{"path":"","propertyPath":"/SALES_AREA_SPART","modelName":"NewYardModel"},"interaction":{"idSuffix":"inner"}},"clearTextFirst":true,"interactionType":"ENTER_TEXT"}]}
RESULT: {"script":"<script> [776 bytes]","args":[{"enterText":"C2","selector":{"controlType":"sap.m.Input","viewName":"etm.portal.ui.manageyards.view.New","viewId":"application-manageyards-display-component---NewYard","bindingPath":{"path":"","propertyPath":"/SALES_AREA_SPART","modelName":"NewYardModel"},"interaction":{"idSuffix":"inner"}},"clearTextFirst":true,"interactionType":"ENTER_TEXT"}]}
COMMAND: POST /session/cd477e99f4e247ef02c326ac6df7445e/execute/async - {"script":"<script> [1562 bytes]","args":[{"selector":{"controlType":"sap.m.Input","viewName":"etm.portal.ui.manageyards.view.New","viewId":"application-manageyards-display-component---NewYard","bindingPath":{"path":"","propertyPath":"/SHIP_POINT","modelName":"NewYardModel"},"interaction":{"idSuffix":"inner"}},"wdio_ui5_key":"etmportal.ui.manageyards.view.Newsap.m.Input{\"path\":\"\",\"propertyPath\":\"/SHIP_POINT\",\"modelName\":\"NewYardModel\"}"}]}
RESULT: {"script":"<script> [1562 bytes]","args":[{"selector":{"controlType":"sap.m.Input","viewName":"etm.portal.ui.manageyards.view.New","viewId":"application-manageyards-display-component---NewYard","bindingPath":{"path":"","propertyPath":"/SHIP_POINT","modelName":"NewYardModel"},"interaction":{"idSuffix":"inner"}},"wdio_ui5_key":"etmportal.ui.manageyards.view.Newsap.m.Input{\"path\":\"\",\"propertyPath\":\"/SHIP_POINT\",\"modelName\":\"NewYardModel\"}"}]}
RESULT: undefined
COMMAND: POST /session/cd477e99f4e247ef02c326ac6df7445e/execute/async - {"script":"<script> [776 bytes]","args":[{"enterText":"1710","selector":{"controlType":"sap.m.Input","viewName":"etm.portal.ui.manageyards.view.New","viewId":"application-manageyards-display-component---NewYard","bindingPath":{"path":"","propertyPath":"/SHIP_POINT","modelName":"NewYardModel"},"interaction":{"idSuffix":"inner"}},"clearTextFirst":true,"interactionType":"ENTER_TEXT"}]}
RESULT: {"script":"<script> [776 bytes]","args":[{"enterText":"1710","selector":{"controlType":"sap.m.Input","viewName":"etm.portal.ui.manageyards.view.New","viewId":"application-manageyards-display-component---NewYard","bindingPath":{"path":"","propertyPath":"/SHIP_POINT","modelName":"NewYardModel"},"interaction":{"idSuffix":"inner"}},"clearTextFirst":true,"interactionType":"ENTER_TEXT"}]}
COMMAND: POST /session/cd477e99f4e247ef02c326ac6df7445e/execute/async - {"script":"<script> [1562 bytes]","args":[{"selector":{"controlType":"sap.m.Input","viewName":"etm.portal.ui.manageyards.view.New","viewId":"application-manageyards-display-component---NewYard","bindingPath":{"path":"","propertyPath":"/DELIVERY_TYPE","modelName":"NewYardModel"},"interaction":{"idSuffix":"inner"}},"wdio_ui5_key":"etmportal.ui.manageyards.view.Newsap.m.Input{\"path\":\"\",\"propertyPath\":\"/DELIVERY_TYPE\",\"modelName\":\"NewYardModel\"}"}]}
RESULT: {"script":"<script> [1562 bytes]","args":[{"selector":{"controlType":"sap.m.Input","viewName":"etm.portal.ui.manageyards.view.New","viewId":"application-manageyards-display-component---NewYard","bindingPath":{"path":"","propertyPath":"/DELIVERY_TYPE","modelName":"NewYardModel"},"interaction":{"idSuffix":"inner"}},"wdio_ui5_key":"etmportal.ui.manageyards.view.Newsap.m.Input{\"path\":\"\",\"propertyPath\":\"/DELIVERY_TYPE\",\"modelName\":\"NewYardModel\"}"}]}
RESULT: undefined
COMMAND: POST /session/cd477e99f4e247ef02c326ac6df7445e/execute/async - {"script":"<script> [776 bytes]","args":[{"enterText":"ZL01","selector":{"controlType":"sap.m.Input","viewName":"etm.portal.ui.manageyards.view.New","viewId":"application-manageyards-display-component---NewYard","bindingPath":{"path":"","propertyPath":"/DELIVERY_TYPE","modelName":"NewYardModel"},"interaction":{"idSuffix":"inner"}},"clearTextFirst":true,"interactionType":"ENTER_TEXT"}]}
RESULT: {"script":"<script> [776 bytes]","args":[{"enterText":"ZL01","selector":{"controlType":"sap.m.Input","viewName":"etm.portal.ui.manageyards.view.New","viewId":"application-manageyards-display-component---NewYard","bindingPath":{"path":"","propertyPath":"/DELIVERY_TYPE","modelName":"NewYardModel"},"interaction":{"idSuffix":"inner"}},"clearTextFirst":true,"interactionType":"ENTER_TEXT"}]}
COMMAND: POST /session/cd477e99f4e247ef02c326ac6df7445e/execute/async - {"script":"<script> [1562 bytes]","args":[{"selector":{"controlType":"sap.m.Input","viewName":"etm.portal.ui.manageyards.view.New","viewId":"application-manageyards-display-component---NewYard","bindingPath":{"path":"","propertyPath":"/AUART","modelName":"NewYardModel"},"interaction":{"idSuffix":"inner"}},"wdio_ui5_key":"etmportal.ui.manageyards.view.Newsap.m.Input{\"path\":\"\",\"propertyPath\":\"/AUART\",\"modelName\":\"NewYardModel\"}"}]}
RESULT: {"script":"<script> [1562 bytes]","args":[{"selector":{"controlType":"sap.m.Input","viewName":"etm.portal.ui.manageyards.view.New","viewId":"application-manageyards-display-component---NewYard","bindingPath":{"path":"","propertyPath":"/AUART","modelName":"NewYardModel"},"interaction":{"idSuffix":"inner"}},"wdio_ui5_key":"etmportal.ui.manageyards.view.Newsap.m.Input{\"path\":\"\",\"propertyPath\":\"/AUART\",\"modelName\":\"NewYardModel\"}"}]}
RESULT: undefined
COMMAND: POST /session/cd477e99f4e247ef02c326ac6df7445e/execute/async - {"script":"<script> [776 bytes]","args":[{"enterText":"TA","selector":{"controlType":"sap.m.Input","viewName":"etm.portal.ui.manageyards.view.New","viewId":"application-manageyards-display-component---NewYard","bindingPath":{"path":"","propertyPath":"/AUART","modelName":"NewYardModel"},"interaction":{"idSuffix":"inner"}},"clearTextFirst":true,"interactionType":"ENTER_TEXT"}]}
RESULT: {"script":"<script> [776 bytes]","args":[{"enterText":"TA","selector":{"controlType":"sap.m.Input","viewName":"etm.portal.ui.manageyards.view.New","viewId":"application-manageyards-display-component---NewYard","bindingPath":{"path":"","propertyPath":"/AUART","modelName":"NewYardModel"},"interaction":{"idSuffix":"inner"}},"clearTextFirst":true,"interactionType":"ENTER_TEXT"}]}
COMMAND: POST /session/cd477e99f4e247ef02c326ac6df7445e/element - {"using":"xpath","value":"//div[@id=\"application-manageyards-display-component---NewYard--whmCheckBox-CbBg\"]"}
RESULT: {"using":"xpath","value":"//div[@id=\"application-manageyards-display-component---NewYard--whmCheckBox-CbBg\"]"}
COMMAND: POST /session/cd477e99f4e247ef02c326ac6df7445e/element/f.375AD1BF2998C782D6149A43C57C8E27.d.D687BDD5BB8BB101DB3682A56995E901.e.4691/click - {}
RESULT: {}
COMMAND: GET /session/cd477e99f4e247ef02c326ac6df7445e/screenshot - {}
RESULT: {}
COMMAND: POST /session/cd477e99f4e247ef02c326ac6df7445e/execute/async - {"script":"<script> [1562 bytes]","args":[{"selector":{"controlType":"sap.m.Button","viewName":"etm.portal.ui.manageyards.view.New","viewId":"application-manageyards-display-component---NewYard","i18NText":{"propertyName":"text","key":"save"},"interaction":{"idSuffix":"BDI-content"}},"wdio_ui5_key":"etmportal.ui.manageyards.view.Newsap.m.Button{\"propertyName\":\"text\",\"key\":\"save\"}"}]}
RESULT: {"script":"<script> [1562 bytes]","args":[{"selector":{"controlType":"sap.m.Button","viewName":"etm.portal.ui.manageyards.view.New","viewId":"application-manageyards-display-component---NewYard","i18NText":{"propertyName":"text","key":"save"},"interaction":{"idSuffix":"BDI-content"}},"wdio_ui5_key":"etmportal.ui.manageyards.view.Newsap.m.Button{\"propertyName\":\"text\",\"key\":\"save\"}"}]}
RESULT: undefined
COMMAND: POST /session/cd477e99f4e247ef02c326ac6df7445e/element - {"using":"xpath","value":"//*[@id=\"__button18\"]"}
RESULT: {"using":"xpath","value":"//*[@id=\"__button18\"]"}
COMMAND: POST /session/cd477e99f4e247ef02c326ac6df7445e/element/f.375AD1BF2998C782D6149A43C57C8E27.d.D687BDD5BB8BB101DB3682A56995E901.e.4633/click - {}
RESULT: {}
COMMAND: GET /session/cd477e99f4e247ef02c326ac6df7445e/screenshot - {}
RESULT: {}
COMMAND: POST /session/cd477e99f4e247ef02c326ac6df7445e/execute/async - {"script":"<script> [1562 bytes]","args":[{"selector":{"controlType":"sap.m.Text","viewName":"etm.portal.ui.manageyards.view.Detail","viewId":"application-manageyards-display-component---detailYard","bindingPath":{"propertyPath":"ID","modelName":"catalogModel"}},"wdio_ui5_key":"etmportal.ui.manageyards.view.Detailsap.m.Text{\"propertyPath\":\"ID\",\"modelName\":\"catalogModel\"}"}]}
RESULT: {"script":"<script> [1562 bytes]","args":[{"selector":{"controlType":"sap.m.Text","viewName":"etm.portal.ui.manageyards.view.Detail","viewId":"application-manageyards-display-component---detailYard","bindingPath":{"propertyPath":"ID","modelName":"catalogModel"}},"wdio_ui5_key":"etmportal.ui.manageyards.view.Detailsap.m.Text{\"propertyPath\":\"ID\",\"modelName\":\"catalogModel\"}"}]}
RESULT: undefined
COMMAND: POST /session/cd477e99f4e247ef02c326ac6df7445e/execute/async - {"script":"<script> [6424 bytes]","args":[{"element-6066-11e4-a52e-4f735466cecf":"f.375AD1BF2998C782D6149A43C57C8E27.d.D687BDD5BB8BB101DB3682A56995E901.e.4884"},"getText",[]]}
RESULT: {"script":"<script> [6424 bytes]","args":[{"element-6066-11e4-a52e-4f735466cecf":"f.375AD1BF2998C782D6149A43C57C8E27.d.D687BDD5BB8BB101DB3682A56995E901.e.4884"},"getText",[]]}
COMMAND: POST /session/cd477e99f4e247ef02c326ac6df7445e/element - {"using":"css selector","value":"#shell-header-logo"}
RESULT: {"using":"css selector","value":"#shell-header-logo"}
COMMAND: POST /session/cd477e99f4e247ef02c326ac6df7445e/element/f.375AD1BF2998C782D6149A43C57C8E27.d.D687BDD5BB8BB101DB3682A56995E901.e.4190/click - {}
RESULT: {}
COMMAND: GET /session/cd477e99f4e247ef02c326ac6df7445e/screenshot - {}
RESULT: {}
]]></system-out>
    </testcase>
    <testcase classname="chrome.135_0_7049_96.windows.Create_masterdata_for_Yard_Overview_-_trigger_provide_US130988" name="Should create site" time="57.021">
      <system-out><![CDATA[
COMMAND: POST /session/cd477e99f4e247ef02c326ac6df7445e/execute/async - {"script":"<script> [1562 bytes]","args":[{"selector":{"controlType":"sap.m.GenericTile","properties":{"header":"Manage Sites"}},"wdio_ui5_key":"sapm.GenericTile{\"header\":\"Manage Sites\"}"}]}
RESULT: {"script":"<script> [1562 bytes]","args":[{"selector":{"controlType":"sap.m.GenericTile","properties":{"header":"Manage Sites"}},"wdio_ui5_key":"sapm.GenericTile{\"header\":\"Manage Sites\"}"}]}
RESULT: undefined
COMMAND: POST /session/cd477e99f4e247ef02c326ac6df7445e/element - {"using":"xpath","value":"//*[@id=\"__tile40\"]"}
RESULT: {"using":"xpath","value":"//*[@id=\"__tile40\"]"}
COMMAND: POST /session/cd477e99f4e247ef02c326ac6df7445e/element/f.375AD1BF2998C782D6149A43C57C8E27.d.D687BDD5BB8BB101DB3682A56995E901.e.4887/click - {}
RESULT: {}
COMMAND: GET /session/cd477e99f4e247ef02c326ac6df7445e/screenshot - {}
COMMAND: POST /session/cd477e99f4e247ef02c326ac6df7445e/execute/async - {"script":"<script> [1562 bytes]","args":[{"selector":{"controlType":"sap.ui.core.Icon","viewName":"etm.portal.ui.managesites.view.Master","viewId":"application-managesites-display-component---masterSite","properties":{"src":{"regex":{"source":"add"}}}},"wdio_ui5_key":"etmportal.ui.managesites.view.Mastersap.ui.core.Icon{\"src\":{\"regex\":{\"source\":\"add\"}}}"}]}
RESULT: {}
RESULT: {"script":"<script> [1562 bytes]","args":[{"selector":{"controlType":"sap.ui.core.Icon","viewName":"etm.portal.ui.managesites.view.Master","viewId":"application-managesites-display-component---masterSite","properties":{"src":{"regex":{"source":"add"}}}},"wdio_ui5_key":"etmportal.ui.managesites.view.Mastersap.ui.core.Icon{\"src\":{\"regex\":{\"source\":\"add\"}}}"}]}
RESULT: undefined
COMMAND: POST /session/cd477e99f4e247ef02c326ac6df7445e/element - {"using":"xpath","value":"//*[@id=\"__button64-img\"]"}
RESULT: {"using":"xpath","value":"//*[@id=\"__button64-img\"]"}
COMMAND: POST /session/cd477e99f4e247ef02c326ac6df7445e/element/f.375AD1BF2998C782D6149A43C57C8E27.d.D687BDD5BB8BB101DB3682A56995E901.e.4934/click - {}
RESULT: {}
COMMAND: GET /session/cd477e99f4e247ef02c326ac6df7445e/screenshot - {}
COMMAND: POST /session/cd477e99f4e247ef02c326ac6df7445e/execute/async - {"script":"<script> [1562 bytes]","args":[{"selector":{"controlType":"sap.m.Button","viewName":"etm.portal.ui.managesites.view.NewSmartSite","viewId":"application-managesites-display-component---NewSite","properties":{"text":"General Information"},"interaction":{"idSuffix":"BDI-content"}},"wdio_ui5_key":"etmportal.ui.managesites.view.NewSmartSitesap.m.Button{\"text\":\"General Information\"}"}]}
RESULT: {}
RESULT: {"script":"<script> [1562 bytes]","args":[{"selector":{"controlType":"sap.m.Button","viewName":"etm.portal.ui.managesites.view.NewSmartSite","viewId":"application-managesites-display-component---NewSite","properties":{"text":"General Information"},"interaction":{"idSuffix":"BDI-content"}},"wdio_ui5_key":"etmportal.ui.managesites.view.NewSmartSitesap.m.Button{\"text\":\"General Information\"}"}]}
RESULT: undefined
COMMAND: POST /session/cd477e99f4e247ef02c326ac6df7445e/element - {"using":"xpath","value":"//*[@id=\"application-managesites-display-component---NewSite--ObjectPageLayout-anchBar-__section31-anchor\"]"}
RESULT: {"using":"xpath","value":"//*[@id=\"application-managesites-display-component---NewSite--ObjectPageLayout-anchBar-__section31-anchor\"]"}
COMMAND: POST /session/cd477e99f4e247ef02c326ac6df7445e/element/f.375AD1BF2998C782D6149A43C57C8E27.d.D687BDD5BB8BB101DB3682A56995E901.e.5499/click - {}
RESULT: {}
COMMAND: POST /session/cd477e99f4e247ef02c326ac6df7445e/execute/async - {"script":"<script> [1562 bytes]","args":[{"selector":{"id":"application-managesites-display-component---NewSite--addressDetailDetailsName1","interaction":{"idSuffix":"inner"}},"wdio_ui5_key":"applicationmanagesites-display-component---NewSite--addressDetailDetailsName1"}]}
COMMAND: GET /session/cd477e99f4e247ef02c326ac6df7445e/screenshot - {}
RESULT: {"script":"<script> [1562 bytes]","args":[{"selector":{"id":"application-managesites-display-component---NewSite--addressDetailDetailsName1","interaction":{"idSuffix":"inner"}},"wdio_ui5_key":"applicationmanagesites-display-component---NewSite--addressDetailDetailsName1"}]}
RESULT: undefined
COMMAND: POST /session/cd477e99f4e247ef02c326ac6df7445e/execute/async - {"script":"<script> [776 bytes]","args":[{"enterText":"Webdriver - stock decrease","selector":{"id":"application-managesites-display-component---NewSite--addressDetailDetailsName1","interaction":{"idSuffix":"inner"}},"clearTextFirst":true,"interactionType":"ENTER_TEXT"}]}
RESULT: {}
RESULT: {"script":"<script> [776 bytes]","args":[{"enterText":"Webdriver - stock decrease","selector":{"id":"application-managesites-display-component---NewSite--addressDetailDetailsName1","interaction":{"idSuffix":"inner"}},"clearTextFirst":true,"interactionType":"ENTER_TEXT"}]}
COMMAND: POST /session/cd477e99f4e247ef02c326ac6df7445e/execute/async - {"script":"<script> [1562 bytes]","args":[{"selector":{"id":"application-managesites-display-component---NewSite--addressDetailDetailsLanguage","interaction":{"idSuffix":"inner"}},"wdio_ui5_key":"applicationmanagesites-display-component---NewSite--addressDetailDetailsLanguage"}]}
RESULT: {"script":"<script> [1562 bytes]","args":[{"selector":{"id":"application-managesites-display-component---NewSite--addressDetailDetailsLanguage","interaction":{"idSuffix":"inner"}},"wdio_ui5_key":"applicationmanagesites-display-component---NewSite--addressDetailDetailsLanguage"}]}
RESULT: undefined
COMMAND: POST /session/cd477e99f4e247ef02c326ac6df7445e/execute/async - {"script":"<script> [776 bytes]","args":[{"enterText":"Romanian","selector":{"id":"application-managesites-display-component---NewSite--addressDetailDetailsLanguage","interaction":{"idSuffix":"inner"}},"clearTextFirst":true,"interactionType":"ENTER_TEXT"}]}
RESULT: {"script":"<script> [776 bytes]","args":[{"enterText":"Romanian","selector":{"id":"application-managesites-display-component---NewSite--addressDetailDetailsLanguage","interaction":{"idSuffix":"inner"}},"clearTextFirst":true,"interactionType":"ENTER_TEXT"}]}
COMMAND: POST /session/cd477e99f4e247ef02c326ac6df7445e/execute/async - {"script":"<script> [1562 bytes]","args":[{"selector":{"id":"application-managesites-display-component---NewSite--addressDetailDetailsCity1","interaction":{"idSuffix":"inner"}},"wdio_ui5_key":"applicationmanagesites-display-component---NewSite--addressDetailDetailsCity1"}]}
RESULT: {"script":"<script> [1562 bytes]","args":[{"selector":{"id":"application-managesites-display-component---NewSite--addressDetailDetailsCity1","interaction":{"idSuffix":"inner"}},"wdio_ui5_key":"applicationmanagesites-display-component---NewSite--addressDetailDetailsCity1"}]}
RESULT: undefined
COMMAND: POST /session/cd477e99f4e247ef02c326ac6df7445e/execute/async - {"script":"<script> [776 bytes]","args":[{"enterText":"Bucharest","selector":{"id":"application-managesites-display-component---NewSite--addressDetailDetailsCity1","interaction":{"idSuffix":"inner"}},"clearTextFirst":true,"interactionType":"ENTER_TEXT"}]}
RESULT: {"script":"<script> [776 bytes]","args":[{"enterText":"Bucharest","selector":{"id":"application-managesites-display-component---NewSite--addressDetailDetailsCity1","interaction":{"idSuffix":"inner"}},"clearTextFirst":true,"interactionType":"ENTER_TEXT"}]}
COMMAND: POST /session/cd477e99f4e247ef02c326ac6df7445e/execute/async - {"script":"<script> [1562 bytes]","args":[{"selector":{"id":"application-managesites-display-component---NewSite--addressDetailDetailsCountry","interaction":{"idSuffix":"inner"}},"wdio_ui5_key":"applicationmanagesites-display-component---NewSite--addressDetailDetailsCountry"}]}
RESULT: {"script":"<script> [1562 bytes]","args":[{"selector":{"id":"application-managesites-display-component---NewSite--addressDetailDetailsCountry","interaction":{"idSuffix":"inner"}},"wdio_ui5_key":"applicationmanagesites-display-component---NewSite--addressDetailDetailsCountry"}]}
RESULT: undefined
COMMAND: POST /session/cd477e99f4e247ef02c326ac6df7445e/execute/async - {"script":"<script> [6424 bytes]","args":[{"element-6066-11e4-a52e-4f735466cecf":"f.375AD1BF2998C782D6149A43C57C8E27.d.D687BDD5BB8BB101DB3682A56995E901.e.5295"},"setValue",["Romania"]]}
RESULT: {"script":"<script> [6424 bytes]","args":[{"element-6066-11e4-a52e-4f735466cecf":"f.375AD1BF2998C782D6149A43C57C8E27.d.D687BDD5BB8BB101DB3682A56995E901.e.5295"},"setValue",["Romania"]]}
COMMAND: POST /session/cd477e99f4e247ef02c326ac6df7445e/execute/async - {"script":"<script> [1562 bytes]","args":[{"selector":{"id":"application-managesites-display-component---NewSite--addressDetailDetailsCalendar","interaction":{"idSuffix":"inner"}},"wdio_ui5_key":"applicationmanagesites-display-component---NewSite--addressDetailDetailsCalendar"}]}
RESULT: {"script":"<script> [1562 bytes]","args":[{"selector":{"id":"application-managesites-display-component---NewSite--addressDetailDetailsCalendar","interaction":{"idSuffix":"inner"}},"wdio_ui5_key":"applicationmanagesites-display-component---NewSite--addressDetailDetailsCalendar"}]}
RESULT: undefined
COMMAND: POST /session/cd477e99f4e247ef02c326ac6df7445e/execute/async - {"script":"<script> [776 bytes]","args":[{"enterText":"8 - Germany (Standard)","selector":{"id":"application-managesites-display-component---NewSite--addressDetailDetailsCalendar","interaction":{"idSuffix":"inner"}},"clearTextFirst":true,"interactionType":"ENTER_TEXT"}]}
RESULT: {"script":"<script> [776 bytes]","args":[{"enterText":"8 - Germany (Standard)","selector":{"id":"application-managesites-display-component---NewSite--addressDetailDetailsCalendar","interaction":{"idSuffix":"inner"}},"clearTextFirst":true,"interactionType":"ENTER_TEXT"}]}
COMMAND: POST /session/cd477e99f4e247ef02c326ac6df7445e/element - {"using":"xpath","value":"//input[@id=\"application-managesites-display-component---NewSite--addressDetailDetailsYard-inner\"]"}
RESULT: {"using":"xpath","value":"//input[@id=\"application-managesites-display-component---NewSite--addressDetailDetailsYard-inner\"]"}
COMMAND: POST /session/cd477e99f4e247ef02c326ac6df7445e/element/f.375AD1BF2998C782D6149A43C57C8E27.d.D687BDD5BB8BB101DB3682A56995E901.e.5306/value - {"text":"794"}
RESULT: {"text":"794"}
COMMAND: GET /session/cd477e99f4e247ef02c326ac6df7445e/screenshot - {}
RESULT: {}
COMMAND: POST /session/cd477e99f4e247ef02c326ac6df7445e/actions - {"actions":[{"id":"action13","type":"key","parameters":{},"actions":[{"type":"keyDown","value":"î€‡"},{"type":"pause","duration":10},{"type":"keyUp","value":"î€‡"}]}]}
RESULT: {"actions":[{"id":"action13","type":"key","parameters":{},"actions":[{"type":"keyDown","value":"î€‡"},{"type":"pause","duration":10},{"type":"keyUp","value":"î€‡"}]}]}
COMMAND: POST /session/cd477e99f4e247ef02c326ac6df7445e/execute/async - {"script":"<script> [1562 bytes]","args":[{"selector":{"controlType":"sap.m.Button","viewName":"etm.portal.ui.managesites.view.NewSmartSite","viewId":"application-managesites-display-component---NewSite","properties":{"text":"Commercial"},"interaction":{"idSuffix":"BDI-content"}},"wdio_ui5_key":"etmportal.ui.managesites.view.NewSmartSitesap.m.Button{\"text\":\"Commercial\"}"}]}
COMMAND: GET /session/cd477e99f4e247ef02c326ac6df7445e/screenshot - {}
RESULT: {"script":"<script> [1562 bytes]","args":[{"selector":{"controlType":"sap.m.Button","viewName":"etm.portal.ui.managesites.view.NewSmartSite","viewId":"application-managesites-display-component---NewSite","properties":{"text":"Commercial"},"interaction":{"idSuffix":"BDI-content"}},"wdio_ui5_key":"etmportal.ui.managesites.view.NewSmartSitesap.m.Button{\"text\":\"Commercial\"}"}]}
RESULT: undefined
COMMAND: POST /session/cd477e99f4e247ef02c326ac6df7445e/element - {"using":"xpath","value":"//*[@id=\"application-managesites-display-component---NewSite--ObjectPageLayout-anchBar-__section33-anchor\"]"}
RESULT: {}
RESULT: {"using":"xpath","value":"//*[@id=\"application-managesites-display-component---NewSite--ObjectPageLayout-anchBar-__section33-anchor\"]"}
COMMAND: POST /session/cd477e99f4e247ef02c326ac6df7445e/element/f.375AD1BF2998C782D6149A43C57C8E27.d.D687BDD5BB8BB101DB3682A56995E901.e.5508/click - {}
RESULT: {}
COMMAND: POST /session/cd477e99f4e247ef02c326ac6df7445e/execute/async - {"script":"<script> [1562 bytes]","args":[{"selector":{"controlType":"sap.m.Button","viewName":"etm.portal.ui.managesites.view.NewSmartSite","viewId":"application-managesites-display-component---NewSite","i18NText":{"propertyName":"text","key":"save"},"interaction":{"idSuffix":"BDI-content"}},"wdio_ui5_key":"etmportal.ui.managesites.view.NewSmartSitesap.m.Button{\"propertyName\":\"text\",\"key\":\"save\"}"}]}
COMMAND: GET /session/cd477e99f4e247ef02c326ac6df7445e/screenshot - {}
RESULT: {"script":"<script> [1562 bytes]","args":[{"selector":{"controlType":"sap.m.Button","viewName":"etm.portal.ui.managesites.view.NewSmartSite","viewId":"application-managesites-display-component---NewSite","i18NText":{"propertyName":"text","key":"save"},"interaction":{"idSuffix":"BDI-content"}},"wdio_ui5_key":"etmportal.ui.managesites.view.NewSmartSitesap.m.Button{\"propertyName\":\"text\",\"key\":\"save\"}"}]}
RESULT: undefined
COMMAND: POST /session/cd477e99f4e247ef02c326ac6df7445e/element - {"using":"xpath","value":"//*[@id=\"__button76\"]"}
RESULT: {}
RESULT: {"using":"xpath","value":"//*[@id=\"__button76\"]"}
COMMAND: POST /session/cd477e99f4e247ef02c326ac6df7445e/element/f.375AD1BF2998C782D6149A43C57C8E27.d.D687BDD5BB8BB101DB3682A56995E901.e.5480/click - {}
RESULT: {}
COMMAND: GET /session/cd477e99f4e247ef02c326ac6df7445e/screenshot - {}
RESULT: {}
COMMAND: POST /session/cd477e99f4e247ef02c326ac6df7445e/execute/async - {"script":"<script> [1562 bytes]","args":[{"selector":{"controlType":"sap.m.Text","viewName":"etm.portal.ui.managesites.view.Detail","viewId":"application-managesites-display-component---detailSite","bindingPath":{"propertyPath":"ID","modelName":"catalogModel"}},"wdio_ui5_key":"etmportal.ui.managesites.view.Detailsap.m.Text{\"propertyPath\":\"ID\",\"modelName\":\"catalogModel\"}"}]}
RESULT: {"script":"<script> [1562 bytes]","args":[{"selector":{"controlType":"sap.m.Text","viewName":"etm.portal.ui.managesites.view.Detail","viewId":"application-managesites-display-component---detailSite","bindingPath":{"propertyPath":"ID","modelName":"catalogModel"}},"wdio_ui5_key":"etmportal.ui.managesites.view.Detailsap.m.Text{\"propertyPath\":\"ID\",\"modelName\":\"catalogModel\"}"}]}
RESULT: undefined
COMMAND: POST /session/cd477e99f4e247ef02c326ac6df7445e/execute/async - {"script":"<script> [6424 bytes]","args":[{"element-6066-11e4-a52e-4f735466cecf":"f.375AD1BF2998C782D6149A43C57C8E27.d.D687BDD5BB8BB101DB3682A56995E901.e.5711"},"getText",[]]}
RESULT: {"script":"<script> [6424 bytes]","args":[{"element-6066-11e4-a52e-4f735466cecf":"f.375AD1BF2998C782D6149A43C57C8E27.d.D687BDD5BB8BB101DB3682A56995E901.e.5711"},"getText",[]]}
COMMAND: POST /session/cd477e99f4e247ef02c326ac6df7445e/execute/async - {"script":"<script> [1562 bytes]","args":[{"selector":{"controlType":"sap.m.Label","viewName":"etm.portal.ui.managesites.view.Detail","viewId":"application-managesites-display-component---detailSite","i18NText":{"propertyName":"text","key":"status"}},"wdio_ui5_key":"etmportal.ui.managesites.view.Detailsap.m.Label{\"propertyName\":\"text\",\"key\":\"status\"}"}]}
RESULT: {"script":"<script> [1562 bytes]","args":[{"selector":{"controlType":"sap.m.Label","viewName":"etm.portal.ui.managesites.view.Detail","viewId":"application-managesites-display-component---detailSite","i18NText":{"propertyName":"text","key":"status"}},"wdio_ui5_key":"etmportal.ui.managesites.view.Detailsap.m.Label{\"propertyName\":\"text\",\"key\":\"status\"}"}]}
RESULT: undefined
COMMAND: POST /session/cd477e99f4e247ef02c326ac6df7445e/execute/async - {"script":"<script> [6424 bytes]","args":[{"element-6066-11e4-a52e-4f735466cecf":"f.375AD1BF2998C782D6149A43C57C8E27.d.D687BDD5BB8BB101DB3682A56995E901.e.5699"},"getText",[]]}
RESULT: {"script":"<script> [6424 bytes]","args":[{"element-6066-11e4-a52e-4f735466cecf":"f.375AD1BF2998C782D6149A43C57C8E27.d.D687BDD5BB8BB101DB3682A56995E901.e.5699"},"getText",[]]}
COMMAND: POST /session/cd477e99f4e247ef02c326ac6df7445e/element - {"using":"css selector","value":"#shell-header-logo"}
RESULT: {"using":"css selector","value":"#shell-header-logo"}
COMMAND: POST /session/cd477e99f4e247ef02c326ac6df7445e/element/f.375AD1BF2998C782D6149A43C57C8E27.d.D687BDD5BB8BB101DB3682A56995E901.e.4890/click - {}
RESULT: {}
COMMAND: GET /session/cd477e99f4e247ef02c326ac6df7445e/screenshot - {}
RESULT: {}
]]></system-out>
    </testcase>
    <testcase classname="chrome.135_0_7049_96.windows.Create_masterdata_for_Yard_Overview_-_trigger_provide_US130988" name="Should create Partner" time="65.517">
      <system-out><![CDATA[
COMMAND: POST /session/cd477e99f4e247ef02c326ac6df7445e/execute/async - {"script":"<script> [1562 bytes]","args":[{"selector":{"controlType":"sap.m.GenericTile","properties":{"header":"Manage Partners"}},"wdio_ui5_key":"sapm.GenericTile{\"header\":\"Manage Partners\"}"}]}
RESULT: {"script":"<script> [1562 bytes]","args":[{"selector":{"controlType":"sap.m.GenericTile","properties":{"header":"Manage Partners"}},"wdio_ui5_key":"sapm.GenericTile{\"header\":\"Manage Partners\"}"}]}
RESULT: undefined
COMMAND: POST /session/cd477e99f4e247ef02c326ac6df7445e/element - {"using":"xpath","value":"//*[@id=\"__tile38\"]"}
RESULT: {"using":"xpath","value":"//*[@id=\"__tile38\"]"}
COMMAND: POST /session/cd477e99f4e247ef02c326ac6df7445e/element/f.375AD1BF2998C782D6149A43C57C8E27.d.D687BDD5BB8BB101DB3682A56995E901.e.5713/click - {}
RESULT: {}
COMMAND: GET /session/cd477e99f4e247ef02c326ac6df7445e/screenshot - {}
RESULT: {}
COMMAND: POST /session/cd477e99f4e247ef02c326ac6df7445e/execute/async - {"script":"<script> [1562 bytes]","args":[{"selector":{"controlType":"sap.ui.core.Icon","viewName":"etm.portal.ui.managepartners.view.Master","viewId":"application-managepartners-display-component---masterPtm","properties":{"src":{"regex":{"source":"add"}}}},"wdio_ui5_key":"etmportal.ui.managepartners.view.Mastersap.ui.core.Icon{\"src\":{\"regex\":{\"source\":\"add\"}}}"}]}
RESULT: {"script":"<script> [1562 bytes]","args":[{"selector":{"controlType":"sap.ui.core.Icon","viewName":"etm.portal.ui.managepartners.view.Master","viewId":"application-managepartners-display-component---masterPtm","properties":{"src":{"regex":{"source":"add"}}}},"wdio_ui5_key":"etmportal.ui.managepartners.view.Mastersap.ui.core.Icon{\"src\":{\"regex\":{\"source\":\"add\"}}}"}]}
RESULT: undefined
COMMAND: POST /session/cd477e99f4e247ef02c326ac6df7445e/element - {"using":"xpath","value":"//*[@id=\"__button119-img\"]"}
RESULT: {"using":"xpath","value":"//*[@id=\"__button119-img\"]"}
COMMAND: POST /session/cd477e99f4e247ef02c326ac6df7445e/element/f.375AD1BF2998C782D6149A43C57C8E27.d.D687BDD5BB8BB101DB3682A56995E901.e.5761/click - {}
RESULT: {}
COMMAND: GET /session/cd477e99f4e247ef02c326ac6df7445e/screenshot - {}
COMMAND: POST /session/cd477e99f4e247ef02c326ac6df7445e/execute/async - {"script":"<script> [1562 bytes]","args":[{"selector":{"id":"application-managepartners-display-component---NewPartner--addressDetailDetailsName1","interaction":{"idSuffix":"inner"}},"wdio_ui5_key":"applicationmanagepartners-display-component---NewPartner--addressDetailDetailsName1"}]}
RESULT: {}
RESULT: {"script":"<script> [1562 bytes]","args":[{"selector":{"id":"application-managepartners-display-component---NewPartner--addressDetailDetailsName1","interaction":{"idSuffix":"inner"}},"wdio_ui5_key":"applicationmanagepartners-display-component---NewPartner--addressDetailDetailsName1"}]}
RESULT: undefined
COMMAND: POST /session/cd477e99f4e247ef02c326ac6df7445e/execute/async - {"script":"<script> [776 bytes]","args":[{"enterText":"Webdriver - stock decrease","selector":{"id":"application-managepartners-display-component---NewPartner--addressDetailDetailsName1","interaction":{"idSuffix":"inner"}},"clearTextFirst":true,"interactionType":"ENTER_TEXT"}]}
RESULT: {"script":"<script> [776 bytes]","args":[{"enterText":"Webdriver - stock decrease","selector":{"id":"application-managepartners-display-component---NewPartner--addressDetailDetailsName1","interaction":{"idSuffix":"inner"}},"clearTextFirst":true,"interactionType":"ENTER_TEXT"}]}
COMMAND: POST /session/cd477e99f4e247ef02c326ac6df7445e/execute/async - {"script":"<script> [1562 bytes]","args":[{"selector":{"id":"application-managepartners-display-component---NewPartner--addressDetailDetailsLanguage-arrow"},"wdio_ui5_key":"applicationmanagepartners-display-component---NewPartner--addressDetailDetailsLanguage-arrow"}]}
RESULT: {"script":"<script> [1562 bytes]","args":[{"selector":{"id":"application-managepartners-display-component---NewPartner--addressDetailDetailsLanguage-arrow"},"wdio_ui5_key":"applicationmanagepartners-display-component---NewPartner--addressDetailDetailsLanguage-arrow"}]}
RESULT: undefined
COMMAND: POST /session/cd477e99f4e247ef02c326ac6df7445e/element - {"using":"xpath","value":"//*[@id=\"application-managepartners-display-component---NewPartner--addressDetailDetailsLanguage-arrow\"]"}
RESULT: {"using":"xpath","value":"//*[@id=\"application-managepartners-display-component---NewPartner--addressDetailDetailsLanguage-arrow\"]"}
COMMAND: POST /session/cd477e99f4e247ef02c326ac6df7445e/element/f.375AD1BF2998C782D6149A43C57C8E27.d.D687BDD5BB8BB101DB3682A56995E901.e.6187/click - {}
RESULT: {}
COMMAND: POST /session/cd477e99f4e247ef02c326ac6df7445e/execute/async - {"script":"<script> [1562 bytes]","args":[{"selector":{"controlType":"sap.m.StandardListItem","viewName":"etm.portal.ui.managepartners.view.NewPartner","viewId":"application-managepartners-display-component---NewPartner","properties":{"title":"English"},"searchOpenDialogs":true,"interaction":{"idSuffix":"content"}},"wdio_ui5_key":"etmportal.ui.managepartners.view.NewPartnersap.m.StandardListItem{\"title\":\"English\"}"}]}
COMMAND: GET /session/cd477e99f4e247ef02c326ac6df7445e/screenshot - {}
RESULT: {"script":"<script> [1562 bytes]","args":[{"selector":{"controlType":"sap.m.StandardListItem","viewName":"etm.portal.ui.managepartners.view.NewPartner","viewId":"application-managepartners-display-component---NewPartner","properties":{"title":"English"},"searchOpenDialogs":true,"interaction":{"idSuffix":"content"}},"wdio_ui5_key":"etmportal.ui.managepartners.view.NewPartnersap.m.StandardListItem{\"title\":\"English\"}"}]}
RESULT: undefined
COMMAND: POST /session/cd477e99f4e247ef02c326ac6df7445e/element - {"using":"xpath","value":"//*[@id=\"__item1407\"]"}
RESULT: {}
RESULT: {"using":"xpath","value":"//*[@id=\"__item1407\"]"}
COMMAND: POST /session/cd477e99f4e247ef02c326ac6df7445e/element/f.375AD1BF2998C782D6149A43C57C8E27.d.D687BDD5BB8BB101DB3682A56995E901.e.6189/click - {}
RESULT: {}
COMMAND: POST /session/cd477e99f4e247ef02c326ac6df7445e/execute/async - {"script":"<script> [1562 bytes]","args":[{"selector":{"id":"application-managepartners-display-component---NewPartner--addressDetailDetailsCity1","interaction":{"idSuffix":"inner"}},"wdio_ui5_key":"applicationmanagepartners-display-component---NewPartner--addressDetailDetailsCity1"}]}
COMMAND: GET /session/cd477e99f4e247ef02c326ac6df7445e/screenshot - {}
RESULT: {"script":"<script> [1562 bytes]","args":[{"selector":{"id":"application-managepartners-display-component---NewPartner--addressDetailDetailsCity1","interaction":{"idSuffix":"inner"}},"wdio_ui5_key":"applicationmanagepartners-display-component---NewPartner--addressDetailDetailsCity1"}]}
RESULT: undefined
COMMAND: POST /session/cd477e99f4e247ef02c326ac6df7445e/execute/async - {"script":"<script> [776 bytes]","args":[{"enterText":"Bangalore","selector":{"id":"application-managepartners-display-component---NewPartner--addressDetailDetailsCity1","interaction":{"idSuffix":"inner"}},"clearTextFirst":true,"interactionType":"ENTER_TEXT"}]}
RESULT: {}
RESULT: {"script":"<script> [776 bytes]","args":[{"enterText":"Bangalore","selector":{"id":"application-managepartners-display-component---NewPartner--addressDetailDetailsCity1","interaction":{"idSuffix":"inner"}},"clearTextFirst":true,"interactionType":"ENTER_TEXT"}]}
COMMAND: POST /session/cd477e99f4e247ef02c326ac6df7445e/execute/async - {"script":"<script> [1562 bytes]","args":[{"selector":{"id":"application-managepartners-display-component---NewPartner--addressDetailDetailsCountry-arrow"},"wdio_ui5_key":"applicationmanagepartners-display-component---NewPartner--addressDetailDetailsCountry-arrow"}]}
RESULT: {"script":"<script> [1562 bytes]","args":[{"selector":{"id":"application-managepartners-display-component---NewPartner--addressDetailDetailsCountry-arrow"},"wdio_ui5_key":"applicationmanagepartners-display-component---NewPartner--addressDetailDetailsCountry-arrow"}]}
RESULT: undefined
COMMAND: POST /session/cd477e99f4e247ef02c326ac6df7445e/element - {"using":"xpath","value":"//*[@id=\"application-managepartners-display-component---NewPartner--addressDetailDetailsCountry-arrow\"]"}
RESULT: {"using":"xpath","value":"//*[@id=\"application-managepartners-display-component---NewPartner--addressDetailDetailsCountry-arrow\"]"}
COMMAND: POST /session/cd477e99f4e247ef02c326ac6df7445e/element/f.375AD1BF2998C782D6149A43C57C8E27.d.D687BDD5BB8BB101DB3682A56995E901.e.6191/click - {}
RESULT: {}
COMMAND: POST /session/cd477e99f4e247ef02c326ac6df7445e/execute/async - {"script":"<script> [1562 bytes]","args":[{"selector":{"id":"application-managepartners-display-component---NewPartner--addressDetailDetailsCountry","interaction":{"idSuffix":"inner"}},"wdio_ui5_key":"applicationmanagepartners-display-component---NewPartner--addressDetailDetailsCountry"}]}
COMMAND: GET /session/cd477e99f4e247ef02c326ac6df7445e/screenshot - {}
RESULT: {"script":"<script> [1562 bytes]","args":[{"selector":{"id":"application-managepartners-display-component---NewPartner--addressDetailDetailsCountry","interaction":{"idSuffix":"inner"}},"wdio_ui5_key":"applicationmanagepartners-display-component---NewPartner--addressDetailDetailsCountry"}]}
RESULT: undefined
COMMAND: POST /session/cd477e99f4e247ef02c326ac6df7445e/execute/async - {"script":"<script> [776 bytes]","args":[{"enterText":"India","selector":{"id":"application-managepartners-display-component---NewPartner--addressDetailDetailsCountry","interaction":{"idSuffix":"inner"}},"clearTextFirst":true,"interactionType":"ENTER_TEXT"}]}
RESULT: {}
RESULT: {"script":"<script> [776 bytes]","args":[{"enterText":"India","selector":{"id":"application-managepartners-display-component---NewPartner--addressDetailDetailsCountry","interaction":{"idSuffix":"inner"}},"clearTextFirst":true,"interactionType":"ENTER_TEXT"}]}
COMMAND: POST /session/cd477e99f4e247ef02c326ac6df7445e/execute/async - {"script":"<script> [1562 bytes]","args":[{"selector":{"controlType":"sap.m.StandardListItem","viewName":"etm.portal.ui.managepartners.view.NewPartner","viewId":"application-managepartners-display-component---NewPartner","properties":{"title":"India"},"searchOpenDialogs":true,"interaction":{"idSuffix":"content"}},"wdio_ui5_key":"etmportal.ui.managepartners.view.NewPartnersap.m.StandardListItem{\"title\":\"India\"}"}]}
RESULT: {"script":"<script> [1562 bytes]","args":[{"selector":{"controlType":"sap.m.StandardListItem","viewName":"etm.portal.ui.managepartners.view.NewPartner","viewId":"application-managepartners-display-component---NewPartner","properties":{"title":"India"},"searchOpenDialogs":true,"interaction":{"idSuffix":"content"}},"wdio_ui5_key":"etmportal.ui.managepartners.view.NewPartnersap.m.StandardListItem{\"title\":\"India\"}"}]}
RESULT: undefined
COMMAND: POST /session/cd477e99f4e247ef02c326ac6df7445e/execute/async - {"script":"<script> [1562 bytes]","args":[{"selector":{"controlType":"sap.m.Button","viewName":"etm.portal.ui.managepartners.view.NewPartner","viewId":"application-managepartners-display-component---NewPartner","properties":{"text":"Commercial"},"interaction":{"idSuffix":"BDI-content"}},"wdio_ui5_key":"etmportal.ui.managepartners.view.NewPartnersap.m.Button{\"text\":\"Commercial\"}"}]}
RESULT: {"script":"<script> [1562 bytes]","args":[{"selector":{"controlType":"sap.m.Button","viewName":"etm.portal.ui.managepartners.view.NewPartner","viewId":"application-managepartners-display-component---NewPartner","properties":{"text":"Commercial"},"interaction":{"idSuffix":"BDI-content"}},"wdio_ui5_key":"etmportal.ui.managepartners.view.NewPartnersap.m.Button{\"text\":\"Commercial\"}"}]}
RESULT: undefined
COMMAND: POST /session/cd477e99f4e247ef02c326ac6df7445e/element - {"using":"xpath","value":"//*[@id=\"application-managepartners-display-component---NewPartner--ObjectPageLayout-anchBar-__section57-anchor\"]"}
RESULT: {"using":"xpath","value":"//*[@id=\"application-managepartners-display-component---NewPartner--ObjectPageLayout-anchBar-__section57-anchor\"]"}
COMMAND: POST /session/cd477e99f4e247ef02c326ac6df7445e/element/f.375AD1BF2998C782D6149A43C57C8E27.d.D687BDD5BB8BB101DB3682A56995E901.e.6196/click - {}
RESULT: {}
COMMAND: POST /session/cd477e99f4e247ef02c326ac6df7445e/execute/async - {"script":"<script> [1562 bytes]","args":[{"selector":{"id":"application-managepartners-display-component---NewPartner--partnerDetailInternal-arrow"},"wdio_ui5_key":"applicationmanagepartners-display-component---NewPartner--partnerDetailInternal-arrow"}]}
COMMAND: GET /session/cd477e99f4e247ef02c326ac6df7445e/screenshot - {}
RESULT: {"script":"<script> [1562 bytes]","args":[{"selector":{"id":"application-managepartners-display-component---NewPartner--partnerDetailInternal-arrow"},"wdio_ui5_key":"applicationmanagepartners-display-component---NewPartner--partnerDetailInternal-arrow"}]}
RESULT: undefined
COMMAND: POST /session/cd477e99f4e247ef02c326ac6df7445e/element - {"using":"xpath","value":"//*[@id=\"application-managepartners-display-component---NewPartner--partnerDetailInternal-arrow\"]"}
RESULT: {}
RESULT: {"using":"xpath","value":"//*[@id=\"application-managepartners-display-component---NewPartner--partnerDetailInternal-arrow\"]"}
COMMAND: POST /session/cd477e99f4e247ef02c326ac6df7445e/element/f.375AD1BF2998C782D6149A43C57C8E27.d.D687BDD5BB8BB101DB3682A56995E901.e.6201/click - {}
RESULT: {}
COMMAND: POST /session/cd477e99f4e247ef02c326ac6df7445e/execute/async - {"script":"<script> [1562 bytes]","args":[{"selector":{"controlType":"sap.m.StandardListItem","viewName":"etm.portal.ui.managepartners.view.NewPartner","viewId":"application-managepartners-display-component---NewPartner","properties":{"title":"External partner"},"searchOpenDialogs":true,"interaction":{"idSuffix":"content"}},"wdio_ui5_key":"etmportal.ui.managepartners.view.NewPartnersap.m.StandardListItem{\"title\":\"External partner\"}"}]}
COMMAND: GET /session/cd477e99f4e247ef02c326ac6df7445e/screenshot - {}
RESULT: {"script":"<script> [1562 bytes]","args":[{"selector":{"controlType":"sap.m.StandardListItem","viewName":"etm.portal.ui.managepartners.view.NewPartner","viewId":"application-managepartners-display-component---NewPartner","properties":{"title":"External partner"},"searchOpenDialogs":true,"interaction":{"idSuffix":"content"}},"wdio_ui5_key":"etmportal.ui.managepartners.view.NewPartnersap.m.StandardListItem{\"title\":\"External partner\"}"}]}
RESULT: undefined
COMMAND: POST /session/cd477e99f4e247ef02c326ac6df7445e/element - {"using":"xpath","value":"//*[@id=\"__item1541\"]"}
RESULT: {}
RESULT: {"using":"xpath","value":"//*[@id=\"__item1541\"]"}
COMMAND: POST /session/cd477e99f4e247ef02c326ac6df7445e/element/f.375AD1BF2998C782D6149A43C57C8E27.d.D687BDD5BB8BB101DB3682A56995E901.e.6203/click - {}
RESULT: {}
COMMAND: POST /session/cd477e99f4e247ef02c326ac6df7445e/execute/async - {"script":"<script> [1562 bytes]","args":[{"selector":{"id":"application-managepartners-display-component---NewPartner--partnerDetailsCurrency-arrow"},"wdio_ui5_key":"applicationmanagepartners-display-component---NewPartner--partnerDetailsCurrency-arrow"}]}
COMMAND: GET /session/cd477e99f4e247ef02c326ac6df7445e/screenshot - {}
RESULT: {"script":"<script> [1562 bytes]","args":[{"selector":{"id":"application-managepartners-display-component---NewPartner--partnerDetailsCurrency-arrow"},"wdio_ui5_key":"applicationmanagepartners-display-component---NewPartner--partnerDetailsCurrency-arrow"}]}
RESULT: undefined
COMMAND: POST /session/cd477e99f4e247ef02c326ac6df7445e/element - {"using":"xpath","value":"//*[@id=\"application-managepartners-display-component---NewPartner--partnerDetailsCurrency-arrow\"]"}
RESULT: {}
RESULT: {"using":"xpath","value":"//*[@id=\"application-managepartners-display-component---NewPartner--partnerDetailsCurrency-arrow\"]"}
COMMAND: POST /session/cd477e99f4e247ef02c326ac6df7445e/element/f.375AD1BF2998C782D6149A43C57C8E27.d.D687BDD5BB8BB101DB3682A56995E901.e.6208/click - {}
RESULT: {}
COMMAND: POST /session/cd477e99f4e247ef02c326ac6df7445e/execute/async - {"script":"<script> [1562 bytes]","args":[{"selector":{"controlType":"sap.m.StandardListItem","viewName":"etm.portal.ui.managepartners.view.NewPartner","viewId":"application-managepartners-display-component---NewPartner","properties":{"title":"Euro"},"searchOpenDialogs":true,"interaction":{"idSuffix":"content"}},"wdio_ui5_key":"etmportal.ui.managepartners.view.NewPartnersap.m.StandardListItem{\"title\":\"Euro\"}"}]}
COMMAND: GET /session/cd477e99f4e247ef02c326ac6df7445e/screenshot - {}
RESULT: {"script":"<script> [1562 bytes]","args":[{"selector":{"controlType":"sap.m.StandardListItem","viewName":"etm.portal.ui.managepartners.view.NewPartner","viewId":"application-managepartners-display-component---NewPartner","properties":{"title":"Euro"},"searchOpenDialogs":true,"interaction":{"idSuffix":"content"}},"wdio_ui5_key":"etmportal.ui.managepartners.view.NewPartnersap.m.StandardListItem{\"title\":\"Euro\"}"}]}
RESULT: undefined
COMMAND: POST /session/cd477e99f4e247ef02c326ac6df7445e/element - {"using":"xpath","value":"//*[@id=\"__item1543\"]"}
RESULT: {}
RESULT: {"using":"xpath","value":"//*[@id=\"__item1543\"]"}
COMMAND: POST /session/cd477e99f4e247ef02c326ac6df7445e/element/f.375AD1BF2998C782D6149A43C57C8E27.d.D687BDD5BB8BB101DB3682A56995E901.e.6210/click - {}
RESULT: {}
COMMAND: POST /session/cd477e99f4e247ef02c326ac6df7445e/execute/async - {"script":"<script> [1562 bytes]","args":[{"selector":{"controlType":"sap.m.Button","viewName":"etm.portal.ui.managepartners.view.NewPartner","viewId":"application-managepartners-display-component---NewPartner","properties":{"text":"Assignments"},"interaction":{"idSuffix":"BDI-content"}},"wdio_ui5_key":"etmportal.ui.managepartners.view.NewPartnersap.m.Button{\"text\":\"Assignments\"}"}]}
COMMAND: GET /session/cd477e99f4e247ef02c326ac6df7445e/screenshot - {}
RESULT: {"script":"<script> [1562 bytes]","args":[{"selector":{"controlType":"sap.m.Button","viewName":"etm.portal.ui.managepartners.view.NewPartner","viewId":"application-managepartners-display-component---NewPartner","properties":{"text":"Assignments"},"interaction":{"idSuffix":"BDI-content"}},"wdio_ui5_key":"etmportal.ui.managepartners.view.NewPartnersap.m.Button{\"text\":\"Assignments\"}"}]}
RESULT: undefined
COMMAND: POST /session/cd477e99f4e247ef02c326ac6df7445e/element - {"using":"xpath","value":"//*[@id=\"application-managepartners-display-component---NewPartner--ObjectPageLayout-anchBar-__section61-anchor\"]"}
RESULT: {}
RESULT: {"using":"xpath","value":"//*[@id=\"application-managepartners-display-component---NewPartner--ObjectPageLayout-anchBar-__section61-anchor\"]"}
COMMAND: POST /session/cd477e99f4e247ef02c326ac6df7445e/element/f.375AD1BF2998C782D6149A43C57C8E27.d.D687BDD5BB8BB101DB3682A56995E901.e.6212/click - {}
RESULT: {}
COMMAND: POST /session/cd477e99f4e247ef02c326ac6df7445e/execute/async - {"script":"<script> [1562 bytes]","args":[{"selector":{"id":"application-managepartners-display-component---NewPartner--btnAddTableRow","interaction":{"idSuffix":"inner"}},"wdio_ui5_key":"applicationmanagepartners-display-component---NewPartner--btnAddTableRow"}]}
COMMAND: GET /session/cd477e99f4e247ef02c326ac6df7445e/screenshot - {}
RESULT: {"script":"<script> [1562 bytes]","args":[{"selector":{"id":"application-managepartners-display-component---NewPartner--btnAddTableRow","interaction":{"idSuffix":"inner"}},"wdio_ui5_key":"applicationmanagepartners-display-component---NewPartner--btnAddTableRow"}]}
RESULT: undefined
COMMAND: POST /session/cd477e99f4e247ef02c326ac6df7445e/element - {"using":"xpath","value":"//*[@id=\"application-managepartners-display-component---NewPartner--btnAddTableRow\"]"}
RESULT: {}
RESULT: {"using":"xpath","value":"//*[@id=\"application-managepartners-display-component---NewPartner--btnAddTableRow\"]"}
COMMAND: POST /session/cd477e99f4e247ef02c326ac6df7445e/element/f.375AD1BF2998C782D6149A43C57C8E27.d.D687BDD5BB8BB101DB3682A56995E901.e.6217/click - {}
RESULT: {}
COMMAND: POST /session/cd477e99f4e247ef02c326ac6df7445e/element - {"using":"css selector","value":"#application-managepartners-display-component---NewPartner--assignmentYard-application-managepartners-display-component---NewPartner--assignmentsTable-0-inner"}
COMMAND: GET /session/cd477e99f4e247ef02c326ac6df7445e/screenshot - {}
RESULT: {"using":"css selector","value":"#application-managepartners-display-component---NewPartner--assignmentYard-application-managepartners-display-component---NewPartner--assignmentsTable-0-inner"}
COMMAND: POST /session/cd477e99f4e247ef02c326ac6df7445e/element/f.375AD1BF2998C782D6149A43C57C8E27.d.D687BDD5BB8BB101DB3682A56995E901.e.6219/value - {"text":"794"}
RESULT: {}
RESULT: {"text":"794"}
COMMAND: GET /session/cd477e99f4e247ef02c326ac6df7445e/screenshot - {}
RESULT: {}
COMMAND: POST /session/cd477e99f4e247ef02c326ac6df7445e/actions - {"actions":[{"id":"action14","type":"key","parameters":{},"actions":[{"type":"keyDown","value":"î€‡"},{"type":"pause","duration":10},{"type":"keyUp","value":"î€‡"}]}]}
RESULT: {"actions":[{"id":"action14","type":"key","parameters":{},"actions":[{"type":"keyDown","value":"î€‡"},{"type":"pause","duration":10},{"type":"keyUp","value":"î€‡"}]}]}
COMMAND: POST /session/cd477e99f4e247ef02c326ac6df7445e/execute/async - {"script":"<script> [1562 bytes]","args":[{"selector":{"id":"application-managepartners-display-component---NewPartner--assignmentYard-application-managepartners-display-component---NewPartner--assignmentsTable-0-arrow"},"wdio_ui5_key":"applicationmanagepartners-display-component---NewPartner--assignmentYard-application-managepartners-display-component---NewPartner--assignmentsTable-0-arrow"}]}
COMMAND: GET /session/cd477e99f4e247ef02c326ac6df7445e/screenshot - {}
RESULT: {"script":"<script> [1562 bytes]","args":[{"selector":{"id":"application-managepartners-display-component---NewPartner--assignmentYard-application-managepartners-display-component---NewPartner--assignmentsTable-0-arrow"},"wdio_ui5_key":"applicationmanagepartners-display-component---NewPartner--assignmentYard-application-managepartners-display-component---NewPartner--assignmentsTable-0-arrow"}]}
RESULT: undefined
COMMAND: POST /session/cd477e99f4e247ef02c326ac6df7445e/element - {"using":"xpath","value":"//*[@id=\"application-managepartners-display-component---NewPartner--assignmentYard-application-managepartners-display-component---NewPartner--assignmentsTable-0-arrow\"]"}
RESULT: {}
RESULT: {"using":"xpath","value":"//*[@id=\"application-managepartners-display-component---NewPartner--assignmentYard-application-managepartners-display-component---NewPartner--assignmentsTable-0-arrow\"]"}
COMMAND: POST /session/cd477e99f4e247ef02c326ac6df7445e/element/f.375AD1BF2998C782D6149A43C57C8E27.d.D687BDD5BB8BB101DB3682A56995E901.e.6227/click - {}
RESULT: {}
COMMAND: GET /session/cd477e99f4e247ef02c326ac6df7445e/screenshot - {}
RESULT: {}
COMMAND: POST /session/cd477e99f4e247ef02c326ac6df7445e/execute/async - {"script":"<script> [1562 bytes]","args":[{"selector":{"controlType":"sap.m.Button","viewName":"etm.portal.ui.managepartners.view.NewPartner","viewId":"application-managepartners-display-component---NewPartner","i18NText":{"propertyName":"text","key":"save"},"interaction":{"idSuffix":"BDI-content"}},"wdio_ui5_key":"etmportal.ui.managepartners.view.NewPartnersap.m.Button{\"propertyName\":\"text\",\"key\":\"save\"}"}]}
RESULT: {"script":"<script> [1562 bytes]","args":[{"selector":{"controlType":"sap.m.Button","viewName":"etm.portal.ui.managepartners.view.NewPartner","viewId":"application-managepartners-display-component---NewPartner","i18NText":{"propertyName":"text","key":"save"},"interaction":{"idSuffix":"BDI-content"}},"wdio_ui5_key":"etmportal.ui.managepartners.view.NewPartnersap.m.Button{\"propertyName\":\"text\",\"key\":\"save\"}"}]}
RESULT: undefined
COMMAND: POST /session/cd477e99f4e247ef02c326ac6df7445e/element - {"using":"xpath","value":"//*[@id=\"__button127\"]"}
RESULT: {"using":"xpath","value":"//*[@id=\"__button127\"]"}
COMMAND: POST /session/cd477e99f4e247ef02c326ac6df7445e/element/f.375AD1BF2998C782D6149A43C57C8E27.d.D687BDD5BB8BB101DB3682A56995E901.e.6171/click - {}
RESULT: {}
COMMAND: GET /session/cd477e99f4e247ef02c326ac6df7445e/screenshot - {}
RESULT: {}
COMMAND: POST /session/cd477e99f4e247ef02c326ac6df7445e/execute/async - {"script":"<script> [1562 bytes]","args":[{"selector":{"controlType":"sap.m.Text","viewName":"etm.portal.ui.managepartners.view.Detail","viewId":"application-managepartners-display-component---detailPtm","bindingPath":{"propertyPath":"ID","modelName":"catalogModel"}},"wdio_ui5_key":"etmportal.ui.managepartners.view.Detailsap.m.Text{\"propertyPath\":\"ID\",\"modelName\":\"catalogModel\"}"}]}
RESULT: {"script":"<script> [1562 bytes]","args":[{"selector":{"controlType":"sap.m.Text","viewName":"etm.portal.ui.managepartners.view.Detail","viewId":"application-managepartners-display-component---detailPtm","bindingPath":{"propertyPath":"ID","modelName":"catalogModel"}},"wdio_ui5_key":"etmportal.ui.managepartners.view.Detailsap.m.Text{\"propertyPath\":\"ID\",\"modelName\":\"catalogModel\"}"}]}
RESULT: undefined
COMMAND: POST /session/cd477e99f4e247ef02c326ac6df7445e/execute/async - {"script":"<script> [6424 bytes]","args":[{"element-6066-11e4-a52e-4f735466cecf":"f.375AD1BF2998C782D6149A43C57C8E27.d.D687BDD5BB8BB101DB3682A56995E901.e.6390"},"getText",[]]}
RESULT: {"script":"<script> [6424 bytes]","args":[{"element-6066-11e4-a52e-4f735466cecf":"f.375AD1BF2998C782D6149A43C57C8E27.d.D687BDD5BB8BB101DB3682A56995E901.e.6390"},"getText",[]]}
COMMAND: POST /session/cd477e99f4e247ef02c326ac6df7445e/element - {"using":"css selector","value":"#shell-header-logo"}
RESULT: {"using":"css selector","value":"#shell-header-logo"}
COMMAND: POST /session/cd477e99f4e247ef02c326ac6df7445e/element/f.375AD1BF2998C782D6149A43C57C8E27.d.D687BDD5BB8BB101DB3682A56995E901.e.5715/click - {}
RESULT: {}
COMMAND: GET /session/cd477e99f4e247ef02c326ac6df7445e/screenshot - {}
RESULT: {}
]]></system-out>
    </testcase>
    <testcase classname="chrome.135_0_7049_96.windows.Create_masterdata_for_Yard_Overview_-_trigger_provide_US130988" name="Create material" time="83.217">
      <system-out><![CDATA[
COMMAND: POST /session/cd477e99f4e247ef02c326ac6df7445e/execute/async - {"script":"<script> [1562 bytes]","args":[{"selector":{"controlType":"sap.m.GenericTile","properties":{"header":"Manage Resources"}},"wdio_ui5_key":"sapm.GenericTile{\"header\":\"Manage Resources\"}"}]}
RESULT: {"script":"<script> [1562 bytes]","args":[{"selector":{"controlType":"sap.m.GenericTile","properties":{"header":"Manage Resources"}},"wdio_ui5_key":"sapm.GenericTile{\"header\":\"Manage Resources\"}"}]}
RESULT: undefined
COMMAND: POST /session/cd477e99f4e247ef02c326ac6df7445e/element - {"using":"xpath","value":"//*[@id=\"__tile39\"]"}
RESULT: {"using":"xpath","value":"//*[@id=\"__tile39\"]"}
COMMAND: POST /session/cd477e99f4e247ef02c326ac6df7445e/element/f.375AD1BF2998C782D6149A43C57C8E27.d.D687BDD5BB8BB101DB3682A56995E901.e.6392/click - {}
RESULT: {}
COMMAND: GET /session/cd477e99f4e247ef02c326ac6df7445e/screenshot - {}
RESULT: {}
COMMAND: POST /session/cd477e99f4e247ef02c326ac6df7445e/execute/async - {"script":"<script> [1562 bytes]","args":[{"selector":{"controlType":"sap.ui.core.Icon","viewName":"etm.portal.ui.manageresources.view.Master","viewId":"application-manageresources-display-component---masterRU","properties":{"src":{"regex":{"source":"add"}}}},"wdio_ui5_key":"etmportal.ui.manageresources.view.Mastersap.ui.core.Icon{\"src\":{\"regex\":{\"source\":\"add\"}}}"}]}
RESULT: undefined
RESULT: {"script":"<script> [1562 bytes]","args":[{"selector":{"controlType":"sap.ui.core.Icon","viewName":"etm.portal.ui.manageresources.view.Master","viewId":"application-manageresources-display-component---masterRU","properties":{"src":{"regex":{"source":"add"}}}},"wdio_ui5_key":"etmportal.ui.manageresources.view.Mastersap.ui.core.Icon{\"src\":{\"regex\":{\"source\":\"add\"}}}"}]}
RESULT: undefined
COMMAND: POST /session/cd477e99f4e247ef02c326ac6df7445e/element - {"using":"xpath","value":"//*[@id=\"__button168-img\"]"}
RESULT: {"using":"xpath","value":"//*[@id=\"__button168-img\"]"}
COMMAND: POST /session/cd477e99f4e247ef02c326ac6df7445e/element/f.375AD1BF2998C782D6149A43C57C8E27.d.D687BDD5BB8BB101DB3682A56995E901.e.6436/click - {}
RESULT: {}
COMMAND: GET /session/cd477e99f4e247ef02c326ac6df7445e/screenshot - {}
RESULT: {}
COMMAND: POST /session/cd477e99f4e247ef02c326ac6df7445e/execute/async - {"script":"<script> [1562 bytes]","args":[{"selector":{"id":"application-manageresources-display-component---newResourceUnit--TYPE-arrow"},"wdio_ui5_key":"applicationmanageresources-display-component---newResourceUnit--TYPE-arrow"}]}
RESULT: {"script":"<script> [1562 bytes]","args":[{"selector":{"id":"application-manageresources-display-component---newResourceUnit--TYPE-arrow"},"wdio_ui5_key":"applicationmanageresources-display-component---newResourceUnit--TYPE-arrow"}]}
RESULT: undefined
COMMAND: POST /session/cd477e99f4e247ef02c326ac6df7445e/element - {"using":"xpath","value":"//*[@id=\"application-manageresources-display-component---newResourceUnit--TYPE-arrow\"]"}
RESULT: {"using":"xpath","value":"//*[@id=\"application-manageresources-display-component---newResourceUnit--TYPE-arrow\"]"}
COMMAND: POST /session/cd477e99f4e247ef02c326ac6df7445e/element/f.375AD1BF2998C782D6149A43C57C8E27.d.D687BDD5BB8BB101DB3682A56995E901.e.6746/click - {}
RESULT: {}
COMMAND: POST /session/cd477e99f4e247ef02c326ac6df7445e/execute/async - {"script":"<script> [1562 bytes]","args":[{"selector":{"controlType":"sap.m.StandardListItem","viewName":"reusables.view.manageresources.NewResourceUnit","viewId":"application-manageresources-display-component---newResourceUnit","properties":{"title":"Material"},"searchOpenDialogs":true,"interaction":{"idSuffix":"titleText"}},"wdio_ui5_key":"reusablesview.manageresources.NewResourceUnitsap.m.StandardListItem{\"title\":\"Material\"}"}]}
COMMAND: GET /session/cd477e99f4e247ef02c326ac6df7445e/screenshot - {}
RESULT: {"script":"<script> [1562 bytes]","args":[{"selector":{"controlType":"sap.m.StandardListItem","viewName":"reusables.view.manageresources.NewResourceUnit","viewId":"application-manageresources-display-component---newResourceUnit","properties":{"title":"Material"},"searchOpenDialogs":true,"interaction":{"idSuffix":"titleText"}},"wdio_ui5_key":"reusablesview.manageresources.NewResourceUnitsap.m.StandardListItem{\"title\":\"Material\"}"}]}
RESULT: undefined
COMMAND: POST /session/cd477e99f4e247ef02c326ac6df7445e/element - {"using":"xpath","value":"//*[@id=\"__item1816\"]"}
RESULT: {}
RESULT: {"using":"xpath","value":"//*[@id=\"__item1816\"]"}
COMMAND: POST /session/cd477e99f4e247ef02c326ac6df7445e/element/f.375AD1BF2998C782D6149A43C57C8E27.d.D687BDD5BB8BB101DB3682A56995E901.e.6749/click - {}
RESULT: {}
COMMAND: POST /session/cd477e99f4e247ef02c326ac6df7445e/execute/async - {"script":"<script> [1562 bytes]","args":[{"selector":{"id":"application-manageresources-display-component---newResourceUnit--SHORT_TEXT","interaction":{"idSuffix":"inner"}},"wdio_ui5_key":"applicationmanageresources-display-component---newResourceUnit--SHORT_TEXT"}]}
COMMAND: GET /session/cd477e99f4e247ef02c326ac6df7445e/screenshot - {}
RESULT: {"script":"<script> [1562 bytes]","args":[{"selector":{"id":"application-manageresources-display-component---newResourceUnit--SHORT_TEXT","interaction":{"idSuffix":"inner"}},"wdio_ui5_key":"applicationmanageresources-display-component---newResourceUnit--SHORT_TEXT"}]}
RESULT: undefined
COMMAND: POST /session/cd477e99f4e247ef02c326ac6df7445e/execute/async - {"script":"<script> [776 bytes]","args":[{"enterText":"Material-794-1745512115171","selector":{"id":"application-manageresources-display-component---newResourceUnit--SHORT_TEXT","interaction":{"idSuffix":"inner"}},"clearTextFirst":true,"interactionType":"ENTER_TEXT"}]}
RESULT: {}
RESULT: {"script":"<script> [776 bytes]","args":[{"enterText":"Material-794-1745512115171","selector":{"id":"application-manageresources-display-component---newResourceUnit--SHORT_TEXT","interaction":{"idSuffix":"inner"}},"clearTextFirst":true,"interactionType":"ENTER_TEXT"}]}
COMMAND: POST /session/cd477e99f4e247ef02c326ac6df7445e/execute/async - {"script":"<script> [1562 bytes]","args":[{"selector":{"id":"application-manageresources-display-component---newResourceUnit--BASE_UNIT_OF_MEASURE-arrow"},"wdio_ui5_key":"applicationmanageresources-display-component---newResourceUnit--BASE_UNIT_OF_MEASURE-arrow"}]}
RESULT: {"script":"<script> [1562 bytes]","args":[{"selector":{"id":"application-manageresources-display-component---newResourceUnit--BASE_UNIT_OF_MEASURE-arrow"},"wdio_ui5_key":"applicationmanageresources-display-component---newResourceUnit--BASE_UNIT_OF_MEASURE-arrow"}]}
RESULT: undefined
COMMAND: POST /session/cd477e99f4e247ef02c326ac6df7445e/element - {"using":"xpath","value":"//*[@id=\"application-manageresources-display-component---newResourceUnit--BASE_UNIT_OF_MEASURE-arrow\"]"}
RESULT: {"using":"xpath","value":"//*[@id=\"application-manageresources-display-component---newResourceUnit--BASE_UNIT_OF_MEASURE-arrow\"]"}
COMMAND: POST /session/cd477e99f4e247ef02c326ac6df7445e/element/f.375AD1BF2998C782D6149A43C57C8E27.d.D687BDD5BB8BB101DB3682A56995E901.e.6805/click - {}
RESULT: {}
COMMAND: POST /session/cd477e99f4e247ef02c326ac6df7445e/execute/async - {"script":"<script> [1562 bytes]","args":[{"selector":{"controlType":"sap.m.StandardListItem","viewName":"reusables.view.manageresources.NewResourceUnit","viewId":"application-manageresources-display-component---newResourceUnit","properties":{"title":"Centimeter"},"searchOpenDialogs":true,"interaction":{"idSuffix":"content"}},"wdio_ui5_key":"reusablesview.manageresources.NewResourceUnitsap.m.StandardListItem{\"title\":\"Centimeter\"}"}]}
COMMAND: GET /session/cd477e99f4e247ef02c326ac6df7445e/screenshot - {}
RESULT: {"script":"<script> [1562 bytes]","args":[{"selector":{"controlType":"sap.m.StandardListItem","viewName":"reusables.view.manageresources.NewResourceUnit","viewId":"application-manageresources-display-component---newResourceUnit","properties":{"title":"Centimeter"},"searchOpenDialogs":true,"interaction":{"idSuffix":"content"}},"wdio_ui5_key":"reusablesview.manageresources.NewResourceUnitsap.m.StandardListItem{\"title\":\"Centimeter\"}"}]}
RESULT: undefined
COMMAND: POST /session/cd477e99f4e247ef02c326ac6df7445e/element - {"using":"xpath","value":"//*[@id=\"__item1844\"]"}
RESULT: {}
RESULT: {"using":"xpath","value":"//*[@id=\"__item1844\"]"}
COMMAND: POST /session/cd477e99f4e247ef02c326ac6df7445e/element/f.375AD1BF2998C782D6149A43C57C8E27.d.D687BDD5BB8BB101DB3682A56995E901.e.6807/click - {}
RESULT: {}
COMMAND: POST /session/cd477e99f4e247ef02c326ac6df7445e/execute/async - {"script":"<script> [1562 bytes]","args":[{"selector":{"id":"application-manageresources-display-component---newResourceUnit--WEIGHT_UNIT-arrow"},"wdio_ui5_key":"applicationmanageresources-display-component---newResourceUnit--WEIGHT_UNIT-arrow"}]}
COMMAND: GET /session/cd477e99f4e247ef02c326ac6df7445e/screenshot - {}
RESULT: {"script":"<script> [1562 bytes]","args":[{"selector":{"id":"application-manageresources-display-component---newResourceUnit--WEIGHT_UNIT-arrow"},"wdio_ui5_key":"applicationmanageresources-display-component---newResourceUnit--WEIGHT_UNIT-arrow"}]}
RESULT: undefined
COMMAND: POST /session/cd477e99f4e247ef02c326ac6df7445e/element - {"using":"xpath","value":"//*[@id=\"application-manageresources-display-component---newResourceUnit--WEIGHT_UNIT-arrow\"]"}
RESULT: {}
RESULT: {"using":"xpath","value":"//*[@id=\"application-manageresources-display-component---newResourceUnit--WEIGHT_UNIT-arrow\"]"}
COMMAND: POST /session/cd477e99f4e247ef02c326ac6df7445e/element/f.375AD1BF2998C782D6149A43C57C8E27.d.D687BDD5BB8BB101DB3682A56995E901.e.6808/click - {}
RESULT: {}
COMMAND: POST /session/cd477e99f4e247ef02c326ac6df7445e/execute/async - {"script":"<script> [1562 bytes]","args":[{"selector":{"controlType":"sap.m.StandardListItem","viewName":"reusables.view.manageresources.NewResourceUnit","viewId":"application-manageresources-display-component---newResourceUnit","properties":{"title":"Gram"},"searchOpenDialogs":true,"interaction":{"idSuffix":"content"}},"wdio_ui5_key":"reusablesview.manageresources.NewResourceUnitsap.m.StandardListItem{\"title\":\"Gram\"}"}]}
COMMAND: GET /session/cd477e99f4e247ef02c326ac6df7445e/screenshot - {}
RESULT: {"script":"<script> [1562 bytes]","args":[{"selector":{"controlType":"sap.m.StandardListItem","viewName":"reusables.view.manageresources.NewResourceUnit","viewId":"application-manageresources-display-component---newResourceUnit","properties":{"title":"Gram"},"searchOpenDialogs":true,"interaction":{"idSuffix":"content"}},"wdio_ui5_key":"reusablesview.manageresources.NewResourceUnitsap.m.StandardListItem{\"title\":\"Gram\"}"}]}
RESULT: undefined
COMMAND: POST /session/cd477e99f4e247ef02c326ac6df7445e/element - {"using":"xpath","value":"//*[@id=\"__item1925\"]"}
RESULT: {}
RESULT: {"using":"xpath","value":"//*[@id=\"__item1925\"]"}
COMMAND: POST /session/cd477e99f4e247ef02c326ac6df7445e/element/f.375AD1BF2998C782D6149A43C57C8E27.d.D687BDD5BB8BB101DB3682A56995E901.e.6810/click - {}
RESULT: {}
COMMAND: POST /session/cd477e99f4e247ef02c326ac6df7445e/execute/async - {"script":"<script> [1562 bytes]","args":[{"selector":{"id":"application-manageresources-display-component---newResourceUnit--DIMENSION_UNIT-arrow"},"wdio_ui5_key":"applicationmanageresources-display-component---newResourceUnit--DIMENSION_UNIT-arrow"}]}
COMMAND: GET /session/cd477e99f4e247ef02c326ac6df7445e/screenshot - {}
RESULT: {"script":"<script> [1562 bytes]","args":[{"selector":{"id":"application-manageresources-display-component---newResourceUnit--DIMENSION_UNIT-arrow"},"wdio_ui5_key":"applicationmanageresources-display-component---newResourceUnit--DIMENSION_UNIT-arrow"}]}
RESULT: undefined
COMMAND: POST /session/cd477e99f4e247ef02c326ac6df7445e/element - {"using":"xpath","value":"//*[@id=\"application-manageresources-display-component---newResourceUnit--DIMENSION_UNIT-arrow\"]"}
RESULT: {}
RESULT: {"using":"xpath","value":"//*[@id=\"application-manageresources-display-component---newResourceUnit--DIMENSION_UNIT-arrow\"]"}
COMMAND: POST /session/cd477e99f4e247ef02c326ac6df7445e/element/f.375AD1BF2998C782D6149A43C57C8E27.d.D687BDD5BB8BB101DB3682A56995E901.e.6811/click - {}
COMMAND: POST /session/cd477e99f4e247ef02c326ac6df7445e/element - {"using":"css selector","value":"#application-manageresources-display-component---newResourceUnit--DIMENSION_UNIT-inner"}
RESULT: {"using":"css selector","value":"#application-manageresources-display-component---newResourceUnit--DIMENSION_UNIT-inner"}
COMMAND: POST /session/cd477e99f4e247ef02c326ac6df7445e/element/f.375AD1BF2998C782D6149A43C57C8E27.d.D687BDD5BB8BB101DB3682A56995E901.e.6777/clear - {}
RESULT: {}
COMMAND: POST /session/cd477e99f4e247ef02c326ac6df7445e/element/f.375AD1BF2998C782D6149A43C57C8E27.d.D687BDD5BB8BB101DB3682A56995E901.e.6777/value - {"text":"Centimet"}
COMMAND: GET /session/cd477e99f4e247ef02c326ac6df7445e/screenshot - {}
RESULT: {"text":"Centimet"}
COMMAND: POST /session/cd477e99f4e247ef02c326ac6df7445e/execute/async - {"script":"<script> [1562 bytes]","args":[{"selector":{"id":"application-manageresources-display-component---newResourceUnit--newRRUPage-anchBar-application-manageresources-display-component---newResourceUnit--reference-anchor","interaction":{"idSuffix":"BDI-content"}},"wdio_ui5_key":"applicationmanageresources-display-component---newResourceUnit--newRRUPage-anchBar-application-manageresources-display-component---newResourceUnit--reference-anchor"}]}
COMMAND: GET /session/cd477e99f4e247ef02c326ac6df7445e/screenshot - {}
RESULT: {}
RESULT: {"script":"<script> [1562 bytes]","args":[{"selector":{"id":"application-manageresources-display-component---newResourceUnit--newRRUPage-anchBar-application-manageresources-display-component---newResourceUnit--reference-anchor","interaction":{"idSuffix":"BDI-content"}},"wdio_ui5_key":"applicationmanageresources-display-component---newResourceUnit--newRRUPage-anchBar-application-manageresources-display-component---newResourceUnit--reference-anchor"}]}
RESULT: undefined
COMMAND: POST /session/cd477e99f4e247ef02c326ac6df7445e/element - {"using":"xpath","value":"//*[@id=\"application-manageresources-display-component---newResourceUnit--newRRUPage-anchBar-application-manageresources-display-component---newResourceUnit--reference-anchor\"]"}
RESULT: {}
RESULT: {"using":"xpath","value":"//*[@id=\"application-manageresources-display-component---newResourceUnit--newRRUPage-anchBar-application-manageresources-display-component---newResourceUnit--reference-anchor\"]"}
COMMAND: POST /session/cd477e99f4e247ef02c326ac6df7445e/element/f.375AD1BF2998C782D6149A43C57C8E27.d.D687BDD5BB8BB101DB3682A56995E901.e.6817/click - {}
RESULT: {}
COMMAND: POST /session/cd477e99f4e247ef02c326ac6df7445e/execute/async - {"script":"<script> [1562 bytes]","args":[{"selector":{"id":"application-manageresources-display-component---newResourceUnit--PLANNING_GROUP-arrow"},"wdio_ui5_key":"applicationmanageresources-display-component---newResourceUnit--PLANNING_GROUP-arrow"}]}
COMMAND: GET /session/cd477e99f4e247ef02c326ac6df7445e/screenshot - {}
RESULT: {"script":"<script> [1562 bytes]","args":[{"selector":{"id":"application-manageresources-display-component---newResourceUnit--PLANNING_GROUP-arrow"},"wdio_ui5_key":"applicationmanageresources-display-component---newResourceUnit--PLANNING_GROUP-arrow"}]}
RESULT: undefined
COMMAND: POST /session/cd477e99f4e247ef02c326ac6df7445e/element - {"using":"xpath","value":"//*[@id=\"application-manageresources-display-component---newResourceUnit--PLANNING_GROUP-arrow\"]"}
RESULT: {}
RESULT: {"using":"xpath","value":"//*[@id=\"application-manageresources-display-component---newResourceUnit--PLANNING_GROUP-arrow\"]"}
COMMAND: POST /session/cd477e99f4e247ef02c326ac6df7445e/element/f.375AD1BF2998C782D6149A43C57C8E27.d.D687BDD5BB8BB101DB3682A56995E901.e.6823/click - {}
RESULT: {}
COMMAND: POST /session/cd477e99f4e247ef02c326ac6df7445e/execute/async - {"script":"<script> [1562 bytes]","args":[{"selector":{"controlType":"sap.m.StandardListItem","viewName":"reusables.view.manageresources.NewResourceUnit","viewId":"application-manageresources-display-component---newResourceUnit","properties":{"title":"Heavy Equi"},"searchOpenDialogs":true,"interaction":{"idSuffix":"content"}},"wdio_ui5_key":"reusablesview.manageresources.NewResourceUnitsap.m.StandardListItem{\"title\":\"Heavy Equi\"}"}]}
COMMAND: GET /session/cd477e99f4e247ef02c326ac6df7445e/screenshot - {}
RESULT: {"script":"<script> [1562 bytes]","args":[{"selector":{"controlType":"sap.m.StandardListItem","viewName":"reusables.view.manageresources.NewResourceUnit","viewId":"application-manageresources-display-component---newResourceUnit","properties":{"title":"Heavy Equi"},"searchOpenDialogs":true,"interaction":{"idSuffix":"content"}},"wdio_ui5_key":"reusablesview.manageresources.NewResourceUnitsap.m.StandardListItem{\"title\":\"Heavy Equi\"}"}]}
RESULT: undefined
COMMAND: POST /session/cd477e99f4e247ef02c326ac6df7445e/element - {"using":"xpath","value":"//*[@id=\"__item1937\"]"}
RESULT: {}
RESULT: {"using":"xpath","value":"//*[@id=\"__item1937\"]"}
COMMAND: POST /session/cd477e99f4e247ef02c326ac6df7445e/element/f.375AD1BF2998C782D6149A43C57C8E27.d.D687BDD5BB8BB101DB3682A56995E901.e.6825/click - {}
RESULT: {}
COMMAND: GET /session/cd477e99f4e247ef02c326ac6df7445e/screenshot - {}
RESULT: {}
COMMAND: POST /session/cd477e99f4e247ef02c326ac6df7445e/execute/async - {"script":"<script> [1562 bytes]","args":[{"selector":{"id":"application-manageresources-display-component---newResourceUnit--PLANNING_INDICATOR-arrow"},"wdio_ui5_key":"applicationmanageresources-display-component---newResourceUnit--PLANNING_INDICATOR-arrow"}]}
RESULT: {"script":"<script> [1562 bytes]","args":[{"selector":{"id":"application-manageresources-display-component---newResourceUnit--PLANNING_INDICATOR-arrow"},"wdio_ui5_key":"applicationmanageresources-display-component---newResourceUnit--PLANNING_INDICATOR-arrow"}]}
RESULT: undefined
COMMAND: POST /session/cd477e99f4e247ef02c326ac6df7445e/element - {"using":"xpath","value":"//*[@id=\"application-manageresources-display-component---newResourceUnit--PLANNING_INDICATOR-arrow\"]"}
RESULT: {"using":"xpath","value":"//*[@id=\"application-manageresources-display-component---newResourceUnit--PLANNING_INDICATOR-arrow\"]"}
COMMAND: POST /session/cd477e99f4e247ef02c326ac6df7445e/element/f.375AD1BF2998C782D6149A43C57C8E27.d.D687BDD5BB8BB101DB3682A56995E901.e.6826/click - {}
RESULT: {}
COMMAND: POST /session/cd477e99f4e247ef02c326ac6df7445e/execute/async - {"script":"<script> [1562 bytes]","args":[{"selector":{"controlType":"sap.m.StandardListItem","viewName":"reusables.view.manageresources.NewResourceUnit","viewId":"application-manageresources-display-component---newResourceUnit","properties":{"title":"10 - infinite"},"searchOpenDialogs":true,"interaction":{"idSuffix":"content"}},"wdio_ui5_key":"reusablesview.manageresources.NewResourceUnitsap.m.StandardListItem{\"title\":\"10 - infinite\"}"}]}
COMMAND: GET /session/cd477e99f4e247ef02c326ac6df7445e/screenshot - {}
RESULT: {"script":"<script> [1562 bytes]","args":[{"selector":{"controlType":"sap.m.StandardListItem","viewName":"reusables.view.manageresources.NewResourceUnit","viewId":"application-manageresources-display-component---newResourceUnit","properties":{"title":"10 - infinite"},"searchOpenDialogs":true,"interaction":{"idSuffix":"content"}},"wdio_ui5_key":"reusablesview.manageresources.NewResourceUnitsap.m.StandardListItem{\"title\":\"10 - infinite\"}"}]}
RESULT: undefined
COMMAND: POST /session/cd477e99f4e247ef02c326ac6df7445e/element - {"using":"xpath","value":"//*[@id=\"__item1947\"]"}
RESULT: {}
RESULT: {"using":"xpath","value":"//*[@id=\"__item1947\"]"}
COMMAND: POST /session/cd477e99f4e247ef02c326ac6df7445e/element/f.375AD1BF2998C782D6149A43C57C8E27.d.D687BDD5BB8BB101DB3682A56995E901.e.6828/click - {}
RESULT: {}
COMMAND: GET /session/cd477e99f4e247ef02c326ac6df7445e/screenshot - {}
RESULT: {}
COMMAND: POST /session/cd477e99f4e247ef02c326ac6df7445e/execute/async - {"script":"<script> [1562 bytes]","args":[{"selector":{"id":"application-manageresources-display-component---newResourceUnit--newRRUPage-anchBar-application-manageresources-display-component---newResourceUnit--control-anchor","interaction":{"idSuffix":"BDI-content"}},"wdio_ui5_key":"applicationmanageresources-display-component---newResourceUnit--newRRUPage-anchBar-application-manageresources-display-component---newResourceUnit--control-anchor"}]}
RESULT: {"script":"<script> [1562 bytes]","args":[{"selector":{"id":"application-manageresources-display-component---newResourceUnit--newRRUPage-anchBar-application-manageresources-display-component---newResourceUnit--control-anchor","interaction":{"idSuffix":"BDI-content"}},"wdio_ui5_key":"applicationmanageresources-display-component---newResourceUnit--newRRUPage-anchBar-application-manageresources-display-component---newResourceUnit--control-anchor"}]}
RESULT: undefined
COMMAND: POST /session/cd477e99f4e247ef02c326ac6df7445e/element - {"using":"xpath","value":"//*[@id=\"application-manageresources-display-component---newResourceUnit--newRRUPage-anchBar-application-manageresources-display-component---newResourceUnit--control-anchor\"]"}
RESULT: {"using":"xpath","value":"//*[@id=\"application-manageresources-display-component---newResourceUnit--newRRUPage-anchBar-application-manageresources-display-component---newResourceUnit--control-anchor\"]"}
COMMAND: POST /session/cd477e99f4e247ef02c326ac6df7445e/element/f.375AD1BF2998C782D6149A43C57C8E27.d.D687BDD5BB8BB101DB3682A56995E901.e.6830/click - {}
RESULT: {}
COMMAND: GET /session/cd477e99f4e247ef02c326ac6df7445e/screenshot - {}
RESULT: {}
COMMAND: POST /session/cd477e99f4e247ef02c326ac6df7445e/execute/async - {"script":"<script> [1562 bytes]","args":[{"selector":{"id":"application-manageresources-display-component---newResourceUnit--btnAddTimeSegment","interaction":{"idSuffix":"inner"}},"wdio_ui5_key":"applicationmanageresources-display-component---newResourceUnit--btnAddTimeSegment"}]}
RESULT: {"script":"<script> [1562 bytes]","args":[{"selector":{"id":"application-manageresources-display-component---newResourceUnit--btnAddTimeSegment","interaction":{"idSuffix":"inner"}},"wdio_ui5_key":"applicationmanageresources-display-component---newResourceUnit--btnAddTimeSegment"}]}
RESULT: undefined
COMMAND: POST /session/cd477e99f4e247ef02c326ac6df7445e/element - {"using":"xpath","value":"//*[@id=\"application-manageresources-display-component---newResourceUnit--btnAddTimeSegment\"]"}
RESULT: {"using":"xpath","value":"//*[@id=\"application-manageresources-display-component---newResourceUnit--btnAddTimeSegment\"]"}
COMMAND: POST /session/cd477e99f4e247ef02c326ac6df7445e/element/f.375AD1BF2998C782D6149A43C57C8E27.d.D687BDD5BB8BB101DB3682A56995E901.e.6835/click - {}
RESULT: {}
COMMAND: GET /session/cd477e99f4e247ef02c326ac6df7445e/screenshot - {}
COMMAND: POST /session/cd477e99f4e247ef02c326ac6df7445e/element - {"using":"xpath","value":"//input[@id=\"application-manageresources-display-component---newResourceUnit--idRuTSAdmin-application-manageresources-display-component---newResourceUnit--RUTimeSegment-0-inner\"]"}
RESULT: {}
RESULT: {"using":"xpath","value":"//input[@id=\"application-manageresources-display-component---newResourceUnit--idRuTSAdmin-application-manageresources-display-component---newResourceUnit--RUTimeSegment-0-inner\"]"}
COMMAND: POST /session/cd477e99f4e247ef02c326ac6df7445e/element/f.375AD1BF2998C782D6149A43C57C8E27.d.D687BDD5BB8BB101DB3682A56995E901.e.6839/value - {"text":"794"}
RESULT: {"text":"794"}
COMMAND: GET /session/cd477e99f4e247ef02c326ac6df7445e/screenshot - {}
RESULT: {}
COMMAND: POST /session/cd477e99f4e247ef02c326ac6df7445e/actions - {"actions":[{"id":"action15","type":"key","parameters":{},"actions":[{"type":"keyDown","value":"î€‡"},{"type":"pause","duration":10},{"type":"keyUp","value":"î€‡"}]}]}
RESULT: {"actions":[{"id":"action15","type":"key","parameters":{},"actions":[{"type":"keyDown","value":"î€‡"},{"type":"pause","duration":10},{"type":"keyUp","value":"î€‡"}]}]}
COMMAND: GET /session/cd477e99f4e247ef02c326ac6df7445e/screenshot - {}
RESULT: {}
COMMAND: POST /session/cd477e99f4e247ef02c326ac6df7445e/execute/async - {"script":"<script> [1562 bytes]","args":[{"selector":{"controlType":"sap.m.Button","viewName":"reusables.view.manageresources.NewResourceUnit","viewId":"application-manageresources-display-component---newResourceUnit","i18NText":{"propertyName":"tooltip","key":"save"},"interaction":{"idSuffix":"BDI-content"}},"wdio_ui5_key":"reusablesview.manageresources.NewResourceUnitsap.m.Button{\"propertyName\":\"tooltip\",\"key\":\"save\"}"}]}
RESULT: {"script":"<script> [1562 bytes]","args":[{"selector":{"controlType":"sap.m.Button","viewName":"reusables.view.manageresources.NewResourceUnit","viewId":"application-manageresources-display-component---newResourceUnit","i18NText":{"propertyName":"tooltip","key":"save"},"interaction":{"idSuffix":"BDI-content"}},"wdio_ui5_key":"reusablesview.manageresources.NewResourceUnitsap.m.Button{\"propertyName\":\"tooltip\",\"key\":\"save\"}"}]}
RESULT: undefined
COMMAND: POST /session/cd477e99f4e247ef02c326ac6df7445e/element - {"using":"xpath","value":"//*[@id=\"application-manageresources-display-component---newResourceUnit--createRuButton\"]"}
RESULT: {"using":"xpath","value":"//*[@id=\"application-manageresources-display-component---newResourceUnit--createRuButton\"]"}
COMMAND: POST /session/cd477e99f4e247ef02c326ac6df7445e/element/f.375AD1BF2998C782D6149A43C57C8E27.d.D687BDD5BB8BB101DB3682A56995E901.e.6762/click - {}
RESULT: {}
COMMAND: GET /session/cd477e99f4e247ef02c326ac6df7445e/screenshot - {}
RESULT: {}
COMMAND: POST /session/cd477e99f4e247ef02c326ac6df7445e/execute/async - {"script":"<script> [1562 bytes]","args":[{"selector":{"controlType":"sap.m.Title","properties":{"text":"Success"},"searchOpenDialogs":true},"wdio_ui5_key":"sapm.Title{\"text\":\"Success\"}"}]}
RESULT: {"script":"<script> [1562 bytes]","args":[{"selector":{"controlType":"sap.m.Title","properties":{"text":"Success"},"searchOpenDialogs":true},"wdio_ui5_key":"sapm.Title{\"text\":\"Success\"}"}]}
RESULT: undefined
COMMAND: POST /session/cd477e99f4e247ef02c326ac6df7445e/execute/async - {"script":"<script> [6424 bytes]","args":[{"element-6066-11e4-a52e-4f735466cecf":"f.375AD1BF2998C782D6149A43C57C8E27.d.D687BDD5BB8BB101DB3682A56995E901.e.6857"},"getText",[]]}
RESULT: {"script":"<script> [6424 bytes]","args":[{"element-6066-11e4-a52e-4f735466cecf":"f.375AD1BF2998C782D6149A43C57C8E27.d.D687BDD5BB8BB101DB3682A56995E901.e.6857"},"getText",[]]}
COMMAND: POST /session/cd477e99f4e247ef02c326ac6df7445e/element - {"using":"xpath","value":"//*[contains(@id, '__text') and (contains(text(), 'successfully created') or contains(., 'successfully created'))]"}
RESULT: {"using":"xpath","value":"//*[contains(@id, '__text') and (contains(text(), 'successfully created') or contains(., 'successfully created'))]"}
COMMAND: GET /session/cd477e99f4e247ef02c326ac6df7445e/element/f.375AD1BF2998C782D6149A43C57C8E27.d.D687BDD5BB8BB101DB3682A56995E901.e.6856/text - {}
RESULT: {}
COMMAND: POST /session/cd477e99f4e247ef02c326ac6df7445e/execute/async - {"script":"<script> [1562 bytes]","args":[{"selector":{"controlType":"sap.m.Button","properties":{"text":"Close"},"searchOpenDialogs":true,"interaction":{"idSuffix":"BDI-content"}},"wdio_ui5_key":"sapm.Button{\"text\":\"Close\"}"}]}
RESULT: {"script":"<script> [1562 bytes]","args":[{"selector":{"controlType":"sap.m.Button","properties":{"text":"Close"},"searchOpenDialogs":true,"interaction":{"idSuffix":"BDI-content"}},"wdio_ui5_key":"sapm.Button{\"text\":\"Close\"}"}]}
RESULT: undefined
COMMAND: POST /session/cd477e99f4e247ef02c326ac6df7445e/element - {"using":"xpath","value":"//*[@id=\"__mbox-btn-0\"]"}
RESULT: {"using":"xpath","value":"//*[@id=\"__mbox-btn-0\"]"}
COMMAND: POST /session/cd477e99f4e247ef02c326ac6df7445e/element/f.375AD1BF2998C782D6149A43C57C8E27.d.D687BDD5BB8BB101DB3682A56995E901.e.6853/click - {}
RESULT: {}
COMMAND: GET /session/cd477e99f4e247ef02c326ac6df7445e/screenshot - {}
RESULT: {}
COMMAND: POST /session/cd477e99f4e247ef02c326ac6df7445e/execute/async - {"script":"<script> [1562 bytes]","args":[{"selector":{"controlType":"sap.ui.core.Icon","viewName":"etm.portal.ui.manageresources.view.Detail","viewId":"application-manageresources-display-component---detailRU","properties":{"src":{"regex":{"source":"overflow"}}}},"wdio_ui5_key":"etmportal.ui.manageresources.view.Detailsap.ui.core.Icon{\"src\":{\"regex\":{\"source\":\"overflow\"}}}"}]}
RESULT: {"script":"<script> [1562 bytes]","args":[{"selector":{"controlType":"sap.ui.core.Icon","viewName":"etm.portal.ui.manageresources.view.Detail","viewId":"application-manageresources-display-component---detailRU","properties":{"src":{"regex":{"source":"overflow"}}}},"wdio_ui5_key":"etmportal.ui.manageresources.view.Detailsap.ui.core.Icon{\"src\":{\"regex\":{\"source\":\"overflow\"}}}"}]}
RESULT: undefined
COMMAND: POST /session/cd477e99f4e247ef02c326ac6df7445e/element - {"using":"xpath","value":"//*[@id=\"__title46-_actionsToolbar-overflowButton-img\"]"}
RESULT: {"using":"xpath","value":"//*[@id=\"__title46-_actionsToolbar-overflowButton-img\"]"}
COMMAND: POST /session/cd477e99f4e247ef02c326ac6df7445e/element/f.375AD1BF2998C782D6149A43C57C8E27.d.D687BDD5BB8BB101DB3682A56995E901.e.6885/click - {}
RESULT: {}
COMMAND: POST /session/cd477e99f4e247ef02c326ac6df7445e/execute/async - {"script":"<script> [1562 bytes]","args":[{"selector":{"controlType":"sap.m.Button","viewName":"etm.portal.ui.manageresources.view.Detail","viewId":"application-manageresources-display-component---detailRU","i18NText":{"propertyName":"tooltip","key":"closeColumn"},"searchOpenDialogs":true,"interaction":{"idSuffix":"inner"}},"wdio_ui5_key":"etmportal.ui.manageresources.view.Detailsap.m.Button{\"propertyName\":\"tooltip\",\"key\":\"closeColumn\"}"}]}
COMMAND: GET /session/cd477e99f4e247ef02c326ac6df7445e/screenshot - {}
RESULT: {"script":"<script> [1562 bytes]","args":[{"selector":{"controlType":"sap.m.Button","viewName":"etm.portal.ui.manageresources.view.Detail","viewId":"application-manageresources-display-component---detailRU","i18NText":{"propertyName":"tooltip","key":"closeColumn"},"searchOpenDialogs":true,"interaction":{"idSuffix":"inner"}},"wdio_ui5_key":"etmportal.ui.manageresources.view.Detailsap.m.Button{\"propertyName\":\"tooltip\",\"key\":\"closeColumn\"}"}]}
RESULT: undefined
COMMAND: POST /session/cd477e99f4e247ef02c326ac6df7445e/element - {"using":"xpath","value":"//*[@id=\"__button206\"]"}
RESULT: {}
RESULT: {"using":"xpath","value":"//*[@id=\"__button206\"]"}
COMMAND: POST /session/cd477e99f4e247ef02c326ac6df7445e/element/f.375AD1BF2998C782D6149A43C57C8E27.d.D687BDD5BB8BB101DB3682A56995E901.e.6887/click - {}
RESULT: {}
COMMAND: GET /session/cd477e99f4e247ef02c326ac6df7445e/screenshot - {}
RESULT: {}
COMMAND: POST /session/cd477e99f4e247ef02c326ac6df7445e/element - {"using":"css selector","value":"#shell-header-logo"}
RESULT: {"using":"css selector","value":"#shell-header-logo"}
COMMAND: POST /session/cd477e99f4e247ef02c326ac6df7445e/element/f.375AD1BF2998C782D6149A43C57C8E27.d.D687BDD5BB8BB101DB3682A56995E901.e.6394/click - {}
RESULT: {}
COMMAND: GET /session/cd477e99f4e247ef02c326ac6df7445e/screenshot - {}
RESULT: {}
]]></system-out>
    </testcase>
    <testcase classname="chrome.135_0_7049_96.windows.Create_masterdata_for_Yard_Overview_-_trigger_provide_US130988" name="Bin Status Report Should Create New Organization yard" time="43.46">
      <system-out><![CDATA[
COMMAND: POST /session/cd477e99f4e247ef02c326ac6df7445e/element - {"using":"xpath","value":"//div[text()='Warehouse']"}
RESULT: {"using":"xpath","value":"//div[text()='Warehouse']"}
COMMAND: POST /session/cd477e99f4e247ef02c326ac6df7445e/elements - {"using":"xpath","value":"//div[text()='Warehouse']"}
RESULT: {"using":"xpath","value":"//div[text()='Warehouse']"}
COMMAND: POST /session/cd477e99f4e247ef02c326ac6df7445e/element/f.375AD1BF2998C782D6149A43C57C8E27.d.D687BDD5BB8BB101DB3682A56995E901.e.7032/click - {}
RESULT: {}
COMMAND: POST /session/cd477e99f4e247ef02c326ac6df7445e/execute/async - {"script":"<script> [1562 bytes]","args":[{"selector":{"controlType":"sap.m.GenericTile","properties":{"header":"Bin Status Report"}},"wdio_ui5_key":"sapm.GenericTile{\"header\":\"Bin Status Report\"}"}]}
COMMAND: GET /session/cd477e99f4e247ef02c326ac6df7445e/screenshot - {}
RESULT: {"script":"<script> [1562 bytes]","args":[{"selector":{"controlType":"sap.m.GenericTile","properties":{"header":"Bin Status Report"}},"wdio_ui5_key":"sapm.GenericTile{\"header\":\"Bin Status Report\"}"}]}
RESULT: undefined
COMMAND: POST /session/cd477e99f4e247ef02c326ac6df7445e/element - {"using":"xpath","value":"//*[@id=\"__tile104\"]"}
RESULT: {}
RESULT: {"using":"xpath","value":"//*[@id=\"__tile104\"]"}
COMMAND: POST /session/cd477e99f4e247ef02c326ac6df7445e/element/f.375AD1BF2998C782D6149A43C57C8E27.d.D687BDD5BB8BB101DB3682A56995E901.e.7035/click - {}
RESULT: {}
COMMAND: GET /session/cd477e99f4e247ef02c326ac6df7445e/screenshot - {}
RESULT: {}
COMMAND: POST /session/cd477e99f4e247ef02c326ac6df7445e/element - {"using":"xpath","value":"//bdi[text()='Create New Organization']"}
RESULT: {"using":"xpath","value":"//bdi[text()='Create New Organization']"}
COMMAND: POST /session/cd477e99f4e247ef02c326ac6df7445e/elements - {"using":"xpath","value":"//bdi[text()='Create New Organization']"}
RESULT: {"using":"xpath","value":"//bdi[text()='Create New Organization']"}
COMMAND: POST /session/cd477e99f4e247ef02c326ac6df7445e/element/f.375AD1BF2998C782D6149A43C57C8E27.d.D687BDD5BB8BB101DB3682A56995E901.e.7133/click - {}
RESULT: {}
COMMAND: POST /session/cd477e99f4e247ef02c326ac6df7445e/execute/async - {"script":"<script> [1562 bytes]","args":[{"selector":{"id":"createOrganizationPop--sectionInput","searchOpenDialogs":true,"interaction":{"idSuffix":"inner"}},"wdio_ui5_key":"createOrganizationPopsectionInput"}]}
COMMAND: GET /session/cd477e99f4e247ef02c326ac6df7445e/screenshot - {}
RESULT: {"script":"<script> [1562 bytes]","args":[{"selector":{"id":"createOrganizationPop--sectionInput","searchOpenDialogs":true,"interaction":{"idSuffix":"inner"}},"wdio_ui5_key":"createOrganizationPopsectionInput"}]}
RESULT: undefined
COMMAND: POST /session/cd477e99f4e247ef02c326ac6df7445e/execute/async - {"script":"<script> [776 bytes]","args":[{"enterText":"794","selector":{"id":"createOrganizationPop--sectionInput","searchOpenDialogs":true,"interaction":{"idSuffix":"inner"}},"clearTextFirst":true,"interactionType":"ENTER_TEXT"}]}
RESULT: {}
RESULT: {"script":"<script> [776 bytes]","args":[{"enterText":"794","selector":{"id":"createOrganizationPop--sectionInput","searchOpenDialogs":true,"interaction":{"idSuffix":"inner"}},"clearTextFirst":true,"interactionType":"ENTER_TEXT"}]}
COMMAND: POST /session/cd477e99f4e247ef02c326ac6df7445e/execute/async - {"script":"<script> [1562 bytes]","args":[{"selector":{"id":"createOrganizationPop--descriptionInput","searchOpenDialogs":true,"interaction":{"idSuffix":"inner"}},"wdio_ui5_key":"createOrganizationPopdescriptionInput"}]}
RESULT: {"script":"<script> [1562 bytes]","args":[{"selector":{"id":"createOrganizationPop--descriptionInput","searchOpenDialogs":true,"interaction":{"idSuffix":"inner"}},"wdio_ui5_key":"createOrganizationPopdescriptionInput"}]}
RESULT: undefined
COMMAND: POST /session/cd477e99f4e247ef02c326ac6df7445e/execute/async - {"script":"<script> [776 bytes]","args":[{"enterText":"794","selector":{"id":"createOrganizationPop--descriptionInput","searchOpenDialogs":true,"interaction":{"idSuffix":"inner"}},"clearTextFirst":true,"interactionType":"ENTER_TEXT"}]}
RESULT: {"script":"<script> [776 bytes]","args":[{"enterText":"794","selector":{"id":"createOrganizationPop--descriptionInput","searchOpenDialogs":true,"interaction":{"idSuffix":"inner"}},"clearTextFirst":true,"interactionType":"ENTER_TEXT"}]}
COMMAND: POST /session/cd477e99f4e247ef02c326ac6df7445e/element - {"using":"css selector","value":"#createOrganizationPop--yardOrg-inner"}
RESULT: {"using":"css selector","value":"#createOrganizationPop--yardOrg-inner"}
COMMAND: POST /session/cd477e99f4e247ef02c326ac6df7445e/element/f.375AD1BF2998C782D6149A43C57C8E27.d.D687BDD5BB8BB101DB3682A56995E901.e.7136/clear - {}
RESULT: {}
COMMAND: POST /session/cd477e99f4e247ef02c326ac6df7445e/element/f.375AD1BF2998C782D6149A43C57C8E27.d.D687BDD5BB8BB101DB3682A56995E901.e.7136/value - {"text":"794"}
COMMAND: GET /session/cd477e99f4e247ef02c326ac6df7445e/screenshot - {}
RESULT: {"text":"794"}
COMMAND: GET /session/cd477e99f4e247ef02c326ac6df7445e/screenshot - {}
RESULT: {}
RESULT: {}
COMMAND: POST /session/cd477e99f4e247ef02c326ac6df7445e/actions - {"actions":[{"id":"action16","type":"key","parameters":{},"actions":[{"type":"keyDown","value":"î€‡"},{"type":"pause","duration":10},{"type":"keyUp","value":"î€‡"}]}]}
RESULT: {"actions":[{"id":"action16","type":"key","parameters":{},"actions":[{"type":"keyDown","value":"î€‡"},{"type":"pause","duration":10},{"type":"keyUp","value":"î€‡"}]}]}
COMMAND: POST /session/cd477e99f4e247ef02c326ac6df7445e/execute/async - {"script":"<script> [1562 bytes]","args":[{"selector":{"id":"createOrganizationPop--grZone","searchOpenDialogs":true,"interaction":{"idSuffix":"CbBg"}},"wdio_ui5_key":"createOrganizationPopgrZone"}]}
COMMAND: GET /session/cd477e99f4e247ef02c326ac6df7445e/screenshot - {}
RESULT: {"script":"<script> [1562 bytes]","args":[{"selector":{"id":"createOrganizationPop--grZone","searchOpenDialogs":true,"interaction":{"idSuffix":"CbBg"}},"wdio_ui5_key":"createOrganizationPopgrZone"}]}
RESULT: undefined
COMMAND: POST /session/cd477e99f4e247ef02c326ac6df7445e/element - {"using":"xpath","value":"//*[@id=\"createOrganizationPop--grZone\"]"}
RESULT: {}
RESULT: {"using":"xpath","value":"//*[@id=\"createOrganizationPop--grZone\"]"}
COMMAND: POST /session/cd477e99f4e247ef02c326ac6df7445e/element/f.375AD1BF2998C782D6149A43C57C8E27.d.D687BDD5BB8BB101DB3682A56995E901.e.7157/click - {}
RESULT: {}
COMMAND: POST /session/cd477e99f4e247ef02c326ac6df7445e/execute/async - {"script":"<script> [1562 bytes]","args":[{"selector":{"id":"createOrganizationPop--giZone","searchOpenDialogs":true,"interaction":{"idSuffix":"CbBg"}},"wdio_ui5_key":"createOrganizationPopgiZone"}]}
COMMAND: GET /session/cd477e99f4e247ef02c326ac6df7445e/screenshot - {}
RESULT: {"script":"<script> [1562 bytes]","args":[{"selector":{"id":"createOrganizationPop--giZone","searchOpenDialogs":true,"interaction":{"idSuffix":"CbBg"}},"wdio_ui5_key":"createOrganizationPopgiZone"}]}
RESULT: undefined
COMMAND: POST /session/cd477e99f4e247ef02c326ac6df7445e/element - {"using":"xpath","value":"//*[@id=\"createOrganizationPop--giZone\"]"}
RESULT: {}
RESULT: {"using":"xpath","value":"//*[@id=\"createOrganizationPop--giZone\"]"}
COMMAND: POST /session/cd477e99f4e247ef02c326ac6df7445e/element/f.375AD1BF2998C782D6149A43C57C8E27.d.D687BDD5BB8BB101DB3682A56995E901.e.7159/click - {}
RESULT: {}
COMMAND: POST /session/cd477e99f4e247ef02c326ac6df7445e/execute/async - {"script":"<script> [1562 bytes]","args":[{"selector":{"id":"createOrganizationPop--binNoInput","searchOpenDialogs":true,"interaction":{"idSuffix":"inner"}},"wdio_ui5_key":"createOrganizationPopbinNoInput"}]}
COMMAND: GET /session/cd477e99f4e247ef02c326ac6df7445e/screenshot - {}
RESULT: {"script":"<script> [1562 bytes]","args":[{"selector":{"id":"createOrganizationPop--binNoInput","searchOpenDialogs":true,"interaction":{"idSuffix":"inner"}},"wdio_ui5_key":"createOrganizationPopbinNoInput"}]}
RESULT: undefined
COMMAND: POST /session/cd477e99f4e247ef02c326ac6df7445e/execute/async - {"script":"<script> [776 bytes]","args":[{"enterText":"Bin-Wd","selector":{"id":"createOrganizationPop--binNoInput","searchOpenDialogs":true,"interaction":{"idSuffix":"inner"}},"clearTextFirst":true,"interactionType":"ENTER_TEXT"}]}
RESULT: {}
RESULT: {"script":"<script> [776 bytes]","args":[{"enterText":"Bin-Wd","selector":{"id":"createOrganizationPop--binNoInput","searchOpenDialogs":true,"interaction":{"idSuffix":"inner"}},"clearTextFirst":true,"interactionType":"ENTER_TEXT"}]}
COMMAND: POST /session/cd477e99f4e247ef02c326ac6df7445e/execute/async - {"script":"<script> [1562 bytes]","args":[{"selector":{"id":"createOrganizationPop--descriptionId","searchOpenDialogs":true,"interaction":{"idSuffix":"inner"}},"wdio_ui5_key":"createOrganizationPopdescriptionId"}]}
RESULT: {"script":"<script> [1562 bytes]","args":[{"selector":{"id":"createOrganizationPop--descriptionId","searchOpenDialogs":true,"interaction":{"idSuffix":"inner"}},"wdio_ui5_key":"createOrganizationPopdescriptionId"}]}
RESULT: undefined
COMMAND: POST /session/cd477e99f4e247ef02c326ac6df7445e/execute/async - {"script":"<script> [776 bytes]","args":[{"enterText":"Shipping-Wd","selector":{"id":"createOrganizationPop--descriptionId","searchOpenDialogs":true,"interaction":{"idSuffix":"inner"}},"clearTextFirst":true,"interactionType":"ENTER_TEXT"}]}
RESULT: {"script":"<script> [776 bytes]","args":[{"enterText":"Shipping-Wd","selector":{"id":"createOrganizationPop--descriptionId","searchOpenDialogs":true,"interaction":{"idSuffix":"inner"}},"clearTextFirst":true,"interactionType":"ENTER_TEXT"}]}
COMMAND: POST /session/cd477e99f4e247ef02c326ac6df7445e/execute/async - {"script":"<script> [1562 bytes]","args":[{"selector":{"controlType":"sap.m.CheckBox","viewName":"etm.portal.ui.binstatusreport.view.MasterWareBins","viewId":"application-binstatusreport-display-component---warehousing","bindingPath":{"path":"","propertyPath":"/ZONE","modelName":"newBin"},"searchOpenDialogs":true,"interaction":{"idSuffix":"CbBg"}},"wdio_ui5_key":"etmportal.ui.binstatusreport.view.MasterWareBinssap.m.CheckBox{\"path\":\"\",\"propertyPath\":\"/ZONE\",\"modelName\":\"newBin\"}"}]}
RESULT: {"script":"<script> [1562 bytes]","args":[{"selector":{"controlType":"sap.m.CheckBox","viewName":"etm.portal.ui.binstatusreport.view.MasterWareBins","viewId":"application-binstatusreport-display-component---warehousing","bindingPath":{"path":"","propertyPath":"/ZONE","modelName":"newBin"},"searchOpenDialogs":true,"interaction":{"idSuffix":"CbBg"}},"wdio_ui5_key":"etmportal.ui.binstatusreport.view.MasterWareBinssap.m.CheckBox{\"path\":\"\",\"propertyPath\":\"/ZONE\",\"modelName\":\"newBin\"}"}]}
RESULT: undefined
COMMAND: POST /session/cd477e99f4e247ef02c326ac6df7445e/element - {"using":"xpath","value":"//*[@id=\"__box56\"]"}
RESULT: {"using":"xpath","value":"//*[@id=\"__box56\"]"}
COMMAND: POST /session/cd477e99f4e247ef02c326ac6df7445e/element/f.375AD1BF2998C782D6149A43C57C8E27.d.D687BDD5BB8BB101DB3682A56995E901.e.7163/click - {}
RESULT: {}
COMMAND: POST /session/cd477e99f4e247ef02c326ac6df7445e/execute/async - {"script":"<script> [1562 bytes]","args":[{"selector":{"id":"createOrganizationPop--binTypesCB-arrow","searchOpenDialogs":true},"wdio_ui5_key":"createOrganizationPopbinTypesCB-arrow"}]}
COMMAND: GET /session/cd477e99f4e247ef02c326ac6df7445e/screenshot - {}
RESULT: {"script":"<script> [1562 bytes]","args":[{"selector":{"id":"createOrganizationPop--binTypesCB-arrow","searchOpenDialogs":true},"wdio_ui5_key":"createOrganizationPopbinTypesCB-arrow"}]}
RESULT: undefined
COMMAND: POST /session/cd477e99f4e247ef02c326ac6df7445e/element - {"using":"xpath","value":"//*[@id=\"createOrganizationPop--binTypesCB-arrow\"]"}
RESULT: {}
RESULT: {"using":"xpath","value":"//*[@id=\"createOrganizationPop--binTypesCB-arrow\"]"}
COMMAND: POST /session/cd477e99f4e247ef02c326ac6df7445e/element/f.375AD1BF2998C782D6149A43C57C8E27.d.D687BDD5BB8BB101DB3682A56995E901.e.7164/click - {}
RESULT: {}
COMMAND: POST /session/cd477e99f4e247ef02c326ac6df7445e/execute/async - {"script":"<script> [1562 bytes]","args":[{"selector":{"id":"createOrganizationPop--binTypesCB","searchOpenDialogs":true,"interaction":{"idSuffix":"inner"}},"wdio_ui5_key":"createOrganizationPopbinTypesCB"}]}
COMMAND: GET /session/cd477e99f4e247ef02c326ac6df7445e/screenshot - {}
RESULT: {"script":"<script> [1562 bytes]","args":[{"selector":{"id":"createOrganizationPop--binTypesCB","searchOpenDialogs":true,"interaction":{"idSuffix":"inner"}},"wdio_ui5_key":"createOrganizationPopbinTypesCB"}]}
RESULT: undefined
COMMAND: POST /session/cd477e99f4e247ef02c326ac6df7445e/execute/async - {"script":"<script> [776 bytes]","args":[{"enterText":"1 - General / No capacity check","selector":{"id":"createOrganizationPop--binTypesCB","searchOpenDialogs":true,"interaction":{"idSuffix":"inner"}},"clearTextFirst":true,"interactionType":"ENTER_TEXT"}]}
RESULT: {}
RESULT: {"script":"<script> [776 bytes]","args":[{"enterText":"1 - General / No capacity check","selector":{"id":"createOrganizationPop--binTypesCB","searchOpenDialogs":true,"interaction":{"idSuffix":"inner"}},"clearTextFirst":true,"interactionType":"ENTER_TEXT"}]}
COMMAND: POST /session/cd477e99f4e247ef02c326ac6df7445e/actions - {"actions":[{"id":"action17","type":"key","parameters":{},"actions":[{"type":"keyDown","value":"î€‡"},{"type":"pause","duration":10},{"type":"keyUp","value":"î€‡"}]}]}
RESULT: {"actions":[{"id":"action17","type":"key","parameters":{},"actions":[{"type":"keyDown","value":"î€‡"},{"type":"pause","duration":10},{"type":"keyUp","value":"î€‡"}]}]}
COMMAND: GET /session/cd477e99f4e247ef02c326ac6df7445e/screenshot - {}
RESULT: {}
COMMAND: POST /session/cd477e99f4e247ef02c326ac6df7445e/execute/async - {"script":"<script> [1562 bytes]","args":[{"selector":{"id":"createOrganizationPop--finishBtn","searchOpenDialogs":true,"interaction":{"idSuffix":"BDI-content"}},"wdio_ui5_key":"createOrganizationPopfinishBtn"}]}
RESULT: {"script":"<script> [1562 bytes]","args":[{"selector":{"id":"createOrganizationPop--finishBtn","searchOpenDialogs":true,"interaction":{"idSuffix":"BDI-content"}},"wdio_ui5_key":"createOrganizationPopfinishBtn"}]}
RESULT: undefined
COMMAND: POST /session/cd477e99f4e247ef02c326ac6df7445e/element - {"using":"xpath","value":"//*[@id=\"createOrganizationPop--finishBtn\"]"}
RESULT: {"using":"xpath","value":"//*[@id=\"createOrganizationPop--finishBtn\"]"}
COMMAND: POST /session/cd477e99f4e247ef02c326ac6df7445e/element/f.375AD1BF2998C782D6149A43C57C8E27.d.D687BDD5BB8BB101DB3682A56995E901.e.7167/click - {}
RESULT: {}
]]></system-out>
    </testcase>
    <testcase classname="chrome.135_0_7049_96.windows.Create_masterdata_for_Yard_Overview_-_trigger_provide_US130988" name="create a whm for yard" time="47.552">
      <system-out><![CDATA[
COMMAND: POST /session/cd477e99f4e247ef02c326ac6df7445e/element - {"using":"css selector","value":"#shell-header-icon"}
COMMAND: GET /session/cd477e99f4e247ef02c326ac6df7445e/screenshot - {}
RESULT: {"using":"css selector","value":"#shell-header-icon"}
COMMAND: POST /session/cd477e99f4e247ef02c326ac6df7445e/execute/sync - {"script":"<script> [8489 bytes]","args":[{"element-6066-11e4-a52e-4f735466cecf":"f.375AD1BF2998C782D6149A43C57C8E27.d.D687BDD5BB8BB101DB3682A56995E901.e.7031","ELEMENT":"f.375AD1BF2998C782D6149A43C57C8E27.d.D687BDD5BB8BB101DB3682A56995E901.e.7031"}]}
RESULT: {}
RESULT: {"script":"<script> [8489 bytes]","args":[{"element-6066-11e4-a52e-4f735466cecf":"f.375AD1BF2998C782D6149A43C57C8E27.d.D687BDD5BB8BB101DB3682A56995E901.e.7031","ELEMENT":"f.375AD1BF2998C782D6149A43C57C8E27.d.D687BDD5BB8BB101DB3682A56995E901.e.7031"}]}
COMMAND: GET /session/cd477e99f4e247ef02c326ac6df7445e/element/f.375AD1BF2998C782D6149A43C57C8E27.d.D687BDD5BB8BB101DB3682A56995E901.e.7031/enabled - {}
COMMAND: GET /session/cd477e99f4e247ef02c326ac6df7445e/screenshot - {}
RESULT: {}
COMMAND: POST /session/cd477e99f4e247ef02c326ac6df7445e/element/f.375AD1BF2998C782D6149A43C57C8E27.d.D687BDD5BB8BB101DB3682A56995E901.e.7031/click - {}
COMMAND: GET /session/cd477e99f4e247ef02c326ac6df7445e/screenshot - {}
RESULT: {}
RESULT: {}
COMMAND: GET /session/cd477e99f4e247ef02c326ac6df7445e/screenshot - {}
RESULT: {}
RESULT: {}
COMMAND: POST /session/cd477e99f4e247ef02c326ac6df7445e/element - {"using":"xpath","value":"//div[text()='Warehouse']"}
RESULT: {"using":"xpath","value":"//div[text()='Warehouse']"}
COMMAND: POST /session/cd477e99f4e247ef02c326ac6df7445e/elements - {"using":"xpath","value":"//div[text()='Warehouse']"}
RESULT: {"using":"xpath","value":"//div[text()='Warehouse']"}
COMMAND: POST /session/cd477e99f4e247ef02c326ac6df7445e/element/f.375AD1BF2998C782D6149A43C57C8E27.d.D687BDD5BB8BB101DB3682A56995E901.e.7032/click - {}
RESULT: {}
COMMAND: POST /session/cd477e99f4e247ef02c326ac6df7445e/element - {"using":"xpath","value":"//span[text()='Manage Warehouse Movements']"}
COMMAND: GET /session/cd477e99f4e247ef02c326ac6df7445e/screenshot - {}
RESULT: {"using":"xpath","value":"//span[text()='Manage Warehouse Movements']"}
COMMAND: POST /session/cd477e99f4e247ef02c326ac6df7445e/elements - {"using":"xpath","value":"//span[text()='Manage Warehouse Movements']"}
RESULT: {}
RESULT: {"using":"xpath","value":"//span[text()='Manage Warehouse Movements']"}
COMMAND: POST /session/cd477e99f4e247ef02c326ac6df7445e/element - {"using":"xpath","value":"//input[@id='application-warehousemovements-display-component---warehouseMovements--smartFilterBar-filterItemControl_BASIC-YARD-inner']"}
RESULT: {"using":"xpath","value":"//input[@id='application-warehousemovements-display-component---warehouseMovements--smartFilterBar-filterItemControl_BASIC-YARD-inner']"}
COMMAND: POST /session/cd477e99f4e247ef02c326ac6df7445e/element - {"using":"xpath","value":"//input[@id='application-warehousemovements-display-component---warehouseMovements--smartFilterBar-filterItemControl_BASIC-YARD-inner']"}
RESULT: {"using":"xpath","value":"//input[@id='application-warehousemovements-display-component---warehouseMovements--smartFilterBar-filterItemControl_BASIC-YARD-inner']"}
COMMAND: POST /session/cd477e99f4e247ef02c326ac6df7445e/actions - {"actions":[{"id":"action18","type":"key","parameters":{},"actions":[{"type":"keyDown","value":"î€‡"},{"type":"pause","duration":10},{"type":"keyUp","value":"î€‡"}]}]}
RESULT: {"actions":[{"id":"action18","type":"key","parameters":{},"actions":[{"type":"keyDown","value":"î€‡"},{"type":"pause","duration":10},{"type":"keyUp","value":"î€‡"}]}]}
COMMAND: POST /session/cd477e99f4e247ef02c326ac6df7445e/element - {"using":"xpath","value":"(//*[@title=\"Add New Movement\"])[1]"}
COMMAND: GET /session/cd477e99f4e247ef02c326ac6df7445e/screenshot - {}
RESULT: {"using":"xpath","value":"(//*[@title=\"Add New Movement\"])[1]"}
COMMAND: POST /session/cd477e99f4e247ef02c326ac6df7445e/element - {"using":"xpath","value":"(//*[@title=\"Add New Movement\"])[1]"}
RESULT: {}
RESULT: {"using":"xpath","value":"(//*[@title=\"Add New Movement\"])[1]"}
COMMAND: POST /session/cd477e99f4e247ef02c326ac6df7445e/element - {"using":"xpath","value":"//*[@id=\"application-warehousemovements-display-component---addMovement--sectionsList-arrow\"]"}
RESULT: {"using":"xpath","value":"//*[@id=\"application-warehousemovements-display-component---addMovement--sectionsList-arrow\"]"}
COMMAND: POST /session/cd477e99f4e247ef02c326ac6df7445e/element - {"using":"xpath","value":"//*[@id=\"application-warehousemovements-display-component---addMovement--sectionsList-arrow\"]"}
RESULT: {"using":"xpath","value":"//*[@id=\"application-warehousemovements-display-component---addMovement--sectionsList-arrow\"]"}
COMMAND: POST /session/cd477e99f4e247ef02c326ac6df7445e/element - {"using":"xpath","value":"//*[@id=\"application-warehousemovements-display-component---addMovement--saveMovementBtn-BDI-content\" and text()=\"Save\"]"}
RESULT: {"using":"xpath","value":"//*[@id=\"application-warehousemovements-display-component---addMovement--saveMovementBtn-BDI-content\" and text()=\"Save\"]"}
COMMAND: POST /session/cd477e99f4e247ef02c326ac6df7445e/element - {"using":"xpath","value":"//*[@id=\"application-warehousemovements-display-component---addMovement--saveMovementBtn-BDI-content\" and text()=\"Save\"]"}
RESULT: {"using":"xpath","value":"//*[@id=\"application-warehousemovements-display-component---addMovement--saveMovementBtn-BDI-content\" and text()=\"Save\"]"}
COMMAND: POST /session/cd477e99f4e247ef02c326ac6df7445e/execute/sync - {"script":"<script> [8489 bytes]","args":[{"element-6066-11e4-a52e-4f735466cecf":"f.375AD1BF2998C782D6149A43C57C8E27.d.D687BDD5BB8BB101DB3682A56995E901.e.7031","ELEMENT":"f.375AD1BF2998C782D6149A43C57C8E27.d.D687BDD5BB8BB101DB3682A56995E901.e.7031"}]}
COMMAND: POST /session/cd477e99f4e247ef02c326ac6df7445e/element - {"using":"css selector","value":"#shell-header-icon"}
RESULT: {"using":"css selector","value":"#shell-header-icon"}
COMMAND: POST /session/cd477e99f4e247ef02c326ac6df7445e/execute/sync - {"script":"<script> [8489 bytes]","args":[{"element-6066-11e4-a52e-4f735466cecf":"f.375AD1BF2998C782D6149A43C57C8E27.d.D687BDD5BB8BB101DB3682A56995E901.e.7170","ELEMENT":"f.375AD1BF2998C782D6149A43C57C8E27.d.D687BDD5BB8BB101DB3682A56995E901.e.7170"}]}
RESULT: {"script":"<script> [8489 bytes]","args":[{"element-6066-11e4-a52e-4f735466cecf":"f.375AD1BF2998C782D6149A43C57C8E27.d.D687BDD5BB8BB101DB3682A56995E901.e.7170","ELEMENT":"f.375AD1BF2998C782D6149A43C57C8E27.d.D687BDD5BB8BB101DB3682A56995E901.e.7170"}]}
COMMAND: GET /session/cd477e99f4e247ef02c326ac6df7445e/element/f.375AD1BF2998C782D6149A43C57C8E27.d.D687BDD5BB8BB101DB3682A56995E901.e.7170/enabled - {}
COMMAND: GET /session/cd477e99f4e247ef02c326ac6df7445e/screenshot - {}
RESULT: {}
COMMAND: POST /session/cd477e99f4e247ef02c326ac6df7445e/element/f.375AD1BF2998C782D6149A43C57C8E27.d.D687BDD5BB8BB101DB3682A56995E901.e.7170/click - {}
COMMAND: GET /session/cd477e99f4e247ef02c326ac6df7445e/screenshot - {}
RESULT: {}
RESULT: {}
COMMAND: GET /session/cd477e99f4e247ef02c326ac6df7445e/screenshot - {}
RESULT: {}
RESULT: {}
]]></system-out>
    </testcase>
    <testcase classname="chrome.135_0_7049_96.windows.Create_masterdata_for_Yard_Overview_-_trigger_provide_US130988" name="Stock increase" time="49.003">
      <system-out><![CDATA[
COMMAND: POST /session/cd477e99f4e247ef02c326ac6df7445e/execute/async - {"script":"<script> [1562 bytes]","args":[{"selector":{"controlType":"sap.m.GenericTile","properties":{"header":"Manage Handovers"}},"wdio_ui5_key":"sapm.GenericTile{\"header\":\"Manage Handovers\"}"}]}
RESULT: {"script":"<script> [1562 bytes]","args":[{"selector":{"controlType":"sap.m.GenericTile","properties":{"header":"Manage Handovers"}},"wdio_ui5_key":"sapm.GenericTile{\"header\":\"Manage Handovers\"}"}]}
RESULT: undefined
COMMAND: POST /session/cd477e99f4e247ef02c326ac6df7445e/element - {"using":"xpath","value":"//*[@id=\"__tile130\"]"}
RESULT: {"using":"xpath","value":"//*[@id=\"__tile130\"]"}
COMMAND: POST /session/cd477e99f4e247ef02c326ac6df7445e/element/f.375AD1BF2998C782D6149A43C57C8E27.d.D687BDD5BB8BB101DB3682A56995E901.e.7171/click - {}
RESULT: {}
COMMAND: GET /session/cd477e99f4e247ef02c326ac6df7445e/screenshot - {}
COMMAND: POST /session/cd477e99f4e247ef02c326ac6df7445e/execute/async - {"script":"<script> [1562 bytes]","args":[{"selector":{"controlType":"sap.ui.core.Icon","viewName":"etm.portal.ui.managehandovers.view.MasterHO","properties":{"src":{"regex":{"source":"add"}}}},"wdio_ui5_key":"etmportal.ui.managehandovers.view.MasterHOsap.ui.core.Icon{\"src\":{\"regex\":{\"source\":\"add\"}}}"}]}
RESULT: {}
RESULT: {"script":"<script> [1562 bytes]","args":[{"selector":{"controlType":"sap.ui.core.Icon","viewName":"etm.portal.ui.managehandovers.view.MasterHO","properties":{"src":{"regex":{"source":"add"}}}},"wdio_ui5_key":"etmportal.ui.managehandovers.view.MasterHOsap.ui.core.Icon{\"src\":{\"regex\":{\"source\":\"add\"}}}"}]}
RESULT: undefined
COMMAND: POST /session/cd477e99f4e247ef02c326ac6df7445e/element - {"using":"xpath","value":"//*[@id=\"__button238-img\"]"}
RESULT: {"using":"xpath","value":"//*[@id=\"__button238-img\"]"}
COMMAND: POST /session/cd477e99f4e247ef02c326ac6df7445e/element/f.375AD1BF2998C782D6149A43C57C8E27.d.D687BDD5BB8BB101DB3682A56995E901.e.7215/click - {}
RESULT: {}
COMMAND: GET /session/cd477e99f4e247ef02c326ac6df7445e/screenshot - {}
RESULT: {}
COMMAND: POST /session/cd477e99f4e247ef02c326ac6df7445e/execute/async - {"script":"<script> [1562 bytes]","args":[{"selector":{"id":"application-managehandovers-display-component---AddNewHO--typeSelect","interaction":{"idSuffix":"arrow"}},"wdio_ui5_key":"applicationmanagehandovers-display-component---AddNewHO--typeSelect"}]}
RESULT: {"script":"<script> [1562 bytes]","args":[{"selector":{"id":"application-managehandovers-display-component---AddNewHO--typeSelect","interaction":{"idSuffix":"arrow"}},"wdio_ui5_key":"applicationmanagehandovers-display-component---AddNewHO--typeSelect"}]}
RESULT: undefined
COMMAND: POST /session/cd477e99f4e247ef02c326ac6df7445e/element - {"using":"xpath","value":"//*[@id=\"application-managehandovers-display-component---AddNewHO--typeSelect\"]"}
RESULT: {"using":"xpath","value":"//*[@id=\"application-managehandovers-display-component---AddNewHO--typeSelect\"]"}
COMMAND: POST /session/cd477e99f4e247ef02c326ac6df7445e/element/f.375AD1BF2998C782D6149A43C57C8E27.d.D687BDD5BB8BB101DB3682A56995E901.e.7519/click - {}
RESULT: {}
COMMAND: POST /session/cd477e99f4e247ef02c326ac6df7445e/execute/async - {"script":"<script> [1562 bytes]","args":[{"selector":{"controlType":"sap.ui.core.Item","viewName":"etm.portal.ui.managehandovers.view.AddNewHO","viewId":"application-managehandovers-display-component---AddNewHO","bindingPath":{"path":"/HandOverTypes('100')","propertyPath":"ID","modelName":"catalogModel"},"searchOpenDialogs":true},"wdio_ui5_key":"etmportal.ui.managehandovers.view.AddNewHOsap.ui.core.Item{\"path\":\"/HandOverTypes('100')\",\"propertyPath\":\"ID\",\"modelName\":\"catalogModel\"}"}]}
COMMAND: GET /session/cd477e99f4e247ef02c326ac6df7445e/screenshot - {}
RESULT: {"script":"<script> [1562 bytes]","args":[{"selector":{"controlType":"sap.ui.core.Item","viewName":"etm.portal.ui.managehandovers.view.AddNewHO","viewId":"application-managehandovers-display-component---AddNewHO","bindingPath":{"path":"/HandOverTypes('100')","propertyPath":"ID","modelName":"catalogModel"},"searchOpenDialogs":true},"wdio_ui5_key":"etmportal.ui.managehandovers.view.AddNewHOsap.ui.core.Item{\"path\":\"/HandOverTypes('100')\",\"propertyPath\":\"ID\",\"modelName\":\"catalogModel\"}"}]}
RESULT: undefined
COMMAND: POST /session/cd477e99f4e247ef02c326ac6df7445e/element - {"using":"xpath","value":"//*[@id=\"__item2811-application-managehandovers-display-component---AddNewHO--typeSelect-1\"]"}
RESULT: {}
RESULT: {"using":"xpath","value":"//*[@id=\"__item2811-application-managehandovers-display-component---AddNewHO--typeSelect-1\"]"}
COMMAND: POST /session/cd477e99f4e247ef02c326ac6df7445e/element/f.375AD1BF2998C782D6149A43C57C8E27.d.D687BDD5BB8BB101DB3682A56995E901.e.7520/click - {}
RESULT: {}
COMMAND: POST /session/cd477e99f4e247ef02c326ac6df7445e/execute/async - {"script":"<script> [1562 bytes]","args":[{"selector":{"id":"application-managehandovers-display-component---AddNewHO--dueDate","interaction":{"idSuffix":"inner"}},"wdio_ui5_key":"applicationmanagehandovers-display-component---AddNewHO--dueDate"}]}
COMMAND: GET /session/cd477e99f4e247ef02c326ac6df7445e/screenshot - {}
RESULT: {"script":"<script> [1562 bytes]","args":[{"selector":{"id":"application-managehandovers-display-component---AddNewHO--dueDate","interaction":{"idSuffix":"inner"}},"wdio_ui5_key":"applicationmanagehandovers-display-component---AddNewHO--dueDate"}]}
RESULT: undefined
COMMAND: POST /session/cd477e99f4e247ef02c326ac6df7445e/execute/async - {"script":"<script> [776 bytes]","args":[{"enterText":"04/24/25","selector":{"id":"application-managehandovers-display-component---AddNewHO--dueDate","interaction":{"idSuffix":"inner"}},"clearTextFirst":true,"interactionType":"ENTER_TEXT"}]}
RESULT: {}
RESULT: {"script":"<script> [776 bytes]","args":[{"enterText":"04/24/25","selector":{"id":"application-managehandovers-display-component---AddNewHO--dueDate","interaction":{"idSuffix":"inner"}},"clearTextFirst":true,"interactionType":"ENTER_TEXT"}]}
COMMAND: POST /session/cd477e99f4e247ef02c326ac6df7445e/element - {"using":"xpath","value":"//input[@id=\"generalSectionFrg--receiveYard-inner\"]"}
RESULT: {"using":"xpath","value":"//input[@id=\"generalSectionFrg--receiveYard-inner\"]"}
COMMAND: POST /session/cd477e99f4e247ef02c326ac6df7445e/element/f.375AD1BF2998C782D6149A43C57C8E27.d.D687BDD5BB8BB101DB3682A56995E901.e.7528/value - {"text":"794"}
RESULT: {"text":"794"}
COMMAND: GET /session/cd477e99f4e247ef02c326ac6df7445e/screenshot - {}
RESULT: {}
COMMAND: POST /session/cd477e99f4e247ef02c326ac6df7445e/actions - {"actions":[{"id":"action19","type":"key","parameters":{},"actions":[{"type":"keyDown","value":"î€‡"},{"type":"pause","duration":10},{"type":"keyUp","value":"î€‡"}]}]}
RESULT: {"actions":[{"id":"action19","type":"key","parameters":{},"actions":[{"type":"keyDown","value":"î€‡"},{"type":"pause","duration":10},{"type":"keyUp","value":"î€‡"}]}]}
COMMAND: POST /session/cd477e99f4e247ef02c326ac6df7445e/execute/async - {"script":"<script> [1562 bytes]","args":[{"selector":{"id":"application-managehandovers-display-component---AddNewHO--ObjectPageLayout-anchBar-application-managehandovers-display-component---AddNewHO--section4-anchor","interaction":{"idSuffix":"BDI-content"}},"wdio_ui5_key":"applicationmanagehandovers-display-component---AddNewHO--ObjectPageLayout-anchBar-application-managehandovers-display-component---AddNewHO--section4-anchor"}]}
COMMAND: GET /session/cd477e99f4e247ef02c326ac6df7445e/screenshot - {}
RESULT: {"script":"<script> [1562 bytes]","args":[{"selector":{"id":"application-managehandovers-display-component---AddNewHO--ObjectPageLayout-anchBar-application-managehandovers-display-component---AddNewHO--section4-anchor","interaction":{"idSuffix":"BDI-content"}},"wdio_ui5_key":"applicationmanagehandovers-display-component---AddNewHO--ObjectPageLayout-anchBar-application-managehandovers-display-component---AddNewHO--section4-anchor"}]}
RESULT: undefined
COMMAND: POST /session/cd477e99f4e247ef02c326ac6df7445e/element - {"using":"xpath","value":"//*[@id=\"application-managehandovers-display-component---AddNewHO--ObjectPageLayout-anchBar-application-managehandovers-display-component---AddNewHO--section4-anchor\"]"}
RESULT: {}
RESULT: {"using":"xpath","value":"//*[@id=\"application-managehandovers-display-component---AddNewHO--ObjectPageLayout-anchBar-application-managehandovers-display-component---AddNewHO--section4-anchor\"]"}
COMMAND: POST /session/cd477e99f4e247ef02c326ac6df7445e/element/f.375AD1BF2998C782D6149A43C57C8E27.d.D687BDD5BB8BB101DB3682A56995E901.e.7545/click - {}
RESULT: {}
COMMAND: POST /session/cd477e99f4e247ef02c326ac6df7445e/execute/async - {"script":"<script> [1562 bytes]","args":[{"selector":{"controlType":"sap.m.Button","viewName":"etm.portal.ui.managehandovers.view.AddNewHO","viewId":"application-managehandovers-display-component---AddNewHO","properties":{"icon":"sap-icon://add"},"interaction":{"idSuffix":"inner"}},"wdio_ui5_key":"etmportal.ui.managehandovers.view.AddNewHOsap.m.Button{\"icon\":\"sap-icon://add\"}"}]}
COMMAND: GET /session/cd477e99f4e247ef02c326ac6df7445e/screenshot - {}
RESULT: {"script":"<script> [1562 bytes]","args":[{"selector":{"controlType":"sap.m.Button","viewName":"etm.portal.ui.managehandovers.view.AddNewHO","viewId":"application-managehandovers-display-component---AddNewHO","properties":{"icon":"sap-icon://add"},"interaction":{"idSuffix":"inner"}},"wdio_ui5_key":"etmportal.ui.managehandovers.view.AddNewHOsap.m.Button{\"icon\":\"sap-icon://add\"}"}]}
RESULT: undefined
COMMAND: POST /session/cd477e99f4e247ef02c326ac6df7445e/element - {"using":"xpath","value":"//*[@id=\"__button257\"]"}
RESULT: {}
RESULT: {"using":"xpath","value":"//*[@id=\"__button257\"]"}
COMMAND: POST /session/cd477e99f4e247ef02c326ac6df7445e/element/f.375AD1BF2998C782D6149A43C57C8E27.d.D687BDD5BB8BB101DB3682A56995E901.e.7550/click - {}
RESULT: {}
COMMAND: POST /session/cd477e99f4e247ef02c326ac6df7445e/execute/async - {"script":"<script> [1562 bytes]","args":[{"selector":{"id":"application-managehandovers-display-component---AddNewHO--smartFilterBar-btnBasicSearch","searchOpenDialogs":true,"interaction":{"idSuffix":"I"}},"wdio_ui5_key":"applicationmanagehandovers-display-component---AddNewHO--smartFilterBar-btnBasicSearch"}]}
COMMAND: GET /session/cd477e99f4e247ef02c326ac6df7445e/screenshot - {}
RESULT: {"script":"<script> [1562 bytes]","args":[{"selector":{"id":"application-managehandovers-display-component---AddNewHO--smartFilterBar-btnBasicSearch","searchOpenDialogs":true,"interaction":{"idSuffix":"I"}},"wdio_ui5_key":"applicationmanagehandovers-display-component---AddNewHO--smartFilterBar-btnBasicSearch"}]}
RESULT: undefined
COMMAND: POST /session/cd477e99f4e247ef02c326ac6df7445e/execute/async - {"script":"<script> [776 bytes]","args":[{"enterText":"200519","selector":{"id":"application-managehandovers-display-component---AddNewHO--smartFilterBar-btnBasicSearch","searchOpenDialogs":true,"interaction":{"idSuffix":"I"}},"clearTextFirst":true,"interactionType":"ENTER_TEXT"}]}
RESULT: {}
RESULT: {"script":"<script> [776 bytes]","args":[{"enterText":"200519","selector":{"id":"application-managehandovers-display-component---AddNewHO--smartFilterBar-btnBasicSearch","searchOpenDialogs":true,"interaction":{"idSuffix":"I"}},"clearTextFirst":true,"interactionType":"ENTER_TEXT"}]}
COMMAND: POST /session/cd477e99f4e247ef02c326ac6df7445e/execute/async - {"script":"<script> [1562 bytes]","args":[{"selector":{"id":"application-managehandovers-display-component---AddNewHO--popup-sa","searchOpenDialogs":true},"wdio_ui5_key":"applicationmanagehandovers-display-component---AddNewHO--popup-sa"}]}
RESULT: {"script":"<script> [1562 bytes]","args":[{"selector":{"id":"application-managehandovers-display-component---AddNewHO--popup-sa","searchOpenDialogs":true},"wdio_ui5_key":"applicationmanagehandovers-display-component---AddNewHO--popup-sa"}]}
RESULT: undefined
COMMAND: POST /session/cd477e99f4e247ef02c326ac6df7445e/element - {"using":"xpath","value":"//*[@id=\"application-managehandovers-display-component---AddNewHO--popup-sa\"]"}
RESULT: {"using":"xpath","value":"//*[@id=\"application-managehandovers-display-component---AddNewHO--popup-sa\"]"}
COMMAND: POST /session/cd477e99f4e247ef02c326ac6df7445e/element/f.375AD1BF2998C782D6149A43C57C8E27.d.D687BDD5BB8BB101DB3682A56995E901.e.7701/click - {}
RESULT: {}
COMMAND: GET /session/cd477e99f4e247ef02c326ac6df7445e/screenshot - {}
RESULT: {}
COMMAND: POST /session/cd477e99f4e247ef02c326ac6df7445e/execute/async - {"script":"<script> [1562 bytes]","args":[{"selector":{"controlType":"sap.m.Button","viewName":"etm.portal.ui.managehandovers.view.AddNewHO","viewId":"application-managehandovers-display-component---AddNewHO","i18NText":{"propertyName":"text","key":"select"},"searchOpenDialogs":true,"interaction":{"idSuffix":"BDI-content"}},"wdio_ui5_key":"etmportal.ui.managehandovers.view.AddNewHOsap.m.Button{\"propertyName\":\"text\",\"key\":\"select\"}"}]}
RESULT: {"script":"<script> [1562 bytes]","args":[{"selector":{"controlType":"sap.m.Button","viewName":"etm.portal.ui.managehandovers.view.AddNewHO","viewId":"application-managehandovers-display-component---AddNewHO","i18NText":{"propertyName":"text","key":"select"},"searchOpenDialogs":true,"interaction":{"idSuffix":"BDI-content"}},"wdio_ui5_key":"etmportal.ui.managehandovers.view.AddNewHOsap.m.Button{\"propertyName\":\"text\",\"key\":\"select\"}"}]}
RESULT: undefined
COMMAND: POST /session/cd477e99f4e247ef02c326ac6df7445e/element - {"using":"xpath","value":"//*[@id=\"__button260\"]"}
RESULT: {"using":"xpath","value":"//*[@id=\"__button260\"]"}
COMMAND: POST /session/cd477e99f4e247ef02c326ac6df7445e/element/f.375AD1BF2998C782D6149A43C57C8E27.d.D687BDD5BB8BB101DB3682A56995E901.e.7703/click - {}
RESULT: {}
COMMAND: POST /session/cd477e99f4e247ef02c326ac6df7445e/execute/async - {"script":"<script> [1562 bytes]","args":[{"selector":{"id":"application-managehandovers-display-component---AddNewHO--confirmCreationButton","interaction":{"idSuffix":"BDI-content"}},"wdio_ui5_key":"applicationmanagehandovers-display-component---AddNewHO--confirmCreationButton"}]}
COMMAND: GET /session/cd477e99f4e247ef02c326ac6df7445e/screenshot - {}
RESULT: {"script":"<script> [1562 bytes]","args":[{"selector":{"id":"application-managehandovers-display-component---AddNewHO--confirmCreationButton","interaction":{"idSuffix":"BDI-content"}},"wdio_ui5_key":"applicationmanagehandovers-display-component---AddNewHO--confirmCreationButton"}]}
RESULT: undefined
COMMAND: POST /session/cd477e99f4e247ef02c326ac6df7445e/element - {"using":"xpath","value":"//*[@id=\"application-managehandovers-display-component---AddNewHO--confirmCreationButton\"]"}
RESULT: {}
RESULT: {"using":"xpath","value":"//*[@id=\"application-managehandovers-display-component---AddNewHO--confirmCreationButton\"]"}
COMMAND: POST /session/cd477e99f4e247ef02c326ac6df7445e/element/f.375AD1BF2998C782D6149A43C57C8E27.d.D687BDD5BB8BB101DB3682A56995E901.e.7707/click - {}
RESULT: {}
COMMAND: GET /session/cd477e99f4e247ef02c326ac6df7445e/screenshot - {}
RESULT: {}
COMMAND: POST /session/cd477e99f4e247ef02c326ac6df7445e/element - {"using":"xpath","value":"//input[contains(@id ,\"receiptDatePicker-inner\")]"}
RESULT: {"using":"xpath","value":"//input[contains(@id ,\"receiptDatePicker-inner\")]"}
COMMAND: POST /session/cd477e99f4e247ef02c326ac6df7445e/element/f.375AD1BF2998C782D6149A43C57C8E27.d.D687BDD5BB8BB101DB3682A56995E901.e.7731/click - {}
RESULT: {}
COMMAND: POST /session/cd477e99f4e247ef02c326ac6df7445e/element - {"using":"xpath","value":"//input[contains(@id ,\"receiptDatePicker-inner\")]"}
COMMAND: GET /session/cd477e99f4e247ef02c326ac6df7445e/screenshot - {}
RESULT: {"using":"xpath","value":"//input[contains(@id ,\"receiptDatePicker-inner\")]"}
COMMAND: POST /session/cd477e99f4e247ef02c326ac6df7445e/element/f.375AD1BF2998C782D6149A43C57C8E27.d.D687BDD5BB8BB101DB3682A56995E901.e.7731/clear - {}
RESULT: {}
RESULT: {}
COMMAND: POST /session/cd477e99f4e247ef02c326ac6df7445e/element/f.375AD1BF2998C782D6149A43C57C8E27.d.D687BDD5BB8BB101DB3682A56995E901.e.7731/value - {"text":"04/24/25"}
COMMAND: GET /session/cd477e99f4e247ef02c326ac6df7445e/screenshot - {}
RESULT: {"text":"04/24/25"}
COMMAND: POST /session/cd477e99f4e247ef02c326ac6df7445e/execute/async - {"script":"<script> [1562 bytes]","args":[{"selector":{"controlType":"sap.m.Button","viewName":"etm.portal.ui.managehandovers.view.DetailExecuteHO","i18NText":{"propertyName":"text","key":"confirmAll"},"interaction":{"idSuffix":"BDI-content"}},"wdio_ui5_key":"etmportal.ui.managehandovers.view.DetailExecuteHOsap.m.Button{\"propertyName\":\"text\",\"key\":\"confirmAll\"}"}]}
COMMAND: GET /session/cd477e99f4e247ef02c326ac6df7445e/screenshot - {}
RESULT: {}
RESULT: {"script":"<script> [1562 bytes]","args":[{"selector":{"controlType":"sap.m.Button","viewName":"etm.portal.ui.managehandovers.view.DetailExecuteHO","i18NText":{"propertyName":"text","key":"confirmAll"},"interaction":{"idSuffix":"BDI-content"}},"wdio_ui5_key":"etmportal.ui.managehandovers.view.DetailExecuteHOsap.m.Button{\"propertyName\":\"text\",\"key\":\"confirmAll\"}"}]}
RESULT: undefined
COMMAND: POST /session/cd477e99f4e247ef02c326ac6df7445e/element - {"using":"xpath","value":"//*[@id=\"__button289\"]"}
RESULT: {}
RESULT: {"using":"xpath","value":"//*[@id=\"__button289\"]"}
COMMAND: POST /session/cd477e99f4e247ef02c326ac6df7445e/element/f.375AD1BF2998C782D6149A43C57C8E27.d.D687BDD5BB8BB101DB3682A56995E901.e.7751/click - {}
RESULT: {}
COMMAND: POST /session/cd477e99f4e247ef02c326ac6df7445e/execute/async - {"script":"<script> [1562 bytes]","args":[{"selector":{"controlType":"sap.m.Button","properties":{"text":"OK"},"searchOpenDialogs":true,"interaction":{"idSuffix":"inner"}},"wdio_ui5_key":"sapm.Button{\"text\":\"OK\"}"}]}
COMMAND: GET /session/cd477e99f4e247ef02c326ac6df7445e/screenshot - {}
RESULT: {"script":"<script> [1562 bytes]","args":[{"selector":{"controlType":"sap.m.Button","properties":{"text":"OK"},"searchOpenDialogs":true,"interaction":{"idSuffix":"inner"}},"wdio_ui5_key":"sapm.Button{\"text\":\"OK\"}"}]}
RESULT: undefined
COMMAND: POST /session/cd477e99f4e247ef02c326ac6df7445e/element - {"using":"xpath","value":"//*[@id=\"__mbox-btn-1\"]"}
RESULT: {}
RESULT: {"using":"xpath","value":"//*[@id=\"__mbox-btn-1\"]"}
COMMAND: POST /session/cd477e99f4e247ef02c326ac6df7445e/element/f.375AD1BF2998C782D6149A43C57C8E27.d.D687BDD5BB8BB101DB3682A56995E901.e.7752/click - {}
RESULT: {}
COMMAND: POST /session/cd477e99f4e247ef02c326ac6df7445e/execute/async - {"script":"<script> [1562 bytes]","args":[{"selector":{"id":"confirmationButton","viewName":"etm.portal.ui.managehandovers.view.DetailExecuteHO","interaction":{"idSuffix":"BDI-content"}},"wdio_ui5_key":"confirmationButtonetmportal.ui.managehandovers.view.DetailExecuteHO"}]}
COMMAND: GET /session/cd477e99f4e247ef02c326ac6df7445e/screenshot - {}
RESULT: {"script":"<script> [1562 bytes]","args":[{"selector":{"id":"confirmationButton","viewName":"etm.portal.ui.managehandovers.view.DetailExecuteHO","interaction":{"idSuffix":"BDI-content"}},"wdio_ui5_key":"confirmationButtonetmportal.ui.managehandovers.view.DetailExecuteHO"}]}
RESULT: undefined
RESULT: {}
COMMAND: POST /session/cd477e99f4e247ef02c326ac6df7445e/element - {"using":"css selector","value":"#shell-header-logo"}
RESULT: {"using":"css selector","value":"#shell-header-logo"}
COMMAND: POST /session/cd477e99f4e247ef02c326ac6df7445e/element/f.375AD1BF2998C782D6149A43C57C8E27.d.D687BDD5BB8BB101DB3682A56995E901.e.7174/click - {}
RESULT: {}
COMMAND: GET /session/cd477e99f4e247ef02c326ac6df7445e/screenshot - {}
RESULT: {}
]]></system-out>
    </testcase>
    <testcase classname="chrome.135_0_7049_96.windows.Create_masterdata_for_Yard_Overview_-_trigger_provide_US130988" name="Set status to defect" time="37.931">
      <system-out><![CDATA[
COMMAND: POST /session/cd477e99f4e247ef02c326ac6df7445e/execute/async - {"script":"<script> [1562 bytes]","args":[{"selector":{"controlType":"sap.ushell.ui.launchpad.AnchorItem","bindingPath":{"path":"/groups/3","propertyPath":"index"},"interaction":{"idSuffix":"inner"}},"wdio_ui5_key":"sapushell.ui.launchpad.AnchorItem{\"path\":\"/groups/3\",\"propertyPath\":\"index\"}"}]}
RESULT: {"script":"<script> [1562 bytes]","args":[{"selector":{"controlType":"sap.ushell.ui.launchpad.AnchorItem","bindingPath":{"path":"/groups/3","propertyPath":"index"},"interaction":{"idSuffix":"inner"}},"wdio_ui5_key":"sapushell.ui.launchpad.AnchorItem{\"path\":\"/groups/3\",\"propertyPath\":\"index\"}"}]}
RESULT: undefined
COMMAND: POST /session/cd477e99f4e247ef02c326ac6df7445e/element - {"using":"xpath","value":"//*[@id=\"__item0-anchorNavigationBar-3\"]"}
RESULT: {"using":"xpath","value":"//*[@id=\"__item0-anchorNavigationBar-3\"]"}
COMMAND: POST /session/cd477e99f4e247ef02c326ac6df7445e/element/f.375AD1BF2998C782D6149A43C57C8E27.d.D687BDD5BB8BB101DB3682A56995E901.e.7759/click - {}
RESULT: {}
COMMAND: GET /session/cd477e99f4e247ef02c326ac6df7445e/screenshot - {}
RESULT: {}
COMMAND: POST /session/cd477e99f4e247ef02c326ac6df7445e/execute/async - {"script":"<script> [1562 bytes]","args":[{"selector":{"controlType":"sap.m.GenericTile","properties":{"header":"Manage States & Performance"}},"wdio_ui5_key":"sapm.GenericTile{\"header\":\"Manage States & Performance\"}"}]}
RESULT: {"script":"<script> [1562 bytes]","args":[{"selector":{"controlType":"sap.m.GenericTile","properties":{"header":"Manage States & Performance"}},"wdio_ui5_key":"sapm.GenericTile{\"header\":\"Manage States & Performance\"}"}]}
RESULT: undefined
COMMAND: POST /session/cd477e99f4e247ef02c326ac6df7445e/element - {"using":"xpath","value":"//*[@id=\"__tile56\"]"}
RESULT: {"using":"xpath","value":"//*[@id=\"__tile56\"]"}
COMMAND: POST /session/cd477e99f4e247ef02c326ac6df7445e/element/f.375AD1BF2998C782D6149A43C57C8E27.d.D687BDD5BB8BB101DB3682A56995E901.e.7761/click - {}
RESULT: {}
COMMAND: GET /session/cd477e99f4e247ef02c326ac6df7445e/screenshot - {}
RESULT: {}
COMMAND: POST /session/cd477e99f4e247ef02c326ac6df7445e/execute/async - {"script":"<script> [1562 bytes]","args":[{"selector":{"controlType":"sap.ui.core.Icon","viewName":"etm.portal.ui.managestatesandperformance.view.Master","viewId":"application-managestatesandperformance-display-component---stateAndPerform","properties":{"src":{"regex":{"source":"inventory"}}}},"wdio_ui5_key":"etmportal.ui.managestatesandperformance.view.Mastersap.ui.core.Icon{\"src\":{\"regex\":{\"source\":\"inventory\"}}}"}]}
RESULT: {"script":"<script> [1562 bytes]","args":[{"selector":{"controlType":"sap.ui.core.Icon","viewName":"etm.portal.ui.managestatesandperformance.view.Master","viewId":"application-managestatesandperformance-display-component---stateAndPerform","properties":{"src":{"regex":{"source":"inventory"}}}},"wdio_ui5_key":"etmportal.ui.managestatesandperformance.view.Mastersap.ui.core.Icon{\"src\":{\"regex\":{\"source\":\"inventory\"}}}"}]}
RESULT: undefined
COMMAND: POST /session/cd477e99f4e247ef02c326ac6df7445e/element - {"using":"xpath","value":"//*[@id=\"__filter15-icon\"]"}
RESULT: {"using":"xpath","value":"//*[@id=\"__filter15-icon\"]"}
COMMAND: POST /session/cd477e99f4e247ef02c326ac6df7445e/element/f.375AD1BF2998C782D6149A43C57C8E27.d.D687BDD5BB8BB101DB3682A56995E901.e.7854/click - {}
RESULT: {}
COMMAND: POST /session/cd477e99f4e247ef02c326ac6df7445e/execute/async - {"script":"<script> [1562 bytes]","args":[{"selector":{"id":"application-managestatesandperformance-display-component---stateAndPerform--smartFilterBarYard-btnBasicSearch","interaction":{"idSuffix":"I"}},"wdio_ui5_key":"applicationmanagestatesandperformance-display-component---stateAndPerform--smartFilterBarYard-btnBasicSearch"}]}
COMMAND: GET /session/cd477e99f4e247ef02c326ac6df7445e/screenshot - {}
RESULT: {"script":"<script> [1562 bytes]","args":[{"selector":{"id":"application-managestatesandperformance-display-component---stateAndPerform--smartFilterBarYard-btnBasicSearch","interaction":{"idSuffix":"I"}},"wdio_ui5_key":"applicationmanagestatesandperformance-display-component---stateAndPerform--smartFilterBarYard-btnBasicSearch"}]}
RESULT: undefined
COMMAND: POST /session/cd477e99f4e247ef02c326ac6df7445e/execute/async - {"script":"<script> [776 bytes]","args":[{"enterText":"200519","selector":{"id":"application-managestatesandperformance-display-component---stateAndPerform--smartFilterBarYard-btnBasicSearch","interaction":{"idSuffix":"I"}},"clearTextFirst":true,"interactionType":"ENTER_TEXT"}]}
RESULT: {}
RESULT: {"script":"<script> [776 bytes]","args":[{"enterText":"200519","selector":{"id":"application-managestatesandperformance-display-component---stateAndPerform--smartFilterBarYard-btnBasicSearch","interaction":{"idSuffix":"I"}},"clearTextFirst":true,"interactionType":"ENTER_TEXT"}]}
COMMAND: POST /session/cd477e99f4e247ef02c326ac6df7445e/execute/async - {"script":"<script> [1562 bytes]","args":[{"selector":{"controlType":"sap.m.ColumnListItem","viewName":"etm.portal.ui.managestatesandperformance.view.Master","viewId":"application-managestatesandperformance-display-component---stateAndPerform","properties":{"type":"Navigation"},"interaction":{"idSuffix":"cell0"}},"wdio_ui5_key":"etmportal.ui.managestatesandperformance.view.Mastersap.m.ColumnListItem{\"type\":\"Navigation\"}"}]}
RESULT: {"script":"<script> [1562 bytes]","args":[{"selector":{"controlType":"sap.m.ColumnListItem","viewName":"etm.portal.ui.managestatesandperformance.view.Master","viewId":"application-managestatesandperformance-display-component---stateAndPerform","properties":{"type":"Navigation"},"interaction":{"idSuffix":"cell0"}},"wdio_ui5_key":"etmportal.ui.managestatesandperformance.view.Mastersap.m.ColumnListItem{\"type\":\"Navigation\"}"}]}
RESULT: undefined
COMMAND: POST /session/cd477e99f4e247ef02c326ac6df7445e/execute/async - {"script":"<script> [1562 bytes]","args":[{"selector":{"controlType":"sap.m.Button","viewName":"etm.portal.ui.managestatesandperformance.view.Detail","viewId":"application-managestatesandperformance-display-component---detailStateAndPerform","i18NText":{"propertyName":"text","key":"createStateChange"},"interaction":{"idSuffix":"content"}},"wdio_ui5_key":"etmportal.ui.managestatesandperformance.view.Detailsap.m.Button{\"propertyName\":\"text\",\"key\":\"createStateChange\"}"}]}
RESULT: {"script":"<script> [1562 bytes]","args":[{"selector":{"controlType":"sap.m.Button","viewName":"etm.portal.ui.managestatesandperformance.view.Detail","viewId":"application-managestatesandperformance-display-component---detailStateAndPerform","i18NText":{"propertyName":"text","key":"createStateChange"},"interaction":{"idSuffix":"content"}},"wdio_ui5_key":"etmportal.ui.managestatesandperformance.view.Detailsap.m.Button{\"propertyName\":\"text\",\"key\":\"createStateChange\"}"}]}
RESULT: undefined
COMMAND: POST /session/cd477e99f4e247ef02c326ac6df7445e/execute/async - {"script":"<script> [1562 bytes]","args":[{"selector":{"id":"addStateDialog--stateSelect","searchOpenDialogs":true,"interaction":{"idSuffix":"arrow"}},"wdio_ui5_key":"addStateDialogstateSelect"}]}
RESULT: {"script":"<script> [1562 bytes]","args":[{"selector":{"id":"addStateDialog--stateSelect","searchOpenDialogs":true,"interaction":{"idSuffix":"arrow"}},"wdio_ui5_key":"addStateDialogstateSelect"}]}
RESULT: undefined
COMMAND: POST /session/cd477e99f4e247ef02c326ac6df7445e/execute/async - {"script":"<script> [1562 bytes]","args":[{"selector":{"controlType":"sap.ui.core.Item","viewName":"etm.portal.ui.managestatesandperformance.view.Detail","viewId":"application-managestatesandperformance-display-component---detailStateAndPerform","bindingPath":{"path":"/StateTypes(70)","propertyPath":"STATE","modelName":"catalogModel"},"searchOpenDialogs":true},"wdio_ui5_key":"etmportal.ui.managestatesandperformance.view.Detailsap.ui.core.Item{\"path\":\"/StateTypes(70)\",\"propertyPath\":\"STATE\",\"modelName\":\"catalogModel\"}"}]}
RESULT: {"script":"<script> [1562 bytes]","args":[{"selector":{"controlType":"sap.ui.core.Item","viewName":"etm.portal.ui.managestatesandperformance.view.Detail","viewId":"application-managestatesandperformance-display-component---detailStateAndPerform","bindingPath":{"path":"/StateTypes(70)","propertyPath":"STATE","modelName":"catalogModel"},"searchOpenDialogs":true},"wdio_ui5_key":"etmportal.ui.managestatesandperformance.view.Detailsap.ui.core.Item{\"path\":\"/StateTypes(70)\",\"propertyPath\":\"STATE\",\"modelName\":\"catalogModel\"}"}]}
RESULT: undefined
COMMAND: POST /session/cd477e99f4e247ef02c326ac6df7445e/execute/async - {"script":"<script> [1562 bytes]","args":[{"selector":{"controlType":"sap.m.NumericInput","viewName":"etm.portal.ui.managestatesandperformance.view.Detail","viewId":"application-managestatesandperformance-display-component---detailStateAndPerform","properties":{"value":"0"},"searchOpenDialogs":true,"interaction":{"idSuffix":"inner"}},"wdio_ui5_key":"etmportal.ui.managestatesandperformance.view.Detailsap.m.NumericInput{\"value\":\"0\"}"}]}
RESULT: {"script":"<script> [1562 bytes]","args":[{"selector":{"controlType":"sap.m.NumericInput","viewName":"etm.portal.ui.managestatesandperformance.view.Detail","viewId":"application-managestatesandperformance-display-component---detailStateAndPerform","properties":{"value":"0"},"searchOpenDialogs":true,"interaction":{"idSuffix":"inner"}},"wdio_ui5_key":"etmportal.ui.managestatesandperformance.view.Detailsap.m.NumericInput{\"value\":\"0\"}"}]}
RESULT: undefined
COMMAND: POST /session/cd477e99f4e247ef02c326ac6df7445e/execute/async - {"script":"<script> [1562 bytes]","args":[{"selector":{"controlType":"sap.m.Button","viewName":"etm.portal.ui.managestatesandperformance.view.Detail","viewId":"application-managestatesandperformance-display-component---detailStateAndPerform","i18NText":{"propertyName":"text","key":"save"},"searchOpenDialogs":true,"interaction":{"idSuffix":"BDI-content"}},"wdio_ui5_key":"etmportal.ui.managestatesandperformance.view.Detailsap.m.Button{\"propertyName\":\"text\",\"key\":\"save\"}"}]}
RESULT: {"script":"<script> [1562 bytes]","args":[{"selector":{"controlType":"sap.m.Button","viewName":"etm.portal.ui.managestatesandperformance.view.Detail","viewId":"application-managestatesandperformance-display-component---detailStateAndPerform","i18NText":{"propertyName":"text","key":"save"},"searchOpenDialogs":true,"interaction":{"idSuffix":"BDI-content"}},"wdio_ui5_key":"etmportal.ui.managestatesandperformance.view.Detailsap.m.Button{\"propertyName\":\"text\",\"key\":\"save\"}"}]}
RESULT: undefined
COMMAND: POST /session/cd477e99f4e247ef02c326ac6df7445e/element - {"using":"css selector","value":"#shell-header-logo"}
RESULT: {"using":"css selector","value":"#shell-header-logo"}
COMMAND: POST /session/cd477e99f4e247ef02c326ac6df7445e/element/f.375AD1BF2998C782D6149A43C57C8E27.d.D687BDD5BB8BB101DB3682A56995E901.e.7765/click - {}
RESULT: {}
COMMAND: GET /session/cd477e99f4e247ef02c326ac6df7445e/screenshot - {}
RESULT: {}
]]></system-out>
    </testcase>
  </testsuite>
  <testsuite timestamp="2025-04-24T16:48:53" time="539.102" tests="9" failures="5" errors="5" skipped="0">
    <properties>
      <property name="specId" value="0" />
      <property name="suiteName" value="Create masterdata for Mass Change State US104416" />
      <property name="capabilities" value="chrome.135_0_7049_96.windows" />
      <property name="file" value="file:///D:/a/1/s/test/specs/HTR/create-mass-state-change.spec.js" />
    </properties>
    <testcase classname="chrome.135_0_7049_96.windows.Create_masterdata_for_Mass_Change_State_US104416" name="Should create a yard" time="73.666">
      <system-out><![CDATA[
COMMAND: POST /session/cd477e99f4e247ef02c326ac6df7445e/execute/async - {"script":"<script> [1562 bytes]","args":[{"selector":{"controlType":"sap.ui.core.Icon","viewName":"etm.portal.ui.manageyards.view.Master","viewId":"application-manageyards-display-component---masterYard","properties":{"src":{"regex":{"source":"add"}}}},"wdio_ui5_key":"etmportal.ui.manageyards.view.Mastersap.ui.core.Icon{\"src\":{\"regex\":{\"source\":\"add\"}}}"}]}
RESULT: {"script":"<script> [1562 bytes]","args":[{"selector":{"controlType":"sap.ui.core.Icon","viewName":"etm.portal.ui.manageyards.view.Master","viewId":"application-manageyards-display-component---masterYard","properties":{"src":{"regex":{"source":"add"}}}},"wdio_ui5_key":"etmportal.ui.manageyards.view.Mastersap.ui.core.Icon{\"src\":{\"regex\":{\"source\":\"add\"}}}"}]}
RESULT: undefined
COMMAND: POST /session/cd477e99f4e247ef02c326ac6df7445e/element - {"using":"xpath","value":"//*[@id=\"__button4-img\"]"}
RESULT: {"using":"xpath","value":"//*[@id=\"__button4-img\"]"}
COMMAND: POST /session/cd477e99f4e247ef02c326ac6df7445e/element/f.375AD1BF2998C782D6149A43C57C8E27.d.021ACB78BE69E8B95D0AD89B178593C8.e.8481/click - {}
RESULT: {}
COMMAND: POST /session/cd477e99f4e247ef02c326ac6df7445e/execute/async - {"script":"<script> [1562 bytes]","args":[{"selector":{"id":"application-manageyards-display-component---NewYard--addressDetailDetailsName1","interaction":{"idSuffix":"inner"}},"wdio_ui5_key":"applicationmanageyards-display-component---NewYard--addressDetailDetailsName1"}]}
COMMAND: GET /session/cd477e99f4e247ef02c326ac6df7445e/screenshot - {}
RESULT: {"script":"<script> [1562 bytes]","args":[{"selector":{"id":"application-manageyards-display-component---NewYard--addressDetailDetailsName1","interaction":{"idSuffix":"inner"}},"wdio_ui5_key":"applicationmanageyards-display-component---NewYard--addressDetailDetailsName1"}]}
RESULT: undefined
COMMAND: POST /session/cd477e99f4e247ef02c326ac6df7445e/execute/async - {"script":"<script> [776 bytes]","args":[{"enterText":"WebDriver-MassState","selector":{"id":"application-manageyards-display-component---NewYard--addressDetailDetailsName1","interaction":{"idSuffix":"inner"}},"clearTextFirst":true,"interactionType":"ENTER_TEXT"}]}
RESULT: {}
RESULT: {"script":"<script> [776 bytes]","args":[{"enterText":"WebDriver-MassState","selector":{"id":"application-manageyards-display-component---NewYard--addressDetailDetailsName1","interaction":{"idSuffix":"inner"}},"clearTextFirst":true,"interactionType":"ENTER_TEXT"}]}
COMMAND: POST /session/cd477e99f4e247ef02c326ac6df7445e/execute/async - {"script":"<script> [1562 bytes]","args":[{"selector":{"id":"application-manageyards-display-component---NewYard--addressDetailDetailsLanguage-arrow"},"wdio_ui5_key":"applicationmanageyards-display-component---NewYard--addressDetailDetailsLanguage-arrow"}]}
RESULT: {"script":"<script> [1562 bytes]","args":[{"selector":{"id":"application-manageyards-display-component---NewYard--addressDetailDetailsLanguage-arrow"},"wdio_ui5_key":"applicationmanageyards-display-component---NewYard--addressDetailDetailsLanguage-arrow"}]}
RESULT: undefined
COMMAND: POST /session/cd477e99f4e247ef02c326ac6df7445e/element - {"using":"xpath","value":"//*[@id=\"application-manageyards-display-component---NewYard--addressDetailDetailsLanguage-arrow\"]"}
RESULT: {"using":"xpath","value":"//*[@id=\"application-manageyards-display-component---NewYard--addressDetailDetailsLanguage-arrow\"]"}
COMMAND: POST /session/cd477e99f4e247ef02c326ac6df7445e/element/f.375AD1BF2998C782D6149A43C57C8E27.d.021ACB78BE69E8B95D0AD89B178593C8.e.8887/click - {}
RESULT: {}
COMMAND: POST /session/cd477e99f4e247ef02c326ac6df7445e/execute/async - {"script":"<script> [1562 bytes]","args":[{"selector":{"controlType":"sap.m.StandardListItem","viewName":"etm.portal.ui.manageyards.view.New","viewId":"application-manageyards-display-component---NewYard","properties":{"title":"English"},"searchOpenDialogs":true,"interaction":{"idSuffix":"content"}},"wdio_ui5_key":"etmportal.ui.manageyards.view.Newsap.m.StandardListItem{\"title\":\"English\"}"}]}
COMMAND: GET /session/cd477e99f4e247ef02c326ac6df7445e/screenshot - {}
RESULT: {"script":"<script> [1562 bytes]","args":[{"selector":{"controlType":"sap.m.StandardListItem","viewName":"etm.portal.ui.manageyards.view.New","viewId":"application-manageyards-display-component---NewYard","properties":{"title":"English"},"searchOpenDialogs":true,"interaction":{"idSuffix":"content"}},"wdio_ui5_key":"etmportal.ui.manageyards.view.Newsap.m.StandardListItem{\"title\":\"English\"}"}]}
RESULT: undefined
COMMAND: POST /session/cd477e99f4e247ef02c326ac6df7445e/element - {"using":"xpath","value":"//*[@id=\"__item101\"]"}
RESULT: {}
RESULT: {"using":"xpath","value":"//*[@id=\"__item101\"]"}
COMMAND: POST /session/cd477e99f4e247ef02c326ac6df7445e/element/f.375AD1BF2998C782D6149A43C57C8E27.d.021ACB78BE69E8B95D0AD89B178593C8.e.8889/click - {}
RESULT: {}
COMMAND: POST /session/cd477e99f4e247ef02c326ac6df7445e/execute/async - {"script":"<script> [1562 bytes]","args":[{"selector":{"id":"application-manageyards-display-component---NewYard--addressDetailDetailsCity1","interaction":{"idSuffix":"inner"}},"wdio_ui5_key":"applicationmanageyards-display-component---NewYard--addressDetailDetailsCity1"}]}
COMMAND: GET /session/cd477e99f4e247ef02c326ac6df7445e/screenshot - {}
RESULT: {"script":"<script> [1562 bytes]","args":[{"selector":{"id":"application-manageyards-display-component---NewYard--addressDetailDetailsCity1","interaction":{"idSuffix":"inner"}},"wdio_ui5_key":"applicationmanageyards-display-component---NewYard--addressDetailDetailsCity1"}]}
RESULT: undefined
COMMAND: POST /session/cd477e99f4e247ef02c326ac6df7445e/execute/async - {"script":"<script> [776 bytes]","args":[{"enterText":"Rosario","selector":{"id":"application-manageyards-display-component---NewYard--addressDetailDetailsCity1","interaction":{"idSuffix":"inner"}},"clearTextFirst":true,"interactionType":"ENTER_TEXT"}]}
RESULT: {}
RESULT: {"script":"<script> [776 bytes]","args":[{"enterText":"Rosario","selector":{"id":"application-manageyards-display-component---NewYard--addressDetailDetailsCity1","interaction":{"idSuffix":"inner"}},"clearTextFirst":true,"interactionType":"ENTER_TEXT"}]}
COMMAND: POST /session/cd477e99f4e247ef02c326ac6df7445e/execute/async - {"script":"<script> [1562 bytes]","args":[{"selector":{"id":"application-manageyards-display-component---NewYard--addressDetailDetailsCountry-arrow"},"wdio_ui5_key":"applicationmanageyards-display-component---NewYard--addressDetailDetailsCountry-arrow"}]}
RESULT: {"script":"<script> [1562 bytes]","args":[{"selector":{"id":"application-manageyards-display-component---NewYard--addressDetailDetailsCountry-arrow"},"wdio_ui5_key":"applicationmanageyards-display-component---NewYard--addressDetailDetailsCountry-arrow"}]}
RESULT: undefined
COMMAND: POST /session/cd477e99f4e247ef02c326ac6df7445e/element - {"using":"xpath","value":"//*[@id=\"application-manageyards-display-component---NewYard--addressDetailDetailsCountry-arrow\"]"}
RESULT: {"using":"xpath","value":"//*[@id=\"application-manageyards-display-component---NewYard--addressDetailDetailsCountry-arrow\"]"}
COMMAND: POST /session/cd477e99f4e247ef02c326ac6df7445e/element/f.375AD1BF2998C782D6149A43C57C8E27.d.021ACB78BE69E8B95D0AD89B178593C8.e.8872/click - {}
RESULT: {}
COMMAND: POST /session/cd477e99f4e247ef02c326ac6df7445e/execute/async - {"script":"<script> [1562 bytes]","args":[{"selector":{"controlType":"sap.m.StandardListItem","viewName":"etm.portal.ui.manageyards.view.New","viewId":"application-manageyards-display-component---NewYard","properties":{"title":"Argentina"},"searchOpenDialogs":true,"interaction":{"idSuffix":"content"}},"wdio_ui5_key":"etmportal.ui.manageyards.view.Newsap.m.StandardListItem{\"title\":\"Argentina\"}"}]}
COMMAND: GET /session/cd477e99f4e247ef02c326ac6df7445e/screenshot - {}
RESULT: {"script":"<script> [1562 bytes]","args":[{"selector":{"controlType":"sap.m.StandardListItem","viewName":"etm.portal.ui.manageyards.view.New","viewId":"application-manageyards-display-component---NewYard","properties":{"title":"Argentina"},"searchOpenDialogs":true,"interaction":{"idSuffix":"content"}},"wdio_ui5_key":"etmportal.ui.manageyards.view.Newsap.m.StandardListItem{\"title\":\"Argentina\"}"}]}
RESULT: undefined
COMMAND: POST /session/cd477e99f4e247ef02c326ac6df7445e/element - {"using":"xpath","value":"//*[@id=\"__item144\"]"}
RESULT: {}
RESULT: {"using":"xpath","value":"//*[@id=\"__item144\"]"}
COMMAND: POST /session/cd477e99f4e247ef02c326ac6df7445e/element/f.375AD1BF2998C782D6149A43C57C8E27.d.021ACB78BE69E8B95D0AD89B178593C8.e.8893/click - {}
RESULT: {}
COMMAND: POST /session/cd477e99f4e247ef02c326ac6df7445e/execute/async - {"script":"<script> [1562 bytes]","args":[{"selector":{"controlType":"sap.m.Button","viewName":"etm.portal.ui.manageyards.view.New","viewId":"application-manageyards-display-component---NewYard","properties":{"text":"Commercial"},"interaction":{"idSuffix":"BDI-content"}},"wdio_ui5_key":"etmportal.ui.manageyards.view.Newsap.m.Button{\"text\":\"Commercial\"}"}]}
COMMAND: GET /session/cd477e99f4e247ef02c326ac6df7445e/screenshot - {}
RESULT: {"script":"<script> [1562 bytes]","args":[{"selector":{"controlType":"sap.m.Button","viewName":"etm.portal.ui.manageyards.view.New","viewId":"application-manageyards-display-component---NewYard","properties":{"text":"Commercial"},"interaction":{"idSuffix":"BDI-content"}},"wdio_ui5_key":"etmportal.ui.manageyards.view.Newsap.m.Button{\"text\":\"Commercial\"}"}]}
RESULT: undefined
COMMAND: POST /session/cd477e99f4e247ef02c326ac6df7445e/element - {"using":"xpath","value":"//*[@id=\"application-manageyards-display-component---NewYard--ObjectPageLayout-anchBar-__section5-anchor\"]"}
RESULT: {}
RESULT: {"using":"xpath","value":"//*[@id=\"application-manageyards-display-component---NewYard--ObjectPageLayout-anchBar-__section5-anchor\"]"}
COMMAND: POST /session/cd477e99f4e247ef02c326ac6df7445e/element/f.375AD1BF2998C782D6149A43C57C8E27.d.021ACB78BE69E8B95D0AD89B178593C8.e.8895/click - {}
RESULT: {}
COMMAND: GET /session/cd477e99f4e247ef02c326ac6df7445e/screenshot - {}
RESULT: {}
COMMAND: POST /session/cd477e99f4e247ef02c326ac6df7445e/execute/async - {"script":"<script> [1562 bytes]","args":[{"selector":{"id":"application-manageyards-display-component---NewYard--addressEditDetailsCostObjectCstType-arrow"},"wdio_ui5_key":"applicationmanageyards-display-component---NewYard--addressEditDetailsCostObjectCstType-arrow"}]}
RESULT: {"script":"<script> [1562 bytes]","args":[{"selector":{"id":"application-manageyards-display-component---NewYard--addressEditDetailsCostObjectCstType-arrow"},"wdio_ui5_key":"applicationmanageyards-display-component---NewYard--addressEditDetailsCostObjectCstType-arrow"}]}
RESULT: undefined
COMMAND: POST /session/cd477e99f4e247ef02c326ac6df7445e/element - {"using":"xpath","value":"//*[@id=\"application-manageyards-display-component---NewYard--addressEditDetailsCostObjectCstType-arrow\"]"}
RESULT: {"using":"xpath","value":"//*[@id=\"application-manageyards-display-component---NewYard--addressEditDetailsCostObjectCstType-arrow\"]"}
COMMAND: POST /session/cd477e99f4e247ef02c326ac6df7445e/element/f.375AD1BF2998C782D6149A43C57C8E27.d.021ACB78BE69E8B95D0AD89B178593C8.e.8906/click - {}
RESULT: {}
COMMAND: GET /session/cd477e99f4e247ef02c326ac6df7445e/screenshot - {}
RESULT: {}
COMMAND: POST /session/cd477e99f4e247ef02c326ac6df7445e/execute/async - {"script":"<script> [1562 bytes]","args":[{"selector":{"controlType":"sap.m.StandardListItem","viewName":"etm.portal.ui.manageyards.view.New","viewId":"application-manageyards-display-component---NewYard","properties":{"title":"Cost Center"},"searchOpenDialogs":true,"interaction":{"idSuffix":"titleText"}},"wdio_ui5_key":"etmportal.ui.manageyards.view.Newsap.m.StandardListItem{\"title\":\"Cost Center\"}"}]}
RESULT: {"script":"<script> [1562 bytes]","args":[{"selector":{"controlType":"sap.m.StandardListItem","viewName":"etm.portal.ui.manageyards.view.New","viewId":"application-manageyards-display-component---NewYard","properties":{"title":"Cost Center"},"searchOpenDialogs":true,"interaction":{"idSuffix":"titleText"}},"wdio_ui5_key":"etmportal.ui.manageyards.view.Newsap.m.StandardListItem{\"title\":\"Cost Center\"}"}]}
RESULT: undefined
COMMAND: POST /session/cd477e99f4e247ef02c326ac6df7445e/element - {"using":"xpath","value":"//*[@id=\"__item234\"]"}
RESULT: {"using":"xpath","value":"//*[@id=\"__item234\"]"}
COMMAND: POST /session/cd477e99f4e247ef02c326ac6df7445e/element/f.375AD1BF2998C782D6149A43C57C8E27.d.021ACB78BE69E8B95D0AD89B178593C8.e.8908/click - {}
RESULT: {}
COMMAND: POST /session/cd477e99f4e247ef02c326ac6df7445e/element - {"using":"xpath","value":"//input[@id=\"application-manageyards-display-component---NewYard--addressNewCostObjectCstID-inner\"]"}
COMMAND: GET /session/cd477e99f4e247ef02c326ac6df7445e/screenshot - {}
RESULT: {"using":"xpath","value":"//input[@id=\"application-manageyards-display-component---NewYard--addressNewCostObjectCstID-inner\"]"}
COMMAND: POST /session/cd477e99f4e247ef02c326ac6df7445e/element/f.375AD1BF2998C782D6149A43C57C8E27.d.021ACB78BE69E8B95D0AD89B178593C8.e.8707/value - {"text":"10001013"}
RESULT: {}
RESULT: {"text":"10001013"}
COMMAND: GET /session/cd477e99f4e247ef02c326ac6df7445e/screenshot - {}
RESULT: {}
COMMAND: POST /session/cd477e99f4e247ef02c326ac6df7445e/actions - {"actions":[{"id":"action21","type":"key","parameters":{},"actions":[{"type":"keyDown","value":"î€‡"},{"type":"pause","duration":10},{"type":"keyUp","value":"î€‡"}]}]}
RESULT: {"actions":[{"id":"action21","type":"key","parameters":{},"actions":[{"type":"keyDown","value":"î€‡"},{"type":"pause","duration":10},{"type":"keyUp","value":"î€‡"}]}]}
COMMAND: POST /session/cd477e99f4e247ef02c326ac6df7445e/execute/async - {"script":"<script> [1562 bytes]","args":[{"selector":{"controlType":"sap.m.StandardListItem","viewName":"etm.portal.ui.manageyards.view.New","viewId":"application-manageyards-display-component---NewYard","properties":{"type":"Active"},"searchOpenDialogs":true,"interaction":{"idSuffix":"titleText"}},"wdio_ui5_key":"etmportal.ui.manageyards.view.Newsap.m.StandardListItem{\"type\":\"Active\"}"}]}
COMMAND: GET /session/cd477e99f4e247ef02c326ac6df7445e/screenshot - {}
RESULT: {"script":"<script> [1562 bytes]","args":[{"selector":{"controlType":"sap.m.StandardListItem","viewName":"etm.portal.ui.manageyards.view.New","viewId":"application-manageyards-display-component---NewYard","properties":{"type":"Active"},"searchOpenDialogs":true,"interaction":{"idSuffix":"titleText"}},"wdio_ui5_key":"etmportal.ui.manageyards.view.Newsap.m.StandardListItem{\"type\":\"Active\"}"}]}
RESULT: undefined
COMMAND: POST /session/cd477e99f4e247ef02c326ac6df7445e/execute/async - {"script":"<script> [1562 bytes]","args":[{"selector":{"id":"application-manageyards-display-component---NewYard--addressEditDetailsCurrency-arrow"},"wdio_ui5_key":"applicationmanageyards-display-component---NewYard--addressEditDetailsCurrency-arrow"}]}
RESULT: {}
RESULT: {"script":"<script> [1562 bytes]","args":[{"selector":{"id":"application-manageyards-display-component---NewYard--addressEditDetailsCurrency-arrow"},"wdio_ui5_key":"applicationmanageyards-display-component---NewYard--addressEditDetailsCurrency-arrow"}]}
RESULT: undefined
COMMAND: POST /session/cd477e99f4e247ef02c326ac6df7445e/element - {"using":"xpath","value":"//*[@id=\"application-manageyards-display-component---NewYard--addressEditDetailsCurrency-arrow\"]"}
RESULT: {"using":"xpath","value":"//*[@id=\"application-manageyards-display-component---NewYard--addressEditDetailsCurrency-arrow\"]"}
COMMAND: POST /session/cd477e99f4e247ef02c326ac6df7445e/element/f.375AD1BF2998C782D6149A43C57C8E27.d.021ACB78BE69E8B95D0AD89B178593C8.e.8914/click - {}
RESULT: {}
COMMAND: POST /session/cd477e99f4e247ef02c326ac6df7445e/execute/async - {"script":"<script> [1562 bytes]","args":[{"selector":{"controlType":"sap.m.StandardListItem","viewName":"etm.portal.ui.manageyards.view.New","viewId":"application-manageyards-display-component---NewYard","properties":{"title":"Euro"},"searchOpenDialogs":true,"interaction":{"idSuffix":"content"}},"wdio_ui5_key":"etmportal.ui.manageyards.view.Newsap.m.StandardListItem{\"title\":\"Euro\"}"}]}
COMMAND: GET /session/cd477e99f4e247ef02c326ac6df7445e/screenshot - {}
RESULT: {"script":"<script> [1562 bytes]","args":[{"selector":{"controlType":"sap.m.StandardListItem","viewName":"etm.portal.ui.manageyards.view.New","viewId":"application-manageyards-display-component---NewYard","properties":{"title":"Euro"},"searchOpenDialogs":true,"interaction":{"idSuffix":"content"}},"wdio_ui5_key":"etmportal.ui.manageyards.view.Newsap.m.StandardListItem{\"title\":\"Euro\"}"}]}
RESULT: undefined
COMMAND: POST /session/cd477e99f4e247ef02c326ac6df7445e/element - {"using":"xpath","value":"//*[@id=\"__item240\"]"}
RESULT: {}
RESULT: {"using":"xpath","value":"//*[@id=\"__item240\"]"}
COMMAND: POST /session/cd477e99f4e247ef02c326ac6df7445e/element/f.375AD1BF2998C782D6149A43C57C8E27.d.021ACB78BE69E8B95D0AD89B178593C8.e.8916/click - {}
RESULT: {}
COMMAND: POST /session/cd477e99f4e247ef02c326ac6df7445e/execute/async - {"script":"<script> [1562 bytes]","args":[{"selector":{"controlType":"sap.m.Input","viewName":"etm.portal.ui.manageyards.view.New","viewId":"application-manageyards-display-component---NewYard","bindingPath":{"path":"","propertyPath":"/CONTROLLING_AREA","modelName":"NewYardModel"},"interaction":{"idSuffix":"inner"}},"wdio_ui5_key":"etmportal.ui.manageyards.view.Newsap.m.Input{\"path\":\"\",\"propertyPath\":\"/CONTROLLING_AREA\",\"modelName\":\"NewYardModel\"}"}]}
COMMAND: GET /session/cd477e99f4e247ef02c326ac6df7445e/screenshot - {}
RESULT: {"script":"<script> [1562 bytes]","args":[{"selector":{"controlType":"sap.m.Input","viewName":"etm.portal.ui.manageyards.view.New","viewId":"application-manageyards-display-component---NewYard","bindingPath":{"path":"","propertyPath":"/CONTROLLING_AREA","modelName":"NewYardModel"},"interaction":{"idSuffix":"inner"}},"wdio_ui5_key":"etmportal.ui.manageyards.view.Newsap.m.Input{\"path\":\"\",\"propertyPath\":\"/CONTROLLING_AREA\",\"modelName\":\"NewYardModel\"}"}]}
RESULT: undefined
COMMAND: POST /session/cd477e99f4e247ef02c326ac6df7445e/execute/async - {"script":"<script> [776 bytes]","args":[{"enterText":"Z001","selector":{"controlType":"sap.m.Input","viewName":"etm.portal.ui.manageyards.view.New","viewId":"application-manageyards-display-component---NewYard","bindingPath":{"path":"","propertyPath":"/CONTROLLING_AREA","modelName":"NewYardModel"},"interaction":{"idSuffix":"inner"}},"clearTextFirst":true,"interactionType":"ENTER_TEXT"}]}
RESULT: {}
RESULT: {"script":"<script> [776 bytes]","args":[{"enterText":"Z001","selector":{"controlType":"sap.m.Input","viewName":"etm.portal.ui.manageyards.view.New","viewId":"application-manageyards-display-component---NewYard","bindingPath":{"path":"","propertyPath":"/CONTROLLING_AREA","modelName":"NewYardModel"},"interaction":{"idSuffix":"inner"}},"clearTextFirst":true,"interactionType":"ENTER_TEXT"}]}
COMMAND: POST /session/cd477e99f4e247ef02c326ac6df7445e/execute/async - {"script":"<script> [1562 bytes]","args":[{"selector":{"id":"application-manageyards-display-component---NewYard--companyCodeComboBox","interaction":{"idSuffix":"inner"}},"wdio_ui5_key":"applicationmanageyards-display-component---NewYard--companyCodeComboBox"}]}
RESULT: {"script":"<script> [1562 bytes]","args":[{"selector":{"id":"application-manageyards-display-component---NewYard--companyCodeComboBox","interaction":{"idSuffix":"inner"}},"wdio_ui5_key":"applicationmanageyards-display-component---NewYard--companyCodeComboBox"}]}
RESULT: undefined
COMMAND: POST /session/cd477e99f4e247ef02c326ac6df7445e/execute/async - {"script":"<script> [776 bytes]","args":[{"enterText":"1000","selector":{"id":"application-manageyards-display-component---NewYard--companyCodeComboBox","interaction":{"idSuffix":"inner"}},"clearTextFirst":true,"interactionType":"ENTER_TEXT"}]}
RESULT: {"script":"<script> [776 bytes]","args":[{"enterText":"1000","selector":{"id":"application-manageyards-display-component---NewYard--companyCodeComboBox","interaction":{"idSuffix":"inner"}},"clearTextFirst":true,"interactionType":"ENTER_TEXT"}]}
COMMAND: POST /session/cd477e99f4e247ef02c326ac6df7445e/execute/async - {"script":"<script> [1562 bytes]","args":[{"selector":{"controlType":"sap.m.Input","viewName":"etm.portal.ui.manageyards.view.New","viewId":"application-manageyards-display-component---NewYard","bindingPath":{"path":"","propertyPath":"/PLANT","modelName":"NewYardModel"},"interaction":{"idSuffix":"inner"}},"wdio_ui5_key":"etmportal.ui.manageyards.view.Newsap.m.Input{\"path\":\"\",\"propertyPath\":\"/PLANT\",\"modelName\":\"NewYardModel\"}"}]}
RESULT: {"script":"<script> [1562 bytes]","args":[{"selector":{"controlType":"sap.m.Input","viewName":"etm.portal.ui.manageyards.view.New","viewId":"application-manageyards-display-component---NewYard","bindingPath":{"path":"","propertyPath":"/PLANT","modelName":"NewYardModel"},"interaction":{"idSuffix":"inner"}},"wdio_ui5_key":"etmportal.ui.manageyards.view.Newsap.m.Input{\"path\":\"\",\"propertyPath\":\"/PLANT\",\"modelName\":\"NewYardModel\"}"}]}
RESULT: undefined
COMMAND: POST /session/cd477e99f4e247ef02c326ac6df7445e/execute/async - {"script":"<script> [776 bytes]","args":[{"enterText":"1001","selector":{"controlType":"sap.m.Input","viewName":"etm.portal.ui.manageyards.view.New","viewId":"application-manageyards-display-component---NewYard","bindingPath":{"path":"","propertyPath":"/PLANT","modelName":"NewYardModel"},"interaction":{"idSuffix":"inner"}},"clearTextFirst":true,"interactionType":"ENTER_TEXT"}]}
RESULT: {"script":"<script> [776 bytes]","args":[{"enterText":"1001","selector":{"controlType":"sap.m.Input","viewName":"etm.portal.ui.manageyards.view.New","viewId":"application-manageyards-display-component---NewYard","bindingPath":{"path":"","propertyPath":"/PLANT","modelName":"NewYardModel"},"interaction":{"idSuffix":"inner"}},"clearTextFirst":true,"interactionType":"ENTER_TEXT"}]}
COMMAND: POST /session/cd477e99f4e247ef02c326ac6df7445e/execute/async - {"script":"<script> [1562 bytes]","args":[{"selector":{"controlType":"sap.m.Input","viewName":"etm.portal.ui.manageyards.view.New","viewId":"application-manageyards-display-component---NewYard","bindingPath":{"path":"","propertyPath":"/SALES_AREA_VKORG","modelName":"NewYardModel"},"interaction":{"idSuffix":"inner"}},"wdio_ui5_key":"etmportal.ui.manageyards.view.Newsap.m.Input{\"path\":\"\",\"propertyPath\":\"/SALES_AREA_VKORG\",\"modelName\":\"NewYardModel\"}"}]}
RESULT: {"script":"<script> [1562 bytes]","args":[{"selector":{"controlType":"sap.m.Input","viewName":"etm.portal.ui.manageyards.view.New","viewId":"application-manageyards-display-component---NewYard","bindingPath":{"path":"","propertyPath":"/SALES_AREA_VKORG","modelName":"NewYardModel"},"interaction":{"idSuffix":"inner"}},"wdio_ui5_key":"etmportal.ui.manageyards.view.Newsap.m.Input{\"path\":\"\",\"propertyPath\":\"/SALES_AREA_VKORG\",\"modelName\":\"NewYardModel\"}"}]}
RESULT: undefined
COMMAND: POST /session/cd477e99f4e247ef02c326ac6df7445e/execute/async - {"script":"<script> [776 bytes]","args":[{"enterText":"C002","selector":{"controlType":"sap.m.Input","viewName":"etm.portal.ui.manageyards.view.New","viewId":"application-manageyards-display-component---NewYard","bindingPath":{"path":"","propertyPath":"/SALES_AREA_VKORG","modelName":"NewYardModel"},"interaction":{"idSuffix":"inner"}},"clearTextFirst":true,"interactionType":"ENTER_TEXT"}]}
RESULT: {"script":"<script> [776 bytes]","args":[{"enterText":"C002","selector":{"controlType":"sap.m.Input","viewName":"etm.portal.ui.manageyards.view.New","viewId":"application-manageyards-display-component---NewYard","bindingPath":{"path":"","propertyPath":"/SALES_AREA_VKORG","modelName":"NewYardModel"},"interaction":{"idSuffix":"inner"}},"clearTextFirst":true,"interactionType":"ENTER_TEXT"}]}
COMMAND: POST /session/cd477e99f4e247ef02c326ac6df7445e/execute/async - {"script":"<script> [1562 bytes]","args":[{"selector":{"controlType":"sap.m.Input","viewName":"etm.portal.ui.manageyards.view.New","viewId":"application-manageyards-display-component---NewYard","bindingPath":{"path":"","propertyPath":"/SALES_AREA_VTWEG","modelName":"NewYardModel"},"interaction":{"idSuffix":"inner"}},"wdio_ui5_key":"etmportal.ui.manageyards.view.Newsap.m.Input{\"path\":\"\",\"propertyPath\":\"/SALES_AREA_VTWEG\",\"modelName\":\"NewYardModel\"}"}]}
RESULT: {"script":"<script> [1562 bytes]","args":[{"selector":{"controlType":"sap.m.Input","viewName":"etm.portal.ui.manageyards.view.New","viewId":"application-manageyards-display-component---NewYard","bindingPath":{"path":"","propertyPath":"/SALES_AREA_VTWEG","modelName":"NewYardModel"},"interaction":{"idSuffix":"inner"}},"wdio_ui5_key":"etmportal.ui.manageyards.view.Newsap.m.Input{\"path\":\"\",\"propertyPath\":\"/SALES_AREA_VTWEG\",\"modelName\":\"NewYardModel\"}"}]}
RESULT: undefined
COMMAND: POST /session/cd477e99f4e247ef02c326ac6df7445e/execute/async - {"script":"<script> [776 bytes]","args":[{"enterText":"C2","selector":{"controlType":"sap.m.Input","viewName":"etm.portal.ui.manageyards.view.New","viewId":"application-manageyards-display-component---NewYard","bindingPath":{"path":"","propertyPath":"/SALES_AREA_VTWEG","modelName":"NewYardModel"},"interaction":{"idSuffix":"inner"}},"clearTextFirst":true,"interactionType":"ENTER_TEXT"}]}
RESULT: {"script":"<script> [776 bytes]","args":[{"enterText":"C2","selector":{"controlType":"sap.m.Input","viewName":"etm.portal.ui.manageyards.view.New","viewId":"application-manageyards-display-component---NewYard","bindingPath":{"path":"","propertyPath":"/SALES_AREA_VTWEG","modelName":"NewYardModel"},"interaction":{"idSuffix":"inner"}},"clearTextFirst":true,"interactionType":"ENTER_TEXT"}]}
COMMAND: POST /session/cd477e99f4e247ef02c326ac6df7445e/execute/async - {"script":"<script> [1562 bytes]","args":[{"selector":{"controlType":"sap.m.Input","viewName":"etm.portal.ui.manageyards.view.New","viewId":"application-manageyards-display-component---NewYard","bindingPath":{"path":"","propertyPath":"/SALES_AREA_SPART","modelName":"NewYardModel"},"interaction":{"idSuffix":"inner"}},"wdio_ui5_key":"etmportal.ui.manageyards.view.Newsap.m.Input{\"path\":\"\",\"propertyPath\":\"/SALES_AREA_SPART\",\"modelName\":\"NewYardModel\"}"}]}
RESULT: {"script":"<script> [1562 bytes]","args":[{"selector":{"controlType":"sap.m.Input","viewName":"etm.portal.ui.manageyards.view.New","viewId":"application-manageyards-display-component---NewYard","bindingPath":{"path":"","propertyPath":"/SALES_AREA_SPART","modelName":"NewYardModel"},"interaction":{"idSuffix":"inner"}},"wdio_ui5_key":"etmportal.ui.manageyards.view.Newsap.m.Input{\"path\":\"\",\"propertyPath\":\"/SALES_AREA_SPART\",\"modelName\":\"NewYardModel\"}"}]}
RESULT: undefined
COMMAND: POST /session/cd477e99f4e247ef02c326ac6df7445e/execute/async - {"script":"<script> [776 bytes]","args":[{"enterText":"C2","selector":{"controlType":"sap.m.Input","viewName":"etm.portal.ui.manageyards.view.New","viewId":"application-manageyards-display-component---NewYard","bindingPath":{"path":"","propertyPath":"/SALES_AREA_SPART","modelName":"NewYardModel"},"interaction":{"idSuffix":"inner"}},"clearTextFirst":true,"interactionType":"ENTER_TEXT"}]}
RESULT: {"script":"<script> [776 bytes]","args":[{"enterText":"C2","selector":{"controlType":"sap.m.Input","viewName":"etm.portal.ui.manageyards.view.New","viewId":"application-manageyards-display-component---NewYard","bindingPath":{"path":"","propertyPath":"/SALES_AREA_SPART","modelName":"NewYardModel"},"interaction":{"idSuffix":"inner"}},"clearTextFirst":true,"interactionType":"ENTER_TEXT"}]}
COMMAND: POST /session/cd477e99f4e247ef02c326ac6df7445e/execute/async - {"script":"<script> [1562 bytes]","args":[{"selector":{"controlType":"sap.m.Input","viewName":"etm.portal.ui.manageyards.view.New","viewId":"application-manageyards-display-component---NewYard","bindingPath":{"path":"","propertyPath":"/SHIP_POINT","modelName":"NewYardModel"},"interaction":{"idSuffix":"inner"}},"wdio_ui5_key":"etmportal.ui.manageyards.view.Newsap.m.Input{\"path\":\"\",\"propertyPath\":\"/SHIP_POINT\",\"modelName\":\"NewYardModel\"}"}]}
RESULT: {"script":"<script> [1562 bytes]","args":[{"selector":{"controlType":"sap.m.Input","viewName":"etm.portal.ui.manageyards.view.New","viewId":"application-manageyards-display-component---NewYard","bindingPath":{"path":"","propertyPath":"/SHIP_POINT","modelName":"NewYardModel"},"interaction":{"idSuffix":"inner"}},"wdio_ui5_key":"etmportal.ui.manageyards.view.Newsap.m.Input{\"path\":\"\",\"propertyPath\":\"/SHIP_POINT\",\"modelName\":\"NewYardModel\"}"}]}
RESULT: undefined
COMMAND: POST /session/cd477e99f4e247ef02c326ac6df7445e/execute/async - {"script":"<script> [776 bytes]","args":[{"enterText":"1710","selector":{"controlType":"sap.m.Input","viewName":"etm.portal.ui.manageyards.view.New","viewId":"application-manageyards-display-component---NewYard","bindingPath":{"path":"","propertyPath":"/SHIP_POINT","modelName":"NewYardModel"},"interaction":{"idSuffix":"inner"}},"clearTextFirst":true,"interactionType":"ENTER_TEXT"}]}
RESULT: {"script":"<script> [776 bytes]","args":[{"enterText":"1710","selector":{"controlType":"sap.m.Input","viewName":"etm.portal.ui.manageyards.view.New","viewId":"application-manageyards-display-component---NewYard","bindingPath":{"path":"","propertyPath":"/SHIP_POINT","modelName":"NewYardModel"},"interaction":{"idSuffix":"inner"}},"clearTextFirst":true,"interactionType":"ENTER_TEXT"}]}
COMMAND: POST /session/cd477e99f4e247ef02c326ac6df7445e/execute/async - {"script":"<script> [1562 bytes]","args":[{"selector":{"controlType":"sap.m.Input","viewName":"etm.portal.ui.manageyards.view.New","viewId":"application-manageyards-display-component---NewYard","bindingPath":{"path":"","propertyPath":"/DELIVERY_TYPE","modelName":"NewYardModel"},"interaction":{"idSuffix":"inner"}},"wdio_ui5_key":"etmportal.ui.manageyards.view.Newsap.m.Input{\"path\":\"\",\"propertyPath\":\"/DELIVERY_TYPE\",\"modelName\":\"NewYardModel\"}"}]}
RESULT: {"script":"<script> [1562 bytes]","args":[{"selector":{"controlType":"sap.m.Input","viewName":"etm.portal.ui.manageyards.view.New","viewId":"application-manageyards-display-component---NewYard","bindingPath":{"path":"","propertyPath":"/DELIVERY_TYPE","modelName":"NewYardModel"},"interaction":{"idSuffix":"inner"}},"wdio_ui5_key":"etmportal.ui.manageyards.view.Newsap.m.Input{\"path\":\"\",\"propertyPath\":\"/DELIVERY_TYPE\",\"modelName\":\"NewYardModel\"}"}]}
RESULT: undefined
COMMAND: POST /session/cd477e99f4e247ef02c326ac6df7445e/execute/async - {"script":"<script> [776 bytes]","args":[{"enterText":"ZL01","selector":{"controlType":"sap.m.Input","viewName":"etm.portal.ui.manageyards.view.New","viewId":"application-manageyards-display-component---NewYard","bindingPath":{"path":"","propertyPath":"/DELIVERY_TYPE","modelName":"NewYardModel"},"interaction":{"idSuffix":"inner"}},"clearTextFirst":true,"interactionType":"ENTER_TEXT"}]}
RESULT: {"script":"<script> [776 bytes]","args":[{"enterText":"ZL01","selector":{"controlType":"sap.m.Input","viewName":"etm.portal.ui.manageyards.view.New","viewId":"application-manageyards-display-component---NewYard","bindingPath":{"path":"","propertyPath":"/DELIVERY_TYPE","modelName":"NewYardModel"},"interaction":{"idSuffix":"inner"}},"clearTextFirst":true,"interactionType":"ENTER_TEXT"}]}
COMMAND: POST /session/cd477e99f4e247ef02c326ac6df7445e/execute/async - {"script":"<script> [1562 bytes]","args":[{"selector":{"controlType":"sap.m.Input","viewName":"etm.portal.ui.manageyards.view.New","viewId":"application-manageyards-display-component---NewYard","bindingPath":{"path":"","propertyPath":"/AUART","modelName":"NewYardModel"},"interaction":{"idSuffix":"inner"}},"wdio_ui5_key":"etmportal.ui.manageyards.view.Newsap.m.Input{\"path\":\"\",\"propertyPath\":\"/AUART\",\"modelName\":\"NewYardModel\"}"}]}
RESULT: {"script":"<script> [1562 bytes]","args":[{"selector":{"controlType":"sap.m.Input","viewName":"etm.portal.ui.manageyards.view.New","viewId":"application-manageyards-display-component---NewYard","bindingPath":{"path":"","propertyPath":"/AUART","modelName":"NewYardModel"},"interaction":{"idSuffix":"inner"}},"wdio_ui5_key":"etmportal.ui.manageyards.view.Newsap.m.Input{\"path\":\"\",\"propertyPath\":\"/AUART\",\"modelName\":\"NewYardModel\"}"}]}
RESULT: undefined
COMMAND: POST /session/cd477e99f4e247ef02c326ac6df7445e/execute/async - {"script":"<script> [776 bytes]","args":[{"enterText":"TA","selector":{"controlType":"sap.m.Input","viewName":"etm.portal.ui.manageyards.view.New","viewId":"application-manageyards-display-component---NewYard","bindingPath":{"path":"","propertyPath":"/AUART","modelName":"NewYardModel"},"interaction":{"idSuffix":"inner"}},"clearTextFirst":true,"interactionType":"ENTER_TEXT"}]}
RESULT: {"script":"<script> [776 bytes]","args":[{"enterText":"TA","selector":{"controlType":"sap.m.Input","viewName":"etm.portal.ui.manageyards.view.New","viewId":"application-manageyards-display-component---NewYard","bindingPath":{"path":"","propertyPath":"/AUART","modelName":"NewYardModel"},"interaction":{"idSuffix":"inner"}},"clearTextFirst":true,"interactionType":"ENTER_TEXT"}]}
COMMAND: POST /session/cd477e99f4e247ef02c326ac6df7445e/execute/async - {"script":"<script> [1562 bytes]","args":[{"selector":{"controlType":"sap.m.Button","viewName":"etm.portal.ui.manageyards.view.New","viewId":"application-manageyards-display-component---NewYard","i18NText":{"propertyName":"text","key":"save"},"interaction":{"idSuffix":"BDI-content"}},"wdio_ui5_key":"etmportal.ui.manageyards.view.Newsap.m.Button{\"propertyName\":\"text\",\"key\":\"save\"}"}]}
RESULT: {"script":"<script> [1562 bytes]","args":[{"selector":{"controlType":"sap.m.Button","viewName":"etm.portal.ui.manageyards.view.New","viewId":"application-manageyards-display-component---NewYard","i18NText":{"propertyName":"text","key":"save"},"interaction":{"idSuffix":"BDI-content"}},"wdio_ui5_key":"etmportal.ui.manageyards.view.Newsap.m.Button{\"propertyName\":\"text\",\"key\":\"save\"}"}]}
RESULT: undefined
COMMAND: POST /session/cd477e99f4e247ef02c326ac6df7445e/element - {"using":"xpath","value":"//*[@id=\"__button18\"]"}
RESULT: {"using":"xpath","value":"//*[@id=\"__button18\"]"}
COMMAND: POST /session/cd477e99f4e247ef02c326ac6df7445e/element/f.375AD1BF2998C782D6149A43C57C8E27.d.021ACB78BE69E8B95D0AD89B178593C8.e.8868/click - {}
RESULT: {}
COMMAND: GET /session/cd477e99f4e247ef02c326ac6df7445e/screenshot - {}
RESULT: {}
COMMAND: POST /session/cd477e99f4e247ef02c326ac6df7445e/execute/async - {"script":"<script> [1562 bytes]","args":[{"selector":{"controlType":"sap.m.Text","viewName":"etm.portal.ui.manageyards.view.Detail","viewId":"application-manageyards-display-component---detailYard","bindingPath":{"propertyPath":"ID","modelName":"catalogModel"}},"wdio_ui5_key":"etmportal.ui.manageyards.view.Detailsap.m.Text{\"propertyPath\":\"ID\",\"modelName\":\"catalogModel\"}"}]}
RESULT: {"script":"<script> [1562 bytes]","args":[{"selector":{"controlType":"sap.m.Text","viewName":"etm.portal.ui.manageyards.view.Detail","viewId":"application-manageyards-display-component---detailYard","bindingPath":{"propertyPath":"ID","modelName":"catalogModel"}},"wdio_ui5_key":"etmportal.ui.manageyards.view.Detailsap.m.Text{\"propertyPath\":\"ID\",\"modelName\":\"catalogModel\"}"}]}
RESULT: undefined
COMMAND: POST /session/cd477e99f4e247ef02c326ac6df7445e/execute/async - {"script":"<script> [6424 bytes]","args":[{"element-6066-11e4-a52e-4f735466cecf":"f.375AD1BF2998C782D6149A43C57C8E27.d.021ACB78BE69E8B95D0AD89B178593C8.e.9120"},"getText",[]]}
RESULT: {"script":"<script> [6424 bytes]","args":[{"element-6066-11e4-a52e-4f735466cecf":"f.375AD1BF2998C782D6149A43C57C8E27.d.021ACB78BE69E8B95D0AD89B178593C8.e.9120"},"getText",[]]}
COMMAND: POST /session/cd477e99f4e247ef02c326ac6df7445e/element - {"using":"css selector","value":"#shell-header-logo"}
RESULT: {"using":"css selector","value":"#shell-header-logo"}
COMMAND: POST /session/cd477e99f4e247ef02c326ac6df7445e/element/f.375AD1BF2998C782D6149A43C57C8E27.d.021ACB78BE69E8B95D0AD89B178593C8.e.8423/click - {}
RESULT: {}
COMMAND: GET /session/cd477e99f4e247ef02c326ac6df7445e/screenshot - {}
RESULT: {}
]]></system-out>
    </testcase>
    <testcase classname="chrome.135_0_7049_96.windows.Create_masterdata_for_Mass_Change_State_US104416" name="Should create site" time="52.818">
      <system-out><![CDATA[
COMMAND: POST /session/cd477e99f4e247ef02c326ac6df7445e/execute/async - {"script":"<script> [1562 bytes]","args":[{"selector":{"controlType":"sap.m.GenericTile","properties":{"header":"Manage Sites"}},"wdio_ui5_key":"sapm.GenericTile{\"header\":\"Manage Sites\"}"}]}
RESULT: {"script":"<script> [1562 bytes]","args":[{"selector":{"controlType":"sap.m.GenericTile","properties":{"header":"Manage Sites"}},"wdio_ui5_key":"sapm.GenericTile{\"header\":\"Manage Sites\"}"}]}
RESULT: undefined
COMMAND: POST /session/cd477e99f4e247ef02c326ac6df7445e/element - {"using":"xpath","value":"//*[@id=\"__tile40\"]"}
RESULT: {"using":"xpath","value":"//*[@id=\"__tile40\"]"}
COMMAND: POST /session/cd477e99f4e247ef02c326ac6df7445e/element/f.375AD1BF2998C782D6149A43C57C8E27.d.021ACB78BE69E8B95D0AD89B178593C8.e.9122/click - {}
RESULT: {}
COMMAND: GET /session/cd477e99f4e247ef02c326ac6df7445e/screenshot - {}
RESULT: {}
COMMAND: POST /session/cd477e99f4e247ef02c326ac6df7445e/execute/async - {"script":"<script> [1562 bytes]","args":[{"selector":{"controlType":"sap.ui.core.Icon","viewName":"etm.portal.ui.managesites.view.Master","viewId":"application-managesites-display-component---masterSite","properties":{"src":{"regex":{"source":"add"}}}},"wdio_ui5_key":"etmportal.ui.managesites.view.Mastersap.ui.core.Icon{\"src\":{\"regex\":{\"source\":\"add\"}}}"}]}
RESULT: {"script":"<script> [1562 bytes]","args":[{"selector":{"controlType":"sap.ui.core.Icon","viewName":"etm.portal.ui.managesites.view.Master","viewId":"application-managesites-display-component---masterSite","properties":{"src":{"regex":{"source":"add"}}}},"wdio_ui5_key":"etmportal.ui.managesites.view.Mastersap.ui.core.Icon{\"src\":{\"regex\":{\"source\":\"add\"}}}"}]}
RESULT: undefined
COMMAND: POST /session/cd477e99f4e247ef02c326ac6df7445e/element - {"using":"xpath","value":"//*[@id=\"__button64-img\"]"}
RESULT: {"using":"xpath","value":"//*[@id=\"__button64-img\"]"}
COMMAND: POST /session/cd477e99f4e247ef02c326ac6df7445e/element/f.375AD1BF2998C782D6149A43C57C8E27.d.021ACB78BE69E8B95D0AD89B178593C8.e.9169/click - {}
RESULT: {}
COMMAND: GET /session/cd477e99f4e247ef02c326ac6df7445e/screenshot - {}
RESULT: {}
COMMAND: POST /session/cd477e99f4e247ef02c326ac6df7445e/execute/async - {"script":"<script> [1562 bytes]","args":[{"selector":{"controlType":"sap.m.Button","viewName":"etm.portal.ui.managesites.view.NewSmartSite","viewId":"application-managesites-display-component---NewSite","properties":{"text":"General Information"},"interaction":{"idSuffix":"BDI-content"}},"wdio_ui5_key":"etmportal.ui.managesites.view.NewSmartSitesap.m.Button{\"text\":\"General Information\"}"}]}
RESULT: {"script":"<script> [1562 bytes]","args":[{"selector":{"controlType":"sap.m.Button","viewName":"etm.portal.ui.managesites.view.NewSmartSite","viewId":"application-managesites-display-component---NewSite","properties":{"text":"General Information"},"interaction":{"idSuffix":"BDI-content"}},"wdio_ui5_key":"etmportal.ui.managesites.view.NewSmartSitesap.m.Button{\"text\":\"General Information\"}"}]}
RESULT: undefined
COMMAND: POST /session/cd477e99f4e247ef02c326ac6df7445e/element - {"using":"xpath","value":"//*[@id=\"application-managesites-display-component---NewSite--ObjectPageLayout-anchBar-__section31-anchor\"]"}
RESULT: {"using":"xpath","value":"//*[@id=\"application-managesites-display-component---NewSite--ObjectPageLayout-anchBar-__section31-anchor\"]"}
COMMAND: POST /session/cd477e99f4e247ef02c326ac6df7445e/element/f.375AD1BF2998C782D6149A43C57C8E27.d.021ACB78BE69E8B95D0AD89B178593C8.e.9551/click - {}
RESULT: {}
COMMAND: POST /session/cd477e99f4e247ef02c326ac6df7445e/execute/async - {"script":"<script> [1562 bytes]","args":[{"selector":{"id":"application-managesites-display-component---NewSite--addressDetailDetailsName1","interaction":{"idSuffix":"inner"}},"wdio_ui5_key":"applicationmanagesites-display-component---NewSite--addressDetailDetailsName1"}]}
COMMAND: GET /session/cd477e99f4e247ef02c326ac6df7445e/screenshot - {}
RESULT: {"script":"<script> [1562 bytes]","args":[{"selector":{"id":"application-managesites-display-component---NewSite--addressDetailDetailsName1","interaction":{"idSuffix":"inner"}},"wdio_ui5_key":"applicationmanagesites-display-component---NewSite--addressDetailDetailsName1"}]}
RESULT: undefined
COMMAND: POST /session/cd477e99f4e247ef02c326ac6df7445e/execute/async - {"script":"<script> [776 bytes]","args":[{"enterText":"WebDriver-MassState","selector":{"id":"application-managesites-display-component---NewSite--addressDetailDetailsName1","interaction":{"idSuffix":"inner"}},"clearTextFirst":true,"interactionType":"ENTER_TEXT"}]}
RESULT: {}
RESULT: {"script":"<script> [776 bytes]","args":[{"enterText":"WebDriver-MassState","selector":{"id":"application-managesites-display-component---NewSite--addressDetailDetailsName1","interaction":{"idSuffix":"inner"}},"clearTextFirst":true,"interactionType":"ENTER_TEXT"}]}
COMMAND: POST /session/cd477e99f4e247ef02c326ac6df7445e/execute/async - {"script":"<script> [1562 bytes]","args":[{"selector":{"id":"application-managesites-display-component---NewSite--addressDetailDetailsLanguage","interaction":{"idSuffix":"inner"}},"wdio_ui5_key":"applicationmanagesites-display-component---NewSite--addressDetailDetailsLanguage"}]}
RESULT: {"script":"<script> [1562 bytes]","args":[{"selector":{"id":"application-managesites-display-component---NewSite--addressDetailDetailsLanguage","interaction":{"idSuffix":"inner"}},"wdio_ui5_key":"applicationmanagesites-display-component---NewSite--addressDetailDetailsLanguage"}]}
RESULT: undefined
COMMAND: POST /session/cd477e99f4e247ef02c326ac6df7445e/execute/async - {"script":"<script> [776 bytes]","args":[{"enterText":"Romanian","selector":{"id":"application-managesites-display-component---NewSite--addressDetailDetailsLanguage","interaction":{"idSuffix":"inner"}},"clearTextFirst":true,"interactionType":"ENTER_TEXT"}]}
RESULT: {"script":"<script> [776 bytes]","args":[{"enterText":"Romanian","selector":{"id":"application-managesites-display-component---NewSite--addressDetailDetailsLanguage","interaction":{"idSuffix":"inner"}},"clearTextFirst":true,"interactionType":"ENTER_TEXT"}]}
COMMAND: POST /session/cd477e99f4e247ef02c326ac6df7445e/execute/async - {"script":"<script> [1562 bytes]","args":[{"selector":{"id":"application-managesites-display-component---NewSite--addressDetailDetailsCity1","interaction":{"idSuffix":"inner"}},"wdio_ui5_key":"applicationmanagesites-display-component---NewSite--addressDetailDetailsCity1"}]}
RESULT: {"script":"<script> [1562 bytes]","args":[{"selector":{"id":"application-managesites-display-component---NewSite--addressDetailDetailsCity1","interaction":{"idSuffix":"inner"}},"wdio_ui5_key":"applicationmanagesites-display-component---NewSite--addressDetailDetailsCity1"}]}
RESULT: undefined
COMMAND: POST /session/cd477e99f4e247ef02c326ac6df7445e/execute/async - {"script":"<script> [776 bytes]","args":[{"enterText":"Bucharest","selector":{"id":"application-managesites-display-component---NewSite--addressDetailDetailsCity1","interaction":{"idSuffix":"inner"}},"clearTextFirst":true,"interactionType":"ENTER_TEXT"}]}
RESULT: {"script":"<script> [776 bytes]","args":[{"enterText":"Bucharest","selector":{"id":"application-managesites-display-component---NewSite--addressDetailDetailsCity1","interaction":{"idSuffix":"inner"}},"clearTextFirst":true,"interactionType":"ENTER_TEXT"}]}
COMMAND: POST /session/cd477e99f4e247ef02c326ac6df7445e/execute/async - {"script":"<script> [1562 bytes]","args":[{"selector":{"id":"application-managesites-display-component---NewSite--addressDetailDetailsCountry","interaction":{"idSuffix":"inner"}},"wdio_ui5_key":"applicationmanagesites-display-component---NewSite--addressDetailDetailsCountry"}]}
RESULT: {"script":"<script> [1562 bytes]","args":[{"selector":{"id":"application-managesites-display-component---NewSite--addressDetailDetailsCountry","interaction":{"idSuffix":"inner"}},"wdio_ui5_key":"applicationmanagesites-display-component---NewSite--addressDetailDetailsCountry"}]}
RESULT: undefined
COMMAND: POST /session/cd477e99f4e247ef02c326ac6df7445e/execute/async - {"script":"<script> [6424 bytes]","args":[{"element-6066-11e4-a52e-4f735466cecf":"f.375AD1BF2998C782D6149A43C57C8E27.d.021ACB78BE69E8B95D0AD89B178593C8.e.9350"},"setValue",["Romania"]]}
RESULT: {"script":"<script> [6424 bytes]","args":[{"element-6066-11e4-a52e-4f735466cecf":"f.375AD1BF2998C782D6149A43C57C8E27.d.021ACB78BE69E8B95D0AD89B178593C8.e.9350"},"setValue",["Romania"]]}
COMMAND: POST /session/cd477e99f4e247ef02c326ac6df7445e/execute/async - {"script":"<script> [1562 bytes]","args":[{"selector":{"id":"application-managesites-display-component---NewSite--addressDetailDetailsCalendar","interaction":{"idSuffix":"inner"}},"wdio_ui5_key":"applicationmanagesites-display-component---NewSite--addressDetailDetailsCalendar"}]}
RESULT: {"script":"<script> [1562 bytes]","args":[{"selector":{"id":"application-managesites-display-component---NewSite--addressDetailDetailsCalendar","interaction":{"idSuffix":"inner"}},"wdio_ui5_key":"applicationmanagesites-display-component---NewSite--addressDetailDetailsCalendar"}]}
RESULT: undefined
COMMAND: POST /session/cd477e99f4e247ef02c326ac6df7445e/execute/async - {"script":"<script> [776 bytes]","args":[{"enterText":"8 - Germany (Standard)","selector":{"id":"application-managesites-display-component---NewSite--addressDetailDetailsCalendar","interaction":{"idSuffix":"inner"}},"clearTextFirst":true,"interactionType":"ENTER_TEXT"}]}
RESULT: {"script":"<script> [776 bytes]","args":[{"enterText":"8 - Germany (Standard)","selector":{"id":"application-managesites-display-component---NewSite--addressDetailDetailsCalendar","interaction":{"idSuffix":"inner"}},"clearTextFirst":true,"interactionType":"ENTER_TEXT"}]}
COMMAND: POST /session/cd477e99f4e247ef02c326ac6df7445e/element - {"using":"xpath","value":"//input[@id=\"application-managesites-display-component---NewSite--addressDetailDetailsYard-inner\"]"}
RESULT: {"using":"xpath","value":"//input[@id=\"application-managesites-display-component---NewSite--addressDetailDetailsYard-inner\"]"}
COMMAND: POST /session/cd477e99f4e247ef02c326ac6df7445e/element/f.375AD1BF2998C782D6149A43C57C8E27.d.021ACB78BE69E8B95D0AD89B178593C8.e.9361/value - {"text":"796"}
RESULT: {"text":"796"}
COMMAND: GET /session/cd477e99f4e247ef02c326ac6df7445e/screenshot - {}
RESULT: {}
COMMAND: POST /session/cd477e99f4e247ef02c326ac6df7445e/actions - {"actions":[{"id":"action22","type":"key","parameters":{},"actions":[{"type":"keyDown","value":"î€‡"},{"type":"pause","duration":10},{"type":"keyUp","value":"î€‡"}]}]}
RESULT: {"actions":[{"id":"action22","type":"key","parameters":{},"actions":[{"type":"keyDown","value":"î€‡"},{"type":"pause","duration":10},{"type":"keyUp","value":"î€‡"}]}]}
COMMAND: POST /session/cd477e99f4e247ef02c326ac6df7445e/execute/async - {"script":"<script> [1562 bytes]","args":[{"selector":{"controlType":"sap.m.Button","viewName":"etm.portal.ui.managesites.view.NewSmartSite","viewId":"application-managesites-display-component---NewSite","properties":{"text":"Commercial"},"interaction":{"idSuffix":"BDI-content"}},"wdio_ui5_key":"etmportal.ui.managesites.view.NewSmartSitesap.m.Button{\"text\":\"Commercial\"}"}]}
COMMAND: GET /session/cd477e99f4e247ef02c326ac6df7445e/screenshot - {}
RESULT: {"script":"<script> [1562 bytes]","args":[{"selector":{"controlType":"sap.m.Button","viewName":"etm.portal.ui.managesites.view.NewSmartSite","viewId":"application-managesites-display-component---NewSite","properties":{"text":"Commercial"},"interaction":{"idSuffix":"BDI-content"}},"wdio_ui5_key":"etmportal.ui.managesites.view.NewSmartSitesap.m.Button{\"text\":\"Commercial\"}"}]}
RESULT: undefined
COMMAND: POST /session/cd477e99f4e247ef02c326ac6df7445e/element - {"using":"xpath","value":"//*[@id=\"application-managesites-display-component---NewSite--ObjectPageLayout-anchBar-__section33-anchor\"]"}
RESULT: {}
RESULT: {"using":"xpath","value":"//*[@id=\"application-managesites-display-component---NewSite--ObjectPageLayout-anchBar-__section33-anchor\"]"}
COMMAND: POST /session/cd477e99f4e247ef02c326ac6df7445e/element/f.375AD1BF2998C782D6149A43C57C8E27.d.021ACB78BE69E8B95D0AD89B178593C8.e.9560/click - {}
RESULT: {}
COMMAND: POST /session/cd477e99f4e247ef02c326ac6df7445e/execute/async - {"script":"<script> [1562 bytes]","args":[{"selector":{"controlType":"sap.m.Button","viewName":"etm.portal.ui.managesites.view.NewSmartSite","viewId":"application-managesites-display-component---NewSite","i18NText":{"propertyName":"text","key":"save"},"interaction":{"idSuffix":"BDI-content"}},"wdio_ui5_key":"etmportal.ui.managesites.view.NewSmartSitesap.m.Button{\"propertyName\":\"text\",\"key\":\"save\"}"}]}
COMMAND: GET /session/cd477e99f4e247ef02c326ac6df7445e/screenshot - {}
RESULT: {"script":"<script> [1562 bytes]","args":[{"selector":{"controlType":"sap.m.Button","viewName":"etm.portal.ui.managesites.view.NewSmartSite","viewId":"application-managesites-display-component---NewSite","i18NText":{"propertyName":"text","key":"save"},"interaction":{"idSuffix":"BDI-content"}},"wdio_ui5_key":"etmportal.ui.managesites.view.NewSmartSitesap.m.Button{\"propertyName\":\"text\",\"key\":\"save\"}"}]}
RESULT: undefined
COMMAND: POST /session/cd477e99f4e247ef02c326ac6df7445e/element - {"using":"xpath","value":"//*[@id=\"__button76\"]"}
RESULT: {}
RESULT: {"using":"xpath","value":"//*[@id=\"__button76\"]"}
COMMAND: POST /session/cd477e99f4e247ef02c326ac6df7445e/element/f.375AD1BF2998C782D6149A43C57C8E27.d.021ACB78BE69E8B95D0AD89B178593C8.e.9507/click - {}
RESULT: {}
COMMAND: GET /session/cd477e99f4e247ef02c326ac6df7445e/screenshot - {}
RESULT: {}
COMMAND: POST /session/cd477e99f4e247ef02c326ac6df7445e/execute/async - {"script":"<script> [1562 bytes]","args":[{"selector":{"controlType":"sap.m.Text","viewName":"etm.portal.ui.managesites.view.Detail","viewId":"application-managesites-display-component---detailSite","bindingPath":{"propertyPath":"ID","modelName":"catalogModel"}},"wdio_ui5_key":"etmportal.ui.managesites.view.Detailsap.m.Text{\"propertyPath\":\"ID\",\"modelName\":\"catalogModel\"}"}]}
RESULT: {"script":"<script> [1562 bytes]","args":[{"selector":{"controlType":"sap.m.Text","viewName":"etm.portal.ui.managesites.view.Detail","viewId":"application-managesites-display-component---detailSite","bindingPath":{"propertyPath":"ID","modelName":"catalogModel"}},"wdio_ui5_key":"etmportal.ui.managesites.view.Detailsap.m.Text{\"propertyPath\":\"ID\",\"modelName\":\"catalogModel\"}"}]}
RESULT: undefined
COMMAND: POST /session/cd477e99f4e247ef02c326ac6df7445e/execute/async - {"script":"<script> [6424 bytes]","args":[{"element-6066-11e4-a52e-4f735466cecf":"f.375AD1BF2998C782D6149A43C57C8E27.d.021ACB78BE69E8B95D0AD89B178593C8.e.9760"},"getText",[]]}
RESULT: {"script":"<script> [6424 bytes]","args":[{"element-6066-11e4-a52e-4f735466cecf":"f.375AD1BF2998C782D6149A43C57C8E27.d.021ACB78BE69E8B95D0AD89B178593C8.e.9760"},"getText",[]]}
COMMAND: POST /session/cd477e99f4e247ef02c326ac6df7445e/execute/async - {"script":"<script> [1562 bytes]","args":[{"selector":{"controlType":"sap.m.Label","viewName":"etm.portal.ui.managesites.view.Detail","viewId":"application-managesites-display-component---detailSite","i18NText":{"propertyName":"text","key":"status"}},"wdio_ui5_key":"etmportal.ui.managesites.view.Detailsap.m.Label{\"propertyName\":\"text\",\"key\":\"status\"}"}]}
RESULT: {"script":"<script> [1562 bytes]","args":[{"selector":{"controlType":"sap.m.Label","viewName":"etm.portal.ui.managesites.view.Detail","viewId":"application-managesites-display-component---detailSite","i18NText":{"propertyName":"text","key":"status"}},"wdio_ui5_key":"etmportal.ui.managesites.view.Detailsap.m.Label{\"propertyName\":\"text\",\"key\":\"status\"}"}]}
RESULT: undefined
COMMAND: POST /session/cd477e99f4e247ef02c326ac6df7445e/execute/async - {"script":"<script> [6424 bytes]","args":[{"element-6066-11e4-a52e-4f735466cecf":"f.375AD1BF2998C782D6149A43C57C8E27.d.021ACB78BE69E8B95D0AD89B178593C8.e.9750"},"getText",[]]}
RESULT: {"script":"<script> [6424 bytes]","args":[{"element-6066-11e4-a52e-4f735466cecf":"f.375AD1BF2998C782D6149A43C57C8E27.d.021ACB78BE69E8B95D0AD89B178593C8.e.9750"},"getText",[]]}
COMMAND: POST /session/cd477e99f4e247ef02c326ac6df7445e/element - {"using":"css selector","value":"#shell-header-logo"}
RESULT: {"using":"css selector","value":"#shell-header-logo"}
COMMAND: POST /session/cd477e99f4e247ef02c326ac6df7445e/element/f.375AD1BF2998C782D6149A43C57C8E27.d.021ACB78BE69E8B95D0AD89B178593C8.e.9125/click - {}
RESULT: {}
COMMAND: GET /session/cd477e99f4e247ef02c326ac6df7445e/screenshot - {}
RESULT: {}
]]></system-out>
    </testcase>
    <testcase classname="chrome.135_0_7049_96.windows.Create_masterdata_for_Mass_Change_State_US104416" name="Should create Partner" time="62.697">
      <system-out><![CDATA[
COMMAND: POST /session/cd477e99f4e247ef02c326ac6df7445e/execute/async - {"script":"<script> [1562 bytes]","args":[{"selector":{"controlType":"sap.m.GenericTile","properties":{"header":"Manage Partners"}},"wdio_ui5_key":"sapm.GenericTile{\"header\":\"Manage Partners\"}"}]}
RESULT: {"script":"<script> [1562 bytes]","args":[{"selector":{"controlType":"sap.m.GenericTile","properties":{"header":"Manage Partners"}},"wdio_ui5_key":"sapm.GenericTile{\"header\":\"Manage Partners\"}"}]}
RESULT: undefined
COMMAND: POST /session/cd477e99f4e247ef02c326ac6df7445e/element - {"using":"xpath","value":"//*[@id=\"__tile38\"]"}
RESULT: {"using":"xpath","value":"//*[@id=\"__tile38\"]"}
COMMAND: POST /session/cd477e99f4e247ef02c326ac6df7445e/element/f.375AD1BF2998C782D6149A43C57C8E27.d.021ACB78BE69E8B95D0AD89B178593C8.e.9763/click - {}
RESULT: {}
COMMAND: GET /session/cd477e99f4e247ef02c326ac6df7445e/screenshot - {}
RESULT: {}
COMMAND: POST /session/cd477e99f4e247ef02c326ac6df7445e/execute/async - {"script":"<script> [1562 bytes]","args":[{"selector":{"controlType":"sap.ui.core.Icon","viewName":"etm.portal.ui.managepartners.view.Master","viewId":"application-managepartners-display-component---masterPtm","properties":{"src":{"regex":{"source":"add"}}}},"wdio_ui5_key":"etmportal.ui.managepartners.view.Mastersap.ui.core.Icon{\"src\":{\"regex\":{\"source\":\"add\"}}}"}]}
RESULT: {"script":"<script> [1562 bytes]","args":[{"selector":{"controlType":"sap.ui.core.Icon","viewName":"etm.portal.ui.managepartners.view.Master","viewId":"application-managepartners-display-component---masterPtm","properties":{"src":{"regex":{"source":"add"}}}},"wdio_ui5_key":"etmportal.ui.managepartners.view.Mastersap.ui.core.Icon{\"src\":{\"regex\":{\"source\":\"add\"}}}"}]}
RESULT: undefined
COMMAND: POST /session/cd477e99f4e247ef02c326ac6df7445e/element - {"using":"xpath","value":"//*[@id=\"__button119-img\"]"}
RESULT: {"using":"xpath","value":"//*[@id=\"__button119-img\"]"}
COMMAND: POST /session/cd477e99f4e247ef02c326ac6df7445e/element/f.375AD1BF2998C782D6149A43C57C8E27.d.021ACB78BE69E8B95D0AD89B178593C8.e.9812/click - {}
RESULT: {}
COMMAND: GET /session/cd477e99f4e247ef02c326ac6df7445e/screenshot - {}
RESULT: {}
COMMAND: POST /session/cd477e99f4e247ef02c326ac6df7445e/execute/async - {"script":"<script> [1562 bytes]","args":[{"selector":{"id":"application-managepartners-display-component---NewPartner--addressDetailDetailsName1","interaction":{"idSuffix":"inner"}},"wdio_ui5_key":"applicationmanagepartners-display-component---NewPartner--addressDetailDetailsName1"}]}
RESULT: {"script":"<script> [1562 bytes]","args":[{"selector":{"id":"application-managepartners-display-component---NewPartner--addressDetailDetailsName1","interaction":{"idSuffix":"inner"}},"wdio_ui5_key":"applicationmanagepartners-display-component---NewPartner--addressDetailDetailsName1"}]}
RESULT: undefined
COMMAND: POST /session/cd477e99f4e247ef02c326ac6df7445e/execute/async - {"script":"<script> [776 bytes]","args":[{"enterText":"WebDriver-MassState","selector":{"id":"application-managepartners-display-component---NewPartner--addressDetailDetailsName1","interaction":{"idSuffix":"inner"}},"clearTextFirst":true,"interactionType":"ENTER_TEXT"}]}
RESULT: {"script":"<script> [776 bytes]","args":[{"enterText":"WebDriver-MassState","selector":{"id":"application-managepartners-display-component---NewPartner--addressDetailDetailsName1","interaction":{"idSuffix":"inner"}},"clearTextFirst":true,"interactionType":"ENTER_TEXT"}]}
COMMAND: POST /session/cd477e99f4e247ef02c326ac6df7445e/execute/async - {"script":"<script> [1562 bytes]","args":[{"selector":{"id":"application-managepartners-display-component---NewPartner--addressDetailDetailsLanguage-arrow"},"wdio_ui5_key":"applicationmanagepartners-display-component---NewPartner--addressDetailDetailsLanguage-arrow"}]}
RESULT: {"script":"<script> [1562 bytes]","args":[{"selector":{"id":"application-managepartners-display-component---NewPartner--addressDetailDetailsLanguage-arrow"},"wdio_ui5_key":"applicationmanagepartners-display-component---NewPartner--addressDetailDetailsLanguage-arrow"}]}
RESULT: undefined
COMMAND: POST /session/cd477e99f4e247ef02c326ac6df7445e/element - {"using":"xpath","value":"//*[@id=\"application-managepartners-display-component---NewPartner--addressDetailDetailsLanguage-arrow\"]"}
RESULT: {"using":"xpath","value":"//*[@id=\"application-managepartners-display-component---NewPartner--addressDetailDetailsLanguage-arrow\"]"}
COMMAND: POST /session/cd477e99f4e247ef02c326ac6df7445e/element/f.375AD1BF2998C782D6149A43C57C8E27.d.021ACB78BE69E8B95D0AD89B178593C8.e.10238/click - {}
RESULT: {}
COMMAND: POST /session/cd477e99f4e247ef02c326ac6df7445e/execute/async - {"script":"<script> [1562 bytes]","args":[{"selector":{"controlType":"sap.m.StandardListItem","viewName":"etm.portal.ui.managepartners.view.NewPartner","viewId":"application-managepartners-display-component---NewPartner","properties":{"title":"English"},"searchOpenDialogs":true,"interaction":{"idSuffix":"content"}},"wdio_ui5_key":"etmportal.ui.managepartners.view.NewPartnersap.m.StandardListItem{\"title\":\"English\"}"}]}
COMMAND: GET /session/cd477e99f4e247ef02c326ac6df7445e/screenshot - {}
RESULT: {"script":"<script> [1562 bytes]","args":[{"selector":{"controlType":"sap.m.StandardListItem","viewName":"etm.portal.ui.managepartners.view.NewPartner","viewId":"application-managepartners-display-component---NewPartner","properties":{"title":"English"},"searchOpenDialogs":true,"interaction":{"idSuffix":"content"}},"wdio_ui5_key":"etmportal.ui.managepartners.view.NewPartnersap.m.StandardListItem{\"title\":\"English\"}"}]}
RESULT: undefined
COMMAND: POST /session/cd477e99f4e247ef02c326ac6df7445e/element - {"using":"xpath","value":"//*[@id=\"__item1318\"]"}
RESULT: {}
RESULT: {"using":"xpath","value":"//*[@id=\"__item1318\"]"}
COMMAND: POST /session/cd477e99f4e247ef02c326ac6df7445e/element/f.375AD1BF2998C782D6149A43C57C8E27.d.021ACB78BE69E8B95D0AD89B178593C8.e.10240/click - {}
RESULT: {}
COMMAND: POST /session/cd477e99f4e247ef02c326ac6df7445e/execute/async - {"script":"<script> [1562 bytes]","args":[{"selector":{"id":"application-managepartners-display-component---NewPartner--addressDetailDetailsCity1","interaction":{"idSuffix":"inner"}},"wdio_ui5_key":"applicationmanagepartners-display-component---NewPartner--addressDetailDetailsCity1"}]}
COMMAND: GET /session/cd477e99f4e247ef02c326ac6df7445e/screenshot - {}
RESULT: {"script":"<script> [1562 bytes]","args":[{"selector":{"id":"application-managepartners-display-component---NewPartner--addressDetailDetailsCity1","interaction":{"idSuffix":"inner"}},"wdio_ui5_key":"applicationmanagepartners-display-component---NewPartner--addressDetailDetailsCity1"}]}
RESULT: undefined
COMMAND: POST /session/cd477e99f4e247ef02c326ac6df7445e/execute/async - {"script":"<script> [776 bytes]","args":[{"enterText":"Bangalore","selector":{"id":"application-managepartners-display-component---NewPartner--addressDetailDetailsCity1","interaction":{"idSuffix":"inner"}},"clearTextFirst":true,"interactionType":"ENTER_TEXT"}]}
RESULT: {}
RESULT: {"script":"<script> [776 bytes]","args":[{"enterText":"Bangalore","selector":{"id":"application-managepartners-display-component---NewPartner--addressDetailDetailsCity1","interaction":{"idSuffix":"inner"}},"clearTextFirst":true,"interactionType":"ENTER_TEXT"}]}
COMMAND: POST /session/cd477e99f4e247ef02c326ac6df7445e/execute/async - {"script":"<script> [1562 bytes]","args":[{"selector":{"id":"application-managepartners-display-component---NewPartner--addressDetailDetailsCountry-arrow"},"wdio_ui5_key":"applicationmanagepartners-display-component---NewPartner--addressDetailDetailsCountry-arrow"}]}
RESULT: {"script":"<script> [1562 bytes]","args":[{"selector":{"id":"application-managepartners-display-component---NewPartner--addressDetailDetailsCountry-arrow"},"wdio_ui5_key":"applicationmanagepartners-display-component---NewPartner--addressDetailDetailsCountry-arrow"}]}
RESULT: undefined
COMMAND: POST /session/cd477e99f4e247ef02c326ac6df7445e/element - {"using":"xpath","value":"//*[@id=\"application-managepartners-display-component---NewPartner--addressDetailDetailsCountry-arrow\"]"}
RESULT: {"using":"xpath","value":"//*[@id=\"application-managepartners-display-component---NewPartner--addressDetailDetailsCountry-arrow\"]"}
COMMAND: POST /session/cd477e99f4e247ef02c326ac6df7445e/element/f.375AD1BF2998C782D6149A43C57C8E27.d.021ACB78BE69E8B95D0AD89B178593C8.e.10242/click - {}
RESULT: {}
COMMAND: POST /session/cd477e99f4e247ef02c326ac6df7445e/execute/async - {"script":"<script> [1562 bytes]","args":[{"selector":{"id":"application-managepartners-display-component---NewPartner--addressDetailDetailsCountry","interaction":{"idSuffix":"inner"}},"wdio_ui5_key":"applicationmanagepartners-display-component---NewPartner--addressDetailDetailsCountry"}]}
COMMAND: GET /session/cd477e99f4e247ef02c326ac6df7445e/screenshot - {}
RESULT: {"script":"<script> [1562 bytes]","args":[{"selector":{"id":"application-managepartners-display-component---NewPartner--addressDetailDetailsCountry","interaction":{"idSuffix":"inner"}},"wdio_ui5_key":"applicationmanagepartners-display-component---NewPartner--addressDetailDetailsCountry"}]}
RESULT: undefined
COMMAND: POST /session/cd477e99f4e247ef02c326ac6df7445e/execute/async - {"script":"<script> [776 bytes]","args":[{"enterText":"India","selector":{"id":"application-managepartners-display-component---NewPartner--addressDetailDetailsCountry","interaction":{"idSuffix":"inner"}},"clearTextFirst":true,"interactionType":"ENTER_TEXT"}]}
RESULT: {}
RESULT: {"script":"<script> [776 bytes]","args":[{"enterText":"India","selector":{"id":"application-managepartners-display-component---NewPartner--addressDetailDetailsCountry","interaction":{"idSuffix":"inner"}},"clearTextFirst":true,"interactionType":"ENTER_TEXT"}]}
COMMAND: POST /session/cd477e99f4e247ef02c326ac6df7445e/execute/async - {"script":"<script> [1562 bytes]","args":[{"selector":{"controlType":"sap.m.StandardListItem","viewName":"etm.portal.ui.managepartners.view.NewPartner","viewId":"application-managepartners-display-component---NewPartner","properties":{"title":"India"},"searchOpenDialogs":true,"interaction":{"idSuffix":"content"}},"wdio_ui5_key":"etmportal.ui.managepartners.view.NewPartnersap.m.StandardListItem{\"title\":\"India\"}"}]}
RESULT: {"script":"<script> [1562 bytes]","args":[{"selector":{"controlType":"sap.m.StandardListItem","viewName":"etm.portal.ui.managepartners.view.NewPartner","viewId":"application-managepartners-display-component---NewPartner","properties":{"title":"India"},"searchOpenDialogs":true,"interaction":{"idSuffix":"content"}},"wdio_ui5_key":"etmportal.ui.managepartners.view.NewPartnersap.m.StandardListItem{\"title\":\"India\"}"}]}
RESULT: undefined
COMMAND: POST /session/cd477e99f4e247ef02c326ac6df7445e/execute/async - {"script":"<script> [1562 bytes]","args":[{"selector":{"controlType":"sap.m.Button","viewName":"etm.portal.ui.managepartners.view.NewPartner","viewId":"application-managepartners-display-component---NewPartner","properties":{"text":"Commercial"},"interaction":{"idSuffix":"BDI-content"}},"wdio_ui5_key":"etmportal.ui.managepartners.view.NewPartnersap.m.Button{\"text\":\"Commercial\"}"}]}
RESULT: {"script":"<script> [1562 bytes]","args":[{"selector":{"controlType":"sap.m.Button","viewName":"etm.portal.ui.managepartners.view.NewPartner","viewId":"application-managepartners-display-component---NewPartner","properties":{"text":"Commercial"},"interaction":{"idSuffix":"BDI-content"}},"wdio_ui5_key":"etmportal.ui.managepartners.view.NewPartnersap.m.Button{\"text\":\"Commercial\"}"}]}
RESULT: undefined
COMMAND: POST /session/cd477e99f4e247ef02c326ac6df7445e/element - {"using":"xpath","value":"//*[@id=\"application-managepartners-display-component---NewPartner--ObjectPageLayout-anchBar-__section57-anchor\"]"}
RESULT: {"using":"xpath","value":"//*[@id=\"application-managepartners-display-component---NewPartner--ObjectPageLayout-anchBar-__section57-anchor\"]"}
COMMAND: POST /session/cd477e99f4e247ef02c326ac6df7445e/element/f.375AD1BF2998C782D6149A43C57C8E27.d.021ACB78BE69E8B95D0AD89B178593C8.e.10247/click - {}
RESULT: {}
COMMAND: POST /session/cd477e99f4e247ef02c326ac6df7445e/execute/async - {"script":"<script> [1562 bytes]","args":[{"selector":{"id":"application-managepartners-display-component---NewPartner--partnerDetailInternal-arrow"},"wdio_ui5_key":"applicationmanagepartners-display-component---NewPartner--partnerDetailInternal-arrow"}]}
COMMAND: GET /session/cd477e99f4e247ef02c326ac6df7445e/screenshot - {}
RESULT: {"script":"<script> [1562 bytes]","args":[{"selector":{"id":"application-managepartners-display-component---NewPartner--partnerDetailInternal-arrow"},"wdio_ui5_key":"applicationmanagepartners-display-component---NewPartner--partnerDetailInternal-arrow"}]}
RESULT: undefined
COMMAND: POST /session/cd477e99f4e247ef02c326ac6df7445e/element - {"using":"xpath","value":"//*[@id=\"application-managepartners-display-component---NewPartner--partnerDetailInternal-arrow\"]"}
RESULT: {}
RESULT: {"using":"xpath","value":"//*[@id=\"application-managepartners-display-component---NewPartner--partnerDetailInternal-arrow\"]"}
COMMAND: POST /session/cd477e99f4e247ef02c326ac6df7445e/element/f.375AD1BF2998C782D6149A43C57C8E27.d.021ACB78BE69E8B95D0AD89B178593C8.e.10252/click - {}
RESULT: {}
COMMAND: POST /session/cd477e99f4e247ef02c326ac6df7445e/execute/async - {"script":"<script> [1562 bytes]","args":[{"selector":{"controlType":"sap.m.StandardListItem","viewName":"etm.portal.ui.managepartners.view.NewPartner","viewId":"application-managepartners-display-component---NewPartner","properties":{"title":"External partner"},"searchOpenDialogs":true,"interaction":{"idSuffix":"content"}},"wdio_ui5_key":"etmportal.ui.managepartners.view.NewPartnersap.m.StandardListItem{\"title\":\"External partner\"}"}]}
COMMAND: GET /session/cd477e99f4e247ef02c326ac6df7445e/screenshot - {}
RESULT: {"script":"<script> [1562 bytes]","args":[{"selector":{"controlType":"sap.m.StandardListItem","viewName":"etm.portal.ui.managepartners.view.NewPartner","viewId":"application-managepartners-display-component---NewPartner","properties":{"title":"External partner"},"searchOpenDialogs":true,"interaction":{"idSuffix":"content"}},"wdio_ui5_key":"etmportal.ui.managepartners.view.NewPartnersap.m.StandardListItem{\"title\":\"External partner\"}"}]}
RESULT: undefined
COMMAND: POST /session/cd477e99f4e247ef02c326ac6df7445e/element - {"using":"xpath","value":"//*[@id=\"__item1452\"]"}
RESULT: {}
RESULT: {"using":"xpath","value":"//*[@id=\"__item1452\"]"}
COMMAND: POST /session/cd477e99f4e247ef02c326ac6df7445e/element/f.375AD1BF2998C782D6149A43C57C8E27.d.021ACB78BE69E8B95D0AD89B178593C8.e.10255/click - {}
RESULT: {}
COMMAND: POST /session/cd477e99f4e247ef02c326ac6df7445e/execute/async - {"script":"<script> [1562 bytes]","args":[{"selector":{"id":"application-managepartners-display-component---NewPartner--partnerDetailsCurrency-arrow"},"wdio_ui5_key":"applicationmanagepartners-display-component---NewPartner--partnerDetailsCurrency-arrow"}]}
COMMAND: GET /session/cd477e99f4e247ef02c326ac6df7445e/screenshot - {}
RESULT: {"script":"<script> [1562 bytes]","args":[{"selector":{"id":"application-managepartners-display-component---NewPartner--partnerDetailsCurrency-arrow"},"wdio_ui5_key":"applicationmanagepartners-display-component---NewPartner--partnerDetailsCurrency-arrow"}]}
RESULT: undefined
COMMAND: POST /session/cd477e99f4e247ef02c326ac6df7445e/element - {"using":"xpath","value":"//*[@id=\"application-managepartners-display-component---NewPartner--partnerDetailsCurrency-arrow\"]"}
RESULT: {}
RESULT: {"using":"xpath","value":"//*[@id=\"application-managepartners-display-component---NewPartner--partnerDetailsCurrency-arrow\"]"}
COMMAND: POST /session/cd477e99f4e247ef02c326ac6df7445e/element/f.375AD1BF2998C782D6149A43C57C8E27.d.021ACB78BE69E8B95D0AD89B178593C8.e.10260/click - {}
RESULT: {}
COMMAND: POST /session/cd477e99f4e247ef02c326ac6df7445e/execute/async - {"script":"<script> [1562 bytes]","args":[{"selector":{"controlType":"sap.m.StandardListItem","viewName":"etm.portal.ui.managepartners.view.NewPartner","viewId":"application-managepartners-display-component---NewPartner","properties":{"title":"Euro"},"searchOpenDialogs":true,"interaction":{"idSuffix":"content"}},"wdio_ui5_key":"etmportal.ui.managepartners.view.NewPartnersap.m.StandardListItem{\"title\":\"Euro\"}"}]}
COMMAND: GET /session/cd477e99f4e247ef02c326ac6df7445e/screenshot - {}
RESULT: {"script":"<script> [1562 bytes]","args":[{"selector":{"controlType":"sap.m.StandardListItem","viewName":"etm.portal.ui.managepartners.view.NewPartner","viewId":"application-managepartners-display-component---NewPartner","properties":{"title":"Euro"},"searchOpenDialogs":true,"interaction":{"idSuffix":"content"}},"wdio_ui5_key":"etmportal.ui.managepartners.view.NewPartnersap.m.StandardListItem{\"title\":\"Euro\"}"}]}
RESULT: undefined
COMMAND: POST /session/cd477e99f4e247ef02c326ac6df7445e/element - {"using":"xpath","value":"//*[@id=\"__item1454\"]"}
RESULT: {}
RESULT: {"using":"xpath","value":"//*[@id=\"__item1454\"]"}
COMMAND: POST /session/cd477e99f4e247ef02c326ac6df7445e/element/f.375AD1BF2998C782D6149A43C57C8E27.d.021ACB78BE69E8B95D0AD89B178593C8.e.10262/click - {}
RESULT: {}
COMMAND: POST /session/cd477e99f4e247ef02c326ac6df7445e/execute/async - {"script":"<script> [1562 bytes]","args":[{"selector":{"controlType":"sap.m.Button","viewName":"etm.portal.ui.managepartners.view.NewPartner","viewId":"application-managepartners-display-component---NewPartner","properties":{"text":"Assignments"},"interaction":{"idSuffix":"BDI-content"}},"wdio_ui5_key":"etmportal.ui.managepartners.view.NewPartnersap.m.Button{\"text\":\"Assignments\"}"}]}
COMMAND: GET /session/cd477e99f4e247ef02c326ac6df7445e/screenshot - {}
RESULT: {"script":"<script> [1562 bytes]","args":[{"selector":{"controlType":"sap.m.Button","viewName":"etm.portal.ui.managepartners.view.NewPartner","viewId":"application-managepartners-display-component---NewPartner","properties":{"text":"Assignments"},"interaction":{"idSuffix":"BDI-content"}},"wdio_ui5_key":"etmportal.ui.managepartners.view.NewPartnersap.m.Button{\"text\":\"Assignments\"}"}]}
RESULT: undefined
COMMAND: POST /session/cd477e99f4e247ef02c326ac6df7445e/element - {"using":"xpath","value":"//*[@id=\"application-managepartners-display-component---NewPartner--ObjectPageLayout-anchBar-__section61-anchor\"]"}
RESULT: {}
RESULT: {"using":"xpath","value":"//*[@id=\"application-managepartners-display-component---NewPartner--ObjectPageLayout-anchBar-__section61-anchor\"]"}
COMMAND: POST /session/cd477e99f4e247ef02c326ac6df7445e/element/f.375AD1BF2998C782D6149A43C57C8E27.d.021ACB78BE69E8B95D0AD89B178593C8.e.10264/click - {}
RESULT: {}
COMMAND: POST /session/cd477e99f4e247ef02c326ac6df7445e/execute/async - {"script":"<script> [1562 bytes]","args":[{"selector":{"id":"application-managepartners-display-component---NewPartner--btnAddTableRow","interaction":{"idSuffix":"inner"}},"wdio_ui5_key":"applicationmanagepartners-display-component---NewPartner--btnAddTableRow"}]}
COMMAND: GET /session/cd477e99f4e247ef02c326ac6df7445e/screenshot - {}
RESULT: {"script":"<script> [1562 bytes]","args":[{"selector":{"id":"application-managepartners-display-component---NewPartner--btnAddTableRow","interaction":{"idSuffix":"inner"}},"wdio_ui5_key":"applicationmanagepartners-display-component---NewPartner--btnAddTableRow"}]}
RESULT: undefined
COMMAND: POST /session/cd477e99f4e247ef02c326ac6df7445e/element - {"using":"xpath","value":"//*[@id=\"application-managepartners-display-component---NewPartner--btnAddTableRow\"]"}
RESULT: {}
RESULT: {"using":"xpath","value":"//*[@id=\"application-managepartners-display-component---NewPartner--btnAddTableRow\"]"}
COMMAND: POST /session/cd477e99f4e247ef02c326ac6df7445e/element/f.375AD1BF2998C782D6149A43C57C8E27.d.021ACB78BE69E8B95D0AD89B178593C8.e.10271/click - {}
RESULT: {}
COMMAND: POST /session/cd477e99f4e247ef02c326ac6df7445e/element - {"using":"css selector","value":"#application-managepartners-display-component---NewPartner--assignmentYard-application-managepartners-display-component---NewPartner--assignmentsTable-0-inner"}
COMMAND: GET /session/cd477e99f4e247ef02c326ac6df7445e/screenshot - {}
RESULT: {"using":"css selector","value":"#application-managepartners-display-component---NewPartner--assignmentYard-application-managepartners-display-component---NewPartner--assignmentsTable-0-inner"}
COMMAND: POST /session/cd477e99f4e247ef02c326ac6df7445e/element/f.375AD1BF2998C782D6149A43C57C8E27.d.021ACB78BE69E8B95D0AD89B178593C8.e.10273/value - {"text":"796"}
RESULT: {}
RESULT: {"text":"796"}
COMMAND: GET /session/cd477e99f4e247ef02c326ac6df7445e/screenshot - {}
RESULT: {}
COMMAND: POST /session/cd477e99f4e247ef02c326ac6df7445e/actions - {"actions":[{"id":"action23","type":"key","parameters":{},"actions":[{"type":"keyDown","value":"î€‡"},{"type":"pause","duration":10},{"type":"keyUp","value":"î€‡"}]}]}
RESULT: {"actions":[{"id":"action23","type":"key","parameters":{},"actions":[{"type":"keyDown","value":"î€‡"},{"type":"pause","duration":10},{"type":"keyUp","value":"î€‡"}]}]}
COMMAND: POST /session/cd477e99f4e247ef02c326ac6df7445e/execute/async - {"script":"<script> [1562 bytes]","args":[{"selector":{"id":"application-managepartners-display-component---NewPartner--assignmentYard-application-managepartners-display-component---NewPartner--assignmentsTable-0-arrow"},"wdio_ui5_key":"applicationmanagepartners-display-component---NewPartner--assignmentYard-application-managepartners-display-component---NewPartner--assignmentsTable-0-arrow"}]}
COMMAND: GET /session/cd477e99f4e247ef02c326ac6df7445e/screenshot - {}
RESULT: {"script":"<script> [1562 bytes]","args":[{"selector":{"id":"application-managepartners-display-component---NewPartner--assignmentYard-application-managepartners-display-component---NewPartner--assignmentsTable-0-arrow"},"wdio_ui5_key":"applicationmanagepartners-display-component---NewPartner--assignmentYard-application-managepartners-display-component---NewPartner--assignmentsTable-0-arrow"}]}
RESULT: undefined
COMMAND: POST /session/cd477e99f4e247ef02c326ac6df7445e/element - {"using":"xpath","value":"//*[@id=\"application-managepartners-display-component---NewPartner--assignmentYard-application-managepartners-display-component---NewPartner--assignmentsTable-0-arrow\"]"}
RESULT: {}
RESULT: {"using":"xpath","value":"//*[@id=\"application-managepartners-display-component---NewPartner--assignmentYard-application-managepartners-display-component---NewPartner--assignmentsTable-0-arrow\"]"}
COMMAND: POST /session/cd477e99f4e247ef02c326ac6df7445e/element/f.375AD1BF2998C782D6149A43C57C8E27.d.021ACB78BE69E8B95D0AD89B178593C8.e.10281/click - {}
RESULT: {}
COMMAND: GET /session/cd477e99f4e247ef02c326ac6df7445e/screenshot - {}
RESULT: {}
COMMAND: POST /session/cd477e99f4e247ef02c326ac6df7445e/execute/async - {"script":"<script> [1562 bytes]","args":[{"selector":{"controlType":"sap.m.Button","viewName":"etm.portal.ui.managepartners.view.NewPartner","viewId":"application-managepartners-display-component---NewPartner","i18NText":{"propertyName":"text","key":"save"},"interaction":{"idSuffix":"BDI-content"}},"wdio_ui5_key":"etmportal.ui.managepartners.view.NewPartnersap.m.Button{\"propertyName\":\"text\",\"key\":\"save\"}"}]}
RESULT: {"script":"<script> [1562 bytes]","args":[{"selector":{"controlType":"sap.m.Button","viewName":"etm.portal.ui.managepartners.view.NewPartner","viewId":"application-managepartners-display-component---NewPartner","i18NText":{"propertyName":"text","key":"save"},"interaction":{"idSuffix":"BDI-content"}},"wdio_ui5_key":"etmportal.ui.managepartners.view.NewPartnersap.m.Button{\"propertyName\":\"text\",\"key\":\"save\"}"}]}
RESULT: undefined
COMMAND: POST /session/cd477e99f4e247ef02c326ac6df7445e/element - {"using":"xpath","value":"//*[@id=\"__button127\"]"}
RESULT: {"using":"xpath","value":"//*[@id=\"__button127\"]"}
COMMAND: POST /session/cd477e99f4e247ef02c326ac6df7445e/element/f.375AD1BF2998C782D6149A43C57C8E27.d.021ACB78BE69E8B95D0AD89B178593C8.e.10185/click - {}
RESULT: {}
COMMAND: GET /session/cd477e99f4e247ef02c326ac6df7445e/screenshot - {}
RESULT: {}
COMMAND: POST /session/cd477e99f4e247ef02c326ac6df7445e/execute/async - {"script":"<script> [1562 bytes]","args":[{"selector":{"controlType":"sap.m.Text","viewName":"etm.portal.ui.managepartners.view.Detail","viewId":"application-managepartners-display-component---detailPtm","bindingPath":{"propertyPath":"ID","modelName":"catalogModel"}},"wdio_ui5_key":"etmportal.ui.managepartners.view.Detailsap.m.Text{\"propertyPath\":\"ID\",\"modelName\":\"catalogModel\"}"}]}
RESULT: {"script":"<script> [1562 bytes]","args":[{"selector":{"controlType":"sap.m.Text","viewName":"etm.portal.ui.managepartners.view.Detail","viewId":"application-managepartners-display-component---detailPtm","bindingPath":{"propertyPath":"ID","modelName":"catalogModel"}},"wdio_ui5_key":"etmportal.ui.managepartners.view.Detailsap.m.Text{\"propertyPath\":\"ID\",\"modelName\":\"catalogModel\"}"}]}
RESULT: undefined
COMMAND: POST /session/cd477e99f4e247ef02c326ac6df7445e/execute/async - {"script":"<script> [6424 bytes]","args":[{"element-6066-11e4-a52e-4f735466cecf":"f.375AD1BF2998C782D6149A43C57C8E27.d.021ACB78BE69E8B95D0AD89B178593C8.e.10447"},"getText",[]]}
RESULT: {"script":"<script> [6424 bytes]","args":[{"element-6066-11e4-a52e-4f735466cecf":"f.375AD1BF2998C782D6149A43C57C8E27.d.021ACB78BE69E8B95D0AD89B178593C8.e.10447"},"getText",[]]}
COMMAND: POST /session/cd477e99f4e247ef02c326ac6df7445e/element - {"using":"css selector","value":"#shell-header-logo"}
RESULT: {"using":"css selector","value":"#shell-header-logo"}
COMMAND: POST /session/cd477e99f4e247ef02c326ac6df7445e/element/f.375AD1BF2998C782D6149A43C57C8E27.d.021ACB78BE69E8B95D0AD89B178593C8.e.9765/click - {}
RESULT: {}
COMMAND: GET /session/cd477e99f4e247ef02c326ac6df7445e/screenshot - {}
RESULT: {}
]]></system-out>
    </testcase>
    <testcase classname="chrome.135_0_7049_96.windows.Create_masterdata_for_Mass_Change_State_US104416" name="Mass State Change" time="10.736">
      <system-out><![CDATA[
COMMAND: GET /session/cd477e99f4e247ef02c326ac6df7445e/screenshot - {}
COMMAND: POST /session/cd477e99f4e247ef02c326ac6df7445e/execute/async - {"script":"<script> [1562 bytes]","args":[{"selector":{"controlType":"sap.m.GenericTile","properties":{"header":"Manage States & Performance"}},"wdio_ui5_key":"sapm.GenericTile{\"header\":\"Manage States & Performance\"}"}]}
RESULT: {"script":"<script> [1562 bytes]","args":[{"selector":{"controlType":"sap.m.GenericTile","properties":{"header":"Manage States & Performance"}},"wdio_ui5_key":"sapm.GenericTile{\"header\":\"Manage States & Performance\"}"}]}
RESULT: undefined
RESULT: {}
COMMAND: POST /session/cd477e99f4e247ef02c326ac6df7445e/execute/async - {"script":"<script> [1562 bytes]","args":[{"selector":{"controlType":"sap.ui.core.Icon","viewName":"etm.portal.ui.managestatesandperformance.view.Master","viewId":"application-managestatesandperformance-display-component---stateAndPerform","properties":{"src":{"regex":{"source":"chart\\-table\\-view"}}}},"wdio_ui5_key":"etmportal.ui.managestatesandperformance.view.Mastersap.ui.core.Icon{\"src\":{\"regex\":{\"source\":\"chart\\\\-table\\\\-view\"}}}"}]}
RESULT: {"script":"<script> [1562 bytes]","args":[{"selector":{"controlType":"sap.ui.core.Icon","viewName":"etm.portal.ui.managestatesandperformance.view.Master","viewId":"application-managestatesandperformance-display-component---stateAndPerform","properties":{"src":{"regex":{"source":"chart\\-table\\-view"}}}},"wdio_ui5_key":"etmportal.ui.managestatesandperformance.view.Mastersap.ui.core.Icon{\"src\":{\"regex\":{\"source\":\"chart\\\\-table\\\\-view\"}}}"}]}
RESULT: undefined
COMMAND: POST /session/cd477e99f4e247ef02c326ac6df7445e/execute/async - {"script":"<script> [1562 bytes]","args":[{"selector":{"id":"application-managestatesandperformance-display-component---stateAndPerform--smartFilterBarContracts-btnBasicSearch","interaction":{"idSuffix":"I"}},"wdio_ui5_key":"applicationmanagestatesandperformance-display-component---stateAndPerform--smartFilterBarContracts-btnBasicSearch"}]}
RESULT: {"script":"<script> [1562 bytes]","args":[{"selector":{"id":"application-managestatesandperformance-display-component---stateAndPerform--smartFilterBarContracts-btnBasicSearch","interaction":{"idSuffix":"I"}},"wdio_ui5_key":"applicationmanagestatesandperformance-display-component---stateAndPerform--smartFilterBarContracts-btnBasicSearch"}]}
RESULT: undefined
COMMAND: POST /session/cd477e99f4e247ef02c326ac6df7445e/actions - {"actions":[{"id":"action25","type":"key","parameters":{},"actions":[{"type":"keyDown","value":"î€‡"},{"type":"pause","duration":10},{"type":"keyUp","value":"î€‡"}]}]}
RESULT: {"actions":[{"id":"action25","type":"key","parameters":{},"actions":[{"type":"keyDown","value":"î€‡"},{"type":"pause","duration":10},{"type":"keyUp","value":"î€‡"}]}]}
COMMAND: GET /session/cd477e99f4e247ef02c326ac6df7445e/screenshot - {}
RESULT: {}
COMMAND: POST /session/cd477e99f4e247ef02c326ac6df7445e/execute/async - {"script":"<script> [1562 bytes]","args":[{"selector":{"id":"application-managestatesandperformance-display-component---stateAndPerform--stateAndPerformContractItemsTable-sa","interaction":{"idSuffix":"CbBg"}},"wdio_ui5_key":"applicationmanagestatesandperformance-display-component---stateAndPerform--stateAndPerformContractItemsTable-sa"}]}
RESULT: {"script":"<script> [1562 bytes]","args":[{"selector":{"id":"application-managestatesandperformance-display-component---stateAndPerform--stateAndPerformContractItemsTable-sa","interaction":{"idSuffix":"CbBg"}},"wdio_ui5_key":"applicationmanagestatesandperformance-display-component---stateAndPerform--stateAndPerformContractItemsTable-sa"}]}
RESULT: undefined
COMMAND: POST /session/cd477e99f4e247ef02c326ac6df7445e/execute/async - {"script":"<script> [1562 bytes]","args":[{"selector":{"id":"application-managestatesandperformance-display-component---stateAndPerform--btnMassStateChangeOnContracts-img"},"wdio_ui5_key":"applicationmanagestatesandperformance-display-component---stateAndPerform--btnMassStateChangeOnContracts-img"}]}
RESULT: {"script":"<script> [1562 bytes]","args":[{"selector":{"id":"application-managestatesandperformance-display-component---stateAndPerform--btnMassStateChangeOnContracts-img"},"wdio_ui5_key":"applicationmanagestatesandperformance-display-component---stateAndPerform--btnMassStateChangeOnContracts-img"}]}
RESULT: undefined
COMMAND: POST /session/cd477e99f4e247ef02c326ac6df7445e/execute/async - {"script":"<script> [1562 bytes]","args":[{"selector":{"id":"application-managestatesandperformance-display-component---stateAndPerform--ruStateTypes","searchOpenDialogs":true,"interaction":{"idSuffix":"inner"}},"wdio_ui5_key":"applicationmanagestatesandperformance-display-component---stateAndPerform--ruStateTypes"}]}
RESULT: {"script":"<script> [1562 bytes]","args":[{"selector":{"id":"application-managestatesandperformance-display-component---stateAndPerform--ruStateTypes","searchOpenDialogs":true,"interaction":{"idSuffix":"inner"}},"wdio_ui5_key":"applicationmanagestatesandperformance-display-component---stateAndPerform--ruStateTypes"}]}
RESULT: undefined
COMMAND: POST /session/cd477e99f4e247ef02c326ac6df7445e/execute/async - {"script":"<script> [1562 bytes]","args":[{"selector":{"controlType":"sap.m.Button","viewName":"etm.portal.ui.managestatesandperformance.view.Master","viewId":"application-managestatesandperformance-display-component---stateAndPerform","i18NText":{"propertyName":"text","key":"ok"},"searchOpenDialogs":true,"interaction":{"idSuffix":"BDI-content"}},"wdio_ui5_key":"etmportal.ui.managestatesandperformance.view.Mastersap.m.Button{\"propertyName\":\"text\",\"key\":\"ok\"}"}]}
RESULT: {"script":"<script> [1562 bytes]","args":[{"selector":{"controlType":"sap.m.Button","viewName":"etm.portal.ui.managestatesandperformance.view.Master","viewId":"application-managestatesandperformance-display-component---stateAndPerform","i18NText":{"propertyName":"text","key":"ok"},"searchOpenDialogs":true,"interaction":{"idSuffix":"BDI-content"}},"wdio_ui5_key":"etmportal.ui.managestatesandperformance.view.Mastersap.m.Button{\"propertyName\":\"text\",\"key\":\"ok\"}"}]}
RESULT: undefined
COMMAND: POST /session/cd477e99f4e247ef02c326ac6df7445e/execute/async - {"script":"<script> [1562 bytes]","args":[{"selector":{"controlType":"sap.m.Button","properties":{"text":"OK"},"searchOpenDialogs":true,"ancestor":{"controlType":"sap.m.Dialog","properties":{"icon":"sap-icon://sys-help-2"},"searchOpenDialogs":true},"interaction":{"idSuffix":"BDI-content"}},"wdio_ui5_key":"sapm.Button{\"text\":\"OK\"}{\"controlType\":\"sap.m.Dialog\",\"properties\":{\"icon\":\"sap-icon://sys-help-2\"},\"searchOpenDialogs\":true}"}]}
RESULT: {"script":"<script> [1562 bytes]","args":[{"selector":{"controlType":"sap.m.Button","properties":{"text":"OK"},"searchOpenDialogs":true,"ancestor":{"controlType":"sap.m.Dialog","properties":{"icon":"sap-icon://sys-help-2"},"searchOpenDialogs":true},"interaction":{"idSuffix":"BDI-content"}},"wdio_ui5_key":"sapm.Button{\"text\":\"OK\"}{\"controlType\":\"sap.m.Dialog\",\"properties\":{\"icon\":\"sap-icon://sys-help-2\"},\"searchOpenDialogs\":true}"}]}
RESULT: undefined
COMMAND: POST /session/cd477e99f4e247ef02c326ac6df7445e/element - {"using":"css selector","value":"#j_username"}
COMMAND: POST /session/cd477e99f4e247ef02c326ac6df7445e/url - {"url":"https://qa-testing-00-live-etm-ui.cfapps.eu10-004.hana.ondemand.com/"}
COMMAND: GET /session/cd477e99f4e247ef02c326ac6df7445e/screenshot - {}
RESULT: {"using":"css selector","value":"#j_username"}
COMMAND: POST /session/cd477e99f4e247ef02c326ac6df7445e/element - {"using":"css selector","value":"#j_username"}
RESULT: {"url":"https://qa-testing-00-live-etm-ui.cfapps.eu10-004.hana.ondemand.com/"}
RESULT: undefined
COMMAND: GET /session/cd477e99f4e247ef02c326ac6df7445e/screenshot - {}
RESULT: {}
RESULT: {"using":"css selector","value":"#j_username"}
COMMAND: POST /session/cd477e99f4e247ef02c326ac6df7445e/element - {"using":"css selector","value":"#shell-header-logo"}
RESULT: {}
RESULT: {"using":"css selector","value":"#shell-header-logo"}
COMMAND: POST /session/cd477e99f4e247ef02c326ac6df7445e/execute/sync - {"script":"<script> [8489 bytes]","args":[{"element-6066-11e4-a52e-4f735466cecf":"f.375AD1BF2998C782D6149A43C57C8E27.d.C9306B15F3E2ADD336E172C4E2595EB0.e.10930","ELEMENT":"f.375AD1BF2998C782D6149A43C57C8E27.d.C9306B15F3E2ADD336E172C4E2595EB0.e.10930"}]}
RESULT: {"script":"<script> [8489 bytes]","args":[{"element-6066-11e4-a52e-4f735466cecf":"f.375AD1BF2998C782D6149A43C57C8E27.d.C9306B15F3E2ADD336E172C4E2595EB0.e.10930","ELEMENT":"f.375AD1BF2998C782D6149A43C57C8E27.d.C9306B15F3E2ADD336E172C4E2595EB0.e.10930"}]}
COMMAND: POST /session/cd477e99f4e247ef02c326ac6df7445e/element - {"using":"css selector","value":"#shell-header-logo"}
COMMAND: GET /session/cd477e99f4e247ef02c326ac6df7445e/screenshot - {}
RESULT: {"using":"css selector","value":"#shell-header-logo"}
COMMAND: POST /session/cd477e99f4e247ef02c326ac6df7445e/execute/sync - {"script":"<script> [8489 bytes]","args":[{"element-6066-11e4-a52e-4f735466cecf":"f.375AD1BF2998C782D6149A43C57C8E27.d.C9306B15F3E2ADD336E172C4E2595EB0.e.10930","ELEMENT":"f.375AD1BF2998C782D6149A43C57C8E27.d.C9306B15F3E2ADD336E172C4E2595EB0.e.10930"}]}
RESULT: {}
RESULT: {"script":"<script> [8489 bytes]","args":[{"element-6066-11e4-a52e-4f735466cecf":"f.375AD1BF2998C782D6149A43C57C8E27.d.C9306B15F3E2ADD336E172C4E2595EB0.e.10930","ELEMENT":"f.375AD1BF2998C782D6149A43C57C8E27.d.C9306B15F3E2ADD336E172C4E2595EB0.e.10930"}]}
COMMAND: POST /session/cd477e99f4e247ef02c326ac6df7445e/execute/sync - {"script":"<script> [5351 bytes]","args":[{"element-6066-11e4-a52e-4f735466cecf":"f.375AD1BF2998C782D6149A43C57C8E27.d.C9306B15F3E2ADD336E172C4E2595EB0.e.10930","ELEMENT":"f.375AD1BF2998C782D6149A43C57C8E27.d.C9306B15F3E2ADD336E172C4E2595EB0.e.10930"}]}
COMMAND: GET /session/cd477e99f4e247ef02c326ac6df7445e/screenshot - {}
RESULT: {"script":"<script> [5351 bytes]","args":[{"element-6066-11e4-a52e-4f735466cecf":"f.375AD1BF2998C782D6149A43C57C8E27.d.C9306B15F3E2ADD336E172C4E2595EB0.e.10930","ELEMENT":"f.375AD1BF2998C782D6149A43C57C8E27.d.C9306B15F3E2ADD336E172C4E2595EB0.e.10930"}]}
COMMAND: POST /session/cd477e99f4e247ef02c326ac6df7445e/element - {"using":"css selector","value":"#shell-header-logo"}
COMMAND: GET /session/cd477e99f4e247ef02c326ac6df7445e/screenshot - {}
RESULT: {}
RESULT: {"using":"css selector","value":"#shell-header-logo"}
COMMAND: POST /session/cd477e99f4e247ef02c326ac6df7445e/element/f.375AD1BF2998C782D6149A43C57C8E27.d.C9306B15F3E2ADD336E172C4E2595EB0.e.10930/click - {}
RESULT: {}
RESULT: {}
COMMAND: GET /session/cd477e99f4e247ef02c326ac6df7445e/screenshot - {}
RESULT: {}
COMMAND: POST /session/cd477e99f4e247ef02c326ac6df7445e/execute/async - {"script":"<script> [189 bytes]","args":[]}
RESULT: {"script":"<script> [189 bytes]","args":[]}
COMMAND: POST /session/cd477e99f4e247ef02c326ac6df7445e/execute/async - {"script":"<script> [123 bytes]","args":[]}
RESULT: {"script":"<script> [123 bytes]","args":[]}
COMMAND: POST /session/cd477e99f4e247ef02c326ac6df7445e/timeouts - {"script":"<number>"}
RESULT: {"script":"<number>"}
COMMAND: GET /session/cd477e99f4e247ef02c326ac6df7445e/timeouts - {}
RESULT: {}
RESULT: undefined
COMMAND: POST /session/cd477e99f4e247ef02c326ac6df7445e/execute/async - {"script":"<script> [2676 bytes]","args":[]}
RESULT: {"script":"<script> [2676 bytes]","args":[]}
COMMAND: POST /session/cd477e99f4e247ef02c326ac6df7445e/execute/async - {"script":"<script> [2342 bytes]","args":[{"protocol":"http","hostname":"0.0.0.0","path":"/","capabilities":{"browserName":"chrome","goog:chromeOptions":{"binary":"C:\\Program Files\\Google\\Chrome\\Application\\chrome.exe","args":["--start-maximized"]}},"logLevel":"warn","connectionRetryTimeout":120000,"connectionRetryCount":3,"logLevels":{},"enableDirectConnect":true,"strictSSL":true,"_":"65 more keys: [\"cacheDir\",\"port\",\"requestedCapabilities\",\"automationProtocol\",\"baseUrl\",\"waitforInterval\",\"waitforTimeout\",\"onReload\",\"beforeCommand\",\"afterCommand\",\"rootDir\",\"specs\",\"suites\",\"exclude\",\"groupLogsByTestSpec\",\"excludeDriverLogs\",\"bail\",\"framework\",\"reporters\",\"services\",\"maxInstances\",\"maxInstancesPerCapability\",\"injectGlobals\",\"filesToWatch\",\"execArgv\",\"runnerEnv\",\"runner\",\"shard\",\"specFileRetries\",\"specFileRetriesDelay\",\"specFileRetriesDeferred\",\"reporterSyncInterval\",\"reporterSyncTimeout\",\"cucumberFeaturesWithLineNumbers\",\"autoCompileOpts\",\"mochaOpts\",\"jasmineOpts\",\"cucumberOpts\",\"onPrepare\",\"onWorkerStart\",\"onWorkerEnd\",\"before\",\"beforeSession\",\"beforeSuite\",\"beforeHook\",\"beforeTest\",\"afterTest\",\"afterHook\",\"afterSuite\",\"afterSession\",\"after\",\"onComplete\",\"beforeAssertion\",\"afterAssertion\",\"beforeFeature\",\"beforeScenario\",\"beforeStep\",\"afterStep\",\"afterScenario\",\"afterFeature\",\"_\",\"suite\",\"$0\",\"ignoredWorkerServices\",\"wdi5\"]"}]}
RESULT: {"script":"<script> [2342 bytes]","args":[{"protocol":"http","hostname":"0.0.0.0","path":"/","capabilities":{"browserName":"chrome","goog:chromeOptions":{"binary":"C:\\Program Files\\Google\\Chrome\\Application\\chrome.exe","args":["--start-maximized"]}},"logLevel":"warn","connectionRetryTimeout":120000,"connectionRetryCount":3,"logLevels":{},"enableDirectConnect":true,"strictSSL":true,"_":"65 more keys: [\"cacheDir\",\"port\",\"requestedCapabilities\",\"automationProtocol\",\"baseUrl\",\"waitforInterval\",\"waitforTimeout\",\"onReload\",\"beforeCommand\",\"afterCommand\",\"rootDir\",\"specs\",\"suites\",\"exclude\",\"groupLogsByTestSpec\",\"excludeDriverLogs\",\"bail\",\"framework\",\"reporters\",\"services\",\"maxInstances\",\"maxInstancesPerCapability\",\"injectGlobals\",\"filesToWatch\",\"execArgv\",\"runnerEnv\",\"runner\",\"shard\",\"specFileRetries\",\"specFileRetriesDelay\",\"specFileRetriesDeferred\",\"reporterSyncInterval\",\"reporterSyncTimeout\",\"cucumberFeaturesWithLineNumbers\",\"autoCompileOpts\",\"mochaOpts\",\"jasmineOpts\",\"cucumberOpts\",\"onPrepare\",\"onWorkerStart\",\"onWorkerEnd\",\"before\",\"beforeSession\",\"beforeSuite\",\"beforeHook\",\"beforeTest\",\"afterTest\",\"afterHook\",\"afterSuite\",\"afterSession\",\"after\",\"onComplete\",\"beforeAssertion\",\"afterAssertion\",\"beforeFeature\",\"beforeScenario\",\"beforeStep\",\"afterStep\",\"afterScenario\",\"afterFeature\",\"_\",\"suite\",\"$0\",\"ignoredWorkerServices\",\"wdi5\"]"}]}
COMMAND: POST /session/cd477e99f4e247ef02c326ac6df7445e/execute/async - {"script":"<script> [21126 bytes]","args":[35000]}
RESULT: {"script":"<script> [21126 bytes]","args":[35000]}
COMMAND: POST /session/cd477e99f4e247ef02c326ac6df7445e/window/maximize - {}
RESULT: {}
COMMAND: POST /session/cd477e99f4e247ef02c326ac6df7445e/execute/async - {"script":"<script> [1562 bytes]","args":[{"selector":{"id":"shell-header","interaction":{"idSuffix":"icon"}},"wdio_ui5_key":"shellheader"}]}
COMMAND: GET /session/cd477e99f4e247ef02c326ac6df7445e/screenshot - {}
RESULT: {"script":"<script> [1562 bytes]","args":[{"selector":{"id":"shell-header","interaction":{"idSuffix":"icon"}},"wdio_ui5_key":"shellheader"}]}
RESULT: undefined
]]></system-out>
    </testcase>
  </testsuite>
  <testsuite timestamp="2025-04-24T16:57:52" time="246.584" tests="3" failures="1" errors="1" skipped="0">
    <properties>
      <property name="specId" value="0" />
      <property name="suiteName" value="Transfer Yard to Yard US131076" />
      <property name="capabilities" value="chrome.135_0_7049_96.windows" />
      <property name="file" value="file:///D:/a/1/s/test/specs/HTR/transfer-yard-to-yard.spec.js" />
    </properties>
    <testcase classname="chrome.135_0_7049_96.windows.Transfer_Yard_to_Yard_US131076" name="Should create one equipment and one multipart" time="142.303">
      <system-out><![CDATA[
COMMAND: POST /session/cd477e99f4e247ef02c326ac6df7445e/execute/async - {"script":"<script> [1562 bytes]","args":[{"selector":{"controlType":"sap.m.GenericTile","properties":{"header":"Manage Resources"}},"wdio_ui5_key":"sapm.GenericTile{\"header\":\"Manage Resources\"}"}]}
RESULT: {}
RESULT: {"script":"<script> [1562 bytes]","args":[{"selector":{"controlType":"sap.m.GenericTile","properties":{"header":"Manage Resources"}},"wdio_ui5_key":"sapm.GenericTile{\"header\":\"Manage Resources\"}"}]}
RESULT: undefined
COMMAND: POST /session/cd477e99f4e247ef02c326ac6df7445e/element - {"using":"xpath","value":"//*[@id=\"__tile39\"]"}
RESULT: {"using":"xpath","value":"//*[@id=\"__tile39\"]"}
COMMAND: POST /session/cd477e99f4e247ef02c326ac6df7445e/element/f.375AD1BF2998C782D6149A43C57C8E27.d.C9306B15F3E2ADD336E172C4E2595EB0.e.10943/click - {}
RESULT: {}
COMMAND: GET /session/cd477e99f4e247ef02c326ac6df7445e/screenshot - {}
RESULT: {}
RESULT: undefined
RESULT: undefined
COMMAND: POST /session/cd477e99f4e247ef02c326ac6df7445e/execute/async - {"script":"<script> [1562 bytes]","args":[{"selector":{"controlType":"sap.ui.core.Icon","viewName":"etm.portal.ui.manageresources.view.Master","viewId":"application-manageresources-display-component---masterRU","properties":{"src":{"regex":{"source":"add"}}}},"wdio_ui5_key":"etmportal.ui.manageresources.view.Mastersap.ui.core.Icon{\"src\":{\"regex\":{\"source\":\"add\"}}}"}]}
RESULT: {"script":"<script> [1562 bytes]","args":[{"selector":{"controlType":"sap.ui.core.Icon","viewName":"etm.portal.ui.manageresources.view.Master","viewId":"application-manageresources-display-component---masterRU","properties":{"src":{"regex":{"source":"add"}}}},"wdio_ui5_key":"etmportal.ui.manageresources.view.Mastersap.ui.core.Icon{\"src\":{\"regex\":{\"source\":\"add\"}}}"}]}
RESULT: undefined
COMMAND: POST /session/cd477e99f4e247ef02c326ac6df7445e/element - {"using":"xpath","value":"//*[@id=\"__button5-img\"]"}
RESULT: {"using":"xpath","value":"//*[@id=\"__button5-img\"]"}
COMMAND: POST /session/cd477e99f4e247ef02c326ac6df7445e/element/f.375AD1BF2998C782D6149A43C57C8E27.d.C9306B15F3E2ADD336E172C4E2595EB0.e.10987/click - {}
RESULT: {}
COMMAND: GET /session/cd477e99f4e247ef02c326ac6df7445e/screenshot - {}
RESULT: {}
COMMAND: POST /session/cd477e99f4e247ef02c326ac6df7445e/execute/async - {"script":"<script> [1562 bytes]","args":[{"selector":{"id":"application-manageresources-display-component---newResourceUnit--TYPE-arrow"},"wdio_ui5_key":"applicationmanageresources-display-component---newResourceUnit--TYPE-arrow"}]}
RESULT: {"script":"<script> [1562 bytes]","args":[{"selector":{"id":"application-manageresources-display-component---newResourceUnit--TYPE-arrow"},"wdio_ui5_key":"applicationmanageresources-display-component---newResourceUnit--TYPE-arrow"}]}
RESULT: undefined
COMMAND: POST /session/cd477e99f4e247ef02c326ac6df7445e/element - {"using":"xpath","value":"//*[@id=\"application-manageresources-display-component---newResourceUnit--TYPE-arrow\"]"}
RESULT: {"using":"xpath","value":"//*[@id=\"application-manageresources-display-component---newResourceUnit--TYPE-arrow\"]"}
COMMAND: POST /session/cd477e99f4e247ef02c326ac6df7445e/element/f.375AD1BF2998C782D6149A43C57C8E27.d.C9306B15F3E2ADD336E172C4E2595EB0.e.11298/click - {}
RESULT: {}
COMMAND: POST /session/cd477e99f4e247ef02c326ac6df7445e/execute/async - {"script":"<script> [1562 bytes]","args":[{"selector":{"controlType":"sap.m.StandardListItem","viewName":"reusables.view.manageresources.NewResourceUnit","viewId":"application-manageresources-display-component---newResourceUnit","properties":{"title":"Equipment"},"searchOpenDialogs":true,"interaction":{"idSuffix":"content"}},"wdio_ui5_key":"reusablesview.manageresources.NewResourceUnitsap.m.StandardListItem{\"title\":\"Equipment\"}"}]}
COMMAND: GET /session/cd477e99f4e247ef02c326ac6df7445e/screenshot - {}
RESULT: {"script":"<script> [1562 bytes]","args":[{"selector":{"controlType":"sap.m.StandardListItem","viewName":"reusables.view.manageresources.NewResourceUnit","viewId":"application-manageresources-display-component---newResourceUnit","properties":{"title":"Equipment"},"searchOpenDialogs":true,"interaction":{"idSuffix":"content"}},"wdio_ui5_key":"reusablesview.manageresources.NewResourceUnitsap.m.StandardListItem{\"title\":\"Equipment\"}"}]}
RESULT: undefined
COMMAND: POST /session/cd477e99f4e247ef02c326ac6df7445e/element - {"using":"xpath","value":"//*[@id=\"__item141\"]"}
RESULT: {}
RESULT: {"using":"xpath","value":"//*[@id=\"__item141\"]"}
COMMAND: POST /session/cd477e99f4e247ef02c326ac6df7445e/element/f.375AD1BF2998C782D6149A43C57C8E27.d.C9306B15F3E2ADD336E172C4E2595EB0.e.11301/click - {}
RESULT: {}
COMMAND: POST /session/cd477e99f4e247ef02c326ac6df7445e/execute/async - {"script":"<script> [1562 bytes]","args":[{"selector":{"id":"application-manageresources-display-component---newResourceUnit--resourceId","interaction":{"idSuffix":"inner"}},"wdio_ui5_key":"applicationmanageresources-display-component---newResourceUnit--resourceId"}]}
COMMAND: GET /session/cd477e99f4e247ef02c326ac6df7445e/screenshot - {}
RESULT: {"script":"<script> [1562 bytes]","args":[{"selector":{"id":"application-manageresources-display-component---newResourceUnit--resourceId","interaction":{"idSuffix":"inner"}},"wdio_ui5_key":"applicationmanageresources-display-component---newResourceUnit--resourceId"}]}
RESULT: undefined
COMMAND: POST /session/cd477e99f4e247ef02c326ac6df7445e/execute/async - {"script":"<script> [776 bytes]","args":[{"enterText":"TransferYardEquip51efu","selector":{"id":"application-manageresources-display-component---newResourceUnit--resourceId","interaction":{"idSuffix":"inner"}},"clearTextFirst":true,"interactionType":"ENTER_TEXT"}]}
RESULT: {}
RESULT: {"script":"<script> [776 bytes]","args":[{"enterText":"TransferYardEquip51efu","selector":{"id":"application-manageresources-display-component---newResourceUnit--resourceId","interaction":{"idSuffix":"inner"}},"clearTextFirst":true,"interactionType":"ENTER_TEXT"}]}
COMMAND: POST /session/cd477e99f4e247ef02c326ac6df7445e/execute/async - {"script":"<script> [1562 bytes]","args":[{"selector":{"id":"application-manageresources-display-component---newResourceUnit--SHORT_TEXT","interaction":{"idSuffix":"inner"}},"wdio_ui5_key":"applicationmanageresources-display-component---newResourceUnit--SHORT_TEXT"}]}
RESULT: {"script":"<script> [1562 bytes]","args":[{"selector":{"id":"application-manageresources-display-component---newResourceUnit--SHORT_TEXT","interaction":{"idSuffix":"inner"}},"wdio_ui5_key":"applicationmanageresources-display-component---newResourceUnit--SHORT_TEXT"}]}
RESULT: undefined
COMMAND: POST /session/cd477e99f4e247ef02c326ac6df7445e/execute/async - {"script":"<script> [776 bytes]","args":[{"enterText":"Equip4transfer","selector":{"id":"application-manageresources-display-component---newResourceUnit--SHORT_TEXT","interaction":{"idSuffix":"inner"}},"clearTextFirst":true,"interactionType":"ENTER_TEXT"}]}
RESULT: {"script":"<script> [776 bytes]","args":[{"enterText":"Equip4transfer","selector":{"id":"application-manageresources-display-component---newResourceUnit--SHORT_TEXT","interaction":{"idSuffix":"inner"}},"clearTextFirst":true,"interactionType":"ENTER_TEXT"}]}
COMMAND: POST /session/cd477e99f4e247ef02c326ac6df7445e/execute/async - {"script":"<script> [1562 bytes]","args":[{"selector":{"id":"application-manageresources-display-component---newResourceUnit--BASE_UNIT_OF_MEASURE","interaction":{"idSuffix":"inner"}},"wdio_ui5_key":"applicationmanageresources-display-component---newResourceUnit--BASE_UNIT_OF_MEASURE"}]}
RESULT: {"script":"<script> [1562 bytes]","args":[{"selector":{"id":"application-manageresources-display-component---newResourceUnit--BASE_UNIT_OF_MEASURE","interaction":{"idSuffix":"inner"}},"wdio_ui5_key":"applicationmanageresources-display-component---newResourceUnit--BASE_UNIT_OF_MEASURE"}]}
RESULT: undefined
COMMAND: POST /session/cd477e99f4e247ef02c326ac6df7445e/execute/async - {"script":"<script> [776 bytes]","args":[{"enterText":"Piece","selector":{"id":"application-manageresources-display-component---newResourceUnit--BASE_UNIT_OF_MEASURE","interaction":{"idSuffix":"inner"}},"clearTextFirst":true,"interactionType":"ENTER_TEXT"}]}
RESULT: {"script":"<script> [776 bytes]","args":[{"enterText":"Piece","selector":{"id":"application-manageresources-display-component---newResourceUnit--BASE_UNIT_OF_MEASURE","interaction":{"idSuffix":"inner"}},"clearTextFirst":true,"interactionType":"ENTER_TEXT"}]}
COMMAND: POST /session/cd477e99f4e247ef02c326ac6df7445e/execute/async - {"script":"<script> [1562 bytes]","args":[{"selector":{"id":"application-manageresources-display-component---newResourceUnit--WEIGHT_UNIT","interaction":{"idSuffix":"inner"}},"wdio_ui5_key":"applicationmanageresources-display-component---newResourceUnit--WEIGHT_UNIT"}]}
RESULT: {"script":"<script> [1562 bytes]","args":[{"selector":{"id":"application-manageresources-display-component---newResourceUnit--WEIGHT_UNIT","interaction":{"idSuffix":"inner"}},"wdio_ui5_key":"applicationmanageresources-display-component---newResourceUnit--WEIGHT_UNIT"}]}
RESULT: undefined
COMMAND: POST /session/cd477e99f4e247ef02c326ac6df7445e/execute/async - {"script":"<script> [776 bytes]","args":[{"enterText":"Gram","selector":{"id":"application-manageresources-display-component---newResourceUnit--WEIGHT_UNIT","interaction":{"idSuffix":"inner"}},"clearTextFirst":true,"interactionType":"ENTER_TEXT"}]}
RESULT: {"script":"<script> [776 bytes]","args":[{"enterText":"Gram","selector":{"id":"application-manageresources-display-component---newResourceUnit--WEIGHT_UNIT","interaction":{"idSuffix":"inner"}},"clearTextFirst":true,"interactionType":"ENTER_TEXT"}]}
COMMAND: POST /session/cd477e99f4e247ef02c326ac6df7445e/execute/async - {"script":"<script> [1562 bytes]","args":[{"selector":{"id":"application-manageresources-display-component---newResourceUnit--DIMENSION_UNIT","interaction":{"idSuffix":"inner"}},"wdio_ui5_key":"applicationmanageresources-display-component---newResourceUnit--DIMENSION_UNIT"}]}
RESULT: {"script":"<script> [1562 bytes]","args":[{"selector":{"id":"application-manageresources-display-component---newResourceUnit--DIMENSION_UNIT","interaction":{"idSuffix":"inner"}},"wdio_ui5_key":"applicationmanageresources-display-component---newResourceUnit--DIMENSION_UNIT"}]}
RESULT: undefined
COMMAND: POST /session/cd477e99f4e247ef02c326ac6df7445e/execute/async - {"script":"<script> [776 bytes]","args":[{"enterText":"Meter","selector":{"id":"application-manageresources-display-component---newResourceUnit--DIMENSION_UNIT","interaction":{"idSuffix":"inner"}},"clearTextFirst":true,"interactionType":"ENTER_TEXT"}]}
RESULT: {"script":"<script> [776 bytes]","args":[{"enterText":"Meter","selector":{"id":"application-manageresources-display-component---newResourceUnit--DIMENSION_UNIT","interaction":{"idSuffix":"inner"}},"clearTextFirst":true,"interactionType":"ENTER_TEXT"}]}
COMMAND: POST /session/cd477e99f4e247ef02c326ac6df7445e/execute/async - {"script":"<script> [1562 bytes]","args":[{"selector":{"id":"application-manageresources-display-component---newResourceUnit--newRRUPage-anchBar-application-manageresources-display-component---newResourceUnit--control-anchor","interaction":{"idSuffix":"BDI-content"}},"wdio_ui5_key":"applicationmanageresources-display-component---newResourceUnit--newRRUPage-anchBar-application-manageresources-display-component---newResourceUnit--control-anchor"}]}
RESULT: {"script":"<script> [1562 bytes]","args":[{"selector":{"id":"application-manageresources-display-component---newResourceUnit--newRRUPage-anchBar-application-manageresources-display-component---newResourceUnit--control-anchor","interaction":{"idSuffix":"BDI-content"}},"wdio_ui5_key":"applicationmanageresources-display-component---newResourceUnit--newRRUPage-anchBar-application-manageresources-display-component---newResourceUnit--control-anchor"}]}
RESULT: undefined
COMMAND: POST /session/cd477e99f4e247ef02c326ac6df7445e/element - {"using":"xpath","value":"//*[@id=\"application-manageresources-display-component---newResourceUnit--newRRUPage-anchBar-application-manageresources-display-component---newResourceUnit--control-anchor\"]"}
RESULT: {"using":"xpath","value":"//*[@id=\"application-manageresources-display-component---newResourceUnit--newRRUPage-anchBar-application-manageresources-display-component---newResourceUnit--control-anchor\"]"}
COMMAND: POST /session/cd477e99f4e247ef02c326ac6df7445e/element/f.375AD1BF2998C782D6149A43C57C8E27.d.C9306B15F3E2ADD336E172C4E2595EB0.e.11434/click - {}
RESULT: {}
COMMAND: POST /session/cd477e99f4e247ef02c326ac6df7445e/execute/async - {"script":"<script> [1562 bytes]","args":[{"selector":{"id":"application-manageresources-display-component---newResourceUnit--PLANNING_GROUP","interaction":{"idSuffix":"inner"}},"wdio_ui5_key":"applicationmanageresources-display-component---newResourceUnit--PLANNING_GROUP"}]}
COMMAND: GET /session/cd477e99f4e247ef02c326ac6df7445e/screenshot - {}
RESULT: {"script":"<script> [1562 bytes]","args":[{"selector":{"id":"application-manageresources-display-component---newResourceUnit--PLANNING_GROUP","interaction":{"idSuffix":"inner"}},"wdio_ui5_key":"applicationmanageresources-display-component---newResourceUnit--PLANNING_GROUP"}]}
RESULT: undefined
COMMAND: POST /session/cd477e99f4e247ef02c326ac6df7445e/execute/async - {"script":"<script> [776 bytes]","args":[{"enterText":"Heavy Equi","selector":{"id":"application-manageresources-display-component---newResourceUnit--PLANNING_GROUP","interaction":{"idSuffix":"inner"}},"clearTextFirst":true,"interactionType":"ENTER_TEXT"}]}
RESULT: {}
RESULT: {"script":"<script> [776 bytes]","args":[{"enterText":"Heavy Equi","selector":{"id":"application-manageresources-display-component---newResourceUnit--PLANNING_GROUP","interaction":{"idSuffix":"inner"}},"clearTextFirst":true,"interactionType":"ENTER_TEXT"}]}
COMMAND: POST /session/cd477e99f4e247ef02c326ac6df7445e/execute/async - {"script":"<script> [1562 bytes]","args":[{"selector":{"id":"application-manageresources-display-component---newResourceUnit--ITEM_TYPE-arrow"},"wdio_ui5_key":"applicationmanageresources-display-component---newResourceUnit--ITEM_TYPE-arrow"}]}
RESULT: {"script":"<script> [1562 bytes]","args":[{"selector":{"id":"application-manageresources-display-component---newResourceUnit--ITEM_TYPE-arrow"},"wdio_ui5_key":"applicationmanageresources-display-component---newResourceUnit--ITEM_TYPE-arrow"}]}
RESULT: undefined
COMMAND: POST /session/cd477e99f4e247ef02c326ac6df7445e/element - {"using":"xpath","value":"//*[@id=\"application-manageresources-display-component---newResourceUnit--ITEM_TYPE-arrow\"]"}
RESULT: {"using":"xpath","value":"//*[@id=\"application-manageresources-display-component---newResourceUnit--ITEM_TYPE-arrow\"]"}
COMMAND: POST /session/cd477e99f4e247ef02c326ac6df7445e/element/f.375AD1BF2998C782D6149A43C57C8E27.d.C9306B15F3E2ADD336E172C4E2595EB0.e.11441/click - {}
RESULT: {}
COMMAND: POST /session/cd477e99f4e247ef02c326ac6df7445e/execute/async - {"script":"<script> [1562 bytes]","args":[{"selector":{"controlType":"sap.m.StandardListItem","viewName":"reusables.view.manageresources.NewResourceUnit","viewId":"application-manageresources-display-component---newResourceUnit","properties":{"title":"Resource Unit"},"searchOpenDialogs":true,"interaction":{"idSuffix":"titleText"}},"wdio_ui5_key":"reusablesview.manageresources.NewResourceUnitsap.m.StandardListItem{\"title\":\"Resource Unit\"}"}]}
COMMAND: GET /session/cd477e99f4e247ef02c326ac6df7445e/screenshot - {}
RESULT: {"script":"<script> [1562 bytes]","args":[{"selector":{"controlType":"sap.m.StandardListItem","viewName":"reusables.view.manageresources.NewResourceUnit","viewId":"application-manageresources-display-component---newResourceUnit","properties":{"title":"Resource Unit"},"searchOpenDialogs":true,"interaction":{"idSuffix":"titleText"}},"wdio_ui5_key":"reusablesview.manageresources.NewResourceUnitsap.m.StandardListItem{\"title\":\"Resource Unit\"}"}]}
RESULT: undefined
COMMAND: POST /session/cd477e99f4e247ef02c326ac6df7445e/element - {"using":"xpath","value":"//*[@id=\"__item210\"]"}
RESULT: {}
RESULT: {"using":"xpath","value":"//*[@id=\"__item210\"]"}
COMMAND: POST /session/cd477e99f4e247ef02c326ac6df7445e/element/f.375AD1BF2998C782D6149A43C57C8E27.d.C9306B15F3E2ADD336E172C4E2595EB0.e.11443/click - {}
RESULT: {}
COMMAND: POST /session/cd477e99f4e247ef02c326ac6df7445e/execute/async - {"script":"<script> [1562 bytes]","args":[{"selector":{"id":"application-manageresources-display-component---newResourceUnit--btnAddTimeSegment-img"},"wdio_ui5_key":"applicationmanageresources-display-component---newResourceUnit--btnAddTimeSegment-img"}]}
COMMAND: GET /session/cd477e99f4e247ef02c326ac6df7445e/screenshot - {}
RESULT: {"script":"<script> [1562 bytes]","args":[{"selector":{"id":"application-manageresources-display-component---newResourceUnit--btnAddTimeSegment-img"},"wdio_ui5_key":"applicationmanageresources-display-component---newResourceUnit--btnAddTimeSegment-img"}]}
RESULT: undefined
COMMAND: POST /session/cd477e99f4e247ef02c326ac6df7445e/element - {"using":"xpath","value":"//*[@id=\"application-manageresources-display-component---newResourceUnit--btnAddTimeSegment-img\"]"}
RESULT: {}
RESULT: {"using":"xpath","value":"//*[@id=\"application-manageresources-display-component---newResourceUnit--btnAddTimeSegment-img\"]"}
COMMAND: POST /session/cd477e99f4e247ef02c326ac6df7445e/element/f.375AD1BF2998C782D6149A43C57C8E27.d.C9306B15F3E2ADD336E172C4E2595EB0.e.11444/click - {}
RESULT: {}
COMMAND: POST /session/cd477e99f4e247ef02c326ac6df7445e/element - {"using":"xpath","value":"//input[@id=\"application-manageresources-display-component---newResourceUnit--idRuTSAdmin-application-manageresources-display-component---newResourceUnit--RUTimeSegment-0-inner\"]"}
COMMAND: GET /session/cd477e99f4e247ef02c326ac6df7445e/screenshot - {}
RESULT: {"using":"xpath","value":"//input[@id=\"application-manageresources-display-component---newResourceUnit--idRuTSAdmin-application-manageresources-display-component---newResourceUnit--RUTimeSegment-0-inner\"]"}
COMMAND: POST /session/cd477e99f4e247ef02c326ac6df7445e/element/f.375AD1BF2998C782D6149A43C57C8E27.d.C9306B15F3E2ADD336E172C4E2595EB0.e.11447/clear - {}
RESULT: {}
RESULT: {}
COMMAND: POST /session/cd477e99f4e247ef02c326ac6df7445e/element/f.375AD1BF2998C782D6149A43C57C8E27.d.C9306B15F3E2ADD336E172C4E2595EB0.e.11447/value - {"text":"106"}
COMMAND: GET /session/cd477e99f4e247ef02c326ac6df7445e/screenshot - {}
RESULT: {"text":"106"}
COMMAND: GET /session/cd477e99f4e247ef02c326ac6df7445e/screenshot - {}
RESULT: {}
RESULT: {}
COMMAND: POST /session/cd477e99f4e247ef02c326ac6df7445e/actions - {"actions":[{"id":"action26","type":"key","parameters":{},"actions":[{"type":"keyDown","value":"î€‡"},{"type":"pause","duration":10},{"type":"keyUp","value":"î€‡"}]}]}
RESULT: {"actions":[{"id":"action26","type":"key","parameters":{},"actions":[{"type":"keyDown","value":"î€‡"},{"type":"pause","duration":10},{"type":"keyUp","value":"î€‡"}]}]}
COMMAND: POST /session/cd477e99f4e247ef02c326ac6df7445e/execute/async - {"script":"<script> [1562 bytes]","args":[{"selector":{"controlType":"sap.ui.core.Icon","viewName":"reusables.view.manageresources.NewResourceUnit","viewId":"application-manageresources-display-component---newResourceUnit","properties":{"src":{"regex":{"source":"slim\\-arrow\\-down"}}},"ancestor":{"controlType":"sap.m.ComboBox","viewName":"reusables.view.manageresources.NewResourceUnit","viewId":"application-manageresources-display-component---newResourceUnit","bindingPath":{"path":"/RESOURCE_UNIT_TIME_SEQUENCES/0","propertyPath":"COST_OBJECT_ADMIN_CST_TYPE","modelName":"oNewRruModel"}}},"wdio_ui5_key":"reusablesview.manageresources.NewResourceUnitsap.ui.core.Icon{\"src\":{\"regex\":{\"source\":\"slim\\\\-arrow\\\\-down\"}}}{\"controlType\":\"sap.m.ComboBox\",\"viewName\":\"reusables.view.manageresources.NewResourceUnit\",\"viewId\":\"application-manageresources-display-component---newResourceUnit\",\"bindingPath\":{\"path\":\"/RESOURCE_UNIT_TIME_SEQUENCES/0\",\"propertyPath\":\"COST_OBJECT_ADMIN_CST_TYPE\",\"modelName\":\"oNewRruModel\"}}"}]}
COMMAND: GET /session/cd477e99f4e247ef02c326ac6df7445e/screenshot - {}
RESULT: {"script":"<script> [1562 bytes]","args":[{"selector":{"controlType":"sap.ui.core.Icon","viewName":"reusables.view.manageresources.NewResourceUnit","viewId":"application-manageresources-display-component---newResourceUnit","properties":{"src":{"regex":{"source":"slim\\-arrow\\-down"}}},"ancestor":{"controlType":"sap.m.ComboBox","viewName":"reusables.view.manageresources.NewResourceUnit","viewId":"application-manageresources-display-component---newResourceUnit","bindingPath":{"path":"/RESOURCE_UNIT_TIME_SEQUENCES/0","propertyPath":"COST_OBJECT_ADMIN_CST_TYPE","modelName":"oNewRruModel"}}},"wdio_ui5_key":"reusablesview.manageresources.NewResourceUnitsap.ui.core.Icon{\"src\":{\"regex\":{\"source\":\"slim\\\\-arrow\\\\-down\"}}}{\"controlType\":\"sap.m.ComboBox\",\"viewName\":\"reusables.view.manageresources.NewResourceUnit\",\"viewId\":\"application-manageresources-display-component---newResourceUnit\",\"bindingPath\":{\"path\":\"/RESOURCE_UNIT_TIME_SEQUENCES/0\",\"propertyPath\":\"COST_OBJECT_ADMIN_CST_TYPE\",\"modelName\":\"oNewRruModel\"}}"}]}
RESULT: undefined
COMMAND: POST /session/cd477e99f4e247ef02c326ac6df7445e/element - {"using":"xpath","value":"//*[@id=\"__box5-application-manageresources-display-component---newResourceUnit--RUTimeSegment-0-arrow\"]"}
RESULT: {}
RESULT: {"using":"xpath","value":"//*[@id=\"__box5-application-manageresources-display-component---newResourceUnit--RUTimeSegment-0-arrow\"]"}
COMMAND: POST /session/cd477e99f4e247ef02c326ac6df7445e/element/f.375AD1BF2998C782D6149A43C57C8E27.d.C9306B15F3E2ADD336E172C4E2595EB0.e.11462/click - {}
RESULT: {}
COMMAND: POST /session/cd477e99f4e247ef02c326ac6df7445e/execute/async - {"script":"<script> [1562 bytes]","args":[{"selector":{"controlType":"sap.m.StandardListItem","viewName":"reusables.view.manageresources.NewResourceUnit","viewId":"application-manageresources-display-component---newResourceUnit","properties":{"title":"PM Order"},"searchOpenDialogs":true,"interaction":{"idSuffix":"titleText"}},"wdio_ui5_key":"reusablesview.manageresources.NewResourceUnitsap.m.StandardListItem{\"title\":\"PM Order\"}"}]}
COMMAND: GET /session/cd477e99f4e247ef02c326ac6df7445e/screenshot - {}
RESULT: {"script":"<script> [1562 bytes]","args":[{"selector":{"controlType":"sap.m.StandardListItem","viewName":"reusables.view.manageresources.NewResourceUnit","viewId":"application-manageresources-display-component---newResourceUnit","properties":{"title":"PM Order"},"searchOpenDialogs":true,"interaction":{"idSuffix":"titleText"}},"wdio_ui5_key":"reusablesview.manageresources.NewResourceUnitsap.m.StandardListItem{\"title\":\"PM Order\"}"}]}
RESULT: undefined
COMMAND: POST /session/cd477e99f4e247ef02c326ac6df7445e/element - {"using":"xpath","value":"//*[@id=\"__item907\"]"}
RESULT: {}
RESULT: {"using":"xpath","value":"//*[@id=\"__item907\"]"}
COMMAND: POST /session/cd477e99f4e247ef02c326ac6df7445e/element/f.375AD1BF2998C782D6149A43C57C8E27.d.C9306B15F3E2ADD336E172C4E2595EB0.e.11466/click - {}
RESULT: {}
COMMAND: POST /session/cd477e99f4e247ef02c326ac6df7445e/element - {"using":"xpath","value":"(//input[contains(@id ,\"-application-manageresources-display-component---newResourceUnit--RUTimeSegment-0-inner\")])[8]"}
COMMAND: GET /session/cd477e99f4e247ef02c326ac6df7445e/screenshot - {}
RESULT: {"using":"xpath","value":"(//input[contains(@id ,\"-application-manageresources-display-component---newResourceUnit--RUTimeSegment-0-inner\")])[8]"}
COMMAND: POST /session/cd477e99f4e247ef02c326ac6df7445e/element/f.375AD1BF2998C782D6149A43C57C8E27.d.C9306B15F3E2ADD336E172C4E2595EB0.e.11455/clear - {}
RESULT: {}
RESULT: {}
COMMAND: POST /session/cd477e99f4e247ef02c326ac6df7445e/element/f.375AD1BF2998C782D6149A43C57C8E27.d.C9306B15F3E2ADD336E172C4E2595EB0.e.11455/value - {"text":"4000360"}
COMMAND: GET /session/cd477e99f4e247ef02c326ac6df7445e/screenshot - {}
RESULT: {"text":"4000360"}
COMMAND: GET /session/cd477e99f4e247ef02c326ac6df7445e/screenshot - {}
RESULT: {}
RESULT: {}
COMMAND: POST /session/cd477e99f4e247ef02c326ac6df7445e/actions - {"actions":[{"id":"action27","type":"key","parameters":{},"actions":[{"type":"keyDown","value":"î€‡"},{"type":"pause","duration":10},{"type":"keyUp","value":"î€‡"}]}]}
RESULT: {"actions":[{"id":"action27","type":"key","parameters":{},"actions":[{"type":"keyDown","value":"î€‡"},{"type":"pause","duration":10},{"type":"keyUp","value":"î€‡"}]}]}
COMMAND: GET /session/cd477e99f4e247ef02c326ac6df7445e/screenshot - {}
RESULT: {}
COMMAND: POST /session/cd477e99f4e247ef02c326ac6df7445e/execute/async - {"script":"<script> [1562 bytes]","args":[{"selector":{"id":"application-manageresources-display-component---newResourceUnit--newRRUPage-anchBar-application-manageresources-display-component---newResourceUnit--resource-anchor","interaction":{"idSuffix":"BDI-content"}},"wdio_ui5_key":"applicationmanageresources-display-component---newResourceUnit--newRRUPage-anchBar-application-manageresources-display-component---newResourceUnit--resource-anchor"}]}
RESULT: {"script":"<script> [1562 bytes]","args":[{"selector":{"id":"application-manageresources-display-component---newResourceUnit--newRRUPage-anchBar-application-manageresources-display-component---newResourceUnit--resource-anchor","interaction":{"idSuffix":"BDI-content"}},"wdio_ui5_key":"applicationmanageresources-display-component---newResourceUnit--newRRUPage-anchBar-application-manageresources-display-component---newResourceUnit--resource-anchor"}]}
RESULT: undefined
COMMAND: POST /session/cd477e99f4e247ef02c326ac6df7445e/element - {"using":"xpath","value":"//*[@id=\"application-manageresources-display-component---newResourceUnit--newRRUPage-anchBar-application-manageresources-display-component---newResourceUnit--resource-anchor\"]"}
RESULT: {"using":"xpath","value":"//*[@id=\"application-manageresources-display-component---newResourceUnit--newRRUPage-anchBar-application-manageresources-display-component---newResourceUnit--resource-anchor\"]"}
COMMAND: POST /session/cd477e99f4e247ef02c326ac6df7445e/element/f.375AD1BF2998C782D6149A43C57C8E27.d.C9306B15F3E2ADD336E172C4E2595EB0.e.11474/click - {}
RESULT: {}
COMMAND: POST /session/cd477e99f4e247ef02c326ac6df7445e/execute/async - {"script":"<script> [1562 bytes]","args":[{"selector":{"id":"application-manageresources-display-component---newResourceUnit--PLANNED_DELIVERY_DATE","interaction":{"idSuffix":"inner"}},"wdio_ui5_key":"applicationmanageresources-display-component---newResourceUnit--PLANNED_DELIVERY_DATE"}]}
COMMAND: GET /session/cd477e99f4e247ef02c326ac6df7445e/screenshot - {}
RESULT: {"script":"<script> [1562 bytes]","args":[{"selector":{"id":"application-manageresources-display-component---newResourceUnit--PLANNED_DELIVERY_DATE","interaction":{"idSuffix":"inner"}},"wdio_ui5_key":"applicationmanageresources-display-component---newResourceUnit--PLANNED_DELIVERY_DATE"}]}
RESULT: undefined
COMMAND: POST /session/cd477e99f4e247ef02c326ac6df7445e/execute/async - {"script":"<script> [6424 bytes]","args":[{"element-6066-11e4-a52e-4f735466cecf":"f.375AD1BF2998C782D6149A43C57C8E27.d.C9306B15F3E2ADD336E172C4E2595EB0.e.11355"},"setValue",["4/24/25"]]}
RESULT: {}
RESULT: {"script":"<script> [6424 bytes]","args":[{"element-6066-11e4-a52e-4f735466cecf":"f.375AD1BF2998C782D6149A43C57C8E27.d.C9306B15F3E2ADD336E172C4E2595EB0.e.11355"},"setValue",["4/24/25"]]}
COMMAND: POST /session/cd477e99f4e247ef02c326ac6df7445e/execute/async - {"script":"<script> [1562 bytes]","args":[{"selector":{"controlType":"sap.m.Button","viewName":"reusables.view.manageresources.NewResourceUnit","viewId":"application-manageresources-display-component---newResourceUnit","i18NText":{"propertyName":"tooltip","key":"save"},"interaction":{"idSuffix":"BDI-content"}},"wdio_ui5_key":"reusablesview.manageresources.NewResourceUnitsap.m.Button{\"propertyName\":\"tooltip\",\"key\":\"save\"}"}]}
RESULT: {"script":"<script> [1562 bytes]","args":[{"selector":{"controlType":"sap.m.Button","viewName":"reusables.view.manageresources.NewResourceUnit","viewId":"application-manageresources-display-component---newResourceUnit","i18NText":{"propertyName":"tooltip","key":"save"},"interaction":{"idSuffix":"BDI-content"}},"wdio_ui5_key":"reusablesview.manageresources.NewResourceUnitsap.m.Button{\"propertyName\":\"tooltip\",\"key\":\"save\"}"}]}
RESULT: undefined
COMMAND: POST /session/cd477e99f4e247ef02c326ac6df7445e/element - {"using":"xpath","value":"//*[@id=\"application-manageresources-display-component---newResourceUnit--createRuButton\"]"}
RESULT: {"using":"xpath","value":"//*[@id=\"application-manageresources-display-component---newResourceUnit--createRuButton\"]"}
COMMAND: POST /session/cd477e99f4e247ef02c326ac6df7445e/element/f.375AD1BF2998C782D6149A43C57C8E27.d.C9306B15F3E2ADD336E172C4E2595EB0.e.11315/click - {}
RESULT: {}
COMMAND: GET /session/cd477e99f4e247ef02c326ac6df7445e/screenshot - {}
RESULT: {}
COMMAND: POST /session/cd477e99f4e247ef02c326ac6df7445e/execute/async - {"script":"<script> [1562 bytes]","args":[{"selector":{"controlType":"sap.m.Button","properties":{"text":"Close"},"searchOpenDialogs":true,"interaction":{"idSuffix":"inner"}},"wdio_ui5_key":"sapm.Button{\"text\":\"Close\"}"}]}
RESULT: {"script":"<script> [1562 bytes]","args":[{"selector":{"controlType":"sap.m.Button","properties":{"text":"Close"},"searchOpenDialogs":true,"interaction":{"idSuffix":"inner"}},"wdio_ui5_key":"sapm.Button{\"text\":\"Close\"}"}]}
RESULT: undefined
COMMAND: POST /session/cd477e99f4e247ef02c326ac6df7445e/element - {"using":"xpath","value":"//*[@id=\"__mbox-btn-0\"]"}
RESULT: {"using":"xpath","value":"//*[@id=\"__mbox-btn-0\"]"}
COMMAND: POST /session/cd477e99f4e247ef02c326ac6df7445e/element/f.375AD1BF2998C782D6149A43C57C8E27.d.C9306B15F3E2ADD336E172C4E2595EB0.e.11481/click - {}
RESULT: {}
COMMAND: GET /session/cd477e99f4e247ef02c326ac6df7445e/screenshot - {}
RESULT: {}
COMMAND: POST /session/cd477e99f4e247ef02c326ac6df7445e/execute/async - {"script":"<script> [1562 bytes]","args":[{"selector":{"controlType":"sap.m.Text","viewName":"etm.portal.ui.manageresources.view.Detail","viewId":"application-manageresources-display-component---detailRU","bindingPath":{"propertyPath":"ID","modelName":"catalogModel"}},"wdio_ui5_key":"etmportal.ui.manageresources.view.Detailsap.m.Text{\"propertyPath\":\"ID\",\"modelName\":\"catalogModel\"}"}]}
RESULT: {"script":"<script> [1562 bytes]","args":[{"selector":{"controlType":"sap.m.Text","viewName":"etm.portal.ui.manageresources.view.Detail","viewId":"application-manageresources-display-component---detailRU","bindingPath":{"propertyPath":"ID","modelName":"catalogModel"}},"wdio_ui5_key":"etmportal.ui.manageresources.view.Detailsap.m.Text{\"propertyPath\":\"ID\",\"modelName\":\"catalogModel\"}"}]}
RESULT: undefined
COMMAND: POST /session/cd477e99f4e247ef02c326ac6df7445e/execute/async - {"script":"<script> [6424 bytes]","args":[{"element-6066-11e4-a52e-4f735466cecf":"f.375AD1BF2998C782D6149A43C57C8E27.d.C9306B15F3E2ADD336E172C4E2595EB0.e.11513"},"getText",[]]}
RESULT: {"script":"<script> [6424 bytes]","args":[{"element-6066-11e4-a52e-4f735466cecf":"f.375AD1BF2998C782D6149A43C57C8E27.d.C9306B15F3E2ADD336E172C4E2595EB0.e.11513"},"getText",[]]}
COMMAND: POST /session/cd477e99f4e247ef02c326ac6df7445e/execute/async - {"script":"<script> [1562 bytes]","args":[{"selector":{"controlType":"sap.m.OverflowToolbarButton","viewName":"etm.portal.ui.manageresources.view.Master","viewId":"application-manageresources-display-component---masterRU","bindingPath":{"path":"","propertyPath":"/isLogbook","modelName":"minimumStockRPGModel"},"interaction":{"idSuffix":"inner"}},"wdio_ui5_key":"etmportal.ui.manageresources.view.Mastersap.m.OverflowToolbarButton{\"path\":\"\",\"propertyPath\":\"/isLogbook\",\"modelName\":\"minimumStockRPGModel\"}"}]}
RESULT: {"script":"<script> [1562 bytes]","args":[{"selector":{"controlType":"sap.m.OverflowToolbarButton","viewName":"etm.portal.ui.manageresources.view.Master","viewId":"application-manageresources-display-component---masterRU","bindingPath":{"path":"","propertyPath":"/isLogbook","modelName":"minimumStockRPGModel"},"interaction":{"idSuffix":"inner"}},"wdio_ui5_key":"etmportal.ui.manageresources.view.Mastersap.m.OverflowToolbarButton{\"path\":\"\",\"propertyPath\":\"/isLogbook\",\"modelName\":\"minimumStockRPGModel\"}"}]}
RESULT: undefined
COMMAND: POST /session/cd477e99f4e247ef02c326ac6df7445e/element - {"using":"xpath","value":"//*[@id=\"__button5\"]"}
RESULT: {"using":"xpath","value":"//*[@id=\"__button5\"]"}
COMMAND: POST /session/cd477e99f4e247ef02c326ac6df7445e/element/f.375AD1BF2998C782D6149A43C57C8E27.d.C9306B15F3E2ADD336E172C4E2595EB0.e.10985/click - {}
RESULT: {}
COMMAND: GET /session/cd477e99f4e247ef02c326ac6df7445e/screenshot - {}
RESULT: {}
RESULT: undefined
COMMAND: POST /session/cd477e99f4e247ef02c326ac6df7445e/element - {"using":"xpath","value":"//*[@id=\"application-manageresources-display-component---newResourceUnit--TYPE-arrow\"]"}
RESULT: {"using":"xpath","value":"//*[@id=\"application-manageresources-display-component---newResourceUnit--TYPE-arrow\"]"}
COMMAND: POST /session/cd477e99f4e247ef02c326ac6df7445e/element/f.375AD1BF2998C782D6149A43C57C8E27.d.C9306B15F3E2ADD336E172C4E2595EB0.e.11298/click - {}
RESULT: {}
COMMAND: POST /session/cd477e99f4e247ef02c326ac6df7445e/execute/async - {"script":"<script> [1562 bytes]","args":[{"selector":{"controlType":"sap.m.StandardListItem","viewName":"reusables.view.manageresources.NewResourceUnit","viewId":"application-manageresources-display-component---newResourceUnit","properties":{"title":"Equi Multipart"},"searchOpenDialogs":true,"interaction":{"idSuffix":"titleText"}},"wdio_ui5_key":"reusablesview.manageresources.NewResourceUnitsap.m.StandardListItem{\"title\":\"Equi Multipart\"}"}]}
COMMAND: GET /session/cd477e99f4e247ef02c326ac6df7445e/screenshot - {}
RESULT: {"script":"<script> [1562 bytes]","args":[{"selector":{"controlType":"sap.m.StandardListItem","viewName":"reusables.view.manageresources.NewResourceUnit","viewId":"application-manageresources-display-component---newResourceUnit","properties":{"title":"Equi Multipart"},"searchOpenDialogs":true,"interaction":{"idSuffix":"titleText"}},"wdio_ui5_key":"reusablesview.manageresources.NewResourceUnitsap.m.StandardListItem{\"title\":\"Equi Multipart\"}"}]}
RESULT: undefined
COMMAND: POST /session/cd477e99f4e247ef02c326ac6df7445e/element - {"using":"xpath","value":"//*[@id=\"__item146\"]"}
RESULT: {}
RESULT: {"using":"xpath","value":"//*[@id=\"__item146\"]"}
COMMAND: POST /session/cd477e99f4e247ef02c326ac6df7445e/element/f.375AD1BF2998C782D6149A43C57C8E27.d.C9306B15F3E2ADD336E172C4E2595EB0.e.11536/click - {}
RESULT: {}
RESULT: undefined
COMMAND: POST /session/cd477e99f4e247ef02c326ac6df7445e/execute/async - {"script":"<script> [776 bytes]","args":[{"enterText":"TransferYardmultipart51efu","selector":{"id":"application-manageresources-display-component---newResourceUnit--SHORT_TEXT","interaction":{"idSuffix":"inner"}},"clearTextFirst":true,"interactionType":"ENTER_TEXT"}]}
COMMAND: GET /session/cd477e99f4e247ef02c326ac6df7445e/screenshot - {}
RESULT: {"script":"<script> [776 bytes]","args":[{"enterText":"TransferYardmultipart51efu","selector":{"id":"application-manageresources-display-component---newResourceUnit--SHORT_TEXT","interaction":{"idSuffix":"inner"}},"clearTextFirst":true,"interactionType":"ENTER_TEXT"}]}
RESULT: undefined
COMMAND: POST /session/cd477e99f4e247ef02c326ac6df7445e/execute/async - {"script":"<script> [776 bytes]","args":[{"enterText":"Piece","selector":{"id":"application-manageresources-display-component---newResourceUnit--BASE_UNIT_OF_MEASURE","interaction":{"idSuffix":"inner"}},"clearTextFirst":true,"interactionType":"ENTER_TEXT"}]}
RESULT: {}
RESULT: {"script":"<script> [776 bytes]","args":[{"enterText":"Piece","selector":{"id":"application-manageresources-display-component---newResourceUnit--BASE_UNIT_OF_MEASURE","interaction":{"idSuffix":"inner"}},"clearTextFirst":true,"interactionType":"ENTER_TEXT"}]}
RESULT: undefined
COMMAND: POST /session/cd477e99f4e247ef02c326ac6df7445e/execute/async - {"script":"<script> [776 bytes]","args":[{"enterText":"Gram","selector":{"id":"application-manageresources-display-component---newResourceUnit--WEIGHT_UNIT","interaction":{"idSuffix":"inner"}},"clearTextFirst":true,"interactionType":"ENTER_TEXT"}]}
RESULT: {"script":"<script> [776 bytes]","args":[{"enterText":"Gram","selector":{"id":"application-manageresources-display-component---newResourceUnit--WEIGHT_UNIT","interaction":{"idSuffix":"inner"}},"clearTextFirst":true,"interactionType":"ENTER_TEXT"}]}
RESULT: undefined
COMMAND: POST /session/cd477e99f4e247ef02c326ac6df7445e/execute/async - {"script":"<script> [776 bytes]","args":[{"enterText":"Meter","selector":{"id":"application-manageresources-display-component---newResourceUnit--DIMENSION_UNIT","interaction":{"idSuffix":"inner"}},"clearTextFirst":true,"interactionType":"ENTER_TEXT"}]}
RESULT: {"script":"<script> [776 bytes]","args":[{"enterText":"Meter","selector":{"id":"application-manageresources-display-component---newResourceUnit--DIMENSION_UNIT","interaction":{"idSuffix":"inner"}},"clearTextFirst":true,"interactionType":"ENTER_TEXT"}]}
RESULT: undefined
COMMAND: POST /session/cd477e99f4e247ef02c326ac6df7445e/execute/async - {"script":"<script> [776 bytes]","args":[{"enterText":"Heavy equip","selector":{"id":"application-manageresources-display-component---newResourceUnit--PLANNING_GROUP","interaction":{"idSuffix":"inner"}},"clearTextFirst":true,"interactionType":"ENTER_TEXT"}]}
RESULT: {"script":"<script> [776 bytes]","args":[{"enterText":"Heavy equip","selector":{"id":"application-manageresources-display-component---newResourceUnit--PLANNING_GROUP","interaction":{"idSuffix":"inner"}},"clearTextFirst":true,"interactionType":"ENTER_TEXT"}]}
RESULT: undefined
COMMAND: POST /session/cd477e99f4e247ef02c326ac6df7445e/element - {"using":"xpath","value":"//*[@id=\"application-manageresources-display-component---newResourceUnit--ITEM_TYPE-arrow\"]"}
RESULT: {"using":"xpath","value":"//*[@id=\"application-manageresources-display-component---newResourceUnit--ITEM_TYPE-arrow\"]"}
COMMAND: POST /session/cd477e99f4e247ef02c326ac6df7445e/element/f.375AD1BF2998C782D6149A43C57C8E27.d.C9306B15F3E2ADD336E172C4E2595EB0.e.11599/click - {}
RESULT: {}
COMMAND: POST /session/cd477e99f4e247ef02c326ac6df7445e/execute/async - {"script":"<script> [1562 bytes]","args":[{"selector":{"controlType":"sap.m.StandardListItem","viewName":"reusables.view.manageresources.NewResourceUnit","viewId":"application-manageresources-display-component---newResourceUnit","properties":{"title":"Pool Equipment"},"searchOpenDialogs":true,"interaction":{"idSuffix":"content"}},"wdio_ui5_key":"reusablesview.manageresources.NewResourceUnitsap.m.StandardListItem{\"title\":\"Pool Equipment\"}"}]}
COMMAND: GET /session/cd477e99f4e247ef02c326ac6df7445e/screenshot - {}
RESULT: {"script":"<script> [1562 bytes]","args":[{"selector":{"controlType":"sap.m.StandardListItem","viewName":"reusables.view.manageresources.NewResourceUnit","viewId":"application-manageresources-display-component---newResourceUnit","properties":{"title":"Pool Equipment"},"searchOpenDialogs":true,"interaction":{"idSuffix":"content"}},"wdio_ui5_key":"reusablesview.manageresources.NewResourceUnitsap.m.StandardListItem{\"title\":\"Pool Equipment\"}"}]}
RESULT: undefined
COMMAND: POST /session/cd477e99f4e247ef02c326ac6df7445e/element - {"using":"xpath","value":"//*[@id=\"__item1033\"]"}
RESULT: {}
RESULT: {"using":"xpath","value":"//*[@id=\"__item1033\"]"}
COMMAND: POST /session/cd477e99f4e247ef02c326ac6df7445e/element/f.375AD1BF2998C782D6149A43C57C8E27.d.C9306B15F3E2ADD336E172C4E2595EB0.e.11601/click - {}
RESULT: {}
COMMAND: POST /session/cd477e99f4e247ef02c326ac6df7445e/execute/async - {"script":"<script> [1562 bytes]","args":[{"selector":{"id":"application-manageresources-display-component---newResourceUnit--PLANNING_INDICATOR","interaction":{"idSuffix":"inner"}},"wdio_ui5_key":"applicationmanageresources-display-component---newResourceUnit--PLANNING_INDICATOR"}]}
COMMAND: GET /session/cd477e99f4e247ef02c326ac6df7445e/screenshot - {}
RESULT: {"script":"<script> [1562 bytes]","args":[{"selector":{"id":"application-manageresources-display-component---newResourceUnit--PLANNING_INDICATOR","interaction":{"idSuffix":"inner"}},"wdio_ui5_key":"applicationmanageresources-display-component---newResourceUnit--PLANNING_INDICATOR"}]}
RESULT: undefined
COMMAND: POST /session/cd477e99f4e247ef02c326ac6df7445e/execute/async - {"script":"<script> [776 bytes]","args":[{"enterText":"10 - infinite","selector":{"id":"application-manageresources-display-component---newResourceUnit--PLANNING_INDICATOR","interaction":{"idSuffix":"inner"}},"clearTextFirst":true,"interactionType":"ENTER_TEXT"}]}
RESULT: {}
RESULT: {"script":"<script> [776 bytes]","args":[{"enterText":"10 - infinite","selector":{"id":"application-manageresources-display-component---newResourceUnit--PLANNING_INDICATOR","interaction":{"idSuffix":"inner"}},"clearTextFirst":true,"interactionType":"ENTER_TEXT"}]}
COMMAND: POST /session/cd477e99f4e247ef02c326ac6df7445e/actions - {"actions":[{"id":"action28","type":"key","parameters":{},"actions":[{"type":"keyDown","value":"î€‡"},{"type":"pause","duration":10},{"type":"keyUp","value":"î€‡"}]}]}
RESULT: {"actions":[{"id":"action28","type":"key","parameters":{},"actions":[{"type":"keyDown","value":"î€‡"},{"type":"pause","duration":10},{"type":"keyUp","value":"î€‡"}]}]}
RESULT: undefined
COMMAND: POST /session/cd477e99f4e247ef02c326ac6df7445e/element - {"using":"xpath","value":"//*[@id=\"application-manageresources-display-component---newResourceUnit--newRRUPage-anchBar-application-manageresources-display-component---newResourceUnit--control-anchor\"]"}
COMMAND: GET /session/cd477e99f4e247ef02c326ac6df7445e/screenshot - {}
RESULT: {"using":"xpath","value":"//*[@id=\"application-manageresources-display-component---newResourceUnit--newRRUPage-anchBar-application-manageresources-display-component---newResourceUnit--control-anchor\"]"}
COMMAND: POST /session/cd477e99f4e247ef02c326ac6df7445e/element/f.375AD1BF2998C782D6149A43C57C8E27.d.C9306B15F3E2ADD336E172C4E2595EB0.e.11603/click - {}
RESULT: {}
RESULT: {}
RESULT: undefined
COMMAND: POST /session/cd477e99f4e247ef02c326ac6df7445e/element - {"using":"xpath","value":"//*[@id=\"application-manageresources-display-component---newResourceUnit--btnAddTimeSegment-img\"]"}
COMMAND: GET /session/cd477e99f4e247ef02c326ac6df7445e/screenshot - {}
RESULT: {"using":"xpath","value":"//*[@id=\"application-manageresources-display-component---newResourceUnit--btnAddTimeSegment-img\"]"}
COMMAND: POST /session/cd477e99f4e247ef02c326ac6df7445e/element/f.375AD1BF2998C782D6149A43C57C8E27.d.C9306B15F3E2ADD336E172C4E2595EB0.e.11605/click - {}
RESULT: {}
RESULT: {}
COMMAND: POST /session/cd477e99f4e247ef02c326ac6df7445e/element - {"using":"xpath","value":"//input[@id=\"application-manageresources-display-component---newResourceUnit--idRuTSAdmin-application-manageresources-display-component---newResourceUnit--RUTimeSegment-0-inner\"]"}
COMMAND: GET /session/cd477e99f4e247ef02c326ac6df7445e/screenshot - {}
RESULT: {"using":"xpath","value":"//input[@id=\"application-manageresources-display-component---newResourceUnit--idRuTSAdmin-application-manageresources-display-component---newResourceUnit--RUTimeSegment-0-inner\"]"}
COMMAND: POST /session/cd477e99f4e247ef02c326ac6df7445e/element/f.375AD1BF2998C782D6149A43C57C8E27.d.C9306B15F3E2ADD336E172C4E2595EB0.e.11610/clear - {}
RESULT: {}
RESULT: {}
COMMAND: POST /session/cd477e99f4e247ef02c326ac6df7445e/element/f.375AD1BF2998C782D6149A43C57C8E27.d.C9306B15F3E2ADD336E172C4E2595EB0.e.11610/value - {"text":"106"}
COMMAND: GET /session/cd477e99f4e247ef02c326ac6df7445e/screenshot - {}
RESULT: {"text":"106"}
COMMAND: GET /session/cd477e99f4e247ef02c326ac6df7445e/screenshot - {}
RESULT: {}
RESULT: {}
COMMAND: POST /session/cd477e99f4e247ef02c326ac6df7445e/actions - {"actions":[{"id":"action29","type":"key","parameters":{},"actions":[{"type":"keyDown","value":"î€‡"},{"type":"pause","duration":10},{"type":"keyUp","value":"î€‡"}]}]}
RESULT: {"actions":[{"id":"action29","type":"key","parameters":{},"actions":[{"type":"keyDown","value":"î€‡"},{"type":"pause","duration":10},{"type":"keyUp","value":"î€‡"}]}]}
COMMAND: GET /session/cd477e99f4e247ef02c326ac6df7445e/screenshot - {}
RESULT: {}
COMMAND: POST /session/cd477e99f4e247ef02c326ac6df7445e/element - {"using":"xpath","value":"//*[text()=\"Save\"]"}
RESULT: {"using":"xpath","value":"//*[text()=\"Save\"]"}
COMMAND: POST /session/cd477e99f4e247ef02c326ac6df7445e/execute/sync - {"script":"<script> [8489 bytes]","args":[{"element-6066-11e4-a52e-4f735466cecf":"f.375AD1BF2998C782D6149A43C57C8E27.d.C9306B15F3E2ADD336E172C4E2595EB0.e.11480","ELEMENT":"f.375AD1BF2998C782D6149A43C57C8E27.d.C9306B15F3E2ADD336E172C4E2595EB0.e.11480"}]}
RESULT: {"script":"<script> [8489 bytes]","args":[{"element-6066-11e4-a52e-4f735466cecf":"f.375AD1BF2998C782D6149A43C57C8E27.d.C9306B15F3E2ADD336E172C4E2595EB0.e.11480","ELEMENT":"f.375AD1BF2998C782D6149A43C57C8E27.d.C9306B15F3E2ADD336E172C4E2595EB0.e.11480"}]}
COMMAND: POST /session/cd477e99f4e247ef02c326ac6df7445e/execute/sync - {"script":"<script> [5351 bytes]","args":[{"element-6066-11e4-a52e-4f735466cecf":"f.375AD1BF2998C782D6149A43C57C8E27.d.C9306B15F3E2ADD336E172C4E2595EB0.e.11480","ELEMENT":"f.375AD1BF2998C782D6149A43C57C8E27.d.C9306B15F3E2ADD336E172C4E2595EB0.e.11480"}]}
COMMAND: GET /session/cd477e99f4e247ef02c326ac6df7445e/screenshot - {}
RESULT: {"script":"<script> [5351 bytes]","args":[{"element-6066-11e4-a52e-4f735466cecf":"f.375AD1BF2998C782D6149A43C57C8E27.d.C9306B15F3E2ADD336E172C4E2595EB0.e.11480","ELEMENT":"f.375AD1BF2998C782D6149A43C57C8E27.d.C9306B15F3E2ADD336E172C4E2595EB0.e.11480"}]}
COMMAND: POST /session/cd477e99f4e247ef02c326ac6df7445e/element/f.375AD1BF2998C782D6149A43C57C8E27.d.C9306B15F3E2ADD336E172C4E2595EB0.e.11480/click - {}
COMMAND: GET /session/cd477e99f4e247ef02c326ac6df7445e/screenshot - {}
RESULT: {}
RESULT: {}
COMMAND: GET /session/cd477e99f4e247ef02c326ac6df7445e/screenshot - {}
RESULT: {}
RESULT: {}
COMMAND: POST /session/cd477e99f4e247ef02c326ac6df7445e/element - {"using":"xpath","value":"//bdi[contains(text(), \"Close\")]"}
RESULT: {"using":"xpath","value":"//bdi[contains(text(), \"Close\")]"}
COMMAND: POST /session/cd477e99f4e247ef02c326ac6df7445e/element/f.375AD1BF2998C782D6149A43C57C8E27.d.C9306B15F3E2ADD336E172C4E2595EB0.e.11631/click - {}
RESULT: {}
COMMAND: GET /session/cd477e99f4e247ef02c326ac6df7445e/screenshot - {}
RESULT: {}
RESULT: undefined
COMMAND: POST /session/cd477e99f4e247ef02c326ac6df7445e/execute/async - {"script":"<script> [6424 bytes]","args":[{"element-6066-11e4-a52e-4f735466cecf":"f.375AD1BF2998C782D6149A43C57C8E27.d.C9306B15F3E2ADD336E172C4E2595EB0.e.11513"},"getText",[]]}
RESULT: {"script":"<script> [6424 bytes]","args":[{"element-6066-11e4-a52e-4f735466cecf":"f.375AD1BF2998C782D6149A43C57C8E27.d.C9306B15F3E2ADD336E172C4E2595EB0.e.11513"},"getText",[]]}
COMMAND: POST /session/cd477e99f4e247ef02c326ac6df7445e/element - {"using":"css selector","value":"#shell-header-logo"}
RESULT: {"using":"css selector","value":"#shell-header-logo"}
COMMAND: POST /session/cd477e99f4e247ef02c326ac6df7445e/element/f.375AD1BF2998C782D6149A43C57C8E27.d.C9306B15F3E2ADD336E172C4E2595EB0.e.10930/click - {}
RESULT: {}
COMMAND: GET /session/cd477e99f4e247ef02c326ac6df7445e/screenshot - {}
RESULT: {}
]]></system-out>
    </testcase>
    <testcase classname="chrome.135_0_7049_96.windows.Transfer_Yard_to_Yard_US131076" name="Should do a stock increase for the equipment and multipart" time="64.725">
      <system-out><![CDATA[
COMMAND: POST /session/cd477e99f4e247ef02c326ac6df7445e/execute/async - {"script":"<script> [1562 bytes]","args":[{"selector":{"controlType":"sap.m.Text","viewName":"etm.portal.ui.managehandoverstile.view.Master","properties":{"text":"Manage Handovers"},"interaction":{"idSuffix":"inner"}},"wdio_ui5_key":"etmportal.ui.managehandoverstile.view.Mastersap.m.Text{\"text\":\"Manage Handovers\"}"}]}
RESULT: {"script":"<script> [1562 bytes]","args":[{"selector":{"controlType":"sap.m.Text","viewName":"etm.portal.ui.managehandoverstile.view.Master","properties":{"text":"Manage Handovers"},"interaction":{"idSuffix":"inner"}},"wdio_ui5_key":"etmportal.ui.managehandoverstile.view.Mastersap.m.Text{\"text\":\"Manage Handovers\"}"}]}
RESULT: undefined
COMMAND: POST /session/cd477e99f4e247ef02c326ac6df7445e/element - {"using":"xpath","value":"//*[@id=\"__tile132-title\"]"}
RESULT: {"using":"xpath","value":"//*[@id=\"__tile132-title\"]"}
COMMAND: POST /session/cd477e99f4e247ef02c326ac6df7445e/element/f.375AD1BF2998C782D6149A43C57C8E27.d.C9306B15F3E2ADD336E172C4E2595EB0.e.11644/click - {}
RESULT: {}
COMMAND: GET /session/cd477e99f4e247ef02c326ac6df7445e/screenshot - {}
RESULT: {}
COMMAND: POST /session/cd477e99f4e247ef02c326ac6df7445e/execute/async - {"script":"<script> [1562 bytes]","args":[{"selector":{"controlType":"sap.ui.core.Icon","viewName":"etm.portal.ui.managehandovers.view.MasterHO","properties":{"src":{"regex":{"source":"add"}}}},"wdio_ui5_key":"etmportal.ui.managehandovers.view.MasterHOsap.ui.core.Icon{\"src\":{\"regex\":{\"source\":\"add\"}}}"}]}
RESULT: {"script":"<script> [1562 bytes]","args":[{"selector":{"controlType":"sap.ui.core.Icon","viewName":"etm.portal.ui.managehandovers.view.MasterHO","properties":{"src":{"regex":{"source":"add"}}}},"wdio_ui5_key":"etmportal.ui.managehandovers.view.MasterHOsap.ui.core.Icon{\"src\":{\"regex\":{\"source\":\"add\"}}}"}]}
RESULT: undefined
COMMAND: POST /session/cd477e99f4e247ef02c326ac6df7445e/element - {"using":"xpath","value":"//*[@id=\"__button85-img\"]"}
RESULT: {"using":"xpath","value":"//*[@id=\"__button85-img\"]"}
COMMAND: POST /session/cd477e99f4e247ef02c326ac6df7445e/element/f.375AD1BF2998C782D6149A43C57C8E27.d.C9306B15F3E2ADD336E172C4E2595EB0.e.11688/click - {}
RESULT: {}
COMMAND: POST /session/cd477e99f4e247ef02c326ac6df7445e/execute/async - {"script":"<script> [1562 bytes]","args":[{"selector":{"id":"application-managehandovers-display-component---AddNewHO--typeSelect","interaction":{"idSuffix":"arrow"}},"wdio_ui5_key":"applicationmanagehandovers-display-component---AddNewHO--typeSelect"}]}
COMMAND: GET /session/cd477e99f4e247ef02c326ac6df7445e/screenshot - {}
RESULT: {"script":"<script> [1562 bytes]","args":[{"selector":{"id":"application-managehandovers-display-component---AddNewHO--typeSelect","interaction":{"idSuffix":"arrow"}},"wdio_ui5_key":"applicationmanagehandovers-display-component---AddNewHO--typeSelect"}]}
RESULT: undefined
COMMAND: POST /session/cd477e99f4e247ef02c326ac6df7445e/element - {"using":"xpath","value":"//*[@id=\"application-managehandovers-display-component---AddNewHO--typeSelect\"]"}
RESULT: {}
RESULT: {"using":"xpath","value":"//*[@id=\"application-managehandovers-display-component---AddNewHO--typeSelect\"]"}
COMMAND: POST /session/cd477e99f4e247ef02c326ac6df7445e/element/f.375AD1BF2998C782D6149A43C57C8E27.d.C9306B15F3E2ADD336E172C4E2595EB0.e.11989/click - {}
RESULT: {}
COMMAND: POST /session/cd477e99f4e247ef02c326ac6df7445e/execute/async - {"script":"<script> [1562 bytes]","args":[{"selector":{"controlType":"sap.ui.core.Item","viewName":"etm.portal.ui.managehandovers.view.AddNewHO","viewId":"application-managehandovers-display-component---AddNewHO","bindingPath":{"path":"/HandOverTypes('100')","propertyPath":"ID","modelName":"catalogModel"},"searchOpenDialogs":true},"wdio_ui5_key":"etmportal.ui.managehandovers.view.AddNewHOsap.ui.core.Item{\"path\":\"/HandOverTypes('100')\",\"propertyPath\":\"ID\",\"modelName\":\"catalogModel\"}"}]}
COMMAND: GET /session/cd477e99f4e247ef02c326ac6df7445e/screenshot - {}
RESULT: {"script":"<script> [1562 bytes]","args":[{"selector":{"controlType":"sap.ui.core.Item","viewName":"etm.portal.ui.managehandovers.view.AddNewHO","viewId":"application-managehandovers-display-component---AddNewHO","bindingPath":{"path":"/HandOverTypes('100')","propertyPath":"ID","modelName":"catalogModel"},"searchOpenDialogs":true},"wdio_ui5_key":"etmportal.ui.managehandovers.view.AddNewHOsap.ui.core.Item{\"path\":\"/HandOverTypes('100')\",\"propertyPath\":\"ID\",\"modelName\":\"catalogModel\"}"}]}
RESULT: undefined
COMMAND: POST /session/cd477e99f4e247ef02c326ac6df7445e/element - {"using":"xpath","value":"//*[@id=\"__item1758-application-managehandovers-display-component---AddNewHO--typeSelect-1\"]"}
RESULT: {}
RESULT: {"using":"xpath","value":"//*[@id=\"__item1758-application-managehandovers-display-component---AddNewHO--typeSelect-1\"]"}
COMMAND: POST /session/cd477e99f4e247ef02c326ac6df7445e/element/f.375AD1BF2998C782D6149A43C57C8E27.d.C9306B15F3E2ADD336E172C4E2595EB0.e.11990/click - {}
RESULT: {}
COMMAND: POST /session/cd477e99f4e247ef02c326ac6df7445e/execute/async - {"script":"<script> [1562 bytes]","args":[{"selector":{"id":"application-managehandovers-display-component---AddNewHO--dueDate","interaction":{"idSuffix":"inner"}},"wdio_ui5_key":"applicationmanagehandovers-display-component---AddNewHO--dueDate"}]}
COMMAND: GET /session/cd477e99f4e247ef02c326ac6df7445e/screenshot - {}
RESULT: {"script":"<script> [1562 bytes]","args":[{"selector":{"id":"application-managehandovers-display-component---AddNewHO--dueDate","interaction":{"idSuffix":"inner"}},"wdio_ui5_key":"applicationmanagehandovers-display-component---AddNewHO--dueDate"}]}
RESULT: undefined
COMMAND: POST /session/cd477e99f4e247ef02c326ac6df7445e/element - {"using":"xpath","value":"//input[@id=\"generalSectionFrg--receiveYard-inner\"]"}
RESULT: {}
RESULT: {"using":"xpath","value":"//input[@id=\"generalSectionFrg--receiveYard-inner\"]"}
COMMAND: POST /session/cd477e99f4e247ef02c326ac6df7445e/element/f.375AD1BF2998C782D6149A43C57C8E27.d.C9306B15F3E2ADD336E172C4E2595EB0.e.11998/clear - {}
RESULT: {}
COMMAND: POST /session/cd477e99f4e247ef02c326ac6df7445e/element/f.375AD1BF2998C782D6149A43C57C8E27.d.C9306B15F3E2ADD336E172C4E2595EB0.e.11998/value - {"text":"106"}
COMMAND: GET /session/cd477e99f4e247ef02c326ac6df7445e/screenshot - {}
RESULT: {"text":"106"}
COMMAND: GET /session/cd477e99f4e247ef02c326ac6df7445e/screenshot - {}
RESULT: {}
RESULT: {}
COMMAND: POST /session/cd477e99f4e247ef02c326ac6df7445e/element - {"using":"xpath","value":"//input[@id=\"application-managehandovers-display-component---AddNewHO--dueDate-inner\"]"}
RESULT: {"using":"xpath","value":"//input[@id=\"application-managehandovers-display-component---AddNewHO--dueDate-inner\"]"}
COMMAND: POST /session/cd477e99f4e247ef02c326ac6df7445e/elements - {"using":"xpath","value":"//input[@id=\"application-managehandovers-display-component---AddNewHO--dueDate-inner\"]"}
RESULT: {"using":"xpath","value":"//input[@id=\"application-managehandovers-display-component---AddNewHO--dueDate-inner\"]"}
COMMAND: POST /session/cd477e99f4e247ef02c326ac6df7445e/execute/sync - {"script":"<script> [8489 bytes]","args":[{"element-6066-11e4-a52e-4f735466cecf":"f.375AD1BF2998C782D6149A43C57C8E27.d.C9306B15F3E2ADD336E172C4E2595EB0.e.11992","ELEMENT":"f.375AD1BF2998C782D6149A43C57C8E27.d.C9306B15F3E2ADD336E172C4E2595EB0.e.11992"}]}
RESULT: {"script":"<script> [8489 bytes]","args":[{"element-6066-11e4-a52e-4f735466cecf":"f.375AD1BF2998C782D6149A43C57C8E27.d.C9306B15F3E2ADD336E172C4E2595EB0.e.11992","ELEMENT":"f.375AD1BF2998C782D6149A43C57C8E27.d.C9306B15F3E2ADD336E172C4E2595EB0.e.11992"}]}
COMMAND: GET /session/cd477e99f4e247ef02c326ac6df7445e/element/f.375AD1BF2998C782D6149A43C57C8E27.d.C9306B15F3E2ADD336E172C4E2595EB0.e.11992/enabled - {}
COMMAND: GET /session/cd477e99f4e247ef02c326ac6df7445e/screenshot - {}
RESULT: {}
COMMAND: POST /session/cd477e99f4e247ef02c326ac6df7445e/element/f.375AD1BF2998C782D6149A43C57C8E27.d.C9306B15F3E2ADD336E172C4E2595EB0.e.11992/click - {}
COMMAND: GET /session/cd477e99f4e247ef02c326ac6df7445e/screenshot - {}
RESULT: {}
RESULT: {}
COMMAND: POST /session/cd477e99f4e247ef02c326ac6df7445e/element/f.375AD1BF2998C782D6149A43C57C8E27.d.C9306B15F3E2ADD336E172C4E2595EB0.e.11992/clear - {}
COMMAND: GET /session/cd477e99f4e247ef02c326ac6df7445e/screenshot - {}
RESULT: {}
RESULT: {}
COMMAND: POST /session/cd477e99f4e247ef02c326ac6df7445e/element/f.375AD1BF2998C782D6149A43C57C8E27.d.C9306B15F3E2ADD336E172C4E2595EB0.e.11992/clear - {}
COMMAND: GET /session/cd477e99f4e247ef02c326ac6df7445e/screenshot - {}
RESULT: {}
RESULT: {}
COMMAND: POST /session/cd477e99f4e247ef02c326ac6df7445e/element/f.375AD1BF2998C782D6149A43C57C8E27.d.C9306B15F3E2ADD336E172C4E2595EB0.e.11992/value - {"text":"4/24/25"}
COMMAND: GET /session/cd477e99f4e247ef02c326ac6df7445e/screenshot - {}
RESULT: {}
RESULT: {"text":"4/24/25"}
COMMAND: POST /session/cd477e99f4e247ef02c326ac6df7445e/execute/async - {"script":"<script> [1562 bytes]","args":[{"selector":{"id":"application-managehandovers-display-component---AddNewHO--ObjectPageLayout-anchBar-application-managehandovers-display-component---AddNewHO--section4-anchor","interaction":{"idSuffix":"BDI-content"}},"wdio_ui5_key":"applicationmanagehandovers-display-component---AddNewHO--ObjectPageLayout-anchBar-application-managehandovers-display-component---AddNewHO--section4-anchor"}]}
COMMAND: GET /session/cd477e99f4e247ef02c326ac6df7445e/screenshot - {}
RESULT: {}
RESULT: {"script":"<script> [1562 bytes]","args":[{"selector":{"id":"application-managehandovers-display-component---AddNewHO--ObjectPageLayout-anchBar-application-managehandovers-display-component---AddNewHO--section4-anchor","interaction":{"idSuffix":"BDI-content"}},"wdio_ui5_key":"applicationmanagehandovers-display-component---AddNewHO--ObjectPageLayout-anchBar-application-managehandovers-display-component---AddNewHO--section4-anchor"}]}
RESULT: undefined
COMMAND: POST /session/cd477e99f4e247ef02c326ac6df7445e/element - {"using":"xpath","value":"//*[@id=\"application-managehandovers-display-component---AddNewHO--ObjectPageLayout-anchBar-application-managehandovers-display-component---AddNewHO--section4-anchor\"]"}
RESULT: {}
RESULT: {"using":"xpath","value":"//*[@id=\"application-managehandovers-display-component---AddNewHO--ObjectPageLayout-anchBar-application-managehandovers-display-component---AddNewHO--section4-anchor\"]"}
COMMAND: POST /session/cd477e99f4e247ef02c326ac6df7445e/element/f.375AD1BF2998C782D6149A43C57C8E27.d.C9306B15F3E2ADD336E172C4E2595EB0.e.12017/click - {}
RESULT: {}
COMMAND: POST /session/cd477e99f4e247ef02c326ac6df7445e/execute/async - {"script":"<script> [1562 bytes]","args":[{"selector":{"controlType":"sap.ui.core.Icon","viewName":"etm.portal.ui.managehandovers.view.AddNewHO","viewId":"application-managehandovers-display-component---AddNewHO","properties":{"src":{"regex":{"source":"add"}}}},"wdio_ui5_key":"etmportal.ui.managehandovers.view.AddNewHOsap.ui.core.Icon{\"src\":{\"regex\":{\"source\":\"add\"}}}"}]}
COMMAND: GET /session/cd477e99f4e247ef02c326ac6df7445e/screenshot - {}
RESULT: {"script":"<script> [1562 bytes]","args":[{"selector":{"controlType":"sap.ui.core.Icon","viewName":"etm.portal.ui.managehandovers.view.AddNewHO","viewId":"application-managehandovers-display-component---AddNewHO","properties":{"src":{"regex":{"source":"add"}}}},"wdio_ui5_key":"etmportal.ui.managehandovers.view.AddNewHOsap.ui.core.Icon{\"src\":{\"regex\":{\"source\":\"add\"}}}"}]}
RESULT: undefined
COMMAND: POST /session/cd477e99f4e247ef02c326ac6df7445e/element - {"using":"xpath","value":"//*[@id=\"__button104-img\"]"}
RESULT: {}
RESULT: {"using":"xpath","value":"//*[@id=\"__button104-img\"]"}
COMMAND: POST /session/cd477e99f4e247ef02c326ac6df7445e/element/f.375AD1BF2998C782D6149A43C57C8E27.d.C9306B15F3E2ADD336E172C4E2595EB0.e.12021/click - {}
RESULT: {}
COMMAND: POST /session/cd477e99f4e247ef02c326ac6df7445e/execute/async - {"script":"<script> [1562 bytes]","args":[{"selector":{"id":"application-managehandovers-display-component---AddNewHO--smartFilterBar-btnBasicSearch","searchOpenDialogs":true,"interaction":{"idSuffix":"I"}},"wdio_ui5_key":"applicationmanagehandovers-display-component---AddNewHO--smartFilterBar-btnBasicSearch"}]}
COMMAND: GET /session/cd477e99f4e247ef02c326ac6df7445e/screenshot - {}
RESULT: {"script":"<script> [1562 bytes]","args":[{"selector":{"id":"application-managehandovers-display-component---AddNewHO--smartFilterBar-btnBasicSearch","searchOpenDialogs":true,"interaction":{"idSuffix":"I"}},"wdio_ui5_key":"applicationmanagehandovers-display-component---AddNewHO--smartFilterBar-btnBasicSearch"}]}
RESULT: undefined
COMMAND: POST /session/cd477e99f4e247ef02c326ac6df7445e/execute/async - {"script":"<script> [776 bytes]","args":[{"enterText":"TransferYard","selector":{"id":"application-managehandovers-display-component---AddNewHO--smartFilterBar-btnBasicSearch","searchOpenDialogs":true,"interaction":{"idSuffix":"I"}},"clearTextFirst":true,"interactionType":"ENTER_TEXT"}]}
RESULT: {}
RESULT: {"script":"<script> [776 bytes]","args":[{"enterText":"TransferYard","selector":{"id":"application-managehandovers-display-component---AddNewHO--smartFilterBar-btnBasicSearch","searchOpenDialogs":true,"interaction":{"idSuffix":"I"}},"clearTextFirst":true,"interactionType":"ENTER_TEXT"}]}
COMMAND: POST /session/cd477e99f4e247ef02c326ac6df7445e/actions - {"actions":[{"id":"action30","type":"key","parameters":{},"actions":[{"type":"keyDown","value":"î€‡"},{"type":"pause","duration":10},{"type":"keyUp","value":"î€‡"}]}]}
RESULT: {"actions":[{"id":"action30","type":"key","parameters":{},"actions":[{"type":"keyDown","value":"î€‡"},{"type":"pause","duration":10},{"type":"keyUp","value":"î€‡"}]}]}
COMMAND: POST /session/cd477e99f4e247ef02c326ac6df7445e/execute/async - {"script":"<script> [1562 bytes]","args":[{"selector":{"id":"application-managehandovers-display-component---AddNewHO--popup-sa","searchOpenDialogs":true,"interaction":{"idSuffix":"CbBg"}},"wdio_ui5_key":"applicationmanagehandovers-display-component---AddNewHO--popup-sa"}]}
COMMAND: GET /session/cd477e99f4e247ef02c326ac6df7445e/screenshot - {}
RESULT: {"script":"<script> [1562 bytes]","args":[{"selector":{"id":"application-managehandovers-display-component---AddNewHO--popup-sa","searchOpenDialogs":true,"interaction":{"idSuffix":"CbBg"}},"wdio_ui5_key":"applicationmanagehandovers-display-component---AddNewHO--popup-sa"}]}
RESULT: undefined
COMMAND: POST /session/cd477e99f4e247ef02c326ac6df7445e/element - {"using":"xpath","value":"//*[@id=\"application-managehandovers-display-component---AddNewHO--popup-sa\"]"}
RESULT: {}
RESULT: {"using":"xpath","value":"//*[@id=\"application-managehandovers-display-component---AddNewHO--popup-sa\"]"}
COMMAND: POST /session/cd477e99f4e247ef02c326ac6df7445e/element/f.375AD1BF2998C782D6149A43C57C8E27.d.C9306B15F3E2ADD336E172C4E2595EB0.e.12212/click - {}
RESULT: {}
COMMAND: POST /session/cd477e99f4e247ef02c326ac6df7445e/execute/async - {"script":"<script> [1562 bytes]","args":[{"selector":{"controlType":"sap.m.Button","viewName":"etm.portal.ui.managehandovers.view.AddNewHO","viewId":"application-managehandovers-display-component---AddNewHO","i18NText":{"propertyName":"text","key":"select"},"searchOpenDialogs":true,"interaction":{"idSuffix":"BDI-content"}},"wdio_ui5_key":"etmportal.ui.managehandovers.view.AddNewHOsap.m.Button{\"propertyName\":\"text\",\"key\":\"select\"}"}]}
COMMAND: GET /session/cd477e99f4e247ef02c326ac6df7445e/screenshot - {}
RESULT: {"script":"<script> [1562 bytes]","args":[{"selector":{"controlType":"sap.m.Button","viewName":"etm.portal.ui.managehandovers.view.AddNewHO","viewId":"application-managehandovers-display-component---AddNewHO","i18NText":{"propertyName":"text","key":"select"},"searchOpenDialogs":true,"interaction":{"idSuffix":"BDI-content"}},"wdio_ui5_key":"etmportal.ui.managehandovers.view.AddNewHOsap.m.Button{\"propertyName\":\"text\",\"key\":\"select\"}"}]}
RESULT: undefined
COMMAND: POST /session/cd477e99f4e247ef02c326ac6df7445e/element - {"using":"xpath","value":"//*[@id=\"__button107\"]"}
RESULT: {}
RESULT: {"using":"xpath","value":"//*[@id=\"__button107\"]"}
COMMAND: POST /session/cd477e99f4e247ef02c326ac6df7445e/element/f.375AD1BF2998C782D6149A43C57C8E27.d.C9306B15F3E2ADD336E172C4E2595EB0.e.12214/click - {}
RESULT: {}
COMMAND: GET /session/cd477e99f4e247ef02c326ac6df7445e/screenshot - {}
RESULT: {}
COMMAND: POST /session/cd477e99f4e247ef02c326ac6df7445e/execute/async - {"script":"<script> [1562 bytes]","args":[{"selector":{"controlType":"sap.m.Input","viewName":"etm.portal.ui.managehandovers.view.AddNewHO","viewId":"application-managehandovers-display-component---AddNewHO","bindingPath":{"path":"/items/0","propertyPath":"TYPE","modelName":"hoItemsModel"},"interaction":{"idSuffix":"inner"}},"wdio_ui5_key":"etmportal.ui.managehandovers.view.AddNewHOsap.m.Input{\"path\":\"/items/0\",\"propertyPath\":\"TYPE\",\"modelName\":\"hoItemsModel\"}"}]}
RESULT: {"script":"<script> [1562 bytes]","args":[{"selector":{"controlType":"sap.m.Input","viewName":"etm.portal.ui.managehandovers.view.AddNewHO","viewId":"application-managehandovers-display-component---AddNewHO","bindingPath":{"path":"/items/0","propertyPath":"TYPE","modelName":"hoItemsModel"},"interaction":{"idSuffix":"inner"}},"wdio_ui5_key":"etmportal.ui.managehandovers.view.AddNewHOsap.m.Input{\"path\":\"/items/0\",\"propertyPath\":\"TYPE\",\"modelName\":\"hoItemsModel\"}"}]}
RESULT: undefined
COMMAND: POST /session/cd477e99f4e247ef02c326ac6df7445e/execute/async - {"script":"<script> [776 bytes]","args":[{"enterText":"100","selector":{"controlType":"sap.m.Input","viewName":"etm.portal.ui.managehandovers.view.AddNewHO","viewId":"application-managehandovers-display-component---AddNewHO","bindingPath":{"path":"/items/0","propertyPath":"TYPE","modelName":"hoItemsModel"},"interaction":{"idSuffix":"inner"}},"clearTextFirst":true,"interactionType":"ENTER_TEXT"}]}
RESULT: {"script":"<script> [776 bytes]","args":[{"enterText":"100","selector":{"controlType":"sap.m.Input","viewName":"etm.portal.ui.managehandovers.view.AddNewHO","viewId":"application-managehandovers-display-component---AddNewHO","bindingPath":{"path":"/items/0","propertyPath":"TYPE","modelName":"hoItemsModel"},"interaction":{"idSuffix":"inner"}},"clearTextFirst":true,"interactionType":"ENTER_TEXT"}]}
COMMAND: POST /session/cd477e99f4e247ef02c326ac6df7445e/execute/async - {"script":"<script> [1562 bytes]","args":[{"selector":{"id":"application-managehandovers-display-component---AddNewHO--confirmCreationButton","interaction":{"idSuffix":"BDI-content"}},"wdio_ui5_key":"applicationmanagehandovers-display-component---AddNewHO--confirmCreationButton"}]}
RESULT: {"script":"<script> [1562 bytes]","args":[{"selector":{"id":"application-managehandovers-display-component---AddNewHO--confirmCreationButton","interaction":{"idSuffix":"BDI-content"}},"wdio_ui5_key":"applicationmanagehandovers-display-component---AddNewHO--confirmCreationButton"}]}
RESULT: undefined
COMMAND: POST /session/cd477e99f4e247ef02c326ac6df7445e/element - {"using":"xpath","value":"//*[@id=\"application-managehandovers-display-component---AddNewHO--confirmCreationButton\"]"}
RESULT: {"using":"xpath","value":"//*[@id=\"application-managehandovers-display-component---AddNewHO--confirmCreationButton\"]"}
COMMAND: POST /session/cd477e99f4e247ef02c326ac6df7445e/element/f.375AD1BF2998C782D6149A43C57C8E27.d.C9306B15F3E2ADD336E172C4E2595EB0.e.12302/click - {}
RESULT: {}
COMMAND: GET /session/cd477e99f4e247ef02c326ac6df7445e/screenshot - {}
RESULT: {}
COMMAND: POST /session/cd477e99f4e247ef02c326ac6df7445e/execute/async - {"script":"<script> [1562 bytes]","args":[{"selector":{"controlType":"sap.m.Button","viewName":"etm.portal.ui.managehandovers.view.DetailExecuteHO","i18NText":{"propertyName":"text","key":"confirmAll"},"interaction":{"idSuffix":"BDI-content"}},"wdio_ui5_key":"etmportal.ui.managehandovers.view.DetailExecuteHOsap.m.Button{\"propertyName\":\"text\",\"key\":\"confirmAll\"}"}]}
RESULT: {"script":"<script> [1562 bytes]","args":[{"selector":{"controlType":"sap.m.Button","viewName":"etm.portal.ui.managehandovers.view.DetailExecuteHO","i18NText":{"propertyName":"text","key":"confirmAll"},"interaction":{"idSuffix":"BDI-content"}},"wdio_ui5_key":"etmportal.ui.managehandovers.view.DetailExecuteHOsap.m.Button{\"propertyName\":\"text\",\"key\":\"confirmAll\"}"}]}
RESULT: undefined
COMMAND: POST /session/cd477e99f4e247ef02c326ac6df7445e/element - {"using":"xpath","value":"//*[@id=\"__button136\"]"}
RESULT: {"using":"xpath","value":"//*[@id=\"__button136\"]"}
COMMAND: POST /session/cd477e99f4e247ef02c326ac6df7445e/element/f.375AD1BF2998C782D6149A43C57C8E27.d.C9306B15F3E2ADD336E172C4E2595EB0.e.12504/click - {}
RESULT: {}
COMMAND: POST /session/cd477e99f4e247ef02c326ac6df7445e/execute/async - {"script":"<script> [1562 bytes]","args":[{"selector":{"controlType":"sap.m.Button","properties":{"text":"OK"},"searchOpenDialogs":true,"interaction":{"idSuffix":"BDI-content"}},"wdio_ui5_key":"sapm.Button{\"text\":\"OK\"}"}]}
COMMAND: GET /session/cd477e99f4e247ef02c326ac6df7445e/screenshot - {}
RESULT: {"script":"<script> [1562 bytes]","args":[{"selector":{"controlType":"sap.m.Button","properties":{"text":"OK"},"searchOpenDialogs":true,"interaction":{"idSuffix":"BDI-content"}},"wdio_ui5_key":"sapm.Button{\"text\":\"OK\"}"}]}
RESULT: undefined
COMMAND: POST /session/cd477e99f4e247ef02c326ac6df7445e/element - {"using":"xpath","value":"//*[@id=\"__mbox-btn-2\"]"}
RESULT: {}
RESULT: {"using":"xpath","value":"//*[@id=\"__mbox-btn-2\"]"}
COMMAND: POST /session/cd477e99f4e247ef02c326ac6df7445e/element/f.375AD1BF2998C782D6149A43C57C8E27.d.C9306B15F3E2ADD336E172C4E2595EB0.e.12505/click - {}
RESULT: {}
COMMAND: GET /session/cd477e99f4e247ef02c326ac6df7445e/screenshot - {}
RESULT: {}
COMMAND: POST /session/cd477e99f4e247ef02c326ac6df7445e/element - {"using":"xpath","value":"//input[contains(@id, \"receiptDatePicker-inner\")]"}
RESULT: {"using":"xpath","value":"//input[contains(@id, \"receiptDatePicker-inner\")]"}
COMMAND: POST /session/cd477e99f4e247ef02c326ac6df7445e/elements - {"using":"xpath","value":"//input[contains(@id, \"receiptDatePicker-inner\")]"}
RESULT: {"using":"xpath","value":"//input[contains(@id, \"receiptDatePicker-inner\")]"}
COMMAND: POST /session/cd477e99f4e247ef02c326ac6df7445e/execute/sync - {"script":"<script> [8489 bytes]","args":[{"element-6066-11e4-a52e-4f735466cecf":"f.375AD1BF2998C782D6149A43C57C8E27.d.C9306B15F3E2ADD336E172C4E2595EB0.e.12332","ELEMENT":"f.375AD1BF2998C782D6149A43C57C8E27.d.C9306B15F3E2ADD336E172C4E2595EB0.e.12332"}]}
RESULT: {"script":"<script> [8489 bytes]","args":[{"element-6066-11e4-a52e-4f735466cecf":"f.375AD1BF2998C782D6149A43C57C8E27.d.C9306B15F3E2ADD336E172C4E2595EB0.e.12332","ELEMENT":"f.375AD1BF2998C782D6149A43C57C8E27.d.C9306B15F3E2ADD336E172C4E2595EB0.e.12332"}]}
COMMAND: GET /session/cd477e99f4e247ef02c326ac6df7445e/element/f.375AD1BF2998C782D6149A43C57C8E27.d.C9306B15F3E2ADD336E172C4E2595EB0.e.12332/enabled - {}
COMMAND: GET /session/cd477e99f4e247ef02c326ac6df7445e/screenshot - {}
RESULT: {}
COMMAND: POST /session/cd477e99f4e247ef02c326ac6df7445e/element/f.375AD1BF2998C782D6149A43C57C8E27.d.C9306B15F3E2ADD336E172C4E2595EB0.e.12332/click - {}
COMMAND: GET /session/cd477e99f4e247ef02c326ac6df7445e/screenshot - {}
RESULT: {}
RESULT: {}
COMMAND: POST /session/cd477e99f4e247ef02c326ac6df7445e/element/f.375AD1BF2998C782D6149A43C57C8E27.d.C9306B15F3E2ADD336E172C4E2595EB0.e.12332/clear - {}
COMMAND: GET /session/cd477e99f4e247ef02c326ac6df7445e/screenshot - {}
RESULT: {}
RESULT: {}
COMMAND: POST /session/cd477e99f4e247ef02c326ac6df7445e/element/f.375AD1BF2998C782D6149A43C57C8E27.d.C9306B15F3E2ADD336E172C4E2595EB0.e.12332/clear - {}
COMMAND: GET /session/cd477e99f4e247ef02c326ac6df7445e/screenshot - {}
RESULT: {}
RESULT: {}
COMMAND: POST /session/cd477e99f4e247ef02c326ac6df7445e/element/f.375AD1BF2998C782D6149A43C57C8E27.d.C9306B15F3E2ADD336E172C4E2595EB0.e.12332/value - {"text":"4/24/25"}
COMMAND: GET /session/cd477e99f4e247ef02c326ac6df7445e/screenshot - {}
RESULT: {}
RESULT: {"text":"4/24/25"}
COMMAND: POST /session/cd477e99f4e247ef02c326ac6df7445e/execute/async - {"script":"<script> [1562 bytes]","args":[{"selector":{"id":"confirmationButton","viewName":"etm.portal.ui.managehandovers.view.DetailExecuteHO","interaction":{"idSuffix":"BDI-content"}},"wdio_ui5_key":"confirmationButtonetmportal.ui.managehandovers.view.DetailExecuteHO"}]}
COMMAND: GET /session/cd477e99f4e247ef02c326ac6df7445e/screenshot - {}
RESULT: {}
RESULT: {"script":"<script> [1562 bytes]","args":[{"selector":{"id":"confirmationButton","viewName":"etm.portal.ui.managehandovers.view.DetailExecuteHO","interaction":{"idSuffix":"BDI-content"}},"wdio_ui5_key":"confirmationButtonetmportal.ui.managehandovers.view.DetailExecuteHO"}]}
RESULT: undefined
RESULT: {}
]]></system-out>
    </testcase>
  </testsuite>
  <testsuite timestamp="2025-04-24T17:01:59" time="285.645" tests="3" failures="1" errors="1" skipped="0">
    <properties>
      <property name="specId" value="0" />
      <property name="suiteName" value="Create bundle US131067" />
      <property name="capabilities" value="chrome.135_0_7049_96.windows" />
      <property name="file" value="file:///D:/a/1/s/test/specs/HTR/create-bundle-replenishment.spec.js" />
    </properties>
    <testcase classname="chrome.135_0_7049_96.windows.Create_bundle_US131067" name="Should create two equipments" time="131.923">
      <system-out><![CDATA[
COMMAND: POST /session/cd477e99f4e247ef02c326ac6df7445e/execute/async - {"script":"<script> [1562 bytes]","args":[{"selector":{"controlType":"sap.m.GenericTile","properties":{"header":"Manage Resources"}},"wdio_ui5_key":"sapm.GenericTile{\"header\":\"Manage Resources\"}"}]}
RESULT: {}
RESULT: {"script":"<script> [1562 bytes]","args":[{"selector":{"controlType":"sap.m.GenericTile","properties":{"header":"Manage Resources"}},"wdio_ui5_key":"sapm.GenericTile{\"header\":\"Manage Resources\"}"}]}
RESULT: undefined
COMMAND: POST /session/cd477e99f4e247ef02c326ac6df7445e/element - {"using":"xpath","value":"//*[@id=\"__tile39\"]"}
RESULT: {"using":"xpath","value":"//*[@id=\"__tile39\"]"}
COMMAND: POST /session/cd477e99f4e247ef02c326ac6df7445e/element/f.375AD1BF2998C782D6149A43C57C8E27.d.3371348A440561DEC37FA28FA55EAE01.e.12529/click - {}
RESULT: {}
COMMAND: GET /session/cd477e99f4e247ef02c326ac6df7445e/screenshot - {}
RESULT: {}
RESULT: undefined
RESULT: undefined
COMMAND: POST /session/cd477e99f4e247ef02c326ac6df7445e/execute/async - {"script":"<script> [1562 bytes]","args":[{"selector":{"controlType":"sap.ui.core.Icon","viewName":"etm.portal.ui.manageresources.view.Master","viewId":"application-manageresources-display-component---masterRU","properties":{"src":{"regex":{"source":"add"}}}},"wdio_ui5_key":"etmportal.ui.manageresources.view.Mastersap.ui.core.Icon{\"src\":{\"regex\":{\"source\":\"add\"}}}"}]}
RESULT: {"script":"<script> [1562 bytes]","args":[{"selector":{"controlType":"sap.ui.core.Icon","viewName":"etm.portal.ui.manageresources.view.Master","viewId":"application-manageresources-display-component---masterRU","properties":{"src":{"regex":{"source":"add"}}}},"wdio_ui5_key":"etmportal.ui.manageresources.view.Mastersap.ui.core.Icon{\"src\":{\"regex\":{\"source\":\"add\"}}}"}]}
RESULT: undefined
COMMAND: POST /session/cd477e99f4e247ef02c326ac6df7445e/element - {"using":"xpath","value":"//*[@id=\"__button5-img\"]"}
RESULT: {"using":"xpath","value":"//*[@id=\"__button5-img\"]"}
COMMAND: POST /session/cd477e99f4e247ef02c326ac6df7445e/element/f.375AD1BF2998C782D6149A43C57C8E27.d.3371348A440561DEC37FA28FA55EAE01.e.12573/click - {}
RESULT: {}
COMMAND: GET /session/cd477e99f4e247ef02c326ac6df7445e/screenshot - {}
COMMAND: POST /session/cd477e99f4e247ef02c326ac6df7445e/execute/async - {"script":"<script> [1562 bytes]","args":[{"selector":{"id":"application-manageresources-display-component---newResourceUnit--TYPE-arrow"},"wdio_ui5_key":"applicationmanageresources-display-component---newResourceUnit--TYPE-arrow"}]}
RESULT: {}
RESULT: {"script":"<script> [1562 bytes]","args":[{"selector":{"id":"application-manageresources-display-component---newResourceUnit--TYPE-arrow"},"wdio_ui5_key":"applicationmanageresources-display-component---newResourceUnit--TYPE-arrow"}]}
RESULT: undefined
COMMAND: POST /session/cd477e99f4e247ef02c326ac6df7445e/element - {"using":"xpath","value":"//*[@id=\"application-manageresources-display-component---newResourceUnit--TYPE-arrow\"]"}
RESULT: {"using":"xpath","value":"//*[@id=\"application-manageresources-display-component---newResourceUnit--TYPE-arrow\"]"}
COMMAND: POST /session/cd477e99f4e247ef02c326ac6df7445e/element/f.375AD1BF2998C782D6149A43C57C8E27.d.3371348A440561DEC37FA28FA55EAE01.e.12880/click - {}
RESULT: {}
COMMAND: POST /session/cd477e99f4e247ef02c326ac6df7445e/execute/async - {"script":"<script> [1562 bytes]","args":[{"selector":{"controlType":"sap.m.StandardListItem","viewName":"reusables.view.manageresources.NewResourceUnit","viewId":"application-manageresources-display-component---newResourceUnit","properties":{"title":"Equipment"},"searchOpenDialogs":true,"interaction":{"idSuffix":"content"}},"wdio_ui5_key":"reusablesview.manageresources.NewResourceUnitsap.m.StandardListItem{\"title\":\"Equipment\"}"}]}
COMMAND: GET /session/cd477e99f4e247ef02c326ac6df7445e/screenshot - {}
RESULT: {"script":"<script> [1562 bytes]","args":[{"selector":{"controlType":"sap.m.StandardListItem","viewName":"reusables.view.manageresources.NewResourceUnit","viewId":"application-manageresources-display-component---newResourceUnit","properties":{"title":"Equipment"},"searchOpenDialogs":true,"interaction":{"idSuffix":"content"}},"wdio_ui5_key":"reusablesview.manageresources.NewResourceUnitsap.m.StandardListItem{\"title\":\"Equipment\"}"}]}
RESULT: undefined
COMMAND: POST /session/cd477e99f4e247ef02c326ac6df7445e/element - {"using":"xpath","value":"//*[@id=\"__item141\"]"}
RESULT: {}
RESULT: {"using":"xpath","value":"//*[@id=\"__item141\"]"}
COMMAND: POST /session/cd477e99f4e247ef02c326ac6df7445e/element/f.375AD1BF2998C782D6149A43C57C8E27.d.3371348A440561DEC37FA28FA55EAE01.e.12883/click - {}
RESULT: {}
COMMAND: POST /session/cd477e99f4e247ef02c326ac6df7445e/execute/async - {"script":"<script> [1562 bytes]","args":[{"selector":{"id":"application-manageresources-display-component---newResourceUnit--resourceId","interaction":{"idSuffix":"inner"}},"wdio_ui5_key":"applicationmanageresources-display-component---newResourceUnit--resourceId"}]}
COMMAND: GET /session/cd477e99f4e247ef02c326ac6df7445e/screenshot - {}
RESULT: {"script":"<script> [1562 bytes]","args":[{"selector":{"id":"application-manageresources-display-component---newResourceUnit--resourceId","interaction":{"idSuffix":"inner"}},"wdio_ui5_key":"applicationmanageresources-display-component---newResourceUnit--resourceId"}]}
RESULT: undefined
COMMAND: POST /session/cd477e99f4e247ef02c326ac6df7445e/execute/async - {"script":"<script> [776 bytes]","args":[{"enterText":"1Equipment4bundle14i919","selector":{"id":"application-manageresources-display-component---newResourceUnit--resourceId","interaction":{"idSuffix":"inner"}},"clearTextFirst":true,"interactionType":"ENTER_TEXT"}]}
RESULT: {}
RESULT: {"script":"<script> [776 bytes]","args":[{"enterText":"1Equipment4bundle14i919","selector":{"id":"application-manageresources-display-component---newResourceUnit--resourceId","interaction":{"idSuffix":"inner"}},"clearTextFirst":true,"interactionType":"ENTER_TEXT"}]}
COMMAND: POST /session/cd477e99f4e247ef02c326ac6df7445e/execute/async - {"script":"<script> [1562 bytes]","args":[{"selector":{"id":"application-manageresources-display-component---newResourceUnit--SHORT_TEXT","interaction":{"idSuffix":"inner"}},"wdio_ui5_key":"applicationmanageresources-display-component---newResourceUnit--SHORT_TEXT"}]}
RESULT: {"script":"<script> [1562 bytes]","args":[{"selector":{"id":"application-manageresources-display-component---newResourceUnit--SHORT_TEXT","interaction":{"idSuffix":"inner"}},"wdio_ui5_key":"applicationmanageresources-display-component---newResourceUnit--SHORT_TEXT"}]}
RESULT: undefined
COMMAND: POST /session/cd477e99f4e247ef02c326ac6df7445e/execute/async - {"script":"<script> [776 bytes]","args":[{"enterText":"1Equipment4bundle14i919","selector":{"id":"application-manageresources-display-component---newResourceUnit--SHORT_TEXT","interaction":{"idSuffix":"inner"}},"clearTextFirst":true,"interactionType":"ENTER_TEXT"}]}
RESULT: {"script":"<script> [776 bytes]","args":[{"enterText":"1Equipment4bundle14i919","selector":{"id":"application-manageresources-display-component---newResourceUnit--SHORT_TEXT","interaction":{"idSuffix":"inner"}},"clearTextFirst":true,"interactionType":"ENTER_TEXT"}]}
COMMAND: POST /session/cd477e99f4e247ef02c326ac6df7445e/execute/async - {"script":"<script> [1562 bytes]","args":[{"selector":{"id":"application-manageresources-display-component---newResourceUnit--BASE_UNIT_OF_MEASURE","interaction":{"idSuffix":"inner"}},"wdio_ui5_key":"applicationmanageresources-display-component---newResourceUnit--BASE_UNIT_OF_MEASURE"}]}
RESULT: {"script":"<script> [1562 bytes]","args":[{"selector":{"id":"application-manageresources-display-component---newResourceUnit--BASE_UNIT_OF_MEASURE","interaction":{"idSuffix":"inner"}},"wdio_ui5_key":"applicationmanageresources-display-component---newResourceUnit--BASE_UNIT_OF_MEASURE"}]}
RESULT: undefined
COMMAND: POST /session/cd477e99f4e247ef02c326ac6df7445e/execute/async - {"script":"<script> [776 bytes]","args":[{"enterText":"Piece","selector":{"id":"application-manageresources-display-component---newResourceUnit--BASE_UNIT_OF_MEASURE","interaction":{"idSuffix":"inner"}},"clearTextFirst":true,"interactionType":"ENTER_TEXT"}]}
RESULT: {"script":"<script> [776 bytes]","args":[{"enterText":"Piece","selector":{"id":"application-manageresources-display-component---newResourceUnit--BASE_UNIT_OF_MEASURE","interaction":{"idSuffix":"inner"}},"clearTextFirst":true,"interactionType":"ENTER_TEXT"}]}
COMMAND: POST /session/cd477e99f4e247ef02c326ac6df7445e/execute/async - {"script":"<script> [1562 bytes]","args":[{"selector":{"id":"application-manageresources-display-component---newResourceUnit--WEIGHT_UNIT","interaction":{"idSuffix":"inner"}},"wdio_ui5_key":"applicationmanageresources-display-component---newResourceUnit--WEIGHT_UNIT"}]}
RESULT: {"script":"<script> [1562 bytes]","args":[{"selector":{"id":"application-manageresources-display-component---newResourceUnit--WEIGHT_UNIT","interaction":{"idSuffix":"inner"}},"wdio_ui5_key":"applicationmanageresources-display-component---newResourceUnit--WEIGHT_UNIT"}]}
RESULT: undefined
COMMAND: POST /session/cd477e99f4e247ef02c326ac6df7445e/execute/async - {"script":"<script> [776 bytes]","args":[{"enterText":"Gram","selector":{"id":"application-manageresources-display-component---newResourceUnit--WEIGHT_UNIT","interaction":{"idSuffix":"inner"}},"clearTextFirst":true,"interactionType":"ENTER_TEXT"}]}
RESULT: {"script":"<script> [776 bytes]","args":[{"enterText":"Gram","selector":{"id":"application-manageresources-display-component---newResourceUnit--WEIGHT_UNIT","interaction":{"idSuffix":"inner"}},"clearTextFirst":true,"interactionType":"ENTER_TEXT"}]}
COMMAND: POST /session/cd477e99f4e247ef02c326ac6df7445e/execute/async - {"script":"<script> [1562 bytes]","args":[{"selector":{"id":"application-manageresources-display-component---newResourceUnit--DIMENSION_UNIT","interaction":{"idSuffix":"inner"}},"wdio_ui5_key":"applicationmanageresources-display-component---newResourceUnit--DIMENSION_UNIT"}]}
RESULT: {"script":"<script> [1562 bytes]","args":[{"selector":{"id":"application-manageresources-display-component---newResourceUnit--DIMENSION_UNIT","interaction":{"idSuffix":"inner"}},"wdio_ui5_key":"applicationmanageresources-display-component---newResourceUnit--DIMENSION_UNIT"}]}
RESULT: undefined
COMMAND: POST /session/cd477e99f4e247ef02c326ac6df7445e/execute/async - {"script":"<script> [776 bytes]","args":[{"enterText":"Meter","selector":{"id":"application-manageresources-display-component---newResourceUnit--DIMENSION_UNIT","interaction":{"idSuffix":"inner"}},"clearTextFirst":true,"interactionType":"ENTER_TEXT"}]}
RESULT: {"script":"<script> [776 bytes]","args":[{"enterText":"Meter","selector":{"id":"application-manageresources-display-component---newResourceUnit--DIMENSION_UNIT","interaction":{"idSuffix":"inner"}},"clearTextFirst":true,"interactionType":"ENTER_TEXT"}]}
COMMAND: POST /session/cd477e99f4e247ef02c326ac6df7445e/execute/async - {"script":"<script> [1562 bytes]","args":[{"selector":{"id":"application-manageresources-display-component---newResourceUnit--newRRUPage-anchBar-application-manageresources-display-component---newResourceUnit--control-anchor","interaction":{"idSuffix":"BDI-content"}},"wdio_ui5_key":"applicationmanageresources-display-component---newResourceUnit--newRRUPage-anchBar-application-manageresources-display-component---newResourceUnit--control-anchor"}]}
RESULT: {"script":"<script> [1562 bytes]","args":[{"selector":{"id":"application-manageresources-display-component---newResourceUnit--newRRUPage-anchBar-application-manageresources-display-component---newResourceUnit--control-anchor","interaction":{"idSuffix":"BDI-content"}},"wdio_ui5_key":"applicationmanageresources-display-component---newResourceUnit--newRRUPage-anchBar-application-manageresources-display-component---newResourceUnit--control-anchor"}]}
RESULT: undefined
COMMAND: POST /session/cd477e99f4e247ef02c326ac6df7445e/element - {"using":"xpath","value":"//*[@id=\"application-manageresources-display-component---newResourceUnit--newRRUPage-anchBar-application-manageresources-display-component---newResourceUnit--control-anchor\"]"}
RESULT: {"using":"xpath","value":"//*[@id=\"application-manageresources-display-component---newResourceUnit--newRRUPage-anchBar-application-manageresources-display-component---newResourceUnit--control-anchor\"]"}
COMMAND: POST /session/cd477e99f4e247ef02c326ac6df7445e/element/f.375AD1BF2998C782D6149A43C57C8E27.d.3371348A440561DEC37FA28FA55EAE01.e.13016/click - {}
RESULT: {}
COMMAND: POST /session/cd477e99f4e247ef02c326ac6df7445e/execute/async - {"script":"<script> [1562 bytes]","args":[{"selector":{"id":"application-manageresources-display-component---newResourceUnit--PLANNING_GROUP","interaction":{"idSuffix":"inner"}},"wdio_ui5_key":"applicationmanageresources-display-component---newResourceUnit--PLANNING_GROUP"}]}
COMMAND: GET /session/cd477e99f4e247ef02c326ac6df7445e/screenshot - {}
RESULT: {"script":"<script> [1562 bytes]","args":[{"selector":{"id":"application-manageresources-display-component---newResourceUnit--PLANNING_GROUP","interaction":{"idSuffix":"inner"}},"wdio_ui5_key":"applicationmanageresources-display-component---newResourceUnit--PLANNING_GROUP"}]}
RESULT: undefined
COMMAND: POST /session/cd477e99f4e247ef02c326ac6df7445e/execute/async - {"script":"<script> [776 bytes]","args":[{"enterText":"Heavy Equi","selector":{"id":"application-manageresources-display-component---newResourceUnit--PLANNING_GROUP","interaction":{"idSuffix":"inner"}},"clearTextFirst":true,"interactionType":"ENTER_TEXT"}]}
RESULT: {}
RESULT: {"script":"<script> [776 bytes]","args":[{"enterText":"Heavy Equi","selector":{"id":"application-manageresources-display-component---newResourceUnit--PLANNING_GROUP","interaction":{"idSuffix":"inner"}},"clearTextFirst":true,"interactionType":"ENTER_TEXT"}]}
COMMAND: POST /session/cd477e99f4e247ef02c326ac6df7445e/execute/async - {"script":"<script> [1562 bytes]","args":[{"selector":{"id":"application-manageresources-display-component---newResourceUnit--ITEM_TYPE-arrow"},"wdio_ui5_key":"applicationmanageresources-display-component---newResourceUnit--ITEM_TYPE-arrow"}]}
RESULT: {"script":"<script> [1562 bytes]","args":[{"selector":{"id":"application-manageresources-display-component---newResourceUnit--ITEM_TYPE-arrow"},"wdio_ui5_key":"applicationmanageresources-display-component---newResourceUnit--ITEM_TYPE-arrow"}]}
RESULT: undefined
COMMAND: POST /session/cd477e99f4e247ef02c326ac6df7445e/element - {"using":"xpath","value":"//*[@id=\"application-manageresources-display-component---newResourceUnit--ITEM_TYPE-arrow\"]"}
RESULT: {"using":"xpath","value":"//*[@id=\"application-manageresources-display-component---newResourceUnit--ITEM_TYPE-arrow\"]"}
COMMAND: POST /session/cd477e99f4e247ef02c326ac6df7445e/element/f.375AD1BF2998C782D6149A43C57C8E27.d.3371348A440561DEC37FA28FA55EAE01.e.13023/click - {}
RESULT: {}
COMMAND: POST /session/cd477e99f4e247ef02c326ac6df7445e/execute/async - {"script":"<script> [1562 bytes]","args":[{"selector":{"controlType":"sap.m.StandardListItem","viewName":"reusables.view.manageresources.NewResourceUnit","viewId":"application-manageresources-display-component---newResourceUnit","properties":{"title":"Resource Unit"},"searchOpenDialogs":true,"interaction":{"idSuffix":"titleText"}},"wdio_ui5_key":"reusablesview.manageresources.NewResourceUnitsap.m.StandardListItem{\"title\":\"Resource Unit\"}"}]}
COMMAND: GET /session/cd477e99f4e247ef02c326ac6df7445e/screenshot - {}
RESULT: {"script":"<script> [1562 bytes]","args":[{"selector":{"controlType":"sap.m.StandardListItem","viewName":"reusables.view.manageresources.NewResourceUnit","viewId":"application-manageresources-display-component---newResourceUnit","properties":{"title":"Resource Unit"},"searchOpenDialogs":true,"interaction":{"idSuffix":"titleText"}},"wdio_ui5_key":"reusablesview.manageresources.NewResourceUnitsap.m.StandardListItem{\"title\":\"Resource Unit\"}"}]}
RESULT: undefined
COMMAND: POST /session/cd477e99f4e247ef02c326ac6df7445e/element - {"using":"xpath","value":"//*[@id=\"__item210\"]"}
RESULT: {}
RESULT: {"using":"xpath","value":"//*[@id=\"__item210\"]"}
COMMAND: POST /session/cd477e99f4e247ef02c326ac6df7445e/element/f.375AD1BF2998C782D6149A43C57C8E27.d.3371348A440561DEC37FA28FA55EAE01.e.13025/click - {}
RESULT: {}
COMMAND: POST /session/cd477e99f4e247ef02c326ac6df7445e/execute/async - {"script":"<script> [1562 bytes]","args":[{"selector":{"id":"application-manageresources-display-component---newResourceUnit--btnAddTimeSegment-img"},"wdio_ui5_key":"applicationmanageresources-display-component---newResourceUnit--btnAddTimeSegment-img"}]}
COMMAND: GET /session/cd477e99f4e247ef02c326ac6df7445e/screenshot - {}
RESULT: {"script":"<script> [1562 bytes]","args":[{"selector":{"id":"application-manageresources-display-component---newResourceUnit--btnAddTimeSegment-img"},"wdio_ui5_key":"applicationmanageresources-display-component---newResourceUnit--btnAddTimeSegment-img"}]}
RESULT: undefined
COMMAND: POST /session/cd477e99f4e247ef02c326ac6df7445e/element - {"using":"xpath","value":"//*[@id=\"application-manageresources-display-component---newResourceUnit--btnAddTimeSegment-img\"]"}
RESULT: {}
RESULT: {"using":"xpath","value":"//*[@id=\"application-manageresources-display-component---newResourceUnit--btnAddTimeSegment-img\"]"}
COMMAND: POST /session/cd477e99f4e247ef02c326ac6df7445e/element/f.375AD1BF2998C782D6149A43C57C8E27.d.3371348A440561DEC37FA28FA55EAE01.e.13026/click - {}
RESULT: {}
COMMAND: GET /session/cd477e99f4e247ef02c326ac6df7445e/screenshot - {}
RESULT: {}
COMMAND: POST /session/cd477e99f4e247ef02c326ac6df7445e/element - {"using":"xpath","value":"//input[@id=\"application-manageresources-display-component---newResourceUnit--idRuTSAdmin-application-manageresources-display-component---newResourceUnit--RUTimeSegment-0-inner\"]"}
RESULT: {"using":"xpath","value":"//input[@id=\"application-manageresources-display-component---newResourceUnit--idRuTSAdmin-application-manageresources-display-component---newResourceUnit--RUTimeSegment-0-inner\"]"}
COMMAND: POST /session/cd477e99f4e247ef02c326ac6df7445e/element/f.375AD1BF2998C782D6149A43C57C8E27.d.3371348A440561DEC37FA28FA55EAE01.e.13030/clear - {}
RESULT: {}
COMMAND: POST /session/cd477e99f4e247ef02c326ac6df7445e/element/f.375AD1BF2998C782D6149A43C57C8E27.d.3371348A440561DEC37FA28FA55EAE01.e.13030/value - {"text":"webdriver"}
COMMAND: GET /session/cd477e99f4e247ef02c326ac6df7445e/screenshot - {}
RESULT: {"text":"webdriver"}
COMMAND: GET /session/cd477e99f4e247ef02c326ac6df7445e/screenshot - {}
RESULT: {}
RESULT: {}
COMMAND: POST /session/cd477e99f4e247ef02c326ac6df7445e/actions - {"actions":[{"id":"action31","type":"key","parameters":{},"actions":[{"type":"keyDown","value":"î€‡"},{"type":"pause","duration":10},{"type":"keyUp","value":"î€‡"}]}]}
RESULT: {"actions":[{"id":"action31","type":"key","parameters":{},"actions":[{"type":"keyDown","value":"î€‡"},{"type":"pause","duration":10},{"type":"keyUp","value":"î€‡"}]}]}
COMMAND: POST /session/cd477e99f4e247ef02c326ac6df7445e/execute/async - {"script":"<script> [1562 bytes]","args":[{"selector":{"controlType":"sap.ui.core.Icon","viewName":"reusables.view.manageresources.NewResourceUnit","viewId":"application-manageresources-display-component---newResourceUnit","properties":{"src":{"regex":{"source":"slim\\-arrow\\-down"}}},"ancestor":{"controlType":"sap.m.ComboBox","viewName":"reusables.view.manageresources.NewResourceUnit","viewId":"application-manageresources-display-component---newResourceUnit","bindingPath":{"path":"/RESOURCE_UNIT_TIME_SEQUENCES/0","propertyPath":"COST_OBJECT_ADMIN_CST_TYPE","modelName":"oNewRruModel"}}},"wdio_ui5_key":"reusablesview.manageresources.NewResourceUnitsap.ui.core.Icon{\"src\":{\"regex\":{\"source\":\"slim\\\\-arrow\\\\-down\"}}}{\"controlType\":\"sap.m.ComboBox\",\"viewName\":\"reusables.view.manageresources.NewResourceUnit\",\"viewId\":\"application-manageresources-display-component---newResourceUnit\",\"bindingPath\":{\"path\":\"/RESOURCE_UNIT_TIME_SEQUENCES/0\",\"propertyPath\":\"COST_OBJECT_ADMIN_CST_TYPE\",\"modelName\":\"oNewRruModel\"}}"}]}
COMMAND: GET /session/cd477e99f4e247ef02c326ac6df7445e/screenshot - {}
RESULT: {"script":"<script> [1562 bytes]","args":[{"selector":{"controlType":"sap.ui.core.Icon","viewName":"reusables.view.manageresources.NewResourceUnit","viewId":"application-manageresources-display-component---newResourceUnit","properties":{"src":{"regex":{"source":"slim\\-arrow\\-down"}}},"ancestor":{"controlType":"sap.m.ComboBox","viewName":"reusables.view.manageresources.NewResourceUnit","viewId":"application-manageresources-display-component---newResourceUnit","bindingPath":{"path":"/RESOURCE_UNIT_TIME_SEQUENCES/0","propertyPath":"COST_OBJECT_ADMIN_CST_TYPE","modelName":"oNewRruModel"}}},"wdio_ui5_key":"reusablesview.manageresources.NewResourceUnitsap.ui.core.Icon{\"src\":{\"regex\":{\"source\":\"slim\\\\-arrow\\\\-down\"}}}{\"controlType\":\"sap.m.ComboBox\",\"viewName\":\"reusables.view.manageresources.NewResourceUnit\",\"viewId\":\"application-manageresources-display-component---newResourceUnit\",\"bindingPath\":{\"path\":\"/RESOURCE_UNIT_TIME_SEQUENCES/0\",\"propertyPath\":\"COST_OBJECT_ADMIN_CST_TYPE\",\"modelName\":\"oNewRruModel\"}}"}]}
RESULT: undefined
COMMAND: POST /session/cd477e99f4e247ef02c326ac6df7445e/element - {"using":"xpath","value":"//*[@id=\"__box5-application-manageresources-display-component---newResourceUnit--RUTimeSegment-0-arrow\"]"}
RESULT: {}
RESULT: {"using":"xpath","value":"//*[@id=\"__box5-application-manageresources-display-component---newResourceUnit--RUTimeSegment-0-arrow\"]"}
COMMAND: POST /session/cd477e99f4e247ef02c326ac6df7445e/element/f.375AD1BF2998C782D6149A43C57C8E27.d.3371348A440561DEC37FA28FA55EAE01.e.13044/click - {}
RESULT: {}
COMMAND: POST /session/cd477e99f4e247ef02c326ac6df7445e/execute/async - {"script":"<script> [1562 bytes]","args":[{"selector":{"controlType":"sap.m.StandardListItem","viewName":"reusables.view.manageresources.NewResourceUnit","viewId":"application-manageresources-display-component---newResourceUnit","properties":{"title":"PM Order"},"searchOpenDialogs":true,"interaction":{"idSuffix":"titleText"}},"wdio_ui5_key":"reusablesview.manageresources.NewResourceUnitsap.m.StandardListItem{\"title\":\"PM Order\"}"}]}
COMMAND: GET /session/cd477e99f4e247ef02c326ac6df7445e/screenshot - {}
RESULT: {"script":"<script> [1562 bytes]","args":[{"selector":{"controlType":"sap.m.StandardListItem","viewName":"reusables.view.manageresources.NewResourceUnit","viewId":"application-manageresources-display-component---newResourceUnit","properties":{"title":"PM Order"},"searchOpenDialogs":true,"interaction":{"idSuffix":"titleText"}},"wdio_ui5_key":"reusablesview.manageresources.NewResourceUnitsap.m.StandardListItem{\"title\":\"PM Order\"}"}]}
RESULT: undefined
COMMAND: POST /session/cd477e99f4e247ef02c326ac6df7445e/element - {"using":"xpath","value":"//*[@id=\"__item1209\"]"}
RESULT: {}
RESULT: {"using":"xpath","value":"//*[@id=\"__item1209\"]"}
COMMAND: POST /session/cd477e99f4e247ef02c326ac6df7445e/element/f.375AD1BF2998C782D6149A43C57C8E27.d.3371348A440561DEC37FA28FA55EAE01.e.13048/click - {}
RESULT: {}
COMMAND: POST /session/cd477e99f4e247ef02c326ac6df7445e/element - {"using":"xpath","value":"(//input[contains(@id ,\"-application-manageresources-display-component---newResourceUnit--RUTimeSegment-0-inner\")])[8]"}
COMMAND: GET /session/cd477e99f4e247ef02c326ac6df7445e/screenshot - {}
RESULT: {"using":"xpath","value":"(//input[contains(@id ,\"-application-manageresources-display-component---newResourceUnit--RUTimeSegment-0-inner\")])[8]"}
COMMAND: POST /session/cd477e99f4e247ef02c326ac6df7445e/element/f.375AD1BF2998C782D6149A43C57C8E27.d.3371348A440561DEC37FA28FA55EAE01.e.13036/clear - {}
RESULT: {}
RESULT: {}
COMMAND: POST /session/cd477e99f4e247ef02c326ac6df7445e/element/f.375AD1BF2998C782D6149A43C57C8E27.d.3371348A440561DEC37FA28FA55EAE01.e.13036/value - {"text":"4000360"}
COMMAND: GET /session/cd477e99f4e247ef02c326ac6df7445e/screenshot - {}
RESULT: {}
COMMAND: POST /session/cd477e99f4e247ef02c326ac6df7445e/element - {"using":"xpath","value":"(//input[contains(@id ,\"-application-manageresources-display-component---newResourceUnit--RUTimeSegment-0-inner\")])[8]"}
RESULT: {"using":"xpath","value":"(//input[contains(@id ,\"-application-manageresources-display-component---newResourceUnit--RUTimeSegment-0-inner\")])[8]"}
COMMAND: POST /session/cd477e99f4e247ef02c326ac6df7445e/element/f.375AD1BF2998C782D6149A43C57C8E27.d.3371348A440561DEC37FA28FA55EAE01.e.13036/value - {"text":"4000360"}
COMMAND: POST /session/cd477e99f4e247ef02c326ac6df7445e/element - {"using":"xpath","value":"(//input[contains(@id ,\"-application-manageresources-display-component---newResourceUnit--RUTimeSegment-0-inner\")])[8]"}
RESULT: {"using":"xpath","value":"(//input[contains(@id ,\"-application-manageresources-display-component---newResourceUnit--RUTimeSegment-0-inner\")])[8]"}
COMMAND: POST /session/cd477e99f4e247ef02c326ac6df7445e/element/f.375AD1BF2998C782D6149A43C57C8E27.d.3371348A440561DEC37FA28FA55EAE01.e.13051/value - {"text":"4000360"}
RESULT: {"text":"4000360"}
COMMAND: GET /session/cd477e99f4e247ef02c326ac6df7445e/screenshot - {}
RESULT: {}
COMMAND: POST /session/cd477e99f4e247ef02c326ac6df7445e/actions - {"actions":[{"id":"action32","type":"key","parameters":{},"actions":[{"type":"keyDown","value":"î€‡"},{"type":"pause","duration":10},{"type":"keyUp","value":"î€‡"}]}]}
RESULT: {"actions":[{"id":"action32","type":"key","parameters":{},"actions":[{"type":"keyDown","value":"î€‡"},{"type":"pause","duration":10},{"type":"keyUp","value":"î€‡"}]}]}
COMMAND: GET /session/cd477e99f4e247ef02c326ac6df7445e/screenshot - {}
RESULT: {}
COMMAND: POST /session/cd477e99f4e247ef02c326ac6df7445e/execute/async - {"script":"<script> [1562 bytes]","args":[{"selector":{"id":"application-manageresources-display-component---newResourceUnit--newRRUPage-anchBar-application-manageresources-display-component---newResourceUnit--resource-anchor","interaction":{"idSuffix":"BDI-content"}},"wdio_ui5_key":"applicationmanageresources-display-component---newResourceUnit--newRRUPage-anchBar-application-manageresources-display-component---newResourceUnit--resource-anchor"}]}
RESULT: {"script":"<script> [1562 bytes]","args":[{"selector":{"id":"application-manageresources-display-component---newResourceUnit--newRRUPage-anchBar-application-manageresources-display-component---newResourceUnit--resource-anchor","interaction":{"idSuffix":"BDI-content"}},"wdio_ui5_key":"applicationmanageresources-display-component---newResourceUnit--newRRUPage-anchBar-application-manageresources-display-component---newResourceUnit--resource-anchor"}]}
RESULT: undefined
COMMAND: POST /session/cd477e99f4e247ef02c326ac6df7445e/element - {"using":"xpath","value":"//*[@id=\"application-manageresources-display-component---newResourceUnit--newRRUPage-anchBar-application-manageresources-display-component---newResourceUnit--resource-anchor\"]"}
RESULT: {"using":"xpath","value":"//*[@id=\"application-manageresources-display-component---newResourceUnit--newRRUPage-anchBar-application-manageresources-display-component---newResourceUnit--resource-anchor\"]"}
COMMAND: POST /session/cd477e99f4e247ef02c326ac6df7445e/element/f.375AD1BF2998C782D6149A43C57C8E27.d.3371348A440561DEC37FA28FA55EAE01.e.13067/click - {}
RESULT: {}
COMMAND: POST /session/cd477e99f4e247ef02c326ac6df7445e/execute/async - {"script":"<script> [1562 bytes]","args":[{"selector":{"id":"application-manageresources-display-component---newResourceUnit--PLANNED_DELIVERY_DATE","interaction":{"idSuffix":"inner"}},"wdio_ui5_key":"applicationmanageresources-display-component---newResourceUnit--PLANNED_DELIVERY_DATE"}]}
COMMAND: GET /session/cd477e99f4e247ef02c326ac6df7445e/screenshot - {}
RESULT: {"script":"<script> [1562 bytes]","args":[{"selector":{"id":"application-manageresources-display-component---newResourceUnit--PLANNED_DELIVERY_DATE","interaction":{"idSuffix":"inner"}},"wdio_ui5_key":"applicationmanageresources-display-component---newResourceUnit--PLANNED_DELIVERY_DATE"}]}
RESULT: undefined
COMMAND: POST /session/cd477e99f4e247ef02c326ac6df7445e/execute/async - {"script":"<script> [6424 bytes]","args":[{"element-6066-11e4-a52e-4f735466cecf":"f.375AD1BF2998C782D6149A43C57C8E27.d.3371348A440561DEC37FA28FA55EAE01.e.12937"},"setValue",["4/24/25"]]}
RESULT: {}
RESULT: {"script":"<script> [6424 bytes]","args":[{"element-6066-11e4-a52e-4f735466cecf":"f.375AD1BF2998C782D6149A43C57C8E27.d.3371348A440561DEC37FA28FA55EAE01.e.12937"},"setValue",["4/24/25"]]}
COMMAND: POST /session/cd477e99f4e247ef02c326ac6df7445e/execute/async - {"script":"<script> [1562 bytes]","args":[{"selector":{"controlType":"sap.m.Button","viewName":"reusables.view.manageresources.NewResourceUnit","viewId":"application-manageresources-display-component---newResourceUnit","i18NText":{"propertyName":"tooltip","key":"save"},"interaction":{"idSuffix":"BDI-content"}},"wdio_ui5_key":"reusablesview.manageresources.NewResourceUnitsap.m.Button{\"propertyName\":\"tooltip\",\"key\":\"save\"}"}]}
RESULT: {"script":"<script> [1562 bytes]","args":[{"selector":{"controlType":"sap.m.Button","viewName":"reusables.view.manageresources.NewResourceUnit","viewId":"application-manageresources-display-component---newResourceUnit","i18NText":{"propertyName":"tooltip","key":"save"},"interaction":{"idSuffix":"BDI-content"}},"wdio_ui5_key":"reusablesview.manageresources.NewResourceUnitsap.m.Button{\"propertyName\":\"tooltip\",\"key\":\"save\"}"}]}
RESULT: undefined
COMMAND: POST /session/cd477e99f4e247ef02c326ac6df7445e/element - {"using":"xpath","value":"//*[@id=\"application-manageresources-display-component---newResourceUnit--createRuButton\"]"}
RESULT: {"using":"xpath","value":"//*[@id=\"application-manageresources-display-component---newResourceUnit--createRuButton\"]"}
COMMAND: POST /session/cd477e99f4e247ef02c326ac6df7445e/element/f.375AD1BF2998C782D6149A43C57C8E27.d.3371348A440561DEC37FA28FA55EAE01.e.12898/click - {}
RESULT: {}
COMMAND: GET /session/cd477e99f4e247ef02c326ac6df7445e/screenshot - {}
RESULT: {}
COMMAND: POST /session/cd477e99f4e247ef02c326ac6df7445e/execute/async - {"script":"<script> [1562 bytes]","args":[{"selector":{"controlType":"sap.m.Button","properties":{"text":"Close"},"searchOpenDialogs":true,"interaction":{"idSuffix":"inner"}},"wdio_ui5_key":"sapm.Button{\"text\":\"Close\"}"}]}
RESULT: {"script":"<script> [1562 bytes]","args":[{"selector":{"controlType":"sap.m.Button","properties":{"text":"Close"},"searchOpenDialogs":true,"interaction":{"idSuffix":"inner"}},"wdio_ui5_key":"sapm.Button{\"text\":\"Close\"}"}]}
RESULT: undefined
COMMAND: POST /session/cd477e99f4e247ef02c326ac6df7445e/element - {"using":"xpath","value":"//*[@id=\"__mbox-btn-0\"]"}
RESULT: {"using":"xpath","value":"//*[@id=\"__mbox-btn-0\"]"}
COMMAND: POST /session/cd477e99f4e247ef02c326ac6df7445e/element/f.375AD1BF2998C782D6149A43C57C8E27.d.3371348A440561DEC37FA28FA55EAE01.e.13075/click - {}
RESULT: {}
COMMAND: GET /session/cd477e99f4e247ef02c326ac6df7445e/screenshot - {}
RESULT: {}
COMMAND: POST /session/cd477e99f4e247ef02c326ac6df7445e/execute/async - {"script":"<script> [1562 bytes]","args":[{"selector":{"controlType":"sap.m.Text","viewName":"etm.portal.ui.manageresources.view.Detail","viewId":"application-manageresources-display-component---detailRU","bindingPath":{"propertyPath":"ID","modelName":"catalogModel"}},"wdio_ui5_key":"etmportal.ui.manageresources.view.Detailsap.m.Text{\"propertyPath\":\"ID\",\"modelName\":\"catalogModel\"}"}]}
RESULT: {"script":"<script> [1562 bytes]","args":[{"selector":{"controlType":"sap.m.Text","viewName":"etm.portal.ui.manageresources.view.Detail","viewId":"application-manageresources-display-component---detailRU","bindingPath":{"propertyPath":"ID","modelName":"catalogModel"}},"wdio_ui5_key":"etmportal.ui.manageresources.view.Detailsap.m.Text{\"propertyPath\":\"ID\",\"modelName\":\"catalogModel\"}"}]}
RESULT: undefined
COMMAND: POST /session/cd477e99f4e247ef02c326ac6df7445e/execute/async - {"script":"<script> [6424 bytes]","args":[{"element-6066-11e4-a52e-4f735466cecf":"f.375AD1BF2998C782D6149A43C57C8E27.d.3371348A440561DEC37FA28FA55EAE01.e.13111"},"getText",[]]}
RESULT: {"script":"<script> [6424 bytes]","args":[{"element-6066-11e4-a52e-4f735466cecf":"f.375AD1BF2998C782D6149A43C57C8E27.d.3371348A440561DEC37FA28FA55EAE01.e.13111"},"getText",[]]}
COMMAND: POST /session/cd477e99f4e247ef02c326ac6df7445e/execute/async - {"script":"<script> [1562 bytes]","args":[{"selector":{"controlType":"sap.ui.core.Icon","viewName":"etm.portal.ui.manageresources.view.Detail","viewId":"application-manageresources-display-component---detailRU","properties":{"src":{"regex":{"source":"overflow"}}}},"wdio_ui5_key":"etmportal.ui.manageresources.view.Detailsap.ui.core.Icon{\"src\":{\"regex\":{\"source\":\"overflow\"}}}"}]}
RESULT: {"script":"<script> [1562 bytes]","args":[{"selector":{"controlType":"sap.ui.core.Icon","viewName":"etm.portal.ui.manageresources.view.Detail","viewId":"application-manageresources-display-component---detailRU","properties":{"src":{"regex":{"source":"overflow"}}}},"wdio_ui5_key":"etmportal.ui.manageresources.view.Detailsap.ui.core.Icon{\"src\":{\"regex\":{\"source\":\"overflow\"}}}"}]}
RESULT: undefined
COMMAND: POST /session/cd477e99f4e247ef02c326ac6df7445e/element - {"using":"xpath","value":"//*[@id=\"__title15-_actionsToolbar-overflowButton-img\"]"}
RESULT: {"using":"xpath","value":"//*[@id=\"__title15-_actionsToolbar-overflowButton-img\"]"}
COMMAND: POST /session/cd477e99f4e247ef02c326ac6df7445e/element/f.375AD1BF2998C782D6149A43C57C8E27.d.3371348A440561DEC37FA28FA55EAE01.e.13112/click - {}
RESULT: {}
COMMAND: GET /session/cd477e99f4e247ef02c326ac6df7445e/screenshot - {}
RESULT: {}
COMMAND: POST /session/cd477e99f4e247ef02c326ac6df7445e/execute/async - {"script":"<script> [1562 bytes]","args":[{"selector":{"controlType":"sap.m.Button","viewName":"etm.portal.ui.manageresources.view.Detail","viewId":"application-manageresources-display-component---detailRU","i18NText":{"propertyName":"text","key":"copy"},"searchOpenDialogs":true,"interaction":{"idSuffix":"BDI-content"}},"wdio_ui5_key":"etmportal.ui.manageresources.view.Detailsap.m.Button{\"propertyName\":\"text\",\"key\":\"copy\"}"}]}
RESULT: {"script":"<script> [1562 bytes]","args":[{"selector":{"controlType":"sap.m.Button","viewName":"etm.portal.ui.manageresources.view.Detail","viewId":"application-manageresources-display-component---detailRU","i18NText":{"propertyName":"text","key":"copy"},"searchOpenDialogs":true,"interaction":{"idSuffix":"BDI-content"}},"wdio_ui5_key":"etmportal.ui.manageresources.view.Detailsap.m.Button{\"propertyName\":\"text\",\"key\":\"copy\"}"}]}
RESULT: undefined
COMMAND: POST /session/cd477e99f4e247ef02c326ac6df7445e/element - {"using":"xpath","value":"//*[@id=\"__button37\"]"}
RESULT: {"using":"xpath","value":"//*[@id=\"__button37\"]"}
COMMAND: POST /session/cd477e99f4e247ef02c326ac6df7445e/element/f.375AD1BF2998C782D6149A43C57C8E27.d.3371348A440561DEC37FA28FA55EAE01.e.13116/click - {}
RESULT: {}
COMMAND: POST /session/cd477e99f4e247ef02c326ac6df7445e/execute/async - {"script":"<script> [1562 bytes]","args":[{"selector":{"controlType":"sap.m.Button","viewName":"etm.portal.ui.manageresources.view.Detail","viewId":"application-manageresources-display-component---detailRU","i18NText":{"propertyName":"text","key":"selectAll"},"searchOpenDialogs":true,"interaction":{"idSuffix":"BDI-content"}},"wdio_ui5_key":"etmportal.ui.manageresources.view.Detailsap.m.Button{\"propertyName\":\"text\",\"key\":\"selectAll\"}"}]}
COMMAND: GET /session/cd477e99f4e247ef02c326ac6df7445e/screenshot - {}
RESULT: {"script":"<script> [1562 bytes]","args":[{"selector":{"controlType":"sap.m.Button","viewName":"etm.portal.ui.manageresources.view.Detail","viewId":"application-manageresources-display-component---detailRU","i18NText":{"propertyName":"text","key":"selectAll"},"searchOpenDialogs":true,"interaction":{"idSuffix":"BDI-content"}},"wdio_ui5_key":"etmportal.ui.manageresources.view.Detailsap.m.Button{\"propertyName\":\"text\",\"key\":\"selectAll\"}"}]}
RESULT: undefined
COMMAND: POST /session/cd477e99f4e247ef02c326ac6df7445e/element - {"using":"xpath","value":"//*[@id=\"__button83\"]"}
RESULT: {}
RESULT: {"using":"xpath","value":"//*[@id=\"__button83\"]"}
COMMAND: POST /session/cd477e99f4e247ef02c326ac6df7445e/element/f.375AD1BF2998C782D6149A43C57C8E27.d.3371348A440561DEC37FA28FA55EAE01.e.13117/click - {}
RESULT: {}
COMMAND: POST /session/cd477e99f4e247ef02c326ac6df7445e/execute/async - {"script":"<script> [1562 bytes]","args":[{"selector":{"controlType":"sap.m.Button","viewName":"etm.portal.ui.manageresources.view.Detail","viewId":"application-manageresources-display-component---detailRU","i18NText":{"propertyName":"text","key":"confirm"},"searchOpenDialogs":true,"interaction":{"idSuffix":"BDI-content"}},"wdio_ui5_key":"etmportal.ui.manageresources.view.Detailsap.m.Button{\"propertyName\":\"text\",\"key\":\"confirm\"}"}]}
COMMAND: GET /session/cd477e99f4e247ef02c326ac6df7445e/screenshot - {}
RESULT: {"script":"<script> [1562 bytes]","args":[{"selector":{"controlType":"sap.m.Button","viewName":"etm.portal.ui.manageresources.view.Detail","viewId":"application-manageresources-display-component---detailRU","i18NText":{"propertyName":"text","key":"confirm"},"searchOpenDialogs":true,"interaction":{"idSuffix":"BDI-content"}},"wdio_ui5_key":"etmportal.ui.manageresources.view.Detailsap.m.Button{\"propertyName\":\"text\",\"key\":\"confirm\"}"}]}
RESULT: undefined
COMMAND: POST /session/cd477e99f4e247ef02c326ac6df7445e/element - {"using":"xpath","value":"//*[@id=\"__button84\"]"}
RESULT: {}
RESULT: {"using":"xpath","value":"//*[@id=\"__button84\"]"}
COMMAND: POST /session/cd477e99f4e247ef02c326ac6df7445e/element/f.375AD1BF2998C782D6149A43C57C8E27.d.3371348A440561DEC37FA28FA55EAE01.e.13142/click - {}
RESULT: {}
COMMAND: GET /session/cd477e99f4e247ef02c326ac6df7445e/screenshot - {}
RESULT: {}
COMMAND: POST /session/cd477e99f4e247ef02c326ac6df7445e/execute/async - {"script":"<script> [1562 bytes]","args":[{"selector":{"id":"application-manageresources-display-component---newResourceUnit--newRRUPage-anchBar-application-manageresources-display-component---newResourceUnit--general-anchor","interaction":{"idSuffix":"BDI-content"}},"wdio_ui5_key":"applicationmanageresources-display-component---newResourceUnit--newRRUPage-anchBar-application-manageresources-display-component---newResourceUnit--general-anchor"}]}
RESULT: {"script":"<script> [1562 bytes]","args":[{"selector":{"id":"application-manageresources-display-component---newResourceUnit--newRRUPage-anchBar-application-manageresources-display-component---newResourceUnit--general-anchor","interaction":{"idSuffix":"BDI-content"}},"wdio_ui5_key":"applicationmanageresources-display-component---newResourceUnit--newRRUPage-anchBar-application-manageresources-display-component---newResourceUnit--general-anchor"}]}
RESULT: undefined
COMMAND: POST /session/cd477e99f4e247ef02c326ac6df7445e/element - {"using":"xpath","value":"//*[@id=\"application-manageresources-display-component---newResourceUnit--newRRUPage-anchBar-application-manageresources-display-component---newResourceUnit--general-anchor\"]"}
RESULT: {"using":"xpath","value":"//*[@id=\"application-manageresources-display-component---newResourceUnit--newRRUPage-anchBar-application-manageresources-display-component---newResourceUnit--general-anchor\"]"}
COMMAND: POST /session/cd477e99f4e247ef02c326ac6df7445e/element/f.375AD1BF2998C782D6149A43C57C8E27.d.3371348A440561DEC37FA28FA55EAE01.e.13147/click - {}
RESULT: {}
COMMAND: GET /session/cd477e99f4e247ef02c326ac6df7445e/screenshot - {}
RESULT: {}
COMMAND: POST /session/cd477e99f4e247ef02c326ac6df7445e/actions - {"actions":[{"type":"key","id":"keyboard","actions":[{"type":"keyDown","value":"î™"}]}]}
RESULT: {"actions":[{"type":"key","id":"keyboard","actions":[{"type":"keyDown","value":"î™"}]}]}
COMMAND: GET /session/cd477e99f4e247ef02c326ac6df7445e/screenshot - {}
RESULT: {}
RESULT: undefined
COMMAND: POST /session/cd477e99f4e247ef02c326ac6df7445e/execute/async - {"script":"<script> [776 bytes]","args":[{"enterText":"2Equipment4bundle24i919","selector":{"id":"application-manageresources-display-component---newResourceUnit--resourceId","interaction":{"idSuffix":"inner"}},"clearTextFirst":true,"interactionType":"ENTER_TEXT"}]}
RESULT: {"script":"<script> [776 bytes]","args":[{"enterText":"2Equipment4bundle24i919","selector":{"id":"application-manageresources-display-component---newResourceUnit--resourceId","interaction":{"idSuffix":"inner"}},"clearTextFirst":true,"interactionType":"ENTER_TEXT"}]}
RESULT: undefined
RESULT: undefined
COMMAND: POST /session/cd477e99f4e247ef02c326ac6df7445e/execute/async - {"script":"<script> [776 bytes]","args":[{"enterText":"2Equipment4bundle24i919","selector":{"id":"application-manageresources-display-component---newResourceUnit--SHORT_TEXT","interaction":{"idSuffix":"inner"}},"clearTextFirst":true,"interactionType":"ENTER_TEXT"}]}
RESULT: {"script":"<script> [776 bytes]","args":[{"enterText":"2Equipment4bundle24i919","selector":{"id":"application-manageresources-display-component---newResourceUnit--SHORT_TEXT","interaction":{"idSuffix":"inner"}},"clearTextFirst":true,"interactionType":"ENTER_TEXT"}]}
RESULT: undefined
COMMAND: POST /session/cd477e99f4e247ef02c326ac6df7445e/element - {"using":"xpath","value":"//*[@id=\"application-manageresources-display-component---newResourceUnit--createRuButton\"]"}
RESULT: {"using":"xpath","value":"//*[@id=\"application-manageresources-display-component---newResourceUnit--createRuButton\"]"}
COMMAND: POST /session/cd477e99f4e247ef02c326ac6df7445e/element/f.375AD1BF2998C782D6149A43C57C8E27.d.3371348A440561DEC37FA28FA55EAE01.e.12898/click - {}
RESULT: {}
COMMAND: GET /session/cd477e99f4e247ef02c326ac6df7445e/screenshot - {}
RESULT: {}
COMMAND: POST /session/cd477e99f4e247ef02c326ac6df7445e/element - {"using":"xpath","value":"//bdi[contains(text(), \"Close\")]"}
RESULT: {"using":"xpath","value":"//bdi[contains(text(), \"Close\")]"}
COMMAND: POST /session/cd477e99f4e247ef02c326ac6df7445e/element/f.375AD1BF2998C782D6149A43C57C8E27.d.3371348A440561DEC37FA28FA55EAE01.e.13160/click - {}
RESULT: {}
COMMAND: GET /session/cd477e99f4e247ef02c326ac6df7445e/screenshot - {}
RESULT: {}
RESULT: undefined
COMMAND: POST /session/cd477e99f4e247ef02c326ac6df7445e/execute/async - {"script":"<script> [6424 bytes]","args":[{"element-6066-11e4-a52e-4f735466cecf":"f.375AD1BF2998C782D6149A43C57C8E27.d.3371348A440561DEC37FA28FA55EAE01.e.13111"},"getText",[]]}
RESULT: {"script":"<script> [6424 bytes]","args":[{"element-6066-11e4-a52e-4f735466cecf":"f.375AD1BF2998C782D6149A43C57C8E27.d.3371348A440561DEC37FA28FA55EAE01.e.13111"},"getText",[]]}
COMMAND: POST /session/cd477e99f4e247ef02c326ac6df7445e/element - {"using":"css selector","value":"#shell-header-logo"}
RESULT: {"using":"css selector","value":"#shell-header-logo"}
COMMAND: POST /session/cd477e99f4e247ef02c326ac6df7445e/element/f.375AD1BF2998C782D6149A43C57C8E27.d.3371348A440561DEC37FA28FA55EAE01.e.12522/click - {}
RESULT: {}
COMMAND: GET /session/cd477e99f4e247ef02c326ac6df7445e/screenshot - {}
RESULT: {}
]]></system-out>
    </testcase>
    <testcase classname="chrome.135_0_7049_96.windows.Create_bundle_US131067" name="Should do a stock increase for the equipments" time="81.376">
      <system-out><![CDATA[
COMMAND: POST /session/cd477e99f4e247ef02c326ac6df7445e/execute/async - {"script":"<script> [1562 bytes]","args":[{"selector":{"controlType":"sap.m.Text","viewName":"etm.portal.ui.managehandoverstile.view.Master","properties":{"text":"Manage Handovers"},"interaction":{"idSuffix":"inner"}},"wdio_ui5_key":"etmportal.ui.managehandoverstile.view.Mastersap.m.Text{\"text\":\"Manage Handovers\"}"}]}
RESULT: {"script":"<script> [1562 bytes]","args":[{"selector":{"controlType":"sap.m.Text","viewName":"etm.portal.ui.managehandoverstile.view.Master","properties":{"text":"Manage Handovers"},"interaction":{"idSuffix":"inner"}},"wdio_ui5_key":"etmportal.ui.managehandoverstile.view.Mastersap.m.Text{\"text\":\"Manage Handovers\"}"}]}
RESULT: undefined
COMMAND: POST /session/cd477e99f4e247ef02c326ac6df7445e/element - {"using":"xpath","value":"//*[@id=\"__tile133-title\"]"}
RESULT: {"using":"xpath","value":"//*[@id=\"__tile133-title\"]"}
COMMAND: POST /session/cd477e99f4e247ef02c326ac6df7445e/element/f.375AD1BF2998C782D6149A43C57C8E27.d.3371348A440561DEC37FA28FA55EAE01.e.13166/click - {}
RESULT: {}
COMMAND: GET /session/cd477e99f4e247ef02c326ac6df7445e/screenshot - {}
RESULT: {}
COMMAND: POST /session/cd477e99f4e247ef02c326ac6df7445e/execute/async - {"script":"<script> [1562 bytes]","args":[{"selector":{"controlType":"sap.ui.core.Icon","viewName":"etm.portal.ui.managehandovers.view.MasterHO","properties":{"src":{"regex":{"source":"add"}}}},"wdio_ui5_key":"etmportal.ui.managehandovers.view.MasterHOsap.ui.core.Icon{\"src\":{\"regex\":{\"source\":\"add\"}}}"}]}
RESULT: {"script":"<script> [1562 bytes]","args":[{"selector":{"controlType":"sap.ui.core.Icon","viewName":"etm.portal.ui.managehandovers.view.MasterHO","properties":{"src":{"regex":{"source":"add"}}}},"wdio_ui5_key":"etmportal.ui.managehandovers.view.MasterHOsap.ui.core.Icon{\"src\":{\"regex\":{\"source\":\"add\"}}}"}]}
RESULT: undefined
COMMAND: POST /session/cd477e99f4e247ef02c326ac6df7445e/element - {"using":"xpath","value":"//*[@id=\"__button88-img\"]"}
RESULT: {"using":"xpath","value":"//*[@id=\"__button88-img\"]"}
COMMAND: POST /session/cd477e99f4e247ef02c326ac6df7445e/element/f.375AD1BF2998C782D6149A43C57C8E27.d.3371348A440561DEC37FA28FA55EAE01.e.13208/click - {}
RESULT: {}
COMMAND: POST /session/cd477e99f4e247ef02c326ac6df7445e/execute/async - {"script":"<script> [1562 bytes]","args":[{"selector":{"id":"application-managehandovers-display-component---AddNewHO--typeSelect","interaction":{"idSuffix":"arrow"}},"wdio_ui5_key":"applicationmanagehandovers-display-component---AddNewHO--typeSelect"}]}
COMMAND: GET /session/cd477e99f4e247ef02c326ac6df7445e/screenshot - {}
RESULT: {"script":"<script> [1562 bytes]","args":[{"selector":{"id":"application-managehandovers-display-component---AddNewHO--typeSelect","interaction":{"idSuffix":"arrow"}},"wdio_ui5_key":"applicationmanagehandovers-display-component---AddNewHO--typeSelect"}]}
RESULT: undefined
COMMAND: POST /session/cd477e99f4e247ef02c326ac6df7445e/element - {"using":"xpath","value":"//*[@id=\"application-managehandovers-display-component---AddNewHO--typeSelect\"]"}
RESULT: {}
RESULT: {"using":"xpath","value":"//*[@id=\"application-managehandovers-display-component---AddNewHO--typeSelect\"]"}
COMMAND: POST /session/cd477e99f4e247ef02c326ac6df7445e/element/f.375AD1BF2998C782D6149A43C57C8E27.d.3371348A440561DEC37FA28FA55EAE01.e.13505/click - {}
RESULT: {}
COMMAND: POST /session/cd477e99f4e247ef02c326ac6df7445e/execute/async - {"script":"<script> [1562 bytes]","args":[{"selector":{"controlType":"sap.ui.core.Item","viewName":"etm.portal.ui.managehandovers.view.AddNewHO","viewId":"application-managehandovers-display-component---AddNewHO","bindingPath":{"path":"/HandOverTypes('100')","propertyPath":"ID","modelName":"catalogModel"},"searchOpenDialogs":true},"wdio_ui5_key":"etmportal.ui.managehandovers.view.AddNewHOsap.ui.core.Item{\"path\":\"/HandOverTypes('100')\",\"propertyPath\":\"ID\",\"modelName\":\"catalogModel\"}"}]}
COMMAND: GET /session/cd477e99f4e247ef02c326ac6df7445e/screenshot - {}
RESULT: {"script":"<script> [1562 bytes]","args":[{"selector":{"controlType":"sap.ui.core.Item","viewName":"etm.portal.ui.managehandovers.view.AddNewHO","viewId":"application-managehandovers-display-component---AddNewHO","bindingPath":{"path":"/HandOverTypes('100')","propertyPath":"ID","modelName":"catalogModel"},"searchOpenDialogs":true},"wdio_ui5_key":"etmportal.ui.managehandovers.view.AddNewHOsap.ui.core.Item{\"path\":\"/HandOverTypes('100')\",\"propertyPath\":\"ID\",\"modelName\":\"catalogModel\"}"}]}
RESULT: undefined
COMMAND: POST /session/cd477e99f4e247ef02c326ac6df7445e/element - {"using":"xpath","value":"//*[@id=\"__item1471-application-managehandovers-display-component---AddNewHO--typeSelect-1\"]"}
RESULT: {}
RESULT: {"using":"xpath","value":"//*[@id=\"__item1471-application-managehandovers-display-component---AddNewHO--typeSelect-1\"]"}
COMMAND: POST /session/cd477e99f4e247ef02c326ac6df7445e/element/f.375AD1BF2998C782D6149A43C57C8E27.d.3371348A440561DEC37FA28FA55EAE01.e.13506/click - {}
RESULT: {}
COMMAND: POST /session/cd477e99f4e247ef02c326ac6df7445e/execute/async - {"script":"<script> [1562 bytes]","args":[{"selector":{"id":"application-managehandovers-display-component---AddNewHO--dueDate","interaction":{"idSuffix":"inner"}},"wdio_ui5_key":"applicationmanagehandovers-display-component---AddNewHO--dueDate"}]}
COMMAND: GET /session/cd477e99f4e247ef02c326ac6df7445e/screenshot - {}
RESULT: {"script":"<script> [1562 bytes]","args":[{"selector":{"id":"application-managehandovers-display-component---AddNewHO--dueDate","interaction":{"idSuffix":"inner"}},"wdio_ui5_key":"applicationmanagehandovers-display-component---AddNewHO--dueDate"}]}
RESULT: undefined
COMMAND: POST /session/cd477e99f4e247ef02c326ac6df7445e/execute/async - {"script":"<script> [6424 bytes]","args":[{"element-6066-11e4-a52e-4f735466cecf":"f.375AD1BF2998C782D6149A43C57C8E27.d.3371348A440561DEC37FA28FA55EAE01.e.13510"},"setValue",["04/24/2025"]]}
RESULT: {}
RESULT: {"script":"<script> [6424 bytes]","args":[{"element-6066-11e4-a52e-4f735466cecf":"f.375AD1BF2998C782D6149A43C57C8E27.d.3371348A440561DEC37FA28FA55EAE01.e.13510"},"setValue",["04/24/2025"]]}
COMMAND: POST /session/cd477e99f4e247ef02c326ac6df7445e/element - {"using":"xpath","value":"//input[@id=\"generalSectionFrg--receiveYard-inner\"]"}
RESULT: {"using":"xpath","value":"//input[@id=\"generalSectionFrg--receiveYard-inner\"]"}
COMMAND: POST /session/cd477e99f4e247ef02c326ac6df7445e/element/f.375AD1BF2998C782D6149A43C57C8E27.d.3371348A440561DEC37FA28FA55EAE01.e.13516/clear - {}
RESULT: {}
COMMAND: POST /session/cd477e99f4e247ef02c326ac6df7445e/element/f.375AD1BF2998C782D6149A43C57C8E27.d.3371348A440561DEC37FA28FA55EAE01.e.13516/value - {"text":"webdriver"}
COMMAND: GET /session/cd477e99f4e247ef02c326ac6df7445e/screenshot - {}
RESULT: {"text":"webdriver"}
COMMAND: POST /session/cd477e99f4e247ef02c326ac6df7445e/execute/async - {"script":"<script> [1562 bytes]","args":[{"selector":{"id":"application-managehandovers-display-component---AddNewHO--ObjectPageLayout-anchBar-application-managehandovers-display-component---AddNewHO--section4-anchor","interaction":{"idSuffix":"BDI-content"}},"wdio_ui5_key":"applicationmanagehandovers-display-component---AddNewHO--ObjectPageLayout-anchBar-application-managehandovers-display-component---AddNewHO--section4-anchor"}]}
COMMAND: GET /session/cd477e99f4e247ef02c326ac6df7445e/screenshot - {}
RESULT: {}
RESULT: {"script":"<script> [1562 bytes]","args":[{"selector":{"id":"application-managehandovers-display-component---AddNewHO--ObjectPageLayout-anchBar-application-managehandovers-display-component---AddNewHO--section4-anchor","interaction":{"idSuffix":"BDI-content"}},"wdio_ui5_key":"applicationmanagehandovers-display-component---AddNewHO--ObjectPageLayout-anchBar-application-managehandovers-display-component---AddNewHO--section4-anchor"}]}
RESULT: undefined
COMMAND: POST /session/cd477e99f4e247ef02c326ac6df7445e/element - {"using":"xpath","value":"//*[@id=\"application-managehandovers-display-component---AddNewHO--ObjectPageLayout-anchBar-application-managehandovers-display-component---AddNewHO--section4-anchor\"]"}
RESULT: {}
RESULT: {"using":"xpath","value":"//*[@id=\"application-managehandovers-display-component---AddNewHO--ObjectPageLayout-anchBar-application-managehandovers-display-component---AddNewHO--section4-anchor\"]"}
COMMAND: POST /session/cd477e99f4e247ef02c326ac6df7445e/element/f.375AD1BF2998C782D6149A43C57C8E27.d.3371348A440561DEC37FA28FA55EAE01.e.13534/click - {}
RESULT: {}
COMMAND: POST /session/cd477e99f4e247ef02c326ac6df7445e/execute/async - {"script":"<script> [1562 bytes]","args":[{"selector":{"controlType":"sap.ui.core.Icon","viewName":"etm.portal.ui.managehandovers.view.AddNewHO","viewId":"application-managehandovers-display-component---AddNewHO","properties":{"src":{"regex":{"source":"add"}}}},"wdio_ui5_key":"etmportal.ui.managehandovers.view.AddNewHOsap.ui.core.Icon{\"src\":{\"regex\":{\"source\":\"add\"}}}"}]}
COMMAND: GET /session/cd477e99f4e247ef02c326ac6df7445e/screenshot - {}
RESULT: {"script":"<script> [1562 bytes]","args":[{"selector":{"controlType":"sap.ui.core.Icon","viewName":"etm.portal.ui.managehandovers.view.AddNewHO","viewId":"application-managehandovers-display-component---AddNewHO","properties":{"src":{"regex":{"source":"add"}}}},"wdio_ui5_key":"etmportal.ui.managehandovers.view.AddNewHOsap.ui.core.Icon{\"src\":{\"regex\":{\"source\":\"add\"}}}"}]}
RESULT: undefined
COMMAND: POST /session/cd477e99f4e247ef02c326ac6df7445e/element - {"using":"xpath","value":"//*[@id=\"__button107-img\"]"}
RESULT: {}
RESULT: {"using":"xpath","value":"//*[@id=\"__button107-img\"]"}
COMMAND: POST /session/cd477e99f4e247ef02c326ac6df7445e/element/f.375AD1BF2998C782D6149A43C57C8E27.d.3371348A440561DEC37FA28FA55EAE01.e.13538/click - {}
RESULT: {}
COMMAND: POST /session/cd477e99f4e247ef02c326ac6df7445e/execute/async - {"script":"<script> [1562 bytes]","args":[{"selector":{"id":"application-managehandovers-display-component---AddNewHO--smartFilterBar-btnBasicSearch","searchOpenDialogs":true,"interaction":{"idSuffix":"I"}},"wdio_ui5_key":"applicationmanagehandovers-display-component---AddNewHO--smartFilterBar-btnBasicSearch"}]}
COMMAND: GET /session/cd477e99f4e247ef02c326ac6df7445e/screenshot - {}
RESULT: {"script":"<script> [1562 bytes]","args":[{"selector":{"id":"application-managehandovers-display-component---AddNewHO--smartFilterBar-btnBasicSearch","searchOpenDialogs":true,"interaction":{"idSuffix":"I"}},"wdio_ui5_key":"applicationmanagehandovers-display-component---AddNewHO--smartFilterBar-btnBasicSearch"}]}
RESULT: undefined
COMMAND: POST /session/cd477e99f4e247ef02c326ac6df7445e/execute/async - {"script":"<script> [776 bytes]","args":[{"enterText":"Equipment4bundle","selector":{"id":"application-managehandovers-display-component---AddNewHO--smartFilterBar-btnBasicSearch","searchOpenDialogs":true,"interaction":{"idSuffix":"I"}},"clearTextFirst":true,"interactionType":"ENTER_TEXT"}]}
RESULT: {}
RESULT: {"script":"<script> [776 bytes]","args":[{"enterText":"Equipment4bundle","selector":{"id":"application-managehandovers-display-component---AddNewHO--smartFilterBar-btnBasicSearch","searchOpenDialogs":true,"interaction":{"idSuffix":"I"}},"clearTextFirst":true,"interactionType":"ENTER_TEXT"}]}
COMMAND: POST /session/cd477e99f4e247ef02c326ac6df7445e/actions - {"actions":[{"id":"action33","type":"key","parameters":{},"actions":[{"type":"keyDown","value":"î€‡"},{"type":"pause","duration":10},{"type":"keyUp","value":"î€‡"}]}]}
RESULT: {"actions":[{"id":"action33","type":"key","parameters":{},"actions":[{"type":"keyDown","value":"î€‡"},{"type":"pause","duration":10},{"type":"keyUp","value":"î€‡"}]}]}
COMMAND: POST /session/cd477e99f4e247ef02c326ac6df7445e/execute/async - {"script":"<script> [1562 bytes]","args":[{"selector":{"id":"application-managehandovers-display-component---AddNewHO--popup-sa","searchOpenDialogs":true,"interaction":{"idSuffix":"CbBg"}},"wdio_ui5_key":"applicationmanagehandovers-display-component---AddNewHO--popup-sa"}]}
COMMAND: GET /session/cd477e99f4e247ef02c326ac6df7445e/screenshot - {}
RESULT: {"script":"<script> [1562 bytes]","args":[{"selector":{"id":"application-managehandovers-display-component---AddNewHO--popup-sa","searchOpenDialogs":true,"interaction":{"idSuffix":"CbBg"}},"wdio_ui5_key":"applicationmanagehandovers-display-component---AddNewHO--popup-sa"}]}
RESULT: undefined
COMMAND: POST /session/cd477e99f4e247ef02c326ac6df7445e/element - {"using":"xpath","value":"//*[@id=\"application-managehandovers-display-component---AddNewHO--popup-sa\"]"}
RESULT: {}
RESULT: {"using":"xpath","value":"//*[@id=\"application-managehandovers-display-component---AddNewHO--popup-sa\"]"}
COMMAND: POST /session/cd477e99f4e247ef02c326ac6df7445e/element/f.375AD1BF2998C782D6149A43C57C8E27.d.3371348A440561DEC37FA28FA55EAE01.e.13734/click - {}
RESULT: {}
COMMAND: POST /session/cd477e99f4e247ef02c326ac6df7445e/execute/async - {"script":"<script> [1562 bytes]","args":[{"selector":{"controlType":"sap.m.Button","viewName":"etm.portal.ui.managehandovers.view.AddNewHO","viewId":"application-managehandovers-display-component---AddNewHO","i18NText":{"propertyName":"text","key":"select"},"searchOpenDialogs":true,"interaction":{"idSuffix":"BDI-content"}},"wdio_ui5_key":"etmportal.ui.managehandovers.view.AddNewHOsap.m.Button{\"propertyName\":\"text\",\"key\":\"select\"}"}]}
COMMAND: GET /session/cd477e99f4e247ef02c326ac6df7445e/screenshot - {}
RESULT: {"script":"<script> [1562 bytes]","args":[{"selector":{"controlType":"sap.m.Button","viewName":"etm.portal.ui.managehandovers.view.AddNewHO","viewId":"application-managehandovers-display-component---AddNewHO","i18NText":{"propertyName":"text","key":"select"},"searchOpenDialogs":true,"interaction":{"idSuffix":"BDI-content"}},"wdio_ui5_key":"etmportal.ui.managehandovers.view.AddNewHOsap.m.Button{\"propertyName\":\"text\",\"key\":\"select\"}"}]}
RESULT: undefined
COMMAND: POST /session/cd477e99f4e247ef02c326ac6df7445e/element - {"using":"xpath","value":"//*[@id=\"__button110\"]"}
RESULT: {}
RESULT: {"using":"xpath","value":"//*[@id=\"__button110\"]"}
COMMAND: POST /session/cd477e99f4e247ef02c326ac6df7445e/element/f.375AD1BF2998C782D6149A43C57C8E27.d.3371348A440561DEC37FA28FA55EAE01.e.13736/click - {}
RESULT: {}
COMMAND: POST /session/cd477e99f4e247ef02c326ac6df7445e/execute/async - {"script":"<script> [1562 bytes]","args":[{"selector":{"id":"application-managehandovers-display-component---AddNewHO--confirmCreationButton","interaction":{"idSuffix":"BDI-content"}},"wdio_ui5_key":"applicationmanagehandovers-display-component---AddNewHO--confirmCreationButton"}]}
COMMAND: GET /session/cd477e99f4e247ef02c326ac6df7445e/screenshot - {}
RESULT: {"script":"<script> [1562 bytes]","args":[{"selector":{"id":"application-managehandovers-display-component---AddNewHO--confirmCreationButton","interaction":{"idSuffix":"BDI-content"}},"wdio_ui5_key":"applicationmanagehandovers-display-component---AddNewHO--confirmCreationButton"}]}
RESULT: undefined
COMMAND: POST /session/cd477e99f4e247ef02c326ac6df7445e/element - {"using":"xpath","value":"//*[@id=\"application-managehandovers-display-component---AddNewHO--confirmCreationButton\"]"}
RESULT: {}
RESULT: {"using":"xpath","value":"//*[@id=\"application-managehandovers-display-component---AddNewHO--confirmCreationButton\"]"}
COMMAND: POST /session/cd477e99f4e247ef02c326ac6df7445e/element/f.375AD1BF2998C782D6149A43C57C8E27.d.3371348A440561DEC37FA28FA55EAE01.e.13827/click - {}
RESULT: {}
COMMAND: GET /session/cd477e99f4e247ef02c326ac6df7445e/screenshot - {}
RESULT: {}
COMMAND: POST /session/cd477e99f4e247ef02c326ac6df7445e/execute/async - {"script":"<script> [1562 bytes]","args":[{"selector":{"id":"receiptDatePicker","viewName":"etm.portal.ui.managehandovers.view.DetailExecuteHO","interaction":{"idSuffix":"inner"}},"wdio_ui5_key":"receiptDatePickeretmportal.ui.managehandovers.view.DetailExecuteHO"}]}
RESULT: {"script":"<script> [1562 bytes]","args":[{"selector":{"id":"receiptDatePicker","viewName":"etm.portal.ui.managehandovers.view.DetailExecuteHO","interaction":{"idSuffix":"inner"}},"wdio_ui5_key":"receiptDatePickeretmportal.ui.managehandovers.view.DetailExecuteHO"}]}
RESULT: undefined
COMMAND: POST /session/cd477e99f4e247ef02c326ac6df7445e/execute/async - {"script":"<script> [6424 bytes]","args":[{"element-6066-11e4-a52e-4f735466cecf":"f.375AD1BF2998C782D6149A43C57C8E27.d.3371348A440561DEC37FA28FA55EAE01.e.13856"},"setValue",["04/24/2025"]]}
RESULT: {"script":"<script> [6424 bytes]","args":[{"element-6066-11e4-a52e-4f735466cecf":"f.375AD1BF2998C782D6149A43C57C8E27.d.3371348A440561DEC37FA28FA55EAE01.e.13856"},"setValue",["04/24/2025"]]}
COMMAND: POST /session/cd477e99f4e247ef02c326ac6df7445e/execute/async - {"script":"<script> [1562 bytes]","args":[{"selector":{"controlType":"sap.m.Button","viewName":"etm.portal.ui.managehandovers.view.DetailExecuteHO","i18NText":{"propertyName":"text","key":"confirmAll"},"interaction":{"idSuffix":"BDI-content"}},"wdio_ui5_key":"etmportal.ui.managehandovers.view.DetailExecuteHOsap.m.Button{\"propertyName\":\"text\",\"key\":\"confirmAll\"}"}]}
RESULT: {"script":"<script> [1562 bytes]","args":[{"selector":{"controlType":"sap.m.Button","viewName":"etm.portal.ui.managehandovers.view.DetailExecuteHO","i18NText":{"propertyName":"text","key":"confirmAll"},"interaction":{"idSuffix":"BDI-content"}},"wdio_ui5_key":"etmportal.ui.managehandovers.view.DetailExecuteHOsap.m.Button{\"propertyName\":\"text\",\"key\":\"confirmAll\"}"}]}
RESULT: undefined
COMMAND: POST /session/cd477e99f4e247ef02c326ac6df7445e/element - {"using":"xpath","value":"//*[@id=\"__button139\"]"}
RESULT: {"using":"xpath","value":"//*[@id=\"__button139\"]"}
COMMAND: POST /session/cd477e99f4e247ef02c326ac6df7445e/element/f.375AD1BF2998C782D6149A43C57C8E27.d.3371348A440561DEC37FA28FA55EAE01.e.14033/click - {}
RESULT: {}
COMMAND: POST /session/cd477e99f4e247ef02c326ac6df7445e/execute/async - {"script":"<script> [1562 bytes]","args":[{"selector":{"controlType":"sap.m.Button","properties":{"text":"OK"},"searchOpenDialogs":true,"interaction":{"idSuffix":"BDI-content"}},"wdio_ui5_key":"sapm.Button{\"text\":\"OK\"}"}]}
COMMAND: GET /session/cd477e99f4e247ef02c326ac6df7445e/screenshot - {}
RESULT: {"script":"<script> [1562 bytes]","args":[{"selector":{"controlType":"sap.m.Button","properties":{"text":"OK"},"searchOpenDialogs":true,"interaction":{"idSuffix":"BDI-content"}},"wdio_ui5_key":"sapm.Button{\"text\":\"OK\"}"}]}
RESULT: undefined
COMMAND: POST /session/cd477e99f4e247ef02c326ac6df7445e/element - {"using":"xpath","value":"//*[@id=\"__mbox-btn-2\"]"}
RESULT: {}
RESULT: {"using":"xpath","value":"//*[@id=\"__mbox-btn-2\"]"}
COMMAND: POST /session/cd477e99f4e247ef02c326ac6df7445e/element/f.375AD1BF2998C782D6149A43C57C8E27.d.3371348A440561DEC37FA28FA55EAE01.e.14034/click - {}
RESULT: {}
COMMAND: GET /session/cd477e99f4e247ef02c326ac6df7445e/screenshot - {}
RESULT: {}
COMMAND: POST /session/cd477e99f4e247ef02c326ac6df7445e/execute/async - {"script":"<script> [1562 bytes]","args":[{"selector":{"id":"confirmationButton","viewName":"etm.portal.ui.managehandovers.view.DetailExecuteHO","interaction":{"idSuffix":"BDI-content"}},"wdio_ui5_key":"confirmationButtonetmportal.ui.managehandovers.view.DetailExecuteHO"}]}
RESULT: {"script":"<script> [1562 bytes]","args":[{"selector":{"id":"confirmationButton","viewName":"etm.portal.ui.managehandovers.view.DetailExecuteHO","interaction":{"idSuffix":"BDI-content"}},"wdio_ui5_key":"confirmationButtonetmportal.ui.managehandovers.view.DetailExecuteHO"}]}
RESULT: undefined
COMMAND: POST /session/cd477e99f4e247ef02c326ac6df7445e/element - {"using":"css selector","value":"#shell-header-logo"}
RESULT: {"using":"css selector","value":"#shell-header-logo"}
COMMAND: POST /session/cd477e99f4e247ef02c326ac6df7445e/element/f.375AD1BF2998C782D6149A43C57C8E27.d.3371348A440561DEC37FA28FA55EAE01.e.13169/click - {}
RESULT: {}
COMMAND: GET /session/cd477e99f4e247ef02c326ac6df7445e/screenshot - {}
RESULT: {}
]]></system-out>
    </testcase>
  </testsuite>
  <testsuite timestamp="2025-04-24T17:06:45" time="140.584" tests="1" failures="1" errors="1" skipped="0">
    <properties>
      <property name="specId" value="0" />
      <property name="suiteName" value="Create Replenishment US131070" />
      <property name="capabilities" value="chrome.135_0_7049_96.windows" />
      <property name="file" value="file:///D:/a/1/s/test/specs/HTR/create-bundle-replenishment.spec.js" />
    </properties>
  </testsuite>
  <testsuite timestamp="2025-04-24T17:09:05" time="277.385" tests="3" failures="1" errors="1" skipped="0">
    <properties>
      <property name="specId" value="0" />
      <property name="suiteName" value="Yard Overview Autoplanning US130989" />
      <property name="capabilities" value="chrome.135_0_7049_96.windows" />
      <property name="file" value="file:///D:/a/1/s/test/specs/HTR/yard-overview-autoplanning.spec.js" />
    </properties>
    <testcase classname="chrome.135_0_7049_96.windows.Yard_Overview_Autoplanning_US130989" name="Should create a new Material" time="111.365">
      <system-out><![CDATA[
COMMAND: POST /session/cd477e99f4e247ef02c326ac6df7445e/execute/async - {"script":"<script> [1562 bytes]","args":[{"selector":{"controlType":"sap.m.GenericTile","properties":{"header":"Manage Resources"}},"wdio_ui5_key":"sapm.GenericTile{\"header\":\"Manage Resources\"}"}]}
RESULT: {}
RESULT: {"script":"<script> [1562 bytes]","args":[{"selector":{"controlType":"sap.m.GenericTile","properties":{"header":"Manage Resources"}},"wdio_ui5_key":"sapm.GenericTile{\"header\":\"Manage Resources\"}"}]}
RESULT: undefined
COMMAND: POST /session/cd477e99f4e247ef02c326ac6df7445e/element - {"using":"xpath","value":"//*[@id=\"__tile31\"]"}
RESULT: {"using":"xpath","value":"//*[@id=\"__tile31\"]"}
COMMAND: POST /session/cd477e99f4e247ef02c326ac6df7445e/element/f.375AD1BF2998C782D6149A43C57C8E27.d.879117A4DB604E52B5D6AE27C98D25A7.e.15332/click - {}
RESULT: {}
COMMAND: GET /session/cd477e99f4e247ef02c326ac6df7445e/screenshot - {}
RESULT: {}
RESULT: undefined
RESULT: undefined
COMMAND: POST /session/cd477e99f4e247ef02c326ac6df7445e/execute/async - {"script":"<script> [1562 bytes]","args":[{"selector":{"controlType":"sap.ui.core.Icon","viewName":"etm.portal.ui.manageresources.view.Master","viewId":"application-manageresources-display-component---masterRU","properties":{"src":{"regex":{"source":"add"}}}},"wdio_ui5_key":"etmportal.ui.manageresources.view.Mastersap.ui.core.Icon{\"src\":{\"regex\":{\"source\":\"add\"}}}"}]}
RESULT: {"script":"<script> [1562 bytes]","args":[{"selector":{"controlType":"sap.ui.core.Icon","viewName":"etm.portal.ui.manageresources.view.Master","viewId":"application-manageresources-display-component---masterRU","properties":{"src":{"regex":{"source":"add"}}}},"wdio_ui5_key":"etmportal.ui.manageresources.view.Mastersap.ui.core.Icon{\"src\":{\"regex\":{\"source\":\"add\"}}}"}]}
RESULT: undefined
COMMAND: POST /session/cd477e99f4e247ef02c326ac6df7445e/element - {"using":"xpath","value":"//*[@id=\"__button5-img\"]"}
RESULT: {"using":"xpath","value":"//*[@id=\"__button5-img\"]"}
COMMAND: POST /session/cd477e99f4e247ef02c326ac6df7445e/element/f.375AD1BF2998C782D6149A43C57C8E27.d.879117A4DB604E52B5D6AE27C98D25A7.e.15471/click - {}
RESULT: {}
COMMAND: GET /session/cd477e99f4e247ef02c326ac6df7445e/screenshot - {}
RESULT: {}
COMMAND: POST /session/cd477e99f4e247ef02c326ac6df7445e/execute/async - {"script":"<script> [1562 bytes]","args":[{"selector":{"id":"application-manageresources-display-component---newResourceUnit--TYPE-arrow"},"wdio_ui5_key":"applicationmanageresources-display-component---newResourceUnit--TYPE-arrow"}]}
RESULT: {"script":"<script> [1562 bytes]","args":[{"selector":{"id":"application-manageresources-display-component---newResourceUnit--TYPE-arrow"},"wdio_ui5_key":"applicationmanageresources-display-component---newResourceUnit--TYPE-arrow"}]}
RESULT: undefined
COMMAND: POST /session/cd477e99f4e247ef02c326ac6df7445e/element - {"using":"xpath","value":"//*[@id=\"application-manageresources-display-component---newResourceUnit--TYPE-arrow\"]"}
RESULT: {"using":"xpath","value":"//*[@id=\"application-manageresources-display-component---newResourceUnit--TYPE-arrow\"]"}
COMMAND: POST /session/cd477e99f4e247ef02c326ac6df7445e/element/f.375AD1BF2998C782D6149A43C57C8E27.d.879117A4DB604E52B5D6AE27C98D25A7.e.15779/click - {}
RESULT: {}
COMMAND: POST /session/cd477e99f4e247ef02c326ac6df7445e/execute/async - {"script":"<script> [1562 bytes]","args":[{"selector":{"controlType":"sap.m.StandardListItem","viewName":"reusables.view.manageresources.NewResourceUnit","viewId":"application-manageresources-display-component---newResourceUnit","properties":{"title":"Material"},"searchOpenDialogs":true,"interaction":{"idSuffix":"titleText"}},"wdio_ui5_key":"reusablesview.manageresources.NewResourceUnitsap.m.StandardListItem{\"title\":\"Material\"}"}]}
COMMAND: GET /session/cd477e99f4e247ef02c326ac6df7445e/screenshot - {}
RESULT: {"script":"<script> [1562 bytes]","args":[{"selector":{"controlType":"sap.m.StandardListItem","viewName":"reusables.view.manageresources.NewResourceUnit","viewId":"application-manageresources-display-component---newResourceUnit","properties":{"title":"Material"},"searchOpenDialogs":true,"interaction":{"idSuffix":"titleText"}},"wdio_ui5_key":"reusablesview.manageresources.NewResourceUnitsap.m.StandardListItem{\"title\":\"Material\"}"}]}
RESULT: undefined
COMMAND: POST /session/cd477e99f4e247ef02c326ac6df7445e/element - {"using":"xpath","value":"//*[@id=\"__item142\"]"}
RESULT: {}
RESULT: {"using":"xpath","value":"//*[@id=\"__item142\"]"}
COMMAND: POST /session/cd477e99f4e247ef02c326ac6df7445e/element/f.375AD1BF2998C782D6149A43C57C8E27.d.879117A4DB604E52B5D6AE27C98D25A7.e.15782/click - {}
RESULT: {}
COMMAND: GET /session/cd477e99f4e247ef02c326ac6df7445e/screenshot - {}
RESULT: {}
COMMAND: POST /session/cd477e99f4e247ef02c326ac6df7445e/execute/async - {"script":"<script> [1562 bytes]","args":[{"selector":{"id":"application-manageresources-display-component---newResourceUnit--SHORT_TEXT","interaction":{"idSuffix":"inner"}},"wdio_ui5_key":"applicationmanageresources-display-component---newResourceUnit--SHORT_TEXT"}]}
RESULT: {"script":"<script> [1562 bytes]","args":[{"selector":{"id":"application-manageresources-display-component---newResourceUnit--SHORT_TEXT","interaction":{"idSuffix":"inner"}},"wdio_ui5_key":"applicationmanageresources-display-component---newResourceUnit--SHORT_TEXT"}]}
RESULT: undefined
COMMAND: POST /session/cd477e99f4e247ef02c326ac6df7445e/execute/async - {"script":"<script> [776 bytes]","args":[{"enterText":"AutoplanYOmaterial","selector":{"id":"application-manageresources-display-component---newResourceUnit--SHORT_TEXT","interaction":{"idSuffix":"inner"}},"clearTextFirst":true,"interactionType":"ENTER_TEXT"}]}
RESULT: {"script":"<script> [776 bytes]","args":[{"enterText":"AutoplanYOmaterial","selector":{"id":"application-manageresources-display-component---newResourceUnit--SHORT_TEXT","interaction":{"idSuffix":"inner"}},"clearTextFirst":true,"interactionType":"ENTER_TEXT"}]}
COMMAND: POST /session/cd477e99f4e247ef02c326ac6df7445e/execute/async - {"script":"<script> [1562 bytes]","args":[{"selector":{"id":"application-manageresources-display-component---newResourceUnit--BASE_UNIT_OF_MEASURE","interaction":{"idSuffix":"inner"}},"wdio_ui5_key":"applicationmanageresources-display-component---newResourceUnit--BASE_UNIT_OF_MEASURE"}]}
RESULT: {"script":"<script> [1562 bytes]","args":[{"selector":{"id":"application-manageresources-display-component---newResourceUnit--BASE_UNIT_OF_MEASURE","interaction":{"idSuffix":"inner"}},"wdio_ui5_key":"applicationmanageresources-display-component---newResourceUnit--BASE_UNIT_OF_MEASURE"}]}
RESULT: undefined
COMMAND: POST /session/cd477e99f4e247ef02c326ac6df7445e/execute/async - {"script":"<script> [776 bytes]","args":[{"enterText":"Piece","selector":{"id":"application-manageresources-display-component---newResourceUnit--BASE_UNIT_OF_MEASURE","interaction":{"idSuffix":"inner"}},"clearTextFirst":true,"interactionType":"ENTER_TEXT"}]}
RESULT: {"script":"<script> [776 bytes]","args":[{"enterText":"Piece","selector":{"id":"application-manageresources-display-component---newResourceUnit--BASE_UNIT_OF_MEASURE","interaction":{"idSuffix":"inner"}},"clearTextFirst":true,"interactionType":"ENTER_TEXT"}]}
COMMAND: POST /session/cd477e99f4e247ef02c326ac6df7445e/execute/async - {"script":"<script> [1562 bytes]","args":[{"selector":{"id":"application-manageresources-display-component---newResourceUnit--WEIGHT_UNIT","interaction":{"idSuffix":"inner"}},"wdio_ui5_key":"applicationmanageresources-display-component---newResourceUnit--WEIGHT_UNIT"}]}
RESULT: {"script":"<script> [1562 bytes]","args":[{"selector":{"id":"application-manageresources-display-component---newResourceUnit--WEIGHT_UNIT","interaction":{"idSuffix":"inner"}},"wdio_ui5_key":"applicationmanageresources-display-component---newResourceUnit--WEIGHT_UNIT"}]}
RESULT: undefined
COMMAND: POST /session/cd477e99f4e247ef02c326ac6df7445e/execute/async - {"script":"<script> [776 bytes]","args":[{"enterText":"Gram","selector":{"id":"application-manageresources-display-component---newResourceUnit--WEIGHT_UNIT","interaction":{"idSuffix":"inner"}},"clearTextFirst":true,"interactionType":"ENTER_TEXT"}]}
RESULT: {"script":"<script> [776 bytes]","args":[{"enterText":"Gram","selector":{"id":"application-manageresources-display-component---newResourceUnit--WEIGHT_UNIT","interaction":{"idSuffix":"inner"}},"clearTextFirst":true,"interactionType":"ENTER_TEXT"}]}
COMMAND: POST /session/cd477e99f4e247ef02c326ac6df7445e/execute/async - {"script":"<script> [1562 bytes]","args":[{"selector":{"id":"application-manageresources-display-component---newResourceUnit--DIMENSION_UNIT","interaction":{"idSuffix":"inner"}},"wdio_ui5_key":"applicationmanageresources-display-component---newResourceUnit--DIMENSION_UNIT"}]}
RESULT: {"script":"<script> [1562 bytes]","args":[{"selector":{"id":"application-manageresources-display-component---newResourceUnit--DIMENSION_UNIT","interaction":{"idSuffix":"inner"}},"wdio_ui5_key":"applicationmanageresources-display-component---newResourceUnit--DIMENSION_UNIT"}]}
RESULT: undefined
COMMAND: POST /session/cd477e99f4e247ef02c326ac6df7445e/execute/async - {"script":"<script> [776 bytes]","args":[{"enterText":"Meter","selector":{"id":"application-manageresources-display-component---newResourceUnit--DIMENSION_UNIT","interaction":{"idSuffix":"inner"}},"clearTextFirst":true,"interactionType":"ENTER_TEXT"}]}
RESULT: {"script":"<script> [776 bytes]","args":[{"enterText":"Meter","selector":{"id":"application-manageresources-display-component---newResourceUnit--DIMENSION_UNIT","interaction":{"idSuffix":"inner"}},"clearTextFirst":true,"interactionType":"ENTER_TEXT"}]}
COMMAND: POST /session/cd477e99f4e247ef02c326ac6df7445e/execute/async - {"script":"<script> [1562 bytes]","args":[{"selector":{"id":"application-manageresources-display-component---newResourceUnit--PLANNING_GROUP","interaction":{"idSuffix":"inner"}},"wdio_ui5_key":"applicationmanageresources-display-component---newResourceUnit--PLANNING_GROUP"}]}
RESULT: {"script":"<script> [1562 bytes]","args":[{"selector":{"id":"application-manageresources-display-component---newResourceUnit--PLANNING_GROUP","interaction":{"idSuffix":"inner"}},"wdio_ui5_key":"applicationmanageresources-display-component---newResourceUnit--PLANNING_GROUP"}]}
RESULT: undefined
COMMAND: POST /session/cd477e99f4e247ef02c326ac6df7445e/execute/async - {"script":"<script> [776 bytes]","args":[{"enterText":"Heavy","selector":{"id":"application-manageresources-display-component---newResourceUnit--PLANNING_GROUP","interaction":{"idSuffix":"inner"}},"clearTextFirst":true,"interactionType":"ENTER_TEXT"}]}
RESULT: {"script":"<script> [776 bytes]","args":[{"enterText":"Heavy","selector":{"id":"application-manageresources-display-component---newResourceUnit--PLANNING_GROUP","interaction":{"idSuffix":"inner"}},"clearTextFirst":true,"interactionType":"ENTER_TEXT"}]}
COMMAND: POST /session/cd477e99f4e247ef02c326ac6df7445e/execute/async - {"script":"<script> [1562 bytes]","args":[{"selector":{"id":"application-manageresources-display-component---newResourceUnit--PLANNING_INDICATOR","interaction":{"idSuffix":"inner"}},"wdio_ui5_key":"applicationmanageresources-display-component---newResourceUnit--PLANNING_INDICATOR"}]}
RESULT: {"script":"<script> [1562 bytes]","args":[{"selector":{"id":"application-manageresources-display-component---newResourceUnit--PLANNING_INDICATOR","interaction":{"idSuffix":"inner"}},"wdio_ui5_key":"applicationmanageresources-display-component---newResourceUnit--PLANNING_INDICATOR"}]}
RESULT: undefined
COMMAND: POST /session/cd477e99f4e247ef02c326ac6df7445e/execute/async - {"script":"<script> [776 bytes]","args":[{"enterText":"10 - infinite","selector":{"id":"application-manageresources-display-component---newResourceUnit--PLANNING_INDICATOR","interaction":{"idSuffix":"inner"}},"clearTextFirst":true,"interactionType":"ENTER_TEXT"}]}
RESULT: {"script":"<script> [776 bytes]","args":[{"enterText":"10 - infinite","selector":{"id":"application-manageresources-display-component---newResourceUnit--PLANNING_INDICATOR","interaction":{"idSuffix":"inner"}},"clearTextFirst":true,"interactionType":"ENTER_TEXT"}]}
COMMAND: POST /session/cd477e99f4e247ef02c326ac6df7445e/actions - {"actions":[{"id":"action35","type":"key","parameters":{},"actions":[{"type":"keyDown","value":"î€‡"},{"type":"pause","duration":10},{"type":"keyUp","value":"î€‡"}]}]}
RESULT: {"actions":[{"id":"action35","type":"key","parameters":{},"actions":[{"type":"keyDown","value":"î€‡"},{"type":"pause","duration":10},{"type":"keyUp","value":"î€‡"}]}]}
COMMAND: POST /session/cd477e99f4e247ef02c326ac6df7445e/execute/async - {"script":"<script> [1562 bytes]","args":[{"selector":{"id":"application-manageresources-display-component---newResourceUnit--newRRUPage-anchBar-application-manageresources-display-component---newResourceUnit--control-anchor","interaction":{"idSuffix":"BDI-content"}},"wdio_ui5_key":"applicationmanageresources-display-component---newResourceUnit--newRRUPage-anchBar-application-manageresources-display-component---newResourceUnit--control-anchor"}]}
COMMAND: GET /session/cd477e99f4e247ef02c326ac6df7445e/screenshot - {}
RESULT: {"script":"<script> [1562 bytes]","args":[{"selector":{"id":"application-manageresources-display-component---newResourceUnit--newRRUPage-anchBar-application-manageresources-display-component---newResourceUnit--control-anchor","interaction":{"idSuffix":"BDI-content"}},"wdio_ui5_key":"applicationmanageresources-display-component---newResourceUnit--newRRUPage-anchBar-application-manageresources-display-component---newResourceUnit--control-anchor"}]}
RESULT: undefined
COMMAND: POST /session/cd477e99f4e247ef02c326ac6df7445e/element - {"using":"xpath","value":"//*[@id=\"application-manageresources-display-component---newResourceUnit--newRRUPage-anchBar-application-manageresources-display-component---newResourceUnit--control-anchor\"]"}
RESULT: {}
RESULT: {"using":"xpath","value":"//*[@id=\"application-manageresources-display-component---newResourceUnit--newRRUPage-anchBar-application-manageresources-display-component---newResourceUnit--control-anchor\"]"}
COMMAND: POST /session/cd477e99f4e247ef02c326ac6df7445e/element/f.375AD1BF2998C782D6149A43C57C8E27.d.879117A4DB604E52B5D6AE27C98D25A7.e.15854/click - {}
RESULT: {}
COMMAND: POST /session/cd477e99f4e247ef02c326ac6df7445e/execute/async - {"script":"<script> [1562 bytes]","args":[{"selector":{"id":"application-manageresources-display-component---newResourceUnit--btnAddTimeSegment-img"},"wdio_ui5_key":"applicationmanageresources-display-component---newResourceUnit--btnAddTimeSegment-img"}]}
COMMAND: GET /session/cd477e99f4e247ef02c326ac6df7445e/screenshot - {}
RESULT: {"script":"<script> [1562 bytes]","args":[{"selector":{"id":"application-manageresources-display-component---newResourceUnit--btnAddTimeSegment-img"},"wdio_ui5_key":"applicationmanageresources-display-component---newResourceUnit--btnAddTimeSegment-img"}]}
RESULT: undefined
COMMAND: POST /session/cd477e99f4e247ef02c326ac6df7445e/element - {"using":"xpath","value":"//*[@id=\"application-manageresources-display-component---newResourceUnit--btnAddTimeSegment-img\"]"}
RESULT: {}
RESULT: {"using":"xpath","value":"//*[@id=\"application-manageresources-display-component---newResourceUnit--btnAddTimeSegment-img\"]"}
COMMAND: POST /session/cd477e99f4e247ef02c326ac6df7445e/element/f.375AD1BF2998C782D6149A43C57C8E27.d.879117A4DB604E52B5D6AE27C98D25A7.e.15858/click - {}
RESULT: {}
COMMAND: POST /session/cd477e99f4e247ef02c326ac6df7445e/element - {"using":"xpath","value":"//input[@id=\"application-manageresources-display-component---newResourceUnit--idRuTSAdmin-application-manageresources-display-component---newResourceUnit--RUTimeSegment-0-inner\"]"}
COMMAND: GET /session/cd477e99f4e247ef02c326ac6df7445e/screenshot - {}
RESULT: {"using":"xpath","value":"//input[@id=\"application-manageresources-display-component---newResourceUnit--idRuTSAdmin-application-manageresources-display-component---newResourceUnit--RUTimeSegment-0-inner\"]"}
COMMAND: POST /session/cd477e99f4e247ef02c326ac6df7445e/element/f.375AD1BF2998C782D6149A43C57C8E27.d.879117A4DB604E52B5D6AE27C98D25A7.e.15861/clear - {}
RESULT: {}
RESULT: {}
COMMAND: POST /session/cd477e99f4e247ef02c326ac6df7445e/element/f.375AD1BF2998C782D6149A43C57C8E27.d.879117A4DB604E52B5D6AE27C98D25A7.e.15861/value - {"text":"Webdriver Yard"}
COMMAND: GET /session/cd477e99f4e247ef02c326ac6df7445e/screenshot - {}
RESULT: {"text":"Webdriver Yard"}
COMMAND: GET /session/cd477e99f4e247ef02c326ac6df7445e/screenshot - {}
RESULT: {}
RESULT: {}
COMMAND: POST /session/cd477e99f4e247ef02c326ac6df7445e/actions - {"actions":[{"id":"action36","type":"key","parameters":{},"actions":[{"type":"keyDown","value":"î€‡"},{"type":"pause","duration":10},{"type":"keyUp","value":"î€‡"}]}]}
RESULT: {"actions":[{"id":"action36","type":"key","parameters":{},"actions":[{"type":"keyDown","value":"î€‡"},{"type":"pause","duration":10},{"type":"keyUp","value":"î€‡"}]}]}
COMMAND: GET /session/cd477e99f4e247ef02c326ac6df7445e/screenshot - {}
RESULT: {}
COMMAND: POST /session/cd477e99f4e247ef02c326ac6df7445e/element - {"using":"xpath","value":"//*[contains(text(), \"Catalogs\")][contains(@id ,\"application-manageresources-display-component---newResourceUnit--newRRUPage-anchBar\")]"}
RESULT: {"using":"xpath","value":"//*[contains(text(), \"Catalogs\")][contains(@id ,\"application-manageresources-display-component---newResourceUnit--newRRUPage-anchBar\")]"}
COMMAND: POST /session/cd477e99f4e247ef02c326ac6df7445e/element/f.375AD1BF2998C782D6149A43C57C8E27.d.879117A4DB604E52B5D6AE27C98D25A7.e.15872/click - {}
RESULT: {}
COMMAND: GET /session/cd477e99f4e247ef02c326ac6df7445e/screenshot - {}
RESULT: {}
COMMAND: POST /session/cd477e99f4e247ef02c326ac6df7445e/element - {"using":"xpath","value":"//*[contains(text(), \"Assign\")][contains(@id ,\"button\")]"}
RESULT: {"using":"xpath","value":"//*[contains(text(), \"Assign\")][contains(@id ,\"button\")]"}
COMMAND: POST /session/cd477e99f4e247ef02c326ac6df7445e/element/f.375AD1BF2998C782D6149A43C57C8E27.d.879117A4DB604E52B5D6AE27C98D25A7.e.15877/click - {}
RESULT: {}
COMMAND: GET /session/cd477e99f4e247ef02c326ac6df7445e/screenshot - {}
RESULT: {}
COMMAND: POST /session/cd477e99f4e247ef02c326ac6df7445e/element - {"using":"xpath","value":"//input[@id=\"application-manageresources-display-component---newResourceUnit--catalogSelect-inner\"]"}
RESULT: {"using":"xpath","value":"//input[@id=\"application-manageresources-display-component---newResourceUnit--catalogSelect-inner\"]"}
COMMAND: POST /session/cd477e99f4e247ef02c326ac6df7445e/element/f.375AD1BF2998C782D6149A43C57C8E27.d.879117A4DB604E52B5D6AE27C98D25A7.e.15880/clear - {}
RESULT: {}
COMMAND: POST /session/cd477e99f4e247ef02c326ac6df7445e/element/f.375AD1BF2998C782D6149A43C57C8E27.d.879117A4DB604E52B5D6AE27C98D25A7.e.15880/value - {"text":"Webshop"}
COMMAND: GET /session/cd477e99f4e247ef02c326ac6df7445e/screenshot - {}
RESULT: {"text":"Webshop"}
COMMAND: GET /session/cd477e99f4e247ef02c326ac6df7445e/screenshot - {}
RESULT: {}
RESULT: {}
COMMAND: POST /session/cd477e99f4e247ef02c326ac6df7445e/actions - {"actions":[{"id":"action37","type":"key","parameters":{},"actions":[{"type":"keyDown","value":"î€‡"},{"type":"pause","duration":10},{"type":"keyUp","value":"î€‡"}]}]}
RESULT: {"actions":[{"id":"action37","type":"key","parameters":{},"actions":[{"type":"keyDown","value":"î€‡"},{"type":"pause","duration":10},{"type":"keyUp","value":"î€‡"}]}]}
COMMAND: GET /session/cd477e99f4e247ef02c326ac6df7445e/screenshot - {}
RESULT: {}
COMMAND: POST /session/cd477e99f4e247ef02c326ac6df7445e/element - {"using":"xpath","value":"//input[@id=\"application-manageresources-display-component---newResourceUnit--catalogItemSelect-inner\"]"}
RESULT: {"using":"xpath","value":"//input[@id=\"application-manageresources-display-component---newResourceUnit--catalogItemSelect-inner\"]"}
COMMAND: POST /session/cd477e99f4e247ef02c326ac6df7445e/element/f.375AD1BF2998C782D6149A43C57C8E27.d.879117A4DB604E52B5D6AE27C98D25A7.e.15882/clear - {}
RESULT: {}
COMMAND: POST /session/cd477e99f4e247ef02c326ac6df7445e/element/f.375AD1BF2998C782D6149A43C57C8E27.d.879117A4DB604E52B5D6AE27C98D25A7.e.15882/value - {"text":"Concert"}
COMMAND: GET /session/cd477e99f4e247ef02c326ac6df7445e/screenshot - {}
RESULT: {"text":"Concert"}
COMMAND: GET /session/cd477e99f4e247ef02c326ac6df7445e/screenshot - {}
RESULT: {}
RESULT: {}
COMMAND: POST /session/cd477e99f4e247ef02c326ac6df7445e/actions - {"actions":[{"id":"action38","type":"key","parameters":{},"actions":[{"type":"keyDown","value":"î€•"},{"type":"pause","duration":10},{"type":"keyUp","value":"î€•"}]}]}
RESULT: {"actions":[{"id":"action38","type":"key","parameters":{},"actions":[{"type":"keyDown","value":"î€•"},{"type":"pause","duration":10},{"type":"keyUp","value":"î€•"}]}]}
COMMAND: POST /session/cd477e99f4e247ef02c326ac6df7445e/actions - {"actions":[{"id":"action39","type":"key","parameters":{},"actions":[{"type":"keyDown","value":"î€‡"},{"type":"pause","duration":10},{"type":"keyUp","value":"î€‡"}]}]}
COMMAND: GET /session/cd477e99f4e247ef02c326ac6df7445e/screenshot - {}
RESULT: {"actions":[{"id":"action39","type":"key","parameters":{},"actions":[{"type":"keyDown","value":"î€‡"},{"type":"pause","duration":10},{"type":"keyUp","value":"î€‡"}]}]}
COMMAND: POST /session/cd477e99f4e247ef02c326ac6df7445e/execute/async - {"script":"<script> [1562 bytes]","args":[{"selector":{"id":"application-manageresources-display-component---newResourceUnit--RUAssignmentSaveButton","searchOpenDialogs":true,"interaction":{"idSuffix":"BDI-content"}},"wdio_ui5_key":"applicationmanageresources-display-component---newResourceUnit--RUAssignmentSaveButton"}]}
COMMAND: GET /session/cd477e99f4e247ef02c326ac6df7445e/screenshot - {}
RESULT: {}
RESULT: {"script":"<script> [1562 bytes]","args":[{"selector":{"id":"application-manageresources-display-component---newResourceUnit--RUAssignmentSaveButton","searchOpenDialogs":true,"interaction":{"idSuffix":"BDI-content"}},"wdio_ui5_key":"applicationmanageresources-display-component---newResourceUnit--RUAssignmentSaveButton"}]}
RESULT: undefined
COMMAND: POST /session/cd477e99f4e247ef02c326ac6df7445e/element - {"using":"xpath","value":"//*[@id=\"application-manageresources-display-component---newResourceUnit--RUAssignmentSaveButton\"]"}
RESULT: {}
RESULT: {"using":"xpath","value":"//*[@id=\"application-manageresources-display-component---newResourceUnit--RUAssignmentSaveButton\"]"}
COMMAND: POST /session/cd477e99f4e247ef02c326ac6df7445e/element/f.375AD1BF2998C782D6149A43C57C8E27.d.879117A4DB604E52B5D6AE27C98D25A7.e.15903/click - {}
RESULT: {}
COMMAND: GET /session/cd477e99f4e247ef02c326ac6df7445e/screenshot - {}
RESULT: {}
COMMAND: POST /session/cd477e99f4e247ef02c326ac6df7445e/element - {"using":"xpath","value":"//bdi[@id=\"application-manageresources-display-component---newResourceUnit--createRuButton-BDI-content\" and text()=\"Save\"]"}
RESULT: {"using":"xpath","value":"//bdi[@id=\"application-manageresources-display-component---newResourceUnit--createRuButton-BDI-content\" and text()=\"Save\"]"}
COMMAND: POST /session/cd477e99f4e247ef02c326ac6df7445e/execute/sync - {"script":"<script> [8489 bytes]","args":[{"element-6066-11e4-a52e-4f735466cecf":"f.375AD1BF2998C782D6149A43C57C8E27.d.879117A4DB604E52B5D6AE27C98D25A7.e.15913","ELEMENT":"f.375AD1BF2998C782D6149A43C57C8E27.d.879117A4DB604E52B5D6AE27C98D25A7.e.15913"}]}
RESULT: {"script":"<script> [8489 bytes]","args":[{"element-6066-11e4-a52e-4f735466cecf":"f.375AD1BF2998C782D6149A43C57C8E27.d.879117A4DB604E52B5D6AE27C98D25A7.e.15913","ELEMENT":"f.375AD1BF2998C782D6149A43C57C8E27.d.879117A4DB604E52B5D6AE27C98D25A7.e.15913"}]}
COMMAND: POST /session/cd477e99f4e247ef02c326ac6df7445e/execute/sync - {"script":"<script> [5351 bytes]","args":[{"element-6066-11e4-a52e-4f735466cecf":"f.375AD1BF2998C782D6149A43C57C8E27.d.879117A4DB604E52B5D6AE27C98D25A7.e.15913","ELEMENT":"f.375AD1BF2998C782D6149A43C57C8E27.d.879117A4DB604E52B5D6AE27C98D25A7.e.15913"}]}
COMMAND: GET /session/cd477e99f4e247ef02c326ac6df7445e/screenshot - {}
RESULT: {"script":"<script> [5351 bytes]","args":[{"element-6066-11e4-a52e-4f735466cecf":"f.375AD1BF2998C782D6149A43C57C8E27.d.879117A4DB604E52B5D6AE27C98D25A7.e.15913","ELEMENT":"f.375AD1BF2998C782D6149A43C57C8E27.d.879117A4DB604E52B5D6AE27C98D25A7.e.15913"}]}
COMMAND: POST /session/cd477e99f4e247ef02c326ac6df7445e/element/f.375AD1BF2998C782D6149A43C57C8E27.d.879117A4DB604E52B5D6AE27C98D25A7.e.15913/click - {}
COMMAND: GET /session/cd477e99f4e247ef02c326ac6df7445e/screenshot - {}
RESULT: {}
RESULT: {}
COMMAND: GET /session/cd477e99f4e247ef02c326ac6df7445e/screenshot - {}
RESULT: {}
RESULT: {}
COMMAND: POST /session/cd477e99f4e247ef02c326ac6df7445e/element - {"using":"xpath","value":"//bdi[contains(@id, \"BDI-content\") and text()=\"Close\"]"}
RESULT: {"using":"xpath","value":"//bdi[contains(@id, \"BDI-content\") and text()=\"Close\"]"}
COMMAND: POST /session/cd477e99f4e247ef02c326ac6df7445e/execute/sync - {"script":"<script> [8489 bytes]","args":[{"element-6066-11e4-a52e-4f735466cecf":"f.375AD1BF2998C782D6149A43C57C8E27.d.879117A4DB604E52B5D6AE27C98D25A7.e.15917","ELEMENT":"f.375AD1BF2998C782D6149A43C57C8E27.d.879117A4DB604E52B5D6AE27C98D25A7.e.15917"}]}
RESULT: {"script":"<script> [8489 bytes]","args":[{"element-6066-11e4-a52e-4f735466cecf":"f.375AD1BF2998C782D6149A43C57C8E27.d.879117A4DB604E52B5D6AE27C98D25A7.e.15917","ELEMENT":"f.375AD1BF2998C782D6149A43C57C8E27.d.879117A4DB604E52B5D6AE27C98D25A7.e.15917"}]}
COMMAND: POST /session/cd477e99f4e247ef02c326ac6df7445e/execute/sync - {"script":"<script> [5351 bytes]","args":[{"element-6066-11e4-a52e-4f735466cecf":"f.375AD1BF2998C782D6149A43C57C8E27.d.879117A4DB604E52B5D6AE27C98D25A7.e.15917","ELEMENT":"f.375AD1BF2998C782D6149A43C57C8E27.d.879117A4DB604E52B5D6AE27C98D25A7.e.15917"}]}
COMMAND: GET /session/cd477e99f4e247ef02c326ac6df7445e/screenshot - {}
RESULT: {"script":"<script> [5351 bytes]","args":[{"element-6066-11e4-a52e-4f735466cecf":"f.375AD1BF2998C782D6149A43C57C8E27.d.879117A4DB604E52B5D6AE27C98D25A7.e.15917","ELEMENT":"f.375AD1BF2998C782D6149A43C57C8E27.d.879117A4DB604E52B5D6AE27C98D25A7.e.15917"}]}
COMMAND: POST /session/cd477e99f4e247ef02c326ac6df7445e/element/f.375AD1BF2998C782D6149A43C57C8E27.d.879117A4DB604E52B5D6AE27C98D25A7.e.15917/click - {}
COMMAND: GET /session/cd477e99f4e247ef02c326ac6df7445e/screenshot - {}
RESULT: {}
RESULT: {}
COMMAND: GET /session/cd477e99f4e247ef02c326ac6df7445e/screenshot - {}
RESULT: {}
RESULT: {}
COMMAND: POST /session/cd477e99f4e247ef02c326ac6df7445e/execute/async - {"script":"<script> [1562 bytes]","args":[{"selector":{"controlType":"sap.m.Text","viewName":"etm.portal.ui.manageresources.view.Detail","viewId":"application-manageresources-display-component---detailRU","bindingPath":{"propertyPath":"ID","modelName":"catalogModel"}},"wdio_ui5_key":"etmportal.ui.manageresources.view.Detailsap.m.Text{\"propertyPath\":\"ID\",\"modelName\":\"catalogModel\"}"}]}
RESULT: {"script":"<script> [1562 bytes]","args":[{"selector":{"controlType":"sap.m.Text","viewName":"etm.portal.ui.manageresources.view.Detail","viewId":"application-manageresources-display-component---detailRU","bindingPath":{"propertyPath":"ID","modelName":"catalogModel"}},"wdio_ui5_key":"etmportal.ui.manageresources.view.Detailsap.m.Text{\"propertyPath\":\"ID\",\"modelName\":\"catalogModel\"}"}]}
RESULT: undefined
COMMAND: POST /session/cd477e99f4e247ef02c326ac6df7445e/execute/async - {"script":"<script> [6424 bytes]","args":[{"element-6066-11e4-a52e-4f735466cecf":"f.375AD1BF2998C782D6149A43C57C8E27.d.879117A4DB604E52B5D6AE27C98D25A7.e.15950"},"getText",[]]}
RESULT: {"script":"<script> [6424 bytes]","args":[{"element-6066-11e4-a52e-4f735466cecf":"f.375AD1BF2998C782D6149A43C57C8E27.d.879117A4DB604E52B5D6AE27C98D25A7.e.15950"},"getText",[]]}
COMMAND: POST /session/cd477e99f4e247ef02c326ac6df7445e/element - {"using":"css selector","value":"#shell-header-logo"}
RESULT: {"using":"css selector","value":"#shell-header-logo"}
COMMAND: POST /session/cd477e99f4e247ef02c326ac6df7445e/element/f.375AD1BF2998C782D6149A43C57C8E27.d.879117A4DB604E52B5D6AE27C98D25A7.e.15313/click - {}
RESULT: {}
COMMAND: GET /session/cd477e99f4e247ef02c326ac6df7445e/screenshot - {}
RESULT: {}
]]></system-out>
    </testcase>
    <testcase classname="chrome.135_0_7049_96.windows.Yard_Overview_Autoplanning_US130989" name="Should create a new request and add the material" time="80.514">
      <system-out><![CDATA[
COMMAND: POST /session/cd477e99f4e247ef02c326ac6df7445e/execute/async - {"script":"<script> [1562 bytes]","args":[{"selector":{"controlType":"sap.m.Text","properties":{"text":"Manage Requests"},"interaction":{"idSuffix":"inner"}},"wdio_ui5_key":"sapm.Text{\"text\":\"Manage Requests\"}"}]}
RESULT: {"script":"<script> [1562 bytes]","args":[{"selector":{"controlType":"sap.m.Text","properties":{"text":"Manage Requests"},"interaction":{"idSuffix":"inner"}},"wdio_ui5_key":"sapm.Text{\"text\":\"Manage Requests\"}"}]}
RESULT: undefined
COMMAND: POST /session/cd477e99f4e247ef02c326ac6df7445e/element - {"using":"xpath","value":"//*[@id=\"__tile39-title\"]"}
RESULT: {"using":"xpath","value":"//*[@id=\"__tile39-title\"]"}
COMMAND: POST /session/cd477e99f4e247ef02c326ac6df7445e/element/f.375AD1BF2998C782D6149A43C57C8E27.d.879117A4DB604E52B5D6AE27C98D25A7.e.15953/click - {}
RESULT: {}
COMMAND: GET /session/cd477e99f4e247ef02c326ac6df7445e/screenshot - {}
RESULT: {}
COMMAND: POST /session/cd477e99f4e247ef02c326ac6df7445e/execute/async - {"script":"<script> [1562 bytes]","args":[{"selector":{"id":"btnCreateNew","viewName":"etm.portal.ui.managerequests.view.Master","interaction":{"idSuffix":"inner"}},"wdio_ui5_key":"btnCreateNewetmportal.ui.managerequests.view.Master"}]}
RESULT: {"script":"<script> [1562 bytes]","args":[{"selector":{"id":"btnCreateNew","viewName":"etm.portal.ui.managerequests.view.Master","interaction":{"idSuffix":"inner"}},"wdio_ui5_key":"btnCreateNewetmportal.ui.managerequests.view.Master"}]}
RESULT: undefined
COMMAND: POST /session/cd477e99f4e247ef02c326ac6df7445e/element - {"using":"xpath","value":"//*[@id=\"__xmlview58--btnCreateNew\"]"}
RESULT: {"using":"xpath","value":"//*[@id=\"__xmlview58--btnCreateNew\"]"}
COMMAND: POST /session/cd477e99f4e247ef02c326ac6df7445e/element/f.375AD1BF2998C782D6149A43C57C8E27.d.879117A4DB604E52B5D6AE27C98D25A7.e.16010/click - {}
RESULT: {}
COMMAND: GET /session/cd477e99f4e247ef02c326ac6df7445e/screenshot - {}
RESULT: {}
COMMAND: POST /session/cd477e99f4e247ef02c326ac6df7445e/execute/async - {"script":"<script> [1562 bytes]","args":[{"selector":{"controlType":"sap.ui.core.Icon","viewName":"etm.portal.ui.managerequests.view.NewRequest","properties":{"src":{"regex":{"source":"full\\-screen"}}}},"wdio_ui5_key":"etmportal.ui.managerequests.view.NewRequestsap.ui.core.Icon{\"src\":{\"regex\":{\"source\":\"full\\\\-screen\"}}}"}]}
RESULT: {"script":"<script> [1562 bytes]","args":[{"selector":{"controlType":"sap.ui.core.Icon","viewName":"etm.portal.ui.managerequests.view.NewRequest","properties":{"src":{"regex":{"source":"full\\-screen"}}}},"wdio_ui5_key":"etmportal.ui.managerequests.view.NewRequestsap.ui.core.Icon{\"src\":{\"regex\":{\"source\":\"full\\\\-screen\"}}}"}]}
RESULT: undefined
COMMAND: POST /session/cd477e99f4e247ef02c326ac6df7445e/element - {"using":"xpath","value":"//*[@id=\"__button75-img\"]"}
RESULT: {"using":"xpath","value":"//*[@id=\"__button75-img\"]"}
COMMAND: POST /session/cd477e99f4e247ef02c326ac6df7445e/element/f.375AD1BF2998C782D6149A43C57C8E27.d.879117A4DB604E52B5D6AE27C98D25A7.e.16397/click - {}
RESULT: {}
COMMAND: GET /session/cd477e99f4e247ef02c326ac6df7445e/screenshot - {}
RESULT: {}
COMMAND: POST /session/cd477e99f4e247ef02c326ac6df7445e/element - {"using":"xpath","value":"//input[contains(@id ,\"yardId-inner\")]"}
RESULT: {"using":"xpath","value":"//input[contains(@id ,\"yardId-inner\")]"}
COMMAND: POST /session/cd477e99f4e247ef02c326ac6df7445e/element/f.375AD1BF2998C782D6149A43C57C8E27.d.879117A4DB604E52B5D6AE27C98D25A7.e.16246/value - {"text":"Webdriver Yard"}
RESULT: {"text":"Webdriver Yard"}
COMMAND: GET /session/cd477e99f4e247ef02c326ac6df7445e/screenshot - {}
RESULT: {}
COMMAND: POST /session/cd477e99f4e247ef02c326ac6df7445e/actions - {"actions":[{"id":"action40","type":"key","parameters":{},"actions":[{"type":"keyDown","value":"î€‡"},{"type":"pause","duration":10},{"type":"keyUp","value":"î€‡"}]}]}
RESULT: {"actions":[{"id":"action40","type":"key","parameters":{},"actions":[{"type":"keyDown","value":"î€‡"},{"type":"pause","duration":10},{"type":"keyUp","value":"î€‡"}]}]}
COMMAND: GET /session/cd477e99f4e247ef02c326ac6df7445e/screenshot - {}
RESULT: {}
COMMAND: POST /session/cd477e99f4e247ef02c326ac6df7445e/element - {"using":"xpath","value":"//input[contains(@id ,\"customerNumber-inner\")]"}
RESULT: {"using":"xpath","value":"//input[contains(@id ,\"customerNumber-inner\")]"}
COMMAND: POST /session/cd477e99f4e247ef02c326ac6df7445e/element/f.375AD1BF2998C782D6149A43C57C8E27.d.879117A4DB604E52B5D6AE27C98D25A7.e.16240/clear - {}
RESULT: {}
COMMAND: POST /session/cd477e99f4e247ef02c326ac6df7445e/element/f.375AD1BF2998C782D6149A43C57C8E27.d.879117A4DB604E52B5D6AE27C98D25A7.e.16240/value - {"text":"WebdriverPartner"}
COMMAND: GET /session/cd477e99f4e247ef02c326ac6df7445e/screenshot - {}
RESULT: {"text":"WebdriverPartner"}
COMMAND: GET /session/cd477e99f4e247ef02c326ac6df7445e/screenshot - {}
RESULT: {}
RESULT: {}
COMMAND: POST /session/cd477e99f4e247ef02c326ac6df7445e/actions - {"actions":[{"id":"action41","type":"key","parameters":{},"actions":[{"type":"keyDown","value":"î€‡"},{"type":"pause","duration":10},{"type":"keyUp","value":"î€‡"}]}]}
RESULT: {"actions":[{"id":"action41","type":"key","parameters":{},"actions":[{"type":"keyDown","value":"î€‡"},{"type":"pause","duration":10},{"type":"keyUp","value":"î€‡"}]}]}
COMMAND: GET /session/cd477e99f4e247ef02c326ac6df7445e/screenshot - {}
RESULT: {}
COMMAND: POST /session/cd477e99f4e247ef02c326ac6df7445e/element - {"using":"xpath","value":"//button[contains(@id ,\"btnAddTableRow\")]"}
RESULT: {"using":"xpath","value":"//button[contains(@id ,\"btnAddTableRow\")]"}
COMMAND: POST /session/cd477e99f4e247ef02c326ac6df7445e/element/f.375AD1BF2998C782D6149A43C57C8E27.d.879117A4DB604E52B5D6AE27C98D25A7.e.16218/click - {}
RESULT: {}
COMMAND: GET /session/cd477e99f4e247ef02c326ac6df7445e/screenshot - {}
RESULT: {}
COMMAND: POST /session/cd477e99f4e247ef02c326ac6df7445e/actions - {"actions":[{"id":"action42","type":"key","parameters":{},"actions":[{"type":"keyDown","value":"î€•"},{"type":"pause","duration":10},{"type":"keyUp","value":"î€•"}]}]}
RESULT: {"actions":[{"id":"action42","type":"key","parameters":{},"actions":[{"type":"keyDown","value":"î€•"},{"type":"pause","duration":10},{"type":"keyUp","value":"î€•"}]}]}
COMMAND: POST /session/cd477e99f4e247ef02c326ac6df7445e/actions - {"actions":[{"id":"action43","type":"key","parameters":{},"actions":[{"type":"keyDown","value":"î€‡"},{"type":"pause","duration":10},{"type":"keyUp","value":"î€‡"}]}]}
COMMAND: GET /session/cd477e99f4e247ef02c326ac6df7445e/screenshot - {}
RESULT: {"actions":[{"id":"action43","type":"key","parameters":{},"actions":[{"type":"keyDown","value":"î€‡"},{"type":"pause","duration":10},{"type":"keyUp","value":"î€‡"}]}]}
COMMAND: POST /session/cd477e99f4e247ef02c326ac6df7445e/execute/async - {"script":"<script> [1562 bytes]","args":[{"selector":{"controlType":"etm.portal.ui.reusables.customControls.LiveSearchComboBox","viewName":"etm.portal.ui.managerequests.view.NewRequest","bindingPath":{"path":"/RequestItems/0","propertyPath":"CATALOG_ITEM","modelName":"newRequestItems"},"interaction":{"idSuffix":"inner"}},"wdio_ui5_key":"etmportal.ui.managerequests.view.NewRequestetm.portal.ui.reusables.customControls.LiveSearchComboBox{\"path\":\"/RequestItems/0\",\"propertyPath\":\"CATALOG_ITEM\",\"modelName\":\"newRequestItems\"}"}]}
COMMAND: GET /session/cd477e99f4e247ef02c326ac6df7445e/screenshot - {}
RESULT: {}
RESULT: {"script":"<script> [1562 bytes]","args":[{"selector":{"controlType":"etm.portal.ui.reusables.customControls.LiveSearchComboBox","viewName":"etm.portal.ui.managerequests.view.NewRequest","bindingPath":{"path":"/RequestItems/0","propertyPath":"CATALOG_ITEM","modelName":"newRequestItems"},"interaction":{"idSuffix":"inner"}},"wdio_ui5_key":"etmportal.ui.managerequests.view.NewRequestetm.portal.ui.reusables.customControls.LiveSearchComboBox{\"path\":\"/RequestItems/0\",\"propertyPath\":\"CATALOG_ITEM\",\"modelName\":\"newRequestItems\"}"}]}
RESULT: undefined
COMMAND: POST /session/cd477e99f4e247ef02c326ac6df7445e/execute/async - {"script":"<script> [776 bytes]","args":[{"enterText":"Concert","selector":{"controlType":"etm.portal.ui.reusables.customControls.LiveSearchComboBox","viewName":"etm.portal.ui.managerequests.view.NewRequest","bindingPath":{"path":"/RequestItems/0","propertyPath":"CATALOG_ITEM","modelName":"newRequestItems"},"interaction":{"idSuffix":"inner"}},"clearTextFirst":true,"interactionType":"ENTER_TEXT"}]}
RESULT: {}
RESULT: {"script":"<script> [776 bytes]","args":[{"enterText":"Concert","selector":{"controlType":"etm.portal.ui.reusables.customControls.LiveSearchComboBox","viewName":"etm.portal.ui.managerequests.view.NewRequest","bindingPath":{"path":"/RequestItems/0","propertyPath":"CATALOG_ITEM","modelName":"newRequestItems"},"interaction":{"idSuffix":"inner"}},"clearTextFirst":true,"interactionType":"ENTER_TEXT"}]}
COMMAND: POST /session/cd477e99f4e247ef02c326ac6df7445e/execute/async - {"script":"<script> [1562 bytes]","args":[{"selector":{"controlType":"sap.ui.core.Icon","viewName":"etm.portal.ui.managerequests.view.NewRequest","properties":{"src":{"regex":{"source":"slim\\-arrow\\-down"}}},"ancestor":{"controlType":"sap.m.ColumnListItem","viewName":"etm.portal.ui.managerequests.view.NewRequest","bindingPath":{"modelName":"newRequestItems","path":"/RequestItems/0"},"ancestor":{"id":"requestItemsTable","viewName":"etm.portal.ui.managerequests.view.NewRequest"}}},"wdio_ui5_key":"etmportal.ui.managerequests.view.NewRequestsap.ui.core.Icon{\"src\":{\"regex\":{\"source\":\"slim\\\\-arrow\\\\-down\"}}}{\"controlType\":\"sap.m.ColumnListItem\",\"viewName\":\"etm.portal.ui.managerequests.view.NewRequest\",\"bindingPath\":{\"modelName\":\"newRequestItems\",\"path\":\"/RequestItems/0\"},\"ancestor\":{\"id\":\"requestItemsTable\",\"viewName\":\"etm.portal.ui.managerequests.view.NewRequest\"}}"}]}
RESULT: {"script":"<script> [1562 bytes]","args":[{"selector":{"controlType":"sap.ui.core.Icon","viewName":"etm.portal.ui.managerequests.view.NewRequest","properties":{"src":{"regex":{"source":"slim\\-arrow\\-down"}}},"ancestor":{"controlType":"sap.m.ColumnListItem","viewName":"etm.portal.ui.managerequests.view.NewRequest","bindingPath":{"modelName":"newRequestItems","path":"/RequestItems/0"},"ancestor":{"id":"requestItemsTable","viewName":"etm.portal.ui.managerequests.view.NewRequest"}}},"wdio_ui5_key":"etmportal.ui.managerequests.view.NewRequestsap.ui.core.Icon{\"src\":{\"regex\":{\"source\":\"slim\\\\-arrow\\\\-down\"}}}{\"controlType\":\"sap.m.ColumnListItem\",\"viewName\":\"etm.portal.ui.managerequests.view.NewRequest\",\"bindingPath\":{\"modelName\":\"newRequestItems\",\"path\":\"/RequestItems/0\"},\"ancestor\":{\"id\":\"requestItemsTable\",\"viewName\":\"etm.portal.ui.managerequests.view.NewRequest\"}}"}]}
RESULT: undefined
COMMAND: POST /session/cd477e99f4e247ef02c326ac6df7445e/element - {"using":"xpath","value":"//*[@id=\"__box14-__xmlview59--requestItemsTable-0-arrow\"]"}
RESULT: {"using":"xpath","value":"//*[@id=\"__box14-__xmlview59--requestItemsTable-0-arrow\"]"}
COMMAND: POST /session/cd477e99f4e247ef02c326ac6df7445e/element/f.375AD1BF2998C782D6149A43C57C8E27.d.879117A4DB604E52B5D6AE27C98D25A7.e.16457/click - {}
RESULT: {}
COMMAND: POST /session/cd477e99f4e247ef02c326ac6df7445e/execute/async - {"script":"<script> [1562 bytes]","args":[{"selector":{"controlType":"sap.m.StandardListItem","viewName":"etm.portal.ui.managerequests.view.NewRequest","properties":{"title":"Concert - Concert "},"searchOpenDialogs":true,"interaction":{"idSuffix":"content"}},"wdio_ui5_key":"etmportal.ui.managerequests.view.NewRequestsap.m.StandardListItem{\"title\":\"Concert - Concert \"}"}]}
COMMAND: GET /session/cd477e99f4e247ef02c326ac6df7445e/screenshot - {}
RESULT: {"script":"<script> [1562 bytes]","args":[{"selector":{"controlType":"sap.m.StandardListItem","viewName":"etm.portal.ui.managerequests.view.NewRequest","properties":{"title":"Concert - Concert "},"searchOpenDialogs":true,"interaction":{"idSuffix":"content"}},"wdio_ui5_key":"etmportal.ui.managerequests.view.NewRequestsap.m.StandardListItem{\"title\":\"Concert - Concert \"}"}]}
RESULT: undefined
COMMAND: POST /session/cd477e99f4e247ef02c326ac6df7445e/execute/async - {"script":"<script> [1562 bytes]","args":[{"selector":{"controlType":"sap.ui.core.Icon","viewName":"etm.portal.ui.managerequests.view.NewRequest","properties":{"src":{"regex":{"source":"message\\-error"}}},"ancestor":{"controlType":"sap.m.ColumnListItem","viewName":"etm.portal.ui.managerequests.view.NewRequest","bindingPath":{"modelName":"newRequestItems","path":"/RequestItems/0"},"ancestor":{"id":"requestItemsTable","viewName":"etm.portal.ui.managerequests.view.NewRequest"}}},"wdio_ui5_key":"etmportal.ui.managerequests.view.NewRequestsap.ui.core.Icon{\"src\":{\"regex\":{\"source\":\"message\\\\-error\"}}}{\"controlType\":\"sap.m.ColumnListItem\",\"viewName\":\"etm.portal.ui.managerequests.view.NewRequest\",\"bindingPath\":{\"modelName\":\"newRequestItems\",\"path\":\"/RequestItems/0\"},\"ancestor\":{\"id\":\"requestItemsTable\",\"viewName\":\"etm.portal.ui.managerequests.view.NewRequest\"}}"}]}
RESULT: {}
RESULT: {"script":"<script> [1562 bytes]","args":[{"selector":{"controlType":"sap.ui.core.Icon","viewName":"etm.portal.ui.managerequests.view.NewRequest","properties":{"src":{"regex":{"source":"message\\-error"}}},"ancestor":{"controlType":"sap.m.ColumnListItem","viewName":"etm.portal.ui.managerequests.view.NewRequest","bindingPath":{"modelName":"newRequestItems","path":"/RequestItems/0"},"ancestor":{"id":"requestItemsTable","viewName":"etm.portal.ui.managerequests.view.NewRequest"}}},"wdio_ui5_key":"etmportal.ui.managerequests.view.NewRequestsap.ui.core.Icon{\"src\":{\"regex\":{\"source\":\"message\\\\-error\"}}}{\"controlType\":\"sap.m.ColumnListItem\",\"viewName\":\"etm.portal.ui.managerequests.view.NewRequest\",\"bindingPath\":{\"modelName\":\"newRequestItems\",\"path\":\"/RequestItems/0\"},\"ancestor\":{\"id\":\"requestItemsTable\",\"viewName\":\"etm.portal.ui.managerequests.view.NewRequest\"}}"}]}
RESULT: undefined
COMMAND: POST /session/cd477e99f4e247ef02c326ac6df7445e/element - {"using":"xpath","value":"//*[@id=\"__status10-__xmlview59--requestItemsTable-0-icon\"]"}
RESULT: {"using":"xpath","value":"//*[@id=\"__status10-__xmlview59--requestItemsTable-0-icon\"]"}
COMMAND: POST /session/cd477e99f4e247ef02c326ac6df7445e/element/f.375AD1BF2998C782D6149A43C57C8E27.d.879117A4DB604E52B5D6AE27C98D25A7.e.16458/click - {}
RESULT: {}
COMMAND: POST /session/cd477e99f4e247ef02c326ac6df7445e/execute/async - {"script":"<script> [1562 bytes]","args":[{"selector":{"controlType":"sap.ui.core.Icon","viewName":"etm.portal.ui.managerequests.view.NewRequest","properties":{"src":{"regex":{"source":"slim\\-arrow\\-down"}}},"searchOpenDialogs":true,"ancestor":{"id":"costObjectAdminTypeComboBox","viewName":"etm.portal.ui.managerequests.view.NewRequest","searchOpenDialogs":true}},"wdio_ui5_key":"etmportal.ui.managerequests.view.NewRequestsap.ui.core.Icon{\"src\":{\"regex\":{\"source\":\"slim\\\\-arrow\\\\-down\"}}}{\"id\":\"costObjectAdminTypeComboBox\",\"viewName\":\"etm.portal.ui.managerequests.view.NewRequest\",\"searchOpenDialogs\":true}"}]}
COMMAND: GET /session/cd477e99f4e247ef02c326ac6df7445e/screenshot - {}
RESULT: {"script":"<script> [1562 bytes]","args":[{"selector":{"controlType":"sap.ui.core.Icon","viewName":"etm.portal.ui.managerequests.view.NewRequest","properties":{"src":{"regex":{"source":"slim\\-arrow\\-down"}}},"searchOpenDialogs":true,"ancestor":{"id":"costObjectAdminTypeComboBox","viewName":"etm.portal.ui.managerequests.view.NewRequest","searchOpenDialogs":true}},"wdio_ui5_key":"etmportal.ui.managerequests.view.NewRequestsap.ui.core.Icon{\"src\":{\"regex\":{\"source\":\"slim\\\\-arrow\\\\-down\"}}}{\"id\":\"costObjectAdminTypeComboBox\",\"viewName\":\"etm.portal.ui.managerequests.view.NewRequest\",\"searchOpenDialogs\":true}"}]}
RESULT: undefined
COMMAND: POST /session/cd477e99f4e247ef02c326ac6df7445e/element - {"using":"xpath","value":"//*[@id=\"__xmlview59--costObjectAdminTypeComboBox-arrow\"]"}
RESULT: {}
RESULT: {"using":"xpath","value":"//*[@id=\"__xmlview59--costObjectAdminTypeComboBox-arrow\"]"}
COMMAND: POST /session/cd477e99f4e247ef02c326ac6df7445e/element/f.375AD1BF2998C782D6149A43C57C8E27.d.879117A4DB604E52B5D6AE27C98D25A7.e.16463/click - {}
RESULT: {}
COMMAND: GET /session/cd477e99f4e247ef02c326ac6df7445e/screenshot - {}
RESULT: {}
COMMAND: POST /session/cd477e99f4e247ef02c326ac6df7445e/execute/async - {"script":"<script> [1562 bytes]","args":[{"selector":{"controlType":"sap.m.StandardListItem","viewName":"etm.portal.ui.managerequests.view.NewRequest","properties":{"title":"Cost Center"},"searchOpenDialogs":true,"interaction":{"idSuffix":"content"}},"wdio_ui5_key":"etmportal.ui.managerequests.view.NewRequestsap.m.StandardListItem{\"title\":\"Cost Center\"}"}]}
RESULT: {"script":"<script> [1562 bytes]","args":[{"selector":{"controlType":"sap.m.StandardListItem","viewName":"etm.portal.ui.managerequests.view.NewRequest","properties":{"title":"Cost Center"},"searchOpenDialogs":true,"interaction":{"idSuffix":"content"}},"wdio_ui5_key":"etmportal.ui.managerequests.view.NewRequestsap.m.StandardListItem{\"title\":\"Cost Center\"}"}]}
RESULT: undefined
COMMAND: POST /session/cd477e99f4e247ef02c326ac6df7445e/element - {"using":"xpath","value":"//*[@id=\"__item2213\"]"}
RESULT: {"using":"xpath","value":"//*[@id=\"__item2213\"]"}
COMMAND: POST /session/cd477e99f4e247ef02c326ac6df7445e/element/f.375AD1BF2998C782D6149A43C57C8E27.d.879117A4DB604E52B5D6AE27C98D25A7.e.16466/click - {}
RESULT: {}
COMMAND: POST /session/cd477e99f4e247ef02c326ac6df7445e/execute/async - {"script":"<script> [1562 bytes]","args":[{"selector":{"controlType":"sap.m.Button","viewName":"etm.portal.ui.managerequests.view.NewRequest","i18NText":{"propertyName":"text","key":"save"},"searchOpenDialogs":true,"interaction":{"idSuffix":"inner"}},"wdio_ui5_key":"etmportal.ui.managerequests.view.NewRequestsap.m.Button{\"propertyName\":\"text\",\"key\":\"save\"}"}]}
COMMAND: GET /session/cd477e99f4e247ef02c326ac6df7445e/screenshot - {}
RESULT: {"script":"<script> [1562 bytes]","args":[{"selector":{"controlType":"sap.m.Button","viewName":"etm.portal.ui.managerequests.view.NewRequest","i18NText":{"propertyName":"text","key":"save"},"searchOpenDialogs":true,"interaction":{"idSuffix":"inner"}},"wdio_ui5_key":"etmportal.ui.managerequests.view.NewRequestsap.m.Button{\"propertyName\":\"text\",\"key\":\"save\"}"}]}
RESULT: undefined
COMMAND: POST /session/cd477e99f4e247ef02c326ac6df7445e/element - {"using":"xpath","value":"//*[@id=\"__button93\"]"}
RESULT: {}
RESULT: {"using":"xpath","value":"//*[@id=\"__button93\"]"}
COMMAND: POST /session/cd477e99f4e247ef02c326ac6df7445e/element/f.375AD1BF2998C782D6149A43C57C8E27.d.879117A4DB604E52B5D6AE27C98D25A7.e.16471/click - {}
RESULT: {}
COMMAND: POST /session/cd477e99f4e247ef02c326ac6df7445e/execute/async - {"script":"<script> [1562 bytes]","args":[{"selector":{"controlType":"sap.m.Button","viewName":"etm.portal.ui.managerequests.view.NewRequest","i18NText":{"propertyName":"tooltip","key":"save"},"interaction":{"idSuffix":"BDI-content"}},"wdio_ui5_key":"etmportal.ui.managerequests.view.NewRequestsap.m.Button{\"propertyName\":\"tooltip\",\"key\":\"save\"}"}]}
COMMAND: GET /session/cd477e99f4e247ef02c326ac6df7445e/screenshot - {}
RESULT: {"script":"<script> [1562 bytes]","args":[{"selector":{"controlType":"sap.m.Button","viewName":"etm.portal.ui.managerequests.view.NewRequest","i18NText":{"propertyName":"tooltip","key":"save"},"interaction":{"idSuffix":"BDI-content"}},"wdio_ui5_key":"etmportal.ui.managerequests.view.NewRequestsap.m.Button{\"propertyName\":\"tooltip\",\"key\":\"save\"}"}]}
RESULT: undefined
COMMAND: POST /session/cd477e99f4e247ef02c326ac6df7445e/element - {"using":"xpath","value":"//*[@id=\"__button82\"]"}
RESULT: {}
RESULT: {"using":"xpath","value":"//*[@id=\"__button82\"]"}
COMMAND: POST /session/cd477e99f4e247ef02c326ac6df7445e/element/f.375AD1BF2998C782D6149A43C57C8E27.d.879117A4DB604E52B5D6AE27C98D25A7.e.16347/click - {}
RESULT: {}
COMMAND: POST /session/cd477e99f4e247ef02c326ac6df7445e/execute/async - {"script":"<script> [1562 bytes]","args":[{"selector":{"controlType":"sap.m.Button","properties":{"text":"Close"},"searchOpenDialogs":true,"interaction":{"idSuffix":"inner"}},"wdio_ui5_key":"sapm.Button{\"text\":\"Close\"}"}]}
COMMAND: GET /session/cd477e99f4e247ef02c326ac6df7445e/screenshot - {}
RESULT: {"script":"<script> [1562 bytes]","args":[{"selector":{"controlType":"sap.m.Button","properties":{"text":"Close"},"searchOpenDialogs":true,"interaction":{"idSuffix":"inner"}},"wdio_ui5_key":"sapm.Button{\"text\":\"Close\"}"}]}
RESULT: undefined
COMMAND: POST /session/cd477e99f4e247ef02c326ac6df7445e/element - {"using":"xpath","value":"//*[@id=\"__mbox-btn-1\"]"}
RESULT: {}
RESULT: {"using":"xpath","value":"//*[@id=\"__mbox-btn-1\"]"}
COMMAND: POST /session/cd477e99f4e247ef02c326ac6df7445e/element/f.375AD1BF2998C782D6149A43C57C8E27.d.879117A4DB604E52B5D6AE27C98D25A7.e.16475/click - {}
RESULT: {}
COMMAND: GET /session/cd477e99f4e247ef02c326ac6df7445e/screenshot - {}
RESULT: {}
COMMAND: POST /session/cd477e99f4e247ef02c326ac6df7445e/execute/async - {"script":"<script> [1562 bytes]","args":[{"selector":{"controlType":"sap.m.Text","viewName":"etm.portal.ui.managerequests.view.Detail","bindingPath":{"propertyPath":"NO","modelName":"catalogModel"}},"wdio_ui5_key":"etmportal.ui.managerequests.view.Detailsap.m.Text{\"propertyPath\":\"NO\",\"modelName\":\"catalogModel\"}"}]}
RESULT: {"script":"<script> [1562 bytes]","args":[{"selector":{"controlType":"sap.m.Text","viewName":"etm.portal.ui.managerequests.view.Detail","bindingPath":{"propertyPath":"NO","modelName":"catalogModel"}},"wdio_ui5_key":"etmportal.ui.managerequests.view.Detailsap.m.Text{\"propertyPath\":\"NO\",\"modelName\":\"catalogModel\"}"}]}
RESULT: undefined
COMMAND: POST /session/cd477e99f4e247ef02c326ac6df7445e/execute/async - {"script":"<script> [6424 bytes]","args":[{"element-6066-11e4-a52e-4f735466cecf":"f.375AD1BF2998C782D6149A43C57C8E27.d.879117A4DB604E52B5D6AE27C98D25A7.e.16672"},"getText",[]]}
RESULT: {"script":"<script> [6424 bytes]","args":[{"element-6066-11e4-a52e-4f735466cecf":"f.375AD1BF2998C782D6149A43C57C8E27.d.879117A4DB604E52B5D6AE27C98D25A7.e.16672"},"getText",[]]}
COMMAND: POST /session/cd477e99f4e247ef02c326ac6df7445e/element - {"using":"css selector","value":"#shell-header-logo"}
RESULT: {"using":"css selector","value":"#shell-header-logo"}
COMMAND: POST /session/cd477e99f4e247ef02c326ac6df7445e/element/f.375AD1BF2998C782D6149A43C57C8E27.d.879117A4DB604E52B5D6AE27C98D25A7.e.15956/click - {}
RESULT: {}
COMMAND: GET /session/cd477e99f4e247ef02c326ac6df7445e/screenshot - {}
RESULT: {}
]]></system-out>
    </testcase>
  </testsuite>
  <testsuite timestamp="2025-04-24T17:13:43" time="496.568" tests="7" failures="1" errors="1" skipped="0">
    <properties>
      <property name="specId" value="0" />
      <property name="suiteName" value="Create masterdata for Yard Overview - trigger provide US130988" />
      <property name="capabilities" value="chrome.135_0_7049_96.windows" />
      <property name="file" value="file:///D:/a/1/s/test/specs/HTR/yard-movement-putaways.spec.js" />
    </properties>
    <testcase classname="chrome.135_0_7049_96.windows.Create_masterdata_for_Yard_Overview_-_trigger_provide_US130988" name="Should create a yard" time="78.461">
      <system-out><![CDATA[
COMMAND: GET /session/cd477e99f4e247ef02c326ac6df7445e/screenshot - {}
COMMAND: POST /session/cd477e99f4e247ef02c326ac6df7445e/execute/async - {"script":"<script> [1562 bytes]","args":[{"selector":{"controlType":"sap.ui.core.Icon","viewName":"etm.portal.ui.manageyards.view.Master","viewId":"application-manageyards-display-component---masterYard","properties":{"src":{"regex":{"source":"add"}}}},"wdio_ui5_key":"etmportal.ui.manageyards.view.Mastersap.ui.core.Icon{\"src\":{\"regex\":{\"source\":\"add\"}}}"}]}
RESULT: {}
RESULT: {"script":"<script> [1562 bytes]","args":[{"selector":{"controlType":"sap.ui.core.Icon","viewName":"etm.portal.ui.manageyards.view.Master","viewId":"application-manageyards-display-component---masterYard","properties":{"src":{"regex":{"source":"add"}}}},"wdio_ui5_key":"etmportal.ui.manageyards.view.Mastersap.ui.core.Icon{\"src\":{\"regex\":{\"source\":\"add\"}}}"}]}
RESULT: undefined
COMMAND: POST /session/cd477e99f4e247ef02c326ac6df7445e/element - {"using":"xpath","value":"//*[@id=\"__button4-img\"]"}
RESULT: {"using":"xpath","value":"//*[@id=\"__button4-img\"]"}
COMMAND: POST /session/cd477e99f4e247ef02c326ac6df7445e/element/f.375AD1BF2998C782D6149A43C57C8E27.d.351BCFB181055ACB6317C832DB39DDB7.e.17333/click - {}
RESULT: {}
COMMAND: POST /session/cd477e99f4e247ef02c326ac6df7445e/execute/async - {"script":"<script> [1562 bytes]","args":[{"selector":{"id":"application-manageyards-display-component---NewYard--addressDetailDetailsName1","interaction":{"idSuffix":"inner"}},"wdio_ui5_key":"applicationmanageyards-display-component---NewYard--addressDetailDetailsName1"}]}
COMMAND: GET /session/cd477e99f4e247ef02c326ac6df7445e/screenshot - {}
RESULT: {"script":"<script> [1562 bytes]","args":[{"selector":{"id":"application-manageyards-display-component---NewYard--addressDetailDetailsName1","interaction":{"idSuffix":"inner"}},"wdio_ui5_key":"applicationmanageyards-display-component---NewYard--addressDetailDetailsName1"}]}
RESULT: undefined
COMMAND: POST /session/cd477e99f4e247ef02c326ac6df7445e/execute/async - {"script":"<script> [776 bytes]","args":[{"enterText":"Webdriver - WHM Putaway","selector":{"id":"application-manageyards-display-component---NewYard--addressDetailDetailsName1","interaction":{"idSuffix":"inner"}},"clearTextFirst":true,"interactionType":"ENTER_TEXT"}]}
RESULT: {}
RESULT: {"script":"<script> [776 bytes]","args":[{"enterText":"Webdriver - WHM Putaway","selector":{"id":"application-manageyards-display-component---NewYard--addressDetailDetailsName1","interaction":{"idSuffix":"inner"}},"clearTextFirst":true,"interactionType":"ENTER_TEXT"}]}
COMMAND: POST /session/cd477e99f4e247ef02c326ac6df7445e/execute/async - {"script":"<script> [1562 bytes]","args":[{"selector":{"id":"application-manageyards-display-component---NewYard--addressDetailDetailsLanguage-arrow"},"wdio_ui5_key":"applicationmanageyards-display-component---NewYard--addressDetailDetailsLanguage-arrow"}]}
RESULT: {"script":"<script> [1562 bytes]","args":[{"selector":{"id":"application-manageyards-display-component---NewYard--addressDetailDetailsLanguage-arrow"},"wdio_ui5_key":"applicationmanageyards-display-component---NewYard--addressDetailDetailsLanguage-arrow"}]}
RESULT: undefined
COMMAND: POST /session/cd477e99f4e247ef02c326ac6df7445e/element - {"using":"xpath","value":"//*[@id=\"application-manageyards-display-component---NewYard--addressDetailDetailsLanguage-arrow\"]"}
RESULT: {"using":"xpath","value":"//*[@id=\"application-manageyards-display-component---NewYard--addressDetailDetailsLanguage-arrow\"]"}
COMMAND: POST /session/cd477e99f4e247ef02c326ac6df7445e/element/f.375AD1BF2998C782D6149A43C57C8E27.d.351BCFB181055ACB6317C832DB39DDB7.e.17742/click - {}
RESULT: {}
COMMAND: POST /session/cd477e99f4e247ef02c326ac6df7445e/execute/async - {"script":"<script> [1562 bytes]","args":[{"selector":{"controlType":"sap.m.StandardListItem","viewName":"etm.portal.ui.manageyards.view.New","viewId":"application-manageyards-display-component---NewYard","properties":{"title":"English"},"searchOpenDialogs":true,"interaction":{"idSuffix":"content"}},"wdio_ui5_key":"etmportal.ui.manageyards.view.Newsap.m.StandardListItem{\"title\":\"English\"}"}]}
COMMAND: GET /session/cd477e99f4e247ef02c326ac6df7445e/screenshot - {}
RESULT: {"script":"<script> [1562 bytes]","args":[{"selector":{"controlType":"sap.m.StandardListItem","viewName":"etm.portal.ui.manageyards.view.New","viewId":"application-manageyards-display-component---NewYard","properties":{"title":"English"},"searchOpenDialogs":true,"interaction":{"idSuffix":"content"}},"wdio_ui5_key":"etmportal.ui.manageyards.view.Newsap.m.StandardListItem{\"title\":\"English\"}"}]}
RESULT: undefined
COMMAND: POST /session/cd477e99f4e247ef02c326ac6df7445e/element - {"using":"xpath","value":"//*[@id=\"__item101\"]"}
RESULT: {}
RESULT: {"using":"xpath","value":"//*[@id=\"__item101\"]"}
COMMAND: POST /session/cd477e99f4e247ef02c326ac6df7445e/element/f.375AD1BF2998C782D6149A43C57C8E27.d.351BCFB181055ACB6317C832DB39DDB7.e.17744/click - {}
RESULT: {}
COMMAND: POST /session/cd477e99f4e247ef02c326ac6df7445e/execute/async - {"script":"<script> [1562 bytes]","args":[{"selector":{"id":"application-manageyards-display-component---NewYard--addressDetailDetailsCity1","interaction":{"idSuffix":"inner"}},"wdio_ui5_key":"applicationmanageyards-display-component---NewYard--addressDetailDetailsCity1"}]}
COMMAND: GET /session/cd477e99f4e247ef02c326ac6df7445e/screenshot - {}
RESULT: {"script":"<script> [1562 bytes]","args":[{"selector":{"id":"application-manageyards-display-component---NewYard--addressDetailDetailsCity1","interaction":{"idSuffix":"inner"}},"wdio_ui5_key":"applicationmanageyards-display-component---NewYard--addressDetailDetailsCity1"}]}
RESULT: undefined
COMMAND: POST /session/cd477e99f4e247ef02c326ac6df7445e/execute/async - {"script":"<script> [776 bytes]","args":[{"enterText":"Rosario","selector":{"id":"application-manageyards-display-component---NewYard--addressDetailDetailsCity1","interaction":{"idSuffix":"inner"}},"clearTextFirst":true,"interactionType":"ENTER_TEXT"}]}
RESULT: {}
RESULT: {"script":"<script> [776 bytes]","args":[{"enterText":"Rosario","selector":{"id":"application-manageyards-display-component---NewYard--addressDetailDetailsCity1","interaction":{"idSuffix":"inner"}},"clearTextFirst":true,"interactionType":"ENTER_TEXT"}]}
COMMAND: POST /session/cd477e99f4e247ef02c326ac6df7445e/execute/async - {"script":"<script> [1562 bytes]","args":[{"selector":{"id":"application-manageyards-display-component---NewYard--addressDetailDetailsCountry-arrow"},"wdio_ui5_key":"applicationmanageyards-display-component---NewYard--addressDetailDetailsCountry-arrow"}]}
RESULT: {"script":"<script> [1562 bytes]","args":[{"selector":{"id":"application-manageyards-display-component---NewYard--addressDetailDetailsCountry-arrow"},"wdio_ui5_key":"applicationmanageyards-display-component---NewYard--addressDetailDetailsCountry-arrow"}]}
RESULT: undefined
COMMAND: POST /session/cd477e99f4e247ef02c326ac6df7445e/element - {"using":"xpath","value":"//*[@id=\"application-manageyards-display-component---NewYard--addressDetailDetailsCountry-arrow\"]"}
RESULT: {"using":"xpath","value":"//*[@id=\"application-manageyards-display-component---NewYard--addressDetailDetailsCountry-arrow\"]"}
COMMAND: POST /session/cd477e99f4e247ef02c326ac6df7445e/element/f.375AD1BF2998C782D6149A43C57C8E27.d.351BCFB181055ACB6317C832DB39DDB7.e.17727/click - {}
RESULT: {}
COMMAND: POST /session/cd477e99f4e247ef02c326ac6df7445e/execute/async - {"script":"<script> [1562 bytes]","args":[{"selector":{"controlType":"sap.m.StandardListItem","viewName":"etm.portal.ui.manageyards.view.New","viewId":"application-manageyards-display-component---NewYard","properties":{"title":"Argentina"},"searchOpenDialogs":true,"interaction":{"idSuffix":"content"}},"wdio_ui5_key":"etmportal.ui.manageyards.view.Newsap.m.StandardListItem{\"title\":\"Argentina\"}"}]}
COMMAND: GET /session/cd477e99f4e247ef02c326ac6df7445e/screenshot - {}
RESULT: {"script":"<script> [1562 bytes]","args":[{"selector":{"controlType":"sap.m.StandardListItem","viewName":"etm.portal.ui.manageyards.view.New","viewId":"application-manageyards-display-component---NewYard","properties":{"title":"Argentina"},"searchOpenDialogs":true,"interaction":{"idSuffix":"content"}},"wdio_ui5_key":"etmportal.ui.manageyards.view.Newsap.m.StandardListItem{\"title\":\"Argentina\"}"}]}
RESULT: undefined
COMMAND: POST /session/cd477e99f4e247ef02c326ac6df7445e/element - {"using":"xpath","value":"//*[@id=\"__item144\"]"}
RESULT: {}
RESULT: {"using":"xpath","value":"//*[@id=\"__item144\"]"}
COMMAND: POST /session/cd477e99f4e247ef02c326ac6df7445e/element/f.375AD1BF2998C782D6149A43C57C8E27.d.351BCFB181055ACB6317C832DB39DDB7.e.17748/click - {}
RESULT: {}
COMMAND: POST /session/cd477e99f4e247ef02c326ac6df7445e/execute/async - {"script":"<script> [1562 bytes]","args":[{"selector":{"controlType":"sap.m.Button","viewName":"etm.portal.ui.manageyards.view.New","viewId":"application-manageyards-display-component---NewYard","properties":{"text":"Commercial"},"interaction":{"idSuffix":"BDI-content"}},"wdio_ui5_key":"etmportal.ui.manageyards.view.Newsap.m.Button{\"text\":\"Commercial\"}"}]}
COMMAND: GET /session/cd477e99f4e247ef02c326ac6df7445e/screenshot - {}
RESULT: {"script":"<script> [1562 bytes]","args":[{"selector":{"controlType":"sap.m.Button","viewName":"etm.portal.ui.manageyards.view.New","viewId":"application-manageyards-display-component---NewYard","properties":{"text":"Commercial"},"interaction":{"idSuffix":"BDI-content"}},"wdio_ui5_key":"etmportal.ui.manageyards.view.Newsap.m.Button{\"text\":\"Commercial\"}"}]}
RESULT: undefined
COMMAND: POST /session/cd477e99f4e247ef02c326ac6df7445e/element - {"using":"xpath","value":"//*[@id=\"application-manageyards-display-component---NewYard--ObjectPageLayout-anchBar-__section5-anchor\"]"}
RESULT: {}
RESULT: {"using":"xpath","value":"//*[@id=\"application-manageyards-display-component---NewYard--ObjectPageLayout-anchBar-__section5-anchor\"]"}
COMMAND: POST /session/cd477e99f4e247ef02c326ac6df7445e/element/f.375AD1BF2998C782D6149A43C57C8E27.d.351BCFB181055ACB6317C832DB39DDB7.e.17750/click - {}
RESULT: {}
COMMAND: GET /session/cd477e99f4e247ef02c326ac6df7445e/screenshot - {}
RESULT: {}
COMMAND: POST /session/cd477e99f4e247ef02c326ac6df7445e/execute/async - {"script":"<script> [1562 bytes]","args":[{"selector":{"id":"application-manageyards-display-component---NewYard--addressEditDetailsCostObjectCstType-arrow"},"wdio_ui5_key":"applicationmanageyards-display-component---NewYard--addressEditDetailsCostObjectCstType-arrow"}]}
RESULT: {"script":"<script> [1562 bytes]","args":[{"selector":{"id":"application-manageyards-display-component---NewYard--addressEditDetailsCostObjectCstType-arrow"},"wdio_ui5_key":"applicationmanageyards-display-component---NewYard--addressEditDetailsCostObjectCstType-arrow"}]}
RESULT: undefined
COMMAND: POST /session/cd477e99f4e247ef02c326ac6df7445e/element - {"using":"xpath","value":"//*[@id=\"application-manageyards-display-component---NewYard--addressEditDetailsCostObjectCstType-arrow\"]"}
RESULT: {"using":"xpath","value":"//*[@id=\"application-manageyards-display-component---NewYard--addressEditDetailsCostObjectCstType-arrow\"]"}
COMMAND: POST /session/cd477e99f4e247ef02c326ac6df7445e/element/f.375AD1BF2998C782D6149A43C57C8E27.d.351BCFB181055ACB6317C832DB39DDB7.e.17761/click - {}
RESULT: {}
COMMAND: GET /session/cd477e99f4e247ef02c326ac6df7445e/screenshot - {}
RESULT: {}
COMMAND: POST /session/cd477e99f4e247ef02c326ac6df7445e/execute/async - {"script":"<script> [1562 bytes]","args":[{"selector":{"controlType":"sap.m.StandardListItem","viewName":"etm.portal.ui.manageyards.view.New","viewId":"application-manageyards-display-component---NewYard","properties":{"title":"Cost Center"},"searchOpenDialogs":true,"interaction":{"idSuffix":"titleText"}},"wdio_ui5_key":"etmportal.ui.manageyards.view.Newsap.m.StandardListItem{\"title\":\"Cost Center\"}"}]}
RESULT: {"script":"<script> [1562 bytes]","args":[{"selector":{"controlType":"sap.m.StandardListItem","viewName":"etm.portal.ui.manageyards.view.New","viewId":"application-manageyards-display-component---NewYard","properties":{"title":"Cost Center"},"searchOpenDialogs":true,"interaction":{"idSuffix":"titleText"}},"wdio_ui5_key":"etmportal.ui.manageyards.view.Newsap.m.StandardListItem{\"title\":\"Cost Center\"}"}]}
RESULT: undefined
COMMAND: POST /session/cd477e99f4e247ef02c326ac6df7445e/element - {"using":"xpath","value":"//*[@id=\"__item234\"]"}
RESULT: {"using":"xpath","value":"//*[@id=\"__item234\"]"}
COMMAND: POST /session/cd477e99f4e247ef02c326ac6df7445e/element/f.375AD1BF2998C782D6149A43C57C8E27.d.351BCFB181055ACB6317C832DB39DDB7.e.17763/click - {}
RESULT: {}
COMMAND: POST /session/cd477e99f4e247ef02c326ac6df7445e/element - {"using":"xpath","value":"//input[@id=\"application-manageyards-display-component---NewYard--addressNewCostObjectCstID-inner\"]"}
COMMAND: GET /session/cd477e99f4e247ef02c326ac6df7445e/screenshot - {}
RESULT: {"using":"xpath","value":"//input[@id=\"application-manageyards-display-component---NewYard--addressNewCostObjectCstID-inner\"]"}
COMMAND: POST /session/cd477e99f4e247ef02c326ac6df7445e/element/f.375AD1BF2998C782D6149A43C57C8E27.d.351BCFB181055ACB6317C832DB39DDB7.e.17562/value - {"text":"10001013"}
RESULT: {}
RESULT: {"text":"10001013"}
COMMAND: GET /session/cd477e99f4e247ef02c326ac6df7445e/screenshot - {}
RESULT: {}
COMMAND: POST /session/cd477e99f4e247ef02c326ac6df7445e/actions - {"actions":[{"id":"action47","type":"key","parameters":{},"actions":[{"type":"keyDown","value":"î€‡"},{"type":"pause","duration":10},{"type":"keyUp","value":"î€‡"}]}]}
RESULT: {"actions":[{"id":"action47","type":"key","parameters":{},"actions":[{"type":"keyDown","value":"î€‡"},{"type":"pause","duration":10},{"type":"keyUp","value":"î€‡"}]}]}
COMMAND: POST /session/cd477e99f4e247ef02c326ac6df7445e/execute/async - {"script":"<script> [1562 bytes]","args":[{"selector":{"controlType":"sap.m.StandardListItem","viewName":"etm.portal.ui.manageyards.view.New","viewId":"application-manageyards-display-component---NewYard","properties":{"type":"Active"},"searchOpenDialogs":true,"interaction":{"idSuffix":"titleText"}},"wdio_ui5_key":"etmportal.ui.manageyards.view.Newsap.m.StandardListItem{\"type\":\"Active\"}"}]}
COMMAND: GET /session/cd477e99f4e247ef02c326ac6df7445e/screenshot - {}
RESULT: {"script":"<script> [1562 bytes]","args":[{"selector":{"controlType":"sap.m.StandardListItem","viewName":"etm.portal.ui.manageyards.view.New","viewId":"application-manageyards-display-component---NewYard","properties":{"type":"Active"},"searchOpenDialogs":true,"interaction":{"idSuffix":"titleText"}},"wdio_ui5_key":"etmportal.ui.manageyards.view.Newsap.m.StandardListItem{\"type\":\"Active\"}"}]}
RESULT: undefined
COMMAND: POST /session/cd477e99f4e247ef02c326ac6df7445e/execute/async - {"script":"<script> [1562 bytes]","args":[{"selector":{"id":"application-manageyards-display-component---NewYard--addressEditDetailsCurrency-arrow"},"wdio_ui5_key":"applicationmanageyards-display-component---NewYard--addressEditDetailsCurrency-arrow"}]}
RESULT: {}
RESULT: {"script":"<script> [1562 bytes]","args":[{"selector":{"id":"application-manageyards-display-component---NewYard--addressEditDetailsCurrency-arrow"},"wdio_ui5_key":"applicationmanageyards-display-component---NewYard--addressEditDetailsCurrency-arrow"}]}
RESULT: undefined
COMMAND: POST /session/cd477e99f4e247ef02c326ac6df7445e/element - {"using":"xpath","value":"//*[@id=\"application-manageyards-display-component---NewYard--addressEditDetailsCurrency-arrow\"]"}
RESULT: {"using":"xpath","value":"//*[@id=\"application-manageyards-display-component---NewYard--addressEditDetailsCurrency-arrow\"]"}
COMMAND: POST /session/cd477e99f4e247ef02c326ac6df7445e/element/f.375AD1BF2998C782D6149A43C57C8E27.d.351BCFB181055ACB6317C832DB39DDB7.e.17769/click - {}
RESULT: {}
COMMAND: POST /session/cd477e99f4e247ef02c326ac6df7445e/execute/async - {"script":"<script> [1562 bytes]","args":[{"selector":{"controlType":"sap.m.StandardListItem","viewName":"etm.portal.ui.manageyards.view.New","viewId":"application-manageyards-display-component---NewYard","properties":{"title":"Euro"},"searchOpenDialogs":true,"interaction":{"idSuffix":"content"}},"wdio_ui5_key":"etmportal.ui.manageyards.view.Newsap.m.StandardListItem{\"title\":\"Euro\"}"}]}
COMMAND: GET /session/cd477e99f4e247ef02c326ac6df7445e/screenshot - {}
RESULT: {"script":"<script> [1562 bytes]","args":[{"selector":{"controlType":"sap.m.StandardListItem","viewName":"etm.portal.ui.manageyards.view.New","viewId":"application-manageyards-display-component---NewYard","properties":{"title":"Euro"},"searchOpenDialogs":true,"interaction":{"idSuffix":"content"}},"wdio_ui5_key":"etmportal.ui.manageyards.view.Newsap.m.StandardListItem{\"title\":\"Euro\"}"}]}
RESULT: undefined
COMMAND: POST /session/cd477e99f4e247ef02c326ac6df7445e/element - {"using":"xpath","value":"//*[@id=\"__item240\"]"}
RESULT: {}
RESULT: {"using":"xpath","value":"//*[@id=\"__item240\"]"}
COMMAND: POST /session/cd477e99f4e247ef02c326ac6df7445e/element/f.375AD1BF2998C782D6149A43C57C8E27.d.351BCFB181055ACB6317C832DB39DDB7.e.17771/click - {}
RESULT: {}
COMMAND: POST /session/cd477e99f4e247ef02c326ac6df7445e/execute/async - {"script":"<script> [1562 bytes]","args":[{"selector":{"controlType":"sap.m.Input","viewName":"etm.portal.ui.manageyards.view.New","viewId":"application-manageyards-display-component---NewYard","bindingPath":{"path":"","propertyPath":"/CONTROLLING_AREA","modelName":"NewYardModel"},"interaction":{"idSuffix":"inner"}},"wdio_ui5_key":"etmportal.ui.manageyards.view.Newsap.m.Input{\"path\":\"\",\"propertyPath\":\"/CONTROLLING_AREA\",\"modelName\":\"NewYardModel\"}"}]}
COMMAND: GET /session/cd477e99f4e247ef02c326ac6df7445e/screenshot - {}
RESULT: {"script":"<script> [1562 bytes]","args":[{"selector":{"controlType":"sap.m.Input","viewName":"etm.portal.ui.manageyards.view.New","viewId":"application-manageyards-display-component---NewYard","bindingPath":{"path":"","propertyPath":"/CONTROLLING_AREA","modelName":"NewYardModel"},"interaction":{"idSuffix":"inner"}},"wdio_ui5_key":"etmportal.ui.manageyards.view.Newsap.m.Input{\"path\":\"\",\"propertyPath\":\"/CONTROLLING_AREA\",\"modelName\":\"NewYardModel\"}"}]}
RESULT: undefined
COMMAND: POST /session/cd477e99f4e247ef02c326ac6df7445e/execute/async - {"script":"<script> [776 bytes]","args":[{"enterText":"Z001","selector":{"controlType":"sap.m.Input","viewName":"etm.portal.ui.manageyards.view.New","viewId":"application-manageyards-display-component---NewYard","bindingPath":{"path":"","propertyPath":"/CONTROLLING_AREA","modelName":"NewYardModel"},"interaction":{"idSuffix":"inner"}},"clearTextFirst":true,"interactionType":"ENTER_TEXT"}]}
RESULT: {}
RESULT: {"script":"<script> [776 bytes]","args":[{"enterText":"Z001","selector":{"controlType":"sap.m.Input","viewName":"etm.portal.ui.manageyards.view.New","viewId":"application-manageyards-display-component---NewYard","bindingPath":{"path":"","propertyPath":"/CONTROLLING_AREA","modelName":"NewYardModel"},"interaction":{"idSuffix":"inner"}},"clearTextFirst":true,"interactionType":"ENTER_TEXT"}]}
COMMAND: POST /session/cd477e99f4e247ef02c326ac6df7445e/execute/async - {"script":"<script> [1562 bytes]","args":[{"selector":{"id":"application-manageyards-display-component---NewYard--companyCodeComboBox","interaction":{"idSuffix":"inner"}},"wdio_ui5_key":"applicationmanageyards-display-component---NewYard--companyCodeComboBox"}]}
RESULT: {"script":"<script> [1562 bytes]","args":[{"selector":{"id":"application-manageyards-display-component---NewYard--companyCodeComboBox","interaction":{"idSuffix":"inner"}},"wdio_ui5_key":"applicationmanageyards-display-component---NewYard--companyCodeComboBox"}]}
RESULT: undefined
COMMAND: POST /session/cd477e99f4e247ef02c326ac6df7445e/execute/async - {"script":"<script> [776 bytes]","args":[{"enterText":"1000","selector":{"id":"application-manageyards-display-component---NewYard--companyCodeComboBox","interaction":{"idSuffix":"inner"}},"clearTextFirst":true,"interactionType":"ENTER_TEXT"}]}
RESULT: {"script":"<script> [776 bytes]","args":[{"enterText":"1000","selector":{"id":"application-manageyards-display-component---NewYard--companyCodeComboBox","interaction":{"idSuffix":"inner"}},"clearTextFirst":true,"interactionType":"ENTER_TEXT"}]}
COMMAND: POST /session/cd477e99f4e247ef02c326ac6df7445e/execute/async - {"script":"<script> [1562 bytes]","args":[{"selector":{"controlType":"sap.m.Input","viewName":"etm.portal.ui.manageyards.view.New","viewId":"application-manageyards-display-component---NewYard","bindingPath":{"path":"","propertyPath":"/PLANT","modelName":"NewYardModel"},"interaction":{"idSuffix":"inner"}},"wdio_ui5_key":"etmportal.ui.manageyards.view.Newsap.m.Input{\"path\":\"\",\"propertyPath\":\"/PLANT\",\"modelName\":\"NewYardModel\"}"}]}
RESULT: {"script":"<script> [1562 bytes]","args":[{"selector":{"controlType":"sap.m.Input","viewName":"etm.portal.ui.manageyards.view.New","viewId":"application-manageyards-display-component---NewYard","bindingPath":{"path":"","propertyPath":"/PLANT","modelName":"NewYardModel"},"interaction":{"idSuffix":"inner"}},"wdio_ui5_key":"etmportal.ui.manageyards.view.Newsap.m.Input{\"path\":\"\",\"propertyPath\":\"/PLANT\",\"modelName\":\"NewYardModel\"}"}]}
RESULT: undefined
COMMAND: POST /session/cd477e99f4e247ef02c326ac6df7445e/execute/async - {"script":"<script> [776 bytes]","args":[{"enterText":"1001","selector":{"controlType":"sap.m.Input","viewName":"etm.portal.ui.manageyards.view.New","viewId":"application-manageyards-display-component---NewYard","bindingPath":{"path":"","propertyPath":"/PLANT","modelName":"NewYardModel"},"interaction":{"idSuffix":"inner"}},"clearTextFirst":true,"interactionType":"ENTER_TEXT"}]}
RESULT: {"script":"<script> [776 bytes]","args":[{"enterText":"1001","selector":{"controlType":"sap.m.Input","viewName":"etm.portal.ui.manageyards.view.New","viewId":"application-manageyards-display-component---NewYard","bindingPath":{"path":"","propertyPath":"/PLANT","modelName":"NewYardModel"},"interaction":{"idSuffix":"inner"}},"clearTextFirst":true,"interactionType":"ENTER_TEXT"}]}
COMMAND: POST /session/cd477e99f4e247ef02c326ac6df7445e/execute/async - {"script":"<script> [1562 bytes]","args":[{"selector":{"controlType":"sap.m.Input","viewName":"etm.portal.ui.manageyards.view.New","viewId":"application-manageyards-display-component---NewYard","bindingPath":{"path":"","propertyPath":"/SALES_AREA_VKORG","modelName":"NewYardModel"},"interaction":{"idSuffix":"inner"}},"wdio_ui5_key":"etmportal.ui.manageyards.view.Newsap.m.Input{\"path\":\"\",\"propertyPath\":\"/SALES_AREA_VKORG\",\"modelName\":\"NewYardModel\"}"}]}
RESULT: {"script":"<script> [1562 bytes]","args":[{"selector":{"controlType":"sap.m.Input","viewName":"etm.portal.ui.manageyards.view.New","viewId":"application-manageyards-display-component---NewYard","bindingPath":{"path":"","propertyPath":"/SALES_AREA_VKORG","modelName":"NewYardModel"},"interaction":{"idSuffix":"inner"}},"wdio_ui5_key":"etmportal.ui.manageyards.view.Newsap.m.Input{\"path\":\"\",\"propertyPath\":\"/SALES_AREA_VKORG\",\"modelName\":\"NewYardModel\"}"}]}
RESULT: undefined
COMMAND: POST /session/cd477e99f4e247ef02c326ac6df7445e/execute/async - {"script":"<script> [776 bytes]","args":[{"enterText":"C002","selector":{"controlType":"sap.m.Input","viewName":"etm.portal.ui.manageyards.view.New","viewId":"application-manageyards-display-component---NewYard","bindingPath":{"path":"","propertyPath":"/SALES_AREA_VKORG","modelName":"NewYardModel"},"interaction":{"idSuffix":"inner"}},"clearTextFirst":true,"interactionType":"ENTER_TEXT"}]}
RESULT: {"script":"<script> [776 bytes]","args":[{"enterText":"C002","selector":{"controlType":"sap.m.Input","viewName":"etm.portal.ui.manageyards.view.New","viewId":"application-manageyards-display-component---NewYard","bindingPath":{"path":"","propertyPath":"/SALES_AREA_VKORG","modelName":"NewYardModel"},"interaction":{"idSuffix":"inner"}},"clearTextFirst":true,"interactionType":"ENTER_TEXT"}]}
COMMAND: POST /session/cd477e99f4e247ef02c326ac6df7445e/execute/async - {"script":"<script> [1562 bytes]","args":[{"selector":{"controlType":"sap.m.Input","viewName":"etm.portal.ui.manageyards.view.New","viewId":"application-manageyards-display-component---NewYard","bindingPath":{"path":"","propertyPath":"/SALES_AREA_VTWEG","modelName":"NewYardModel"},"interaction":{"idSuffix":"inner"}},"wdio_ui5_key":"etmportal.ui.manageyards.view.Newsap.m.Input{\"path\":\"\",\"propertyPath\":\"/SALES_AREA_VTWEG\",\"modelName\":\"NewYardModel\"}"}]}
RESULT: {"script":"<script> [1562 bytes]","args":[{"selector":{"controlType":"sap.m.Input","viewName":"etm.portal.ui.manageyards.view.New","viewId":"application-manageyards-display-component---NewYard","bindingPath":{"path":"","propertyPath":"/SALES_AREA_VTWEG","modelName":"NewYardModel"},"interaction":{"idSuffix":"inner"}},"wdio_ui5_key":"etmportal.ui.manageyards.view.Newsap.m.Input{\"path\":\"\",\"propertyPath\":\"/SALES_AREA_VTWEG\",\"modelName\":\"NewYardModel\"}"}]}
RESULT: undefined
COMMAND: POST /session/cd477e99f4e247ef02c326ac6df7445e/execute/async - {"script":"<script> [776 bytes]","args":[{"enterText":"C2","selector":{"controlType":"sap.m.Input","viewName":"etm.portal.ui.manageyards.view.New","viewId":"application-manageyards-display-component---NewYard","bindingPath":{"path":"","propertyPath":"/SALES_AREA_VTWEG","modelName":"NewYardModel"},"interaction":{"idSuffix":"inner"}},"clearTextFirst":true,"interactionType":"ENTER_TEXT"}]}
RESULT: {"script":"<script> [776 bytes]","args":[{"enterText":"C2","selector":{"controlType":"sap.m.Input","viewName":"etm.portal.ui.manageyards.view.New","viewId":"application-manageyards-display-component---NewYard","bindingPath":{"path":"","propertyPath":"/SALES_AREA_VTWEG","modelName":"NewYardModel"},"interaction":{"idSuffix":"inner"}},"clearTextFirst":true,"interactionType":"ENTER_TEXT"}]}
COMMAND: POST /session/cd477e99f4e247ef02c326ac6df7445e/execute/async - {"script":"<script> [1562 bytes]","args":[{"selector":{"controlType":"sap.m.Input","viewName":"etm.portal.ui.manageyards.view.New","viewId":"application-manageyards-display-component---NewYard","bindingPath":{"path":"","propertyPath":"/SALES_AREA_SPART","modelName":"NewYardModel"},"interaction":{"idSuffix":"inner"}},"wdio_ui5_key":"etmportal.ui.manageyards.view.Newsap.m.Input{\"path\":\"\",\"propertyPath\":\"/SALES_AREA_SPART\",\"modelName\":\"NewYardModel\"}"}]}
RESULT: {"script":"<script> [1562 bytes]","args":[{"selector":{"controlType":"sap.m.Input","viewName":"etm.portal.ui.manageyards.view.New","viewId":"application-manageyards-display-component---NewYard","bindingPath":{"path":"","propertyPath":"/SALES_AREA_SPART","modelName":"NewYardModel"},"interaction":{"idSuffix":"inner"}},"wdio_ui5_key":"etmportal.ui.manageyards.view.Newsap.m.Input{\"path\":\"\",\"propertyPath\":\"/SALES_AREA_SPART\",\"modelName\":\"NewYardModel\"}"}]}
RESULT: undefined
COMMAND: POST /session/cd477e99f4e247ef02c326ac6df7445e/execute/async - {"script":"<script> [776 bytes]","args":[{"enterText":"C2","selector":{"controlType":"sap.m.Input","viewName":"etm.portal.ui.manageyards.view.New","viewId":"application-manageyards-display-component---NewYard","bindingPath":{"path":"","propertyPath":"/SALES_AREA_SPART","modelName":"NewYardModel"},"interaction":{"idSuffix":"inner"}},"clearTextFirst":true,"interactionType":"ENTER_TEXT"}]}
RESULT: {"script":"<script> [776 bytes]","args":[{"enterText":"C2","selector":{"controlType":"sap.m.Input","viewName":"etm.portal.ui.manageyards.view.New","viewId":"application-manageyards-display-component---NewYard","bindingPath":{"path":"","propertyPath":"/SALES_AREA_SPART","modelName":"NewYardModel"},"interaction":{"idSuffix":"inner"}},"clearTextFirst":true,"interactionType":"ENTER_TEXT"}]}
COMMAND: POST /session/cd477e99f4e247ef02c326ac6df7445e/execute/async - {"script":"<script> [1562 bytes]","args":[{"selector":{"controlType":"sap.m.Input","viewName":"etm.portal.ui.manageyards.view.New","viewId":"application-manageyards-display-component---NewYard","bindingPath":{"path":"","propertyPath":"/SHIP_POINT","modelName":"NewYardModel"},"interaction":{"idSuffix":"inner"}},"wdio_ui5_key":"etmportal.ui.manageyards.view.Newsap.m.Input{\"path\":\"\",\"propertyPath\":\"/SHIP_POINT\",\"modelName\":\"NewYardModel\"}"}]}
RESULT: {"script":"<script> [1562 bytes]","args":[{"selector":{"controlType":"sap.m.Input","viewName":"etm.portal.ui.manageyards.view.New","viewId":"application-manageyards-display-component---NewYard","bindingPath":{"path":"","propertyPath":"/SHIP_POINT","modelName":"NewYardModel"},"interaction":{"idSuffix":"inner"}},"wdio_ui5_key":"etmportal.ui.manageyards.view.Newsap.m.Input{\"path\":\"\",\"propertyPath\":\"/SHIP_POINT\",\"modelName\":\"NewYardModel\"}"}]}
RESULT: undefined
COMMAND: POST /session/cd477e99f4e247ef02c326ac6df7445e/execute/async - {"script":"<script> [776 bytes]","args":[{"enterText":"1710","selector":{"controlType":"sap.m.Input","viewName":"etm.portal.ui.manageyards.view.New","viewId":"application-manageyards-display-component---NewYard","bindingPath":{"path":"","propertyPath":"/SHIP_POINT","modelName":"NewYardModel"},"interaction":{"idSuffix":"inner"}},"clearTextFirst":true,"interactionType":"ENTER_TEXT"}]}
RESULT: {"script":"<script> [776 bytes]","args":[{"enterText":"1710","selector":{"controlType":"sap.m.Input","viewName":"etm.portal.ui.manageyards.view.New","viewId":"application-manageyards-display-component---NewYard","bindingPath":{"path":"","propertyPath":"/SHIP_POINT","modelName":"NewYardModel"},"interaction":{"idSuffix":"inner"}},"clearTextFirst":true,"interactionType":"ENTER_TEXT"}]}
COMMAND: POST /session/cd477e99f4e247ef02c326ac6df7445e/execute/async - {"script":"<script> [1562 bytes]","args":[{"selector":{"controlType":"sap.m.Input","viewName":"etm.portal.ui.manageyards.view.New","viewId":"application-manageyards-display-component---NewYard","bindingPath":{"path":"","propertyPath":"/DELIVERY_TYPE","modelName":"NewYardModel"},"interaction":{"idSuffix":"inner"}},"wdio_ui5_key":"etmportal.ui.manageyards.view.Newsap.m.Input{\"path\":\"\",\"propertyPath\":\"/DELIVERY_TYPE\",\"modelName\":\"NewYardModel\"}"}]}
RESULT: {"script":"<script> [1562 bytes]","args":[{"selector":{"controlType":"sap.m.Input","viewName":"etm.portal.ui.manageyards.view.New","viewId":"application-manageyards-display-component---NewYard","bindingPath":{"path":"","propertyPath":"/DELIVERY_TYPE","modelName":"NewYardModel"},"interaction":{"idSuffix":"inner"}},"wdio_ui5_key":"etmportal.ui.manageyards.view.Newsap.m.Input{\"path\":\"\",\"propertyPath\":\"/DELIVERY_TYPE\",\"modelName\":\"NewYardModel\"}"}]}
RESULT: undefined
COMMAND: POST /session/cd477e99f4e247ef02c326ac6df7445e/execute/async - {"script":"<script> [776 bytes]","args":[{"enterText":"ZL01","selector":{"controlType":"sap.m.Input","viewName":"etm.portal.ui.manageyards.view.New","viewId":"application-manageyards-display-component---NewYard","bindingPath":{"path":"","propertyPath":"/DELIVERY_TYPE","modelName":"NewYardModel"},"interaction":{"idSuffix":"inner"}},"clearTextFirst":true,"interactionType":"ENTER_TEXT"}]}
RESULT: {"script":"<script> [776 bytes]","args":[{"enterText":"ZL01","selector":{"controlType":"sap.m.Input","viewName":"etm.portal.ui.manageyards.view.New","viewId":"application-manageyards-display-component---NewYard","bindingPath":{"path":"","propertyPath":"/DELIVERY_TYPE","modelName":"NewYardModel"},"interaction":{"idSuffix":"inner"}},"clearTextFirst":true,"interactionType":"ENTER_TEXT"}]}
COMMAND: POST /session/cd477e99f4e247ef02c326ac6df7445e/execute/async - {"script":"<script> [1562 bytes]","args":[{"selector":{"controlType":"sap.m.Input","viewName":"etm.portal.ui.manageyards.view.New","viewId":"application-manageyards-display-component---NewYard","bindingPath":{"path":"","propertyPath":"/AUART","modelName":"NewYardModel"},"interaction":{"idSuffix":"inner"}},"wdio_ui5_key":"etmportal.ui.manageyards.view.Newsap.m.Input{\"path\":\"\",\"propertyPath\":\"/AUART\",\"modelName\":\"NewYardModel\"}"}]}
RESULT: {"script":"<script> [1562 bytes]","args":[{"selector":{"controlType":"sap.m.Input","viewName":"etm.portal.ui.manageyards.view.New","viewId":"application-manageyards-display-component---NewYard","bindingPath":{"path":"","propertyPath":"/AUART","modelName":"NewYardModel"},"interaction":{"idSuffix":"inner"}},"wdio_ui5_key":"etmportal.ui.manageyards.view.Newsap.m.Input{\"path\":\"\",\"propertyPath\":\"/AUART\",\"modelName\":\"NewYardModel\"}"}]}
RESULT: undefined
COMMAND: POST /session/cd477e99f4e247ef02c326ac6df7445e/execute/async - {"script":"<script> [776 bytes]","args":[{"enterText":"TA","selector":{"controlType":"sap.m.Input","viewName":"etm.portal.ui.manageyards.view.New","viewId":"application-manageyards-display-component---NewYard","bindingPath":{"path":"","propertyPath":"/AUART","modelName":"NewYardModel"},"interaction":{"idSuffix":"inner"}},"clearTextFirst":true,"interactionType":"ENTER_TEXT"}]}
RESULT: {"script":"<script> [776 bytes]","args":[{"enterText":"TA","selector":{"controlType":"sap.m.Input","viewName":"etm.portal.ui.manageyards.view.New","viewId":"application-manageyards-display-component---NewYard","bindingPath":{"path":"","propertyPath":"/AUART","modelName":"NewYardModel"},"interaction":{"idSuffix":"inner"}},"clearTextFirst":true,"interactionType":"ENTER_TEXT"}]}
COMMAND: POST /session/cd477e99f4e247ef02c326ac6df7445e/execute/async - {"script":"<script> [1562 bytes]","args":[{"selector":{"id":"application-manageyards-display-component---NewYard--whmCheckBox","interaction":{"idSuffix":"CbBg"}},"wdio_ui5_key":"applicationmanageyards-display-component---NewYard--whmCheckBox"}]}
RESULT: {"script":"<script> [1562 bytes]","args":[{"selector":{"id":"application-manageyards-display-component---NewYard--whmCheckBox","interaction":{"idSuffix":"CbBg"}},"wdio_ui5_key":"applicationmanageyards-display-component---NewYard--whmCheckBox"}]}
RESULT: undefined
COMMAND: POST /session/cd477e99f4e247ef02c326ac6df7445e/element - {"using":"xpath","value":"//*[@id=\"application-manageyards-display-component---NewYard--whmCheckBox\"]"}
RESULT: {"using":"xpath","value":"//*[@id=\"application-manageyards-display-component---NewYard--whmCheckBox\"]"}
COMMAND: POST /session/cd477e99f4e247ef02c326ac6df7445e/element/f.375AD1BF2998C782D6149A43C57C8E27.d.351BCFB181055ACB6317C832DB39DDB7.e.17782/click - {}
RESULT: {}
COMMAND: POST /session/cd477e99f4e247ef02c326ac6df7445e/execute/async - {"script":"<script> [1562 bytes]","args":[{"selector":{"controlType":"sap.m.Button","viewName":"etm.portal.ui.manageyards.view.New","viewId":"application-manageyards-display-component---NewYard","i18NText":{"propertyName":"text","key":"save"},"interaction":{"idSuffix":"BDI-content"}},"wdio_ui5_key":"etmportal.ui.manageyards.view.Newsap.m.Button{\"propertyName\":\"text\",\"key\":\"save\"}"}]}
COMMAND: GET /session/cd477e99f4e247ef02c326ac6df7445e/screenshot - {}
RESULT: {"script":"<script> [1562 bytes]","args":[{"selector":{"controlType":"sap.m.Button","viewName":"etm.portal.ui.manageyards.view.New","viewId":"application-manageyards-display-component---NewYard","i18NText":{"propertyName":"text","key":"save"},"interaction":{"idSuffix":"BDI-content"}},"wdio_ui5_key":"etmportal.ui.manageyards.view.Newsap.m.Button{\"propertyName\":\"text\",\"key\":\"save\"}"}]}
RESULT: undefined
COMMAND: POST /session/cd477e99f4e247ef02c326ac6df7445e/element - {"using":"xpath","value":"//*[@id=\"__button18\"]"}
RESULT: {}
RESULT: {"using":"xpath","value":"//*[@id=\"__button18\"]"}
COMMAND: POST /session/cd477e99f4e247ef02c326ac6df7445e/element/f.375AD1BF2998C782D6149A43C57C8E27.d.351BCFB181055ACB6317C832DB39DDB7.e.17723/click - {}
RESULT: {}
COMMAND: GET /session/cd477e99f4e247ef02c326ac6df7445e/screenshot - {}
RESULT: {}
COMMAND: POST /session/cd477e99f4e247ef02c326ac6df7445e/execute/async - {"script":"<script> [1562 bytes]","args":[{"selector":{"controlType":"sap.m.Text","viewName":"etm.portal.ui.manageyards.view.Detail","viewId":"application-manageyards-display-component---detailYard","bindingPath":{"propertyPath":"ID","modelName":"catalogModel"}},"wdio_ui5_key":"etmportal.ui.manageyards.view.Detailsap.m.Text{\"propertyPath\":\"ID\",\"modelName\":\"catalogModel\"}"}]}
RESULT: {"script":"<script> [1562 bytes]","args":[{"selector":{"controlType":"sap.m.Text","viewName":"etm.portal.ui.manageyards.view.Detail","viewId":"application-manageyards-display-component---detailYard","bindingPath":{"propertyPath":"ID","modelName":"catalogModel"}},"wdio_ui5_key":"etmportal.ui.manageyards.view.Detailsap.m.Text{\"propertyPath\":\"ID\",\"modelName\":\"catalogModel\"}"}]}
RESULT: undefined
COMMAND: POST /session/cd477e99f4e247ef02c326ac6df7445e/execute/async - {"script":"<script> [6424 bytes]","args":[{"element-6066-11e4-a52e-4f735466cecf":"f.375AD1BF2998C782D6149A43C57C8E27.d.351BCFB181055ACB6317C832DB39DDB7.e.17979"},"getText",[]]}
RESULT: {"script":"<script> [6424 bytes]","args":[{"element-6066-11e4-a52e-4f735466cecf":"f.375AD1BF2998C782D6149A43C57C8E27.d.351BCFB181055ACB6317C832DB39DDB7.e.17979"},"getText",[]]}
COMMAND: POST /session/cd477e99f4e247ef02c326ac6df7445e/element - {"using":"css selector","value":"#shell-header-logo"}
RESULT: {"using":"css selector","value":"#shell-header-logo"}
COMMAND: POST /session/cd477e99f4e247ef02c326ac6df7445e/element/f.375AD1BF2998C782D6149A43C57C8E27.d.351BCFB181055ACB6317C832DB39DDB7.e.17275/click - {}
RESULT: {}
COMMAND: GET /session/cd477e99f4e247ef02c326ac6df7445e/screenshot - {}
RESULT: {}
]]></system-out>
    </testcase>
    <testcase classname="chrome.135_0_7049_96.windows.Create_masterdata_for_Yard_Overview_-_trigger_provide_US130988" name="Should create site" time="55.98">
      <system-out><![CDATA[
COMMAND: POST /session/cd477e99f4e247ef02c326ac6df7445e/execute/async - {"script":"<script> [1562 bytes]","args":[{"selector":{"controlType":"sap.m.GenericTile","properties":{"header":"Manage Sites"}},"wdio_ui5_key":"sapm.GenericTile{\"header\":\"Manage Sites\"}"}]}
RESULT: {"script":"<script> [1562 bytes]","args":[{"selector":{"controlType":"sap.m.GenericTile","properties":{"header":"Manage Sites"}},"wdio_ui5_key":"sapm.GenericTile{\"header\":\"Manage Sites\"}"}]}
RESULT: undefined
COMMAND: POST /session/cd477e99f4e247ef02c326ac6df7445e/element - {"using":"xpath","value":"//*[@id=\"__tile40\"]"}
RESULT: {"using":"xpath","value":"//*[@id=\"__tile40\"]"}
COMMAND: POST /session/cd477e99f4e247ef02c326ac6df7445e/element/f.375AD1BF2998C782D6149A43C57C8E27.d.351BCFB181055ACB6317C832DB39DDB7.e.17981/click - {}
RESULT: {}
COMMAND: GET /session/cd477e99f4e247ef02c326ac6df7445e/screenshot - {}
RESULT: {}
COMMAND: POST /session/cd477e99f4e247ef02c326ac6df7445e/execute/async - {"script":"<script> [1562 bytes]","args":[{"selector":{"controlType":"sap.ui.core.Icon","viewName":"etm.portal.ui.managesites.view.Master","viewId":"application-managesites-display-component---masterSite","properties":{"src":{"regex":{"source":"add"}}}},"wdio_ui5_key":"etmportal.ui.managesites.view.Mastersap.ui.core.Icon{\"src\":{\"regex\":{\"source\":\"add\"}}}"}]}
RESULT: {"script":"<script> [1562 bytes]","args":[{"selector":{"controlType":"sap.ui.core.Icon","viewName":"etm.portal.ui.managesites.view.Master","viewId":"application-managesites-display-component---masterSite","properties":{"src":{"regex":{"source":"add"}}}},"wdio_ui5_key":"etmportal.ui.managesites.view.Mastersap.ui.core.Icon{\"src\":{\"regex\":{\"source\":\"add\"}}}"}]}
RESULT: undefined
COMMAND: POST /session/cd477e99f4e247ef02c326ac6df7445e/element - {"using":"xpath","value":"//*[@id=\"__button64-img\"]"}
RESULT: {"using":"xpath","value":"//*[@id=\"__button64-img\"]"}
COMMAND: POST /session/cd477e99f4e247ef02c326ac6df7445e/element/f.375AD1BF2998C782D6149A43C57C8E27.d.351BCFB181055ACB6317C832DB39DDB7.e.18028/click - {}
RESULT: {}
COMMAND: GET /session/cd477e99f4e247ef02c326ac6df7445e/screenshot - {}
COMMAND: POST /session/cd477e99f4e247ef02c326ac6df7445e/execute/async - {"script":"<script> [1562 bytes]","args":[{"selector":{"controlType":"sap.m.Button","viewName":"etm.portal.ui.managesites.view.NewSmartSite","viewId":"application-managesites-display-component---NewSite","properties":{"text":"General Information"},"interaction":{"idSuffix":"BDI-content"}},"wdio_ui5_key":"etmportal.ui.managesites.view.NewSmartSitesap.m.Button{\"text\":\"General Information\"}"}]}
RESULT: {}
RESULT: {"script":"<script> [1562 bytes]","args":[{"selector":{"controlType":"sap.m.Button","viewName":"etm.portal.ui.managesites.view.NewSmartSite","viewId":"application-managesites-display-component---NewSite","properties":{"text":"General Information"},"interaction":{"idSuffix":"BDI-content"}},"wdio_ui5_key":"etmportal.ui.managesites.view.NewSmartSitesap.m.Button{\"text\":\"General Information\"}"}]}
RESULT: undefined
COMMAND: POST /session/cd477e99f4e247ef02c326ac6df7445e/element - {"using":"xpath","value":"//*[@id=\"application-managesites-display-component---NewSite--ObjectPageLayout-anchBar-__section31-anchor\"]"}
RESULT: {"using":"xpath","value":"//*[@id=\"application-managesites-display-component---NewSite--ObjectPageLayout-anchBar-__section31-anchor\"]"}
COMMAND: POST /session/cd477e99f4e247ef02c326ac6df7445e/element/f.375AD1BF2998C782D6149A43C57C8E27.d.351BCFB181055ACB6317C832DB39DDB7.e.18408/click - {}
RESULT: {}
COMMAND: POST /session/cd477e99f4e247ef02c326ac6df7445e/execute/async - {"script":"<script> [1562 bytes]","args":[{"selector":{"id":"application-managesites-display-component---NewSite--addressDetailDetailsName1","interaction":{"idSuffix":"inner"}},"wdio_ui5_key":"applicationmanagesites-display-component---NewSite--addressDetailDetailsName1"}]}
COMMAND: GET /session/cd477e99f4e247ef02c326ac6df7445e/screenshot - {}
RESULT: {"script":"<script> [1562 bytes]","args":[{"selector":{"id":"application-managesites-display-component---NewSite--addressDetailDetailsName1","interaction":{"idSuffix":"inner"}},"wdio_ui5_key":"applicationmanagesites-display-component---NewSite--addressDetailDetailsName1"}]}
RESULT: undefined
COMMAND: POST /session/cd477e99f4e247ef02c326ac6df7445e/execute/async - {"script":"<script> [776 bytes]","args":[{"enterText":"Webdriver - WHM putaway","selector":{"id":"application-managesites-display-component---NewSite--addressDetailDetailsName1","interaction":{"idSuffix":"inner"}},"clearTextFirst":true,"interactionType":"ENTER_TEXT"}]}
RESULT: {}
RESULT: {"script":"<script> [776 bytes]","args":[{"enterText":"Webdriver - WHM putaway","selector":{"id":"application-managesites-display-component---NewSite--addressDetailDetailsName1","interaction":{"idSuffix":"inner"}},"clearTextFirst":true,"interactionType":"ENTER_TEXT"}]}
COMMAND: POST /session/cd477e99f4e247ef02c326ac6df7445e/execute/async - {"script":"<script> [1562 bytes]","args":[{"selector":{"id":"application-managesites-display-component---NewSite--addressDetailDetailsLanguage","interaction":{"idSuffix":"inner"}},"wdio_ui5_key":"applicationmanagesites-display-component---NewSite--addressDetailDetailsLanguage"}]}
RESULT: {"script":"<script> [1562 bytes]","args":[{"selector":{"id":"application-managesites-display-component---NewSite--addressDetailDetailsLanguage","interaction":{"idSuffix":"inner"}},"wdio_ui5_key":"applicationmanagesites-display-component---NewSite--addressDetailDetailsLanguage"}]}
RESULT: undefined
COMMAND: POST /session/cd477e99f4e247ef02c326ac6df7445e/execute/async - {"script":"<script> [776 bytes]","args":[{"enterText":"Romanian","selector":{"id":"application-managesites-display-component---NewSite--addressDetailDetailsLanguage","interaction":{"idSuffix":"inner"}},"clearTextFirst":true,"interactionType":"ENTER_TEXT"}]}
RESULT: {"script":"<script> [776 bytes]","args":[{"enterText":"Romanian","selector":{"id":"application-managesites-display-component---NewSite--addressDetailDetailsLanguage","interaction":{"idSuffix":"inner"}},"clearTextFirst":true,"interactionType":"ENTER_TEXT"}]}
COMMAND: POST /session/cd477e99f4e247ef02c326ac6df7445e/execute/async - {"script":"<script> [1562 bytes]","args":[{"selector":{"id":"application-managesites-display-component---NewSite--addressDetailDetailsCity1","interaction":{"idSuffix":"inner"}},"wdio_ui5_key":"applicationmanagesites-display-component---NewSite--addressDetailDetailsCity1"}]}
RESULT: {"script":"<script> [1562 bytes]","args":[{"selector":{"id":"application-managesites-display-component---NewSite--addressDetailDetailsCity1","interaction":{"idSuffix":"inner"}},"wdio_ui5_key":"applicationmanagesites-display-component---NewSite--addressDetailDetailsCity1"}]}
RESULT: undefined
COMMAND: POST /session/cd477e99f4e247ef02c326ac6df7445e/execute/async - {"script":"<script> [776 bytes]","args":[{"enterText":"Bucharest","selector":{"id":"application-managesites-display-component---NewSite--addressDetailDetailsCity1","interaction":{"idSuffix":"inner"}},"clearTextFirst":true,"interactionType":"ENTER_TEXT"}]}
RESULT: {"script":"<script> [776 bytes]","args":[{"enterText":"Bucharest","selector":{"id":"application-managesites-display-component---NewSite--addressDetailDetailsCity1","interaction":{"idSuffix":"inner"}},"clearTextFirst":true,"interactionType":"ENTER_TEXT"}]}
COMMAND: POST /session/cd477e99f4e247ef02c326ac6df7445e/execute/async - {"script":"<script> [1562 bytes]","args":[{"selector":{"id":"application-managesites-display-component---NewSite--addressDetailDetailsCountry","interaction":{"idSuffix":"inner"}},"wdio_ui5_key":"applicationmanagesites-display-component---NewSite--addressDetailDetailsCountry"}]}
RESULT: {"script":"<script> [1562 bytes]","args":[{"selector":{"id":"application-managesites-display-component---NewSite--addressDetailDetailsCountry","interaction":{"idSuffix":"inner"}},"wdio_ui5_key":"applicationmanagesites-display-component---NewSite--addressDetailDetailsCountry"}]}
RESULT: undefined
COMMAND: POST /session/cd477e99f4e247ef02c326ac6df7445e/execute/async - {"script":"<script> [6424 bytes]","args":[{"element-6066-11e4-a52e-4f735466cecf":"f.375AD1BF2998C782D6149A43C57C8E27.d.351BCFB181055ACB6317C832DB39DDB7.e.18255"},"setValue",["Romania"]]}
RESULT: {"script":"<script> [6424 bytes]","args":[{"element-6066-11e4-a52e-4f735466cecf":"f.375AD1BF2998C782D6149A43C57C8E27.d.351BCFB181055ACB6317C832DB39DDB7.e.18255"},"setValue",["Romania"]]}
COMMAND: POST /session/cd477e99f4e247ef02c326ac6df7445e/execute/async - {"script":"<script> [1562 bytes]","args":[{"selector":{"id":"application-managesites-display-component---NewSite--addressDetailDetailsCalendar","interaction":{"idSuffix":"inner"}},"wdio_ui5_key":"applicationmanagesites-display-component---NewSite--addressDetailDetailsCalendar"}]}
RESULT: {"script":"<script> [1562 bytes]","args":[{"selector":{"id":"application-managesites-display-component---NewSite--addressDetailDetailsCalendar","interaction":{"idSuffix":"inner"}},"wdio_ui5_key":"applicationmanagesites-display-component---NewSite--addressDetailDetailsCalendar"}]}
RESULT: undefined
COMMAND: POST /session/cd477e99f4e247ef02c326ac6df7445e/execute/async - {"script":"<script> [776 bytes]","args":[{"enterText":"8 - Germany (Standard)","selector":{"id":"application-managesites-display-component---NewSite--addressDetailDetailsCalendar","interaction":{"idSuffix":"inner"}},"clearTextFirst":true,"interactionType":"ENTER_TEXT"}]}
RESULT: {"script":"<script> [776 bytes]","args":[{"enterText":"8 - Germany (Standard)","selector":{"id":"application-managesites-display-component---NewSite--addressDetailDetailsCalendar","interaction":{"idSuffix":"inner"}},"clearTextFirst":true,"interactionType":"ENTER_TEXT"}]}
COMMAND: POST /session/cd477e99f4e247ef02c326ac6df7445e/element - {"using":"xpath","value":"//input[@id=\"application-managesites-display-component---NewSite--addressDetailDetailsYard-inner\"]"}
RESULT: {"using":"xpath","value":"//input[@id=\"application-managesites-display-component---NewSite--addressDetailDetailsYard-inner\"]"}
COMMAND: POST /session/cd477e99f4e247ef02c326ac6df7445e/element/f.375AD1BF2998C782D6149A43C57C8E27.d.351BCFB181055ACB6317C832DB39DDB7.e.18266/value - {"text":"800"}
RESULT: {"text":"800"}
COMMAND: GET /session/cd477e99f4e247ef02c326ac6df7445e/screenshot - {}
RESULT: {}
COMMAND: POST /session/cd477e99f4e247ef02c326ac6df7445e/actions - {"actions":[{"id":"action48","type":"key","parameters":{},"actions":[{"type":"keyDown","value":"î€‡"},{"type":"pause","duration":10},{"type":"keyUp","value":"î€‡"}]}]}
RESULT: {"actions":[{"id":"action48","type":"key","parameters":{},"actions":[{"type":"keyDown","value":"î€‡"},{"type":"pause","duration":10},{"type":"keyUp","value":"î€‡"}]}]}
COMMAND: POST /session/cd477e99f4e247ef02c326ac6df7445e/execute/async - {"script":"<script> [1562 bytes]","args":[{"selector":{"controlType":"sap.m.Button","viewName":"etm.portal.ui.managesites.view.NewSmartSite","viewId":"application-managesites-display-component---NewSite","properties":{"text":"Commercial"},"interaction":{"idSuffix":"BDI-content"}},"wdio_ui5_key":"etmportal.ui.managesites.view.NewSmartSitesap.m.Button{\"text\":\"Commercial\"}"}]}
COMMAND: GET /session/cd477e99f4e247ef02c326ac6df7445e/screenshot - {}
RESULT: {"script":"<script> [1562 bytes]","args":[{"selector":{"controlType":"sap.m.Button","viewName":"etm.portal.ui.managesites.view.NewSmartSite","viewId":"application-managesites-display-component---NewSite","properties":{"text":"Commercial"},"interaction":{"idSuffix":"BDI-content"}},"wdio_ui5_key":"etmportal.ui.managesites.view.NewSmartSitesap.m.Button{\"text\":\"Commercial\"}"}]}
RESULT: undefined
COMMAND: POST /session/cd477e99f4e247ef02c326ac6df7445e/element - {"using":"xpath","value":"//*[@id=\"application-managesites-display-component---NewSite--ObjectPageLayout-anchBar-__section33-anchor\"]"}
RESULT: {}
RESULT: {"using":"xpath","value":"//*[@id=\"application-managesites-display-component---NewSite--ObjectPageLayout-anchBar-__section33-anchor\"]"}
COMMAND: POST /session/cd477e99f4e247ef02c326ac6df7445e/element/f.375AD1BF2998C782D6149A43C57C8E27.d.351BCFB181055ACB6317C832DB39DDB7.e.18417/click - {}
RESULT: {}
COMMAND: POST /session/cd477e99f4e247ef02c326ac6df7445e/execute/async - {"script":"<script> [1562 bytes]","args":[{"selector":{"controlType":"sap.m.Button","viewName":"etm.portal.ui.managesites.view.NewSmartSite","viewId":"application-managesites-display-component---NewSite","i18NText":{"propertyName":"text","key":"save"},"interaction":{"idSuffix":"BDI-content"}},"wdio_ui5_key":"etmportal.ui.managesites.view.NewSmartSitesap.m.Button{\"propertyName\":\"text\",\"key\":\"save\"}"}]}
COMMAND: GET /session/cd477e99f4e247ef02c326ac6df7445e/screenshot - {}
RESULT: {"script":"<script> [1562 bytes]","args":[{"selector":{"controlType":"sap.m.Button","viewName":"etm.portal.ui.managesites.view.NewSmartSite","viewId":"application-managesites-display-component---NewSite","i18NText":{"propertyName":"text","key":"save"},"interaction":{"idSuffix":"BDI-content"}},"wdio_ui5_key":"etmportal.ui.managesites.view.NewSmartSitesap.m.Button{\"propertyName\":\"text\",\"key\":\"save\"}"}]}
RESULT: undefined
COMMAND: POST /session/cd477e99f4e247ef02c326ac6df7445e/element - {"using":"xpath","value":"//*[@id=\"__button76\"]"}
RESULT: {}
RESULT: {"using":"xpath","value":"//*[@id=\"__button76\"]"}
COMMAND: POST /session/cd477e99f4e247ef02c326ac6df7445e/element/f.375AD1BF2998C782D6149A43C57C8E27.d.351BCFB181055ACB6317C832DB39DDB7.e.18389/click - {}
RESULT: {}
COMMAND: GET /session/cd477e99f4e247ef02c326ac6df7445e/screenshot - {}
RESULT: {}
COMMAND: POST /session/cd477e99f4e247ef02c326ac6df7445e/execute/async - {"script":"<script> [1562 bytes]","args":[{"selector":{"controlType":"sap.m.Text","viewName":"etm.portal.ui.managesites.view.Detail","viewId":"application-managesites-display-component---detailSite","bindingPath":{"propertyPath":"ID","modelName":"catalogModel"}},"wdio_ui5_key":"etmportal.ui.managesites.view.Detailsap.m.Text{\"propertyPath\":\"ID\",\"modelName\":\"catalogModel\"}"}]}
RESULT: {"script":"<script> [1562 bytes]","args":[{"selector":{"controlType":"sap.m.Text","viewName":"etm.portal.ui.managesites.view.Detail","viewId":"application-managesites-display-component---detailSite","bindingPath":{"propertyPath":"ID","modelName":"catalogModel"}},"wdio_ui5_key":"etmportal.ui.managesites.view.Detailsap.m.Text{\"propertyPath\":\"ID\",\"modelName\":\"catalogModel\"}"}]}
RESULT: undefined
COMMAND: POST /session/cd477e99f4e247ef02c326ac6df7445e/execute/async - {"script":"<script> [6424 bytes]","args":[{"element-6066-11e4-a52e-4f735466cecf":"f.375AD1BF2998C782D6149A43C57C8E27.d.351BCFB181055ACB6317C832DB39DDB7.e.18614"},"getText",[]]}
RESULT: {"script":"<script> [6424 bytes]","args":[{"element-6066-11e4-a52e-4f735466cecf":"f.375AD1BF2998C782D6149A43C57C8E27.d.351BCFB181055ACB6317C832DB39DDB7.e.18614"},"getText",[]]}
COMMAND: POST /session/cd477e99f4e247ef02c326ac6df7445e/execute/async - {"script":"<script> [1562 bytes]","args":[{"selector":{"controlType":"sap.m.Label","viewName":"etm.portal.ui.managesites.view.Detail","viewId":"application-managesites-display-component---detailSite","i18NText":{"propertyName":"text","key":"status"}},"wdio_ui5_key":"etmportal.ui.managesites.view.Detailsap.m.Label{\"propertyName\":\"text\",\"key\":\"status\"}"}]}
RESULT: {"script":"<script> [1562 bytes]","args":[{"selector":{"controlType":"sap.m.Label","viewName":"etm.portal.ui.managesites.view.Detail","viewId":"application-managesites-display-component---detailSite","i18NText":{"propertyName":"text","key":"status"}},"wdio_ui5_key":"etmportal.ui.managesites.view.Detailsap.m.Label{\"propertyName\":\"text\",\"key\":\"status\"}"}]}
RESULT: undefined
COMMAND: POST /session/cd477e99f4e247ef02c326ac6df7445e/execute/async - {"script":"<script> [6424 bytes]","args":[{"element-6066-11e4-a52e-4f735466cecf":"f.375AD1BF2998C782D6149A43C57C8E27.d.351BCFB181055ACB6317C832DB39DDB7.e.18603"},"getText",[]]}
RESULT: {"script":"<script> [6424 bytes]","args":[{"element-6066-11e4-a52e-4f735466cecf":"f.375AD1BF2998C782D6149A43C57C8E27.d.351BCFB181055ACB6317C832DB39DDB7.e.18603"},"getText",[]]}
COMMAND: POST /session/cd477e99f4e247ef02c326ac6df7445e/element - {"using":"css selector","value":"#shell-header-logo"}
RESULT: {"using":"css selector","value":"#shell-header-logo"}
COMMAND: POST /session/cd477e99f4e247ef02c326ac6df7445e/element/f.375AD1BF2998C782D6149A43C57C8E27.d.351BCFB181055ACB6317C832DB39DDB7.e.17984/click - {}
RESULT: {}
COMMAND: GET /session/cd477e99f4e247ef02c326ac6df7445e/screenshot - {}
RESULT: {}
]]></system-out>
    </testcase>
    <testcase classname="chrome.135_0_7049_96.windows.Create_masterdata_for_Yard_Overview_-_trigger_provide_US130988" name="Should create Partner" time="66.895">
      <system-out><![CDATA[
COMMAND: POST /session/cd477e99f4e247ef02c326ac6df7445e/execute/async - {"script":"<script> [1562 bytes]","args":[{"selector":{"controlType":"sap.m.GenericTile","properties":{"header":"Manage Partners"}},"wdio_ui5_key":"sapm.GenericTile{\"header\":\"Manage Partners\"}"}]}
RESULT: {"script":"<script> [1562 bytes]","args":[{"selector":{"controlType":"sap.m.GenericTile","properties":{"header":"Manage Partners"}},"wdio_ui5_key":"sapm.GenericTile{\"header\":\"Manage Partners\"}"}]}
RESULT: undefined
COMMAND: POST /session/cd477e99f4e247ef02c326ac6df7445e/element - {"using":"xpath","value":"//*[@id=\"__tile38\"]"}
RESULT: {"using":"xpath","value":"//*[@id=\"__tile38\"]"}
COMMAND: POST /session/cd477e99f4e247ef02c326ac6df7445e/element/f.375AD1BF2998C782D6149A43C57C8E27.d.351BCFB181055ACB6317C832DB39DDB7.e.18617/click - {}
RESULT: {}
COMMAND: GET /session/cd477e99f4e247ef02c326ac6df7445e/screenshot - {}
RESULT: {}
COMMAND: POST /session/cd477e99f4e247ef02c326ac6df7445e/execute/async - {"script":"<script> [1562 bytes]","args":[{"selector":{"controlType":"sap.ui.core.Icon","viewName":"etm.portal.ui.managepartners.view.Master","viewId":"application-managepartners-display-component---masterPtm","properties":{"src":{"regex":{"source":"add"}}}},"wdio_ui5_key":"etmportal.ui.managepartners.view.Mastersap.ui.core.Icon{\"src\":{\"regex\":{\"source\":\"add\"}}}"}]}
RESULT: {"script":"<script> [1562 bytes]","args":[{"selector":{"controlType":"sap.ui.core.Icon","viewName":"etm.portal.ui.managepartners.view.Master","viewId":"application-managepartners-display-component---masterPtm","properties":{"src":{"regex":{"source":"add"}}}},"wdio_ui5_key":"etmportal.ui.managepartners.view.Mastersap.ui.core.Icon{\"src\":{\"regex\":{\"source\":\"add\"}}}"}]}
RESULT: undefined
COMMAND: POST /session/cd477e99f4e247ef02c326ac6df7445e/element - {"using":"xpath","value":"//*[@id=\"__button119-img\"]"}
RESULT: {"using":"xpath","value":"//*[@id=\"__button119-img\"]"}
COMMAND: POST /session/cd477e99f4e247ef02c326ac6df7445e/element/f.375AD1BF2998C782D6149A43C57C8E27.d.351BCFB181055ACB6317C832DB39DDB7.e.18665/click - {}
RESULT: {}
COMMAND: GET /session/cd477e99f4e247ef02c326ac6df7445e/screenshot - {}
RESULT: {}
COMMAND: POST /session/cd477e99f4e247ef02c326ac6df7445e/execute/async - {"script":"<script> [1562 bytes]","args":[{"selector":{"id":"application-managepartners-display-component---NewPartner--addressDetailDetailsName1","interaction":{"idSuffix":"inner"}},"wdio_ui5_key":"applicationmanagepartners-display-component---NewPartner--addressDetailDetailsName1"}]}
RESULT: {"script":"<script> [1562 bytes]","args":[{"selector":{"id":"application-managepartners-display-component---NewPartner--addressDetailDetailsName1","interaction":{"idSuffix":"inner"}},"wdio_ui5_key":"applicationmanagepartners-display-component---NewPartner--addressDetailDetailsName1"}]}
RESULT: undefined
COMMAND: POST /session/cd477e99f4e247ef02c326ac6df7445e/execute/async - {"script":"<script> [776 bytes]","args":[{"enterText":"Webdriver - WHM putaway","selector":{"id":"application-managepartners-display-component---NewPartner--addressDetailDetailsName1","interaction":{"idSuffix":"inner"}},"clearTextFirst":true,"interactionType":"ENTER_TEXT"}]}
RESULT: {"script":"<script> [776 bytes]","args":[{"enterText":"Webdriver - WHM putaway","selector":{"id":"application-managepartners-display-component---NewPartner--addressDetailDetailsName1","interaction":{"idSuffix":"inner"}},"clearTextFirst":true,"interactionType":"ENTER_TEXT"}]}
COMMAND: POST /session/cd477e99f4e247ef02c326ac6df7445e/execute/async - {"script":"<script> [1562 bytes]","args":[{"selector":{"id":"application-managepartners-display-component---NewPartner--addressDetailDetailsLanguage-arrow"},"wdio_ui5_key":"applicationmanagepartners-display-component---NewPartner--addressDetailDetailsLanguage-arrow"}]}
RESULT: {"script":"<script> [1562 bytes]","args":[{"selector":{"id":"application-managepartners-display-component---NewPartner--addressDetailDetailsLanguage-arrow"},"wdio_ui5_key":"applicationmanagepartners-display-component---NewPartner--addressDetailDetailsLanguage-arrow"}]}
RESULT: undefined
COMMAND: POST /session/cd477e99f4e247ef02c326ac6df7445e/element - {"using":"xpath","value":"//*[@id=\"application-managepartners-display-component---NewPartner--addressDetailDetailsLanguage-arrow\"]"}
RESULT: {"using":"xpath","value":"//*[@id=\"application-managepartners-display-component---NewPartner--addressDetailDetailsLanguage-arrow\"]"}
COMMAND: POST /session/cd477e99f4e247ef02c326ac6df7445e/element/f.375AD1BF2998C782D6149A43C57C8E27.d.351BCFB181055ACB6317C832DB39DDB7.e.19086/click - {}
RESULT: {}
COMMAND: POST /session/cd477e99f4e247ef02c326ac6df7445e/execute/async - {"script":"<script> [1562 bytes]","args":[{"selector":{"controlType":"sap.m.StandardListItem","viewName":"etm.portal.ui.managepartners.view.NewPartner","viewId":"application-managepartners-display-component---NewPartner","properties":{"title":"English"},"searchOpenDialogs":true,"interaction":{"idSuffix":"content"}},"wdio_ui5_key":"etmportal.ui.managepartners.view.NewPartnersap.m.StandardListItem{\"title\":\"English\"}"}]}
COMMAND: GET /session/cd477e99f4e247ef02c326ac6df7445e/screenshot - {}
RESULT: {"script":"<script> [1562 bytes]","args":[{"selector":{"controlType":"sap.m.StandardListItem","viewName":"etm.portal.ui.managepartners.view.NewPartner","viewId":"application-managepartners-display-component---NewPartner","properties":{"title":"English"},"searchOpenDialogs":true,"interaction":{"idSuffix":"content"}},"wdio_ui5_key":"etmportal.ui.managepartners.view.NewPartnersap.m.StandardListItem{\"title\":\"English\"}"}]}
RESULT: undefined
COMMAND: POST /session/cd477e99f4e247ef02c326ac6df7445e/element - {"using":"xpath","value":"//*[@id=\"__item1322\"]"}
RESULT: {}
RESULT: {"using":"xpath","value":"//*[@id=\"__item1322\"]"}
COMMAND: POST /session/cd477e99f4e247ef02c326ac6df7445e/element/f.375AD1BF2998C782D6149A43C57C8E27.d.351BCFB181055ACB6317C832DB39DDB7.e.19088/click - {}
RESULT: {}
COMMAND: POST /session/cd477e99f4e247ef02c326ac6df7445e/execute/async - {"script":"<script> [1562 bytes]","args":[{"selector":{"id":"application-managepartners-display-component---NewPartner--addressDetailDetailsCity1","interaction":{"idSuffix":"inner"}},"wdio_ui5_key":"applicationmanagepartners-display-component---NewPartner--addressDetailDetailsCity1"}]}
COMMAND: GET /session/cd477e99f4e247ef02c326ac6df7445e/screenshot - {}
RESULT: {"script":"<script> [1562 bytes]","args":[{"selector":{"id":"application-managepartners-display-component---NewPartner--addressDetailDetailsCity1","interaction":{"idSuffix":"inner"}},"wdio_ui5_key":"applicationmanagepartners-display-component---NewPartner--addressDetailDetailsCity1"}]}
RESULT: undefined
COMMAND: POST /session/cd477e99f4e247ef02c326ac6df7445e/execute/async - {"script":"<script> [776 bytes]","args":[{"enterText":"Bangalore","selector":{"id":"application-managepartners-display-component---NewPartner--addressDetailDetailsCity1","interaction":{"idSuffix":"inner"}},"clearTextFirst":true,"interactionType":"ENTER_TEXT"}]}
RESULT: {}
RESULT: {"script":"<script> [776 bytes]","args":[{"enterText":"Bangalore","selector":{"id":"application-managepartners-display-component---NewPartner--addressDetailDetailsCity1","interaction":{"idSuffix":"inner"}},"clearTextFirst":true,"interactionType":"ENTER_TEXT"}]}
COMMAND: POST /session/cd477e99f4e247ef02c326ac6df7445e/execute/async - {"script":"<script> [1562 bytes]","args":[{"selector":{"id":"application-managepartners-display-component---NewPartner--addressDetailDetailsCountry-arrow"},"wdio_ui5_key":"applicationmanagepartners-display-component---NewPartner--addressDetailDetailsCountry-arrow"}]}
RESULT: {"script":"<script> [1562 bytes]","args":[{"selector":{"id":"application-managepartners-display-component---NewPartner--addressDetailDetailsCountry-arrow"},"wdio_ui5_key":"applicationmanagepartners-display-component---NewPartner--addressDetailDetailsCountry-arrow"}]}
RESULT: undefined
COMMAND: POST /session/cd477e99f4e247ef02c326ac6df7445e/element - {"using":"xpath","value":"//*[@id=\"application-managepartners-display-component---NewPartner--addressDetailDetailsCountry-arrow\"]"}
RESULT: {"using":"xpath","value":"//*[@id=\"application-managepartners-display-component---NewPartner--addressDetailDetailsCountry-arrow\"]"}
COMMAND: POST /session/cd477e99f4e247ef02c326ac6df7445e/element/f.375AD1BF2998C782D6149A43C57C8E27.d.351BCFB181055ACB6317C832DB39DDB7.e.19090/click - {}
RESULT: {}
COMMAND: POST /session/cd477e99f4e247ef02c326ac6df7445e/execute/async - {"script":"<script> [1562 bytes]","args":[{"selector":{"id":"application-managepartners-display-component---NewPartner--addressDetailDetailsCountry","interaction":{"idSuffix":"inner"}},"wdio_ui5_key":"applicationmanagepartners-display-component---NewPartner--addressDetailDetailsCountry"}]}
COMMAND: GET /session/cd477e99f4e247ef02c326ac6df7445e/screenshot - {}
RESULT: {"script":"<script> [1562 bytes]","args":[{"selector":{"id":"application-managepartners-display-component---NewPartner--addressDetailDetailsCountry","interaction":{"idSuffix":"inner"}},"wdio_ui5_key":"applicationmanagepartners-display-component---NewPartner--addressDetailDetailsCountry"}]}
RESULT: undefined
COMMAND: POST /session/cd477e99f4e247ef02c326ac6df7445e/execute/async - {"script":"<script> [776 bytes]","args":[{"enterText":"India","selector":{"id":"application-managepartners-display-component---NewPartner--addressDetailDetailsCountry","interaction":{"idSuffix":"inner"}},"clearTextFirst":true,"interactionType":"ENTER_TEXT"}]}
RESULT: {}
RESULT: {"script":"<script> [776 bytes]","args":[{"enterText":"India","selector":{"id":"application-managepartners-display-component---NewPartner--addressDetailDetailsCountry","interaction":{"idSuffix":"inner"}},"clearTextFirst":true,"interactionType":"ENTER_TEXT"}]}
COMMAND: POST /session/cd477e99f4e247ef02c326ac6df7445e/execute/async - {"script":"<script> [1562 bytes]","args":[{"selector":{"controlType":"sap.m.StandardListItem","viewName":"etm.portal.ui.managepartners.view.NewPartner","viewId":"application-managepartners-display-component---NewPartner","properties":{"title":"India"},"searchOpenDialogs":true,"interaction":{"idSuffix":"content"}},"wdio_ui5_key":"etmportal.ui.managepartners.view.NewPartnersap.m.StandardListItem{\"title\":\"India\"}"}]}
RESULT: {"script":"<script> [1562 bytes]","args":[{"selector":{"controlType":"sap.m.StandardListItem","viewName":"etm.portal.ui.managepartners.view.NewPartner","viewId":"application-managepartners-display-component---NewPartner","properties":{"title":"India"},"searchOpenDialogs":true,"interaction":{"idSuffix":"content"}},"wdio_ui5_key":"etmportal.ui.managepartners.view.NewPartnersap.m.StandardListItem{\"title\":\"India\"}"}]}
RESULT: undefined
COMMAND: POST /session/cd477e99f4e247ef02c326ac6df7445e/execute/async - {"script":"<script> [1562 bytes]","args":[{"selector":{"controlType":"sap.m.Button","viewName":"etm.portal.ui.managepartners.view.NewPartner","viewId":"application-managepartners-display-component---NewPartner","properties":{"text":"Commercial"},"interaction":{"idSuffix":"BDI-content"}},"wdio_ui5_key":"etmportal.ui.managepartners.view.NewPartnersap.m.Button{\"text\":\"Commercial\"}"}]}
RESULT: {"script":"<script> [1562 bytes]","args":[{"selector":{"controlType":"sap.m.Button","viewName":"etm.portal.ui.managepartners.view.NewPartner","viewId":"application-managepartners-display-component---NewPartner","properties":{"text":"Commercial"},"interaction":{"idSuffix":"BDI-content"}},"wdio_ui5_key":"etmportal.ui.managepartners.view.NewPartnersap.m.Button{\"text\":\"Commercial\"}"}]}
RESULT: undefined
COMMAND: POST /session/cd477e99f4e247ef02c326ac6df7445e/element - {"using":"xpath","value":"//*[@id=\"application-managepartners-display-component---NewPartner--ObjectPageLayout-anchBar-__section57-anchor\"]"}
RESULT: {"using":"xpath","value":"//*[@id=\"application-managepartners-display-component---NewPartner--ObjectPageLayout-anchBar-__section57-anchor\"]"}
COMMAND: POST /session/cd477e99f4e247ef02c326ac6df7445e/element/f.375AD1BF2998C782D6149A43C57C8E27.d.351BCFB181055ACB6317C832DB39DDB7.e.19095/click - {}
RESULT: {}
COMMAND: POST /session/cd477e99f4e247ef02c326ac6df7445e/execute/async - {"script":"<script> [1562 bytes]","args":[{"selector":{"id":"application-managepartners-display-component---NewPartner--partnerDetailInternal-arrow"},"wdio_ui5_key":"applicationmanagepartners-display-component---NewPartner--partnerDetailInternal-arrow"}]}
COMMAND: GET /session/cd477e99f4e247ef02c326ac6df7445e/screenshot - {}
RESULT: {"script":"<script> [1562 bytes]","args":[{"selector":{"id":"application-managepartners-display-component---NewPartner--partnerDetailInternal-arrow"},"wdio_ui5_key":"applicationmanagepartners-display-component---NewPartner--partnerDetailInternal-arrow"}]}
RESULT: undefined
COMMAND: POST /session/cd477e99f4e247ef02c326ac6df7445e/element - {"using":"xpath","value":"//*[@id=\"application-managepartners-display-component---NewPartner--partnerDetailInternal-arrow\"]"}
RESULT: {}
RESULT: {"using":"xpath","value":"//*[@id=\"application-managepartners-display-component---NewPartner--partnerDetailInternal-arrow\"]"}
COMMAND: POST /session/cd477e99f4e247ef02c326ac6df7445e/element/f.375AD1BF2998C782D6149A43C57C8E27.d.351BCFB181055ACB6317C832DB39DDB7.e.19100/click - {}
RESULT: {}
COMMAND: POST /session/cd477e99f4e247ef02c326ac6df7445e/execute/async - {"script":"<script> [1562 bytes]","args":[{"selector":{"controlType":"sap.m.StandardListItem","viewName":"etm.portal.ui.managepartners.view.NewPartner","viewId":"application-managepartners-display-component---NewPartner","properties":{"title":"External partner"},"searchOpenDialogs":true,"interaction":{"idSuffix":"content"}},"wdio_ui5_key":"etmportal.ui.managepartners.view.NewPartnersap.m.StandardListItem{\"title\":\"External partner\"}"}]}
COMMAND: GET /session/cd477e99f4e247ef02c326ac6df7445e/screenshot - {}
RESULT: {"script":"<script> [1562 bytes]","args":[{"selector":{"controlType":"sap.m.StandardListItem","viewName":"etm.portal.ui.managepartners.view.NewPartner","viewId":"application-managepartners-display-component---NewPartner","properties":{"title":"External partner"},"searchOpenDialogs":true,"interaction":{"idSuffix":"content"}},"wdio_ui5_key":"etmportal.ui.managepartners.view.NewPartnersap.m.StandardListItem{\"title\":\"External partner\"}"}]}
RESULT: undefined
COMMAND: POST /session/cd477e99f4e247ef02c326ac6df7445e/element - {"using":"xpath","value":"//*[@id=\"__item1456\"]"}
RESULT: {}
RESULT: {"using":"xpath","value":"//*[@id=\"__item1456\"]"}
COMMAND: POST /session/cd477e99f4e247ef02c326ac6df7445e/element/f.375AD1BF2998C782D6149A43C57C8E27.d.351BCFB181055ACB6317C832DB39DDB7.e.19102/click - {}
RESULT: {}
COMMAND: POST /session/cd477e99f4e247ef02c326ac6df7445e/execute/async - {"script":"<script> [1562 bytes]","args":[{"selector":{"id":"application-managepartners-display-component---NewPartner--partnerDetailsCurrency-arrow"},"wdio_ui5_key":"applicationmanagepartners-display-component---NewPartner--partnerDetailsCurrency-arrow"}]}
COMMAND: GET /session/cd477e99f4e247ef02c326ac6df7445e/screenshot - {}
RESULT: {"script":"<script> [1562 bytes]","args":[{"selector":{"id":"application-managepartners-display-component---NewPartner--partnerDetailsCurrency-arrow"},"wdio_ui5_key":"applicationmanagepartners-display-component---NewPartner--partnerDetailsCurrency-arrow"}]}
RESULT: undefined
COMMAND: POST /session/cd477e99f4e247ef02c326ac6df7445e/element - {"using":"xpath","value":"//*[@id=\"application-managepartners-display-component---NewPartner--partnerDetailsCurrency-arrow\"]"}
RESULT: {}
RESULT: {"using":"xpath","value":"//*[@id=\"application-managepartners-display-component---NewPartner--partnerDetailsCurrency-arrow\"]"}
COMMAND: POST /session/cd477e99f4e247ef02c326ac6df7445e/element/f.375AD1BF2998C782D6149A43C57C8E27.d.351BCFB181055ACB6317C832DB39DDB7.e.19107/click - {}
RESULT: {}
COMMAND: POST /session/cd477e99f4e247ef02c326ac6df7445e/execute/async - {"script":"<script> [1562 bytes]","args":[{"selector":{"controlType":"sap.m.StandardListItem","viewName":"etm.portal.ui.managepartners.view.NewPartner","viewId":"application-managepartners-display-component---NewPartner","properties":{"title":"Euro"},"searchOpenDialogs":true,"interaction":{"idSuffix":"content"}},"wdio_ui5_key":"etmportal.ui.managepartners.view.NewPartnersap.m.StandardListItem{\"title\":\"Euro\"}"}]}
COMMAND: GET /session/cd477e99f4e247ef02c326ac6df7445e/screenshot - {}
RESULT: {"script":"<script> [1562 bytes]","args":[{"selector":{"controlType":"sap.m.StandardListItem","viewName":"etm.portal.ui.managepartners.view.NewPartner","viewId":"application-managepartners-display-component---NewPartner","properties":{"title":"Euro"},"searchOpenDialogs":true,"interaction":{"idSuffix":"content"}},"wdio_ui5_key":"etmportal.ui.managepartners.view.NewPartnersap.m.StandardListItem{\"title\":\"Euro\"}"}]}
RESULT: undefined
COMMAND: POST /session/cd477e99f4e247ef02c326ac6df7445e/element - {"using":"xpath","value":"//*[@id=\"__item1458\"]"}
RESULT: {}
RESULT: {"using":"xpath","value":"//*[@id=\"__item1458\"]"}
COMMAND: POST /session/cd477e99f4e247ef02c326ac6df7445e/element/f.375AD1BF2998C782D6149A43C57C8E27.d.351BCFB181055ACB6317C832DB39DDB7.e.19109/click - {}
RESULT: {}
COMMAND: POST /session/cd477e99f4e247ef02c326ac6df7445e/execute/async - {"script":"<script> [1562 bytes]","args":[{"selector":{"controlType":"sap.m.Button","viewName":"etm.portal.ui.managepartners.view.NewPartner","viewId":"application-managepartners-display-component---NewPartner","properties":{"text":"Assignments"},"interaction":{"idSuffix":"BDI-content"}},"wdio_ui5_key":"etmportal.ui.managepartners.view.NewPartnersap.m.Button{\"text\":\"Assignments\"}"}]}
COMMAND: GET /session/cd477e99f4e247ef02c326ac6df7445e/screenshot - {}
RESULT: {"script":"<script> [1562 bytes]","args":[{"selector":{"controlType":"sap.m.Button","viewName":"etm.portal.ui.managepartners.view.NewPartner","viewId":"application-managepartners-display-component---NewPartner","properties":{"text":"Assignments"},"interaction":{"idSuffix":"BDI-content"}},"wdio_ui5_key":"etmportal.ui.managepartners.view.NewPartnersap.m.Button{\"text\":\"Assignments\"}"}]}
RESULT: undefined
COMMAND: POST /session/cd477e99f4e247ef02c326ac6df7445e/element - {"using":"xpath","value":"//*[@id=\"application-managepartners-display-component---NewPartner--ObjectPageLayout-anchBar-__section61-anchor\"]"}
RESULT: {}
RESULT: {"using":"xpath","value":"//*[@id=\"application-managepartners-display-component---NewPartner--ObjectPageLayout-anchBar-__section61-anchor\"]"}
COMMAND: POST /session/cd477e99f4e247ef02c326ac6df7445e/element/f.375AD1BF2998C782D6149A43C57C8E27.d.351BCFB181055ACB6317C832DB39DDB7.e.19111/click - {}
RESULT: {}
COMMAND: POST /session/cd477e99f4e247ef02c326ac6df7445e/execute/async - {"script":"<script> [1562 bytes]","args":[{"selector":{"id":"application-managepartners-display-component---NewPartner--btnAddTableRow","interaction":{"idSuffix":"inner"}},"wdio_ui5_key":"applicationmanagepartners-display-component---NewPartner--btnAddTableRow"}]}
COMMAND: GET /session/cd477e99f4e247ef02c326ac6df7445e/screenshot - {}
RESULT: {"script":"<script> [1562 bytes]","args":[{"selector":{"id":"application-managepartners-display-component---NewPartner--btnAddTableRow","interaction":{"idSuffix":"inner"}},"wdio_ui5_key":"applicationmanagepartners-display-component---NewPartner--btnAddTableRow"}]}
RESULT: undefined
COMMAND: POST /session/cd477e99f4e247ef02c326ac6df7445e/element - {"using":"xpath","value":"//*[@id=\"application-managepartners-display-component---NewPartner--btnAddTableRow\"]"}
RESULT: {}
RESULT: {"using":"xpath","value":"//*[@id=\"application-managepartners-display-component---NewPartner--btnAddTableRow\"]"}
COMMAND: POST /session/cd477e99f4e247ef02c326ac6df7445e/element/f.375AD1BF2998C782D6149A43C57C8E27.d.351BCFB181055ACB6317C832DB39DDB7.e.19116/click - {}
RESULT: {}
COMMAND: POST /session/cd477e99f4e247ef02c326ac6df7445e/element - {"using":"css selector","value":"#application-managepartners-display-component---NewPartner--assignmentYard-application-managepartners-display-component---NewPartner--assignmentsTable-0-inner"}
COMMAND: GET /session/cd477e99f4e247ef02c326ac6df7445e/screenshot - {}
RESULT: {"using":"css selector","value":"#application-managepartners-display-component---NewPartner--assignmentYard-application-managepartners-display-component---NewPartner--assignmentsTable-0-inner"}
COMMAND: POST /session/cd477e99f4e247ef02c326ac6df7445e/element/f.375AD1BF2998C782D6149A43C57C8E27.d.351BCFB181055ACB6317C832DB39DDB7.e.19118/value - {"text":"800"}
RESULT: {}
RESULT: {"text":"800"}
COMMAND: GET /session/cd477e99f4e247ef02c326ac6df7445e/screenshot - {}
RESULT: {}
COMMAND: POST /session/cd477e99f4e247ef02c326ac6df7445e/actions - {"actions":[{"id":"action49","type":"key","parameters":{},"actions":[{"type":"keyDown","value":"î€‡"},{"type":"pause","duration":10},{"type":"keyUp","value":"î€‡"}]}]}
RESULT: {"actions":[{"id":"action49","type":"key","parameters":{},"actions":[{"type":"keyDown","value":"î€‡"},{"type":"pause","duration":10},{"type":"keyUp","value":"î€‡"}]}]}
COMMAND: POST /session/cd477e99f4e247ef02c326ac6df7445e/execute/async - {"script":"<script> [1562 bytes]","args":[{"selector":{"id":"application-managepartners-display-component---NewPartner--assignmentYard-application-managepartners-display-component---NewPartner--assignmentsTable-0-arrow"},"wdio_ui5_key":"applicationmanagepartners-display-component---NewPartner--assignmentYard-application-managepartners-display-component---NewPartner--assignmentsTable-0-arrow"}]}
COMMAND: GET /session/cd477e99f4e247ef02c326ac6df7445e/screenshot - {}
RESULT: {"script":"<script> [1562 bytes]","args":[{"selector":{"id":"application-managepartners-display-component---NewPartner--assignmentYard-application-managepartners-display-component---NewPartner--assignmentsTable-0-arrow"},"wdio_ui5_key":"applicationmanagepartners-display-component---NewPartner--assignmentYard-application-managepartners-display-component---NewPartner--assignmentsTable-0-arrow"}]}
RESULT: undefined
COMMAND: POST /session/cd477e99f4e247ef02c326ac6df7445e/element - {"using":"xpath","value":"//*[@id=\"application-managepartners-display-component---NewPartner--assignmentYard-application-managepartners-display-component---NewPartner--assignmentsTable-0-arrow\"]"}
RESULT: {}
RESULT: {"using":"xpath","value":"//*[@id=\"application-managepartners-display-component---NewPartner--assignmentYard-application-managepartners-display-component---NewPartner--assignmentsTable-0-arrow\"]"}
COMMAND: POST /session/cd477e99f4e247ef02c326ac6df7445e/element/f.375AD1BF2998C782D6149A43C57C8E27.d.351BCFB181055ACB6317C832DB39DDB7.e.19124/click - {}
RESULT: {}
COMMAND: GET /session/cd477e99f4e247ef02c326ac6df7445e/screenshot - {}
RESULT: {}
COMMAND: POST /session/cd477e99f4e247ef02c326ac6df7445e/execute/async - {"script":"<script> [1562 bytes]","args":[{"selector":{"controlType":"sap.m.Button","viewName":"etm.portal.ui.managepartners.view.NewPartner","viewId":"application-managepartners-display-component---NewPartner","i18NText":{"propertyName":"text","key":"save"},"interaction":{"idSuffix":"BDI-content"}},"wdio_ui5_key":"etmportal.ui.managepartners.view.NewPartnersap.m.Button{\"propertyName\":\"text\",\"key\":\"save\"}"}]}
RESULT: {"script":"<script> [1562 bytes]","args":[{"selector":{"controlType":"sap.m.Button","viewName":"etm.portal.ui.managepartners.view.NewPartner","viewId":"application-managepartners-display-component---NewPartner","i18NText":{"propertyName":"text","key":"save"},"interaction":{"idSuffix":"BDI-content"}},"wdio_ui5_key":"etmportal.ui.managepartners.view.NewPartnersap.m.Button{\"propertyName\":\"text\",\"key\":\"save\"}"}]}
RESULT: undefined
COMMAND: POST /session/cd477e99f4e247ef02c326ac6df7445e/element - {"using":"xpath","value":"//*[@id=\"__button127\"]"}
RESULT: {"using":"xpath","value":"//*[@id=\"__button127\"]"}
COMMAND: POST /session/cd477e99f4e247ef02c326ac6df7445e/element/f.375AD1BF2998C782D6149A43C57C8E27.d.351BCFB181055ACB6317C832DB39DDB7.e.19033/click - {}
RESULT: {}
COMMAND: GET /session/cd477e99f4e247ef02c326ac6df7445e/screenshot - {}
RESULT: {}
COMMAND: POST /session/cd477e99f4e247ef02c326ac6df7445e/execute/async - {"script":"<script> [1562 bytes]","args":[{"selector":{"controlType":"sap.m.Text","viewName":"etm.portal.ui.managepartners.view.Detail","viewId":"application-managepartners-display-component---detailPtm","bindingPath":{"propertyPath":"ID","modelName":"catalogModel"}},"wdio_ui5_key":"etmportal.ui.managepartners.view.Detailsap.m.Text{\"propertyPath\":\"ID\",\"modelName\":\"catalogModel\"}"}]}
RESULT: {"script":"<script> [1562 bytes]","args":[{"selector":{"controlType":"sap.m.Text","viewName":"etm.portal.ui.managepartners.view.Detail","viewId":"application-managepartners-display-component---detailPtm","bindingPath":{"propertyPath":"ID","modelName":"catalogModel"}},"wdio_ui5_key":"etmportal.ui.managepartners.view.Detailsap.m.Text{\"propertyPath\":\"ID\",\"modelName\":\"catalogModel\"}"}]}
RESULT: undefined
COMMAND: POST /session/cd477e99f4e247ef02c326ac6df7445e/execute/async - {"script":"<script> [6424 bytes]","args":[{"element-6066-11e4-a52e-4f735466cecf":"f.375AD1BF2998C782D6149A43C57C8E27.d.351BCFB181055ACB6317C832DB39DDB7.e.19288"},"getText",[]]}
RESULT: {"script":"<script> [6424 bytes]","args":[{"element-6066-11e4-a52e-4f735466cecf":"f.375AD1BF2998C782D6149A43C57C8E27.d.351BCFB181055ACB6317C832DB39DDB7.e.19288"},"getText",[]]}
COMMAND: POST /session/cd477e99f4e247ef02c326ac6df7445e/element - {"using":"css selector","value":"#shell-header-logo"}
RESULT: {"using":"css selector","value":"#shell-header-logo"}
COMMAND: POST /session/cd477e99f4e247ef02c326ac6df7445e/element/f.375AD1BF2998C782D6149A43C57C8E27.d.351BCFB181055ACB6317C832DB39DDB7.e.18619/click - {}
RESULT: {}
COMMAND: GET /session/cd477e99f4e247ef02c326ac6df7445e/screenshot - {}
RESULT: {}
]]></system-out>
    </testcase>
    <testcase classname="chrome.135_0_7049_96.windows.Create_masterdata_for_Yard_Overview_-_trigger_provide_US130988" name="Create material" time="82.061">
      <system-out><![CDATA[
COMMAND: POST /session/cd477e99f4e247ef02c326ac6df7445e/execute/async - {"script":"<script> [1562 bytes]","args":[{"selector":{"controlType":"sap.m.GenericTile","properties":{"header":"Manage Resources"}},"wdio_ui5_key":"sapm.GenericTile{\"header\":\"Manage Resources\"}"}]}
RESULT: {"script":"<script> [1562 bytes]","args":[{"selector":{"controlType":"sap.m.GenericTile","properties":{"header":"Manage Resources"}},"wdio_ui5_key":"sapm.GenericTile{\"header\":\"Manage Resources\"}"}]}
RESULT: undefined
COMMAND: POST /session/cd477e99f4e247ef02c326ac6df7445e/element - {"using":"xpath","value":"//*[@id=\"__tile39\"]"}
RESULT: {"using":"xpath","value":"//*[@id=\"__tile39\"]"}
COMMAND: POST /session/cd477e99f4e247ef02c326ac6df7445e/element/f.375AD1BF2998C782D6149A43C57C8E27.d.351BCFB181055ACB6317C832DB39DDB7.e.19290/click - {}
RESULT: {}
COMMAND: GET /session/cd477e99f4e247ef02c326ac6df7445e/screenshot - {}
RESULT: {}
COMMAND: POST /session/cd477e99f4e247ef02c326ac6df7445e/execute/async - {"script":"<script> [1562 bytes]","args":[{"selector":{"controlType":"sap.ui.core.Icon","viewName":"etm.portal.ui.manageresources.view.Master","viewId":"application-manageresources-display-component---masterRU","properties":{"src":{"regex":{"source":"add"}}}},"wdio_ui5_key":"etmportal.ui.manageresources.view.Mastersap.ui.core.Icon{\"src\":{\"regex\":{\"source\":\"add\"}}}"}]}
RESULT: undefined
RESULT: undefined
RESULT: {"script":"<script> [1562 bytes]","args":[{"selector":{"controlType":"sap.ui.core.Icon","viewName":"etm.portal.ui.manageresources.view.Master","viewId":"application-manageresources-display-component---masterRU","properties":{"src":{"regex":{"source":"add"}}}},"wdio_ui5_key":"etmportal.ui.manageresources.view.Mastersap.ui.core.Icon{\"src\":{\"regex\":{\"source\":\"add\"}}}"}]}
RESULT: undefined
COMMAND: POST /session/cd477e99f4e247ef02c326ac6df7445e/element - {"using":"xpath","value":"//*[@id=\"__button168-img\"]"}
RESULT: {"using":"xpath","value":"//*[@id=\"__button168-img\"]"}
COMMAND: POST /session/cd477e99f4e247ef02c326ac6df7445e/element/f.375AD1BF2998C782D6149A43C57C8E27.d.351BCFB181055ACB6317C832DB39DDB7.e.19334/click - {}
RESULT: {}
COMMAND: GET /session/cd477e99f4e247ef02c326ac6df7445e/screenshot - {}
RESULT: {}
COMMAND: POST /session/cd477e99f4e247ef02c326ac6df7445e/execute/async - {"script":"<script> [1562 bytes]","args":[{"selector":{"id":"application-manageresources-display-component---newResourceUnit--TYPE-arrow"},"wdio_ui5_key":"applicationmanageresources-display-component---newResourceUnit--TYPE-arrow"}]}
RESULT: {"script":"<script> [1562 bytes]","args":[{"selector":{"id":"application-manageresources-display-component---newResourceUnit--TYPE-arrow"},"wdio_ui5_key":"applicationmanageresources-display-component---newResourceUnit--TYPE-arrow"}]}
RESULT: undefined
COMMAND: POST /session/cd477e99f4e247ef02c326ac6df7445e/element - {"using":"xpath","value":"//*[@id=\"application-manageresources-display-component---newResourceUnit--TYPE-arrow\"]"}
RESULT: {"using":"xpath","value":"//*[@id=\"application-manageresources-display-component---newResourceUnit--TYPE-arrow\"]"}
COMMAND: POST /session/cd477e99f4e247ef02c326ac6df7445e/element/f.375AD1BF2998C782D6149A43C57C8E27.d.351BCFB181055ACB6317C832DB39DDB7.e.19642/click - {}
RESULT: {}
COMMAND: POST /session/cd477e99f4e247ef02c326ac6df7445e/execute/async - {"script":"<script> [1562 bytes]","args":[{"selector":{"controlType":"sap.m.StandardListItem","viewName":"reusables.view.manageresources.NewResourceUnit","viewId":"application-manageresources-display-component---newResourceUnit","properties":{"title":"Material"},"searchOpenDialogs":true,"interaction":{"idSuffix":"titleText"}},"wdio_ui5_key":"reusablesview.manageresources.NewResourceUnitsap.m.StandardListItem{\"title\":\"Material\"}"}]}
COMMAND: GET /session/cd477e99f4e247ef02c326ac6df7445e/screenshot - {}
RESULT: {"script":"<script> [1562 bytes]","args":[{"selector":{"controlType":"sap.m.StandardListItem","viewName":"reusables.view.manageresources.NewResourceUnit","viewId":"application-manageresources-display-component---newResourceUnit","properties":{"title":"Material"},"searchOpenDialogs":true,"interaction":{"idSuffix":"titleText"}},"wdio_ui5_key":"reusablesview.manageresources.NewResourceUnitsap.m.StandardListItem{\"title\":\"Material\"}"}]}
RESULT: undefined
COMMAND: POST /session/cd477e99f4e247ef02c326ac6df7445e/element - {"using":"xpath","value":"//*[@id=\"__item1739\"]"}
RESULT: {}
RESULT: {"using":"xpath","value":"//*[@id=\"__item1739\"]"}
COMMAND: POST /session/cd477e99f4e247ef02c326ac6df7445e/element/f.375AD1BF2998C782D6149A43C57C8E27.d.351BCFB181055ACB6317C832DB39DDB7.e.19645/click - {}
RESULT: {}
COMMAND: POST /session/cd477e99f4e247ef02c326ac6df7445e/execute/async - {"script":"<script> [1562 bytes]","args":[{"selector":{"id":"application-manageresources-display-component---newResourceUnit--SHORT_TEXT","interaction":{"idSuffix":"inner"}},"wdio_ui5_key":"applicationmanageresources-display-component---newResourceUnit--SHORT_TEXT"}]}
COMMAND: GET /session/cd477e99f4e247ef02c326ac6df7445e/screenshot - {}
RESULT: {"script":"<script> [1562 bytes]","args":[{"selector":{"id":"application-manageresources-display-component---newResourceUnit--SHORT_TEXT","interaction":{"idSuffix":"inner"}},"wdio_ui5_key":"applicationmanageresources-display-component---newResourceUnit--SHORT_TEXT"}]}
RESULT: undefined
COMMAND: POST /session/cd477e99f4e247ef02c326ac6df7445e/execute/async - {"script":"<script> [776 bytes]","args":[{"enterText":"Material-800-1745512115194","selector":{"id":"application-manageresources-display-component---newResourceUnit--SHORT_TEXT","interaction":{"idSuffix":"inner"}},"clearTextFirst":true,"interactionType":"ENTER_TEXT"}]}
RESULT: {}
RESULT: {"script":"<script> [776 bytes]","args":[{"enterText":"Material-800-1745512115194","selector":{"id":"application-manageresources-display-component---newResourceUnit--SHORT_TEXT","interaction":{"idSuffix":"inner"}},"clearTextFirst":true,"interactionType":"ENTER_TEXT"}]}
COMMAND: POST /session/cd477e99f4e247ef02c326ac6df7445e/execute/async - {"script":"<script> [1562 bytes]","args":[{"selector":{"id":"application-manageresources-display-component---newResourceUnit--BASE_UNIT_OF_MEASURE-arrow"},"wdio_ui5_key":"applicationmanageresources-display-component---newResourceUnit--BASE_UNIT_OF_MEASURE-arrow"}]}
RESULT: {"script":"<script> [1562 bytes]","args":[{"selector":{"id":"application-manageresources-display-component---newResourceUnit--BASE_UNIT_OF_MEASURE-arrow"},"wdio_ui5_key":"applicationmanageresources-display-component---newResourceUnit--BASE_UNIT_OF_MEASURE-arrow"}]}
RESULT: undefined
COMMAND: POST /session/cd477e99f4e247ef02c326ac6df7445e/element - {"using":"xpath","value":"//*[@id=\"application-manageresources-display-component---newResourceUnit--BASE_UNIT_OF_MEASURE-arrow\"]"}
RESULT: {"using":"xpath","value":"//*[@id=\"application-manageresources-display-component---newResourceUnit--BASE_UNIT_OF_MEASURE-arrow\"]"}
COMMAND: POST /session/cd477e99f4e247ef02c326ac6df7445e/element/f.375AD1BF2998C782D6149A43C57C8E27.d.351BCFB181055ACB6317C832DB39DDB7.e.19701/click - {}
RESULT: {}
COMMAND: POST /session/cd477e99f4e247ef02c326ac6df7445e/execute/async - {"script":"<script> [1562 bytes]","args":[{"selector":{"controlType":"sap.m.StandardListItem","viewName":"reusables.view.manageresources.NewResourceUnit","viewId":"application-manageresources-display-component---newResourceUnit","properties":{"title":"Centimeter"},"searchOpenDialogs":true,"interaction":{"idSuffix":"content"}},"wdio_ui5_key":"reusablesview.manageresources.NewResourceUnitsap.m.StandardListItem{\"title\":\"Centimeter\"}"}]}
COMMAND: GET /session/cd477e99f4e247ef02c326ac6df7445e/screenshot - {}
RESULT: {"script":"<script> [1562 bytes]","args":[{"selector":{"controlType":"sap.m.StandardListItem","viewName":"reusables.view.manageresources.NewResourceUnit","viewId":"application-manageresources-display-component---newResourceUnit","properties":{"title":"Centimeter"},"searchOpenDialogs":true,"interaction":{"idSuffix":"content"}},"wdio_ui5_key":"reusablesview.manageresources.NewResourceUnitsap.m.StandardListItem{\"title\":\"Centimeter\"}"}]}
RESULT: undefined
COMMAND: POST /session/cd477e99f4e247ef02c326ac6df7445e/element - {"using":"xpath","value":"//*[@id=\"__item1767\"]"}
RESULT: {}
RESULT: {"using":"xpath","value":"//*[@id=\"__item1767\"]"}
COMMAND: POST /session/cd477e99f4e247ef02c326ac6df7445e/element/f.375AD1BF2998C782D6149A43C57C8E27.d.351BCFB181055ACB6317C832DB39DDB7.e.19703/click - {}
RESULT: {}
COMMAND: POST /session/cd477e99f4e247ef02c326ac6df7445e/execute/async - {"script":"<script> [1562 bytes]","args":[{"selector":{"id":"application-manageresources-display-component---newResourceUnit--WEIGHT_UNIT-arrow"},"wdio_ui5_key":"applicationmanageresources-display-component---newResourceUnit--WEIGHT_UNIT-arrow"}]}
COMMAND: GET /session/cd477e99f4e247ef02c326ac6df7445e/screenshot - {}
RESULT: {"script":"<script> [1562 bytes]","args":[{"selector":{"id":"application-manageresources-display-component---newResourceUnit--WEIGHT_UNIT-arrow"},"wdio_ui5_key":"applicationmanageresources-display-component---newResourceUnit--WEIGHT_UNIT-arrow"}]}
RESULT: undefined
COMMAND: POST /session/cd477e99f4e247ef02c326ac6df7445e/element - {"using":"xpath","value":"//*[@id=\"application-manageresources-display-component---newResourceUnit--WEIGHT_UNIT-arrow\"]"}
RESULT: {}
RESULT: {"using":"xpath","value":"//*[@id=\"application-manageresources-display-component---newResourceUnit--WEIGHT_UNIT-arrow\"]"}
COMMAND: POST /session/cd477e99f4e247ef02c326ac6df7445e/element/f.375AD1BF2998C782D6149A43C57C8E27.d.351BCFB181055ACB6317C832DB39DDB7.e.19704/click - {}
RESULT: {}
COMMAND: POST /session/cd477e99f4e247ef02c326ac6df7445e/execute/async - {"script":"<script> [1562 bytes]","args":[{"selector":{"controlType":"sap.m.StandardListItem","viewName":"reusables.view.manageresources.NewResourceUnit","viewId":"application-manageresources-display-component---newResourceUnit","properties":{"title":"Gram"},"searchOpenDialogs":true,"interaction":{"idSuffix":"content"}},"wdio_ui5_key":"reusablesview.manageresources.NewResourceUnitsap.m.StandardListItem{\"title\":\"Gram\"}"}]}
COMMAND: GET /session/cd477e99f4e247ef02c326ac6df7445e/screenshot - {}
RESULT: {"script":"<script> [1562 bytes]","args":[{"selector":{"controlType":"sap.m.StandardListItem","viewName":"reusables.view.manageresources.NewResourceUnit","viewId":"application-manageresources-display-component---newResourceUnit","properties":{"title":"Gram"},"searchOpenDialogs":true,"interaction":{"idSuffix":"content"}},"wdio_ui5_key":"reusablesview.manageresources.NewResourceUnitsap.m.StandardListItem{\"title\":\"Gram\"}"}]}
RESULT: undefined
COMMAND: POST /session/cd477e99f4e247ef02c326ac6df7445e/element - {"using":"xpath","value":"//*[@id=\"__item1848\"]"}
RESULT: {}
RESULT: {"using":"xpath","value":"//*[@id=\"__item1848\"]"}
COMMAND: POST /session/cd477e99f4e247ef02c326ac6df7445e/element/f.375AD1BF2998C782D6149A43C57C8E27.d.351BCFB181055ACB6317C832DB39DDB7.e.19706/click - {}
RESULT: {}
COMMAND: POST /session/cd477e99f4e247ef02c326ac6df7445e/execute/async - {"script":"<script> [1562 bytes]","args":[{"selector":{"id":"application-manageresources-display-component---newResourceUnit--DIMENSION_UNIT-arrow"},"wdio_ui5_key":"applicationmanageresources-display-component---newResourceUnit--DIMENSION_UNIT-arrow"}]}
COMMAND: GET /session/cd477e99f4e247ef02c326ac6df7445e/screenshot - {}
RESULT: {"script":"<script> [1562 bytes]","args":[{"selector":{"id":"application-manageresources-display-component---newResourceUnit--DIMENSION_UNIT-arrow"},"wdio_ui5_key":"applicationmanageresources-display-component---newResourceUnit--DIMENSION_UNIT-arrow"}]}
RESULT: undefined
COMMAND: POST /session/cd477e99f4e247ef02c326ac6df7445e/element - {"using":"xpath","value":"//*[@id=\"application-manageresources-display-component---newResourceUnit--DIMENSION_UNIT-arrow\"]"}
RESULT: {}
RESULT: {"using":"xpath","value":"//*[@id=\"application-manageresources-display-component---newResourceUnit--DIMENSION_UNIT-arrow\"]"}
COMMAND: POST /session/cd477e99f4e247ef02c326ac6df7445e/element/f.375AD1BF2998C782D6149A43C57C8E27.d.351BCFB181055ACB6317C832DB39DDB7.e.19707/click - {}
COMMAND: POST /session/cd477e99f4e247ef02c326ac6df7445e/element - {"using":"css selector","value":"#application-manageresources-display-component---newResourceUnit--DIMENSION_UNIT-inner"}
RESULT: {"using":"css selector","value":"#application-manageresources-display-component---newResourceUnit--DIMENSION_UNIT-inner"}
COMMAND: POST /session/cd477e99f4e247ef02c326ac6df7445e/element/f.375AD1BF2998C782D6149A43C57C8E27.d.351BCFB181055ACB6317C832DB39DDB7.e.19673/clear - {}
RESULT: {}
COMMAND: POST /session/cd477e99f4e247ef02c326ac6df7445e/element/f.375AD1BF2998C782D6149A43C57C8E27.d.351BCFB181055ACB6317C832DB39DDB7.e.19673/value - {"text":"Centimet"}
COMMAND: GET /session/cd477e99f4e247ef02c326ac6df7445e/screenshot - {}
RESULT: {"text":"Centimet"}
COMMAND: POST /session/cd477e99f4e247ef02c326ac6df7445e/execute/async - {"script":"<script> [1562 bytes]","args":[{"selector":{"id":"application-manageresources-display-component---newResourceUnit--newRRUPage-anchBar-application-manageresources-display-component---newResourceUnit--reference-anchor","interaction":{"idSuffix":"BDI-content"}},"wdio_ui5_key":"applicationmanageresources-display-component---newResourceUnit--newRRUPage-anchBar-application-manageresources-display-component---newResourceUnit--reference-anchor"}]}
COMMAND: GET /session/cd477e99f4e247ef02c326ac6df7445e/screenshot - {}
RESULT: {}
RESULT: {"script":"<script> [1562 bytes]","args":[{"selector":{"id":"application-manageresources-display-component---newResourceUnit--newRRUPage-anchBar-application-manageresources-display-component---newResourceUnit--reference-anchor","interaction":{"idSuffix":"BDI-content"}},"wdio_ui5_key":"applicationmanageresources-display-component---newResourceUnit--newRRUPage-anchBar-application-manageresources-display-component---newResourceUnit--reference-anchor"}]}
RESULT: undefined
COMMAND: POST /session/cd477e99f4e247ef02c326ac6df7445e/element - {"using":"xpath","value":"//*[@id=\"application-manageresources-display-component---newResourceUnit--newRRUPage-anchBar-application-manageresources-display-component---newResourceUnit--reference-anchor\"]"}
RESULT: {}
RESULT: {"using":"xpath","value":"//*[@id=\"application-manageresources-display-component---newResourceUnit--newRRUPage-anchBar-application-manageresources-display-component---newResourceUnit--reference-anchor\"]"}
COMMAND: POST /session/cd477e99f4e247ef02c326ac6df7445e/element/f.375AD1BF2998C782D6149A43C57C8E27.d.351BCFB181055ACB6317C832DB39DDB7.e.19713/click - {}
RESULT: {}
COMMAND: POST /session/cd477e99f4e247ef02c326ac6df7445e/execute/async - {"script":"<script> [1562 bytes]","args":[{"selector":{"id":"application-manageresources-display-component---newResourceUnit--PLANNING_GROUP-arrow"},"wdio_ui5_key":"applicationmanageresources-display-component---newResourceUnit--PLANNING_GROUP-arrow"}]}
COMMAND: GET /session/cd477e99f4e247ef02c326ac6df7445e/screenshot - {}
RESULT: {"script":"<script> [1562 bytes]","args":[{"selector":{"id":"application-manageresources-display-component---newResourceUnit--PLANNING_GROUP-arrow"},"wdio_ui5_key":"applicationmanageresources-display-component---newResourceUnit--PLANNING_GROUP-arrow"}]}
RESULT: undefined
COMMAND: POST /session/cd477e99f4e247ef02c326ac6df7445e/element - {"using":"xpath","value":"//*[@id=\"application-manageresources-display-component---newResourceUnit--PLANNING_GROUP-arrow\"]"}
RESULT: {}
RESULT: {"using":"xpath","value":"//*[@id=\"application-manageresources-display-component---newResourceUnit--PLANNING_GROUP-arrow\"]"}
COMMAND: POST /session/cd477e99f4e247ef02c326ac6df7445e/element/f.375AD1BF2998C782D6149A43C57C8E27.d.351BCFB181055ACB6317C832DB39DDB7.e.19718/click - {}
RESULT: {}
COMMAND: POST /session/cd477e99f4e247ef02c326ac6df7445e/execute/async - {"script":"<script> [1562 bytes]","args":[{"selector":{"controlType":"sap.m.StandardListItem","viewName":"reusables.view.manageresources.NewResourceUnit","viewId":"application-manageresources-display-component---newResourceUnit","properties":{"title":"Heavy Equi"},"searchOpenDialogs":true,"interaction":{"idSuffix":"content"}},"wdio_ui5_key":"reusablesview.manageresources.NewResourceUnitsap.m.StandardListItem{\"title\":\"Heavy Equi\"}"}]}
COMMAND: GET /session/cd477e99f4e247ef02c326ac6df7445e/screenshot - {}
RESULT: {"script":"<script> [1562 bytes]","args":[{"selector":{"controlType":"sap.m.StandardListItem","viewName":"reusables.view.manageresources.NewResourceUnit","viewId":"application-manageresources-display-component---newResourceUnit","properties":{"title":"Heavy Equi"},"searchOpenDialogs":true,"interaction":{"idSuffix":"content"}},"wdio_ui5_key":"reusablesview.manageresources.NewResourceUnitsap.m.StandardListItem{\"title\":\"Heavy Equi\"}"}]}
RESULT: undefined
COMMAND: POST /session/cd477e99f4e247ef02c326ac6df7445e/element - {"using":"xpath","value":"//*[@id=\"__item1860\"]"}
RESULT: {}
RESULT: {"using":"xpath","value":"//*[@id=\"__item1860\"]"}
COMMAND: POST /session/cd477e99f4e247ef02c326ac6df7445e/element/f.375AD1BF2998C782D6149A43C57C8E27.d.351BCFB181055ACB6317C832DB39DDB7.e.19722/click - {}
RESULT: {}
COMMAND: GET /session/cd477e99f4e247ef02c326ac6df7445e/screenshot - {}
RESULT: {}
COMMAND: POST /session/cd477e99f4e247ef02c326ac6df7445e/execute/async - {"script":"<script> [1562 bytes]","args":[{"selector":{"id":"application-manageresources-display-component---newResourceUnit--PLANNING_INDICATOR-arrow"},"wdio_ui5_key":"applicationmanageresources-display-component---newResourceUnit--PLANNING_INDICATOR-arrow"}]}
RESULT: {"script":"<script> [1562 bytes]","args":[{"selector":{"id":"application-manageresources-display-component---newResourceUnit--PLANNING_INDICATOR-arrow"},"wdio_ui5_key":"applicationmanageresources-display-component---newResourceUnit--PLANNING_INDICATOR-arrow"}]}
RESULT: undefined
COMMAND: POST /session/cd477e99f4e247ef02c326ac6df7445e/element - {"using":"xpath","value":"//*[@id=\"application-manageresources-display-component---newResourceUnit--PLANNING_INDICATOR-arrow\"]"}
RESULT: {"using":"xpath","value":"//*[@id=\"application-manageresources-display-component---newResourceUnit--PLANNING_INDICATOR-arrow\"]"}
COMMAND: POST /session/cd477e99f4e247ef02c326ac6df7445e/element/f.375AD1BF2998C782D6149A43C57C8E27.d.351BCFB181055ACB6317C832DB39DDB7.e.19723/click - {}
RESULT: {}
COMMAND: POST /session/cd477e99f4e247ef02c326ac6df7445e/execute/async - {"script":"<script> [1562 bytes]","args":[{"selector":{"controlType":"sap.m.StandardListItem","viewName":"reusables.view.manageresources.NewResourceUnit","viewId":"application-manageresources-display-component---newResourceUnit","properties":{"title":"10 - infinite"},"searchOpenDialogs":true,"interaction":{"idSuffix":"content"}},"wdio_ui5_key":"reusablesview.manageresources.NewResourceUnitsap.m.StandardListItem{\"title\":\"10 - infinite\"}"}]}
COMMAND: GET /session/cd477e99f4e247ef02c326ac6df7445e/screenshot - {}
RESULT: {"script":"<script> [1562 bytes]","args":[{"selector":{"controlType":"sap.m.StandardListItem","viewName":"reusables.view.manageresources.NewResourceUnit","viewId":"application-manageresources-display-component---newResourceUnit","properties":{"title":"10 - infinite"},"searchOpenDialogs":true,"interaction":{"idSuffix":"content"}},"wdio_ui5_key":"reusablesview.manageresources.NewResourceUnitsap.m.StandardListItem{\"title\":\"10 - infinite\"}"}]}
RESULT: undefined
COMMAND: POST /session/cd477e99f4e247ef02c326ac6df7445e/element - {"using":"xpath","value":"//*[@id=\"__item1870\"]"}
RESULT: {}
RESULT: {"using":"xpath","value":"//*[@id=\"__item1870\"]"}
COMMAND: POST /session/cd477e99f4e247ef02c326ac6df7445e/element/f.375AD1BF2998C782D6149A43C57C8E27.d.351BCFB181055ACB6317C832DB39DDB7.e.19725/click - {}
RESULT: {}
COMMAND: GET /session/cd477e99f4e247ef02c326ac6df7445e/screenshot - {}
RESULT: {}
COMMAND: POST /session/cd477e99f4e247ef02c326ac6df7445e/execute/async - {"script":"<script> [1562 bytes]","args":[{"selector":{"id":"application-manageresources-display-component---newResourceUnit--newRRUPage-anchBar-application-manageresources-display-component---newResourceUnit--control-anchor","interaction":{"idSuffix":"BDI-content"}},"wdio_ui5_key":"applicationmanageresources-display-component---newResourceUnit--newRRUPage-anchBar-application-manageresources-display-component---newResourceUnit--control-anchor"}]}
RESULT: {"script":"<script> [1562 bytes]","args":[{"selector":{"id":"application-manageresources-display-component---newResourceUnit--newRRUPage-anchBar-application-manageresources-display-component---newResourceUnit--control-anchor","interaction":{"idSuffix":"BDI-content"}},"wdio_ui5_key":"applicationmanageresources-display-component---newResourceUnit--newRRUPage-anchBar-application-manageresources-display-component---newResourceUnit--control-anchor"}]}
RESULT: undefined
COMMAND: POST /session/cd477e99f4e247ef02c326ac6df7445e/element - {"using":"xpath","value":"//*[@id=\"application-manageresources-display-component---newResourceUnit--newRRUPage-anchBar-application-manageresources-display-component---newResourceUnit--control-anchor\"]"}
RESULT: {"using":"xpath","value":"//*[@id=\"application-manageresources-display-component---newResourceUnit--newRRUPage-anchBar-application-manageresources-display-component---newResourceUnit--control-anchor\"]"}
COMMAND: POST /session/cd477e99f4e247ef02c326ac6df7445e/element/f.375AD1BF2998C782D6149A43C57C8E27.d.351BCFB181055ACB6317C832DB39DDB7.e.19727/click - {}
RESULT: {}
COMMAND: GET /session/cd477e99f4e247ef02c326ac6df7445e/screenshot - {}
RESULT: {}
COMMAND: POST /session/cd477e99f4e247ef02c326ac6df7445e/execute/async - {"script":"<script> [1562 bytes]","args":[{"selector":{"id":"application-manageresources-display-component---newResourceUnit--btnAddTimeSegment","interaction":{"idSuffix":"inner"}},"wdio_ui5_key":"applicationmanageresources-display-component---newResourceUnit--btnAddTimeSegment"}]}
RESULT: {"script":"<script> [1562 bytes]","args":[{"selector":{"id":"application-manageresources-display-component---newResourceUnit--btnAddTimeSegment","interaction":{"idSuffix":"inner"}},"wdio_ui5_key":"applicationmanageresources-display-component---newResourceUnit--btnAddTimeSegment"}]}
RESULT: undefined
COMMAND: POST /session/cd477e99f4e247ef02c326ac6df7445e/element - {"using":"xpath","value":"//*[@id=\"application-manageresources-display-component---newResourceUnit--btnAddTimeSegment\"]"}
RESULT: {"using":"xpath","value":"//*[@id=\"application-manageresources-display-component---newResourceUnit--btnAddTimeSegment\"]"}
COMMAND: POST /session/cd477e99f4e247ef02c326ac6df7445e/element/f.375AD1BF2998C782D6149A43C57C8E27.d.351BCFB181055ACB6317C832DB39DDB7.e.19732/click - {}
RESULT: {}
COMMAND: GET /session/cd477e99f4e247ef02c326ac6df7445e/screenshot - {}
COMMAND: POST /session/cd477e99f4e247ef02c326ac6df7445e/element - {"using":"xpath","value":"//input[@id=\"application-manageresources-display-component---newResourceUnit--idRuTSAdmin-application-manageresources-display-component---newResourceUnit--RUTimeSegment-0-inner\"]"}
RESULT: {}
RESULT: {"using":"xpath","value":"//input[@id=\"application-manageresources-display-component---newResourceUnit--idRuTSAdmin-application-manageresources-display-component---newResourceUnit--RUTimeSegment-0-inner\"]"}
COMMAND: POST /session/cd477e99f4e247ef02c326ac6df7445e/element/f.375AD1BF2998C782D6149A43C57C8E27.d.351BCFB181055ACB6317C832DB39DDB7.e.19736/value - {"text":"800"}
RESULT: {"text":"800"}
COMMAND: GET /session/cd477e99f4e247ef02c326ac6df7445e/screenshot - {}
RESULT: {}
COMMAND: POST /session/cd477e99f4e247ef02c326ac6df7445e/actions - {"actions":[{"id":"action50","type":"key","parameters":{},"actions":[{"type":"keyDown","value":"î€‡"},{"type":"pause","duration":10},{"type":"keyUp","value":"î€‡"}]}]}
RESULT: {"actions":[{"id":"action50","type":"key","parameters":{},"actions":[{"type":"keyDown","value":"î€‡"},{"type":"pause","duration":10},{"type":"keyUp","value":"î€‡"}]}]}
COMMAND: GET /session/cd477e99f4e247ef02c326ac6df7445e/screenshot - {}
RESULT: {}
COMMAND: POST /session/cd477e99f4e247ef02c326ac6df7445e/execute/async - {"script":"<script> [1562 bytes]","args":[{"selector":{"controlType":"sap.m.Button","viewName":"reusables.view.manageresources.NewResourceUnit","viewId":"application-manageresources-display-component---newResourceUnit","i18NText":{"propertyName":"tooltip","key":"save"},"interaction":{"idSuffix":"BDI-content"}},"wdio_ui5_key":"reusablesview.manageresources.NewResourceUnitsap.m.Button{\"propertyName\":\"tooltip\",\"key\":\"save\"}"}]}
RESULT: {"script":"<script> [1562 bytes]","args":[{"selector":{"controlType":"sap.m.Button","viewName":"reusables.view.manageresources.NewResourceUnit","viewId":"application-manageresources-display-component---newResourceUnit","i18NText":{"propertyName":"tooltip","key":"save"},"interaction":{"idSuffix":"BDI-content"}},"wdio_ui5_key":"reusablesview.manageresources.NewResourceUnitsap.m.Button{\"propertyName\":\"tooltip\",\"key\":\"save\"}"}]}
RESULT: undefined
COMMAND: POST /session/cd477e99f4e247ef02c326ac6df7445e/element - {"using":"xpath","value":"//*[@id=\"application-manageresources-display-component---newResourceUnit--createRuButton\"]"}
RESULT: {"using":"xpath","value":"//*[@id=\"application-manageresources-display-component---newResourceUnit--createRuButton\"]"}
COMMAND: POST /session/cd477e99f4e247ef02c326ac6df7445e/element/f.375AD1BF2998C782D6149A43C57C8E27.d.351BCFB181055ACB6317C832DB39DDB7.e.19658/click - {}
RESULT: {}
COMMAND: GET /session/cd477e99f4e247ef02c326ac6df7445e/screenshot - {}
RESULT: {}
COMMAND: POST /session/cd477e99f4e247ef02c326ac6df7445e/execute/async - {"script":"<script> [1562 bytes]","args":[{"selector":{"controlType":"sap.m.Title","properties":{"text":"Success"},"searchOpenDialogs":true},"wdio_ui5_key":"sapm.Title{\"text\":\"Success\"}"}]}
RESULT: {"script":"<script> [1562 bytes]","args":[{"selector":{"controlType":"sap.m.Title","properties":{"text":"Success"},"searchOpenDialogs":true},"wdio_ui5_key":"sapm.Title{\"text\":\"Success\"}"}]}
RESULT: undefined
COMMAND: POST /session/cd477e99f4e247ef02c326ac6df7445e/execute/async - {"script":"<script> [6424 bytes]","args":[{"element-6066-11e4-a52e-4f735466cecf":"f.375AD1BF2998C782D6149A43C57C8E27.d.351BCFB181055ACB6317C832DB39DDB7.e.19752"},"getText",[]]}
RESULT: {"script":"<script> [6424 bytes]","args":[{"element-6066-11e4-a52e-4f735466cecf":"f.375AD1BF2998C782D6149A43C57C8E27.d.351BCFB181055ACB6317C832DB39DDB7.e.19752"},"getText",[]]}
COMMAND: POST /session/cd477e99f4e247ef02c326ac6df7445e/element - {"using":"xpath","value":"//*[contains(@id, '__text') and (contains(text(), 'successfully created') or contains(., 'successfully created'))]"}
RESULT: {"using":"xpath","value":"//*[contains(@id, '__text') and (contains(text(), 'successfully created') or contains(., 'successfully created'))]"}
COMMAND: GET /session/cd477e99f4e247ef02c326ac6df7445e/element/f.375AD1BF2998C782D6149A43C57C8E27.d.351BCFB181055ACB6317C832DB39DDB7.e.19750/text - {}
RESULT: {}
COMMAND: POST /session/cd477e99f4e247ef02c326ac6df7445e/execute/async - {"script":"<script> [1562 bytes]","args":[{"selector":{"controlType":"sap.m.Button","properties":{"text":"Close"},"searchOpenDialogs":true,"interaction":{"idSuffix":"BDI-content"}},"wdio_ui5_key":"sapm.Button{\"text\":\"Close\"}"}]}
RESULT: {"script":"<script> [1562 bytes]","args":[{"selector":{"controlType":"sap.m.Button","properties":{"text":"Close"},"searchOpenDialogs":true,"interaction":{"idSuffix":"BDI-content"}},"wdio_ui5_key":"sapm.Button{\"text\":\"Close\"}"}]}
RESULT: undefined
COMMAND: POST /session/cd477e99f4e247ef02c326ac6df7445e/element - {"using":"xpath","value":"//*[@id=\"__mbox-btn-0\"]"}
RESULT: {"using":"xpath","value":"//*[@id=\"__mbox-btn-0\"]"}
COMMAND: POST /session/cd477e99f4e247ef02c326ac6df7445e/element/f.375AD1BF2998C782D6149A43C57C8E27.d.351BCFB181055ACB6317C832DB39DDB7.e.19748/click - {}
RESULT: {}
COMMAND: GET /session/cd477e99f4e247ef02c326ac6df7445e/screenshot - {}
RESULT: {}
COMMAND: POST /session/cd477e99f4e247ef02c326ac6df7445e/execute/async - {"script":"<script> [1562 bytes]","args":[{"selector":{"controlType":"sap.ui.core.Icon","viewName":"etm.portal.ui.manageresources.view.Detail","viewId":"application-manageresources-display-component---detailRU","properties":{"src":{"regex":{"source":"overflow"}}}},"wdio_ui5_key":"etmportal.ui.manageresources.view.Detailsap.ui.core.Icon{\"src\":{\"regex\":{\"source\":\"overflow\"}}}"}]}
RESULT: {"script":"<script> [1562 bytes]","args":[{"selector":{"controlType":"sap.ui.core.Icon","viewName":"etm.portal.ui.manageresources.view.Detail","viewId":"application-manageresources-display-component---detailRU","properties":{"src":{"regex":{"source":"overflow"}}}},"wdio_ui5_key":"etmportal.ui.manageresources.view.Detailsap.ui.core.Icon{\"src\":{\"regex\":{\"source\":\"overflow\"}}}"}]}
RESULT: undefined
COMMAND: POST /session/cd477e99f4e247ef02c326ac6df7445e/element - {"using":"xpath","value":"//*[@id=\"__title46-_actionsToolbar-overflowButton-img\"]"}
RESULT: {"using":"xpath","value":"//*[@id=\"__title46-_actionsToolbar-overflowButton-img\"]"}
COMMAND: POST /session/cd477e99f4e247ef02c326ac6df7445e/element/f.375AD1BF2998C782D6149A43C57C8E27.d.351BCFB181055ACB6317C832DB39DDB7.e.19784/click - {}
RESULT: {}
COMMAND: POST /session/cd477e99f4e247ef02c326ac6df7445e/execute/async - {"script":"<script> [1562 bytes]","args":[{"selector":{"controlType":"sap.m.Button","viewName":"etm.portal.ui.manageresources.view.Detail","viewId":"application-manageresources-display-component---detailRU","i18NText":{"propertyName":"tooltip","key":"closeColumn"},"searchOpenDialogs":true,"interaction":{"idSuffix":"inner"}},"wdio_ui5_key":"etmportal.ui.manageresources.view.Detailsap.m.Button{\"propertyName\":\"tooltip\",\"key\":\"closeColumn\"}"}]}
COMMAND: GET /session/cd477e99f4e247ef02c326ac6df7445e/screenshot - {}
RESULT: {"script":"<script> [1562 bytes]","args":[{"selector":{"controlType":"sap.m.Button","viewName":"etm.portal.ui.manageresources.view.Detail","viewId":"application-manageresources-display-component---detailRU","i18NText":{"propertyName":"tooltip","key":"closeColumn"},"searchOpenDialogs":true,"interaction":{"idSuffix":"inner"}},"wdio_ui5_key":"etmportal.ui.manageresources.view.Detailsap.m.Button{\"propertyName\":\"tooltip\",\"key\":\"closeColumn\"}"}]}
RESULT: undefined
COMMAND: POST /session/cd477e99f4e247ef02c326ac6df7445e/element - {"using":"xpath","value":"//*[@id=\"__button206\"]"}
RESULT: {}
RESULT: {"using":"xpath","value":"//*[@id=\"__button206\"]"}
COMMAND: POST /session/cd477e99f4e247ef02c326ac6df7445e/element/f.375AD1BF2998C782D6149A43C57C8E27.d.351BCFB181055ACB6317C832DB39DDB7.e.19786/click - {}
RESULT: {}
COMMAND: GET /session/cd477e99f4e247ef02c326ac6df7445e/screenshot - {}
RESULT: {}
COMMAND: POST /session/cd477e99f4e247ef02c326ac6df7445e/element - {"using":"css selector","value":"#shell-header-logo"}
RESULT: {"using":"css selector","value":"#shell-header-logo"}
COMMAND: POST /session/cd477e99f4e247ef02c326ac6df7445e/element/f.375AD1BF2998C782D6149A43C57C8E27.d.351BCFB181055ACB6317C832DB39DDB7.e.19292/click - {}
RESULT: {}
COMMAND: GET /session/cd477e99f4e247ef02c326ac6df7445e/screenshot - {}
RESULT: {}
]]></system-out>
    </testcase>
    <testcase classname="chrome.135_0_7049_96.windows.Create_masterdata_for_Yard_Overview_-_trigger_provide_US130988" name="Should create a BIN STATUS" time="43.731">
      <system-out><![CDATA[
COMMAND: POST /session/cd477e99f4e247ef02c326ac6df7445e/execute/async - {"script":"<script> [1562 bytes]","args":[{"selector":{"controlType":"sap.m.GenericTile","properties":{"header":"Bin Status Report"}},"wdio_ui5_key":"sapm.GenericTile{\"header\":\"Bin Status Report\"}"}]}
RESULT: {"script":"<script> [1562 bytes]","args":[{"selector":{"controlType":"sap.m.GenericTile","properties":{"header":"Bin Status Report"}},"wdio_ui5_key":"sapm.GenericTile{\"header\":\"Bin Status Report\"}"}]}
RESULT: undefined
COMMAND: POST /session/cd477e99f4e247ef02c326ac6df7445e/element - {"using":"xpath","value":"//*[@id=\"__tile104\"]"}
RESULT: {"using":"xpath","value":"//*[@id=\"__tile104\"]"}
COMMAND: POST /session/cd477e99f4e247ef02c326ac6df7445e/element/f.375AD1BF2998C782D6149A43C57C8E27.d.351BCFB181055ACB6317C832DB39DDB7.e.19951/click - {}
RESULT: {}
COMMAND: GET /session/cd477e99f4e247ef02c326ac6df7445e/screenshot - {}
RESULT: {}
COMMAND: POST /session/cd477e99f4e247ef02c326ac6df7445e/execute/async - {"script":"<script> [1562 bytes]","args":[{"selector":{"id":"application-binstatusreport-display-component---warehousing--createOrgBtn","interaction":{"idSuffix":"BDI-content"}},"wdio_ui5_key":"applicationbinstatusreport-display-component---warehousing--createOrgBtn"}]}
RESULT: {"script":"<script> [1562 bytes]","args":[{"selector":{"id":"application-binstatusreport-display-component---warehousing--createOrgBtn","interaction":{"idSuffix":"BDI-content"}},"wdio_ui5_key":"applicationbinstatusreport-display-component---warehousing--createOrgBtn"}]}
RESULT: undefined
COMMAND: POST /session/cd477e99f4e247ef02c326ac6df7445e/element - {"using":"xpath","value":"//*[@id=\"application-binstatusreport-display-component---warehousing--createOrgBtn\"]"}
RESULT: {"using":"xpath","value":"//*[@id=\"application-binstatusreport-display-component---warehousing--createOrgBtn\"]"}
COMMAND: POST /session/cd477e99f4e247ef02c326ac6df7445e/element/f.375AD1BF2998C782D6149A43C57C8E27.d.351BCFB181055ACB6317C832DB39DDB7.e.19989/click - {}
RESULT: {}
COMMAND: GET /session/cd477e99f4e247ef02c326ac6df7445e/screenshot - {}
RESULT: {}
COMMAND: POST /session/cd477e99f4e247ef02c326ac6df7445e/execute/async - {"script":"<script> [1562 bytes]","args":[{"selector":{"id":"createOrganizationPop--sectionInput","searchOpenDialogs":true,"interaction":{"idSuffix":"inner"}},"wdio_ui5_key":"createOrganizationPopsectionInput"}]}
RESULT: {"script":"<script> [1562 bytes]","args":[{"selector":{"id":"createOrganizationPop--sectionInput","searchOpenDialogs":true,"interaction":{"idSuffix":"inner"}},"wdio_ui5_key":"createOrganizationPopsectionInput"}]}
RESULT: undefined
COMMAND: POST /session/cd477e99f4e247ef02c326ac6df7445e/execute/async - {"script":"<script> [776 bytes]","args":[{"enterText":"111","selector":{"id":"createOrganizationPop--sectionInput","searchOpenDialogs":true,"interaction":{"idSuffix":"inner"}},"clearTextFirst":true,"interactionType":"ENTER_TEXT"}]}
RESULT: {"script":"<script> [776 bytes]","args":[{"enterText":"111","selector":{"id":"createOrganizationPop--sectionInput","searchOpenDialogs":true,"interaction":{"idSuffix":"inner"}},"clearTextFirst":true,"interactionType":"ENTER_TEXT"}]}
COMMAND: POST /session/cd477e99f4e247ef02c326ac6df7445e/execute/async - {"script":"<script> [1562 bytes]","args":[{"selector":{"id":"createOrganizationPop--descriptionInput","searchOpenDialogs":true,"interaction":{"idSuffix":"inner"}},"wdio_ui5_key":"createOrganizationPopdescriptionInput"}]}
RESULT: {"script":"<script> [1562 bytes]","args":[{"selector":{"id":"createOrganizationPop--descriptionInput","searchOpenDialogs":true,"interaction":{"idSuffix":"inner"}},"wdio_ui5_key":"createOrganizationPopdescriptionInput"}]}
RESULT: undefined
COMMAND: POST /session/cd477e99f4e247ef02c326ac6df7445e/execute/async - {"script":"<script> [776 bytes]","args":[{"enterText":"PUTAWAY_WEBDRIVER_DESC","selector":{"id":"createOrganizationPop--descriptionInput","searchOpenDialogs":true,"interaction":{"idSuffix":"inner"}},"clearTextFirst":true,"interactionType":"ENTER_TEXT"}]}
RESULT: {"script":"<script> [776 bytes]","args":[{"enterText":"PUTAWAY_WEBDRIVER_DESC","selector":{"id":"createOrganizationPop--descriptionInput","searchOpenDialogs":true,"interaction":{"idSuffix":"inner"}},"clearTextFirst":true,"interactionType":"ENTER_TEXT"}]}
COMMAND: POST /session/cd477e99f4e247ef02c326ac6df7445e/execute/async - {"script":"<script> [1562 bytes]","args":[{"selector":{"id":"createOrganizationPop--yardOrg-arrow","searchOpenDialogs":true},"wdio_ui5_key":"createOrganizationPopyardOrg-arrow"}]}
RESULT: {"script":"<script> [1562 bytes]","args":[{"selector":{"id":"createOrganizationPop--yardOrg-arrow","searchOpenDialogs":true},"wdio_ui5_key":"createOrganizationPopyardOrg-arrow"}]}
RESULT: undefined
COMMAND: POST /session/cd477e99f4e247ef02c326ac6df7445e/element - {"using":"xpath","value":"//*[@id=\"createOrganizationPop--yardOrg-arrow\"]"}
RESULT: {"using":"xpath","value":"//*[@id=\"createOrganizationPop--yardOrg-arrow\"]"}
COMMAND: POST /session/cd477e99f4e247ef02c326ac6df7445e/element/f.375AD1BF2998C782D6149A43C57C8E27.d.351BCFB181055ACB6317C832DB39DDB7.e.20066/click - {}
RESULT: {}
COMMAND: POST /session/cd477e99f4e247ef02c326ac6df7445e/element - {"using":"xpath","value":"//input[@id=\"createOrganizationPop--yardOrg-inner\"]"}
COMMAND: GET /session/cd477e99f4e247ef02c326ac6df7445e/screenshot - {}
RESULT: {"using":"xpath","value":"//input[@id=\"createOrganizationPop--yardOrg-inner\"]"}
COMMAND: POST /session/cd477e99f4e247ef02c326ac6df7445e/element/f.375AD1BF2998C782D6149A43C57C8E27.d.351BCFB181055ACB6317C832DB39DDB7.e.20047/value - {"text":"800"}
RESULT: {}
RESULT: {"text":"800"}
COMMAND: GET /session/cd477e99f4e247ef02c326ac6df7445e/screenshot - {}
RESULT: {}
COMMAND: POST /session/cd477e99f4e247ef02c326ac6df7445e/actions - {"actions":[{"id":"action51","type":"key","parameters":{},"actions":[{"type":"keyDown","value":"î€‡"},{"type":"pause","duration":10},{"type":"keyUp","value":"î€‡"}]}]}
RESULT: {"actions":[{"id":"action51","type":"key","parameters":{},"actions":[{"type":"keyDown","value":"î€‡"},{"type":"pause","duration":10},{"type":"keyUp","value":"î€‡"}]}]}
COMMAND: POST /session/cd477e99f4e247ef02c326ac6df7445e/execute/async - {"script":"<script> [1562 bytes]","args":[{"selector":{"id":"createOrganizationPop--grZone","searchOpenDialogs":true,"interaction":{"idSuffix":"CbBg"}},"wdio_ui5_key":"createOrganizationPopgrZone"}]}
COMMAND: GET /session/cd477e99f4e247ef02c326ac6df7445e/screenshot - {}
RESULT: {"script":"<script> [1562 bytes]","args":[{"selector":{"id":"createOrganizationPop--grZone","searchOpenDialogs":true,"interaction":{"idSuffix":"CbBg"}},"wdio_ui5_key":"createOrganizationPopgrZone"}]}
RESULT: undefined
COMMAND: POST /session/cd477e99f4e247ef02c326ac6df7445e/element - {"using":"xpath","value":"//*[@id=\"createOrganizationPop--grZone\"]"}
RESULT: {}
RESULT: {"using":"xpath","value":"//*[@id=\"createOrganizationPop--grZone\"]"}
COMMAND: POST /session/cd477e99f4e247ef02c326ac6df7445e/element/f.375AD1BF2998C782D6149A43C57C8E27.d.351BCFB181055ACB6317C832DB39DDB7.e.20069/click - {}
RESULT: {}
COMMAND: POST /session/cd477e99f4e247ef02c326ac6df7445e/execute/async - {"script":"<script> [1562 bytes]","args":[{"selector":{"id":"createOrganizationPop--giZone","searchOpenDialogs":true,"interaction":{"idSuffix":"CbBg"}},"wdio_ui5_key":"createOrganizationPopgiZone"}]}
COMMAND: GET /session/cd477e99f4e247ef02c326ac6df7445e/screenshot - {}
RESULT: {"script":"<script> [1562 bytes]","args":[{"selector":{"id":"createOrganizationPop--giZone","searchOpenDialogs":true,"interaction":{"idSuffix":"CbBg"}},"wdio_ui5_key":"createOrganizationPopgiZone"}]}
RESULT: undefined
COMMAND: POST /session/cd477e99f4e247ef02c326ac6df7445e/element - {"using":"xpath","value":"//*[@id=\"createOrganizationPop--giZone\"]"}
RESULT: {}
RESULT: {"using":"xpath","value":"//*[@id=\"createOrganizationPop--giZone\"]"}
COMMAND: POST /session/cd477e99f4e247ef02c326ac6df7445e/element/f.375AD1BF2998C782D6149A43C57C8E27.d.351BCFB181055ACB6317C832DB39DDB7.e.20071/click - {}
RESULT: {}
COMMAND: POST /session/cd477e99f4e247ef02c326ac6df7445e/execute/async - {"script":"<script> [1562 bytes]","args":[{"selector":{"id":"createOrganizationPop--binNoInput","searchOpenDialogs":true,"interaction":{"idSuffix":"inner"}},"wdio_ui5_key":"createOrganizationPopbinNoInput"}]}
COMMAND: GET /session/cd477e99f4e247ef02c326ac6df7445e/screenshot - {}
RESULT: {"script":"<script> [1562 bytes]","args":[{"selector":{"id":"createOrganizationPop--binNoInput","searchOpenDialogs":true,"interaction":{"idSuffix":"inner"}},"wdio_ui5_key":"createOrganizationPopbinNoInput"}]}
RESULT: undefined
COMMAND: POST /session/cd477e99f4e247ef02c326ac6df7445e/execute/async - {"script":"<script> [776 bytes]","args":[{"enterText":"TP001","selector":{"id":"createOrganizationPop--binNoInput","searchOpenDialogs":true,"interaction":{"idSuffix":"inner"}},"clearTextFirst":true,"interactionType":"ENTER_TEXT"}]}
RESULT: {}
RESULT: {"script":"<script> [776 bytes]","args":[{"enterText":"TP001","selector":{"id":"createOrganizationPop--binNoInput","searchOpenDialogs":true,"interaction":{"idSuffix":"inner"}},"clearTextFirst":true,"interactionType":"ENTER_TEXT"}]}
COMMAND: POST /session/cd477e99f4e247ef02c326ac6df7445e/execute/async - {"script":"<script> [1562 bytes]","args":[{"selector":{"id":"createOrganizationPop--descriptionId","searchOpenDialogs":true,"interaction":{"idSuffix":"inner"}},"wdio_ui5_key":"createOrganizationPopdescriptionId"}]}
RESULT: {"script":"<script> [1562 bytes]","args":[{"selector":{"id":"createOrganizationPop--descriptionId","searchOpenDialogs":true,"interaction":{"idSuffix":"inner"}},"wdio_ui5_key":"createOrganizationPopdescriptionId"}]}
RESULT: undefined
COMMAND: POST /session/cd477e99f4e247ef02c326ac6df7445e/execute/async - {"script":"<script> [776 bytes]","args":[{"enterText":"PUTAWAY","selector":{"id":"createOrganizationPop--descriptionId","searchOpenDialogs":true,"interaction":{"idSuffix":"inner"}},"clearTextFirst":true,"interactionType":"ENTER_TEXT"}]}
RESULT: {"script":"<script> [776 bytes]","args":[{"enterText":"PUTAWAY","selector":{"id":"createOrganizationPop--descriptionId","searchOpenDialogs":true,"interaction":{"idSuffix":"inner"}},"clearTextFirst":true,"interactionType":"ENTER_TEXT"}]}
COMMAND: POST /session/cd477e99f4e247ef02c326ac6df7445e/execute/async - {"script":"<script> [1562 bytes]","args":[{"selector":{"controlType":"sap.m.CheckBox","viewName":"etm.portal.ui.binstatusreport.view.MasterWareBins","viewId":"application-binstatusreport-display-component---warehousing","bindingPath":{"path":"","propertyPath":"/ZONE","modelName":"newBin"},"searchOpenDialogs":true,"interaction":{"idSuffix":"CbBg"}},"wdio_ui5_key":"etmportal.ui.binstatusreport.view.MasterWareBinssap.m.CheckBox{\"path\":\"\",\"propertyPath\":\"/ZONE\",\"modelName\":\"newBin\"}"}]}
RESULT: {"script":"<script> [1562 bytes]","args":[{"selector":{"controlType":"sap.m.CheckBox","viewName":"etm.portal.ui.binstatusreport.view.MasterWareBins","viewId":"application-binstatusreport-display-component---warehousing","bindingPath":{"path":"","propertyPath":"/ZONE","modelName":"newBin"},"searchOpenDialogs":true,"interaction":{"idSuffix":"CbBg"}},"wdio_ui5_key":"etmportal.ui.binstatusreport.view.MasterWareBinssap.m.CheckBox{\"path\":\"\",\"propertyPath\":\"/ZONE\",\"modelName\":\"newBin\"}"}]}
RESULT: undefined
COMMAND: POST /session/cd477e99f4e247ef02c326ac6df7445e/element - {"using":"xpath","value":"//*[@id=\"__box56\"]"}
RESULT: {"using":"xpath","value":"//*[@id=\"__box56\"]"}
COMMAND: POST /session/cd477e99f4e247ef02c326ac6df7445e/element/f.375AD1BF2998C782D6149A43C57C8E27.d.351BCFB181055ACB6317C832DB39DDB7.e.20075/click - {}
RESULT: {}
COMMAND: POST /session/cd477e99f4e247ef02c326ac6df7445e/execute/async - {"script":"<script> [1562 bytes]","args":[{"selector":{"id":"createOrganizationPop--binTypesCB-arrow","searchOpenDialogs":true},"wdio_ui5_key":"createOrganizationPopbinTypesCB-arrow"}]}
COMMAND: GET /session/cd477e99f4e247ef02c326ac6df7445e/screenshot - {}
RESULT: {}
RESULT: {"script":"<script> [1562 bytes]","args":[{"selector":{"id":"createOrganizationPop--binTypesCB-arrow","searchOpenDialogs":true},"wdio_ui5_key":"createOrganizationPopbinTypesCB-arrow"}]}
RESULT: undefined
COMMAND: POST /session/cd477e99f4e247ef02c326ac6df7445e/element - {"using":"xpath","value":"//*[@id=\"createOrganizationPop--binTypesCB-arrow\"]"}
RESULT: {"using":"xpath","value":"//*[@id=\"createOrganizationPop--binTypesCB-arrow\"]"}
COMMAND: POST /session/cd477e99f4e247ef02c326ac6df7445e/element/f.375AD1BF2998C782D6149A43C57C8E27.d.351BCFB181055ACB6317C832DB39DDB7.e.20076/click - {}
RESULT: {}
COMMAND: POST /session/cd477e99f4e247ef02c326ac6df7445e/execute/async - {"script":"<script> [1562 bytes]","args":[{"selector":{"controlType":"sap.m.StandardListItem","viewName":"etm.portal.ui.binstatusreport.view.MasterWareBins","viewId":"application-binstatusreport-display-component---warehousing","properties":{"title":"1 - General / No capacity check"},"searchOpenDialogs":true,"interaction":{"idSuffix":"content"}},"wdio_ui5_key":"etmportal.ui.binstatusreport.view.MasterWareBinssap.m.StandardListItem{\"title\":\"1 - General / No capacity check\"}"}]}
COMMAND: GET /session/cd477e99f4e247ef02c326ac6df7445e/screenshot - {}
RESULT: {"script":"<script> [1562 bytes]","args":[{"selector":{"controlType":"sap.m.StandardListItem","viewName":"etm.portal.ui.binstatusreport.view.MasterWareBins","viewId":"application-binstatusreport-display-component---warehousing","properties":{"title":"1 - General / No capacity check"},"searchOpenDialogs":true,"interaction":{"idSuffix":"content"}},"wdio_ui5_key":"etmportal.ui.binstatusreport.view.MasterWareBinssap.m.StandardListItem{\"title\":\"1 - General / No capacity check\"}"}]}
RESULT: undefined
COMMAND: POST /session/cd477e99f4e247ef02c326ac6df7445e/element - {"using":"xpath","value":"//*[@id=\"__item2715\"]"}
RESULT: {}
RESULT: {"using":"xpath","value":"//*[@id=\"__item2715\"]"}
COMMAND: POST /session/cd477e99f4e247ef02c326ac6df7445e/element/f.375AD1BF2998C782D6149A43C57C8E27.d.351BCFB181055ACB6317C832DB39DDB7.e.20078/click - {}
RESULT: {}
COMMAND: POST /session/cd477e99f4e247ef02c326ac6df7445e/execute/async - {"script":"<script> [1562 bytes]","args":[{"selector":{"id":"createOrganizationPop--finishBtn","searchOpenDialogs":true,"interaction":{"idSuffix":"BDI-content"}},"wdio_ui5_key":"createOrganizationPopfinishBtn"}]}
COMMAND: GET /session/cd477e99f4e247ef02c326ac6df7445e/screenshot - {}
RESULT: {"script":"<script> [1562 bytes]","args":[{"selector":{"id":"createOrganizationPop--finishBtn","searchOpenDialogs":true,"interaction":{"idSuffix":"BDI-content"}},"wdio_ui5_key":"createOrganizationPopfinishBtn"}]}
RESULT: undefined
COMMAND: POST /session/cd477e99f4e247ef02c326ac6df7445e/element - {"using":"xpath","value":"//*[@id=\"createOrganizationPop--finishBtn\"]"}
RESULT: {}
RESULT: {"using":"xpath","value":"//*[@id=\"createOrganizationPop--finishBtn\"]"}
COMMAND: POST /session/cd477e99f4e247ef02c326ac6df7445e/element/f.375AD1BF2998C782D6149A43C57C8E27.d.351BCFB181055ACB6317C832DB39DDB7.e.20080/click - {}
RESULT: {}
COMMAND: GET /session/cd477e99f4e247ef02c326ac6df7445e/screenshot - {}
RESULT: {}
COMMAND: POST /session/cd477e99f4e247ef02c326ac6df7445e/element - {"using":"css selector","value":"#shell-header-logo"}
RESULT: {"using":"css selector","value":"#shell-header-logo"}
COMMAND: POST /session/cd477e99f4e247ef02c326ac6df7445e/element/f.375AD1BF2998C782D6149A43C57C8E27.d.351BCFB181055ACB6317C832DB39DDB7.e.19957/click - {}
RESULT: {}
COMMAND: GET /session/cd477e99f4e247ef02c326ac6df7445e/screenshot - {}
RESULT: {}
]]></system-out>
    </testcase>
    <testcase classname="chrome.135_0_7049_96.windows.Create_masterdata_for_Yard_Overview_-_trigger_provide_US130988" name="Stock increase" time="57.809">
      <system-out><![CDATA[
COMMAND: POST /session/cd477e99f4e247ef02c326ac6df7445e/execute/async - {"script":"<script> [1562 bytes]","args":[{"selector":{"controlType":"sap.m.GenericTile","properties":{"header":"Manage Handovers"}},"wdio_ui5_key":"sapm.GenericTile{\"header\":\"Manage Handovers\"}"}]}
RESULT: {"script":"<script> [1562 bytes]","args":[{"selector":{"controlType":"sap.m.GenericTile","properties":{"header":"Manage Handovers"}},"wdio_ui5_key":"sapm.GenericTile{\"header\":\"Manage Handovers\"}"}]}
RESULT: undefined
COMMAND: POST /session/cd477e99f4e247ef02c326ac6df7445e/element - {"using":"xpath","value":"//*[@id=\"__tile130\"]"}
RESULT: {"using":"xpath","value":"//*[@id=\"__tile130\"]"}
COMMAND: POST /session/cd477e99f4e247ef02c326ac6df7445e/element/f.375AD1BF2998C782D6149A43C57C8E27.d.351BCFB181055ACB6317C832DB39DDB7.e.20086/click - {}
RESULT: {}
COMMAND: GET /session/cd477e99f4e247ef02c326ac6df7445e/screenshot - {}
RESULT: {}
COMMAND: POST /session/cd477e99f4e247ef02c326ac6df7445e/execute/async - {"script":"<script> [1562 bytes]","args":[{"selector":{"controlType":"sap.ui.core.Icon","viewName":"etm.portal.ui.managehandovers.view.MasterHO","properties":{"src":{"regex":{"source":"add"}}}},"wdio_ui5_key":"etmportal.ui.managehandovers.view.MasterHOsap.ui.core.Icon{\"src\":{\"regex\":{\"source\":\"add\"}}}"}]}
RESULT: {"script":"<script> [1562 bytes]","args":[{"selector":{"controlType":"sap.ui.core.Icon","viewName":"etm.portal.ui.managehandovers.view.MasterHO","properties":{"src":{"regex":{"source":"add"}}}},"wdio_ui5_key":"etmportal.ui.managehandovers.view.MasterHOsap.ui.core.Icon{\"src\":{\"regex\":{\"source\":\"add\"}}}"}]}
RESULT: undefined
COMMAND: POST /session/cd477e99f4e247ef02c326ac6df7445e/element - {"using":"xpath","value":"//*[@id=\"__button238-img\"]"}
RESULT: {"using":"xpath","value":"//*[@id=\"__button238-img\"]"}
COMMAND: POST /session/cd477e99f4e247ef02c326ac6df7445e/element/f.375AD1BF2998C782D6149A43C57C8E27.d.351BCFB181055ACB6317C832DB39DDB7.e.20127/click - {}
RESULT: {}
COMMAND: GET /session/cd477e99f4e247ef02c326ac6df7445e/screenshot - {}
RESULT: {}
COMMAND: POST /session/cd477e99f4e247ef02c326ac6df7445e/execute/async - {"script":"<script> [1562 bytes]","args":[{"selector":{"id":"application-managehandovers-display-component---AddNewHO--typeSelect","interaction":{"idSuffix":"arrow"}},"wdio_ui5_key":"applicationmanagehandovers-display-component---AddNewHO--typeSelect"}]}
RESULT: {"script":"<script> [1562 bytes]","args":[{"selector":{"id":"application-managehandovers-display-component---AddNewHO--typeSelect","interaction":{"idSuffix":"arrow"}},"wdio_ui5_key":"applicationmanagehandovers-display-component---AddNewHO--typeSelect"}]}
RESULT: undefined
COMMAND: POST /session/cd477e99f4e247ef02c326ac6df7445e/element - {"using":"xpath","value":"//*[@id=\"application-managehandovers-display-component---AddNewHO--typeSelect\"]"}
RESULT: {"using":"xpath","value":"//*[@id=\"application-managehandovers-display-component---AddNewHO--typeSelect\"]"}
COMMAND: POST /session/cd477e99f4e247ef02c326ac6df7445e/element/f.375AD1BF2998C782D6149A43C57C8E27.d.351BCFB181055ACB6317C832DB39DDB7.e.20418/click - {}
RESULT: {}
COMMAND: POST /session/cd477e99f4e247ef02c326ac6df7445e/execute/async - {"script":"<script> [1562 bytes]","args":[{"selector":{"controlType":"sap.ui.core.Item","viewName":"etm.portal.ui.managehandovers.view.AddNewHO","viewId":"application-managehandovers-display-component---AddNewHO","bindingPath":{"path":"/HandOverTypes('100')","propertyPath":"ID","modelName":"catalogModel"},"searchOpenDialogs":true},"wdio_ui5_key":"etmportal.ui.managehandovers.view.AddNewHOsap.ui.core.Item{\"path\":\"/HandOverTypes('100')\",\"propertyPath\":\"ID\",\"modelName\":\"catalogModel\"}"}]}
COMMAND: GET /session/cd477e99f4e247ef02c326ac6df7445e/screenshot - {}
RESULT: {"script":"<script> [1562 bytes]","args":[{"selector":{"controlType":"sap.ui.core.Item","viewName":"etm.portal.ui.managehandovers.view.AddNewHO","viewId":"application-managehandovers-display-component---AddNewHO","bindingPath":{"path":"/HandOverTypes('100')","propertyPath":"ID","modelName":"catalogModel"},"searchOpenDialogs":true},"wdio_ui5_key":"etmportal.ui.managehandovers.view.AddNewHOsap.ui.core.Item{\"path\":\"/HandOverTypes('100')\",\"propertyPath\":\"ID\",\"modelName\":\"catalogModel\"}"}]}
RESULT: undefined
COMMAND: POST /session/cd477e99f4e247ef02c326ac6df7445e/element - {"using":"xpath","value":"//*[@id=\"__item2740-application-managehandovers-display-component---AddNewHO--typeSelect-1\"]"}
RESULT: {}
RESULT: {"using":"xpath","value":"//*[@id=\"__item2740-application-managehandovers-display-component---AddNewHO--typeSelect-1\"]"}
COMMAND: POST /session/cd477e99f4e247ef02c326ac6df7445e/element/f.375AD1BF2998C782D6149A43C57C8E27.d.351BCFB181055ACB6317C832DB39DDB7.e.20419/click - {}
RESULT: {}
COMMAND: POST /session/cd477e99f4e247ef02c326ac6df7445e/execute/async - {"script":"<script> [1562 bytes]","args":[{"selector":{"id":"application-managehandovers-display-component---AddNewHO--dueDate","interaction":{"idSuffix":"inner"}},"wdio_ui5_key":"applicationmanagehandovers-display-component---AddNewHO--dueDate"}]}
COMMAND: GET /session/cd477e99f4e247ef02c326ac6df7445e/screenshot - {}
RESULT: {"script":"<script> [1562 bytes]","args":[{"selector":{"id":"application-managehandovers-display-component---AddNewHO--dueDate","interaction":{"idSuffix":"inner"}},"wdio_ui5_key":"applicationmanagehandovers-display-component---AddNewHO--dueDate"}]}
RESULT: undefined
COMMAND: POST /session/cd477e99f4e247ef02c326ac6df7445e/execute/async - {"script":"<script> [776 bytes]","args":[{"enterText":"04/24/25","selector":{"id":"application-managehandovers-display-component---AddNewHO--dueDate","interaction":{"idSuffix":"inner"}},"clearTextFirst":true,"interactionType":"ENTER_TEXT"}]}
RESULT: {}
RESULT: {"script":"<script> [776 bytes]","args":[{"enterText":"04/24/25","selector":{"id":"application-managehandovers-display-component---AddNewHO--dueDate","interaction":{"idSuffix":"inner"}},"clearTextFirst":true,"interactionType":"ENTER_TEXT"}]}
COMMAND: POST /session/cd477e99f4e247ef02c326ac6df7445e/element - {"using":"xpath","value":"//input[@id=\"generalSectionFrg--receiveYard-inner\"]"}
RESULT: {"using":"xpath","value":"//input[@id=\"generalSectionFrg--receiveYard-inner\"]"}
COMMAND: POST /session/cd477e99f4e247ef02c326ac6df7445e/element/f.375AD1BF2998C782D6149A43C57C8E27.d.351BCFB181055ACB6317C832DB39DDB7.e.20429/value - {"text":"800"}
RESULT: {"text":"800"}
COMMAND: GET /session/cd477e99f4e247ef02c326ac6df7445e/screenshot - {}
RESULT: {}
COMMAND: POST /session/cd477e99f4e247ef02c326ac6df7445e/actions - {"actions":[{"id":"action52","type":"key","parameters":{},"actions":[{"type":"keyDown","value":"î€‡"},{"type":"pause","duration":10},{"type":"keyUp","value":"î€‡"}]}]}
RESULT: {"actions":[{"id":"action52","type":"key","parameters":{},"actions":[{"type":"keyDown","value":"î€‡"},{"type":"pause","duration":10},{"type":"keyUp","value":"î€‡"}]}]}
COMMAND: POST /session/cd477e99f4e247ef02c326ac6df7445e/execute/async - {"script":"<script> [1562 bytes]","args":[{"selector":{"id":"application-managehandovers-display-component---AddNewHO--ObjectPageLayout-anchBar-application-managehandovers-display-component---AddNewHO--section4-anchor","interaction":{"idSuffix":"BDI-content"}},"wdio_ui5_key":"applicationmanagehandovers-display-component---AddNewHO--ObjectPageLayout-anchBar-application-managehandovers-display-component---AddNewHO--section4-anchor"}]}
COMMAND: GET /session/cd477e99f4e247ef02c326ac6df7445e/screenshot - {}
RESULT: {"script":"<script> [1562 bytes]","args":[{"selector":{"id":"application-managehandovers-display-component---AddNewHO--ObjectPageLayout-anchBar-application-managehandovers-display-component---AddNewHO--section4-anchor","interaction":{"idSuffix":"BDI-content"}},"wdio_ui5_key":"applicationmanagehandovers-display-component---AddNewHO--ObjectPageLayout-anchBar-application-managehandovers-display-component---AddNewHO--section4-anchor"}]}
RESULT: undefined
COMMAND: POST /session/cd477e99f4e247ef02c326ac6df7445e/element - {"using":"xpath","value":"//*[@id=\"application-managehandovers-display-component---AddNewHO--ObjectPageLayout-anchBar-application-managehandovers-display-component---AddNewHO--section4-anchor\"]"}
RESULT: {}
RESULT: {"using":"xpath","value":"//*[@id=\"application-managehandovers-display-component---AddNewHO--ObjectPageLayout-anchBar-application-managehandovers-display-component---AddNewHO--section4-anchor\"]"}
COMMAND: POST /session/cd477e99f4e247ef02c326ac6df7445e/element/f.375AD1BF2998C782D6149A43C57C8E27.d.351BCFB181055ACB6317C832DB39DDB7.e.20443/click - {}
RESULT: {}
COMMAND: POST /session/cd477e99f4e247ef02c326ac6df7445e/execute/async - {"script":"<script> [1562 bytes]","args":[{"selector":{"controlType":"sap.m.Button","viewName":"etm.portal.ui.managehandovers.view.AddNewHO","viewId":"application-managehandovers-display-component---AddNewHO","properties":{"icon":"sap-icon://add"},"interaction":{"idSuffix":"inner"}},"wdio_ui5_key":"etmportal.ui.managehandovers.view.AddNewHOsap.m.Button{\"icon\":\"sap-icon://add\"}"}]}
COMMAND: GET /session/cd477e99f4e247ef02c326ac6df7445e/screenshot - {}
RESULT: {"script":"<script> [1562 bytes]","args":[{"selector":{"controlType":"sap.m.Button","viewName":"etm.portal.ui.managehandovers.view.AddNewHO","viewId":"application-managehandovers-display-component---AddNewHO","properties":{"icon":"sap-icon://add"},"interaction":{"idSuffix":"inner"}},"wdio_ui5_key":"etmportal.ui.managehandovers.view.AddNewHOsap.m.Button{\"icon\":\"sap-icon://add\"}"}]}
RESULT: undefined
COMMAND: POST /session/cd477e99f4e247ef02c326ac6df7445e/element - {"using":"xpath","value":"//*[@id=\"__button257\"]"}
RESULT: {}
RESULT: {"using":"xpath","value":"//*[@id=\"__button257\"]"}
COMMAND: POST /session/cd477e99f4e247ef02c326ac6df7445e/element/f.375AD1BF2998C782D6149A43C57C8E27.d.351BCFB181055ACB6317C832DB39DDB7.e.20450/click - {}
RESULT: {}
COMMAND: GET /session/cd477e99f4e247ef02c326ac6df7445e/screenshot - {}
RESULT: {}
COMMAND: POST /session/cd477e99f4e247ef02c326ac6df7445e/execute/async - {"script":"<script> [1562 bytes]","args":[{"selector":{"id":"application-managehandovers-display-component---AddNewHO--smartFilterBar-btnBasicSearch","searchOpenDialogs":true,"interaction":{"idSuffix":"I"}},"wdio_ui5_key":"applicationmanagehandovers-display-component---AddNewHO--smartFilterBar-btnBasicSearch"}]}
RESULT: {"script":"<script> [1562 bytes]","args":[{"selector":{"id":"application-managehandovers-display-component---AddNewHO--smartFilterBar-btnBasicSearch","searchOpenDialogs":true,"interaction":{"idSuffix":"I"}},"wdio_ui5_key":"applicationmanagehandovers-display-component---AddNewHO--smartFilterBar-btnBasicSearch"}]}
RESULT: undefined
COMMAND: POST /session/cd477e99f4e247ef02c326ac6df7445e/execute/async - {"script":"<script> [776 bytes]","args":[{"enterText":"200523","selector":{"id":"application-managehandovers-display-component---AddNewHO--smartFilterBar-btnBasicSearch","searchOpenDialogs":true,"interaction":{"idSuffix":"I"}},"clearTextFirst":true,"interactionType":"ENTER_TEXT"}]}
RESULT: {"script":"<script> [776 bytes]","args":[{"enterText":"200523","selector":{"id":"application-managehandovers-display-component---AddNewHO--smartFilterBar-btnBasicSearch","searchOpenDialogs":true,"interaction":{"idSuffix":"I"}},"clearTextFirst":true,"interactionType":"ENTER_TEXT"}]}
COMMAND: POST /session/cd477e99f4e247ef02c326ac6df7445e/execute/async - {"script":"<script> [1562 bytes]","args":[{"selector":{"id":"application-managehandovers-display-component---AddNewHO--popup-sa","searchOpenDialogs":true},"wdio_ui5_key":"applicationmanagehandovers-display-component---AddNewHO--popup-sa"}]}
RESULT: {"script":"<script> [1562 bytes]","args":[{"selector":{"id":"application-managehandovers-display-component---AddNewHO--popup-sa","searchOpenDialogs":true},"wdio_ui5_key":"applicationmanagehandovers-display-component---AddNewHO--popup-sa"}]}
RESULT: undefined
COMMAND: POST /session/cd477e99f4e247ef02c326ac6df7445e/element - {"using":"xpath","value":"//*[@id=\"application-managehandovers-display-component---AddNewHO--popup-sa\"]"}
RESULT: {"using":"xpath","value":"//*[@id=\"application-managehandovers-display-component---AddNewHO--popup-sa\"]"}
COMMAND: POST /session/cd477e99f4e247ef02c326ac6df7445e/element/f.375AD1BF2998C782D6149A43C57C8E27.d.351BCFB181055ACB6317C832DB39DDB7.e.20600/click - {}
RESULT: {}
COMMAND: GET /session/cd477e99f4e247ef02c326ac6df7445e/screenshot - {}
RESULT: {}
COMMAND: POST /session/cd477e99f4e247ef02c326ac6df7445e/execute/async - {"script":"<script> [1562 bytes]","args":[{"selector":{"controlType":"sap.m.Button","viewName":"etm.portal.ui.managehandovers.view.AddNewHO","viewId":"application-managehandovers-display-component---AddNewHO","i18NText":{"propertyName":"text","key":"select"},"searchOpenDialogs":true,"interaction":{"idSuffix":"BDI-content"}},"wdio_ui5_key":"etmportal.ui.managehandovers.view.AddNewHOsap.m.Button{\"propertyName\":\"text\",\"key\":\"select\"}"}]}
RESULT: {"script":"<script> [1562 bytes]","args":[{"selector":{"controlType":"sap.m.Button","viewName":"etm.portal.ui.managehandovers.view.AddNewHO","viewId":"application-managehandovers-display-component---AddNewHO","i18NText":{"propertyName":"text","key":"select"},"searchOpenDialogs":true,"interaction":{"idSuffix":"BDI-content"}},"wdio_ui5_key":"etmportal.ui.managehandovers.view.AddNewHOsap.m.Button{\"propertyName\":\"text\",\"key\":\"select\"}"}]}
RESULT: undefined
COMMAND: POST /session/cd477e99f4e247ef02c326ac6df7445e/element - {"using":"xpath","value":"//*[@id=\"__button260\"]"}
RESULT: {"using":"xpath","value":"//*[@id=\"__button260\"]"}
COMMAND: POST /session/cd477e99f4e247ef02c326ac6df7445e/element/f.375AD1BF2998C782D6149A43C57C8E27.d.351BCFB181055ACB6317C832DB39DDB7.e.20603/click - {}
RESULT: {}
COMMAND: POST /session/cd477e99f4e247ef02c326ac6df7445e/execute/async - {"script":"<script> [1562 bytes]","args":[{"selector":{"id":"application-managehandovers-display-component---AddNewHO--confirmCreationButton","interaction":{"idSuffix":"BDI-content"}},"wdio_ui5_key":"applicationmanagehandovers-display-component---AddNewHO--confirmCreationButton"}]}
COMMAND: GET /session/cd477e99f4e247ef02c326ac6df7445e/screenshot - {}
RESULT: {"script":"<script> [1562 bytes]","args":[{"selector":{"id":"application-managehandovers-display-component---AddNewHO--confirmCreationButton","interaction":{"idSuffix":"BDI-content"}},"wdio_ui5_key":"applicationmanagehandovers-display-component---AddNewHO--confirmCreationButton"}]}
RESULT: undefined
COMMAND: POST /session/cd477e99f4e247ef02c326ac6df7445e/element - {"using":"xpath","value":"//*[@id=\"application-managehandovers-display-component---AddNewHO--confirmCreationButton\"]"}
RESULT: {}
RESULT: {"using":"xpath","value":"//*[@id=\"application-managehandovers-display-component---AddNewHO--confirmCreationButton\"]"}
COMMAND: POST /session/cd477e99f4e247ef02c326ac6df7445e/element/f.375AD1BF2998C782D6149A43C57C8E27.d.351BCFB181055ACB6317C832DB39DDB7.e.20607/click - {}
RESULT: {}
COMMAND: GET /session/cd477e99f4e247ef02c326ac6df7445e/screenshot - {}
RESULT: {}
COMMAND: POST /session/cd477e99f4e247ef02c326ac6df7445e/element - {"using":"xpath","value":"//input[contains(@id ,\"receiptDatePicker-inner\")]"}
RESULT: {"using":"xpath","value":"//input[contains(@id ,\"receiptDatePicker-inner\")]"}
COMMAND: POST /session/cd477e99f4e247ef02c326ac6df7445e/element/f.375AD1BF2998C782D6149A43C57C8E27.d.351BCFB181055ACB6317C832DB39DDB7.e.20632/click - {}
RESULT: {}
COMMAND: POST /session/cd477e99f4e247ef02c326ac6df7445e/element - {"using":"xpath","value":"//input[contains(@id ,\"receiptDatePicker-inner\")]"}
COMMAND: GET /session/cd477e99f4e247ef02c326ac6df7445e/screenshot - {}
RESULT: {"using":"xpath","value":"//input[contains(@id ,\"receiptDatePicker-inner\")]"}
COMMAND: POST /session/cd477e99f4e247ef02c326ac6df7445e/element/f.375AD1BF2998C782D6149A43C57C8E27.d.351BCFB181055ACB6317C832DB39DDB7.e.20632/clear - {}
RESULT: {}
RESULT: {}
COMMAND: POST /session/cd477e99f4e247ef02c326ac6df7445e/element/f.375AD1BF2998C782D6149A43C57C8E27.d.351BCFB181055ACB6317C832DB39DDB7.e.20632/value - {"text":"04/24/25"}
COMMAND: GET /session/cd477e99f4e247ef02c326ac6df7445e/screenshot - {}
RESULT: {"text":"04/24/25"}
COMMAND: POST /session/cd477e99f4e247ef02c326ac6df7445e/execute/async - {"script":"<script> [1562 bytes]","args":[{"selector":{"controlType":"sap.m.Button","viewName":"etm.portal.ui.managehandovers.view.DetailExecuteHO","i18NText":{"propertyName":"text","key":"confirmAll"},"interaction":{"idSuffix":"BDI-content"}},"wdio_ui5_key":"etmportal.ui.managehandovers.view.DetailExecuteHOsap.m.Button{\"propertyName\":\"text\",\"key\":\"confirmAll\"}"}]}
COMMAND: GET /session/cd477e99f4e247ef02c326ac6df7445e/screenshot - {}
RESULT: {}
RESULT: {"script":"<script> [1562 bytes]","args":[{"selector":{"controlType":"sap.m.Button","viewName":"etm.portal.ui.managehandovers.view.DetailExecuteHO","i18NText":{"propertyName":"text","key":"confirmAll"},"interaction":{"idSuffix":"BDI-content"}},"wdio_ui5_key":"etmportal.ui.managehandovers.view.DetailExecuteHOsap.m.Button{\"propertyName\":\"text\",\"key\":\"confirmAll\"}"}]}
RESULT: undefined
COMMAND: POST /session/cd477e99f4e247ef02c326ac6df7445e/element - {"using":"xpath","value":"//*[@id=\"__button289\"]"}
RESULT: {}
RESULT: {"using":"xpath","value":"//*[@id=\"__button289\"]"}
COMMAND: POST /session/cd477e99f4e247ef02c326ac6df7445e/element/f.375AD1BF2998C782D6149A43C57C8E27.d.351BCFB181055ACB6317C832DB39DDB7.e.20652/click - {}
RESULT: {}
COMMAND: POST /session/cd477e99f4e247ef02c326ac6df7445e/execute/async - {"script":"<script> [1562 bytes]","args":[{"selector":{"controlType":"sap.m.Button","properties":{"text":"OK"},"searchOpenDialogs":true,"interaction":{"idSuffix":"inner"}},"wdio_ui5_key":"sapm.Button{\"text\":\"OK\"}"}]}
COMMAND: GET /session/cd477e99f4e247ef02c326ac6df7445e/screenshot - {}
RESULT: {"script":"<script> [1562 bytes]","args":[{"selector":{"controlType":"sap.m.Button","properties":{"text":"OK"},"searchOpenDialogs":true,"interaction":{"idSuffix":"inner"}},"wdio_ui5_key":"sapm.Button{\"text\":\"OK\"}"}]}
RESULT: undefined
COMMAND: POST /session/cd477e99f4e247ef02c326ac6df7445e/element - {"using":"xpath","value":"//*[@id=\"__mbox-btn-1\"]"}
RESULT: {}
RESULT: {"using":"xpath","value":"//*[@id=\"__mbox-btn-1\"]"}
COMMAND: POST /session/cd477e99f4e247ef02c326ac6df7445e/element/f.375AD1BF2998C782D6149A43C57C8E27.d.351BCFB181055ACB6317C832DB39DDB7.e.20653/click - {}
RESULT: {}
COMMAND: POST /session/cd477e99f4e247ef02c326ac6df7445e/execute/async - {"script":"<script> [1562 bytes]","args":[{"selector":{"id":"confirmationButton","viewName":"etm.portal.ui.managehandovers.view.DetailExecuteHO","interaction":{"idSuffix":"BDI-content"}},"wdio_ui5_key":"confirmationButtonetmportal.ui.managehandovers.view.DetailExecuteHO"}]}
COMMAND: GET /session/cd477e99f4e247ef02c326ac6df7445e/screenshot - {}
RESULT: {"script":"<script> [1562 bytes]","args":[{"selector":{"id":"confirmationButton","viewName":"etm.portal.ui.managehandovers.view.DetailExecuteHO","interaction":{"idSuffix":"BDI-content"}},"wdio_ui5_key":"confirmationButtonetmportal.ui.managehandovers.view.DetailExecuteHO"}]}
RESULT: undefined
RESULT: {}
COMMAND: POST /session/cd477e99f4e247ef02c326ac6df7445e/element - {"using":"css selector","value":"#shell-header-logo"}
RESULT: {"using":"css selector","value":"#shell-header-logo"}
COMMAND: POST /session/cd477e99f4e247ef02c326ac6df7445e/element/f.375AD1BF2998C782D6149A43C57C8E27.d.351BCFB181055ACB6317C832DB39DDB7.e.20088/click - {}
RESULT: {}
COMMAND: GET /session/cd477e99f4e247ef02c326ac6df7445e/screenshot - {}
RESULT: {}
]]></system-out>
    </testcase>
  </testsuite>
  <testsuite timestamp="2025-04-24T17:21:59" time="77.836" tests="1" failures="0" errors="0" skipped="0">
    <properties>
      <property name="specId" value="0" />
      <property name="suiteName" value="Create Reverse Billing US127248" />
      <property name="capabilities" value="chrome.135_0_7049_96.windows" />
      <property name="file" value="file:///D:/a/1/s/test/specs/HTR/billing-completness.spec.js" />
    </properties>
    <testcase classname="chrome.135_0_7049_96.windows.Create_Reverse_Billing_US127248" name="Should check the completness" time="35.934">
      <system-out><![CDATA[
COMMAND: POST /session/cd477e99f4e247ef02c326ac6df7445e/execute/async - {"script":"<script> [1562 bytes]","args":[{"selector":{"id":"application-billofresources-display-component---BillOfResources--smartFilterBar-filterItemControl_BASIC-BOR_TYPE-vhi"},"wdio_ui5_key":"applicationbillofresources-display-component---BillOfResources--smartFilterBar-filterItemControl_BASIC-BOR_TYPE-vhi"}]}
RESULT: {}
RESULT: {"script":"<script> [1562 bytes]","args":[{"selector":{"id":"application-billofresources-display-component---BillOfResources--smartFilterBar-filterItemControl_BASIC-BOR_TYPE-vhi"},"wdio_ui5_key":"applicationbillofresources-display-component---BillOfResources--smartFilterBar-filterItemControl_BASIC-BOR_TYPE-vhi"}]}
RESULT: undefined
COMMAND: POST /session/cd477e99f4e247ef02c326ac6df7445e/element - {"using":"xpath","value":"//*[@id=\"application-billofresources-display-component---BillOfResources--smartFilterBar-filterItemControl_BASIC-BOR_TYPE-vhi\"]"}
RESULT: {"using":"xpath","value":"//*[@id=\"application-billofresources-display-component---BillOfResources--smartFilterBar-filterItemControl_BASIC-BOR_TYPE-vhi\"]"}
COMMAND: POST /session/cd477e99f4e247ef02c326ac6df7445e/element/f.375AD1BF2998C782D6149A43C57C8E27.d.F226BDA485F45175EFF1BB52BAA64C27.e.21022/click - {}
RESULT: {}
COMMAND: GET /session/cd477e99f4e247ef02c326ac6df7445e/screenshot - {}
RESULT: {}
COMMAND: POST /session/cd477e99f4e247ef02c326ac6df7445e/element - {"using":"xpath","value":"//div[@id=\"application-billofresources-display-component---BillOfResources--smartFilterBar-filterItemControl_BASIC-BOR_TYPE-valueHelpDialog-table-rowsel4\"]"}
RESULT: {"using":"xpath","value":"//div[@id=\"application-billofresources-display-component---BillOfResources--smartFilterBar-filterItemControl_BASIC-BOR_TYPE-valueHelpDialog-table-rowsel4\"]"}
COMMAND: POST /session/cd477e99f4e247ef02c326ac6df7445e/element/f.375AD1BF2998C782D6149A43C57C8E27.d.F226BDA485F45175EFF1BB52BAA64C27.e.21031/click - {}
RESULT: {}
COMMAND: GET /session/cd477e99f4e247ef02c326ac6df7445e/screenshot - {}
RESULT: {}
COMMAND: POST /session/cd477e99f4e247ef02c326ac6df7445e/execute/async - {"script":"<script> [1562 bytes]","args":[{"selector":{"id":"application-billofresources-display-component---BillOfResources--smartFilterBar-filterItemControl_BASIC-BOR_TYPE-valueHelpDialog-ok","searchOpenDialogs":true,"interaction":{"idSuffix":"BDI-content"}},"wdio_ui5_key":"applicationbillofresources-display-component---BillOfResources--smartFilterBar-filterItemControl_BASIC-BOR_TYPE-valueHelpDialog-ok"}]}
RESULT: {"script":"<script> [1562 bytes]","args":[{"selector":{"id":"application-billofresources-display-component---BillOfResources--smartFilterBar-filterItemControl_BASIC-BOR_TYPE-valueHelpDialog-ok","searchOpenDialogs":true,"interaction":{"idSuffix":"BDI-content"}},"wdio_ui5_key":"applicationbillofresources-display-component---BillOfResources--smartFilterBar-filterItemControl_BASIC-BOR_TYPE-valueHelpDialog-ok"}]}
RESULT: undefined
COMMAND: POST /session/cd477e99f4e247ef02c326ac6df7445e/element - {"using":"xpath","value":"//*[@id=\"application-billofresources-display-component---BillOfResources--smartFilterBar-filterItemControl_BASIC-BOR_TYPE-valueHelpDialog-ok\"]"}
RESULT: {"using":"xpath","value":"//*[@id=\"application-billofresources-display-component---BillOfResources--smartFilterBar-filterItemControl_BASIC-BOR_TYPE-valueHelpDialog-ok\"]"}
COMMAND: POST /session/cd477e99f4e247ef02c326ac6df7445e/element/f.375AD1BF2998C782D6149A43C57C8E27.d.F226BDA485F45175EFF1BB52BAA64C27.e.21036/click - {}
RESULT: {}
COMMAND: GET /session/cd477e99f4e247ef02c326ac6df7445e/screenshot - {}
RESULT: {}
COMMAND: POST /session/cd477e99f4e247ef02c326ac6df7445e/execute/async - {"script":"<script> [1562 bytes]","args":[{"selector":{"id":"application-billofresources-display-component---BillOfResources--smartFilterBar-filterItemControl_BASIC-RESOURCE_UNIT-vhi"},"wdio_ui5_key":"applicationbillofresources-display-component---BillOfResources--smartFilterBar-filterItemControl_BASIC-RESOURCE_UNIT-vhi"}]}
RESULT: {"script":"<script> [1562 bytes]","args":[{"selector":{"id":"application-billofresources-display-component---BillOfResources--smartFilterBar-filterItemControl_BASIC-RESOURCE_UNIT-vhi"},"wdio_ui5_key":"applicationbillofresources-display-component---BillOfResources--smartFilterBar-filterItemControl_BASIC-RESOURCE_UNIT-vhi"}]}
RESULT: undefined
COMMAND: POST /session/cd477e99f4e247ef02c326ac6df7445e/element - {"using":"xpath","value":"//*[@id=\"application-billofresources-display-component---BillOfResources--smartFilterBar-filterItemControl_BASIC-RESOURCE_UNIT-vhi\"]"}
RESULT: {"using":"xpath","value":"//*[@id=\"application-billofresources-display-component---BillOfResources--smartFilterBar-filterItemControl_BASIC-RESOURCE_UNIT-vhi\"]"}
COMMAND: POST /session/cd477e99f4e247ef02c326ac6df7445e/element/f.375AD1BF2998C782D6149A43C57C8E27.d.F226BDA485F45175EFF1BB52BAA64C27.e.21041/click - {}
RESULT: {}
COMMAND: GET /session/cd477e99f4e247ef02c326ac6df7445e/screenshot - {}
RESULT: {}
COMMAND: POST /session/cd477e99f4e247ef02c326ac6df7445e/element - {"using":"xpath","value":"//div[@id=\"application-billofresources-display-component---BillOfResources--smartFilterBar-filterItemControl_BASIC-RESOURCE_UNIT-valueHelpDialog-table-rowsel1\"]"}
RESULT: {"using":"xpath","value":"//div[@id=\"application-billofresources-display-component---BillOfResources--smartFilterBar-filterItemControl_BASIC-RESOURCE_UNIT-valueHelpDialog-table-rowsel1\"]"}
COMMAND: POST /session/cd477e99f4e247ef02c326ac6df7445e/element/f.375AD1BF2998C782D6149A43C57C8E27.d.F226BDA485F45175EFF1BB52BAA64C27.e.21049/click - {}
RESULT: {}
COMMAND: GET /session/cd477e99f4e247ef02c326ac6df7445e/screenshot - {}
RESULT: {}
COMMAND: POST /session/cd477e99f4e247ef02c326ac6df7445e/execute/async - {"script":"<script> [1562 bytes]","args":[{"selector":{"id":"application-billofresources-display-component---BillOfResources--smartFilterBar-filterItemControl_BASIC-RESOURCE_UNIT-valueHelpDialog-ok","searchOpenDialogs":true},"wdio_ui5_key":"applicationbillofresources-display-component---BillOfResources--smartFilterBar-filterItemControl_BASIC-RESOURCE_UNIT-valueHelpDialog-ok"}]}
RESULT: {"script":"<script> [1562 bytes]","args":[{"selector":{"id":"application-billofresources-display-component---BillOfResources--smartFilterBar-filterItemControl_BASIC-RESOURCE_UNIT-valueHelpDialog-ok","searchOpenDialogs":true},"wdio_ui5_key":"applicationbillofresources-display-component---BillOfResources--smartFilterBar-filterItemControl_BASIC-RESOURCE_UNIT-valueHelpDialog-ok"}]}
RESULT: undefined
COMMAND: POST /session/cd477e99f4e247ef02c326ac6df7445e/element - {"using":"xpath","value":"//*[@id=\"application-billofresources-display-component---BillOfResources--smartFilterBar-filterItemControl_BASIC-RESOURCE_UNIT-valueHelpDialog-ok\"]"}
RESULT: {"using":"xpath","value":"//*[@id=\"application-billofresources-display-component---BillOfResources--smartFilterBar-filterItemControl_BASIC-RESOURCE_UNIT-valueHelpDialog-ok\"]"}
COMMAND: POST /session/cd477e99f4e247ef02c326ac6df7445e/element/f.375AD1BF2998C782D6149A43C57C8E27.d.F226BDA485F45175EFF1BB52BAA64C27.e.21051/click - {}
RESULT: {}
COMMAND: GET /session/cd477e99f4e247ef02c326ac6df7445e/screenshot - {}
RESULT: {}
COMMAND: POST /session/cd477e99f4e247ef02c326ac6df7445e/execute/async - {"script":"<script> [1562 bytes]","args":[{"selector":{"controlType":"sap.m.ColumnListItem","viewName":"etm.portal.ui.billofresources.view.MasterBoR","viewId":"application-billofresources-display-component---BillOfResources","properties":{"type":"Navigation"},"interaction":{"idSuffix":"cell2"}},"wdio_ui5_key":"etmportal.ui.billofresources.view.MasterBoRsap.m.ColumnListItem{\"type\":\"Navigation\"}"}]}
RESULT: {"script":"<script> [1562 bytes]","args":[{"selector":{"controlType":"sap.m.ColumnListItem","viewName":"etm.portal.ui.billofresources.view.MasterBoR","viewId":"application-billofresources-display-component---BillOfResources","properties":{"type":"Navigation"},"interaction":{"idSuffix":"cell2"}},"wdio_ui5_key":"etmportal.ui.billofresources.view.MasterBoRsap.m.ColumnListItem{\"type\":\"Navigation\"}"}]}
RESULT: undefined
COMMAND: POST /session/cd477e99f4e247ef02c326ac6df7445e/execute/async - {"script":"<script> [1562 bytes]","args":[{"selector":{"controlType":"sap.m.Button","viewName":"etm.portal.ui.billofresources.view.DetailBoR","viewId":"application-billofresources-display-component---detailBoR","i18NText":{"propertyName":"text","key":"inspectContent"},"interaction":{"idSuffix":"content"}},"wdio_ui5_key":"etmportal.ui.billofresources.view.DetailBoRsap.m.Button{\"propertyName\":\"text\",\"key\":\"inspectContent\"}"}]}
RESULT: {"script":"<script> [1562 bytes]","args":[{"selector":{"controlType":"sap.m.Button","viewName":"etm.portal.ui.billofresources.view.DetailBoR","viewId":"application-billofresources-display-component---detailBoR","i18NText":{"propertyName":"text","key":"inspectContent"},"interaction":{"idSuffix":"content"}},"wdio_ui5_key":"etmportal.ui.billofresources.view.DetailBoRsap.m.Button{\"propertyName\":\"text\",\"key\":\"inspectContent\"}"}]}
RESULT: undefined
COMMAND: POST /session/cd477e99f4e247ef02c326ac6df7445e/execute/async - {"script":"<script> [1562 bytes]","args":[{"selector":{"controlType":"sap.m.Button","properties":{"text":"OK"},"searchOpenDialogs":true,"interaction":{"idSuffix":"BDI-content"}},"wdio_ui5_key":"sapm.Button{\"text\":\"OK\"}"}]}
RESULT: {"script":"<script> [1562 bytes]","args":[{"selector":{"controlType":"sap.m.Button","properties":{"text":"OK"},"searchOpenDialogs":true,"interaction":{"idSuffix":"BDI-content"}},"wdio_ui5_key":"sapm.Button{\"text\":\"OK\"}"}]}
RESULT: undefined
COMMAND: POST /session/cd477e99f4e247ef02c326ac6df7445e/execute/async - {"script":"<script> [1562 bytes]","args":[{"selector":{"id":"application-iscorders-display-component---createOrder--orderTitle","interaction":{"idSuffix":"inner"}},"wdio_ui5_key":"applicationiscorders-display-component---createOrder--orderTitle"}]}
RESULT: {"script":"<script> [1562 bytes]","args":[{"selector":{"id":"application-iscorders-display-component---createOrder--orderTitle","interaction":{"idSuffix":"inner"}},"wdio_ui5_key":"applicationiscorders-display-component---createOrder--orderTitle"}]}
RESULT: undefined
COMMAND: POST /session/cd477e99f4e247ef02c326ac6df7445e/execute/async - {"script":"<script> [1562 bytes]","args":[{"selector":{"id":"application-iscorders-display-component---createOrder--orderDesc","interaction":{"idSuffix":"inner"}},"wdio_ui5_key":"applicationiscorders-display-component---createOrder--orderDesc"}]}
RESULT: {"script":"<script> [1562 bytes]","args":[{"selector":{"id":"application-iscorders-display-component---createOrder--orderDesc","interaction":{"idSuffix":"inner"}},"wdio_ui5_key":"applicationiscorders-display-component---createOrder--orderDesc"}]}
RESULT: undefined
COMMAND: POST /session/cd477e99f4e247ef02c326ac6df7445e/execute/async - {"script":"<script> [1562 bytes]","args":[{"selector":{"controlType":"sap.m.Button","viewName":"etm.portal.ui.iscorders.view.New","viewId":"application-iscorders-display-component---createOrder","properties":{"text":"Cost information"},"interaction":{"idSuffix":"BDI-content"}},"wdio_ui5_key":"etmportal.ui.iscorders.view.Newsap.m.Button{\"text\":\"Cost information\"}"}]}
RESULT: {"script":"<script> [1562 bytes]","args":[{"selector":{"controlType":"sap.m.Button","viewName":"etm.portal.ui.iscorders.view.New","viewId":"application-iscorders-display-component---createOrder","properties":{"text":"Cost information"},"interaction":{"idSuffix":"BDI-content"}},"wdio_ui5_key":"etmportal.ui.iscorders.view.Newsap.m.Button{\"text\":\"Cost information\"}"}]}
RESULT: undefined
COMMAND: POST /session/cd477e99f4e247ef02c326ac6df7445e/execute/async - {"script":"<script> [1562 bytes]","args":[{"selector":{"id":"application-iscorders-display-component---createOrder--durationDimension-arrow"},"wdio_ui5_key":"applicationiscorders-display-component---createOrder--durationDimension-arrow"}]}
RESULT: {"script":"<script> [1562 bytes]","args":[{"selector":{"id":"application-iscorders-display-component---createOrder--durationDimension-arrow"},"wdio_ui5_key":"applicationiscorders-display-component---createOrder--durationDimension-arrow"}]}
RESULT: undefined
COMMAND: POST /session/cd477e99f4e247ef02c326ac6df7445e/execute/async - {"script":"<script> [1562 bytes]","args":[{"selector":{"controlType":"sap.m.StandardListItem","viewName":"etm.portal.ui.iscorders.view.New","viewId":"application-iscorders-display-component---createOrder","properties":{"title":"Days"},"searchOpenDialogs":true,"interaction":{"idSuffix":"titleText"}},"wdio_ui5_key":"etmportal.ui.iscorders.view.Newsap.m.StandardListItem{\"title\":\"Days\"}"}]}
RESULT: {"script":"<script> [1562 bytes]","args":[{"selector":{"controlType":"sap.m.StandardListItem","viewName":"etm.portal.ui.iscorders.view.New","viewId":"application-iscorders-display-component---createOrder","properties":{"title":"Days"},"searchOpenDialogs":true,"interaction":{"idSuffix":"titleText"}},"wdio_ui5_key":"etmportal.ui.iscorders.view.Newsap.m.StandardListItem{\"title\":\"Days\"}"}]}
RESULT: undefined
COMMAND: POST /session/cd477e99f4e247ef02c326ac6df7445e/execute/async - {"script":"<script> [1562 bytes]","args":[{"selector":{"id":"application-iscorders-display-component---createOrder--addPersonButton","interaction":{"idSuffix":"inner"}},"wdio_ui5_key":"applicationiscorders-display-component---createOrder--addPersonButton"}]}
RESULT: {"script":"<script> [1562 bytes]","args":[{"selector":{"id":"application-iscorders-display-component---createOrder--addPersonButton","interaction":{"idSuffix":"inner"}},"wdio_ui5_key":"applicationiscorders-display-component---createOrder--addPersonButton"}]}
RESULT: undefined
COMMAND: POST /session/cd477e99f4e247ef02c326ac6df7445e/execute/async - {"script":"<script> [1562 bytes]","args":[{"selector":{"controlType":"sap.m.SearchField","viewName":"etm.portal.ui.iscorders.view.New","viewId":"application-iscorders-display-component---createOrder","properties":{"value":"Test unit update"},"searchOpenDialogs":true,"interaction":{"idSuffix":"I"}},"wdio_ui5_key":"etmportal.ui.iscorders.view.Newsap.m.SearchField{\"value\":\"Test unit update\"}"}]}
RESULT: {"script":"<script> [1562 bytes]","args":[{"selector":{"controlType":"sap.m.SearchField","viewName":"etm.portal.ui.iscorders.view.New","viewId":"application-iscorders-display-component---createOrder","properties":{"value":"Test unit update"},"searchOpenDialogs":true,"interaction":{"idSuffix":"I"}},"wdio_ui5_key":"etmportal.ui.iscorders.view.Newsap.m.SearchField{\"value\":\"Test unit update\"}"}]}
RESULT: undefined
COMMAND: POST /session/cd477e99f4e247ef02c326ac6df7445e/actions - {"actions":[{"id":"action53","type":"key","parameters":{},"actions":[{"type":"keyDown","value":"î€‡"},{"type":"pause","duration":10},{"type":"keyUp","value":"î€‡"}]}]}
RESULT: {"actions":[{"id":"action53","type":"key","parameters":{},"actions":[{"type":"keyDown","value":"î€‡"},{"type":"pause","duration":10},{"type":"keyUp","value":"î€‡"}]}]}
COMMAND: POST /session/cd477e99f4e247ef02c326ac6df7445e/execute/async - {"script":"<script> [1562 bytes]","args":[{"selector":{"controlType":"sap.m.ObjectAttribute","viewName":"etm.portal.ui.iscorders.view.New","viewId":"application-iscorders-display-component---createOrder","i18NText":{"propertyName":"title","key":"email"},"searchOpenDialogs":true},"wdio_ui5_key":"etmportal.ui.iscorders.view.Newsap.m.ObjectAttribute{\"propertyName\":\"title\",\"key\":\"email\"}"}]}
COMMAND: GET /session/cd477e99f4e247ef02c326ac6df7445e/screenshot - {}
RESULT: {"script":"<script> [1562 bytes]","args":[{"selector":{"controlType":"sap.m.ObjectAttribute","viewName":"etm.portal.ui.iscorders.view.New","viewId":"application-iscorders-display-component---createOrder","i18NText":{"propertyName":"title","key":"email"},"searchOpenDialogs":true},"wdio_ui5_key":"etmportal.ui.iscorders.view.Newsap.m.ObjectAttribute{\"propertyName\":\"title\",\"key\":\"email\"}"}]}
RESULT: undefined
COMMAND: POST /session/cd477e99f4e247ef02c326ac6df7445e/execute/async - {"script":"<script> [1562 bytes]","args":[{"selector":{"id":"application-iscorders-display-component---createOrder--addTaskButton-img"},"wdio_ui5_key":"applicationiscorders-display-component---createOrder--addTaskButton-img"}]}
RESULT: {}
RESULT: {"script":"<script> [1562 bytes]","args":[{"selector":{"id":"application-iscorders-display-component---createOrder--addTaskButton-img"},"wdio_ui5_key":"applicationiscorders-display-component---createOrder--addTaskButton-img"}]}
RESULT: undefined
COMMAND: POST /session/cd477e99f4e247ef02c326ac6df7445e/execute/async - {"script":"<script> [1562 bytes]","args":[{"selector":{"controlType":"sap.m.Input","viewName":"etm.portal.ui.iscorders.view.New","viewId":"application-iscorders-display-component---createOrder","bindingPath":{"path":"/OrderTasks/0","propertyPath":"NAME","modelName":"TaskListModel"},"interaction":{"idSuffix":"inner"}},"wdio_ui5_key":"etmportal.ui.iscorders.view.Newsap.m.Input{\"path\":\"/OrderTasks/0\",\"propertyPath\":\"NAME\",\"modelName\":\"TaskListModel\"}"}]}
RESULT: {"script":"<script> [1562 bytes]","args":[{"selector":{"controlType":"sap.m.Input","viewName":"etm.portal.ui.iscorders.view.New","viewId":"application-iscorders-display-component---createOrder","bindingPath":{"path":"/OrderTasks/0","propertyPath":"NAME","modelName":"TaskListModel"},"interaction":{"idSuffix":"inner"}},"wdio_ui5_key":"etmportal.ui.iscorders.view.Newsap.m.Input{\"path\":\"/OrderTasks/0\",\"propertyPath\":\"NAME\",\"modelName\":\"TaskListModel\"}"}]}
RESULT: undefined
COMMAND: POST /session/cd477e99f4e247ef02c326ac6df7445e/execute/async - {"script":"<script> [1562 bytes]","args":[{"selector":{"id":"application-iscorders-display-component---createOrder--taskResponsiblePerson-application-iscorders-display-component---createOrder--sacTempTasksAdd-0","interaction":{"idSuffix":"inner"}},"wdio_ui5_key":"applicationiscorders-display-component---createOrder--taskResponsiblePerson-application-iscorders-display-component---createOrder--sacTempTasksAdd-0"}]}
RESULT: {"script":"<script> [1562 bytes]","args":[{"selector":{"id":"application-iscorders-display-component---createOrder--taskResponsiblePerson-application-iscorders-display-component---createOrder--sacTempTasksAdd-0","interaction":{"idSuffix":"inner"}},"wdio_ui5_key":"applicationiscorders-display-component---createOrder--taskResponsiblePerson-application-iscorders-display-component---createOrder--sacTempTasksAdd-0"}]}
RESULT: undefined
COMMAND: POST /session/cd477e99f4e247ef02c326ac6df7445e/execute/async - {"script":"<script> [1562 bytes]","args":[{"selector":{"controlType":"sap.m.TextArea","viewName":"etm.portal.ui.iscorders.view.New","viewId":"application-iscorders-display-component---createOrder","bindingPath":{"path":"/OrderTasks/0","propertyPath":"DESCRIPTION","modelName":"TaskListModel"},"interaction":{"idSuffix":"inner"}},"wdio_ui5_key":"etmportal.ui.iscorders.view.Newsap.m.TextArea{\"path\":\"/OrderTasks/0\",\"propertyPath\":\"DESCRIPTION\",\"modelName\":\"TaskListModel\"}"}]}
RESULT: {"script":"<script> [1562 bytes]","args":[{"selector":{"controlType":"sap.m.TextArea","viewName":"etm.portal.ui.iscorders.view.New","viewId":"application-iscorders-display-component---createOrder","bindingPath":{"path":"/OrderTasks/0","propertyPath":"DESCRIPTION","modelName":"TaskListModel"},"interaction":{"idSuffix":"inner"}},"wdio_ui5_key":"etmportal.ui.iscorders.view.Newsap.m.TextArea{\"path\":\"/OrderTasks/0\",\"propertyPath\":\"DESCRIPTION\",\"modelName\":\"TaskListModel\"}"}]}
RESULT: undefined
COMMAND: POST /session/cd477e99f4e247ef02c326ac6df7445e/execute/async - {"script":"<script> [1562 bytes]","args":[{"selector":{"controlType":"sap.m.Input","viewName":"etm.portal.ui.iscorders.view.New","viewId":"application-iscorders-display-component---createOrder","bindingPath":{"path":"/OrderTasks/0","propertyPath":"DURATION","modelName":"TaskListModel"},"interaction":{"idSuffix":"inner"}},"wdio_ui5_key":"etmportal.ui.iscorders.view.Newsap.m.Input{\"path\":\"/OrderTasks/0\",\"propertyPath\":\"DURATION\",\"modelName\":\"TaskListModel\"}"}]}
RESULT: {"script":"<script> [1562 bytes]","args":[{"selector":{"controlType":"sap.m.Input","viewName":"etm.portal.ui.iscorders.view.New","viewId":"application-iscorders-display-component---createOrder","bindingPath":{"path":"/OrderTasks/0","propertyPath":"DURATION","modelName":"TaskListModel"},"interaction":{"idSuffix":"inner"}},"wdio_ui5_key":"etmportal.ui.iscorders.view.Newsap.m.Input{\"path\":\"/OrderTasks/0\",\"propertyPath\":\"DURATION\",\"modelName\":\"TaskListModel\"}"}]}
RESULT: undefined
COMMAND: POST /session/cd477e99f4e247ef02c326ac6df7445e/execute/async - {"script":"<script> [1562 bytes]","args":[{"selector":{"controlType":"sap.m.ComboBox","viewName":"etm.portal.ui.iscorders.view.New","viewId":"application-iscorders-display-component---createOrder","bindingPath":{"path":"/OrderTasks/0","propertyPath":"DURATION_UNIT_OF_MEASURE","modelName":"TaskListModel"},"interaction":{"idSuffix":"inner"}},"wdio_ui5_key":"etmportal.ui.iscorders.view.Newsap.m.ComboBox{\"path\":\"/OrderTasks/0\",\"propertyPath\":\"DURATION_UNIT_OF_MEASURE\",\"modelName\":\"TaskListModel\"}"}]}
RESULT: {"script":"<script> [1562 bytes]","args":[{"selector":{"controlType":"sap.m.ComboBox","viewName":"etm.portal.ui.iscorders.view.New","viewId":"application-iscorders-display-component---createOrder","bindingPath":{"path":"/OrderTasks/0","propertyPath":"DURATION_UNIT_OF_MEASURE","modelName":"TaskListModel"},"interaction":{"idSuffix":"inner"}},"wdio_ui5_key":"etmportal.ui.iscorders.view.Newsap.m.ComboBox{\"path\":\"/OrderTasks/0\",\"propertyPath\":\"DURATION_UNIT_OF_MEASURE\",\"modelName\":\"TaskListModel\"}"}]}
RESULT: undefined
COMMAND: POST /session/cd477e99f4e247ef02c326ac6df7445e/execute/async - {"script":"<script> [1562 bytes]","args":[{"selector":{"id":"application-iscorders-display-component---createOrder--saveOrderButton","interaction":{"idSuffix":"inner"}},"wdio_ui5_key":"applicationiscorders-display-component---createOrder--saveOrderButton"}]}
RESULT: {"script":"<script> [1562 bytes]","args":[{"selector":{"id":"application-iscorders-display-component---createOrder--saveOrderButton","interaction":{"idSuffix":"inner"}},"wdio_ui5_key":"applicationiscorders-display-component---createOrder--saveOrderButton"}]}
RESULT: undefined
COMMAND: POST /session/cd477e99f4e247ef02c326ac6df7445e/element - {"using":"css selector","value":"#shell-header-logo"}
RESULT: {"using":"css selector","value":"#shell-header-logo"}
COMMAND: POST /session/cd477e99f4e247ef02c326ac6df7445e/element/f.375AD1BF2998C782D6149A43C57C8E27.d.F226BDA485F45175EFF1BB52BAA64C27.e.20921/click - {}
RESULT: {}
COMMAND: GET /session/cd477e99f4e247ef02c326ac6df7445e/screenshot - {}
RESULT: {}
COMMAND: POST /session/cd477e99f4e247ef02c326ac6df7445e/element - {"using":"css selector","value":"#j_username"}
COMMAND: POST /session/cd477e99f4e247ef02c326ac6df7445e/url - {"url":"https://qa-testing-00-live-etm-ui.cfapps.eu10-004.hana.ondemand.com/"}
RESULT: {"url":"https://qa-testing-00-live-etm-ui.cfapps.eu10-004.hana.ondemand.com/"}
RESULT: undefined
COMMAND: GET /session/cd477e99f4e247ef02c326ac6df7445e/screenshot - {}
RESULT: {"using":"css selector","value":"#j_username"}
COMMAND: POST /session/cd477e99f4e247ef02c326ac6df7445e/element - {"using":"css selector","value":"#j_username"}
RESULT: {}
RESULT: {"using":"css selector","value":"#j_username"}
COMMAND: POST /session/cd477e99f4e247ef02c326ac6df7445e/element - {"using":"css selector","value":"#shell-header-logo"}
RESULT: {"using":"css selector","value":"#shell-header-logo"}
COMMAND: POST /session/cd477e99f4e247ef02c326ac6df7445e/execute/sync - {"script":"<script> [8489 bytes]","args":[{"element-6066-11e4-a52e-4f735466cecf":"f.375AD1BF2998C782D6149A43C57C8E27.d.4B65B07CAFB970B40B6D2791D06D0254.e.21069","ELEMENT":"f.375AD1BF2998C782D6149A43C57C8E27.d.4B65B07CAFB970B40B6D2791D06D0254.e.21069"}]}
RESULT: {"script":"<script> [8489 bytes]","args":[{"element-6066-11e4-a52e-4f735466cecf":"f.375AD1BF2998C782D6149A43C57C8E27.d.4B65B07CAFB970B40B6D2791D06D0254.e.21069","ELEMENT":"f.375AD1BF2998C782D6149A43C57C8E27.d.4B65B07CAFB970B40B6D2791D06D0254.e.21069"}]}
COMMAND: POST /session/cd477e99f4e247ef02c326ac6df7445e/element - {"using":"css selector","value":"#shell-header-logo"}
COMMAND: GET /session/cd477e99f4e247ef02c326ac6df7445e/screenshot - {}
RESULT: {"using":"css selector","value":"#shell-header-logo"}
COMMAND: POST /session/cd477e99f4e247ef02c326ac6df7445e/execute/sync - {"script":"<script> [8489 bytes]","args":[{"element-6066-11e4-a52e-4f735466cecf":"f.375AD1BF2998C782D6149A43C57C8E27.d.4B65B07CAFB970B40B6D2791D06D0254.e.21069","ELEMENT":"f.375AD1BF2998C782D6149A43C57C8E27.d.4B65B07CAFB970B40B6D2791D06D0254.e.21069"}]}
RESULT: {}
RESULT: {"script":"<script> [8489 bytes]","args":[{"element-6066-11e4-a52e-4f735466cecf":"f.375AD1BF2998C782D6149A43C57C8E27.d.4B65B07CAFB970B40B6D2791D06D0254.e.21069","ELEMENT":"f.375AD1BF2998C782D6149A43C57C8E27.d.4B65B07CAFB970B40B6D2791D06D0254.e.21069"}]}
COMMAND: POST /session/cd477e99f4e247ef02c326ac6df7445e/execute/sync - {"script":"<script> [5351 bytes]","args":[{"element-6066-11e4-a52e-4f735466cecf":"f.375AD1BF2998C782D6149A43C57C8E27.d.4B65B07CAFB970B40B6D2791D06D0254.e.21069","ELEMENT":"f.375AD1BF2998C782D6149A43C57C8E27.d.4B65B07CAFB970B40B6D2791D06D0254.e.21069"}]}
COMMAND: GET /session/cd477e99f4e247ef02c326ac6df7445e/screenshot - {}
RESULT: {"script":"<script> [5351 bytes]","args":[{"element-6066-11e4-a52e-4f735466cecf":"f.375AD1BF2998C782D6149A43C57C8E27.d.4B65B07CAFB970B40B6D2791D06D0254.e.21069","ELEMENT":"f.375AD1BF2998C782D6149A43C57C8E27.d.4B65B07CAFB970B40B6D2791D06D0254.e.21069"}]}
COMMAND: POST /session/cd477e99f4e247ef02c326ac6df7445e/element - {"using":"css selector","value":"#shell-header-logo"}
COMMAND: GET /session/cd477e99f4e247ef02c326ac6df7445e/screenshot - {}
RESULT: {}
RESULT: {"using":"css selector","value":"#shell-header-logo"}
COMMAND: POST /session/cd477e99f4e247ef02c326ac6df7445e/element/f.375AD1BF2998C782D6149A43C57C8E27.d.4B65B07CAFB970B40B6D2791D06D0254.e.21069/click - {}
RESULT: {}
RESULT: {}
COMMAND: GET /session/cd477e99f4e247ef02c326ac6df7445e/screenshot - {}
RESULT: {}
COMMAND: POST /session/cd477e99f4e247ef02c326ac6df7445e/execute/async - {"script":"<script> [189 bytes]","args":[]}
RESULT: {"script":"<script> [189 bytes]","args":[]}
COMMAND: POST /session/cd477e99f4e247ef02c326ac6df7445e/execute/async - {"script":"<script> [123 bytes]","args":[]}
RESULT: {"script":"<script> [123 bytes]","args":[]}
COMMAND: POST /session/cd477e99f4e247ef02c326ac6df7445e/timeouts - {"script":"<number>"}
RESULT: {"script":"<number>"}
COMMAND: GET /session/cd477e99f4e247ef02c326ac6df7445e/timeouts - {}
RESULT: {}
RESULT: undefined
COMMAND: POST /session/cd477e99f4e247ef02c326ac6df7445e/execute/async - {"script":"<script> [2676 bytes]","args":[]}
RESULT: {"script":"<script> [2676 bytes]","args":[]}
COMMAND: POST /session/cd477e99f4e247ef02c326ac6df7445e/execute/async - {"script":"<script> [2342 bytes]","args":[{"protocol":"http","hostname":"0.0.0.0","path":"/","capabilities":{"browserName":"chrome","goog:chromeOptions":{"binary":"C:\\Program Files\\Google\\Chrome\\Application\\chrome.exe","args":["--start-maximized"]}},"logLevel":"warn","connectionRetryTimeout":120000,"connectionRetryCount":3,"logLevels":{},"enableDirectConnect":true,"strictSSL":true,"_":"65 more keys: [\"cacheDir\",\"port\",\"requestedCapabilities\",\"automationProtocol\",\"baseUrl\",\"waitforInterval\",\"waitforTimeout\",\"onReload\",\"beforeCommand\",\"afterCommand\",\"rootDir\",\"specs\",\"suites\",\"exclude\",\"groupLogsByTestSpec\",\"excludeDriverLogs\",\"bail\",\"framework\",\"reporters\",\"services\",\"maxInstances\",\"maxInstancesPerCapability\",\"injectGlobals\",\"filesToWatch\",\"execArgv\",\"runnerEnv\",\"runner\",\"shard\",\"specFileRetries\",\"specFileRetriesDelay\",\"specFileRetriesDeferred\",\"reporterSyncInterval\",\"reporterSyncTimeout\",\"cucumberFeaturesWithLineNumbers\",\"autoCompileOpts\",\"mochaOpts\",\"jasmineOpts\",\"cucumberOpts\",\"onPrepare\",\"onWorkerStart\",\"onWorkerEnd\",\"before\",\"beforeSession\",\"beforeSuite\",\"beforeHook\",\"beforeTest\",\"afterTest\",\"afterHook\",\"afterSuite\",\"afterSession\",\"after\",\"onComplete\",\"beforeAssertion\",\"afterAssertion\",\"beforeFeature\",\"beforeScenario\",\"beforeStep\",\"afterStep\",\"afterScenario\",\"afterFeature\",\"_\",\"suite\",\"$0\",\"ignoredWorkerServices\",\"wdi5\"]"}]}
RESULT: {"script":"<script> [2342 bytes]","args":[{"protocol":"http","hostname":"0.0.0.0","path":"/","capabilities":{"browserName":"chrome","goog:chromeOptions":{"binary":"C:\\Program Files\\Google\\Chrome\\Application\\chrome.exe","args":["--start-maximized"]}},"logLevel":"warn","connectionRetryTimeout":120000,"connectionRetryCount":3,"logLevels":{},"enableDirectConnect":true,"strictSSL":true,"_":"65 more keys: [\"cacheDir\",\"port\",\"requestedCapabilities\",\"automationProtocol\",\"baseUrl\",\"waitforInterval\",\"waitforTimeout\",\"onReload\",\"beforeCommand\",\"afterCommand\",\"rootDir\",\"specs\",\"suites\",\"exclude\",\"groupLogsByTestSpec\",\"excludeDriverLogs\",\"bail\",\"framework\",\"reporters\",\"services\",\"maxInstances\",\"maxInstancesPerCapability\",\"injectGlobals\",\"filesToWatch\",\"execArgv\",\"runnerEnv\",\"runner\",\"shard\",\"specFileRetries\",\"specFileRetriesDelay\",\"specFileRetriesDeferred\",\"reporterSyncInterval\",\"reporterSyncTimeout\",\"cucumberFeaturesWithLineNumbers\",\"autoCompileOpts\",\"mochaOpts\",\"jasmineOpts\",\"cucumberOpts\",\"onPrepare\",\"onWorkerStart\",\"onWorkerEnd\",\"before\",\"beforeSession\",\"beforeSuite\",\"beforeHook\",\"beforeTest\",\"afterTest\",\"afterHook\",\"afterSuite\",\"afterSession\",\"after\",\"onComplete\",\"beforeAssertion\",\"afterAssertion\",\"beforeFeature\",\"beforeScenario\",\"beforeStep\",\"afterStep\",\"afterScenario\",\"afterFeature\",\"_\",\"suite\",\"$0\",\"ignoredWorkerServices\",\"wdi5\"]"}]}
COMMAND: POST /session/cd477e99f4e247ef02c326ac6df7445e/execute/async - {"script":"<script> [21126 bytes]","args":[35000]}
RESULT: {"script":"<script> [21126 bytes]","args":[35000]}
COMMAND: POST /session/cd477e99f4e247ef02c326ac6df7445e/window/maximize - {}
RESULT: {}
COMMAND: POST /session/cd477e99f4e247ef02c326ac6df7445e/execute/async - {"script":"<script> [1562 bytes]","args":[{"selector":{"id":"shell-header","interaction":{"idSuffix":"icon"}},"wdio_ui5_key":"shellheader"}]}
COMMAND: GET /session/cd477e99f4e247ef02c326ac6df7445e/screenshot - {}
RESULT: {"script":"<script> [1562 bytes]","args":[{"selector":{"id":"shell-header","interaction":{"idSuffix":"icon"}},"wdio_ui5_key":"shellheader"}]}
RESULT: undefined
COMMAND: POST /session/cd477e99f4e247ef02c326ac6df7445e/refresh - {}
RESULT: {}
RESULT: {}
COMMAND: GET /session/cd477e99f4e247ef02c326ac6df7445e/screenshot - {}
RESULT: {}
COMMAND: POST /session/cd477e99f4e247ef02c326ac6df7445e/refresh - {}
RESULT: {}
COMMAND: GET /session/cd477e99f4e247ef02c326ac6df7445e/screenshot - {}
RESULT: {}
COMMAND: POST /session/cd477e99f4e247ef02c326ac6df7445e/window/fullscreen - {}
RESULT: {}
COMMAND: POST /session/cd477e99f4e247ef02c326ac6df7445e/execute/async - {"script":"<script> [189 bytes]","args":[]}
RESULT: {"script":"<script> [189 bytes]","args":[]}
COMMAND: POST /session/cd477e99f4e247ef02c326ac6df7445e/execute/async - {"script":"<script> [123 bytes]","args":[]}
RESULT: {"script":"<script> [123 bytes]","args":[]}
COMMAND: POST /session/cd477e99f4e247ef02c326ac6df7445e/timeouts - {"script":"<number>"}
RESULT: {"script":"<number>"}
COMMAND: GET /session/cd477e99f4e247ef02c326ac6df7445e/timeouts - {}
RESULT: {}
RESULT: undefined
COMMAND: POST /session/cd477e99f4e247ef02c326ac6df7445e/execute/async - {"script":"<script> [2676 bytes]","args":[]}
RESULT: {"script":"<script> [2676 bytes]","args":[]}
COMMAND: POST /session/cd477e99f4e247ef02c326ac6df7445e/execute/async - {"script":"<script> [2342 bytes]","args":[{"protocol":"http","hostname":"0.0.0.0","path":"/","capabilities":{"browserName":"chrome","goog:chromeOptions":{"binary":"C:\\Program Files\\Google\\Chrome\\Application\\chrome.exe","args":["--start-maximized"]}},"logLevel":"warn","connectionRetryTimeout":120000,"connectionRetryCount":3,"logLevels":{},"enableDirectConnect":true,"strictSSL":true,"_":"65 more keys: [\"cacheDir\",\"port\",\"requestedCapabilities\",\"automationProtocol\",\"baseUrl\",\"waitforInterval\",\"waitforTimeout\",\"onReload\",\"beforeCommand\",\"afterCommand\",\"rootDir\",\"specs\",\"suites\",\"exclude\",\"groupLogsByTestSpec\",\"excludeDriverLogs\",\"bail\",\"framework\",\"reporters\",\"services\",\"maxInstances\",\"maxInstancesPerCapability\",\"injectGlobals\",\"filesToWatch\",\"execArgv\",\"runnerEnv\",\"runner\",\"shard\",\"specFileRetries\",\"specFileRetriesDelay\",\"specFileRetriesDeferred\",\"reporterSyncInterval\",\"reporterSyncTimeout\",\"cucumberFeaturesWithLineNumbers\",\"autoCompileOpts\",\"mochaOpts\",\"jasmineOpts\",\"cucumberOpts\",\"onPrepare\",\"onWorkerStart\",\"onWorkerEnd\",\"before\",\"beforeSession\",\"beforeSuite\",\"beforeHook\",\"beforeTest\",\"afterTest\",\"afterHook\",\"afterSuite\",\"afterSession\",\"after\",\"onComplete\",\"beforeAssertion\",\"afterAssertion\",\"beforeFeature\",\"beforeScenario\",\"beforeStep\",\"afterStep\",\"afterScenario\",\"afterFeature\",\"_\",\"suite\",\"$0\",\"ignoredWorkerServices\",\"wdi5\"]"}]}
RESULT: {"script":"<script> [2342 bytes]","args":[{"protocol":"http","hostname":"0.0.0.0","path":"/","capabilities":{"browserName":"chrome","goog:chromeOptions":{"binary":"C:\\Program Files\\Google\\Chrome\\Application\\chrome.exe","args":["--start-maximized"]}},"logLevel":"warn","connectionRetryTimeout":120000,"connectionRetryCount":3,"logLevels":{},"enableDirectConnect":true,"strictSSL":true,"_":"65 more keys: [\"cacheDir\",\"port\",\"requestedCapabilities\",\"automationProtocol\",\"baseUrl\",\"waitforInterval\",\"waitforTimeout\",\"onReload\",\"beforeCommand\",\"afterCommand\",\"rootDir\",\"specs\",\"suites\",\"exclude\",\"groupLogsByTestSpec\",\"excludeDriverLogs\",\"bail\",\"framework\",\"reporters\",\"services\",\"maxInstances\",\"maxInstancesPerCapability\",\"injectGlobals\",\"filesToWatch\",\"execArgv\",\"runnerEnv\",\"runner\",\"shard\",\"specFileRetries\",\"specFileRetriesDelay\",\"specFileRetriesDeferred\",\"reporterSyncInterval\",\"reporterSyncTimeout\",\"cucumberFeaturesWithLineNumbers\",\"autoCompileOpts\",\"mochaOpts\",\"jasmineOpts\",\"cucumberOpts\",\"onPrepare\",\"onWorkerStart\",\"onWorkerEnd\",\"before\",\"beforeSession\",\"beforeSuite\",\"beforeHook\",\"beforeTest\",\"afterTest\",\"afterHook\",\"afterSuite\",\"afterSession\",\"after\",\"onComplete\",\"beforeAssertion\",\"afterAssertion\",\"beforeFeature\",\"beforeScenario\",\"beforeStep\",\"afterStep\",\"afterScenario\",\"afterFeature\",\"_\",\"suite\",\"$0\",\"ignoredWorkerServices\",\"wdi5\"]"}]}
COMMAND: POST /session/cd477e99f4e247ef02c326ac6df7445e/execute/async - {"script":"<script> [21126 bytes]","args":[35000]}
RESULT: {"script":"<script> [21126 bytes]","args":[35000]}
COMMAND: POST /session/cd477e99f4e247ef02c326ac6df7445e/window/fullscreen - {}
RESULT: {}
]]></system-out>
    </testcase>
  </testsuite>
  <testsuite timestamp="2025-04-24T17:23:17" time="971.812" tests="6" failures="0" errors="0" skipped="0">
    <properties>
      <property name="specId" value="0" />
      <property name="suiteName" value="RU Inventory Mass State Change Multiple Items US151066" />
      <property name="capabilities" value="chrome.135_0_7049_96.windows" />
      <property name="file" value="file:///D:/a/1/s/test/specs/BTS/ru-inv-list-mass-state-change.spec.js" />
    </properties>
    <testcase classname="chrome.135_0_7049_96.windows.RU_Inventory_Mass_State_Change_Multiple_Items_US151066" name="Step 1 Should do a RU inventory mass state change on chosen yard 109 with the resources available one equipment multipart one tool pool" time="261.587">
      <system-out><![CDATA[
COMMAND: POST /session/cd477e99f4e247ef02c326ac6df7445e/execute/async - {"script":"<script> [1562 bytes]","args":[{"selector":{"controlType":"sap.m.GenericTile","properties":{"header":"RU Inventory List"}},"wdio_ui5_key":"sapm.GenericTile{\"header\":\"RU Inventory List\"}"}]}
RESULT: {"script":"<script> [1562 bytes]","args":[{"selector":{"controlType":"sap.m.GenericTile","properties":{"header":"RU Inventory List"}},"wdio_ui5_key":"sapm.GenericTile{\"header\":\"RU Inventory List\"}"}]}
RESULT: undefined
COMMAND: POST /session/cd477e99f4e247ef02c326ac6df7445e/element - {"using":"xpath","value":"//*[@id=\"__tile99\"]"}
RESULT: {"using":"xpath","value":"//*[@id=\"__tile99\"]"}
COMMAND: POST /session/cd477e99f4e247ef02c326ac6df7445e/element/f.375AD1BF2998C782D6149A43C57C8E27.d.264122AD89A353D722062031C2ABB0D5.e.21221/click - {}
RESULT: {}
COMMAND: POST /session/cd477e99f4e247ef02c326ac6df7445e/element - {"using":"xpath","value":"//button[contains(@id, \"massStateBtn\")]"}
COMMAND: GET /session/cd477e99f4e247ef02c326ac6df7445e/screenshot - {}
RESULT: {"using":"xpath","value":"//button[contains(@id, \"massStateBtn\")]"}
COMMAND: POST /session/cd477e99f4e247ef02c326ac6df7445e/elements - {"using":"xpath","value":"//button[contains(@id, \"massStateBtn\")]"}
RESULT: {}
RESULT: {"using":"xpath","value":"//button[contains(@id, \"massStateBtn\")]"}
COMMAND: POST /session/cd477e99f4e247ef02c326ac6df7445e/elements - {"using":"xpath","value":"//button[contains(@id, \"massStateBtn\")]"}
RESULT: {"using":"xpath","value":"//button[contains(@id, \"massStateBtn\")]"}
COMMAND: POST /session/cd477e99f4e247ef02c326ac6df7445e/elements - {"using":"xpath","value":"//button[contains(@id, \"massStateBtn\")]"}
RESULT: {"using":"xpath","value":"//button[contains(@id, \"massStateBtn\")]"}
COMMAND: POST /session/cd477e99f4e247ef02c326ac6df7445e/elements - {"using":"xpath","value":"//button[contains(@id, \"massStateBtn\")]"}
RESULT: {"using":"xpath","value":"//button[contains(@id, \"massStateBtn\")]"}
COMMAND: POST /session/cd477e99f4e247ef02c326ac6df7445e/elements - {"using":"xpath","value":"//button[contains(@id, \"massStateBtn\")]"}
RESULT: {"using":"xpath","value":"//button[contains(@id, \"massStateBtn\")]"}
COMMAND: POST /session/cd477e99f4e247ef02c326ac6df7445e/elements - {"using":"xpath","value":"//button[contains(@id, \"massStateBtn\")]"}
RESULT: {"using":"xpath","value":"//button[contains(@id, \"massStateBtn\")]"}
COMMAND: POST /session/cd477e99f4e247ef02c326ac6df7445e/elements - {"using":"xpath","value":"//button[contains(@id, \"massStateBtn\")]"}
RESULT: {"using":"xpath","value":"//button[contains(@id, \"massStateBtn\")]"}
COMMAND: POST /session/cd477e99f4e247ef02c326ac6df7445e/elements - {"using":"xpath","value":"//button[contains(@id, \"massStateBtn\")]"}
RESULT: {"using":"xpath","value":"//button[contains(@id, \"massStateBtn\")]"}
COMMAND: POST /session/cd477e99f4e247ef02c326ac6df7445e/elements - {"using":"xpath","value":"//button[contains(@id, \"massStateBtn\")]"}
RESULT: {"using":"xpath","value":"//button[contains(@id, \"massStateBtn\")]"}
COMMAND: POST /session/cd477e99f4e247ef02c326ac6df7445e/elements - {"using":"xpath","value":"//button[contains(@id, \"massStateBtn\")]"}
RESULT: {"using":"xpath","value":"//button[contains(@id, \"massStateBtn\")]"}
COMMAND: POST /session/cd477e99f4e247ef02c326ac6df7445e/elements - {"using":"xpath","value":"//button[contains(@id, \"massStateBtn\")]"}
RESULT: {"using":"xpath","value":"//button[contains(@id, \"massStateBtn\")]"}
COMMAND: POST /session/cd477e99f4e247ef02c326ac6df7445e/elements - {"using":"xpath","value":"//button[contains(@id, \"massStateBtn\")]"}
RESULT: {"using":"xpath","value":"//button[contains(@id, \"massStateBtn\")]"}
COMMAND: POST /session/cd477e99f4e247ef02c326ac6df7445e/elements - {"using":"xpath","value":"//button[contains(@id, \"massStateBtn\")]"}
RESULT: {"using":"xpath","value":"//button[contains(@id, \"massStateBtn\")]"}
COMMAND: POST /session/cd477e99f4e247ef02c326ac6df7445e/elements - {"using":"xpath","value":"//button[contains(@id, \"massStateBtn\")]"}
RESULT: {"using":"xpath","value":"//button[contains(@id, \"massStateBtn\")]"}
COMMAND: POST /session/cd477e99f4e247ef02c326ac6df7445e/elements - {"using":"xpath","value":"//button[contains(@id, \"massStateBtn\")]"}
RESULT: {"using":"xpath","value":"//button[contains(@id, \"massStateBtn\")]"}
COMMAND: POST /session/cd477e99f4e247ef02c326ac6df7445e/elements - {"using":"xpath","value":"//button[contains(@id, \"massStateBtn\")]"}
RESULT: {"using":"xpath","value":"//button[contains(@id, \"massStateBtn\")]"}
COMMAND: POST /session/cd477e99f4e247ef02c326ac6df7445e/elements - {"using":"xpath","value":"//button[contains(@id, \"massStateBtn\")]"}
RESULT: {"using":"xpath","value":"//button[contains(@id, \"massStateBtn\")]"}
COMMAND: POST /session/cd477e99f4e247ef02c326ac6df7445e/elements - {"using":"xpath","value":"//button[contains(@id, \"massStateBtn\")]"}
RESULT: {"using":"xpath","value":"//button[contains(@id, \"massStateBtn\")]"}
COMMAND: POST /session/cd477e99f4e247ef02c326ac6df7445e/elements - {"using":"xpath","value":"//button[contains(@id, \"massStateBtn\")]"}
RESULT: {"using":"xpath","value":"//button[contains(@id, \"massStateBtn\")]"}
COMMAND: POST /session/cd477e99f4e247ef02c326ac6df7445e/elements - {"using":"xpath","value":"//button[contains(@id, \"massStateBtn\")]"}
RESULT: {"using":"xpath","value":"//button[contains(@id, \"massStateBtn\")]"}
COMMAND: POST /session/cd477e99f4e247ef02c326ac6df7445e/elements - {"using":"xpath","value":"//button[contains(@id, \"massStateBtn\")]"}
RESULT: {"using":"xpath","value":"//button[contains(@id, \"massStateBtn\")]"}
COMMAND: POST /session/cd477e99f4e247ef02c326ac6df7445e/elements - {"using":"xpath","value":"//button[contains(@id, \"massStateBtn\")]"}
RESULT: {"using":"xpath","value":"//button[contains(@id, \"massStateBtn\")]"}
COMMAND: POST /session/cd477e99f4e247ef02c326ac6df7445e/elements - {"using":"xpath","value":"//button[contains(@id, \"massStateBtn\")]"}
RESULT: {"using":"xpath","value":"//button[contains(@id, \"massStateBtn\")]"}
COMMAND: POST /session/cd477e99f4e247ef02c326ac6df7445e/elements - {"using":"xpath","value":"//button[contains(@id, \"massStateBtn\")]"}
RESULT: {"using":"xpath","value":"//button[contains(@id, \"massStateBtn\")]"}
COMMAND: POST /session/cd477e99f4e247ef02c326ac6df7445e/element - {"using":"xpath","value":"//button[contains(@id, \"massStateBtn\")]"}
RESULT: {"using":"xpath","value":"//button[contains(@id, \"massStateBtn\")]"}
COMMAND: POST /session/cd477e99f4e247ef02c326ac6df7445e/execute/sync - {"script":"<script> [8489 bytes]","args":[{"element-6066-11e4-a52e-4f735466cecf":"f.375AD1BF2998C782D6149A43C57C8E27.d.264122AD89A353D722062031C2ABB0D5.e.21257","ELEMENT":"f.375AD1BF2998C782D6149A43C57C8E27.d.264122AD89A353D722062031C2ABB0D5.e.21257"}]}
RESULT: {"script":"<script> [8489 bytes]","args":[{"element-6066-11e4-a52e-4f735466cecf":"f.375AD1BF2998C782D6149A43C57C8E27.d.264122AD89A353D722062031C2ABB0D5.e.21257","ELEMENT":"f.375AD1BF2998C782D6149A43C57C8E27.d.264122AD89A353D722062031C2ABB0D5.e.21257"}]}
COMMAND: GET /session/cd477e99f4e247ef02c326ac6df7445e/element/f.375AD1BF2998C782D6149A43C57C8E27.d.264122AD89A353D722062031C2ABB0D5.e.21257/enabled - {}
COMMAND: GET /session/cd477e99f4e247ef02c326ac6df7445e/screenshot - {}
RESULT: {}
COMMAND: POST /session/cd477e99f4e247ef02c326ac6df7445e/execute/sync - {"script":"<script> [8489 bytes]","args":[{"element-6066-11e4-a52e-4f735466cecf":"f.375AD1BF2998C782D6149A43C57C8E27.d.264122AD89A353D722062031C2ABB0D5.e.21257","ELEMENT":"f.375AD1BF2998C782D6149A43C57C8E27.d.264122AD89A353D722062031C2ABB0D5.e.21257"}]}
COMMAND: GET /session/cd477e99f4e247ef02c326ac6df7445e/screenshot - {}
RESULT: {}
RESULT: {"script":"<script> [8489 bytes]","args":[{"element-6066-11e4-a52e-4f735466cecf":"f.375AD1BF2998C782D6149A43C57C8E27.d.264122AD89A353D722062031C2ABB0D5.e.21257","ELEMENT":"f.375AD1BF2998C782D6149A43C57C8E27.d.264122AD89A353D722062031C2ABB0D5.e.21257"}]}
COMMAND: POST /session/cd477e99f4e247ef02c326ac6df7445e/execute/sync - {"script":"<script> [5351 bytes]","args":[{"element-6066-11e4-a52e-4f735466cecf":"f.375AD1BF2998C782D6149A43C57C8E27.d.264122AD89A353D722062031C2ABB0D5.e.21257","ELEMENT":"f.375AD1BF2998C782D6149A43C57C8E27.d.264122AD89A353D722062031C2ABB0D5.e.21257"}]}
COMMAND: GET /session/cd477e99f4e247ef02c326ac6df7445e/screenshot - {}
RESULT: {}
RESULT: {"script":"<script> [5351 bytes]","args":[{"element-6066-11e4-a52e-4f735466cecf":"f.375AD1BF2998C782D6149A43C57C8E27.d.264122AD89A353D722062031C2ABB0D5.e.21257","ELEMENT":"f.375AD1BF2998C782D6149A43C57C8E27.d.264122AD89A353D722062031C2ABB0D5.e.21257"}]}
COMMAND: POST /session/cd477e99f4e247ef02c326ac6df7445e/element/f.375AD1BF2998C782D6149A43C57C8E27.d.264122AD89A353D722062031C2ABB0D5.e.21257/click - {}
COMMAND: GET /session/cd477e99f4e247ef02c326ac6df7445e/screenshot - {}
RESULT: {}
RESULT: {}
RESULT: {}
COMMAND: GET /session/cd477e99f4e247ef02c326ac6df7445e/screenshot - {}
RESULT: {}
COMMAND: POST /session/cd477e99f4e247ef02c326ac6df7445e/execute/async - {"script":"<script> [1562 bytes]","args":[{"selector":{"id":"application-ruinventorylist-display-component---Master--ruLocationTypeComboBox-arrow"},"wdio_ui5_key":"applicationruinventorylist-display-component---Master--ruLocationTypeComboBox-arrow"}]}
RESULT: {"script":"<script> [1562 bytes]","args":[{"selector":{"id":"application-ruinventorylist-display-component---Master--ruLocationTypeComboBox-arrow"},"wdio_ui5_key":"applicationruinventorylist-display-component---Master--ruLocationTypeComboBox-arrow"}]}
RESULT: undefined
COMMAND: POST /session/cd477e99f4e247ef02c326ac6df7445e/element - {"using":"xpath","value":"//*[@id=\"application-ruinventorylist-display-component---Master--ruLocationTypeComboBox-arrow\"]"}
RESULT: {"using":"xpath","value":"//*[@id=\"application-ruinventorylist-display-component---Master--ruLocationTypeComboBox-arrow\"]"}
COMMAND: POST /session/cd477e99f4e247ef02c326ac6df7445e/element/f.375AD1BF2998C782D6149A43C57C8E27.d.264122AD89A353D722062031C2ABB0D5.e.21495/click - {}
RESULT: {}
COMMAND: GET /session/cd477e99f4e247ef02c326ac6df7445e/screenshot - {}
RESULT: {}
COMMAND: POST /session/cd477e99f4e247ef02c326ac6df7445e/element - {"using":"xpath","value":"//li[.//span[text()='Yard']]"}
RESULT: {"using":"xpath","value":"//li[.//span[text()='Yard']]"}
COMMAND: POST /session/cd477e99f4e247ef02c326ac6df7445e/element/f.375AD1BF2998C782D6149A43C57C8E27.d.264122AD89A353D722062031C2ABB0D5.e.21496/click - {}
RESULT: {}
COMMAND: GET /session/cd477e99f4e247ef02c326ac6df7445e/screenshot - {}
RESULT: {}
COMMAND: POST /session/cd477e99f4e247ef02c326ac6df7445e/execute/async - {"script":"<script> [1562 bytes]","args":[{"selector":{"id":"application-ruinventorylist-display-component---Master--smartFilterBar-filterItemControl_BASIC-YARD-vhi"},"wdio_ui5_key":"applicationruinventorylist-display-component---Master--smartFilterBar-filterItemControl_BASIC-YARD-vhi"}]}
RESULT: {"script":"<script> [1562 bytes]","args":[{"selector":{"id":"application-ruinventorylist-display-component---Master--smartFilterBar-filterItemControl_BASIC-YARD-vhi"},"wdio_ui5_key":"applicationruinventorylist-display-component---Master--smartFilterBar-filterItemControl_BASIC-YARD-vhi"}]}
RESULT: undefined
COMMAND: POST /session/cd477e99f4e247ef02c326ac6df7445e/element - {"using":"xpath","value":"//*[@id=\"application-ruinventorylist-display-component---Master--smartFilterBar-filterItemControl_BASIC-YARD-vhi\"]"}
RESULT: {"using":"xpath","value":"//*[@id=\"application-ruinventorylist-display-component---Master--smartFilterBar-filterItemControl_BASIC-YARD-vhi\"]"}
COMMAND: POST /session/cd477e99f4e247ef02c326ac6df7445e/element/f.375AD1BF2998C782D6149A43C57C8E27.d.264122AD89A353D722062031C2ABB0D5.e.21571/click - {}
RESULT: {}
COMMAND: GET /session/cd477e99f4e247ef02c326ac6df7445e/screenshot - {}
RESULT: {}
COMMAND: POST /session/cd477e99f4e247ef02c326ac6df7445e/execute/async - {"script":"<script> [1562 bytes]","args":[{"selector":{"id":"application-ruinventorylist-display-component---Master--smartFilterBar-filterItemControl_BASIC-YARD-valueHelpDialog-smartFilterBar-btnBasicSearch","searchOpenDialogs":true,"interaction":{"idSuffix":"I"}},"wdio_ui5_key":"applicationruinventorylist-display-component---Master--smartFilterBar-filterItemControl_BASIC-YARD-valueHelpDialog-smartFilterBar-btnBasicSearch"}]}
RESULT: {"script":"<script> [1562 bytes]","args":[{"selector":{"id":"application-ruinventorylist-display-component---Master--smartFilterBar-filterItemControl_BASIC-YARD-valueHelpDialog-smartFilterBar-btnBasicSearch","searchOpenDialogs":true,"interaction":{"idSuffix":"I"}},"wdio_ui5_key":"applicationruinventorylist-display-component---Master--smartFilterBar-filterItemControl_BASIC-YARD-valueHelpDialog-smartFilterBar-btnBasicSearch"}]}
RESULT: undefined
COMMAND: POST /session/cd477e99f4e247ef02c326ac6df7445e/execute/async - {"script":"<script> [776 bytes]","args":[{"enterText":"109","selector":{"id":"application-ruinventorylist-display-component---Master--smartFilterBar-filterItemControl_BASIC-YARD-valueHelpDialog-smartFilterBar-btnBasicSearch","searchOpenDialogs":true,"interaction":{"idSuffix":"I"}},"clearTextFirst":true,"interactionType":"ENTER_TEXT"}]}
RESULT: {"script":"<script> [776 bytes]","args":[{"enterText":"109","selector":{"id":"application-ruinventorylist-display-component---Master--smartFilterBar-filterItemControl_BASIC-YARD-valueHelpDialog-smartFilterBar-btnBasicSearch","searchOpenDialogs":true,"interaction":{"idSuffix":"I"}},"clearTextFirst":true,"interactionType":"ENTER_TEXT"}]}
COMMAND: POST /session/cd477e99f4e247ef02c326ac6df7445e/actions - {"actions":[{"id":"action54","type":"key","parameters":{},"actions":[{"type":"keyDown","value":"î€‡"},{"type":"pause","duration":10},{"type":"keyUp","value":"î€‡"}]}]}
RESULT: {"actions":[{"id":"action54","type":"key","parameters":{},"actions":[{"type":"keyDown","value":"î€‡"},{"type":"pause","duration":10},{"type":"keyUp","value":"î€‡"}]}]}
COMMAND: GET /session/cd477e99f4e247ef02c326ac6df7445e/screenshot - {}
RESULT: {}
COMMAND: POST /session/cd477e99f4e247ef02c326ac6df7445e/elements - {"using":"xpath","value":"//table[contains(@id, \"filterItemControl_BASIC-YARD-valueHelpDialog-table-table\")]/tbody/tr"}
RESULT: {"using":"xpath","value":"//table[contains(@id, \"filterItemControl_BASIC-YARD-valueHelpDialog-table-table\")]/tbody/tr"}
COMMAND: POST /session/cd477e99f4e247ef02c326ac6df7445e/element - {"using":"xpath","value":"//table[contains(@id, \"filterItemControl_BASIC-YARD-valueHelpDialog-table-table\")]/tbody/tr[1]/td[1]/div/span"}
RESULT: {"using":"xpath","value":"//table[contains(@id, \"filterItemControl_BASIC-YARD-valueHelpDialog-table-table\")]/tbody/tr[1]/td[1]/div/span"}
COMMAND: POST /session/cd477e99f4e247ef02c326ac6df7445e/elements - {"using":"xpath","value":"//table[contains(@id, \"filterItemControl_BASIC-YARD-valueHelpDialog-table-table\")]/tbody/tr[1]/td[1]/div/span"}
RESULT: {"using":"xpath","value":"//table[contains(@id, \"filterItemControl_BASIC-YARD-valueHelpDialog-table-table\")]/tbody/tr[1]/td[1]/div/span"}
COMMAND: POST /session/cd477e99f4e247ef02c326ac6df7445e/execute/sync - {"script":"<script> [56 bytes]","args":[{"element-6066-11e4-a52e-4f735466cecf":"f.375AD1BF2998C782D6149A43C57C8E27.d.264122AD89A353D722062031C2ABB0D5.e.21593","ELEMENT":"f.375AD1BF2998C782D6149A43C57C8E27.d.264122AD89A353D722062031C2ABB0D5.e.21593"}]}
RESULT: {"script":"<script> [56 bytes]","args":[{"element-6066-11e4-a52e-4f735466cecf":"f.375AD1BF2998C782D6149A43C57C8E27.d.264122AD89A353D722062031C2ABB0D5.e.21593","ELEMENT":"f.375AD1BF2998C782D6149A43C57C8E27.d.264122AD89A353D722062031C2ABB0D5.e.21593"}]}
COMMAND: POST /session/cd477e99f4e247ef02c326ac6df7445e/element - {"using":"xpath","value":"//div[contains(@id, \"filterItemControl_BASIC-YARD-valueHelpDialog-table-rowsel0\")]"}
COMMAND: GET /session/cd477e99f4e247ef02c326ac6df7445e/screenshot - {}
RESULT: {"using":"xpath","value":"//div[contains(@id, \"filterItemControl_BASIC-YARD-valueHelpDialog-table-rowsel0\")]"}
COMMAND: POST /session/cd477e99f4e247ef02c326ac6df7445e/element/f.375AD1BF2998C782D6149A43C57C8E27.d.264122AD89A353D722062031C2ABB0D5.e.21594/click - {}
RESULT: {}
RESULT: {}
COMMAND: GET /session/cd477e99f4e247ef02c326ac6df7445e/screenshot - {}
RESULT: {}
COMMAND: POST /session/cd477e99f4e247ef02c326ac6df7445e/element - {"using":"xpath","value":"//div[contains(@id, \"smartFilterBar-filterItemControl_BASIC-YARD-valueHelpDialog-smartFilterBar-btnBasicSearch-reset\")]"}
RESULT: {"using":"xpath","value":"//div[contains(@id, \"smartFilterBar-filterItemControl_BASIC-YARD-valueHelpDialog-smartFilterBar-btnBasicSearch-reset\")]"}
COMMAND: POST /session/cd477e99f4e247ef02c326ac6df7445e/element/f.375AD1BF2998C782D6149A43C57C8E27.d.264122AD89A353D722062031C2ABB0D5.e.21596/click - {}
RESULT: {}
RESULT: undefined
COMMAND: POST /session/cd477e99f4e247ef02c326ac6df7445e/execute/async - {"script":"<script> [776 bytes]","args":[{"enterText":"OPA5_BST01_YARD1","selector":{"id":"application-ruinventorylist-display-component---Master--smartFilterBar-filterItemControl_BASIC-YARD-valueHelpDialog-smartFilterBar-btnBasicSearch","searchOpenDialogs":true,"interaction":{"idSuffix":"I"}},"clearTextFirst":true,"interactionType":"ENTER_TEXT"}]}
COMMAND: GET /session/cd477e99f4e247ef02c326ac6df7445e/screenshot - {}
RESULT: {"script":"<script> [776 bytes]","args":[{"enterText":"OPA5_BST01_YARD1","selector":{"id":"application-ruinventorylist-display-component---Master--smartFilterBar-filterItemControl_BASIC-YARD-valueHelpDialog-smartFilterBar-btnBasicSearch","searchOpenDialogs":true,"interaction":{"idSuffix":"I"}},"clearTextFirst":true,"interactionType":"ENTER_TEXT"}]}
COMMAND: POST /session/cd477e99f4e247ef02c326ac6df7445e/actions - {"actions":[{"id":"action55","type":"key","parameters":{},"actions":[{"type":"keyDown","value":"î€‡"},{"type":"pause","duration":10},{"type":"keyUp","value":"î€‡"}]}]}
RESULT: {}
RESULT: {"actions":[{"id":"action55","type":"key","parameters":{},"actions":[{"type":"keyDown","value":"î€‡"},{"type":"pause","duration":10},{"type":"keyUp","value":"î€‡"}]}]}
COMMAND: GET /session/cd477e99f4e247ef02c326ac6df7445e/screenshot - {}
RESULT: {}
COMMAND: POST /session/cd477e99f4e247ef02c326ac6df7445e/elements - {"using":"xpath","value":"//table[contains(@id, \"filterItemControl_BASIC-YARD-valueHelpDialog-table-table\")]/tbody/tr"}
RESULT: {"using":"xpath","value":"//table[contains(@id, \"filterItemControl_BASIC-YARD-valueHelpDialog-table-table\")]/tbody/tr"}
COMMAND: POST /session/cd477e99f4e247ef02c326ac6df7445e/element - {"using":"xpath","value":"//table[contains(@id, \"filterItemControl_BASIC-YARD-valueHelpDialog-table-table\")]/tbody/tr[1]/td[1]/div/span"}
RESULT: {"using":"xpath","value":"//table[contains(@id, \"filterItemControl_BASIC-YARD-valueHelpDialog-table-table\")]/tbody/tr[1]/td[1]/div/span"}
COMMAND: POST /session/cd477e99f4e247ef02c326ac6df7445e/elements - {"using":"xpath","value":"//table[contains(@id, \"filterItemControl_BASIC-YARD-valueHelpDialog-table-table\")]/tbody/tr[1]/td[1]/div/span"}
RESULT: {"using":"xpath","value":"//table[contains(@id, \"filterItemControl_BASIC-YARD-valueHelpDialog-table-table\")]/tbody/tr[1]/td[1]/div/span"}
COMMAND: POST /session/cd477e99f4e247ef02c326ac6df7445e/execute/sync - {"script":"<script> [56 bytes]","args":[{"element-6066-11e4-a52e-4f735466cecf":"f.375AD1BF2998C782D6149A43C57C8E27.d.264122AD89A353D722062031C2ABB0D5.e.21593","ELEMENT":"f.375AD1BF2998C782D6149A43C57C8E27.d.264122AD89A353D722062031C2ABB0D5.e.21593"}]}
RESULT: {"script":"<script> [56 bytes]","args":[{"element-6066-11e4-a52e-4f735466cecf":"f.375AD1BF2998C782D6149A43C57C8E27.d.264122AD89A353D722062031C2ABB0D5.e.21593","ELEMENT":"f.375AD1BF2998C782D6149A43C57C8E27.d.264122AD89A353D722062031C2ABB0D5.e.21593"}]}
COMMAND: POST /session/cd477e99f4e247ef02c326ac6df7445e/element - {"using":"xpath","value":"//div[contains(@id, \"filterItemControl_BASIC-YARD-valueHelpDialog-table-rowsel0\")]"}
COMMAND: GET /session/cd477e99f4e247ef02c326ac6df7445e/screenshot - {}
RESULT: {"using":"xpath","value":"//div[contains(@id, \"filterItemControl_BASIC-YARD-valueHelpDialog-table-rowsel0\")]"}
COMMAND: POST /session/cd477e99f4e247ef02c326ac6df7445e/element/f.375AD1BF2998C782D6149A43C57C8E27.d.264122AD89A353D722062031C2ABB0D5.e.21594/click - {}
RESULT: {}
RESULT: {}
COMMAND: GET /session/cd477e99f4e247ef02c326ac6df7445e/screenshot - {}
RESULT: {}
COMMAND: POST /session/cd477e99f4e247ef02c326ac6df7445e/element - {"using":"xpath","value":"(//bdi[contains(text(), \"OK\")])[1]"}
RESULT: {"using":"xpath","value":"(//bdi[contains(text(), \"OK\")])[1]"}
COMMAND: POST /session/cd477e99f4e247ef02c326ac6df7445e/element/f.375AD1BF2998C782D6149A43C57C8E27.d.264122AD89A353D722062031C2ABB0D5.e.21598/click - {}
RESULT: {}
COMMAND: GET /session/cd477e99f4e247ef02c326ac6df7445e/screenshot - {}
RESULT: {}
COMMAND: POST /session/cd477e99f4e247ef02c326ac6df7445e/element - {"using":"xpath","value":"//span[@id=\"application-ruinventorylist-display-component---Master--smartTableRuInventoryList-header-inner\"]"}
RESULT: {"using":"xpath","value":"//span[@id=\"application-ruinventorylist-display-component---Master--smartTableRuInventoryList-header-inner\"]"}
COMMAND: POST /session/cd477e99f4e247ef02c326ac6df7445e/elements - {"using":"xpath","value":"//span[@id=\"application-ruinventorylist-display-component---Master--smartTableRuInventoryList-header-inner\"]"}
RESULT: {"using":"xpath","value":"//span[@id=\"application-ruinventorylist-display-component---Master--smartTableRuInventoryList-header-inner\"]"}
COMMAND: POST /session/cd477e99f4e247ef02c326ac6df7445e/execute/sync - {"script":"<script> [56 bytes]","args":[{"element-6066-11e4-a52e-4f735466cecf":"f.375AD1BF2998C782D6149A43C57C8E27.d.264122AD89A353D722062031C2ABB0D5.e.21768","ELEMENT":"f.375AD1BF2998C782D6149A43C57C8E27.d.264122AD89A353D722062031C2ABB0D5.e.21768"}]}
RESULT: {"script":"<script> [56 bytes]","args":[{"element-6066-11e4-a52e-4f735466cecf":"f.375AD1BF2998C782D6149A43C57C8E27.d.264122AD89A353D722062031C2ABB0D5.e.21768","ELEMENT":"f.375AD1BF2998C782D6149A43C57C8E27.d.264122AD89A353D722062031C2ABB0D5.e.21768"}]}
COMMAND: POST /session/cd477e99f4e247ef02c326ac6df7445e/execute/async - {"script":"<script> [1562 bytes]","args":[{"selector":{"id":"application-ruinventorylist-display-component---Master--smartFilterBar-btnBasicSearch","interaction":{"idSuffix":"I"}},"wdio_ui5_key":"applicationruinventorylist-display-component---Master--smartFilterBar-btnBasicSearch"}]}
COMMAND: GET /session/cd477e99f4e247ef02c326ac6df7445e/screenshot - {}
RESULT: {"script":"<script> [1562 bytes]","args":[{"selector":{"id":"application-ruinventorylist-display-component---Master--smartFilterBar-btnBasicSearch","interaction":{"idSuffix":"I"}},"wdio_ui5_key":"applicationruinventorylist-display-component---Master--smartFilterBar-btnBasicSearch"}]}
RESULT: undefined
COMMAND: POST /session/cd477e99f4e247ef02c326ac6df7445e/execute/async - {"script":"<script> [776 bytes]","args":[{"enterText":"600002","selector":{"id":"application-ruinventorylist-display-component---Master--smartFilterBar-btnBasicSearch","interaction":{"idSuffix":"I"}},"clearTextFirst":true,"interactionType":"ENTER_TEXT"}]}
RESULT: {}
RESULT: {"script":"<script> [776 bytes]","args":[{"enterText":"600002","selector":{"id":"application-ruinventorylist-display-component---Master--smartFilterBar-btnBasicSearch","interaction":{"idSuffix":"I"}},"clearTextFirst":true,"interactionType":"ENTER_TEXT"}]}
COMMAND: POST /session/cd477e99f4e247ef02c326ac6df7445e/actions - {"actions":[{"id":"action56","type":"key","parameters":{},"actions":[{"type":"keyDown","value":"î€‡"},{"type":"pause","duration":10},{"type":"keyUp","value":"î€‡"}]}]}
RESULT: {"actions":[{"id":"action56","type":"key","parameters":{},"actions":[{"type":"keyDown","value":"î€‡"},{"type":"pause","duration":10},{"type":"keyUp","value":"î€‡"}]}]}
COMMAND: GET /session/cd477e99f4e247ef02c326ac6df7445e/screenshot - {}
RESULT: {}
COMMAND: POST /session/cd477e99f4e247ef02c326ac6df7445e/element - {"using":"xpath","value":"//span[@id=\"application-ruinventorylist-display-component---Master--smartTableRuInventoryList-header-inner\"]"}
RESULT: {"using":"xpath","value":"//span[@id=\"application-ruinventorylist-display-component---Master--smartTableRuInventoryList-header-inner\"]"}
COMMAND: POST /session/cd477e99f4e247ef02c326ac6df7445e/elements - {"using":"xpath","value":"//span[@id=\"application-ruinventorylist-display-component---Master--smartTableRuInventoryList-header-inner\"]"}
RESULT: {"using":"xpath","value":"//span[@id=\"application-ruinventorylist-display-component---Master--smartTableRuInventoryList-header-inner\"]"}
COMMAND: POST /session/cd477e99f4e247ef02c326ac6df7445e/execute/sync - {"script":"<script> [56 bytes]","args":[{"element-6066-11e4-a52e-4f735466cecf":"f.375AD1BF2998C782D6149A43C57C8E27.d.264122AD89A353D722062031C2ABB0D5.e.21768","ELEMENT":"f.375AD1BF2998C782D6149A43C57C8E27.d.264122AD89A353D722062031C2ABB0D5.e.21768"}]}
RESULT: {"script":"<script> [56 bytes]","args":[{"element-6066-11e4-a52e-4f735466cecf":"f.375AD1BF2998C782D6149A43C57C8E27.d.264122AD89A353D722062031C2ABB0D5.e.21768","ELEMENT":"f.375AD1BF2998C782D6149A43C57C8E27.d.264122AD89A353D722062031C2ABB0D5.e.21768"}]}
COMMAND: POST /session/cd477e99f4e247ef02c326ac6df7445e/element - {"using":"xpath","value":"//table[contains(@id, \"application-ruinventorylist-display-component---Master--tableRuInventoryList-listUl\")]/tbody/tr[1]/td[2]/div/div"}
COMMAND: GET /session/cd477e99f4e247ef02c326ac6df7445e/screenshot - {}
RESULT: {"using":"xpath","value":"//table[contains(@id, \"application-ruinventorylist-display-component---Master--tableRuInventoryList-listUl\")]/tbody/tr[1]/td[2]/div/div"}
COMMAND: POST /session/cd477e99f4e247ef02c326ac6df7445e/element/f.375AD1BF2998C782D6149A43C57C8E27.d.264122AD89A353D722062031C2ABB0D5.e.21774/click - {}
RESULT: {}
RESULT: {}
COMMAND: GET /session/cd477e99f4e247ef02c326ac6df7445e/screenshot - {}
RESULT: {}
COMMAND: POST /session/cd477e99f4e247ef02c326ac6df7445e/element - {"using":"xpath","value":"//div[contains(@id, \"smartFilterBar-btnBasicSearch-reset\")]"}
RESULT: {"using":"xpath","value":"//div[contains(@id, \"smartFilterBar-btnBasicSearch-reset\")]"}
COMMAND: POST /session/cd477e99f4e247ef02c326ac6df7445e/element/f.375AD1BF2998C782D6149A43C57C8E27.d.264122AD89A353D722062031C2ABB0D5.e.21784/click - {}
RESULT: {}
COMMAND: GET /session/cd477e99f4e247ef02c326ac6df7445e/screenshot - {}
RESULT: {}
RESULT: undefined
COMMAND: POST /session/cd477e99f4e247ef02c326ac6df7445e/execute/async - {"script":"<script> [776 bytes]","args":[{"enterText":"401002","selector":{"id":"application-ruinventorylist-display-component---Master--smartFilterBar-btnBasicSearch","interaction":{"idSuffix":"I"}},"clearTextFirst":true,"interactionType":"ENTER_TEXT"}]}
RESULT: {"script":"<script> [776 bytes]","args":[{"enterText":"401002","selector":{"id":"application-ruinventorylist-display-component---Master--smartFilterBar-btnBasicSearch","interaction":{"idSuffix":"I"}},"clearTextFirst":true,"interactionType":"ENTER_TEXT"}]}
COMMAND: POST /session/cd477e99f4e247ef02c326ac6df7445e/actions - {"actions":[{"id":"action57","type":"key","parameters":{},"actions":[{"type":"keyDown","value":"î€‡"},{"type":"pause","duration":10},{"type":"keyUp","value":"î€‡"}]}]}
RESULT: {"actions":[{"id":"action57","type":"key","parameters":{},"actions":[{"type":"keyDown","value":"î€‡"},{"type":"pause","duration":10},{"type":"keyUp","value":"î€‡"}]}]}
COMMAND: GET /session/cd477e99f4e247ef02c326ac6df7445e/screenshot - {}
RESULT: {}
COMMAND: POST /session/cd477e99f4e247ef02c326ac6df7445e/element - {"using":"xpath","value":"//span[@id=\"application-ruinventorylist-display-component---Master--smartTableRuInventoryList-header-inner\"]"}
RESULT: {"using":"xpath","value":"//span[@id=\"application-ruinventorylist-display-component---Master--smartTableRuInventoryList-header-inner\"]"}
COMMAND: POST /session/cd477e99f4e247ef02c326ac6df7445e/elements - {"using":"xpath","value":"//span[@id=\"application-ruinventorylist-display-component---Master--smartTableRuInventoryList-header-inner\"]"}
RESULT: {"using":"xpath","value":"//span[@id=\"application-ruinventorylist-display-component---Master--smartTableRuInventoryList-header-inner\"]"}
COMMAND: POST /session/cd477e99f4e247ef02c326ac6df7445e/execute/sync - {"script":"<script> [56 bytes]","args":[{"element-6066-11e4-a52e-4f735466cecf":"f.375AD1BF2998C782D6149A43C57C8E27.d.264122AD89A353D722062031C2ABB0D5.e.21768","ELEMENT":"f.375AD1BF2998C782D6149A43C57C8E27.d.264122AD89A353D722062031C2ABB0D5.e.21768"}]}
RESULT: {"script":"<script> [56 bytes]","args":[{"element-6066-11e4-a52e-4f735466cecf":"f.375AD1BF2998C782D6149A43C57C8E27.d.264122AD89A353D722062031C2ABB0D5.e.21768","ELEMENT":"f.375AD1BF2998C782D6149A43C57C8E27.d.264122AD89A353D722062031C2ABB0D5.e.21768"}]}
COMMAND: POST /session/cd477e99f4e247ef02c326ac6df7445e/element - {"using":"xpath","value":"//table[contains(@id, \"application-ruinventorylist-display-component---Master--tableRuInventoryList-listUl\")]/tbody/tr[1]/td[2]/div/div"}
COMMAND: GET /session/cd477e99f4e247ef02c326ac6df7445e/screenshot - {}
RESULT: {"using":"xpath","value":"//table[contains(@id, \"application-ruinventorylist-display-component---Master--tableRuInventoryList-listUl\")]/tbody/tr[1]/td[2]/div/div"}
COMMAND: POST /session/cd477e99f4e247ef02c326ac6df7445e/element/f.375AD1BF2998C782D6149A43C57C8E27.d.264122AD89A353D722062031C2ABB0D5.e.21957/click - {}
RESULT: {}
RESULT: {}
COMMAND: GET /session/cd477e99f4e247ef02c326ac6df7445e/screenshot - {}
RESULT: {}
COMMAND: POST /session/cd477e99f4e247ef02c326ac6df7445e/element - {"using":"xpath","value":"//div[contains(@id, \"smartFilterBar-btnBasicSearch-reset\")]"}
RESULT: {"using":"xpath","value":"//div[contains(@id, \"smartFilterBar-btnBasicSearch-reset\")]"}
COMMAND: POST /session/cd477e99f4e247ef02c326ac6df7445e/element/f.375AD1BF2998C782D6149A43C57C8E27.d.264122AD89A353D722062031C2ABB0D5.e.21784/click - {}
RESULT: {}
COMMAND: GET /session/cd477e99f4e247ef02c326ac6df7445e/screenshot - {}
RESULT: {}
COMMAND: POST /session/cd477e99f4e247ef02c326ac6df7445e/element/f.375AD1BF2998C782D6149A43C57C8E27.d.264122AD89A353D722062031C2ABB0D5.e.21257/click - {}
RESULT: {}
COMMAND: GET /session/cd477e99f4e247ef02c326ac6df7445e/screenshot - {}
RESULT: {}
COMMAND: POST /session/cd477e99f4e247ef02c326ac6df7445e/execute/async - {"script":"<script> [1562 bytes]","args":[{"selector":{"controlType":"sap.m.Title","viewName":"etm.portal.ui.ruinventorylist.view.Master","viewId":"application-ruinventorylist-display-component---Master","properties":{"text":"Mass State Change"},"searchOpenDialogs":true},"wdio_ui5_key":"etmportal.ui.ruinventorylist.view.Mastersap.m.Title{\"text\":\"Mass State Change\"}"}]}
RESULT: {"script":"<script> [1562 bytes]","args":[{"selector":{"controlType":"sap.m.Title","viewName":"etm.portal.ui.ruinventorylist.view.Master","viewId":"application-ruinventorylist-display-component---Master","properties":{"text":"Mass State Change"},"searchOpenDialogs":true},"wdio_ui5_key":"etmportal.ui.ruinventorylist.view.Mastersap.m.Title{\"text\":\"Mass State Change\"}"}]}
RESULT: undefined
COMMAND: POST /session/cd477e99f4e247ef02c326ac6df7445e/execute/async - {"script":"<script> [6424 bytes]","args":[{"element-6066-11e4-a52e-4f735466cecf":"f.375AD1BF2998C782D6149A43C57C8E27.d.264122AD89A353D722062031C2ABB0D5.e.22148"},"getText",[]]}
RESULT: {"script":"<script> [6424 bytes]","args":[{"element-6066-11e4-a52e-4f735466cecf":"f.375AD1BF2998C782D6149A43C57C8E27.d.264122AD89A353D722062031C2ABB0D5.e.22148"},"getText",[]]}
COMMAND: POST /session/cd477e99f4e247ef02c326ac6df7445e/element - {"using":"xpath","value":"(//bdi[contains(text(), \"OK\")])[1]"}
RESULT: {"using":"xpath","value":"(//bdi[contains(text(), \"OK\")])[1]"}
COMMAND: POST /session/cd477e99f4e247ef02c326ac6df7445e/element/f.375AD1BF2998C782D6149A43C57C8E27.d.264122AD89A353D722062031C2ABB0D5.e.22149/click - {}
RESULT: {}
COMMAND: GET /session/cd477e99f4e247ef02c326ac6df7445e/screenshot - {}
RESULT: {}
COMMAND: POST /session/cd477e99f4e247ef02c326ac6df7445e/element - {"using":"css selector","value":"div.sapMMessageBoxError"}
RESULT: {"using":"css selector","value":"div.sapMMessageBoxError"}
COMMAND: POST /session/cd477e99f4e247ef02c326ac6df7445e/elements - {"using":"css selector","value":"div.sapMMessageBoxError"}
RESULT: {"using":"css selector","value":"div.sapMMessageBoxError"}
COMMAND: POST /session/cd477e99f4e247ef02c326ac6df7445e/element - {"using":"xpath","value":"(//bdi[contains(text(), \"Close\")])[1]"}
RESULT: {"using":"xpath","value":"(//bdi[contains(text(), \"Close\")])[1]"}
COMMAND: POST /session/cd477e99f4e247ef02c326ac6df7445e/element/f.375AD1BF2998C782D6149A43C57C8E27.d.264122AD89A353D722062031C2ABB0D5.e.22153/click - {}
RESULT: {}
COMMAND: GET /session/cd477e99f4e247ef02c326ac6df7445e/screenshot - {}
RESULT: {}
COMMAND: POST /session/cd477e99f4e247ef02c326ac6df7445e/execute/async - {"script":"<script> [1562 bytes]","args":[{"selector":{"id":"application-ruinventorylist-display-component---Master--ruStateTypes-arrow","searchOpenDialogs":true},"wdio_ui5_key":"applicationruinventorylist-display-component---Master--ruStateTypes-arrow"}]}
RESULT: {"script":"<script> [1562 bytes]","args":[{"selector":{"id":"application-ruinventorylist-display-component---Master--ruStateTypes-arrow","searchOpenDialogs":true},"wdio_ui5_key":"applicationruinventorylist-display-component---Master--ruStateTypes-arrow"}]}
RESULT: undefined
COMMAND: POST /session/cd477e99f4e247ef02c326ac6df7445e/element - {"using":"xpath","value":"//*[@id=\"application-ruinventorylist-display-component---Master--ruStateTypes-arrow\"]"}
RESULT: {"using":"xpath","value":"//*[@id=\"application-ruinventorylist-display-component---Master--ruStateTypes-arrow\"]"}
COMMAND: POST /session/cd477e99f4e247ef02c326ac6df7445e/element/f.375AD1BF2998C782D6149A43C57C8E27.d.264122AD89A353D722062031C2ABB0D5.e.22155/click - {}
RESULT: {}
COMMAND: GET /session/cd477e99f4e247ef02c326ac6df7445e/screenshot - {}
RESULT: {}
COMMAND: POST /session/cd477e99f4e247ef02c326ac6df7445e/element - {"using":"xpath","value":"//li[.//span[text()=\"defect\"]]"}
RESULT: {"using":"xpath","value":"//li[.//span[text()=\"defect\"]]"}
COMMAND: POST /session/cd477e99f4e247ef02c326ac6df7445e/element/f.375AD1BF2998C782D6149A43C57C8E27.d.264122AD89A353D722062031C2ABB0D5.e.22156/click - {}
RESULT: {}
COMMAND: GET /session/cd477e99f4e247ef02c326ac6df7445e/screenshot - {}
RESULT: {}
COMMAND: POST /session/cd477e99f4e247ef02c326ac6df7445e/element - {"using":"xpath","value":"(//span[@data-kt=\"trashMassStateChangeIcon\"])[1]"}
RESULT: {"using":"xpath","value":"(//span[@data-kt=\"trashMassStateChangeIcon\"])[1]"}
COMMAND: POST /session/cd477e99f4e247ef02c326ac6df7445e/element/f.375AD1BF2998C782D6149A43C57C8E27.d.264122AD89A353D722062031C2ABB0D5.e.22157/click - {}
RESULT: {}
COMMAND: GET /session/cd477e99f4e247ef02c326ac6df7445e/screenshot - {}
RESULT: {}
COMMAND: POST /session/cd477e99f4e247ef02c326ac6df7445e/element - {"using":"xpath","value":"//table[contains(@id, \"massStateChangeTable-listUl\")]/tbody/tr[1]/td[11]/div/div/div/input"}
RESULT: {"using":"xpath","value":"//table[contains(@id, \"massStateChangeTable-listUl\")]/tbody/tr[1]/td[11]/div/div/div/input"}
COMMAND: GET /session/cd477e99f4e247ef02c326ac6df7445e/element/f.375AD1BF2998C782D6149A43C57C8E27.d.264122AD89A353D722062031C2ABB0D5.e.22142/property/value - {}
RESULT: {}
COMMAND: POST /session/cd477e99f4e247ef02c326ac6df7445e/element - {"using":"xpath","value":"(//span[@data-kt=\"trashMassStateChangeIcon\"])[2]"}
COMMAND: GET /session/cd477e99f4e247ef02c326ac6df7445e/screenshot - {}
RESULT: {"using":"xpath","value":"(//span[@data-kt=\"trashMassStateChangeIcon\"])[2]"}
COMMAND: POST /session/cd477e99f4e247ef02c326ac6df7445e/element/f.375AD1BF2998C782D6149A43C57C8E27.d.264122AD89A353D722062031C2ABB0D5.e.22159/click - {}
RESULT: {}
RESULT: {}
COMMAND: GET /session/cd477e99f4e247ef02c326ac6df7445e/screenshot - {}
RESULT: {}
COMMAND: POST /session/cd477e99f4e247ef02c326ac6df7445e/element - {"using":"xpath","value":"//table[contains(@id, \"massStateChangeTable-listUl\")]/tbody/tr[2]/td[11]/div/div/div/input"}
RESULT: {"using":"xpath","value":"//table[contains(@id, \"massStateChangeTable-listUl\")]/tbody/tr[2]/td[11]/div/div/div/input"}
COMMAND: GET /session/cd477e99f4e247ef02c326ac6df7445e/element/f.375AD1BF2998C782D6149A43C57C8E27.d.264122AD89A353D722062031C2ABB0D5.e.22146/property/value - {}
RESULT: {}
COMMAND: POST /session/cd477e99f4e247ef02c326ac6df7445e/element - {"using":"xpath","value":"//table[contains(@id, \"massStateChangeTable-listUl\")]/tbody/tr[1]/td[10]/div/span/span[1]"}
COMMAND: GET /session/cd477e99f4e247ef02c326ac6df7445e/screenshot - {}
RESULT: {"using":"xpath","value":"//table[contains(@id, \"massStateChangeTable-listUl\")]/tbody/tr[1]/td[10]/div/span/span[1]"}
COMMAND: POST /session/cd477e99f4e247ef02c326ac6df7445e/execute/sync - {"script":"<script> [56 bytes]","args":[{"element-6066-11e4-a52e-4f735466cecf":"f.375AD1BF2998C782D6149A43C57C8E27.d.264122AD89A353D722062031C2ABB0D5.e.22161","ELEMENT":"f.375AD1BF2998C782D6149A43C57C8E27.d.264122AD89A353D722062031C2ABB0D5.e.22161"}]}
RESULT: {}
RESULT: {"script":"<script> [56 bytes]","args":[{"element-6066-11e4-a52e-4f735466cecf":"f.375AD1BF2998C782D6149A43C57C8E27.d.264122AD89A353D722062031C2ABB0D5.e.22161","ELEMENT":"f.375AD1BF2998C782D6149A43C57C8E27.d.264122AD89A353D722062031C2ABB0D5.e.22161"}]}
COMMAND: POST /session/cd477e99f4e247ef02c326ac6df7445e/element - {"using":"xpath","value":"//table[contains(@id, \"massStateChangeTable-listUl\")]/tbody/tr[1]/td[11]/div/div/div/div[2]/span"}
COMMAND: GET /session/cd477e99f4e247ef02c326ac6df7445e/screenshot - {}
RESULT: {"using":"xpath","value":"//table[contains(@id, \"massStateChangeTable-listUl\")]/tbody/tr[1]/td[11]/div/div/div/div[2]/span"}
COMMAND: POST /session/cd477e99f4e247ef02c326ac6df7445e/element/f.375AD1BF2998C782D6149A43C57C8E27.d.264122AD89A353D722062031C2ABB0D5.e.22162/click - {}
RESULT: {}
RESULT: {}
COMMAND: GET /session/cd477e99f4e247ef02c326ac6df7445e/screenshot - {}
RESULT: {}
COMMAND: POST /session/cd477e99f4e247ef02c326ac6df7445e/element - {"using":"xpath","value":"//table[contains(@id, \"massStateChangeTable-listUl\")]/tbody/tr[1]/td[11]/div/div/div/div[2]/span"}
RESULT: {"using":"xpath","value":"//table[contains(@id, \"massStateChangeTable-listUl\")]/tbody/tr[1]/td[11]/div/div/div/div[2]/span"}
COMMAND: POST /session/cd477e99f4e247ef02c326ac6df7445e/element/f.375AD1BF2998C782D6149A43C57C8E27.d.264122AD89A353D722062031C2ABB0D5.e.22162/click - {}
RESULT: {}
COMMAND: GET /session/cd477e99f4e247ef02c326ac6df7445e/screenshot - {}
RESULT: {}
COMMAND: POST /session/cd477e99f4e247ef02c326ac6df7445e/element - {"using":"xpath","value":"//table[contains(@id, \"massStateChangeTable-listUl\")]/tbody/tr[1]/td[11]/div/div/div/div[2]/span"}
RESULT: {"using":"xpath","value":"//table[contains(@id, \"massStateChangeTable-listUl\")]/tbody/tr[1]/td[11]/div/div/div/div[2]/span"}
COMMAND: POST /session/cd477e99f4e247ef02c326ac6df7445e/element/f.375AD1BF2998C782D6149A43C57C8E27.d.264122AD89A353D722062031C2ABB0D5.e.22162/click - {}
RESULT: {}
COMMAND: GET /session/cd477e99f4e247ef02c326ac6df7445e/screenshot - {}
RESULT: {}
COMMAND: POST /session/cd477e99f4e247ef02c326ac6df7445e/element - {"using":"xpath","value":"//table[contains(@id, \"massStateChangeTable-listUl\")]/tbody/tr[1]/td[11]/div/div/div/div[2]/span"}
RESULT: {"using":"xpath","value":"//table[contains(@id, \"massStateChangeTable-listUl\")]/tbody/tr[1]/td[11]/div/div/div/div[2]/span"}
COMMAND: POST /session/cd477e99f4e247ef02c326ac6df7445e/element/f.375AD1BF2998C782D6149A43C57C8E27.d.264122AD89A353D722062031C2ABB0D5.e.22162/click - {}
RESULT: {}
COMMAND: GET /session/cd477e99f4e247ef02c326ac6df7445e/screenshot - {}
RESULT: {}
COMMAND: POST /session/cd477e99f4e247ef02c326ac6df7445e/element - {"using":"xpath","value":"//table[contains(@id, \"massStateChangeTable-listUl\")]/tbody/tr[1]/td[11]/div/div/div/div[2]/span"}
RESULT: {"using":"xpath","value":"//table[contains(@id, \"massStateChangeTable-listUl\")]/tbody/tr[1]/td[11]/div/div/div/div[2]/span"}
COMMAND: POST /session/cd477e99f4e247ef02c326ac6df7445e/element/f.375AD1BF2998C782D6149A43C57C8E27.d.264122AD89A353D722062031C2ABB0D5.e.22162/click - {}
RESULT: {}
COMMAND: GET /session/cd477e99f4e247ef02c326ac6df7445e/screenshot - {}
RESULT: {}
COMMAND: POST /session/cd477e99f4e247ef02c326ac6df7445e/element - {"using":"xpath","value":"//table[contains(@id, \"massStateChangeTable-listUl\")]/tbody/tr[1]/td[11]/div/div/div/div[2]/span"}
RESULT: {"using":"xpath","value":"//table[contains(@id, \"massStateChangeTable-listUl\")]/tbody/tr[1]/td[11]/div/div/div/div[2]/span"}
COMMAND: POST /session/cd477e99f4e247ef02c326ac6df7445e/element/f.375AD1BF2998C782D6149A43C57C8E27.d.264122AD89A353D722062031C2ABB0D5.e.22162/click - {}
RESULT: {}
COMMAND: GET /session/cd477e99f4e247ef02c326ac6df7445e/screenshot - {}
RESULT: {}
COMMAND: POST /session/cd477e99f4e247ef02c326ac6df7445e/element - {"using":"xpath","value":"//table[contains(@id, \"massStateChangeTable-listUl\")]/tbody/tr[1]/td[11]/div/div/div/div[2]/span"}
RESULT: {"using":"xpath","value":"//table[contains(@id, \"massStateChangeTable-listUl\")]/tbody/tr[1]/td[11]/div/div/div/div[2]/span"}
COMMAND: POST /session/cd477e99f4e247ef02c326ac6df7445e/element/f.375AD1BF2998C782D6149A43C57C8E27.d.264122AD89A353D722062031C2ABB0D5.e.22162/click - {}
RESULT: {}
COMMAND: GET /session/cd477e99f4e247ef02c326ac6df7445e/screenshot - {}
RESULT: {}
COMMAND: POST /session/cd477e99f4e247ef02c326ac6df7445e/element - {"using":"xpath","value":"//table[contains(@id, \"massStateChangeTable-listUl\")]/tbody/tr[1]/td[11]/div/div/div/div[2]/span"}
RESULT: {"using":"xpath","value":"//table[contains(@id, \"massStateChangeTable-listUl\")]/tbody/tr[1]/td[11]/div/div/div/div[2]/span"}
COMMAND: POST /session/cd477e99f4e247ef02c326ac6df7445e/element/f.375AD1BF2998C782D6149A43C57C8E27.d.264122AD89A353D722062031C2ABB0D5.e.22162/click - {}
RESULT: {}
COMMAND: GET /session/cd477e99f4e247ef02c326ac6df7445e/screenshot - {}
RESULT: {}
COMMAND: POST /session/cd477e99f4e247ef02c326ac6df7445e/element - {"using":"xpath","value":"//table[contains(@id, \"massStateChangeTable-listUl\")]/tbody/tr[1]/td[11]/div/div/div/div[2]/span"}
RESULT: {"using":"xpath","value":"//table[contains(@id, \"massStateChangeTable-listUl\")]/tbody/tr[1]/td[11]/div/div/div/div[2]/span"}
COMMAND: POST /session/cd477e99f4e247ef02c326ac6df7445e/element/f.375AD1BF2998C782D6149A43C57C8E27.d.264122AD89A353D722062031C2ABB0D5.e.22162/click - {}
RESULT: {}
COMMAND: GET /session/cd477e99f4e247ef02c326ac6df7445e/screenshot - {}
RESULT: {}
COMMAND: POST /session/cd477e99f4e247ef02c326ac6df7445e/element - {"using":"xpath","value":"//table[contains(@id, \"massStateChangeTable-listUl\")]/tbody/tr[1]/td[11]/div/div/div/div[2]/span"}
RESULT: {"using":"xpath","value":"//table[contains(@id, \"massStateChangeTable-listUl\")]/tbody/tr[1]/td[11]/div/div/div/div[2]/span"}
COMMAND: POST /session/cd477e99f4e247ef02c326ac6df7445e/element/f.375AD1BF2998C782D6149A43C57C8E27.d.264122AD89A353D722062031C2ABB0D5.e.22162/click - {}
RESULT: {}
COMMAND: GET /session/cd477e99f4e247ef02c326ac6df7445e/screenshot - {}
RESULT: {}
COMMAND: POST /session/cd477e99f4e247ef02c326ac6df7445e/element - {"using":"xpath","value":"//table[contains(@id, \"massStateChangeTable-listUl\")]/tbody/tr[1]/td[11]/div/div/div/div[2]/span"}
RESULT: {"using":"xpath","value":"//table[contains(@id, \"massStateChangeTable-listUl\")]/tbody/tr[1]/td[11]/div/div/div/div[2]/span"}
COMMAND: POST /session/cd477e99f4e247ef02c326ac6df7445e/element/f.375AD1BF2998C782D6149A43C57C8E27.d.264122AD89A353D722062031C2ABB0D5.e.22162/click - {}
RESULT: {}
COMMAND: GET /session/cd477e99f4e247ef02c326ac6df7445e/screenshot - {}
RESULT: {}
COMMAND: POST /session/cd477e99f4e247ef02c326ac6df7445e/element - {"using":"xpath","value":"//table[contains(@id, \"massStateChangeTable-listUl\")]/tbody/tr[1]/td[11]/div/div/div/div[2]/span"}
RESULT: {"using":"xpath","value":"//table[contains(@id, \"massStateChangeTable-listUl\")]/tbody/tr[1]/td[11]/div/div/div/div[2]/span"}
COMMAND: POST /session/cd477e99f4e247ef02c326ac6df7445e/element/f.375AD1BF2998C782D6149A43C57C8E27.d.264122AD89A353D722062031C2ABB0D5.e.22162/click - {}
RESULT: {}
COMMAND: GET /session/cd477e99f4e247ef02c326ac6df7445e/screenshot - {}
RESULT: {}
COMMAND: POST /session/cd477e99f4e247ef02c326ac6df7445e/element - {"using":"xpath","value":"//table[contains(@id, \"massStateChangeTable-listUl\")]/tbody/tr[1]/td[11]/div/div/div/div[2]/span"}
RESULT: {"using":"xpath","value":"//table[contains(@id, \"massStateChangeTable-listUl\")]/tbody/tr[1]/td[11]/div/div/div/div[2]/span"}
COMMAND: POST /session/cd477e99f4e247ef02c326ac6df7445e/element/f.375AD1BF2998C782D6149A43C57C8E27.d.264122AD89A353D722062031C2ABB0D5.e.22162/click - {}
RESULT: {}
COMMAND: GET /session/cd477e99f4e247ef02c326ac6df7445e/screenshot - {}
RESULT: {}
COMMAND: POST /session/cd477e99f4e247ef02c326ac6df7445e/element - {"using":"xpath","value":"//table[contains(@id, \"massStateChangeTable-listUl\")]/tbody/tr[1]/td[11]/div/div/div/div[2]/span"}
RESULT: {"using":"xpath","value":"//table[contains(@id, \"massStateChangeTable-listUl\")]/tbody/tr[1]/td[11]/div/div/div/div[2]/span"}
COMMAND: POST /session/cd477e99f4e247ef02c326ac6df7445e/element/f.375AD1BF2998C782D6149A43C57C8E27.d.264122AD89A353D722062031C2ABB0D5.e.22162/click - {}
RESULT: {}
COMMAND: GET /session/cd477e99f4e247ef02c326ac6df7445e/screenshot - {}
RESULT: {}
COMMAND: POST /session/cd477e99f4e247ef02c326ac6df7445e/element - {"using":"xpath","value":"//table[contains(@id, \"massStateChangeTable-listUl\")]/tbody/tr[1]/td[11]/div/div/div/div[2]/span"}
RESULT: {"using":"xpath","value":"//table[contains(@id, \"massStateChangeTable-listUl\")]/tbody/tr[1]/td[11]/div/div/div/div[2]/span"}
COMMAND: POST /session/cd477e99f4e247ef02c326ac6df7445e/element/f.375AD1BF2998C782D6149A43C57C8E27.d.264122AD89A353D722062031C2ABB0D5.e.22162/click - {}
RESULT: {}
COMMAND: GET /session/cd477e99f4e247ef02c326ac6df7445e/screenshot - {}
RESULT: {}
COMMAND: POST /session/cd477e99f4e247ef02c326ac6df7445e/element - {"using":"xpath","value":"//table[contains(@id, \"massStateChangeTable-listUl\")]/tbody/tr[1]/td[11]/div/div/div/div[2]/span"}
RESULT: {"using":"xpath","value":"//table[contains(@id, \"massStateChangeTable-listUl\")]/tbody/tr[1]/td[11]/div/div/div/div[2]/span"}
COMMAND: POST /session/cd477e99f4e247ef02c326ac6df7445e/element/f.375AD1BF2998C782D6149A43C57C8E27.d.264122AD89A353D722062031C2ABB0D5.e.22162/click - {}
RESULT: {}
COMMAND: GET /session/cd477e99f4e247ef02c326ac6df7445e/screenshot - {}
RESULT: {}
COMMAND: POST /session/cd477e99f4e247ef02c326ac6df7445e/element - {"using":"xpath","value":"//table[contains(@id, \"massStateChangeTable-listUl\")]/tbody/tr[1]/td[11]/div/div/div/div[2]/span"}
RESULT: {"using":"xpath","value":"//table[contains(@id, \"massStateChangeTable-listUl\")]/tbody/tr[1]/td[11]/div/div/div/div[2]/span"}
COMMAND: POST /session/cd477e99f4e247ef02c326ac6df7445e/element/f.375AD1BF2998C782D6149A43C57C8E27.d.264122AD89A353D722062031C2ABB0D5.e.22162/click - {}
RESULT: {}
COMMAND: GET /session/cd477e99f4e247ef02c326ac6df7445e/screenshot - {}
RESULT: {}
COMMAND: POST /session/cd477e99f4e247ef02c326ac6df7445e/element - {"using":"xpath","value":"//table[contains(@id, \"massStateChangeTable-listUl\")]/tbody/tr[1]/td[11]/div/div/div/div[2]/span"}
RESULT: {"using":"xpath","value":"//table[contains(@id, \"massStateChangeTable-listUl\")]/tbody/tr[1]/td[11]/div/div/div/div[2]/span"}
COMMAND: POST /session/cd477e99f4e247ef02c326ac6df7445e/element/f.375AD1BF2998C782D6149A43C57C8E27.d.264122AD89A353D722062031C2ABB0D5.e.22162/click - {}
RESULT: {}
COMMAND: GET /session/cd477e99f4e247ef02c326ac6df7445e/screenshot - {}
RESULT: {}
COMMAND: POST /session/cd477e99f4e247ef02c326ac6df7445e/element - {"using":"xpath","value":"//table[contains(@id, \"massStateChangeTable-listUl\")]/tbody/tr[1]/td[11]/div/div/div/div[2]/span"}
RESULT: {"using":"xpath","value":"//table[contains(@id, \"massStateChangeTable-listUl\")]/tbody/tr[1]/td[11]/div/div/div/div[2]/span"}
COMMAND: POST /session/cd477e99f4e247ef02c326ac6df7445e/element/f.375AD1BF2998C782D6149A43C57C8E27.d.264122AD89A353D722062031C2ABB0D5.e.22162/click - {}
RESULT: {}
COMMAND: GET /session/cd477e99f4e247ef02c326ac6df7445e/screenshot - {}
RESULT: {}
COMMAND: POST /session/cd477e99f4e247ef02c326ac6df7445e/element - {"using":"xpath","value":"//table[contains(@id, \"massStateChangeTable-listUl\")]/tbody/tr[1]/td[11]/div/div/div/div[2]/span"}
RESULT: {"using":"xpath","value":"//table[contains(@id, \"massStateChangeTable-listUl\")]/tbody/tr[1]/td[11]/div/div/div/div[2]/span"}
COMMAND: POST /session/cd477e99f4e247ef02c326ac6df7445e/element/f.375AD1BF2998C782D6149A43C57C8E27.d.264122AD89A353D722062031C2ABB0D5.e.22162/click - {}
RESULT: {}
COMMAND: GET /session/cd477e99f4e247ef02c326ac6df7445e/screenshot - {}
RESULT: {}
COMMAND: POST /session/cd477e99f4e247ef02c326ac6df7445e/element - {"using":"xpath","value":"//table[contains(@id, \"massStateChangeTable-listUl\")]/tbody/tr[1]/td[11]/div/div/div/div[2]/span"}
RESULT: {"using":"xpath","value":"//table[contains(@id, \"massStateChangeTable-listUl\")]/tbody/tr[1]/td[11]/div/div/div/div[2]/span"}
COMMAND: POST /session/cd477e99f4e247ef02c326ac6df7445e/element/f.375AD1BF2998C782D6149A43C57C8E27.d.264122AD89A353D722062031C2ABB0D5.e.22162/click - {}
RESULT: {}
COMMAND: GET /session/cd477e99f4e247ef02c326ac6df7445e/screenshot - {}
RESULT: {}
COMMAND: POST /session/cd477e99f4e247ef02c326ac6df7445e/element - {"using":"xpath","value":"//table[contains(@id, \"massStateChangeTable-listUl\")]/tbody/tr[1]/td[11]/div/div/div/div[2]/span"}
RESULT: {"using":"xpath","value":"//table[contains(@id, \"massStateChangeTable-listUl\")]/tbody/tr[1]/td[11]/div/div/div/div[2]/span"}
COMMAND: POST /session/cd477e99f4e247ef02c326ac6df7445e/element/f.375AD1BF2998C782D6149A43C57C8E27.d.264122AD89A353D722062031C2ABB0D5.e.22162/click - {}
RESULT: {}
COMMAND: GET /session/cd477e99f4e247ef02c326ac6df7445e/screenshot - {}
RESULT: {}
COMMAND: POST /session/cd477e99f4e247ef02c326ac6df7445e/element - {"using":"xpath","value":"//table[contains(@id, \"massStateChangeTable-listUl\")]/tbody/tr[1]/td[11]/div/div/div/div[2]/span"}
RESULT: {"using":"xpath","value":"//table[contains(@id, \"massStateChangeTable-listUl\")]/tbody/tr[1]/td[11]/div/div/div/div[2]/span"}
COMMAND: POST /session/cd477e99f4e247ef02c326ac6df7445e/element/f.375AD1BF2998C782D6149A43C57C8E27.d.264122AD89A353D722062031C2ABB0D5.e.22162/click - {}
RESULT: {}
COMMAND: GET /session/cd477e99f4e247ef02c326ac6df7445e/screenshot - {}
RESULT: {}
COMMAND: POST /session/cd477e99f4e247ef02c326ac6df7445e/element - {"using":"xpath","value":"//table[contains(@id, \"massStateChangeTable-listUl\")]/tbody/tr[1]/td[11]/div/div/div/div[2]/span"}
RESULT: {"using":"xpath","value":"//table[contains(@id, \"massStateChangeTable-listUl\")]/tbody/tr[1]/td[11]/div/div/div/div[2]/span"}
COMMAND: POST /session/cd477e99f4e247ef02c326ac6df7445e/element/f.375AD1BF2998C782D6149A43C57C8E27.d.264122AD89A353D722062031C2ABB0D5.e.22162/click - {}
RESULT: {}
COMMAND: GET /session/cd477e99f4e247ef02c326ac6df7445e/screenshot - {}
RESULT: {}
COMMAND: POST /session/cd477e99f4e247ef02c326ac6df7445e/element - {"using":"xpath","value":"//table[contains(@id, \"massStateChangeTable-listUl\")]/tbody/tr[1]/td[11]/div/div/div/div[2]/span"}
RESULT: {"using":"xpath","value":"//table[contains(@id, \"massStateChangeTable-listUl\")]/tbody/tr[1]/td[11]/div/div/div/div[2]/span"}
COMMAND: POST /session/cd477e99f4e247ef02c326ac6df7445e/element/f.375AD1BF2998C782D6149A43C57C8E27.d.264122AD89A353D722062031C2ABB0D5.e.22162/click - {}
RESULT: {}
COMMAND: GET /session/cd477e99f4e247ef02c326ac6df7445e/screenshot - {}
RESULT: {}
COMMAND: POST /session/cd477e99f4e247ef02c326ac6df7445e/element - {"using":"xpath","value":"//table[contains(@id, \"massStateChangeTable-listUl\")]/tbody/tr[1]/td[11]/div/div/div/div[2]/span"}
RESULT: {"using":"xpath","value":"//table[contains(@id, \"massStateChangeTable-listUl\")]/tbody/tr[1]/td[11]/div/div/div/div[2]/span"}
COMMAND: POST /session/cd477e99f4e247ef02c326ac6df7445e/element/f.375AD1BF2998C782D6149A43C57C8E27.d.264122AD89A353D722062031C2ABB0D5.e.22162/click - {}
RESULT: {}
COMMAND: GET /session/cd477e99f4e247ef02c326ac6df7445e/screenshot - {}
RESULT: {}
COMMAND: POST /session/cd477e99f4e247ef02c326ac6df7445e/element - {"using":"xpath","value":"//table[contains(@id, \"massStateChangeTable-listUl\")]/tbody/tr[1]/td[11]/div/div/div/div[2]/span"}
RESULT: {"using":"xpath","value":"//table[contains(@id, \"massStateChangeTable-listUl\")]/tbody/tr[1]/td[11]/div/div/div/div[2]/span"}
COMMAND: POST /session/cd477e99f4e247ef02c326ac6df7445e/element/f.375AD1BF2998C782D6149A43C57C8E27.d.264122AD89A353D722062031C2ABB0D5.e.22162/click - {}
RESULT: {}
COMMAND: GET /session/cd477e99f4e247ef02c326ac6df7445e/screenshot - {}
RESULT: {}
COMMAND: POST /session/cd477e99f4e247ef02c326ac6df7445e/element - {"using":"xpath","value":"//table[contains(@id, \"massStateChangeTable-listUl\")]/tbody/tr[1]/td[11]/div/div/div/div[2]/span"}
RESULT: {"using":"xpath","value":"//table[contains(@id, \"massStateChangeTable-listUl\")]/tbody/tr[1]/td[11]/div/div/div/div[2]/span"}
COMMAND: POST /session/cd477e99f4e247ef02c326ac6df7445e/element/f.375AD1BF2998C782D6149A43C57C8E27.d.264122AD89A353D722062031C2ABB0D5.e.22162/click - {}
RESULT: {}
COMMAND: GET /session/cd477e99f4e247ef02c326ac6df7445e/screenshot - {}
RESULT: {}
COMMAND: POST /session/cd477e99f4e247ef02c326ac6df7445e/element - {"using":"xpath","value":"//table[contains(@id, \"massStateChangeTable-listUl\")]/tbody/tr[1]/td[11]/div/div/div/div[2]/span"}
RESULT: {"using":"xpath","value":"//table[contains(@id, \"massStateChangeTable-listUl\")]/tbody/tr[1]/td[11]/div/div/div/div[2]/span"}
COMMAND: POST /session/cd477e99f4e247ef02c326ac6df7445e/element/f.375AD1BF2998C782D6149A43C57C8E27.d.264122AD89A353D722062031C2ABB0D5.e.22162/click - {}
RESULT: {}
COMMAND: GET /session/cd477e99f4e247ef02c326ac6df7445e/screenshot - {}
RESULT: {}
COMMAND: POST /session/cd477e99f4e247ef02c326ac6df7445e/element - {"using":"xpath","value":"//table[contains(@id, \"massStateChangeTable-listUl\")]/tbody/tr[1]/td[11]/div/div/div/div[2]/span"}
RESULT: {"using":"xpath","value":"//table[contains(@id, \"massStateChangeTable-listUl\")]/tbody/tr[1]/td[11]/div/div/div/div[2]/span"}
COMMAND: POST /session/cd477e99f4e247ef02c326ac6df7445e/element/f.375AD1BF2998C782D6149A43C57C8E27.d.264122AD89A353D722062031C2ABB0D5.e.22162/click - {}
RESULT: {}
COMMAND: GET /session/cd477e99f4e247ef02c326ac6df7445e/screenshot - {}
RESULT: {}
COMMAND: POST /session/cd477e99f4e247ef02c326ac6df7445e/element - {"using":"xpath","value":"//table[contains(@id, \"massStateChangeTable-listUl\")]/tbody/tr[1]/td[11]/div/div/div/div[2]/span"}
RESULT: {"using":"xpath","value":"//table[contains(@id, \"massStateChangeTable-listUl\")]/tbody/tr[1]/td[11]/div/div/div/div[2]/span"}
COMMAND: POST /session/cd477e99f4e247ef02c326ac6df7445e/element/f.375AD1BF2998C782D6149A43C57C8E27.d.264122AD89A353D722062031C2ABB0D5.e.22162/click - {}
RESULT: {}
COMMAND: GET /session/cd477e99f4e247ef02c326ac6df7445e/screenshot - {}
RESULT: {}
COMMAND: POST /session/cd477e99f4e247ef02c326ac6df7445e/element - {"using":"xpath","value":"//table[contains(@id, \"massStateChangeTable-listUl\")]/tbody/tr[1]/td[11]/div/div/div/div[2]/span"}
RESULT: {"using":"xpath","value":"//table[contains(@id, \"massStateChangeTable-listUl\")]/tbody/tr[1]/td[11]/div/div/div/div[2]/span"}
COMMAND: POST /session/cd477e99f4e247ef02c326ac6df7445e/element/f.375AD1BF2998C782D6149A43C57C8E27.d.264122AD89A353D722062031C2ABB0D5.e.22162/click - {}
RESULT: {}
COMMAND: GET /session/cd477e99f4e247ef02c326ac6df7445e/screenshot - {}
RESULT: {}
COMMAND: POST /session/cd477e99f4e247ef02c326ac6df7445e/element - {"using":"xpath","value":"//table[contains(@id, \"massStateChangeTable-listUl\")]/tbody/tr[1]/td[11]/div/div/div/div[2]/span"}
RESULT: {"using":"xpath","value":"//table[contains(@id, \"massStateChangeTable-listUl\")]/tbody/tr[1]/td[11]/div/div/div/div[2]/span"}
COMMAND: POST /session/cd477e99f4e247ef02c326ac6df7445e/element/f.375AD1BF2998C782D6149A43C57C8E27.d.264122AD89A353D722062031C2ABB0D5.e.22162/click - {}
RESULT: {}
COMMAND: GET /session/cd477e99f4e247ef02c326ac6df7445e/screenshot - {}
RESULT: {}
COMMAND: POST /session/cd477e99f4e247ef02c326ac6df7445e/element - {"using":"xpath","value":"//table[contains(@id, \"massStateChangeTable-listUl\")]/tbody/tr[1]/td[11]/div/div/div/div[2]/span"}
RESULT: {"using":"xpath","value":"//table[contains(@id, \"massStateChangeTable-listUl\")]/tbody/tr[1]/td[11]/div/div/div/div[2]/span"}
COMMAND: POST /session/cd477e99f4e247ef02c326ac6df7445e/element/f.375AD1BF2998C782D6149A43C57C8E27.d.264122AD89A353D722062031C2ABB0D5.e.22162/click - {}
RESULT: {}
COMMAND: GET /session/cd477e99f4e247ef02c326ac6df7445e/screenshot - {}
RESULT: {}
COMMAND: POST /session/cd477e99f4e247ef02c326ac6df7445e/element - {"using":"xpath","value":"//table[contains(@id, \"massStateChangeTable-listUl\")]/tbody/tr[1]/td[11]/div/div/div/div[2]/span"}
RESULT: {"using":"xpath","value":"//table[contains(@id, \"massStateChangeTable-listUl\")]/tbody/tr[1]/td[11]/div/div/div/div[2]/span"}
COMMAND: POST /session/cd477e99f4e247ef02c326ac6df7445e/element/f.375AD1BF2998C782D6149A43C57C8E27.d.264122AD89A353D722062031C2ABB0D5.e.22162/click - {}
RESULT: {}
COMMAND: GET /session/cd477e99f4e247ef02c326ac6df7445e/screenshot - {}
RESULT: {}
COMMAND: POST /session/cd477e99f4e247ef02c326ac6df7445e/element - {"using":"xpath","value":"//table[contains(@id, \"massStateChangeTable-listUl\")]/tbody/tr[1]/td[11]/div/div/div/div[2]/span"}
RESULT: {"using":"xpath","value":"//table[contains(@id, \"massStateChangeTable-listUl\")]/tbody/tr[1]/td[11]/div/div/div/div[2]/span"}
COMMAND: POST /session/cd477e99f4e247ef02c326ac6df7445e/element/f.375AD1BF2998C782D6149A43C57C8E27.d.264122AD89A353D722062031C2ABB0D5.e.22162/click - {}
RESULT: {}
COMMAND: GET /session/cd477e99f4e247ef02c326ac6df7445e/screenshot - {}
RESULT: {}
COMMAND: POST /session/cd477e99f4e247ef02c326ac6df7445e/element - {"using":"xpath","value":"//table[contains(@id, \"massStateChangeTable-listUl\")]/tbody/tr[1]/td[11]/div/div/div/div[2]/span"}
RESULT: {"using":"xpath","value":"//table[contains(@id, \"massStateChangeTable-listUl\")]/tbody/tr[1]/td[11]/div/div/div/div[2]/span"}
COMMAND: POST /session/cd477e99f4e247ef02c326ac6df7445e/element/f.375AD1BF2998C782D6149A43C57C8E27.d.264122AD89A353D722062031C2ABB0D5.e.22162/click - {}
RESULT: {}
COMMAND: GET /session/cd477e99f4e247ef02c326ac6df7445e/screenshot - {}
RESULT: {}
COMMAND: POST /session/cd477e99f4e247ef02c326ac6df7445e/element - {"using":"xpath","value":"//table[contains(@id, \"massStateChangeTable-listUl\")]/tbody/tr[1]/td[11]/div/div/div/div[2]/span"}
RESULT: {"using":"xpath","value":"//table[contains(@id, \"massStateChangeTable-listUl\")]/tbody/tr[1]/td[11]/div/div/div/div[2]/span"}
COMMAND: POST /session/cd477e99f4e247ef02c326ac6df7445e/element/f.375AD1BF2998C782D6149A43C57C8E27.d.264122AD89A353D722062031C2ABB0D5.e.22162/click - {}
RESULT: {}
COMMAND: GET /session/cd477e99f4e247ef02c326ac6df7445e/screenshot - {}
RESULT: {}
COMMAND: POST /session/cd477e99f4e247ef02c326ac6df7445e/element - {"using":"xpath","value":"//table[contains(@id, \"massStateChangeTable-listUl\")]/tbody/tr[1]/td[11]/div/div/div/div[2]/span"}
RESULT: {"using":"xpath","value":"//table[contains(@id, \"massStateChangeTable-listUl\")]/tbody/tr[1]/td[11]/div/div/div/div[2]/span"}
COMMAND: POST /session/cd477e99f4e247ef02c326ac6df7445e/element/f.375AD1BF2998C782D6149A43C57C8E27.d.264122AD89A353D722062031C2ABB0D5.e.22162/click - {}
RESULT: {}
COMMAND: GET /session/cd477e99f4e247ef02c326ac6df7445e/screenshot - {}
RESULT: {}
COMMAND: POST /session/cd477e99f4e247ef02c326ac6df7445e/element - {"using":"xpath","value":"//table[contains(@id, \"massStateChangeTable-listUl\")]/tbody/tr[1]/td[11]/div/div/div/div[2]/span"}
RESULT: {"using":"xpath","value":"//table[contains(@id, \"massStateChangeTable-listUl\")]/tbody/tr[1]/td[11]/div/div/div/div[2]/span"}
COMMAND: POST /session/cd477e99f4e247ef02c326ac6df7445e/element/f.375AD1BF2998C782D6149A43C57C8E27.d.264122AD89A353D722062031C2ABB0D5.e.22162/click - {}
RESULT: {}
COMMAND: GET /session/cd477e99f4e247ef02c326ac6df7445e/screenshot - {}
RESULT: {}
COMMAND: POST /session/cd477e99f4e247ef02c326ac6df7445e/element - {"using":"xpath","value":"//table[contains(@id, \"massStateChangeTable-listUl\")]/tbody/tr[1]/td[11]/div/div/div/div[2]/span"}
RESULT: {"using":"xpath","value":"//table[contains(@id, \"massStateChangeTable-listUl\")]/tbody/tr[1]/td[11]/div/div/div/div[2]/span"}
COMMAND: POST /session/cd477e99f4e247ef02c326ac6df7445e/element/f.375AD1BF2998C782D6149A43C57C8E27.d.264122AD89A353D722062031C2ABB0D5.e.22162/click - {}
RESULT: {}
COMMAND: GET /session/cd477e99f4e247ef02c326ac6df7445e/screenshot - {}
RESULT: {}
COMMAND: POST /session/cd477e99f4e247ef02c326ac6df7445e/element - {"using":"xpath","value":"//table[contains(@id, \"massStateChangeTable-listUl\")]/tbody/tr[1]/td[11]/div/div/div/div[2]/span"}
RESULT: {"using":"xpath","value":"//table[contains(@id, \"massStateChangeTable-listUl\")]/tbody/tr[1]/td[11]/div/div/div/div[2]/span"}
COMMAND: POST /session/cd477e99f4e247ef02c326ac6df7445e/element/f.375AD1BF2998C782D6149A43C57C8E27.d.264122AD89A353D722062031C2ABB0D5.e.22162/click - {}
RESULT: {}
COMMAND: GET /session/cd477e99f4e247ef02c326ac6df7445e/screenshot - {}
RESULT: {}
COMMAND: POST /session/cd477e99f4e247ef02c326ac6df7445e/element - {"using":"xpath","value":"//table[contains(@id, \"massStateChangeTable-listUl\")]/tbody/tr[1]/td[11]/div/div/div/div[2]/span"}
RESULT: {"using":"xpath","value":"//table[contains(@id, \"massStateChangeTable-listUl\")]/tbody/tr[1]/td[11]/div/div/div/div[2]/span"}
COMMAND: POST /session/cd477e99f4e247ef02c326ac6df7445e/element/f.375AD1BF2998C782D6149A43C57C8E27.d.264122AD89A353D722062031C2ABB0D5.e.22162/click - {}
RESULT: {}
COMMAND: GET /session/cd477e99f4e247ef02c326ac6df7445e/screenshot - {}
RESULT: {}
COMMAND: POST /session/cd477e99f4e247ef02c326ac6df7445e/element - {"using":"xpath","value":"//table[contains(@id, \"massStateChangeTable-listUl\")]/tbody/tr[1]/td[11]/div/div/div/div[2]/span"}
RESULT: {"using":"xpath","value":"//table[contains(@id, \"massStateChangeTable-listUl\")]/tbody/tr[1]/td[11]/div/div/div/div[2]/span"}
COMMAND: POST /session/cd477e99f4e247ef02c326ac6df7445e/element/f.375AD1BF2998C782D6149A43C57C8E27.d.264122AD89A353D722062031C2ABB0D5.e.22162/click - {}
RESULT: {}
COMMAND: GET /session/cd477e99f4e247ef02c326ac6df7445e/screenshot - {}
RESULT: {}
COMMAND: POST /session/cd477e99f4e247ef02c326ac6df7445e/element - {"using":"xpath","value":"//table[contains(@id, \"massStateChangeTable-listUl\")]/tbody/tr[1]/td[11]/div/div/div/div[2]/span"}
RESULT: {"using":"xpath","value":"//table[contains(@id, \"massStateChangeTable-listUl\")]/tbody/tr[1]/td[11]/div/div/div/div[2]/span"}
COMMAND: POST /session/cd477e99f4e247ef02c326ac6df7445e/element/f.375AD1BF2998C782D6149A43C57C8E27.d.264122AD89A353D722062031C2ABB0D5.e.22162/click - {}
RESULT: {}
COMMAND: GET /session/cd477e99f4e247ef02c326ac6df7445e/screenshot - {}
RESULT: {}
COMMAND: POST /session/cd477e99f4e247ef02c326ac6df7445e/element - {"using":"xpath","value":"//table[contains(@id, \"massStateChangeTable-listUl\")]/tbody/tr[1]/td[11]/div/div/div/div[2]/span"}
RESULT: {"using":"xpath","value":"//table[contains(@id, \"massStateChangeTable-listUl\")]/tbody/tr[1]/td[11]/div/div/div/div[2]/span"}
COMMAND: POST /session/cd477e99f4e247ef02c326ac6df7445e/element/f.375AD1BF2998C782D6149A43C57C8E27.d.264122AD89A353D722062031C2ABB0D5.e.22162/click - {}
RESULT: {}
COMMAND: GET /session/cd477e99f4e247ef02c326ac6df7445e/screenshot - {}
RESULT: {}
COMMAND: POST /session/cd477e99f4e247ef02c326ac6df7445e/element - {"using":"xpath","value":"//table[contains(@id, \"massStateChangeTable-listUl\")]/tbody/tr[1]/td[11]/div/div/div/div[2]/span"}
RESULT: {"using":"xpath","value":"//table[contains(@id, \"massStateChangeTable-listUl\")]/tbody/tr[1]/td[11]/div/div/div/div[2]/span"}
COMMAND: POST /session/cd477e99f4e247ef02c326ac6df7445e/element/f.375AD1BF2998C782D6149A43C57C8E27.d.264122AD89A353D722062031C2ABB0D5.e.22162/click - {}
RESULT: {}
COMMAND: GET /session/cd477e99f4e247ef02c326ac6df7445e/screenshot - {}
RESULT: {}
COMMAND: POST /session/cd477e99f4e247ef02c326ac6df7445e/element - {"using":"xpath","value":"//table[contains(@id, \"massStateChangeTable-listUl\")]/tbody/tr[1]/td[11]/div/div/div/div[2]/span"}
RESULT: {"using":"xpath","value":"//table[contains(@id, \"massStateChangeTable-listUl\")]/tbody/tr[1]/td[11]/div/div/div/div[2]/span"}
COMMAND: POST /session/cd477e99f4e247ef02c326ac6df7445e/element/f.375AD1BF2998C782D6149A43C57C8E27.d.264122AD89A353D722062031C2ABB0D5.e.22162/click - {}
RESULT: {}
COMMAND: GET /session/cd477e99f4e247ef02c326ac6df7445e/screenshot - {}
RESULT: {}
COMMAND: POST /session/cd477e99f4e247ef02c326ac6df7445e/element - {"using":"xpath","value":"//table[contains(@id, \"massStateChangeTable-listUl\")]/tbody/tr[1]/td[11]/div/div/div/div[2]/span"}
RESULT: {"using":"xpath","value":"//table[contains(@id, \"massStateChangeTable-listUl\")]/tbody/tr[1]/td[11]/div/div/div/div[2]/span"}
COMMAND: POST /session/cd477e99f4e247ef02c326ac6df7445e/element/f.375AD1BF2998C782D6149A43C57C8E27.d.264122AD89A353D722062031C2ABB0D5.e.22162/click - {}
RESULT: {}
COMMAND: GET /session/cd477e99f4e247ef02c326ac6df7445e/screenshot - {}
RESULT: {}
COMMAND: POST /session/cd477e99f4e247ef02c326ac6df7445e/element - {"using":"xpath","value":"//table[contains(@id, \"massStateChangeTable-listUl\")]/tbody/tr[1]/td[11]/div/div/div/div[2]/span"}
RESULT: {"using":"xpath","value":"//table[contains(@id, \"massStateChangeTable-listUl\")]/tbody/tr[1]/td[11]/div/div/div/div[2]/span"}
COMMAND: POST /session/cd477e99f4e247ef02c326ac6df7445e/element/f.375AD1BF2998C782D6149A43C57C8E27.d.264122AD89A353D722062031C2ABB0D5.e.22162/click - {}
RESULT: {}
COMMAND: GET /session/cd477e99f4e247ef02c326ac6df7445e/screenshot - {}
RESULT: {}
COMMAND: POST /session/cd477e99f4e247ef02c326ac6df7445e/element - {"using":"xpath","value":"//table[contains(@id, \"massStateChangeTable-listUl\")]/tbody/tr[2]/td[11]/div/div/div/div[2]/span"}
RESULT: {"using":"xpath","value":"//table[contains(@id, \"massStateChangeTable-listUl\")]/tbody/tr[2]/td[11]/div/div/div/div[2]/span"}
COMMAND: POST /session/cd477e99f4e247ef02c326ac6df7445e/element/f.375AD1BF2998C782D6149A43C57C8E27.d.264122AD89A353D722062031C2ABB0D5.e.22163/click - {}
RESULT: {}
COMMAND: GET /session/cd477e99f4e247ef02c326ac6df7445e/screenshot - {}
RESULT: {}
COMMAND: POST /session/cd477e99f4e247ef02c326ac6df7445e/element - {"using":"xpath","value":"//table[contains(@id, \"massStateChangeTable-listUl\")]/tbody/tr[1]/td[11]/div/div/div/input"}
RESULT: {"using":"xpath","value":"//table[contains(@id, \"massStateChangeTable-listUl\")]/tbody/tr[1]/td[11]/div/div/div/input"}
COMMAND: GET /session/cd477e99f4e247ef02c326ac6df7445e/element/f.375AD1BF2998C782D6149A43C57C8E27.d.264122AD89A353D722062031C2ABB0D5.e.22142/property/value - {}
RESULT: {}
COMMAND: POST /session/cd477e99f4e247ef02c326ac6df7445e/element - {"using":"xpath","value":"//table[contains(@id, \"massStateChangeTable-listUl\")]/tbody/tr[2]/td[11]/div/div/div/input"}
COMMAND: GET /session/cd477e99f4e247ef02c326ac6df7445e/screenshot - {}
RESULT: {"using":"xpath","value":"//table[contains(@id, \"massStateChangeTable-listUl\")]/tbody/tr[2]/td[11]/div/div/div/input"}
COMMAND: GET /session/cd477e99f4e247ef02c326ac6df7445e/element/f.375AD1BF2998C782D6149A43C57C8E27.d.264122AD89A353D722062031C2ABB0D5.e.22146/property/value - {}
RESULT: {}
RESULT: {}
COMMAND: POST /session/cd477e99f4e247ef02c326ac6df7445e/element - {"using":"xpath","value":"(//bdi[contains(text(), \"OK\")])[1]"}
COMMAND: GET /session/cd477e99f4e247ef02c326ac6df7445e/screenshot - {}
RESULT: {"using":"xpath","value":"(//bdi[contains(text(), \"OK\")])[1]"}
COMMAND: POST /session/cd477e99f4e247ef02c326ac6df7445e/element/f.375AD1BF2998C782D6149A43C57C8E27.d.264122AD89A353D722062031C2ABB0D5.e.22149/click - {}
RESULT: {}
RESULT: {}
COMMAND: GET /session/cd477e99f4e247ef02c326ac6df7445e/screenshot - {}
RESULT: {}
COMMAND: POST /session/cd477e99f4e247ef02c326ac6df7445e/element - {"using":"xpath","value":"(//bdi[contains(text(), \"OK\")])[2]"}
RESULT: {"using":"xpath","value":"(//bdi[contains(text(), \"OK\")])[2]"}
COMMAND: POST /session/cd477e99f4e247ef02c326ac6df7445e/element/f.375AD1BF2998C782D6149A43C57C8E27.d.264122AD89A353D722062031C2ABB0D5.e.22166/click - {}
RESULT: {}
COMMAND: GET /session/cd477e99f4e247ef02c326ac6df7445e/screenshot - {}
RESULT: {}
RESULT: undefined
COMMAND: POST /session/cd477e99f4e247ef02c326ac6df7445e/execute/async - {"script":"<script> [776 bytes]","args":[{"enterText":"600002","selector":{"id":"application-ruinventorylist-display-component---Master--smartFilterBar-btnBasicSearch","interaction":{"idSuffix":"I"}},"clearTextFirst":true,"interactionType":"ENTER_TEXT"}]}
RESULT: {"script":"<script> [776 bytes]","args":[{"enterText":"600002","selector":{"id":"application-ruinventorylist-display-component---Master--smartFilterBar-btnBasicSearch","interaction":{"idSuffix":"I"}},"clearTextFirst":true,"interactionType":"ENTER_TEXT"}]}
COMMAND: POST /session/cd477e99f4e247ef02c326ac6df7445e/actions - {"actions":[{"id":"action58","type":"key","parameters":{},"actions":[{"type":"keyDown","value":"î€‡"},{"type":"pause","duration":10},{"type":"keyUp","value":"î€‡"}]}]}
RESULT: {"actions":[{"id":"action58","type":"key","parameters":{},"actions":[{"type":"keyDown","value":"î€‡"},{"type":"pause","duration":10},{"type":"keyUp","value":"î€‡"}]}]}
COMMAND: GET /session/cd477e99f4e247ef02c326ac6df7445e/screenshot - {}
RESULT: {}
COMMAND: POST /session/cd477e99f4e247ef02c326ac6df7445e/element - {"using":"xpath","value":"//span[@id=\"application-ruinventorylist-display-component---Master--smartTableRuInventoryList-header-inner\"]"}
RESULT: {"using":"xpath","value":"//span[@id=\"application-ruinventorylist-display-component---Master--smartTableRuInventoryList-header-inner\"]"}
COMMAND: POST /session/cd477e99f4e247ef02c326ac6df7445e/elements - {"using":"xpath","value":"//span[@id=\"application-ruinventorylist-display-component---Master--smartTableRuInventoryList-header-inner\"]"}
RESULT: {"using":"xpath","value":"//span[@id=\"application-ruinventorylist-display-component---Master--smartTableRuInventoryList-header-inner\"]"}
COMMAND: POST /session/cd477e99f4e247ef02c326ac6df7445e/execute/sync - {"script":"<script> [56 bytes]","args":[{"element-6066-11e4-a52e-4f735466cecf":"f.375AD1BF2998C782D6149A43C57C8E27.d.264122AD89A353D722062031C2ABB0D5.e.21768","ELEMENT":"f.375AD1BF2998C782D6149A43C57C8E27.d.264122AD89A353D722062031C2ABB0D5.e.21768"}]}
RESULT: {"script":"<script> [56 bytes]","args":[{"element-6066-11e4-a52e-4f735466cecf":"f.375AD1BF2998C782D6149A43C57C8E27.d.264122AD89A353D722062031C2ABB0D5.e.21768","ELEMENT":"f.375AD1BF2998C782D6149A43C57C8E27.d.264122AD89A353D722062031C2ABB0D5.e.21768"}]}
COMMAND: POST /session/cd477e99f4e247ef02c326ac6df7445e/element - {"using":"xpath","value":"//table[contains(@id, \"application-ruinventorylist-display-component---Master--tableRuInventoryList-listUl\")]/tbody/tr[1]/td[6]/div/span"}
COMMAND: GET /session/cd477e99f4e247ef02c326ac6df7445e/screenshot - {}
RESULT: {"using":"xpath","value":"//table[contains(@id, \"application-ruinventorylist-display-component---Master--tableRuInventoryList-listUl\")]/tbody/tr[1]/td[6]/div/span"}
COMMAND: POST /session/cd477e99f4e247ef02c326ac6df7445e/execute/sync - {"script":"<script> [56 bytes]","args":[{"element-6066-11e4-a52e-4f735466cecf":"f.375AD1BF2998C782D6149A43C57C8E27.d.264122AD89A353D722062031C2ABB0D5.e.22185","ELEMENT":"f.375AD1BF2998C782D6149A43C57C8E27.d.264122AD89A353D722062031C2ABB0D5.e.22185"}]}
RESULT: {}
RESULT: {"script":"<script> [56 bytes]","args":[{"element-6066-11e4-a52e-4f735466cecf":"f.375AD1BF2998C782D6149A43C57C8E27.d.264122AD89A353D722062031C2ABB0D5.e.22185","ELEMENT":"f.375AD1BF2998C782D6149A43C57C8E27.d.264122AD89A353D722062031C2ABB0D5.e.22185"}]}
COMMAND: POST /session/cd477e99f4e247ef02c326ac6df7445e/element - {"using":"xpath","value":"//div[contains(@id, \"smartFilterBar-btnBasicSearch-reset\")]"}
COMMAND: GET /session/cd477e99f4e247ef02c326ac6df7445e/screenshot - {}
RESULT: {"using":"xpath","value":"//div[contains(@id, \"smartFilterBar-btnBasicSearch-reset\")]"}
COMMAND: POST /session/cd477e99f4e247ef02c326ac6df7445e/element/f.375AD1BF2998C782D6149A43C57C8E27.d.264122AD89A353D722062031C2ABB0D5.e.21784/click - {}
RESULT: {}
RESULT: {}
COMMAND: GET /session/cd477e99f4e247ef02c326ac6df7445e/screenshot - {}
RESULT: {}
RESULT: undefined
COMMAND: POST /session/cd477e99f4e247ef02c326ac6df7445e/execute/async - {"script":"<script> [776 bytes]","args":[{"enterText":"401002","selector":{"id":"application-ruinventorylist-display-component---Master--smartFilterBar-btnBasicSearch","interaction":{"idSuffix":"I"}},"clearTextFirst":true,"interactionType":"ENTER_TEXT"}]}
RESULT: {"script":"<script> [776 bytes]","args":[{"enterText":"401002","selector":{"id":"application-ruinventorylist-display-component---Master--smartFilterBar-btnBasicSearch","interaction":{"idSuffix":"I"}},"clearTextFirst":true,"interactionType":"ENTER_TEXT"}]}
COMMAND: POST /session/cd477e99f4e247ef02c326ac6df7445e/actions - {"actions":[{"id":"action59","type":"key","parameters":{},"actions":[{"type":"keyDown","value":"î€‡"},{"type":"pause","duration":10},{"type":"keyUp","value":"î€‡"}]}]}
RESULT: {"actions":[{"id":"action59","type":"key","parameters":{},"actions":[{"type":"keyDown","value":"î€‡"},{"type":"pause","duration":10},{"type":"keyUp","value":"î€‡"}]}]}
COMMAND: GET /session/cd477e99f4e247ef02c326ac6df7445e/screenshot - {}
RESULT: {}
COMMAND: POST /session/cd477e99f4e247ef02c326ac6df7445e/element - {"using":"xpath","value":"//span[@id=\"application-ruinventorylist-display-component---Master--smartTableRuInventoryList-header-inner\"]"}
RESULT: {"using":"xpath","value":"//span[@id=\"application-ruinventorylist-display-component---Master--smartTableRuInventoryList-header-inner\"]"}
COMMAND: POST /session/cd477e99f4e247ef02c326ac6df7445e/elements - {"using":"xpath","value":"//span[@id=\"application-ruinventorylist-display-component---Master--smartTableRuInventoryList-header-inner\"]"}
RESULT: {"using":"xpath","value":"//span[@id=\"application-ruinventorylist-display-component---Master--smartTableRuInventoryList-header-inner\"]"}
COMMAND: POST /session/cd477e99f4e247ef02c326ac6df7445e/execute/sync - {"script":"<script> [56 bytes]","args":[{"element-6066-11e4-a52e-4f735466cecf":"f.375AD1BF2998C782D6149A43C57C8E27.d.264122AD89A353D722062031C2ABB0D5.e.21768","ELEMENT":"f.375AD1BF2998C782D6149A43C57C8E27.d.264122AD89A353D722062031C2ABB0D5.e.21768"}]}
RESULT: {"script":"<script> [56 bytes]","args":[{"element-6066-11e4-a52e-4f735466cecf":"f.375AD1BF2998C782D6149A43C57C8E27.d.264122AD89A353D722062031C2ABB0D5.e.21768","ELEMENT":"f.375AD1BF2998C782D6149A43C57C8E27.d.264122AD89A353D722062031C2ABB0D5.e.21768"}]}
COMMAND: POST /session/cd477e99f4e247ef02c326ac6df7445e/element - {"using":"xpath","value":"//table[contains(@id, \"application-ruinventorylist-display-component---Master--tableRuInventoryList-listUl\")]/tbody/tr[1]/td[6]/div/span"}
COMMAND: GET /session/cd477e99f4e247ef02c326ac6df7445e/screenshot - {}
RESULT: {"using":"xpath","value":"//table[contains(@id, \"application-ruinventorylist-display-component---Master--tableRuInventoryList-listUl\")]/tbody/tr[1]/td[6]/div/span"}
COMMAND: POST /session/cd477e99f4e247ef02c326ac6df7445e/execute/sync - {"script":"<script> [56 bytes]","args":[{"element-6066-11e4-a52e-4f735466cecf":"f.375AD1BF2998C782D6149A43C57C8E27.d.264122AD89A353D722062031C2ABB0D5.e.22285","ELEMENT":"f.375AD1BF2998C782D6149A43C57C8E27.d.264122AD89A353D722062031C2ABB0D5.e.22285"}]}
RESULT: {}
RESULT: {"script":"<script> [56 bytes]","args":[{"element-6066-11e4-a52e-4f735466cecf":"f.375AD1BF2998C782D6149A43C57C8E27.d.264122AD89A353D722062031C2ABB0D5.e.22285","ELEMENT":"f.375AD1BF2998C782D6149A43C57C8E27.d.264122AD89A353D722062031C2ABB0D5.e.22285"}]}
COMMAND: POST /session/cd477e99f4e247ef02c326ac6df7445e/element - {"using":"xpath","value":"//div[contains(@id, \"smartFilterBar-btnBasicSearch-reset\")]"}
COMMAND: GET /session/cd477e99f4e247ef02c326ac6df7445e/screenshot - {}
RESULT: {"using":"xpath","value":"//div[contains(@id, \"smartFilterBar-btnBasicSearch-reset\")]"}
COMMAND: POST /session/cd477e99f4e247ef02c326ac6df7445e/element/f.375AD1BF2998C782D6149A43C57C8E27.d.264122AD89A353D722062031C2ABB0D5.e.21784/click - {}
RESULT: {}
RESULT: {}
COMMAND: GET /session/cd477e99f4e247ef02c326ac6df7445e/screenshot - {}
RESULT: {}
COMMAND: POST /session/cd477e99f4e247ef02c326ac6df7445e/element/f.375AD1BF2998C782D6149A43C57C8E27.d.264122AD89A353D722062031C2ABB0D5.e.21257/click - {}
RESULT: {}
COMMAND: GET /session/cd477e99f4e247ef02c326ac6df7445e/screenshot - {}
RESULT: {}
RESULT: undefined
COMMAND: POST /session/cd477e99f4e247ef02c326ac6df7445e/execute/async - {"script":"<script> [776 bytes]","args":[{"enterText":"600002","selector":{"id":"application-ruinventorylist-display-component---Master--smartFilterBar-btnBasicSearch","interaction":{"idSuffix":"I"}},"clearTextFirst":true,"interactionType":"ENTER_TEXT"}]}
RESULT: {"script":"<script> [776 bytes]","args":[{"enterText":"600002","selector":{"id":"application-ruinventorylist-display-component---Master--smartFilterBar-btnBasicSearch","interaction":{"idSuffix":"I"}},"clearTextFirst":true,"interactionType":"ENTER_TEXT"}]}
COMMAND: POST /session/cd477e99f4e247ef02c326ac6df7445e/actions - {"actions":[{"id":"action60","type":"key","parameters":{},"actions":[{"type":"keyDown","value":"î€‡"},{"type":"pause","duration":10},{"type":"keyUp","value":"î€‡"}]}]}
RESULT: {"actions":[{"id":"action60","type":"key","parameters":{},"actions":[{"type":"keyDown","value":"î€‡"},{"type":"pause","duration":10},{"type":"keyUp","value":"î€‡"}]}]}
COMMAND: GET /session/cd477e99f4e247ef02c326ac6df7445e/screenshot - {}
RESULT: {}
COMMAND: POST /session/cd477e99f4e247ef02c326ac6df7445e/element - {"using":"xpath","value":"//span[@id=\"application-ruinventorylist-display-component---Master--smartTableRuInventoryList-header-inner\"]"}
RESULT: {"using":"xpath","value":"//span[@id=\"application-ruinventorylist-display-component---Master--smartTableRuInventoryList-header-inner\"]"}
COMMAND: POST /session/cd477e99f4e247ef02c326ac6df7445e/elements - {"using":"xpath","value":"//span[@id=\"application-ruinventorylist-display-component---Master--smartTableRuInventoryList-header-inner\"]"}
RESULT: {"using":"xpath","value":"//span[@id=\"application-ruinventorylist-display-component---Master--smartTableRuInventoryList-header-inner\"]"}
COMMAND: POST /session/cd477e99f4e247ef02c326ac6df7445e/execute/sync - {"script":"<script> [56 bytes]","args":[{"element-6066-11e4-a52e-4f735466cecf":"f.375AD1BF2998C782D6149A43C57C8E27.d.264122AD89A353D722062031C2ABB0D5.e.21768","ELEMENT":"f.375AD1BF2998C782D6149A43C57C8E27.d.264122AD89A353D722062031C2ABB0D5.e.21768"}]}
RESULT: {"script":"<script> [56 bytes]","args":[{"element-6066-11e4-a52e-4f735466cecf":"f.375AD1BF2998C782D6149A43C57C8E27.d.264122AD89A353D722062031C2ABB0D5.e.21768","ELEMENT":"f.375AD1BF2998C782D6149A43C57C8E27.d.264122AD89A353D722062031C2ABB0D5.e.21768"}]}
COMMAND: POST /session/cd477e99f4e247ef02c326ac6df7445e/element - {"using":"xpath","value":"//table[contains(@id, \"application-ruinventorylist-display-component---Master--tableRuInventoryList-listUl\")]/tbody/tr[1]/td[2]/div/div"}
COMMAND: GET /session/cd477e99f4e247ef02c326ac6df7445e/screenshot - {}
RESULT: {"using":"xpath","value":"//table[contains(@id, \"application-ruinventorylist-display-component---Master--tableRuInventoryList-listUl\")]/tbody/tr[1]/td[2]/div/div"}
COMMAND: POST /session/cd477e99f4e247ef02c326ac6df7445e/element/f.375AD1BF2998C782D6149A43C57C8E27.d.264122AD89A353D722062031C2ABB0D5.e.22572/click - {}
RESULT: {}
RESULT: {}
COMMAND: GET /session/cd477e99f4e247ef02c326ac6df7445e/screenshot - {}
RESULT: {}
COMMAND: POST /session/cd477e99f4e247ef02c326ac6df7445e/element - {"using":"xpath","value":"//div[contains(@id, \"smartFilterBar-btnBasicSearch-reset\")]"}
RESULT: {"using":"xpath","value":"//div[contains(@id, \"smartFilterBar-btnBasicSearch-reset\")]"}
COMMAND: POST /session/cd477e99f4e247ef02c326ac6df7445e/element/f.375AD1BF2998C782D6149A43C57C8E27.d.264122AD89A353D722062031C2ABB0D5.e.21784/click - {}
RESULT: {}
COMMAND: GET /session/cd477e99f4e247ef02c326ac6df7445e/screenshot - {}
RESULT: {}
RESULT: undefined
COMMAND: POST /session/cd477e99f4e247ef02c326ac6df7445e/execute/async - {"script":"<script> [776 bytes]","args":[{"enterText":"401002","selector":{"id":"application-ruinventorylist-display-component---Master--smartFilterBar-btnBasicSearch","interaction":{"idSuffix":"I"}},"clearTextFirst":true,"interactionType":"ENTER_TEXT"}]}
RESULT: {"script":"<script> [776 bytes]","args":[{"enterText":"401002","selector":{"id":"application-ruinventorylist-display-component---Master--smartFilterBar-btnBasicSearch","interaction":{"idSuffix":"I"}},"clearTextFirst":true,"interactionType":"ENTER_TEXT"}]}
COMMAND: POST /session/cd477e99f4e247ef02c326ac6df7445e/actions - {"actions":[{"id":"action61","type":"key","parameters":{},"actions":[{"type":"keyDown","value":"î€‡"},{"type":"pause","duration":10},{"type":"keyUp","value":"î€‡"}]}]}
RESULT: {"actions":[{"id":"action61","type":"key","parameters":{},"actions":[{"type":"keyDown","value":"î€‡"},{"type":"pause","duration":10},{"type":"keyUp","value":"î€‡"}]}]}
COMMAND: GET /session/cd477e99f4e247ef02c326ac6df7445e/screenshot - {}
RESULT: {}
COMMAND: POST /session/cd477e99f4e247ef02c326ac6df7445e/element - {"using":"xpath","value":"//span[@id=\"application-ruinventorylist-display-component---Master--smartTableRuInventoryList-header-inner\"]"}
RESULT: {"using":"xpath","value":"//span[@id=\"application-ruinventorylist-display-component---Master--smartTableRuInventoryList-header-inner\"]"}
COMMAND: POST /session/cd477e99f4e247ef02c326ac6df7445e/elements - {"using":"xpath","value":"//span[@id=\"application-ruinventorylist-display-component---Master--smartTableRuInventoryList-header-inner\"]"}
RESULT: {"using":"xpath","value":"//span[@id=\"application-ruinventorylist-display-component---Master--smartTableRuInventoryList-header-inner\"]"}
COMMAND: POST /session/cd477e99f4e247ef02c326ac6df7445e/execute/sync - {"script":"<script> [56 bytes]","args":[{"element-6066-11e4-a52e-4f735466cecf":"f.375AD1BF2998C782D6149A43C57C8E27.d.264122AD89A353D722062031C2ABB0D5.e.21768","ELEMENT":"f.375AD1BF2998C782D6149A43C57C8E27.d.264122AD89A353D722062031C2ABB0D5.e.21768"}]}
RESULT: {"script":"<script> [56 bytes]","args":[{"element-6066-11e4-a52e-4f735466cecf":"f.375AD1BF2998C782D6149A43C57C8E27.d.264122AD89A353D722062031C2ABB0D5.e.21768","ELEMENT":"f.375AD1BF2998C782D6149A43C57C8E27.d.264122AD89A353D722062031C2ABB0D5.e.21768"}]}
COMMAND: POST /session/cd477e99f4e247ef02c326ac6df7445e/element - {"using":"xpath","value":"//table[contains(@id, \"application-ruinventorylist-display-component---Master--tableRuInventoryList-listUl\")]/tbody/tr[1]/td[2]/div/div"}
COMMAND: GET /session/cd477e99f4e247ef02c326ac6df7445e/screenshot - {}
RESULT: {"using":"xpath","value":"//table[contains(@id, \"application-ruinventorylist-display-component---Master--tableRuInventoryList-listUl\")]/tbody/tr[1]/td[2]/div/div"}
COMMAND: POST /session/cd477e99f4e247ef02c326ac6df7445e/element/f.375AD1BF2998C782D6149A43C57C8E27.d.264122AD89A353D722062031C2ABB0D5.e.22754/click - {}
RESULT: {}
RESULT: {}
COMMAND: GET /session/cd477e99f4e247ef02c326ac6df7445e/screenshot - {}
RESULT: {}
COMMAND: POST /session/cd477e99f4e247ef02c326ac6df7445e/element - {"using":"xpath","value":"//div[contains(@id, \"smartFilterBar-btnBasicSearch-reset\")]"}
RESULT: {"using":"xpath","value":"//div[contains(@id, \"smartFilterBar-btnBasicSearch-reset\")]"}
COMMAND: POST /session/cd477e99f4e247ef02c326ac6df7445e/element/f.375AD1BF2998C782D6149A43C57C8E27.d.264122AD89A353D722062031C2ABB0D5.e.21784/click - {}
RESULT: {}
COMMAND: GET /session/cd477e99f4e247ef02c326ac6df7445e/screenshot - {}
RESULT: {}
COMMAND: POST /session/cd477e99f4e247ef02c326ac6df7445e/element/f.375AD1BF2998C782D6149A43C57C8E27.d.264122AD89A353D722062031C2ABB0D5.e.21257/click - {}
RESULT: {}
COMMAND: GET /session/cd477e99f4e247ef02c326ac6df7445e/screenshot - {}
RESULT: {}
RESULT: undefined
COMMAND: POST /session/cd477e99f4e247ef02c326ac6df7445e/element - {"using":"xpath","value":"//*[@id=\"application-ruinventorylist-display-component---Master--ruStateTypes-arrow\"]"}
RESULT: {"using":"xpath","value":"//*[@id=\"application-ruinventorylist-display-component---Master--ruStateTypes-arrow\"]"}
COMMAND: POST /session/cd477e99f4e247ef02c326ac6df7445e/element/f.375AD1BF2998C782D6149A43C57C8E27.d.264122AD89A353D722062031C2ABB0D5.e.22950/click - {}
RESULT: {}
COMMAND: GET /session/cd477e99f4e247ef02c326ac6df7445e/screenshot - {}
RESULT: {}
COMMAND: POST /session/cd477e99f4e247ef02c326ac6df7445e/element - {"using":"xpath","value":"//li[.//span[text()=\"available\"]]"}
RESULT: {"using":"xpath","value":"//li[.//span[text()=\"available\"]]"}
COMMAND: POST /session/cd477e99f4e247ef02c326ac6df7445e/element/f.375AD1BF2998C782D6149A43C57C8E27.d.264122AD89A353D722062031C2ABB0D5.e.22951/click - {}
RESULT: {}
COMMAND: GET /session/cd477e99f4e247ef02c326ac6df7445e/screenshot - {}
RESULT: {}
COMMAND: POST /session/cd477e99f4e247ef02c326ac6df7445e/element - {"using":"xpath","value":"(//bdi[contains(text(), \"OK\")])[1]"}
RESULT: {"using":"xpath","value":"(//bdi[contains(text(), \"OK\")])[1]"}
COMMAND: POST /session/cd477e99f4e247ef02c326ac6df7445e/element/f.375AD1BF2998C782D6149A43C57C8E27.d.264122AD89A353D722062031C2ABB0D5.e.22952/click - {}
RESULT: {}
COMMAND: GET /session/cd477e99f4e247ef02c326ac6df7445e/screenshot - {}
RESULT: {}
COMMAND: POST /session/cd477e99f4e247ef02c326ac6df7445e/element - {"using":"xpath","value":"(//bdi[contains(text(), \"OK\")])[2]"}
RESULT: {"using":"xpath","value":"(//bdi[contains(text(), \"OK\")])[2]"}
COMMAND: POST /session/cd477e99f4e247ef02c326ac6df7445e/element/f.375AD1BF2998C782D6149A43C57C8E27.d.264122AD89A353D722062031C2ABB0D5.e.22956/click - {}
RESULT: {}
COMMAND: GET /session/cd477e99f4e247ef02c326ac6df7445e/screenshot - {}
RESULT: {}
RESULT: undefined
COMMAND: POST /session/cd477e99f4e247ef02c326ac6df7445e/execute/async - {"script":"<script> [776 bytes]","args":[{"enterText":"600002","selector":{"id":"application-ruinventorylist-display-component---Master--smartFilterBar-btnBasicSearch","interaction":{"idSuffix":"I"}},"clearTextFirst":true,"interactionType":"ENTER_TEXT"}]}
RESULT: {"script":"<script> [776 bytes]","args":[{"enterText":"600002","selector":{"id":"application-ruinventorylist-display-component---Master--smartFilterBar-btnBasicSearch","interaction":{"idSuffix":"I"}},"clearTextFirst":true,"interactionType":"ENTER_TEXT"}]}
COMMAND: POST /session/cd477e99f4e247ef02c326ac6df7445e/actions - {"actions":[{"id":"action62","type":"key","parameters":{},"actions":[{"type":"keyDown","value":"î€‡"},{"type":"pause","duration":10},{"type":"keyUp","value":"î€‡"}]}]}
RESULT: {"actions":[{"id":"action62","type":"key","parameters":{},"actions":[{"type":"keyDown","value":"î€‡"},{"type":"pause","duration":10},{"type":"keyUp","value":"î€‡"}]}]}
COMMAND: GET /session/cd477e99f4e247ef02c326ac6df7445e/screenshot - {}
RESULT: {}
COMMAND: POST /session/cd477e99f4e247ef02c326ac6df7445e/element - {"using":"xpath","value":"//span[@id=\"application-ruinventorylist-display-component---Master--smartTableRuInventoryList-header-inner\"]"}
RESULT: {"using":"xpath","value":"//span[@id=\"application-ruinventorylist-display-component---Master--smartTableRuInventoryList-header-inner\"]"}
COMMAND: POST /session/cd477e99f4e247ef02c326ac6df7445e/elements - {"using":"xpath","value":"//span[@id=\"application-ruinventorylist-display-component---Master--smartTableRuInventoryList-header-inner\"]"}
RESULT: {"using":"xpath","value":"//span[@id=\"application-ruinventorylist-display-component---Master--smartTableRuInventoryList-header-inner\"]"}
COMMAND: POST /session/cd477e99f4e247ef02c326ac6df7445e/execute/sync - {"script":"<script> [56 bytes]","args":[{"element-6066-11e4-a52e-4f735466cecf":"f.375AD1BF2998C782D6149A43C57C8E27.d.264122AD89A353D722062031C2ABB0D5.e.21768","ELEMENT":"f.375AD1BF2998C782D6149A43C57C8E27.d.264122AD89A353D722062031C2ABB0D5.e.21768"}]}
RESULT: {"script":"<script> [56 bytes]","args":[{"element-6066-11e4-a52e-4f735466cecf":"f.375AD1BF2998C782D6149A43C57C8E27.d.264122AD89A353D722062031C2ABB0D5.e.21768","ELEMENT":"f.375AD1BF2998C782D6149A43C57C8E27.d.264122AD89A353D722062031C2ABB0D5.e.21768"}]}
COMMAND: POST /session/cd477e99f4e247ef02c326ac6df7445e/element - {"using":"xpath","value":"//table[contains(@id, \"application-ruinventorylist-display-component---Master--tableRuInventoryList-listUl\")]/tbody/tr[1]/td[6]/div/span"}
COMMAND: GET /session/cd477e99f4e247ef02c326ac6df7445e/screenshot - {}
RESULT: {"using":"xpath","value":"//table[contains(@id, \"application-ruinventorylist-display-component---Master--tableRuInventoryList-listUl\")]/tbody/tr[1]/td[6]/div/span"}
COMMAND: POST /session/cd477e99f4e247ef02c326ac6df7445e/execute/sync - {"script":"<script> [56 bytes]","args":[{"element-6066-11e4-a52e-4f735466cecf":"f.375AD1BF2998C782D6149A43C57C8E27.d.264122AD89A353D722062031C2ABB0D5.e.22979","ELEMENT":"f.375AD1BF2998C782D6149A43C57C8E27.d.264122AD89A353D722062031C2ABB0D5.e.22979"}]}
RESULT: {}
RESULT: {"script":"<script> [56 bytes]","args":[{"element-6066-11e4-a52e-4f735466cecf":"f.375AD1BF2998C782D6149A43C57C8E27.d.264122AD89A353D722062031C2ABB0D5.e.22979","ELEMENT":"f.375AD1BF2998C782D6149A43C57C8E27.d.264122AD89A353D722062031C2ABB0D5.e.22979"}]}
COMMAND: POST /session/cd477e99f4e247ef02c326ac6df7445e/element - {"using":"xpath","value":"//div[contains(@id, \"smartFilterBar-btnBasicSearch-reset\")]"}
COMMAND: GET /session/cd477e99f4e247ef02c326ac6df7445e/screenshot - {}
RESULT: {"using":"xpath","value":"//div[contains(@id, \"smartFilterBar-btnBasicSearch-reset\")]"}
COMMAND: POST /session/cd477e99f4e247ef02c326ac6df7445e/element/f.375AD1BF2998C782D6149A43C57C8E27.d.264122AD89A353D722062031C2ABB0D5.e.21784/click - {}
RESULT: {}
RESULT: {}
COMMAND: GET /session/cd477e99f4e247ef02c326ac6df7445e/screenshot - {}
RESULT: {}
RESULT: undefined
COMMAND: POST /session/cd477e99f4e247ef02c326ac6df7445e/execute/async - {"script":"<script> [776 bytes]","args":[{"enterText":"401002","selector":{"id":"application-ruinventorylist-display-component---Master--smartFilterBar-btnBasicSearch","interaction":{"idSuffix":"I"}},"clearTextFirst":true,"interactionType":"ENTER_TEXT"}]}
RESULT: {"script":"<script> [776 bytes]","args":[{"enterText":"401002","selector":{"id":"application-ruinventorylist-display-component---Master--smartFilterBar-btnBasicSearch","interaction":{"idSuffix":"I"}},"clearTextFirst":true,"interactionType":"ENTER_TEXT"}]}
COMMAND: POST /session/cd477e99f4e247ef02c326ac6df7445e/actions - {"actions":[{"id":"action63","type":"key","parameters":{},"actions":[{"type":"keyDown","value":"î€‡"},{"type":"pause","duration":10},{"type":"keyUp","value":"î€‡"}]}]}
RESULT: {"actions":[{"id":"action63","type":"key","parameters":{},"actions":[{"type":"keyDown","value":"î€‡"},{"type":"pause","duration":10},{"type":"keyUp","value":"î€‡"}]}]}
COMMAND: GET /session/cd477e99f4e247ef02c326ac6df7445e/screenshot - {}
RESULT: {}
COMMAND: POST /session/cd477e99f4e247ef02c326ac6df7445e/element - {"using":"xpath","value":"//span[@id=\"application-ruinventorylist-display-component---Master--smartTableRuInventoryList-header-inner\"]"}
RESULT: {"using":"xpath","value":"//span[@id=\"application-ruinventorylist-display-component---Master--smartTableRuInventoryList-header-inner\"]"}
COMMAND: POST /session/cd477e99f4e247ef02c326ac6df7445e/elements - {"using":"xpath","value":"//span[@id=\"application-ruinventorylist-display-component---Master--smartTableRuInventoryList-header-inner\"]"}
RESULT: {"using":"xpath","value":"//span[@id=\"application-ruinventorylist-display-component---Master--smartTableRuInventoryList-header-inner\"]"}
COMMAND: POST /session/cd477e99f4e247ef02c326ac6df7445e/execute/sync - {"script":"<script> [56 bytes]","args":[{"element-6066-11e4-a52e-4f735466cecf":"f.375AD1BF2998C782D6149A43C57C8E27.d.264122AD89A353D722062031C2ABB0D5.e.21768","ELEMENT":"f.375AD1BF2998C782D6149A43C57C8E27.d.264122AD89A353D722062031C2ABB0D5.e.21768"}]}
RESULT: {"script":"<script> [56 bytes]","args":[{"element-6066-11e4-a52e-4f735466cecf":"f.375AD1BF2998C782D6149A43C57C8E27.d.264122AD89A353D722062031C2ABB0D5.e.21768","ELEMENT":"f.375AD1BF2998C782D6149A43C57C8E27.d.264122AD89A353D722062031C2ABB0D5.e.21768"}]}
COMMAND: POST /session/cd477e99f4e247ef02c326ac6df7445e/element - {"using":"xpath","value":"//table[contains(@id, \"application-ruinventorylist-display-component---Master--tableRuInventoryList-listUl\")]/tbody/tr[1]/td[6]/div/span"}
COMMAND: GET /session/cd477e99f4e247ef02c326ac6df7445e/screenshot - {}
RESULT: {"using":"xpath","value":"//table[contains(@id, \"application-ruinventorylist-display-component---Master--tableRuInventoryList-listUl\")]/tbody/tr[1]/td[6]/div/span"}
COMMAND: POST /session/cd477e99f4e247ef02c326ac6df7445e/execute/sync - {"script":"<script> [56 bytes]","args":[{"element-6066-11e4-a52e-4f735466cecf":"f.375AD1BF2998C782D6149A43C57C8E27.d.264122AD89A353D722062031C2ABB0D5.e.23079","ELEMENT":"f.375AD1BF2998C782D6149A43C57C8E27.d.264122AD89A353D722062031C2ABB0D5.e.23079"}]}
RESULT: {}
RESULT: {"script":"<script> [56 bytes]","args":[{"element-6066-11e4-a52e-4f735466cecf":"f.375AD1BF2998C782D6149A43C57C8E27.d.264122AD89A353D722062031C2ABB0D5.e.23079","ELEMENT":"f.375AD1BF2998C782D6149A43C57C8E27.d.264122AD89A353D722062031C2ABB0D5.e.23079"}]}
COMMAND: POST /session/cd477e99f4e247ef02c326ac6df7445e/element - {"using":"xpath","value":"//div[contains(@id, \"smartFilterBar-btnBasicSearch-reset\")]"}
COMMAND: GET /session/cd477e99f4e247ef02c326ac6df7445e/screenshot - {}
RESULT: {"using":"xpath","value":"//div[contains(@id, \"smartFilterBar-btnBasicSearch-reset\")]"}
COMMAND: POST /session/cd477e99f4e247ef02c326ac6df7445e/element/f.375AD1BF2998C782D6149A43C57C8E27.d.264122AD89A353D722062031C2ABB0D5.e.21784/click - {}
RESULT: {}
RESULT: {}
COMMAND: GET /session/cd477e99f4e247ef02c326ac6df7445e/screenshot - {}
RESULT: {}
COMMAND: POST /session/cd477e99f4e247ef02c326ac6df7445e/element - {"using":"css selector","value":"#shell-header-logo"}
RESULT: {"using":"css selector","value":"#shell-header-logo"}
COMMAND: POST /session/cd477e99f4e247ef02c326ac6df7445e/element/f.375AD1BF2998C782D6149A43C57C8E27.d.264122AD89A353D722062031C2ABB0D5.e.21225/click - {}
RESULT: {}
COMMAND: GET /session/cd477e99f4e247ef02c326ac6df7445e/screenshot - {}
RESULT: {}
]]></system-out>
    </testcase>
    <testcase classname="chrome.135_0_7049_96.windows.RU_Inventory_Mass_State_Change_Multiple_Items_US151066" name="Prerequisite Step 2 Should create a new equipment" time="120.094">
      <system-out><![CDATA[
COMMAND: POST /session/cd477e99f4e247ef02c326ac6df7445e/execute/async - {"script":"<script> [1562 bytes]","args":[{"selector":{"controlType":"sap.m.GenericTile","properties":{"header":"Manage Resources"}},"wdio_ui5_key":"sapm.GenericTile{\"header\":\"Manage Resources\"}"}]}
RESULT: {"script":"<script> [1562 bytes]","args":[{"selector":{"controlType":"sap.m.GenericTile","properties":{"header":"Manage Resources"}},"wdio_ui5_key":"sapm.GenericTile{\"header\":\"Manage Resources\"}"}]}
RESULT: undefined
COMMAND: POST /session/cd477e99f4e247ef02c326ac6df7445e/element - {"using":"xpath","value":"//*[@id=\"__tile39\"]"}
RESULT: {"using":"xpath","value":"//*[@id=\"__tile39\"]"}
COMMAND: POST /session/cd477e99f4e247ef02c326ac6df7445e/element/f.375AD1BF2998C782D6149A43C57C8E27.d.264122AD89A353D722062031C2ABB0D5.e.21112/click - {}
RESULT: {}
COMMAND: POST /session/cd477e99f4e247ef02c326ac6df7445e/element - {"using":"xpath","value":"//button[@data-kt=\"addNewRUOverflowToolbarButton\"]"}
COMMAND: GET /session/cd477e99f4e247ef02c326ac6df7445e/screenshot - {}
RESULT: {"using":"xpath","value":"//button[@data-kt=\"addNewRUOverflowToolbarButton\"]"}
COMMAND: POST /session/cd477e99f4e247ef02c326ac6df7445e/elements - {"using":"xpath","value":"//button[@data-kt=\"addNewRUOverflowToolbarButton\"]"}
RESULT: {}
RESULT: {"using":"xpath","value":"//button[@data-kt=\"addNewRUOverflowToolbarButton\"]"}
COMMAND: POST /session/cd477e99f4e247ef02c326ac6df7445e/elements - {"using":"xpath","value":"//button[@data-kt=\"addNewRUOverflowToolbarButton\"]"}
RESULT: {"using":"xpath","value":"//button[@data-kt=\"addNewRUOverflowToolbarButton\"]"}
COMMAND: POST /session/cd477e99f4e247ef02c326ac6df7445e/elements - {"using":"xpath","value":"//button[@data-kt=\"addNewRUOverflowToolbarButton\"]"}
RESULT: {"using":"xpath","value":"//button[@data-kt=\"addNewRUOverflowToolbarButton\"]"}
COMMAND: POST /session/cd477e99f4e247ef02c326ac6df7445e/elements - {"using":"xpath","value":"//button[@data-kt=\"addNewRUOverflowToolbarButton\"]"}
RESULT: {"using":"xpath","value":"//button[@data-kt=\"addNewRUOverflowToolbarButton\"]"}
COMMAND: POST /session/cd477e99f4e247ef02c326ac6df7445e/elements - {"using":"xpath","value":"//button[@data-kt=\"addNewRUOverflowToolbarButton\"]"}
RESULT: {"using":"xpath","value":"//button[@data-kt=\"addNewRUOverflowToolbarButton\"]"}
COMMAND: POST /session/cd477e99f4e247ef02c326ac6df7445e/elements - {"using":"xpath","value":"//button[@data-kt=\"addNewRUOverflowToolbarButton\"]"}
RESULT: {"using":"xpath","value":"//button[@data-kt=\"addNewRUOverflowToolbarButton\"]"}
COMMAND: POST /session/cd477e99f4e247ef02c326ac6df7445e/elements - {"using":"xpath","value":"//button[@data-kt=\"addNewRUOverflowToolbarButton\"]"}
RESULT: {"using":"xpath","value":"//button[@data-kt=\"addNewRUOverflowToolbarButton\"]"}
COMMAND: POST /session/cd477e99f4e247ef02c326ac6df7445e/elements - {"using":"xpath","value":"//button[@data-kt=\"addNewRUOverflowToolbarButton\"]"}
RESULT: {"using":"xpath","value":"//button[@data-kt=\"addNewRUOverflowToolbarButton\"]"}
COMMAND: POST /session/cd477e99f4e247ef02c326ac6df7445e/elements - {"using":"xpath","value":"//button[@data-kt=\"addNewRUOverflowToolbarButton\"]"}
RESULT: undefined
RESULT: {"using":"xpath","value":"//button[@data-kt=\"addNewRUOverflowToolbarButton\"]"}
COMMAND: POST /session/cd477e99f4e247ef02c326ac6df7445e/elements - {"using":"xpath","value":"//button[@data-kt=\"addNewRUOverflowToolbarButton\"]"}
RESULT: {"using":"xpath","value":"//button[@data-kt=\"addNewRUOverflowToolbarButton\"]"}
COMMAND: POST /session/cd477e99f4e247ef02c326ac6df7445e/elements - {"using":"xpath","value":"//button[@data-kt=\"addNewRUOverflowToolbarButton\"]"}
RESULT: {"using":"xpath","value":"//button[@data-kt=\"addNewRUOverflowToolbarButton\"]"}
COMMAND: POST /session/cd477e99f4e247ef02c326ac6df7445e/elements - {"using":"xpath","value":"//button[@data-kt=\"addNewRUOverflowToolbarButton\"]"}
RESULT: {"using":"xpath","value":"//button[@data-kt=\"addNewRUOverflowToolbarButton\"]"}
COMMAND: POST /session/cd477e99f4e247ef02c326ac6df7445e/elements - {"using":"xpath","value":"//button[@data-kt=\"addNewRUOverflowToolbarButton\"]"}
RESULT: {"using":"xpath","value":"//button[@data-kt=\"addNewRUOverflowToolbarButton\"]"}
COMMAND: POST /session/cd477e99f4e247ef02c326ac6df7445e/elements - {"using":"xpath","value":"//button[@data-kt=\"addNewRUOverflowToolbarButton\"]"}
RESULT: {"using":"xpath","value":"//button[@data-kt=\"addNewRUOverflowToolbarButton\"]"}
COMMAND: POST /session/cd477e99f4e247ef02c326ac6df7445e/elements - {"using":"xpath","value":"//button[@data-kt=\"addNewRUOverflowToolbarButton\"]"}
RESULT: {"using":"xpath","value":"//button[@data-kt=\"addNewRUOverflowToolbarButton\"]"}
COMMAND: POST /session/cd477e99f4e247ef02c326ac6df7445e/element - {"using":"xpath","value":"//button[@data-kt=\"addNewRUOverflowToolbarButton\"]"}
RESULT: {"using":"xpath","value":"//button[@data-kt=\"addNewRUOverflowToolbarButton\"]"}
COMMAND: POST /session/cd477e99f4e247ef02c326ac6df7445e/execute/sync - {"script":"<script> [8489 bytes]","args":[{"element-6066-11e4-a52e-4f735466cecf":"f.375AD1BF2998C782D6149A43C57C8E27.d.264122AD89A353D722062031C2ABB0D5.e.23197","ELEMENT":"f.375AD1BF2998C782D6149A43C57C8E27.d.264122AD89A353D722062031C2ABB0D5.e.23197"}]}
RESULT: {"script":"<script> [8489 bytes]","args":[{"element-6066-11e4-a52e-4f735466cecf":"f.375AD1BF2998C782D6149A43C57C8E27.d.264122AD89A353D722062031C2ABB0D5.e.23197","ELEMENT":"f.375AD1BF2998C782D6149A43C57C8E27.d.264122AD89A353D722062031C2ABB0D5.e.23197"}]}
COMMAND: GET /session/cd477e99f4e247ef02c326ac6df7445e/element/f.375AD1BF2998C782D6149A43C57C8E27.d.264122AD89A353D722062031C2ABB0D5.e.23197/enabled - {}
COMMAND: GET /session/cd477e99f4e247ef02c326ac6df7445e/screenshot - {}
RESULT: {}
COMMAND: POST /session/cd477e99f4e247ef02c326ac6df7445e/execute/sync - {"script":"<script> [8489 bytes]","args":[{"element-6066-11e4-a52e-4f735466cecf":"f.375AD1BF2998C782D6149A43C57C8E27.d.264122AD89A353D722062031C2ABB0D5.e.23197","ELEMENT":"f.375AD1BF2998C782D6149A43C57C8E27.d.264122AD89A353D722062031C2ABB0D5.e.23197"}]}
COMMAND: GET /session/cd477e99f4e247ef02c326ac6df7445e/screenshot - {}
RESULT: {}
RESULT: {"script":"<script> [8489 bytes]","args":[{"element-6066-11e4-a52e-4f735466cecf":"f.375AD1BF2998C782D6149A43C57C8E27.d.264122AD89A353D722062031C2ABB0D5.e.23197","ELEMENT":"f.375AD1BF2998C782D6149A43C57C8E27.d.264122AD89A353D722062031C2ABB0D5.e.23197"}]}
COMMAND: POST /session/cd477e99f4e247ef02c326ac6df7445e/execute/sync - {"script":"<script> [5351 bytes]","args":[{"element-6066-11e4-a52e-4f735466cecf":"f.375AD1BF2998C782D6149A43C57C8E27.d.264122AD89A353D722062031C2ABB0D5.e.23197","ELEMENT":"f.375AD1BF2998C782D6149A43C57C8E27.d.264122AD89A353D722062031C2ABB0D5.e.23197"}]}
COMMAND: GET /session/cd477e99f4e247ef02c326ac6df7445e/screenshot - {}
RESULT: {}
RESULT: {"script":"<script> [5351 bytes]","args":[{"element-6066-11e4-a52e-4f735466cecf":"f.375AD1BF2998C782D6149A43C57C8E27.d.264122AD89A353D722062031C2ABB0D5.e.23197","ELEMENT":"f.375AD1BF2998C782D6149A43C57C8E27.d.264122AD89A353D722062031C2ABB0D5.e.23197"}]}
COMMAND: POST /session/cd477e99f4e247ef02c326ac6df7445e/element/f.375AD1BF2998C782D6149A43C57C8E27.d.264122AD89A353D722062031C2ABB0D5.e.23197/click - {}
COMMAND: GET /session/cd477e99f4e247ef02c326ac6df7445e/screenshot - {}
RESULT: {}
RESULT: {}
COMMAND: GET /session/cd477e99f4e247ef02c326ac6df7445e/screenshot - {}
RESULT: {}
COMMAND: POST /session/cd477e99f4e247ef02c326ac6df7445e/execute/async - {"script":"<script> [1562 bytes]","args":[{"selector":{"id":"application-manageresources-display-component---newResourceUnit--TYPE-arrow"},"wdio_ui5_key":"applicationmanageresources-display-component---newResourceUnit--TYPE-arrow"}]}
RESULT: {}
RESULT: {"script":"<script> [1562 bytes]","args":[{"selector":{"id":"application-manageresources-display-component---newResourceUnit--TYPE-arrow"},"wdio_ui5_key":"applicationmanageresources-display-component---newResourceUnit--TYPE-arrow"}]}
RESULT: undefined
COMMAND: POST /session/cd477e99f4e247ef02c326ac6df7445e/element - {"using":"xpath","value":"//*[@id=\"application-manageresources-display-component---newResourceUnit--TYPE-arrow\"]"}
RESULT: {"using":"xpath","value":"//*[@id=\"application-manageresources-display-component---newResourceUnit--TYPE-arrow\"]"}
COMMAND: POST /session/cd477e99f4e247ef02c326ac6df7445e/element/f.375AD1BF2998C782D6149A43C57C8E27.d.264122AD89A353D722062031C2ABB0D5.e.23564/click - {}
RESULT: {}
COMMAND: POST /session/cd477e99f4e247ef02c326ac6df7445e/element - {"using":"xpath","value":"//input[@id=\"application-manageresources-display-component---newResourceUnit--TYPE-inner\"]"}
COMMAND: GET /session/cd477e99f4e247ef02c326ac6df7445e/screenshot - {}
RESULT: {"using":"xpath","value":"//input[@id=\"application-manageresources-display-component---newResourceUnit--TYPE-inner\"]"}
COMMAND: POST /session/cd477e99f4e247ef02c326ac6df7445e/element/f.375AD1BF2998C782D6149A43C57C8E27.d.264122AD89A353D722062031C2ABB0D5.e.23541/clear - {}
RESULT: {}
RESULT: {}
COMMAND: POST /session/cd477e99f4e247ef02c326ac6df7445e/element/f.375AD1BF2998C782D6149A43C57C8E27.d.264122AD89A353D722062031C2ABB0D5.e.23541/value - {"text":"Equipment"}
COMMAND: GET /session/cd477e99f4e247ef02c326ac6df7445e/screenshot - {}
RESULT: {"text":"Equipment"}
COMMAND: GET /session/cd477e99f4e247ef02c326ac6df7445e/screenshot - {}
RESULT: {}
RESULT: {}
COMMAND: POST /session/cd477e99f4e247ef02c326ac6df7445e/actions - {"actions":[{"id":"action64","type":"key","parameters":{},"actions":[{"type":"keyDown","value":"î€‡"},{"type":"pause","duration":10},{"type":"keyUp","value":"î€‡"}]}]}
RESULT: {"actions":[{"id":"action64","type":"key","parameters":{},"actions":[{"type":"keyDown","value":"î€‡"},{"type":"pause","duration":10},{"type":"keyUp","value":"î€‡"}]}]}
COMMAND: POST /session/cd477e99f4e247ef02c326ac6df7445e/execute/async - {"script":"<script> [1562 bytes]","args":[{"selector":{"id":"application-manageresources-display-component---newResourceUnit--resourceId","interaction":{"idSuffix":"inner"}},"wdio_ui5_key":"applicationmanageresources-display-component---newResourceUnit--resourceId"}]}
COMMAND: GET /session/cd477e99f4e247ef02c326ac6df7445e/screenshot - {}
RESULT: {"script":"<script> [1562 bytes]","args":[{"selector":{"id":"application-manageresources-display-component---newResourceUnit--resourceId","interaction":{"idSuffix":"inner"}},"wdio_ui5_key":"applicationmanageresources-display-component---newResourceUnit--resourceId"}]}
RESULT: undefined
COMMAND: POST /session/cd477e99f4e247ef02c326ac6df7445e/execute/async - {"script":"<script> [776 bytes]","args":[{"enterText":"DilRKaGMl2","selector":{"id":"application-manageresources-display-component---newResourceUnit--resourceId","interaction":{"idSuffix":"inner"}},"clearTextFirst":true,"interactionType":"ENTER_TEXT"}]}
RESULT: {}
RESULT: {"script":"<script> [776 bytes]","args":[{"enterText":"DilRKaGMl2","selector":{"id":"application-manageresources-display-component---newResourceUnit--resourceId","interaction":{"idSuffix":"inner"}},"clearTextFirst":true,"interactionType":"ENTER_TEXT"}]}
COMMAND: POST /session/cd477e99f4e247ef02c326ac6df7445e/execute/async - {"script":"<script> [1562 bytes]","args":[{"selector":{"id":"application-manageresources-display-component---newResourceUnit--SHORT_TEXT","interaction":{"idSuffix":"inner"}},"wdio_ui5_key":"applicationmanageresources-display-component---newResourceUnit--SHORT_TEXT"}]}
RESULT: {"script":"<script> [1562 bytes]","args":[{"selector":{"id":"application-manageresources-display-component---newResourceUnit--SHORT_TEXT","interaction":{"idSuffix":"inner"}},"wdio_ui5_key":"applicationmanageresources-display-component---newResourceUnit--SHORT_TEXT"}]}
RESULT: undefined
COMMAND: POST /session/cd477e99f4e247ef02c326ac6df7445e/execute/async - {"script":"<script> [776 bytes]","args":[{"enterText":"Intercompany Equipment WDIO","selector":{"id":"application-manageresources-display-component---newResourceUnit--SHORT_TEXT","interaction":{"idSuffix":"inner"}},"clearTextFirst":true,"interactionType":"ENTER_TEXT"}]}
RESULT: {"script":"<script> [776 bytes]","args":[{"enterText":"Intercompany Equipment WDIO","selector":{"id":"application-manageresources-display-component---newResourceUnit--SHORT_TEXT","interaction":{"idSuffix":"inner"}},"clearTextFirst":true,"interactionType":"ENTER_TEXT"}]}
COMMAND: POST /session/cd477e99f4e247ef02c326ac6df7445e/execute/async - {"script":"<script> [1562 bytes]","args":[{"selector":{"id":"application-manageresources-display-component---newResourceUnit--BASE_UNIT_OF_MEASURE","interaction":{"idSuffix":"inner"}},"wdio_ui5_key":"applicationmanageresources-display-component---newResourceUnit--BASE_UNIT_OF_MEASURE"}]}
RESULT: {"script":"<script> [1562 bytes]","args":[{"selector":{"id":"application-manageresources-display-component---newResourceUnit--BASE_UNIT_OF_MEASURE","interaction":{"idSuffix":"inner"}},"wdio_ui5_key":"applicationmanageresources-display-component---newResourceUnit--BASE_UNIT_OF_MEASURE"}]}
RESULT: undefined
COMMAND: POST /session/cd477e99f4e247ef02c326ac6df7445e/execute/async - {"script":"<script> [776 bytes]","args":[{"enterText":"Piece","selector":{"id":"application-manageresources-display-component---newResourceUnit--BASE_UNIT_OF_MEASURE","interaction":{"idSuffix":"inner"}},"clearTextFirst":true,"interactionType":"ENTER_TEXT"}]}
RESULT: {"script":"<script> [776 bytes]","args":[{"enterText":"Piece","selector":{"id":"application-manageresources-display-component---newResourceUnit--BASE_UNIT_OF_MEASURE","interaction":{"idSuffix":"inner"}},"clearTextFirst":true,"interactionType":"ENTER_TEXT"}]}
COMMAND: POST /session/cd477e99f4e247ef02c326ac6df7445e/execute/async - {"script":"<script> [1562 bytes]","args":[{"selector":{"id":"application-manageresources-display-component---newResourceUnit--WEIGHT_UNIT","interaction":{"idSuffix":"inner"}},"wdio_ui5_key":"applicationmanageresources-display-component---newResourceUnit--WEIGHT_UNIT"}]}
RESULT: {"script":"<script> [1562 bytes]","args":[{"selector":{"id":"application-manageresources-display-component---newResourceUnit--WEIGHT_UNIT","interaction":{"idSuffix":"inner"}},"wdio_ui5_key":"applicationmanageresources-display-component---newResourceUnit--WEIGHT_UNIT"}]}
RESULT: undefined
COMMAND: POST /session/cd477e99f4e247ef02c326ac6df7445e/execute/async - {"script":"<script> [776 bytes]","args":[{"enterText":"Gram","selector":{"id":"application-manageresources-display-component---newResourceUnit--WEIGHT_UNIT","interaction":{"idSuffix":"inner"}},"clearTextFirst":true,"interactionType":"ENTER_TEXT"}]}
RESULT: {"script":"<script> [776 bytes]","args":[{"enterText":"Gram","selector":{"id":"application-manageresources-display-component---newResourceUnit--WEIGHT_UNIT","interaction":{"idSuffix":"inner"}},"clearTextFirst":true,"interactionType":"ENTER_TEXT"}]}
COMMAND: POST /session/cd477e99f4e247ef02c326ac6df7445e/execute/async - {"script":"<script> [1562 bytes]","args":[{"selector":{"id":"application-manageresources-display-component---newResourceUnit--DIMENSION_UNIT","interaction":{"idSuffix":"inner"}},"wdio_ui5_key":"applicationmanageresources-display-component---newResourceUnit--DIMENSION_UNIT"}]}
RESULT: {"script":"<script> [1562 bytes]","args":[{"selector":{"id":"application-manageresources-display-component---newResourceUnit--DIMENSION_UNIT","interaction":{"idSuffix":"inner"}},"wdio_ui5_key":"applicationmanageresources-display-component---newResourceUnit--DIMENSION_UNIT"}]}
RESULT: undefined
COMMAND: POST /session/cd477e99f4e247ef02c326ac6df7445e/execute/async - {"script":"<script> [776 bytes]","args":[{"enterText":"Meter","selector":{"id":"application-manageresources-display-component---newResourceUnit--DIMENSION_UNIT","interaction":{"idSuffix":"inner"}},"clearTextFirst":true,"interactionType":"ENTER_TEXT"}]}
RESULT: {"script":"<script> [776 bytes]","args":[{"enterText":"Meter","selector":{"id":"application-manageresources-display-component---newResourceUnit--DIMENSION_UNIT","interaction":{"idSuffix":"inner"}},"clearTextFirst":true,"interactionType":"ENTER_TEXT"}]}
COMMAND: POST /session/cd477e99f4e247ef02c326ac6df7445e/execute/async - {"script":"<script> [1562 bytes]","args":[{"selector":{"id":"application-manageresources-display-component---newResourceUnit--newRRUPage-anchBar-application-manageresources-display-component---newResourceUnit--control-anchor","interaction":{"idSuffix":"BDI-content"}},"wdio_ui5_key":"applicationmanageresources-display-component---newResourceUnit--newRRUPage-anchBar-application-manageresources-display-component---newResourceUnit--control-anchor"}]}
RESULT: {"script":"<script> [1562 bytes]","args":[{"selector":{"id":"application-manageresources-display-component---newResourceUnit--newRRUPage-anchBar-application-manageresources-display-component---newResourceUnit--control-anchor","interaction":{"idSuffix":"BDI-content"}},"wdio_ui5_key":"applicationmanageresources-display-component---newResourceUnit--newRRUPage-anchBar-application-manageresources-display-component---newResourceUnit--control-anchor"}]}
RESULT: undefined
COMMAND: POST /session/cd477e99f4e247ef02c326ac6df7445e/element - {"using":"xpath","value":"//*[@id=\"application-manageresources-display-component---newResourceUnit--newRRUPage-anchBar-application-manageresources-display-component---newResourceUnit--control-anchor\"]"}
RESULT: {"using":"xpath","value":"//*[@id=\"application-manageresources-display-component---newResourceUnit--newRRUPage-anchBar-application-manageresources-display-component---newResourceUnit--control-anchor\"]"}
COMMAND: POST /session/cd477e99f4e247ef02c326ac6df7445e/element/f.375AD1BF2998C782D6149A43C57C8E27.d.264122AD89A353D722062031C2ABB0D5.e.23698/click - {}
RESULT: {}
COMMAND: POST /session/cd477e99f4e247ef02c326ac6df7445e/execute/async - {"script":"<script> [1562 bytes]","args":[{"selector":{"id":"application-manageresources-display-component---newResourceUnit--PLANNING_GROUP","interaction":{"idSuffix":"inner"}},"wdio_ui5_key":"applicationmanageresources-display-component---newResourceUnit--PLANNING_GROUP"}]}
COMMAND: GET /session/cd477e99f4e247ef02c326ac6df7445e/screenshot - {}
RESULT: {"script":"<script> [1562 bytes]","args":[{"selector":{"id":"application-manageresources-display-component---newResourceUnit--PLANNING_GROUP","interaction":{"idSuffix":"inner"}},"wdio_ui5_key":"applicationmanageresources-display-component---newResourceUnit--PLANNING_GROUP"}]}
RESULT: undefined
COMMAND: POST /session/cd477e99f4e247ef02c326ac6df7445e/execute/async - {"script":"<script> [776 bytes]","args":[{"enterText":"Heavy Equi","selector":{"id":"application-manageresources-display-component---newResourceUnit--PLANNING_GROUP","interaction":{"idSuffix":"inner"}},"clearTextFirst":true,"interactionType":"ENTER_TEXT"}]}
RESULT: {}
RESULT: {"script":"<script> [776 bytes]","args":[{"enterText":"Heavy Equi","selector":{"id":"application-manageresources-display-component---newResourceUnit--PLANNING_GROUP","interaction":{"idSuffix":"inner"}},"clearTextFirst":true,"interactionType":"ENTER_TEXT"}]}
COMMAND: POST /session/cd477e99f4e247ef02c326ac6df7445e/execute/async - {"script":"<script> [1562 bytes]","args":[{"selector":{"id":"application-manageresources-display-component---newResourceUnit--ITEM_TYPE-arrow"},"wdio_ui5_key":"applicationmanageresources-display-component---newResourceUnit--ITEM_TYPE-arrow"}]}
RESULT: {"script":"<script> [1562 bytes]","args":[{"selector":{"id":"application-manageresources-display-component---newResourceUnit--ITEM_TYPE-arrow"},"wdio_ui5_key":"applicationmanageresources-display-component---newResourceUnit--ITEM_TYPE-arrow"}]}
RESULT: undefined
COMMAND: POST /session/cd477e99f4e247ef02c326ac6df7445e/element - {"using":"xpath","value":"//*[@id=\"application-manageresources-display-component---newResourceUnit--ITEM_TYPE-arrow\"]"}
RESULT: {"using":"xpath","value":"//*[@id=\"application-manageresources-display-component---newResourceUnit--ITEM_TYPE-arrow\"]"}
COMMAND: POST /session/cd477e99f4e247ef02c326ac6df7445e/element/f.375AD1BF2998C782D6149A43C57C8E27.d.264122AD89A353D722062031C2ABB0D5.e.23706/click - {}
RESULT: {}
COMMAND: POST /session/cd477e99f4e247ef02c326ac6df7445e/element - {"using":"xpath","value":"(//span[contains(text(), \"Resource Unit\")])[2]"}
COMMAND: GET /session/cd477e99f4e247ef02c326ac6df7445e/screenshot - {}
RESULT: {"using":"xpath","value":"(//span[contains(text(), \"Resource Unit\")])[2]"}
COMMAND: POST /session/cd477e99f4e247ef02c326ac6df7445e/element/f.375AD1BF2998C782D6149A43C57C8E27.d.264122AD89A353D722062031C2ABB0D5.e.23707/click - {}
RESULT: {}
RESULT: {}
COMMAND: GET /session/cd477e99f4e247ef02c326ac6df7445e/screenshot - {}
RESULT: {}
COMMAND: POST /session/cd477e99f4e247ef02c326ac6df7445e/element - {"using":"css selector","value":"#application-manageresources-display-component---newResourceUnit--btnAddTimeSegment"}
RESULT: {"using":"css selector","value":"#application-manageresources-display-component---newResourceUnit--btnAddTimeSegment"}
COMMAND: GET /session/cd477e99f4e247ef02c326ac6df7445e/element/f.375AD1BF2998C782D6149A43C57C8E27.d.264122AD89A353D722062031C2ABB0D5.e.23708/rect - {}
RESULT: {}
COMMAND: GET /session/cd477e99f4e247ef02c326ac6df7445e/window/rect - {}
RESULT: {}
COMMAND: POST /session/cd477e99f4e247ef02c326ac6df7445e/execute/sync - {"script":"<script> [92 bytes]","args":[]}
RESULT: {"script":"<script> [92 bytes]","args":[]}
COMMAND: POST /session/cd477e99f4e247ef02c326ac6df7445e/actions - {"actions":[{"id":"action65","type":"wheel","parameters":{},"actions":[{"type":"scroll","x":-1888,"y":-32,"deltaX":0,"deltaY":0,"duration":0,"origin":{"element-6066-11e4-a52e-4f735466cecf":"f.375AD1BF2998C782D6149A43C57C8E27.d.264122AD89A353D722062031C2ABB0D5.e.23708"}}]}]}
COMMAND: GET /session/cd477e99f4e247ef02c326ac6df7445e/screenshot - {}
RESULT: {}
COMMAND: POST /session/cd477e99f4e247ef02c326ac6df7445e/execute/sync - {"script":"<script> [79 bytes]","args":[{"element-6066-11e4-a52e-4f735466cecf":"f.375AD1BF2998C782D6149A43C57C8E27.d.264122AD89A353D722062031C2ABB0D5.e.23708","ELEMENT":"f.375AD1BF2998C782D6149A43C57C8E27.d.264122AD89A353D722062031C2ABB0D5.e.23708"},{"block":"start","inline":"nearest"}]}
RESULT: {"script":"<script> [79 bytes]","args":[{"element-6066-11e4-a52e-4f735466cecf":"f.375AD1BF2998C782D6149A43C57C8E27.d.264122AD89A353D722062031C2ABB0D5.e.23708","ELEMENT":"f.375AD1BF2998C782D6149A43C57C8E27.d.264122AD89A353D722062031C2ABB0D5.e.23708"},{"block":"start","inline":"nearest"}]}
COMMAND: POST /session/cd477e99f4e247ef02c326ac6df7445e/execute/async - {"script":"<script> [1562 bytes]","args":[{"selector":{"id":"application-manageresources-display-component---newResourceUnit--btnAddTimeSegment","interaction":{"idSuffix":"inner"}},"wdio_ui5_key":"applicationmanageresources-display-component---newResourceUnit--btnAddTimeSegment"}]}
COMMAND: GET /session/cd477e99f4e247ef02c326ac6df7445e/screenshot - {}
RESULT: {"script":"<script> [1562 bytes]","args":[{"selector":{"id":"application-manageresources-display-component---newResourceUnit--btnAddTimeSegment","interaction":{"idSuffix":"inner"}},"wdio_ui5_key":"applicationmanageresources-display-component---newResourceUnit--btnAddTimeSegment"}]}
RESULT: undefined
COMMAND: POST /session/cd477e99f4e247ef02c326ac6df7445e/element - {"using":"xpath","value":"//*[@id=\"application-manageresources-display-component---newResourceUnit--btnAddTimeSegment\"]"}
RESULT: {}
RESULT: {"using":"xpath","value":"//*[@id=\"application-manageresources-display-component---newResourceUnit--btnAddTimeSegment\"]"}
COMMAND: POST /session/cd477e99f4e247ef02c326ac6df7445e/element/f.375AD1BF2998C782D6149A43C57C8E27.d.264122AD89A353D722062031C2ABB0D5.e.23708/click - {}
RESULT: {}
COMMAND: GET /session/cd477e99f4e247ef02c326ac6df7445e/screenshot - {}
RESULT: {}
COMMAND: POST /session/cd477e99f4e247ef02c326ac6df7445e/element - {"using":"xpath","value":"//input[@id=\"application-manageresources-display-component---newResourceUnit--idRuTSAdmin-application-manageresources-display-component---newResourceUnit--RUTimeSegment-0-inner\"]"}
RESULT: {"using":"xpath","value":"//input[@id=\"application-manageresources-display-component---newResourceUnit--idRuTSAdmin-application-manageresources-display-component---newResourceUnit--RUTimeSegment-0-inner\"]"}
COMMAND: POST /session/cd477e99f4e247ef02c326ac6df7445e/element/f.375AD1BF2998C782D6149A43C57C8E27.d.264122AD89A353D722062031C2ABB0D5.e.23714/clear - {}
RESULT: {}
COMMAND: POST /session/cd477e99f4e247ef02c326ac6df7445e/element/f.375AD1BF2998C782D6149A43C57C8E27.d.264122AD89A353D722062031C2ABB0D5.e.23714/value - {"text":"109"}
COMMAND: GET /session/cd477e99f4e247ef02c326ac6df7445e/screenshot - {}
RESULT: {"text":"109"}
COMMAND: GET /session/cd477e99f4e247ef02c326ac6df7445e/screenshot - {}
RESULT: {}
RESULT: {}
COMMAND: POST /session/cd477e99f4e247ef02c326ac6df7445e/element - {"using":"xpath","value":"//li[.//span[text()='109']]"}
RESULT: {"using":"xpath","value":"//li[.//span[text()='109']]"}
COMMAND: POST /session/cd477e99f4e247ef02c326ac6df7445e/element/f.375AD1BF2998C782D6149A43C57C8E27.d.264122AD89A353D722062031C2ABB0D5.e.23726/click - {}
RESULT: {}
COMMAND: GET /session/cd477e99f4e247ef02c326ac6df7445e/screenshot - {}
RESULT: {}
COMMAND: POST /session/cd477e99f4e247ef02c326ac6df7445e/element - {"using":"xpath","value":"(//span[contains(@id, \"-application-manageresources-display-component---newResourceUnit--RUTimeSegment-0-arrow\")])[6]"}
RESULT: {"using":"xpath","value":"(//span[contains(@id, \"-application-manageresources-display-component---newResourceUnit--RUTimeSegment-0-arrow\")])[6]"}
COMMAND: POST /session/cd477e99f4e247ef02c326ac6df7445e/element/f.375AD1BF2998C782D6149A43C57C8E27.d.264122AD89A353D722062031C2ABB0D5.e.23727/click - {}
RESULT: {}
COMMAND: POST /session/cd477e99f4e247ef02c326ac6df7445e/element - {"using":"xpath","value":"//span[contains(text(), \"PM Order\")]"}
COMMAND: GET /session/cd477e99f4e247ef02c326ac6df7445e/screenshot - {}
RESULT: {"using":"xpath","value":"//span[contains(text(), \"PM Order\")]"}
COMMAND: POST /session/cd477e99f4e247ef02c326ac6df7445e/element/f.375AD1BF2998C782D6149A43C57C8E27.d.264122AD89A353D722062031C2ABB0D5.e.23730/click - {}
RESULT: {}
RESULT: {}
COMMAND: GET /session/cd477e99f4e247ef02c326ac6df7445e/screenshot - {}
RESULT: {}
COMMAND: POST /session/cd477e99f4e247ef02c326ac6df7445e/element - {"using":"xpath","value":"(//span[contains(@id ,\"manageresources-display-component---newResourceUnit--RUTimeSegment-0-vhi\")])[2]"}
RESULT: {"using":"xpath","value":"(//span[contains(@id ,\"manageresources-display-component---newResourceUnit--RUTimeSegment-0-vhi\")])[2]"}
COMMAND: POST /session/cd477e99f4e247ef02c326ac6df7445e/element/f.375AD1BF2998C782D6149A43C57C8E27.d.264122AD89A353D722062031C2ABB0D5.e.23733/click - {}
RESULT: {}
COMMAND: GET /session/cd477e99f4e247ef02c326ac6df7445e/screenshot - {}
RESULT: {}
COMMAND: POST /session/cd477e99f4e247ef02c326ac6df7445e/execute/async - {"script":"<script> [1562 bytes]","args":[{"selector":{"controlType":"sap.m.SearchField","properties":{"placeholder":"Search"},"searchOpenDialogs":true,"interaction":{"idSuffix":"I"}},"wdio_ui5_key":"sapm.SearchField{\"placeholder\":\"Search\"}"}]}
RESULT: {"script":"<script> [1562 bytes]","args":[{"selector":{"controlType":"sap.m.SearchField","properties":{"placeholder":"Search"},"searchOpenDialogs":true,"interaction":{"idSuffix":"I"}},"wdio_ui5_key":"sapm.SearchField{\"placeholder\":\"Search\"}"}]}
RESULT: undefined
COMMAND: POST /session/cd477e99f4e247ef02c326ac6df7445e/execute/async - {"script":"<script> [776 bytes]","args":[{"enterText":"4000360","selector":{"controlType":"sap.m.SearchField","properties":{"placeholder":"Search"},"searchOpenDialogs":true,"interaction":{"idSuffix":"I"}},"clearTextFirst":true,"interactionType":"ENTER_TEXT"}]}
RESULT: {"script":"<script> [776 bytes]","args":[{"enterText":"4000360","selector":{"controlType":"sap.m.SearchField","properties":{"placeholder":"Search"},"searchOpenDialogs":true,"interaction":{"idSuffix":"I"}},"clearTextFirst":true,"interactionType":"ENTER_TEXT"}]}
COMMAND: POST /session/cd477e99f4e247ef02c326ac6df7445e/actions - {"actions":[{"id":"action66","type":"key","parameters":{},"actions":[{"type":"keyDown","value":"î€‡"},{"type":"pause","duration":10},{"type":"keyUp","value":"î€‡"}]}]}
RESULT: {"actions":[{"id":"action66","type":"key","parameters":{},"actions":[{"type":"keyDown","value":"î€‡"},{"type":"pause","duration":10},{"type":"keyUp","value":"î€‡"}]}]}
COMMAND: GET /session/cd477e99f4e247ef02c326ac6df7445e/screenshot - {}
RESULT: {}
COMMAND: POST /session/cd477e99f4e247ef02c326ac6df7445e/element - {"using":"xpath","value":"//td/div/span[contains(text(), \"BGL Vehicles\")]"}
RESULT: {"using":"xpath","value":"//td/div/span[contains(text(), \"BGL Vehicles\")]"}
COMMAND: POST /session/cd477e99f4e247ef02c326ac6df7445e/element/f.375AD1BF2998C782D6149A43C57C8E27.d.264122AD89A353D722062031C2ABB0D5.e.23753/click - {}
RESULT: {}
COMMAND: GET /session/cd477e99f4e247ef02c326ac6df7445e/screenshot - {}
RESULT: {}
COMMAND: POST /session/cd477e99f4e247ef02c326ac6df7445e/element - {"using":"xpath","value":"//bdi[contains(text(), \"OK\")]"}
RESULT: {"using":"xpath","value":"//bdi[contains(text(), \"OK\")]"}
COMMAND: POST /session/cd477e99f4e247ef02c326ac6df7445e/element/f.375AD1BF2998C782D6149A43C57C8E27.d.264122AD89A353D722062031C2ABB0D5.e.23754/click - {}
RESULT: {}
COMMAND: GET /session/cd477e99f4e247ef02c326ac6df7445e/screenshot - {}
RESULT: {}
COMMAND: POST /session/cd477e99f4e247ef02c326ac6df7445e/execute/async - {"script":"<script> [1562 bytes]","args":[{"selector":{"id":"application-manageresources-display-component---newResourceUnit--newRRUPage-anchBar-application-manageresources-display-component---newResourceUnit--resource-anchor","interaction":{"idSuffix":"BDI-content"}},"wdio_ui5_key":"applicationmanageresources-display-component---newResourceUnit--newRRUPage-anchBar-application-manageresources-display-component---newResourceUnit--resource-anchor"}]}
RESULT: {"script":"<script> [1562 bytes]","args":[{"selector":{"id":"application-manageresources-display-component---newResourceUnit--newRRUPage-anchBar-application-manageresources-display-component---newResourceUnit--resource-anchor","interaction":{"idSuffix":"BDI-content"}},"wdio_ui5_key":"applicationmanageresources-display-component---newResourceUnit--newRRUPage-anchBar-application-manageresources-display-component---newResourceUnit--resource-anchor"}]}
RESULT: undefined
COMMAND: POST /session/cd477e99f4e247ef02c326ac6df7445e/element - {"using":"xpath","value":"//*[@id=\"application-manageresources-display-component---newResourceUnit--newRRUPage-anchBar-application-manageresources-display-component---newResourceUnit--resource-anchor\"]"}
RESULT: {"using":"xpath","value":"//*[@id=\"application-manageresources-display-component---newResourceUnit--newRRUPage-anchBar-application-manageresources-display-component---newResourceUnit--resource-anchor\"]"}
COMMAND: POST /session/cd477e99f4e247ef02c326ac6df7445e/element/f.375AD1BF2998C782D6149A43C57C8E27.d.264122AD89A353D722062031C2ABB0D5.e.23758/click - {}
RESULT: {}
COMMAND: POST /session/cd477e99f4e247ef02c326ac6df7445e/execute/async - {"script":"<script> [1562 bytes]","args":[{"selector":{"id":"application-manageresources-display-component---newResourceUnit--PLANNED_DELIVERY_DATE","interaction":{"idSuffix":"inner"}},"wdio_ui5_key":"applicationmanageresources-display-component---newResourceUnit--PLANNED_DELIVERY_DATE"}]}
COMMAND: GET /session/cd477e99f4e247ef02c326ac6df7445e/screenshot - {}
RESULT: {"script":"<script> [1562 bytes]","args":[{"selector":{"id":"application-manageresources-display-component---newResourceUnit--PLANNED_DELIVERY_DATE","interaction":{"idSuffix":"inner"}},"wdio_ui5_key":"applicationmanageresources-display-component---newResourceUnit--PLANNED_DELIVERY_DATE"}]}
RESULT: undefined
COMMAND: POST /session/cd477e99f4e247ef02c326ac6df7445e/execute/async - {"script":"<script> [6424 bytes]","args":[{"element-6066-11e4-a52e-4f735466cecf":"f.375AD1BF2998C782D6149A43C57C8E27.d.264122AD89A353D722062031C2ABB0D5.e.23621"},"setValue",["4/24/25"]]}
RESULT: {}
RESULT: {"script":"<script> [6424 bytes]","args":[{"element-6066-11e4-a52e-4f735466cecf":"f.375AD1BF2998C782D6149A43C57C8E27.d.264122AD89A353D722062031C2ABB0D5.e.23621"},"setValue",["4/24/25"]]}
COMMAND: POST /session/cd477e99f4e247ef02c326ac6df7445e/element - {"using":"xpath","value":"//button[@data-kt=\"resourceUnitSaveButton\"]"}
RESULT: {"using":"xpath","value":"//button[@data-kt=\"resourceUnitSaveButton\"]"}
COMMAND: POST /session/cd477e99f4e247ef02c326ac6df7445e/element/f.375AD1BF2998C782D6149A43C57C8E27.d.264122AD89A353D722062031C2ABB0D5.e.23581/click - {}
RESULT: {}
COMMAND: GET /session/cd477e99f4e247ef02c326ac6df7445e/screenshot - {}
RESULT: {}
COMMAND: POST /session/cd477e99f4e247ef02c326ac6df7445e/element - {"using":"xpath","value":"//bdi[contains(text(), \"Close\")]"}
RESULT: {"using":"xpath","value":"//bdi[contains(text(), \"Close\")]"}
COMMAND: POST /session/cd477e99f4e247ef02c326ac6df7445e/element/f.375AD1BF2998C782D6149A43C57C8E27.d.264122AD89A353D722062031C2ABB0D5.e.23766/click - {}
RESULT: {}
COMMAND: GET /session/cd477e99f4e247ef02c326ac6df7445e/screenshot - {}
RESULT: {}
COMMAND: POST /session/cd477e99f4e247ef02c326ac6df7445e/element - {"using":"xpath","value":"(//button[contains(@id ,\"actionsToolbar-overflowButton\")])[1]"}
RESULT: {"using":"xpath","value":"(//button[contains(@id ,\"actionsToolbar-overflowButton\")])[1]"}
COMMAND: POST /session/cd477e99f4e247ef02c326ac6df7445e/element/f.375AD1BF2998C782D6149A43C57C8E27.d.264122AD89A353D722062031C2ABB0D5.e.23819/click - {}
RESULT: {}
COMMAND: GET /session/cd477e99f4e247ef02c326ac6df7445e/screenshot - {}
RESULT: {}
COMMAND: POST /session/cd477e99f4e247ef02c326ac6df7445e/element - {"using":"xpath","value":"//button[@data-kt=\"priceInfoButton\"]"}
RESULT: {"using":"xpath","value":"//button[@data-kt=\"priceInfoButton\"]"}
COMMAND: POST /session/cd477e99f4e247ef02c326ac6df7445e/element/f.375AD1BF2998C782D6149A43C57C8E27.d.264122AD89A353D722062031C2ABB0D5.e.23821/click - {}
RESULT: {}
COMMAND: GET /session/cd477e99f4e247ef02c326ac6df7445e/screenshot - {}
RESULT: {}
COMMAND: POST /session/cd477e99f4e247ef02c326ac6df7445e/element - {"using":"css selector","value":"#shell-header-logo"}
RESULT: {"using":"css selector","value":"#shell-header-logo"}
COMMAND: POST /session/cd477e99f4e247ef02c326ac6df7445e/element/f.375AD1BF2998C782D6149A43C57C8E27.d.264122AD89A353D722062031C2ABB0D5.e.23170/click - {}
RESULT: {}
COMMAND: GET /session/cd477e99f4e247ef02c326ac6df7445e/screenshot - {}
RESULT: {}
]]></system-out>
    </testcase>
    <testcase classname="chrome.135_0_7049_96.windows.RU_Inventory_Mass_State_Change_Multiple_Items_US151066" name="Prerequisite Step 2 Should create a new material" time="99.138">
      <system-out><![CDATA[
RESULT: undefined
COMMAND: POST /session/cd477e99f4e247ef02c326ac6df7445e/element - {"using":"xpath","value":"//*[@id=\"__tile39\"]"}
RESULT: {"using":"xpath","value":"//*[@id=\"__tile39\"]"}
COMMAND: POST /session/cd477e99f4e247ef02c326ac6df7445e/element/f.375AD1BF2998C782D6149A43C57C8E27.d.264122AD89A353D722062031C2ABB0D5.e.21112/click - {}
RESULT: {}
COMMAND: POST /session/cd477e99f4e247ef02c326ac6df7445e/element - {"using":"xpath","value":"//button[@data-kt=\"addNewRUOverflowToolbarButton\"]"}
COMMAND: GET /session/cd477e99f4e247ef02c326ac6df7445e/screenshot - {}
RESULT: {"using":"xpath","value":"//button[@data-kt=\"addNewRUOverflowToolbarButton\"]"}
COMMAND: POST /session/cd477e99f4e247ef02c326ac6df7445e/elements - {"using":"xpath","value":"//button[@data-kt=\"addNewRUOverflowToolbarButton\"]"}
RESULT: {}
RESULT: {"using":"xpath","value":"//button[@data-kt=\"addNewRUOverflowToolbarButton\"]"}
COMMAND: POST /session/cd477e99f4e247ef02c326ac6df7445e/elements - {"using":"xpath","value":"//button[@data-kt=\"addNewRUOverflowToolbarButton\"]"}
RESULT: {"using":"xpath","value":"//button[@data-kt=\"addNewRUOverflowToolbarButton\"]"}
COMMAND: POST /session/cd477e99f4e247ef02c326ac6df7445e/elements - {"using":"xpath","value":"//button[@data-kt=\"addNewRUOverflowToolbarButton\"]"}
RESULT: {"using":"xpath","value":"//button[@data-kt=\"addNewRUOverflowToolbarButton\"]"}
COMMAND: POST /session/cd477e99f4e247ef02c326ac6df7445e/elements - {"using":"xpath","value":"//button[@data-kt=\"addNewRUOverflowToolbarButton\"]"}
RESULT: {"using":"xpath","value":"//button[@data-kt=\"addNewRUOverflowToolbarButton\"]"}
COMMAND: POST /session/cd477e99f4e247ef02c326ac6df7445e/elements - {"using":"xpath","value":"//button[@data-kt=\"addNewRUOverflowToolbarButton\"]"}
RESULT: {"using":"xpath","value":"//button[@data-kt=\"addNewRUOverflowToolbarButton\"]"}
COMMAND: POST /session/cd477e99f4e247ef02c326ac6df7445e/elements - {"using":"xpath","value":"//button[@data-kt=\"addNewRUOverflowToolbarButton\"]"}
RESULT: undefined
RESULT: {"using":"xpath","value":"//button[@data-kt=\"addNewRUOverflowToolbarButton\"]"}
COMMAND: POST /session/cd477e99f4e247ef02c326ac6df7445e/elements - {"using":"xpath","value":"//button[@data-kt=\"addNewRUOverflowToolbarButton\"]"}
RESULT: {"using":"xpath","value":"//button[@data-kt=\"addNewRUOverflowToolbarButton\"]"}
COMMAND: POST /session/cd477e99f4e247ef02c326ac6df7445e/elements - {"using":"xpath","value":"//button[@data-kt=\"addNewRUOverflowToolbarButton\"]"}
RESULT: {"using":"xpath","value":"//button[@data-kt=\"addNewRUOverflowToolbarButton\"]"}
COMMAND: POST /session/cd477e99f4e247ef02c326ac6df7445e/element - {"using":"xpath","value":"//button[@data-kt=\"addNewRUOverflowToolbarButton\"]"}
RESULT: {"using":"xpath","value":"//button[@data-kt=\"addNewRUOverflowToolbarButton\"]"}
COMMAND: POST /session/cd477e99f4e247ef02c326ac6df7445e/execute/sync - {"script":"<script> [8489 bytes]","args":[{"element-6066-11e4-a52e-4f735466cecf":"f.375AD1BF2998C782D6149A43C57C8E27.d.264122AD89A353D722062031C2ABB0D5.e.23865","ELEMENT":"f.375AD1BF2998C782D6149A43C57C8E27.d.264122AD89A353D722062031C2ABB0D5.e.23865"}]}
RESULT: {"script":"<script> [8489 bytes]","args":[{"element-6066-11e4-a52e-4f735466cecf":"f.375AD1BF2998C782D6149A43C57C8E27.d.264122AD89A353D722062031C2ABB0D5.e.23865","ELEMENT":"f.375AD1BF2998C782D6149A43C57C8E27.d.264122AD89A353D722062031C2ABB0D5.e.23865"}]}
COMMAND: GET /session/cd477e99f4e247ef02c326ac6df7445e/element/f.375AD1BF2998C782D6149A43C57C8E27.d.264122AD89A353D722062031C2ABB0D5.e.23865/enabled - {}
COMMAND: GET /session/cd477e99f4e247ef02c326ac6df7445e/screenshot - {}
RESULT: {}
COMMAND: POST /session/cd477e99f4e247ef02c326ac6df7445e/execute/sync - {"script":"<script> [8489 bytes]","args":[{"element-6066-11e4-a52e-4f735466cecf":"f.375AD1BF2998C782D6149A43C57C8E27.d.264122AD89A353D722062031C2ABB0D5.e.23865","ELEMENT":"f.375AD1BF2998C782D6149A43C57C8E27.d.264122AD89A353D722062031C2ABB0D5.e.23865"}]}
COMMAND: GET /session/cd477e99f4e247ef02c326ac6df7445e/screenshot - {}
RESULT: {}
RESULT: {"script":"<script> [8489 bytes]","args":[{"element-6066-11e4-a52e-4f735466cecf":"f.375AD1BF2998C782D6149A43C57C8E27.d.264122AD89A353D722062031C2ABB0D5.e.23865","ELEMENT":"f.375AD1BF2998C782D6149A43C57C8E27.d.264122AD89A353D722062031C2ABB0D5.e.23865"}]}
COMMAND: POST /session/cd477e99f4e247ef02c326ac6df7445e/execute/sync - {"script":"<script> [5351 bytes]","args":[{"element-6066-11e4-a52e-4f735466cecf":"f.375AD1BF2998C782D6149A43C57C8E27.d.264122AD89A353D722062031C2ABB0D5.e.23865","ELEMENT":"f.375AD1BF2998C782D6149A43C57C8E27.d.264122AD89A353D722062031C2ABB0D5.e.23865"}]}
COMMAND: GET /session/cd477e99f4e247ef02c326ac6df7445e/screenshot - {}
RESULT: {}
RESULT: {"script":"<script> [5351 bytes]","args":[{"element-6066-11e4-a52e-4f735466cecf":"f.375AD1BF2998C782D6149A43C57C8E27.d.264122AD89A353D722062031C2ABB0D5.e.23865","ELEMENT":"f.375AD1BF2998C782D6149A43C57C8E27.d.264122AD89A353D722062031C2ABB0D5.e.23865"}]}
COMMAND: POST /session/cd477e99f4e247ef02c326ac6df7445e/element/f.375AD1BF2998C782D6149A43C57C8E27.d.264122AD89A353D722062031C2ABB0D5.e.23865/click - {}
COMMAND: GET /session/cd477e99f4e247ef02c326ac6df7445e/screenshot - {}
RESULT: {}
RESULT: {}
COMMAND: GET /session/cd477e99f4e247ef02c326ac6df7445e/screenshot - {}
RESULT: {}
RESULT: {}
RESULT: undefined
COMMAND: POST /session/cd477e99f4e247ef02c326ac6df7445e/element - {"using":"xpath","value":"//*[@id=\"application-manageresources-display-component---newResourceUnit--TYPE-arrow\"]"}
RESULT: {"using":"xpath","value":"//*[@id=\"application-manageresources-display-component---newResourceUnit--TYPE-arrow\"]"}
COMMAND: POST /session/cd477e99f4e247ef02c326ac6df7445e/element/f.375AD1BF2998C782D6149A43C57C8E27.d.264122AD89A353D722062031C2ABB0D5.e.24217/click - {}
RESULT: {}
COMMAND: POST /session/cd477e99f4e247ef02c326ac6df7445e/element - {"using":"xpath","value":"//input[@id=\"application-manageresources-display-component---newResourceUnit--TYPE-inner\"]"}
COMMAND: GET /session/cd477e99f4e247ef02c326ac6df7445e/screenshot - {}
RESULT: {"using":"xpath","value":"//input[@id=\"application-manageresources-display-component---newResourceUnit--TYPE-inner\"]"}
COMMAND: POST /session/cd477e99f4e247ef02c326ac6df7445e/element/f.375AD1BF2998C782D6149A43C57C8E27.d.264122AD89A353D722062031C2ABB0D5.e.24195/clear - {}
RESULT: {}
RESULT: {}
COMMAND: POST /session/cd477e99f4e247ef02c326ac6df7445e/element/f.375AD1BF2998C782D6149A43C57C8E27.d.264122AD89A353D722062031C2ABB0D5.e.24195/value - {"text":"Material"}
COMMAND: GET /session/cd477e99f4e247ef02c326ac6df7445e/screenshot - {}
RESULT: {"text":"Material"}
COMMAND: GET /session/cd477e99f4e247ef02c326ac6df7445e/screenshot - {}
RESULT: {}
RESULT: {}
COMMAND: POST /session/cd477e99f4e247ef02c326ac6df7445e/actions - {"actions":[{"id":"action67","type":"key","parameters":{},"actions":[{"type":"keyDown","value":"î€‡"},{"type":"pause","duration":10},{"type":"keyUp","value":"î€‡"}]}]}
RESULT: {"actions":[{"id":"action67","type":"key","parameters":{},"actions":[{"type":"keyDown","value":"î€‡"},{"type":"pause","duration":10},{"type":"keyUp","value":"î€‡"}]}]}
RESULT: undefined
COMMAND: POST /session/cd477e99f4e247ef02c326ac6df7445e/execute/async - {"script":"<script> [776 bytes]","args":[{"enterText":"Cement WDIO","selector":{"id":"application-manageresources-display-component---newResourceUnit--SHORT_TEXT","interaction":{"idSuffix":"inner"}},"clearTextFirst":true,"interactionType":"ENTER_TEXT"}]}
COMMAND: GET /session/cd477e99f4e247ef02c326ac6df7445e/screenshot - {}
RESULT: {"script":"<script> [776 bytes]","args":[{"enterText":"Cement WDIO","selector":{"id":"application-manageresources-display-component---newResourceUnit--SHORT_TEXT","interaction":{"idSuffix":"inner"}},"clearTextFirst":true,"interactionType":"ENTER_TEXT"}]}
RESULT: undefined
COMMAND: POST /session/cd477e99f4e247ef02c326ac6df7445e/execute/async - {"script":"<script> [776 bytes]","args":[{"enterText":"Piece","selector":{"id":"application-manageresources-display-component---newResourceUnit--BASE_UNIT_OF_MEASURE","interaction":{"idSuffix":"inner"}},"clearTextFirst":true,"interactionType":"ENTER_TEXT"}]}
RESULT: {}
RESULT: {"script":"<script> [776 bytes]","args":[{"enterText":"Piece","selector":{"id":"application-manageresources-display-component---newResourceUnit--BASE_UNIT_OF_MEASURE","interaction":{"idSuffix":"inner"}},"clearTextFirst":true,"interactionType":"ENTER_TEXT"}]}
RESULT: undefined
COMMAND: POST /session/cd477e99f4e247ef02c326ac6df7445e/execute/async - {"script":"<script> [776 bytes]","args":[{"enterText":"Gram","selector":{"id":"application-manageresources-display-component---newResourceUnit--WEIGHT_UNIT","interaction":{"idSuffix":"inner"}},"clearTextFirst":true,"interactionType":"ENTER_TEXT"}]}
RESULT: {"script":"<script> [776 bytes]","args":[{"enterText":"Gram","selector":{"id":"application-manageresources-display-component---newResourceUnit--WEIGHT_UNIT","interaction":{"idSuffix":"inner"}},"clearTextFirst":true,"interactionType":"ENTER_TEXT"}]}
RESULT: undefined
COMMAND: POST /session/cd477e99f4e247ef02c326ac6df7445e/execute/async - {"script":"<script> [776 bytes]","args":[{"enterText":"Meter","selector":{"id":"application-manageresources-display-component---newResourceUnit--DIMENSION_UNIT","interaction":{"idSuffix":"inner"}},"clearTextFirst":true,"interactionType":"ENTER_TEXT"}]}
RESULT: {"script":"<script> [776 bytes]","args":[{"enterText":"Meter","selector":{"id":"application-manageresources-display-component---newResourceUnit--DIMENSION_UNIT","interaction":{"idSuffix":"inner"}},"clearTextFirst":true,"interactionType":"ENTER_TEXT"}]}
RESULT: undefined
COMMAND: POST /session/cd477e99f4e247ef02c326ac6df7445e/element - {"using":"xpath","value":"//*[@id=\"application-manageresources-display-component---newResourceUnit--newRRUPage-anchBar-application-manageresources-display-component---newResourceUnit--control-anchor\"]"}
RESULT: {"using":"xpath","value":"//*[@id=\"application-manageresources-display-component---newResourceUnit--newRRUPage-anchBar-application-manageresources-display-component---newResourceUnit--control-anchor\"]"}
COMMAND: POST /session/cd477e99f4e247ef02c326ac6df7445e/element/f.375AD1BF2998C782D6149A43C57C8E27.d.264122AD89A353D722062031C2ABB0D5.e.24282/click - {}
RESULT: {}
RESULT: undefined
COMMAND: POST /session/cd477e99f4e247ef02c326ac6df7445e/execute/async - {"script":"<script> [776 bytes]","args":[{"enterText":"Material","selector":{"id":"application-manageresources-display-component---newResourceUnit--PLANNING_GROUP","interaction":{"idSuffix":"inner"}},"clearTextFirst":true,"interactionType":"ENTER_TEXT"}]}
COMMAND: GET /session/cd477e99f4e247ef02c326ac6df7445e/screenshot - {}
RESULT: {"script":"<script> [776 bytes]","args":[{"enterText":"Material","selector":{"id":"application-manageresources-display-component---newResourceUnit--PLANNING_GROUP","interaction":{"idSuffix":"inner"}},"clearTextFirst":true,"interactionType":"ENTER_TEXT"}]}
RESULT: {}
COMMAND: POST /session/cd477e99f4e247ef02c326ac6df7445e/execute/async - {"script":"<script> [1562 bytes]","args":[{"selector":{"id":"application-manageresources-display-component---newResourceUnit--PLANNING_INDICATOR","interaction":{"idSuffix":"inner"}},"wdio_ui5_key":"applicationmanageresources-display-component---newResourceUnit--PLANNING_INDICATOR"}]}
RESULT: {"script":"<script> [1562 bytes]","args":[{"selector":{"id":"application-manageresources-display-component---newResourceUnit--PLANNING_INDICATOR","interaction":{"idSuffix":"inner"}},"wdio_ui5_key":"applicationmanageresources-display-component---newResourceUnit--PLANNING_INDICATOR"}]}
RESULT: undefined
COMMAND: POST /session/cd477e99f4e247ef02c326ac6df7445e/execute/async - {"script":"<script> [776 bytes]","args":[{"enterText":"10 - infinite","selector":{"id":"application-manageresources-display-component---newResourceUnit--PLANNING_INDICATOR","interaction":{"idSuffix":"inner"}},"clearTextFirst":true,"interactionType":"ENTER_TEXT"}]}
RESULT: {"script":"<script> [776 bytes]","args":[{"enterText":"10 - infinite","selector":{"id":"application-manageresources-display-component---newResourceUnit--PLANNING_INDICATOR","interaction":{"idSuffix":"inner"}},"clearTextFirst":true,"interactionType":"ENTER_TEXT"}]}
COMMAND: POST /session/cd477e99f4e247ef02c326ac6df7445e/element - {"using":"css selector","value":"#application-manageresources-display-component---newResourceUnit--btnAddTimeSegment"}
RESULT: {"using":"css selector","value":"#application-manageresources-display-component---newResourceUnit--btnAddTimeSegment"}
COMMAND: GET /session/cd477e99f4e247ef02c326ac6df7445e/element/f.375AD1BF2998C782D6149A43C57C8E27.d.264122AD89A353D722062031C2ABB0D5.e.24290/rect - {}
RESULT: {}
COMMAND: GET /session/cd477e99f4e247ef02c326ac6df7445e/window/rect - {}
RESULT: {}
COMMAND: POST /session/cd477e99f4e247ef02c326ac6df7445e/execute/sync - {"script":"<script> [92 bytes]","args":[]}
RESULT: {"script":"<script> [92 bytes]","args":[]}
COMMAND: POST /session/cd477e99f4e247ef02c326ac6df7445e/actions - {"actions":[{"id":"action68","type":"wheel","parameters":{},"actions":[{"type":"scroll","x":-1888,"y":-32,"deltaX":0,"deltaY":0,"duration":0,"origin":{"element-6066-11e4-a52e-4f735466cecf":"f.375AD1BF2998C782D6149A43C57C8E27.d.264122AD89A353D722062031C2ABB0D5.e.24290"}}]}]}
COMMAND: GET /session/cd477e99f4e247ef02c326ac6df7445e/screenshot - {}
RESULT: {}
COMMAND: POST /session/cd477e99f4e247ef02c326ac6df7445e/execute/sync - {"script":"<script> [79 bytes]","args":[{"element-6066-11e4-a52e-4f735466cecf":"f.375AD1BF2998C782D6149A43C57C8E27.d.264122AD89A353D722062031C2ABB0D5.e.24290","ELEMENT":"f.375AD1BF2998C782D6149A43C57C8E27.d.264122AD89A353D722062031C2ABB0D5.e.24290"},{"block":"start","inline":"nearest"}]}
RESULT: {"script":"<script> [79 bytes]","args":[{"element-6066-11e4-a52e-4f735466cecf":"f.375AD1BF2998C782D6149A43C57C8E27.d.264122AD89A353D722062031C2ABB0D5.e.24290","ELEMENT":"f.375AD1BF2998C782D6149A43C57C8E27.d.264122AD89A353D722062031C2ABB0D5.e.24290"},{"block":"start","inline":"nearest"}]}
RESULT: undefined
COMMAND: POST /session/cd477e99f4e247ef02c326ac6df7445e/element - {"using":"xpath","value":"//*[@id=\"application-manageresources-display-component---newResourceUnit--btnAddTimeSegment\"]"}
COMMAND: GET /session/cd477e99f4e247ef02c326ac6df7445e/screenshot - {}
RESULT: {"using":"xpath","value":"//*[@id=\"application-manageresources-display-component---newResourceUnit--btnAddTimeSegment\"]"}
COMMAND: POST /session/cd477e99f4e247ef02c326ac6df7445e/element/f.375AD1BF2998C782D6149A43C57C8E27.d.264122AD89A353D722062031C2ABB0D5.e.24290/click - {}
RESULT: {}
RESULT: {}
COMMAND: GET /session/cd477e99f4e247ef02c326ac6df7445e/screenshot - {}
RESULT: {}
COMMAND: POST /session/cd477e99f4e247ef02c326ac6df7445e/element - {"using":"xpath","value":"//input[@id=\"application-manageresources-display-component---newResourceUnit--idRuTSAdmin-application-manageresources-display-component---newResourceUnit--RUTimeSegment-0-inner\"]"}
RESULT: {"using":"xpath","value":"//input[@id=\"application-manageresources-display-component---newResourceUnit--idRuTSAdmin-application-manageresources-display-component---newResourceUnit--RUTimeSegment-0-inner\"]"}
COMMAND: POST /session/cd477e99f4e247ef02c326ac6df7445e/element/f.375AD1BF2998C782D6149A43C57C8E27.d.264122AD89A353D722062031C2ABB0D5.e.24294/clear - {}
RESULT: {}
COMMAND: POST /session/cd477e99f4e247ef02c326ac6df7445e/element/f.375AD1BF2998C782D6149A43C57C8E27.d.264122AD89A353D722062031C2ABB0D5.e.24294/value - {"text":"109"}
COMMAND: GET /session/cd477e99f4e247ef02c326ac6df7445e/screenshot - {}
RESULT: {"text":"109"}
COMMAND: GET /session/cd477e99f4e247ef02c326ac6df7445e/screenshot - {}
RESULT: {}
RESULT: {}
COMMAND: POST /session/cd477e99f4e247ef02c326ac6df7445e/element - {"using":"xpath","value":"//li[.//span[text()='109']]"}
RESULT: {"using":"xpath","value":"//li[.//span[text()='109']]"}
COMMAND: POST /session/cd477e99f4e247ef02c326ac6df7445e/element/f.375AD1BF2998C782D6149A43C57C8E27.d.264122AD89A353D722062031C2ABB0D5.e.24305/click - {}
RESULT: {}
COMMAND: GET /session/cd477e99f4e247ef02c326ac6df7445e/screenshot - {}
RESULT: {}
COMMAND: POST /session/cd477e99f4e247ef02c326ac6df7445e/element - {"using":"xpath","value":"(//span[contains(@id, \"-application-manageresources-display-component---newResourceUnit--RUTimeSegment-0-arrow\")])[2]"}
RESULT: {"using":"xpath","value":"(//span[contains(@id, \"-application-manageresources-display-component---newResourceUnit--RUTimeSegment-0-arrow\")])[2]"}
COMMAND: POST /session/cd477e99f4e247ef02c326ac6df7445e/element/f.375AD1BF2998C782D6149A43C57C8E27.d.264122AD89A353D722062031C2ABB0D5.e.24306/click - {}
RESULT: {}
COMMAND: POST /session/cd477e99f4e247ef02c326ac6df7445e/element - {"using":"xpath","value":"//span[contains(text(), \"PM Order\")]"}
COMMAND: GET /session/cd477e99f4e247ef02c326ac6df7445e/screenshot - {}
RESULT: {"using":"xpath","value":"//span[contains(text(), \"PM Order\")]"}
COMMAND: POST /session/cd477e99f4e247ef02c326ac6df7445e/element/f.375AD1BF2998C782D6149A43C57C8E27.d.264122AD89A353D722062031C2ABB0D5.e.24307/click - {}
RESULT: {}
RESULT: {}
COMMAND: GET /session/cd477e99f4e247ef02c326ac6df7445e/screenshot - {}
RESULT: {}
COMMAND: POST /session/cd477e99f4e247ef02c326ac6df7445e/element - {"using":"xpath","value":"//td/div/div/div/span[contains(@id, \"newResourceUnit--RUTimeSegment-0-vhi\")][1]"}
RESULT: {"using":"xpath","value":"//td/div/div/div/span[contains(@id, \"newResourceUnit--RUTimeSegment-0-vhi\")][1]"}
COMMAND: POST /session/cd477e99f4e247ef02c326ac6df7445e/element/f.375AD1BF2998C782D6149A43C57C8E27.d.264122AD89A353D722062031C2ABB0D5.e.24310/click - {}
RESULT: {}
COMMAND: GET /session/cd477e99f4e247ef02c326ac6df7445e/screenshot - {}
RESULT: {}
RESULT: undefined
COMMAND: POST /session/cd477e99f4e247ef02c326ac6df7445e/execute/async - {"script":"<script> [776 bytes]","args":[{"enterText":"4000360","selector":{"controlType":"sap.m.SearchField","properties":{"placeholder":"Search"},"searchOpenDialogs":true,"interaction":{"idSuffix":"I"}},"clearTextFirst":true,"interactionType":"ENTER_TEXT"}]}
RESULT: {"script":"<script> [776 bytes]","args":[{"enterText":"4000360","selector":{"controlType":"sap.m.SearchField","properties":{"placeholder":"Search"},"searchOpenDialogs":true,"interaction":{"idSuffix":"I"}},"clearTextFirst":true,"interactionType":"ENTER_TEXT"}]}
COMMAND: POST /session/cd477e99f4e247ef02c326ac6df7445e/actions - {"actions":[{"id":"action69","type":"key","parameters":{},"actions":[{"type":"keyDown","value":"î€‡"},{"type":"pause","duration":10},{"type":"keyUp","value":"î€‡"}]}]}
RESULT: {"actions":[{"id":"action69","type":"key","parameters":{},"actions":[{"type":"keyDown","value":"î€‡"},{"type":"pause","duration":10},{"type":"keyUp","value":"î€‡"}]}]}
COMMAND: GET /session/cd477e99f4e247ef02c326ac6df7445e/screenshot - {}
RESULT: {}
COMMAND: POST /session/cd477e99f4e247ef02c326ac6df7445e/element - {"using":"xpath","value":"//td/div/span[contains(text(), \"BGL Vehicles\")]"}
RESULT: {"using":"xpath","value":"//td/div/span[contains(text(), \"BGL Vehicles\")]"}
COMMAND: POST /session/cd477e99f4e247ef02c326ac6df7445e/element/f.375AD1BF2998C782D6149A43C57C8E27.d.264122AD89A353D722062031C2ABB0D5.e.24328/click - {}
RESULT: {}
COMMAND: GET /session/cd477e99f4e247ef02c326ac6df7445e/screenshot - {}
RESULT: {}
COMMAND: POST /session/cd477e99f4e247ef02c326ac6df7445e/element - {"using":"xpath","value":"//bdi[contains(text(), \"OK\")]"}
RESULT: {"using":"xpath","value":"//bdi[contains(text(), \"OK\")]"}
COMMAND: POST /session/cd477e99f4e247ef02c326ac6df7445e/element/f.375AD1BF2998C782D6149A43C57C8E27.d.264122AD89A353D722062031C2ABB0D5.e.24329/click - {}
RESULT: {}
COMMAND: GET /session/cd477e99f4e247ef02c326ac6df7445e/screenshot - {}
RESULT: {}
COMMAND: POST /session/cd477e99f4e247ef02c326ac6df7445e/element - {"using":"xpath","value":"//button[@data-kt=\"resourceUnitSaveButton\"]"}
RESULT: {"using":"xpath","value":"//button[@data-kt=\"resourceUnitSaveButton\"]"}
COMMAND: POST /session/cd477e99f4e247ef02c326ac6df7445e/element/f.375AD1BF2998C782D6149A43C57C8E27.d.264122AD89A353D722062031C2ABB0D5.e.24238/click - {}
RESULT: {}
COMMAND: GET /session/cd477e99f4e247ef02c326ac6df7445e/screenshot - {}
RESULT: {}
COMMAND: POST /session/cd477e99f4e247ef02c326ac6df7445e/element - {"using":"xpath","value":"//bdi[contains(text(), \"Close\")]"}
RESULT: {"using":"xpath","value":"//bdi[contains(text(), \"Close\")]"}
COMMAND: POST /session/cd477e99f4e247ef02c326ac6df7445e/element/f.375AD1BF2998C782D6149A43C57C8E27.d.264122AD89A353D722062031C2ABB0D5.e.24336/click - {}
RESULT: {}
COMMAND: GET /session/cd477e99f4e247ef02c326ac6df7445e/screenshot - {}
RESULT: {}
COMMAND: POST /session/cd477e99f4e247ef02c326ac6df7445e/element - {"using":"xpath","value":"//header[contains(@id, 'detailRruPage-headerTitle')]/div[1]/div[2]/div[2]/span[1]"}
RESULT: {"using":"xpath","value":"//header[contains(@id, 'detailRruPage-headerTitle')]/div[1]/div[2]/div[2]/span[1]"}
COMMAND: POST /session/cd477e99f4e247ef02c326ac6df7445e/elements - {"using":"xpath","value":"//header[contains(@id, 'detailRruPage-headerTitle')]/div[1]/div[2]/div[2]/span[1]"}
RESULT: {"using":"xpath","value":"//header[contains(@id, 'detailRruPage-headerTitle')]/div[1]/div[2]/div[2]/span[1]"}
COMMAND: POST /session/cd477e99f4e247ef02c326ac6df7445e/execute/sync - {"script":"<script> [56 bytes]","args":[{"element-6066-11e4-a52e-4f735466cecf":"f.375AD1BF2998C782D6149A43C57C8E27.d.264122AD89A353D722062031C2ABB0D5.e.24365","ELEMENT":"f.375AD1BF2998C782D6149A43C57C8E27.d.264122AD89A353D722062031C2ABB0D5.e.24365"}]}
RESULT: {"script":"<script> [56 bytes]","args":[{"element-6066-11e4-a52e-4f735466cecf":"f.375AD1BF2998C782D6149A43C57C8E27.d.264122AD89A353D722062031C2ABB0D5.e.24365","ELEMENT":"f.375AD1BF2998C782D6149A43C57C8E27.d.264122AD89A353D722062031C2ABB0D5.e.24365"}]}
COMMAND: POST /session/cd477e99f4e247ef02c326ac6df7445e/element - {"using":"css selector","value":"#shell-header-logo"}
COMMAND: GET /session/cd477e99f4e247ef02c326ac6df7445e/screenshot - {}
RESULT: {"using":"css selector","value":"#shell-header-logo"}
COMMAND: POST /session/cd477e99f4e247ef02c326ac6df7445e/element/f.375AD1BF2998C782D6149A43C57C8E27.d.264122AD89A353D722062031C2ABB0D5.e.23826/click - {}
RESULT: {}
RESULT: {}
COMMAND: GET /session/cd477e99f4e247ef02c326ac6df7445e/screenshot - {}
RESULT: {}
]]></system-out>
    </testcase>
    <testcase classname="chrome.135_0_7049_96.windows.RU_Inventory_Mass_State_Change_Multiple_Items_US151066" name="Prerequisite Step 2 Should do a stock increase handover for the equipment" time="79.966">
      <system-out><![CDATA[
COMMAND: POST /session/cd477e99f4e247ef02c326ac6df7445e/execute/async - {"script":"<script> [1562 bytes]","args":[{"selector":{"controlType":"sap.m.Text","viewName":"etm.portal.ui.managehandoverstile.view.Master","properties":{"text":"Manage Handovers"},"interaction":{"idSuffix":"inner"}},"wdio_ui5_key":"etmportal.ui.managehandoverstile.view.Mastersap.m.Text{\"text\":\"Manage Handovers\"}"}]}
RESULT: {"script":"<script> [1562 bytes]","args":[{"selector":{"controlType":"sap.m.Text","viewName":"etm.portal.ui.managehandoverstile.view.Master","properties":{"text":"Manage Handovers"},"interaction":{"idSuffix":"inner"}},"wdio_ui5_key":"etmportal.ui.managehandoverstile.view.Mastersap.m.Text{\"text\":\"Manage Handovers\"}"}]}
RESULT: undefined
COMMAND: POST /session/cd477e99f4e247ef02c326ac6df7445e/element - {"using":"xpath","value":"//*[@id=\"__tile132-title\"]"}
RESULT: {"using":"xpath","value":"//*[@id=\"__tile132-title\"]"}
COMMAND: POST /session/cd477e99f4e247ef02c326ac6df7445e/element/f.375AD1BF2998C782D6149A43C57C8E27.d.264122AD89A353D722062031C2ABB0D5.e.24370/click - {}
RESULT: {}
COMMAND: POST /session/cd477e99f4e247ef02c326ac6df7445e/element - {"using":"xpath","value":"//button[@data-kt=\"masterHOAddButton\"]"}
COMMAND: GET /session/cd477e99f4e247ef02c326ac6df7445e/screenshot - {}
RESULT: {"using":"xpath","value":"//button[@data-kt=\"masterHOAddButton\"]"}
COMMAND: POST /session/cd477e99f4e247ef02c326ac6df7445e/elements - {"using":"xpath","value":"//button[@data-kt=\"masterHOAddButton\"]"}
RESULT: {}
RESULT: {"using":"xpath","value":"//button[@data-kt=\"masterHOAddButton\"]"}
COMMAND: POST /session/cd477e99f4e247ef02c326ac6df7445e/elements - {"using":"xpath","value":"//button[@data-kt=\"masterHOAddButton\"]"}
RESULT: {"using":"xpath","value":"//button[@data-kt=\"masterHOAddButton\"]"}
COMMAND: POST /session/cd477e99f4e247ef02c326ac6df7445e/elements - {"using":"xpath","value":"//button[@data-kt=\"masterHOAddButton\"]"}
RESULT: {"using":"xpath","value":"//button[@data-kt=\"masterHOAddButton\"]"}
COMMAND: POST /session/cd477e99f4e247ef02c326ac6df7445e/elements - {"using":"xpath","value":"//button[@data-kt=\"masterHOAddButton\"]"}
RESULT: {"using":"xpath","value":"//button[@data-kt=\"masterHOAddButton\"]"}
COMMAND: POST /session/cd477e99f4e247ef02c326ac6df7445e/elements - {"using":"xpath","value":"//button[@data-kt=\"masterHOAddButton\"]"}
RESULT: {"using":"xpath","value":"//button[@data-kt=\"masterHOAddButton\"]"}
COMMAND: POST /session/cd477e99f4e247ef02c326ac6df7445e/elements - {"using":"xpath","value":"//button[@data-kt=\"masterHOAddButton\"]"}
RESULT: {"using":"xpath","value":"//button[@data-kt=\"masterHOAddButton\"]"}
COMMAND: POST /session/cd477e99f4e247ef02c326ac6df7445e/elements - {"using":"xpath","value":"//button[@data-kt=\"masterHOAddButton\"]"}
RESULT: {"using":"xpath","value":"//button[@data-kt=\"masterHOAddButton\"]"}
COMMAND: POST /session/cd477e99f4e247ef02c326ac6df7445e/elements - {"using":"xpath","value":"//button[@data-kt=\"masterHOAddButton\"]"}
RESULT: {"using":"xpath","value":"//button[@data-kt=\"masterHOAddButton\"]"}
COMMAND: POST /session/cd477e99f4e247ef02c326ac6df7445e/elements - {"using":"xpath","value":"//button[@data-kt=\"masterHOAddButton\"]"}
RESULT: {"using":"xpath","value":"//button[@data-kt=\"masterHOAddButton\"]"}
COMMAND: POST /session/cd477e99f4e247ef02c326ac6df7445e/elements - {"using":"xpath","value":"//button[@data-kt=\"masterHOAddButton\"]"}
RESULT: {"using":"xpath","value":"//button[@data-kt=\"masterHOAddButton\"]"}
COMMAND: POST /session/cd477e99f4e247ef02c326ac6df7445e/elements - {"using":"xpath","value":"//button[@data-kt=\"masterHOAddButton\"]"}
RESULT: {"using":"xpath","value":"//button[@data-kt=\"masterHOAddButton\"]"}
COMMAND: POST /session/cd477e99f4e247ef02c326ac6df7445e/elements - {"using":"xpath","value":"//button[@data-kt=\"masterHOAddButton\"]"}
RESULT: {"using":"xpath","value":"//button[@data-kt=\"masterHOAddButton\"]"}
COMMAND: POST /session/cd477e99f4e247ef02c326ac6df7445e/elements - {"using":"xpath","value":"//button[@data-kt=\"masterHOAddButton\"]"}
RESULT: {"using":"xpath","value":"//button[@data-kt=\"masterHOAddButton\"]"}
COMMAND: POST /session/cd477e99f4e247ef02c326ac6df7445e/element - {"using":"xpath","value":"//button[@data-kt=\"masterHOAddButton\"]"}
RESULT: {"using":"xpath","value":"//button[@data-kt=\"masterHOAddButton\"]"}
COMMAND: POST /session/cd477e99f4e247ef02c326ac6df7445e/execute/sync - {"script":"<script> [8489 bytes]","args":[{"element-6066-11e4-a52e-4f735466cecf":"f.375AD1BF2998C782D6149A43C57C8E27.d.264122AD89A353D722062031C2ABB0D5.e.24409","ELEMENT":"f.375AD1BF2998C782D6149A43C57C8E27.d.264122AD89A353D722062031C2ABB0D5.e.24409"}]}
RESULT: {"script":"<script> [8489 bytes]","args":[{"element-6066-11e4-a52e-4f735466cecf":"f.375AD1BF2998C782D6149A43C57C8E27.d.264122AD89A353D722062031C2ABB0D5.e.24409","ELEMENT":"f.375AD1BF2998C782D6149A43C57C8E27.d.264122AD89A353D722062031C2ABB0D5.e.24409"}]}
COMMAND: GET /session/cd477e99f4e247ef02c326ac6df7445e/element/f.375AD1BF2998C782D6149A43C57C8E27.d.264122AD89A353D722062031C2ABB0D5.e.24409/enabled - {}
COMMAND: GET /session/cd477e99f4e247ef02c326ac6df7445e/screenshot - {}
RESULT: {}
COMMAND: POST /session/cd477e99f4e247ef02c326ac6df7445e/execute/sync - {"script":"<script> [8489 bytes]","args":[{"element-6066-11e4-a52e-4f735466cecf":"f.375AD1BF2998C782D6149A43C57C8E27.d.264122AD89A353D722062031C2ABB0D5.e.24409","ELEMENT":"f.375AD1BF2998C782D6149A43C57C8E27.d.264122AD89A353D722062031C2ABB0D5.e.24409"}]}
COMMAND: GET /session/cd477e99f4e247ef02c326ac6df7445e/screenshot - {}
RESULT: {}
RESULT: {"script":"<script> [8489 bytes]","args":[{"element-6066-11e4-a52e-4f735466cecf":"f.375AD1BF2998C782D6149A43C57C8E27.d.264122AD89A353D722062031C2ABB0D5.e.24409","ELEMENT":"f.375AD1BF2998C782D6149A43C57C8E27.d.264122AD89A353D722062031C2ABB0D5.e.24409"}]}
COMMAND: POST /session/cd477e99f4e247ef02c326ac6df7445e/execute/sync - {"script":"<script> [5351 bytes]","args":[{"element-6066-11e4-a52e-4f735466cecf":"f.375AD1BF2998C782D6149A43C57C8E27.d.264122AD89A353D722062031C2ABB0D5.e.24409","ELEMENT":"f.375AD1BF2998C782D6149A43C57C8E27.d.264122AD89A353D722062031C2ABB0D5.e.24409"}]}
COMMAND: GET /session/cd477e99f4e247ef02c326ac6df7445e/screenshot - {}
RESULT: {}
RESULT: {"script":"<script> [5351 bytes]","args":[{"element-6066-11e4-a52e-4f735466cecf":"f.375AD1BF2998C782D6149A43C57C8E27.d.264122AD89A353D722062031C2ABB0D5.e.24409","ELEMENT":"f.375AD1BF2998C782D6149A43C57C8E27.d.264122AD89A353D722062031C2ABB0D5.e.24409"}]}
COMMAND: POST /session/cd477e99f4e247ef02c326ac6df7445e/element/f.375AD1BF2998C782D6149A43C57C8E27.d.264122AD89A353D722062031C2ABB0D5.e.24409/click - {}
COMMAND: GET /session/cd477e99f4e247ef02c326ac6df7445e/screenshot - {}
RESULT: {}
RESULT: {}
COMMAND: GET /session/cd477e99f4e247ef02c326ac6df7445e/screenshot - {}
RESULT: {}
RESULT: {}
COMMAND: POST /session/cd477e99f4e247ef02c326ac6df7445e/element - {"using":"xpath","value":"//span[contains(@id ,\"AddNewHO--typeSelect-arrow\")]"}
RESULT: {"using":"xpath","value":"//span[contains(@id ,\"AddNewHO--typeSelect-arrow\")]"}
COMMAND: POST /session/cd477e99f4e247ef02c326ac6df7445e/element/f.375AD1BF2998C782D6149A43C57C8E27.d.264122AD89A353D722062031C2ABB0D5.e.24763/click - {}
RESULT: {}
COMMAND: GET /session/cd477e99f4e247ef02c326ac6df7445e/screenshot - {}
RESULT: {}
COMMAND: POST /session/cd477e99f4e247ef02c326ac6df7445e/element - {"using":"xpath","value":"(//li[contains(text(), \"stock increase yard\")])[1]"}
RESULT: {"using":"xpath","value":"(//li[contains(text(), \"stock increase yard\")])[1]"}
COMMAND: POST /session/cd477e99f4e247ef02c326ac6df7445e/element/f.375AD1BF2998C782D6149A43C57C8E27.d.264122AD89A353D722062031C2ABB0D5.e.24764/click - {}
RESULT: {}
COMMAND: GET /session/cd477e99f4e247ef02c326ac6df7445e/screenshot - {}
RESULT: {}
COMMAND: POST /session/cd477e99f4e247ef02c326ac6df7445e/execute/async - {"script":"<script> [1562 bytes]","args":[{"selector":{"id":"application-managehandovers-display-component---AddNewHO--dueDate","interaction":{"idSuffix":"inner"}},"wdio_ui5_key":"applicationmanagehandovers-display-component---AddNewHO--dueDate"}]}
RESULT: {"script":"<script> [1562 bytes]","args":[{"selector":{"id":"application-managehandovers-display-component---AddNewHO--dueDate","interaction":{"idSuffix":"inner"}},"wdio_ui5_key":"applicationmanagehandovers-display-component---AddNewHO--dueDate"}]}
RESULT: undefined
COMMAND: POST /session/cd477e99f4e247ef02c326ac6df7445e/execute/async - {"script":"<script> [6424 bytes]","args":[{"element-6066-11e4-a52e-4f735466cecf":"f.375AD1BF2998C782D6149A43C57C8E27.d.264122AD89A353D722062031C2ABB0D5.e.24766"},"setValue",["04/24/2025"]]}
RESULT: {"script":"<script> [6424 bytes]","args":[{"element-6066-11e4-a52e-4f735466cecf":"f.375AD1BF2998C782D6149A43C57C8E27.d.264122AD89A353D722062031C2ABB0D5.e.24766"},"setValue",["04/24/2025"]]}
COMMAND: POST /session/cd477e99f4e247ef02c326ac6df7445e/element - {"using":"xpath","value":"//input[@id=\"generalSectionFrg--receiveYard-inner\"]"}
RESULT: {"using":"xpath","value":"//input[@id=\"generalSectionFrg--receiveYard-inner\"]"}
COMMAND: POST /session/cd477e99f4e247ef02c326ac6df7445e/element/f.375AD1BF2998C782D6149A43C57C8E27.d.264122AD89A353D722062031C2ABB0D5.e.24772/clear - {}
RESULT: {}
COMMAND: POST /session/cd477e99f4e247ef02c326ac6df7445e/element/f.375AD1BF2998C782D6149A43C57C8E27.d.264122AD89A353D722062031C2ABB0D5.e.24772/value - {"text":"109"}
COMMAND: GET /session/cd477e99f4e247ef02c326ac6df7445e/screenshot - {}
RESULT: {"text":"109"}
COMMAND: GET /session/cd477e99f4e247ef02c326ac6df7445e/screenshot - {}
RESULT: {}
RESULT: {}
COMMAND: POST /session/cd477e99f4e247ef02c326ac6df7445e/element - {"using":"xpath","value":"//li[.//span[text()='109']]"}
RESULT: {"using":"xpath","value":"//li[.//span[text()='109']]"}
COMMAND: POST /session/cd477e99f4e247ef02c326ac6df7445e/element/f.375AD1BF2998C782D6149A43C57C8E27.d.264122AD89A353D722062031C2ABB0D5.e.24789/click - {}
RESULT: {}
COMMAND: GET /session/cd477e99f4e247ef02c326ac6df7445e/screenshot - {}
RESULT: {}
COMMAND: POST /session/cd477e99f4e247ef02c326ac6df7445e/execute/async - {"script":"<script> [1562 bytes]","args":[{"selector":{"id":"application-managehandovers-display-component---AddNewHO--ObjectPageLayout-anchBar-application-managehandovers-display-component---AddNewHO--section4-anchor","interaction":{"idSuffix":"BDI-content"}},"wdio_ui5_key":"applicationmanagehandovers-display-component---AddNewHO--ObjectPageLayout-anchBar-application-managehandovers-display-component---AddNewHO--section4-anchor"}]}
RESULT: {"script":"<script> [1562 bytes]","args":[{"selector":{"id":"application-managehandovers-display-component---AddNewHO--ObjectPageLayout-anchBar-application-managehandovers-display-component---AddNewHO--section4-anchor","interaction":{"idSuffix":"BDI-content"}},"wdio_ui5_key":"applicationmanagehandovers-display-component---AddNewHO--ObjectPageLayout-anchBar-application-managehandovers-display-component---AddNewHO--section4-anchor"}]}
RESULT: undefined
COMMAND: POST /session/cd477e99f4e247ef02c326ac6df7445e/element - {"using":"xpath","value":"//*[@id=\"application-managehandovers-display-component---AddNewHO--ObjectPageLayout-anchBar-application-managehandovers-display-component---AddNewHO--section4-anchor\"]"}
RESULT: {"using":"xpath","value":"//*[@id=\"application-managehandovers-display-component---AddNewHO--ObjectPageLayout-anchBar-application-managehandovers-display-component---AddNewHO--section4-anchor\"]"}
COMMAND: POST /session/cd477e99f4e247ef02c326ac6df7445e/element/f.375AD1BF2998C782D6149A43C57C8E27.d.264122AD89A353D722062031C2ABB0D5.e.24791/click - {}
RESULT: {}
COMMAND: POST /session/cd477e99f4e247ef02c326ac6df7445e/element - {"using":"xpath","value":"//button[@aria-label=\"Add\"]"}
COMMAND: GET /session/cd477e99f4e247ef02c326ac6df7445e/screenshot - {}
RESULT: {"using":"xpath","value":"//button[@aria-label=\"Add\"]"}
COMMAND: POST /session/cd477e99f4e247ef02c326ac6df7445e/element/f.375AD1BF2998C782D6149A43C57C8E27.d.264122AD89A353D722062031C2ABB0D5.e.24795/click - {}
RESULT: {}
RESULT: {}
COMMAND: GET /session/cd477e99f4e247ef02c326ac6df7445e/screenshot - {}
RESULT: {}
COMMAND: POST /session/cd477e99f4e247ef02c326ac6df7445e/execute/async - {"script":"<script> [1562 bytes]","args":[{"selector":{"id":"application-managehandovers-display-component---AddNewHO--smartFilterBar-btnBasicSearch","searchOpenDialogs":true,"interaction":{"idSuffix":"I"}},"wdio_ui5_key":"applicationmanagehandovers-display-component---AddNewHO--smartFilterBar-btnBasicSearch"}]}
RESULT: {"script":"<script> [1562 bytes]","args":[{"selector":{"id":"application-managehandovers-display-component---AddNewHO--smartFilterBar-btnBasicSearch","searchOpenDialogs":true,"interaction":{"idSuffix":"I"}},"wdio_ui5_key":"applicationmanagehandovers-display-component---AddNewHO--smartFilterBar-btnBasicSearch"}]}
RESULT: undefined
COMMAND: POST /session/cd477e99f4e247ef02c326ac6df7445e/execute/async - {"script":"<script> [776 bytes]","args":[{"enterText":"DilRKaGMl2","selector":{"id":"application-managehandovers-display-component---AddNewHO--smartFilterBar-btnBasicSearch","searchOpenDialogs":true,"interaction":{"idSuffix":"I"}},"clearTextFirst":true,"interactionType":"ENTER_TEXT"}]}
RESULT: {"script":"<script> [776 bytes]","args":[{"enterText":"DilRKaGMl2","selector":{"id":"application-managehandovers-display-component---AddNewHO--smartFilterBar-btnBasicSearch","searchOpenDialogs":true,"interaction":{"idSuffix":"I"}},"clearTextFirst":true,"interactionType":"ENTER_TEXT"}]}
COMMAND: POST /session/cd477e99f4e247ef02c326ac6df7445e/actions - {"actions":[{"id":"action70","type":"key","parameters":{},"actions":[{"type":"keyDown","value":"î€‡"},{"type":"pause","duration":10},{"type":"keyUp","value":"î€‡"}]}]}
RESULT: {"actions":[{"id":"action70","type":"key","parameters":{},"actions":[{"type":"keyDown","value":"î€‡"},{"type":"pause","duration":10},{"type":"keyUp","value":"î€‡"}]}]}
COMMAND: GET /session/cd477e99f4e247ef02c326ac6df7445e/screenshot - {}
RESULT: {}
COMMAND: POST /session/cd477e99f4e247ef02c326ac6df7445e/execute/async - {"script":"<script> [1562 bytes]","args":[{"selector":{"id":"application-managehandovers-display-component---AddNewHO--popup-sa","searchOpenDialogs":true,"interaction":{"idSuffix":"CbBg"}},"wdio_ui5_key":"applicationmanagehandovers-display-component---AddNewHO--popup-sa"}]}
RESULT: {"script":"<script> [1562 bytes]","args":[{"selector":{"id":"application-managehandovers-display-component---AddNewHO--popup-sa","searchOpenDialogs":true,"interaction":{"idSuffix":"CbBg"}},"wdio_ui5_key":"applicationmanagehandovers-display-component---AddNewHO--popup-sa"}]}
RESULT: undefined
COMMAND: POST /session/cd477e99f4e247ef02c326ac6df7445e/element - {"using":"xpath","value":"//*[@id=\"application-managehandovers-display-component---AddNewHO--popup-sa\"]"}
RESULT: {"using":"xpath","value":"//*[@id=\"application-managehandovers-display-component---AddNewHO--popup-sa\"]"}
COMMAND: POST /session/cd477e99f4e247ef02c326ac6df7445e/element/f.375AD1BF2998C782D6149A43C57C8E27.d.264122AD89A353D722062031C2ABB0D5.e.24948/click - {}
RESULT: {}
COMMAND: GET /session/cd477e99f4e247ef02c326ac6df7445e/screenshot - {}
RESULT: {}
COMMAND: POST /session/cd477e99f4e247ef02c326ac6df7445e/element - {"using":"xpath","value":"//bdi[contains(text(), \"Select\")]"}
RESULT: {"using":"xpath","value":"//bdi[contains(text(), \"Select\")]"}
COMMAND: POST /session/cd477e99f4e247ef02c326ac6df7445e/element/f.375AD1BF2998C782D6149A43C57C8E27.d.264122AD89A353D722062031C2ABB0D5.e.24949/click - {}
RESULT: {}
COMMAND: GET /session/cd477e99f4e247ef02c326ac6df7445e/screenshot - {}
RESULT: {}
COMMAND: POST /session/cd477e99f4e247ef02c326ac6df7445e/element - {"using":"xpath","value":"//button[@data-kt=\"AddNewHOSaveButton\"]"}
RESULT: {"using":"xpath","value":"//button[@data-kt=\"AddNewHOSaveButton\"]"}
COMMAND: POST /session/cd477e99f4e247ef02c326ac6df7445e/element/f.375AD1BF2998C782D6149A43C57C8E27.d.264122AD89A353D722062031C2ABB0D5.e.24953/click - {}
RESULT: {}
COMMAND: GET /session/cd477e99f4e247ef02c326ac6df7445e/screenshot - {}
RESULT: {}
COMMAND: POST /session/cd477e99f4e247ef02c326ac6df7445e/execute/async - {"script":"<script> [1562 bytes]","args":[{"selector":{"id":"receiptDatePicker","viewName":"etm.portal.ui.managehandovers.view.DetailExecuteHO","interaction":{"idSuffix":"inner"}},"wdio_ui5_key":"receiptDatePickeretmportal.ui.managehandovers.view.DetailExecuteHO"}]}
RESULT: {"script":"<script> [1562 bytes]","args":[{"selector":{"id":"receiptDatePicker","viewName":"etm.portal.ui.managehandovers.view.DetailExecuteHO","interaction":{"idSuffix":"inner"}},"wdio_ui5_key":"receiptDatePickeretmportal.ui.managehandovers.view.DetailExecuteHO"}]}
RESULT: undefined
COMMAND: POST /session/cd477e99f4e247ef02c326ac6df7445e/execute/async - {"script":"<script> [6424 bytes]","args":[{"element-6066-11e4-a52e-4f735466cecf":"f.375AD1BF2998C782D6149A43C57C8E27.d.264122AD89A353D722062031C2ABB0D5.e.24969"},"setValue",["04/24/2025"]]}
RESULT: {"script":"<script> [6424 bytes]","args":[{"element-6066-11e4-a52e-4f735466cecf":"f.375AD1BF2998C782D6149A43C57C8E27.d.264122AD89A353D722062031C2ABB0D5.e.24969"},"setValue",["04/24/2025"]]}
COMMAND: POST /session/cd477e99f4e247ef02c326ac6df7445e/element - {"using":"xpath","value":"//button[@data-kt=\"PickingTableConfirmAllButton\"]"}
RESULT: {"using":"xpath","value":"//button[@data-kt=\"PickingTableConfirmAllButton\"]"}
COMMAND: POST /session/cd477e99f4e247ef02c326ac6df7445e/element/f.375AD1BF2998C782D6149A43C57C8E27.d.264122AD89A353D722062031C2ABB0D5.e.24999/click - {}
RESULT: {}
COMMAND: GET /session/cd477e99f4e247ef02c326ac6df7445e/screenshot - {}
RESULT: {}
COMMAND: POST /session/cd477e99f4e247ef02c326ac6df7445e/element - {"using":"xpath","value":"//bdi[contains(text(), \"OK\")]"}
RESULT: {"using":"xpath","value":"//bdi[contains(text(), \"OK\")]"}
COMMAND: POST /session/cd477e99f4e247ef02c326ac6df7445e/element/f.375AD1BF2998C782D6149A43C57C8E27.d.264122AD89A353D722062031C2ABB0D5.e.25001/click - {}
RESULT: {}
COMMAND: GET /session/cd477e99f4e247ef02c326ac6df7445e/screenshot - {}
RESULT: {}
COMMAND: POST /session/cd477e99f4e247ef02c326ac6df7445e/element - {"using":"xpath","value":"(//bdi[contains(text(), \"Receive\")])[2]"}
RESULT: {"using":"xpath","value":"(//bdi[contains(text(), \"Receive\")])[2]"}
COMMAND: POST /session/cd477e99f4e247ef02c326ac6df7445e/element/f.375AD1BF2998C782D6149A43C57C8E27.d.264122AD89A353D722062031C2ABB0D5.e.25003/click - {}
RESULT: {}
COMMAND: GET /session/cd477e99f4e247ef02c326ac6df7445e/screenshot - {}
RESULT: {}
COMMAND: POST /session/cd477e99f4e247ef02c326ac6df7445e/element - {"using":"css selector","value":"#shell-header-logo"}
RESULT: {"using":"css selector","value":"#shell-header-logo"}
COMMAND: POST /session/cd477e99f4e247ef02c326ac6df7445e/element/f.375AD1BF2998C782D6149A43C57C8E27.d.264122AD89A353D722062031C2ABB0D5.e.24372/click - {}
RESULT: {}
COMMAND: GET /session/cd477e99f4e247ef02c326ac6df7445e/screenshot - {}
RESULT: {}
]]></system-out>
    </testcase>
    <testcase classname="chrome.135_0_7049_96.windows.RU_Inventory_Mass_State_Change_Multiple_Items_US151066" name="Prerequisite Step 2 Should do a stock increase handover for the material" time="80.442">
      <system-out><![CDATA[
RESULT: undefined
COMMAND: POST /session/cd477e99f4e247ef02c326ac6df7445e/element - {"using":"xpath","value":"//*[@id=\"__tile132-title\"]"}
RESULT: {"using":"xpath","value":"//*[@id=\"__tile132-title\"]"}
COMMAND: POST /session/cd477e99f4e247ef02c326ac6df7445e/element/f.375AD1BF2998C782D6149A43C57C8E27.d.264122AD89A353D722062031C2ABB0D5.e.24370/click - {}
RESULT: {}
COMMAND: POST /session/cd477e99f4e247ef02c326ac6df7445e/element - {"using":"xpath","value":"//button[@data-kt=\"masterHOAddButton\"]"}
COMMAND: GET /session/cd477e99f4e247ef02c326ac6df7445e/screenshot - {}
RESULT: {"using":"xpath","value":"//button[@data-kt=\"masterHOAddButton\"]"}
COMMAND: POST /session/cd477e99f4e247ef02c326ac6df7445e/elements - {"using":"xpath","value":"//button[@data-kt=\"masterHOAddButton\"]"}
RESULT: {}
RESULT: {"using":"xpath","value":"//button[@data-kt=\"masterHOAddButton\"]"}
COMMAND: POST /session/cd477e99f4e247ef02c326ac6df7445e/element - {"using":"xpath","value":"//button[@data-kt=\"masterHOAddButton\"]"}
RESULT: {"using":"xpath","value":"//button[@data-kt=\"masterHOAddButton\"]"}
COMMAND: POST /session/cd477e99f4e247ef02c326ac6df7445e/execute/sync - {"script":"<script> [8489 bytes]","args":[{"element-6066-11e4-a52e-4f735466cecf":"f.375AD1BF2998C782D6149A43C57C8E27.d.264122AD89A353D722062031C2ABB0D5.e.25206","ELEMENT":"f.375AD1BF2998C782D6149A43C57C8E27.d.264122AD89A353D722062031C2ABB0D5.e.25206"}]}
RESULT: {"script":"<script> [8489 bytes]","args":[{"element-6066-11e4-a52e-4f735466cecf":"f.375AD1BF2998C782D6149A43C57C8E27.d.264122AD89A353D722062031C2ABB0D5.e.25206","ELEMENT":"f.375AD1BF2998C782D6149A43C57C8E27.d.264122AD89A353D722062031C2ABB0D5.e.25206"}]}
COMMAND: GET /session/cd477e99f4e247ef02c326ac6df7445e/element/f.375AD1BF2998C782D6149A43C57C8E27.d.264122AD89A353D722062031C2ABB0D5.e.25206/enabled - {}
COMMAND: GET /session/cd477e99f4e247ef02c326ac6df7445e/screenshot - {}
RESULT: {}
COMMAND: POST /session/cd477e99f4e247ef02c326ac6df7445e/execute/sync - {"script":"<script> [8489 bytes]","args":[{"element-6066-11e4-a52e-4f735466cecf":"f.375AD1BF2998C782D6149A43C57C8E27.d.264122AD89A353D722062031C2ABB0D5.e.25206","ELEMENT":"f.375AD1BF2998C782D6149A43C57C8E27.d.264122AD89A353D722062031C2ABB0D5.e.25206"}]}
COMMAND: GET /session/cd477e99f4e247ef02c326ac6df7445e/screenshot - {}
RESULT: {}
RESULT: {"script":"<script> [8489 bytes]","args":[{"element-6066-11e4-a52e-4f735466cecf":"f.375AD1BF2998C782D6149A43C57C8E27.d.264122AD89A353D722062031C2ABB0D5.e.25206","ELEMENT":"f.375AD1BF2998C782D6149A43C57C8E27.d.264122AD89A353D722062031C2ABB0D5.e.25206"}]}
COMMAND: POST /session/cd477e99f4e247ef02c326ac6df7445e/execute/sync - {"script":"<script> [5351 bytes]","args":[{"element-6066-11e4-a52e-4f735466cecf":"f.375AD1BF2998C782D6149A43C57C8E27.d.264122AD89A353D722062031C2ABB0D5.e.25206","ELEMENT":"f.375AD1BF2998C782D6149A43C57C8E27.d.264122AD89A353D722062031C2ABB0D5.e.25206"}]}
COMMAND: GET /session/cd477e99f4e247ef02c326ac6df7445e/screenshot - {}
RESULT: {}
RESULT: {"script":"<script> [5351 bytes]","args":[{"element-6066-11e4-a52e-4f735466cecf":"f.375AD1BF2998C782D6149A43C57C8E27.d.264122AD89A353D722062031C2ABB0D5.e.25206","ELEMENT":"f.375AD1BF2998C782D6149A43C57C8E27.d.264122AD89A353D722062031C2ABB0D5.e.25206"}]}
COMMAND: POST /session/cd477e99f4e247ef02c326ac6df7445e/element/f.375AD1BF2998C782D6149A43C57C8E27.d.264122AD89A353D722062031C2ABB0D5.e.25206/click - {}
COMMAND: GET /session/cd477e99f4e247ef02c326ac6df7445e/screenshot - {}
RESULT: {}
RESULT: {}
COMMAND: GET /session/cd477e99f4e247ef02c326ac6df7445e/screenshot - {}
RESULT: {}
COMMAND: POST /session/cd477e99f4e247ef02c326ac6df7445e/element - {"using":"xpath","value":"//span[contains(@id ,\"AddNewHO--typeSelect-arrow\")]"}
RESULT: {}
RESULT: {"using":"xpath","value":"//span[contains(@id ,\"AddNewHO--typeSelect-arrow\")]"}
COMMAND: POST /session/cd477e99f4e247ef02c326ac6df7445e/element/f.375AD1BF2998C782D6149A43C57C8E27.d.264122AD89A353D722062031C2ABB0D5.e.25616/click - {}
RESULT: {}
COMMAND: GET /session/cd477e99f4e247ef02c326ac6df7445e/screenshot - {}
RESULT: {}
COMMAND: POST /session/cd477e99f4e247ef02c326ac6df7445e/element - {"using":"xpath","value":"(//li[contains(text(), \"stock increase yard\")])[1]"}
RESULT: {"using":"xpath","value":"(//li[contains(text(), \"stock increase yard\")])[1]"}
COMMAND: POST /session/cd477e99f4e247ef02c326ac6df7445e/element/f.375AD1BF2998C782D6149A43C57C8E27.d.264122AD89A353D722062031C2ABB0D5.e.25617/click - {}
RESULT: {}
COMMAND: GET /session/cd477e99f4e247ef02c326ac6df7445e/screenshot - {}
RESULT: {}
RESULT: undefined
COMMAND: POST /session/cd477e99f4e247ef02c326ac6df7445e/execute/async - {"script":"<script> [6424 bytes]","args":[{"element-6066-11e4-a52e-4f735466cecf":"f.375AD1BF2998C782D6149A43C57C8E27.d.264122AD89A353D722062031C2ABB0D5.e.24766"},"setValue",["04/24/2025"]]}
COMMAND: POST /session/cd477e99f4e247ef02c326ac6df7445e/execute/async - {"script":"<script> [1562 bytes]","args":[{"selector":{"id":"application-managehandovers-display-component---AddNewHO--dueDate","interaction":{"idSuffix":"inner"}},"wdio_ui5_key":"applicationmanagehandovers-display-component---AddNewHO--dueDate"}]}
RESULT: {"script":"<script> [1562 bytes]","args":[{"selector":{"id":"application-managehandovers-display-component---AddNewHO--dueDate","interaction":{"idSuffix":"inner"}},"wdio_ui5_key":"applicationmanagehandovers-display-component---AddNewHO--dueDate"}]}
COMMAND: POST /session/cd477e99f4e247ef02c326ac6df7445e/execute/async - {"script":"<script> [6424 bytes]","args":[{"element-6066-11e4-a52e-4f735466cecf":"f.375AD1BF2998C782D6149A43C57C8E27.d.264122AD89A353D722062031C2ABB0D5.e.25619"},"setValue",["04/24/2025"]]}
RESULT: {"script":"<script> [6424 bytes]","args":[{"element-6066-11e4-a52e-4f735466cecf":"f.375AD1BF2998C782D6149A43C57C8E27.d.264122AD89A353D722062031C2ABB0D5.e.25619"},"setValue",["04/24/2025"]]}
COMMAND: POST /session/cd477e99f4e247ef02c326ac6df7445e/element - {"using":"xpath","value":"//input[@id=\"generalSectionFrg--receiveYard-inner\"]"}
RESULT: {"using":"xpath","value":"//input[@id=\"generalSectionFrg--receiveYard-inner\"]"}
COMMAND: POST /session/cd477e99f4e247ef02c326ac6df7445e/element/f.375AD1BF2998C782D6149A43C57C8E27.d.264122AD89A353D722062031C2ABB0D5.e.25625/clear - {}
RESULT: {}
COMMAND: POST /session/cd477e99f4e247ef02c326ac6df7445e/element/f.375AD1BF2998C782D6149A43C57C8E27.d.264122AD89A353D722062031C2ABB0D5.e.25625/value - {"text":"109"}
COMMAND: GET /session/cd477e99f4e247ef02c326ac6df7445e/screenshot - {}
RESULT: {"text":"109"}
COMMAND: GET /session/cd477e99f4e247ef02c326ac6df7445e/screenshot - {}
RESULT: {}
RESULT: {}
COMMAND: POST /session/cd477e99f4e247ef02c326ac6df7445e/element - {"using":"xpath","value":"//li[.//span[text()='109']]"}
RESULT: {"using":"xpath","value":"//li[.//span[text()='109']]"}
COMMAND: POST /session/cd477e99f4e247ef02c326ac6df7445e/element/f.375AD1BF2998C782D6149A43C57C8E27.d.264122AD89A353D722062031C2ABB0D5.e.25642/click - {}
RESULT: {}
COMMAND: GET /session/cd477e99f4e247ef02c326ac6df7445e/screenshot - {}
RESULT: {}
RESULT: undefined
COMMAND: POST /session/cd477e99f4e247ef02c326ac6df7445e/element - {"using":"xpath","value":"//*[@id=\"application-managehandovers-display-component---AddNewHO--ObjectPageLayout-anchBar-application-managehandovers-display-component---AddNewHO--section4-anchor\"]"}
RESULT: {"using":"xpath","value":"//*[@id=\"application-managehandovers-display-component---AddNewHO--ObjectPageLayout-anchBar-application-managehandovers-display-component---AddNewHO--section4-anchor\"]"}
COMMAND: POST /session/cd477e99f4e247ef02c326ac6df7445e/element/f.375AD1BF2998C782D6149A43C57C8E27.d.264122AD89A353D722062031C2ABB0D5.e.25643/click - {}
RESULT: {}
COMMAND: POST /session/cd477e99f4e247ef02c326ac6df7445e/element - {"using":"xpath","value":"//button[@aria-label=\"Add\"]"}
COMMAND: GET /session/cd477e99f4e247ef02c326ac6df7445e/screenshot - {}
RESULT: {"using":"xpath","value":"//button[@aria-label=\"Add\"]"}
COMMAND: POST /session/cd477e99f4e247ef02c326ac6df7445e/element/f.375AD1BF2998C782D6149A43C57C8E27.d.264122AD89A353D722062031C2ABB0D5.e.25645/click - {}
RESULT: {}
RESULT: {}
COMMAND: GET /session/cd477e99f4e247ef02c326ac6df7445e/screenshot - {}
RESULT: {}
RESULT: undefined
COMMAND: POST /session/cd477e99f4e247ef02c326ac6df7445e/execute/async - {"script":"<script> [776 bytes]","args":[{"enterText":"200526","selector":{"id":"application-managehandovers-display-component---AddNewHO--smartFilterBar-btnBasicSearch","searchOpenDialogs":true,"interaction":{"idSuffix":"I"}},"clearTextFirst":true,"interactionType":"ENTER_TEXT"}]}
RESULT: {"script":"<script> [776 bytes]","args":[{"enterText":"200526","selector":{"id":"application-managehandovers-display-component---AddNewHO--smartFilterBar-btnBasicSearch","searchOpenDialogs":true,"interaction":{"idSuffix":"I"}},"clearTextFirst":true,"interactionType":"ENTER_TEXT"}]}
COMMAND: POST /session/cd477e99f4e247ef02c326ac6df7445e/actions - {"actions":[{"id":"action71","type":"key","parameters":{},"actions":[{"type":"keyDown","value":"î€‡"},{"type":"pause","duration":10},{"type":"keyUp","value":"î€‡"}]}]}
RESULT: {"actions":[{"id":"action71","type":"key","parameters":{},"actions":[{"type":"keyDown","value":"î€‡"},{"type":"pause","duration":10},{"type":"keyUp","value":"î€‡"}]}]}
COMMAND: GET /session/cd477e99f4e247ef02c326ac6df7445e/screenshot - {}
RESULT: {}
RESULT: undefined
COMMAND: POST /session/cd477e99f4e247ef02c326ac6df7445e/element - {"using":"xpath","value":"//*[@id=\"application-managehandovers-display-component---AddNewHO--popup-sa\"]"}
RESULT: {"using":"xpath","value":"//*[@id=\"application-managehandovers-display-component---AddNewHO--popup-sa\"]"}
COMMAND: POST /session/cd477e99f4e247ef02c326ac6df7445e/element/f.375AD1BF2998C782D6149A43C57C8E27.d.264122AD89A353D722062031C2ABB0D5.e.25797/click - {}
RESULT: {}
COMMAND: GET /session/cd477e99f4e247ef02c326ac6df7445e/screenshot - {}
RESULT: {}
COMMAND: POST /session/cd477e99f4e247ef02c326ac6df7445e/element - {"using":"xpath","value":"//bdi[contains(text(), \"Select\")]"}
RESULT: {"using":"xpath","value":"//bdi[contains(text(), \"Select\")]"}
COMMAND: POST /session/cd477e99f4e247ef02c326ac6df7445e/element/f.375AD1BF2998C782D6149A43C57C8E27.d.264122AD89A353D722062031C2ABB0D5.e.25798/click - {}
RESULT: {}
COMMAND: GET /session/cd477e99f4e247ef02c326ac6df7445e/screenshot - {}
RESULT: {}
COMMAND: POST /session/cd477e99f4e247ef02c326ac6df7445e/element - {"using":"xpath","value":"//button[@data-kt=\"AddNewHOSaveButton\"]"}
RESULT: {"using":"xpath","value":"//button[@data-kt=\"AddNewHOSaveButton\"]"}
COMMAND: POST /session/cd477e99f4e247ef02c326ac6df7445e/element/f.375AD1BF2998C782D6149A43C57C8E27.d.264122AD89A353D722062031C2ABB0D5.e.25802/click - {}
RESULT: {}
COMMAND: GET /session/cd477e99f4e247ef02c326ac6df7445e/screenshot - {}
RESULT: {}
RESULT: undefined
COMMAND: POST /session/cd477e99f4e247ef02c326ac6df7445e/execute/async - {"script":"<script> [6424 bytes]","args":[{"element-6066-11e4-a52e-4f735466cecf":"f.375AD1BF2998C782D6149A43C57C8E27.d.264122AD89A353D722062031C2ABB0D5.e.24969"},"setValue",["04/24/2025"]]}
COMMAND: POST /session/cd477e99f4e247ef02c326ac6df7445e/execute/async - {"script":"<script> [1562 bytes]","args":[{"selector":{"id":"receiptDatePicker","viewName":"etm.portal.ui.managehandovers.view.DetailExecuteHO","interaction":{"idSuffix":"inner"}},"wdio_ui5_key":"receiptDatePickeretmportal.ui.managehandovers.view.DetailExecuteHO"}]}
RESULT: {"script":"<script> [1562 bytes]","args":[{"selector":{"id":"receiptDatePicker","viewName":"etm.portal.ui.managehandovers.view.DetailExecuteHO","interaction":{"idSuffix":"inner"}},"wdio_ui5_key":"receiptDatePickeretmportal.ui.managehandovers.view.DetailExecuteHO"}]}
COMMAND: POST /session/cd477e99f4e247ef02c326ac6df7445e/execute/async - {"script":"<script> [6424 bytes]","args":[{"element-6066-11e4-a52e-4f735466cecf":"f.375AD1BF2998C782D6149A43C57C8E27.d.264122AD89A353D722062031C2ABB0D5.e.25833"},"setValue",["04/24/2025"]]}
RESULT: {"script":"<script> [6424 bytes]","args":[{"element-6066-11e4-a52e-4f735466cecf":"f.375AD1BF2998C782D6149A43C57C8E27.d.264122AD89A353D722062031C2ABB0D5.e.25833"},"setValue",["04/24/2025"]]}
COMMAND: POST /session/cd477e99f4e247ef02c326ac6df7445e/element - {"using":"xpath","value":"//button[@data-kt=\"PickingTableConfirmAllButton\"]"}
RESULT: {"using":"xpath","value":"//button[@data-kt=\"PickingTableConfirmAllButton\"]"}
COMMAND: POST /session/cd477e99f4e247ef02c326ac6df7445e/element/f.375AD1BF2998C782D6149A43C57C8E27.d.264122AD89A353D722062031C2ABB0D5.e.25847/click - {}
RESULT: {}
COMMAND: GET /session/cd477e99f4e247ef02c326ac6df7445e/screenshot - {}
RESULT: {}
COMMAND: POST /session/cd477e99f4e247ef02c326ac6df7445e/element - {"using":"xpath","value":"//bdi[contains(text(), \"OK\")]"}
RESULT: {"using":"xpath","value":"//bdi[contains(text(), \"OK\")]"}
COMMAND: POST /session/cd477e99f4e247ef02c326ac6df7445e/element/f.375AD1BF2998C782D6149A43C57C8E27.d.264122AD89A353D722062031C2ABB0D5.e.25849/click - {}
RESULT: {}
COMMAND: GET /session/cd477e99f4e247ef02c326ac6df7445e/screenshot - {}
RESULT: {}
COMMAND: POST /session/cd477e99f4e247ef02c326ac6df7445e/element - {"using":"xpath","value":"(//bdi[contains(text(), \"Receive\")])[2]"}
RESULT: {"using":"xpath","value":"(//bdi[contains(text(), \"Receive\")])[2]"}
COMMAND: POST /session/cd477e99f4e247ef02c326ac6df7445e/element/f.375AD1BF2998C782D6149A43C57C8E27.d.264122AD89A353D722062031C2ABB0D5.e.25851/click - {}
RESULT: {}
COMMAND: GET /session/cd477e99f4e247ef02c326ac6df7445e/screenshot - {}
RESULT: {}
COMMAND: POST /session/cd477e99f4e247ef02c326ac6df7445e/element - {"using":"css selector","value":"#shell-header-logo"}
RESULT: {"using":"css selector","value":"#shell-header-logo"}
COMMAND: POST /session/cd477e99f4e247ef02c326ac6df7445e/element/f.375AD1BF2998C782D6149A43C57C8E27.d.264122AD89A353D722062031C2ABB0D5.e.25156/click - {}
RESULT: {}
COMMAND: GET /session/cd477e99f4e247ef02c326ac6df7445e/screenshot - {}
RESULT: {}
]]></system-out>
    </testcase>
    <testcase classname="chrome.135_0_7049_96.windows.RU_Inventory_Mass_State_Change_Multiple_Items_US151066" name="Step 2 Should do a RU inventory mass state change on chosen yard 109 with the resources created one equipment one material the existing ones too" time="280.02">
      <system-out><![CDATA[
RESULT: undefined
COMMAND: POST /session/cd477e99f4e247ef02c326ac6df7445e/element - {"using":"xpath","value":"//*[@id=\"__tile99\"]"}
RESULT: {"using":"xpath","value":"//*[@id=\"__tile99\"]"}
COMMAND: POST /session/cd477e99f4e247ef02c326ac6df7445e/element/f.375AD1BF2998C782D6149A43C57C8E27.d.264122AD89A353D722062031C2ABB0D5.e.21221/click - {}
RESULT: {}
COMMAND: POST /session/cd477e99f4e247ef02c326ac6df7445e/element - {"using":"xpath","value":"//button[contains(@id, \"massStateBtn\")]"}
COMMAND: GET /session/cd477e99f4e247ef02c326ac6df7445e/screenshot - {}
RESULT: {"using":"xpath","value":"//button[contains(@id, \"massStateBtn\")]"}
COMMAND: POST /session/cd477e99f4e247ef02c326ac6df7445e/elements - {"using":"xpath","value":"//button[contains(@id, \"massStateBtn\")]"}
RESULT: {}
RESULT: {"using":"xpath","value":"//button[contains(@id, \"massStateBtn\")]"}
COMMAND: POST /session/cd477e99f4e247ef02c326ac6df7445e/element - {"using":"xpath","value":"//button[contains(@id, \"massStateBtn\")]"}
RESULT: {"using":"xpath","value":"//button[contains(@id, \"massStateBtn\")]"}
COMMAND: POST /session/cd477e99f4e247ef02c326ac6df7445e/execute/sync - {"script":"<script> [8489 bytes]","args":[{"element-6066-11e4-a52e-4f735466cecf":"f.375AD1BF2998C782D6149A43C57C8E27.d.264122AD89A353D722062031C2ABB0D5.e.26059","ELEMENT":"f.375AD1BF2998C782D6149A43C57C8E27.d.264122AD89A353D722062031C2ABB0D5.e.26059"}]}
RESULT: {"script":"<script> [8489 bytes]","args":[{"element-6066-11e4-a52e-4f735466cecf":"f.375AD1BF2998C782D6149A43C57C8E27.d.264122AD89A353D722062031C2ABB0D5.e.26059","ELEMENT":"f.375AD1BF2998C782D6149A43C57C8E27.d.264122AD89A353D722062031C2ABB0D5.e.26059"}]}
COMMAND: GET /session/cd477e99f4e247ef02c326ac6df7445e/element/f.375AD1BF2998C782D6149A43C57C8E27.d.264122AD89A353D722062031C2ABB0D5.e.26059/enabled - {}
COMMAND: GET /session/cd477e99f4e247ef02c326ac6df7445e/screenshot - {}
RESULT: {}
COMMAND: POST /session/cd477e99f4e247ef02c326ac6df7445e/execute/sync - {"script":"<script> [8489 bytes]","args":[{"element-6066-11e4-a52e-4f735466cecf":"f.375AD1BF2998C782D6149A43C57C8E27.d.264122AD89A353D722062031C2ABB0D5.e.26059","ELEMENT":"f.375AD1BF2998C782D6149A43C57C8E27.d.264122AD89A353D722062031C2ABB0D5.e.26059"}]}
COMMAND: GET /session/cd477e99f4e247ef02c326ac6df7445e/screenshot - {}
RESULT: {}
RESULT: {"script":"<script> [8489 bytes]","args":[{"element-6066-11e4-a52e-4f735466cecf":"f.375AD1BF2998C782D6149A43C57C8E27.d.264122AD89A353D722062031C2ABB0D5.e.26059","ELEMENT":"f.375AD1BF2998C782D6149A43C57C8E27.d.264122AD89A353D722062031C2ABB0D5.e.26059"}]}
COMMAND: POST /session/cd477e99f4e247ef02c326ac6df7445e/execute/sync - {"script":"<script> [5351 bytes]","args":[{"element-6066-11e4-a52e-4f735466cecf":"f.375AD1BF2998C782D6149A43C57C8E27.d.264122AD89A353D722062031C2ABB0D5.e.26059","ELEMENT":"f.375AD1BF2998C782D6149A43C57C8E27.d.264122AD89A353D722062031C2ABB0D5.e.26059"}]}
COMMAND: GET /session/cd477e99f4e247ef02c326ac6df7445e/screenshot - {}
RESULT: {}
RESULT: {"script":"<script> [5351 bytes]","args":[{"element-6066-11e4-a52e-4f735466cecf":"f.375AD1BF2998C782D6149A43C57C8E27.d.264122AD89A353D722062031C2ABB0D5.e.26059","ELEMENT":"f.375AD1BF2998C782D6149A43C57C8E27.d.264122AD89A353D722062031C2ABB0D5.e.26059"}]}
COMMAND: POST /session/cd477e99f4e247ef02c326ac6df7445e/element/f.375AD1BF2998C782D6149A43C57C8E27.d.264122AD89A353D722062031C2ABB0D5.e.26059/click - {}
COMMAND: GET /session/cd477e99f4e247ef02c326ac6df7445e/screenshot - {}
RESULT: {}
RESULT: {}
COMMAND: GET /session/cd477e99f4e247ef02c326ac6df7445e/screenshot - {}
RESULT: {}
RESULT: {}
RESULT: undefined
COMMAND: POST /session/cd477e99f4e247ef02c326ac6df7445e/element - {"using":"xpath","value":"//*[@id=\"application-ruinventorylist-display-component---Master--ruLocationTypeComboBox-arrow\"]"}
RESULT: {"using":"xpath","value":"//*[@id=\"application-ruinventorylist-display-component---Master--ruLocationTypeComboBox-arrow\"]"}
COMMAND: POST /session/cd477e99f4e247ef02c326ac6df7445e/element/f.375AD1BF2998C782D6149A43C57C8E27.d.264122AD89A353D722062031C2ABB0D5.e.26412/click - {}
RESULT: {}
COMMAND: GET /session/cd477e99f4e247ef02c326ac6df7445e/screenshot - {}
RESULT: {}
COMMAND: POST /session/cd477e99f4e247ef02c326ac6df7445e/element - {"using":"xpath","value":"//li[.//span[text()='Yard']]"}
RESULT: {"using":"xpath","value":"//li[.//span[text()='Yard']]"}
COMMAND: POST /session/cd477e99f4e247ef02c326ac6df7445e/element/f.375AD1BF2998C782D6149A43C57C8E27.d.264122AD89A353D722062031C2ABB0D5.e.26413/click - {}
RESULT: {}
COMMAND: GET /session/cd477e99f4e247ef02c326ac6df7445e/screenshot - {}
RESULT: {}
RESULT: undefined
COMMAND: POST /session/cd477e99f4e247ef02c326ac6df7445e/element - {"using":"xpath","value":"//*[@id=\"application-ruinventorylist-display-component---Master--smartFilterBar-filterItemControl_BASIC-YARD-vhi\"]"}
RESULT: {"using":"xpath","value":"//*[@id=\"application-ruinventorylist-display-component---Master--smartFilterBar-filterItemControl_BASIC-YARD-vhi\"]"}
COMMAND: POST /session/cd477e99f4e247ef02c326ac6df7445e/element/f.375AD1BF2998C782D6149A43C57C8E27.d.264122AD89A353D722062031C2ABB0D5.e.26481/click - {}
RESULT: {}
COMMAND: GET /session/cd477e99f4e247ef02c326ac6df7445e/screenshot - {}
RESULT: {}
RESULT: undefined
COMMAND: POST /session/cd477e99f4e247ef02c326ac6df7445e/execute/async - {"script":"<script> [776 bytes]","args":[{"enterText":"109","selector":{"id":"application-ruinventorylist-display-component---Master--smartFilterBar-filterItemControl_BASIC-YARD-valueHelpDialog-smartFilterBar-btnBasicSearch","searchOpenDialogs":true,"interaction":{"idSuffix":"I"}},"clearTextFirst":true,"interactionType":"ENTER_TEXT"}]}
RESULT: {"script":"<script> [776 bytes]","args":[{"enterText":"109","selector":{"id":"application-ruinventorylist-display-component---Master--smartFilterBar-filterItemControl_BASIC-YARD-valueHelpDialog-smartFilterBar-btnBasicSearch","searchOpenDialogs":true,"interaction":{"idSuffix":"I"}},"clearTextFirst":true,"interactionType":"ENTER_TEXT"}]}
COMMAND: POST /session/cd477e99f4e247ef02c326ac6df7445e/actions - {"actions":[{"id":"action72","type":"key","parameters":{},"actions":[{"type":"keyDown","value":"î€‡"},{"type":"pause","duration":10},{"type":"keyUp","value":"î€‡"}]}]}
RESULT: {"actions":[{"id":"action72","type":"key","parameters":{},"actions":[{"type":"keyDown","value":"î€‡"},{"type":"pause","duration":10},{"type":"keyUp","value":"î€‡"}]}]}
COMMAND: GET /session/cd477e99f4e247ef02c326ac6df7445e/screenshot - {}
RESULT: {}
COMMAND: POST /session/cd477e99f4e247ef02c326ac6df7445e/elements - {"using":"xpath","value":"//table[contains(@id, \"filterItemControl_BASIC-YARD-valueHelpDialog-table-table\")]/tbody/tr"}
RESULT: {"using":"xpath","value":"//table[contains(@id, \"filterItemControl_BASIC-YARD-valueHelpDialog-table-table\")]/tbody/tr"}
COMMAND: POST /session/cd477e99f4e247ef02c326ac6df7445e/element - {"using":"xpath","value":"//table[contains(@id, \"filterItemControl_BASIC-YARD-valueHelpDialog-table-table\")]/tbody/tr[1]/td[1]/div/span"}
RESULT: {"using":"xpath","value":"//table[contains(@id, \"filterItemControl_BASIC-YARD-valueHelpDialog-table-table\")]/tbody/tr[1]/td[1]/div/span"}
COMMAND: POST /session/cd477e99f4e247ef02c326ac6df7445e/elements - {"using":"xpath","value":"//table[contains(@id, \"filterItemControl_BASIC-YARD-valueHelpDialog-table-table\")]/tbody/tr[1]/td[1]/div/span"}
RESULT: {"using":"xpath","value":"//table[contains(@id, \"filterItemControl_BASIC-YARD-valueHelpDialog-table-table\")]/tbody/tr[1]/td[1]/div/span"}
COMMAND: POST /session/cd477e99f4e247ef02c326ac6df7445e/execute/sync - {"script":"<script> [56 bytes]","args":[{"element-6066-11e4-a52e-4f735466cecf":"f.375AD1BF2998C782D6149A43C57C8E27.d.264122AD89A353D722062031C2ABB0D5.e.26500","ELEMENT":"f.375AD1BF2998C782D6149A43C57C8E27.d.264122AD89A353D722062031C2ABB0D5.e.26500"}]}
RESULT: {"script":"<script> [56 bytes]","args":[{"element-6066-11e4-a52e-4f735466cecf":"f.375AD1BF2998C782D6149A43C57C8E27.d.264122AD89A353D722062031C2ABB0D5.e.26500","ELEMENT":"f.375AD1BF2998C782D6149A43C57C8E27.d.264122AD89A353D722062031C2ABB0D5.e.26500"}]}
COMMAND: POST /session/cd477e99f4e247ef02c326ac6df7445e/element - {"using":"xpath","value":"//div[contains(@id, \"filterItemControl_BASIC-YARD-valueHelpDialog-table-rowsel0\")]"}
COMMAND: GET /session/cd477e99f4e247ef02c326ac6df7445e/screenshot - {}
RESULT: {"using":"xpath","value":"//div[contains(@id, \"filterItemControl_BASIC-YARD-valueHelpDialog-table-rowsel0\")]"}
COMMAND: POST /session/cd477e99f4e247ef02c326ac6df7445e/element/f.375AD1BF2998C782D6149A43C57C8E27.d.264122AD89A353D722062031C2ABB0D5.e.26501/click - {}
RESULT: {}
RESULT: {}
COMMAND: GET /session/cd477e99f4e247ef02c326ac6df7445e/screenshot - {}
RESULT: {}
COMMAND: POST /session/cd477e99f4e247ef02c326ac6df7445e/element - {"using":"xpath","value":"//div[contains(@id, \"smartFilterBar-filterItemControl_BASIC-YARD-valueHelpDialog-smartFilterBar-btnBasicSearch-reset\")]"}
RESULT: {"using":"xpath","value":"//div[contains(@id, \"smartFilterBar-filterItemControl_BASIC-YARD-valueHelpDialog-smartFilterBar-btnBasicSearch-reset\")]"}
COMMAND: POST /session/cd477e99f4e247ef02c326ac6df7445e/element/f.375AD1BF2998C782D6149A43C57C8E27.d.264122AD89A353D722062031C2ABB0D5.e.26503/click - {}
RESULT: {}
RESULT: undefined
COMMAND: POST /session/cd477e99f4e247ef02c326ac6df7445e/execute/async - {"script":"<script> [776 bytes]","args":[{"enterText":"OPA5_BST01_YARD1","selector":{"id":"application-ruinventorylist-display-component---Master--smartFilterBar-filterItemControl_BASIC-YARD-valueHelpDialog-smartFilterBar-btnBasicSearch","searchOpenDialogs":true,"interaction":{"idSuffix":"I"}},"clearTextFirst":true,"interactionType":"ENTER_TEXT"}]}
COMMAND: GET /session/cd477e99f4e247ef02c326ac6df7445e/screenshot - {}
RESULT: {"script":"<script> [776 bytes]","args":[{"enterText":"OPA5_BST01_YARD1","selector":{"id":"application-ruinventorylist-display-component---Master--smartFilterBar-filterItemControl_BASIC-YARD-valueHelpDialog-smartFilterBar-btnBasicSearch","searchOpenDialogs":true,"interaction":{"idSuffix":"I"}},"clearTextFirst":true,"interactionType":"ENTER_TEXT"}]}
COMMAND: POST /session/cd477e99f4e247ef02c326ac6df7445e/actions - {"actions":[{"id":"action73","type":"key","parameters":{},"actions":[{"type":"keyDown","value":"î€‡"},{"type":"pause","duration":10},{"type":"keyUp","value":"î€‡"}]}]}
RESULT: {}
RESULT: {"actions":[{"id":"action73","type":"key","parameters":{},"actions":[{"type":"keyDown","value":"î€‡"},{"type":"pause","duration":10},{"type":"keyUp","value":"î€‡"}]}]}
COMMAND: GET /session/cd477e99f4e247ef02c326ac6df7445e/screenshot - {}
RESULT: {}
COMMAND: POST /session/cd477e99f4e247ef02c326ac6df7445e/elements - {"using":"xpath","value":"//table[contains(@id, \"filterItemControl_BASIC-YARD-valueHelpDialog-table-table\")]/tbody/tr"}
RESULT: {"using":"xpath","value":"//table[contains(@id, \"filterItemControl_BASIC-YARD-valueHelpDialog-table-table\")]/tbody/tr"}
COMMAND: POST /session/cd477e99f4e247ef02c326ac6df7445e/element - {"using":"xpath","value":"//table[contains(@id, \"filterItemControl_BASIC-YARD-valueHelpDialog-table-table\")]/tbody/tr[1]/td[1]/div/span"}
RESULT: {"using":"xpath","value":"//table[contains(@id, \"filterItemControl_BASIC-YARD-valueHelpDialog-table-table\")]/tbody/tr[1]/td[1]/div/span"}
COMMAND: POST /session/cd477e99f4e247ef02c326ac6df7445e/elements - {"using":"xpath","value":"//table[contains(@id, \"filterItemControl_BASIC-YARD-valueHelpDialog-table-table\")]/tbody/tr[1]/td[1]/div/span"}
RESULT: {"using":"xpath","value":"//table[contains(@id, \"filterItemControl_BASIC-YARD-valueHelpDialog-table-table\")]/tbody/tr[1]/td[1]/div/span"}
COMMAND: POST /session/cd477e99f4e247ef02c326ac6df7445e/execute/sync - {"script":"<script> [56 bytes]","args":[{"element-6066-11e4-a52e-4f735466cecf":"f.375AD1BF2998C782D6149A43C57C8E27.d.264122AD89A353D722062031C2ABB0D5.e.26500","ELEMENT":"f.375AD1BF2998C782D6149A43C57C8E27.d.264122AD89A353D722062031C2ABB0D5.e.26500"}]}
RESULT: {"script":"<script> [56 bytes]","args":[{"element-6066-11e4-a52e-4f735466cecf":"f.375AD1BF2998C782D6149A43C57C8E27.d.264122AD89A353D722062031C2ABB0D5.e.26500","ELEMENT":"f.375AD1BF2998C782D6149A43C57C8E27.d.264122AD89A353D722062031C2ABB0D5.e.26500"}]}
COMMAND: POST /session/cd477e99f4e247ef02c326ac6df7445e/element - {"using":"xpath","value":"//div[contains(@id, \"filterItemControl_BASIC-YARD-valueHelpDialog-table-rowsel0\")]"}
COMMAND: GET /session/cd477e99f4e247ef02c326ac6df7445e/screenshot - {}
RESULT: {"using":"xpath","value":"//div[contains(@id, \"filterItemControl_BASIC-YARD-valueHelpDialog-table-rowsel0\")]"}
COMMAND: POST /session/cd477e99f4e247ef02c326ac6df7445e/element/f.375AD1BF2998C782D6149A43C57C8E27.d.264122AD89A353D722062031C2ABB0D5.e.26501/click - {}
RESULT: {}
RESULT: {}
COMMAND: GET /session/cd477e99f4e247ef02c326ac6df7445e/screenshot - {}
RESULT: {}
COMMAND: POST /session/cd477e99f4e247ef02c326ac6df7445e/element - {"using":"xpath","value":"(//bdi[contains(text(), \"OK\")])[1]"}
RESULT: {"using":"xpath","value":"(//bdi[contains(text(), \"OK\")])[1]"}
COMMAND: POST /session/cd477e99f4e247ef02c326ac6df7445e/element/f.375AD1BF2998C782D6149A43C57C8E27.d.264122AD89A353D722062031C2ABB0D5.e.26504/click - {}
RESULT: {}
COMMAND: GET /session/cd477e99f4e247ef02c326ac6df7445e/screenshot - {}
RESULT: {}
COMMAND: POST /session/cd477e99f4e247ef02c326ac6df7445e/element - {"using":"xpath","value":"//span[@id=\"application-ruinventorylist-display-component---Master--smartTableRuInventoryList-header-inner\"]"}
RESULT: {"using":"xpath","value":"//span[@id=\"application-ruinventorylist-display-component---Master--smartTableRuInventoryList-header-inner\"]"}
COMMAND: POST /session/cd477e99f4e247ef02c326ac6df7445e/elements - {"using":"xpath","value":"//span[@id=\"application-ruinventorylist-display-component---Master--smartTableRuInventoryList-header-inner\"]"}
RESULT: {"using":"xpath","value":"//span[@id=\"application-ruinventorylist-display-component---Master--smartTableRuInventoryList-header-inner\"]"}
COMMAND: POST /session/cd477e99f4e247ef02c326ac6df7445e/execute/sync - {"script":"<script> [56 bytes]","args":[{"element-6066-11e4-a52e-4f735466cecf":"f.375AD1BF2998C782D6149A43C57C8E27.d.264122AD89A353D722062031C2ABB0D5.e.26679","ELEMENT":"f.375AD1BF2998C782D6149A43C57C8E27.d.264122AD89A353D722062031C2ABB0D5.e.26679"}]}
RESULT: {"script":"<script> [56 bytes]","args":[{"element-6066-11e4-a52e-4f735466cecf":"f.375AD1BF2998C782D6149A43C57C8E27.d.264122AD89A353D722062031C2ABB0D5.e.26679","ELEMENT":"f.375AD1BF2998C782D6149A43C57C8E27.d.264122AD89A353D722062031C2ABB0D5.e.26679"}]}
RESULT: undefined
COMMAND: POST /session/cd477e99f4e247ef02c326ac6df7445e/execute/async - {"script":"<script> [776 bytes]","args":[{"enterText":"600002","selector":{"id":"application-ruinventorylist-display-component---Master--smartFilterBar-btnBasicSearch","interaction":{"idSuffix":"I"}},"clearTextFirst":true,"interactionType":"ENTER_TEXT"}]}
COMMAND: GET /session/cd477e99f4e247ef02c326ac6df7445e/screenshot - {}
RESULT: {"script":"<script> [776 bytes]","args":[{"enterText":"600002","selector":{"id":"application-ruinventorylist-display-component---Master--smartFilterBar-btnBasicSearch","interaction":{"idSuffix":"I"}},"clearTextFirst":true,"interactionType":"ENTER_TEXT"}]}
COMMAND: POST /session/cd477e99f4e247ef02c326ac6df7445e/actions - {"actions":[{"id":"action74","type":"key","parameters":{},"actions":[{"type":"keyDown","value":"î€‡"},{"type":"pause","duration":10},{"type":"keyUp","value":"î€‡"}]}]}
RESULT: {}
RESULT: {"actions":[{"id":"action74","type":"key","parameters":{},"actions":[{"type":"keyDown","value":"î€‡"},{"type":"pause","duration":10},{"type":"keyUp","value":"î€‡"}]}]}
COMMAND: GET /session/cd477e99f4e247ef02c326ac6df7445e/screenshot - {}
RESULT: {}
COMMAND: POST /session/cd477e99f4e247ef02c326ac6df7445e/element - {"using":"xpath","value":"//span[@id=\"application-ruinventorylist-display-component---Master--smartTableRuInventoryList-header-inner\"]"}
RESULT: {"using":"xpath","value":"//span[@id=\"application-ruinventorylist-display-component---Master--smartTableRuInventoryList-header-inner\"]"}
COMMAND: POST /session/cd477e99f4e247ef02c326ac6df7445e/elements - {"using":"xpath","value":"//span[@id=\"application-ruinventorylist-display-component---Master--smartTableRuInventoryList-header-inner\"]"}
RESULT: {"using":"xpath","value":"//span[@id=\"application-ruinventorylist-display-component---Master--smartTableRuInventoryList-header-inner\"]"}
COMMAND: POST /session/cd477e99f4e247ef02c326ac6df7445e/execute/sync - {"script":"<script> [56 bytes]","args":[{"element-6066-11e4-a52e-4f735466cecf":"f.375AD1BF2998C782D6149A43C57C8E27.d.264122AD89A353D722062031C2ABB0D5.e.26679","ELEMENT":"f.375AD1BF2998C782D6149A43C57C8E27.d.264122AD89A353D722062031C2ABB0D5.e.26679"}]}
RESULT: {"script":"<script> [56 bytes]","args":[{"element-6066-11e4-a52e-4f735466cecf":"f.375AD1BF2998C782D6149A43C57C8E27.d.264122AD89A353D722062031C2ABB0D5.e.26679","ELEMENT":"f.375AD1BF2998C782D6149A43C57C8E27.d.264122AD89A353D722062031C2ABB0D5.e.26679"}]}
COMMAND: POST /session/cd477e99f4e247ef02c326ac6df7445e/element - {"using":"xpath","value":"//table[contains(@id, \"application-ruinventorylist-display-component---Master--tableRuInventoryList-listUl\")]/tbody/tr[1]/td[2]/div/div"}
COMMAND: GET /session/cd477e99f4e247ef02c326ac6df7445e/screenshot - {}
RESULT: {"using":"xpath","value":"//table[contains(@id, \"application-ruinventorylist-display-component---Master--tableRuInventoryList-listUl\")]/tbody/tr[1]/td[2]/div/div"}
COMMAND: POST /session/cd477e99f4e247ef02c326ac6df7445e/element/f.375AD1BF2998C782D6149A43C57C8E27.d.264122AD89A353D722062031C2ABB0D5.e.26684/click - {}
RESULT: {}
RESULT: {}
COMMAND: GET /session/cd477e99f4e247ef02c326ac6df7445e/screenshot - {}
RESULT: {}
COMMAND: POST /session/cd477e99f4e247ef02c326ac6df7445e/element - {"using":"xpath","value":"//div[contains(@id, \"smartFilterBar-btnBasicSearch-reset\")]"}
RESULT: {"using":"xpath","value":"//div[contains(@id, \"smartFilterBar-btnBasicSearch-reset\")]"}
COMMAND: POST /session/cd477e99f4e247ef02c326ac6df7445e/element/f.375AD1BF2998C782D6149A43C57C8E27.d.264122AD89A353D722062031C2ABB0D5.e.26695/click - {}
RESULT: {}
COMMAND: GET /session/cd477e99f4e247ef02c326ac6df7445e/screenshot - {}
RESULT: {}
RESULT: undefined
COMMAND: POST /session/cd477e99f4e247ef02c326ac6df7445e/execute/async - {"script":"<script> [776 bytes]","args":[{"enterText":"401002","selector":{"id":"application-ruinventorylist-display-component---Master--smartFilterBar-btnBasicSearch","interaction":{"idSuffix":"I"}},"clearTextFirst":true,"interactionType":"ENTER_TEXT"}]}
RESULT: {"script":"<script> [776 bytes]","args":[{"enterText":"401002","selector":{"id":"application-ruinventorylist-display-component---Master--smartFilterBar-btnBasicSearch","interaction":{"idSuffix":"I"}},"clearTextFirst":true,"interactionType":"ENTER_TEXT"}]}
COMMAND: POST /session/cd477e99f4e247ef02c326ac6df7445e/actions - {"actions":[{"id":"action75","type":"key","parameters":{},"actions":[{"type":"keyDown","value":"î€‡"},{"type":"pause","duration":10},{"type":"keyUp","value":"î€‡"}]}]}
RESULT: {"actions":[{"id":"action75","type":"key","parameters":{},"actions":[{"type":"keyDown","value":"î€‡"},{"type":"pause","duration":10},{"type":"keyUp","value":"î€‡"}]}]}
COMMAND: GET /session/cd477e99f4e247ef02c326ac6df7445e/screenshot - {}
RESULT: {}
COMMAND: POST /session/cd477e99f4e247ef02c326ac6df7445e/element - {"using":"xpath","value":"//span[@id=\"application-ruinventorylist-display-component---Master--smartTableRuInventoryList-header-inner\"]"}
RESULT: {"using":"xpath","value":"//span[@id=\"application-ruinventorylist-display-component---Master--smartTableRuInventoryList-header-inner\"]"}
COMMAND: POST /session/cd477e99f4e247ef02c326ac6df7445e/elements - {"using":"xpath","value":"//span[@id=\"application-ruinventorylist-display-component---Master--smartTableRuInventoryList-header-inner\"]"}
RESULT: {"using":"xpath","value":"//span[@id=\"application-ruinventorylist-display-component---Master--smartTableRuInventoryList-header-inner\"]"}
COMMAND: POST /session/cd477e99f4e247ef02c326ac6df7445e/execute/sync - {"script":"<script> [56 bytes]","args":[{"element-6066-11e4-a52e-4f735466cecf":"f.375AD1BF2998C782D6149A43C57C8E27.d.264122AD89A353D722062031C2ABB0D5.e.26679","ELEMENT":"f.375AD1BF2998C782D6149A43C57C8E27.d.264122AD89A353D722062031C2ABB0D5.e.26679"}]}
RESULT: {"script":"<script> [56 bytes]","args":[{"element-6066-11e4-a52e-4f735466cecf":"f.375AD1BF2998C782D6149A43C57C8E27.d.264122AD89A353D722062031C2ABB0D5.e.26679","ELEMENT":"f.375AD1BF2998C782D6149A43C57C8E27.d.264122AD89A353D722062031C2ABB0D5.e.26679"}]}
COMMAND: POST /session/cd477e99f4e247ef02c326ac6df7445e/element - {"using":"xpath","value":"//table[contains(@id, \"application-ruinventorylist-display-component---Master--tableRuInventoryList-listUl\")]/tbody/tr[1]/td[2]/div/div"}
COMMAND: GET /session/cd477e99f4e247ef02c326ac6df7445e/screenshot - {}
RESULT: {"using":"xpath","value":"//table[contains(@id, \"application-ruinventorylist-display-component---Master--tableRuInventoryList-listUl\")]/tbody/tr[1]/td[2]/div/div"}
COMMAND: POST /session/cd477e99f4e247ef02c326ac6df7445e/element/f.375AD1BF2998C782D6149A43C57C8E27.d.264122AD89A353D722062031C2ABB0D5.e.26873/click - {}
RESULT: {}
RESULT: {}
COMMAND: GET /session/cd477e99f4e247ef02c326ac6df7445e/screenshot - {}
RESULT: {}
COMMAND: POST /session/cd477e99f4e247ef02c326ac6df7445e/element - {"using":"xpath","value":"//div[contains(@id, \"smartFilterBar-btnBasicSearch-reset\")]"}
RESULT: {"using":"xpath","value":"//div[contains(@id, \"smartFilterBar-btnBasicSearch-reset\")]"}
COMMAND: POST /session/cd477e99f4e247ef02c326ac6df7445e/element/f.375AD1BF2998C782D6149A43C57C8E27.d.264122AD89A353D722062031C2ABB0D5.e.26695/click - {}
RESULT: {}
COMMAND: GET /session/cd477e99f4e247ef02c326ac6df7445e/screenshot - {}
RESULT: {}
RESULT: undefined
COMMAND: POST /session/cd477e99f4e247ef02c326ac6df7445e/execute/async - {"script":"<script> [776 bytes]","args":[{"enterText":"DilRKaGMl2","selector":{"id":"application-ruinventorylist-display-component---Master--smartFilterBar-btnBasicSearch","interaction":{"idSuffix":"I"}},"clearTextFirst":true,"interactionType":"ENTER_TEXT"}]}
RESULT: {"script":"<script> [776 bytes]","args":[{"enterText":"DilRKaGMl2","selector":{"id":"application-ruinventorylist-display-component---Master--smartFilterBar-btnBasicSearch","interaction":{"idSuffix":"I"}},"clearTextFirst":true,"interactionType":"ENTER_TEXT"}]}
COMMAND: POST /session/cd477e99f4e247ef02c326ac6df7445e/actions - {"actions":[{"id":"action76","type":"key","parameters":{},"actions":[{"type":"keyDown","value":"î€‡"},{"type":"pause","duration":10},{"type":"keyUp","value":"î€‡"}]}]}
RESULT: {"actions":[{"id":"action76","type":"key","parameters":{},"actions":[{"type":"keyDown","value":"î€‡"},{"type":"pause","duration":10},{"type":"keyUp","value":"î€‡"}]}]}
COMMAND: GET /session/cd477e99f4e247ef02c326ac6df7445e/screenshot - {}
RESULT: {}
COMMAND: POST /session/cd477e99f4e247ef02c326ac6df7445e/element - {"using":"xpath","value":"//span[@id=\"application-ruinventorylist-display-component---Master--smartTableRuInventoryList-header-inner\"]"}
RESULT: {"using":"xpath","value":"//span[@id=\"application-ruinventorylist-display-component---Master--smartTableRuInventoryList-header-inner\"]"}
COMMAND: POST /session/cd477e99f4e247ef02c326ac6df7445e/elements - {"using":"xpath","value":"//span[@id=\"application-ruinventorylist-display-component---Master--smartTableRuInventoryList-header-inner\"]"}
RESULT: {"using":"xpath","value":"//span[@id=\"application-ruinventorylist-display-component---Master--smartTableRuInventoryList-header-inner\"]"}
COMMAND: POST /session/cd477e99f4e247ef02c326ac6df7445e/execute/sync - {"script":"<script> [56 bytes]","args":[{"element-6066-11e4-a52e-4f735466cecf":"f.375AD1BF2998C782D6149A43C57C8E27.d.264122AD89A353D722062031C2ABB0D5.e.26679","ELEMENT":"f.375AD1BF2998C782D6149A43C57C8E27.d.264122AD89A353D722062031C2ABB0D5.e.26679"}]}
RESULT: {"script":"<script> [56 bytes]","args":[{"element-6066-11e4-a52e-4f735466cecf":"f.375AD1BF2998C782D6149A43C57C8E27.d.264122AD89A353D722062031C2ABB0D5.e.26679","ELEMENT":"f.375AD1BF2998C782D6149A43C57C8E27.d.264122AD89A353D722062031C2ABB0D5.e.26679"}]}
COMMAND: POST /session/cd477e99f4e247ef02c326ac6df7445e/element - {"using":"xpath","value":"//table[contains(@id, \"application-ruinventorylist-display-component---Master--tableRuInventoryList-listUl\")]/tbody/tr[1]/td[2]/div/div"}
COMMAND: GET /session/cd477e99f4e247ef02c326ac6df7445e/screenshot - {}
RESULT: {"using":"xpath","value":"//table[contains(@id, \"application-ruinventorylist-display-component---Master--tableRuInventoryList-listUl\")]/tbody/tr[1]/td[2]/div/div"}
COMMAND: POST /session/cd477e99f4e247ef02c326ac6df7445e/element/f.375AD1BF2998C782D6149A43C57C8E27.d.264122AD89A353D722062031C2ABB0D5.e.27059/click - {}
RESULT: {}
RESULT: {}
COMMAND: GET /session/cd477e99f4e247ef02c326ac6df7445e/screenshot - {}
RESULT: {}
COMMAND: POST /session/cd477e99f4e247ef02c326ac6df7445e/element - {"using":"xpath","value":"//div[contains(@id, \"smartFilterBar-btnBasicSearch-reset\")]"}
RESULT: {"using":"xpath","value":"//div[contains(@id, \"smartFilterBar-btnBasicSearch-reset\")]"}
COMMAND: POST /session/cd477e99f4e247ef02c326ac6df7445e/element/f.375AD1BF2998C782D6149A43C57C8E27.d.264122AD89A353D722062031C2ABB0D5.e.26695/click - {}
RESULT: {}
COMMAND: GET /session/cd477e99f4e247ef02c326ac6df7445e/screenshot - {}
RESULT: {}
RESULT: undefined
COMMAND: POST /session/cd477e99f4e247ef02c326ac6df7445e/execute/async - {"script":"<script> [776 bytes]","args":[{"enterText":"200526","selector":{"id":"application-ruinventorylist-display-component---Master--smartFilterBar-btnBasicSearch","interaction":{"idSuffix":"I"}},"clearTextFirst":true,"interactionType":"ENTER_TEXT"}]}
RESULT: {"script":"<script> [776 bytes]","args":[{"enterText":"200526","selector":{"id":"application-ruinventorylist-display-component---Master--smartFilterBar-btnBasicSearch","interaction":{"idSuffix":"I"}},"clearTextFirst":true,"interactionType":"ENTER_TEXT"}]}
COMMAND: POST /session/cd477e99f4e247ef02c326ac6df7445e/actions - {"actions":[{"id":"action77","type":"key","parameters":{},"actions":[{"type":"keyDown","value":"î€‡"},{"type":"pause","duration":10},{"type":"keyUp","value":"î€‡"}]}]}
RESULT: {"actions":[{"id":"action77","type":"key","parameters":{},"actions":[{"type":"keyDown","value":"î€‡"},{"type":"pause","duration":10},{"type":"keyUp","value":"î€‡"}]}]}
COMMAND: GET /session/cd477e99f4e247ef02c326ac6df7445e/screenshot - {}
RESULT: {}
COMMAND: POST /session/cd477e99f4e247ef02c326ac6df7445e/element - {"using":"xpath","value":"//span[@id=\"application-ruinventorylist-display-component---Master--smartTableRuInventoryList-header-inner\"]"}
RESULT: {"using":"xpath","value":"//span[@id=\"application-ruinventorylist-display-component---Master--smartTableRuInventoryList-header-inner\"]"}
COMMAND: POST /session/cd477e99f4e247ef02c326ac6df7445e/elements - {"using":"xpath","value":"//span[@id=\"application-ruinventorylist-display-component---Master--smartTableRuInventoryList-header-inner\"]"}
RESULT: {"using":"xpath","value":"//span[@id=\"application-ruinventorylist-display-component---Master--smartTableRuInventoryList-header-inner\"]"}
COMMAND: POST /session/cd477e99f4e247ef02c326ac6df7445e/execute/sync - {"script":"<script> [56 bytes]","args":[{"element-6066-11e4-a52e-4f735466cecf":"f.375AD1BF2998C782D6149A43C57C8E27.d.264122AD89A353D722062031C2ABB0D5.e.26679","ELEMENT":"f.375AD1BF2998C782D6149A43C57C8E27.d.264122AD89A353D722062031C2ABB0D5.e.26679"}]}
RESULT: {"script":"<script> [56 bytes]","args":[{"element-6066-11e4-a52e-4f735466cecf":"f.375AD1BF2998C782D6149A43C57C8E27.d.264122AD89A353D722062031C2ABB0D5.e.26679","ELEMENT":"f.375AD1BF2998C782D6149A43C57C8E27.d.264122AD89A353D722062031C2ABB0D5.e.26679"}]}
COMMAND: POST /session/cd477e99f4e247ef02c326ac6df7445e/element - {"using":"xpath","value":"//table[contains(@id, \"application-ruinventorylist-display-component---Master--tableRuInventoryList-listUl\")]/tbody/tr[1]/td[2]/div/div"}
COMMAND: GET /session/cd477e99f4e247ef02c326ac6df7445e/screenshot - {}
RESULT: {"using":"xpath","value":"//table[contains(@id, \"application-ruinventorylist-display-component---Master--tableRuInventoryList-listUl\")]/tbody/tr[1]/td[2]/div/div"}
COMMAND: POST /session/cd477e99f4e247ef02c326ac6df7445e/element/f.375AD1BF2998C782D6149A43C57C8E27.d.264122AD89A353D722062031C2ABB0D5.e.27246/click - {}
RESULT: {}
RESULT: {}
COMMAND: GET /session/cd477e99f4e247ef02c326ac6df7445e/screenshot - {}
RESULT: {}
COMMAND: POST /session/cd477e99f4e247ef02c326ac6df7445e/element - {"using":"xpath","value":"//div[contains(@id, \"smartFilterBar-btnBasicSearch-reset\")]"}
RESULT: {"using":"xpath","value":"//div[contains(@id, \"smartFilterBar-btnBasicSearch-reset\")]"}
COMMAND: POST /session/cd477e99f4e247ef02c326ac6df7445e/element/f.375AD1BF2998C782D6149A43C57C8E27.d.264122AD89A353D722062031C2ABB0D5.e.26695/click - {}
RESULT: {}
COMMAND: GET /session/cd477e99f4e247ef02c326ac6df7445e/screenshot - {}
RESULT: {}
COMMAND: POST /session/cd477e99f4e247ef02c326ac6df7445e/element/f.375AD1BF2998C782D6149A43C57C8E27.d.264122AD89A353D722062031C2ABB0D5.e.26059/click - {}
RESULT: {}
COMMAND: GET /session/cd477e99f4e247ef02c326ac6df7445e/screenshot - {}
RESULT: {}
COMMAND: POST /session/cd477e99f4e247ef02c326ac6df7445e/execute/async - {"script":"<script> [1562 bytes]","args":[{"selector":{"id":"application-ruinventorylist-display-component---Master--effectiveDate","searchOpenDialogs":true,"interaction":{"idSuffix":"inner"}},"wdio_ui5_key":"applicationruinventorylist-display-component---Master--effectiveDate"}]}
RESULT: {"script":"<script> [1562 bytes]","args":[{"selector":{"id":"application-ruinventorylist-display-component---Master--effectiveDate","searchOpenDialogs":true,"interaction":{"idSuffix":"inner"}},"wdio_ui5_key":"applicationruinventorylist-display-component---Master--effectiveDate"}]}
RESULT: undefined
COMMAND: POST /session/cd477e99f4e247ef02c326ac6df7445e/execute/async - {"script":"<script> [776 bytes]","args":[{"enterText":"04/23/25","selector":{"id":"application-ruinventorylist-display-component---Master--effectiveDate","searchOpenDialogs":true,"interaction":{"idSuffix":"inner"}},"clearTextFirst":true,"interactionType":"ENTER_TEXT"}]}
RESULT: {"script":"<script> [776 bytes]","args":[{"enterText":"04/23/25","selector":{"id":"application-ruinventorylist-display-component---Master--effectiveDate","searchOpenDialogs":true,"interaction":{"idSuffix":"inner"}},"clearTextFirst":true,"interactionType":"ENTER_TEXT"}]}
COMMAND: POST /session/cd477e99f4e247ef02c326ac6df7445e/element - {"using":"xpath","value":"//span[contains(@data-kt,\"correctionMassStateChangeIcon\")]"}
RESULT: {"using":"xpath","value":"//span[contains(@data-kt,\"correctionMassStateChangeIcon\")]"}
COMMAND: POST /session/cd477e99f4e247ef02c326ac6df7445e/elements - {"using":"xpath","value":"//span[contains(@data-kt,\"correctionMassStateChangeIcon\")]"}
RESULT: {"using":"xpath","value":"//span[contains(@data-kt,\"correctionMassStateChangeIcon\")]"}
COMMAND: POST /session/cd477e99f4e247ef02c326ac6df7445e/elements - {"using":"xpath","value":"//span[contains(@data-kt,\"correctionMassStateChangeIcon\")]"}
RESULT: {"using":"xpath","value":"//span[contains(@data-kt,\"correctionMassStateChangeIcon\")]"}
RESULT: undefined
COMMAND: POST /session/cd477e99f4e247ef02c326ac6df7445e/element - {"using":"xpath","value":"//*[@id=\"application-ruinventorylist-display-component---Master--ruStateTypes-arrow\"]"}
RESULT: {"using":"xpath","value":"//*[@id=\"application-ruinventorylist-display-component---Master--ruStateTypes-arrow\"]"}
COMMAND: POST /session/cd477e99f4e247ef02c326ac6df7445e/element/f.375AD1BF2998C782D6149A43C57C8E27.d.264122AD89A353D722062031C2ABB0D5.e.27471/click - {}
RESULT: {}
COMMAND: GET /session/cd477e99f4e247ef02c326ac6df7445e/screenshot - {}
RESULT: {}
COMMAND: POST /session/cd477e99f4e247ef02c326ac6df7445e/element - {"using":"xpath","value":"//li[.//span[text()=\"defect\"]]"}
RESULT: {"using":"xpath","value":"//li[.//span[text()=\"defect\"]]"}
COMMAND: POST /session/cd477e99f4e247ef02c326ac6df7445e/element/f.375AD1BF2998C782D6149A43C57C8E27.d.264122AD89A353D722062031C2ABB0D5.e.27472/click - {}
RESULT: {}
COMMAND: GET /session/cd477e99f4e247ef02c326ac6df7445e/screenshot - {}
RESULT: {}
COMMAND: POST /session/cd477e99f4e247ef02c326ac6df7445e/element - {"using":"xpath","value":"(//bdi[contains(text(), \"OK\")])[1]"}
RESULT: {"using":"xpath","value":"(//bdi[contains(text(), \"OK\")])[1]"}
COMMAND: POST /session/cd477e99f4e247ef02c326ac6df7445e/element/f.375AD1BF2998C782D6149A43C57C8E27.d.264122AD89A353D722062031C2ABB0D5.e.27473/click - {}
RESULT: {}
COMMAND: GET /session/cd477e99f4e247ef02c326ac6df7445e/screenshot - {}
RESULT: {}
COMMAND: POST /session/cd477e99f4e247ef02c326ac6df7445e/element - {"using":"css selector","value":"div.sapMMessageBoxError"}
RESULT: {"using":"css selector","value":"div.sapMMessageBoxError"}
COMMAND: POST /session/cd477e99f4e247ef02c326ac6df7445e/elements - {"using":"css selector","value":"div.sapMMessageBoxError"}
RESULT: {"using":"css selector","value":"div.sapMMessageBoxError"}
COMMAND: POST /session/cd477e99f4e247ef02c326ac6df7445e/element - {"using":"xpath","value":"//div[contains(@class, \"sapMMessageBoxError\")]/section/div/div/span"}
RESULT: {"using":"xpath","value":"//div[contains(@class, \"sapMMessageBoxError\")]/section/div/div/span"}
COMMAND: POST /session/cd477e99f4e247ef02c326ac6df7445e/execute/sync - {"script":"<script> [56 bytes]","args":[{"element-6066-11e4-a52e-4f735466cecf":"f.375AD1BF2998C782D6149A43C57C8E27.d.264122AD89A353D722062031C2ABB0D5.e.27477","ELEMENT":"f.375AD1BF2998C782D6149A43C57C8E27.d.264122AD89A353D722062031C2ABB0D5.e.27477"}]}
RESULT: {"script":"<script> [56 bytes]","args":[{"element-6066-11e4-a52e-4f735466cecf":"f.375AD1BF2998C782D6149A43C57C8E27.d.264122AD89A353D722062031C2ABB0D5.e.27477","ELEMENT":"f.375AD1BF2998C782D6149A43C57C8E27.d.264122AD89A353D722062031C2ABB0D5.e.27477"}]}
COMMAND: POST /session/cd477e99f4e247ef02c326ac6df7445e/element - {"using":"xpath","value":"(//bdi[contains(text(), \"Close\")])[1]"}
COMMAND: GET /session/cd477e99f4e247ef02c326ac6df7445e/screenshot - {}
RESULT: {"using":"xpath","value":"(//bdi[contains(text(), \"Close\")])[1]"}
COMMAND: POST /session/cd477e99f4e247ef02c326ac6df7445e/element/f.375AD1BF2998C782D6149A43C57C8E27.d.264122AD89A353D722062031C2ABB0D5.e.27478/click - {}
RESULT: {}
RESULT: {}
COMMAND: GET /session/cd477e99f4e247ef02c326ac6df7445e/screenshot - {}
RESULT: {}
RESULT: undefined
COMMAND: POST /session/cd477e99f4e247ef02c326ac6df7445e/execute/async - {"script":"<script> [776 bytes]","args":[{"enterText":"04/24/25","selector":{"id":"application-ruinventorylist-display-component---Master--effectiveDate","searchOpenDialogs":true,"interaction":{"idSuffix":"inner"}},"clearTextFirst":true,"interactionType":"ENTER_TEXT"}]}
RESULT: {"script":"<script> [776 bytes]","args":[{"enterText":"04/24/25","selector":{"id":"application-ruinventorylist-display-component---Master--effectiveDate","searchOpenDialogs":true,"interaction":{"idSuffix":"inner"}},"clearTextFirst":true,"interactionType":"ENTER_TEXT"}]}
COMMAND: POST /session/cd477e99f4e247ef02c326ac6df7445e/element - {"using":"xpath","value":"(//bdi[contains(text(), \"OK\")])[1]"}
RESULT: {"using":"xpath","value":"(//bdi[contains(text(), \"OK\")])[1]"}
COMMAND: POST /session/cd477e99f4e247ef02c326ac6df7445e/element/f.375AD1BF2998C782D6149A43C57C8E27.d.264122AD89A353D722062031C2ABB0D5.e.27473/click - {}
RESULT: {}
COMMAND: GET /session/cd477e99f4e247ef02c326ac6df7445e/screenshot - {}
RESULT: {}
COMMAND: POST /session/cd477e99f4e247ef02c326ac6df7445e/element - {"using":"xpath","value":"(//bdi[contains(text(), \"OK\")])[2]"}
RESULT: {"using":"xpath","value":"(//bdi[contains(text(), \"OK\")])[2]"}
COMMAND: POST /session/cd477e99f4e247ef02c326ac6df7445e/element/f.375AD1BF2998C782D6149A43C57C8E27.d.264122AD89A353D722062031C2ABB0D5.e.27527/click - {}
RESULT: {}
COMMAND: GET /session/cd477e99f4e247ef02c326ac6df7445e/screenshot - {}
RESULT: {}
RESULT: undefined
COMMAND: POST /session/cd477e99f4e247ef02c326ac6df7445e/execute/async - {"script":"<script> [776 bytes]","args":[{"enterText":"600002","selector":{"id":"application-ruinventorylist-display-component---Master--smartFilterBar-btnBasicSearch","interaction":{"idSuffix":"I"}},"clearTextFirst":true,"interactionType":"ENTER_TEXT"}]}
RESULT: {"script":"<script> [776 bytes]","args":[{"enterText":"600002","selector":{"id":"application-ruinventorylist-display-component---Master--smartFilterBar-btnBasicSearch","interaction":{"idSuffix":"I"}},"clearTextFirst":true,"interactionType":"ENTER_TEXT"}]}
COMMAND: POST /session/cd477e99f4e247ef02c326ac6df7445e/actions - {"actions":[{"id":"action78","type":"key","parameters":{},"actions":[{"type":"keyDown","value":"î€‡"},{"type":"pause","duration":10},{"type":"keyUp","value":"î€‡"}]}]}
RESULT: {"actions":[{"id":"action78","type":"key","parameters":{},"actions":[{"type":"keyDown","value":"î€‡"},{"type":"pause","duration":10},{"type":"keyUp","value":"î€‡"}]}]}
COMMAND: GET /session/cd477e99f4e247ef02c326ac6df7445e/screenshot - {}
RESULT: {}
COMMAND: POST /session/cd477e99f4e247ef02c326ac6df7445e/element - {"using":"xpath","value":"//span[@id=\"application-ruinventorylist-display-component---Master--smartTableRuInventoryList-header-inner\"]"}
RESULT: {"using":"xpath","value":"//span[@id=\"application-ruinventorylist-display-component---Master--smartTableRuInventoryList-header-inner\"]"}
COMMAND: POST /session/cd477e99f4e247ef02c326ac6df7445e/elements - {"using":"xpath","value":"//span[@id=\"application-ruinventorylist-display-component---Master--smartTableRuInventoryList-header-inner\"]"}
RESULT: {"using":"xpath","value":"//span[@id=\"application-ruinventorylist-display-component---Master--smartTableRuInventoryList-header-inner\"]"}
COMMAND: POST /session/cd477e99f4e247ef02c326ac6df7445e/execute/sync - {"script":"<script> [56 bytes]","args":[{"element-6066-11e4-a52e-4f735466cecf":"f.375AD1BF2998C782D6149A43C57C8E27.d.264122AD89A353D722062031C2ABB0D5.e.26679","ELEMENT":"f.375AD1BF2998C782D6149A43C57C8E27.d.264122AD89A353D722062031C2ABB0D5.e.26679"}]}
RESULT: {"script":"<script> [56 bytes]","args":[{"element-6066-11e4-a52e-4f735466cecf":"f.375AD1BF2998C782D6149A43C57C8E27.d.264122AD89A353D722062031C2ABB0D5.e.26679","ELEMENT":"f.375AD1BF2998C782D6149A43C57C8E27.d.264122AD89A353D722062031C2ABB0D5.e.26679"}]}
COMMAND: POST /session/cd477e99f4e247ef02c326ac6df7445e/element - {"using":"xpath","value":"//table[contains(@id, \"application-ruinventorylist-display-component---Master--tableRuInventoryList-listUl\")]/tbody/tr[1]/td[6]/div/span"}
COMMAND: GET /session/cd477e99f4e247ef02c326ac6df7445e/screenshot - {}
RESULT: {"using":"xpath","value":"//table[contains(@id, \"application-ruinventorylist-display-component---Master--tableRuInventoryList-listUl\")]/tbody/tr[1]/td[6]/div/span"}
COMMAND: POST /session/cd477e99f4e247ef02c326ac6df7445e/execute/sync - {"script":"<script> [56 bytes]","args":[{"element-6066-11e4-a52e-4f735466cecf":"f.375AD1BF2998C782D6149A43C57C8E27.d.264122AD89A353D722062031C2ABB0D5.e.27547","ELEMENT":"f.375AD1BF2998C782D6149A43C57C8E27.d.264122AD89A353D722062031C2ABB0D5.e.27547"}]}
RESULT: {}
RESULT: {"script":"<script> [56 bytes]","args":[{"element-6066-11e4-a52e-4f735466cecf":"f.375AD1BF2998C782D6149A43C57C8E27.d.264122AD89A353D722062031C2ABB0D5.e.27547","ELEMENT":"f.375AD1BF2998C782D6149A43C57C8E27.d.264122AD89A353D722062031C2ABB0D5.e.27547"}]}
COMMAND: POST /session/cd477e99f4e247ef02c326ac6df7445e/element - {"using":"xpath","value":"//div[contains(@id, \"smartFilterBar-btnBasicSearch-reset\")]"}
COMMAND: GET /session/cd477e99f4e247ef02c326ac6df7445e/screenshot - {}
RESULT: {"using":"xpath","value":"//div[contains(@id, \"smartFilterBar-btnBasicSearch-reset\")]"}
COMMAND: POST /session/cd477e99f4e247ef02c326ac6df7445e/element/f.375AD1BF2998C782D6149A43C57C8E27.d.264122AD89A353D722062031C2ABB0D5.e.26695/click - {}
RESULT: {}
RESULT: {}
COMMAND: GET /session/cd477e99f4e247ef02c326ac6df7445e/screenshot - {}
RESULT: {}
RESULT: undefined
COMMAND: POST /session/cd477e99f4e247ef02c326ac6df7445e/execute/async - {"script":"<script> [776 bytes]","args":[{"enterText":"401002","selector":{"id":"application-ruinventorylist-display-component---Master--smartFilterBar-btnBasicSearch","interaction":{"idSuffix":"I"}},"clearTextFirst":true,"interactionType":"ENTER_TEXT"}]}
RESULT: {"script":"<script> [776 bytes]","args":[{"enterText":"401002","selector":{"id":"application-ruinventorylist-display-component---Master--smartFilterBar-btnBasicSearch","interaction":{"idSuffix":"I"}},"clearTextFirst":true,"interactionType":"ENTER_TEXT"}]}
COMMAND: POST /session/cd477e99f4e247ef02c326ac6df7445e/actions - {"actions":[{"id":"action79","type":"key","parameters":{},"actions":[{"type":"keyDown","value":"î€‡"},{"type":"pause","duration":10},{"type":"keyUp","value":"î€‡"}]}]}
RESULT: {"actions":[{"id":"action79","type":"key","parameters":{},"actions":[{"type":"keyDown","value":"î€‡"},{"type":"pause","duration":10},{"type":"keyUp","value":"î€‡"}]}]}
COMMAND: GET /session/cd477e99f4e247ef02c326ac6df7445e/screenshot - {}
RESULT: {}
COMMAND: POST /session/cd477e99f4e247ef02c326ac6df7445e/element - {"using":"xpath","value":"//span[@id=\"application-ruinventorylist-display-component---Master--smartTableRuInventoryList-header-inner\"]"}
RESULT: {"using":"xpath","value":"//span[@id=\"application-ruinventorylist-display-component---Master--smartTableRuInventoryList-header-inner\"]"}
COMMAND: POST /session/cd477e99f4e247ef02c326ac6df7445e/elements - {"using":"xpath","value":"//span[@id=\"application-ruinventorylist-display-component---Master--smartTableRuInventoryList-header-inner\"]"}
RESULT: {"using":"xpath","value":"//span[@id=\"application-ruinventorylist-display-component---Master--smartTableRuInventoryList-header-inner\"]"}
COMMAND: POST /session/cd477e99f4e247ef02c326ac6df7445e/execute/sync - {"script":"<script> [56 bytes]","args":[{"element-6066-11e4-a52e-4f735466cecf":"f.375AD1BF2998C782D6149A43C57C8E27.d.264122AD89A353D722062031C2ABB0D5.e.26679","ELEMENT":"f.375AD1BF2998C782D6149A43C57C8E27.d.264122AD89A353D722062031C2ABB0D5.e.26679"}]}
RESULT: {"script":"<script> [56 bytes]","args":[{"element-6066-11e4-a52e-4f735466cecf":"f.375AD1BF2998C782D6149A43C57C8E27.d.264122AD89A353D722062031C2ABB0D5.e.26679","ELEMENT":"f.375AD1BF2998C782D6149A43C57C8E27.d.264122AD89A353D722062031C2ABB0D5.e.26679"}]}
COMMAND: POST /session/cd477e99f4e247ef02c326ac6df7445e/element - {"using":"xpath","value":"//table[contains(@id, \"application-ruinventorylist-display-component---Master--tableRuInventoryList-listUl\")]/tbody/tr[1]/td[6]/div/span"}
COMMAND: GET /session/cd477e99f4e247ef02c326ac6df7445e/screenshot - {}
RESULT: {"using":"xpath","value":"//table[contains(@id, \"application-ruinventorylist-display-component---Master--tableRuInventoryList-listUl\")]/tbody/tr[1]/td[6]/div/span"}
COMMAND: POST /session/cd477e99f4e247ef02c326ac6df7445e/execute/sync - {"script":"<script> [56 bytes]","args":[{"element-6066-11e4-a52e-4f735466cecf":"f.375AD1BF2998C782D6149A43C57C8E27.d.264122AD89A353D722062031C2ABB0D5.e.27651","ELEMENT":"f.375AD1BF2998C782D6149A43C57C8E27.d.264122AD89A353D722062031C2ABB0D5.e.27651"}]}
RESULT: {}
RESULT: {"script":"<script> [56 bytes]","args":[{"element-6066-11e4-a52e-4f735466cecf":"f.375AD1BF2998C782D6149A43C57C8E27.d.264122AD89A353D722062031C2ABB0D5.e.27651","ELEMENT":"f.375AD1BF2998C782D6149A43C57C8E27.d.264122AD89A353D722062031C2ABB0D5.e.27651"}]}
COMMAND: POST /session/cd477e99f4e247ef02c326ac6df7445e/element - {"using":"xpath","value":"//div[contains(@id, \"smartFilterBar-btnBasicSearch-reset\")]"}
COMMAND: GET /session/cd477e99f4e247ef02c326ac6df7445e/screenshot - {}
RESULT: {"using":"xpath","value":"//div[contains(@id, \"smartFilterBar-btnBasicSearch-reset\")]"}
COMMAND: POST /session/cd477e99f4e247ef02c326ac6df7445e/element/f.375AD1BF2998C782D6149A43C57C8E27.d.264122AD89A353D722062031C2ABB0D5.e.26695/click - {}
RESULT: {}
RESULT: {}
COMMAND: GET /session/cd477e99f4e247ef02c326ac6df7445e/screenshot - {}
RESULT: {}
RESULT: undefined
COMMAND: POST /session/cd477e99f4e247ef02c326ac6df7445e/execute/async - {"script":"<script> [776 bytes]","args":[{"enterText":"DilRKaGMl2","selector":{"id":"application-ruinventorylist-display-component---Master--smartFilterBar-btnBasicSearch","interaction":{"idSuffix":"I"}},"clearTextFirst":true,"interactionType":"ENTER_TEXT"}]}
RESULT: {"script":"<script> [776 bytes]","args":[{"enterText":"DilRKaGMl2","selector":{"id":"application-ruinventorylist-display-component---Master--smartFilterBar-btnBasicSearch","interaction":{"idSuffix":"I"}},"clearTextFirst":true,"interactionType":"ENTER_TEXT"}]}
COMMAND: POST /session/cd477e99f4e247ef02c326ac6df7445e/actions - {"actions":[{"id":"action80","type":"key","parameters":{},"actions":[{"type":"keyDown","value":"î€‡"},{"type":"pause","duration":10},{"type":"keyUp","value":"î€‡"}]}]}
RESULT: {"actions":[{"id":"action80","type":"key","parameters":{},"actions":[{"type":"keyDown","value":"î€‡"},{"type":"pause","duration":10},{"type":"keyUp","value":"î€‡"}]}]}
COMMAND: GET /session/cd477e99f4e247ef02c326ac6df7445e/screenshot - {}
RESULT: {}
COMMAND: POST /session/cd477e99f4e247ef02c326ac6df7445e/element - {"using":"xpath","value":"//span[@id=\"application-ruinventorylist-display-component---Master--smartTableRuInventoryList-header-inner\"]"}
RESULT: {"using":"xpath","value":"//span[@id=\"application-ruinventorylist-display-component---Master--smartTableRuInventoryList-header-inner\"]"}
COMMAND: POST /session/cd477e99f4e247ef02c326ac6df7445e/elements - {"using":"xpath","value":"//span[@id=\"application-ruinventorylist-display-component---Master--smartTableRuInventoryList-header-inner\"]"}
RESULT: {"using":"xpath","value":"//span[@id=\"application-ruinventorylist-display-component---Master--smartTableRuInventoryList-header-inner\"]"}
COMMAND: POST /session/cd477e99f4e247ef02c326ac6df7445e/execute/sync - {"script":"<script> [56 bytes]","args":[{"element-6066-11e4-a52e-4f735466cecf":"f.375AD1BF2998C782D6149A43C57C8E27.d.264122AD89A353D722062031C2ABB0D5.e.26679","ELEMENT":"f.375AD1BF2998C782D6149A43C57C8E27.d.264122AD89A353D722062031C2ABB0D5.e.26679"}]}
RESULT: {"script":"<script> [56 bytes]","args":[{"element-6066-11e4-a52e-4f735466cecf":"f.375AD1BF2998C782D6149A43C57C8E27.d.264122AD89A353D722062031C2ABB0D5.e.26679","ELEMENT":"f.375AD1BF2998C782D6149A43C57C8E27.d.264122AD89A353D722062031C2ABB0D5.e.26679"}]}
COMMAND: POST /session/cd477e99f4e247ef02c326ac6df7445e/element - {"using":"xpath","value":"//table[contains(@id, \"application-ruinventorylist-display-component---Master--tableRuInventoryList-listUl\")]/tbody/tr[1]/td[6]/div/span"}
COMMAND: GET /session/cd477e99f4e247ef02c326ac6df7445e/screenshot - {}
RESULT: {"using":"xpath","value":"//table[contains(@id, \"application-ruinventorylist-display-component---Master--tableRuInventoryList-listUl\")]/tbody/tr[1]/td[6]/div/span"}
COMMAND: POST /session/cd477e99f4e247ef02c326ac6df7445e/execute/sync - {"script":"<script> [56 bytes]","args":[{"element-6066-11e4-a52e-4f735466cecf":"f.375AD1BF2998C782D6149A43C57C8E27.d.264122AD89A353D722062031C2ABB0D5.e.27753","ELEMENT":"f.375AD1BF2998C782D6149A43C57C8E27.d.264122AD89A353D722062031C2ABB0D5.e.27753"}]}
RESULT: {}
RESULT: {"script":"<script> [56 bytes]","args":[{"element-6066-11e4-a52e-4f735466cecf":"f.375AD1BF2998C782D6149A43C57C8E27.d.264122AD89A353D722062031C2ABB0D5.e.27753","ELEMENT":"f.375AD1BF2998C782D6149A43C57C8E27.d.264122AD89A353D722062031C2ABB0D5.e.27753"}]}
COMMAND: POST /session/cd477e99f4e247ef02c326ac6df7445e/element - {"using":"xpath","value":"//div[contains(@id, \"smartFilterBar-btnBasicSearch-reset\")]"}
COMMAND: GET /session/cd477e99f4e247ef02c326ac6df7445e/screenshot - {}
RESULT: {"using":"xpath","value":"//div[contains(@id, \"smartFilterBar-btnBasicSearch-reset\")]"}
COMMAND: POST /session/cd477e99f4e247ef02c326ac6df7445e/element/f.375AD1BF2998C782D6149A43C57C8E27.d.264122AD89A353D722062031C2ABB0D5.e.26695/click - {}
RESULT: {}
RESULT: {}
COMMAND: GET /session/cd477e99f4e247ef02c326ac6df7445e/screenshot - {}
RESULT: {}
RESULT: undefined
COMMAND: POST /session/cd477e99f4e247ef02c326ac6df7445e/execute/async - {"script":"<script> [776 bytes]","args":[{"enterText":"200526","selector":{"id":"application-ruinventorylist-display-component---Master--smartFilterBar-btnBasicSearch","interaction":{"idSuffix":"I"}},"clearTextFirst":true,"interactionType":"ENTER_TEXT"}]}
RESULT: {"script":"<script> [776 bytes]","args":[{"enterText":"200526","selector":{"id":"application-ruinventorylist-display-component---Master--smartFilterBar-btnBasicSearch","interaction":{"idSuffix":"I"}},"clearTextFirst":true,"interactionType":"ENTER_TEXT"}]}
COMMAND: POST /session/cd477e99f4e247ef02c326ac6df7445e/actions - {"actions":[{"id":"action81","type":"key","parameters":{},"actions":[{"type":"keyDown","value":"î€‡"},{"type":"pause","duration":10},{"type":"keyUp","value":"î€‡"}]}]}
RESULT: {"actions":[{"id":"action81","type":"key","parameters":{},"actions":[{"type":"keyDown","value":"î€‡"},{"type":"pause","duration":10},{"type":"keyUp","value":"î€‡"}]}]}
COMMAND: GET /session/cd477e99f4e247ef02c326ac6df7445e/screenshot - {}
RESULT: {}
COMMAND: POST /session/cd477e99f4e247ef02c326ac6df7445e/element - {"using":"xpath","value":"//span[@id=\"application-ruinventorylist-display-component---Master--smartTableRuInventoryList-header-inner\"]"}
RESULT: {"using":"xpath","value":"//span[@id=\"application-ruinventorylist-display-component---Master--smartTableRuInventoryList-header-inner\"]"}
COMMAND: POST /session/cd477e99f4e247ef02c326ac6df7445e/elements - {"using":"xpath","value":"//span[@id=\"application-ruinventorylist-display-component---Master--smartTableRuInventoryList-header-inner\"]"}
RESULT: {"using":"xpath","value":"//span[@id=\"application-ruinventorylist-display-component---Master--smartTableRuInventoryList-header-inner\"]"}
COMMAND: POST /session/cd477e99f4e247ef02c326ac6df7445e/execute/sync - {"script":"<script> [56 bytes]","args":[{"element-6066-11e4-a52e-4f735466cecf":"f.375AD1BF2998C782D6149A43C57C8E27.d.264122AD89A353D722062031C2ABB0D5.e.26679","ELEMENT":"f.375AD1BF2998C782D6149A43C57C8E27.d.264122AD89A353D722062031C2ABB0D5.e.26679"}]}
RESULT: {"script":"<script> [56 bytes]","args":[{"element-6066-11e4-a52e-4f735466cecf":"f.375AD1BF2998C782D6149A43C57C8E27.d.264122AD89A353D722062031C2ABB0D5.e.26679","ELEMENT":"f.375AD1BF2998C782D6149A43C57C8E27.d.264122AD89A353D722062031C2ABB0D5.e.26679"}]}
COMMAND: POST /session/cd477e99f4e247ef02c326ac6df7445e/element - {"using":"xpath","value":"//table[contains(@id, \"application-ruinventorylist-display-component---Master--tableRuInventoryList-listUl\")]/tbody/tr[1]/td[6]/div/span"}
COMMAND: GET /session/cd477e99f4e247ef02c326ac6df7445e/screenshot - {}
RESULT: {"using":"xpath","value":"//table[contains(@id, \"application-ruinventorylist-display-component---Master--tableRuInventoryList-listUl\")]/tbody/tr[1]/td[6]/div/span"}
COMMAND: POST /session/cd477e99f4e247ef02c326ac6df7445e/execute/sync - {"script":"<script> [56 bytes]","args":[{"element-6066-11e4-a52e-4f735466cecf":"f.375AD1BF2998C782D6149A43C57C8E27.d.264122AD89A353D722062031C2ABB0D5.e.27857","ELEMENT":"f.375AD1BF2998C782D6149A43C57C8E27.d.264122AD89A353D722062031C2ABB0D5.e.27857"}]}
RESULT: {}
RESULT: {"script":"<script> [56 bytes]","args":[{"element-6066-11e4-a52e-4f735466cecf":"f.375AD1BF2998C782D6149A43C57C8E27.d.264122AD89A353D722062031C2ABB0D5.e.27857","ELEMENT":"f.375AD1BF2998C782D6149A43C57C8E27.d.264122AD89A353D722062031C2ABB0D5.e.27857"}]}
COMMAND: POST /session/cd477e99f4e247ef02c326ac6df7445e/element - {"using":"xpath","value":"//div[contains(@id, \"smartFilterBar-btnBasicSearch-reset\")]"}
COMMAND: GET /session/cd477e99f4e247ef02c326ac6df7445e/screenshot - {}
RESULT: {"using":"xpath","value":"//div[contains(@id, \"smartFilterBar-btnBasicSearch-reset\")]"}
COMMAND: POST /session/cd477e99f4e247ef02c326ac6df7445e/element/f.375AD1BF2998C782D6149A43C57C8E27.d.264122AD89A353D722062031C2ABB0D5.e.26695/click - {}
RESULT: {}
RESULT: {}
COMMAND: GET /session/cd477e99f4e247ef02c326ac6df7445e/screenshot - {}
RESULT: {}
COMMAND: POST /session/cd477e99f4e247ef02c326ac6df7445e/element/f.375AD1BF2998C782D6149A43C57C8E27.d.264122AD89A353D722062031C2ABB0D5.e.26059/click - {}
RESULT: {}
COMMAND: GET /session/cd477e99f4e247ef02c326ac6df7445e/screenshot - {}
RESULT: {}
RESULT: undefined
COMMAND: POST /session/cd477e99f4e247ef02c326ac6df7445e/execute/async - {"script":"<script> [776 bytes]","args":[{"enterText":"600002","selector":{"id":"application-ruinventorylist-display-component---Master--smartFilterBar-btnBasicSearch","interaction":{"idSuffix":"I"}},"clearTextFirst":true,"interactionType":"ENTER_TEXT"}]}
RESULT: {"script":"<script> [776 bytes]","args":[{"enterText":"600002","selector":{"id":"application-ruinventorylist-display-component---Master--smartFilterBar-btnBasicSearch","interaction":{"idSuffix":"I"}},"clearTextFirst":true,"interactionType":"ENTER_TEXT"}]}
COMMAND: POST /session/cd477e99f4e247ef02c326ac6df7445e/actions - {"actions":[{"id":"action82","type":"key","parameters":{},"actions":[{"type":"keyDown","value":"î€‡"},{"type":"pause","duration":10},{"type":"keyUp","value":"î€‡"}]}]}
RESULT: {"actions":[{"id":"action82","type":"key","parameters":{},"actions":[{"type":"keyDown","value":"î€‡"},{"type":"pause","duration":10},{"type":"keyUp","value":"î€‡"}]}]}
COMMAND: GET /session/cd477e99f4e247ef02c326ac6df7445e/screenshot - {}
RESULT: {}
COMMAND: POST /session/cd477e99f4e247ef02c326ac6df7445e/element - {"using":"xpath","value":"//span[@id=\"application-ruinventorylist-display-component---Master--smartTableRuInventoryList-header-inner\"]"}
RESULT: {"using":"xpath","value":"//span[@id=\"application-ruinventorylist-display-component---Master--smartTableRuInventoryList-header-inner\"]"}
COMMAND: POST /session/cd477e99f4e247ef02c326ac6df7445e/elements - {"using":"xpath","value":"//span[@id=\"application-ruinventorylist-display-component---Master--smartTableRuInventoryList-header-inner\"]"}
RESULT: {"using":"xpath","value":"//span[@id=\"application-ruinventorylist-display-component---Master--smartTableRuInventoryList-header-inner\"]"}
COMMAND: POST /session/cd477e99f4e247ef02c326ac6df7445e/execute/sync - {"script":"<script> [56 bytes]","args":[{"element-6066-11e4-a52e-4f735466cecf":"f.375AD1BF2998C782D6149A43C57C8E27.d.264122AD89A353D722062031C2ABB0D5.e.26679","ELEMENT":"f.375AD1BF2998C782D6149A43C57C8E27.d.264122AD89A353D722062031C2ABB0D5.e.26679"}]}
RESULT: {"script":"<script> [56 bytes]","args":[{"element-6066-11e4-a52e-4f735466cecf":"f.375AD1BF2998C782D6149A43C57C8E27.d.264122AD89A353D722062031C2ABB0D5.e.26679","ELEMENT":"f.375AD1BF2998C782D6149A43C57C8E27.d.264122AD89A353D722062031C2ABB0D5.e.26679"}]}
COMMAND: POST /session/cd477e99f4e247ef02c326ac6df7445e/element - {"using":"xpath","value":"//table[contains(@id, \"application-ruinventorylist-display-component---Master--tableRuInventoryList-listUl\")]/tbody/tr[1]/td[2]/div/div"}
COMMAND: GET /session/cd477e99f4e247ef02c326ac6df7445e/screenshot - {}
RESULT: {"using":"xpath","value":"//table[contains(@id, \"application-ruinventorylist-display-component---Master--tableRuInventoryList-listUl\")]/tbody/tr[1]/td[2]/div/div"}
COMMAND: POST /session/cd477e99f4e247ef02c326ac6df7445e/element/f.375AD1BF2998C782D6149A43C57C8E27.d.264122AD89A353D722062031C2ABB0D5.e.28150/click - {}
RESULT: {}
RESULT: {}
COMMAND: GET /session/cd477e99f4e247ef02c326ac6df7445e/screenshot - {}
RESULT: {}
COMMAND: POST /session/cd477e99f4e247ef02c326ac6df7445e/element - {"using":"xpath","value":"//div[contains(@id, \"smartFilterBar-btnBasicSearch-reset\")]"}
RESULT: {"using":"xpath","value":"//div[contains(@id, \"smartFilterBar-btnBasicSearch-reset\")]"}
COMMAND: POST /session/cd477e99f4e247ef02c326ac6df7445e/element/f.375AD1BF2998C782D6149A43C57C8E27.d.264122AD89A353D722062031C2ABB0D5.e.26695/click - {}
RESULT: {}
COMMAND: GET /session/cd477e99f4e247ef02c326ac6df7445e/screenshot - {}
RESULT: {}
RESULT: undefined
COMMAND: POST /session/cd477e99f4e247ef02c326ac6df7445e/execute/async - {"script":"<script> [776 bytes]","args":[{"enterText":"401002","selector":{"id":"application-ruinventorylist-display-component---Master--smartFilterBar-btnBasicSearch","interaction":{"idSuffix":"I"}},"clearTextFirst":true,"interactionType":"ENTER_TEXT"}]}
RESULT: {"script":"<script> [776 bytes]","args":[{"enterText":"401002","selector":{"id":"application-ruinventorylist-display-component---Master--smartFilterBar-btnBasicSearch","interaction":{"idSuffix":"I"}},"clearTextFirst":true,"interactionType":"ENTER_TEXT"}]}
COMMAND: POST /session/cd477e99f4e247ef02c326ac6df7445e/actions - {"actions":[{"id":"action83","type":"key","parameters":{},"actions":[{"type":"keyDown","value":"î€‡"},{"type":"pause","duration":10},{"type":"keyUp","value":"î€‡"}]}]}
RESULT: {"actions":[{"id":"action83","type":"key","parameters":{},"actions":[{"type":"keyDown","value":"î€‡"},{"type":"pause","duration":10},{"type":"keyUp","value":"î€‡"}]}]}
COMMAND: GET /session/cd477e99f4e247ef02c326ac6df7445e/screenshot - {}
RESULT: {}
COMMAND: POST /session/cd477e99f4e247ef02c326ac6df7445e/element - {"using":"xpath","value":"//span[@id=\"application-ruinventorylist-display-component---Master--smartTableRuInventoryList-header-inner\"]"}
RESULT: {"using":"xpath","value":"//span[@id=\"application-ruinventorylist-display-component---Master--smartTableRuInventoryList-header-inner\"]"}
COMMAND: POST /session/cd477e99f4e247ef02c326ac6df7445e/elements - {"using":"xpath","value":"//span[@id=\"application-ruinventorylist-display-component---Master--smartTableRuInventoryList-header-inner\"]"}
RESULT: {"using":"xpath","value":"//span[@id=\"application-ruinventorylist-display-component---Master--smartTableRuInventoryList-header-inner\"]"}
COMMAND: POST /session/cd477e99f4e247ef02c326ac6df7445e/execute/sync - {"script":"<script> [56 bytes]","args":[{"element-6066-11e4-a52e-4f735466cecf":"f.375AD1BF2998C782D6149A43C57C8E27.d.264122AD89A353D722062031C2ABB0D5.e.26679","ELEMENT":"f.375AD1BF2998C782D6149A43C57C8E27.d.264122AD89A353D722062031C2ABB0D5.e.26679"}]}
RESULT: {"script":"<script> [56 bytes]","args":[{"element-6066-11e4-a52e-4f735466cecf":"f.375AD1BF2998C782D6149A43C57C8E27.d.264122AD89A353D722062031C2ABB0D5.e.26679","ELEMENT":"f.375AD1BF2998C782D6149A43C57C8E27.d.264122AD89A353D722062031C2ABB0D5.e.26679"}]}
COMMAND: POST /session/cd477e99f4e247ef02c326ac6df7445e/element - {"using":"xpath","value":"//table[contains(@id, \"application-ruinventorylist-display-component---Master--tableRuInventoryList-listUl\")]/tbody/tr[1]/td[2]/div/div"}
COMMAND: GET /session/cd477e99f4e247ef02c326ac6df7445e/screenshot - {}
RESULT: {"using":"xpath","value":"//table[contains(@id, \"application-ruinventorylist-display-component---Master--tableRuInventoryList-listUl\")]/tbody/tr[1]/td[2]/div/div"}
COMMAND: POST /session/cd477e99f4e247ef02c326ac6df7445e/element/f.375AD1BF2998C782D6149A43C57C8E27.d.264122AD89A353D722062031C2ABB0D5.e.28335/click - {}
RESULT: {}
RESULT: {}
COMMAND: GET /session/cd477e99f4e247ef02c326ac6df7445e/screenshot - {}
RESULT: {}
COMMAND: POST /session/cd477e99f4e247ef02c326ac6df7445e/element - {"using":"xpath","value":"//div[contains(@id, \"smartFilterBar-btnBasicSearch-reset\")]"}
RESULT: {"using":"xpath","value":"//div[contains(@id, \"smartFilterBar-btnBasicSearch-reset\")]"}
COMMAND: POST /session/cd477e99f4e247ef02c326ac6df7445e/element/f.375AD1BF2998C782D6149A43C57C8E27.d.264122AD89A353D722062031C2ABB0D5.e.26695/click - {}
RESULT: {}
COMMAND: GET /session/cd477e99f4e247ef02c326ac6df7445e/screenshot - {}
RESULT: {}
RESULT: undefined
COMMAND: POST /session/cd477e99f4e247ef02c326ac6df7445e/execute/async - {"script":"<script> [776 bytes]","args":[{"enterText":"DilRKaGMl2","selector":{"id":"application-ruinventorylist-display-component---Master--smartFilterBar-btnBasicSearch","interaction":{"idSuffix":"I"}},"clearTextFirst":true,"interactionType":"ENTER_TEXT"}]}
RESULT: {"script":"<script> [776 bytes]","args":[{"enterText":"DilRKaGMl2","selector":{"id":"application-ruinventorylist-display-component---Master--smartFilterBar-btnBasicSearch","interaction":{"idSuffix":"I"}},"clearTextFirst":true,"interactionType":"ENTER_TEXT"}]}
COMMAND: POST /session/cd477e99f4e247ef02c326ac6df7445e/actions - {"actions":[{"id":"action84","type":"key","parameters":{},"actions":[{"type":"keyDown","value":"î€‡"},{"type":"pause","duration":10},{"type":"keyUp","value":"î€‡"}]}]}
RESULT: {"actions":[{"id":"action84","type":"key","parameters":{},"actions":[{"type":"keyDown","value":"î€‡"},{"type":"pause","duration":10},{"type":"keyUp","value":"î€‡"}]}]}
COMMAND: GET /session/cd477e99f4e247ef02c326ac6df7445e/screenshot - {}
RESULT: {}
COMMAND: POST /session/cd477e99f4e247ef02c326ac6df7445e/element - {"using":"xpath","value":"//span[@id=\"application-ruinventorylist-display-component---Master--smartTableRuInventoryList-header-inner\"]"}
RESULT: {"using":"xpath","value":"//span[@id=\"application-ruinventorylist-display-component---Master--smartTableRuInventoryList-header-inner\"]"}
COMMAND: POST /session/cd477e99f4e247ef02c326ac6df7445e/elements - {"using":"xpath","value":"//span[@id=\"application-ruinventorylist-display-component---Master--smartTableRuInventoryList-header-inner\"]"}
RESULT: {"using":"xpath","value":"//span[@id=\"application-ruinventorylist-display-component---Master--smartTableRuInventoryList-header-inner\"]"}
COMMAND: POST /session/cd477e99f4e247ef02c326ac6df7445e/execute/sync - {"script":"<script> [56 bytes]","args":[{"element-6066-11e4-a52e-4f735466cecf":"f.375AD1BF2998C782D6149A43C57C8E27.d.264122AD89A353D722062031C2ABB0D5.e.26679","ELEMENT":"f.375AD1BF2998C782D6149A43C57C8E27.d.264122AD89A353D722062031C2ABB0D5.e.26679"}]}
RESULT: {"script":"<script> [56 bytes]","args":[{"element-6066-11e4-a52e-4f735466cecf":"f.375AD1BF2998C782D6149A43C57C8E27.d.264122AD89A353D722062031C2ABB0D5.e.26679","ELEMENT":"f.375AD1BF2998C782D6149A43C57C8E27.d.264122AD89A353D722062031C2ABB0D5.e.26679"}]}
COMMAND: POST /session/cd477e99f4e247ef02c326ac6df7445e/element - {"using":"xpath","value":"//table[contains(@id, \"application-ruinventorylist-display-component---Master--tableRuInventoryList-listUl\")]/tbody/tr[1]/td[2]/div/div"}
COMMAND: GET /session/cd477e99f4e247ef02c326ac6df7445e/screenshot - {}
RESULT: {"using":"xpath","value":"//table[contains(@id, \"application-ruinventorylist-display-component---Master--tableRuInventoryList-listUl\")]/tbody/tr[1]/td[2]/div/div"}
COMMAND: POST /session/cd477e99f4e247ef02c326ac6df7445e/element/f.375AD1BF2998C782D6149A43C57C8E27.d.264122AD89A353D722062031C2ABB0D5.e.28522/click - {}
RESULT: {}
RESULT: {}
COMMAND: GET /session/cd477e99f4e247ef02c326ac6df7445e/screenshot - {}
RESULT: {}
COMMAND: POST /session/cd477e99f4e247ef02c326ac6df7445e/element - {"using":"xpath","value":"//div[contains(@id, \"smartFilterBar-btnBasicSearch-reset\")]"}
RESULT: {"using":"xpath","value":"//div[contains(@id, \"smartFilterBar-btnBasicSearch-reset\")]"}
COMMAND: POST /session/cd477e99f4e247ef02c326ac6df7445e/element/f.375AD1BF2998C782D6149A43C57C8E27.d.264122AD89A353D722062031C2ABB0D5.e.26695/click - {}
RESULT: {}
COMMAND: GET /session/cd477e99f4e247ef02c326ac6df7445e/screenshot - {}
RESULT: {}
RESULT: undefined
COMMAND: POST /session/cd477e99f4e247ef02c326ac6df7445e/execute/async - {"script":"<script> [776 bytes]","args":[{"enterText":"200526","selector":{"id":"application-ruinventorylist-display-component---Master--smartFilterBar-btnBasicSearch","interaction":{"idSuffix":"I"}},"clearTextFirst":true,"interactionType":"ENTER_TEXT"}]}
RESULT: {"script":"<script> [776 bytes]","args":[{"enterText":"200526","selector":{"id":"application-ruinventorylist-display-component---Master--smartFilterBar-btnBasicSearch","interaction":{"idSuffix":"I"}},"clearTextFirst":true,"interactionType":"ENTER_TEXT"}]}
COMMAND: POST /session/cd477e99f4e247ef02c326ac6df7445e/actions - {"actions":[{"id":"action85","type":"key","parameters":{},"actions":[{"type":"keyDown","value":"î€‡"},{"type":"pause","duration":10},{"type":"keyUp","value":"î€‡"}]}]}
RESULT: {"actions":[{"id":"action85","type":"key","parameters":{},"actions":[{"type":"keyDown","value":"î€‡"},{"type":"pause","duration":10},{"type":"keyUp","value":"î€‡"}]}]}
COMMAND: GET /session/cd477e99f4e247ef02c326ac6df7445e/screenshot - {}
RESULT: {}
COMMAND: POST /session/cd477e99f4e247ef02c326ac6df7445e/element - {"using":"xpath","value":"//span[@id=\"application-ruinventorylist-display-component---Master--smartTableRuInventoryList-header-inner\"]"}
RESULT: {"using":"xpath","value":"//span[@id=\"application-ruinventorylist-display-component---Master--smartTableRuInventoryList-header-inner\"]"}
COMMAND: POST /session/cd477e99f4e247ef02c326ac6df7445e/elements - {"using":"xpath","value":"//span[@id=\"application-ruinventorylist-display-component---Master--smartTableRuInventoryList-header-inner\"]"}
RESULT: {"using":"xpath","value":"//span[@id=\"application-ruinventorylist-display-component---Master--smartTableRuInventoryList-header-inner\"]"}
COMMAND: POST /session/cd477e99f4e247ef02c326ac6df7445e/execute/sync - {"script":"<script> [56 bytes]","args":[{"element-6066-11e4-a52e-4f735466cecf":"f.375AD1BF2998C782D6149A43C57C8E27.d.264122AD89A353D722062031C2ABB0D5.e.26679","ELEMENT":"f.375AD1BF2998C782D6149A43C57C8E27.d.264122AD89A353D722062031C2ABB0D5.e.26679"}]}
RESULT: {"script":"<script> [56 bytes]","args":[{"element-6066-11e4-a52e-4f735466cecf":"f.375AD1BF2998C782D6149A43C57C8E27.d.264122AD89A353D722062031C2ABB0D5.e.26679","ELEMENT":"f.375AD1BF2998C782D6149A43C57C8E27.d.264122AD89A353D722062031C2ABB0D5.e.26679"}]}
COMMAND: POST /session/cd477e99f4e247ef02c326ac6df7445e/element - {"using":"xpath","value":"//table[contains(@id, \"application-ruinventorylist-display-component---Master--tableRuInventoryList-listUl\")]/tbody/tr[1]/td[2]/div/div"}
COMMAND: GET /session/cd477e99f4e247ef02c326ac6df7445e/screenshot - {}
RESULT: {"using":"xpath","value":"//table[contains(@id, \"application-ruinventorylist-display-component---Master--tableRuInventoryList-listUl\")]/tbody/tr[1]/td[2]/div/div"}
COMMAND: POST /session/cd477e99f4e247ef02c326ac6df7445e/element/f.375AD1BF2998C782D6149A43C57C8E27.d.264122AD89A353D722062031C2ABB0D5.e.28708/click - {}
RESULT: {}
RESULT: {}
COMMAND: GET /session/cd477e99f4e247ef02c326ac6df7445e/screenshot - {}
RESULT: {}
COMMAND: POST /session/cd477e99f4e247ef02c326ac6df7445e/element - {"using":"xpath","value":"//div[contains(@id, \"smartFilterBar-btnBasicSearch-reset\")]"}
RESULT: {"using":"xpath","value":"//div[contains(@id, \"smartFilterBar-btnBasicSearch-reset\")]"}
COMMAND: POST /session/cd477e99f4e247ef02c326ac6df7445e/element/f.375AD1BF2998C782D6149A43C57C8E27.d.264122AD89A353D722062031C2ABB0D5.e.26695/click - {}
RESULT: {}
COMMAND: GET /session/cd477e99f4e247ef02c326ac6df7445e/screenshot - {}
RESULT: {}
COMMAND: POST /session/cd477e99f4e247ef02c326ac6df7445e/element/f.375AD1BF2998C782D6149A43C57C8E27.d.264122AD89A353D722062031C2ABB0D5.e.26059/click - {}
RESULT: {}
COMMAND: GET /session/cd477e99f4e247ef02c326ac6df7445e/screenshot - {}
RESULT: {}
RESULT: undefined
COMMAND: POST /session/cd477e99f4e247ef02c326ac6df7445e/element - {"using":"xpath","value":"//*[@id=\"application-ruinventorylist-display-component---Master--ruStateTypes-arrow\"]"}
RESULT: {"using":"xpath","value":"//*[@id=\"application-ruinventorylist-display-component---Master--ruStateTypes-arrow\"]"}
COMMAND: POST /session/cd477e99f4e247ef02c326ac6df7445e/element/f.375AD1BF2998C782D6149A43C57C8E27.d.264122AD89A353D722062031C2ABB0D5.e.28915/click - {}
RESULT: {}
COMMAND: GET /session/cd477e99f4e247ef02c326ac6df7445e/screenshot - {}
RESULT: {}
COMMAND: POST /session/cd477e99f4e247ef02c326ac6df7445e/element - {"using":"xpath","value":"//li[.//span[text()=\"available\"]]"}
RESULT: {"using":"xpath","value":"//li[.//span[text()=\"available\"]]"}
COMMAND: POST /session/cd477e99f4e247ef02c326ac6df7445e/element/f.375AD1BF2998C782D6149A43C57C8E27.d.264122AD89A353D722062031C2ABB0D5.e.28916/click - {}
RESULT: {}
COMMAND: GET /session/cd477e99f4e247ef02c326ac6df7445e/screenshot - {}
RESULT: {}
COMMAND: POST /session/cd477e99f4e247ef02c326ac6df7445e/element - {"using":"xpath","value":"(//bdi[contains(text(), \"OK\")])[1]"}
RESULT: {"using":"xpath","value":"(//bdi[contains(text(), \"OK\")])[1]"}
COMMAND: POST /session/cd477e99f4e247ef02c326ac6df7445e/element/f.375AD1BF2998C782D6149A43C57C8E27.d.264122AD89A353D722062031C2ABB0D5.e.28917/click - {}
RESULT: {}
COMMAND: GET /session/cd477e99f4e247ef02c326ac6df7445e/screenshot - {}
RESULT: {}
COMMAND: POST /session/cd477e99f4e247ef02c326ac6df7445e/element - {"using":"xpath","value":"(//bdi[contains(text(), \"OK\")])[2]"}
RESULT: {"using":"xpath","value":"(//bdi[contains(text(), \"OK\")])[2]"}
COMMAND: POST /session/cd477e99f4e247ef02c326ac6df7445e/element/f.375AD1BF2998C782D6149A43C57C8E27.d.264122AD89A353D722062031C2ABB0D5.e.28921/click - {}
RESULT: {}
COMMAND: GET /session/cd477e99f4e247ef02c326ac6df7445e/screenshot - {}
RESULT: {}
RESULT: undefined
COMMAND: POST /session/cd477e99f4e247ef02c326ac6df7445e/execute/async - {"script":"<script> [776 bytes]","args":[{"enterText":"600002","selector":{"id":"application-ruinventorylist-display-component---Master--smartFilterBar-btnBasicSearch","interaction":{"idSuffix":"I"}},"clearTextFirst":true,"interactionType":"ENTER_TEXT"}]}
RESULT: {"script":"<script> [776 bytes]","args":[{"enterText":"600002","selector":{"id":"application-ruinventorylist-display-component---Master--smartFilterBar-btnBasicSearch","interaction":{"idSuffix":"I"}},"clearTextFirst":true,"interactionType":"ENTER_TEXT"}]}
COMMAND: POST /session/cd477e99f4e247ef02c326ac6df7445e/actions - {"actions":[{"id":"action86","type":"key","parameters":{},"actions":[{"type":"keyDown","value":"î€‡"},{"type":"pause","duration":10},{"type":"keyUp","value":"î€‡"}]}]}
RESULT: {"actions":[{"id":"action86","type":"key","parameters":{},"actions":[{"type":"keyDown","value":"î€‡"},{"type":"pause","duration":10},{"type":"keyUp","value":"î€‡"}]}]}
COMMAND: GET /session/cd477e99f4e247ef02c326ac6df7445e/screenshot - {}
RESULT: {}
COMMAND: POST /session/cd477e99f4e247ef02c326ac6df7445e/element - {"using":"xpath","value":"//span[@id=\"application-ruinventorylist-display-component---Master--smartTableRuInventoryList-header-inner\"]"}
RESULT: {"using":"xpath","value":"//span[@id=\"application-ruinventorylist-display-component---Master--smartTableRuInventoryList-header-inner\"]"}
COMMAND: POST /session/cd477e99f4e247ef02c326ac6df7445e/elements - {"using":"xpath","value":"//span[@id=\"application-ruinventorylist-display-component---Master--smartTableRuInventoryList-header-inner\"]"}
RESULT: {"using":"xpath","value":"//span[@id=\"application-ruinventorylist-display-component---Master--smartTableRuInventoryList-header-inner\"]"}
COMMAND: POST /session/cd477e99f4e247ef02c326ac6df7445e/execute/sync - {"script":"<script> [56 bytes]","args":[{"element-6066-11e4-a52e-4f735466cecf":"f.375AD1BF2998C782D6149A43C57C8E27.d.264122AD89A353D722062031C2ABB0D5.e.26679","ELEMENT":"f.375AD1BF2998C782D6149A43C57C8E27.d.264122AD89A353D722062031C2ABB0D5.e.26679"}]}
RESULT: {"script":"<script> [56 bytes]","args":[{"element-6066-11e4-a52e-4f735466cecf":"f.375AD1BF2998C782D6149A43C57C8E27.d.264122AD89A353D722062031C2ABB0D5.e.26679","ELEMENT":"f.375AD1BF2998C782D6149A43C57C8E27.d.264122AD89A353D722062031C2ABB0D5.e.26679"}]}
COMMAND: POST /session/cd477e99f4e247ef02c326ac6df7445e/element - {"using":"xpath","value":"//table[contains(@id, \"application-ruinventorylist-display-component---Master--tableRuInventoryList-listUl\")]/tbody/tr[1]/td[6]/div/span"}
COMMAND: GET /session/cd477e99f4e247ef02c326ac6df7445e/screenshot - {}
RESULT: {"using":"xpath","value":"//table[contains(@id, \"application-ruinventorylist-display-component---Master--tableRuInventoryList-listUl\")]/tbody/tr[1]/td[6]/div/span"}
COMMAND: POST /session/cd477e99f4e247ef02c326ac6df7445e/execute/sync - {"script":"<script> [56 bytes]","args":[{"element-6066-11e4-a52e-4f735466cecf":"f.375AD1BF2998C782D6149A43C57C8E27.d.264122AD89A353D722062031C2ABB0D5.e.28941","ELEMENT":"f.375AD1BF2998C782D6149A43C57C8E27.d.264122AD89A353D722062031C2ABB0D5.e.28941"}]}
RESULT: {}
RESULT: {"script":"<script> [56 bytes]","args":[{"element-6066-11e4-a52e-4f735466cecf":"f.375AD1BF2998C782D6149A43C57C8E27.d.264122AD89A353D722062031C2ABB0D5.e.28941","ELEMENT":"f.375AD1BF2998C782D6149A43C57C8E27.d.264122AD89A353D722062031C2ABB0D5.e.28941"}]}
COMMAND: POST /session/cd477e99f4e247ef02c326ac6df7445e/element - {"using":"xpath","value":"//div[contains(@id, \"smartFilterBar-btnBasicSearch-reset\")]"}
COMMAND: GET /session/cd477e99f4e247ef02c326ac6df7445e/screenshot - {}
RESULT: {"using":"xpath","value":"//div[contains(@id, \"smartFilterBar-btnBasicSearch-reset\")]"}
COMMAND: POST /session/cd477e99f4e247ef02c326ac6df7445e/element/f.375AD1BF2998C782D6149A43C57C8E27.d.264122AD89A353D722062031C2ABB0D5.e.26695/click - {}
RESULT: {}
RESULT: {}
COMMAND: GET /session/cd477e99f4e247ef02c326ac6df7445e/screenshot - {}
RESULT: {}
RESULT: undefined
COMMAND: POST /session/cd477e99f4e247ef02c326ac6df7445e/execute/async - {"script":"<script> [776 bytes]","args":[{"enterText":"401002","selector":{"id":"application-ruinventorylist-display-component---Master--smartFilterBar-btnBasicSearch","interaction":{"idSuffix":"I"}},"clearTextFirst":true,"interactionType":"ENTER_TEXT"}]}
RESULT: {"script":"<script> [776 bytes]","args":[{"enterText":"401002","selector":{"id":"application-ruinventorylist-display-component---Master--smartFilterBar-btnBasicSearch","interaction":{"idSuffix":"I"}},"clearTextFirst":true,"interactionType":"ENTER_TEXT"}]}
COMMAND: POST /session/cd477e99f4e247ef02c326ac6df7445e/actions - {"actions":[{"id":"action87","type":"key","parameters":{},"actions":[{"type":"keyDown","value":"î€‡"},{"type":"pause","duration":10},{"type":"keyUp","value":"î€‡"}]}]}
RESULT: {"actions":[{"id":"action87","type":"key","parameters":{},"actions":[{"type":"keyDown","value":"î€‡"},{"type":"pause","duration":10},{"type":"keyUp","value":"î€‡"}]}]}
COMMAND: GET /session/cd477e99f4e247ef02c326ac6df7445e/screenshot - {}
RESULT: {}
COMMAND: POST /session/cd477e99f4e247ef02c326ac6df7445e/element - {"using":"xpath","value":"//span[@id=\"application-ruinventorylist-display-component---Master--smartTableRuInventoryList-header-inner\"]"}
RESULT: {"using":"xpath","value":"//span[@id=\"application-ruinventorylist-display-component---Master--smartTableRuInventoryList-header-inner\"]"}
COMMAND: POST /session/cd477e99f4e247ef02c326ac6df7445e/elements - {"using":"xpath","value":"//span[@id=\"application-ruinventorylist-display-component---Master--smartTableRuInventoryList-header-inner\"]"}
RESULT: {"using":"xpath","value":"//span[@id=\"application-ruinventorylist-display-component---Master--smartTableRuInventoryList-header-inner\"]"}
COMMAND: POST /session/cd477e99f4e247ef02c326ac6df7445e/execute/sync - {"script":"<script> [56 bytes]","args":[{"element-6066-11e4-a52e-4f735466cecf":"f.375AD1BF2998C782D6149A43C57C8E27.d.264122AD89A353D722062031C2ABB0D5.e.26679","ELEMENT":"f.375AD1BF2998C782D6149A43C57C8E27.d.264122AD89A353D722062031C2ABB0D5.e.26679"}]}
RESULT: {"script":"<script> [56 bytes]","args":[{"element-6066-11e4-a52e-4f735466cecf":"f.375AD1BF2998C782D6149A43C57C8E27.d.264122AD89A353D722062031C2ABB0D5.e.26679","ELEMENT":"f.375AD1BF2998C782D6149A43C57C8E27.d.264122AD89A353D722062031C2ABB0D5.e.26679"}]}
COMMAND: POST /session/cd477e99f4e247ef02c326ac6df7445e/element - {"using":"xpath","value":"//table[contains(@id, \"application-ruinventorylist-display-component---Master--tableRuInventoryList-listUl\")]/tbody/tr[1]/td[6]/div/span"}
COMMAND: GET /session/cd477e99f4e247ef02c326ac6df7445e/screenshot - {}
RESULT: {"using":"xpath","value":"//table[contains(@id, \"application-ruinventorylist-display-component---Master--tableRuInventoryList-listUl\")]/tbody/tr[1]/td[6]/div/span"}
COMMAND: POST /session/cd477e99f4e247ef02c326ac6df7445e/execute/sync - {"script":"<script> [56 bytes]","args":[{"element-6066-11e4-a52e-4f735466cecf":"f.375AD1BF2998C782D6149A43C57C8E27.d.264122AD89A353D722062031C2ABB0D5.e.29045","ELEMENT":"f.375AD1BF2998C782D6149A43C57C8E27.d.264122AD89A353D722062031C2ABB0D5.e.29045"}]}
RESULT: {}
RESULT: {"script":"<script> [56 bytes]","args":[{"element-6066-11e4-a52e-4f735466cecf":"f.375AD1BF2998C782D6149A43C57C8E27.d.264122AD89A353D722062031C2ABB0D5.e.29045","ELEMENT":"f.375AD1BF2998C782D6149A43C57C8E27.d.264122AD89A353D722062031C2ABB0D5.e.29045"}]}
COMMAND: POST /session/cd477e99f4e247ef02c326ac6df7445e/element - {"using":"xpath","value":"//div[contains(@id, \"smartFilterBar-btnBasicSearch-reset\")]"}
COMMAND: GET /session/cd477e99f4e247ef02c326ac6df7445e/screenshot - {}
RESULT: {"using":"xpath","value":"//div[contains(@id, \"smartFilterBar-btnBasicSearch-reset\")]"}
COMMAND: POST /session/cd477e99f4e247ef02c326ac6df7445e/element/f.375AD1BF2998C782D6149A43C57C8E27.d.264122AD89A353D722062031C2ABB0D5.e.26695/click - {}
RESULT: {}
RESULT: {}
COMMAND: GET /session/cd477e99f4e247ef02c326ac6df7445e/screenshot - {}
RESULT: {}
RESULT: undefined
COMMAND: POST /session/cd477e99f4e247ef02c326ac6df7445e/execute/async - {"script":"<script> [776 bytes]","args":[{"enterText":"DilRKaGMl2","selector":{"id":"application-ruinventorylist-display-component---Master--smartFilterBar-btnBasicSearch","interaction":{"idSuffix":"I"}},"clearTextFirst":true,"interactionType":"ENTER_TEXT"}]}
RESULT: {"script":"<script> [776 bytes]","args":[{"enterText":"DilRKaGMl2","selector":{"id":"application-ruinventorylist-display-component---Master--smartFilterBar-btnBasicSearch","interaction":{"idSuffix":"I"}},"clearTextFirst":true,"interactionType":"ENTER_TEXT"}]}
COMMAND: POST /session/cd477e99f4e247ef02c326ac6df7445e/actions - {"actions":[{"id":"action88","type":"key","parameters":{},"actions":[{"type":"keyDown","value":"î€‡"},{"type":"pause","duration":10},{"type":"keyUp","value":"î€‡"}]}]}
RESULT: {"actions":[{"id":"action88","type":"key","parameters":{},"actions":[{"type":"keyDown","value":"î€‡"},{"type":"pause","duration":10},{"type":"keyUp","value":"î€‡"}]}]}
COMMAND: GET /session/cd477e99f4e247ef02c326ac6df7445e/screenshot - {}
RESULT: {}
COMMAND: POST /session/cd477e99f4e247ef02c326ac6df7445e/element - {"using":"xpath","value":"//span[@id=\"application-ruinventorylist-display-component---Master--smartTableRuInventoryList-header-inner\"]"}
RESULT: {"using":"xpath","value":"//span[@id=\"application-ruinventorylist-display-component---Master--smartTableRuInventoryList-header-inner\"]"}
COMMAND: POST /session/cd477e99f4e247ef02c326ac6df7445e/elements - {"using":"xpath","value":"//span[@id=\"application-ruinventorylist-display-component---Master--smartTableRuInventoryList-header-inner\"]"}
RESULT: {"using":"xpath","value":"//span[@id=\"application-ruinventorylist-display-component---Master--smartTableRuInventoryList-header-inner\"]"}
COMMAND: POST /session/cd477e99f4e247ef02c326ac6df7445e/execute/sync - {"script":"<script> [56 bytes]","args":[{"element-6066-11e4-a52e-4f735466cecf":"f.375AD1BF2998C782D6149A43C57C8E27.d.264122AD89A353D722062031C2ABB0D5.e.26679","ELEMENT":"f.375AD1BF2998C782D6149A43C57C8E27.d.264122AD89A353D722062031C2ABB0D5.e.26679"}]}
RESULT: {"script":"<script> [56 bytes]","args":[{"element-6066-11e4-a52e-4f735466cecf":"f.375AD1BF2998C782D6149A43C57C8E27.d.264122AD89A353D722062031C2ABB0D5.e.26679","ELEMENT":"f.375AD1BF2998C782D6149A43C57C8E27.d.264122AD89A353D722062031C2ABB0D5.e.26679"}]}
COMMAND: POST /session/cd477e99f4e247ef02c326ac6df7445e/element - {"using":"xpath","value":"//table[contains(@id, \"application-ruinventorylist-display-component---Master--tableRuInventoryList-listUl\")]/tbody/tr[1]/td[6]/div/span"}
COMMAND: GET /session/cd477e99f4e247ef02c326ac6df7445e/screenshot - {}
RESULT: {"using":"xpath","value":"//table[contains(@id, \"application-ruinventorylist-display-component---Master--tableRuInventoryList-listUl\")]/tbody/tr[1]/td[6]/div/span"}
COMMAND: POST /session/cd477e99f4e247ef02c326ac6df7445e/execute/sync - {"script":"<script> [56 bytes]","args":[{"element-6066-11e4-a52e-4f735466cecf":"f.375AD1BF2998C782D6149A43C57C8E27.d.264122AD89A353D722062031C2ABB0D5.e.29147","ELEMENT":"f.375AD1BF2998C782D6149A43C57C8E27.d.264122AD89A353D722062031C2ABB0D5.e.29147"}]}
RESULT: {}
RESULT: {"script":"<script> [56 bytes]","args":[{"element-6066-11e4-a52e-4f735466cecf":"f.375AD1BF2998C782D6149A43C57C8E27.d.264122AD89A353D722062031C2ABB0D5.e.29147","ELEMENT":"f.375AD1BF2998C782D6149A43C57C8E27.d.264122AD89A353D722062031C2ABB0D5.e.29147"}]}
COMMAND: POST /session/cd477e99f4e247ef02c326ac6df7445e/element - {"using":"xpath","value":"//div[contains(@id, \"smartFilterBar-btnBasicSearch-reset\")]"}
COMMAND: GET /session/cd477e99f4e247ef02c326ac6df7445e/screenshot - {}
RESULT: {"using":"xpath","value":"//div[contains(@id, \"smartFilterBar-btnBasicSearch-reset\")]"}
COMMAND: POST /session/cd477e99f4e247ef02c326ac6df7445e/element/f.375AD1BF2998C782D6149A43C57C8E27.d.264122AD89A353D722062031C2ABB0D5.e.26695/click - {}
RESULT: {}
RESULT: {}
COMMAND: GET /session/cd477e99f4e247ef02c326ac6df7445e/screenshot - {}
RESULT: {}
RESULT: undefined
COMMAND: POST /session/cd477e99f4e247ef02c326ac6df7445e/execute/async - {"script":"<script> [776 bytes]","args":[{"enterText":"200526","selector":{"id":"application-ruinventorylist-display-component---Master--smartFilterBar-btnBasicSearch","interaction":{"idSuffix":"I"}},"clearTextFirst":true,"interactionType":"ENTER_TEXT"}]}
RESULT: {"script":"<script> [776 bytes]","args":[{"enterText":"200526","selector":{"id":"application-ruinventorylist-display-component---Master--smartFilterBar-btnBasicSearch","interaction":{"idSuffix":"I"}},"clearTextFirst":true,"interactionType":"ENTER_TEXT"}]}
COMMAND: POST /session/cd477e99f4e247ef02c326ac6df7445e/actions - {"actions":[{"id":"action89","type":"key","parameters":{},"actions":[{"type":"keyDown","value":"î€‡"},{"type":"pause","duration":10},{"type":"keyUp","value":"î€‡"}]}]}
RESULT: {"actions":[{"id":"action89","type":"key","parameters":{},"actions":[{"type":"keyDown","value":"î€‡"},{"type":"pause","duration":10},{"type":"keyUp","value":"î€‡"}]}]}
COMMAND: GET /session/cd477e99f4e247ef02c326ac6df7445e/screenshot - {}
RESULT: {}
COMMAND: POST /session/cd477e99f4e247ef02c326ac6df7445e/element - {"using":"xpath","value":"//span[@id=\"application-ruinventorylist-display-component---Master--smartTableRuInventoryList-header-inner\"]"}
RESULT: {"using":"xpath","value":"//span[@id=\"application-ruinventorylist-display-component---Master--smartTableRuInventoryList-header-inner\"]"}
COMMAND: POST /session/cd477e99f4e247ef02c326ac6df7445e/elements - {"using":"xpath","value":"//span[@id=\"application-ruinventorylist-display-component---Master--smartTableRuInventoryList-header-inner\"]"}
RESULT: {"using":"xpath","value":"//span[@id=\"application-ruinventorylist-display-component---Master--smartTableRuInventoryList-header-inner\"]"}
COMMAND: POST /session/cd477e99f4e247ef02c326ac6df7445e/execute/sync - {"script":"<script> [56 bytes]","args":[{"element-6066-11e4-a52e-4f735466cecf":"f.375AD1BF2998C782D6149A43C57C8E27.d.264122AD89A353D722062031C2ABB0D5.e.26679","ELEMENT":"f.375AD1BF2998C782D6149A43C57C8E27.d.264122AD89A353D722062031C2ABB0D5.e.26679"}]}
RESULT: {"script":"<script> [56 bytes]","args":[{"element-6066-11e4-a52e-4f735466cecf":"f.375AD1BF2998C782D6149A43C57C8E27.d.264122AD89A353D722062031C2ABB0D5.e.26679","ELEMENT":"f.375AD1BF2998C782D6149A43C57C8E27.d.264122AD89A353D722062031C2ABB0D5.e.26679"}]}
COMMAND: POST /session/cd477e99f4e247ef02c326ac6df7445e/element - {"using":"xpath","value":"//table[contains(@id, \"application-ruinventorylist-display-component---Master--tableRuInventoryList-listUl\")]/tbody/tr[1]/td[6]/div/span"}
COMMAND: GET /session/cd477e99f4e247ef02c326ac6df7445e/screenshot - {}
RESULT: {"using":"xpath","value":"//table[contains(@id, \"application-ruinventorylist-display-component---Master--tableRuInventoryList-listUl\")]/tbody/tr[1]/td[6]/div/span"}
COMMAND: POST /session/cd477e99f4e247ef02c326ac6df7445e/execute/sync - {"script":"<script> [56 bytes]","args":[{"element-6066-11e4-a52e-4f735466cecf":"f.375AD1BF2998C782D6149A43C57C8E27.d.264122AD89A353D722062031C2ABB0D5.e.29249","ELEMENT":"f.375AD1BF2998C782D6149A43C57C8E27.d.264122AD89A353D722062031C2ABB0D5.e.29249"}]}
RESULT: {}
RESULT: {"script":"<script> [56 bytes]","args":[{"element-6066-11e4-a52e-4f735466cecf":"f.375AD1BF2998C782D6149A43C57C8E27.d.264122AD89A353D722062031C2ABB0D5.e.29249","ELEMENT":"f.375AD1BF2998C782D6149A43C57C8E27.d.264122AD89A353D722062031C2ABB0D5.e.29249"}]}
COMMAND: POST /session/cd477e99f4e247ef02c326ac6df7445e/element - {"using":"xpath","value":"//div[contains(@id, \"smartFilterBar-btnBasicSearch-reset\")]"}
COMMAND: GET /session/cd477e99f4e247ef02c326ac6df7445e/screenshot - {}
RESULT: {"using":"xpath","value":"//div[contains(@id, \"smartFilterBar-btnBasicSearch-reset\")]"}
COMMAND: POST /session/cd477e99f4e247ef02c326ac6df7445e/element/f.375AD1BF2998C782D6149A43C57C8E27.d.264122AD89A353D722062031C2ABB0D5.e.26695/click - {}
RESULT: {}
RESULT: {}
COMMAND: GET /session/cd477e99f4e247ef02c326ac6df7445e/screenshot - {}
RESULT: {}
COMMAND: POST /session/cd477e99f4e247ef02c326ac6df7445e/element - {"using":"css selector","value":"#shell-header-logo"}
RESULT: {"using":"css selector","value":"#shell-header-logo"}
COMMAND: POST /session/cd477e99f4e247ef02c326ac6df7445e/element/f.375AD1BF2998C782D6149A43C57C8E27.d.264122AD89A353D722062031C2ABB0D5.e.26006/click - {}
RESULT: {}
COMMAND: GET /session/cd477e99f4e247ef02c326ac6df7445e/screenshot - {}
RESULT: {}
COMMAND: DELETE /session/cd477e99f4e247ef02c326ac6df7445e - {}
RESULT: {}
]]></system-out>
    </testcase>
  </testsuite>
</testsuites>