<?xml version="1.0" encoding="UTF-8"?>
<testsuites tests="80" failures="5" errors="5" skipped="0">
  <testsuite timestamp="2025-05-26T16:17:31" time="854.292" tests="8" failures="0" errors="0" skipped="0">
    <properties>
      <property name="specId" value="0"/>
      <property name="suiteName" value="Stock increase - with WHM US125587"/>
      <property name="capabilities" value="chrome.136_0_7103_93.windows"/>
      <property name="file" value="file:///D:/a/1/s/test/specs/HTR/stock-increase.spec.js"/>
    </properties>
    <testcase classname="chrome.136_0_7103_93.windows.Stock_increase_-_with_WHM_US125587" name="Should create a new WHM yard" time="156.882">
      <system-out><![CDATA[
COMMAND: POST /session/db7e74ddcaedfecfca9d83c19254142b/window/fullscreen - {}
RESULT: {}
COMMAND: POST /session/db7e74ddcaedfecfca9d83c19254142b/execute/async - {"script":"<script> [1562 bytes]","args":[{"selector":{"controlType":"sap.m.GenericTile","properties":{"header":"Manage Yards"}},"wdio_ui5_key":"sapm.GenericTile{\"header\":\"Manage Yards\"}"}]}
RESULT: {"script":"<script> [1562 bytes]","args":[{"selector":{"controlType":"sap.m.GenericTile","properties":{"header":"Manage Yards"}},"wdio_ui5_key":"sapm.GenericTile{\"header\":\"Manage Yards\"}"}]}
RESULT: undefined
COMMAND: POST /session/db7e74ddcaedfecfca9d83c19254142b/element - {"using":"xpath","value":"//*[@id=\"__tile41\"]"}
RESULT: {"using":"xpath","value":"//*[@id=\"__tile41\"]"}
COMMAND: POST /session/db7e74ddcaedfecfca9d83c19254142b/element/f.624D7720A2383BCF46C1895FE70984DD.d.0AE5BECADEED6D6ED6289774AE534E15.e.136/click - {}
RESULT: {}
COMMAND: GET /session/db7e74ddcaedfecfca9d83c19254142b/screenshot - {}
RESULT: {}
COMMAND: POST /session/db7e74ddcaedfecfca9d83c19254142b/elements - {"using":"xpath","value":"//span[text()='Error']"}
RESULT: {"using":"xpath","value":"//span[text()='Error']"}
COMMAND: POST /session/db7e74ddcaedfecfca9d83c19254142b/element - {"using":"xpath","value":"//button[@data-kt=\"addNewYardOverflowToolbarButton\"]"}
RESULT: {"using":"xpath","value":"//button[@data-kt=\"addNewYardOverflowToolbarButton\"]"}
COMMAND: POST /session/db7e74ddcaedfecfca9d83c19254142b/elements - {"using":"xpath","value":"//button[@data-kt=\"addNewYardOverflowToolbarButton\"]"}
RESULT: {"using":"xpath","value":"//button[@data-kt=\"addNewYardOverflowToolbarButton\"]"}
COMMAND: POST /session/db7e74ddcaedfecfca9d83c19254142b/elements - {"using":"xpath","value":"//button[@data-kt=\"addNewYardOverflowToolbarButton\"]"}
RESULT: {"using":"xpath","value":"//button[@data-kt=\"addNewYardOverflowToolbarButton\"]"}
COMMAND: POST /session/db7e74ddcaedfecfca9d83c19254142b/elements - {"using":"xpath","value":"//button[@data-kt=\"addNewYardOverflowToolbarButton\"]"}
RESULT: {"using":"xpath","value":"//button[@data-kt=\"addNewYardOverflowToolbarButton\"]"}
COMMAND: POST /session/db7e74ddcaedfecfca9d83c19254142b/elements - {"using":"xpath","value":"//button[@data-kt=\"addNewYardOverflowToolbarButton\"]"}
RESULT: {"using":"xpath","value":"//button[@data-kt=\"addNewYardOverflowToolbarButton\"]"}
COMMAND: POST /session/db7e74ddcaedfecfca9d83c19254142b/elements - {"using":"xpath","value":"//button[@data-kt=\"addNewYardOverflowToolbarButton\"]"}
RESULT: {"using":"xpath","value":"//button[@data-kt=\"addNewYardOverflowToolbarButton\"]"}
COMMAND: POST /session/db7e74ddcaedfecfca9d83c19254142b/elements - {"using":"xpath","value":"//button[@data-kt=\"addNewYardOverflowToolbarButton\"]"}
RESULT: {"using":"xpath","value":"//button[@data-kt=\"addNewYardOverflowToolbarButton\"]"}
COMMAND: POST /session/db7e74ddcaedfecfca9d83c19254142b/elements - {"using":"xpath","value":"//button[@data-kt=\"addNewYardOverflowToolbarButton\"]"}
RESULT: {"using":"xpath","value":"//button[@data-kt=\"addNewYardOverflowToolbarButton\"]"}
COMMAND: POST /session/db7e74ddcaedfecfca9d83c19254142b/elements - {"using":"xpath","value":"//button[@data-kt=\"addNewYardOverflowToolbarButton\"]"}
RESULT: {"using":"xpath","value":"//button[@data-kt=\"addNewYardOverflowToolbarButton\"]"}
COMMAND: POST /session/db7e74ddcaedfecfca9d83c19254142b/elements - {"using":"xpath","value":"//button[@data-kt=\"addNewYardOverflowToolbarButton\"]"}
RESULT: {"using":"xpath","value":"//button[@data-kt=\"addNewYardOverflowToolbarButton\"]"}
COMMAND: POST /session/db7e74ddcaedfecfca9d83c19254142b/elements - {"using":"xpath","value":"//button[@data-kt=\"addNewYardOverflowToolbarButton\"]"}
RESULT: {"using":"xpath","value":"//button[@data-kt=\"addNewYardOverflowToolbarButton\"]"}
COMMAND: POST /session/db7e74ddcaedfecfca9d83c19254142b/elements - {"using":"xpath","value":"//button[@data-kt=\"addNewYardOverflowToolbarButton\"]"}
RESULT: {"using":"xpath","value":"//button[@data-kt=\"addNewYardOverflowToolbarButton\"]"}
COMMAND: POST /session/db7e74ddcaedfecfca9d83c19254142b/elements - {"using":"xpath","value":"//button[@data-kt=\"addNewYardOverflowToolbarButton\"]"}
RESULT: {"using":"xpath","value":"//button[@data-kt=\"addNewYardOverflowToolbarButton\"]"}
COMMAND: POST /session/db7e74ddcaedfecfca9d83c19254142b/elements - {"using":"xpath","value":"//button[@data-kt=\"addNewYardOverflowToolbarButton\"]"}
RESULT: {"using":"xpath","value":"//button[@data-kt=\"addNewYardOverflowToolbarButton\"]"}
COMMAND: POST /session/db7e74ddcaedfecfca9d83c19254142b/elements - {"using":"xpath","value":"//button[@data-kt=\"addNewYardOverflowToolbarButton\"]"}
RESULT: {"using":"xpath","value":"//button[@data-kt=\"addNewYardOverflowToolbarButton\"]"}
COMMAND: POST /session/db7e74ddcaedfecfca9d83c19254142b/elements - {"using":"xpath","value":"//button[@data-kt=\"addNewYardOverflowToolbarButton\"]"}
RESULT: {"using":"xpath","value":"//button[@data-kt=\"addNewYardOverflowToolbarButton\"]"}
COMMAND: POST /session/db7e74ddcaedfecfca9d83c19254142b/elements - {"using":"xpath","value":"//button[@data-kt=\"addNewYardOverflowToolbarButton\"]"}
RESULT: {"using":"xpath","value":"//button[@data-kt=\"addNewYardOverflowToolbarButton\"]"}
COMMAND: POST /session/db7e74ddcaedfecfca9d83c19254142b/elements - {"using":"xpath","value":"//button[@data-kt=\"addNewYardOverflowToolbarButton\"]"}
RESULT: {"using":"xpath","value":"//button[@data-kt=\"addNewYardOverflowToolbarButton\"]"}
COMMAND: POST /session/db7e74ddcaedfecfca9d83c19254142b/elements - {"using":"xpath","value":"//button[@data-kt=\"addNewYardOverflowToolbarButton\"]"}
RESULT: {"using":"xpath","value":"//button[@data-kt=\"addNewYardOverflowToolbarButton\"]"}
COMMAND: POST /session/db7e74ddcaedfecfca9d83c19254142b/elements - {"using":"xpath","value":"//button[@data-kt=\"addNewYardOverflowToolbarButton\"]"}
RESULT: {"using":"xpath","value":"//button[@data-kt=\"addNewYardOverflowToolbarButton\"]"}
COMMAND: POST /session/db7e74ddcaedfecfca9d83c19254142b/elements - {"using":"xpath","value":"//button[@data-kt=\"addNewYardOverflowToolbarButton\"]"}
RESULT: {"using":"xpath","value":"//button[@data-kt=\"addNewYardOverflowToolbarButton\"]"}
COMMAND: POST /session/db7e74ddcaedfecfca9d83c19254142b/elements - {"using":"xpath","value":"//button[@data-kt=\"addNewYardOverflowToolbarButton\"]"}
RESULT: {"using":"xpath","value":"//button[@data-kt=\"addNewYardOverflowToolbarButton\"]"}
COMMAND: POST /session/db7e74ddcaedfecfca9d83c19254142b/elements - {"using":"xpath","value":"//button[@data-kt=\"addNewYardOverflowToolbarButton\"]"}
RESULT: {"using":"xpath","value":"//button[@data-kt=\"addNewYardOverflowToolbarButton\"]"}
COMMAND: POST /session/db7e74ddcaedfecfca9d83c19254142b/elements - {"using":"xpath","value":"//button[@data-kt=\"addNewYardOverflowToolbarButton\"]"}
RESULT: {"using":"xpath","value":"//button[@data-kt=\"addNewYardOverflowToolbarButton\"]"}
COMMAND: POST /session/db7e74ddcaedfecfca9d83c19254142b/elements - {"using":"xpath","value":"//button[@data-kt=\"addNewYardOverflowToolbarButton\"]"}
RESULT: {"using":"xpath","value":"//button[@data-kt=\"addNewYardOverflowToolbarButton\"]"}
COMMAND: POST /session/db7e74ddcaedfecfca9d83c19254142b/elements - {"using":"xpath","value":"//button[@data-kt=\"addNewYardOverflowToolbarButton\"]"}
RESULT: {"using":"xpath","value":"//button[@data-kt=\"addNewYardOverflowToolbarButton\"]"}
COMMAND: POST /session/db7e74ddcaedfecfca9d83c19254142b/elements - {"using":"xpath","value":"//button[@data-kt=\"addNewYardOverflowToolbarButton\"]"}
RESULT: {"using":"xpath","value":"//button[@data-kt=\"addNewYardOverflowToolbarButton\"]"}
COMMAND: POST /session/db7e74ddcaedfecfca9d83c19254142b/elements - {"using":"xpath","value":"//button[@data-kt=\"addNewYardOverflowToolbarButton\"]"}
RESULT: {"using":"xpath","value":"//button[@data-kt=\"addNewYardOverflowToolbarButton\"]"}
COMMAND: POST /session/db7e74ddcaedfecfca9d83c19254142b/elements - {"using":"xpath","value":"//button[@data-kt=\"addNewYardOverflowToolbarButton\"]"}
RESULT: {"using":"xpath","value":"//button[@data-kt=\"addNewYardOverflowToolbarButton\"]"}
COMMAND: POST /session/db7e74ddcaedfecfca9d83c19254142b/elements - {"using":"xpath","value":"//button[@data-kt=\"addNewYardOverflowToolbarButton\"]"}
RESULT: {"using":"xpath","value":"//button[@data-kt=\"addNewYardOverflowToolbarButton\"]"}
COMMAND: POST /session/db7e74ddcaedfecfca9d83c19254142b/elements - {"using":"xpath","value":"//button[@data-kt=\"addNewYardOverflowToolbarButton\"]"}
RESULT: {"using":"xpath","value":"//button[@data-kt=\"addNewYardOverflowToolbarButton\"]"}
COMMAND: POST /session/db7e74ddcaedfecfca9d83c19254142b/elements - {"using":"xpath","value":"//button[@data-kt=\"addNewYardOverflowToolbarButton\"]"}
RESULT: {"using":"xpath","value":"//button[@data-kt=\"addNewYardOverflowToolbarButton\"]"}
COMMAND: POST /session/db7e74ddcaedfecfca9d83c19254142b/elements - {"using":"xpath","value":"//button[@data-kt=\"addNewYardOverflowToolbarButton\"]"}
RESULT: {"using":"xpath","value":"//button[@data-kt=\"addNewYardOverflowToolbarButton\"]"}
COMMAND: POST /session/db7e74ddcaedfecfca9d83c19254142b/elements - {"using":"xpath","value":"//button[@data-kt=\"addNewYardOverflowToolbarButton\"]"}
RESULT: {"using":"xpath","value":"//button[@data-kt=\"addNewYardOverflowToolbarButton\"]"}
COMMAND: POST /session/db7e74ddcaedfecfca9d83c19254142b/elements - {"using":"xpath","value":"//button[@data-kt=\"addNewYardOverflowToolbarButton\"]"}
RESULT: {"using":"xpath","value":"//button[@data-kt=\"addNewYardOverflowToolbarButton\"]"}
COMMAND: POST /session/db7e74ddcaedfecfca9d83c19254142b/elements - {"using":"xpath","value":"//button[@data-kt=\"addNewYardOverflowToolbarButton\"]"}
RESULT: {"using":"xpath","value":"//button[@data-kt=\"addNewYardOverflowToolbarButton\"]"}
COMMAND: POST /session/db7e74ddcaedfecfca9d83c19254142b/elements - {"using":"xpath","value":"//button[@data-kt=\"addNewYardOverflowToolbarButton\"]"}
RESULT: {"using":"xpath","value":"//button[@data-kt=\"addNewYardOverflowToolbarButton\"]"}
COMMAND: POST /session/db7e74ddcaedfecfca9d83c19254142b/elements - {"using":"xpath","value":"//button[@data-kt=\"addNewYardOverflowToolbarButton\"]"}
RESULT: {"using":"xpath","value":"//button[@data-kt=\"addNewYardOverflowToolbarButton\"]"}
COMMAND: POST /session/db7e74ddcaedfecfca9d83c19254142b/elements - {"using":"xpath","value":"//button[@data-kt=\"addNewYardOverflowToolbarButton\"]"}
RESULT: {"using":"xpath","value":"//button[@data-kt=\"addNewYardOverflowToolbarButton\"]"}
COMMAND: POST /session/db7e74ddcaedfecfca9d83c19254142b/elements - {"using":"xpath","value":"//button[@data-kt=\"addNewYardOverflowToolbarButton\"]"}
RESULT: {"using":"xpath","value":"//button[@data-kt=\"addNewYardOverflowToolbarButton\"]"}
COMMAND: POST /session/db7e74ddcaedfecfca9d83c19254142b/element - {"using":"xpath","value":"//button[@data-kt=\"addNewYardOverflowToolbarButton\"]"}
RESULT: {"using":"xpath","value":"//button[@data-kt=\"addNewYardOverflowToolbarButton\"]"}
COMMAND: POST /session/db7e74ddcaedfecfca9d83c19254142b/execute/sync - {"script":"<script> [8489 bytes]","args":[{"element-6066-11e4-a52e-4f735466cecf":"f.624D7720A2383BCF46C1895FE70984DD.d.0AE5BECADEED6D6ED6289774AE534E15.e.271","ELEMENT":"f.624D7720A2383BCF46C1895FE70984DD.d.0AE5BECADEED6D6ED6289774AE534E15.e.271"}]}
RESULT: {"script":"<script> [8489 bytes]","args":[{"element-6066-11e4-a52e-4f735466cecf":"f.624D7720A2383BCF46C1895FE70984DD.d.0AE5BECADEED6D6ED6289774AE534E15.e.271","ELEMENT":"f.624D7720A2383BCF46C1895FE70984DD.d.0AE5BECADEED6D6ED6289774AE534E15.e.271"}]}
COMMAND: GET /session/db7e74ddcaedfecfca9d83c19254142b/element/f.624D7720A2383BCF46C1895FE70984DD.d.0AE5BECADEED6D6ED6289774AE534E15.e.271/enabled - {}
COMMAND: GET /session/db7e74ddcaedfecfca9d83c19254142b/screenshot - {}
RESULT: {}
COMMAND: POST /session/db7e74ddcaedfecfca9d83c19254142b/execute/sync - {"script":"<script> [8489 bytes]","args":[{"element-6066-11e4-a52e-4f735466cecf":"f.624D7720A2383BCF46C1895FE70984DD.d.0AE5BECADEED6D6ED6289774AE534E15.e.271","ELEMENT":"f.624D7720A2383BCF46C1895FE70984DD.d.0AE5BECADEED6D6ED6289774AE534E15.e.271"}]}
COMMAND: GET /session/db7e74ddcaedfecfca9d83c19254142b/screenshot - {}
RESULT: {}
RESULT: {}
RESULT: {"script":"<script> [8489 bytes]","args":[{"element-6066-11e4-a52e-4f735466cecf":"f.624D7720A2383BCF46C1895FE70984DD.d.0AE5BECADEED6D6ED6289774AE534E15.e.271","ELEMENT":"f.624D7720A2383BCF46C1895FE70984DD.d.0AE5BECADEED6D6ED6289774AE534E15.e.271"}]}
COMMAND: POST /session/db7e74ddcaedfecfca9d83c19254142b/execute/sync - {"script":"<script> [5351 bytes]","args":[{"element-6066-11e4-a52e-4f735466cecf":"f.624D7720A2383BCF46C1895FE70984DD.d.0AE5BECADEED6D6ED6289774AE534E15.e.271","ELEMENT":"f.624D7720A2383BCF46C1895FE70984DD.d.0AE5BECADEED6D6ED6289774AE534E15.e.271"}]}
COMMAND: GET /session/db7e74ddcaedfecfca9d83c19254142b/screenshot - {}
RESULT: {"script":"<script> [5351 bytes]","args":[{"element-6066-11e4-a52e-4f735466cecf":"f.624D7720A2383BCF46C1895FE70984DD.d.0AE5BECADEED6D6ED6289774AE534E15.e.271","ELEMENT":"f.624D7720A2383BCF46C1895FE70984DD.d.0AE5BECADEED6D6ED6289774AE534E15.e.271"}]}
COMMAND: POST /session/db7e74ddcaedfecfca9d83c19254142b/element/f.624D7720A2383BCF46C1895FE70984DD.d.0AE5BECADEED6D6ED6289774AE534E15.e.271/click - {}
COMMAND: GET /session/db7e74ddcaedfecfca9d83c19254142b/screenshot - {}
RESULT: {}
RESULT: {}
COMMAND: GET /session/db7e74ddcaedfecfca9d83c19254142b/screenshot - {}
RESULT: {}
RESULT: {}
COMMAND: POST /session/db7e74ddcaedfecfca9d83c19254142b/element - {"using":"xpath","value":"//input[@id=\"application-manageyards-display-component---NewYard--yardId-inner\"]"}
RESULT: {"using":"xpath","value":"//input[@id=\"application-manageyards-display-component---NewYard--yardId-inner\"]"}
COMMAND: POST /session/db7e74ddcaedfecfca9d83c19254142b/element - {"using":"xpath","value":"//input[@id=\"application-manageyards-display-component---NewYard--yardId-inner\"]"}
RESULT: {"using":"xpath","value":"//input[@id=\"application-manageyards-display-component---NewYard--yardId-inner\"]"}
COMMAND: POST /session/db7e74ddcaedfecfca9d83c19254142b/execute/async - {"script":"<script> [1562 bytes]","args":[{"selector":{"id":"application-manageyards-display-component---NewYard--addressDetailDetailsName1","interaction":{"idSuffix":"inner"}},"wdio_ui5_key":"applicationmanageyards-display-component---NewYard--addressDetailDetailsName1"}]}
RESULT: {"script":"<script> [1562 bytes]","args":[{"selector":{"id":"application-manageyards-display-component---NewYard--addressDetailDetailsName1","interaction":{"idSuffix":"inner"}},"wdio_ui5_key":"applicationmanageyards-display-component---NewYard--addressDetailDetailsName1"}]}
RESULT: undefined
COMMAND: POST /session/db7e74ddcaedfecfca9d83c19254142b/execute/async - {"script":"<script> [776 bytes]","args":[{"enterText":"Warehouse Managed WDIO","selector":{"id":"application-manageyards-display-component---NewYard--addressDetailDetailsName1","interaction":{"idSuffix":"inner"}},"clearTextFirst":true,"interactionType":"ENTER_TEXT"}]}
RESULT: {"script":"<script> [776 bytes]","args":[{"enterText":"Warehouse Managed WDIO","selector":{"id":"application-manageyards-display-component---NewYard--addressDetailDetailsName1","interaction":{"idSuffix":"inner"}},"clearTextFirst":true,"interactionType":"ENTER_TEXT"}]}
COMMAND: POST /session/db7e74ddcaedfecfca9d83c19254142b/execute/async - {"script":"<script> [1562 bytes]","args":[{"selector":{"id":"application-manageyards-display-component---NewYard--addressDetailDetailsLanguage-arrow"},"wdio_ui5_key":"applicationmanageyards-display-component---NewYard--addressDetailDetailsLanguage-arrow"}]}
RESULT: {"script":"<script> [1562 bytes]","args":[{"selector":{"id":"application-manageyards-display-component---NewYard--addressDetailDetailsLanguage-arrow"},"wdio_ui5_key":"applicationmanageyards-display-component---NewYard--addressDetailDetailsLanguage-arrow"}]}
RESULT: undefined
COMMAND: POST /session/db7e74ddcaedfecfca9d83c19254142b/element - {"using":"xpath","value":"//*[@id=\"application-manageyards-display-component---NewYard--addressDetailDetailsLanguage-arrow\"]"}
RESULT: {"using":"xpath","value":"//*[@id=\"application-manageyards-display-component---NewYard--addressDetailDetailsLanguage-arrow\"]"}
COMMAND: POST /session/db7e74ddcaedfecfca9d83c19254142b/element/f.624D7720A2383BCF46C1895FE70984DD.d.0AE5BECADEED6D6ED6289774AE534E15.e.701/click - {}
RESULT: {}
COMMAND: POST /session/db7e74ddcaedfecfca9d83c19254142b/element - {"using":"xpath","value":"//span[contains(text(), \"English\")]"}
COMMAND: GET /session/db7e74ddcaedfecfca9d83c19254142b/screenshot - {}
RESULT: {"using":"xpath","value":"//span[contains(text(), \"English\")]"}
COMMAND: POST /session/db7e74ddcaedfecfca9d83c19254142b/element/f.624D7720A2383BCF46C1895FE70984DD.d.0AE5BECADEED6D6ED6289774AE534E15.e.702/click - {}
RESULT: {}
RESULT: {}
COMMAND: POST /session/db7e74ddcaedfecfca9d83c19254142b/execute/async - {"script":"<script> [1562 bytes]","args":[{"selector":{"id":"application-manageyards-display-component---NewYard--addressDetailDetailsCity1","interaction":{"idSuffix":"inner"}},"wdio_ui5_key":"applicationmanageyards-display-component---NewYard--addressDetailDetailsCity1"}]}
COMMAND: GET /session/db7e74ddcaedfecfca9d83c19254142b/screenshot - {}
RESULT: {"script":"<script> [1562 bytes]","args":[{"selector":{"id":"application-manageyards-display-component---NewYard--addressDetailDetailsCity1","interaction":{"idSuffix":"inner"}},"wdio_ui5_key":"applicationmanageyards-display-component---NewYard--addressDetailDetailsCity1"}]}
RESULT: undefined
COMMAND: POST /session/db7e74ddcaedfecfca9d83c19254142b/execute/async - {"script":"<script> [776 bytes]","args":[{"enterText":"Rosario","selector":{"id":"application-manageyards-display-component---NewYard--addressDetailDetailsCity1","interaction":{"idSuffix":"inner"}},"clearTextFirst":true,"interactionType":"ENTER_TEXT"}]}
RESULT: {}
RESULT: {"script":"<script> [776 bytes]","args":[{"enterText":"Rosario","selector":{"id":"application-manageyards-display-component---NewYard--addressDetailDetailsCity1","interaction":{"idSuffix":"inner"}},"clearTextFirst":true,"interactionType":"ENTER_TEXT"}]}
COMMAND: POST /session/db7e74ddcaedfecfca9d83c19254142b/execute/async - {"script":"<script> [1562 bytes]","args":[{"selector":{"id":"application-manageyards-display-component---NewYard--addressDetailDetailsCountry-arrow"},"wdio_ui5_key":"applicationmanageyards-display-component---NewYard--addressDetailDetailsCountry-arrow"}]}
RESULT: {"script":"<script> [1562 bytes]","args":[{"selector":{"id":"application-manageyards-display-component---NewYard--addressDetailDetailsCountry-arrow"},"wdio_ui5_key":"applicationmanageyards-display-component---NewYard--addressDetailDetailsCountry-arrow"}]}
RESULT: undefined
COMMAND: POST /session/db7e74ddcaedfecfca9d83c19254142b/element - {"using":"xpath","value":"//*[@id=\"application-manageyards-display-component---NewYard--addressDetailDetailsCountry-arrow\"]"}
RESULT: {"using":"xpath","value":"//*[@id=\"application-manageyards-display-component---NewYard--addressDetailDetailsCountry-arrow\"]"}
COMMAND: POST /session/db7e74ddcaedfecfca9d83c19254142b/element/f.624D7720A2383BCF46C1895FE70984DD.d.0AE5BECADEED6D6ED6289774AE534E15.e.704/click - {}
RESULT: {}
COMMAND: POST /session/db7e74ddcaedfecfca9d83c19254142b/element - {"using":"xpath","value":"//span[contains(text(), \"Argentina\")]"}
COMMAND: GET /session/db7e74ddcaedfecfca9d83c19254142b/screenshot - {}
RESULT: {"using":"xpath","value":"//span[contains(text(), \"Argentina\")]"}
COMMAND: POST /session/db7e74ddcaedfecfca9d83c19254142b/element/f.624D7720A2383BCF46C1895FE70984DD.d.0AE5BECADEED6D6ED6289774AE534E15.e.706/click - {}
RESULT: {}
RESULT: {}
COMMAND: POST /session/db7e74ddcaedfecfca9d83c19254142b/execute/async - {"script":"<script> [1562 bytes]","args":[{"selector":{"id":"application-manageyards-display-component---NewYard--addressEditDetailsCostObjectCstType-arrow"},"wdio_ui5_key":"applicationmanageyards-display-component---NewYard--addressEditDetailsCostObjectCstType-arrow"}]}
COMMAND: GET /session/db7e74ddcaedfecfca9d83c19254142b/screenshot - {}
RESULT: {"script":"<script> [1562 bytes]","args":[{"selector":{"id":"application-manageyards-display-component---NewYard--addressEditDetailsCostObjectCstType-arrow"},"wdio_ui5_key":"applicationmanageyards-display-component---NewYard--addressEditDetailsCostObjectCstType-arrow"}]}
RESULT: undefined
COMMAND: POST /session/db7e74ddcaedfecfca9d83c19254142b/element - {"using":"xpath","value":"//*[@id=\"application-manageyards-display-component---NewYard--addressEditDetailsCostObjectCstType-arrow\"]"}
RESULT: {}
RESULT: {"using":"xpath","value":"//*[@id=\"application-manageyards-display-component---NewYard--addressEditDetailsCostObjectCstType-arrow\"]"}
COMMAND: POST /session/db7e74ddcaedfecfca9d83c19254142b/element/f.624D7720A2383BCF46C1895FE70984DD.d.0AE5BECADEED6D6ED6289774AE534E15.e.707/click - {}
RESULT: {}
COMMAND: POST /session/db7e74ddcaedfecfca9d83c19254142b/element - {"using":"xpath","value":"//span[contains(text(), \"Cost Center\")]"}
COMMAND: GET /session/db7e74ddcaedfecfca9d83c19254142b/screenshot - {}
RESULT: {"using":"xpath","value":"//span[contains(text(), \"Cost Center\")]"}
COMMAND: POST /session/db7e74ddcaedfecfca9d83c19254142b/element/f.624D7720A2383BCF46C1895FE70984DD.d.0AE5BECADEED6D6ED6289774AE534E15.e.708/click - {}
RESULT: {}
RESULT: {}
COMMAND: GET /session/db7e74ddcaedfecfca9d83c19254142b/screenshot - {}
RESULT: {}
COMMAND: POST /session/db7e74ddcaedfecfca9d83c19254142b/element - {"using":"xpath","value":"//span[@id=\"application-manageyards-display-component---NewYard--addressNewCostObjectCstID-vhi\"]"}
RESULT: {"using":"xpath","value":"//span[@id=\"application-manageyards-display-component---NewYard--addressNewCostObjectCstID-vhi\"]"}
COMMAND: POST /session/db7e74ddcaedfecfca9d83c19254142b/execute/sync - {"script":"<script> [8489 bytes]","args":[{"element-6066-11e4-a52e-4f735466cecf":"f.624D7720A2383BCF46C1895FE70984DD.d.0AE5BECADEED6D6ED6289774AE534E15.e.712","ELEMENT":"f.624D7720A2383BCF46C1895FE70984DD.d.0AE5BECADEED6D6ED6289774AE534E15.e.712"}]}
RESULT: {"script":"<script> [8489 bytes]","args":[{"element-6066-11e4-a52e-4f735466cecf":"f.624D7720A2383BCF46C1895FE70984DD.d.0AE5BECADEED6D6ED6289774AE534E15.e.712","ELEMENT":"f.624D7720A2383BCF46C1895FE70984DD.d.0AE5BECADEED6D6ED6289774AE534E15.e.712"}]}
COMMAND: POST /session/db7e74ddcaedfecfca9d83c19254142b/execute/async - {"script":"<script> [1562 bytes]","args":[{"selector":{"id":"application-manageyards-display-component---NewYard--addressNewCostObjectCstID-vhi"},"wdio_ui5_key":"applicationmanageyards-display-component---NewYard--addressNewCostObjectCstID-vhi"}]}
COMMAND: GET /session/db7e74ddcaedfecfca9d83c19254142b/screenshot - {}
RESULT: {"script":"<script> [1562 bytes]","args":[{"selector":{"id":"application-manageyards-display-component---NewYard--addressNewCostObjectCstID-vhi"},"wdio_ui5_key":"applicationmanageyards-display-component---NewYard--addressNewCostObjectCstID-vhi"}]}
RESULT: undefined
COMMAND: POST /session/db7e74ddcaedfecfca9d83c19254142b/element - {"using":"xpath","value":"//*[@id=\"application-manageyards-display-component---NewYard--addressNewCostObjectCstID-vhi\"]"}
RESULT: {}
RESULT: {"using":"xpath","value":"//*[@id=\"application-manageyards-display-component---NewYard--addressNewCostObjectCstID-vhi\"]"}
COMMAND: POST /session/db7e74ddcaedfecfca9d83c19254142b/element/f.624D7720A2383BCF46C1895FE70984DD.d.0AE5BECADEED6D6ED6289774AE534E15.e.712/click - {}
RESULT: {}
COMMAND: GET /session/db7e74ddcaedfecfca9d83c19254142b/screenshot - {}
RESULT: {}
COMMAND: POST /session/db7e74ddcaedfecfca9d83c19254142b/execute/async - {"script":"<script> [1562 bytes]","args":[{"selector":{"controlType":"sap.m.SearchField","properties":{"placeholder":"Search"},"searchOpenDialogs":true,"interaction":{"idSuffix":"I"}},"wdio_ui5_key":"sapm.SearchField{\"placeholder\":\"Search\"}"}]}
RESULT: {"script":"<script> [1562 bytes]","args":[{"selector":{"controlType":"sap.m.SearchField","properties":{"placeholder":"Search"},"searchOpenDialogs":true,"interaction":{"idSuffix":"I"}},"wdio_ui5_key":"sapm.SearchField{\"placeholder\":\"Search\"}"}]}
RESULT: undefined
COMMAND: POST /session/db7e74ddcaedfecfca9d83c19254142b/execute/async - {"script":"<script> [776 bytes]","args":[{"enterText":"bauh_b","selector":{"controlType":"sap.m.SearchField","properties":{"placeholder":"Search"},"searchOpenDialogs":true,"interaction":{"idSuffix":"I"}},"clearTextFirst":true,"interactionType":"ENTER_TEXT"}]}
RESULT: {"script":"<script> [776 bytes]","args":[{"enterText":"bauh_b","selector":{"controlType":"sap.m.SearchField","properties":{"placeholder":"Search"},"searchOpenDialogs":true,"interaction":{"idSuffix":"I"}},"clearTextFirst":true,"interactionType":"ENTER_TEXT"}]}
COMMAND: POST /session/db7e74ddcaedfecfca9d83c19254142b/actions - {"actions":[{"id":"action1","type":"key","parameters":{},"actions":[{"type":"keyDown","value":""},{"type":"pause","duration":10},{"type":"keyUp","value":""}]}]}
RESULT: {"actions":[{"id":"action1","type":"key","parameters":{},"actions":[{"type":"keyDown","value":""},{"type":"pause","duration":10},{"type":"keyUp","value":""}]}]}
COMMAND: GET /session/db7e74ddcaedfecfca9d83c19254142b/screenshot - {}
RESULT: {}
COMMAND: POST /session/db7e74ddcaedfecfca9d83c19254142b/element - {"using":"xpath","value":"//span[contains(text(), \"Demo Yard\")]"}
RESULT: {"using":"xpath","value":"//span[contains(text(), \"Demo Yard\")]"}
COMMAND: POST /session/db7e74ddcaedfecfca9d83c19254142b/element/f.624D7720A2383BCF46C1895FE70984DD.d.0AE5BECADEED6D6ED6289774AE534E15.e.754/click - {}
RESULT: {}
COMMAND: GET /session/db7e74ddcaedfecfca9d83c19254142b/screenshot - {}
RESULT: {}
COMMAND: POST /session/db7e74ddcaedfecfca9d83c19254142b/element - {"using":"xpath","value":"//bdi[contains(text(), \"OK\")]"}
RESULT: {"using":"xpath","value":"//bdi[contains(text(), \"OK\")]"}
COMMAND: POST /session/db7e74ddcaedfecfca9d83c19254142b/element/f.624D7720A2383BCF46C1895FE70984DD.d.0AE5BECADEED6D6ED6289774AE534E15.e.755/click - {}
RESULT: {}
COMMAND: GET /session/db7e74ddcaedfecfca9d83c19254142b/screenshot - {}
RESULT: {}
COMMAND: POST /session/db7e74ddcaedfecfca9d83c19254142b/execute/async - {"script":"<script> [1562 bytes]","args":[{"selector":{"id":"application-manageyards-display-component---NewYard--addressEditDetailsCurrency-arrow"},"wdio_ui5_key":"applicationmanageyards-display-component---NewYard--addressEditDetailsCurrency-arrow"}]}
RESULT: {"script":"<script> [1562 bytes]","args":[{"selector":{"id":"application-manageyards-display-component---NewYard--addressEditDetailsCurrency-arrow"},"wdio_ui5_key":"applicationmanageyards-display-component---NewYard--addressEditDetailsCurrency-arrow"}]}
RESULT: undefined
COMMAND: POST /session/db7e74ddcaedfecfca9d83c19254142b/element - {"using":"xpath","value":"//*[@id=\"application-manageyards-display-component---NewYard--addressEditDetailsCurrency-arrow\"]"}
RESULT: {"using":"xpath","value":"//*[@id=\"application-manageyards-display-component---NewYard--addressEditDetailsCurrency-arrow\"]"}
COMMAND: POST /session/db7e74ddcaedfecfca9d83c19254142b/element/f.624D7720A2383BCF46C1895FE70984DD.d.0AE5BECADEED6D6ED6289774AE534E15.e.758/click - {}
RESULT: {}
COMMAND: POST /session/db7e74ddcaedfecfca9d83c19254142b/element - {"using":"xpath","value":"//span[contains(text(), \"Euro\")]"}
COMMAND: GET /session/db7e74ddcaedfecfca9d83c19254142b/screenshot - {}
RESULT: {"using":"xpath","value":"//span[contains(text(), \"Euro\")]"}
COMMAND: POST /session/db7e74ddcaedfecfca9d83c19254142b/element/f.624D7720A2383BCF46C1895FE70984DD.d.0AE5BECADEED6D6ED6289774AE534E15.e.759/click - {}
RESULT: {}
RESULT: {}
COMMAND: POST /session/db7e74ddcaedfecfca9d83c19254142b/execute/async - {"script":"<script> [1562 bytes]","args":[{"selector":{"controlType":"sap.m.Input","viewName":"etm.portal.ui.manageyards.view.New","viewId":"application-manageyards-display-component---NewYard","bindingPath":{"path":"","propertyPath":"/CONTROLLING_AREA","modelName":"NewYardModel"},"interaction":{"idSuffix":"inner"}},"wdio_ui5_key":"etmportal.ui.manageyards.view.Newsap.m.Input{\"path\":\"\",\"propertyPath\":\"/CONTROLLING_AREA\",\"modelName\":\"NewYardModel\"}"}]}
COMMAND: GET /session/db7e74ddcaedfecfca9d83c19254142b/screenshot - {}
RESULT: {"script":"<script> [1562 bytes]","args":[{"selector":{"controlType":"sap.m.Input","viewName":"etm.portal.ui.manageyards.view.New","viewId":"application-manageyards-display-component---NewYard","bindingPath":{"path":"","propertyPath":"/CONTROLLING_AREA","modelName":"NewYardModel"},"interaction":{"idSuffix":"inner"}},"wdio_ui5_key":"etmportal.ui.manageyards.view.Newsap.m.Input{\"path\":\"\",\"propertyPath\":\"/CONTROLLING_AREA\",\"modelName\":\"NewYardModel\"}"}]}
RESULT: undefined
COMMAND: POST /session/db7e74ddcaedfecfca9d83c19254142b/execute/async - {"script":"<script> [776 bytes]","args":[{"enterText":"Z001","selector":{"controlType":"sap.m.Input","viewName":"etm.portal.ui.manageyards.view.New","viewId":"application-manageyards-display-component---NewYard","bindingPath":{"path":"","propertyPath":"/CONTROLLING_AREA","modelName":"NewYardModel"},"interaction":{"idSuffix":"inner"}},"clearTextFirst":true,"interactionType":"ENTER_TEXT"}]}
RESULT: {}
RESULT: {"script":"<script> [776 bytes]","args":[{"enterText":"Z001","selector":{"controlType":"sap.m.Input","viewName":"etm.portal.ui.manageyards.view.New","viewId":"application-manageyards-display-component---NewYard","bindingPath":{"path":"","propertyPath":"/CONTROLLING_AREA","modelName":"NewYardModel"},"interaction":{"idSuffix":"inner"}},"clearTextFirst":true,"interactionType":"ENTER_TEXT"}]}
COMMAND: POST /session/db7e74ddcaedfecfca9d83c19254142b/execute/async - {"script":"<script> [1562 bytes]","args":[{"selector":{"id":"application-manageyards-display-component---NewYard--companyCodeComboBox","interaction":{"idSuffix":"inner"}},"wdio_ui5_key":"applicationmanageyards-display-component---NewYard--companyCodeComboBox"}]}
RESULT: {"script":"<script> [1562 bytes]","args":[{"selector":{"id":"application-manageyards-display-component---NewYard--companyCodeComboBox","interaction":{"idSuffix":"inner"}},"wdio_ui5_key":"applicationmanageyards-display-component---NewYard--companyCodeComboBox"}]}
RESULT: undefined
COMMAND: POST /session/db7e74ddcaedfecfca9d83c19254142b/execute/async - {"script":"<script> [776 bytes]","args":[{"enterText":"1000","selector":{"id":"application-manageyards-display-component---NewYard--companyCodeComboBox","interaction":{"idSuffix":"inner"}},"clearTextFirst":true,"interactionType":"ENTER_TEXT"}]}
RESULT: {"script":"<script> [776 bytes]","args":[{"enterText":"1000","selector":{"id":"application-manageyards-display-component---NewYard--companyCodeComboBox","interaction":{"idSuffix":"inner"}},"clearTextFirst":true,"interactionType":"ENTER_TEXT"}]}
COMMAND: POST /session/db7e74ddcaedfecfca9d83c19254142b/execute/async - {"script":"<script> [1562 bytes]","args":[{"selector":{"controlType":"sap.m.Input","viewName":"etm.portal.ui.manageyards.view.New","viewId":"application-manageyards-display-component---NewYard","bindingPath":{"path":"","propertyPath":"/PLANT","modelName":"NewYardModel"},"interaction":{"idSuffix":"inner"}},"wdio_ui5_key":"etmportal.ui.manageyards.view.Newsap.m.Input{\"path\":\"\",\"propertyPath\":\"/PLANT\",\"modelName\":\"NewYardModel\"}"}]}
RESULT: {"script":"<script> [1562 bytes]","args":[{"selector":{"controlType":"sap.m.Input","viewName":"etm.portal.ui.manageyards.view.New","viewId":"application-manageyards-display-component---NewYard","bindingPath":{"path":"","propertyPath":"/PLANT","modelName":"NewYardModel"},"interaction":{"idSuffix":"inner"}},"wdio_ui5_key":"etmportal.ui.manageyards.view.Newsap.m.Input{\"path\":\"\",\"propertyPath\":\"/PLANT\",\"modelName\":\"NewYardModel\"}"}]}
RESULT: undefined
COMMAND: POST /session/db7e74ddcaedfecfca9d83c19254142b/execute/async - {"script":"<script> [776 bytes]","args":[{"enterText":"1001","selector":{"controlType":"sap.m.Input","viewName":"etm.portal.ui.manageyards.view.New","viewId":"application-manageyards-display-component---NewYard","bindingPath":{"path":"","propertyPath":"/PLANT","modelName":"NewYardModel"},"interaction":{"idSuffix":"inner"}},"clearTextFirst":true,"interactionType":"ENTER_TEXT"}]}
RESULT: {"script":"<script> [776 bytes]","args":[{"enterText":"1001","selector":{"controlType":"sap.m.Input","viewName":"etm.portal.ui.manageyards.view.New","viewId":"application-manageyards-display-component---NewYard","bindingPath":{"path":"","propertyPath":"/PLANT","modelName":"NewYardModel"},"interaction":{"idSuffix":"inner"}},"clearTextFirst":true,"interactionType":"ENTER_TEXT"}]}
COMMAND: POST /session/db7e74ddcaedfecfca9d83c19254142b/execute/async - {"script":"<script> [1562 bytes]","args":[{"selector":{"controlType":"sap.m.Input","viewName":"etm.portal.ui.manageyards.view.New","viewId":"application-manageyards-display-component---NewYard","bindingPath":{"path":"","propertyPath":"/SALES_AREA_VKORG","modelName":"NewYardModel"},"interaction":{"idSuffix":"inner"}},"wdio_ui5_key":"etmportal.ui.manageyards.view.Newsap.m.Input{\"path\":\"\",\"propertyPath\":\"/SALES_AREA_VKORG\",\"modelName\":\"NewYardModel\"}"}]}
RESULT: {"script":"<script> [1562 bytes]","args":[{"selector":{"controlType":"sap.m.Input","viewName":"etm.portal.ui.manageyards.view.New","viewId":"application-manageyards-display-component---NewYard","bindingPath":{"path":"","propertyPath":"/SALES_AREA_VKORG","modelName":"NewYardModel"},"interaction":{"idSuffix":"inner"}},"wdio_ui5_key":"etmportal.ui.manageyards.view.Newsap.m.Input{\"path\":\"\",\"propertyPath\":\"/SALES_AREA_VKORG\",\"modelName\":\"NewYardModel\"}"}]}
RESULT: undefined
COMMAND: POST /session/db7e74ddcaedfecfca9d83c19254142b/execute/async - {"script":"<script> [776 bytes]","args":[{"enterText":"C002","selector":{"controlType":"sap.m.Input","viewName":"etm.portal.ui.manageyards.view.New","viewId":"application-manageyards-display-component---NewYard","bindingPath":{"path":"","propertyPath":"/SALES_AREA_VKORG","modelName":"NewYardModel"},"interaction":{"idSuffix":"inner"}},"clearTextFirst":true,"interactionType":"ENTER_TEXT"}]}
RESULT: {"script":"<script> [776 bytes]","args":[{"enterText":"C002","selector":{"controlType":"sap.m.Input","viewName":"etm.portal.ui.manageyards.view.New","viewId":"application-manageyards-display-component---NewYard","bindingPath":{"path":"","propertyPath":"/SALES_AREA_VKORG","modelName":"NewYardModel"},"interaction":{"idSuffix":"inner"}},"clearTextFirst":true,"interactionType":"ENTER_TEXT"}]}
COMMAND: POST /session/db7e74ddcaedfecfca9d83c19254142b/execute/async - {"script":"<script> [1562 bytes]","args":[{"selector":{"controlType":"sap.m.Input","viewName":"etm.portal.ui.manageyards.view.New","viewId":"application-manageyards-display-component---NewYard","bindingPath":{"path":"","propertyPath":"/SALES_AREA_VTWEG","modelName":"NewYardModel"},"interaction":{"idSuffix":"inner"}},"wdio_ui5_key":"etmportal.ui.manageyards.view.Newsap.m.Input{\"path\":\"\",\"propertyPath\":\"/SALES_AREA_VTWEG\",\"modelName\":\"NewYardModel\"}"}]}
RESULT: {"script":"<script> [1562 bytes]","args":[{"selector":{"controlType":"sap.m.Input","viewName":"etm.portal.ui.manageyards.view.New","viewId":"application-manageyards-display-component---NewYard","bindingPath":{"path":"","propertyPath":"/SALES_AREA_VTWEG","modelName":"NewYardModel"},"interaction":{"idSuffix":"inner"}},"wdio_ui5_key":"etmportal.ui.manageyards.view.Newsap.m.Input{\"path\":\"\",\"propertyPath\":\"/SALES_AREA_VTWEG\",\"modelName\":\"NewYardModel\"}"}]}
RESULT: undefined
COMMAND: POST /session/db7e74ddcaedfecfca9d83c19254142b/execute/async - {"script":"<script> [776 bytes]","args":[{"enterText":"C2","selector":{"controlType":"sap.m.Input","viewName":"etm.portal.ui.manageyards.view.New","viewId":"application-manageyards-display-component---NewYard","bindingPath":{"path":"","propertyPath":"/SALES_AREA_VTWEG","modelName":"NewYardModel"},"interaction":{"idSuffix":"inner"}},"clearTextFirst":true,"interactionType":"ENTER_TEXT"}]}
RESULT: {"script":"<script> [776 bytes]","args":[{"enterText":"C2","selector":{"controlType":"sap.m.Input","viewName":"etm.portal.ui.manageyards.view.New","viewId":"application-manageyards-display-component---NewYard","bindingPath":{"path":"","propertyPath":"/SALES_AREA_VTWEG","modelName":"NewYardModel"},"interaction":{"idSuffix":"inner"}},"clearTextFirst":true,"interactionType":"ENTER_TEXT"}]}
COMMAND: POST /session/db7e74ddcaedfecfca9d83c19254142b/execute/async - {"script":"<script> [1562 bytes]","args":[{"selector":{"controlType":"sap.m.Input","viewName":"etm.portal.ui.manageyards.view.New","viewId":"application-manageyards-display-component---NewYard","bindingPath":{"path":"","propertyPath":"/SALES_AREA_SPART","modelName":"NewYardModel"},"interaction":{"idSuffix":"inner"}},"wdio_ui5_key":"etmportal.ui.manageyards.view.Newsap.m.Input{\"path\":\"\",\"propertyPath\":\"/SALES_AREA_SPART\",\"modelName\":\"NewYardModel\"}"}]}
RESULT: {"script":"<script> [1562 bytes]","args":[{"selector":{"controlType":"sap.m.Input","viewName":"etm.portal.ui.manageyards.view.New","viewId":"application-manageyards-display-component---NewYard","bindingPath":{"path":"","propertyPath":"/SALES_AREA_SPART","modelName":"NewYardModel"},"interaction":{"idSuffix":"inner"}},"wdio_ui5_key":"etmportal.ui.manageyards.view.Newsap.m.Input{\"path\":\"\",\"propertyPath\":\"/SALES_AREA_SPART\",\"modelName\":\"NewYardModel\"}"}]}
RESULT: undefined
COMMAND: POST /session/db7e74ddcaedfecfca9d83c19254142b/execute/async - {"script":"<script> [776 bytes]","args":[{"enterText":"C2","selector":{"controlType":"sap.m.Input","viewName":"etm.portal.ui.manageyards.view.New","viewId":"application-manageyards-display-component---NewYard","bindingPath":{"path":"","propertyPath":"/SALES_AREA_SPART","modelName":"NewYardModel"},"interaction":{"idSuffix":"inner"}},"clearTextFirst":true,"interactionType":"ENTER_TEXT"}]}
RESULT: {"script":"<script> [776 bytes]","args":[{"enterText":"C2","selector":{"controlType":"sap.m.Input","viewName":"etm.portal.ui.manageyards.view.New","viewId":"application-manageyards-display-component---NewYard","bindingPath":{"path":"","propertyPath":"/SALES_AREA_SPART","modelName":"NewYardModel"},"interaction":{"idSuffix":"inner"}},"clearTextFirst":true,"interactionType":"ENTER_TEXT"}]}
COMMAND: POST /session/db7e74ddcaedfecfca9d83c19254142b/execute/async - {"script":"<script> [1562 bytes]","args":[{"selector":{"controlType":"sap.m.Input","viewName":"etm.portal.ui.manageyards.view.New","viewId":"application-manageyards-display-component---NewYard","bindingPath":{"path":"","propertyPath":"/SHIP_POINT","modelName":"NewYardModel"},"interaction":{"idSuffix":"inner"}},"wdio_ui5_key":"etmportal.ui.manageyards.view.Newsap.m.Input{\"path\":\"\",\"propertyPath\":\"/SHIP_POINT\",\"modelName\":\"NewYardModel\"}"}]}
RESULT: {"script":"<script> [1562 bytes]","args":[{"selector":{"controlType":"sap.m.Input","viewName":"etm.portal.ui.manageyards.view.New","viewId":"application-manageyards-display-component---NewYard","bindingPath":{"path":"","propertyPath":"/SHIP_POINT","modelName":"NewYardModel"},"interaction":{"idSuffix":"inner"}},"wdio_ui5_key":"etmportal.ui.manageyards.view.Newsap.m.Input{\"path\":\"\",\"propertyPath\":\"/SHIP_POINT\",\"modelName\":\"NewYardModel\"}"}]}
RESULT: undefined
COMMAND: POST /session/db7e74ddcaedfecfca9d83c19254142b/execute/async - {"script":"<script> [776 bytes]","args":[{"enterText":"1710","selector":{"controlType":"sap.m.Input","viewName":"etm.portal.ui.manageyards.view.New","viewId":"application-manageyards-display-component---NewYard","bindingPath":{"path":"","propertyPath":"/SHIP_POINT","modelName":"NewYardModel"},"interaction":{"idSuffix":"inner"}},"clearTextFirst":true,"interactionType":"ENTER_TEXT"}]}
RESULT: {"script":"<script> [776 bytes]","args":[{"enterText":"1710","selector":{"controlType":"sap.m.Input","viewName":"etm.portal.ui.manageyards.view.New","viewId":"application-manageyards-display-component---NewYard","bindingPath":{"path":"","propertyPath":"/SHIP_POINT","modelName":"NewYardModel"},"interaction":{"idSuffix":"inner"}},"clearTextFirst":true,"interactionType":"ENTER_TEXT"}]}
COMMAND: POST /session/db7e74ddcaedfecfca9d83c19254142b/execute/async - {"script":"<script> [1562 bytes]","args":[{"selector":{"controlType":"sap.m.Input","viewName":"etm.portal.ui.manageyards.view.New","viewId":"application-manageyards-display-component---NewYard","bindingPath":{"path":"","propertyPath":"/DELIVERY_TYPE","modelName":"NewYardModel"},"interaction":{"idSuffix":"inner"}},"wdio_ui5_key":"etmportal.ui.manageyards.view.Newsap.m.Input{\"path\":\"\",\"propertyPath\":\"/DELIVERY_TYPE\",\"modelName\":\"NewYardModel\"}"}]}
RESULT: {"script":"<script> [1562 bytes]","args":[{"selector":{"controlType":"sap.m.Input","viewName":"etm.portal.ui.manageyards.view.New","viewId":"application-manageyards-display-component---NewYard","bindingPath":{"path":"","propertyPath":"/DELIVERY_TYPE","modelName":"NewYardModel"},"interaction":{"idSuffix":"inner"}},"wdio_ui5_key":"etmportal.ui.manageyards.view.Newsap.m.Input{\"path\":\"\",\"propertyPath\":\"/DELIVERY_TYPE\",\"modelName\":\"NewYardModel\"}"}]}
RESULT: undefined
COMMAND: POST /session/db7e74ddcaedfecfca9d83c19254142b/execute/async - {"script":"<script> [776 bytes]","args":[{"enterText":"ZL01","selector":{"controlType":"sap.m.Input","viewName":"etm.portal.ui.manageyards.view.New","viewId":"application-manageyards-display-component---NewYard","bindingPath":{"path":"","propertyPath":"/DELIVERY_TYPE","modelName":"NewYardModel"},"interaction":{"idSuffix":"inner"}},"clearTextFirst":true,"interactionType":"ENTER_TEXT"}]}
RESULT: {"script":"<script> [776 bytes]","args":[{"enterText":"ZL01","selector":{"controlType":"sap.m.Input","viewName":"etm.portal.ui.manageyards.view.New","viewId":"application-manageyards-display-component---NewYard","bindingPath":{"path":"","propertyPath":"/DELIVERY_TYPE","modelName":"NewYardModel"},"interaction":{"idSuffix":"inner"}},"clearTextFirst":true,"interactionType":"ENTER_TEXT"}]}
COMMAND: POST /session/db7e74ddcaedfecfca9d83c19254142b/execute/async - {"script":"<script> [1562 bytes]","args":[{"selector":{"controlType":"sap.m.Input","viewName":"etm.portal.ui.manageyards.view.New","viewId":"application-manageyards-display-component---NewYard","bindingPath":{"path":"","propertyPath":"/AUART","modelName":"NewYardModel"},"interaction":{"idSuffix":"inner"}},"wdio_ui5_key":"etmportal.ui.manageyards.view.Newsap.m.Input{\"path\":\"\",\"propertyPath\":\"/AUART\",\"modelName\":\"NewYardModel\"}"}]}
RESULT: {"script":"<script> [1562 bytes]","args":[{"selector":{"controlType":"sap.m.Input","viewName":"etm.portal.ui.manageyards.view.New","viewId":"application-manageyards-display-component---NewYard","bindingPath":{"path":"","propertyPath":"/AUART","modelName":"NewYardModel"},"interaction":{"idSuffix":"inner"}},"wdio_ui5_key":"etmportal.ui.manageyards.view.Newsap.m.Input{\"path\":\"\",\"propertyPath\":\"/AUART\",\"modelName\":\"NewYardModel\"}"}]}
RESULT: undefined
COMMAND: POST /session/db7e74ddcaedfecfca9d83c19254142b/execute/async - {"script":"<script> [776 bytes]","args":[{"enterText":"TA","selector":{"controlType":"sap.m.Input","viewName":"etm.portal.ui.manageyards.view.New","viewId":"application-manageyards-display-component---NewYard","bindingPath":{"path":"","propertyPath":"/AUART","modelName":"NewYardModel"},"interaction":{"idSuffix":"inner"}},"clearTextFirst":true,"interactionType":"ENTER_TEXT"}]}
RESULT: {"script":"<script> [776 bytes]","args":[{"enterText":"TA","selector":{"controlType":"sap.m.Input","viewName":"etm.portal.ui.manageyards.view.New","viewId":"application-manageyards-display-component---NewYard","bindingPath":{"path":"","propertyPath":"/AUART","modelName":"NewYardModel"},"interaction":{"idSuffix":"inner"}},"clearTextFirst":true,"interactionType":"ENTER_TEXT"}]}
COMMAND: POST /session/db7e74ddcaedfecfca9d83c19254142b/execute/async - {"script":"<script> [1562 bytes]","args":[{"selector":{"id":"application-manageyards-display-component---NewYard--whmCheckBox","interaction":{"idSuffix":"CbBg"}},"wdio_ui5_key":"applicationmanageyards-display-component---NewYard--whmCheckBox"}]}
RESULT: {"script":"<script> [1562 bytes]","args":[{"selector":{"id":"application-manageyards-display-component---NewYard--whmCheckBox","interaction":{"idSuffix":"CbBg"}},"wdio_ui5_key":"applicationmanageyards-display-component---NewYard--whmCheckBox"}]}
RESULT: undefined
COMMAND: POST /session/db7e74ddcaedfecfca9d83c19254142b/element - {"using":"xpath","value":"//*[@id=\"application-manageyards-display-component---NewYard--whmCheckBox\"]"}
RESULT: {"using":"xpath","value":"//*[@id=\"application-manageyards-display-component---NewYard--whmCheckBox\"]"}
COMMAND: POST /session/db7e74ddcaedfecfca9d83c19254142b/element/f.624D7720A2383BCF46C1895FE70984DD.d.0AE5BECADEED6D6ED6289774AE534E15.e.779/click - {}
RESULT: {}
COMMAND: GET /session/db7e74ddcaedfecfca9d83c19254142b/screenshot - {}
RESULT: {}
COMMAND: POST /session/db7e74ddcaedfecfca9d83c19254142b/element - {"using":"xpath","value":"//button[@data-kt=\"newYardSaveButton\"]"}
RESULT: {"using":"xpath","value":"//button[@data-kt=\"newYardSaveButton\"]"}
COMMAND: POST /session/db7e74ddcaedfecfca9d83c19254142b/element/f.624D7720A2383BCF46C1895FE70984DD.d.0AE5BECADEED6D6ED6289774AE534E15.e.686/click - {}
RESULT: {}
COMMAND: GET /session/db7e74ddcaedfecfca9d83c19254142b/screenshot - {}
RESULT: {}
COMMAND: POST /session/db7e74ddcaedfecfca9d83c19254142b/element - {"using":"xpath","value":"//header[contains(@id, 'ObjectPageLayout-headerTitle')]/div[1]/div[2]/div[1]/span[1]"}
RESULT: {"using":"xpath","value":"//header[contains(@id, 'ObjectPageLayout-headerTitle')]/div[1]/div[2]/div[1]/span[1]"}
COMMAND: POST /session/db7e74ddcaedfecfca9d83c19254142b/elements - {"using":"xpath","value":"//header[contains(@id, 'ObjectPageLayout-headerTitle')]/div[1]/div[2]/div[1]/span[1]"}
RESULT: {"using":"xpath","value":"//header[contains(@id, 'ObjectPageLayout-headerTitle')]/div[1]/div[2]/div[1]/span[1]"}
COMMAND: POST /session/db7e74ddcaedfecfca9d83c19254142b/execute/sync - {"script":"<script> [56 bytes]","args":[{"element-6066-11e4-a52e-4f735466cecf":"f.624D7720A2383BCF46C1895FE70984DD.d.0AE5BECADEED6D6ED6289774AE534E15.e.978","ELEMENT":"f.624D7720A2383BCF46C1895FE70984DD.d.0AE5BECADEED6D6ED6289774AE534E15.e.978"}]}
RESULT: {"script":"<script> [56 bytes]","args":[{"element-6066-11e4-a52e-4f735466cecf":"f.624D7720A2383BCF46C1895FE70984DD.d.0AE5BECADEED6D6ED6289774AE534E15.e.978","ELEMENT":"f.624D7720A2383BCF46C1895FE70984DD.d.0AE5BECADEED6D6ED6289774AE534E15.e.978"}]}
COMMAND: GET /session/db7e74ddcaedfecfca9d83c19254142b/screenshot - {}
RESULT: {}
COMMAND: POST /session/db7e74ddcaedfecfca9d83c19254142b/element - {"using":"css selector","value":"#shell-header-logo"}
RESULT: {"using":"css selector","value":"#shell-header-logo"}
COMMAND: POST /session/db7e74ddcaedfecfca9d83c19254142b/element/f.624D7720A2383BCF46C1895FE70984DD.d.0AE5BECADEED6D6ED6289774AE534E15.e.240/click - {}
RESULT: {}
COMMAND: GET /session/db7e74ddcaedfecfca9d83c19254142b/screenshot - {}
RESULT: {}
COMMAND: POST /session/db7e74ddcaedfecfca9d83c19254142b/execute/sync - {"script":"<script> [299 bytes]","args":[["getModel","getResource"]]}
RESULT: {"script":"<script> [299 bytes]","args":[["getModel","getResource"]]}
COMMAND: GET /session/db7e74ddcaedfecfca9d83c19254142b/screenshot - {}
]]></system-out>
    </testcase>
    <testcase classname="chrome.136_0_7103_93.windows.Stock_increase_-_with_WHM_US125587" name="Should create a new external WHM partner" time="114.508">
      <system-out><![CDATA[
COMMAND: POST /session/db7e74ddcaedfecfca9d83c19254142b/window/fullscreen - {}
RESULT: {}
RESULT: {}
COMMAND: POST /session/db7e74ddcaedfecfca9d83c19254142b/execute/async - {"script":"<script> [1562 bytes]","args":[{"selector":{"controlType":"sap.m.GenericTile","properties":{"header":"Manage Partners"}},"wdio_ui5_key":"sapm.GenericTile{\"header\":\"Manage Partners\"}"}]}
RESULT: {"script":"<script> [1562 bytes]","args":[{"selector":{"controlType":"sap.m.GenericTile","properties":{"header":"Manage Partners"}},"wdio_ui5_key":"sapm.GenericTile{\"header\":\"Manage Partners\"}"}]}
RESULT: undefined
COMMAND: POST /session/db7e74ddcaedfecfca9d83c19254142b/element - {"using":"xpath","value":"//*[@id=\"__tile38\"]"}
RESULT: {"using":"xpath","value":"//*[@id=\"__tile38\"]"}
COMMAND: POST /session/db7e74ddcaedfecfca9d83c19254142b/element/f.624D7720A2383BCF46C1895FE70984DD.d.0AE5BECADEED6D6ED6289774AE534E15.e.127/click - {}
RESULT: {}
COMMAND: GET /session/db7e74ddcaedfecfca9d83c19254142b/screenshot - {}
RESULT: {}
COMMAND: POST /session/db7e74ddcaedfecfca9d83c19254142b/elements - {"using":"xpath","value":"//span[text()='Error']"}
RESULT: {"using":"xpath","value":"//span[text()='Error']"}
COMMAND: POST /session/db7e74ddcaedfecfca9d83c19254142b/element - {"using":"xpath","value":"//button[@data-kt=\"addButton\"]"}
RESULT: {"using":"xpath","value":"//button[@data-kt=\"addButton\"]"}
COMMAND: POST /session/db7e74ddcaedfecfca9d83c19254142b/elements - {"using":"xpath","value":"//button[@data-kt=\"addButton\"]"}
RESULT: {"using":"xpath","value":"//button[@data-kt=\"addButton\"]"}
COMMAND: POST /session/db7e74ddcaedfecfca9d83c19254142b/execute/sync - {"script":"<script> [8489 bytes]","args":[{"element-6066-11e4-a52e-4f735466cecf":"f.624D7720A2383BCF46C1895FE70984DD.d.0AE5BECADEED6D6ED6289774AE534E15.e.1028","ELEMENT":"f.624D7720A2383BCF46C1895FE70984DD.d.0AE5BECADEED6D6ED6289774AE534E15.e.1028"}]}
RESULT: {"script":"<script> [8489 bytes]","args":[{"element-6066-11e4-a52e-4f735466cecf":"f.624D7720A2383BCF46C1895FE70984DD.d.0AE5BECADEED6D6ED6289774AE534E15.e.1028","ELEMENT":"f.624D7720A2383BCF46C1895FE70984DD.d.0AE5BECADEED6D6ED6289774AE534E15.e.1028"}]}
COMMAND: GET /session/db7e74ddcaedfecfca9d83c19254142b/element/f.624D7720A2383BCF46C1895FE70984DD.d.0AE5BECADEED6D6ED6289774AE534E15.e.1028/enabled - {}
COMMAND: GET /session/db7e74ddcaedfecfca9d83c19254142b/screenshot - {}
RESULT: {}
COMMAND: POST /session/db7e74ddcaedfecfca9d83c19254142b/execute/sync - {"script":"<script> [8489 bytes]","args":[{"element-6066-11e4-a52e-4f735466cecf":"f.624D7720A2383BCF46C1895FE70984DD.d.0AE5BECADEED6D6ED6289774AE534E15.e.1028","ELEMENT":"f.624D7720A2383BCF46C1895FE70984DD.d.0AE5BECADEED6D6ED6289774AE534E15.e.1028"}]}
COMMAND: GET /session/db7e74ddcaedfecfca9d83c19254142b/screenshot - {}
RESULT: {}
RESULT: {"script":"<script> [8489 bytes]","args":[{"element-6066-11e4-a52e-4f735466cecf":"f.624D7720A2383BCF46C1895FE70984DD.d.0AE5BECADEED6D6ED6289774AE534E15.e.1028","ELEMENT":"f.624D7720A2383BCF46C1895FE70984DD.d.0AE5BECADEED6D6ED6289774AE534E15.e.1028"}]}
COMMAND: POST /session/db7e74ddcaedfecfca9d83c19254142b/execute/sync - {"script":"<script> [5351 bytes]","args":[{"element-6066-11e4-a52e-4f735466cecf":"f.624D7720A2383BCF46C1895FE70984DD.d.0AE5BECADEED6D6ED6289774AE534E15.e.1028","ELEMENT":"f.624D7720A2383BCF46C1895FE70984DD.d.0AE5BECADEED6D6ED6289774AE534E15.e.1028"}]}
COMMAND: GET /session/db7e74ddcaedfecfca9d83c19254142b/screenshot - {}
RESULT: {}
RESULT: {"script":"<script> [5351 bytes]","args":[{"element-6066-11e4-a52e-4f735466cecf":"f.624D7720A2383BCF46C1895FE70984DD.d.0AE5BECADEED6D6ED6289774AE534E15.e.1028","ELEMENT":"f.624D7720A2383BCF46C1895FE70984DD.d.0AE5BECADEED6D6ED6289774AE534E15.e.1028"}]}
COMMAND: POST /session/db7e74ddcaedfecfca9d83c19254142b/element/f.624D7720A2383BCF46C1895FE70984DD.d.0AE5BECADEED6D6ED6289774AE534E15.e.1028/click - {}
COMMAND: GET /session/db7e74ddcaedfecfca9d83c19254142b/screenshot - {}
RESULT: {}
RESULT: {}
COMMAND: GET /session/db7e74ddcaedfecfca9d83c19254142b/screenshot - {}
RESULT: {}
RESULT: {}
COMMAND: POST /session/db7e74ddcaedfecfca9d83c19254142b/execute/async - {"script":"<script> [1562 bytes]","args":[{"selector":{"id":"application-managepartners-display-component---NewPartner--addressDetailDetailsName1","interaction":{"idSuffix":"inner"}},"wdio_ui5_key":"applicationmanagepartners-display-component---NewPartner--addressDetailDetailsName1"}]}
RESULT: {"script":"<script> [1562 bytes]","args":[{"selector":{"id":"application-managepartners-display-component---NewPartner--addressDetailDetailsName1","interaction":{"idSuffix":"inner"}},"wdio_ui5_key":"applicationmanagepartners-display-component---NewPartner--addressDetailDetailsName1"}]}
RESULT: undefined
COMMAND: POST /session/db7e74ddcaedfecfca9d83c19254142b/execute/async - {"script":"<script> [776 bytes]","args":[{"enterText":"External Partner WDIO","selector":{"id":"application-managepartners-display-component---NewPartner--addressDetailDetailsName1","interaction":{"idSuffix":"inner"}},"clearTextFirst":true,"interactionType":"ENTER_TEXT"}]}
RESULT: {"script":"<script> [776 bytes]","args":[{"enterText":"External Partner WDIO","selector":{"id":"application-managepartners-display-component---NewPartner--addressDetailDetailsName1","interaction":{"idSuffix":"inner"}},"clearTextFirst":true,"interactionType":"ENTER_TEXT"}]}
COMMAND: POST /session/db7e74ddcaedfecfca9d83c19254142b/execute/async - {"script":"<script> [1562 bytes]","args":[{"selector":{"id":"application-managepartners-display-component---NewPartner--addressDetailDetailsLanguage-arrow"},"wdio_ui5_key":"applicationmanagepartners-display-component---NewPartner--addressDetailDetailsLanguage-arrow"}]}
RESULT: {"script":"<script> [1562 bytes]","args":[{"selector":{"id":"application-managepartners-display-component---NewPartner--addressDetailDetailsLanguage-arrow"},"wdio_ui5_key":"applicationmanagepartners-display-component---NewPartner--addressDetailDetailsLanguage-arrow"}]}
RESULT: undefined
COMMAND: POST /session/db7e74ddcaedfecfca9d83c19254142b/element - {"using":"xpath","value":"//*[@id=\"application-managepartners-display-component---NewPartner--addressDetailDetailsLanguage-arrow\"]"}
RESULT: {"using":"xpath","value":"//*[@id=\"application-managepartners-display-component---NewPartner--addressDetailDetailsLanguage-arrow\"]"}
COMMAND: POST /session/db7e74ddcaedfecfca9d83c19254142b/element/f.624D7720A2383BCF46C1895FE70984DD.d.0AE5BECADEED6D6ED6289774AE534E15.e.1467/click - {}
RESULT: {}
COMMAND: POST /session/db7e74ddcaedfecfca9d83c19254142b/element - {"using":"xpath","value":"//span[contains(text(), \"English\")]"}
COMMAND: GET /session/db7e74ddcaedfecfca9d83c19254142b/screenshot - {}
RESULT: {"using":"xpath","value":"//span[contains(text(), \"English\")]"}
COMMAND: POST /session/db7e74ddcaedfecfca9d83c19254142b/element/f.624D7720A2383BCF46C1895FE70984DD.d.0AE5BECADEED6D6ED6289774AE534E15.e.1468/click - {}
RESULT: {}
RESULT: {}
COMMAND: GET /session/db7e74ddcaedfecfca9d83c19254142b/screenshot - {}
RESULT: {}
COMMAND: POST /session/db7e74ddcaedfecfca9d83c19254142b/execute/async - {"script":"<script> [1562 bytes]","args":[{"selector":{"id":"application-managepartners-display-component---NewPartner--addressDetailDetailsCity1","interaction":{"idSuffix":"inner"}},"wdio_ui5_key":"applicationmanagepartners-display-component---NewPartner--addressDetailDetailsCity1"}]}
RESULT: {"script":"<script> [1562 bytes]","args":[{"selector":{"id":"application-managepartners-display-component---NewPartner--addressDetailDetailsCity1","interaction":{"idSuffix":"inner"}},"wdio_ui5_key":"applicationmanagepartners-display-component---NewPartner--addressDetailDetailsCity1"}]}
RESULT: undefined
COMMAND: POST /session/db7e74ddcaedfecfca9d83c19254142b/execute/async - {"script":"<script> [776 bytes]","args":[{"enterText":"Rosario","selector":{"id":"application-managepartners-display-component---NewPartner--addressDetailDetailsCity1","interaction":{"idSuffix":"inner"}},"clearTextFirst":true,"interactionType":"ENTER_TEXT"}]}
RESULT: {"script":"<script> [776 bytes]","args":[{"enterText":"Rosario","selector":{"id":"application-managepartners-display-component---NewPartner--addressDetailDetailsCity1","interaction":{"idSuffix":"inner"}},"clearTextFirst":true,"interactionType":"ENTER_TEXT"}]}
COMMAND: POST /session/db7e74ddcaedfecfca9d83c19254142b/execute/async - {"script":"<script> [1562 bytes]","args":[{"selector":{"id":"application-managepartners-display-component---NewPartner--addressDetailDetailsCountry-arrow"},"wdio_ui5_key":"applicationmanagepartners-display-component---NewPartner--addressDetailDetailsCountry-arrow"}]}
RESULT: {"script":"<script> [1562 bytes]","args":[{"selector":{"id":"application-managepartners-display-component---NewPartner--addressDetailDetailsCountry-arrow"},"wdio_ui5_key":"applicationmanagepartners-display-component---NewPartner--addressDetailDetailsCountry-arrow"}]}
RESULT: undefined
COMMAND: POST /session/db7e74ddcaedfecfca9d83c19254142b/element - {"using":"xpath","value":"//*[@id=\"application-managepartners-display-component---NewPartner--addressDetailDetailsCountry-arrow\"]"}
RESULT: {"using":"xpath","value":"//*[@id=\"application-managepartners-display-component---NewPartner--addressDetailDetailsCountry-arrow\"]"}
COMMAND: POST /session/db7e74ddcaedfecfca9d83c19254142b/element/f.624D7720A2383BCF46C1895FE70984DD.d.0AE5BECADEED6D6ED6289774AE534E15.e.1434/click - {}
RESULT: {}
COMMAND: POST /session/db7e74ddcaedfecfca9d83c19254142b/element - {"using":"xpath","value":"//span[contains(text(), \"Argentina\")]"}
COMMAND: GET /session/db7e74ddcaedfecfca9d83c19254142b/screenshot - {}
RESULT: {"using":"xpath","value":"//span[contains(text(), \"Argentina\")]"}
COMMAND: POST /session/db7e74ddcaedfecfca9d83c19254142b/element/f.624D7720A2383BCF46C1895FE70984DD.d.0AE5BECADEED6D6ED6289774AE534E15.e.1470/click - {}
RESULT: {}
RESULT: {}
COMMAND: GET /session/db7e74ddcaedfecfca9d83c19254142b/screenshot - {}
RESULT: {}
COMMAND: POST /session/db7e74ddcaedfecfca9d83c19254142b/element - {"using":"xpath","value":"//bdi[contains(text(), \"Commercial\")]"}
RESULT: {"using":"xpath","value":"//bdi[contains(text(), \"Commercial\")]"}
COMMAND: POST /session/db7e74ddcaedfecfca9d83c19254142b/element/f.624D7720A2383BCF46C1895FE70984DD.d.0AE5BECADEED6D6ED6289774AE534E15.e.1471/click - {}
RESULT: {}
COMMAND: GET /session/db7e74ddcaedfecfca9d83c19254142b/screenshot - {}
RESULT: {}
COMMAND: POST /session/db7e74ddcaedfecfca9d83c19254142b/execute/async - {"script":"<script> [1562 bytes]","args":[{"selector":{"id":"application-managepartners-display-component---NewPartner--partnerDetailInternal-arrow"},"wdio_ui5_key":"applicationmanagepartners-display-component---NewPartner--partnerDetailInternal-arrow"}]}
RESULT: {"script":"<script> [1562 bytes]","args":[{"selector":{"id":"application-managepartners-display-component---NewPartner--partnerDetailInternal-arrow"},"wdio_ui5_key":"applicationmanagepartners-display-component---NewPartner--partnerDetailInternal-arrow"}]}
RESULT: undefined
COMMAND: POST /session/db7e74ddcaedfecfca9d83c19254142b/element - {"using":"xpath","value":"//*[@id=\"application-managepartners-display-component---NewPartner--partnerDetailInternal-arrow\"]"}
RESULT: {"using":"xpath","value":"//*[@id=\"application-managepartners-display-component---NewPartner--partnerDetailInternal-arrow\"]"}
COMMAND: POST /session/db7e74ddcaedfecfca9d83c19254142b/element/f.624D7720A2383BCF46C1895FE70984DD.d.0AE5BECADEED6D6ED6289774AE534E15.e.1477/click - {}
RESULT: {}
COMMAND: POST /session/db7e74ddcaedfecfca9d83c19254142b/element - {"using":"xpath","value":"//span[contains(text(), \"External partner\")]"}
COMMAND: GET /session/db7e74ddcaedfecfca9d83c19254142b/screenshot - {}
RESULT: {"using":"xpath","value":"//span[contains(text(), \"External partner\")]"}
COMMAND: POST /session/db7e74ddcaedfecfca9d83c19254142b/element/f.624D7720A2383BCF46C1895FE70984DD.d.0AE5BECADEED6D6ED6289774AE534E15.e.1480/click - {}
RESULT: {}
RESULT: {}
COMMAND: POST /session/db7e74ddcaedfecfca9d83c19254142b/execute/async - {"script":"<script> [1562 bytes]","args":[{"selector":{"id":"application-managepartners-display-component---NewPartner--partnerDetailsCurrency-arrow"},"wdio_ui5_key":"applicationmanagepartners-display-component---NewPartner--partnerDetailsCurrency-arrow"}]}
COMMAND: GET /session/db7e74ddcaedfecfca9d83c19254142b/screenshot - {}
RESULT: {"script":"<script> [1562 bytes]","args":[{"selector":{"id":"application-managepartners-display-component---NewPartner--partnerDetailsCurrency-arrow"},"wdio_ui5_key":"applicationmanagepartners-display-component---NewPartner--partnerDetailsCurrency-arrow"}]}
RESULT: undefined
COMMAND: POST /session/db7e74ddcaedfecfca9d83c19254142b/element - {"using":"xpath","value":"//*[@id=\"application-managepartners-display-component---NewPartner--partnerDetailsCurrency-arrow\"]"}
RESULT: {}
RESULT: {"using":"xpath","value":"//*[@id=\"application-managepartners-display-component---NewPartner--partnerDetailsCurrency-arrow\"]"}
COMMAND: POST /session/db7e74ddcaedfecfca9d83c19254142b/element/f.624D7720A2383BCF46C1895FE70984DD.d.0AE5BECADEED6D6ED6289774AE534E15.e.1485/click - {}
RESULT: {}
COMMAND: POST /session/db7e74ddcaedfecfca9d83c19254142b/element - {"using":"xpath","value":"//span[contains(text(), \"US Dollar\")]"}
COMMAND: GET /session/db7e74ddcaedfecfca9d83c19254142b/screenshot - {}
RESULT: {"using":"xpath","value":"//span[contains(text(), \"US Dollar\")]"}
COMMAND: POST /session/db7e74ddcaedfecfca9d83c19254142b/element/f.624D7720A2383BCF46C1895FE70984DD.d.0AE5BECADEED6D6ED6289774AE534E15.e.1486/click - {}
RESULT: {}
RESULT: {}
COMMAND: GET /session/db7e74ddcaedfecfca9d83c19254142b/screenshot - {}
RESULT: {}
COMMAND: POST /session/db7e74ddcaedfecfca9d83c19254142b/element - {"using":"xpath","value":"//input[@id=\"application-managepartners-display-component---NewPartner--companyCodeComboBox-inner\"]"}
RESULT: {"using":"xpath","value":"//input[@id=\"application-managepartners-display-component---NewPartner--companyCodeComboBox-inner\"]"}
COMMAND: POST /session/db7e74ddcaedfecfca9d83c19254142b/element/f.624D7720A2383BCF46C1895FE70984DD.d.0AE5BECADEED6D6ED6289774AE534E15.e.1372/clear - {}
RESULT: {}
COMMAND: POST /session/db7e74ddcaedfecfca9d83c19254142b/element/f.624D7720A2383BCF46C1895FE70984DD.d.0AE5BECADEED6D6ED6289774AE534E15.e.1372/value - {"text":"C002"}
COMMAND: GET /session/db7e74ddcaedfecfca9d83c19254142b/screenshot - {}
RESULT: {"text":"C002"}
COMMAND: GET /session/db7e74ddcaedfecfca9d83c19254142b/screenshot - {}
RESULT: {}
RESULT: {}
COMMAND: POST /session/db7e74ddcaedfecfca9d83c19254142b/element - {"using":"xpath","value":"//li[.//span[text()= \"C002\"]]"}
RESULT: {"using":"xpath","value":"//li[.//span[text()= \"C002\"]]"}
COMMAND: POST /session/db7e74ddcaedfecfca9d83c19254142b/element/f.624D7720A2383BCF46C1895FE70984DD.d.0AE5BECADEED6D6ED6289774AE534E15.e.1490/click - {}
RESULT: {}
COMMAND: GET /session/db7e74ddcaedfecfca9d83c19254142b/screenshot - {}
RESULT: {}
COMMAND: POST /session/db7e74ddcaedfecfca9d83c19254142b/execute/async - {"script":"<script> [1562 bytes]","args":[{"selector":{"id":"application-managepartners-display-component---NewPartner--btnAddTableRow-img"},"wdio_ui5_key":"applicationmanagepartners-display-component---NewPartner--btnAddTableRow-img"}]}
RESULT: {"script":"<script> [1562 bytes]","args":[{"selector":{"id":"application-managepartners-display-component---NewPartner--btnAddTableRow-img"},"wdio_ui5_key":"applicationmanagepartners-display-component---NewPartner--btnAddTableRow-img"}]}
RESULT: undefined
COMMAND: POST /session/db7e74ddcaedfecfca9d83c19254142b/element - {"using":"xpath","value":"//*[@id=\"application-managepartners-display-component---NewPartner--btnAddTableRow-img\"]"}
RESULT: {"using":"xpath","value":"//*[@id=\"application-managepartners-display-component---NewPartner--btnAddTableRow-img\"]"}
COMMAND: POST /session/db7e74ddcaedfecfca9d83c19254142b/element/f.624D7720A2383BCF46C1895FE70984DD.d.0AE5BECADEED6D6ED6289774AE534E15.e.1491/click - {}
RESULT: {}
COMMAND: GET /session/db7e74ddcaedfecfca9d83c19254142b/screenshot - {}
RESULT: {}
COMMAND: POST /session/db7e74ddcaedfecfca9d83c19254142b/element - {"using":"xpath","value":"//input[@id=\"application-managepartners-display-component---NewPartner--assignmentYard-application-managepartners-display-component---NewPartner--assignmentsTable-0-inner\"]"}
RESULT: {"using":"xpath","value":"//input[@id=\"application-managepartners-display-component---NewPartner--assignmentYard-application-managepartners-display-component---NewPartner--assignmentsTable-0-inner\"]"}
COMMAND: POST /session/db7e74ddcaedfecfca9d83c19254142b/element/f.624D7720A2383BCF46C1895FE70984DD.d.0AE5BECADEED6D6ED6289774AE534E15.e.1494/clear - {}
RESULT: {}
COMMAND: POST /session/db7e74ddcaedfecfca9d83c19254142b/element/f.624D7720A2383BCF46C1895FE70984DD.d.0AE5BECADEED6D6ED6289774AE534E15.e.1494/value - {"text":"337"}
COMMAND: GET /session/db7e74ddcaedfecfca9d83c19254142b/screenshot - {}
RESULT: {"text":"337"}
COMMAND: GET /session/db7e74ddcaedfecfca9d83c19254142b/screenshot - {}
RESULT: {}
RESULT: {}
COMMAND: POST /session/db7e74ddcaedfecfca9d83c19254142b/element - {"using":"xpath","value":"//li[.//span[text()='337']]"}
RESULT: {"using":"xpath","value":"//li[.//span[text()='337']]"}
COMMAND: POST /session/db7e74ddcaedfecfca9d83c19254142b/element/f.624D7720A2383BCF46C1895FE70984DD.d.0AE5BECADEED6D6ED6289774AE534E15.e.1502/click - {}
RESULT: {}
COMMAND: GET /session/db7e74ddcaedfecfca9d83c19254142b/screenshot - {}
RESULT: {}
COMMAND: POST /session/db7e74ddcaedfecfca9d83c19254142b/actions - {"actions":[{"id":"action2","type":"key","parameters":{},"actions":[{"type":"keyDown","value":""},{"type":"pause","duration":10},{"type":"keyUp","value":""}]}]}
RESULT: {"actions":[{"id":"action2","type":"key","parameters":{},"actions":[{"type":"keyDown","value":""},{"type":"pause","duration":10},{"type":"keyUp","value":""}]}]}
COMMAND: POST /session/db7e74ddcaedfecfca9d83c19254142b/element - {"using":"xpath","value":"//td[contains(@id, \"assignmentsTable-0-cell2\")]/div/div"}
COMMAND: GET /session/db7e74ddcaedfecfca9d83c19254142b/screenshot - {}
RESULT: {"using":"xpath","value":"//td[contains(@id, \"assignmentsTable-0-cell2\")]/div/div"}
COMMAND: POST /session/db7e74ddcaedfecfca9d83c19254142b/element/f.624D7720A2383BCF46C1895FE70984DD.d.0AE5BECADEED6D6ED6289774AE534E15.e.1505/click - {}
RESULT: {}
RESULT: {}
COMMAND: GET /session/db7e74ddcaedfecfca9d83c19254142b/screenshot - {}
RESULT: {}
COMMAND: POST /session/db7e74ddcaedfecfca9d83c19254142b/element - {"using":"xpath","value":"//button[@data-kt=\"saveButton\"]"}
RESULT: {"using":"xpath","value":"//button[@data-kt=\"saveButton\"]"}
COMMAND: POST /session/db7e74ddcaedfecfca9d83c19254142b/element/f.624D7720A2383BCF46C1895FE70984DD.d.0AE5BECADEED6D6ED6289774AE534E15.e.1430/click - {}
RESULT: {}
COMMAND: GET /session/db7e74ddcaedfecfca9d83c19254142b/screenshot - {}
RESULT: {}
COMMAND: POST /session/db7e74ddcaedfecfca9d83c19254142b/element - {"using":"xpath","value":"//header[contains(@id, 'ObjectPageLayout-headerTitle')]/div[1]/div[2]/div[2]/span[1]"}
RESULT: {"using":"xpath","value":"//header[contains(@id, 'ObjectPageLayout-headerTitle')]/div[1]/div[2]/div[2]/span[1]"}
COMMAND: POST /session/db7e74ddcaedfecfca9d83c19254142b/elements - {"using":"xpath","value":"//header[contains(@id, 'ObjectPageLayout-headerTitle')]/div[1]/div[2]/div[2]/span[1]"}
RESULT: {"using":"xpath","value":"//header[contains(@id, 'ObjectPageLayout-headerTitle')]/div[1]/div[2]/div[2]/span[1]"}
COMMAND: POST /session/db7e74ddcaedfecfca9d83c19254142b/execute/sync - {"script":"<script> [56 bytes]","args":[{"element-6066-11e4-a52e-4f735466cecf":"f.624D7720A2383BCF46C1895FE70984DD.d.0AE5BECADEED6D6ED6289774AE534E15.e.1669","ELEMENT":"f.624D7720A2383BCF46C1895FE70984DD.d.0AE5BECADEED6D6ED6289774AE534E15.e.1669"}]}
RESULT: {"script":"<script> [56 bytes]","args":[{"element-6066-11e4-a52e-4f735466cecf":"f.624D7720A2383BCF46C1895FE70984DD.d.0AE5BECADEED6D6ED6289774AE534E15.e.1669","ELEMENT":"f.624D7720A2383BCF46C1895FE70984DD.d.0AE5BECADEED6D6ED6289774AE534E15.e.1669"}]}
COMMAND: POST /session/db7e74ddcaedfecfca9d83c19254142b/element - {"using":"css selector","value":"#shell-header-logo"}
COMMAND: GET /session/db7e74ddcaedfecfca9d83c19254142b/screenshot - {}
RESULT: {"using":"css selector","value":"#shell-header-logo"}
COMMAND: POST /session/db7e74ddcaedfecfca9d83c19254142b/element/f.624D7720A2383BCF46C1895FE70984DD.d.0AE5BECADEED6D6ED6289774AE534E15.e.983/click - {}
RESULT: {}
RESULT: {}
COMMAND: GET /session/db7e74ddcaedfecfca9d83c19254142b/screenshot - {}
RESULT: {}
COMMAND: POST /session/db7e74ddcaedfecfca9d83c19254142b/execute/sync - {"script":"<script> [299 bytes]","args":[["getModel","getResource"]]}
RESULT: {"script":"<script> [299 bytes]","args":[["getModel","getResource"]]}
]]></system-out>
    </testcase>
    <testcase classname="chrome.136_0_7103_93.windows.Stock_increase_-_with_WHM_US125587" name="Should create a new WHM site" time="104.531">
      <system-out><![CDATA[
COMMAND: POST /session/db7e74ddcaedfecfca9d83c19254142b/execute/async - {"script":"<script> [1562 bytes]","args":[{"selector":{"controlType":"sap.m.GenericTile","properties":{"header":"Manage Sites"}},"wdio_ui5_key":"sapm.GenericTile{\"header\":\"Manage Sites\"}"}]}
COMMAND: GET /session/db7e74ddcaedfecfca9d83c19254142b/screenshot - {}
RESULT: {"script":"<script> [1562 bytes]","args":[{"selector":{"controlType":"sap.m.GenericTile","properties":{"header":"Manage Sites"}},"wdio_ui5_key":"sapm.GenericTile{\"header\":\"Manage Sites\"}"}]}
RESULT: undefined
COMMAND: POST /session/db7e74ddcaedfecfca9d83c19254142b/element - {"using":"xpath","value":"//*[@id=\"__tile40\"]"}
RESULT: {}
RESULT: {"using":"xpath","value":"//*[@id=\"__tile40\"]"}
COMMAND: POST /session/db7e74ddcaedfecfca9d83c19254142b/element/f.624D7720A2383BCF46C1895FE70984DD.d.0AE5BECADEED6D6ED6289774AE534E15.e.133/click - {}
RESULT: {}
COMMAND: GET /session/db7e74ddcaedfecfca9d83c19254142b/screenshot - {}
RESULT: {}
COMMAND: POST /session/db7e74ddcaedfecfca9d83c19254142b/elements - {"using":"xpath","value":"//span[text()='Error']"}
RESULT: {"using":"xpath","value":"//span[text()='Error']"}
COMMAND: POST /session/db7e74ddcaedfecfca9d83c19254142b/element - {"using":"xpath","value":"//button[@data-kt=\"addOverflowToolbarButton\"]"}
RESULT: {"using":"xpath","value":"//button[@data-kt=\"addOverflowToolbarButton\"]"}
COMMAND: POST /session/db7e74ddcaedfecfca9d83c19254142b/elements - {"using":"xpath","value":"//button[@data-kt=\"addOverflowToolbarButton\"]"}
RESULT: {"using":"xpath","value":"//button[@data-kt=\"addOverflowToolbarButton\"]"}
COMMAND: POST /session/db7e74ddcaedfecfca9d83c19254142b/execute/sync - {"script":"<script> [8489 bytes]","args":[{"element-6066-11e4-a52e-4f735466cecf":"f.624D7720A2383BCF46C1895FE70984DD.d.0AE5BECADEED6D6ED6289774AE534E15.e.1717","ELEMENT":"f.624D7720A2383BCF46C1895FE70984DD.d.0AE5BECADEED6D6ED6289774AE534E15.e.1717"}]}
RESULT: {"script":"<script> [8489 bytes]","args":[{"element-6066-11e4-a52e-4f735466cecf":"f.624D7720A2383BCF46C1895FE70984DD.d.0AE5BECADEED6D6ED6289774AE534E15.e.1717","ELEMENT":"f.624D7720A2383BCF46C1895FE70984DD.d.0AE5BECADEED6D6ED6289774AE534E15.e.1717"}]}
COMMAND: GET /session/db7e74ddcaedfecfca9d83c19254142b/element/f.624D7720A2383BCF46C1895FE70984DD.d.0AE5BECADEED6D6ED6289774AE534E15.e.1717/enabled - {}
COMMAND: GET /session/db7e74ddcaedfecfca9d83c19254142b/screenshot - {}
RESULT: {}
COMMAND: POST /session/db7e74ddcaedfecfca9d83c19254142b/execute/sync - {"script":"<script> [8489 bytes]","args":[{"element-6066-11e4-a52e-4f735466cecf":"f.624D7720A2383BCF46C1895FE70984DD.d.0AE5BECADEED6D6ED6289774AE534E15.e.1717","ELEMENT":"f.624D7720A2383BCF46C1895FE70984DD.d.0AE5BECADEED6D6ED6289774AE534E15.e.1717"}]}
COMMAND: GET /session/db7e74ddcaedfecfca9d83c19254142b/screenshot - {}
RESULT: {}
RESULT: {"script":"<script> [8489 bytes]","args":[{"element-6066-11e4-a52e-4f735466cecf":"f.624D7720A2383BCF46C1895FE70984DD.d.0AE5BECADEED6D6ED6289774AE534E15.e.1717","ELEMENT":"f.624D7720A2383BCF46C1895FE70984DD.d.0AE5BECADEED6D6ED6289774AE534E15.e.1717"}]}
COMMAND: POST /session/db7e74ddcaedfecfca9d83c19254142b/execute/sync - {"script":"<script> [5351 bytes]","args":[{"element-6066-11e4-a52e-4f735466cecf":"f.624D7720A2383BCF46C1895FE70984DD.d.0AE5BECADEED6D6ED6289774AE534E15.e.1717","ELEMENT":"f.624D7720A2383BCF46C1895FE70984DD.d.0AE5BECADEED6D6ED6289774AE534E15.e.1717"}]}
COMMAND: GET /session/db7e74ddcaedfecfca9d83c19254142b/screenshot - {}
RESULT: {}
RESULT: {"script":"<script> [5351 bytes]","args":[{"element-6066-11e4-a52e-4f735466cecf":"f.624D7720A2383BCF46C1895FE70984DD.d.0AE5BECADEED6D6ED6289774AE534E15.e.1717","ELEMENT":"f.624D7720A2383BCF46C1895FE70984DD.d.0AE5BECADEED6D6ED6289774AE534E15.e.1717"}]}
COMMAND: POST /session/db7e74ddcaedfecfca9d83c19254142b/element/f.624D7720A2383BCF46C1895FE70984DD.d.0AE5BECADEED6D6ED6289774AE534E15.e.1717/click - {}
COMMAND: GET /session/db7e74ddcaedfecfca9d83c19254142b/screenshot - {}
RESULT: {}
RESULT: {}
COMMAND: GET /session/db7e74ddcaedfecfca9d83c19254142b/screenshot - {}
COMMAND: POST /session/db7e74ddcaedfecfca9d83c19254142b/element - {"using":"xpath","value":"//input[@id=\"application-managesites-display-component---NewSite--siteId-inner\"]"}
RESULT: {}
RESULT: {}
RESULT: {"using":"xpath","value":"//input[@id=\"application-managesites-display-component---NewSite--siteId-inner\"]"}
COMMAND: POST /session/db7e74ddcaedfecfca9d83c19254142b/element - {"using":"xpath","value":"//input[@id=\"application-managesites-display-component---NewSite--siteId-inner\"]"}
RESULT: {"using":"xpath","value":"//input[@id=\"application-managesites-display-component---NewSite--siteId-inner\"]"}
COMMAND: POST /session/db7e74ddcaedfecfca9d83c19254142b/execute/async - {"script":"<script> [1562 bytes]","args":[{"selector":{"id":"application-managesites-display-component---NewSite--addressDetailDetailsName1","interaction":{"idSuffix":"inner"}},"wdio_ui5_key":"applicationmanagesites-display-component---NewSite--addressDetailDetailsName1"}]}
RESULT: {"script":"<script> [1562 bytes]","args":[{"selector":{"id":"application-managesites-display-component---NewSite--addressDetailDetailsName1","interaction":{"idSuffix":"inner"}},"wdio_ui5_key":"applicationmanagesites-display-component---NewSite--addressDetailDetailsName1"}]}
RESULT: undefined
COMMAND: POST /session/db7e74ddcaedfecfca9d83c19254142b/execute/async - {"script":"<script> [776 bytes]","args":[{"enterText":"Warehouse Managed Site WDIO","selector":{"id":"application-managesites-display-component---NewSite--addressDetailDetailsName1","interaction":{"idSuffix":"inner"}},"clearTextFirst":true,"interactionType":"ENTER_TEXT"}]}
RESULT: {"script":"<script> [776 bytes]","args":[{"enterText":"Warehouse Managed Site WDIO","selector":{"id":"application-managesites-display-component---NewSite--addressDetailDetailsName1","interaction":{"idSuffix":"inner"}},"clearTextFirst":true,"interactionType":"ENTER_TEXT"}]}
COMMAND: POST /session/db7e74ddcaedfecfca9d83c19254142b/execute/async - {"script":"<script> [1562 bytes]","args":[{"selector":{"id":"application-managesites-display-component---NewSite--addressDetailDetailsLanguage-arrow"},"wdio_ui5_key":"applicationmanagesites-display-component---NewSite--addressDetailDetailsLanguage-arrow"}]}
RESULT: {"script":"<script> [1562 bytes]","args":[{"selector":{"id":"application-managesites-display-component---NewSite--addressDetailDetailsLanguage-arrow"},"wdio_ui5_key":"applicationmanagesites-display-component---NewSite--addressDetailDetailsLanguage-arrow"}]}
RESULT: undefined
COMMAND: POST /session/db7e74ddcaedfecfca9d83c19254142b/element - {"using":"xpath","value":"//*[@id=\"application-managesites-display-component---NewSite--addressDetailDetailsLanguage-arrow\"]"}
RESULT: {"using":"xpath","value":"//*[@id=\"application-managesites-display-component---NewSite--addressDetailDetailsLanguage-arrow\"]"}
COMMAND: POST /session/db7e74ddcaedfecfca9d83c19254142b/element/f.624D7720A2383BCF46C1895FE70984DD.d.0AE5BECADEED6D6ED6289774AE534E15.e.2120/click - {}
RESULT: {}
COMMAND: POST /session/db7e74ddcaedfecfca9d83c19254142b/element - {"using":"xpath","value":"//span[contains(text(), \"English\")]"}
COMMAND: GET /session/db7e74ddcaedfecfca9d83c19254142b/screenshot - {}
RESULT: {"using":"xpath","value":"//span[contains(text(), \"English\")]"}
COMMAND: POST /session/db7e74ddcaedfecfca9d83c19254142b/element/f.624D7720A2383BCF46C1895FE70984DD.d.0AE5BECADEED6D6ED6289774AE534E15.e.2121/click - {}
RESULT: {}
RESULT: {}
COMMAND: POST /session/db7e74ddcaedfecfca9d83c19254142b/execute/async - {"script":"<script> [1562 bytes]","args":[{"selector":{"id":"application-managesites-display-component---NewSite--addressDetailDetailsCity1","interaction":{"idSuffix":"inner"}},"wdio_ui5_key":"applicationmanagesites-display-component---NewSite--addressDetailDetailsCity1"}]}
COMMAND: GET /session/db7e74ddcaedfecfca9d83c19254142b/screenshot - {}
RESULT: {"script":"<script> [1562 bytes]","args":[{"selector":{"id":"application-managesites-display-component---NewSite--addressDetailDetailsCity1","interaction":{"idSuffix":"inner"}},"wdio_ui5_key":"applicationmanagesites-display-component---NewSite--addressDetailDetailsCity1"}]}
RESULT: undefined
COMMAND: POST /session/db7e74ddcaedfecfca9d83c19254142b/execute/async - {"script":"<script> [776 bytes]","args":[{"enterText":"Rosario","selector":{"id":"application-managesites-display-component---NewSite--addressDetailDetailsCity1","interaction":{"idSuffix":"inner"}},"clearTextFirst":true,"interactionType":"ENTER_TEXT"}]}
RESULT: {}
RESULT: {"script":"<script> [776 bytes]","args":[{"enterText":"Rosario","selector":{"id":"application-managesites-display-component---NewSite--addressDetailDetailsCity1","interaction":{"idSuffix":"inner"}},"clearTextFirst":true,"interactionType":"ENTER_TEXT"}]}
COMMAND: POST /session/db7e74ddcaedfecfca9d83c19254142b/execute/async - {"script":"<script> [1562 bytes]","args":[{"selector":{"id":"application-managesites-display-component---NewSite--addressDetailDetailsCountry-arrow"},"wdio_ui5_key":"applicationmanagesites-display-component---NewSite--addressDetailDetailsCountry-arrow"}]}
RESULT: {"script":"<script> [1562 bytes]","args":[{"selector":{"id":"application-managesites-display-component---NewSite--addressDetailDetailsCountry-arrow"},"wdio_ui5_key":"applicationmanagesites-display-component---NewSite--addressDetailDetailsCountry-arrow"}]}
RESULT: undefined
COMMAND: POST /session/db7e74ddcaedfecfca9d83c19254142b/element - {"using":"xpath","value":"//*[@id=\"application-managesites-display-component---NewSite--addressDetailDetailsCountry-arrow\"]"}
RESULT: {"using":"xpath","value":"//*[@id=\"application-managesites-display-component---NewSite--addressDetailDetailsCountry-arrow\"]"}
COMMAND: POST /session/db7e74ddcaedfecfca9d83c19254142b/element/f.624D7720A2383BCF46C1895FE70984DD.d.0AE5BECADEED6D6ED6289774AE534E15.e.2123/click - {}
RESULT: {}
COMMAND: POST /session/db7e74ddcaedfecfca9d83c19254142b/element - {"using":"xpath","value":"//span[contains(text(), \"Argentina\")]"}
COMMAND: GET /session/db7e74ddcaedfecfca9d83c19254142b/screenshot - {}
RESULT: {"using":"xpath","value":"//span[contains(text(), \"Argentina\")]"}
COMMAND: POST /session/db7e74ddcaedfecfca9d83c19254142b/element/f.624D7720A2383BCF46C1895FE70984DD.d.0AE5BECADEED6D6ED6289774AE534E15.e.2125/click - {}
RESULT: {}
RESULT: {}
COMMAND: GET /session/db7e74ddcaedfecfca9d83c19254142b/screenshot - {}
RESULT: {}
COMMAND: POST /session/db7e74ddcaedfecfca9d83c19254142b/execute/async - {"script":"<script> [1562 bytes]","args":[{"selector":{"id":"application-managesites-display-component---NewSite--addressEditDetailsCostObjectCstType-arrow"},"wdio_ui5_key":"applicationmanagesites-display-component---NewSite--addressEditDetailsCostObjectCstType-arrow"}]}
RESULT: {"script":"<script> [1562 bytes]","args":[{"selector":{"id":"application-managesites-display-component---NewSite--addressEditDetailsCostObjectCstType-arrow"},"wdio_ui5_key":"applicationmanagesites-display-component---NewSite--addressEditDetailsCostObjectCstType-arrow"}]}
RESULT: undefined
COMMAND: POST /session/db7e74ddcaedfecfca9d83c19254142b/element - {"using":"xpath","value":"//*[@id=\"application-managesites-display-component---NewSite--addressEditDetailsCostObjectCstType-arrow\"]"}
RESULT: {"using":"xpath","value":"//*[@id=\"application-managesites-display-component---NewSite--addressEditDetailsCostObjectCstType-arrow\"]"}
COMMAND: POST /session/db7e74ddcaedfecfca9d83c19254142b/element/f.624D7720A2383BCF46C1895FE70984DD.d.0AE5BECADEED6D6ED6289774AE534E15.e.2126/click - {}
RESULT: {}
COMMAND: POST /session/db7e74ddcaedfecfca9d83c19254142b/element - {"using":"xpath","value":"//span[contains(text(), \"Cost Center\")]"}
COMMAND: GET /session/db7e74ddcaedfecfca9d83c19254142b/screenshot - {}
RESULT: {"using":"xpath","value":"//span[contains(text(), \"Cost Center\")]"}
COMMAND: POST /session/db7e74ddcaedfecfca9d83c19254142b/element/f.624D7720A2383BCF46C1895FE70984DD.d.0AE5BECADEED6D6ED6289774AE534E15.e.2127/click - {}
RESULT: {}
RESULT: {}
COMMAND: GET /session/db7e74ddcaedfecfca9d83c19254142b/screenshot - {}
RESULT: {}
COMMAND: POST /session/db7e74ddcaedfecfca9d83c19254142b/element - {"using":"xpath","value":"//span[@id=\"application-managesites-display-component---NewSite--addressNewCostObjectCstID-vhi\"]"}
RESULT: {"using":"xpath","value":"//span[@id=\"application-managesites-display-component---NewSite--addressNewCostObjectCstID-vhi\"]"}
COMMAND: POST /session/db7e74ddcaedfecfca9d83c19254142b/execute/sync - {"script":"<script> [8489 bytes]","args":[{"element-6066-11e4-a52e-4f735466cecf":"f.624D7720A2383BCF46C1895FE70984DD.d.0AE5BECADEED6D6ED6289774AE534E15.e.2131","ELEMENT":"f.624D7720A2383BCF46C1895FE70984DD.d.0AE5BECADEED6D6ED6289774AE534E15.e.2131"}]}
RESULT: {"script":"<script> [8489 bytes]","args":[{"element-6066-11e4-a52e-4f735466cecf":"f.624D7720A2383BCF46C1895FE70984DD.d.0AE5BECADEED6D6ED6289774AE534E15.e.2131","ELEMENT":"f.624D7720A2383BCF46C1895FE70984DD.d.0AE5BECADEED6D6ED6289774AE534E15.e.2131"}]}
COMMAND: POST /session/db7e74ddcaedfecfca9d83c19254142b/execute/async - {"script":"<script> [1562 bytes]","args":[{"selector":{"id":"application-managesites-display-component---NewSite--addressNewCostObjectCstID-vhi"},"wdio_ui5_key":"applicationmanagesites-display-component---NewSite--addressNewCostObjectCstID-vhi"}]}
COMMAND: GET /session/db7e74ddcaedfecfca9d83c19254142b/screenshot - {}
RESULT: {"script":"<script> [1562 bytes]","args":[{"selector":{"id":"application-managesites-display-component---NewSite--addressNewCostObjectCstID-vhi"},"wdio_ui5_key":"applicationmanagesites-display-component---NewSite--addressNewCostObjectCstID-vhi"}]}
RESULT: undefined
COMMAND: POST /session/db7e74ddcaedfecfca9d83c19254142b/element - {"using":"xpath","value":"//*[@id=\"application-managesites-display-component---NewSite--addressNewCostObjectCstID-vhi\"]"}
RESULT: {}
RESULT: {"using":"xpath","value":"//*[@id=\"application-managesites-display-component---NewSite--addressNewCostObjectCstID-vhi\"]"}
COMMAND: POST /session/db7e74ddcaedfecfca9d83c19254142b/element/f.624D7720A2383BCF46C1895FE70984DD.d.0AE5BECADEED6D6ED6289774AE534E15.e.2131/click - {}
RESULT: {}
COMMAND: GET /session/db7e74ddcaedfecfca9d83c19254142b/screenshot - {}
RESULT: {}
RESULT: undefined
COMMAND: POST /session/db7e74ddcaedfecfca9d83c19254142b/execute/async - {"script":"<script> [776 bytes]","args":[{"enterText":"10001013","selector":{"controlType":"sap.m.SearchField","properties":{"placeholder":"Search"},"searchOpenDialogs":true,"interaction":{"idSuffix":"I"}},"clearTextFirst":true,"interactionType":"ENTER_TEXT"}]}
RESULT: {"script":"<script> [776 bytes]","args":[{"enterText":"10001013","selector":{"controlType":"sap.m.SearchField","properties":{"placeholder":"Search"},"searchOpenDialogs":true,"interaction":{"idSuffix":"I"}},"clearTextFirst":true,"interactionType":"ENTER_TEXT"}]}
COMMAND: POST /session/db7e74ddcaedfecfca9d83c19254142b/actions - {"actions":[{"id":"action3","type":"key","parameters":{},"actions":[{"type":"keyDown","value":""},{"type":"pause","duration":10},{"type":"keyUp","value":""}]}]}
RESULT: {"actions":[{"id":"action3","type":"key","parameters":{},"actions":[{"type":"keyDown","value":""},{"type":"pause","duration":10},{"type":"keyUp","value":""}]}]}
COMMAND: GET /session/db7e74ddcaedfecfca9d83c19254142b/screenshot - {}
RESULT: {}
COMMAND: POST /session/db7e74ddcaedfecfca9d83c19254142b/element - {"using":"xpath","value":"//span[contains(text(), \"General Management\")]"}
RESULT: {"using":"xpath","value":"//span[contains(text(), \"General Management\")]"}
COMMAND: POST /session/db7e74ddcaedfecfca9d83c19254142b/element/f.624D7720A2383BCF46C1895FE70984DD.d.0AE5BECADEED6D6ED6289774AE534E15.e.2169/click - {}
RESULT: {}
COMMAND: GET /session/db7e74ddcaedfecfca9d83c19254142b/screenshot - {}
RESULT: {}
COMMAND: POST /session/db7e74ddcaedfecfca9d83c19254142b/element - {"using":"xpath","value":"//bdi[contains(text(), \"OK\")]"}
RESULT: {"using":"xpath","value":"//bdi[contains(text(), \"OK\")]"}
COMMAND: POST /session/db7e74ddcaedfecfca9d83c19254142b/element/f.624D7720A2383BCF46C1895FE70984DD.d.0AE5BECADEED6D6ED6289774AE534E15.e.2170/click - {}
RESULT: {}
COMMAND: GET /session/db7e74ddcaedfecfca9d83c19254142b/screenshot - {}
RESULT: {}
COMMAND: POST /session/db7e74ddcaedfecfca9d83c19254142b/element - {"using":"xpath","value":"//input[@id=\"application-managesites-display-component---NewSite--addressDetailDetailsCalendar-inner\"]"}
RESULT: {"using":"xpath","value":"//input[@id=\"application-managesites-display-component---NewSite--addressDetailDetailsCalendar-inner\"]"}
COMMAND: POST /session/db7e74ddcaedfecfca9d83c19254142b/element/f.624D7720A2383BCF46C1895FE70984DD.d.0AE5BECADEED6D6ED6289774AE534E15.e.1918/clear - {}
RESULT: {}
COMMAND: POST /session/db7e74ddcaedfecfca9d83c19254142b/element/f.624D7720A2383BCF46C1895FE70984DD.d.0AE5BECADEED6D6ED6289774AE534E15.e.1918/value - {"text":"Unit"}
COMMAND: GET /session/db7e74ddcaedfecfca9d83c19254142b/screenshot - {}
RESULT: {"text":"Unit"}
COMMAND: GET /session/db7e74ddcaedfecfca9d83c19254142b/screenshot - {}
RESULT: {}
RESULT: {}
COMMAND: POST /session/db7e74ddcaedfecfca9d83c19254142b/actions - {"actions":[{"id":"action4","type":"key","parameters":{},"actions":[{"type":"keyDown","value":""},{"type":"pause","duration":10},{"type":"keyUp","value":""}]}]}
RESULT: {"actions":[{"id":"action4","type":"key","parameters":{},"actions":[{"type":"keyDown","value":""},{"type":"pause","duration":10},{"type":"keyUp","value":""}]}]}
COMMAND: POST /session/db7e74ddcaedfecfca9d83c19254142b/element - {"using":"xpath","value":"//input[@id=\"application-managesites-display-component---NewSite--addressDetailDetailsYard-inner\"]"}
COMMAND: GET /session/db7e74ddcaedfecfca9d83c19254142b/screenshot - {}
RESULT: {"using":"xpath","value":"//input[@id=\"application-managesites-display-component---NewSite--addressDetailDetailsYard-inner\"]"}
COMMAND: POST /session/db7e74ddcaedfecfca9d83c19254142b/element/f.624D7720A2383BCF46C1895FE70984DD.d.0AE5BECADEED6D6ED6289774AE534E15.e.1919/clear - {}
RESULT: {}
RESULT: {}
COMMAND: POST /session/db7e74ddcaedfecfca9d83c19254142b/element/f.624D7720A2383BCF46C1895FE70984DD.d.0AE5BECADEED6D6ED6289774AE534E15.e.1919/value - {"text":"337"}
COMMAND: GET /session/db7e74ddcaedfecfca9d83c19254142b/screenshot - {}
RESULT: {"text":"337"}
COMMAND: GET /session/db7e74ddcaedfecfca9d83c19254142b/screenshot - {}
RESULT: {}
RESULT: {}
COMMAND: POST /session/db7e74ddcaedfecfca9d83c19254142b/element - {"using":"xpath","value":"//li[.//span[text()='337']]"}
RESULT: {"using":"xpath","value":"//li[.//span[text()='337']]"}
COMMAND: POST /session/db7e74ddcaedfecfca9d83c19254142b/element/f.624D7720A2383BCF46C1895FE70984DD.d.0AE5BECADEED6D6ED6289774AE534E15.e.2178/click - {}
RESULT: {}
COMMAND: GET /session/db7e74ddcaedfecfca9d83c19254142b/screenshot - {}
RESULT: {}
COMMAND: POST /session/db7e74ddcaedfecfca9d83c19254142b/element - {"using":"xpath","value":"//input[@id=\"application-managesites-display-component---NewSite--addressDetailDetailsPartner-inner\"]"}
RESULT: {"using":"xpath","value":"//input[@id=\"application-managesites-display-component---NewSite--addressDetailDetailsPartner-inner\"]"}
COMMAND: POST /session/db7e74ddcaedfecfca9d83c19254142b/element - {"using":"xpath","value":"//input[@id=\"application-managesites-display-component---NewSite--addressDetailDetailsPartner-inner\"]"}
RESULT: {"using":"xpath","value":"//input[@id=\"application-managesites-display-component---NewSite--addressDetailDetailsPartner-inner\"]"}
COMMAND: POST /session/db7e74ddcaedfecfca9d83c19254142b/execute/async - {"script":"<script> [1562 bytes]","args":[{"selector":{"id":"application-managesites-display-component---NewSite--siteWhmCheckBox-label","interaction":{"idSuffix":"bdi"}},"wdio_ui5_key":"applicationmanagesites-display-component---NewSite--siteWhmCheckBox-label"}]}
RESULT: {"script":"<script> [1562 bytes]","args":[{"selector":{"id":"application-managesites-display-component---NewSite--siteWhmCheckBox-label","interaction":{"idSuffix":"bdi"}},"wdio_ui5_key":"applicationmanagesites-display-component---NewSite--siteWhmCheckBox-label"}]}
RESULT: undefined
COMMAND: POST /session/db7e74ddcaedfecfca9d83c19254142b/element - {"using":"xpath","value":"//*[@id=\"application-managesites-display-component---NewSite--siteWhmCheckBox-label\"]"}
RESULT: {"using":"xpath","value":"//*[@id=\"application-managesites-display-component---NewSite--siteWhmCheckBox-label\"]"}
COMMAND: POST /session/db7e74ddcaedfecfca9d83c19254142b/element/f.624D7720A2383BCF46C1895FE70984DD.d.0AE5BECADEED6D6ED6289774AE534E15.e.2180/click - {}
RESULT: {}
COMMAND: GET /session/db7e74ddcaedfecfca9d83c19254142b/screenshot - {}
RESULT: {}
COMMAND: POST /session/db7e74ddcaedfecfca9d83c19254142b/element - {"using":"xpath","value":"//button[@data-kt=\"saveButton\"]"}
RESULT: {"using":"xpath","value":"//button[@data-kt=\"saveButton\"]"}
COMMAND: POST /session/db7e74ddcaedfecfca9d83c19254142b/element/f.624D7720A2383BCF46C1895FE70984DD.d.0AE5BECADEED6D6ED6289774AE534E15.e.2105/click - {}
RESULT: {}
COMMAND: GET /session/db7e74ddcaedfecfca9d83c19254142b/screenshot - {}
RESULT: {}
COMMAND: POST /session/db7e74ddcaedfecfca9d83c19254142b/element - {"using":"xpath","value":"//header[contains(@id, 'ObjectPageLayout-headerTitle')]/div[1]/div[2]/div[2]/span[1]"}
RESULT: {"using":"xpath","value":"//header[contains(@id, 'ObjectPageLayout-headerTitle')]/div[1]/div[2]/div[2]/span[1]"}
COMMAND: POST /session/db7e74ddcaedfecfca9d83c19254142b/elements - {"using":"xpath","value":"//header[contains(@id, 'ObjectPageLayout-headerTitle')]/div[1]/div[2]/div[2]/span[1]"}
RESULT: {"using":"xpath","value":"//header[contains(@id, 'ObjectPageLayout-headerTitle')]/div[1]/div[2]/div[2]/span[1]"}
COMMAND: POST /session/db7e74ddcaedfecfca9d83c19254142b/execute/sync - {"script":"<script> [56 bytes]","args":[{"element-6066-11e4-a52e-4f735466cecf":"f.624D7720A2383BCF46C1895FE70984DD.d.0AE5BECADEED6D6ED6289774AE534E15.e.2385","ELEMENT":"f.624D7720A2383BCF46C1895FE70984DD.d.0AE5BECADEED6D6ED6289774AE534E15.e.2385"}]}
RESULT: {"script":"<script> [56 bytes]","args":[{"element-6066-11e4-a52e-4f735466cecf":"f.624D7720A2383BCF46C1895FE70984DD.d.0AE5BECADEED6D6ED6289774AE534E15.e.2385","ELEMENT":"f.624D7720A2383BCF46C1895FE70984DD.d.0AE5BECADEED6D6ED6289774AE534E15.e.2385"}]}
COMMAND: POST /session/db7e74ddcaedfecfca9d83c19254142b/element - {"using":"css selector","value":"#shell-header-logo"}
COMMAND: GET /session/db7e74ddcaedfecfca9d83c19254142b/screenshot - {}
RESULT: {"using":"css selector","value":"#shell-header-logo"}
COMMAND: POST /session/db7e74ddcaedfecfca9d83c19254142b/element/f.624D7720A2383BCF46C1895FE70984DD.d.0AE5BECADEED6D6ED6289774AE534E15.e.1674/click - {}
RESULT: {}
RESULT: {}
COMMAND: GET /session/db7e74ddcaedfecfca9d83c19254142b/screenshot - {}
RESULT: {}
COMMAND: POST /session/db7e74ddcaedfecfca9d83c19254142b/execute/sync - {"script":"<script> [299 bytes]","args":[["getModel","getResource"]]}
RESULT: {"script":"<script> [299 bytes]","args":[["getModel","getResource"]]}
COMMAND: GET /session/db7e74ddcaedfecfca9d83c19254142b/screenshot - {}
]]></system-out>
    </testcase>
    <testcase classname="chrome.136_0_7103_93.windows.Stock_increase_-_with_WHM_US125587" name="Should create a new material" time="128.9">
      <system-out><![CDATA[
COMMAND: POST /session/db7e74ddcaedfecfca9d83c19254142b/execute/async - {"script":"<script> [1562 bytes]","args":[{"selector":{"controlType":"sap.m.GenericTile","properties":{"header":"Manage Resources"}},"wdio_ui5_key":"sapm.GenericTile{\"header\":\"Manage Resources\"}"}]}
RESULT: {}
RESULT: {"script":"<script> [1562 bytes]","args":[{"selector":{"controlType":"sap.m.GenericTile","properties":{"header":"Manage Resources"}},"wdio_ui5_key":"sapm.GenericTile{\"header\":\"Manage Resources\"}"}]}
RESULT: undefined
COMMAND: POST /session/db7e74ddcaedfecfca9d83c19254142b/element - {"using":"xpath","value":"//*[@id=\"__tile39\"]"}
RESULT: {"using":"xpath","value":"//*[@id=\"__tile39\"]"}
COMMAND: POST /session/db7e74ddcaedfecfca9d83c19254142b/element/f.624D7720A2383BCF46C1895FE70984DD.d.0AE5BECADEED6D6ED6289774AE534E15.e.130/click - {}
RESULT: {}
COMMAND: GET /session/db7e74ddcaedfecfca9d83c19254142b/screenshot - {}
RESULT: {}
COMMAND: POST /session/db7e74ddcaedfecfca9d83c19254142b/elements - {"using":"xpath","value":"//span[text()='Error']"}
RESULT: {"using":"xpath","value":"//span[text()='Error']"}
COMMAND: POST /session/db7e74ddcaedfecfca9d83c19254142b/element - {"using":"xpath","value":"//button[@data-kt=\"addNewRUOverflowToolbarButton\"]"}
RESULT: {"using":"xpath","value":"//button[@data-kt=\"addNewRUOverflowToolbarButton\"]"}
COMMAND: POST /session/db7e74ddcaedfecfca9d83c19254142b/elements - {"using":"xpath","value":"//button[@data-kt=\"addNewRUOverflowToolbarButton\"]"}
RESULT: {"using":"xpath","value":"//button[@data-kt=\"addNewRUOverflowToolbarButton\"]"}
COMMAND: POST /session/db7e74ddcaedfecfca9d83c19254142b/elements - {"using":"xpath","value":"//button[@data-kt=\"addNewRUOverflowToolbarButton\"]"}
RESULT: {"using":"xpath","value":"//button[@data-kt=\"addNewRUOverflowToolbarButton\"]"}
COMMAND: POST /session/db7e74ddcaedfecfca9d83c19254142b/elements - {"using":"xpath","value":"//button[@data-kt=\"addNewRUOverflowToolbarButton\"]"}
RESULT: {"using":"xpath","value":"//button[@data-kt=\"addNewRUOverflowToolbarButton\"]"}
COMMAND: POST /session/db7e74ddcaedfecfca9d83c19254142b/elements - {"using":"xpath","value":"//button[@data-kt=\"addNewRUOverflowToolbarButton\"]"}
RESULT: {"using":"xpath","value":"//button[@data-kt=\"addNewRUOverflowToolbarButton\"]"}
COMMAND: POST /session/db7e74ddcaedfecfca9d83c19254142b/elements - {"using":"xpath","value":"//button[@data-kt=\"addNewRUOverflowToolbarButton\"]"}
RESULT: {"using":"xpath","value":"//button[@data-kt=\"addNewRUOverflowToolbarButton\"]"}
COMMAND: POST /session/db7e74ddcaedfecfca9d83c19254142b/elements - {"using":"xpath","value":"//button[@data-kt=\"addNewRUOverflowToolbarButton\"]"}
RESULT: {"using":"xpath","value":"//button[@data-kt=\"addNewRUOverflowToolbarButton\"]"}
COMMAND: POST /session/db7e74ddcaedfecfca9d83c19254142b/elements - {"using":"xpath","value":"//button[@data-kt=\"addNewRUOverflowToolbarButton\"]"}
RESULT: {"using":"xpath","value":"//button[@data-kt=\"addNewRUOverflowToolbarButton\"]"}
COMMAND: POST /session/db7e74ddcaedfecfca9d83c19254142b/elements - {"using":"xpath","value":"//button[@data-kt=\"addNewRUOverflowToolbarButton\"]"}
RESULT: {"using":"xpath","value":"//button[@data-kt=\"addNewRUOverflowToolbarButton\"]"}
COMMAND: POST /session/db7e74ddcaedfecfca9d83c19254142b/elements - {"using":"xpath","value":"//button[@data-kt=\"addNewRUOverflowToolbarButton\"]"}
RESULT: {"using":"xpath","value":"//button[@data-kt=\"addNewRUOverflowToolbarButton\"]"}
COMMAND: POST /session/db7e74ddcaedfecfca9d83c19254142b/elements - {"using":"xpath","value":"//button[@data-kt=\"addNewRUOverflowToolbarButton\"]"}
RESULT: {"using":"xpath","value":"//button[@data-kt=\"addNewRUOverflowToolbarButton\"]"}
COMMAND: POST /session/db7e74ddcaedfecfca9d83c19254142b/elements - {"using":"xpath","value":"//button[@data-kt=\"addNewRUOverflowToolbarButton\"]"}
RESULT: {"using":"xpath","value":"//button[@data-kt=\"addNewRUOverflowToolbarButton\"]"}
COMMAND: POST /session/db7e74ddcaedfecfca9d83c19254142b/elements - {"using":"xpath","value":"//button[@data-kt=\"addNewRUOverflowToolbarButton\"]"}
RESULT: {"using":"xpath","value":"//button[@data-kt=\"addNewRUOverflowToolbarButton\"]"}
COMMAND: POST /session/db7e74ddcaedfecfca9d83c19254142b/elements - {"using":"xpath","value":"//button[@data-kt=\"addNewRUOverflowToolbarButton\"]"}
RESULT: {"using":"xpath","value":"//button[@data-kt=\"addNewRUOverflowToolbarButton\"]"}
COMMAND: POST /session/db7e74ddcaedfecfca9d83c19254142b/elements - {"using":"xpath","value":"//button[@data-kt=\"addNewRUOverflowToolbarButton\"]"}
RESULT: {"using":"xpath","value":"//button[@data-kt=\"addNewRUOverflowToolbarButton\"]"}
COMMAND: POST /session/db7e74ddcaedfecfca9d83c19254142b/elements - {"using":"xpath","value":"//button[@data-kt=\"addNewRUOverflowToolbarButton\"]"}
RESULT: {"using":"xpath","value":"//button[@data-kt=\"addNewRUOverflowToolbarButton\"]"}
COMMAND: POST /session/db7e74ddcaedfecfca9d83c19254142b/element - {"using":"xpath","value":"//button[@data-kt=\"addNewRUOverflowToolbarButton\"]"}
RESULT: {"using":"xpath","value":"//button[@data-kt=\"addNewRUOverflowToolbarButton\"]"}
COMMAND: POST /session/db7e74ddcaedfecfca9d83c19254142b/execute/sync - {"script":"<script> [8489 bytes]","args":[{"element-6066-11e4-a52e-4f735466cecf":"f.624D7720A2383BCF46C1895FE70984DD.d.0AE5BECADEED6D6ED6289774AE534E15.e.2420","ELEMENT":"f.624D7720A2383BCF46C1895FE70984DD.d.0AE5BECADEED6D6ED6289774AE534E15.e.2420"}]}
RESULT: {"script":"<script> [8489 bytes]","args":[{"element-6066-11e4-a52e-4f735466cecf":"f.624D7720A2383BCF46C1895FE70984DD.d.0AE5BECADEED6D6ED6289774AE534E15.e.2420","ELEMENT":"f.624D7720A2383BCF46C1895FE70984DD.d.0AE5BECADEED6D6ED6289774AE534E15.e.2420"}]}
COMMAND: GET /session/db7e74ddcaedfecfca9d83c19254142b/element/f.624D7720A2383BCF46C1895FE70984DD.d.0AE5BECADEED6D6ED6289774AE534E15.e.2420/enabled - {}
COMMAND: GET /session/db7e74ddcaedfecfca9d83c19254142b/screenshot - {}
RESULT: {}
COMMAND: POST /session/db7e74ddcaedfecfca9d83c19254142b/execute/sync - {"script":"<script> [8489 bytes]","args":[{"element-6066-11e4-a52e-4f735466cecf":"f.624D7720A2383BCF46C1895FE70984DD.d.0AE5BECADEED6D6ED6289774AE534E15.e.2420","ELEMENT":"f.624D7720A2383BCF46C1895FE70984DD.d.0AE5BECADEED6D6ED6289774AE534E15.e.2420"}]}
COMMAND: GET /session/db7e74ddcaedfecfca9d83c19254142b/screenshot - {}
RESULT: {}
RESULT: {"script":"<script> [8489 bytes]","args":[{"element-6066-11e4-a52e-4f735466cecf":"f.624D7720A2383BCF46C1895FE70984DD.d.0AE5BECADEED6D6ED6289774AE534E15.e.2420","ELEMENT":"f.624D7720A2383BCF46C1895FE70984DD.d.0AE5BECADEED6D6ED6289774AE534E15.e.2420"}]}
COMMAND: POST /session/db7e74ddcaedfecfca9d83c19254142b/execute/sync - {"script":"<script> [5351 bytes]","args":[{"element-6066-11e4-a52e-4f735466cecf":"f.624D7720A2383BCF46C1895FE70984DD.d.0AE5BECADEED6D6ED6289774AE534E15.e.2420","ELEMENT":"f.624D7720A2383BCF46C1895FE70984DD.d.0AE5BECADEED6D6ED6289774AE534E15.e.2420"}]}
COMMAND: GET /session/db7e74ddcaedfecfca9d83c19254142b/screenshot - {}
RESULT: {}
RESULT: {"script":"<script> [5351 bytes]","args":[{"element-6066-11e4-a52e-4f735466cecf":"f.624D7720A2383BCF46C1895FE70984DD.d.0AE5BECADEED6D6ED6289774AE534E15.e.2420","ELEMENT":"f.624D7720A2383BCF46C1895FE70984DD.d.0AE5BECADEED6D6ED6289774AE534E15.e.2420"}]}
COMMAND: POST /session/db7e74ddcaedfecfca9d83c19254142b/element/f.624D7720A2383BCF46C1895FE70984DD.d.0AE5BECADEED6D6ED6289774AE534E15.e.2420/click - {}
COMMAND: GET /session/db7e74ddcaedfecfca9d83c19254142b/screenshot - {}
RESULT: {}
RESULT: {}
COMMAND: GET /session/db7e74ddcaedfecfca9d83c19254142b/screenshot - {}
RESULT: {}
RESULT: {}
COMMAND: POST /session/db7e74ddcaedfecfca9d83c19254142b/execute/async - {"script":"<script> [1562 bytes]","args":[{"selector":{"id":"application-manageresources-display-component---newResourceUnit--TYPE-arrow"},"wdio_ui5_key":"applicationmanageresources-display-component---newResourceUnit--TYPE-arrow"}]}
RESULT: {"script":"<script> [1562 bytes]","args":[{"selector":{"id":"application-manageresources-display-component---newResourceUnit--TYPE-arrow"},"wdio_ui5_key":"applicationmanageresources-display-component---newResourceUnit--TYPE-arrow"}]}
RESULT: undefined
COMMAND: POST /session/db7e74ddcaedfecfca9d83c19254142b/element - {"using":"xpath","value":"//*[@id=\"application-manageresources-display-component---newResourceUnit--TYPE-arrow\"]"}
RESULT: {"using":"xpath","value":"//*[@id=\"application-manageresources-display-component---newResourceUnit--TYPE-arrow\"]"}
COMMAND: POST /session/db7e74ddcaedfecfca9d83c19254142b/element/f.624D7720A2383BCF46C1895FE70984DD.d.0AE5BECADEED6D6ED6289774AE534E15.e.2777/click - {}
RESULT: {}
COMMAND: POST /session/db7e74ddcaedfecfca9d83c19254142b/element - {"using":"xpath","value":"//input[@id=\"application-manageresources-display-component---newResourceUnit--TYPE-inner\"]"}
COMMAND: GET /session/db7e74ddcaedfecfca9d83c19254142b/screenshot - {}
RESULT: {"using":"xpath","value":"//input[@id=\"application-manageresources-display-component---newResourceUnit--TYPE-inner\"]"}
COMMAND: POST /session/db7e74ddcaedfecfca9d83c19254142b/element/f.624D7720A2383BCF46C1895FE70984DD.d.0AE5BECADEED6D6ED6289774AE534E15.e.2773/clear - {}
RESULT: {}
RESULT: {}
COMMAND: POST /session/db7e74ddcaedfecfca9d83c19254142b/element/f.624D7720A2383BCF46C1895FE70984DD.d.0AE5BECADEED6D6ED6289774AE534E15.e.2773/value - {"text":"Material"}
COMMAND: GET /session/db7e74ddcaedfecfca9d83c19254142b/screenshot - {}
RESULT: {"text":"Material"}
COMMAND: GET /session/db7e74ddcaedfecfca9d83c19254142b/screenshot - {}
RESULT: {}
RESULT: {}
COMMAND: POST /session/db7e74ddcaedfecfca9d83c19254142b/actions - {"actions":[{"id":"action5","type":"key","parameters":{},"actions":[{"type":"keyDown","value":""},{"type":"pause","duration":10},{"type":"keyUp","value":""}]}]}
RESULT: {"actions":[{"id":"action5","type":"key","parameters":{},"actions":[{"type":"keyDown","value":""},{"type":"pause","duration":10},{"type":"keyUp","value":""}]}]}
COMMAND: POST /session/db7e74ddcaedfecfca9d83c19254142b/execute/async - {"script":"<script> [1562 bytes]","args":[{"selector":{"id":"application-manageresources-display-component---newResourceUnit--SHORT_TEXT","interaction":{"idSuffix":"inner"}},"wdio_ui5_key":"applicationmanageresources-display-component---newResourceUnit--SHORT_TEXT"}]}
COMMAND: GET /session/db7e74ddcaedfecfca9d83c19254142b/screenshot - {}
RESULT: {"script":"<script> [1562 bytes]","args":[{"selector":{"id":"application-manageresources-display-component---newResourceUnit--SHORT_TEXT","interaction":{"idSuffix":"inner"}},"wdio_ui5_key":"applicationmanageresources-display-component---newResourceUnit--SHORT_TEXT"}]}
RESULT: undefined
COMMAND: POST /session/db7e74ddcaedfecfca9d83c19254142b/execute/async - {"script":"<script> [776 bytes]","args":[{"enterText":"Cement WDIO","selector":{"id":"application-manageresources-display-component---newResourceUnit--SHORT_TEXT","interaction":{"idSuffix":"inner"}},"clearTextFirst":true,"interactionType":"ENTER_TEXT"}]}
RESULT: {}
RESULT: {"script":"<script> [776 bytes]","args":[{"enterText":"Cement WDIO","selector":{"id":"application-manageresources-display-component---newResourceUnit--SHORT_TEXT","interaction":{"idSuffix":"inner"}},"clearTextFirst":true,"interactionType":"ENTER_TEXT"}]}
COMMAND: POST /session/db7e74ddcaedfecfca9d83c19254142b/execute/async - {"script":"<script> [1562 bytes]","args":[{"selector":{"id":"application-manageresources-display-component---newResourceUnit--BASE_UNIT_OF_MEASURE","interaction":{"idSuffix":"inner"}},"wdio_ui5_key":"applicationmanageresources-display-component---newResourceUnit--BASE_UNIT_OF_MEASURE"}]}
RESULT: {"script":"<script> [1562 bytes]","args":[{"selector":{"id":"application-manageresources-display-component---newResourceUnit--BASE_UNIT_OF_MEASURE","interaction":{"idSuffix":"inner"}},"wdio_ui5_key":"applicationmanageresources-display-component---newResourceUnit--BASE_UNIT_OF_MEASURE"}]}
RESULT: undefined
COMMAND: POST /session/db7e74ddcaedfecfca9d83c19254142b/execute/async - {"script":"<script> [776 bytes]","args":[{"enterText":"Piece","selector":{"id":"application-manageresources-display-component---newResourceUnit--BASE_UNIT_OF_MEASURE","interaction":{"idSuffix":"inner"}},"clearTextFirst":true,"interactionType":"ENTER_TEXT"}]}
RESULT: {"script":"<script> [776 bytes]","args":[{"enterText":"Piece","selector":{"id":"application-manageresources-display-component---newResourceUnit--BASE_UNIT_OF_MEASURE","interaction":{"idSuffix":"inner"}},"clearTextFirst":true,"interactionType":"ENTER_TEXT"}]}
COMMAND: POST /session/db7e74ddcaedfecfca9d83c19254142b/execute/async - {"script":"<script> [1562 bytes]","args":[{"selector":{"id":"application-manageresources-display-component---newResourceUnit--WEIGHT_UNIT","interaction":{"idSuffix":"inner"}},"wdio_ui5_key":"applicationmanageresources-display-component---newResourceUnit--WEIGHT_UNIT"}]}
RESULT: {"script":"<script> [1562 bytes]","args":[{"selector":{"id":"application-manageresources-display-component---newResourceUnit--WEIGHT_UNIT","interaction":{"idSuffix":"inner"}},"wdio_ui5_key":"applicationmanageresources-display-component---newResourceUnit--WEIGHT_UNIT"}]}
RESULT: undefined
COMMAND: POST /session/db7e74ddcaedfecfca9d83c19254142b/execute/async - {"script":"<script> [776 bytes]","args":[{"enterText":"Gram","selector":{"id":"application-manageresources-display-component---newResourceUnit--WEIGHT_UNIT","interaction":{"idSuffix":"inner"}},"clearTextFirst":true,"interactionType":"ENTER_TEXT"}]}
RESULT: {"script":"<script> [776 bytes]","args":[{"enterText":"Gram","selector":{"id":"application-manageresources-display-component---newResourceUnit--WEIGHT_UNIT","interaction":{"idSuffix":"inner"}},"clearTextFirst":true,"interactionType":"ENTER_TEXT"}]}
COMMAND: POST /session/db7e74ddcaedfecfca9d83c19254142b/execute/async - {"script":"<script> [1562 bytes]","args":[{"selector":{"id":"application-manageresources-display-component---newResourceUnit--DIMENSION_UNIT","interaction":{"idSuffix":"inner"}},"wdio_ui5_key":"applicationmanageresources-display-component---newResourceUnit--DIMENSION_UNIT"}]}
RESULT: {"script":"<script> [1562 bytes]","args":[{"selector":{"id":"application-manageresources-display-component---newResourceUnit--DIMENSION_UNIT","interaction":{"idSuffix":"inner"}},"wdio_ui5_key":"applicationmanageresources-display-component---newResourceUnit--DIMENSION_UNIT"}]}
RESULT: undefined
COMMAND: POST /session/db7e74ddcaedfecfca9d83c19254142b/execute/async - {"script":"<script> [776 bytes]","args":[{"enterText":"Meter","selector":{"id":"application-manageresources-display-component---newResourceUnit--DIMENSION_UNIT","interaction":{"idSuffix":"inner"}},"clearTextFirst":true,"interactionType":"ENTER_TEXT"}]}
RESULT: {"script":"<script> [776 bytes]","args":[{"enterText":"Meter","selector":{"id":"application-manageresources-display-component---newResourceUnit--DIMENSION_UNIT","interaction":{"idSuffix":"inner"}},"clearTextFirst":true,"interactionType":"ENTER_TEXT"}]}
COMMAND: POST /session/db7e74ddcaedfecfca9d83c19254142b/execute/async - {"script":"<script> [1562 bytes]","args":[{"selector":{"id":"application-manageresources-display-component---newResourceUnit--newRRUPage-anchBar-application-manageresources-display-component---newResourceUnit--control-anchor","interaction":{"idSuffix":"BDI-content"}},"wdio_ui5_key":"applicationmanageresources-display-component---newResourceUnit--newRRUPage-anchBar-application-manageresources-display-component---newResourceUnit--control-anchor"}]}
RESULT: {"script":"<script> [1562 bytes]","args":[{"selector":{"id":"application-manageresources-display-component---newResourceUnit--newRRUPage-anchBar-application-manageresources-display-component---newResourceUnit--control-anchor","interaction":{"idSuffix":"BDI-content"}},"wdio_ui5_key":"applicationmanageresources-display-component---newResourceUnit--newRRUPage-anchBar-application-manageresources-display-component---newResourceUnit--control-anchor"}]}
RESULT: undefined
COMMAND: POST /session/db7e74ddcaedfecfca9d83c19254142b/element - {"using":"xpath","value":"//*[@id=\"application-manageresources-display-component---newResourceUnit--newRRUPage-anchBar-application-manageresources-display-component---newResourceUnit--control-anchor\"]"}
RESULT: {"using":"xpath","value":"//*[@id=\"application-manageresources-display-component---newResourceUnit--newRRUPage-anchBar-application-manageresources-display-component---newResourceUnit--control-anchor\"]"}
COMMAND: POST /session/db7e74ddcaedfecfca9d83c19254142b/element/f.624D7720A2383BCF46C1895FE70984DD.d.0AE5BECADEED6D6ED6289774AE534E15.e.2906/click - {}
RESULT: {}
COMMAND: POST /session/db7e74ddcaedfecfca9d83c19254142b/execute/async - {"script":"<script> [1562 bytes]","args":[{"selector":{"id":"application-manageresources-display-component---newResourceUnit--PLANNING_GROUP","interaction":{"idSuffix":"inner"}},"wdio_ui5_key":"applicationmanageresources-display-component---newResourceUnit--PLANNING_GROUP"}]}
COMMAND: GET /session/db7e74ddcaedfecfca9d83c19254142b/screenshot - {}
RESULT: {"script":"<script> [1562 bytes]","args":[{"selector":{"id":"application-manageresources-display-component---newResourceUnit--PLANNING_GROUP","interaction":{"idSuffix":"inner"}},"wdio_ui5_key":"applicationmanageresources-display-component---newResourceUnit--PLANNING_GROUP"}]}
RESULT: undefined
COMMAND: POST /session/db7e74ddcaedfecfca9d83c19254142b/execute/async - {"script":"<script> [776 bytes]","args":[{"enterText":"Material","selector":{"id":"application-manageresources-display-component---newResourceUnit--PLANNING_GROUP","interaction":{"idSuffix":"inner"}},"clearTextFirst":true,"interactionType":"ENTER_TEXT"}]}
RESULT: {}
RESULT: {"script":"<script> [776 bytes]","args":[{"enterText":"Material","selector":{"id":"application-manageresources-display-component---newResourceUnit--PLANNING_GROUP","interaction":{"idSuffix":"inner"}},"clearTextFirst":true,"interactionType":"ENTER_TEXT"}]}
COMMAND: POST /session/db7e74ddcaedfecfca9d83c19254142b/execute/async - {"script":"<script> [1562 bytes]","args":[{"selector":{"id":"application-manageresources-display-component---newResourceUnit--PLANNING_INDICATOR","interaction":{"idSuffix":"inner"}},"wdio_ui5_key":"applicationmanageresources-display-component---newResourceUnit--PLANNING_INDICATOR"}]}
RESULT: {"script":"<script> [1562 bytes]","args":[{"selector":{"id":"application-manageresources-display-component---newResourceUnit--PLANNING_INDICATOR","interaction":{"idSuffix":"inner"}},"wdio_ui5_key":"applicationmanageresources-display-component---newResourceUnit--PLANNING_INDICATOR"}]}
RESULT: undefined
COMMAND: POST /session/db7e74ddcaedfecfca9d83c19254142b/execute/async - {"script":"<script> [776 bytes]","args":[{"enterText":"10 - infinite","selector":{"id":"application-manageresources-display-component---newResourceUnit--PLANNING_INDICATOR","interaction":{"idSuffix":"inner"}},"clearTextFirst":true,"interactionType":"ENTER_TEXT"}]}
RESULT: {"script":"<script> [776 bytes]","args":[{"enterText":"10 - infinite","selector":{"id":"application-manageresources-display-component---newResourceUnit--PLANNING_INDICATOR","interaction":{"idSuffix":"inner"}},"clearTextFirst":true,"interactionType":"ENTER_TEXT"}]}
COMMAND: POST /session/db7e74ddcaedfecfca9d83c19254142b/element - {"using":"css selector","value":"#application-manageresources-display-component---newResourceUnit--btnAddTimeSegment"}
RESULT: {"using":"css selector","value":"#application-manageresources-display-component---newResourceUnit--btnAddTimeSegment"}
COMMAND: GET /session/db7e74ddcaedfecfca9d83c19254142b/element/f.624D7720A2383BCF46C1895FE70984DD.d.0AE5BECADEED6D6ED6289774AE534E15.e.2914/rect - {}
RESULT: {}
COMMAND: GET /session/db7e74ddcaedfecfca9d83c19254142b/window/rect - {}
RESULT: {}
COMMAND: POST /session/db7e74ddcaedfecfca9d83c19254142b/execute/sync - {"script":"<script> [92 bytes]","args":[]}
RESULT: {"script":"<script> [92 bytes]","args":[]}
COMMAND: POST /session/db7e74ddcaedfecfca9d83c19254142b/actions - {"actions":[{"id":"action6","type":"wheel","parameters":{},"actions":[{"type":"scroll","x":-1888,"y":-32,"deltaX":0,"deltaY":0,"duration":0,"origin":{"element-6066-11e4-a52e-4f735466cecf":"f.624D7720A2383BCF46C1895FE70984DD.d.0AE5BECADEED6D6ED6289774AE534E15.e.2914"}}]}]}
COMMAND: GET /session/db7e74ddcaedfecfca9d83c19254142b/screenshot - {}
RESULT: {}
COMMAND: POST /session/db7e74ddcaedfecfca9d83c19254142b/execute/sync - {"script":"<script> [79 bytes]","args":[{"element-6066-11e4-a52e-4f735466cecf":"f.624D7720A2383BCF46C1895FE70984DD.d.0AE5BECADEED6D6ED6289774AE534E15.e.2914","ELEMENT":"f.624D7720A2383BCF46C1895FE70984DD.d.0AE5BECADEED6D6ED6289774AE534E15.e.2914"},{"block":"start","inline":"nearest"}]}
RESULT: {"script":"<script> [79 bytes]","args":[{"element-6066-11e4-a52e-4f735466cecf":"f.624D7720A2383BCF46C1895FE70984DD.d.0AE5BECADEED6D6ED6289774AE534E15.e.2914","ELEMENT":"f.624D7720A2383BCF46C1895FE70984DD.d.0AE5BECADEED6D6ED6289774AE534E15.e.2914"},{"block":"start","inline":"nearest"}]}
COMMAND: POST /session/db7e74ddcaedfecfca9d83c19254142b/execute/async - {"script":"<script> [1562 bytes]","args":[{"selector":{"id":"application-manageresources-display-component---newResourceUnit--btnAddTimeSegment","interaction":{"idSuffix":"inner"}},"wdio_ui5_key":"applicationmanageresources-display-component---newResourceUnit--btnAddTimeSegment"}]}
COMMAND: GET /session/db7e74ddcaedfecfca9d83c19254142b/screenshot - {}
RESULT: {"script":"<script> [1562 bytes]","args":[{"selector":{"id":"application-manageresources-display-component---newResourceUnit--btnAddTimeSegment","interaction":{"idSuffix":"inner"}},"wdio_ui5_key":"applicationmanageresources-display-component---newResourceUnit--btnAddTimeSegment"}]}
RESULT: undefined
COMMAND: POST /session/db7e74ddcaedfecfca9d83c19254142b/element - {"using":"xpath","value":"//*[@id=\"application-manageresources-display-component---newResourceUnit--btnAddTimeSegment\"]"}
RESULT: {}
RESULT: {"using":"xpath","value":"//*[@id=\"application-manageresources-display-component---newResourceUnit--btnAddTimeSegment\"]"}
COMMAND: POST /session/db7e74ddcaedfecfca9d83c19254142b/element/f.624D7720A2383BCF46C1895FE70984DD.d.0AE5BECADEED6D6ED6289774AE534E15.e.2914/click - {}
RESULT: {}
COMMAND: GET /session/db7e74ddcaedfecfca9d83c19254142b/screenshot - {}
RESULT: {}
COMMAND: POST /session/db7e74ddcaedfecfca9d83c19254142b/element - {"using":"xpath","value":"//input[@id=\"application-manageresources-display-component---newResourceUnit--idRuTSAdmin-application-manageresources-display-component---newResourceUnit--RUTimeSegment-0-inner\"]"}
RESULT: {"using":"xpath","value":"//input[@id=\"application-manageresources-display-component---newResourceUnit--idRuTSAdmin-application-manageresources-display-component---newResourceUnit--RUTimeSegment-0-inner\"]"}
COMMAND: POST /session/db7e74ddcaedfecfca9d83c19254142b/element/f.624D7720A2383BCF46C1895FE70984DD.d.0AE5BECADEED6D6ED6289774AE534E15.e.2919/clear - {}
RESULT: {}
COMMAND: POST /session/db7e74ddcaedfecfca9d83c19254142b/element/f.624D7720A2383BCF46C1895FE70984DD.d.0AE5BECADEED6D6ED6289774AE534E15.e.2919/value - {"text":"337"}
COMMAND: GET /session/db7e74ddcaedfecfca9d83c19254142b/screenshot - {}
RESULT: {"text":"337"}
COMMAND: GET /session/db7e74ddcaedfecfca9d83c19254142b/screenshot - {}
RESULT: {}
RESULT: {}
COMMAND: POST /session/db7e74ddcaedfecfca9d83c19254142b/element - {"using":"xpath","value":"//li[.//span[text()='337']]"}
RESULT: {"using":"xpath","value":"//li[.//span[text()='337']]"}
COMMAND: POST /session/db7e74ddcaedfecfca9d83c19254142b/element/f.624D7720A2383BCF46C1895FE70984DD.d.0AE5BECADEED6D6ED6289774AE534E15.e.2928/click - {}
RESULT: {}
COMMAND: GET /session/db7e74ddcaedfecfca9d83c19254142b/screenshot - {}
RESULT: {}
COMMAND: POST /session/db7e74ddcaedfecfca9d83c19254142b/element - {"using":"xpath","value":"(//span[contains(@id, \"-application-manageresources-display-component---newResourceUnit--RUTimeSegment-0-arrow\")])[2]"}
RESULT: {"using":"xpath","value":"(//span[contains(@id, \"-application-manageresources-display-component---newResourceUnit--RUTimeSegment-0-arrow\")])[2]"}
COMMAND: POST /session/db7e74ddcaedfecfca9d83c19254142b/element/f.624D7720A2383BCF46C1895FE70984DD.d.0AE5BECADEED6D6ED6289774AE534E15.e.2929/click - {}
RESULT: {}
COMMAND: POST /session/db7e74ddcaedfecfca9d83c19254142b/element - {"using":"xpath","value":"//span[contains(text(), \"PM Order\")]"}
COMMAND: GET /session/db7e74ddcaedfecfca9d83c19254142b/screenshot - {}
RESULT: {"using":"xpath","value":"//span[contains(text(), \"PM Order\")]"}
COMMAND: POST /session/db7e74ddcaedfecfca9d83c19254142b/element/f.624D7720A2383BCF46C1895FE70984DD.d.0AE5BECADEED6D6ED6289774AE534E15.e.2930/click - {}
RESULT: {}
RESULT: {}
COMMAND: GET /session/db7e74ddcaedfecfca9d83c19254142b/screenshot - {}
RESULT: {}
COMMAND: POST /session/db7e74ddcaedfecfca9d83c19254142b/element - {"using":"xpath","value":"//td/div/div/div/span[contains(@id, \"newResourceUnit--RUTimeSegment-0-vhi\")][1]"}
RESULT: {"using":"xpath","value":"//td/div/div/div/span[contains(@id, \"newResourceUnit--RUTimeSegment-0-vhi\")][1]"}
COMMAND: GET /session/db7e74ddcaedfecfca9d83c19254142b/element/f.624D7720A2383BCF46C1895FE70984DD.d.0AE5BECADEED6D6ED6289774AE534E15.e.2934/rect - {}
RESULT: {}
COMMAND: GET /session/db7e74ddcaedfecfca9d83c19254142b/window/rect - {}
RESULT: {}
COMMAND: POST /session/db7e74ddcaedfecfca9d83c19254142b/execute/sync - {"script":"<script> [92 bytes]","args":[]}
RESULT: {"script":"<script> [92 bytes]","args":[]}
COMMAND: POST /session/db7e74ddcaedfecfca9d83c19254142b/actions - {"actions":[{"id":"action7","type":"wheel","parameters":{},"actions":[{"type":"scroll","x":-1888,"y":-24,"deltaX":0,"deltaY":0,"duration":0,"origin":{"element-6066-11e4-a52e-4f735466cecf":"f.624D7720A2383BCF46C1895FE70984DD.d.0AE5BECADEED6D6ED6289774AE534E15.e.2934"}}]}]}
COMMAND: GET /session/db7e74ddcaedfecfca9d83c19254142b/screenshot - {}
RESULT: {}
COMMAND: POST /session/db7e74ddcaedfecfca9d83c19254142b/execute/sync - {"script":"<script> [79 bytes]","args":[{"element-6066-11e4-a52e-4f735466cecf":"f.624D7720A2383BCF46C1895FE70984DD.d.0AE5BECADEED6D6ED6289774AE534E15.e.2934","ELEMENT":"f.624D7720A2383BCF46C1895FE70984DD.d.0AE5BECADEED6D6ED6289774AE534E15.e.2934"},{"block":"start","inline":"nearest"}]}
RESULT: {"script":"<script> [79 bytes]","args":[{"element-6066-11e4-a52e-4f735466cecf":"f.624D7720A2383BCF46C1895FE70984DD.d.0AE5BECADEED6D6ED6289774AE534E15.e.2934","ELEMENT":"f.624D7720A2383BCF46C1895FE70984DD.d.0AE5BECADEED6D6ED6289774AE534E15.e.2934"},{"block":"start","inline":"nearest"}]}
COMMAND: GET /session/db7e74ddcaedfecfca9d83c19254142b/screenshot - {}
RESULT: {}
COMMAND: POST /session/db7e74ddcaedfecfca9d83c19254142b/element/f.624D7720A2383BCF46C1895FE70984DD.d.0AE5BECADEED6D6ED6289774AE534E15.e.2934/click - {}
RESULT: {}
COMMAND: GET /session/db7e74ddcaedfecfca9d83c19254142b/screenshot - {}
RESULT: {}
RESULT: undefined
COMMAND: POST /session/db7e74ddcaedfecfca9d83c19254142b/execute/async - {"script":"<script> [776 bytes]","args":[{"enterText":"4000360","selector":{"controlType":"sap.m.SearchField","properties":{"placeholder":"Search"},"searchOpenDialogs":true,"interaction":{"idSuffix":"I"}},"clearTextFirst":true,"interactionType":"ENTER_TEXT"}]}
RESULT: {"script":"<script> [776 bytes]","args":[{"enterText":"4000360","selector":{"controlType":"sap.m.SearchField","properties":{"placeholder":"Search"},"searchOpenDialogs":true,"interaction":{"idSuffix":"I"}},"clearTextFirst":true,"interactionType":"ENTER_TEXT"}]}
COMMAND: POST /session/db7e74ddcaedfecfca9d83c19254142b/actions - {"actions":[{"id":"action8","type":"key","parameters":{},"actions":[{"type":"keyDown","value":""},{"type":"pause","duration":10},{"type":"keyUp","value":""}]}]}
RESULT: {"actions":[{"id":"action8","type":"key","parameters":{},"actions":[{"type":"keyDown","value":""},{"type":"pause","duration":10},{"type":"keyUp","value":""}]}]}
COMMAND: GET /session/db7e74ddcaedfecfca9d83c19254142b/screenshot - {}
RESULT: {}
COMMAND: POST /session/db7e74ddcaedfecfca9d83c19254142b/element - {"using":"xpath","value":"//td/div/span[contains(text(), \"BGL Vehicles\")]"}
RESULT: {"using":"xpath","value":"//td/div/span[contains(text(), \"BGL Vehicles\")]"}
COMMAND: POST /session/db7e74ddcaedfecfca9d83c19254142b/element/f.624D7720A2383BCF46C1895FE70984DD.d.0AE5BECADEED6D6ED6289774AE534E15.e.2954/click - {}
RESULT: {}
COMMAND: GET /session/db7e74ddcaedfecfca9d83c19254142b/screenshot - {}
RESULT: {}
COMMAND: POST /session/db7e74ddcaedfecfca9d83c19254142b/element - {"using":"xpath","value":"//bdi[contains(text(), \"OK\")]"}
RESULT: {"using":"xpath","value":"//bdi[contains(text(), \"OK\")]"}
COMMAND: POST /session/db7e74ddcaedfecfca9d83c19254142b/element/f.624D7720A2383BCF46C1895FE70984DD.d.0AE5BECADEED6D6ED6289774AE534E15.e.2955/click - {}
RESULT: {}
COMMAND: GET /session/db7e74ddcaedfecfca9d83c19254142b/screenshot - {}
RESULT: {}
COMMAND: POST /session/db7e74ddcaedfecfca9d83c19254142b/element - {"using":"xpath","value":"//label[contains(@class, 'sapMLabelRequired') and .//bdi[contains(text(), 'Planned Retirement')]]"}
RESULT: {"using":"xpath","value":"//label[contains(@class, 'sapMLabelRequired') and .//bdi[contains(text(), 'Planned Retirement')]]"}
COMMAND: POST /session/db7e74ddcaedfecfca9d83c19254142b/elements - {"using":"xpath","value":"//label[contains(@class, 'sapMLabelRequired') and .//bdi[contains(text(), 'Planned Retirement')]]"}
RESULT: {"using":"xpath","value":"//label[contains(@class, 'sapMLabelRequired') and .//bdi[contains(text(), 'Planned Retirement')]]"}
COMMAND: POST /session/db7e74ddcaedfecfca9d83c19254142b/element - {"using":"xpath","value":"//button[@data-kt=\"resourceUnitSaveButton\"]"}
RESULT: {"using":"xpath","value":"//button[@data-kt=\"resourceUnitSaveButton\"]"}
COMMAND: POST /session/db7e74ddcaedfecfca9d83c19254142b/element/f.624D7720A2383BCF46C1895FE70984DD.d.0AE5BECADEED6D6ED6289774AE534E15.e.2793/click - {}
RESULT: {}
COMMAND: GET /session/db7e74ddcaedfecfca9d83c19254142b/screenshot - {}
RESULT: {}
COMMAND: POST /session/db7e74ddcaedfecfca9d83c19254142b/element - {"using":"xpath","value":"//bdi[contains(text(), \"Close\")]"}
RESULT: {"using":"xpath","value":"//bdi[contains(text(), \"Close\")]"}
COMMAND: POST /session/db7e74ddcaedfecfca9d83c19254142b/element/f.624D7720A2383BCF46C1895FE70984DD.d.0AE5BECADEED6D6ED6289774AE534E15.e.2962/click - {}
RESULT: {}
COMMAND: GET /session/db7e74ddcaedfecfca9d83c19254142b/screenshot - {}
RESULT: {}
COMMAND: POST /session/db7e74ddcaedfecfca9d83c19254142b/element - {"using":"xpath","value":"//header[contains(@id, 'detailRruPage-headerTitle')]/div[1]/div[2]/div[2]/span[1]"}
RESULT: {"using":"xpath","value":"//header[contains(@id, 'detailRruPage-headerTitle')]/div[1]/div[2]/div[2]/span[1]"}
COMMAND: POST /session/db7e74ddcaedfecfca9d83c19254142b/elements - {"using":"xpath","value":"//header[contains(@id, 'detailRruPage-headerTitle')]/div[1]/div[2]/div[2]/span[1]"}
RESULT: {"using":"xpath","value":"//header[contains(@id, 'detailRruPage-headerTitle')]/div[1]/div[2]/div[2]/span[1]"}
COMMAND: POST /session/db7e74ddcaedfecfca9d83c19254142b/execute/sync - {"script":"<script> [56 bytes]","args":[{"element-6066-11e4-a52e-4f735466cecf":"f.624D7720A2383BCF46C1895FE70984DD.d.0AE5BECADEED6D6ED6289774AE534E15.e.2995","ELEMENT":"f.624D7720A2383BCF46C1895FE70984DD.d.0AE5BECADEED6D6ED6289774AE534E15.e.2995"}]}
RESULT: {"script":"<script> [56 bytes]","args":[{"element-6066-11e4-a52e-4f735466cecf":"f.624D7720A2383BCF46C1895FE70984DD.d.0AE5BECADEED6D6ED6289774AE534E15.e.2995","ELEMENT":"f.624D7720A2383BCF46C1895FE70984DD.d.0AE5BECADEED6D6ED6289774AE534E15.e.2995"}]}
COMMAND: POST /session/db7e74ddcaedfecfca9d83c19254142b/element - {"using":"css selector","value":"#shell-header-logo"}
COMMAND: GET /session/db7e74ddcaedfecfca9d83c19254142b/screenshot - {}
RESULT: {"using":"css selector","value":"#shell-header-logo"}
COMMAND: POST /session/db7e74ddcaedfecfca9d83c19254142b/element/f.624D7720A2383BCF46C1895FE70984DD.d.0AE5BECADEED6D6ED6289774AE534E15.e.2391/click - {}
RESULT: {}
RESULT: {}
COMMAND: GET /session/db7e74ddcaedfecfca9d83c19254142b/screenshot - {}
RESULT: {}
]]></system-out>
    </testcase>
    <testcase classname="chrome.136_0_7103_93.windows.Stock_increase_-_with_WHM_US125587" name="Bin Status Report Should Create New Organization yard" time="89.86">
      <system-out><![CDATA[
COMMAND: POST /session/db7e74ddcaedfecfca9d83c19254142b/execute/async - {"script":"<script> [1562 bytes]","args":[{"selector":{"controlType":"sap.m.GenericTile","properties":{"header":"Bin Status Report"}},"wdio_ui5_key":"sapm.GenericTile{\"header\":\"Bin Status Report\"}"}]}
RESULT: {"script":"<script> [1562 bytes]","args":[{"selector":{"controlType":"sap.m.GenericTile","properties":{"header":"Bin Status Report"}},"wdio_ui5_key":"sapm.GenericTile{\"header\":\"Bin Status Report\"}"}]}
RESULT: undefined
COMMAND: POST /session/db7e74ddcaedfecfca9d83c19254142b/element - {"using":"xpath","value":"//*[@id=\"__tile104\"]"}
RESULT: {"using":"xpath","value":"//*[@id=\"__tile104\"]"}
COMMAND: POST /session/db7e74ddcaedfecfca9d83c19254142b/element/f.624D7720A2383BCF46C1895FE70984DD.d.0AE5BECADEED6D6ED6289774AE534E15.e.2997/click - {}
RESULT: {}
COMMAND: GET /session/db7e74ddcaedfecfca9d83c19254142b/screenshot - {}
RESULT: {}
COMMAND: POST /session/db7e74ddcaedfecfca9d83c19254142b/elements - {"using":"xpath","value":"//span[text()='Error']"}
RESULT: {"using":"xpath","value":"//span[text()='Error']"}
COMMAND: POST /session/db7e74ddcaedfecfca9d83c19254142b/element - {"using":"xpath","value":"//button[@id=\"application-binstatusreport-display-component---warehousing--createOrgBtn\"]"}
RESULT: {"using":"xpath","value":"//button[@id=\"application-binstatusreport-display-component---warehousing--createOrgBtn\"]"}
COMMAND: POST /session/db7e74ddcaedfecfca9d83c19254142b/elements - {"using":"xpath","value":"//button[@id=\"application-binstatusreport-display-component---warehousing--createOrgBtn\"]"}
RESULT: {"using":"xpath","value":"//button[@id=\"application-binstatusreport-display-component---warehousing--createOrgBtn\"]"}
COMMAND: POST /session/db7e74ddcaedfecfca9d83c19254142b/execute/sync - {"script":"<script> [8489 bytes]","args":[{"element-6066-11e4-a52e-4f735466cecf":"f.624D7720A2383BCF46C1895FE70984DD.d.0AE5BECADEED6D6ED6289774AE534E15.e.3039","ELEMENT":"f.624D7720A2383BCF46C1895FE70984DD.d.0AE5BECADEED6D6ED6289774AE534E15.e.3039"}]}
RESULT: {"script":"<script> [8489 bytes]","args":[{"element-6066-11e4-a52e-4f735466cecf":"f.624D7720A2383BCF46C1895FE70984DD.d.0AE5BECADEED6D6ED6289774AE534E15.e.3039","ELEMENT":"f.624D7720A2383BCF46C1895FE70984DD.d.0AE5BECADEED6D6ED6289774AE534E15.e.3039"}]}
COMMAND: GET /session/db7e74ddcaedfecfca9d83c19254142b/element/f.624D7720A2383BCF46C1895FE70984DD.d.0AE5BECADEED6D6ED6289774AE534E15.e.3039/enabled - {}
COMMAND: GET /session/db7e74ddcaedfecfca9d83c19254142b/screenshot - {}
RESULT: {}
COMMAND: POST /session/db7e74ddcaedfecfca9d83c19254142b/execute/sync - {"script":"<script> [8489 bytes]","args":[{"element-6066-11e4-a52e-4f735466cecf":"f.624D7720A2383BCF46C1895FE70984DD.d.0AE5BECADEED6D6ED6289774AE534E15.e.3039","ELEMENT":"f.624D7720A2383BCF46C1895FE70984DD.d.0AE5BECADEED6D6ED6289774AE534E15.e.3039"}]}
COMMAND: GET /session/db7e74ddcaedfecfca9d83c19254142b/screenshot - {}
RESULT: {}
RESULT: {"script":"<script> [8489 bytes]","args":[{"element-6066-11e4-a52e-4f735466cecf":"f.624D7720A2383BCF46C1895FE70984DD.d.0AE5BECADEED6D6ED6289774AE534E15.e.3039","ELEMENT":"f.624D7720A2383BCF46C1895FE70984DD.d.0AE5BECADEED6D6ED6289774AE534E15.e.3039"}]}
COMMAND: POST /session/db7e74ddcaedfecfca9d83c19254142b/execute/sync - {"script":"<script> [5351 bytes]","args":[{"element-6066-11e4-a52e-4f735466cecf":"f.624D7720A2383BCF46C1895FE70984DD.d.0AE5BECADEED6D6ED6289774AE534E15.e.3039","ELEMENT":"f.624D7720A2383BCF46C1895FE70984DD.d.0AE5BECADEED6D6ED6289774AE534E15.e.3039"}]}
COMMAND: GET /session/db7e74ddcaedfecfca9d83c19254142b/screenshot - {}
RESULT: {}
RESULT: {"script":"<script> [5351 bytes]","args":[{"element-6066-11e4-a52e-4f735466cecf":"f.624D7720A2383BCF46C1895FE70984DD.d.0AE5BECADEED6D6ED6289774AE534E15.e.3039","ELEMENT":"f.624D7720A2383BCF46C1895FE70984DD.d.0AE5BECADEED6D6ED6289774AE534E15.e.3039"}]}
COMMAND: GET /session/db7e74ddcaedfecfca9d83c19254142b/screenshot - {}
RESULT: {}
RESULT: {}
COMMAND: POST /session/db7e74ddcaedfecfca9d83c19254142b/element/f.624D7720A2383BCF46C1895FE70984DD.d.0AE5BECADEED6D6ED6289774AE534E15.e.3039/click - {}
RESULT: {}
COMMAND: GET /session/db7e74ddcaedfecfca9d83c19254142b/screenshot - {}
RESULT: {}
COMMAND: POST /session/db7e74ddcaedfecfca9d83c19254142b/execute/async - {"script":"<script> [1562 bytes]","args":[{"selector":{"id":"createOrganizationPop--sectionInput","searchOpenDialogs":true,"interaction":{"idSuffix":"inner"}},"wdio_ui5_key":"createOrganizationPopsectionInput"}]}
RESULT: {"script":"<script> [1562 bytes]","args":[{"selector":{"id":"createOrganizationPop--sectionInput","searchOpenDialogs":true,"interaction":{"idSuffix":"inner"}},"wdio_ui5_key":"createOrganizationPopsectionInput"}]}
RESULT: undefined
COMMAND: POST /session/db7e74ddcaedfecfca9d83c19254142b/execute/async - {"script":"<script> [776 bytes]","args":[{"enterText":"WDIO-337","selector":{"id":"createOrganizationPop--sectionInput","searchOpenDialogs":true,"interaction":{"idSuffix":"inner"}},"clearTextFirst":true,"interactionType":"ENTER_TEXT"}]}
RESULT: {"script":"<script> [776 bytes]","args":[{"enterText":"WDIO-337","selector":{"id":"createOrganizationPop--sectionInput","searchOpenDialogs":true,"interaction":{"idSuffix":"inner"}},"clearTextFirst":true,"interactionType":"ENTER_TEXT"}]}
COMMAND: POST /session/db7e74ddcaedfecfca9d83c19254142b/execute/async - {"script":"<script> [1562 bytes]","args":[{"selector":{"id":"createOrganizationPop--descriptionInput","searchOpenDialogs":true,"interaction":{"idSuffix":"inner"}},"wdio_ui5_key":"createOrganizationPopdescriptionInput"}]}
RESULT: {"script":"<script> [1562 bytes]","args":[{"selector":{"id":"createOrganizationPop--descriptionInput","searchOpenDialogs":true,"interaction":{"idSuffix":"inner"}},"wdio_ui5_key":"createOrganizationPopdescriptionInput"}]}
RESULT: undefined
COMMAND: POST /session/db7e74ddcaedfecfca9d83c19254142b/execute/async - {"script":"<script> [776 bytes]","args":[{"enterText":"Shipping-337","selector":{"id":"createOrganizationPop--descriptionInput","searchOpenDialogs":true,"interaction":{"idSuffix":"inner"}},"clearTextFirst":true,"interactionType":"ENTER_TEXT"}]}
RESULT: {"script":"<script> [776 bytes]","args":[{"enterText":"Shipping-337","selector":{"id":"createOrganizationPop--descriptionInput","searchOpenDialogs":true,"interaction":{"idSuffix":"inner"}},"clearTextFirst":true,"interactionType":"ENTER_TEXT"}]}
COMMAND: POST /session/db7e74ddcaedfecfca9d83c19254142b/element - {"using":"css selector","value":"#createOrganizationPop--yardOrg-inner"}
RESULT: {"using":"css selector","value":"#createOrganizationPop--yardOrg-inner"}
COMMAND: POST /session/db7e74ddcaedfecfca9d83c19254142b/element/f.624D7720A2383BCF46C1895FE70984DD.d.0AE5BECADEED6D6ED6289774AE534E15.e.3084/clear - {}
RESULT: {}
COMMAND: POST /session/db7e74ddcaedfecfca9d83c19254142b/element/f.624D7720A2383BCF46C1895FE70984DD.d.0AE5BECADEED6D6ED6289774AE534E15.e.3084/value - {"text":"337"}
COMMAND: GET /session/db7e74ddcaedfecfca9d83c19254142b/screenshot - {}
RESULT: {"text":"337"}
COMMAND: GET /session/db7e74ddcaedfecfca9d83c19254142b/screenshot - {}
RESULT: {}
RESULT: {}
COMMAND: POST /session/db7e74ddcaedfecfca9d83c19254142b/actions - {"actions":[{"id":"action9","type":"key","parameters":{},"actions":[{"type":"keyDown","value":""},{"type":"pause","duration":10},{"type":"keyUp","value":""}]}]}
RESULT: {"actions":[{"id":"action9","type":"key","parameters":{},"actions":[{"type":"keyDown","value":""},{"type":"pause","duration":10},{"type":"keyUp","value":""}]}]}
COMMAND: POST /session/db7e74ddcaedfecfca9d83c19254142b/execute/async - {"script":"<script> [1562 bytes]","args":[{"selector":{"id":"createOrganizationPop--grZone","searchOpenDialogs":true,"interaction":{"idSuffix":"CbBg"}},"wdio_ui5_key":"createOrganizationPopgrZone"}]}
COMMAND: GET /session/db7e74ddcaedfecfca9d83c19254142b/screenshot - {}
RESULT: {"script":"<script> [1562 bytes]","args":[{"selector":{"id":"createOrganizationPop--grZone","searchOpenDialogs":true,"interaction":{"idSuffix":"CbBg"}},"wdio_ui5_key":"createOrganizationPopgrZone"}]}
RESULT: undefined
COMMAND: POST /session/db7e74ddcaedfecfca9d83c19254142b/element - {"using":"xpath","value":"//*[@id=\"createOrganizationPop--grZone\"]"}
RESULT: {}
RESULT: {"using":"xpath","value":"//*[@id=\"createOrganizationPop--grZone\"]"}
COMMAND: POST /session/db7e74ddcaedfecfca9d83c19254142b/element/f.624D7720A2383BCF46C1895FE70984DD.d.0AE5BECADEED6D6ED6289774AE534E15.e.3106/click - {}
RESULT: {}
COMMAND: GET /session/db7e74ddcaedfecfca9d83c19254142b/screenshot - {}
RESULT: {}
COMMAND: POST /session/db7e74ddcaedfecfca9d83c19254142b/execute/async - {"script":"<script> [1562 bytes]","args":[{"selector":{"id":"createOrganizationPop--giZone","searchOpenDialogs":true,"interaction":{"idSuffix":"CbBg"}},"wdio_ui5_key":"createOrganizationPopgiZone"}]}
RESULT: {"script":"<script> [1562 bytes]","args":[{"selector":{"id":"createOrganizationPop--giZone","searchOpenDialogs":true,"interaction":{"idSuffix":"CbBg"}},"wdio_ui5_key":"createOrganizationPopgiZone"}]}
RESULT: undefined
COMMAND: POST /session/db7e74ddcaedfecfca9d83c19254142b/element - {"using":"xpath","value":"//*[@id=\"createOrganizationPop--giZone\"]"}
RESULT: {"using":"xpath","value":"//*[@id=\"createOrganizationPop--giZone\"]"}
COMMAND: POST /session/db7e74ddcaedfecfca9d83c19254142b/element/f.624D7720A2383BCF46C1895FE70984DD.d.0AE5BECADEED6D6ED6289774AE534E15.e.3108/click - {}
RESULT: {}
COMMAND: GET /session/db7e74ddcaedfecfca9d83c19254142b/screenshot - {}
RESULT: {}
COMMAND: POST /session/db7e74ddcaedfecfca9d83c19254142b/execute/async - {"script":"<script> [1562 bytes]","args":[{"selector":{"id":"createOrganizationPop--binNoInput","searchOpenDialogs":true,"interaction":{"idSuffix":"inner"}},"wdio_ui5_key":"createOrganizationPopbinNoInput"}]}
RESULT: {"script":"<script> [1562 bytes]","args":[{"selector":{"id":"createOrganizationPop--binNoInput","searchOpenDialogs":true,"interaction":{"idSuffix":"inner"}},"wdio_ui5_key":"createOrganizationPopbinNoInput"}]}
RESULT: undefined
COMMAND: POST /session/db7e74ddcaedfecfca9d83c19254142b/execute/async - {"script":"<script> [776 bytes]","args":[{"enterText":"Bin-Wd","selector":{"id":"createOrganizationPop--binNoInput","searchOpenDialogs":true,"interaction":{"idSuffix":"inner"}},"clearTextFirst":true,"interactionType":"ENTER_TEXT"}]}
RESULT: {"script":"<script> [776 bytes]","args":[{"enterText":"Bin-Wd","selector":{"id":"createOrganizationPop--binNoInput","searchOpenDialogs":true,"interaction":{"idSuffix":"inner"}},"clearTextFirst":true,"interactionType":"ENTER_TEXT"}]}
COMMAND: POST /session/db7e74ddcaedfecfca9d83c19254142b/execute/async - {"script":"<script> [1562 bytes]","args":[{"selector":{"id":"createOrganizationPop--descriptionId","searchOpenDialogs":true,"interaction":{"idSuffix":"inner"}},"wdio_ui5_key":"createOrganizationPopdescriptionId"}]}
RESULT: {"script":"<script> [1562 bytes]","args":[{"selector":{"id":"createOrganizationPop--descriptionId","searchOpenDialogs":true,"interaction":{"idSuffix":"inner"}},"wdio_ui5_key":"createOrganizationPopdescriptionId"}]}
RESULT: undefined
COMMAND: POST /session/db7e74ddcaedfecfca9d83c19254142b/execute/async - {"script":"<script> [776 bytes]","args":[{"enterText":"Shipping-Wd","selector":{"id":"createOrganizationPop--descriptionId","searchOpenDialogs":true,"interaction":{"idSuffix":"inner"}},"clearTextFirst":true,"interactionType":"ENTER_TEXT"}]}
RESULT: {"script":"<script> [776 bytes]","args":[{"enterText":"Shipping-Wd","selector":{"id":"createOrganizationPop--descriptionId","searchOpenDialogs":true,"interaction":{"idSuffix":"inner"}},"clearTextFirst":true,"interactionType":"ENTER_TEXT"}]}
COMMAND: POST /session/db7e74ddcaedfecfca9d83c19254142b/execute/async - {"script":"<script> [1562 bytes]","args":[{"selector":{"controlType":"sap.m.CheckBox","viewName":"etm.portal.ui.binstatusreport.view.MasterWareBins","viewId":"application-binstatusreport-display-component---warehousing","bindingPath":{"path":"","propertyPath":"/ZONE","modelName":"newBin"},"searchOpenDialogs":true,"interaction":{"idSuffix":"CbBg"}},"wdio_ui5_key":"etmportal.ui.binstatusreport.view.MasterWareBinssap.m.CheckBox{\"path\":\"\",\"propertyPath\":\"/ZONE\",\"modelName\":\"newBin\"}"}]}
RESULT: {"script":"<script> [1562 bytes]","args":[{"selector":{"controlType":"sap.m.CheckBox","viewName":"etm.portal.ui.binstatusreport.view.MasterWareBins","viewId":"application-binstatusreport-display-component---warehousing","bindingPath":{"path":"","propertyPath":"/ZONE","modelName":"newBin"},"searchOpenDialogs":true,"interaction":{"idSuffix":"CbBg"}},"wdio_ui5_key":"etmportal.ui.binstatusreport.view.MasterWareBinssap.m.CheckBox{\"path\":\"\",\"propertyPath\":\"/ZONE\",\"modelName\":\"newBin\"}"}]}
RESULT: undefined
COMMAND: POST /session/db7e74ddcaedfecfca9d83c19254142b/element - {"using":"xpath","value":"//*[@id=\"__box56\"]"}
RESULT: {"using":"xpath","value":"//*[@id=\"__box56\"]"}
COMMAND: POST /session/db7e74ddcaedfecfca9d83c19254142b/element/f.624D7720A2383BCF46C1895FE70984DD.d.0AE5BECADEED6D6ED6289774AE534E15.e.3131/click - {}
RESULT: {}
COMMAND: GET /session/db7e74ddcaedfecfca9d83c19254142b/screenshot - {}
RESULT: {}
COMMAND: POST /session/db7e74ddcaedfecfca9d83c19254142b/execute/async - {"script":"<script> [1562 bytes]","args":[{"selector":{"id":"createOrganizationPop--binTypesCB","searchOpenDialogs":true,"interaction":{"idSuffix":"inner"}},"wdio_ui5_key":"createOrganizationPopbinTypesCB"}]}
RESULT: {"script":"<script> [1562 bytes]","args":[{"selector":{"id":"createOrganizationPop--binTypesCB","searchOpenDialogs":true,"interaction":{"idSuffix":"inner"}},"wdio_ui5_key":"createOrganizationPopbinTypesCB"}]}
RESULT: undefined
COMMAND: POST /session/db7e74ddcaedfecfca9d83c19254142b/execute/async - {"script":"<script> [776 bytes]","args":[{"enterText":"1 - General / No capacity check","selector":{"id":"createOrganizationPop--binTypesCB","searchOpenDialogs":true,"interaction":{"idSuffix":"inner"}},"clearTextFirst":true,"interactionType":"ENTER_TEXT"}]}
RESULT: {"script":"<script> [776 bytes]","args":[{"enterText":"1 - General / No capacity check","selector":{"id":"createOrganizationPop--binTypesCB","searchOpenDialogs":true,"interaction":{"idSuffix":"inner"}},"clearTextFirst":true,"interactionType":"ENTER_TEXT"}]}
COMMAND: POST /session/db7e74ddcaedfecfca9d83c19254142b/actions - {"actions":[{"id":"action10","type":"key","parameters":{},"actions":[{"type":"keyDown","value":""},{"type":"pause","duration":10},{"type":"keyUp","value":""}]}]}
RESULT: {"actions":[{"id":"action10","type":"key","parameters":{},"actions":[{"type":"keyDown","value":""},{"type":"pause","duration":10},{"type":"keyUp","value":""}]}]}
COMMAND: GET /session/db7e74ddcaedfecfca9d83c19254142b/screenshot - {}
RESULT: {}
COMMAND: POST /session/db7e74ddcaedfecfca9d83c19254142b/execute/async - {"script":"<script> [1562 bytes]","args":[{"selector":{"id":"createOrganizationPop--finishBtn","searchOpenDialogs":true,"interaction":{"idSuffix":"BDI-content"}},"wdio_ui5_key":"createOrganizationPopfinishBtn"}]}
RESULT: {"script":"<script> [1562 bytes]","args":[{"selector":{"id":"createOrganizationPop--finishBtn","searchOpenDialogs":true,"interaction":{"idSuffix":"BDI-content"}},"wdio_ui5_key":"createOrganizationPopfinishBtn"}]}
RESULT: undefined
COMMAND: POST /session/db7e74ddcaedfecfca9d83c19254142b/element - {"using":"xpath","value":"//*[@id=\"createOrganizationPop--finishBtn\"]"}
RESULT: {"using":"xpath","value":"//*[@id=\"createOrganizationPop--finishBtn\"]"}
COMMAND: POST /session/db7e74ddcaedfecfca9d83c19254142b/element/f.624D7720A2383BCF46C1895FE70984DD.d.0AE5BECADEED6D6ED6289774AE534E15.e.3142/click - {}
RESULT: {}
COMMAND: GET /session/db7e74ddcaedfecfca9d83c19254142b/screenshot - {}
RESULT: {}
COMMAND: POST /session/db7e74ddcaedfecfca9d83c19254142b/element - {"using":"css selector","value":"#shell-header-logo"}
RESULT: {"using":"css selector","value":"#shell-header-logo"}
COMMAND: POST /session/db7e74ddcaedfecfca9d83c19254142b/element/f.624D7720A2383BCF46C1895FE70984DD.d.0AE5BECADEED6D6ED6289774AE534E15.e.3003/click - {}
RESULT: {}
COMMAND: GET /session/db7e74ddcaedfecfca9d83c19254142b/screenshot - {}
RESULT: {}
]]></system-out>
    </testcase>
    <testcase classname="chrome.136_0_7103_93.windows.Stock_increase_-_with_WHM_US125587" name="Bin Status Report Should Create New Organization for Site" time="79.489">
      <system-out><![CDATA[
RESULT: undefined
COMMAND: POST /session/db7e74ddcaedfecfca9d83c19254142b/element - {"using":"xpath","value":"//*[@id=\"__tile104\"]"}
RESULT: {"using":"xpath","value":"//*[@id=\"__tile104\"]"}
COMMAND: POST /session/db7e74ddcaedfecfca9d83c19254142b/element/f.624D7720A2383BCF46C1895FE70984DD.d.0AE5BECADEED6D6ED6289774AE534E15.e.2997/click - {}
RESULT: {}
COMMAND: GET /session/db7e74ddcaedfecfca9d83c19254142b/screenshot - {}
COMMAND: POST /session/db7e74ddcaedfecfca9d83c19254142b/elements - {"using":"xpath","value":"//span[text()='Error']"}
RESULT: {}
RESULT: {"using":"xpath","value":"//span[text()='Error']"}
COMMAND: POST /session/db7e74ddcaedfecfca9d83c19254142b/element - {"using":"xpath","value":"//button[@id=\"application-binstatusreport-display-component---warehousing--createOrgBtn\"]"}
RESULT: {"using":"xpath","value":"//button[@id=\"application-binstatusreport-display-component---warehousing--createOrgBtn\"]"}
COMMAND: POST /session/db7e74ddcaedfecfca9d83c19254142b/elements - {"using":"xpath","value":"//button[@id=\"application-binstatusreport-display-component---warehousing--createOrgBtn\"]"}
RESULT: {"using":"xpath","value":"//button[@id=\"application-binstatusreport-display-component---warehousing--createOrgBtn\"]"}
COMMAND: POST /session/db7e74ddcaedfecfca9d83c19254142b/execute/sync - {"script":"<script> [8489 bytes]","args":[{"element-6066-11e4-a52e-4f735466cecf":"f.624D7720A2383BCF46C1895FE70984DD.d.0AE5BECADEED6D6ED6289774AE534E15.e.3185","ELEMENT":"f.624D7720A2383BCF46C1895FE70984DD.d.0AE5BECADEED6D6ED6289774AE534E15.e.3185"}]}
RESULT: {"script":"<script> [8489 bytes]","args":[{"element-6066-11e4-a52e-4f735466cecf":"f.624D7720A2383BCF46C1895FE70984DD.d.0AE5BECADEED6D6ED6289774AE534E15.e.3185","ELEMENT":"f.624D7720A2383BCF46C1895FE70984DD.d.0AE5BECADEED6D6ED6289774AE534E15.e.3185"}]}
COMMAND: GET /session/db7e74ddcaedfecfca9d83c19254142b/element/f.624D7720A2383BCF46C1895FE70984DD.d.0AE5BECADEED6D6ED6289774AE534E15.e.3185/enabled - {}
COMMAND: GET /session/db7e74ddcaedfecfca9d83c19254142b/screenshot - {}
RESULT: {}
COMMAND: POST /session/db7e74ddcaedfecfca9d83c19254142b/execute/sync - {"script":"<script> [8489 bytes]","args":[{"element-6066-11e4-a52e-4f735466cecf":"f.624D7720A2383BCF46C1895FE70984DD.d.0AE5BECADEED6D6ED6289774AE534E15.e.3185","ELEMENT":"f.624D7720A2383BCF46C1895FE70984DD.d.0AE5BECADEED6D6ED6289774AE534E15.e.3185"}]}
COMMAND: GET /session/db7e74ddcaedfecfca9d83c19254142b/screenshot - {}
RESULT: {}
RESULT: {"script":"<script> [8489 bytes]","args":[{"element-6066-11e4-a52e-4f735466cecf":"f.624D7720A2383BCF46C1895FE70984DD.d.0AE5BECADEED6D6ED6289774AE534E15.e.3185","ELEMENT":"f.624D7720A2383BCF46C1895FE70984DD.d.0AE5BECADEED6D6ED6289774AE534E15.e.3185"}]}
COMMAND: POST /session/db7e74ddcaedfecfca9d83c19254142b/execute/sync - {"script":"<script> [5351 bytes]","args":[{"element-6066-11e4-a52e-4f735466cecf":"f.624D7720A2383BCF46C1895FE70984DD.d.0AE5BECADEED6D6ED6289774AE534E15.e.3185","ELEMENT":"f.624D7720A2383BCF46C1895FE70984DD.d.0AE5BECADEED6D6ED6289774AE534E15.e.3185"}]}
COMMAND: GET /session/db7e74ddcaedfecfca9d83c19254142b/screenshot - {}
RESULT: {}
RESULT: {"script":"<script> [5351 bytes]","args":[{"element-6066-11e4-a52e-4f735466cecf":"f.624D7720A2383BCF46C1895FE70984DD.d.0AE5BECADEED6D6ED6289774AE534E15.e.3185","ELEMENT":"f.624D7720A2383BCF46C1895FE70984DD.d.0AE5BECADEED6D6ED6289774AE534E15.e.3185"}]}
COMMAND: GET /session/db7e74ddcaedfecfca9d83c19254142b/screenshot - {}
RESULT: {}
RESULT: {}
COMMAND: POST /session/db7e74ddcaedfecfca9d83c19254142b/element/f.624D7720A2383BCF46C1895FE70984DD.d.0AE5BECADEED6D6ED6289774AE534E15.e.3185/click - {}
RESULT: {}
COMMAND: GET /session/db7e74ddcaedfecfca9d83c19254142b/screenshot - {}
RESULT: {}
RESULT: undefined
COMMAND: POST /session/db7e74ddcaedfecfca9d83c19254142b/execute/async - {"script":"<script> [776 bytes]","args":[{"enterText":"2158","selector":{"id":"createOrganizationPop--sectionInput","searchOpenDialogs":true,"interaction":{"idSuffix":"inner"}},"clearTextFirst":true,"interactionType":"ENTER_TEXT"}]}
RESULT: {"script":"<script> [776 bytes]","args":[{"enterText":"2158","selector":{"id":"createOrganizationPop--sectionInput","searchOpenDialogs":true,"interaction":{"idSuffix":"inner"}},"clearTextFirst":true,"interactionType":"ENTER_TEXT"}]}
RESULT: undefined
COMMAND: POST /session/db7e74ddcaedfecfca9d83c19254142b/execute/async - {"script":"<script> [776 bytes]","args":[{"enterText":"WDIO-2158","selector":{"id":"createOrganizationPop--descriptionInput","searchOpenDialogs":true,"interaction":{"idSuffix":"inner"}},"clearTextFirst":true,"interactionType":"ENTER_TEXT"}]}
RESULT: {"script":"<script> [776 bytes]","args":[{"enterText":"WDIO-2158","selector":{"id":"createOrganizationPop--descriptionInput","searchOpenDialogs":true,"interaction":{"idSuffix":"inner"}},"clearTextFirst":true,"interactionType":"ENTER_TEXT"}]}
COMMAND: POST /session/db7e74ddcaedfecfca9d83c19254142b/element - {"using":"css selector","value":"#createOrganizationPop--siteOrg-inner"}
RESULT: {"using":"css selector","value":"#createOrganizationPop--siteOrg-inner"}
COMMAND: POST /session/db7e74ddcaedfecfca9d83c19254142b/element/f.624D7720A2383BCF46C1895FE70984DD.d.0AE5BECADEED6D6ED6289774AE534E15.e.3233/clear - {}
RESULT: {}
COMMAND: POST /session/db7e74ddcaedfecfca9d83c19254142b/element/f.624D7720A2383BCF46C1895FE70984DD.d.0AE5BECADEED6D6ED6289774AE534E15.e.3233/value - {"text":"2158"}
COMMAND: GET /session/db7e74ddcaedfecfca9d83c19254142b/screenshot - {}
RESULT: {"text":"2158"}
COMMAND: GET /session/db7e74ddcaedfecfca9d83c19254142b/screenshot - {}
RESULT: {}
RESULT: {}
COMMAND: POST /session/db7e74ddcaedfecfca9d83c19254142b/actions - {"actions":[{"id":"action11","type":"key","parameters":{},"actions":[{"type":"keyDown","value":""},{"type":"pause","duration":10},{"type":"keyUp","value":""}]}]}
RESULT: {"actions":[{"id":"action11","type":"key","parameters":{},"actions":[{"type":"keyDown","value":""},{"type":"pause","duration":10},{"type":"keyUp","value":""}]}]}
RESULT: undefined
COMMAND: POST /session/db7e74ddcaedfecfca9d83c19254142b/element - {"using":"xpath","value":"//*[@id=\"createOrganizationPop--giZone\"]"}
COMMAND: GET /session/db7e74ddcaedfecfca9d83c19254142b/screenshot - {}
RESULT: {"using":"xpath","value":"//*[@id=\"createOrganizationPop--giZone\"]"}
COMMAND: POST /session/db7e74ddcaedfecfca9d83c19254142b/element/f.624D7720A2383BCF46C1895FE70984DD.d.0AE5BECADEED6D6ED6289774AE534E15.e.3271/click - {}
RESULT: {}
RESULT: {}
COMMAND: GET /session/db7e74ddcaedfecfca9d83c19254142b/screenshot - {}
RESULT: {}
RESULT: undefined
COMMAND: POST /session/db7e74ddcaedfecfca9d83c19254142b/execute/async - {"script":"<script> [776 bytes]","args":[{"enterText":"WD-BIN","selector":{"id":"createOrganizationPop--binNoInput","searchOpenDialogs":true,"interaction":{"idSuffix":"inner"}},"clearTextFirst":true,"interactionType":"ENTER_TEXT"}]}
RESULT: {"script":"<script> [776 bytes]","args":[{"enterText":"WD-BIN","selector":{"id":"createOrganizationPop--binNoInput","searchOpenDialogs":true,"interaction":{"idSuffix":"inner"}},"clearTextFirst":true,"interactionType":"ENTER_TEXT"}]}
RESULT: undefined
COMMAND: POST /session/db7e74ddcaedfecfca9d83c19254142b/execute/async - {"script":"<script> [776 bytes]","args":[{"enterText":"WD-BIN","selector":{"id":"createOrganizationPop--descriptionId","searchOpenDialogs":true,"interaction":{"idSuffix":"inner"}},"clearTextFirst":true,"interactionType":"ENTER_TEXT"}]}
RESULT: {"script":"<script> [776 bytes]","args":[{"enterText":"WD-BIN","selector":{"id":"createOrganizationPop--descriptionId","searchOpenDialogs":true,"interaction":{"idSuffix":"inner"}},"clearTextFirst":true,"interactionType":"ENTER_TEXT"}]}
COMMAND: POST /session/db7e74ddcaedfecfca9d83c19254142b/execute/async - {"script":"<script> [1562 bytes]","args":[{"selector":{"controlType":"sap.m.CheckBox","viewName":"etm.portal.ui.binstatusreport.view.MasterWareBins","viewId":"application-binstatusreport-display-component---warehousing","bindingPath":{"propertyPath":"/ZONE","modelName":"newBin"},"searchOpenDialogs":true,"interaction":{"idSuffix":"CbBg"}},"wdio_ui5_key":"etmportal.ui.binstatusreport.view.MasterWareBinssap.m.CheckBox{\"propertyPath\":\"/ZONE\",\"modelName\":\"newBin\"}"}]}
RESULT: {"script":"<script> [1562 bytes]","args":[{"selector":{"controlType":"sap.m.CheckBox","viewName":"etm.portal.ui.binstatusreport.view.MasterWareBins","viewId":"application-binstatusreport-display-component---warehousing","bindingPath":{"propertyPath":"/ZONE","modelName":"newBin"},"searchOpenDialogs":true,"interaction":{"idSuffix":"CbBg"}},"wdio_ui5_key":"etmportal.ui.binstatusreport.view.MasterWareBinssap.m.CheckBox{\"propertyPath\":\"/ZONE\",\"modelName\":\"newBin\"}"}]}
RESULT: undefined
COMMAND: POST /session/db7e74ddcaedfecfca9d83c19254142b/element - {"using":"xpath","value":"//*[@id=\"__box68\"]"}
RESULT: {"using":"xpath","value":"//*[@id=\"__box68\"]"}
COMMAND: POST /session/db7e74ddcaedfecfca9d83c19254142b/element/f.624D7720A2383BCF46C1895FE70984DD.d.0AE5BECADEED6D6ED6289774AE534E15.e.3293/click - {}
RESULT: {}
COMMAND: GET /session/db7e74ddcaedfecfca9d83c19254142b/screenshot - {}
RESULT: {}
RESULT: undefined
COMMAND: POST /session/db7e74ddcaedfecfca9d83c19254142b/execute/async - {"script":"<script> [776 bytes]","args":[{"enterText":"1 - General / No capacity check","selector":{"id":"createOrganizationPop--binTypesCB","searchOpenDialogs":true,"interaction":{"idSuffix":"inner"}},"clearTextFirst":true,"interactionType":"ENTER_TEXT"}]}
RESULT: {"script":"<script> [776 bytes]","args":[{"enterText":"1 - General / No capacity check","selector":{"id":"createOrganizationPop--binTypesCB","searchOpenDialogs":true,"interaction":{"idSuffix":"inner"}},"clearTextFirst":true,"interactionType":"ENTER_TEXT"}]}
COMMAND: POST /session/db7e74ddcaedfecfca9d83c19254142b/execute/async - {"script":"<script> [1562 bytes]","args":[{"selector":{"id":"createOrganizationPop--capacityId","searchOpenDialogs":true,"interaction":{"idSuffix":"inner"}},"wdio_ui5_key":"createOrganizationPopcapacityId"}]}
RESULT: {"script":"<script> [1562 bytes]","args":[{"selector":{"id":"createOrganizationPop--capacityId","searchOpenDialogs":true,"interaction":{"idSuffix":"inner"}},"wdio_ui5_key":"createOrganizationPopcapacityId"}]}
RESULT: undefined
COMMAND: POST /session/db7e74ddcaedfecfca9d83c19254142b/actions - {"actions":[{"id":"action12","type":"key","parameters":{},"actions":[{"type":"keyDown","value":""},{"type":"pause","duration":10},{"type":"keyUp","value":""}]}]}
RESULT: {"actions":[{"id":"action12","type":"key","parameters":{},"actions":[{"type":"keyDown","value":""},{"type":"pause","duration":10},{"type":"keyUp","value":""}]}]}
COMMAND: GET /session/db7e74ddcaedfecfca9d83c19254142b/screenshot - {}
RESULT: {}
RESULT: undefined
COMMAND: POST /session/db7e74ddcaedfecfca9d83c19254142b/element - {"using":"xpath","value":"//*[@id=\"createOrganizationPop--finishBtn\"]"}
RESULT: {"using":"xpath","value":"//*[@id=\"createOrganizationPop--finishBtn\"]"}
COMMAND: POST /session/db7e74ddcaedfecfca9d83c19254142b/element/f.624D7720A2383BCF46C1895FE70984DD.d.0AE5BECADEED6D6ED6289774AE534E15.e.3307/click - {}
RESULT: {}
COMMAND: GET /session/db7e74ddcaedfecfca9d83c19254142b/screenshot - {}
COMMAND: POST /session/db7e74ddcaedfecfca9d83c19254142b/element - {"using":"css selector","value":"#shell-header-logo"}
RESULT: {}
RESULT: {"using":"css selector","value":"#shell-header-logo"}
COMMAND: POST /session/db7e74ddcaedfecfca9d83c19254142b/element/f.624D7720A2383BCF46C1895FE70984DD.d.0AE5BECADEED6D6ED6289774AE534E15.e.3150/click - {}
RESULT: {}
COMMAND: GET /session/db7e74ddcaedfecfca9d83c19254142b/screenshot - {}
RESULT: {}
]]></system-out>
    </testcase>
    <testcase classname="chrome.136_0_7103_93.windows.Stock_increase_-_with_WHM_US125587" name="Create a Warehouse Movement for created yard" time="49.967">
      <system-out><![CDATA[
COMMAND: POST /session/db7e74ddcaedfecfca9d83c19254142b/execute/async - {"script":"<script> [1562 bytes]","args":[{"selector":{"controlType":"sap.m.GenericTile","properties":{"header":"Manage Warehouse Movements"}},"wdio_ui5_key":"sapm.GenericTile{\"header\":\"Manage Warehouse Movements\"}"}]}
RESULT: {"script":"<script> [1562 bytes]","args":[{"selector":{"controlType":"sap.m.GenericTile","properties":{"header":"Manage Warehouse Movements"}},"wdio_ui5_key":"sapm.GenericTile{\"header\":\"Manage Warehouse Movements\"}"}]}
RESULT: undefined
COMMAND: POST /session/db7e74ddcaedfecfca9d83c19254142b/element - {"using":"xpath","value":"//*[@id=\"__tile105\"]"}
RESULT: {"using":"xpath","value":"//*[@id=\"__tile105\"]"}
COMMAND: POST /session/db7e74ddcaedfecfca9d83c19254142b/element/f.624D7720A2383BCF46C1895FE70984DD.d.0AE5BECADEED6D6ED6289774AE534E15.e.3330/click - {}
RESULT: {}
COMMAND: GET /session/db7e74ddcaedfecfca9d83c19254142b/screenshot - {}
RESULT: {}
COMMAND: POST /session/db7e74ddcaedfecfca9d83c19254142b/elements - {"using":"xpath","value":"//span[text()='Error']"}
RESULT: {"using":"xpath","value":"//span[text()='Error']"}
COMMAND: POST /session/db7e74ddcaedfecfca9d83c19254142b/element - {"using":"xpath","value":"//input[@id='application-warehousemovements-display-component---warehouseMovements--smartFilterBar-filterItemControl_BASIC-YARD-inner']"}
RESULT: {"using":"xpath","value":"//input[@id='application-warehousemovements-display-component---warehouseMovements--smartFilterBar-filterItemControl_BASIC-YARD-inner']"}
COMMAND: POST /session/db7e74ddcaedfecfca9d83c19254142b/elements - {"using":"xpath","value":"//input[@id='application-warehousemovements-display-component---warehouseMovements--smartFilterBar-filterItemControl_BASIC-YARD-inner']"}
RESULT: {"using":"xpath","value":"//input[@id='application-warehousemovements-display-component---warehouseMovements--smartFilterBar-filterItemControl_BASIC-YARD-inner']"}
COMMAND: POST /session/db7e74ddcaedfecfca9d83c19254142b/execute/sync - {"script":"<script> [8489 bytes]","args":[{"element-6066-11e4-a52e-4f735466cecf":"f.624D7720A2383BCF46C1895FE70984DD.d.0AE5BECADEED6D6ED6289774AE534E15.e.3337","ELEMENT":"f.624D7720A2383BCF46C1895FE70984DD.d.0AE5BECADEED6D6ED6289774AE534E15.e.3337"}]}
RESULT: {"script":"<script> [8489 bytes]","args":[{"element-6066-11e4-a52e-4f735466cecf":"f.624D7720A2383BCF46C1895FE70984DD.d.0AE5BECADEED6D6ED6289774AE534E15.e.3337","ELEMENT":"f.624D7720A2383BCF46C1895FE70984DD.d.0AE5BECADEED6D6ED6289774AE534E15.e.3337"}]}
COMMAND: GET /session/db7e74ddcaedfecfca9d83c19254142b/element/f.624D7720A2383BCF46C1895FE70984DD.d.0AE5BECADEED6D6ED6289774AE534E15.e.3337/enabled - {}
COMMAND: GET /session/db7e74ddcaedfecfca9d83c19254142b/screenshot - {}
RESULT: {}
COMMAND: POST /session/db7e74ddcaedfecfca9d83c19254142b/execute/sync - {"script":"<script> [8489 bytes]","args":[{"element-6066-11e4-a52e-4f735466cecf":"f.624D7720A2383BCF46C1895FE70984DD.d.0AE5BECADEED6D6ED6289774AE534E15.e.3337","ELEMENT":"f.624D7720A2383BCF46C1895FE70984DD.d.0AE5BECADEED6D6ED6289774AE534E15.e.3337"}]}
COMMAND: GET /session/db7e74ddcaedfecfca9d83c19254142b/screenshot - {}
RESULT: {}
RESULT: {"script":"<script> [8489 bytes]","args":[{"element-6066-11e4-a52e-4f735466cecf":"f.624D7720A2383BCF46C1895FE70984DD.d.0AE5BECADEED6D6ED6289774AE534E15.e.3337","ELEMENT":"f.624D7720A2383BCF46C1895FE70984DD.d.0AE5BECADEED6D6ED6289774AE534E15.e.3337"}]}
COMMAND: POST /session/db7e74ddcaedfecfca9d83c19254142b/execute/sync - {"script":"<script> [5351 bytes]","args":[{"element-6066-11e4-a52e-4f735466cecf":"f.624D7720A2383BCF46C1895FE70984DD.d.0AE5BECADEED6D6ED6289774AE534E15.e.3337","ELEMENT":"f.624D7720A2383BCF46C1895FE70984DD.d.0AE5BECADEED6D6ED6289774AE534E15.e.3337"}]}
COMMAND: GET /session/db7e74ddcaedfecfca9d83c19254142b/screenshot - {}
RESULT: {}
RESULT: {"script":"<script> [5351 bytes]","args":[{"element-6066-11e4-a52e-4f735466cecf":"f.624D7720A2383BCF46C1895FE70984DD.d.0AE5BECADEED6D6ED6289774AE534E15.e.3337","ELEMENT":"f.624D7720A2383BCF46C1895FE70984DD.d.0AE5BECADEED6D6ED6289774AE534E15.e.3337"}]}
COMMAND: GET /session/db7e74ddcaedfecfca9d83c19254142b/screenshot - {}
RESULT: {}
RESULT: {}
COMMAND: POST /session/db7e74ddcaedfecfca9d83c19254142b/element/f.624D7720A2383BCF46C1895FE70984DD.d.0AE5BECADEED6D6ED6289774AE534E15.e.3337/clear - {}
RESULT: {}
COMMAND: POST /session/db7e74ddcaedfecfca9d83c19254142b/element/f.624D7720A2383BCF46C1895FE70984DD.d.0AE5BECADEED6D6ED6289774AE534E15.e.3337/value - {"text":"337"}
COMMAND: GET /session/db7e74ddcaedfecfca9d83c19254142b/screenshot - {}
RESULT: {"text":"337"}
COMMAND: POST /session/db7e74ddcaedfecfca9d83c19254142b/actions - {"actions":[{"id":"action13","type":"key","parameters":{},"actions":[{"type":"keyDown","value":""},{"type":"pause","duration":10},{"type":"keyUp","value":""}]}]}
COMMAND: GET /session/db7e74ddcaedfecfca9d83c19254142b/screenshot - {}
RESULT: {}
RESULT: {"actions":[{"id":"action13","type":"key","parameters":{},"actions":[{"type":"keyDown","value":""},{"type":"pause","duration":10},{"type":"keyUp","value":""}]}]}
COMMAND: GET /session/db7e74ddcaedfecfca9d83c19254142b/screenshot - {}
RESULT: {}
RESULT: {}
COMMAND: POST /session/db7e74ddcaedfecfca9d83c19254142b/element - {"using":"xpath","value":"//button[contains(@data-kt, \"MasterMovementAddOverflowToolbarButton\")]"}
RESULT: {"using":"xpath","value":"//button[contains(@data-kt, \"MasterMovementAddOverflowToolbarButton\")]"}
COMMAND: POST /session/db7e74ddcaedfecfca9d83c19254142b/element/f.624D7720A2383BCF46C1895FE70984DD.d.0AE5BECADEED6D6ED6289774AE534E15.e.3376/click - {}
RESULT: {}
COMMAND: GET /session/db7e74ddcaedfecfca9d83c19254142b/screenshot - {}
RESULT: {}
COMMAND: POST /session/db7e74ddcaedfecfca9d83c19254142b/element - {"using":"xpath","value":"//*[@id=\"application-warehousemovements-display-component---addMovement--sectionsList-arrow\"]"}
RESULT: {"using":"xpath","value":"//*[@id=\"application-warehousemovements-display-component---addMovement--sectionsList-arrow\"]"}
COMMAND: POST /session/db7e74ddcaedfecfca9d83c19254142b/element/f.624D7720A2383BCF46C1895FE70984DD.d.0AE5BECADEED6D6ED6289774AE534E15.e.3642/click - {}
RESULT: {}
COMMAND: POST /session/db7e74ddcaedfecfca9d83c19254142b/actions - {"actions":[{"id":"action14","type":"key","parameters":{},"actions":[{"type":"keyDown","value":""},{"type":"pause","duration":10},{"type":"keyUp","value":""}]}]}
COMMAND: GET /session/db7e74ddcaedfecfca9d83c19254142b/screenshot - {}
RESULT: {"actions":[{"id":"action14","type":"key","parameters":{},"actions":[{"type":"keyDown","value":""},{"type":"pause","duration":10},{"type":"keyUp","value":""}]}]}
COMMAND: GET /session/db7e74ddcaedfecfca9d83c19254142b/screenshot - {}
RESULT: {}
RESULT: {}
COMMAND: POST /session/db7e74ddcaedfecfca9d83c19254142b/actions - {"actions":[{"id":"action15","type":"key","parameters":{},"actions":[{"type":"keyDown","value":""},{"type":"pause","duration":10},{"type":"keyUp","value":""}]}]}
RESULT: {"actions":[{"id":"action15","type":"key","parameters":{},"actions":[{"type":"keyDown","value":""},{"type":"pause","duration":10},{"type":"keyUp","value":""}]}]}
COMMAND: GET /session/db7e74ddcaedfecfca9d83c19254142b/screenshot - {}
RESULT: {}
COMMAND: POST /session/db7e74ddcaedfecfca9d83c19254142b/element - {"using":"xpath","value":"//*[@id=\"application-warehousemovements-display-component---addMovement--saveMovementBtn-BDI-content\" and text()=\"Save\"]"}
RESULT: {"using":"xpath","value":"//*[@id=\"application-warehousemovements-display-component---addMovement--saveMovementBtn-BDI-content\" and text()=\"Save\"]"}
COMMAND: POST /session/db7e74ddcaedfecfca9d83c19254142b/element/f.624D7720A2383BCF46C1895FE70984DD.d.0AE5BECADEED6D6ED6289774AE534E15.e.3643/click - {}
RESULT: {}
COMMAND: GET /session/db7e74ddcaedfecfca9d83c19254142b/screenshot - {}
RESULT: {}
COMMAND: POST /session/db7e74ddcaedfecfca9d83c19254142b/element - {"using":"css selector","value":"#shell-header-logo"}
RESULT: {"using":"css selector","value":"#shell-header-logo"}
COMMAND: POST /session/db7e74ddcaedfecfca9d83c19254142b/element/f.624D7720A2383BCF46C1895FE70984DD.d.0AE5BECADEED6D6ED6289774AE534E15.e.3334/click - {}
RESULT: {}
COMMAND: GET /session/db7e74ddcaedfecfca9d83c19254142b/screenshot - {}
RESULT: {}
]]></system-out>
    </testcase>
    <testcase classname="chrome.136_0_7103_93.windows.Stock_increase_-_with_WHM_US125587" name="Should do a stock increase handover" time="105.09">
      <system-out><![CDATA[
COMMAND: POST /session/db7e74ddcaedfecfca9d83c19254142b/execute/async - {"script":"<script> [1562 bytes]","args":[{"selector":{"controlType":"sap.m.GenericTile","properties":{"header":"Manage Handovers"}},"wdio_ui5_key":"sapm.GenericTile{\"header\":\"Manage Handovers\"}"}]}
RESULT: {"script":"<script> [1562 bytes]","args":[{"selector":{"controlType":"sap.m.GenericTile","properties":{"header":"Manage Handovers"}},"wdio_ui5_key":"sapm.GenericTile{\"header\":\"Manage Handovers\"}"}]}
RESULT: undefined
COMMAND: POST /session/db7e74ddcaedfecfca9d83c19254142b/element - {"using":"xpath","value":"//*[@id=\"__tile131\"]"}
RESULT: {"using":"xpath","value":"//*[@id=\"__tile131\"]"}
COMMAND: POST /session/db7e74ddcaedfecfca9d83c19254142b/element/f.624D7720A2383BCF46C1895FE70984DD.d.0AE5BECADEED6D6ED6289774AE534E15.e.213/click - {}
RESULT: {}
COMMAND: GET /session/db7e74ddcaedfecfca9d83c19254142b/screenshot - {}
RESULT: {}
COMMAND: POST /session/db7e74ddcaedfecfca9d83c19254142b/elements - {"using":"xpath","value":"//span[text()='Error']"}
RESULT: {"using":"xpath","value":"//span[text()='Error']"}
COMMAND: POST /session/db7e74ddcaedfecfca9d83c19254142b/element - {"using":"xpath","value":"//button[@data-kt=\"masterHOAddButton\"]"}
RESULT: {"using":"xpath","value":"//button[@data-kt=\"masterHOAddButton\"]"}
COMMAND: POST /session/db7e74ddcaedfecfca9d83c19254142b/elements - {"using":"xpath","value":"//button[@data-kt=\"masterHOAddButton\"]"}
RESULT: {"using":"xpath","value":"//button[@data-kt=\"masterHOAddButton\"]"}
COMMAND: POST /session/db7e74ddcaedfecfca9d83c19254142b/elements - {"using":"xpath","value":"//button[@data-kt=\"masterHOAddButton\"]"}
RESULT: {"using":"xpath","value":"//button[@data-kt=\"masterHOAddButton\"]"}
COMMAND: POST /session/db7e74ddcaedfecfca9d83c19254142b/element - {"using":"xpath","value":"//button[@data-kt=\"masterHOAddButton\"]"}
RESULT: {"using":"xpath","value":"//button[@data-kt=\"masterHOAddButton\"]"}
COMMAND: POST /session/db7e74ddcaedfecfca9d83c19254142b/execute/sync - {"script":"<script> [8489 bytes]","args":[{"element-6066-11e4-a52e-4f735466cecf":"f.624D7720A2383BCF46C1895FE70984DD.d.0AE5BECADEED6D6ED6289774AE534E15.e.3747","ELEMENT":"f.624D7720A2383BCF46C1895FE70984DD.d.0AE5BECADEED6D6ED6289774AE534E15.e.3747"}]}
RESULT: {"script":"<script> [8489 bytes]","args":[{"element-6066-11e4-a52e-4f735466cecf":"f.624D7720A2383BCF46C1895FE70984DD.d.0AE5BECADEED6D6ED6289774AE534E15.e.3747","ELEMENT":"f.624D7720A2383BCF46C1895FE70984DD.d.0AE5BECADEED6D6ED6289774AE534E15.e.3747"}]}
COMMAND: GET /session/db7e74ddcaedfecfca9d83c19254142b/element/f.624D7720A2383BCF46C1895FE70984DD.d.0AE5BECADEED6D6ED6289774AE534E15.e.3747/enabled - {}
COMMAND: GET /session/db7e74ddcaedfecfca9d83c19254142b/screenshot - {}
RESULT: {}
COMMAND: POST /session/db7e74ddcaedfecfca9d83c19254142b/execute/sync - {"script":"<script> [8489 bytes]","args":[{"element-6066-11e4-a52e-4f735466cecf":"f.624D7720A2383BCF46C1895FE70984DD.d.0AE5BECADEED6D6ED6289774AE534E15.e.3747","ELEMENT":"f.624D7720A2383BCF46C1895FE70984DD.d.0AE5BECADEED6D6ED6289774AE534E15.e.3747"}]}
COMMAND: GET /session/db7e74ddcaedfecfca9d83c19254142b/screenshot - {}
RESULT: {}
RESULT: {"script":"<script> [8489 bytes]","args":[{"element-6066-11e4-a52e-4f735466cecf":"f.624D7720A2383BCF46C1895FE70984DD.d.0AE5BECADEED6D6ED6289774AE534E15.e.3747","ELEMENT":"f.624D7720A2383BCF46C1895FE70984DD.d.0AE5BECADEED6D6ED6289774AE534E15.e.3747"}]}
COMMAND: POST /session/db7e74ddcaedfecfca9d83c19254142b/execute/sync - {"script":"<script> [5351 bytes]","args":[{"element-6066-11e4-a52e-4f735466cecf":"f.624D7720A2383BCF46C1895FE70984DD.d.0AE5BECADEED6D6ED6289774AE534E15.e.3747","ELEMENT":"f.624D7720A2383BCF46C1895FE70984DD.d.0AE5BECADEED6D6ED6289774AE534E15.e.3747"}]}
COMMAND: GET /session/db7e74ddcaedfecfca9d83c19254142b/screenshot - {}
RESULT: {}
RESULT: {"script":"<script> [5351 bytes]","args":[{"element-6066-11e4-a52e-4f735466cecf":"f.624D7720A2383BCF46C1895FE70984DD.d.0AE5BECADEED6D6ED6289774AE534E15.e.3747","ELEMENT":"f.624D7720A2383BCF46C1895FE70984DD.d.0AE5BECADEED6D6ED6289774AE534E15.e.3747"}]}
COMMAND: POST /session/db7e74ddcaedfecfca9d83c19254142b/element/f.624D7720A2383BCF46C1895FE70984DD.d.0AE5BECADEED6D6ED6289774AE534E15.e.3747/click - {}
COMMAND: GET /session/db7e74ddcaedfecfca9d83c19254142b/screenshot - {}
RESULT: {}
RESULT: {}
COMMAND: GET /session/db7e74ddcaedfecfca9d83c19254142b/screenshot - {}
COMMAND: POST /session/db7e74ddcaedfecfca9d83c19254142b/element - {"using":"xpath","value":"//span[contains(@id ,\"AddNewHO--typeSelect-arrow\")]"}
RESULT: {}
RESULT: {}
RESULT: {"using":"xpath","value":"//span[contains(@id ,\"AddNewHO--typeSelect-arrow\")]"}
COMMAND: POST /session/db7e74ddcaedfecfca9d83c19254142b/element/f.624D7720A2383BCF46C1895FE70984DD.d.0AE5BECADEED6D6ED6289774AE534E15.e.4087/click - {}
RESULT: {}
COMMAND: GET /session/db7e74ddcaedfecfca9d83c19254142b/screenshot - {}
RESULT: {}
COMMAND: POST /session/db7e74ddcaedfecfca9d83c19254142b/element - {"using":"xpath","value":"(//li[contains(text(), \"stock increase yard\")])[1]"}
RESULT: {"using":"xpath","value":"(//li[contains(text(), \"stock increase yard\")])[1]"}
COMMAND: POST /session/db7e74ddcaedfecfca9d83c19254142b/element/f.624D7720A2383BCF46C1895FE70984DD.d.0AE5BECADEED6D6ED6289774AE534E15.e.4088/click - {}
RESULT: {}
COMMAND: GET /session/db7e74ddcaedfecfca9d83c19254142b/screenshot - {}
RESULT: {}
COMMAND: POST /session/db7e74ddcaedfecfca9d83c19254142b/execute/async - {"script":"<script> [1562 bytes]","args":[{"selector":{"id":"application-managehandovers-display-component---AddNewHO--dueDate","interaction":{"idSuffix":"inner"}},"wdio_ui5_key":"applicationmanagehandovers-display-component---AddNewHO--dueDate"}]}
RESULT: {"script":"<script> [1562 bytes]","args":[{"selector":{"id":"application-managehandovers-display-component---AddNewHO--dueDate","interaction":{"idSuffix":"inner"}},"wdio_ui5_key":"applicationmanagehandovers-display-component---AddNewHO--dueDate"}]}
RESULT: undefined
COMMAND: POST /session/db7e74ddcaedfecfca9d83c19254142b/execute/async - {"script":"<script> [6424 bytes]","args":[{"element-6066-11e4-a52e-4f735466cecf":"f.624D7720A2383BCF46C1895FE70984DD.d.0AE5BECADEED6D6ED6289774AE534E15.e.4092"},"setValue",["5/26/25"]]}
RESULT: {"script":"<script> [6424 bytes]","args":[{"element-6066-11e4-a52e-4f735466cecf":"f.624D7720A2383BCF46C1895FE70984DD.d.0AE5BECADEED6D6ED6289774AE534E15.e.4092"},"setValue",["5/26/25"]]}
COMMAND: POST /session/db7e74ddcaedfecfca9d83c19254142b/element - {"using":"xpath","value":"//input[@id=\"generalSectionFrg--receiveYard-inner\"]"}
RESULT: {"using":"xpath","value":"//input[@id=\"generalSectionFrg--receiveYard-inner\"]"}
COMMAND: POST /session/db7e74ddcaedfecfca9d83c19254142b/element/f.624D7720A2383BCF46C1895FE70984DD.d.0AE5BECADEED6D6ED6289774AE534E15.e.4098/clear - {}
RESULT: {}
COMMAND: POST /session/db7e74ddcaedfecfca9d83c19254142b/element/f.624D7720A2383BCF46C1895FE70984DD.d.0AE5BECADEED6D6ED6289774AE534E15.e.4098/value - {"text":"337"}
COMMAND: GET /session/db7e74ddcaedfecfca9d83c19254142b/screenshot - {}
RESULT: {"text":"337"}
COMMAND: GET /session/db7e74ddcaedfecfca9d83c19254142b/screenshot - {}
RESULT: {}
RESULT: {}
COMMAND: POST /session/db7e74ddcaedfecfca9d83c19254142b/element - {"using":"xpath","value":"//li[.//span[text()='337']]"}
RESULT: {"using":"xpath","value":"//li[.//span[text()='337']]"}
COMMAND: POST /session/db7e74ddcaedfecfca9d83c19254142b/element/f.624D7720A2383BCF46C1895FE70984DD.d.0AE5BECADEED6D6ED6289774AE534E15.e.4114/click - {}
RESULT: {}
COMMAND: GET /session/db7e74ddcaedfecfca9d83c19254142b/screenshot - {}
RESULT: {}
COMMAND: POST /session/db7e74ddcaedfecfca9d83c19254142b/execute/async - {"script":"<script> [1562 bytes]","args":[{"selector":{"id":"application-managehandovers-display-component---AddNewHO--ObjectPageLayout-anchBar-application-managehandovers-display-component---AddNewHO--section4-anchor","interaction":{"idSuffix":"BDI-content"}},"wdio_ui5_key":"applicationmanagehandovers-display-component---AddNewHO--ObjectPageLayout-anchBar-application-managehandovers-display-component---AddNewHO--section4-anchor"}]}
RESULT: {"script":"<script> [1562 bytes]","args":[{"selector":{"id":"application-managehandovers-display-component---AddNewHO--ObjectPageLayout-anchBar-application-managehandovers-display-component---AddNewHO--section4-anchor","interaction":{"idSuffix":"BDI-content"}},"wdio_ui5_key":"applicationmanagehandovers-display-component---AddNewHO--ObjectPageLayout-anchBar-application-managehandovers-display-component---AddNewHO--section4-anchor"}]}
RESULT: undefined
COMMAND: POST /session/db7e74ddcaedfecfca9d83c19254142b/element - {"using":"xpath","value":"//*[@id=\"application-managehandovers-display-component---AddNewHO--ObjectPageLayout-anchBar-application-managehandovers-display-component---AddNewHO--section4-anchor\"]"}
RESULT: {"using":"xpath","value":"//*[@id=\"application-managehandovers-display-component---AddNewHO--ObjectPageLayout-anchBar-application-managehandovers-display-component---AddNewHO--section4-anchor\"]"}
COMMAND: POST /session/db7e74ddcaedfecfca9d83c19254142b/element/f.624D7720A2383BCF46C1895FE70984DD.d.0AE5BECADEED6D6ED6289774AE534E15.e.4116/click - {}
RESULT: {}
COMMAND: POST /session/db7e74ddcaedfecfca9d83c19254142b/element - {"using":"xpath","value":"//button[@aria-label=\"Add\"]"}
COMMAND: GET /session/db7e74ddcaedfecfca9d83c19254142b/screenshot - {}
RESULT: {"using":"xpath","value":"//button[@aria-label=\"Add\"]"}
COMMAND: POST /session/db7e74ddcaedfecfca9d83c19254142b/element/f.624D7720A2383BCF46C1895FE70984DD.d.0AE5BECADEED6D6ED6289774AE534E15.e.4120/click - {}
RESULT: {}
RESULT: {}
COMMAND: GET /session/db7e74ddcaedfecfca9d83c19254142b/screenshot - {}
RESULT: {}
COMMAND: POST /session/db7e74ddcaedfecfca9d83c19254142b/execute/async - {"script":"<script> [1562 bytes]","args":[{"selector":{"id":"application-managehandovers-display-component---AddNewHO--smartFilterBar-btnBasicSearch","searchOpenDialogs":true,"interaction":{"idSuffix":"I"}},"wdio_ui5_key":"applicationmanagehandovers-display-component---AddNewHO--smartFilterBar-btnBasicSearch"}]}
RESULT: {"script":"<script> [1562 bytes]","args":[{"selector":{"id":"application-managehandovers-display-component---AddNewHO--smartFilterBar-btnBasicSearch","searchOpenDialogs":true,"interaction":{"idSuffix":"I"}},"wdio_ui5_key":"applicationmanagehandovers-display-component---AddNewHO--smartFilterBar-btnBasicSearch"}]}
RESULT: undefined
COMMAND: POST /session/db7e74ddcaedfecfca9d83c19254142b/execute/async - {"script":"<script> [776 bytes]","args":[{"enterText":"200179","selector":{"id":"application-managehandovers-display-component---AddNewHO--smartFilterBar-btnBasicSearch","searchOpenDialogs":true,"interaction":{"idSuffix":"I"}},"clearTextFirst":true,"interactionType":"ENTER_TEXT"}]}
RESULT: {"script":"<script> [776 bytes]","args":[{"enterText":"200179","selector":{"id":"application-managehandovers-display-component---AddNewHO--smartFilterBar-btnBasicSearch","searchOpenDialogs":true,"interaction":{"idSuffix":"I"}},"clearTextFirst":true,"interactionType":"ENTER_TEXT"}]}
COMMAND: POST /session/db7e74ddcaedfecfca9d83c19254142b/actions - {"actions":[{"id":"action16","type":"key","parameters":{},"actions":[{"type":"keyDown","value":""},{"type":"pause","duration":10},{"type":"keyUp","value":""}]}]}
RESULT: {"actions":[{"id":"action16","type":"key","parameters":{},"actions":[{"type":"keyDown","value":""},{"type":"pause","duration":10},{"type":"keyUp","value":""}]}]}
COMMAND: GET /session/db7e74ddcaedfecfca9d83c19254142b/screenshot - {}
RESULT: {}
COMMAND: POST /session/db7e74ddcaedfecfca9d83c19254142b/execute/async - {"script":"<script> [1562 bytes]","args":[{"selector":{"id":"application-managehandovers-display-component---AddNewHO--popup-sa","searchOpenDialogs":true,"interaction":{"idSuffix":"CbBg"}},"wdio_ui5_key":"applicationmanagehandovers-display-component---AddNewHO--popup-sa"}]}
RESULT: {"script":"<script> [1562 bytes]","args":[{"selector":{"id":"application-managehandovers-display-component---AddNewHO--popup-sa","searchOpenDialogs":true,"interaction":{"idSuffix":"CbBg"}},"wdio_ui5_key":"applicationmanagehandovers-display-component---AddNewHO--popup-sa"}]}
RESULT: undefined
COMMAND: POST /session/db7e74ddcaedfecfca9d83c19254142b/element - {"using":"xpath","value":"//*[@id=\"application-managehandovers-display-component---AddNewHO--popup-sa\"]"}
RESULT: {"using":"xpath","value":"//*[@id=\"application-managehandovers-display-component---AddNewHO--popup-sa\"]"}
COMMAND: POST /session/db7e74ddcaedfecfca9d83c19254142b/element/f.624D7720A2383BCF46C1895FE70984DD.d.0AE5BECADEED6D6ED6289774AE534E15.e.4271/click - {}
RESULT: {}
COMMAND: GET /session/db7e74ddcaedfecfca9d83c19254142b/screenshot - {}
RESULT: {}
COMMAND: POST /session/db7e74ddcaedfecfca9d83c19254142b/element - {"using":"xpath","value":"//bdi[contains(text(), \"Select\")]"}
RESULT: {"using":"xpath","value":"//bdi[contains(text(), \"Select\")]"}
COMMAND: POST /session/db7e74ddcaedfecfca9d83c19254142b/element/f.624D7720A2383BCF46C1895FE70984DD.d.0AE5BECADEED6D6ED6289774AE534E15.e.4272/click - {}
RESULT: {}
COMMAND: GET /session/db7e74ddcaedfecfca9d83c19254142b/screenshot - {}
RESULT: {}
COMMAND: POST /session/db7e74ddcaedfecfca9d83c19254142b/element - {"using":"xpath","value":"//button[@data-kt=\"AddNewHOSaveButton\"]"}
RESULT: {"using":"xpath","value":"//button[@data-kt=\"AddNewHOSaveButton\"]"}
COMMAND: POST /session/db7e74ddcaedfecfca9d83c19254142b/element/f.624D7720A2383BCF46C1895FE70984DD.d.0AE5BECADEED6D6ED6289774AE534E15.e.4276/click - {}
RESULT: {}
COMMAND: GET /session/db7e74ddcaedfecfca9d83c19254142b/screenshot - {}
RESULT: {}
COMMAND: POST /session/db7e74ddcaedfecfca9d83c19254142b/execute/async - {"script":"<script> [1562 bytes]","args":[{"selector":{"id":"receiptDatePicker","viewName":"etm.portal.ui.managehandovers.view.DetailExecuteHO","interaction":{"idSuffix":"inner"}},"wdio_ui5_key":"receiptDatePickeretmportal.ui.managehandovers.view.DetailExecuteHO"}]}
RESULT: {"script":"<script> [1562 bytes]","args":[{"selector":{"id":"receiptDatePicker","viewName":"etm.portal.ui.managehandovers.view.DetailExecuteHO","interaction":{"idSuffix":"inner"}},"wdio_ui5_key":"receiptDatePickeretmportal.ui.managehandovers.view.DetailExecuteHO"}]}
RESULT: undefined
COMMAND: POST /session/db7e74ddcaedfecfca9d83c19254142b/execute/async - {"script":"<script> [6424 bytes]","args":[{"element-6066-11e4-a52e-4f735466cecf":"f.624D7720A2383BCF46C1895FE70984DD.d.0AE5BECADEED6D6ED6289774AE534E15.e.4305"},"setValue",["5/26/25"]]}
RESULT: {"script":"<script> [6424 bytes]","args":[{"element-6066-11e4-a52e-4f735466cecf":"f.624D7720A2383BCF46C1895FE70984DD.d.0AE5BECADEED6D6ED6289774AE534E15.e.4305"},"setValue",["5/26/25"]]}
COMMAND: POST /session/db7e74ddcaedfecfca9d83c19254142b/element - {"using":"xpath","value":"//button[@data-kt=\"ReceivingTableConfirmAllButton\"]"}
RESULT: {"using":"xpath","value":"//button[@data-kt=\"ReceivingTableConfirmAllButton\"]"}
COMMAND: POST /session/db7e74ddcaedfecfca9d83c19254142b/element/f.624D7720A2383BCF46C1895FE70984DD.d.0AE5BECADEED6D6ED6289774AE534E15.e.4323/click - {}
RESULT: {}
COMMAND: GET /session/db7e74ddcaedfecfca9d83c19254142b/screenshot - {}
RESULT: {}
COMMAND: POST /session/db7e74ddcaedfecfca9d83c19254142b/element - {"using":"xpath","value":"//bdi[contains(text(), \"OK\")]"}
RESULT: {"using":"xpath","value":"//bdi[contains(text(), \"OK\")]"}
COMMAND: POST /session/db7e74ddcaedfecfca9d83c19254142b/element/f.624D7720A2383BCF46C1895FE70984DD.d.0AE5BECADEED6D6ED6289774AE534E15.e.4325/click - {}
RESULT: {}
COMMAND: GET /session/db7e74ddcaedfecfca9d83c19254142b/screenshot - {}
RESULT: {}
COMMAND: POST /session/db7e74ddcaedfecfca9d83c19254142b/element - {"using":"xpath","value":"(//bdi[contains(text(), \"Receive\")])[2]"}
RESULT: {"using":"xpath","value":"(//bdi[contains(text(), \"Receive\")])[2]"}
COMMAND: POST /session/db7e74ddcaedfecfca9d83c19254142b/element/f.624D7720A2383BCF46C1895FE70984DD.d.0AE5BECADEED6D6ED6289774AE534E15.e.4327/click - {}
RESULT: {}
COMMAND: GET /session/db7e74ddcaedfecfca9d83c19254142b/screenshot - {}
RESULT: {}
COMMAND: POST /session/db7e74ddcaedfecfca9d83c19254142b/element - {"using":"css selector","value":"#shell-header-logo"}
RESULT: {"using":"css selector","value":"#shell-header-logo"}
COMMAND: POST /session/db7e74ddcaedfecfca9d83c19254142b/element/f.624D7720A2383BCF46C1895FE70984DD.d.0AE5BECADEED6D6ED6289774AE534E15.e.3711/click - {}
RESULT: {}
COMMAND: GET /session/db7e74ddcaedfecfca9d83c19254142b/screenshot - {}
RESULT: {}
COMMAND: POST /session/db7e74ddcaedfecfca9d83c19254142b/element - {"using":"css selector","value":"#j_username"}
COMMAND: POST /session/db7e74ddcaedfecfca9d83c19254142b/url - {"url":"https://qa-testing-00-live-etm-ui.cfapps.eu10-004.hana.ondemand.com/"}
RESULT: {"using":"css selector","value":"#j_username"}
COMMAND: POST /session/db7e74ddcaedfecfca9d83c19254142b/element - {"using":"css selector","value":"#j_username"}
RESULT: {"url":"https://qa-testing-00-live-etm-ui.cfapps.eu10-004.hana.ondemand.com/"}
RESULT: undefined
COMMAND: GET /session/db7e74ddcaedfecfca9d83c19254142b/screenshot - {}
RESULT: {"using":"css selector","value":"#j_username"}
COMMAND: POST /session/db7e74ddcaedfecfca9d83c19254142b/element - {"using":"css selector","value":"#shell-header-logo"}
RESULT: {}
RESULT: {"using":"css selector","value":"#shell-header-logo"}
COMMAND: POST /session/db7e74ddcaedfecfca9d83c19254142b/execute/sync - {"script":"<script> [8489 bytes]","args":[{"element-6066-11e4-a52e-4f735466cecf":"f.624D7720A2383BCF46C1895FE70984DD.d.E6ADD8FA7C653D92E8D43FD5E63AC54B.e.4573","ELEMENT":"f.624D7720A2383BCF46C1895FE70984DD.d.E6ADD8FA7C653D92E8D43FD5E63AC54B.e.4573"}]}
RESULT: {"script":"<script> [8489 bytes]","args":[{"element-6066-11e4-a52e-4f735466cecf":"f.624D7720A2383BCF46C1895FE70984DD.d.E6ADD8FA7C653D92E8D43FD5E63AC54B.e.4573","ELEMENT":"f.624D7720A2383BCF46C1895FE70984DD.d.E6ADD8FA7C653D92E8D43FD5E63AC54B.e.4573"}]}
COMMAND: POST /session/db7e74ddcaedfecfca9d83c19254142b/element - {"using":"css selector","value":"#shell-header-logo"}
RESULT: {"using":"css selector","value":"#shell-header-logo"}
COMMAND: POST /session/db7e74ddcaedfecfca9d83c19254142b/execute/sync - {"script":"<script> [8489 bytes]","args":[{"element-6066-11e4-a52e-4f735466cecf":"f.624D7720A2383BCF46C1895FE70984DD.d.E6ADD8FA7C653D92E8D43FD5E63AC54B.e.4573","ELEMENT":"f.624D7720A2383BCF46C1895FE70984DD.d.E6ADD8FA7C653D92E8D43FD5E63AC54B.e.4573"}]}
RESULT: {"script":"<script> [8489 bytes]","args":[{"element-6066-11e4-a52e-4f735466cecf":"f.624D7720A2383BCF46C1895FE70984DD.d.E6ADD8FA7C653D92E8D43FD5E63AC54B.e.4573","ELEMENT":"f.624D7720A2383BCF46C1895FE70984DD.d.E6ADD8FA7C653D92E8D43FD5E63AC54B.e.4573"}]}
COMMAND: POST /session/db7e74ddcaedfecfca9d83c19254142b/execute/sync - {"script":"<script> [5351 bytes]","args":[{"element-6066-11e4-a52e-4f735466cecf":"f.624D7720A2383BCF46C1895FE70984DD.d.E6ADD8FA7C653D92E8D43FD5E63AC54B.e.4573","ELEMENT":"f.624D7720A2383BCF46C1895FE70984DD.d.E6ADD8FA7C653D92E8D43FD5E63AC54B.e.4573"}]}
RESULT: {"script":"<script> [5351 bytes]","args":[{"element-6066-11e4-a52e-4f735466cecf":"f.624D7720A2383BCF46C1895FE70984DD.d.E6ADD8FA7C653D92E8D43FD5E63AC54B.e.4573","ELEMENT":"f.624D7720A2383BCF46C1895FE70984DD.d.E6ADD8FA7C653D92E8D43FD5E63AC54B.e.4573"}]}
COMMAND: POST /session/db7e74ddcaedfecfca9d83c19254142b/element - {"using":"css selector","value":"#shell-header-logo"}
RESULT: {"using":"css selector","value":"#shell-header-logo"}
COMMAND: POST /session/db7e74ddcaedfecfca9d83c19254142b/element/f.624D7720A2383BCF46C1895FE70984DD.d.E6ADD8FA7C653D92E8D43FD5E63AC54B.e.4573/click - {}
COMMAND: GET /session/db7e74ddcaedfecfca9d83c19254142b/screenshot - {}
COMMAND: GET /session/db7e74ddcaedfecfca9d83c19254142b/screenshot - {}
COMMAND: GET /session/db7e74ddcaedfecfca9d83c19254142b/screenshot - {}
RESULT: {}
COMMAND: GET /session/db7e74ddcaedfecfca9d83c19254142b/screenshot - {}
RESULT: {}
RESULT: {}
RESULT: {}
RESULT: {}
COMMAND: POST /session/db7e74ddcaedfecfca9d83c19254142b/execute/async - {"script":"<script> [189 bytes]","args":[]}
RESULT: {"script":"<script> [189 bytes]","args":[]}
COMMAND: POST /session/db7e74ddcaedfecfca9d83c19254142b/execute/async - {"script":"<script> [123 bytes]","args":[]}
RESULT: {"script":"<script> [123 bytes]","args":[]}
COMMAND: POST /session/db7e74ddcaedfecfca9d83c19254142b/timeouts - {"script":"<number>"}
RESULT: {"script":"<number>"}
COMMAND: GET /session/db7e74ddcaedfecfca9d83c19254142b/timeouts - {}
RESULT: {}
RESULT: undefined
COMMAND: POST /session/db7e74ddcaedfecfca9d83c19254142b/execute/async - {"script":"<script> [2676 bytes]","args":[]}
RESULT: {"script":"<script> [2676 bytes]","args":[]}
COMMAND: POST /session/db7e74ddcaedfecfca9d83c19254142b/execute/async - {"script":"<script> [2342 bytes]","args":[{"protocol":"http","hostname":"0.0.0.0","path":"/","capabilities":{"browserName":"chrome","goog:chromeOptions":{"binary":"C:\\Program Files\\Google\\Chrome\\Application\\chrome.exe","args":["--start-maximized"]}},"logLevel":"warn","connectionRetryTimeout":120000,"connectionRetryCount":3,"logLevels":{},"enableDirectConnect":true,"strictSSL":true,"_":"65 more keys: [\"cacheDir\",\"port\",\"requestedCapabilities\",\"automationProtocol\",\"baseUrl\",\"waitforInterval\",\"waitforTimeout\",\"onReload\",\"beforeCommand\",\"afterCommand\",\"rootDir\",\"specs\",\"suites\",\"exclude\",\"groupLogsByTestSpec\",\"excludeDriverLogs\",\"bail\",\"framework\",\"reporters\",\"services\",\"maxInstances\",\"maxInstancesPerCapability\",\"injectGlobals\",\"filesToWatch\",\"execArgv\",\"runnerEnv\",\"runner\",\"shard\",\"specFileRetries\",\"specFileRetriesDelay\",\"specFileRetriesDeferred\",\"reporterSyncInterval\",\"reporterSyncTimeout\",\"cucumberFeaturesWithLineNumbers\",\"autoCompileOpts\",\"mochaOpts\",\"jasmineOpts\",\"cucumberOpts\",\"onPrepare\",\"onWorkerStart\",\"onWorkerEnd\",\"before\",\"beforeSession\",\"beforeSuite\",\"beforeHook\",\"beforeTest\",\"afterTest\",\"afterHook\",\"afterSuite\",\"afterSession\",\"after\",\"onComplete\",\"beforeAssertion\",\"afterAssertion\",\"beforeFeature\",\"beforeScenario\",\"beforeStep\",\"afterStep\",\"afterScenario\",\"afterFeature\",\"_\",\"suite\",\"$0\",\"ignoredWorkerServices\",\"wdi5\"]"}]}
RESULT: {"script":"<script> [2342 bytes]","args":[{"protocol":"http","hostname":"0.0.0.0","path":"/","capabilities":{"browserName":"chrome","goog:chromeOptions":{"binary":"C:\\Program Files\\Google\\Chrome\\Application\\chrome.exe","args":["--start-maximized"]}},"logLevel":"warn","connectionRetryTimeout":120000,"connectionRetryCount":3,"logLevels":{},"enableDirectConnect":true,"strictSSL":true,"_":"65 more keys: [\"cacheDir\",\"port\",\"requestedCapabilities\",\"automationProtocol\",\"baseUrl\",\"waitforInterval\",\"waitforTimeout\",\"onReload\",\"beforeCommand\",\"afterCommand\",\"rootDir\",\"specs\",\"suites\",\"exclude\",\"groupLogsByTestSpec\",\"excludeDriverLogs\",\"bail\",\"framework\",\"reporters\",\"services\",\"maxInstances\",\"maxInstancesPerCapability\",\"injectGlobals\",\"filesToWatch\",\"execArgv\",\"runnerEnv\",\"runner\",\"shard\",\"specFileRetries\",\"specFileRetriesDelay\",\"specFileRetriesDeferred\",\"reporterSyncInterval\",\"reporterSyncTimeout\",\"cucumberFeaturesWithLineNumbers\",\"autoCompileOpts\",\"mochaOpts\",\"jasmineOpts\",\"cucumberOpts\",\"onPrepare\",\"onWorkerStart\",\"onWorkerEnd\",\"before\",\"beforeSession\",\"beforeSuite\",\"beforeHook\",\"beforeTest\",\"afterTest\",\"afterHook\",\"afterSuite\",\"afterSession\",\"after\",\"onComplete\",\"beforeAssertion\",\"afterAssertion\",\"beforeFeature\",\"beforeScenario\",\"beforeStep\",\"afterStep\",\"afterScenario\",\"afterFeature\",\"_\",\"suite\",\"$0\",\"ignoredWorkerServices\",\"wdi5\"]"}]}
COMMAND: POST /session/db7e74ddcaedfecfca9d83c19254142b/execute/async - {"script":"<script> [21126 bytes]","args":[35000]}
RESULT: {"script":"<script> [21126 bytes]","args":[35000]}
COMMAND: POST /session/db7e74ddcaedfecfca9d83c19254142b/window/maximize - {}
RESULT: {}
COMMAND: POST /session/db7e74ddcaedfecfca9d83c19254142b/execute/async - {"script":"<script> [1562 bytes]","args":[{"selector":{"id":"shell-header","interaction":{"idSuffix":"icon"}},"wdio_ui5_key":"shellheader"}]}
COMMAND: GET /session/db7e74ddcaedfecfca9d83c19254142b/screenshot - {}
RESULT: {"script":"<script> [1562 bytes]","args":[{"selector":{"id":"shell-header","interaction":{"idSuffix":"icon"}},"wdio_ui5_key":"shellheader"}]}
RESULT: undefined
COMMAND: POST /session/db7e74ddcaedfecfca9d83c19254142b/window/fullscreen - {}
RESULT: {}
RESULT: {}
]]></system-out>
    </testcase>
  </testsuite>
  <testsuite timestamp="2025-05-26T16:31:45" time="168.575" tests="6" failures="0" errors="0" skipped="0">
    <properties>
      <property name="specId" value="0"/>
      <property name="suiteName" value="Provide to Site w/ warehouse management w/ clarification US115878"/>
      <property name="capabilities" value="chrome.136_0_7103_93.windows"/>
      <property name="file" value="file:///D:/a/1/s/test/specs/HTR/provide-to-site-w-warehouse-w-clarification.spec.js"/>
    </properties>
    <testcase classname="chrome.136_0_7103_93.windows.Provide_to_Site_w/_warehouse_management_w/_clarification_US115878" name="Should create a new WHM yard" time="0.077">
      <system-out><![CDATA[
COMMAND: POST /session/db7e74ddcaedfecfca9d83c19254142b/window/fullscreen - {}
RESULT: {}
]]></system-out>
    </testcase>
    <testcase classname="chrome.136_0_7103_93.windows.Provide_to_Site_w/_warehouse_management_w/_clarification_US115878" name="Should create a new external WHM partner" time="0.006"/>
    <testcase classname="chrome.136_0_7103_93.windows.Provide_to_Site_w/_warehouse_management_w/_clarification_US115878" name="Should create a new WHM site" time="0.005"/>
    <testcase classname="chrome.136_0_7103_93.windows.Provide_to_Site_w/_warehouse_management_w/_clarification_US115878" name="Should create a new material" time="141.921">
      <system-out><![CDATA[
COMMAND: POST /session/db7e74ddcaedfecfca9d83c19254142b/execute/async - {"script":"<script> [1562 bytes]","args":[{"selector":{"controlType":"sap.m.GenericTile","properties":{"header":"Manage Resources"}},"wdio_ui5_key":"sapm.GenericTile{\"header\":\"Manage Resources\"}"}]}
RESULT: {"script":"<script> [1562 bytes]","args":[{"selector":{"controlType":"sap.m.GenericTile","properties":{"header":"Manage Resources"}},"wdio_ui5_key":"sapm.GenericTile{\"header\":\"Manage Resources\"}"}]}
RESULT: undefined
COMMAND: POST /session/db7e74ddcaedfecfca9d83c19254142b/element - {"using":"xpath","value":"//*[@id=\"__tile50\"]"}
RESULT: {"using":"xpath","value":"//*[@id=\"__tile50\"]"}
COMMAND: POST /session/db7e74ddcaedfecfca9d83c19254142b/element/f.624D7720A2383BCF46C1895FE70984DD.d.E6ADD8FA7C653D92E8D43FD5E63AC54B.e.4593/click - {}
RESULT: {}
COMMAND: GET /session/db7e74ddcaedfecfca9d83c19254142b/screenshot - {}
RESULT: {}
COMMAND: POST /session/db7e74ddcaedfecfca9d83c19254142b/elements - {"using":"xpath","value":"//span[text()='Error']"}
RESULT: {"using":"xpath","value":"//span[text()='Error']"}
COMMAND: POST /session/db7e74ddcaedfecfca9d83c19254142b/element - {"using":"xpath","value":"//button[@data-kt=\"addNewRUOverflowToolbarButton\"]"}
RESULT: {"using":"xpath","value":"//button[@data-kt=\"addNewRUOverflowToolbarButton\"]"}
COMMAND: POST /session/db7e74ddcaedfecfca9d83c19254142b/elements - {"using":"xpath","value":"//button[@data-kt=\"addNewRUOverflowToolbarButton\"]"}
RESULT: {"using":"xpath","value":"//button[@data-kt=\"addNewRUOverflowToolbarButton\"]"}
COMMAND: POST /session/db7e74ddcaedfecfca9d83c19254142b/elements - {"using":"xpath","value":"//button[@data-kt=\"addNewRUOverflowToolbarButton\"]"}
RESULT: {"using":"xpath","value":"//button[@data-kt=\"addNewRUOverflowToolbarButton\"]"}
COMMAND: POST /session/db7e74ddcaedfecfca9d83c19254142b/elements - {"using":"xpath","value":"//button[@data-kt=\"addNewRUOverflowToolbarButton\"]"}
RESULT: {"using":"xpath","value":"//button[@data-kt=\"addNewRUOverflowToolbarButton\"]"}
COMMAND: POST /session/db7e74ddcaedfecfca9d83c19254142b/elements - {"using":"xpath","value":"//button[@data-kt=\"addNewRUOverflowToolbarButton\"]"}
RESULT: {"using":"xpath","value":"//button[@data-kt=\"addNewRUOverflowToolbarButton\"]"}
COMMAND: POST /session/db7e74ddcaedfecfca9d83c19254142b/elements - {"using":"xpath","value":"//button[@data-kt=\"addNewRUOverflowToolbarButton\"]"}
RESULT: {"using":"xpath","value":"//button[@data-kt=\"addNewRUOverflowToolbarButton\"]"}
COMMAND: POST /session/db7e74ddcaedfecfca9d83c19254142b/elements - {"using":"xpath","value":"//button[@data-kt=\"addNewRUOverflowToolbarButton\"]"}
RESULT: {"using":"xpath","value":"//button[@data-kt=\"addNewRUOverflowToolbarButton\"]"}
COMMAND: POST /session/db7e74ddcaedfecfca9d83c19254142b/elements - {"using":"xpath","value":"//button[@data-kt=\"addNewRUOverflowToolbarButton\"]"}
RESULT: {"using":"xpath","value":"//button[@data-kt=\"addNewRUOverflowToolbarButton\"]"}
COMMAND: POST /session/db7e74ddcaedfecfca9d83c19254142b/elements - {"using":"xpath","value":"//button[@data-kt=\"addNewRUOverflowToolbarButton\"]"}
RESULT: {"using":"xpath","value":"//button[@data-kt=\"addNewRUOverflowToolbarButton\"]"}
COMMAND: POST /session/db7e74ddcaedfecfca9d83c19254142b/elements - {"using":"xpath","value":"//button[@data-kt=\"addNewRUOverflowToolbarButton\"]"}
RESULT: {"using":"xpath","value":"//button[@data-kt=\"addNewRUOverflowToolbarButton\"]"}
COMMAND: POST /session/db7e74ddcaedfecfca9d83c19254142b/elements - {"using":"xpath","value":"//button[@data-kt=\"addNewRUOverflowToolbarButton\"]"}
RESULT: {"using":"xpath","value":"//button[@data-kt=\"addNewRUOverflowToolbarButton\"]"}
COMMAND: POST /session/db7e74ddcaedfecfca9d83c19254142b/elements - {"using":"xpath","value":"//button[@data-kt=\"addNewRUOverflowToolbarButton\"]"}
RESULT: {"using":"xpath","value":"//button[@data-kt=\"addNewRUOverflowToolbarButton\"]"}
COMMAND: POST /session/db7e74ddcaedfecfca9d83c19254142b/elements - {"using":"xpath","value":"//button[@data-kt=\"addNewRUOverflowToolbarButton\"]"}
RESULT: {"using":"xpath","value":"//button[@data-kt=\"addNewRUOverflowToolbarButton\"]"}
COMMAND: POST /session/db7e74ddcaedfecfca9d83c19254142b/elements - {"using":"xpath","value":"//button[@data-kt=\"addNewRUOverflowToolbarButton\"]"}
RESULT: {"using":"xpath","value":"//button[@data-kt=\"addNewRUOverflowToolbarButton\"]"}
COMMAND: POST /session/db7e74ddcaedfecfca9d83c19254142b/elements - {"using":"xpath","value":"//button[@data-kt=\"addNewRUOverflowToolbarButton\"]"}
RESULT: {"using":"xpath","value":"//button[@data-kt=\"addNewRUOverflowToolbarButton\"]"}
COMMAND: POST /session/db7e74ddcaedfecfca9d83c19254142b/elements - {"using":"xpath","value":"//button[@data-kt=\"addNewRUOverflowToolbarButton\"]"}
RESULT: {"using":"xpath","value":"//button[@data-kt=\"addNewRUOverflowToolbarButton\"]"}
COMMAND: POST /session/db7e74ddcaedfecfca9d83c19254142b/elements - {"using":"xpath","value":"//button[@data-kt=\"addNewRUOverflowToolbarButton\"]"}
RESULT: {"using":"xpath","value":"//button[@data-kt=\"addNewRUOverflowToolbarButton\"]"}
COMMAND: POST /session/db7e74ddcaedfecfca9d83c19254142b/elements - {"using":"xpath","value":"//button[@data-kt=\"addNewRUOverflowToolbarButton\"]"}
RESULT: {"using":"xpath","value":"//button[@data-kt=\"addNewRUOverflowToolbarButton\"]"}
COMMAND: POST /session/db7e74ddcaedfecfca9d83c19254142b/elements - {"using":"xpath","value":"//button[@data-kt=\"addNewRUOverflowToolbarButton\"]"}
RESULT: {"using":"xpath","value":"//button[@data-kt=\"addNewRUOverflowToolbarButton\"]"}
COMMAND: POST /session/db7e74ddcaedfecfca9d83c19254142b/elements - {"using":"xpath","value":"//button[@data-kt=\"addNewRUOverflowToolbarButton\"]"}
RESULT: {"using":"xpath","value":"//button[@data-kt=\"addNewRUOverflowToolbarButton\"]"}
COMMAND: POST /session/db7e74ddcaedfecfca9d83c19254142b/elements - {"using":"xpath","value":"//button[@data-kt=\"addNewRUOverflowToolbarButton\"]"}
RESULT: {"using":"xpath","value":"//button[@data-kt=\"addNewRUOverflowToolbarButton\"]"}
COMMAND: POST /session/db7e74ddcaedfecfca9d83c19254142b/elements - {"using":"xpath","value":"//button[@data-kt=\"addNewRUOverflowToolbarButton\"]"}
RESULT: {"using":"xpath","value":"//button[@data-kt=\"addNewRUOverflowToolbarButton\"]"}
COMMAND: POST /session/db7e74ddcaedfecfca9d83c19254142b/element - {"using":"xpath","value":"//button[@data-kt=\"addNewRUOverflowToolbarButton\"]"}
RESULT: {"using":"xpath","value":"//button[@data-kt=\"addNewRUOverflowToolbarButton\"]"}
COMMAND: POST /session/db7e74ddcaedfecfca9d83c19254142b/execute/sync - {"script":"<script> [8489 bytes]","args":[{"element-6066-11e4-a52e-4f735466cecf":"f.624D7720A2383BCF46C1895FE70984DD.d.E6ADD8FA7C653D92E8D43FD5E63AC54B.e.4695","ELEMENT":"f.624D7720A2383BCF46C1895FE70984DD.d.E6ADD8FA7C653D92E8D43FD5E63AC54B.e.4695"}]}
RESULT: {"script":"<script> [8489 bytes]","args":[{"element-6066-11e4-a52e-4f735466cecf":"f.624D7720A2383BCF46C1895FE70984DD.d.E6ADD8FA7C653D92E8D43FD5E63AC54B.e.4695","ELEMENT":"f.624D7720A2383BCF46C1895FE70984DD.d.E6ADD8FA7C653D92E8D43FD5E63AC54B.e.4695"}]}
COMMAND: GET /session/db7e74ddcaedfecfca9d83c19254142b/element/f.624D7720A2383BCF46C1895FE70984DD.d.E6ADD8FA7C653D92E8D43FD5E63AC54B.e.4695/enabled - {}
COMMAND: GET /session/db7e74ddcaedfecfca9d83c19254142b/screenshot - {}
RESULT: {}
COMMAND: POST /session/db7e74ddcaedfecfca9d83c19254142b/execute/sync - {"script":"<script> [8489 bytes]","args":[{"element-6066-11e4-a52e-4f735466cecf":"f.624D7720A2383BCF46C1895FE70984DD.d.E6ADD8FA7C653D92E8D43FD5E63AC54B.e.4695","ELEMENT":"f.624D7720A2383BCF46C1895FE70984DD.d.E6ADD8FA7C653D92E8D43FD5E63AC54B.e.4695"}]}
COMMAND: GET /session/db7e74ddcaedfecfca9d83c19254142b/screenshot - {}
RESULT: {}
RESULT: {"script":"<script> [8489 bytes]","args":[{"element-6066-11e4-a52e-4f735466cecf":"f.624D7720A2383BCF46C1895FE70984DD.d.E6ADD8FA7C653D92E8D43FD5E63AC54B.e.4695","ELEMENT":"f.624D7720A2383BCF46C1895FE70984DD.d.E6ADD8FA7C653D92E8D43FD5E63AC54B.e.4695"}]}
COMMAND: POST /session/db7e74ddcaedfecfca9d83c19254142b/execute/sync - {"script":"<script> [5351 bytes]","args":[{"element-6066-11e4-a52e-4f735466cecf":"f.624D7720A2383BCF46C1895FE70984DD.d.E6ADD8FA7C653D92E8D43FD5E63AC54B.e.4695","ELEMENT":"f.624D7720A2383BCF46C1895FE70984DD.d.E6ADD8FA7C653D92E8D43FD5E63AC54B.e.4695"}]}
COMMAND: GET /session/db7e74ddcaedfecfca9d83c19254142b/screenshot - {}
RESULT: {}
RESULT: {"script":"<script> [5351 bytes]","args":[{"element-6066-11e4-a52e-4f735466cecf":"f.624D7720A2383BCF46C1895FE70984DD.d.E6ADD8FA7C653D92E8D43FD5E63AC54B.e.4695","ELEMENT":"f.624D7720A2383BCF46C1895FE70984DD.d.E6ADD8FA7C653D92E8D43FD5E63AC54B.e.4695"}]}
COMMAND: POST /session/db7e74ddcaedfecfca9d83c19254142b/element/f.624D7720A2383BCF46C1895FE70984DD.d.E6ADD8FA7C653D92E8D43FD5E63AC54B.e.4695/click - {}
COMMAND: GET /session/db7e74ddcaedfecfca9d83c19254142b/screenshot - {}
RESULT: {}
RESULT: {}
COMMAND: GET /session/db7e74ddcaedfecfca9d83c19254142b/screenshot - {}
RESULT: {}
RESULT: {}
COMMAND: POST /session/db7e74ddcaedfecfca9d83c19254142b/execute/async - {"script":"<script> [1562 bytes]","args":[{"selector":{"id":"application-manageresources-display-component---newResourceUnit--TYPE-arrow"},"wdio_ui5_key":"applicationmanageresources-display-component---newResourceUnit--TYPE-arrow"}]}
RESULT: {"script":"<script> [1562 bytes]","args":[{"selector":{"id":"application-manageresources-display-component---newResourceUnit--TYPE-arrow"},"wdio_ui5_key":"applicationmanageresources-display-component---newResourceUnit--TYPE-arrow"}]}
RESULT: undefined
COMMAND: POST /session/db7e74ddcaedfecfca9d83c19254142b/element - {"using":"xpath","value":"//*[@id=\"application-manageresources-display-component---newResourceUnit--TYPE-arrow\"]"}
RESULT: {"using":"xpath","value":"//*[@id=\"application-manageresources-display-component---newResourceUnit--TYPE-arrow\"]"}
COMMAND: POST /session/db7e74ddcaedfecfca9d83c19254142b/element/f.624D7720A2383BCF46C1895FE70984DD.d.E6ADD8FA7C653D92E8D43FD5E63AC54B.e.5049/click - {}
RESULT: {}
COMMAND: POST /session/db7e74ddcaedfecfca9d83c19254142b/element - {"using":"xpath","value":"//input[@id=\"application-manageresources-display-component---newResourceUnit--TYPE-inner\"]"}
COMMAND: GET /session/db7e74ddcaedfecfca9d83c19254142b/screenshot - {}
RESULT: {"using":"xpath","value":"//input[@id=\"application-manageresources-display-component---newResourceUnit--TYPE-inner\"]"}
COMMAND: POST /session/db7e74ddcaedfecfca9d83c19254142b/element/f.624D7720A2383BCF46C1895FE70984DD.d.E6ADD8FA7C653D92E8D43FD5E63AC54B.e.5045/clear - {}
RESULT: {}
RESULT: {}
COMMAND: POST /session/db7e74ddcaedfecfca9d83c19254142b/element/f.624D7720A2383BCF46C1895FE70984DD.d.E6ADD8FA7C653D92E8D43FD5E63AC54B.e.5045/value - {"text":"Material"}
COMMAND: GET /session/db7e74ddcaedfecfca9d83c19254142b/screenshot - {}
RESULT: {"text":"Material"}
COMMAND: GET /session/db7e74ddcaedfecfca9d83c19254142b/screenshot - {}
RESULT: {}
RESULT: {}
COMMAND: POST /session/db7e74ddcaedfecfca9d83c19254142b/actions - {"actions":[{"id":"action17","type":"key","parameters":{},"actions":[{"type":"keyDown","value":""},{"type":"pause","duration":10},{"type":"keyUp","value":""}]}]}
RESULT: {"actions":[{"id":"action17","type":"key","parameters":{},"actions":[{"type":"keyDown","value":""},{"type":"pause","duration":10},{"type":"keyUp","value":""}]}]}
COMMAND: POST /session/db7e74ddcaedfecfca9d83c19254142b/execute/async - {"script":"<script> [1562 bytes]","args":[{"selector":{"id":"application-manageresources-display-component---newResourceUnit--SHORT_TEXT","interaction":{"idSuffix":"inner"}},"wdio_ui5_key":"applicationmanageresources-display-component---newResourceUnit--SHORT_TEXT"}]}
COMMAND: GET /session/db7e74ddcaedfecfca9d83c19254142b/screenshot - {}
RESULT: {"script":"<script> [1562 bytes]","args":[{"selector":{"id":"application-manageresources-display-component---newResourceUnit--SHORT_TEXT","interaction":{"idSuffix":"inner"}},"wdio_ui5_key":"applicationmanageresources-display-component---newResourceUnit--SHORT_TEXT"}]}
RESULT: undefined
COMMAND: POST /session/db7e74ddcaedfecfca9d83c19254142b/execute/async - {"script":"<script> [776 bytes]","args":[{"enterText":"Cement WDIO","selector":{"id":"application-manageresources-display-component---newResourceUnit--SHORT_TEXT","interaction":{"idSuffix":"inner"}},"clearTextFirst":true,"interactionType":"ENTER_TEXT"}]}
RESULT: {}
RESULT: {"script":"<script> [776 bytes]","args":[{"enterText":"Cement WDIO","selector":{"id":"application-manageresources-display-component---newResourceUnit--SHORT_TEXT","interaction":{"idSuffix":"inner"}},"clearTextFirst":true,"interactionType":"ENTER_TEXT"}]}
COMMAND: POST /session/db7e74ddcaedfecfca9d83c19254142b/execute/async - {"script":"<script> [1562 bytes]","args":[{"selector":{"id":"application-manageresources-display-component---newResourceUnit--BASE_UNIT_OF_MEASURE","interaction":{"idSuffix":"inner"}},"wdio_ui5_key":"applicationmanageresources-display-component---newResourceUnit--BASE_UNIT_OF_MEASURE"}]}
RESULT: {"script":"<script> [1562 bytes]","args":[{"selector":{"id":"application-manageresources-display-component---newResourceUnit--BASE_UNIT_OF_MEASURE","interaction":{"idSuffix":"inner"}},"wdio_ui5_key":"applicationmanageresources-display-component---newResourceUnit--BASE_UNIT_OF_MEASURE"}]}
RESULT: undefined
COMMAND: POST /session/db7e74ddcaedfecfca9d83c19254142b/execute/async - {"script":"<script> [776 bytes]","args":[{"enterText":"Piece","selector":{"id":"application-manageresources-display-component---newResourceUnit--BASE_UNIT_OF_MEASURE","interaction":{"idSuffix":"inner"}},"clearTextFirst":true,"interactionType":"ENTER_TEXT"}]}
RESULT: {"script":"<script> [776 bytes]","args":[{"enterText":"Piece","selector":{"id":"application-manageresources-display-component---newResourceUnit--BASE_UNIT_OF_MEASURE","interaction":{"idSuffix":"inner"}},"clearTextFirst":true,"interactionType":"ENTER_TEXT"}]}
COMMAND: POST /session/db7e74ddcaedfecfca9d83c19254142b/execute/async - {"script":"<script> [1562 bytes]","args":[{"selector":{"id":"application-manageresources-display-component---newResourceUnit--WEIGHT_UNIT","interaction":{"idSuffix":"inner"}},"wdio_ui5_key":"applicationmanageresources-display-component---newResourceUnit--WEIGHT_UNIT"}]}
RESULT: {"script":"<script> [1562 bytes]","args":[{"selector":{"id":"application-manageresources-display-component---newResourceUnit--WEIGHT_UNIT","interaction":{"idSuffix":"inner"}},"wdio_ui5_key":"applicationmanageresources-display-component---newResourceUnit--WEIGHT_UNIT"}]}
RESULT: undefined
COMMAND: POST /session/db7e74ddcaedfecfca9d83c19254142b/execute/async - {"script":"<script> [776 bytes]","args":[{"enterText":"Gram","selector":{"id":"application-manageresources-display-component---newResourceUnit--WEIGHT_UNIT","interaction":{"idSuffix":"inner"}},"clearTextFirst":true,"interactionType":"ENTER_TEXT"}]}
RESULT: {"script":"<script> [776 bytes]","args":[{"enterText":"Gram","selector":{"id":"application-manageresources-display-component---newResourceUnit--WEIGHT_UNIT","interaction":{"idSuffix":"inner"}},"clearTextFirst":true,"interactionType":"ENTER_TEXT"}]}
COMMAND: POST /session/db7e74ddcaedfecfca9d83c19254142b/execute/async - {"script":"<script> [1562 bytes]","args":[{"selector":{"id":"application-manageresources-display-component---newResourceUnit--DIMENSION_UNIT","interaction":{"idSuffix":"inner"}},"wdio_ui5_key":"applicationmanageresources-display-component---newResourceUnit--DIMENSION_UNIT"}]}
RESULT: {"script":"<script> [1562 bytes]","args":[{"selector":{"id":"application-manageresources-display-component---newResourceUnit--DIMENSION_UNIT","interaction":{"idSuffix":"inner"}},"wdio_ui5_key":"applicationmanageresources-display-component---newResourceUnit--DIMENSION_UNIT"}]}
RESULT: undefined
COMMAND: POST /session/db7e74ddcaedfecfca9d83c19254142b/execute/async - {"script":"<script> [776 bytes]","args":[{"enterText":"Meter","selector":{"id":"application-manageresources-display-component---newResourceUnit--DIMENSION_UNIT","interaction":{"idSuffix":"inner"}},"clearTextFirst":true,"interactionType":"ENTER_TEXT"}]}
RESULT: {"script":"<script> [776 bytes]","args":[{"enterText":"Meter","selector":{"id":"application-manageresources-display-component---newResourceUnit--DIMENSION_UNIT","interaction":{"idSuffix":"inner"}},"clearTextFirst":true,"interactionType":"ENTER_TEXT"}]}
COMMAND: POST /session/db7e74ddcaedfecfca9d83c19254142b/execute/async - {"script":"<script> [1562 bytes]","args":[{"selector":{"id":"application-manageresources-display-component---newResourceUnit--newRRUPage-anchBar-application-manageresources-display-component---newResourceUnit--control-anchor","interaction":{"idSuffix":"BDI-content"}},"wdio_ui5_key":"applicationmanageresources-display-component---newResourceUnit--newRRUPage-anchBar-application-manageresources-display-component---newResourceUnit--control-anchor"}]}
RESULT: {"script":"<script> [1562 bytes]","args":[{"selector":{"id":"application-manageresources-display-component---newResourceUnit--newRRUPage-anchBar-application-manageresources-display-component---newResourceUnit--control-anchor","interaction":{"idSuffix":"BDI-content"}},"wdio_ui5_key":"applicationmanageresources-display-component---newResourceUnit--newRRUPage-anchBar-application-manageresources-display-component---newResourceUnit--control-anchor"}]}
RESULT: undefined
COMMAND: POST /session/db7e74ddcaedfecfca9d83c19254142b/element - {"using":"xpath","value":"//*[@id=\"application-manageresources-display-component---newResourceUnit--newRRUPage-anchBar-application-manageresources-display-component---newResourceUnit--control-anchor\"]"}
RESULT: {"using":"xpath","value":"//*[@id=\"application-manageresources-display-component---newResourceUnit--newRRUPage-anchBar-application-manageresources-display-component---newResourceUnit--control-anchor\"]"}
COMMAND: POST /session/db7e74ddcaedfecfca9d83c19254142b/element/f.624D7720A2383BCF46C1895FE70984DD.d.E6ADD8FA7C653D92E8D43FD5E63AC54B.e.5180/click - {}
RESULT: {}
COMMAND: POST /session/db7e74ddcaedfecfca9d83c19254142b/execute/async - {"script":"<script> [1562 bytes]","args":[{"selector":{"id":"application-manageresources-display-component---newResourceUnit--PLANNING_GROUP","interaction":{"idSuffix":"inner"}},"wdio_ui5_key":"applicationmanageresources-display-component---newResourceUnit--PLANNING_GROUP"}]}
COMMAND: GET /session/db7e74ddcaedfecfca9d83c19254142b/screenshot - {}
RESULT: {"script":"<script> [1562 bytes]","args":[{"selector":{"id":"application-manageresources-display-component---newResourceUnit--PLANNING_GROUP","interaction":{"idSuffix":"inner"}},"wdio_ui5_key":"applicationmanageresources-display-component---newResourceUnit--PLANNING_GROUP"}]}
RESULT: undefined
COMMAND: POST /session/db7e74ddcaedfecfca9d83c19254142b/execute/async - {"script":"<script> [776 bytes]","args":[{"enterText":"Material","selector":{"id":"application-manageresources-display-component---newResourceUnit--PLANNING_GROUP","interaction":{"idSuffix":"inner"}},"clearTextFirst":true,"interactionType":"ENTER_TEXT"}]}
RESULT: {}
RESULT: {"script":"<script> [776 bytes]","args":[{"enterText":"Material","selector":{"id":"application-manageresources-display-component---newResourceUnit--PLANNING_GROUP","interaction":{"idSuffix":"inner"}},"clearTextFirst":true,"interactionType":"ENTER_TEXT"}]}
COMMAND: POST /session/db7e74ddcaedfecfca9d83c19254142b/execute/async - {"script":"<script> [1562 bytes]","args":[{"selector":{"id":"application-manageresources-display-component---newResourceUnit--PLANNING_INDICATOR","interaction":{"idSuffix":"inner"}},"wdio_ui5_key":"applicationmanageresources-display-component---newResourceUnit--PLANNING_INDICATOR"}]}
RESULT: {"script":"<script> [1562 bytes]","args":[{"selector":{"id":"application-manageresources-display-component---newResourceUnit--PLANNING_INDICATOR","interaction":{"idSuffix":"inner"}},"wdio_ui5_key":"applicationmanageresources-display-component---newResourceUnit--PLANNING_INDICATOR"}]}
RESULT: undefined
COMMAND: POST /session/db7e74ddcaedfecfca9d83c19254142b/execute/async - {"script":"<script> [776 bytes]","args":[{"enterText":"10 - infinite","selector":{"id":"application-manageresources-display-component---newResourceUnit--PLANNING_INDICATOR","interaction":{"idSuffix":"inner"}},"clearTextFirst":true,"interactionType":"ENTER_TEXT"}]}
RESULT: {"script":"<script> [776 bytes]","args":[{"enterText":"10 - infinite","selector":{"id":"application-manageresources-display-component---newResourceUnit--PLANNING_INDICATOR","interaction":{"idSuffix":"inner"}},"clearTextFirst":true,"interactionType":"ENTER_TEXT"}]}
COMMAND: POST /session/db7e74ddcaedfecfca9d83c19254142b/element - {"using":"css selector","value":"#application-manageresources-display-component---newResourceUnit--btnAddTimeSegment"}
RESULT: {"using":"css selector","value":"#application-manageresources-display-component---newResourceUnit--btnAddTimeSegment"}
COMMAND: GET /session/db7e74ddcaedfecfca9d83c19254142b/element/f.624D7720A2383BCF46C1895FE70984DD.d.E6ADD8FA7C653D92E8D43FD5E63AC54B.e.5190/rect - {}
RESULT: {}
COMMAND: GET /session/db7e74ddcaedfecfca9d83c19254142b/window/rect - {}
RESULT: {}
COMMAND: POST /session/db7e74ddcaedfecfca9d83c19254142b/execute/sync - {"script":"<script> [92 bytes]","args":[]}
RESULT: {"script":"<script> [92 bytes]","args":[]}
COMMAND: POST /session/db7e74ddcaedfecfca9d83c19254142b/actions - {"actions":[{"id":"action18","type":"wheel","parameters":{},"actions":[{"type":"scroll","x":-1888,"y":-32,"deltaX":0,"deltaY":0,"duration":0,"origin":{"element-6066-11e4-a52e-4f735466cecf":"f.624D7720A2383BCF46C1895FE70984DD.d.E6ADD8FA7C653D92E8D43FD5E63AC54B.e.5190"}}]}]}
COMMAND: GET /session/db7e74ddcaedfecfca9d83c19254142b/screenshot - {}
RESULT: {}
COMMAND: POST /session/db7e74ddcaedfecfca9d83c19254142b/execute/sync - {"script":"<script> [79 bytes]","args":[{"element-6066-11e4-a52e-4f735466cecf":"f.624D7720A2383BCF46C1895FE70984DD.d.E6ADD8FA7C653D92E8D43FD5E63AC54B.e.5190","ELEMENT":"f.624D7720A2383BCF46C1895FE70984DD.d.E6ADD8FA7C653D92E8D43FD5E63AC54B.e.5190"},{"block":"start","inline":"nearest"}]}
RESULT: {"script":"<script> [79 bytes]","args":[{"element-6066-11e4-a52e-4f735466cecf":"f.624D7720A2383BCF46C1895FE70984DD.d.E6ADD8FA7C653D92E8D43FD5E63AC54B.e.5190","ELEMENT":"f.624D7720A2383BCF46C1895FE70984DD.d.E6ADD8FA7C653D92E8D43FD5E63AC54B.e.5190"},{"block":"start","inline":"nearest"}]}
COMMAND: POST /session/db7e74ddcaedfecfca9d83c19254142b/execute/async - {"script":"<script> [1562 bytes]","args":[{"selector":{"id":"application-manageresources-display-component---newResourceUnit--btnAddTimeSegment","interaction":{"idSuffix":"inner"}},"wdio_ui5_key":"applicationmanageresources-display-component---newResourceUnit--btnAddTimeSegment"}]}
COMMAND: GET /session/db7e74ddcaedfecfca9d83c19254142b/screenshot - {}
RESULT: {"script":"<script> [1562 bytes]","args":[{"selector":{"id":"application-manageresources-display-component---newResourceUnit--btnAddTimeSegment","interaction":{"idSuffix":"inner"}},"wdio_ui5_key":"applicationmanageresources-display-component---newResourceUnit--btnAddTimeSegment"}]}
RESULT: undefined
COMMAND: POST /session/db7e74ddcaedfecfca9d83c19254142b/element - {"using":"xpath","value":"//*[@id=\"application-manageresources-display-component---newResourceUnit--btnAddTimeSegment\"]"}
RESULT: {}
RESULT: {"using":"xpath","value":"//*[@id=\"application-manageresources-display-component---newResourceUnit--btnAddTimeSegment\"]"}
COMMAND: POST /session/db7e74ddcaedfecfca9d83c19254142b/element/f.624D7720A2383BCF46C1895FE70984DD.d.E6ADD8FA7C653D92E8D43FD5E63AC54B.e.5190/click - {}
RESULT: {}
COMMAND: GET /session/db7e74ddcaedfecfca9d83c19254142b/screenshot - {}
RESULT: {}
COMMAND: POST /session/db7e74ddcaedfecfca9d83c19254142b/element - {"using":"xpath","value":"//input[@id=\"application-manageresources-display-component---newResourceUnit--idRuTSAdmin-application-manageresources-display-component---newResourceUnit--RUTimeSegment-0-inner\"]"}
RESULT: {"using":"xpath","value":"//input[@id=\"application-manageresources-display-component---newResourceUnit--idRuTSAdmin-application-manageresources-display-component---newResourceUnit--RUTimeSegment-0-inner\"]"}
COMMAND: POST /session/db7e74ddcaedfecfca9d83c19254142b/element/f.624D7720A2383BCF46C1895FE70984DD.d.E6ADD8FA7C653D92E8D43FD5E63AC54B.e.5195/clear - {}
RESULT: {}
COMMAND: POST /session/db7e74ddcaedfecfca9d83c19254142b/element/f.624D7720A2383BCF46C1895FE70984DD.d.E6ADD8FA7C653D92E8D43FD5E63AC54B.e.5195/value - {"text":"337"}
COMMAND: GET /session/db7e74ddcaedfecfca9d83c19254142b/screenshot - {}
RESULT: {"text":"337"}
COMMAND: GET /session/db7e74ddcaedfecfca9d83c19254142b/screenshot - {}
RESULT: {}
RESULT: {}
COMMAND: POST /session/db7e74ddcaedfecfca9d83c19254142b/element - {"using":"xpath","value":"//li[.//span[text()='337']]"}
RESULT: {"using":"xpath","value":"//li[.//span[text()='337']]"}
COMMAND: POST /session/db7e74ddcaedfecfca9d83c19254142b/element/f.624D7720A2383BCF46C1895FE70984DD.d.E6ADD8FA7C653D92E8D43FD5E63AC54B.e.5204/click - {}
RESULT: {}
COMMAND: GET /session/db7e74ddcaedfecfca9d83c19254142b/screenshot - {}
RESULT: {}
COMMAND: POST /session/db7e74ddcaedfecfca9d83c19254142b/element - {"using":"xpath","value":"(//span[contains(@id, \"-application-manageresources-display-component---newResourceUnit--RUTimeSegment-0-arrow\")])[2]"}
RESULT: {"using":"xpath","value":"(//span[contains(@id, \"-application-manageresources-display-component---newResourceUnit--RUTimeSegment-0-arrow\")])[2]"}
COMMAND: POST /session/db7e74ddcaedfecfca9d83c19254142b/element/f.624D7720A2383BCF46C1895FE70984DD.d.E6ADD8FA7C653D92E8D43FD5E63AC54B.e.5205/click - {}
RESULT: {}
COMMAND: POST /session/db7e74ddcaedfecfca9d83c19254142b/element - {"using":"xpath","value":"//span[contains(text(), \"PM Order\")]"}
COMMAND: GET /session/db7e74ddcaedfecfca9d83c19254142b/screenshot - {}
RESULT: {"using":"xpath","value":"//span[contains(text(), \"PM Order\")]"}
COMMAND: POST /session/db7e74ddcaedfecfca9d83c19254142b/element/f.624D7720A2383BCF46C1895FE70984DD.d.E6ADD8FA7C653D92E8D43FD5E63AC54B.e.5206/click - {}
RESULT: {}
RESULT: {}
COMMAND: GET /session/db7e74ddcaedfecfca9d83c19254142b/screenshot - {}
RESULT: {}
COMMAND: POST /session/db7e74ddcaedfecfca9d83c19254142b/element - {"using":"xpath","value":"//td/div/div/div/span[contains(@id, \"newResourceUnit--RUTimeSegment-0-vhi\")][1]"}
RESULT: {"using":"xpath","value":"//td/div/div/div/span[contains(@id, \"newResourceUnit--RUTimeSegment-0-vhi\")][1]"}
COMMAND: GET /session/db7e74ddcaedfecfca9d83c19254142b/element/f.624D7720A2383BCF46C1895FE70984DD.d.E6ADD8FA7C653D92E8D43FD5E63AC54B.e.5210/rect - {}
RESULT: {}
COMMAND: GET /session/db7e74ddcaedfecfca9d83c19254142b/window/rect - {}
RESULT: {}
COMMAND: POST /session/db7e74ddcaedfecfca9d83c19254142b/execute/sync - {"script":"<script> [92 bytes]","args":[]}
RESULT: {"script":"<script> [92 bytes]","args":[]}
COMMAND: POST /session/db7e74ddcaedfecfca9d83c19254142b/actions - {"actions":[{"id":"action19","type":"wheel","parameters":{},"actions":[{"type":"scroll","x":-1888,"y":-24,"deltaX":0,"deltaY":0,"duration":0,"origin":{"element-6066-11e4-a52e-4f735466cecf":"f.624D7720A2383BCF46C1895FE70984DD.d.E6ADD8FA7C653D92E8D43FD5E63AC54B.e.5210"}}]}]}
COMMAND: GET /session/db7e74ddcaedfecfca9d83c19254142b/screenshot - {}
RESULT: {}
COMMAND: POST /session/db7e74ddcaedfecfca9d83c19254142b/execute/sync - {"script":"<script> [79 bytes]","args":[{"element-6066-11e4-a52e-4f735466cecf":"f.624D7720A2383BCF46C1895FE70984DD.d.E6ADD8FA7C653D92E8D43FD5E63AC54B.e.5210","ELEMENT":"f.624D7720A2383BCF46C1895FE70984DD.d.E6ADD8FA7C653D92E8D43FD5E63AC54B.e.5210"},{"block":"start","inline":"nearest"}]}
RESULT: {"script":"<script> [79 bytes]","args":[{"element-6066-11e4-a52e-4f735466cecf":"f.624D7720A2383BCF46C1895FE70984DD.d.E6ADD8FA7C653D92E8D43FD5E63AC54B.e.5210","ELEMENT":"f.624D7720A2383BCF46C1895FE70984DD.d.E6ADD8FA7C653D92E8D43FD5E63AC54B.e.5210"},{"block":"start","inline":"nearest"}]}
COMMAND: GET /session/db7e74ddcaedfecfca9d83c19254142b/screenshot - {}
RESULT: {}
COMMAND: POST /session/db7e74ddcaedfecfca9d83c19254142b/element/f.624D7720A2383BCF46C1895FE70984DD.d.E6ADD8FA7C653D92E8D43FD5E63AC54B.e.5210/click - {}
RESULT: {}
COMMAND: GET /session/db7e74ddcaedfecfca9d83c19254142b/screenshot - {}
RESULT: {}
COMMAND: POST /session/db7e74ddcaedfecfca9d83c19254142b/execute/async - {"script":"<script> [1562 bytes]","args":[{"selector":{"controlType":"sap.m.SearchField","properties":{"placeholder":"Search"},"searchOpenDialogs":true,"interaction":{"idSuffix":"I"}},"wdio_ui5_key":"sapm.SearchField{\"placeholder\":\"Search\"}"}]}
RESULT: {"script":"<script> [1562 bytes]","args":[{"selector":{"controlType":"sap.m.SearchField","properties":{"placeholder":"Search"},"searchOpenDialogs":true,"interaction":{"idSuffix":"I"}},"wdio_ui5_key":"sapm.SearchField{\"placeholder\":\"Search\"}"}]}
RESULT: undefined
COMMAND: POST /session/db7e74ddcaedfecfca9d83c19254142b/execute/async - {"script":"<script> [776 bytes]","args":[{"enterText":"4000360","selector":{"controlType":"sap.m.SearchField","properties":{"placeholder":"Search"},"searchOpenDialogs":true,"interaction":{"idSuffix":"I"}},"clearTextFirst":true,"interactionType":"ENTER_TEXT"}]}
RESULT: {"script":"<script> [776 bytes]","args":[{"enterText":"4000360","selector":{"controlType":"sap.m.SearchField","properties":{"placeholder":"Search"},"searchOpenDialogs":true,"interaction":{"idSuffix":"I"}},"clearTextFirst":true,"interactionType":"ENTER_TEXT"}]}
COMMAND: POST /session/db7e74ddcaedfecfca9d83c19254142b/actions - {"actions":[{"id":"action20","type":"key","parameters":{},"actions":[{"type":"keyDown","value":""},{"type":"pause","duration":10},{"type":"keyUp","value":""}]}]}
RESULT: {"actions":[{"id":"action20","type":"key","parameters":{},"actions":[{"type":"keyDown","value":""},{"type":"pause","duration":10},{"type":"keyUp","value":""}]}]}
COMMAND: GET /session/db7e74ddcaedfecfca9d83c19254142b/screenshot - {}
RESULT: {}
COMMAND: POST /session/db7e74ddcaedfecfca9d83c19254142b/element - {"using":"xpath","value":"//td/div/span[contains(text(), \"BGL Vehicles\")]"}
RESULT: {"using":"xpath","value":"//td/div/span[contains(text(), \"BGL Vehicles\")]"}
COMMAND: POST /session/db7e74ddcaedfecfca9d83c19254142b/element/f.624D7720A2383BCF46C1895FE70984DD.d.E6ADD8FA7C653D92E8D43FD5E63AC54B.e.5232/click - {}
RESULT: {}
COMMAND: GET /session/db7e74ddcaedfecfca9d83c19254142b/screenshot - {}
RESULT: {}
COMMAND: POST /session/db7e74ddcaedfecfca9d83c19254142b/element - {"using":"xpath","value":"//bdi[contains(text(), \"OK\")]"}
RESULT: {"using":"xpath","value":"//bdi[contains(text(), \"OK\")]"}
COMMAND: POST /session/db7e74ddcaedfecfca9d83c19254142b/element/f.624D7720A2383BCF46C1895FE70984DD.d.E6ADD8FA7C653D92E8D43FD5E63AC54B.e.5233/click - {}
RESULT: {}
COMMAND: GET /session/db7e74ddcaedfecfca9d83c19254142b/screenshot - {}
RESULT: {}
COMMAND: POST /session/db7e74ddcaedfecfca9d83c19254142b/element - {"using":"xpath","value":"//label[contains(@class, 'sapMLabelRequired') and .//bdi[contains(text(), 'Planned Retirement')]]"}
RESULT: {"using":"xpath","value":"//label[contains(@class, 'sapMLabelRequired') and .//bdi[contains(text(), 'Planned Retirement')]]"}
COMMAND: POST /session/db7e74ddcaedfecfca9d83c19254142b/elements - {"using":"xpath","value":"//label[contains(@class, 'sapMLabelRequired') and .//bdi[contains(text(), 'Planned Retirement')]]"}
RESULT: {"using":"xpath","value":"//label[contains(@class, 'sapMLabelRequired') and .//bdi[contains(text(), 'Planned Retirement')]]"}
COMMAND: POST /session/db7e74ddcaedfecfca9d83c19254142b/element - {"using":"xpath","value":"//button[@data-kt=\"resourceUnitSaveButton\"]"}
RESULT: {"using":"xpath","value":"//button[@data-kt=\"resourceUnitSaveButton\"]"}
COMMAND: POST /session/db7e74ddcaedfecfca9d83c19254142b/element/f.624D7720A2383BCF46C1895FE70984DD.d.E6ADD8FA7C653D92E8D43FD5E63AC54B.e.5066/click - {}
RESULT: {}
COMMAND: GET /session/db7e74ddcaedfecfca9d83c19254142b/screenshot - {}
RESULT: {}
COMMAND: POST /session/db7e74ddcaedfecfca9d83c19254142b/element - {"using":"xpath","value":"//bdi[contains(text(), \"Close\")]"}
RESULT: {"using":"xpath","value":"//bdi[contains(text(), \"Close\")]"}
COMMAND: POST /session/db7e74ddcaedfecfca9d83c19254142b/element/f.624D7720A2383BCF46C1895FE70984DD.d.E6ADD8FA7C653D92E8D43FD5E63AC54B.e.5239/click - {}
RESULT: {}
COMMAND: GET /session/db7e74ddcaedfecfca9d83c19254142b/screenshot - {}
RESULT: {}
COMMAND: POST /session/db7e74ddcaedfecfca9d83c19254142b/element - {"using":"xpath","value":"//header[contains(@id, 'detailRruPage-headerTitle')]/div[1]/div[2]/div[2]/span[1]"}
RESULT: {"using":"xpath","value":"//header[contains(@id, 'detailRruPage-headerTitle')]/div[1]/div[2]/div[2]/span[1]"}
COMMAND: POST /session/db7e74ddcaedfecfca9d83c19254142b/elements - {"using":"xpath","value":"//header[contains(@id, 'detailRruPage-headerTitle')]/div[1]/div[2]/div[2]/span[1]"}
RESULT: {"using":"xpath","value":"//header[contains(@id, 'detailRruPage-headerTitle')]/div[1]/div[2]/div[2]/span[1]"}
COMMAND: POST /session/db7e74ddcaedfecfca9d83c19254142b/execute/sync - {"script":"<script> [56 bytes]","args":[{"element-6066-11e4-a52e-4f735466cecf":"f.624D7720A2383BCF46C1895FE70984DD.d.E6ADD8FA7C653D92E8D43FD5E63AC54B.e.5278","ELEMENT":"f.624D7720A2383BCF46C1895FE70984DD.d.E6ADD8FA7C653D92E8D43FD5E63AC54B.e.5278"}]}
RESULT: {"script":"<script> [56 bytes]","args":[{"element-6066-11e4-a52e-4f735466cecf":"f.624D7720A2383BCF46C1895FE70984DD.d.E6ADD8FA7C653D92E8D43FD5E63AC54B.e.5278","ELEMENT":"f.624D7720A2383BCF46C1895FE70984DD.d.E6ADD8FA7C653D92E8D43FD5E63AC54B.e.5278"}]}
COMMAND: POST /session/db7e74ddcaedfecfca9d83c19254142b/element - {"using":"css selector","value":"#shell-header-logo"}
COMMAND: GET /session/db7e74ddcaedfecfca9d83c19254142b/screenshot - {}
RESULT: {"using":"css selector","value":"#shell-header-logo"}
COMMAND: POST /session/db7e74ddcaedfecfca9d83c19254142b/element/f.624D7720A2383BCF46C1895FE70984DD.d.E6ADD8FA7C653D92E8D43FD5E63AC54B.e.4573/click - {}
RESULT: {}
RESULT: {}
COMMAND: GET /session/db7e74ddcaedfecfca9d83c19254142b/screenshot - {}
RESULT: {}
]]></system-out>
    </testcase>
    <testcase classname="chrome.136_0_7103_93.windows.Provide_to_Site_w/_warehouse_management_w/_clarification_US115878" name="Bin Status Report Should Create New Organization yard" time="0.006"/>
    <testcase classname="chrome.136_0_7103_93.windows.Provide_to_Site_w/_warehouse_management_w/_clarification_US115878" name="Bin Status Report Should Create New Organization for Site" time="0.005"/>
  </testsuite>
  <testsuite timestamp="2025-05-26T16:34:34" time="494.156" tests="6" failures="0" errors="0" skipped="0">
    <properties>
      <property name="specId" value="0"/>
      <property name="suiteName" value="Provide to Site w/ warehouse management w clarification"/>
      <property name="capabilities" value="chrome.136_0_7103_93.windows"/>
      <property name="file" value="file:///D:/a/1/s/test/specs/HTR/provide-to-site-w-warehouse-w-clarification.spec.js"/>
    </properties>
    <testcase classname="chrome.136_0_7103_93.windows.Provide_to_Site_w/_warehouse_management_w_clarification" name="Should do a stock increase handover" time="95.887">
      <system-out><![CDATA[
COMMAND: POST /session/db7e74ddcaedfecfca9d83c19254142b/execute/async - {"script":"<script> [1562 bytes]","args":[{"selector":{"controlType":"sap.m.GenericTile","properties":{"header":"Manage Handovers"}},"wdio_ui5_key":"sapm.GenericTile{\"header\":\"Manage Handovers\"}"}]}
RESULT: {"script":"<script> [1562 bytes]","args":[{"selector":{"controlType":"sap.m.GenericTile","properties":{"header":"Manage Handovers"}},"wdio_ui5_key":"sapm.GenericTile{\"header\":\"Manage Handovers\"}"}]}
RESULT: undefined
COMMAND: POST /session/db7e74ddcaedfecfca9d83c19254142b/element - {"using":"xpath","value":"//*[@id=\"__tile131\"]"}
RESULT: {"using":"xpath","value":"//*[@id=\"__tile131\"]"}
COMMAND: POST /session/db7e74ddcaedfecfca9d83c19254142b/element/f.624D7720A2383BCF46C1895FE70984DD.d.E6ADD8FA7C653D92E8D43FD5E63AC54B.e.4612/click - {}
RESULT: {}
COMMAND: GET /session/db7e74ddcaedfecfca9d83c19254142b/screenshot - {}
RESULT: {}
COMMAND: POST /session/db7e74ddcaedfecfca9d83c19254142b/elements - {"using":"xpath","value":"//span[text()='Error']"}
RESULT: {"using":"xpath","value":"//span[text()='Error']"}
COMMAND: POST /session/db7e74ddcaedfecfca9d83c19254142b/element - {"using":"xpath","value":"//button[@data-kt=\"masterHOAddButton\"]"}
RESULT: {"using":"xpath","value":"//button[@data-kt=\"masterHOAddButton\"]"}
COMMAND: POST /session/db7e74ddcaedfecfca9d83c19254142b/elements - {"using":"xpath","value":"//button[@data-kt=\"masterHOAddButton\"]"}
RESULT: {"using":"xpath","value":"//button[@data-kt=\"masterHOAddButton\"]"}
COMMAND: POST /session/db7e74ddcaedfecfca9d83c19254142b/elements - {"using":"xpath","value":"//button[@data-kt=\"masterHOAddButton\"]"}
RESULT: {"using":"xpath","value":"//button[@data-kt=\"masterHOAddButton\"]"}
COMMAND: POST /session/db7e74ddcaedfecfca9d83c19254142b/element - {"using":"xpath","value":"//button[@data-kt=\"masterHOAddButton\"]"}
RESULT: {"using":"xpath","value":"//button[@data-kt=\"masterHOAddButton\"]"}
COMMAND: POST /session/db7e74ddcaedfecfca9d83c19254142b/execute/sync - {"script":"<script> [8489 bytes]","args":[{"element-6066-11e4-a52e-4f735466cecf":"f.624D7720A2383BCF46C1895FE70984DD.d.E6ADD8FA7C653D92E8D43FD5E63AC54B.e.5318","ELEMENT":"f.624D7720A2383BCF46C1895FE70984DD.d.E6ADD8FA7C653D92E8D43FD5E63AC54B.e.5318"}]}
RESULT: {"script":"<script> [8489 bytes]","args":[{"element-6066-11e4-a52e-4f735466cecf":"f.624D7720A2383BCF46C1895FE70984DD.d.E6ADD8FA7C653D92E8D43FD5E63AC54B.e.5318","ELEMENT":"f.624D7720A2383BCF46C1895FE70984DD.d.E6ADD8FA7C653D92E8D43FD5E63AC54B.e.5318"}]}
COMMAND: GET /session/db7e74ddcaedfecfca9d83c19254142b/element/f.624D7720A2383BCF46C1895FE70984DD.d.E6ADD8FA7C653D92E8D43FD5E63AC54B.e.5318/enabled - {}
COMMAND: GET /session/db7e74ddcaedfecfca9d83c19254142b/screenshot - {}
RESULT: {}
COMMAND: POST /session/db7e74ddcaedfecfca9d83c19254142b/execute/sync - {"script":"<script> [8489 bytes]","args":[{"element-6066-11e4-a52e-4f735466cecf":"f.624D7720A2383BCF46C1895FE70984DD.d.E6ADD8FA7C653D92E8D43FD5E63AC54B.e.5318","ELEMENT":"f.624D7720A2383BCF46C1895FE70984DD.d.E6ADD8FA7C653D92E8D43FD5E63AC54B.e.5318"}]}
COMMAND: GET /session/db7e74ddcaedfecfca9d83c19254142b/screenshot - {}
RESULT: {}
RESULT: {"script":"<script> [8489 bytes]","args":[{"element-6066-11e4-a52e-4f735466cecf":"f.624D7720A2383BCF46C1895FE70984DD.d.E6ADD8FA7C653D92E8D43FD5E63AC54B.e.5318","ELEMENT":"f.624D7720A2383BCF46C1895FE70984DD.d.E6ADD8FA7C653D92E8D43FD5E63AC54B.e.5318"}]}
COMMAND: POST /session/db7e74ddcaedfecfca9d83c19254142b/execute/sync - {"script":"<script> [5351 bytes]","args":[{"element-6066-11e4-a52e-4f735466cecf":"f.624D7720A2383BCF46C1895FE70984DD.d.E6ADD8FA7C653D92E8D43FD5E63AC54B.e.5318","ELEMENT":"f.624D7720A2383BCF46C1895FE70984DD.d.E6ADD8FA7C653D92E8D43FD5E63AC54B.e.5318"}]}
COMMAND: GET /session/db7e74ddcaedfecfca9d83c19254142b/screenshot - {}
RESULT: {}
RESULT: {"script":"<script> [5351 bytes]","args":[{"element-6066-11e4-a52e-4f735466cecf":"f.624D7720A2383BCF46C1895FE70984DD.d.E6ADD8FA7C653D92E8D43FD5E63AC54B.e.5318","ELEMENT":"f.624D7720A2383BCF46C1895FE70984DD.d.E6ADD8FA7C653D92E8D43FD5E63AC54B.e.5318"}]}
COMMAND: POST /session/db7e74ddcaedfecfca9d83c19254142b/element/f.624D7720A2383BCF46C1895FE70984DD.d.E6ADD8FA7C653D92E8D43FD5E63AC54B.e.5318/click - {}
COMMAND: GET /session/db7e74ddcaedfecfca9d83c19254142b/screenshot - {}
RESULT: {}
RESULT: {}
COMMAND: GET /session/db7e74ddcaedfecfca9d83c19254142b/screenshot - {}
COMMAND: POST /session/db7e74ddcaedfecfca9d83c19254142b/element - {"using":"xpath","value":"//span[contains(@id ,\"AddNewHO--typeSelect-arrow\")]"}
RESULT: {}
RESULT: {}
RESULT: {"using":"xpath","value":"//span[contains(@id ,\"AddNewHO--typeSelect-arrow\")]"}
COMMAND: POST /session/db7e74ddcaedfecfca9d83c19254142b/element/f.624D7720A2383BCF46C1895FE70984DD.d.E6ADD8FA7C653D92E8D43FD5E63AC54B.e.5657/click - {}
RESULT: {}
COMMAND: GET /session/db7e74ddcaedfecfca9d83c19254142b/screenshot - {}
RESULT: {}
COMMAND: POST /session/db7e74ddcaedfecfca9d83c19254142b/element - {"using":"xpath","value":"(//li[contains(text(), \"stock increase yard\")])[1]"}
RESULT: {"using":"xpath","value":"(//li[contains(text(), \"stock increase yard\")])[1]"}
COMMAND: POST /session/db7e74ddcaedfecfca9d83c19254142b/element/f.624D7720A2383BCF46C1895FE70984DD.d.E6ADD8FA7C653D92E8D43FD5E63AC54B.e.5658/click - {}
RESULT: {}
COMMAND: GET /session/db7e74ddcaedfecfca9d83c19254142b/screenshot - {}
RESULT: {}
COMMAND: POST /session/db7e74ddcaedfecfca9d83c19254142b/execute/async - {"script":"<script> [1562 bytes]","args":[{"selector":{"id":"application-managehandovers-display-component---AddNewHO--dueDate","interaction":{"idSuffix":"inner"}},"wdio_ui5_key":"applicationmanagehandovers-display-component---AddNewHO--dueDate"}]}
RESULT: {"script":"<script> [1562 bytes]","args":[{"selector":{"id":"application-managehandovers-display-component---AddNewHO--dueDate","interaction":{"idSuffix":"inner"}},"wdio_ui5_key":"applicationmanagehandovers-display-component---AddNewHO--dueDate"}]}
RESULT: undefined
COMMAND: POST /session/db7e74ddcaedfecfca9d83c19254142b/execute/async - {"script":"<script> [6424 bytes]","args":[{"element-6066-11e4-a52e-4f735466cecf":"f.624D7720A2383BCF46C1895FE70984DD.d.E6ADD8FA7C653D92E8D43FD5E63AC54B.e.5662"},"setValue",["5/26/25"]]}
RESULT: {"script":"<script> [6424 bytes]","args":[{"element-6066-11e4-a52e-4f735466cecf":"f.624D7720A2383BCF46C1895FE70984DD.d.E6ADD8FA7C653D92E8D43FD5E63AC54B.e.5662"},"setValue",["5/26/25"]]}
COMMAND: POST /session/db7e74ddcaedfecfca9d83c19254142b/element - {"using":"xpath","value":"//input[@id=\"generalSectionFrg--receiveYard-inner\"]"}
RESULT: {"using":"xpath","value":"//input[@id=\"generalSectionFrg--receiveYard-inner\"]"}
COMMAND: POST /session/db7e74ddcaedfecfca9d83c19254142b/element/f.624D7720A2383BCF46C1895FE70984DD.d.E6ADD8FA7C653D92E8D43FD5E63AC54B.e.5668/clear - {}
RESULT: {}
COMMAND: POST /session/db7e74ddcaedfecfca9d83c19254142b/element/f.624D7720A2383BCF46C1895FE70984DD.d.E6ADD8FA7C653D92E8D43FD5E63AC54B.e.5668/value - {"text":"337"}
COMMAND: GET /session/db7e74ddcaedfecfca9d83c19254142b/screenshot - {}
RESULT: {"text":"337"}
COMMAND: GET /session/db7e74ddcaedfecfca9d83c19254142b/screenshot - {}
RESULT: {}
RESULT: {}
COMMAND: POST /session/db7e74ddcaedfecfca9d83c19254142b/element - {"using":"xpath","value":"//li[.//span[text()='337']]"}
RESULT: {"using":"xpath","value":"//li[.//span[text()='337']]"}
COMMAND: POST /session/db7e74ddcaedfecfca9d83c19254142b/element/f.624D7720A2383BCF46C1895FE70984DD.d.E6ADD8FA7C653D92E8D43FD5E63AC54B.e.5684/click - {}
RESULT: {}
COMMAND: GET /session/db7e74ddcaedfecfca9d83c19254142b/screenshot - {}
RESULT: {}
COMMAND: POST /session/db7e74ddcaedfecfca9d83c19254142b/execute/async - {"script":"<script> [1562 bytes]","args":[{"selector":{"id":"application-managehandovers-display-component---AddNewHO--ObjectPageLayout-anchBar-application-managehandovers-display-component---AddNewHO--section4-anchor","interaction":{"idSuffix":"BDI-content"}},"wdio_ui5_key":"applicationmanagehandovers-display-component---AddNewHO--ObjectPageLayout-anchBar-application-managehandovers-display-component---AddNewHO--section4-anchor"}]}
RESULT: {"script":"<script> [1562 bytes]","args":[{"selector":{"id":"application-managehandovers-display-component---AddNewHO--ObjectPageLayout-anchBar-application-managehandovers-display-component---AddNewHO--section4-anchor","interaction":{"idSuffix":"BDI-content"}},"wdio_ui5_key":"applicationmanagehandovers-display-component---AddNewHO--ObjectPageLayout-anchBar-application-managehandovers-display-component---AddNewHO--section4-anchor"}]}
RESULT: undefined
COMMAND: POST /session/db7e74ddcaedfecfca9d83c19254142b/element - {"using":"xpath","value":"//*[@id=\"application-managehandovers-display-component---AddNewHO--ObjectPageLayout-anchBar-application-managehandovers-display-component---AddNewHO--section4-anchor\"]"}
RESULT: {"using":"xpath","value":"//*[@id=\"application-managehandovers-display-component---AddNewHO--ObjectPageLayout-anchBar-application-managehandovers-display-component---AddNewHO--section4-anchor\"]"}
COMMAND: POST /session/db7e74ddcaedfecfca9d83c19254142b/element/f.624D7720A2383BCF46C1895FE70984DD.d.E6ADD8FA7C653D92E8D43FD5E63AC54B.e.5686/click - {}
RESULT: {}
COMMAND: POST /session/db7e74ddcaedfecfca9d83c19254142b/element - {"using":"xpath","value":"//button[@aria-label=\"Add\"]"}
COMMAND: GET /session/db7e74ddcaedfecfca9d83c19254142b/screenshot - {}
RESULT: {"using":"xpath","value":"//button[@aria-label=\"Add\"]"}
COMMAND: POST /session/db7e74ddcaedfecfca9d83c19254142b/element/f.624D7720A2383BCF46C1895FE70984DD.d.E6ADD8FA7C653D92E8D43FD5E63AC54B.e.5688/click - {}
RESULT: {}
RESULT: {}
COMMAND: GET /session/db7e74ddcaedfecfca9d83c19254142b/screenshot - {}
RESULT: {}
COMMAND: POST /session/db7e74ddcaedfecfca9d83c19254142b/execute/async - {"script":"<script> [1562 bytes]","args":[{"selector":{"id":"application-managehandovers-display-component---AddNewHO--smartFilterBar-btnBasicSearch","searchOpenDialogs":true,"interaction":{"idSuffix":"I"}},"wdio_ui5_key":"applicationmanagehandovers-display-component---AddNewHO--smartFilterBar-btnBasicSearch"}]}
RESULT: {"script":"<script> [1562 bytes]","args":[{"selector":{"id":"application-managehandovers-display-component---AddNewHO--smartFilterBar-btnBasicSearch","searchOpenDialogs":true,"interaction":{"idSuffix":"I"}},"wdio_ui5_key":"applicationmanagehandovers-display-component---AddNewHO--smartFilterBar-btnBasicSearch"}]}
RESULT: undefined
COMMAND: POST /session/db7e74ddcaedfecfca9d83c19254142b/execute/async - {"script":"<script> [776 bytes]","args":[{"enterText":"200180","selector":{"id":"application-managehandovers-display-component---AddNewHO--smartFilterBar-btnBasicSearch","searchOpenDialogs":true,"interaction":{"idSuffix":"I"}},"clearTextFirst":true,"interactionType":"ENTER_TEXT"}]}
RESULT: {"script":"<script> [776 bytes]","args":[{"enterText":"200180","selector":{"id":"application-managehandovers-display-component---AddNewHO--smartFilterBar-btnBasicSearch","searchOpenDialogs":true,"interaction":{"idSuffix":"I"}},"clearTextFirst":true,"interactionType":"ENTER_TEXT"}]}
COMMAND: POST /session/db7e74ddcaedfecfca9d83c19254142b/actions - {"actions":[{"id":"action21","type":"key","parameters":{},"actions":[{"type":"keyDown","value":""},{"type":"pause","duration":10},{"type":"keyUp","value":""}]}]}
RESULT: {"actions":[{"id":"action21","type":"key","parameters":{},"actions":[{"type":"keyDown","value":""},{"type":"pause","duration":10},{"type":"keyUp","value":""}]}]}
COMMAND: GET /session/db7e74ddcaedfecfca9d83c19254142b/screenshot - {}
RESULT: {}
COMMAND: POST /session/db7e74ddcaedfecfca9d83c19254142b/execute/async - {"script":"<script> [1562 bytes]","args":[{"selector":{"id":"application-managehandovers-display-component---AddNewHO--popup-sa","searchOpenDialogs":true,"interaction":{"idSuffix":"CbBg"}},"wdio_ui5_key":"applicationmanagehandovers-display-component---AddNewHO--popup-sa"}]}
RESULT: {"script":"<script> [1562 bytes]","args":[{"selector":{"id":"application-managehandovers-display-component---AddNewHO--popup-sa","searchOpenDialogs":true,"interaction":{"idSuffix":"CbBg"}},"wdio_ui5_key":"applicationmanagehandovers-display-component---AddNewHO--popup-sa"}]}
RESULT: undefined
COMMAND: POST /session/db7e74ddcaedfecfca9d83c19254142b/element - {"using":"xpath","value":"//*[@id=\"application-managehandovers-display-component---AddNewHO--popup-sa\"]"}
RESULT: {"using":"xpath","value":"//*[@id=\"application-managehandovers-display-component---AddNewHO--popup-sa\"]"}
COMMAND: POST /session/db7e74ddcaedfecfca9d83c19254142b/element/f.624D7720A2383BCF46C1895FE70984DD.d.E6ADD8FA7C653D92E8D43FD5E63AC54B.e.5840/click - {}
RESULT: {}
COMMAND: GET /session/db7e74ddcaedfecfca9d83c19254142b/screenshot - {}
RESULT: {}
COMMAND: POST /session/db7e74ddcaedfecfca9d83c19254142b/element - {"using":"xpath","value":"//bdi[contains(text(), \"Select\")]"}
RESULT: {"using":"xpath","value":"//bdi[contains(text(), \"Select\")]"}
COMMAND: POST /session/db7e74ddcaedfecfca9d83c19254142b/element/f.624D7720A2383BCF46C1895FE70984DD.d.E6ADD8FA7C653D92E8D43FD5E63AC54B.e.5841/click - {}
RESULT: {}
COMMAND: GET /session/db7e74ddcaedfecfca9d83c19254142b/screenshot - {}
RESULT: {}
COMMAND: POST /session/db7e74ddcaedfecfca9d83c19254142b/element - {"using":"xpath","value":"//button[@data-kt=\"AddNewHOSaveButton\"]"}
RESULT: {"using":"xpath","value":"//button[@data-kt=\"AddNewHOSaveButton\"]"}
COMMAND: POST /session/db7e74ddcaedfecfca9d83c19254142b/element/f.624D7720A2383BCF46C1895FE70984DD.d.E6ADD8FA7C653D92E8D43FD5E63AC54B.e.5845/click - {}
RESULT: {}
COMMAND: GET /session/db7e74ddcaedfecfca9d83c19254142b/screenshot - {}
RESULT: {}
COMMAND: POST /session/db7e74ddcaedfecfca9d83c19254142b/execute/async - {"script":"<script> [1562 bytes]","args":[{"selector":{"id":"receiptDatePicker","viewName":"etm.portal.ui.managehandovers.view.DetailExecuteHO","interaction":{"idSuffix":"inner"}},"wdio_ui5_key":"receiptDatePickeretmportal.ui.managehandovers.view.DetailExecuteHO"}]}
RESULT: {"script":"<script> [1562 bytes]","args":[{"selector":{"id":"receiptDatePicker","viewName":"etm.portal.ui.managehandovers.view.DetailExecuteHO","interaction":{"idSuffix":"inner"}},"wdio_ui5_key":"receiptDatePickeretmportal.ui.managehandovers.view.DetailExecuteHO"}]}
RESULT: undefined
COMMAND: POST /session/db7e74ddcaedfecfca9d83c19254142b/execute/async - {"script":"<script> [6424 bytes]","args":[{"element-6066-11e4-a52e-4f735466cecf":"f.624D7720A2383BCF46C1895FE70984DD.d.E6ADD8FA7C653D92E8D43FD5E63AC54B.e.5871"},"setValue",["5/26/25"]]}
RESULT: {"script":"<script> [6424 bytes]","args":[{"element-6066-11e4-a52e-4f735466cecf":"f.624D7720A2383BCF46C1895FE70984DD.d.E6ADD8FA7C653D92E8D43FD5E63AC54B.e.5871"},"setValue",["5/26/25"]]}
COMMAND: POST /session/db7e74ddcaedfecfca9d83c19254142b/element - {"using":"xpath","value":"//button[@data-kt=\"ReceivingTableConfirmAllButton\"]"}
RESULT: {"using":"xpath","value":"//button[@data-kt=\"ReceivingTableConfirmAllButton\"]"}
COMMAND: POST /session/db7e74ddcaedfecfca9d83c19254142b/element/f.624D7720A2383BCF46C1895FE70984DD.d.E6ADD8FA7C653D92E8D43FD5E63AC54B.e.5888/click - {}
RESULT: {}
COMMAND: GET /session/db7e74ddcaedfecfca9d83c19254142b/screenshot - {}
RESULT: {}
COMMAND: POST /session/db7e74ddcaedfecfca9d83c19254142b/element - {"using":"xpath","value":"//bdi[contains(text(), \"OK\")]"}
RESULT: {"using":"xpath","value":"//bdi[contains(text(), \"OK\")]"}
COMMAND: POST /session/db7e74ddcaedfecfca9d83c19254142b/element/f.624D7720A2383BCF46C1895FE70984DD.d.E6ADD8FA7C653D92E8D43FD5E63AC54B.e.5890/click - {}
RESULT: {}
COMMAND: GET /session/db7e74ddcaedfecfca9d83c19254142b/screenshot - {}
RESULT: {}
COMMAND: POST /session/db7e74ddcaedfecfca9d83c19254142b/element - {"using":"xpath","value":"(//bdi[contains(text(), \"Receive\")])[2]"}
RESULT: {"using":"xpath","value":"(//bdi[contains(text(), \"Receive\")])[2]"}
COMMAND: POST /session/db7e74ddcaedfecfca9d83c19254142b/element/f.624D7720A2383BCF46C1895FE70984DD.d.E6ADD8FA7C653D92E8D43FD5E63AC54B.e.5892/click - {}
RESULT: {}
COMMAND: GET /session/db7e74ddcaedfecfca9d83c19254142b/screenshot - {}
RESULT: {}
COMMAND: POST /session/db7e74ddcaedfecfca9d83c19254142b/element - {"using":"css selector","value":"#shell-header-logo"}
RESULT: {"using":"css selector","value":"#shell-header-logo"}
COMMAND: POST /session/db7e74ddcaedfecfca9d83c19254142b/element/f.624D7720A2383BCF46C1895FE70984DD.d.E6ADD8FA7C653D92E8D43FD5E63AC54B.e.5281/click - {}
RESULT: {}
COMMAND: GET /session/db7e74ddcaedfecfca9d83c19254142b/screenshot - {}
RESULT: {}
]]></system-out>
    </testcase>
    <testcase classname="chrome.136_0_7103_93.windows.Provide_to_Site_w/_warehouse_management_w_clarification" name="Should create a new contract" time="61.102">
      <system-out><![CDATA[
COMMAND: POST /session/db7e74ddcaedfecfca9d83c19254142b/execute/async - {"script":"<script> [1562 bytes]","args":[{"selector":{"controlType":"sap.m.GenericTile","properties":{"header":"Manage Contracts"}},"wdio_ui5_key":"sapm.GenericTile{\"header\":\"Manage Contracts\"}"}]}
RESULT: {"script":"<script> [1562 bytes]","args":[{"selector":{"controlType":"sap.m.GenericTile","properties":{"header":"Manage Contracts"}},"wdio_ui5_key":"sapm.GenericTile{\"header\":\"Manage Contracts\"}"}]}
RESULT: undefined
COMMAND: POST /session/db7e74ddcaedfecfca9d83c19254142b/element - {"using":"xpath","value":"//*[@id=\"__tile130\"]"}
RESULT: {"using":"xpath","value":"//*[@id=\"__tile130\"]"}
COMMAND: POST /session/db7e74ddcaedfecfca9d83c19254142b/element/f.624D7720A2383BCF46C1895FE70984DD.d.E6ADD8FA7C653D92E8D43FD5E63AC54B.e.4603/click - {}
RESULT: {}
COMMAND: GET /session/db7e74ddcaedfecfca9d83c19254142b/screenshot - {}
RESULT: {}
COMMAND: POST /session/db7e74ddcaedfecfca9d83c19254142b/elements - {"using":"xpath","value":"//span[text()='Error']"}
RESULT: {"using":"xpath","value":"//span[text()='Error']"}
COMMAND: POST /session/db7e74ddcaedfecfca9d83c19254142b/element - {"using":"xpath","value":"//button[@data-kt=\"addButton\"]"}
RESULT: {"using":"xpath","value":"//button[@data-kt=\"addButton\"]"}
COMMAND: POST /session/db7e74ddcaedfecfca9d83c19254142b/elements - {"using":"xpath","value":"//button[@data-kt=\"addButton\"]"}
RESULT: {"using":"xpath","value":"//button[@data-kt=\"addButton\"]"}
COMMAND: POST /session/db7e74ddcaedfecfca9d83c19254142b/execute/sync - {"script":"<script> [8489 bytes]","args":[{"element-6066-11e4-a52e-4f735466cecf":"f.624D7720A2383BCF46C1895FE70984DD.d.E6ADD8FA7C653D92E8D43FD5E63AC54B.e.6270","ELEMENT":"f.624D7720A2383BCF46C1895FE70984DD.d.E6ADD8FA7C653D92E8D43FD5E63AC54B.e.6270"}]}
RESULT: {"script":"<script> [8489 bytes]","args":[{"element-6066-11e4-a52e-4f735466cecf":"f.624D7720A2383BCF46C1895FE70984DD.d.E6ADD8FA7C653D92E8D43FD5E63AC54B.e.6270","ELEMENT":"f.624D7720A2383BCF46C1895FE70984DD.d.E6ADD8FA7C653D92E8D43FD5E63AC54B.e.6270"}]}
COMMAND: GET /session/db7e74ddcaedfecfca9d83c19254142b/element/f.624D7720A2383BCF46C1895FE70984DD.d.E6ADD8FA7C653D92E8D43FD5E63AC54B.e.6270/enabled - {}
COMMAND: GET /session/db7e74ddcaedfecfca9d83c19254142b/screenshot - {}
RESULT: {}
COMMAND: POST /session/db7e74ddcaedfecfca9d83c19254142b/execute/sync - {"script":"<script> [8489 bytes]","args":[{"element-6066-11e4-a52e-4f735466cecf":"f.624D7720A2383BCF46C1895FE70984DD.d.E6ADD8FA7C653D92E8D43FD5E63AC54B.e.6270","ELEMENT":"f.624D7720A2383BCF46C1895FE70984DD.d.E6ADD8FA7C653D92E8D43FD5E63AC54B.e.6270"}]}
COMMAND: GET /session/db7e74ddcaedfecfca9d83c19254142b/screenshot - {}
RESULT: {}
RESULT: {"script":"<script> [8489 bytes]","args":[{"element-6066-11e4-a52e-4f735466cecf":"f.624D7720A2383BCF46C1895FE70984DD.d.E6ADD8FA7C653D92E8D43FD5E63AC54B.e.6270","ELEMENT":"f.624D7720A2383BCF46C1895FE70984DD.d.E6ADD8FA7C653D92E8D43FD5E63AC54B.e.6270"}]}
COMMAND: POST /session/db7e74ddcaedfecfca9d83c19254142b/execute/sync - {"script":"<script> [5351 bytes]","args":[{"element-6066-11e4-a52e-4f735466cecf":"f.624D7720A2383BCF46C1895FE70984DD.d.E6ADD8FA7C653D92E8D43FD5E63AC54B.e.6270","ELEMENT":"f.624D7720A2383BCF46C1895FE70984DD.d.E6ADD8FA7C653D92E8D43FD5E63AC54B.e.6270"}]}
COMMAND: GET /session/db7e74ddcaedfecfca9d83c19254142b/screenshot - {}
RESULT: {}
RESULT: {"script":"<script> [5351 bytes]","args":[{"element-6066-11e4-a52e-4f735466cecf":"f.624D7720A2383BCF46C1895FE70984DD.d.E6ADD8FA7C653D92E8D43FD5E63AC54B.e.6270","ELEMENT":"f.624D7720A2383BCF46C1895FE70984DD.d.E6ADD8FA7C653D92E8D43FD5E63AC54B.e.6270"}]}
COMMAND: GET /session/db7e74ddcaedfecfca9d83c19254142b/screenshot - {}
RESULT: {}
RESULT: {}
COMMAND: POST /session/db7e74ddcaedfecfca9d83c19254142b/element/f.624D7720A2383BCF46C1895FE70984DD.d.E6ADD8FA7C653D92E8D43FD5E63AC54B.e.6270/click - {}
RESULT: {}
COMMAND: GET /session/db7e74ddcaedfecfca9d83c19254142b/screenshot - {}
COMMAND: POST /session/db7e74ddcaedfecfca9d83c19254142b/execute/async - {"script":"<script> [1562 bytes]","args":[{"selector":{"id":"application-managecontracts-display-component---AddNewContract--projectDescription","interaction":{"idSuffix":"inner"}},"wdio_ui5_key":"applicationmanagecontracts-display-component---AddNewContract--projectDescription"}]}
RESULT: {}
RESULT: {"script":"<script> [1562 bytes]","args":[{"selector":{"id":"application-managecontracts-display-component---AddNewContract--projectDescription","interaction":{"idSuffix":"inner"}},"wdio_ui5_key":"applicationmanagecontracts-display-component---AddNewContract--projectDescription"}]}
RESULT: undefined
COMMAND: POST /session/db7e74ddcaedfecfca9d83c19254142b/execute/async - {"script":"<script> [776 bytes]","args":[{"enterText":"Contract WDIO","selector":{"id":"application-managecontracts-display-component---AddNewContract--projectDescription","interaction":{"idSuffix":"inner"}},"clearTextFirst":true,"interactionType":"ENTER_TEXT"}]}
RESULT: {"script":"<script> [776 bytes]","args":[{"enterText":"Contract WDIO","selector":{"id":"application-managecontracts-display-component---AddNewContract--projectDescription","interaction":{"idSuffix":"inner"}},"clearTextFirst":true,"interactionType":"ENTER_TEXT"}]}
COMMAND: POST /session/db7e74ddcaedfecfca9d83c19254142b/element - {"using":"xpath","value":"//input[@id=\"application-managecontracts-display-component---AddNewContract--site-inner\"]"}
RESULT: {"using":"xpath","value":"//input[@id=\"application-managecontracts-display-component---AddNewContract--site-inner\"]"}
COMMAND: POST /session/db7e74ddcaedfecfca9d83c19254142b/element/f.624D7720A2383BCF46C1895FE70984DD.d.E6ADD8FA7C653D92E8D43FD5E63AC54B.e.6586/clear - {}
RESULT: {}
COMMAND: POST /session/db7e74ddcaedfecfca9d83c19254142b/element/f.624D7720A2383BCF46C1895FE70984DD.d.E6ADD8FA7C653D92E8D43FD5E63AC54B.e.6586/value - {"text":"2158"}
COMMAND: GET /session/db7e74ddcaedfecfca9d83c19254142b/screenshot - {}
RESULT: {"text":"2158"}
COMMAND: GET /session/db7e74ddcaedfecfca9d83c19254142b/screenshot - {}
RESULT: {}
RESULT: {}
COMMAND: POST /session/db7e74ddcaedfecfca9d83c19254142b/element - {"using":"xpath","value":"//li[.//span[text()='2158']]"}
RESULT: {"using":"xpath","value":"//li[.//span[text()='2158']]"}
COMMAND: POST /session/db7e74ddcaedfecfca9d83c19254142b/element/f.624D7720A2383BCF46C1895FE70984DD.d.E6ADD8FA7C653D92E8D43FD5E63AC54B.e.6668/click - {}
RESULT: {}
COMMAND: GET /session/db7e74ddcaedfecfca9d83c19254142b/screenshot - {}
RESULT: {}
COMMAND: POST /session/db7e74ddcaedfecfca9d83c19254142b/element - {"using":"xpath","value":"//input[@id=\"application-managecontracts-display-component---AddNewContract--yardId-inner\"]"}
RESULT: {"using":"xpath","value":"//input[@id=\"application-managecontracts-display-component---AddNewContract--yardId-inner\"]"}
COMMAND: GET /session/db7e74ddcaedfecfca9d83c19254142b/element/f.624D7720A2383BCF46C1895FE70984DD.d.E6ADD8FA7C653D92E8D43FD5E63AC54B.e.6587/property/value - {}
RESULT: {}
COMMAND: POST /session/db7e74ddcaedfecfca9d83c19254142b/element - {"using":"xpath","value":"//input[@id=\"application-managecontracts-display-component---AddNewContract--customerSelect-inner\"]"}
COMMAND: GET /session/db7e74ddcaedfecfca9d83c19254142b/screenshot - {}
RESULT: {"using":"xpath","value":"//input[@id=\"application-managecontracts-display-component---AddNewContract--customerSelect-inner\"]"}
COMMAND: POST /session/db7e74ddcaedfecfca9d83c19254142b/element/f.624D7720A2383BCF46C1895FE70984DD.d.E6ADD8FA7C653D92E8D43FD5E63AC54B.e.6585/clear - {}
RESULT: {}
RESULT: {}
COMMAND: POST /session/db7e74ddcaedfecfca9d83c19254142b/element/f.624D7720A2383BCF46C1895FE70984DD.d.E6ADD8FA7C653D92E8D43FD5E63AC54B.e.6585/value - {"text":"1169"}
COMMAND: GET /session/db7e74ddcaedfecfca9d83c19254142b/screenshot - {}
RESULT: {"text":"1169"}
COMMAND: GET /session/db7e74ddcaedfecfca9d83c19254142b/screenshot - {}
RESULT: {}
RESULT: {}
COMMAND: POST /session/db7e74ddcaedfecfca9d83c19254142b/element - {"using":"xpath","value":"//li[.//span[text()='1169']]"}
RESULT: {"using":"xpath","value":"//li[.//span[text()='1169']]"}
COMMAND: POST /session/db7e74ddcaedfecfca9d83c19254142b/element/f.624D7720A2383BCF46C1895FE70984DD.d.E6ADD8FA7C653D92E8D43FD5E63AC54B.e.6671/click - {}
RESULT: {}
COMMAND: GET /session/db7e74ddcaedfecfca9d83c19254142b/screenshot - {}
RESULT: {}
COMMAND: POST /session/db7e74ddcaedfecfca9d83c19254142b/element - {"using":"xpath","value":"//button[@data-kt=\"saveButton\"]"}
RESULT: {"using":"xpath","value":"//button[@data-kt=\"saveButton\"]"}
COMMAND: POST /session/db7e74ddcaedfecfca9d83c19254142b/element/f.624D7720A2383BCF46C1895FE70984DD.d.E6ADD8FA7C653D92E8D43FD5E63AC54B.e.6661/click - {}
RESULT: {}
COMMAND: GET /session/db7e74ddcaedfecfca9d83c19254142b/screenshot - {}
RESULT: {}
COMMAND: POST /session/db7e74ddcaedfecfca9d83c19254142b/element - {"using":"xpath","value":"//span[contains(@id ,\"contractDetailTitleNoExpanded\")]"}
RESULT: {"using":"xpath","value":"//span[contains(@id ,\"contractDetailTitleNoExpanded\")]"}
COMMAND: POST /session/db7e74ddcaedfecfca9d83c19254142b/elements - {"using":"xpath","value":"//span[contains(@id ,\"contractDetailTitleNoExpanded\")]"}
RESULT: {"using":"xpath","value":"//span[contains(@id ,\"contractDetailTitleNoExpanded\")]"}
COMMAND: POST /session/db7e74ddcaedfecfca9d83c19254142b/execute/sync - {"script":"<script> [56 bytes]","args":[{"element-6066-11e4-a52e-4f735466cecf":"f.624D7720A2383BCF46C1895FE70984DD.d.E6ADD8FA7C653D92E8D43FD5E63AC54B.e.6742","ELEMENT":"f.624D7720A2383BCF46C1895FE70984DD.d.E6ADD8FA7C653D92E8D43FD5E63AC54B.e.6742"}]}
RESULT: {"script":"<script> [56 bytes]","args":[{"element-6066-11e4-a52e-4f735466cecf":"f.624D7720A2383BCF46C1895FE70984DD.d.E6ADD8FA7C653D92E8D43FD5E63AC54B.e.6742","ELEMENT":"f.624D7720A2383BCF46C1895FE70984DD.d.E6ADD8FA7C653D92E8D43FD5E63AC54B.e.6742"}]}
COMMAND: GET /session/db7e74ddcaedfecfca9d83c19254142b/screenshot - {}
RESULT: {}
]]></system-out>
    </testcase>
    <testcase classname="chrome.136_0_7103_93.windows.Provide_to_Site_w/_warehouse_management_w_clarification" name="Should add equipment to the contract" time="57.659">
      <system-out><![CDATA[
COMMAND: POST /session/db7e74ddcaedfecfca9d83c19254142b/element - {"using":"xpath","value":"//button[@data-kt=\"contractDetailEditBtnButton\"]"}
RESULT: {"using":"xpath","value":"//button[@data-kt=\"contractDetailEditBtnButton\"]"}
COMMAND: POST /session/db7e74ddcaedfecfca9d83c19254142b/element/f.624D7720A2383BCF46C1895FE70984DD.d.E6ADD8FA7C653D92E8D43FD5E63AC54B.e.6744/click - {}
RESULT: {}
COMMAND: GET /session/db7e74ddcaedfecfca9d83c19254142b/screenshot - {}
RESULT: {}
COMMAND: POST /session/db7e74ddcaedfecfca9d83c19254142b/element - {"using":"xpath","value":"(//span[contains(text(), \"Additional Addresses\")])[2]"}
RESULT: {"using":"xpath","value":"(//span[contains(text(), \"Additional Addresses\")])[2]"}
COMMAND: POST /session/db7e74ddcaedfecfca9d83c19254142b/element/f.624D7720A2383BCF46C1895FE70984DD.d.E6ADD8FA7C653D92E8D43FD5E63AC54B.e.6801/click - {}
RESULT: {}
COMMAND: GET /session/db7e74ddcaedfecfca9d83c19254142b/screenshot - {}
RESULT: {}
COMMAND: POST /session/db7e74ddcaedfecfca9d83c19254142b/element - {"using":"xpath","value":"//button[@data-kt=\"btnAddTableRowOverflowToolbarButton\"]"}
RESULT: {"using":"xpath","value":"//button[@data-kt=\"btnAddTableRowOverflowToolbarButton\"]"}
COMMAND: POST /session/db7e74ddcaedfecfca9d83c19254142b/element/f.624D7720A2383BCF46C1895FE70984DD.d.E6ADD8FA7C653D92E8D43FD5E63AC54B.e.6804/click - {}
RESULT: {}
COMMAND: GET /session/db7e74ddcaedfecfca9d83c19254142b/screenshot - {}
RESULT: {}
COMMAND: POST /session/db7e74ddcaedfecfca9d83c19254142b/element - {"using":"xpath","value":"//div[(text() = 'Standard Entry' or . = 'Standard Entry')]"}
RESULT: {"using":"xpath","value":"//div[(text() = 'Standard Entry' or . = 'Standard Entry')]"}
COMMAND: POST /session/db7e74ddcaedfecfca9d83c19254142b/element/f.624D7720A2383BCF46C1895FE70984DD.d.E6ADD8FA7C653D92E8D43FD5E63AC54B.e.6806/click - {}
RESULT: {}
COMMAND: GET /session/db7e74ddcaedfecfca9d83c19254142b/screenshot - {}
RESULT: {}
COMMAND: POST /session/db7e74ddcaedfecfca9d83c19254142b/element - {"using":"xpath","value":"//td[6]/div/div/div/span"}
RESULT: {"using":"xpath","value":"//td[6]/div/div/div/span"}
COMMAND: POST /session/db7e74ddcaedfecfca9d83c19254142b/element/f.624D7720A2383BCF46C1895FE70984DD.d.E6ADD8FA7C653D92E8D43FD5E63AC54B.e.6818/click - {}
RESULT: {}
COMMAND: GET /session/db7e74ddcaedfecfca9d83c19254142b/screenshot - {}
RESULT: {}
COMMAND: POST /session/db7e74ddcaedfecfca9d83c19254142b/element - {"using":"xpath","value":"(//span[contains(text(), \"Material\")])"}
RESULT: {"using":"xpath","value":"(//span[contains(text(), \"Material\")])"}
COMMAND: POST /session/db7e74ddcaedfecfca9d83c19254142b/element/f.624D7720A2383BCF46C1895FE70984DD.d.E6ADD8FA7C653D92E8D43FD5E63AC54B.e.6819/click - {}
RESULT: {}
COMMAND: GET /session/db7e74ddcaedfecfca9d83c19254142b/screenshot - {}
RESULT: {}
COMMAND: POST /session/db7e74ddcaedfecfca9d83c19254142b/element - {"using":"xpath","value":"//td[7]/div/div/input"}
RESULT: {"using":"xpath","value":"//td[7]/div/div/input"}
COMMAND: POST /session/db7e74ddcaedfecfca9d83c19254142b/element/f.624D7720A2383BCF46C1895FE70984DD.d.E6ADD8FA7C653D92E8D43FD5E63AC54B.e.6823/clear - {}
RESULT: {}
COMMAND: POST /session/db7e74ddcaedfecfca9d83c19254142b/element/f.624D7720A2383BCF46C1895FE70984DD.d.E6ADD8FA7C653D92E8D43FD5E63AC54B.e.6823/value - {"text":"200180"}
COMMAND: GET /session/db7e74ddcaedfecfca9d83c19254142b/screenshot - {}
RESULT: {"text":"200180"}
COMMAND: GET /session/db7e74ddcaedfecfca9d83c19254142b/screenshot - {}
RESULT: {}
RESULT: {}
COMMAND: POST /session/db7e74ddcaedfecfca9d83c19254142b/actions - {"actions":[{"id":"action22","type":"key","parameters":{},"actions":[{"type":"keyDown","value":""},{"type":"pause","duration":10},{"type":"keyUp","value":""}]}]}
RESULT: {"actions":[{"id":"action22","type":"key","parameters":{},"actions":[{"type":"keyDown","value":""},{"type":"pause","duration":10},{"type":"keyUp","value":""}]}]}
COMMAND: GET /session/db7e74ddcaedfecfca9d83c19254142b/screenshot - {}
RESULT: {}
COMMAND: POST /session/db7e74ddcaedfecfca9d83c19254142b/execute/sync - {"script":"<script> [276 bytes]","args":["No pricing information was found"]}
RESULT: {"script":"<script> [276 bytes]","args":["No pricing information was found"]}
COMMAND: POST /session/db7e74ddcaedfecfca9d83c19254142b/element - {"using":"xpath","value":"//bdi[contains(text(), \"OK\")]"}
COMMAND: GET /session/db7e74ddcaedfecfca9d83c19254142b/screenshot - {}
RESULT: {"using":"xpath","value":"//bdi[contains(text(), \"OK\")]"}
COMMAND: POST /session/db7e74ddcaedfecfca9d83c19254142b/element/f.624D7720A2383BCF46C1895FE70984DD.d.E6ADD8FA7C653D92E8D43FD5E63AC54B.e.6849/click - {}
RESULT: {}
RESULT: {}
COMMAND: GET /session/db7e74ddcaedfecfca9d83c19254142b/screenshot - {}
RESULT: {}
COMMAND: POST /session/db7e74ddcaedfecfca9d83c19254142b/element - {"using":"xpath","value":"(//button[@data-kt=\"saveButton\"])[2]"}
RESULT: {"using":"xpath","value":"(//button[@data-kt=\"saveButton\"])[2]"}
COMMAND: POST /session/db7e74ddcaedfecfca9d83c19254142b/element/f.624D7720A2383BCF46C1895FE70984DD.d.E6ADD8FA7C653D92E8D43FD5E63AC54B.e.6850/click - {}
RESULT: {}
COMMAND: GET /session/db7e74ddcaedfecfca9d83c19254142b/screenshot - {}
RESULT: {}
COMMAND: POST /session/db7e74ddcaedfecfca9d83c19254142b/execute/sync - {"script":"<script> [276 bytes]","args":["Some contract items are having rental validity exceeding header rental validity"]}
RESULT: {"script":"<script> [276 bytes]","args":["Some contract items are having rental validity exceeding header rental validity"]}
COMMAND: GET /session/db7e74ddcaedfecfca9d83c19254142b/screenshot - {}
RESULT: {}
COMMAND: POST /session/db7e74ddcaedfecfca9d83c19254142b/element - {"using":"xpath","value":"//span[contains(@id ,\"contractItemsSmartTable-header-inner\")]"}
RESULT: {"using":"xpath","value":"//span[contains(@id ,\"contractItemsSmartTable-header-inner\")]"}
COMMAND: POST /session/db7e74ddcaedfecfca9d83c19254142b/elements - {"using":"xpath","value":"//span[contains(@id ,\"contractItemsSmartTable-header-inner\")]"}
RESULT: {"using":"xpath","value":"//span[contains(@id ,\"contractItemsSmartTable-header-inner\")]"}
COMMAND: POST /session/db7e74ddcaedfecfca9d83c19254142b/execute/sync - {"script":"<script> [56 bytes]","args":[{"element-6066-11e4-a52e-4f735466cecf":"f.624D7720A2383BCF46C1895FE70984DD.d.E6ADD8FA7C653D92E8D43FD5E63AC54B.e.6854","ELEMENT":"f.624D7720A2383BCF46C1895FE70984DD.d.E6ADD8FA7C653D92E8D43FD5E63AC54B.e.6854"}]}
RESULT: {"script":"<script> [56 bytes]","args":[{"element-6066-11e4-a52e-4f735466cecf":"f.624D7720A2383BCF46C1895FE70984DD.d.E6ADD8FA7C653D92E8D43FD5E63AC54B.e.6854","ELEMENT":"f.624D7720A2383BCF46C1895FE70984DD.d.E6ADD8FA7C653D92E8D43FD5E63AC54B.e.6854"}]}
COMMAND: GET /session/db7e74ddcaedfecfca9d83c19254142b/screenshot - {}
]]></system-out>
    </testcase>
    <testcase classname="chrome.136_0_7103_93.windows.Provide_to_Site_w/_warehouse_management_w_clarification" name="Should provide to site" time="43.674">
      <system-out><![CDATA[
COMMAND: POST /session/db7e74ddcaedfecfca9d83c19254142b/element - {"using":"xpath","value":"//button[@data-kt=\"provideButton\"]"}
RESULT: {}
RESULT: {"using":"xpath","value":"//button[@data-kt=\"provideButton\"]"}
COMMAND: POST /session/db7e74ddcaedfecfca9d83c19254142b/element/f.624D7720A2383BCF46C1895FE70984DD.d.E6ADD8FA7C653D92E8D43FD5E63AC54B.e.6855/click - {}
RESULT: {}
COMMAND: GET /session/db7e74ddcaedfecfca9d83c19254142b/screenshot - {}
RESULT: {}
RESULT: undefined
COMMAND: POST /session/db7e74ddcaedfecfca9d83c19254142b/execute/async - {"script":"<script> [6424 bytes]","args":[{"element-6066-11e4-a52e-4f735466cecf":"f.624D7720A2383BCF46C1895FE70984DD.d.E6ADD8FA7C653D92E8D43FD5E63AC54B.e.5662"},"setValue",["05/26/25"]]}
COMMAND: POST /session/db7e74ddcaedfecfca9d83c19254142b/execute/async - {"script":"<script> [1562 bytes]","args":[{"selector":{"id":"application-managehandovers-display-component---AddNewHO--dueDate","interaction":{"idSuffix":"inner"}},"wdio_ui5_key":"applicationmanagehandovers-display-component---AddNewHO--dueDate"}]}
RESULT: {"script":"<script> [1562 bytes]","args":[{"selector":{"id":"application-managehandovers-display-component---AddNewHO--dueDate","interaction":{"idSuffix":"inner"}},"wdio_ui5_key":"applicationmanagehandovers-display-component---AddNewHO--dueDate"}]}
COMMAND: POST /session/db7e74ddcaedfecfca9d83c19254142b/execute/async - {"script":"<script> [6424 bytes]","args":[{"element-6066-11e4-a52e-4f735466cecf":"f.624D7720A2383BCF46C1895FE70984DD.d.E6ADD8FA7C653D92E8D43FD5E63AC54B.e.6929"},"setValue",["05/26/25"]]}
RESULT: {"script":"<script> [6424 bytes]","args":[{"element-6066-11e4-a52e-4f735466cecf":"f.624D7720A2383BCF46C1895FE70984DD.d.E6ADD8FA7C653D92E8D43FD5E63AC54B.e.6929"},"setValue",["05/26/25"]]}
COMMAND: POST /session/db7e74ddcaedfecfca9d83c19254142b/element - {"using":"xpath","value":"//bdi[contains(text(), \"Instructions\")]"}
RESULT: {"using":"xpath","value":"//bdi[contains(text(), \"Instructions\")]"}
COMMAND: POST /session/db7e74ddcaedfecfca9d83c19254142b/element/f.624D7720A2383BCF46C1895FE70984DD.d.E6ADD8FA7C653D92E8D43FD5E63AC54B.e.7167/click - {}
RESULT: {}
COMMAND: GET /session/db7e74ddcaedfecfca9d83c19254142b/screenshot - {}
RESULT: {}
COMMAND: POST /session/db7e74ddcaedfecfca9d83c19254142b/element - {"using":"xpath","value":"//button[@data-kt=\"AddNewHOProvideAddItemsButton\"]"}
RESULT: {"using":"xpath","value":"//button[@data-kt=\"AddNewHOProvideAddItemsButton\"]"}
COMMAND: POST /session/db7e74ddcaedfecfca9d83c19254142b/element/f.624D7720A2383BCF46C1895FE70984DD.d.E6ADD8FA7C653D92E8D43FD5E63AC54B.e.7172/click - {}
RESULT: {}
COMMAND: GET /session/db7e74ddcaedfecfca9d83c19254142b/screenshot - {}
RESULT: {}
RESULT: undefined
COMMAND: POST /session/db7e74ddcaedfecfca9d83c19254142b/element - {"using":"xpath","value":"//*[@id=\"application-managehandovers-display-component---AddNewHO--popup-sa\"]"}
RESULT: {"using":"xpath","value":"//*[@id=\"application-managehandovers-display-component---AddNewHO--popup-sa\"]"}
COMMAND: POST /session/db7e74ddcaedfecfca9d83c19254142b/element/f.624D7720A2383BCF46C1895FE70984DD.d.E6ADD8FA7C653D92E8D43FD5E63AC54B.e.7181/click - {}
RESULT: {}
COMMAND: GET /session/db7e74ddcaedfecfca9d83c19254142b/screenshot - {}
RESULT: {}
COMMAND: POST /session/db7e74ddcaedfecfca9d83c19254142b/element - {"using":"xpath","value":"//*[contains(@id ,\"BDI-content\")][contains(text(), \"Select\")]"}
RESULT: {"using":"xpath","value":"//*[contains(@id ,\"BDI-content\")][contains(text(), \"Select\")]"}
COMMAND: POST /session/db7e74ddcaedfecfca9d83c19254142b/element/f.624D7720A2383BCF46C1895FE70984DD.d.E6ADD8FA7C653D92E8D43FD5E63AC54B.e.7183/click - {}
RESULT: {}
COMMAND: GET /session/db7e74ddcaedfecfca9d83c19254142b/screenshot - {}
RESULT: {}
COMMAND: POST /session/db7e74ddcaedfecfca9d83c19254142b/element - {"using":"xpath","value":"//bdi[(text() = 'Save' or . = 'Save')]"}
RESULT: {"using":"xpath","value":"//bdi[(text() = 'Save' or . = 'Save')]"}
COMMAND: POST /session/db7e74ddcaedfecfca9d83c19254142b/element/f.624D7720A2383BCF46C1895FE70984DD.d.E6ADD8FA7C653D92E8D43FD5E63AC54B.e.7191/click - {}
RESULT: {}
COMMAND: GET /session/db7e74ddcaedfecfca9d83c19254142b/screenshot - {}
RESULT: {}
]]></system-out>
    </testcase>
    <testcase classname="chrome.136_0_7103_93.windows.Provide_to_Site_w/_warehouse_management_w_clarification" name="Should test for Handover Execution" time="164.799">
      <system-out><![CDATA[
COMMAND: POST /session/db7e74ddcaedfecfca9d83c19254142b/execute/async - {"script":"<script> [1562 bytes]","args":[{"selector":{"controlType":"sap.m.Link","viewName":"etm.portal.ui.managehandovers.view.DetailExecuteHO","bindingPath":{"path":"","propertyPath":"/wmDoc","modelName":"warehouseMovModel"}},"wdio_ui5_key":"etmportal.ui.managehandovers.view.DetailExecuteHOsap.m.Link{\"path\":\"\",\"propertyPath\":\"/wmDoc\",\"modelName\":\"warehouseMovModel\"}"}]}
RESULT: {"script":"<script> [1562 bytes]","args":[{"selector":{"controlType":"sap.m.Link","viewName":"etm.portal.ui.managehandovers.view.DetailExecuteHO","bindingPath":{"path":"","propertyPath":"/wmDoc","modelName":"warehouseMovModel"}},"wdio_ui5_key":"etmportal.ui.managehandovers.view.DetailExecuteHOsap.m.Link{\"path\":\"\",\"propertyPath\":\"/wmDoc\",\"modelName\":\"warehouseMovModel\"}"}]}
RESULT: undefined
COMMAND: POST /session/db7e74ddcaedfecfca9d83c19254142b/element - {"using":"xpath","value":"//*[@id=\"__link82\"]"}
RESULT: {"using":"xpath","value":"//*[@id=\"__link82\"]"}
COMMAND: POST /session/db7e74ddcaedfecfca9d83c19254142b/element/f.624D7720A2383BCF46C1895FE70984DD.d.E6ADD8FA7C653D92E8D43FD5E63AC54B.e.7234/click - {}
RESULT: {}
COMMAND: GET /session/db7e74ddcaedfecfca9d83c19254142b/screenshot - {}
RESULT: {}
COMMAND: POST /session/db7e74ddcaedfecfca9d83c19254142b/execute/async - {"script":"<script> [1562 bytes]","args":[{"selector":{"controlType":"sap.m.Link","viewName":"etm.portal.ui.managehandovers.view.DetailExecuteHO","properties":{"text":"Warehouse Overview"},"searchOpenDialogs":true},"wdio_ui5_key":"etmportal.ui.managehandovers.view.DetailExecuteHOsap.m.Link{\"text\":\"Warehouse Overview\"}"}]}
RESULT: {"script":"<script> [1562 bytes]","args":[{"selector":{"controlType":"sap.m.Link","viewName":"etm.portal.ui.managehandovers.view.DetailExecuteHO","properties":{"text":"Warehouse Overview"},"searchOpenDialogs":true},"wdio_ui5_key":"etmportal.ui.managehandovers.view.DetailExecuteHOsap.m.Link{\"text\":\"Warehouse Overview\"}"}]}
RESULT: undefined
COMMAND: POST /session/db7e74ddcaedfecfca9d83c19254142b/element - {"using":"xpath","value":"//*[@id=\"__link98\"]"}
RESULT: {"using":"xpath","value":"//*[@id=\"__link98\"]"}
COMMAND: POST /session/db7e74ddcaedfecfca9d83c19254142b/element/f.624D7720A2383BCF46C1895FE70984DD.d.E6ADD8FA7C653D92E8D43FD5E63AC54B.e.7238/click - {}
RESULT: {}
COMMAND: GET /session/db7e74ddcaedfecfca9d83c19254142b/screenshot - {}
COMMAND: POST /session/db7e74ddcaedfecfca9d83c19254142b/execute/async - {"script":"<script> [1562 bytes]","args":[{"selector":{"controlType":"sap.m.Button","viewName":"etm.portal.ui.warehousemovements.view.DisplayMovement","viewId":"application-warehousemovements-display-component---displayMovement","i18NText":{"propertyName":"text","key":"execution"},"interaction":{"idSuffix":"BDI-content"}},"wdio_ui5_key":"etmportal.ui.warehousemovements.view.DisplayMovementsap.m.Button{\"propertyName\":\"text\",\"key\":\"execution\"}"}]}
RESULT: {}
RESULT: {"script":"<script> [1562 bytes]","args":[{"selector":{"controlType":"sap.m.Button","viewName":"etm.portal.ui.warehousemovements.view.DisplayMovement","viewId":"application-warehousemovements-display-component---displayMovement","i18NText":{"propertyName":"text","key":"execution"},"interaction":{"idSuffix":"BDI-content"}},"wdio_ui5_key":"etmportal.ui.warehousemovements.view.DisplayMovementsap.m.Button{\"propertyName\":\"text\",\"key\":\"execution\"}"}]}
RESULT: undefined
COMMAND: POST /session/db7e74ddcaedfecfca9d83c19254142b/element - {"using":"xpath","value":"//*[@id=\"__button247\"]"}
RESULT: {"using":"xpath","value":"//*[@id=\"__button247\"]"}
COMMAND: POST /session/db7e74ddcaedfecfca9d83c19254142b/element/f.624D7720A2383BCF46C1895FE70984DD.d.E6ADD8FA7C653D92E8D43FD5E63AC54B.e.7354/click - {}
RESULT: {}
COMMAND: GET /session/db7e74ddcaedfecfca9d83c19254142b/screenshot - {}
RESULT: {}
COMMAND: POST /session/db7e74ddcaedfecfca9d83c19254142b/execute/async - {"script":"<script> [1562 bytes]","args":[{"selector":{"controlType":"sap.m.Button","viewName":"etm.portal.ui.warehousemovements.view.ExecuteMovement","viewId":"application-warehousemovements-display-component---executeMovement","properties":{"text":"Items"},"interaction":{"idSuffix":"BDI-content"}},"wdio_ui5_key":"etmportal.ui.warehousemovements.view.ExecuteMovementsap.m.Button{\"text\":\"Items\"}"}]}
RESULT: {"script":"<script> [1562 bytes]","args":[{"selector":{"controlType":"sap.m.Button","viewName":"etm.portal.ui.warehousemovements.view.ExecuteMovement","viewId":"application-warehousemovements-display-component---executeMovement","properties":{"text":"Items"},"interaction":{"idSuffix":"BDI-content"}},"wdio_ui5_key":"etmportal.ui.warehousemovements.view.ExecuteMovementsap.m.Button{\"text\":\"Items\"}"}]}
RESULT: undefined
COMMAND: POST /session/db7e74ddcaedfecfca9d83c19254142b/element - {"using":"xpath","value":"//*[@id=\"__layout379-anchBar-application-warehousemovements-display-component---executeMovement--itemsSection-anchor\"]"}
RESULT: {"using":"xpath","value":"//*[@id=\"__layout379-anchBar-application-warehousemovements-display-component---executeMovement--itemsSection-anchor\"]"}
COMMAND: POST /session/db7e74ddcaedfecfca9d83c19254142b/element/f.624D7720A2383BCF46C1895FE70984DD.d.E6ADD8FA7C653D92E8D43FD5E63AC54B.e.7455/click - {}
RESULT: {}
COMMAND: GET /session/db7e74ddcaedfecfca9d83c19254142b/screenshot - {}
RESULT: {}
COMMAND: POST /session/db7e74ddcaedfecfca9d83c19254142b/execute/async - {"script":"<script> [1562 bytes]","args":[{"selector":{"controlType":"sap.m.ToggleButton","viewName":"etm.portal.ui.warehousemovements.view.ExecuteMovement","viewId":"application-warehousemovements-display-component---executeMovement","bindingPath":{"propertyPath":"STATUS","modelName":"catalogModel"},"interaction":{"idSuffix":"BDI-content"}},"wdio_ui5_key":"etmportal.ui.warehousemovements.view.ExecuteMovementsap.m.ToggleButton{\"propertyPath\":\"STATUS\",\"modelName\":\"catalogModel\"}"}]}
RESULT: {"script":"<script> [1562 bytes]","args":[{"selector":{"controlType":"sap.m.ToggleButton","viewName":"etm.portal.ui.warehousemovements.view.ExecuteMovement","viewId":"application-warehousemovements-display-component---executeMovement","bindingPath":{"propertyPath":"STATUS","modelName":"catalogModel"},"interaction":{"idSuffix":"BDI-content"}},"wdio_ui5_key":"etmportal.ui.warehousemovements.view.ExecuteMovementsap.m.ToggleButton{\"propertyPath\":\"STATUS\",\"modelName\":\"catalogModel\"}"}]}
RESULT: undefined
COMMAND: POST /session/db7e74ddcaedfecfca9d83c19254142b/element - {"using":"xpath","value":"//*[@id=\"__button272-__clone2685\"]"}
RESULT: {"using":"xpath","value":"//*[@id=\"__button272-__clone2685\"]"}
COMMAND: POST /session/db7e74ddcaedfecfca9d83c19254142b/element/f.624D7720A2383BCF46C1895FE70984DD.d.E6ADD8FA7C653D92E8D43FD5E63AC54B.e.7460/click - {}
RESULT: {}
RESULT: undefined
COMMAND: POST /session/db7e74ddcaedfecfca9d83c19254142b/element - {"using":"xpath","value":"//*[@id=\"__button272-__clone2685\"]"}
COMMAND: GET /session/db7e74ddcaedfecfca9d83c19254142b/screenshot - {}
RESULT: {"using":"xpath","value":"//*[@id=\"__button272-__clone2685\"]"}
COMMAND: POST /session/db7e74ddcaedfecfca9d83c19254142b/element/f.624D7720A2383BCF46C1895FE70984DD.d.E6ADD8FA7C653D92E8D43FD5E63AC54B.e.7460/click - {}
RESULT: {}
RESULT: {}
COMMAND: GET /session/db7e74ddcaedfecfca9d83c19254142b/screenshot - {}
RESULT: {}
COMMAND: POST /session/db7e74ddcaedfecfca9d83c19254142b/element - {"using":"xpath","value":"//section[contains(@id,\"FC-NoHead\")]/div[1]/div[5]/div[2]/span"}
RESULT: {"using":"xpath","value":"//section[contains(@id,\"FC-NoHead\")]/div[1]/div[5]/div[2]/span"}
COMMAND: POST /session/db7e74ddcaedfecfca9d83c19254142b/elements - {"using":"xpath","value":"//section[contains(@id,\"FC-NoHead\")]/div[1]/div[5]/div[2]/span"}
RESULT: {"using":"xpath","value":"//section[contains(@id,\"FC-NoHead\")]/div[1]/div[5]/div[2]/span"}
COMMAND: POST /session/db7e74ddcaedfecfca9d83c19254142b/execute/sync - {"script":"<script> [56 bytes]","args":[{"element-6066-11e4-a52e-4f735466cecf":"f.624D7720A2383BCF46C1895FE70984DD.d.E6ADD8FA7C653D92E8D43FD5E63AC54B.e.7462","ELEMENT":"f.624D7720A2383BCF46C1895FE70984DD.d.E6ADD8FA7C653D92E8D43FD5E63AC54B.e.7462"}]}
RESULT: {"script":"<script> [56 bytes]","args":[{"element-6066-11e4-a52e-4f735466cecf":"f.624D7720A2383BCF46C1895FE70984DD.d.E6ADD8FA7C653D92E8D43FD5E63AC54B.e.7462","ELEMENT":"f.624D7720A2383BCF46C1895FE70984DD.d.E6ADD8FA7C653D92E8D43FD5E63AC54B.e.7462"}]}
COMMAND: POST /session/db7e74ddcaedfecfca9d83c19254142b/actions - {"actions":[{"id":"action23","type":"key","parameters":{},"actions":[{"type":"keyDown","value":""},{"type":"pause","duration":10},{"type":"keyUp","value":""}]}]}
COMMAND: GET /session/db7e74ddcaedfecfca9d83c19254142b/screenshot - {}
RESULT: {"actions":[{"id":"action23","type":"key","parameters":{},"actions":[{"type":"keyDown","value":""},{"type":"pause","duration":10},{"type":"keyUp","value":""}]}]}
COMMAND: POST /session/db7e74ddcaedfecfca9d83c19254142b/execute/async - {"script":"<script> [1562 bytes]","args":[{"selector":{"id":"application-warehousemovements-display-component---executeMovement--executeId","interaction":{"idSuffix":"BDI-content"}},"wdio_ui5_key":"applicationwarehousemovements-display-component---executeMovement--executeId"}]}
COMMAND: GET /session/db7e74ddcaedfecfca9d83c19254142b/screenshot - {}
RESULT: {}
RESULT: {"script":"<script> [1562 bytes]","args":[{"selector":{"id":"application-warehousemovements-display-component---executeMovement--executeId","interaction":{"idSuffix":"BDI-content"}},"wdio_ui5_key":"applicationwarehousemovements-display-component---executeMovement--executeId"}]}
RESULT: undefined
COMMAND: POST /session/db7e74ddcaedfecfca9d83c19254142b/element - {"using":"xpath","value":"//*[@id=\"application-warehousemovements-display-component---executeMovement--executeId\"]"}
RESULT: {}
RESULT: {"using":"xpath","value":"//*[@id=\"application-warehousemovements-display-component---executeMovement--executeId\"]"}
COMMAND: POST /session/db7e74ddcaedfecfca9d83c19254142b/element/f.624D7720A2383BCF46C1895FE70984DD.d.E6ADD8FA7C653D92E8D43FD5E63AC54B.e.7427/click - {}
RESULT: {}
COMMAND: GET /session/db7e74ddcaedfecfca9d83c19254142b/screenshot - {}
RESULT: {}
COMMAND: POST /session/db7e74ddcaedfecfca9d83c19254142b/element - {"using":"css selector","value":"#shell-header-logo"}
RESULT: {"using":"css selector","value":"#shell-header-logo"}
COMMAND: POST /session/db7e74ddcaedfecfca9d83c19254142b/element/f.624D7720A2383BCF46C1895FE70984DD.d.E6ADD8FA7C653D92E8D43FD5E63AC54B.e.6222/click - {}
RESULT: {}
COMMAND: GET /session/db7e74ddcaedfecfca9d83c19254142b/screenshot - {}
RESULT: {}
RESULT: undefined
COMMAND: POST /session/db7e74ddcaedfecfca9d83c19254142b/element - {"using":"xpath","value":"//*[@id=\"__tile131\"]"}
RESULT: {"using":"xpath","value":"//*[@id=\"__tile131\"]"}
COMMAND: POST /session/db7e74ddcaedfecfca9d83c19254142b/element/f.624D7720A2383BCF46C1895FE70984DD.d.E6ADD8FA7C653D92E8D43FD5E63AC54B.e.4612/click - {}
RESULT: {}
COMMAND: GET /session/db7e74ddcaedfecfca9d83c19254142b/screenshot - {}
RESULT: {}
COMMAND: POST /session/db7e74ddcaedfecfca9d83c19254142b/elements - {"using":"xpath","value":"//span[text()='Error']"}
RESULT: {"using":"xpath","value":"//span[text()='Error']"}
COMMAND: POST /session/db7e74ddcaedfecfca9d83c19254142b/execute/async - {"script":"<script> [1562 bytes]","args":[{"selector":{"controlType":"sap.m.SearchField","viewName":"etm.portal.ui.managehandovers.view.MasterHO","bindingPath":{"propertyPath":"/_BASIC_SEARCH_FIELD","modelName":"fi1t3rM0d31"},"interaction":{"idSuffix":"I"}},"wdio_ui5_key":"etmportal.ui.managehandovers.view.MasterHOsap.m.SearchField{\"propertyPath\":\"/_BASIC_SEARCH_FIELD\",\"modelName\":\"fi1t3rM0d31\"}"}]}
RESULT: {"script":"<script> [1562 bytes]","args":[{"selector":{"controlType":"sap.m.SearchField","viewName":"etm.portal.ui.managehandovers.view.MasterHO","bindingPath":{"propertyPath":"/_BASIC_SEARCH_FIELD","modelName":"fi1t3rM0d31"},"interaction":{"idSuffix":"I"}},"wdio_ui5_key":"etmportal.ui.managehandovers.view.MasterHOsap.m.SearchField{\"propertyPath\":\"/_BASIC_SEARCH_FIELD\",\"modelName\":\"fi1t3rM0d31\"}"}]}
RESULT: undefined
COMMAND: POST /session/db7e74ddcaedfecfca9d83c19254142b/execute/async - {"script":"<script> [776 bytes]","args":[{"enterText":"30579","selector":{"controlType":"sap.m.SearchField","viewName":"etm.portal.ui.managehandovers.view.MasterHO","bindingPath":{"propertyPath":"/_BASIC_SEARCH_FIELD","modelName":"fi1t3rM0d31"},"interaction":{"idSuffix":"I"}},"clearTextFirst":true,"interactionType":"ENTER_TEXT"}]}
RESULT: {"script":"<script> [776 bytes]","args":[{"enterText":"30579","selector":{"controlType":"sap.m.SearchField","viewName":"etm.portal.ui.managehandovers.view.MasterHO","bindingPath":{"propertyPath":"/_BASIC_SEARCH_FIELD","modelName":"fi1t3rM0d31"},"interaction":{"idSuffix":"I"}},"clearTextFirst":true,"interactionType":"ENTER_TEXT"}]}
COMMAND: POST /session/db7e74ddcaedfecfca9d83c19254142b/actions - {"actions":[{"id":"action24","type":"key","parameters":{},"actions":[{"type":"keyDown","value":""},{"type":"pause","duration":10},{"type":"keyUp","value":""}]}]}
RESULT: {"actions":[{"id":"action24","type":"key","parameters":{},"actions":[{"type":"keyDown","value":""},{"type":"pause","duration":10},{"type":"keyUp","value":""}]}]}
COMMAND: GET /session/db7e74ddcaedfecfca9d83c19254142b/screenshot - {}
RESULT: {}
COMMAND: POST /session/db7e74ddcaedfecfca9d83c19254142b/execute/async - {"script":"<script> [1562 bytes]","args":[{"selector":{"controlType":"sap.ui.core.Icon","viewName":"etm.portal.ui.managehandovers.view.MasterHO","properties":{"src":{"regex":{"source":"slim\\-arrow\\-right"}}}},"wdio_ui5_key":"etmportal.ui.managehandovers.view.MasterHOsap.ui.core.Icon{\"src\":{\"regex\":{\"source\":\"slim\\\\-arrow\\\\-right\"}}}"}]}
RESULT: {"script":"<script> [1562 bytes]","args":[{"selector":{"controlType":"sap.ui.core.Icon","viewName":"etm.portal.ui.managehandovers.view.MasterHO","properties":{"src":{"regex":{"source":"slim\\-arrow\\-right"}}}},"wdio_ui5_key":"etmportal.ui.managehandovers.view.MasterHOsap.ui.core.Icon{\"src\":{\"regex\":{\"source\":\"slim\\\\-arrow\\\\-right\"}}}"}]}
RESULT: undefined
COMMAND: POST /session/db7e74ddcaedfecfca9d83c19254142b/element - {"using":"xpath","value":"//*[@id=\"__item1412-__clone2764-imgNav\"]"}
RESULT: {"using":"xpath","value":"//*[@id=\"__item1412-__clone2764-imgNav\"]"}
COMMAND: POST /session/db7e74ddcaedfecfca9d83c19254142b/element/f.624D7720A2383BCF46C1895FE70984DD.d.E6ADD8FA7C653D92E8D43FD5E63AC54B.e.7631/click - {}
RESULT: {}
COMMAND: GET /session/db7e74ddcaedfecfca9d83c19254142b/screenshot - {}
RESULT: {}
COMMAND: POST /session/db7e74ddcaedfecfca9d83c19254142b/element - {"using":"xpath","value":"//button[@data-kt=\"IssuingTableConfirmAllButton\"]"}
RESULT: {"using":"xpath","value":"//button[@data-kt=\"IssuingTableConfirmAllButton\"]"}
COMMAND: POST /session/db7e74ddcaedfecfca9d83c19254142b/element/f.624D7720A2383BCF46C1895FE70984DD.d.E6ADD8FA7C653D92E8D43FD5E63AC54B.e.7727/click - {}
RESULT: {}
COMMAND: GET /session/db7e74ddcaedfecfca9d83c19254142b/screenshot - {}
RESULT: {}
COMMAND: POST /session/db7e74ddcaedfecfca9d83c19254142b/element - {"using":"xpath","value":"//bdi[contains(text(), \"OK\")]"}
RESULT: {"using":"xpath","value":"//bdi[contains(text(), \"OK\")]"}
COMMAND: POST /session/db7e74ddcaedfecfca9d83c19254142b/element/f.624D7720A2383BCF46C1895FE70984DD.d.E6ADD8FA7C653D92E8D43FD5E63AC54B.e.7733/click - {}
RESULT: {}
COMMAND: GET /session/db7e74ddcaedfecfca9d83c19254142b/screenshot - {}
RESULT: {}
COMMAND: POST /session/db7e74ddcaedfecfca9d83c19254142b/element - {"using":"xpath","value":"//button[@data-kt=\"execHoIssueButton\"]"}
RESULT: {"using":"xpath","value":"//button[@data-kt=\"execHoIssueButton\"]"}
COMMAND: POST /session/db7e74ddcaedfecfca9d83c19254142b/element/f.624D7720A2383BCF46C1895FE70984DD.d.E6ADD8FA7C653D92E8D43FD5E63AC54B.e.7735/click - {}
RESULT: {}
COMMAND: GET /session/db7e74ddcaedfecfca9d83c19254142b/screenshot - {}
RESULT: {}
RESULT: undefined
COMMAND: POST /session/db7e74ddcaedfecfca9d83c19254142b/execute/async - {"script":"<script> [776 bytes]","args":[{"enterText":"30579","selector":{"controlType":"sap.m.SearchField","viewName":"etm.portal.ui.managehandovers.view.MasterHO","bindingPath":{"propertyPath":"/_BASIC_SEARCH_FIELD","modelName":"fi1t3rM0d31"},"interaction":{"idSuffix":"I"}},"clearTextFirst":true,"interactionType":"ENTER_TEXT"}]}
RESULT: {"script":"<script> [776 bytes]","args":[{"enterText":"30579","selector":{"controlType":"sap.m.SearchField","viewName":"etm.portal.ui.managehandovers.view.MasterHO","bindingPath":{"propertyPath":"/_BASIC_SEARCH_FIELD","modelName":"fi1t3rM0d31"},"interaction":{"idSuffix":"I"}},"clearTextFirst":true,"interactionType":"ENTER_TEXT"}]}
COMMAND: POST /session/db7e74ddcaedfecfca9d83c19254142b/actions - {"actions":[{"id":"action25","type":"key","parameters":{},"actions":[{"type":"keyDown","value":""},{"type":"pause","duration":10},{"type":"keyUp","value":""}]}]}
RESULT: {"actions":[{"id":"action25","type":"key","parameters":{},"actions":[{"type":"keyDown","value":""},{"type":"pause","duration":10},{"type":"keyUp","value":""}]}]}
COMMAND: GET /session/db7e74ddcaedfecfca9d83c19254142b/screenshot - {}
RESULT: {}
COMMAND: POST /session/db7e74ddcaedfecfca9d83c19254142b/element - {"using":"xpath","value":"//span[(text() = '30579' or . = '30579')]"}
RESULT: {"using":"xpath","value":"//span[(text() = '30579' or . = '30579')]"}
COMMAND: POST /session/db7e74ddcaedfecfca9d83c19254142b/element/f.624D7720A2383BCF46C1895FE70984DD.d.E6ADD8FA7C653D92E8D43FD5E63AC54B.e.7781/click - {}
RESULT: {}
COMMAND: GET /session/db7e74ddcaedfecfca9d83c19254142b/screenshot - {}
RESULT: {}
COMMAND: POST /session/db7e74ddcaedfecfca9d83c19254142b/element - {"using":"xpath","value":"//span[contains(text(), \"Instructions\")]"}
RESULT: {"using":"xpath","value":"//span[contains(text(), \"Instructions\")]"}
COMMAND: POST /session/db7e74ddcaedfecfca9d83c19254142b/element/f.624D7720A2383BCF46C1895FE70984DD.d.E6ADD8FA7C653D92E8D43FD5E63AC54B.e.7825/click - {}
RESULT: {}
COMMAND: GET /session/db7e74ddcaedfecfca9d83c19254142b/screenshot - {}
RESULT: {}
COMMAND: POST /session/db7e74ddcaedfecfca9d83c19254142b/element - {"using":"xpath","value":"//span[contains(text(), \"Instructions\")]"}
RESULT: {"using":"xpath","value":"//span[contains(text(), \"Instructions\")]"}
COMMAND: POST /session/db7e74ddcaedfecfca9d83c19254142b/element/f.624D7720A2383BCF46C1895FE70984DD.d.E6ADD8FA7C653D92E8D43FD5E63AC54B.e.7825/click - {}
RESULT: {}
COMMAND: GET /session/db7e74ddcaedfecfca9d83c19254142b/screenshot - {}
RESULT: {}
COMMAND: POST /session/db7e74ddcaedfecfca9d83c19254142b/execute/async - {"script":"<script> [1562 bytes]","args":[{"selector":{"controlType":"sap.m.ComboBox","viewName":"etm.portal.ui.managehandovers.view.DetailExecuteHO","bindingPath":{"propertyPath":"RECEIVING_SECTION","modelName":"catalogModel"},"interaction":{"idSuffix":"inner"}},"wdio_ui5_key":"etmportal.ui.managehandovers.view.DetailExecuteHOsap.m.ComboBox{\"propertyPath\":\"RECEIVING_SECTION\",\"modelName\":\"catalogModel\"}"}]}
RESULT: {"script":"<script> [1562 bytes]","args":[{"selector":{"controlType":"sap.m.ComboBox","viewName":"etm.portal.ui.managehandovers.view.DetailExecuteHO","bindingPath":{"propertyPath":"RECEIVING_SECTION","modelName":"catalogModel"},"interaction":{"idSuffix":"inner"}},"wdio_ui5_key":"etmportal.ui.managehandovers.view.DetailExecuteHOsap.m.ComboBox{\"propertyPath\":\"RECEIVING_SECTION\",\"modelName\":\"catalogModel\"}"}]}
RESULT: undefined
COMMAND: POST /session/db7e74ddcaedfecfca9d83c19254142b/execute/async - {"script":"<script> [776 bytes]","args":[{"enterText":"WDIO-2158","selector":{"controlType":"sap.m.ComboBox","viewName":"etm.portal.ui.managehandovers.view.DetailExecuteHO","bindingPath":{"propertyPath":"RECEIVING_SECTION","modelName":"catalogModel"},"interaction":{"idSuffix":"inner"}},"clearTextFirst":true,"interactionType":"ENTER_TEXT"}]}
RESULT: {"script":"<script> [776 bytes]","args":[{"enterText":"WDIO-2158","selector":{"controlType":"sap.m.ComboBox","viewName":"etm.portal.ui.managehandovers.view.DetailExecuteHO","bindingPath":{"propertyPath":"RECEIVING_SECTION","modelName":"catalogModel"},"interaction":{"idSuffix":"inner"}},"clearTextFirst":true,"interactionType":"ENTER_TEXT"}]}
COMMAND: POST /session/db7e74ddcaedfecfca9d83c19254142b/actions - {"actions":[{"id":"action26","type":"key","parameters":{},"actions":[{"type":"keyDown","value":""},{"type":"pause","duration":10},{"type":"keyUp","value":""}]}]}
RESULT: {"actions":[{"id":"action26","type":"key","parameters":{},"actions":[{"type":"keyDown","value":""},{"type":"pause","duration":10},{"type":"keyUp","value":""}]}]}
COMMAND: GET /session/db7e74ddcaedfecfca9d83c19254142b/screenshot - {}
RESULT: {}
COMMAND: POST /session/db7e74ddcaedfecfca9d83c19254142b/element - {"using":"xpath","value":"//button[@data-kt= \"execHoReceiveButton\"]"}
RESULT: {"using":"xpath","value":"//button[@data-kt= \"execHoReceiveButton\"]"}
COMMAND: POST /session/db7e74ddcaedfecfca9d83c19254142b/element/f.624D7720A2383BCF46C1895FE70984DD.d.E6ADD8FA7C653D92E8D43FD5E63AC54B.e.7831/click - {}
RESULT: {}
COMMAND: GET /session/db7e74ddcaedfecfca9d83c19254142b/screenshot - {}
RESULT: {}
COMMAND: POST /session/db7e74ddcaedfecfca9d83c19254142b/execute/async - {"script":"<script> [1562 bytes]","args":[{"selector":{"controlType":"sap.m.Button","properties":{"text":"Continue"},"searchOpenDialogs":true,"interaction":{"idSuffix":"content"}},"wdio_ui5_key":"sapm.Button{\"text\":\"Continue\"}"}]}
RESULT: {"script":"<script> [1562 bytes]","args":[{"selector":{"controlType":"sap.m.Button","properties":{"text":"Continue"},"searchOpenDialogs":true,"interaction":{"idSuffix":"content"}},"wdio_ui5_key":"sapm.Button{\"text\":\"Continue\"}"}]}
RESULT: undefined
COMMAND: POST /session/db7e74ddcaedfecfca9d83c19254142b/element - {"using":"xpath","value":"//*[@id=\"__mbox-btn-6\"]"}
RESULT: {"using":"xpath","value":"//*[@id=\"__mbox-btn-6\"]"}
COMMAND: POST /session/db7e74ddcaedfecfca9d83c19254142b/element/f.624D7720A2383BCF46C1895FE70984DD.d.E6ADD8FA7C653D92E8D43FD5E63AC54B.e.7832/click - {}
RESULT: {}
COMMAND: GET /session/db7e74ddcaedfecfca9d83c19254142b/screenshot - {}
RESULT: {}
COMMAND: POST /session/db7e74ddcaedfecfca9d83c19254142b/element - {"using":"css selector","value":"#shell-header-logo"}
RESULT: {"using":"css selector","value":"#shell-header-logo"}
COMMAND: POST /session/db7e74ddcaedfecfca9d83c19254142b/element/f.624D7720A2383BCF46C1895FE70984DD.d.E6ADD8FA7C653D92E8D43FD5E63AC54B.e.7512/click - {}
RESULT: {}
COMMAND: GET /session/db7e74ddcaedfecfca9d83c19254142b/screenshot - {}
RESULT: {}
]]></system-out>
    </testcase>
    <testcase classname="chrome.136_0_7103_93.windows.Provide_to_Site_w/_warehouse_management_w_clarification" name="Should test for Clarification" time="71.023">
      <system-out><![CDATA[
RESULT: undefined
COMMAND: POST /session/db7e74ddcaedfecfca9d83c19254142b/element - {"using":"xpath","value":"//*[@id=\"__tile131\"]"}
RESULT: {"using":"xpath","value":"//*[@id=\"__tile131\"]"}
COMMAND: POST /session/db7e74ddcaedfecfca9d83c19254142b/element/f.624D7720A2383BCF46C1895FE70984DD.d.E6ADD8FA7C653D92E8D43FD5E63AC54B.e.4612/click - {}
RESULT: {}
COMMAND: GET /session/db7e74ddcaedfecfca9d83c19254142b/screenshot - {}
RESULT: {}
COMMAND: POST /session/db7e74ddcaedfecfca9d83c19254142b/elements - {"using":"xpath","value":"//span[text()='Error']"}
RESULT: {"using":"xpath","value":"//span[text()='Error']"}
RESULT: undefined
COMMAND: POST /session/db7e74ddcaedfecfca9d83c19254142b/execute/async - {"script":"<script> [776 bytes]","args":[{"enterText":"30579","selector":{"controlType":"sap.m.SearchField","viewName":"etm.portal.ui.managehandovers.view.MasterHO","bindingPath":{"propertyPath":"/_BASIC_SEARCH_FIELD","modelName":"fi1t3rM0d31"},"interaction":{"idSuffix":"I"}},"clearTextFirst":true,"interactionType":"ENTER_TEXT"}]}
RESULT: {"script":"<script> [776 bytes]","args":[{"enterText":"30579","selector":{"controlType":"sap.m.SearchField","viewName":"etm.portal.ui.managehandovers.view.MasterHO","bindingPath":{"propertyPath":"/_BASIC_SEARCH_FIELD","modelName":"fi1t3rM0d31"},"interaction":{"idSuffix":"I"}},"clearTextFirst":true,"interactionType":"ENTER_TEXT"}]}
COMMAND: POST /session/db7e74ddcaedfecfca9d83c19254142b/actions - {"actions":[{"id":"action27","type":"key","parameters":{},"actions":[{"type":"keyDown","value":""},{"type":"pause","duration":10},{"type":"keyUp","value":""}]}]}
RESULT: {"actions":[{"id":"action27","type":"key","parameters":{},"actions":[{"type":"keyDown","value":""},{"type":"pause","duration":10},{"type":"keyUp","value":""}]}]}
COMMAND: GET /session/db7e74ddcaedfecfca9d83c19254142b/screenshot - {}
RESULT: {}
COMMAND: POST /session/db7e74ddcaedfecfca9d83c19254142b/element - {"using":"xpath","value":"//span[(text() = '30579' or . = '30579')]"}
RESULT: {"using":"xpath","value":"//span[(text() = '30579' or . = '30579')]"}
COMMAND: POST /session/db7e74ddcaedfecfca9d83c19254142b/element/f.624D7720A2383BCF46C1895FE70984DD.d.E6ADD8FA7C653D92E8D43FD5E63AC54B.e.7984/click - {}
RESULT: {}
COMMAND: GET /session/db7e74ddcaedfecfca9d83c19254142b/screenshot - {}
RESULT: {}
COMMAND: POST /session/db7e74ddcaedfecfca9d83c19254142b/element - {"using":"xpath","value":"//span[contains(text(), \"Instructions\")]"}
RESULT: {"using":"xpath","value":"//span[contains(text(), \"Instructions\")]"}
COMMAND: POST /session/db7e74ddcaedfecfca9d83c19254142b/element/f.624D7720A2383BCF46C1895FE70984DD.d.E6ADD8FA7C653D92E8D43FD5E63AC54B.e.8081/click - {}
RESULT: {}
COMMAND: GET /session/db7e74ddcaedfecfca9d83c19254142b/screenshot - {}
RESULT: {}
COMMAND: POST /session/db7e74ddcaedfecfca9d83c19254142b/element - {"using":"xpath","value":"//span[contains(text(), \"Instructions\")]"}
RESULT: {"using":"xpath","value":"//span[contains(text(), \"Instructions\")]"}
COMMAND: POST /session/db7e74ddcaedfecfca9d83c19254142b/element/f.624D7720A2383BCF46C1895FE70984DD.d.E6ADD8FA7C653D92E8D43FD5E63AC54B.e.8081/click - {}
RESULT: {}
COMMAND: GET /session/db7e74ddcaedfecfca9d83c19254142b/screenshot - {}
RESULT: {}
COMMAND: POST /session/db7e74ddcaedfecfca9d83c19254142b/element - {"using":"xpath","value":"//button[.//bdi[text() = \"Refuse\"]]"}
RESULT: {"using":"xpath","value":"//button[.//bdi[text() = \"Refuse\"]]"}
COMMAND: POST /session/db7e74ddcaedfecfca9d83c19254142b/element/f.624D7720A2383BCF46C1895FE70984DD.d.E6ADD8FA7C653D92E8D43FD5E63AC54B.e.8087/click - {}
RESULT: {}
COMMAND: GET /session/db7e74ddcaedfecfca9d83c19254142b/screenshot - {}
RESULT: {}
COMMAND: POST /session/db7e74ddcaedfecfca9d83c19254142b/element - {"using":"xpath","value":"//button[@data-kt= \"execHoReceiveRefuseButton\"]"}
RESULT: {"using":"xpath","value":"//button[@data-kt= \"execHoReceiveRefuseButton\"]"}
COMMAND: POST /session/db7e74ddcaedfecfca9d83c19254142b/element/f.624D7720A2383BCF46C1895FE70984DD.d.E6ADD8FA7C653D92E8D43FD5E63AC54B.e.8089/click - {}
RESULT: {}
COMMAND: GET /session/db7e74ddcaedfecfca9d83c19254142b/screenshot - {}
RESULT: {}
COMMAND: POST /session/db7e74ddcaedfecfca9d83c19254142b/element - {"using":"css selector","value":"#shell-header-logo"}
RESULT: {"using":"css selector","value":"#shell-header-logo"}
COMMAND: POST /session/db7e74ddcaedfecfca9d83c19254142b/element/f.624D7720A2383BCF46C1895FE70984DD.d.E6ADD8FA7C653D92E8D43FD5E63AC54B.e.7873/click - {}
RESULT: {}
COMMAND: GET /session/db7e74ddcaedfecfca9d83c19254142b/screenshot - {}
RESULT: {}
COMMAND: POST /session/db7e74ddcaedfecfca9d83c19254142b/element - {"using":"css selector","value":"#j_username"}
COMMAND: POST /session/db7e74ddcaedfecfca9d83c19254142b/url - {"url":"https://qa-testing-00-live-etm-ui.cfapps.eu10-004.hana.ondemand.com/"}
RESULT: {"using":"css selector","value":"#j_username"}
COMMAND: POST /session/db7e74ddcaedfecfca9d83c19254142b/element - {"using":"css selector","value":"#j_username"}
RESULT: {"url":"https://qa-testing-00-live-etm-ui.cfapps.eu10-004.hana.ondemand.com/"}
RESULT: undefined
COMMAND: GET /session/db7e74ddcaedfecfca9d83c19254142b/screenshot - {}
RESULT: {"using":"css selector","value":"#j_username"}
COMMAND: POST /session/db7e74ddcaedfecfca9d83c19254142b/element - {"using":"css selector","value":"#shell-header-logo"}
RESULT: {}
RESULT: {"using":"css selector","value":"#shell-header-logo"}
COMMAND: POST /session/db7e74ddcaedfecfca9d83c19254142b/execute/sync - {"script":"<script> [8489 bytes]","args":[{"element-6066-11e4-a52e-4f735466cecf":"f.624D7720A2383BCF46C1895FE70984DD.d.788A83A60C01D692525C03BEB63C8D42.e.8152","ELEMENT":"f.624D7720A2383BCF46C1895FE70984DD.d.788A83A60C01D692525C03BEB63C8D42.e.8152"}]}
RESULT: {"script":"<script> [8489 bytes]","args":[{"element-6066-11e4-a52e-4f735466cecf":"f.624D7720A2383BCF46C1895FE70984DD.d.788A83A60C01D692525C03BEB63C8D42.e.8152","ELEMENT":"f.624D7720A2383BCF46C1895FE70984DD.d.788A83A60C01D692525C03BEB63C8D42.e.8152"}]}
COMMAND: POST /session/db7e74ddcaedfecfca9d83c19254142b/element - {"using":"css selector","value":"#shell-header-logo"}
COMMAND: GET /session/db7e74ddcaedfecfca9d83c19254142b/screenshot - {}
RESULT: {"using":"css selector","value":"#shell-header-logo"}
COMMAND: POST /session/db7e74ddcaedfecfca9d83c19254142b/execute/sync - {"script":"<script> [8489 bytes]","args":[{"element-6066-11e4-a52e-4f735466cecf":"f.624D7720A2383BCF46C1895FE70984DD.d.788A83A60C01D692525C03BEB63C8D42.e.8152","ELEMENT":"f.624D7720A2383BCF46C1895FE70984DD.d.788A83A60C01D692525C03BEB63C8D42.e.8152"}]}
RESULT: {}
RESULT: {"script":"<script> [8489 bytes]","args":[{"element-6066-11e4-a52e-4f735466cecf":"f.624D7720A2383BCF46C1895FE70984DD.d.788A83A60C01D692525C03BEB63C8D42.e.8152","ELEMENT":"f.624D7720A2383BCF46C1895FE70984DD.d.788A83A60C01D692525C03BEB63C8D42.e.8152"}]}
COMMAND: POST /session/db7e74ddcaedfecfca9d83c19254142b/execute/sync - {"script":"<script> [5351 bytes]","args":[{"element-6066-11e4-a52e-4f735466cecf":"f.624D7720A2383BCF46C1895FE70984DD.d.788A83A60C01D692525C03BEB63C8D42.e.8152","ELEMENT":"f.624D7720A2383BCF46C1895FE70984DD.d.788A83A60C01D692525C03BEB63C8D42.e.8152"}]}
COMMAND: GET /session/db7e74ddcaedfecfca9d83c19254142b/screenshot - {}
RESULT: {"script":"<script> [5351 bytes]","args":[{"element-6066-11e4-a52e-4f735466cecf":"f.624D7720A2383BCF46C1895FE70984DD.d.788A83A60C01D692525C03BEB63C8D42.e.8152","ELEMENT":"f.624D7720A2383BCF46C1895FE70984DD.d.788A83A60C01D692525C03BEB63C8D42.e.8152"}]}
COMMAND: POST /session/db7e74ddcaedfecfca9d83c19254142b/element - {"using":"css selector","value":"#shell-header-logo"}
COMMAND: GET /session/db7e74ddcaedfecfca9d83c19254142b/screenshot - {}
RESULT: {}
RESULT: {"using":"css selector","value":"#shell-header-logo"}
COMMAND: POST /session/db7e74ddcaedfecfca9d83c19254142b/element/f.624D7720A2383BCF46C1895FE70984DD.d.788A83A60C01D692525C03BEB63C8D42.e.8152/click - {}
RESULT: {}
RESULT: {}
COMMAND: GET /session/db7e74ddcaedfecfca9d83c19254142b/screenshot - {}
RESULT: {}
COMMAND: POST /session/db7e74ddcaedfecfca9d83c19254142b/execute/async - {"script":"<script> [189 bytes]","args":[]}
RESULT: {"script":"<script> [189 bytes]","args":[]}
COMMAND: POST /session/db7e74ddcaedfecfca9d83c19254142b/execute/async - {"script":"<script> [123 bytes]","args":[]}
RESULT: {"script":"<script> [123 bytes]","args":[]}
COMMAND: POST /session/db7e74ddcaedfecfca9d83c19254142b/timeouts - {"script":"<number>"}
RESULT: {"script":"<number>"}
COMMAND: GET /session/db7e74ddcaedfecfca9d83c19254142b/timeouts - {}
RESULT: {}
RESULT: undefined
COMMAND: POST /session/db7e74ddcaedfecfca9d83c19254142b/execute/async - {"script":"<script> [2676 bytes]","args":[]}
RESULT: {"script":"<script> [2676 bytes]","args":[]}
COMMAND: POST /session/db7e74ddcaedfecfca9d83c19254142b/execute/async - {"script":"<script> [2342 bytes]","args":[{"protocol":"http","hostname":"0.0.0.0","path":"/","capabilities":{"browserName":"chrome","goog:chromeOptions":{"binary":"C:\\Program Files\\Google\\Chrome\\Application\\chrome.exe","args":["--start-maximized"]}},"logLevel":"warn","connectionRetryTimeout":120000,"connectionRetryCount":3,"logLevels":{},"enableDirectConnect":true,"strictSSL":true,"_":"65 more keys: [\"cacheDir\",\"port\",\"requestedCapabilities\",\"automationProtocol\",\"baseUrl\",\"waitforInterval\",\"waitforTimeout\",\"onReload\",\"beforeCommand\",\"afterCommand\",\"rootDir\",\"specs\",\"suites\",\"exclude\",\"groupLogsByTestSpec\",\"excludeDriverLogs\",\"bail\",\"framework\",\"reporters\",\"services\",\"maxInstances\",\"maxInstancesPerCapability\",\"injectGlobals\",\"filesToWatch\",\"execArgv\",\"runnerEnv\",\"runner\",\"shard\",\"specFileRetries\",\"specFileRetriesDelay\",\"specFileRetriesDeferred\",\"reporterSyncInterval\",\"reporterSyncTimeout\",\"cucumberFeaturesWithLineNumbers\",\"autoCompileOpts\",\"mochaOpts\",\"jasmineOpts\",\"cucumberOpts\",\"onPrepare\",\"onWorkerStart\",\"onWorkerEnd\",\"before\",\"beforeSession\",\"beforeSuite\",\"beforeHook\",\"beforeTest\",\"afterTest\",\"afterHook\",\"afterSuite\",\"afterSession\",\"after\",\"onComplete\",\"beforeAssertion\",\"afterAssertion\",\"beforeFeature\",\"beforeScenario\",\"beforeStep\",\"afterStep\",\"afterScenario\",\"afterFeature\",\"_\",\"suite\",\"$0\",\"ignoredWorkerServices\",\"wdi5\"]"}]}
RESULT: {"script":"<script> [2342 bytes]","args":[{"protocol":"http","hostname":"0.0.0.0","path":"/","capabilities":{"browserName":"chrome","goog:chromeOptions":{"binary":"C:\\Program Files\\Google\\Chrome\\Application\\chrome.exe","args":["--start-maximized"]}},"logLevel":"warn","connectionRetryTimeout":120000,"connectionRetryCount":3,"logLevels":{},"enableDirectConnect":true,"strictSSL":true,"_":"65 more keys: [\"cacheDir\",\"port\",\"requestedCapabilities\",\"automationProtocol\",\"baseUrl\",\"waitforInterval\",\"waitforTimeout\",\"onReload\",\"beforeCommand\",\"afterCommand\",\"rootDir\",\"specs\",\"suites\",\"exclude\",\"groupLogsByTestSpec\",\"excludeDriverLogs\",\"bail\",\"framework\",\"reporters\",\"services\",\"maxInstances\",\"maxInstancesPerCapability\",\"injectGlobals\",\"filesToWatch\",\"execArgv\",\"runnerEnv\",\"runner\",\"shard\",\"specFileRetries\",\"specFileRetriesDelay\",\"specFileRetriesDeferred\",\"reporterSyncInterval\",\"reporterSyncTimeout\",\"cucumberFeaturesWithLineNumbers\",\"autoCompileOpts\",\"mochaOpts\",\"jasmineOpts\",\"cucumberOpts\",\"onPrepare\",\"onWorkerStart\",\"onWorkerEnd\",\"before\",\"beforeSession\",\"beforeSuite\",\"beforeHook\",\"beforeTest\",\"afterTest\",\"afterHook\",\"afterSuite\",\"afterSession\",\"after\",\"onComplete\",\"beforeAssertion\",\"afterAssertion\",\"beforeFeature\",\"beforeScenario\",\"beforeStep\",\"afterStep\",\"afterScenario\",\"afterFeature\",\"_\",\"suite\",\"$0\",\"ignoredWorkerServices\",\"wdi5\"]"}]}
COMMAND: POST /session/db7e74ddcaedfecfca9d83c19254142b/execute/async - {"script":"<script> [21126 bytes]","args":[35000]}
RESULT: {"script":"<script> [21126 bytes]","args":[35000]}
COMMAND: POST /session/db7e74ddcaedfecfca9d83c19254142b/window/maximize - {}
RESULT: {}
COMMAND: POST /session/db7e74ddcaedfecfca9d83c19254142b/execute/async - {"script":"<script> [1562 bytes]","args":[{"selector":{"id":"shell-header","interaction":{"idSuffix":"icon"}},"wdio_ui5_key":"shellheader"}]}
COMMAND: GET /session/db7e74ddcaedfecfca9d83c19254142b/screenshot - {}
RESULT: {"script":"<script> [1562 bytes]","args":[{"selector":{"id":"shell-header","interaction":{"idSuffix":"icon"}},"wdio_ui5_key":"shellheader"}]}
RESULT: undefined
COMMAND: POST /session/db7e74ddcaedfecfca9d83c19254142b/window/fullscreen - {}
RESULT: {}
RESULT: {}
]]></system-out>
    </testcase>
  </testsuite>
  <testsuite timestamp="2025-05-26T16:42:48" time="158.01" tests="6" failures="0" errors="0" skipped="0">
    <properties>
      <property name="specId" value="0"/>
      <property name="suiteName" value="Provide to Site w/ warehouse management w/o clarification US113782 "/>
      <property name="capabilities" value="chrome.136_0_7103_93.windows"/>
      <property name="file" value="file:///D:/a/1/s/test/specs/HTR/provide-to-site-w-warehouse-wo-clarification.spec.js"/>
    </properties>
    <testcase classname="chrome.136_0_7103_93.windows.Provide_to_Site_w/_warehouse_management_w/o_clarification_US113782_" name="Should create a new WHM yard" time="0.016">
      <system-out><![CDATA[
COMMAND: POST /session/db7e74ddcaedfecfca9d83c19254142b/window/fullscreen - {}
RESULT: {}
]]></system-out>
    </testcase>
    <testcase classname="chrome.136_0_7103_93.windows.Provide_to_Site_w/_warehouse_management_w/o_clarification_US113782_" name="Should create a new external WHM partner" time="0.006"/>
    <testcase classname="chrome.136_0_7103_93.windows.Provide_to_Site_w/_warehouse_management_w/o_clarification_US113782_" name="Should create a new WHM site" time="0.004"/>
    <testcase classname="chrome.136_0_7103_93.windows.Provide_to_Site_w/_warehouse_management_w/o_clarification_US113782_" name="Should create a new material" time="137.25">
      <system-out><![CDATA[
COMMAND: POST /session/db7e74ddcaedfecfca9d83c19254142b/execute/async - {"script":"<script> [1562 bytes]","args":[{"selector":{"controlType":"sap.m.GenericTile","properties":{"header":"Manage Resources"}},"wdio_ui5_key":"sapm.GenericTile{\"header\":\"Manage Resources\"}"}]}
RESULT: {"script":"<script> [1562 bytes]","args":[{"selector":{"controlType":"sap.m.GenericTile","properties":{"header":"Manage Resources"}},"wdio_ui5_key":"sapm.GenericTile{\"header\":\"Manage Resources\"}"}]}
RESULT: undefined
COMMAND: POST /session/db7e74ddcaedfecfca9d83c19254142b/element - {"using":"xpath","value":"//*[@id=\"__tile31\"]"}
RESULT: {"using":"xpath","value":"//*[@id=\"__tile31\"]"}
COMMAND: POST /session/db7e74ddcaedfecfca9d83c19254142b/element/f.624D7720A2383BCF46C1895FE70984DD.d.788A83A60C01D692525C03BEB63C8D42.e.8173/click - {}
RESULT: {}
COMMAND: GET /session/db7e74ddcaedfecfca9d83c19254142b/screenshot - {}
RESULT: {}
COMMAND: POST /session/db7e74ddcaedfecfca9d83c19254142b/elements - {"using":"xpath","value":"//span[text()='Error']"}
RESULT: {"using":"xpath","value":"//span[text()='Error']"}
COMMAND: POST /session/db7e74ddcaedfecfca9d83c19254142b/element - {"using":"xpath","value":"//button[@data-kt=\"addNewRUOverflowToolbarButton\"]"}
RESULT: {"using":"xpath","value":"//button[@data-kt=\"addNewRUOverflowToolbarButton\"]"}
COMMAND: POST /session/db7e74ddcaedfecfca9d83c19254142b/elements - {"using":"xpath","value":"//button[@data-kt=\"addNewRUOverflowToolbarButton\"]"}
RESULT: {"using":"xpath","value":"//button[@data-kt=\"addNewRUOverflowToolbarButton\"]"}
COMMAND: POST /session/db7e74ddcaedfecfca9d83c19254142b/execute/sync - {"script":"<script> [8489 bytes]","args":[{"element-6066-11e4-a52e-4f735466cecf":"f.624D7720A2383BCF46C1895FE70984DD.d.788A83A60C01D692525C03BEB63C8D42.e.8315","ELEMENT":"f.624D7720A2383BCF46C1895FE70984DD.d.788A83A60C01D692525C03BEB63C8D42.e.8315"}]}
RESULT: {"script":"<script> [8489 bytes]","args":[{"element-6066-11e4-a52e-4f735466cecf":"f.624D7720A2383BCF46C1895FE70984DD.d.788A83A60C01D692525C03BEB63C8D42.e.8315","ELEMENT":"f.624D7720A2383BCF46C1895FE70984DD.d.788A83A60C01D692525C03BEB63C8D42.e.8315"}]}
COMMAND: GET /session/db7e74ddcaedfecfca9d83c19254142b/element/f.624D7720A2383BCF46C1895FE70984DD.d.788A83A60C01D692525C03BEB63C8D42.e.8315/enabled - {}
COMMAND: GET /session/db7e74ddcaedfecfca9d83c19254142b/screenshot - {}
RESULT: {}
COMMAND: POST /session/db7e74ddcaedfecfca9d83c19254142b/execute/sync - {"script":"<script> [8489 bytes]","args":[{"element-6066-11e4-a52e-4f735466cecf":"f.624D7720A2383BCF46C1895FE70984DD.d.788A83A60C01D692525C03BEB63C8D42.e.8315","ELEMENT":"f.624D7720A2383BCF46C1895FE70984DD.d.788A83A60C01D692525C03BEB63C8D42.e.8315"}]}
COMMAND: GET /session/db7e74ddcaedfecfca9d83c19254142b/screenshot - {}
RESULT: {}
RESULT: {"script":"<script> [8489 bytes]","args":[{"element-6066-11e4-a52e-4f735466cecf":"f.624D7720A2383BCF46C1895FE70984DD.d.788A83A60C01D692525C03BEB63C8D42.e.8315","ELEMENT":"f.624D7720A2383BCF46C1895FE70984DD.d.788A83A60C01D692525C03BEB63C8D42.e.8315"}]}
COMMAND: POST /session/db7e74ddcaedfecfca9d83c19254142b/execute/sync - {"script":"<script> [5351 bytes]","args":[{"element-6066-11e4-a52e-4f735466cecf":"f.624D7720A2383BCF46C1895FE70984DD.d.788A83A60C01D692525C03BEB63C8D42.e.8315","ELEMENT":"f.624D7720A2383BCF46C1895FE70984DD.d.788A83A60C01D692525C03BEB63C8D42.e.8315"}]}
COMMAND: GET /session/db7e74ddcaedfecfca9d83c19254142b/screenshot - {}
RESULT: {}
RESULT: {"script":"<script> [5351 bytes]","args":[{"element-6066-11e4-a52e-4f735466cecf":"f.624D7720A2383BCF46C1895FE70984DD.d.788A83A60C01D692525C03BEB63C8D42.e.8315","ELEMENT":"f.624D7720A2383BCF46C1895FE70984DD.d.788A83A60C01D692525C03BEB63C8D42.e.8315"}]}
COMMAND: POST /session/db7e74ddcaedfecfca9d83c19254142b/element/f.624D7720A2383BCF46C1895FE70984DD.d.788A83A60C01D692525C03BEB63C8D42.e.8315/click - {}
COMMAND: GET /session/db7e74ddcaedfecfca9d83c19254142b/screenshot - {}
RESULT: {}
RESULT: {}
COMMAND: GET /session/db7e74ddcaedfecfca9d83c19254142b/screenshot - {}
COMMAND: POST /session/db7e74ddcaedfecfca9d83c19254142b/execute/async - {"script":"<script> [1562 bytes]","args":[{"selector":{"id":"application-manageresources-display-component---newResourceUnit--TYPE-arrow"},"wdio_ui5_key":"applicationmanageresources-display-component---newResourceUnit--TYPE-arrow"}]}
RESULT: {}
RESULT: {}
RESULT: {"script":"<script> [1562 bytes]","args":[{"selector":{"id":"application-manageresources-display-component---newResourceUnit--TYPE-arrow"},"wdio_ui5_key":"applicationmanageresources-display-component---newResourceUnit--TYPE-arrow"}]}
RESULT: undefined
COMMAND: POST /session/db7e74ddcaedfecfca9d83c19254142b/element - {"using":"xpath","value":"//*[@id=\"application-manageresources-display-component---newResourceUnit--TYPE-arrow\"]"}
RESULT: {"using":"xpath","value":"//*[@id=\"application-manageresources-display-component---newResourceUnit--TYPE-arrow\"]"}
COMMAND: POST /session/db7e74ddcaedfecfca9d83c19254142b/element/f.624D7720A2383BCF46C1895FE70984DD.d.788A83A60C01D692525C03BEB63C8D42.e.8659/click - {}
RESULT: {}
COMMAND: POST /session/db7e74ddcaedfecfca9d83c19254142b/element - {"using":"xpath","value":"//input[@id=\"application-manageresources-display-component---newResourceUnit--TYPE-inner\"]"}
COMMAND: GET /session/db7e74ddcaedfecfca9d83c19254142b/screenshot - {}
RESULT: {"using":"xpath","value":"//input[@id=\"application-manageresources-display-component---newResourceUnit--TYPE-inner\"]"}
COMMAND: POST /session/db7e74ddcaedfecfca9d83c19254142b/element/f.624D7720A2383BCF46C1895FE70984DD.d.788A83A60C01D692525C03BEB63C8D42.e.8656/clear - {}
RESULT: {}
RESULT: {}
COMMAND: POST /session/db7e74ddcaedfecfca9d83c19254142b/element/f.624D7720A2383BCF46C1895FE70984DD.d.788A83A60C01D692525C03BEB63C8D42.e.8656/value - {"text":"Material"}
COMMAND: GET /session/db7e74ddcaedfecfca9d83c19254142b/screenshot - {}
RESULT: {"text":"Material"}
COMMAND: GET /session/db7e74ddcaedfecfca9d83c19254142b/screenshot - {}
RESULT: {}
RESULT: {}
COMMAND: POST /session/db7e74ddcaedfecfca9d83c19254142b/actions - {"actions":[{"id":"action28","type":"key","parameters":{},"actions":[{"type":"keyDown","value":""},{"type":"pause","duration":10},{"type":"keyUp","value":""}]}]}
RESULT: {"actions":[{"id":"action28","type":"key","parameters":{},"actions":[{"type":"keyDown","value":""},{"type":"pause","duration":10},{"type":"keyUp","value":""}]}]}
COMMAND: POST /session/db7e74ddcaedfecfca9d83c19254142b/execute/async - {"script":"<script> [1562 bytes]","args":[{"selector":{"id":"application-manageresources-display-component---newResourceUnit--SHORT_TEXT","interaction":{"idSuffix":"inner"}},"wdio_ui5_key":"applicationmanageresources-display-component---newResourceUnit--SHORT_TEXT"}]}
COMMAND: GET /session/db7e74ddcaedfecfca9d83c19254142b/screenshot - {}
RESULT: {"script":"<script> [1562 bytes]","args":[{"selector":{"id":"application-manageresources-display-component---newResourceUnit--SHORT_TEXT","interaction":{"idSuffix":"inner"}},"wdio_ui5_key":"applicationmanageresources-display-component---newResourceUnit--SHORT_TEXT"}]}
RESULT: undefined
COMMAND: POST /session/db7e74ddcaedfecfca9d83c19254142b/execute/async - {"script":"<script> [776 bytes]","args":[{"enterText":"Cement WDIO","selector":{"id":"application-manageresources-display-component---newResourceUnit--SHORT_TEXT","interaction":{"idSuffix":"inner"}},"clearTextFirst":true,"interactionType":"ENTER_TEXT"}]}
RESULT: {}
RESULT: {"script":"<script> [776 bytes]","args":[{"enterText":"Cement WDIO","selector":{"id":"application-manageresources-display-component---newResourceUnit--SHORT_TEXT","interaction":{"idSuffix":"inner"}},"clearTextFirst":true,"interactionType":"ENTER_TEXT"}]}
COMMAND: POST /session/db7e74ddcaedfecfca9d83c19254142b/execute/async - {"script":"<script> [1562 bytes]","args":[{"selector":{"id":"application-manageresources-display-component---newResourceUnit--BASE_UNIT_OF_MEASURE","interaction":{"idSuffix":"inner"}},"wdio_ui5_key":"applicationmanageresources-display-component---newResourceUnit--BASE_UNIT_OF_MEASURE"}]}
RESULT: {"script":"<script> [1562 bytes]","args":[{"selector":{"id":"application-manageresources-display-component---newResourceUnit--BASE_UNIT_OF_MEASURE","interaction":{"idSuffix":"inner"}},"wdio_ui5_key":"applicationmanageresources-display-component---newResourceUnit--BASE_UNIT_OF_MEASURE"}]}
RESULT: undefined
COMMAND: POST /session/db7e74ddcaedfecfca9d83c19254142b/execute/async - {"script":"<script> [776 bytes]","args":[{"enterText":"Piece","selector":{"id":"application-manageresources-display-component---newResourceUnit--BASE_UNIT_OF_MEASURE","interaction":{"idSuffix":"inner"}},"clearTextFirst":true,"interactionType":"ENTER_TEXT"}]}
RESULT: {"script":"<script> [776 bytes]","args":[{"enterText":"Piece","selector":{"id":"application-manageresources-display-component---newResourceUnit--BASE_UNIT_OF_MEASURE","interaction":{"idSuffix":"inner"}},"clearTextFirst":true,"interactionType":"ENTER_TEXT"}]}
COMMAND: POST /session/db7e74ddcaedfecfca9d83c19254142b/execute/async - {"script":"<script> [1562 bytes]","args":[{"selector":{"id":"application-manageresources-display-component---newResourceUnit--WEIGHT_UNIT","interaction":{"idSuffix":"inner"}},"wdio_ui5_key":"applicationmanageresources-display-component---newResourceUnit--WEIGHT_UNIT"}]}
RESULT: {"script":"<script> [1562 bytes]","args":[{"selector":{"id":"application-manageresources-display-component---newResourceUnit--WEIGHT_UNIT","interaction":{"idSuffix":"inner"}},"wdio_ui5_key":"applicationmanageresources-display-component---newResourceUnit--WEIGHT_UNIT"}]}
RESULT: undefined
COMMAND: POST /session/db7e74ddcaedfecfca9d83c19254142b/execute/async - {"script":"<script> [776 bytes]","args":[{"enterText":"Gram","selector":{"id":"application-manageresources-display-component---newResourceUnit--WEIGHT_UNIT","interaction":{"idSuffix":"inner"}},"clearTextFirst":true,"interactionType":"ENTER_TEXT"}]}
RESULT: {"script":"<script> [776 bytes]","args":[{"enterText":"Gram","selector":{"id":"application-manageresources-display-component---newResourceUnit--WEIGHT_UNIT","interaction":{"idSuffix":"inner"}},"clearTextFirst":true,"interactionType":"ENTER_TEXT"}]}
COMMAND: POST /session/db7e74ddcaedfecfca9d83c19254142b/execute/async - {"script":"<script> [1562 bytes]","args":[{"selector":{"id":"application-manageresources-display-component---newResourceUnit--DIMENSION_UNIT","interaction":{"idSuffix":"inner"}},"wdio_ui5_key":"applicationmanageresources-display-component---newResourceUnit--DIMENSION_UNIT"}]}
RESULT: {"script":"<script> [1562 bytes]","args":[{"selector":{"id":"application-manageresources-display-component---newResourceUnit--DIMENSION_UNIT","interaction":{"idSuffix":"inner"}},"wdio_ui5_key":"applicationmanageresources-display-component---newResourceUnit--DIMENSION_UNIT"}]}
RESULT: undefined
COMMAND: POST /session/db7e74ddcaedfecfca9d83c19254142b/execute/async - {"script":"<script> [776 bytes]","args":[{"enterText":"Meter","selector":{"id":"application-manageresources-display-component---newResourceUnit--DIMENSION_UNIT","interaction":{"idSuffix":"inner"}},"clearTextFirst":true,"interactionType":"ENTER_TEXT"}]}
RESULT: {"script":"<script> [776 bytes]","args":[{"enterText":"Meter","selector":{"id":"application-manageresources-display-component---newResourceUnit--DIMENSION_UNIT","interaction":{"idSuffix":"inner"}},"clearTextFirst":true,"interactionType":"ENTER_TEXT"}]}
COMMAND: POST /session/db7e74ddcaedfecfca9d83c19254142b/execute/async - {"script":"<script> [1562 bytes]","args":[{"selector":{"id":"application-manageresources-display-component---newResourceUnit--newRRUPage-anchBar-application-manageresources-display-component---newResourceUnit--control-anchor","interaction":{"idSuffix":"BDI-content"}},"wdio_ui5_key":"applicationmanageresources-display-component---newResourceUnit--newRRUPage-anchBar-application-manageresources-display-component---newResourceUnit--control-anchor"}]}
RESULT: {"script":"<script> [1562 bytes]","args":[{"selector":{"id":"application-manageresources-display-component---newResourceUnit--newRRUPage-anchBar-application-manageresources-display-component---newResourceUnit--control-anchor","interaction":{"idSuffix":"BDI-content"}},"wdio_ui5_key":"applicationmanageresources-display-component---newResourceUnit--newRRUPage-anchBar-application-manageresources-display-component---newResourceUnit--control-anchor"}]}
RESULT: undefined
COMMAND: POST /session/db7e74ddcaedfecfca9d83c19254142b/element - {"using":"xpath","value":"//*[@id=\"application-manageresources-display-component---newResourceUnit--newRRUPage-anchBar-application-manageresources-display-component---newResourceUnit--control-anchor\"]"}
RESULT: {"using":"xpath","value":"//*[@id=\"application-manageresources-display-component---newResourceUnit--newRRUPage-anchBar-application-manageresources-display-component---newResourceUnit--control-anchor\"]"}
COMMAND: POST /session/db7e74ddcaedfecfca9d83c19254142b/element/f.624D7720A2383BCF46C1895FE70984DD.d.788A83A60C01D692525C03BEB63C8D42.e.8791/click - {}
RESULT: {}
COMMAND: POST /session/db7e74ddcaedfecfca9d83c19254142b/execute/async - {"script":"<script> [1562 bytes]","args":[{"selector":{"id":"application-manageresources-display-component---newResourceUnit--PLANNING_GROUP","interaction":{"idSuffix":"inner"}},"wdio_ui5_key":"applicationmanageresources-display-component---newResourceUnit--PLANNING_GROUP"}]}
COMMAND: GET /session/db7e74ddcaedfecfca9d83c19254142b/screenshot - {}
RESULT: {"script":"<script> [1562 bytes]","args":[{"selector":{"id":"application-manageresources-display-component---newResourceUnit--PLANNING_GROUP","interaction":{"idSuffix":"inner"}},"wdio_ui5_key":"applicationmanageresources-display-component---newResourceUnit--PLANNING_GROUP"}]}
RESULT: undefined
COMMAND: POST /session/db7e74ddcaedfecfca9d83c19254142b/execute/async - {"script":"<script> [776 bytes]","args":[{"enterText":"Material","selector":{"id":"application-manageresources-display-component---newResourceUnit--PLANNING_GROUP","interaction":{"idSuffix":"inner"}},"clearTextFirst":true,"interactionType":"ENTER_TEXT"}]}
RESULT: {}
RESULT: {"script":"<script> [776 bytes]","args":[{"enterText":"Material","selector":{"id":"application-manageresources-display-component---newResourceUnit--PLANNING_GROUP","interaction":{"idSuffix":"inner"}},"clearTextFirst":true,"interactionType":"ENTER_TEXT"}]}
COMMAND: POST /session/db7e74ddcaedfecfca9d83c19254142b/execute/async - {"script":"<script> [1562 bytes]","args":[{"selector":{"id":"application-manageresources-display-component---newResourceUnit--PLANNING_INDICATOR","interaction":{"idSuffix":"inner"}},"wdio_ui5_key":"applicationmanageresources-display-component---newResourceUnit--PLANNING_INDICATOR"}]}
RESULT: {"script":"<script> [1562 bytes]","args":[{"selector":{"id":"application-manageresources-display-component---newResourceUnit--PLANNING_INDICATOR","interaction":{"idSuffix":"inner"}},"wdio_ui5_key":"applicationmanageresources-display-component---newResourceUnit--PLANNING_INDICATOR"}]}
RESULT: undefined
COMMAND: POST /session/db7e74ddcaedfecfca9d83c19254142b/execute/async - {"script":"<script> [776 bytes]","args":[{"enterText":"10 - infinite","selector":{"id":"application-manageresources-display-component---newResourceUnit--PLANNING_INDICATOR","interaction":{"idSuffix":"inner"}},"clearTextFirst":true,"interactionType":"ENTER_TEXT"}]}
RESULT: {"script":"<script> [776 bytes]","args":[{"enterText":"10 - infinite","selector":{"id":"application-manageresources-display-component---newResourceUnit--PLANNING_INDICATOR","interaction":{"idSuffix":"inner"}},"clearTextFirst":true,"interactionType":"ENTER_TEXT"}]}
COMMAND: POST /session/db7e74ddcaedfecfca9d83c19254142b/element - {"using":"css selector","value":"#application-manageresources-display-component---newResourceUnit--btnAddTimeSegment"}
RESULT: {"using":"css selector","value":"#application-manageresources-display-component---newResourceUnit--btnAddTimeSegment"}
COMMAND: GET /session/db7e74ddcaedfecfca9d83c19254142b/element/f.624D7720A2383BCF46C1895FE70984DD.d.788A83A60C01D692525C03BEB63C8D42.e.8801/rect - {}
RESULT: {}
COMMAND: GET /session/db7e74ddcaedfecfca9d83c19254142b/window/rect - {}
RESULT: {}
COMMAND: POST /session/db7e74ddcaedfecfca9d83c19254142b/execute/sync - {"script":"<script> [92 bytes]","args":[]}
RESULT: {"script":"<script> [92 bytes]","args":[]}
COMMAND: POST /session/db7e74ddcaedfecfca9d83c19254142b/actions - {"actions":[{"id":"action29","type":"wheel","parameters":{},"actions":[{"type":"scroll","x":-1888,"y":-32,"deltaX":0,"deltaY":0,"duration":0,"origin":{"element-6066-11e4-a52e-4f735466cecf":"f.624D7720A2383BCF46C1895FE70984DD.d.788A83A60C01D692525C03BEB63C8D42.e.8801"}}]}]}
COMMAND: GET /session/db7e74ddcaedfecfca9d83c19254142b/screenshot - {}
RESULT: {}
COMMAND: POST /session/db7e74ddcaedfecfca9d83c19254142b/execute/sync - {"script":"<script> [79 bytes]","args":[{"element-6066-11e4-a52e-4f735466cecf":"f.624D7720A2383BCF46C1895FE70984DD.d.788A83A60C01D692525C03BEB63C8D42.e.8801","ELEMENT":"f.624D7720A2383BCF46C1895FE70984DD.d.788A83A60C01D692525C03BEB63C8D42.e.8801"},{"block":"start","inline":"nearest"}]}
RESULT: {"script":"<script> [79 bytes]","args":[{"element-6066-11e4-a52e-4f735466cecf":"f.624D7720A2383BCF46C1895FE70984DD.d.788A83A60C01D692525C03BEB63C8D42.e.8801","ELEMENT":"f.624D7720A2383BCF46C1895FE70984DD.d.788A83A60C01D692525C03BEB63C8D42.e.8801"},{"block":"start","inline":"nearest"}]}
COMMAND: POST /session/db7e74ddcaedfecfca9d83c19254142b/execute/async - {"script":"<script> [1562 bytes]","args":[{"selector":{"id":"application-manageresources-display-component---newResourceUnit--btnAddTimeSegment","interaction":{"idSuffix":"inner"}},"wdio_ui5_key":"applicationmanageresources-display-component---newResourceUnit--btnAddTimeSegment"}]}
COMMAND: GET /session/db7e74ddcaedfecfca9d83c19254142b/screenshot - {}
RESULT: {"script":"<script> [1562 bytes]","args":[{"selector":{"id":"application-manageresources-display-component---newResourceUnit--btnAddTimeSegment","interaction":{"idSuffix":"inner"}},"wdio_ui5_key":"applicationmanageresources-display-component---newResourceUnit--btnAddTimeSegment"}]}
RESULT: undefined
COMMAND: POST /session/db7e74ddcaedfecfca9d83c19254142b/element - {"using":"xpath","value":"//*[@id=\"application-manageresources-display-component---newResourceUnit--btnAddTimeSegment\"]"}
RESULT: {}
RESULT: {"using":"xpath","value":"//*[@id=\"application-manageresources-display-component---newResourceUnit--btnAddTimeSegment\"]"}
COMMAND: POST /session/db7e74ddcaedfecfca9d83c19254142b/element/f.624D7720A2383BCF46C1895FE70984DD.d.788A83A60C01D692525C03BEB63C8D42.e.8801/click - {}
RESULT: {}
COMMAND: GET /session/db7e74ddcaedfecfca9d83c19254142b/screenshot - {}
RESULT: {}
COMMAND: POST /session/db7e74ddcaedfecfca9d83c19254142b/element - {"using":"xpath","value":"//input[@id=\"application-manageresources-display-component---newResourceUnit--idRuTSAdmin-application-manageresources-display-component---newResourceUnit--RUTimeSegment-0-inner\"]"}
RESULT: {"using":"xpath","value":"//input[@id=\"application-manageresources-display-component---newResourceUnit--idRuTSAdmin-application-manageresources-display-component---newResourceUnit--RUTimeSegment-0-inner\"]"}
COMMAND: POST /session/db7e74ddcaedfecfca9d83c19254142b/element/f.624D7720A2383BCF46C1895FE70984DD.d.788A83A60C01D692525C03BEB63C8D42.e.8806/clear - {}
RESULT: {}
COMMAND: POST /session/db7e74ddcaedfecfca9d83c19254142b/element/f.624D7720A2383BCF46C1895FE70984DD.d.788A83A60C01D692525C03BEB63C8D42.e.8806/value - {"text":"337"}
COMMAND: GET /session/db7e74ddcaedfecfca9d83c19254142b/screenshot - {}
RESULT: {"text":"337"}
RESULT: {}
COMMAND: GET /session/db7e74ddcaedfecfca9d83c19254142b/screenshot - {}
RESULT: {}
COMMAND: POST /session/db7e74ddcaedfecfca9d83c19254142b/element - {"using":"xpath","value":"//li[.//span[text()='337']]"}
RESULT: {"using":"xpath","value":"//li[.//span[text()='337']]"}
COMMAND: POST /session/db7e74ddcaedfecfca9d83c19254142b/element/f.624D7720A2383BCF46C1895FE70984DD.d.788A83A60C01D692525C03BEB63C8D42.e.8816/click - {}
RESULT: {}
COMMAND: GET /session/db7e74ddcaedfecfca9d83c19254142b/screenshot - {}
RESULT: {}
COMMAND: POST /session/db7e74ddcaedfecfca9d83c19254142b/element - {"using":"xpath","value":"(//span[contains(@id, \"-application-manageresources-display-component---newResourceUnit--RUTimeSegment-0-arrow\")])[2]"}
RESULT: {"using":"xpath","value":"(//span[contains(@id, \"-application-manageresources-display-component---newResourceUnit--RUTimeSegment-0-arrow\")])[2]"}
COMMAND: POST /session/db7e74ddcaedfecfca9d83c19254142b/element/f.624D7720A2383BCF46C1895FE70984DD.d.788A83A60C01D692525C03BEB63C8D42.e.8817/click - {}
RESULT: {}
COMMAND: POST /session/db7e74ddcaedfecfca9d83c19254142b/element - {"using":"xpath","value":"//span[contains(text(), \"PM Order\")]"}
COMMAND: GET /session/db7e74ddcaedfecfca9d83c19254142b/screenshot - {}
RESULT: {"using":"xpath","value":"//span[contains(text(), \"PM Order\")]"}
COMMAND: POST /session/db7e74ddcaedfecfca9d83c19254142b/element/f.624D7720A2383BCF46C1895FE70984DD.d.788A83A60C01D692525C03BEB63C8D42.e.8818/click - {}
RESULT: {}
RESULT: {}
COMMAND: GET /session/db7e74ddcaedfecfca9d83c19254142b/screenshot - {}
RESULT: {}
COMMAND: POST /session/db7e74ddcaedfecfca9d83c19254142b/element - {"using":"xpath","value":"//td/div/div/div/span[contains(@id, \"newResourceUnit--RUTimeSegment-0-vhi\")][1]"}
RESULT: {"using":"xpath","value":"//td/div/div/div/span[contains(@id, \"newResourceUnit--RUTimeSegment-0-vhi\")][1]"}
COMMAND: GET /session/db7e74ddcaedfecfca9d83c19254142b/element/f.624D7720A2383BCF46C1895FE70984DD.d.788A83A60C01D692525C03BEB63C8D42.e.8822/rect - {}
RESULT: {}
COMMAND: GET /session/db7e74ddcaedfecfca9d83c19254142b/window/rect - {}
RESULT: {}
COMMAND: POST /session/db7e74ddcaedfecfca9d83c19254142b/execute/sync - {"script":"<script> [92 bytes]","args":[]}
RESULT: {"script":"<script> [92 bytes]","args":[]}
COMMAND: POST /session/db7e74ddcaedfecfca9d83c19254142b/actions - {"actions":[{"id":"action30","type":"wheel","parameters":{},"actions":[{"type":"scroll","x":-1888,"y":-24,"deltaX":0,"deltaY":0,"duration":0,"origin":{"element-6066-11e4-a52e-4f735466cecf":"f.624D7720A2383BCF46C1895FE70984DD.d.788A83A60C01D692525C03BEB63C8D42.e.8822"}}]}]}
COMMAND: GET /session/db7e74ddcaedfecfca9d83c19254142b/screenshot - {}
RESULT: {}
COMMAND: POST /session/db7e74ddcaedfecfca9d83c19254142b/execute/sync - {"script":"<script> [79 bytes]","args":[{"element-6066-11e4-a52e-4f735466cecf":"f.624D7720A2383BCF46C1895FE70984DD.d.788A83A60C01D692525C03BEB63C8D42.e.8822","ELEMENT":"f.624D7720A2383BCF46C1895FE70984DD.d.788A83A60C01D692525C03BEB63C8D42.e.8822"},{"block":"start","inline":"nearest"}]}
RESULT: {"script":"<script> [79 bytes]","args":[{"element-6066-11e4-a52e-4f735466cecf":"f.624D7720A2383BCF46C1895FE70984DD.d.788A83A60C01D692525C03BEB63C8D42.e.8822","ELEMENT":"f.624D7720A2383BCF46C1895FE70984DD.d.788A83A60C01D692525C03BEB63C8D42.e.8822"},{"block":"start","inline":"nearest"}]}
COMMAND: GET /session/db7e74ddcaedfecfca9d83c19254142b/screenshot - {}
RESULT: {}
COMMAND: POST /session/db7e74ddcaedfecfca9d83c19254142b/element/f.624D7720A2383BCF46C1895FE70984DD.d.788A83A60C01D692525C03BEB63C8D42.e.8822/click - {}
RESULT: {}
COMMAND: GET /session/db7e74ddcaedfecfca9d83c19254142b/screenshot - {}
RESULT: {}
COMMAND: POST /session/db7e74ddcaedfecfca9d83c19254142b/execute/async - {"script":"<script> [1562 bytes]","args":[{"selector":{"controlType":"sap.m.SearchField","properties":{"placeholder":"Search"},"searchOpenDialogs":true,"interaction":{"idSuffix":"I"}},"wdio_ui5_key":"sapm.SearchField{\"placeholder\":\"Search\"}"}]}
RESULT: {"script":"<script> [1562 bytes]","args":[{"selector":{"controlType":"sap.m.SearchField","properties":{"placeholder":"Search"},"searchOpenDialogs":true,"interaction":{"idSuffix":"I"}},"wdio_ui5_key":"sapm.SearchField{\"placeholder\":\"Search\"}"}]}
RESULT: undefined
COMMAND: POST /session/db7e74ddcaedfecfca9d83c19254142b/execute/async - {"script":"<script> [776 bytes]","args":[{"enterText":"4000360","selector":{"controlType":"sap.m.SearchField","properties":{"placeholder":"Search"},"searchOpenDialogs":true,"interaction":{"idSuffix":"I"}},"clearTextFirst":true,"interactionType":"ENTER_TEXT"}]}
RESULT: {"script":"<script> [776 bytes]","args":[{"enterText":"4000360","selector":{"controlType":"sap.m.SearchField","properties":{"placeholder":"Search"},"searchOpenDialogs":true,"interaction":{"idSuffix":"I"}},"clearTextFirst":true,"interactionType":"ENTER_TEXT"}]}
COMMAND: POST /session/db7e74ddcaedfecfca9d83c19254142b/actions - {"actions":[{"id":"action31","type":"key","parameters":{},"actions":[{"type":"keyDown","value":""},{"type":"pause","duration":10},{"type":"keyUp","value":""}]}]}
RESULT: {"actions":[{"id":"action31","type":"key","parameters":{},"actions":[{"type":"keyDown","value":""},{"type":"pause","duration":10},{"type":"keyUp","value":""}]}]}
COMMAND: GET /session/db7e74ddcaedfecfca9d83c19254142b/screenshot - {}
RESULT: {}
COMMAND: POST /session/db7e74ddcaedfecfca9d83c19254142b/element - {"using":"xpath","value":"//td/div/span[contains(text(), \"BGL Vehicles\")]"}
RESULT: {"using":"xpath","value":"//td/div/span[contains(text(), \"BGL Vehicles\")]"}
COMMAND: POST /session/db7e74ddcaedfecfca9d83c19254142b/element/f.624D7720A2383BCF46C1895FE70984DD.d.788A83A60C01D692525C03BEB63C8D42.e.8844/click - {}
RESULT: {}
COMMAND: GET /session/db7e74ddcaedfecfca9d83c19254142b/screenshot - {}
RESULT: {}
COMMAND: POST /session/db7e74ddcaedfecfca9d83c19254142b/element - {"using":"xpath","value":"//bdi[contains(text(), \"OK\")]"}
RESULT: {"using":"xpath","value":"//bdi[contains(text(), \"OK\")]"}
COMMAND: POST /session/db7e74ddcaedfecfca9d83c19254142b/element/f.624D7720A2383BCF46C1895FE70984DD.d.788A83A60C01D692525C03BEB63C8D42.e.8845/click - {}
RESULT: {}
COMMAND: GET /session/db7e74ddcaedfecfca9d83c19254142b/screenshot - {}
RESULT: {}
COMMAND: POST /session/db7e74ddcaedfecfca9d83c19254142b/element - {"using":"xpath","value":"//label[contains(@class, 'sapMLabelRequired') and .//bdi[contains(text(), 'Planned Retirement')]]"}
RESULT: {"using":"xpath","value":"//label[contains(@class, 'sapMLabelRequired') and .//bdi[contains(text(), 'Planned Retirement')]]"}
COMMAND: POST /session/db7e74ddcaedfecfca9d83c19254142b/elements - {"using":"xpath","value":"//label[contains(@class, 'sapMLabelRequired') and .//bdi[contains(text(), 'Planned Retirement')]]"}
RESULT: {"using":"xpath","value":"//label[contains(@class, 'sapMLabelRequired') and .//bdi[contains(text(), 'Planned Retirement')]]"}
COMMAND: POST /session/db7e74ddcaedfecfca9d83c19254142b/element - {"using":"xpath","value":"//button[@data-kt=\"resourceUnitSaveButton\"]"}
RESULT: {"using":"xpath","value":"//button[@data-kt=\"resourceUnitSaveButton\"]"}
COMMAND: POST /session/db7e74ddcaedfecfca9d83c19254142b/element/f.624D7720A2383BCF46C1895FE70984DD.d.788A83A60C01D692525C03BEB63C8D42.e.8677/click - {}
RESULT: {}
COMMAND: GET /session/db7e74ddcaedfecfca9d83c19254142b/screenshot - {}
RESULT: {}
COMMAND: POST /session/db7e74ddcaedfecfca9d83c19254142b/element - {"using":"xpath","value":"//bdi[contains(text(), \"Close\")]"}
RESULT: {"using":"xpath","value":"//bdi[contains(text(), \"Close\")]"}
COMMAND: POST /session/db7e74ddcaedfecfca9d83c19254142b/element/f.624D7720A2383BCF46C1895FE70984DD.d.788A83A60C01D692525C03BEB63C8D42.e.8851/click - {}
RESULT: {}
COMMAND: GET /session/db7e74ddcaedfecfca9d83c19254142b/screenshot - {}
RESULT: {}
COMMAND: POST /session/db7e74ddcaedfecfca9d83c19254142b/element - {"using":"xpath","value":"//header[contains(@id, 'detailRruPage-headerTitle')]/div[1]/div[2]/div[2]/span[1]"}
RESULT: {"using":"xpath","value":"//header[contains(@id, 'detailRruPage-headerTitle')]/div[1]/div[2]/div[2]/span[1]"}
COMMAND: POST /session/db7e74ddcaedfecfca9d83c19254142b/elements - {"using":"xpath","value":"//header[contains(@id, 'detailRruPage-headerTitle')]/div[1]/div[2]/div[2]/span[1]"}
RESULT: {"using":"xpath","value":"//header[contains(@id, 'detailRruPage-headerTitle')]/div[1]/div[2]/div[2]/span[1]"}
COMMAND: POST /session/db7e74ddcaedfecfca9d83c19254142b/execute/sync - {"script":"<script> [56 bytes]","args":[{"element-6066-11e4-a52e-4f735466cecf":"f.624D7720A2383BCF46C1895FE70984DD.d.788A83A60C01D692525C03BEB63C8D42.e.8886","ELEMENT":"f.624D7720A2383BCF46C1895FE70984DD.d.788A83A60C01D692525C03BEB63C8D42.e.8886"}]}
RESULT: {"script":"<script> [56 bytes]","args":[{"element-6066-11e4-a52e-4f735466cecf":"f.624D7720A2383BCF46C1895FE70984DD.d.788A83A60C01D692525C03BEB63C8D42.e.8886","ELEMENT":"f.624D7720A2383BCF46C1895FE70984DD.d.788A83A60C01D692525C03BEB63C8D42.e.8886"}]}
COMMAND: POST /session/db7e74ddcaedfecfca9d83c19254142b/element - {"using":"css selector","value":"#shell-header-logo"}
COMMAND: GET /session/db7e74ddcaedfecfca9d83c19254142b/screenshot - {}
RESULT: {"using":"css selector","value":"#shell-header-logo"}
COMMAND: POST /session/db7e74ddcaedfecfca9d83c19254142b/element/f.624D7720A2383BCF46C1895FE70984DD.d.788A83A60C01D692525C03BEB63C8D42.e.8152/click - {}
RESULT: {}
RESULT: {}
COMMAND: GET /session/db7e74ddcaedfecfca9d83c19254142b/screenshot - {}
RESULT: {}
]]></system-out>
    </testcase>
    <testcase classname="chrome.136_0_7103_93.windows.Provide_to_Site_w/_warehouse_management_w/o_clarification_US113782_" name="Bin Status Report Should Create New Organization yard" time="0.005"/>
    <testcase classname="chrome.136_0_7103_93.windows.Provide_to_Site_w/_warehouse_management_w/o_clarification_US113782_" name="Bin Status Report Should Create New Organization for Site" time="0.005"/>
  </testsuite>
  <testsuite timestamp="2025-05-26T16:45:26" time="421.702" tests="5" failures="0" errors="0" skipped="0">
    <properties>
      <property name="specId" value="0"/>
      <property name="suiteName" value="Provide to Site w/ warehouse management wo clarification"/>
      <property name="capabilities" value="chrome.136_0_7103_93.windows"/>
      <property name="file" value="file:///D:/a/1/s/test/specs/HTR/provide-to-site-w-warehouse-wo-clarification.spec.js"/>
    </properties>
    <testcase classname="chrome.136_0_7103_93.windows.Provide_to_Site_w/_warehouse_management_wo_clarification" name="Should do a stock increase handover" time="95.424">
      <system-out><![CDATA[
COMMAND: POST /session/db7e74ddcaedfecfca9d83c19254142b/execute/async - {"script":"<script> [1562 bytes]","args":[{"selector":{"controlType":"sap.m.GenericTile","properties":{"header":"Manage Handovers"}},"wdio_ui5_key":"sapm.GenericTile{\"header\":\"Manage Handovers\"}"}]}
RESULT: {"script":"<script> [1562 bytes]","args":[{"selector":{"controlType":"sap.m.GenericTile","properties":{"header":"Manage Handovers"}},"wdio_ui5_key":"sapm.GenericTile{\"header\":\"Manage Handovers\"}"}]}
RESULT: undefined
COMMAND: POST /session/db7e74ddcaedfecfca9d83c19254142b/element - {"using":"xpath","value":"//*[@id=\"__tile132\"]"}
RESULT: {"using":"xpath","value":"//*[@id=\"__tile132\"]"}
COMMAND: POST /session/db7e74ddcaedfecfca9d83c19254142b/element/f.624D7720A2383BCF46C1895FE70984DD.d.788A83A60C01D692525C03BEB63C8D42.e.8199/click - {}
RESULT: {}
COMMAND: GET /session/db7e74ddcaedfecfca9d83c19254142b/screenshot - {}
RESULT: {}
COMMAND: POST /session/db7e74ddcaedfecfca9d83c19254142b/elements - {"using":"xpath","value":"//span[text()='Error']"}
RESULT: {"using":"xpath","value":"//span[text()='Error']"}
COMMAND: POST /session/db7e74ddcaedfecfca9d83c19254142b/element - {"using":"xpath","value":"//button[@data-kt=\"masterHOAddButton\"]"}
RESULT: {"using":"xpath","value":"//button[@data-kt=\"masterHOAddButton\"]"}
COMMAND: POST /session/db7e74ddcaedfecfca9d83c19254142b/elements - {"using":"xpath","value":"//button[@data-kt=\"masterHOAddButton\"]"}
RESULT: {"using":"xpath","value":"//button[@data-kt=\"masterHOAddButton\"]"}
COMMAND: POST /session/db7e74ddcaedfecfca9d83c19254142b/execute/sync - {"script":"<script> [8489 bytes]","args":[{"element-6066-11e4-a52e-4f735466cecf":"f.624D7720A2383BCF46C1895FE70984DD.d.788A83A60C01D692525C03BEB63C8D42.e.8924","ELEMENT":"f.624D7720A2383BCF46C1895FE70984DD.d.788A83A60C01D692525C03BEB63C8D42.e.8924"}]}
RESULT: {"script":"<script> [8489 bytes]","args":[{"element-6066-11e4-a52e-4f735466cecf":"f.624D7720A2383BCF46C1895FE70984DD.d.788A83A60C01D692525C03BEB63C8D42.e.8924","ELEMENT":"f.624D7720A2383BCF46C1895FE70984DD.d.788A83A60C01D692525C03BEB63C8D42.e.8924"}]}
COMMAND: GET /session/db7e74ddcaedfecfca9d83c19254142b/element/f.624D7720A2383BCF46C1895FE70984DD.d.788A83A60C01D692525C03BEB63C8D42.e.8924/enabled - {}
COMMAND: GET /session/db7e74ddcaedfecfca9d83c19254142b/screenshot - {}
RESULT: {}
COMMAND: POST /session/db7e74ddcaedfecfca9d83c19254142b/execute/sync - {"script":"<script> [8489 bytes]","args":[{"element-6066-11e4-a52e-4f735466cecf":"f.624D7720A2383BCF46C1895FE70984DD.d.788A83A60C01D692525C03BEB63C8D42.e.8924","ELEMENT":"f.624D7720A2383BCF46C1895FE70984DD.d.788A83A60C01D692525C03BEB63C8D42.e.8924"}]}
COMMAND: GET /session/db7e74ddcaedfecfca9d83c19254142b/screenshot - {}
RESULT: {}
RESULT: {"script":"<script> [8489 bytes]","args":[{"element-6066-11e4-a52e-4f735466cecf":"f.624D7720A2383BCF46C1895FE70984DD.d.788A83A60C01D692525C03BEB63C8D42.e.8924","ELEMENT":"f.624D7720A2383BCF46C1895FE70984DD.d.788A83A60C01D692525C03BEB63C8D42.e.8924"}]}
COMMAND: POST /session/db7e74ddcaedfecfca9d83c19254142b/execute/sync - {"script":"<script> [5351 bytes]","args":[{"element-6066-11e4-a52e-4f735466cecf":"f.624D7720A2383BCF46C1895FE70984DD.d.788A83A60C01D692525C03BEB63C8D42.e.8924","ELEMENT":"f.624D7720A2383BCF46C1895FE70984DD.d.788A83A60C01D692525C03BEB63C8D42.e.8924"}]}
COMMAND: GET /session/db7e74ddcaedfecfca9d83c19254142b/screenshot - {}
RESULT: {}
RESULT: {"script":"<script> [5351 bytes]","args":[{"element-6066-11e4-a52e-4f735466cecf":"f.624D7720A2383BCF46C1895FE70984DD.d.788A83A60C01D692525C03BEB63C8D42.e.8924","ELEMENT":"f.624D7720A2383BCF46C1895FE70984DD.d.788A83A60C01D692525C03BEB63C8D42.e.8924"}]}
COMMAND: POST /session/db7e74ddcaedfecfca9d83c19254142b/element/f.624D7720A2383BCF46C1895FE70984DD.d.788A83A60C01D692525C03BEB63C8D42.e.8924/click - {}
COMMAND: GET /session/db7e74ddcaedfecfca9d83c19254142b/screenshot - {}
RESULT: {}
RESULT: {}
COMMAND: GET /session/db7e74ddcaedfecfca9d83c19254142b/screenshot - {}
RESULT: {}
RESULT: {}
COMMAND: POST /session/db7e74ddcaedfecfca9d83c19254142b/element - {"using":"xpath","value":"//span[contains(@id ,\"AddNewHO--typeSelect-arrow\")]"}
RESULT: {"using":"xpath","value":"//span[contains(@id ,\"AddNewHO--typeSelect-arrow\")]"}
COMMAND: POST /session/db7e74ddcaedfecfca9d83c19254142b/element/f.624D7720A2383BCF46C1895FE70984DD.d.788A83A60C01D692525C03BEB63C8D42.e.9264/click - {}
RESULT: {}
COMMAND: GET /session/db7e74ddcaedfecfca9d83c19254142b/screenshot - {}
RESULT: {}
COMMAND: POST /session/db7e74ddcaedfecfca9d83c19254142b/element - {"using":"xpath","value":"(//li[contains(text(), \"stock increase yard\")])[1]"}
RESULT: {"using":"xpath","value":"(//li[contains(text(), \"stock increase yard\")])[1]"}
COMMAND: POST /session/db7e74ddcaedfecfca9d83c19254142b/element/f.624D7720A2383BCF46C1895FE70984DD.d.788A83A60C01D692525C03BEB63C8D42.e.9265/click - {}
RESULT: {}
COMMAND: GET /session/db7e74ddcaedfecfca9d83c19254142b/screenshot - {}
RESULT: {}
COMMAND: POST /session/db7e74ddcaedfecfca9d83c19254142b/execute/async - {"script":"<script> [1562 bytes]","args":[{"selector":{"id":"application-managehandovers-display-component---AddNewHO--dueDate","interaction":{"idSuffix":"inner"}},"wdio_ui5_key":"applicationmanagehandovers-display-component---AddNewHO--dueDate"}]}
RESULT: {"script":"<script> [1562 bytes]","args":[{"selector":{"id":"application-managehandovers-display-component---AddNewHO--dueDate","interaction":{"idSuffix":"inner"}},"wdio_ui5_key":"applicationmanagehandovers-display-component---AddNewHO--dueDate"}]}
RESULT: undefined
COMMAND: POST /session/db7e74ddcaedfecfca9d83c19254142b/execute/async - {"script":"<script> [6424 bytes]","args":[{"element-6066-11e4-a52e-4f735466cecf":"f.624D7720A2383BCF46C1895FE70984DD.d.788A83A60C01D692525C03BEB63C8D42.e.9267"},"setValue",["5/26/25"]]}
RESULT: {"script":"<script> [6424 bytes]","args":[{"element-6066-11e4-a52e-4f735466cecf":"f.624D7720A2383BCF46C1895FE70984DD.d.788A83A60C01D692525C03BEB63C8D42.e.9267"},"setValue",["5/26/25"]]}
COMMAND: POST /session/db7e74ddcaedfecfca9d83c19254142b/element - {"using":"xpath","value":"//input[@id=\"generalSectionFrg--receiveYard-inner\"]"}
RESULT: {"using":"xpath","value":"//input[@id=\"generalSectionFrg--receiveYard-inner\"]"}
COMMAND: POST /session/db7e74ddcaedfecfca9d83c19254142b/element/f.624D7720A2383BCF46C1895FE70984DD.d.788A83A60C01D692525C03BEB63C8D42.e.9273/clear - {}
RESULT: {}
COMMAND: POST /session/db7e74ddcaedfecfca9d83c19254142b/element/f.624D7720A2383BCF46C1895FE70984DD.d.788A83A60C01D692525C03BEB63C8D42.e.9273/value - {"text":"337"}
COMMAND: GET /session/db7e74ddcaedfecfca9d83c19254142b/screenshot - {}
RESULT: {"text":"337"}
COMMAND: GET /session/db7e74ddcaedfecfca9d83c19254142b/screenshot - {}
RESULT: {}
RESULT: {}
COMMAND: POST /session/db7e74ddcaedfecfca9d83c19254142b/element - {"using":"xpath","value":"//li[.//span[text()='337']]"}
RESULT: {"using":"xpath","value":"//li[.//span[text()='337']]"}
COMMAND: POST /session/db7e74ddcaedfecfca9d83c19254142b/element/f.624D7720A2383BCF46C1895FE70984DD.d.788A83A60C01D692525C03BEB63C8D42.e.9291/click - {}
RESULT: {}
COMMAND: GET /session/db7e74ddcaedfecfca9d83c19254142b/screenshot - {}
RESULT: {}
COMMAND: POST /session/db7e74ddcaedfecfca9d83c19254142b/execute/async - {"script":"<script> [1562 bytes]","args":[{"selector":{"id":"application-managehandovers-display-component---AddNewHO--ObjectPageLayout-anchBar-application-managehandovers-display-component---AddNewHO--section4-anchor","interaction":{"idSuffix":"BDI-content"}},"wdio_ui5_key":"applicationmanagehandovers-display-component---AddNewHO--ObjectPageLayout-anchBar-application-managehandovers-display-component---AddNewHO--section4-anchor"}]}
RESULT: {"script":"<script> [1562 bytes]","args":[{"selector":{"id":"application-managehandovers-display-component---AddNewHO--ObjectPageLayout-anchBar-application-managehandovers-display-component---AddNewHO--section4-anchor","interaction":{"idSuffix":"BDI-content"}},"wdio_ui5_key":"applicationmanagehandovers-display-component---AddNewHO--ObjectPageLayout-anchBar-application-managehandovers-display-component---AddNewHO--section4-anchor"}]}
RESULT: undefined
COMMAND: POST /session/db7e74ddcaedfecfca9d83c19254142b/element - {"using":"xpath","value":"//*[@id=\"application-managehandovers-display-component---AddNewHO--ObjectPageLayout-anchBar-application-managehandovers-display-component---AddNewHO--section4-anchor\"]"}
RESULT: {"using":"xpath","value":"//*[@id=\"application-managehandovers-display-component---AddNewHO--ObjectPageLayout-anchBar-application-managehandovers-display-component---AddNewHO--section4-anchor\"]"}
COMMAND: POST /session/db7e74ddcaedfecfca9d83c19254142b/element/f.624D7720A2383BCF46C1895FE70984DD.d.788A83A60C01D692525C03BEB63C8D42.e.9293/click - {}
RESULT: {}
COMMAND: POST /session/db7e74ddcaedfecfca9d83c19254142b/element - {"using":"xpath","value":"//button[@aria-label=\"Add\"]"}
COMMAND: GET /session/db7e74ddcaedfecfca9d83c19254142b/screenshot - {}
RESULT: {"using":"xpath","value":"//button[@aria-label=\"Add\"]"}
COMMAND: POST /session/db7e74ddcaedfecfca9d83c19254142b/element/f.624D7720A2383BCF46C1895FE70984DD.d.788A83A60C01D692525C03BEB63C8D42.e.9295/click - {}
RESULT: {}
RESULT: {}
COMMAND: GET /session/db7e74ddcaedfecfca9d83c19254142b/screenshot - {}
RESULT: {}
COMMAND: POST /session/db7e74ddcaedfecfca9d83c19254142b/execute/async - {"script":"<script> [1562 bytes]","args":[{"selector":{"id":"application-managehandovers-display-component---AddNewHO--smartFilterBar-btnBasicSearch","searchOpenDialogs":true,"interaction":{"idSuffix":"I"}},"wdio_ui5_key":"applicationmanagehandovers-display-component---AddNewHO--smartFilterBar-btnBasicSearch"}]}
RESULT: {"script":"<script> [1562 bytes]","args":[{"selector":{"id":"application-managehandovers-display-component---AddNewHO--smartFilterBar-btnBasicSearch","searchOpenDialogs":true,"interaction":{"idSuffix":"I"}},"wdio_ui5_key":"applicationmanagehandovers-display-component---AddNewHO--smartFilterBar-btnBasicSearch"}]}
RESULT: undefined
COMMAND: POST /session/db7e74ddcaedfecfca9d83c19254142b/execute/async - {"script":"<script> [776 bytes]","args":[{"enterText":"200181","selector":{"id":"application-managehandovers-display-component---AddNewHO--smartFilterBar-btnBasicSearch","searchOpenDialogs":true,"interaction":{"idSuffix":"I"}},"clearTextFirst":true,"interactionType":"ENTER_TEXT"}]}
RESULT: {"script":"<script> [776 bytes]","args":[{"enterText":"200181","selector":{"id":"application-managehandovers-display-component---AddNewHO--smartFilterBar-btnBasicSearch","searchOpenDialogs":true,"interaction":{"idSuffix":"I"}},"clearTextFirst":true,"interactionType":"ENTER_TEXT"}]}
COMMAND: POST /session/db7e74ddcaedfecfca9d83c19254142b/actions - {"actions":[{"id":"action32","type":"key","parameters":{},"actions":[{"type":"keyDown","value":""},{"type":"pause","duration":10},{"type":"keyUp","value":""}]}]}
RESULT: {"actions":[{"id":"action32","type":"key","parameters":{},"actions":[{"type":"keyDown","value":""},{"type":"pause","duration":10},{"type":"keyUp","value":""}]}]}
COMMAND: GET /session/db7e74ddcaedfecfca9d83c19254142b/screenshot - {}
RESULT: {}
COMMAND: POST /session/db7e74ddcaedfecfca9d83c19254142b/execute/async - {"script":"<script> [1562 bytes]","args":[{"selector":{"id":"application-managehandovers-display-component---AddNewHO--popup-sa","searchOpenDialogs":true,"interaction":{"idSuffix":"CbBg"}},"wdio_ui5_key":"applicationmanagehandovers-display-component---AddNewHO--popup-sa"}]}
RESULT: {"script":"<script> [1562 bytes]","args":[{"selector":{"id":"application-managehandovers-display-component---AddNewHO--popup-sa","searchOpenDialogs":true,"interaction":{"idSuffix":"CbBg"}},"wdio_ui5_key":"applicationmanagehandovers-display-component---AddNewHO--popup-sa"}]}
RESULT: undefined
COMMAND: POST /session/db7e74ddcaedfecfca9d83c19254142b/element - {"using":"xpath","value":"//*[@id=\"application-managehandovers-display-component---AddNewHO--popup-sa\"]"}
RESULT: {"using":"xpath","value":"//*[@id=\"application-managehandovers-display-component---AddNewHO--popup-sa\"]"}
COMMAND: POST /session/db7e74ddcaedfecfca9d83c19254142b/element/f.624D7720A2383BCF46C1895FE70984DD.d.788A83A60C01D692525C03BEB63C8D42.e.9448/click - {}
RESULT: {}
COMMAND: GET /session/db7e74ddcaedfecfca9d83c19254142b/screenshot - {}
RESULT: {}
COMMAND: POST /session/db7e74ddcaedfecfca9d83c19254142b/element - {"using":"xpath","value":"//bdi[contains(text(), \"Select\")]"}
RESULT: {"using":"xpath","value":"//bdi[contains(text(), \"Select\")]"}
COMMAND: POST /session/db7e74ddcaedfecfca9d83c19254142b/element/f.624D7720A2383BCF46C1895FE70984DD.d.788A83A60C01D692525C03BEB63C8D42.e.9449/click - {}
RESULT: {}
COMMAND: GET /session/db7e74ddcaedfecfca9d83c19254142b/screenshot - {}
RESULT: {}
COMMAND: POST /session/db7e74ddcaedfecfca9d83c19254142b/element - {"using":"xpath","value":"//button[@data-kt=\"AddNewHOSaveButton\"]"}
RESULT: {"using":"xpath","value":"//button[@data-kt=\"AddNewHOSaveButton\"]"}
COMMAND: POST /session/db7e74ddcaedfecfca9d83c19254142b/element/f.624D7720A2383BCF46C1895FE70984DD.d.788A83A60C01D692525C03BEB63C8D42.e.9453/click - {}
RESULT: {}
COMMAND: GET /session/db7e74ddcaedfecfca9d83c19254142b/screenshot - {}
RESULT: {}
COMMAND: POST /session/db7e74ddcaedfecfca9d83c19254142b/execute/async - {"script":"<script> [1562 bytes]","args":[{"selector":{"id":"receiptDatePicker","viewName":"etm.portal.ui.managehandovers.view.DetailExecuteHO","interaction":{"idSuffix":"inner"}},"wdio_ui5_key":"receiptDatePickeretmportal.ui.managehandovers.view.DetailExecuteHO"}]}
RESULT: {"script":"<script> [1562 bytes]","args":[{"selector":{"id":"receiptDatePicker","viewName":"etm.portal.ui.managehandovers.view.DetailExecuteHO","interaction":{"idSuffix":"inner"}},"wdio_ui5_key":"receiptDatePickeretmportal.ui.managehandovers.view.DetailExecuteHO"}]}
RESULT: undefined
COMMAND: POST /session/db7e74ddcaedfecfca9d83c19254142b/execute/async - {"script":"<script> [6424 bytes]","args":[{"element-6066-11e4-a52e-4f735466cecf":"f.624D7720A2383BCF46C1895FE70984DD.d.788A83A60C01D692525C03BEB63C8D42.e.9480"},"setValue",["5/26/25"]]}
RESULT: {"script":"<script> [6424 bytes]","args":[{"element-6066-11e4-a52e-4f735466cecf":"f.624D7720A2383BCF46C1895FE70984DD.d.788A83A60C01D692525C03BEB63C8D42.e.9480"},"setValue",["5/26/25"]]}
COMMAND: POST /session/db7e74ddcaedfecfca9d83c19254142b/element - {"using":"xpath","value":"//button[@data-kt=\"ReceivingTableConfirmAllButton\"]"}
RESULT: {"using":"xpath","value":"//button[@data-kt=\"ReceivingTableConfirmAllButton\"]"}
COMMAND: POST /session/db7e74ddcaedfecfca9d83c19254142b/element/f.624D7720A2383BCF46C1895FE70984DD.d.788A83A60C01D692525C03BEB63C8D42.e.9497/click - {}
RESULT: {}
COMMAND: GET /session/db7e74ddcaedfecfca9d83c19254142b/screenshot - {}
RESULT: {}
COMMAND: POST /session/db7e74ddcaedfecfca9d83c19254142b/element - {"using":"xpath","value":"//bdi[contains(text(), \"OK\")]"}
RESULT: {"using":"xpath","value":"//bdi[contains(text(), \"OK\")]"}
COMMAND: POST /session/db7e74ddcaedfecfca9d83c19254142b/element/f.624D7720A2383BCF46C1895FE70984DD.d.788A83A60C01D692525C03BEB63C8D42.e.9499/click - {}
RESULT: {}
COMMAND: GET /session/db7e74ddcaedfecfca9d83c19254142b/screenshot - {}
RESULT: {}
COMMAND: POST /session/db7e74ddcaedfecfca9d83c19254142b/element - {"using":"xpath","value":"(//bdi[contains(text(), \"Receive\")])[2]"}
RESULT: {"using":"xpath","value":"(//bdi[contains(text(), \"Receive\")])[2]"}
COMMAND: POST /session/db7e74ddcaedfecfca9d83c19254142b/element/f.624D7720A2383BCF46C1895FE70984DD.d.788A83A60C01D692525C03BEB63C8D42.e.9501/click - {}
RESULT: {}
COMMAND: GET /session/db7e74ddcaedfecfca9d83c19254142b/screenshot - {}
RESULT: {}
COMMAND: POST /session/db7e74ddcaedfecfca9d83c19254142b/element - {"using":"css selector","value":"#shell-header-logo"}
RESULT: {"using":"css selector","value":"#shell-header-logo"}
COMMAND: POST /session/db7e74ddcaedfecfca9d83c19254142b/element/f.624D7720A2383BCF46C1895FE70984DD.d.788A83A60C01D692525C03BEB63C8D42.e.8889/click - {}
RESULT: {}
COMMAND: GET /session/db7e74ddcaedfecfca9d83c19254142b/screenshot - {}
RESULT: {}
]]></system-out>
    </testcase>
    <testcase classname="chrome.136_0_7103_93.windows.Provide_to_Site_w/_warehouse_management_wo_clarification" name="Should create a new contract" time="66.104">
      <system-out><![CDATA[
COMMAND: POST /session/db7e74ddcaedfecfca9d83c19254142b/execute/async - {"script":"<script> [1562 bytes]","args":[{"selector":{"controlType":"sap.m.GenericTile","properties":{"header":"Manage Contracts"}},"wdio_ui5_key":"sapm.GenericTile{\"header\":\"Manage Contracts\"}"}]}
RESULT: {"script":"<script> [1562 bytes]","args":[{"selector":{"controlType":"sap.m.GenericTile","properties":{"header":"Manage Contracts"}},"wdio_ui5_key":"sapm.GenericTile{\"header\":\"Manage Contracts\"}"}]}
RESULT: undefined
COMMAND: POST /session/db7e74ddcaedfecfca9d83c19254142b/element - {"using":"xpath","value":"//*[@id=\"__tile130\"]"}
RESULT: {"using":"xpath","value":"//*[@id=\"__tile130\"]"}
COMMAND: POST /session/db7e74ddcaedfecfca9d83c19254142b/element/f.624D7720A2383BCF46C1895FE70984DD.d.788A83A60C01D692525C03BEB63C8D42.e.8188/click - {}
RESULT: {}
COMMAND: GET /session/db7e74ddcaedfecfca9d83c19254142b/screenshot - {}
RESULT: {}
COMMAND: POST /session/db7e74ddcaedfecfca9d83c19254142b/elements - {"using":"xpath","value":"//span[text()='Error']"}
RESULT: {"using":"xpath","value":"//span[text()='Error']"}
COMMAND: POST /session/db7e74ddcaedfecfca9d83c19254142b/element - {"using":"xpath","value":"//button[@data-kt=\"addButton\"]"}
RESULT: {"using":"xpath","value":"//button[@data-kt=\"addButton\"]"}
COMMAND: POST /session/db7e74ddcaedfecfca9d83c19254142b/elements - {"using":"xpath","value":"//button[@data-kt=\"addButton\"]"}
RESULT: {"using":"xpath","value":"//button[@data-kt=\"addButton\"]"}
COMMAND: POST /session/db7e74ddcaedfecfca9d83c19254142b/execute/sync - {"script":"<script> [8489 bytes]","args":[{"element-6066-11e4-a52e-4f735466cecf":"f.624D7720A2383BCF46C1895FE70984DD.d.788A83A60C01D692525C03BEB63C8D42.e.9702","ELEMENT":"f.624D7720A2383BCF46C1895FE70984DD.d.788A83A60C01D692525C03BEB63C8D42.e.9702"}]}
RESULT: {"script":"<script> [8489 bytes]","args":[{"element-6066-11e4-a52e-4f735466cecf":"f.624D7720A2383BCF46C1895FE70984DD.d.788A83A60C01D692525C03BEB63C8D42.e.9702","ELEMENT":"f.624D7720A2383BCF46C1895FE70984DD.d.788A83A60C01D692525C03BEB63C8D42.e.9702"}]}
COMMAND: GET /session/db7e74ddcaedfecfca9d83c19254142b/element/f.624D7720A2383BCF46C1895FE70984DD.d.788A83A60C01D692525C03BEB63C8D42.e.9702/enabled - {}
COMMAND: GET /session/db7e74ddcaedfecfca9d83c19254142b/screenshot - {}
RESULT: {}
COMMAND: POST /session/db7e74ddcaedfecfca9d83c19254142b/execute/sync - {"script":"<script> [8489 bytes]","args":[{"element-6066-11e4-a52e-4f735466cecf":"f.624D7720A2383BCF46C1895FE70984DD.d.788A83A60C01D692525C03BEB63C8D42.e.9702","ELEMENT":"f.624D7720A2383BCF46C1895FE70984DD.d.788A83A60C01D692525C03BEB63C8D42.e.9702"}]}
COMMAND: GET /session/db7e74ddcaedfecfca9d83c19254142b/screenshot - {}
RESULT: {}
RESULT: {"script":"<script> [8489 bytes]","args":[{"element-6066-11e4-a52e-4f735466cecf":"f.624D7720A2383BCF46C1895FE70984DD.d.788A83A60C01D692525C03BEB63C8D42.e.9702","ELEMENT":"f.624D7720A2383BCF46C1895FE70984DD.d.788A83A60C01D692525C03BEB63C8D42.e.9702"}]}
COMMAND: POST /session/db7e74ddcaedfecfca9d83c19254142b/execute/sync - {"script":"<script> [5351 bytes]","args":[{"element-6066-11e4-a52e-4f735466cecf":"f.624D7720A2383BCF46C1895FE70984DD.d.788A83A60C01D692525C03BEB63C8D42.e.9702","ELEMENT":"f.624D7720A2383BCF46C1895FE70984DD.d.788A83A60C01D692525C03BEB63C8D42.e.9702"}]}
COMMAND: GET /session/db7e74ddcaedfecfca9d83c19254142b/screenshot - {}
RESULT: {}
RESULT: {"script":"<script> [5351 bytes]","args":[{"element-6066-11e4-a52e-4f735466cecf":"f.624D7720A2383BCF46C1895FE70984DD.d.788A83A60C01D692525C03BEB63C8D42.e.9702","ELEMENT":"f.624D7720A2383BCF46C1895FE70984DD.d.788A83A60C01D692525C03BEB63C8D42.e.9702"}]}
COMMAND: GET /session/db7e74ddcaedfecfca9d83c19254142b/screenshot - {}
RESULT: {}
RESULT: {}
COMMAND: POST /session/db7e74ddcaedfecfca9d83c19254142b/element/f.624D7720A2383BCF46C1895FE70984DD.d.788A83A60C01D692525C03BEB63C8D42.e.9702/click - {}
RESULT: {}
COMMAND: GET /session/db7e74ddcaedfecfca9d83c19254142b/screenshot - {}
COMMAND: POST /session/db7e74ddcaedfecfca9d83c19254142b/execute/async - {"script":"<script> [1562 bytes]","args":[{"selector":{"id":"application-managecontracts-display-component---AddNewContract--projectDescription","interaction":{"idSuffix":"inner"}},"wdio_ui5_key":"applicationmanagecontracts-display-component---AddNewContract--projectDescription"}]}
RESULT: {}
RESULT: {"script":"<script> [1562 bytes]","args":[{"selector":{"id":"application-managecontracts-display-component---AddNewContract--projectDescription","interaction":{"idSuffix":"inner"}},"wdio_ui5_key":"applicationmanagecontracts-display-component---AddNewContract--projectDescription"}]}
RESULT: undefined
COMMAND: POST /session/db7e74ddcaedfecfca9d83c19254142b/execute/async - {"script":"<script> [776 bytes]","args":[{"enterText":"Contract WDIO","selector":{"id":"application-managecontracts-display-component---AddNewContract--projectDescription","interaction":{"idSuffix":"inner"}},"clearTextFirst":true,"interactionType":"ENTER_TEXT"}]}
RESULT: {"script":"<script> [776 bytes]","args":[{"enterText":"Contract WDIO","selector":{"id":"application-managecontracts-display-component---AddNewContract--projectDescription","interaction":{"idSuffix":"inner"}},"clearTextFirst":true,"interactionType":"ENTER_TEXT"}]}
COMMAND: POST /session/db7e74ddcaedfecfca9d83c19254142b/element - {"using":"xpath","value":"//input[@id=\"application-managecontracts-display-component---AddNewContract--site-inner\"]"}
RESULT: {"using":"xpath","value":"//input[@id=\"application-managecontracts-display-component---AddNewContract--site-inner\"]"}
COMMAND: POST /session/db7e74ddcaedfecfca9d83c19254142b/element/f.624D7720A2383BCF46C1895FE70984DD.d.788A83A60C01D692525C03BEB63C8D42.e.10065/clear - {}
RESULT: {}
COMMAND: POST /session/db7e74ddcaedfecfca9d83c19254142b/element/f.624D7720A2383BCF46C1895FE70984DD.d.788A83A60C01D692525C03BEB63C8D42.e.10065/value - {"text":"2158"}
COMMAND: GET /session/db7e74ddcaedfecfca9d83c19254142b/screenshot - {}
RESULT: {"text":"2158"}
COMMAND: GET /session/db7e74ddcaedfecfca9d83c19254142b/screenshot - {}
RESULT: {}
RESULT: {}
COMMAND: POST /session/db7e74ddcaedfecfca9d83c19254142b/element - {"using":"xpath","value":"//li[.//span[text()='2158']]"}
RESULT: {"using":"xpath","value":"//li[.//span[text()='2158']]"}
COMMAND: POST /session/db7e74ddcaedfecfca9d83c19254142b/element/f.624D7720A2383BCF46C1895FE70984DD.d.788A83A60C01D692525C03BEB63C8D42.e.10147/click - {}
RESULT: {}
COMMAND: GET /session/db7e74ddcaedfecfca9d83c19254142b/screenshot - {}
RESULT: {}
COMMAND: POST /session/db7e74ddcaedfecfca9d83c19254142b/element - {"using":"xpath","value":"//input[@id=\"application-managecontracts-display-component---AddNewContract--yardId-inner\"]"}
RESULT: {"using":"xpath","value":"//input[@id=\"application-managecontracts-display-component---AddNewContract--yardId-inner\"]"}
COMMAND: GET /session/db7e74ddcaedfecfca9d83c19254142b/element/f.624D7720A2383BCF46C1895FE70984DD.d.788A83A60C01D692525C03BEB63C8D42.e.10066/property/value - {}
RESULT: {}
COMMAND: POST /session/db7e74ddcaedfecfca9d83c19254142b/element - {"using":"xpath","value":"//input[@id=\"application-managecontracts-display-component---AddNewContract--customerSelect-inner\"]"}
COMMAND: GET /session/db7e74ddcaedfecfca9d83c19254142b/screenshot - {}
RESULT: {"using":"xpath","value":"//input[@id=\"application-managecontracts-display-component---AddNewContract--customerSelect-inner\"]"}
COMMAND: POST /session/db7e74ddcaedfecfca9d83c19254142b/element/f.624D7720A2383BCF46C1895FE70984DD.d.788A83A60C01D692525C03BEB63C8D42.e.10064/clear - {}
RESULT: {}
RESULT: {}
COMMAND: POST /session/db7e74ddcaedfecfca9d83c19254142b/element/f.624D7720A2383BCF46C1895FE70984DD.d.788A83A60C01D692525C03BEB63C8D42.e.10064/value - {"text":"1169"}
COMMAND: GET /session/db7e74ddcaedfecfca9d83c19254142b/screenshot - {}
RESULT: {"text":"1169"}
COMMAND: GET /session/db7e74ddcaedfecfca9d83c19254142b/screenshot - {}
RESULT: {}
RESULT: {}
COMMAND: POST /session/db7e74ddcaedfecfca9d83c19254142b/element - {"using":"xpath","value":"//li[.//span[text()='1169']]"}
RESULT: {"using":"xpath","value":"//li[.//span[text()='1169']]"}
COMMAND: POST /session/db7e74ddcaedfecfca9d83c19254142b/element/f.624D7720A2383BCF46C1895FE70984DD.d.788A83A60C01D692525C03BEB63C8D42.e.10150/click - {}
RESULT: {}
COMMAND: GET /session/db7e74ddcaedfecfca9d83c19254142b/screenshot - {}
RESULT: {}
COMMAND: POST /session/db7e74ddcaedfecfca9d83c19254142b/element - {"using":"xpath","value":"//button[@data-kt=\"saveButton\"]"}
RESULT: {"using":"xpath","value":"//button[@data-kt=\"saveButton\"]"}
COMMAND: POST /session/db7e74ddcaedfecfca9d83c19254142b/element/f.624D7720A2383BCF46C1895FE70984DD.d.788A83A60C01D692525C03BEB63C8D42.e.10140/click - {}
RESULT: {}
COMMAND: GET /session/db7e74ddcaedfecfca9d83c19254142b/screenshot - {}
RESULT: {}
COMMAND: POST /session/db7e74ddcaedfecfca9d83c19254142b/element - {"using":"xpath","value":"//span[contains(@id ,\"contractDetailTitleNoExpanded\")]"}
RESULT: {"using":"xpath","value":"//span[contains(@id ,\"contractDetailTitleNoExpanded\")]"}
COMMAND: POST /session/db7e74ddcaedfecfca9d83c19254142b/elements - {"using":"xpath","value":"//span[contains(@id ,\"contractDetailTitleNoExpanded\")]"}
RESULT: {"using":"xpath","value":"//span[contains(@id ,\"contractDetailTitleNoExpanded\")]"}
COMMAND: POST /session/db7e74ddcaedfecfca9d83c19254142b/execute/sync - {"script":"<script> [56 bytes]","args":[{"element-6066-11e4-a52e-4f735466cecf":"f.624D7720A2383BCF46C1895FE70984DD.d.788A83A60C01D692525C03BEB63C8D42.e.10222","ELEMENT":"f.624D7720A2383BCF46C1895FE70984DD.d.788A83A60C01D692525C03BEB63C8D42.e.10222"}]}
RESULT: {"script":"<script> [56 bytes]","args":[{"element-6066-11e4-a52e-4f735466cecf":"f.624D7720A2383BCF46C1895FE70984DD.d.788A83A60C01D692525C03BEB63C8D42.e.10222","ELEMENT":"f.624D7720A2383BCF46C1895FE70984DD.d.788A83A60C01D692525C03BEB63C8D42.e.10222"}]}
COMMAND: GET /session/db7e74ddcaedfecfca9d83c19254142b/screenshot - {}
RESULT: {}
]]></system-out>
    </testcase>
    <testcase classname="chrome.136_0_7103_93.windows.Provide_to_Site_w/_warehouse_management_wo_clarification" name="Should add equipment to the contract" time="58.208">
      <system-out><![CDATA[
COMMAND: POST /session/db7e74ddcaedfecfca9d83c19254142b/element - {"using":"xpath","value":"//button[@data-kt=\"contractDetailEditBtnButton\"]"}
RESULT: {"using":"xpath","value":"//button[@data-kt=\"contractDetailEditBtnButton\"]"}
COMMAND: POST /session/db7e74ddcaedfecfca9d83c19254142b/element/f.624D7720A2383BCF46C1895FE70984DD.d.788A83A60C01D692525C03BEB63C8D42.e.10224/click - {}
RESULT: {}
COMMAND: GET /session/db7e74ddcaedfecfca9d83c19254142b/screenshot - {}
RESULT: {}
COMMAND: POST /session/db7e74ddcaedfecfca9d83c19254142b/element - {"using":"xpath","value":"(//span[contains(text(), \"Additional Addresses\")])[2]"}
RESULT: {"using":"xpath","value":"(//span[contains(text(), \"Additional Addresses\")])[2]"}
COMMAND: POST /session/db7e74ddcaedfecfca9d83c19254142b/element/f.624D7720A2383BCF46C1895FE70984DD.d.788A83A60C01D692525C03BEB63C8D42.e.10281/click - {}
RESULT: {}
COMMAND: GET /session/db7e74ddcaedfecfca9d83c19254142b/screenshot - {}
RESULT: {}
COMMAND: POST /session/db7e74ddcaedfecfca9d83c19254142b/element - {"using":"xpath","value":"//button[@data-kt=\"btnAddTableRowOverflowToolbarButton\"]"}
RESULT: {"using":"xpath","value":"//button[@data-kt=\"btnAddTableRowOverflowToolbarButton\"]"}
COMMAND: POST /session/db7e74ddcaedfecfca9d83c19254142b/element/f.624D7720A2383BCF46C1895FE70984DD.d.788A83A60C01D692525C03BEB63C8D42.e.10283/click - {}
RESULT: {}
COMMAND: GET /session/db7e74ddcaedfecfca9d83c19254142b/screenshot - {}
RESULT: {}
COMMAND: POST /session/db7e74ddcaedfecfca9d83c19254142b/element - {"using":"xpath","value":"//div[(text() = 'Standard Entry' or . = 'Standard Entry')]"}
RESULT: {"using":"xpath","value":"//div[(text() = 'Standard Entry' or . = 'Standard Entry')]"}
COMMAND: POST /session/db7e74ddcaedfecfca9d83c19254142b/element/f.624D7720A2383BCF46C1895FE70984DD.d.788A83A60C01D692525C03BEB63C8D42.e.10285/click - {}
RESULT: {}
COMMAND: GET /session/db7e74ddcaedfecfca9d83c19254142b/screenshot - {}
RESULT: {}
COMMAND: POST /session/db7e74ddcaedfecfca9d83c19254142b/element - {"using":"xpath","value":"//td[6]/div/div/div/span"}
RESULT: {"using":"xpath","value":"//td[6]/div/div/div/span"}
COMMAND: POST /session/db7e74ddcaedfecfca9d83c19254142b/element/f.624D7720A2383BCF46C1895FE70984DD.d.788A83A60C01D692525C03BEB63C8D42.e.10297/click - {}
RESULT: {}
COMMAND: GET /session/db7e74ddcaedfecfca9d83c19254142b/screenshot - {}
RESULT: {}
COMMAND: POST /session/db7e74ddcaedfecfca9d83c19254142b/element - {"using":"xpath","value":"(//span[contains(text(), \"Material\")])"}
RESULT: {"using":"xpath","value":"(//span[contains(text(), \"Material\")])"}
COMMAND: POST /session/db7e74ddcaedfecfca9d83c19254142b/element/f.624D7720A2383BCF46C1895FE70984DD.d.788A83A60C01D692525C03BEB63C8D42.e.10299/click - {}
RESULT: {}
COMMAND: GET /session/db7e74ddcaedfecfca9d83c19254142b/screenshot - {}
RESULT: {}
COMMAND: POST /session/db7e74ddcaedfecfca9d83c19254142b/element - {"using":"xpath","value":"//td[7]/div/div/input"}
RESULT: {"using":"xpath","value":"//td[7]/div/div/input"}
COMMAND: POST /session/db7e74ddcaedfecfca9d83c19254142b/element/f.624D7720A2383BCF46C1895FE70984DD.d.788A83A60C01D692525C03BEB63C8D42.e.10302/clear - {}
RESULT: {}
COMMAND: POST /session/db7e74ddcaedfecfca9d83c19254142b/element/f.624D7720A2383BCF46C1895FE70984DD.d.788A83A60C01D692525C03BEB63C8D42.e.10302/value - {"text":"200181"}
COMMAND: GET /session/db7e74ddcaedfecfca9d83c19254142b/screenshot - {}
RESULT: {"text":"200181"}
COMMAND: GET /session/db7e74ddcaedfecfca9d83c19254142b/screenshot - {}
RESULT: {}
RESULT: {}
COMMAND: POST /session/db7e74ddcaedfecfca9d83c19254142b/actions - {"actions":[{"id":"action33","type":"key","parameters":{},"actions":[{"type":"keyDown","value":""},{"type":"pause","duration":10},{"type":"keyUp","value":""}]}]}
RESULT: {"actions":[{"id":"action33","type":"key","parameters":{},"actions":[{"type":"keyDown","value":""},{"type":"pause","duration":10},{"type":"keyUp","value":""}]}]}
COMMAND: GET /session/db7e74ddcaedfecfca9d83c19254142b/screenshot - {}
RESULT: {}
COMMAND: POST /session/db7e74ddcaedfecfca9d83c19254142b/execute/sync - {"script":"<script> [276 bytes]","args":["No pricing information was found"]}
RESULT: {"script":"<script> [276 bytes]","args":["No pricing information was found"]}
COMMAND: POST /session/db7e74ddcaedfecfca9d83c19254142b/element - {"using":"xpath","value":"//bdi[contains(text(), \"OK\")]"}
COMMAND: GET /session/db7e74ddcaedfecfca9d83c19254142b/screenshot - {}
RESULT: {"using":"xpath","value":"//bdi[contains(text(), \"OK\")]"}
COMMAND: POST /session/db7e74ddcaedfecfca9d83c19254142b/element/f.624D7720A2383BCF46C1895FE70984DD.d.788A83A60C01D692525C03BEB63C8D42.e.10328/click - {}
RESULT: {}
RESULT: {}
COMMAND: GET /session/db7e74ddcaedfecfca9d83c19254142b/screenshot - {}
RESULT: {}
COMMAND: POST /session/db7e74ddcaedfecfca9d83c19254142b/element - {"using":"xpath","value":"(//button[@data-kt=\"saveButton\"])[2]"}
RESULT: {"using":"xpath","value":"(//button[@data-kt=\"saveButton\"])[2]"}
COMMAND: POST /session/db7e74ddcaedfecfca9d83c19254142b/element/f.624D7720A2383BCF46C1895FE70984DD.d.788A83A60C01D692525C03BEB63C8D42.e.10329/click - {}
RESULT: {}
COMMAND: GET /session/db7e74ddcaedfecfca9d83c19254142b/screenshot - {}
RESULT: {}
COMMAND: POST /session/db7e74ddcaedfecfca9d83c19254142b/execute/sync - {"script":"<script> [276 bytes]","args":["Some contract items are having rental validity exceeding header rental validity"]}
RESULT: {"script":"<script> [276 bytes]","args":["Some contract items are having rental validity exceeding header rental validity"]}
COMMAND: GET /session/db7e74ddcaedfecfca9d83c19254142b/screenshot - {}
RESULT: {}
COMMAND: POST /session/db7e74ddcaedfecfca9d83c19254142b/element - {"using":"xpath","value":"//span[contains(@id ,\"contractItemsSmartTable-header-inner\")]"}
RESULT: {"using":"xpath","value":"//span[contains(@id ,\"contractItemsSmartTable-header-inner\")]"}
COMMAND: POST /session/db7e74ddcaedfecfca9d83c19254142b/elements - {"using":"xpath","value":"//span[contains(@id ,\"contractItemsSmartTable-header-inner\")]"}
RESULT: {"using":"xpath","value":"//span[contains(@id ,\"contractItemsSmartTable-header-inner\")]"}
COMMAND: POST /session/db7e74ddcaedfecfca9d83c19254142b/execute/sync - {"script":"<script> [56 bytes]","args":[{"element-6066-11e4-a52e-4f735466cecf":"f.624D7720A2383BCF46C1895FE70984DD.d.788A83A60C01D692525C03BEB63C8D42.e.10333","ELEMENT":"f.624D7720A2383BCF46C1895FE70984DD.d.788A83A60C01D692525C03BEB63C8D42.e.10333"}]}
RESULT: {"script":"<script> [56 bytes]","args":[{"element-6066-11e4-a52e-4f735466cecf":"f.624D7720A2383BCF46C1895FE70984DD.d.788A83A60C01D692525C03BEB63C8D42.e.10333","ELEMENT":"f.624D7720A2383BCF46C1895FE70984DD.d.788A83A60C01D692525C03BEB63C8D42.e.10333"}]}
]]></system-out>
    </testcase>
    <testcase classname="chrome.136_0_7103_93.windows.Provide_to_Site_w/_warehouse_management_wo_clarification" name="Should provide to site" time="49.939">
      <system-out><![CDATA[
COMMAND: POST /session/db7e74ddcaedfecfca9d83c19254142b/element - {"using":"xpath","value":"//button[@data-kt=\"provideButton\"]"}
COMMAND: GET /session/db7e74ddcaedfecfca9d83c19254142b/screenshot - {}
RESULT: {"using":"xpath","value":"//button[@data-kt=\"provideButton\"]"}
COMMAND: POST /session/db7e74ddcaedfecfca9d83c19254142b/element/f.624D7720A2383BCF46C1895FE70984DD.d.788A83A60C01D692525C03BEB63C8D42.e.10334/click - {}
RESULT: {}
RESULT: {}
COMMAND: GET /session/db7e74ddcaedfecfca9d83c19254142b/screenshot - {}
RESULT: {}
RESULT: undefined
COMMAND: POST /session/db7e74ddcaedfecfca9d83c19254142b/execute/async - {"script":"<script> [6424 bytes]","args":[{"element-6066-11e4-a52e-4f735466cecf":"f.624D7720A2383BCF46C1895FE70984DD.d.788A83A60C01D692525C03BEB63C8D42.e.9267"},"setValue",["05/26/25"]]}
COMMAND: POST /session/db7e74ddcaedfecfca9d83c19254142b/execute/async - {"script":"<script> [1562 bytes]","args":[{"selector":{"id":"application-managehandovers-display-component---AddNewHO--dueDate","interaction":{"idSuffix":"inner"}},"wdio_ui5_key":"applicationmanagehandovers-display-component---AddNewHO--dueDate"}]}
RESULT: {"script":"<script> [1562 bytes]","args":[{"selector":{"id":"application-managehandovers-display-component---AddNewHO--dueDate","interaction":{"idSuffix":"inner"}},"wdio_ui5_key":"applicationmanagehandovers-display-component---AddNewHO--dueDate"}]}
COMMAND: POST /session/db7e74ddcaedfecfca9d83c19254142b/execute/async - {"script":"<script> [6424 bytes]","args":[{"element-6066-11e4-a52e-4f735466cecf":"f.624D7720A2383BCF46C1895FE70984DD.d.788A83A60C01D692525C03BEB63C8D42.e.10410"},"setValue",["05/26/25"]]}
RESULT: {"script":"<script> [6424 bytes]","args":[{"element-6066-11e4-a52e-4f735466cecf":"f.624D7720A2383BCF46C1895FE70984DD.d.788A83A60C01D692525C03BEB63C8D42.e.10410"},"setValue",["05/26/25"]]}
COMMAND: POST /session/db7e74ddcaedfecfca9d83c19254142b/element - {"using":"xpath","value":"//bdi[contains(text(), \"Instructions\")]"}
RESULT: {"using":"xpath","value":"//bdi[contains(text(), \"Instructions\")]"}
COMMAND: POST /session/db7e74ddcaedfecfca9d83c19254142b/element/f.624D7720A2383BCF46C1895FE70984DD.d.788A83A60C01D692525C03BEB63C8D42.e.10522/click - {}
RESULT: {}
COMMAND: GET /session/db7e74ddcaedfecfca9d83c19254142b/screenshot - {}
RESULT: {}
COMMAND: POST /session/db7e74ddcaedfecfca9d83c19254142b/element - {"using":"xpath","value":"//button[@data-kt=\"AddNewHOProvideAddItemsButton\"]"}
RESULT: {"using":"xpath","value":"//button[@data-kt=\"AddNewHOProvideAddItemsButton\"]"}
COMMAND: POST /session/db7e74ddcaedfecfca9d83c19254142b/element/f.624D7720A2383BCF46C1895FE70984DD.d.788A83A60C01D692525C03BEB63C8D42.e.10526/click - {}
RESULT: {}
COMMAND: GET /session/db7e74ddcaedfecfca9d83c19254142b/screenshot - {}
RESULT: undefined
COMMAND: POST /session/db7e74ddcaedfecfca9d83c19254142b/element - {"using":"xpath","value":"//*[@id=\"application-managehandovers-display-component---AddNewHO--popup-sa\"]"}
RESULT: {}
RESULT: {"using":"xpath","value":"//*[@id=\"application-managehandovers-display-component---AddNewHO--popup-sa\"]"}
COMMAND: POST /session/db7e74ddcaedfecfca9d83c19254142b/element/f.624D7720A2383BCF46C1895FE70984DD.d.788A83A60C01D692525C03BEB63C8D42.e.10542/click - {}
RESULT: {}
COMMAND: GET /session/db7e74ddcaedfecfca9d83c19254142b/screenshot - {}
RESULT: {}
COMMAND: POST /session/db7e74ddcaedfecfca9d83c19254142b/element - {"using":"xpath","value":"//*[contains(@id ,\"BDI-content\")][contains(text(), \"Select\")]"}
RESULT: {"using":"xpath","value":"//*[contains(@id ,\"BDI-content\")][contains(text(), \"Select\")]"}
COMMAND: POST /session/db7e74ddcaedfecfca9d83c19254142b/element/f.624D7720A2383BCF46C1895FE70984DD.d.788A83A60C01D692525C03BEB63C8D42.e.10543/click - {}
RESULT: {}
COMMAND: GET /session/db7e74ddcaedfecfca9d83c19254142b/screenshot - {}
RESULT: {}
COMMAND: POST /session/db7e74ddcaedfecfca9d83c19254142b/element - {"using":"xpath","value":"//bdi[(text() = 'Save' or . = 'Save')]"}
RESULT: {"using":"xpath","value":"//bdi[(text() = 'Save' or . = 'Save')]"}
COMMAND: POST /session/db7e74ddcaedfecfca9d83c19254142b/element/f.624D7720A2383BCF46C1895FE70984DD.d.788A83A60C01D692525C03BEB63C8D42.e.10551/click - {}
RESULT: {}
COMMAND: GET /session/db7e74ddcaedfecfca9d83c19254142b/screenshot - {}
RESULT: {}
]]></system-out>
    </testcase>
    <testcase classname="chrome.136_0_7103_93.windows.Provide_to_Site_w/_warehouse_management_wo_clarification" name="Should Test for Handover Execution" time="152.018">
      <system-out><![CDATA[
COMMAND: POST /session/db7e74ddcaedfecfca9d83c19254142b/execute/async - {"script":"<script> [1562 bytes]","args":[{"selector":{"controlType":"sap.m.Link","viewName":"etm.portal.ui.managehandovers.view.DetailExecuteHO","bindingPath":{"path":"","propertyPath":"/wmDoc","modelName":"warehouseMovModel"}},"wdio_ui5_key":"etmportal.ui.managehandovers.view.DetailExecuteHOsap.m.Link{\"path\":\"\",\"propertyPath\":\"/wmDoc\",\"modelName\":\"warehouseMovModel\"}"}]}
RESULT: {"script":"<script> [1562 bytes]","args":[{"selector":{"controlType":"sap.m.Link","viewName":"etm.portal.ui.managehandovers.view.DetailExecuteHO","bindingPath":{"path":"","propertyPath":"/wmDoc","modelName":"warehouseMovModel"}},"wdio_ui5_key":"etmportal.ui.managehandovers.view.DetailExecuteHOsap.m.Link{\"path\":\"\",\"propertyPath\":\"/wmDoc\",\"modelName\":\"warehouseMovModel\"}"}]}
RESULT: undefined
COMMAND: POST /session/db7e74ddcaedfecfca9d83c19254142b/element - {"using":"xpath","value":"//*[@id=\"__link82\"]"}
RESULT: {"using":"xpath","value":"//*[@id=\"__link82\"]"}
COMMAND: POST /session/db7e74ddcaedfecfca9d83c19254142b/element/f.624D7720A2383BCF46C1895FE70984DD.d.788A83A60C01D692525C03BEB63C8D42.e.10592/click - {}
RESULT: {}
COMMAND: GET /session/db7e74ddcaedfecfca9d83c19254142b/screenshot - {}
RESULT: {}
COMMAND: POST /session/db7e74ddcaedfecfca9d83c19254142b/execute/async - {"script":"<script> [1562 bytes]","args":[{"selector":{"controlType":"sap.m.Link","viewName":"etm.portal.ui.managehandovers.view.DetailExecuteHO","properties":{"text":"Warehouse Overview"},"searchOpenDialogs":true},"wdio_ui5_key":"etmportal.ui.managehandovers.view.DetailExecuteHOsap.m.Link{\"text\":\"Warehouse Overview\"}"}]}
RESULT: {"script":"<script> [1562 bytes]","args":[{"selector":{"controlType":"sap.m.Link","viewName":"etm.portal.ui.managehandovers.view.DetailExecuteHO","properties":{"text":"Warehouse Overview"},"searchOpenDialogs":true},"wdio_ui5_key":"etmportal.ui.managehandovers.view.DetailExecuteHOsap.m.Link{\"text\":\"Warehouse Overview\"}"}]}
RESULT: undefined
COMMAND: POST /session/db7e74ddcaedfecfca9d83c19254142b/element - {"using":"xpath","value":"//*[@id=\"__link98\"]"}
RESULT: {"using":"xpath","value":"//*[@id=\"__link98\"]"}
COMMAND: POST /session/db7e74ddcaedfecfca9d83c19254142b/element/f.624D7720A2383BCF46C1895FE70984DD.d.788A83A60C01D692525C03BEB63C8D42.e.10594/click - {}
RESULT: {}
COMMAND: GET /session/db7e74ddcaedfecfca9d83c19254142b/screenshot - {}
COMMAND: POST /session/db7e74ddcaedfecfca9d83c19254142b/execute/async - {"script":"<script> [1562 bytes]","args":[{"selector":{"controlType":"sap.m.Button","viewName":"etm.portal.ui.warehousemovements.view.DisplayMovement","viewId":"application-warehousemovements-display-component---displayMovement","i18NText":{"propertyName":"text","key":"execution"},"interaction":{"idSuffix":"BDI-content"}},"wdio_ui5_key":"etmportal.ui.warehousemovements.view.DisplayMovementsap.m.Button{\"propertyName\":\"text\",\"key\":\"execution\"}"}]}
RESULT: {}
RESULT: {"script":"<script> [1562 bytes]","args":[{"selector":{"controlType":"sap.m.Button","viewName":"etm.portal.ui.warehousemovements.view.DisplayMovement","viewId":"application-warehousemovements-display-component---displayMovement","i18NText":{"propertyName":"text","key":"execution"},"interaction":{"idSuffix":"BDI-content"}},"wdio_ui5_key":"etmportal.ui.warehousemovements.view.DisplayMovementsap.m.Button{\"propertyName\":\"text\",\"key\":\"execution\"}"}]}
RESULT: undefined
COMMAND: POST /session/db7e74ddcaedfecfca9d83c19254142b/element - {"using":"xpath","value":"//*[@id=\"__button247\"]"}
RESULT: {"using":"xpath","value":"//*[@id=\"__button247\"]"}
COMMAND: POST /session/db7e74ddcaedfecfca9d83c19254142b/element/f.624D7720A2383BCF46C1895FE70984DD.d.788A83A60C01D692525C03BEB63C8D42.e.10717/click - {}
RESULT: {}
COMMAND: GET /session/db7e74ddcaedfecfca9d83c19254142b/screenshot - {}
RESULT: {}
COMMAND: POST /session/db7e74ddcaedfecfca9d83c19254142b/execute/async - {"script":"<script> [1562 bytes]","args":[{"selector":{"controlType":"sap.m.Button","viewName":"etm.portal.ui.warehousemovements.view.ExecuteMovement","viewId":"application-warehousemovements-display-component---executeMovement","properties":{"text":"Items"},"interaction":{"idSuffix":"BDI-content"}},"wdio_ui5_key":"etmportal.ui.warehousemovements.view.ExecuteMovementsap.m.Button{\"text\":\"Items\"}"}]}
RESULT: {"script":"<script> [1562 bytes]","args":[{"selector":{"controlType":"sap.m.Button","viewName":"etm.portal.ui.warehousemovements.view.ExecuteMovement","viewId":"application-warehousemovements-display-component---executeMovement","properties":{"text":"Items"},"interaction":{"idSuffix":"BDI-content"}},"wdio_ui5_key":"etmportal.ui.warehousemovements.view.ExecuteMovementsap.m.Button{\"text\":\"Items\"}"}]}
RESULT: undefined
COMMAND: POST /session/db7e74ddcaedfecfca9d83c19254142b/element - {"using":"xpath","value":"//*[@id=\"__layout379-anchBar-application-warehousemovements-display-component---executeMovement--itemsSection-anchor\"]"}
RESULT: {"using":"xpath","value":"//*[@id=\"__layout379-anchBar-application-warehousemovements-display-component---executeMovement--itemsSection-anchor\"]"}
COMMAND: POST /session/db7e74ddcaedfecfca9d83c19254142b/element/f.624D7720A2383BCF46C1895FE70984DD.d.788A83A60C01D692525C03BEB63C8D42.e.10813/click - {}
RESULT: {}
COMMAND: GET /session/db7e74ddcaedfecfca9d83c19254142b/screenshot - {}
RESULT: {}
COMMAND: POST /session/db7e74ddcaedfecfca9d83c19254142b/execute/async - {"script":"<script> [1562 bytes]","args":[{"selector":{"controlType":"sap.m.ToggleButton","viewName":"etm.portal.ui.warehousemovements.view.ExecuteMovement","viewId":"application-warehousemovements-display-component---executeMovement","bindingPath":{"propertyPath":"STATUS","modelName":"catalogModel"},"interaction":{"idSuffix":"BDI-content"}},"wdio_ui5_key":"etmportal.ui.warehousemovements.view.ExecuteMovementsap.m.ToggleButton{\"propertyPath\":\"STATUS\",\"modelName\":\"catalogModel\"}"}]}
RESULT: {"script":"<script> [1562 bytes]","args":[{"selector":{"controlType":"sap.m.ToggleButton","viewName":"etm.portal.ui.warehousemovements.view.ExecuteMovement","viewId":"application-warehousemovements-display-component---executeMovement","bindingPath":{"propertyPath":"STATUS","modelName":"catalogModel"},"interaction":{"idSuffix":"BDI-content"}},"wdio_ui5_key":"etmportal.ui.warehousemovements.view.ExecuteMovementsap.m.ToggleButton{\"propertyPath\":\"STATUS\",\"modelName\":\"catalogModel\"}"}]}
RESULT: undefined
COMMAND: POST /session/db7e74ddcaedfecfca9d83c19254142b/element - {"using":"xpath","value":"//*[@id=\"__button272-__clone2692\"]"}
RESULT: {"using":"xpath","value":"//*[@id=\"__button272-__clone2692\"]"}
COMMAND: POST /session/db7e74ddcaedfecfca9d83c19254142b/element/f.624D7720A2383BCF46C1895FE70984DD.d.788A83A60C01D692525C03BEB63C8D42.e.10792/click - {}
RESULT: {}
RESULT: undefined
COMMAND: POST /session/db7e74ddcaedfecfca9d83c19254142b/element - {"using":"xpath","value":"//*[@id=\"__button272-__clone2692\"]"}
COMMAND: GET /session/db7e74ddcaedfecfca9d83c19254142b/screenshot - {}
RESULT: {"using":"xpath","value":"//*[@id=\"__button272-__clone2692\"]"}
COMMAND: POST /session/db7e74ddcaedfecfca9d83c19254142b/element/f.624D7720A2383BCF46C1895FE70984DD.d.788A83A60C01D692525C03BEB63C8D42.e.10792/click - {}
RESULT: {}
RESULT: {}
COMMAND: GET /session/db7e74ddcaedfecfca9d83c19254142b/screenshot - {}
RESULT: {}
RESULT: undefined
COMMAND: POST /session/db7e74ddcaedfecfca9d83c19254142b/execute/async - {"script":"<script> [6424 bytes]","args":[{"element-6066-11e4-a52e-4f735466cecf":"f.624D7720A2383BCF46C1895FE70984DD.d.788A83A60C01D692525C03BEB63C8D42.e.10818"},"getText",[]]}
RESULT: {"script":"<script> [6424 bytes]","args":[{"element-6066-11e4-a52e-4f735466cecf":"f.624D7720A2383BCF46C1895FE70984DD.d.788A83A60C01D692525C03BEB63C8D42.e.10818"},"getText",[]]}
COMMAND: POST /session/db7e74ddcaedfecfca9d83c19254142b/element - {"using":"xpath","value":"//section[contains(@id,\"FC-NoHead\")]/div[1]/div[5]/div[2]/span"}
RESULT: {"using":"xpath","value":"//section[contains(@id,\"FC-NoHead\")]/div[1]/div[5]/div[2]/span"}
COMMAND: POST /session/db7e74ddcaedfecfca9d83c19254142b/elements - {"using":"xpath","value":"//section[contains(@id,\"FC-NoHead\")]/div[1]/div[5]/div[2]/span"}
RESULT: {"using":"xpath","value":"//section[contains(@id,\"FC-NoHead\")]/div[1]/div[5]/div[2]/span"}
COMMAND: POST /session/db7e74ddcaedfecfca9d83c19254142b/execute/sync - {"script":"<script> [56 bytes]","args":[{"element-6066-11e4-a52e-4f735466cecf":"f.624D7720A2383BCF46C1895FE70984DD.d.788A83A60C01D692525C03BEB63C8D42.e.10820","ELEMENT":"f.624D7720A2383BCF46C1895FE70984DD.d.788A83A60C01D692525C03BEB63C8D42.e.10820"}]}
RESULT: {"script":"<script> [56 bytes]","args":[{"element-6066-11e4-a52e-4f735466cecf":"f.624D7720A2383BCF46C1895FE70984DD.d.788A83A60C01D692525C03BEB63C8D42.e.10820","ELEMENT":"f.624D7720A2383BCF46C1895FE70984DD.d.788A83A60C01D692525C03BEB63C8D42.e.10820"}]}
COMMAND: POST /session/db7e74ddcaedfecfca9d83c19254142b/actions - {"actions":[{"id":"action34","type":"key","parameters":{},"actions":[{"type":"keyDown","value":""},{"type":"pause","duration":10},{"type":"keyUp","value":""}]}]}
COMMAND: GET /session/db7e74ddcaedfecfca9d83c19254142b/screenshot - {}
RESULT: {"actions":[{"id":"action34","type":"key","parameters":{},"actions":[{"type":"keyDown","value":""},{"type":"pause","duration":10},{"type":"keyUp","value":""}]}]}
COMMAND: POST /session/db7e74ddcaedfecfca9d83c19254142b/execute/async - {"script":"<script> [1562 bytes]","args":[{"selector":{"id":"application-warehousemovements-display-component---executeMovement--executeId","interaction":{"idSuffix":"BDI-content"}},"wdio_ui5_key":"applicationwarehousemovements-display-component---executeMovement--executeId"}]}
COMMAND: GET /session/db7e74ddcaedfecfca9d83c19254142b/screenshot - {}
RESULT: {}
RESULT: {}
RESULT: {"script":"<script> [1562 bytes]","args":[{"selector":{"id":"application-warehousemovements-display-component---executeMovement--executeId","interaction":{"idSuffix":"BDI-content"}},"wdio_ui5_key":"applicationwarehousemovements-display-component---executeMovement--executeId"}]}
RESULT: undefined
COMMAND: POST /session/db7e74ddcaedfecfca9d83c19254142b/element - {"using":"xpath","value":"//*[@id=\"application-warehousemovements-display-component---executeMovement--executeId\"]"}
RESULT: {"using":"xpath","value":"//*[@id=\"application-warehousemovements-display-component---executeMovement--executeId\"]"}
COMMAND: POST /session/db7e74ddcaedfecfca9d83c19254142b/element/f.624D7720A2383BCF46C1895FE70984DD.d.788A83A60C01D692525C03BEB63C8D42.e.10785/click - {}
RESULT: {}
COMMAND: GET /session/db7e74ddcaedfecfca9d83c19254142b/screenshot - {}
RESULT: {}
COMMAND: POST /session/db7e74ddcaedfecfca9d83c19254142b/element - {"using":"css selector","value":"#shell-header-logo"}
RESULT: {"using":"css selector","value":"#shell-header-logo"}
COMMAND: POST /session/db7e74ddcaedfecfca9d83c19254142b/element/f.624D7720A2383BCF46C1895FE70984DD.d.788A83A60C01D692525C03BEB63C8D42.e.9675/click - {}
RESULT: {}
COMMAND: GET /session/db7e74ddcaedfecfca9d83c19254142b/screenshot - {}
RESULT: {}
RESULT: undefined
COMMAND: POST /session/db7e74ddcaedfecfca9d83c19254142b/element - {"using":"xpath","value":"//*[@id=\"__tile132\"]"}
RESULT: {"using":"xpath","value":"//*[@id=\"__tile132\"]"}
COMMAND: POST /session/db7e74ddcaedfecfca9d83c19254142b/element/f.624D7720A2383BCF46C1895FE70984DD.d.788A83A60C01D692525C03BEB63C8D42.e.8199/click - {}
RESULT: {}
COMMAND: GET /session/db7e74ddcaedfecfca9d83c19254142b/screenshot - {}
COMMAND: POST /session/db7e74ddcaedfecfca9d83c19254142b/elements - {"using":"xpath","value":"//span[text()='Error']"}
RESULT: {}
RESULT: {"using":"xpath","value":"//span[text()='Error']"}
COMMAND: POST /session/db7e74ddcaedfecfca9d83c19254142b/execute/async - {"script":"<script> [1562 bytes]","args":[{"selector":{"controlType":"sap.m.SearchField","viewName":"etm.portal.ui.managehandovers.view.MasterHO","bindingPath":{"propertyPath":"/_BASIC_SEARCH_FIELD","modelName":"fi1t3rM0d31"},"interaction":{"idSuffix":"I"}},"wdio_ui5_key":"etmportal.ui.managehandovers.view.MasterHOsap.m.SearchField{\"propertyPath\":\"/_BASIC_SEARCH_FIELD\",\"modelName\":\"fi1t3rM0d31\"}"}]}
RESULT: {"script":"<script> [1562 bytes]","args":[{"selector":{"controlType":"sap.m.SearchField","viewName":"etm.portal.ui.managehandovers.view.MasterHO","bindingPath":{"propertyPath":"/_BASIC_SEARCH_FIELD","modelName":"fi1t3rM0d31"},"interaction":{"idSuffix":"I"}},"wdio_ui5_key":"etmportal.ui.managehandovers.view.MasterHOsap.m.SearchField{\"propertyPath\":\"/_BASIC_SEARCH_FIELD\",\"modelName\":\"fi1t3rM0d31\"}"}]}
RESULT: undefined
COMMAND: POST /session/db7e74ddcaedfecfca9d83c19254142b/execute/async - {"script":"<script> [776 bytes]","args":[{"enterText":"30582","selector":{"controlType":"sap.m.SearchField","viewName":"etm.portal.ui.managehandovers.view.MasterHO","bindingPath":{"propertyPath":"/_BASIC_SEARCH_FIELD","modelName":"fi1t3rM0d31"},"interaction":{"idSuffix":"I"}},"clearTextFirst":true,"interactionType":"ENTER_TEXT"}]}
RESULT: {"script":"<script> [776 bytes]","args":[{"enterText":"30582","selector":{"controlType":"sap.m.SearchField","viewName":"etm.portal.ui.managehandovers.view.MasterHO","bindingPath":{"propertyPath":"/_BASIC_SEARCH_FIELD","modelName":"fi1t3rM0d31"},"interaction":{"idSuffix":"I"}},"clearTextFirst":true,"interactionType":"ENTER_TEXT"}]}
COMMAND: POST /session/db7e74ddcaedfecfca9d83c19254142b/actions - {"actions":[{"id":"action35","type":"key","parameters":{},"actions":[{"type":"keyDown","value":""},{"type":"pause","duration":10},{"type":"keyUp","value":""}]}]}
RESULT: {"actions":[{"id":"action35","type":"key","parameters":{},"actions":[{"type":"keyDown","value":""},{"type":"pause","duration":10},{"type":"keyUp","value":""}]}]}
COMMAND: GET /session/db7e74ddcaedfecfca9d83c19254142b/screenshot - {}
RESULT: {}
COMMAND: POST /session/db7e74ddcaedfecfca9d83c19254142b/execute/async - {"script":"<script> [1562 bytes]","args":[{"selector":{"controlType":"sap.ui.core.Icon","viewName":"etm.portal.ui.managehandovers.view.MasterHO","properties":{"src":{"regex":{"source":"slim\\-arrow\\-right"}}}},"wdio_ui5_key":"etmportal.ui.managehandovers.view.MasterHOsap.ui.core.Icon{\"src\":{\"regex\":{\"source\":\"slim\\\\-arrow\\\\-right\"}}}"}]}
RESULT: {"script":"<script> [1562 bytes]","args":[{"selector":{"controlType":"sap.ui.core.Icon","viewName":"etm.portal.ui.managehandovers.view.MasterHO","properties":{"src":{"regex":{"source":"slim\\-arrow\\-right"}}}},"wdio_ui5_key":"etmportal.ui.managehandovers.view.MasterHOsap.ui.core.Icon{\"src\":{\"regex\":{\"source\":\"slim\\\\-arrow\\\\-right\"}}}"}]}
RESULT: undefined
COMMAND: POST /session/db7e74ddcaedfecfca9d83c19254142b/element - {"using":"xpath","value":"//*[@id=\"__item1420-__clone2771-imgNav\"]"}
RESULT: {"using":"xpath","value":"//*[@id=\"__item1420-__clone2771-imgNav\"]"}
COMMAND: POST /session/db7e74ddcaedfecfca9d83c19254142b/element/f.624D7720A2383BCF46C1895FE70984DD.d.788A83A60C01D692525C03BEB63C8D42.e.10996/click - {}
RESULT: {}
COMMAND: GET /session/db7e74ddcaedfecfca9d83c19254142b/screenshot - {}
RESULT: {}
COMMAND: POST /session/db7e74ddcaedfecfca9d83c19254142b/execute/async - {"script":"<script> [1562 bytes]","args":[{"selector":{"controlType":"sap.m.Button","viewName":"etm.portal.ui.managehandovers.view.DetailExecuteHO","i18NText":{"propertyName":"text","key":"confirmAll"},"interaction":{"idSuffix":"BDI-content"}},"wdio_ui5_key":"etmportal.ui.managehandovers.view.DetailExecuteHOsap.m.Button{\"propertyName\":\"text\",\"key\":\"confirmAll\"}"}]}
RESULT: {"script":"<script> [1562 bytes]","args":[{"selector":{"controlType":"sap.m.Button","viewName":"etm.portal.ui.managehandovers.view.DetailExecuteHO","i18NText":{"propertyName":"text","key":"confirmAll"},"interaction":{"idSuffix":"BDI-content"}},"wdio_ui5_key":"etmportal.ui.managehandovers.view.DetailExecuteHOsap.m.Button{\"propertyName\":\"text\",\"key\":\"confirmAll\"}"}]}
RESULT: undefined
COMMAND: POST /session/db7e74ddcaedfecfca9d83c19254142b/element - {"using":"xpath","value":"//*[@id=\"__button313\"]"}
RESULT: {"using":"xpath","value":"//*[@id=\"__button313\"]"}
COMMAND: POST /session/db7e74ddcaedfecfca9d83c19254142b/element/f.624D7720A2383BCF46C1895FE70984DD.d.788A83A60C01D692525C03BEB63C8D42.e.11089/click - {}
RESULT: {}
COMMAND: GET /session/db7e74ddcaedfecfca9d83c19254142b/screenshot - {}
RESULT: {}
COMMAND: POST /session/db7e74ddcaedfecfca9d83c19254142b/actions - {"actions":[{"id":"action36","type":"key","parameters":{},"actions":[{"type":"keyDown","value":""},{"type":"pause","duration":10},{"type":"keyUp","value":""}]}]}
RESULT: {"actions":[{"id":"action36","type":"key","parameters":{},"actions":[{"type":"keyDown","value":""},{"type":"pause","duration":10},{"type":"keyUp","value":""}]}]}
COMMAND: GET /session/db7e74ddcaedfecfca9d83c19254142b/screenshot - {}
RESULT: {}
COMMAND: POST /session/db7e74ddcaedfecfca9d83c19254142b/element - {"using":"xpath","value":"//button[@data-kt=\"execHoIssueButton\"]"}
RESULT: {"using":"xpath","value":"//button[@data-kt=\"execHoIssueButton\"]"}
COMMAND: POST /session/db7e74ddcaedfecfca9d83c19254142b/element/f.624D7720A2383BCF46C1895FE70984DD.d.788A83A60C01D692525C03BEB63C8D42.e.11097/click - {}
RESULT: {}
COMMAND: GET /session/db7e74ddcaedfecfca9d83c19254142b/screenshot - {}
RESULT: {}
RESULT: undefined
COMMAND: POST /session/db7e74ddcaedfecfca9d83c19254142b/execute/async - {"script":"<script> [776 bytes]","args":[{"enterText":"30582","selector":{"controlType":"sap.m.SearchField","viewName":"etm.portal.ui.managehandovers.view.MasterHO","bindingPath":{"propertyPath":"/_BASIC_SEARCH_FIELD","modelName":"fi1t3rM0d31"},"interaction":{"idSuffix":"I"}},"clearTextFirst":true,"interactionType":"ENTER_TEXT"}]}
RESULT: {"script":"<script> [776 bytes]","args":[{"enterText":"30582","selector":{"controlType":"sap.m.SearchField","viewName":"etm.portal.ui.managehandovers.view.MasterHO","bindingPath":{"propertyPath":"/_BASIC_SEARCH_FIELD","modelName":"fi1t3rM0d31"},"interaction":{"idSuffix":"I"}},"clearTextFirst":true,"interactionType":"ENTER_TEXT"}]}
COMMAND: POST /session/db7e74ddcaedfecfca9d83c19254142b/actions - {"actions":[{"id":"action37","type":"key","parameters":{},"actions":[{"type":"keyDown","value":""},{"type":"pause","duration":10},{"type":"keyUp","value":""}]}]}
RESULT: {"actions":[{"id":"action37","type":"key","parameters":{},"actions":[{"type":"keyDown","value":""},{"type":"pause","duration":10},{"type":"keyUp","value":""}]}]}
COMMAND: GET /session/db7e74ddcaedfecfca9d83c19254142b/screenshot - {}
RESULT: {}
COMMAND: POST /session/db7e74ddcaedfecfca9d83c19254142b/element - {"using":"xpath","value":"//span[(text() = '30582' or . = '30582')]"}
RESULT: {"using":"xpath","value":"//span[(text() = '30582' or . = '30582')]"}
COMMAND: POST /session/db7e74ddcaedfecfca9d83c19254142b/element/f.624D7720A2383BCF46C1895FE70984DD.d.788A83A60C01D692525C03BEB63C8D42.e.11142/click - {}
RESULT: {}
COMMAND: GET /session/db7e74ddcaedfecfca9d83c19254142b/screenshot - {}
RESULT: {}
COMMAND: POST /session/db7e74ddcaedfecfca9d83c19254142b/element - {"using":"xpath","value":"//span[contains(text(), \"Instructions\")]"}
RESULT: {"using":"xpath","value":"//span[contains(text(), \"Instructions\")]"}
COMMAND: POST /session/db7e74ddcaedfecfca9d83c19254142b/element/f.624D7720A2383BCF46C1895FE70984DD.d.788A83A60C01D692525C03BEB63C8D42.e.11185/click - {}
RESULT: {}
COMMAND: GET /session/db7e74ddcaedfecfca9d83c19254142b/screenshot - {}
RESULT: {}
COMMAND: POST /session/db7e74ddcaedfecfca9d83c19254142b/element - {"using":"xpath","value":"//span[contains(text(), \"Instructions\")]"}
RESULT: {"using":"xpath","value":"//span[contains(text(), \"Instructions\")]"}
COMMAND: POST /session/db7e74ddcaedfecfca9d83c19254142b/element/f.624D7720A2383BCF46C1895FE70984DD.d.788A83A60C01D692525C03BEB63C8D42.e.11185/click - {}
RESULT: {}
COMMAND: GET /session/db7e74ddcaedfecfca9d83c19254142b/screenshot - {}
RESULT: {}
COMMAND: POST /session/db7e74ddcaedfecfca9d83c19254142b/execute/async - {"script":"<script> [1562 bytes]","args":[{"selector":{"controlType":"sap.m.ComboBox","viewName":"etm.portal.ui.managehandovers.view.DetailExecuteHO","bindingPath":{"propertyPath":"RECEIVING_SECTION","modelName":"catalogModel"},"interaction":{"idSuffix":"inner"}},"wdio_ui5_key":"etmportal.ui.managehandovers.view.DetailExecuteHOsap.m.ComboBox{\"propertyPath\":\"RECEIVING_SECTION\",\"modelName\":\"catalogModel\"}"}]}
RESULT: {"script":"<script> [1562 bytes]","args":[{"selector":{"controlType":"sap.m.ComboBox","viewName":"etm.portal.ui.managehandovers.view.DetailExecuteHO","bindingPath":{"propertyPath":"RECEIVING_SECTION","modelName":"catalogModel"},"interaction":{"idSuffix":"inner"}},"wdio_ui5_key":"etmportal.ui.managehandovers.view.DetailExecuteHOsap.m.ComboBox{\"propertyPath\":\"RECEIVING_SECTION\",\"modelName\":\"catalogModel\"}"}]}
RESULT: undefined
COMMAND: POST /session/db7e74ddcaedfecfca9d83c19254142b/execute/async - {"script":"<script> [776 bytes]","args":[{"enterText":"WDIO-2158","selector":{"controlType":"sap.m.ComboBox","viewName":"etm.portal.ui.managehandovers.view.DetailExecuteHO","bindingPath":{"propertyPath":"RECEIVING_SECTION","modelName":"catalogModel"},"interaction":{"idSuffix":"inner"}},"clearTextFirst":true,"interactionType":"ENTER_TEXT"}]}
RESULT: {"script":"<script> [776 bytes]","args":[{"enterText":"WDIO-2158","selector":{"controlType":"sap.m.ComboBox","viewName":"etm.portal.ui.managehandovers.view.DetailExecuteHO","bindingPath":{"propertyPath":"RECEIVING_SECTION","modelName":"catalogModel"},"interaction":{"idSuffix":"inner"}},"clearTextFirst":true,"interactionType":"ENTER_TEXT"}]}
COMMAND: POST /session/db7e74ddcaedfecfca9d83c19254142b/actions - {"actions":[{"id":"action38","type":"key","parameters":{},"actions":[{"type":"keyDown","value":""},{"type":"pause","duration":10},{"type":"keyUp","value":""}]}]}
RESULT: {"actions":[{"id":"action38","type":"key","parameters":{},"actions":[{"type":"keyDown","value":""},{"type":"pause","duration":10},{"type":"keyUp","value":""}]}]}
COMMAND: GET /session/db7e74ddcaedfecfca9d83c19254142b/screenshot - {}
RESULT: {}
COMMAND: POST /session/db7e74ddcaedfecfca9d83c19254142b/element - {"using":"xpath","value":"//button[@data-kt= \"execHoReceiveButton\"]"}
RESULT: {"using":"xpath","value":"//button[@data-kt= \"execHoReceiveButton\"]"}
COMMAND: POST /session/db7e74ddcaedfecfca9d83c19254142b/element/f.624D7720A2383BCF46C1895FE70984DD.d.788A83A60C01D692525C03BEB63C8D42.e.11192/click - {}
RESULT: {}
COMMAND: GET /session/db7e74ddcaedfecfca9d83c19254142b/screenshot - {}
RESULT: {}
COMMAND: POST /session/db7e74ddcaedfecfca9d83c19254142b/execute/async - {"script":"<script> [1562 bytes]","args":[{"selector":{"controlType":"sap.m.Button","properties":{"text":"Continue"},"searchOpenDialogs":true,"interaction":{"idSuffix":"content"}},"wdio_ui5_key":"sapm.Button{\"text\":\"Continue\"}"}]}
RESULT: {"script":"<script> [1562 bytes]","args":[{"selector":{"controlType":"sap.m.Button","properties":{"text":"Continue"},"searchOpenDialogs":true,"interaction":{"idSuffix":"content"}},"wdio_ui5_key":"sapm.Button{\"text\":\"Continue\"}"}]}
RESULT: undefined
COMMAND: POST /session/db7e74ddcaedfecfca9d83c19254142b/element - {"using":"xpath","value":"//*[@id=\"__mbox-btn-6\"]"}
RESULT: {"using":"xpath","value":"//*[@id=\"__mbox-btn-6\"]"}
COMMAND: POST /session/db7e74ddcaedfecfca9d83c19254142b/element/f.624D7720A2383BCF46C1895FE70984DD.d.788A83A60C01D692525C03BEB63C8D42.e.11193/click - {}
RESULT: {}
COMMAND: GET /session/db7e74ddcaedfecfca9d83c19254142b/screenshot - {}
RESULT: {}
COMMAND: POST /session/db7e74ddcaedfecfca9d83c19254142b/element - {"using":"css selector","value":"#shell-header-logo"}
RESULT: {"using":"css selector","value":"#shell-header-logo"}
COMMAND: POST /session/db7e74ddcaedfecfca9d83c19254142b/element/f.624D7720A2383BCF46C1895FE70984DD.d.788A83A60C01D692525C03BEB63C8D42.e.10871/click - {}
RESULT: {}
COMMAND: GET /session/db7e74ddcaedfecfca9d83c19254142b/screenshot - {}
RESULT: {}
COMMAND: POST /session/db7e74ddcaedfecfca9d83c19254142b/element - {"using":"css selector","value":"#j_username"}
COMMAND: POST /session/db7e74ddcaedfecfca9d83c19254142b/url - {"url":"https://qa-testing-00-live-etm-ui.cfapps.eu10-004.hana.ondemand.com/"}
RESULT: {"using":"css selector","value":"#j_username"}
COMMAND: POST /session/db7e74ddcaedfecfca9d83c19254142b/element - {"using":"css selector","value":"#j_username"}
RESULT: {"url":"https://qa-testing-00-live-etm-ui.cfapps.eu10-004.hana.ondemand.com/"}
RESULT: undefined
COMMAND: GET /session/db7e74ddcaedfecfca9d83c19254142b/screenshot - {}
RESULT: {"using":"css selector","value":"#j_username"}
COMMAND: POST /session/db7e74ddcaedfecfca9d83c19254142b/element - {"using":"css selector","value":"#shell-header-logo"}
RESULT: {}
RESULT: {"using":"css selector","value":"#shell-header-logo"}
COMMAND: POST /session/db7e74ddcaedfecfca9d83c19254142b/execute/sync - {"script":"<script> [8489 bytes]","args":[{"element-6066-11e4-a52e-4f735466cecf":"f.624D7720A2383BCF46C1895FE70984DD.d.B4BA98F8EE8492018AECC54D801AEAB6.e.11254","ELEMENT":"f.624D7720A2383BCF46C1895FE70984DD.d.B4BA98F8EE8492018AECC54D801AEAB6.e.11254"}]}
RESULT: {"script":"<script> [8489 bytes]","args":[{"element-6066-11e4-a52e-4f735466cecf":"f.624D7720A2383BCF46C1895FE70984DD.d.B4BA98F8EE8492018AECC54D801AEAB6.e.11254","ELEMENT":"f.624D7720A2383BCF46C1895FE70984DD.d.B4BA98F8EE8492018AECC54D801AEAB6.e.11254"}]}
COMMAND: POST /session/db7e74ddcaedfecfca9d83c19254142b/element - {"using":"css selector","value":"#shell-header-logo"}
COMMAND: GET /session/db7e74ddcaedfecfca9d83c19254142b/screenshot - {}
RESULT: {"using":"css selector","value":"#shell-header-logo"}
COMMAND: POST /session/db7e74ddcaedfecfca9d83c19254142b/execute/sync - {"script":"<script> [8489 bytes]","args":[{"element-6066-11e4-a52e-4f735466cecf":"f.624D7720A2383BCF46C1895FE70984DD.d.B4BA98F8EE8492018AECC54D801AEAB6.e.11254","ELEMENT":"f.624D7720A2383BCF46C1895FE70984DD.d.B4BA98F8EE8492018AECC54D801AEAB6.e.11254"}]}
RESULT: {}
RESULT: {"script":"<script> [8489 bytes]","args":[{"element-6066-11e4-a52e-4f735466cecf":"f.624D7720A2383BCF46C1895FE70984DD.d.B4BA98F8EE8492018AECC54D801AEAB6.e.11254","ELEMENT":"f.624D7720A2383BCF46C1895FE70984DD.d.B4BA98F8EE8492018AECC54D801AEAB6.e.11254"}]}
COMMAND: POST /session/db7e74ddcaedfecfca9d83c19254142b/execute/sync - {"script":"<script> [5351 bytes]","args":[{"element-6066-11e4-a52e-4f735466cecf":"f.624D7720A2383BCF46C1895FE70984DD.d.B4BA98F8EE8492018AECC54D801AEAB6.e.11254","ELEMENT":"f.624D7720A2383BCF46C1895FE70984DD.d.B4BA98F8EE8492018AECC54D801AEAB6.e.11254"}]}
COMMAND: GET /session/db7e74ddcaedfecfca9d83c19254142b/screenshot - {}
RESULT: {"script":"<script> [5351 bytes]","args":[{"element-6066-11e4-a52e-4f735466cecf":"f.624D7720A2383BCF46C1895FE70984DD.d.B4BA98F8EE8492018AECC54D801AEAB6.e.11254","ELEMENT":"f.624D7720A2383BCF46C1895FE70984DD.d.B4BA98F8EE8492018AECC54D801AEAB6.e.11254"}]}
COMMAND: POST /session/db7e74ddcaedfecfca9d83c19254142b/element - {"using":"css selector","value":"#shell-header-logo"}
COMMAND: GET /session/db7e74ddcaedfecfca9d83c19254142b/screenshot - {}
RESULT: {}
RESULT: {"using":"css selector","value":"#shell-header-logo"}
COMMAND: POST /session/db7e74ddcaedfecfca9d83c19254142b/element/f.624D7720A2383BCF46C1895FE70984DD.d.B4BA98F8EE8492018AECC54D801AEAB6.e.11254/click - {}
RESULT: {}
RESULT: {}
COMMAND: GET /session/db7e74ddcaedfecfca9d83c19254142b/screenshot - {}
RESULT: {}
COMMAND: POST /session/db7e74ddcaedfecfca9d83c19254142b/execute/async - {"script":"<script> [189 bytes]","args":[]}
RESULT: {"script":"<script> [189 bytes]","args":[]}
COMMAND: POST /session/db7e74ddcaedfecfca9d83c19254142b/execute/async - {"script":"<script> [123 bytes]","args":[]}
RESULT: {"script":"<script> [123 bytes]","args":[]}
COMMAND: POST /session/db7e74ddcaedfecfca9d83c19254142b/timeouts - {"script":"<number>"}
RESULT: {"script":"<number>"}
COMMAND: GET /session/db7e74ddcaedfecfca9d83c19254142b/timeouts - {}
RESULT: {}
RESULT: undefined
COMMAND: POST /session/db7e74ddcaedfecfca9d83c19254142b/execute/async - {"script":"<script> [2676 bytes]","args":[]}
RESULT: {"script":"<script> [2676 bytes]","args":[]}
COMMAND: POST /session/db7e74ddcaedfecfca9d83c19254142b/execute/async - {"script":"<script> [2342 bytes]","args":[{"protocol":"http","hostname":"0.0.0.0","path":"/","capabilities":{"browserName":"chrome","goog:chromeOptions":{"binary":"C:\\Program Files\\Google\\Chrome\\Application\\chrome.exe","args":["--start-maximized"]}},"logLevel":"warn","connectionRetryTimeout":120000,"connectionRetryCount":3,"logLevels":{},"enableDirectConnect":true,"strictSSL":true,"_":"65 more keys: [\"cacheDir\",\"port\",\"requestedCapabilities\",\"automationProtocol\",\"baseUrl\",\"waitforInterval\",\"waitforTimeout\",\"onReload\",\"beforeCommand\",\"afterCommand\",\"rootDir\",\"specs\",\"suites\",\"exclude\",\"groupLogsByTestSpec\",\"excludeDriverLogs\",\"bail\",\"framework\",\"reporters\",\"services\",\"maxInstances\",\"maxInstancesPerCapability\",\"injectGlobals\",\"filesToWatch\",\"execArgv\",\"runnerEnv\",\"runner\",\"shard\",\"specFileRetries\",\"specFileRetriesDelay\",\"specFileRetriesDeferred\",\"reporterSyncInterval\",\"reporterSyncTimeout\",\"cucumberFeaturesWithLineNumbers\",\"autoCompileOpts\",\"mochaOpts\",\"jasmineOpts\",\"cucumberOpts\",\"onPrepare\",\"onWorkerStart\",\"onWorkerEnd\",\"before\",\"beforeSession\",\"beforeSuite\",\"beforeHook\",\"beforeTest\",\"afterTest\",\"afterHook\",\"afterSuite\",\"afterSession\",\"after\",\"onComplete\",\"beforeAssertion\",\"afterAssertion\",\"beforeFeature\",\"beforeScenario\",\"beforeStep\",\"afterStep\",\"afterScenario\",\"afterFeature\",\"_\",\"suite\",\"$0\",\"ignoredWorkerServices\",\"wdi5\"]"}]}
RESULT: {"script":"<script> [2342 bytes]","args":[{"protocol":"http","hostname":"0.0.0.0","path":"/","capabilities":{"browserName":"chrome","goog:chromeOptions":{"binary":"C:\\Program Files\\Google\\Chrome\\Application\\chrome.exe","args":["--start-maximized"]}},"logLevel":"warn","connectionRetryTimeout":120000,"connectionRetryCount":3,"logLevels":{},"enableDirectConnect":true,"strictSSL":true,"_":"65 more keys: [\"cacheDir\",\"port\",\"requestedCapabilities\",\"automationProtocol\",\"baseUrl\",\"waitforInterval\",\"waitforTimeout\",\"onReload\",\"beforeCommand\",\"afterCommand\",\"rootDir\",\"specs\",\"suites\",\"exclude\",\"groupLogsByTestSpec\",\"excludeDriverLogs\",\"bail\",\"framework\",\"reporters\",\"services\",\"maxInstances\",\"maxInstancesPerCapability\",\"injectGlobals\",\"filesToWatch\",\"execArgv\",\"runnerEnv\",\"runner\",\"shard\",\"specFileRetries\",\"specFileRetriesDelay\",\"specFileRetriesDeferred\",\"reporterSyncInterval\",\"reporterSyncTimeout\",\"cucumberFeaturesWithLineNumbers\",\"autoCompileOpts\",\"mochaOpts\",\"jasmineOpts\",\"cucumberOpts\",\"onPrepare\",\"onWorkerStart\",\"onWorkerEnd\",\"before\",\"beforeSession\",\"beforeSuite\",\"beforeHook\",\"beforeTest\",\"afterTest\",\"afterHook\",\"afterSuite\",\"afterSession\",\"after\",\"onComplete\",\"beforeAssertion\",\"afterAssertion\",\"beforeFeature\",\"beforeScenario\",\"beforeStep\",\"afterStep\",\"afterScenario\",\"afterFeature\",\"_\",\"suite\",\"$0\",\"ignoredWorkerServices\",\"wdi5\"]"}]}
COMMAND: POST /session/db7e74ddcaedfecfca9d83c19254142b/execute/async - {"script":"<script> [21126 bytes]","args":[35000]}
RESULT: {"script":"<script> [21126 bytes]","args":[35000]}
COMMAND: POST /session/db7e74ddcaedfecfca9d83c19254142b/window/maximize - {}
RESULT: {}
COMMAND: POST /session/db7e74ddcaedfecfca9d83c19254142b/execute/async - {"script":"<script> [1562 bytes]","args":[{"selector":{"id":"shell-header","interaction":{"idSuffix":"icon"}},"wdio_ui5_key":"shellheader"}]}
COMMAND: GET /session/db7e74ddcaedfecfca9d83c19254142b/screenshot - {}
RESULT: {"script":"<script> [1562 bytes]","args":[{"selector":{"id":"shell-header","interaction":{"idSuffix":"icon"}},"wdio_ui5_key":"shellheader"}]}
RESULT: undefined
COMMAND: POST /session/db7e74ddcaedfecfca9d83c19254142b/window/fullscreen - {}
RESULT: {}
RESULT: {}
]]></system-out>
    </testcase>
  </testsuite>
  <testsuite timestamp="2025-05-26T16:52:28" time="501.433" tests="4" failures="0" errors="0" skipped="0">
    <properties>
      <property name="specId" value="0"/>
      <property name="suiteName" value="Provide to Site w/o warehouse management w/ clarification US116605"/>
      <property name="capabilities" value="chrome.136_0_7103_93.windows"/>
      <property name="file" value="file:///D:/a/1/s/test/specs/HTR/provide-to-site-wo-warehouse-w-clarification.spec.js"/>
    </properties>
    <testcase classname="chrome.136_0_7103_93.windows.Provide_to_Site_w/o_warehouse_management_w/_clarification_US116605" name="Should create a new yard" time="142.568">
      <system-out><![CDATA[
COMMAND: POST /session/db7e74ddcaedfecfca9d83c19254142b/window/fullscreen - {}
RESULT: {}
COMMAND: POST /session/db7e74ddcaedfecfca9d83c19254142b/execute/async - {"script":"<script> [1562 bytes]","args":[{"selector":{"controlType":"sap.m.GenericTile","properties":{"header":"Manage Yards"}},"wdio_ui5_key":"sapm.GenericTile{\"header\":\"Manage Yards\"}"}]}
RESULT: {"script":"<script> [1562 bytes]","args":[{"selector":{"controlType":"sap.m.GenericTile","properties":{"header":"Manage Yards"}},"wdio_ui5_key":"sapm.GenericTile{\"header\":\"Manage Yards\"}"}]}
RESULT: undefined
COMMAND: POST /session/db7e74ddcaedfecfca9d83c19254142b/element - {"using":"xpath","value":"//*[@id=\"__tile33\"]"}
RESULT: {"using":"xpath","value":"//*[@id=\"__tile33\"]"}
COMMAND: POST /session/db7e74ddcaedfecfca9d83c19254142b/element/f.624D7720A2383BCF46C1895FE70984DD.d.B4BA98F8EE8492018AECC54D801AEAB6.e.11278/click - {}
RESULT: {}
COMMAND: GET /session/db7e74ddcaedfecfca9d83c19254142b/screenshot - {}
RESULT: {}
COMMAND: POST /session/db7e74ddcaedfecfca9d83c19254142b/elements - {"using":"xpath","value":"//span[text()='Error']"}
RESULT: {"using":"xpath","value":"//span[text()='Error']"}
COMMAND: POST /session/db7e74ddcaedfecfca9d83c19254142b/element - {"using":"xpath","value":"//button[@data-kt=\"addNewYardOverflowToolbarButton\"]"}
RESULT: {"using":"xpath","value":"//button[@data-kt=\"addNewYardOverflowToolbarButton\"]"}
COMMAND: POST /session/db7e74ddcaedfecfca9d83c19254142b/elements - {"using":"xpath","value":"//button[@data-kt=\"addNewYardOverflowToolbarButton\"]"}
RESULT: {"using":"xpath","value":"//button[@data-kt=\"addNewYardOverflowToolbarButton\"]"}
COMMAND: POST /session/db7e74ddcaedfecfca9d83c19254142b/execute/sync - {"script":"<script> [8489 bytes]","args":[{"element-6066-11e4-a52e-4f735466cecf":"f.624D7720A2383BCF46C1895FE70984DD.d.B4BA98F8EE8492018AECC54D801AEAB6.e.11414","ELEMENT":"f.624D7720A2383BCF46C1895FE70984DD.d.B4BA98F8EE8492018AECC54D801AEAB6.e.11414"}]}
RESULT: {"script":"<script> [8489 bytes]","args":[{"element-6066-11e4-a52e-4f735466cecf":"f.624D7720A2383BCF46C1895FE70984DD.d.B4BA98F8EE8492018AECC54D801AEAB6.e.11414","ELEMENT":"f.624D7720A2383BCF46C1895FE70984DD.d.B4BA98F8EE8492018AECC54D801AEAB6.e.11414"}]}
COMMAND: GET /session/db7e74ddcaedfecfca9d83c19254142b/element/f.624D7720A2383BCF46C1895FE70984DD.d.B4BA98F8EE8492018AECC54D801AEAB6.e.11414/enabled - {}
COMMAND: GET /session/db7e74ddcaedfecfca9d83c19254142b/screenshot - {}
RESULT: {}
COMMAND: POST /session/db7e74ddcaedfecfca9d83c19254142b/execute/sync - {"script":"<script> [8489 bytes]","args":[{"element-6066-11e4-a52e-4f735466cecf":"f.624D7720A2383BCF46C1895FE70984DD.d.B4BA98F8EE8492018AECC54D801AEAB6.e.11414","ELEMENT":"f.624D7720A2383BCF46C1895FE70984DD.d.B4BA98F8EE8492018AECC54D801AEAB6.e.11414"}]}
COMMAND: GET /session/db7e74ddcaedfecfca9d83c19254142b/screenshot - {}
RESULT: {}
RESULT: {"script":"<script> [8489 bytes]","args":[{"element-6066-11e4-a52e-4f735466cecf":"f.624D7720A2383BCF46C1895FE70984DD.d.B4BA98F8EE8492018AECC54D801AEAB6.e.11414","ELEMENT":"f.624D7720A2383BCF46C1895FE70984DD.d.B4BA98F8EE8492018AECC54D801AEAB6.e.11414"}]}
COMMAND: POST /session/db7e74ddcaedfecfca9d83c19254142b/execute/sync - {"script":"<script> [5351 bytes]","args":[{"element-6066-11e4-a52e-4f735466cecf":"f.624D7720A2383BCF46C1895FE70984DD.d.B4BA98F8EE8492018AECC54D801AEAB6.e.11414","ELEMENT":"f.624D7720A2383BCF46C1895FE70984DD.d.B4BA98F8EE8492018AECC54D801AEAB6.e.11414"}]}
COMMAND: GET /session/db7e74ddcaedfecfca9d83c19254142b/screenshot - {}
RESULT: {}
RESULT: {"script":"<script> [5351 bytes]","args":[{"element-6066-11e4-a52e-4f735466cecf":"f.624D7720A2383BCF46C1895FE70984DD.d.B4BA98F8EE8492018AECC54D801AEAB6.e.11414","ELEMENT":"f.624D7720A2383BCF46C1895FE70984DD.d.B4BA98F8EE8492018AECC54D801AEAB6.e.11414"}]}
COMMAND: POST /session/db7e74ddcaedfecfca9d83c19254142b/element/f.624D7720A2383BCF46C1895FE70984DD.d.B4BA98F8EE8492018AECC54D801AEAB6.e.11414/click - {}
COMMAND: GET /session/db7e74ddcaedfecfca9d83c19254142b/screenshot - {}
RESULT: {}
RESULT: {}
COMMAND: GET /session/db7e74ddcaedfecfca9d83c19254142b/screenshot - {}
COMMAND: POST /session/db7e74ddcaedfecfca9d83c19254142b/element - {"using":"xpath","value":"//input[@id=\"application-manageyards-display-component---NewYard--yardId-inner\"]"}
RESULT: {}
RESULT: {}
RESULT: {"using":"xpath","value":"//input[@id=\"application-manageyards-display-component---NewYard--yardId-inner\"]"}
COMMAND: POST /session/db7e74ddcaedfecfca9d83c19254142b/element - {"using":"xpath","value":"//input[@id=\"application-manageyards-display-component---NewYard--yardId-inner\"]"}
RESULT: {"using":"xpath","value":"//input[@id=\"application-manageyards-display-component---NewYard--yardId-inner\"]"}
COMMAND: POST /session/db7e74ddcaedfecfca9d83c19254142b/execute/async - {"script":"<script> [1562 bytes]","args":[{"selector":{"id":"application-manageyards-display-component---NewYard--addressDetailDetailsName1","interaction":{"idSuffix":"inner"}},"wdio_ui5_key":"applicationmanageyards-display-component---NewYard--addressDetailDetailsName1"}]}
RESULT: {"script":"<script> [1562 bytes]","args":[{"selector":{"id":"application-manageyards-display-component---NewYard--addressDetailDetailsName1","interaction":{"idSuffix":"inner"}},"wdio_ui5_key":"applicationmanageyards-display-component---NewYard--addressDetailDetailsName1"}]}
RESULT: undefined
COMMAND: POST /session/db7e74ddcaedfecfca9d83c19254142b/execute/async - {"script":"<script> [776 bytes]","args":[{"enterText":"Other Yard WDIO","selector":{"id":"application-manageyards-display-component---NewYard--addressDetailDetailsName1","interaction":{"idSuffix":"inner"}},"clearTextFirst":true,"interactionType":"ENTER_TEXT"}]}
RESULT: {"script":"<script> [776 bytes]","args":[{"enterText":"Other Yard WDIO","selector":{"id":"application-manageyards-display-component---NewYard--addressDetailDetailsName1","interaction":{"idSuffix":"inner"}},"clearTextFirst":true,"interactionType":"ENTER_TEXT"}]}
COMMAND: POST /session/db7e74ddcaedfecfca9d83c19254142b/execute/async - {"script":"<script> [1562 bytes]","args":[{"selector":{"id":"application-manageyards-display-component---NewYard--addressDetailDetailsLanguage-arrow"},"wdio_ui5_key":"applicationmanageyards-display-component---NewYard--addressDetailDetailsLanguage-arrow"}]}
RESULT: {"script":"<script> [1562 bytes]","args":[{"selector":{"id":"application-manageyards-display-component---NewYard--addressDetailDetailsLanguage-arrow"},"wdio_ui5_key":"applicationmanageyards-display-component---NewYard--addressDetailDetailsLanguage-arrow"}]}
RESULT: undefined
COMMAND: POST /session/db7e74ddcaedfecfca9d83c19254142b/element - {"using":"xpath","value":"//*[@id=\"application-manageyards-display-component---NewYard--addressDetailDetailsLanguage-arrow\"]"}
RESULT: {"using":"xpath","value":"//*[@id=\"application-manageyards-display-component---NewYard--addressDetailDetailsLanguage-arrow\"]"}
COMMAND: POST /session/db7e74ddcaedfecfca9d83c19254142b/element/f.624D7720A2383BCF46C1895FE70984DD.d.B4BA98F8EE8492018AECC54D801AEAB6.e.11835/click - {}
RESULT: {}
COMMAND: POST /session/db7e74ddcaedfecfca9d83c19254142b/element - {"using":"xpath","value":"//span[contains(text(), \"English\")]"}
COMMAND: GET /session/db7e74ddcaedfecfca9d83c19254142b/screenshot - {}
RESULT: {"using":"xpath","value":"//span[contains(text(), \"English\")]"}
COMMAND: POST /session/db7e74ddcaedfecfca9d83c19254142b/element/f.624D7720A2383BCF46C1895FE70984DD.d.B4BA98F8EE8492018AECC54D801AEAB6.e.11836/click - {}
RESULT: {}
RESULT: {}
COMMAND: POST /session/db7e74ddcaedfecfca9d83c19254142b/execute/async - {"script":"<script> [1562 bytes]","args":[{"selector":{"id":"application-manageyards-display-component---NewYard--addressDetailDetailsCity1","interaction":{"idSuffix":"inner"}},"wdio_ui5_key":"applicationmanageyards-display-component---NewYard--addressDetailDetailsCity1"}]}
COMMAND: GET /session/db7e74ddcaedfecfca9d83c19254142b/screenshot - {}
RESULT: {"script":"<script> [1562 bytes]","args":[{"selector":{"id":"application-manageyards-display-component---NewYard--addressDetailDetailsCity1","interaction":{"idSuffix":"inner"}},"wdio_ui5_key":"applicationmanageyards-display-component---NewYard--addressDetailDetailsCity1"}]}
RESULT: undefined
COMMAND: POST /session/db7e74ddcaedfecfca9d83c19254142b/execute/async - {"script":"<script> [776 bytes]","args":[{"enterText":"Rosario","selector":{"id":"application-manageyards-display-component---NewYard--addressDetailDetailsCity1","interaction":{"idSuffix":"inner"}},"clearTextFirst":true,"interactionType":"ENTER_TEXT"}]}
RESULT: {}
RESULT: {"script":"<script> [776 bytes]","args":[{"enterText":"Rosario","selector":{"id":"application-manageyards-display-component---NewYard--addressDetailDetailsCity1","interaction":{"idSuffix":"inner"}},"clearTextFirst":true,"interactionType":"ENTER_TEXT"}]}
COMMAND: POST /session/db7e74ddcaedfecfca9d83c19254142b/execute/async - {"script":"<script> [1562 bytes]","args":[{"selector":{"id":"application-manageyards-display-component---NewYard--addressDetailDetailsCountry-arrow"},"wdio_ui5_key":"applicationmanageyards-display-component---NewYard--addressDetailDetailsCountry-arrow"}]}
RESULT: {"script":"<script> [1562 bytes]","args":[{"selector":{"id":"application-manageyards-display-component---NewYard--addressDetailDetailsCountry-arrow"},"wdio_ui5_key":"applicationmanageyards-display-component---NewYard--addressDetailDetailsCountry-arrow"}]}
RESULT: undefined
COMMAND: POST /session/db7e74ddcaedfecfca9d83c19254142b/element - {"using":"xpath","value":"//*[@id=\"application-manageyards-display-component---NewYard--addressDetailDetailsCountry-arrow\"]"}
RESULT: {"using":"xpath","value":"//*[@id=\"application-manageyards-display-component---NewYard--addressDetailDetailsCountry-arrow\"]"}
COMMAND: POST /session/db7e74ddcaedfecfca9d83c19254142b/element/f.624D7720A2383BCF46C1895FE70984DD.d.B4BA98F8EE8492018AECC54D801AEAB6.e.11838/click - {}
RESULT: {}
COMMAND: POST /session/db7e74ddcaedfecfca9d83c19254142b/element - {"using":"xpath","value":"//span[contains(text(), \"Argentina\")]"}
COMMAND: GET /session/db7e74ddcaedfecfca9d83c19254142b/screenshot - {}
RESULT: {"using":"xpath","value":"//span[contains(text(), \"Argentina\")]"}
COMMAND: POST /session/db7e74ddcaedfecfca9d83c19254142b/element/f.624D7720A2383BCF46C1895FE70984DD.d.B4BA98F8EE8492018AECC54D801AEAB6.e.11839/click - {}
RESULT: {}
RESULT: {}
COMMAND: POST /session/db7e74ddcaedfecfca9d83c19254142b/execute/async - {"script":"<script> [1562 bytes]","args":[{"selector":{"id":"application-manageyards-display-component---NewYard--addressEditDetailsCostObjectCstType-arrow"},"wdio_ui5_key":"applicationmanageyards-display-component---NewYard--addressEditDetailsCostObjectCstType-arrow"}]}
COMMAND: GET /session/db7e74ddcaedfecfca9d83c19254142b/screenshot - {}
RESULT: {"script":"<script> [1562 bytes]","args":[{"selector":{"id":"application-manageyards-display-component---NewYard--addressEditDetailsCostObjectCstType-arrow"},"wdio_ui5_key":"applicationmanageyards-display-component---NewYard--addressEditDetailsCostObjectCstType-arrow"}]}
RESULT: undefined
COMMAND: POST /session/db7e74ddcaedfecfca9d83c19254142b/element - {"using":"xpath","value":"//*[@id=\"application-manageyards-display-component---NewYard--addressEditDetailsCostObjectCstType-arrow\"]"}
RESULT: {}
RESULT: {"using":"xpath","value":"//*[@id=\"application-manageyards-display-component---NewYard--addressEditDetailsCostObjectCstType-arrow\"]"}
COMMAND: POST /session/db7e74ddcaedfecfca9d83c19254142b/element/f.624D7720A2383BCF46C1895FE70984DD.d.B4BA98F8EE8492018AECC54D801AEAB6.e.11841/click - {}
RESULT: {}
COMMAND: POST /session/db7e74ddcaedfecfca9d83c19254142b/element - {"using":"xpath","value":"//span[contains(text(), \"Cost Center\")]"}
COMMAND: GET /session/db7e74ddcaedfecfca9d83c19254142b/screenshot - {}
RESULT: {"using":"xpath","value":"//span[contains(text(), \"Cost Center\")]"}
COMMAND: POST /session/db7e74ddcaedfecfca9d83c19254142b/element/f.624D7720A2383BCF46C1895FE70984DD.d.B4BA98F8EE8492018AECC54D801AEAB6.e.11842/click - {}
RESULT: {}
RESULT: {}
COMMAND: GET /session/db7e74ddcaedfecfca9d83c19254142b/screenshot - {}
RESULT: {}
COMMAND: POST /session/db7e74ddcaedfecfca9d83c19254142b/element - {"using":"xpath","value":"//span[@id=\"application-manageyards-display-component---NewYard--addressNewCostObjectCstID-vhi\"]"}
RESULT: {"using":"xpath","value":"//span[@id=\"application-manageyards-display-component---NewYard--addressNewCostObjectCstID-vhi\"]"}
COMMAND: POST /session/db7e74ddcaedfecfca9d83c19254142b/execute/sync - {"script":"<script> [8489 bytes]","args":[{"element-6066-11e4-a52e-4f735466cecf":"f.624D7720A2383BCF46C1895FE70984DD.d.B4BA98F8EE8492018AECC54D801AEAB6.e.11846","ELEMENT":"f.624D7720A2383BCF46C1895FE70984DD.d.B4BA98F8EE8492018AECC54D801AEAB6.e.11846"}]}
RESULT: {"script":"<script> [8489 bytes]","args":[{"element-6066-11e4-a52e-4f735466cecf":"f.624D7720A2383BCF46C1895FE70984DD.d.B4BA98F8EE8492018AECC54D801AEAB6.e.11846","ELEMENT":"f.624D7720A2383BCF46C1895FE70984DD.d.B4BA98F8EE8492018AECC54D801AEAB6.e.11846"}]}
COMMAND: POST /session/db7e74ddcaedfecfca9d83c19254142b/execute/async - {"script":"<script> [1562 bytes]","args":[{"selector":{"id":"application-manageyards-display-component---NewYard--addressNewCostObjectCstID-vhi"},"wdio_ui5_key":"applicationmanageyards-display-component---NewYard--addressNewCostObjectCstID-vhi"}]}
COMMAND: GET /session/db7e74ddcaedfecfca9d83c19254142b/screenshot - {}
RESULT: {"script":"<script> [1562 bytes]","args":[{"selector":{"id":"application-manageyards-display-component---NewYard--addressNewCostObjectCstID-vhi"},"wdio_ui5_key":"applicationmanageyards-display-component---NewYard--addressNewCostObjectCstID-vhi"}]}
RESULT: undefined
COMMAND: POST /session/db7e74ddcaedfecfca9d83c19254142b/element - {"using":"xpath","value":"//*[@id=\"application-manageyards-display-component---NewYard--addressNewCostObjectCstID-vhi\"]"}
RESULT: {}
RESULT: {"using":"xpath","value":"//*[@id=\"application-manageyards-display-component---NewYard--addressNewCostObjectCstID-vhi\"]"}
COMMAND: POST /session/db7e74ddcaedfecfca9d83c19254142b/element/f.624D7720A2383BCF46C1895FE70984DD.d.B4BA98F8EE8492018AECC54D801AEAB6.e.11846/click - {}
RESULT: {}
COMMAND: GET /session/db7e74ddcaedfecfca9d83c19254142b/screenshot - {}
RESULT: {}
COMMAND: POST /session/db7e74ddcaedfecfca9d83c19254142b/execute/async - {"script":"<script> [1562 bytes]","args":[{"selector":{"controlType":"sap.m.SearchField","properties":{"placeholder":"Search"},"searchOpenDialogs":true,"interaction":{"idSuffix":"I"}},"wdio_ui5_key":"sapm.SearchField{\"placeholder\":\"Search\"}"}]}
RESULT: {"script":"<script> [1562 bytes]","args":[{"selector":{"controlType":"sap.m.SearchField","properties":{"placeholder":"Search"},"searchOpenDialogs":true,"interaction":{"idSuffix":"I"}},"wdio_ui5_key":"sapm.SearchField{\"placeholder\":\"Search\"}"}]}
RESULT: undefined
COMMAND: POST /session/db7e74ddcaedfecfca9d83c19254142b/execute/async - {"script":"<script> [776 bytes]","args":[{"enterText":"bauh_b","selector":{"controlType":"sap.m.SearchField","properties":{"placeholder":"Search"},"searchOpenDialogs":true,"interaction":{"idSuffix":"I"}},"clearTextFirst":true,"interactionType":"ENTER_TEXT"}]}
RESULT: {"script":"<script> [776 bytes]","args":[{"enterText":"bauh_b","selector":{"controlType":"sap.m.SearchField","properties":{"placeholder":"Search"},"searchOpenDialogs":true,"interaction":{"idSuffix":"I"}},"clearTextFirst":true,"interactionType":"ENTER_TEXT"}]}
COMMAND: POST /session/db7e74ddcaedfecfca9d83c19254142b/actions - {"actions":[{"id":"action39","type":"key","parameters":{},"actions":[{"type":"keyDown","value":""},{"type":"pause","duration":10},{"type":"keyUp","value":""}]}]}
RESULT: {"actions":[{"id":"action39","type":"key","parameters":{},"actions":[{"type":"keyDown","value":""},{"type":"pause","duration":10},{"type":"keyUp","value":""}]}]}
COMMAND: GET /session/db7e74ddcaedfecfca9d83c19254142b/screenshot - {}
RESULT: {}
COMMAND: POST /session/db7e74ddcaedfecfca9d83c19254142b/element - {"using":"xpath","value":"//span[contains(text(), \"Demo Yard\")]"}
RESULT: {"using":"xpath","value":"//span[contains(text(), \"Demo Yard\")]"}
COMMAND: POST /session/db7e74ddcaedfecfca9d83c19254142b/element/f.624D7720A2383BCF46C1895FE70984DD.d.B4BA98F8EE8492018AECC54D801AEAB6.e.11855/click - {}
RESULT: {}
COMMAND: GET /session/db7e74ddcaedfecfca9d83c19254142b/screenshot - {}
RESULT: {}
COMMAND: POST /session/db7e74ddcaedfecfca9d83c19254142b/element - {"using":"xpath","value":"//bdi[contains(text(), \"OK\")]"}
RESULT: {"using":"xpath","value":"//bdi[contains(text(), \"OK\")]"}
COMMAND: POST /session/db7e74ddcaedfecfca9d83c19254142b/element/f.624D7720A2383BCF46C1895FE70984DD.d.B4BA98F8EE8492018AECC54D801AEAB6.e.11857/click - {}
RESULT: {}
COMMAND: GET /session/db7e74ddcaedfecfca9d83c19254142b/screenshot - {}
RESULT: {}
COMMAND: POST /session/db7e74ddcaedfecfca9d83c19254142b/execute/async - {"script":"<script> [1562 bytes]","args":[{"selector":{"id":"application-manageyards-display-component---NewYard--addressEditDetailsCurrency-arrow"},"wdio_ui5_key":"applicationmanageyards-display-component---NewYard--addressEditDetailsCurrency-arrow"}]}
RESULT: {"script":"<script> [1562 bytes]","args":[{"selector":{"id":"application-manageyards-display-component---NewYard--addressEditDetailsCurrency-arrow"},"wdio_ui5_key":"applicationmanageyards-display-component---NewYard--addressEditDetailsCurrency-arrow"}]}
RESULT: undefined
COMMAND: POST /session/db7e74ddcaedfecfca9d83c19254142b/element - {"using":"xpath","value":"//*[@id=\"application-manageyards-display-component---NewYard--addressEditDetailsCurrency-arrow\"]"}
RESULT: {"using":"xpath","value":"//*[@id=\"application-manageyards-display-component---NewYard--addressEditDetailsCurrency-arrow\"]"}
COMMAND: POST /session/db7e74ddcaedfecfca9d83c19254142b/element/f.624D7720A2383BCF46C1895FE70984DD.d.B4BA98F8EE8492018AECC54D801AEAB6.e.11860/click - {}
RESULT: {}
COMMAND: POST /session/db7e74ddcaedfecfca9d83c19254142b/element - {"using":"xpath","value":"//span[contains(text(), \"Euro\")]"}
COMMAND: GET /session/db7e74ddcaedfecfca9d83c19254142b/screenshot - {}
RESULT: {"using":"xpath","value":"//span[contains(text(), \"Euro\")]"}
COMMAND: POST /session/db7e74ddcaedfecfca9d83c19254142b/element/f.624D7720A2383BCF46C1895FE70984DD.d.B4BA98F8EE8492018AECC54D801AEAB6.e.11861/click - {}
RESULT: {}
RESULT: {}
COMMAND: POST /session/db7e74ddcaedfecfca9d83c19254142b/execute/async - {"script":"<script> [1562 bytes]","args":[{"selector":{"controlType":"sap.m.Input","viewName":"etm.portal.ui.manageyards.view.New","viewId":"application-manageyards-display-component---NewYard","bindingPath":{"path":"","propertyPath":"/CONTROLLING_AREA","modelName":"NewYardModel"},"interaction":{"idSuffix":"inner"}},"wdio_ui5_key":"etmportal.ui.manageyards.view.Newsap.m.Input{\"path\":\"\",\"propertyPath\":\"/CONTROLLING_AREA\",\"modelName\":\"NewYardModel\"}"}]}
COMMAND: GET /session/db7e74ddcaedfecfca9d83c19254142b/screenshot - {}
RESULT: {"script":"<script> [1562 bytes]","args":[{"selector":{"controlType":"sap.m.Input","viewName":"etm.portal.ui.manageyards.view.New","viewId":"application-manageyards-display-component---NewYard","bindingPath":{"path":"","propertyPath":"/CONTROLLING_AREA","modelName":"NewYardModel"},"interaction":{"idSuffix":"inner"}},"wdio_ui5_key":"etmportal.ui.manageyards.view.Newsap.m.Input{\"path\":\"\",\"propertyPath\":\"/CONTROLLING_AREA\",\"modelName\":\"NewYardModel\"}"}]}
RESULT: undefined
COMMAND: POST /session/db7e74ddcaedfecfca9d83c19254142b/execute/async - {"script":"<script> [776 bytes]","args":[{"enterText":"Z001","selector":{"controlType":"sap.m.Input","viewName":"etm.portal.ui.manageyards.view.New","viewId":"application-manageyards-display-component---NewYard","bindingPath":{"path":"","propertyPath":"/CONTROLLING_AREA","modelName":"NewYardModel"},"interaction":{"idSuffix":"inner"}},"clearTextFirst":true,"interactionType":"ENTER_TEXT"}]}
RESULT: {}
RESULT: {"script":"<script> [776 bytes]","args":[{"enterText":"Z001","selector":{"controlType":"sap.m.Input","viewName":"etm.portal.ui.manageyards.view.New","viewId":"application-manageyards-display-component---NewYard","bindingPath":{"path":"","propertyPath":"/CONTROLLING_AREA","modelName":"NewYardModel"},"interaction":{"idSuffix":"inner"}},"clearTextFirst":true,"interactionType":"ENTER_TEXT"}]}
COMMAND: POST /session/db7e74ddcaedfecfca9d83c19254142b/execute/async - {"script":"<script> [1562 bytes]","args":[{"selector":{"id":"application-manageyards-display-component---NewYard--companyCodeComboBox","interaction":{"idSuffix":"inner"}},"wdio_ui5_key":"applicationmanageyards-display-component---NewYard--companyCodeComboBox"}]}
RESULT: {"script":"<script> [1562 bytes]","args":[{"selector":{"id":"application-manageyards-display-component---NewYard--companyCodeComboBox","interaction":{"idSuffix":"inner"}},"wdio_ui5_key":"applicationmanageyards-display-component---NewYard--companyCodeComboBox"}]}
RESULT: undefined
COMMAND: POST /session/db7e74ddcaedfecfca9d83c19254142b/execute/async - {"script":"<script> [776 bytes]","args":[{"enterText":"1000","selector":{"id":"application-manageyards-display-component---NewYard--companyCodeComboBox","interaction":{"idSuffix":"inner"}},"clearTextFirst":true,"interactionType":"ENTER_TEXT"}]}
RESULT: {"script":"<script> [776 bytes]","args":[{"enterText":"1000","selector":{"id":"application-manageyards-display-component---NewYard--companyCodeComboBox","interaction":{"idSuffix":"inner"}},"clearTextFirst":true,"interactionType":"ENTER_TEXT"}]}
COMMAND: POST /session/db7e74ddcaedfecfca9d83c19254142b/execute/async - {"script":"<script> [1562 bytes]","args":[{"selector":{"controlType":"sap.m.Input","viewName":"etm.portal.ui.manageyards.view.New","viewId":"application-manageyards-display-component---NewYard","bindingPath":{"path":"","propertyPath":"/PLANT","modelName":"NewYardModel"},"interaction":{"idSuffix":"inner"}},"wdio_ui5_key":"etmportal.ui.manageyards.view.Newsap.m.Input{\"path\":\"\",\"propertyPath\":\"/PLANT\",\"modelName\":\"NewYardModel\"}"}]}
RESULT: {"script":"<script> [1562 bytes]","args":[{"selector":{"controlType":"sap.m.Input","viewName":"etm.portal.ui.manageyards.view.New","viewId":"application-manageyards-display-component---NewYard","bindingPath":{"path":"","propertyPath":"/PLANT","modelName":"NewYardModel"},"interaction":{"idSuffix":"inner"}},"wdio_ui5_key":"etmportal.ui.manageyards.view.Newsap.m.Input{\"path\":\"\",\"propertyPath\":\"/PLANT\",\"modelName\":\"NewYardModel\"}"}]}
RESULT: undefined
COMMAND: POST /session/db7e74ddcaedfecfca9d83c19254142b/execute/async - {"script":"<script> [776 bytes]","args":[{"enterText":"1001","selector":{"controlType":"sap.m.Input","viewName":"etm.portal.ui.manageyards.view.New","viewId":"application-manageyards-display-component---NewYard","bindingPath":{"path":"","propertyPath":"/PLANT","modelName":"NewYardModel"},"interaction":{"idSuffix":"inner"}},"clearTextFirst":true,"interactionType":"ENTER_TEXT"}]}
RESULT: {"script":"<script> [776 bytes]","args":[{"enterText":"1001","selector":{"controlType":"sap.m.Input","viewName":"etm.portal.ui.manageyards.view.New","viewId":"application-manageyards-display-component---NewYard","bindingPath":{"path":"","propertyPath":"/PLANT","modelName":"NewYardModel"},"interaction":{"idSuffix":"inner"}},"clearTextFirst":true,"interactionType":"ENTER_TEXT"}]}
COMMAND: POST /session/db7e74ddcaedfecfca9d83c19254142b/execute/async - {"script":"<script> [1562 bytes]","args":[{"selector":{"controlType":"sap.m.Input","viewName":"etm.portal.ui.manageyards.view.New","viewId":"application-manageyards-display-component---NewYard","bindingPath":{"path":"","propertyPath":"/SALES_AREA_VKORG","modelName":"NewYardModel"},"interaction":{"idSuffix":"inner"}},"wdio_ui5_key":"etmportal.ui.manageyards.view.Newsap.m.Input{\"path\":\"\",\"propertyPath\":\"/SALES_AREA_VKORG\",\"modelName\":\"NewYardModel\"}"}]}
RESULT: {"script":"<script> [1562 bytes]","args":[{"selector":{"controlType":"sap.m.Input","viewName":"etm.portal.ui.manageyards.view.New","viewId":"application-manageyards-display-component---NewYard","bindingPath":{"path":"","propertyPath":"/SALES_AREA_VKORG","modelName":"NewYardModel"},"interaction":{"idSuffix":"inner"}},"wdio_ui5_key":"etmportal.ui.manageyards.view.Newsap.m.Input{\"path\":\"\",\"propertyPath\":\"/SALES_AREA_VKORG\",\"modelName\":\"NewYardModel\"}"}]}
RESULT: undefined
COMMAND: POST /session/db7e74ddcaedfecfca9d83c19254142b/execute/async - {"script":"<script> [776 bytes]","args":[{"enterText":"C002","selector":{"controlType":"sap.m.Input","viewName":"etm.portal.ui.manageyards.view.New","viewId":"application-manageyards-display-component---NewYard","bindingPath":{"path":"","propertyPath":"/SALES_AREA_VKORG","modelName":"NewYardModel"},"interaction":{"idSuffix":"inner"}},"clearTextFirst":true,"interactionType":"ENTER_TEXT"}]}
RESULT: {"script":"<script> [776 bytes]","args":[{"enterText":"C002","selector":{"controlType":"sap.m.Input","viewName":"etm.portal.ui.manageyards.view.New","viewId":"application-manageyards-display-component---NewYard","bindingPath":{"path":"","propertyPath":"/SALES_AREA_VKORG","modelName":"NewYardModel"},"interaction":{"idSuffix":"inner"}},"clearTextFirst":true,"interactionType":"ENTER_TEXT"}]}
COMMAND: POST /session/db7e74ddcaedfecfca9d83c19254142b/execute/async - {"script":"<script> [1562 bytes]","args":[{"selector":{"controlType":"sap.m.Input","viewName":"etm.portal.ui.manageyards.view.New","viewId":"application-manageyards-display-component---NewYard","bindingPath":{"path":"","propertyPath":"/SALES_AREA_VTWEG","modelName":"NewYardModel"},"interaction":{"idSuffix":"inner"}},"wdio_ui5_key":"etmportal.ui.manageyards.view.Newsap.m.Input{\"path\":\"\",\"propertyPath\":\"/SALES_AREA_VTWEG\",\"modelName\":\"NewYardModel\"}"}]}
RESULT: {"script":"<script> [1562 bytes]","args":[{"selector":{"controlType":"sap.m.Input","viewName":"etm.portal.ui.manageyards.view.New","viewId":"application-manageyards-display-component---NewYard","bindingPath":{"path":"","propertyPath":"/SALES_AREA_VTWEG","modelName":"NewYardModel"},"interaction":{"idSuffix":"inner"}},"wdio_ui5_key":"etmportal.ui.manageyards.view.Newsap.m.Input{\"path\":\"\",\"propertyPath\":\"/SALES_AREA_VTWEG\",\"modelName\":\"NewYardModel\"}"}]}
RESULT: undefined
COMMAND: POST /session/db7e74ddcaedfecfca9d83c19254142b/execute/async - {"script":"<script> [776 bytes]","args":[{"enterText":"C2","selector":{"controlType":"sap.m.Input","viewName":"etm.portal.ui.manageyards.view.New","viewId":"application-manageyards-display-component---NewYard","bindingPath":{"path":"","propertyPath":"/SALES_AREA_VTWEG","modelName":"NewYardModel"},"interaction":{"idSuffix":"inner"}},"clearTextFirst":true,"interactionType":"ENTER_TEXT"}]}
RESULT: {"script":"<script> [776 bytes]","args":[{"enterText":"C2","selector":{"controlType":"sap.m.Input","viewName":"etm.portal.ui.manageyards.view.New","viewId":"application-manageyards-display-component---NewYard","bindingPath":{"path":"","propertyPath":"/SALES_AREA_VTWEG","modelName":"NewYardModel"},"interaction":{"idSuffix":"inner"}},"clearTextFirst":true,"interactionType":"ENTER_TEXT"}]}
COMMAND: POST /session/db7e74ddcaedfecfca9d83c19254142b/execute/async - {"script":"<script> [1562 bytes]","args":[{"selector":{"controlType":"sap.m.Input","viewName":"etm.portal.ui.manageyards.view.New","viewId":"application-manageyards-display-component---NewYard","bindingPath":{"path":"","propertyPath":"/SALES_AREA_SPART","modelName":"NewYardModel"},"interaction":{"idSuffix":"inner"}},"wdio_ui5_key":"etmportal.ui.manageyards.view.Newsap.m.Input{\"path\":\"\",\"propertyPath\":\"/SALES_AREA_SPART\",\"modelName\":\"NewYardModel\"}"}]}
RESULT: {"script":"<script> [1562 bytes]","args":[{"selector":{"controlType":"sap.m.Input","viewName":"etm.portal.ui.manageyards.view.New","viewId":"application-manageyards-display-component---NewYard","bindingPath":{"path":"","propertyPath":"/SALES_AREA_SPART","modelName":"NewYardModel"},"interaction":{"idSuffix":"inner"}},"wdio_ui5_key":"etmportal.ui.manageyards.view.Newsap.m.Input{\"path\":\"\",\"propertyPath\":\"/SALES_AREA_SPART\",\"modelName\":\"NewYardModel\"}"}]}
RESULT: undefined
COMMAND: POST /session/db7e74ddcaedfecfca9d83c19254142b/execute/async - {"script":"<script> [776 bytes]","args":[{"enterText":"C2","selector":{"controlType":"sap.m.Input","viewName":"etm.portal.ui.manageyards.view.New","viewId":"application-manageyards-display-component---NewYard","bindingPath":{"path":"","propertyPath":"/SALES_AREA_SPART","modelName":"NewYardModel"},"interaction":{"idSuffix":"inner"}},"clearTextFirst":true,"interactionType":"ENTER_TEXT"}]}
RESULT: {"script":"<script> [776 bytes]","args":[{"enterText":"C2","selector":{"controlType":"sap.m.Input","viewName":"etm.portal.ui.manageyards.view.New","viewId":"application-manageyards-display-component---NewYard","bindingPath":{"path":"","propertyPath":"/SALES_AREA_SPART","modelName":"NewYardModel"},"interaction":{"idSuffix":"inner"}},"clearTextFirst":true,"interactionType":"ENTER_TEXT"}]}
COMMAND: POST /session/db7e74ddcaedfecfca9d83c19254142b/execute/async - {"script":"<script> [1562 bytes]","args":[{"selector":{"controlType":"sap.m.Input","viewName":"etm.portal.ui.manageyards.view.New","viewId":"application-manageyards-display-component---NewYard","bindingPath":{"path":"","propertyPath":"/SHIP_POINT","modelName":"NewYardModel"},"interaction":{"idSuffix":"inner"}},"wdio_ui5_key":"etmportal.ui.manageyards.view.Newsap.m.Input{\"path\":\"\",\"propertyPath\":\"/SHIP_POINT\",\"modelName\":\"NewYardModel\"}"}]}
RESULT: {"script":"<script> [1562 bytes]","args":[{"selector":{"controlType":"sap.m.Input","viewName":"etm.portal.ui.manageyards.view.New","viewId":"application-manageyards-display-component---NewYard","bindingPath":{"path":"","propertyPath":"/SHIP_POINT","modelName":"NewYardModel"},"interaction":{"idSuffix":"inner"}},"wdio_ui5_key":"etmportal.ui.manageyards.view.Newsap.m.Input{\"path\":\"\",\"propertyPath\":\"/SHIP_POINT\",\"modelName\":\"NewYardModel\"}"}]}
RESULT: undefined
COMMAND: POST /session/db7e74ddcaedfecfca9d83c19254142b/execute/async - {"script":"<script> [776 bytes]","args":[{"enterText":"1710","selector":{"controlType":"sap.m.Input","viewName":"etm.portal.ui.manageyards.view.New","viewId":"application-manageyards-display-component---NewYard","bindingPath":{"path":"","propertyPath":"/SHIP_POINT","modelName":"NewYardModel"},"interaction":{"idSuffix":"inner"}},"clearTextFirst":true,"interactionType":"ENTER_TEXT"}]}
RESULT: {"script":"<script> [776 bytes]","args":[{"enterText":"1710","selector":{"controlType":"sap.m.Input","viewName":"etm.portal.ui.manageyards.view.New","viewId":"application-manageyards-display-component---NewYard","bindingPath":{"path":"","propertyPath":"/SHIP_POINT","modelName":"NewYardModel"},"interaction":{"idSuffix":"inner"}},"clearTextFirst":true,"interactionType":"ENTER_TEXT"}]}
COMMAND: POST /session/db7e74ddcaedfecfca9d83c19254142b/execute/async - {"script":"<script> [1562 bytes]","args":[{"selector":{"controlType":"sap.m.Input","viewName":"etm.portal.ui.manageyards.view.New","viewId":"application-manageyards-display-component---NewYard","bindingPath":{"path":"","propertyPath":"/DELIVERY_TYPE","modelName":"NewYardModel"},"interaction":{"idSuffix":"inner"}},"wdio_ui5_key":"etmportal.ui.manageyards.view.Newsap.m.Input{\"path\":\"\",\"propertyPath\":\"/DELIVERY_TYPE\",\"modelName\":\"NewYardModel\"}"}]}
RESULT: {"script":"<script> [1562 bytes]","args":[{"selector":{"controlType":"sap.m.Input","viewName":"etm.portal.ui.manageyards.view.New","viewId":"application-manageyards-display-component---NewYard","bindingPath":{"path":"","propertyPath":"/DELIVERY_TYPE","modelName":"NewYardModel"},"interaction":{"idSuffix":"inner"}},"wdio_ui5_key":"etmportal.ui.manageyards.view.Newsap.m.Input{\"path\":\"\",\"propertyPath\":\"/DELIVERY_TYPE\",\"modelName\":\"NewYardModel\"}"}]}
RESULT: undefined
COMMAND: POST /session/db7e74ddcaedfecfca9d83c19254142b/execute/async - {"script":"<script> [776 bytes]","args":[{"enterText":"ZL01","selector":{"controlType":"sap.m.Input","viewName":"etm.portal.ui.manageyards.view.New","viewId":"application-manageyards-display-component---NewYard","bindingPath":{"path":"","propertyPath":"/DELIVERY_TYPE","modelName":"NewYardModel"},"interaction":{"idSuffix":"inner"}},"clearTextFirst":true,"interactionType":"ENTER_TEXT"}]}
RESULT: {"script":"<script> [776 bytes]","args":[{"enterText":"ZL01","selector":{"controlType":"sap.m.Input","viewName":"etm.portal.ui.manageyards.view.New","viewId":"application-manageyards-display-component---NewYard","bindingPath":{"path":"","propertyPath":"/DELIVERY_TYPE","modelName":"NewYardModel"},"interaction":{"idSuffix":"inner"}},"clearTextFirst":true,"interactionType":"ENTER_TEXT"}]}
COMMAND: POST /session/db7e74ddcaedfecfca9d83c19254142b/execute/async - {"script":"<script> [1562 bytes]","args":[{"selector":{"controlType":"sap.m.Input","viewName":"etm.portal.ui.manageyards.view.New","viewId":"application-manageyards-display-component---NewYard","bindingPath":{"path":"","propertyPath":"/AUART","modelName":"NewYardModel"},"interaction":{"idSuffix":"inner"}},"wdio_ui5_key":"etmportal.ui.manageyards.view.Newsap.m.Input{\"path\":\"\",\"propertyPath\":\"/AUART\",\"modelName\":\"NewYardModel\"}"}]}
RESULT: {"script":"<script> [1562 bytes]","args":[{"selector":{"controlType":"sap.m.Input","viewName":"etm.portal.ui.manageyards.view.New","viewId":"application-manageyards-display-component---NewYard","bindingPath":{"path":"","propertyPath":"/AUART","modelName":"NewYardModel"},"interaction":{"idSuffix":"inner"}},"wdio_ui5_key":"etmportal.ui.manageyards.view.Newsap.m.Input{\"path\":\"\",\"propertyPath\":\"/AUART\",\"modelName\":\"NewYardModel\"}"}]}
RESULT: undefined
COMMAND: POST /session/db7e74ddcaedfecfca9d83c19254142b/execute/async - {"script":"<script> [776 bytes]","args":[{"enterText":"TA","selector":{"controlType":"sap.m.Input","viewName":"etm.portal.ui.manageyards.view.New","viewId":"application-manageyards-display-component---NewYard","bindingPath":{"path":"","propertyPath":"/AUART","modelName":"NewYardModel"},"interaction":{"idSuffix":"inner"}},"clearTextFirst":true,"interactionType":"ENTER_TEXT"}]}
RESULT: {"script":"<script> [776 bytes]","args":[{"enterText":"TA","selector":{"controlType":"sap.m.Input","viewName":"etm.portal.ui.manageyards.view.New","viewId":"application-manageyards-display-component---NewYard","bindingPath":{"path":"","propertyPath":"/AUART","modelName":"NewYardModel"},"interaction":{"idSuffix":"inner"}},"clearTextFirst":true,"interactionType":"ENTER_TEXT"}]}
COMMAND: POST /session/db7e74ddcaedfecfca9d83c19254142b/element - {"using":"xpath","value":"//button[@data-kt=\"newYardSaveButton\"]"}
RESULT: {"using":"xpath","value":"//button[@data-kt=\"newYardSaveButton\"]"}
COMMAND: POST /session/db7e74ddcaedfecfca9d83c19254142b/element/f.624D7720A2383BCF46C1895FE70984DD.d.B4BA98F8EE8492018AECC54D801AEAB6.e.11820/click - {}
RESULT: {}
COMMAND: GET /session/db7e74ddcaedfecfca9d83c19254142b/screenshot - {}
RESULT: {}
COMMAND: POST /session/db7e74ddcaedfecfca9d83c19254142b/element - {"using":"xpath","value":"//header[contains(@id, 'ObjectPageLayout-headerTitle')]/div[1]/div[2]/div[1]/span[1]"}
RESULT: {"using":"xpath","value":"//header[contains(@id, 'ObjectPageLayout-headerTitle')]/div[1]/div[2]/div[1]/span[1]"}
COMMAND: POST /session/db7e74ddcaedfecfca9d83c19254142b/elements - {"using":"xpath","value":"//header[contains(@id, 'ObjectPageLayout-headerTitle')]/div[1]/div[2]/div[1]/span[1]"}
RESULT: {"using":"xpath","value":"//header[contains(@id, 'ObjectPageLayout-headerTitle')]/div[1]/div[2]/div[1]/span[1]"}
COMMAND: POST /session/db7e74ddcaedfecfca9d83c19254142b/execute/sync - {"script":"<script> [56 bytes]","args":[{"element-6066-11e4-a52e-4f735466cecf":"f.624D7720A2383BCF46C1895FE70984DD.d.B4BA98F8EE8492018AECC54D801AEAB6.e.12078","ELEMENT":"f.624D7720A2383BCF46C1895FE70984DD.d.B4BA98F8EE8492018AECC54D801AEAB6.e.12078"}]}
RESULT: {"script":"<script> [56 bytes]","args":[{"element-6066-11e4-a52e-4f735466cecf":"f.624D7720A2383BCF46C1895FE70984DD.d.B4BA98F8EE8492018AECC54D801AEAB6.e.12078","ELEMENT":"f.624D7720A2383BCF46C1895FE70984DD.d.B4BA98F8EE8492018AECC54D801AEAB6.e.12078"}]}
COMMAND: GET /session/db7e74ddcaedfecfca9d83c19254142b/screenshot - {}
RESULT: {}
COMMAND: POST /session/db7e74ddcaedfecfca9d83c19254142b/element - {"using":"css selector","value":"#shell-header-logo"}
RESULT: {"using":"css selector","value":"#shell-header-logo"}
COMMAND: POST /session/db7e74ddcaedfecfca9d83c19254142b/element/f.624D7720A2383BCF46C1895FE70984DD.d.B4BA98F8EE8492018AECC54D801AEAB6.e.11254/click - {}
RESULT: {}
COMMAND: GET /session/db7e74ddcaedfecfca9d83c19254142b/screenshot - {}
RESULT: {}
COMMAND: POST /session/db7e74ddcaedfecfca9d83c19254142b/execute/sync - {"script":"<script> [299 bytes]","args":[["getModel","getResource"]]}
RESULT: {"script":"<script> [299 bytes]","args":[["getModel","getResource"]]}
]]></system-out>
    </testcase>
    <testcase classname="chrome.136_0_7103_93.windows.Provide_to_Site_w/o_warehouse_management_w/_clarification_US116605" name="Should create a new external partner" time="99.041">
      <system-out><![CDATA[
COMMAND: GET /session/db7e74ddcaedfecfca9d83c19254142b/screenshot - {}
COMMAND: POST /session/db7e74ddcaedfecfca9d83c19254142b/window/fullscreen - {}
RESULT: {}
RESULT: {}
COMMAND: POST /session/db7e74ddcaedfecfca9d83c19254142b/execute/async - {"script":"<script> [1562 bytes]","args":[{"selector":{"controlType":"sap.m.GenericTile","properties":{"header":"Manage Partners"}},"wdio_ui5_key":"sapm.GenericTile{\"header\":\"Manage Partners\"}"}]}
RESULT: {"script":"<script> [1562 bytes]","args":[{"selector":{"controlType":"sap.m.GenericTile","properties":{"header":"Manage Partners"}},"wdio_ui5_key":"sapm.GenericTile{\"header\":\"Manage Partners\"}"}]}
RESULT: undefined
COMMAND: POST /session/db7e74ddcaedfecfca9d83c19254142b/element - {"using":"xpath","value":"//*[@id=\"__tile30\"]"}
RESULT: {"using":"xpath","value":"//*[@id=\"__tile30\"]"}
COMMAND: POST /session/db7e74ddcaedfecfca9d83c19254142b/element/f.624D7720A2383BCF46C1895FE70984DD.d.B4BA98F8EE8492018AECC54D801AEAB6.e.11269/click - {}
RESULT: {}
COMMAND: GET /session/db7e74ddcaedfecfca9d83c19254142b/screenshot - {}
RESULT: {}
COMMAND: POST /session/db7e74ddcaedfecfca9d83c19254142b/elements - {"using":"xpath","value":"//span[text()='Error']"}
RESULT: {"using":"xpath","value":"//span[text()='Error']"}
COMMAND: POST /session/db7e74ddcaedfecfca9d83c19254142b/element - {"using":"xpath","value":"//button[@data-kt=\"addButton\"]"}
RESULT: {"using":"xpath","value":"//button[@data-kt=\"addButton\"]"}
COMMAND: POST /session/db7e74ddcaedfecfca9d83c19254142b/elements - {"using":"xpath","value":"//button[@data-kt=\"addButton\"]"}
RESULT: {"using":"xpath","value":"//button[@data-kt=\"addButton\"]"}
COMMAND: POST /session/db7e74ddcaedfecfca9d83c19254142b/execute/sync - {"script":"<script> [8489 bytes]","args":[{"element-6066-11e4-a52e-4f735466cecf":"f.624D7720A2383BCF46C1895FE70984DD.d.B4BA98F8EE8492018AECC54D801AEAB6.e.12115","ELEMENT":"f.624D7720A2383BCF46C1895FE70984DD.d.B4BA98F8EE8492018AECC54D801AEAB6.e.12115"}]}
RESULT: {"script":"<script> [8489 bytes]","args":[{"element-6066-11e4-a52e-4f735466cecf":"f.624D7720A2383BCF46C1895FE70984DD.d.B4BA98F8EE8492018AECC54D801AEAB6.e.12115","ELEMENT":"f.624D7720A2383BCF46C1895FE70984DD.d.B4BA98F8EE8492018AECC54D801AEAB6.e.12115"}]}
COMMAND: GET /session/db7e74ddcaedfecfca9d83c19254142b/element/f.624D7720A2383BCF46C1895FE70984DD.d.B4BA98F8EE8492018AECC54D801AEAB6.e.12115/enabled - {}
COMMAND: GET /session/db7e74ddcaedfecfca9d83c19254142b/screenshot - {}
RESULT: {}
COMMAND: POST /session/db7e74ddcaedfecfca9d83c19254142b/execute/sync - {"script":"<script> [8489 bytes]","args":[{"element-6066-11e4-a52e-4f735466cecf":"f.624D7720A2383BCF46C1895FE70984DD.d.B4BA98F8EE8492018AECC54D801AEAB6.e.12115","ELEMENT":"f.624D7720A2383BCF46C1895FE70984DD.d.B4BA98F8EE8492018AECC54D801AEAB6.e.12115"}]}
COMMAND: GET /session/db7e74ddcaedfecfca9d83c19254142b/screenshot - {}
RESULT: {}
RESULT: {"script":"<script> [8489 bytes]","args":[{"element-6066-11e4-a52e-4f735466cecf":"f.624D7720A2383BCF46C1895FE70984DD.d.B4BA98F8EE8492018AECC54D801AEAB6.e.12115","ELEMENT":"f.624D7720A2383BCF46C1895FE70984DD.d.B4BA98F8EE8492018AECC54D801AEAB6.e.12115"}]}
COMMAND: POST /session/db7e74ddcaedfecfca9d83c19254142b/execute/sync - {"script":"<script> [5351 bytes]","args":[{"element-6066-11e4-a52e-4f735466cecf":"f.624D7720A2383BCF46C1895FE70984DD.d.B4BA98F8EE8492018AECC54D801AEAB6.e.12115","ELEMENT":"f.624D7720A2383BCF46C1895FE70984DD.d.B4BA98F8EE8492018AECC54D801AEAB6.e.12115"}]}
COMMAND: GET /session/db7e74ddcaedfecfca9d83c19254142b/screenshot - {}
RESULT: {}
RESULT: {"script":"<script> [5351 bytes]","args":[{"element-6066-11e4-a52e-4f735466cecf":"f.624D7720A2383BCF46C1895FE70984DD.d.B4BA98F8EE8492018AECC54D801AEAB6.e.12115","ELEMENT":"f.624D7720A2383BCF46C1895FE70984DD.d.B4BA98F8EE8492018AECC54D801AEAB6.e.12115"}]}
COMMAND: POST /session/db7e74ddcaedfecfca9d83c19254142b/element/f.624D7720A2383BCF46C1895FE70984DD.d.B4BA98F8EE8492018AECC54D801AEAB6.e.12115/click - {}
COMMAND: GET /session/db7e74ddcaedfecfca9d83c19254142b/screenshot - {}
RESULT: {}
RESULT: {}
COMMAND: GET /session/db7e74ddcaedfecfca9d83c19254142b/screenshot - {}
RESULT: {}
RESULT: {}
COMMAND: POST /session/db7e74ddcaedfecfca9d83c19254142b/execute/async - {"script":"<script> [1562 bytes]","args":[{"selector":{"id":"application-managepartners-display-component---NewPartner--addressDetailDetailsName1","interaction":{"idSuffix":"inner"}},"wdio_ui5_key":"applicationmanagepartners-display-component---NewPartner--addressDetailDetailsName1"}]}
RESULT: {"script":"<script> [1562 bytes]","args":[{"selector":{"id":"application-managepartners-display-component---NewPartner--addressDetailDetailsName1","interaction":{"idSuffix":"inner"}},"wdio_ui5_key":"applicationmanagepartners-display-component---NewPartner--addressDetailDetailsName1"}]}
RESULT: undefined
COMMAND: POST /session/db7e74ddcaedfecfca9d83c19254142b/execute/async - {"script":"<script> [776 bytes]","args":[{"enterText":"External Partner WDIO","selector":{"id":"application-managepartners-display-component---NewPartner--addressDetailDetailsName1","interaction":{"idSuffix":"inner"}},"clearTextFirst":true,"interactionType":"ENTER_TEXT"}]}
RESULT: {"script":"<script> [776 bytes]","args":[{"enterText":"External Partner WDIO","selector":{"id":"application-managepartners-display-component---NewPartner--addressDetailDetailsName1","interaction":{"idSuffix":"inner"}},"clearTextFirst":true,"interactionType":"ENTER_TEXT"}]}
COMMAND: POST /session/db7e74ddcaedfecfca9d83c19254142b/execute/async - {"script":"<script> [1562 bytes]","args":[{"selector":{"id":"application-managepartners-display-component---NewPartner--addressDetailDetailsLanguage-arrow"},"wdio_ui5_key":"applicationmanagepartners-display-component---NewPartner--addressDetailDetailsLanguage-arrow"}]}
RESULT: {"script":"<script> [1562 bytes]","args":[{"selector":{"id":"application-managepartners-display-component---NewPartner--addressDetailDetailsLanguage-arrow"},"wdio_ui5_key":"applicationmanagepartners-display-component---NewPartner--addressDetailDetailsLanguage-arrow"}]}
RESULT: undefined
COMMAND: POST /session/db7e74ddcaedfecfca9d83c19254142b/element - {"using":"xpath","value":"//*[@id=\"application-managepartners-display-component---NewPartner--addressDetailDetailsLanguage-arrow\"]"}
RESULT: {"using":"xpath","value":"//*[@id=\"application-managepartners-display-component---NewPartner--addressDetailDetailsLanguage-arrow\"]"}
COMMAND: POST /session/db7e74ddcaedfecfca9d83c19254142b/element/f.624D7720A2383BCF46C1895FE70984DD.d.B4BA98F8EE8492018AECC54D801AEAB6.e.12566/click - {}
RESULT: {}
COMMAND: POST /session/db7e74ddcaedfecfca9d83c19254142b/element - {"using":"xpath","value":"//span[contains(text(), \"English\")]"}
COMMAND: GET /session/db7e74ddcaedfecfca9d83c19254142b/screenshot - {}
RESULT: {"using":"xpath","value":"//span[contains(text(), \"English\")]"}
COMMAND: POST /session/db7e74ddcaedfecfca9d83c19254142b/element/f.624D7720A2383BCF46C1895FE70984DD.d.B4BA98F8EE8492018AECC54D801AEAB6.e.12567/click - {}
RESULT: {}
RESULT: {}
COMMAND: GET /session/db7e74ddcaedfecfca9d83c19254142b/screenshot - {}
RESULT: {}
COMMAND: POST /session/db7e74ddcaedfecfca9d83c19254142b/execute/async - {"script":"<script> [1562 bytes]","args":[{"selector":{"id":"application-managepartners-display-component---NewPartner--addressDetailDetailsCity1","interaction":{"idSuffix":"inner"}},"wdio_ui5_key":"applicationmanagepartners-display-component---NewPartner--addressDetailDetailsCity1"}]}
RESULT: {"script":"<script> [1562 bytes]","args":[{"selector":{"id":"application-managepartners-display-component---NewPartner--addressDetailDetailsCity1","interaction":{"idSuffix":"inner"}},"wdio_ui5_key":"applicationmanagepartners-display-component---NewPartner--addressDetailDetailsCity1"}]}
RESULT: undefined
COMMAND: POST /session/db7e74ddcaedfecfca9d83c19254142b/execute/async - {"script":"<script> [776 bytes]","args":[{"enterText":"Rosario","selector":{"id":"application-managepartners-display-component---NewPartner--addressDetailDetailsCity1","interaction":{"idSuffix":"inner"}},"clearTextFirst":true,"interactionType":"ENTER_TEXT"}]}
RESULT: {"script":"<script> [776 bytes]","args":[{"enterText":"Rosario","selector":{"id":"application-managepartners-display-component---NewPartner--addressDetailDetailsCity1","interaction":{"idSuffix":"inner"}},"clearTextFirst":true,"interactionType":"ENTER_TEXT"}]}
COMMAND: POST /session/db7e74ddcaedfecfca9d83c19254142b/execute/async - {"script":"<script> [1562 bytes]","args":[{"selector":{"id":"application-managepartners-display-component---NewPartner--addressDetailDetailsCountry-arrow"},"wdio_ui5_key":"applicationmanagepartners-display-component---NewPartner--addressDetailDetailsCountry-arrow"}]}
RESULT: {"script":"<script> [1562 bytes]","args":[{"selector":{"id":"application-managepartners-display-component---NewPartner--addressDetailDetailsCountry-arrow"},"wdio_ui5_key":"applicationmanagepartners-display-component---NewPartner--addressDetailDetailsCountry-arrow"}]}
RESULT: undefined
COMMAND: POST /session/db7e74ddcaedfecfca9d83c19254142b/element - {"using":"xpath","value":"//*[@id=\"application-managepartners-display-component---NewPartner--addressDetailDetailsCountry-arrow\"]"}
RESULT: {"using":"xpath","value":"//*[@id=\"application-managepartners-display-component---NewPartner--addressDetailDetailsCountry-arrow\"]"}
COMMAND: POST /session/db7e74ddcaedfecfca9d83c19254142b/element/f.624D7720A2383BCF46C1895FE70984DD.d.B4BA98F8EE8492018AECC54D801AEAB6.e.12522/click - {}
RESULT: {}
COMMAND: POST /session/db7e74ddcaedfecfca9d83c19254142b/element - {"using":"xpath","value":"//span[contains(text(), \"Argentina\")]"}
COMMAND: GET /session/db7e74ddcaedfecfca9d83c19254142b/screenshot - {}
RESULT: {"using":"xpath","value":"//span[contains(text(), \"Argentina\")]"}
COMMAND: POST /session/db7e74ddcaedfecfca9d83c19254142b/element/f.624D7720A2383BCF46C1895FE70984DD.d.B4BA98F8EE8492018AECC54D801AEAB6.e.12569/click - {}
RESULT: {}
RESULT: {}
COMMAND: GET /session/db7e74ddcaedfecfca9d83c19254142b/screenshot - {}
RESULT: {}
COMMAND: POST /session/db7e74ddcaedfecfca9d83c19254142b/element - {"using":"xpath","value":"//bdi[contains(text(), \"Commercial\")]"}
RESULT: {"using":"xpath","value":"//bdi[contains(text(), \"Commercial\")]"}
COMMAND: POST /session/db7e74ddcaedfecfca9d83c19254142b/element/f.624D7720A2383BCF46C1895FE70984DD.d.B4BA98F8EE8492018AECC54D801AEAB6.e.12570/click - {}
RESULT: {}
COMMAND: GET /session/db7e74ddcaedfecfca9d83c19254142b/screenshot - {}
RESULT: {}
COMMAND: POST /session/db7e74ddcaedfecfca9d83c19254142b/execute/async - {"script":"<script> [1562 bytes]","args":[{"selector":{"id":"application-managepartners-display-component---NewPartner--partnerDetailInternal-arrow"},"wdio_ui5_key":"applicationmanagepartners-display-component---NewPartner--partnerDetailInternal-arrow"}]}
RESULT: {"script":"<script> [1562 bytes]","args":[{"selector":{"id":"application-managepartners-display-component---NewPartner--partnerDetailInternal-arrow"},"wdio_ui5_key":"applicationmanagepartners-display-component---NewPartner--partnerDetailInternal-arrow"}]}
RESULT: undefined
COMMAND: POST /session/db7e74ddcaedfecfca9d83c19254142b/element - {"using":"xpath","value":"//*[@id=\"application-managepartners-display-component---NewPartner--partnerDetailInternal-arrow\"]"}
RESULT: {"using":"xpath","value":"//*[@id=\"application-managepartners-display-component---NewPartner--partnerDetailInternal-arrow\"]"}
COMMAND: POST /session/db7e74ddcaedfecfca9d83c19254142b/element/f.624D7720A2383BCF46C1895FE70984DD.d.B4BA98F8EE8492018AECC54D801AEAB6.e.12576/click - {}
RESULT: {}
COMMAND: POST /session/db7e74ddcaedfecfca9d83c19254142b/element - {"using":"xpath","value":"//span[contains(text(), \"External partner\")]"}
COMMAND: GET /session/db7e74ddcaedfecfca9d83c19254142b/screenshot - {}
RESULT: {"using":"xpath","value":"//span[contains(text(), \"External partner\")]"}
COMMAND: POST /session/db7e74ddcaedfecfca9d83c19254142b/element/f.624D7720A2383BCF46C1895FE70984DD.d.B4BA98F8EE8492018AECC54D801AEAB6.e.12577/click - {}
RESULT: {}
RESULT: {}
COMMAND: POST /session/db7e74ddcaedfecfca9d83c19254142b/execute/async - {"script":"<script> [1562 bytes]","args":[{"selector":{"id":"application-managepartners-display-component---NewPartner--partnerDetailsCurrency-arrow"},"wdio_ui5_key":"applicationmanagepartners-display-component---NewPartner--partnerDetailsCurrency-arrow"}]}
COMMAND: GET /session/db7e74ddcaedfecfca9d83c19254142b/screenshot - {}
RESULT: {"script":"<script> [1562 bytes]","args":[{"selector":{"id":"application-managepartners-display-component---NewPartner--partnerDetailsCurrency-arrow"},"wdio_ui5_key":"applicationmanagepartners-display-component---NewPartner--partnerDetailsCurrency-arrow"}]}
RESULT: undefined
COMMAND: POST /session/db7e74ddcaedfecfca9d83c19254142b/element - {"using":"xpath","value":"//*[@id=\"application-managepartners-display-component---NewPartner--partnerDetailsCurrency-arrow\"]"}
RESULT: {}
RESULT: {"using":"xpath","value":"//*[@id=\"application-managepartners-display-component---NewPartner--partnerDetailsCurrency-arrow\"]"}
COMMAND: POST /session/db7e74ddcaedfecfca9d83c19254142b/element/f.624D7720A2383BCF46C1895FE70984DD.d.B4BA98F8EE8492018AECC54D801AEAB6.e.12582/click - {}
RESULT: {}
COMMAND: POST /session/db7e74ddcaedfecfca9d83c19254142b/element - {"using":"xpath","value":"//span[contains(text(), \"US Dollar\")]"}
COMMAND: GET /session/db7e74ddcaedfecfca9d83c19254142b/screenshot - {}
RESULT: {"using":"xpath","value":"//span[contains(text(), \"US Dollar\")]"}
COMMAND: POST /session/db7e74ddcaedfecfca9d83c19254142b/element/f.624D7720A2383BCF46C1895FE70984DD.d.B4BA98F8EE8492018AECC54D801AEAB6.e.12583/click - {}
RESULT: {}
RESULT: {}
COMMAND: GET /session/db7e74ddcaedfecfca9d83c19254142b/screenshot - {}
RESULT: {}
COMMAND: POST /session/db7e74ddcaedfecfca9d83c19254142b/element - {"using":"xpath","value":"//input[@id=\"application-managepartners-display-component---NewPartner--companyCodeComboBox-inner\"]"}
RESULT: {"using":"xpath","value":"//input[@id=\"application-managepartners-display-component---NewPartner--companyCodeComboBox-inner\"]"}
COMMAND: POST /session/db7e74ddcaedfecfca9d83c19254142b/element/f.624D7720A2383BCF46C1895FE70984DD.d.B4BA98F8EE8492018AECC54D801AEAB6.e.12479/clear - {}
RESULT: {}
COMMAND: POST /session/db7e74ddcaedfecfca9d83c19254142b/element/f.624D7720A2383BCF46C1895FE70984DD.d.B4BA98F8EE8492018AECC54D801AEAB6.e.12479/value - {"text":"C002"}
COMMAND: GET /session/db7e74ddcaedfecfca9d83c19254142b/screenshot - {}
RESULT: {"text":"C002"}
COMMAND: GET /session/db7e74ddcaedfecfca9d83c19254142b/screenshot - {}
RESULT: {}
RESULT: {}
COMMAND: POST /session/db7e74ddcaedfecfca9d83c19254142b/element - {"using":"xpath","value":"//li[.//span[text()= \"C002\"]]"}
RESULT: {"using":"xpath","value":"//li[.//span[text()= \"C002\"]]"}
COMMAND: POST /session/db7e74ddcaedfecfca9d83c19254142b/element/f.624D7720A2383BCF46C1895FE70984DD.d.B4BA98F8EE8492018AECC54D801AEAB6.e.12587/click - {}
RESULT: {}
COMMAND: GET /session/db7e74ddcaedfecfca9d83c19254142b/screenshot - {}
RESULT: {}
COMMAND: POST /session/db7e74ddcaedfecfca9d83c19254142b/execute/async - {"script":"<script> [1562 bytes]","args":[{"selector":{"id":"application-managepartners-display-component---NewPartner--btnAddTableRow-img"},"wdio_ui5_key":"applicationmanagepartners-display-component---NewPartner--btnAddTableRow-img"}]}
RESULT: {"script":"<script> [1562 bytes]","args":[{"selector":{"id":"application-managepartners-display-component---NewPartner--btnAddTableRow-img"},"wdio_ui5_key":"applicationmanagepartners-display-component---NewPartner--btnAddTableRow-img"}]}
RESULT: undefined
COMMAND: POST /session/db7e74ddcaedfecfca9d83c19254142b/element - {"using":"xpath","value":"//*[@id=\"application-managepartners-display-component---NewPartner--btnAddTableRow-img\"]"}
RESULT: {"using":"xpath","value":"//*[@id=\"application-managepartners-display-component---NewPartner--btnAddTableRow-img\"]"}
COMMAND: POST /session/db7e74ddcaedfecfca9d83c19254142b/element/f.624D7720A2383BCF46C1895FE70984DD.d.B4BA98F8EE8492018AECC54D801AEAB6.e.12588/click - {}
RESULT: {}
COMMAND: GET /session/db7e74ddcaedfecfca9d83c19254142b/screenshot - {}
RESULT: {}
COMMAND: POST /session/db7e74ddcaedfecfca9d83c19254142b/element - {"using":"xpath","value":"//input[@id=\"application-managepartners-display-component---NewPartner--assignmentYard-application-managepartners-display-component---NewPartner--assignmentsTable-0-inner\"]"}
RESULT: {"using":"xpath","value":"//input[@id=\"application-managepartners-display-component---NewPartner--assignmentYard-application-managepartners-display-component---NewPartner--assignmentsTable-0-inner\"]"}
COMMAND: POST /session/db7e74ddcaedfecfca9d83c19254142b/element/f.624D7720A2383BCF46C1895FE70984DD.d.B4BA98F8EE8492018AECC54D801AEAB6.e.12591/clear - {}
RESULT: {}
COMMAND: POST /session/db7e74ddcaedfecfca9d83c19254142b/element/f.624D7720A2383BCF46C1895FE70984DD.d.B4BA98F8EE8492018AECC54D801AEAB6.e.12591/value - {"text":"342"}
COMMAND: GET /session/db7e74ddcaedfecfca9d83c19254142b/screenshot - {}
RESULT: {"text":"342"}
COMMAND: GET /session/db7e74ddcaedfecfca9d83c19254142b/screenshot - {}
RESULT: {}
RESULT: {}
COMMAND: POST /session/db7e74ddcaedfecfca9d83c19254142b/element - {"using":"xpath","value":"//li[.//span[text()='342']]"}
RESULT: {"using":"xpath","value":"//li[.//span[text()='342']]"}
COMMAND: POST /session/db7e74ddcaedfecfca9d83c19254142b/element/f.624D7720A2383BCF46C1895FE70984DD.d.B4BA98F8EE8492018AECC54D801AEAB6.e.12599/click - {}
RESULT: {}
COMMAND: GET /session/db7e74ddcaedfecfca9d83c19254142b/screenshot - {}
RESULT: {}
COMMAND: POST /session/db7e74ddcaedfecfca9d83c19254142b/actions - {"actions":[{"id":"action40","type":"key","parameters":{},"actions":[{"type":"keyDown","value":""},{"type":"pause","duration":10},{"type":"keyUp","value":""}]}]}
RESULT: {"actions":[{"id":"action40","type":"key","parameters":{},"actions":[{"type":"keyDown","value":""},{"type":"pause","duration":10},{"type":"keyUp","value":""}]}]}
COMMAND: POST /session/db7e74ddcaedfecfca9d83c19254142b/element - {"using":"xpath","value":"//td[contains(@id, \"assignmentsTable-0-cell2\")]/div/div"}
COMMAND: GET /session/db7e74ddcaedfecfca9d83c19254142b/screenshot - {}
RESULT: {"using":"xpath","value":"//td[contains(@id, \"assignmentsTable-0-cell2\")]/div/div"}
COMMAND: POST /session/db7e74ddcaedfecfca9d83c19254142b/element/f.624D7720A2383BCF46C1895FE70984DD.d.B4BA98F8EE8492018AECC54D801AEAB6.e.12602/click - {}
RESULT: {}
RESULT: {}
COMMAND: GET /session/db7e74ddcaedfecfca9d83c19254142b/screenshot - {}
RESULT: {}
COMMAND: POST /session/db7e74ddcaedfecfca9d83c19254142b/element - {"using":"xpath","value":"//button[@data-kt=\"saveButton\"]"}
RESULT: {"using":"xpath","value":"//button[@data-kt=\"saveButton\"]"}
COMMAND: POST /session/db7e74ddcaedfecfca9d83c19254142b/element/f.624D7720A2383BCF46C1895FE70984DD.d.B4BA98F8EE8492018AECC54D801AEAB6.e.12543/click - {}
RESULT: {}
COMMAND: GET /session/db7e74ddcaedfecfca9d83c19254142b/screenshot - {}
RESULT: {}
COMMAND: POST /session/db7e74ddcaedfecfca9d83c19254142b/element - {"using":"xpath","value":"//header[contains(@id, 'ObjectPageLayout-headerTitle')]/div[1]/div[2]/div[2]/span[1]"}
RESULT: {"using":"xpath","value":"//header[contains(@id, 'ObjectPageLayout-headerTitle')]/div[1]/div[2]/div[2]/span[1]"}
COMMAND: POST /session/db7e74ddcaedfecfca9d83c19254142b/elements - {"using":"xpath","value":"//header[contains(@id, 'ObjectPageLayout-headerTitle')]/div[1]/div[2]/div[2]/span[1]"}
RESULT: {"using":"xpath","value":"//header[contains(@id, 'ObjectPageLayout-headerTitle')]/div[1]/div[2]/div[2]/span[1]"}
COMMAND: POST /session/db7e74ddcaedfecfca9d83c19254142b/execute/sync - {"script":"<script> [56 bytes]","args":[{"element-6066-11e4-a52e-4f735466cecf":"f.624D7720A2383BCF46C1895FE70984DD.d.B4BA98F8EE8492018AECC54D801AEAB6.e.12763","ELEMENT":"f.624D7720A2383BCF46C1895FE70984DD.d.B4BA98F8EE8492018AECC54D801AEAB6.e.12763"}]}
RESULT: {"script":"<script> [56 bytes]","args":[{"element-6066-11e4-a52e-4f735466cecf":"f.624D7720A2383BCF46C1895FE70984DD.d.B4BA98F8EE8492018AECC54D801AEAB6.e.12763","ELEMENT":"f.624D7720A2383BCF46C1895FE70984DD.d.B4BA98F8EE8492018AECC54D801AEAB6.e.12763"}]}
COMMAND: POST /session/db7e74ddcaedfecfca9d83c19254142b/element - {"using":"css selector","value":"#shell-header-logo"}
COMMAND: GET /session/db7e74ddcaedfecfca9d83c19254142b/screenshot - {}
RESULT: {"using":"css selector","value":"#shell-header-logo"}
COMMAND: POST /session/db7e74ddcaedfecfca9d83c19254142b/element/f.624D7720A2383BCF46C1895FE70984DD.d.B4BA98F8EE8492018AECC54D801AEAB6.e.12082/click - {}
RESULT: {}
RESULT: {}
COMMAND: GET /session/db7e74ddcaedfecfca9d83c19254142b/screenshot - {}
RESULT: {}
COMMAND: POST /session/db7e74ddcaedfecfca9d83c19254142b/execute/sync - {"script":"<script> [299 bytes]","args":[["getModel","getResource"]]}
RESULT: {"script":"<script> [299 bytes]","args":[["getModel","getResource"]]}
]]></system-out>
    </testcase>
    <testcase classname="chrome.136_0_7103_93.windows.Provide_to_Site_w/o_warehouse_management_w/_clarification_US116605" name="Should create a new site" time="115.549">
      <system-out><![CDATA[
COMMAND: POST /session/db7e74ddcaedfecfca9d83c19254142b/execute/async - {"script":"<script> [1562 bytes]","args":[{"selector":{"controlType":"sap.m.GenericTile","properties":{"header":"Manage Sites"}},"wdio_ui5_key":"sapm.GenericTile{\"header\":\"Manage Sites\"}"}]}
COMMAND: GET /session/db7e74ddcaedfecfca9d83c19254142b/screenshot - {}
RESULT: {"script":"<script> [1562 bytes]","args":[{"selector":{"controlType":"sap.m.GenericTile","properties":{"header":"Manage Sites"}},"wdio_ui5_key":"sapm.GenericTile{\"header\":\"Manage Sites\"}"}]}
RESULT: undefined
COMMAND: POST /session/db7e74ddcaedfecfca9d83c19254142b/element - {"using":"xpath","value":"//*[@id=\"__tile32\"]"}
RESULT: {}
RESULT: {"using":"xpath","value":"//*[@id=\"__tile32\"]"}
COMMAND: POST /session/db7e74ddcaedfecfca9d83c19254142b/element/f.624D7720A2383BCF46C1895FE70984DD.d.B4BA98F8EE8492018AECC54D801AEAB6.e.11275/click - {}
RESULT: {}
COMMAND: GET /session/db7e74ddcaedfecfca9d83c19254142b/screenshot - {}
RESULT: {}
COMMAND: POST /session/db7e74ddcaedfecfca9d83c19254142b/elements - {"using":"xpath","value":"//span[text()='Error']"}
RESULT: {"using":"xpath","value":"//span[text()='Error']"}
COMMAND: POST /session/db7e74ddcaedfecfca9d83c19254142b/element - {"using":"xpath","value":"//button[@data-kt=\"addOverflowToolbarButton\"]"}
RESULT: {"using":"xpath","value":"//button[@data-kt=\"addOverflowToolbarButton\"]"}
COMMAND: POST /session/db7e74ddcaedfecfca9d83c19254142b/elements - {"using":"xpath","value":"//button[@data-kt=\"addOverflowToolbarButton\"]"}
RESULT: {"using":"xpath","value":"//button[@data-kt=\"addOverflowToolbarButton\"]"}
COMMAND: POST /session/db7e74ddcaedfecfca9d83c19254142b/execute/sync - {"script":"<script> [8489 bytes]","args":[{"element-6066-11e4-a52e-4f735466cecf":"f.624D7720A2383BCF46C1895FE70984DD.d.B4BA98F8EE8492018AECC54D801AEAB6.e.12810","ELEMENT":"f.624D7720A2383BCF46C1895FE70984DD.d.B4BA98F8EE8492018AECC54D801AEAB6.e.12810"}]}
RESULT: {"script":"<script> [8489 bytes]","args":[{"element-6066-11e4-a52e-4f735466cecf":"f.624D7720A2383BCF46C1895FE70984DD.d.B4BA98F8EE8492018AECC54D801AEAB6.e.12810","ELEMENT":"f.624D7720A2383BCF46C1895FE70984DD.d.B4BA98F8EE8492018AECC54D801AEAB6.e.12810"}]}
COMMAND: GET /session/db7e74ddcaedfecfca9d83c19254142b/element/f.624D7720A2383BCF46C1895FE70984DD.d.B4BA98F8EE8492018AECC54D801AEAB6.e.12810/enabled - {}
COMMAND: GET /session/db7e74ddcaedfecfca9d83c19254142b/screenshot - {}
RESULT: {}
COMMAND: POST /session/db7e74ddcaedfecfca9d83c19254142b/execute/sync - {"script":"<script> [8489 bytes]","args":[{"element-6066-11e4-a52e-4f735466cecf":"f.624D7720A2383BCF46C1895FE70984DD.d.B4BA98F8EE8492018AECC54D801AEAB6.e.12810","ELEMENT":"f.624D7720A2383BCF46C1895FE70984DD.d.B4BA98F8EE8492018AECC54D801AEAB6.e.12810"}]}
COMMAND: GET /session/db7e74ddcaedfecfca9d83c19254142b/screenshot - {}
RESULT: {}
RESULT: {"script":"<script> [8489 bytes]","args":[{"element-6066-11e4-a52e-4f735466cecf":"f.624D7720A2383BCF46C1895FE70984DD.d.B4BA98F8EE8492018AECC54D801AEAB6.e.12810","ELEMENT":"f.624D7720A2383BCF46C1895FE70984DD.d.B4BA98F8EE8492018AECC54D801AEAB6.e.12810"}]}
COMMAND: POST /session/db7e74ddcaedfecfca9d83c19254142b/execute/sync - {"script":"<script> [5351 bytes]","args":[{"element-6066-11e4-a52e-4f735466cecf":"f.624D7720A2383BCF46C1895FE70984DD.d.B4BA98F8EE8492018AECC54D801AEAB6.e.12810","ELEMENT":"f.624D7720A2383BCF46C1895FE70984DD.d.B4BA98F8EE8492018AECC54D801AEAB6.e.12810"}]}
COMMAND: GET /session/db7e74ddcaedfecfca9d83c19254142b/screenshot - {}
RESULT: {}
RESULT: {"script":"<script> [5351 bytes]","args":[{"element-6066-11e4-a52e-4f735466cecf":"f.624D7720A2383BCF46C1895FE70984DD.d.B4BA98F8EE8492018AECC54D801AEAB6.e.12810","ELEMENT":"f.624D7720A2383BCF46C1895FE70984DD.d.B4BA98F8EE8492018AECC54D801AEAB6.e.12810"}]}
COMMAND: POST /session/db7e74ddcaedfecfca9d83c19254142b/element/f.624D7720A2383BCF46C1895FE70984DD.d.B4BA98F8EE8492018AECC54D801AEAB6.e.12810/click - {}
COMMAND: GET /session/db7e74ddcaedfecfca9d83c19254142b/screenshot - {}
RESULT: {}
RESULT: {}
COMMAND: GET /session/db7e74ddcaedfecfca9d83c19254142b/screenshot - {}
COMMAND: POST /session/db7e74ddcaedfecfca9d83c19254142b/element - {"using":"xpath","value":"//input[@id=\"application-managesites-display-component---NewSite--siteId-inner\"]"}
RESULT: {}
RESULT: {}
RESULT: {"using":"xpath","value":"//input[@id=\"application-managesites-display-component---NewSite--siteId-inner\"]"}
COMMAND: POST /session/db7e74ddcaedfecfca9d83c19254142b/element - {"using":"xpath","value":"//input[@id=\"application-managesites-display-component---NewSite--siteId-inner\"]"}
RESULT: {"using":"xpath","value":"//input[@id=\"application-managesites-display-component---NewSite--siteId-inner\"]"}
COMMAND: POST /session/db7e74ddcaedfecfca9d83c19254142b/execute/async - {"script":"<script> [1562 bytes]","args":[{"selector":{"id":"application-managesites-display-component---NewSite--addressDetailDetailsName1","interaction":{"idSuffix":"inner"}},"wdio_ui5_key":"applicationmanagesites-display-component---NewSite--addressDetailDetailsName1"}]}
RESULT: {"script":"<script> [1562 bytes]","args":[{"selector":{"id":"application-managesites-display-component---NewSite--addressDetailDetailsName1","interaction":{"idSuffix":"inner"}},"wdio_ui5_key":"applicationmanagesites-display-component---NewSite--addressDetailDetailsName1"}]}
RESULT: undefined
COMMAND: POST /session/db7e74ddcaedfecfca9d83c19254142b/execute/async - {"script":"<script> [776 bytes]","args":[{"enterText":"Other Type Site WDIO","selector":{"id":"application-managesites-display-component---NewSite--addressDetailDetailsName1","interaction":{"idSuffix":"inner"}},"clearTextFirst":true,"interactionType":"ENTER_TEXT"}]}
RESULT: {"script":"<script> [776 bytes]","args":[{"enterText":"Other Type Site WDIO","selector":{"id":"application-managesites-display-component---NewSite--addressDetailDetailsName1","interaction":{"idSuffix":"inner"}},"clearTextFirst":true,"interactionType":"ENTER_TEXT"}]}
COMMAND: POST /session/db7e74ddcaedfecfca9d83c19254142b/execute/async - {"script":"<script> [1562 bytes]","args":[{"selector":{"id":"application-managesites-display-component---NewSite--addressDetailDetailsLanguage-arrow"},"wdio_ui5_key":"applicationmanagesites-display-component---NewSite--addressDetailDetailsLanguage-arrow"}]}
RESULT: {"script":"<script> [1562 bytes]","args":[{"selector":{"id":"application-managesites-display-component---NewSite--addressDetailDetailsLanguage-arrow"},"wdio_ui5_key":"applicationmanagesites-display-component---NewSite--addressDetailDetailsLanguage-arrow"}]}
RESULT: undefined
COMMAND: POST /session/db7e74ddcaedfecfca9d83c19254142b/element - {"using":"xpath","value":"//*[@id=\"application-managesites-display-component---NewSite--addressDetailDetailsLanguage-arrow\"]"}
RESULT: {"using":"xpath","value":"//*[@id=\"application-managesites-display-component---NewSite--addressDetailDetailsLanguage-arrow\"]"}
COMMAND: POST /session/db7e74ddcaedfecfca9d83c19254142b/element/f.624D7720A2383BCF46C1895FE70984DD.d.B4BA98F8EE8492018AECC54D801AEAB6.e.13221/click - {}
RESULT: {}
COMMAND: POST /session/db7e74ddcaedfecfca9d83c19254142b/element - {"using":"xpath","value":"//span[contains(text(), \"English\")]"}
COMMAND: GET /session/db7e74ddcaedfecfca9d83c19254142b/screenshot - {}
RESULT: {"using":"xpath","value":"//span[contains(text(), \"English\")]"}
COMMAND: POST /session/db7e74ddcaedfecfca9d83c19254142b/element/f.624D7720A2383BCF46C1895FE70984DD.d.B4BA98F8EE8492018AECC54D801AEAB6.e.13222/click - {}
RESULT: {}
RESULT: {}
COMMAND: POST /session/db7e74ddcaedfecfca9d83c19254142b/execute/async - {"script":"<script> [1562 bytes]","args":[{"selector":{"id":"application-managesites-display-component---NewSite--addressDetailDetailsCity1","interaction":{"idSuffix":"inner"}},"wdio_ui5_key":"applicationmanagesites-display-component---NewSite--addressDetailDetailsCity1"}]}
COMMAND: GET /session/db7e74ddcaedfecfca9d83c19254142b/screenshot - {}
RESULT: {"script":"<script> [1562 bytes]","args":[{"selector":{"id":"application-managesites-display-component---NewSite--addressDetailDetailsCity1","interaction":{"idSuffix":"inner"}},"wdio_ui5_key":"applicationmanagesites-display-component---NewSite--addressDetailDetailsCity1"}]}
RESULT: undefined
COMMAND: POST /session/db7e74ddcaedfecfca9d83c19254142b/execute/async - {"script":"<script> [776 bytes]","args":[{"enterText":"Rosario","selector":{"id":"application-managesites-display-component---NewSite--addressDetailDetailsCity1","interaction":{"idSuffix":"inner"}},"clearTextFirst":true,"interactionType":"ENTER_TEXT"}]}
RESULT: {}
RESULT: {"script":"<script> [776 bytes]","args":[{"enterText":"Rosario","selector":{"id":"application-managesites-display-component---NewSite--addressDetailDetailsCity1","interaction":{"idSuffix":"inner"}},"clearTextFirst":true,"interactionType":"ENTER_TEXT"}]}
COMMAND: POST /session/db7e74ddcaedfecfca9d83c19254142b/execute/async - {"script":"<script> [1562 bytes]","args":[{"selector":{"id":"application-managesites-display-component---NewSite--addressDetailDetailsCountry-arrow"},"wdio_ui5_key":"applicationmanagesites-display-component---NewSite--addressDetailDetailsCountry-arrow"}]}
RESULT: {"script":"<script> [1562 bytes]","args":[{"selector":{"id":"application-managesites-display-component---NewSite--addressDetailDetailsCountry-arrow"},"wdio_ui5_key":"applicationmanagesites-display-component---NewSite--addressDetailDetailsCountry-arrow"}]}
RESULT: undefined
COMMAND: POST /session/db7e74ddcaedfecfca9d83c19254142b/element - {"using":"xpath","value":"//*[@id=\"application-managesites-display-component---NewSite--addressDetailDetailsCountry-arrow\"]"}
RESULT: {"using":"xpath","value":"//*[@id=\"application-managesites-display-component---NewSite--addressDetailDetailsCountry-arrow\"]"}
COMMAND: POST /session/db7e74ddcaedfecfca9d83c19254142b/element/f.624D7720A2383BCF46C1895FE70984DD.d.B4BA98F8EE8492018AECC54D801AEAB6.e.13224/click - {}
RESULT: {}
COMMAND: POST /session/db7e74ddcaedfecfca9d83c19254142b/element - {"using":"xpath","value":"//span[contains(text(), \"Argentina\")]"}
COMMAND: GET /session/db7e74ddcaedfecfca9d83c19254142b/screenshot - {}
RESULT: {"using":"xpath","value":"//span[contains(text(), \"Argentina\")]"}
COMMAND: POST /session/db7e74ddcaedfecfca9d83c19254142b/element/f.624D7720A2383BCF46C1895FE70984DD.d.B4BA98F8EE8492018AECC54D801AEAB6.e.13225/click - {}
RESULT: {}
RESULT: {}
COMMAND: GET /session/db7e74ddcaedfecfca9d83c19254142b/screenshot - {}
RESULT: {}
COMMAND: POST /session/db7e74ddcaedfecfca9d83c19254142b/execute/async - {"script":"<script> [1562 bytes]","args":[{"selector":{"id":"application-managesites-display-component---NewSite--addressEditDetailsCostObjectCstType-arrow"},"wdio_ui5_key":"applicationmanagesites-display-component---NewSite--addressEditDetailsCostObjectCstType-arrow"}]}
RESULT: {"script":"<script> [1562 bytes]","args":[{"selector":{"id":"application-managesites-display-component---NewSite--addressEditDetailsCostObjectCstType-arrow"},"wdio_ui5_key":"applicationmanagesites-display-component---NewSite--addressEditDetailsCostObjectCstType-arrow"}]}
RESULT: undefined
COMMAND: POST /session/db7e74ddcaedfecfca9d83c19254142b/element - {"using":"xpath","value":"//*[@id=\"application-managesites-display-component---NewSite--addressEditDetailsCostObjectCstType-arrow\"]"}
RESULT: {"using":"xpath","value":"//*[@id=\"application-managesites-display-component---NewSite--addressEditDetailsCostObjectCstType-arrow\"]"}
COMMAND: POST /session/db7e74ddcaedfecfca9d83c19254142b/element/f.624D7720A2383BCF46C1895FE70984DD.d.B4BA98F8EE8492018AECC54D801AEAB6.e.13227/click - {}
RESULT: {}
COMMAND: POST /session/db7e74ddcaedfecfca9d83c19254142b/element - {"using":"xpath","value":"//span[contains(text(), \"Cost Center\")]"}
COMMAND: GET /session/db7e74ddcaedfecfca9d83c19254142b/screenshot - {}
RESULT: {"using":"xpath","value":"//span[contains(text(), \"Cost Center\")]"}
COMMAND: POST /session/db7e74ddcaedfecfca9d83c19254142b/element/f.624D7720A2383BCF46C1895FE70984DD.d.B4BA98F8EE8492018AECC54D801AEAB6.e.13229/click - {}
RESULT: {}
RESULT: {}
COMMAND: GET /session/db7e74ddcaedfecfca9d83c19254142b/screenshot - {}
RESULT: {}
COMMAND: POST /session/db7e74ddcaedfecfca9d83c19254142b/element - {"using":"xpath","value":"//span[@id=\"application-managesites-display-component---NewSite--addressNewCostObjectCstID-vhi\"]"}
RESULT: {"using":"xpath","value":"//span[@id=\"application-managesites-display-component---NewSite--addressNewCostObjectCstID-vhi\"]"}
COMMAND: POST /session/db7e74ddcaedfecfca9d83c19254142b/execute/sync - {"script":"<script> [8489 bytes]","args":[{"element-6066-11e4-a52e-4f735466cecf":"f.624D7720A2383BCF46C1895FE70984DD.d.B4BA98F8EE8492018AECC54D801AEAB6.e.13233","ELEMENT":"f.624D7720A2383BCF46C1895FE70984DD.d.B4BA98F8EE8492018AECC54D801AEAB6.e.13233"}]}
RESULT: {"script":"<script> [8489 bytes]","args":[{"element-6066-11e4-a52e-4f735466cecf":"f.624D7720A2383BCF46C1895FE70984DD.d.B4BA98F8EE8492018AECC54D801AEAB6.e.13233","ELEMENT":"f.624D7720A2383BCF46C1895FE70984DD.d.B4BA98F8EE8492018AECC54D801AEAB6.e.13233"}]}
COMMAND: POST /session/db7e74ddcaedfecfca9d83c19254142b/execute/async - {"script":"<script> [1562 bytes]","args":[{"selector":{"id":"application-managesites-display-component---NewSite--addressNewCostObjectCstID-vhi"},"wdio_ui5_key":"applicationmanagesites-display-component---NewSite--addressNewCostObjectCstID-vhi"}]}
COMMAND: GET /session/db7e74ddcaedfecfca9d83c19254142b/screenshot - {}
RESULT: {"script":"<script> [1562 bytes]","args":[{"selector":{"id":"application-managesites-display-component---NewSite--addressNewCostObjectCstID-vhi"},"wdio_ui5_key":"applicationmanagesites-display-component---NewSite--addressNewCostObjectCstID-vhi"}]}
RESULT: undefined
COMMAND: POST /session/db7e74ddcaedfecfca9d83c19254142b/element - {"using":"xpath","value":"//*[@id=\"application-managesites-display-component---NewSite--addressNewCostObjectCstID-vhi\"]"}
RESULT: {}
RESULT: {"using":"xpath","value":"//*[@id=\"application-managesites-display-component---NewSite--addressNewCostObjectCstID-vhi\"]"}
COMMAND: POST /session/db7e74ddcaedfecfca9d83c19254142b/element/f.624D7720A2383BCF46C1895FE70984DD.d.B4BA98F8EE8492018AECC54D801AEAB6.e.13233/click - {}
RESULT: {}
COMMAND: GET /session/db7e74ddcaedfecfca9d83c19254142b/screenshot - {}
RESULT: {}
RESULT: undefined
COMMAND: POST /session/db7e74ddcaedfecfca9d83c19254142b/execute/async - {"script":"<script> [776 bytes]","args":[{"enterText":"10001013","selector":{"controlType":"sap.m.SearchField","properties":{"placeholder":"Search"},"searchOpenDialogs":true,"interaction":{"idSuffix":"I"}},"clearTextFirst":true,"interactionType":"ENTER_TEXT"}]}
RESULT: {"script":"<script> [776 bytes]","args":[{"enterText":"10001013","selector":{"controlType":"sap.m.SearchField","properties":{"placeholder":"Search"},"searchOpenDialogs":true,"interaction":{"idSuffix":"I"}},"clearTextFirst":true,"interactionType":"ENTER_TEXT"}]}
COMMAND: POST /session/db7e74ddcaedfecfca9d83c19254142b/actions - {"actions":[{"id":"action41","type":"key","parameters":{},"actions":[{"type":"keyDown","value":""},{"type":"pause","duration":10},{"type":"keyUp","value":""}]}]}
RESULT: {"actions":[{"id":"action41","type":"key","parameters":{},"actions":[{"type":"keyDown","value":""},{"type":"pause","duration":10},{"type":"keyUp","value":""}]}]}
COMMAND: GET /session/db7e74ddcaedfecfca9d83c19254142b/screenshot - {}
RESULT: {}
COMMAND: POST /session/db7e74ddcaedfecfca9d83c19254142b/element - {"using":"xpath","value":"//span[contains(text(), \"General Management\")]"}
RESULT: {"using":"xpath","value":"//span[contains(text(), \"General Management\")]"}
COMMAND: POST /session/db7e74ddcaedfecfca9d83c19254142b/element/f.624D7720A2383BCF46C1895FE70984DD.d.B4BA98F8EE8492018AECC54D801AEAB6.e.13272/click - {}
RESULT: {}
COMMAND: GET /session/db7e74ddcaedfecfca9d83c19254142b/screenshot - {}
RESULT: {}
COMMAND: POST /session/db7e74ddcaedfecfca9d83c19254142b/element - {"using":"xpath","value":"//bdi[contains(text(), \"OK\")]"}
RESULT: {"using":"xpath","value":"//bdi[contains(text(), \"OK\")]"}
COMMAND: POST /session/db7e74ddcaedfecfca9d83c19254142b/element/f.624D7720A2383BCF46C1895FE70984DD.d.B4BA98F8EE8492018AECC54D801AEAB6.e.13273/click - {}
RESULT: {}
COMMAND: GET /session/db7e74ddcaedfecfca9d83c19254142b/screenshot - {}
RESULT: {}
COMMAND: POST /session/db7e74ddcaedfecfca9d83c19254142b/element - {"using":"xpath","value":"//input[@id=\"application-managesites-display-component---NewSite--addressDetailDetailsCalendar-inner\"]"}
RESULT: {"using":"xpath","value":"//input[@id=\"application-managesites-display-component---NewSite--addressDetailDetailsCalendar-inner\"]"}
COMMAND: POST /session/db7e74ddcaedfecfca9d83c19254142b/element/f.624D7720A2383BCF46C1895FE70984DD.d.B4BA98F8EE8492018AECC54D801AEAB6.e.13077/clear - {}
RESULT: {}
COMMAND: POST /session/db7e74ddcaedfecfca9d83c19254142b/element/f.624D7720A2383BCF46C1895FE70984DD.d.B4BA98F8EE8492018AECC54D801AEAB6.e.13077/value - {"text":"Unit"}
COMMAND: GET /session/db7e74ddcaedfecfca9d83c19254142b/screenshot - {}
RESULT: {"text":"Unit"}
COMMAND: GET /session/db7e74ddcaedfecfca9d83c19254142b/screenshot - {}
RESULT: {}
RESULT: {}
COMMAND: POST /session/db7e74ddcaedfecfca9d83c19254142b/actions - {"actions":[{"id":"action42","type":"key","parameters":{},"actions":[{"type":"keyDown","value":""},{"type":"pause","duration":10},{"type":"keyUp","value":""}]}]}
RESULT: {"actions":[{"id":"action42","type":"key","parameters":{},"actions":[{"type":"keyDown","value":""},{"type":"pause","duration":10},{"type":"keyUp","value":""}]}]}
COMMAND: POST /session/db7e74ddcaedfecfca9d83c19254142b/element - {"using":"xpath","value":"//input[@id=\"application-managesites-display-component---NewSite--addressDetailDetailsYard-inner\"]"}
COMMAND: GET /session/db7e74ddcaedfecfca9d83c19254142b/screenshot - {}
RESULT: {"using":"xpath","value":"//input[@id=\"application-managesites-display-component---NewSite--addressDetailDetailsYard-inner\"]"}
COMMAND: POST /session/db7e74ddcaedfecfca9d83c19254142b/element/f.624D7720A2383BCF46C1895FE70984DD.d.B4BA98F8EE8492018AECC54D801AEAB6.e.13078/clear - {}
RESULT: {}
RESULT: {}
COMMAND: POST /session/db7e74ddcaedfecfca9d83c19254142b/element/f.624D7720A2383BCF46C1895FE70984DD.d.B4BA98F8EE8492018AECC54D801AEAB6.e.13078/value - {"text":"342"}
COMMAND: GET /session/db7e74ddcaedfecfca9d83c19254142b/screenshot - {}
RESULT: {"text":"342"}
COMMAND: GET /session/db7e74ddcaedfecfca9d83c19254142b/screenshot - {}
RESULT: {}
RESULT: {}
COMMAND: POST /session/db7e74ddcaedfecfca9d83c19254142b/element - {"using":"xpath","value":"//li[.//span[text()='342']]"}
RESULT: {"using":"xpath","value":"//li[.//span[text()='342']]"}
COMMAND: POST /session/db7e74ddcaedfecfca9d83c19254142b/element/f.624D7720A2383BCF46C1895FE70984DD.d.B4BA98F8EE8492018AECC54D801AEAB6.e.13281/click - {}
RESULT: {}
COMMAND: GET /session/db7e74ddcaedfecfca9d83c19254142b/screenshot - {}
RESULT: {}
COMMAND: POST /session/db7e74ddcaedfecfca9d83c19254142b/element - {"using":"xpath","value":"//input[@id=\"application-managesites-display-component---NewSite--addressDetailDetailsPartner-inner\"]"}
RESULT: {"using":"xpath","value":"//input[@id=\"application-managesites-display-component---NewSite--addressDetailDetailsPartner-inner\"]"}
COMMAND: POST /session/db7e74ddcaedfecfca9d83c19254142b/element - {"using":"xpath","value":"//input[@id=\"application-managesites-display-component---NewSite--addressDetailDetailsPartner-inner\"]"}
RESULT: {"using":"xpath","value":"//input[@id=\"application-managesites-display-component---NewSite--addressDetailDetailsPartner-inner\"]"}
COMMAND: POST /session/db7e74ddcaedfecfca9d83c19254142b/element - {"using":"xpath","value":"//button[@data-kt=\"saveButton\"]"}
RESULT: {"using":"xpath","value":"//button[@data-kt=\"saveButton\"]"}
COMMAND: POST /session/db7e74ddcaedfecfca9d83c19254142b/element/f.624D7720A2383BCF46C1895FE70984DD.d.B4BA98F8EE8492018AECC54D801AEAB6.e.13206/click - {}
RESULT: {}
COMMAND: GET /session/db7e74ddcaedfecfca9d83c19254142b/screenshot - {}
RESULT: {}
COMMAND: POST /session/db7e74ddcaedfecfca9d83c19254142b/element - {"using":"xpath","value":"//header[contains(@id, 'ObjectPageLayout-headerTitle')]/div[1]/div[2]/div[2]/span[1]"}
RESULT: {"using":"xpath","value":"//header[contains(@id, 'ObjectPageLayout-headerTitle')]/div[1]/div[2]/div[2]/span[1]"}
COMMAND: POST /session/db7e74ddcaedfecfca9d83c19254142b/elements - {"using":"xpath","value":"//header[contains(@id, 'ObjectPageLayout-headerTitle')]/div[1]/div[2]/div[2]/span[1]"}
RESULT: {"using":"xpath","value":"//header[contains(@id, 'ObjectPageLayout-headerTitle')]/div[1]/div[2]/div[2]/span[1]"}
COMMAND: POST /session/db7e74ddcaedfecfca9d83c19254142b/execute/sync - {"script":"<script> [56 bytes]","args":[{"element-6066-11e4-a52e-4f735466cecf":"f.624D7720A2383BCF46C1895FE70984DD.d.B4BA98F8EE8492018AECC54D801AEAB6.e.13487","ELEMENT":"f.624D7720A2383BCF46C1895FE70984DD.d.B4BA98F8EE8492018AECC54D801AEAB6.e.13487"}]}
RESULT: {"script":"<script> [56 bytes]","args":[{"element-6066-11e4-a52e-4f735466cecf":"f.624D7720A2383BCF46C1895FE70984DD.d.B4BA98F8EE8492018AECC54D801AEAB6.e.13487","ELEMENT":"f.624D7720A2383BCF46C1895FE70984DD.d.B4BA98F8EE8492018AECC54D801AEAB6.e.13487"}]}
COMMAND: POST /session/db7e74ddcaedfecfca9d83c19254142b/element - {"using":"css selector","value":"#shell-header-logo"}
COMMAND: GET /session/db7e74ddcaedfecfca9d83c19254142b/screenshot - {}
RESULT: {"using":"css selector","value":"#shell-header-logo"}
COMMAND: POST /session/db7e74ddcaedfecfca9d83c19254142b/element/f.624D7720A2383BCF46C1895FE70984DD.d.B4BA98F8EE8492018AECC54D801AEAB6.e.12768/click - {}
RESULT: {}
RESULT: {}
COMMAND: GET /session/db7e74ddcaedfecfca9d83c19254142b/screenshot - {}
RESULT: {}
COMMAND: POST /session/db7e74ddcaedfecfca9d83c19254142b/execute/sync - {"script":"<script> [299 bytes]","args":[["getModel","getResource"]]}
RESULT: {"script":"<script> [299 bytes]","args":[["getModel","getResource"]]}
COMMAND: GET /session/db7e74ddcaedfecfca9d83c19254142b/screenshot - {}
]]></system-out>
    </testcase>
    <testcase classname="chrome.136_0_7103_93.windows.Provide_to_Site_w/o_warehouse_management_w/_clarification_US116605" name="Should create a new material" time="123.889">
      <system-out><![CDATA[
COMMAND: POST /session/db7e74ddcaedfecfca9d83c19254142b/execute/async - {"script":"<script> [1562 bytes]","args":[{"selector":{"controlType":"sap.m.GenericTile","properties":{"header":"Manage Resources"}},"wdio_ui5_key":"sapm.GenericTile{\"header\":\"Manage Resources\"}"}]}
RESULT: {}
RESULT: {"script":"<script> [1562 bytes]","args":[{"selector":{"controlType":"sap.m.GenericTile","properties":{"header":"Manage Resources"}},"wdio_ui5_key":"sapm.GenericTile{\"header\":\"Manage Resources\"}"}]}
RESULT: undefined
COMMAND: POST /session/db7e74ddcaedfecfca9d83c19254142b/element - {"using":"xpath","value":"//*[@id=\"__tile31\"]"}
RESULT: {"using":"xpath","value":"//*[@id=\"__tile31\"]"}
COMMAND: POST /session/db7e74ddcaedfecfca9d83c19254142b/element/f.624D7720A2383BCF46C1895FE70984DD.d.B4BA98F8EE8492018AECC54D801AEAB6.e.11272/click - {}
RESULT: {}
COMMAND: GET /session/db7e74ddcaedfecfca9d83c19254142b/screenshot - {}
RESULT: {}
COMMAND: POST /session/db7e74ddcaedfecfca9d83c19254142b/elements - {"using":"xpath","value":"//span[text()='Error']"}
RESULT: {"using":"xpath","value":"//span[text()='Error']"}
COMMAND: POST /session/db7e74ddcaedfecfca9d83c19254142b/element - {"using":"xpath","value":"//button[@data-kt=\"addNewRUOverflowToolbarButton\"]"}
RESULT: {"using":"xpath","value":"//button[@data-kt=\"addNewRUOverflowToolbarButton\"]"}
COMMAND: POST /session/db7e74ddcaedfecfca9d83c19254142b/elements - {"using":"xpath","value":"//button[@data-kt=\"addNewRUOverflowToolbarButton\"]"}
RESULT: {"using":"xpath","value":"//button[@data-kt=\"addNewRUOverflowToolbarButton\"]"}
COMMAND: POST /session/db7e74ddcaedfecfca9d83c19254142b/execute/sync - {"script":"<script> [8489 bytes]","args":[{"element-6066-11e4-a52e-4f735466cecf":"f.624D7720A2383BCF46C1895FE70984DD.d.B4BA98F8EE8492018AECC54D801AEAB6.e.13530","ELEMENT":"f.624D7720A2383BCF46C1895FE70984DD.d.B4BA98F8EE8492018AECC54D801AEAB6.e.13530"}]}
RESULT: {"script":"<script> [8489 bytes]","args":[{"element-6066-11e4-a52e-4f735466cecf":"f.624D7720A2383BCF46C1895FE70984DD.d.B4BA98F8EE8492018AECC54D801AEAB6.e.13530","ELEMENT":"f.624D7720A2383BCF46C1895FE70984DD.d.B4BA98F8EE8492018AECC54D801AEAB6.e.13530"}]}
COMMAND: GET /session/db7e74ddcaedfecfca9d83c19254142b/element/f.624D7720A2383BCF46C1895FE70984DD.d.B4BA98F8EE8492018AECC54D801AEAB6.e.13530/enabled - {}
COMMAND: GET /session/db7e74ddcaedfecfca9d83c19254142b/screenshot - {}
RESULT: {}
COMMAND: POST /session/db7e74ddcaedfecfca9d83c19254142b/execute/sync - {"script":"<script> [8489 bytes]","args":[{"element-6066-11e4-a52e-4f735466cecf":"f.624D7720A2383BCF46C1895FE70984DD.d.B4BA98F8EE8492018AECC54D801AEAB6.e.13530","ELEMENT":"f.624D7720A2383BCF46C1895FE70984DD.d.B4BA98F8EE8492018AECC54D801AEAB6.e.13530"}]}
COMMAND: GET /session/db7e74ddcaedfecfca9d83c19254142b/screenshot - {}
RESULT: {}
RESULT: {"script":"<script> [8489 bytes]","args":[{"element-6066-11e4-a52e-4f735466cecf":"f.624D7720A2383BCF46C1895FE70984DD.d.B4BA98F8EE8492018AECC54D801AEAB6.e.13530","ELEMENT":"f.624D7720A2383BCF46C1895FE70984DD.d.B4BA98F8EE8492018AECC54D801AEAB6.e.13530"}]}
COMMAND: POST /session/db7e74ddcaedfecfca9d83c19254142b/execute/sync - {"script":"<script> [5351 bytes]","args":[{"element-6066-11e4-a52e-4f735466cecf":"f.624D7720A2383BCF46C1895FE70984DD.d.B4BA98F8EE8492018AECC54D801AEAB6.e.13530","ELEMENT":"f.624D7720A2383BCF46C1895FE70984DD.d.B4BA98F8EE8492018AECC54D801AEAB6.e.13530"}]}
COMMAND: GET /session/db7e74ddcaedfecfca9d83c19254142b/screenshot - {}
RESULT: {}
RESULT: {"script":"<script> [5351 bytes]","args":[{"element-6066-11e4-a52e-4f735466cecf":"f.624D7720A2383BCF46C1895FE70984DD.d.B4BA98F8EE8492018AECC54D801AEAB6.e.13530","ELEMENT":"f.624D7720A2383BCF46C1895FE70984DD.d.B4BA98F8EE8492018AECC54D801AEAB6.e.13530"}]}
COMMAND: POST /session/db7e74ddcaedfecfca9d83c19254142b/element/f.624D7720A2383BCF46C1895FE70984DD.d.B4BA98F8EE8492018AECC54D801AEAB6.e.13530/click - {}
COMMAND: GET /session/db7e74ddcaedfecfca9d83c19254142b/screenshot - {}
RESULT: {}
RESULT: {}
COMMAND: GET /session/db7e74ddcaedfecfca9d83c19254142b/screenshot - {}
RESULT: {}
COMMAND: POST /session/db7e74ddcaedfecfca9d83c19254142b/execute/async - {"script":"<script> [1562 bytes]","args":[{"selector":{"id":"application-manageresources-display-component---newResourceUnit--TYPE-arrow"},"wdio_ui5_key":"applicationmanageresources-display-component---newResourceUnit--TYPE-arrow"}]}
RESULT: {}
RESULT: {"script":"<script> [1562 bytes]","args":[{"selector":{"id":"application-manageresources-display-component---newResourceUnit--TYPE-arrow"},"wdio_ui5_key":"applicationmanageresources-display-component---newResourceUnit--TYPE-arrow"}]}
RESULT: undefined
COMMAND: POST /session/db7e74ddcaedfecfca9d83c19254142b/element - {"using":"xpath","value":"//*[@id=\"application-manageresources-display-component---newResourceUnit--TYPE-arrow\"]"}
RESULT: {"using":"xpath","value":"//*[@id=\"application-manageresources-display-component---newResourceUnit--TYPE-arrow\"]"}
COMMAND: POST /session/db7e74ddcaedfecfca9d83c19254142b/element/f.624D7720A2383BCF46C1895FE70984DD.d.B4BA98F8EE8492018AECC54D801AEAB6.e.13876/click - {}
RESULT: {}
COMMAND: POST /session/db7e74ddcaedfecfca9d83c19254142b/element - {"using":"xpath","value":"//input[@id=\"application-manageresources-display-component---newResourceUnit--TYPE-inner\"]"}
COMMAND: GET /session/db7e74ddcaedfecfca9d83c19254142b/screenshot - {}
RESULT: {"using":"xpath","value":"//input[@id=\"application-manageresources-display-component---newResourceUnit--TYPE-inner\"]"}
COMMAND: POST /session/db7e74ddcaedfecfca9d83c19254142b/element/f.624D7720A2383BCF46C1895FE70984DD.d.B4BA98F8EE8492018AECC54D801AEAB6.e.13872/clear - {}
RESULT: {}
RESULT: {}
COMMAND: POST /session/db7e74ddcaedfecfca9d83c19254142b/element/f.624D7720A2383BCF46C1895FE70984DD.d.B4BA98F8EE8492018AECC54D801AEAB6.e.13872/value - {"text":"Material"}
COMMAND: GET /session/db7e74ddcaedfecfca9d83c19254142b/screenshot - {}
RESULT: {"text":"Material"}
COMMAND: GET /session/db7e74ddcaedfecfca9d83c19254142b/screenshot - {}
RESULT: {}
RESULT: {}
COMMAND: POST /session/db7e74ddcaedfecfca9d83c19254142b/actions - {"actions":[{"id":"action43","type":"key","parameters":{},"actions":[{"type":"keyDown","value":""},{"type":"pause","duration":10},{"type":"keyUp","value":""}]}]}
RESULT: {"actions":[{"id":"action43","type":"key","parameters":{},"actions":[{"type":"keyDown","value":""},{"type":"pause","duration":10},{"type":"keyUp","value":""}]}]}
COMMAND: POST /session/db7e74ddcaedfecfca9d83c19254142b/execute/async - {"script":"<script> [1562 bytes]","args":[{"selector":{"id":"application-manageresources-display-component---newResourceUnit--SHORT_TEXT","interaction":{"idSuffix":"inner"}},"wdio_ui5_key":"applicationmanageresources-display-component---newResourceUnit--SHORT_TEXT"}]}
COMMAND: GET /session/db7e74ddcaedfecfca9d83c19254142b/screenshot - {}
RESULT: {"script":"<script> [1562 bytes]","args":[{"selector":{"id":"application-manageresources-display-component---newResourceUnit--SHORT_TEXT","interaction":{"idSuffix":"inner"}},"wdio_ui5_key":"applicationmanageresources-display-component---newResourceUnit--SHORT_TEXT"}]}
RESULT: undefined
COMMAND: POST /session/db7e74ddcaedfecfca9d83c19254142b/execute/async - {"script":"<script> [776 bytes]","args":[{"enterText":"Cement WDIO","selector":{"id":"application-manageresources-display-component---newResourceUnit--SHORT_TEXT","interaction":{"idSuffix":"inner"}},"clearTextFirst":true,"interactionType":"ENTER_TEXT"}]}
RESULT: {}
RESULT: {"script":"<script> [776 bytes]","args":[{"enterText":"Cement WDIO","selector":{"id":"application-manageresources-display-component---newResourceUnit--SHORT_TEXT","interaction":{"idSuffix":"inner"}},"clearTextFirst":true,"interactionType":"ENTER_TEXT"}]}
COMMAND: POST /session/db7e74ddcaedfecfca9d83c19254142b/execute/async - {"script":"<script> [1562 bytes]","args":[{"selector":{"id":"application-manageresources-display-component---newResourceUnit--BASE_UNIT_OF_MEASURE","interaction":{"idSuffix":"inner"}},"wdio_ui5_key":"applicationmanageresources-display-component---newResourceUnit--BASE_UNIT_OF_MEASURE"}]}
RESULT: {"script":"<script> [1562 bytes]","args":[{"selector":{"id":"application-manageresources-display-component---newResourceUnit--BASE_UNIT_OF_MEASURE","interaction":{"idSuffix":"inner"}},"wdio_ui5_key":"applicationmanageresources-display-component---newResourceUnit--BASE_UNIT_OF_MEASURE"}]}
RESULT: undefined
COMMAND: POST /session/db7e74ddcaedfecfca9d83c19254142b/execute/async - {"script":"<script> [776 bytes]","args":[{"enterText":"Piece","selector":{"id":"application-manageresources-display-component---newResourceUnit--BASE_UNIT_OF_MEASURE","interaction":{"idSuffix":"inner"}},"clearTextFirst":true,"interactionType":"ENTER_TEXT"}]}
RESULT: {"script":"<script> [776 bytes]","args":[{"enterText":"Piece","selector":{"id":"application-manageresources-display-component---newResourceUnit--BASE_UNIT_OF_MEASURE","interaction":{"idSuffix":"inner"}},"clearTextFirst":true,"interactionType":"ENTER_TEXT"}]}
COMMAND: POST /session/db7e74ddcaedfecfca9d83c19254142b/execute/async - {"script":"<script> [1562 bytes]","args":[{"selector":{"id":"application-manageresources-display-component---newResourceUnit--WEIGHT_UNIT","interaction":{"idSuffix":"inner"}},"wdio_ui5_key":"applicationmanageresources-display-component---newResourceUnit--WEIGHT_UNIT"}]}
RESULT: {"script":"<script> [1562 bytes]","args":[{"selector":{"id":"application-manageresources-display-component---newResourceUnit--WEIGHT_UNIT","interaction":{"idSuffix":"inner"}},"wdio_ui5_key":"applicationmanageresources-display-component---newResourceUnit--WEIGHT_UNIT"}]}
RESULT: undefined
COMMAND: POST /session/db7e74ddcaedfecfca9d83c19254142b/execute/async - {"script":"<script> [776 bytes]","args":[{"enterText":"Gram","selector":{"id":"application-manageresources-display-component---newResourceUnit--WEIGHT_UNIT","interaction":{"idSuffix":"inner"}},"clearTextFirst":true,"interactionType":"ENTER_TEXT"}]}
RESULT: {"script":"<script> [776 bytes]","args":[{"enterText":"Gram","selector":{"id":"application-manageresources-display-component---newResourceUnit--WEIGHT_UNIT","interaction":{"idSuffix":"inner"}},"clearTextFirst":true,"interactionType":"ENTER_TEXT"}]}
COMMAND: POST /session/db7e74ddcaedfecfca9d83c19254142b/execute/async - {"script":"<script> [1562 bytes]","args":[{"selector":{"id":"application-manageresources-display-component---newResourceUnit--DIMENSION_UNIT","interaction":{"idSuffix":"inner"}},"wdio_ui5_key":"applicationmanageresources-display-component---newResourceUnit--DIMENSION_UNIT"}]}
RESULT: {"script":"<script> [1562 bytes]","args":[{"selector":{"id":"application-manageresources-display-component---newResourceUnit--DIMENSION_UNIT","interaction":{"idSuffix":"inner"}},"wdio_ui5_key":"applicationmanageresources-display-component---newResourceUnit--DIMENSION_UNIT"}]}
RESULT: undefined
COMMAND: POST /session/db7e74ddcaedfecfca9d83c19254142b/execute/async - {"script":"<script> [776 bytes]","args":[{"enterText":"Meter","selector":{"id":"application-manageresources-display-component---newResourceUnit--DIMENSION_UNIT","interaction":{"idSuffix":"inner"}},"clearTextFirst":true,"interactionType":"ENTER_TEXT"}]}
RESULT: {"script":"<script> [776 bytes]","args":[{"enterText":"Meter","selector":{"id":"application-manageresources-display-component---newResourceUnit--DIMENSION_UNIT","interaction":{"idSuffix":"inner"}},"clearTextFirst":true,"interactionType":"ENTER_TEXT"}]}
COMMAND: POST /session/db7e74ddcaedfecfca9d83c19254142b/execute/async - {"script":"<script> [1562 bytes]","args":[{"selector":{"id":"application-manageresources-display-component---newResourceUnit--newRRUPage-anchBar-application-manageresources-display-component---newResourceUnit--control-anchor","interaction":{"idSuffix":"BDI-content"}},"wdio_ui5_key":"applicationmanageresources-display-component---newResourceUnit--newRRUPage-anchBar-application-manageresources-display-component---newResourceUnit--control-anchor"}]}
RESULT: {"script":"<script> [1562 bytes]","args":[{"selector":{"id":"application-manageresources-display-component---newResourceUnit--newRRUPage-anchBar-application-manageresources-display-component---newResourceUnit--control-anchor","interaction":{"idSuffix":"BDI-content"}},"wdio_ui5_key":"applicationmanageresources-display-component---newResourceUnit--newRRUPage-anchBar-application-manageresources-display-component---newResourceUnit--control-anchor"}]}
RESULT: undefined
COMMAND: POST /session/db7e74ddcaedfecfca9d83c19254142b/element - {"using":"xpath","value":"//*[@id=\"application-manageresources-display-component---newResourceUnit--newRRUPage-anchBar-application-manageresources-display-component---newResourceUnit--control-anchor\"]"}
RESULT: {"using":"xpath","value":"//*[@id=\"application-manageresources-display-component---newResourceUnit--newRRUPage-anchBar-application-manageresources-display-component---newResourceUnit--control-anchor\"]"}
COMMAND: POST /session/db7e74ddcaedfecfca9d83c19254142b/element/f.624D7720A2383BCF46C1895FE70984DD.d.B4BA98F8EE8492018AECC54D801AEAB6.e.14005/click - {}
RESULT: {}
COMMAND: POST /session/db7e74ddcaedfecfca9d83c19254142b/execute/async - {"script":"<script> [1562 bytes]","args":[{"selector":{"id":"application-manageresources-display-component---newResourceUnit--PLANNING_GROUP","interaction":{"idSuffix":"inner"}},"wdio_ui5_key":"applicationmanageresources-display-component---newResourceUnit--PLANNING_GROUP"}]}
COMMAND: GET /session/db7e74ddcaedfecfca9d83c19254142b/screenshot - {}
RESULT: {"script":"<script> [1562 bytes]","args":[{"selector":{"id":"application-manageresources-display-component---newResourceUnit--PLANNING_GROUP","interaction":{"idSuffix":"inner"}},"wdio_ui5_key":"applicationmanageresources-display-component---newResourceUnit--PLANNING_GROUP"}]}
RESULT: undefined
COMMAND: POST /session/db7e74ddcaedfecfca9d83c19254142b/execute/async - {"script":"<script> [776 bytes]","args":[{"enterText":"Material","selector":{"id":"application-manageresources-display-component---newResourceUnit--PLANNING_GROUP","interaction":{"idSuffix":"inner"}},"clearTextFirst":true,"interactionType":"ENTER_TEXT"}]}
RESULT: {}
RESULT: {"script":"<script> [776 bytes]","args":[{"enterText":"Material","selector":{"id":"application-manageresources-display-component---newResourceUnit--PLANNING_GROUP","interaction":{"idSuffix":"inner"}},"clearTextFirst":true,"interactionType":"ENTER_TEXT"}]}
COMMAND: POST /session/db7e74ddcaedfecfca9d83c19254142b/execute/async - {"script":"<script> [1562 bytes]","args":[{"selector":{"id":"application-manageresources-display-component---newResourceUnit--PLANNING_INDICATOR","interaction":{"idSuffix":"inner"}},"wdio_ui5_key":"applicationmanageresources-display-component---newResourceUnit--PLANNING_INDICATOR"}]}
RESULT: {"script":"<script> [1562 bytes]","args":[{"selector":{"id":"application-manageresources-display-component---newResourceUnit--PLANNING_INDICATOR","interaction":{"idSuffix":"inner"}},"wdio_ui5_key":"applicationmanageresources-display-component---newResourceUnit--PLANNING_INDICATOR"}]}
RESULT: undefined
COMMAND: POST /session/db7e74ddcaedfecfca9d83c19254142b/execute/async - {"script":"<script> [776 bytes]","args":[{"enterText":"10 - infinite","selector":{"id":"application-manageresources-display-component---newResourceUnit--PLANNING_INDICATOR","interaction":{"idSuffix":"inner"}},"clearTextFirst":true,"interactionType":"ENTER_TEXT"}]}
RESULT: {"script":"<script> [776 bytes]","args":[{"enterText":"10 - infinite","selector":{"id":"application-manageresources-display-component---newResourceUnit--PLANNING_INDICATOR","interaction":{"idSuffix":"inner"}},"clearTextFirst":true,"interactionType":"ENTER_TEXT"}]}
COMMAND: POST /session/db7e74ddcaedfecfca9d83c19254142b/element - {"using":"css selector","value":"#application-manageresources-display-component---newResourceUnit--btnAddTimeSegment"}
RESULT: {"using":"css selector","value":"#application-manageresources-display-component---newResourceUnit--btnAddTimeSegment"}
COMMAND: GET /session/db7e74ddcaedfecfca9d83c19254142b/element/f.624D7720A2383BCF46C1895FE70984DD.d.B4BA98F8EE8492018AECC54D801AEAB6.e.14015/rect - {}
RESULT: {}
COMMAND: GET /session/db7e74ddcaedfecfca9d83c19254142b/window/rect - {}
RESULT: {}
COMMAND: POST /session/db7e74ddcaedfecfca9d83c19254142b/execute/sync - {"script":"<script> [92 bytes]","args":[]}
RESULT: {"script":"<script> [92 bytes]","args":[]}
COMMAND: POST /session/db7e74ddcaedfecfca9d83c19254142b/actions - {"actions":[{"id":"action44","type":"wheel","parameters":{},"actions":[{"type":"scroll","x":-1888,"y":-32,"deltaX":0,"deltaY":0,"duration":0,"origin":{"element-6066-11e4-a52e-4f735466cecf":"f.624D7720A2383BCF46C1895FE70984DD.d.B4BA98F8EE8492018AECC54D801AEAB6.e.14015"}}]}]}
COMMAND: GET /session/db7e74ddcaedfecfca9d83c19254142b/screenshot - {}
RESULT: {}
COMMAND: POST /session/db7e74ddcaedfecfca9d83c19254142b/execute/sync - {"script":"<script> [79 bytes]","args":[{"element-6066-11e4-a52e-4f735466cecf":"f.624D7720A2383BCF46C1895FE70984DD.d.B4BA98F8EE8492018AECC54D801AEAB6.e.14015","ELEMENT":"f.624D7720A2383BCF46C1895FE70984DD.d.B4BA98F8EE8492018AECC54D801AEAB6.e.14015"},{"block":"start","inline":"nearest"}]}
RESULT: {"script":"<script> [79 bytes]","args":[{"element-6066-11e4-a52e-4f735466cecf":"f.624D7720A2383BCF46C1895FE70984DD.d.B4BA98F8EE8492018AECC54D801AEAB6.e.14015","ELEMENT":"f.624D7720A2383BCF46C1895FE70984DD.d.B4BA98F8EE8492018AECC54D801AEAB6.e.14015"},{"block":"start","inline":"nearest"}]}
COMMAND: POST /session/db7e74ddcaedfecfca9d83c19254142b/execute/async - {"script":"<script> [1562 bytes]","args":[{"selector":{"id":"application-manageresources-display-component---newResourceUnit--btnAddTimeSegment","interaction":{"idSuffix":"inner"}},"wdio_ui5_key":"applicationmanageresources-display-component---newResourceUnit--btnAddTimeSegment"}]}
COMMAND: GET /session/db7e74ddcaedfecfca9d83c19254142b/screenshot - {}
RESULT: {"script":"<script> [1562 bytes]","args":[{"selector":{"id":"application-manageresources-display-component---newResourceUnit--btnAddTimeSegment","interaction":{"idSuffix":"inner"}},"wdio_ui5_key":"applicationmanageresources-display-component---newResourceUnit--btnAddTimeSegment"}]}
RESULT: undefined
COMMAND: POST /session/db7e74ddcaedfecfca9d83c19254142b/element - {"using":"xpath","value":"//*[@id=\"application-manageresources-display-component---newResourceUnit--btnAddTimeSegment\"]"}
RESULT: {}
RESULT: {"using":"xpath","value":"//*[@id=\"application-manageresources-display-component---newResourceUnit--btnAddTimeSegment\"]"}
COMMAND: POST /session/db7e74ddcaedfecfca9d83c19254142b/element/f.624D7720A2383BCF46C1895FE70984DD.d.B4BA98F8EE8492018AECC54D801AEAB6.e.14015/click - {}
RESULT: {}
COMMAND: GET /session/db7e74ddcaedfecfca9d83c19254142b/screenshot - {}
RESULT: {}
COMMAND: POST /session/db7e74ddcaedfecfca9d83c19254142b/element - {"using":"xpath","value":"//input[@id=\"application-manageresources-display-component---newResourceUnit--idRuTSAdmin-application-manageresources-display-component---newResourceUnit--RUTimeSegment-0-inner\"]"}
RESULT: {"using":"xpath","value":"//input[@id=\"application-manageresources-display-component---newResourceUnit--idRuTSAdmin-application-manageresources-display-component---newResourceUnit--RUTimeSegment-0-inner\"]"}
COMMAND: POST /session/db7e74ddcaedfecfca9d83c19254142b/element/f.624D7720A2383BCF46C1895FE70984DD.d.B4BA98F8EE8492018AECC54D801AEAB6.e.14020/clear - {}
RESULT: {}
COMMAND: POST /session/db7e74ddcaedfecfca9d83c19254142b/element/f.624D7720A2383BCF46C1895FE70984DD.d.B4BA98F8EE8492018AECC54D801AEAB6.e.14020/value - {"text":"342"}
COMMAND: GET /session/db7e74ddcaedfecfca9d83c19254142b/screenshot - {}
RESULT: {"text":"342"}
COMMAND: GET /session/db7e74ddcaedfecfca9d83c19254142b/screenshot - {}
RESULT: {}
RESULT: {}
COMMAND: POST /session/db7e74ddcaedfecfca9d83c19254142b/element - {"using":"xpath","value":"//li[.//span[text()='342']]"}
RESULT: {"using":"xpath","value":"//li[.//span[text()='342']]"}
COMMAND: POST /session/db7e74ddcaedfecfca9d83c19254142b/element/f.624D7720A2383BCF46C1895FE70984DD.d.B4BA98F8EE8492018AECC54D801AEAB6.e.14030/click - {}
RESULT: {}
COMMAND: GET /session/db7e74ddcaedfecfca9d83c19254142b/screenshot - {}
RESULT: {}
COMMAND: POST /session/db7e74ddcaedfecfca9d83c19254142b/element - {"using":"xpath","value":"(//span[contains(@id, \"-application-manageresources-display-component---newResourceUnit--RUTimeSegment-0-arrow\")])[2]"}
RESULT: {"using":"xpath","value":"(//span[contains(@id, \"-application-manageresources-display-component---newResourceUnit--RUTimeSegment-0-arrow\")])[2]"}
COMMAND: POST /session/db7e74ddcaedfecfca9d83c19254142b/element/f.624D7720A2383BCF46C1895FE70984DD.d.B4BA98F8EE8492018AECC54D801AEAB6.e.14031/click - {}
RESULT: {}
COMMAND: POST /session/db7e74ddcaedfecfca9d83c19254142b/element - {"using":"xpath","value":"//span[contains(text(), \"PM Order\")]"}
COMMAND: GET /session/db7e74ddcaedfecfca9d83c19254142b/screenshot - {}
RESULT: {"using":"xpath","value":"//span[contains(text(), \"PM Order\")]"}
COMMAND: POST /session/db7e74ddcaedfecfca9d83c19254142b/element/f.624D7720A2383BCF46C1895FE70984DD.d.B4BA98F8EE8492018AECC54D801AEAB6.e.14032/click - {}
RESULT: {}
RESULT: {}
COMMAND: GET /session/db7e74ddcaedfecfca9d83c19254142b/screenshot - {}
RESULT: {}
COMMAND: POST /session/db7e74ddcaedfecfca9d83c19254142b/element - {"using":"xpath","value":"//td/div/div/div/span[contains(@id, \"newResourceUnit--RUTimeSegment-0-vhi\")][1]"}
RESULT: {"using":"xpath","value":"//td/div/div/div/span[contains(@id, \"newResourceUnit--RUTimeSegment-0-vhi\")][1]"}
COMMAND: GET /session/db7e74ddcaedfecfca9d83c19254142b/element/f.624D7720A2383BCF46C1895FE70984DD.d.B4BA98F8EE8492018AECC54D801AEAB6.e.14036/rect - {}
RESULT: {}
COMMAND: GET /session/db7e74ddcaedfecfca9d83c19254142b/window/rect - {}
RESULT: {}
COMMAND: POST /session/db7e74ddcaedfecfca9d83c19254142b/execute/sync - {"script":"<script> [92 bytes]","args":[]}
RESULT: {"script":"<script> [92 bytes]","args":[]}
COMMAND: POST /session/db7e74ddcaedfecfca9d83c19254142b/actions - {"actions":[{"id":"action45","type":"wheel","parameters":{},"actions":[{"type":"scroll","x":-1888,"y":-24,"deltaX":0,"deltaY":0,"duration":0,"origin":{"element-6066-11e4-a52e-4f735466cecf":"f.624D7720A2383BCF46C1895FE70984DD.d.B4BA98F8EE8492018AECC54D801AEAB6.e.14036"}}]}]}
COMMAND: GET /session/db7e74ddcaedfecfca9d83c19254142b/screenshot - {}
RESULT: {}
COMMAND: POST /session/db7e74ddcaedfecfca9d83c19254142b/execute/sync - {"script":"<script> [79 bytes]","args":[{"element-6066-11e4-a52e-4f735466cecf":"f.624D7720A2383BCF46C1895FE70984DD.d.B4BA98F8EE8492018AECC54D801AEAB6.e.14036","ELEMENT":"f.624D7720A2383BCF46C1895FE70984DD.d.B4BA98F8EE8492018AECC54D801AEAB6.e.14036"},{"block":"start","inline":"nearest"}]}
RESULT: {"script":"<script> [79 bytes]","args":[{"element-6066-11e4-a52e-4f735466cecf":"f.624D7720A2383BCF46C1895FE70984DD.d.B4BA98F8EE8492018AECC54D801AEAB6.e.14036","ELEMENT":"f.624D7720A2383BCF46C1895FE70984DD.d.B4BA98F8EE8492018AECC54D801AEAB6.e.14036"},{"block":"start","inline":"nearest"}]}
COMMAND: GET /session/db7e74ddcaedfecfca9d83c19254142b/screenshot - {}
RESULT: {}
COMMAND: POST /session/db7e74ddcaedfecfca9d83c19254142b/element/f.624D7720A2383BCF46C1895FE70984DD.d.B4BA98F8EE8492018AECC54D801AEAB6.e.14036/click - {}
RESULT: {}
COMMAND: GET /session/db7e74ddcaedfecfca9d83c19254142b/screenshot - {}
RESULT: {}
RESULT: undefined
COMMAND: POST /session/db7e74ddcaedfecfca9d83c19254142b/execute/async - {"script":"<script> [776 bytes]","args":[{"enterText":"4000360","selector":{"controlType":"sap.m.SearchField","properties":{"placeholder":"Search"},"searchOpenDialogs":true,"interaction":{"idSuffix":"I"}},"clearTextFirst":true,"interactionType":"ENTER_TEXT"}]}
RESULT: {"script":"<script> [776 bytes]","args":[{"enterText":"4000360","selector":{"controlType":"sap.m.SearchField","properties":{"placeholder":"Search"},"searchOpenDialogs":true,"interaction":{"idSuffix":"I"}},"clearTextFirst":true,"interactionType":"ENTER_TEXT"}]}
COMMAND: POST /session/db7e74ddcaedfecfca9d83c19254142b/actions - {"actions":[{"id":"action46","type":"key","parameters":{},"actions":[{"type":"keyDown","value":""},{"type":"pause","duration":10},{"type":"keyUp","value":""}]}]}
RESULT: {"actions":[{"id":"action46","type":"key","parameters":{},"actions":[{"type":"keyDown","value":""},{"type":"pause","duration":10},{"type":"keyUp","value":""}]}]}
COMMAND: GET /session/db7e74ddcaedfecfca9d83c19254142b/screenshot - {}
RESULT: {}
COMMAND: POST /session/db7e74ddcaedfecfca9d83c19254142b/element - {"using":"xpath","value":"//td/div/span[contains(text(), \"BGL Vehicles\")]"}
RESULT: {"using":"xpath","value":"//td/div/span[contains(text(), \"BGL Vehicles\")]"}
COMMAND: POST /session/db7e74ddcaedfecfca9d83c19254142b/element/f.624D7720A2383BCF46C1895FE70984DD.d.B4BA98F8EE8492018AECC54D801AEAB6.e.14056/click - {}
RESULT: {}
COMMAND: GET /session/db7e74ddcaedfecfca9d83c19254142b/screenshot - {}
RESULT: {}
COMMAND: POST /session/db7e74ddcaedfecfca9d83c19254142b/element - {"using":"xpath","value":"//bdi[contains(text(), \"OK\")]"}
RESULT: {"using":"xpath","value":"//bdi[contains(text(), \"OK\")]"}
COMMAND: POST /session/db7e74ddcaedfecfca9d83c19254142b/element/f.624D7720A2383BCF46C1895FE70984DD.d.B4BA98F8EE8492018AECC54D801AEAB6.e.14057/click - {}
RESULT: {}
COMMAND: GET /session/db7e74ddcaedfecfca9d83c19254142b/screenshot - {}
RESULT: {}
COMMAND: POST /session/db7e74ddcaedfecfca9d83c19254142b/element - {"using":"xpath","value":"//label[contains(@class, 'sapMLabelRequired') and .//bdi[contains(text(), 'Planned Retirement')]]"}
RESULT: {"using":"xpath","value":"//label[contains(@class, 'sapMLabelRequired') and .//bdi[contains(text(), 'Planned Retirement')]]"}
COMMAND: POST /session/db7e74ddcaedfecfca9d83c19254142b/elements - {"using":"xpath","value":"//label[contains(@class, 'sapMLabelRequired') and .//bdi[contains(text(), 'Planned Retirement')]]"}
RESULT: {"using":"xpath","value":"//label[contains(@class, 'sapMLabelRequired') and .//bdi[contains(text(), 'Planned Retirement')]]"}
COMMAND: POST /session/db7e74ddcaedfecfca9d83c19254142b/element - {"using":"xpath","value":"//button[@data-kt=\"resourceUnitSaveButton\"]"}
RESULT: {"using":"xpath","value":"//button[@data-kt=\"resourceUnitSaveButton\"]"}
COMMAND: POST /session/db7e74ddcaedfecfca9d83c19254142b/element/f.624D7720A2383BCF46C1895FE70984DD.d.B4BA98F8EE8492018AECC54D801AEAB6.e.13892/click - {}
RESULT: {}
COMMAND: GET /session/db7e74ddcaedfecfca9d83c19254142b/screenshot - {}
RESULT: {}
COMMAND: POST /session/db7e74ddcaedfecfca9d83c19254142b/element - {"using":"xpath","value":"//bdi[contains(text(), \"Close\")]"}
RESULT: {"using":"xpath","value":"//bdi[contains(text(), \"Close\")]"}
COMMAND: POST /session/db7e74ddcaedfecfca9d83c19254142b/element/f.624D7720A2383BCF46C1895FE70984DD.d.B4BA98F8EE8492018AECC54D801AEAB6.e.14063/click - {}
RESULT: {}
COMMAND: GET /session/db7e74ddcaedfecfca9d83c19254142b/screenshot - {}
RESULT: {}
COMMAND: POST /session/db7e74ddcaedfecfca9d83c19254142b/element - {"using":"xpath","value":"//header[contains(@id, 'detailRruPage-headerTitle')]/div[1]/div[2]/div[2]/span[1]"}
RESULT: {"using":"xpath","value":"//header[contains(@id, 'detailRruPage-headerTitle')]/div[1]/div[2]/div[2]/span[1]"}
COMMAND: POST /session/db7e74ddcaedfecfca9d83c19254142b/elements - {"using":"xpath","value":"//header[contains(@id, 'detailRruPage-headerTitle')]/div[1]/div[2]/div[2]/span[1]"}
RESULT: {"using":"xpath","value":"//header[contains(@id, 'detailRruPage-headerTitle')]/div[1]/div[2]/div[2]/span[1]"}
COMMAND: POST /session/db7e74ddcaedfecfca9d83c19254142b/execute/sync - {"script":"<script> [56 bytes]","args":[{"element-6066-11e4-a52e-4f735466cecf":"f.624D7720A2383BCF46C1895FE70984DD.d.B4BA98F8EE8492018AECC54D801AEAB6.e.14091","ELEMENT":"f.624D7720A2383BCF46C1895FE70984DD.d.B4BA98F8EE8492018AECC54D801AEAB6.e.14091"}]}
RESULT: {"script":"<script> [56 bytes]","args":[{"element-6066-11e4-a52e-4f735466cecf":"f.624D7720A2383BCF46C1895FE70984DD.d.B4BA98F8EE8492018AECC54D801AEAB6.e.14091","ELEMENT":"f.624D7720A2383BCF46C1895FE70984DD.d.B4BA98F8EE8492018AECC54D801AEAB6.e.14091"}]}
COMMAND: POST /session/db7e74ddcaedfecfca9d83c19254142b/element - {"using":"css selector","value":"#shell-header-logo"}
COMMAND: GET /session/db7e74ddcaedfecfca9d83c19254142b/screenshot - {}
RESULT: {"using":"css selector","value":"#shell-header-logo"}
COMMAND: POST /session/db7e74ddcaedfecfca9d83c19254142b/element/f.624D7720A2383BCF46C1895FE70984DD.d.B4BA98F8EE8492018AECC54D801AEAB6.e.13491/click - {}
RESULT: {}
RESULT: {}
COMMAND: GET /session/db7e74ddcaedfecfca9d83c19254142b/screenshot - {}
RESULT: {}
]]></system-out>
    </testcase>
  </testsuite>
  <testsuite timestamp="2025-05-26T17:00:49" time="373.164" tests="6" failures="2" errors="2" skipped="0">
    <properties>
      <property name="specId" value="0"/>
      <property name="suiteName" value="Provide to Site w/o warehouse management w clarification"/>
      <property name="capabilities" value="chrome.136_0_7103_93.windows"/>
      <property name="file" value="file:///D:/a/1/s/test/specs/HTR/provide-to-site-wo-warehouse-w-clarification.spec.js"/>
    </properties>
    <testcase classname="chrome.136_0_7103_93.windows.Provide_to_Site_w/o_warehouse_management_w_clarification" name="Should do a stock increase handover" time="100.553">
      <system-out><![CDATA[
COMMAND: POST /session/db7e74ddcaedfecfca9d83c19254142b/execute/async - {"script":"<script> [1562 bytes]","args":[{"selector":{"controlType":"sap.m.GenericTile","properties":{"header":"Manage Handovers"}},"wdio_ui5_key":"sapm.GenericTile{\"header\":\"Manage Handovers\"}"}]}
RESULT: {"script":"<script> [1562 bytes]","args":[{"selector":{"controlType":"sap.m.GenericTile","properties":{"header":"Manage Handovers"}},"wdio_ui5_key":"sapm.GenericTile{\"header\":\"Manage Handovers\"}"}]}
RESULT: undefined
COMMAND: POST /session/db7e74ddcaedfecfca9d83c19254142b/element - {"using":"xpath","value":"//*[@id=\"__tile131\"]"}
RESULT: {"using":"xpath","value":"//*[@id=\"__tile131\"]"}
COMMAND: POST /session/db7e74ddcaedfecfca9d83c19254142b/element/f.624D7720A2383BCF46C1895FE70984DD.d.B4BA98F8EE8492018AECC54D801AEAB6.e.11299/click - {}
RESULT: {}
COMMAND: GET /session/db7e74ddcaedfecfca9d83c19254142b/screenshot - {}
RESULT: {}
COMMAND: POST /session/db7e74ddcaedfecfca9d83c19254142b/elements - {"using":"xpath","value":"//span[text()='Error']"}
RESULT: {"using":"xpath","value":"//span[text()='Error']"}
COMMAND: POST /session/db7e74ddcaedfecfca9d83c19254142b/element - {"using":"xpath","value":"//button[@data-kt=\"masterHOAddButton\"]"}
RESULT: {"using":"xpath","value":"//button[@data-kt=\"masterHOAddButton\"]"}
COMMAND: POST /session/db7e74ddcaedfecfca9d83c19254142b/elements - {"using":"xpath","value":"//button[@data-kt=\"masterHOAddButton\"]"}
RESULT: {"using":"xpath","value":"//button[@data-kt=\"masterHOAddButton\"]"}
COMMAND: POST /session/db7e74ddcaedfecfca9d83c19254142b/elements - {"using":"xpath","value":"//button[@data-kt=\"masterHOAddButton\"]"}
RESULT: {"using":"xpath","value":"//button[@data-kt=\"masterHOAddButton\"]"}
COMMAND: POST /session/db7e74ddcaedfecfca9d83c19254142b/element - {"using":"xpath","value":"//button[@data-kt=\"masterHOAddButton\"]"}
RESULT: {"using":"xpath","value":"//button[@data-kt=\"masterHOAddButton\"]"}
COMMAND: POST /session/db7e74ddcaedfecfca9d83c19254142b/execute/sync - {"script":"<script> [8489 bytes]","args":[{"element-6066-11e4-a52e-4f735466cecf":"f.624D7720A2383BCF46C1895FE70984DD.d.B4BA98F8EE8492018AECC54D801AEAB6.e.14122","ELEMENT":"f.624D7720A2383BCF46C1895FE70984DD.d.B4BA98F8EE8492018AECC54D801AEAB6.e.14122"}]}
RESULT: {"script":"<script> [8489 bytes]","args":[{"element-6066-11e4-a52e-4f735466cecf":"f.624D7720A2383BCF46C1895FE70984DD.d.B4BA98F8EE8492018AECC54D801AEAB6.e.14122","ELEMENT":"f.624D7720A2383BCF46C1895FE70984DD.d.B4BA98F8EE8492018AECC54D801AEAB6.e.14122"}]}
COMMAND: GET /session/db7e74ddcaedfecfca9d83c19254142b/element/f.624D7720A2383BCF46C1895FE70984DD.d.B4BA98F8EE8492018AECC54D801AEAB6.e.14122/enabled - {}
COMMAND: GET /session/db7e74ddcaedfecfca9d83c19254142b/screenshot - {}
RESULT: {}
COMMAND: POST /session/db7e74ddcaedfecfca9d83c19254142b/execute/sync - {"script":"<script> [8489 bytes]","args":[{"element-6066-11e4-a52e-4f735466cecf":"f.624D7720A2383BCF46C1895FE70984DD.d.B4BA98F8EE8492018AECC54D801AEAB6.e.14122","ELEMENT":"f.624D7720A2383BCF46C1895FE70984DD.d.B4BA98F8EE8492018AECC54D801AEAB6.e.14122"}]}
COMMAND: GET /session/db7e74ddcaedfecfca9d83c19254142b/screenshot - {}
RESULT: {}
RESULT: {"script":"<script> [8489 bytes]","args":[{"element-6066-11e4-a52e-4f735466cecf":"f.624D7720A2383BCF46C1895FE70984DD.d.B4BA98F8EE8492018AECC54D801AEAB6.e.14122","ELEMENT":"f.624D7720A2383BCF46C1895FE70984DD.d.B4BA98F8EE8492018AECC54D801AEAB6.e.14122"}]}
COMMAND: POST /session/db7e74ddcaedfecfca9d83c19254142b/execute/sync - {"script":"<script> [5351 bytes]","args":[{"element-6066-11e4-a52e-4f735466cecf":"f.624D7720A2383BCF46C1895FE70984DD.d.B4BA98F8EE8492018AECC54D801AEAB6.e.14122","ELEMENT":"f.624D7720A2383BCF46C1895FE70984DD.d.B4BA98F8EE8492018AECC54D801AEAB6.e.14122"}]}
COMMAND: GET /session/db7e74ddcaedfecfca9d83c19254142b/screenshot - {}
RESULT: {}
RESULT: {"script":"<script> [5351 bytes]","args":[{"element-6066-11e4-a52e-4f735466cecf":"f.624D7720A2383BCF46C1895FE70984DD.d.B4BA98F8EE8492018AECC54D801AEAB6.e.14122","ELEMENT":"f.624D7720A2383BCF46C1895FE70984DD.d.B4BA98F8EE8492018AECC54D801AEAB6.e.14122"}]}
COMMAND: POST /session/db7e74ddcaedfecfca9d83c19254142b/element/f.624D7720A2383BCF46C1895FE70984DD.d.B4BA98F8EE8492018AECC54D801AEAB6.e.14122/click - {}
RESULT: {}
COMMAND: GET /session/db7e74ddcaedfecfca9d83c19254142b/screenshot - {}
RESULT: {}
COMMAND: GET /session/db7e74ddcaedfecfca9d83c19254142b/screenshot - {}
RESULT: {}
COMMAND: POST /session/db7e74ddcaedfecfca9d83c19254142b/element - {"using":"xpath","value":"//span[contains(@id ,\"AddNewHO--typeSelect-arrow\")]"}
RESULT: {}
RESULT: {"using":"xpath","value":"//span[contains(@id ,\"AddNewHO--typeSelect-arrow\")]"}
COMMAND: POST /session/db7e74ddcaedfecfca9d83c19254142b/element/f.624D7720A2383BCF46C1895FE70984DD.d.B4BA98F8EE8492018AECC54D801AEAB6.e.14470/click - {}
RESULT: {}
COMMAND: GET /session/db7e74ddcaedfecfca9d83c19254142b/screenshot - {}
RESULT: {}
COMMAND: POST /session/db7e74ddcaedfecfca9d83c19254142b/element - {"using":"xpath","value":"(//li[contains(text(), \"stock increase yard\")])[1]"}
RESULT: {"using":"xpath","value":"(//li[contains(text(), \"stock increase yard\")])[1]"}
COMMAND: POST /session/db7e74ddcaedfecfca9d83c19254142b/element/f.624D7720A2383BCF46C1895FE70984DD.d.B4BA98F8EE8492018AECC54D801AEAB6.e.14471/click - {}
RESULT: {}
COMMAND: GET /session/db7e74ddcaedfecfca9d83c19254142b/screenshot - {}
RESULT: {}
COMMAND: POST /session/db7e74ddcaedfecfca9d83c19254142b/execute/async - {"script":"<script> [1562 bytes]","args":[{"selector":{"id":"application-managehandovers-display-component---AddNewHO--dueDate","interaction":{"idSuffix":"inner"}},"wdio_ui5_key":"applicationmanagehandovers-display-component---AddNewHO--dueDate"}]}
RESULT: {"script":"<script> [1562 bytes]","args":[{"selector":{"id":"application-managehandovers-display-component---AddNewHO--dueDate","interaction":{"idSuffix":"inner"}},"wdio_ui5_key":"applicationmanagehandovers-display-component---AddNewHO--dueDate"}]}
RESULT: undefined
COMMAND: POST /session/db7e74ddcaedfecfca9d83c19254142b/execute/async - {"script":"<script> [6424 bytes]","args":[{"element-6066-11e4-a52e-4f735466cecf":"f.624D7720A2383BCF46C1895FE70984DD.d.B4BA98F8EE8492018AECC54D801AEAB6.e.14475"},"setValue",["5/26/25"]]}
RESULT: {"script":"<script> [6424 bytes]","args":[{"element-6066-11e4-a52e-4f735466cecf":"f.624D7720A2383BCF46C1895FE70984DD.d.B4BA98F8EE8492018AECC54D801AEAB6.e.14475"},"setValue",["5/26/25"]]}
COMMAND: POST /session/db7e74ddcaedfecfca9d83c19254142b/element - {"using":"xpath","value":"//input[@id=\"generalSectionFrg--receiveYard-inner\"]"}
RESULT: {"using":"xpath","value":"//input[@id=\"generalSectionFrg--receiveYard-inner\"]"}
COMMAND: POST /session/db7e74ddcaedfecfca9d83c19254142b/element/f.624D7720A2383BCF46C1895FE70984DD.d.B4BA98F8EE8492018AECC54D801AEAB6.e.14481/clear - {}
RESULT: {}
COMMAND: POST /session/db7e74ddcaedfecfca9d83c19254142b/element/f.624D7720A2383BCF46C1895FE70984DD.d.B4BA98F8EE8492018AECC54D801AEAB6.e.14481/value - {"text":"342"}
COMMAND: GET /session/db7e74ddcaedfecfca9d83c19254142b/screenshot - {}
RESULT: {"text":"342"}
COMMAND: GET /session/db7e74ddcaedfecfca9d83c19254142b/screenshot - {}
RESULT: {}
RESULT: {}
COMMAND: POST /session/db7e74ddcaedfecfca9d83c19254142b/element - {"using":"xpath","value":"//li[.//span[text()='342']]"}
RESULT: {"using":"xpath","value":"//li[.//span[text()='342']]"}
COMMAND: POST /session/db7e74ddcaedfecfca9d83c19254142b/element/f.624D7720A2383BCF46C1895FE70984DD.d.B4BA98F8EE8492018AECC54D801AEAB6.e.14496/click - {}
RESULT: {}
COMMAND: GET /session/db7e74ddcaedfecfca9d83c19254142b/screenshot - {}
RESULT: {}
COMMAND: POST /session/db7e74ddcaedfecfca9d83c19254142b/execute/async - {"script":"<script> [1562 bytes]","args":[{"selector":{"id":"application-managehandovers-display-component---AddNewHO--ObjectPageLayout-anchBar-application-managehandovers-display-component---AddNewHO--section4-anchor","interaction":{"idSuffix":"BDI-content"}},"wdio_ui5_key":"applicationmanagehandovers-display-component---AddNewHO--ObjectPageLayout-anchBar-application-managehandovers-display-component---AddNewHO--section4-anchor"}]}
RESULT: {"script":"<script> [1562 bytes]","args":[{"selector":{"id":"application-managehandovers-display-component---AddNewHO--ObjectPageLayout-anchBar-application-managehandovers-display-component---AddNewHO--section4-anchor","interaction":{"idSuffix":"BDI-content"}},"wdio_ui5_key":"applicationmanagehandovers-display-component---AddNewHO--ObjectPageLayout-anchBar-application-managehandovers-display-component---AddNewHO--section4-anchor"}]}
RESULT: undefined
COMMAND: POST /session/db7e74ddcaedfecfca9d83c19254142b/element - {"using":"xpath","value":"//*[@id=\"application-managehandovers-display-component---AddNewHO--ObjectPageLayout-anchBar-application-managehandovers-display-component---AddNewHO--section4-anchor\"]"}
RESULT: {"using":"xpath","value":"//*[@id=\"application-managehandovers-display-component---AddNewHO--ObjectPageLayout-anchBar-application-managehandovers-display-component---AddNewHO--section4-anchor\"]"}
COMMAND: POST /session/db7e74ddcaedfecfca9d83c19254142b/element/f.624D7720A2383BCF46C1895FE70984DD.d.B4BA98F8EE8492018AECC54D801AEAB6.e.14498/click - {}
RESULT: {}
COMMAND: POST /session/db7e74ddcaedfecfca9d83c19254142b/element - {"using":"xpath","value":"//button[@aria-label=\"Add\"]"}
COMMAND: GET /session/db7e74ddcaedfecfca9d83c19254142b/screenshot - {}
RESULT: {"using":"xpath","value":"//button[@aria-label=\"Add\"]"}
COMMAND: POST /session/db7e74ddcaedfecfca9d83c19254142b/element/f.624D7720A2383BCF46C1895FE70984DD.d.B4BA98F8EE8492018AECC54D801AEAB6.e.14500/click - {}
RESULT: {}
RESULT: {}
COMMAND: GET /session/db7e74ddcaedfecfca9d83c19254142b/screenshot - {}
RESULT: {}
COMMAND: POST /session/db7e74ddcaedfecfca9d83c19254142b/execute/async - {"script":"<script> [1562 bytes]","args":[{"selector":{"id":"application-managehandovers-display-component---AddNewHO--smartFilterBar-btnBasicSearch","searchOpenDialogs":true,"interaction":{"idSuffix":"I"}},"wdio_ui5_key":"applicationmanagehandovers-display-component---AddNewHO--smartFilterBar-btnBasicSearch"}]}
RESULT: {"script":"<script> [1562 bytes]","args":[{"selector":{"id":"application-managehandovers-display-component---AddNewHO--smartFilterBar-btnBasicSearch","searchOpenDialogs":true,"interaction":{"idSuffix":"I"}},"wdio_ui5_key":"applicationmanagehandovers-display-component---AddNewHO--smartFilterBar-btnBasicSearch"}]}
RESULT: undefined
COMMAND: POST /session/db7e74ddcaedfecfca9d83c19254142b/execute/async - {"script":"<script> [776 bytes]","args":[{"enterText":"200186","selector":{"id":"application-managehandovers-display-component---AddNewHO--smartFilterBar-btnBasicSearch","searchOpenDialogs":true,"interaction":{"idSuffix":"I"}},"clearTextFirst":true,"interactionType":"ENTER_TEXT"}]}
RESULT: {"script":"<script> [776 bytes]","args":[{"enterText":"200186","selector":{"id":"application-managehandovers-display-component---AddNewHO--smartFilterBar-btnBasicSearch","searchOpenDialogs":true,"interaction":{"idSuffix":"I"}},"clearTextFirst":true,"interactionType":"ENTER_TEXT"}]}
COMMAND: POST /session/db7e74ddcaedfecfca9d83c19254142b/actions - {"actions":[{"id":"action47","type":"key","parameters":{},"actions":[{"type":"keyDown","value":""},{"type":"pause","duration":10},{"type":"keyUp","value":""}]}]}
RESULT: {"actions":[{"id":"action47","type":"key","parameters":{},"actions":[{"type":"keyDown","value":""},{"type":"pause","duration":10},{"type":"keyUp","value":""}]}]}
COMMAND: GET /session/db7e74ddcaedfecfca9d83c19254142b/screenshot - {}
RESULT: {}
COMMAND: POST /session/db7e74ddcaedfecfca9d83c19254142b/execute/async - {"script":"<script> [1562 bytes]","args":[{"selector":{"id":"application-managehandovers-display-component---AddNewHO--popup-sa","searchOpenDialogs":true,"interaction":{"idSuffix":"CbBg"}},"wdio_ui5_key":"applicationmanagehandovers-display-component---AddNewHO--popup-sa"}]}
RESULT: {"script":"<script> [1562 bytes]","args":[{"selector":{"id":"application-managehandovers-display-component---AddNewHO--popup-sa","searchOpenDialogs":true,"interaction":{"idSuffix":"CbBg"}},"wdio_ui5_key":"applicationmanagehandovers-display-component---AddNewHO--popup-sa"}]}
RESULT: undefined
COMMAND: POST /session/db7e74ddcaedfecfca9d83c19254142b/element - {"using":"xpath","value":"//*[@id=\"application-managehandovers-display-component---AddNewHO--popup-sa\"]"}
RESULT: {"using":"xpath","value":"//*[@id=\"application-managehandovers-display-component---AddNewHO--popup-sa\"]"}
COMMAND: POST /session/db7e74ddcaedfecfca9d83c19254142b/element/f.624D7720A2383BCF46C1895FE70984DD.d.B4BA98F8EE8492018AECC54D801AEAB6.e.14654/click - {}
RESULT: {}
COMMAND: GET /session/db7e74ddcaedfecfca9d83c19254142b/screenshot - {}
RESULT: {}
COMMAND: POST /session/db7e74ddcaedfecfca9d83c19254142b/element - {"using":"xpath","value":"//bdi[contains(text(), \"Select\")]"}
RESULT: {"using":"xpath","value":"//bdi[contains(text(), \"Select\")]"}
COMMAND: POST /session/db7e74ddcaedfecfca9d83c19254142b/element/f.624D7720A2383BCF46C1895FE70984DD.d.B4BA98F8EE8492018AECC54D801AEAB6.e.14655/click - {}
RESULT: {}
COMMAND: GET /session/db7e74ddcaedfecfca9d83c19254142b/screenshot - {}
RESULT: {}
COMMAND: POST /session/db7e74ddcaedfecfca9d83c19254142b/element - {"using":"xpath","value":"//button[@data-kt=\"AddNewHOSaveButton\"]"}
RESULT: {"using":"xpath","value":"//button[@data-kt=\"AddNewHOSaveButton\"]"}
COMMAND: POST /session/db7e74ddcaedfecfca9d83c19254142b/element/f.624D7720A2383BCF46C1895FE70984DD.d.B4BA98F8EE8492018AECC54D801AEAB6.e.14659/click - {}
RESULT: {}
COMMAND: GET /session/db7e74ddcaedfecfca9d83c19254142b/screenshot - {}
RESULT: {}
COMMAND: POST /session/db7e74ddcaedfecfca9d83c19254142b/execute/async - {"script":"<script> [1562 bytes]","args":[{"selector":{"id":"receiptDatePicker","viewName":"etm.portal.ui.managehandovers.view.DetailExecuteHO","interaction":{"idSuffix":"inner"}},"wdio_ui5_key":"receiptDatePickeretmportal.ui.managehandovers.view.DetailExecuteHO"}]}
RESULT: {"script":"<script> [1562 bytes]","args":[{"selector":{"id":"receiptDatePicker","viewName":"etm.portal.ui.managehandovers.view.DetailExecuteHO","interaction":{"idSuffix":"inner"}},"wdio_ui5_key":"receiptDatePickeretmportal.ui.managehandovers.view.DetailExecuteHO"}]}
RESULT: undefined
COMMAND: POST /session/db7e74ddcaedfecfca9d83c19254142b/execute/async - {"script":"<script> [6424 bytes]","args":[{"element-6066-11e4-a52e-4f735466cecf":"f.624D7720A2383BCF46C1895FE70984DD.d.B4BA98F8EE8492018AECC54D801AEAB6.e.14690"},"setValue",["5/26/25"]]}
RESULT: {"script":"<script> [6424 bytes]","args":[{"element-6066-11e4-a52e-4f735466cecf":"f.624D7720A2383BCF46C1895FE70984DD.d.B4BA98F8EE8492018AECC54D801AEAB6.e.14690"},"setValue",["5/26/25"]]}
COMMAND: POST /session/db7e74ddcaedfecfca9d83c19254142b/element - {"using":"xpath","value":"//button[@data-kt=\"ReceivingTableConfirmAllButton\"]"}
RESULT: {"using":"xpath","value":"//button[@data-kt=\"ReceivingTableConfirmAllButton\"]"}
COMMAND: POST /session/db7e74ddcaedfecfca9d83c19254142b/element/f.624D7720A2383BCF46C1895FE70984DD.d.B4BA98F8EE8492018AECC54D801AEAB6.e.14704/click - {}
RESULT: {}
COMMAND: GET /session/db7e74ddcaedfecfca9d83c19254142b/screenshot - {}
RESULT: {}
COMMAND: POST /session/db7e74ddcaedfecfca9d83c19254142b/element - {"using":"xpath","value":"//bdi[contains(text(), \"OK\")]"}
RESULT: {"using":"xpath","value":"//bdi[contains(text(), \"OK\")]"}
COMMAND: POST /session/db7e74ddcaedfecfca9d83c19254142b/element/f.624D7720A2383BCF46C1895FE70984DD.d.B4BA98F8EE8492018AECC54D801AEAB6.e.14706/click - {}
RESULT: {}
COMMAND: GET /session/db7e74ddcaedfecfca9d83c19254142b/screenshot - {}
RESULT: {}
COMMAND: POST /session/db7e74ddcaedfecfca9d83c19254142b/element - {"using":"xpath","value":"(//bdi[contains(text(), \"Receive\")])[2]"}
RESULT: {"using":"xpath","value":"(//bdi[contains(text(), \"Receive\")])[2]"}
COMMAND: POST /session/db7e74ddcaedfecfca9d83c19254142b/element/f.624D7720A2383BCF46C1895FE70984DD.d.B4BA98F8EE8492018AECC54D801AEAB6.e.14708/click - {}
RESULT: {}
COMMAND: GET /session/db7e74ddcaedfecfca9d83c19254142b/screenshot - {}
RESULT: {}
COMMAND: POST /session/db7e74ddcaedfecfca9d83c19254142b/element - {"using":"css selector","value":"#shell-header-logo"}
RESULT: {"using":"css selector","value":"#shell-header-logo"}
COMMAND: POST /session/db7e74ddcaedfecfca9d83c19254142b/element/f.624D7720A2383BCF46C1895FE70984DD.d.B4BA98F8EE8492018AECC54D801AEAB6.e.14094/click - {}
RESULT: {}
COMMAND: GET /session/db7e74ddcaedfecfca9d83c19254142b/screenshot - {}
RESULT: {}
]]></system-out>
    </testcase>
    <testcase classname="chrome.136_0_7103_93.windows.Provide_to_Site_w/o_warehouse_management_w_clarification" name="Should create a new contract" time="75.506">
      <system-out><![CDATA[
COMMAND: POST /session/db7e74ddcaedfecfca9d83c19254142b/execute/async - {"script":"<script> [1562 bytes]","args":[{"selector":{"controlType":"sap.m.GenericTile","properties":{"header":"Manage Contracts"}},"wdio_ui5_key":"sapm.GenericTile{\"header\":\"Manage Contracts\"}"}]}
RESULT: {"script":"<script> [1562 bytes]","args":[{"selector":{"controlType":"sap.m.GenericTile","properties":{"header":"Manage Contracts"}},"wdio_ui5_key":"sapm.GenericTile{\"header\":\"Manage Contracts\"}"}]}
RESULT: undefined
COMMAND: POST /session/db7e74ddcaedfecfca9d83c19254142b/element - {"using":"xpath","value":"//*[@id=\"__tile130\"]"}
RESULT: {"using":"xpath","value":"//*[@id=\"__tile130\"]"}
COMMAND: POST /session/db7e74ddcaedfecfca9d83c19254142b/element/f.624D7720A2383BCF46C1895FE70984DD.d.B4BA98F8EE8492018AECC54D801AEAB6.e.11288/click - {}
RESULT: {}
COMMAND: GET /session/db7e74ddcaedfecfca9d83c19254142b/screenshot - {}
RESULT: {}
COMMAND: POST /session/db7e74ddcaedfecfca9d83c19254142b/elements - {"using":"xpath","value":"//span[text()='Error']"}
RESULT: {"using":"xpath","value":"//span[text()='Error']"}
COMMAND: POST /session/db7e74ddcaedfecfca9d83c19254142b/element - {"using":"xpath","value":"//button[@data-kt=\"addButton\"]"}
RESULT: {"using":"xpath","value":"//button[@data-kt=\"addButton\"]"}
COMMAND: POST /session/db7e74ddcaedfecfca9d83c19254142b/elements - {"using":"xpath","value":"//button[@data-kt=\"addButton\"]"}
RESULT: {"using":"xpath","value":"//button[@data-kt=\"addButton\"]"}
COMMAND: POST /session/db7e74ddcaedfecfca9d83c19254142b/execute/sync - {"script":"<script> [8489 bytes]","args":[{"element-6066-11e4-a52e-4f735466cecf":"f.624D7720A2383BCF46C1895FE70984DD.d.B4BA98F8EE8492018AECC54D801AEAB6.e.14930","ELEMENT":"f.624D7720A2383BCF46C1895FE70984DD.d.B4BA98F8EE8492018AECC54D801AEAB6.e.14930"}]}
RESULT: {"script":"<script> [8489 bytes]","args":[{"element-6066-11e4-a52e-4f735466cecf":"f.624D7720A2383BCF46C1895FE70984DD.d.B4BA98F8EE8492018AECC54D801AEAB6.e.14930","ELEMENT":"f.624D7720A2383BCF46C1895FE70984DD.d.B4BA98F8EE8492018AECC54D801AEAB6.e.14930"}]}
COMMAND: GET /session/db7e74ddcaedfecfca9d83c19254142b/element/f.624D7720A2383BCF46C1895FE70984DD.d.B4BA98F8EE8492018AECC54D801AEAB6.e.14930/enabled - {}
COMMAND: GET /session/db7e74ddcaedfecfca9d83c19254142b/screenshot - {}
RESULT: {}
COMMAND: POST /session/db7e74ddcaedfecfca9d83c19254142b/execute/sync - {"script":"<script> [8489 bytes]","args":[{"element-6066-11e4-a52e-4f735466cecf":"f.624D7720A2383BCF46C1895FE70984DD.d.B4BA98F8EE8492018AECC54D801AEAB6.e.14930","ELEMENT":"f.624D7720A2383BCF46C1895FE70984DD.d.B4BA98F8EE8492018AECC54D801AEAB6.e.14930"}]}
COMMAND: GET /session/db7e74ddcaedfecfca9d83c19254142b/screenshot - {}
RESULT: {}
RESULT: {"script":"<script> [8489 bytes]","args":[{"element-6066-11e4-a52e-4f735466cecf":"f.624D7720A2383BCF46C1895FE70984DD.d.B4BA98F8EE8492018AECC54D801AEAB6.e.14930","ELEMENT":"f.624D7720A2383BCF46C1895FE70984DD.d.B4BA98F8EE8492018AECC54D801AEAB6.e.14930"}]}
COMMAND: POST /session/db7e74ddcaedfecfca9d83c19254142b/execute/sync - {"script":"<script> [5351 bytes]","args":[{"element-6066-11e4-a52e-4f735466cecf":"f.624D7720A2383BCF46C1895FE70984DD.d.B4BA98F8EE8492018AECC54D801AEAB6.e.14930","ELEMENT":"f.624D7720A2383BCF46C1895FE70984DD.d.B4BA98F8EE8492018AECC54D801AEAB6.e.14930"}]}
COMMAND: GET /session/db7e74ddcaedfecfca9d83c19254142b/screenshot - {}
RESULT: {}
RESULT: {"script":"<script> [5351 bytes]","args":[{"element-6066-11e4-a52e-4f735466cecf":"f.624D7720A2383BCF46C1895FE70984DD.d.B4BA98F8EE8492018AECC54D801AEAB6.e.14930","ELEMENT":"f.624D7720A2383BCF46C1895FE70984DD.d.B4BA98F8EE8492018AECC54D801AEAB6.e.14930"}]}
COMMAND: GET /session/db7e74ddcaedfecfca9d83c19254142b/screenshot - {}
RESULT: {}
RESULT: {}
COMMAND: POST /session/db7e74ddcaedfecfca9d83c19254142b/element/f.624D7720A2383BCF46C1895FE70984DD.d.B4BA98F8EE8492018AECC54D801AEAB6.e.14930/click - {}
RESULT: {}
COMMAND: GET /session/db7e74ddcaedfecfca9d83c19254142b/screenshot - {}
COMMAND: POST /session/db7e74ddcaedfecfca9d83c19254142b/execute/async - {"script":"<script> [1562 bytes]","args":[{"selector":{"id":"application-managecontracts-display-component---AddNewContract--projectDescription","interaction":{"idSuffix":"inner"}},"wdio_ui5_key":"applicationmanagecontracts-display-component---AddNewContract--projectDescription"}]}
RESULT: {}
RESULT: {"script":"<script> [1562 bytes]","args":[{"selector":{"id":"application-managecontracts-display-component---AddNewContract--projectDescription","interaction":{"idSuffix":"inner"}},"wdio_ui5_key":"applicationmanagecontracts-display-component---AddNewContract--projectDescription"}]}
RESULT: undefined
COMMAND: POST /session/db7e74ddcaedfecfca9d83c19254142b/execute/async - {"script":"<script> [776 bytes]","args":[{"enterText":"Contract WDIO","selector":{"id":"application-managecontracts-display-component---AddNewContract--projectDescription","interaction":{"idSuffix":"inner"}},"clearTextFirst":true,"interactionType":"ENTER_TEXT"}]}
RESULT: {"script":"<script> [776 bytes]","args":[{"enterText":"Contract WDIO","selector":{"id":"application-managecontracts-display-component---AddNewContract--projectDescription","interaction":{"idSuffix":"inner"}},"clearTextFirst":true,"interactionType":"ENTER_TEXT"}]}
COMMAND: POST /session/db7e74ddcaedfecfca9d83c19254142b/element - {"using":"xpath","value":"//input[@id=\"application-managecontracts-display-component---AddNewContract--site-inner\"]"}
RESULT: {"using":"xpath","value":"//input[@id=\"application-managecontracts-display-component---AddNewContract--site-inner\"]"}
COMMAND: POST /session/db7e74ddcaedfecfca9d83c19254142b/element/f.624D7720A2383BCF46C1895FE70984DD.d.B4BA98F8EE8492018AECC54D801AEAB6.e.15250/clear - {}
RESULT: {}
COMMAND: POST /session/db7e74ddcaedfecfca9d83c19254142b/element/f.624D7720A2383BCF46C1895FE70984DD.d.B4BA98F8EE8492018AECC54D801AEAB6.e.15250/value - {"text":"2161"}
COMMAND: GET /session/db7e74ddcaedfecfca9d83c19254142b/screenshot - {}
RESULT: {"text":"2161"}
COMMAND: GET /session/db7e74ddcaedfecfca9d83c19254142b/screenshot - {}
RESULT: {}
RESULT: {}
COMMAND: POST /session/db7e74ddcaedfecfca9d83c19254142b/element - {"using":"xpath","value":"//li[.//span[text()='2161']]"}
RESULT: {"using":"xpath","value":"//li[.//span[text()='2161']]"}
COMMAND: POST /session/db7e74ddcaedfecfca9d83c19254142b/element/f.624D7720A2383BCF46C1895FE70984DD.d.B4BA98F8EE8492018AECC54D801AEAB6.e.15332/click - {}
RESULT: {}
COMMAND: GET /session/db7e74ddcaedfecfca9d83c19254142b/screenshot - {}
RESULT: {}
COMMAND: POST /session/db7e74ddcaedfecfca9d83c19254142b/element - {"using":"xpath","value":"//input[@id=\"application-managecontracts-display-component---AddNewContract--yardId-inner\"]"}
RESULT: {"using":"xpath","value":"//input[@id=\"application-managecontracts-display-component---AddNewContract--yardId-inner\"]"}
COMMAND: GET /session/db7e74ddcaedfecfca9d83c19254142b/element/f.624D7720A2383BCF46C1895FE70984DD.d.B4BA98F8EE8492018AECC54D801AEAB6.e.15251/property/value - {}
RESULT: {}
COMMAND: POST /session/db7e74ddcaedfecfca9d83c19254142b/element - {"using":"xpath","value":"//input[@id=\"application-managecontracts-display-component---AddNewContract--customerSelect-inner\"]"}
COMMAND: GET /session/db7e74ddcaedfecfca9d83c19254142b/screenshot - {}
RESULT: {"using":"xpath","value":"//input[@id=\"application-managecontracts-display-component---AddNewContract--customerSelect-inner\"]"}
COMMAND: POST /session/db7e74ddcaedfecfca9d83c19254142b/element/f.624D7720A2383BCF46C1895FE70984DD.d.B4BA98F8EE8492018AECC54D801AEAB6.e.15249/clear - {}
RESULT: {}
RESULT: {}
COMMAND: POST /session/db7e74ddcaedfecfca9d83c19254142b/element/f.624D7720A2383BCF46C1895FE70984DD.d.B4BA98F8EE8492018AECC54D801AEAB6.e.15249/value - {"text":"1172"}
COMMAND: GET /session/db7e74ddcaedfecfca9d83c19254142b/screenshot - {}
RESULT: {"text":"1172"}
COMMAND: GET /session/db7e74ddcaedfecfca9d83c19254142b/screenshot - {}
RESULT: {}
RESULT: {}
COMMAND: POST /session/db7e74ddcaedfecfca9d83c19254142b/element - {"using":"xpath","value":"//li[.//span[text()='1172']]"}
RESULT: {"using":"xpath","value":"//li[.//span[text()='1172']]"}
COMMAND: POST /session/db7e74ddcaedfecfca9d83c19254142b/element/f.624D7720A2383BCF46C1895FE70984DD.d.B4BA98F8EE8492018AECC54D801AEAB6.e.15335/click - {}
RESULT: {}
COMMAND: GET /session/db7e74ddcaedfecfca9d83c19254142b/screenshot - {}
RESULT: {}
COMMAND: POST /session/db7e74ddcaedfecfca9d83c19254142b/element - {"using":"xpath","value":"//button[@data-kt=\"saveButton\"]"}
RESULT: {"using":"xpath","value":"//button[@data-kt=\"saveButton\"]"}
COMMAND: POST /session/db7e74ddcaedfecfca9d83c19254142b/element/f.624D7720A2383BCF46C1895FE70984DD.d.B4BA98F8EE8492018AECC54D801AEAB6.e.15323/click - {}
RESULT: {}
COMMAND: GET /session/db7e74ddcaedfecfca9d83c19254142b/screenshot - {}
RESULT: {}
COMMAND: POST /session/db7e74ddcaedfecfca9d83c19254142b/element - {"using":"xpath","value":"//span[contains(@id ,\"contractDetailTitleNoExpanded\")]"}
RESULT: {"using":"xpath","value":"//span[contains(@id ,\"contractDetailTitleNoExpanded\")]"}
COMMAND: POST /session/db7e74ddcaedfecfca9d83c19254142b/elements - {"using":"xpath","value":"//span[contains(@id ,\"contractDetailTitleNoExpanded\")]"}
RESULT: {"using":"xpath","value":"//span[contains(@id ,\"contractDetailTitleNoExpanded\")]"}
COMMAND: POST /session/db7e74ddcaedfecfca9d83c19254142b/execute/sync - {"script":"<script> [56 bytes]","args":[{"element-6066-11e4-a52e-4f735466cecf":"f.624D7720A2383BCF46C1895FE70984DD.d.B4BA98F8EE8492018AECC54D801AEAB6.e.15349","ELEMENT":"f.624D7720A2383BCF46C1895FE70984DD.d.B4BA98F8EE8492018AECC54D801AEAB6.e.15349"}]}
RESULT: {"script":"<script> [56 bytes]","args":[{"element-6066-11e4-a52e-4f735466cecf":"f.624D7720A2383BCF46C1895FE70984DD.d.B4BA98F8EE8492018AECC54D801AEAB6.e.15349","ELEMENT":"f.624D7720A2383BCF46C1895FE70984DD.d.B4BA98F8EE8492018AECC54D801AEAB6.e.15349"}]}
COMMAND: GET /session/db7e74ddcaedfecfca9d83c19254142b/screenshot - {}
RESULT: {}
]]></system-out>
    </testcase>
    <testcase classname="chrome.136_0_7103_93.windows.Provide_to_Site_w/o_warehouse_management_w_clarification" name="Should add equipment to the contract" time="60.22">
      <system-out><![CDATA[
COMMAND: POST /session/db7e74ddcaedfecfca9d83c19254142b/element - {"using":"xpath","value":"//button[@data-kt=\"contractDetailEditBtnButton\"]"}
RESULT: {"using":"xpath","value":"//button[@data-kt=\"contractDetailEditBtnButton\"]"}
COMMAND: POST /session/db7e74ddcaedfecfca9d83c19254142b/element/f.624D7720A2383BCF46C1895FE70984DD.d.B4BA98F8EE8492018AECC54D801AEAB6.e.15351/click - {}
RESULT: {}
COMMAND: GET /session/db7e74ddcaedfecfca9d83c19254142b/screenshot - {}
RESULT: {}
COMMAND: POST /session/db7e74ddcaedfecfca9d83c19254142b/element - {"using":"xpath","value":"(//span[contains(text(), \"Additional Addresses\")])[2]"}
RESULT: {"using":"xpath","value":"(//span[contains(text(), \"Additional Addresses\")])[2]"}
COMMAND: POST /session/db7e74ddcaedfecfca9d83c19254142b/element/f.624D7720A2383BCF46C1895FE70984DD.d.B4BA98F8EE8492018AECC54D801AEAB6.e.15407/click - {}
RESULT: {}
COMMAND: GET /session/db7e74ddcaedfecfca9d83c19254142b/screenshot - {}
RESULT: {}
COMMAND: POST /session/db7e74ddcaedfecfca9d83c19254142b/element - {"using":"xpath","value":"//button[@data-kt=\"btnAddTableRowOverflowToolbarButton\"]"}
RESULT: {"using":"xpath","value":"//button[@data-kt=\"btnAddTableRowOverflowToolbarButton\"]"}
COMMAND: POST /session/db7e74ddcaedfecfca9d83c19254142b/element/f.624D7720A2383BCF46C1895FE70984DD.d.B4BA98F8EE8492018AECC54D801AEAB6.e.15410/click - {}
RESULT: {}
COMMAND: GET /session/db7e74ddcaedfecfca9d83c19254142b/screenshot - {}
RESULT: {}
COMMAND: POST /session/db7e74ddcaedfecfca9d83c19254142b/element - {"using":"xpath","value":"//div[(text() = 'Standard Entry' or . = 'Standard Entry')]"}
RESULT: {"using":"xpath","value":"//div[(text() = 'Standard Entry' or . = 'Standard Entry')]"}
COMMAND: POST /session/db7e74ddcaedfecfca9d83c19254142b/element/f.624D7720A2383BCF46C1895FE70984DD.d.B4BA98F8EE8492018AECC54D801AEAB6.e.15412/click - {}
RESULT: {}
COMMAND: GET /session/db7e74ddcaedfecfca9d83c19254142b/screenshot - {}
RESULT: {}
COMMAND: POST /session/db7e74ddcaedfecfca9d83c19254142b/element - {"using":"xpath","value":"//td[6]/div/div/div/span"}
RESULT: {"using":"xpath","value":"//td[6]/div/div/div/span"}
COMMAND: POST /session/db7e74ddcaedfecfca9d83c19254142b/element/f.624D7720A2383BCF46C1895FE70984DD.d.B4BA98F8EE8492018AECC54D801AEAB6.e.15424/click - {}
RESULT: {}
COMMAND: GET /session/db7e74ddcaedfecfca9d83c19254142b/screenshot - {}
RESULT: {}
COMMAND: POST /session/db7e74ddcaedfecfca9d83c19254142b/element - {"using":"xpath","value":"(//span[contains(text(), \"Material\")])"}
RESULT: {"using":"xpath","value":"(//span[contains(text(), \"Material\")])"}
COMMAND: POST /session/db7e74ddcaedfecfca9d83c19254142b/element/f.624D7720A2383BCF46C1895FE70984DD.d.B4BA98F8EE8492018AECC54D801AEAB6.e.15425/click - {}
RESULT: {}
COMMAND: GET /session/db7e74ddcaedfecfca9d83c19254142b/screenshot - {}
RESULT: {}
COMMAND: POST /session/db7e74ddcaedfecfca9d83c19254142b/element - {"using":"xpath","value":"//td[7]/div/div/input"}
RESULT: {"using":"xpath","value":"//td[7]/div/div/input"}
COMMAND: POST /session/db7e74ddcaedfecfca9d83c19254142b/element/f.624D7720A2383BCF46C1895FE70984DD.d.B4BA98F8EE8492018AECC54D801AEAB6.e.15429/clear - {}
RESULT: {}
COMMAND: POST /session/db7e74ddcaedfecfca9d83c19254142b/element/f.624D7720A2383BCF46C1895FE70984DD.d.B4BA98F8EE8492018AECC54D801AEAB6.e.15429/value - {"text":"200186"}
COMMAND: GET /session/db7e74ddcaedfecfca9d83c19254142b/screenshot - {}
RESULT: {"text":"200186"}
COMMAND: GET /session/db7e74ddcaedfecfca9d83c19254142b/screenshot - {}
RESULT: {}
RESULT: {}
COMMAND: POST /session/db7e74ddcaedfecfca9d83c19254142b/actions - {"actions":[{"id":"action48","type":"key","parameters":{},"actions":[{"type":"keyDown","value":""},{"type":"pause","duration":10},{"type":"keyUp","value":""}]}]}
RESULT: {"actions":[{"id":"action48","type":"key","parameters":{},"actions":[{"type":"keyDown","value":""},{"type":"pause","duration":10},{"type":"keyUp","value":""}]}]}
COMMAND: GET /session/db7e74ddcaedfecfca9d83c19254142b/screenshot - {}
RESULT: {}
COMMAND: POST /session/db7e74ddcaedfecfca9d83c19254142b/execute/sync - {"script":"<script> [276 bytes]","args":["No pricing information was found"]}
RESULT: {"script":"<script> [276 bytes]","args":["No pricing information was found"]}
COMMAND: POST /session/db7e74ddcaedfecfca9d83c19254142b/element - {"using":"xpath","value":"//bdi[contains(text(), \"OK\")]"}
COMMAND: GET /session/db7e74ddcaedfecfca9d83c19254142b/screenshot - {}
RESULT: {"using":"xpath","value":"//bdi[contains(text(), \"OK\")]"}
COMMAND: POST /session/db7e74ddcaedfecfca9d83c19254142b/element/f.624D7720A2383BCF46C1895FE70984DD.d.B4BA98F8EE8492018AECC54D801AEAB6.e.15455/click - {}
RESULT: {}
RESULT: {}
COMMAND: GET /session/db7e74ddcaedfecfca9d83c19254142b/screenshot - {}
RESULT: {}
COMMAND: POST /session/db7e74ddcaedfecfca9d83c19254142b/element - {"using":"xpath","value":"(//button[@data-kt=\"saveButton\"])[2]"}
RESULT: {"using":"xpath","value":"(//button[@data-kt=\"saveButton\"])[2]"}
COMMAND: POST /session/db7e74ddcaedfecfca9d83c19254142b/element/f.624D7720A2383BCF46C1895FE70984DD.d.B4BA98F8EE8492018AECC54D801AEAB6.e.15456/click - {}
RESULT: {}
COMMAND: GET /session/db7e74ddcaedfecfca9d83c19254142b/screenshot - {}
RESULT: {}
COMMAND: POST /session/db7e74ddcaedfecfca9d83c19254142b/execute/sync - {"script":"<script> [276 bytes]","args":["Some contract items are having rental validity exceeding header rental validity"]}
RESULT: {"script":"<script> [276 bytes]","args":["Some contract items are having rental validity exceeding header rental validity"]}
COMMAND: GET /session/db7e74ddcaedfecfca9d83c19254142b/screenshot - {}
RESULT: {}
COMMAND: POST /session/db7e74ddcaedfecfca9d83c19254142b/element - {"using":"xpath","value":"//span[contains(@id ,\"contractItemsSmartTable-header-inner\")]"}
RESULT: {"using":"xpath","value":"//span[contains(@id ,\"contractItemsSmartTable-header-inner\")]"}
COMMAND: POST /session/db7e74ddcaedfecfca9d83c19254142b/elements - {"using":"xpath","value":"//span[contains(@id ,\"contractItemsSmartTable-header-inner\")]"}
RESULT: {"using":"xpath","value":"//span[contains(@id ,\"contractItemsSmartTable-header-inner\")]"}
COMMAND: POST /session/db7e74ddcaedfecfca9d83c19254142b/execute/sync - {"script":"<script> [56 bytes]","args":[{"element-6066-11e4-a52e-4f735466cecf":"f.624D7720A2383BCF46C1895FE70984DD.d.B4BA98F8EE8492018AECC54D801AEAB6.e.15460","ELEMENT":"f.624D7720A2383BCF46C1895FE70984DD.d.B4BA98F8EE8492018AECC54D801AEAB6.e.15460"}]}
RESULT: {"script":"<script> [56 bytes]","args":[{"element-6066-11e4-a52e-4f735466cecf":"f.624D7720A2383BCF46C1895FE70984DD.d.B4BA98F8EE8492018AECC54D801AEAB6.e.15460","ELEMENT":"f.624D7720A2383BCF46C1895FE70984DD.d.B4BA98F8EE8492018AECC54D801AEAB6.e.15460"}]}
]]></system-out>
    </testcase>
    <testcase classname="chrome.136_0_7103_93.windows.Provide_to_Site_w/o_warehouse_management_w_clarification" name="Should do provide to site" time="131.547">
      <failure/>
      <error message="element click intercepted: Element &lt;button id=&quot;__button416&quot; data-sap-ui=&quot;__button416&quot; data-sap-ui-render=&quot;&quot; data-kt=&quot;ReceivingTableConfirmAllButton&quot; data-ui5-accesskey=&quot;c&quot; aria-describedby=&quot;__button416-tooltip&quot; title=&quot;Confirm All&quot; class=&quot;sapMBtnBase sapMBtn sapMColumnHeaderContent&quot;>...&lt;/button> is not clickable at point (726, 801). Other element would receive the click: &lt;div id=&quot;sap-ui-blocklayer-popup&quot; tabindex=&quot;0&quot; class=&quot;sapUiBLy&quot; style=&quot;z-index: 709; visibility: visible;&quot;>&lt;/div>&#xA;  (Session info: chrome=136.0.7103.93)"/>
      <system-out><![CDATA[
COMMAND: POST /session/db7e74ddcaedfecfca9d83c19254142b/element - {"using":"xpath","value":"//button[@data-kt=\"provideButton\"]"}
COMMAND: GET /session/db7e74ddcaedfecfca9d83c19254142b/screenshot - {}
RESULT: {"using":"xpath","value":"//button[@data-kt=\"provideButton\"]"}
COMMAND: POST /session/db7e74ddcaedfecfca9d83c19254142b/element/f.624D7720A2383BCF46C1895FE70984DD.d.B4BA98F8EE8492018AECC54D801AEAB6.e.15461/click - {}
RESULT: {}
RESULT: {}
COMMAND: GET /session/db7e74ddcaedfecfca9d83c19254142b/screenshot - {}
RESULT: {}
COMMAND: POST /session/db7e74ddcaedfecfca9d83c19254142b/element - {"using":"xpath","value":"(//div[contains(@id, \"application-managehandovers-display-component---AddNewHO--oneStep-CbBg\")])"}
RESULT: {"using":"xpath","value":"(//div[contains(@id, \"application-managehandovers-display-component---AddNewHO--oneStep-CbBg\")])"}
COMMAND: POST /session/db7e74ddcaedfecfca9d83c19254142b/element - {"using":"xpath","value":"(//div[contains(@id, \"application-managehandovers-display-component---AddNewHO--oneStep-CbBg\")])/input"}
RESULT: {"using":"xpath","value":"(//div[contains(@id, \"application-managehandovers-display-component---AddNewHO--oneStep-CbBg\")])/input"}
COMMAND: GET /session/db7e74ddcaedfecfca9d83c19254142b/element/f.624D7720A2383BCF46C1895FE70984DD.d.B4BA98F8EE8492018AECC54D801AEAB6.e.15522/attribute/checked - {}
RESULT: {}
RESULT: undefined
COMMAND: POST /session/db7e74ddcaedfecfca9d83c19254142b/execute/async - {"script":"<script> [6424 bytes]","args":[{"element-6066-11e4-a52e-4f735466cecf":"f.624D7720A2383BCF46C1895FE70984DD.d.B4BA98F8EE8492018AECC54D801AEAB6.e.14475"},"setValue",["05/26/25"]]}
COMMAND: POST /session/db7e74ddcaedfecfca9d83c19254142b/element/f.624D7720A2383BCF46C1895FE70984DD.d.B4BA98F8EE8492018AECC54D801AEAB6.e.15630/click - {}
RESULT: {}
COMMAND: GET /session/db7e74ddcaedfecfca9d83c19254142b/screenshot - {}
COMMAND: POST /session/db7e74ddcaedfecfca9d83c19254142b/execute/async - {"script":"<script> [1562 bytes]","args":[{"selector":{"id":"application-managehandovers-display-component---AddNewHO--dueDate","interaction":{"idSuffix":"inner"}},"wdio_ui5_key":"applicationmanagehandovers-display-component---AddNewHO--dueDate"}]}
RESULT: {}
RESULT: {"script":"<script> [1562 bytes]","args":[{"selector":{"id":"application-managehandovers-display-component---AddNewHO--dueDate","interaction":{"idSuffix":"inner"}},"wdio_ui5_key":"applicationmanagehandovers-display-component---AddNewHO--dueDate"}]}
COMMAND: POST /session/db7e74ddcaedfecfca9d83c19254142b/execute/async - {"script":"<script> [6424 bytes]","args":[{"element-6066-11e4-a52e-4f735466cecf":"f.624D7720A2383BCF46C1895FE70984DD.d.B4BA98F8EE8492018AECC54D801AEAB6.e.15518"},"setValue",["05/26/25"]]}
RESULT: {"script":"<script> [6424 bytes]","args":[{"element-6066-11e4-a52e-4f735466cecf":"f.624D7720A2383BCF46C1895FE70984DD.d.B4BA98F8EE8492018AECC54D801AEAB6.e.15518"},"setValue",["05/26/25"]]}
COMMAND: POST /session/db7e74ddcaedfecfca9d83c19254142b/element - {"using":"xpath","value":"//bdi[contains(text(), \"Instructions\")]"}
RESULT: {"using":"xpath","value":"//bdi[contains(text(), \"Instructions\")]"}
COMMAND: POST /session/db7e74ddcaedfecfca9d83c19254142b/element/f.624D7720A2383BCF46C1895FE70984DD.d.B4BA98F8EE8492018AECC54D801AEAB6.e.15632/click - {}
RESULT: {}
COMMAND: GET /session/db7e74ddcaedfecfca9d83c19254142b/screenshot - {}
RESULT: {}
COMMAND: POST /session/db7e74ddcaedfecfca9d83c19254142b/element - {"using":"xpath","value":"//button[@data-kt=\"AddNewHOProvideAddItemsButton\"]"}
RESULT: {"using":"xpath","value":"//button[@data-kt=\"AddNewHOProvideAddItemsButton\"]"}
COMMAND: POST /session/db7e74ddcaedfecfca9d83c19254142b/element/f.624D7720A2383BCF46C1895FE70984DD.d.B4BA98F8EE8492018AECC54D801AEAB6.e.15636/click - {}
RESULT: {}
COMMAND: GET /session/db7e74ddcaedfecfca9d83c19254142b/screenshot - {}
RESULT: {}
RESULT: undefined
COMMAND: POST /session/db7e74ddcaedfecfca9d83c19254142b/element - {"using":"xpath","value":"//*[@id=\"application-managehandovers-display-component---AddNewHO--popup-sa\"]"}
RESULT: {"using":"xpath","value":"//*[@id=\"application-managehandovers-display-component---AddNewHO--popup-sa\"]"}
COMMAND: POST /session/db7e74ddcaedfecfca9d83c19254142b/element/f.624D7720A2383BCF46C1895FE70984DD.d.B4BA98F8EE8492018AECC54D801AEAB6.e.15646/click - {}
RESULT: {}
COMMAND: GET /session/db7e74ddcaedfecfca9d83c19254142b/screenshot - {}
RESULT: {}
COMMAND: POST /session/db7e74ddcaedfecfca9d83c19254142b/element - {"using":"xpath","value":"//*[contains(@id ,\"BDI-content\")][contains(text(), \"Select\")]"}
RESULT: {"using":"xpath","value":"//*[contains(@id ,\"BDI-content\")][contains(text(), \"Select\")]"}
COMMAND: POST /session/db7e74ddcaedfecfca9d83c19254142b/element/f.624D7720A2383BCF46C1895FE70984DD.d.B4BA98F8EE8492018AECC54D801AEAB6.e.15647/click - {}
RESULT: {}
COMMAND: GET /session/db7e74ddcaedfecfca9d83c19254142b/screenshot - {}
RESULT: {}
COMMAND: POST /session/db7e74ddcaedfecfca9d83c19254142b/execute/async - {"script":"<script> [1562 bytes]","args":[{"selector":{"id":"application-managehandovers-display-component---AddNewHO--confirmCreationButton","interaction":{"idSuffix":"BDI-content"}},"wdio_ui5_key":"applicationmanagehandovers-display-component---AddNewHO--confirmCreationButton"}]}
RESULT: {"script":"<script> [1562 bytes]","args":[{"selector":{"id":"application-managehandovers-display-component---AddNewHO--confirmCreationButton","interaction":{"idSuffix":"BDI-content"}},"wdio_ui5_key":"applicationmanagehandovers-display-component---AddNewHO--confirmCreationButton"}]}
RESULT: undefined
COMMAND: POST /session/db7e74ddcaedfecfca9d83c19254142b/element - {"using":"xpath","value":"//*[@id=\"application-managehandovers-display-component---AddNewHO--confirmCreationButton\"]"}
RESULT: {"using":"xpath","value":"//*[@id=\"application-managehandovers-display-component---AddNewHO--confirmCreationButton\"]"}
COMMAND: POST /session/db7e74ddcaedfecfca9d83c19254142b/element/f.624D7720A2383BCF46C1895FE70984DD.d.B4BA98F8EE8492018AECC54D801AEAB6.e.15590/click - {}
RESULT: {}
COMMAND: GET /session/db7e74ddcaedfecfca9d83c19254142b/screenshot - {}
RESULT: {}
COMMAND: POST /session/db7e74ddcaedfecfca9d83c19254142b/execute/async - {"script":"<script> [1562 bytes]","args":[{"selector":{"id":"issueDatePicker","viewName":"etm.portal.ui.managehandovers.view.DetailExecuteHO","interaction":{"idSuffix":"inner"}},"wdio_ui5_key":"issueDatePickeretmportal.ui.managehandovers.view.DetailExecuteHO"}]}
RESULT: {"script":"<script> [1562 bytes]","args":[{"selector":{"id":"issueDatePicker","viewName":"etm.portal.ui.managehandovers.view.DetailExecuteHO","interaction":{"idSuffix":"inner"}},"wdio_ui5_key":"issueDatePickeretmportal.ui.managehandovers.view.DetailExecuteHO"}]}
RESULT: undefined
COMMAND: POST /session/db7e74ddcaedfecfca9d83c19254142b/execute/async - {"script":"<script> [776 bytes]","args":[{"enterText":"5/26/25","selector":{"id":"issueDatePicker","viewName":"etm.portal.ui.managehandovers.view.DetailExecuteHO","interaction":{"idSuffix":"inner"}},"clearTextFirst":true,"interactionType":"ENTER_TEXT"}]}
RESULT: {"script":"<script> [776 bytes]","args":[{"enterText":"5/26/25","selector":{"id":"issueDatePicker","viewName":"etm.portal.ui.managehandovers.view.DetailExecuteHO","interaction":{"idSuffix":"inner"}},"clearTextFirst":true,"interactionType":"ENTER_TEXT"}]}
COMMAND: POST /session/db7e74ddcaedfecfca9d83c19254142b/element - {"using":"xpath","value":"//button[@data-kt=\"PickingTableConfirmAllButton\"]"}
RESULT: {"using":"xpath","value":"//button[@data-kt=\"PickingTableConfirmAllButton\"]"}
COMMAND: POST /session/db7e74ddcaedfecfca9d83c19254142b/element/f.624D7720A2383BCF46C1895FE70984DD.d.B4BA98F8EE8492018AECC54D801AEAB6.e.15704/click - {}
RESULT: {}
COMMAND: GET /session/db7e74ddcaedfecfca9d83c19254142b/screenshot - {}
RESULT: {}
COMMAND: POST /session/db7e74ddcaedfecfca9d83c19254142b/element - {"using":"xpath","value":"//bdi[contains(text(), \"OK\")]"}
RESULT: {"using":"xpath","value":"//bdi[contains(text(), \"OK\")]"}
COMMAND: POST /session/db7e74ddcaedfecfca9d83c19254142b/element/f.624D7720A2383BCF46C1895FE70984DD.d.B4BA98F8EE8492018AECC54D801AEAB6.e.15707/click - {}
RESULT: {}
COMMAND: GET /session/db7e74ddcaedfecfca9d83c19254142b/screenshot - {}
RESULT: {}
COMMAND: POST /session/db7e74ddcaedfecfca9d83c19254142b/element - {"using":"xpath","value":"//button[@data-kt=\"execHoPickButton\"]"}
RESULT: {"using":"xpath","value":"//button[@data-kt=\"execHoPickButton\"]"}
COMMAND: POST /session/db7e74ddcaedfecfca9d83c19254142b/element/f.624D7720A2383BCF46C1895FE70984DD.d.B4BA98F8EE8492018AECC54D801AEAB6.e.15709/click - {}
RESULT: {}
COMMAND: GET /session/db7e74ddcaedfecfca9d83c19254142b/screenshot - {}
RESULT: {}
COMMAND: POST /session/db7e74ddcaedfecfca9d83c19254142b/element - {"using":"xpath","value":"//span[contains(@id ,\"filterItemControl_BASIC-RECEIVE_CONTRACT-vhi\")]"}
RESULT: {"using":"xpath","value":"//span[contains(@id ,\"filterItemControl_BASIC-RECEIVE_CONTRACT-vhi\")]"}
COMMAND: POST /session/db7e74ddcaedfecfca9d83c19254142b/element/f.624D7720A2383BCF46C1895FE70984DD.d.B4BA98F8EE8492018AECC54D801AEAB6.e.15781/click - {}
RESULT: {}
COMMAND: GET /session/db7e74ddcaedfecfca9d83c19254142b/screenshot - {}
RESULT: {}
COMMAND: POST /session/db7e74ddcaedfecfca9d83c19254142b/execute/async - {"script":"<script> [1562 bytes]","args":[{"selector":{"controlType":"sap.m.SearchField","viewName":"etm.portal.ui.managehandovers.view.MasterHO","bindingPath":{"path":"","propertyPath":"/_BASIC_SEARCH_FIELD","modelName":"fi1t3rM0d31"},"searchOpenDialogs":true,"interaction":{"idSuffix":"I"}},"wdio_ui5_key":"etmportal.ui.managehandovers.view.MasterHOsap.m.SearchField{\"path\":\"\",\"propertyPath\":\"/_BASIC_SEARCH_FIELD\",\"modelName\":\"fi1t3rM0d31\"}"}]}
RESULT: {"script":"<script> [1562 bytes]","args":[{"selector":{"controlType":"sap.m.SearchField","viewName":"etm.portal.ui.managehandovers.view.MasterHO","bindingPath":{"path":"","propertyPath":"/_BASIC_SEARCH_FIELD","modelName":"fi1t3rM0d31"},"searchOpenDialogs":true,"interaction":{"idSuffix":"I"}},"wdio_ui5_key":"etmportal.ui.managehandovers.view.MasterHOsap.m.SearchField{\"path\":\"\",\"propertyPath\":\"/_BASIC_SEARCH_FIELD\",\"modelName\":\"fi1t3rM0d31\"}"}]}
RESULT: undefined
COMMAND: POST /session/db7e74ddcaedfecfca9d83c19254142b/execute/async - {"script":"<script> [776 bytes]","args":[{"enterText":"10275","selector":{"controlType":"sap.m.SearchField","viewName":"etm.portal.ui.managehandovers.view.MasterHO","bindingPath":{"path":"","propertyPath":"/_BASIC_SEARCH_FIELD","modelName":"fi1t3rM0d31"},"searchOpenDialogs":true,"interaction":{"idSuffix":"I"}},"clearTextFirst":true,"interactionType":"ENTER_TEXT"}]}
RESULT: {"script":"<script> [776 bytes]","args":[{"enterText":"10275","selector":{"controlType":"sap.m.SearchField","viewName":"etm.portal.ui.managehandovers.view.MasterHO","bindingPath":{"path":"","propertyPath":"/_BASIC_SEARCH_FIELD","modelName":"fi1t3rM0d31"},"searchOpenDialogs":true,"interaction":{"idSuffix":"I"}},"clearTextFirst":true,"interactionType":"ENTER_TEXT"}]}
COMMAND: POST /session/db7e74ddcaedfecfca9d83c19254142b/actions - {"actions":[{"id":"action49","type":"key","parameters":{},"actions":[{"type":"keyDown","value":""},{"type":"pause","duration":10},{"type":"keyUp","value":""}]}]}
RESULT: {"actions":[{"id":"action49","type":"key","parameters":{},"actions":[{"type":"keyDown","value":""},{"type":"pause","duration":10},{"type":"keyUp","value":""}]}]}
COMMAND: GET /session/db7e74ddcaedfecfca9d83c19254142b/screenshot - {}
RESULT: {}
COMMAND: POST /session/db7e74ddcaedfecfca9d83c19254142b/element - {"using":"xpath","value":"//div[contains(@id, 'filterItemControl_BASIC-RECEIVE_CONTRACT-valueHelpDialog-table-rowsel0')]"}
RESULT: {"using":"xpath","value":"//div[contains(@id, 'filterItemControl_BASIC-RECEIVE_CONTRACT-valueHelpDialog-table-rowsel0')]"}
COMMAND: POST /session/db7e74ddcaedfecfca9d83c19254142b/element/f.624D7720A2383BCF46C1895FE70984DD.d.B4BA98F8EE8492018AECC54D801AEAB6.e.15790/click - {}
RESULT: {}
COMMAND: GET /session/db7e74ddcaedfecfca9d83c19254142b/screenshot - {}
RESULT: {}
COMMAND: POST /session/db7e74ddcaedfecfca9d83c19254142b/element - {"using":"xpath","value":"//bdi[contains(text(), \"OK\")]"}
RESULT: {"using":"xpath","value":"//bdi[contains(text(), \"OK\")]"}
COMMAND: POST /session/db7e74ddcaedfecfca9d83c19254142b/element/f.624D7720A2383BCF46C1895FE70984DD.d.B4BA98F8EE8492018AECC54D801AEAB6.e.15792/click - {}
RESULT: {}
COMMAND: GET /session/db7e74ddcaedfecfca9d83c19254142b/screenshot - {}
RESULT: {}
COMMAND: POST /session/db7e74ddcaedfecfca9d83c19254142b/element - {"using":"xpath","value":"//span[contains(@id, \"smartTable-header-inner\")]"}
RESULT: {"using":"xpath","value":"//span[contains(@id, \"smartTable-header-inner\")]"}
COMMAND: POST /session/db7e74ddcaedfecfca9d83c19254142b/elements - {"using":"xpath","value":"//span[contains(@id, \"smartTable-header-inner\")]"}
RESULT: {"using":"xpath","value":"//span[contains(@id, \"smartTable-header-inner\")]"}
COMMAND: POST /session/db7e74ddcaedfecfca9d83c19254142b/execute/sync - {"script":"<script> [56 bytes]","args":[{"element-6066-11e4-a52e-4f735466cecf":"f.624D7720A2383BCF46C1895FE70984DD.d.B4BA98F8EE8492018AECC54D801AEAB6.e.15822","ELEMENT":"f.624D7720A2383BCF46C1895FE70984DD.d.B4BA98F8EE8492018AECC54D801AEAB6.e.15822"}]}
RESULT: {"script":"<script> [56 bytes]","args":[{"element-6066-11e4-a52e-4f735466cecf":"f.624D7720A2383BCF46C1895FE70984DD.d.B4BA98F8EE8492018AECC54D801AEAB6.e.15822","ELEMENT":"f.624D7720A2383BCF46C1895FE70984DD.d.B4BA98F8EE8492018AECC54D801AEAB6.e.15822"}]}
COMMAND: POST /session/db7e74ddcaedfecfca9d83c19254142b/element - {"using":"xpath","value":"//table[contains(@id, \"customHandovers\")]//tbody/tr[1]/td[2]/span"}
COMMAND: GET /session/db7e74ddcaedfecfca9d83c19254142b/screenshot - {}
RESULT: {"using":"xpath","value":"//table[contains(@id, \"customHandovers\")]//tbody/tr[1]/td[2]/span"}
COMMAND: POST /session/db7e74ddcaedfecfca9d83c19254142b/execute/sync - {"script":"<script> [56 bytes]","args":[{"element-6066-11e4-a52e-4f735466cecf":"f.624D7720A2383BCF46C1895FE70984DD.d.B4BA98F8EE8492018AECC54D801AEAB6.e.15823","ELEMENT":"f.624D7720A2383BCF46C1895FE70984DD.d.B4BA98F8EE8492018AECC54D801AEAB6.e.15823"}]}
RESULT: {}
RESULT: {"script":"<script> [56 bytes]","args":[{"element-6066-11e4-a52e-4f735466cecf":"f.624D7720A2383BCF46C1895FE70984DD.d.B4BA98F8EE8492018AECC54D801AEAB6.e.15823","ELEMENT":"f.624D7720A2383BCF46C1895FE70984DD.d.B4BA98F8EE8492018AECC54D801AEAB6.e.15823"}]}
COMMAND: POST /session/db7e74ddcaedfecfca9d83c19254142b/element - {"using":"xpath","value":"(//span[contains(@id, \"imgNav\")])[1]"}
COMMAND: GET /session/db7e74ddcaedfecfca9d83c19254142b/screenshot - {}
RESULT: {"using":"xpath","value":"(//span[contains(@id, \"imgNav\")])[1]"}
COMMAND: POST /session/db7e74ddcaedfecfca9d83c19254142b/element/f.624D7720A2383BCF46C1895FE70984DD.d.B4BA98F8EE8492018AECC54D801AEAB6.e.15819/click - {}
RESULT: {}
RESULT: {}
COMMAND: GET /session/db7e74ddcaedfecfca9d83c19254142b/screenshot - {}
RESULT: {}
RESULT: undefined
COMMAND: POST /session/db7e74ddcaedfecfca9d83c19254142b/execute/async - {"script":"<script> [776 bytes]","args":[{"enterText":"5/26/25","selector":{"id":"issueDatePicker","viewName":"etm.portal.ui.managehandovers.view.DetailExecuteHO","interaction":{"idSuffix":"inner"}},"clearTextFirst":true,"interactionType":"ENTER_TEXT"}]}
RESULT: {"script":"<script> [776 bytes]","args":[{"enterText":"5/26/25","selector":{"id":"issueDatePicker","viewName":"etm.portal.ui.managehandovers.view.DetailExecuteHO","interaction":{"idSuffix":"inner"}},"clearTextFirst":true,"interactionType":"ENTER_TEXT"}]}
COMMAND: POST /session/db7e74ddcaedfecfca9d83c19254142b/element - {"using":"xpath","value":"//button[@data-kt=\"IssuingTableConfirmAllButton\"]"}
RESULT: {"using":"xpath","value":"//button[@data-kt=\"IssuingTableConfirmAllButton\"]"}
COMMAND: POST /session/db7e74ddcaedfecfca9d83c19254142b/element/f.624D7720A2383BCF46C1895FE70984DD.d.B4BA98F8EE8492018AECC54D801AEAB6.e.15864/click - {}
RESULT: {}
COMMAND: GET /session/db7e74ddcaedfecfca9d83c19254142b/screenshot - {}
RESULT: {}
COMMAND: POST /session/db7e74ddcaedfecfca9d83c19254142b/element - {"using":"xpath","value":"//bdi[contains(text(), \"OK\")]"}
RESULT: {"using":"xpath","value":"//bdi[contains(text(), \"OK\")]"}
COMMAND: POST /session/db7e74ddcaedfecfca9d83c19254142b/element/f.624D7720A2383BCF46C1895FE70984DD.d.B4BA98F8EE8492018AECC54D801AEAB6.e.15880/click - {}
RESULT: {}
COMMAND: GET /session/db7e74ddcaedfecfca9d83c19254142b/screenshot - {}
RESULT: {}
COMMAND: POST /session/db7e74ddcaedfecfca9d83c19254142b/element - {"using":"xpath","value":"//button[@data-kt=\"execHoIssueButton\"]"}
RESULT: {"using":"xpath","value":"//button[@data-kt=\"execHoIssueButton\"]"}
COMMAND: POST /session/db7e74ddcaedfecfca9d83c19254142b/element/f.624D7720A2383BCF46C1895FE70984DD.d.B4BA98F8EE8492018AECC54D801AEAB6.e.15882/click - {}
RESULT: {}
COMMAND: GET /session/db7e74ddcaedfecfca9d83c19254142b/screenshot - {}
RESULT: {}
COMMAND: POST /session/db7e74ddcaedfecfca9d83c19254142b/element - {"using":"xpath","value":"//input[contains(@id ,\"smartFilterBar-btnBasicSearch-I\")]"}
RESULT: {"using":"xpath","value":"//input[contains(@id ,\"smartFilterBar-btnBasicSearch-I\")]"}
COMMAND: POST /session/db7e74ddcaedfecfca9d83c19254142b/elements - {"using":"xpath","value":"//input[contains(@id ,\"smartFilterBar-btnBasicSearch-I\")]"}
RESULT: {"using":"xpath","value":"//input[contains(@id ,\"smartFilterBar-btnBasicSearch-I\")]"}
COMMAND: POST /session/db7e74ddcaedfecfca9d83c19254142b/execute/sync - {"script":"<script> [8489 bytes]","args":[{"element-6066-11e4-a52e-4f735466cecf":"f.624D7720A2383BCF46C1895FE70984DD.d.B4BA98F8EE8492018AECC54D801AEAB6.e.15517","ELEMENT":"f.624D7720A2383BCF46C1895FE70984DD.d.B4BA98F8EE8492018AECC54D801AEAB6.e.15517"}]}
RESULT: {"script":"<script> [8489 bytes]","args":[{"element-6066-11e4-a52e-4f735466cecf":"f.624D7720A2383BCF46C1895FE70984DD.d.B4BA98F8EE8492018AECC54D801AEAB6.e.15517","ELEMENT":"f.624D7720A2383BCF46C1895FE70984DD.d.B4BA98F8EE8492018AECC54D801AEAB6.e.15517"}]}
COMMAND: GET /session/db7e74ddcaedfecfca9d83c19254142b/element/f.624D7720A2383BCF46C1895FE70984DD.d.B4BA98F8EE8492018AECC54D801AEAB6.e.15517/enabled - {}
COMMAND: GET /session/db7e74ddcaedfecfca9d83c19254142b/screenshot - {}
RESULT: {}
COMMAND: POST /session/db7e74ddcaedfecfca9d83c19254142b/element/f.624D7720A2383BCF46C1895FE70984DD.d.B4BA98F8EE8492018AECC54D801AEAB6.e.15517/clear - {}
COMMAND: GET /session/db7e74ddcaedfecfca9d83c19254142b/screenshot - {}
RESULT: {}
RESULT: {}
COMMAND: POST /session/db7e74ddcaedfecfca9d83c19254142b/element/f.624D7720A2383BCF46C1895FE70984DD.d.B4BA98F8EE8492018AECC54D801AEAB6.e.15517/value - {"text":"30589"}
COMMAND: GET /session/db7e74ddcaedfecfca9d83c19254142b/screenshot - {}
RESULT: {}
RESULT: {"text":"30589"}
COMMAND: GET /session/db7e74ddcaedfecfca9d83c19254142b/screenshot - {}
RESULT: {}
RESULT: {}
COMMAND: POST /session/db7e74ddcaedfecfca9d83c19254142b/actions - {"actions":[{"id":"action50","type":"key","parameters":{},"actions":[{"type":"keyDown","value":""},{"type":"pause","duration":10},{"type":"keyUp","value":""}]}]}
RESULT: {"actions":[{"id":"action50","type":"key","parameters":{},"actions":[{"type":"keyDown","value":""},{"type":"pause","duration":10},{"type":"keyUp","value":""}]}]}
COMMAND: GET /session/db7e74ddcaedfecfca9d83c19254142b/screenshot - {}
RESULT: {}
COMMAND: POST /session/db7e74ddcaedfecfca9d83c19254142b/element - {"using":"xpath","value":"//span[contains(@id, \"smartTable-header-inner\")]"}
RESULT: {"using":"xpath","value":"//span[contains(@id, \"smartTable-header-inner\")]"}
COMMAND: POST /session/db7e74ddcaedfecfca9d83c19254142b/elements - {"using":"xpath","value":"//span[contains(@id, \"smartTable-header-inner\")]"}
RESULT: {"using":"xpath","value":"//span[contains(@id, \"smartTable-header-inner\")]"}
COMMAND: POST /session/db7e74ddcaedfecfca9d83c19254142b/execute/sync - {"script":"<script> [56 bytes]","args":[{"element-6066-11e4-a52e-4f735466cecf":"f.624D7720A2383BCF46C1895FE70984DD.d.B4BA98F8EE8492018AECC54D801AEAB6.e.15822","ELEMENT":"f.624D7720A2383BCF46C1895FE70984DD.d.B4BA98F8EE8492018AECC54D801AEAB6.e.15822"}]}
RESULT: {"script":"<script> [56 bytes]","args":[{"element-6066-11e4-a52e-4f735466cecf":"f.624D7720A2383BCF46C1895FE70984DD.d.B4BA98F8EE8492018AECC54D801AEAB6.e.15822","ELEMENT":"f.624D7720A2383BCF46C1895FE70984DD.d.B4BA98F8EE8492018AECC54D801AEAB6.e.15822"}]}
COMMAND: POST /session/db7e74ddcaedfecfca9d83c19254142b/elements - {"using":"xpath","value":"//thead[contains(@class, \"sapMTableTH\")]/tr/th"}
COMMAND: GET /session/db7e74ddcaedfecfca9d83c19254142b/screenshot - {}
RESULT: {"using":"xpath","value":"//thead[contains(@class, \"sapMTableTH\")]/tr/th"}
COMMAND: GET /session/db7e74ddcaedfecfca9d83c19254142b/element/f.624D7720A2383BCF46C1895FE70984DD.d.B4BA98F8EE8492018AECC54D801AEAB6.e.15918/text - {}
RESULT: {}
RESULT: {}
COMMAND: GET /session/db7e74ddcaedfecfca9d83c19254142b/element/f.624D7720A2383BCF46C1895FE70984DD.d.B4BA98F8EE8492018AECC54D801AEAB6.e.15919/text - {}
RESULT: {}
COMMAND: GET /session/db7e74ddcaedfecfca9d83c19254142b/element/f.624D7720A2383BCF46C1895FE70984DD.d.B4BA98F8EE8492018AECC54D801AEAB6.e.15550/text - {}
RESULT: {}
COMMAND: GET /session/db7e74ddcaedfecfca9d83c19254142b/element/f.624D7720A2383BCF46C1895FE70984DD.d.B4BA98F8EE8492018AECC54D801AEAB6.e.15552/text - {}
RESULT: {}
COMMAND: GET /session/db7e74ddcaedfecfca9d83c19254142b/element/f.624D7720A2383BCF46C1895FE70984DD.d.B4BA98F8EE8492018AECC54D801AEAB6.e.15887/text - {}
RESULT: {}
COMMAND: GET /session/db7e74ddcaedfecfca9d83c19254142b/element/f.624D7720A2383BCF46C1895FE70984DD.d.B4BA98F8EE8492018AECC54D801AEAB6.e.15888/text - {}
RESULT: {}
COMMAND: GET /session/db7e74ddcaedfecfca9d83c19254142b/element/f.624D7720A2383BCF46C1895FE70984DD.d.B4BA98F8EE8492018AECC54D801AEAB6.e.15889/text - {}
RESULT: {}
COMMAND: GET /session/db7e74ddcaedfecfca9d83c19254142b/element/f.624D7720A2383BCF46C1895FE70984DD.d.B4BA98F8EE8492018AECC54D801AEAB6.e.15890/text - {}
RESULT: {}
COMMAND: GET /session/db7e74ddcaedfecfca9d83c19254142b/element/f.624D7720A2383BCF46C1895FE70984DD.d.B4BA98F8EE8492018AECC54D801AEAB6.e.15891/text - {}
RESULT: {}
COMMAND: GET /session/db7e74ddcaedfecfca9d83c19254142b/element/f.624D7720A2383BCF46C1895FE70984DD.d.B4BA98F8EE8492018AECC54D801AEAB6.e.15892/text - {}
RESULT: {}
COMMAND: GET /session/db7e74ddcaedfecfca9d83c19254142b/element/f.624D7720A2383BCF46C1895FE70984DD.d.B4BA98F8EE8492018AECC54D801AEAB6.e.15893/text - {}
RESULT: {}
COMMAND: GET /session/db7e74ddcaedfecfca9d83c19254142b/element/f.624D7720A2383BCF46C1895FE70984DD.d.B4BA98F8EE8492018AECC54D801AEAB6.e.15894/text - {}
RESULT: {}
COMMAND: GET /session/db7e74ddcaedfecfca9d83c19254142b/element/f.624D7720A2383BCF46C1895FE70984DD.d.B4BA98F8EE8492018AECC54D801AEAB6.e.15895/text - {}
RESULT: {}
COMMAND: GET /session/db7e74ddcaedfecfca9d83c19254142b/element/f.624D7720A2383BCF46C1895FE70984DD.d.B4BA98F8EE8492018AECC54D801AEAB6.e.15553/text - {}
RESULT: {}
COMMAND: POST /session/db7e74ddcaedfecfca9d83c19254142b/element - {"using":"xpath","value":"//tbody[contains(@id, \"customHandoversTable-tblBody\")]/tr[1]/td[14]/div/span"}
RESULT: {"using":"xpath","value":"//tbody[contains(@id, \"customHandoversTable-tblBody\")]/tr[1]/td[14]/div/span"}
COMMAND: POST /session/db7e74ddcaedfecfca9d83c19254142b/execute/sync - {"script":"<script> [56 bytes]","args":[{"element-6066-11e4-a52e-4f735466cecf":"f.624D7720A2383BCF46C1895FE70984DD.d.B4BA98F8EE8492018AECC54D801AEAB6.e.15968","ELEMENT":"f.624D7720A2383BCF46C1895FE70984DD.d.B4BA98F8EE8492018AECC54D801AEAB6.e.15968"}]}
RESULT: {"script":"<script> [56 bytes]","args":[{"element-6066-11e4-a52e-4f735466cecf":"f.624D7720A2383BCF46C1895FE70984DD.d.B4BA98F8EE8492018AECC54D801AEAB6.e.15968","ELEMENT":"f.624D7720A2383BCF46C1895FE70984DD.d.B4BA98F8EE8492018AECC54D801AEAB6.e.15968"}]}
COMMAND: POST /session/db7e74ddcaedfecfca9d83c19254142b/element - {"using":"xpath","value":"(//span[contains(@id, \"imgNav\")])[1]"}
COMMAND: GET /session/db7e74ddcaedfecfca9d83c19254142b/screenshot - {}
RESULT: {"using":"xpath","value":"(//span[contains(@id, \"imgNav\")])[1]"}
COMMAND: POST /session/db7e74ddcaedfecfca9d83c19254142b/element/f.624D7720A2383BCF46C1895FE70984DD.d.B4BA98F8EE8492018AECC54D801AEAB6.e.15969/click - {}
RESULT: {}
RESULT: {}
COMMAND: GET /session/db7e74ddcaedfecfca9d83c19254142b/screenshot - {}
RESULT: undefined
COMMAND: POST /session/db7e74ddcaedfecfca9d83c19254142b/execute/async - {"script":"<script> [776 bytes]","args":[{"enterText":"05/26/25","selector":{"id":"receiptDatePicker","viewName":"etm.portal.ui.managehandovers.view.DetailExecuteHO","interaction":{"idSuffix":"inner"}},"clearTextFirst":true,"interactionType":"ENTER_TEXT"}]}
RESULT: {}
RESULT: {"script":"<script> [776 bytes]","args":[{"enterText":"05/26/25","selector":{"id":"receiptDatePicker","viewName":"etm.portal.ui.managehandovers.view.DetailExecuteHO","interaction":{"idSuffix":"inner"}},"clearTextFirst":true,"interactionType":"ENTER_TEXT"}]}
COMMAND: POST /session/db7e74ddcaedfecfca9d83c19254142b/element - {"using":"xpath","value":"//button[@data-kt=\"ReceivingTableConfirmAllButton\"]"}
RESULT: {"using":"xpath","value":"//button[@data-kt=\"ReceivingTableConfirmAllButton\"]"}
COMMAND: POST /session/db7e74ddcaedfecfca9d83c19254142b/element/f.624D7720A2383BCF46C1895FE70984DD.d.B4BA98F8EE8492018AECC54D801AEAB6.e.15992/click - {}
COMMAND: GET /session/db7e74ddcaedfecfca9d83c19254142b/screenshot - {}
RESULT: {}
]]></system-out>
      <system-err><![CDATA[
element click intercepted: element click intercepted: Element <button id="__button416" data-sap-ui="__button416" data-sap-ui-render="" data-kt="ReceivingTableConfirmAllButton" data-ui5-accesskey="c" aria-describedby="__button416-tooltip" title="Confirm All" class="sapMBtnBase sapMBtn sapMColumnHeaderContent">...</button> is not clickable at point (726, 801). Other element would receive the click: <div id="sap-ui-blocklayer-popup" tabindex="0" class="sapUiBLy" style="z-index: 709; visibility: visible;"></div>
  (Session info: chrome=136.0.7103.93)
    at async Context.<anonymous> (D:\a\1\s\test\specs\HTR\provide-to-site-wo-warehouse-w-clarification.spec.js:287:9)
]]></system-err>
    </testcase>
    <testcase classname="chrome.136_0_7103_93.windows.Provide_to_Site_w/o_warehouse_management_w_clarification" name="Should Test for Handover Execution" time="5.311">
      <failure/>
      <error message="element click intercepted: Element &lt;span id=&quot;__item2626-__clone8008-imgNav&quot; data-sap-ui=&quot;__item2626-__clone8008-imgNav&quot; data-sap-ui-render=&quot;&quot; role=&quot;img&quot; aria-label=&quot;Navigation&quot; data-sap-ui-icon-content=&quot;&quot; class=&quot;sapUiIcon sapUiIconMirrorInRTL sapMLIBType sapMLIBImgNav&quot; style=&quot;font-family: SAP-icons;&quot;>...&lt;/span> is not clickable at point (588, 394). Other element would receive the click: &lt;div id=&quot;sap-ui-blocklayer-popup&quot; tabindex=&quot;0&quot; class=&quot;sapUiBLy&quot; style=&quot;z-index: 709; visibility: visible;&quot;>&lt;/div>&#xA;  (Session info: chrome=136.0.7103.93)"/>
      <system-out><![CDATA[
COMMAND: POST /session/db7e74ddcaedfecfca9d83c19254142b/element - {"using":"xpath","value":"(//span[contains(@id, \"imgNav\")])[1]"}
COMMAND: GET /session/db7e74ddcaedfecfca9d83c19254142b/screenshot - {}
RESULT: {"using":"xpath","value":"(//span[contains(@id, \"imgNav\")])[1]"}
COMMAND: POST /session/db7e74ddcaedfecfca9d83c19254142b/element/f.624D7720A2383BCF46C1895FE70984DD.d.B4BA98F8EE8492018AECC54D801AEAB6.e.15969/click - {}
RESULT: {}
COMMAND: GET /session/db7e74ddcaedfecfca9d83c19254142b/screenshot - {}
RESULT: {}
]]></system-out>
      <system-err><![CDATA[
element click intercepted: element click intercepted: Element <span id="__item2626-__clone8008-imgNav" data-sap-ui="__item2626-__clone8008-imgNav" data-sap-ui-render="" role="img" aria-label="Navigation" data-sap-ui-icon-content="" class="sapUiIcon sapUiIconMirrorInRTL sapMLIBType sapMLIBImgNav" style="font-family: SAP-icons;">...</span> is not clickable at point (588, 394). Other element would receive the click: <div id="sap-ui-blocklayer-popup" tabindex="0" class="sapUiBLy" style="z-index: 709; visibility: visible;"></div>
  (Session info: chrome=136.0.7103.93)
    at async Context.<anonymous> (D:\a\1\s\test\specs\HTR\provide-to-site-wo-warehouse-w-clarification.spec.js:343:9)
]]></system-err>
    </testcase>
    <testcase classname="chrome.136_0_7103_93.windows.Provide_to_Site_w/o_warehouse_management_w_clarification" name="Should test for Clarification" time="0.007">
      <system-out><![CDATA[
COMMAND: GET /session/db7e74ddcaedfecfca9d83c19254142b/screenshot - {}
COMMAND: POST /session/db7e74ddcaedfecfca9d83c19254142b/element - {"using":"css selector","value":"#j_username"}
COMMAND: POST /session/db7e74ddcaedfecfca9d83c19254142b/url - {"url":"https://qa-testing-00-live-etm-ui.cfapps.eu10-004.hana.ondemand.com/"}
COMMAND: GET /session/db7e74ddcaedfecfca9d83c19254142b/screenshot - {}
RESULT: {}
RESULT: {"using":"css selector","value":"#j_username"}
COMMAND: POST /session/db7e74ddcaedfecfca9d83c19254142b/element - {"using":"css selector","value":"#j_username"}
RESULT: {"url":"https://qa-testing-00-live-etm-ui.cfapps.eu10-004.hana.ondemand.com/"}
RESULT: undefined
COMMAND: GET /session/db7e74ddcaedfecfca9d83c19254142b/screenshot - {}
RESULT: {}
RESULT: {"using":"css selector","value":"#j_username"}
COMMAND: POST /session/db7e74ddcaedfecfca9d83c19254142b/element - {"using":"css selector","value":"#shell-header-logo"}
RESULT: {}
RESULT: {"using":"css selector","value":"#shell-header-logo"}
COMMAND: POST /session/db7e74ddcaedfecfca9d83c19254142b/execute/sync - {"script":"<script> [8489 bytes]","args":[{"element-6066-11e4-a52e-4f735466cecf":"f.624D7720A2383BCF46C1895FE70984DD.d.67E18FE5E1DB91C7F665BAF0BC1371CD.e.16017","ELEMENT":"f.624D7720A2383BCF46C1895FE70984DD.d.67E18FE5E1DB91C7F665BAF0BC1371CD.e.16017"}]}
RESULT: {"script":"<script> [8489 bytes]","args":[{"element-6066-11e4-a52e-4f735466cecf":"f.624D7720A2383BCF46C1895FE70984DD.d.67E18FE5E1DB91C7F665BAF0BC1371CD.e.16017","ELEMENT":"f.624D7720A2383BCF46C1895FE70984DD.d.67E18FE5E1DB91C7F665BAF0BC1371CD.e.16017"}]}
COMMAND: POST /session/db7e74ddcaedfecfca9d83c19254142b/element - {"using":"css selector","value":"#shell-header-logo"}
COMMAND: GET /session/db7e74ddcaedfecfca9d83c19254142b/screenshot - {}
RESULT: {"using":"css selector","value":"#shell-header-logo"}
COMMAND: POST /session/db7e74ddcaedfecfca9d83c19254142b/execute/sync - {"script":"<script> [8489 bytes]","args":[{"element-6066-11e4-a52e-4f735466cecf":"f.624D7720A2383BCF46C1895FE70984DD.d.67E18FE5E1DB91C7F665BAF0BC1371CD.e.16017","ELEMENT":"f.624D7720A2383BCF46C1895FE70984DD.d.67E18FE5E1DB91C7F665BAF0BC1371CD.e.16017"}]}
RESULT: {}
RESULT: {"script":"<script> [8489 bytes]","args":[{"element-6066-11e4-a52e-4f735466cecf":"f.624D7720A2383BCF46C1895FE70984DD.d.67E18FE5E1DB91C7F665BAF0BC1371CD.e.16017","ELEMENT":"f.624D7720A2383BCF46C1895FE70984DD.d.67E18FE5E1DB91C7F665BAF0BC1371CD.e.16017"}]}
COMMAND: POST /session/db7e74ddcaedfecfca9d83c19254142b/execute/sync - {"script":"<script> [5351 bytes]","args":[{"element-6066-11e4-a52e-4f735466cecf":"f.624D7720A2383BCF46C1895FE70984DD.d.67E18FE5E1DB91C7F665BAF0BC1371CD.e.16017","ELEMENT":"f.624D7720A2383BCF46C1895FE70984DD.d.67E18FE5E1DB91C7F665BAF0BC1371CD.e.16017"}]}
COMMAND: GET /session/db7e74ddcaedfecfca9d83c19254142b/screenshot - {}
RESULT: {"script":"<script> [5351 bytes]","args":[{"element-6066-11e4-a52e-4f735466cecf":"f.624D7720A2383BCF46C1895FE70984DD.d.67E18FE5E1DB91C7F665BAF0BC1371CD.e.16017","ELEMENT":"f.624D7720A2383BCF46C1895FE70984DD.d.67E18FE5E1DB91C7F665BAF0BC1371CD.e.16017"}]}
COMMAND: POST /session/db7e74ddcaedfecfca9d83c19254142b/element - {"using":"css selector","value":"#shell-header-logo"}
COMMAND: GET /session/db7e74ddcaedfecfca9d83c19254142b/screenshot - {}
RESULT: {}
RESULT: {"using":"css selector","value":"#shell-header-logo"}
COMMAND: POST /session/db7e74ddcaedfecfca9d83c19254142b/element/f.624D7720A2383BCF46C1895FE70984DD.d.67E18FE5E1DB91C7F665BAF0BC1371CD.e.16017/click - {}
RESULT: {}
RESULT: {}
COMMAND: GET /session/db7e74ddcaedfecfca9d83c19254142b/screenshot - {}
RESULT: {}
COMMAND: POST /session/db7e74ddcaedfecfca9d83c19254142b/execute/async - {"script":"<script> [189 bytes]","args":[]}
RESULT: {"script":"<script> [189 bytes]","args":[]}
COMMAND: POST /session/db7e74ddcaedfecfca9d83c19254142b/execute/async - {"script":"<script> [123 bytes]","args":[]}
RESULT: {"script":"<script> [123 bytes]","args":[]}
COMMAND: POST /session/db7e74ddcaedfecfca9d83c19254142b/timeouts - {"script":"<number>"}
RESULT: {"script":"<number>"}
COMMAND: GET /session/db7e74ddcaedfecfca9d83c19254142b/timeouts - {}
RESULT: {}
RESULT: undefined
COMMAND: POST /session/db7e74ddcaedfecfca9d83c19254142b/execute/async - {"script":"<script> [2676 bytes]","args":[]}
RESULT: {"script":"<script> [2676 bytes]","args":[]}
COMMAND: POST /session/db7e74ddcaedfecfca9d83c19254142b/execute/async - {"script":"<script> [2342 bytes]","args":[{"protocol":"http","hostname":"0.0.0.0","path":"/","capabilities":{"browserName":"chrome","goog:chromeOptions":{"binary":"C:\\Program Files\\Google\\Chrome\\Application\\chrome.exe","args":["--start-maximized"]}},"logLevel":"warn","connectionRetryTimeout":120000,"connectionRetryCount":3,"logLevels":{},"enableDirectConnect":true,"strictSSL":true,"_":"65 more keys: [\"cacheDir\",\"port\",\"requestedCapabilities\",\"automationProtocol\",\"baseUrl\",\"waitforInterval\",\"waitforTimeout\",\"onReload\",\"beforeCommand\",\"afterCommand\",\"rootDir\",\"specs\",\"suites\",\"exclude\",\"groupLogsByTestSpec\",\"excludeDriverLogs\",\"bail\",\"framework\",\"reporters\",\"services\",\"maxInstances\",\"maxInstancesPerCapability\",\"injectGlobals\",\"filesToWatch\",\"execArgv\",\"runnerEnv\",\"runner\",\"shard\",\"specFileRetries\",\"specFileRetriesDelay\",\"specFileRetriesDeferred\",\"reporterSyncInterval\",\"reporterSyncTimeout\",\"cucumberFeaturesWithLineNumbers\",\"autoCompileOpts\",\"mochaOpts\",\"jasmineOpts\",\"cucumberOpts\",\"onPrepare\",\"onWorkerStart\",\"onWorkerEnd\",\"before\",\"beforeSession\",\"beforeSuite\",\"beforeHook\",\"beforeTest\",\"afterTest\",\"afterHook\",\"afterSuite\",\"afterSession\",\"after\",\"onComplete\",\"beforeAssertion\",\"afterAssertion\",\"beforeFeature\",\"beforeScenario\",\"beforeStep\",\"afterStep\",\"afterScenario\",\"afterFeature\",\"_\",\"suite\",\"$0\",\"ignoredWorkerServices\",\"wdi5\"]"}]}
RESULT: {"script":"<script> [2342 bytes]","args":[{"protocol":"http","hostname":"0.0.0.0","path":"/","capabilities":{"browserName":"chrome","goog:chromeOptions":{"binary":"C:\\Program Files\\Google\\Chrome\\Application\\chrome.exe","args":["--start-maximized"]}},"logLevel":"warn","connectionRetryTimeout":120000,"connectionRetryCount":3,"logLevels":{},"enableDirectConnect":true,"strictSSL":true,"_":"65 more keys: [\"cacheDir\",\"port\",\"requestedCapabilities\",\"automationProtocol\",\"baseUrl\",\"waitforInterval\",\"waitforTimeout\",\"onReload\",\"beforeCommand\",\"afterCommand\",\"rootDir\",\"specs\",\"suites\",\"exclude\",\"groupLogsByTestSpec\",\"excludeDriverLogs\",\"bail\",\"framework\",\"reporters\",\"services\",\"maxInstances\",\"maxInstancesPerCapability\",\"injectGlobals\",\"filesToWatch\",\"execArgv\",\"runnerEnv\",\"runner\",\"shard\",\"specFileRetries\",\"specFileRetriesDelay\",\"specFileRetriesDeferred\",\"reporterSyncInterval\",\"reporterSyncTimeout\",\"cucumberFeaturesWithLineNumbers\",\"autoCompileOpts\",\"mochaOpts\",\"jasmineOpts\",\"cucumberOpts\",\"onPrepare\",\"onWorkerStart\",\"onWorkerEnd\",\"before\",\"beforeSession\",\"beforeSuite\",\"beforeHook\",\"beforeTest\",\"afterTest\",\"afterHook\",\"afterSuite\",\"afterSession\",\"after\",\"onComplete\",\"beforeAssertion\",\"afterAssertion\",\"beforeFeature\",\"beforeScenario\",\"beforeStep\",\"afterStep\",\"afterScenario\",\"afterFeature\",\"_\",\"suite\",\"$0\",\"ignoredWorkerServices\",\"wdi5\"]"}]}
COMMAND: POST /session/db7e74ddcaedfecfca9d83c19254142b/execute/async - {"script":"<script> [21126 bytes]","args":[35000]}
RESULT: {"script":"<script> [21126 bytes]","args":[35000]}
COMMAND: POST /session/db7e74ddcaedfecfca9d83c19254142b/window/maximize - {}
RESULT: {}
COMMAND: POST /session/db7e74ddcaedfecfca9d83c19254142b/execute/async - {"script":"<script> [1562 bytes]","args":[{"selector":{"id":"shell-header","interaction":{"idSuffix":"icon"}},"wdio_ui5_key":"shellheader"}]}
COMMAND: GET /session/db7e74ddcaedfecfca9d83c19254142b/screenshot - {}
RESULT: {"script":"<script> [1562 bytes]","args":[{"selector":{"id":"shell-header","interaction":{"idSuffix":"icon"}},"wdio_ui5_key":"shellheader"}]}
RESULT: undefined
COMMAND: POST /session/db7e74ddcaedfecfca9d83c19254142b/window/fullscreen - {}
RESULT: {}
RESULT: {}
]]></system-out>
    </testcase>
  </testsuite>
  <testsuite timestamp="2025-05-26T17:07:02" time="160.02" tests="4" failures="0" errors="0" skipped="0">
    <properties>
      <property name="specId" value="0"/>
      <property name="suiteName" value="Provide to Site w/o warehouse management w/o clarification US116612"/>
      <property name="capabilities" value="chrome.136_0_7103_93.windows"/>
      <property name="file" value="file:///D:/a/1/s/test/specs/HTR/provide-to-site-wo-warehouse-wo-clarification.spec.js"/>
    </properties>
    <testcase classname="chrome.136_0_7103_93.windows.Provide_to_Site_w/o_warehouse_management_w/o_clarification_US116612" name="Should create a new yard" time="0.026">
      <system-out><![CDATA[
COMMAND: POST /session/db7e74ddcaedfecfca9d83c19254142b/window/fullscreen - {}
RESULT: {}
]]></system-out>
    </testcase>
    <testcase classname="chrome.136_0_7103_93.windows.Provide_to_Site_w/o_warehouse_management_w/o_clarification_US116612" name="Should create a new external partner" time="0.004"/>
    <testcase classname="chrome.136_0_7103_93.windows.Provide_to_Site_w/o_warehouse_management_w/o_clarification_US116612" name="Should create a new site" time="0.004"/>
    <testcase classname="chrome.136_0_7103_93.windows.Provide_to_Site_w/o_warehouse_management_w/o_clarification_US116612" name="Should create a new material" time="141.264">
      <system-out><![CDATA[
COMMAND: POST /session/db7e74ddcaedfecfca9d83c19254142b/execute/async - {"script":"<script> [1562 bytes]","args":[{"selector":{"controlType":"sap.m.GenericTile","properties":{"header":"Manage Resources"}},"wdio_ui5_key":"sapm.GenericTile{\"header\":\"Manage Resources\"}"}]}
RESULT: {"script":"<script> [1562 bytes]","args":[{"selector":{"controlType":"sap.m.GenericTile","properties":{"header":"Manage Resources"}},"wdio_ui5_key":"sapm.GenericTile{\"header\":\"Manage Resources\"}"}]}
RESULT: undefined
COMMAND: POST /session/db7e74ddcaedfecfca9d83c19254142b/element - {"using":"xpath","value":"//*[@id=\"__tile31\"]"}
RESULT: {"using":"xpath","value":"//*[@id=\"__tile31\"]"}
COMMAND: POST /session/db7e74ddcaedfecfca9d83c19254142b/element/f.624D7720A2383BCF46C1895FE70984DD.d.67E18FE5E1DB91C7F665BAF0BC1371CD.e.16036/click - {}
RESULT: {}
COMMAND: GET /session/db7e74ddcaedfecfca9d83c19254142b/screenshot - {}
RESULT: {}
COMMAND: POST /session/db7e74ddcaedfecfca9d83c19254142b/elements - {"using":"xpath","value":"//span[text()='Error']"}
RESULT: {"using":"xpath","value":"//span[text()='Error']"}
COMMAND: POST /session/db7e74ddcaedfecfca9d83c19254142b/element - {"using":"xpath","value":"//button[@data-kt=\"addNewRUOverflowToolbarButton\"]"}
RESULT: {"using":"xpath","value":"//button[@data-kt=\"addNewRUOverflowToolbarButton\"]"}
COMMAND: POST /session/db7e74ddcaedfecfca9d83c19254142b/elements - {"using":"xpath","value":"//button[@data-kt=\"addNewRUOverflowToolbarButton\"]"}
RESULT: {"using":"xpath","value":"//button[@data-kt=\"addNewRUOverflowToolbarButton\"]"}
COMMAND: POST /session/db7e74ddcaedfecfca9d83c19254142b/elements - {"using":"xpath","value":"//button[@data-kt=\"addNewRUOverflowToolbarButton\"]"}
RESULT: {"using":"xpath","value":"//button[@data-kt=\"addNewRUOverflowToolbarButton\"]"}
COMMAND: POST /session/db7e74ddcaedfecfca9d83c19254142b/elements - {"using":"xpath","value":"//button[@data-kt=\"addNewRUOverflowToolbarButton\"]"}
RESULT: {"using":"xpath","value":"//button[@data-kt=\"addNewRUOverflowToolbarButton\"]"}
COMMAND: POST /session/db7e74ddcaedfecfca9d83c19254142b/elements - {"using":"xpath","value":"//button[@data-kt=\"addNewRUOverflowToolbarButton\"]"}
RESULT: {"using":"xpath","value":"//button[@data-kt=\"addNewRUOverflowToolbarButton\"]"}
COMMAND: POST /session/db7e74ddcaedfecfca9d83c19254142b/elements - {"using":"xpath","value":"//button[@data-kt=\"addNewRUOverflowToolbarButton\"]"}
RESULT: {"using":"xpath","value":"//button[@data-kt=\"addNewRUOverflowToolbarButton\"]"}
COMMAND: POST /session/db7e74ddcaedfecfca9d83c19254142b/elements - {"using":"xpath","value":"//button[@data-kt=\"addNewRUOverflowToolbarButton\"]"}
RESULT: {"using":"xpath","value":"//button[@data-kt=\"addNewRUOverflowToolbarButton\"]"}
COMMAND: POST /session/db7e74ddcaedfecfca9d83c19254142b/elements - {"using":"xpath","value":"//button[@data-kt=\"addNewRUOverflowToolbarButton\"]"}
RESULT: {"using":"xpath","value":"//button[@data-kt=\"addNewRUOverflowToolbarButton\"]"}
COMMAND: POST /session/db7e74ddcaedfecfca9d83c19254142b/elements - {"using":"xpath","value":"//button[@data-kt=\"addNewRUOverflowToolbarButton\"]"}
RESULT: {"using":"xpath","value":"//button[@data-kt=\"addNewRUOverflowToolbarButton\"]"}
COMMAND: POST /session/db7e74ddcaedfecfca9d83c19254142b/elements - {"using":"xpath","value":"//button[@data-kt=\"addNewRUOverflowToolbarButton\"]"}
RESULT: {"using":"xpath","value":"//button[@data-kt=\"addNewRUOverflowToolbarButton\"]"}
COMMAND: POST /session/db7e74ddcaedfecfca9d83c19254142b/element - {"using":"xpath","value":"//button[@data-kt=\"addNewRUOverflowToolbarButton\"]"}
RESULT: {"using":"xpath","value":"//button[@data-kt=\"addNewRUOverflowToolbarButton\"]"}
COMMAND: POST /session/db7e74ddcaedfecfca9d83c19254142b/execute/sync - {"script":"<script> [8489 bytes]","args":[{"element-6066-11e4-a52e-4f735466cecf":"f.624D7720A2383BCF46C1895FE70984DD.d.67E18FE5E1DB91C7F665BAF0BC1371CD.e.16166","ELEMENT":"f.624D7720A2383BCF46C1895FE70984DD.d.67E18FE5E1DB91C7F665BAF0BC1371CD.e.16166"}]}
RESULT: {"script":"<script> [8489 bytes]","args":[{"element-6066-11e4-a52e-4f735466cecf":"f.624D7720A2383BCF46C1895FE70984DD.d.67E18FE5E1DB91C7F665BAF0BC1371CD.e.16166","ELEMENT":"f.624D7720A2383BCF46C1895FE70984DD.d.67E18FE5E1DB91C7F665BAF0BC1371CD.e.16166"}]}
COMMAND: GET /session/db7e74ddcaedfecfca9d83c19254142b/element/f.624D7720A2383BCF46C1895FE70984DD.d.67E18FE5E1DB91C7F665BAF0BC1371CD.e.16166/enabled - {}
COMMAND: GET /session/db7e74ddcaedfecfca9d83c19254142b/screenshot - {}
RESULT: {}
COMMAND: POST /session/db7e74ddcaedfecfca9d83c19254142b/execute/sync - {"script":"<script> [8489 bytes]","args":[{"element-6066-11e4-a52e-4f735466cecf":"f.624D7720A2383BCF46C1895FE70984DD.d.67E18FE5E1DB91C7F665BAF0BC1371CD.e.16166","ELEMENT":"f.624D7720A2383BCF46C1895FE70984DD.d.67E18FE5E1DB91C7F665BAF0BC1371CD.e.16166"}]}
COMMAND: GET /session/db7e74ddcaedfecfca9d83c19254142b/screenshot - {}
RESULT: {}
RESULT: {"script":"<script> [8489 bytes]","args":[{"element-6066-11e4-a52e-4f735466cecf":"f.624D7720A2383BCF46C1895FE70984DD.d.67E18FE5E1DB91C7F665BAF0BC1371CD.e.16166","ELEMENT":"f.624D7720A2383BCF46C1895FE70984DD.d.67E18FE5E1DB91C7F665BAF0BC1371CD.e.16166"}]}
COMMAND: POST /session/db7e74ddcaedfecfca9d83c19254142b/execute/sync - {"script":"<script> [5351 bytes]","args":[{"element-6066-11e4-a52e-4f735466cecf":"f.624D7720A2383BCF46C1895FE70984DD.d.67E18FE5E1DB91C7F665BAF0BC1371CD.e.16166","ELEMENT":"f.624D7720A2383BCF46C1895FE70984DD.d.67E18FE5E1DB91C7F665BAF0BC1371CD.e.16166"}]}
COMMAND: GET /session/db7e74ddcaedfecfca9d83c19254142b/screenshot - {}
RESULT: {}
RESULT: {"script":"<script> [5351 bytes]","args":[{"element-6066-11e4-a52e-4f735466cecf":"f.624D7720A2383BCF46C1895FE70984DD.d.67E18FE5E1DB91C7F665BAF0BC1371CD.e.16166","ELEMENT":"f.624D7720A2383BCF46C1895FE70984DD.d.67E18FE5E1DB91C7F665BAF0BC1371CD.e.16166"}]}
COMMAND: POST /session/db7e74ddcaedfecfca9d83c19254142b/element/f.624D7720A2383BCF46C1895FE70984DD.d.67E18FE5E1DB91C7F665BAF0BC1371CD.e.16166/click - {}
COMMAND: GET /session/db7e74ddcaedfecfca9d83c19254142b/screenshot - {}
RESULT: {}
RESULT: {}
COMMAND: GET /session/db7e74ddcaedfecfca9d83c19254142b/screenshot - {}
RESULT: {}
RESULT: {}
COMMAND: POST /session/db7e74ddcaedfecfca9d83c19254142b/execute/async - {"script":"<script> [1562 bytes]","args":[{"selector":{"id":"application-manageresources-display-component---newResourceUnit--TYPE-arrow"},"wdio_ui5_key":"applicationmanageresources-display-component---newResourceUnit--TYPE-arrow"}]}
RESULT: {"script":"<script> [1562 bytes]","args":[{"selector":{"id":"application-manageresources-display-component---newResourceUnit--TYPE-arrow"},"wdio_ui5_key":"applicationmanageresources-display-component---newResourceUnit--TYPE-arrow"}]}
RESULT: undefined
COMMAND: POST /session/db7e74ddcaedfecfca9d83c19254142b/element - {"using":"xpath","value":"//*[@id=\"application-manageresources-display-component---newResourceUnit--TYPE-arrow\"]"}
RESULT: {"using":"xpath","value":"//*[@id=\"application-manageresources-display-component---newResourceUnit--TYPE-arrow\"]"}
COMMAND: POST /session/db7e74ddcaedfecfca9d83c19254142b/element/f.624D7720A2383BCF46C1895FE70984DD.d.67E18FE5E1DB91C7F665BAF0BC1371CD.e.16525/click - {}
RESULT: {}
COMMAND: POST /session/db7e74ddcaedfecfca9d83c19254142b/element - {"using":"xpath","value":"//input[@id=\"application-manageresources-display-component---newResourceUnit--TYPE-inner\"]"}
COMMAND: GET /session/db7e74ddcaedfecfca9d83c19254142b/screenshot - {}
RESULT: {"using":"xpath","value":"//input[@id=\"application-manageresources-display-component---newResourceUnit--TYPE-inner\"]"}
COMMAND: POST /session/db7e74ddcaedfecfca9d83c19254142b/element/f.624D7720A2383BCF46C1895FE70984DD.d.67E18FE5E1DB91C7F665BAF0BC1371CD.e.16521/clear - {}
RESULT: {}
RESULT: {}
COMMAND: POST /session/db7e74ddcaedfecfca9d83c19254142b/element/f.624D7720A2383BCF46C1895FE70984DD.d.67E18FE5E1DB91C7F665BAF0BC1371CD.e.16521/value - {"text":"Material"}
COMMAND: GET /session/db7e74ddcaedfecfca9d83c19254142b/screenshot - {}
RESULT: {"text":"Material"}
COMMAND: GET /session/db7e74ddcaedfecfca9d83c19254142b/screenshot - {}
RESULT: {}
RESULT: {}
COMMAND: POST /session/db7e74ddcaedfecfca9d83c19254142b/actions - {"actions":[{"id":"action51","type":"key","parameters":{},"actions":[{"type":"keyDown","value":""},{"type":"pause","duration":10},{"type":"keyUp","value":""}]}]}
RESULT: {"actions":[{"id":"action51","type":"key","parameters":{},"actions":[{"type":"keyDown","value":""},{"type":"pause","duration":10},{"type":"keyUp","value":""}]}]}
COMMAND: POST /session/db7e74ddcaedfecfca9d83c19254142b/execute/async - {"script":"<script> [1562 bytes]","args":[{"selector":{"id":"application-manageresources-display-component---newResourceUnit--SHORT_TEXT","interaction":{"idSuffix":"inner"}},"wdio_ui5_key":"applicationmanageresources-display-component---newResourceUnit--SHORT_TEXT"}]}
COMMAND: GET /session/db7e74ddcaedfecfca9d83c19254142b/screenshot - {}
RESULT: {"script":"<script> [1562 bytes]","args":[{"selector":{"id":"application-manageresources-display-component---newResourceUnit--SHORT_TEXT","interaction":{"idSuffix":"inner"}},"wdio_ui5_key":"applicationmanageresources-display-component---newResourceUnit--SHORT_TEXT"}]}
RESULT: undefined
COMMAND: POST /session/db7e74ddcaedfecfca9d83c19254142b/execute/async - {"script":"<script> [776 bytes]","args":[{"enterText":"Cement WDIO","selector":{"id":"application-manageresources-display-component---newResourceUnit--SHORT_TEXT","interaction":{"idSuffix":"inner"}},"clearTextFirst":true,"interactionType":"ENTER_TEXT"}]}
RESULT: {}
RESULT: {"script":"<script> [776 bytes]","args":[{"enterText":"Cement WDIO","selector":{"id":"application-manageresources-display-component---newResourceUnit--SHORT_TEXT","interaction":{"idSuffix":"inner"}},"clearTextFirst":true,"interactionType":"ENTER_TEXT"}]}
COMMAND: POST /session/db7e74ddcaedfecfca9d83c19254142b/execute/async - {"script":"<script> [1562 bytes]","args":[{"selector":{"id":"application-manageresources-display-component---newResourceUnit--BASE_UNIT_OF_MEASURE","interaction":{"idSuffix":"inner"}},"wdio_ui5_key":"applicationmanageresources-display-component---newResourceUnit--BASE_UNIT_OF_MEASURE"}]}
RESULT: {"script":"<script> [1562 bytes]","args":[{"selector":{"id":"application-manageresources-display-component---newResourceUnit--BASE_UNIT_OF_MEASURE","interaction":{"idSuffix":"inner"}},"wdio_ui5_key":"applicationmanageresources-display-component---newResourceUnit--BASE_UNIT_OF_MEASURE"}]}
RESULT: undefined
COMMAND: POST /session/db7e74ddcaedfecfca9d83c19254142b/execute/async - {"script":"<script> [776 bytes]","args":[{"enterText":"Piece","selector":{"id":"application-manageresources-display-component---newResourceUnit--BASE_UNIT_OF_MEASURE","interaction":{"idSuffix":"inner"}},"clearTextFirst":true,"interactionType":"ENTER_TEXT"}]}
RESULT: {"script":"<script> [776 bytes]","args":[{"enterText":"Piece","selector":{"id":"application-manageresources-display-component---newResourceUnit--BASE_UNIT_OF_MEASURE","interaction":{"idSuffix":"inner"}},"clearTextFirst":true,"interactionType":"ENTER_TEXT"}]}
COMMAND: POST /session/db7e74ddcaedfecfca9d83c19254142b/execute/async - {"script":"<script> [1562 bytes]","args":[{"selector":{"id":"application-manageresources-display-component---newResourceUnit--WEIGHT_UNIT","interaction":{"idSuffix":"inner"}},"wdio_ui5_key":"applicationmanageresources-display-component---newResourceUnit--WEIGHT_UNIT"}]}
RESULT: {"script":"<script> [1562 bytes]","args":[{"selector":{"id":"application-manageresources-display-component---newResourceUnit--WEIGHT_UNIT","interaction":{"idSuffix":"inner"}},"wdio_ui5_key":"applicationmanageresources-display-component---newResourceUnit--WEIGHT_UNIT"}]}
RESULT: undefined
COMMAND: POST /session/db7e74ddcaedfecfca9d83c19254142b/execute/async - {"script":"<script> [776 bytes]","args":[{"enterText":"Gram","selector":{"id":"application-manageresources-display-component---newResourceUnit--WEIGHT_UNIT","interaction":{"idSuffix":"inner"}},"clearTextFirst":true,"interactionType":"ENTER_TEXT"}]}
RESULT: {"script":"<script> [776 bytes]","args":[{"enterText":"Gram","selector":{"id":"application-manageresources-display-component---newResourceUnit--WEIGHT_UNIT","interaction":{"idSuffix":"inner"}},"clearTextFirst":true,"interactionType":"ENTER_TEXT"}]}
COMMAND: POST /session/db7e74ddcaedfecfca9d83c19254142b/execute/async - {"script":"<script> [1562 bytes]","args":[{"selector":{"id":"application-manageresources-display-component---newResourceUnit--DIMENSION_UNIT","interaction":{"idSuffix":"inner"}},"wdio_ui5_key":"applicationmanageresources-display-component---newResourceUnit--DIMENSION_UNIT"}]}
RESULT: {"script":"<script> [1562 bytes]","args":[{"selector":{"id":"application-manageresources-display-component---newResourceUnit--DIMENSION_UNIT","interaction":{"idSuffix":"inner"}},"wdio_ui5_key":"applicationmanageresources-display-component---newResourceUnit--DIMENSION_UNIT"}]}
RESULT: undefined
COMMAND: POST /session/db7e74ddcaedfecfca9d83c19254142b/execute/async - {"script":"<script> [776 bytes]","args":[{"enterText":"Meter","selector":{"id":"application-manageresources-display-component---newResourceUnit--DIMENSION_UNIT","interaction":{"idSuffix":"inner"}},"clearTextFirst":true,"interactionType":"ENTER_TEXT"}]}
RESULT: {"script":"<script> [776 bytes]","args":[{"enterText":"Meter","selector":{"id":"application-manageresources-display-component---newResourceUnit--DIMENSION_UNIT","interaction":{"idSuffix":"inner"}},"clearTextFirst":true,"interactionType":"ENTER_TEXT"}]}
COMMAND: POST /session/db7e74ddcaedfecfca9d83c19254142b/execute/async - {"script":"<script> [1562 bytes]","args":[{"selector":{"id":"application-manageresources-display-component---newResourceUnit--newRRUPage-anchBar-application-manageresources-display-component---newResourceUnit--control-anchor","interaction":{"idSuffix":"BDI-content"}},"wdio_ui5_key":"applicationmanageresources-display-component---newResourceUnit--newRRUPage-anchBar-application-manageresources-display-component---newResourceUnit--control-anchor"}]}
RESULT: {"script":"<script> [1562 bytes]","args":[{"selector":{"id":"application-manageresources-display-component---newResourceUnit--newRRUPage-anchBar-application-manageresources-display-component---newResourceUnit--control-anchor","interaction":{"idSuffix":"BDI-content"}},"wdio_ui5_key":"applicationmanageresources-display-component---newResourceUnit--newRRUPage-anchBar-application-manageresources-display-component---newResourceUnit--control-anchor"}]}
RESULT: undefined
COMMAND: POST /session/db7e74ddcaedfecfca9d83c19254142b/element - {"using":"xpath","value":"//*[@id=\"application-manageresources-display-component---newResourceUnit--newRRUPage-anchBar-application-manageresources-display-component---newResourceUnit--control-anchor\"]"}
RESULT: {"using":"xpath","value":"//*[@id=\"application-manageresources-display-component---newResourceUnit--newRRUPage-anchBar-application-manageresources-display-component---newResourceUnit--control-anchor\"]"}
COMMAND: POST /session/db7e74ddcaedfecfca9d83c19254142b/element/f.624D7720A2383BCF46C1895FE70984DD.d.67E18FE5E1DB91C7F665BAF0BC1371CD.e.16657/click - {}
RESULT: {}
COMMAND: POST /session/db7e74ddcaedfecfca9d83c19254142b/execute/async - {"script":"<script> [1562 bytes]","args":[{"selector":{"id":"application-manageresources-display-component---newResourceUnit--PLANNING_GROUP","interaction":{"idSuffix":"inner"}},"wdio_ui5_key":"applicationmanageresources-display-component---newResourceUnit--PLANNING_GROUP"}]}
COMMAND: GET /session/db7e74ddcaedfecfca9d83c19254142b/screenshot - {}
RESULT: {"script":"<script> [1562 bytes]","args":[{"selector":{"id":"application-manageresources-display-component---newResourceUnit--PLANNING_GROUP","interaction":{"idSuffix":"inner"}},"wdio_ui5_key":"applicationmanageresources-display-component---newResourceUnit--PLANNING_GROUP"}]}
RESULT: undefined
COMMAND: POST /session/db7e74ddcaedfecfca9d83c19254142b/execute/async - {"script":"<script> [776 bytes]","args":[{"enterText":"Material","selector":{"id":"application-manageresources-display-component---newResourceUnit--PLANNING_GROUP","interaction":{"idSuffix":"inner"}},"clearTextFirst":true,"interactionType":"ENTER_TEXT"}]}
RESULT: {}
RESULT: {"script":"<script> [776 bytes]","args":[{"enterText":"Material","selector":{"id":"application-manageresources-display-component---newResourceUnit--PLANNING_GROUP","interaction":{"idSuffix":"inner"}},"clearTextFirst":true,"interactionType":"ENTER_TEXT"}]}
COMMAND: POST /session/db7e74ddcaedfecfca9d83c19254142b/execute/async - {"script":"<script> [1562 bytes]","args":[{"selector":{"id":"application-manageresources-display-component---newResourceUnit--PLANNING_INDICATOR","interaction":{"idSuffix":"inner"}},"wdio_ui5_key":"applicationmanageresources-display-component---newResourceUnit--PLANNING_INDICATOR"}]}
RESULT: {"script":"<script> [1562 bytes]","args":[{"selector":{"id":"application-manageresources-display-component---newResourceUnit--PLANNING_INDICATOR","interaction":{"idSuffix":"inner"}},"wdio_ui5_key":"applicationmanageresources-display-component---newResourceUnit--PLANNING_INDICATOR"}]}
RESULT: undefined
COMMAND: POST /session/db7e74ddcaedfecfca9d83c19254142b/execute/async - {"script":"<script> [776 bytes]","args":[{"enterText":"10 - infinite","selector":{"id":"application-manageresources-display-component---newResourceUnit--PLANNING_INDICATOR","interaction":{"idSuffix":"inner"}},"clearTextFirst":true,"interactionType":"ENTER_TEXT"}]}
RESULT: {"script":"<script> [776 bytes]","args":[{"enterText":"10 - infinite","selector":{"id":"application-manageresources-display-component---newResourceUnit--PLANNING_INDICATOR","interaction":{"idSuffix":"inner"}},"clearTextFirst":true,"interactionType":"ENTER_TEXT"}]}
COMMAND: POST /session/db7e74ddcaedfecfca9d83c19254142b/element - {"using":"css selector","value":"#application-manageresources-display-component---newResourceUnit--btnAddTimeSegment"}
RESULT: {"using":"css selector","value":"#application-manageresources-display-component---newResourceUnit--btnAddTimeSegment"}
COMMAND: GET /session/db7e74ddcaedfecfca9d83c19254142b/element/f.624D7720A2383BCF46C1895FE70984DD.d.67E18FE5E1DB91C7F665BAF0BC1371CD.e.16665/rect - {}
RESULT: {}
COMMAND: GET /session/db7e74ddcaedfecfca9d83c19254142b/window/rect - {}
RESULT: {}
COMMAND: POST /session/db7e74ddcaedfecfca9d83c19254142b/execute/sync - {"script":"<script> [92 bytes]","args":[]}
RESULT: {"script":"<script> [92 bytes]","args":[]}
COMMAND: POST /session/db7e74ddcaedfecfca9d83c19254142b/actions - {"actions":[{"id":"action52","type":"wheel","parameters":{},"actions":[{"type":"scroll","x":-1888,"y":-32,"deltaX":0,"deltaY":0,"duration":0,"origin":{"element-6066-11e4-a52e-4f735466cecf":"f.624D7720A2383BCF46C1895FE70984DD.d.67E18FE5E1DB91C7F665BAF0BC1371CD.e.16665"}}]}]}
COMMAND: GET /session/db7e74ddcaedfecfca9d83c19254142b/screenshot - {}
RESULT: {}
COMMAND: POST /session/db7e74ddcaedfecfca9d83c19254142b/execute/sync - {"script":"<script> [79 bytes]","args":[{"element-6066-11e4-a52e-4f735466cecf":"f.624D7720A2383BCF46C1895FE70984DD.d.67E18FE5E1DB91C7F665BAF0BC1371CD.e.16665","ELEMENT":"f.624D7720A2383BCF46C1895FE70984DD.d.67E18FE5E1DB91C7F665BAF0BC1371CD.e.16665"},{"block":"start","inline":"nearest"}]}
RESULT: {"script":"<script> [79 bytes]","args":[{"element-6066-11e4-a52e-4f735466cecf":"f.624D7720A2383BCF46C1895FE70984DD.d.67E18FE5E1DB91C7F665BAF0BC1371CD.e.16665","ELEMENT":"f.624D7720A2383BCF46C1895FE70984DD.d.67E18FE5E1DB91C7F665BAF0BC1371CD.e.16665"},{"block":"start","inline":"nearest"}]}
COMMAND: POST /session/db7e74ddcaedfecfca9d83c19254142b/execute/async - {"script":"<script> [1562 bytes]","args":[{"selector":{"id":"application-manageresources-display-component---newResourceUnit--btnAddTimeSegment","interaction":{"idSuffix":"inner"}},"wdio_ui5_key":"applicationmanageresources-display-component---newResourceUnit--btnAddTimeSegment"}]}
COMMAND: GET /session/db7e74ddcaedfecfca9d83c19254142b/screenshot - {}
RESULT: {"script":"<script> [1562 bytes]","args":[{"selector":{"id":"application-manageresources-display-component---newResourceUnit--btnAddTimeSegment","interaction":{"idSuffix":"inner"}},"wdio_ui5_key":"applicationmanageresources-display-component---newResourceUnit--btnAddTimeSegment"}]}
RESULT: undefined
COMMAND: POST /session/db7e74ddcaedfecfca9d83c19254142b/element - {"using":"xpath","value":"//*[@id=\"application-manageresources-display-component---newResourceUnit--btnAddTimeSegment\"]"}
RESULT: {}
RESULT: {"using":"xpath","value":"//*[@id=\"application-manageresources-display-component---newResourceUnit--btnAddTimeSegment\"]"}
COMMAND: POST /session/db7e74ddcaedfecfca9d83c19254142b/element/f.624D7720A2383BCF46C1895FE70984DD.d.67E18FE5E1DB91C7F665BAF0BC1371CD.e.16665/click - {}
RESULT: {}
COMMAND: GET /session/db7e74ddcaedfecfca9d83c19254142b/screenshot - {}
RESULT: {}
COMMAND: POST /session/db7e74ddcaedfecfca9d83c19254142b/element - {"using":"xpath","value":"//input[@id=\"application-manageresources-display-component---newResourceUnit--idRuTSAdmin-application-manageresources-display-component---newResourceUnit--RUTimeSegment-0-inner\"]"}
RESULT: {"using":"xpath","value":"//input[@id=\"application-manageresources-display-component---newResourceUnit--idRuTSAdmin-application-manageresources-display-component---newResourceUnit--RUTimeSegment-0-inner\"]"}
COMMAND: POST /session/db7e74ddcaedfecfca9d83c19254142b/element/f.624D7720A2383BCF46C1895FE70984DD.d.67E18FE5E1DB91C7F665BAF0BC1371CD.e.16670/clear - {}
RESULT: {}
COMMAND: POST /session/db7e74ddcaedfecfca9d83c19254142b/element/f.624D7720A2383BCF46C1895FE70984DD.d.67E18FE5E1DB91C7F665BAF0BC1371CD.e.16670/value - {"text":"342"}
COMMAND: GET /session/db7e74ddcaedfecfca9d83c19254142b/screenshot - {}
RESULT: {"text":"342"}
COMMAND: GET /session/db7e74ddcaedfecfca9d83c19254142b/screenshot - {}
RESULT: {}
RESULT: {}
COMMAND: POST /session/db7e74ddcaedfecfca9d83c19254142b/element - {"using":"xpath","value":"//li[.//span[text()='342']]"}
RESULT: {"using":"xpath","value":"//li[.//span[text()='342']]"}
COMMAND: POST /session/db7e74ddcaedfecfca9d83c19254142b/element/f.624D7720A2383BCF46C1895FE70984DD.d.67E18FE5E1DB91C7F665BAF0BC1371CD.e.16679/click - {}
RESULT: {}
COMMAND: GET /session/db7e74ddcaedfecfca9d83c19254142b/screenshot - {}
RESULT: {}
COMMAND: POST /session/db7e74ddcaedfecfca9d83c19254142b/element - {"using":"xpath","value":"(//span[contains(@id, \"-application-manageresources-display-component---newResourceUnit--RUTimeSegment-0-arrow\")])[2]"}
RESULT: {"using":"xpath","value":"(//span[contains(@id, \"-application-manageresources-display-component---newResourceUnit--RUTimeSegment-0-arrow\")])[2]"}
COMMAND: POST /session/db7e74ddcaedfecfca9d83c19254142b/element/f.624D7720A2383BCF46C1895FE70984DD.d.67E18FE5E1DB91C7F665BAF0BC1371CD.e.16680/click - {}
RESULT: {}
COMMAND: POST /session/db7e74ddcaedfecfca9d83c19254142b/element - {"using":"xpath","value":"//span[contains(text(), \"PM Order\")]"}
COMMAND: GET /session/db7e74ddcaedfecfca9d83c19254142b/screenshot - {}
RESULT: {"using":"xpath","value":"//span[contains(text(), \"PM Order\")]"}
COMMAND: POST /session/db7e74ddcaedfecfca9d83c19254142b/element/f.624D7720A2383BCF46C1895FE70984DD.d.67E18FE5E1DB91C7F665BAF0BC1371CD.e.16681/click - {}
RESULT: {}
RESULT: {}
COMMAND: GET /session/db7e74ddcaedfecfca9d83c19254142b/screenshot - {}
RESULT: {}
COMMAND: POST /session/db7e74ddcaedfecfca9d83c19254142b/element - {"using":"xpath","value":"//td/div/div/div/span[contains(@id, \"newResourceUnit--RUTimeSegment-0-vhi\")][1]"}
RESULT: {"using":"xpath","value":"//td/div/div/div/span[contains(@id, \"newResourceUnit--RUTimeSegment-0-vhi\")][1]"}
COMMAND: GET /session/db7e74ddcaedfecfca9d83c19254142b/element/f.624D7720A2383BCF46C1895FE70984DD.d.67E18FE5E1DB91C7F665BAF0BC1371CD.e.16685/rect - {}
RESULT: {}
COMMAND: GET /session/db7e74ddcaedfecfca9d83c19254142b/window/rect - {}
RESULT: {}
COMMAND: POST /session/db7e74ddcaedfecfca9d83c19254142b/execute/sync - {"script":"<script> [92 bytes]","args":[]}
RESULT: {"script":"<script> [92 bytes]","args":[]}
COMMAND: POST /session/db7e74ddcaedfecfca9d83c19254142b/actions - {"actions":[{"id":"action53","type":"wheel","parameters":{},"actions":[{"type":"scroll","x":-1888,"y":-24,"deltaX":0,"deltaY":0,"duration":0,"origin":{"element-6066-11e4-a52e-4f735466cecf":"f.624D7720A2383BCF46C1895FE70984DD.d.67E18FE5E1DB91C7F665BAF0BC1371CD.e.16685"}}]}]}
COMMAND: GET /session/db7e74ddcaedfecfca9d83c19254142b/screenshot - {}
RESULT: {}
COMMAND: POST /session/db7e74ddcaedfecfca9d83c19254142b/execute/sync - {"script":"<script> [79 bytes]","args":[{"element-6066-11e4-a52e-4f735466cecf":"f.624D7720A2383BCF46C1895FE70984DD.d.67E18FE5E1DB91C7F665BAF0BC1371CD.e.16685","ELEMENT":"f.624D7720A2383BCF46C1895FE70984DD.d.67E18FE5E1DB91C7F665BAF0BC1371CD.e.16685"},{"block":"start","inline":"nearest"}]}
RESULT: {"script":"<script> [79 bytes]","args":[{"element-6066-11e4-a52e-4f735466cecf":"f.624D7720A2383BCF46C1895FE70984DD.d.67E18FE5E1DB91C7F665BAF0BC1371CD.e.16685","ELEMENT":"f.624D7720A2383BCF46C1895FE70984DD.d.67E18FE5E1DB91C7F665BAF0BC1371CD.e.16685"},{"block":"start","inline":"nearest"}]}
COMMAND: GET /session/db7e74ddcaedfecfca9d83c19254142b/screenshot - {}
RESULT: {}
COMMAND: POST /session/db7e74ddcaedfecfca9d83c19254142b/element/f.624D7720A2383BCF46C1895FE70984DD.d.67E18FE5E1DB91C7F665BAF0BC1371CD.e.16685/click - {}
RESULT: {}
COMMAND: GET /session/db7e74ddcaedfecfca9d83c19254142b/screenshot - {}
RESULT: {}
COMMAND: POST /session/db7e74ddcaedfecfca9d83c19254142b/execute/async - {"script":"<script> [1562 bytes]","args":[{"selector":{"controlType":"sap.m.SearchField","properties":{"placeholder":"Search"},"searchOpenDialogs":true,"interaction":{"idSuffix":"I"}},"wdio_ui5_key":"sapm.SearchField{\"placeholder\":\"Search\"}"}]}
RESULT: {"script":"<script> [1562 bytes]","args":[{"selector":{"controlType":"sap.m.SearchField","properties":{"placeholder":"Search"},"searchOpenDialogs":true,"interaction":{"idSuffix":"I"}},"wdio_ui5_key":"sapm.SearchField{\"placeholder\":\"Search\"}"}]}
RESULT: undefined
COMMAND: POST /session/db7e74ddcaedfecfca9d83c19254142b/execute/async - {"script":"<script> [776 bytes]","args":[{"enterText":"4000360","selector":{"controlType":"sap.m.SearchField","properties":{"placeholder":"Search"},"searchOpenDialogs":true,"interaction":{"idSuffix":"I"}},"clearTextFirst":true,"interactionType":"ENTER_TEXT"}]}
RESULT: {"script":"<script> [776 bytes]","args":[{"enterText":"4000360","selector":{"controlType":"sap.m.SearchField","properties":{"placeholder":"Search"},"searchOpenDialogs":true,"interaction":{"idSuffix":"I"}},"clearTextFirst":true,"interactionType":"ENTER_TEXT"}]}
COMMAND: POST /session/db7e74ddcaedfecfca9d83c19254142b/actions - {"actions":[{"id":"action54","type":"key","parameters":{},"actions":[{"type":"keyDown","value":""},{"type":"pause","duration":10},{"type":"keyUp","value":""}]}]}
RESULT: {"actions":[{"id":"action54","type":"key","parameters":{},"actions":[{"type":"keyDown","value":""},{"type":"pause","duration":10},{"type":"keyUp","value":""}]}]}
COMMAND: GET /session/db7e74ddcaedfecfca9d83c19254142b/screenshot - {}
RESULT: {}
COMMAND: POST /session/db7e74ddcaedfecfca9d83c19254142b/element - {"using":"xpath","value":"//td/div/span[contains(text(), \"BGL Vehicles\")]"}
RESULT: {"using":"xpath","value":"//td/div/span[contains(text(), \"BGL Vehicles\")]"}
COMMAND: POST /session/db7e74ddcaedfecfca9d83c19254142b/element/f.624D7720A2383BCF46C1895FE70984DD.d.67E18FE5E1DB91C7F665BAF0BC1371CD.e.16707/click - {}
RESULT: {}
COMMAND: GET /session/db7e74ddcaedfecfca9d83c19254142b/screenshot - {}
RESULT: {}
COMMAND: POST /session/db7e74ddcaedfecfca9d83c19254142b/element - {"using":"xpath","value":"//bdi[contains(text(), \"OK\")]"}
RESULT: {"using":"xpath","value":"//bdi[contains(text(), \"OK\")]"}
COMMAND: POST /session/db7e74ddcaedfecfca9d83c19254142b/element/f.624D7720A2383BCF46C1895FE70984DD.d.67E18FE5E1DB91C7F665BAF0BC1371CD.e.16708/click - {}
RESULT: {}
COMMAND: GET /session/db7e74ddcaedfecfca9d83c19254142b/screenshot - {}
RESULT: {}
COMMAND: POST /session/db7e74ddcaedfecfca9d83c19254142b/element - {"using":"xpath","value":"//label[contains(@class, 'sapMLabelRequired') and .//bdi[contains(text(), 'Planned Retirement')]]"}
RESULT: {"using":"xpath","value":"//label[contains(@class, 'sapMLabelRequired') and .//bdi[contains(text(), 'Planned Retirement')]]"}
COMMAND: POST /session/db7e74ddcaedfecfca9d83c19254142b/elements - {"using":"xpath","value":"//label[contains(@class, 'sapMLabelRequired') and .//bdi[contains(text(), 'Planned Retirement')]]"}
RESULT: {"using":"xpath","value":"//label[contains(@class, 'sapMLabelRequired') and .//bdi[contains(text(), 'Planned Retirement')]]"}
COMMAND: POST /session/db7e74ddcaedfecfca9d83c19254142b/element - {"using":"xpath","value":"//button[@data-kt=\"resourceUnitSaveButton\"]"}
RESULT: {"using":"xpath","value":"//button[@data-kt=\"resourceUnitSaveButton\"]"}
COMMAND: POST /session/db7e74ddcaedfecfca9d83c19254142b/element/f.624D7720A2383BCF46C1895FE70984DD.d.67E18FE5E1DB91C7F665BAF0BC1371CD.e.16543/click - {}
RESULT: {}
COMMAND: GET /session/db7e74ddcaedfecfca9d83c19254142b/screenshot - {}
RESULT: {}
COMMAND: POST /session/db7e74ddcaedfecfca9d83c19254142b/element - {"using":"xpath","value":"//bdi[contains(text(), \"Close\")]"}
RESULT: {"using":"xpath","value":"//bdi[contains(text(), \"Close\")]"}
COMMAND: POST /session/db7e74ddcaedfecfca9d83c19254142b/element/f.624D7720A2383BCF46C1895FE70984DD.d.67E18FE5E1DB91C7F665BAF0BC1371CD.e.16715/click - {}
RESULT: {}
COMMAND: GET /session/db7e74ddcaedfecfca9d83c19254142b/screenshot - {}
RESULT: {}
COMMAND: POST /session/db7e74ddcaedfecfca9d83c19254142b/element - {"using":"xpath","value":"//header[contains(@id, 'detailRruPage-headerTitle')]/div[1]/div[2]/div[2]/span[1]"}
RESULT: {"using":"xpath","value":"//header[contains(@id, 'detailRruPage-headerTitle')]/div[1]/div[2]/div[2]/span[1]"}
COMMAND: POST /session/db7e74ddcaedfecfca9d83c19254142b/elements - {"using":"xpath","value":"//header[contains(@id, 'detailRruPage-headerTitle')]/div[1]/div[2]/div[2]/span[1]"}
RESULT: {"using":"xpath","value":"//header[contains(@id, 'detailRruPage-headerTitle')]/div[1]/div[2]/div[2]/span[1]"}
COMMAND: POST /session/db7e74ddcaedfecfca9d83c19254142b/execute/sync - {"script":"<script> [56 bytes]","args":[{"element-6066-11e4-a52e-4f735466cecf":"f.624D7720A2383BCF46C1895FE70984DD.d.67E18FE5E1DB91C7F665BAF0BC1371CD.e.16747","ELEMENT":"f.624D7720A2383BCF46C1895FE70984DD.d.67E18FE5E1DB91C7F665BAF0BC1371CD.e.16747"}]}
RESULT: {"script":"<script> [56 bytes]","args":[{"element-6066-11e4-a52e-4f735466cecf":"f.624D7720A2383BCF46C1895FE70984DD.d.67E18FE5E1DB91C7F665BAF0BC1371CD.e.16747","ELEMENT":"f.624D7720A2383BCF46C1895FE70984DD.d.67E18FE5E1DB91C7F665BAF0BC1371CD.e.16747"}]}
COMMAND: POST /session/db7e74ddcaedfecfca9d83c19254142b/element - {"using":"css selector","value":"#shell-header-logo"}
COMMAND: GET /session/db7e74ddcaedfecfca9d83c19254142b/screenshot - {}
RESULT: {"using":"css selector","value":"#shell-header-logo"}
COMMAND: POST /session/db7e74ddcaedfecfca9d83c19254142b/element/f.624D7720A2383BCF46C1895FE70984DD.d.67E18FE5E1DB91C7F665BAF0BC1371CD.e.16017/click - {}
RESULT: {}
RESULT: {}
COMMAND: GET /session/db7e74ddcaedfecfca9d83c19254142b/screenshot - {}
RESULT: {}
]]></system-out>
    </testcase>
  </testsuite>
  <testsuite timestamp="2025-05-26T17:09:42" time="366.357" tests="6" failures="2" errors="2" skipped="0">
    <properties>
      <property name="specId" value="0"/>
      <property name="suiteName" value="Provide to Site w/o warehouse management w/o clarification"/>
      <property name="capabilities" value="chrome.136_0_7103_93.windows"/>
      <property name="file" value="file:///D:/a/1/s/test/specs/HTR/provide-to-site-wo-warehouse-wo-clarification.spec.js"/>
    </properties>
    <testcase classname="chrome.136_0_7103_93.windows.Provide_to_Site_w/o_warehouse_management_w/o_clarification" name="Should do a stock increase handover" time="103.838">
      <system-out><![CDATA[
COMMAND: POST /session/db7e74ddcaedfecfca9d83c19254142b/execute/async - {"script":"<script> [1562 bytes]","args":[{"selector":{"controlType":"sap.m.GenericTile","properties":{"header":"Manage Handovers"}},"wdio_ui5_key":"sapm.GenericTile{\"header\":\"Manage Handovers\"}"}]}
RESULT: {"script":"<script> [1562 bytes]","args":[{"selector":{"controlType":"sap.m.GenericTile","properties":{"header":"Manage Handovers"}},"wdio_ui5_key":"sapm.GenericTile{\"header\":\"Manage Handovers\"}"}]}
RESULT: undefined
COMMAND: POST /session/db7e74ddcaedfecfca9d83c19254142b/element - {"using":"xpath","value":"//*[@id=\"__tile131\"]"}
RESULT: {"using":"xpath","value":"//*[@id=\"__tile131\"]"}
COMMAND: POST /session/db7e74ddcaedfecfca9d83c19254142b/element/f.624D7720A2383BCF46C1895FE70984DD.d.67E18FE5E1DB91C7F665BAF0BC1371CD.e.16063/click - {}
RESULT: {}
COMMAND: GET /session/db7e74ddcaedfecfca9d83c19254142b/screenshot - {}
RESULT: {}
COMMAND: POST /session/db7e74ddcaedfecfca9d83c19254142b/elements - {"using":"xpath","value":"//span[text()='Error']"}
RESULT: {"using":"xpath","value":"//span[text()='Error']"}
COMMAND: POST /session/db7e74ddcaedfecfca9d83c19254142b/element - {"using":"xpath","value":"//button[@data-kt=\"masterHOAddButton\"]"}
RESULT: {"using":"xpath","value":"//button[@data-kt=\"masterHOAddButton\"]"}
COMMAND: POST /session/db7e74ddcaedfecfca9d83c19254142b/elements - {"using":"xpath","value":"//button[@data-kt=\"masterHOAddButton\"]"}
RESULT: {"using":"xpath","value":"//button[@data-kt=\"masterHOAddButton\"]"}
COMMAND: POST /session/db7e74ddcaedfecfca9d83c19254142b/elements - {"using":"xpath","value":"//button[@data-kt=\"masterHOAddButton\"]"}
RESULT: {"using":"xpath","value":"//button[@data-kt=\"masterHOAddButton\"]"}
COMMAND: POST /session/db7e74ddcaedfecfca9d83c19254142b/element - {"using":"xpath","value":"//button[@data-kt=\"masterHOAddButton\"]"}
RESULT: {"using":"xpath","value":"//button[@data-kt=\"masterHOAddButton\"]"}
COMMAND: POST /session/db7e74ddcaedfecfca9d83c19254142b/execute/sync - {"script":"<script> [8489 bytes]","args":[{"element-6066-11e4-a52e-4f735466cecf":"f.624D7720A2383BCF46C1895FE70984DD.d.67E18FE5E1DB91C7F665BAF0BC1371CD.e.16785","ELEMENT":"f.624D7720A2383BCF46C1895FE70984DD.d.67E18FE5E1DB91C7F665BAF0BC1371CD.e.16785"}]}
RESULT: {"script":"<script> [8489 bytes]","args":[{"element-6066-11e4-a52e-4f735466cecf":"f.624D7720A2383BCF46C1895FE70984DD.d.67E18FE5E1DB91C7F665BAF0BC1371CD.e.16785","ELEMENT":"f.624D7720A2383BCF46C1895FE70984DD.d.67E18FE5E1DB91C7F665BAF0BC1371CD.e.16785"}]}
COMMAND: GET /session/db7e74ddcaedfecfca9d83c19254142b/element/f.624D7720A2383BCF46C1895FE70984DD.d.67E18FE5E1DB91C7F665BAF0BC1371CD.e.16785/enabled - {}
COMMAND: GET /session/db7e74ddcaedfecfca9d83c19254142b/screenshot - {}
RESULT: {}
COMMAND: POST /session/db7e74ddcaedfecfca9d83c19254142b/execute/sync - {"script":"<script> [8489 bytes]","args":[{"element-6066-11e4-a52e-4f735466cecf":"f.624D7720A2383BCF46C1895FE70984DD.d.67E18FE5E1DB91C7F665BAF0BC1371CD.e.16785","ELEMENT":"f.624D7720A2383BCF46C1895FE70984DD.d.67E18FE5E1DB91C7F665BAF0BC1371CD.e.16785"}]}
COMMAND: GET /session/db7e74ddcaedfecfca9d83c19254142b/screenshot - {}
RESULT: {}
RESULT: {"script":"<script> [8489 bytes]","args":[{"element-6066-11e4-a52e-4f735466cecf":"f.624D7720A2383BCF46C1895FE70984DD.d.67E18FE5E1DB91C7F665BAF0BC1371CD.e.16785","ELEMENT":"f.624D7720A2383BCF46C1895FE70984DD.d.67E18FE5E1DB91C7F665BAF0BC1371CD.e.16785"}]}
COMMAND: POST /session/db7e74ddcaedfecfca9d83c19254142b/execute/sync - {"script":"<script> [5351 bytes]","args":[{"element-6066-11e4-a52e-4f735466cecf":"f.624D7720A2383BCF46C1895FE70984DD.d.67E18FE5E1DB91C7F665BAF0BC1371CD.e.16785","ELEMENT":"f.624D7720A2383BCF46C1895FE70984DD.d.67E18FE5E1DB91C7F665BAF0BC1371CD.e.16785"}]}
COMMAND: GET /session/db7e74ddcaedfecfca9d83c19254142b/screenshot - {}
RESULT: {}
RESULT: {"script":"<script> [5351 bytes]","args":[{"element-6066-11e4-a52e-4f735466cecf":"f.624D7720A2383BCF46C1895FE70984DD.d.67E18FE5E1DB91C7F665BAF0BC1371CD.e.16785","ELEMENT":"f.624D7720A2383BCF46C1895FE70984DD.d.67E18FE5E1DB91C7F665BAF0BC1371CD.e.16785"}]}
COMMAND: POST /session/db7e74ddcaedfecfca9d83c19254142b/element/f.624D7720A2383BCF46C1895FE70984DD.d.67E18FE5E1DB91C7F665BAF0BC1371CD.e.16785/click - {}
COMMAND: GET /session/db7e74ddcaedfecfca9d83c19254142b/screenshot - {}
RESULT: {}
RESULT: {}
COMMAND: GET /session/db7e74ddcaedfecfca9d83c19254142b/screenshot - {}
COMMAND: POST /session/db7e74ddcaedfecfca9d83c19254142b/element - {"using":"xpath","value":"//span[contains(@id ,\"AddNewHO--typeSelect-arrow\")]"}
RESULT: {}
RESULT: {}
RESULT: {"using":"xpath","value":"//span[contains(@id ,\"AddNewHO--typeSelect-arrow\")]"}
COMMAND: POST /session/db7e74ddcaedfecfca9d83c19254142b/element/f.624D7720A2383BCF46C1895FE70984DD.d.67E18FE5E1DB91C7F665BAF0BC1371CD.e.17123/click - {}
RESULT: {}
COMMAND: GET /session/db7e74ddcaedfecfca9d83c19254142b/screenshot - {}
RESULT: {}
COMMAND: POST /session/db7e74ddcaedfecfca9d83c19254142b/element - {"using":"xpath","value":"(//li[contains(text(), \"stock increase yard\")])[1]"}
RESULT: {"using":"xpath","value":"(//li[contains(text(), \"stock increase yard\")])[1]"}
COMMAND: POST /session/db7e74ddcaedfecfca9d83c19254142b/element/f.624D7720A2383BCF46C1895FE70984DD.d.67E18FE5E1DB91C7F665BAF0BC1371CD.e.17124/click - {}
RESULT: {}
COMMAND: GET /session/db7e74ddcaedfecfca9d83c19254142b/screenshot - {}
RESULT: {}
COMMAND: POST /session/db7e74ddcaedfecfca9d83c19254142b/execute/async - {"script":"<script> [1562 bytes]","args":[{"selector":{"id":"application-managehandovers-display-component---AddNewHO--dueDate","interaction":{"idSuffix":"inner"}},"wdio_ui5_key":"applicationmanagehandovers-display-component---AddNewHO--dueDate"}]}
RESULT: {"script":"<script> [1562 bytes]","args":[{"selector":{"id":"application-managehandovers-display-component---AddNewHO--dueDate","interaction":{"idSuffix":"inner"}},"wdio_ui5_key":"applicationmanagehandovers-display-component---AddNewHO--dueDate"}]}
RESULT: undefined
COMMAND: POST /session/db7e74ddcaedfecfca9d83c19254142b/execute/async - {"script":"<script> [6424 bytes]","args":[{"element-6066-11e4-a52e-4f735466cecf":"f.624D7720A2383BCF46C1895FE70984DD.d.67E18FE5E1DB91C7F665BAF0BC1371CD.e.17128"},"setValue",["5/26/25"]]}
RESULT: {"script":"<script> [6424 bytes]","args":[{"element-6066-11e4-a52e-4f735466cecf":"f.624D7720A2383BCF46C1895FE70984DD.d.67E18FE5E1DB91C7F665BAF0BC1371CD.e.17128"},"setValue",["5/26/25"]]}
COMMAND: POST /session/db7e74ddcaedfecfca9d83c19254142b/element - {"using":"xpath","value":"//input[@id=\"generalSectionFrg--receiveYard-inner\"]"}
RESULT: {"using":"xpath","value":"//input[@id=\"generalSectionFrg--receiveYard-inner\"]"}
COMMAND: POST /session/db7e74ddcaedfecfca9d83c19254142b/element/f.624D7720A2383BCF46C1895FE70984DD.d.67E18FE5E1DB91C7F665BAF0BC1371CD.e.17134/clear - {}
RESULT: {}
COMMAND: POST /session/db7e74ddcaedfecfca9d83c19254142b/element/f.624D7720A2383BCF46C1895FE70984DD.d.67E18FE5E1DB91C7F665BAF0BC1371CD.e.17134/value - {"text":"342"}
COMMAND: GET /session/db7e74ddcaedfecfca9d83c19254142b/screenshot - {}
RESULT: {"text":"342"}
COMMAND: GET /session/db7e74ddcaedfecfca9d83c19254142b/screenshot - {}
RESULT: {}
RESULT: {}
COMMAND: POST /session/db7e74ddcaedfecfca9d83c19254142b/element - {"using":"xpath","value":"//li[.//span[text()='342']]"}
RESULT: {"using":"xpath","value":"//li[.//span[text()='342']]"}
COMMAND: POST /session/db7e74ddcaedfecfca9d83c19254142b/element/f.624D7720A2383BCF46C1895FE70984DD.d.67E18FE5E1DB91C7F665BAF0BC1371CD.e.17150/click - {}
RESULT: {}
COMMAND: GET /session/db7e74ddcaedfecfca9d83c19254142b/screenshot - {}
RESULT: {}
COMMAND: POST /session/db7e74ddcaedfecfca9d83c19254142b/execute/async - {"script":"<script> [1562 bytes]","args":[{"selector":{"id":"application-managehandovers-display-component---AddNewHO--ObjectPageLayout-anchBar-application-managehandovers-display-component---AddNewHO--section4-anchor","interaction":{"idSuffix":"BDI-content"}},"wdio_ui5_key":"applicationmanagehandovers-display-component---AddNewHO--ObjectPageLayout-anchBar-application-managehandovers-display-component---AddNewHO--section4-anchor"}]}
RESULT: {"script":"<script> [1562 bytes]","args":[{"selector":{"id":"application-managehandovers-display-component---AddNewHO--ObjectPageLayout-anchBar-application-managehandovers-display-component---AddNewHO--section4-anchor","interaction":{"idSuffix":"BDI-content"}},"wdio_ui5_key":"applicationmanagehandovers-display-component---AddNewHO--ObjectPageLayout-anchBar-application-managehandovers-display-component---AddNewHO--section4-anchor"}]}
RESULT: undefined
COMMAND: POST /session/db7e74ddcaedfecfca9d83c19254142b/element - {"using":"xpath","value":"//*[@id=\"application-managehandovers-display-component---AddNewHO--ObjectPageLayout-anchBar-application-managehandovers-display-component---AddNewHO--section4-anchor\"]"}
RESULT: {"using":"xpath","value":"//*[@id=\"application-managehandovers-display-component---AddNewHO--ObjectPageLayout-anchBar-application-managehandovers-display-component---AddNewHO--section4-anchor\"]"}
COMMAND: POST /session/db7e74ddcaedfecfca9d83c19254142b/element/f.624D7720A2383BCF46C1895FE70984DD.d.67E18FE5E1DB91C7F665BAF0BC1371CD.e.17152/click - {}
RESULT: {}
COMMAND: POST /session/db7e74ddcaedfecfca9d83c19254142b/element - {"using":"xpath","value":"//button[@aria-label=\"Add\"]"}
COMMAND: GET /session/db7e74ddcaedfecfca9d83c19254142b/screenshot - {}
RESULT: {"using":"xpath","value":"//button[@aria-label=\"Add\"]"}
COMMAND: POST /session/db7e74ddcaedfecfca9d83c19254142b/element/f.624D7720A2383BCF46C1895FE70984DD.d.67E18FE5E1DB91C7F665BAF0BC1371CD.e.17156/click - {}
RESULT: {}
RESULT: {}
COMMAND: GET /session/db7e74ddcaedfecfca9d83c19254142b/screenshot - {}
COMMAND: POST /session/db7e74ddcaedfecfca9d83c19254142b/execute/async - {"script":"<script> [1562 bytes]","args":[{"selector":{"id":"application-managehandovers-display-component---AddNewHO--smartFilterBar-btnBasicSearch","searchOpenDialogs":true,"interaction":{"idSuffix":"I"}},"wdio_ui5_key":"applicationmanagehandovers-display-component---AddNewHO--smartFilterBar-btnBasicSearch"}]}
RESULT: {}
RESULT: {"script":"<script> [1562 bytes]","args":[{"selector":{"id":"application-managehandovers-display-component---AddNewHO--smartFilterBar-btnBasicSearch","searchOpenDialogs":true,"interaction":{"idSuffix":"I"}},"wdio_ui5_key":"applicationmanagehandovers-display-component---AddNewHO--smartFilterBar-btnBasicSearch"}]}
RESULT: undefined
COMMAND: POST /session/db7e74ddcaedfecfca9d83c19254142b/execute/async - {"script":"<script> [776 bytes]","args":[{"enterText":"200187","selector":{"id":"application-managehandovers-display-component---AddNewHO--smartFilterBar-btnBasicSearch","searchOpenDialogs":true,"interaction":{"idSuffix":"I"}},"clearTextFirst":true,"interactionType":"ENTER_TEXT"}]}
RESULT: {"script":"<script> [776 bytes]","args":[{"enterText":"200187","selector":{"id":"application-managehandovers-display-component---AddNewHO--smartFilterBar-btnBasicSearch","searchOpenDialogs":true,"interaction":{"idSuffix":"I"}},"clearTextFirst":true,"interactionType":"ENTER_TEXT"}]}
COMMAND: POST /session/db7e74ddcaedfecfca9d83c19254142b/actions - {"actions":[{"id":"action55","type":"key","parameters":{},"actions":[{"type":"keyDown","value":""},{"type":"pause","duration":10},{"type":"keyUp","value":""}]}]}
RESULT: {"actions":[{"id":"action55","type":"key","parameters":{},"actions":[{"type":"keyDown","value":""},{"type":"pause","duration":10},{"type":"keyUp","value":""}]}]}
COMMAND: GET /session/db7e74ddcaedfecfca9d83c19254142b/screenshot - {}
RESULT: {}
COMMAND: POST /session/db7e74ddcaedfecfca9d83c19254142b/execute/async - {"script":"<script> [1562 bytes]","args":[{"selector":{"id":"application-managehandovers-display-component---AddNewHO--popup-sa","searchOpenDialogs":true,"interaction":{"idSuffix":"CbBg"}},"wdio_ui5_key":"applicationmanagehandovers-display-component---AddNewHO--popup-sa"}]}
RESULT: {"script":"<script> [1562 bytes]","args":[{"selector":{"id":"application-managehandovers-display-component---AddNewHO--popup-sa","searchOpenDialogs":true,"interaction":{"idSuffix":"CbBg"}},"wdio_ui5_key":"applicationmanagehandovers-display-component---AddNewHO--popup-sa"}]}
RESULT: undefined
COMMAND: POST /session/db7e74ddcaedfecfca9d83c19254142b/element - {"using":"xpath","value":"//*[@id=\"application-managehandovers-display-component---AddNewHO--popup-sa\"]"}
RESULT: {"using":"xpath","value":"//*[@id=\"application-managehandovers-display-component---AddNewHO--popup-sa\"]"}
COMMAND: POST /session/db7e74ddcaedfecfca9d83c19254142b/element/f.624D7720A2383BCF46C1895FE70984DD.d.67E18FE5E1DB91C7F665BAF0BC1371CD.e.17309/click - {}
RESULT: {}
COMMAND: GET /session/db7e74ddcaedfecfca9d83c19254142b/screenshot - {}
RESULT: {}
COMMAND: POST /session/db7e74ddcaedfecfca9d83c19254142b/element - {"using":"xpath","value":"//bdi[contains(text(), \"Select\")]"}
RESULT: {"using":"xpath","value":"//bdi[contains(text(), \"Select\")]"}
COMMAND: POST /session/db7e74ddcaedfecfca9d83c19254142b/element/f.624D7720A2383BCF46C1895FE70984DD.d.67E18FE5E1DB91C7F665BAF0BC1371CD.e.17310/click - {}
RESULT: {}
COMMAND: GET /session/db7e74ddcaedfecfca9d83c19254142b/screenshot - {}
RESULT: {}
COMMAND: POST /session/db7e74ddcaedfecfca9d83c19254142b/element - {"using":"xpath","value":"//button[@data-kt=\"AddNewHOSaveButton\"]"}
RESULT: {"using":"xpath","value":"//button[@data-kt=\"AddNewHOSaveButton\"]"}
COMMAND: POST /session/db7e74ddcaedfecfca9d83c19254142b/element/f.624D7720A2383BCF46C1895FE70984DD.d.67E18FE5E1DB91C7F665BAF0BC1371CD.e.17314/click - {}
RESULT: {}
COMMAND: GET /session/db7e74ddcaedfecfca9d83c19254142b/screenshot - {}
COMMAND: POST /session/db7e74ddcaedfecfca9d83c19254142b/execute/async - {"script":"<script> [1562 bytes]","args":[{"selector":{"id":"receiptDatePicker","viewName":"etm.portal.ui.managehandovers.view.DetailExecuteHO","interaction":{"idSuffix":"inner"}},"wdio_ui5_key":"receiptDatePickeretmportal.ui.managehandovers.view.DetailExecuteHO"}]}
RESULT: {}
RESULT: {"script":"<script> [1562 bytes]","args":[{"selector":{"id":"receiptDatePicker","viewName":"etm.portal.ui.managehandovers.view.DetailExecuteHO","interaction":{"idSuffix":"inner"}},"wdio_ui5_key":"receiptDatePickeretmportal.ui.managehandovers.view.DetailExecuteHO"}]}
RESULT: undefined
COMMAND: POST /session/db7e74ddcaedfecfca9d83c19254142b/execute/async - {"script":"<script> [6424 bytes]","args":[{"element-6066-11e4-a52e-4f735466cecf":"f.624D7720A2383BCF46C1895FE70984DD.d.67E18FE5E1DB91C7F665BAF0BC1371CD.e.17344"},"setValue",["5/26/25"]]}
RESULT: {"script":"<script> [6424 bytes]","args":[{"element-6066-11e4-a52e-4f735466cecf":"f.624D7720A2383BCF46C1895FE70984DD.d.67E18FE5E1DB91C7F665BAF0BC1371CD.e.17344"},"setValue",["5/26/25"]]}
COMMAND: POST /session/db7e74ddcaedfecfca9d83c19254142b/element - {"using":"xpath","value":"//button[@data-kt=\"ReceivingTableConfirmAllButton\"]"}
RESULT: {"using":"xpath","value":"//button[@data-kt=\"ReceivingTableConfirmAllButton\"]"}
COMMAND: POST /session/db7e74ddcaedfecfca9d83c19254142b/element/f.624D7720A2383BCF46C1895FE70984DD.d.67E18FE5E1DB91C7F665BAF0BC1371CD.e.17359/click - {}
RESULT: {}
COMMAND: GET /session/db7e74ddcaedfecfca9d83c19254142b/screenshot - {}
RESULT: {}
COMMAND: POST /session/db7e74ddcaedfecfca9d83c19254142b/element - {"using":"xpath","value":"//bdi[contains(text(), \"OK\")]"}
RESULT: {"using":"xpath","value":"//bdi[contains(text(), \"OK\")]"}
COMMAND: POST /session/db7e74ddcaedfecfca9d83c19254142b/element/f.624D7720A2383BCF46C1895FE70984DD.d.67E18FE5E1DB91C7F665BAF0BC1371CD.e.17361/click - {}
RESULT: {}
COMMAND: GET /session/db7e74ddcaedfecfca9d83c19254142b/screenshot - {}
RESULT: {}
COMMAND: POST /session/db7e74ddcaedfecfca9d83c19254142b/element - {"using":"xpath","value":"(//bdi[contains(text(), \"Receive\")])[2]"}
RESULT: {"using":"xpath","value":"(//bdi[contains(text(), \"Receive\")])[2]"}
COMMAND: POST /session/db7e74ddcaedfecfca9d83c19254142b/element/f.624D7720A2383BCF46C1895FE70984DD.d.67E18FE5E1DB91C7F665BAF0BC1371CD.e.17363/click - {}
RESULT: {}
COMMAND: GET /session/db7e74ddcaedfecfca9d83c19254142b/screenshot - {}
RESULT: {}
COMMAND: POST /session/db7e74ddcaedfecfca9d83c19254142b/element - {"using":"css selector","value":"#shell-header-logo"}
RESULT: {"using":"css selector","value":"#shell-header-logo"}
COMMAND: POST /session/db7e74ddcaedfecfca9d83c19254142b/element/f.624D7720A2383BCF46C1895FE70984DD.d.67E18FE5E1DB91C7F665BAF0BC1371CD.e.16750/click - {}
RESULT: {}
COMMAND: GET /session/db7e74ddcaedfecfca9d83c19254142b/screenshot - {}
RESULT: {}
]]></system-out>
    </testcase>
    <testcase classname="chrome.136_0_7103_93.windows.Provide_to_Site_w/o_warehouse_management_w/o_clarification" name="Should create a new contract" time="67.545">
      <system-out><![CDATA[
COMMAND: POST /session/db7e74ddcaedfecfca9d83c19254142b/execute/async - {"script":"<script> [1562 bytes]","args":[{"selector":{"controlType":"sap.m.GenericTile","properties":{"header":"Manage Contracts"}},"wdio_ui5_key":"sapm.GenericTile{\"header\":\"Manage Contracts\"}"}]}
RESULT: {"script":"<script> [1562 bytes]","args":[{"selector":{"controlType":"sap.m.GenericTile","properties":{"header":"Manage Contracts"}},"wdio_ui5_key":"sapm.GenericTile{\"header\":\"Manage Contracts\"}"}]}
RESULT: undefined
COMMAND: POST /session/db7e74ddcaedfecfca9d83c19254142b/element - {"using":"xpath","value":"//*[@id=\"__tile130\"]"}
RESULT: {"using":"xpath","value":"//*[@id=\"__tile130\"]"}
COMMAND: POST /session/db7e74ddcaedfecfca9d83c19254142b/element/f.624D7720A2383BCF46C1895FE70984DD.d.67E18FE5E1DB91C7F665BAF0BC1371CD.e.16052/click - {}
RESULT: {}
COMMAND: GET /session/db7e74ddcaedfecfca9d83c19254142b/screenshot - {}
RESULT: {}
COMMAND: POST /session/db7e74ddcaedfecfca9d83c19254142b/elements - {"using":"xpath","value":"//span[text()='Error']"}
RESULT: {"using":"xpath","value":"//span[text()='Error']"}
COMMAND: POST /session/db7e74ddcaedfecfca9d83c19254142b/element - {"using":"xpath","value":"//button[@data-kt=\"addButton\"]"}
RESULT: {"using":"xpath","value":"//button[@data-kt=\"addButton\"]"}
COMMAND: POST /session/db7e74ddcaedfecfca9d83c19254142b/elements - {"using":"xpath","value":"//button[@data-kt=\"addButton\"]"}
RESULT: {"using":"xpath","value":"//button[@data-kt=\"addButton\"]"}
COMMAND: POST /session/db7e74ddcaedfecfca9d83c19254142b/execute/sync - {"script":"<script> [8489 bytes]","args":[{"element-6066-11e4-a52e-4f735466cecf":"f.624D7720A2383BCF46C1895FE70984DD.d.67E18FE5E1DB91C7F665BAF0BC1371CD.e.17572","ELEMENT":"f.624D7720A2383BCF46C1895FE70984DD.d.67E18FE5E1DB91C7F665BAF0BC1371CD.e.17572"}]}
RESULT: {"script":"<script> [8489 bytes]","args":[{"element-6066-11e4-a52e-4f735466cecf":"f.624D7720A2383BCF46C1895FE70984DD.d.67E18FE5E1DB91C7F665BAF0BC1371CD.e.17572","ELEMENT":"f.624D7720A2383BCF46C1895FE70984DD.d.67E18FE5E1DB91C7F665BAF0BC1371CD.e.17572"}]}
COMMAND: GET /session/db7e74ddcaedfecfca9d83c19254142b/element/f.624D7720A2383BCF46C1895FE70984DD.d.67E18FE5E1DB91C7F665BAF0BC1371CD.e.17572/enabled - {}
COMMAND: GET /session/db7e74ddcaedfecfca9d83c19254142b/screenshot - {}
RESULT: {}
COMMAND: POST /session/db7e74ddcaedfecfca9d83c19254142b/execute/sync - {"script":"<script> [8489 bytes]","args":[{"element-6066-11e4-a52e-4f735466cecf":"f.624D7720A2383BCF46C1895FE70984DD.d.67E18FE5E1DB91C7F665BAF0BC1371CD.e.17572","ELEMENT":"f.624D7720A2383BCF46C1895FE70984DD.d.67E18FE5E1DB91C7F665BAF0BC1371CD.e.17572"}]}
COMMAND: GET /session/db7e74ddcaedfecfca9d83c19254142b/screenshot - {}
RESULT: {}
RESULT: {"script":"<script> [8489 bytes]","args":[{"element-6066-11e4-a52e-4f735466cecf":"f.624D7720A2383BCF46C1895FE70984DD.d.67E18FE5E1DB91C7F665BAF0BC1371CD.e.17572","ELEMENT":"f.624D7720A2383BCF46C1895FE70984DD.d.67E18FE5E1DB91C7F665BAF0BC1371CD.e.17572"}]}
COMMAND: POST /session/db7e74ddcaedfecfca9d83c19254142b/execute/sync - {"script":"<script> [5351 bytes]","args":[{"element-6066-11e4-a52e-4f735466cecf":"f.624D7720A2383BCF46C1895FE70984DD.d.67E18FE5E1DB91C7F665BAF0BC1371CD.e.17572","ELEMENT":"f.624D7720A2383BCF46C1895FE70984DD.d.67E18FE5E1DB91C7F665BAF0BC1371CD.e.17572"}]}
COMMAND: GET /session/db7e74ddcaedfecfca9d83c19254142b/screenshot - {}
RESULT: {}
RESULT: {"script":"<script> [5351 bytes]","args":[{"element-6066-11e4-a52e-4f735466cecf":"f.624D7720A2383BCF46C1895FE70984DD.d.67E18FE5E1DB91C7F665BAF0BC1371CD.e.17572","ELEMENT":"f.624D7720A2383BCF46C1895FE70984DD.d.67E18FE5E1DB91C7F665BAF0BC1371CD.e.17572"}]}
COMMAND: GET /session/db7e74ddcaedfecfca9d83c19254142b/screenshot - {}
RESULT: {}
RESULT: {}
COMMAND: POST /session/db7e74ddcaedfecfca9d83c19254142b/element/f.624D7720A2383BCF46C1895FE70984DD.d.67E18FE5E1DB91C7F665BAF0BC1371CD.e.17572/click - {}
RESULT: {}
COMMAND: GET /session/db7e74ddcaedfecfca9d83c19254142b/screenshot - {}
COMMAND: POST /session/db7e74ddcaedfecfca9d83c19254142b/execute/async - {"script":"<script> [1562 bytes]","args":[{"selector":{"id":"application-managecontracts-display-component---AddNewContract--projectDescription","interaction":{"idSuffix":"inner"}},"wdio_ui5_key":"applicationmanagecontracts-display-component---AddNewContract--projectDescription"}]}
RESULT: {}
RESULT: {"script":"<script> [1562 bytes]","args":[{"selector":{"id":"application-managecontracts-display-component---AddNewContract--projectDescription","interaction":{"idSuffix":"inner"}},"wdio_ui5_key":"applicationmanagecontracts-display-component---AddNewContract--projectDescription"}]}
RESULT: undefined
COMMAND: POST /session/db7e74ddcaedfecfca9d83c19254142b/execute/async - {"script":"<script> [776 bytes]","args":[{"enterText":"Contract WDIO","selector":{"id":"application-managecontracts-display-component---AddNewContract--projectDescription","interaction":{"idSuffix":"inner"}},"clearTextFirst":true,"interactionType":"ENTER_TEXT"}]}
RESULT: {"script":"<script> [776 bytes]","args":[{"enterText":"Contract WDIO","selector":{"id":"application-managecontracts-display-component---AddNewContract--projectDescription","interaction":{"idSuffix":"inner"}},"clearTextFirst":true,"interactionType":"ENTER_TEXT"}]}
COMMAND: POST /session/db7e74ddcaedfecfca9d83c19254142b/element - {"using":"xpath","value":"//input[@id=\"application-managecontracts-display-component---AddNewContract--site-inner\"]"}
RESULT: {"using":"xpath","value":"//input[@id=\"application-managecontracts-display-component---AddNewContract--site-inner\"]"}
COMMAND: POST /session/db7e74ddcaedfecfca9d83c19254142b/element/f.624D7720A2383BCF46C1895FE70984DD.d.67E18FE5E1DB91C7F665BAF0BC1371CD.e.17904/clear - {}
RESULT: {}
COMMAND: POST /session/db7e74ddcaedfecfca9d83c19254142b/element/f.624D7720A2383BCF46C1895FE70984DD.d.67E18FE5E1DB91C7F665BAF0BC1371CD.e.17904/value - {"text":"2161"}
COMMAND: GET /session/db7e74ddcaedfecfca9d83c19254142b/screenshot - {}
RESULT: {"text":"2161"}
COMMAND: GET /session/db7e74ddcaedfecfca9d83c19254142b/screenshot - {}
RESULT: {}
RESULT: {}
COMMAND: POST /session/db7e74ddcaedfecfca9d83c19254142b/element - {"using":"xpath","value":"//li[.//span[text()='2161']]"}
RESULT: {"using":"xpath","value":"//li[.//span[text()='2161']]"}
COMMAND: POST /session/db7e74ddcaedfecfca9d83c19254142b/element/f.624D7720A2383BCF46C1895FE70984DD.d.67E18FE5E1DB91C7F665BAF0BC1371CD.e.17987/click - {}
RESULT: {}
COMMAND: GET /session/db7e74ddcaedfecfca9d83c19254142b/screenshot - {}
RESULT: {}
COMMAND: POST /session/db7e74ddcaedfecfca9d83c19254142b/element - {"using":"xpath","value":"//input[@id=\"application-managecontracts-display-component---AddNewContract--yardId-inner\"]"}
RESULT: {"using":"xpath","value":"//input[@id=\"application-managecontracts-display-component---AddNewContract--yardId-inner\"]"}
COMMAND: GET /session/db7e74ddcaedfecfca9d83c19254142b/element/f.624D7720A2383BCF46C1895FE70984DD.d.67E18FE5E1DB91C7F665BAF0BC1371CD.e.17905/property/value - {}
RESULT: {}
COMMAND: POST /session/db7e74ddcaedfecfca9d83c19254142b/element - {"using":"xpath","value":"//input[@id=\"application-managecontracts-display-component---AddNewContract--customerSelect-inner\"]"}
COMMAND: GET /session/db7e74ddcaedfecfca9d83c19254142b/screenshot - {}
RESULT: {"using":"xpath","value":"//input[@id=\"application-managecontracts-display-component---AddNewContract--customerSelect-inner\"]"}
COMMAND: POST /session/db7e74ddcaedfecfca9d83c19254142b/element/f.624D7720A2383BCF46C1895FE70984DD.d.67E18FE5E1DB91C7F665BAF0BC1371CD.e.17903/clear - {}
RESULT: {}
RESULT: {}
COMMAND: POST /session/db7e74ddcaedfecfca9d83c19254142b/element/f.624D7720A2383BCF46C1895FE70984DD.d.67E18FE5E1DB91C7F665BAF0BC1371CD.e.17903/value - {"text":"1172"}
COMMAND: GET /session/db7e74ddcaedfecfca9d83c19254142b/screenshot - {}
RESULT: {"text":"1172"}
COMMAND: GET /session/db7e74ddcaedfecfca9d83c19254142b/screenshot - {}
RESULT: {}
RESULT: {}
COMMAND: POST /session/db7e74ddcaedfecfca9d83c19254142b/element - {"using":"xpath","value":"//li[.//span[text()='1172']]"}
RESULT: {"using":"xpath","value":"//li[.//span[text()='1172']]"}
COMMAND: POST /session/db7e74ddcaedfecfca9d83c19254142b/element/f.624D7720A2383BCF46C1895FE70984DD.d.67E18FE5E1DB91C7F665BAF0BC1371CD.e.17990/click - {}
RESULT: {}
COMMAND: GET /session/db7e74ddcaedfecfca9d83c19254142b/screenshot - {}
RESULT: {}
COMMAND: POST /session/db7e74ddcaedfecfca9d83c19254142b/element - {"using":"xpath","value":"//button[@data-kt=\"saveButton\"]"}
RESULT: {"using":"xpath","value":"//button[@data-kt=\"saveButton\"]"}
COMMAND: POST /session/db7e74ddcaedfecfca9d83c19254142b/element/f.624D7720A2383BCF46C1895FE70984DD.d.67E18FE5E1DB91C7F665BAF0BC1371CD.e.17980/click - {}
RESULT: {}
COMMAND: GET /session/db7e74ddcaedfecfca9d83c19254142b/screenshot - {}
RESULT: {}
COMMAND: POST /session/db7e74ddcaedfecfca9d83c19254142b/element - {"using":"xpath","value":"//span[contains(@id ,\"contractDetailTitleNoExpanded\")]"}
RESULT: {"using":"xpath","value":"//span[contains(@id ,\"contractDetailTitleNoExpanded\")]"}
COMMAND: POST /session/db7e74ddcaedfecfca9d83c19254142b/elements - {"using":"xpath","value":"//span[contains(@id ,\"contractDetailTitleNoExpanded\")]"}
RESULT: {"using":"xpath","value":"//span[contains(@id ,\"contractDetailTitleNoExpanded\")]"}
COMMAND: POST /session/db7e74ddcaedfecfca9d83c19254142b/execute/sync - {"script":"<script> [56 bytes]","args":[{"element-6066-11e4-a52e-4f735466cecf":"f.624D7720A2383BCF46C1895FE70984DD.d.67E18FE5E1DB91C7F665BAF0BC1371CD.e.18000","ELEMENT":"f.624D7720A2383BCF46C1895FE70984DD.d.67E18FE5E1DB91C7F665BAF0BC1371CD.e.18000"}]}
RESULT: {"script":"<script> [56 bytes]","args":[{"element-6066-11e4-a52e-4f735466cecf":"f.624D7720A2383BCF46C1895FE70984DD.d.67E18FE5E1DB91C7F665BAF0BC1371CD.e.18000","ELEMENT":"f.624D7720A2383BCF46C1895FE70984DD.d.67E18FE5E1DB91C7F665BAF0BC1371CD.e.18000"}]}
COMMAND: GET /session/db7e74ddcaedfecfca9d83c19254142b/screenshot - {}
RESULT: {}
]]></system-out>
    </testcase>
    <testcase classname="chrome.136_0_7103_93.windows.Provide_to_Site_w/o_warehouse_management_w/o_clarification" name="Should add equipment to the contract" time="62.021">
      <system-out><![CDATA[
COMMAND: POST /session/db7e74ddcaedfecfca9d83c19254142b/element - {"using":"xpath","value":"//button[@data-kt=\"contractDetailEditBtnButton\"]"}
RESULT: {"using":"xpath","value":"//button[@data-kt=\"contractDetailEditBtnButton\"]"}
COMMAND: POST /session/db7e74ddcaedfecfca9d83c19254142b/element/f.624D7720A2383BCF46C1895FE70984DD.d.67E18FE5E1DB91C7F665BAF0BC1371CD.e.18001/click - {}
RESULT: {}
COMMAND: GET /session/db7e74ddcaedfecfca9d83c19254142b/screenshot - {}
RESULT: {}
COMMAND: POST /session/db7e74ddcaedfecfca9d83c19254142b/element - {"using":"xpath","value":"(//span[contains(text(), \"Additional Addresses\")])[2]"}
RESULT: {"using":"xpath","value":"(//span[contains(text(), \"Additional Addresses\")])[2]"}
COMMAND: POST /session/db7e74ddcaedfecfca9d83c19254142b/element/f.624D7720A2383BCF46C1895FE70984DD.d.67E18FE5E1DB91C7F665BAF0BC1371CD.e.18059/click - {}
RESULT: {}
COMMAND: GET /session/db7e74ddcaedfecfca9d83c19254142b/screenshot - {}
RESULT: {}
COMMAND: POST /session/db7e74ddcaedfecfca9d83c19254142b/element - {"using":"xpath","value":"//button[@data-kt=\"btnAddTableRowOverflowToolbarButton\"]"}
RESULT: {"using":"xpath","value":"//button[@data-kt=\"btnAddTableRowOverflowToolbarButton\"]"}
COMMAND: POST /session/db7e74ddcaedfecfca9d83c19254142b/element/f.624D7720A2383BCF46C1895FE70984DD.d.67E18FE5E1DB91C7F665BAF0BC1371CD.e.18061/click - {}
RESULT: {}
COMMAND: GET /session/db7e74ddcaedfecfca9d83c19254142b/screenshot - {}
RESULT: {}
COMMAND: POST /session/db7e74ddcaedfecfca9d83c19254142b/element - {"using":"xpath","value":"//div[(text() = 'Standard Entry' or . = 'Standard Entry')]"}
RESULT: {"using":"xpath","value":"//div[(text() = 'Standard Entry' or . = 'Standard Entry')]"}
COMMAND: POST /session/db7e74ddcaedfecfca9d83c19254142b/element/f.624D7720A2383BCF46C1895FE70984DD.d.67E18FE5E1DB91C7F665BAF0BC1371CD.e.18063/click - {}
RESULT: {}
COMMAND: GET /session/db7e74ddcaedfecfca9d83c19254142b/screenshot - {}
RESULT: {}
COMMAND: POST /session/db7e74ddcaedfecfca9d83c19254142b/element - {"using":"xpath","value":"//td[6]/div/div/div/span"}
RESULT: {"using":"xpath","value":"//td[6]/div/div/div/span"}
COMMAND: POST /session/db7e74ddcaedfecfca9d83c19254142b/element/f.624D7720A2383BCF46C1895FE70984DD.d.67E18FE5E1DB91C7F665BAF0BC1371CD.e.18075/click - {}
RESULT: {}
COMMAND: GET /session/db7e74ddcaedfecfca9d83c19254142b/screenshot - {}
RESULT: {}
COMMAND: POST /session/db7e74ddcaedfecfca9d83c19254142b/element - {"using":"xpath","value":"(//span[contains(text(), \"Material\")])"}
RESULT: {"using":"xpath","value":"(//span[contains(text(), \"Material\")])"}
COMMAND: POST /session/db7e74ddcaedfecfca9d83c19254142b/element/f.624D7720A2383BCF46C1895FE70984DD.d.67E18FE5E1DB91C7F665BAF0BC1371CD.e.18076/click - {}
RESULT: {}
COMMAND: GET /session/db7e74ddcaedfecfca9d83c19254142b/screenshot - {}
RESULT: {}
COMMAND: POST /session/db7e74ddcaedfecfca9d83c19254142b/element - {"using":"xpath","value":"//td[7]/div/div/input"}
RESULT: {"using":"xpath","value":"//td[7]/div/div/input"}
COMMAND: POST /session/db7e74ddcaedfecfca9d83c19254142b/element/f.624D7720A2383BCF46C1895FE70984DD.d.67E18FE5E1DB91C7F665BAF0BC1371CD.e.18080/clear - {}
RESULT: {}
COMMAND: POST /session/db7e74ddcaedfecfca9d83c19254142b/element/f.624D7720A2383BCF46C1895FE70984DD.d.67E18FE5E1DB91C7F665BAF0BC1371CD.e.18080/value - {"text":"200187"}
COMMAND: GET /session/db7e74ddcaedfecfca9d83c19254142b/screenshot - {}
RESULT: {"text":"200187"}
COMMAND: GET /session/db7e74ddcaedfecfca9d83c19254142b/screenshot - {}
RESULT: {}
RESULT: {}
COMMAND: POST /session/db7e74ddcaedfecfca9d83c19254142b/actions - {"actions":[{"id":"action56","type":"key","parameters":{},"actions":[{"type":"keyDown","value":""},{"type":"pause","duration":10},{"type":"keyUp","value":""}]}]}
RESULT: {"actions":[{"id":"action56","type":"key","parameters":{},"actions":[{"type":"keyDown","value":""},{"type":"pause","duration":10},{"type":"keyUp","value":""}]}]}
COMMAND: GET /session/db7e74ddcaedfecfca9d83c19254142b/screenshot - {}
RESULT: {}
COMMAND: POST /session/db7e74ddcaedfecfca9d83c19254142b/execute/sync - {"script":"<script> [276 bytes]","args":["No pricing information was found"]}
RESULT: {"script":"<script> [276 bytes]","args":["No pricing information was found"]}
COMMAND: POST /session/db7e74ddcaedfecfca9d83c19254142b/element - {"using":"xpath","value":"//bdi[contains(text(), \"OK\")]"}
COMMAND: GET /session/db7e74ddcaedfecfca9d83c19254142b/screenshot - {}
RESULT: {"using":"xpath","value":"//bdi[contains(text(), \"OK\")]"}
COMMAND: POST /session/db7e74ddcaedfecfca9d83c19254142b/element/f.624D7720A2383BCF46C1895FE70984DD.d.67E18FE5E1DB91C7F665BAF0BC1371CD.e.18106/click - {}
RESULT: {}
RESULT: {}
COMMAND: GET /session/db7e74ddcaedfecfca9d83c19254142b/screenshot - {}
RESULT: {}
COMMAND: POST /session/db7e74ddcaedfecfca9d83c19254142b/element - {"using":"xpath","value":"(//button[@data-kt=\"saveButton\"])[2]"}
RESULT: {"using":"xpath","value":"(//button[@data-kt=\"saveButton\"])[2]"}
COMMAND: POST /session/db7e74ddcaedfecfca9d83c19254142b/element/f.624D7720A2383BCF46C1895FE70984DD.d.67E18FE5E1DB91C7F665BAF0BC1371CD.e.18107/click - {}
RESULT: {}
COMMAND: GET /session/db7e74ddcaedfecfca9d83c19254142b/screenshot - {}
RESULT: {}
COMMAND: POST /session/db7e74ddcaedfecfca9d83c19254142b/execute/sync - {"script":"<script> [276 bytes]","args":["Some contract items are having rental validity exceeding header rental validity"]}
RESULT: {"script":"<script> [276 bytes]","args":["Some contract items are having rental validity exceeding header rental validity"]}
COMMAND: GET /session/db7e74ddcaedfecfca9d83c19254142b/screenshot - {}
RESULT: {}
COMMAND: POST /session/db7e74ddcaedfecfca9d83c19254142b/element - {"using":"xpath","value":"//span[contains(@id ,\"contractItemsSmartTable-header-inner\")]"}
RESULT: {"using":"xpath","value":"//span[contains(@id ,\"contractItemsSmartTable-header-inner\")]"}
COMMAND: POST /session/db7e74ddcaedfecfca9d83c19254142b/elements - {"using":"xpath","value":"//span[contains(@id ,\"contractItemsSmartTable-header-inner\")]"}
RESULT: {"using":"xpath","value":"//span[contains(@id ,\"contractItemsSmartTable-header-inner\")]"}
COMMAND: POST /session/db7e74ddcaedfecfca9d83c19254142b/execute/sync - {"script":"<script> [56 bytes]","args":[{"element-6066-11e4-a52e-4f735466cecf":"f.624D7720A2383BCF46C1895FE70984DD.d.67E18FE5E1DB91C7F665BAF0BC1371CD.e.18111","ELEMENT":"f.624D7720A2383BCF46C1895FE70984DD.d.67E18FE5E1DB91C7F665BAF0BC1371CD.e.18111"}]}
RESULT: {"script":"<script> [56 bytes]","args":[{"element-6066-11e4-a52e-4f735466cecf":"f.624D7720A2383BCF46C1895FE70984DD.d.67E18FE5E1DB91C7F665BAF0BC1371CD.e.18111","ELEMENT":"f.624D7720A2383BCF46C1895FE70984DD.d.67E18FE5E1DB91C7F665BAF0BC1371CD.e.18111"}]}
]]></system-out>
    </testcase>
    <testcase classname="chrome.136_0_7103_93.windows.Provide_to_Site_w/o_warehouse_management_w/o_clarification" name="Should do provide to site" time="127.53">
      <failure/>
      <error message="element click intercepted: Element &lt;button id=&quot;__button251&quot; data-sap-ui=&quot;__button251&quot; data-sap-ui-render=&quot;&quot; data-kt=&quot;ReceivingTableConfirmAllButton&quot; data-ui5-accesskey=&quot;c&quot; aria-describedby=&quot;__button251-tooltip&quot; title=&quot;Confirm All&quot; class=&quot;sapMBtnBase sapMBtn sapMColumnHeaderContent&quot;>...&lt;/button> is not clickable at point (726, 801). Other element would receive the click: &lt;div id=&quot;sap-ui-blocklayer-popup&quot; tabindex=&quot;0&quot; class=&quot;sapUiBLy&quot; style=&quot;z-index: 469; visibility: visible;&quot;>&lt;/div>&#xA;  (Session info: chrome=136.0.7103.93)"/>
      <system-out><![CDATA[
COMMAND: GET /session/db7e74ddcaedfecfca9d83c19254142b/screenshot - {}
COMMAND: POST /session/db7e74ddcaedfecfca9d83c19254142b/element - {"using":"xpath","value":"//button[@data-kt=\"provideButton\"]"}
RESULT: {}
RESULT: {"using":"xpath","value":"//button[@data-kt=\"provideButton\"]"}
COMMAND: POST /session/db7e74ddcaedfecfca9d83c19254142b/element/f.624D7720A2383BCF46C1895FE70984DD.d.67E18FE5E1DB91C7F665BAF0BC1371CD.e.18112/click - {}
RESULT: {}
COMMAND: GET /session/db7e74ddcaedfecfca9d83c19254142b/screenshot - {}
RESULT: {}
COMMAND: POST /session/db7e74ddcaedfecfca9d83c19254142b/element - {"using":"xpath","value":"(//div[contains(@id, \"application-managehandovers-display-component---AddNewHO--oneStep-CbBg\")])"}
RESULT: {"using":"xpath","value":"(//div[contains(@id, \"application-managehandovers-display-component---AddNewHO--oneStep-CbBg\")])"}
COMMAND: POST /session/db7e74ddcaedfecfca9d83c19254142b/element - {"using":"xpath","value":"(//div[contains(@id, \"application-managehandovers-display-component---AddNewHO--oneStep-CbBg\")])/input"}
RESULT: {"using":"xpath","value":"(//div[contains(@id, \"application-managehandovers-display-component---AddNewHO--oneStep-CbBg\")])/input"}
COMMAND: GET /session/db7e74ddcaedfecfca9d83c19254142b/element/f.624D7720A2383BCF46C1895FE70984DD.d.67E18FE5E1DB91C7F665BAF0BC1371CD.e.18173/attribute/checked - {}
RESULT: {}
RESULT: undefined
COMMAND: POST /session/db7e74ddcaedfecfca9d83c19254142b/execute/async - {"script":"<script> [6424 bytes]","args":[{"element-6066-11e4-a52e-4f735466cecf":"f.624D7720A2383BCF46C1895FE70984DD.d.67E18FE5E1DB91C7F665BAF0BC1371CD.e.17128"},"setValue",["05/26/25"]]}
COMMAND: POST /session/db7e74ddcaedfecfca9d83c19254142b/element/f.624D7720A2383BCF46C1895FE70984DD.d.67E18FE5E1DB91C7F665BAF0BC1371CD.e.18418/click - {}
COMMAND: POST /session/db7e74ddcaedfecfca9d83c19254142b/execute/async - {"script":"<script> [1562 bytes]","args":[{"selector":{"id":"application-managehandovers-display-component---AddNewHO--dueDate","interaction":{"idSuffix":"inner"}},"wdio_ui5_key":"applicationmanagehandovers-display-component---AddNewHO--dueDate"}]}
RESULT: {}
COMMAND: GET /session/db7e74ddcaedfecfca9d83c19254142b/screenshot - {}
RESULT: {"script":"<script> [1562 bytes]","args":[{"selector":{"id":"application-managehandovers-display-component---AddNewHO--dueDate","interaction":{"idSuffix":"inner"}},"wdio_ui5_key":"applicationmanagehandovers-display-component---AddNewHO--dueDate"}]}
COMMAND: POST /session/db7e74ddcaedfecfca9d83c19254142b/execute/async - {"script":"<script> [6424 bytes]","args":[{"element-6066-11e4-a52e-4f735466cecf":"f.624D7720A2383BCF46C1895FE70984DD.d.67E18FE5E1DB91C7F665BAF0BC1371CD.e.18169"},"setValue",["05/26/25"]]}
RESULT: {}
RESULT: {"script":"<script> [6424 bytes]","args":[{"element-6066-11e4-a52e-4f735466cecf":"f.624D7720A2383BCF46C1895FE70984DD.d.67E18FE5E1DB91C7F665BAF0BC1371CD.e.18169"},"setValue",["05/26/25"]]}
COMMAND: POST /session/db7e74ddcaedfecfca9d83c19254142b/element - {"using":"xpath","value":"//bdi[contains(text(), \"Instructions\")]"}
RESULT: {"using":"xpath","value":"//bdi[contains(text(), \"Instructions\")]"}
COMMAND: POST /session/db7e74ddcaedfecfca9d83c19254142b/element/f.624D7720A2383BCF46C1895FE70984DD.d.67E18FE5E1DB91C7F665BAF0BC1371CD.e.18422/click - {}
RESULT: {}
COMMAND: GET /session/db7e74ddcaedfecfca9d83c19254142b/screenshot - {}
RESULT: {}
COMMAND: POST /session/db7e74ddcaedfecfca9d83c19254142b/element - {"using":"xpath","value":"//button[@data-kt=\"AddNewHOProvideAddItemsButton\"]"}
RESULT: {"using":"xpath","value":"//button[@data-kt=\"AddNewHOProvideAddItemsButton\"]"}
COMMAND: POST /session/db7e74ddcaedfecfca9d83c19254142b/element/f.624D7720A2383BCF46C1895FE70984DD.d.67E18FE5E1DB91C7F665BAF0BC1371CD.e.18426/click - {}
RESULT: {}
COMMAND: GET /session/db7e74ddcaedfecfca9d83c19254142b/screenshot - {}
RESULT: {}
RESULT: undefined
COMMAND: POST /session/db7e74ddcaedfecfca9d83c19254142b/element - {"using":"xpath","value":"//*[@id=\"application-managehandovers-display-component---AddNewHO--popup-sa\"]"}
RESULT: {"using":"xpath","value":"//*[@id=\"application-managehandovers-display-component---AddNewHO--popup-sa\"]"}
COMMAND: POST /session/db7e74ddcaedfecfca9d83c19254142b/element/f.624D7720A2383BCF46C1895FE70984DD.d.67E18FE5E1DB91C7F665BAF0BC1371CD.e.18436/click - {}
RESULT: {}
COMMAND: GET /session/db7e74ddcaedfecfca9d83c19254142b/screenshot - {}
RESULT: {}
COMMAND: POST /session/db7e74ddcaedfecfca9d83c19254142b/element - {"using":"xpath","value":"//*[contains(@id ,\"BDI-content\")][contains(text(), \"Select\")]"}
RESULT: {"using":"xpath","value":"//*[contains(@id ,\"BDI-content\")][contains(text(), \"Select\")]"}
COMMAND: POST /session/db7e74ddcaedfecfca9d83c19254142b/element/f.624D7720A2383BCF46C1895FE70984DD.d.67E18FE5E1DB91C7F665BAF0BC1371CD.e.18438/click - {}
RESULT: {}
COMMAND: GET /session/db7e74ddcaedfecfca9d83c19254142b/screenshot - {}
RESULT: {}
COMMAND: POST /session/db7e74ddcaedfecfca9d83c19254142b/execute/async - {"script":"<script> [1562 bytes]","args":[{"selector":{"id":"application-managehandovers-display-component---AddNewHO--confirmCreationButton","interaction":{"idSuffix":"BDI-content"}},"wdio_ui5_key":"applicationmanagehandovers-display-component---AddNewHO--confirmCreationButton"}]}
RESULT: {"script":"<script> [1562 bytes]","args":[{"selector":{"id":"application-managehandovers-display-component---AddNewHO--confirmCreationButton","interaction":{"idSuffix":"BDI-content"}},"wdio_ui5_key":"applicationmanagehandovers-display-component---AddNewHO--confirmCreationButton"}]}
RESULT: undefined
COMMAND: POST /session/db7e74ddcaedfecfca9d83c19254142b/element - {"using":"xpath","value":"//*[@id=\"application-managehandovers-display-component---AddNewHO--confirmCreationButton\"]"}
RESULT: {"using":"xpath","value":"//*[@id=\"application-managehandovers-display-component---AddNewHO--confirmCreationButton\"]"}
COMMAND: POST /session/db7e74ddcaedfecfca9d83c19254142b/element/f.624D7720A2383BCF46C1895FE70984DD.d.67E18FE5E1DB91C7F665BAF0BC1371CD.e.18235/click - {}
RESULT: {}
COMMAND: GET /session/db7e74ddcaedfecfca9d83c19254142b/screenshot - {}
RESULT: {}
COMMAND: POST /session/db7e74ddcaedfecfca9d83c19254142b/execute/async - {"script":"<script> [1562 bytes]","args":[{"selector":{"id":"issueDatePicker","viewName":"etm.portal.ui.managehandovers.view.DetailExecuteHO","interaction":{"idSuffix":"inner"}},"wdio_ui5_key":"issueDatePickeretmportal.ui.managehandovers.view.DetailExecuteHO"}]}
RESULT: {"script":"<script> [1562 bytes]","args":[{"selector":{"id":"issueDatePicker","viewName":"etm.portal.ui.managehandovers.view.DetailExecuteHO","interaction":{"idSuffix":"inner"}},"wdio_ui5_key":"issueDatePickeretmportal.ui.managehandovers.view.DetailExecuteHO"}]}
RESULT: undefined
COMMAND: POST /session/db7e74ddcaedfecfca9d83c19254142b/execute/async - {"script":"<script> [776 bytes]","args":[{"enterText":"5/26/25","selector":{"id":"issueDatePicker","viewName":"etm.portal.ui.managehandovers.view.DetailExecuteHO","interaction":{"idSuffix":"inner"}},"clearTextFirst":true,"interactionType":"ENTER_TEXT"}]}
RESULT: {"script":"<script> [776 bytes]","args":[{"enterText":"5/26/25","selector":{"id":"issueDatePicker","viewName":"etm.portal.ui.managehandovers.view.DetailExecuteHO","interaction":{"idSuffix":"inner"}},"clearTextFirst":true,"interactionType":"ENTER_TEXT"}]}
COMMAND: POST /session/db7e74ddcaedfecfca9d83c19254142b/element - {"using":"xpath","value":"//button[@data-kt=\"PickingTableConfirmAllButton\"]"}
RESULT: {"using":"xpath","value":"//button[@data-kt=\"PickingTableConfirmAllButton\"]"}
COMMAND: POST /session/db7e74ddcaedfecfca9d83c19254142b/element/f.624D7720A2383BCF46C1895FE70984DD.d.67E18FE5E1DB91C7F665BAF0BC1371CD.e.18494/click - {}
RESULT: {}
COMMAND: GET /session/db7e74ddcaedfecfca9d83c19254142b/screenshot - {}
RESULT: {}
COMMAND: POST /session/db7e74ddcaedfecfca9d83c19254142b/element - {"using":"xpath","value":"//bdi[contains(text(), \"OK\")]"}
RESULT: {"using":"xpath","value":"//bdi[contains(text(), \"OK\")]"}
COMMAND: POST /session/db7e74ddcaedfecfca9d83c19254142b/element/f.624D7720A2383BCF46C1895FE70984DD.d.67E18FE5E1DB91C7F665BAF0BC1371CD.e.18498/click - {}
RESULT: {}
COMMAND: GET /session/db7e74ddcaedfecfca9d83c19254142b/screenshot - {}
RESULT: {}
COMMAND: POST /session/db7e74ddcaedfecfca9d83c19254142b/element - {"using":"xpath","value":"//button[@data-kt=\"execHoPickButton\"]"}
RESULT: {"using":"xpath","value":"//button[@data-kt=\"execHoPickButton\"]"}
COMMAND: POST /session/db7e74ddcaedfecfca9d83c19254142b/element/f.624D7720A2383BCF46C1895FE70984DD.d.67E18FE5E1DB91C7F665BAF0BC1371CD.e.18499/click - {}
RESULT: {}
COMMAND: GET /session/db7e74ddcaedfecfca9d83c19254142b/screenshot - {}
RESULT: {}
COMMAND: POST /session/db7e74ddcaedfecfca9d83c19254142b/element - {"using":"xpath","value":"//span[contains(@id ,\"filterItemControl_BASIC-RECEIVE_CONTRACT-vhi\")]"}
RESULT: {"using":"xpath","value":"//span[contains(@id ,\"filterItemControl_BASIC-RECEIVE_CONTRACT-vhi\")]"}
COMMAND: POST /session/db7e74ddcaedfecfca9d83c19254142b/element/f.624D7720A2383BCF46C1895FE70984DD.d.67E18FE5E1DB91C7F665BAF0BC1371CD.e.18667/click - {}
RESULT: {}
COMMAND: GET /session/db7e74ddcaedfecfca9d83c19254142b/screenshot - {}
RESULT: {}
COMMAND: POST /session/db7e74ddcaedfecfca9d83c19254142b/execute/async - {"script":"<script> [1562 bytes]","args":[{"selector":{"controlType":"sap.m.SearchField","viewName":"etm.portal.ui.managehandovers.view.MasterHO","bindingPath":{"path":"","propertyPath":"/_BASIC_SEARCH_FIELD","modelName":"fi1t3rM0d31"},"searchOpenDialogs":true,"interaction":{"idSuffix":"I"}},"wdio_ui5_key":"etmportal.ui.managehandovers.view.MasterHOsap.m.SearchField{\"path\":\"\",\"propertyPath\":\"/_BASIC_SEARCH_FIELD\",\"modelName\":\"fi1t3rM0d31\"}"}]}
RESULT: {"script":"<script> [1562 bytes]","args":[{"selector":{"controlType":"sap.m.SearchField","viewName":"etm.portal.ui.managehandovers.view.MasterHO","bindingPath":{"path":"","propertyPath":"/_BASIC_SEARCH_FIELD","modelName":"fi1t3rM0d31"},"searchOpenDialogs":true,"interaction":{"idSuffix":"I"}},"wdio_ui5_key":"etmportal.ui.managehandovers.view.MasterHOsap.m.SearchField{\"path\":\"\",\"propertyPath\":\"/_BASIC_SEARCH_FIELD\",\"modelName\":\"fi1t3rM0d31\"}"}]}
RESULT: undefined
COMMAND: POST /session/db7e74ddcaedfecfca9d83c19254142b/execute/async - {"script":"<script> [776 bytes]","args":[{"enterText":"10276","selector":{"controlType":"sap.m.SearchField","viewName":"etm.portal.ui.managehandovers.view.MasterHO","bindingPath":{"path":"","propertyPath":"/_BASIC_SEARCH_FIELD","modelName":"fi1t3rM0d31"},"searchOpenDialogs":true,"interaction":{"idSuffix":"I"}},"clearTextFirst":true,"interactionType":"ENTER_TEXT"}]}
RESULT: {"script":"<script> [776 bytes]","args":[{"enterText":"10276","selector":{"controlType":"sap.m.SearchField","viewName":"etm.portal.ui.managehandovers.view.MasterHO","bindingPath":{"path":"","propertyPath":"/_BASIC_SEARCH_FIELD","modelName":"fi1t3rM0d31"},"searchOpenDialogs":true,"interaction":{"idSuffix":"I"}},"clearTextFirst":true,"interactionType":"ENTER_TEXT"}]}
COMMAND: POST /session/db7e74ddcaedfecfca9d83c19254142b/actions - {"actions":[{"id":"action57","type":"key","parameters":{},"actions":[{"type":"keyDown","value":""},{"type":"pause","duration":10},{"type":"keyUp","value":""}]}]}
RESULT: {"actions":[{"id":"action57","type":"key","parameters":{},"actions":[{"type":"keyDown","value":""},{"type":"pause","duration":10},{"type":"keyUp","value":""}]}]}
COMMAND: GET /session/db7e74ddcaedfecfca9d83c19254142b/screenshot - {}
RESULT: {}
COMMAND: POST /session/db7e74ddcaedfecfca9d83c19254142b/element - {"using":"xpath","value":"//div[contains(@id, 'filterItemControl_BASIC-RECEIVE_CONTRACT-valueHelpDialog-table-rowsel0')]"}
RESULT: {"using":"xpath","value":"//div[contains(@id, 'filterItemControl_BASIC-RECEIVE_CONTRACT-valueHelpDialog-table-rowsel0')]"}
COMMAND: POST /session/db7e74ddcaedfecfca9d83c19254142b/element/f.624D7720A2383BCF46C1895FE70984DD.d.67E18FE5E1DB91C7F665BAF0BC1371CD.e.18677/click - {}
RESULT: {}
COMMAND: GET /session/db7e74ddcaedfecfca9d83c19254142b/screenshot - {}
RESULT: {}
COMMAND: POST /session/db7e74ddcaedfecfca9d83c19254142b/element - {"using":"xpath","value":"//bdi[contains(text(), \"OK\")]"}
RESULT: {"using":"xpath","value":"//bdi[contains(text(), \"OK\")]"}
COMMAND: POST /session/db7e74ddcaedfecfca9d83c19254142b/element/f.624D7720A2383BCF46C1895FE70984DD.d.67E18FE5E1DB91C7F665BAF0BC1371CD.e.18679/click - {}
RESULT: {}
COMMAND: GET /session/db7e74ddcaedfecfca9d83c19254142b/screenshot - {}
RESULT: {}
COMMAND: POST /session/db7e74ddcaedfecfca9d83c19254142b/element - {"using":"xpath","value":"//span[contains(@id, \"smartTable-header-inner\")]"}
RESULT: {"using":"xpath","value":"//span[contains(@id, \"smartTable-header-inner\")]"}
COMMAND: POST /session/db7e74ddcaedfecfca9d83c19254142b/elements - {"using":"xpath","value":"//span[contains(@id, \"smartTable-header-inner\")]"}
RESULT: {"using":"xpath","value":"//span[contains(@id, \"smartTable-header-inner\")]"}
COMMAND: POST /session/db7e74ddcaedfecfca9d83c19254142b/execute/sync - {"script":"<script> [56 bytes]","args":[{"element-6066-11e4-a52e-4f735466cecf":"f.624D7720A2383BCF46C1895FE70984DD.d.67E18FE5E1DB91C7F665BAF0BC1371CD.e.18708","ELEMENT":"f.624D7720A2383BCF46C1895FE70984DD.d.67E18FE5E1DB91C7F665BAF0BC1371CD.e.18708"}]}
RESULT: {"script":"<script> [56 bytes]","args":[{"element-6066-11e4-a52e-4f735466cecf":"f.624D7720A2383BCF46C1895FE70984DD.d.67E18FE5E1DB91C7F665BAF0BC1371CD.e.18708","ELEMENT":"f.624D7720A2383BCF46C1895FE70984DD.d.67E18FE5E1DB91C7F665BAF0BC1371CD.e.18708"}]}
COMMAND: POST /session/db7e74ddcaedfecfca9d83c19254142b/element - {"using":"xpath","value":"//table[contains(@id, \"customHandovers\")]//tbody/tr[1]/td[2]/span"}
COMMAND: GET /session/db7e74ddcaedfecfca9d83c19254142b/screenshot - {}
RESULT: {"using":"xpath","value":"//table[contains(@id, \"customHandovers\")]//tbody/tr[1]/td[2]/span"}
COMMAND: POST /session/db7e74ddcaedfecfca9d83c19254142b/execute/sync - {"script":"<script> [56 bytes]","args":[{"element-6066-11e4-a52e-4f735466cecf":"f.624D7720A2383BCF46C1895FE70984DD.d.67E18FE5E1DB91C7F665BAF0BC1371CD.e.18709","ELEMENT":"f.624D7720A2383BCF46C1895FE70984DD.d.67E18FE5E1DB91C7F665BAF0BC1371CD.e.18709"}]}
RESULT: {}
RESULT: {"script":"<script> [56 bytes]","args":[{"element-6066-11e4-a52e-4f735466cecf":"f.624D7720A2383BCF46C1895FE70984DD.d.67E18FE5E1DB91C7F665BAF0BC1371CD.e.18709","ELEMENT":"f.624D7720A2383BCF46C1895FE70984DD.d.67E18FE5E1DB91C7F665BAF0BC1371CD.e.18709"}]}
COMMAND: POST /session/db7e74ddcaedfecfca9d83c19254142b/element - {"using":"xpath","value":"(//span[contains(@id, \"imgNav\")])[1]"}
COMMAND: GET /session/db7e74ddcaedfecfca9d83c19254142b/screenshot - {}
RESULT: {"using":"xpath","value":"(//span[contains(@id, \"imgNav\")])[1]"}
COMMAND: POST /session/db7e74ddcaedfecfca9d83c19254142b/element/f.624D7720A2383BCF46C1895FE70984DD.d.67E18FE5E1DB91C7F665BAF0BC1371CD.e.18705/click - {}
RESULT: {}
RESULT: {}
COMMAND: GET /session/db7e74ddcaedfecfca9d83c19254142b/screenshot - {}
RESULT: {}
RESULT: undefined
COMMAND: POST /session/db7e74ddcaedfecfca9d83c19254142b/execute/async - {"script":"<script> [776 bytes]","args":[{"enterText":"5/26/25","selector":{"id":"issueDatePicker","viewName":"etm.portal.ui.managehandovers.view.DetailExecuteHO","interaction":{"idSuffix":"inner"}},"clearTextFirst":true,"interactionType":"ENTER_TEXT"}]}
RESULT: {"script":"<script> [776 bytes]","args":[{"enterText":"5/26/25","selector":{"id":"issueDatePicker","viewName":"etm.portal.ui.managehandovers.view.DetailExecuteHO","interaction":{"idSuffix":"inner"}},"clearTextFirst":true,"interactionType":"ENTER_TEXT"}]}
COMMAND: POST /session/db7e74ddcaedfecfca9d83c19254142b/element - {"using":"xpath","value":"//button[@data-kt=\"IssuingTableConfirmAllButton\"]"}
RESULT: {"using":"xpath","value":"//button[@data-kt=\"IssuingTableConfirmAllButton\"]"}
COMMAND: POST /session/db7e74ddcaedfecfca9d83c19254142b/element/f.624D7720A2383BCF46C1895FE70984DD.d.67E18FE5E1DB91C7F665BAF0BC1371CD.e.18750/click - {}
RESULT: {}
COMMAND: GET /session/db7e74ddcaedfecfca9d83c19254142b/screenshot - {}
RESULT: {}
COMMAND: POST /session/db7e74ddcaedfecfca9d83c19254142b/element - {"using":"xpath","value":"//bdi[contains(text(), \"OK\")]"}
RESULT: {"using":"xpath","value":"//bdi[contains(text(), \"OK\")]"}
COMMAND: POST /session/db7e74ddcaedfecfca9d83c19254142b/element/f.624D7720A2383BCF46C1895FE70984DD.d.67E18FE5E1DB91C7F665BAF0BC1371CD.e.18766/click - {}
RESULT: {}
COMMAND: GET /session/db7e74ddcaedfecfca9d83c19254142b/screenshot - {}
RESULT: {}
COMMAND: POST /session/db7e74ddcaedfecfca9d83c19254142b/element - {"using":"xpath","value":"//button[@data-kt=\"execHoIssueButton\"]"}
RESULT: {"using":"xpath","value":"//button[@data-kt=\"execHoIssueButton\"]"}
COMMAND: POST /session/db7e74ddcaedfecfca9d83c19254142b/element/f.624D7720A2383BCF46C1895FE70984DD.d.67E18FE5E1DB91C7F665BAF0BC1371CD.e.18768/click - {}
RESULT: {}
COMMAND: GET /session/db7e74ddcaedfecfca9d83c19254142b/screenshot - {}
RESULT: {}
COMMAND: POST /session/db7e74ddcaedfecfca9d83c19254142b/element - {"using":"xpath","value":"//input[contains(@id ,\"smartFilterBar-btnBasicSearch-I\")]"}
RESULT: {"using":"xpath","value":"//input[contains(@id ,\"smartFilterBar-btnBasicSearch-I\")]"}
COMMAND: POST /session/db7e74ddcaedfecfca9d83c19254142b/elements - {"using":"xpath","value":"//input[contains(@id ,\"smartFilterBar-btnBasicSearch-I\")]"}
RESULT: {"using":"xpath","value":"//input[contains(@id ,\"smartFilterBar-btnBasicSearch-I\")]"}
COMMAND: POST /session/db7e74ddcaedfecfca9d83c19254142b/execute/sync - {"script":"<script> [8489 bytes]","args":[{"element-6066-11e4-a52e-4f735466cecf":"f.624D7720A2383BCF46C1895FE70984DD.d.67E18FE5E1DB91C7F665BAF0BC1371CD.e.18168","ELEMENT":"f.624D7720A2383BCF46C1895FE70984DD.d.67E18FE5E1DB91C7F665BAF0BC1371CD.e.18168"}]}
RESULT: {"script":"<script> [8489 bytes]","args":[{"element-6066-11e4-a52e-4f735466cecf":"f.624D7720A2383BCF46C1895FE70984DD.d.67E18FE5E1DB91C7F665BAF0BC1371CD.e.18168","ELEMENT":"f.624D7720A2383BCF46C1895FE70984DD.d.67E18FE5E1DB91C7F665BAF0BC1371CD.e.18168"}]}
COMMAND: GET /session/db7e74ddcaedfecfca9d83c19254142b/element/f.624D7720A2383BCF46C1895FE70984DD.d.67E18FE5E1DB91C7F665BAF0BC1371CD.e.18168/enabled - {}
COMMAND: GET /session/db7e74ddcaedfecfca9d83c19254142b/screenshot - {}
RESULT: {}
COMMAND: POST /session/db7e74ddcaedfecfca9d83c19254142b/element/f.624D7720A2383BCF46C1895FE70984DD.d.67E18FE5E1DB91C7F665BAF0BC1371CD.e.18168/clear - {}
COMMAND: GET /session/db7e74ddcaedfecfca9d83c19254142b/screenshot - {}
RESULT: {}
RESULT: {}
COMMAND: POST /session/db7e74ddcaedfecfca9d83c19254142b/element/f.624D7720A2383BCF46C1895FE70984DD.d.67E18FE5E1DB91C7F665BAF0BC1371CD.e.18168/value - {"text":"30591"}
COMMAND: GET /session/db7e74ddcaedfecfca9d83c19254142b/screenshot - {}
RESULT: {}
RESULT: {"text":"30591"}
COMMAND: GET /session/db7e74ddcaedfecfca9d83c19254142b/screenshot - {}
RESULT: {}
RESULT: {}
COMMAND: POST /session/db7e74ddcaedfecfca9d83c19254142b/actions - {"actions":[{"id":"action58","type":"key","parameters":{},"actions":[{"type":"keyDown","value":""},{"type":"pause","duration":10},{"type":"keyUp","value":""}]}]}
RESULT: {"actions":[{"id":"action58","type":"key","parameters":{},"actions":[{"type":"keyDown","value":""},{"type":"pause","duration":10},{"type":"keyUp","value":""}]}]}
COMMAND: GET /session/db7e74ddcaedfecfca9d83c19254142b/screenshot - {}
RESULT: {}
COMMAND: POST /session/db7e74ddcaedfecfca9d83c19254142b/element - {"using":"xpath","value":"//span[contains(@id, \"smartTable-header-inner\")]"}
RESULT: {"using":"xpath","value":"//span[contains(@id, \"smartTable-header-inner\")]"}
COMMAND: POST /session/db7e74ddcaedfecfca9d83c19254142b/elements - {"using":"xpath","value":"//span[contains(@id, \"smartTable-header-inner\")]"}
RESULT: {"using":"xpath","value":"//span[contains(@id, \"smartTable-header-inner\")]"}
COMMAND: POST /session/db7e74ddcaedfecfca9d83c19254142b/execute/sync - {"script":"<script> [56 bytes]","args":[{"element-6066-11e4-a52e-4f735466cecf":"f.624D7720A2383BCF46C1895FE70984DD.d.67E18FE5E1DB91C7F665BAF0BC1371CD.e.18708","ELEMENT":"f.624D7720A2383BCF46C1895FE70984DD.d.67E18FE5E1DB91C7F665BAF0BC1371CD.e.18708"}]}
RESULT: {"script":"<script> [56 bytes]","args":[{"element-6066-11e4-a52e-4f735466cecf":"f.624D7720A2383BCF46C1895FE70984DD.d.67E18FE5E1DB91C7F665BAF0BC1371CD.e.18708","ELEMENT":"f.624D7720A2383BCF46C1895FE70984DD.d.67E18FE5E1DB91C7F665BAF0BC1371CD.e.18708"}]}
COMMAND: POST /session/db7e74ddcaedfecfca9d83c19254142b/elements - {"using":"xpath","value":"//thead[contains(@class, \"sapMTableTH\")]/tr/th"}
COMMAND: GET /session/db7e74ddcaedfecfca9d83c19254142b/screenshot - {}
RESULT: {"using":"xpath","value":"//thead[contains(@class, \"sapMTableTH\")]/tr/th"}
COMMAND: GET /session/db7e74ddcaedfecfca9d83c19254142b/element/f.624D7720A2383BCF46C1895FE70984DD.d.67E18FE5E1DB91C7F665BAF0BC1371CD.e.18804/text - {}
RESULT: {}
RESULT: {}
COMMAND: GET /session/db7e74ddcaedfecfca9d83c19254142b/element/f.624D7720A2383BCF46C1895FE70984DD.d.67E18FE5E1DB91C7F665BAF0BC1371CD.e.18805/text - {}
RESULT: {}
COMMAND: GET /session/db7e74ddcaedfecfca9d83c19254142b/element/f.624D7720A2383BCF46C1895FE70984DD.d.67E18FE5E1DB91C7F665BAF0BC1371CD.e.18201/text - {}
RESULT: {}
COMMAND: GET /session/db7e74ddcaedfecfca9d83c19254142b/element/f.624D7720A2383BCF46C1895FE70984DD.d.67E18FE5E1DB91C7F665BAF0BC1371CD.e.18203/text - {}
RESULT: {}
COMMAND: GET /session/db7e74ddcaedfecfca9d83c19254142b/element/f.624D7720A2383BCF46C1895FE70984DD.d.67E18FE5E1DB91C7F665BAF0BC1371CD.e.18785/text - {}
RESULT: {}
COMMAND: GET /session/db7e74ddcaedfecfca9d83c19254142b/element/f.624D7720A2383BCF46C1895FE70984DD.d.67E18FE5E1DB91C7F665BAF0BC1371CD.e.18786/text - {}
RESULT: {}
COMMAND: GET /session/db7e74ddcaedfecfca9d83c19254142b/element/f.624D7720A2383BCF46C1895FE70984DD.d.67E18FE5E1DB91C7F665BAF0BC1371CD.e.18787/text - {}
RESULT: {}
COMMAND: GET /session/db7e74ddcaedfecfca9d83c19254142b/element/f.624D7720A2383BCF46C1895FE70984DD.d.67E18FE5E1DB91C7F665BAF0BC1371CD.e.18788/text - {}
RESULT: {}
COMMAND: GET /session/db7e74ddcaedfecfca9d83c19254142b/element/f.624D7720A2383BCF46C1895FE70984DD.d.67E18FE5E1DB91C7F665BAF0BC1371CD.e.18789/text - {}
RESULT: {}
COMMAND: GET /session/db7e74ddcaedfecfca9d83c19254142b/element/f.624D7720A2383BCF46C1895FE70984DD.d.67E18FE5E1DB91C7F665BAF0BC1371CD.e.18790/text - {}
RESULT: {}
COMMAND: GET /session/db7e74ddcaedfecfca9d83c19254142b/element/f.624D7720A2383BCF46C1895FE70984DD.d.67E18FE5E1DB91C7F665BAF0BC1371CD.e.18791/text - {}
RESULT: {}
COMMAND: GET /session/db7e74ddcaedfecfca9d83c19254142b/element/f.624D7720A2383BCF46C1895FE70984DD.d.67E18FE5E1DB91C7F665BAF0BC1371CD.e.18792/text - {}
RESULT: {}
COMMAND: GET /session/db7e74ddcaedfecfca9d83c19254142b/element/f.624D7720A2383BCF46C1895FE70984DD.d.67E18FE5E1DB91C7F665BAF0BC1371CD.e.18793/text - {}
RESULT: {}
COMMAND: GET /session/db7e74ddcaedfecfca9d83c19254142b/element/f.624D7720A2383BCF46C1895FE70984DD.d.67E18FE5E1DB91C7F665BAF0BC1371CD.e.18204/text - {}
RESULT: {}
COMMAND: POST /session/db7e74ddcaedfecfca9d83c19254142b/element - {"using":"xpath","value":"//tbody[contains(@id, \"customHandoversTable-tblBody\")]/tr[1]/td[14]/div/span"}
RESULT: {"using":"xpath","value":"//tbody[contains(@id, \"customHandoversTable-tblBody\")]/tr[1]/td[14]/div/span"}
COMMAND: POST /session/db7e74ddcaedfecfca9d83c19254142b/execute/sync - {"script":"<script> [56 bytes]","args":[{"element-6066-11e4-a52e-4f735466cecf":"f.624D7720A2383BCF46C1895FE70984DD.d.67E18FE5E1DB91C7F665BAF0BC1371CD.e.18854","ELEMENT":"f.624D7720A2383BCF46C1895FE70984DD.d.67E18FE5E1DB91C7F665BAF0BC1371CD.e.18854"}]}
RESULT: {"script":"<script> [56 bytes]","args":[{"element-6066-11e4-a52e-4f735466cecf":"f.624D7720A2383BCF46C1895FE70984DD.d.67E18FE5E1DB91C7F665BAF0BC1371CD.e.18854","ELEMENT":"f.624D7720A2383BCF46C1895FE70984DD.d.67E18FE5E1DB91C7F665BAF0BC1371CD.e.18854"}]}
COMMAND: POST /session/db7e74ddcaedfecfca9d83c19254142b/element - {"using":"xpath","value":"(//span[contains(@id, \"imgNav\")])[1]"}
COMMAND: GET /session/db7e74ddcaedfecfca9d83c19254142b/screenshot - {}
RESULT: {"using":"xpath","value":"(//span[contains(@id, \"imgNav\")])[1]"}
COMMAND: POST /session/db7e74ddcaedfecfca9d83c19254142b/element/f.624D7720A2383BCF46C1895FE70984DD.d.67E18FE5E1DB91C7F665BAF0BC1371CD.e.18855/click - {}
RESULT: {}
RESULT: {}
COMMAND: GET /session/db7e74ddcaedfecfca9d83c19254142b/screenshot - {}
RESULT: {}
RESULT: undefined
COMMAND: POST /session/db7e74ddcaedfecfca9d83c19254142b/execute/async - {"script":"<script> [776 bytes]","args":[{"enterText":"05/26/25","selector":{"id":"receiptDatePicker","viewName":"etm.portal.ui.managehandovers.view.DetailExecuteHO","interaction":{"idSuffix":"inner"}},"clearTextFirst":true,"interactionType":"ENTER_TEXT"}]}
RESULT: {"script":"<script> [776 bytes]","args":[{"enterText":"05/26/25","selector":{"id":"receiptDatePicker","viewName":"etm.portal.ui.managehandovers.view.DetailExecuteHO","interaction":{"idSuffix":"inner"}},"clearTextFirst":true,"interactionType":"ENTER_TEXT"}]}
COMMAND: POST /session/db7e74ddcaedfecfca9d83c19254142b/element - {"using":"xpath","value":"//button[@data-kt=\"ReceivingTableConfirmAllButton\"]"}
RESULT: {"using":"xpath","value":"//button[@data-kt=\"ReceivingTableConfirmAllButton\"]"}
COMMAND: POST /session/db7e74ddcaedfecfca9d83c19254142b/element/f.624D7720A2383BCF46C1895FE70984DD.d.67E18FE5E1DB91C7F665BAF0BC1371CD.e.18878/click - {}
COMMAND: GET /session/db7e74ddcaedfecfca9d83c19254142b/screenshot - {}
RESULT: {}
]]></system-out>
      <system-err><![CDATA[
element click intercepted: element click intercepted: Element <button id="__button251" data-sap-ui="__button251" data-sap-ui-render="" data-kt="ReceivingTableConfirmAllButton" data-ui5-accesskey="c" aria-describedby="__button251-tooltip" title="Confirm All" class="sapMBtnBase sapMBtn sapMColumnHeaderContent">...</button> is not clickable at point (726, 801). Other element would receive the click: <div id="sap-ui-blocklayer-popup" tabindex="0" class="sapUiBLy" style="z-index: 469; visibility: visible;"></div>
  (Session info: chrome=136.0.7103.93)
    at async Context.<anonymous> (D:\a\1\s\test\specs\HTR\provide-to-site-wo-warehouse-wo-clarification.spec.js:288:9)
]]></system-err>
    </testcase>
    <testcase classname="chrome.136_0_7103_93.windows.Provide_to_Site_w/o_warehouse_management_w/o_clarification" name="Should Test for Handover Execution" time="5.396">
      <failure/>
      <error message="element click intercepted: Element &lt;span id=&quot;__item1446-__clone2755-imgNav&quot; data-sap-ui=&quot;__item1446-__clone2755-imgNav&quot; data-sap-ui-render=&quot;&quot; role=&quot;img&quot; aria-label=&quot;Navigation&quot; data-sap-ui-icon-content=&quot;&quot; class=&quot;sapUiIcon sapUiIconMirrorInRTL sapMLIBType sapMLIBImgNav&quot; style=&quot;font-family: SAP-icons;&quot;>...&lt;/span> is not clickable at point (588, 394). Other element would receive the click: &lt;div id=&quot;sap-ui-blocklayer-popup&quot; tabindex=&quot;0&quot; class=&quot;sapUiBLy&quot; style=&quot;z-index: 469; visibility: visible;&quot;>&lt;/div>&#xA;  (Session info: chrome=136.0.7103.93)"/>
      <system-out><![CDATA[
COMMAND: POST /session/db7e74ddcaedfecfca9d83c19254142b/element - {"using":"xpath","value":"(//span[contains(@id, \"imgNav\")])[1]"}
COMMAND: GET /session/db7e74ddcaedfecfca9d83c19254142b/screenshot - {}
RESULT: {"using":"xpath","value":"(//span[contains(@id, \"imgNav\")])[1]"}
COMMAND: POST /session/db7e74ddcaedfecfca9d83c19254142b/element/f.624D7720A2383BCF46C1895FE70984DD.d.67E18FE5E1DB91C7F665BAF0BC1371CD.e.18855/click - {}
RESULT: {}
COMMAND: GET /session/db7e74ddcaedfecfca9d83c19254142b/screenshot - {}
RESULT: {}
]]></system-out>
      <system-err><![CDATA[
element click intercepted: element click intercepted: Element <span id="__item1446-__clone2755-imgNav" data-sap-ui="__item1446-__clone2755-imgNav" data-sap-ui-render="" role="img" aria-label="Navigation" data-sap-ui-icon-content="" class="sapUiIcon sapUiIconMirrorInRTL sapMLIBType sapMLIBImgNav" style="font-family: SAP-icons;">...</span> is not clickable at point (588, 394). Other element would receive the click: <div id="sap-ui-blocklayer-popup" tabindex="0" class="sapUiBLy" style="z-index: 469; visibility: visible;"></div>
  (Session info: chrome=136.0.7103.93)
    at async Context.<anonymous> (D:\a\1\s\test\specs\HTR\provide-to-site-wo-warehouse-wo-clarification.spec.js:344:9)
]]></system-err>
    </testcase>
    <testcase classname="chrome.136_0_7103_93.windows.Provide_to_Site_w/o_warehouse_management_w/o_clarification" name="Should test for Clarification" time="0.01">
      <system-out><![CDATA[
COMMAND: GET /session/db7e74ddcaedfecfca9d83c19254142b/screenshot - {}
COMMAND: POST /session/db7e74ddcaedfecfca9d83c19254142b/element - {"using":"css selector","value":"#j_username"}
COMMAND: POST /session/db7e74ddcaedfecfca9d83c19254142b/url - {"url":"https://qa-testing-00-live-etm-ui.cfapps.eu10-004.hana.ondemand.com/"}
COMMAND: GET /session/db7e74ddcaedfecfca9d83c19254142b/screenshot - {}
RESULT: {}
RESULT: {"using":"css selector","value":"#j_username"}
COMMAND: POST /session/db7e74ddcaedfecfca9d83c19254142b/element - {"using":"css selector","value":"#j_username"}
RESULT: {"url":"https://qa-testing-00-live-etm-ui.cfapps.eu10-004.hana.ondemand.com/"}
RESULT: undefined
COMMAND: GET /session/db7e74ddcaedfecfca9d83c19254142b/screenshot - {}
RESULT: {}
RESULT: {"using":"css selector","value":"#j_username"}
COMMAND: POST /session/db7e74ddcaedfecfca9d83c19254142b/element - {"using":"css selector","value":"#shell-header-logo"}
RESULT: {}
RESULT: {"using":"css selector","value":"#shell-header-logo"}
COMMAND: POST /session/db7e74ddcaedfecfca9d83c19254142b/execute/sync - {"script":"<script> [8489 bytes]","args":[{"element-6066-11e4-a52e-4f735466cecf":"f.624D7720A2383BCF46C1895FE70984DD.d.DA0330BA4FC97EFEA2DFB21B9DC899A8.e.18905","ELEMENT":"f.624D7720A2383BCF46C1895FE70984DD.d.DA0330BA4FC97EFEA2DFB21B9DC899A8.e.18905"}]}
RESULT: {"script":"<script> [8489 bytes]","args":[{"element-6066-11e4-a52e-4f735466cecf":"f.624D7720A2383BCF46C1895FE70984DD.d.DA0330BA4FC97EFEA2DFB21B9DC899A8.e.18905","ELEMENT":"f.624D7720A2383BCF46C1895FE70984DD.d.DA0330BA4FC97EFEA2DFB21B9DC899A8.e.18905"}]}
COMMAND: POST /session/db7e74ddcaedfecfca9d83c19254142b/element - {"using":"css selector","value":"#shell-header-logo"}
COMMAND: GET /session/db7e74ddcaedfecfca9d83c19254142b/screenshot - {}
RESULT: {"using":"css selector","value":"#shell-header-logo"}
COMMAND: POST /session/db7e74ddcaedfecfca9d83c19254142b/execute/sync - {"script":"<script> [8489 bytes]","args":[{"element-6066-11e4-a52e-4f735466cecf":"f.624D7720A2383BCF46C1895FE70984DD.d.DA0330BA4FC97EFEA2DFB21B9DC899A8.e.18905","ELEMENT":"f.624D7720A2383BCF46C1895FE70984DD.d.DA0330BA4FC97EFEA2DFB21B9DC899A8.e.18905"}]}
RESULT: {}
RESULT: {"script":"<script> [8489 bytes]","args":[{"element-6066-11e4-a52e-4f735466cecf":"f.624D7720A2383BCF46C1895FE70984DD.d.DA0330BA4FC97EFEA2DFB21B9DC899A8.e.18905","ELEMENT":"f.624D7720A2383BCF46C1895FE70984DD.d.DA0330BA4FC97EFEA2DFB21B9DC899A8.e.18905"}]}
COMMAND: POST /session/db7e74ddcaedfecfca9d83c19254142b/execute/sync - {"script":"<script> [5351 bytes]","args":[{"element-6066-11e4-a52e-4f735466cecf":"f.624D7720A2383BCF46C1895FE70984DD.d.DA0330BA4FC97EFEA2DFB21B9DC899A8.e.18905","ELEMENT":"f.624D7720A2383BCF46C1895FE70984DD.d.DA0330BA4FC97EFEA2DFB21B9DC899A8.e.18905"}]}
COMMAND: GET /session/db7e74ddcaedfecfca9d83c19254142b/screenshot - {}
RESULT: {"script":"<script> [5351 bytes]","args":[{"element-6066-11e4-a52e-4f735466cecf":"f.624D7720A2383BCF46C1895FE70984DD.d.DA0330BA4FC97EFEA2DFB21B9DC899A8.e.18905","ELEMENT":"f.624D7720A2383BCF46C1895FE70984DD.d.DA0330BA4FC97EFEA2DFB21B9DC899A8.e.18905"}]}
COMMAND: POST /session/db7e74ddcaedfecfca9d83c19254142b/element - {"using":"css selector","value":"#shell-header-logo"}
COMMAND: GET /session/db7e74ddcaedfecfca9d83c19254142b/screenshot - {}
RESULT: {}
RESULT: {"using":"css selector","value":"#shell-header-logo"}
COMMAND: POST /session/db7e74ddcaedfecfca9d83c19254142b/element/f.624D7720A2383BCF46C1895FE70984DD.d.DA0330BA4FC97EFEA2DFB21B9DC899A8.e.18905/click - {}
RESULT: {}
RESULT: {}
COMMAND: GET /session/db7e74ddcaedfecfca9d83c19254142b/screenshot - {}
RESULT: {}
COMMAND: POST /session/db7e74ddcaedfecfca9d83c19254142b/execute/async - {"script":"<script> [189 bytes]","args":[]}
RESULT: {"script":"<script> [189 bytes]","args":[]}
COMMAND: POST /session/db7e74ddcaedfecfca9d83c19254142b/execute/async - {"script":"<script> [123 bytes]","args":[]}
RESULT: {"script":"<script> [123 bytes]","args":[]}
COMMAND: POST /session/db7e74ddcaedfecfca9d83c19254142b/timeouts - {"script":"<number>"}
RESULT: {"script":"<number>"}
COMMAND: GET /session/db7e74ddcaedfecfca9d83c19254142b/timeouts - {}
RESULT: {}
RESULT: undefined
COMMAND: POST /session/db7e74ddcaedfecfca9d83c19254142b/execute/async - {"script":"<script> [2676 bytes]","args":[]}
RESULT: {"script":"<script> [2676 bytes]","args":[]}
COMMAND: POST /session/db7e74ddcaedfecfca9d83c19254142b/execute/async - {"script":"<script> [2342 bytes]","args":[{"protocol":"http","hostname":"0.0.0.0","path":"/","capabilities":{"browserName":"chrome","goog:chromeOptions":{"binary":"C:\\Program Files\\Google\\Chrome\\Application\\chrome.exe","args":["--start-maximized"]}},"logLevel":"warn","connectionRetryTimeout":120000,"connectionRetryCount":3,"logLevels":{},"enableDirectConnect":true,"strictSSL":true,"_":"65 more keys: [\"cacheDir\",\"port\",\"requestedCapabilities\",\"automationProtocol\",\"baseUrl\",\"waitforInterval\",\"waitforTimeout\",\"onReload\",\"beforeCommand\",\"afterCommand\",\"rootDir\",\"specs\",\"suites\",\"exclude\",\"groupLogsByTestSpec\",\"excludeDriverLogs\",\"bail\",\"framework\",\"reporters\",\"services\",\"maxInstances\",\"maxInstancesPerCapability\",\"injectGlobals\",\"filesToWatch\",\"execArgv\",\"runnerEnv\",\"runner\",\"shard\",\"specFileRetries\",\"specFileRetriesDelay\",\"specFileRetriesDeferred\",\"reporterSyncInterval\",\"reporterSyncTimeout\",\"cucumberFeaturesWithLineNumbers\",\"autoCompileOpts\",\"mochaOpts\",\"jasmineOpts\",\"cucumberOpts\",\"onPrepare\",\"onWorkerStart\",\"onWorkerEnd\",\"before\",\"beforeSession\",\"beforeSuite\",\"beforeHook\",\"beforeTest\",\"afterTest\",\"afterHook\",\"afterSuite\",\"afterSession\",\"after\",\"onComplete\",\"beforeAssertion\",\"afterAssertion\",\"beforeFeature\",\"beforeScenario\",\"beforeStep\",\"afterStep\",\"afterScenario\",\"afterFeature\",\"_\",\"suite\",\"$0\",\"ignoredWorkerServices\",\"wdi5\"]"}]}
RESULT: {"script":"<script> [2342 bytes]","args":[{"protocol":"http","hostname":"0.0.0.0","path":"/","capabilities":{"browserName":"chrome","goog:chromeOptions":{"binary":"C:\\Program Files\\Google\\Chrome\\Application\\chrome.exe","args":["--start-maximized"]}},"logLevel":"warn","connectionRetryTimeout":120000,"connectionRetryCount":3,"logLevels":{},"enableDirectConnect":true,"strictSSL":true,"_":"65 more keys: [\"cacheDir\",\"port\",\"requestedCapabilities\",\"automationProtocol\",\"baseUrl\",\"waitforInterval\",\"waitforTimeout\",\"onReload\",\"beforeCommand\",\"afterCommand\",\"rootDir\",\"specs\",\"suites\",\"exclude\",\"groupLogsByTestSpec\",\"excludeDriverLogs\",\"bail\",\"framework\",\"reporters\",\"services\",\"maxInstances\",\"maxInstancesPerCapability\",\"injectGlobals\",\"filesToWatch\",\"execArgv\",\"runnerEnv\",\"runner\",\"shard\",\"specFileRetries\",\"specFileRetriesDelay\",\"specFileRetriesDeferred\",\"reporterSyncInterval\",\"reporterSyncTimeout\",\"cucumberFeaturesWithLineNumbers\",\"autoCompileOpts\",\"mochaOpts\",\"jasmineOpts\",\"cucumberOpts\",\"onPrepare\",\"onWorkerStart\",\"onWorkerEnd\",\"before\",\"beforeSession\",\"beforeSuite\",\"beforeHook\",\"beforeTest\",\"afterTest\",\"afterHook\",\"afterSuite\",\"afterSession\",\"after\",\"onComplete\",\"beforeAssertion\",\"afterAssertion\",\"beforeFeature\",\"beforeScenario\",\"beforeStep\",\"afterStep\",\"afterScenario\",\"afterFeature\",\"_\",\"suite\",\"$0\",\"ignoredWorkerServices\",\"wdi5\"]"}]}
COMMAND: POST /session/db7e74ddcaedfecfca9d83c19254142b/execute/async - {"script":"<script> [21126 bytes]","args":[35000]}
RESULT: {"script":"<script> [21126 bytes]","args":[35000]}
COMMAND: POST /session/db7e74ddcaedfecfca9d83c19254142b/window/maximize - {}
RESULT: {}
COMMAND: POST /session/db7e74ddcaedfecfca9d83c19254142b/execute/async - {"script":"<script> [1562 bytes]","args":[{"selector":{"id":"shell-header","interaction":{"idSuffix":"icon"}},"wdio_ui5_key":"shellheader"}]}
COMMAND: GET /session/db7e74ddcaedfecfca9d83c19254142b/screenshot - {}
RESULT: {"script":"<script> [1562 bytes]","args":[{"selector":{"id":"shell-header","interaction":{"idSuffix":"icon"}},"wdio_ui5_key":"shellheader"}]}
RESULT: undefined
COMMAND: POST /session/db7e74ddcaedfecfca9d83c19254142b/refresh - {}
RESULT: {}
RESULT: {}
COMMAND: GET /session/db7e74ddcaedfecfca9d83c19254142b/screenshot - {}
RESULT: {}
COMMAND: POST /session/db7e74ddcaedfecfca9d83c19254142b/refresh - {}
RESULT: {}
COMMAND: GET /session/db7e74ddcaedfecfca9d83c19254142b/screenshot - {}
RESULT: {}
COMMAND: POST /session/db7e74ddcaedfecfca9d83c19254142b/window/fullscreen - {}
RESULT: {}
COMMAND: POST /session/db7e74ddcaedfecfca9d83c19254142b/execute/async - {"script":"<script> [189 bytes]","args":[]}
RESULT: {"script":"<script> [189 bytes]","args":[]}
COMMAND: POST /session/db7e74ddcaedfecfca9d83c19254142b/execute/async - {"script":"<script> [123 bytes]","args":[]}
RESULT: {"script":"<script> [123 bytes]","args":[]}
COMMAND: POST /session/db7e74ddcaedfecfca9d83c19254142b/timeouts - {"script":"<number>"}
RESULT: {"script":"<number>"}
COMMAND: GET /session/db7e74ddcaedfecfca9d83c19254142b/timeouts - {}
RESULT: {}
RESULT: undefined
COMMAND: POST /session/db7e74ddcaedfecfca9d83c19254142b/execute/async - {"script":"<script> [2676 bytes]","args":[]}
RESULT: {"script":"<script> [2676 bytes]","args":[]}
COMMAND: POST /session/db7e74ddcaedfecfca9d83c19254142b/execute/async - {"script":"<script> [2342 bytes]","args":[{"protocol":"http","hostname":"0.0.0.0","path":"/","capabilities":{"browserName":"chrome","goog:chromeOptions":{"binary":"C:\\Program Files\\Google\\Chrome\\Application\\chrome.exe","args":["--start-maximized"]}},"logLevel":"warn","connectionRetryTimeout":120000,"connectionRetryCount":3,"logLevels":{},"enableDirectConnect":true,"strictSSL":true,"_":"65 more keys: [\"cacheDir\",\"port\",\"requestedCapabilities\",\"automationProtocol\",\"baseUrl\",\"waitforInterval\",\"waitforTimeout\",\"onReload\",\"beforeCommand\",\"afterCommand\",\"rootDir\",\"specs\",\"suites\",\"exclude\",\"groupLogsByTestSpec\",\"excludeDriverLogs\",\"bail\",\"framework\",\"reporters\",\"services\",\"maxInstances\",\"maxInstancesPerCapability\",\"injectGlobals\",\"filesToWatch\",\"execArgv\",\"runnerEnv\",\"runner\",\"shard\",\"specFileRetries\",\"specFileRetriesDelay\",\"specFileRetriesDeferred\",\"reporterSyncInterval\",\"reporterSyncTimeout\",\"cucumberFeaturesWithLineNumbers\",\"autoCompileOpts\",\"mochaOpts\",\"jasmineOpts\",\"cucumberOpts\",\"onPrepare\",\"onWorkerStart\",\"onWorkerEnd\",\"before\",\"beforeSession\",\"beforeSuite\",\"beforeHook\",\"beforeTest\",\"afterTest\",\"afterHook\",\"afterSuite\",\"afterSession\",\"after\",\"onComplete\",\"beforeAssertion\",\"afterAssertion\",\"beforeFeature\",\"beforeScenario\",\"beforeStep\",\"afterStep\",\"afterScenario\",\"afterFeature\",\"_\",\"suite\",\"$0\",\"ignoredWorkerServices\",\"wdi5\"]"}]}
RESULT: {"script":"<script> [2342 bytes]","args":[{"protocol":"http","hostname":"0.0.0.0","path":"/","capabilities":{"browserName":"chrome","goog:chromeOptions":{"binary":"C:\\Program Files\\Google\\Chrome\\Application\\chrome.exe","args":["--start-maximized"]}},"logLevel":"warn","connectionRetryTimeout":120000,"connectionRetryCount":3,"logLevels":{},"enableDirectConnect":true,"strictSSL":true,"_":"65 more keys: [\"cacheDir\",\"port\",\"requestedCapabilities\",\"automationProtocol\",\"baseUrl\",\"waitforInterval\",\"waitforTimeout\",\"onReload\",\"beforeCommand\",\"afterCommand\",\"rootDir\",\"specs\",\"suites\",\"exclude\",\"groupLogsByTestSpec\",\"excludeDriverLogs\",\"bail\",\"framework\",\"reporters\",\"services\",\"maxInstances\",\"maxInstancesPerCapability\",\"injectGlobals\",\"filesToWatch\",\"execArgv\",\"runnerEnv\",\"runner\",\"shard\",\"specFileRetries\",\"specFileRetriesDelay\",\"specFileRetriesDeferred\",\"reporterSyncInterval\",\"reporterSyncTimeout\",\"cucumberFeaturesWithLineNumbers\",\"autoCompileOpts\",\"mochaOpts\",\"jasmineOpts\",\"cucumberOpts\",\"onPrepare\",\"onWorkerStart\",\"onWorkerEnd\",\"before\",\"beforeSession\",\"beforeSuite\",\"beforeHook\",\"beforeTest\",\"afterTest\",\"afterHook\",\"afterSuite\",\"afterSession\",\"after\",\"onComplete\",\"beforeAssertion\",\"afterAssertion\",\"beforeFeature\",\"beforeScenario\",\"beforeStep\",\"afterStep\",\"afterScenario\",\"afterFeature\",\"_\",\"suite\",\"$0\",\"ignoredWorkerServices\",\"wdi5\"]"}]}
COMMAND: POST /session/db7e74ddcaedfecfca9d83c19254142b/execute/async - {"script":"<script> [21126 bytes]","args":[35000]}
RESULT: {"script":"<script> [21126 bytes]","args":[35000]}
]]></system-out>
    </testcase>
  </testsuite>
  <testsuite timestamp="2025-05-26T17:15:49" time="202.881" tests="6" failures="0" errors="0" skipped="0">
    <properties>
      <property name="specId" value="0"/>
      <property name="suiteName" value="Return from Site w/ warehouse management w/ clarification US125588"/>
      <property name="capabilities" value="chrome.136_0_7103_93.windows"/>
      <property name="file" value="file:///D:/a/1/s/test/specs/HTR/return-from-site-w-warehouse-management-w-clarification.spec.js"/>
    </properties>
    <testcase classname="chrome.136_0_7103_93.windows.Return_from_Site_w/_warehouse_management_w/_clarification_US125588" name="Should create a new WHM yard" time="0.013">
      <system-out><![CDATA[
COMMAND: POST /session/db7e74ddcaedfecfca9d83c19254142b/window/fullscreen - {}
RESULT: {}
]]></system-out>
    </testcase>
    <testcase classname="chrome.136_0_7103_93.windows.Return_from_Site_w/_warehouse_management_w/_clarification_US125588" name="Should create a new external WHM partner" time="0.008"/>
    <testcase classname="chrome.136_0_7103_93.windows.Return_from_Site_w/_warehouse_management_w/_clarification_US125588" name="Should create a new WHM site" time="0.005"/>
    <testcase classname="chrome.136_0_7103_93.windows.Return_from_Site_w/_warehouse_management_w/_clarification_US125588" name="Should create a new material" time="143.369">
      <system-out><![CDATA[
COMMAND: POST /session/db7e74ddcaedfecfca9d83c19254142b/execute/async - {"script":"<script> [1562 bytes]","args":[{"selector":{"controlType":"sap.m.GenericTile","properties":{"header":"Manage Resources"}},"wdio_ui5_key":"sapm.GenericTile{\"header\":\"Manage Resources\"}"}]}
RESULT: {"script":"<script> [1562 bytes]","args":[{"selector":{"controlType":"sap.m.GenericTile","properties":{"header":"Manage Resources"}},"wdio_ui5_key":"sapm.GenericTile{\"header\":\"Manage Resources\"}"}]}
RESULT: undefined
COMMAND: POST /session/db7e74ddcaedfecfca9d83c19254142b/element - {"using":"xpath","value":"//*[@id=\"__tile39\"]"}
RESULT: {"using":"xpath","value":"//*[@id=\"__tile39\"]"}
COMMAND: POST /session/db7e74ddcaedfecfca9d83c19254142b/element/f.624D7720A2383BCF46C1895FE70984DD.d.4578847ABE4C0A08C3DC6E0BB94EFDBF.e.19060/click - {}
RESULT: {}
COMMAND: GET /session/db7e74ddcaedfecfca9d83c19254142b/screenshot - {}
RESULT: {}
COMMAND: POST /session/db7e74ddcaedfecfca9d83c19254142b/elements - {"using":"xpath","value":"//span[text()='Error']"}
RESULT: {"using":"xpath","value":"//span[text()='Error']"}
COMMAND: POST /session/db7e74ddcaedfecfca9d83c19254142b/element - {"using":"xpath","value":"//button[@data-kt=\"addNewRUOverflowToolbarButton\"]"}
RESULT: {"using":"xpath","value":"//button[@data-kt=\"addNewRUOverflowToolbarButton\"]"}
COMMAND: POST /session/db7e74ddcaedfecfca9d83c19254142b/elements - {"using":"xpath","value":"//button[@data-kt=\"addNewRUOverflowToolbarButton\"]"}
RESULT: {"using":"xpath","value":"//button[@data-kt=\"addNewRUOverflowToolbarButton\"]"}
COMMAND: POST /session/db7e74ddcaedfecfca9d83c19254142b/elements - {"using":"xpath","value":"//button[@data-kt=\"addNewRUOverflowToolbarButton\"]"}
RESULT: {"using":"xpath","value":"//button[@data-kt=\"addNewRUOverflowToolbarButton\"]"}
COMMAND: POST /session/db7e74ddcaedfecfca9d83c19254142b/elements - {"using":"xpath","value":"//button[@data-kt=\"addNewRUOverflowToolbarButton\"]"}
RESULT: {"using":"xpath","value":"//button[@data-kt=\"addNewRUOverflowToolbarButton\"]"}
COMMAND: POST /session/db7e74ddcaedfecfca9d83c19254142b/elements - {"using":"xpath","value":"//button[@data-kt=\"addNewRUOverflowToolbarButton\"]"}
RESULT: {"using":"xpath","value":"//button[@data-kt=\"addNewRUOverflowToolbarButton\"]"}
COMMAND: POST /session/db7e74ddcaedfecfca9d83c19254142b/element - {"using":"xpath","value":"//button[@data-kt=\"addNewRUOverflowToolbarButton\"]"}
RESULT: {"using":"xpath","value":"//button[@data-kt=\"addNewRUOverflowToolbarButton\"]"}
COMMAND: POST /session/db7e74ddcaedfecfca9d83c19254142b/execute/sync - {"script":"<script> [8489 bytes]","args":[{"element-6066-11e4-a52e-4f735466cecf":"f.624D7720A2383BCF46C1895FE70984DD.d.4578847ABE4C0A08C3DC6E0BB94EFDBF.e.19203","ELEMENT":"f.624D7720A2383BCF46C1895FE70984DD.d.4578847ABE4C0A08C3DC6E0BB94EFDBF.e.19203"}]}
RESULT: {"script":"<script> [8489 bytes]","args":[{"element-6066-11e4-a52e-4f735466cecf":"f.624D7720A2383BCF46C1895FE70984DD.d.4578847ABE4C0A08C3DC6E0BB94EFDBF.e.19203","ELEMENT":"f.624D7720A2383BCF46C1895FE70984DD.d.4578847ABE4C0A08C3DC6E0BB94EFDBF.e.19203"}]}
COMMAND: GET /session/db7e74ddcaedfecfca9d83c19254142b/element/f.624D7720A2383BCF46C1895FE70984DD.d.4578847ABE4C0A08C3DC6E0BB94EFDBF.e.19203/enabled - {}
COMMAND: GET /session/db7e74ddcaedfecfca9d83c19254142b/screenshot - {}
RESULT: {}
COMMAND: POST /session/db7e74ddcaedfecfca9d83c19254142b/execute/sync - {"script":"<script> [8489 bytes]","args":[{"element-6066-11e4-a52e-4f735466cecf":"f.624D7720A2383BCF46C1895FE70984DD.d.4578847ABE4C0A08C3DC6E0BB94EFDBF.e.19203","ELEMENT":"f.624D7720A2383BCF46C1895FE70984DD.d.4578847ABE4C0A08C3DC6E0BB94EFDBF.e.19203"}]}
COMMAND: GET /session/db7e74ddcaedfecfca9d83c19254142b/screenshot - {}
RESULT: {}
RESULT: {"script":"<script> [8489 bytes]","args":[{"element-6066-11e4-a52e-4f735466cecf":"f.624D7720A2383BCF46C1895FE70984DD.d.4578847ABE4C0A08C3DC6E0BB94EFDBF.e.19203","ELEMENT":"f.624D7720A2383BCF46C1895FE70984DD.d.4578847ABE4C0A08C3DC6E0BB94EFDBF.e.19203"}]}
COMMAND: POST /session/db7e74ddcaedfecfca9d83c19254142b/execute/sync - {"script":"<script> [5351 bytes]","args":[{"element-6066-11e4-a52e-4f735466cecf":"f.624D7720A2383BCF46C1895FE70984DD.d.4578847ABE4C0A08C3DC6E0BB94EFDBF.e.19203","ELEMENT":"f.624D7720A2383BCF46C1895FE70984DD.d.4578847ABE4C0A08C3DC6E0BB94EFDBF.e.19203"}]}
COMMAND: GET /session/db7e74ddcaedfecfca9d83c19254142b/screenshot - {}
RESULT: {}
RESULT: {"script":"<script> [5351 bytes]","args":[{"element-6066-11e4-a52e-4f735466cecf":"f.624D7720A2383BCF46C1895FE70984DD.d.4578847ABE4C0A08C3DC6E0BB94EFDBF.e.19203","ELEMENT":"f.624D7720A2383BCF46C1895FE70984DD.d.4578847ABE4C0A08C3DC6E0BB94EFDBF.e.19203"}]}
COMMAND: POST /session/db7e74ddcaedfecfca9d83c19254142b/element/f.624D7720A2383BCF46C1895FE70984DD.d.4578847ABE4C0A08C3DC6E0BB94EFDBF.e.19203/click - {}
COMMAND: GET /session/db7e74ddcaedfecfca9d83c19254142b/screenshot - {}
RESULT: {}
RESULT: {}
COMMAND: GET /session/db7e74ddcaedfecfca9d83c19254142b/screenshot - {}
RESULT: {}
COMMAND: POST /session/db7e74ddcaedfecfca9d83c19254142b/execute/async - {"script":"<script> [1562 bytes]","args":[{"selector":{"id":"application-manageresources-display-component---newResourceUnit--TYPE-arrow"},"wdio_ui5_key":"applicationmanageresources-display-component---newResourceUnit--TYPE-arrow"}]}
RESULT: {}
RESULT: {"script":"<script> [1562 bytes]","args":[{"selector":{"id":"application-manageresources-display-component---newResourceUnit--TYPE-arrow"},"wdio_ui5_key":"applicationmanageresources-display-component---newResourceUnit--TYPE-arrow"}]}
RESULT: undefined
COMMAND: POST /session/db7e74ddcaedfecfca9d83c19254142b/element - {"using":"xpath","value":"//*[@id=\"application-manageresources-display-component---newResourceUnit--TYPE-arrow\"]"}
RESULT: {"using":"xpath","value":"//*[@id=\"application-manageresources-display-component---newResourceUnit--TYPE-arrow\"]"}
COMMAND: POST /session/db7e74ddcaedfecfca9d83c19254142b/element/f.624D7720A2383BCF46C1895FE70984DD.d.4578847ABE4C0A08C3DC6E0BB94EFDBF.e.19560/click - {}
RESULT: {}
COMMAND: POST /session/db7e74ddcaedfecfca9d83c19254142b/element - {"using":"xpath","value":"//input[@id=\"application-manageresources-display-component---newResourceUnit--TYPE-inner\"]"}
COMMAND: GET /session/db7e74ddcaedfecfca9d83c19254142b/screenshot - {}
RESULT: {"using":"xpath","value":"//input[@id=\"application-manageresources-display-component---newResourceUnit--TYPE-inner\"]"}
COMMAND: POST /session/db7e74ddcaedfecfca9d83c19254142b/element/f.624D7720A2383BCF46C1895FE70984DD.d.4578847ABE4C0A08C3DC6E0BB94EFDBF.e.19556/clear - {}
RESULT: {}
RESULT: {}
COMMAND: POST /session/db7e74ddcaedfecfca9d83c19254142b/element/f.624D7720A2383BCF46C1895FE70984DD.d.4578847ABE4C0A08C3DC6E0BB94EFDBF.e.19556/value - {"text":"Material"}
COMMAND: GET /session/db7e74ddcaedfecfca9d83c19254142b/screenshot - {}
RESULT: {"text":"Material"}
COMMAND: GET /session/db7e74ddcaedfecfca9d83c19254142b/screenshot - {}
RESULT: {}
RESULT: {}
COMMAND: POST /session/db7e74ddcaedfecfca9d83c19254142b/actions - {"actions":[{"id":"action59","type":"key","parameters":{},"actions":[{"type":"keyDown","value":""},{"type":"pause","duration":10},{"type":"keyUp","value":""}]}]}
RESULT: {"actions":[{"id":"action59","type":"key","parameters":{},"actions":[{"type":"keyDown","value":""},{"type":"pause","duration":10},{"type":"keyUp","value":""}]}]}
COMMAND: POST /session/db7e74ddcaedfecfca9d83c19254142b/execute/async - {"script":"<script> [1562 bytes]","args":[{"selector":{"id":"application-manageresources-display-component---newResourceUnit--SHORT_TEXT","interaction":{"idSuffix":"inner"}},"wdio_ui5_key":"applicationmanageresources-display-component---newResourceUnit--SHORT_TEXT"}]}
COMMAND: GET /session/db7e74ddcaedfecfca9d83c19254142b/screenshot - {}
RESULT: {"script":"<script> [1562 bytes]","args":[{"selector":{"id":"application-manageresources-display-component---newResourceUnit--SHORT_TEXT","interaction":{"idSuffix":"inner"}},"wdio_ui5_key":"applicationmanageresources-display-component---newResourceUnit--SHORT_TEXT"}]}
RESULT: undefined
COMMAND: POST /session/db7e74ddcaedfecfca9d83c19254142b/execute/async - {"script":"<script> [776 bytes]","args":[{"enterText":"Cement WDIO","selector":{"id":"application-manageresources-display-component---newResourceUnit--SHORT_TEXT","interaction":{"idSuffix":"inner"}},"clearTextFirst":true,"interactionType":"ENTER_TEXT"}]}
RESULT: {}
RESULT: {"script":"<script> [776 bytes]","args":[{"enterText":"Cement WDIO","selector":{"id":"application-manageresources-display-component---newResourceUnit--SHORT_TEXT","interaction":{"idSuffix":"inner"}},"clearTextFirst":true,"interactionType":"ENTER_TEXT"}]}
COMMAND: POST /session/db7e74ddcaedfecfca9d83c19254142b/execute/async - {"script":"<script> [1562 bytes]","args":[{"selector":{"id":"application-manageresources-display-component---newResourceUnit--BASE_UNIT_OF_MEASURE","interaction":{"idSuffix":"inner"}},"wdio_ui5_key":"applicationmanageresources-display-component---newResourceUnit--BASE_UNIT_OF_MEASURE"}]}
RESULT: {"script":"<script> [1562 bytes]","args":[{"selector":{"id":"application-manageresources-display-component---newResourceUnit--BASE_UNIT_OF_MEASURE","interaction":{"idSuffix":"inner"}},"wdio_ui5_key":"applicationmanageresources-display-component---newResourceUnit--BASE_UNIT_OF_MEASURE"}]}
RESULT: undefined
COMMAND: POST /session/db7e74ddcaedfecfca9d83c19254142b/execute/async - {"script":"<script> [776 bytes]","args":[{"enterText":"Piece","selector":{"id":"application-manageresources-display-component---newResourceUnit--BASE_UNIT_OF_MEASURE","interaction":{"idSuffix":"inner"}},"clearTextFirst":true,"interactionType":"ENTER_TEXT"}]}
RESULT: {"script":"<script> [776 bytes]","args":[{"enterText":"Piece","selector":{"id":"application-manageresources-display-component---newResourceUnit--BASE_UNIT_OF_MEASURE","interaction":{"idSuffix":"inner"}},"clearTextFirst":true,"interactionType":"ENTER_TEXT"}]}
COMMAND: POST /session/db7e74ddcaedfecfca9d83c19254142b/execute/async - {"script":"<script> [1562 bytes]","args":[{"selector":{"id":"application-manageresources-display-component---newResourceUnit--WEIGHT_UNIT","interaction":{"idSuffix":"inner"}},"wdio_ui5_key":"applicationmanageresources-display-component---newResourceUnit--WEIGHT_UNIT"}]}
RESULT: {"script":"<script> [1562 bytes]","args":[{"selector":{"id":"application-manageresources-display-component---newResourceUnit--WEIGHT_UNIT","interaction":{"idSuffix":"inner"}},"wdio_ui5_key":"applicationmanageresources-display-component---newResourceUnit--WEIGHT_UNIT"}]}
RESULT: undefined
COMMAND: POST /session/db7e74ddcaedfecfca9d83c19254142b/execute/async - {"script":"<script> [776 bytes]","args":[{"enterText":"Gram","selector":{"id":"application-manageresources-display-component---newResourceUnit--WEIGHT_UNIT","interaction":{"idSuffix":"inner"}},"clearTextFirst":true,"interactionType":"ENTER_TEXT"}]}
RESULT: {"script":"<script> [776 bytes]","args":[{"enterText":"Gram","selector":{"id":"application-manageresources-display-component---newResourceUnit--WEIGHT_UNIT","interaction":{"idSuffix":"inner"}},"clearTextFirst":true,"interactionType":"ENTER_TEXT"}]}
COMMAND: POST /session/db7e74ddcaedfecfca9d83c19254142b/execute/async - {"script":"<script> [1562 bytes]","args":[{"selector":{"id":"application-manageresources-display-component---newResourceUnit--DIMENSION_UNIT","interaction":{"idSuffix":"inner"}},"wdio_ui5_key":"applicationmanageresources-display-component---newResourceUnit--DIMENSION_UNIT"}]}
RESULT: {"script":"<script> [1562 bytes]","args":[{"selector":{"id":"application-manageresources-display-component---newResourceUnit--DIMENSION_UNIT","interaction":{"idSuffix":"inner"}},"wdio_ui5_key":"applicationmanageresources-display-component---newResourceUnit--DIMENSION_UNIT"}]}
RESULT: undefined
COMMAND: POST /session/db7e74ddcaedfecfca9d83c19254142b/execute/async - {"script":"<script> [776 bytes]","args":[{"enterText":"Meter","selector":{"id":"application-manageresources-display-component---newResourceUnit--DIMENSION_UNIT","interaction":{"idSuffix":"inner"}},"clearTextFirst":true,"interactionType":"ENTER_TEXT"}]}
RESULT: {"script":"<script> [776 bytes]","args":[{"enterText":"Meter","selector":{"id":"application-manageresources-display-component---newResourceUnit--DIMENSION_UNIT","interaction":{"idSuffix":"inner"}},"clearTextFirst":true,"interactionType":"ENTER_TEXT"}]}
COMMAND: POST /session/db7e74ddcaedfecfca9d83c19254142b/execute/async - {"script":"<script> [1562 bytes]","args":[{"selector":{"id":"application-manageresources-display-component---newResourceUnit--newRRUPage-anchBar-application-manageresources-display-component---newResourceUnit--control-anchor","interaction":{"idSuffix":"BDI-content"}},"wdio_ui5_key":"applicationmanageresources-display-component---newResourceUnit--newRRUPage-anchBar-application-manageresources-display-component---newResourceUnit--control-anchor"}]}
RESULT: {"script":"<script> [1562 bytes]","args":[{"selector":{"id":"application-manageresources-display-component---newResourceUnit--newRRUPage-anchBar-application-manageresources-display-component---newResourceUnit--control-anchor","interaction":{"idSuffix":"BDI-content"}},"wdio_ui5_key":"applicationmanageresources-display-component---newResourceUnit--newRRUPage-anchBar-application-manageresources-display-component---newResourceUnit--control-anchor"}]}
RESULT: undefined
COMMAND: POST /session/db7e74ddcaedfecfca9d83c19254142b/element - {"using":"xpath","value":"//*[@id=\"application-manageresources-display-component---newResourceUnit--newRRUPage-anchBar-application-manageresources-display-component---newResourceUnit--control-anchor\"]"}
RESULT: {"using":"xpath","value":"//*[@id=\"application-manageresources-display-component---newResourceUnit--newRRUPage-anchBar-application-manageresources-display-component---newResourceUnit--control-anchor\"]"}
COMMAND: POST /session/db7e74ddcaedfecfca9d83c19254142b/element/f.624D7720A2383BCF46C1895FE70984DD.d.4578847ABE4C0A08C3DC6E0BB94EFDBF.e.19693/click - {}
RESULT: {}
COMMAND: POST /session/db7e74ddcaedfecfca9d83c19254142b/execute/async - {"script":"<script> [1562 bytes]","args":[{"selector":{"id":"application-manageresources-display-component---newResourceUnit--PLANNING_GROUP","interaction":{"idSuffix":"inner"}},"wdio_ui5_key":"applicationmanageresources-display-component---newResourceUnit--PLANNING_GROUP"}]}
COMMAND: GET /session/db7e74ddcaedfecfca9d83c19254142b/screenshot - {}
RESULT: {"script":"<script> [1562 bytes]","args":[{"selector":{"id":"application-manageresources-display-component---newResourceUnit--PLANNING_GROUP","interaction":{"idSuffix":"inner"}},"wdio_ui5_key":"applicationmanageresources-display-component---newResourceUnit--PLANNING_GROUP"}]}
RESULT: undefined
COMMAND: POST /session/db7e74ddcaedfecfca9d83c19254142b/execute/async - {"script":"<script> [776 bytes]","args":[{"enterText":"Material","selector":{"id":"application-manageresources-display-component---newResourceUnit--PLANNING_GROUP","interaction":{"idSuffix":"inner"}},"clearTextFirst":true,"interactionType":"ENTER_TEXT"}]}
RESULT: {}
RESULT: {"script":"<script> [776 bytes]","args":[{"enterText":"Material","selector":{"id":"application-manageresources-display-component---newResourceUnit--PLANNING_GROUP","interaction":{"idSuffix":"inner"}},"clearTextFirst":true,"interactionType":"ENTER_TEXT"}]}
COMMAND: POST /session/db7e74ddcaedfecfca9d83c19254142b/execute/async - {"script":"<script> [1562 bytes]","args":[{"selector":{"id":"application-manageresources-display-component---newResourceUnit--PLANNING_INDICATOR","interaction":{"idSuffix":"inner"}},"wdio_ui5_key":"applicationmanageresources-display-component---newResourceUnit--PLANNING_INDICATOR"}]}
RESULT: {"script":"<script> [1562 bytes]","args":[{"selector":{"id":"application-manageresources-display-component---newResourceUnit--PLANNING_INDICATOR","interaction":{"idSuffix":"inner"}},"wdio_ui5_key":"applicationmanageresources-display-component---newResourceUnit--PLANNING_INDICATOR"}]}
RESULT: undefined
COMMAND: POST /session/db7e74ddcaedfecfca9d83c19254142b/execute/async - {"script":"<script> [776 bytes]","args":[{"enterText":"10 - infinite","selector":{"id":"application-manageresources-display-component---newResourceUnit--PLANNING_INDICATOR","interaction":{"idSuffix":"inner"}},"clearTextFirst":true,"interactionType":"ENTER_TEXT"}]}
RESULT: {"script":"<script> [776 bytes]","args":[{"enterText":"10 - infinite","selector":{"id":"application-manageresources-display-component---newResourceUnit--PLANNING_INDICATOR","interaction":{"idSuffix":"inner"}},"clearTextFirst":true,"interactionType":"ENTER_TEXT"}]}
COMMAND: POST /session/db7e74ddcaedfecfca9d83c19254142b/element - {"using":"css selector","value":"#application-manageresources-display-component---newResourceUnit--btnAddTimeSegment"}
RESULT: {"using":"css selector","value":"#application-manageresources-display-component---newResourceUnit--btnAddTimeSegment"}
COMMAND: GET /session/db7e74ddcaedfecfca9d83c19254142b/element/f.624D7720A2383BCF46C1895FE70984DD.d.4578847ABE4C0A08C3DC6E0BB94EFDBF.e.19703/rect - {}
RESULT: {}
COMMAND: GET /session/db7e74ddcaedfecfca9d83c19254142b/window/rect - {}
RESULT: {}
COMMAND: POST /session/db7e74ddcaedfecfca9d83c19254142b/execute/sync - {"script":"<script> [92 bytes]","args":[]}
RESULT: {"script":"<script> [92 bytes]","args":[]}
COMMAND: POST /session/db7e74ddcaedfecfca9d83c19254142b/actions - {"actions":[{"id":"action60","type":"wheel","parameters":{},"actions":[{"type":"scroll","x":-1888,"y":-32,"deltaX":0,"deltaY":0,"duration":0,"origin":{"element-6066-11e4-a52e-4f735466cecf":"f.624D7720A2383BCF46C1895FE70984DD.d.4578847ABE4C0A08C3DC6E0BB94EFDBF.e.19703"}}]}]}
COMMAND: GET /session/db7e74ddcaedfecfca9d83c19254142b/screenshot - {}
RESULT: {}
COMMAND: POST /session/db7e74ddcaedfecfca9d83c19254142b/execute/sync - {"script":"<script> [79 bytes]","args":[{"element-6066-11e4-a52e-4f735466cecf":"f.624D7720A2383BCF46C1895FE70984DD.d.4578847ABE4C0A08C3DC6E0BB94EFDBF.e.19703","ELEMENT":"f.624D7720A2383BCF46C1895FE70984DD.d.4578847ABE4C0A08C3DC6E0BB94EFDBF.e.19703"},{"block":"start","inline":"nearest"}]}
RESULT: {"script":"<script> [79 bytes]","args":[{"element-6066-11e4-a52e-4f735466cecf":"f.624D7720A2383BCF46C1895FE70984DD.d.4578847ABE4C0A08C3DC6E0BB94EFDBF.e.19703","ELEMENT":"f.624D7720A2383BCF46C1895FE70984DD.d.4578847ABE4C0A08C3DC6E0BB94EFDBF.e.19703"},{"block":"start","inline":"nearest"}]}
COMMAND: POST /session/db7e74ddcaedfecfca9d83c19254142b/execute/async - {"script":"<script> [1562 bytes]","args":[{"selector":{"id":"application-manageresources-display-component---newResourceUnit--btnAddTimeSegment","interaction":{"idSuffix":"inner"}},"wdio_ui5_key":"applicationmanageresources-display-component---newResourceUnit--btnAddTimeSegment"}]}
COMMAND: GET /session/db7e74ddcaedfecfca9d83c19254142b/screenshot - {}
RESULT: {"script":"<script> [1562 bytes]","args":[{"selector":{"id":"application-manageresources-display-component---newResourceUnit--btnAddTimeSegment","interaction":{"idSuffix":"inner"}},"wdio_ui5_key":"applicationmanageresources-display-component---newResourceUnit--btnAddTimeSegment"}]}
RESULT: undefined
COMMAND: POST /session/db7e74ddcaedfecfca9d83c19254142b/element - {"using":"xpath","value":"//*[@id=\"application-manageresources-display-component---newResourceUnit--btnAddTimeSegment\"]"}
RESULT: {}
RESULT: {"using":"xpath","value":"//*[@id=\"application-manageresources-display-component---newResourceUnit--btnAddTimeSegment\"]"}
COMMAND: POST /session/db7e74ddcaedfecfca9d83c19254142b/element/f.624D7720A2383BCF46C1895FE70984DD.d.4578847ABE4C0A08C3DC6E0BB94EFDBF.e.19703/click - {}
RESULT: {}
COMMAND: GET /session/db7e74ddcaedfecfca9d83c19254142b/screenshot - {}
RESULT: {}
COMMAND: POST /session/db7e74ddcaedfecfca9d83c19254142b/element - {"using":"xpath","value":"//input[@id=\"application-manageresources-display-component---newResourceUnit--idRuTSAdmin-application-manageresources-display-component---newResourceUnit--RUTimeSegment-0-inner\"]"}
RESULT: {"using":"xpath","value":"//input[@id=\"application-manageresources-display-component---newResourceUnit--idRuTSAdmin-application-manageresources-display-component---newResourceUnit--RUTimeSegment-0-inner\"]"}
COMMAND: POST /session/db7e74ddcaedfecfca9d83c19254142b/element/f.624D7720A2383BCF46C1895FE70984DD.d.4578847ABE4C0A08C3DC6E0BB94EFDBF.e.19708/clear - {}
RESULT: {}
COMMAND: POST /session/db7e74ddcaedfecfca9d83c19254142b/element/f.624D7720A2383BCF46C1895FE70984DD.d.4578847ABE4C0A08C3DC6E0BB94EFDBF.e.19708/value - {"text":"337"}
COMMAND: GET /session/db7e74ddcaedfecfca9d83c19254142b/screenshot - {}
RESULT: {"text":"337"}
COMMAND: GET /session/db7e74ddcaedfecfca9d83c19254142b/screenshot - {}
RESULT: {}
RESULT: {}
COMMAND: POST /session/db7e74ddcaedfecfca9d83c19254142b/element - {"using":"xpath","value":"//li[.//span[text()='337']]"}
RESULT: {"using":"xpath","value":"//li[.//span[text()='337']]"}
COMMAND: POST /session/db7e74ddcaedfecfca9d83c19254142b/element/f.624D7720A2383BCF46C1895FE70984DD.d.4578847ABE4C0A08C3DC6E0BB94EFDBF.e.19717/click - {}
RESULT: {}
COMMAND: GET /session/db7e74ddcaedfecfca9d83c19254142b/screenshot - {}
RESULT: {}
COMMAND: POST /session/db7e74ddcaedfecfca9d83c19254142b/element - {"using":"xpath","value":"(//span[contains(@id, \"-application-manageresources-display-component---newResourceUnit--RUTimeSegment-0-arrow\")])[2]"}
RESULT: {"using":"xpath","value":"(//span[contains(@id, \"-application-manageresources-display-component---newResourceUnit--RUTimeSegment-0-arrow\")])[2]"}
COMMAND: POST /session/db7e74ddcaedfecfca9d83c19254142b/element/f.624D7720A2383BCF46C1895FE70984DD.d.4578847ABE4C0A08C3DC6E0BB94EFDBF.e.19718/click - {}
RESULT: {}
COMMAND: POST /session/db7e74ddcaedfecfca9d83c19254142b/element - {"using":"xpath","value":"//span[contains(text(), \"PM Order\")]"}
COMMAND: GET /session/db7e74ddcaedfecfca9d83c19254142b/screenshot - {}
RESULT: {"using":"xpath","value":"//span[contains(text(), \"PM Order\")]"}
COMMAND: POST /session/db7e74ddcaedfecfca9d83c19254142b/element/f.624D7720A2383BCF46C1895FE70984DD.d.4578847ABE4C0A08C3DC6E0BB94EFDBF.e.19719/click - {}
RESULT: {}
RESULT: {}
COMMAND: GET /session/db7e74ddcaedfecfca9d83c19254142b/screenshot - {}
RESULT: {}
COMMAND: POST /session/db7e74ddcaedfecfca9d83c19254142b/element - {"using":"xpath","value":"//td/div/div/div/span[contains(@id, \"newResourceUnit--RUTimeSegment-0-vhi\")][1]"}
RESULT: {"using":"xpath","value":"//td/div/div/div/span[contains(@id, \"newResourceUnit--RUTimeSegment-0-vhi\")][1]"}
COMMAND: POST /session/db7e74ddcaedfecfca9d83c19254142b/elements - {"using":"xpath","value":"//td/div/div/div/span[contains(@id, \"newResourceUnit--RUTimeSegment-0-vhi\")][1]"}
RESULT: {"using":"xpath","value":"//td/div/div/div/span[contains(@id, \"newResourceUnit--RUTimeSegment-0-vhi\")][1]"}
COMMAND: POST /session/db7e74ddcaedfecfca9d83c19254142b/elements - {"using":"xpath","value":"//td/div/div/div/span[contains(@id, \"newResourceUnit--RUTimeSegment-0-vhi\")][1]"}
RESULT: {"using":"xpath","value":"//td/div/div/div/span[contains(@id, \"newResourceUnit--RUTimeSegment-0-vhi\")][1]"}
COMMAND: POST /session/db7e74ddcaedfecfca9d83c19254142b/elements - {"using":"xpath","value":"//td/div/div/div/span[contains(@id, \"newResourceUnit--RUTimeSegment-0-vhi\")][1]"}
RESULT: {"using":"xpath","value":"//td/div/div/div/span[contains(@id, \"newResourceUnit--RUTimeSegment-0-vhi\")][1]"}
COMMAND: POST /session/db7e74ddcaedfecfca9d83c19254142b/elements - {"using":"xpath","value":"//td/div/div/div/span[contains(@id, \"newResourceUnit--RUTimeSegment-0-vhi\")][1]"}
RESULT: {"using":"xpath","value":"//td/div/div/div/span[contains(@id, \"newResourceUnit--RUTimeSegment-0-vhi\")][1]"}
COMMAND: POST /session/db7e74ddcaedfecfca9d83c19254142b/elements - {"using":"xpath","value":"//td/div/div/div/span[contains(@id, \"newResourceUnit--RUTimeSegment-0-vhi\")][1]"}
RESULT: {"using":"xpath","value":"//td/div/div/div/span[contains(@id, \"newResourceUnit--RUTimeSegment-0-vhi\")][1]"}
COMMAND: POST /session/db7e74ddcaedfecfca9d83c19254142b/elements - {"using":"xpath","value":"//td/div/div/div/span[contains(@id, \"newResourceUnit--RUTimeSegment-0-vhi\")][1]"}
RESULT: {"using":"xpath","value":"//td/div/div/div/span[contains(@id, \"newResourceUnit--RUTimeSegment-0-vhi\")][1]"}
COMMAND: POST /session/db7e74ddcaedfecfca9d83c19254142b/elements - {"using":"xpath","value":"//td/div/div/div/span[contains(@id, \"newResourceUnit--RUTimeSegment-0-vhi\")][1]"}
RESULT: {"using":"xpath","value":"//td/div/div/div/span[contains(@id, \"newResourceUnit--RUTimeSegment-0-vhi\")][1]"}
COMMAND: POST /session/db7e74ddcaedfecfca9d83c19254142b/elements - {"using":"xpath","value":"//td/div/div/div/span[contains(@id, \"newResourceUnit--RUTimeSegment-0-vhi\")][1]"}
RESULT: {"using":"xpath","value":"//td/div/div/div/span[contains(@id, \"newResourceUnit--RUTimeSegment-0-vhi\")][1]"}
COMMAND: POST /session/db7e74ddcaedfecfca9d83c19254142b/elements - {"using":"xpath","value":"//td/div/div/div/span[contains(@id, \"newResourceUnit--RUTimeSegment-0-vhi\")][1]"}
RESULT: {"using":"xpath","value":"//td/div/div/div/span[contains(@id, \"newResourceUnit--RUTimeSegment-0-vhi\")][1]"}
COMMAND: POST /session/db7e74ddcaedfecfca9d83c19254142b/elements - {"using":"xpath","value":"//td/div/div/div/span[contains(@id, \"newResourceUnit--RUTimeSegment-0-vhi\")][1]"}
RESULT: {"using":"xpath","value":"//td/div/div/div/span[contains(@id, \"newResourceUnit--RUTimeSegment-0-vhi\")][1]"}
COMMAND: POST /session/db7e74ddcaedfecfca9d83c19254142b/element - {"using":"xpath","value":"//td/div/div/div/span[contains(@id, \"newResourceUnit--RUTimeSegment-0-vhi\")][1]"}
RESULT: {"using":"xpath","value":"//td/div/div/div/span[contains(@id, \"newResourceUnit--RUTimeSegment-0-vhi\")][1]"}
COMMAND: GET /session/db7e74ddcaedfecfca9d83c19254142b/element/f.624D7720A2383BCF46C1895FE70984DD.d.4578847ABE4C0A08C3DC6E0BB94EFDBF.e.19723/rect - {}
RESULT: {}
COMMAND: GET /session/db7e74ddcaedfecfca9d83c19254142b/window/rect - {}
RESULT: {}
COMMAND: POST /session/db7e74ddcaedfecfca9d83c19254142b/execute/sync - {"script":"<script> [92 bytes]","args":[]}
RESULT: {"script":"<script> [92 bytes]","args":[]}
COMMAND: POST /session/db7e74ddcaedfecfca9d83c19254142b/actions - {"actions":[{"id":"action61","type":"wheel","parameters":{},"actions":[{"type":"scroll","x":-1888,"y":-24,"deltaX":0,"deltaY":0,"duration":0,"origin":{"element-6066-11e4-a52e-4f735466cecf":"f.624D7720A2383BCF46C1895FE70984DD.d.4578847ABE4C0A08C3DC6E0BB94EFDBF.e.19723"}}]}]}
COMMAND: GET /session/db7e74ddcaedfecfca9d83c19254142b/screenshot - {}
RESULT: {}
COMMAND: POST /session/db7e74ddcaedfecfca9d83c19254142b/execute/sync - {"script":"<script> [79 bytes]","args":[{"element-6066-11e4-a52e-4f735466cecf":"f.624D7720A2383BCF46C1895FE70984DD.d.4578847ABE4C0A08C3DC6E0BB94EFDBF.e.19723","ELEMENT":"f.624D7720A2383BCF46C1895FE70984DD.d.4578847ABE4C0A08C3DC6E0BB94EFDBF.e.19723"},{"block":"start","inline":"nearest"}]}
RESULT: {"script":"<script> [79 bytes]","args":[{"element-6066-11e4-a52e-4f735466cecf":"f.624D7720A2383BCF46C1895FE70984DD.d.4578847ABE4C0A08C3DC6E0BB94EFDBF.e.19723","ELEMENT":"f.624D7720A2383BCF46C1895FE70984DD.d.4578847ABE4C0A08C3DC6E0BB94EFDBF.e.19723"},{"block":"start","inline":"nearest"}]}
COMMAND: GET /session/db7e74ddcaedfecfca9d83c19254142b/screenshot - {}
RESULT: {}
COMMAND: POST /session/db7e74ddcaedfecfca9d83c19254142b/element/f.624D7720A2383BCF46C1895FE70984DD.d.4578847ABE4C0A08C3DC6E0BB94EFDBF.e.19723/click - {}
RESULT: {}
COMMAND: GET /session/db7e74ddcaedfecfca9d83c19254142b/screenshot - {}
RESULT: {}
COMMAND: POST /session/db7e74ddcaedfecfca9d83c19254142b/execute/async - {"script":"<script> [1562 bytes]","args":[{"selector":{"controlType":"sap.m.SearchField","properties":{"placeholder":"Search"},"searchOpenDialogs":true,"interaction":{"idSuffix":"I"}},"wdio_ui5_key":"sapm.SearchField{\"placeholder\":\"Search\"}"}]}
RESULT: {"script":"<script> [1562 bytes]","args":[{"selector":{"controlType":"sap.m.SearchField","properties":{"placeholder":"Search"},"searchOpenDialogs":true,"interaction":{"idSuffix":"I"}},"wdio_ui5_key":"sapm.SearchField{\"placeholder\":\"Search\"}"}]}
RESULT: undefined
COMMAND: POST /session/db7e74ddcaedfecfca9d83c19254142b/execute/async - {"script":"<script> [776 bytes]","args":[{"enterText":"4000360","selector":{"controlType":"sap.m.SearchField","properties":{"placeholder":"Search"},"searchOpenDialogs":true,"interaction":{"idSuffix":"I"}},"clearTextFirst":true,"interactionType":"ENTER_TEXT"}]}
RESULT: {"script":"<script> [776 bytes]","args":[{"enterText":"4000360","selector":{"controlType":"sap.m.SearchField","properties":{"placeholder":"Search"},"searchOpenDialogs":true,"interaction":{"idSuffix":"I"}},"clearTextFirst":true,"interactionType":"ENTER_TEXT"}]}
COMMAND: POST /session/db7e74ddcaedfecfca9d83c19254142b/actions - {"actions":[{"id":"action62","type":"key","parameters":{},"actions":[{"type":"keyDown","value":""},{"type":"pause","duration":10},{"type":"keyUp","value":""}]}]}
RESULT: {"actions":[{"id":"action62","type":"key","parameters":{},"actions":[{"type":"keyDown","value":""},{"type":"pause","duration":10},{"type":"keyUp","value":""}]}]}
COMMAND: GET /session/db7e74ddcaedfecfca9d83c19254142b/screenshot - {}
RESULT: {}
COMMAND: POST /session/db7e74ddcaedfecfca9d83c19254142b/element - {"using":"xpath","value":"//td/div/span[contains(text(), \"BGL Vehicles\")]"}
RESULT: {"using":"xpath","value":"//td/div/span[contains(text(), \"BGL Vehicles\")]"}
COMMAND: POST /session/db7e74ddcaedfecfca9d83c19254142b/element/f.624D7720A2383BCF46C1895FE70984DD.d.4578847ABE4C0A08C3DC6E0BB94EFDBF.e.19745/click - {}
RESULT: {}
COMMAND: GET /session/db7e74ddcaedfecfca9d83c19254142b/screenshot - {}
RESULT: {}
COMMAND: POST /session/db7e74ddcaedfecfca9d83c19254142b/element - {"using":"xpath","value":"//bdi[contains(text(), \"OK\")]"}
RESULT: {"using":"xpath","value":"//bdi[contains(text(), \"OK\")]"}
COMMAND: POST /session/db7e74ddcaedfecfca9d83c19254142b/element/f.624D7720A2383BCF46C1895FE70984DD.d.4578847ABE4C0A08C3DC6E0BB94EFDBF.e.19746/click - {}
RESULT: {}
COMMAND: GET /session/db7e74ddcaedfecfca9d83c19254142b/screenshot - {}
RESULT: {}
COMMAND: POST /session/db7e74ddcaedfecfca9d83c19254142b/element - {"using":"xpath","value":"//label[contains(@class, 'sapMLabelRequired') and .//bdi[contains(text(), 'Planned Retirement')]]"}
RESULT: {"using":"xpath","value":"//label[contains(@class, 'sapMLabelRequired') and .//bdi[contains(text(), 'Planned Retirement')]]"}
COMMAND: POST /session/db7e74ddcaedfecfca9d83c19254142b/elements - {"using":"xpath","value":"//label[contains(@class, 'sapMLabelRequired') and .//bdi[contains(text(), 'Planned Retirement')]]"}
RESULT: {"using":"xpath","value":"//label[contains(@class, 'sapMLabelRequired') and .//bdi[contains(text(), 'Planned Retirement')]]"}
COMMAND: POST /session/db7e74ddcaedfecfca9d83c19254142b/element - {"using":"xpath","value":"//button[@data-kt=\"resourceUnitSaveButton\"]"}
RESULT: {"using":"xpath","value":"//button[@data-kt=\"resourceUnitSaveButton\"]"}
COMMAND: POST /session/db7e74ddcaedfecfca9d83c19254142b/element/f.624D7720A2383BCF46C1895FE70984DD.d.4578847ABE4C0A08C3DC6E0BB94EFDBF.e.19579/click - {}
RESULT: {}
COMMAND: GET /session/db7e74ddcaedfecfca9d83c19254142b/screenshot - {}
RESULT: {}
COMMAND: POST /session/db7e74ddcaedfecfca9d83c19254142b/element - {"using":"xpath","value":"//bdi[contains(text(), \"Close\")]"}
RESULT: {"using":"xpath","value":"//bdi[contains(text(), \"Close\")]"}
COMMAND: POST /session/db7e74ddcaedfecfca9d83c19254142b/element/f.624D7720A2383BCF46C1895FE70984DD.d.4578847ABE4C0A08C3DC6E0BB94EFDBF.e.19752/click - {}
RESULT: {}
COMMAND: GET /session/db7e74ddcaedfecfca9d83c19254142b/screenshot - {}
RESULT: {}
COMMAND: POST /session/db7e74ddcaedfecfca9d83c19254142b/element - {"using":"xpath","value":"//header[contains(@id, 'detailRruPage-headerTitle')]/div[1]/div[2]/div[2]/span[1]"}
RESULT: {"using":"xpath","value":"//header[contains(@id, 'detailRruPage-headerTitle')]/div[1]/div[2]/div[2]/span[1]"}
COMMAND: POST /session/db7e74ddcaedfecfca9d83c19254142b/elements - {"using":"xpath","value":"//header[contains(@id, 'detailRruPage-headerTitle')]/div[1]/div[2]/div[2]/span[1]"}
RESULT: {"using":"xpath","value":"//header[contains(@id, 'detailRruPage-headerTitle')]/div[1]/div[2]/div[2]/span[1]"}
COMMAND: POST /session/db7e74ddcaedfecfca9d83c19254142b/execute/sync - {"script":"<script> [56 bytes]","args":[{"element-6066-11e4-a52e-4f735466cecf":"f.624D7720A2383BCF46C1895FE70984DD.d.4578847ABE4C0A08C3DC6E0BB94EFDBF.e.19789","ELEMENT":"f.624D7720A2383BCF46C1895FE70984DD.d.4578847ABE4C0A08C3DC6E0BB94EFDBF.e.19789"}]}
RESULT: {"script":"<script> [56 bytes]","args":[{"element-6066-11e4-a52e-4f735466cecf":"f.624D7720A2383BCF46C1895FE70984DD.d.4578847ABE4C0A08C3DC6E0BB94EFDBF.e.19789","ELEMENT":"f.624D7720A2383BCF46C1895FE70984DD.d.4578847ABE4C0A08C3DC6E0BB94EFDBF.e.19789"}]}
COMMAND: POST /session/db7e74ddcaedfecfca9d83c19254142b/element - {"using":"css selector","value":"#shell-header-logo"}
COMMAND: GET /session/db7e74ddcaedfecfca9d83c19254142b/screenshot - {}
RESULT: {"using":"css selector","value":"#shell-header-logo"}
COMMAND: POST /session/db7e74ddcaedfecfca9d83c19254142b/element/f.624D7720A2383BCF46C1895FE70984DD.d.4578847ABE4C0A08C3DC6E0BB94EFDBF.e.19171/click - {}
RESULT: {}
RESULT: {}
COMMAND: GET /session/db7e74ddcaedfecfca9d83c19254142b/screenshot - {}
RESULT: {}
]]></system-out>
    </testcase>
    <testcase classname="chrome.136_0_7103_93.windows.Return_from_Site_w/_warehouse_management_w/_clarification_US125588" name="Bin Status Report Should Create New Organization yard" time="0.005"/>
    <testcase classname="chrome.136_0_7103_93.windows.Return_from_Site_w/_warehouse_management_w/_clarification_US125588" name="Bin Status Report Should Create New Organization for Site" time="0.006"/>
  </testsuite>
  <testsuite timestamp="2025-05-26T17:19:12" time="736.564" tests="7" failures="0" errors="0" skipped="0">
    <properties>
      <property name="specId" value="0"/>
      <property name="suiteName" value="Return from Site w/ warehouse management w clarification"/>
      <property name="capabilities" value="chrome.136_0_7103_93.windows"/>
      <property name="file" value="file:///D:/a/1/s/test/specs/HTR/return-from-site-w-warehouse-management-w-clarification.spec.js"/>
    </properties>
    <testcase classname="chrome.136_0_7103_93.windows.Return_from_Site_w/_warehouse_management_w_clarification" name="Should do a stock increase handover" time="97.714">
      <system-out><![CDATA[
COMMAND: POST /session/db7e74ddcaedfecfca9d83c19254142b/execute/async - {"script":"<script> [1562 bytes]","args":[{"selector":{"controlType":"sap.m.GenericTile","properties":{"header":"Manage Handovers"}},"wdio_ui5_key":"sapm.GenericTile{\"header\":\"Manage Handovers\"}"}]}
RESULT: {"script":"<script> [1562 bytes]","args":[{"selector":{"controlType":"sap.m.GenericTile","properties":{"header":"Manage Handovers"}},"wdio_ui5_key":"sapm.GenericTile{\"header\":\"Manage Handovers\"}"}]}
RESULT: undefined
COMMAND: POST /session/db7e74ddcaedfecfca9d83c19254142b/element - {"using":"xpath","value":"//*[@id=\"__tile132\"]"}
RESULT: {"using":"xpath","value":"//*[@id=\"__tile132\"]"}
COMMAND: POST /session/db7e74ddcaedfecfca9d83c19254142b/element/f.624D7720A2383BCF46C1895FE70984DD.d.4578847ABE4C0A08C3DC6E0BB94EFDBF.e.19147/click - {}
RESULT: {}
COMMAND: GET /session/db7e74ddcaedfecfca9d83c19254142b/screenshot - {}
RESULT: {}
COMMAND: POST /session/db7e74ddcaedfecfca9d83c19254142b/elements - {"using":"xpath","value":"//span[text()='Error']"}
RESULT: {"using":"xpath","value":"//span[text()='Error']"}
COMMAND: POST /session/db7e74ddcaedfecfca9d83c19254142b/element - {"using":"xpath","value":"//button[@data-kt=\"masterHOAddButton\"]"}
RESULT: {"using":"xpath","value":"//button[@data-kt=\"masterHOAddButton\"]"}
COMMAND: POST /session/db7e74ddcaedfecfca9d83c19254142b/elements - {"using":"xpath","value":"//button[@data-kt=\"masterHOAddButton\"]"}
RESULT: {"using":"xpath","value":"//button[@data-kt=\"masterHOAddButton\"]"}
COMMAND: POST /session/db7e74ddcaedfecfca9d83c19254142b/elements - {"using":"xpath","value":"//button[@data-kt=\"masterHOAddButton\"]"}
RESULT: {"using":"xpath","value":"//button[@data-kt=\"masterHOAddButton\"]"}
COMMAND: POST /session/db7e74ddcaedfecfca9d83c19254142b/element - {"using":"xpath","value":"//button[@data-kt=\"masterHOAddButton\"]"}
RESULT: {"using":"xpath","value":"//button[@data-kt=\"masterHOAddButton\"]"}
COMMAND: POST /session/db7e74ddcaedfecfca9d83c19254142b/execute/sync - {"script":"<script> [8489 bytes]","args":[{"element-6066-11e4-a52e-4f735466cecf":"f.624D7720A2383BCF46C1895FE70984DD.d.4578847ABE4C0A08C3DC6E0BB94EFDBF.e.19821","ELEMENT":"f.624D7720A2383BCF46C1895FE70984DD.d.4578847ABE4C0A08C3DC6E0BB94EFDBF.e.19821"}]}
RESULT: {"script":"<script> [8489 bytes]","args":[{"element-6066-11e4-a52e-4f735466cecf":"f.624D7720A2383BCF46C1895FE70984DD.d.4578847ABE4C0A08C3DC6E0BB94EFDBF.e.19821","ELEMENT":"f.624D7720A2383BCF46C1895FE70984DD.d.4578847ABE4C0A08C3DC6E0BB94EFDBF.e.19821"}]}
COMMAND: GET /session/db7e74ddcaedfecfca9d83c19254142b/element/f.624D7720A2383BCF46C1895FE70984DD.d.4578847ABE4C0A08C3DC6E0BB94EFDBF.e.19821/enabled - {}
COMMAND: GET /session/db7e74ddcaedfecfca9d83c19254142b/screenshot - {}
RESULT: {}
COMMAND: POST /session/db7e74ddcaedfecfca9d83c19254142b/execute/sync - {"script":"<script> [8489 bytes]","args":[{"element-6066-11e4-a52e-4f735466cecf":"f.624D7720A2383BCF46C1895FE70984DD.d.4578847ABE4C0A08C3DC6E0BB94EFDBF.e.19821","ELEMENT":"f.624D7720A2383BCF46C1895FE70984DD.d.4578847ABE4C0A08C3DC6E0BB94EFDBF.e.19821"}]}
COMMAND: GET /session/db7e74ddcaedfecfca9d83c19254142b/screenshot - {}
RESULT: {}
RESULT: {"script":"<script> [8489 bytes]","args":[{"element-6066-11e4-a52e-4f735466cecf":"f.624D7720A2383BCF46C1895FE70984DD.d.4578847ABE4C0A08C3DC6E0BB94EFDBF.e.19821","ELEMENT":"f.624D7720A2383BCF46C1895FE70984DD.d.4578847ABE4C0A08C3DC6E0BB94EFDBF.e.19821"}]}
COMMAND: POST /session/db7e74ddcaedfecfca9d83c19254142b/execute/sync - {"script":"<script> [5351 bytes]","args":[{"element-6066-11e4-a52e-4f735466cecf":"f.624D7720A2383BCF46C1895FE70984DD.d.4578847ABE4C0A08C3DC6E0BB94EFDBF.e.19821","ELEMENT":"f.624D7720A2383BCF46C1895FE70984DD.d.4578847ABE4C0A08C3DC6E0BB94EFDBF.e.19821"}]}
COMMAND: GET /session/db7e74ddcaedfecfca9d83c19254142b/screenshot - {}
RESULT: {}
RESULT: {"script":"<script> [5351 bytes]","args":[{"element-6066-11e4-a52e-4f735466cecf":"f.624D7720A2383BCF46C1895FE70984DD.d.4578847ABE4C0A08C3DC6E0BB94EFDBF.e.19821","ELEMENT":"f.624D7720A2383BCF46C1895FE70984DD.d.4578847ABE4C0A08C3DC6E0BB94EFDBF.e.19821"}]}
COMMAND: POST /session/db7e74ddcaedfecfca9d83c19254142b/element/f.624D7720A2383BCF46C1895FE70984DD.d.4578847ABE4C0A08C3DC6E0BB94EFDBF.e.19821/click - {}
COMMAND: GET /session/db7e74ddcaedfecfca9d83c19254142b/screenshot - {}
RESULT: {}
RESULT: {}
COMMAND: GET /session/db7e74ddcaedfecfca9d83c19254142b/screenshot - {}
COMMAND: POST /session/db7e74ddcaedfecfca9d83c19254142b/element - {"using":"xpath","value":"//span[contains(@id ,\"AddNewHO--typeSelect-arrow\")]"}
RESULT: {}
RESULT: {}
RESULT: {"using":"xpath","value":"//span[contains(@id ,\"AddNewHO--typeSelect-arrow\")]"}
COMMAND: POST /session/db7e74ddcaedfecfca9d83c19254142b/element/f.624D7720A2383BCF46C1895FE70984DD.d.4578847ABE4C0A08C3DC6E0BB94EFDBF.e.20165/click - {}
RESULT: {}
COMMAND: GET /session/db7e74ddcaedfecfca9d83c19254142b/screenshot - {}
RESULT: {}
COMMAND: POST /session/db7e74ddcaedfecfca9d83c19254142b/element - {"using":"xpath","value":"(//li[contains(text(), \"stock increase yard\")])[1]"}
RESULT: {"using":"xpath","value":"(//li[contains(text(), \"stock increase yard\")])[1]"}
COMMAND: POST /session/db7e74ddcaedfecfca9d83c19254142b/element/f.624D7720A2383BCF46C1895FE70984DD.d.4578847ABE4C0A08C3DC6E0BB94EFDBF.e.20166/click - {}
RESULT: {}
COMMAND: GET /session/db7e74ddcaedfecfca9d83c19254142b/screenshot - {}
RESULT: {}
COMMAND: POST /session/db7e74ddcaedfecfca9d83c19254142b/execute/async - {"script":"<script> [1562 bytes]","args":[{"selector":{"id":"application-managehandovers-display-component---AddNewHO--dueDate","interaction":{"idSuffix":"inner"}},"wdio_ui5_key":"applicationmanagehandovers-display-component---AddNewHO--dueDate"}]}
RESULT: {"script":"<script> [1562 bytes]","args":[{"selector":{"id":"application-managehandovers-display-component---AddNewHO--dueDate","interaction":{"idSuffix":"inner"}},"wdio_ui5_key":"applicationmanagehandovers-display-component---AddNewHO--dueDate"}]}
RESULT: undefined
COMMAND: POST /session/db7e74ddcaedfecfca9d83c19254142b/execute/async - {"script":"<script> [6424 bytes]","args":[{"element-6066-11e4-a52e-4f735466cecf":"f.624D7720A2383BCF46C1895FE70984DD.d.4578847ABE4C0A08C3DC6E0BB94EFDBF.e.20170"},"setValue",["5/26/25"]]}
RESULT: {"script":"<script> [6424 bytes]","args":[{"element-6066-11e4-a52e-4f735466cecf":"f.624D7720A2383BCF46C1895FE70984DD.d.4578847ABE4C0A08C3DC6E0BB94EFDBF.e.20170"},"setValue",["5/26/25"]]}
COMMAND: POST /session/db7e74ddcaedfecfca9d83c19254142b/element - {"using":"xpath","value":"//input[@id=\"generalSectionFrg--receiveYard-inner\"]"}
RESULT: {"using":"xpath","value":"//input[@id=\"generalSectionFrg--receiveYard-inner\"]"}
COMMAND: POST /session/db7e74ddcaedfecfca9d83c19254142b/element/f.624D7720A2383BCF46C1895FE70984DD.d.4578847ABE4C0A08C3DC6E0BB94EFDBF.e.20176/clear - {}
RESULT: {}
COMMAND: POST /session/db7e74ddcaedfecfca9d83c19254142b/element/f.624D7720A2383BCF46C1895FE70984DD.d.4578847ABE4C0A08C3DC6E0BB94EFDBF.e.20176/value - {"text":"337"}
COMMAND: GET /session/db7e74ddcaedfecfca9d83c19254142b/screenshot - {}
RESULT: {"text":"337"}
COMMAND: GET /session/db7e74ddcaedfecfca9d83c19254142b/screenshot - {}
RESULT: {}
RESULT: {}
COMMAND: POST /session/db7e74ddcaedfecfca9d83c19254142b/element - {"using":"xpath","value":"//li[.//span[text()='337']]"}
RESULT: {"using":"xpath","value":"//li[.//span[text()='337']]"}
COMMAND: POST /session/db7e74ddcaedfecfca9d83c19254142b/element/f.624D7720A2383BCF46C1895FE70984DD.d.4578847ABE4C0A08C3DC6E0BB94EFDBF.e.20192/click - {}
RESULT: {}
COMMAND: GET /session/db7e74ddcaedfecfca9d83c19254142b/screenshot - {}
RESULT: {}
COMMAND: POST /session/db7e74ddcaedfecfca9d83c19254142b/execute/async - {"script":"<script> [1562 bytes]","args":[{"selector":{"id":"application-managehandovers-display-component---AddNewHO--ObjectPageLayout-anchBar-application-managehandovers-display-component---AddNewHO--section4-anchor","interaction":{"idSuffix":"BDI-content"}},"wdio_ui5_key":"applicationmanagehandovers-display-component---AddNewHO--ObjectPageLayout-anchBar-application-managehandovers-display-component---AddNewHO--section4-anchor"}]}
RESULT: {"script":"<script> [1562 bytes]","args":[{"selector":{"id":"application-managehandovers-display-component---AddNewHO--ObjectPageLayout-anchBar-application-managehandovers-display-component---AddNewHO--section4-anchor","interaction":{"idSuffix":"BDI-content"}},"wdio_ui5_key":"applicationmanagehandovers-display-component---AddNewHO--ObjectPageLayout-anchBar-application-managehandovers-display-component---AddNewHO--section4-anchor"}]}
RESULT: undefined
COMMAND: POST /session/db7e74ddcaedfecfca9d83c19254142b/element - {"using":"xpath","value":"//*[@id=\"application-managehandovers-display-component---AddNewHO--ObjectPageLayout-anchBar-application-managehandovers-display-component---AddNewHO--section4-anchor\"]"}
RESULT: {"using":"xpath","value":"//*[@id=\"application-managehandovers-display-component---AddNewHO--ObjectPageLayout-anchBar-application-managehandovers-display-component---AddNewHO--section4-anchor\"]"}
COMMAND: POST /session/db7e74ddcaedfecfca9d83c19254142b/element/f.624D7720A2383BCF46C1895FE70984DD.d.4578847ABE4C0A08C3DC6E0BB94EFDBF.e.20194/click - {}
RESULT: {}
COMMAND: POST /session/db7e74ddcaedfecfca9d83c19254142b/element - {"using":"xpath","value":"//button[@aria-label=\"Add\"]"}
COMMAND: GET /session/db7e74ddcaedfecfca9d83c19254142b/screenshot - {}
RESULT: {"using":"xpath","value":"//button[@aria-label=\"Add\"]"}
COMMAND: POST /session/db7e74ddcaedfecfca9d83c19254142b/element/f.624D7720A2383BCF46C1895FE70984DD.d.4578847ABE4C0A08C3DC6E0BB94EFDBF.e.20196/click - {}
RESULT: {}
RESULT: {}
COMMAND: GET /session/db7e74ddcaedfecfca9d83c19254142b/screenshot - {}
RESULT: {}
COMMAND: POST /session/db7e74ddcaedfecfca9d83c19254142b/execute/async - {"script":"<script> [1562 bytes]","args":[{"selector":{"id":"application-managehandovers-display-component---AddNewHO--smartFilterBar-btnBasicSearch","searchOpenDialogs":true,"interaction":{"idSuffix":"I"}},"wdio_ui5_key":"applicationmanagehandovers-display-component---AddNewHO--smartFilterBar-btnBasicSearch"}]}
RESULT: {"script":"<script> [1562 bytes]","args":[{"selector":{"id":"application-managehandovers-display-component---AddNewHO--smartFilterBar-btnBasicSearch","searchOpenDialogs":true,"interaction":{"idSuffix":"I"}},"wdio_ui5_key":"applicationmanagehandovers-display-component---AddNewHO--smartFilterBar-btnBasicSearch"}]}
RESULT: undefined
COMMAND: POST /session/db7e74ddcaedfecfca9d83c19254142b/execute/async - {"script":"<script> [776 bytes]","args":[{"enterText":"200188","selector":{"id":"application-managehandovers-display-component---AddNewHO--smartFilterBar-btnBasicSearch","searchOpenDialogs":true,"interaction":{"idSuffix":"I"}},"clearTextFirst":true,"interactionType":"ENTER_TEXT"}]}
RESULT: {"script":"<script> [776 bytes]","args":[{"enterText":"200188","selector":{"id":"application-managehandovers-display-component---AddNewHO--smartFilterBar-btnBasicSearch","searchOpenDialogs":true,"interaction":{"idSuffix":"I"}},"clearTextFirst":true,"interactionType":"ENTER_TEXT"}]}
COMMAND: POST /session/db7e74ddcaedfecfca9d83c19254142b/actions - {"actions":[{"id":"action63","type":"key","parameters":{},"actions":[{"type":"keyDown","value":""},{"type":"pause","duration":10},{"type":"keyUp","value":""}]}]}
RESULT: {"actions":[{"id":"action63","type":"key","parameters":{},"actions":[{"type":"keyDown","value":""},{"type":"pause","duration":10},{"type":"keyUp","value":""}]}]}
COMMAND: GET /session/db7e74ddcaedfecfca9d83c19254142b/screenshot - {}
RESULT: {}
COMMAND: POST /session/db7e74ddcaedfecfca9d83c19254142b/execute/async - {"script":"<script> [1562 bytes]","args":[{"selector":{"id":"application-managehandovers-display-component---AddNewHO--popup-sa","searchOpenDialogs":true,"interaction":{"idSuffix":"CbBg"}},"wdio_ui5_key":"applicationmanagehandovers-display-component---AddNewHO--popup-sa"}]}
RESULT: {"script":"<script> [1562 bytes]","args":[{"selector":{"id":"application-managehandovers-display-component---AddNewHO--popup-sa","searchOpenDialogs":true,"interaction":{"idSuffix":"CbBg"}},"wdio_ui5_key":"applicationmanagehandovers-display-component---AddNewHO--popup-sa"}]}
RESULT: undefined
COMMAND: POST /session/db7e74ddcaedfecfca9d83c19254142b/element - {"using":"xpath","value":"//*[@id=\"application-managehandovers-display-component---AddNewHO--popup-sa\"]"}
RESULT: {"using":"xpath","value":"//*[@id=\"application-managehandovers-display-component---AddNewHO--popup-sa\"]"}
COMMAND: POST /session/db7e74ddcaedfecfca9d83c19254142b/element/f.624D7720A2383BCF46C1895FE70984DD.d.4578847ABE4C0A08C3DC6E0BB94EFDBF.e.20350/click - {}
RESULT: {}
COMMAND: GET /session/db7e74ddcaedfecfca9d83c19254142b/screenshot - {}
RESULT: {}
COMMAND: POST /session/db7e74ddcaedfecfca9d83c19254142b/element - {"using":"xpath","value":"//bdi[contains(text(), \"Select\")]"}
RESULT: {"using":"xpath","value":"//bdi[contains(text(), \"Select\")]"}
COMMAND: POST /session/db7e74ddcaedfecfca9d83c19254142b/element/f.624D7720A2383BCF46C1895FE70984DD.d.4578847ABE4C0A08C3DC6E0BB94EFDBF.e.20351/click - {}
RESULT: {}
COMMAND: GET /session/db7e74ddcaedfecfca9d83c19254142b/screenshot - {}
RESULT: {}
COMMAND: POST /session/db7e74ddcaedfecfca9d83c19254142b/element - {"using":"xpath","value":"//button[@data-kt=\"AddNewHOSaveButton\"]"}
RESULT: {"using":"xpath","value":"//button[@data-kt=\"AddNewHOSaveButton\"]"}
COMMAND: POST /session/db7e74ddcaedfecfca9d83c19254142b/element/f.624D7720A2383BCF46C1895FE70984DD.d.4578847ABE4C0A08C3DC6E0BB94EFDBF.e.20355/click - {}
RESULT: {}
COMMAND: GET /session/db7e74ddcaedfecfca9d83c19254142b/screenshot - {}
COMMAND: POST /session/db7e74ddcaedfecfca9d83c19254142b/execute/async - {"script":"<script> [1562 bytes]","args":[{"selector":{"id":"receiptDatePicker","viewName":"etm.portal.ui.managehandovers.view.DetailExecuteHO","interaction":{"idSuffix":"inner"}},"wdio_ui5_key":"receiptDatePickeretmportal.ui.managehandovers.view.DetailExecuteHO"}]}
RESULT: {}
RESULT: {"script":"<script> [1562 bytes]","args":[{"selector":{"id":"receiptDatePicker","viewName":"etm.portal.ui.managehandovers.view.DetailExecuteHO","interaction":{"idSuffix":"inner"}},"wdio_ui5_key":"receiptDatePickeretmportal.ui.managehandovers.view.DetailExecuteHO"}]}
RESULT: undefined
COMMAND: POST /session/db7e74ddcaedfecfca9d83c19254142b/execute/async - {"script":"<script> [6424 bytes]","args":[{"element-6066-11e4-a52e-4f735466cecf":"f.624D7720A2383BCF46C1895FE70984DD.d.4578847ABE4C0A08C3DC6E0BB94EFDBF.e.20384"},"setValue",["5/26/25"]]}
RESULT: {"script":"<script> [6424 bytes]","args":[{"element-6066-11e4-a52e-4f735466cecf":"f.624D7720A2383BCF46C1895FE70984DD.d.4578847ABE4C0A08C3DC6E0BB94EFDBF.e.20384"},"setValue",["5/26/25"]]}
COMMAND: POST /session/db7e74ddcaedfecfca9d83c19254142b/element - {"using":"xpath","value":"//button[@data-kt=\"ReceivingTableConfirmAllButton\"]"}
RESULT: {"using":"xpath","value":"//button[@data-kt=\"ReceivingTableConfirmAllButton\"]"}
COMMAND: POST /session/db7e74ddcaedfecfca9d83c19254142b/element/f.624D7720A2383BCF46C1895FE70984DD.d.4578847ABE4C0A08C3DC6E0BB94EFDBF.e.20401/click - {}
RESULT: {}
COMMAND: GET /session/db7e74ddcaedfecfca9d83c19254142b/screenshot - {}
RESULT: {}
COMMAND: POST /session/db7e74ddcaedfecfca9d83c19254142b/element - {"using":"xpath","value":"//bdi[contains(text(), \"OK\")]"}
RESULT: {"using":"xpath","value":"//bdi[contains(text(), \"OK\")]"}
COMMAND: POST /session/db7e74ddcaedfecfca9d83c19254142b/element/f.624D7720A2383BCF46C1895FE70984DD.d.4578847ABE4C0A08C3DC6E0BB94EFDBF.e.20403/click - {}
RESULT: {}
COMMAND: GET /session/db7e74ddcaedfecfca9d83c19254142b/screenshot - {}
RESULT: {}
COMMAND: POST /session/db7e74ddcaedfecfca9d83c19254142b/element - {"using":"xpath","value":"(//bdi[contains(text(), \"Receive\")])[2]"}
RESULT: {"using":"xpath","value":"(//bdi[contains(text(), \"Receive\")])[2]"}
COMMAND: POST /session/db7e74ddcaedfecfca9d83c19254142b/element/f.624D7720A2383BCF46C1895FE70984DD.d.4578847ABE4C0A08C3DC6E0BB94EFDBF.e.20405/click - {}
RESULT: {}
COMMAND: GET /session/db7e74ddcaedfecfca9d83c19254142b/screenshot - {}
RESULT: {}
COMMAND: POST /session/db7e74ddcaedfecfca9d83c19254142b/element - {"using":"css selector","value":"#shell-header-logo"}
RESULT: {"using":"css selector","value":"#shell-header-logo"}
COMMAND: POST /session/db7e74ddcaedfecfca9d83c19254142b/element/f.624D7720A2383BCF46C1895FE70984DD.d.4578847ABE4C0A08C3DC6E0BB94EFDBF.e.19792/click - {}
RESULT: {}
COMMAND: GET /session/db7e74ddcaedfecfca9d83c19254142b/screenshot - {}
RESULT: {}
]]></system-out>
    </testcase>
    <testcase classname="chrome.136_0_7103_93.windows.Return_from_Site_w/_warehouse_management_w_clarification" name="Should create a new contract" time="63.543">
      <system-out><![CDATA[
COMMAND: POST /session/db7e74ddcaedfecfca9d83c19254142b/execute/async - {"script":"<script> [1562 bytes]","args":[{"selector":{"controlType":"sap.m.GenericTile","properties":{"header":"Manage Contracts"}},"wdio_ui5_key":"sapm.GenericTile{\"header\":\"Manage Contracts\"}"}]}
RESULT: {"script":"<script> [1562 bytes]","args":[{"selector":{"controlType":"sap.m.GenericTile","properties":{"header":"Manage Contracts"}},"wdio_ui5_key":"sapm.GenericTile{\"header\":\"Manage Contracts\"}"}]}
RESULT: undefined
COMMAND: POST /session/db7e74ddcaedfecfca9d83c19254142b/element - {"using":"xpath","value":"//*[@id=\"__tile130\"]"}
RESULT: {"using":"xpath","value":"//*[@id=\"__tile130\"]"}
COMMAND: POST /session/db7e74ddcaedfecfca9d83c19254142b/element/f.624D7720A2383BCF46C1895FE70984DD.d.4578847ABE4C0A08C3DC6E0BB94EFDBF.e.19076/click - {}
RESULT: {}
COMMAND: GET /session/db7e74ddcaedfecfca9d83c19254142b/screenshot - {}
RESULT: {}
COMMAND: POST /session/db7e74ddcaedfecfca9d83c19254142b/elements - {"using":"xpath","value":"//span[text()='Error']"}
RESULT: {"using":"xpath","value":"//span[text()='Error']"}
COMMAND: POST /session/db7e74ddcaedfecfca9d83c19254142b/element - {"using":"xpath","value":"//button[@data-kt=\"addButton\"]"}
RESULT: {"using":"xpath","value":"//button[@data-kt=\"addButton\"]"}
COMMAND: POST /session/db7e74ddcaedfecfca9d83c19254142b/elements - {"using":"xpath","value":"//button[@data-kt=\"addButton\"]"}
RESULT: {"using":"xpath","value":"//button[@data-kt=\"addButton\"]"}
COMMAND: POST /session/db7e74ddcaedfecfca9d83c19254142b/execute/sync - {"script":"<script> [8489 bytes]","args":[{"element-6066-11e4-a52e-4f735466cecf":"f.624D7720A2383BCF46C1895FE70984DD.d.4578847ABE4C0A08C3DC6E0BB94EFDBF.e.20627","ELEMENT":"f.624D7720A2383BCF46C1895FE70984DD.d.4578847ABE4C0A08C3DC6E0BB94EFDBF.e.20627"}]}
RESULT: {"script":"<script> [8489 bytes]","args":[{"element-6066-11e4-a52e-4f735466cecf":"f.624D7720A2383BCF46C1895FE70984DD.d.4578847ABE4C0A08C3DC6E0BB94EFDBF.e.20627","ELEMENT":"f.624D7720A2383BCF46C1895FE70984DD.d.4578847ABE4C0A08C3DC6E0BB94EFDBF.e.20627"}]}
COMMAND: GET /session/db7e74ddcaedfecfca9d83c19254142b/element/f.624D7720A2383BCF46C1895FE70984DD.d.4578847ABE4C0A08C3DC6E0BB94EFDBF.e.20627/enabled - {}
COMMAND: GET /session/db7e74ddcaedfecfca9d83c19254142b/screenshot - {}
RESULT: {}
COMMAND: POST /session/db7e74ddcaedfecfca9d83c19254142b/execute/sync - {"script":"<script> [8489 bytes]","args":[{"element-6066-11e4-a52e-4f735466cecf":"f.624D7720A2383BCF46C1895FE70984DD.d.4578847ABE4C0A08C3DC6E0BB94EFDBF.e.20627","ELEMENT":"f.624D7720A2383BCF46C1895FE70984DD.d.4578847ABE4C0A08C3DC6E0BB94EFDBF.e.20627"}]}
COMMAND: GET /session/db7e74ddcaedfecfca9d83c19254142b/screenshot - {}
RESULT: {}
RESULT: {}
RESULT: {"script":"<script> [8489 bytes]","args":[{"element-6066-11e4-a52e-4f735466cecf":"f.624D7720A2383BCF46C1895FE70984DD.d.4578847ABE4C0A08C3DC6E0BB94EFDBF.e.20627","ELEMENT":"f.624D7720A2383BCF46C1895FE70984DD.d.4578847ABE4C0A08C3DC6E0BB94EFDBF.e.20627"}]}
COMMAND: POST /session/db7e74ddcaedfecfca9d83c19254142b/execute/sync - {"script":"<script> [5351 bytes]","args":[{"element-6066-11e4-a52e-4f735466cecf":"f.624D7720A2383BCF46C1895FE70984DD.d.4578847ABE4C0A08C3DC6E0BB94EFDBF.e.20627","ELEMENT":"f.624D7720A2383BCF46C1895FE70984DD.d.4578847ABE4C0A08C3DC6E0BB94EFDBF.e.20627"}]}
COMMAND: GET /session/db7e74ddcaedfecfca9d83c19254142b/screenshot - {}
RESULT: {"script":"<script> [5351 bytes]","args":[{"element-6066-11e4-a52e-4f735466cecf":"f.624D7720A2383BCF46C1895FE70984DD.d.4578847ABE4C0A08C3DC6E0BB94EFDBF.e.20627","ELEMENT":"f.624D7720A2383BCF46C1895FE70984DD.d.4578847ABE4C0A08C3DC6E0BB94EFDBF.e.20627"}]}
COMMAND: GET /session/db7e74ddcaedfecfca9d83c19254142b/screenshot - {}
RESULT: {}
RESULT: {}
COMMAND: POST /session/db7e74ddcaedfecfca9d83c19254142b/element/f.624D7720A2383BCF46C1895FE70984DD.d.4578847ABE4C0A08C3DC6E0BB94EFDBF.e.20627/click - {}
RESULT: {}
COMMAND: GET /session/db7e74ddcaedfecfca9d83c19254142b/screenshot - {}
COMMAND: POST /session/db7e74ddcaedfecfca9d83c19254142b/execute/async - {"script":"<script> [1562 bytes]","args":[{"selector":{"id":"application-managecontracts-display-component---AddNewContract--projectDescription","interaction":{"idSuffix":"inner"}},"wdio_ui5_key":"applicationmanagecontracts-display-component---AddNewContract--projectDescription"}]}
RESULT: {}
RESULT: {"script":"<script> [1562 bytes]","args":[{"selector":{"id":"application-managecontracts-display-component---AddNewContract--projectDescription","interaction":{"idSuffix":"inner"}},"wdio_ui5_key":"applicationmanagecontracts-display-component---AddNewContract--projectDescription"}]}
RESULT: undefined
COMMAND: POST /session/db7e74ddcaedfecfca9d83c19254142b/execute/async - {"script":"<script> [776 bytes]","args":[{"enterText":"Contract WDIO","selector":{"id":"application-managecontracts-display-component---AddNewContract--projectDescription","interaction":{"idSuffix":"inner"}},"clearTextFirst":true,"interactionType":"ENTER_TEXT"}]}
RESULT: {"script":"<script> [776 bytes]","args":[{"enterText":"Contract WDIO","selector":{"id":"application-managecontracts-display-component---AddNewContract--projectDescription","interaction":{"idSuffix":"inner"}},"clearTextFirst":true,"interactionType":"ENTER_TEXT"}]}
COMMAND: POST /session/db7e74ddcaedfecfca9d83c19254142b/element - {"using":"xpath","value":"//input[@id=\"application-managecontracts-display-component---AddNewContract--site-inner\"]"}
RESULT: {"using":"xpath","value":"//input[@id=\"application-managecontracts-display-component---AddNewContract--site-inner\"]"}
COMMAND: POST /session/db7e74ddcaedfecfca9d83c19254142b/element/f.624D7720A2383BCF46C1895FE70984DD.d.4578847ABE4C0A08C3DC6E0BB94EFDBF.e.20949/clear - {}
RESULT: {}
COMMAND: POST /session/db7e74ddcaedfecfca9d83c19254142b/element/f.624D7720A2383BCF46C1895FE70984DD.d.4578847ABE4C0A08C3DC6E0BB94EFDBF.e.20949/value - {"text":"2158"}
COMMAND: GET /session/db7e74ddcaedfecfca9d83c19254142b/screenshot - {}
RESULT: {"text":"2158"}
COMMAND: GET /session/db7e74ddcaedfecfca9d83c19254142b/screenshot - {}
RESULT: {}
RESULT: {}
COMMAND: POST /session/db7e74ddcaedfecfca9d83c19254142b/element - {"using":"xpath","value":"//li[.//span[text()='2158']]"}
RESULT: {"using":"xpath","value":"//li[.//span[text()='2158']]"}
COMMAND: POST /session/db7e74ddcaedfecfca9d83c19254142b/element/f.624D7720A2383BCF46C1895FE70984DD.d.4578847ABE4C0A08C3DC6E0BB94EFDBF.e.21031/click - {}
RESULT: {}
COMMAND: GET /session/db7e74ddcaedfecfca9d83c19254142b/screenshot - {}
RESULT: {}
COMMAND: POST /session/db7e74ddcaedfecfca9d83c19254142b/element - {"using":"xpath","value":"//input[@id=\"application-managecontracts-display-component---AddNewContract--yardId-inner\"]"}
RESULT: {"using":"xpath","value":"//input[@id=\"application-managecontracts-display-component---AddNewContract--yardId-inner\"]"}
COMMAND: GET /session/db7e74ddcaedfecfca9d83c19254142b/element/f.624D7720A2383BCF46C1895FE70984DD.d.4578847ABE4C0A08C3DC6E0BB94EFDBF.e.20950/property/value - {}
RESULT: {}
COMMAND: POST /session/db7e74ddcaedfecfca9d83c19254142b/element - {"using":"xpath","value":"//input[@id=\"application-managecontracts-display-component---AddNewContract--customerSelect-inner\"]"}
COMMAND: GET /session/db7e74ddcaedfecfca9d83c19254142b/screenshot - {}
RESULT: {"using":"xpath","value":"//input[@id=\"application-managecontracts-display-component---AddNewContract--customerSelect-inner\"]"}
COMMAND: POST /session/db7e74ddcaedfecfca9d83c19254142b/element/f.624D7720A2383BCF46C1895FE70984DD.d.4578847ABE4C0A08C3DC6E0BB94EFDBF.e.20948/clear - {}
RESULT: {}
RESULT: {}
COMMAND: POST /session/db7e74ddcaedfecfca9d83c19254142b/element/f.624D7720A2383BCF46C1895FE70984DD.d.4578847ABE4C0A08C3DC6E0BB94EFDBF.e.20948/value - {"text":"1169"}
COMMAND: GET /session/db7e74ddcaedfecfca9d83c19254142b/screenshot - {}
RESULT: {"text":"1169"}
COMMAND: GET /session/db7e74ddcaedfecfca9d83c19254142b/screenshot - {}
RESULT: {}
RESULT: {}
COMMAND: POST /session/db7e74ddcaedfecfca9d83c19254142b/element - {"using":"xpath","value":"//li[.//span[text()='1169']]"}
RESULT: {"using":"xpath","value":"//li[.//span[text()='1169']]"}
COMMAND: POST /session/db7e74ddcaedfecfca9d83c19254142b/element/f.624D7720A2383BCF46C1895FE70984DD.d.4578847ABE4C0A08C3DC6E0BB94EFDBF.e.21034/click - {}
RESULT: {}
COMMAND: GET /session/db7e74ddcaedfecfca9d83c19254142b/screenshot - {}
RESULT: {}
COMMAND: POST /session/db7e74ddcaedfecfca9d83c19254142b/element - {"using":"xpath","value":"//button[@data-kt=\"saveButton\"]"}
RESULT: {"using":"xpath","value":"//button[@data-kt=\"saveButton\"]"}
COMMAND: POST /session/db7e74ddcaedfecfca9d83c19254142b/element/f.624D7720A2383BCF46C1895FE70984DD.d.4578847ABE4C0A08C3DC6E0BB94EFDBF.e.21022/click - {}
RESULT: {}
COMMAND: GET /session/db7e74ddcaedfecfca9d83c19254142b/screenshot - {}
RESULT: {}
COMMAND: POST /session/db7e74ddcaedfecfca9d83c19254142b/element - {"using":"xpath","value":"//span[contains(@id ,\"contractDetailTitleNoExpanded\")]"}
RESULT: {"using":"xpath","value":"//span[contains(@id ,\"contractDetailTitleNoExpanded\")]"}
COMMAND: POST /session/db7e74ddcaedfecfca9d83c19254142b/elements - {"using":"xpath","value":"//span[contains(@id ,\"contractDetailTitleNoExpanded\")]"}
RESULT: {"using":"xpath","value":"//span[contains(@id ,\"contractDetailTitleNoExpanded\")]"}
COMMAND: POST /session/db7e74ddcaedfecfca9d83c19254142b/execute/sync - {"script":"<script> [56 bytes]","args":[{"element-6066-11e4-a52e-4f735466cecf":"f.624D7720A2383BCF46C1895FE70984DD.d.4578847ABE4C0A08C3DC6E0BB94EFDBF.e.21049","ELEMENT":"f.624D7720A2383BCF46C1895FE70984DD.d.4578847ABE4C0A08C3DC6E0BB94EFDBF.e.21049"}]}
RESULT: {"script":"<script> [56 bytes]","args":[{"element-6066-11e4-a52e-4f735466cecf":"f.624D7720A2383BCF46C1895FE70984DD.d.4578847ABE4C0A08C3DC6E0BB94EFDBF.e.21049","ELEMENT":"f.624D7720A2383BCF46C1895FE70984DD.d.4578847ABE4C0A08C3DC6E0BB94EFDBF.e.21049"}]}
COMMAND: GET /session/db7e74ddcaedfecfca9d83c19254142b/screenshot - {}
RESULT: {}
]]></system-out>
    </testcase>
    <testcase classname="chrome.136_0_7103_93.windows.Return_from_Site_w/_warehouse_management_w_clarification" name="Should add equipment to the contract" time="58.235">
      <system-out><![CDATA[
COMMAND: POST /session/db7e74ddcaedfecfca9d83c19254142b/element - {"using":"xpath","value":"//button[@data-kt=\"contractDetailEditBtnButton\"]"}
RESULT: {"using":"xpath","value":"//button[@data-kt=\"contractDetailEditBtnButton\"]"}
COMMAND: POST /session/db7e74ddcaedfecfca9d83c19254142b/element/f.624D7720A2383BCF46C1895FE70984DD.d.4578847ABE4C0A08C3DC6E0BB94EFDBF.e.21051/click - {}
RESULT: {}
COMMAND: GET /session/db7e74ddcaedfecfca9d83c19254142b/screenshot - {}
RESULT: {}
COMMAND: POST /session/db7e74ddcaedfecfca9d83c19254142b/element - {"using":"xpath","value":"(//span[contains(text(), \"Additional Addresses\")])[2]"}
RESULT: {"using":"xpath","value":"(//span[contains(text(), \"Additional Addresses\")])[2]"}
COMMAND: POST /session/db7e74ddcaedfecfca9d83c19254142b/element/f.624D7720A2383BCF46C1895FE70984DD.d.4578847ABE4C0A08C3DC6E0BB94EFDBF.e.21108/click - {}
RESULT: {}
COMMAND: GET /session/db7e74ddcaedfecfca9d83c19254142b/screenshot - {}
RESULT: {}
COMMAND: POST /session/db7e74ddcaedfecfca9d83c19254142b/element - {"using":"xpath","value":"//button[@data-kt=\"btnAddTableRowOverflowToolbarButton\"]"}
RESULT: {"using":"xpath","value":"//button[@data-kt=\"btnAddTableRowOverflowToolbarButton\"]"}
COMMAND: POST /session/db7e74ddcaedfecfca9d83c19254142b/element/f.624D7720A2383BCF46C1895FE70984DD.d.4578847ABE4C0A08C3DC6E0BB94EFDBF.e.21110/click - {}
RESULT: {}
COMMAND: GET /session/db7e74ddcaedfecfca9d83c19254142b/screenshot - {}
RESULT: {}
COMMAND: POST /session/db7e74ddcaedfecfca9d83c19254142b/element - {"using":"xpath","value":"//div[(text() = 'Standard Entry' or . = 'Standard Entry')]"}
RESULT: {"using":"xpath","value":"//div[(text() = 'Standard Entry' or . = 'Standard Entry')]"}
COMMAND: POST /session/db7e74ddcaedfecfca9d83c19254142b/element/f.624D7720A2383BCF46C1895FE70984DD.d.4578847ABE4C0A08C3DC6E0BB94EFDBF.e.21112/click - {}
RESULT: {}
COMMAND: GET /session/db7e74ddcaedfecfca9d83c19254142b/screenshot - {}
RESULT: {}
COMMAND: POST /session/db7e74ddcaedfecfca9d83c19254142b/element - {"using":"xpath","value":"//td[6]/div/div/div/span"}
RESULT: {"using":"xpath","value":"//td[6]/div/div/div/span"}
COMMAND: POST /session/db7e74ddcaedfecfca9d83c19254142b/element/f.624D7720A2383BCF46C1895FE70984DD.d.4578847ABE4C0A08C3DC6E0BB94EFDBF.e.21124/click - {}
RESULT: {}
COMMAND: GET /session/db7e74ddcaedfecfca9d83c19254142b/screenshot - {}
RESULT: {}
COMMAND: POST /session/db7e74ddcaedfecfca9d83c19254142b/element - {"using":"xpath","value":"(//span[contains(text(), \"Material\")])"}
RESULT: {"using":"xpath","value":"(//span[contains(text(), \"Material\")])"}
COMMAND: POST /session/db7e74ddcaedfecfca9d83c19254142b/element/f.624D7720A2383BCF46C1895FE70984DD.d.4578847ABE4C0A08C3DC6E0BB94EFDBF.e.21125/click - {}
RESULT: {}
COMMAND: GET /session/db7e74ddcaedfecfca9d83c19254142b/screenshot - {}
RESULT: {}
COMMAND: POST /session/db7e74ddcaedfecfca9d83c19254142b/element - {"using":"xpath","value":"//td[7]/div/div/input"}
RESULT: {"using":"xpath","value":"//td[7]/div/div/input"}
COMMAND: POST /session/db7e74ddcaedfecfca9d83c19254142b/element/f.624D7720A2383BCF46C1895FE70984DD.d.4578847ABE4C0A08C3DC6E0BB94EFDBF.e.21129/clear - {}
RESULT: {}
COMMAND: POST /session/db7e74ddcaedfecfca9d83c19254142b/element/f.624D7720A2383BCF46C1895FE70984DD.d.4578847ABE4C0A08C3DC6E0BB94EFDBF.e.21129/value - {"text":"200188"}
COMMAND: GET /session/db7e74ddcaedfecfca9d83c19254142b/screenshot - {}
RESULT: {"text":"200188"}
COMMAND: GET /session/db7e74ddcaedfecfca9d83c19254142b/screenshot - {}
RESULT: {}
RESULT: {}
COMMAND: POST /session/db7e74ddcaedfecfca9d83c19254142b/actions - {"actions":[{"id":"action64","type":"key","parameters":{},"actions":[{"type":"keyDown","value":""},{"type":"pause","duration":10},{"type":"keyUp","value":""}]}]}
RESULT: {"actions":[{"id":"action64","type":"key","parameters":{},"actions":[{"type":"keyDown","value":""},{"type":"pause","duration":10},{"type":"keyUp","value":""}]}]}
COMMAND: GET /session/db7e74ddcaedfecfca9d83c19254142b/screenshot - {}
RESULT: {}
COMMAND: POST /session/db7e74ddcaedfecfca9d83c19254142b/execute/sync - {"script":"<script> [276 bytes]","args":["No pricing information was found"]}
RESULT: {"script":"<script> [276 bytes]","args":["No pricing information was found"]}
COMMAND: POST /session/db7e74ddcaedfecfca9d83c19254142b/element - {"using":"xpath","value":"//bdi[contains(text(), \"OK\")]"}
COMMAND: GET /session/db7e74ddcaedfecfca9d83c19254142b/screenshot - {}
RESULT: {"using":"xpath","value":"//bdi[contains(text(), \"OK\")]"}
COMMAND: POST /session/db7e74ddcaedfecfca9d83c19254142b/element/f.624D7720A2383BCF46C1895FE70984DD.d.4578847ABE4C0A08C3DC6E0BB94EFDBF.e.21155/click - {}
RESULT: {}
RESULT: {}
COMMAND: GET /session/db7e74ddcaedfecfca9d83c19254142b/screenshot - {}
RESULT: {}
COMMAND: POST /session/db7e74ddcaedfecfca9d83c19254142b/element - {"using":"xpath","value":"(//button[@data-kt=\"saveButton\"])[2]"}
RESULT: {"using":"xpath","value":"(//button[@data-kt=\"saveButton\"])[2]"}
COMMAND: POST /session/db7e74ddcaedfecfca9d83c19254142b/element/f.624D7720A2383BCF46C1895FE70984DD.d.4578847ABE4C0A08C3DC6E0BB94EFDBF.e.21156/click - {}
RESULT: {}
COMMAND: GET /session/db7e74ddcaedfecfca9d83c19254142b/screenshot - {}
RESULT: {}
COMMAND: POST /session/db7e74ddcaedfecfca9d83c19254142b/execute/sync - {"script":"<script> [276 bytes]","args":["Some contract items are having rental validity exceeding header rental validity"]}
RESULT: {"script":"<script> [276 bytes]","args":["Some contract items are having rental validity exceeding header rental validity"]}
COMMAND: GET /session/db7e74ddcaedfecfca9d83c19254142b/screenshot - {}
RESULT: {}
COMMAND: POST /session/db7e74ddcaedfecfca9d83c19254142b/element - {"using":"xpath","value":"//span[contains(@id ,\"contractItemsSmartTable-header-inner\")]"}
RESULT: {"using":"xpath","value":"//span[contains(@id ,\"contractItemsSmartTable-header-inner\")]"}
COMMAND: POST /session/db7e74ddcaedfecfca9d83c19254142b/elements - {"using":"xpath","value":"//span[contains(@id ,\"contractItemsSmartTable-header-inner\")]"}
RESULT: {"using":"xpath","value":"//span[contains(@id ,\"contractItemsSmartTable-header-inner\")]"}
COMMAND: POST /session/db7e74ddcaedfecfca9d83c19254142b/execute/sync - {"script":"<script> [56 bytes]","args":[{"element-6066-11e4-a52e-4f735466cecf":"f.624D7720A2383BCF46C1895FE70984DD.d.4578847ABE4C0A08C3DC6E0BB94EFDBF.e.21160","ELEMENT":"f.624D7720A2383BCF46C1895FE70984DD.d.4578847ABE4C0A08C3DC6E0BB94EFDBF.e.21160"}]}
RESULT: {"script":"<script> [56 bytes]","args":[{"element-6066-11e4-a52e-4f735466cecf":"f.624D7720A2383BCF46C1895FE70984DD.d.4578847ABE4C0A08C3DC6E0BB94EFDBF.e.21160","ELEMENT":"f.624D7720A2383BCF46C1895FE70984DD.d.4578847ABE4C0A08C3DC6E0BB94EFDBF.e.21160"}]}
COMMAND: GET /session/db7e74ddcaedfecfca9d83c19254142b/screenshot - {}
]]></system-out>
    </testcase>
    <testcase classname="chrome.136_0_7103_93.windows.Return_from_Site_w/_warehouse_management_w_clarification" name="Should provide to site" time="47.127">
      <system-out><![CDATA[
COMMAND: POST /session/db7e74ddcaedfecfca9d83c19254142b/element - {"using":"xpath","value":"//button[@data-kt=\"provideButton\"]"}
RESULT: {"using":"xpath","value":"//button[@data-kt=\"provideButton\"]"}
COMMAND: POST /session/db7e74ddcaedfecfca9d83c19254142b/element/f.624D7720A2383BCF46C1895FE70984DD.d.4578847ABE4C0A08C3DC6E0BB94EFDBF.e.21161/click - {}
RESULT: {}
RESULT: {}
COMMAND: GET /session/db7e74ddcaedfecfca9d83c19254142b/screenshot - {}
RESULT: {}
RESULT: undefined
COMMAND: POST /session/db7e74ddcaedfecfca9d83c19254142b/execute/async - {"script":"<script> [6424 bytes]","args":[{"element-6066-11e4-a52e-4f735466cecf":"f.624D7720A2383BCF46C1895FE70984DD.d.4578847ABE4C0A08C3DC6E0BB94EFDBF.e.20170"},"setValue",["05/26/25"]]}
COMMAND: POST /session/db7e74ddcaedfecfca9d83c19254142b/execute/async - {"script":"<script> [1562 bytes]","args":[{"selector":{"id":"application-managehandovers-display-component---AddNewHO--dueDate","interaction":{"idSuffix":"inner"}},"wdio_ui5_key":"applicationmanagehandovers-display-component---AddNewHO--dueDate"}]}
RESULT: {"script":"<script> [1562 bytes]","args":[{"selector":{"id":"application-managehandovers-display-component---AddNewHO--dueDate","interaction":{"idSuffix":"inner"}},"wdio_ui5_key":"applicationmanagehandovers-display-component---AddNewHO--dueDate"}]}
COMMAND: POST /session/db7e74ddcaedfecfca9d83c19254142b/execute/async - {"script":"<script> [6424 bytes]","args":[{"element-6066-11e4-a52e-4f735466cecf":"f.624D7720A2383BCF46C1895FE70984DD.d.4578847ABE4C0A08C3DC6E0BB94EFDBF.e.21218"},"setValue",["05/26/25"]]}
RESULT: {"script":"<script> [6424 bytes]","args":[{"element-6066-11e4-a52e-4f735466cecf":"f.624D7720A2383BCF46C1895FE70984DD.d.4578847ABE4C0A08C3DC6E0BB94EFDBF.e.21218"},"setValue",["05/26/25"]]}
COMMAND: POST /session/db7e74ddcaedfecfca9d83c19254142b/element - {"using":"xpath","value":"//bdi[contains(text(), \"Instructions\")]"}
RESULT: {"using":"xpath","value":"//bdi[contains(text(), \"Instructions\")]"}
COMMAND: POST /session/db7e74ddcaedfecfca9d83c19254142b/element/f.624D7720A2383BCF46C1895FE70984DD.d.4578847ABE4C0A08C3DC6E0BB94EFDBF.e.21473/click - {}
RESULT: {}
COMMAND: GET /session/db7e74ddcaedfecfca9d83c19254142b/screenshot - {}
RESULT: {}
COMMAND: POST /session/db7e74ddcaedfecfca9d83c19254142b/element - {"using":"xpath","value":"//button[@data-kt=\"AddNewHOProvideAddItemsButton\"]"}
RESULT: {"using":"xpath","value":"//button[@data-kt=\"AddNewHOProvideAddItemsButton\"]"}
COMMAND: POST /session/db7e74ddcaedfecfca9d83c19254142b/element/f.624D7720A2383BCF46C1895FE70984DD.d.4578847ABE4C0A08C3DC6E0BB94EFDBF.e.21477/click - {}
RESULT: {}
COMMAND: GET /session/db7e74ddcaedfecfca9d83c19254142b/screenshot - {}
RESULT: {}
RESULT: undefined
COMMAND: POST /session/db7e74ddcaedfecfca9d83c19254142b/element - {"using":"xpath","value":"//*[@id=\"application-managehandovers-display-component---AddNewHO--popup-sa\"]"}
RESULT: {"using":"xpath","value":"//*[@id=\"application-managehandovers-display-component---AddNewHO--popup-sa\"]"}
COMMAND: POST /session/db7e74ddcaedfecfca9d83c19254142b/element/f.624D7720A2383BCF46C1895FE70984DD.d.4578847ABE4C0A08C3DC6E0BB94EFDBF.e.21486/click - {}
RESULT: {}
COMMAND: GET /session/db7e74ddcaedfecfca9d83c19254142b/screenshot - {}
RESULT: {}
COMMAND: POST /session/db7e74ddcaedfecfca9d83c19254142b/element - {"using":"xpath","value":"//*[contains(@id ,\"BDI-content\")][contains(text(), \"Select\")]"}
RESULT: {"using":"xpath","value":"//*[contains(@id ,\"BDI-content\")][contains(text(), \"Select\")]"}
COMMAND: POST /session/db7e74ddcaedfecfca9d83c19254142b/element/f.624D7720A2383BCF46C1895FE70984DD.d.4578847ABE4C0A08C3DC6E0BB94EFDBF.e.21488/click - {}
RESULT: {}
COMMAND: GET /session/db7e74ddcaedfecfca9d83c19254142b/screenshot - {}
RESULT: {}
COMMAND: POST /session/db7e74ddcaedfecfca9d83c19254142b/element - {"using":"xpath","value":"//bdi[(text() = 'Save' or . = 'Save')]"}
RESULT: {"using":"xpath","value":"//bdi[(text() = 'Save' or . = 'Save')]"}
COMMAND: POST /session/db7e74ddcaedfecfca9d83c19254142b/element/f.624D7720A2383BCF46C1895FE70984DD.d.4578847ABE4C0A08C3DC6E0BB94EFDBF.e.21496/click - {}
RESULT: {}
COMMAND: GET /session/db7e74ddcaedfecfca9d83c19254142b/screenshot - {}
RESULT: {}
]]></system-out>
    </testcase>
    <testcase classname="chrome.136_0_7103_93.windows.Return_from_Site_w/_warehouse_management_w_clarification" name="Should test for Handover Execution" time="169.037">
      <system-out><![CDATA[
COMMAND: POST /session/db7e74ddcaedfecfca9d83c19254142b/execute/async - {"script":"<script> [1562 bytes]","args":[{"selector":{"controlType":"sap.m.Link","viewName":"etm.portal.ui.managehandovers.view.DetailExecuteHO","bindingPath":{"path":"","propertyPath":"/wmDoc","modelName":"warehouseMovModel"}},"wdio_ui5_key":"etmportal.ui.managehandovers.view.DetailExecuteHOsap.m.Link{\"path\":\"\",\"propertyPath\":\"/wmDoc\",\"modelName\":\"warehouseMovModel\"}"}]}
RESULT: {"script":"<script> [1562 bytes]","args":[{"selector":{"controlType":"sap.m.Link","viewName":"etm.portal.ui.managehandovers.view.DetailExecuteHO","bindingPath":{"path":"","propertyPath":"/wmDoc","modelName":"warehouseMovModel"}},"wdio_ui5_key":"etmportal.ui.managehandovers.view.DetailExecuteHOsap.m.Link{\"path\":\"\",\"propertyPath\":\"/wmDoc\",\"modelName\":\"warehouseMovModel\"}"}]}
RESULT: undefined
COMMAND: POST /session/db7e74ddcaedfecfca9d83c19254142b/element - {"using":"xpath","value":"//*[@id=\"__link82\"]"}
RESULT: {"using":"xpath","value":"//*[@id=\"__link82\"]"}
COMMAND: POST /session/db7e74ddcaedfecfca9d83c19254142b/element/f.624D7720A2383BCF46C1895FE70984DD.d.4578847ABE4C0A08C3DC6E0BB94EFDBF.e.21527/click - {}
RESULT: {}
COMMAND: GET /session/db7e74ddcaedfecfca9d83c19254142b/screenshot - {}
RESULT: {}
COMMAND: POST /session/db7e74ddcaedfecfca9d83c19254142b/execute/async - {"script":"<script> [1562 bytes]","args":[{"selector":{"controlType":"sap.m.Link","viewName":"etm.portal.ui.managehandovers.view.DetailExecuteHO","properties":{"text":"Warehouse Overview"},"searchOpenDialogs":true},"wdio_ui5_key":"etmportal.ui.managehandovers.view.DetailExecuteHOsap.m.Link{\"text\":\"Warehouse Overview\"}"}]}
RESULT: {"script":"<script> [1562 bytes]","args":[{"selector":{"controlType":"sap.m.Link","viewName":"etm.portal.ui.managehandovers.view.DetailExecuteHO","properties":{"text":"Warehouse Overview"},"searchOpenDialogs":true},"wdio_ui5_key":"etmportal.ui.managehandovers.view.DetailExecuteHOsap.m.Link{\"text\":\"Warehouse Overview\"}"}]}
RESULT: undefined
COMMAND: POST /session/db7e74ddcaedfecfca9d83c19254142b/element - {"using":"xpath","value":"//*[@id=\"__link98\"]"}
RESULT: {"using":"xpath","value":"//*[@id=\"__link98\"]"}
COMMAND: POST /session/db7e74ddcaedfecfca9d83c19254142b/element/f.624D7720A2383BCF46C1895FE70984DD.d.4578847ABE4C0A08C3DC6E0BB94EFDBF.e.21529/click - {}
RESULT: {}
COMMAND: GET /session/db7e74ddcaedfecfca9d83c19254142b/screenshot - {}
COMMAND: POST /session/db7e74ddcaedfecfca9d83c19254142b/execute/async - {"script":"<script> [1562 bytes]","args":[{"selector":{"controlType":"sap.m.Button","viewName":"etm.portal.ui.warehousemovements.view.DisplayMovement","viewId":"application-warehousemovements-display-component---displayMovement","i18NText":{"propertyName":"text","key":"execution"},"interaction":{"idSuffix":"BDI-content"}},"wdio_ui5_key":"etmportal.ui.warehousemovements.view.DisplayMovementsap.m.Button{\"propertyName\":\"text\",\"key\":\"execution\"}"}]}
RESULT: {}
RESULT: {"script":"<script> [1562 bytes]","args":[{"selector":{"controlType":"sap.m.Button","viewName":"etm.portal.ui.warehousemovements.view.DisplayMovement","viewId":"application-warehousemovements-display-component---displayMovement","i18NText":{"propertyName":"text","key":"execution"},"interaction":{"idSuffix":"BDI-content"}},"wdio_ui5_key":"etmportal.ui.warehousemovements.view.DisplayMovementsap.m.Button{\"propertyName\":\"text\",\"key\":\"execution\"}"}]}
RESULT: undefined
COMMAND: POST /session/db7e74ddcaedfecfca9d83c19254142b/element - {"using":"xpath","value":"//*[@id=\"__button247\"]"}
RESULT: {"using":"xpath","value":"//*[@id=\"__button247\"]"}
COMMAND: POST /session/db7e74ddcaedfecfca9d83c19254142b/element/f.624D7720A2383BCF46C1895FE70984DD.d.4578847ABE4C0A08C3DC6E0BB94EFDBF.e.21645/click - {}
RESULT: {}
COMMAND: GET /session/db7e74ddcaedfecfca9d83c19254142b/screenshot - {}
RESULT: {}
COMMAND: POST /session/db7e74ddcaedfecfca9d83c19254142b/execute/async - {"script":"<script> [1562 bytes]","args":[{"selector":{"controlType":"sap.m.Button","viewName":"etm.portal.ui.warehousemovements.view.ExecuteMovement","viewId":"application-warehousemovements-display-component---executeMovement","properties":{"text":"Items"},"interaction":{"idSuffix":"BDI-content"}},"wdio_ui5_key":"etmportal.ui.warehousemovements.view.ExecuteMovementsap.m.Button{\"text\":\"Items\"}"}]}
RESULT: {"script":"<script> [1562 bytes]","args":[{"selector":{"controlType":"sap.m.Button","viewName":"etm.portal.ui.warehousemovements.view.ExecuteMovement","viewId":"application-warehousemovements-display-component---executeMovement","properties":{"text":"Items"},"interaction":{"idSuffix":"BDI-content"}},"wdio_ui5_key":"etmportal.ui.warehousemovements.view.ExecuteMovementsap.m.Button{\"text\":\"Items\"}"}]}
RESULT: undefined
COMMAND: POST /session/db7e74ddcaedfecfca9d83c19254142b/element - {"using":"xpath","value":"//*[@id=\"__layout379-anchBar-application-warehousemovements-display-component---executeMovement--itemsSection-anchor\"]"}
RESULT: {"using":"xpath","value":"//*[@id=\"__layout379-anchBar-application-warehousemovements-display-component---executeMovement--itemsSection-anchor\"]"}
COMMAND: POST /session/db7e74ddcaedfecfca9d83c19254142b/element/f.624D7720A2383BCF46C1895FE70984DD.d.4578847ABE4C0A08C3DC6E0BB94EFDBF.e.21744/click - {}
RESULT: {}
COMMAND: GET /session/db7e74ddcaedfecfca9d83c19254142b/screenshot - {}
RESULT: {}
COMMAND: POST /session/db7e74ddcaedfecfca9d83c19254142b/execute/async - {"script":"<script> [1562 bytes]","args":[{"selector":{"controlType":"sap.m.ToggleButton","viewName":"etm.portal.ui.warehousemovements.view.ExecuteMovement","viewId":"application-warehousemovements-display-component---executeMovement","bindingPath":{"propertyPath":"STATUS","modelName":"catalogModel"},"interaction":{"idSuffix":"BDI-content"}},"wdio_ui5_key":"etmportal.ui.warehousemovements.view.ExecuteMovementsap.m.ToggleButton{\"propertyPath\":\"STATUS\",\"modelName\":\"catalogModel\"}"}]}
RESULT: {"script":"<script> [1562 bytes]","args":[{"selector":{"controlType":"sap.m.ToggleButton","viewName":"etm.portal.ui.warehousemovements.view.ExecuteMovement","viewId":"application-warehousemovements-display-component---executeMovement","bindingPath":{"propertyPath":"STATUS","modelName":"catalogModel"},"interaction":{"idSuffix":"BDI-content"}},"wdio_ui5_key":"etmportal.ui.warehousemovements.view.ExecuteMovementsap.m.ToggleButton{\"propertyPath\":\"STATUS\",\"modelName\":\"catalogModel\"}"}]}
RESULT: undefined
COMMAND: POST /session/db7e74ddcaedfecfca9d83c19254142b/element - {"using":"xpath","value":"//*[@id=\"__button272-__clone2709\"]"}
RESULT: {"using":"xpath","value":"//*[@id=\"__button272-__clone2709\"]"}
COMMAND: POST /session/db7e74ddcaedfecfca9d83c19254142b/element/f.624D7720A2383BCF46C1895FE70984DD.d.4578847ABE4C0A08C3DC6E0BB94EFDBF.e.21750/click - {}
RESULT: {}
RESULT: undefined
COMMAND: POST /session/db7e74ddcaedfecfca9d83c19254142b/element - {"using":"xpath","value":"//*[@id=\"__button272-__clone2709\"]"}
COMMAND: GET /session/db7e74ddcaedfecfca9d83c19254142b/screenshot - {}
RESULT: {"using":"xpath","value":"//*[@id=\"__button272-__clone2709\"]"}
COMMAND: POST /session/db7e74ddcaedfecfca9d83c19254142b/element/f.624D7720A2383BCF46C1895FE70984DD.d.4578847ABE4C0A08C3DC6E0BB94EFDBF.e.21750/click - {}
RESULT: {}
RESULT: {}
COMMAND: GET /session/db7e74ddcaedfecfca9d83c19254142b/screenshot - {}
RESULT: {}
COMMAND: POST /session/db7e74ddcaedfecfca9d83c19254142b/element - {"using":"xpath","value":"//section[contains(@id,\"FC-NoHead\")]/div[1]/div[5]/div[2]/span"}
RESULT: {"using":"xpath","value":"//section[contains(@id,\"FC-NoHead\")]/div[1]/div[5]/div[2]/span"}
COMMAND: POST /session/db7e74ddcaedfecfca9d83c19254142b/elements - {"using":"xpath","value":"//section[contains(@id,\"FC-NoHead\")]/div[1]/div[5]/div[2]/span"}
RESULT: {"using":"xpath","value":"//section[contains(@id,\"FC-NoHead\")]/div[1]/div[5]/div[2]/span"}
COMMAND: POST /session/db7e74ddcaedfecfca9d83c19254142b/execute/sync - {"script":"<script> [56 bytes]","args":[{"element-6066-11e4-a52e-4f735466cecf":"f.624D7720A2383BCF46C1895FE70984DD.d.4578847ABE4C0A08C3DC6E0BB94EFDBF.e.21752","ELEMENT":"f.624D7720A2383BCF46C1895FE70984DD.d.4578847ABE4C0A08C3DC6E0BB94EFDBF.e.21752"}]}
RESULT: {"script":"<script> [56 bytes]","args":[{"element-6066-11e4-a52e-4f735466cecf":"f.624D7720A2383BCF46C1895FE70984DD.d.4578847ABE4C0A08C3DC6E0BB94EFDBF.e.21752","ELEMENT":"f.624D7720A2383BCF46C1895FE70984DD.d.4578847ABE4C0A08C3DC6E0BB94EFDBF.e.21752"}]}
COMMAND: POST /session/db7e74ddcaedfecfca9d83c19254142b/actions - {"actions":[{"id":"action65","type":"key","parameters":{},"actions":[{"type":"keyDown","value":""},{"type":"pause","duration":10},{"type":"keyUp","value":""}]}]}
COMMAND: GET /session/db7e74ddcaedfecfca9d83c19254142b/screenshot - {}
RESULT: {"actions":[{"id":"action65","type":"key","parameters":{},"actions":[{"type":"keyDown","value":""},{"type":"pause","duration":10},{"type":"keyUp","value":""}]}]}
COMMAND: POST /session/db7e74ddcaedfecfca9d83c19254142b/execute/async - {"script":"<script> [1562 bytes]","args":[{"selector":{"id":"application-warehousemovements-display-component---executeMovement--executeId","interaction":{"idSuffix":"BDI-content"}},"wdio_ui5_key":"applicationwarehousemovements-display-component---executeMovement--executeId"}]}
COMMAND: GET /session/db7e74ddcaedfecfca9d83c19254142b/screenshot - {}
RESULT: {}
RESULT: {"script":"<script> [1562 bytes]","args":[{"selector":{"id":"application-warehousemovements-display-component---executeMovement--executeId","interaction":{"idSuffix":"BDI-content"}},"wdio_ui5_key":"applicationwarehousemovements-display-component---executeMovement--executeId"}]}
RESULT: undefined
COMMAND: POST /session/db7e74ddcaedfecfca9d83c19254142b/element - {"using":"xpath","value":"//*[@id=\"application-warehousemovements-display-component---executeMovement--executeId\"]"}
RESULT: {}
RESULT: {"using":"xpath","value":"//*[@id=\"application-warehousemovements-display-component---executeMovement--executeId\"]"}
COMMAND: POST /session/db7e74ddcaedfecfca9d83c19254142b/element/f.624D7720A2383BCF46C1895FE70984DD.d.4578847ABE4C0A08C3DC6E0BB94EFDBF.e.21737/click - {}
RESULT: {}
COMMAND: GET /session/db7e74ddcaedfecfca9d83c19254142b/screenshot - {}
RESULT: {}
COMMAND: POST /session/db7e74ddcaedfecfca9d83c19254142b/element - {"using":"css selector","value":"#shell-header-logo"}
RESULT: {"using":"css selector","value":"#shell-header-logo"}
COMMAND: POST /session/db7e74ddcaedfecfca9d83c19254142b/element/f.624D7720A2383BCF46C1895FE70984DD.d.4578847ABE4C0A08C3DC6E0BB94EFDBF.e.20581/click - {}
RESULT: {}
COMMAND: GET /session/db7e74ddcaedfecfca9d83c19254142b/screenshot - {}
RESULT: {}
RESULT: undefined
COMMAND: POST /session/db7e74ddcaedfecfca9d83c19254142b/element - {"using":"xpath","value":"//*[@id=\"__tile132\"]"}
RESULT: {"using":"xpath","value":"//*[@id=\"__tile132\"]"}
COMMAND: POST /session/db7e74ddcaedfecfca9d83c19254142b/element/f.624D7720A2383BCF46C1895FE70984DD.d.4578847ABE4C0A08C3DC6E0BB94EFDBF.e.19147/click - {}
RESULT: {}
COMMAND: GET /session/db7e74ddcaedfecfca9d83c19254142b/screenshot - {}
RESULT: {}
COMMAND: POST /session/db7e74ddcaedfecfca9d83c19254142b/elements - {"using":"xpath","value":"//span[text()='Error']"}
RESULT: {"using":"xpath","value":"//span[text()='Error']"}
COMMAND: POST /session/db7e74ddcaedfecfca9d83c19254142b/execute/async - {"script":"<script> [1562 bytes]","args":[{"selector":{"controlType":"sap.m.SearchField","viewName":"etm.portal.ui.managehandovers.view.MasterHO","bindingPath":{"propertyPath":"/_BASIC_SEARCH_FIELD","modelName":"fi1t3rM0d31"},"interaction":{"idSuffix":"I"}},"wdio_ui5_key":"etmportal.ui.managehandovers.view.MasterHOsap.m.SearchField{\"propertyPath\":\"/_BASIC_SEARCH_FIELD\",\"modelName\":\"fi1t3rM0d31\"}"}]}
RESULT: {"script":"<script> [1562 bytes]","args":[{"selector":{"controlType":"sap.m.SearchField","viewName":"etm.portal.ui.managehandovers.view.MasterHO","bindingPath":{"propertyPath":"/_BASIC_SEARCH_FIELD","modelName":"fi1t3rM0d31"},"interaction":{"idSuffix":"I"}},"wdio_ui5_key":"etmportal.ui.managehandovers.view.MasterHOsap.m.SearchField{\"propertyPath\":\"/_BASIC_SEARCH_FIELD\",\"modelName\":\"fi1t3rM0d31\"}"}]}
RESULT: undefined
COMMAND: POST /session/db7e74ddcaedfecfca9d83c19254142b/execute/async - {"script":"<script> [776 bytes]","args":[{"enterText":"30593","selector":{"controlType":"sap.m.SearchField","viewName":"etm.portal.ui.managehandovers.view.MasterHO","bindingPath":{"propertyPath":"/_BASIC_SEARCH_FIELD","modelName":"fi1t3rM0d31"},"interaction":{"idSuffix":"I"}},"clearTextFirst":true,"interactionType":"ENTER_TEXT"}]}
RESULT: {"script":"<script> [776 bytes]","args":[{"enterText":"30593","selector":{"controlType":"sap.m.SearchField","viewName":"etm.portal.ui.managehandovers.view.MasterHO","bindingPath":{"propertyPath":"/_BASIC_SEARCH_FIELD","modelName":"fi1t3rM0d31"},"interaction":{"idSuffix":"I"}},"clearTextFirst":true,"interactionType":"ENTER_TEXT"}]}
COMMAND: POST /session/db7e74ddcaedfecfca9d83c19254142b/actions - {"actions":[{"id":"action66","type":"key","parameters":{},"actions":[{"type":"keyDown","value":""},{"type":"pause","duration":10},{"type":"keyUp","value":""}]}]}
RESULT: {"actions":[{"id":"action66","type":"key","parameters":{},"actions":[{"type":"keyDown","value":""},{"type":"pause","duration":10},{"type":"keyUp","value":""}]}]}
COMMAND: GET /session/db7e74ddcaedfecfca9d83c19254142b/screenshot - {}
RESULT: {}
COMMAND: POST /session/db7e74ddcaedfecfca9d83c19254142b/execute/async - {"script":"<script> [1562 bytes]","args":[{"selector":{"controlType":"sap.ui.core.Icon","viewName":"etm.portal.ui.managehandovers.view.MasterHO","properties":{"src":{"regex":{"source":"slim\\-arrow\\-right"}}}},"wdio_ui5_key":"etmportal.ui.managehandovers.view.MasterHOsap.ui.core.Icon{\"src\":{\"regex\":{\"source\":\"slim\\\\-arrow\\\\-right\"}}}"}]}
RESULT: {"script":"<script> [1562 bytes]","args":[{"selector":{"controlType":"sap.ui.core.Icon","viewName":"etm.portal.ui.managehandovers.view.MasterHO","properties":{"src":{"regex":{"source":"slim\\-arrow\\-right"}}}},"wdio_ui5_key":"etmportal.ui.managehandovers.view.MasterHOsap.ui.core.Icon{\"src\":{\"regex\":{\"source\":\"slim\\\\-arrow\\\\-right\"}}}"}]}
RESULT: undefined
COMMAND: POST /session/db7e74ddcaedfecfca9d83c19254142b/element - {"using":"xpath","value":"//*[@id=\"__item1426-__clone2788-imgNav\"]"}
RESULT: {"using":"xpath","value":"//*[@id=\"__item1426-__clone2788-imgNav\"]"}
COMMAND: POST /session/db7e74ddcaedfecfca9d83c19254142b/element/f.624D7720A2383BCF46C1895FE70984DD.d.4578847ABE4C0A08C3DC6E0BB94EFDBF.e.22074/click - {}
RESULT: {}
COMMAND: GET /session/db7e74ddcaedfecfca9d83c19254142b/screenshot - {}
RESULT: {}
COMMAND: POST /session/db7e74ddcaedfecfca9d83c19254142b/element - {"using":"xpath","value":"//button[@data-kt=\"IssuingTableConfirmAllButton\"]"}
RESULT: {"using":"xpath","value":"//button[@data-kt=\"IssuingTableConfirmAllButton\"]"}
COMMAND: POST /session/db7e74ddcaedfecfca9d83c19254142b/element/f.624D7720A2383BCF46C1895FE70984DD.d.4578847ABE4C0A08C3DC6E0BB94EFDBF.e.22167/click - {}
RESULT: {}
COMMAND: GET /session/db7e74ddcaedfecfca9d83c19254142b/screenshot - {}
RESULT: {}
COMMAND: POST /session/db7e74ddcaedfecfca9d83c19254142b/element - {"using":"xpath","value":"//bdi[contains(text(), \"OK\")]"}
RESULT: {"using":"xpath","value":"//bdi[contains(text(), \"OK\")]"}
COMMAND: POST /session/db7e74ddcaedfecfca9d83c19254142b/element/f.624D7720A2383BCF46C1895FE70984DD.d.4578847ABE4C0A08C3DC6E0BB94EFDBF.e.22173/click - {}
RESULT: {}
COMMAND: GET /session/db7e74ddcaedfecfca9d83c19254142b/screenshot - {}
RESULT: {}
COMMAND: POST /session/db7e74ddcaedfecfca9d83c19254142b/element - {"using":"xpath","value":"//button[@data-kt=\"execHoIssueButton\"]"}
RESULT: {"using":"xpath","value":"//button[@data-kt=\"execHoIssueButton\"]"}
COMMAND: POST /session/db7e74ddcaedfecfca9d83c19254142b/element/f.624D7720A2383BCF46C1895FE70984DD.d.4578847ABE4C0A08C3DC6E0BB94EFDBF.e.22175/click - {}
RESULT: {}
COMMAND: GET /session/db7e74ddcaedfecfca9d83c19254142b/screenshot - {}
RESULT: {}
RESULT: undefined
COMMAND: POST /session/db7e74ddcaedfecfca9d83c19254142b/execute/async - {"script":"<script> [776 bytes]","args":[{"enterText":"30593","selector":{"controlType":"sap.m.SearchField","viewName":"etm.portal.ui.managehandovers.view.MasterHO","bindingPath":{"propertyPath":"/_BASIC_SEARCH_FIELD","modelName":"fi1t3rM0d31"},"interaction":{"idSuffix":"I"}},"clearTextFirst":true,"interactionType":"ENTER_TEXT"}]}
RESULT: {"script":"<script> [776 bytes]","args":[{"enterText":"30593","selector":{"controlType":"sap.m.SearchField","viewName":"etm.portal.ui.managehandovers.view.MasterHO","bindingPath":{"propertyPath":"/_BASIC_SEARCH_FIELD","modelName":"fi1t3rM0d31"},"interaction":{"idSuffix":"I"}},"clearTextFirst":true,"interactionType":"ENTER_TEXT"}]}
COMMAND: POST /session/db7e74ddcaedfecfca9d83c19254142b/actions - {"actions":[{"id":"action67","type":"key","parameters":{},"actions":[{"type":"keyDown","value":""},{"type":"pause","duration":10},{"type":"keyUp","value":""}]}]}
RESULT: {"actions":[{"id":"action67","type":"key","parameters":{},"actions":[{"type":"keyDown","value":""},{"type":"pause","duration":10},{"type":"keyUp","value":""}]}]}
COMMAND: GET /session/db7e74ddcaedfecfca9d83c19254142b/screenshot - {}
RESULT: {}
COMMAND: POST /session/db7e74ddcaedfecfca9d83c19254142b/element - {"using":"xpath","value":"//span[(text() = '30593' or . = '30593')]"}
RESULT: {"using":"xpath","value":"//span[(text() = '30593' or . = '30593')]"}
COMMAND: POST /session/db7e74ddcaedfecfca9d83c19254142b/element/f.624D7720A2383BCF46C1895FE70984DD.d.4578847ABE4C0A08C3DC6E0BB94EFDBF.e.22221/click - {}
RESULT: {}
COMMAND: GET /session/db7e74ddcaedfecfca9d83c19254142b/screenshot - {}
RESULT: {}
COMMAND: POST /session/db7e74ddcaedfecfca9d83c19254142b/element - {"using":"xpath","value":"//span[contains(text(), \"Instructions\")]"}
RESULT: {"using":"xpath","value":"//span[contains(text(), \"Instructions\")]"}
COMMAND: POST /session/db7e74ddcaedfecfca9d83c19254142b/element/f.624D7720A2383BCF46C1895FE70984DD.d.4578847ABE4C0A08C3DC6E0BB94EFDBF.e.22263/click - {}
RESULT: {}
COMMAND: GET /session/db7e74ddcaedfecfca9d83c19254142b/screenshot - {}
RESULT: {}
COMMAND: POST /session/db7e74ddcaedfecfca9d83c19254142b/element - {"using":"xpath","value":"//span[contains(text(), \"Instructions\")]"}
RESULT: {"using":"xpath","value":"//span[contains(text(), \"Instructions\")]"}
COMMAND: POST /session/db7e74ddcaedfecfca9d83c19254142b/element/f.624D7720A2383BCF46C1895FE70984DD.d.4578847ABE4C0A08C3DC6E0BB94EFDBF.e.22263/click - {}
RESULT: {}
COMMAND: GET /session/db7e74ddcaedfecfca9d83c19254142b/screenshot - {}
RESULT: {}
COMMAND: POST /session/db7e74ddcaedfecfca9d83c19254142b/execute/async - {"script":"<script> [1562 bytes]","args":[{"selector":{"controlType":"sap.m.ComboBox","viewName":"etm.portal.ui.managehandovers.view.DetailExecuteHO","bindingPath":{"propertyPath":"RECEIVING_SECTION","modelName":"catalogModel"},"interaction":{"idSuffix":"inner"}},"wdio_ui5_key":"etmportal.ui.managehandovers.view.DetailExecuteHOsap.m.ComboBox{\"propertyPath\":\"RECEIVING_SECTION\",\"modelName\":\"catalogModel\"}"}]}
RESULT: {"script":"<script> [1562 bytes]","args":[{"selector":{"controlType":"sap.m.ComboBox","viewName":"etm.portal.ui.managehandovers.view.DetailExecuteHO","bindingPath":{"propertyPath":"RECEIVING_SECTION","modelName":"catalogModel"},"interaction":{"idSuffix":"inner"}},"wdio_ui5_key":"etmportal.ui.managehandovers.view.DetailExecuteHOsap.m.ComboBox{\"propertyPath\":\"RECEIVING_SECTION\",\"modelName\":\"catalogModel\"}"}]}
RESULT: undefined
COMMAND: POST /session/db7e74ddcaedfecfca9d83c19254142b/execute/async - {"script":"<script> [776 bytes]","args":[{"enterText":"WDIO-2158","selector":{"controlType":"sap.m.ComboBox","viewName":"etm.portal.ui.managehandovers.view.DetailExecuteHO","bindingPath":{"propertyPath":"RECEIVING_SECTION","modelName":"catalogModel"},"interaction":{"idSuffix":"inner"}},"clearTextFirst":true,"interactionType":"ENTER_TEXT"}]}
RESULT: {"script":"<script> [776 bytes]","args":[{"enterText":"WDIO-2158","selector":{"controlType":"sap.m.ComboBox","viewName":"etm.portal.ui.managehandovers.view.DetailExecuteHO","bindingPath":{"propertyPath":"RECEIVING_SECTION","modelName":"catalogModel"},"interaction":{"idSuffix":"inner"}},"clearTextFirst":true,"interactionType":"ENTER_TEXT"}]}
COMMAND: POST /session/db7e74ddcaedfecfca9d83c19254142b/actions - {"actions":[{"id":"action68","type":"key","parameters":{},"actions":[{"type":"keyDown","value":""},{"type":"pause","duration":10},{"type":"keyUp","value":""}]}]}
RESULT: {"actions":[{"id":"action68","type":"key","parameters":{},"actions":[{"type":"keyDown","value":""},{"type":"pause","duration":10},{"type":"keyUp","value":""}]}]}
COMMAND: GET /session/db7e74ddcaedfecfca9d83c19254142b/screenshot - {}
RESULT: {}
COMMAND: POST /session/db7e74ddcaedfecfca9d83c19254142b/element - {"using":"xpath","value":"//button[@data-kt= \"execHoReceiveButton\"]"}
RESULT: {"using":"xpath","value":"//button[@data-kt= \"execHoReceiveButton\"]"}
COMMAND: POST /session/db7e74ddcaedfecfca9d83c19254142b/element/f.624D7720A2383BCF46C1895FE70984DD.d.4578847ABE4C0A08C3DC6E0BB94EFDBF.e.22269/click - {}
RESULT: {}
COMMAND: GET /session/db7e74ddcaedfecfca9d83c19254142b/screenshot - {}
RESULT: {}
COMMAND: POST /session/db7e74ddcaedfecfca9d83c19254142b/execute/async - {"script":"<script> [1562 bytes]","args":[{"selector":{"controlType":"sap.m.Button","properties":{"text":"Continue"},"searchOpenDialogs":true,"interaction":{"idSuffix":"content"}},"wdio_ui5_key":"sapm.Button{\"text\":\"Continue\"}"}]}
RESULT: {"script":"<script> [1562 bytes]","args":[{"selector":{"controlType":"sap.m.Button","properties":{"text":"Continue"},"searchOpenDialogs":true,"interaction":{"idSuffix":"content"}},"wdio_ui5_key":"sapm.Button{\"text\":\"Continue\"}"}]}
RESULT: undefined
COMMAND: POST /session/db7e74ddcaedfecfca9d83c19254142b/element - {"using":"xpath","value":"//*[@id=\"__mbox-btn-6\"]"}
RESULT: {"using":"xpath","value":"//*[@id=\"__mbox-btn-6\"]"}
COMMAND: POST /session/db7e74ddcaedfecfca9d83c19254142b/element/f.624D7720A2383BCF46C1895FE70984DD.d.4578847ABE4C0A08C3DC6E0BB94EFDBF.e.22270/click - {}
RESULT: {}
COMMAND: GET /session/db7e74ddcaedfecfca9d83c19254142b/screenshot - {}
RESULT: {}
COMMAND: POST /session/db7e74ddcaedfecfca9d83c19254142b/element - {"using":"css selector","value":"#shell-header-logo"}
RESULT: {"using":"css selector","value":"#shell-header-logo"}
COMMAND: POST /session/db7e74ddcaedfecfca9d83c19254142b/element/f.624D7720A2383BCF46C1895FE70984DD.d.4578847ABE4C0A08C3DC6E0BB94EFDBF.e.21802/click - {}
RESULT: {}
COMMAND: GET /session/db7e74ddcaedfecfca9d83c19254142b/screenshot - {}
RESULT: {}
]]></system-out>
    </testcase>
    <testcase classname="chrome.136_0_7103_93.windows.Return_from_Site_w/_warehouse_management_w_clarification" name="Should test for Clarification" time="73.377">
      <system-out><![CDATA[
RESULT: undefined
COMMAND: POST /session/db7e74ddcaedfecfca9d83c19254142b/element - {"using":"xpath","value":"//*[@id=\"__tile132\"]"}
RESULT: {"using":"xpath","value":"//*[@id=\"__tile132\"]"}
COMMAND: POST /session/db7e74ddcaedfecfca9d83c19254142b/element/f.624D7720A2383BCF46C1895FE70984DD.d.4578847ABE4C0A08C3DC6E0BB94EFDBF.e.19147/click - {}
RESULT: {}
COMMAND: GET /session/db7e74ddcaedfecfca9d83c19254142b/screenshot - {}
RESULT: {}
COMMAND: POST /session/db7e74ddcaedfecfca9d83c19254142b/elements - {"using":"xpath","value":"//span[text()='Error']"}
RESULT: {"using":"xpath","value":"//span[text()='Error']"}
RESULT: undefined
COMMAND: POST /session/db7e74ddcaedfecfca9d83c19254142b/execute/async - {"script":"<script> [776 bytes]","args":[{"enterText":"30593","selector":{"controlType":"sap.m.SearchField","viewName":"etm.portal.ui.managehandovers.view.MasterHO","bindingPath":{"propertyPath":"/_BASIC_SEARCH_FIELD","modelName":"fi1t3rM0d31"},"interaction":{"idSuffix":"I"}},"clearTextFirst":true,"interactionType":"ENTER_TEXT"}]}
RESULT: {"script":"<script> [776 bytes]","args":[{"enterText":"30593","selector":{"controlType":"sap.m.SearchField","viewName":"etm.portal.ui.managehandovers.view.MasterHO","bindingPath":{"propertyPath":"/_BASIC_SEARCH_FIELD","modelName":"fi1t3rM0d31"},"interaction":{"idSuffix":"I"}},"clearTextFirst":true,"interactionType":"ENTER_TEXT"}]}
COMMAND: POST /session/db7e74ddcaedfecfca9d83c19254142b/actions - {"actions":[{"id":"action69","type":"key","parameters":{},"actions":[{"type":"keyDown","value":""},{"type":"pause","duration":10},{"type":"keyUp","value":""}]}]}
RESULT: {"actions":[{"id":"action69","type":"key","parameters":{},"actions":[{"type":"keyDown","value":""},{"type":"pause","duration":10},{"type":"keyUp","value":""}]}]}
COMMAND: GET /session/db7e74ddcaedfecfca9d83c19254142b/screenshot - {}
RESULT: {}
COMMAND: POST /session/db7e74ddcaedfecfca9d83c19254142b/element - {"using":"xpath","value":"//span[(text() = '30593' or . = '30593')]"}
RESULT: {"using":"xpath","value":"//span[(text() = '30593' or . = '30593')]"}
COMMAND: POST /session/db7e74ddcaedfecfca9d83c19254142b/element/f.624D7720A2383BCF46C1895FE70984DD.d.4578847ABE4C0A08C3DC6E0BB94EFDBF.e.22622/click - {}
RESULT: {}
COMMAND: GET /session/db7e74ddcaedfecfca9d83c19254142b/screenshot - {}
RESULT: {}
COMMAND: POST /session/db7e74ddcaedfecfca9d83c19254142b/element - {"using":"xpath","value":"//span[contains(text(), \"Instructions\")]"}
RESULT: {"using":"xpath","value":"//span[contains(text(), \"Instructions\")]"}
COMMAND: POST /session/db7e74ddcaedfecfca9d83c19254142b/element/f.624D7720A2383BCF46C1895FE70984DD.d.4578847ABE4C0A08C3DC6E0BB94EFDBF.e.22718/click - {}
RESULT: {}
COMMAND: GET /session/db7e74ddcaedfecfca9d83c19254142b/screenshot - {}
RESULT: {}
COMMAND: POST /session/db7e74ddcaedfecfca9d83c19254142b/element - {"using":"xpath","value":"//span[contains(text(), \"Instructions\")]"}
RESULT: {"using":"xpath","value":"//span[contains(text(), \"Instructions\")]"}
COMMAND: POST /session/db7e74ddcaedfecfca9d83c19254142b/element/f.624D7720A2383BCF46C1895FE70984DD.d.4578847ABE4C0A08C3DC6E0BB94EFDBF.e.22718/click - {}
RESULT: {}
COMMAND: GET /session/db7e74ddcaedfecfca9d83c19254142b/screenshot - {}
RESULT: {}
COMMAND: POST /session/db7e74ddcaedfecfca9d83c19254142b/element - {"using":"xpath","value":"//button[.//bdi[text() = \"Receive\"]]"}
RESULT: {"using":"xpath","value":"//button[.//bdi[text() = \"Receive\"]]"}
COMMAND: POST /session/db7e74ddcaedfecfca9d83c19254142b/element/f.624D7720A2383BCF46C1895FE70984DD.d.4578847ABE4C0A08C3DC6E0BB94EFDBF.e.22724/click - {}
RESULT: {}
COMMAND: GET /session/db7e74ddcaedfecfca9d83c19254142b/screenshot - {}
RESULT: {}
COMMAND: POST /session/db7e74ddcaedfecfca9d83c19254142b/element - {"using":"xpath","value":"//button[@data-kt= \"execHoReceiveRefuseButton\"]"}
RESULT: {"using":"xpath","value":"//button[@data-kt= \"execHoReceiveRefuseButton\"]"}
COMMAND: POST /session/db7e74ddcaedfecfca9d83c19254142b/element/f.624D7720A2383BCF46C1895FE70984DD.d.4578847ABE4C0A08C3DC6E0BB94EFDBF.e.22726/click - {}
RESULT: {}
COMMAND: GET /session/db7e74ddcaedfecfca9d83c19254142b/screenshot - {}
RESULT: {}
COMMAND: POST /session/db7e74ddcaedfecfca9d83c19254142b/element - {"using":"css selector","value":"#shell-header-logo"}
RESULT: {"using":"css selector","value":"#shell-header-logo"}
COMMAND: POST /session/db7e74ddcaedfecfca9d83c19254142b/element/f.624D7720A2383BCF46C1895FE70984DD.d.4578847ABE4C0A08C3DC6E0BB94EFDBF.e.22328/click - {}
RESULT: {}
COMMAND: GET /session/db7e74ddcaedfecfca9d83c19254142b/screenshot - {}
RESULT: {}
]]></system-out>
    </testcase>
    <testcase classname="chrome.136_0_7103_93.windows.Return_from_Site_w/_warehouse_management_w_clarification" name="Should do a return to site from the contracts screen in one step" time="227.52">
      <system-out><![CDATA[
RESULT: undefined
COMMAND: POST /session/db7e74ddcaedfecfca9d83c19254142b/element - {"using":"xpath","value":"//*[@id=\"__tile130\"]"}
RESULT: {"using":"xpath","value":"//*[@id=\"__tile130\"]"}
COMMAND: POST /session/db7e74ddcaedfecfca9d83c19254142b/element/f.624D7720A2383BCF46C1895FE70984DD.d.4578847ABE4C0A08C3DC6E0BB94EFDBF.e.19076/click - {}
RESULT: {}
COMMAND: GET /session/db7e74ddcaedfecfca9d83c19254142b/screenshot - {}
RESULT: {}
COMMAND: POST /session/db7e74ddcaedfecfca9d83c19254142b/elements - {"using":"xpath","value":"//span[text()='Error']"}
RESULT: {"using":"xpath","value":"//span[text()='Error']"}
COMMAND: POST /session/db7e74ddcaedfecfca9d83c19254142b/element - {"using":"xpath","value":"//button[@data-kt=\"addButton\"]"}
RESULT: {"using":"xpath","value":"//button[@data-kt=\"addButton\"]"}
COMMAND: POST /session/db7e74ddcaedfecfca9d83c19254142b/elements - {"using":"xpath","value":"//button[@data-kt=\"addButton\"]"}
RESULT: {"using":"xpath","value":"//button[@data-kt=\"addButton\"]"}
COMMAND: POST /session/db7e74ddcaedfecfca9d83c19254142b/execute/sync - {"script":"<script> [8489 bytes]","args":[{"element-6066-11e4-a52e-4f735466cecf":"f.624D7720A2383BCF46C1895FE70984DD.d.4578847ABE4C0A08C3DC6E0BB94EFDBF.e.22814","ELEMENT":"f.624D7720A2383BCF46C1895FE70984DD.d.4578847ABE4C0A08C3DC6E0BB94EFDBF.e.22814"}]}
RESULT: {"script":"<script> [8489 bytes]","args":[{"element-6066-11e4-a52e-4f735466cecf":"f.624D7720A2383BCF46C1895FE70984DD.d.4578847ABE4C0A08C3DC6E0BB94EFDBF.e.22814","ELEMENT":"f.624D7720A2383BCF46C1895FE70984DD.d.4578847ABE4C0A08C3DC6E0BB94EFDBF.e.22814"}]}
COMMAND: GET /session/db7e74ddcaedfecfca9d83c19254142b/element/f.624D7720A2383BCF46C1895FE70984DD.d.4578847ABE4C0A08C3DC6E0BB94EFDBF.e.22814/enabled - {}
COMMAND: GET /session/db7e74ddcaedfecfca9d83c19254142b/screenshot - {}
RESULT: {}
COMMAND: POST /session/db7e74ddcaedfecfca9d83c19254142b/execute/sync - {"script":"<script> [8489 bytes]","args":[{"element-6066-11e4-a52e-4f735466cecf":"f.624D7720A2383BCF46C1895FE70984DD.d.4578847ABE4C0A08C3DC6E0BB94EFDBF.e.22814","ELEMENT":"f.624D7720A2383BCF46C1895FE70984DD.d.4578847ABE4C0A08C3DC6E0BB94EFDBF.e.22814"}]}
COMMAND: GET /session/db7e74ddcaedfecfca9d83c19254142b/screenshot - {}
RESULT: {}
RESULT: {"script":"<script> [8489 bytes]","args":[{"element-6066-11e4-a52e-4f735466cecf":"f.624D7720A2383BCF46C1895FE70984DD.d.4578847ABE4C0A08C3DC6E0BB94EFDBF.e.22814","ELEMENT":"f.624D7720A2383BCF46C1895FE70984DD.d.4578847ABE4C0A08C3DC6E0BB94EFDBF.e.22814"}]}
COMMAND: POST /session/db7e74ddcaedfecfca9d83c19254142b/execute/sync - {"script":"<script> [5351 bytes]","args":[{"element-6066-11e4-a52e-4f735466cecf":"f.624D7720A2383BCF46C1895FE70984DD.d.4578847ABE4C0A08C3DC6E0BB94EFDBF.e.22814","ELEMENT":"f.624D7720A2383BCF46C1895FE70984DD.d.4578847ABE4C0A08C3DC6E0BB94EFDBF.e.22814"}]}
COMMAND: GET /session/db7e74ddcaedfecfca9d83c19254142b/screenshot - {}
RESULT: {}
RESULT: {"script":"<script> [5351 bytes]","args":[{"element-6066-11e4-a52e-4f735466cecf":"f.624D7720A2383BCF46C1895FE70984DD.d.4578847ABE4C0A08C3DC6E0BB94EFDBF.e.22814","ELEMENT":"f.624D7720A2383BCF46C1895FE70984DD.d.4578847ABE4C0A08C3DC6E0BB94EFDBF.e.22814"}]}
COMMAND: GET /session/db7e74ddcaedfecfca9d83c19254142b/screenshot - {}
RESULT: {}
RESULT: {}
COMMAND: POST /session/db7e74ddcaedfecfca9d83c19254142b/element - {"using":"xpath","value":"//input[contains(@id ,\"smartContractFilterBar-btnBasicSearch-I\")]"}
RESULT: {"using":"xpath","value":"//input[contains(@id ,\"smartContractFilterBar-btnBasicSearch-I\")]"}
COMMAND: POST /session/db7e74ddcaedfecfca9d83c19254142b/elements - {"using":"xpath","value":"//input[contains(@id ,\"smartContractFilterBar-btnBasicSearch-I\")]"}
RESULT: {"using":"xpath","value":"//input[contains(@id ,\"smartContractFilterBar-btnBasicSearch-I\")]"}
COMMAND: POST /session/db7e74ddcaedfecfca9d83c19254142b/execute/sync - {"script":"<script> [8489 bytes]","args":[{"element-6066-11e4-a52e-4f735466cecf":"f.624D7720A2383BCF46C1895FE70984DD.d.4578847ABE4C0A08C3DC6E0BB94EFDBF.e.22778","ELEMENT":"f.624D7720A2383BCF46C1895FE70984DD.d.4578847ABE4C0A08C3DC6E0BB94EFDBF.e.22778"}]}
RESULT: {"script":"<script> [8489 bytes]","args":[{"element-6066-11e4-a52e-4f735466cecf":"f.624D7720A2383BCF46C1895FE70984DD.d.4578847ABE4C0A08C3DC6E0BB94EFDBF.e.22778","ELEMENT":"f.624D7720A2383BCF46C1895FE70984DD.d.4578847ABE4C0A08C3DC6E0BB94EFDBF.e.22778"}]}
COMMAND: GET /session/db7e74ddcaedfecfca9d83c19254142b/element/f.624D7720A2383BCF46C1895FE70984DD.d.4578847ABE4C0A08C3DC6E0BB94EFDBF.e.22778/enabled - {}
COMMAND: GET /session/db7e74ddcaedfecfca9d83c19254142b/screenshot - {}
RESULT: {}
COMMAND: POST /session/db7e74ddcaedfecfca9d83c19254142b/element/f.624D7720A2383BCF46C1895FE70984DD.d.4578847ABE4C0A08C3DC6E0BB94EFDBF.e.22778/clear - {}
COMMAND: GET /session/db7e74ddcaedfecfca9d83c19254142b/screenshot - {}
RESULT: {}
RESULT: {}
COMMAND: POST /session/db7e74ddcaedfecfca9d83c19254142b/element/f.624D7720A2383BCF46C1895FE70984DD.d.4578847ABE4C0A08C3DC6E0BB94EFDBF.e.22778/value - {"text":"10277"}
COMMAND: GET /session/db7e74ddcaedfecfca9d83c19254142b/screenshot - {}
RESULT: {}
RESULT: {"text":"10277"}
COMMAND: GET /session/db7e74ddcaedfecfca9d83c19254142b/screenshot - {}
RESULT: {}
RESULT: {}
COMMAND: POST /session/db7e74ddcaedfecfca9d83c19254142b/actions - {"actions":[{"id":"action70","type":"key","parameters":{},"actions":[{"type":"keyDown","value":""},{"type":"pause","duration":10},{"type":"keyUp","value":""}]}]}
RESULT: {"actions":[{"id":"action70","type":"key","parameters":{},"actions":[{"type":"keyDown","value":""},{"type":"pause","duration":10},{"type":"keyUp","value":""}]}]}
COMMAND: GET /session/db7e74ddcaedfecfca9d83c19254142b/screenshot - {}
RESULT: {}
COMMAND: POST /session/db7e74ddcaedfecfca9d83c19254142b/element - {"using":"xpath","value":"//span[contains(@id, \"masterListContractsSmartTable-header-inner\")]"}
RESULT: {"using":"xpath","value":"//span[contains(@id, \"masterListContractsSmartTable-header-inner\")]"}
COMMAND: POST /session/db7e74ddcaedfecfca9d83c19254142b/elements - {"using":"xpath","value":"//span[contains(@id, \"masterListContractsSmartTable-header-inner\")]"}
RESULT: {"using":"xpath","value":"//span[contains(@id, \"masterListContractsSmartTable-header-inner\")]"}
COMMAND: POST /session/db7e74ddcaedfecfca9d83c19254142b/execute/sync - {"script":"<script> [56 bytes]","args":[{"element-6066-11e4-a52e-4f735466cecf":"f.624D7720A2383BCF46C1895FE70984DD.d.4578847ABE4C0A08C3DC6E0BB94EFDBF.e.22886","ELEMENT":"f.624D7720A2383BCF46C1895FE70984DD.d.4578847ABE4C0A08C3DC6E0BB94EFDBF.e.22886"}]}
RESULT: {"script":"<script> [56 bytes]","args":[{"element-6066-11e4-a52e-4f735466cecf":"f.624D7720A2383BCF46C1895FE70984DD.d.4578847ABE4C0A08C3DC6E0BB94EFDBF.e.22886","ELEMENT":"f.624D7720A2383BCF46C1895FE70984DD.d.4578847ABE4C0A08C3DC6E0BB94EFDBF.e.22886"}]}
COMMAND: POST /session/db7e74ddcaedfecfca9d83c19254142b/element - {"using":"xpath","value":"(//span[contains(@id, \"imgNav\")])[1]"}
COMMAND: GET /session/db7e74ddcaedfecfca9d83c19254142b/screenshot - {}
RESULT: {"using":"xpath","value":"(//span[contains(@id, \"imgNav\")])[1]"}
COMMAND: POST /session/db7e74ddcaedfecfca9d83c19254142b/element/f.624D7720A2383BCF46C1895FE70984DD.d.4578847ABE4C0A08C3DC6E0BB94EFDBF.e.22885/click - {}
RESULT: {}
RESULT: {}
COMMAND: GET /session/db7e74ddcaedfecfca9d83c19254142b/screenshot - {}
COMMAND: POST /session/db7e74ddcaedfecfca9d83c19254142b/element - {"using":"xpath","value":"//button[contains(@id, \"contractDetailReturnButton\")]"}
RESULT: {}
RESULT: {"using":"xpath","value":"//button[contains(@id, \"contractDetailReturnButton\")]"}
COMMAND: POST /session/db7e74ddcaedfecfca9d83c19254142b/element/f.624D7720A2383BCF46C1895FE70984DD.d.4578847ABE4C0A08C3DC6E0BB94EFDBF.e.23001/click - {}
RESULT: {}
COMMAND: GET /session/db7e74ddcaedfecfca9d83c19254142b/screenshot - {}
RESULT: {}
RESULT: undefined
COMMAND: POST /session/db7e74ddcaedfecfca9d83c19254142b/execute/async - {"script":"<script> [6424 bytes]","args":[{"element-6066-11e4-a52e-4f735466cecf":"f.624D7720A2383BCF46C1895FE70984DD.d.4578847ABE4C0A08C3DC6E0BB94EFDBF.e.20170"},"setValue",["05/26/25"]]}
COMMAND: POST /session/db7e74ddcaedfecfca9d83c19254142b/execute/async - {"script":"<script> [1562 bytes]","args":[{"selector":{"id":"application-managehandovers-display-component---AddNewHO--dueDate","interaction":{"idSuffix":"inner"}},"wdio_ui5_key":"applicationmanagehandovers-display-component---AddNewHO--dueDate"}]}
RESULT: {"script":"<script> [1562 bytes]","args":[{"selector":{"id":"application-managehandovers-display-component---AddNewHO--dueDate","interaction":{"idSuffix":"inner"}},"wdio_ui5_key":"applicationmanagehandovers-display-component---AddNewHO--dueDate"}]}
COMMAND: POST /session/db7e74ddcaedfecfca9d83c19254142b/execute/async - {"script":"<script> [6424 bytes]","args":[{"element-6066-11e4-a52e-4f735466cecf":"f.624D7720A2383BCF46C1895FE70984DD.d.4578847ABE4C0A08C3DC6E0BB94EFDBF.e.23092"},"setValue",["05/26/25"]]}
RESULT: {"script":"<script> [6424 bytes]","args":[{"element-6066-11e4-a52e-4f735466cecf":"f.624D7720A2383BCF46C1895FE70984DD.d.4578847ABE4C0A08C3DC6E0BB94EFDBF.e.23092"},"setValue",["05/26/25"]]}
COMMAND: POST /session/db7e74ddcaedfecfca9d83c19254142b/element - {"using":"xpath","value":"//bdi[contains(text(), \"Instructions\")]"}
RESULT: {"using":"xpath","value":"//bdi[contains(text(), \"Instructions\")]"}
COMMAND: POST /session/db7e74ddcaedfecfca9d83c19254142b/element/f.624D7720A2383BCF46C1895FE70984DD.d.4578847ABE4C0A08C3DC6E0BB94EFDBF.e.23330/click - {}
RESULT: {}
COMMAND: GET /session/db7e74ddcaedfecfca9d83c19254142b/screenshot - {}
RESULT: {}
COMMAND: POST /session/db7e74ddcaedfecfca9d83c19254142b/element - {"using":"xpath","value":"//button[@data-kt=\"AddNewHOProvideAddItemsButton\"]"}
RESULT: {"using":"xpath","value":"//button[@data-kt=\"AddNewHOProvideAddItemsButton\"]"}
COMMAND: POST /session/db7e74ddcaedfecfca9d83c19254142b/element/f.624D7720A2383BCF46C1895FE70984DD.d.4578847ABE4C0A08C3DC6E0BB94EFDBF.e.23334/click - {}
RESULT: {}
COMMAND: GET /session/db7e74ddcaedfecfca9d83c19254142b/screenshot - {}
RESULT: {}
RESULT: undefined
COMMAND: POST /session/db7e74ddcaedfecfca9d83c19254142b/element - {"using":"xpath","value":"//*[@id=\"application-managehandovers-display-component---AddNewHO--popup-sa\"]"}
RESULT: {"using":"xpath","value":"//*[@id=\"application-managehandovers-display-component---AddNewHO--popup-sa\"]"}
COMMAND: POST /session/db7e74ddcaedfecfca9d83c19254142b/element/f.624D7720A2383BCF46C1895FE70984DD.d.4578847ABE4C0A08C3DC6E0BB94EFDBF.e.23351/click - {}
RESULT: {}
COMMAND: GET /session/db7e74ddcaedfecfca9d83c19254142b/screenshot - {}
RESULT: {}
COMMAND: POST /session/db7e74ddcaedfecfca9d83c19254142b/element - {"using":"xpath","value":"//*[contains(@id ,\"BDI-content\")][contains(text(), \"Select\")]"}
RESULT: {"using":"xpath","value":"//*[contains(@id ,\"BDI-content\")][contains(text(), \"Select\")]"}
COMMAND: POST /session/db7e74ddcaedfecfca9d83c19254142b/element/f.624D7720A2383BCF46C1895FE70984DD.d.4578847ABE4C0A08C3DC6E0BB94EFDBF.e.23353/click - {}
RESULT: {}
COMMAND: GET /session/db7e74ddcaedfecfca9d83c19254142b/screenshot - {}
RESULT: {}
COMMAND: POST /session/db7e74ddcaedfecfca9d83c19254142b/element - {"using":"xpath","value":"//bdi[(text() = 'Save' or . = 'Save')]"}
RESULT: {"using":"xpath","value":"//bdi[(text() = 'Save' or . = 'Save')]"}
COMMAND: POST /session/db7e74ddcaedfecfca9d83c19254142b/element/f.624D7720A2383BCF46C1895FE70984DD.d.4578847ABE4C0A08C3DC6E0BB94EFDBF.e.23361/click - {}
RESULT: {}
COMMAND: GET /session/db7e74ddcaedfecfca9d83c19254142b/screenshot - {}
RESULT: {}
COMMAND: POST /session/db7e74ddcaedfecfca9d83c19254142b/element - {"using":"xpath","value":"//a[@data-kt=\"execHoWhMovementLink\"]"}
RESULT: {"using":"xpath","value":"//a[@data-kt=\"execHoWhMovementLink\"]"}
COMMAND: POST /session/db7e74ddcaedfecfca9d83c19254142b/elements - {"using":"xpath","value":"//a[@data-kt=\"execHoWhMovementLink\"]"}
RESULT: {"using":"xpath","value":"//a[@data-kt=\"execHoWhMovementLink\"]"}
COMMAND: POST /session/db7e74ddcaedfecfca9d83c19254142b/elements - {"using":"xpath","value":"//a[@data-kt=\"execHoWhMovementLink\"]"}
RESULT: {"using":"xpath","value":"//a[@data-kt=\"execHoWhMovementLink\"]"}
COMMAND: POST /session/db7e74ddcaedfecfca9d83c19254142b/element - {"using":"xpath","value":"//a[@data-kt=\"execHoWhMovementLink\"]"}
RESULT: {"using":"xpath","value":"//a[@data-kt=\"execHoWhMovementLink\"]"}
COMMAND: POST /session/db7e74ddcaedfecfca9d83c19254142b/element/f.624D7720A2383BCF46C1895FE70984DD.d.4578847ABE4C0A08C3DC6E0BB94EFDBF.e.23396/click - {}
RESULT: {}
COMMAND: GET /session/db7e74ddcaedfecfca9d83c19254142b/screenshot - {}
RESULT: {}
COMMAND: POST /session/db7e74ddcaedfecfca9d83c19254142b/element - {"using":"xpath","value":"(//div[contains(@class, \"sapMPopover\") and .//div[contains(@style, \"display: block\")]])[last()]//a"}
RESULT: {"using":"xpath","value":"(//div[contains(@class, \"sapMPopover\") and .//div[contains(@style, \"display: block\")]])[last()]//a"}
COMMAND: POST /session/db7e74ddcaedfecfca9d83c19254142b/element/f.624D7720A2383BCF46C1895FE70984DD.d.4578847ABE4C0A08C3DC6E0BB94EFDBF.e.23407/click - {}
RESULT: {}
COMMAND: GET /session/db7e74ddcaedfecfca9d83c19254142b/screenshot - {}
COMMAND: POST /session/db7e74ddcaedfecfca9d83c19254142b/element - {"using":"xpath","value":"//button[@data-kt=\"executionButton\"]"}
RESULT: {}
RESULT: {"using":"xpath","value":"//button[@data-kt=\"executionButton\"]"}
COMMAND: POST /session/db7e74ddcaedfecfca9d83c19254142b/element/f.624D7720A2383BCF46C1895FE70984DD.d.4578847ABE4C0A08C3DC6E0BB94EFDBF.e.23523/click - {}
RESULT: {}
COMMAND: GET /session/db7e74ddcaedfecfca9d83c19254142b/screenshot - {}
RESULT: {}
COMMAND: POST /session/db7e74ddcaedfecfca9d83c19254142b/element - {"using":"xpath","value":"//button[contains(@id,\"executeMovement--itemsSection-anchor\")]"}
RESULT: {"using":"xpath","value":"//button[contains(@id,\"executeMovement--itemsSection-anchor\")]"}
COMMAND: POST /session/db7e74ddcaedfecfca9d83c19254142b/element/f.624D7720A2383BCF46C1895FE70984DD.d.4578847ABE4C0A08C3DC6E0BB94EFDBF.e.23622/click - {}
RESULT: {}
COMMAND: GET /session/db7e74ddcaedfecfca9d83c19254142b/screenshot - {}
RESULT: {}
COMMAND: POST /session/db7e74ddcaedfecfca9d83c19254142b/element - {"using":"xpath","value":"//table[contains(@id,\"executeMovement--movementItemsTbl-listUl\")]/tbody/tr[1]/td[2]/button"}
RESULT: {"using":"xpath","value":"//table[contains(@id,\"executeMovement--movementItemsTbl-listUl\")]/tbody/tr[1]/td[2]/button"}
COMMAND: POST /session/db7e74ddcaedfecfca9d83c19254142b/element/f.624D7720A2383BCF46C1895FE70984DD.d.4578847ABE4C0A08C3DC6E0BB94EFDBF.e.23627/click - {}
RESULT: {}
COMMAND: GET /session/db7e74ddcaedfecfca9d83c19254142b/screenshot - {}
RESULT: {}
COMMAND: POST /session/db7e74ddcaedfecfca9d83c19254142b/element - {"using":"xpath","value":"//table[contains(@id,\"executeMovement--movementItemsTbl-listUl\")]/tbody/tr[1]/td[2]/button"}
RESULT: {"using":"xpath","value":"//table[contains(@id,\"executeMovement--movementItemsTbl-listUl\")]/tbody/tr[1]/td[2]/button"}
COMMAND: POST /session/db7e74ddcaedfecfca9d83c19254142b/element/f.624D7720A2383BCF46C1895FE70984DD.d.4578847ABE4C0A08C3DC6E0BB94EFDBF.e.23627/click - {}
RESULT: {}
COMMAND: GET /session/db7e74ddcaedfecfca9d83c19254142b/screenshot - {}
RESULT: {}
COMMAND: POST /session/db7e74ddcaedfecfca9d83c19254142b/element - {"using":"xpath","value":"//section[contains(@id,\"FC-NoHead\")]/div[1]/div[5]/div[2]/span"}
RESULT: {"using":"xpath","value":"//section[contains(@id,\"FC-NoHead\")]/div[1]/div[5]/div[2]/span"}
COMMAND: POST /session/db7e74ddcaedfecfca9d83c19254142b/elements - {"using":"xpath","value":"//section[contains(@id,\"FC-NoHead\")]/div[1]/div[5]/div[2]/span"}
RESULT: {"using":"xpath","value":"//section[contains(@id,\"FC-NoHead\")]/div[1]/div[5]/div[2]/span"}
COMMAND: POST /session/db7e74ddcaedfecfca9d83c19254142b/execute/sync - {"script":"<script> [56 bytes]","args":[{"element-6066-11e4-a52e-4f735466cecf":"f.624D7720A2383BCF46C1895FE70984DD.d.4578847ABE4C0A08C3DC6E0BB94EFDBF.e.23629","ELEMENT":"f.624D7720A2383BCF46C1895FE70984DD.d.4578847ABE4C0A08C3DC6E0BB94EFDBF.e.23629"}]}
RESULT: {"script":"<script> [56 bytes]","args":[{"element-6066-11e4-a52e-4f735466cecf":"f.624D7720A2383BCF46C1895FE70984DD.d.4578847ABE4C0A08C3DC6E0BB94EFDBF.e.23629","ELEMENT":"f.624D7720A2383BCF46C1895FE70984DD.d.4578847ABE4C0A08C3DC6E0BB94EFDBF.e.23629"}]}
COMMAND: POST /session/db7e74ddcaedfecfca9d83c19254142b/actions - {"actions":[{"id":"action71","type":"key","parameters":{},"actions":[{"type":"keyDown","value":""},{"type":"pause","duration":10},{"type":"keyUp","value":""}]}]}
COMMAND: GET /session/db7e74ddcaedfecfca9d83c19254142b/screenshot - {}
RESULT: {"actions":[{"id":"action71","type":"key","parameters":{},"actions":[{"type":"keyDown","value":""},{"type":"pause","duration":10},{"type":"keyUp","value":""}]}]}
COMMAND: POST /session/db7e74ddcaedfecfca9d83c19254142b/element - {"using":"xpath","value":"//button[contains(@id,\"executeMovement--executeId\")]"}
COMMAND: GET /session/db7e74ddcaedfecfca9d83c19254142b/screenshot - {}
RESULT: {}
RESULT: {"using":"xpath","value":"//button[contains(@id,\"executeMovement--executeId\")]"}
COMMAND: POST /session/db7e74ddcaedfecfca9d83c19254142b/element/f.624D7720A2383BCF46C1895FE70984DD.d.4578847ABE4C0A08C3DC6E0BB94EFDBF.e.23597/click - {}
RESULT: {}
RESULT: {}
COMMAND: GET /session/db7e74ddcaedfecfca9d83c19254142b/screenshot - {}
RESULT: {}
COMMAND: POST /session/db7e74ddcaedfecfca9d83c19254142b/element - {"using":"css selector","value":"#shell-header-logo"}
RESULT: {"using":"css selector","value":"#shell-header-logo"}
COMMAND: POST /session/db7e74ddcaedfecfca9d83c19254142b/element/f.624D7720A2383BCF46C1895FE70984DD.d.4578847ABE4C0A08C3DC6E0BB94EFDBF.e.22769/click - {}
RESULT: {}
COMMAND: GET /session/db7e74ddcaedfecfca9d83c19254142b/screenshot - {}
RESULT: {}
RESULT: undefined
COMMAND: POST /session/db7e74ddcaedfecfca9d83c19254142b/element - {"using":"xpath","value":"//*[@id=\"__tile132\"]"}
RESULT: {"using":"xpath","value":"//*[@id=\"__tile132\"]"}
COMMAND: POST /session/db7e74ddcaedfecfca9d83c19254142b/element/f.624D7720A2383BCF46C1895FE70984DD.d.4578847ABE4C0A08C3DC6E0BB94EFDBF.e.19147/click - {}
RESULT: {}
COMMAND: GET /session/db7e74ddcaedfecfca9d83c19254142b/screenshot - {}
RESULT: {}
COMMAND: POST /session/db7e74ddcaedfecfca9d83c19254142b/elements - {"using":"xpath","value":"//span[text()='Error']"}
RESULT: {"using":"xpath","value":"//span[text()='Error']"}
RESULT: undefined
COMMAND: POST /session/db7e74ddcaedfecfca9d83c19254142b/execute/async - {"script":"<script> [776 bytes]","args":[{"enterText":"30596","selector":{"controlType":"sap.m.SearchField","viewName":"etm.portal.ui.managehandovers.view.MasterHO","bindingPath":{"propertyPath":"/_BASIC_SEARCH_FIELD","modelName":"fi1t3rM0d31"},"interaction":{"idSuffix":"I"}},"clearTextFirst":true,"interactionType":"ENTER_TEXT"}]}
RESULT: {"script":"<script> [776 bytes]","args":[{"enterText":"30596","selector":{"controlType":"sap.m.SearchField","viewName":"etm.portal.ui.managehandovers.view.MasterHO","bindingPath":{"propertyPath":"/_BASIC_SEARCH_FIELD","modelName":"fi1t3rM0d31"},"interaction":{"idSuffix":"I"}},"clearTextFirst":true,"interactionType":"ENTER_TEXT"}]}
COMMAND: POST /session/db7e74ddcaedfecfca9d83c19254142b/actions - {"actions":[{"id":"action72","type":"key","parameters":{},"actions":[{"type":"keyDown","value":""},{"type":"pause","duration":10},{"type":"keyUp","value":""}]}]}
RESULT: {"actions":[{"id":"action72","type":"key","parameters":{},"actions":[{"type":"keyDown","value":""},{"type":"pause","duration":10},{"type":"keyUp","value":""}]}]}
COMMAND: GET /session/db7e74ddcaedfecfca9d83c19254142b/screenshot - {}
RESULT: {}
COMMAND: POST /session/db7e74ddcaedfecfca9d83c19254142b/element - {"using":"xpath","value":"(//span[contains(@id, \"imgNav\")])[1]"}
RESULT: {"using":"xpath","value":"(//span[contains(@id, \"imgNav\")])[1]"}
COMMAND: POST /session/db7e74ddcaedfecfca9d83c19254142b/element/f.624D7720A2383BCF46C1895FE70984DD.d.4578847ABE4C0A08C3DC6E0BB94EFDBF.e.23921/click - {}
RESULT: {}
COMMAND: GET /session/db7e74ddcaedfecfca9d83c19254142b/screenshot - {}
RESULT: {}
COMMAND: POST /session/db7e74ddcaedfecfca9d83c19254142b/element - {"using":"xpath","value":"//button[@data-kt=\"IssuingTableConfirmAllButton\"]"}
RESULT: {"using":"xpath","value":"//button[@data-kt=\"IssuingTableConfirmAllButton\"]"}
COMMAND: POST /session/db7e74ddcaedfecfca9d83c19254142b/element/f.624D7720A2383BCF46C1895FE70984DD.d.4578847ABE4C0A08C3DC6E0BB94EFDBF.e.24017/click - {}
RESULT: {}
COMMAND: GET /session/db7e74ddcaedfecfca9d83c19254142b/screenshot - {}
RESULT: {}
COMMAND: POST /session/db7e74ddcaedfecfca9d83c19254142b/element - {"using":"xpath","value":"//bdi[contains(text(), \"OK\")]"}
RESULT: {"using":"xpath","value":"//bdi[contains(text(), \"OK\")]"}
COMMAND: POST /session/db7e74ddcaedfecfca9d83c19254142b/element/f.624D7720A2383BCF46C1895FE70984DD.d.4578847ABE4C0A08C3DC6E0BB94EFDBF.e.24021/click - {}
RESULT: {}
COMMAND: GET /session/db7e74ddcaedfecfca9d83c19254142b/screenshot - {}
RESULT: {}
COMMAND: POST /session/db7e74ddcaedfecfca9d83c19254142b/element - {"using":"xpath","value":"//button[@data-kt=\"execHoIssueButton\"]"}
RESULT: {"using":"xpath","value":"//button[@data-kt=\"execHoIssueButton\"]"}
COMMAND: POST /session/db7e74ddcaedfecfca9d83c19254142b/element/f.624D7720A2383BCF46C1895FE70984DD.d.4578847ABE4C0A08C3DC6E0BB94EFDBF.e.24022/click - {}
RESULT: {}
COMMAND: GET /session/db7e74ddcaedfecfca9d83c19254142b/screenshot - {}
RESULT: {}
RESULT: undefined
COMMAND: POST /session/db7e74ddcaedfecfca9d83c19254142b/execute/async - {"script":"<script> [776 bytes]","args":[{"enterText":"30596","selector":{"controlType":"sap.m.SearchField","viewName":"etm.portal.ui.managehandovers.view.MasterHO","bindingPath":{"propertyPath":"/_BASIC_SEARCH_FIELD","modelName":"fi1t3rM0d31"},"interaction":{"idSuffix":"I"}},"clearTextFirst":true,"interactionType":"ENTER_TEXT"}]}
RESULT: {"script":"<script> [776 bytes]","args":[{"enterText":"30596","selector":{"controlType":"sap.m.SearchField","viewName":"etm.portal.ui.managehandovers.view.MasterHO","bindingPath":{"propertyPath":"/_BASIC_SEARCH_FIELD","modelName":"fi1t3rM0d31"},"interaction":{"idSuffix":"I"}},"clearTextFirst":true,"interactionType":"ENTER_TEXT"}]}
COMMAND: POST /session/db7e74ddcaedfecfca9d83c19254142b/actions - {"actions":[{"id":"action73","type":"key","parameters":{},"actions":[{"type":"keyDown","value":""},{"type":"pause","duration":10},{"type":"keyUp","value":""}]}]}
RESULT: {"actions":[{"id":"action73","type":"key","parameters":{},"actions":[{"type":"keyDown","value":""},{"type":"pause","duration":10},{"type":"keyUp","value":""}]}]}
COMMAND: GET /session/db7e74ddcaedfecfca9d83c19254142b/screenshot - {}
RESULT: {}
COMMAND: POST /session/db7e74ddcaedfecfca9d83c19254142b/element - {"using":"xpath","value":"(//span[contains(@id, \"imgNav\")])[1]"}
RESULT: {"using":"xpath","value":"(//span[contains(@id, \"imgNav\")])[1]"}
COMMAND: POST /session/db7e74ddcaedfecfca9d83c19254142b/element/f.624D7720A2383BCF46C1895FE70984DD.d.4578847ABE4C0A08C3DC6E0BB94EFDBF.e.24065/click - {}
RESULT: {}
COMMAND: GET /session/db7e74ddcaedfecfca9d83c19254142b/screenshot - {}
RESULT: {}
COMMAND: POST /session/db7e74ddcaedfecfca9d83c19254142b/execute/async - {"script":"<script> [1562 bytes]","args":[{"selector":{"id":"application-managehandovers-display-component---detailManageHO--completedItemsTableTitle"},"wdio_ui5_key":"applicationmanagehandovers-display-component---detailManageHO--completedItemsTableTitle"}]}
RESULT: {"script":"<script> [1562 bytes]","args":[{"selector":{"id":"application-managehandovers-display-component---detailManageHO--completedItemsTableTitle"},"wdio_ui5_key":"applicationmanagehandovers-display-component---detailManageHO--completedItemsTableTitle"}]}
RESULT: undefined
COMMAND: POST /session/db7e74ddcaedfecfca9d83c19254142b/execute/async - {"script":"<script> [6424 bytes]","args":[{"element-6066-11e4-a52e-4f735466cecf":"f.624D7720A2383BCF46C1895FE70984DD.d.4578847ABE4C0A08C3DC6E0BB94EFDBF.e.24107"},"getText",[]]}
RESULT: {"script":"<script> [6424 bytes]","args":[{"element-6066-11e4-a52e-4f735466cecf":"f.624D7720A2383BCF46C1895FE70984DD.d.4578847ABE4C0A08C3DC6E0BB94EFDBF.e.24107"},"getText",[]]}
COMMAND: POST /session/db7e74ddcaedfecfca9d83c19254142b/element - {"using":"xpath","value":"//div[contains(@id, \"detailManageHO--headerContentForm--FC-NoHead-content\")]/div[4]/div[2]/div/span"}
RESULT: {"using":"xpath","value":"//div[contains(@id, \"detailManageHO--headerContentForm--FC-NoHead-content\")]/div[4]/div[2]/div/span"}
COMMAND: POST /session/db7e74ddcaedfecfca9d83c19254142b/execute/sync - {"script":"<script> [56 bytes]","args":[{"element-6066-11e4-a52e-4f735466cecf":"f.624D7720A2383BCF46C1895FE70984DD.d.4578847ABE4C0A08C3DC6E0BB94EFDBF.e.24108","ELEMENT":"f.624D7720A2383BCF46C1895FE70984DD.d.4578847ABE4C0A08C3DC6E0BB94EFDBF.e.24108"}]}
RESULT: {"script":"<script> [56 bytes]","args":[{"element-6066-11e4-a52e-4f735466cecf":"f.624D7720A2383BCF46C1895FE70984DD.d.4578847ABE4C0A08C3DC6E0BB94EFDBF.e.24108","ELEMENT":"f.624D7720A2383BCF46C1895FE70984DD.d.4578847ABE4C0A08C3DC6E0BB94EFDBF.e.24108"}]}
COMMAND: GET /session/db7e74ddcaedfecfca9d83c19254142b/screenshot - {}
RESULT: {}
COMMAND: POST /session/db7e74ddcaedfecfca9d83c19254142b/element - {"using":"css selector","value":"#shell-header-logo"}
RESULT: {"using":"css selector","value":"#shell-header-logo"}
COMMAND: POST /session/db7e74ddcaedfecfca9d83c19254142b/element/f.624D7720A2383BCF46C1895FE70984DD.d.4578847ABE4C0A08C3DC6E0BB94EFDBF.e.23678/click - {}
RESULT: {}
COMMAND: GET /session/db7e74ddcaedfecfca9d83c19254142b/screenshot - {}
RESULT: {}
COMMAND: POST /session/db7e74ddcaedfecfca9d83c19254142b/element - {"using":"css selector","value":"#j_username"}
COMMAND: POST /session/db7e74ddcaedfecfca9d83c19254142b/url - {"url":"https://qa-testing-00-live-etm-ui.cfapps.eu10-004.hana.ondemand.com/"}
RESULT: {"using":"css selector","value":"#j_username"}
COMMAND: POST /session/db7e74ddcaedfecfca9d83c19254142b/element - {"using":"css selector","value":"#j_username"}
RESULT: {"url":"https://qa-testing-00-live-etm-ui.cfapps.eu10-004.hana.ondemand.com/"}
RESULT: undefined
COMMAND: GET /session/db7e74ddcaedfecfca9d83c19254142b/screenshot - {}
RESULT: {"using":"css selector","value":"#j_username"}
COMMAND: POST /session/db7e74ddcaedfecfca9d83c19254142b/element - {"using":"css selector","value":"#shell-header-logo"}
RESULT: {}
RESULT: {"using":"css selector","value":"#shell-header-logo"}
COMMAND: POST /session/db7e74ddcaedfecfca9d83c19254142b/execute/sync - {"script":"<script> [8489 bytes]","args":[{"element-6066-11e4-a52e-4f735466cecf":"f.624D7720A2383BCF46C1895FE70984DD.d.852D37AC8C591A02E902380FB9E0FA0B.e.24119","ELEMENT":"f.624D7720A2383BCF46C1895FE70984DD.d.852D37AC8C591A02E902380FB9E0FA0B.e.24119"}]}
RESULT: {"script":"<script> [8489 bytes]","args":[{"element-6066-11e4-a52e-4f735466cecf":"f.624D7720A2383BCF46C1895FE70984DD.d.852D37AC8C591A02E902380FB9E0FA0B.e.24119","ELEMENT":"f.624D7720A2383BCF46C1895FE70984DD.d.852D37AC8C591A02E902380FB9E0FA0B.e.24119"}]}
COMMAND: POST /session/db7e74ddcaedfecfca9d83c19254142b/element - {"using":"css selector","value":"#shell-header-logo"}
COMMAND: GET /session/db7e74ddcaedfecfca9d83c19254142b/screenshot - {}
RESULT: {"using":"css selector","value":"#shell-header-logo"}
COMMAND: POST /session/db7e74ddcaedfecfca9d83c19254142b/execute/sync - {"script":"<script> [8489 bytes]","args":[{"element-6066-11e4-a52e-4f735466cecf":"f.624D7720A2383BCF46C1895FE70984DD.d.852D37AC8C591A02E902380FB9E0FA0B.e.24119","ELEMENT":"f.624D7720A2383BCF46C1895FE70984DD.d.852D37AC8C591A02E902380FB9E0FA0B.e.24119"}]}
RESULT: {}
RESULT: {"script":"<script> [8489 bytes]","args":[{"element-6066-11e4-a52e-4f735466cecf":"f.624D7720A2383BCF46C1895FE70984DD.d.852D37AC8C591A02E902380FB9E0FA0B.e.24119","ELEMENT":"f.624D7720A2383BCF46C1895FE70984DD.d.852D37AC8C591A02E902380FB9E0FA0B.e.24119"}]}
COMMAND: POST /session/db7e74ddcaedfecfca9d83c19254142b/execute/sync - {"script":"<script> [5351 bytes]","args":[{"element-6066-11e4-a52e-4f735466cecf":"f.624D7720A2383BCF46C1895FE70984DD.d.852D37AC8C591A02E902380FB9E0FA0B.e.24119","ELEMENT":"f.624D7720A2383BCF46C1895FE70984DD.d.852D37AC8C591A02E902380FB9E0FA0B.e.24119"}]}
COMMAND: GET /session/db7e74ddcaedfecfca9d83c19254142b/screenshot - {}
RESULT: {"script":"<script> [5351 bytes]","args":[{"element-6066-11e4-a52e-4f735466cecf":"f.624D7720A2383BCF46C1895FE70984DD.d.852D37AC8C591A02E902380FB9E0FA0B.e.24119","ELEMENT":"f.624D7720A2383BCF46C1895FE70984DD.d.852D37AC8C591A02E902380FB9E0FA0B.e.24119"}]}
COMMAND: POST /session/db7e74ddcaedfecfca9d83c19254142b/element - {"using":"css selector","value":"#shell-header-logo"}
COMMAND: GET /session/db7e74ddcaedfecfca9d83c19254142b/screenshot - {}
RESULT: {}
RESULT: {"using":"css selector","value":"#shell-header-logo"}
COMMAND: POST /session/db7e74ddcaedfecfca9d83c19254142b/element/f.624D7720A2383BCF46C1895FE70984DD.d.852D37AC8C591A02E902380FB9E0FA0B.e.24119/click - {}
RESULT: {}
RESULT: {}
COMMAND: GET /session/db7e74ddcaedfecfca9d83c19254142b/screenshot - {}
RESULT: {}
COMMAND: POST /session/db7e74ddcaedfecfca9d83c19254142b/execute/async - {"script":"<script> [189 bytes]","args":[]}
RESULT: {"script":"<script> [189 bytes]","args":[]}
COMMAND: POST /session/db7e74ddcaedfecfca9d83c19254142b/execute/async - {"script":"<script> [123 bytes]","args":[]}
RESULT: {"script":"<script> [123 bytes]","args":[]}
COMMAND: POST /session/db7e74ddcaedfecfca9d83c19254142b/timeouts - {"script":"<number>"}
RESULT: {"script":"<number>"}
COMMAND: GET /session/db7e74ddcaedfecfca9d83c19254142b/timeouts - {}
RESULT: {}
RESULT: undefined
COMMAND: POST /session/db7e74ddcaedfecfca9d83c19254142b/execute/async - {"script":"<script> [2676 bytes]","args":[]}
RESULT: {"script":"<script> [2676 bytes]","args":[]}
COMMAND: POST /session/db7e74ddcaedfecfca9d83c19254142b/execute/async - {"script":"<script> [2342 bytes]","args":[{"protocol":"http","hostname":"0.0.0.0","path":"/","capabilities":{"browserName":"chrome","goog:chromeOptions":{"binary":"C:\\Program Files\\Google\\Chrome\\Application\\chrome.exe","args":["--start-maximized"]}},"logLevel":"warn","connectionRetryTimeout":120000,"connectionRetryCount":3,"logLevels":{},"enableDirectConnect":true,"strictSSL":true,"_":"65 more keys: [\"cacheDir\",\"port\",\"requestedCapabilities\",\"automationProtocol\",\"baseUrl\",\"waitforInterval\",\"waitforTimeout\",\"onReload\",\"beforeCommand\",\"afterCommand\",\"rootDir\",\"specs\",\"suites\",\"exclude\",\"groupLogsByTestSpec\",\"excludeDriverLogs\",\"bail\",\"framework\",\"reporters\",\"services\",\"maxInstances\",\"maxInstancesPerCapability\",\"injectGlobals\",\"filesToWatch\",\"execArgv\",\"runnerEnv\",\"runner\",\"shard\",\"specFileRetries\",\"specFileRetriesDelay\",\"specFileRetriesDeferred\",\"reporterSyncInterval\",\"reporterSyncTimeout\",\"cucumberFeaturesWithLineNumbers\",\"autoCompileOpts\",\"mochaOpts\",\"jasmineOpts\",\"cucumberOpts\",\"onPrepare\",\"onWorkerStart\",\"onWorkerEnd\",\"before\",\"beforeSession\",\"beforeSuite\",\"beforeHook\",\"beforeTest\",\"afterTest\",\"afterHook\",\"afterSuite\",\"afterSession\",\"after\",\"onComplete\",\"beforeAssertion\",\"afterAssertion\",\"beforeFeature\",\"beforeScenario\",\"beforeStep\",\"afterStep\",\"afterScenario\",\"afterFeature\",\"_\",\"suite\",\"$0\",\"ignoredWorkerServices\",\"wdi5\"]"}]}
RESULT: {"script":"<script> [2342 bytes]","args":[{"protocol":"http","hostname":"0.0.0.0","path":"/","capabilities":{"browserName":"chrome","goog:chromeOptions":{"binary":"C:\\Program Files\\Google\\Chrome\\Application\\chrome.exe","args":["--start-maximized"]}},"logLevel":"warn","connectionRetryTimeout":120000,"connectionRetryCount":3,"logLevels":{},"enableDirectConnect":true,"strictSSL":true,"_":"65 more keys: [\"cacheDir\",\"port\",\"requestedCapabilities\",\"automationProtocol\",\"baseUrl\",\"waitforInterval\",\"waitforTimeout\",\"onReload\",\"beforeCommand\",\"afterCommand\",\"rootDir\",\"specs\",\"suites\",\"exclude\",\"groupLogsByTestSpec\",\"excludeDriverLogs\",\"bail\",\"framework\",\"reporters\",\"services\",\"maxInstances\",\"maxInstancesPerCapability\",\"injectGlobals\",\"filesToWatch\",\"execArgv\",\"runnerEnv\",\"runner\",\"shard\",\"specFileRetries\",\"specFileRetriesDelay\",\"specFileRetriesDeferred\",\"reporterSyncInterval\",\"reporterSyncTimeout\",\"cucumberFeaturesWithLineNumbers\",\"autoCompileOpts\",\"mochaOpts\",\"jasmineOpts\",\"cucumberOpts\",\"onPrepare\",\"onWorkerStart\",\"onWorkerEnd\",\"before\",\"beforeSession\",\"beforeSuite\",\"beforeHook\",\"beforeTest\",\"afterTest\",\"afterHook\",\"afterSuite\",\"afterSession\",\"after\",\"onComplete\",\"beforeAssertion\",\"afterAssertion\",\"beforeFeature\",\"beforeScenario\",\"beforeStep\",\"afterStep\",\"afterScenario\",\"afterFeature\",\"_\",\"suite\",\"$0\",\"ignoredWorkerServices\",\"wdi5\"]"}]}
COMMAND: POST /session/db7e74ddcaedfecfca9d83c19254142b/execute/async - {"script":"<script> [21126 bytes]","args":[35000]}
RESULT: {"script":"<script> [21126 bytes]","args":[35000]}
COMMAND: POST /session/db7e74ddcaedfecfca9d83c19254142b/window/maximize - {}
RESULT: {}
COMMAND: POST /session/db7e74ddcaedfecfca9d83c19254142b/execute/async - {"script":"<script> [1562 bytes]","args":[{"selector":{"id":"shell-header","interaction":{"idSuffix":"icon"}},"wdio_ui5_key":"shellheader"}]}
COMMAND: GET /session/db7e74ddcaedfecfca9d83c19254142b/screenshot - {}
RESULT: {"script":"<script> [1562 bytes]","args":[{"selector":{"id":"shell-header","interaction":{"idSuffix":"icon"}},"wdio_ui5_key":"shellheader"}]}
RESULT: undefined
COMMAND: POST /session/db7e74ddcaedfecfca9d83c19254142b/window/fullscreen - {}
RESULT: {}
RESULT: {}
]]></system-out>
    </testcase>
  </testsuite>
  <testsuite timestamp="2025-05-26T17:31:28" time="476.147" tests="9" failures="0" errors="0" skipped="0">
    <properties>
      <property name="specId" value="0"/>
      <property name="suiteName" value="Create masterdata for Yard Overview - trigger provide US130988"/>
      <property name="capabilities" value="chrome.136_0_7103_93.windows"/>
      <property name="file" value="file:///D:/a/1/s/test/specs/HTR/stock-decrease.spec.js"/>
    </properties>
    <testcase classname="chrome.136_0_7103_93.windows.Create_masterdata_for_Yard_Overview_-_trigger_provide_US130988" name="Should create a new WHM yard" time="0.015">
      <system-out><![CDATA[
COMMAND: POST /session/db7e74ddcaedfecfca9d83c19254142b/window/fullscreen - {}
RESULT: {}
]]></system-out>
    </testcase>
    <testcase classname="chrome.136_0_7103_93.windows.Create_masterdata_for_Yard_Overview_-_trigger_provide_US130988" name="Should create a new partner" time="0.004"/>
    <testcase classname="chrome.136_0_7103_93.windows.Create_masterdata_for_Yard_Overview_-_trigger_provide_US130988" name="Should create a new site" time="0.006"/>
    <testcase classname="chrome.136_0_7103_93.windows.Create_masterdata_for_Yard_Overview_-_trigger_provide_US130988" name="Should create a new material" time="136.405">
      <system-out><![CDATA[
COMMAND: POST /session/db7e74ddcaedfecfca9d83c19254142b/execute/async - {"script":"<script> [1562 bytes]","args":[{"selector":{"controlType":"sap.m.GenericTile","properties":{"header":"Manage Resources"}},"wdio_ui5_key":"sapm.GenericTile{\"header\":\"Manage Resources\"}"}]}
RESULT: {"script":"<script> [1562 bytes]","args":[{"selector":{"controlType":"sap.m.GenericTile","properties":{"header":"Manage Resources"}},"wdio_ui5_key":"sapm.GenericTile{\"header\":\"Manage Resources\"}"}]}
RESULT: undefined
COMMAND: POST /session/db7e74ddcaedfecfca9d83c19254142b/element - {"using":"xpath","value":"//*[@id=\"__tile31\"]"}
RESULT: {"using":"xpath","value":"//*[@id=\"__tile31\"]"}
COMMAND: POST /session/db7e74ddcaedfecfca9d83c19254142b/element/f.624D7720A2383BCF46C1895FE70984DD.d.852D37AC8C591A02E902380FB9E0FA0B.e.24140/click - {}
RESULT: {}
COMMAND: GET /session/db7e74ddcaedfecfca9d83c19254142b/screenshot - {}
RESULT: {}
COMMAND: POST /session/db7e74ddcaedfecfca9d83c19254142b/elements - {"using":"xpath","value":"//span[text()='Error']"}
RESULT: {"using":"xpath","value":"//span[text()='Error']"}
COMMAND: POST /session/db7e74ddcaedfecfca9d83c19254142b/element - {"using":"xpath","value":"//button[@data-kt=\"addNewRUOverflowToolbarButton\"]"}
RESULT: {"using":"xpath","value":"//button[@data-kt=\"addNewRUOverflowToolbarButton\"]"}
COMMAND: POST /session/db7e74ddcaedfecfca9d83c19254142b/elements - {"using":"xpath","value":"//button[@data-kt=\"addNewRUOverflowToolbarButton\"]"}
RESULT: {"using":"xpath","value":"//button[@data-kt=\"addNewRUOverflowToolbarButton\"]"}
COMMAND: POST /session/db7e74ddcaedfecfca9d83c19254142b/elements - {"using":"xpath","value":"//button[@data-kt=\"addNewRUOverflowToolbarButton\"]"}
RESULT: {"using":"xpath","value":"//button[@data-kt=\"addNewRUOverflowToolbarButton\"]"}
COMMAND: POST /session/db7e74ddcaedfecfca9d83c19254142b/elements - {"using":"xpath","value":"//button[@data-kt=\"addNewRUOverflowToolbarButton\"]"}
RESULT: {"using":"xpath","value":"//button[@data-kt=\"addNewRUOverflowToolbarButton\"]"}
COMMAND: POST /session/db7e74ddcaedfecfca9d83c19254142b/elements - {"using":"xpath","value":"//button[@data-kt=\"addNewRUOverflowToolbarButton\"]"}
RESULT: {"using":"xpath","value":"//button[@data-kt=\"addNewRUOverflowToolbarButton\"]"}
COMMAND: POST /session/db7e74ddcaedfecfca9d83c19254142b/element - {"using":"xpath","value":"//button[@data-kt=\"addNewRUOverflowToolbarButton\"]"}
RESULT: {"using":"xpath","value":"//button[@data-kt=\"addNewRUOverflowToolbarButton\"]"}
COMMAND: POST /session/db7e74ddcaedfecfca9d83c19254142b/execute/sync - {"script":"<script> [8489 bytes]","args":[{"element-6066-11e4-a52e-4f735466cecf":"f.624D7720A2383BCF46C1895FE70984DD.d.852D37AC8C591A02E902380FB9E0FA0B.e.24270","ELEMENT":"f.624D7720A2383BCF46C1895FE70984DD.d.852D37AC8C591A02E902380FB9E0FA0B.e.24270"}]}
RESULT: {"script":"<script> [8489 bytes]","args":[{"element-6066-11e4-a52e-4f735466cecf":"f.624D7720A2383BCF46C1895FE70984DD.d.852D37AC8C591A02E902380FB9E0FA0B.e.24270","ELEMENT":"f.624D7720A2383BCF46C1895FE70984DD.d.852D37AC8C591A02E902380FB9E0FA0B.e.24270"}]}
COMMAND: GET /session/db7e74ddcaedfecfca9d83c19254142b/element/f.624D7720A2383BCF46C1895FE70984DD.d.852D37AC8C591A02E902380FB9E0FA0B.e.24270/enabled - {}
COMMAND: GET /session/db7e74ddcaedfecfca9d83c19254142b/screenshot - {}
RESULT: {}
COMMAND: POST /session/db7e74ddcaedfecfca9d83c19254142b/execute/sync - {"script":"<script> [8489 bytes]","args":[{"element-6066-11e4-a52e-4f735466cecf":"f.624D7720A2383BCF46C1895FE70984DD.d.852D37AC8C591A02E902380FB9E0FA0B.e.24270","ELEMENT":"f.624D7720A2383BCF46C1895FE70984DD.d.852D37AC8C591A02E902380FB9E0FA0B.e.24270"}]}
COMMAND: GET /session/db7e74ddcaedfecfca9d83c19254142b/screenshot - {}
RESULT: {}
RESULT: {"script":"<script> [8489 bytes]","args":[{"element-6066-11e4-a52e-4f735466cecf":"f.624D7720A2383BCF46C1895FE70984DD.d.852D37AC8C591A02E902380FB9E0FA0B.e.24270","ELEMENT":"f.624D7720A2383BCF46C1895FE70984DD.d.852D37AC8C591A02E902380FB9E0FA0B.e.24270"}]}
COMMAND: POST /session/db7e74ddcaedfecfca9d83c19254142b/execute/sync - {"script":"<script> [5351 bytes]","args":[{"element-6066-11e4-a52e-4f735466cecf":"f.624D7720A2383BCF46C1895FE70984DD.d.852D37AC8C591A02E902380FB9E0FA0B.e.24270","ELEMENT":"f.624D7720A2383BCF46C1895FE70984DD.d.852D37AC8C591A02E902380FB9E0FA0B.e.24270"}]}
COMMAND: GET /session/db7e74ddcaedfecfca9d83c19254142b/screenshot - {}
RESULT: {}
RESULT: {"script":"<script> [5351 bytes]","args":[{"element-6066-11e4-a52e-4f735466cecf":"f.624D7720A2383BCF46C1895FE70984DD.d.852D37AC8C591A02E902380FB9E0FA0B.e.24270","ELEMENT":"f.624D7720A2383BCF46C1895FE70984DD.d.852D37AC8C591A02E902380FB9E0FA0B.e.24270"}]}
COMMAND: POST /session/db7e74ddcaedfecfca9d83c19254142b/element/f.624D7720A2383BCF46C1895FE70984DD.d.852D37AC8C591A02E902380FB9E0FA0B.e.24270/click - {}
COMMAND: GET /session/db7e74ddcaedfecfca9d83c19254142b/screenshot - {}
RESULT: {}
RESULT: {}
COMMAND: GET /session/db7e74ddcaedfecfca9d83c19254142b/screenshot - {}
COMMAND: POST /session/db7e74ddcaedfecfca9d83c19254142b/execute/async - {"script":"<script> [1562 bytes]","args":[{"selector":{"id":"application-manageresources-display-component---newResourceUnit--TYPE-arrow"},"wdio_ui5_key":"applicationmanageresources-display-component---newResourceUnit--TYPE-arrow"}]}
RESULT: {}
RESULT: {}
RESULT: {"script":"<script> [1562 bytes]","args":[{"selector":{"id":"application-manageresources-display-component---newResourceUnit--TYPE-arrow"},"wdio_ui5_key":"applicationmanageresources-display-component---newResourceUnit--TYPE-arrow"}]}
RESULT: undefined
COMMAND: POST /session/db7e74ddcaedfecfca9d83c19254142b/element - {"using":"xpath","value":"//*[@id=\"application-manageresources-display-component---newResourceUnit--TYPE-arrow\"]"}
RESULT: {"using":"xpath","value":"//*[@id=\"application-manageresources-display-component---newResourceUnit--TYPE-arrow\"]"}
COMMAND: POST /session/db7e74ddcaedfecfca9d83c19254142b/element/f.624D7720A2383BCF46C1895FE70984DD.d.852D37AC8C591A02E902380FB9E0FA0B.e.24438/click - {}
RESULT: {}
COMMAND: POST /session/db7e74ddcaedfecfca9d83c19254142b/element - {"using":"xpath","value":"//input[@id=\"application-manageresources-display-component---newResourceUnit--TYPE-inner\"]"}
COMMAND: GET /session/db7e74ddcaedfecfca9d83c19254142b/screenshot - {}
RESULT: {"using":"xpath","value":"//input[@id=\"application-manageresources-display-component---newResourceUnit--TYPE-inner\"]"}
COMMAND: POST /session/db7e74ddcaedfecfca9d83c19254142b/element/f.624D7720A2383BCF46C1895FE70984DD.d.852D37AC8C591A02E902380FB9E0FA0B.e.24325/clear - {}
RESULT: {}
RESULT: {}
COMMAND: POST /session/db7e74ddcaedfecfca9d83c19254142b/element/f.624D7720A2383BCF46C1895FE70984DD.d.852D37AC8C591A02E902380FB9E0FA0B.e.24325/value - {"text":"Material"}
COMMAND: GET /session/db7e74ddcaedfecfca9d83c19254142b/screenshot - {}
RESULT: {"text":"Material"}
COMMAND: GET /session/db7e74ddcaedfecfca9d83c19254142b/screenshot - {}
RESULT: {}
RESULT: {}
COMMAND: POST /session/db7e74ddcaedfecfca9d83c19254142b/actions - {"actions":[{"id":"action74","type":"key","parameters":{},"actions":[{"type":"keyDown","value":""},{"type":"pause","duration":10},{"type":"keyUp","value":""}]}]}
RESULT: {"actions":[{"id":"action74","type":"key","parameters":{},"actions":[{"type":"keyDown","value":""},{"type":"pause","duration":10},{"type":"keyUp","value":""}]}]}
COMMAND: POST /session/db7e74ddcaedfecfca9d83c19254142b/execute/async - {"script":"<script> [1562 bytes]","args":[{"selector":{"id":"application-manageresources-display-component---newResourceUnit--SHORT_TEXT","interaction":{"idSuffix":"inner"}},"wdio_ui5_key":"applicationmanageresources-display-component---newResourceUnit--SHORT_TEXT"}]}
COMMAND: GET /session/db7e74ddcaedfecfca9d83c19254142b/screenshot - {}
RESULT: {"script":"<script> [1562 bytes]","args":[{"selector":{"id":"application-manageresources-display-component---newResourceUnit--SHORT_TEXT","interaction":{"idSuffix":"inner"}},"wdio_ui5_key":"applicationmanageresources-display-component---newResourceUnit--SHORT_TEXT"}]}
RESULT: undefined
COMMAND: POST /session/db7e74ddcaedfecfca9d83c19254142b/execute/async - {"script":"<script> [776 bytes]","args":[{"enterText":"Cement WDIO","selector":{"id":"application-manageresources-display-component---newResourceUnit--SHORT_TEXT","interaction":{"idSuffix":"inner"}},"clearTextFirst":true,"interactionType":"ENTER_TEXT"}]}
RESULT: {}
RESULT: {"script":"<script> [776 bytes]","args":[{"enterText":"Cement WDIO","selector":{"id":"application-manageresources-display-component---newResourceUnit--SHORT_TEXT","interaction":{"idSuffix":"inner"}},"clearTextFirst":true,"interactionType":"ENTER_TEXT"}]}
COMMAND: POST /session/db7e74ddcaedfecfca9d83c19254142b/execute/async - {"script":"<script> [1562 bytes]","args":[{"selector":{"id":"application-manageresources-display-component---newResourceUnit--BASE_UNIT_OF_MEASURE","interaction":{"idSuffix":"inner"}},"wdio_ui5_key":"applicationmanageresources-display-component---newResourceUnit--BASE_UNIT_OF_MEASURE"}]}
RESULT: {"script":"<script> [1562 bytes]","args":[{"selector":{"id":"application-manageresources-display-component---newResourceUnit--BASE_UNIT_OF_MEASURE","interaction":{"idSuffix":"inner"}},"wdio_ui5_key":"applicationmanageresources-display-component---newResourceUnit--BASE_UNIT_OF_MEASURE"}]}
RESULT: undefined
COMMAND: POST /session/db7e74ddcaedfecfca9d83c19254142b/execute/async - {"script":"<script> [776 bytes]","args":[{"enterText":"Piece","selector":{"id":"application-manageresources-display-component---newResourceUnit--BASE_UNIT_OF_MEASURE","interaction":{"idSuffix":"inner"}},"clearTextFirst":true,"interactionType":"ENTER_TEXT"}]}
RESULT: {"script":"<script> [776 bytes]","args":[{"enterText":"Piece","selector":{"id":"application-manageresources-display-component---newResourceUnit--BASE_UNIT_OF_MEASURE","interaction":{"idSuffix":"inner"}},"clearTextFirst":true,"interactionType":"ENTER_TEXT"}]}
COMMAND: POST /session/db7e74ddcaedfecfca9d83c19254142b/execute/async - {"script":"<script> [1562 bytes]","args":[{"selector":{"id":"application-manageresources-display-component---newResourceUnit--WEIGHT_UNIT","interaction":{"idSuffix":"inner"}},"wdio_ui5_key":"applicationmanageresources-display-component---newResourceUnit--WEIGHT_UNIT"}]}
RESULT: {"script":"<script> [1562 bytes]","args":[{"selector":{"id":"application-manageresources-display-component---newResourceUnit--WEIGHT_UNIT","interaction":{"idSuffix":"inner"}},"wdio_ui5_key":"applicationmanageresources-display-component---newResourceUnit--WEIGHT_UNIT"}]}
RESULT: undefined
COMMAND: POST /session/db7e74ddcaedfecfca9d83c19254142b/execute/async - {"script":"<script> [776 bytes]","args":[{"enterText":"Gram","selector":{"id":"application-manageresources-display-component---newResourceUnit--WEIGHT_UNIT","interaction":{"idSuffix":"inner"}},"clearTextFirst":true,"interactionType":"ENTER_TEXT"}]}
RESULT: {"script":"<script> [776 bytes]","args":[{"enterText":"Gram","selector":{"id":"application-manageresources-display-component---newResourceUnit--WEIGHT_UNIT","interaction":{"idSuffix":"inner"}},"clearTextFirst":true,"interactionType":"ENTER_TEXT"}]}
COMMAND: POST /session/db7e74ddcaedfecfca9d83c19254142b/execute/async - {"script":"<script> [1562 bytes]","args":[{"selector":{"id":"application-manageresources-display-component---newResourceUnit--DIMENSION_UNIT","interaction":{"idSuffix":"inner"}},"wdio_ui5_key":"applicationmanageresources-display-component---newResourceUnit--DIMENSION_UNIT"}]}
RESULT: {"script":"<script> [1562 bytes]","args":[{"selector":{"id":"application-manageresources-display-component---newResourceUnit--DIMENSION_UNIT","interaction":{"idSuffix":"inner"}},"wdio_ui5_key":"applicationmanageresources-display-component---newResourceUnit--DIMENSION_UNIT"}]}
RESULT: undefined
COMMAND: POST /session/db7e74ddcaedfecfca9d83c19254142b/execute/async - {"script":"<script> [776 bytes]","args":[{"enterText":"Meter","selector":{"id":"application-manageresources-display-component---newResourceUnit--DIMENSION_UNIT","interaction":{"idSuffix":"inner"}},"clearTextFirst":true,"interactionType":"ENTER_TEXT"}]}
RESULT: {"script":"<script> [776 bytes]","args":[{"enterText":"Meter","selector":{"id":"application-manageresources-display-component---newResourceUnit--DIMENSION_UNIT","interaction":{"idSuffix":"inner"}},"clearTextFirst":true,"interactionType":"ENTER_TEXT"}]}
COMMAND: POST /session/db7e74ddcaedfecfca9d83c19254142b/execute/async - {"script":"<script> [1562 bytes]","args":[{"selector":{"id":"application-manageresources-display-component---newResourceUnit--newRRUPage-anchBar-application-manageresources-display-component---newResourceUnit--control-anchor","interaction":{"idSuffix":"BDI-content"}},"wdio_ui5_key":"applicationmanageresources-display-component---newResourceUnit--newRRUPage-anchBar-application-manageresources-display-component---newResourceUnit--control-anchor"}]}
RESULT: {"script":"<script> [1562 bytes]","args":[{"selector":{"id":"application-manageresources-display-component---newResourceUnit--newRRUPage-anchBar-application-manageresources-display-component---newResourceUnit--control-anchor","interaction":{"idSuffix":"BDI-content"}},"wdio_ui5_key":"applicationmanageresources-display-component---newResourceUnit--newRRUPage-anchBar-application-manageresources-display-component---newResourceUnit--control-anchor"}]}
RESULT: undefined
COMMAND: POST /session/db7e74ddcaedfecfca9d83c19254142b/element - {"using":"xpath","value":"//*[@id=\"application-manageresources-display-component---newResourceUnit--newRRUPage-anchBar-application-manageresources-display-component---newResourceUnit--control-anchor\"]"}
RESULT: {"using":"xpath","value":"//*[@id=\"application-manageresources-display-component---newResourceUnit--newRRUPage-anchBar-application-manageresources-display-component---newResourceUnit--control-anchor\"]"}
COMMAND: POST /session/db7e74ddcaedfecfca9d83c19254142b/element/f.624D7720A2383BCF46C1895FE70984DD.d.852D37AC8C591A02E902380FB9E0FA0B.e.24569/click - {}
RESULT: {}
COMMAND: POST /session/db7e74ddcaedfecfca9d83c19254142b/execute/async - {"script":"<script> [1562 bytes]","args":[{"selector":{"id":"application-manageresources-display-component---newResourceUnit--PLANNING_GROUP","interaction":{"idSuffix":"inner"}},"wdio_ui5_key":"applicationmanageresources-display-component---newResourceUnit--PLANNING_GROUP"}]}
COMMAND: GET /session/db7e74ddcaedfecfca9d83c19254142b/screenshot - {}
RESULT: {"script":"<script> [1562 bytes]","args":[{"selector":{"id":"application-manageresources-display-component---newResourceUnit--PLANNING_GROUP","interaction":{"idSuffix":"inner"}},"wdio_ui5_key":"applicationmanageresources-display-component---newResourceUnit--PLANNING_GROUP"}]}
RESULT: undefined
COMMAND: POST /session/db7e74ddcaedfecfca9d83c19254142b/execute/async - {"script":"<script> [776 bytes]","args":[{"enterText":"Material","selector":{"id":"application-manageresources-display-component---newResourceUnit--PLANNING_GROUP","interaction":{"idSuffix":"inner"}},"clearTextFirst":true,"interactionType":"ENTER_TEXT"}]}
RESULT: {}
RESULT: {"script":"<script> [776 bytes]","args":[{"enterText":"Material","selector":{"id":"application-manageresources-display-component---newResourceUnit--PLANNING_GROUP","interaction":{"idSuffix":"inner"}},"clearTextFirst":true,"interactionType":"ENTER_TEXT"}]}
COMMAND: POST /session/db7e74ddcaedfecfca9d83c19254142b/execute/async - {"script":"<script> [1562 bytes]","args":[{"selector":{"id":"application-manageresources-display-component---newResourceUnit--PLANNING_INDICATOR","interaction":{"idSuffix":"inner"}},"wdio_ui5_key":"applicationmanageresources-display-component---newResourceUnit--PLANNING_INDICATOR"}]}
RESULT: {"script":"<script> [1562 bytes]","args":[{"selector":{"id":"application-manageresources-display-component---newResourceUnit--PLANNING_INDICATOR","interaction":{"idSuffix":"inner"}},"wdio_ui5_key":"applicationmanageresources-display-component---newResourceUnit--PLANNING_INDICATOR"}]}
RESULT: undefined
COMMAND: POST /session/db7e74ddcaedfecfca9d83c19254142b/execute/async - {"script":"<script> [776 bytes]","args":[{"enterText":"10 - infinite","selector":{"id":"application-manageresources-display-component---newResourceUnit--PLANNING_INDICATOR","interaction":{"idSuffix":"inner"}},"clearTextFirst":true,"interactionType":"ENTER_TEXT"}]}
RESULT: {"script":"<script> [776 bytes]","args":[{"enterText":"10 - infinite","selector":{"id":"application-manageresources-display-component---newResourceUnit--PLANNING_INDICATOR","interaction":{"idSuffix":"inner"}},"clearTextFirst":true,"interactionType":"ENTER_TEXT"}]}
COMMAND: POST /session/db7e74ddcaedfecfca9d83c19254142b/element - {"using":"css selector","value":"#application-manageresources-display-component---newResourceUnit--btnAddTimeSegment"}
RESULT: {"using":"css selector","value":"#application-manageresources-display-component---newResourceUnit--btnAddTimeSegment"}
COMMAND: GET /session/db7e74ddcaedfecfca9d83c19254142b/element/f.624D7720A2383BCF46C1895FE70984DD.d.852D37AC8C591A02E902380FB9E0FA0B.e.24579/rect - {}
RESULT: {}
COMMAND: GET /session/db7e74ddcaedfecfca9d83c19254142b/window/rect - {}
RESULT: {}
COMMAND: POST /session/db7e74ddcaedfecfca9d83c19254142b/execute/sync - {"script":"<script> [92 bytes]","args":[]}
RESULT: {"script":"<script> [92 bytes]","args":[]}
COMMAND: POST /session/db7e74ddcaedfecfca9d83c19254142b/actions - {"actions":[{"id":"action75","type":"wheel","parameters":{},"actions":[{"type":"scroll","x":-1888,"y":-32,"deltaX":0,"deltaY":0,"duration":0,"origin":{"element-6066-11e4-a52e-4f735466cecf":"f.624D7720A2383BCF46C1895FE70984DD.d.852D37AC8C591A02E902380FB9E0FA0B.e.24579"}}]}]}
COMMAND: GET /session/db7e74ddcaedfecfca9d83c19254142b/screenshot - {}
RESULT: {}
COMMAND: POST /session/db7e74ddcaedfecfca9d83c19254142b/execute/sync - {"script":"<script> [79 bytes]","args":[{"element-6066-11e4-a52e-4f735466cecf":"f.624D7720A2383BCF46C1895FE70984DD.d.852D37AC8C591A02E902380FB9E0FA0B.e.24579","ELEMENT":"f.624D7720A2383BCF46C1895FE70984DD.d.852D37AC8C591A02E902380FB9E0FA0B.e.24579"},{"block":"start","inline":"nearest"}]}
RESULT: {"script":"<script> [79 bytes]","args":[{"element-6066-11e4-a52e-4f735466cecf":"f.624D7720A2383BCF46C1895FE70984DD.d.852D37AC8C591A02E902380FB9E0FA0B.e.24579","ELEMENT":"f.624D7720A2383BCF46C1895FE70984DD.d.852D37AC8C591A02E902380FB9E0FA0B.e.24579"},{"block":"start","inline":"nearest"}]}
COMMAND: POST /session/db7e74ddcaedfecfca9d83c19254142b/execute/async - {"script":"<script> [1562 bytes]","args":[{"selector":{"id":"application-manageresources-display-component---newResourceUnit--btnAddTimeSegment","interaction":{"idSuffix":"inner"}},"wdio_ui5_key":"applicationmanageresources-display-component---newResourceUnit--btnAddTimeSegment"}]}
COMMAND: GET /session/db7e74ddcaedfecfca9d83c19254142b/screenshot - {}
RESULT: {"script":"<script> [1562 bytes]","args":[{"selector":{"id":"application-manageresources-display-component---newResourceUnit--btnAddTimeSegment","interaction":{"idSuffix":"inner"}},"wdio_ui5_key":"applicationmanageresources-display-component---newResourceUnit--btnAddTimeSegment"}]}
RESULT: undefined
COMMAND: POST /session/db7e74ddcaedfecfca9d83c19254142b/element - {"using":"xpath","value":"//*[@id=\"application-manageresources-display-component---newResourceUnit--btnAddTimeSegment\"]"}
RESULT: {}
RESULT: {"using":"xpath","value":"//*[@id=\"application-manageresources-display-component---newResourceUnit--btnAddTimeSegment\"]"}
COMMAND: POST /session/db7e74ddcaedfecfca9d83c19254142b/element/f.624D7720A2383BCF46C1895FE70984DD.d.852D37AC8C591A02E902380FB9E0FA0B.e.24579/click - {}
RESULT: {}
COMMAND: GET /session/db7e74ddcaedfecfca9d83c19254142b/screenshot - {}
RESULT: {}
COMMAND: POST /session/db7e74ddcaedfecfca9d83c19254142b/element - {"using":"xpath","value":"//input[@id=\"application-manageresources-display-component---newResourceUnit--idRuTSAdmin-application-manageresources-display-component---newResourceUnit--RUTimeSegment-0-inner\"]"}
RESULT: {"using":"xpath","value":"//input[@id=\"application-manageresources-display-component---newResourceUnit--idRuTSAdmin-application-manageresources-display-component---newResourceUnit--RUTimeSegment-0-inner\"]"}
COMMAND: POST /session/db7e74ddcaedfecfca9d83c19254142b/element/f.624D7720A2383BCF46C1895FE70984DD.d.852D37AC8C591A02E902380FB9E0FA0B.e.24584/clear - {}
RESULT: {}
COMMAND: POST /session/db7e74ddcaedfecfca9d83c19254142b/element/f.624D7720A2383BCF46C1895FE70984DD.d.852D37AC8C591A02E902380FB9E0FA0B.e.24584/value - {"text":"337"}
COMMAND: GET /session/db7e74ddcaedfecfca9d83c19254142b/screenshot - {}
RESULT: {"text":"337"}
COMMAND: GET /session/db7e74ddcaedfecfca9d83c19254142b/screenshot - {}
RESULT: {}
RESULT: {}
COMMAND: POST /session/db7e74ddcaedfecfca9d83c19254142b/element - {"using":"xpath","value":"//li[.//span[text()='337']]"}
RESULT: {"using":"xpath","value":"//li[.//span[text()='337']]"}
COMMAND: POST /session/db7e74ddcaedfecfca9d83c19254142b/element/f.624D7720A2383BCF46C1895FE70984DD.d.852D37AC8C591A02E902380FB9E0FA0B.e.24593/click - {}
RESULT: {}
COMMAND: GET /session/db7e74ddcaedfecfca9d83c19254142b/screenshot - {}
RESULT: {}
COMMAND: POST /session/db7e74ddcaedfecfca9d83c19254142b/element - {"using":"xpath","value":"(//span[contains(@id, \"-application-manageresources-display-component---newResourceUnit--RUTimeSegment-0-arrow\")])[2]"}
RESULT: {"using":"xpath","value":"(//span[contains(@id, \"-application-manageresources-display-component---newResourceUnit--RUTimeSegment-0-arrow\")])[2]"}
COMMAND: POST /session/db7e74ddcaedfecfca9d83c19254142b/element/f.624D7720A2383BCF46C1895FE70984DD.d.852D37AC8C591A02E902380FB9E0FA0B.e.24594/click - {}
RESULT: {}
COMMAND: POST /session/db7e74ddcaedfecfca9d83c19254142b/element - {"using":"xpath","value":"//span[contains(text(), \"PM Order\")]"}
COMMAND: GET /session/db7e74ddcaedfecfca9d83c19254142b/screenshot - {}
RESULT: {"using":"xpath","value":"//span[contains(text(), \"PM Order\")]"}
COMMAND: POST /session/db7e74ddcaedfecfca9d83c19254142b/element/f.624D7720A2383BCF46C1895FE70984DD.d.852D37AC8C591A02E902380FB9E0FA0B.e.24595/click - {}
RESULT: {}
RESULT: {}
COMMAND: GET /session/db7e74ddcaedfecfca9d83c19254142b/screenshot - {}
RESULT: {}
COMMAND: POST /session/db7e74ddcaedfecfca9d83c19254142b/element - {"using":"xpath","value":"//td/div/div/div/span[contains(@id, \"newResourceUnit--RUTimeSegment-0-vhi\")][1]"}
RESULT: {"using":"xpath","value":"//td/div/div/div/span[contains(@id, \"newResourceUnit--RUTimeSegment-0-vhi\")][1]"}
COMMAND: GET /session/db7e74ddcaedfecfca9d83c19254142b/element/f.624D7720A2383BCF46C1895FE70984DD.d.852D37AC8C591A02E902380FB9E0FA0B.e.24599/rect - {}
RESULT: {}
COMMAND: GET /session/db7e74ddcaedfecfca9d83c19254142b/window/rect - {}
RESULT: {}
COMMAND: POST /session/db7e74ddcaedfecfca9d83c19254142b/execute/sync - {"script":"<script> [92 bytes]","args":[]}
RESULT: {"script":"<script> [92 bytes]","args":[]}
COMMAND: POST /session/db7e74ddcaedfecfca9d83c19254142b/actions - {"actions":[{"id":"action76","type":"wheel","parameters":{},"actions":[{"type":"scroll","x":-1888,"y":-24,"deltaX":0,"deltaY":0,"duration":0,"origin":{"element-6066-11e4-a52e-4f735466cecf":"f.624D7720A2383BCF46C1895FE70984DD.d.852D37AC8C591A02E902380FB9E0FA0B.e.24599"}}]}]}
COMMAND: GET /session/db7e74ddcaedfecfca9d83c19254142b/screenshot - {}
RESULT: {}
COMMAND: POST /session/db7e74ddcaedfecfca9d83c19254142b/execute/sync - {"script":"<script> [79 bytes]","args":[{"element-6066-11e4-a52e-4f735466cecf":"f.624D7720A2383BCF46C1895FE70984DD.d.852D37AC8C591A02E902380FB9E0FA0B.e.24599","ELEMENT":"f.624D7720A2383BCF46C1895FE70984DD.d.852D37AC8C591A02E902380FB9E0FA0B.e.24599"},{"block":"start","inline":"nearest"}]}
RESULT: {"script":"<script> [79 bytes]","args":[{"element-6066-11e4-a52e-4f735466cecf":"f.624D7720A2383BCF46C1895FE70984DD.d.852D37AC8C591A02E902380FB9E0FA0B.e.24599","ELEMENT":"f.624D7720A2383BCF46C1895FE70984DD.d.852D37AC8C591A02E902380FB9E0FA0B.e.24599"},{"block":"start","inline":"nearest"}]}
COMMAND: GET /session/db7e74ddcaedfecfca9d83c19254142b/screenshot - {}
RESULT: {}
COMMAND: POST /session/db7e74ddcaedfecfca9d83c19254142b/element/f.624D7720A2383BCF46C1895FE70984DD.d.852D37AC8C591A02E902380FB9E0FA0B.e.24599/click - {}
RESULT: {}
COMMAND: GET /session/db7e74ddcaedfecfca9d83c19254142b/screenshot - {}
RESULT: {}
COMMAND: POST /session/db7e74ddcaedfecfca9d83c19254142b/execute/async - {"script":"<script> [1562 bytes]","args":[{"selector":{"controlType":"sap.m.SearchField","properties":{"placeholder":"Search"},"searchOpenDialogs":true,"interaction":{"idSuffix":"I"}},"wdio_ui5_key":"sapm.SearchField{\"placeholder\":\"Search\"}"}]}
RESULT: {"script":"<script> [1562 bytes]","args":[{"selector":{"controlType":"sap.m.SearchField","properties":{"placeholder":"Search"},"searchOpenDialogs":true,"interaction":{"idSuffix":"I"}},"wdio_ui5_key":"sapm.SearchField{\"placeholder\":\"Search\"}"}]}
RESULT: undefined
COMMAND: POST /session/db7e74ddcaedfecfca9d83c19254142b/execute/async - {"script":"<script> [776 bytes]","args":[{"enterText":"4000360","selector":{"controlType":"sap.m.SearchField","properties":{"placeholder":"Search"},"searchOpenDialogs":true,"interaction":{"idSuffix":"I"}},"clearTextFirst":true,"interactionType":"ENTER_TEXT"}]}
RESULT: {"script":"<script> [776 bytes]","args":[{"enterText":"4000360","selector":{"controlType":"sap.m.SearchField","properties":{"placeholder":"Search"},"searchOpenDialogs":true,"interaction":{"idSuffix":"I"}},"clearTextFirst":true,"interactionType":"ENTER_TEXT"}]}
COMMAND: POST /session/db7e74ddcaedfecfca9d83c19254142b/actions - {"actions":[{"id":"action77","type":"key","parameters":{},"actions":[{"type":"keyDown","value":""},{"type":"pause","duration":10},{"type":"keyUp","value":""}]}]}
RESULT: {"actions":[{"id":"action77","type":"key","parameters":{},"actions":[{"type":"keyDown","value":""},{"type":"pause","duration":10},{"type":"keyUp","value":""}]}]}
COMMAND: GET /session/db7e74ddcaedfecfca9d83c19254142b/screenshot - {}
RESULT: {}
COMMAND: POST /session/db7e74ddcaedfecfca9d83c19254142b/element - {"using":"xpath","value":"//td/div/span[contains(text(), \"BGL Vehicles\")]"}
RESULT: {"using":"xpath","value":"//td/div/span[contains(text(), \"BGL Vehicles\")]"}
COMMAND: POST /session/db7e74ddcaedfecfca9d83c19254142b/element/f.624D7720A2383BCF46C1895FE70984DD.d.852D37AC8C591A02E902380FB9E0FA0B.e.24620/click - {}
RESULT: {}
COMMAND: GET /session/db7e74ddcaedfecfca9d83c19254142b/screenshot - {}
RESULT: {}
COMMAND: POST /session/db7e74ddcaedfecfca9d83c19254142b/element - {"using":"xpath","value":"//bdi[contains(text(), \"OK\")]"}
RESULT: {"using":"xpath","value":"//bdi[contains(text(), \"OK\")]"}
COMMAND: POST /session/db7e74ddcaedfecfca9d83c19254142b/element/f.624D7720A2383BCF46C1895FE70984DD.d.852D37AC8C591A02E902380FB9E0FA0B.e.24621/click - {}
RESULT: {}
COMMAND: GET /session/db7e74ddcaedfecfca9d83c19254142b/screenshot - {}
RESULT: {}
COMMAND: POST /session/db7e74ddcaedfecfca9d83c19254142b/element - {"using":"xpath","value":"//label[contains(@class, 'sapMLabelRequired') and .//bdi[contains(text(), 'Planned Retirement')]]"}
RESULT: {"using":"xpath","value":"//label[contains(@class, 'sapMLabelRequired') and .//bdi[contains(text(), 'Planned Retirement')]]"}
COMMAND: POST /session/db7e74ddcaedfecfca9d83c19254142b/elements - {"using":"xpath","value":"//label[contains(@class, 'sapMLabelRequired') and .//bdi[contains(text(), 'Planned Retirement')]]"}
RESULT: {"using":"xpath","value":"//label[contains(@class, 'sapMLabelRequired') and .//bdi[contains(text(), 'Planned Retirement')]]"}
COMMAND: POST /session/db7e74ddcaedfecfca9d83c19254142b/element - {"using":"xpath","value":"//button[@data-kt=\"resourceUnitSaveButton\"]"}
RESULT: {"using":"xpath","value":"//button[@data-kt=\"resourceUnitSaveButton\"]"}
COMMAND: POST /session/db7e74ddcaedfecfca9d83c19254142b/element/f.624D7720A2383BCF46C1895FE70984DD.d.852D37AC8C591A02E902380FB9E0FA0B.e.24455/click - {}
RESULT: {}
COMMAND: GET /session/db7e74ddcaedfecfca9d83c19254142b/screenshot - {}
RESULT: {}
COMMAND: POST /session/db7e74ddcaedfecfca9d83c19254142b/element - {"using":"xpath","value":"//bdi[contains(text(), \"Close\")]"}
RESULT: {"using":"xpath","value":"//bdi[contains(text(), \"Close\")]"}
COMMAND: POST /session/db7e74ddcaedfecfca9d83c19254142b/element/f.624D7720A2383BCF46C1895FE70984DD.d.852D37AC8C591A02E902380FB9E0FA0B.e.24628/click - {}
RESULT: {}
COMMAND: GET /session/db7e74ddcaedfecfca9d83c19254142b/screenshot - {}
RESULT: {}
COMMAND: POST /session/db7e74ddcaedfecfca9d83c19254142b/element - {"using":"xpath","value":"//header[contains(@id, 'detailRruPage-headerTitle')]/div[1]/div[2]/div[2]/span[1]"}
RESULT: {"using":"xpath","value":"//header[contains(@id, 'detailRruPage-headerTitle')]/div[1]/div[2]/div[2]/span[1]"}
COMMAND: POST /session/db7e74ddcaedfecfca9d83c19254142b/elements - {"using":"xpath","value":"//header[contains(@id, 'detailRruPage-headerTitle')]/div[1]/div[2]/div[2]/span[1]"}
RESULT: {"using":"xpath","value":"//header[contains(@id, 'detailRruPage-headerTitle')]/div[1]/div[2]/div[2]/span[1]"}
COMMAND: POST /session/db7e74ddcaedfecfca9d83c19254142b/execute/sync - {"script":"<script> [56 bytes]","args":[{"element-6066-11e4-a52e-4f735466cecf":"f.624D7720A2383BCF46C1895FE70984DD.d.852D37AC8C591A02E902380FB9E0FA0B.e.24662","ELEMENT":"f.624D7720A2383BCF46C1895FE70984DD.d.852D37AC8C591A02E902380FB9E0FA0B.e.24662"}]}
RESULT: {"script":"<script> [56 bytes]","args":[{"element-6066-11e4-a52e-4f735466cecf":"f.624D7720A2383BCF46C1895FE70984DD.d.852D37AC8C591A02E902380FB9E0FA0B.e.24662","ELEMENT":"f.624D7720A2383BCF46C1895FE70984DD.d.852D37AC8C591A02E902380FB9E0FA0B.e.24662"}]}
COMMAND: POST /session/db7e74ddcaedfecfca9d83c19254142b/element - {"using":"css selector","value":"#shell-header-logo"}
COMMAND: GET /session/db7e74ddcaedfecfca9d83c19254142b/screenshot - {}
RESULT: {"using":"css selector","value":"#shell-header-logo"}
COMMAND: POST /session/db7e74ddcaedfecfca9d83c19254142b/element/f.624D7720A2383BCF46C1895FE70984DD.d.852D37AC8C591A02E902380FB9E0FA0B.e.24119/click - {}
RESULT: {}
RESULT: {}
COMMAND: GET /session/db7e74ddcaedfecfca9d83c19254142b/screenshot - {}
RESULT: {}
]]></system-out>
    </testcase>
    <testcase classname="chrome.136_0_7103_93.windows.Create_masterdata_for_Yard_Overview_-_trigger_provide_US130988" name="Bin Status Report Should Create New Organization yard" time="0.004"/>
    <testcase classname="chrome.136_0_7103_93.windows.Create_masterdata_for_Yard_Overview_-_trigger_provide_US130988" name="Create a Warehouse Movement for created yard" time="50.938">
      <system-out><![CDATA[
COMMAND: POST /session/db7e74ddcaedfecfca9d83c19254142b/execute/async - {"script":"<script> [1562 bytes]","args":[{"selector":{"controlType":"sap.m.GenericTile","properties":{"header":"Manage Warehouse Movements"}},"wdio_ui5_key":"sapm.GenericTile{\"header\":\"Manage Warehouse Movements\"}"}]}
RESULT: {"script":"<script> [1562 bytes]","args":[{"selector":{"controlType":"sap.m.GenericTile","properties":{"header":"Manage Warehouse Movements"}},"wdio_ui5_key":"sapm.GenericTile{\"header\":\"Manage Warehouse Movements\"}"}]}
RESULT: undefined
COMMAND: POST /session/db7e74ddcaedfecfca9d83c19254142b/element - {"using":"xpath","value":"//*[@id=\"__tile105\"]"}
RESULT: {"using":"xpath","value":"//*[@id=\"__tile105\"]"}
COMMAND: POST /session/db7e74ddcaedfecfca9d83c19254142b/element/f.624D7720A2383BCF46C1895FE70984DD.d.852D37AC8C591A02E902380FB9E0FA0B.e.24664/click - {}
RESULT: {}
COMMAND: POST /session/db7e74ddcaedfecfca9d83c19254142b/element - {"using":"xpath","value":"//input[@id='application-warehousemovements-display-component---warehouseMovements--smartFilterBar-filterItemControl_BASIC-YARD-inner']"}
COMMAND: GET /session/db7e74ddcaedfecfca9d83c19254142b/screenshot - {}
RESULT: {"using":"xpath","value":"//input[@id='application-warehousemovements-display-component---warehouseMovements--smartFilterBar-filterItemControl_BASIC-YARD-inner']"}
COMMAND: POST /session/db7e74ddcaedfecfca9d83c19254142b/elements - {"using":"xpath","value":"//input[@id='application-warehousemovements-display-component---warehouseMovements--smartFilterBar-filterItemControl_BASIC-YARD-inner']"}
RESULT: {}
RESULT: {"using":"xpath","value":"//input[@id='application-warehousemovements-display-component---warehouseMovements--smartFilterBar-filterItemControl_BASIC-YARD-inner']"}
COMMAND: POST /session/db7e74ddcaedfecfca9d83c19254142b/element - {"using":"xpath","value":"//input[@id='application-warehousemovements-display-component---warehouseMovements--smartFilterBar-filterItemControl_BASIC-YARD-inner']"}
RESULT: {"using":"xpath","value":"//input[@id='application-warehousemovements-display-component---warehouseMovements--smartFilterBar-filterItemControl_BASIC-YARD-inner']"}
COMMAND: POST /session/db7e74ddcaedfecfca9d83c19254142b/execute/sync - {"script":"<script> [8489 bytes]","args":[{"element-6066-11e4-a52e-4f735466cecf":"f.624D7720A2383BCF46C1895FE70984DD.d.852D37AC8C591A02E902380FB9E0FA0B.e.24687","ELEMENT":"f.624D7720A2383BCF46C1895FE70984DD.d.852D37AC8C591A02E902380FB9E0FA0B.e.24687"}]}
RESULT: {"script":"<script> [8489 bytes]","args":[{"element-6066-11e4-a52e-4f735466cecf":"f.624D7720A2383BCF46C1895FE70984DD.d.852D37AC8C591A02E902380FB9E0FA0B.e.24687","ELEMENT":"f.624D7720A2383BCF46C1895FE70984DD.d.852D37AC8C591A02E902380FB9E0FA0B.e.24687"}]}
COMMAND: GET /session/db7e74ddcaedfecfca9d83c19254142b/element/f.624D7720A2383BCF46C1895FE70984DD.d.852D37AC8C591A02E902380FB9E0FA0B.e.24687/enabled - {}
COMMAND: GET /session/db7e74ddcaedfecfca9d83c19254142b/screenshot - {}
RESULT: {}
COMMAND: POST /session/db7e74ddcaedfecfca9d83c19254142b/execute/sync - {"script":"<script> [8489 bytes]","args":[{"element-6066-11e4-a52e-4f735466cecf":"f.624D7720A2383BCF46C1895FE70984DD.d.852D37AC8C591A02E902380FB9E0FA0B.e.24687","ELEMENT":"f.624D7720A2383BCF46C1895FE70984DD.d.852D37AC8C591A02E902380FB9E0FA0B.e.24687"}]}
COMMAND: GET /session/db7e74ddcaedfecfca9d83c19254142b/screenshot - {}
RESULT: {}
RESULT: {"script":"<script> [8489 bytes]","args":[{"element-6066-11e4-a52e-4f735466cecf":"f.624D7720A2383BCF46C1895FE70984DD.d.852D37AC8C591A02E902380FB9E0FA0B.e.24687","ELEMENT":"f.624D7720A2383BCF46C1895FE70984DD.d.852D37AC8C591A02E902380FB9E0FA0B.e.24687"}]}
COMMAND: POST /session/db7e74ddcaedfecfca9d83c19254142b/execute/sync - {"script":"<script> [5351 bytes]","args":[{"element-6066-11e4-a52e-4f735466cecf":"f.624D7720A2383BCF46C1895FE70984DD.d.852D37AC8C591A02E902380FB9E0FA0B.e.24687","ELEMENT":"f.624D7720A2383BCF46C1895FE70984DD.d.852D37AC8C591A02E902380FB9E0FA0B.e.24687"}]}
COMMAND: GET /session/db7e74ddcaedfecfca9d83c19254142b/screenshot - {}
RESULT: {}
RESULT: {"script":"<script> [5351 bytes]","args":[{"element-6066-11e4-a52e-4f735466cecf":"f.624D7720A2383BCF46C1895FE70984DD.d.852D37AC8C591A02E902380FB9E0FA0B.e.24687","ELEMENT":"f.624D7720A2383BCF46C1895FE70984DD.d.852D37AC8C591A02E902380FB9E0FA0B.e.24687"}]}
COMMAND: GET /session/db7e74ddcaedfecfca9d83c19254142b/screenshot - {}
RESULT: {}
RESULT: {}
COMMAND: POST /session/db7e74ddcaedfecfca9d83c19254142b/element/f.624D7720A2383BCF46C1895FE70984DD.d.852D37AC8C591A02E902380FB9E0FA0B.e.24687/clear - {}
RESULT: {}
COMMAND: POST /session/db7e74ddcaedfecfca9d83c19254142b/element/f.624D7720A2383BCF46C1895FE70984DD.d.852D37AC8C591A02E902380FB9E0FA0B.e.24687/value - {"text":"337"}
COMMAND: GET /session/db7e74ddcaedfecfca9d83c19254142b/screenshot - {}
RESULT: {"text":"337"}
COMMAND: POST /session/db7e74ddcaedfecfca9d83c19254142b/actions - {"actions":[{"id":"action78","type":"key","parameters":{},"actions":[{"type":"keyDown","value":""},{"type":"pause","duration":10},{"type":"keyUp","value":""}]}]}
COMMAND: GET /session/db7e74ddcaedfecfca9d83c19254142b/screenshot - {}
RESULT: {}
RESULT: {"actions":[{"id":"action78","type":"key","parameters":{},"actions":[{"type":"keyDown","value":""},{"type":"pause","duration":10},{"type":"keyUp","value":""}]}]}
COMMAND: GET /session/db7e74ddcaedfecfca9d83c19254142b/screenshot - {}
RESULT: {}
RESULT: {}
COMMAND: POST /session/db7e74ddcaedfecfca9d83c19254142b/element - {"using":"xpath","value":"//button[contains(@data-kt, \"MasterMovementAddOverflowToolbarButton\")]"}
RESULT: {"using":"xpath","value":"//button[contains(@data-kt, \"MasterMovementAddOverflowToolbarButton\")]"}
COMMAND: POST /session/db7e74ddcaedfecfca9d83c19254142b/element/f.624D7720A2383BCF46C1895FE70984DD.d.852D37AC8C591A02E902380FB9E0FA0B.e.24709/click - {}
RESULT: {}
COMMAND: GET /session/db7e74ddcaedfecfca9d83c19254142b/screenshot - {}
RESULT: {}
COMMAND: POST /session/db7e74ddcaedfecfca9d83c19254142b/element - {"using":"xpath","value":"//*[@id=\"application-warehousemovements-display-component---addMovement--sectionsList-arrow\"]"}
RESULT: {"using":"xpath","value":"//*[@id=\"application-warehousemovements-display-component---addMovement--sectionsList-arrow\"]"}
COMMAND: POST /session/db7e74ddcaedfecfca9d83c19254142b/element/f.624D7720A2383BCF46C1895FE70984DD.d.852D37AC8C591A02E902380FB9E0FA0B.e.24931/click - {}
RESULT: {}
COMMAND: POST /session/db7e74ddcaedfecfca9d83c19254142b/actions - {"actions":[{"id":"action79","type":"key","parameters":{},"actions":[{"type":"keyDown","value":""},{"type":"pause","duration":10},{"type":"keyUp","value":""}]}]}
COMMAND: GET /session/db7e74ddcaedfecfca9d83c19254142b/screenshot - {}
RESULT: {"actions":[{"id":"action79","type":"key","parameters":{},"actions":[{"type":"keyDown","value":""},{"type":"pause","duration":10},{"type":"keyUp","value":""}]}]}
COMMAND: GET /session/db7e74ddcaedfecfca9d83c19254142b/screenshot - {}
RESULT: {}
RESULT: {}
COMMAND: POST /session/db7e74ddcaedfecfca9d83c19254142b/actions - {"actions":[{"id":"action80","type":"key","parameters":{},"actions":[{"type":"keyDown","value":""},{"type":"pause","duration":10},{"type":"keyUp","value":""}]}]}
RESULT: {"actions":[{"id":"action80","type":"key","parameters":{},"actions":[{"type":"keyDown","value":""},{"type":"pause","duration":10},{"type":"keyUp","value":""}]}]}
COMMAND: GET /session/db7e74ddcaedfecfca9d83c19254142b/screenshot - {}
RESULT: {}
COMMAND: POST /session/db7e74ddcaedfecfca9d83c19254142b/element - {"using":"xpath","value":"//*[@id=\"application-warehousemovements-display-component---addMovement--saveMovementBtn-BDI-content\" and text()=\"Save\"]"}
RESULT: {"using":"xpath","value":"//*[@id=\"application-warehousemovements-display-component---addMovement--saveMovementBtn-BDI-content\" and text()=\"Save\"]"}
COMMAND: POST /session/db7e74ddcaedfecfca9d83c19254142b/element/f.624D7720A2383BCF46C1895FE70984DD.d.852D37AC8C591A02E902380FB9E0FA0B.e.24932/click - {}
RESULT: {}
COMMAND: GET /session/db7e74ddcaedfecfca9d83c19254142b/screenshot - {}
RESULT: {}
COMMAND: POST /session/db7e74ddcaedfecfca9d83c19254142b/element - {"using":"css selector","value":"#shell-header-logo"}
RESULT: {"using":"css selector","value":"#shell-header-logo"}
COMMAND: POST /session/db7e74ddcaedfecfca9d83c19254142b/element/f.624D7720A2383BCF46C1895FE70984DD.d.852D37AC8C591A02E902380FB9E0FA0B.e.24668/click - {}
RESULT: {}
COMMAND: GET /session/db7e74ddcaedfecfca9d83c19254142b/screenshot - {}
RESULT: {}
]]></system-out>
    </testcase>
    <testcase classname="chrome.136_0_7103_93.windows.Create_masterdata_for_Yard_Overview_-_trigger_provide_US130988" name="Should do a stock increase handover for equipment" time="98.523">
      <system-out><![CDATA[
COMMAND: POST /session/db7e74ddcaedfecfca9d83c19254142b/execute/async - {"script":"<script> [1562 bytes]","args":[{"selector":{"controlType":"sap.m.GenericTile","properties":{"header":"Manage Handovers"}},"wdio_ui5_key":"sapm.GenericTile{\"header\":\"Manage Handovers\"}"}]}
RESULT: {"script":"<script> [1562 bytes]","args":[{"selector":{"controlType":"sap.m.GenericTile","properties":{"header":"Manage Handovers"}},"wdio_ui5_key":"sapm.GenericTile{\"header\":\"Manage Handovers\"}"}]}
RESULT: undefined
COMMAND: POST /session/db7e74ddcaedfecfca9d83c19254142b/element - {"using":"xpath","value":"//*[@id=\"__tile131\"]"}
RESULT: {"using":"xpath","value":"//*[@id=\"__tile131\"]"}
COMMAND: POST /session/db7e74ddcaedfecfca9d83c19254142b/element/f.624D7720A2383BCF46C1895FE70984DD.d.852D37AC8C591A02E902380FB9E0FA0B.e.24167/click - {}
RESULT: {}
COMMAND: GET /session/db7e74ddcaedfecfca9d83c19254142b/screenshot - {}
RESULT: {}
COMMAND: POST /session/db7e74ddcaedfecfca9d83c19254142b/elements - {"using":"xpath","value":"//span[text()='Error']"}
RESULT: {"using":"xpath","value":"//span[text()='Error']"}
COMMAND: POST /session/db7e74ddcaedfecfca9d83c19254142b/element - {"using":"xpath","value":"//button[@data-kt=\"masterHOAddButton\"]"}
RESULT: {"using":"xpath","value":"//button[@data-kt=\"masterHOAddButton\"]"}
COMMAND: POST /session/db7e74ddcaedfecfca9d83c19254142b/elements - {"using":"xpath","value":"//button[@data-kt=\"masterHOAddButton\"]"}
RESULT: {"using":"xpath","value":"//button[@data-kt=\"masterHOAddButton\"]"}
COMMAND: POST /session/db7e74ddcaedfecfca9d83c19254142b/execute/sync - {"script":"<script> [8489 bytes]","args":[{"element-6066-11e4-a52e-4f735466cecf":"f.624D7720A2383BCF46C1895FE70984DD.d.852D37AC8C591A02E902380FB9E0FA0B.e.25037","ELEMENT":"f.624D7720A2383BCF46C1895FE70984DD.d.852D37AC8C591A02E902380FB9E0FA0B.e.25037"}]}
RESULT: {"script":"<script> [8489 bytes]","args":[{"element-6066-11e4-a52e-4f735466cecf":"f.624D7720A2383BCF46C1895FE70984DD.d.852D37AC8C591A02E902380FB9E0FA0B.e.25037","ELEMENT":"f.624D7720A2383BCF46C1895FE70984DD.d.852D37AC8C591A02E902380FB9E0FA0B.e.25037"}]}
COMMAND: GET /session/db7e74ddcaedfecfca9d83c19254142b/element/f.624D7720A2383BCF46C1895FE70984DD.d.852D37AC8C591A02E902380FB9E0FA0B.e.25037/enabled - {}
COMMAND: GET /session/db7e74ddcaedfecfca9d83c19254142b/screenshot - {}
RESULT: {}
COMMAND: POST /session/db7e74ddcaedfecfca9d83c19254142b/execute/sync - {"script":"<script> [8489 bytes]","args":[{"element-6066-11e4-a52e-4f735466cecf":"f.624D7720A2383BCF46C1895FE70984DD.d.852D37AC8C591A02E902380FB9E0FA0B.e.25037","ELEMENT":"f.624D7720A2383BCF46C1895FE70984DD.d.852D37AC8C591A02E902380FB9E0FA0B.e.25037"}]}
COMMAND: GET /session/db7e74ddcaedfecfca9d83c19254142b/screenshot - {}
RESULT: {}
RESULT: {"script":"<script> [8489 bytes]","args":[{"element-6066-11e4-a52e-4f735466cecf":"f.624D7720A2383BCF46C1895FE70984DD.d.852D37AC8C591A02E902380FB9E0FA0B.e.25037","ELEMENT":"f.624D7720A2383BCF46C1895FE70984DD.d.852D37AC8C591A02E902380FB9E0FA0B.e.25037"}]}
COMMAND: POST /session/db7e74ddcaedfecfca9d83c19254142b/execute/sync - {"script":"<script> [5351 bytes]","args":[{"element-6066-11e4-a52e-4f735466cecf":"f.624D7720A2383BCF46C1895FE70984DD.d.852D37AC8C591A02E902380FB9E0FA0B.e.25037","ELEMENT":"f.624D7720A2383BCF46C1895FE70984DD.d.852D37AC8C591A02E902380FB9E0FA0B.e.25037"}]}
COMMAND: GET /session/db7e74ddcaedfecfca9d83c19254142b/screenshot - {}
RESULT: {}
RESULT: {"script":"<script> [5351 bytes]","args":[{"element-6066-11e4-a52e-4f735466cecf":"f.624D7720A2383BCF46C1895FE70984DD.d.852D37AC8C591A02E902380FB9E0FA0B.e.25037","ELEMENT":"f.624D7720A2383BCF46C1895FE70984DD.d.852D37AC8C591A02E902380FB9E0FA0B.e.25037"}]}
COMMAND: POST /session/db7e74ddcaedfecfca9d83c19254142b/element/f.624D7720A2383BCF46C1895FE70984DD.d.852D37AC8C591A02E902380FB9E0FA0B.e.25037/click - {}
COMMAND: GET /session/db7e74ddcaedfecfca9d83c19254142b/screenshot - {}
RESULT: {}
RESULT: {}
COMMAND: GET /session/db7e74ddcaedfecfca9d83c19254142b/screenshot - {}
RESULT: {}
RESULT: {}
COMMAND: POST /session/db7e74ddcaedfecfca9d83c19254142b/element - {"using":"xpath","value":"//span[contains(@id ,\"AddNewHO--typeSelect-arrow\")]"}
RESULT: {"using":"xpath","value":"//span[contains(@id ,\"AddNewHO--typeSelect-arrow\")]"}
COMMAND: POST /session/db7e74ddcaedfecfca9d83c19254142b/element/f.624D7720A2383BCF46C1895FE70984DD.d.852D37AC8C591A02E902380FB9E0FA0B.e.25383/click - {}
RESULT: {}
COMMAND: GET /session/db7e74ddcaedfecfca9d83c19254142b/screenshot - {}
RESULT: {}
COMMAND: POST /session/db7e74ddcaedfecfca9d83c19254142b/element - {"using":"xpath","value":"(//li[contains(text(), \"stock increase yard\")])[1]"}
RESULT: {"using":"xpath","value":"(//li[contains(text(), \"stock increase yard\")])[1]"}
COMMAND: POST /session/db7e74ddcaedfecfca9d83c19254142b/element/f.624D7720A2383BCF46C1895FE70984DD.d.852D37AC8C591A02E902380FB9E0FA0B.e.25384/click - {}
RESULT: {}
COMMAND: GET /session/db7e74ddcaedfecfca9d83c19254142b/screenshot - {}
RESULT: {}
COMMAND: POST /session/db7e74ddcaedfecfca9d83c19254142b/execute/async - {"script":"<script> [1562 bytes]","args":[{"selector":{"id":"application-managehandovers-display-component---AddNewHO--dueDate","interaction":{"idSuffix":"inner"}},"wdio_ui5_key":"applicationmanagehandovers-display-component---AddNewHO--dueDate"}]}
RESULT: {"script":"<script> [1562 bytes]","args":[{"selector":{"id":"application-managehandovers-display-component---AddNewHO--dueDate","interaction":{"idSuffix":"inner"}},"wdio_ui5_key":"applicationmanagehandovers-display-component---AddNewHO--dueDate"}]}
RESULT: undefined
COMMAND: POST /session/db7e74ddcaedfecfca9d83c19254142b/execute/async - {"script":"<script> [6424 bytes]","args":[{"element-6066-11e4-a52e-4f735466cecf":"f.624D7720A2383BCF46C1895FE70984DD.d.852D37AC8C591A02E902380FB9E0FA0B.e.25388"},"setValue",["5/26/25"]]}
RESULT: {"script":"<script> [6424 bytes]","args":[{"element-6066-11e4-a52e-4f735466cecf":"f.624D7720A2383BCF46C1895FE70984DD.d.852D37AC8C591A02E902380FB9E0FA0B.e.25388"},"setValue",["5/26/25"]]}
COMMAND: POST /session/db7e74ddcaedfecfca9d83c19254142b/element - {"using":"xpath","value":"//input[@id=\"generalSectionFrg--receiveYard-inner\"]"}
RESULT: {"using":"xpath","value":"//input[@id=\"generalSectionFrg--receiveYard-inner\"]"}
COMMAND: POST /session/db7e74ddcaedfecfca9d83c19254142b/element/f.624D7720A2383BCF46C1895FE70984DD.d.852D37AC8C591A02E902380FB9E0FA0B.e.25394/clear - {}
RESULT: {}
COMMAND: POST /session/db7e74ddcaedfecfca9d83c19254142b/element/f.624D7720A2383BCF46C1895FE70984DD.d.852D37AC8C591A02E902380FB9E0FA0B.e.25394/value - {"text":"337"}
COMMAND: GET /session/db7e74ddcaedfecfca9d83c19254142b/screenshot - {}
RESULT: {"text":"337"}
COMMAND: GET /session/db7e74ddcaedfecfca9d83c19254142b/screenshot - {}
RESULT: {}
RESULT: {}
COMMAND: POST /session/db7e74ddcaedfecfca9d83c19254142b/element - {"using":"xpath","value":"//li[.//span[text()='337']]"}
RESULT: {"using":"xpath","value":"//li[.//span[text()='337']]"}
COMMAND: POST /session/db7e74ddcaedfecfca9d83c19254142b/element/f.624D7720A2383BCF46C1895FE70984DD.d.852D37AC8C591A02E902380FB9E0FA0B.e.25410/click - {}
RESULT: {}
COMMAND: GET /session/db7e74ddcaedfecfca9d83c19254142b/screenshot - {}
RESULT: {}
COMMAND: POST /session/db7e74ddcaedfecfca9d83c19254142b/execute/async - {"script":"<script> [1562 bytes]","args":[{"selector":{"id":"application-managehandovers-display-component---AddNewHO--ObjectPageLayout-anchBar-application-managehandovers-display-component---AddNewHO--section4-anchor","interaction":{"idSuffix":"BDI-content"}},"wdio_ui5_key":"applicationmanagehandovers-display-component---AddNewHO--ObjectPageLayout-anchBar-application-managehandovers-display-component---AddNewHO--section4-anchor"}]}
RESULT: {"script":"<script> [1562 bytes]","args":[{"selector":{"id":"application-managehandovers-display-component---AddNewHO--ObjectPageLayout-anchBar-application-managehandovers-display-component---AddNewHO--section4-anchor","interaction":{"idSuffix":"BDI-content"}},"wdio_ui5_key":"applicationmanagehandovers-display-component---AddNewHO--ObjectPageLayout-anchBar-application-managehandovers-display-component---AddNewHO--section4-anchor"}]}
RESULT: undefined
COMMAND: POST /session/db7e74ddcaedfecfca9d83c19254142b/element - {"using":"xpath","value":"//*[@id=\"application-managehandovers-display-component---AddNewHO--ObjectPageLayout-anchBar-application-managehandovers-display-component---AddNewHO--section4-anchor\"]"}
RESULT: {"using":"xpath","value":"//*[@id=\"application-managehandovers-display-component---AddNewHO--ObjectPageLayout-anchBar-application-managehandovers-display-component---AddNewHO--section4-anchor\"]"}
COMMAND: POST /session/db7e74ddcaedfecfca9d83c19254142b/element/f.624D7720A2383BCF46C1895FE70984DD.d.852D37AC8C591A02E902380FB9E0FA0B.e.25412/click - {}
RESULT: {}
COMMAND: POST /session/db7e74ddcaedfecfca9d83c19254142b/element - {"using":"xpath","value":"//button[@aria-label=\"Add\"]"}
COMMAND: GET /session/db7e74ddcaedfecfca9d83c19254142b/screenshot - {}
RESULT: {"using":"xpath","value":"//button[@aria-label=\"Add\"]"}
COMMAND: POST /session/db7e74ddcaedfecfca9d83c19254142b/element/f.624D7720A2383BCF46C1895FE70984DD.d.852D37AC8C591A02E902380FB9E0FA0B.e.25414/click - {}
RESULT: {}
RESULT: {}
COMMAND: GET /session/db7e74ddcaedfecfca9d83c19254142b/screenshot - {}
RESULT: {}
COMMAND: POST /session/db7e74ddcaedfecfca9d83c19254142b/execute/async - {"script":"<script> [1562 bytes]","args":[{"selector":{"id":"application-managehandovers-display-component---AddNewHO--smartFilterBar-btnBasicSearch","searchOpenDialogs":true,"interaction":{"idSuffix":"I"}},"wdio_ui5_key":"applicationmanagehandovers-display-component---AddNewHO--smartFilterBar-btnBasicSearch"}]}
RESULT: {"script":"<script> [1562 bytes]","args":[{"selector":{"id":"application-managehandovers-display-component---AddNewHO--smartFilterBar-btnBasicSearch","searchOpenDialogs":true,"interaction":{"idSuffix":"I"}},"wdio_ui5_key":"applicationmanagehandovers-display-component---AddNewHO--smartFilterBar-btnBasicSearch"}]}
RESULT: undefined
COMMAND: POST /session/db7e74ddcaedfecfca9d83c19254142b/execute/async - {"script":"<script> [776 bytes]","args":[{"enterText":"200189","selector":{"id":"application-managehandovers-display-component---AddNewHO--smartFilterBar-btnBasicSearch","searchOpenDialogs":true,"interaction":{"idSuffix":"I"}},"clearTextFirst":true,"interactionType":"ENTER_TEXT"}]}
RESULT: {"script":"<script> [776 bytes]","args":[{"enterText":"200189","selector":{"id":"application-managehandovers-display-component---AddNewHO--smartFilterBar-btnBasicSearch","searchOpenDialogs":true,"interaction":{"idSuffix":"I"}},"clearTextFirst":true,"interactionType":"ENTER_TEXT"}]}
COMMAND: POST /session/db7e74ddcaedfecfca9d83c19254142b/actions - {"actions":[{"id":"action81","type":"key","parameters":{},"actions":[{"type":"keyDown","value":""},{"type":"pause","duration":10},{"type":"keyUp","value":""}]}]}
RESULT: {"actions":[{"id":"action81","type":"key","parameters":{},"actions":[{"type":"keyDown","value":""},{"type":"pause","duration":10},{"type":"keyUp","value":""}]}]}
COMMAND: GET /session/db7e74ddcaedfecfca9d83c19254142b/screenshot - {}
RESULT: {}
COMMAND: POST /session/db7e74ddcaedfecfca9d83c19254142b/execute/async - {"script":"<script> [1562 bytes]","args":[{"selector":{"id":"application-managehandovers-display-component---AddNewHO--popup-sa","searchOpenDialogs":true,"interaction":{"idSuffix":"CbBg"}},"wdio_ui5_key":"applicationmanagehandovers-display-component---AddNewHO--popup-sa"}]}
RESULT: {"script":"<script> [1562 bytes]","args":[{"selector":{"id":"application-managehandovers-display-component---AddNewHO--popup-sa","searchOpenDialogs":true,"interaction":{"idSuffix":"CbBg"}},"wdio_ui5_key":"applicationmanagehandovers-display-component---AddNewHO--popup-sa"}]}
RESULT: undefined
COMMAND: POST /session/db7e74ddcaedfecfca9d83c19254142b/element - {"using":"xpath","value":"//*[@id=\"application-managehandovers-display-component---AddNewHO--popup-sa\"]"}
RESULT: {"using":"xpath","value":"//*[@id=\"application-managehandovers-display-component---AddNewHO--popup-sa\"]"}
COMMAND: POST /session/db7e74ddcaedfecfca9d83c19254142b/element/f.624D7720A2383BCF46C1895FE70984DD.d.852D37AC8C591A02E902380FB9E0FA0B.e.25569/click - {}
RESULT: {}
COMMAND: GET /session/db7e74ddcaedfecfca9d83c19254142b/screenshot - {}
RESULT: {}
COMMAND: POST /session/db7e74ddcaedfecfca9d83c19254142b/element - {"using":"xpath","value":"//bdi[contains(text(), \"Select\")]"}
RESULT: {"using":"xpath","value":"//bdi[contains(text(), \"Select\")]"}
COMMAND: POST /session/db7e74ddcaedfecfca9d83c19254142b/element/f.624D7720A2383BCF46C1895FE70984DD.d.852D37AC8C591A02E902380FB9E0FA0B.e.25570/click - {}
RESULT: {}
COMMAND: GET /session/db7e74ddcaedfecfca9d83c19254142b/screenshot - {}
RESULT: {}
COMMAND: POST /session/db7e74ddcaedfecfca9d83c19254142b/element - {"using":"xpath","value":"//button[@data-kt=\"AddNewHOSaveButton\"]"}
RESULT: {"using":"xpath","value":"//button[@data-kt=\"AddNewHOSaveButton\"]"}
COMMAND: POST /session/db7e74ddcaedfecfca9d83c19254142b/element/f.624D7720A2383BCF46C1895FE70984DD.d.852D37AC8C591A02E902380FB9E0FA0B.e.25574/click - {}
RESULT: {}
COMMAND: GET /session/db7e74ddcaedfecfca9d83c19254142b/screenshot - {}
RESULT: {}
RESULT: undefined
COMMAND: POST /session/db7e74ddcaedfecfca9d83c19254142b/execute/async - {"script":"<script> [1562 bytes]","args":[{"selector":{"id":"receiptDatePicker","viewName":"etm.portal.ui.managehandovers.view.DetailExecuteHO","interaction":{"idSuffix":"inner"}},"wdio_ui5_key":"receiptDatePickeretmportal.ui.managehandovers.view.DetailExecuteHO"}]}
RESULT: {"script":"<script> [1562 bytes]","args":[{"selector":{"id":"receiptDatePicker","viewName":"etm.portal.ui.managehandovers.view.DetailExecuteHO","interaction":{"idSuffix":"inner"}},"wdio_ui5_key":"receiptDatePickeretmportal.ui.managehandovers.view.DetailExecuteHO"}]}
RESULT: undefined
COMMAND: POST /session/db7e74ddcaedfecfca9d83c19254142b/execute/async - {"script":"<script> [6424 bytes]","args":[{"element-6066-11e4-a52e-4f735466cecf":"f.624D7720A2383BCF46C1895FE70984DD.d.852D37AC8C591A02E902380FB9E0FA0B.e.25603"},"setValue",["5/26/25"]]}
RESULT: {"script":"<script> [6424 bytes]","args":[{"element-6066-11e4-a52e-4f735466cecf":"f.624D7720A2383BCF46C1895FE70984DD.d.852D37AC8C591A02E902380FB9E0FA0B.e.25603"},"setValue",["5/26/25"]]}
COMMAND: POST /session/db7e74ddcaedfecfca9d83c19254142b/element - {"using":"xpath","value":"//button[@data-kt=\"ReceivingTableConfirmAllButton\"]"}
RESULT: {"using":"xpath","value":"//button[@data-kt=\"ReceivingTableConfirmAllButton\"]"}
COMMAND: POST /session/db7e74ddcaedfecfca9d83c19254142b/element/f.624D7720A2383BCF46C1895FE70984DD.d.852D37AC8C591A02E902380FB9E0FA0B.e.25621/click - {}
RESULT: {}
COMMAND: GET /session/db7e74ddcaedfecfca9d83c19254142b/screenshot - {}
RESULT: {}
COMMAND: POST /session/db7e74ddcaedfecfca9d83c19254142b/element - {"using":"xpath","value":"//bdi[contains(text(), \"OK\")]"}
RESULT: {"using":"xpath","value":"//bdi[contains(text(), \"OK\")]"}
COMMAND: POST /session/db7e74ddcaedfecfca9d83c19254142b/element/f.624D7720A2383BCF46C1895FE70984DD.d.852D37AC8C591A02E902380FB9E0FA0B.e.25623/click - {}
RESULT: {}
COMMAND: GET /session/db7e74ddcaedfecfca9d83c19254142b/screenshot - {}
RESULT: {}
COMMAND: POST /session/db7e74ddcaedfecfca9d83c19254142b/element - {"using":"xpath","value":"(//bdi[contains(text(), \"Receive\")])[2]"}
RESULT: {"using":"xpath","value":"(//bdi[contains(text(), \"Receive\")])[2]"}
COMMAND: POST /session/db7e74ddcaedfecfca9d83c19254142b/element/f.624D7720A2383BCF46C1895FE70984DD.d.852D37AC8C591A02E902380FB9E0FA0B.e.25625/click - {}
RESULT: {}
COMMAND: GET /session/db7e74ddcaedfecfca9d83c19254142b/screenshot - {}
RESULT: {}
COMMAND: POST /session/db7e74ddcaedfecfca9d83c19254142b/element - {"using":"css selector","value":"#shell-header-logo"}
RESULT: {"using":"css selector","value":"#shell-header-logo"}
COMMAND: POST /session/db7e74ddcaedfecfca9d83c19254142b/element/f.624D7720A2383BCF46C1895FE70984DD.d.852D37AC8C591A02E902380FB9E0FA0B.e.25009/click - {}
RESULT: {}
COMMAND: GET /session/db7e74ddcaedfecfca9d83c19254142b/screenshot - {}
RESULT: {}
]]></system-out>
    </testcase>
    <testcase classname="chrome.136_0_7103_93.windows.Create_masterdata_for_Yard_Overview_-_trigger_provide_US130988" name="Set status to defect" time="63.86">
      <system-out><![CDATA[
COMMAND: POST /session/db7e74ddcaedfecfca9d83c19254142b/execute/async - {"script":"<script> [1562 bytes]","args":[{"selector":{"controlType":"sap.m.GenericTile","properties":{"header":"Manage States & Performance"}},"wdio_ui5_key":"sapm.GenericTile{\"header\":\"Manage States & Performance\"}"}]}
RESULT: {"script":"<script> [1562 bytes]","args":[{"selector":{"controlType":"sap.m.GenericTile","properties":{"header":"Manage States & Performance"}},"wdio_ui5_key":"sapm.GenericTile{\"header\":\"Manage States & Performance\"}"}]}
RESULT: undefined
COMMAND: POST /session/db7e74ddcaedfecfca9d83c19254142b/element - {"using":"xpath","value":"//*[@id=\"__tile96\"]"}
RESULT: {"using":"xpath","value":"//*[@id=\"__tile96\"]"}
COMMAND: POST /session/db7e74ddcaedfecfca9d83c19254142b/element/f.624D7720A2383BCF46C1895FE70984DD.d.852D37AC8C591A02E902380FB9E0FA0B.e.24212/click - {}
RESULT: {}
COMMAND: GET /session/db7e74ddcaedfecfca9d83c19254142b/screenshot - {}
RESULT: {}
COMMAND: POST /session/db7e74ddcaedfecfca9d83c19254142b/elements - {"using":"xpath","value":"//span[text()='Error']"}
RESULT: {"using":"xpath","value":"//span[text()='Error']"}
COMMAND: POST /session/db7e74ddcaedfecfca9d83c19254142b/execute/async - {"script":"<script> [1562 bytes]","args":[{"selector":{"controlType":"sap.ui.core.Icon","viewName":"etm.portal.ui.managestatesandperformance.view.Master","viewId":"application-managestatesandperformance-display-component---stateAndPerform","properties":{"src":{"regex":{"source":"inventory"}}}},"wdio_ui5_key":"etmportal.ui.managestatesandperformance.view.Mastersap.ui.core.Icon{\"src\":{\"regex\":{\"source\":\"inventory\"}}}"}]}
RESULT: {"script":"<script> [1562 bytes]","args":[{"selector":{"controlType":"sap.ui.core.Icon","viewName":"etm.portal.ui.managestatesandperformance.view.Master","viewId":"application-managestatesandperformance-display-component---stateAndPerform","properties":{"src":{"regex":{"source":"inventory"}}}},"wdio_ui5_key":"etmportal.ui.managestatesandperformance.view.Mastersap.ui.core.Icon{\"src\":{\"regex\":{\"source\":\"inventory\"}}}"}]}
RESULT: undefined
COMMAND: POST /session/db7e74ddcaedfecfca9d83c19254142b/element - {"using":"xpath","value":"//*[@id=\"__filter57-icon\"]"}
RESULT: {"using":"xpath","value":"//*[@id=\"__filter57-icon\"]"}
COMMAND: POST /session/db7e74ddcaedfecfca9d83c19254142b/element/f.624D7720A2383BCF46C1895FE70984DD.d.852D37AC8C591A02E902380FB9E0FA0B.e.26004/click - {}
RESULT: {}
COMMAND: POST /session/db7e74ddcaedfecfca9d83c19254142b/execute/async - {"script":"<script> [1562 bytes]","args":[{"selector":{"id":"application-managestatesandperformance-display-component---stateAndPerform--smartFilterBarYard-btnBasicSearch","interaction":{"idSuffix":"I"}},"wdio_ui5_key":"applicationmanagestatesandperformance-display-component---stateAndPerform--smartFilterBarYard-btnBasicSearch"}]}
COMMAND: GET /session/db7e74ddcaedfecfca9d83c19254142b/screenshot - {}
RESULT: {"script":"<script> [1562 bytes]","args":[{"selector":{"id":"application-managestatesandperformance-display-component---stateAndPerform--smartFilterBarYard-btnBasicSearch","interaction":{"idSuffix":"I"}},"wdio_ui5_key":"applicationmanagestatesandperformance-display-component---stateAndPerform--smartFilterBarYard-btnBasicSearch"}]}
RESULT: undefined
COMMAND: POST /session/db7e74ddcaedfecfca9d83c19254142b/execute/async - {"script":"<script> [776 bytes]","args":[{"enterText":"200189","selector":{"id":"application-managestatesandperformance-display-component---stateAndPerform--smartFilterBarYard-btnBasicSearch","interaction":{"idSuffix":"I"}},"clearTextFirst":true,"interactionType":"ENTER_TEXT"}]}
RESULT: {}
RESULT: {"script":"<script> [776 bytes]","args":[{"enterText":"200189","selector":{"id":"application-managestatesandperformance-display-component---stateAndPerform--smartFilterBarYard-btnBasicSearch","interaction":{"idSuffix":"I"}},"clearTextFirst":true,"interactionType":"ENTER_TEXT"}]}
COMMAND: POST /session/db7e74ddcaedfecfca9d83c19254142b/actions - {"actions":[{"id":"action82","type":"key","parameters":{},"actions":[{"type":"keyDown","value":""},{"type":"pause","duration":10},{"type":"keyUp","value":""}]}]}
RESULT: {"actions":[{"id":"action82","type":"key","parameters":{},"actions":[{"type":"keyDown","value":""},{"type":"pause","duration":10},{"type":"keyUp","value":""}]}]}
COMMAND: GET /session/db7e74ddcaedfecfca9d83c19254142b/screenshot - {}
RESULT: {}
COMMAND: POST /session/db7e74ddcaedfecfca9d83c19254142b/element - {"using":"xpath","value":"(//span[contains(@id, \"imgNav\")])[1]"}
RESULT: {"using":"xpath","value":"(//span[contains(@id, \"imgNav\")])[1]"}
COMMAND: POST /session/db7e74ddcaedfecfca9d83c19254142b/element/f.624D7720A2383BCF46C1895FE70984DD.d.852D37AC8C591A02E902380FB9E0FA0B.e.26083/click - {}
RESULT: {}
COMMAND: GET /session/db7e74ddcaedfecfca9d83c19254142b/screenshot - {}
RESULT: {}
COMMAND: POST /session/db7e74ddcaedfecfca9d83c19254142b/execute/async - {"script":"<script> [1562 bytes]","args":[{"selector":{"controlType":"sap.m.Button","viewName":"etm.portal.ui.managestatesandperformance.view.Detail","viewId":"application-managestatesandperformance-display-component---detailStateAndPerform","i18NText":{"propertyName":"text","key":"createStateChange"},"interaction":{"idSuffix":"content"}},"wdio_ui5_key":"etmportal.ui.managestatesandperformance.view.Detailsap.m.Button{\"propertyName\":\"text\",\"key\":\"createStateChange\"}"}]}
RESULT: {"script":"<script> [1562 bytes]","args":[{"selector":{"controlType":"sap.m.Button","viewName":"etm.portal.ui.managestatesandperformance.view.Detail","viewId":"application-managestatesandperformance-display-component---detailStateAndPerform","i18NText":{"propertyName":"text","key":"createStateChange"},"interaction":{"idSuffix":"content"}},"wdio_ui5_key":"etmportal.ui.managestatesandperformance.view.Detailsap.m.Button{\"propertyName\":\"text\",\"key\":\"createStateChange\"}"}]}
RESULT: undefined
COMMAND: POST /session/db7e74ddcaedfecfca9d83c19254142b/element - {"using":"xpath","value":"//*[@id=\"__button186\"]"}
RESULT: {"using":"xpath","value":"//*[@id=\"__button186\"]"}
COMMAND: POST /session/db7e74ddcaedfecfca9d83c19254142b/element/f.624D7720A2383BCF46C1895FE70984DD.d.852D37AC8C591A02E902380FB9E0FA0B.e.26128/click - {}
RESULT: {}
COMMAND: GET /session/db7e74ddcaedfecfca9d83c19254142b/screenshot - {}
RESULT: {}
COMMAND: POST /session/db7e74ddcaedfecfca9d83c19254142b/execute/async - {"script":"<script> [1562 bytes]","args":[{"selector":{"id":"addStateDialog--stateSelect","searchOpenDialogs":true,"interaction":{"idSuffix":"arrow"}},"wdio_ui5_key":"addStateDialogstateSelect"}]}
RESULT: {"script":"<script> [1562 bytes]","args":[{"selector":{"id":"addStateDialog--stateSelect","searchOpenDialogs":true,"interaction":{"idSuffix":"arrow"}},"wdio_ui5_key":"addStateDialogstateSelect"}]}
RESULT: undefined
COMMAND: POST /session/db7e74ddcaedfecfca9d83c19254142b/element - {"using":"xpath","value":"//*[@id=\"addStateDialog--stateSelect\"]"}
RESULT: {"using":"xpath","value":"//*[@id=\"addStateDialog--stateSelect\"]"}
COMMAND: POST /session/db7e74ddcaedfecfca9d83c19254142b/element/f.624D7720A2383BCF46C1895FE70984DD.d.852D37AC8C591A02E902380FB9E0FA0B.e.26152/click - {}
RESULT: {}
COMMAND: GET /session/db7e74ddcaedfecfca9d83c19254142b/screenshot - {}
RESULT: {}
COMMAND: POST /session/db7e74ddcaedfecfca9d83c19254142b/element - {"using":"xpath","value":"//li[text()=\"defect\"]"}
RESULT: {"using":"xpath","value":"//li[text()=\"defect\"]"}
COMMAND: POST /session/db7e74ddcaedfecfca9d83c19254142b/element/f.624D7720A2383BCF46C1895FE70984DD.d.852D37AC8C591A02E902380FB9E0FA0B.e.26155/click - {}
RESULT: {}
COMMAND: GET /session/db7e74ddcaedfecfca9d83c19254142b/screenshot - {}
RESULT: {}
COMMAND: POST /session/db7e74ddcaedfecfca9d83c19254142b/element - {"using":"xpath","value":"//span[contains(@id,\"incrementBtn\")]"}
RESULT: {"using":"xpath","value":"//span[contains(@id,\"incrementBtn\")]"}
COMMAND: POST /session/db7e74ddcaedfecfca9d83c19254142b/element/f.624D7720A2383BCF46C1895FE70984DD.d.852D37AC8C591A02E902380FB9E0FA0B.e.26156/click - {}
RESULT: {}
COMMAND: GET /session/db7e74ddcaedfecfca9d83c19254142b/screenshot - {}
RESULT: {}
COMMAND: POST /session/db7e74ddcaedfecfca9d83c19254142b/element - {"using":"xpath","value":"//button[@data-kt=\"confirmAddStateButton\"]"}
RESULT: {"using":"xpath","value":"//button[@data-kt=\"confirmAddStateButton\"]"}
COMMAND: POST /session/db7e74ddcaedfecfca9d83c19254142b/element/f.624D7720A2383BCF46C1895FE70984DD.d.852D37AC8C591A02E902380FB9E0FA0B.e.26157/click - {}
RESULT: {}
COMMAND: GET /session/db7e74ddcaedfecfca9d83c19254142b/screenshot - {}
RESULT: {}
COMMAND: POST /session/db7e74ddcaedfecfca9d83c19254142b/element - {"using":"css selector","value":"#shell-header-logo"}
RESULT: {"using":"css selector","value":"#shell-header-logo"}
COMMAND: POST /session/db7e74ddcaedfecfca9d83c19254142b/element/f.624D7720A2383BCF46C1895FE70984DD.d.852D37AC8C591A02E902380FB9E0FA0B.e.25917/click - {}
RESULT: {}
COMMAND: GET /session/db7e74ddcaedfecfca9d83c19254142b/screenshot - {}
RESULT: {}
]]></system-out>
    </testcase>
    <testcase classname="chrome.136_0_7103_93.windows.Create_masterdata_for_Yard_Overview_-_trigger_provide_US130988" name="Should do a Stock Decrease" time="104.181">
      <system-out><![CDATA[
RESULT: undefined
COMMAND: POST /session/db7e74ddcaedfecfca9d83c19254142b/element - {"using":"xpath","value":"//*[@id=\"__tile131\"]"}
RESULT: {"using":"xpath","value":"//*[@id=\"__tile131\"]"}
COMMAND: POST /session/db7e74ddcaedfecfca9d83c19254142b/element/f.624D7720A2383BCF46C1895FE70984DD.d.852D37AC8C591A02E902380FB9E0FA0B.e.24167/click - {}
RESULT: {}
COMMAND: GET /session/db7e74ddcaedfecfca9d83c19254142b/screenshot - {}
COMMAND: POST /session/db7e74ddcaedfecfca9d83c19254142b/elements - {"using":"xpath","value":"//span[text()='Error']"}
RESULT: {}
RESULT: {"using":"xpath","value":"//span[text()='Error']"}
COMMAND: POST /session/db7e74ddcaedfecfca9d83c19254142b/element - {"using":"xpath","value":"//button[@data-kt=\"masterHOAddButton\"]"}
RESULT: {"using":"xpath","value":"//button[@data-kt=\"masterHOAddButton\"]"}
COMMAND: POST /session/db7e74ddcaedfecfca9d83c19254142b/elements - {"using":"xpath","value":"//button[@data-kt=\"masterHOAddButton\"]"}
RESULT: {"using":"xpath","value":"//button[@data-kt=\"masterHOAddButton\"]"}
COMMAND: POST /session/db7e74ddcaedfecfca9d83c19254142b/execute/sync - {"script":"<script> [8489 bytes]","args":[{"element-6066-11e4-a52e-4f735466cecf":"f.624D7720A2383BCF46C1895FE70984DD.d.852D37AC8C591A02E902380FB9E0FA0B.e.26212","ELEMENT":"f.624D7720A2383BCF46C1895FE70984DD.d.852D37AC8C591A02E902380FB9E0FA0B.e.26212"}]}
RESULT: {"script":"<script> [8489 bytes]","args":[{"element-6066-11e4-a52e-4f735466cecf":"f.624D7720A2383BCF46C1895FE70984DD.d.852D37AC8C591A02E902380FB9E0FA0B.e.26212","ELEMENT":"f.624D7720A2383BCF46C1895FE70984DD.d.852D37AC8C591A02E902380FB9E0FA0B.e.26212"}]}
COMMAND: GET /session/db7e74ddcaedfecfca9d83c19254142b/element/f.624D7720A2383BCF46C1895FE70984DD.d.852D37AC8C591A02E902380FB9E0FA0B.e.26212/enabled - {}
COMMAND: GET /session/db7e74ddcaedfecfca9d83c19254142b/screenshot - {}
RESULT: {}
COMMAND: POST /session/db7e74ddcaedfecfca9d83c19254142b/execute/sync - {"script":"<script> [8489 bytes]","args":[{"element-6066-11e4-a52e-4f735466cecf":"f.624D7720A2383BCF46C1895FE70984DD.d.852D37AC8C591A02E902380FB9E0FA0B.e.26212","ELEMENT":"f.624D7720A2383BCF46C1895FE70984DD.d.852D37AC8C591A02E902380FB9E0FA0B.e.26212"}]}
COMMAND: GET /session/db7e74ddcaedfecfca9d83c19254142b/screenshot - {}
RESULT: {}
RESULT: {"script":"<script> [8489 bytes]","args":[{"element-6066-11e4-a52e-4f735466cecf":"f.624D7720A2383BCF46C1895FE70984DD.d.852D37AC8C591A02E902380FB9E0FA0B.e.26212","ELEMENT":"f.624D7720A2383BCF46C1895FE70984DD.d.852D37AC8C591A02E902380FB9E0FA0B.e.26212"}]}
COMMAND: POST /session/db7e74ddcaedfecfca9d83c19254142b/execute/sync - {"script":"<script> [5351 bytes]","args":[{"element-6066-11e4-a52e-4f735466cecf":"f.624D7720A2383BCF46C1895FE70984DD.d.852D37AC8C591A02E902380FB9E0FA0B.e.26212","ELEMENT":"f.624D7720A2383BCF46C1895FE70984DD.d.852D37AC8C591A02E902380FB9E0FA0B.e.26212"}]}
COMMAND: GET /session/db7e74ddcaedfecfca9d83c19254142b/screenshot - {}
RESULT: {}
RESULT: {"script":"<script> [5351 bytes]","args":[{"element-6066-11e4-a52e-4f735466cecf":"f.624D7720A2383BCF46C1895FE70984DD.d.852D37AC8C591A02E902380FB9E0FA0B.e.26212","ELEMENT":"f.624D7720A2383BCF46C1895FE70984DD.d.852D37AC8C591A02E902380FB9E0FA0B.e.26212"}]}
COMMAND: POST /session/db7e74ddcaedfecfca9d83c19254142b/element/f.624D7720A2383BCF46C1895FE70984DD.d.852D37AC8C591A02E902380FB9E0FA0B.e.26212/click - {}
COMMAND: GET /session/db7e74ddcaedfecfca9d83c19254142b/screenshot - {}
RESULT: {}
RESULT: {}
COMMAND: GET /session/db7e74ddcaedfecfca9d83c19254142b/screenshot - {}
COMMAND: POST /session/db7e74ddcaedfecfca9d83c19254142b/element - {"using":"xpath","value":"//span[contains(@id ,\"AddNewHO--typeSelect-arrow\")]"}
RESULT: {}
RESULT: {}
RESULT: {"using":"xpath","value":"//span[contains(@id ,\"AddNewHO--typeSelect-arrow\")]"}
COMMAND: POST /session/db7e74ddcaedfecfca9d83c19254142b/element/f.624D7720A2383BCF46C1895FE70984DD.d.852D37AC8C591A02E902380FB9E0FA0B.e.26616/click - {}
RESULT: {}
COMMAND: GET /session/db7e74ddcaedfecfca9d83c19254142b/screenshot - {}
RESULT: {}
COMMAND: POST /session/db7e74ddcaedfecfca9d83c19254142b/element - {"using":"xpath","value":"(//li[contains(text(), \"stock decrease yard\")])[1]"}
RESULT: {"using":"xpath","value":"(//li[contains(text(), \"stock decrease yard\")])[1]"}
COMMAND: POST /session/db7e74ddcaedfecfca9d83c19254142b/element/f.624D7720A2383BCF46C1895FE70984DD.d.852D37AC8C591A02E902380FB9E0FA0B.e.26617/click - {}
RESULT: {}
COMMAND: GET /session/db7e74ddcaedfecfca9d83c19254142b/screenshot - {}
RESULT: {}
RESULT: undefined
COMMAND: POST /session/db7e74ddcaedfecfca9d83c19254142b/execute/async - {"script":"<script> [6424 bytes]","args":[{"element-6066-11e4-a52e-4f735466cecf":"f.624D7720A2383BCF46C1895FE70984DD.d.852D37AC8C591A02E902380FB9E0FA0B.e.25388"},"setValue",["5/26/25"]]}
COMMAND: POST /session/db7e74ddcaedfecfca9d83c19254142b/execute/async - {"script":"<script> [1562 bytes]","args":[{"selector":{"id":"application-managehandovers-display-component---AddNewHO--dueDate","interaction":{"idSuffix":"inner"}},"wdio_ui5_key":"applicationmanagehandovers-display-component---AddNewHO--dueDate"}]}
RESULT: {"script":"<script> [1562 bytes]","args":[{"selector":{"id":"application-managehandovers-display-component---AddNewHO--dueDate","interaction":{"idSuffix":"inner"}},"wdio_ui5_key":"applicationmanagehandovers-display-component---AddNewHO--dueDate"}]}
COMMAND: POST /session/db7e74ddcaedfecfca9d83c19254142b/execute/async - {"script":"<script> [6424 bytes]","args":[{"element-6066-11e4-a52e-4f735466cecf":"f.624D7720A2383BCF46C1895FE70984DD.d.852D37AC8C591A02E902380FB9E0FA0B.e.26633"},"setValue",["5/26/25"]]}
RESULT: {"script":"<script> [6424 bytes]","args":[{"element-6066-11e4-a52e-4f735466cecf":"f.624D7720A2383BCF46C1895FE70984DD.d.852D37AC8C591A02E902380FB9E0FA0B.e.26633"},"setValue",["5/26/25"]]}
COMMAND: POST /session/db7e74ddcaedfecfca9d83c19254142b/element - {"using":"xpath","value":"//input[@id=\"generalSectionFrg--sendYard-inner\"]"}
RESULT: {"using":"xpath","value":"//input[@id=\"generalSectionFrg--sendYard-inner\"]"}
COMMAND: POST /session/db7e74ddcaedfecfca9d83c19254142b/element/f.624D7720A2383BCF46C1895FE70984DD.d.852D37AC8C591A02E902380FB9E0FA0B.e.26639/clear - {}
RESULT: {}
COMMAND: POST /session/db7e74ddcaedfecfca9d83c19254142b/element/f.624D7720A2383BCF46C1895FE70984DD.d.852D37AC8C591A02E902380FB9E0FA0B.e.26639/value - {"text":"337"}
COMMAND: GET /session/db7e74ddcaedfecfca9d83c19254142b/screenshot - {}
RESULT: {"text":"337"}
COMMAND: GET /session/db7e74ddcaedfecfca9d83c19254142b/screenshot - {}
RESULT: {}
RESULT: {}
COMMAND: POST /session/db7e74ddcaedfecfca9d83c19254142b/element - {"using":"xpath","value":"//li[.//span[text()='337']]"}
RESULT: {"using":"xpath","value":"//li[.//span[text()='337']]"}
COMMAND: POST /session/db7e74ddcaedfecfca9d83c19254142b/element/f.624D7720A2383BCF46C1895FE70984DD.d.852D37AC8C591A02E902380FB9E0FA0B.e.26655/click - {}
RESULT: {}
COMMAND: GET /session/db7e74ddcaedfecfca9d83c19254142b/screenshot - {}
RESULT: {}
COMMAND: POST /session/db7e74ddcaedfecfca9d83c19254142b/execute/async - {"script":"<script> [1562 bytes]","args":[{"selector":{"controlType":"sap.ui.core.Icon","viewName":"etm.portal.ui.managehandovers.view.AddNewHO","viewId":"application-managehandovers-display-component---AddNewHO","properties":{"src":{"regex":{"source":"slim\\-arrow\\-down"}}},"ancestor":{"controlType":"etm.portal.ui.reusables.customControls.LiveSearchComboBox","viewName":"etm.portal.ui.managehandovers.view.AddNewHO","viewId":"application-managehandovers-display-component---AddNewHO","bindingPath":{"path":"","propertyPath":"/FORWARDER","modelName":"hoItemsModel"}}},"wdio_ui5_key":"etmportal.ui.managehandovers.view.AddNewHOsap.ui.core.Icon{\"src\":{\"regex\":{\"source\":\"slim\\\\-arrow\\\\-down\"}}}{\"controlType\":\"etm.portal.ui.reusables.customControls.LiveSearchComboBox\",\"viewName\":\"etm.portal.ui.managehandovers.view.AddNewHO\",\"viewId\":\"application-managehandovers-display-component---AddNewHO\",\"bindingPath\":{\"path\":\"\",\"propertyPath\":\"/FORWARDER\",\"modelName\":\"hoItemsModel\"}}"}]}
RESULT: {"script":"<script> [1562 bytes]","args":[{"selector":{"controlType":"sap.ui.core.Icon","viewName":"etm.portal.ui.managehandovers.view.AddNewHO","viewId":"application-managehandovers-display-component---AddNewHO","properties":{"src":{"regex":{"source":"slim\\-arrow\\-down"}}},"ancestor":{"controlType":"etm.portal.ui.reusables.customControls.LiveSearchComboBox","viewName":"etm.portal.ui.managehandovers.view.AddNewHO","viewId":"application-managehandovers-display-component---AddNewHO","bindingPath":{"path":"","propertyPath":"/FORWARDER","modelName":"hoItemsModel"}}},"wdio_ui5_key":"etmportal.ui.managehandovers.view.AddNewHOsap.ui.core.Icon{\"src\":{\"regex\":{\"source\":\"slim\\\\-arrow\\\\-down\"}}}{\"controlType\":\"etm.portal.ui.reusables.customControls.LiveSearchComboBox\",\"viewName\":\"etm.portal.ui.managehandovers.view.AddNewHO\",\"viewId\":\"application-managehandovers-display-component---AddNewHO\",\"bindingPath\":{\"path\":\"\",\"propertyPath\":\"/FORWARDER\",\"modelName\":\"hoItemsModel\"}}"}]}
RESULT: undefined
COMMAND: POST /session/db7e74ddcaedfecfca9d83c19254142b/element - {"using":"xpath","value":"//*[@id=\"__box41-arrow\"]"}
RESULT: {"using":"xpath","value":"//*[@id=\"__box41-arrow\"]"}
COMMAND: POST /session/db7e74ddcaedfecfca9d83c19254142b/element/f.624D7720A2383BCF46C1895FE70984DD.d.852D37AC8C591A02E902380FB9E0FA0B.e.26656/click - {}
RESULT: {}
COMMAND: GET /session/db7e74ddcaedfecfca9d83c19254142b/screenshot - {}
RESULT: {}
COMMAND: POST /session/db7e74ddcaedfecfca9d83c19254142b/execute/async - {"script":"<script> [1562 bytes]","args":[{"selector":{"controlType":"sap.m.StandardListItem","viewName":"etm.portal.ui.managehandovers.view.AddNewHO","viewId":"application-managehandovers-display-component---AddNewHO","properties":{"title":"1002 - Test "},"searchOpenDialogs":true,"interaction":{"idSuffix":"content"}},"wdio_ui5_key":"etmportal.ui.managehandovers.view.AddNewHOsap.m.StandardListItem{\"title\":\"1002 - Test \"}"}]}
RESULT: {"script":"<script> [1562 bytes]","args":[{"selector":{"controlType":"sap.m.StandardListItem","viewName":"etm.portal.ui.managehandovers.view.AddNewHO","viewId":"application-managehandovers-display-component---AddNewHO","properties":{"title":"1002 - Test "},"searchOpenDialogs":true,"interaction":{"idSuffix":"content"}},"wdio_ui5_key":"etmportal.ui.managehandovers.view.AddNewHOsap.m.StandardListItem{\"title\":\"1002 - Test \"}"}]}
RESULT: undefined
COMMAND: POST /session/db7e74ddcaedfecfca9d83c19254142b/element - {"using":"xpath","value":"//*[@id=\"__item1052\"]"}
RESULT: {"using":"xpath","value":"//*[@id=\"__item1052\"]"}
COMMAND: POST /session/db7e74ddcaedfecfca9d83c19254142b/element/f.624D7720A2383BCF46C1895FE70984DD.d.852D37AC8C591A02E902380FB9E0FA0B.e.26659/click - {}
RESULT: {}
COMMAND: GET /session/db7e74ddcaedfecfca9d83c19254142b/screenshot - {}
RESULT: {}
COMMAND: POST /session/db7e74ddcaedfecfca9d83c19254142b/execute/async - {"script":"<script> [1562 bytes]","args":[{"selector":{"controlType":"sap.m.Input","viewName":"etm.portal.ui.managehandovers.view.AddNewHO","viewId":"application-managehandovers-display-component---AddNewHO","bindingPath":{"path":"","propertyPath":"/DRIVER","modelName":"hoItemsModel"},"interaction":{"idSuffix":"inner"}},"wdio_ui5_key":"etmportal.ui.managehandovers.view.AddNewHOsap.m.Input{\"path\":\"\",\"propertyPath\":\"/DRIVER\",\"modelName\":\"hoItemsModel\"}"}]}
RESULT: {"script":"<script> [1562 bytes]","args":[{"selector":{"controlType":"sap.m.Input","viewName":"etm.portal.ui.managehandovers.view.AddNewHO","viewId":"application-managehandovers-display-component---AddNewHO","bindingPath":{"path":"","propertyPath":"/DRIVER","modelName":"hoItemsModel"},"interaction":{"idSuffix":"inner"}},"wdio_ui5_key":"etmportal.ui.managehandovers.view.AddNewHOsap.m.Input{\"path\":\"\",\"propertyPath\":\"/DRIVER\",\"modelName\":\"hoItemsModel\"}"}]}
RESULT: undefined
COMMAND: POST /session/db7e74ddcaedfecfca9d83c19254142b/execute/async - {"script":"<script> [776 bytes]","args":[{"enterText":"StockDecrease Driver","selector":{"controlType":"sap.m.Input","viewName":"etm.portal.ui.managehandovers.view.AddNewHO","viewId":"application-managehandovers-display-component---AddNewHO","bindingPath":{"path":"","propertyPath":"/DRIVER","modelName":"hoItemsModel"},"interaction":{"idSuffix":"inner"}},"clearTextFirst":true,"interactionType":"ENTER_TEXT"}]}
RESULT: {"script":"<script> [776 bytes]","args":[{"enterText":"StockDecrease Driver","selector":{"controlType":"sap.m.Input","viewName":"etm.portal.ui.managehandovers.view.AddNewHO","viewId":"application-managehandovers-display-component---AddNewHO","bindingPath":{"path":"","propertyPath":"/DRIVER","modelName":"hoItemsModel"},"interaction":{"idSuffix":"inner"}},"clearTextFirst":true,"interactionType":"ENTER_TEXT"}]}
COMMAND: POST /session/db7e74ddcaedfecfca9d83c19254142b/execute/async - {"script":"<script> [1562 bytes]","args":[{"selector":{"id":"application-managehandovers-display-component---AddNewHO--responsibleCB-arrow"},"wdio_ui5_key":"applicationmanagehandovers-display-component---AddNewHO--responsibleCB-arrow"}]}
RESULT: {"script":"<script> [1562 bytes]","args":[{"selector":{"id":"application-managehandovers-display-component---AddNewHO--responsibleCB-arrow"},"wdio_ui5_key":"applicationmanagehandovers-display-component---AddNewHO--responsibleCB-arrow"}]}
RESULT: undefined
COMMAND: POST /session/db7e74ddcaedfecfca9d83c19254142b/element - {"using":"xpath","value":"//*[@id=\"application-managehandovers-display-component---AddNewHO--responsibleCB-arrow\"]"}
RESULT: {"using":"xpath","value":"//*[@id=\"application-managehandovers-display-component---AddNewHO--responsibleCB-arrow\"]"}
COMMAND: POST /session/db7e74ddcaedfecfca9d83c19254142b/element/f.624D7720A2383BCF46C1895FE70984DD.d.852D37AC8C591A02E902380FB9E0FA0B.e.26661/click - {}
RESULT: {}
COMMAND: GET /session/db7e74ddcaedfecfca9d83c19254142b/screenshot - {}
RESULT: {}
COMMAND: POST /session/db7e74ddcaedfecfca9d83c19254142b/execute/async - {"script":"<script> [1562 bytes]","args":[{"selector":{"controlType":"sap.m.StandardListItem","viewName":"etm.portal.ui.managehandovers.view.AddNewHO","viewId":"application-managehandovers-display-component---AddNewHO","properties":{"title":"1 - Test unit Update "},"searchOpenDialogs":true},"wdio_ui5_key":"etmportal.ui.managehandovers.view.AddNewHOsap.m.StandardListItem{\"title\":\"1 - Test unit Update \"}"}]}
RESULT: {"script":"<script> [1562 bytes]","args":[{"selector":{"controlType":"sap.m.StandardListItem","viewName":"etm.portal.ui.managehandovers.view.AddNewHO","viewId":"application-managehandovers-display-component---AddNewHO","properties":{"title":"1 - Test unit Update "},"searchOpenDialogs":true},"wdio_ui5_key":"etmportal.ui.managehandovers.view.AddNewHOsap.m.StandardListItem{\"title\":\"1 - Test unit Update \"}"}]}
RESULT: undefined
COMMAND: POST /session/db7e74ddcaedfecfca9d83c19254142b/element - {"using":"xpath","value":"//*[@id=\"__item1151\"]"}
RESULT: {"using":"xpath","value":"//*[@id=\"__item1151\"]"}
COMMAND: POST /session/db7e74ddcaedfecfca9d83c19254142b/element/f.624D7720A2383BCF46C1895FE70984DD.d.852D37AC8C591A02E902380FB9E0FA0B.e.26662/click - {}
RESULT: {}
COMMAND: GET /session/db7e74ddcaedfecfca9d83c19254142b/screenshot - {}
RESULT: {}
RESULT: undefined
COMMAND: POST /session/db7e74ddcaedfecfca9d83c19254142b/element - {"using":"xpath","value":"//*[@id=\"application-managehandovers-display-component---AddNewHO--ObjectPageLayout-anchBar-application-managehandovers-display-component---AddNewHO--section4-anchor\"]"}
RESULT: {"using":"xpath","value":"//*[@id=\"application-managehandovers-display-component---AddNewHO--ObjectPageLayout-anchBar-application-managehandovers-display-component---AddNewHO--section4-anchor\"]"}
COMMAND: POST /session/db7e74ddcaedfecfca9d83c19254142b/element/f.624D7720A2383BCF46C1895FE70984DD.d.852D37AC8C591A02E902380FB9E0FA0B.e.26663/click - {}
RESULT: {}
COMMAND: GET /session/db7e74ddcaedfecfca9d83c19254142b/screenshot - {}
RESULT: {}
COMMAND: POST /session/db7e74ddcaedfecfca9d83c19254142b/execute/async - {"script":"<script> [1562 bytes]","args":[{"selector":{"controlType":"sap.ui.core.Icon","viewName":"etm.portal.ui.managehandovers.view.AddNewHO","viewId":"application-managehandovers-display-component---AddNewHO","properties":{"src":{"regex":{"source":"add"}}}},"wdio_ui5_key":"etmportal.ui.managehandovers.view.AddNewHOsap.ui.core.Icon{\"src\":{\"regex\":{\"source\":\"add\"}}}"}]}
RESULT: {"script":"<script> [1562 bytes]","args":[{"selector":{"controlType":"sap.ui.core.Icon","viewName":"etm.portal.ui.managehandovers.view.AddNewHO","viewId":"application-managehandovers-display-component---AddNewHO","properties":{"src":{"regex":{"source":"add"}}}},"wdio_ui5_key":"etmportal.ui.managehandovers.view.AddNewHOsap.ui.core.Icon{\"src\":{\"regex\":{\"source\":\"add\"}}}"}]}
RESULT: undefined
COMMAND: POST /session/db7e74ddcaedfecfca9d83c19254142b/element - {"using":"xpath","value":"//*[@id=\"__button220-img\"]"}
RESULT: {"using":"xpath","value":"//*[@id=\"__button220-img\"]"}
COMMAND: POST /session/db7e74ddcaedfecfca9d83c19254142b/element/f.624D7720A2383BCF46C1895FE70984DD.d.852D37AC8C591A02E902380FB9E0FA0B.e.26667/click - {}
RESULT: {}
RESULT: undefined
COMMAND: POST /session/db7e74ddcaedfecfca9d83c19254142b/execute/async - {"script":"<script> [776 bytes]","args":[{"enterText":"200189","selector":{"id":"application-managehandovers-display-component---AddNewHO--smartFilterBar-btnBasicSearch","searchOpenDialogs":true,"interaction":{"idSuffix":"I"}},"clearTextFirst":true,"interactionType":"ENTER_TEXT"}]}
COMMAND: GET /session/db7e74ddcaedfecfca9d83c19254142b/screenshot - {}
RESULT: {"script":"<script> [776 bytes]","args":[{"enterText":"200189","selector":{"id":"application-managehandovers-display-component---AddNewHO--smartFilterBar-btnBasicSearch","searchOpenDialogs":true,"interaction":{"idSuffix":"I"}},"clearTextFirst":true,"interactionType":"ENTER_TEXT"}]}
RESULT: {}
RESULT: undefined
COMMAND: POST /session/db7e74ddcaedfecfca9d83c19254142b/element - {"using":"xpath","value":"//*[@id=\"application-managehandovers-display-component---AddNewHO--popup-sa\"]"}
RESULT: {"using":"xpath","value":"//*[@id=\"application-managehandovers-display-component---AddNewHO--popup-sa\"]"}
COMMAND: POST /session/db7e74ddcaedfecfca9d83c19254142b/element/f.624D7720A2383BCF46C1895FE70984DD.d.852D37AC8C591A02E902380FB9E0FA0B.e.26699/click - {}
RESULT: {}
COMMAND: GET /session/db7e74ddcaedfecfca9d83c19254142b/screenshot - {}
RESULT: {}
COMMAND: POST /session/db7e74ddcaedfecfca9d83c19254142b/element - {"using":"xpath","value":"//*[contains(@id ,\"BDI-content\")][contains(text(), \"Select\")]"}
RESULT: {"using":"xpath","value":"//*[contains(@id ,\"BDI-content\")][contains(text(), \"Select\")]"}
COMMAND: POST /session/db7e74ddcaedfecfca9d83c19254142b/element/f.624D7720A2383BCF46C1895FE70984DD.d.852D37AC8C591A02E902380FB9E0FA0B.e.26700/click - {}
RESULT: {}
COMMAND: POST /session/db7e74ddcaedfecfca9d83c19254142b/execute/async - {"script":"<script> [1562 bytes]","args":[{"selector":{"controlType":"sap.m.Button","viewName":"etm.portal.ui.managehandovers.view.AddNewHO","viewId":"application-managehandovers-display-component---AddNewHO","bindingPath":{"path":"/items/0","propertyPath":"QUANTITY","modelName":"hoItemsModel"},"interaction":{"idSuffix":"inner"}},"wdio_ui5_key":"etmportal.ui.managehandovers.view.AddNewHOsap.m.Button{\"path\":\"/items/0\",\"propertyPath\":\"QUANTITY\",\"modelName\":\"hoItemsModel\"}"}]}
COMMAND: GET /session/db7e74ddcaedfecfca9d83c19254142b/screenshot - {}
RESULT: {"script":"<script> [1562 bytes]","args":[{"selector":{"controlType":"sap.m.Button","viewName":"etm.portal.ui.managehandovers.view.AddNewHO","viewId":"application-managehandovers-display-component---AddNewHO","bindingPath":{"path":"/items/0","propertyPath":"QUANTITY","modelName":"hoItemsModel"},"interaction":{"idSuffix":"inner"}},"wdio_ui5_key":"etmportal.ui.managehandovers.view.AddNewHOsap.m.Button{\"path\":\"/items/0\",\"propertyPath\":\"QUANTITY\",\"modelName\":\"hoItemsModel\"}"}]}
RESULT: undefined
COMMAND: POST /session/db7e74ddcaedfecfca9d83c19254142b/element - {"using":"xpath","value":"//*[@id=\"__button221-__clone2161\"]"}
RESULT: {}
RESULT: {"using":"xpath","value":"//*[@id=\"__button221-__clone2161\"]"}
COMMAND: POST /session/db7e74ddcaedfecfca9d83c19254142b/element/f.624D7720A2383BCF46C1895FE70984DD.d.852D37AC8C591A02E902380FB9E0FA0B.e.26704/click - {}
RESULT: {}
COMMAND: POST /session/db7e74ddcaedfecfca9d83c19254142b/execute/async - {"script":"<script> [1562 bytes]","args":[{"selector":{"controlType":"sap.m.NumericInput","viewName":"etm.portal.ui.managehandovers.view.AddNewHO","viewId":"application-managehandovers-display-component---AddNewHO","properties":{"value":"0"},"searchOpenDialogs":true,"interaction":{"idSuffix":"inner"}},"wdio_ui5_key":"etmportal.ui.managehandovers.view.AddNewHOsap.m.NumericInput{\"value\":\"0\"}"}]}
COMMAND: GET /session/db7e74ddcaedfecfca9d83c19254142b/screenshot - {}
RESULT: {"script":"<script> [1562 bytes]","args":[{"selector":{"controlType":"sap.m.NumericInput","viewName":"etm.portal.ui.managehandovers.view.AddNewHO","viewId":"application-managehandovers-display-component---AddNewHO","properties":{"value":"0"},"searchOpenDialogs":true,"interaction":{"idSuffix":"inner"}},"wdio_ui5_key":"etmportal.ui.managehandovers.view.AddNewHOsap.m.NumericInput{\"value\":\"0\"}"}]}
RESULT: undefined
COMMAND: POST /session/db7e74ddcaedfecfca9d83c19254142b/execute/async - {"script":"<script> [776 bytes]","args":[{"enterText":"1","selector":{"controlType":"sap.m.NumericInput","viewName":"etm.portal.ui.managehandovers.view.AddNewHO","viewId":"application-managehandovers-display-component---AddNewHO","properties":{"value":"0"},"searchOpenDialogs":true,"interaction":{"idSuffix":"inner"}},"clearTextFirst":true,"interactionType":"ENTER_TEXT"}]}
RESULT: {}
RESULT: {"script":"<script> [776 bytes]","args":[{"enterText":"1","selector":{"controlType":"sap.m.NumericInput","viewName":"etm.portal.ui.managehandovers.view.AddNewHO","viewId":"application-managehandovers-display-component---AddNewHO","properties":{"value":"0"},"searchOpenDialogs":true,"interaction":{"idSuffix":"inner"}},"clearTextFirst":true,"interactionType":"ENTER_TEXT"}]}
COMMAND: POST /session/db7e74ddcaedfecfca9d83c19254142b/execute/async - {"script":"<script> [1562 bytes]","args":[{"selector":{"controlType":"sap.m.Button","viewName":"etm.portal.ui.managehandovers.view.AddNewHO","viewId":"application-managehandovers-display-component---AddNewHO","i18NText":{"propertyName":"text","key":"confirm"},"searchOpenDialogs":true,"interaction":{"idSuffix":"BDI-content"}},"wdio_ui5_key":"etmportal.ui.managehandovers.view.AddNewHOsap.m.Button{\"propertyName\":\"text\",\"key\":\"confirm\"}"}]}
RESULT: {"script":"<script> [1562 bytes]","args":[{"selector":{"controlType":"sap.m.Button","viewName":"etm.portal.ui.managehandovers.view.AddNewHO","viewId":"application-managehandovers-display-component---AddNewHO","i18NText":{"propertyName":"text","key":"confirm"},"searchOpenDialogs":true,"interaction":{"idSuffix":"BDI-content"}},"wdio_ui5_key":"etmportal.ui.managehandovers.view.AddNewHOsap.m.Button{\"propertyName\":\"text\",\"key\":\"confirm\"}"}]}
RESULT: undefined
COMMAND: POST /session/db7e74ddcaedfecfca9d83c19254142b/element - {"using":"xpath","value":"//*[@id=\"__button224\"]"}
RESULT: {"using":"xpath","value":"//*[@id=\"__button224\"]"}
COMMAND: POST /session/db7e74ddcaedfecfca9d83c19254142b/element/f.624D7720A2383BCF46C1895FE70984DD.d.852D37AC8C591A02E902380FB9E0FA0B.e.26705/click - {}
RESULT: {}
COMMAND: POST /session/db7e74ddcaedfecfca9d83c19254142b/execute/async - {"script":"<script> [1562 bytes]","args":[{"selector":{"id":"application-managehandovers-display-component---AddNewHO--confirmCreationButton","interaction":{"idSuffix":"inner"}},"wdio_ui5_key":"applicationmanagehandovers-display-component---AddNewHO--confirmCreationButton"}]}
COMMAND: GET /session/db7e74ddcaedfecfca9d83c19254142b/screenshot - {}
RESULT: {"script":"<script> [1562 bytes]","args":[{"selector":{"id":"application-managehandovers-display-component---AddNewHO--confirmCreationButton","interaction":{"idSuffix":"inner"}},"wdio_ui5_key":"applicationmanagehandovers-display-component---AddNewHO--confirmCreationButton"}]}
RESULT: undefined
COMMAND: POST /session/db7e74ddcaedfecfca9d83c19254142b/element - {"using":"xpath","value":"//*[@id=\"application-managehandovers-display-component---AddNewHO--confirmCreationButton\"]"}
RESULT: {}
RESULT: {"using":"xpath","value":"//*[@id=\"application-managehandovers-display-component---AddNewHO--confirmCreationButton\"]"}
COMMAND: POST /session/db7e74ddcaedfecfca9d83c19254142b/element/f.624D7720A2383BCF46C1895FE70984DD.d.852D37AC8C591A02E902380FB9E0FA0B.e.26716/click - {}
RESULT: {}
COMMAND: GET /session/db7e74ddcaedfecfca9d83c19254142b/screenshot - {}
RESULT: {}
RESULT: undefined
COMMAND: POST /session/db7e74ddcaedfecfca9d83c19254142b/execute/async - {"script":"<script> [776 bytes]","args":[{"enterText":"5/26/25","selector":{"id":"receiptDatePicker","viewName":"etm.portal.ui.managehandovers.view.DetailExecuteHO","interaction":{"idSuffix":"inner"}},"clearTextFirst":true,"interactionType":"ENTER_TEXT"}]}
RESULT: {"script":"<script> [776 bytes]","args":[{"enterText":"5/26/25","selector":{"id":"receiptDatePicker","viewName":"etm.portal.ui.managehandovers.view.DetailExecuteHO","interaction":{"idSuffix":"inner"}},"clearTextFirst":true,"interactionType":"ENTER_TEXT"}]}
COMMAND: POST /session/db7e74ddcaedfecfca9d83c19254142b/element - {"using":"xpath","value":"//button[@data-kt=\"IssuingTableConfirmAllButton\"]"}
RESULT: {"using":"xpath","value":"//button[@data-kt=\"IssuingTableConfirmAllButton\"]"}
COMMAND: POST /session/db7e74ddcaedfecfca9d83c19254142b/element/f.624D7720A2383BCF46C1895FE70984DD.d.852D37AC8C591A02E902380FB9E0FA0B.e.26757/click - {}
RESULT: {}
COMMAND: GET /session/db7e74ddcaedfecfca9d83c19254142b/screenshot - {}
RESULT: {}
COMMAND: POST /session/db7e74ddcaedfecfca9d83c19254142b/element - {"using":"xpath","value":"//bdi[contains(text(), \"OK\")]"}
RESULT: {"using":"xpath","value":"//bdi[contains(text(), \"OK\")]"}
COMMAND: POST /session/db7e74ddcaedfecfca9d83c19254142b/element/f.624D7720A2383BCF46C1895FE70984DD.d.852D37AC8C591A02E902380FB9E0FA0B.e.26761/click - {}
RESULT: {}
COMMAND: GET /session/db7e74ddcaedfecfca9d83c19254142b/screenshot - {}
RESULT: {}
COMMAND: POST /session/db7e74ddcaedfecfca9d83c19254142b/element - {"using":"xpath","value":"//bdi[contains(text(), \"Issue\")]"}
RESULT: {"using":"xpath","value":"//bdi[contains(text(), \"Issue\")]"}
COMMAND: POST /session/db7e74ddcaedfecfca9d83c19254142b/element/f.624D7720A2383BCF46C1895FE70984DD.d.852D37AC8C591A02E902380FB9E0FA0B.e.26763/click - {}
RESULT: {}
COMMAND: GET /session/db7e74ddcaedfecfca9d83c19254142b/screenshot - {}
RESULT: {}
COMMAND: POST /session/db7e74ddcaedfecfca9d83c19254142b/element - {"using":"css selector","value":"#shell-header-logo"}
RESULT: {"using":"css selector","value":"#shell-header-logo"}
COMMAND: POST /session/db7e74ddcaedfecfca9d83c19254142b/element/f.624D7720A2383BCF46C1895FE70984DD.d.852D37AC8C591A02E902380FB9E0FA0B.e.26162/click - {}
RESULT: {}
COMMAND: GET /session/db7e74ddcaedfecfca9d83c19254142b/screenshot - {}
RESULT: {}
COMMAND: POST /session/db7e74ddcaedfecfca9d83c19254142b/element - {"using":"css selector","value":"#j_username"}
COMMAND: POST /session/db7e74ddcaedfecfca9d83c19254142b/url - {"url":"https://qa-testing-00-live-etm-ui.cfapps.eu10-004.hana.ondemand.com/"}
RESULT: {"using":"css selector","value":"#j_username"}
COMMAND: POST /session/db7e74ddcaedfecfca9d83c19254142b/element - {"using":"css selector","value":"#j_username"}
RESULT: {"url":"https://qa-testing-00-live-etm-ui.cfapps.eu10-004.hana.ondemand.com/"}
RESULT: undefined
COMMAND: GET /session/db7e74ddcaedfecfca9d83c19254142b/screenshot - {}
RESULT: {"using":"css selector","value":"#j_username"}
COMMAND: POST /session/db7e74ddcaedfecfca9d83c19254142b/element - {"using":"css selector","value":"#shell-header-logo"}
RESULT: {}
RESULT: {"using":"css selector","value":"#shell-header-logo"}
COMMAND: POST /session/db7e74ddcaedfecfca9d83c19254142b/execute/sync - {"script":"<script> [8489 bytes]","args":[{"element-6066-11e4-a52e-4f735466cecf":"f.624D7720A2383BCF46C1895FE70984DD.d.3E0B05D02DDE46205835F04CCDB45202.e.26948","ELEMENT":"f.624D7720A2383BCF46C1895FE70984DD.d.3E0B05D02DDE46205835F04CCDB45202.e.26948"}]}
RESULT: {"script":"<script> [8489 bytes]","args":[{"element-6066-11e4-a52e-4f735466cecf":"f.624D7720A2383BCF46C1895FE70984DD.d.3E0B05D02DDE46205835F04CCDB45202.e.26948","ELEMENT":"f.624D7720A2383BCF46C1895FE70984DD.d.3E0B05D02DDE46205835F04CCDB45202.e.26948"}]}
COMMAND: POST /session/db7e74ddcaedfecfca9d83c19254142b/element - {"using":"css selector","value":"#shell-header-logo"}
COMMAND: GET /session/db7e74ddcaedfecfca9d83c19254142b/screenshot - {}
RESULT: {"using":"css selector","value":"#shell-header-logo"}
COMMAND: POST /session/db7e74ddcaedfecfca9d83c19254142b/execute/sync - {"script":"<script> [8489 bytes]","args":[{"element-6066-11e4-a52e-4f735466cecf":"f.624D7720A2383BCF46C1895FE70984DD.d.3E0B05D02DDE46205835F04CCDB45202.e.26948","ELEMENT":"f.624D7720A2383BCF46C1895FE70984DD.d.3E0B05D02DDE46205835F04CCDB45202.e.26948"}]}
RESULT: {}
RESULT: {"script":"<script> [8489 bytes]","args":[{"element-6066-11e4-a52e-4f735466cecf":"f.624D7720A2383BCF46C1895FE70984DD.d.3E0B05D02DDE46205835F04CCDB45202.e.26948","ELEMENT":"f.624D7720A2383BCF46C1895FE70984DD.d.3E0B05D02DDE46205835F04CCDB45202.e.26948"}]}
COMMAND: POST /session/db7e74ddcaedfecfca9d83c19254142b/execute/sync - {"script":"<script> [5351 bytes]","args":[{"element-6066-11e4-a52e-4f735466cecf":"f.624D7720A2383BCF46C1895FE70984DD.d.3E0B05D02DDE46205835F04CCDB45202.e.26948","ELEMENT":"f.624D7720A2383BCF46C1895FE70984DD.d.3E0B05D02DDE46205835F04CCDB45202.e.26948"}]}
COMMAND: GET /session/db7e74ddcaedfecfca9d83c19254142b/screenshot - {}
RESULT: {"script":"<script> [5351 bytes]","args":[{"element-6066-11e4-a52e-4f735466cecf":"f.624D7720A2383BCF46C1895FE70984DD.d.3E0B05D02DDE46205835F04CCDB45202.e.26948","ELEMENT":"f.624D7720A2383BCF46C1895FE70984DD.d.3E0B05D02DDE46205835F04CCDB45202.e.26948"}]}
COMMAND: POST /session/db7e74ddcaedfecfca9d83c19254142b/element - {"using":"css selector","value":"#shell-header-logo"}
COMMAND: GET /session/db7e74ddcaedfecfca9d83c19254142b/screenshot - {}
RESULT: {}
RESULT: {"using":"css selector","value":"#shell-header-logo"}
COMMAND: POST /session/db7e74ddcaedfecfca9d83c19254142b/element/f.624D7720A2383BCF46C1895FE70984DD.d.3E0B05D02DDE46205835F04CCDB45202.e.26948/click - {}
RESULT: {}
RESULT: {}
COMMAND: GET /session/db7e74ddcaedfecfca9d83c19254142b/screenshot - {}
RESULT: {}
COMMAND: POST /session/db7e74ddcaedfecfca9d83c19254142b/execute/async - {"script":"<script> [189 bytes]","args":[]}
RESULT: {"script":"<script> [189 bytes]","args":[]}
COMMAND: POST /session/db7e74ddcaedfecfca9d83c19254142b/execute/async - {"script":"<script> [123 bytes]","args":[]}
RESULT: {"script":"<script> [123 bytes]","args":[]}
COMMAND: POST /session/db7e74ddcaedfecfca9d83c19254142b/timeouts - {"script":"<number>"}
RESULT: {"script":"<number>"}
COMMAND: GET /session/db7e74ddcaedfecfca9d83c19254142b/timeouts - {}
RESULT: {}
RESULT: undefined
COMMAND: POST /session/db7e74ddcaedfecfca9d83c19254142b/execute/async - {"script":"<script> [2676 bytes]","args":[]}
RESULT: {"script":"<script> [2676 bytes]","args":[]}
COMMAND: POST /session/db7e74ddcaedfecfca9d83c19254142b/execute/async - {"script":"<script> [2342 bytes]","args":[{"protocol":"http","hostname":"0.0.0.0","path":"/","capabilities":{"browserName":"chrome","goog:chromeOptions":{"binary":"C:\\Program Files\\Google\\Chrome\\Application\\chrome.exe","args":["--start-maximized"]}},"logLevel":"warn","connectionRetryTimeout":120000,"connectionRetryCount":3,"logLevels":{},"enableDirectConnect":true,"strictSSL":true,"_":"65 more keys: [\"cacheDir\",\"port\",\"requestedCapabilities\",\"automationProtocol\",\"baseUrl\",\"waitforInterval\",\"waitforTimeout\",\"onReload\",\"beforeCommand\",\"afterCommand\",\"rootDir\",\"specs\",\"suites\",\"exclude\",\"groupLogsByTestSpec\",\"excludeDriverLogs\",\"bail\",\"framework\",\"reporters\",\"services\",\"maxInstances\",\"maxInstancesPerCapability\",\"injectGlobals\",\"filesToWatch\",\"execArgv\",\"runnerEnv\",\"runner\",\"shard\",\"specFileRetries\",\"specFileRetriesDelay\",\"specFileRetriesDeferred\",\"reporterSyncInterval\",\"reporterSyncTimeout\",\"cucumberFeaturesWithLineNumbers\",\"autoCompileOpts\",\"mochaOpts\",\"jasmineOpts\",\"cucumberOpts\",\"onPrepare\",\"onWorkerStart\",\"onWorkerEnd\",\"before\",\"beforeSession\",\"beforeSuite\",\"beforeHook\",\"beforeTest\",\"afterTest\",\"afterHook\",\"afterSuite\",\"afterSession\",\"after\",\"onComplete\",\"beforeAssertion\",\"afterAssertion\",\"beforeFeature\",\"beforeScenario\",\"beforeStep\",\"afterStep\",\"afterScenario\",\"afterFeature\",\"_\",\"suite\",\"$0\",\"ignoredWorkerServices\",\"wdi5\"]"}]}
RESULT: {"script":"<script> [2342 bytes]","args":[{"protocol":"http","hostname":"0.0.0.0","path":"/","capabilities":{"browserName":"chrome","goog:chromeOptions":{"binary":"C:\\Program Files\\Google\\Chrome\\Application\\chrome.exe","args":["--start-maximized"]}},"logLevel":"warn","connectionRetryTimeout":120000,"connectionRetryCount":3,"logLevels":{},"enableDirectConnect":true,"strictSSL":true,"_":"65 more keys: [\"cacheDir\",\"port\",\"requestedCapabilities\",\"automationProtocol\",\"baseUrl\",\"waitforInterval\",\"waitforTimeout\",\"onReload\",\"beforeCommand\",\"afterCommand\",\"rootDir\",\"specs\",\"suites\",\"exclude\",\"groupLogsByTestSpec\",\"excludeDriverLogs\",\"bail\",\"framework\",\"reporters\",\"services\",\"maxInstances\",\"maxInstancesPerCapability\",\"injectGlobals\",\"filesToWatch\",\"execArgv\",\"runnerEnv\",\"runner\",\"shard\",\"specFileRetries\",\"specFileRetriesDelay\",\"specFileRetriesDeferred\",\"reporterSyncInterval\",\"reporterSyncTimeout\",\"cucumberFeaturesWithLineNumbers\",\"autoCompileOpts\",\"mochaOpts\",\"jasmineOpts\",\"cucumberOpts\",\"onPrepare\",\"onWorkerStart\",\"onWorkerEnd\",\"before\",\"beforeSession\",\"beforeSuite\",\"beforeHook\",\"beforeTest\",\"afterTest\",\"afterHook\",\"afterSuite\",\"afterSession\",\"after\",\"onComplete\",\"beforeAssertion\",\"afterAssertion\",\"beforeFeature\",\"beforeScenario\",\"beforeStep\",\"afterStep\",\"afterScenario\",\"afterFeature\",\"_\",\"suite\",\"$0\",\"ignoredWorkerServices\",\"wdi5\"]"}]}
COMMAND: POST /session/db7e74ddcaedfecfca9d83c19254142b/execute/async - {"script":"<script> [21126 bytes]","args":[35000]}
RESULT: {"script":"<script> [21126 bytes]","args":[35000]}
COMMAND: POST /session/db7e74ddcaedfecfca9d83c19254142b/window/maximize - {}
RESULT: {}
COMMAND: POST /session/db7e74ddcaedfecfca9d83c19254142b/execute/async - {"script":"<script> [1562 bytes]","args":[{"selector":{"id":"shell-header","interaction":{"idSuffix":"icon"}},"wdio_ui5_key":"shellheader"}]}
COMMAND: GET /session/db7e74ddcaedfecfca9d83c19254142b/screenshot - {}
RESULT: {"script":"<script> [1562 bytes]","args":[{"selector":{"id":"shell-header","interaction":{"idSuffix":"icon"}},"wdio_ui5_key":"shellheader"}]}
RESULT: undefined
COMMAND: POST /session/db7e74ddcaedfecfca9d83c19254142b/window/fullscreen - {}
RESULT: {}
RESULT: {}
]]></system-out>
    </testcase>
  </testsuite>
  <testsuite timestamp="2025-05-26T17:39:24" time="806.31" tests="7" failures="1" errors="1" skipped="0">
    <properties>
      <property name="specId" value="0"/>
      <property name="suiteName" value="Transfer Yard to Yard US131076"/>
      <property name="capabilities" value="chrome.136_0_7103_93.windows"/>
      <property name="file" value="file:///D:/a/1/s/test/specs/HTR/transfer-yard-to-yard.spec.js"/>
    </properties>
    <testcase classname="chrome.136_0_7103_93.windows.Transfer_Yard_to_Yard_US131076" name="Should create a new yard" time="0.014">
      <system-out><![CDATA[
COMMAND: POST /session/db7e74ddcaedfecfca9d83c19254142b/window/fullscreen - {}
RESULT: {}
]]></system-out>
    </testcase>
    <testcase classname="chrome.136_0_7103_93.windows.Transfer_Yard_to_Yard_US131076" name="Should create a new 2nd yard" time="132.794">
      <system-out><![CDATA[
COMMAND: POST /session/db7e74ddcaedfecfca9d83c19254142b/window/fullscreen - {}
RESULT: {}
COMMAND: POST /session/db7e74ddcaedfecfca9d83c19254142b/execute/async - {"script":"<script> [1562 bytes]","args":[{"selector":{"controlType":"sap.m.GenericTile","properties":{"header":"Manage Yards"}},"wdio_ui5_key":"sapm.GenericTile{\"header\":\"Manage Yards\"}"}]}
RESULT: {"script":"<script> [1562 bytes]","args":[{"selector":{"controlType":"sap.m.GenericTile","properties":{"header":"Manage Yards"}},"wdio_ui5_key":"sapm.GenericTile{\"header\":\"Manage Yards\"}"}]}
RESULT: undefined
COMMAND: POST /session/db7e74ddcaedfecfca9d83c19254142b/element - {"using":"xpath","value":"//*[@id=\"__tile33\"]"}
RESULT: {"using":"xpath","value":"//*[@id=\"__tile33\"]"}
COMMAND: POST /session/db7e74ddcaedfecfca9d83c19254142b/element/f.624D7720A2383BCF46C1895FE70984DD.d.3E0B05D02DDE46205835F04CCDB45202.e.26971/click - {}
RESULT: {}
COMMAND: GET /session/db7e74ddcaedfecfca9d83c19254142b/screenshot - {}
RESULT: {}
COMMAND: POST /session/db7e74ddcaedfecfca9d83c19254142b/elements - {"using":"xpath","value":"//span[text()='Error']"}
RESULT: {"using":"xpath","value":"//span[text()='Error']"}
COMMAND: POST /session/db7e74ddcaedfecfca9d83c19254142b/element - {"using":"xpath","value":"//button[@data-kt=\"addNewYardOverflowToolbarButton\"]"}
RESULT: {"using":"xpath","value":"//button[@data-kt=\"addNewYardOverflowToolbarButton\"]"}
COMMAND: POST /session/db7e74ddcaedfecfca9d83c19254142b/elements - {"using":"xpath","value":"//button[@data-kt=\"addNewYardOverflowToolbarButton\"]"}
RESULT: {"using":"xpath","value":"//button[@data-kt=\"addNewYardOverflowToolbarButton\"]"}
COMMAND: POST /session/db7e74ddcaedfecfca9d83c19254142b/elements - {"using":"xpath","value":"//button[@data-kt=\"addNewYardOverflowToolbarButton\"]"}
RESULT: {"using":"xpath","value":"//button[@data-kt=\"addNewYardOverflowToolbarButton\"]"}
COMMAND: POST /session/db7e74ddcaedfecfca9d83c19254142b/elements - {"using":"xpath","value":"//button[@data-kt=\"addNewYardOverflowToolbarButton\"]"}
RESULT: {"using":"xpath","value":"//button[@data-kt=\"addNewYardOverflowToolbarButton\"]"}
COMMAND: POST /session/db7e74ddcaedfecfca9d83c19254142b/elements - {"using":"xpath","value":"//button[@data-kt=\"addNewYardOverflowToolbarButton\"]"}
RESULT: {"using":"xpath","value":"//button[@data-kt=\"addNewYardOverflowToolbarButton\"]"}
COMMAND: POST /session/db7e74ddcaedfecfca9d83c19254142b/elements - {"using":"xpath","value":"//button[@data-kt=\"addNewYardOverflowToolbarButton\"]"}
RESULT: {"using":"xpath","value":"//button[@data-kt=\"addNewYardOverflowToolbarButton\"]"}
COMMAND: POST /session/db7e74ddcaedfecfca9d83c19254142b/elements - {"using":"xpath","value":"//button[@data-kt=\"addNewYardOverflowToolbarButton\"]"}
RESULT: {"using":"xpath","value":"//button[@data-kt=\"addNewYardOverflowToolbarButton\"]"}
COMMAND: POST /session/db7e74ddcaedfecfca9d83c19254142b/elements - {"using":"xpath","value":"//button[@data-kt=\"addNewYardOverflowToolbarButton\"]"}
RESULT: {"using":"xpath","value":"//button[@data-kt=\"addNewYardOverflowToolbarButton\"]"}
COMMAND: POST /session/db7e74ddcaedfecfca9d83c19254142b/elements - {"using":"xpath","value":"//button[@data-kt=\"addNewYardOverflowToolbarButton\"]"}
RESULT: {"using":"xpath","value":"//button[@data-kt=\"addNewYardOverflowToolbarButton\"]"}
COMMAND: POST /session/db7e74ddcaedfecfca9d83c19254142b/elements - {"using":"xpath","value":"//button[@data-kt=\"addNewYardOverflowToolbarButton\"]"}
RESULT: {"using":"xpath","value":"//button[@data-kt=\"addNewYardOverflowToolbarButton\"]"}
COMMAND: POST /session/db7e74ddcaedfecfca9d83c19254142b/elements - {"using":"xpath","value":"//button[@data-kt=\"addNewYardOverflowToolbarButton\"]"}
RESULT: {"using":"xpath","value":"//button[@data-kt=\"addNewYardOverflowToolbarButton\"]"}
COMMAND: POST /session/db7e74ddcaedfecfca9d83c19254142b/elements - {"using":"xpath","value":"//button[@data-kt=\"addNewYardOverflowToolbarButton\"]"}
RESULT: {"using":"xpath","value":"//button[@data-kt=\"addNewYardOverflowToolbarButton\"]"}
COMMAND: POST /session/db7e74ddcaedfecfca9d83c19254142b/elements - {"using":"xpath","value":"//button[@data-kt=\"addNewYardOverflowToolbarButton\"]"}
RESULT: {"using":"xpath","value":"//button[@data-kt=\"addNewYardOverflowToolbarButton\"]"}
COMMAND: POST /session/db7e74ddcaedfecfca9d83c19254142b/elements - {"using":"xpath","value":"//button[@data-kt=\"addNewYardOverflowToolbarButton\"]"}
RESULT: {"using":"xpath","value":"//button[@data-kt=\"addNewYardOverflowToolbarButton\"]"}
COMMAND: POST /session/db7e74ddcaedfecfca9d83c19254142b/elements - {"using":"xpath","value":"//button[@data-kt=\"addNewYardOverflowToolbarButton\"]"}
RESULT: {"using":"xpath","value":"//button[@data-kt=\"addNewYardOverflowToolbarButton\"]"}
COMMAND: POST /session/db7e74ddcaedfecfca9d83c19254142b/elements - {"using":"xpath","value":"//button[@data-kt=\"addNewYardOverflowToolbarButton\"]"}
RESULT: {"using":"xpath","value":"//button[@data-kt=\"addNewYardOverflowToolbarButton\"]"}
COMMAND: POST /session/db7e74ddcaedfecfca9d83c19254142b/elements - {"using":"xpath","value":"//button[@data-kt=\"addNewYardOverflowToolbarButton\"]"}
RESULT: {"using":"xpath","value":"//button[@data-kt=\"addNewYardOverflowToolbarButton\"]"}
COMMAND: POST /session/db7e74ddcaedfecfca9d83c19254142b/elements - {"using":"xpath","value":"//button[@data-kt=\"addNewYardOverflowToolbarButton\"]"}
RESULT: {"using":"xpath","value":"//button[@data-kt=\"addNewYardOverflowToolbarButton\"]"}
COMMAND: POST /session/db7e74ddcaedfecfca9d83c19254142b/element - {"using":"xpath","value":"//button[@data-kt=\"addNewYardOverflowToolbarButton\"]"}
RESULT: {"using":"xpath","value":"//button[@data-kt=\"addNewYardOverflowToolbarButton\"]"}
COMMAND: POST /session/db7e74ddcaedfecfca9d83c19254142b/execute/sync - {"script":"<script> [8489 bytes]","args":[{"element-6066-11e4-a52e-4f735466cecf":"f.624D7720A2383BCF46C1895FE70984DD.d.3E0B05D02DDE46205835F04CCDB45202.e.27092","ELEMENT":"f.624D7720A2383BCF46C1895FE70984DD.d.3E0B05D02DDE46205835F04CCDB45202.e.27092"}]}
RESULT: {"script":"<script> [8489 bytes]","args":[{"element-6066-11e4-a52e-4f735466cecf":"f.624D7720A2383BCF46C1895FE70984DD.d.3E0B05D02DDE46205835F04CCDB45202.e.27092","ELEMENT":"f.624D7720A2383BCF46C1895FE70984DD.d.3E0B05D02DDE46205835F04CCDB45202.e.27092"}]}
COMMAND: GET /session/db7e74ddcaedfecfca9d83c19254142b/element/f.624D7720A2383BCF46C1895FE70984DD.d.3E0B05D02DDE46205835F04CCDB45202.e.27092/enabled - {}
COMMAND: GET /session/db7e74ddcaedfecfca9d83c19254142b/screenshot - {}
RESULT: {}
COMMAND: POST /session/db7e74ddcaedfecfca9d83c19254142b/execute/sync - {"script":"<script> [8489 bytes]","args":[{"element-6066-11e4-a52e-4f735466cecf":"f.624D7720A2383BCF46C1895FE70984DD.d.3E0B05D02DDE46205835F04CCDB45202.e.27092","ELEMENT":"f.624D7720A2383BCF46C1895FE70984DD.d.3E0B05D02DDE46205835F04CCDB45202.e.27092"}]}
COMMAND: GET /session/db7e74ddcaedfecfca9d83c19254142b/screenshot - {}
RESULT: {}
RESULT: {"script":"<script> [8489 bytes]","args":[{"element-6066-11e4-a52e-4f735466cecf":"f.624D7720A2383BCF46C1895FE70984DD.d.3E0B05D02DDE46205835F04CCDB45202.e.27092","ELEMENT":"f.624D7720A2383BCF46C1895FE70984DD.d.3E0B05D02DDE46205835F04CCDB45202.e.27092"}]}
COMMAND: POST /session/db7e74ddcaedfecfca9d83c19254142b/execute/sync - {"script":"<script> [5351 bytes]","args":[{"element-6066-11e4-a52e-4f735466cecf":"f.624D7720A2383BCF46C1895FE70984DD.d.3E0B05D02DDE46205835F04CCDB45202.e.27092","ELEMENT":"f.624D7720A2383BCF46C1895FE70984DD.d.3E0B05D02DDE46205835F04CCDB45202.e.27092"}]}
COMMAND: GET /session/db7e74ddcaedfecfca9d83c19254142b/screenshot - {}
RESULT: {}
RESULT: {"script":"<script> [5351 bytes]","args":[{"element-6066-11e4-a52e-4f735466cecf":"f.624D7720A2383BCF46C1895FE70984DD.d.3E0B05D02DDE46205835F04CCDB45202.e.27092","ELEMENT":"f.624D7720A2383BCF46C1895FE70984DD.d.3E0B05D02DDE46205835F04CCDB45202.e.27092"}]}
COMMAND: POST /session/db7e74ddcaedfecfca9d83c19254142b/element/f.624D7720A2383BCF46C1895FE70984DD.d.3E0B05D02DDE46205835F04CCDB45202.e.27092/click - {}
COMMAND: GET /session/db7e74ddcaedfecfca9d83c19254142b/screenshot - {}
RESULT: {}
RESULT: {}
COMMAND: GET /session/db7e74ddcaedfecfca9d83c19254142b/screenshot - {}
RESULT: {}
COMMAND: POST /session/db7e74ddcaedfecfca9d83c19254142b/element - {"using":"xpath","value":"//input[@id=\"application-manageyards-display-component---NewYard--yardId-inner\"]"}
RESULT: {}
RESULT: {"using":"xpath","value":"//input[@id=\"application-manageyards-display-component---NewYard--yardId-inner\"]"}
COMMAND: POST /session/db7e74ddcaedfecfca9d83c19254142b/element - {"using":"xpath","value":"//input[@id=\"application-manageyards-display-component---NewYard--yardId-inner\"]"}
RESULT: {"using":"xpath","value":"//input[@id=\"application-manageyards-display-component---NewYard--yardId-inner\"]"}
COMMAND: POST /session/db7e74ddcaedfecfca9d83c19254142b/execute/async - {"script":"<script> [1562 bytes]","args":[{"selector":{"id":"application-manageyards-display-component---NewYard--addressDetailDetailsName1","interaction":{"idSuffix":"inner"}},"wdio_ui5_key":"applicationmanageyards-display-component---NewYard--addressDetailDetailsName1"}]}
RESULT: {"script":"<script> [1562 bytes]","args":[{"selector":{"id":"application-manageyards-display-component---NewYard--addressDetailDetailsName1","interaction":{"idSuffix":"inner"}},"wdio_ui5_key":"applicationmanageyards-display-component---NewYard--addressDetailDetailsName1"}]}
RESULT: undefined
COMMAND: POST /session/db7e74ddcaedfecfca9d83c19254142b/execute/async - {"script":"<script> [776 bytes]","args":[{"enterText":"Intracompany Yard wdIO","selector":{"id":"application-manageyards-display-component---NewYard--addressDetailDetailsName1","interaction":{"idSuffix":"inner"}},"clearTextFirst":true,"interactionType":"ENTER_TEXT"}]}
RESULT: {"script":"<script> [776 bytes]","args":[{"enterText":"Intracompany Yard wdIO","selector":{"id":"application-manageyards-display-component---NewYard--addressDetailDetailsName1","interaction":{"idSuffix":"inner"}},"clearTextFirst":true,"interactionType":"ENTER_TEXT"}]}
COMMAND: POST /session/db7e74ddcaedfecfca9d83c19254142b/execute/async - {"script":"<script> [1562 bytes]","args":[{"selector":{"id":"application-manageyards-display-component---NewYard--addressDetailDetailsLanguage-arrow"},"wdio_ui5_key":"applicationmanageyards-display-component---NewYard--addressDetailDetailsLanguage-arrow"}]}
RESULT: {"script":"<script> [1562 bytes]","args":[{"selector":{"id":"application-manageyards-display-component---NewYard--addressDetailDetailsLanguage-arrow"},"wdio_ui5_key":"applicationmanageyards-display-component---NewYard--addressDetailDetailsLanguage-arrow"}]}
RESULT: undefined
COMMAND: POST /session/db7e74ddcaedfecfca9d83c19254142b/element - {"using":"xpath","value":"//*[@id=\"application-manageyards-display-component---NewYard--addressDetailDetailsLanguage-arrow\"]"}
RESULT: {"using":"xpath","value":"//*[@id=\"application-manageyards-display-component---NewYard--addressDetailDetailsLanguage-arrow\"]"}
COMMAND: POST /session/db7e74ddcaedfecfca9d83c19254142b/element/f.624D7720A2383BCF46C1895FE70984DD.d.3E0B05D02DDE46205835F04CCDB45202.e.27516/click - {}
RESULT: {}
COMMAND: POST /session/db7e74ddcaedfecfca9d83c19254142b/element - {"using":"xpath","value":"//span[contains(text(), \"English\")]"}
COMMAND: GET /session/db7e74ddcaedfecfca9d83c19254142b/screenshot - {}
RESULT: {"using":"xpath","value":"//span[contains(text(), \"English\")]"}
COMMAND: POST /session/db7e74ddcaedfecfca9d83c19254142b/element/f.624D7720A2383BCF46C1895FE70984DD.d.3E0B05D02DDE46205835F04CCDB45202.e.27517/click - {}
RESULT: {}
RESULT: {}
COMMAND: POST /session/db7e74ddcaedfecfca9d83c19254142b/execute/async - {"script":"<script> [1562 bytes]","args":[{"selector":{"id":"application-manageyards-display-component---NewYard--addressDetailDetailsCity1","interaction":{"idSuffix":"inner"}},"wdio_ui5_key":"applicationmanageyards-display-component---NewYard--addressDetailDetailsCity1"}]}
COMMAND: GET /session/db7e74ddcaedfecfca9d83c19254142b/screenshot - {}
RESULT: {"script":"<script> [1562 bytes]","args":[{"selector":{"id":"application-manageyards-display-component---NewYard--addressDetailDetailsCity1","interaction":{"idSuffix":"inner"}},"wdio_ui5_key":"applicationmanageyards-display-component---NewYard--addressDetailDetailsCity1"}]}
RESULT: undefined
COMMAND: POST /session/db7e74ddcaedfecfca9d83c19254142b/execute/async - {"script":"<script> [776 bytes]","args":[{"enterText":"Rosario","selector":{"id":"application-manageyards-display-component---NewYard--addressDetailDetailsCity1","interaction":{"idSuffix":"inner"}},"clearTextFirst":true,"interactionType":"ENTER_TEXT"}]}
RESULT: {}
RESULT: {"script":"<script> [776 bytes]","args":[{"enterText":"Rosario","selector":{"id":"application-manageyards-display-component---NewYard--addressDetailDetailsCity1","interaction":{"idSuffix":"inner"}},"clearTextFirst":true,"interactionType":"ENTER_TEXT"}]}
COMMAND: POST /session/db7e74ddcaedfecfca9d83c19254142b/execute/async - {"script":"<script> [1562 bytes]","args":[{"selector":{"id":"application-manageyards-display-component---NewYard--addressDetailDetailsCountry-arrow"},"wdio_ui5_key":"applicationmanageyards-display-component---NewYard--addressDetailDetailsCountry-arrow"}]}
RESULT: {"script":"<script> [1562 bytes]","args":[{"selector":{"id":"application-manageyards-display-component---NewYard--addressDetailDetailsCountry-arrow"},"wdio_ui5_key":"applicationmanageyards-display-component---NewYard--addressDetailDetailsCountry-arrow"}]}
RESULT: undefined
COMMAND: POST /session/db7e74ddcaedfecfca9d83c19254142b/element - {"using":"xpath","value":"//*[@id=\"application-manageyards-display-component---NewYard--addressDetailDetailsCountry-arrow\"]"}
RESULT: {"using":"xpath","value":"//*[@id=\"application-manageyards-display-component---NewYard--addressDetailDetailsCountry-arrow\"]"}
COMMAND: POST /session/db7e74ddcaedfecfca9d83c19254142b/element/f.624D7720A2383BCF46C1895FE70984DD.d.3E0B05D02DDE46205835F04CCDB45202.e.27519/click - {}
RESULT: {}
COMMAND: POST /session/db7e74ddcaedfecfca9d83c19254142b/element - {"using":"xpath","value":"//span[contains(text(), \"Argentina\")]"}
COMMAND: GET /session/db7e74ddcaedfecfca9d83c19254142b/screenshot - {}
RESULT: {"using":"xpath","value":"//span[contains(text(), \"Argentina\")]"}
COMMAND: POST /session/db7e74ddcaedfecfca9d83c19254142b/element/f.624D7720A2383BCF46C1895FE70984DD.d.3E0B05D02DDE46205835F04CCDB45202.e.27521/click - {}
RESULT: {}
RESULT: {}
COMMAND: POST /session/db7e74ddcaedfecfca9d83c19254142b/execute/async - {"script":"<script> [1562 bytes]","args":[{"selector":{"id":"application-manageyards-display-component---NewYard--addressEditDetailsCostObjectCstType-arrow"},"wdio_ui5_key":"applicationmanageyards-display-component---NewYard--addressEditDetailsCostObjectCstType-arrow"}]}
COMMAND: GET /session/db7e74ddcaedfecfca9d83c19254142b/screenshot - {}
RESULT: {"script":"<script> [1562 bytes]","args":[{"selector":{"id":"application-manageyards-display-component---NewYard--addressEditDetailsCostObjectCstType-arrow"},"wdio_ui5_key":"applicationmanageyards-display-component---NewYard--addressEditDetailsCostObjectCstType-arrow"}]}
RESULT: undefined
COMMAND: POST /session/db7e74ddcaedfecfca9d83c19254142b/element - {"using":"xpath","value":"//*[@id=\"application-manageyards-display-component---NewYard--addressEditDetailsCostObjectCstType-arrow\"]"}
RESULT: {}
RESULT: {"using":"xpath","value":"//*[@id=\"application-manageyards-display-component---NewYard--addressEditDetailsCostObjectCstType-arrow\"]"}
COMMAND: POST /session/db7e74ddcaedfecfca9d83c19254142b/element/f.624D7720A2383BCF46C1895FE70984DD.d.3E0B05D02DDE46205835F04CCDB45202.e.27522/click - {}
RESULT: {}
COMMAND: POST /session/db7e74ddcaedfecfca9d83c19254142b/element - {"using":"xpath","value":"//span[contains(text(), \"Cost Center\")]"}
COMMAND: GET /session/db7e74ddcaedfecfca9d83c19254142b/screenshot - {}
RESULT: {"using":"xpath","value":"//span[contains(text(), \"Cost Center\")]"}
COMMAND: POST /session/db7e74ddcaedfecfca9d83c19254142b/element/f.624D7720A2383BCF46C1895FE70984DD.d.3E0B05D02DDE46205835F04CCDB45202.e.27523/click - {}
RESULT: {}
RESULT: {}
COMMAND: GET /session/db7e74ddcaedfecfca9d83c19254142b/screenshot - {}
RESULT: {}
COMMAND: POST /session/db7e74ddcaedfecfca9d83c19254142b/element - {"using":"xpath","value":"//span[@id=\"application-manageyards-display-component---NewYard--addressNewCostObjectCstID-vhi\"]"}
RESULT: {"using":"xpath","value":"//span[@id=\"application-manageyards-display-component---NewYard--addressNewCostObjectCstID-vhi\"]"}
COMMAND: POST /session/db7e74ddcaedfecfca9d83c19254142b/execute/sync - {"script":"<script> [8489 bytes]","args":[{"element-6066-11e4-a52e-4f735466cecf":"f.624D7720A2383BCF46C1895FE70984DD.d.3E0B05D02DDE46205835F04CCDB45202.e.27527","ELEMENT":"f.624D7720A2383BCF46C1895FE70984DD.d.3E0B05D02DDE46205835F04CCDB45202.e.27527"}]}
RESULT: {"script":"<script> [8489 bytes]","args":[{"element-6066-11e4-a52e-4f735466cecf":"f.624D7720A2383BCF46C1895FE70984DD.d.3E0B05D02DDE46205835F04CCDB45202.e.27527","ELEMENT":"f.624D7720A2383BCF46C1895FE70984DD.d.3E0B05D02DDE46205835F04CCDB45202.e.27527"}]}
COMMAND: POST /session/db7e74ddcaedfecfca9d83c19254142b/execute/async - {"script":"<script> [1562 bytes]","args":[{"selector":{"id":"application-manageyards-display-component---NewYard--addressNewCostObjectCstID-vhi"},"wdio_ui5_key":"applicationmanageyards-display-component---NewYard--addressNewCostObjectCstID-vhi"}]}
COMMAND: GET /session/db7e74ddcaedfecfca9d83c19254142b/screenshot - {}
RESULT: {"script":"<script> [1562 bytes]","args":[{"selector":{"id":"application-manageyards-display-component---NewYard--addressNewCostObjectCstID-vhi"},"wdio_ui5_key":"applicationmanageyards-display-component---NewYard--addressNewCostObjectCstID-vhi"}]}
RESULT: undefined
COMMAND: POST /session/db7e74ddcaedfecfca9d83c19254142b/element - {"using":"xpath","value":"//*[@id=\"application-manageyards-display-component---NewYard--addressNewCostObjectCstID-vhi\"]"}
RESULT: {}
RESULT: {"using":"xpath","value":"//*[@id=\"application-manageyards-display-component---NewYard--addressNewCostObjectCstID-vhi\"]"}
COMMAND: POST /session/db7e74ddcaedfecfca9d83c19254142b/element/f.624D7720A2383BCF46C1895FE70984DD.d.3E0B05D02DDE46205835F04CCDB45202.e.27527/click - {}
RESULT: {}
COMMAND: GET /session/db7e74ddcaedfecfca9d83c19254142b/screenshot - {}
RESULT: {}
COMMAND: POST /session/db7e74ddcaedfecfca9d83c19254142b/execute/async - {"script":"<script> [1562 bytes]","args":[{"selector":{"controlType":"sap.m.SearchField","properties":{"placeholder":"Search"},"searchOpenDialogs":true,"interaction":{"idSuffix":"I"}},"wdio_ui5_key":"sapm.SearchField{\"placeholder\":\"Search\"}"}]}
RESULT: {"script":"<script> [1562 bytes]","args":[{"selector":{"controlType":"sap.m.SearchField","properties":{"placeholder":"Search"},"searchOpenDialogs":true,"interaction":{"idSuffix":"I"}},"wdio_ui5_key":"sapm.SearchField{\"placeholder\":\"Search\"}"}]}
RESULT: undefined
COMMAND: POST /session/db7e74ddcaedfecfca9d83c19254142b/execute/async - {"script":"<script> [776 bytes]","args":[{"enterText":"bauh_b","selector":{"controlType":"sap.m.SearchField","properties":{"placeholder":"Search"},"searchOpenDialogs":true,"interaction":{"idSuffix":"I"}},"clearTextFirst":true,"interactionType":"ENTER_TEXT"}]}
RESULT: {"script":"<script> [776 bytes]","args":[{"enterText":"bauh_b","selector":{"controlType":"sap.m.SearchField","properties":{"placeholder":"Search"},"searchOpenDialogs":true,"interaction":{"idSuffix":"I"}},"clearTextFirst":true,"interactionType":"ENTER_TEXT"}]}
COMMAND: POST /session/db7e74ddcaedfecfca9d83c19254142b/actions - {"actions":[{"id":"action83","type":"key","parameters":{},"actions":[{"type":"keyDown","value":""},{"type":"pause","duration":10},{"type":"keyUp","value":""}]}]}
RESULT: {"actions":[{"id":"action83","type":"key","parameters":{},"actions":[{"type":"keyDown","value":""},{"type":"pause","duration":10},{"type":"keyUp","value":""}]}]}
COMMAND: GET /session/db7e74ddcaedfecfca9d83c19254142b/screenshot - {}
RESULT: {}
COMMAND: POST /session/db7e74ddcaedfecfca9d83c19254142b/element - {"using":"xpath","value":"//span[contains(text(), \"Demo Yard\")]"}
RESULT: {"using":"xpath","value":"//span[contains(text(), \"Demo Yard\")]"}
COMMAND: POST /session/db7e74ddcaedfecfca9d83c19254142b/element/f.624D7720A2383BCF46C1895FE70984DD.d.3E0B05D02DDE46205835F04CCDB45202.e.27568/click - {}
RESULT: {}
COMMAND: GET /session/db7e74ddcaedfecfca9d83c19254142b/screenshot - {}
RESULT: {}
COMMAND: POST /session/db7e74ddcaedfecfca9d83c19254142b/element - {"using":"xpath","value":"//bdi[contains(text(), \"OK\")]"}
RESULT: {"using":"xpath","value":"//bdi[contains(text(), \"OK\")]"}
COMMAND: POST /session/db7e74ddcaedfecfca9d83c19254142b/element/f.624D7720A2383BCF46C1895FE70984DD.d.3E0B05D02DDE46205835F04CCDB45202.e.27569/click - {}
RESULT: {}
COMMAND: GET /session/db7e74ddcaedfecfca9d83c19254142b/screenshot - {}
RESULT: {}
COMMAND: POST /session/db7e74ddcaedfecfca9d83c19254142b/execute/async - {"script":"<script> [1562 bytes]","args":[{"selector":{"id":"application-manageyards-display-component---NewYard--addressEditDetailsCurrency-arrow"},"wdio_ui5_key":"applicationmanageyards-display-component---NewYard--addressEditDetailsCurrency-arrow"}]}
RESULT: {"script":"<script> [1562 bytes]","args":[{"selector":{"id":"application-manageyards-display-component---NewYard--addressEditDetailsCurrency-arrow"},"wdio_ui5_key":"applicationmanageyards-display-component---NewYard--addressEditDetailsCurrency-arrow"}]}
RESULT: undefined
COMMAND: POST /session/db7e74ddcaedfecfca9d83c19254142b/element - {"using":"xpath","value":"//*[@id=\"application-manageyards-display-component---NewYard--addressEditDetailsCurrency-arrow\"]"}
RESULT: {"using":"xpath","value":"//*[@id=\"application-manageyards-display-component---NewYard--addressEditDetailsCurrency-arrow\"]"}
COMMAND: POST /session/db7e74ddcaedfecfca9d83c19254142b/element/f.624D7720A2383BCF46C1895FE70984DD.d.3E0B05D02DDE46205835F04CCDB45202.e.27572/click - {}
RESULT: {}
COMMAND: POST /session/db7e74ddcaedfecfca9d83c19254142b/element - {"using":"xpath","value":"//span[contains(text(), \"Euro\")]"}
COMMAND: GET /session/db7e74ddcaedfecfca9d83c19254142b/screenshot - {}
RESULT: {"using":"xpath","value":"//span[contains(text(), \"Euro\")]"}
COMMAND: POST /session/db7e74ddcaedfecfca9d83c19254142b/element/f.624D7720A2383BCF46C1895FE70984DD.d.3E0B05D02DDE46205835F04CCDB45202.e.27573/click - {}
RESULT: {}
RESULT: {}
COMMAND: POST /session/db7e74ddcaedfecfca9d83c19254142b/execute/async - {"script":"<script> [1562 bytes]","args":[{"selector":{"controlType":"sap.m.Input","viewName":"etm.portal.ui.manageyards.view.New","viewId":"application-manageyards-display-component---NewYard","bindingPath":{"path":"","propertyPath":"/CONTROLLING_AREA","modelName":"NewYardModel"},"interaction":{"idSuffix":"inner"}},"wdio_ui5_key":"etmportal.ui.manageyards.view.Newsap.m.Input{\"path\":\"\",\"propertyPath\":\"/CONTROLLING_AREA\",\"modelName\":\"NewYardModel\"}"}]}
COMMAND: GET /session/db7e74ddcaedfecfca9d83c19254142b/screenshot - {}
RESULT: {"script":"<script> [1562 bytes]","args":[{"selector":{"controlType":"sap.m.Input","viewName":"etm.portal.ui.manageyards.view.New","viewId":"application-manageyards-display-component---NewYard","bindingPath":{"path":"","propertyPath":"/CONTROLLING_AREA","modelName":"NewYardModel"},"interaction":{"idSuffix":"inner"}},"wdio_ui5_key":"etmportal.ui.manageyards.view.Newsap.m.Input{\"path\":\"\",\"propertyPath\":\"/CONTROLLING_AREA\",\"modelName\":\"NewYardModel\"}"}]}
RESULT: undefined
COMMAND: POST /session/db7e74ddcaedfecfca9d83c19254142b/execute/async - {"script":"<script> [776 bytes]","args":[{"enterText":"Z001","selector":{"controlType":"sap.m.Input","viewName":"etm.portal.ui.manageyards.view.New","viewId":"application-manageyards-display-component---NewYard","bindingPath":{"path":"","propertyPath":"/CONTROLLING_AREA","modelName":"NewYardModel"},"interaction":{"idSuffix":"inner"}},"clearTextFirst":true,"interactionType":"ENTER_TEXT"}]}
RESULT: {}
RESULT: {"script":"<script> [776 bytes]","args":[{"enterText":"Z001","selector":{"controlType":"sap.m.Input","viewName":"etm.portal.ui.manageyards.view.New","viewId":"application-manageyards-display-component---NewYard","bindingPath":{"path":"","propertyPath":"/CONTROLLING_AREA","modelName":"NewYardModel"},"interaction":{"idSuffix":"inner"}},"clearTextFirst":true,"interactionType":"ENTER_TEXT"}]}
COMMAND: POST /session/db7e74ddcaedfecfca9d83c19254142b/execute/async - {"script":"<script> [1562 bytes]","args":[{"selector":{"id":"application-manageyards-display-component---NewYard--companyCodeComboBox","interaction":{"idSuffix":"inner"}},"wdio_ui5_key":"applicationmanageyards-display-component---NewYard--companyCodeComboBox"}]}
RESULT: {"script":"<script> [1562 bytes]","args":[{"selector":{"id":"application-manageyards-display-component---NewYard--companyCodeComboBox","interaction":{"idSuffix":"inner"}},"wdio_ui5_key":"applicationmanageyards-display-component---NewYard--companyCodeComboBox"}]}
RESULT: undefined
COMMAND: POST /session/db7e74ddcaedfecfca9d83c19254142b/execute/async - {"script":"<script> [776 bytes]","args":[{"enterText":"1000","selector":{"id":"application-manageyards-display-component---NewYard--companyCodeComboBox","interaction":{"idSuffix":"inner"}},"clearTextFirst":true,"interactionType":"ENTER_TEXT"}]}
RESULT: {"script":"<script> [776 bytes]","args":[{"enterText":"1000","selector":{"id":"application-manageyards-display-component---NewYard--companyCodeComboBox","interaction":{"idSuffix":"inner"}},"clearTextFirst":true,"interactionType":"ENTER_TEXT"}]}
COMMAND: POST /session/db7e74ddcaedfecfca9d83c19254142b/execute/async - {"script":"<script> [1562 bytes]","args":[{"selector":{"controlType":"sap.m.Input","viewName":"etm.portal.ui.manageyards.view.New","viewId":"application-manageyards-display-component---NewYard","bindingPath":{"path":"","propertyPath":"/PLANT","modelName":"NewYardModel"},"interaction":{"idSuffix":"inner"}},"wdio_ui5_key":"etmportal.ui.manageyards.view.Newsap.m.Input{\"path\":\"\",\"propertyPath\":\"/PLANT\",\"modelName\":\"NewYardModel\"}"}]}
RESULT: {"script":"<script> [1562 bytes]","args":[{"selector":{"controlType":"sap.m.Input","viewName":"etm.portal.ui.manageyards.view.New","viewId":"application-manageyards-display-component---NewYard","bindingPath":{"path":"","propertyPath":"/PLANT","modelName":"NewYardModel"},"interaction":{"idSuffix":"inner"}},"wdio_ui5_key":"etmportal.ui.manageyards.view.Newsap.m.Input{\"path\":\"\",\"propertyPath\":\"/PLANT\",\"modelName\":\"NewYardModel\"}"}]}
RESULT: undefined
COMMAND: POST /session/db7e74ddcaedfecfca9d83c19254142b/execute/async - {"script":"<script> [776 bytes]","args":[{"enterText":"1001","selector":{"controlType":"sap.m.Input","viewName":"etm.portal.ui.manageyards.view.New","viewId":"application-manageyards-display-component---NewYard","bindingPath":{"path":"","propertyPath":"/PLANT","modelName":"NewYardModel"},"interaction":{"idSuffix":"inner"}},"clearTextFirst":true,"interactionType":"ENTER_TEXT"}]}
RESULT: {"script":"<script> [776 bytes]","args":[{"enterText":"1001","selector":{"controlType":"sap.m.Input","viewName":"etm.portal.ui.manageyards.view.New","viewId":"application-manageyards-display-component---NewYard","bindingPath":{"path":"","propertyPath":"/PLANT","modelName":"NewYardModel"},"interaction":{"idSuffix":"inner"}},"clearTextFirst":true,"interactionType":"ENTER_TEXT"}]}
COMMAND: POST /session/db7e74ddcaedfecfca9d83c19254142b/execute/async - {"script":"<script> [1562 bytes]","args":[{"selector":{"controlType":"sap.m.Input","viewName":"etm.portal.ui.manageyards.view.New","viewId":"application-manageyards-display-component---NewYard","bindingPath":{"path":"","propertyPath":"/SALES_AREA_VKORG","modelName":"NewYardModel"},"interaction":{"idSuffix":"inner"}},"wdio_ui5_key":"etmportal.ui.manageyards.view.Newsap.m.Input{\"path\":\"\",\"propertyPath\":\"/SALES_AREA_VKORG\",\"modelName\":\"NewYardModel\"}"}]}
RESULT: {"script":"<script> [1562 bytes]","args":[{"selector":{"controlType":"sap.m.Input","viewName":"etm.portal.ui.manageyards.view.New","viewId":"application-manageyards-display-component---NewYard","bindingPath":{"path":"","propertyPath":"/SALES_AREA_VKORG","modelName":"NewYardModel"},"interaction":{"idSuffix":"inner"}},"wdio_ui5_key":"etmportal.ui.manageyards.view.Newsap.m.Input{\"path\":\"\",\"propertyPath\":\"/SALES_AREA_VKORG\",\"modelName\":\"NewYardModel\"}"}]}
RESULT: undefined
COMMAND: POST /session/db7e74ddcaedfecfca9d83c19254142b/execute/async - {"script":"<script> [776 bytes]","args":[{"enterText":"C002","selector":{"controlType":"sap.m.Input","viewName":"etm.portal.ui.manageyards.view.New","viewId":"application-manageyards-display-component---NewYard","bindingPath":{"path":"","propertyPath":"/SALES_AREA_VKORG","modelName":"NewYardModel"},"interaction":{"idSuffix":"inner"}},"clearTextFirst":true,"interactionType":"ENTER_TEXT"}]}
RESULT: {"script":"<script> [776 bytes]","args":[{"enterText":"C002","selector":{"controlType":"sap.m.Input","viewName":"etm.portal.ui.manageyards.view.New","viewId":"application-manageyards-display-component---NewYard","bindingPath":{"path":"","propertyPath":"/SALES_AREA_VKORG","modelName":"NewYardModel"},"interaction":{"idSuffix":"inner"}},"clearTextFirst":true,"interactionType":"ENTER_TEXT"}]}
COMMAND: POST /session/db7e74ddcaedfecfca9d83c19254142b/execute/async - {"script":"<script> [1562 bytes]","args":[{"selector":{"controlType":"sap.m.Input","viewName":"etm.portal.ui.manageyards.view.New","viewId":"application-manageyards-display-component---NewYard","bindingPath":{"path":"","propertyPath":"/SALES_AREA_VTWEG","modelName":"NewYardModel"},"interaction":{"idSuffix":"inner"}},"wdio_ui5_key":"etmportal.ui.manageyards.view.Newsap.m.Input{\"path\":\"\",\"propertyPath\":\"/SALES_AREA_VTWEG\",\"modelName\":\"NewYardModel\"}"}]}
RESULT: {"script":"<script> [1562 bytes]","args":[{"selector":{"controlType":"sap.m.Input","viewName":"etm.portal.ui.manageyards.view.New","viewId":"application-manageyards-display-component---NewYard","bindingPath":{"path":"","propertyPath":"/SALES_AREA_VTWEG","modelName":"NewYardModel"},"interaction":{"idSuffix":"inner"}},"wdio_ui5_key":"etmportal.ui.manageyards.view.Newsap.m.Input{\"path\":\"\",\"propertyPath\":\"/SALES_AREA_VTWEG\",\"modelName\":\"NewYardModel\"}"}]}
RESULT: undefined
COMMAND: POST /session/db7e74ddcaedfecfca9d83c19254142b/execute/async - {"script":"<script> [776 bytes]","args":[{"enterText":"C2","selector":{"controlType":"sap.m.Input","viewName":"etm.portal.ui.manageyards.view.New","viewId":"application-manageyards-display-component---NewYard","bindingPath":{"path":"","propertyPath":"/SALES_AREA_VTWEG","modelName":"NewYardModel"},"interaction":{"idSuffix":"inner"}},"clearTextFirst":true,"interactionType":"ENTER_TEXT"}]}
RESULT: {"script":"<script> [776 bytes]","args":[{"enterText":"C2","selector":{"controlType":"sap.m.Input","viewName":"etm.portal.ui.manageyards.view.New","viewId":"application-manageyards-display-component---NewYard","bindingPath":{"path":"","propertyPath":"/SALES_AREA_VTWEG","modelName":"NewYardModel"},"interaction":{"idSuffix":"inner"}},"clearTextFirst":true,"interactionType":"ENTER_TEXT"}]}
COMMAND: POST /session/db7e74ddcaedfecfca9d83c19254142b/execute/async - {"script":"<script> [1562 bytes]","args":[{"selector":{"controlType":"sap.m.Input","viewName":"etm.portal.ui.manageyards.view.New","viewId":"application-manageyards-display-component---NewYard","bindingPath":{"path":"","propertyPath":"/SALES_AREA_SPART","modelName":"NewYardModel"},"interaction":{"idSuffix":"inner"}},"wdio_ui5_key":"etmportal.ui.manageyards.view.Newsap.m.Input{\"path\":\"\",\"propertyPath\":\"/SALES_AREA_SPART\",\"modelName\":\"NewYardModel\"}"}]}
RESULT: {"script":"<script> [1562 bytes]","args":[{"selector":{"controlType":"sap.m.Input","viewName":"etm.portal.ui.manageyards.view.New","viewId":"application-manageyards-display-component---NewYard","bindingPath":{"path":"","propertyPath":"/SALES_AREA_SPART","modelName":"NewYardModel"},"interaction":{"idSuffix":"inner"}},"wdio_ui5_key":"etmportal.ui.manageyards.view.Newsap.m.Input{\"path\":\"\",\"propertyPath\":\"/SALES_AREA_SPART\",\"modelName\":\"NewYardModel\"}"}]}
RESULT: undefined
COMMAND: POST /session/db7e74ddcaedfecfca9d83c19254142b/execute/async - {"script":"<script> [776 bytes]","args":[{"enterText":"C2","selector":{"controlType":"sap.m.Input","viewName":"etm.portal.ui.manageyards.view.New","viewId":"application-manageyards-display-component---NewYard","bindingPath":{"path":"","propertyPath":"/SALES_AREA_SPART","modelName":"NewYardModel"},"interaction":{"idSuffix":"inner"}},"clearTextFirst":true,"interactionType":"ENTER_TEXT"}]}
RESULT: {"script":"<script> [776 bytes]","args":[{"enterText":"C2","selector":{"controlType":"sap.m.Input","viewName":"etm.portal.ui.manageyards.view.New","viewId":"application-manageyards-display-component---NewYard","bindingPath":{"path":"","propertyPath":"/SALES_AREA_SPART","modelName":"NewYardModel"},"interaction":{"idSuffix":"inner"}},"clearTextFirst":true,"interactionType":"ENTER_TEXT"}]}
COMMAND: POST /session/db7e74ddcaedfecfca9d83c19254142b/execute/async - {"script":"<script> [1562 bytes]","args":[{"selector":{"controlType":"sap.m.Input","viewName":"etm.portal.ui.manageyards.view.New","viewId":"application-manageyards-display-component---NewYard","bindingPath":{"path":"","propertyPath":"/SHIP_POINT","modelName":"NewYardModel"},"interaction":{"idSuffix":"inner"}},"wdio_ui5_key":"etmportal.ui.manageyards.view.Newsap.m.Input{\"path\":\"\",\"propertyPath\":\"/SHIP_POINT\",\"modelName\":\"NewYardModel\"}"}]}
RESULT: {"script":"<script> [1562 bytes]","args":[{"selector":{"controlType":"sap.m.Input","viewName":"etm.portal.ui.manageyards.view.New","viewId":"application-manageyards-display-component---NewYard","bindingPath":{"path":"","propertyPath":"/SHIP_POINT","modelName":"NewYardModel"},"interaction":{"idSuffix":"inner"}},"wdio_ui5_key":"etmportal.ui.manageyards.view.Newsap.m.Input{\"path\":\"\",\"propertyPath\":\"/SHIP_POINT\",\"modelName\":\"NewYardModel\"}"}]}
RESULT: undefined
COMMAND: POST /session/db7e74ddcaedfecfca9d83c19254142b/execute/async - {"script":"<script> [776 bytes]","args":[{"enterText":"1710","selector":{"controlType":"sap.m.Input","viewName":"etm.portal.ui.manageyards.view.New","viewId":"application-manageyards-display-component---NewYard","bindingPath":{"path":"","propertyPath":"/SHIP_POINT","modelName":"NewYardModel"},"interaction":{"idSuffix":"inner"}},"clearTextFirst":true,"interactionType":"ENTER_TEXT"}]}
RESULT: {"script":"<script> [776 bytes]","args":[{"enterText":"1710","selector":{"controlType":"sap.m.Input","viewName":"etm.portal.ui.manageyards.view.New","viewId":"application-manageyards-display-component---NewYard","bindingPath":{"path":"","propertyPath":"/SHIP_POINT","modelName":"NewYardModel"},"interaction":{"idSuffix":"inner"}},"clearTextFirst":true,"interactionType":"ENTER_TEXT"}]}
COMMAND: POST /session/db7e74ddcaedfecfca9d83c19254142b/execute/async - {"script":"<script> [1562 bytes]","args":[{"selector":{"controlType":"sap.m.Input","viewName":"etm.portal.ui.manageyards.view.New","viewId":"application-manageyards-display-component---NewYard","bindingPath":{"path":"","propertyPath":"/DELIVERY_TYPE","modelName":"NewYardModel"},"interaction":{"idSuffix":"inner"}},"wdio_ui5_key":"etmportal.ui.manageyards.view.Newsap.m.Input{\"path\":\"\",\"propertyPath\":\"/DELIVERY_TYPE\",\"modelName\":\"NewYardModel\"}"}]}
RESULT: {"script":"<script> [1562 bytes]","args":[{"selector":{"controlType":"sap.m.Input","viewName":"etm.portal.ui.manageyards.view.New","viewId":"application-manageyards-display-component---NewYard","bindingPath":{"path":"","propertyPath":"/DELIVERY_TYPE","modelName":"NewYardModel"},"interaction":{"idSuffix":"inner"}},"wdio_ui5_key":"etmportal.ui.manageyards.view.Newsap.m.Input{\"path\":\"\",\"propertyPath\":\"/DELIVERY_TYPE\",\"modelName\":\"NewYardModel\"}"}]}
RESULT: undefined
COMMAND: POST /session/db7e74ddcaedfecfca9d83c19254142b/execute/async - {"script":"<script> [776 bytes]","args":[{"enterText":"ZL01","selector":{"controlType":"sap.m.Input","viewName":"etm.portal.ui.manageyards.view.New","viewId":"application-manageyards-display-component---NewYard","bindingPath":{"path":"","propertyPath":"/DELIVERY_TYPE","modelName":"NewYardModel"},"interaction":{"idSuffix":"inner"}},"clearTextFirst":true,"interactionType":"ENTER_TEXT"}]}
RESULT: {"script":"<script> [776 bytes]","args":[{"enterText":"ZL01","selector":{"controlType":"sap.m.Input","viewName":"etm.portal.ui.manageyards.view.New","viewId":"application-manageyards-display-component---NewYard","bindingPath":{"path":"","propertyPath":"/DELIVERY_TYPE","modelName":"NewYardModel"},"interaction":{"idSuffix":"inner"}},"clearTextFirst":true,"interactionType":"ENTER_TEXT"}]}
COMMAND: POST /session/db7e74ddcaedfecfca9d83c19254142b/execute/async - {"script":"<script> [1562 bytes]","args":[{"selector":{"controlType":"sap.m.Input","viewName":"etm.portal.ui.manageyards.view.New","viewId":"application-manageyards-display-component---NewYard","bindingPath":{"path":"","propertyPath":"/AUART","modelName":"NewYardModel"},"interaction":{"idSuffix":"inner"}},"wdio_ui5_key":"etmportal.ui.manageyards.view.Newsap.m.Input{\"path\":\"\",\"propertyPath\":\"/AUART\",\"modelName\":\"NewYardModel\"}"}]}
RESULT: {"script":"<script> [1562 bytes]","args":[{"selector":{"controlType":"sap.m.Input","viewName":"etm.portal.ui.manageyards.view.New","viewId":"application-manageyards-display-component---NewYard","bindingPath":{"path":"","propertyPath":"/AUART","modelName":"NewYardModel"},"interaction":{"idSuffix":"inner"}},"wdio_ui5_key":"etmportal.ui.manageyards.view.Newsap.m.Input{\"path\":\"\",\"propertyPath\":\"/AUART\",\"modelName\":\"NewYardModel\"}"}]}
RESULT: undefined
COMMAND: POST /session/db7e74ddcaedfecfca9d83c19254142b/execute/async - {"script":"<script> [776 bytes]","args":[{"enterText":"TA","selector":{"controlType":"sap.m.Input","viewName":"etm.portal.ui.manageyards.view.New","viewId":"application-manageyards-display-component---NewYard","bindingPath":{"path":"","propertyPath":"/AUART","modelName":"NewYardModel"},"interaction":{"idSuffix":"inner"}},"clearTextFirst":true,"interactionType":"ENTER_TEXT"}]}
RESULT: {"script":"<script> [776 bytes]","args":[{"enterText":"TA","selector":{"controlType":"sap.m.Input","viewName":"etm.portal.ui.manageyards.view.New","viewId":"application-manageyards-display-component---NewYard","bindingPath":{"path":"","propertyPath":"/AUART","modelName":"NewYardModel"},"interaction":{"idSuffix":"inner"}},"clearTextFirst":true,"interactionType":"ENTER_TEXT"}]}
COMMAND: POST /session/db7e74ddcaedfecfca9d83c19254142b/element - {"using":"xpath","value":"//button[@data-kt=\"newYardSaveButton\"]"}
RESULT: {"using":"xpath","value":"//button[@data-kt=\"newYardSaveButton\"]"}
COMMAND: POST /session/db7e74ddcaedfecfca9d83c19254142b/element/f.624D7720A2383BCF46C1895FE70984DD.d.3E0B05D02DDE46205835F04CCDB45202.e.27499/click - {}
RESULT: {}
COMMAND: GET /session/db7e74ddcaedfecfca9d83c19254142b/screenshot - {}
RESULT: {}
COMMAND: POST /session/db7e74ddcaedfecfca9d83c19254142b/element - {"using":"xpath","value":"//header[contains(@id, 'ObjectPageLayout-headerTitle')]/div[1]/div[2]/div[1]/span[1]"}
RESULT: {"using":"xpath","value":"//header[contains(@id, 'ObjectPageLayout-headerTitle')]/div[1]/div[2]/div[1]/span[1]"}
COMMAND: POST /session/db7e74ddcaedfecfca9d83c19254142b/elements - {"using":"xpath","value":"//header[contains(@id, 'ObjectPageLayout-headerTitle')]/div[1]/div[2]/div[1]/span[1]"}
RESULT: {"using":"xpath","value":"//header[contains(@id, 'ObjectPageLayout-headerTitle')]/div[1]/div[2]/div[1]/span[1]"}
COMMAND: POST /session/db7e74ddcaedfecfca9d83c19254142b/execute/sync - {"script":"<script> [56 bytes]","args":[{"element-6066-11e4-a52e-4f735466cecf":"f.624D7720A2383BCF46C1895FE70984DD.d.3E0B05D02DDE46205835F04CCDB45202.e.27791","ELEMENT":"f.624D7720A2383BCF46C1895FE70984DD.d.3E0B05D02DDE46205835F04CCDB45202.e.27791"}]}
RESULT: {"script":"<script> [56 bytes]","args":[{"element-6066-11e4-a52e-4f735466cecf":"f.624D7720A2383BCF46C1895FE70984DD.d.3E0B05D02DDE46205835F04CCDB45202.e.27791","ELEMENT":"f.624D7720A2383BCF46C1895FE70984DD.d.3E0B05D02DDE46205835F04CCDB45202.e.27791"}]}
COMMAND: GET /session/db7e74ddcaedfecfca9d83c19254142b/screenshot - {}
RESULT: {}
COMMAND: POST /session/db7e74ddcaedfecfca9d83c19254142b/element - {"using":"css selector","value":"#shell-header-logo"}
RESULT: {"using":"css selector","value":"#shell-header-logo"}
COMMAND: POST /session/db7e74ddcaedfecfca9d83c19254142b/element/f.624D7720A2383BCF46C1895FE70984DD.d.3E0B05D02DDE46205835F04CCDB45202.e.26948/click - {}
RESULT: {}
COMMAND: GET /session/db7e74ddcaedfecfca9d83c19254142b/screenshot - {}
RESULT: {}
COMMAND: POST /session/db7e74ddcaedfecfca9d83c19254142b/execute/sync - {"script":"<script> [299 bytes]","args":[["getModel","getResource"]]}
RESULT: {"script":"<script> [299 bytes]","args":[["getModel","getResource"]]}
]]></system-out>
    </testcase>
    <testcase classname="chrome.136_0_7103_93.windows.Transfer_Yard_to_Yard_US131076" name="Should create an equipment" time="156.676">
      <system-out><![CDATA[
COMMAND: GET /session/db7e74ddcaedfecfca9d83c19254142b/screenshot - {}
COMMAND: POST /session/db7e74ddcaedfecfca9d83c19254142b/execute/async - {"script":"<script> [1562 bytes]","args":[{"selector":{"controlType":"sap.m.GenericTile","properties":{"header":"Manage Resources"}},"wdio_ui5_key":"sapm.GenericTile{\"header\":\"Manage Resources\"}"}]}
RESULT: {}
RESULT: {"script":"<script> [1562 bytes]","args":[{"selector":{"controlType":"sap.m.GenericTile","properties":{"header":"Manage Resources"}},"wdio_ui5_key":"sapm.GenericTile{\"header\":\"Manage Resources\"}"}]}
RESULT: undefined
COMMAND: POST /session/db7e74ddcaedfecfca9d83c19254142b/element - {"using":"xpath","value":"//*[@id=\"__tile31\"]"}
RESULT: {"using":"xpath","value":"//*[@id=\"__tile31\"]"}
COMMAND: POST /session/db7e74ddcaedfecfca9d83c19254142b/element/f.624D7720A2383BCF46C1895FE70984DD.d.3E0B05D02DDE46205835F04CCDB45202.e.26965/click - {}
RESULT: {}
COMMAND: GET /session/db7e74ddcaedfecfca9d83c19254142b/screenshot - {}
RESULT: {}
COMMAND: POST /session/db7e74ddcaedfecfca9d83c19254142b/elements - {"using":"xpath","value":"//span[text()='Error']"}
RESULT: {"using":"xpath","value":"//span[text()='Error']"}
COMMAND: POST /session/db7e74ddcaedfecfca9d83c19254142b/element - {"using":"xpath","value":"//button[@data-kt=\"addNewRUOverflowToolbarButton\"]"}
RESULT: {"using":"xpath","value":"//button[@data-kt=\"addNewRUOverflowToolbarButton\"]"}
COMMAND: POST /session/db7e74ddcaedfecfca9d83c19254142b/elements - {"using":"xpath","value":"//button[@data-kt=\"addNewRUOverflowToolbarButton\"]"}
RESULT: {"using":"xpath","value":"//button[@data-kt=\"addNewRUOverflowToolbarButton\"]"}
COMMAND: POST /session/db7e74ddcaedfecfca9d83c19254142b/element - {"using":"xpath","value":"//button[@data-kt=\"addNewRUOverflowToolbarButton\"]"}
RESULT: {"using":"xpath","value":"//button[@data-kt=\"addNewRUOverflowToolbarButton\"]"}
COMMAND: POST /session/db7e74ddcaedfecfca9d83c19254142b/execute/sync - {"script":"<script> [8489 bytes]","args":[{"element-6066-11e4-a52e-4f735466cecf":"f.624D7720A2383BCF46C1895FE70984DD.d.3E0B05D02DDE46205835F04CCDB45202.e.27834","ELEMENT":"f.624D7720A2383BCF46C1895FE70984DD.d.3E0B05D02DDE46205835F04CCDB45202.e.27834"}]}
RESULT: {"script":"<script> [8489 bytes]","args":[{"element-6066-11e4-a52e-4f735466cecf":"f.624D7720A2383BCF46C1895FE70984DD.d.3E0B05D02DDE46205835F04CCDB45202.e.27834","ELEMENT":"f.624D7720A2383BCF46C1895FE70984DD.d.3E0B05D02DDE46205835F04CCDB45202.e.27834"}]}
COMMAND: GET /session/db7e74ddcaedfecfca9d83c19254142b/element/f.624D7720A2383BCF46C1895FE70984DD.d.3E0B05D02DDE46205835F04CCDB45202.e.27834/enabled - {}
COMMAND: GET /session/db7e74ddcaedfecfca9d83c19254142b/screenshot - {}
RESULT: {}
COMMAND: POST /session/db7e74ddcaedfecfca9d83c19254142b/execute/sync - {"script":"<script> [8489 bytes]","args":[{"element-6066-11e4-a52e-4f735466cecf":"f.624D7720A2383BCF46C1895FE70984DD.d.3E0B05D02DDE46205835F04CCDB45202.e.27834","ELEMENT":"f.624D7720A2383BCF46C1895FE70984DD.d.3E0B05D02DDE46205835F04CCDB45202.e.27834"}]}
COMMAND: GET /session/db7e74ddcaedfecfca9d83c19254142b/screenshot - {}
RESULT: {}
RESULT: {"script":"<script> [8489 bytes]","args":[{"element-6066-11e4-a52e-4f735466cecf":"f.624D7720A2383BCF46C1895FE70984DD.d.3E0B05D02DDE46205835F04CCDB45202.e.27834","ELEMENT":"f.624D7720A2383BCF46C1895FE70984DD.d.3E0B05D02DDE46205835F04CCDB45202.e.27834"}]}
COMMAND: POST /session/db7e74ddcaedfecfca9d83c19254142b/execute/sync - {"script":"<script> [5351 bytes]","args":[{"element-6066-11e4-a52e-4f735466cecf":"f.624D7720A2383BCF46C1895FE70984DD.d.3E0B05D02DDE46205835F04CCDB45202.e.27834","ELEMENT":"f.624D7720A2383BCF46C1895FE70984DD.d.3E0B05D02DDE46205835F04CCDB45202.e.27834"}]}
COMMAND: GET /session/db7e74ddcaedfecfca9d83c19254142b/screenshot - {}
RESULT: {}
RESULT: {"script":"<script> [5351 bytes]","args":[{"element-6066-11e4-a52e-4f735466cecf":"f.624D7720A2383BCF46C1895FE70984DD.d.3E0B05D02DDE46205835F04CCDB45202.e.27834","ELEMENT":"f.624D7720A2383BCF46C1895FE70984DD.d.3E0B05D02DDE46205835F04CCDB45202.e.27834"}]}
COMMAND: POST /session/db7e74ddcaedfecfca9d83c19254142b/element/f.624D7720A2383BCF46C1895FE70984DD.d.3E0B05D02DDE46205835F04CCDB45202.e.27834/click - {}
COMMAND: GET /session/db7e74ddcaedfecfca9d83c19254142b/screenshot - {}
RESULT: {}
RESULT: {}
COMMAND: GET /session/db7e74ddcaedfecfca9d83c19254142b/screenshot - {}
COMMAND: POST /session/db7e74ddcaedfecfca9d83c19254142b/execute/async - {"script":"<script> [1562 bytes]","args":[{"selector":{"id":"application-manageresources-display-component---newResourceUnit--TYPE-arrow"},"wdio_ui5_key":"applicationmanageresources-display-component---newResourceUnit--TYPE-arrow"}]}
RESULT: {}
RESULT: {}
RESULT: {"script":"<script> [1562 bytes]","args":[{"selector":{"id":"application-manageresources-display-component---newResourceUnit--TYPE-arrow"},"wdio_ui5_key":"applicationmanageresources-display-component---newResourceUnit--TYPE-arrow"}]}
RESULT: undefined
COMMAND: POST /session/db7e74ddcaedfecfca9d83c19254142b/element - {"using":"xpath","value":"//*[@id=\"application-manageresources-display-component---newResourceUnit--TYPE-arrow\"]"}
RESULT: {"using":"xpath","value":"//*[@id=\"application-manageresources-display-component---newResourceUnit--TYPE-arrow\"]"}
COMMAND: POST /session/db7e74ddcaedfecfca9d83c19254142b/element/f.624D7720A2383BCF46C1895FE70984DD.d.3E0B05D02DDE46205835F04CCDB45202.e.28178/click - {}
RESULT: {}
COMMAND: POST /session/db7e74ddcaedfecfca9d83c19254142b/element - {"using":"xpath","value":"//input[@id=\"application-manageresources-display-component---newResourceUnit--TYPE-inner\"]"}
COMMAND: GET /session/db7e74ddcaedfecfca9d83c19254142b/screenshot - {}
RESULT: {"using":"xpath","value":"//input[@id=\"application-manageresources-display-component---newResourceUnit--TYPE-inner\"]"}
COMMAND: POST /session/db7e74ddcaedfecfca9d83c19254142b/element/f.624D7720A2383BCF46C1895FE70984DD.d.3E0B05D02DDE46205835F04CCDB45202.e.28174/clear - {}
RESULT: {}
RESULT: {}
COMMAND: POST /session/db7e74ddcaedfecfca9d83c19254142b/element/f.624D7720A2383BCF46C1895FE70984DD.d.3E0B05D02DDE46205835F04CCDB45202.e.28174/value - {"text":"Equipment"}
COMMAND: GET /session/db7e74ddcaedfecfca9d83c19254142b/screenshot - {}
RESULT: {"text":"Equipment"}
COMMAND: GET /session/db7e74ddcaedfecfca9d83c19254142b/screenshot - {}
RESULT: {}
RESULT: {}
COMMAND: POST /session/db7e74ddcaedfecfca9d83c19254142b/actions - {"actions":[{"id":"action84","type":"key","parameters":{},"actions":[{"type":"keyDown","value":""},{"type":"pause","duration":10},{"type":"keyUp","value":""}]}]}
RESULT: {"actions":[{"id":"action84","type":"key","parameters":{},"actions":[{"type":"keyDown","value":""},{"type":"pause","duration":10},{"type":"keyUp","value":""}]}]}
COMMAND: POST /session/db7e74ddcaedfecfca9d83c19254142b/execute/async - {"script":"<script> [1562 bytes]","args":[{"selector":{"id":"application-manageresources-display-component---newResourceUnit--resourceId","interaction":{"idSuffix":"inner"}},"wdio_ui5_key":"applicationmanageresources-display-component---newResourceUnit--resourceId"}]}
COMMAND: GET /session/db7e74ddcaedfecfca9d83c19254142b/screenshot - {}
RESULT: {"script":"<script> [1562 bytes]","args":[{"selector":{"id":"application-manageresources-display-component---newResourceUnit--resourceId","interaction":{"idSuffix":"inner"}},"wdio_ui5_key":"applicationmanageresources-display-component---newResourceUnit--resourceId"}]}
RESULT: undefined
COMMAND: POST /session/db7e74ddcaedfecfca9d83c19254142b/execute/async - {"script":"<script> [776 bytes]","args":[{"enterText":"LISYoxmW0Q","selector":{"id":"application-manageresources-display-component---newResourceUnit--resourceId","interaction":{"idSuffix":"inner"}},"clearTextFirst":true,"interactionType":"ENTER_TEXT"}]}
RESULT: {}
RESULT: {"script":"<script> [776 bytes]","args":[{"enterText":"LISYoxmW0Q","selector":{"id":"application-manageresources-display-component---newResourceUnit--resourceId","interaction":{"idSuffix":"inner"}},"clearTextFirst":true,"interactionType":"ENTER_TEXT"}]}
COMMAND: POST /session/db7e74ddcaedfecfca9d83c19254142b/execute/async - {"script":"<script> [1562 bytes]","args":[{"selector":{"id":"application-manageresources-display-component---newResourceUnit--SHORT_TEXT","interaction":{"idSuffix":"inner"}},"wdio_ui5_key":"applicationmanageresources-display-component---newResourceUnit--SHORT_TEXT"}]}
RESULT: {"script":"<script> [1562 bytes]","args":[{"selector":{"id":"application-manageresources-display-component---newResourceUnit--SHORT_TEXT","interaction":{"idSuffix":"inner"}},"wdio_ui5_key":"applicationmanageresources-display-component---newResourceUnit--SHORT_TEXT"}]}
RESULT: undefined
COMMAND: POST /session/db7e74ddcaedfecfca9d83c19254142b/execute/async - {"script":"<script> [776 bytes]","args":[{"enterText":"Intercompany Equipment WDIO","selector":{"id":"application-manageresources-display-component---newResourceUnit--SHORT_TEXT","interaction":{"idSuffix":"inner"}},"clearTextFirst":true,"interactionType":"ENTER_TEXT"}]}
RESULT: {"script":"<script> [776 bytes]","args":[{"enterText":"Intercompany Equipment WDIO","selector":{"id":"application-manageresources-display-component---newResourceUnit--SHORT_TEXT","interaction":{"idSuffix":"inner"}},"clearTextFirst":true,"interactionType":"ENTER_TEXT"}]}
COMMAND: POST /session/db7e74ddcaedfecfca9d83c19254142b/execute/async - {"script":"<script> [1562 bytes]","args":[{"selector":{"id":"application-manageresources-display-component---newResourceUnit--BASE_UNIT_OF_MEASURE","interaction":{"idSuffix":"inner"}},"wdio_ui5_key":"applicationmanageresources-display-component---newResourceUnit--BASE_UNIT_OF_MEASURE"}]}
RESULT: {"script":"<script> [1562 bytes]","args":[{"selector":{"id":"application-manageresources-display-component---newResourceUnit--BASE_UNIT_OF_MEASURE","interaction":{"idSuffix":"inner"}},"wdio_ui5_key":"applicationmanageresources-display-component---newResourceUnit--BASE_UNIT_OF_MEASURE"}]}
RESULT: undefined
COMMAND: POST /session/db7e74ddcaedfecfca9d83c19254142b/execute/async - {"script":"<script> [776 bytes]","args":[{"enterText":"Piece","selector":{"id":"application-manageresources-display-component---newResourceUnit--BASE_UNIT_OF_MEASURE","interaction":{"idSuffix":"inner"}},"clearTextFirst":true,"interactionType":"ENTER_TEXT"}]}
RESULT: {"script":"<script> [776 bytes]","args":[{"enterText":"Piece","selector":{"id":"application-manageresources-display-component---newResourceUnit--BASE_UNIT_OF_MEASURE","interaction":{"idSuffix":"inner"}},"clearTextFirst":true,"interactionType":"ENTER_TEXT"}]}
COMMAND: POST /session/db7e74ddcaedfecfca9d83c19254142b/execute/async - {"script":"<script> [1562 bytes]","args":[{"selector":{"id":"application-manageresources-display-component---newResourceUnit--WEIGHT_UNIT","interaction":{"idSuffix":"inner"}},"wdio_ui5_key":"applicationmanageresources-display-component---newResourceUnit--WEIGHT_UNIT"}]}
RESULT: {"script":"<script> [1562 bytes]","args":[{"selector":{"id":"application-manageresources-display-component---newResourceUnit--WEIGHT_UNIT","interaction":{"idSuffix":"inner"}},"wdio_ui5_key":"applicationmanageresources-display-component---newResourceUnit--WEIGHT_UNIT"}]}
RESULT: undefined
COMMAND: POST /session/db7e74ddcaedfecfca9d83c19254142b/execute/async - {"script":"<script> [776 bytes]","args":[{"enterText":"Gram","selector":{"id":"application-manageresources-display-component---newResourceUnit--WEIGHT_UNIT","interaction":{"idSuffix":"inner"}},"clearTextFirst":true,"interactionType":"ENTER_TEXT"}]}
RESULT: {"script":"<script> [776 bytes]","args":[{"enterText":"Gram","selector":{"id":"application-manageresources-display-component---newResourceUnit--WEIGHT_UNIT","interaction":{"idSuffix":"inner"}},"clearTextFirst":true,"interactionType":"ENTER_TEXT"}]}
COMMAND: POST /session/db7e74ddcaedfecfca9d83c19254142b/execute/async - {"script":"<script> [1562 bytes]","args":[{"selector":{"id":"application-manageresources-display-component---newResourceUnit--DIMENSION_UNIT","interaction":{"idSuffix":"inner"}},"wdio_ui5_key":"applicationmanageresources-display-component---newResourceUnit--DIMENSION_UNIT"}]}
RESULT: {"script":"<script> [1562 bytes]","args":[{"selector":{"id":"application-manageresources-display-component---newResourceUnit--DIMENSION_UNIT","interaction":{"idSuffix":"inner"}},"wdio_ui5_key":"applicationmanageresources-display-component---newResourceUnit--DIMENSION_UNIT"}]}
RESULT: undefined
COMMAND: POST /session/db7e74ddcaedfecfca9d83c19254142b/execute/async - {"script":"<script> [776 bytes]","args":[{"enterText":"Meter","selector":{"id":"application-manageresources-display-component---newResourceUnit--DIMENSION_UNIT","interaction":{"idSuffix":"inner"}},"clearTextFirst":true,"interactionType":"ENTER_TEXT"}]}
RESULT: {"script":"<script> [776 bytes]","args":[{"enterText":"Meter","selector":{"id":"application-manageresources-display-component---newResourceUnit--DIMENSION_UNIT","interaction":{"idSuffix":"inner"}},"clearTextFirst":true,"interactionType":"ENTER_TEXT"}]}
COMMAND: POST /session/db7e74ddcaedfecfca9d83c19254142b/execute/async - {"script":"<script> [1562 bytes]","args":[{"selector":{"id":"application-manageresources-display-component---newResourceUnit--newRRUPage-anchBar-application-manageresources-display-component---newResourceUnit--control-anchor","interaction":{"idSuffix":"BDI-content"}},"wdio_ui5_key":"applicationmanageresources-display-component---newResourceUnit--newRRUPage-anchBar-application-manageresources-display-component---newResourceUnit--control-anchor"}]}
RESULT: {"script":"<script> [1562 bytes]","args":[{"selector":{"id":"application-manageresources-display-component---newResourceUnit--newRRUPage-anchBar-application-manageresources-display-component---newResourceUnit--control-anchor","interaction":{"idSuffix":"BDI-content"}},"wdio_ui5_key":"applicationmanageresources-display-component---newResourceUnit--newRRUPage-anchBar-application-manageresources-display-component---newResourceUnit--control-anchor"}]}
RESULT: undefined
COMMAND: POST /session/db7e74ddcaedfecfca9d83c19254142b/element - {"using":"xpath","value":"//*[@id=\"application-manageresources-display-component---newResourceUnit--newRRUPage-anchBar-application-manageresources-display-component---newResourceUnit--control-anchor\"]"}
RESULT: {"using":"xpath","value":"//*[@id=\"application-manageresources-display-component---newResourceUnit--newRRUPage-anchBar-application-manageresources-display-component---newResourceUnit--control-anchor\"]"}
COMMAND: POST /session/db7e74ddcaedfecfca9d83c19254142b/element/f.624D7720A2383BCF46C1895FE70984DD.d.3E0B05D02DDE46205835F04CCDB45202.e.28336/click - {}
RESULT: {}
COMMAND: POST /session/db7e74ddcaedfecfca9d83c19254142b/execute/async - {"script":"<script> [1562 bytes]","args":[{"selector":{"id":"application-manageresources-display-component---newResourceUnit--PLANNING_GROUP","interaction":{"idSuffix":"inner"}},"wdio_ui5_key":"applicationmanageresources-display-component---newResourceUnit--PLANNING_GROUP"}]}
COMMAND: GET /session/db7e74ddcaedfecfca9d83c19254142b/screenshot - {}
RESULT: {"script":"<script> [1562 bytes]","args":[{"selector":{"id":"application-manageresources-display-component---newResourceUnit--PLANNING_GROUP","interaction":{"idSuffix":"inner"}},"wdio_ui5_key":"applicationmanageresources-display-component---newResourceUnit--PLANNING_GROUP"}]}
RESULT: undefined
COMMAND: POST /session/db7e74ddcaedfecfca9d83c19254142b/execute/async - {"script":"<script> [776 bytes]","args":[{"enterText":"Heavy Equi","selector":{"id":"application-manageresources-display-component---newResourceUnit--PLANNING_GROUP","interaction":{"idSuffix":"inner"}},"clearTextFirst":true,"interactionType":"ENTER_TEXT"}]}
RESULT: {}
RESULT: {"script":"<script> [776 bytes]","args":[{"enterText":"Heavy Equi","selector":{"id":"application-manageresources-display-component---newResourceUnit--PLANNING_GROUP","interaction":{"idSuffix":"inner"}},"clearTextFirst":true,"interactionType":"ENTER_TEXT"}]}
COMMAND: POST /session/db7e74ddcaedfecfca9d83c19254142b/execute/async - {"script":"<script> [1562 bytes]","args":[{"selector":{"id":"application-manageresources-display-component---newResourceUnit--ITEM_TYPE-arrow"},"wdio_ui5_key":"applicationmanageresources-display-component---newResourceUnit--ITEM_TYPE-arrow"}]}
RESULT: {"script":"<script> [1562 bytes]","args":[{"selector":{"id":"application-manageresources-display-component---newResourceUnit--ITEM_TYPE-arrow"},"wdio_ui5_key":"applicationmanageresources-display-component---newResourceUnit--ITEM_TYPE-arrow"}]}
RESULT: undefined
COMMAND: POST /session/db7e74ddcaedfecfca9d83c19254142b/element - {"using":"xpath","value":"//*[@id=\"application-manageresources-display-component---newResourceUnit--ITEM_TYPE-arrow\"]"}
RESULT: {"using":"xpath","value":"//*[@id=\"application-manageresources-display-component---newResourceUnit--ITEM_TYPE-arrow\"]"}
COMMAND: POST /session/db7e74ddcaedfecfca9d83c19254142b/element/f.624D7720A2383BCF46C1895FE70984DD.d.3E0B05D02DDE46205835F04CCDB45202.e.28345/click - {}
RESULT: {}
COMMAND: POST /session/db7e74ddcaedfecfca9d83c19254142b/element - {"using":"xpath","value":"(//span[contains(text(), \"Resource Unit\")])[2]"}
COMMAND: GET /session/db7e74ddcaedfecfca9d83c19254142b/screenshot - {}
RESULT: {"using":"xpath","value":"(//span[contains(text(), \"Resource Unit\")])[2]"}
COMMAND: POST /session/db7e74ddcaedfecfca9d83c19254142b/element/f.624D7720A2383BCF46C1895FE70984DD.d.3E0B05D02DDE46205835F04CCDB45202.e.28346/click - {}
RESULT: {}
RESULT: {}
COMMAND: GET /session/db7e74ddcaedfecfca9d83c19254142b/screenshot - {}
RESULT: {}
COMMAND: POST /session/db7e74ddcaedfecfca9d83c19254142b/element - {"using":"css selector","value":"#application-manageresources-display-component---newResourceUnit--btnAddTimeSegment"}
RESULT: {"using":"css selector","value":"#application-manageresources-display-component---newResourceUnit--btnAddTimeSegment"}
COMMAND: GET /session/db7e74ddcaedfecfca9d83c19254142b/element/f.624D7720A2383BCF46C1895FE70984DD.d.3E0B05D02DDE46205835F04CCDB45202.e.28354/rect - {}
RESULT: {}
COMMAND: GET /session/db7e74ddcaedfecfca9d83c19254142b/window/rect - {}
RESULT: {}
COMMAND: POST /session/db7e74ddcaedfecfca9d83c19254142b/execute/sync - {"script":"<script> [92 bytes]","args":[]}
RESULT: {"script":"<script> [92 bytes]","args":[]}
COMMAND: POST /session/db7e74ddcaedfecfca9d83c19254142b/actions - {"actions":[{"id":"action85","type":"wheel","parameters":{},"actions":[{"type":"scroll","x":-1888,"y":-32,"deltaX":0,"deltaY":0,"duration":0,"origin":{"element-6066-11e4-a52e-4f735466cecf":"f.624D7720A2383BCF46C1895FE70984DD.d.3E0B05D02DDE46205835F04CCDB45202.e.28354"}}]}]}
COMMAND: GET /session/db7e74ddcaedfecfca9d83c19254142b/screenshot - {}
RESULT: {}
COMMAND: POST /session/db7e74ddcaedfecfca9d83c19254142b/execute/sync - {"script":"<script> [79 bytes]","args":[{"element-6066-11e4-a52e-4f735466cecf":"f.624D7720A2383BCF46C1895FE70984DD.d.3E0B05D02DDE46205835F04CCDB45202.e.28354","ELEMENT":"f.624D7720A2383BCF46C1895FE70984DD.d.3E0B05D02DDE46205835F04CCDB45202.e.28354"},{"block":"start","inline":"nearest"}]}
RESULT: {"script":"<script> [79 bytes]","args":[{"element-6066-11e4-a52e-4f735466cecf":"f.624D7720A2383BCF46C1895FE70984DD.d.3E0B05D02DDE46205835F04CCDB45202.e.28354","ELEMENT":"f.624D7720A2383BCF46C1895FE70984DD.d.3E0B05D02DDE46205835F04CCDB45202.e.28354"},{"block":"start","inline":"nearest"}]}
COMMAND: POST /session/db7e74ddcaedfecfca9d83c19254142b/execute/async - {"script":"<script> [1562 bytes]","args":[{"selector":{"id":"application-manageresources-display-component---newResourceUnit--btnAddTimeSegment","interaction":{"idSuffix":"inner"}},"wdio_ui5_key":"applicationmanageresources-display-component---newResourceUnit--btnAddTimeSegment"}]}
COMMAND: GET /session/db7e74ddcaedfecfca9d83c19254142b/screenshot - {}
RESULT: {"script":"<script> [1562 bytes]","args":[{"selector":{"id":"application-manageresources-display-component---newResourceUnit--btnAddTimeSegment","interaction":{"idSuffix":"inner"}},"wdio_ui5_key":"applicationmanageresources-display-component---newResourceUnit--btnAddTimeSegment"}]}
RESULT: undefined
COMMAND: POST /session/db7e74ddcaedfecfca9d83c19254142b/element - {"using":"xpath","value":"//*[@id=\"application-manageresources-display-component---newResourceUnit--btnAddTimeSegment\"]"}
RESULT: {}
RESULT: {"using":"xpath","value":"//*[@id=\"application-manageresources-display-component---newResourceUnit--btnAddTimeSegment\"]"}
COMMAND: POST /session/db7e74ddcaedfecfca9d83c19254142b/element/f.624D7720A2383BCF46C1895FE70984DD.d.3E0B05D02DDE46205835F04CCDB45202.e.28354/click - {}
RESULT: {}
COMMAND: GET /session/db7e74ddcaedfecfca9d83c19254142b/screenshot - {}
RESULT: {}
COMMAND: POST /session/db7e74ddcaedfecfca9d83c19254142b/element - {"using":"xpath","value":"//input[@id=\"application-manageresources-display-component---newResourceUnit--idRuTSAdmin-application-manageresources-display-component---newResourceUnit--RUTimeSegment-0-inner\"]"}
RESULT: {"using":"xpath","value":"//input[@id=\"application-manageresources-display-component---newResourceUnit--idRuTSAdmin-application-manageresources-display-component---newResourceUnit--RUTimeSegment-0-inner\"]"}
COMMAND: POST /session/db7e74ddcaedfecfca9d83c19254142b/element/f.624D7720A2383BCF46C1895FE70984DD.d.3E0B05D02DDE46205835F04CCDB45202.e.28360/clear - {}
RESULT: {}
COMMAND: POST /session/db7e74ddcaedfecfca9d83c19254142b/element/f.624D7720A2383BCF46C1895FE70984DD.d.3E0B05D02DDE46205835F04CCDB45202.e.28360/value - {"text":"342"}
COMMAND: GET /session/db7e74ddcaedfecfca9d83c19254142b/screenshot - {}
RESULT: {"text":"342"}
COMMAND: GET /session/db7e74ddcaedfecfca9d83c19254142b/screenshot - {}
RESULT: {}
RESULT: {}
COMMAND: POST /session/db7e74ddcaedfecfca9d83c19254142b/element - {"using":"xpath","value":"//li[.//span[text()='342']]"}
RESULT: {"using":"xpath","value":"//li[.//span[text()='342']]"}
COMMAND: POST /session/db7e74ddcaedfecfca9d83c19254142b/element/f.624D7720A2383BCF46C1895FE70984DD.d.3E0B05D02DDE46205835F04CCDB45202.e.28372/click - {}
RESULT: {}
COMMAND: GET /session/db7e74ddcaedfecfca9d83c19254142b/screenshot - {}
RESULT: {}
COMMAND: POST /session/db7e74ddcaedfecfca9d83c19254142b/element - {"using":"xpath","value":"(//span[contains(@id, \"-application-manageresources-display-component---newResourceUnit--RUTimeSegment-0-arrow\")])[6]"}
RESULT: {"using":"xpath","value":"(//span[contains(@id, \"-application-manageresources-display-component---newResourceUnit--RUTimeSegment-0-arrow\")])[6]"}
COMMAND: POST /session/db7e74ddcaedfecfca9d83c19254142b/element/f.624D7720A2383BCF46C1895FE70984DD.d.3E0B05D02DDE46205835F04CCDB45202.e.28373/click - {}
RESULT: {}
COMMAND: GET /session/db7e74ddcaedfecfca9d83c19254142b/screenshot - {}
RESULT: {}
COMMAND: POST /session/db7e74ddcaedfecfca9d83c19254142b/element - {"using":"xpath","value":"//span[contains(text(), \"PM Order\")]"}
RESULT: {"using":"xpath","value":"//span[contains(text(), \"PM Order\")]"}
COMMAND: POST /session/db7e74ddcaedfecfca9d83c19254142b/element/f.624D7720A2383BCF46C1895FE70984DD.d.3E0B05D02DDE46205835F04CCDB45202.e.28376/click - {}
RESULT: {}
COMMAND: GET /session/db7e74ddcaedfecfca9d83c19254142b/screenshot - {}
RESULT: {}
COMMAND: POST /session/db7e74ddcaedfecfca9d83c19254142b/element - {"using":"xpath","value":"(//span[contains(@id ,\"manageresources-display-component---newResourceUnit--RUTimeSegment-0-vhi\")])[1]"}
RESULT: {"using":"xpath","value":"(//span[contains(@id ,\"manageresources-display-component---newResourceUnit--RUTimeSegment-0-vhi\")])[1]"}
COMMAND: GET /session/db7e74ddcaedfecfca9d83c19254142b/element/f.624D7720A2383BCF46C1895FE70984DD.d.3E0B05D02DDE46205835F04CCDB45202.e.28380/rect - {}
RESULT: {}
COMMAND: GET /session/db7e74ddcaedfecfca9d83c19254142b/window/rect - {}
RESULT: {}
COMMAND: POST /session/db7e74ddcaedfecfca9d83c19254142b/execute/sync - {"script":"<script> [92 bytes]","args":[]}
RESULT: {"script":"<script> [92 bytes]","args":[]}
COMMAND: POST /session/db7e74ddcaedfecfca9d83c19254142b/actions - {"actions":[{"id":"action86","type":"wheel","parameters":{},"actions":[{"type":"scroll","x":-869,"y":-24,"deltaX":0,"deltaY":0,"duration":0,"origin":{"element-6066-11e4-a52e-4f735466cecf":"f.624D7720A2383BCF46C1895FE70984DD.d.3E0B05D02DDE46205835F04CCDB45202.e.28380"}}]}]}
COMMAND: GET /session/db7e74ddcaedfecfca9d83c19254142b/screenshot - {}
RESULT: {"actions":[{"id":"action86","type":"wheel","parameters":{},"actions":[{"type":"scroll","x":-869,"y":-24,"deltaX":0,"deltaY":0,"duration":0,"origin":{"element-6066-11e4-a52e-4f735466cecf":"f.624D7720A2383BCF46C1895FE70984DD.d.3E0B05D02DDE46205835F04CCDB45202.e.28380"}}]}]}
COMMAND: DELETE /session/db7e74ddcaedfecfca9d83c19254142b/actions - {}
COMMAND: GET /session/db7e74ddcaedfecfca9d83c19254142b/screenshot - {}
RESULT: {}
RESULT: {}
COMMAND: GET /session/db7e74ddcaedfecfca9d83c19254142b/screenshot - {}
RESULT: {}
RESULT: {}
COMMAND: POST /session/db7e74ddcaedfecfca9d83c19254142b/element/f.624D7720A2383BCF46C1895FE70984DD.d.3E0B05D02DDE46205835F04CCDB45202.e.28380/click - {}
RESULT: {}
COMMAND: GET /session/db7e74ddcaedfecfca9d83c19254142b/screenshot - {}
RESULT: {}
RESULT: undefined
COMMAND: POST /session/db7e74ddcaedfecfca9d83c19254142b/execute/async - {"script":"<script> [776 bytes]","args":[{"enterText":"4000360","selector":{"controlType":"sap.m.SearchField","properties":{"placeholder":"Search"},"searchOpenDialogs":true,"interaction":{"idSuffix":"I"}},"clearTextFirst":true,"interactionType":"ENTER_TEXT"}]}
RESULT: {"script":"<script> [776 bytes]","args":[{"enterText":"4000360","selector":{"controlType":"sap.m.SearchField","properties":{"placeholder":"Search"},"searchOpenDialogs":true,"interaction":{"idSuffix":"I"}},"clearTextFirst":true,"interactionType":"ENTER_TEXT"}]}
COMMAND: POST /session/db7e74ddcaedfecfca9d83c19254142b/actions - {"actions":[{"id":"action87","type":"key","parameters":{},"actions":[{"type":"keyDown","value":""},{"type":"pause","duration":10},{"type":"keyUp","value":""}]}]}
RESULT: {"actions":[{"id":"action87","type":"key","parameters":{},"actions":[{"type":"keyDown","value":""},{"type":"pause","duration":10},{"type":"keyUp","value":""}]}]}
COMMAND: GET /session/db7e74ddcaedfecfca9d83c19254142b/screenshot - {}
RESULT: {}
COMMAND: POST /session/db7e74ddcaedfecfca9d83c19254142b/element - {"using":"xpath","value":"//td/div/span[contains(text(), \"BGL Vehicles\")]"}
RESULT: {"using":"xpath","value":"//td/div/span[contains(text(), \"BGL Vehicles\")]"}
COMMAND: POST /session/db7e74ddcaedfecfca9d83c19254142b/element/f.624D7720A2383BCF46C1895FE70984DD.d.3E0B05D02DDE46205835F04CCDB45202.e.28400/click - {}
RESULT: {}
COMMAND: GET /session/db7e74ddcaedfecfca9d83c19254142b/screenshot - {}
RESULT: {}
COMMAND: POST /session/db7e74ddcaedfecfca9d83c19254142b/element - {"using":"xpath","value":"//bdi[contains(text(), \"OK\")]"}
RESULT: {"using":"xpath","value":"//bdi[contains(text(), \"OK\")]"}
COMMAND: POST /session/db7e74ddcaedfecfca9d83c19254142b/element/f.624D7720A2383BCF46C1895FE70984DD.d.3E0B05D02DDE46205835F04CCDB45202.e.28401/click - {}
RESULT: {}
COMMAND: GET /session/db7e74ddcaedfecfca9d83c19254142b/screenshot - {}
RESULT: {}
COMMAND: POST /session/db7e74ddcaedfecfca9d83c19254142b/execute/async - {"script":"<script> [1562 bytes]","args":[{"selector":{"id":"application-manageresources-display-component---newResourceUnit--newRRUPage-anchBar-application-manageresources-display-component---newResourceUnit--resource-anchor","interaction":{"idSuffix":"BDI-content"}},"wdio_ui5_key":"applicationmanageresources-display-component---newResourceUnit--newRRUPage-anchBar-application-manageresources-display-component---newResourceUnit--resource-anchor"}]}
RESULT: {"script":"<script> [1562 bytes]","args":[{"selector":{"id":"application-manageresources-display-component---newResourceUnit--newRRUPage-anchBar-application-manageresources-display-component---newResourceUnit--resource-anchor","interaction":{"idSuffix":"BDI-content"}},"wdio_ui5_key":"applicationmanageresources-display-component---newResourceUnit--newRRUPage-anchBar-application-manageresources-display-component---newResourceUnit--resource-anchor"}]}
RESULT: undefined
COMMAND: POST /session/db7e74ddcaedfecfca9d83c19254142b/element - {"using":"xpath","value":"//*[@id=\"application-manageresources-display-component---newResourceUnit--newRRUPage-anchBar-application-manageresources-display-component---newResourceUnit--resource-anchor\"]"}
RESULT: {"using":"xpath","value":"//*[@id=\"application-manageresources-display-component---newResourceUnit--newRRUPage-anchBar-application-manageresources-display-component---newResourceUnit--resource-anchor\"]"}
COMMAND: POST /session/db7e74ddcaedfecfca9d83c19254142b/element/f.624D7720A2383BCF46C1895FE70984DD.d.3E0B05D02DDE46205835F04CCDB45202.e.28405/click - {}
RESULT: {}
COMMAND: POST /session/db7e74ddcaedfecfca9d83c19254142b/execute/async - {"script":"<script> [1562 bytes]","args":[{"selector":{"id":"application-manageresources-display-component---newResourceUnit--PLANNED_DELIVERY_DATE","interaction":{"idSuffix":"inner"}},"wdio_ui5_key":"applicationmanageresources-display-component---newResourceUnit--PLANNED_DELIVERY_DATE"}]}
COMMAND: GET /session/db7e74ddcaedfecfca9d83c19254142b/screenshot - {}
RESULT: {}
RESULT: {"script":"<script> [1562 bytes]","args":[{"selector":{"id":"application-manageresources-display-component---newResourceUnit--PLANNED_DELIVERY_DATE","interaction":{"idSuffix":"inner"}},"wdio_ui5_key":"applicationmanageresources-display-component---newResourceUnit--PLANNED_DELIVERY_DATE"}]}
RESULT: undefined
COMMAND: POST /session/db7e74ddcaedfecfca9d83c19254142b/execute/async - {"script":"<script> [6424 bytes]","args":[{"element-6066-11e4-a52e-4f735466cecf":"f.624D7720A2383BCF46C1895FE70984DD.d.3E0B05D02DDE46205835F04CCDB45202.e.28234"},"setValue",["5/26/25"]]}
RESULT: {"script":"<script> [6424 bytes]","args":[{"element-6066-11e4-a52e-4f735466cecf":"f.624D7720A2383BCF46C1895FE70984DD.d.3E0B05D02DDE46205835F04CCDB45202.e.28234"},"setValue",["5/26/25"]]}
COMMAND: POST /session/db7e74ddcaedfecfca9d83c19254142b/element - {"using":"xpath","value":"//label[contains(@class, 'sapMLabelRequired') and .//bdi[contains(text(), 'Planned Retirement')]]"}
RESULT: {"using":"xpath","value":"//label[contains(@class, 'sapMLabelRequired') and .//bdi[contains(text(), 'Planned Retirement')]]"}
COMMAND: POST /session/db7e74ddcaedfecfca9d83c19254142b/elements - {"using":"xpath","value":"//label[contains(@class, 'sapMLabelRequired') and .//bdi[contains(text(), 'Planned Retirement')]]"}
RESULT: {"using":"xpath","value":"//label[contains(@class, 'sapMLabelRequired') and .//bdi[contains(text(), 'Planned Retirement')]]"}
COMMAND: POST /session/db7e74ddcaedfecfca9d83c19254142b/element - {"using":"xpath","value":"//button[@data-kt=\"resourceUnitSaveButton\"]"}
RESULT: {"using":"xpath","value":"//button[@data-kt=\"resourceUnitSaveButton\"]"}
COMMAND: POST /session/db7e74ddcaedfecfca9d83c19254142b/element/f.624D7720A2383BCF46C1895FE70984DD.d.3E0B05D02DDE46205835F04CCDB45202.e.28194/click - {}
RESULT: {}
COMMAND: GET /session/db7e74ddcaedfecfca9d83c19254142b/screenshot - {}
RESULT: {}
COMMAND: POST /session/db7e74ddcaedfecfca9d83c19254142b/element - {"using":"xpath","value":"//bdi[contains(text(), \"Close\")]"}
RESULT: {"using":"xpath","value":"//bdi[contains(text(), \"Close\")]"}
COMMAND: POST /session/db7e74ddcaedfecfca9d83c19254142b/element/f.624D7720A2383BCF46C1895FE70984DD.d.3E0B05D02DDE46205835F04CCDB45202.e.28415/click - {}
RESULT: {}
COMMAND: GET /session/db7e74ddcaedfecfca9d83c19254142b/screenshot - {}
RESULT: {}
COMMAND: POST /session/db7e74ddcaedfecfca9d83c19254142b/element - {"using":"xpath","value":"(//button[contains(@id ,\"actionsToolbar-overflowButton\")])[1]"}
RESULT: {"using":"xpath","value":"(//button[contains(@id ,\"actionsToolbar-overflowButton\")])[1]"}
COMMAND: POST /session/db7e74ddcaedfecfca9d83c19254142b/element/f.624D7720A2383BCF46C1895FE70984DD.d.3E0B05D02DDE46205835F04CCDB45202.e.28450/click - {}
RESULT: {}
COMMAND: GET /session/db7e74ddcaedfecfca9d83c19254142b/screenshot - {}
RESULT: {}
COMMAND: POST /session/db7e74ddcaedfecfca9d83c19254142b/element - {"using":"xpath","value":"//button[@data-kt=\"priceInfoButton\"]"}
RESULT: {"using":"xpath","value":"//button[@data-kt=\"priceInfoButton\"]"}
COMMAND: POST /session/db7e74ddcaedfecfca9d83c19254142b/element/f.624D7720A2383BCF46C1895FE70984DD.d.3E0B05D02DDE46205835F04CCDB45202.e.28452/click - {}
RESULT: {}
COMMAND: GET /session/db7e74ddcaedfecfca9d83c19254142b/screenshot - {}
RESULT: {}
COMMAND: POST /session/db7e74ddcaedfecfca9d83c19254142b/element - {"using":"css selector","value":"#shell-header-logo"}
RESULT: {"using":"css selector","value":"#shell-header-logo"}
COMMAND: POST /session/db7e74ddcaedfecfca9d83c19254142b/element/f.624D7720A2383BCF46C1895FE70984DD.d.3E0B05D02DDE46205835F04CCDB45202.e.27795/click - {}
RESULT: {}
COMMAND: GET /session/db7e74ddcaedfecfca9d83c19254142b/screenshot - {}
RESULT: {}
]]></system-out>
    </testcase>
    <testcase classname="chrome.136_0_7103_93.windows.Transfer_Yard_to_Yard_US131076" name="Prereq Should create a new equipment multipart" time="129.904">
      <system-out><![CDATA[
RESULT: undefined
COMMAND: POST /session/db7e74ddcaedfecfca9d83c19254142b/element - {"using":"xpath","value":"//*[@id=\"__tile31\"]"}
RESULT: {"using":"xpath","value":"//*[@id=\"__tile31\"]"}
COMMAND: POST /session/db7e74ddcaedfecfca9d83c19254142b/element/f.624D7720A2383BCF46C1895FE70984DD.d.3E0B05D02DDE46205835F04CCDB45202.e.26965/click - {}
RESULT: {}
COMMAND: GET /session/db7e74ddcaedfecfca9d83c19254142b/screenshot - {}
RESULT: {}
COMMAND: POST /session/db7e74ddcaedfecfca9d83c19254142b/elements - {"using":"xpath","value":"//span[text()='Error']"}
RESULT: {"using":"xpath","value":"//span[text()='Error']"}
COMMAND: POST /session/db7e74ddcaedfecfca9d83c19254142b/element - {"using":"xpath","value":"//button[@data-kt=\"addNewRUOverflowToolbarButton\"]"}
RESULT: {"using":"xpath","value":"//button[@data-kt=\"addNewRUOverflowToolbarButton\"]"}
COMMAND: POST /session/db7e74ddcaedfecfca9d83c19254142b/elements - {"using":"xpath","value":"//button[@data-kt=\"addNewRUOverflowToolbarButton\"]"}
RESULT: {"using":"xpath","value":"//button[@data-kt=\"addNewRUOverflowToolbarButton\"]"}
COMMAND: POST /session/db7e74ddcaedfecfca9d83c19254142b/execute/sync - {"script":"<script> [8489 bytes]","args":[{"element-6066-11e4-a52e-4f735466cecf":"f.624D7720A2383BCF46C1895FE70984DD.d.3E0B05D02DDE46205835F04CCDB45202.e.28499","ELEMENT":"f.624D7720A2383BCF46C1895FE70984DD.d.3E0B05D02DDE46205835F04CCDB45202.e.28499"}]}
RESULT: {"script":"<script> [8489 bytes]","args":[{"element-6066-11e4-a52e-4f735466cecf":"f.624D7720A2383BCF46C1895FE70984DD.d.3E0B05D02DDE46205835F04CCDB45202.e.28499","ELEMENT":"f.624D7720A2383BCF46C1895FE70984DD.d.3E0B05D02DDE46205835F04CCDB45202.e.28499"}]}
COMMAND: GET /session/db7e74ddcaedfecfca9d83c19254142b/element/f.624D7720A2383BCF46C1895FE70984DD.d.3E0B05D02DDE46205835F04CCDB45202.e.28499/enabled - {}
COMMAND: GET /session/db7e74ddcaedfecfca9d83c19254142b/screenshot - {}
RESULT: {}
COMMAND: POST /session/db7e74ddcaedfecfca9d83c19254142b/execute/sync - {"script":"<script> [8489 bytes]","args":[{"element-6066-11e4-a52e-4f735466cecf":"f.624D7720A2383BCF46C1895FE70984DD.d.3E0B05D02DDE46205835F04CCDB45202.e.28499","ELEMENT":"f.624D7720A2383BCF46C1895FE70984DD.d.3E0B05D02DDE46205835F04CCDB45202.e.28499"}]}
COMMAND: GET /session/db7e74ddcaedfecfca9d83c19254142b/screenshot - {}
RESULT: {}
RESULT: {"script":"<script> [8489 bytes]","args":[{"element-6066-11e4-a52e-4f735466cecf":"f.624D7720A2383BCF46C1895FE70984DD.d.3E0B05D02DDE46205835F04CCDB45202.e.28499","ELEMENT":"f.624D7720A2383BCF46C1895FE70984DD.d.3E0B05D02DDE46205835F04CCDB45202.e.28499"}]}
COMMAND: POST /session/db7e74ddcaedfecfca9d83c19254142b/execute/sync - {"script":"<script> [5351 bytes]","args":[{"element-6066-11e4-a52e-4f735466cecf":"f.624D7720A2383BCF46C1895FE70984DD.d.3E0B05D02DDE46205835F04CCDB45202.e.28499","ELEMENT":"f.624D7720A2383BCF46C1895FE70984DD.d.3E0B05D02DDE46205835F04CCDB45202.e.28499"}]}
COMMAND: GET /session/db7e74ddcaedfecfca9d83c19254142b/screenshot - {}
RESULT: {}
RESULT: {"script":"<script> [5351 bytes]","args":[{"element-6066-11e4-a52e-4f735466cecf":"f.624D7720A2383BCF46C1895FE70984DD.d.3E0B05D02DDE46205835F04CCDB45202.e.28499","ELEMENT":"f.624D7720A2383BCF46C1895FE70984DD.d.3E0B05D02DDE46205835F04CCDB45202.e.28499"}]}
COMMAND: POST /session/db7e74ddcaedfecfca9d83c19254142b/element/f.624D7720A2383BCF46C1895FE70984DD.d.3E0B05D02DDE46205835F04CCDB45202.e.28499/click - {}
COMMAND: GET /session/db7e74ddcaedfecfca9d83c19254142b/screenshot - {}
RESULT: {}
RESULT: {}
COMMAND: GET /session/db7e74ddcaedfecfca9d83c19254142b/screenshot - {}
RESULT: undefined
COMMAND: POST /session/db7e74ddcaedfecfca9d83c19254142b/element - {"using":"xpath","value":"//*[@id=\"application-manageresources-display-component---newResourceUnit--TYPE-arrow\"]"}
RESULT: {}
RESULT: {}
RESULT: {"using":"xpath","value":"//*[@id=\"application-manageresources-display-component---newResourceUnit--TYPE-arrow\"]"}
COMMAND: POST /session/db7e74ddcaedfecfca9d83c19254142b/element/f.624D7720A2383BCF46C1895FE70984DD.d.3E0B05D02DDE46205835F04CCDB45202.e.28845/click - {}
RESULT: {}
COMMAND: POST /session/db7e74ddcaedfecfca9d83c19254142b/element - {"using":"xpath","value":"//input[@id=\"application-manageresources-display-component---newResourceUnit--TYPE-inner\"]"}
COMMAND: GET /session/db7e74ddcaedfecfca9d83c19254142b/screenshot - {}
RESULT: {"using":"xpath","value":"//input[@id=\"application-manageresources-display-component---newResourceUnit--TYPE-inner\"]"}
COMMAND: POST /session/db7e74ddcaedfecfca9d83c19254142b/element/f.624D7720A2383BCF46C1895FE70984DD.d.3E0B05D02DDE46205835F04CCDB45202.e.28842/clear - {}
RESULT: {}
RESULT: {}
COMMAND: POST /session/db7e74ddcaedfecfca9d83c19254142b/element/f.624D7720A2383BCF46C1895FE70984DD.d.3E0B05D02DDE46205835F04CCDB45202.e.28842/value - {"text":"Equi Multipart"}
COMMAND: GET /session/db7e74ddcaedfecfca9d83c19254142b/screenshot - {}
RESULT: {"text":"Equi Multipart"}
COMMAND: GET /session/db7e74ddcaedfecfca9d83c19254142b/screenshot - {}
RESULT: {}
RESULT: {}
COMMAND: POST /session/db7e74ddcaedfecfca9d83c19254142b/actions - {"actions":[{"id":"action88","type":"key","parameters":{},"actions":[{"type":"keyDown","value":""},{"type":"pause","duration":10},{"type":"keyUp","value":""}]}]}
RESULT: {"actions":[{"id":"action88","type":"key","parameters":{},"actions":[{"type":"keyDown","value":""},{"type":"pause","duration":10},{"type":"keyUp","value":""}]}]}
RESULT: undefined
COMMAND: POST /session/db7e74ddcaedfecfca9d83c19254142b/execute/async - {"script":"<script> [776 bytes]","args":[{"enterText":"Equipment Multipart WDIO","selector":{"id":"application-manageresources-display-component---newResourceUnit--SHORT_TEXT","interaction":{"idSuffix":"inner"}},"clearTextFirst":true,"interactionType":"ENTER_TEXT"}]}
COMMAND: GET /session/db7e74ddcaedfecfca9d83c19254142b/screenshot - {}
RESULT: {"script":"<script> [776 bytes]","args":[{"enterText":"Equipment Multipart WDIO","selector":{"id":"application-manageresources-display-component---newResourceUnit--SHORT_TEXT","interaction":{"idSuffix":"inner"}},"clearTextFirst":true,"interactionType":"ENTER_TEXT"}]}
RESULT: undefined
COMMAND: POST /session/db7e74ddcaedfecfca9d83c19254142b/execute/async - {"script":"<script> [776 bytes]","args":[{"enterText":"Piece","selector":{"id":"application-manageresources-display-component---newResourceUnit--BASE_UNIT_OF_MEASURE","interaction":{"idSuffix":"inner"}},"clearTextFirst":true,"interactionType":"ENTER_TEXT"}]}
RESULT: {}
RESULT: {"script":"<script> [776 bytes]","args":[{"enterText":"Piece","selector":{"id":"application-manageresources-display-component---newResourceUnit--BASE_UNIT_OF_MEASURE","interaction":{"idSuffix":"inner"}},"clearTextFirst":true,"interactionType":"ENTER_TEXT"}]}
RESULT: undefined
COMMAND: POST /session/db7e74ddcaedfecfca9d83c19254142b/execute/async - {"script":"<script> [776 bytes]","args":[{"enterText":"Gram","selector":{"id":"application-manageresources-display-component---newResourceUnit--WEIGHT_UNIT","interaction":{"idSuffix":"inner"}},"clearTextFirst":true,"interactionType":"ENTER_TEXT"}]}
RESULT: {"script":"<script> [776 bytes]","args":[{"enterText":"Gram","selector":{"id":"application-manageresources-display-component---newResourceUnit--WEIGHT_UNIT","interaction":{"idSuffix":"inner"}},"clearTextFirst":true,"interactionType":"ENTER_TEXT"}]}
RESULT: undefined
COMMAND: POST /session/db7e74ddcaedfecfca9d83c19254142b/execute/async - {"script":"<script> [776 bytes]","args":[{"enterText":"Meter","selector":{"id":"application-manageresources-display-component---newResourceUnit--DIMENSION_UNIT","interaction":{"idSuffix":"inner"}},"clearTextFirst":true,"interactionType":"ENTER_TEXT"}]}
RESULT: {"script":"<script> [776 bytes]","args":[{"enterText":"Meter","selector":{"id":"application-manageresources-display-component---newResourceUnit--DIMENSION_UNIT","interaction":{"idSuffix":"inner"}},"clearTextFirst":true,"interactionType":"ENTER_TEXT"}]}
RESULT: undefined
COMMAND: POST /session/db7e74ddcaedfecfca9d83c19254142b/element - {"using":"xpath","value":"//*[@id=\"application-manageresources-display-component---newResourceUnit--newRRUPage-anchBar-application-manageresources-display-component---newResourceUnit--control-anchor\"]"}
RESULT: {"using":"xpath","value":"//*[@id=\"application-manageresources-display-component---newResourceUnit--newRRUPage-anchBar-application-manageresources-display-component---newResourceUnit--control-anchor\"]"}
COMMAND: POST /session/db7e74ddcaedfecfca9d83c19254142b/element/f.624D7720A2383BCF46C1895FE70984DD.d.3E0B05D02DDE46205835F04CCDB45202.e.28976/click - {}
RESULT: {}
RESULT: undefined
COMMAND: POST /session/db7e74ddcaedfecfca9d83c19254142b/execute/async - {"script":"<script> [776 bytes]","args":[{"enterText":"Heavy Equi","selector":{"id":"application-manageresources-display-component---newResourceUnit--PLANNING_GROUP","interaction":{"idSuffix":"inner"}},"clearTextFirst":true,"interactionType":"ENTER_TEXT"}]}
COMMAND: GET /session/db7e74ddcaedfecfca9d83c19254142b/screenshot - {}
RESULT: {"script":"<script> [776 bytes]","args":[{"enterText":"Heavy Equi","selector":{"id":"application-manageresources-display-component---newResourceUnit--PLANNING_GROUP","interaction":{"idSuffix":"inner"}},"clearTextFirst":true,"interactionType":"ENTER_TEXT"}]}
RESULT: {}
COMMAND: POST /session/db7e74ddcaedfecfca9d83c19254142b/execute/async - {"script":"<script> [1562 bytes]","args":[{"selector":{"id":"application-manageresources-display-component---newResourceUnit--PLANNING_INDICATOR","interaction":{"idSuffix":"inner"}},"wdio_ui5_key":"applicationmanageresources-display-component---newResourceUnit--PLANNING_INDICATOR"}]}
RESULT: {"script":"<script> [1562 bytes]","args":[{"selector":{"id":"application-manageresources-display-component---newResourceUnit--PLANNING_INDICATOR","interaction":{"idSuffix":"inner"}},"wdio_ui5_key":"applicationmanageresources-display-component---newResourceUnit--PLANNING_INDICATOR"}]}
RESULT: undefined
COMMAND: POST /session/db7e74ddcaedfecfca9d83c19254142b/execute/async - {"script":"<script> [776 bytes]","args":[{"enterText":"10 - infinite","selector":{"id":"application-manageresources-display-component---newResourceUnit--PLANNING_INDICATOR","interaction":{"idSuffix":"inner"}},"clearTextFirst":true,"interactionType":"ENTER_TEXT"}]}
RESULT: {"script":"<script> [776 bytes]","args":[{"enterText":"10 - infinite","selector":{"id":"application-manageresources-display-component---newResourceUnit--PLANNING_INDICATOR","interaction":{"idSuffix":"inner"}},"clearTextFirst":true,"interactionType":"ENTER_TEXT"}]}
RESULT: undefined
COMMAND: POST /session/db7e74ddcaedfecfca9d83c19254142b/element - {"using":"xpath","value":"//*[@id=\"application-manageresources-display-component---newResourceUnit--ITEM_TYPE-arrow\"]"}
RESULT: {"using":"xpath","value":"//*[@id=\"application-manageresources-display-component---newResourceUnit--ITEM_TYPE-arrow\"]"}
COMMAND: POST /session/db7e74ddcaedfecfca9d83c19254142b/element/f.624D7720A2383BCF46C1895FE70984DD.d.3E0B05D02DDE46205835F04CCDB45202.e.28983/click - {}
RESULT: {}
COMMAND: GET /session/db7e74ddcaedfecfca9d83c19254142b/screenshot - {}
RESULT: {}
COMMAND: POST /session/db7e74ddcaedfecfca9d83c19254142b/execute/async - {"script":"<script> [1562 bytes]","args":[{"selector":{"controlType":"sap.m.StandardListItem","viewName":"reusables.view.manageresources.NewResourceUnit","viewId":"application-manageresources-display-component---newResourceUnit","properties":{"title":"Pool Equipment"},"searchOpenDialogs":true,"interaction":{"idSuffix":"content"}},"wdio_ui5_key":"reusablesview.manageresources.NewResourceUnitsap.m.StandardListItem{\"title\":\"Pool Equipment\"}"}]}
RESULT: {"script":"<script> [1562 bytes]","args":[{"selector":{"controlType":"sap.m.StandardListItem","viewName":"reusables.view.manageresources.NewResourceUnit","viewId":"application-manageresources-display-component---newResourceUnit","properties":{"title":"Pool Equipment"},"searchOpenDialogs":true,"interaction":{"idSuffix":"content"}},"wdio_ui5_key":"reusablesview.manageresources.NewResourceUnitsap.m.StandardListItem{\"title\":\"Pool Equipment\"}"}]}
RESULT: undefined
COMMAND: POST /session/db7e74ddcaedfecfca9d83c19254142b/element - {"using":"xpath","value":"//*[@id=\"__item1159\"]"}
RESULT: {"using":"xpath","value":"//*[@id=\"__item1159\"]"}
COMMAND: POST /session/db7e74ddcaedfecfca9d83c19254142b/element/f.624D7720A2383BCF46C1895FE70984DD.d.3E0B05D02DDE46205835F04CCDB45202.e.28985/click - {}
RESULT: {}
COMMAND: GET /session/db7e74ddcaedfecfca9d83c19254142b/screenshot - {}
RESULT: {}
COMMAND: POST /session/db7e74ddcaedfecfca9d83c19254142b/element - {"using":"css selector","value":"#application-manageresources-display-component---newResourceUnit--btnAddTimeSegment"}
RESULT: {"using":"css selector","value":"#application-manageresources-display-component---newResourceUnit--btnAddTimeSegment"}
COMMAND: GET /session/db7e74ddcaedfecfca9d83c19254142b/element/f.624D7720A2383BCF46C1895FE70984DD.d.3E0B05D02DDE46205835F04CCDB45202.e.29047/rect - {}
RESULT: {}
COMMAND: GET /session/db7e74ddcaedfecfca9d83c19254142b/window/rect - {}
RESULT: {}
COMMAND: POST /session/db7e74ddcaedfecfca9d83c19254142b/execute/sync - {"script":"<script> [92 bytes]","args":[]}
RESULT: {"script":"<script> [92 bytes]","args":[]}
COMMAND: POST /session/db7e74ddcaedfecfca9d83c19254142b/actions - {"actions":[{"id":"action89","type":"wheel","parameters":{},"actions":[{"type":"scroll","x":-1888,"y":-32,"deltaX":0,"deltaY":0,"duration":0,"origin":{"element-6066-11e4-a52e-4f735466cecf":"f.624D7720A2383BCF46C1895FE70984DD.d.3E0B05D02DDE46205835F04CCDB45202.e.29047"}}]}]}
COMMAND: GET /session/db7e74ddcaedfecfca9d83c19254142b/screenshot - {}
RESULT: {}
COMMAND: POST /session/db7e74ddcaedfecfca9d83c19254142b/execute/sync - {"script":"<script> [79 bytes]","args":[{"element-6066-11e4-a52e-4f735466cecf":"f.624D7720A2383BCF46C1895FE70984DD.d.3E0B05D02DDE46205835F04CCDB45202.e.29047","ELEMENT":"f.624D7720A2383BCF46C1895FE70984DD.d.3E0B05D02DDE46205835F04CCDB45202.e.29047"},{"block":"start","inline":"nearest"}]}
RESULT: {"script":"<script> [79 bytes]","args":[{"element-6066-11e4-a52e-4f735466cecf":"f.624D7720A2383BCF46C1895FE70984DD.d.3E0B05D02DDE46205835F04CCDB45202.e.29047","ELEMENT":"f.624D7720A2383BCF46C1895FE70984DD.d.3E0B05D02DDE46205835F04CCDB45202.e.29047"},{"block":"start","inline":"nearest"}]}
RESULT: undefined
COMMAND: POST /session/db7e74ddcaedfecfca9d83c19254142b/element - {"using":"xpath","value":"//*[@id=\"application-manageresources-display-component---newResourceUnit--btnAddTimeSegment\"]"}
COMMAND: GET /session/db7e74ddcaedfecfca9d83c19254142b/screenshot - {}
RESULT: {"using":"xpath","value":"//*[@id=\"application-manageresources-display-component---newResourceUnit--btnAddTimeSegment\"]"}
COMMAND: POST /session/db7e74ddcaedfecfca9d83c19254142b/element/f.624D7720A2383BCF46C1895FE70984DD.d.3E0B05D02DDE46205835F04CCDB45202.e.29047/click - {}
RESULT: {}
RESULT: {}
COMMAND: GET /session/db7e74ddcaedfecfca9d83c19254142b/screenshot - {}
RESULT: {}
COMMAND: POST /session/db7e74ddcaedfecfca9d83c19254142b/element - {"using":"xpath","value":"//input[@id=\"application-manageresources-display-component---newResourceUnit--idRuTSAdmin-application-manageresources-display-component---newResourceUnit--RUTimeSegment-0-inner\"]"}
RESULT: {"using":"xpath","value":"//input[@id=\"application-manageresources-display-component---newResourceUnit--idRuTSAdmin-application-manageresources-display-component---newResourceUnit--RUTimeSegment-0-inner\"]"}
COMMAND: POST /session/db7e74ddcaedfecfca9d83c19254142b/element/f.624D7720A2383BCF46C1895FE70984DD.d.3E0B05D02DDE46205835F04CCDB45202.e.29052/clear - {}
RESULT: {}
COMMAND: POST /session/db7e74ddcaedfecfca9d83c19254142b/element/f.624D7720A2383BCF46C1895FE70984DD.d.3E0B05D02DDE46205835F04CCDB45202.e.29052/value - {"text":"342"}
COMMAND: GET /session/db7e74ddcaedfecfca9d83c19254142b/screenshot - {}
RESULT: {"text":"342"}
COMMAND: GET /session/db7e74ddcaedfecfca9d83c19254142b/screenshot - {}
RESULT: {}
RESULT: {}
COMMAND: POST /session/db7e74ddcaedfecfca9d83c19254142b/element - {"using":"xpath","value":"//li[.//span[text()='342']]"}
RESULT: {"using":"xpath","value":"//li[.//span[text()='342']]"}
COMMAND: POST /session/db7e74ddcaedfecfca9d83c19254142b/element/f.624D7720A2383BCF46C1895FE70984DD.d.3E0B05D02DDE46205835F04CCDB45202.e.29065/click - {}
RESULT: {}
COMMAND: GET /session/db7e74ddcaedfecfca9d83c19254142b/screenshot - {}
RESULT: {}
COMMAND: POST /session/db7e74ddcaedfecfca9d83c19254142b/element - {"using":"xpath","value":"(//span[contains(@id, \"-application-manageresources-display-component---newResourceUnit--RUTimeSegment-0-arrow\")])[5]"}
RESULT: {"using":"xpath","value":"(//span[contains(@id, \"-application-manageresources-display-component---newResourceUnit--RUTimeSegment-0-arrow\")])[5]"}
COMMAND: POST /session/db7e74ddcaedfecfca9d83c19254142b/element/f.624D7720A2383BCF46C1895FE70984DD.d.3E0B05D02DDE46205835F04CCDB45202.e.29066/click - {}
RESULT: {}
COMMAND: GET /session/db7e74ddcaedfecfca9d83c19254142b/screenshot - {}
RESULT: {}
COMMAND: POST /session/db7e74ddcaedfecfca9d83c19254142b/element - {"using":"xpath","value":"//span[contains(text(), \"PM Order\")]"}
RESULT: {"using":"xpath","value":"//span[contains(text(), \"PM Order\")]"}
COMMAND: POST /session/db7e74ddcaedfecfca9d83c19254142b/element/f.624D7720A2383BCF46C1895FE70984DD.d.3E0B05D02DDE46205835F04CCDB45202.e.29067/click - {}
RESULT: {}
COMMAND: GET /session/db7e74ddcaedfecfca9d83c19254142b/screenshot - {}
RESULT: {}
COMMAND: POST /session/db7e74ddcaedfecfca9d83c19254142b/element - {"using":"xpath","value":"(//span[contains(@id ,\"manageresources-display-component---newResourceUnit--RUTimeSegment-0-vhi\")])[1]"}
RESULT: {"using":"xpath","value":"(//span[contains(@id ,\"manageresources-display-component---newResourceUnit--RUTimeSegment-0-vhi\")])[1]"}
COMMAND: GET /session/db7e74ddcaedfecfca9d83c19254142b/element/f.624D7720A2383BCF46C1895FE70984DD.d.3E0B05D02DDE46205835F04CCDB45202.e.29071/rect - {}
RESULT: {}
COMMAND: GET /session/db7e74ddcaedfecfca9d83c19254142b/window/rect - {}
RESULT: {}
COMMAND: POST /session/db7e74ddcaedfecfca9d83c19254142b/execute/sync - {"script":"<script> [92 bytes]","args":[]}
RESULT: {"script":"<script> [92 bytes]","args":[]}
COMMAND: POST /session/db7e74ddcaedfecfca9d83c19254142b/actions - {"actions":[{"id":"action90","type":"wheel","parameters":{},"actions":[{"type":"scroll","x":-1888,"y":-24,"deltaX":0,"deltaY":0,"duration":0,"origin":{"element-6066-11e4-a52e-4f735466cecf":"f.624D7720A2383BCF46C1895FE70984DD.d.3E0B05D02DDE46205835F04CCDB45202.e.29071"}}]}]}
COMMAND: GET /session/db7e74ddcaedfecfca9d83c19254142b/screenshot - {}
RESULT: {}
COMMAND: POST /session/db7e74ddcaedfecfca9d83c19254142b/execute/sync - {"script":"<script> [79 bytes]","args":[{"element-6066-11e4-a52e-4f735466cecf":"f.624D7720A2383BCF46C1895FE70984DD.d.3E0B05D02DDE46205835F04CCDB45202.e.29071","ELEMENT":"f.624D7720A2383BCF46C1895FE70984DD.d.3E0B05D02DDE46205835F04CCDB45202.e.29071"},{"block":"start","inline":"nearest"}]}
RESULT: {"script":"<script> [79 bytes]","args":[{"element-6066-11e4-a52e-4f735466cecf":"f.624D7720A2383BCF46C1895FE70984DD.d.3E0B05D02DDE46205835F04CCDB45202.e.29071","ELEMENT":"f.624D7720A2383BCF46C1895FE70984DD.d.3E0B05D02DDE46205835F04CCDB45202.e.29071"},{"block":"start","inline":"nearest"}]}
COMMAND: GET /session/db7e74ddcaedfecfca9d83c19254142b/screenshot - {}
RESULT: {}
COMMAND: POST /session/db7e74ddcaedfecfca9d83c19254142b/element/f.624D7720A2383BCF46C1895FE70984DD.d.3E0B05D02DDE46205835F04CCDB45202.e.29071/click - {}
RESULT: {}
COMMAND: GET /session/db7e74ddcaedfecfca9d83c19254142b/screenshot - {}
RESULT: {}
RESULT: undefined
COMMAND: POST /session/db7e74ddcaedfecfca9d83c19254142b/execute/async - {"script":"<script> [776 bytes]","args":[{"enterText":"4000360","selector":{"controlType":"sap.m.SearchField","properties":{"placeholder":"Search"},"searchOpenDialogs":true,"interaction":{"idSuffix":"I"}},"clearTextFirst":true,"interactionType":"ENTER_TEXT"}]}
RESULT: {"script":"<script> [776 bytes]","args":[{"enterText":"4000360","selector":{"controlType":"sap.m.SearchField","properties":{"placeholder":"Search"},"searchOpenDialogs":true,"interaction":{"idSuffix":"I"}},"clearTextFirst":true,"interactionType":"ENTER_TEXT"}]}
COMMAND: POST /session/db7e74ddcaedfecfca9d83c19254142b/actions - {"actions":[{"id":"action91","type":"key","parameters":{},"actions":[{"type":"keyDown","value":""},{"type":"pause","duration":10},{"type":"keyUp","value":""}]}]}
RESULT: {"actions":[{"id":"action91","type":"key","parameters":{},"actions":[{"type":"keyDown","value":""},{"type":"pause","duration":10},{"type":"keyUp","value":""}]}]}
COMMAND: GET /session/db7e74ddcaedfecfca9d83c19254142b/screenshot - {}
RESULT: {}
COMMAND: POST /session/db7e74ddcaedfecfca9d83c19254142b/element - {"using":"xpath","value":"//td/div/span[contains(text(), \"BGL Vehicles\")]"}
RESULT: {"using":"xpath","value":"//td/div/span[contains(text(), \"BGL Vehicles\")]"}
COMMAND: POST /session/db7e74ddcaedfecfca9d83c19254142b/element/f.624D7720A2383BCF46C1895FE70984DD.d.3E0B05D02DDE46205835F04CCDB45202.e.29092/click - {}
RESULT: {}
COMMAND: GET /session/db7e74ddcaedfecfca9d83c19254142b/screenshot - {}
RESULT: {}
COMMAND: POST /session/db7e74ddcaedfecfca9d83c19254142b/element - {"using":"xpath","value":"//bdi[contains(text(), \"OK\")]"}
RESULT: {"using":"xpath","value":"//bdi[contains(text(), \"OK\")]"}
COMMAND: POST /session/db7e74ddcaedfecfca9d83c19254142b/element/f.624D7720A2383BCF46C1895FE70984DD.d.3E0B05D02DDE46205835F04CCDB45202.e.29093/click - {}
RESULT: {}
COMMAND: GET /session/db7e74ddcaedfecfca9d83c19254142b/screenshot - {}
RESULT: {}
COMMAND: POST /session/db7e74ddcaedfecfca9d83c19254142b/element - {"using":"xpath","value":"//label[contains(@class, 'sapMLabelRequired') and .//bdi[contains(text(), 'Planned Retirement')]]"}
RESULT: {"using":"xpath","value":"//label[contains(@class, 'sapMLabelRequired') and .//bdi[contains(text(), 'Planned Retirement')]]"}
COMMAND: POST /session/db7e74ddcaedfecfca9d83c19254142b/elements - {"using":"xpath","value":"//label[contains(@class, 'sapMLabelRequired') and .//bdi[contains(text(), 'Planned Retirement')]]"}
RESULT: {"using":"xpath","value":"//label[contains(@class, 'sapMLabelRequired') and .//bdi[contains(text(), 'Planned Retirement')]]"}
COMMAND: POST /session/db7e74ddcaedfecfca9d83c19254142b/element - {"using":"xpath","value":"//button[@data-kt=\"resourceUnitSaveButton\"]"}
RESULT: {"using":"xpath","value":"//button[@data-kt=\"resourceUnitSaveButton\"]"}
COMMAND: POST /session/db7e74ddcaedfecfca9d83c19254142b/element/f.624D7720A2383BCF46C1895FE70984DD.d.3E0B05D02DDE46205835F04CCDB45202.e.28864/click - {}
RESULT: {}
COMMAND: GET /session/db7e74ddcaedfecfca9d83c19254142b/screenshot - {}
RESULT: {}
COMMAND: POST /session/db7e74ddcaedfecfca9d83c19254142b/element - {"using":"xpath","value":"//bdi[contains(text(), \"Close\")]"}
RESULT: {"using":"xpath","value":"//bdi[contains(text(), \"Close\")]"}
COMMAND: POST /session/db7e74ddcaedfecfca9d83c19254142b/element/f.624D7720A2383BCF46C1895FE70984DD.d.3E0B05D02DDE46205835F04CCDB45202.e.29100/click - {}
RESULT: {}
COMMAND: GET /session/db7e74ddcaedfecfca9d83c19254142b/screenshot - {}
RESULT: {}
COMMAND: POST /session/db7e74ddcaedfecfca9d83c19254142b/element - {"using":"xpath","value":"//header[contains(@id, 'detailRruPage-headerTitle')]/div[1]/div[2]/div[2]/span[1]"}
RESULT: {"using":"xpath","value":"//header[contains(@id, 'detailRruPage-headerTitle')]/div[1]/div[2]/div[2]/span[1]"}
COMMAND: POST /session/db7e74ddcaedfecfca9d83c19254142b/elements - {"using":"xpath","value":"//header[contains(@id, 'detailRruPage-headerTitle')]/div[1]/div[2]/div[2]/span[1]"}
RESULT: {"using":"xpath","value":"//header[contains(@id, 'detailRruPage-headerTitle')]/div[1]/div[2]/div[2]/span[1]"}
COMMAND: POST /session/db7e74ddcaedfecfca9d83c19254142b/execute/sync - {"script":"<script> [56 bytes]","args":[{"element-6066-11e4-a52e-4f735466cecf":"f.624D7720A2383BCF46C1895FE70984DD.d.3E0B05D02DDE46205835F04CCDB45202.e.29125","ELEMENT":"f.624D7720A2383BCF46C1895FE70984DD.d.3E0B05D02DDE46205835F04CCDB45202.e.29125"}]}
RESULT: {"script":"<script> [56 bytes]","args":[{"element-6066-11e4-a52e-4f735466cecf":"f.624D7720A2383BCF46C1895FE70984DD.d.3E0B05D02DDE46205835F04CCDB45202.e.29125","ELEMENT":"f.624D7720A2383BCF46C1895FE70984DD.d.3E0B05D02DDE46205835F04CCDB45202.e.29125"}]}
COMMAND: POST /session/db7e74ddcaedfecfca9d83c19254142b/element - {"using":"css selector","value":"#shell-header-logo"}
COMMAND: GET /session/db7e74ddcaedfecfca9d83c19254142b/screenshot - {}
RESULT: {"using":"css selector","value":"#shell-header-logo"}
COMMAND: POST /session/db7e74ddcaedfecfca9d83c19254142b/element/f.624D7720A2383BCF46C1895FE70984DD.d.3E0B05D02DDE46205835F04CCDB45202.e.28459/click - {}
RESULT: {}
RESULT: {}
COMMAND: GET /session/db7e74ddcaedfecfca9d83c19254142b/screenshot - {}
RESULT: {}
]]></system-out>
    </testcase>
    <testcase classname="chrome.136_0_7103_93.windows.Transfer_Yard_to_Yard_US131076" name="Should do a stock increase handover for equipment" time="107.633">
      <system-out><![CDATA[
COMMAND: POST /session/db7e74ddcaedfecfca9d83c19254142b/execute/async - {"script":"<script> [1562 bytes]","args":[{"selector":{"controlType":"sap.m.GenericTile","properties":{"header":"Manage Handovers"}},"wdio_ui5_key":"sapm.GenericTile{\"header\":\"Manage Handovers\"}"}]}
RESULT: {"script":"<script> [1562 bytes]","args":[{"selector":{"controlType":"sap.m.GenericTile","properties":{"header":"Manage Handovers"}},"wdio_ui5_key":"sapm.GenericTile{\"header\":\"Manage Handovers\"}"}]}
RESULT: undefined
COMMAND: POST /session/db7e74ddcaedfecfca9d83c19254142b/element - {"using":"xpath","value":"//*[@id=\"__tile133\"]"}
RESULT: {"using":"xpath","value":"//*[@id=\"__tile133\"]"}
COMMAND: POST /session/db7e74ddcaedfecfca9d83c19254142b/element/f.624D7720A2383BCF46C1895FE70984DD.d.3E0B05D02DDE46205835F04CCDB45202.e.26992/click - {}
RESULT: {}
COMMAND: GET /session/db7e74ddcaedfecfca9d83c19254142b/screenshot - {}
RESULT: {}
COMMAND: POST /session/db7e74ddcaedfecfca9d83c19254142b/elements - {"using":"xpath","value":"//span[text()='Error']"}
RESULT: {"using":"xpath","value":"//span[text()='Error']"}
COMMAND: POST /session/db7e74ddcaedfecfca9d83c19254142b/element - {"using":"xpath","value":"//button[@data-kt=\"masterHOAddButton\"]"}
RESULT: {"using":"xpath","value":"//button[@data-kt=\"masterHOAddButton\"]"}
COMMAND: POST /session/db7e74ddcaedfecfca9d83c19254142b/elements - {"using":"xpath","value":"//button[@data-kt=\"masterHOAddButton\"]"}
RESULT: {"using":"xpath","value":"//button[@data-kt=\"masterHOAddButton\"]"}
COMMAND: POST /session/db7e74ddcaedfecfca9d83c19254142b/elements - {"using":"xpath","value":"//button[@data-kt=\"masterHOAddButton\"]"}
RESULT: {"using":"xpath","value":"//button[@data-kt=\"masterHOAddButton\"]"}
COMMAND: POST /session/db7e74ddcaedfecfca9d83c19254142b/element - {"using":"xpath","value":"//button[@data-kt=\"masterHOAddButton\"]"}
RESULT: {"using":"xpath","value":"//button[@data-kt=\"masterHOAddButton\"]"}
COMMAND: POST /session/db7e74ddcaedfecfca9d83c19254142b/execute/sync - {"script":"<script> [8489 bytes]","args":[{"element-6066-11e4-a52e-4f735466cecf":"f.624D7720A2383BCF46C1895FE70984DD.d.3E0B05D02DDE46205835F04CCDB45202.e.29156","ELEMENT":"f.624D7720A2383BCF46C1895FE70984DD.d.3E0B05D02DDE46205835F04CCDB45202.e.29156"}]}
RESULT: {"script":"<script> [8489 bytes]","args":[{"element-6066-11e4-a52e-4f735466cecf":"f.624D7720A2383BCF46C1895FE70984DD.d.3E0B05D02DDE46205835F04CCDB45202.e.29156","ELEMENT":"f.624D7720A2383BCF46C1895FE70984DD.d.3E0B05D02DDE46205835F04CCDB45202.e.29156"}]}
COMMAND: GET /session/db7e74ddcaedfecfca9d83c19254142b/element/f.624D7720A2383BCF46C1895FE70984DD.d.3E0B05D02DDE46205835F04CCDB45202.e.29156/enabled - {}
COMMAND: GET /session/db7e74ddcaedfecfca9d83c19254142b/screenshot - {}
RESULT: {}
COMMAND: POST /session/db7e74ddcaedfecfca9d83c19254142b/execute/sync - {"script":"<script> [8489 bytes]","args":[{"element-6066-11e4-a52e-4f735466cecf":"f.624D7720A2383BCF46C1895FE70984DD.d.3E0B05D02DDE46205835F04CCDB45202.e.29156","ELEMENT":"f.624D7720A2383BCF46C1895FE70984DD.d.3E0B05D02DDE46205835F04CCDB45202.e.29156"}]}
COMMAND: GET /session/db7e74ddcaedfecfca9d83c19254142b/screenshot - {}
RESULT: {}
RESULT: {"script":"<script> [8489 bytes]","args":[{"element-6066-11e4-a52e-4f735466cecf":"f.624D7720A2383BCF46C1895FE70984DD.d.3E0B05D02DDE46205835F04CCDB45202.e.29156","ELEMENT":"f.624D7720A2383BCF46C1895FE70984DD.d.3E0B05D02DDE46205835F04CCDB45202.e.29156"}]}
COMMAND: POST /session/db7e74ddcaedfecfca9d83c19254142b/execute/sync - {"script":"<script> [5351 bytes]","args":[{"element-6066-11e4-a52e-4f735466cecf":"f.624D7720A2383BCF46C1895FE70984DD.d.3E0B05D02DDE46205835F04CCDB45202.e.29156","ELEMENT":"f.624D7720A2383BCF46C1895FE70984DD.d.3E0B05D02DDE46205835F04CCDB45202.e.29156"}]}
COMMAND: GET /session/db7e74ddcaedfecfca9d83c19254142b/screenshot - {}
RESULT: {}
RESULT: {"script":"<script> [5351 bytes]","args":[{"element-6066-11e4-a52e-4f735466cecf":"f.624D7720A2383BCF46C1895FE70984DD.d.3E0B05D02DDE46205835F04CCDB45202.e.29156","ELEMENT":"f.624D7720A2383BCF46C1895FE70984DD.d.3E0B05D02DDE46205835F04CCDB45202.e.29156"}]}
COMMAND: POST /session/db7e74ddcaedfecfca9d83c19254142b/element/f.624D7720A2383BCF46C1895FE70984DD.d.3E0B05D02DDE46205835F04CCDB45202.e.29156/click - {}
COMMAND: GET /session/db7e74ddcaedfecfca9d83c19254142b/screenshot - {}
RESULT: {}
RESULT: {}
COMMAND: GET /session/db7e74ddcaedfecfca9d83c19254142b/screenshot - {}
COMMAND: POST /session/db7e74ddcaedfecfca9d83c19254142b/element - {"using":"xpath","value":"//span[contains(@id ,\"AddNewHO--typeSelect-arrow\")]"}
RESULT: {}
RESULT: {}
RESULT: {"using":"xpath","value":"//span[contains(@id ,\"AddNewHO--typeSelect-arrow\")]"}
COMMAND: POST /session/db7e74ddcaedfecfca9d83c19254142b/element/f.624D7720A2383BCF46C1895FE70984DD.d.3E0B05D02DDE46205835F04CCDB45202.e.29505/click - {}
RESULT: {}
COMMAND: GET /session/db7e74ddcaedfecfca9d83c19254142b/screenshot - {}
RESULT: {}
COMMAND: POST /session/db7e74ddcaedfecfca9d83c19254142b/element - {"using":"xpath","value":"(//li[contains(text(), \"stock increase yard\")])[1]"}
RESULT: {"using":"xpath","value":"(//li[contains(text(), \"stock increase yard\")])[1]"}
COMMAND: POST /session/db7e74ddcaedfecfca9d83c19254142b/element/f.624D7720A2383BCF46C1895FE70984DD.d.3E0B05D02DDE46205835F04CCDB45202.e.29506/click - {}
RESULT: {}
COMMAND: GET /session/db7e74ddcaedfecfca9d83c19254142b/screenshot - {}
RESULT: {}
COMMAND: POST /session/db7e74ddcaedfecfca9d83c19254142b/execute/async - {"script":"<script> [1562 bytes]","args":[{"selector":{"id":"application-managehandovers-display-component---AddNewHO--dueDate","interaction":{"idSuffix":"inner"}},"wdio_ui5_key":"applicationmanagehandovers-display-component---AddNewHO--dueDate"}]}
RESULT: {"script":"<script> [1562 bytes]","args":[{"selector":{"id":"application-managehandovers-display-component---AddNewHO--dueDate","interaction":{"idSuffix":"inner"}},"wdio_ui5_key":"applicationmanagehandovers-display-component---AddNewHO--dueDate"}]}
RESULT: undefined
COMMAND: POST /session/db7e74ddcaedfecfca9d83c19254142b/execute/async - {"script":"<script> [6424 bytes]","args":[{"element-6066-11e4-a52e-4f735466cecf":"f.624D7720A2383BCF46C1895FE70984DD.d.3E0B05D02DDE46205835F04CCDB45202.e.29510"},"setValue",["5/26/25"]]}
RESULT: {"script":"<script> [6424 bytes]","args":[{"element-6066-11e4-a52e-4f735466cecf":"f.624D7720A2383BCF46C1895FE70984DD.d.3E0B05D02DDE46205835F04CCDB45202.e.29510"},"setValue",["5/26/25"]]}
COMMAND: POST /session/db7e74ddcaedfecfca9d83c19254142b/element - {"using":"xpath","value":"//input[@id=\"generalSectionFrg--receiveYard-inner\"]"}
RESULT: {"using":"xpath","value":"//input[@id=\"generalSectionFrg--receiveYard-inner\"]"}
COMMAND: POST /session/db7e74ddcaedfecfca9d83c19254142b/element/f.624D7720A2383BCF46C1895FE70984DD.d.3E0B05D02DDE46205835F04CCDB45202.e.29516/clear - {}
RESULT: {}
COMMAND: POST /session/db7e74ddcaedfecfca9d83c19254142b/element/f.624D7720A2383BCF46C1895FE70984DD.d.3E0B05D02DDE46205835F04CCDB45202.e.29516/value - {"text":"342"}
COMMAND: GET /session/db7e74ddcaedfecfca9d83c19254142b/screenshot - {}
RESULT: {"text":"342"}
COMMAND: GET /session/db7e74ddcaedfecfca9d83c19254142b/screenshot - {}
RESULT: {}
RESULT: {}
COMMAND: POST /session/db7e74ddcaedfecfca9d83c19254142b/element - {"using":"xpath","value":"//li[.//span[text()='342']]"}
RESULT: {"using":"xpath","value":"//li[.//span[text()='342']]"}
COMMAND: POST /session/db7e74ddcaedfecfca9d83c19254142b/element/f.624D7720A2383BCF46C1895FE70984DD.d.3E0B05D02DDE46205835F04CCDB45202.e.29532/click - {}
RESULT: {}
COMMAND: GET /session/db7e74ddcaedfecfca9d83c19254142b/screenshot - {}
RESULT: {}
COMMAND: POST /session/db7e74ddcaedfecfca9d83c19254142b/execute/async - {"script":"<script> [1562 bytes]","args":[{"selector":{"id":"application-managehandovers-display-component---AddNewHO--ObjectPageLayout-anchBar-application-managehandovers-display-component---AddNewHO--section4-anchor","interaction":{"idSuffix":"BDI-content"}},"wdio_ui5_key":"applicationmanagehandovers-display-component---AddNewHO--ObjectPageLayout-anchBar-application-managehandovers-display-component---AddNewHO--section4-anchor"}]}
RESULT: {"script":"<script> [1562 bytes]","args":[{"selector":{"id":"application-managehandovers-display-component---AddNewHO--ObjectPageLayout-anchBar-application-managehandovers-display-component---AddNewHO--section4-anchor","interaction":{"idSuffix":"BDI-content"}},"wdio_ui5_key":"applicationmanagehandovers-display-component---AddNewHO--ObjectPageLayout-anchBar-application-managehandovers-display-component---AddNewHO--section4-anchor"}]}
RESULT: undefined
COMMAND: POST /session/db7e74ddcaedfecfca9d83c19254142b/element - {"using":"xpath","value":"//*[@id=\"application-managehandovers-display-component---AddNewHO--ObjectPageLayout-anchBar-application-managehandovers-display-component---AddNewHO--section4-anchor\"]"}
RESULT: {"using":"xpath","value":"//*[@id=\"application-managehandovers-display-component---AddNewHO--ObjectPageLayout-anchBar-application-managehandovers-display-component---AddNewHO--section4-anchor\"]"}
COMMAND: POST /session/db7e74ddcaedfecfca9d83c19254142b/element/f.624D7720A2383BCF46C1895FE70984DD.d.3E0B05D02DDE46205835F04CCDB45202.e.29534/click - {}
RESULT: {}
COMMAND: POST /session/db7e74ddcaedfecfca9d83c19254142b/element - {"using":"xpath","value":"//button[@aria-label=\"Add\"]"}
COMMAND: GET /session/db7e74ddcaedfecfca9d83c19254142b/screenshot - {}
RESULT: {"using":"xpath","value":"//button[@aria-label=\"Add\"]"}
COMMAND: POST /session/db7e74ddcaedfecfca9d83c19254142b/element/f.624D7720A2383BCF46C1895FE70984DD.d.3E0B05D02DDE46205835F04CCDB45202.e.29536/click - {}
RESULT: {}
RESULT: {}
COMMAND: GET /session/db7e74ddcaedfecfca9d83c19254142b/screenshot - {}
RESULT: {}
COMMAND: POST /session/db7e74ddcaedfecfca9d83c19254142b/execute/async - {"script":"<script> [1562 bytes]","args":[{"selector":{"id":"application-managehandovers-display-component---AddNewHO--smartFilterBar-btnBasicSearch","searchOpenDialogs":true,"interaction":{"idSuffix":"I"}},"wdio_ui5_key":"applicationmanagehandovers-display-component---AddNewHO--smartFilterBar-btnBasicSearch"}]}
RESULT: {"script":"<script> [1562 bytes]","args":[{"selector":{"id":"application-managehandovers-display-component---AddNewHO--smartFilterBar-btnBasicSearch","searchOpenDialogs":true,"interaction":{"idSuffix":"I"}},"wdio_ui5_key":"applicationmanagehandovers-display-component---AddNewHO--smartFilterBar-btnBasicSearch"}]}
RESULT: undefined
COMMAND: POST /session/db7e74ddcaedfecfca9d83c19254142b/execute/async - {"script":"<script> [776 bytes]","args":[{"enterText":"LISYoxmW0Q","selector":{"id":"application-managehandovers-display-component---AddNewHO--smartFilterBar-btnBasicSearch","searchOpenDialogs":true,"interaction":{"idSuffix":"I"}},"clearTextFirst":true,"interactionType":"ENTER_TEXT"}]}
RESULT: {"script":"<script> [776 bytes]","args":[{"enterText":"LISYoxmW0Q","selector":{"id":"application-managehandovers-display-component---AddNewHO--smartFilterBar-btnBasicSearch","searchOpenDialogs":true,"interaction":{"idSuffix":"I"}},"clearTextFirst":true,"interactionType":"ENTER_TEXT"}]}
COMMAND: POST /session/db7e74ddcaedfecfca9d83c19254142b/actions - {"actions":[{"id":"action92","type":"key","parameters":{},"actions":[{"type":"keyDown","value":""},{"type":"pause","duration":10},{"type":"keyUp","value":""}]}]}
RESULT: {"actions":[{"id":"action92","type":"key","parameters":{},"actions":[{"type":"keyDown","value":""},{"type":"pause","duration":10},{"type":"keyUp","value":""}]}]}
COMMAND: GET /session/db7e74ddcaedfecfca9d83c19254142b/screenshot - {}
COMMAND: POST /session/db7e74ddcaedfecfca9d83c19254142b/execute/async - {"script":"<script> [1562 bytes]","args":[{"selector":{"id":"application-managehandovers-display-component---AddNewHO--popup-sa","searchOpenDialogs":true,"interaction":{"idSuffix":"CbBg"}},"wdio_ui5_key":"applicationmanagehandovers-display-component---AddNewHO--popup-sa"}]}
RESULT: {}
RESULT: {"script":"<script> [1562 bytes]","args":[{"selector":{"id":"application-managehandovers-display-component---AddNewHO--popup-sa","searchOpenDialogs":true,"interaction":{"idSuffix":"CbBg"}},"wdio_ui5_key":"applicationmanagehandovers-display-component---AddNewHO--popup-sa"}]}
RESULT: undefined
COMMAND: POST /session/db7e74ddcaedfecfca9d83c19254142b/element - {"using":"xpath","value":"//*[@id=\"application-managehandovers-display-component---AddNewHO--popup-sa\"]"}
RESULT: {"using":"xpath","value":"//*[@id=\"application-managehandovers-display-component---AddNewHO--popup-sa\"]"}
COMMAND: POST /session/db7e74ddcaedfecfca9d83c19254142b/element/f.624D7720A2383BCF46C1895FE70984DD.d.3E0B05D02DDE46205835F04CCDB45202.e.29692/click - {}
RESULT: {}
COMMAND: GET /session/db7e74ddcaedfecfca9d83c19254142b/screenshot - {}
RESULT: {}
COMMAND: POST /session/db7e74ddcaedfecfca9d83c19254142b/element - {"using":"xpath","value":"//bdi[contains(text(), \"Select\")]"}
RESULT: {"using":"xpath","value":"//bdi[contains(text(), \"Select\")]"}
COMMAND: POST /session/db7e74ddcaedfecfca9d83c19254142b/element/f.624D7720A2383BCF46C1895FE70984DD.d.3E0B05D02DDE46205835F04CCDB45202.e.29693/click - {}
RESULT: {}
COMMAND: GET /session/db7e74ddcaedfecfca9d83c19254142b/screenshot - {}
RESULT: {}
COMMAND: POST /session/db7e74ddcaedfecfca9d83c19254142b/element - {"using":"xpath","value":"//button[@data-kt=\"AddNewHOSaveButton\"]"}
RESULT: {"using":"xpath","value":"//button[@data-kt=\"AddNewHOSaveButton\"]"}
COMMAND: POST /session/db7e74ddcaedfecfca9d83c19254142b/element/f.624D7720A2383BCF46C1895FE70984DD.d.3E0B05D02DDE46205835F04CCDB45202.e.29697/click - {}
RESULT: {}
COMMAND: GET /session/db7e74ddcaedfecfca9d83c19254142b/screenshot - {}
RESULT: {}
COMMAND: POST /session/db7e74ddcaedfecfca9d83c19254142b/execute/async - {"script":"<script> [1562 bytes]","args":[{"selector":{"id":"receiptDatePicker","viewName":"etm.portal.ui.managehandovers.view.DetailExecuteHO","interaction":{"idSuffix":"inner"}},"wdio_ui5_key":"receiptDatePickeretmportal.ui.managehandovers.view.DetailExecuteHO"}]}
RESULT: {"script":"<script> [1562 bytes]","args":[{"selector":{"id":"receiptDatePicker","viewName":"etm.portal.ui.managehandovers.view.DetailExecuteHO","interaction":{"idSuffix":"inner"}},"wdio_ui5_key":"receiptDatePickeretmportal.ui.managehandovers.view.DetailExecuteHO"}]}
RESULT: undefined
COMMAND: POST /session/db7e74ddcaedfecfca9d83c19254142b/execute/async - {"script":"<script> [6424 bytes]","args":[{"element-6066-11e4-a52e-4f735466cecf":"f.624D7720A2383BCF46C1895FE70984DD.d.3E0B05D02DDE46205835F04CCDB45202.e.29724"},"setValue",["5/26/25"]]}
RESULT: {"script":"<script> [6424 bytes]","args":[{"element-6066-11e4-a52e-4f735466cecf":"f.624D7720A2383BCF46C1895FE70984DD.d.3E0B05D02DDE46205835F04CCDB45202.e.29724"},"setValue",["5/26/25"]]}
COMMAND: POST /session/db7e74ddcaedfecfca9d83c19254142b/element - {"using":"xpath","value":"//button[@data-kt=\"ReceivingTableConfirmAllButton\"]"}
RESULT: {"using":"xpath","value":"//button[@data-kt=\"ReceivingTableConfirmAllButton\"]"}
COMMAND: POST /session/db7e74ddcaedfecfca9d83c19254142b/element/f.624D7720A2383BCF46C1895FE70984DD.d.3E0B05D02DDE46205835F04CCDB45202.e.29740/click - {}
RESULT: {}
COMMAND: GET /session/db7e74ddcaedfecfca9d83c19254142b/screenshot - {}
RESULT: {}
COMMAND: POST /session/db7e74ddcaedfecfca9d83c19254142b/element - {"using":"xpath","value":"//bdi[contains(text(), \"OK\")]"}
RESULT: {"using":"xpath","value":"//bdi[contains(text(), \"OK\")]"}
COMMAND: POST /session/db7e74ddcaedfecfca9d83c19254142b/element/f.624D7720A2383BCF46C1895FE70984DD.d.3E0B05D02DDE46205835F04CCDB45202.e.29742/click - {}
RESULT: {}
COMMAND: GET /session/db7e74ddcaedfecfca9d83c19254142b/screenshot - {}
RESULT: {}
COMMAND: POST /session/db7e74ddcaedfecfca9d83c19254142b/element - {"using":"xpath","value":"(//bdi[contains(text(), \"Receive\")])[2]"}
RESULT: {"using":"xpath","value":"(//bdi[contains(text(), \"Receive\")])[2]"}
COMMAND: POST /session/db7e74ddcaedfecfca9d83c19254142b/element/f.624D7720A2383BCF46C1895FE70984DD.d.3E0B05D02DDE46205835F04CCDB45202.e.29744/click - {}
RESULT: {}
COMMAND: GET /session/db7e74ddcaedfecfca9d83c19254142b/screenshot - {}
RESULT: {}
COMMAND: POST /session/db7e74ddcaedfecfca9d83c19254142b/element - {"using":"css selector","value":"#shell-header-logo"}
RESULT: {"using":"css selector","value":"#shell-header-logo"}
COMMAND: POST /session/db7e74ddcaedfecfca9d83c19254142b/element/f.624D7720A2383BCF46C1895FE70984DD.d.3E0B05D02DDE46205835F04CCDB45202.e.29128/click - {}
RESULT: {}
COMMAND: GET /session/db7e74ddcaedfecfca9d83c19254142b/screenshot - {}
RESULT: {}
]]></system-out>
    </testcase>
    <testcase classname="chrome.136_0_7103_93.windows.Transfer_Yard_to_Yard_US131076" name="Should do a stock increase handover for equipment multipart" time="98.752">
      <system-out><![CDATA[
RESULT: undefined
COMMAND: POST /session/db7e74ddcaedfecfca9d83c19254142b/element - {"using":"xpath","value":"//*[@id=\"__tile133\"]"}
RESULT: {"using":"xpath","value":"//*[@id=\"__tile133\"]"}
COMMAND: POST /session/db7e74ddcaedfecfca9d83c19254142b/element/f.624D7720A2383BCF46C1895FE70984DD.d.3E0B05D02DDE46205835F04CCDB45202.e.26992/click - {}
RESULT: {}
COMMAND: GET /session/db7e74ddcaedfecfca9d83c19254142b/screenshot - {}
RESULT: {}
COMMAND: POST /session/db7e74ddcaedfecfca9d83c19254142b/elements - {"using":"xpath","value":"//span[text()='Error']"}
RESULT: {"using":"xpath","value":"//span[text()='Error']"}
COMMAND: POST /session/db7e74ddcaedfecfca9d83c19254142b/element - {"using":"xpath","value":"//button[@data-kt=\"masterHOAddButton\"]"}
RESULT: {"using":"xpath","value":"//button[@data-kt=\"masterHOAddButton\"]"}
COMMAND: POST /session/db7e74ddcaedfecfca9d83c19254142b/elements - {"using":"xpath","value":"//button[@data-kt=\"masterHOAddButton\"]"}
RESULT: {"using":"xpath","value":"//button[@data-kt=\"masterHOAddButton\"]"}
COMMAND: POST /session/db7e74ddcaedfecfca9d83c19254142b/execute/sync - {"script":"<script> [8489 bytes]","args":[{"element-6066-11e4-a52e-4f735466cecf":"f.624D7720A2383BCF46C1895FE70984DD.d.3E0B05D02DDE46205835F04CCDB45202.e.29948","ELEMENT":"f.624D7720A2383BCF46C1895FE70984DD.d.3E0B05D02DDE46205835F04CCDB45202.e.29948"}]}
RESULT: {"script":"<script> [8489 bytes]","args":[{"element-6066-11e4-a52e-4f735466cecf":"f.624D7720A2383BCF46C1895FE70984DD.d.3E0B05D02DDE46205835F04CCDB45202.e.29948","ELEMENT":"f.624D7720A2383BCF46C1895FE70984DD.d.3E0B05D02DDE46205835F04CCDB45202.e.29948"}]}
COMMAND: GET /session/db7e74ddcaedfecfca9d83c19254142b/element/f.624D7720A2383BCF46C1895FE70984DD.d.3E0B05D02DDE46205835F04CCDB45202.e.29948/enabled - {}
COMMAND: GET /session/db7e74ddcaedfecfca9d83c19254142b/screenshot - {}
RESULT: {}
COMMAND: POST /session/db7e74ddcaedfecfca9d83c19254142b/execute/sync - {"script":"<script> [8489 bytes]","args":[{"element-6066-11e4-a52e-4f735466cecf":"f.624D7720A2383BCF46C1895FE70984DD.d.3E0B05D02DDE46205835F04CCDB45202.e.29948","ELEMENT":"f.624D7720A2383BCF46C1895FE70984DD.d.3E0B05D02DDE46205835F04CCDB45202.e.29948"}]}
COMMAND: GET /session/db7e74ddcaedfecfca9d83c19254142b/screenshot - {}
RESULT: {}
RESULT: {"script":"<script> [8489 bytes]","args":[{"element-6066-11e4-a52e-4f735466cecf":"f.624D7720A2383BCF46C1895FE70984DD.d.3E0B05D02DDE46205835F04CCDB45202.e.29948","ELEMENT":"f.624D7720A2383BCF46C1895FE70984DD.d.3E0B05D02DDE46205835F04CCDB45202.e.29948"}]}
COMMAND: POST /session/db7e74ddcaedfecfca9d83c19254142b/execute/sync - {"script":"<script> [5351 bytes]","args":[{"element-6066-11e4-a52e-4f735466cecf":"f.624D7720A2383BCF46C1895FE70984DD.d.3E0B05D02DDE46205835F04CCDB45202.e.29948","ELEMENT":"f.624D7720A2383BCF46C1895FE70984DD.d.3E0B05D02DDE46205835F04CCDB45202.e.29948"}]}
RESULT: {}
RESULT: {"script":"<script> [5351 bytes]","args":[{"element-6066-11e4-a52e-4f735466cecf":"f.624D7720A2383BCF46C1895FE70984DD.d.3E0B05D02DDE46205835F04CCDB45202.e.29948","ELEMENT":"f.624D7720A2383BCF46C1895FE70984DD.d.3E0B05D02DDE46205835F04CCDB45202.e.29948"}]}
COMMAND: POST /session/db7e74ddcaedfecfca9d83c19254142b/element/f.624D7720A2383BCF46C1895FE70984DD.d.3E0B05D02DDE46205835F04CCDB45202.e.29948/click - {}
COMMAND: GET /session/db7e74ddcaedfecfca9d83c19254142b/screenshot - {}
COMMAND: GET /session/db7e74ddcaedfecfca9d83c19254142b/screenshot - {}
RESULT: {}
COMMAND: GET /session/db7e74ddcaedfecfca9d83c19254142b/screenshot - {}
COMMAND: POST /session/db7e74ddcaedfecfca9d83c19254142b/element - {"using":"xpath","value":"//span[contains(@id ,\"AddNewHO--typeSelect-arrow\")]"}
RESULT: {}
RESULT: {}
RESULT: {}
RESULT: {"using":"xpath","value":"//span[contains(@id ,\"AddNewHO--typeSelect-arrow\")]"}
COMMAND: POST /session/db7e74ddcaedfecfca9d83c19254142b/element/f.624D7720A2383BCF46C1895FE70984DD.d.3E0B05D02DDE46205835F04CCDB45202.e.30342/click - {}
RESULT: {}
COMMAND: GET /session/db7e74ddcaedfecfca9d83c19254142b/screenshot - {}
RESULT: {}
COMMAND: POST /session/db7e74ddcaedfecfca9d83c19254142b/element - {"using":"xpath","value":"(//li[contains(text(), \"stock increase yard\")])[1]"}
RESULT: {"using":"xpath","value":"(//li[contains(text(), \"stock increase yard\")])[1]"}
COMMAND: POST /session/db7e74ddcaedfecfca9d83c19254142b/element/f.624D7720A2383BCF46C1895FE70984DD.d.3E0B05D02DDE46205835F04CCDB45202.e.30343/click - {}
RESULT: {}
COMMAND: GET /session/db7e74ddcaedfecfca9d83c19254142b/screenshot - {}
RESULT: {}
RESULT: undefined
COMMAND: POST /session/db7e74ddcaedfecfca9d83c19254142b/execute/async - {"script":"<script> [6424 bytes]","args":[{"element-6066-11e4-a52e-4f735466cecf":"f.624D7720A2383BCF46C1895FE70984DD.d.3E0B05D02DDE46205835F04CCDB45202.e.29510"},"setValue",["5/26/25"]]}
COMMAND: POST /session/db7e74ddcaedfecfca9d83c19254142b/execute/async - {"script":"<script> [1562 bytes]","args":[{"selector":{"id":"application-managehandovers-display-component---AddNewHO--dueDate","interaction":{"idSuffix":"inner"}},"wdio_ui5_key":"applicationmanagehandovers-display-component---AddNewHO--dueDate"}]}
RESULT: {"script":"<script> [1562 bytes]","args":[{"selector":{"id":"application-managehandovers-display-component---AddNewHO--dueDate","interaction":{"idSuffix":"inner"}},"wdio_ui5_key":"applicationmanagehandovers-display-component---AddNewHO--dueDate"}]}
COMMAND: POST /session/db7e74ddcaedfecfca9d83c19254142b/execute/async - {"script":"<script> [6424 bytes]","args":[{"element-6066-11e4-a52e-4f735466cecf":"f.624D7720A2383BCF46C1895FE70984DD.d.3E0B05D02DDE46205835F04CCDB45202.e.30347"},"setValue",["5/26/25"]]}
RESULT: {"script":"<script> [6424 bytes]","args":[{"element-6066-11e4-a52e-4f735466cecf":"f.624D7720A2383BCF46C1895FE70984DD.d.3E0B05D02DDE46205835F04CCDB45202.e.30347"},"setValue",["5/26/25"]]}
COMMAND: POST /session/db7e74ddcaedfecfca9d83c19254142b/element - {"using":"xpath","value":"//input[@id=\"generalSectionFrg--receiveYard-inner\"]"}
RESULT: {"using":"xpath","value":"//input[@id=\"generalSectionFrg--receiveYard-inner\"]"}
COMMAND: POST /session/db7e74ddcaedfecfca9d83c19254142b/element/f.624D7720A2383BCF46C1895FE70984DD.d.3E0B05D02DDE46205835F04CCDB45202.e.30353/clear - {}
RESULT: {}
COMMAND: POST /session/db7e74ddcaedfecfca9d83c19254142b/element/f.624D7720A2383BCF46C1895FE70984DD.d.3E0B05D02DDE46205835F04CCDB45202.e.30353/value - {"text":"342"}
COMMAND: GET /session/db7e74ddcaedfecfca9d83c19254142b/screenshot - {}
RESULT: {"text":"342"}
COMMAND: GET /session/db7e74ddcaedfecfca9d83c19254142b/screenshot - {}
RESULT: {}
RESULT: {}
COMMAND: POST /session/db7e74ddcaedfecfca9d83c19254142b/element - {"using":"xpath","value":"//li[.//span[text()='342']]"}
RESULT: {"using":"xpath","value":"//li[.//span[text()='342']]"}
COMMAND: POST /session/db7e74ddcaedfecfca9d83c19254142b/element/f.624D7720A2383BCF46C1895FE70984DD.d.3E0B05D02DDE46205835F04CCDB45202.e.30369/click - {}
RESULT: {}
COMMAND: GET /session/db7e74ddcaedfecfca9d83c19254142b/screenshot - {}
RESULT: {}
RESULT: undefined
COMMAND: POST /session/db7e74ddcaedfecfca9d83c19254142b/element - {"using":"xpath","value":"//*[@id=\"application-managehandovers-display-component---AddNewHO--ObjectPageLayout-anchBar-application-managehandovers-display-component---AddNewHO--section4-anchor\"]"}
RESULT: {"using":"xpath","value":"//*[@id=\"application-managehandovers-display-component---AddNewHO--ObjectPageLayout-anchBar-application-managehandovers-display-component---AddNewHO--section4-anchor\"]"}
COMMAND: POST /session/db7e74ddcaedfecfca9d83c19254142b/element/f.624D7720A2383BCF46C1895FE70984DD.d.3E0B05D02DDE46205835F04CCDB45202.e.30370/click - {}
RESULT: {}
COMMAND: POST /session/db7e74ddcaedfecfca9d83c19254142b/element - {"using":"xpath","value":"//button[@aria-label=\"Add\"]"}
COMMAND: GET /session/db7e74ddcaedfecfca9d83c19254142b/screenshot - {}
RESULT: {"using":"xpath","value":"//button[@aria-label=\"Add\"]"}
COMMAND: POST /session/db7e74ddcaedfecfca9d83c19254142b/element/f.624D7720A2383BCF46C1895FE70984DD.d.3E0B05D02DDE46205835F04CCDB45202.e.30374/click - {}
RESULT: {}
RESULT: {}
COMMAND: GET /session/db7e74ddcaedfecfca9d83c19254142b/screenshot - {}
RESULT: {}
RESULT: undefined
COMMAND: POST /session/db7e74ddcaedfecfca9d83c19254142b/execute/async - {"script":"<script> [776 bytes]","args":[{"enterText":"400018","selector":{"id":"application-managehandovers-display-component---AddNewHO--smartFilterBar-btnBasicSearch","searchOpenDialogs":true,"interaction":{"idSuffix":"I"}},"clearTextFirst":true,"interactionType":"ENTER_TEXT"}]}
RESULT: {"script":"<script> [776 bytes]","args":[{"enterText":"400018","selector":{"id":"application-managehandovers-display-component---AddNewHO--smartFilterBar-btnBasicSearch","searchOpenDialogs":true,"interaction":{"idSuffix":"I"}},"clearTextFirst":true,"interactionType":"ENTER_TEXT"}]}
COMMAND: POST /session/db7e74ddcaedfecfca9d83c19254142b/actions - {"actions":[{"id":"action93","type":"key","parameters":{},"actions":[{"type":"keyDown","value":""},{"type":"pause","duration":10},{"type":"keyUp","value":""}]}]}
RESULT: {"actions":[{"id":"action93","type":"key","parameters":{},"actions":[{"type":"keyDown","value":""},{"type":"pause","duration":10},{"type":"keyUp","value":""}]}]}
COMMAND: GET /session/db7e74ddcaedfecfca9d83c19254142b/screenshot - {}
RESULT: undefined
COMMAND: POST /session/db7e74ddcaedfecfca9d83c19254142b/element - {"using":"xpath","value":"//*[@id=\"application-managehandovers-display-component---AddNewHO--popup-sa\"]"}
RESULT: {}
RESULT: {"using":"xpath","value":"//*[@id=\"application-managehandovers-display-component---AddNewHO--popup-sa\"]"}
COMMAND: POST /session/db7e74ddcaedfecfca9d83c19254142b/element/f.624D7720A2383BCF46C1895FE70984DD.d.3E0B05D02DDE46205835F04CCDB45202.e.30527/click - {}
RESULT: {}
COMMAND: GET /session/db7e74ddcaedfecfca9d83c19254142b/screenshot - {}
RESULT: {}
COMMAND: POST /session/db7e74ddcaedfecfca9d83c19254142b/element - {"using":"xpath","value":"//bdi[contains(text(), \"Select\")]"}
RESULT: {"using":"xpath","value":"//bdi[contains(text(), \"Select\")]"}
COMMAND: POST /session/db7e74ddcaedfecfca9d83c19254142b/element/f.624D7720A2383BCF46C1895FE70984DD.d.3E0B05D02DDE46205835F04CCDB45202.e.30529/click - {}
RESULT: {}
COMMAND: GET /session/db7e74ddcaedfecfca9d83c19254142b/screenshot - {}
RESULT: {}
COMMAND: POST /session/db7e74ddcaedfecfca9d83c19254142b/element - {"using":"xpath","value":"//button[@data-kt=\"AddNewHOSaveButton\"]"}
RESULT: {"using":"xpath","value":"//button[@data-kt=\"AddNewHOSaveButton\"]"}
COMMAND: POST /session/db7e74ddcaedfecfca9d83c19254142b/element/f.624D7720A2383BCF46C1895FE70984DD.d.3E0B05D02DDE46205835F04CCDB45202.e.30533/click - {}
RESULT: {}
COMMAND: GET /session/db7e74ddcaedfecfca9d83c19254142b/screenshot - {}
RESULT: {}
RESULT: undefined
COMMAND: POST /session/db7e74ddcaedfecfca9d83c19254142b/execute/async - {"script":"<script> [6424 bytes]","args":[{"element-6066-11e4-a52e-4f735466cecf":"f.624D7720A2383BCF46C1895FE70984DD.d.3E0B05D02DDE46205835F04CCDB45202.e.29724"},"setValue",["5/26/25"]]}
COMMAND: POST /session/db7e74ddcaedfecfca9d83c19254142b/execute/async - {"script":"<script> [1562 bytes]","args":[{"selector":{"id":"receiptDatePicker","viewName":"etm.portal.ui.managehandovers.view.DetailExecuteHO","interaction":{"idSuffix":"inner"}},"wdio_ui5_key":"receiptDatePickeretmportal.ui.managehandovers.view.DetailExecuteHO"}]}
RESULT: {"script":"<script> [1562 bytes]","args":[{"selector":{"id":"receiptDatePicker","viewName":"etm.portal.ui.managehandovers.view.DetailExecuteHO","interaction":{"idSuffix":"inner"}},"wdio_ui5_key":"receiptDatePickeretmportal.ui.managehandovers.view.DetailExecuteHO"}]}
COMMAND: POST /session/db7e74ddcaedfecfca9d83c19254142b/execute/async - {"script":"<script> [6424 bytes]","args":[{"element-6066-11e4-a52e-4f735466cecf":"f.624D7720A2383BCF46C1895FE70984DD.d.3E0B05D02DDE46205835F04CCDB45202.e.30560"},"setValue",["5/26/25"]]}
RESULT: {"script":"<script> [6424 bytes]","args":[{"element-6066-11e4-a52e-4f735466cecf":"f.624D7720A2383BCF46C1895FE70984DD.d.3E0B05D02DDE46205835F04CCDB45202.e.30560"},"setValue",["5/26/25"]]}
COMMAND: POST /session/db7e74ddcaedfecfca9d83c19254142b/element - {"using":"xpath","value":"//button[@data-kt=\"ReceivingTableConfirmAllButton\"]"}
RESULT: {"using":"xpath","value":"//button[@data-kt=\"ReceivingTableConfirmAllButton\"]"}
COMMAND: POST /session/db7e74ddcaedfecfca9d83c19254142b/element/f.624D7720A2383BCF46C1895FE70984DD.d.3E0B05D02DDE46205835F04CCDB45202.e.30575/click - {}
RESULT: {}
COMMAND: GET /session/db7e74ddcaedfecfca9d83c19254142b/screenshot - {}
RESULT: {}
COMMAND: POST /session/db7e74ddcaedfecfca9d83c19254142b/element - {"using":"xpath","value":"//bdi[contains(text(), \"OK\")]"}
RESULT: {"using":"xpath","value":"//bdi[contains(text(), \"OK\")]"}
COMMAND: POST /session/db7e74ddcaedfecfca9d83c19254142b/element/f.624D7720A2383BCF46C1895FE70984DD.d.3E0B05D02DDE46205835F04CCDB45202.e.30577/click - {}
RESULT: {}
COMMAND: GET /session/db7e74ddcaedfecfca9d83c19254142b/screenshot - {}
RESULT: {}
COMMAND: POST /session/db7e74ddcaedfecfca9d83c19254142b/element - {"using":"xpath","value":"(//bdi[contains(text(), \"Receive\")])[2]"}
RESULT: {"using":"xpath","value":"(//bdi[contains(text(), \"Receive\")])[2]"}
COMMAND: POST /session/db7e74ddcaedfecfca9d83c19254142b/element/f.624D7720A2383BCF46C1895FE70984DD.d.3E0B05D02DDE46205835F04CCDB45202.e.30579/click - {}
RESULT: {}
COMMAND: GET /session/db7e74ddcaedfecfca9d83c19254142b/screenshot - {}
RESULT: {}
COMMAND: POST /session/db7e74ddcaedfecfca9d83c19254142b/element - {"using":"css selector","value":"#shell-header-logo"}
RESULT: {"using":"css selector","value":"#shell-header-logo"}
COMMAND: POST /session/db7e74ddcaedfecfca9d83c19254142b/element/f.624D7720A2383BCF46C1895FE70984DD.d.3E0B05D02DDE46205835F04CCDB45202.e.29920/click - {}
RESULT: {}
COMMAND: GET /session/db7e74ddcaedfecfca9d83c19254142b/screenshot - {}
RESULT: {}
]]></system-out>
    </testcase>
    <testcase classname="chrome.136_0_7103_93.windows.Transfer_Yard_to_Yard_US131076" name="Should create a yard to yard transfer handover" time="161.716">
      <failure/>
      <error message="Can't call click on element with selector &quot;//button[@data-kt=&quot;IssuingTableConfirmAllButton&quot;]&quot; because element wasn't found"/>
      <system-out><![CDATA[
RESULT: undefined
COMMAND: POST /session/db7e74ddcaedfecfca9d83c19254142b/element - {"using":"xpath","value":"//*[@id=\"__tile133\"]"}
RESULT: {"using":"xpath","value":"//*[@id=\"__tile133\"]"}
COMMAND: POST /session/db7e74ddcaedfecfca9d83c19254142b/element/f.624D7720A2383BCF46C1895FE70984DD.d.3E0B05D02DDE46205835F04CCDB45202.e.26992/click - {}
RESULT: {}
COMMAND: GET /session/db7e74ddcaedfecfca9d83c19254142b/screenshot - {}
COMMAND: POST /session/db7e74ddcaedfecfca9d83c19254142b/elements - {"using":"xpath","value":"//span[text()='Error']"}
RESULT: {}
RESULT: {"using":"xpath","value":"//span[text()='Error']"}
COMMAND: POST /session/db7e74ddcaedfecfca9d83c19254142b/element - {"using":"xpath","value":"//button[@data-kt=\"masterHOAddButton\"]"}
RESULT: {"using":"xpath","value":"//button[@data-kt=\"masterHOAddButton\"]"}
COMMAND: POST /session/db7e74ddcaedfecfca9d83c19254142b/elements - {"using":"xpath","value":"//button[@data-kt=\"masterHOAddButton\"]"}
RESULT: {"using":"xpath","value":"//button[@data-kt=\"masterHOAddButton\"]"}
COMMAND: POST /session/db7e74ddcaedfecfca9d83c19254142b/execute/sync - {"script":"<script> [8489 bytes]","args":[{"element-6066-11e4-a52e-4f735466cecf":"f.624D7720A2383BCF46C1895FE70984DD.d.3E0B05D02DDE46205835F04CCDB45202.e.30910","ELEMENT":"f.624D7720A2383BCF46C1895FE70984DD.d.3E0B05D02DDE46205835F04CCDB45202.e.30910"}]}
RESULT: {"script":"<script> [8489 bytes]","args":[{"element-6066-11e4-a52e-4f735466cecf":"f.624D7720A2383BCF46C1895FE70984DD.d.3E0B05D02DDE46205835F04CCDB45202.e.30910","ELEMENT":"f.624D7720A2383BCF46C1895FE70984DD.d.3E0B05D02DDE46205835F04CCDB45202.e.30910"}]}
COMMAND: GET /session/db7e74ddcaedfecfca9d83c19254142b/element/f.624D7720A2383BCF46C1895FE70984DD.d.3E0B05D02DDE46205835F04CCDB45202.e.30910/enabled - {}
COMMAND: GET /session/db7e74ddcaedfecfca9d83c19254142b/screenshot - {}
RESULT: {}
COMMAND: POST /session/db7e74ddcaedfecfca9d83c19254142b/execute/sync - {"script":"<script> [8489 bytes]","args":[{"element-6066-11e4-a52e-4f735466cecf":"f.624D7720A2383BCF46C1895FE70984DD.d.3E0B05D02DDE46205835F04CCDB45202.e.30910","ELEMENT":"f.624D7720A2383BCF46C1895FE70984DD.d.3E0B05D02DDE46205835F04CCDB45202.e.30910"}]}
COMMAND: GET /session/db7e74ddcaedfecfca9d83c19254142b/screenshot - {}
RESULT: {}
RESULT: {"script":"<script> [8489 bytes]","args":[{"element-6066-11e4-a52e-4f735466cecf":"f.624D7720A2383BCF46C1895FE70984DD.d.3E0B05D02DDE46205835F04CCDB45202.e.30910","ELEMENT":"f.624D7720A2383BCF46C1895FE70984DD.d.3E0B05D02DDE46205835F04CCDB45202.e.30910"}]}
COMMAND: POST /session/db7e74ddcaedfecfca9d83c19254142b/execute/sync - {"script":"<script> [5351 bytes]","args":[{"element-6066-11e4-a52e-4f735466cecf":"f.624D7720A2383BCF46C1895FE70984DD.d.3E0B05D02DDE46205835F04CCDB45202.e.30910","ELEMENT":"f.624D7720A2383BCF46C1895FE70984DD.d.3E0B05D02DDE46205835F04CCDB45202.e.30910"}]}
RESULT: {"script":"<script> [5351 bytes]","args":[{"element-6066-11e4-a52e-4f735466cecf":"f.624D7720A2383BCF46C1895FE70984DD.d.3E0B05D02DDE46205835F04CCDB45202.e.30910","ELEMENT":"f.624D7720A2383BCF46C1895FE70984DD.d.3E0B05D02DDE46205835F04CCDB45202.e.30910"}]}
COMMAND: POST /session/db7e74ddcaedfecfca9d83c19254142b/element/f.624D7720A2383BCF46C1895FE70984DD.d.3E0B05D02DDE46205835F04CCDB45202.e.30910/click - {}
RESULT: {}
COMMAND: GET /session/db7e74ddcaedfecfca9d83c19254142b/screenshot - {}
COMMAND: GET /session/db7e74ddcaedfecfca9d83c19254142b/screenshot - {}
RESULT: {}
COMMAND: GET /session/db7e74ddcaedfecfca9d83c19254142b/screenshot - {}
RESULT: {}
RESULT: {}
RESULT: {}
COMMAND: POST /session/db7e74ddcaedfecfca9d83c19254142b/element - {"using":"xpath","value":"//span[contains(@id ,\"AddNewHO--typeSelect-arrow\")]"}
RESULT: {"using":"xpath","value":"//span[contains(@id ,\"AddNewHO--typeSelect-arrow\")]"}
COMMAND: POST /session/db7e74ddcaedfecfca9d83c19254142b/element/f.624D7720A2383BCF46C1895FE70984DD.d.3E0B05D02DDE46205835F04CCDB45202.e.31310/click - {}
RESULT: {}
COMMAND: GET /session/db7e74ddcaedfecfca9d83c19254142b/screenshot - {}
RESULT: {}
COMMAND: POST /session/db7e74ddcaedfecfca9d83c19254142b/element - {"using":"xpath","value":"(//li[contains(text(), \"transfer\")])[1]"}
RESULT: {"using":"xpath","value":"(//li[contains(text(), \"transfer\")])[1]"}
COMMAND: POST /session/db7e74ddcaedfecfca9d83c19254142b/element/f.624D7720A2383BCF46C1895FE70984DD.d.3E0B05D02DDE46205835F04CCDB45202.e.31311/click - {}
RESULT: {}
COMMAND: GET /session/db7e74ddcaedfecfca9d83c19254142b/screenshot - {}
RESULT: {}
RESULT: undefined
COMMAND: POST /session/db7e74ddcaedfecfca9d83c19254142b/execute/async - {"script":"<script> [6424 bytes]","args":[{"element-6066-11e4-a52e-4f735466cecf":"f.624D7720A2383BCF46C1895FE70984DD.d.3E0B05D02DDE46205835F04CCDB45202.e.29510"},"setValue",["05/26/25"]]}
COMMAND: POST /session/db7e74ddcaedfecfca9d83c19254142b/execute/async - {"script":"<script> [1562 bytes]","args":[{"selector":{"id":"application-managehandovers-display-component---AddNewHO--dueDate","interaction":{"idSuffix":"inner"}},"wdio_ui5_key":"applicationmanagehandovers-display-component---AddNewHO--dueDate"}]}
RESULT: {"script":"<script> [1562 bytes]","args":[{"selector":{"id":"application-managehandovers-display-component---AddNewHO--dueDate","interaction":{"idSuffix":"inner"}},"wdio_ui5_key":"applicationmanagehandovers-display-component---AddNewHO--dueDate"}]}
COMMAND: POST /session/db7e74ddcaedfecfca9d83c19254142b/execute/async - {"script":"<script> [6424 bytes]","args":[{"element-6066-11e4-a52e-4f735466cecf":"f.624D7720A2383BCF46C1895FE70984DD.d.3E0B05D02DDE46205835F04CCDB45202.e.31315"},"setValue",["05/26/25"]]}
RESULT: {"script":"<script> [6424 bytes]","args":[{"element-6066-11e4-a52e-4f735466cecf":"f.624D7720A2383BCF46C1895FE70984DD.d.3E0B05D02DDE46205835F04CCDB45202.e.31315"},"setValue",["05/26/25"]]}
COMMAND: POST /session/db7e74ddcaedfecfca9d83c19254142b/element - {"using":"xpath","value":"//input[@id=\"generalSectionFrg--sendYard-inner\"]"}
RESULT: {"using":"xpath","value":"//input[@id=\"generalSectionFrg--sendYard-inner\"]"}
COMMAND: POST /session/db7e74ddcaedfecfca9d83c19254142b/element/f.624D7720A2383BCF46C1895FE70984DD.d.3E0B05D02DDE46205835F04CCDB45202.e.31321/clear - {}
RESULT: {}
COMMAND: POST /session/db7e74ddcaedfecfca9d83c19254142b/element/f.624D7720A2383BCF46C1895FE70984DD.d.3E0B05D02DDE46205835F04CCDB45202.e.31321/value - {"text":"342"}
COMMAND: GET /session/db7e74ddcaedfecfca9d83c19254142b/screenshot - {}
RESULT: {"text":"342"}
COMMAND: GET /session/db7e74ddcaedfecfca9d83c19254142b/screenshot - {}
RESULT: {}
RESULT: {}
COMMAND: POST /session/db7e74ddcaedfecfca9d83c19254142b/element - {"using":"xpath","value":"//li[.//span[text()='342']]"}
RESULT: {"using":"xpath","value":"//li[.//span[text()='342']]"}
COMMAND: POST /session/db7e74ddcaedfecfca9d83c19254142b/element/f.624D7720A2383BCF46C1895FE70984DD.d.3E0B05D02DDE46205835F04CCDB45202.e.31339/click - {}
RESULT: {}
COMMAND: GET /session/db7e74ddcaedfecfca9d83c19254142b/screenshot - {}
RESULT: {}
COMMAND: POST /session/db7e74ddcaedfecfca9d83c19254142b/element - {"using":"xpath","value":"//input[@id=\"generalSectionFrg--receiveYard-inner\"]"}
RESULT: {"using":"xpath","value":"//input[@id=\"generalSectionFrg--receiveYard-inner\"]"}
COMMAND: POST /session/db7e74ddcaedfecfca9d83c19254142b/element/f.624D7720A2383BCF46C1895FE70984DD.d.3E0B05D02DDE46205835F04CCDB45202.e.31322/clear - {}
RESULT: {}
COMMAND: POST /session/db7e74ddcaedfecfca9d83c19254142b/element/f.624D7720A2383BCF46C1895FE70984DD.d.3E0B05D02DDE46205835F04CCDB45202.e.31322/value - {"text":"347"}
COMMAND: GET /session/db7e74ddcaedfecfca9d83c19254142b/screenshot - {}
RESULT: {"text":"347"}
COMMAND: GET /session/db7e74ddcaedfecfca9d83c19254142b/screenshot - {}
RESULT: {}
RESULT: {}
COMMAND: POST /session/db7e74ddcaedfecfca9d83c19254142b/element - {"using":"xpath","value":"//li[.//span[text()='347']]"}
RESULT: {"using":"xpath","value":"//li[.//span[text()='347']]"}
COMMAND: POST /session/db7e74ddcaedfecfca9d83c19254142b/element/f.624D7720A2383BCF46C1895FE70984DD.d.3E0B05D02DDE46205835F04CCDB45202.e.31341/click - {}
RESULT: {}
COMMAND: GET /session/db7e74ddcaedfecfca9d83c19254142b/screenshot - {}
RESULT: {}
RESULT: undefined
COMMAND: POST /session/db7e74ddcaedfecfca9d83c19254142b/element - {"using":"xpath","value":"//*[@id=\"application-managehandovers-display-component---AddNewHO--ObjectPageLayout-anchBar-application-managehandovers-display-component---AddNewHO--section4-anchor\"]"}
RESULT: {"using":"xpath","value":"//*[@id=\"application-managehandovers-display-component---AddNewHO--ObjectPageLayout-anchBar-application-managehandovers-display-component---AddNewHO--section4-anchor\"]"}
COMMAND: POST /session/db7e74ddcaedfecfca9d83c19254142b/element/f.624D7720A2383BCF46C1895FE70984DD.d.3E0B05D02DDE46205835F04CCDB45202.e.31342/click - {}
RESULT: {}
COMMAND: GET /session/db7e74ddcaedfecfca9d83c19254142b/screenshot - {}
RESULT: {}
COMMAND: POST /session/db7e74ddcaedfecfca9d83c19254142b/element - {"using":"xpath","value":"//button[@data-kt=\"AddNewHOProvideAddItemsButton\"]"}
RESULT: {"using":"xpath","value":"//button[@data-kt=\"AddNewHOProvideAddItemsButton\"]"}
COMMAND: POST /session/db7e74ddcaedfecfca9d83c19254142b/element/f.624D7720A2383BCF46C1895FE70984DD.d.3E0B05D02DDE46205835F04CCDB45202.e.31346/click - {}
RESULT: {}
COMMAND: GET /session/db7e74ddcaedfecfca9d83c19254142b/screenshot - {}
RESULT: {}
COMMAND: POST /session/db7e74ddcaedfecfca9d83c19254142b/element - {"using":"xpath","value":"//div[contains(@id,\"AddNewHO--TransferHOTypesRuDialogTable-sa-CbBg\")]"}
RESULT: {"using":"xpath","value":"//div[contains(@id,\"AddNewHO--TransferHOTypesRuDialogTable-sa-CbBg\")]"}
COMMAND: POST /session/db7e74ddcaedfecfca9d83c19254142b/element/f.624D7720A2383BCF46C1895FE70984DD.d.3E0B05D02DDE46205835F04CCDB45202.e.31364/click - {}
RESULT: {}
COMMAND: GET /session/db7e74ddcaedfecfca9d83c19254142b/screenshot - {}
RESULT: {}
COMMAND: POST /session/db7e74ddcaedfecfca9d83c19254142b/element - {"using":"xpath","value":"//table[contains(@id,\"AddNewHO--TransferHOTypesRuDialogTable-listUl\")]/tbody/tr[1]/td[6]/div/div/input"}
RESULT: {"using":"xpath","value":"//table[contains(@id,\"AddNewHO--TransferHOTypesRuDialogTable-listUl\")]/tbody/tr[1]/td[6]/div/div/input"}
COMMAND: POST /session/db7e74ddcaedfecfca9d83c19254142b/element/f.624D7720A2383BCF46C1895FE70984DD.d.3E0B05D02DDE46205835F04CCDB45202.e.31356/clear - {}
RESULT: {}
COMMAND: POST /session/db7e74ddcaedfecfca9d83c19254142b/element/f.624D7720A2383BCF46C1895FE70984DD.d.3E0B05D02DDE46205835F04CCDB45202.e.31356/value - {"text":"1"}
COMMAND: GET /session/db7e74ddcaedfecfca9d83c19254142b/screenshot - {}
RESULT: {"text":"1"}
COMMAND: GET /session/db7e74ddcaedfecfca9d83c19254142b/screenshot - {}
RESULT: {}
RESULT: {}
COMMAND: POST /session/db7e74ddcaedfecfca9d83c19254142b/element - {"using":"xpath","value":"//bdi[contains(text(), \"OK\")]"}
RESULT: {"using":"xpath","value":"//bdi[contains(text(), \"OK\")]"}
COMMAND: POST /session/db7e74ddcaedfecfca9d83c19254142b/element/f.624D7720A2383BCF46C1895FE70984DD.d.3E0B05D02DDE46205835F04CCDB45202.e.31368/click - {}
RESULT: {}
COMMAND: GET /session/db7e74ddcaedfecfca9d83c19254142b/screenshot - {}
RESULT: {}
COMMAND: POST /session/db7e74ddcaedfecfca9d83c19254142b/execute/async - {"script":"<script> [1562 bytes]","args":[{"selector":{"id":"application-managehandovers-display-component---AddNewHO--confirmCreationButton","interaction":{"idSuffix":"BDI-content"}},"wdio_ui5_key":"applicationmanagehandovers-display-component---AddNewHO--confirmCreationButton"}]}
RESULT: {"script":"<script> [1562 bytes]","args":[{"selector":{"id":"application-managehandovers-display-component---AddNewHO--confirmCreationButton","interaction":{"idSuffix":"BDI-content"}},"wdio_ui5_key":"applicationmanagehandovers-display-component---AddNewHO--confirmCreationButton"}]}
RESULT: undefined
COMMAND: POST /session/db7e74ddcaedfecfca9d83c19254142b/element - {"using":"xpath","value":"//*[@id=\"application-managehandovers-display-component---AddNewHO--confirmCreationButton\"]"}
RESULT: {"using":"xpath","value":"//*[@id=\"application-managehandovers-display-component---AddNewHO--confirmCreationButton\"]"}
COMMAND: POST /session/db7e74ddcaedfecfca9d83c19254142b/element/f.624D7720A2383BCF46C1895FE70984DD.d.3E0B05D02DDE46205835F04CCDB45202.e.31384/click - {}
RESULT: {}
COMMAND: GET /session/db7e74ddcaedfecfca9d83c19254142b/screenshot - {}
RESULT: {}
COMMAND: POST /session/db7e74ddcaedfecfca9d83c19254142b/element - {"using":"xpath","value":"(//section[contains(@id,\"headerContentForm--FC-NoHead\")])[2]/div[1]/div[5]/div[2]/div/span"}
RESULT: {"using":"xpath","value":"(//section[contains(@id,\"headerContentForm--FC-NoHead\")])[2]/div[1]/div[5]/div[2]/div/span"}
COMMAND: POST /session/db7e74ddcaedfecfca9d83c19254142b/execute/sync - {"script":"<script> [56 bytes]","args":[{"element-6066-11e4-a52e-4f735466cecf":"f.624D7720A2383BCF46C1895FE70984DD.d.3E0B05D02DDE46205835F04CCDB45202.e.31452","ELEMENT":"f.624D7720A2383BCF46C1895FE70984DD.d.3E0B05D02DDE46205835F04CCDB45202.e.31452"}]}
RESULT: {"script":"<script> [56 bytes]","args":[{"element-6066-11e4-a52e-4f735466cecf":"f.624D7720A2383BCF46C1895FE70984DD.d.3E0B05D02DDE46205835F04CCDB45202.e.31452","ELEMENT":"f.624D7720A2383BCF46C1895FE70984DD.d.3E0B05D02DDE46205835F04CCDB45202.e.31452"}]}
COMMAND: POST /session/db7e74ddcaedfecfca9d83c19254142b/execute/async - {"script":"<script> [1562 bytes]","args":[{"selector":{"id":"issueDatePicker","viewName":"etm.portal.ui.managehandovers.view.DetailExecuteHO","interaction":{"idSuffix":"inner"}},"wdio_ui5_key":"issueDatePickeretmportal.ui.managehandovers.view.DetailExecuteHO"}]}
COMMAND: GET /session/db7e74ddcaedfecfca9d83c19254142b/screenshot - {}
RESULT: {"script":"<script> [1562 bytes]","args":[{"selector":{"id":"issueDatePicker","viewName":"etm.portal.ui.managehandovers.view.DetailExecuteHO","interaction":{"idSuffix":"inner"}},"wdio_ui5_key":"issueDatePickeretmportal.ui.managehandovers.view.DetailExecuteHO"}]}
RESULT: undefined
COMMAND: POST /session/db7e74ddcaedfecfca9d83c19254142b/execute/async - {"script":"<script> [776 bytes]","args":[{"enterText":"05/26/25","selector":{"id":"issueDatePicker","viewName":"etm.portal.ui.managehandovers.view.DetailExecuteHO","interaction":{"idSuffix":"inner"}},"clearTextFirst":true,"interactionType":"ENTER_TEXT"}]}
RESULT: {}
RESULT: {"script":"<script> [776 bytes]","args":[{"enterText":"05/26/25","selector":{"id":"issueDatePicker","viewName":"etm.portal.ui.managehandovers.view.DetailExecuteHO","interaction":{"idSuffix":"inner"}},"clearTextFirst":true,"interactionType":"ENTER_TEXT"}]}
COMMAND: POST /session/db7e74ddcaedfecfca9d83c19254142b/element - {"using":"xpath","value":"//bdi[contains(text(), \"OK\")]"}
RESULT: {"using":"xpath","value":"//bdi[contains(text(), \"OK\")]"}
COMMAND: POST /session/db7e74ddcaedfecfca9d83c19254142b/element/f.624D7720A2383BCF46C1895FE70984DD.d.3E0B05D02DDE46205835F04CCDB45202.e.31456/click - {}
RESULT: {}
COMMAND: GET /session/db7e74ddcaedfecfca9d83c19254142b/screenshot - {}
RESULT: {}
COMMAND: POST /session/db7e74ddcaedfecfca9d83c19254142b/execute/async - {"script":"<script> [1562 bytes]","args":[{"selector":{"controlType":"sap.m.Button","viewName":"etm.portal.ui.managehandovers.view.DetailExecuteHO","i18NText":{"propertyName":"text","key":"pickQty"},"interaction":{"idSuffix":"content"}},"wdio_ui5_key":"etmportal.ui.managehandovers.view.DetailExecuteHOsap.m.Button{\"propertyName\":\"text\",\"key\":\"pickQty\"}"}]}
RESULT: {"script":"<script> [1562 bytes]","args":[{"selector":{"controlType":"sap.m.Button","viewName":"etm.portal.ui.managehandovers.view.DetailExecuteHO","i18NText":{"propertyName":"text","key":"pickQty"},"interaction":{"idSuffix":"content"}},"wdio_ui5_key":"etmportal.ui.managehandovers.view.DetailExecuteHOsap.m.Button{\"propertyName\":\"text\",\"key\":\"pickQty\"}"}]}
RESULT: undefined
COMMAND: POST /session/db7e74ddcaedfecfca9d83c19254142b/element - {"using":"xpath","value":"//*[@id=\"__button433\"]"}
RESULT: {"using":"xpath","value":"//*[@id=\"__button433\"]"}
COMMAND: POST /session/db7e74ddcaedfecfca9d83c19254142b/element/f.624D7720A2383BCF46C1895FE70984DD.d.3E0B05D02DDE46205835F04CCDB45202.e.31464/click - {}
RESULT: {}
COMMAND: GET /session/db7e74ddcaedfecfca9d83c19254142b/screenshot - {}
RESULT: {}
COMMAND: POST /session/db7e74ddcaedfecfca9d83c19254142b/execute/async - {"script":"<script> [1562 bytes]","args":[{"selector":{"controlType":"sap.m.NumericInput","viewName":"etm.portal.ui.managehandovers.view.DetailExecuteHO","properties":{"value":"0"},"searchOpenDialogs":true,"interaction":{"idSuffix":"inner"}},"wdio_ui5_key":"etmportal.ui.managehandovers.view.DetailExecuteHOsap.m.NumericInput{\"value\":\"0\"}"}]}
RESULT: {"script":"<script> [1562 bytes]","args":[{"selector":{"controlType":"sap.m.NumericInput","viewName":"etm.portal.ui.managehandovers.view.DetailExecuteHO","properties":{"value":"0"},"searchOpenDialogs":true,"interaction":{"idSuffix":"inner"}},"wdio_ui5_key":"etmportal.ui.managehandovers.view.DetailExecuteHOsap.m.NumericInput{\"value\":\"0\"}"}]}
RESULT: undefined
COMMAND: POST /session/db7e74ddcaedfecfca9d83c19254142b/execute/async - {"script":"<script> [1562 bytes]","args":[{"selector":{"id":"statesDialog--okBttnStatesDialog","searchOpenDialogs":true,"interaction":{"idSuffix":"BDI-content"}},"wdio_ui5_key":"statesDialogokBttnStatesDialog"}]}
RESULT: {"script":"<script> [1562 bytes]","args":[{"selector":{"id":"statesDialog--okBttnStatesDialog","searchOpenDialogs":true,"interaction":{"idSuffix":"BDI-content"}},"wdio_ui5_key":"statesDialogokBttnStatesDialog"}]}
RESULT: undefined
COMMAND: POST /session/db7e74ddcaedfecfca9d83c19254142b/element - {"using":"xpath","value":"//*[@id=\"statesDialog--okBttnStatesDialog\"]"}
RESULT: {"using":"xpath","value":"//*[@id=\"statesDialog--okBttnStatesDialog\"]"}
COMMAND: POST /session/db7e74ddcaedfecfca9d83c19254142b/element/f.624D7720A2383BCF46C1895FE70984DD.d.3E0B05D02DDE46205835F04CCDB45202.e.31471/click - {}
RESULT: {}
COMMAND: GET /session/db7e74ddcaedfecfca9d83c19254142b/screenshot - {}
RESULT: {}
COMMAND: POST /session/db7e74ddcaedfecfca9d83c19254142b/element - {"using":"xpath","value":"//button[@data-kt=\"IssuingTableConfirmAllButton\"]"}
RESULT: {"using":"xpath","value":"//button[@data-kt=\"IssuingTableConfirmAllButton\"]"}
COMMAND: POST /session/db7e74ddcaedfecfca9d83c19254142b/elements - {"using":"xpath","value":"//button[@data-kt=\"IssuingTableConfirmAllButton\"]"}
RESULT: {"using":"xpath","value":"//button[@data-kt=\"IssuingTableConfirmAllButton\"]"}
COMMAND: POST /session/db7e74ddcaedfecfca9d83c19254142b/elements - {"using":"xpath","value":"//button[@data-kt=\"IssuingTableConfirmAllButton\"]"}
RESULT: {"using":"xpath","value":"//button[@data-kt=\"IssuingTableConfirmAllButton\"]"}
COMMAND: POST /session/db7e74ddcaedfecfca9d83c19254142b/elements - {"using":"xpath","value":"//button[@data-kt=\"IssuingTableConfirmAllButton\"]"}
RESULT: {"using":"xpath","value":"//button[@data-kt=\"IssuingTableConfirmAllButton\"]"}
COMMAND: POST /session/db7e74ddcaedfecfca9d83c19254142b/elements - {"using":"xpath","value":"//button[@data-kt=\"IssuingTableConfirmAllButton\"]"}
RESULT: {"using":"xpath","value":"//button[@data-kt=\"IssuingTableConfirmAllButton\"]"}
COMMAND: POST /session/db7e74ddcaedfecfca9d83c19254142b/elements - {"using":"xpath","value":"//button[@data-kt=\"IssuingTableConfirmAllButton\"]"}
RESULT: {"using":"xpath","value":"//button[@data-kt=\"IssuingTableConfirmAllButton\"]"}
COMMAND: POST /session/db7e74ddcaedfecfca9d83c19254142b/elements - {"using":"xpath","value":"//button[@data-kt=\"IssuingTableConfirmAllButton\"]"}
RESULT: {"using":"xpath","value":"//button[@data-kt=\"IssuingTableConfirmAllButton\"]"}
COMMAND: POST /session/db7e74ddcaedfecfca9d83c19254142b/elements - {"using":"xpath","value":"//button[@data-kt=\"IssuingTableConfirmAllButton\"]"}
RESULT: {"using":"xpath","value":"//button[@data-kt=\"IssuingTableConfirmAllButton\"]"}
COMMAND: POST /session/db7e74ddcaedfecfca9d83c19254142b/elements - {"using":"xpath","value":"//button[@data-kt=\"IssuingTableConfirmAllButton\"]"}
RESULT: {"using":"xpath","value":"//button[@data-kt=\"IssuingTableConfirmAllButton\"]"}
COMMAND: POST /session/db7e74ddcaedfecfca9d83c19254142b/elements - {"using":"xpath","value":"//button[@data-kt=\"IssuingTableConfirmAllButton\"]"}
RESULT: {"using":"xpath","value":"//button[@data-kt=\"IssuingTableConfirmAllButton\"]"}
COMMAND: POST /session/db7e74ddcaedfecfca9d83c19254142b/elements - {"using":"xpath","value":"//button[@data-kt=\"IssuingTableConfirmAllButton\"]"}
RESULT: {"using":"xpath","value":"//button[@data-kt=\"IssuingTableConfirmAllButton\"]"}
COMMAND: POST /session/db7e74ddcaedfecfca9d83c19254142b/elements - {"using":"xpath","value":"//button[@data-kt=\"IssuingTableConfirmAllButton\"]"}
RESULT: {"using":"xpath","value":"//button[@data-kt=\"IssuingTableConfirmAllButton\"]"}
COMMAND: POST /session/db7e74ddcaedfecfca9d83c19254142b/elements - {"using":"xpath","value":"//button[@data-kt=\"IssuingTableConfirmAllButton\"]"}
RESULT: {"using":"xpath","value":"//button[@data-kt=\"IssuingTableConfirmAllButton\"]"}
COMMAND: POST /session/db7e74ddcaedfecfca9d83c19254142b/elements - {"using":"xpath","value":"//button[@data-kt=\"IssuingTableConfirmAllButton\"]"}
RESULT: {"using":"xpath","value":"//button[@data-kt=\"IssuingTableConfirmAllButton\"]"}
COMMAND: POST /session/db7e74ddcaedfecfca9d83c19254142b/elements - {"using":"xpath","value":"//button[@data-kt=\"IssuingTableConfirmAllButton\"]"}
RESULT: {"using":"xpath","value":"//button[@data-kt=\"IssuingTableConfirmAllButton\"]"}
COMMAND: POST /session/db7e74ddcaedfecfca9d83c19254142b/elements - {"using":"xpath","value":"//button[@data-kt=\"IssuingTableConfirmAllButton\"]"}
RESULT: {"using":"xpath","value":"//button[@data-kt=\"IssuingTableConfirmAllButton\"]"}
COMMAND: POST /session/db7e74ddcaedfecfca9d83c19254142b/elements - {"using":"xpath","value":"//button[@data-kt=\"IssuingTableConfirmAllButton\"]"}
RESULT: {"using":"xpath","value":"//button[@data-kt=\"IssuingTableConfirmAllButton\"]"}
COMMAND: POST /session/db7e74ddcaedfecfca9d83c19254142b/elements - {"using":"xpath","value":"//button[@data-kt=\"IssuingTableConfirmAllButton\"]"}
RESULT: {"using":"xpath","value":"//button[@data-kt=\"IssuingTableConfirmAllButton\"]"}
COMMAND: POST /session/db7e74ddcaedfecfca9d83c19254142b/elements - {"using":"xpath","value":"//button[@data-kt=\"IssuingTableConfirmAllButton\"]"}
RESULT: {"using":"xpath","value":"//button[@data-kt=\"IssuingTableConfirmAllButton\"]"}
COMMAND: POST /session/db7e74ddcaedfecfca9d83c19254142b/elements - {"using":"xpath","value":"//button[@data-kt=\"IssuingTableConfirmAllButton\"]"}
RESULT: {"using":"xpath","value":"//button[@data-kt=\"IssuingTableConfirmAllButton\"]"}
COMMAND: POST /session/db7e74ddcaedfecfca9d83c19254142b/elements - {"using":"xpath","value":"//button[@data-kt=\"IssuingTableConfirmAllButton\"]"}
RESULT: {"using":"xpath","value":"//button[@data-kt=\"IssuingTableConfirmAllButton\"]"}
COMMAND: POST /session/db7e74ddcaedfecfca9d83c19254142b/elements - {"using":"xpath","value":"//button[@data-kt=\"IssuingTableConfirmAllButton\"]"}
RESULT: {"using":"xpath","value":"//button[@data-kt=\"IssuingTableConfirmAllButton\"]"}
COMMAND: POST /session/db7e74ddcaedfecfca9d83c19254142b/elements - {"using":"xpath","value":"//button[@data-kt=\"IssuingTableConfirmAllButton\"]"}
RESULT: {"using":"xpath","value":"//button[@data-kt=\"IssuingTableConfirmAllButton\"]"}
COMMAND: POST /session/db7e74ddcaedfecfca9d83c19254142b/elements - {"using":"xpath","value":"//button[@data-kt=\"IssuingTableConfirmAllButton\"]"}
RESULT: {"using":"xpath","value":"//button[@data-kt=\"IssuingTableConfirmAllButton\"]"}
COMMAND: POST /session/db7e74ddcaedfecfca9d83c19254142b/elements - {"using":"xpath","value":"//button[@data-kt=\"IssuingTableConfirmAllButton\"]"}
RESULT: {"using":"xpath","value":"//button[@data-kt=\"IssuingTableConfirmAllButton\"]"}
COMMAND: POST /session/db7e74ddcaedfecfca9d83c19254142b/elements - {"using":"xpath","value":"//button[@data-kt=\"IssuingTableConfirmAllButton\"]"}
RESULT: {"using":"xpath","value":"//button[@data-kt=\"IssuingTableConfirmAllButton\"]"}
COMMAND: POST /session/db7e74ddcaedfecfca9d83c19254142b/elements - {"using":"xpath","value":"//button[@data-kt=\"IssuingTableConfirmAllButton\"]"}
RESULT: {"using":"xpath","value":"//button[@data-kt=\"IssuingTableConfirmAllButton\"]"}
COMMAND: POST /session/db7e74ddcaedfecfca9d83c19254142b/elements - {"using":"xpath","value":"//button[@data-kt=\"IssuingTableConfirmAllButton\"]"}
RESULT: {"using":"xpath","value":"//button[@data-kt=\"IssuingTableConfirmAllButton\"]"}
COMMAND: POST /session/db7e74ddcaedfecfca9d83c19254142b/elements - {"using":"xpath","value":"//button[@data-kt=\"IssuingTableConfirmAllButton\"]"}
RESULT: {"using":"xpath","value":"//button[@data-kt=\"IssuingTableConfirmAllButton\"]"}
COMMAND: POST /session/db7e74ddcaedfecfca9d83c19254142b/elements - {"using":"xpath","value":"//button[@data-kt=\"IssuingTableConfirmAllButton\"]"}
RESULT: {"using":"xpath","value":"//button[@data-kt=\"IssuingTableConfirmAllButton\"]"}
COMMAND: POST /session/db7e74ddcaedfecfca9d83c19254142b/elements - {"using":"xpath","value":"//button[@data-kt=\"IssuingTableConfirmAllButton\"]"}
RESULT: {"using":"xpath","value":"//button[@data-kt=\"IssuingTableConfirmAllButton\"]"}
COMMAND: POST /session/db7e74ddcaedfecfca9d83c19254142b/elements - {"using":"xpath","value":"//button[@data-kt=\"IssuingTableConfirmAllButton\"]"}
RESULT: {"using":"xpath","value":"//button[@data-kt=\"IssuingTableConfirmAllButton\"]"}
COMMAND: POST /session/db7e74ddcaedfecfca9d83c19254142b/elements - {"using":"xpath","value":"//button[@data-kt=\"IssuingTableConfirmAllButton\"]"}
RESULT: {"using":"xpath","value":"//button[@data-kt=\"IssuingTableConfirmAllButton\"]"}
COMMAND: POST /session/db7e74ddcaedfecfca9d83c19254142b/elements - {"using":"xpath","value":"//button[@data-kt=\"IssuingTableConfirmAllButton\"]"}
RESULT: {"using":"xpath","value":"//button[@data-kt=\"IssuingTableConfirmAllButton\"]"}
COMMAND: POST /session/db7e74ddcaedfecfca9d83c19254142b/elements - {"using":"xpath","value":"//button[@data-kt=\"IssuingTableConfirmAllButton\"]"}
RESULT: {"using":"xpath","value":"//button[@data-kt=\"IssuingTableConfirmAllButton\"]"}
COMMAND: POST /session/db7e74ddcaedfecfca9d83c19254142b/elements - {"using":"xpath","value":"//button[@data-kt=\"IssuingTableConfirmAllButton\"]"}
RESULT: {"using":"xpath","value":"//button[@data-kt=\"IssuingTableConfirmAllButton\"]"}
COMMAND: POST /session/db7e74ddcaedfecfca9d83c19254142b/elements - {"using":"xpath","value":"//button[@data-kt=\"IssuingTableConfirmAllButton\"]"}
RESULT: {"using":"xpath","value":"//button[@data-kt=\"IssuingTableConfirmAllButton\"]"}
COMMAND: POST /session/db7e74ddcaedfecfca9d83c19254142b/elements - {"using":"xpath","value":"//button[@data-kt=\"IssuingTableConfirmAllButton\"]"}
RESULT: {"using":"xpath","value":"//button[@data-kt=\"IssuingTableConfirmAllButton\"]"}
COMMAND: POST /session/db7e74ddcaedfecfca9d83c19254142b/elements - {"using":"xpath","value":"//button[@data-kt=\"IssuingTableConfirmAllButton\"]"}
RESULT: {"using":"xpath","value":"//button[@data-kt=\"IssuingTableConfirmAllButton\"]"}
COMMAND: POST /session/db7e74ddcaedfecfca9d83c19254142b/elements - {"using":"xpath","value":"//button[@data-kt=\"IssuingTableConfirmAllButton\"]"}
RESULT: {"using":"xpath","value":"//button[@data-kt=\"IssuingTableConfirmAllButton\"]"}
COMMAND: POST /session/db7e74ddcaedfecfca9d83c19254142b/elements - {"using":"xpath","value":"//button[@data-kt=\"IssuingTableConfirmAllButton\"]"}
RESULT: {"using":"xpath","value":"//button[@data-kt=\"IssuingTableConfirmAllButton\"]"}
COMMAND: POST /session/db7e74ddcaedfecfca9d83c19254142b/elements - {"using":"xpath","value":"//button[@data-kt=\"IssuingTableConfirmAllButton\"]"}
RESULT: {"using":"xpath","value":"//button[@data-kt=\"IssuingTableConfirmAllButton\"]"}
COMMAND: POST /session/db7e74ddcaedfecfca9d83c19254142b/elements - {"using":"xpath","value":"//button[@data-kt=\"IssuingTableConfirmAllButton\"]"}
RESULT: {"using":"xpath","value":"//button[@data-kt=\"IssuingTableConfirmAllButton\"]"}
COMMAND: POST /session/db7e74ddcaedfecfca9d83c19254142b/elements - {"using":"xpath","value":"//button[@data-kt=\"IssuingTableConfirmAllButton\"]"}
RESULT: {"using":"xpath","value":"//button[@data-kt=\"IssuingTableConfirmAllButton\"]"}
COMMAND: POST /session/db7e74ddcaedfecfca9d83c19254142b/elements - {"using":"xpath","value":"//button[@data-kt=\"IssuingTableConfirmAllButton\"]"}
RESULT: {"using":"xpath","value":"//button[@data-kt=\"IssuingTableConfirmAllButton\"]"}
COMMAND: POST /session/db7e74ddcaedfecfca9d83c19254142b/elements - {"using":"xpath","value":"//button[@data-kt=\"IssuingTableConfirmAllButton\"]"}
RESULT: {"using":"xpath","value":"//button[@data-kt=\"IssuingTableConfirmAllButton\"]"}
COMMAND: POST /session/db7e74ddcaedfecfca9d83c19254142b/elements - {"using":"xpath","value":"//button[@data-kt=\"IssuingTableConfirmAllButton\"]"}
RESULT: {"using":"xpath","value":"//button[@data-kt=\"IssuingTableConfirmAllButton\"]"}
COMMAND: POST /session/db7e74ddcaedfecfca9d83c19254142b/elements - {"using":"xpath","value":"//button[@data-kt=\"IssuingTableConfirmAllButton\"]"}
RESULT: {"using":"xpath","value":"//button[@data-kt=\"IssuingTableConfirmAllButton\"]"}
COMMAND: POST /session/db7e74ddcaedfecfca9d83c19254142b/elements - {"using":"xpath","value":"//button[@data-kt=\"IssuingTableConfirmAllButton\"]"}
RESULT: {"using":"xpath","value":"//button[@data-kt=\"IssuingTableConfirmAllButton\"]"}
COMMAND: POST /session/db7e74ddcaedfecfca9d83c19254142b/elements - {"using":"xpath","value":"//button[@data-kt=\"IssuingTableConfirmAllButton\"]"}
RESULT: {"using":"xpath","value":"//button[@data-kt=\"IssuingTableConfirmAllButton\"]"}
COMMAND: POST /session/db7e74ddcaedfecfca9d83c19254142b/elements - {"using":"xpath","value":"//button[@data-kt=\"IssuingTableConfirmAllButton\"]"}
RESULT: {"using":"xpath","value":"//button[@data-kt=\"IssuingTableConfirmAllButton\"]"}
COMMAND: POST /session/db7e74ddcaedfecfca9d83c19254142b/elements - {"using":"xpath","value":"//button[@data-kt=\"IssuingTableConfirmAllButton\"]"}
RESULT: {"using":"xpath","value":"//button[@data-kt=\"IssuingTableConfirmAllButton\"]"}
COMMAND: POST /session/db7e74ddcaedfecfca9d83c19254142b/elements - {"using":"xpath","value":"//button[@data-kt=\"IssuingTableConfirmAllButton\"]"}
RESULT: {"using":"xpath","value":"//button[@data-kt=\"IssuingTableConfirmAllButton\"]"}
COMMAND: POST /session/db7e74ddcaedfecfca9d83c19254142b/elements - {"using":"xpath","value":"//button[@data-kt=\"IssuingTableConfirmAllButton\"]"}
RESULT: {"using":"xpath","value":"//button[@data-kt=\"IssuingTableConfirmAllButton\"]"}
COMMAND: POST /session/db7e74ddcaedfecfca9d83c19254142b/elements - {"using":"xpath","value":"//button[@data-kt=\"IssuingTableConfirmAllButton\"]"}
RESULT: {"using":"xpath","value":"//button[@data-kt=\"IssuingTableConfirmAllButton\"]"}
COMMAND: POST /session/db7e74ddcaedfecfca9d83c19254142b/elements - {"using":"xpath","value":"//button[@data-kt=\"IssuingTableConfirmAllButton\"]"}
RESULT: {"using":"xpath","value":"//button[@data-kt=\"IssuingTableConfirmAllButton\"]"}
COMMAND: POST /session/db7e74ddcaedfecfca9d83c19254142b/elements - {"using":"xpath","value":"//button[@data-kt=\"IssuingTableConfirmAllButton\"]"}
RESULT: {"using":"xpath","value":"//button[@data-kt=\"IssuingTableConfirmAllButton\"]"}
COMMAND: POST /session/db7e74ddcaedfecfca9d83c19254142b/elements - {"using":"xpath","value":"//button[@data-kt=\"IssuingTableConfirmAllButton\"]"}
RESULT: {"using":"xpath","value":"//button[@data-kt=\"IssuingTableConfirmAllButton\"]"}
COMMAND: POST /session/db7e74ddcaedfecfca9d83c19254142b/elements - {"using":"xpath","value":"//button[@data-kt=\"IssuingTableConfirmAllButton\"]"}
RESULT: {"using":"xpath","value":"//button[@data-kt=\"IssuingTableConfirmAllButton\"]"}
COMMAND: POST /session/db7e74ddcaedfecfca9d83c19254142b/elements - {"using":"xpath","value":"//button[@data-kt=\"IssuingTableConfirmAllButton\"]"}
RESULT: {"using":"xpath","value":"//button[@data-kt=\"IssuingTableConfirmAllButton\"]"}
COMMAND: POST /session/db7e74ddcaedfecfca9d83c19254142b/elements - {"using":"xpath","value":"//button[@data-kt=\"IssuingTableConfirmAllButton\"]"}
RESULT: {"using":"xpath","value":"//button[@data-kt=\"IssuingTableConfirmAllButton\"]"}
COMMAND: POST /session/db7e74ddcaedfecfca9d83c19254142b/elements - {"using":"xpath","value":"//button[@data-kt=\"IssuingTableConfirmAllButton\"]"}
RESULT: {"using":"xpath","value":"//button[@data-kt=\"IssuingTableConfirmAllButton\"]"}
COMMAND: POST /session/db7e74ddcaedfecfca9d83c19254142b/elements - {"using":"xpath","value":"//button[@data-kt=\"IssuingTableConfirmAllButton\"]"}
RESULT: {"using":"xpath","value":"//button[@data-kt=\"IssuingTableConfirmAllButton\"]"}
COMMAND: POST /session/db7e74ddcaedfecfca9d83c19254142b/elements - {"using":"xpath","value":"//button[@data-kt=\"IssuingTableConfirmAllButton\"]"}
RESULT: {"using":"xpath","value":"//button[@data-kt=\"IssuingTableConfirmAllButton\"]"}
COMMAND: POST /session/db7e74ddcaedfecfca9d83c19254142b/elements - {"using":"xpath","value":"//button[@data-kt=\"IssuingTableConfirmAllButton\"]"}
RESULT: {"using":"xpath","value":"//button[@data-kt=\"IssuingTableConfirmAllButton\"]"}
COMMAND: POST /session/db7e74ddcaedfecfca9d83c19254142b/elements - {"using":"xpath","value":"//button[@data-kt=\"IssuingTableConfirmAllButton\"]"}
RESULT: {"using":"xpath","value":"//button[@data-kt=\"IssuingTableConfirmAllButton\"]"}
COMMAND: POST /session/db7e74ddcaedfecfca9d83c19254142b/elements - {"using":"xpath","value":"//button[@data-kt=\"IssuingTableConfirmAllButton\"]"}
RESULT: {"using":"xpath","value":"//button[@data-kt=\"IssuingTableConfirmAllButton\"]"}
COMMAND: POST /session/db7e74ddcaedfecfca9d83c19254142b/elements - {"using":"xpath","value":"//button[@data-kt=\"IssuingTableConfirmAllButton\"]"}
RESULT: {"using":"xpath","value":"//button[@data-kt=\"IssuingTableConfirmAllButton\"]"}
COMMAND: POST /session/db7e74ddcaedfecfca9d83c19254142b/elements - {"using":"xpath","value":"//button[@data-kt=\"IssuingTableConfirmAllButton\"]"}
RESULT: {"using":"xpath","value":"//button[@data-kt=\"IssuingTableConfirmAllButton\"]"}
COMMAND: POST /session/db7e74ddcaedfecfca9d83c19254142b/elements - {"using":"xpath","value":"//button[@data-kt=\"IssuingTableConfirmAllButton\"]"}
RESULT: {"using":"xpath","value":"//button[@data-kt=\"IssuingTableConfirmAllButton\"]"}
COMMAND: POST /session/db7e74ddcaedfecfca9d83c19254142b/elements - {"using":"xpath","value":"//button[@data-kt=\"IssuingTableConfirmAllButton\"]"}
RESULT: {"using":"xpath","value":"//button[@data-kt=\"IssuingTableConfirmAllButton\"]"}
COMMAND: POST /session/db7e74ddcaedfecfca9d83c19254142b/elements - {"using":"xpath","value":"//button[@data-kt=\"IssuingTableConfirmAllButton\"]"}
RESULT: {"using":"xpath","value":"//button[@data-kt=\"IssuingTableConfirmAllButton\"]"}
COMMAND: POST /session/db7e74ddcaedfecfca9d83c19254142b/elements - {"using":"xpath","value":"//button[@data-kt=\"IssuingTableConfirmAllButton\"]"}
RESULT: {"using":"xpath","value":"//button[@data-kt=\"IssuingTableConfirmAllButton\"]"}
COMMAND: POST /session/db7e74ddcaedfecfca9d83c19254142b/elements - {"using":"xpath","value":"//button[@data-kt=\"IssuingTableConfirmAllButton\"]"}
RESULT: {"using":"xpath","value":"//button[@data-kt=\"IssuingTableConfirmAllButton\"]"}
COMMAND: POST /session/db7e74ddcaedfecfca9d83c19254142b/elements - {"using":"xpath","value":"//button[@data-kt=\"IssuingTableConfirmAllButton\"]"}
RESULT: {"using":"xpath","value":"//button[@data-kt=\"IssuingTableConfirmAllButton\"]"}
COMMAND: POST /session/db7e74ddcaedfecfca9d83c19254142b/elements - {"using":"xpath","value":"//button[@data-kt=\"IssuingTableConfirmAllButton\"]"}
RESULT: {"using":"xpath","value":"//button[@data-kt=\"IssuingTableConfirmAllButton\"]"}
COMMAND: POST /session/db7e74ddcaedfecfca9d83c19254142b/elements - {"using":"xpath","value":"//button[@data-kt=\"IssuingTableConfirmAllButton\"]"}
RESULT: {"using":"xpath","value":"//button[@data-kt=\"IssuingTableConfirmAllButton\"]"}
COMMAND: POST /session/db7e74ddcaedfecfca9d83c19254142b/elements - {"using":"xpath","value":"//button[@data-kt=\"IssuingTableConfirmAllButton\"]"}
RESULT: {"using":"xpath","value":"//button[@data-kt=\"IssuingTableConfirmAllButton\"]"}
COMMAND: POST /session/db7e74ddcaedfecfca9d83c19254142b/elements - {"using":"xpath","value":"//button[@data-kt=\"IssuingTableConfirmAllButton\"]"}
RESULT: {"using":"xpath","value":"//button[@data-kt=\"IssuingTableConfirmAllButton\"]"}
COMMAND: POST /session/db7e74ddcaedfecfca9d83c19254142b/elements - {"using":"xpath","value":"//button[@data-kt=\"IssuingTableConfirmAllButton\"]"}
RESULT: {"using":"xpath","value":"//button[@data-kt=\"IssuingTableConfirmAllButton\"]"}
COMMAND: POST /session/db7e74ddcaedfecfca9d83c19254142b/elements - {"using":"xpath","value":"//button[@data-kt=\"IssuingTableConfirmAllButton\"]"}
RESULT: {"using":"xpath","value":"//button[@data-kt=\"IssuingTableConfirmAllButton\"]"}
COMMAND: POST /session/db7e74ddcaedfecfca9d83c19254142b/elements - {"using":"xpath","value":"//button[@data-kt=\"IssuingTableConfirmAllButton\"]"}
RESULT: {"using":"xpath","value":"//button[@data-kt=\"IssuingTableConfirmAllButton\"]"}
COMMAND: POST /session/db7e74ddcaedfecfca9d83c19254142b/elements - {"using":"xpath","value":"//button[@data-kt=\"IssuingTableConfirmAllButton\"]"}
RESULT: {"using":"xpath","value":"//button[@data-kt=\"IssuingTableConfirmAllButton\"]"}
COMMAND: POST /session/db7e74ddcaedfecfca9d83c19254142b/elements - {"using":"xpath","value":"//button[@data-kt=\"IssuingTableConfirmAllButton\"]"}
RESULT: {"using":"xpath","value":"//button[@data-kt=\"IssuingTableConfirmAllButton\"]"}
COMMAND: POST /session/db7e74ddcaedfecfca9d83c19254142b/elements - {"using":"xpath","value":"//button[@data-kt=\"IssuingTableConfirmAllButton\"]"}
RESULT: {"using":"xpath","value":"//button[@data-kt=\"IssuingTableConfirmAllButton\"]"}
COMMAND: POST /session/db7e74ddcaedfecfca9d83c19254142b/elements - {"using":"xpath","value":"//button[@data-kt=\"IssuingTableConfirmAllButton\"]"}
RESULT: {"using":"xpath","value":"//button[@data-kt=\"IssuingTableConfirmAllButton\"]"}
COMMAND: POST /session/db7e74ddcaedfecfca9d83c19254142b/elements - {"using":"xpath","value":"//button[@data-kt=\"IssuingTableConfirmAllButton\"]"}
RESULT: {"using":"xpath","value":"//button[@data-kt=\"IssuingTableConfirmAllButton\"]"}
COMMAND: POST /session/db7e74ddcaedfecfca9d83c19254142b/elements - {"using":"xpath","value":"//button[@data-kt=\"IssuingTableConfirmAllButton\"]"}
RESULT: {"using":"xpath","value":"//button[@data-kt=\"IssuingTableConfirmAllButton\"]"}
COMMAND: POST /session/db7e74ddcaedfecfca9d83c19254142b/elements - {"using":"xpath","value":"//button[@data-kt=\"IssuingTableConfirmAllButton\"]"}
RESULT: {"using":"xpath","value":"//button[@data-kt=\"IssuingTableConfirmAllButton\"]"}
COMMAND: POST /session/db7e74ddcaedfecfca9d83c19254142b/elements - {"using":"xpath","value":"//button[@data-kt=\"IssuingTableConfirmAllButton\"]"}
RESULT: {"using":"xpath","value":"//button[@data-kt=\"IssuingTableConfirmAllButton\"]"}
COMMAND: POST /session/db7e74ddcaedfecfca9d83c19254142b/elements - {"using":"xpath","value":"//button[@data-kt=\"IssuingTableConfirmAllButton\"]"}
RESULT: {"using":"xpath","value":"//button[@data-kt=\"IssuingTableConfirmAllButton\"]"}
COMMAND: POST /session/db7e74ddcaedfecfca9d83c19254142b/elements - {"using":"xpath","value":"//button[@data-kt=\"IssuingTableConfirmAllButton\"]"}
RESULT: {"using":"xpath","value":"//button[@data-kt=\"IssuingTableConfirmAllButton\"]"}
COMMAND: POST /session/db7e74ddcaedfecfca9d83c19254142b/elements - {"using":"xpath","value":"//button[@data-kt=\"IssuingTableConfirmAllButton\"]"}
RESULT: {"using":"xpath","value":"//button[@data-kt=\"IssuingTableConfirmAllButton\"]"}
COMMAND: POST /session/db7e74ddcaedfecfca9d83c19254142b/elements - {"using":"xpath","value":"//button[@data-kt=\"IssuingTableConfirmAllButton\"]"}
RESULT: {"using":"xpath","value":"//button[@data-kt=\"IssuingTableConfirmAllButton\"]"}
COMMAND: POST /session/db7e74ddcaedfecfca9d83c19254142b/elements - {"using":"xpath","value":"//button[@data-kt=\"IssuingTableConfirmAllButton\"]"}
RESULT: {"using":"xpath","value":"//button[@data-kt=\"IssuingTableConfirmAllButton\"]"}
COMMAND: POST /session/db7e74ddcaedfecfca9d83c19254142b/elements - {"using":"xpath","value":"//button[@data-kt=\"IssuingTableConfirmAllButton\"]"}
RESULT: {"using":"xpath","value":"//button[@data-kt=\"IssuingTableConfirmAllButton\"]"}
COMMAND: POST /session/db7e74ddcaedfecfca9d83c19254142b/elements - {"using":"xpath","value":"//button[@data-kt=\"IssuingTableConfirmAllButton\"]"}
RESULT: {"using":"xpath","value":"//button[@data-kt=\"IssuingTableConfirmAllButton\"]"}
COMMAND: POST /session/db7e74ddcaedfecfca9d83c19254142b/elements - {"using":"xpath","value":"//button[@data-kt=\"IssuingTableConfirmAllButton\"]"}
RESULT: {"using":"xpath","value":"//button[@data-kt=\"IssuingTableConfirmAllButton\"]"}
COMMAND: POST /session/db7e74ddcaedfecfca9d83c19254142b/elements - {"using":"xpath","value":"//button[@data-kt=\"IssuingTableConfirmAllButton\"]"}
RESULT: {"using":"xpath","value":"//button[@data-kt=\"IssuingTableConfirmAllButton\"]"}
COMMAND: POST /session/db7e74ddcaedfecfca9d83c19254142b/elements - {"using":"xpath","value":"//button[@data-kt=\"IssuingTableConfirmAllButton\"]"}
RESULT: {"using":"xpath","value":"//button[@data-kt=\"IssuingTableConfirmAllButton\"]"}
COMMAND: POST /session/db7e74ddcaedfecfca9d83c19254142b/elements - {"using":"xpath","value":"//button[@data-kt=\"IssuingTableConfirmAllButton\"]"}
RESULT: {"using":"xpath","value":"//button[@data-kt=\"IssuingTableConfirmAllButton\"]"}
COMMAND: POST /session/db7e74ddcaedfecfca9d83c19254142b/elements - {"using":"xpath","value":"//button[@data-kt=\"IssuingTableConfirmAllButton\"]"}
RESULT: {"using":"xpath","value":"//button[@data-kt=\"IssuingTableConfirmAllButton\"]"}
COMMAND: POST /session/db7e74ddcaedfecfca9d83c19254142b/elements - {"using":"xpath","value":"//button[@data-kt=\"IssuingTableConfirmAllButton\"]"}
RESULT: {"using":"xpath","value":"//button[@data-kt=\"IssuingTableConfirmAllButton\"]"}
COMMAND: POST /session/db7e74ddcaedfecfca9d83c19254142b/elements - {"using":"xpath","value":"//button[@data-kt=\"IssuingTableConfirmAllButton\"]"}
RESULT: {"using":"xpath","value":"//button[@data-kt=\"IssuingTableConfirmAllButton\"]"}
COMMAND: POST /session/db7e74ddcaedfecfca9d83c19254142b/elements - {"using":"xpath","value":"//button[@data-kt=\"IssuingTableConfirmAllButton\"]"}
RESULT: {"using":"xpath","value":"//button[@data-kt=\"IssuingTableConfirmAllButton\"]"}
COMMAND: POST /session/db7e74ddcaedfecfca9d83c19254142b/elements - {"using":"xpath","value":"//button[@data-kt=\"IssuingTableConfirmAllButton\"]"}
RESULT: {"using":"xpath","value":"//button[@data-kt=\"IssuingTableConfirmAllButton\"]"}
COMMAND: POST /session/db7e74ddcaedfecfca9d83c19254142b/elements - {"using":"xpath","value":"//button[@data-kt=\"IssuingTableConfirmAllButton\"]"}
RESULT: {"using":"xpath","value":"//button[@data-kt=\"IssuingTableConfirmAllButton\"]"}
COMMAND: POST /session/db7e74ddcaedfecfca9d83c19254142b/elements - {"using":"xpath","value":"//button[@data-kt=\"IssuingTableConfirmAllButton\"]"}
RESULT: {"using":"xpath","value":"//button[@data-kt=\"IssuingTableConfirmAllButton\"]"}
COMMAND: POST /session/db7e74ddcaedfecfca9d83c19254142b/elements - {"using":"xpath","value":"//button[@data-kt=\"IssuingTableConfirmAllButton\"]"}
RESULT: {"using":"xpath","value":"//button[@data-kt=\"IssuingTableConfirmAllButton\"]"}
COMMAND: POST /session/db7e74ddcaedfecfca9d83c19254142b/elements - {"using":"xpath","value":"//button[@data-kt=\"IssuingTableConfirmAllButton\"]"}
RESULT: {"using":"xpath","value":"//button[@data-kt=\"IssuingTableConfirmAllButton\"]"}
COMMAND: POST /session/db7e74ddcaedfecfca9d83c19254142b/elements - {"using":"xpath","value":"//button[@data-kt=\"IssuingTableConfirmAllButton\"]"}
RESULT: {"using":"xpath","value":"//button[@data-kt=\"IssuingTableConfirmAllButton\"]"}
COMMAND: POST /session/db7e74ddcaedfecfca9d83c19254142b/elements - {"using":"xpath","value":"//button[@data-kt=\"IssuingTableConfirmAllButton\"]"}
RESULT: {"using":"xpath","value":"//button[@data-kt=\"IssuingTableConfirmAllButton\"]"}
COMMAND: POST /session/db7e74ddcaedfecfca9d83c19254142b/elements - {"using":"xpath","value":"//button[@data-kt=\"IssuingTableConfirmAllButton\"]"}
RESULT: {"using":"xpath","value":"//button[@data-kt=\"IssuingTableConfirmAllButton\"]"}
COMMAND: POST /session/db7e74ddcaedfecfca9d83c19254142b/elements - {"using":"xpath","value":"//button[@data-kt=\"IssuingTableConfirmAllButton\"]"}
RESULT: {"using":"xpath","value":"//button[@data-kt=\"IssuingTableConfirmAllButton\"]"}
COMMAND: POST /session/db7e74ddcaedfecfca9d83c19254142b/elements - {"using":"xpath","value":"//button[@data-kt=\"IssuingTableConfirmAllButton\"]"}
RESULT: {"using":"xpath","value":"//button[@data-kt=\"IssuingTableConfirmAllButton\"]"}
COMMAND: POST /session/db7e74ddcaedfecfca9d83c19254142b/elements - {"using":"xpath","value":"//button[@data-kt=\"IssuingTableConfirmAllButton\"]"}
RESULT: {"using":"xpath","value":"//button[@data-kt=\"IssuingTableConfirmAllButton\"]"}
COMMAND: POST /session/db7e74ddcaedfecfca9d83c19254142b/elements - {"using":"xpath","value":"//button[@data-kt=\"IssuingTableConfirmAllButton\"]"}
RESULT: {"using":"xpath","value":"//button[@data-kt=\"IssuingTableConfirmAllButton\"]"}
COMMAND: POST /session/db7e74ddcaedfecfca9d83c19254142b/elements - {"using":"xpath","value":"//button[@data-kt=\"IssuingTableConfirmAllButton\"]"}
RESULT: {"using":"xpath","value":"//button[@data-kt=\"IssuingTableConfirmAllButton\"]"}
COMMAND: POST /session/db7e74ddcaedfecfca9d83c19254142b/elements - {"using":"xpath","value":"//button[@data-kt=\"IssuingTableConfirmAllButton\"]"}
RESULT: {"using":"xpath","value":"//button[@data-kt=\"IssuingTableConfirmAllButton\"]"}
COMMAND: POST /session/db7e74ddcaedfecfca9d83c19254142b/elements - {"using":"xpath","value":"//button[@data-kt=\"IssuingTableConfirmAllButton\"]"}
RESULT: {"using":"xpath","value":"//button[@data-kt=\"IssuingTableConfirmAllButton\"]"}
COMMAND: POST /session/db7e74ddcaedfecfca9d83c19254142b/elements - {"using":"xpath","value":"//button[@data-kt=\"IssuingTableConfirmAllButton\"]"}
RESULT: {"using":"xpath","value":"//button[@data-kt=\"IssuingTableConfirmAllButton\"]"}
COMMAND: POST /session/db7e74ddcaedfecfca9d83c19254142b/elements - {"using":"xpath","value":"//button[@data-kt=\"IssuingTableConfirmAllButton\"]"}
COMMAND: GET /session/db7e74ddcaedfecfca9d83c19254142b/screenshot - {}
RESULT: {"using":"xpath","value":"//button[@data-kt=\"IssuingTableConfirmAllButton\"]"}
RESULT: {}
COMMAND: GET /session/db7e74ddcaedfecfca9d83c19254142b/screenshot - {}
COMMAND: GET /session/db7e74ddcaedfecfca9d83c19254142b/screenshot - {}
RESULT: {}
RESULT: {}
COMMAND: DELETE /session/db7e74ddcaedfecfca9d83c19254142b - {}
RESULT: {}
]]></system-out>
      <system-err><![CDATA[
Error: Can't call click on element with selector "//button[@data-kt="IssuingTableConfirmAllButton"]" because element wasn't found
    at async Context.<anonymous> (D:\a\1\s\test\specs\HTR\transfer-yard-to-yard.spec.js:200:9)
]]></system-err>
    </testcase>
  </testsuite>
</testsuites>