<?xml version="1.0" encoding="UTF-8"?>
<testsuites tests="3" failures="0" errors="0" skipped="0">
  <testsuite timestamp="2025-04-17T18:01:03" time="249.466" tests="3" failures="0" errors="0" skipped="0">
    <properties>
      <property name="specId" value="0"/>
      <property name="suiteName" value="Address Management Tests US151165 US151160"/>
      <property name="capabilities" value="chrome.135_0_7049_42.windows"/>
      <property name="file" value="file:///D:/a/1/s/test/specs/BTS/address-management.spec.js"/>
    </properties>
    <testcase classname="chrome.135_0_7049_42.windows.Address_Management_Tests_US151165_US151160" name="Step 1 Will check existence of address created with generated name if none then we create" time="85.134">
      <system-out><![CDATA[
COMMAND: POST /session/cae659b15cc7275e60b1b81c56b09654/execute/async - {"script":"<script> [1562 bytes]","args":[{"selector":{"controlType":"sap.m.GenericTile","properties":{"header":"Address Management"}},"wdio_ui5_key":"sapm.GenericTile{\"header\":\"Address Management\"}"}]}
RESULT: {"script":"<script> [1562 bytes]","args":[{"selector":{"controlType":"sap.m.GenericTile","properties":{"header":"Address Management"}},"wdio_ui5_key":"sapm.GenericTile{\"header\":\"Address Management\"}"}]}
RESULT: undefined
COMMAND: POST /session/cae659b15cc7275e60b1b81c56b09654/element - {"using":"xpath","value":"//*[@id=\"__tile33\"]"}
RESULT: {"using":"xpath","value":"//*[@id=\"__tile33\"]"}
COMMAND: POST /session/cae659b15cc7275e60b1b81c56b09654/element/f.D3CE125B60283D0486C94B2E8D40B216.d.CBE9F6B3679387256C5113F8C8B5313B.e.226/click - {}
RESULT: {}
COMMAND: POST /session/cae659b15cc7275e60b1b81c56b09654/element - {"using":"xpath","value":"//button[@data-kt=\"addButton\"]"}
COMMAND: GET /session/cae659b15cc7275e60b1b81c56b09654/screenshot - {}
RESULT: {"using":"xpath","value":"//button[@data-kt=\"addButton\"]"}
COMMAND: POST /session/cae659b15cc7275e60b1b81c56b09654/elements - {"using":"xpath","value":"//button[@data-kt=\"addButton\"]"}
RESULT: {}
RESULT: {"using":"xpath","value":"//button[@data-kt=\"addButton\"]"}
COMMAND: POST /session/cae659b15cc7275e60b1b81c56b09654/elements - {"using":"xpath","value":"//button[@data-kt=\"addButton\"]"}
RESULT: {"using":"xpath","value":"//button[@data-kt=\"addButton\"]"}
COMMAND: POST /session/cae659b15cc7275e60b1b81c56b09654/elements - {"using":"xpath","value":"//button[@data-kt=\"addButton\"]"}
RESULT: {"using":"xpath","value":"//button[@data-kt=\"addButton\"]"}
COMMAND: POST /session/cae659b15cc7275e60b1b81c56b09654/elements - {"using":"xpath","value":"//button[@data-kt=\"addButton\"]"}
RESULT: {"using":"xpath","value":"//button[@data-kt=\"addButton\"]"}
COMMAND: POST /session/cae659b15cc7275e60b1b81c56b09654/elements - {"using":"xpath","value":"//button[@data-kt=\"addButton\"]"}
RESULT: {"using":"xpath","value":"//button[@data-kt=\"addButton\"]"}
COMMAND: POST /session/cae659b15cc7275e60b1b81c56b09654/elements - {"using":"xpath","value":"//button[@data-kt=\"addButton\"]"}
RESULT: {"using":"xpath","value":"//button[@data-kt=\"addButton\"]"}
COMMAND: POST /session/cae659b15cc7275e60b1b81c56b09654/elements - {"using":"xpath","value":"//button[@data-kt=\"addButton\"]"}
RESULT: {"using":"xpath","value":"//button[@data-kt=\"addButton\"]"}
COMMAND: POST /session/cae659b15cc7275e60b1b81c56b09654/elements - {"using":"xpath","value":"//button[@data-kt=\"addButton\"]"}
RESULT: {"using":"xpath","value":"//button[@data-kt=\"addButton\"]"}
COMMAND: POST /session/cae659b15cc7275e60b1b81c56b09654/elements - {"using":"xpath","value":"//button[@data-kt=\"addButton\"]"}
RESULT: {"using":"xpath","value":"//button[@data-kt=\"addButton\"]"}
COMMAND: POST /session/cae659b15cc7275e60b1b81c56b09654/elements - {"using":"xpath","value":"//button[@data-kt=\"addButton\"]"}
RESULT: {"using":"xpath","value":"//button[@data-kt=\"addButton\"]"}
COMMAND: POST /session/cae659b15cc7275e60b1b81c56b09654/elements - {"using":"xpath","value":"//button[@data-kt=\"addButton\"]"}
RESULT: {"using":"xpath","value":"//button[@data-kt=\"addButton\"]"}
COMMAND: POST /session/cae659b15cc7275e60b1b81c56b09654/elements - {"using":"xpath","value":"//button[@data-kt=\"addButton\"]"}
RESULT: {"using":"xpath","value":"//button[@data-kt=\"addButton\"]"}
COMMAND: POST /session/cae659b15cc7275e60b1b81c56b09654/elements - {"using":"xpath","value":"//button[@data-kt=\"addButton\"]"}
RESULT: {"using":"xpath","value":"//button[@data-kt=\"addButton\"]"}
COMMAND: POST /session/cae659b15cc7275e60b1b81c56b09654/elements - {"using":"xpath","value":"//button[@data-kt=\"addButton\"]"}
RESULT: {"using":"xpath","value":"//button[@data-kt=\"addButton\"]"}
COMMAND: POST /session/cae659b15cc7275e60b1b81c56b09654/elements - {"using":"xpath","value":"//button[@data-kt=\"addButton\"]"}
RESULT: {"using":"xpath","value":"//button[@data-kt=\"addButton\"]"}
COMMAND: POST /session/cae659b15cc7275e60b1b81c56b09654/elements - {"using":"xpath","value":"//button[@data-kt=\"addButton\"]"}
RESULT: {"using":"xpath","value":"//button[@data-kt=\"addButton\"]"}
COMMAND: POST /session/cae659b15cc7275e60b1b81c56b09654/elements - {"using":"xpath","value":"//button[@data-kt=\"addButton\"]"}
RESULT: {"using":"xpath","value":"//button[@data-kt=\"addButton\"]"}
COMMAND: POST /session/cae659b15cc7275e60b1b81c56b09654/elements - {"using":"xpath","value":"//button[@data-kt=\"addButton\"]"}
RESULT: {"using":"xpath","value":"//button[@data-kt=\"addButton\"]"}
COMMAND: POST /session/cae659b15cc7275e60b1b81c56b09654/elements - {"using":"xpath","value":"//button[@data-kt=\"addButton\"]"}
RESULT: {"using":"xpath","value":"//button[@data-kt=\"addButton\"]"}
COMMAND: POST /session/cae659b15cc7275e60b1b81c56b09654/elements - {"using":"xpath","value":"//button[@data-kt=\"addButton\"]"}
RESULT: {"using":"xpath","value":"//button[@data-kt=\"addButton\"]"}
COMMAND: POST /session/cae659b15cc7275e60b1b81c56b09654/elements - {"using":"xpath","value":"//button[@data-kt=\"addButton\"]"}
RESULT: {"using":"xpath","value":"//button[@data-kt=\"addButton\"]"}
COMMAND: POST /session/cae659b15cc7275e60b1b81c56b09654/elements - {"using":"xpath","value":"//button[@data-kt=\"addButton\"]"}
RESULT: {"using":"xpath","value":"//button[@data-kt=\"addButton\"]"}
COMMAND: POST /session/cae659b15cc7275e60b1b81c56b09654/elements - {"using":"xpath","value":"//button[@data-kt=\"addButton\"]"}
RESULT: {"using":"xpath","value":"//button[@data-kt=\"addButton\"]"}
COMMAND: POST /session/cae659b15cc7275e60b1b81c56b09654/elements - {"using":"xpath","value":"//button[@data-kt=\"addButton\"]"}
RESULT: {"using":"xpath","value":"//button[@data-kt=\"addButton\"]"}
COMMAND: POST /session/cae659b15cc7275e60b1b81c56b09654/elements - {"using":"xpath","value":"//button[@data-kt=\"addButton\"]"}
RESULT: {"using":"xpath","value":"//button[@data-kt=\"addButton\"]"}
COMMAND: POST /session/cae659b15cc7275e60b1b81c56b09654/elements - {"using":"xpath","value":"//button[@data-kt=\"addButton\"]"}
RESULT: {"using":"xpath","value":"//button[@data-kt=\"addButton\"]"}
COMMAND: POST /session/cae659b15cc7275e60b1b81c56b09654/elements - {"using":"xpath","value":"//button[@data-kt=\"addButton\"]"}
RESULT: {"using":"xpath","value":"//button[@data-kt=\"addButton\"]"}
COMMAND: POST /session/cae659b15cc7275e60b1b81c56b09654/elements - {"using":"xpath","value":"//button[@data-kt=\"addButton\"]"}
RESULT: {"using":"xpath","value":"//button[@data-kt=\"addButton\"]"}
COMMAND: POST /session/cae659b15cc7275e60b1b81c56b09654/elements - {"using":"xpath","value":"//button[@data-kt=\"addButton\"]"}
RESULT: {"using":"xpath","value":"//button[@data-kt=\"addButton\"]"}
COMMAND: POST /session/cae659b15cc7275e60b1b81c56b09654/element - {"using":"xpath","value":"//button[@data-kt=\"addButton\"]"}
RESULT: {"using":"xpath","value":"//button[@data-kt=\"addButton\"]"}
COMMAND: POST /session/cae659b15cc7275e60b1b81c56b09654/execute/sync - {"script":"<script> [8489 bytes]","args":[{"element-6066-11e4-a52e-4f735466cecf":"f.D3CE125B60283D0486C94B2E8D40B216.d.CBE9F6B3679387256C5113F8C8B5313B.e.311","ELEMENT":"f.D3CE125B60283D0486C94B2E8D40B216.d.CBE9F6B3679387256C5113F8C8B5313B.e.311"}]}
RESULT: {"script":"<script> [8489 bytes]","args":[{"element-6066-11e4-a52e-4f735466cecf":"f.D3CE125B60283D0486C94B2E8D40B216.d.CBE9F6B3679387256C5113F8C8B5313B.e.311","ELEMENT":"f.D3CE125B60283D0486C94B2E8D40B216.d.CBE9F6B3679387256C5113F8C8B5313B.e.311"}]}
COMMAND: GET /session/cae659b15cc7275e60b1b81c56b09654/element/f.D3CE125B60283D0486C94B2E8D40B216.d.CBE9F6B3679387256C5113F8C8B5313B.e.311/enabled - {}
COMMAND: GET /session/cae659b15cc7275e60b1b81c56b09654/screenshot - {}
RESULT: {}
COMMAND: POST /session/cae659b15cc7275e60b1b81c56b09654/execute/sync - {"script":"<script> [8489 bytes]","args":[{"element-6066-11e4-a52e-4f735466cecf":"f.D3CE125B60283D0486C94B2E8D40B216.d.CBE9F6B3679387256C5113F8C8B5313B.e.311","ELEMENT":"f.D3CE125B60283D0486C94B2E8D40B216.d.CBE9F6B3679387256C5113F8C8B5313B.e.311"}]}
COMMAND: GET /session/cae659b15cc7275e60b1b81c56b09654/screenshot - {}
RESULT: {}
RESULT: {"script":"<script> [8489 bytes]","args":[{"element-6066-11e4-a52e-4f735466cecf":"f.D3CE125B60283D0486C94B2E8D40B216.d.CBE9F6B3679387256C5113F8C8B5313B.e.311","ELEMENT":"f.D3CE125B60283D0486C94B2E8D40B216.d.CBE9F6B3679387256C5113F8C8B5313B.e.311"}]}
COMMAND: POST /session/cae659b15cc7275e60b1b81c56b09654/execute/sync - {"script":"<script> [5351 bytes]","args":[{"element-6066-11e4-a52e-4f735466cecf":"f.D3CE125B60283D0486C94B2E8D40B216.d.CBE9F6B3679387256C5113F8C8B5313B.e.311","ELEMENT":"f.D3CE125B60283D0486C94B2E8D40B216.d.CBE9F6B3679387256C5113F8C8B5313B.e.311"}]}
COMMAND: GET /session/cae659b15cc7275e60b1b81c56b09654/screenshot - {}
RESULT: {}
RESULT: {"script":"<script> [5351 bytes]","args":[{"element-6066-11e4-a52e-4f735466cecf":"f.D3CE125B60283D0486C94B2E8D40B216.d.CBE9F6B3679387256C5113F8C8B5313B.e.311","ELEMENT":"f.D3CE125B60283D0486C94B2E8D40B216.d.CBE9F6B3679387256C5113F8C8B5313B.e.311"}]}
COMMAND: GET /session/cae659b15cc7275e60b1b81c56b09654/screenshot - {}
RESULT: {}
RESULT: {}
COMMAND: POST /session/cae659b15cc7275e60b1b81c56b09654/execute/async - {"script":"<script> [1562 bytes]","args":[{"selector":{"id":"application-addressmanagement-display-component---masterAdm--smartFilterBar-btnBasicSearch","interaction":{"idSuffix":"I"}},"wdio_ui5_key":"applicationaddressmanagement-display-component---masterAdm--smartFilterBar-btnBasicSearch"}]}
RESULT: {"script":"<script> [1562 bytes]","args":[{"selector":{"id":"application-addressmanagement-display-component---masterAdm--smartFilterBar-btnBasicSearch","interaction":{"idSuffix":"I"}},"wdio_ui5_key":"applicationaddressmanagement-display-component---masterAdm--smartFilterBar-btnBasicSearch"}]}
RESULT: undefined
COMMAND: POST /session/cae659b15cc7275e60b1b81c56b09654/execute/async - {"script":"<script> [776 bytes]","args":[{"enterText":"SmdHauAfEg","selector":{"id":"application-addressmanagement-display-component---masterAdm--smartFilterBar-btnBasicSearch","interaction":{"idSuffix":"I"}},"clearTextFirst":true,"interactionType":"ENTER_TEXT"}]}
RESULT: {"script":"<script> [776 bytes]","args":[{"enterText":"SmdHauAfEg","selector":{"id":"application-addressmanagement-display-component---masterAdm--smartFilterBar-btnBasicSearch","interaction":{"idSuffix":"I"}},"clearTextFirst":true,"interactionType":"ENTER_TEXT"}]}
COMMAND: POST /session/cae659b15cc7275e60b1b81c56b09654/actions - {"actions":[{"id":"action1","type":"key","parameters":{},"actions":[{"type":"keyDown","value":""},{"type":"pause","duration":10},{"type":"keyUp","value":""}]}]}
RESULT: {"actions":[{"id":"action1","type":"key","parameters":{},"actions":[{"type":"keyDown","value":""},{"type":"pause","duration":10},{"type":"keyUp","value":""}]}]}
COMMAND: GET /session/cae659b15cc7275e60b1b81c56b09654/screenshot - {}
RESULT: {}
COMMAND: POST /session/cae659b15cc7275e60b1b81c56b09654/elements - {"using":"xpath","value":"//table[contains(@id, \"customPersonsAddressesTable-listUl\")]/tbody/tr"}
RESULT: {"using":"xpath","value":"//table[contains(@id, \"customPersonsAddressesTable-listUl\")]/tbody/tr"}
COMMAND: POST /session/cae659b15cc7275e60b1b81c56b09654/element - {"using":"xpath","value":"//table[contains(@id, \"customPersonsAddressesTable-listUl\")]/tbody/tr[1]/td[5]/span/span"}
RESULT: {"using":"xpath","value":"//table[contains(@id, \"customPersonsAddressesTable-listUl\")]/tbody/tr[1]/td[5]/span/span"}
COMMAND: POST /session/cae659b15cc7275e60b1b81c56b09654/element - {"using":"xpath","value":"//table[contains(@id, \"customPersonsAddressesTable-listUl\")]/tbody/tr[1]/td[3]/span"}
RESULT: {"using":"xpath","value":"//table[contains(@id, \"customPersonsAddressesTable-listUl\")]/tbody/tr[1]/td[3]/span"}
COMMAND: POST /session/cae659b15cc7275e60b1b81c56b09654/elements - {"using":"xpath","value":"//table[contains(@id, \"customPersonsAddressesTable-listUl\")]/tbody/tr[1]/td[5]/span/span"}
RESULT: {"using":"xpath","value":"//table[contains(@id, \"customPersonsAddressesTable-listUl\")]/tbody/tr[1]/td[5]/span/span"}
COMMAND: POST /session/cae659b15cc7275e60b1b81c56b09654/element - {"using":"xpath","value":"//span[@id=\"application-addressmanagement-display-component---masterAdm--smartTable-header-inner\"]"}
RESULT: {"using":"xpath","value":"//span[@id=\"application-addressmanagement-display-component---masterAdm--smartTable-header-inner\"]"}
COMMAND: POST /session/cae659b15cc7275e60b1b81c56b09654/elements - {"using":"xpath","value":"//span[@id=\"application-addressmanagement-display-component---masterAdm--smartTable-header-inner\"]"}
RESULT: {"using":"xpath","value":"//span[@id=\"application-addressmanagement-display-component---masterAdm--smartTable-header-inner\"]"}
COMMAND: POST /session/cae659b15cc7275e60b1b81c56b09654/execute/sync - {"script":"<script> [56 bytes]","args":[{"element-6066-11e4-a52e-4f735466cecf":"f.D3CE125B60283D0486C94B2E8D40B216.d.CBE9F6B3679387256C5113F8C8B5313B.e.453","ELEMENT":"f.D3CE125B60283D0486C94B2E8D40B216.d.CBE9F6B3679387256C5113F8C8B5313B.e.453"}]}
RESULT: {"script":"<script> [56 bytes]","args":[{"element-6066-11e4-a52e-4f735466cecf":"f.D3CE125B60283D0486C94B2E8D40B216.d.CBE9F6B3679387256C5113F8C8B5313B.e.453","ELEMENT":"f.D3CE125B60283D0486C94B2E8D40B216.d.CBE9F6B3679387256C5113F8C8B5313B.e.453"}]}
COMMAND: POST /session/cae659b15cc7275e60b1b81c56b09654/element - {"using":"xpath","value":"//button[@data-kt=\"addButton\"]"}
COMMAND: GET /session/cae659b15cc7275e60b1b81c56b09654/screenshot - {}
RESULT: {"using":"xpath","value":"//button[@data-kt=\"addButton\"]"}
COMMAND: POST /session/cae659b15cc7275e60b1b81c56b09654/element/f.D3CE125B60283D0486C94B2E8D40B216.d.CBE9F6B3679387256C5113F8C8B5313B.e.311/click - {}
RESULT: {}
RESULT: {}
COMMAND: GET /session/cae659b15cc7275e60b1b81c56b09654/screenshot - {}
RESULT: {}
COMMAND: POST /session/cae659b15cc7275e60b1b81c56b09654/execute/async - {"script":"<script> [1562 bytes]","args":[{"selector":{"controlType":"sap.ui.core.Icon","viewName":"etm.portal.ui.addressmanagement.view.NewAddress","properties":{"src":{"regex":{"source":"slim\\-arrow\\-down"}}},"ancestor":{"id":"addressTitle","viewName":"etm.portal.ui.addressmanagement.view.NewAddress"}},"wdio_ui5_key":"etmportal.ui.addressmanagement.view.NewAddresssap.ui.core.Icon{\"src\":{\"regex\":{\"source\":\"slim\\\\-arrow\\\\-down\"}}}{\"id\":\"addressTitle\",\"viewName\":\"etm.portal.ui.addressmanagement.view.NewAddress\"}"}]}
RESULT: {"script":"<script> [1562 bytes]","args":[{"selector":{"controlType":"sap.ui.core.Icon","viewName":"etm.portal.ui.addressmanagement.view.NewAddress","properties":{"src":{"regex":{"source":"slim\\-arrow\\-down"}}},"ancestor":{"id":"addressTitle","viewName":"etm.portal.ui.addressmanagement.view.NewAddress"}},"wdio_ui5_key":"etmportal.ui.addressmanagement.view.NewAddresssap.ui.core.Icon{\"src\":{\"regex\":{\"source\":\"slim\\\\-arrow\\\\-down\"}}}{\"id\":\"addressTitle\",\"viewName\":\"etm.portal.ui.addressmanagement.view.NewAddress\"}"}]}
RESULT: undefined
COMMAND: POST /session/cae659b15cc7275e60b1b81c56b09654/element - {"using":"xpath","value":"//*[@id=\"__xmlview58--addressTitle-arrow\"]"}
RESULT: {"using":"xpath","value":"//*[@id=\"__xmlview58--addressTitle-arrow\"]"}
COMMAND: POST /session/cae659b15cc7275e60b1b81c56b09654/element/f.D3CE125B60283D0486C94B2E8D40B216.d.CBE9F6B3679387256C5113F8C8B5313B.e.484/click - {}
RESULT: {}
COMMAND: GET /session/cae659b15cc7275e60b1b81c56b09654/screenshot - {}
RESULT: {}
COMMAND: POST /session/cae659b15cc7275e60b1b81c56b09654/element - {"using":"xpath","value":"//li[.//span[text()=\"Dr.\"]]"}
RESULT: {"using":"xpath","value":"//li[.//span[text()=\"Dr.\"]]"}
COMMAND: POST /session/cae659b15cc7275e60b1b81c56b09654/element/f.D3CE125B60283D0486C94B2E8D40B216.d.CBE9F6B3679387256C5113F8C8B5313B.e.594/click - {}
RESULT: {}
COMMAND: POST /session/cae659b15cc7275e60b1b81c56b09654/execute/async - {"script":"<script> [1562 bytes]","args":[{"selector":{"controlType":"sap.ui.core.Icon","viewName":"etm.portal.ui.addressmanagement.view.NewAddress","properties":{"src":{"regex":{"source":"slim\\-arrow\\-down"}}},"ancestor":{"id":"addressDetailDetailsLanguage","viewName":"etm.portal.ui.addressmanagement.view.NewAddress"}},"wdio_ui5_key":"etmportal.ui.addressmanagement.view.NewAddresssap.ui.core.Icon{\"src\":{\"regex\":{\"source\":\"slim\\\\-arrow\\\\-down\"}}}{\"id\":\"addressDetailDetailsLanguage\",\"viewName\":\"etm.portal.ui.addressmanagement.view.NewAddress\"}"}]}
COMMAND: GET /session/cae659b15cc7275e60b1b81c56b09654/screenshot - {}
RESULT: {"script":"<script> [1562 bytes]","args":[{"selector":{"controlType":"sap.ui.core.Icon","viewName":"etm.portal.ui.addressmanagement.view.NewAddress","properties":{"src":{"regex":{"source":"slim\\-arrow\\-down"}}},"ancestor":{"id":"addressDetailDetailsLanguage","viewName":"etm.portal.ui.addressmanagement.view.NewAddress"}},"wdio_ui5_key":"etmportal.ui.addressmanagement.view.NewAddresssap.ui.core.Icon{\"src\":{\"regex\":{\"source\":\"slim\\\\-arrow\\\\-down\"}}}{\"id\":\"addressDetailDetailsLanguage\",\"viewName\":\"etm.portal.ui.addressmanagement.view.NewAddress\"}"}]}
RESULT: undefined
COMMAND: POST /session/cae659b15cc7275e60b1b81c56b09654/element - {"using":"xpath","value":"//*[@id=\"__xmlview58--addressDetailDetailsLanguage-arrow\"]"}
RESULT: {}
RESULT: {"using":"xpath","value":"//*[@id=\"__xmlview58--addressDetailDetailsLanguage-arrow\"]"}
COMMAND: POST /session/cae659b15cc7275e60b1b81c56b09654/element/f.D3CE125B60283D0486C94B2E8D40B216.d.CBE9F6B3679387256C5113F8C8B5313B.e.497/click - {}
RESULT: {}
COMMAND: GET /session/cae659b15cc7275e60b1b81c56b09654/screenshot - {}
RESULT: {}
COMMAND: POST /session/cae659b15cc7275e60b1b81c56b09654/element - {"using":"xpath","value":"//span[contains(text(), \"English\")]"}
RESULT: {"using":"xpath","value":"//span[contains(text(), \"English\")]"}
COMMAND: POST /session/cae659b15cc7275e60b1b81c56b09654/element/f.D3CE125B60283D0486C94B2E8D40B216.d.CBE9F6B3679387256C5113F8C8B5313B.e.595/click - {}
RESULT: {}
COMMAND: POST /session/cae659b15cc7275e60b1b81c56b09654/execute/async - {"script":"<script> [1562 bytes]","args":[{"selector":{"controlType":"sap.m.Input","viewName":"etm.portal.ui.addressmanagement.view.NewAddress","labelFor":{"text":"Name"},"interaction":{"idSuffix":"inner"}},"wdio_ui5_key":"etmportal.ui.addressmanagement.view.NewAddresssap.m.Input{\"text\":\"Name\"}"}]}
COMMAND: GET /session/cae659b15cc7275e60b1b81c56b09654/screenshot - {}
RESULT: {"script":"<script> [1562 bytes]","args":[{"selector":{"controlType":"sap.m.Input","viewName":"etm.portal.ui.addressmanagement.view.NewAddress","labelFor":{"text":"Name"},"interaction":{"idSuffix":"inner"}},"wdio_ui5_key":"etmportal.ui.addressmanagement.view.NewAddresssap.m.Input{\"text\":\"Name\"}"}]}
RESULT: undefined
COMMAND: POST /session/cae659b15cc7275e60b1b81c56b09654/execute/async - {"script":"<script> [776 bytes]","args":[{"enterText":"SmdHauAfEg","selector":{"controlType":"sap.m.Input","viewName":"etm.portal.ui.addressmanagement.view.NewAddress","labelFor":{"text":"Name"},"interaction":{"idSuffix":"inner"}},"clearTextFirst":true,"interactionType":"ENTER_TEXT"}]}
RESULT: {}
RESULT: {"script":"<script> [776 bytes]","args":[{"enterText":"SmdHauAfEg","selector":{"controlType":"sap.m.Input","viewName":"etm.portal.ui.addressmanagement.view.NewAddress","labelFor":{"text":"Name"},"interaction":{"idSuffix":"inner"}},"clearTextFirst":true,"interactionType":"ENTER_TEXT"}]}
COMMAND: POST /session/cae659b15cc7275e60b1b81c56b09654/element - {"using":"xpath","value":"//button[@title=\"Save\"]"}
RESULT: {"using":"xpath","value":"//button[@title=\"Save\"]"}
COMMAND: POST /session/cae659b15cc7275e60b1b81c56b09654/element/f.D3CE125B60283D0486C94B2E8D40B216.d.CBE9F6B3679387256C5113F8C8B5313B.e.586/click - {}
RESULT: {}
COMMAND: GET /session/cae659b15cc7275e60b1b81c56b09654/screenshot - {}
RESULT: {}
COMMAND: POST /session/cae659b15cc7275e60b1b81c56b09654/element - {"using":"xpath","value":"//header[contains(@id, \"application-addressmanagement-display-component---detailAdm--ObjectPageLayout-headerTitle\")]/div[1]/div[3]/div[2]/span"}
RESULT: {"using":"xpath","value":"//header[contains(@id, \"application-addressmanagement-display-component---detailAdm--ObjectPageLayout-headerTitle\")]/div[1]/div[3]/div[2]/span"}
COMMAND: POST /session/cae659b15cc7275e60b1b81c56b09654/elements - {"using":"xpath","value":"//header[contains(@id, \"application-addressmanagement-display-component---detailAdm--ObjectPageLayout-headerTitle\")]/div[1]/div[3]/div[2]/span"}
RESULT: {"using":"xpath","value":"//header[contains(@id, \"application-addressmanagement-display-component---detailAdm--ObjectPageLayout-headerTitle\")]/div[1]/div[3]/div[2]/span"}
COMMAND: POST /session/cae659b15cc7275e60b1b81c56b09654/execute/sync - {"script":"<script> [56 bytes]","args":[{"element-6066-11e4-a52e-4f735466cecf":"f.D3CE125B60283D0486C94B2E8D40B216.d.CBE9F6B3679387256C5113F8C8B5313B.e.614","ELEMENT":"f.D3CE125B60283D0486C94B2E8D40B216.d.CBE9F6B3679387256C5113F8C8B5313B.e.614"}]}
RESULT: {"script":"<script> [56 bytes]","args":[{"element-6066-11e4-a52e-4f735466cecf":"f.D3CE125B60283D0486C94B2E8D40B216.d.CBE9F6B3679387256C5113F8C8B5313B.e.614","ELEMENT":"f.D3CE125B60283D0486C94B2E8D40B216.d.CBE9F6B3679387256C5113F8C8B5313B.e.614"}]}
COMMAND: GET /session/cae659b15cc7275e60b1b81c56b09654/screenshot - {}
RESULT: {}
COMMAND: POST /session/cae659b15cc7275e60b1b81c56b09654/element - {"using":"css selector","value":"#shell-header-logo"}
RESULT: {"using":"css selector","value":"#shell-header-logo"}
COMMAND: POST /session/cae659b15cc7275e60b1b81c56b09654/element/f.D3CE125B60283D0486C94B2E8D40B216.d.CBE9F6B3679387256C5113F8C8B5313B.e.274/click - {}
RESULT: {}
COMMAND: GET /session/cae659b15cc7275e60b1b81c56b09654/screenshot - {}
RESULT: {}
]]></system-out>
    </testcase>
    <testcase classname="chrome.135_0_7049_42.windows.Address_Management_Tests_US151165_US151160" name="Step 2 Should deactivate the created address in earlier step US151165" time="46.182">
      <system-out><![CDATA[
RESULT: undefined
COMMAND: POST /session/cae659b15cc7275e60b1b81c56b09654/element - {"using":"xpath","value":"//*[@id=\"__tile33\"]"}
RESULT: {"using":"xpath","value":"//*[@id=\"__tile33\"]"}
COMMAND: POST /session/cae659b15cc7275e60b1b81c56b09654/element/f.D3CE125B60283D0486C94B2E8D40B216.d.CBE9F6B3679387256C5113F8C8B5313B.e.226/click - {}
RESULT: {}
COMMAND: POST /session/cae659b15cc7275e60b1b81c56b09654/element - {"using":"xpath","value":"//button[@data-kt=\"addButton\"]"}
COMMAND: GET /session/cae659b15cc7275e60b1b81c56b09654/screenshot - {}
RESULT: {"using":"xpath","value":"//button[@data-kt=\"addButton\"]"}
COMMAND: POST /session/cae659b15cc7275e60b1b81c56b09654/elements - {"using":"xpath","value":"//button[@data-kt=\"addButton\"]"}
RESULT: {}
RESULT: {"using":"xpath","value":"//button[@data-kt=\"addButton\"]"}
COMMAND: POST /session/cae659b15cc7275e60b1b81c56b09654/execute/sync - {"script":"<script> [8489 bytes]","args":[{"element-6066-11e4-a52e-4f735466cecf":"f.D3CE125B60283D0486C94B2E8D40B216.d.CBE9F6B3679387256C5113F8C8B5313B.e.661","ELEMENT":"f.D3CE125B60283D0486C94B2E8D40B216.d.CBE9F6B3679387256C5113F8C8B5313B.e.661"}]}
RESULT: {"script":"<script> [8489 bytes]","args":[{"element-6066-11e4-a52e-4f735466cecf":"f.D3CE125B60283D0486C94B2E8D40B216.d.CBE9F6B3679387256C5113F8C8B5313B.e.661","ELEMENT":"f.D3CE125B60283D0486C94B2E8D40B216.d.CBE9F6B3679387256C5113F8C8B5313B.e.661"}]}
COMMAND: GET /session/cae659b15cc7275e60b1b81c56b09654/element/f.D3CE125B60283D0486C94B2E8D40B216.d.CBE9F6B3679387256C5113F8C8B5313B.e.661/enabled - {}
COMMAND: GET /session/cae659b15cc7275e60b1b81c56b09654/screenshot - {}
RESULT: {}
COMMAND: POST /session/cae659b15cc7275e60b1b81c56b09654/execute/sync - {"script":"<script> [8489 bytes]","args":[{"element-6066-11e4-a52e-4f735466cecf":"f.D3CE125B60283D0486C94B2E8D40B216.d.CBE9F6B3679387256C5113F8C8B5313B.e.661","ELEMENT":"f.D3CE125B60283D0486C94B2E8D40B216.d.CBE9F6B3679387256C5113F8C8B5313B.e.661"}]}
COMMAND: GET /session/cae659b15cc7275e60b1b81c56b09654/screenshot - {}
RESULT: {}
RESULT: {"script":"<script> [8489 bytes]","args":[{"element-6066-11e4-a52e-4f735466cecf":"f.D3CE125B60283D0486C94B2E8D40B216.d.CBE9F6B3679387256C5113F8C8B5313B.e.661","ELEMENT":"f.D3CE125B60283D0486C94B2E8D40B216.d.CBE9F6B3679387256C5113F8C8B5313B.e.661"}]}
COMMAND: POST /session/cae659b15cc7275e60b1b81c56b09654/execute/sync - {"script":"<script> [5351 bytes]","args":[{"element-6066-11e4-a52e-4f735466cecf":"f.D3CE125B60283D0486C94B2E8D40B216.d.CBE9F6B3679387256C5113F8C8B5313B.e.661","ELEMENT":"f.D3CE125B60283D0486C94B2E8D40B216.d.CBE9F6B3679387256C5113F8C8B5313B.e.661"}]}
COMMAND: GET /session/cae659b15cc7275e60b1b81c56b09654/screenshot - {}
RESULT: {}
RESULT: {"script":"<script> [5351 bytes]","args":[{"element-6066-11e4-a52e-4f735466cecf":"f.D3CE125B60283D0486C94B2E8D40B216.d.CBE9F6B3679387256C5113F8C8B5313B.e.661","ELEMENT":"f.D3CE125B60283D0486C94B2E8D40B216.d.CBE9F6B3679387256C5113F8C8B5313B.e.661"}]}
COMMAND: GET /session/cae659b15cc7275e60b1b81c56b09654/screenshot - {}
RESULT: {}
RESULT: {}
RESULT: undefined
COMMAND: POST /session/cae659b15cc7275e60b1b81c56b09654/execute/async - {"script":"<script> [776 bytes]","args":[{"enterText":"SmdHauAfEg","selector":{"id":"application-addressmanagement-display-component---masterAdm--smartFilterBar-btnBasicSearch","interaction":{"idSuffix":"I"}},"clearTextFirst":true,"interactionType":"ENTER_TEXT"}]}
RESULT: {"script":"<script> [776 bytes]","args":[{"enterText":"SmdHauAfEg","selector":{"id":"application-addressmanagement-display-component---masterAdm--smartFilterBar-btnBasicSearch","interaction":{"idSuffix":"I"}},"clearTextFirst":true,"interactionType":"ENTER_TEXT"}]}
COMMAND: POST /session/cae659b15cc7275e60b1b81c56b09654/actions - {"actions":[{"id":"action2","type":"key","parameters":{},"actions":[{"type":"keyDown","value":""},{"type":"pause","duration":10},{"type":"keyUp","value":""}]}]}
RESULT: {"actions":[{"id":"action2","type":"key","parameters":{},"actions":[{"type":"keyDown","value":""},{"type":"pause","duration":10},{"type":"keyUp","value":""}]}]}
COMMAND: GET /session/cae659b15cc7275e60b1b81c56b09654/screenshot - {}
RESULT: {}
COMMAND: POST /session/cae659b15cc7275e60b1b81c56b09654/elements - {"using":"xpath","value":"//table[contains(@id, \"customPersonsAddressesTable-listUl\")]/tbody/tr"}
RESULT: {"using":"xpath","value":"//table[contains(@id, \"customPersonsAddressesTable-listUl\")]/tbody/tr"}
COMMAND: POST /session/cae659b15cc7275e60b1b81c56b09654/element - {"using":"xpath","value":"//table[contains(@id, \"customPersonsAddressesTable-listUl\")]/tbody/tr[1]/td[5]/span/span"}
RESULT: {"using":"xpath","value":"//table[contains(@id, \"customPersonsAddressesTable-listUl\")]/tbody/tr[1]/td[5]/span/span"}
COMMAND: POST /session/cae659b15cc7275e60b1b81c56b09654/element - {"using":"xpath","value":"//table[contains(@id, \"customPersonsAddressesTable-listUl\")]/tbody/tr[1]/td[3]/span"}
RESULT: {"using":"xpath","value":"//table[contains(@id, \"customPersonsAddressesTable-listUl\")]/tbody/tr[1]/td[3]/span"}
COMMAND: POST /session/cae659b15cc7275e60b1b81c56b09654/elements - {"using":"xpath","value":"//table[contains(@id, \"customPersonsAddressesTable-listUl\")]/tbody/tr[1]/td[5]/span/span"}
RESULT: {"using":"xpath","value":"//table[contains(@id, \"customPersonsAddressesTable-listUl\")]/tbody/tr[1]/td[5]/span/span"}
COMMAND: POST /session/cae659b15cc7275e60b1b81c56b09654/execute/sync - {"script":"<script> [56 bytes]","args":[{"element-6066-11e4-a52e-4f735466cecf":"f.D3CE125B60283D0486C94B2E8D40B216.d.CBE9F6B3679387256C5113F8C8B5313B.e.807","ELEMENT":"f.D3CE125B60283D0486C94B2E8D40B216.d.CBE9F6B3679387256C5113F8C8B5313B.e.807"}]}
RESULT: {"script":"<script> [56 bytes]","args":[{"element-6066-11e4-a52e-4f735466cecf":"f.D3CE125B60283D0486C94B2E8D40B216.d.CBE9F6B3679387256C5113F8C8B5313B.e.807","ELEMENT":"f.D3CE125B60283D0486C94B2E8D40B216.d.CBE9F6B3679387256C5113F8C8B5313B.e.807"}]}
COMMAND: POST /session/cae659b15cc7275e60b1b81c56b09654/execute/sync - {"script":"<script> [56 bytes]","args":[{"element-6066-11e4-a52e-4f735466cecf":"f.D3CE125B60283D0486C94B2E8D40B216.d.CBE9F6B3679387256C5113F8C8B5313B.e.808","ELEMENT":"f.D3CE125B60283D0486C94B2E8D40B216.d.CBE9F6B3679387256C5113F8C8B5313B.e.808"}]}
COMMAND: GET /session/cae659b15cc7275e60b1b81c56b09654/screenshot - {}
RESULT: {"script":"<script> [56 bytes]","args":[{"element-6066-11e4-a52e-4f735466cecf":"f.D3CE125B60283D0486C94B2E8D40B216.d.CBE9F6B3679387256C5113F8C8B5313B.e.808","ELEMENT":"f.D3CE125B60283D0486C94B2E8D40B216.d.CBE9F6B3679387256C5113F8C8B5313B.e.808"}]}
COMMAND: POST /session/cae659b15cc7275e60b1b81c56b09654/element - {"using":"xpath","value":"//table[contains(@id, \"customPersonsAddressesTable-listUl\")]/tbody/tr[1]/td[10]/div/span"}
COMMAND: GET /session/cae659b15cc7275e60b1b81c56b09654/screenshot - {}
RESULT: {}
RESULT: {}
RESULT: {"using":"xpath","value":"//table[contains(@id, \"customPersonsAddressesTable-listUl\")]/tbody/tr[1]/td[10]/div/span"}
COMMAND: POST /session/cae659b15cc7275e60b1b81c56b09654/execute/sync - {"script":"<script> [56 bytes]","args":[{"element-6066-11e4-a52e-4f735466cecf":"f.D3CE125B60283D0486C94B2E8D40B216.d.CBE9F6B3679387256C5113F8C8B5313B.e.809","ELEMENT":"f.D3CE125B60283D0486C94B2E8D40B216.d.CBE9F6B3679387256C5113F8C8B5313B.e.809"}]}
RESULT: {"script":"<script> [56 bytes]","args":[{"element-6066-11e4-a52e-4f735466cecf":"f.D3CE125B60283D0486C94B2E8D40B216.d.CBE9F6B3679387256C5113F8C8B5313B.e.809","ELEMENT":"f.D3CE125B60283D0486C94B2E8D40B216.d.CBE9F6B3679387256C5113F8C8B5313B.e.809"}]}
COMMAND: POST /session/cae659b15cc7275e60b1b81c56b09654/element - {"using":"xpath","value":"//table[contains(@id, \"customPersonsAddressesTable-listUl\")]/tbody/tr[1]/td[2]/div/div"}
COMMAND: GET /session/cae659b15cc7275e60b1b81c56b09654/screenshot - {}
RESULT: {"using":"xpath","value":"//table[contains(@id, \"customPersonsAddressesTable-listUl\")]/tbody/tr[1]/td[2]/div/div"}
COMMAND: POST /session/cae659b15cc7275e60b1b81c56b09654/element/f.D3CE125B60283D0486C94B2E8D40B216.d.CBE9F6B3679387256C5113F8C8B5313B.e.810/click - {}
RESULT: {}
RESULT: {}
COMMAND: GET /session/cae659b15cc7275e60b1b81c56b09654/screenshot - {}
RESULT: {}
COMMAND: POST /session/cae659b15cc7275e60b1b81c56b09654/element - {"using":"xpath","value":"//bdi[contains(text(), \"Deactivate\")]"}
RESULT: {"using":"xpath","value":"//bdi[contains(text(), \"Deactivate\")]"}
COMMAND: POST /session/cae659b15cc7275e60b1b81c56b09654/element/f.D3CE125B60283D0486C94B2E8D40B216.d.CBE9F6B3679387256C5113F8C8B5313B.e.811/click - {}
RESULT: {}
COMMAND: GET /session/cae659b15cc7275e60b1b81c56b09654/screenshot - {}
RESULT: {}
COMMAND: POST /session/cae659b15cc7275e60b1b81c56b09654/element - {"using":"xpath","value":"//bdi[contains(text(), \"Yes\")]"}
RESULT: {"using":"xpath","value":"//bdi[contains(text(), \"Yes\")]"}
COMMAND: POST /session/cae659b15cc7275e60b1b81c56b09654/element/f.D3CE125B60283D0486C94B2E8D40B216.d.CBE9F6B3679387256C5113F8C8B5313B.e.813/click - {}
RESULT: {}
COMMAND: GET /session/cae659b15cc7275e60b1b81c56b09654/screenshot - {}
RESULT: {}
COMMAND: POST /session/cae659b15cc7275e60b1b81c56b09654/element - {"using":"xpath","value":"//table[contains(@id, \"customPersonsAddressesTable-listUl\")]/tbody/tr[1]/td[10]/div/span"}
RESULT: {"using":"xpath","value":"//table[contains(@id, \"customPersonsAddressesTable-listUl\")]/tbody/tr[1]/td[10]/div/span"}
COMMAND: POST /session/cae659b15cc7275e60b1b81c56b09654/execute/sync - {"script":"<script> [56 bytes]","args":[{"element-6066-11e4-a52e-4f735466cecf":"f.D3CE125B60283D0486C94B2E8D40B216.d.CBE9F6B3679387256C5113F8C8B5313B.e.809","ELEMENT":"f.D3CE125B60283D0486C94B2E8D40B216.d.CBE9F6B3679387256C5113F8C8B5313B.e.809"}]}
RESULT: {"script":"<script> [56 bytes]","args":[{"element-6066-11e4-a52e-4f735466cecf":"f.D3CE125B60283D0486C94B2E8D40B216.d.CBE9F6B3679387256C5113F8C8B5313B.e.809","ELEMENT":"f.D3CE125B60283D0486C94B2E8D40B216.d.CBE9F6B3679387256C5113F8C8B5313B.e.809"}]}
COMMAND: GET /session/cae659b15cc7275e60b1b81c56b09654/screenshot - {}
RESULT: {}
COMMAND: POST /session/cae659b15cc7275e60b1b81c56b09654/element - {"using":"css selector","value":"#shell-header-logo"}
RESULT: {"using":"css selector","value":"#shell-header-logo"}
COMMAND: POST /session/cae659b15cc7275e60b1b81c56b09654/element/f.D3CE125B60283D0486C94B2E8D40B216.d.CBE9F6B3679387256C5113F8C8B5313B.e.619/click - {}
RESULT: {}
COMMAND: GET /session/cae659b15cc7275e60b1b81c56b09654/screenshot - {}
RESULT: {}
]]></system-out>
    </testcase>
    <testcase classname="chrome.135_0_7049_42.windows.Address_Management_Tests_US151165_US151160" name="Step 3 Should activate the created address back again US151160" time="47.555">
      <system-out><![CDATA[
RESULT: undefined
COMMAND: POST /session/cae659b15cc7275e60b1b81c56b09654/element - {"using":"xpath","value":"//*[@id=\"__tile33\"]"}
RESULT: {"using":"xpath","value":"//*[@id=\"__tile33\"]"}
COMMAND: POST /session/cae659b15cc7275e60b1b81c56b09654/element/f.D3CE125B60283D0486C94B2E8D40B216.d.CBE9F6B3679387256C5113F8C8B5313B.e.226/click - {}
RESULT: {}
COMMAND: POST /session/cae659b15cc7275e60b1b81c56b09654/element - {"using":"xpath","value":"//button[@data-kt=\"addButton\"]"}
COMMAND: GET /session/cae659b15cc7275e60b1b81c56b09654/screenshot - {}
RESULT: {"using":"xpath","value":"//button[@data-kt=\"addButton\"]"}
COMMAND: POST /session/cae659b15cc7275e60b1b81c56b09654/elements - {"using":"xpath","value":"//button[@data-kt=\"addButton\"]"}
RESULT: {}
RESULT: {"using":"xpath","value":"//button[@data-kt=\"addButton\"]"}
COMMAND: POST /session/cae659b15cc7275e60b1b81c56b09654/execute/sync - {"script":"<script> [8489 bytes]","args":[{"element-6066-11e4-a52e-4f735466cecf":"f.D3CE125B60283D0486C94B2E8D40B216.d.CBE9F6B3679387256C5113F8C8B5313B.e.863","ELEMENT":"f.D3CE125B60283D0486C94B2E8D40B216.d.CBE9F6B3679387256C5113F8C8B5313B.e.863"}]}
RESULT: {"script":"<script> [8489 bytes]","args":[{"element-6066-11e4-a52e-4f735466cecf":"f.D3CE125B60283D0486C94B2E8D40B216.d.CBE9F6B3679387256C5113F8C8B5313B.e.863","ELEMENT":"f.D3CE125B60283D0486C94B2E8D40B216.d.CBE9F6B3679387256C5113F8C8B5313B.e.863"}]}
COMMAND: GET /session/cae659b15cc7275e60b1b81c56b09654/element/f.D3CE125B60283D0486C94B2E8D40B216.d.CBE9F6B3679387256C5113F8C8B5313B.e.863/enabled - {}
COMMAND: GET /session/cae659b15cc7275e60b1b81c56b09654/screenshot - {}
RESULT: {}
COMMAND: POST /session/cae659b15cc7275e60b1b81c56b09654/execute/sync - {"script":"<script> [8489 bytes]","args":[{"element-6066-11e4-a52e-4f735466cecf":"f.D3CE125B60283D0486C94B2E8D40B216.d.CBE9F6B3679387256C5113F8C8B5313B.e.863","ELEMENT":"f.D3CE125B60283D0486C94B2E8D40B216.d.CBE9F6B3679387256C5113F8C8B5313B.e.863"}]}
COMMAND: GET /session/cae659b15cc7275e60b1b81c56b09654/screenshot - {}
RESULT: {}
RESULT: {"script":"<script> [8489 bytes]","args":[{"element-6066-11e4-a52e-4f735466cecf":"f.D3CE125B60283D0486C94B2E8D40B216.d.CBE9F6B3679387256C5113F8C8B5313B.e.863","ELEMENT":"f.D3CE125B60283D0486C94B2E8D40B216.d.CBE9F6B3679387256C5113F8C8B5313B.e.863"}]}
COMMAND: POST /session/cae659b15cc7275e60b1b81c56b09654/execute/sync - {"script":"<script> [5351 bytes]","args":[{"element-6066-11e4-a52e-4f735466cecf":"f.D3CE125B60283D0486C94B2E8D40B216.d.CBE9F6B3679387256C5113F8C8B5313B.e.863","ELEMENT":"f.D3CE125B60283D0486C94B2E8D40B216.d.CBE9F6B3679387256C5113F8C8B5313B.e.863"}]}
COMMAND: GET /session/cae659b15cc7275e60b1b81c56b09654/screenshot - {}
RESULT: {}
RESULT: {"script":"<script> [5351 bytes]","args":[{"element-6066-11e4-a52e-4f735466cecf":"f.D3CE125B60283D0486C94B2E8D40B216.d.CBE9F6B3679387256C5113F8C8B5313B.e.863","ELEMENT":"f.D3CE125B60283D0486C94B2E8D40B216.d.CBE9F6B3679387256C5113F8C8B5313B.e.863"}]}
COMMAND: GET /session/cae659b15cc7275e60b1b81c56b09654/screenshot - {}
RESULT: {}
RESULT: {}
RESULT: undefined
COMMAND: POST /session/cae659b15cc7275e60b1b81c56b09654/execute/async - {"script":"<script> [776 bytes]","args":[{"enterText":"SmdHauAfEg","selector":{"id":"application-addressmanagement-display-component---masterAdm--smartFilterBar-btnBasicSearch","interaction":{"idSuffix":"I"}},"clearTextFirst":true,"interactionType":"ENTER_TEXT"}]}
RESULT: {"script":"<script> [776 bytes]","args":[{"enterText":"SmdHauAfEg","selector":{"id":"application-addressmanagement-display-component---masterAdm--smartFilterBar-btnBasicSearch","interaction":{"idSuffix":"I"}},"clearTextFirst":true,"interactionType":"ENTER_TEXT"}]}
COMMAND: POST /session/cae659b15cc7275e60b1b81c56b09654/actions - {"actions":[{"id":"action3","type":"key","parameters":{},"actions":[{"type":"keyDown","value":""},{"type":"pause","duration":10},{"type":"keyUp","value":""}]}]}
RESULT: {"actions":[{"id":"action3","type":"key","parameters":{},"actions":[{"type":"keyDown","value":""},{"type":"pause","duration":10},{"type":"keyUp","value":""}]}]}
COMMAND: GET /session/cae659b15cc7275e60b1b81c56b09654/screenshot - {}
RESULT: {}
COMMAND: POST /session/cae659b15cc7275e60b1b81c56b09654/elements - {"using":"xpath","value":"//table[contains(@id, \"customPersonsAddressesTable-listUl\")]/tbody/tr"}
RESULT: {"using":"xpath","value":"//table[contains(@id, \"customPersonsAddressesTable-listUl\")]/tbody/tr"}
COMMAND: POST /session/cae659b15cc7275e60b1b81c56b09654/element - {"using":"xpath","value":"//table[contains(@id, \"customPersonsAddressesTable-listUl\")]/tbody/tr[1]/td[5]/span/span"}
RESULT: {"using":"xpath","value":"//table[contains(@id, \"customPersonsAddressesTable-listUl\")]/tbody/tr[1]/td[5]/span/span"}
COMMAND: POST /session/cae659b15cc7275e60b1b81c56b09654/element - {"using":"xpath","value":"//table[contains(@id, \"customPersonsAddressesTable-listUl\")]/tbody/tr[1]/td[3]/span"}
RESULT: {"using":"xpath","value":"//table[contains(@id, \"customPersonsAddressesTable-listUl\")]/tbody/tr[1]/td[3]/span"}
COMMAND: POST /session/cae659b15cc7275e60b1b81c56b09654/elements - {"using":"xpath","value":"//table[contains(@id, \"customPersonsAddressesTable-listUl\")]/tbody/tr[1]/td[5]/span/span"}
RESULT: {"using":"xpath","value":"//table[contains(@id, \"customPersonsAddressesTable-listUl\")]/tbody/tr[1]/td[5]/span/span"}
COMMAND: POST /session/cae659b15cc7275e60b1b81c56b09654/execute/sync - {"script":"<script> [56 bytes]","args":[{"element-6066-11e4-a52e-4f735466cecf":"f.D3CE125B60283D0486C94B2E8D40B216.d.CBE9F6B3679387256C5113F8C8B5313B.e.1009","ELEMENT":"f.D3CE125B60283D0486C94B2E8D40B216.d.CBE9F6B3679387256C5113F8C8B5313B.e.1009"}]}
RESULT: {"script":"<script> [56 bytes]","args":[{"element-6066-11e4-a52e-4f735466cecf":"f.D3CE125B60283D0486C94B2E8D40B216.d.CBE9F6B3679387256C5113F8C8B5313B.e.1009","ELEMENT":"f.D3CE125B60283D0486C94B2E8D40B216.d.CBE9F6B3679387256C5113F8C8B5313B.e.1009"}]}
COMMAND: POST /session/cae659b15cc7275e60b1b81c56b09654/execute/sync - {"script":"<script> [56 bytes]","args":[{"element-6066-11e4-a52e-4f735466cecf":"f.D3CE125B60283D0486C94B2E8D40B216.d.CBE9F6B3679387256C5113F8C8B5313B.e.1010","ELEMENT":"f.D3CE125B60283D0486C94B2E8D40B216.d.CBE9F6B3679387256C5113F8C8B5313B.e.1010"}]}
COMMAND: GET /session/cae659b15cc7275e60b1b81c56b09654/screenshot - {}
RESULT: {"script":"<script> [56 bytes]","args":[{"element-6066-11e4-a52e-4f735466cecf":"f.D3CE125B60283D0486C94B2E8D40B216.d.CBE9F6B3679387256C5113F8C8B5313B.e.1010","ELEMENT":"f.D3CE125B60283D0486C94B2E8D40B216.d.CBE9F6B3679387256C5113F8C8B5313B.e.1010"}]}
COMMAND: POST /session/cae659b15cc7275e60b1b81c56b09654/element - {"using":"xpath","value":"//table[contains(@id, \"customPersonsAddressesTable-listUl\")]/tbody/tr[1]/td[10]/div/span"}
COMMAND: GET /session/cae659b15cc7275e60b1b81c56b09654/screenshot - {}
RESULT: {}
RESULT: {"using":"xpath","value":"//table[contains(@id, \"customPersonsAddressesTable-listUl\")]/tbody/tr[1]/td[10]/div/span"}
COMMAND: POST /session/cae659b15cc7275e60b1b81c56b09654/execute/sync - {"script":"<script> [56 bytes]","args":[{"element-6066-11e4-a52e-4f735466cecf":"f.D3CE125B60283D0486C94B2E8D40B216.d.CBE9F6B3679387256C5113F8C8B5313B.e.1011","ELEMENT":"f.D3CE125B60283D0486C94B2E8D40B216.d.CBE9F6B3679387256C5113F8C8B5313B.e.1011"}]}
RESULT: {}
RESULT: {"script":"<script> [56 bytes]","args":[{"element-6066-11e4-a52e-4f735466cecf":"f.D3CE125B60283D0486C94B2E8D40B216.d.CBE9F6B3679387256C5113F8C8B5313B.e.1011","ELEMENT":"f.D3CE125B60283D0486C94B2E8D40B216.d.CBE9F6B3679387256C5113F8C8B5313B.e.1011"}]}
COMMAND: POST /session/cae659b15cc7275e60b1b81c56b09654/element - {"using":"xpath","value":"//table[contains(@id, \"customPersonsAddressesTable-listUl\")]/tbody/tr[1]/td[2]/div/div"}
COMMAND: GET /session/cae659b15cc7275e60b1b81c56b09654/screenshot - {}
RESULT: {"using":"xpath","value":"//table[contains(@id, \"customPersonsAddressesTable-listUl\")]/tbody/tr[1]/td[2]/div/div"}
COMMAND: POST /session/cae659b15cc7275e60b1b81c56b09654/element/f.D3CE125B60283D0486C94B2E8D40B216.d.CBE9F6B3679387256C5113F8C8B5313B.e.1012/click - {}
RESULT: {}
RESULT: {}
COMMAND: GET /session/cae659b15cc7275e60b1b81c56b09654/screenshot - {}
RESULT: {}
COMMAND: POST /session/cae659b15cc7275e60b1b81c56b09654/element - {"using":"xpath","value":"//bdi[contains(text(), \"Activate\")]"}
RESULT: {"using":"xpath","value":"//bdi[contains(text(), \"Activate\")]"}
COMMAND: POST /session/cae659b15cc7275e60b1b81c56b09654/element/f.D3CE125B60283D0486C94B2E8D40B216.d.CBE9F6B3679387256C5113F8C8B5313B.e.1013/click - {}
RESULT: {}
COMMAND: GET /session/cae659b15cc7275e60b1b81c56b09654/screenshot - {}
RESULT: {}
COMMAND: POST /session/cae659b15cc7275e60b1b81c56b09654/element - {"using":"xpath","value":"//bdi[contains(text(), \"Yes\")]"}
RESULT: {"using":"xpath","value":"//bdi[contains(text(), \"Yes\")]"}
COMMAND: POST /session/cae659b15cc7275e60b1b81c56b09654/element/f.D3CE125B60283D0486C94B2E8D40B216.d.CBE9F6B3679387256C5113F8C8B5313B.e.1015/click - {}
RESULT: {}
COMMAND: GET /session/cae659b15cc7275e60b1b81c56b09654/screenshot - {}
RESULT: {}
COMMAND: POST /session/cae659b15cc7275e60b1b81c56b09654/element - {"using":"xpath","value":"//table[contains(@id, \"customPersonsAddressesTable-listUl\")]/tbody/tr[1]/td[10]/div/span"}
RESULT: {"using":"xpath","value":"//table[contains(@id, \"customPersonsAddressesTable-listUl\")]/tbody/tr[1]/td[10]/div/span"}
COMMAND: POST /session/cae659b15cc7275e60b1b81c56b09654/execute/sync - {"script":"<script> [56 bytes]","args":[{"element-6066-11e4-a52e-4f735466cecf":"f.D3CE125B60283D0486C94B2E8D40B216.d.CBE9F6B3679387256C5113F8C8B5313B.e.1011","ELEMENT":"f.D3CE125B60283D0486C94B2E8D40B216.d.CBE9F6B3679387256C5113F8C8B5313B.e.1011"}]}
RESULT: {"script":"<script> [56 bytes]","args":[{"element-6066-11e4-a52e-4f735466cecf":"f.D3CE125B60283D0486C94B2E8D40B216.d.CBE9F6B3679387256C5113F8C8B5313B.e.1011","ELEMENT":"f.D3CE125B60283D0486C94B2E8D40B216.d.CBE9F6B3679387256C5113F8C8B5313B.e.1011"}]}
COMMAND: GET /session/cae659b15cc7275e60b1b81c56b09654/screenshot - {}
RESULT: {}
COMMAND: POST /session/cae659b15cc7275e60b1b81c56b09654/element - {"using":"css selector","value":"#shell-header-logo"}
RESULT: {"using":"css selector","value":"#shell-header-logo"}
COMMAND: POST /session/cae659b15cc7275e60b1b81c56b09654/element/f.D3CE125B60283D0486C94B2E8D40B216.d.CBE9F6B3679387256C5113F8C8B5313B.e.821/click - {}
RESULT: {}
COMMAND: GET /session/cae659b15cc7275e60b1b81c56b09654/screenshot - {}
RESULT: {}
COMMAND: DELETE /session/cae659b15cc7275e60b1b81c56b09654 - {}
RESULT: {}
]]></system-out>
    </testcase>
  </testsuite>
</testsuites>