<?xml version="1.0" encoding="UTF-8"?>
<testsuites tests="15" failures="6" errors="6" skipped="0">
  <testsuite timestamp="2025-06-12T15:18:28" time="191.827" tests="2" failures="0" errors="0" skipped="0">
    <properties>
      <property name="specId" value="0" />
      <property name="suiteName" value="Assign the user test user id to an address" />
      <property name="capabilities" value="chrome.137_0_7151_69.windows" />
      <property name="file" value="file:///D:/a/1/s/test/specs/R2C/assign-user-id-to-an-address.spec.js" />
    </properties>
    <testcase classname="chrome.137_0_7151_69.windows.Assign_the_user_test_user_id_to_an_address" name="Should search for test1ETM create only if not present" time="106.263">
      <system-out><![CDATA[
COMMAND: POST /session/4b3369f25ef82e030cb388b696eaa2b5/execute/async - {"script":"<script> [1562 bytes]","args":[{"selector":{"id":"application-addressmanagement-display-component---masterAdm--smartFilterBar-filterItemControl_BASIC-NAME-vhi"},"wdio_ui5_key":"applicationaddressmanagement-display-component---masterAdm--smartFilterBar-filterItemControl_BASIC-NAME-vhi"}]}
RESULT: {"script":"<script> [1562 bytes]","args":[{"selector":{"id":"application-addressmanagement-display-component---masterAdm--smartFilterBar-filterItemControl_BASIC-NAME-vhi"},"wdio_ui5_key":"applicationaddressmanagement-display-component---masterAdm--smartFilterBar-filterItemControl_BASIC-NAME-vhi"}]}
RESULT: undefined
COMMAND: POST /session/4b3369f25ef82e030cb388b696eaa2b5/element - {"using":"xpath","value":"//*[@id=\"application-addressmanagement-display-component---masterAdm--smartFilterBar-filterItemControl_BASIC-NAME-vhi\"]"}
RESULT: {"using":"xpath","value":"//*[@id=\"application-addressmanagement-display-component---masterAdm--smartFilterBar-filterItemControl_BASIC-NAME-vhi\"]"}
COMMAND: POST /session/4b3369f25ef82e030cb388b696eaa2b5/element/f.6E5FC992F903C9EC30278D2915A1424A.d.CEA90F497493EBB44C9852049A34D67D.e.292/click - {}
RESULT: {}
COMMAND: POST /session/4b3369f25ef82e030cb388b696eaa2b5/execute/async - {"script":"<script> [1562 bytes]","args":[{"selector":{"controlType":"sap.m.Input","viewName":"etm.portal.ui.addressmanagement.view.Master","viewId":"application-addressmanagement-display-component---masterAdm","properties":{"valueState":"None"},"searchOpenDialogs":true,"interaction":{"idSuffix":"inner"}},"wdio_ui5_key":"etmportal.ui.addressmanagement.view.Mastersap.m.Input{\"valueState\":\"None\"}"}]}
COMMAND: GET /session/4b3369f25ef82e030cb388b696eaa2b5/screenshot - {}
RESULT: {"script":"<script> [1562 bytes]","args":[{"selector":{"controlType":"sap.m.Input","viewName":"etm.portal.ui.addressmanagement.view.Master","viewId":"application-addressmanagement-display-component---masterAdm","properties":{"valueState":"None"},"searchOpenDialogs":true,"interaction":{"idSuffix":"inner"}},"wdio_ui5_key":"etmportal.ui.addressmanagement.view.Mastersap.m.Input{\"valueState\":\"None\"}"}]}
RESULT: undefined
COMMAND: POST /session/4b3369f25ef82e030cb388b696eaa2b5/execute/async - {"script":"<script> [776 bytes]","args":[{"enterText":"Test1ETM","selector":{"controlType":"sap.m.Input","viewName":"etm.portal.ui.addressmanagement.view.Master","viewId":"application-addressmanagement-display-component---masterAdm","properties":{"valueState":"None"},"searchOpenDialogs":true,"interaction":{"idSuffix":"inner"}},"clearTextFirst":true,"interactionType":"ENTER_TEXT"}]}
RESULT: {}
RESULT: {"script":"<script> [776 bytes]","args":[{"enterText":"Test1ETM","selector":{"controlType":"sap.m.Input","viewName":"etm.portal.ui.addressmanagement.view.Master","viewId":"application-addressmanagement-display-component---masterAdm","properties":{"valueState":"None"},"searchOpenDialogs":true,"interaction":{"idSuffix":"inner"}},"clearTextFirst":true,"interactionType":"ENTER_TEXT"}]}
COMMAND: POST /session/4b3369f25ef82e030cb388b696eaa2b5/actions - {"actions":[{"id":"action1","type":"key","parameters":{},"actions":[{"type":"keyDown","value":"î€‡"},{"type":"pause","duration":10},{"type":"keyUp","value":"î€‡"}]}]}
RESULT: {"actions":[{"id":"action1","type":"key","parameters":{},"actions":[{"type":"keyDown","value":"î€‡"},{"type":"pause","duration":10},{"type":"keyUp","value":"î€‡"}]}]}
COMMAND: POST /session/4b3369f25ef82e030cb388b696eaa2b5/execute/async - {"script":"<script> [1562 bytes]","args":[{"selector":{"id":"application-addressmanagement-display-component---masterAdm--smartFilterBar-filterItemControl_BASIC-NAME-valueHelpDialog-ok","searchOpenDialogs":true,"interaction":{"idSuffix":"BDI-content"}},"wdio_ui5_key":"applicationaddressmanagement-display-component---masterAdm--smartFilterBar-filterItemControl_BASIC-NAME-valueHelpDialog-ok"}]}
COMMAND: GET /session/4b3369f25ef82e030cb388b696eaa2b5/screenshot - {}
RESULT: {"script":"<script> [1562 bytes]","args":[{"selector":{"id":"application-addressmanagement-display-component---masterAdm--smartFilterBar-filterItemControl_BASIC-NAME-valueHelpDialog-ok","searchOpenDialogs":true,"interaction":{"idSuffix":"BDI-content"}},"wdio_ui5_key":"applicationaddressmanagement-display-component---masterAdm--smartFilterBar-filterItemControl_BASIC-NAME-valueHelpDialog-ok"}]}
RESULT: undefined
COMMAND: POST /session/4b3369f25ef82e030cb388b696eaa2b5/element - {"using":"xpath","value":"//*[@id=\"application-addressmanagement-display-component---masterAdm--smartFilterBar-filterItemControl_BASIC-NAME-valueHelpDialog-ok\"]"}
RESULT: {}
RESULT: {"using":"xpath","value":"//*[@id=\"application-addressmanagement-display-component---masterAdm--smartFilterBar-filterItemControl_BASIC-NAME-valueHelpDialog-ok\"]"}
COMMAND: POST /session/4b3369f25ef82e030cb388b696eaa2b5/element/f.6E5FC992F903C9EC30278D2915A1424A.d.CEA90F497493EBB44C9852049A34D67D.e.300/click - {}
RESULT: {}
COMMAND: GET /session/4b3369f25ef82e030cb388b696eaa2b5/screenshot - {}
RESULT: {}
COMMAND: POST /session/4b3369f25ef82e030cb388b696eaa2b5/element - {"using":"xpath","value":"(//span[text()=\"Active\"])[1]"}
RESULT: {"using":"xpath","value":"(//span[text()=\"Active\"])[1]"}
COMMAND: POST /session/4b3369f25ef82e030cb388b696eaa2b5/elements - {"using":"xpath","value":"(//span[text()=\"Active\"])[1]"}
RESULT: {"using":"xpath","value":"(//span[text()=\"Active\"])[1]"}
COMMAND: POST /session/4b3369f25ef82e030cb388b696eaa2b5/execute/async - {"script":"<script> [1562 bytes]","args":[{"selector":{"controlType":"sap.ui.core.Icon","viewName":"etm.portal.ui.addressmanagement.view.Master","viewId":"application-addressmanagement-display-component---masterAdm","properties":{"src":{"regex":{"source":"add"}}}},"wdio_ui5_key":"etmportal.ui.addressmanagement.view.Mastersap.ui.core.Icon{\"src\":{\"regex\":{\"source\":\"add\"}}}"}]}
RESULT: {"script":"<script> [1562 bytes]","args":[{"selector":{"controlType":"sap.ui.core.Icon","viewName":"etm.portal.ui.addressmanagement.view.Master","viewId":"application-addressmanagement-display-component---masterAdm","properties":{"src":{"regex":{"source":"add"}}}},"wdio_ui5_key":"etmportal.ui.addressmanagement.view.Mastersap.ui.core.Icon{\"src\":{\"regex\":{\"source\":\"add\"}}}"}]}
RESULT: undefined
COMMAND: POST /session/4b3369f25ef82e030cb388b696eaa2b5/element - {"using":"xpath","value":"//*[@id=\"__button4-img\"]"}
RESULT: {"using":"xpath","value":"//*[@id=\"__button4-img\"]"}
COMMAND: POST /session/4b3369f25ef82e030cb388b696eaa2b5/element/f.6E5FC992F903C9EC30278D2915A1424A.d.CEA90F497493EBB44C9852049A34D67D.e.168/click - {}
RESULT: {}
COMMAND: POST /session/4b3369f25ef82e030cb388b696eaa2b5/execute/async - {"script":"<script> [1562 bytes]","args":[{"selector":{"controlType":"sap.ui.core.Icon","viewName":"etm.portal.ui.addressmanagement.view.NewAddress","properties":{"src":{"regex":{"source":"slim\\-arrow\\-down"}}},"ancestor":{"id":"addressTitle","viewName":"etm.portal.ui.addressmanagement.view.NewAddress"}},"wdio_ui5_key":"etmportal.ui.addressmanagement.view.NewAddresssap.ui.core.Icon{\"src\":{\"regex\":{\"source\":\"slim\\\\-arrow\\\\-down\"}}}{\"id\":\"addressTitle\",\"viewName\":\"etm.portal.ui.addressmanagement.view.NewAddress\"}"}]}
COMMAND: GET /session/4b3369f25ef82e030cb388b696eaa2b5/screenshot - {}
RESULT: {"script":"<script> [1562 bytes]","args":[{"selector":{"controlType":"sap.ui.core.Icon","viewName":"etm.portal.ui.addressmanagement.view.NewAddress","properties":{"src":{"regex":{"source":"slim\\-arrow\\-down"}}},"ancestor":{"id":"addressTitle","viewName":"etm.portal.ui.addressmanagement.view.NewAddress"}},"wdio_ui5_key":"etmportal.ui.addressmanagement.view.NewAddresssap.ui.core.Icon{\"src\":{\"regex\":{\"source\":\"slim\\\\-arrow\\\\-down\"}}}{\"id\":\"addressTitle\",\"viewName\":\"etm.portal.ui.addressmanagement.view.NewAddress\"}"}]}
RESULT: undefined
COMMAND: POST /session/4b3369f25ef82e030cb388b696eaa2b5/element - {"using":"xpath","value":"//*[@id=\"__xmlview59--addressTitle-arrow\"]"}
RESULT: {}
RESULT: {"using":"xpath","value":"//*[@id=\"__xmlview59--addressTitle-arrow\"]"}
COMMAND: POST /session/4b3369f25ef82e030cb388b696eaa2b5/element/f.6E5FC992F903C9EC30278D2915A1424A.d.CEA90F497493EBB44C9852049A34D67D.e.337/click - {}
RESULT: {}
COMMAND: POST /session/4b3369f25ef82e030cb388b696eaa2b5/execute/async - {"script":"<script> [1562 bytes]","args":[{"selector":{"controlType":"sap.m.StandardListItem","viewName":"etm.portal.ui.addressmanagement.view.NewAddress","properties":{"title":"Mr."},"searchOpenDialogs":true},"wdio_ui5_key":"etmportal.ui.addressmanagement.view.NewAddresssap.m.StandardListItem{\"title\":\"Mr.\"}"}]}
COMMAND: GET /session/4b3369f25ef82e030cb388b696eaa2b5/screenshot - {}
RESULT: {"script":"<script> [1562 bytes]","args":[{"selector":{"controlType":"sap.m.StandardListItem","viewName":"etm.portal.ui.addressmanagement.view.NewAddress","properties":{"title":"Mr."},"searchOpenDialogs":true},"wdio_ui5_key":"etmportal.ui.addressmanagement.view.NewAddresssap.m.StandardListItem{\"title\":\"Mr.\"}"}]}
RESULT: undefined
COMMAND: POST /session/4b3369f25ef82e030cb388b696eaa2b5/element - {"using":"xpath","value":"//*[@id=\"__item202\"]"}
RESULT: {}
RESULT: {"using":"xpath","value":"//*[@id=\"__item202\"]"}
COMMAND: POST /session/4b3369f25ef82e030cb388b696eaa2b5/element/f.6E5FC992F903C9EC30278D2915A1424A.d.CEA90F497493EBB44C9852049A34D67D.e.447/click - {}
RESULT: {}
COMMAND: POST /session/4b3369f25ef82e030cb388b696eaa2b5/execute/async - {"script":"<script> [1562 bytes]","args":[{"selector":{"id":"addressDetailDetailsLanguage","viewName":"etm.portal.ui.addressmanagement.view.NewAddress","interaction":{"idSuffix":"inner"}},"wdio_ui5_key":"addressDetailDetailsLanguageetmportal.ui.addressmanagement.view.NewAddress"}]}
COMMAND: GET /session/4b3369f25ef82e030cb388b696eaa2b5/screenshot - {}
RESULT: {"script":"<script> [1562 bytes]","args":[{"selector":{"id":"addressDetailDetailsLanguage","viewName":"etm.portal.ui.addressmanagement.view.NewAddress","interaction":{"idSuffix":"inner"}},"wdio_ui5_key":"addressDetailDetailsLanguageetmportal.ui.addressmanagement.view.NewAddress"}]}
RESULT: undefined
COMMAND: POST /session/4b3369f25ef82e030cb388b696eaa2b5/execute/async - {"script":"<script> [776 bytes]","args":[{"enterText":"Romanian","selector":{"id":"addressDetailDetailsLanguage","viewName":"etm.portal.ui.addressmanagement.view.NewAddress","interaction":{"idSuffix":"inner"}},"clearTextFirst":true,"interactionType":"ENTER_TEXT"}]}
RESULT: {}
RESULT: {"script":"<script> [776 bytes]","args":[{"enterText":"Romanian","selector":{"id":"addressDetailDetailsLanguage","viewName":"etm.portal.ui.addressmanagement.view.NewAddress","interaction":{"idSuffix":"inner"}},"clearTextFirst":true,"interactionType":"ENTER_TEXT"}]}
COMMAND: POST /session/4b3369f25ef82e030cb388b696eaa2b5/actions - {"actions":[{"id":"action2","type":"key","parameters":{},"actions":[{"type":"keyDown","value":"î€‡"},{"type":"pause","duration":10},{"type":"keyUp","value":"î€‡"}]}]}
RESULT: {"actions":[{"id":"action2","type":"key","parameters":{},"actions":[{"type":"keyDown","value":"î€‡"},{"type":"pause","duration":10},{"type":"keyUp","value":"î€‡"}]}]}
COMMAND: POST /session/4b3369f25ef82e030cb388b696eaa2b5/execute/async - {"script":"<script> [1562 bytes]","args":[{"selector":{"id":"addressUserId","viewName":"etm.portal.ui.addressmanagement.view.NewAddress"},"wdio_ui5_key":"addressUserIdetmportal.ui.addressmanagement.view.NewAddress"}]}
COMMAND: GET /session/4b3369f25ef82e030cb388b696eaa2b5/screenshot - {}
RESULT: {"script":"<script> [1562 bytes]","args":[{"selector":{"id":"addressUserId","viewName":"etm.portal.ui.addressmanagement.view.NewAddress"},"wdio_ui5_key":"addressUserIdetmportal.ui.addressmanagement.view.NewAddress"}]}
RESULT: undefined
COMMAND: POST /session/4b3369f25ef82e030cb388b696eaa2b5/execute/async - {"script":"<script> [776 bytes]","args":[{"enterText":"test1etm@bearingpoint.com","selector":{"id":"addressUserId","viewName":"etm.portal.ui.addressmanagement.view.NewAddress"},"clearTextFirst":true,"interactionType":"ENTER_TEXT"}]}
RESULT: {}
RESULT: {"script":"<script> [776 bytes]","args":[{"enterText":"test1etm@bearingpoint.com","selector":{"id":"addressUserId","viewName":"etm.portal.ui.addressmanagement.view.NewAddress"},"clearTextFirst":true,"interactionType":"ENTER_TEXT"}]}
COMMAND: POST /session/4b3369f25ef82e030cb388b696eaa2b5/execute/async - {"script":"<script> [1562 bytes]","args":[{"selector":{"controlType":"sap.m.Input","viewName":"etm.portal.ui.addressmanagement.view.NewAddress","labelFor":{"text":"Name"}},"wdio_ui5_key":"etmportal.ui.addressmanagement.view.NewAddresssap.m.Input{\"text\":\"Name\"}"}]}
RESULT: {"script":"<script> [1562 bytes]","args":[{"selector":{"controlType":"sap.m.Input","viewName":"etm.portal.ui.addressmanagement.view.NewAddress","labelFor":{"text":"Name"}},"wdio_ui5_key":"etmportal.ui.addressmanagement.view.NewAddresssap.m.Input{\"text\":\"Name\"}"}]}
RESULT: undefined
COMMAND: POST /session/4b3369f25ef82e030cb388b696eaa2b5/execute/async - {"script":"<script> [776 bytes]","args":[{"enterText":"Test1ETM","selector":{"controlType":"sap.m.Input","viewName":"etm.portal.ui.addressmanagement.view.NewAddress","labelFor":{"text":"Name"}},"clearTextFirst":true,"interactionType":"ENTER_TEXT"}]}
RESULT: {"script":"<script> [776 bytes]","args":[{"enterText":"Test1ETM","selector":{"controlType":"sap.m.Input","viewName":"etm.portal.ui.addressmanagement.view.NewAddress","labelFor":{"text":"Name"}},"clearTextFirst":true,"interactionType":"ENTER_TEXT"}]}
COMMAND: POST /session/4b3369f25ef82e030cb388b696eaa2b5/execute/async - {"script":"<script> [1562 bytes]","args":[{"selector":{"controlType":"sap.m.Button","viewName":"etm.portal.ui.addressmanagement.view.NewAddress","i18NText":{"propertyName":"text","key":"save"}},"wdio_ui5_key":"etmportal.ui.addressmanagement.view.NewAddresssap.m.Button{\"propertyName\":\"text\",\"key\":\"save\"}"}]}
RESULT: {"script":"<script> [1562 bytes]","args":[{"selector":{"controlType":"sap.m.Button","viewName":"etm.portal.ui.addressmanagement.view.NewAddress","i18NText":{"propertyName":"text","key":"save"}},"wdio_ui5_key":"etmportal.ui.addressmanagement.view.NewAddresssap.m.Button{\"propertyName\":\"text\",\"key\":\"save\"}"}]}
RESULT: undefined
COMMAND: POST /session/4b3369f25ef82e030cb388b696eaa2b5/element - {"using":"xpath","value":"//*[@id=\"__button22\"]"}
RESULT: {"using":"xpath","value":"//*[@id=\"__button22\"]"}
COMMAND: POST /session/4b3369f25ef82e030cb388b696eaa2b5/element/f.6E5FC992F903C9EC30278D2915A1424A.d.CEA90F497493EBB44C9852049A34D67D.e.437/click - {}
RESULT: {}
COMMAND: POST /session/4b3369f25ef82e030cb388b696eaa2b5/execute/async - {"script":"<script> [1562 bytes]","args":[{"selector":{"id":"application-addressmanagement-display-component---detailAdm--addressDetailDetailsName1"},"wdio_ui5_key":"applicationaddressmanagement-display-component---detailAdm--addressDetailDetailsName1"}]}
COMMAND: GET /session/4b3369f25ef82e030cb388b696eaa2b5/screenshot - {}
RESULT: {"script":"<script> [1562 bytes]","args":[{"selector":{"id":"application-addressmanagement-display-component---detailAdm--addressDetailDetailsName1"},"wdio_ui5_key":"applicationaddressmanagement-display-component---detailAdm--addressDetailDetailsName1"}]}
RESULT: undefined
COMMAND: POST /session/4b3369f25ef82e030cb388b696eaa2b5/execute/async - {"script":"<script> [6424 bytes]","args":[{"element-6066-11e4-a52e-4f735466cecf":"f.6E5FC992F903C9EC30278D2915A1424A.d.CEA90F497493EBB44C9852049A34D67D.e.473"},"getText",[]]}
RESULT: {}
RESULT: {"script":"<script> [6424 bytes]","args":[{"element-6066-11e4-a52e-4f735466cecf":"f.6E5FC992F903C9EC30278D2915A1424A.d.CEA90F497493EBB44C9852049A34D67D.e.473"},"getText",[]]}
COMMAND: POST /session/4b3369f25ef82e030cb388b696eaa2b5/refresh - {}
RESULT: {}
COMMAND: GET /session/4b3369f25ef82e030cb388b696eaa2b5/screenshot - {}
RESULT: {}
COMMAND: POST /session/4b3369f25ef82e030cb388b696eaa2b5/refresh - {}
RESULT: {}
COMMAND: GET /session/4b3369f25ef82e030cb388b696eaa2b5/screenshot - {}
RESULT: {}
COMMAND: POST /session/4b3369f25ef82e030cb388b696eaa2b5/window/fullscreen - {}
RESULT: {}
COMMAND: POST /session/4b3369f25ef82e030cb388b696eaa2b5/execute/async - {"script":"<script> [189 bytes]","args":[]}
RESULT: {"script":"<script> [189 bytes]","args":[]}
COMMAND: POST /session/4b3369f25ef82e030cb388b696eaa2b5/execute/async - {"script":"<script> [123 bytes]","args":[]}
RESULT: {"script":"<script> [123 bytes]","args":[]}
COMMAND: POST /session/4b3369f25ef82e030cb388b696eaa2b5/timeouts - {"script":"<number>"}
RESULT: {"script":"<number>"}
COMMAND: GET /session/4b3369f25ef82e030cb388b696eaa2b5/timeouts - {}
RESULT: {}
RESULT: undefined
COMMAND: POST /session/4b3369f25ef82e030cb388b696eaa2b5/execute/async - {"script":"<script> [2676 bytes]","args":[]}
RESULT: {"script":"<script> [2676 bytes]","args":[]}
COMMAND: POST /session/4b3369f25ef82e030cb388b696eaa2b5/execute/async - {"script":"<script> [2342 bytes]","args":[{"protocol":"http","hostname":"0.0.0.0","path":"/","capabilities":{"browserName":"chrome","goog:chromeOptions":{"binary":"C:\\Program Files\\Google\\Chrome\\Application\\chrome.exe","args":["--start-maximized"]}},"logLevel":"warn","connectionRetryTimeout":120000,"connectionRetryCount":3,"logLevels":{},"enableDirectConnect":true,"strictSSL":true,"_":"65 more keys: [\"cacheDir\",\"port\",\"requestedCapabilities\",\"automationProtocol\",\"baseUrl\",\"waitforInterval\",\"waitforTimeout\",\"onReload\",\"beforeCommand\",\"afterCommand\",\"rootDir\",\"specs\",\"suites\",\"exclude\",\"groupLogsByTestSpec\",\"excludeDriverLogs\",\"bail\",\"framework\",\"reporters\",\"services\",\"maxInstances\",\"maxInstancesPerCapability\",\"injectGlobals\",\"filesToWatch\",\"execArgv\",\"runnerEnv\",\"runner\",\"shard\",\"specFileRetries\",\"specFileRetriesDelay\",\"specFileRetriesDeferred\",\"reporterSyncInterval\",\"reporterSyncTimeout\",\"cucumberFeaturesWithLineNumbers\",\"autoCompileOpts\",\"mochaOpts\",\"jasmineOpts\",\"cucumberOpts\",\"onPrepare\",\"onWorkerStart\",\"onWorkerEnd\",\"before\",\"beforeSession\",\"beforeSuite\",\"beforeHook\",\"beforeTest\",\"afterTest\",\"afterHook\",\"afterSuite\",\"afterSession\",\"after\",\"onComplete\",\"beforeAssertion\",\"afterAssertion\",\"beforeFeature\",\"beforeScenario\",\"beforeStep\",\"afterStep\",\"afterScenario\",\"afterFeature\",\"_\",\"suite\",\"$0\",\"ignoredWorkerServices\",\"wdi5\"]"}]}
RESULT: {"script":"<script> [2342 bytes]","args":[{"protocol":"http","hostname":"0.0.0.0","path":"/","capabilities":{"browserName":"chrome","goog:chromeOptions":{"binary":"C:\\Program Files\\Google\\Chrome\\Application\\chrome.exe","args":["--start-maximized"]}},"logLevel":"warn","connectionRetryTimeout":120000,"connectionRetryCount":3,"logLevels":{},"enableDirectConnect":true,"strictSSL":true,"_":"65 more keys: [\"cacheDir\",\"port\",\"requestedCapabilities\",\"automationProtocol\",\"baseUrl\",\"waitforInterval\",\"waitforTimeout\",\"onReload\",\"beforeCommand\",\"afterCommand\",\"rootDir\",\"specs\",\"suites\",\"exclude\",\"groupLogsByTestSpec\",\"excludeDriverLogs\",\"bail\",\"framework\",\"reporters\",\"services\",\"maxInstances\",\"maxInstancesPerCapability\",\"injectGlobals\",\"filesToWatch\",\"execArgv\",\"runnerEnv\",\"runner\",\"shard\",\"specFileRetries\",\"specFileRetriesDelay\",\"specFileRetriesDeferred\",\"reporterSyncInterval\",\"reporterSyncTimeout\",\"cucumberFeaturesWithLineNumbers\",\"autoCompileOpts\",\"mochaOpts\",\"jasmineOpts\",\"cucumberOpts\",\"onPrepare\",\"onWorkerStart\",\"onWorkerEnd\",\"before\",\"beforeSession\",\"beforeSuite\",\"beforeHook\",\"beforeTest\",\"afterTest\",\"afterHook\",\"afterSuite\",\"afterSession\",\"after\",\"onComplete\",\"beforeAssertion\",\"afterAssertion\",\"beforeFeature\",\"beforeScenario\",\"beforeStep\",\"afterStep\",\"afterScenario\",\"afterFeature\",\"_\",\"suite\",\"$0\",\"ignoredWorkerServices\",\"wdi5\"]"}]}
COMMAND: POST /session/4b3369f25ef82e030cb388b696eaa2b5/execute/async - {"script":"<script> [21126 bytes]","args":[35000]}
RESULT: {"script":"<script> [21126 bytes]","args":[35000]}
COMMAND: POST /session/4b3369f25ef82e030cb388b696eaa2b5/execute/async - {"script":"<script> [1562 bytes]","args":[{"selector":{"id":"application-addressmanagement-display-component---masterAdm--smartFilterBar-btnBasicSearch"},"wdio_ui5_key":"applicationaddressmanagement-display-component---masterAdm--smartFilterBar-btnBasicSearch"}]}
RESULT: {"script":"<script> [1562 bytes]","args":[{"selector":{"id":"application-addressmanagement-display-component---masterAdm--smartFilterBar-btnBasicSearch"},"wdio_ui5_key":"applicationaddressmanagement-display-component---masterAdm--smartFilterBar-btnBasicSearch"}]}
RESULT: undefined
COMMAND: POST /session/4b3369f25ef82e030cb388b696eaa2b5/execute/async - {"script":"<script> [776 bytes]","args":[{"enterText":"Test1ETM","selector":{"id":"application-addressmanagement-display-component---masterAdm--smartFilterBar-btnBasicSearch"},"clearTextFirst":true,"interactionType":"ENTER_TEXT"}]}
RESULT: {"script":"<script> [776 bytes]","args":[{"enterText":"Test1ETM","selector":{"id":"application-addressmanagement-display-component---masterAdm--smartFilterBar-btnBasicSearch"},"clearTextFirst":true,"interactionType":"ENTER_TEXT"}]}
COMMAND: POST /session/4b3369f25ef82e030cb388b696eaa2b5/actions - {"actions":[{"id":"action3","type":"key","parameters":{},"actions":[{"type":"keyDown","value":"î€‡"},{"type":"pause","duration":10},{"type":"keyUp","value":"î€‡"}]}]}
RESULT: {"actions":[{"id":"action3","type":"key","parameters":{},"actions":[{"type":"keyDown","value":"î€‡"},{"type":"pause","duration":10},{"type":"keyUp","value":"î€‡"}]}]}
COMMAND: POST /session/4b3369f25ef82e030cb388b696eaa2b5/execute/async - {"script":"<script> [1562 bytes]","args":[{"selector":{"id":"application-addressmanagement-display-component---masterAdm--smartTable-header"},"wdio_ui5_key":"applicationaddressmanagement-display-component---masterAdm--smartTable-header"}]}
COMMAND: GET /session/4b3369f25ef82e030cb388b696eaa2b5/screenshot - {}
RESULT: {"script":"<script> [1562 bytes]","args":[{"selector":{"id":"application-addressmanagement-display-component---masterAdm--smartTable-header"},"wdio_ui5_key":"applicationaddressmanagement-display-component---masterAdm--smartTable-header"}]}
RESULT: undefined
COMMAND: POST /session/4b3369f25ef82e030cb388b696eaa2b5/execute/async - {"script":"<script> [6424 bytes]","args":[{"element-6066-11e4-a52e-4f735466cecf":"f.6E5FC992F903C9EC30278D2915A1424A.d.61DD88C7D86EF3E83D60FA23B8488E3A.e.735"},"getText",[]]}
RESULT: {}
RESULT: {"script":"<script> [6424 bytes]","args":[{"element-6066-11e4-a52e-4f735466cecf":"f.6E5FC992F903C9EC30278D2915A1424A.d.61DD88C7D86EF3E83D60FA23B8488E3A.e.735"},"getText",[]]}
]]></system-out>
    </testcase>
    <testcase classname="chrome.137_0_7151_69.windows.Assign_the_user_test_user_id_to_an_address" name="Should edit the title of the created found address" time="10.868">
      <system-out><![CDATA[
COMMAND: POST /session/4b3369f25ef82e030cb388b696eaa2b5/execute/async - {"script":"<script> [1562 bytes]","args":[{"selector":{"controlType":"sap.m.Button","viewName":"etm.portal.ui.addressmanagement.view.Detail","viewId":"application-addressmanagement-display-component---detailAdm","i18NText":{"propertyName":"text","key":"edit"}},"wdio_ui5_key":"etmportal.ui.addressmanagement.view.Detailsap.m.Button{\"propertyName\":\"text\",\"key\":\"edit\"}"}]}
RESULT: {"script":"<script> [1562 bytes]","args":[{"selector":{"controlType":"sap.m.Button","viewName":"etm.portal.ui.addressmanagement.view.Detail","viewId":"application-addressmanagement-display-component---detailAdm","i18NText":{"propertyName":"text","key":"edit"}},"wdio_ui5_key":"etmportal.ui.addressmanagement.view.Detailsap.m.Button{\"propertyName\":\"text\",\"key\":\"edit\"}"}]}
RESULT: undefined
COMMAND: POST /session/4b3369f25ef82e030cb388b696eaa2b5/element - {"using":"xpath","value":"//*[@id=\"__button0\"]"}
RESULT: {"using":"xpath","value":"//*[@id=\"__button0\"]"}
COMMAND: POST /session/4b3369f25ef82e030cb388b696eaa2b5/element/f.6E5FC992F903C9EC30278D2915A1424A.d.61DD88C7D86EF3E83D60FA23B8488E3A.e.520/click - {}
RESULT: {}
COMMAND: POST /session/4b3369f25ef82e030cb388b696eaa2b5/execute/async - {"script":"<script> [1562 bytes]","args":[{"selector":{"controlType":"sap.ui.core.Icon","viewName":"etm.portal.ui.addressmanagement.view.EditDetail","properties":{"src":{"regex":{"source":"slim\\-arrow\\-down"}}},"ancestor":{"id":"addressTitle","viewName":"etm.portal.ui.addressmanagement.view.EditDetail"}},"wdio_ui5_key":"etmportal.ui.addressmanagement.view.EditDetailsap.ui.core.Icon{\"src\":{\"regex\":{\"source\":\"slim\\\\-arrow\\\\-down\"}}}{\"id\":\"addressTitle\",\"viewName\":\"etm.portal.ui.addressmanagement.view.EditDetail\"}"}]}
COMMAND: GET /session/4b3369f25ef82e030cb388b696eaa2b5/screenshot - {}
RESULT: {"script":"<script> [1562 bytes]","args":[{"selector":{"controlType":"sap.ui.core.Icon","viewName":"etm.portal.ui.addressmanagement.view.EditDetail","properties":{"src":{"regex":{"source":"slim\\-arrow\\-down"}}},"ancestor":{"id":"addressTitle","viewName":"etm.portal.ui.addressmanagement.view.EditDetail"}},"wdio_ui5_key":"etmportal.ui.addressmanagement.view.EditDetailsap.ui.core.Icon{\"src\":{\"regex\":{\"source\":\"slim\\\\-arrow\\\\-down\"}}}{\"id\":\"addressTitle\",\"viewName\":\"etm.portal.ui.addressmanagement.view.EditDetail\"}"}]}
RESULT: undefined
COMMAND: POST /session/4b3369f25ef82e030cb388b696eaa2b5/element - {"using":"xpath","value":"//*[@id=\"__xmlview0--addressTitle-arrow\"]"}
RESULT: {}
RESULT: {"using":"xpath","value":"//*[@id=\"__xmlview0--addressTitle-arrow\"]"}
COMMAND: POST /session/4b3369f25ef82e030cb388b696eaa2b5/element/f.6E5FC992F903C9EC30278D2915A1424A.d.61DD88C7D86EF3E83D60FA23B8488E3A.e.770/click - {}
RESULT: {}
COMMAND: POST /session/4b3369f25ef82e030cb388b696eaa2b5/execute/async - {"script":"<script> [1562 bytes]","args":[{"selector":{"controlType":"sap.m.StandardListItem","viewName":"etm.portal.ui.addressmanagement.view.EditDetail","properties":{"title":"Dr."},"searchOpenDialogs":true},"wdio_ui5_key":"etmportal.ui.addressmanagement.view.EditDetailsap.m.StandardListItem{\"title\":\"Dr.\"}"}]}
COMMAND: GET /session/4b3369f25ef82e030cb388b696eaa2b5/screenshot - {}
RESULT: {"script":"<script> [1562 bytes]","args":[{"selector":{"controlType":"sap.m.StandardListItem","viewName":"etm.portal.ui.addressmanagement.view.EditDetail","properties":{"title":"Dr."},"searchOpenDialogs":true},"wdio_ui5_key":"etmportal.ui.addressmanagement.view.EditDetailsap.m.StandardListItem{\"title\":\"Dr.\"}"}]}
RESULT: undefined
COMMAND: POST /session/4b3369f25ef82e030cb388b696eaa2b5/element - {"using":"xpath","value":"//*[@id=\"__item89\"]"}
RESULT: {}
RESULT: {"using":"xpath","value":"//*[@id=\"__item89\"]"}
COMMAND: POST /session/4b3369f25ef82e030cb388b696eaa2b5/element/f.6E5FC992F903C9EC30278D2915A1424A.d.61DD88C7D86EF3E83D60FA23B8488E3A.e.772/click - {}
RESULT: {}
COMMAND: POST /session/4b3369f25ef82e030cb388b696eaa2b5/execute/async - {"script":"<script> [1562 bytes]","args":[{"selector":{"controlType":"sap.m.Button","viewName":"etm.portal.ui.addressmanagement.view.EditDetail","i18NText":{"propertyName":"text","key":"save"}},"wdio_ui5_key":"etmportal.ui.addressmanagement.view.EditDetailsap.m.Button{\"propertyName\":\"text\",\"key\":\"save\"}"}]}
COMMAND: GET /session/4b3369f25ef82e030cb388b696eaa2b5/screenshot - {}
RESULT: {"script":"<script> [1562 bytes]","args":[{"selector":{"controlType":"sap.m.Button","viewName":"etm.portal.ui.addressmanagement.view.EditDetail","i18NText":{"propertyName":"text","key":"save"}},"wdio_ui5_key":"etmportal.ui.addressmanagement.view.EditDetailsap.m.Button{\"propertyName\":\"text\",\"key\":\"save\"}"}]}
RESULT: undefined
COMMAND: POST /session/4b3369f25ef82e030cb388b696eaa2b5/element - {"using":"xpath","value":"//*[@id=\"__button28\"]"}
RESULT: {}
RESULT: {"using":"xpath","value":"//*[@id=\"__button28\"]"}
COMMAND: POST /session/4b3369f25ef82e030cb388b696eaa2b5/element/f.6E5FC992F903C9EC30278D2915A1424A.d.61DD88C7D86EF3E83D60FA23B8488E3A.e.780/click - {}
RESULT: {}
COMMAND: GET /session/4b3369f25ef82e030cb388b696eaa2b5/screenshot - {}
RESULT: {}
COMMAND: POST /session/4b3369f25ef82e030cb388b696eaa2b5/element - {"using":"xpath","value":"//span[@id=\"application-addressmanagement-display-component---detailAdm--addressTitle\"]"}
RESULT: {"using":"xpath","value":"//span[@id=\"application-addressmanagement-display-component---detailAdm--addressTitle\"]"}
COMMAND: GET /session/4b3369f25ef82e030cb388b696eaa2b5/element/f.6E5FC992F903C9EC30278D2915A1424A.d.61DD88C7D86EF3E83D60FA23B8488E3A.e.789/text - {}
RESULT: {}
COMMAND: POST /session/4b3369f25ef82e030cb388b696eaa2b5/element - {"using":"xpath","value":"//span[@id=\"application-addressmanagement-display-component---detailAdm--addressDetailDetailsName1\"]"}
RESULT: {"using":"xpath","value":"//span[@id=\"application-addressmanagement-display-component---detailAdm--addressDetailDetailsName1\"]"}
COMMAND: GET /session/4b3369f25ef82e030cb388b696eaa2b5/element/f.6E5FC992F903C9EC30278D2915A1424A.d.61DD88C7D86EF3E83D60FA23B8488E3A.e.790/text - {}
RESULT: {}
COMMAND: POST /session/4b3369f25ef82e030cb388b696eaa2b5/refresh - {}
RESULT: {}
COMMAND: GET /session/4b3369f25ef82e030cb388b696eaa2b5/screenshot - {}
RESULT: {}
COMMAND: POST /session/4b3369f25ef82e030cb388b696eaa2b5/refresh - {}
RESULT: {}
COMMAND: GET /session/4b3369f25ef82e030cb388b696eaa2b5/screenshot - {}
RESULT: {}
COMMAND: POST /session/4b3369f25ef82e030cb388b696eaa2b5/window/fullscreen - {}
RESULT: {}
COMMAND: POST /session/4b3369f25ef82e030cb388b696eaa2b5/execute/async - {"script":"<script> [189 bytes]","args":[]}
RESULT: {"script":"<script> [189 bytes]","args":[]}
COMMAND: POST /session/4b3369f25ef82e030cb388b696eaa2b5/execute/async - {"script":"<script> [123 bytes]","args":[]}
RESULT: {"script":"<script> [123 bytes]","args":[]}
COMMAND: POST /session/4b3369f25ef82e030cb388b696eaa2b5/timeouts - {"script":"<number>"}
RESULT: {"script":"<number>"}
COMMAND: GET /session/4b3369f25ef82e030cb388b696eaa2b5/timeouts - {}
RESULT: {}
RESULT: undefined
COMMAND: POST /session/4b3369f25ef82e030cb388b696eaa2b5/execute/async - {"script":"<script> [2676 bytes]","args":[]}
RESULT: {"script":"<script> [2676 bytes]","args":[]}
COMMAND: POST /session/4b3369f25ef82e030cb388b696eaa2b5/execute/async - {"script":"<script> [2342 bytes]","args":[{"protocol":"http","hostname":"0.0.0.0","path":"/","capabilities":{"browserName":"chrome","goog:chromeOptions":{"binary":"C:\\Program Files\\Google\\Chrome\\Application\\chrome.exe","args":["--start-maximized"]}},"logLevel":"warn","connectionRetryTimeout":120000,"connectionRetryCount":3,"logLevels":{},"enableDirectConnect":true,"strictSSL":true,"_":"65 more keys: [\"cacheDir\",\"port\",\"requestedCapabilities\",\"automationProtocol\",\"baseUrl\",\"waitforInterval\",\"waitforTimeout\",\"onReload\",\"beforeCommand\",\"afterCommand\",\"rootDir\",\"specs\",\"suites\",\"exclude\",\"groupLogsByTestSpec\",\"excludeDriverLogs\",\"bail\",\"framework\",\"reporters\",\"services\",\"maxInstances\",\"maxInstancesPerCapability\",\"injectGlobals\",\"filesToWatch\",\"execArgv\",\"runnerEnv\",\"runner\",\"shard\",\"specFileRetries\",\"specFileRetriesDelay\",\"specFileRetriesDeferred\",\"reporterSyncInterval\",\"reporterSyncTimeout\",\"cucumberFeaturesWithLineNumbers\",\"autoCompileOpts\",\"mochaOpts\",\"jasmineOpts\",\"cucumberOpts\",\"onPrepare\",\"onWorkerStart\",\"onWorkerEnd\",\"before\",\"beforeSession\",\"beforeSuite\",\"beforeHook\",\"beforeTest\",\"afterTest\",\"afterHook\",\"afterSuite\",\"afterSession\",\"after\",\"onComplete\",\"beforeAssertion\",\"afterAssertion\",\"beforeFeature\",\"beforeScenario\",\"beforeStep\",\"afterStep\",\"afterScenario\",\"afterFeature\",\"_\",\"suite\",\"$0\",\"ignoredWorkerServices\",\"wdi5\"]"}]}
RESULT: {"script":"<script> [2342 bytes]","args":[{"protocol":"http","hostname":"0.0.0.0","path":"/","capabilities":{"browserName":"chrome","goog:chromeOptions":{"binary":"C:\\Program Files\\Google\\Chrome\\Application\\chrome.exe","args":["--start-maximized"]}},"logLevel":"warn","connectionRetryTimeout":120000,"connectionRetryCount":3,"logLevels":{},"enableDirectConnect":true,"strictSSL":true,"_":"65 more keys: [\"cacheDir\",\"port\",\"requestedCapabilities\",\"automationProtocol\",\"baseUrl\",\"waitforInterval\",\"waitforTimeout\",\"onReload\",\"beforeCommand\",\"afterCommand\",\"rootDir\",\"specs\",\"suites\",\"exclude\",\"groupLogsByTestSpec\",\"excludeDriverLogs\",\"bail\",\"framework\",\"reporters\",\"services\",\"maxInstances\",\"maxInstancesPerCapability\",\"injectGlobals\",\"filesToWatch\",\"execArgv\",\"runnerEnv\",\"runner\",\"shard\",\"specFileRetries\",\"specFileRetriesDelay\",\"specFileRetriesDeferred\",\"reporterSyncInterval\",\"reporterSyncTimeout\",\"cucumberFeaturesWithLineNumbers\",\"autoCompileOpts\",\"mochaOpts\",\"jasmineOpts\",\"cucumberOpts\",\"onPrepare\",\"onWorkerStart\",\"onWorkerEnd\",\"before\",\"beforeSession\",\"beforeSuite\",\"beforeHook\",\"beforeTest\",\"afterTest\",\"afterHook\",\"afterSuite\",\"afterSession\",\"after\",\"onComplete\",\"beforeAssertion\",\"afterAssertion\",\"beforeFeature\",\"beforeScenario\",\"beforeStep\",\"afterStep\",\"afterScenario\",\"afterFeature\",\"_\",\"suite\",\"$0\",\"ignoredWorkerServices\",\"wdi5\"]"}]}
COMMAND: POST /session/4b3369f25ef82e030cb388b696eaa2b5/execute/async - {"script":"<script> [21126 bytes]","args":[35000]}
RESULT: {"script":"<script> [21126 bytes]","args":[35000]}
COMMAND: POST /session/4b3369f25ef82e030cb388b696eaa2b5/element - {"using":"css selector","value":"#shell-header-logo"}
RESULT: {"using":"css selector","value":"#shell-header-logo"}
COMMAND: POST /session/4b3369f25ef82e030cb388b696eaa2b5/element/f.6E5FC992F903C9EC30278D2915A1424A.d.A48A6000697646BF00D45A25AD1996DB.e.807/click - {}
RESULT: {}
COMMAND: GET /session/4b3369f25ef82e030cb388b696eaa2b5/screenshot - {}
RESULT: {}
COMMAND: POST /session/4b3369f25ef82e030cb388b696eaa2b5/execute/async - {"script":"<script> [1562 bytes]","args":[{"selector":{"controlType":"sap.m.GenericTile","properties":{"header":"Manage Yards"}},"wdio_ui5_key":"sapm.GenericTile{\"header\":\"Manage Yards\"}"}]}
RESULT: {"script":"<script> [1562 bytes]","args":[{"selector":{"controlType":"sap.m.GenericTile","properties":{"header":"Manage Yards"}},"wdio_ui5_key":"sapm.GenericTile{\"header\":\"Manage Yards\"}"}]}
RESULT: undefined
COMMAND: POST /session/4b3369f25ef82e030cb388b696eaa2b5/element - {"using":"xpath","value":"//*[@id=\"__tile53\"]"}
RESULT: {"using":"xpath","value":"//*[@id=\"__tile53\"]"}
COMMAND: POST /session/4b3369f25ef82e030cb388b696eaa2b5/element/f.6E5FC992F903C9EC30278D2915A1424A.d.A48A6000697646BF00D45A25AD1996DB.e.1076/click - {}
RESULT: {}
COMMAND: GET /session/4b3369f25ef82e030cb388b696eaa2b5/screenshot - {}
RESULT: {}
COMMAND: POST /session/4b3369f25ef82e030cb388b696eaa2b5/elements - {"using":"xpath","value":"//span[text()='Error']"}
RESULT: {"using":"xpath","value":"//span[text()='Error']"}
]]></system-out>
    </testcase>
  </testsuite>
  <testsuite timestamp="2025-06-12T15:21:40" time="266.253" tests="2" failures="1" errors="1" skipped="0">
    <properties>
      <property name="specId" value="0" />
      <property name="suiteName" value="Create 2 Yards US112496" />
      <property name="capabilities" value="chrome.137_0_7151_69.windows" />
      <property name="file" value="file:///D:/a/1/s/test/specs/R2C/create-yard.spec.js" />
    </properties>
    <testcase classname="chrome.137_0_7151_69.windows.Create_2_Yards_US112496" name="Should create a new simple yard" time="129.098">
      <system-out><![CDATA[
COMMAND: POST /session/4b3369f25ef82e030cb388b696eaa2b5/execute/async - {"script":"<script> [1562 bytes]","args":[{"selector":{"controlType":"sap.ui.core.Icon","viewName":"etm.portal.ui.manageyards.view.Master","viewId":"application-manageyards-display-component---masterYard","properties":{"src":{"regex":{"source":"add"}}}},"wdio_ui5_key":"etmportal.ui.manageyards.view.Mastersap.ui.core.Icon{\"src\":{\"regex\":{\"source\":\"add\"}}}"}]}
RESULT: {"script":"<script> [1562 bytes]","args":[{"selector":{"controlType":"sap.ui.core.Icon","viewName":"etm.portal.ui.manageyards.view.Master","viewId":"application-manageyards-display-component---masterYard","properties":{"src":{"regex":{"source":"add"}}}},"wdio_ui5_key":"etmportal.ui.manageyards.view.Mastersap.ui.core.Icon{\"src\":{\"regex\":{\"source\":\"add\"}}}"}]}
RESULT: undefined
COMMAND: POST /session/4b3369f25ef82e030cb388b696eaa2b5/element - {"using":"xpath","value":"//*[@id=\"__button25-img\"]"}
RESULT: {"using":"xpath","value":"//*[@id=\"__button25-img\"]"}
COMMAND: POST /session/4b3369f25ef82e030cb388b696eaa2b5/element/f.6E5FC992F903C9EC30278D2915A1424A.d.A48A6000697646BF00D45A25AD1996DB.e.1129/click - {}
RESULT: {}
COMMAND: GET /session/4b3369f25ef82e030cb388b696eaa2b5/screenshot - {}
RESULT: {}
COMMAND: POST /session/4b3369f25ef82e030cb388b696eaa2b5/execute/async - {"script":"<script> [1562 bytes]","args":[{"selector":{"id":"application-manageyards-display-component---NewYard--yardId","interaction":{"idSuffix":"inner"}},"wdio_ui5_key":"applicationmanageyards-display-component---NewYard--yardId"}]}
RESULT: {"script":"<script> [1562 bytes]","args":[{"selector":{"id":"application-manageyards-display-component---NewYard--yardId","interaction":{"idSuffix":"inner"}},"wdio_ui5_key":"applicationmanageyards-display-component---NewYard--yardId"}]}
RESULT: undefined
COMMAND: POST /session/4b3369f25ef82e030cb388b696eaa2b5/element - {"using":"xpath","value":"//*[@id=\"application-manageyards-display-component---NewYard--addressDetailDetailsName1-inner\"]"}
RESULT: {"using":"xpath","value":"//*[@id=\"application-manageyards-display-component---NewYard--addressDetailDetailsName1-inner\"]"}
COMMAND: POST /session/4b3369f25ef82e030cb388b696eaa2b5/element/f.6E5FC992F903C9EC30278D2915A1424A.d.A48A6000697646BF00D45A25AD1996DB.e.1333/clear - {}
RESULT: {}
COMMAND: POST /session/4b3369f25ef82e030cb388b696eaa2b5/element/f.6E5FC992F903C9EC30278D2915A1424A.d.A48A6000697646BF00D45A25AD1996DB.e.1333/value - {"text":"Webdriver Yard mwxh2"}
COMMAND: GET /session/4b3369f25ef82e030cb388b696eaa2b5/screenshot - {}
RESULT: {"text":"Webdriver Yard mwxh2"}
COMMAND: POST /session/4b3369f25ef82e030cb388b696eaa2b5/element - {"using":"xpath","value":"//*[@id=\"application-manageyards-display-component---NewYard--addressDetailDetailsLanguage-inner\"]"}
COMMAND: GET /session/4b3369f25ef82e030cb388b696eaa2b5/screenshot - {}
RESULT: {}
RESULT: {"using":"xpath","value":"//*[@id=\"application-manageyards-display-component---NewYard--addressDetailDetailsLanguage-inner\"]"}
COMMAND: POST /session/4b3369f25ef82e030cb388b696eaa2b5/element/f.6E5FC992F903C9EC30278D2915A1424A.d.A48A6000697646BF00D45A25AD1996DB.e.1334/clear - {}
RESULT: {}
RESULT: {}
COMMAND: POST /session/4b3369f25ef82e030cb388b696eaa2b5/element/f.6E5FC992F903C9EC30278D2915A1424A.d.A48A6000697646BF00D45A25AD1996DB.e.1334/value - {"text":"Romanian"}
COMMAND: GET /session/4b3369f25ef82e030cb388b696eaa2b5/screenshot - {}
RESULT: {"text":"Romanian"}
COMMAND: GET /session/4b3369f25ef82e030cb388b696eaa2b5/screenshot - {}
RESULT: {}
RESULT: {}
COMMAND: POST /session/4b3369f25ef82e030cb388b696eaa2b5/element - {"using":"xpath","value":"//*[@id=\"application-manageyards-display-component---NewYard--addressDetailDetailsCity1-inner\"]"}
RESULT: {"using":"xpath","value":"//*[@id=\"application-manageyards-display-component---NewYard--addressDetailDetailsCity1-inner\"]"}
COMMAND: POST /session/4b3369f25ef82e030cb388b696eaa2b5/element/f.6E5FC992F903C9EC30278D2915A1424A.d.A48A6000697646BF00D45A25AD1996DB.e.1336/clear - {}
RESULT: {}
COMMAND: POST /session/4b3369f25ef82e030cb388b696eaa2b5/element/f.6E5FC992F903C9EC30278D2915A1424A.d.A48A6000697646BF00D45A25AD1996DB.e.1336/value - {"text":"Bucuresti"}
COMMAND: GET /session/4b3369f25ef82e030cb388b696eaa2b5/screenshot - {}
RESULT: {"text":"Bucuresti"}
COMMAND: GET /session/4b3369f25ef82e030cb388b696eaa2b5/screenshot - {}
RESULT: {}
RESULT: {}
COMMAND: POST /session/4b3369f25ef82e030cb388b696eaa2b5/element - {"using":"xpath","value":"//*[@id=\"application-manageyards-display-component---NewYard--addressDetailDetailsCountry-inner\"]"}
RESULT: {"using":"xpath","value":"//*[@id=\"application-manageyards-display-component---NewYard--addressDetailDetailsCountry-inner\"]"}
COMMAND: POST /session/4b3369f25ef82e030cb388b696eaa2b5/element/f.6E5FC992F903C9EC30278D2915A1424A.d.A48A6000697646BF00D45A25AD1996DB.e.1340/clear - {}
RESULT: {}
COMMAND: POST /session/4b3369f25ef82e030cb388b696eaa2b5/element/f.6E5FC992F903C9EC30278D2915A1424A.d.A48A6000697646BF00D45A25AD1996DB.e.1340/value - {"text":"Romania"}
COMMAND: GET /session/4b3369f25ef82e030cb388b696eaa2b5/screenshot - {}
RESULT: {"text":"Romania"}
COMMAND: GET /session/4b3369f25ef82e030cb388b696eaa2b5/screenshot - {}
RESULT: {}
RESULT: {}
COMMAND: POST /session/4b3369f25ef82e030cb388b696eaa2b5/element - {"using":"xpath","value":"//div[contains(text(), \"Commercial\")]"}
RESULT: {"using":"xpath","value":"//div[contains(text(), \"Commercial\")]"}
COMMAND: GET /session/4b3369f25ef82e030cb388b696eaa2b5/element/f.6E5FC992F903C9EC30278D2915A1424A.d.A48A6000697646BF00D45A25AD1996DB.e.1509/rect - {}
RESULT: {}
COMMAND: GET /session/4b3369f25ef82e030cb388b696eaa2b5/window/rect - {}
RESULT: {}
COMMAND: POST /session/4b3369f25ef82e030cb388b696eaa2b5/execute/sync - {"script":"<script> [92 bytes]","args":[]}
RESULT: {"script":"<script> [92 bytes]","args":[]}
COMMAND: POST /session/4b3369f25ef82e030cb388b696eaa2b5/actions - {"actions":[{"id":"action4","type":"wheel","parameters":{},"actions":[{"type":"scroll","x":-1825,"y":-44,"deltaX":0,"deltaY":0,"duration":0,"origin":{"element-6066-11e4-a52e-4f735466cecf":"f.6E5FC992F903C9EC30278D2915A1424A.d.A48A6000697646BF00D45A25AD1996DB.e.1509"}}]}]}
COMMAND: GET /session/4b3369f25ef82e030cb388b696eaa2b5/screenshot - {}
RESULT: {}
COMMAND: POST /session/4b3369f25ef82e030cb388b696eaa2b5/execute/sync - {"script":"<script> [79 bytes]","args":[{"element-6066-11e4-a52e-4f735466cecf":"f.6E5FC992F903C9EC30278D2915A1424A.d.A48A6000697646BF00D45A25AD1996DB.e.1509","ELEMENT":"f.6E5FC992F903C9EC30278D2915A1424A.d.A48A6000697646BF00D45A25AD1996DB.e.1509"},{"block":"start","inline":"nearest"}]}
RESULT: {"script":"<script> [79 bytes]","args":[{"element-6066-11e4-a52e-4f735466cecf":"f.6E5FC992F903C9EC30278D2915A1424A.d.A48A6000697646BF00D45A25AD1996DB.e.1509","ELEMENT":"f.6E5FC992F903C9EC30278D2915A1424A.d.A48A6000697646BF00D45A25AD1996DB.e.1509"},{"block":"start","inline":"nearest"}]}
COMMAND: GET /session/4b3369f25ef82e030cb388b696eaa2b5/screenshot - {}
RESULT: {}
COMMAND: POST /session/4b3369f25ef82e030cb388b696eaa2b5/element - {"using":"xpath","value":"//input[@id='application-manageyards-display-component---NewYard--addressEditDetailsCostObjectCstType-inner']"}
RESULT: {"using":"xpath","value":"//input[@id='application-manageyards-display-component---NewYard--addressEditDetailsCostObjectCstType-inner']"}
COMMAND: POST /session/4b3369f25ef82e030cb388b696eaa2b5/execute/sync - {"script":"<script> [8489 bytes]","args":[{"element-6066-11e4-a52e-4f735466cecf":"f.6E5FC992F903C9EC30278D2915A1424A.d.A48A6000697646BF00D45A25AD1996DB.e.1346","ELEMENT":"f.6E5FC992F903C9EC30278D2915A1424A.d.A48A6000697646BF00D45A25AD1996DB.e.1346"}]}
RESULT: {"script":"<script> [8489 bytes]","args":[{"element-6066-11e4-a52e-4f735466cecf":"f.6E5FC992F903C9EC30278D2915A1424A.d.A48A6000697646BF00D45A25AD1996DB.e.1346","ELEMENT":"f.6E5FC992F903C9EC30278D2915A1424A.d.A48A6000697646BF00D45A25AD1996DB.e.1346"}]}
COMMAND: POST /session/4b3369f25ef82e030cb388b696eaa2b5/element/f.6E5FC992F903C9EC30278D2915A1424A.d.A48A6000697646BF00D45A25AD1996DB.e.1346/clear - {}
COMMAND: GET /session/4b3369f25ef82e030cb388b696eaa2b5/screenshot - {}
RESULT: {}
COMMAND: POST /session/4b3369f25ef82e030cb388b696eaa2b5/element/f.6E5FC992F903C9EC30278D2915A1424A.d.A48A6000697646BF00D45A25AD1996DB.e.1346/value - {"text":"Cost"}
COMMAND: GET /session/4b3369f25ef82e030cb388b696eaa2b5/screenshot - {}
RESULT: {}
RESULT: {"text":"Cost"}
COMMAND: GET /session/4b3369f25ef82e030cb388b696eaa2b5/screenshot - {}
RESULT: {}
RESULT: {}
COMMAND: POST /session/4b3369f25ef82e030cb388b696eaa2b5/execute/async - {"script":"<script> [1562 bytes]","args":[{"selector":{"id":"application-manageyards-display-component---NewYard--addressNewCostObjectCstID","interaction":{"idSuffix":"inner"}},"wdio_ui5_key":"applicationmanageyards-display-component---NewYard--addressNewCostObjectCstID"}]}
RESULT: {"script":"<script> [1562 bytes]","args":[{"selector":{"id":"application-manageyards-display-component---NewYard--addressNewCostObjectCstID","interaction":{"idSuffix":"inner"}},"wdio_ui5_key":"applicationmanageyards-display-component---NewYard--addressNewCostObjectCstID"}]}
RESULT: undefined
COMMAND: POST /session/4b3369f25ef82e030cb388b696eaa2b5/execute/async - {"script":"<script> [776 bytes]","args":[{"enterText":"10001013","selector":{"id":"application-manageyards-display-component---NewYard--addressNewCostObjectCstID","interaction":{"idSuffix":"inner"}},"clearTextFirst":true,"interactionType":"ENTER_TEXT"}]}
RESULT: {"script":"<script> [776 bytes]","args":[{"enterText":"10001013","selector":{"id":"application-manageyards-display-component---NewYard--addressNewCostObjectCstID","interaction":{"idSuffix":"inner"}},"clearTextFirst":true,"interactionType":"ENTER_TEXT"}]}
COMMAND: POST /session/4b3369f25ef82e030cb388b696eaa2b5/actions - {"actions":[{"id":"action5","type":"key","parameters":{},"actions":[{"type":"keyDown","value":"î€‡"},{"type":"pause","duration":10},{"type":"keyUp","value":"î€‡"}]}]}
RESULT: {"actions":[{"id":"action5","type":"key","parameters":{},"actions":[{"type":"keyDown","value":"î€‡"},{"type":"pause","duration":10},{"type":"keyUp","value":"î€‡"}]}]}
COMMAND: GET /session/4b3369f25ef82e030cb388b696eaa2b5/screenshot - {}
RESULT: {}
COMMAND: POST /session/4b3369f25ef82e030cb388b696eaa2b5/execute/async - {"script":"<script> [1562 bytes]","args":[{"selector":{"controlType":"sap.m.Button","viewName":"etm.portal.ui.manageyards.view.New","viewId":"application-manageyards-display-component---NewYard","i18NText":{"propertyName":"text","key":"save"},"interaction":{"idSuffix":"inner"}},"wdio_ui5_key":"etmportal.ui.manageyards.view.Newsap.m.Button{\"propertyName\":\"text\",\"key\":\"save\"}"}]}
RESULT: {"script":"<script> [1562 bytes]","args":[{"selector":{"controlType":"sap.m.Button","viewName":"etm.portal.ui.manageyards.view.New","viewId":"application-manageyards-display-component---NewYard","i18NText":{"propertyName":"text","key":"save"},"interaction":{"idSuffix":"inner"}},"wdio_ui5_key":"etmportal.ui.manageyards.view.Newsap.m.Button{\"propertyName\":\"text\",\"key\":\"save\"}"}]}
RESULT: undefined
COMMAND: POST /session/4b3369f25ef82e030cb388b696eaa2b5/element - {"using":"xpath","value":"//*[@id=\"__button39\"]"}
RESULT: {"using":"xpath","value":"//*[@id=\"__button39\"]"}
COMMAND: POST /session/4b3369f25ef82e030cb388b696eaa2b5/element/f.6E5FC992F903C9EC30278D2915A1424A.d.A48A6000697646BF00D45A25AD1996DB.e.1489/click - {}
RESULT: {}
COMMAND: GET /session/4b3369f25ef82e030cb388b696eaa2b5/screenshot - {}
RESULT: {}
COMMAND: POST /session/4b3369f25ef82e030cb388b696eaa2b5/element - {"using":"xpath","value":"//header/div/div/div/div/div/div[2]/div/span"}
RESULT: {"using":"xpath","value":"//header/div/div/div/div/div/div[2]/div/span"}
COMMAND: GET /session/4b3369f25ef82e030cb388b696eaa2b5/element/f.6E5FC992F903C9EC30278D2915A1424A.d.A48A6000697646BF00D45A25AD1996DB.e.1709/text - {}
RESULT: {}
COMMAND: POST /session/4b3369f25ef82e030cb388b696eaa2b5/element - {"using":"xpath","value":"//header/div/div[2]/div[2]/span"}
RESULT: {"using":"xpath","value":"//header/div/div[2]/div[2]/span"}
COMMAND: GET /session/4b3369f25ef82e030cb388b696eaa2b5/element/f.6E5FC992F903C9EC30278D2915A1424A.d.A48A6000697646BF00D45A25AD1996DB.e.1710/text - {}
RESULT: {}
COMMAND: POST /session/4b3369f25ef82e030cb388b696eaa2b5/execute/async - {"script":"<script> [1562 bytes]","args":[{"selector":{"controlType":"sap.m.OverflowToolbarButton","viewName":"etm.portal.ui.manageyards.view.Detail","viewId":"application-manageyards-display-component---detailYard","i18NText":{"propertyName":"tooltip","key":"closeColumn"},"interaction":{"idSuffix":"inner"}},"wdio_ui5_key":"etmportal.ui.manageyards.view.Detailsap.m.OverflowToolbarButton{\"propertyName\":\"tooltip\",\"key\":\"closeColumn\"}"}]}
RESULT: {"script":"<script> [1562 bytes]","args":[{"selector":{"controlType":"sap.m.OverflowToolbarButton","viewName":"etm.portal.ui.manageyards.view.Detail","viewId":"application-manageyards-display-component---detailYard","i18NText":{"propertyName":"tooltip","key":"closeColumn"},"interaction":{"idSuffix":"inner"}},"wdio_ui5_key":"etmportal.ui.manageyards.view.Detailsap.m.OverflowToolbarButton{\"propertyName\":\"tooltip\",\"key\":\"closeColumn\"}"}]}
RESULT: undefined
COMMAND: POST /session/4b3369f25ef82e030cb388b696eaa2b5/element - {"using":"xpath","value":"//*[@id=\"__button62\"]"}
RESULT: {"using":"xpath","value":"//*[@id=\"__button62\"]"}
COMMAND: POST /session/4b3369f25ef82e030cb388b696eaa2b5/element/f.6E5FC992F903C9EC30278D2915A1424A.d.A48A6000697646BF00D45A25AD1996DB.e.1712/click - {}
RESULT: {}
COMMAND: POST /session/4b3369f25ef82e030cb388b696eaa2b5/refresh - {}
COMMAND: GET /session/4b3369f25ef82e030cb388b696eaa2b5/screenshot - {}
RESULT: {}
COMMAND: GET /session/4b3369f25ef82e030cb388b696eaa2b5/screenshot - {}
RESULT: {}
RESULT: {}
COMMAND: POST /session/4b3369f25ef82e030cb388b696eaa2b5/refresh - {}
RESULT: {}
COMMAND: GET /session/4b3369f25ef82e030cb388b696eaa2b5/screenshot - {}
RESULT: {}
COMMAND: POST /session/4b3369f25ef82e030cb388b696eaa2b5/window/fullscreen - {}
RESULT: {}
COMMAND: POST /session/4b3369f25ef82e030cb388b696eaa2b5/execute/async - {"script":"<script> [189 bytes]","args":[]}
RESULT: {"script":"<script> [189 bytes]","args":[]}
COMMAND: POST /session/4b3369f25ef82e030cb388b696eaa2b5/execute/async - {"script":"<script> [123 bytes]","args":[]}
RESULT: {"script":"<script> [123 bytes]","args":[]}
COMMAND: POST /session/4b3369f25ef82e030cb388b696eaa2b5/timeouts - {"script":"<number>"}
RESULT: {"script":"<number>"}
COMMAND: GET /session/4b3369f25ef82e030cb388b696eaa2b5/timeouts - {}
RESULT: {}
RESULT: undefined
COMMAND: POST /session/4b3369f25ef82e030cb388b696eaa2b5/execute/async - {"script":"<script> [2676 bytes]","args":[]}
RESULT: {"script":"<script> [2676 bytes]","args":[]}
COMMAND: POST /session/4b3369f25ef82e030cb388b696eaa2b5/execute/async - {"script":"<script> [2342 bytes]","args":[{"protocol":"http","hostname":"0.0.0.0","path":"/","capabilities":{"browserName":"chrome","goog:chromeOptions":{"binary":"C:\\Program Files\\Google\\Chrome\\Application\\chrome.exe","args":["--start-maximized"]}},"logLevel":"warn","connectionRetryTimeout":120000,"connectionRetryCount":3,"logLevels":{},"enableDirectConnect":true,"strictSSL":true,"_":"65 more keys: [\"cacheDir\",\"port\",\"requestedCapabilities\",\"automationProtocol\",\"baseUrl\",\"waitforInterval\",\"waitforTimeout\",\"onReload\",\"beforeCommand\",\"afterCommand\",\"rootDir\",\"specs\",\"suites\",\"exclude\",\"groupLogsByTestSpec\",\"excludeDriverLogs\",\"bail\",\"framework\",\"reporters\",\"services\",\"maxInstances\",\"maxInstancesPerCapability\",\"injectGlobals\",\"filesToWatch\",\"execArgv\",\"runnerEnv\",\"runner\",\"shard\",\"specFileRetries\",\"specFileRetriesDelay\",\"specFileRetriesDeferred\",\"reporterSyncInterval\",\"reporterSyncTimeout\",\"cucumberFeaturesWithLineNumbers\",\"autoCompileOpts\",\"mochaOpts\",\"jasmineOpts\",\"cucumberOpts\",\"onPrepare\",\"onWorkerStart\",\"onWorkerEnd\",\"before\",\"beforeSession\",\"beforeSuite\",\"beforeHook\",\"beforeTest\",\"afterTest\",\"afterHook\",\"afterSuite\",\"afterSession\",\"after\",\"onComplete\",\"beforeAssertion\",\"afterAssertion\",\"beforeFeature\",\"beforeScenario\",\"beforeStep\",\"afterStep\",\"afterScenario\",\"afterFeature\",\"_\",\"suite\",\"$0\",\"ignoredWorkerServices\",\"wdi5\"]"}]}
RESULT: {"script":"<script> [2342 bytes]","args":[{"protocol":"http","hostname":"0.0.0.0","path":"/","capabilities":{"browserName":"chrome","goog:chromeOptions":{"binary":"C:\\Program Files\\Google\\Chrome\\Application\\chrome.exe","args":["--start-maximized"]}},"logLevel":"warn","connectionRetryTimeout":120000,"connectionRetryCount":3,"logLevels":{},"enableDirectConnect":true,"strictSSL":true,"_":"65 more keys: [\"cacheDir\",\"port\",\"requestedCapabilities\",\"automationProtocol\",\"baseUrl\",\"waitforInterval\",\"waitforTimeout\",\"onReload\",\"beforeCommand\",\"afterCommand\",\"rootDir\",\"specs\",\"suites\",\"exclude\",\"groupLogsByTestSpec\",\"excludeDriverLogs\",\"bail\",\"framework\",\"reporters\",\"services\",\"maxInstances\",\"maxInstancesPerCapability\",\"injectGlobals\",\"filesToWatch\",\"execArgv\",\"runnerEnv\",\"runner\",\"shard\",\"specFileRetries\",\"specFileRetriesDelay\",\"specFileRetriesDeferred\",\"reporterSyncInterval\",\"reporterSyncTimeout\",\"cucumberFeaturesWithLineNumbers\",\"autoCompileOpts\",\"mochaOpts\",\"jasmineOpts\",\"cucumberOpts\",\"onPrepare\",\"onWorkerStart\",\"onWorkerEnd\",\"before\",\"beforeSession\",\"beforeSuite\",\"beforeHook\",\"beforeTest\",\"afterTest\",\"afterHook\",\"afterSuite\",\"afterSession\",\"after\",\"onComplete\",\"beforeAssertion\",\"afterAssertion\",\"beforeFeature\",\"beforeScenario\",\"beforeStep\",\"afterStep\",\"afterScenario\",\"afterFeature\",\"_\",\"suite\",\"$0\",\"ignoredWorkerServices\",\"wdi5\"]"}]}
COMMAND: POST /session/4b3369f25ef82e030cb388b696eaa2b5/execute/async - {"script":"<script> [21126 bytes]","args":[35000]}
RESULT: {"script":"<script> [21126 bytes]","args":[35000]}
]]></system-out>
    </testcase>
  </testsuite>
  <testsuite timestamp="2025-06-12T15:26:06" time="297.507" tests="4" failures="3" errors="3" skipped="0">
    <properties>
      <property name="specId" value="0" />
      <property name="suiteName" value="Create partner US118246" />
      <property name="capabilities" value="chrome.137_0_7151_69.windows" />
      <property name="file" value="file:///D:/a/1/s/test/specs/BTS/create-partner.spec.js" />
    </properties>
    <testcase classname="chrome.137_0_7151_69.windows.Create_partner_US118246" name="Should create a new yard in case create yard failed" time="0.013">
      <system-out><![CDATA[
COMMAND: POST /session/4b3369f25ef82e030cb388b696eaa2b5/window/fullscreen - {}
RESULT: {}
]]></system-out>
    </testcase>
  </testsuite>
  <testsuite timestamp="2025-06-12T15:31:03" time="183.33" tests="2" failures="1" errors="1" skipped="0">
    <properties>
      <property name="specId" value="0" />
      <property name="suiteName" value="Create 2 sites US118246" />
      <property name="capabilities" value="chrome.137_0_7151_69.windows" />
      <property name="file" value="file:///D:/a/1/s/test/specs/R2C/create-site.spec.js" />
    </properties>
    <testcase classname="chrome.137_0_7151_69.windows.Create_2_sites_US118246" name="Should create new site" time="73.374">
      <system-out><![CDATA[
COMMAND: POST /session/4b3369f25ef82e030cb388b696eaa2b5/execute/async - {"script":"<script> [1562 bytes]","args":[{"selector":{"controlType":"sap.m.Title","viewName":"etm.portal.ui.managesites.view.Master","viewId":"application-managesites-display-component---masterSite","i18NText":{"propertyName":"text","key":"sites"}},"wdio_ui5_key":"etmportal.ui.managesites.view.Mastersap.m.Title{\"propertyName\":\"text\",\"key\":\"sites\"}"}]}
RESULT: {"script":"<script> [1562 bytes]","args":[{"selector":{"controlType":"sap.m.Title","viewName":"etm.portal.ui.managesites.view.Master","viewId":"application-managesites-display-component---masterSite","i18NText":{"propertyName":"text","key":"sites"}},"wdio_ui5_key":"etmportal.ui.managesites.view.Mastersap.m.Title{\"propertyName\":\"text\",\"key\":\"sites\"}"}]}
RESULT: undefined
COMMAND: POST /session/4b3369f25ef82e030cb388b696eaa2b5/execute/async - {"script":"<script> [6424 bytes]","args":[{"element-6066-11e4-a52e-4f735466cecf":"f.6E5FC992F903C9EC30278D2915A1424A.d.B8CE524DD6F6671E4493D97494BB1E5B.e.3599"},"getText",[]]}
RESULT: {"script":"<script> [6424 bytes]","args":[{"element-6066-11e4-a52e-4f735466cecf":"f.6E5FC992F903C9EC30278D2915A1424A.d.B8CE524DD6F6671E4493D97494BB1E5B.e.3599"},"getText",[]]}
COMMAND: POST /session/4b3369f25ef82e030cb388b696eaa2b5/execute/async - {"script":"<script> [1562 bytes]","args":[{"selector":{"controlType":"sap.ui.core.Icon","viewName":"etm.portal.ui.managesites.view.Master","viewId":"application-managesites-display-component---masterSite","properties":{"src":{"regex":{"source":"add"}}}},"wdio_ui5_key":"etmportal.ui.managesites.view.Mastersap.ui.core.Icon{\"src\":{\"regex\":{\"source\":\"add\"}}}"}]}
RESULT: {"script":"<script> [1562 bytes]","args":[{"selector":{"controlType":"sap.ui.core.Icon","viewName":"etm.portal.ui.managesites.view.Master","viewId":"application-managesites-display-component---masterSite","properties":{"src":{"regex":{"source":"add"}}}},"wdio_ui5_key":"etmportal.ui.managesites.view.Mastersap.ui.core.Icon{\"src\":{\"regex\":{\"source\":\"add\"}}}"}]}
RESULT: undefined
COMMAND: POST /session/4b3369f25ef82e030cb388b696eaa2b5/element - {"using":"xpath","value":"//*[@id=\"__button29-img\"]"}
RESULT: {"using":"xpath","value":"//*[@id=\"__button29-img\"]"}
COMMAND: POST /session/4b3369f25ef82e030cb388b696eaa2b5/element/f.6E5FC992F903C9EC30278D2915A1424A.d.B8CE524DD6F6671E4493D97494BB1E5B.e.3290/click - {}
RESULT: {}
COMMAND: POST /session/4b3369f25ef82e030cb388b696eaa2b5/execute/async - {"script":"<script> [1562 bytes]","args":[{"selector":{"id":"application-managesites-display-component---NewSite--siteId","interaction":{"idSuffix":"inner"}},"wdio_ui5_key":"applicationmanagesites-display-component---NewSite--siteId"}]}
COMMAND: GET /session/4b3369f25ef82e030cb388b696eaa2b5/screenshot - {}
RESULT: {"script":"<script> [1562 bytes]","args":[{"selector":{"id":"application-managesites-display-component---NewSite--siteId","interaction":{"idSuffix":"inner"}},"wdio_ui5_key":"applicationmanagesites-display-component---NewSite--siteId"}]}
RESULT: undefined
COMMAND: POST /session/4b3369f25ef82e030cb388b696eaa2b5/execute/async - {"script":"<script> [1562 bytes]","args":[{"selector":{"id":"application-managesites-display-component---NewSite--addressDetailDetailsName1","interaction":{"idSuffix":"inner"}},"wdio_ui5_key":"applicationmanagesites-display-component---NewSite--addressDetailDetailsName1"}]}
RESULT: {}
RESULT: {"script":"<script> [1562 bytes]","args":[{"selector":{"id":"application-managesites-display-component---NewSite--addressDetailDetailsName1","interaction":{"idSuffix":"inner"}},"wdio_ui5_key":"applicationmanagesites-display-component---NewSite--addressDetailDetailsName1"}]}
RESULT: undefined
COMMAND: POST /session/4b3369f25ef82e030cb388b696eaa2b5/execute/async - {"script":"<script> [776 bytes]","args":[{"enterText":"Webdriver Site rn3pci","selector":{"id":"application-managesites-display-component---NewSite--addressDetailDetailsName1","interaction":{"idSuffix":"inner"}},"clearTextFirst":true,"interactionType":"ENTER_TEXT"}]}
RESULT: {"script":"<script> [776 bytes]","args":[{"enterText":"Webdriver Site rn3pci","selector":{"id":"application-managesites-display-component---NewSite--addressDetailDetailsName1","interaction":{"idSuffix":"inner"}},"clearTextFirst":true,"interactionType":"ENTER_TEXT"}]}
COMMAND: POST /session/4b3369f25ef82e030cb388b696eaa2b5/execute/async - {"script":"<script> [1562 bytes]","args":[{"selector":{"id":"application-managesites-display-component---NewSite--addressDetailDetailsLanguage","interaction":{"idSuffix":"inner"}},"wdio_ui5_key":"applicationmanagesites-display-component---NewSite--addressDetailDetailsLanguage"}]}
RESULT: {"script":"<script> [1562 bytes]","args":[{"selector":{"id":"application-managesites-display-component---NewSite--addressDetailDetailsLanguage","interaction":{"idSuffix":"inner"}},"wdio_ui5_key":"applicationmanagesites-display-component---NewSite--addressDetailDetailsLanguage"}]}
RESULT: undefined
COMMAND: POST /session/4b3369f25ef82e030cb388b696eaa2b5/execute/async - {"script":"<script> [776 bytes]","args":[{"enterText":"Romanian","selector":{"id":"application-managesites-display-component---NewSite--addressDetailDetailsLanguage","interaction":{"idSuffix":"inner"}},"clearTextFirst":true,"interactionType":"ENTER_TEXT"}]}
RESULT: {"script":"<script> [776 bytes]","args":[{"enterText":"Romanian","selector":{"id":"application-managesites-display-component---NewSite--addressDetailDetailsLanguage","interaction":{"idSuffix":"inner"}},"clearTextFirst":true,"interactionType":"ENTER_TEXT"}]}
COMMAND: POST /session/4b3369f25ef82e030cb388b696eaa2b5/execute/async - {"script":"<script> [1562 bytes]","args":[{"selector":{"id":"application-managesites-display-component---NewSite--addressDetailDetailsCity1","interaction":{"idSuffix":"inner"}},"wdio_ui5_key":"applicationmanagesites-display-component---NewSite--addressDetailDetailsCity1"}]}
RESULT: {"script":"<script> [1562 bytes]","args":[{"selector":{"id":"application-managesites-display-component---NewSite--addressDetailDetailsCity1","interaction":{"idSuffix":"inner"}},"wdio_ui5_key":"applicationmanagesites-display-component---NewSite--addressDetailDetailsCity1"}]}
RESULT: undefined
COMMAND: POST /session/4b3369f25ef82e030cb388b696eaa2b5/execute/async - {"script":"<script> [776 bytes]","args":[{"enterText":"Bucharest","selector":{"id":"application-managesites-display-component---NewSite--addressDetailDetailsCity1","interaction":{"idSuffix":"inner"}},"clearTextFirst":true,"interactionType":"ENTER_TEXT"}]}
RESULT: {"script":"<script> [776 bytes]","args":[{"enterText":"Bucharest","selector":{"id":"application-managesites-display-component---NewSite--addressDetailDetailsCity1","interaction":{"idSuffix":"inner"}},"clearTextFirst":true,"interactionType":"ENTER_TEXT"}]}
COMMAND: POST /session/4b3369f25ef82e030cb388b696eaa2b5/execute/async - {"script":"<script> [1562 bytes]","args":[{"selector":{"id":"application-managesites-display-component---NewSite--addressDetailDetailsCountry","interaction":{"idSuffix":"inner"}},"wdio_ui5_key":"applicationmanagesites-display-component---NewSite--addressDetailDetailsCountry"}]}
RESULT: {"script":"<script> [1562 bytes]","args":[{"selector":{"id":"application-managesites-display-component---NewSite--addressDetailDetailsCountry","interaction":{"idSuffix":"inner"}},"wdio_ui5_key":"applicationmanagesites-display-component---NewSite--addressDetailDetailsCountry"}]}
RESULT: undefined
COMMAND: POST /session/4b3369f25ef82e030cb388b696eaa2b5/execute/async - {"script":"<script> [776 bytes]","args":[{"enterText":"Romania","selector":{"id":"application-managesites-display-component---NewSite--addressDetailDetailsCountry","interaction":{"idSuffix":"inner"}},"clearTextFirst":true,"interactionType":"ENTER_TEXT"}]}
RESULT: {"script":"<script> [776 bytes]","args":[{"enterText":"Romania","selector":{"id":"application-managesites-display-component---NewSite--addressDetailDetailsCountry","interaction":{"idSuffix":"inner"}},"clearTextFirst":true,"interactionType":"ENTER_TEXT"}]}
COMMAND: POST /session/4b3369f25ef82e030cb388b696eaa2b5/execute/async - {"script":"<script> [1562 bytes]","args":[{"selector":{"id":"application-managesites-display-component---NewSite--addressDetailDetailsCalendar","interaction":{"idSuffix":"inner"}},"wdio_ui5_key":"applicationmanagesites-display-component---NewSite--addressDetailDetailsCalendar"}]}
RESULT: {"script":"<script> [1562 bytes]","args":[{"selector":{"id":"application-managesites-display-component---NewSite--addressDetailDetailsCalendar","interaction":{"idSuffix":"inner"}},"wdio_ui5_key":"applicationmanagesites-display-component---NewSite--addressDetailDetailsCalendar"}]}
RESULT: undefined
COMMAND: POST /session/4b3369f25ef82e030cb388b696eaa2b5/execute/async - {"script":"<script> [776 bytes]","args":[{"enterText":"Germany","selector":{"id":"application-managesites-display-component---NewSite--addressDetailDetailsCalendar","interaction":{"idSuffix":"inner"}},"clearTextFirst":true,"interactionType":"ENTER_TEXT"}]}
RESULT: {"script":"<script> [776 bytes]","args":[{"enterText":"Germany","selector":{"id":"application-managesites-display-component---NewSite--addressDetailDetailsCalendar","interaction":{"idSuffix":"inner"}},"clearTextFirst":true,"interactionType":"ENTER_TEXT"}]}
COMMAND: POST /session/4b3369f25ef82e030cb388b696eaa2b5/execute/async - {"script":"<script> [1562 bytes]","args":[{"selector":{"id":"application-managesites-display-component---NewSite--addressEditDetailsCostObjectCstType-arrow"},"wdio_ui5_key":"applicationmanagesites-display-component---NewSite--addressEditDetailsCostObjectCstType-arrow"}]}
RESULT: {"script":"<script> [1562 bytes]","args":[{"selector":{"id":"application-managesites-display-component---NewSite--addressEditDetailsCostObjectCstType-arrow"},"wdio_ui5_key":"applicationmanagesites-display-component---NewSite--addressEditDetailsCostObjectCstType-arrow"}]}
RESULT: undefined
COMMAND: POST /session/4b3369f25ef82e030cb388b696eaa2b5/element - {"using":"xpath","value":"//*[@id=\"application-managesites-display-component---NewSite--addressEditDetailsCostObjectCstType-arrow\"]"}
RESULT: {"using":"xpath","value":"//*[@id=\"application-managesites-display-component---NewSite--addressEditDetailsCostObjectCstType-arrow\"]"}
COMMAND: POST /session/4b3369f25ef82e030cb388b696eaa2b5/element/f.6E5FC992F903C9EC30278D2915A1424A.d.B8CE524DD6F6671E4493D97494BB1E5B.e.3812/click - {}
RESULT: {}
COMMAND: POST /session/4b3369f25ef82e030cb388b696eaa2b5/element - {"using":"xpath","value":"//span[contains(text(), \"Work Breakdown Structure\")]"}
COMMAND: GET /session/4b3369f25ef82e030cb388b696eaa2b5/screenshot - {}
RESULT: {"using":"xpath","value":"//span[contains(text(), \"Work Breakdown Structure\")]"}
COMMAND: POST /session/4b3369f25ef82e030cb388b696eaa2b5/element/f.6E5FC992F903C9EC30278D2915A1424A.d.B8CE524DD6F6671E4493D97494BB1E5B.e.3813/click - {}
RESULT: {}
RESULT: {}
COMMAND: GET /session/4b3369f25ef82e030cb388b696eaa2b5/screenshot - {}
RESULT: {}
RESULT: undefined
COMMAND: POST /session/4b3369f25ef82e030cb388b696eaa2b5/execute/async - {"script":"<script> [1562 bytes]","args":[{"selector":{"id":"application-managesites-display-component---NewSite--addressNewCostObjectCstID-vhi"},"wdio_ui5_key":"applicationmanagesites-display-component---NewSite--addressNewCostObjectCstID-vhi"}]}
RESULT: {"script":"<script> [1562 bytes]","args":[{"selector":{"id":"application-managesites-display-component---NewSite--addressNewCostObjectCstID-vhi"},"wdio_ui5_key":"applicationmanagesites-display-component---NewSite--addressNewCostObjectCstID-vhi"}]}
RESULT: undefined
COMMAND: POST /session/4b3369f25ef82e030cb388b696eaa2b5/element - {"using":"xpath","value":"//*[@id=\"application-managesites-display-component---NewSite--addressNewCostObjectCstID-vhi\"]"}
RESULT: {"using":"xpath","value":"//*[@id=\"application-managesites-display-component---NewSite--addressNewCostObjectCstID-vhi\"]"}
COMMAND: POST /session/4b3369f25ef82e030cb388b696eaa2b5/element/f.6E5FC992F903C9EC30278D2915A1424A.d.B8CE524DD6F6671E4493D97494BB1E5B.e.3818/click - {}
RESULT: {}
COMMAND: GET /session/4b3369f25ef82e030cb388b696eaa2b5/screenshot - {}
RESULT: {}
COMMAND: POST /session/4b3369f25ef82e030cb388b696eaa2b5/execute/async - {"script":"<script> [1562 bytes]","args":[{"selector":{"controlType":"sap.m.SearchField","properties":{"placeholder":"Search"},"searchOpenDialogs":true,"interaction":{"idSuffix":"I"}},"wdio_ui5_key":"sapm.SearchField{\"placeholder\":\"Search\"}"}]}
RESULT: {"script":"<script> [1562 bytes]","args":[{"selector":{"controlType":"sap.m.SearchField","properties":{"placeholder":"Search"},"searchOpenDialogs":true,"interaction":{"idSuffix":"I"}},"wdio_ui5_key":"sapm.SearchField{\"placeholder\":\"Search\"}"}]}
RESULT: undefined
COMMAND: POST /session/4b3369f25ef82e030cb388b696eaa2b5/execute/async - {"script":"<script> [776 bytes]","args":[{"enterText":"A1-000100-01","selector":{"controlType":"sap.m.SearchField","properties":{"placeholder":"Search"},"searchOpenDialogs":true,"interaction":{"idSuffix":"I"}},"clearTextFirst":true,"interactionType":"ENTER_TEXT"}]}
RESULT: {"script":"<script> [776 bytes]","args":[{"enterText":"A1-000100-01","selector":{"controlType":"sap.m.SearchField","properties":{"placeholder":"Search"},"searchOpenDialogs":true,"interaction":{"idSuffix":"I"}},"clearTextFirst":true,"interactionType":"ENTER_TEXT"}]}
COMMAND: POST /session/4b3369f25ef82e030cb388b696eaa2b5/actions - {"actions":[{"id":"action6","type":"key","parameters":{},"actions":[{"type":"keyDown","value":"î€‡"},{"type":"pause","duration":10},{"type":"keyUp","value":"î€‡"}]}]}
RESULT: {"actions":[{"id":"action6","type":"key","parameters":{},"actions":[{"type":"keyDown","value":"î€‡"},{"type":"pause","duration":10},{"type":"keyUp","value":"î€‡"}]}]}
COMMAND: GET /session/4b3369f25ef82e030cb388b696eaa2b5/screenshot - {}
RESULT: {}
COMMAND: POST /session/4b3369f25ef82e030cb388b696eaa2b5/element - {"using":"xpath","value":"//span[contains(text(), \"Template for ETO-Process\")]"}
RESULT: {"using":"xpath","value":"//span[contains(text(), \"Template for ETO-Process\")]"}
COMMAND: POST /session/4b3369f25ef82e030cb388b696eaa2b5/element/f.6E5FC992F903C9EC30278D2915A1424A.d.B8CE524DD6F6671E4493D97494BB1E5B.e.3838/click - {}
RESULT: {}
COMMAND: GET /session/4b3369f25ef82e030cb388b696eaa2b5/screenshot - {}
RESULT: {}
COMMAND: POST /session/4b3369f25ef82e030cb388b696eaa2b5/element - {"using":"xpath","value":"//bdi[contains(text(), \"OK\")]"}
RESULT: {"using":"xpath","value":"//bdi[contains(text(), \"OK\")]"}
COMMAND: POST /session/4b3369f25ef82e030cb388b696eaa2b5/element/f.6E5FC992F903C9EC30278D2915A1424A.d.B8CE524DD6F6671E4493D97494BB1E5B.e.3839/click - {}
RESULT: {}
COMMAND: GET /session/4b3369f25ef82e030cb388b696eaa2b5/screenshot - {}
RESULT: {}
COMMAND: POST /session/4b3369f25ef82e030cb388b696eaa2b5/element - {"using":"xpath","value":"//input[@id=\"application-managesites-display-component---NewSite--addressDetailDetailsYard-inner\"]"}
RESULT: {"using":"xpath","value":"//input[@id=\"application-managesites-display-component---NewSite--addressDetailDetailsYard-inner\"]"}
COMMAND: POST /session/4b3369f25ef82e030cb388b696eaa2b5/element/f.6E5FC992F903C9EC30278D2915A1424A.d.B8CE524DD6F6671E4493D97494BB1E5B.e.3659/value - {"text":"181"}
RESULT: {"text":"181"}
COMMAND: GET /session/4b3369f25ef82e030cb388b696eaa2b5/screenshot - {}
RESULT: {}
COMMAND: POST /session/4b3369f25ef82e030cb388b696eaa2b5/actions - {"actions":[{"id":"action7","type":"key","parameters":{},"actions":[{"type":"keyDown","value":"î€‡"},{"type":"pause","duration":10},{"type":"keyUp","value":"î€‡"}]}]}
RESULT: {"actions":[{"id":"action7","type":"key","parameters":{},"actions":[{"type":"keyDown","value":"î€‡"},{"type":"pause","duration":10},{"type":"keyUp","value":"î€‡"}]}]}
COMMAND: GET /session/4b3369f25ef82e030cb388b696eaa2b5/screenshot - {}
RESULT: {}
COMMAND: POST /session/4b3369f25ef82e030cb388b696eaa2b5/element - {"using":"xpath","value":"//input[@id=\"application-managesites-display-component---NewSite--addressDetailDetailsPartner-inner\"]"}
RESULT: {"using":"xpath","value":"//input[@id=\"application-managesites-display-component---NewSite--addressDetailDetailsPartner-inner\"]"}
COMMAND: POST /session/4b3369f25ef82e030cb388b696eaa2b5/elements - {"using":"xpath","value":"//input[@id=\"application-managesites-display-component---NewSite--addressDetailDetailsPartner-inner\"]"}
RESULT: {"using":"xpath","value":"//input[@id=\"application-managesites-display-component---NewSite--addressDetailDetailsPartner-inner\"]"}
COMMAND: POST /session/4b3369f25ef82e030cb388b696eaa2b5/execute/async - {"script":"<script> [1562 bytes]","args":[{"selector":{"controlType":"sap.m.Button","viewName":"etm.portal.ui.managesites.view.NewSmartSite","viewId":"application-managesites-display-component---NewSite","properties":{"text":"Commercial"},"interaction":{"idSuffix":"BDI-content"}},"wdio_ui5_key":"etmportal.ui.managesites.view.NewSmartSitesap.m.Button{\"text\":\"Commercial\"}"}]}
RESULT: {"script":"<script> [1562 bytes]","args":[{"selector":{"controlType":"sap.m.Button","viewName":"etm.portal.ui.managesites.view.NewSmartSite","viewId":"application-managesites-display-component---NewSite","properties":{"text":"Commercial"},"interaction":{"idSuffix":"BDI-content"}},"wdio_ui5_key":"etmportal.ui.managesites.view.NewSmartSitesap.m.Button{\"text\":\"Commercial\"}"}]}
RESULT: undefined
COMMAND: POST /session/4b3369f25ef82e030cb388b696eaa2b5/element - {"using":"xpath","value":"//*[@id=\"application-managesites-display-component---NewSite--ObjectPageLayout-anchBar-__section18-anchor\"]"}
RESULT: {"using":"xpath","value":"//*[@id=\"application-managesites-display-component---NewSite--ObjectPageLayout-anchBar-__section18-anchor\"]"}
COMMAND: POST /session/4b3369f25ef82e030cb388b696eaa2b5/element/f.6E5FC992F903C9EC30278D2915A1424A.d.B8CE524DD6F6671E4493D97494BB1E5B.e.3846/click - {}
RESULT: {}
COMMAND: POST /session/4b3369f25ef82e030cb388b696eaa2b5/execute/async - {"script":"<script> [1562 bytes]","args":[{"selector":{"controlType":"sap.m.Button","viewName":"etm.portal.ui.managesites.view.NewSmartSite","viewId":"application-managesites-display-component---NewSite","i18NText":{"propertyName":"text","key":"save"},"interaction":{"idSuffix":"BDI-content"}},"wdio_ui5_key":"etmportal.ui.managesites.view.NewSmartSitesap.m.Button{\"propertyName\":\"text\",\"key\":\"save\"}"}]}
COMMAND: GET /session/4b3369f25ef82e030cb388b696eaa2b5/screenshot - {}
RESULT: {"script":"<script> [1562 bytes]","args":[{"selector":{"controlType":"sap.m.Button","viewName":"etm.portal.ui.managesites.view.NewSmartSite","viewId":"application-managesites-display-component---NewSite","i18NText":{"propertyName":"text","key":"save"},"interaction":{"idSuffix":"BDI-content"}},"wdio_ui5_key":"etmportal.ui.managesites.view.NewSmartSitesap.m.Button{\"propertyName\":\"text\",\"key\":\"save\"}"}]}
RESULT: undefined
COMMAND: POST /session/4b3369f25ef82e030cb388b696eaa2b5/element - {"using":"xpath","value":"//*[@id=\"__button41\"]"}
RESULT: {}
RESULT: {"using":"xpath","value":"//*[@id=\"__button41\"]"}
COMMAND: POST /session/4b3369f25ef82e030cb388b696eaa2b5/element/f.6E5FC992F903C9EC30278D2915A1424A.d.B8CE524DD6F6671E4493D97494BB1E5B.e.3792/click - {}
RESULT: {}
COMMAND: GET /session/4b3369f25ef82e030cb388b696eaa2b5/screenshot - {}
RESULT: {}
COMMAND: POST /session/4b3369f25ef82e030cb388b696eaa2b5/execute/async - {"script":"<script> [1562 bytes]","args":[{"selector":{"id":"application-managesites-display-component---detailSite--addressDetailDetailsYardText"},"wdio_ui5_key":"applicationmanagesites-display-component---detailSite--addressDetailDetailsYardText"}]}
RESULT: {"script":"<script> [1562 bytes]","args":[{"selector":{"id":"application-managesites-display-component---detailSite--addressDetailDetailsYardText"},"wdio_ui5_key":"applicationmanagesites-display-component---detailSite--addressDetailDetailsYardText"}]}
RESULT: undefined
COMMAND: POST /session/4b3369f25ef82e030cb388b696eaa2b5/element - {"using":"xpath","value":"//header/div/div[2]/div[2]/span"}
RESULT: {"using":"xpath","value":"//header/div/div[2]/div[2]/span"}
COMMAND: GET /session/4b3369f25ef82e030cb388b696eaa2b5/element/f.6E5FC992F903C9EC30278D2915A1424A.d.B8CE524DD6F6671E4493D97494BB1E5B.e.3998/text - {}
RESULT: {}
COMMAND: POST /session/4b3369f25ef82e030cb388b696eaa2b5/execute/async - {"script":"<script> [1562 bytes]","args":[{"selector":{"controlType":"sap.m.Label","viewName":"etm.portal.ui.managesites.view.Detail","viewId":"application-managesites-display-component---detailSite","i18NText":{"propertyName":"text","key":"status"}},"wdio_ui5_key":"etmportal.ui.managesites.view.Detailsap.m.Label{\"propertyName\":\"text\",\"key\":\"status\"}"}]}
RESULT: {"script":"<script> [1562 bytes]","args":[{"selector":{"controlType":"sap.m.Label","viewName":"etm.portal.ui.managesites.view.Detail","viewId":"application-managesites-display-component---detailSite","i18NText":{"propertyName":"text","key":"status"}},"wdio_ui5_key":"etmportal.ui.managesites.view.Detailsap.m.Label{\"propertyName\":\"text\",\"key\":\"status\"}"}]}
RESULT: undefined
COMMAND: POST /session/4b3369f25ef82e030cb388b696eaa2b5/execute/async - {"script":"<script> [6424 bytes]","args":[{"element-6066-11e4-a52e-4f735466cecf":"f.6E5FC992F903C9EC30278D2915A1424A.d.B8CE524DD6F6671E4493D97494BB1E5B.e.3985"},"getText",[]]}
RESULT: {"script":"<script> [6424 bytes]","args":[{"element-6066-11e4-a52e-4f735466cecf":"f.6E5FC992F903C9EC30278D2915A1424A.d.B8CE524DD6F6671E4493D97494BB1E5B.e.3985"},"getText",[]]}
]]></system-out>
    </testcase>
  </testsuite>
  <testsuite timestamp="2025-06-12T15:34:07" time="544.79" tests="2" failures="1" errors="1" skipped="0">
    <properties>
      <property name="specId" value="0" />
      <property name="suiteName" value="Create 2 RU material US118246" />
      <property name="capabilities" value="chrome.137_0_7151_69.windows" />
      <property name="file" value="file:///D:/a/1/s/test/specs/R2C/create-material.spec.js" />
    </properties>
    <testcase classname="chrome.137_0_7151_69.windows.Create_2_RU_material_US118246" name="Create material" time="264.477">
      <system-out><![CDATA[
COMMAND: POST /session/4b3369f25ef82e030cb388b696eaa2b5/element - {"using":"xpath","value":"//button[@data-kt=\"addNewRUOverflowToolbarButton\"]"}
RESULT: {"using":"xpath","value":"//button[@data-kt=\"addNewRUOverflowToolbarButton\"]"}
COMMAND: POST /session/4b3369f25ef82e030cb388b696eaa2b5/execute/sync - {"script":"<script> [8489 bytes]","args":[{"element-6066-11e4-a52e-4f735466cecf":"f.6E5FC992F903C9EC30278D2915A1424A.d.836F3242D8C2A4FCA9D42AD124093E4E.e.4609","ELEMENT":"f.6E5FC992F903C9EC30278D2915A1424A.d.836F3242D8C2A4FCA9D42AD124093E4E.e.4609"}]}
RESULT: {"script":"<script> [8489 bytes]","args":[{"element-6066-11e4-a52e-4f735466cecf":"f.6E5FC992F903C9EC30278D2915A1424A.d.836F3242D8C2A4FCA9D42AD124093E4E.e.4609","ELEMENT":"f.6E5FC992F903C9EC30278D2915A1424A.d.836F3242D8C2A4FCA9D42AD124093E4E.e.4609"}]}
COMMAND: POST /session/4b3369f25ef82e030cb388b696eaa2b5/element/f.6E5FC992F903C9EC30278D2915A1424A.d.836F3242D8C2A4FCA9D42AD124093E4E.e.4609/click - {}
COMMAND: GET /session/4b3369f25ef82e030cb388b696eaa2b5/screenshot - {}
RESULT: {}
COMMAND: GET /session/4b3369f25ef82e030cb388b696eaa2b5/screenshot - {}
RESULT: {}
RESULT: {}
COMMAND: POST /session/4b3369f25ef82e030cb388b696eaa2b5/execute/async - {"script":"<script> [1562 bytes]","args":[{"selector":{"controlType":"sap.m.ComboBox","viewName":"reusables.view.manageresources.NewResourceUnit","viewId":"application-manageresources-display-component---newResourceUnit","bindingPath":{"path":"","propertyPath":"/RuTypes","modelName":"catalogModel"},"searchOpenDialogs":true},"wdio_ui5_key":"reusablesview.manageresources.NewResourceUnitsap.m.ComboBox{\"path\":\"\",\"propertyPath\":\"/RuTypes\",\"modelName\":\"catalogModel\"}"}]}
RESULT: {"script":"<script> [1562 bytes]","args":[{"selector":{"controlType":"sap.m.ComboBox","viewName":"reusables.view.manageresources.NewResourceUnit","viewId":"application-manageresources-display-component---newResourceUnit","bindingPath":{"path":"","propertyPath":"/RuTypes","modelName":"catalogModel"},"searchOpenDialogs":true},"wdio_ui5_key":"reusablesview.manageresources.NewResourceUnitsap.m.ComboBox{\"path\":\"\",\"propertyPath\":\"/RuTypes\",\"modelName\":\"catalogModel\"}"}]}
RESULT: undefined
COMMAND: POST /session/4b3369f25ef82e030cb388b696eaa2b5/execute/async - {"script":"<script> [1562 bytes]","args":[{"selector":{"controlType":"sap.m.ComboBox","viewName":"reusables.view.manageresources.NewResourceUnit","viewId":"application-manageresources-display-component---newResourceUnit","bindingPath":{"path":"","propertyPath":"/Yards","modelName":"catalogModel"},"searchOpenDialogs":true},"wdio_ui5_key":"reusablesview.manageresources.NewResourceUnitsap.m.ComboBox{\"path\":\"\",\"propertyPath\":\"/Yards\",\"modelName\":\"catalogModel\"}"}]}
RESULT: {"script":"<script> [1562 bytes]","args":[{"selector":{"controlType":"sap.m.ComboBox","viewName":"reusables.view.manageresources.NewResourceUnit","viewId":"application-manageresources-display-component---newResourceUnit","bindingPath":{"path":"","propertyPath":"/Yards","modelName":"catalogModel"},"searchOpenDialogs":true},"wdio_ui5_key":"reusablesview.manageresources.NewResourceUnitsap.m.ComboBox{\"path\":\"\",\"propertyPath\":\"/Yards\",\"modelName\":\"catalogModel\"}"}]}
RESULT: undefined
COMMAND: POST /session/4b3369f25ef82e030cb388b696eaa2b5/execute/async - {"script":"<script> [1562 bytes]","args":[{"selector":{"controlType":"etm.portal.ui.reusables.customControls.LiveSearchComboBox","viewName":"reusables.view.manageresources.NewResourceUnit","viewId":"application-manageresources-display-component---newResourceUnit","bindingPath":{"path":"","propertyPath":"/CatalogItems","modelName":"catalogModel"},"searchOpenDialogs":true},"wdio_ui5_key":"reusablesview.manageresources.NewResourceUnitetm.portal.ui.reusables.customControls.LiveSearchComboBox{\"path\":\"\",\"propertyPath\":\"/CatalogItems\",\"modelName\":\"catalogModel\"}"}]}
RESULT: {"script":"<script> [1562 bytes]","args":[{"selector":{"controlType":"etm.portal.ui.reusables.customControls.LiveSearchComboBox","viewName":"reusables.view.manageresources.NewResourceUnit","viewId":"application-manageresources-display-component---newResourceUnit","bindingPath":{"path":"","propertyPath":"/CatalogItems","modelName":"catalogModel"},"searchOpenDialogs":true},"wdio_ui5_key":"reusablesview.manageresources.NewResourceUnitetm.portal.ui.reusables.customControls.LiveSearchComboBox{\"path\":\"\",\"propertyPath\":\"/CatalogItems\",\"modelName\":\"catalogModel\"}"}]}
RESULT: undefined
COMMAND: POST /session/4b3369f25ef82e030cb388b696eaa2b5/element - {"using":"xpath","value":"//bdi[text()=\"OK\"]"}
RESULT: {"using":"xpath","value":"//bdi[text()=\"OK\"]"}
COMMAND: POST /session/4b3369f25ef82e030cb388b696eaa2b5/elements - {"using":"xpath","value":"//bdi[text()=\"OK\"]"}
RESULT: {"using":"xpath","value":"//bdi[text()=\"OK\"]"}
COMMAND: POST /session/4b3369f25ef82e030cb388b696eaa2b5/elements - {"using":"xpath","value":"//bdi[text()=\"OK\"]"}
RESULT: {"using":"xpath","value":"//bdi[text()=\"OK\"]"}
COMMAND: POST /session/4b3369f25ef82e030cb388b696eaa2b5/elements - {"using":"xpath","value":"//bdi[text()=\"OK\"]"}
RESULT: {"using":"xpath","value":"//bdi[text()=\"OK\"]"}
COMMAND: POST /session/4b3369f25ef82e030cb388b696eaa2b5/elements - {"using":"xpath","value":"//bdi[text()=\"OK\"]"}
RESULT: {"using":"xpath","value":"//bdi[text()=\"OK\"]"}
COMMAND: POST /session/4b3369f25ef82e030cb388b696eaa2b5/elements - {"using":"xpath","value":"//bdi[text()=\"OK\"]"}
RESULT: {"using":"xpath","value":"//bdi[text()=\"OK\"]"}
COMMAND: POST /session/4b3369f25ef82e030cb388b696eaa2b5/elements - {"using":"xpath","value":"//bdi[text()=\"OK\"]"}
RESULT: {"using":"xpath","value":"//bdi[text()=\"OK\"]"}
COMMAND: POST /session/4b3369f25ef82e030cb388b696eaa2b5/elements - {"using":"xpath","value":"//bdi[text()=\"OK\"]"}
RESULT: {"using":"xpath","value":"//bdi[text()=\"OK\"]"}
COMMAND: POST /session/4b3369f25ef82e030cb388b696eaa2b5/elements - {"using":"xpath","value":"//bdi[text()=\"OK\"]"}
RESULT: {"using":"xpath","value":"//bdi[text()=\"OK\"]"}
COMMAND: POST /session/4b3369f25ef82e030cb388b696eaa2b5/elements - {"using":"xpath","value":"//bdi[text()=\"OK\"]"}
RESULT: {"using":"xpath","value":"//bdi[text()=\"OK\"]"}
COMMAND: POST /session/4b3369f25ef82e030cb388b696eaa2b5/elements - {"using":"xpath","value":"//bdi[text()=\"OK\"]"}
RESULT: {"using":"xpath","value":"//bdi[text()=\"OK\"]"}
COMMAND: POST /session/4b3369f25ef82e030cb388b696eaa2b5/elements - {"using":"xpath","value":"//bdi[text()=\"OK\"]"}
RESULT: {"using":"xpath","value":"//bdi[text()=\"OK\"]"}
COMMAND: POST /session/4b3369f25ef82e030cb388b696eaa2b5/elements - {"using":"xpath","value":"//bdi[text()=\"OK\"]"}
RESULT: {"using":"xpath","value":"//bdi[text()=\"OK\"]"}
COMMAND: POST /session/4b3369f25ef82e030cb388b696eaa2b5/elements - {"using":"xpath","value":"//bdi[text()=\"OK\"]"}
RESULT: {"using":"xpath","value":"//bdi[text()=\"OK\"]"}
COMMAND: POST /session/4b3369f25ef82e030cb388b696eaa2b5/elements - {"using":"xpath","value":"//bdi[text()=\"OK\"]"}
RESULT: {"using":"xpath","value":"//bdi[text()=\"OK\"]"}
COMMAND: POST /session/4b3369f25ef82e030cb388b696eaa2b5/elements - {"using":"xpath","value":"//bdi[text()=\"OK\"]"}
RESULT: {"using":"xpath","value":"//bdi[text()=\"OK\"]"}
COMMAND: POST /session/4b3369f25ef82e030cb388b696eaa2b5/elements - {"using":"xpath","value":"//bdi[text()=\"OK\"]"}
RESULT: {"using":"xpath","value":"//bdi[text()=\"OK\"]"}
COMMAND: POST /session/4b3369f25ef82e030cb388b696eaa2b5/elements - {"using":"xpath","value":"//bdi[text()=\"OK\"]"}
RESULT: {"using":"xpath","value":"//bdi[text()=\"OK\"]"}
COMMAND: POST /session/4b3369f25ef82e030cb388b696eaa2b5/elements - {"using":"xpath","value":"//bdi[text()=\"OK\"]"}
RESULT: {"using":"xpath","value":"//bdi[text()=\"OK\"]"}
COMMAND: POST /session/4b3369f25ef82e030cb388b696eaa2b5/elements - {"using":"xpath","value":"//bdi[text()=\"OK\"]"}
RESULT: {"using":"xpath","value":"//bdi[text()=\"OK\"]"}
COMMAND: POST /session/4b3369f25ef82e030cb388b696eaa2b5/elements - {"using":"xpath","value":"//bdi[text()=\"OK\"]"}
RESULT: {"using":"xpath","value":"//bdi[text()=\"OK\"]"}
COMMAND: POST /session/4b3369f25ef82e030cb388b696eaa2b5/elements - {"using":"xpath","value":"//bdi[text()=\"OK\"]"}
RESULT: {"using":"xpath","value":"//bdi[text()=\"OK\"]"}
COMMAND: POST /session/4b3369f25ef82e030cb388b696eaa2b5/elements - {"using":"xpath","value":"//bdi[text()=\"OK\"]"}
RESULT: {"using":"xpath","value":"//bdi[text()=\"OK\"]"}
COMMAND: POST /session/4b3369f25ef82e030cb388b696eaa2b5/elements - {"using":"xpath","value":"//bdi[text()=\"OK\"]"}
RESULT: {"using":"xpath","value":"//bdi[text()=\"OK\"]"}
COMMAND: POST /session/4b3369f25ef82e030cb388b696eaa2b5/elements - {"using":"xpath","value":"//bdi[text()=\"OK\"]"}
RESULT: {"using":"xpath","value":"//bdi[text()=\"OK\"]"}
COMMAND: POST /session/4b3369f25ef82e030cb388b696eaa2b5/elements - {"using":"xpath","value":"//bdi[text()=\"OK\"]"}
RESULT: {"using":"xpath","value":"//bdi[text()=\"OK\"]"}
COMMAND: POST /session/4b3369f25ef82e030cb388b696eaa2b5/elements - {"using":"xpath","value":"//bdi[text()=\"OK\"]"}
RESULT: {"using":"xpath","value":"//bdi[text()=\"OK\"]"}
COMMAND: POST /session/4b3369f25ef82e030cb388b696eaa2b5/elements - {"using":"xpath","value":"//bdi[text()=\"OK\"]"}
RESULT: {"using":"xpath","value":"//bdi[text()=\"OK\"]"}
COMMAND: POST /session/4b3369f25ef82e030cb388b696eaa2b5/elements - {"using":"xpath","value":"//bdi[text()=\"OK\"]"}
RESULT: {"using":"xpath","value":"//bdi[text()=\"OK\"]"}
COMMAND: POST /session/4b3369f25ef82e030cb388b696eaa2b5/elements - {"using":"xpath","value":"//bdi[text()=\"OK\"]"}
RESULT: {"using":"xpath","value":"//bdi[text()=\"OK\"]"}
COMMAND: POST /session/4b3369f25ef82e030cb388b696eaa2b5/elements - {"using":"xpath","value":"//bdi[text()=\"OK\"]"}
RESULT: {"using":"xpath","value":"//bdi[text()=\"OK\"]"}
COMMAND: POST /session/4b3369f25ef82e030cb388b696eaa2b5/elements - {"using":"xpath","value":"//bdi[text()=\"OK\"]"}
RESULT: {"using":"xpath","value":"//bdi[text()=\"OK\"]"}
COMMAND: POST /session/4b3369f25ef82e030cb388b696eaa2b5/elements - {"using":"xpath","value":"//bdi[text()=\"OK\"]"}
RESULT: {"using":"xpath","value":"//bdi[text()=\"OK\"]"}
COMMAND: POST /session/4b3369f25ef82e030cb388b696eaa2b5/elements - {"using":"xpath","value":"//bdi[text()=\"OK\"]"}
RESULT: {"using":"xpath","value":"//bdi[text()=\"OK\"]"}
COMMAND: POST /session/4b3369f25ef82e030cb388b696eaa2b5/elements - {"using":"xpath","value":"//bdi[text()=\"OK\"]"}
RESULT: {"using":"xpath","value":"//bdi[text()=\"OK\"]"}
COMMAND: POST /session/4b3369f25ef82e030cb388b696eaa2b5/elements - {"using":"xpath","value":"//bdi[text()=\"OK\"]"}
RESULT: {"using":"xpath","value":"//bdi[text()=\"OK\"]"}
COMMAND: POST /session/4b3369f25ef82e030cb388b696eaa2b5/elements - {"using":"xpath","value":"//bdi[text()=\"OK\"]"}
RESULT: {"using":"xpath","value":"//bdi[text()=\"OK\"]"}
COMMAND: POST /session/4b3369f25ef82e030cb388b696eaa2b5/elements - {"using":"xpath","value":"//bdi[text()=\"OK\"]"}
RESULT: {"using":"xpath","value":"//bdi[text()=\"OK\"]"}
COMMAND: POST /session/4b3369f25ef82e030cb388b696eaa2b5/elements - {"using":"xpath","value":"//bdi[text()=\"OK\"]"}
RESULT: {"using":"xpath","value":"//bdi[text()=\"OK\"]"}
COMMAND: POST /session/4b3369f25ef82e030cb388b696eaa2b5/elements - {"using":"xpath","value":"//bdi[text()=\"OK\"]"}
RESULT: {"using":"xpath","value":"//bdi[text()=\"OK\"]"}
COMMAND: POST /session/4b3369f25ef82e030cb388b696eaa2b5/elements - {"using":"xpath","value":"//bdi[text()=\"OK\"]"}
RESULT: {"using":"xpath","value":"//bdi[text()=\"OK\"]"}
COMMAND: POST /session/4b3369f25ef82e030cb388b696eaa2b5/elements - {"using":"xpath","value":"//bdi[text()=\"OK\"]"}
RESULT: {"using":"xpath","value":"//bdi[text()=\"OK\"]"}
COMMAND: POST /session/4b3369f25ef82e030cb388b696eaa2b5/elements - {"using":"xpath","value":"//bdi[text()=\"OK\"]"}
RESULT: {"using":"xpath","value":"//bdi[text()=\"OK\"]"}
COMMAND: POST /session/4b3369f25ef82e030cb388b696eaa2b5/elements - {"using":"xpath","value":"//bdi[text()=\"OK\"]"}
RESULT: {"using":"xpath","value":"//bdi[text()=\"OK\"]"}
COMMAND: POST /session/4b3369f25ef82e030cb388b696eaa2b5/elements - {"using":"xpath","value":"//bdi[text()=\"OK\"]"}
RESULT: {"using":"xpath","value":"//bdi[text()=\"OK\"]"}
COMMAND: POST /session/4b3369f25ef82e030cb388b696eaa2b5/elements - {"using":"xpath","value":"//bdi[text()=\"OK\"]"}
RESULT: {"using":"xpath","value":"//bdi[text()=\"OK\"]"}
COMMAND: POST /session/4b3369f25ef82e030cb388b696eaa2b5/elements - {"using":"xpath","value":"//bdi[text()=\"OK\"]"}
RESULT: {"using":"xpath","value":"//bdi[text()=\"OK\"]"}
COMMAND: POST /session/4b3369f25ef82e030cb388b696eaa2b5/elements - {"using":"xpath","value":"//bdi[text()=\"OK\"]"}
RESULT: {"using":"xpath","value":"//bdi[text()=\"OK\"]"}
COMMAND: POST /session/4b3369f25ef82e030cb388b696eaa2b5/elements - {"using":"xpath","value":"//bdi[text()=\"OK\"]"}
RESULT: {"using":"xpath","value":"//bdi[text()=\"OK\"]"}
COMMAND: POST /session/4b3369f25ef82e030cb388b696eaa2b5/elements - {"using":"xpath","value":"//bdi[text()=\"OK\"]"}
RESULT: {"using":"xpath","value":"//bdi[text()=\"OK\"]"}
COMMAND: POST /session/4b3369f25ef82e030cb388b696eaa2b5/elements - {"using":"xpath","value":"//bdi[text()=\"OK\"]"}
RESULT: {"using":"xpath","value":"//bdi[text()=\"OK\"]"}
COMMAND: POST /session/4b3369f25ef82e030cb388b696eaa2b5/elements - {"using":"xpath","value":"//bdi[text()=\"OK\"]"}
RESULT: {"using":"xpath","value":"//bdi[text()=\"OK\"]"}
COMMAND: POST /session/4b3369f25ef82e030cb388b696eaa2b5/elements - {"using":"xpath","value":"//bdi[text()=\"OK\"]"}
RESULT: {"using":"xpath","value":"//bdi[text()=\"OK\"]"}
COMMAND: POST /session/4b3369f25ef82e030cb388b696eaa2b5/elements - {"using":"xpath","value":"//bdi[text()=\"OK\"]"}
RESULT: {"using":"xpath","value":"//bdi[text()=\"OK\"]"}
COMMAND: POST /session/4b3369f25ef82e030cb388b696eaa2b5/elements - {"using":"xpath","value":"//bdi[text()=\"OK\"]"}
RESULT: {"using":"xpath","value":"//bdi[text()=\"OK\"]"}
COMMAND: POST /session/4b3369f25ef82e030cb388b696eaa2b5/elements - {"using":"xpath","value":"//bdi[text()=\"OK\"]"}
RESULT: {"using":"xpath","value":"//bdi[text()=\"OK\"]"}
COMMAND: POST /session/4b3369f25ef82e030cb388b696eaa2b5/elements - {"using":"xpath","value":"//bdi[text()=\"OK\"]"}
RESULT: {"using":"xpath","value":"//bdi[text()=\"OK\"]"}
COMMAND: POST /session/4b3369f25ef82e030cb388b696eaa2b5/elements - {"using":"xpath","value":"//bdi[text()=\"OK\"]"}
RESULT: {"using":"xpath","value":"//bdi[text()=\"OK\"]"}
COMMAND: POST /session/4b3369f25ef82e030cb388b696eaa2b5/elements - {"using":"xpath","value":"//bdi[text()=\"OK\"]"}
RESULT: {"using":"xpath","value":"//bdi[text()=\"OK\"]"}
COMMAND: POST /session/4b3369f25ef82e030cb388b696eaa2b5/elements - {"using":"xpath","value":"//bdi[text()=\"OK\"]"}
RESULT: {"using":"xpath","value":"//bdi[text()=\"OK\"]"}
COMMAND: POST /session/4b3369f25ef82e030cb388b696eaa2b5/elements - {"using":"xpath","value":"//bdi[text()=\"OK\"]"}
RESULT: {"using":"xpath","value":"//bdi[text()=\"OK\"]"}
COMMAND: POST /session/4b3369f25ef82e030cb388b696eaa2b5/elements - {"using":"xpath","value":"//bdi[text()=\"OK\"]"}
RESULT: {"using":"xpath","value":"//bdi[text()=\"OK\"]"}
COMMAND: POST /session/4b3369f25ef82e030cb388b696eaa2b5/elements - {"using":"xpath","value":"//bdi[text()=\"OK\"]"}
RESULT: {"using":"xpath","value":"//bdi[text()=\"OK\"]"}
COMMAND: POST /session/4b3369f25ef82e030cb388b696eaa2b5/elements - {"using":"xpath","value":"//bdi[text()=\"OK\"]"}
RESULT: {"using":"xpath","value":"//bdi[text()=\"OK\"]"}
COMMAND: POST /session/4b3369f25ef82e030cb388b696eaa2b5/elements - {"using":"xpath","value":"//bdi[text()=\"OK\"]"}
RESULT: {"using":"xpath","value":"//bdi[text()=\"OK\"]"}
COMMAND: POST /session/4b3369f25ef82e030cb388b696eaa2b5/elements - {"using":"xpath","value":"//bdi[text()=\"OK\"]"}
RESULT: {"using":"xpath","value":"//bdi[text()=\"OK\"]"}
COMMAND: POST /session/4b3369f25ef82e030cb388b696eaa2b5/elements - {"using":"xpath","value":"//bdi[text()=\"OK\"]"}
RESULT: {"using":"xpath","value":"//bdi[text()=\"OK\"]"}
COMMAND: POST /session/4b3369f25ef82e030cb388b696eaa2b5/elements - {"using":"xpath","value":"//bdi[text()=\"OK\"]"}
RESULT: {"using":"xpath","value":"//bdi[text()=\"OK\"]"}
COMMAND: POST /session/4b3369f25ef82e030cb388b696eaa2b5/elements - {"using":"xpath","value":"//bdi[text()=\"OK\"]"}
RESULT: {"using":"xpath","value":"//bdi[text()=\"OK\"]"}
COMMAND: POST /session/4b3369f25ef82e030cb388b696eaa2b5/elements - {"using":"xpath","value":"//bdi[text()=\"OK\"]"}
RESULT: {"using":"xpath","value":"//bdi[text()=\"OK\"]"}
COMMAND: POST /session/4b3369f25ef82e030cb388b696eaa2b5/elements - {"using":"xpath","value":"//bdi[text()=\"OK\"]"}
RESULT: {"using":"xpath","value":"//bdi[text()=\"OK\"]"}
COMMAND: POST /session/4b3369f25ef82e030cb388b696eaa2b5/elements - {"using":"xpath","value":"//bdi[text()=\"OK\"]"}
RESULT: {"using":"xpath","value":"//bdi[text()=\"OK\"]"}
COMMAND: POST /session/4b3369f25ef82e030cb388b696eaa2b5/elements - {"using":"xpath","value":"//bdi[text()=\"OK\"]"}
RESULT: {"using":"xpath","value":"//bdi[text()=\"OK\"]"}
COMMAND: POST /session/4b3369f25ef82e030cb388b696eaa2b5/elements - {"using":"xpath","value":"//bdi[text()=\"OK\"]"}
RESULT: {"using":"xpath","value":"//bdi[text()=\"OK\"]"}
COMMAND: POST /session/4b3369f25ef82e030cb388b696eaa2b5/elements - {"using":"xpath","value":"//bdi[text()=\"OK\"]"}
RESULT: {"using":"xpath","value":"//bdi[text()=\"OK\"]"}
COMMAND: POST /session/4b3369f25ef82e030cb388b696eaa2b5/elements - {"using":"xpath","value":"//bdi[text()=\"OK\"]"}
RESULT: {"using":"xpath","value":"//bdi[text()=\"OK\"]"}
COMMAND: POST /session/4b3369f25ef82e030cb388b696eaa2b5/elements - {"using":"xpath","value":"//bdi[text()=\"OK\"]"}
RESULT: {"using":"xpath","value":"//bdi[text()=\"OK\"]"}
COMMAND: POST /session/4b3369f25ef82e030cb388b696eaa2b5/elements - {"using":"xpath","value":"//bdi[text()=\"OK\"]"}
RESULT: {"using":"xpath","value":"//bdi[text()=\"OK\"]"}
COMMAND: POST /session/4b3369f25ef82e030cb388b696eaa2b5/elements - {"using":"xpath","value":"//bdi[text()=\"OK\"]"}
RESULT: {"using":"xpath","value":"//bdi[text()=\"OK\"]"}
COMMAND: POST /session/4b3369f25ef82e030cb388b696eaa2b5/elements - {"using":"xpath","value":"//bdi[text()=\"OK\"]"}
RESULT: {"using":"xpath","value":"//bdi[text()=\"OK\"]"}
COMMAND: POST /session/4b3369f25ef82e030cb388b696eaa2b5/elements - {"using":"xpath","value":"//bdi[text()=\"OK\"]"}
RESULT: {"using":"xpath","value":"//bdi[text()=\"OK\"]"}
COMMAND: POST /session/4b3369f25ef82e030cb388b696eaa2b5/elements - {"using":"xpath","value":"//bdi[text()=\"OK\"]"}
RESULT: {"using":"xpath","value":"//bdi[text()=\"OK\"]"}
COMMAND: POST /session/4b3369f25ef82e030cb388b696eaa2b5/elements - {"using":"xpath","value":"//bdi[text()=\"OK\"]"}
RESULT: {"using":"xpath","value":"//bdi[text()=\"OK\"]"}
COMMAND: POST /session/4b3369f25ef82e030cb388b696eaa2b5/elements - {"using":"xpath","value":"//bdi[text()=\"OK\"]"}
RESULT: {"using":"xpath","value":"//bdi[text()=\"OK\"]"}
COMMAND: POST /session/4b3369f25ef82e030cb388b696eaa2b5/elements - {"using":"xpath","value":"//bdi[text()=\"OK\"]"}
RESULT: {"using":"xpath","value":"//bdi[text()=\"OK\"]"}
COMMAND: POST /session/4b3369f25ef82e030cb388b696eaa2b5/elements - {"using":"xpath","value":"//bdi[text()=\"OK\"]"}
RESULT: {"using":"xpath","value":"//bdi[text()=\"OK\"]"}
COMMAND: POST /session/4b3369f25ef82e030cb388b696eaa2b5/elements - {"using":"xpath","value":"//bdi[text()=\"OK\"]"}
RESULT: {"using":"xpath","value":"//bdi[text()=\"OK\"]"}
COMMAND: POST /session/4b3369f25ef82e030cb388b696eaa2b5/elements - {"using":"xpath","value":"//bdi[text()=\"OK\"]"}
RESULT: {"using":"xpath","value":"//bdi[text()=\"OK\"]"}
COMMAND: POST /session/4b3369f25ef82e030cb388b696eaa2b5/elements - {"using":"xpath","value":"//bdi[text()=\"OK\"]"}
RESULT: {"using":"xpath","value":"//bdi[text()=\"OK\"]"}
COMMAND: POST /session/4b3369f25ef82e030cb388b696eaa2b5/elements - {"using":"xpath","value":"//bdi[text()=\"OK\"]"}
RESULT: {"using":"xpath","value":"//bdi[text()=\"OK\"]"}
COMMAND: POST /session/4b3369f25ef82e030cb388b696eaa2b5/elements - {"using":"xpath","value":"//bdi[text()=\"OK\"]"}
RESULT: {"using":"xpath","value":"//bdi[text()=\"OK\"]"}
COMMAND: POST /session/4b3369f25ef82e030cb388b696eaa2b5/elements - {"using":"xpath","value":"//bdi[text()=\"OK\"]"}
RESULT: {"using":"xpath","value":"//bdi[text()=\"OK\"]"}
COMMAND: POST /session/4b3369f25ef82e030cb388b696eaa2b5/elements - {"using":"xpath","value":"//bdi[text()=\"OK\"]"}
RESULT: {"using":"xpath","value":"//bdi[text()=\"OK\"]"}
COMMAND: POST /session/4b3369f25ef82e030cb388b696eaa2b5/elements - {"using":"xpath","value":"//bdi[text()=\"OK\"]"}
RESULT: {"using":"xpath","value":"//bdi[text()=\"OK\"]"}
COMMAND: POST /session/4b3369f25ef82e030cb388b696eaa2b5/elements - {"using":"xpath","value":"//bdi[text()=\"OK\"]"}
RESULT: {"using":"xpath","value":"//bdi[text()=\"OK\"]"}
COMMAND: POST /session/4b3369f25ef82e030cb388b696eaa2b5/elements - {"using":"xpath","value":"//bdi[text()=\"OK\"]"}
RESULT: {"using":"xpath","value":"//bdi[text()=\"OK\"]"}
COMMAND: POST /session/4b3369f25ef82e030cb388b696eaa2b5/elements - {"using":"xpath","value":"//bdi[text()=\"OK\"]"}
RESULT: {"using":"xpath","value":"//bdi[text()=\"OK\"]"}
COMMAND: POST /session/4b3369f25ef82e030cb388b696eaa2b5/elements - {"using":"xpath","value":"//bdi[text()=\"OK\"]"}
RESULT: {"using":"xpath","value":"//bdi[text()=\"OK\"]"}
COMMAND: POST /session/4b3369f25ef82e030cb388b696eaa2b5/elements - {"using":"xpath","value":"//bdi[text()=\"OK\"]"}
RESULT: {"using":"xpath","value":"//bdi[text()=\"OK\"]"}
COMMAND: POST /session/4b3369f25ef82e030cb388b696eaa2b5/elements - {"using":"xpath","value":"//bdi[text()=\"OK\"]"}
RESULT: {"using":"xpath","value":"//bdi[text()=\"OK\"]"}
COMMAND: POST /session/4b3369f25ef82e030cb388b696eaa2b5/elements - {"using":"xpath","value":"//bdi[text()=\"OK\"]"}
RESULT: {"using":"xpath","value":"//bdi[text()=\"OK\"]"}
COMMAND: POST /session/4b3369f25ef82e030cb388b696eaa2b5/elements - {"using":"xpath","value":"//bdi[text()=\"OK\"]"}
RESULT: {"using":"xpath","value":"//bdi[text()=\"OK\"]"}
COMMAND: POST /session/4b3369f25ef82e030cb388b696eaa2b5/elements - {"using":"xpath","value":"//bdi[text()=\"OK\"]"}
RESULT: {"using":"xpath","value":"//bdi[text()=\"OK\"]"}
COMMAND: POST /session/4b3369f25ef82e030cb388b696eaa2b5/elements - {"using":"xpath","value":"//bdi[text()=\"OK\"]"}
RESULT: {"using":"xpath","value":"//bdi[text()=\"OK\"]"}
COMMAND: POST /session/4b3369f25ef82e030cb388b696eaa2b5/elements - {"using":"xpath","value":"//bdi[text()=\"OK\"]"}
RESULT: {"using":"xpath","value":"//bdi[text()=\"OK\"]"}
COMMAND: POST /session/4b3369f25ef82e030cb388b696eaa2b5/elements - {"using":"xpath","value":"//bdi[text()=\"OK\"]"}
RESULT: {"using":"xpath","value":"//bdi[text()=\"OK\"]"}
COMMAND: POST /session/4b3369f25ef82e030cb388b696eaa2b5/elements - {"using":"xpath","value":"//bdi[text()=\"OK\"]"}
RESULT: {"using":"xpath","value":"//bdi[text()=\"OK\"]"}
COMMAND: POST /session/4b3369f25ef82e030cb388b696eaa2b5/elements - {"using":"xpath","value":"//bdi[text()=\"OK\"]"}
RESULT: {"using":"xpath","value":"//bdi[text()=\"OK\"]"}
COMMAND: POST /session/4b3369f25ef82e030cb388b696eaa2b5/elements - {"using":"xpath","value":"//bdi[text()=\"OK\"]"}
RESULT: {"using":"xpath","value":"//bdi[text()=\"OK\"]"}
COMMAND: POST /session/4b3369f25ef82e030cb388b696eaa2b5/elements - {"using":"xpath","value":"//bdi[text()=\"OK\"]"}
RESULT: {"using":"xpath","value":"//bdi[text()=\"OK\"]"}
COMMAND: POST /session/4b3369f25ef82e030cb388b696eaa2b5/elements - {"using":"xpath","value":"//bdi[text()=\"OK\"]"}
RESULT: {"using":"xpath","value":"//bdi[text()=\"OK\"]"}
COMMAND: POST /session/4b3369f25ef82e030cb388b696eaa2b5/elements - {"using":"xpath","value":"//bdi[text()=\"OK\"]"}
RESULT: {"using":"xpath","value":"//bdi[text()=\"OK\"]"}
COMMAND: POST /session/4b3369f25ef82e030cb388b696eaa2b5/elements - {"using":"xpath","value":"//bdi[text()=\"OK\"]"}
RESULT: {"using":"xpath","value":"//bdi[text()=\"OK\"]"}
COMMAND: POST /session/4b3369f25ef82e030cb388b696eaa2b5/elements - {"using":"xpath","value":"//bdi[text()=\"OK\"]"}
RESULT: {"using":"xpath","value":"//bdi[text()=\"OK\"]"}
COMMAND: POST /session/4b3369f25ef82e030cb388b696eaa2b5/elements - {"using":"xpath","value":"//bdi[text()=\"OK\"]"}
RESULT: {"using":"xpath","value":"//bdi[text()=\"OK\"]"}
COMMAND: POST /session/4b3369f25ef82e030cb388b696eaa2b5/elements - {"using":"xpath","value":"//bdi[text()=\"OK\"]"}
RESULT: {"using":"xpath","value":"//bdi[text()=\"OK\"]"}
COMMAND: POST /session/4b3369f25ef82e030cb388b696eaa2b5/elements - {"using":"xpath","value":"//bdi[text()=\"OK\"]"}
RESULT: {"using":"xpath","value":"//bdi[text()=\"OK\"]"}
COMMAND: POST /session/4b3369f25ef82e030cb388b696eaa2b5/elements - {"using":"xpath","value":"//bdi[text()=\"OK\"]"}
RESULT: {"using":"xpath","value":"//bdi[text()=\"OK\"]"}
COMMAND: POST /session/4b3369f25ef82e030cb388b696eaa2b5/elements - {"using":"xpath","value":"//bdi[text()=\"OK\"]"}
RESULT: {"using":"xpath","value":"//bdi[text()=\"OK\"]"}
COMMAND: POST /session/4b3369f25ef82e030cb388b696eaa2b5/elements - {"using":"xpath","value":"//bdi[text()=\"OK\"]"}
RESULT: {"using":"xpath","value":"//bdi[text()=\"OK\"]"}
COMMAND: POST /session/4b3369f25ef82e030cb388b696eaa2b5/elements - {"using":"xpath","value":"//bdi[text()=\"OK\"]"}
RESULT: {"using":"xpath","value":"//bdi[text()=\"OK\"]"}
COMMAND: POST /session/4b3369f25ef82e030cb388b696eaa2b5/element - {"using":"xpath","value":"//bdi[text()=\"OK\"]"}
RESULT: {"using":"xpath","value":"//bdi[text()=\"OK\"]"}
COMMAND: POST /session/4b3369f25ef82e030cb388b696eaa2b5/elements - {"using":"xpath","value":"//bdi[text()=\"OK\"]"}
RESULT: {"using":"xpath","value":"//bdi[text()=\"OK\"]"}
COMMAND: POST /session/4b3369f25ef82e030cb388b696eaa2b5/elements - {"using":"xpath","value":"//bdi[text()=\"OK\"]"}
RESULT: {"using":"xpath","value":"//bdi[text()=\"OK\"]"}
COMMAND: POST /session/4b3369f25ef82e030cb388b696eaa2b5/elements - {"using":"xpath","value":"//bdi[text()=\"OK\"]"}
RESULT: {"using":"xpath","value":"//bdi[text()=\"OK\"]"}
COMMAND: POST /session/4b3369f25ef82e030cb388b696eaa2b5/elements - {"using":"xpath","value":"//bdi[text()=\"OK\"]"}
RESULT: {"using":"xpath","value":"//bdi[text()=\"OK\"]"}
COMMAND: POST /session/4b3369f25ef82e030cb388b696eaa2b5/elements - {"using":"xpath","value":"//bdi[text()=\"OK\"]"}
RESULT: {"using":"xpath","value":"//bdi[text()=\"OK\"]"}
COMMAND: POST /session/4b3369f25ef82e030cb388b696eaa2b5/elements - {"using":"xpath","value":"//bdi[text()=\"OK\"]"}
RESULT: {"using":"xpath","value":"//bdi[text()=\"OK\"]"}
COMMAND: POST /session/4b3369f25ef82e030cb388b696eaa2b5/elements - {"using":"xpath","value":"//bdi[text()=\"OK\"]"}
RESULT: {"using":"xpath","value":"//bdi[text()=\"OK\"]"}
COMMAND: POST /session/4b3369f25ef82e030cb388b696eaa2b5/elements - {"using":"xpath","value":"//bdi[text()=\"OK\"]"}
RESULT: {"using":"xpath","value":"//bdi[text()=\"OK\"]"}
COMMAND: POST /session/4b3369f25ef82e030cb388b696eaa2b5/elements - {"using":"xpath","value":"//bdi[text()=\"OK\"]"}
RESULT: {"using":"xpath","value":"//bdi[text()=\"OK\"]"}
COMMAND: POST /session/4b3369f25ef82e030cb388b696eaa2b5/elements - {"using":"xpath","value":"//bdi[text()=\"OK\"]"}
RESULT: {"using":"xpath","value":"//bdi[text()=\"OK\"]"}
COMMAND: POST /session/4b3369f25ef82e030cb388b696eaa2b5/elements - {"using":"xpath","value":"//bdi[text()=\"OK\"]"}
RESULT: {"using":"xpath","value":"//bdi[text()=\"OK\"]"}
COMMAND: POST /session/4b3369f25ef82e030cb388b696eaa2b5/elements - {"using":"xpath","value":"//bdi[text()=\"OK\"]"}
RESULT: {"using":"xpath","value":"//bdi[text()=\"OK\"]"}
COMMAND: POST /session/4b3369f25ef82e030cb388b696eaa2b5/elements - {"using":"xpath","value":"//bdi[text()=\"OK\"]"}
RESULT: {"using":"xpath","value":"//bdi[text()=\"OK\"]"}
COMMAND: POST /session/4b3369f25ef82e030cb388b696eaa2b5/elements - {"using":"xpath","value":"//bdi[text()=\"OK\"]"}
RESULT: {"using":"xpath","value":"//bdi[text()=\"OK\"]"}
COMMAND: POST /session/4b3369f25ef82e030cb388b696eaa2b5/elements - {"using":"xpath","value":"//bdi[text()=\"OK\"]"}
RESULT: {"using":"xpath","value":"//bdi[text()=\"OK\"]"}
COMMAND: POST /session/4b3369f25ef82e030cb388b696eaa2b5/elements - {"using":"xpath","value":"//bdi[text()=\"OK\"]"}
RESULT: {"using":"xpath","value":"//bdi[text()=\"OK\"]"}
COMMAND: POST /session/4b3369f25ef82e030cb388b696eaa2b5/elements - {"using":"xpath","value":"//bdi[text()=\"OK\"]"}
RESULT: {"using":"xpath","value":"//bdi[text()=\"OK\"]"}
COMMAND: POST /session/4b3369f25ef82e030cb388b696eaa2b5/elements - {"using":"xpath","value":"//bdi[text()=\"OK\"]"}
RESULT: {"using":"xpath","value":"//bdi[text()=\"OK\"]"}
COMMAND: POST /session/4b3369f25ef82e030cb388b696eaa2b5/elements - {"using":"xpath","value":"//bdi[text()=\"OK\"]"}
RESULT: {"using":"xpath","value":"//bdi[text()=\"OK\"]"}
COMMAND: POST /session/4b3369f25ef82e030cb388b696eaa2b5/elements - {"using":"xpath","value":"//bdi[text()=\"OK\"]"}
RESULT: {"using":"xpath","value":"//bdi[text()=\"OK\"]"}
COMMAND: POST /session/4b3369f25ef82e030cb388b696eaa2b5/elements - {"using":"xpath","value":"//bdi[text()=\"OK\"]"}
RESULT: {"using":"xpath","value":"//bdi[text()=\"OK\"]"}
COMMAND: POST /session/4b3369f25ef82e030cb388b696eaa2b5/elements - {"using":"xpath","value":"//bdi[text()=\"OK\"]"}
RESULT: {"using":"xpath","value":"//bdi[text()=\"OK\"]"}
COMMAND: POST /session/4b3369f25ef82e030cb388b696eaa2b5/elements - {"using":"xpath","value":"//bdi[text()=\"OK\"]"}
RESULT: {"using":"xpath","value":"//bdi[text()=\"OK\"]"}
COMMAND: POST /session/4b3369f25ef82e030cb388b696eaa2b5/elements - {"using":"xpath","value":"//bdi[text()=\"OK\"]"}
RESULT: {"using":"xpath","value":"//bdi[text()=\"OK\"]"}
COMMAND: POST /session/4b3369f25ef82e030cb388b696eaa2b5/elements - {"using":"xpath","value":"//bdi[text()=\"OK\"]"}
RESULT: {"using":"xpath","value":"//bdi[text()=\"OK\"]"}
COMMAND: POST /session/4b3369f25ef82e030cb388b696eaa2b5/elements - {"using":"xpath","value":"//bdi[text()=\"OK\"]"}
RESULT: {"using":"xpath","value":"//bdi[text()=\"OK\"]"}
COMMAND: POST /session/4b3369f25ef82e030cb388b696eaa2b5/elements - {"using":"xpath","value":"//bdi[text()=\"OK\"]"}
RESULT: {"using":"xpath","value":"//bdi[text()=\"OK\"]"}
COMMAND: POST /session/4b3369f25ef82e030cb388b696eaa2b5/elements - {"using":"xpath","value":"//bdi[text()=\"OK\"]"}
RESULT: {"using":"xpath","value":"//bdi[text()=\"OK\"]"}
COMMAND: POST /session/4b3369f25ef82e030cb388b696eaa2b5/elements - {"using":"xpath","value":"//bdi[text()=\"OK\"]"}
RESULT: {"using":"xpath","value":"//bdi[text()=\"OK\"]"}
COMMAND: POST /session/4b3369f25ef82e030cb388b696eaa2b5/elements - {"using":"xpath","value":"//bdi[text()=\"OK\"]"}
RESULT: {"using":"xpath","value":"//bdi[text()=\"OK\"]"}
COMMAND: POST /session/4b3369f25ef82e030cb388b696eaa2b5/elements - {"using":"xpath","value":"//bdi[text()=\"OK\"]"}
RESULT: {"using":"xpath","value":"//bdi[text()=\"OK\"]"}
COMMAND: POST /session/4b3369f25ef82e030cb388b696eaa2b5/elements - {"using":"xpath","value":"//bdi[text()=\"OK\"]"}
RESULT: {"using":"xpath","value":"//bdi[text()=\"OK\"]"}
COMMAND: POST /session/4b3369f25ef82e030cb388b696eaa2b5/elements - {"using":"xpath","value":"//bdi[text()=\"OK\"]"}
RESULT: {"using":"xpath","value":"//bdi[text()=\"OK\"]"}
COMMAND: POST /session/4b3369f25ef82e030cb388b696eaa2b5/elements - {"using":"xpath","value":"//bdi[text()=\"OK\"]"}
RESULT: {"using":"xpath","value":"//bdi[text()=\"OK\"]"}
COMMAND: POST /session/4b3369f25ef82e030cb388b696eaa2b5/elements - {"using":"xpath","value":"//bdi[text()=\"OK\"]"}
RESULT: {"using":"xpath","value":"//bdi[text()=\"OK\"]"}
COMMAND: POST /session/4b3369f25ef82e030cb388b696eaa2b5/elements - {"using":"xpath","value":"//bdi[text()=\"OK\"]"}
RESULT: {"using":"xpath","value":"//bdi[text()=\"OK\"]"}
COMMAND: POST /session/4b3369f25ef82e030cb388b696eaa2b5/elements - {"using":"xpath","value":"//bdi[text()=\"OK\"]"}
RESULT: {"using":"xpath","value":"//bdi[text()=\"OK\"]"}
COMMAND: POST /session/4b3369f25ef82e030cb388b696eaa2b5/elements - {"using":"xpath","value":"//bdi[text()=\"OK\"]"}
RESULT: {"using":"xpath","value":"//bdi[text()=\"OK\"]"}
COMMAND: POST /session/4b3369f25ef82e030cb388b696eaa2b5/elements - {"using":"xpath","value":"//bdi[text()=\"OK\"]"}
RESULT: {"using":"xpath","value":"//bdi[text()=\"OK\"]"}
COMMAND: POST /session/4b3369f25ef82e030cb388b696eaa2b5/elements - {"using":"xpath","value":"//bdi[text()=\"OK\"]"}
RESULT: {"using":"xpath","value":"//bdi[text()=\"OK\"]"}
COMMAND: POST /session/4b3369f25ef82e030cb388b696eaa2b5/elements - {"using":"xpath","value":"//bdi[text()=\"OK\"]"}
RESULT: {"using":"xpath","value":"//bdi[text()=\"OK\"]"}
COMMAND: POST /session/4b3369f25ef82e030cb388b696eaa2b5/elements - {"using":"xpath","value":"//bdi[text()=\"OK\"]"}
RESULT: {"using":"xpath","value":"//bdi[text()=\"OK\"]"}
COMMAND: POST /session/4b3369f25ef82e030cb388b696eaa2b5/elements - {"using":"xpath","value":"//bdi[text()=\"OK\"]"}
RESULT: {"using":"xpath","value":"//bdi[text()=\"OK\"]"}
COMMAND: POST /session/4b3369f25ef82e030cb388b696eaa2b5/elements - {"using":"xpath","value":"//bdi[text()=\"OK\"]"}
RESULT: {"using":"xpath","value":"//bdi[text()=\"OK\"]"}
COMMAND: POST /session/4b3369f25ef82e030cb388b696eaa2b5/elements - {"using":"xpath","value":"//bdi[text()=\"OK\"]"}
RESULT: {"using":"xpath","value":"//bdi[text()=\"OK\"]"}
COMMAND: POST /session/4b3369f25ef82e030cb388b696eaa2b5/elements - {"using":"xpath","value":"//bdi[text()=\"OK\"]"}
RESULT: {"using":"xpath","value":"//bdi[text()=\"OK\"]"}
COMMAND: POST /session/4b3369f25ef82e030cb388b696eaa2b5/elements - {"using":"xpath","value":"//bdi[text()=\"OK\"]"}
RESULT: {"using":"xpath","value":"//bdi[text()=\"OK\"]"}
COMMAND: POST /session/4b3369f25ef82e030cb388b696eaa2b5/elements - {"using":"xpath","value":"//bdi[text()=\"OK\"]"}
RESULT: {"using":"xpath","value":"//bdi[text()=\"OK\"]"}
COMMAND: POST /session/4b3369f25ef82e030cb388b696eaa2b5/elements - {"using":"xpath","value":"//bdi[text()=\"OK\"]"}
RESULT: {"using":"xpath","value":"//bdi[text()=\"OK\"]"}
COMMAND: POST /session/4b3369f25ef82e030cb388b696eaa2b5/elements - {"using":"xpath","value":"//bdi[text()=\"OK\"]"}
RESULT: {"using":"xpath","value":"//bdi[text()=\"OK\"]"}
COMMAND: POST /session/4b3369f25ef82e030cb388b696eaa2b5/elements - {"using":"xpath","value":"//bdi[text()=\"OK\"]"}
RESULT: {"using":"xpath","value":"//bdi[text()=\"OK\"]"}
COMMAND: POST /session/4b3369f25ef82e030cb388b696eaa2b5/elements - {"using":"xpath","value":"//bdi[text()=\"OK\"]"}
RESULT: {"using":"xpath","value":"//bdi[text()=\"OK\"]"}
COMMAND: POST /session/4b3369f25ef82e030cb388b696eaa2b5/elements - {"using":"xpath","value":"//bdi[text()=\"OK\"]"}
RESULT: {"using":"xpath","value":"//bdi[text()=\"OK\"]"}
COMMAND: POST /session/4b3369f25ef82e030cb388b696eaa2b5/elements - {"using":"xpath","value":"//bdi[text()=\"OK\"]"}
RESULT: {"using":"xpath","value":"//bdi[text()=\"OK\"]"}
COMMAND: POST /session/4b3369f25ef82e030cb388b696eaa2b5/elements - {"using":"xpath","value":"//bdi[text()=\"OK\"]"}
RESULT: {"using":"xpath","value":"//bdi[text()=\"OK\"]"}
COMMAND: POST /session/4b3369f25ef82e030cb388b696eaa2b5/elements - {"using":"xpath","value":"//bdi[text()=\"OK\"]"}
RESULT: {"using":"xpath","value":"//bdi[text()=\"OK\"]"}
COMMAND: POST /session/4b3369f25ef82e030cb388b696eaa2b5/elements - {"using":"xpath","value":"//bdi[text()=\"OK\"]"}
RESULT: {"using":"xpath","value":"//bdi[text()=\"OK\"]"}
COMMAND: POST /session/4b3369f25ef82e030cb388b696eaa2b5/elements - {"using":"xpath","value":"//bdi[text()=\"OK\"]"}
RESULT: {"using":"xpath","value":"//bdi[text()=\"OK\"]"}
COMMAND: POST /session/4b3369f25ef82e030cb388b696eaa2b5/elements - {"using":"xpath","value":"//bdi[text()=\"OK\"]"}
RESULT: {"using":"xpath","value":"//bdi[text()=\"OK\"]"}
COMMAND: POST /session/4b3369f25ef82e030cb388b696eaa2b5/elements - {"using":"xpath","value":"//bdi[text()=\"OK\"]"}
RESULT: {"using":"xpath","value":"//bdi[text()=\"OK\"]"}
COMMAND: POST /session/4b3369f25ef82e030cb388b696eaa2b5/elements - {"using":"xpath","value":"//bdi[text()=\"OK\"]"}
RESULT: {"using":"xpath","value":"//bdi[text()=\"OK\"]"}
COMMAND: POST /session/4b3369f25ef82e030cb388b696eaa2b5/elements - {"using":"xpath","value":"//bdi[text()=\"OK\"]"}
RESULT: {"using":"xpath","value":"//bdi[text()=\"OK\"]"}
COMMAND: POST /session/4b3369f25ef82e030cb388b696eaa2b5/elements - {"using":"xpath","value":"//bdi[text()=\"OK\"]"}
RESULT: {"using":"xpath","value":"//bdi[text()=\"OK\"]"}
COMMAND: POST /session/4b3369f25ef82e030cb388b696eaa2b5/elements - {"using":"xpath","value":"//bdi[text()=\"OK\"]"}
RESULT: {"using":"xpath","value":"//bdi[text()=\"OK\"]"}
COMMAND: POST /session/4b3369f25ef82e030cb388b696eaa2b5/elements - {"using":"xpath","value":"//bdi[text()=\"OK\"]"}
RESULT: {"using":"xpath","value":"//bdi[text()=\"OK\"]"}
COMMAND: POST /session/4b3369f25ef82e030cb388b696eaa2b5/elements - {"using":"xpath","value":"//bdi[text()=\"OK\"]"}
RESULT: {"using":"xpath","value":"//bdi[text()=\"OK\"]"}
COMMAND: POST /session/4b3369f25ef82e030cb388b696eaa2b5/elements - {"using":"xpath","value":"//bdi[text()=\"OK\"]"}
RESULT: {"using":"xpath","value":"//bdi[text()=\"OK\"]"}
COMMAND: POST /session/4b3369f25ef82e030cb388b696eaa2b5/elements - {"using":"xpath","value":"//bdi[text()=\"OK\"]"}
RESULT: {"using":"xpath","value":"//bdi[text()=\"OK\"]"}
COMMAND: POST /session/4b3369f25ef82e030cb388b696eaa2b5/elements - {"using":"xpath","value":"//bdi[text()=\"OK\"]"}
RESULT: {"using":"xpath","value":"//bdi[text()=\"OK\"]"}
COMMAND: POST /session/4b3369f25ef82e030cb388b696eaa2b5/elements - {"using":"xpath","value":"//bdi[text()=\"OK\"]"}
RESULT: {"using":"xpath","value":"//bdi[text()=\"OK\"]"}
COMMAND: POST /session/4b3369f25ef82e030cb388b696eaa2b5/elements - {"using":"xpath","value":"//bdi[text()=\"OK\"]"}
RESULT: {"using":"xpath","value":"//bdi[text()=\"OK\"]"}
COMMAND: POST /session/4b3369f25ef82e030cb388b696eaa2b5/elements - {"using":"xpath","value":"//bdi[text()=\"OK\"]"}
RESULT: {"using":"xpath","value":"//bdi[text()=\"OK\"]"}
COMMAND: POST /session/4b3369f25ef82e030cb388b696eaa2b5/elements - {"using":"xpath","value":"//bdi[text()=\"OK\"]"}
RESULT: {"using":"xpath","value":"//bdi[text()=\"OK\"]"}
COMMAND: POST /session/4b3369f25ef82e030cb388b696eaa2b5/elements - {"using":"xpath","value":"//bdi[text()=\"OK\"]"}
RESULT: {"using":"xpath","value":"//bdi[text()=\"OK\"]"}
COMMAND: POST /session/4b3369f25ef82e030cb388b696eaa2b5/elements - {"using":"xpath","value":"//bdi[text()=\"OK\"]"}
RESULT: {"using":"xpath","value":"//bdi[text()=\"OK\"]"}
COMMAND: POST /session/4b3369f25ef82e030cb388b696eaa2b5/elements - {"using":"xpath","value":"//bdi[text()=\"OK\"]"}
RESULT: {"using":"xpath","value":"//bdi[text()=\"OK\"]"}
COMMAND: POST /session/4b3369f25ef82e030cb388b696eaa2b5/elements - {"using":"xpath","value":"//bdi[text()=\"OK\"]"}
RESULT: {"using":"xpath","value":"//bdi[text()=\"OK\"]"}
COMMAND: POST /session/4b3369f25ef82e030cb388b696eaa2b5/elements - {"using":"xpath","value":"//bdi[text()=\"OK\"]"}
RESULT: {"using":"xpath","value":"//bdi[text()=\"OK\"]"}
COMMAND: POST /session/4b3369f25ef82e030cb388b696eaa2b5/elements - {"using":"xpath","value":"//bdi[text()=\"OK\"]"}
RESULT: {"using":"xpath","value":"//bdi[text()=\"OK\"]"}
COMMAND: POST /session/4b3369f25ef82e030cb388b696eaa2b5/elements - {"using":"xpath","value":"//bdi[text()=\"OK\"]"}
RESULT: {"using":"xpath","value":"//bdi[text()=\"OK\"]"}
COMMAND: POST /session/4b3369f25ef82e030cb388b696eaa2b5/elements - {"using":"xpath","value":"//bdi[text()=\"OK\"]"}
RESULT: {"using":"xpath","value":"//bdi[text()=\"OK\"]"}
COMMAND: POST /session/4b3369f25ef82e030cb388b696eaa2b5/elements - {"using":"xpath","value":"//bdi[text()=\"OK\"]"}
RESULT: {"using":"xpath","value":"//bdi[text()=\"OK\"]"}
COMMAND: POST /session/4b3369f25ef82e030cb388b696eaa2b5/elements - {"using":"xpath","value":"//bdi[text()=\"OK\"]"}
RESULT: {"using":"xpath","value":"//bdi[text()=\"OK\"]"}
COMMAND: POST /session/4b3369f25ef82e030cb388b696eaa2b5/elements - {"using":"xpath","value":"//bdi[text()=\"OK\"]"}
RESULT: {"using":"xpath","value":"//bdi[text()=\"OK\"]"}
COMMAND: POST /session/4b3369f25ef82e030cb388b696eaa2b5/elements - {"using":"xpath","value":"//bdi[text()=\"OK\"]"}
RESULT: {"using":"xpath","value":"//bdi[text()=\"OK\"]"}
COMMAND: POST /session/4b3369f25ef82e030cb388b696eaa2b5/elements - {"using":"xpath","value":"//bdi[text()=\"OK\"]"}
RESULT: {"using":"xpath","value":"//bdi[text()=\"OK\"]"}
COMMAND: POST /session/4b3369f25ef82e030cb388b696eaa2b5/elements - {"using":"xpath","value":"//bdi[text()=\"OK\"]"}
RESULT: {"using":"xpath","value":"//bdi[text()=\"OK\"]"}
COMMAND: POST /session/4b3369f25ef82e030cb388b696eaa2b5/elements - {"using":"xpath","value":"//bdi[text()=\"OK\"]"}
RESULT: {"using":"xpath","value":"//bdi[text()=\"OK\"]"}
COMMAND: POST /session/4b3369f25ef82e030cb388b696eaa2b5/elements - {"using":"xpath","value":"//bdi[text()=\"OK\"]"}
RESULT: {"using":"xpath","value":"//bdi[text()=\"OK\"]"}
COMMAND: POST /session/4b3369f25ef82e030cb388b696eaa2b5/elements - {"using":"xpath","value":"//bdi[text()=\"OK\"]"}
RESULT: {"using":"xpath","value":"//bdi[text()=\"OK\"]"}
COMMAND: POST /session/4b3369f25ef82e030cb388b696eaa2b5/elements - {"using":"xpath","value":"//bdi[text()=\"OK\"]"}
RESULT: {"using":"xpath","value":"//bdi[text()=\"OK\"]"}
COMMAND: POST /session/4b3369f25ef82e030cb388b696eaa2b5/elements - {"using":"xpath","value":"//bdi[text()=\"OK\"]"}
RESULT: {"using":"xpath","value":"//bdi[text()=\"OK\"]"}
COMMAND: POST /session/4b3369f25ef82e030cb388b696eaa2b5/elements - {"using":"xpath","value":"//bdi[text()=\"OK\"]"}
RESULT: {"using":"xpath","value":"//bdi[text()=\"OK\"]"}
COMMAND: POST /session/4b3369f25ef82e030cb388b696eaa2b5/elements - {"using":"xpath","value":"//bdi[text()=\"OK\"]"}
RESULT: {"using":"xpath","value":"//bdi[text()=\"OK\"]"}
COMMAND: POST /session/4b3369f25ef82e030cb388b696eaa2b5/elements - {"using":"xpath","value":"//bdi[text()=\"OK\"]"}
RESULT: {"using":"xpath","value":"//bdi[text()=\"OK\"]"}
COMMAND: POST /session/4b3369f25ef82e030cb388b696eaa2b5/elements - {"using":"xpath","value":"//bdi[text()=\"OK\"]"}
RESULT: {"using":"xpath","value":"//bdi[text()=\"OK\"]"}
COMMAND: POST /session/4b3369f25ef82e030cb388b696eaa2b5/elements - {"using":"xpath","value":"//bdi[text()=\"OK\"]"}
RESULT: {"using":"xpath","value":"//bdi[text()=\"OK\"]"}
COMMAND: POST /session/4b3369f25ef82e030cb388b696eaa2b5/elements - {"using":"xpath","value":"//bdi[text()=\"OK\"]"}
RESULT: {"using":"xpath","value":"//bdi[text()=\"OK\"]"}
COMMAND: POST /session/4b3369f25ef82e030cb388b696eaa2b5/elements - {"using":"xpath","value":"//bdi[text()=\"OK\"]"}
RESULT: {"using":"xpath","value":"//bdi[text()=\"OK\"]"}
COMMAND: POST /session/4b3369f25ef82e030cb388b696eaa2b5/elements - {"using":"xpath","value":"//bdi[text()=\"OK\"]"}
RESULT: {"using":"xpath","value":"//bdi[text()=\"OK\"]"}
COMMAND: POST /session/4b3369f25ef82e030cb388b696eaa2b5/elements - {"using":"xpath","value":"//bdi[text()=\"OK\"]"}
RESULT: {"using":"xpath","value":"//bdi[text()=\"OK\"]"}
COMMAND: POST /session/4b3369f25ef82e030cb388b696eaa2b5/elements - {"using":"xpath","value":"//bdi[text()=\"OK\"]"}
RESULT: {"using":"xpath","value":"//bdi[text()=\"OK\"]"}
COMMAND: POST /session/4b3369f25ef82e030cb388b696eaa2b5/elements - {"using":"xpath","value":"//bdi[text()=\"OK\"]"}
RESULT: {"using":"xpath","value":"//bdi[text()=\"OK\"]"}
COMMAND: POST /session/4b3369f25ef82e030cb388b696eaa2b5/elements - {"using":"xpath","value":"//bdi[text()=\"OK\"]"}
RESULT: {"using":"xpath","value":"//bdi[text()=\"OK\"]"}
COMMAND: POST /session/4b3369f25ef82e030cb388b696eaa2b5/elements - {"using":"xpath","value":"//bdi[text()=\"OK\"]"}
RESULT: {"using":"xpath","value":"//bdi[text()=\"OK\"]"}
COMMAND: POST /session/4b3369f25ef82e030cb388b696eaa2b5/elements - {"using":"xpath","value":"//bdi[text()=\"OK\"]"}
RESULT: {"using":"xpath","value":"//bdi[text()=\"OK\"]"}
COMMAND: POST /session/4b3369f25ef82e030cb388b696eaa2b5/elements - {"using":"xpath","value":"//bdi[text()=\"OK\"]"}
RESULT: {"using":"xpath","value":"//bdi[text()=\"OK\"]"}
COMMAND: POST /session/4b3369f25ef82e030cb388b696eaa2b5/elements - {"using":"xpath","value":"//bdi[text()=\"OK\"]"}
RESULT: {"using":"xpath","value":"//bdi[text()=\"OK\"]"}
COMMAND: POST /session/4b3369f25ef82e030cb388b696eaa2b5/elements - {"using":"xpath","value":"//bdi[text()=\"OK\"]"}
RESULT: {"using":"xpath","value":"//bdi[text()=\"OK\"]"}
COMMAND: POST /session/4b3369f25ef82e030cb388b696eaa2b5/elements - {"using":"xpath","value":"//bdi[text()=\"OK\"]"}
RESULT: {"using":"xpath","value":"//bdi[text()=\"OK\"]"}
COMMAND: POST /session/4b3369f25ef82e030cb388b696eaa2b5/elements - {"using":"xpath","value":"//bdi[text()=\"OK\"]"}
RESULT: {"using":"xpath","value":"//bdi[text()=\"OK\"]"}
COMMAND: POST /session/4b3369f25ef82e030cb388b696eaa2b5/elements - {"using":"xpath","value":"//bdi[text()=\"OK\"]"}
RESULT: {"using":"xpath","value":"//bdi[text()=\"OK\"]"}
COMMAND: POST /session/4b3369f25ef82e030cb388b696eaa2b5/elements - {"using":"xpath","value":"//bdi[text()=\"OK\"]"}
RESULT: {"using":"xpath","value":"//bdi[text()=\"OK\"]"}
COMMAND: POST /session/4b3369f25ef82e030cb388b696eaa2b5/elements - {"using":"xpath","value":"//bdi[text()=\"OK\"]"}
RESULT: {"using":"xpath","value":"//bdi[text()=\"OK\"]"}
COMMAND: POST /session/4b3369f25ef82e030cb388b696eaa2b5/elements - {"using":"xpath","value":"//bdi[text()=\"OK\"]"}
RESULT: {"using":"xpath","value":"//bdi[text()=\"OK\"]"}
COMMAND: POST /session/4b3369f25ef82e030cb388b696eaa2b5/elements - {"using":"xpath","value":"//bdi[text()=\"OK\"]"}
RESULT: {"using":"xpath","value":"//bdi[text()=\"OK\"]"}
COMMAND: POST /session/4b3369f25ef82e030cb388b696eaa2b5/elements - {"using":"xpath","value":"//bdi[text()=\"OK\"]"}
RESULT: {"using":"xpath","value":"//bdi[text()=\"OK\"]"}
COMMAND: POST /session/4b3369f25ef82e030cb388b696eaa2b5/elements - {"using":"xpath","value":"//bdi[text()=\"OK\"]"}
RESULT: {"using":"xpath","value":"//bdi[text()=\"OK\"]"}
COMMAND: POST /session/4b3369f25ef82e030cb388b696eaa2b5/elements - {"using":"xpath","value":"//bdi[text()=\"OK\"]"}
RESULT: {"using":"xpath","value":"//bdi[text()=\"OK\"]"}
COMMAND: POST /session/4b3369f25ef82e030cb388b696eaa2b5/elements - {"using":"xpath","value":"//bdi[text()=\"OK\"]"}
RESULT: {"using":"xpath","value":"//bdi[text()=\"OK\"]"}
COMMAND: POST /session/4b3369f25ef82e030cb388b696eaa2b5/elements - {"using":"xpath","value":"//bdi[text()=\"OK\"]"}
COMMAND: POST /session/4b3369f25ef82e030cb388b696eaa2b5/execute/async - {"script":"<script> [1562 bytes]","args":[{"selector":{"id":"application-manageresources-display-component---newResourceUnit--TYPE-arrow"},"wdio_ui5_key":"applicationmanageresources-display-component---newResourceUnit--TYPE-arrow"}]}
RESULT: {"using":"xpath","value":"//bdi[text()=\"OK\"]"}
RESULT: {"script":"<script> [1562 bytes]","args":[{"selector":{"id":"application-manageresources-display-component---newResourceUnit--TYPE-arrow"},"wdio_ui5_key":"applicationmanageresources-display-component---newResourceUnit--TYPE-arrow"}]}
RESULT: undefined
COMMAND: POST /session/4b3369f25ef82e030cb388b696eaa2b5/element - {"using":"xpath","value":"//*[@id=\"application-manageresources-display-component---newResourceUnit--TYPE-arrow\"]"}
RESULT: {"using":"xpath","value":"//*[@id=\"application-manageresources-display-component---newResourceUnit--TYPE-arrow\"]"}
COMMAND: POST /session/4b3369f25ef82e030cb388b696eaa2b5/element/f.6E5FC992F903C9EC30278D2915A1424A.d.836F3242D8C2A4FCA9D42AD124093E4E.e.4926/click - {}
RESULT: {}
COMMAND: POST /session/4b3369f25ef82e030cb388b696eaa2b5/execute/async - {"script":"<script> [1562 bytes]","args":[{"selector":{"controlType":"sap.m.StandardListItem","viewName":"reusables.view.manageresources.NewResourceUnit","viewId":"application-manageresources-display-component---newResourceUnit","properties":{"title":"Material"},"searchOpenDialogs":true,"interaction":{"idSuffix":"titleText"}},"wdio_ui5_key":"reusablesview.manageresources.NewResourceUnitsap.m.StandardListItem{\"title\":\"Material\"}"}]}
COMMAND: GET /session/4b3369f25ef82e030cb388b696eaa2b5/screenshot - {}
RESULT: {"script":"<script> [1562 bytes]","args":[{"selector":{"controlType":"sap.m.StandardListItem","viewName":"reusables.view.manageresources.NewResourceUnit","viewId":"application-manageresources-display-component---newResourceUnit","properties":{"title":"Material"},"searchOpenDialogs":true,"interaction":{"idSuffix":"titleText"}},"wdio_ui5_key":"reusablesview.manageresources.NewResourceUnitsap.m.StandardListItem{\"title\":\"Material\"}"}]}
RESULT: undefined
COMMAND: POST /session/4b3369f25ef82e030cb388b696eaa2b5/element - {"using":"xpath","value":"//*[@id=\"__item146\"]"}
RESULT: {}
RESULT: {"using":"xpath","value":"//*[@id=\"__item146\"]"}
COMMAND: POST /session/4b3369f25ef82e030cb388b696eaa2b5/element/f.6E5FC992F903C9EC30278D2915A1424A.d.836F3242D8C2A4FCA9D42AD124093E4E.e.4929/click - {}
RESULT: {}
COMMAND: POST /session/4b3369f25ef82e030cb388b696eaa2b5/execute/async - {"script":"<script> [1562 bytes]","args":[{"selector":{"id":"application-manageresources-display-component---newResourceUnit--SHORT_TEXT","interaction":{"idSuffix":"inner"}},"wdio_ui5_key":"applicationmanageresources-display-component---newResourceUnit--SHORT_TEXT"}]}
COMMAND: GET /session/4b3369f25ef82e030cb388b696eaa2b5/screenshot - {}
RESULT: undefined
RESULT: {"script":"<script> [1562 bytes]","args":[{"selector":{"id":"application-manageresources-display-component---newResourceUnit--SHORT_TEXT","interaction":{"idSuffix":"inner"}},"wdio_ui5_key":"applicationmanageresources-display-component---newResourceUnit--SHORT_TEXT"}]}
RESULT: undefined
COMMAND: POST /session/4b3369f25ef82e030cb388b696eaa2b5/execute/async - {"script":"<script> [776 bytes]","args":[{"enterText":"WebdriverRU R2C21p5r","selector":{"id":"application-manageresources-display-component---newResourceUnit--SHORT_TEXT","interaction":{"idSuffix":"inner"}},"clearTextFirst":true,"interactionType":"ENTER_TEXT"}]}
RESULT: {}
RESULT: {"script":"<script> [776 bytes]","args":[{"enterText":"WebdriverRU R2C21p5r","selector":{"id":"application-manageresources-display-component---newResourceUnit--SHORT_TEXT","interaction":{"idSuffix":"inner"}},"clearTextFirst":true,"interactionType":"ENTER_TEXT"}]}
COMMAND: POST /session/4b3369f25ef82e030cb388b696eaa2b5/execute/async - {"script":"<script> [1562 bytes]","args":[{"selector":{"id":"application-manageresources-display-component---newResourceUnit--BASE_UNIT_OF_MEASURE-arrow"},"wdio_ui5_key":"applicationmanageresources-display-component---newResourceUnit--BASE_UNIT_OF_MEASURE-arrow"}]}
RESULT: {"script":"<script> [1562 bytes]","args":[{"selector":{"id":"application-manageresources-display-component---newResourceUnit--BASE_UNIT_OF_MEASURE-arrow"},"wdio_ui5_key":"applicationmanageresources-display-component---newResourceUnit--BASE_UNIT_OF_MEASURE-arrow"}]}
RESULT: undefined
COMMAND: POST /session/4b3369f25ef82e030cb388b696eaa2b5/element - {"using":"xpath","value":"//*[@id=\"application-manageresources-display-component---newResourceUnit--BASE_UNIT_OF_MEASURE-arrow\"]"}
RESULT: {"using":"xpath","value":"//*[@id=\"application-manageresources-display-component---newResourceUnit--BASE_UNIT_OF_MEASURE-arrow\"]"}
COMMAND: POST /session/4b3369f25ef82e030cb388b696eaa2b5/element/f.6E5FC992F903C9EC30278D2915A1424A.d.836F3242D8C2A4FCA9D42AD124093E4E.e.5053/click - {}
RESULT: {}
COMMAND: POST /session/4b3369f25ef82e030cb388b696eaa2b5/execute/async - {"script":"<script> [1562 bytes]","args":[{"selector":{"controlType":"sap.m.StandardListItem","viewName":"reusables.view.manageresources.NewResourceUnit","viewId":"application-manageresources-display-component---newResourceUnit","properties":{"title":"Piece"},"searchOpenDialogs":true,"interaction":{"idSuffix":"titleText"}},"wdio_ui5_key":"reusablesview.manageresources.NewResourceUnitsap.m.StandardListItem{\"title\":\"Piece\"}"}]}
COMMAND: GET /session/4b3369f25ef82e030cb388b696eaa2b5/screenshot - {}
RESULT: {"script":"<script> [1562 bytes]","args":[{"selector":{"controlType":"sap.m.StandardListItem","viewName":"reusables.view.manageresources.NewResourceUnit","viewId":"application-manageresources-display-component---newResourceUnit","properties":{"title":"Piece"},"searchOpenDialogs":true,"interaction":{"idSuffix":"titleText"}},"wdio_ui5_key":"reusablesview.manageresources.NewResourceUnitsap.m.StandardListItem{\"title\":\"Piece\"}"}]}
RESULT: undefined
COMMAND: POST /session/4b3369f25ef82e030cb388b696eaa2b5/element - {"using":"xpath","value":"//*[@id=\"__item199\"]"}
RESULT: {}
RESULT: {"using":"xpath","value":"//*[@id=\"__item199\"]"}
COMMAND: POST /session/4b3369f25ef82e030cb388b696eaa2b5/element/f.6E5FC992F903C9EC30278D2915A1424A.d.836F3242D8C2A4FCA9D42AD124093E4E.e.5055/click - {}
RESULT: {}
COMMAND: POST /session/4b3369f25ef82e030cb388b696eaa2b5/execute/async - {"script":"<script> [1562 bytes]","args":[{"selector":{"id":"application-manageresources-display-component---newResourceUnit--WEIGHT_UNIT-arrow"},"wdio_ui5_key":"applicationmanageresources-display-component---newResourceUnit--WEIGHT_UNIT-arrow"}]}
COMMAND: GET /session/4b3369f25ef82e030cb388b696eaa2b5/screenshot - {}
RESULT: {"script":"<script> [1562 bytes]","args":[{"selector":{"id":"application-manageresources-display-component---newResourceUnit--WEIGHT_UNIT-arrow"},"wdio_ui5_key":"applicationmanageresources-display-component---newResourceUnit--WEIGHT_UNIT-arrow"}]}
RESULT: undefined
COMMAND: POST /session/4b3369f25ef82e030cb388b696eaa2b5/element - {"using":"xpath","value":"//*[@id=\"application-manageresources-display-component---newResourceUnit--WEIGHT_UNIT-arrow\"]"}
RESULT: {}
RESULT: {"using":"xpath","value":"//*[@id=\"application-manageresources-display-component---newResourceUnit--WEIGHT_UNIT-arrow\"]"}
COMMAND: POST /session/4b3369f25ef82e030cb388b696eaa2b5/element/f.6E5FC992F903C9EC30278D2915A1424A.d.836F3242D8C2A4FCA9D42AD124093E4E.e.5056/click - {}
RESULT: {}
COMMAND: POST /session/4b3369f25ef82e030cb388b696eaa2b5/execute/async - {"script":"<script> [1562 bytes]","args":[{"selector":{"controlType":"sap.m.StandardListItem","viewName":"reusables.view.manageresources.NewResourceUnit","viewId":"application-manageresources-display-component---newResourceUnit","properties":{"title":"Gram"},"searchOpenDialogs":true,"interaction":{"idSuffix":"content"}},"wdio_ui5_key":"reusablesview.manageresources.NewResourceUnitsap.m.StandardListItem{\"title\":\"Gram\"}"}]}
COMMAND: GET /session/4b3369f25ef82e030cb388b696eaa2b5/screenshot - {}
RESULT: {"script":"<script> [1562 bytes]","args":[{"selector":{"controlType":"sap.m.StandardListItem","viewName":"reusables.view.manageresources.NewResourceUnit","viewId":"application-manageresources-display-component---newResourceUnit","properties":{"title":"Gram"},"searchOpenDialogs":true,"interaction":{"idSuffix":"content"}},"wdio_ui5_key":"reusablesview.manageresources.NewResourceUnitsap.m.StandardListItem{\"title\":\"Gram\"}"}]}
RESULT: undefined
COMMAND: POST /session/4b3369f25ef82e030cb388b696eaa2b5/element - {"using":"xpath","value":"//*[@id=\"__item264\"]"}
RESULT: {}
RESULT: {"using":"xpath","value":"//*[@id=\"__item264\"]"}
COMMAND: POST /session/4b3369f25ef82e030cb388b696eaa2b5/element/f.6E5FC992F903C9EC30278D2915A1424A.d.836F3242D8C2A4FCA9D42AD124093E4E.e.5058/click - {}
RESULT: {}
COMMAND: GET /session/4b3369f25ef82e030cb388b696eaa2b5/screenshot - {}
RESULT: {}
COMMAND: POST /session/4b3369f25ef82e030cb388b696eaa2b5/execute/async - {"script":"<script> [1562 bytes]","args":[{"selector":{"id":"application-manageresources-display-component---newResourceUnit--newRRUPage-OPHeaderContent-collapseBtn-img"},"wdio_ui5_key":"applicationmanageresources-display-component---newResourceUnit--newRRUPage-OPHeaderContent-collapseBtn-img"}]}
RESULT: {"script":"<script> [1562 bytes]","args":[{"selector":{"id":"application-manageresources-display-component---newResourceUnit--newRRUPage-OPHeaderContent-collapseBtn-img"},"wdio_ui5_key":"applicationmanageresources-display-component---newResourceUnit--newRRUPage-OPHeaderContent-collapseBtn-img"}]}
RESULT: undefined
COMMAND: POST /session/4b3369f25ef82e030cb388b696eaa2b5/element - {"using":"xpath","value":"//*[@id=\"application-manageresources-display-component---newResourceUnit--newRRUPage-OPHeaderContent-collapseBtn-img\"]"}
RESULT: {"using":"xpath","value":"//*[@id=\"application-manageresources-display-component---newResourceUnit--newRRUPage-OPHeaderContent-collapseBtn-img\"]"}
COMMAND: POST /session/4b3369f25ef82e030cb388b696eaa2b5/element/f.6E5FC992F903C9EC30278D2915A1424A.d.836F3242D8C2A4FCA9D42AD124093E4E.e.4937/click - {}
RESULT: {}
COMMAND: GET /session/4b3369f25ef82e030cb388b696eaa2b5/screenshot - {}
RESULT: {}
COMMAND: POST /session/4b3369f25ef82e030cb388b696eaa2b5/element - {"using":"xpath","value":"(//span[contains(@id ,\"application-manageresources-display-component---newResourceUnit--DIMENSION_UNIT-arrow\")])[1]"}
RESULT: {"using":"xpath","value":"(//span[contains(@id ,\"application-manageresources-display-component---newResourceUnit--DIMENSION_UNIT-arrow\")])[1]"}
COMMAND: POST /session/4b3369f25ef82e030cb388b696eaa2b5/element/f.6E5FC992F903C9EC30278D2915A1424A.d.836F3242D8C2A4FCA9D42AD124093E4E.e.5064/click - {}
RESULT: {}
COMMAND: GET /session/4b3369f25ef82e030cb388b696eaa2b5/screenshot - {}
RESULT: {}
COMMAND: POST /session/4b3369f25ef82e030cb388b696eaa2b5/execute/async - {"script":"<script> [1562 bytes]","args":[{"selector":{"controlType":"sap.m.StandardListItem","viewName":"reusables.view.manageresources.NewResourceUnit","viewId":"application-manageresources-display-component---newResourceUnit","properties":{"title":"Centimeter"},"searchOpenDialogs":true,"interaction":{"idSuffix":"titleText"}},"wdio_ui5_key":"reusablesview.manageresources.NewResourceUnitsap.m.StandardListItem{\"title\":\"Centimeter\"}"}]}
RESULT: {"script":"<script> [1562 bytes]","args":[{"selector":{"controlType":"sap.m.StandardListItem","viewName":"reusables.view.manageresources.NewResourceUnit","viewId":"application-manageresources-display-component---newResourceUnit","properties":{"title":"Centimeter"},"searchOpenDialogs":true,"interaction":{"idSuffix":"titleText"}},"wdio_ui5_key":"reusablesview.manageresources.NewResourceUnitsap.m.StandardListItem{\"title\":\"Centimeter\"}"}]}
RESULT: undefined
COMMAND: POST /session/4b3369f25ef82e030cb388b696eaa2b5/element - {"using":"xpath","value":"//*[@id=\"__item267\"]"}
RESULT: {"using":"xpath","value":"//*[@id=\"__item267\"]"}
COMMAND: POST /session/4b3369f25ef82e030cb388b696eaa2b5/element/f.6E5FC992F903C9EC30278D2915A1424A.d.836F3242D8C2A4FCA9D42AD124093E4E.e.5066/click - {}
RESULT: {}
COMMAND: GET /session/4b3369f25ef82e030cb388b696eaa2b5/screenshot - {}
RESULT: {}
COMMAND: POST /session/4b3369f25ef82e030cb388b696eaa2b5/execute/async - {"script":"<script> [1562 bytes]","args":[{"selector":{"id":"application-manageresources-display-component---newResourceUnit--newRRUPage-anchBar-application-manageresources-display-component---newResourceUnit--reference-anchor","interaction":{"idSuffix":"BDI-content"}},"wdio_ui5_key":"applicationmanageresources-display-component---newResourceUnit--newRRUPage-anchBar-application-manageresources-display-component---newResourceUnit--reference-anchor"}]}
RESULT: {"script":"<script> [1562 bytes]","args":[{"selector":{"id":"application-manageresources-display-component---newResourceUnit--newRRUPage-anchBar-application-manageresources-display-component---newResourceUnit--reference-anchor","interaction":{"idSuffix":"BDI-content"}},"wdio_ui5_key":"applicationmanageresources-display-component---newResourceUnit--newRRUPage-anchBar-application-manageresources-display-component---newResourceUnit--reference-anchor"}]}
RESULT: undefined
COMMAND: POST /session/4b3369f25ef82e030cb388b696eaa2b5/element - {"using":"xpath","value":"//*[@id=\"application-manageresources-display-component---newResourceUnit--newRRUPage-anchBar-application-manageresources-display-component---newResourceUnit--reference-anchor\"]"}
RESULT: {"using":"xpath","value":"//*[@id=\"application-manageresources-display-component---newResourceUnit--newRRUPage-anchBar-application-manageresources-display-component---newResourceUnit--reference-anchor\"]"}
COMMAND: POST /session/4b3369f25ef82e030cb388b696eaa2b5/element/f.6E5FC992F903C9EC30278D2915A1424A.d.836F3242D8C2A4FCA9D42AD124093E4E.e.5068/click - {}
RESULT: {}
COMMAND: POST /session/4b3369f25ef82e030cb388b696eaa2b5/execute/async - {"script":"<script> [1562 bytes]","args":[{"selector":{"id":"application-manageresources-display-component---newResourceUnit--PLANNING_GROUP-arrow"},"wdio_ui5_key":"applicationmanageresources-display-component---newResourceUnit--PLANNING_GROUP-arrow"}]}
COMMAND: GET /session/4b3369f25ef82e030cb388b696eaa2b5/screenshot - {}
RESULT: {"script":"<script> [1562 bytes]","args":[{"selector":{"id":"application-manageresources-display-component---newResourceUnit--PLANNING_GROUP-arrow"},"wdio_ui5_key":"applicationmanageresources-display-component---newResourceUnit--PLANNING_GROUP-arrow"}]}
RESULT: undefined
COMMAND: POST /session/4b3369f25ef82e030cb388b696eaa2b5/element - {"using":"xpath","value":"//*[@id=\"application-manageresources-display-component---newResourceUnit--PLANNING_GROUP-arrow\"]"}
RESULT: {}
RESULT: {"using":"xpath","value":"//*[@id=\"application-manageresources-display-component---newResourceUnit--PLANNING_GROUP-arrow\"]"}
COMMAND: POST /session/4b3369f25ef82e030cb388b696eaa2b5/element/f.6E5FC992F903C9EC30278D2915A1424A.d.836F3242D8C2A4FCA9D42AD124093E4E.e.5072/click - {}
RESULT: {}
COMMAND: POST /session/4b3369f25ef82e030cb388b696eaa2b5/execute/async - {"script":"<script> [1562 bytes]","args":[{"selector":{"controlType":"sap.m.StandardListItem","viewName":"reusables.view.manageresources.NewResourceUnit","viewId":"application-manageresources-display-component---newResourceUnit","properties":{"title":"Heavy Equi"},"searchOpenDialogs":true,"interaction":{"idSuffix":"content"}},"wdio_ui5_key":"reusablesview.manageresources.NewResourceUnitsap.m.StandardListItem{\"title\":\"Heavy Equi\"}"}]}
COMMAND: GET /session/4b3369f25ef82e030cb388b696eaa2b5/screenshot - {}
RESULT: {"script":"<script> [1562 bytes]","args":[{"selector":{"controlType":"sap.m.StandardListItem","viewName":"reusables.view.manageresources.NewResourceUnit","viewId":"application-manageresources-display-component---newResourceUnit","properties":{"title":"Heavy Equi"},"searchOpenDialogs":true,"interaction":{"idSuffix":"content"}},"wdio_ui5_key":"reusablesview.manageresources.NewResourceUnitsap.m.StandardListItem{\"title\":\"Heavy Equi\"}"}]}
RESULT: undefined
COMMAND: POST /session/4b3369f25ef82e030cb388b696eaa2b5/element - {"using":"xpath","value":"//*[@id=\"__item275\"]"}
RESULT: {}
RESULT: {"using":"xpath","value":"//*[@id=\"__item275\"]"}
COMMAND: POST /session/4b3369f25ef82e030cb388b696eaa2b5/element/f.6E5FC992F903C9EC30278D2915A1424A.d.836F3242D8C2A4FCA9D42AD124093E4E.e.5074/click - {}
RESULT: {}
COMMAND: GET /session/4b3369f25ef82e030cb388b696eaa2b5/screenshot - {}
RESULT: {}
COMMAND: POST /session/4b3369f25ef82e030cb388b696eaa2b5/execute/async - {"script":"<script> [1562 bytes]","args":[{"selector":{"id":"application-manageresources-display-component---newResourceUnit--PLANNING_INDICATOR-arrow"},"wdio_ui5_key":"applicationmanageresources-display-component---newResourceUnit--PLANNING_INDICATOR-arrow"}]}
RESULT: {"script":"<script> [1562 bytes]","args":[{"selector":{"id":"application-manageresources-display-component---newResourceUnit--PLANNING_INDICATOR-arrow"},"wdio_ui5_key":"applicationmanageresources-display-component---newResourceUnit--PLANNING_INDICATOR-arrow"}]}
RESULT: undefined
COMMAND: POST /session/4b3369f25ef82e030cb388b696eaa2b5/element - {"using":"xpath","value":"//*[@id=\"application-manageresources-display-component---newResourceUnit--PLANNING_INDICATOR-arrow\"]"}
RESULT: {"using":"xpath","value":"//*[@id=\"application-manageresources-display-component---newResourceUnit--PLANNING_INDICATOR-arrow\"]"}
COMMAND: POST /session/4b3369f25ef82e030cb388b696eaa2b5/element/f.6E5FC992F903C9EC30278D2915A1424A.d.836F3242D8C2A4FCA9D42AD124093E4E.e.5075/click - {}
RESULT: {}
COMMAND: POST /session/4b3369f25ef82e030cb388b696eaa2b5/execute/async - {"script":"<script> [1562 bytes]","args":[{"selector":{"controlType":"sap.m.StandardListItem","viewName":"reusables.view.manageresources.NewResourceUnit","viewId":"application-manageresources-display-component---newResourceUnit","properties":{"title":"10 - infinite"},"searchOpenDialogs":true,"interaction":{"idSuffix":"content"}},"wdio_ui5_key":"reusablesview.manageresources.NewResourceUnitsap.m.StandardListItem{\"title\":\"10 - infinite\"}"}]}
COMMAND: GET /session/4b3369f25ef82e030cb388b696eaa2b5/screenshot - {}
RESULT: {"script":"<script> [1562 bytes]","args":[{"selector":{"controlType":"sap.m.StandardListItem","viewName":"reusables.view.manageresources.NewResourceUnit","viewId":"application-manageresources-display-component---newResourceUnit","properties":{"title":"10 - infinite"},"searchOpenDialogs":true,"interaction":{"idSuffix":"content"}},"wdio_ui5_key":"reusablesview.manageresources.NewResourceUnitsap.m.StandardListItem{\"title\":\"10 - infinite\"}"}]}
RESULT: undefined
COMMAND: POST /session/4b3369f25ef82e030cb388b696eaa2b5/element - {"using":"xpath","value":"//*[@id=\"__item285\"]"}
RESULT: {}
RESULT: {"using":"xpath","value":"//*[@id=\"__item285\"]"}
COMMAND: POST /session/4b3369f25ef82e030cb388b696eaa2b5/element/f.6E5FC992F903C9EC30278D2915A1424A.d.836F3242D8C2A4FCA9D42AD124093E4E.e.5077/click - {}
RESULT: {}
COMMAND: GET /session/4b3369f25ef82e030cb388b696eaa2b5/screenshot - {}
RESULT: {}
COMMAND: POST /session/4b3369f25ef82e030cb388b696eaa2b5/element - {"using":"xpath","value":"//bdi[contains(text(), \"Time Segment\")]"}
RESULT: {"using":"xpath","value":"//bdi[contains(text(), \"Time Segment\")]"}
COMMAND: GET /session/4b3369f25ef82e030cb388b696eaa2b5/element/f.6E5FC992F903C9EC30278D2915A1424A.d.836F3242D8C2A4FCA9D42AD124093E4E.e.5078/rect - {}
RESULT: {}
COMMAND: GET /session/4b3369f25ef82e030cb388b696eaa2b5/window/rect - {}
RESULT: {}
COMMAND: POST /session/4b3369f25ef82e030cb388b696eaa2b5/execute/sync - {"script":"<script> [92 bytes]","args":[]}
RESULT: {"script":"<script> [92 bytes]","args":[]}
COMMAND: POST /session/4b3369f25ef82e030cb388b696eaa2b5/actions - {"actions":[{"id":"action14","type":"wheel","parameters":{},"actions":[{"type":"scroll","x":-1820,"y":-21,"deltaX":0,"deltaY":0,"duration":0,"origin":{"element-6066-11e4-a52e-4f735466cecf":"f.6E5FC992F903C9EC30278D2915A1424A.d.836F3242D8C2A4FCA9D42AD124093E4E.e.5078"}}]}]}
COMMAND: GET /session/4b3369f25ef82e030cb388b696eaa2b5/screenshot - {}
RESULT: {}
COMMAND: POST /session/4b3369f25ef82e030cb388b696eaa2b5/execute/sync - {"script":"<script> [79 bytes]","args":[{"element-6066-11e4-a52e-4f735466cecf":"f.6E5FC992F903C9EC30278D2915A1424A.d.836F3242D8C2A4FCA9D42AD124093E4E.e.5078","ELEMENT":"f.6E5FC992F903C9EC30278D2915A1424A.d.836F3242D8C2A4FCA9D42AD124093E4E.e.5078"},{"block":"start","inline":"nearest"}]}
RESULT: {"script":"<script> [79 bytes]","args":[{"element-6066-11e4-a52e-4f735466cecf":"f.6E5FC992F903C9EC30278D2915A1424A.d.836F3242D8C2A4FCA9D42AD124093E4E.e.5078","ELEMENT":"f.6E5FC992F903C9EC30278D2915A1424A.d.836F3242D8C2A4FCA9D42AD124093E4E.e.5078"},{"block":"start","inline":"nearest"}]}
COMMAND: GET /session/4b3369f25ef82e030cb388b696eaa2b5/screenshot - {}
RESULT: {}
COMMAND: POST /session/4b3369f25ef82e030cb388b696eaa2b5/element - {"using":"xpath","value":"//span[@id=\"application-manageresources-display-component---newResourceUnit--btnAddTimeSegment-img\"]"}
RESULT: {"using":"xpath","value":"//span[@id=\"application-manageresources-display-component---newResourceUnit--btnAddTimeSegment-img\"]"}
COMMAND: POST /session/4b3369f25ef82e030cb388b696eaa2b5/execute/sync - {"script":"<script> [8489 bytes]","args":[{"element-6066-11e4-a52e-4f735466cecf":"f.6E5FC992F903C9EC30278D2915A1424A.d.836F3242D8C2A4FCA9D42AD124093E4E.e.5081","ELEMENT":"f.6E5FC992F903C9EC30278D2915A1424A.d.836F3242D8C2A4FCA9D42AD124093E4E.e.5081"}]}
RESULT: {"script":"<script> [8489 bytes]","args":[{"element-6066-11e4-a52e-4f735466cecf":"f.6E5FC992F903C9EC30278D2915A1424A.d.836F3242D8C2A4FCA9D42AD124093E4E.e.5081","ELEMENT":"f.6E5FC992F903C9EC30278D2915A1424A.d.836F3242D8C2A4FCA9D42AD124093E4E.e.5081"}]}
COMMAND: POST /session/4b3369f25ef82e030cb388b696eaa2b5/element/f.6E5FC992F903C9EC30278D2915A1424A.d.836F3242D8C2A4FCA9D42AD124093E4E.e.5081/click - {}
COMMAND: GET /session/4b3369f25ef82e030cb388b696eaa2b5/screenshot - {}
RESULT: {}
COMMAND: GET /session/4b3369f25ef82e030cb388b696eaa2b5/screenshot - {}
COMMAND: POST /session/4b3369f25ef82e030cb388b696eaa2b5/element - {"using":"xpath","value":"//input[@id=\"application-manageresources-display-component---newResourceUnit--idRuTSAdmin-application-manageresources-display-component---newResourceUnit--RUTimeSegment-0-inner\"]"}
RESULT: {}
RESULT: {}
RESULT: {"using":"xpath","value":"//input[@id=\"application-manageresources-display-component---newResourceUnit--idRuTSAdmin-application-manageresources-display-component---newResourceUnit--RUTimeSegment-0-inner\"]"}
COMMAND: POST /session/4b3369f25ef82e030cb388b696eaa2b5/element/f.6E5FC992F903C9EC30278D2915A1424A.d.836F3242D8C2A4FCA9D42AD124093E4E.e.5084/clear - {}
RESULT: {}
COMMAND: POST /session/4b3369f25ef82e030cb388b696eaa2b5/element/f.6E5FC992F903C9EC30278D2915A1424A.d.836F3242D8C2A4FCA9D42AD124093E4E.e.5084/value - {"text":"181"}
COMMAND: GET /session/4b3369f25ef82e030cb388b696eaa2b5/screenshot - {}
RESULT: {"text":"181"}
COMMAND: GET /session/4b3369f25ef82e030cb388b696eaa2b5/screenshot - {}
RESULT: {}
RESULT: {}
COMMAND: POST /session/4b3369f25ef82e030cb388b696eaa2b5/actions - {"actions":[{"id":"action15","type":"key","parameters":{},"actions":[{"type":"keyDown","value":"î€‡"},{"type":"pause","duration":10},{"type":"keyUp","value":"î€‡"}]}]}
RESULT: {"actions":[{"id":"action15","type":"key","parameters":{},"actions":[{"type":"keyDown","value":"î€‡"},{"type":"pause","duration":10},{"type":"keyUp","value":"î€‡"}]}]}
COMMAND: GET /session/4b3369f25ef82e030cb388b696eaa2b5/screenshot - {}
RESULT: {}
COMMAND: POST /session/4b3369f25ef82e030cb388b696eaa2b5/execute/async - {"script":"<script> [1562 bytes]","args":[{"selector":{"controlType":"sap.m.Button","viewName":"reusables.view.manageresources.NewResourceUnit","viewId":"application-manageresources-display-component---newResourceUnit","i18NText":{"propertyName":"tooltip","key":"save"},"interaction":{"idSuffix":"BDI-content"}},"wdio_ui5_key":"reusablesview.manageresources.NewResourceUnitsap.m.Button{\"propertyName\":\"tooltip\",\"key\":\"save\"}"}]}
RESULT: {"script":"<script> [1562 bytes]","args":[{"selector":{"controlType":"sap.m.Button","viewName":"reusables.view.manageresources.NewResourceUnit","viewId":"application-manageresources-display-component---newResourceUnit","i18NText":{"propertyName":"tooltip","key":"save"},"interaction":{"idSuffix":"BDI-content"}},"wdio_ui5_key":"reusablesview.manageresources.NewResourceUnitsap.m.Button{\"propertyName\":\"tooltip\",\"key\":\"save\"}"}]}
RESULT: undefined
COMMAND: POST /session/4b3369f25ef82e030cb388b696eaa2b5/element - {"using":"xpath","value":"//*[@id=\"application-manageresources-display-component---newResourceUnit--createRuButton\"]"}
RESULT: {"using":"xpath","value":"//*[@id=\"application-manageresources-display-component---newResourceUnit--createRuButton\"]"}
COMMAND: POST /session/4b3369f25ef82e030cb388b696eaa2b5/element/f.6E5FC992F903C9EC30278D2915A1424A.d.836F3242D8C2A4FCA9D42AD124093E4E.e.4943/click - {}
RESULT: {}
COMMAND: GET /session/4b3369f25ef82e030cb388b696eaa2b5/screenshot - {}
RESULT: {}
COMMAND: POST /session/4b3369f25ef82e030cb388b696eaa2b5/execute/async - {"script":"<script> [1562 bytes]","args":[{"selector":{"controlType":"sap.m.Title","properties":{"text":"Success"},"searchOpenDialogs":true},"wdio_ui5_key":"sapm.Title{\"text\":\"Success\"}"}]}
RESULT: {"script":"<script> [1562 bytes]","args":[{"selector":{"controlType":"sap.m.Title","properties":{"text":"Success"},"searchOpenDialogs":true},"wdio_ui5_key":"sapm.Title{\"text\":\"Success\"}"}]}
RESULT: undefined
COMMAND: POST /session/4b3369f25ef82e030cb388b696eaa2b5/execute/async - {"script":"<script> [6424 bytes]","args":[{"element-6066-11e4-a52e-4f735466cecf":"f.6E5FC992F903C9EC30278D2915A1424A.d.836F3242D8C2A4FCA9D42AD124093E4E.e.5099"},"getText",[]]}
RESULT: {"script":"<script> [6424 bytes]","args":[{"element-6066-11e4-a52e-4f735466cecf":"f.6E5FC992F903C9EC30278D2915A1424A.d.836F3242D8C2A4FCA9D42AD124093E4E.e.5099"},"getText",[]]}
COMMAND: POST /session/4b3369f25ef82e030cb388b696eaa2b5/element - {"using":"xpath","value":"//*[contains(@id, '__text') and (contains(text(), 'successfully created') or contains(., 'successfully created'))]"}
RESULT: {"using":"xpath","value":"//*[contains(@id, '__text') and (contains(text(), 'successfully created') or contains(., 'successfully created'))]"}
COMMAND: GET /session/4b3369f25ef82e030cb388b696eaa2b5/element/f.6E5FC992F903C9EC30278D2915A1424A.d.836F3242D8C2A4FCA9D42AD124093E4E.e.5097/text - {}
RESULT: {}
COMMAND: POST /session/4b3369f25ef82e030cb388b696eaa2b5/execute/async - {"script":"<script> [1562 bytes]","args":[{"selector":{"controlType":"sap.m.Button","properties":{"text":"Close"},"searchOpenDialogs":true,"interaction":{"idSuffix":"BDI-content"}},"wdio_ui5_key":"sapm.Button{\"text\":\"Close\"}"}]}
RESULT: {"script":"<script> [1562 bytes]","args":[{"selector":{"controlType":"sap.m.Button","properties":{"text":"Close"},"searchOpenDialogs":true,"interaction":{"idSuffix":"BDI-content"}},"wdio_ui5_key":"sapm.Button{\"text\":\"Close\"}"}]}
RESULT: undefined
COMMAND: POST /session/4b3369f25ef82e030cb388b696eaa2b5/element - {"using":"xpath","value":"//*[@id=\"__mbox-btn-0\"]"}
RESULT: {"using":"xpath","value":"//*[@id=\"__mbox-btn-0\"]"}
COMMAND: POST /session/4b3369f25ef82e030cb388b696eaa2b5/element/f.6E5FC992F903C9EC30278D2915A1424A.d.836F3242D8C2A4FCA9D42AD124093E4E.e.5095/click - {}
RESULT: {}
COMMAND: GET /session/4b3369f25ef82e030cb388b696eaa2b5/screenshot - {}
RESULT: {}
COMMAND: POST /session/4b3369f25ef82e030cb388b696eaa2b5/execute/async - {"script":"<script> [1562 bytes]","args":[{"selector":{"controlType":"sap.ui.core.Icon","viewName":"etm.portal.ui.manageresources.view.Detail","viewId":"application-manageresources-display-component---detailRU","properties":{"src":{"regex":{"source":"overflow"}}}},"wdio_ui5_key":"etmportal.ui.manageresources.view.Detailsap.ui.core.Icon{\"src\":{\"regex\":{\"source\":\"overflow\"}}}"}]}
RESULT: {"script":"<script> [1562 bytes]","args":[{"selector":{"controlType":"sap.ui.core.Icon","viewName":"etm.portal.ui.manageresources.view.Detail","viewId":"application-manageresources-display-component---detailRU","properties":{"src":{"regex":{"source":"overflow"}}}},"wdio_ui5_key":"etmportal.ui.manageresources.view.Detailsap.ui.core.Icon{\"src\":{\"regex\":{\"source\":\"overflow\"}}}"}]}
RESULT: undefined
COMMAND: POST /session/4b3369f25ef82e030cb388b696eaa2b5/element - {"using":"xpath","value":"//*[@id=\"__title15-_actionsToolbar-overflowButton-img\"]"}
RESULT: {"using":"xpath","value":"//*[@id=\"__title15-_actionsToolbar-overflowButton-img\"]"}
COMMAND: POST /session/4b3369f25ef82e030cb388b696eaa2b5/element/f.6E5FC992F903C9EC30278D2915A1424A.d.836F3242D8C2A4FCA9D42AD124093E4E.e.5136/click - {}
RESULT: {}
COMMAND: POST /session/4b3369f25ef82e030cb388b696eaa2b5/execute/async - {"script":"<script> [1562 bytes]","args":[{"selector":{"controlType":"sap.m.Button","viewName":"etm.portal.ui.manageresources.view.Detail","viewId":"application-manageresources-display-component---detailRU","i18NText":{"propertyName":"tooltip","key":"closeColumn"},"searchOpenDialogs":true,"interaction":{"idSuffix":"inner"}},"wdio_ui5_key":"etmportal.ui.manageresources.view.Detailsap.m.Button{\"propertyName\":\"tooltip\",\"key\":\"closeColumn\"}"}]}
COMMAND: GET /session/4b3369f25ef82e030cb388b696eaa2b5/screenshot - {}
RESULT: {"script":"<script> [1562 bytes]","args":[{"selector":{"controlType":"sap.m.Button","viewName":"etm.portal.ui.manageresources.view.Detail","viewId":"application-manageresources-display-component---detailRU","i18NText":{"propertyName":"tooltip","key":"closeColumn"},"searchOpenDialogs":true,"interaction":{"idSuffix":"inner"}},"wdio_ui5_key":"etmportal.ui.manageresources.view.Detailsap.m.Button{\"propertyName\":\"tooltip\",\"key\":\"closeColumn\"}"}]}
RESULT: undefined
COMMAND: POST /session/4b3369f25ef82e030cb388b696eaa2b5/element - {"using":"xpath","value":"//*[@id=\"__button47\"]"}
RESULT: {}
RESULT: {"using":"xpath","value":"//*[@id=\"__button47\"]"}
COMMAND: POST /session/4b3369f25ef82e030cb388b696eaa2b5/element/f.6E5FC992F903C9EC30278D2915A1424A.d.836F3242D8C2A4FCA9D42AD124093E4E.e.5138/click - {}
RESULT: {}
COMMAND: GET /session/4b3369f25ef82e030cb388b696eaa2b5/screenshot - {}
RESULT: {}
COMMAND: POST /session/4b3369f25ef82e030cb388b696eaa2b5/refresh - {}
RESULT: {}
COMMAND: GET /session/4b3369f25ef82e030cb388b696eaa2b5/screenshot - {}
RESULT: {}
COMMAND: POST /session/4b3369f25ef82e030cb388b696eaa2b5/refresh - {}
RESULT: {}
COMMAND: GET /session/4b3369f25ef82e030cb388b696eaa2b5/screenshot - {}
RESULT: {}
COMMAND: POST /session/4b3369f25ef82e030cb388b696eaa2b5/window/fullscreen - {}
RESULT: {}
COMMAND: POST /session/4b3369f25ef82e030cb388b696eaa2b5/execute/async - {"script":"<script> [189 bytes]","args":[]}
RESULT: {"script":"<script> [189 bytes]","args":[]}
COMMAND: POST /session/4b3369f25ef82e030cb388b696eaa2b5/execute/async - {"script":"<script> [123 bytes]","args":[]}
RESULT: {"script":"<script> [123 bytes]","args":[]}
COMMAND: POST /session/4b3369f25ef82e030cb388b696eaa2b5/timeouts - {"script":"<number>"}
RESULT: {"script":"<number>"}
COMMAND: GET /session/4b3369f25ef82e030cb388b696eaa2b5/timeouts - {}
RESULT: {}
RESULT: undefined
COMMAND: POST /session/4b3369f25ef82e030cb388b696eaa2b5/execute/async - {"script":"<script> [2676 bytes]","args":[]}
RESULT: {"script":"<script> [2676 bytes]","args":[]}
COMMAND: POST /session/4b3369f25ef82e030cb388b696eaa2b5/execute/async - {"script":"<script> [2342 bytes]","args":[{"protocol":"http","hostname":"0.0.0.0","path":"/","capabilities":{"browserName":"chrome","goog:chromeOptions":{"binary":"C:\\Program Files\\Google\\Chrome\\Application\\chrome.exe","args":["--start-maximized"]}},"logLevel":"warn","connectionRetryTimeout":120000,"connectionRetryCount":3,"logLevels":{},"enableDirectConnect":true,"strictSSL":true,"_":"65 more keys: [\"cacheDir\",\"port\",\"requestedCapabilities\",\"automationProtocol\",\"baseUrl\",\"waitforInterval\",\"waitforTimeout\",\"onReload\",\"beforeCommand\",\"afterCommand\",\"rootDir\",\"specs\",\"suites\",\"exclude\",\"groupLogsByTestSpec\",\"excludeDriverLogs\",\"bail\",\"framework\",\"reporters\",\"services\",\"maxInstances\",\"maxInstancesPerCapability\",\"injectGlobals\",\"filesToWatch\",\"execArgv\",\"runnerEnv\",\"runner\",\"shard\",\"specFileRetries\",\"specFileRetriesDelay\",\"specFileRetriesDeferred\",\"reporterSyncInterval\",\"reporterSyncTimeout\",\"cucumberFeaturesWithLineNumbers\",\"autoCompileOpts\",\"mochaOpts\",\"jasmineOpts\",\"cucumberOpts\",\"onPrepare\",\"onWorkerStart\",\"onWorkerEnd\",\"before\",\"beforeSession\",\"beforeSuite\",\"beforeHook\",\"beforeTest\",\"afterTest\",\"afterHook\",\"afterSuite\",\"afterSession\",\"after\",\"onComplete\",\"beforeAssertion\",\"afterAssertion\",\"beforeFeature\",\"beforeScenario\",\"beforeStep\",\"afterStep\",\"afterScenario\",\"afterFeature\",\"_\",\"suite\",\"$0\",\"ignoredWorkerServices\",\"wdi5\"]"}]}
RESULT: {"script":"<script> [2342 bytes]","args":[{"protocol":"http","hostname":"0.0.0.0","path":"/","capabilities":{"browserName":"chrome","goog:chromeOptions":{"binary":"C:\\Program Files\\Google\\Chrome\\Application\\chrome.exe","args":["--start-maximized"]}},"logLevel":"warn","connectionRetryTimeout":120000,"connectionRetryCount":3,"logLevels":{},"enableDirectConnect":true,"strictSSL":true,"_":"65 more keys: [\"cacheDir\",\"port\",\"requestedCapabilities\",\"automationProtocol\",\"baseUrl\",\"waitforInterval\",\"waitforTimeout\",\"onReload\",\"beforeCommand\",\"afterCommand\",\"rootDir\",\"specs\",\"suites\",\"exclude\",\"groupLogsByTestSpec\",\"excludeDriverLogs\",\"bail\",\"framework\",\"reporters\",\"services\",\"maxInstances\",\"maxInstancesPerCapability\",\"injectGlobals\",\"filesToWatch\",\"execArgv\",\"runnerEnv\",\"runner\",\"shard\",\"specFileRetries\",\"specFileRetriesDelay\",\"specFileRetriesDeferred\",\"reporterSyncInterval\",\"reporterSyncTimeout\",\"cucumberFeaturesWithLineNumbers\",\"autoCompileOpts\",\"mochaOpts\",\"jasmineOpts\",\"cucumberOpts\",\"onPrepare\",\"onWorkerStart\",\"onWorkerEnd\",\"before\",\"beforeSession\",\"beforeSuite\",\"beforeHook\",\"beforeTest\",\"afterTest\",\"afterHook\",\"afterSuite\",\"afterSession\",\"after\",\"onComplete\",\"beforeAssertion\",\"afterAssertion\",\"beforeFeature\",\"beforeScenario\",\"beforeStep\",\"afterStep\",\"afterScenario\",\"afterFeature\",\"_\",\"suite\",\"$0\",\"ignoredWorkerServices\",\"wdi5\"]"}]}
COMMAND: POST /session/4b3369f25ef82e030cb388b696eaa2b5/execute/async - {"script":"<script> [21126 bytes]","args":[35000]}
RESULT: {"script":"<script> [21126 bytes]","args":[35000]}
]]></system-out>
    </testcase>
  </testsuite>
  <testsuite timestamp="2025-06-12T15:43:12" time="310.659" tests="1" failures="0" errors="0" skipped="0">
    <properties>
      <property name="specId" value="0" />
      <property name="suiteName" value="create-equipment" />
      <property name="capabilities" value="chrome.137_0_7151_69.windows" />
      <property name="file" value="file:///D:/a/1/s/test/specs/R2C/create-equipment.spec.js" />
    </properties>
    <testcase classname="chrome.137_0_7151_69.windows.create-equipment" name="create equipment" time="287.637">
      <system-out><![CDATA[
COMMAND: POST /session/4b3369f25ef82e030cb388b696eaa2b5/execute/async - {"script":"<script> [1562 bytes]","args":[{"selector":{"controlType":"sap.m.GenericTile","properties":{"header":"Manage Resources"}},"wdio_ui5_key":"sapm.GenericTile{\"header\":\"Manage Resources\"}"}]}
RESULT: {}
RESULT: {"script":"<script> [1562 bytes]","args":[{"selector":{"controlType":"sap.m.GenericTile","properties":{"header":"Manage Resources"}},"wdio_ui5_key":"sapm.GenericTile{\"header\":\"Manage Resources\"}"}]}
RESULT: undefined
COMMAND: POST /session/4b3369f25ef82e030cb388b696eaa2b5/element - {"using":"xpath","value":"//*[@id=\"__tile32\"]"}
RESULT: {"using":"xpath","value":"//*[@id=\"__tile32\"]"}
COMMAND: POST /session/4b3369f25ef82e030cb388b696eaa2b5/element/f.6E5FC992F903C9EC30278D2915A1424A.d.D10FD165D5A7DB7642CF3F53F0455A1E.e.5833/click - {}
RESULT: {}
COMMAND: GET /session/4b3369f25ef82e030cb388b696eaa2b5/screenshot - {}
RESULT: {}
COMMAND: POST /session/4b3369f25ef82e030cb388b696eaa2b5/elements - {"using":"xpath","value":"//span[text()='Error']"}
RESULT: {"using":"xpath","value":"//span[text()='Error']"}
COMMAND: POST /session/4b3369f25ef82e030cb388b696eaa2b5/element - {"using":"xpath","value":"//button[@data-kt=\"addNewRUOverflowToolbarButton\"]"}
RESULT: {"using":"xpath","value":"//button[@data-kt=\"addNewRUOverflowToolbarButton\"]"}
COMMAND: POST /session/4b3369f25ef82e030cb388b696eaa2b5/element - {"using":"xpath","value":"//button[@data-kt=\"addNewRUOverflowToolbarButton\"]"}
RESULT: {"using":"xpath","value":"//button[@data-kt=\"addNewRUOverflowToolbarButton\"]"}
COMMAND: POST /session/4b3369f25ef82e030cb388b696eaa2b5/execute/sync - {"script":"<script> [8489 bytes]","args":[{"element-6066-11e4-a52e-4f735466cecf":"f.6E5FC992F903C9EC30278D2915A1424A.d.D10FD165D5A7DB7642CF3F53F0455A1E.e.5963","ELEMENT":"f.6E5FC992F903C9EC30278D2915A1424A.d.D10FD165D5A7DB7642CF3F53F0455A1E.e.5963"}]}
RESULT: {"script":"<script> [8489 bytes]","args":[{"element-6066-11e4-a52e-4f735466cecf":"f.6E5FC992F903C9EC30278D2915A1424A.d.D10FD165D5A7DB7642CF3F53F0455A1E.e.5963","ELEMENT":"f.6E5FC992F903C9EC30278D2915A1424A.d.D10FD165D5A7DB7642CF3F53F0455A1E.e.5963"}]}
COMMAND: POST /session/4b3369f25ef82e030cb388b696eaa2b5/element/f.6E5FC992F903C9EC30278D2915A1424A.d.D10FD165D5A7DB7642CF3F53F0455A1E.e.5963/click - {}
COMMAND: GET /session/4b3369f25ef82e030cb388b696eaa2b5/screenshot - {}
RESULT: {}
COMMAND: GET /session/4b3369f25ef82e030cb388b696eaa2b5/screenshot - {}
RESULT: {}
RESULT: {}
COMMAND: POST /session/4b3369f25ef82e030cb388b696eaa2b5/execute/async - {"script":"<script> [1562 bytes]","args":[{"selector":{"controlType":"sap.m.ComboBox","viewName":"reusables.view.manageresources.NewResourceUnit","viewId":"application-manageresources-display-component---newResourceUnit","bindingPath":{"path":"","propertyPath":"/RuTypes","modelName":"catalogModel"},"searchOpenDialogs":true},"wdio_ui5_key":"reusablesview.manageresources.NewResourceUnitsap.m.ComboBox{\"path\":\"\",\"propertyPath\":\"/RuTypes\",\"modelName\":\"catalogModel\"}"}]}
RESULT: {"script":"<script> [1562 bytes]","args":[{"selector":{"controlType":"sap.m.ComboBox","viewName":"reusables.view.manageresources.NewResourceUnit","viewId":"application-manageresources-display-component---newResourceUnit","bindingPath":{"path":"","propertyPath":"/RuTypes","modelName":"catalogModel"},"searchOpenDialogs":true},"wdio_ui5_key":"reusablesview.manageresources.NewResourceUnitsap.m.ComboBox{\"path\":\"\",\"propertyPath\":\"/RuTypes\",\"modelName\":\"catalogModel\"}"}]}
RESULT: undefined
COMMAND: POST /session/4b3369f25ef82e030cb388b696eaa2b5/execute/async - {"script":"<script> [1562 bytes]","args":[{"selector":{"controlType":"sap.m.ComboBox","viewName":"reusables.view.manageresources.NewResourceUnit","viewId":"application-manageresources-display-component---newResourceUnit","bindingPath":{"path":"","propertyPath":"/Yards","modelName":"catalogModel"},"searchOpenDialogs":true},"wdio_ui5_key":"reusablesview.manageresources.NewResourceUnitsap.m.ComboBox{\"path\":\"\",\"propertyPath\":\"/Yards\",\"modelName\":\"catalogModel\"}"}]}
RESULT: {"script":"<script> [1562 bytes]","args":[{"selector":{"controlType":"sap.m.ComboBox","viewName":"reusables.view.manageresources.NewResourceUnit","viewId":"application-manageresources-display-component---newResourceUnit","bindingPath":{"path":"","propertyPath":"/Yards","modelName":"catalogModel"},"searchOpenDialogs":true},"wdio_ui5_key":"reusablesview.manageresources.NewResourceUnitsap.m.ComboBox{\"path\":\"\",\"propertyPath\":\"/Yards\",\"modelName\":\"catalogModel\"}"}]}
RESULT: undefined
COMMAND: POST /session/4b3369f25ef82e030cb388b696eaa2b5/execute/async - {"script":"<script> [1562 bytes]","args":[{"selector":{"controlType":"etm.portal.ui.reusables.customControls.LiveSearchComboBox","viewName":"reusables.view.manageresources.NewResourceUnit","viewId":"application-manageresources-display-component---newResourceUnit","bindingPath":{"path":"","propertyPath":"/CatalogItems","modelName":"catalogModel"},"searchOpenDialogs":true},"wdio_ui5_key":"reusablesview.manageresources.NewResourceUnitetm.portal.ui.reusables.customControls.LiveSearchComboBox{\"path\":\"\",\"propertyPath\":\"/CatalogItems\",\"modelName\":\"catalogModel\"}"}]}
RESULT: {"script":"<script> [1562 bytes]","args":[{"selector":{"controlType":"etm.portal.ui.reusables.customControls.LiveSearchComboBox","viewName":"reusables.view.manageresources.NewResourceUnit","viewId":"application-manageresources-display-component---newResourceUnit","bindingPath":{"path":"","propertyPath":"/CatalogItems","modelName":"catalogModel"},"searchOpenDialogs":true},"wdio_ui5_key":"reusablesview.manageresources.NewResourceUnitetm.portal.ui.reusables.customControls.LiveSearchComboBox{\"path\":\"\",\"propertyPath\":\"/CatalogItems\",\"modelName\":\"catalogModel\"}"}]}
RESULT: undefined
COMMAND: POST /session/4b3369f25ef82e030cb388b696eaa2b5/element - {"using":"xpath","value":"//bdi[text()=\"OK\"]"}
RESULT: {"using":"xpath","value":"//bdi[text()=\"OK\"]"}
COMMAND: POST /session/4b3369f25ef82e030cb388b696eaa2b5/elements - {"using":"xpath","value":"//bdi[text()=\"OK\"]"}
RESULT: {"using":"xpath","value":"//bdi[text()=\"OK\"]"}
COMMAND: POST /session/4b3369f25ef82e030cb388b696eaa2b5/elements - {"using":"xpath","value":"//bdi[text()=\"OK\"]"}
RESULT: {"using":"xpath","value":"//bdi[text()=\"OK\"]"}
COMMAND: POST /session/4b3369f25ef82e030cb388b696eaa2b5/elements - {"using":"xpath","value":"//bdi[text()=\"OK\"]"}
RESULT: {"using":"xpath","value":"//bdi[text()=\"OK\"]"}
COMMAND: POST /session/4b3369f25ef82e030cb388b696eaa2b5/elements - {"using":"xpath","value":"//bdi[text()=\"OK\"]"}
RESULT: {"using":"xpath","value":"//bdi[text()=\"OK\"]"}
COMMAND: POST /session/4b3369f25ef82e030cb388b696eaa2b5/elements - {"using":"xpath","value":"//bdi[text()=\"OK\"]"}
RESULT: {"using":"xpath","value":"//bdi[text()=\"OK\"]"}
COMMAND: POST /session/4b3369f25ef82e030cb388b696eaa2b5/elements - {"using":"xpath","value":"//bdi[text()=\"OK\"]"}
RESULT: {"using":"xpath","value":"//bdi[text()=\"OK\"]"}
COMMAND: POST /session/4b3369f25ef82e030cb388b696eaa2b5/elements - {"using":"xpath","value":"//bdi[text()=\"OK\"]"}
RESULT: {"using":"xpath","value":"//bdi[text()=\"OK\"]"}
COMMAND: POST /session/4b3369f25ef82e030cb388b696eaa2b5/elements - {"using":"xpath","value":"//bdi[text()=\"OK\"]"}
RESULT: {"using":"xpath","value":"//bdi[text()=\"OK\"]"}
COMMAND: POST /session/4b3369f25ef82e030cb388b696eaa2b5/elements - {"using":"xpath","value":"//bdi[text()=\"OK\"]"}
RESULT: {"using":"xpath","value":"//bdi[text()=\"OK\"]"}
COMMAND: POST /session/4b3369f25ef82e030cb388b696eaa2b5/elements - {"using":"xpath","value":"//bdi[text()=\"OK\"]"}
RESULT: {"using":"xpath","value":"//bdi[text()=\"OK\"]"}
COMMAND: POST /session/4b3369f25ef82e030cb388b696eaa2b5/elements - {"using":"xpath","value":"//bdi[text()=\"OK\"]"}
RESULT: {"using":"xpath","value":"//bdi[text()=\"OK\"]"}
COMMAND: POST /session/4b3369f25ef82e030cb388b696eaa2b5/elements - {"using":"xpath","value":"//bdi[text()=\"OK\"]"}
RESULT: {"using":"xpath","value":"//bdi[text()=\"OK\"]"}
COMMAND: POST /session/4b3369f25ef82e030cb388b696eaa2b5/elements - {"using":"xpath","value":"//bdi[text()=\"OK\"]"}
RESULT: {"using":"xpath","value":"//bdi[text()=\"OK\"]"}
COMMAND: POST /session/4b3369f25ef82e030cb388b696eaa2b5/elements - {"using":"xpath","value":"//bdi[text()=\"OK\"]"}
RESULT: {"using":"xpath","value":"//bdi[text()=\"OK\"]"}
COMMAND: POST /session/4b3369f25ef82e030cb388b696eaa2b5/elements - {"using":"xpath","value":"//bdi[text()=\"OK\"]"}
RESULT: {"using":"xpath","value":"//bdi[text()=\"OK\"]"}
COMMAND: POST /session/4b3369f25ef82e030cb388b696eaa2b5/elements - {"using":"xpath","value":"//bdi[text()=\"OK\"]"}
RESULT: {"using":"xpath","value":"//bdi[text()=\"OK\"]"}
COMMAND: POST /session/4b3369f25ef82e030cb388b696eaa2b5/elements - {"using":"xpath","value":"//bdi[text()=\"OK\"]"}
RESULT: {"using":"xpath","value":"//bdi[text()=\"OK\"]"}
COMMAND: POST /session/4b3369f25ef82e030cb388b696eaa2b5/elements - {"using":"xpath","value":"//bdi[text()=\"OK\"]"}
RESULT: {"using":"xpath","value":"//bdi[text()=\"OK\"]"}
COMMAND: POST /session/4b3369f25ef82e030cb388b696eaa2b5/elements - {"using":"xpath","value":"//bdi[text()=\"OK\"]"}
RESULT: {"using":"xpath","value":"//bdi[text()=\"OK\"]"}
COMMAND: POST /session/4b3369f25ef82e030cb388b696eaa2b5/elements - {"using":"xpath","value":"//bdi[text()=\"OK\"]"}
RESULT: {"using":"xpath","value":"//bdi[text()=\"OK\"]"}
COMMAND: POST /session/4b3369f25ef82e030cb388b696eaa2b5/elements - {"using":"xpath","value":"//bdi[text()=\"OK\"]"}
RESULT: {"using":"xpath","value":"//bdi[text()=\"OK\"]"}
COMMAND: POST /session/4b3369f25ef82e030cb388b696eaa2b5/elements - {"using":"xpath","value":"//bdi[text()=\"OK\"]"}
RESULT: {"using":"xpath","value":"//bdi[text()=\"OK\"]"}
COMMAND: POST /session/4b3369f25ef82e030cb388b696eaa2b5/elements - {"using":"xpath","value":"//bdi[text()=\"OK\"]"}
RESULT: {"using":"xpath","value":"//bdi[text()=\"OK\"]"}
COMMAND: POST /session/4b3369f25ef82e030cb388b696eaa2b5/elements - {"using":"xpath","value":"//bdi[text()=\"OK\"]"}
RESULT: {"using":"xpath","value":"//bdi[text()=\"OK\"]"}
COMMAND: POST /session/4b3369f25ef82e030cb388b696eaa2b5/elements - {"using":"xpath","value":"//bdi[text()=\"OK\"]"}
RESULT: {"using":"xpath","value":"//bdi[text()=\"OK\"]"}
COMMAND: POST /session/4b3369f25ef82e030cb388b696eaa2b5/elements - {"using":"xpath","value":"//bdi[text()=\"OK\"]"}
RESULT: {"using":"xpath","value":"//bdi[text()=\"OK\"]"}
COMMAND: POST /session/4b3369f25ef82e030cb388b696eaa2b5/elements - {"using":"xpath","value":"//bdi[text()=\"OK\"]"}
RESULT: {"using":"xpath","value":"//bdi[text()=\"OK\"]"}
COMMAND: POST /session/4b3369f25ef82e030cb388b696eaa2b5/elements - {"using":"xpath","value":"//bdi[text()=\"OK\"]"}
RESULT: {"using":"xpath","value":"//bdi[text()=\"OK\"]"}
COMMAND: POST /session/4b3369f25ef82e030cb388b696eaa2b5/elements - {"using":"xpath","value":"//bdi[text()=\"OK\"]"}
RESULT: {"using":"xpath","value":"//bdi[text()=\"OK\"]"}
COMMAND: POST /session/4b3369f25ef82e030cb388b696eaa2b5/elements - {"using":"xpath","value":"//bdi[text()=\"OK\"]"}
RESULT: {"using":"xpath","value":"//bdi[text()=\"OK\"]"}
COMMAND: POST /session/4b3369f25ef82e030cb388b696eaa2b5/elements - {"using":"xpath","value":"//bdi[text()=\"OK\"]"}
RESULT: {"using":"xpath","value":"//bdi[text()=\"OK\"]"}
COMMAND: POST /session/4b3369f25ef82e030cb388b696eaa2b5/elements - {"using":"xpath","value":"//bdi[text()=\"OK\"]"}
RESULT: {"using":"xpath","value":"//bdi[text()=\"OK\"]"}
COMMAND: POST /session/4b3369f25ef82e030cb388b696eaa2b5/elements - {"using":"xpath","value":"//bdi[text()=\"OK\"]"}
RESULT: {"using":"xpath","value":"//bdi[text()=\"OK\"]"}
COMMAND: POST /session/4b3369f25ef82e030cb388b696eaa2b5/elements - {"using":"xpath","value":"//bdi[text()=\"OK\"]"}
RESULT: {"using":"xpath","value":"//bdi[text()=\"OK\"]"}
COMMAND: POST /session/4b3369f25ef82e030cb388b696eaa2b5/elements - {"using":"xpath","value":"//bdi[text()=\"OK\"]"}
RESULT: {"using":"xpath","value":"//bdi[text()=\"OK\"]"}
COMMAND: POST /session/4b3369f25ef82e030cb388b696eaa2b5/elements - {"using":"xpath","value":"//bdi[text()=\"OK\"]"}
RESULT: {"using":"xpath","value":"//bdi[text()=\"OK\"]"}
COMMAND: POST /session/4b3369f25ef82e030cb388b696eaa2b5/elements - {"using":"xpath","value":"//bdi[text()=\"OK\"]"}
RESULT: {"using":"xpath","value":"//bdi[text()=\"OK\"]"}
COMMAND: POST /session/4b3369f25ef82e030cb388b696eaa2b5/elements - {"using":"xpath","value":"//bdi[text()=\"OK\"]"}
RESULT: {"using":"xpath","value":"//bdi[text()=\"OK\"]"}
COMMAND: POST /session/4b3369f25ef82e030cb388b696eaa2b5/elements - {"using":"xpath","value":"//bdi[text()=\"OK\"]"}
RESULT: {"using":"xpath","value":"//bdi[text()=\"OK\"]"}
COMMAND: POST /session/4b3369f25ef82e030cb388b696eaa2b5/elements - {"using":"xpath","value":"//bdi[text()=\"OK\"]"}
RESULT: {"using":"xpath","value":"//bdi[text()=\"OK\"]"}
COMMAND: POST /session/4b3369f25ef82e030cb388b696eaa2b5/elements - {"using":"xpath","value":"//bdi[text()=\"OK\"]"}
RESULT: {"using":"xpath","value":"//bdi[text()=\"OK\"]"}
COMMAND: POST /session/4b3369f25ef82e030cb388b696eaa2b5/elements - {"using":"xpath","value":"//bdi[text()=\"OK\"]"}
RESULT: {"using":"xpath","value":"//bdi[text()=\"OK\"]"}
COMMAND: POST /session/4b3369f25ef82e030cb388b696eaa2b5/elements - {"using":"xpath","value":"//bdi[text()=\"OK\"]"}
RESULT: {"using":"xpath","value":"//bdi[text()=\"OK\"]"}
COMMAND: POST /session/4b3369f25ef82e030cb388b696eaa2b5/elements - {"using":"xpath","value":"//bdi[text()=\"OK\"]"}
RESULT: {"using":"xpath","value":"//bdi[text()=\"OK\"]"}
COMMAND: POST /session/4b3369f25ef82e030cb388b696eaa2b5/elements - {"using":"xpath","value":"//bdi[text()=\"OK\"]"}
RESULT: {"using":"xpath","value":"//bdi[text()=\"OK\"]"}
COMMAND: POST /session/4b3369f25ef82e030cb388b696eaa2b5/elements - {"using":"xpath","value":"//bdi[text()=\"OK\"]"}
RESULT: {"using":"xpath","value":"//bdi[text()=\"OK\"]"}
COMMAND: POST /session/4b3369f25ef82e030cb388b696eaa2b5/elements - {"using":"xpath","value":"//bdi[text()=\"OK\"]"}
RESULT: {"using":"xpath","value":"//bdi[text()=\"OK\"]"}
COMMAND: POST /session/4b3369f25ef82e030cb388b696eaa2b5/elements - {"using":"xpath","value":"//bdi[text()=\"OK\"]"}
RESULT: {"using":"xpath","value":"//bdi[text()=\"OK\"]"}
COMMAND: POST /session/4b3369f25ef82e030cb388b696eaa2b5/elements - {"using":"xpath","value":"//bdi[text()=\"OK\"]"}
RESULT: {"using":"xpath","value":"//bdi[text()=\"OK\"]"}
COMMAND: POST /session/4b3369f25ef82e030cb388b696eaa2b5/elements - {"using":"xpath","value":"//bdi[text()=\"OK\"]"}
RESULT: {"using":"xpath","value":"//bdi[text()=\"OK\"]"}
COMMAND: POST /session/4b3369f25ef82e030cb388b696eaa2b5/elements - {"using":"xpath","value":"//bdi[text()=\"OK\"]"}
RESULT: {"using":"xpath","value":"//bdi[text()=\"OK\"]"}
COMMAND: POST /session/4b3369f25ef82e030cb388b696eaa2b5/elements - {"using":"xpath","value":"//bdi[text()=\"OK\"]"}
RESULT: {"using":"xpath","value":"//bdi[text()=\"OK\"]"}
COMMAND: POST /session/4b3369f25ef82e030cb388b696eaa2b5/elements - {"using":"xpath","value":"//bdi[text()=\"OK\"]"}
RESULT: {"using":"xpath","value":"//bdi[text()=\"OK\"]"}
COMMAND: POST /session/4b3369f25ef82e030cb388b696eaa2b5/elements - {"using":"xpath","value":"//bdi[text()=\"OK\"]"}
RESULT: {"using":"xpath","value":"//bdi[text()=\"OK\"]"}
COMMAND: POST /session/4b3369f25ef82e030cb388b696eaa2b5/elements - {"using":"xpath","value":"//bdi[text()=\"OK\"]"}
RESULT: {"using":"xpath","value":"//bdi[text()=\"OK\"]"}
COMMAND: POST /session/4b3369f25ef82e030cb388b696eaa2b5/elements - {"using":"xpath","value":"//bdi[text()=\"OK\"]"}
RESULT: {"using":"xpath","value":"//bdi[text()=\"OK\"]"}
COMMAND: POST /session/4b3369f25ef82e030cb388b696eaa2b5/elements - {"using":"xpath","value":"//bdi[text()=\"OK\"]"}
RESULT: {"using":"xpath","value":"//bdi[text()=\"OK\"]"}
COMMAND: POST /session/4b3369f25ef82e030cb388b696eaa2b5/elements - {"using":"xpath","value":"//bdi[text()=\"OK\"]"}
RESULT: {"using":"xpath","value":"//bdi[text()=\"OK\"]"}
COMMAND: POST /session/4b3369f25ef82e030cb388b696eaa2b5/elements - {"using":"xpath","value":"//bdi[text()=\"OK\"]"}
RESULT: {"using":"xpath","value":"//bdi[text()=\"OK\"]"}
COMMAND: POST /session/4b3369f25ef82e030cb388b696eaa2b5/elements - {"using":"xpath","value":"//bdi[text()=\"OK\"]"}
RESULT: {"using":"xpath","value":"//bdi[text()=\"OK\"]"}
COMMAND: POST /session/4b3369f25ef82e030cb388b696eaa2b5/elements - {"using":"xpath","value":"//bdi[text()=\"OK\"]"}
RESULT: {"using":"xpath","value":"//bdi[text()=\"OK\"]"}
COMMAND: POST /session/4b3369f25ef82e030cb388b696eaa2b5/elements - {"using":"xpath","value":"//bdi[text()=\"OK\"]"}
RESULT: {"using":"xpath","value":"//bdi[text()=\"OK\"]"}
COMMAND: POST /session/4b3369f25ef82e030cb388b696eaa2b5/elements - {"using":"xpath","value":"//bdi[text()=\"OK\"]"}
RESULT: {"using":"xpath","value":"//bdi[text()=\"OK\"]"}
COMMAND: POST /session/4b3369f25ef82e030cb388b696eaa2b5/elements - {"using":"xpath","value":"//bdi[text()=\"OK\"]"}
RESULT: {"using":"xpath","value":"//bdi[text()=\"OK\"]"}
COMMAND: POST /session/4b3369f25ef82e030cb388b696eaa2b5/elements - {"using":"xpath","value":"//bdi[text()=\"OK\"]"}
RESULT: {"using":"xpath","value":"//bdi[text()=\"OK\"]"}
COMMAND: POST /session/4b3369f25ef82e030cb388b696eaa2b5/elements - {"using":"xpath","value":"//bdi[text()=\"OK\"]"}
RESULT: {"using":"xpath","value":"//bdi[text()=\"OK\"]"}
COMMAND: POST /session/4b3369f25ef82e030cb388b696eaa2b5/elements - {"using":"xpath","value":"//bdi[text()=\"OK\"]"}
RESULT: {"using":"xpath","value":"//bdi[text()=\"OK\"]"}
COMMAND: POST /session/4b3369f25ef82e030cb388b696eaa2b5/elements - {"using":"xpath","value":"//bdi[text()=\"OK\"]"}
RESULT: {"using":"xpath","value":"//bdi[text()=\"OK\"]"}
COMMAND: POST /session/4b3369f25ef82e030cb388b696eaa2b5/elements - {"using":"xpath","value":"//bdi[text()=\"OK\"]"}
RESULT: {"using":"xpath","value":"//bdi[text()=\"OK\"]"}
COMMAND: POST /session/4b3369f25ef82e030cb388b696eaa2b5/elements - {"using":"xpath","value":"//bdi[text()=\"OK\"]"}
RESULT: {"using":"xpath","value":"//bdi[text()=\"OK\"]"}
COMMAND: POST /session/4b3369f25ef82e030cb388b696eaa2b5/elements - {"using":"xpath","value":"//bdi[text()=\"OK\"]"}
RESULT: {"using":"xpath","value":"//bdi[text()=\"OK\"]"}
COMMAND: POST /session/4b3369f25ef82e030cb388b696eaa2b5/elements - {"using":"xpath","value":"//bdi[text()=\"OK\"]"}
RESULT: {"using":"xpath","value":"//bdi[text()=\"OK\"]"}
COMMAND: POST /session/4b3369f25ef82e030cb388b696eaa2b5/elements - {"using":"xpath","value":"//bdi[text()=\"OK\"]"}
RESULT: {"using":"xpath","value":"//bdi[text()=\"OK\"]"}
COMMAND: POST /session/4b3369f25ef82e030cb388b696eaa2b5/elements - {"using":"xpath","value":"//bdi[text()=\"OK\"]"}
RESULT: {"using":"xpath","value":"//bdi[text()=\"OK\"]"}
COMMAND: POST /session/4b3369f25ef82e030cb388b696eaa2b5/elements - {"using":"xpath","value":"//bdi[text()=\"OK\"]"}
RESULT: {"using":"xpath","value":"//bdi[text()=\"OK\"]"}
COMMAND: POST /session/4b3369f25ef82e030cb388b696eaa2b5/elements - {"using":"xpath","value":"//bdi[text()=\"OK\"]"}
RESULT: {"using":"xpath","value":"//bdi[text()=\"OK\"]"}
COMMAND: POST /session/4b3369f25ef82e030cb388b696eaa2b5/elements - {"using":"xpath","value":"//bdi[text()=\"OK\"]"}
RESULT: {"using":"xpath","value":"//bdi[text()=\"OK\"]"}
COMMAND: POST /session/4b3369f25ef82e030cb388b696eaa2b5/elements - {"using":"xpath","value":"//bdi[text()=\"OK\"]"}
RESULT: {"using":"xpath","value":"//bdi[text()=\"OK\"]"}
COMMAND: POST /session/4b3369f25ef82e030cb388b696eaa2b5/elements - {"using":"xpath","value":"//bdi[text()=\"OK\"]"}
RESULT: {"using":"xpath","value":"//bdi[text()=\"OK\"]"}
COMMAND: POST /session/4b3369f25ef82e030cb388b696eaa2b5/elements - {"using":"xpath","value":"//bdi[text()=\"OK\"]"}
RESULT: {"using":"xpath","value":"//bdi[text()=\"OK\"]"}
COMMAND: POST /session/4b3369f25ef82e030cb388b696eaa2b5/elements - {"using":"xpath","value":"//bdi[text()=\"OK\"]"}
RESULT: {"using":"xpath","value":"//bdi[text()=\"OK\"]"}
COMMAND: POST /session/4b3369f25ef82e030cb388b696eaa2b5/elements - {"using":"xpath","value":"//bdi[text()=\"OK\"]"}
RESULT: {"using":"xpath","value":"//bdi[text()=\"OK\"]"}
COMMAND: POST /session/4b3369f25ef82e030cb388b696eaa2b5/elements - {"using":"xpath","value":"//bdi[text()=\"OK\"]"}
RESULT: {"using":"xpath","value":"//bdi[text()=\"OK\"]"}
COMMAND: POST /session/4b3369f25ef82e030cb388b696eaa2b5/elements - {"using":"xpath","value":"//bdi[text()=\"OK\"]"}
RESULT: {"using":"xpath","value":"//bdi[text()=\"OK\"]"}
COMMAND: POST /session/4b3369f25ef82e030cb388b696eaa2b5/elements - {"using":"xpath","value":"//bdi[text()=\"OK\"]"}
RESULT: {"using":"xpath","value":"//bdi[text()=\"OK\"]"}
COMMAND: POST /session/4b3369f25ef82e030cb388b696eaa2b5/elements - {"using":"xpath","value":"//bdi[text()=\"OK\"]"}
RESULT: {"using":"xpath","value":"//bdi[text()=\"OK\"]"}
COMMAND: POST /session/4b3369f25ef82e030cb388b696eaa2b5/elements - {"using":"xpath","value":"//bdi[text()=\"OK\"]"}
RESULT: {"using":"xpath","value":"//bdi[text()=\"OK\"]"}
COMMAND: POST /session/4b3369f25ef82e030cb388b696eaa2b5/elements - {"using":"xpath","value":"//bdi[text()=\"OK\"]"}
RESULT: {"using":"xpath","value":"//bdi[text()=\"OK\"]"}
COMMAND: POST /session/4b3369f25ef82e030cb388b696eaa2b5/elements - {"using":"xpath","value":"//bdi[text()=\"OK\"]"}
RESULT: {"using":"xpath","value":"//bdi[text()=\"OK\"]"}
COMMAND: POST /session/4b3369f25ef82e030cb388b696eaa2b5/elements - {"using":"xpath","value":"//bdi[text()=\"OK\"]"}
RESULT: {"using":"xpath","value":"//bdi[text()=\"OK\"]"}
COMMAND: POST /session/4b3369f25ef82e030cb388b696eaa2b5/elements - {"using":"xpath","value":"//bdi[text()=\"OK\"]"}
RESULT: {"using":"xpath","value":"//bdi[text()=\"OK\"]"}
COMMAND: POST /session/4b3369f25ef82e030cb388b696eaa2b5/elements - {"using":"xpath","value":"//bdi[text()=\"OK\"]"}
RESULT: {"using":"xpath","value":"//bdi[text()=\"OK\"]"}
COMMAND: POST /session/4b3369f25ef82e030cb388b696eaa2b5/elements - {"using":"xpath","value":"//bdi[text()=\"OK\"]"}
RESULT: {"using":"xpath","value":"//bdi[text()=\"OK\"]"}
COMMAND: POST /session/4b3369f25ef82e030cb388b696eaa2b5/elements - {"using":"xpath","value":"//bdi[text()=\"OK\"]"}
RESULT: {"using":"xpath","value":"//bdi[text()=\"OK\"]"}
COMMAND: POST /session/4b3369f25ef82e030cb388b696eaa2b5/elements - {"using":"xpath","value":"//bdi[text()=\"OK\"]"}
RESULT: {"using":"xpath","value":"//bdi[text()=\"OK\"]"}
COMMAND: POST /session/4b3369f25ef82e030cb388b696eaa2b5/elements - {"using":"xpath","value":"//bdi[text()=\"OK\"]"}
RESULT: {"using":"xpath","value":"//bdi[text()=\"OK\"]"}
COMMAND: POST /session/4b3369f25ef82e030cb388b696eaa2b5/elements - {"using":"xpath","value":"//bdi[text()=\"OK\"]"}
RESULT: {"using":"xpath","value":"//bdi[text()=\"OK\"]"}
COMMAND: POST /session/4b3369f25ef82e030cb388b696eaa2b5/elements - {"using":"xpath","value":"//bdi[text()=\"OK\"]"}
RESULT: {"using":"xpath","value":"//bdi[text()=\"OK\"]"}
COMMAND: POST /session/4b3369f25ef82e030cb388b696eaa2b5/elements - {"using":"xpath","value":"//bdi[text()=\"OK\"]"}
RESULT: {"using":"xpath","value":"//bdi[text()=\"OK\"]"}
COMMAND: POST /session/4b3369f25ef82e030cb388b696eaa2b5/elements - {"using":"xpath","value":"//bdi[text()=\"OK\"]"}
RESULT: {"using":"xpath","value":"//bdi[text()=\"OK\"]"}
COMMAND: POST /session/4b3369f25ef82e030cb388b696eaa2b5/elements - {"using":"xpath","value":"//bdi[text()=\"OK\"]"}
RESULT: {"using":"xpath","value":"//bdi[text()=\"OK\"]"}
COMMAND: POST /session/4b3369f25ef82e030cb388b696eaa2b5/elements - {"using":"xpath","value":"//bdi[text()=\"OK\"]"}
RESULT: {"using":"xpath","value":"//bdi[text()=\"OK\"]"}
COMMAND: POST /session/4b3369f25ef82e030cb388b696eaa2b5/elements - {"using":"xpath","value":"//bdi[text()=\"OK\"]"}
RESULT: {"using":"xpath","value":"//bdi[text()=\"OK\"]"}
COMMAND: POST /session/4b3369f25ef82e030cb388b696eaa2b5/elements - {"using":"xpath","value":"//bdi[text()=\"OK\"]"}
RESULT: {"using":"xpath","value":"//bdi[text()=\"OK\"]"}
COMMAND: POST /session/4b3369f25ef82e030cb388b696eaa2b5/elements - {"using":"xpath","value":"//bdi[text()=\"OK\"]"}
RESULT: {"using":"xpath","value":"//bdi[text()=\"OK\"]"}
COMMAND: POST /session/4b3369f25ef82e030cb388b696eaa2b5/elements - {"using":"xpath","value":"//bdi[text()=\"OK\"]"}
RESULT: {"using":"xpath","value":"//bdi[text()=\"OK\"]"}
COMMAND: POST /session/4b3369f25ef82e030cb388b696eaa2b5/elements - {"using":"xpath","value":"//bdi[text()=\"OK\"]"}
RESULT: {"using":"xpath","value":"//bdi[text()=\"OK\"]"}
COMMAND: POST /session/4b3369f25ef82e030cb388b696eaa2b5/elements - {"using":"xpath","value":"//bdi[text()=\"OK\"]"}
RESULT: {"using":"xpath","value":"//bdi[text()=\"OK\"]"}
COMMAND: POST /session/4b3369f25ef82e030cb388b696eaa2b5/elements - {"using":"xpath","value":"//bdi[text()=\"OK\"]"}
RESULT: {"using":"xpath","value":"//bdi[text()=\"OK\"]"}
COMMAND: POST /session/4b3369f25ef82e030cb388b696eaa2b5/elements - {"using":"xpath","value":"//bdi[text()=\"OK\"]"}
RESULT: {"using":"xpath","value":"//bdi[text()=\"OK\"]"}
COMMAND: POST /session/4b3369f25ef82e030cb388b696eaa2b5/elements - {"using":"xpath","value":"//bdi[text()=\"OK\"]"}
RESULT: {"using":"xpath","value":"//bdi[text()=\"OK\"]"}
COMMAND: POST /session/4b3369f25ef82e030cb388b696eaa2b5/elements - {"using":"xpath","value":"//bdi[text()=\"OK\"]"}
RESULT: {"using":"xpath","value":"//bdi[text()=\"OK\"]"}
COMMAND: POST /session/4b3369f25ef82e030cb388b696eaa2b5/elements - {"using":"xpath","value":"//bdi[text()=\"OK\"]"}
RESULT: {"using":"xpath","value":"//bdi[text()=\"OK\"]"}
COMMAND: POST /session/4b3369f25ef82e030cb388b696eaa2b5/elements - {"using":"xpath","value":"//bdi[text()=\"OK\"]"}
RESULT: {"using":"xpath","value":"//bdi[text()=\"OK\"]"}
COMMAND: POST /session/4b3369f25ef82e030cb388b696eaa2b5/elements - {"using":"xpath","value":"//bdi[text()=\"OK\"]"}
RESULT: {"using":"xpath","value":"//bdi[text()=\"OK\"]"}
COMMAND: POST /session/4b3369f25ef82e030cb388b696eaa2b5/elements - {"using":"xpath","value":"//bdi[text()=\"OK\"]"}
RESULT: {"using":"xpath","value":"//bdi[text()=\"OK\"]"}
COMMAND: POST /session/4b3369f25ef82e030cb388b696eaa2b5/elements - {"using":"xpath","value":"//bdi[text()=\"OK\"]"}
RESULT: {"using":"xpath","value":"//bdi[text()=\"OK\"]"}
COMMAND: POST /session/4b3369f25ef82e030cb388b696eaa2b5/elements - {"using":"xpath","value":"//bdi[text()=\"OK\"]"}
RESULT: {"using":"xpath","value":"//bdi[text()=\"OK\"]"}
COMMAND: POST /session/4b3369f25ef82e030cb388b696eaa2b5/elements - {"using":"xpath","value":"//bdi[text()=\"OK\"]"}
RESULT: {"using":"xpath","value":"//bdi[text()=\"OK\"]"}
COMMAND: POST /session/4b3369f25ef82e030cb388b696eaa2b5/elements - {"using":"xpath","value":"//bdi[text()=\"OK\"]"}
RESULT: {"using":"xpath","value":"//bdi[text()=\"OK\"]"}
COMMAND: POST /session/4b3369f25ef82e030cb388b696eaa2b5/element - {"using":"xpath","value":"//bdi[text()=\"OK\"]"}
RESULT: {"using":"xpath","value":"//bdi[text()=\"OK\"]"}
COMMAND: POST /session/4b3369f25ef82e030cb388b696eaa2b5/elements - {"using":"xpath","value":"//bdi[text()=\"OK\"]"}
RESULT: {"using":"xpath","value":"//bdi[text()=\"OK\"]"}
COMMAND: POST /session/4b3369f25ef82e030cb388b696eaa2b5/elements - {"using":"xpath","value":"//bdi[text()=\"OK\"]"}
RESULT: {"using":"xpath","value":"//bdi[text()=\"OK\"]"}
COMMAND: POST /session/4b3369f25ef82e030cb388b696eaa2b5/elements - {"using":"xpath","value":"//bdi[text()=\"OK\"]"}
RESULT: {"using":"xpath","value":"//bdi[text()=\"OK\"]"}
COMMAND: POST /session/4b3369f25ef82e030cb388b696eaa2b5/elements - {"using":"xpath","value":"//bdi[text()=\"OK\"]"}
RESULT: {"using":"xpath","value":"//bdi[text()=\"OK\"]"}
COMMAND: POST /session/4b3369f25ef82e030cb388b696eaa2b5/elements - {"using":"xpath","value":"//bdi[text()=\"OK\"]"}
RESULT: {"using":"xpath","value":"//bdi[text()=\"OK\"]"}
COMMAND: POST /session/4b3369f25ef82e030cb388b696eaa2b5/elements - {"using":"xpath","value":"//bdi[text()=\"OK\"]"}
RESULT: {"using":"xpath","value":"//bdi[text()=\"OK\"]"}
COMMAND: POST /session/4b3369f25ef82e030cb388b696eaa2b5/elements - {"using":"xpath","value":"//bdi[text()=\"OK\"]"}
RESULT: {"using":"xpath","value":"//bdi[text()=\"OK\"]"}
COMMAND: POST /session/4b3369f25ef82e030cb388b696eaa2b5/elements - {"using":"xpath","value":"//bdi[text()=\"OK\"]"}
RESULT: {"using":"xpath","value":"//bdi[text()=\"OK\"]"}
COMMAND: POST /session/4b3369f25ef82e030cb388b696eaa2b5/elements - {"using":"xpath","value":"//bdi[text()=\"OK\"]"}
RESULT: {"using":"xpath","value":"//bdi[text()=\"OK\"]"}
COMMAND: POST /session/4b3369f25ef82e030cb388b696eaa2b5/elements - {"using":"xpath","value":"//bdi[text()=\"OK\"]"}
RESULT: {"using":"xpath","value":"//bdi[text()=\"OK\"]"}
COMMAND: POST /session/4b3369f25ef82e030cb388b696eaa2b5/elements - {"using":"xpath","value":"//bdi[text()=\"OK\"]"}
RESULT: {"using":"xpath","value":"//bdi[text()=\"OK\"]"}
COMMAND: POST /session/4b3369f25ef82e030cb388b696eaa2b5/elements - {"using":"xpath","value":"//bdi[text()=\"OK\"]"}
RESULT: {"using":"xpath","value":"//bdi[text()=\"OK\"]"}
COMMAND: POST /session/4b3369f25ef82e030cb388b696eaa2b5/elements - {"using":"xpath","value":"//bdi[text()=\"OK\"]"}
RESULT: {"using":"xpath","value":"//bdi[text()=\"OK\"]"}
COMMAND: POST /session/4b3369f25ef82e030cb388b696eaa2b5/elements - {"using":"xpath","value":"//bdi[text()=\"OK\"]"}
RESULT: {"using":"xpath","value":"//bdi[text()=\"OK\"]"}
COMMAND: POST /session/4b3369f25ef82e030cb388b696eaa2b5/elements - {"using":"xpath","value":"//bdi[text()=\"OK\"]"}
RESULT: {"using":"xpath","value":"//bdi[text()=\"OK\"]"}
COMMAND: POST /session/4b3369f25ef82e030cb388b696eaa2b5/elements - {"using":"xpath","value":"//bdi[text()=\"OK\"]"}
RESULT: {"using":"xpath","value":"//bdi[text()=\"OK\"]"}
COMMAND: POST /session/4b3369f25ef82e030cb388b696eaa2b5/elements - {"using":"xpath","value":"//bdi[text()=\"OK\"]"}
RESULT: {"using":"xpath","value":"//bdi[text()=\"OK\"]"}
COMMAND: POST /session/4b3369f25ef82e030cb388b696eaa2b5/elements - {"using":"xpath","value":"//bdi[text()=\"OK\"]"}
RESULT: {"using":"xpath","value":"//bdi[text()=\"OK\"]"}
COMMAND: POST /session/4b3369f25ef82e030cb388b696eaa2b5/elements - {"using":"xpath","value":"//bdi[text()=\"OK\"]"}
RESULT: {"using":"xpath","value":"//bdi[text()=\"OK\"]"}
COMMAND: POST /session/4b3369f25ef82e030cb388b696eaa2b5/elements - {"using":"xpath","value":"//bdi[text()=\"OK\"]"}
RESULT: {"using":"xpath","value":"//bdi[text()=\"OK\"]"}
COMMAND: POST /session/4b3369f25ef82e030cb388b696eaa2b5/elements - {"using":"xpath","value":"//bdi[text()=\"OK\"]"}
RESULT: {"using":"xpath","value":"//bdi[text()=\"OK\"]"}
COMMAND: POST /session/4b3369f25ef82e030cb388b696eaa2b5/elements - {"using":"xpath","value":"//bdi[text()=\"OK\"]"}
RESULT: {"using":"xpath","value":"//bdi[text()=\"OK\"]"}
COMMAND: POST /session/4b3369f25ef82e030cb388b696eaa2b5/elements - {"using":"xpath","value":"//bdi[text()=\"OK\"]"}
RESULT: {"using":"xpath","value":"//bdi[text()=\"OK\"]"}
COMMAND: POST /session/4b3369f25ef82e030cb388b696eaa2b5/elements - {"using":"xpath","value":"//bdi[text()=\"OK\"]"}
RESULT: {"using":"xpath","value":"//bdi[text()=\"OK\"]"}
COMMAND: POST /session/4b3369f25ef82e030cb388b696eaa2b5/elements - {"using":"xpath","value":"//bdi[text()=\"OK\"]"}
RESULT: {"using":"xpath","value":"//bdi[text()=\"OK\"]"}
COMMAND: POST /session/4b3369f25ef82e030cb388b696eaa2b5/elements - {"using":"xpath","value":"//bdi[text()=\"OK\"]"}
RESULT: {"using":"xpath","value":"//bdi[text()=\"OK\"]"}
COMMAND: POST /session/4b3369f25ef82e030cb388b696eaa2b5/elements - {"using":"xpath","value":"//bdi[text()=\"OK\"]"}
RESULT: {"using":"xpath","value":"//bdi[text()=\"OK\"]"}
COMMAND: POST /session/4b3369f25ef82e030cb388b696eaa2b5/elements - {"using":"xpath","value":"//bdi[text()=\"OK\"]"}
RESULT: {"using":"xpath","value":"//bdi[text()=\"OK\"]"}
COMMAND: POST /session/4b3369f25ef82e030cb388b696eaa2b5/elements - {"using":"xpath","value":"//bdi[text()=\"OK\"]"}
RESULT: {"using":"xpath","value":"//bdi[text()=\"OK\"]"}
COMMAND: POST /session/4b3369f25ef82e030cb388b696eaa2b5/elements - {"using":"xpath","value":"//bdi[text()=\"OK\"]"}
RESULT: {"using":"xpath","value":"//bdi[text()=\"OK\"]"}
COMMAND: POST /session/4b3369f25ef82e030cb388b696eaa2b5/elements - {"using":"xpath","value":"//bdi[text()=\"OK\"]"}
RESULT: {"using":"xpath","value":"//bdi[text()=\"OK\"]"}
COMMAND: POST /session/4b3369f25ef82e030cb388b696eaa2b5/elements - {"using":"xpath","value":"//bdi[text()=\"OK\"]"}
RESULT: {"using":"xpath","value":"//bdi[text()=\"OK\"]"}
COMMAND: POST /session/4b3369f25ef82e030cb388b696eaa2b5/elements - {"using":"xpath","value":"//bdi[text()=\"OK\"]"}
RESULT: {"using":"xpath","value":"//bdi[text()=\"OK\"]"}
COMMAND: POST /session/4b3369f25ef82e030cb388b696eaa2b5/elements - {"using":"xpath","value":"//bdi[text()=\"OK\"]"}
RESULT: {"using":"xpath","value":"//bdi[text()=\"OK\"]"}
COMMAND: POST /session/4b3369f25ef82e030cb388b696eaa2b5/elements - {"using":"xpath","value":"//bdi[text()=\"OK\"]"}
RESULT: {"using":"xpath","value":"//bdi[text()=\"OK\"]"}
COMMAND: POST /session/4b3369f25ef82e030cb388b696eaa2b5/elements - {"using":"xpath","value":"//bdi[text()=\"OK\"]"}
RESULT: {"using":"xpath","value":"//bdi[text()=\"OK\"]"}
COMMAND: POST /session/4b3369f25ef82e030cb388b696eaa2b5/elements - {"using":"xpath","value":"//bdi[text()=\"OK\"]"}
RESULT: {"using":"xpath","value":"//bdi[text()=\"OK\"]"}
COMMAND: POST /session/4b3369f25ef82e030cb388b696eaa2b5/elements - {"using":"xpath","value":"//bdi[text()=\"OK\"]"}
RESULT: {"using":"xpath","value":"//bdi[text()=\"OK\"]"}
COMMAND: POST /session/4b3369f25ef82e030cb388b696eaa2b5/elements - {"using":"xpath","value":"//bdi[text()=\"OK\"]"}
RESULT: {"using":"xpath","value":"//bdi[text()=\"OK\"]"}
COMMAND: POST /session/4b3369f25ef82e030cb388b696eaa2b5/elements - {"using":"xpath","value":"//bdi[text()=\"OK\"]"}
RESULT: {"using":"xpath","value":"//bdi[text()=\"OK\"]"}
COMMAND: POST /session/4b3369f25ef82e030cb388b696eaa2b5/elements - {"using":"xpath","value":"//bdi[text()=\"OK\"]"}
RESULT: {"using":"xpath","value":"//bdi[text()=\"OK\"]"}
COMMAND: POST /session/4b3369f25ef82e030cb388b696eaa2b5/elements - {"using":"xpath","value":"//bdi[text()=\"OK\"]"}
RESULT: {"using":"xpath","value":"//bdi[text()=\"OK\"]"}
COMMAND: POST /session/4b3369f25ef82e030cb388b696eaa2b5/elements - {"using":"xpath","value":"//bdi[text()=\"OK\"]"}
RESULT: {"using":"xpath","value":"//bdi[text()=\"OK\"]"}
COMMAND: POST /session/4b3369f25ef82e030cb388b696eaa2b5/elements - {"using":"xpath","value":"//bdi[text()=\"OK\"]"}
RESULT: {"using":"xpath","value":"//bdi[text()=\"OK\"]"}
COMMAND: POST /session/4b3369f25ef82e030cb388b696eaa2b5/elements - {"using":"xpath","value":"//bdi[text()=\"OK\"]"}
RESULT: {"using":"xpath","value":"//bdi[text()=\"OK\"]"}
COMMAND: POST /session/4b3369f25ef82e030cb388b696eaa2b5/elements - {"using":"xpath","value":"//bdi[text()=\"OK\"]"}
RESULT: {"using":"xpath","value":"//bdi[text()=\"OK\"]"}
COMMAND: POST /session/4b3369f25ef82e030cb388b696eaa2b5/elements - {"using":"xpath","value":"//bdi[text()=\"OK\"]"}
RESULT: {"using":"xpath","value":"//bdi[text()=\"OK\"]"}
COMMAND: POST /session/4b3369f25ef82e030cb388b696eaa2b5/elements - {"using":"xpath","value":"//bdi[text()=\"OK\"]"}
RESULT: {"using":"xpath","value":"//bdi[text()=\"OK\"]"}
COMMAND: POST /session/4b3369f25ef82e030cb388b696eaa2b5/elements - {"using":"xpath","value":"//bdi[text()=\"OK\"]"}
RESULT: {"using":"xpath","value":"//bdi[text()=\"OK\"]"}
COMMAND: POST /session/4b3369f25ef82e030cb388b696eaa2b5/elements - {"using":"xpath","value":"//bdi[text()=\"OK\"]"}
RESULT: {"using":"xpath","value":"//bdi[text()=\"OK\"]"}
COMMAND: POST /session/4b3369f25ef82e030cb388b696eaa2b5/elements - {"using":"xpath","value":"//bdi[text()=\"OK\"]"}
RESULT: {"using":"xpath","value":"//bdi[text()=\"OK\"]"}
COMMAND: POST /session/4b3369f25ef82e030cb388b696eaa2b5/elements - {"using":"xpath","value":"//bdi[text()=\"OK\"]"}
RESULT: {"using":"xpath","value":"//bdi[text()=\"OK\"]"}
COMMAND: POST /session/4b3369f25ef82e030cb388b696eaa2b5/elements - {"using":"xpath","value":"//bdi[text()=\"OK\"]"}
RESULT: {"using":"xpath","value":"//bdi[text()=\"OK\"]"}
COMMAND: POST /session/4b3369f25ef82e030cb388b696eaa2b5/elements - {"using":"xpath","value":"//bdi[text()=\"OK\"]"}
RESULT: {"using":"xpath","value":"//bdi[text()=\"OK\"]"}
COMMAND: POST /session/4b3369f25ef82e030cb388b696eaa2b5/elements - {"using":"xpath","value":"//bdi[text()=\"OK\"]"}
RESULT: {"using":"xpath","value":"//bdi[text()=\"OK\"]"}
COMMAND: POST /session/4b3369f25ef82e030cb388b696eaa2b5/elements - {"using":"xpath","value":"//bdi[text()=\"OK\"]"}
RESULT: {"using":"xpath","value":"//bdi[text()=\"OK\"]"}
COMMAND: POST /session/4b3369f25ef82e030cb388b696eaa2b5/elements - {"using":"xpath","value":"//bdi[text()=\"OK\"]"}
RESULT: {"using":"xpath","value":"//bdi[text()=\"OK\"]"}
COMMAND: POST /session/4b3369f25ef82e030cb388b696eaa2b5/elements - {"using":"xpath","value":"//bdi[text()=\"OK\"]"}
RESULT: {"using":"xpath","value":"//bdi[text()=\"OK\"]"}
COMMAND: POST /session/4b3369f25ef82e030cb388b696eaa2b5/elements - {"using":"xpath","value":"//bdi[text()=\"OK\"]"}
RESULT: {"using":"xpath","value":"//bdi[text()=\"OK\"]"}
COMMAND: POST /session/4b3369f25ef82e030cb388b696eaa2b5/elements - {"using":"xpath","value":"//bdi[text()=\"OK\"]"}
RESULT: {"using":"xpath","value":"//bdi[text()=\"OK\"]"}
COMMAND: POST /session/4b3369f25ef82e030cb388b696eaa2b5/elements - {"using":"xpath","value":"//bdi[text()=\"OK\"]"}
RESULT: {"using":"xpath","value":"//bdi[text()=\"OK\"]"}
COMMAND: POST /session/4b3369f25ef82e030cb388b696eaa2b5/elements - {"using":"xpath","value":"//bdi[text()=\"OK\"]"}
RESULT: {"using":"xpath","value":"//bdi[text()=\"OK\"]"}
COMMAND: POST /session/4b3369f25ef82e030cb388b696eaa2b5/elements - {"using":"xpath","value":"//bdi[text()=\"OK\"]"}
RESULT: {"using":"xpath","value":"//bdi[text()=\"OK\"]"}
COMMAND: POST /session/4b3369f25ef82e030cb388b696eaa2b5/elements - {"using":"xpath","value":"//bdi[text()=\"OK\"]"}
RESULT: {"using":"xpath","value":"//bdi[text()=\"OK\"]"}
COMMAND: POST /session/4b3369f25ef82e030cb388b696eaa2b5/elements - {"using":"xpath","value":"//bdi[text()=\"OK\"]"}
RESULT: {"using":"xpath","value":"//bdi[text()=\"OK\"]"}
COMMAND: POST /session/4b3369f25ef82e030cb388b696eaa2b5/elements - {"using":"xpath","value":"//bdi[text()=\"OK\"]"}
RESULT: {"using":"xpath","value":"//bdi[text()=\"OK\"]"}
COMMAND: POST /session/4b3369f25ef82e030cb388b696eaa2b5/elements - {"using":"xpath","value":"//bdi[text()=\"OK\"]"}
RESULT: {"using":"xpath","value":"//bdi[text()=\"OK\"]"}
COMMAND: POST /session/4b3369f25ef82e030cb388b696eaa2b5/elements - {"using":"xpath","value":"//bdi[text()=\"OK\"]"}
RESULT: {"using":"xpath","value":"//bdi[text()=\"OK\"]"}
COMMAND: POST /session/4b3369f25ef82e030cb388b696eaa2b5/elements - {"using":"xpath","value":"//bdi[text()=\"OK\"]"}
RESULT: {"using":"xpath","value":"//bdi[text()=\"OK\"]"}
COMMAND: POST /session/4b3369f25ef82e030cb388b696eaa2b5/elements - {"using":"xpath","value":"//bdi[text()=\"OK\"]"}
RESULT: {"using":"xpath","value":"//bdi[text()=\"OK\"]"}
COMMAND: POST /session/4b3369f25ef82e030cb388b696eaa2b5/elements - {"using":"xpath","value":"//bdi[text()=\"OK\"]"}
RESULT: {"using":"xpath","value":"//bdi[text()=\"OK\"]"}
COMMAND: POST /session/4b3369f25ef82e030cb388b696eaa2b5/elements - {"using":"xpath","value":"//bdi[text()=\"OK\"]"}
RESULT: {"using":"xpath","value":"//bdi[text()=\"OK\"]"}
COMMAND: POST /session/4b3369f25ef82e030cb388b696eaa2b5/elements - {"using":"xpath","value":"//bdi[text()=\"OK\"]"}
RESULT: {"using":"xpath","value":"//bdi[text()=\"OK\"]"}
COMMAND: POST /session/4b3369f25ef82e030cb388b696eaa2b5/elements - {"using":"xpath","value":"//bdi[text()=\"OK\"]"}
RESULT: {"using":"xpath","value":"//bdi[text()=\"OK\"]"}
COMMAND: POST /session/4b3369f25ef82e030cb388b696eaa2b5/elements - {"using":"xpath","value":"//bdi[text()=\"OK\"]"}
RESULT: {"using":"xpath","value":"//bdi[text()=\"OK\"]"}
COMMAND: POST /session/4b3369f25ef82e030cb388b696eaa2b5/elements - {"using":"xpath","value":"//bdi[text()=\"OK\"]"}
RESULT: {"using":"xpath","value":"//bdi[text()=\"OK\"]"}
COMMAND: POST /session/4b3369f25ef82e030cb388b696eaa2b5/elements - {"using":"xpath","value":"//bdi[text()=\"OK\"]"}
RESULT: {"using":"xpath","value":"//bdi[text()=\"OK\"]"}
COMMAND: POST /session/4b3369f25ef82e030cb388b696eaa2b5/elements - {"using":"xpath","value":"//bdi[text()=\"OK\"]"}
RESULT: {"using":"xpath","value":"//bdi[text()=\"OK\"]"}
COMMAND: POST /session/4b3369f25ef82e030cb388b696eaa2b5/elements - {"using":"xpath","value":"//bdi[text()=\"OK\"]"}
RESULT: {"using":"xpath","value":"//bdi[text()=\"OK\"]"}
COMMAND: POST /session/4b3369f25ef82e030cb388b696eaa2b5/elements - {"using":"xpath","value":"//bdi[text()=\"OK\"]"}
RESULT: {"using":"xpath","value":"//bdi[text()=\"OK\"]"}
COMMAND: POST /session/4b3369f25ef82e030cb388b696eaa2b5/elements - {"using":"xpath","value":"//bdi[text()=\"OK\"]"}
RESULT: {"using":"xpath","value":"//bdi[text()=\"OK\"]"}
COMMAND: POST /session/4b3369f25ef82e030cb388b696eaa2b5/elements - {"using":"xpath","value":"//bdi[text()=\"OK\"]"}
RESULT: {"using":"xpath","value":"//bdi[text()=\"OK\"]"}
COMMAND: POST /session/4b3369f25ef82e030cb388b696eaa2b5/elements - {"using":"xpath","value":"//bdi[text()=\"OK\"]"}
RESULT: {"using":"xpath","value":"//bdi[text()=\"OK\"]"}
COMMAND: POST /session/4b3369f25ef82e030cb388b696eaa2b5/elements - {"using":"xpath","value":"//bdi[text()=\"OK\"]"}
RESULT: {"using":"xpath","value":"//bdi[text()=\"OK\"]"}
COMMAND: POST /session/4b3369f25ef82e030cb388b696eaa2b5/elements - {"using":"xpath","value":"//bdi[text()=\"OK\"]"}
RESULT: {"using":"xpath","value":"//bdi[text()=\"OK\"]"}
COMMAND: POST /session/4b3369f25ef82e030cb388b696eaa2b5/elements - {"using":"xpath","value":"//bdi[text()=\"OK\"]"}
RESULT: {"using":"xpath","value":"//bdi[text()=\"OK\"]"}
COMMAND: POST /session/4b3369f25ef82e030cb388b696eaa2b5/elements - {"using":"xpath","value":"//bdi[text()=\"OK\"]"}
RESULT: {"using":"xpath","value":"//bdi[text()=\"OK\"]"}
COMMAND: POST /session/4b3369f25ef82e030cb388b696eaa2b5/elements - {"using":"xpath","value":"//bdi[text()=\"OK\"]"}
RESULT: {"using":"xpath","value":"//bdi[text()=\"OK\"]"}
COMMAND: POST /session/4b3369f25ef82e030cb388b696eaa2b5/elements - {"using":"xpath","value":"//bdi[text()=\"OK\"]"}
RESULT: {"using":"xpath","value":"//bdi[text()=\"OK\"]"}
COMMAND: POST /session/4b3369f25ef82e030cb388b696eaa2b5/elements - {"using":"xpath","value":"//bdi[text()=\"OK\"]"}
RESULT: {"using":"xpath","value":"//bdi[text()=\"OK\"]"}
COMMAND: POST /session/4b3369f25ef82e030cb388b696eaa2b5/elements - {"using":"xpath","value":"//bdi[text()=\"OK\"]"}
RESULT: {"using":"xpath","value":"//bdi[text()=\"OK\"]"}
COMMAND: POST /session/4b3369f25ef82e030cb388b696eaa2b5/elements - {"using":"xpath","value":"//bdi[text()=\"OK\"]"}
RESULT: {"using":"xpath","value":"//bdi[text()=\"OK\"]"}
COMMAND: POST /session/4b3369f25ef82e030cb388b696eaa2b5/elements - {"using":"xpath","value":"//bdi[text()=\"OK\"]"}
RESULT: {"using":"xpath","value":"//bdi[text()=\"OK\"]"}
COMMAND: POST /session/4b3369f25ef82e030cb388b696eaa2b5/elements - {"using":"xpath","value":"//bdi[text()=\"OK\"]"}
RESULT: {"using":"xpath","value":"//bdi[text()=\"OK\"]"}
COMMAND: POST /session/4b3369f25ef82e030cb388b696eaa2b5/elements - {"using":"xpath","value":"//bdi[text()=\"OK\"]"}
RESULT: {"using":"xpath","value":"//bdi[text()=\"OK\"]"}
COMMAND: POST /session/4b3369f25ef82e030cb388b696eaa2b5/elements - {"using":"xpath","value":"//bdi[text()=\"OK\"]"}
RESULT: {"using":"xpath","value":"//bdi[text()=\"OK\"]"}
COMMAND: POST /session/4b3369f25ef82e030cb388b696eaa2b5/elements - {"using":"xpath","value":"//bdi[text()=\"OK\"]"}
RESULT: {"using":"xpath","value":"//bdi[text()=\"OK\"]"}
COMMAND: POST /session/4b3369f25ef82e030cb388b696eaa2b5/elements - {"using":"xpath","value":"//bdi[text()=\"OK\"]"}
RESULT: {"using":"xpath","value":"//bdi[text()=\"OK\"]"}
COMMAND: POST /session/4b3369f25ef82e030cb388b696eaa2b5/elements - {"using":"xpath","value":"//bdi[text()=\"OK\"]"}
RESULT: {"using":"xpath","value":"//bdi[text()=\"OK\"]"}
COMMAND: POST /session/4b3369f25ef82e030cb388b696eaa2b5/elements - {"using":"xpath","value":"//bdi[text()=\"OK\"]"}
RESULT: {"using":"xpath","value":"//bdi[text()=\"OK\"]"}
COMMAND: POST /session/4b3369f25ef82e030cb388b696eaa2b5/elements - {"using":"xpath","value":"//bdi[text()=\"OK\"]"}
RESULT: {"using":"xpath","value":"//bdi[text()=\"OK\"]"}
COMMAND: POST /session/4b3369f25ef82e030cb388b696eaa2b5/elements - {"using":"xpath","value":"//bdi[text()=\"OK\"]"}
RESULT: {"using":"xpath","value":"//bdi[text()=\"OK\"]"}
COMMAND: POST /session/4b3369f25ef82e030cb388b696eaa2b5/elements - {"using":"xpath","value":"//bdi[text()=\"OK\"]"}
RESULT: {"using":"xpath","value":"//bdi[text()=\"OK\"]"}
COMMAND: POST /session/4b3369f25ef82e030cb388b696eaa2b5/elements - {"using":"xpath","value":"//bdi[text()=\"OK\"]"}
RESULT: {"using":"xpath","value":"//bdi[text()=\"OK\"]"}
COMMAND: POST /session/4b3369f25ef82e030cb388b696eaa2b5/elements - {"using":"xpath","value":"//bdi[text()=\"OK\"]"}
RESULT: {"using":"xpath","value":"//bdi[text()=\"OK\"]"}
COMMAND: POST /session/4b3369f25ef82e030cb388b696eaa2b5/elements - {"using":"xpath","value":"//bdi[text()=\"OK\"]"}
RESULT: {"using":"xpath","value":"//bdi[text()=\"OK\"]"}
COMMAND: POST /session/4b3369f25ef82e030cb388b696eaa2b5/elements - {"using":"xpath","value":"//bdi[text()=\"OK\"]"}
RESULT: {"using":"xpath","value":"//bdi[text()=\"OK\"]"}
COMMAND: POST /session/4b3369f25ef82e030cb388b696eaa2b5/elements - {"using":"xpath","value":"//bdi[text()=\"OK\"]"}
RESULT: {"using":"xpath","value":"//bdi[text()=\"OK\"]"}
COMMAND: POST /session/4b3369f25ef82e030cb388b696eaa2b5/elements - {"using":"xpath","value":"//bdi[text()=\"OK\"]"}
RESULT: {"using":"xpath","value":"//bdi[text()=\"OK\"]"}
COMMAND: POST /session/4b3369f25ef82e030cb388b696eaa2b5/elements - {"using":"xpath","value":"//bdi[text()=\"OK\"]"}
RESULT: {"using":"xpath","value":"//bdi[text()=\"OK\"]"}
COMMAND: POST /session/4b3369f25ef82e030cb388b696eaa2b5/elements - {"using":"xpath","value":"//bdi[text()=\"OK\"]"}
RESULT: {"using":"xpath","value":"//bdi[text()=\"OK\"]"}
COMMAND: POST /session/4b3369f25ef82e030cb388b696eaa2b5/elements - {"using":"xpath","value":"//bdi[text()=\"OK\"]"}
RESULT: {"using":"xpath","value":"//bdi[text()=\"OK\"]"}
COMMAND: POST /session/4b3369f25ef82e030cb388b696eaa2b5/elements - {"using":"xpath","value":"//bdi[text()=\"OK\"]"}
RESULT: {"using":"xpath","value":"//bdi[text()=\"OK\"]"}
COMMAND: POST /session/4b3369f25ef82e030cb388b696eaa2b5/elements - {"using":"xpath","value":"//bdi[text()=\"OK\"]"}
RESULT: {"using":"xpath","value":"//bdi[text()=\"OK\"]"}
COMMAND: POST /session/4b3369f25ef82e030cb388b696eaa2b5/elements - {"using":"xpath","value":"//bdi[text()=\"OK\"]"}
RESULT: {"using":"xpath","value":"//bdi[text()=\"OK\"]"}
COMMAND: POST /session/4b3369f25ef82e030cb388b696eaa2b5/elements - {"using":"xpath","value":"//bdi[text()=\"OK\"]"}
RESULT: {"using":"xpath","value":"//bdi[text()=\"OK\"]"}
COMMAND: POST /session/4b3369f25ef82e030cb388b696eaa2b5/elements - {"using":"xpath","value":"//bdi[text()=\"OK\"]"}
RESULT: {"using":"xpath","value":"//bdi[text()=\"OK\"]"}
COMMAND: POST /session/4b3369f25ef82e030cb388b696eaa2b5/elements - {"using":"xpath","value":"//bdi[text()=\"OK\"]"}
RESULT: {"using":"xpath","value":"//bdi[text()=\"OK\"]"}
COMMAND: POST /session/4b3369f25ef82e030cb388b696eaa2b5/elements - {"using":"xpath","value":"//bdi[text()=\"OK\"]"}
RESULT: {"using":"xpath","value":"//bdi[text()=\"OK\"]"}
COMMAND: POST /session/4b3369f25ef82e030cb388b696eaa2b5/elements - {"using":"xpath","value":"//bdi[text()=\"OK\"]"}
RESULT: {"using":"xpath","value":"//bdi[text()=\"OK\"]"}
COMMAND: POST /session/4b3369f25ef82e030cb388b696eaa2b5/execute/async - {"script":"<script> [1562 bytes]","args":[{"selector":{"id":"application-manageresources-display-component---newResourceUnit--TYPE-arrow"},"wdio_ui5_key":"applicationmanageresources-display-component---newResourceUnit--TYPE-arrow"}]}
RESULT: {"script":"<script> [1562 bytes]","args":[{"selector":{"id":"application-manageresources-display-component---newResourceUnit--TYPE-arrow"},"wdio_ui5_key":"applicationmanageresources-display-component---newResourceUnit--TYPE-arrow"}]}
RESULT: undefined
COMMAND: POST /session/4b3369f25ef82e030cb388b696eaa2b5/element - {"using":"xpath","value":"//*[@id=\"application-manageresources-display-component---newResourceUnit--TYPE-arrow\"]"}
RESULT: {"using":"xpath","value":"//*[@id=\"application-manageresources-display-component---newResourceUnit--TYPE-arrow\"]"}
COMMAND: POST /session/4b3369f25ef82e030cb388b696eaa2b5/element/f.6E5FC992F903C9EC30278D2915A1424A.d.D10FD165D5A7DB7642CF3F53F0455A1E.e.6292/click - {}
RESULT: {}
COMMAND: POST /session/4b3369f25ef82e030cb388b696eaa2b5/execute/async - {"script":"<script> [1562 bytes]","args":[{"selector":{"controlType":"sap.m.StandardListItem","viewName":"reusables.view.manageresources.NewResourceUnit","viewId":"application-manageresources-display-component---newResourceUnit","properties":{"title":"Equipment"},"searchOpenDialogs":true,"interaction":{"idSuffix":"content"}},"wdio_ui5_key":"reusablesview.manageresources.NewResourceUnitsap.m.StandardListItem{\"title\":\"Equipment\"}"}]}
COMMAND: GET /session/4b3369f25ef82e030cb388b696eaa2b5/screenshot - {}
RESULT: {"script":"<script> [1562 bytes]","args":[{"selector":{"controlType":"sap.m.StandardListItem","viewName":"reusables.view.manageresources.NewResourceUnit","viewId":"application-manageresources-display-component---newResourceUnit","properties":{"title":"Equipment"},"searchOpenDialogs":true,"interaction":{"idSuffix":"content"}},"wdio_ui5_key":"reusablesview.manageresources.NewResourceUnitsap.m.StandardListItem{\"title\":\"Equipment\"}"}]}
RESULT: undefined
COMMAND: POST /session/4b3369f25ef82e030cb388b696eaa2b5/element - {"using":"xpath","value":"//*[@id=\"__item143\"]"}
RESULT: {}
RESULT: {"using":"xpath","value":"//*[@id=\"__item143\"]"}
COMMAND: POST /session/4b3369f25ef82e030cb388b696eaa2b5/element/f.6E5FC992F903C9EC30278D2915A1424A.d.D10FD165D5A7DB7642CF3F53F0455A1E.e.6295/click - {}
RESULT: {}
COMMAND: POST /session/4b3369f25ef82e030cb388b696eaa2b5/execute/async - {"script":"<script> [1562 bytes]","args":[{"selector":{"id":"application-manageresources-display-component---newResourceUnit--resourceId","interaction":{"idSuffix":"inner"}},"wdio_ui5_key":"applicationmanageresources-display-component---newResourceUnit--resourceId"}]}
COMMAND: GET /session/4b3369f25ef82e030cb388b696eaa2b5/screenshot - {}
RESULT: {"script":"<script> [1562 bytes]","args":[{"selector":{"id":"application-manageresources-display-component---newResourceUnit--resourceId","interaction":{"idSuffix":"inner"}},"wdio_ui5_key":"applicationmanageresources-display-component---newResourceUnit--resourceId"}]}
RESULT: undefined
COMMAND: POST /session/4b3369f25ef82e030cb388b696eaa2b5/execute/async - {"script":"<script> [776 bytes]","args":[{"enterText":"EquipmentCounter 1w0cq","selector":{"id":"application-manageresources-display-component---newResourceUnit--resourceId","interaction":{"idSuffix":"inner"}},"clearTextFirst":true,"interactionType":"ENTER_TEXT"}]}
RESULT: {}
RESULT: {"script":"<script> [776 bytes]","args":[{"enterText":"EquipmentCounter 1w0cq","selector":{"id":"application-manageresources-display-component---newResourceUnit--resourceId","interaction":{"idSuffix":"inner"}},"clearTextFirst":true,"interactionType":"ENTER_TEXT"}]}
COMMAND: POST /session/4b3369f25ef82e030cb388b696eaa2b5/execute/async - {"script":"<script> [1562 bytes]","args":[{"selector":{"id":"application-manageresources-display-component---newResourceUnit--SHORT_TEXT","interaction":{"idSuffix":"inner"}},"wdio_ui5_key":"applicationmanageresources-display-component---newResourceUnit--SHORT_TEXT"}]}
RESULT: {"script":"<script> [1562 bytes]","args":[{"selector":{"id":"application-manageresources-display-component---newResourceUnit--SHORT_TEXT","interaction":{"idSuffix":"inner"}},"wdio_ui5_key":"applicationmanageresources-display-component---newResourceUnit--SHORT_TEXT"}]}
RESULT: undefined
COMMAND: POST /session/4b3369f25ef82e030cb388b696eaa2b5/execute/async - {"script":"<script> [776 bytes]","args":[{"enterText":"EquipmentCounter 1w0cq","selector":{"id":"application-manageresources-display-component---newResourceUnit--SHORT_TEXT","interaction":{"idSuffix":"inner"}},"clearTextFirst":true,"interactionType":"ENTER_TEXT"}]}
RESULT: {"script":"<script> [776 bytes]","args":[{"enterText":"EquipmentCounter 1w0cq","selector":{"id":"application-manageresources-display-component---newResourceUnit--SHORT_TEXT","interaction":{"idSuffix":"inner"}},"clearTextFirst":true,"interactionType":"ENTER_TEXT"}]}
COMMAND: POST /session/4b3369f25ef82e030cb388b696eaa2b5/execute/async - {"script":"<script> [1562 bytes]","args":[{"selector":{"id":"application-manageresources-display-component---newResourceUnit--BASE_UNIT_OF_MEASURE","interaction":{"idSuffix":"inner"}},"wdio_ui5_key":"applicationmanageresources-display-component---newResourceUnit--BASE_UNIT_OF_MEASURE"}]}
RESULT: {"script":"<script> [1562 bytes]","args":[{"selector":{"id":"application-manageresources-display-component---newResourceUnit--BASE_UNIT_OF_MEASURE","interaction":{"idSuffix":"inner"}},"wdio_ui5_key":"applicationmanageresources-display-component---newResourceUnit--BASE_UNIT_OF_MEASURE"}]}
RESULT: undefined
COMMAND: POST /session/4b3369f25ef82e030cb388b696eaa2b5/execute/async - {"script":"<script> [776 bytes]","args":[{"enterText":"Piece","selector":{"id":"application-manageresources-display-component---newResourceUnit--BASE_UNIT_OF_MEASURE","interaction":{"idSuffix":"inner"}},"clearTextFirst":true,"interactionType":"ENTER_TEXT"}]}
RESULT: {"script":"<script> [776 bytes]","args":[{"enterText":"Piece","selector":{"id":"application-manageresources-display-component---newResourceUnit--BASE_UNIT_OF_MEASURE","interaction":{"idSuffix":"inner"}},"clearTextFirst":true,"interactionType":"ENTER_TEXT"}]}
COMMAND: POST /session/4b3369f25ef82e030cb388b696eaa2b5/execute/async - {"script":"<script> [1562 bytes]","args":[{"selector":{"id":"application-manageresources-display-component---newResourceUnit--WEIGHT_UNIT","interaction":{"idSuffix":"inner"}},"wdio_ui5_key":"applicationmanageresources-display-component---newResourceUnit--WEIGHT_UNIT"}]}
RESULT: {"script":"<script> [1562 bytes]","args":[{"selector":{"id":"application-manageresources-display-component---newResourceUnit--WEIGHT_UNIT","interaction":{"idSuffix":"inner"}},"wdio_ui5_key":"applicationmanageresources-display-component---newResourceUnit--WEIGHT_UNIT"}]}
RESULT: undefined
COMMAND: POST /session/4b3369f25ef82e030cb388b696eaa2b5/execute/async - {"script":"<script> [776 bytes]","args":[{"enterText":"Gram","selector":{"id":"application-manageresources-display-component---newResourceUnit--WEIGHT_UNIT","interaction":{"idSuffix":"inner"}},"clearTextFirst":true,"interactionType":"ENTER_TEXT"}]}
RESULT: {"script":"<script> [776 bytes]","args":[{"enterText":"Gram","selector":{"id":"application-manageresources-display-component---newResourceUnit--WEIGHT_UNIT","interaction":{"idSuffix":"inner"}},"clearTextFirst":true,"interactionType":"ENTER_TEXT"}]}
COMMAND: POST /session/4b3369f25ef82e030cb388b696eaa2b5/execute/async - {"script":"<script> [1562 bytes]","args":[{"selector":{"id":"application-manageresources-display-component---newResourceUnit--newRRUPage-OPHeaderContent-collapseBtn-img"},"wdio_ui5_key":"applicationmanageresources-display-component---newResourceUnit--newRRUPage-OPHeaderContent-collapseBtn-img"}]}
RESULT: {"script":"<script> [1562 bytes]","args":[{"selector":{"id":"application-manageresources-display-component---newResourceUnit--newRRUPage-OPHeaderContent-collapseBtn-img"},"wdio_ui5_key":"applicationmanageresources-display-component---newResourceUnit--newRRUPage-OPHeaderContent-collapseBtn-img"}]}
RESULT: undefined
COMMAND: POST /session/4b3369f25ef82e030cb388b696eaa2b5/element - {"using":"xpath","value":"//*[@id=\"application-manageresources-display-component---newResourceUnit--newRRUPage-OPHeaderContent-collapseBtn-img\"]"}
RESULT: {"using":"xpath","value":"//*[@id=\"application-manageresources-display-component---newResourceUnit--newRRUPage-OPHeaderContent-collapseBtn-img\"]"}
COMMAND: POST /session/4b3369f25ef82e030cb388b696eaa2b5/element/f.6E5FC992F903C9EC30278D2915A1424A.d.D10FD165D5A7DB7642CF3F53F0455A1E.e.6303/click - {}
RESULT: {}
COMMAND: GET /session/4b3369f25ef82e030cb388b696eaa2b5/screenshot - {}
RESULT: {}
COMMAND: POST /session/4b3369f25ef82e030cb388b696eaa2b5/element - {"using":"xpath","value":"(//span[contains(@id ,\"application-manageresources-display-component---newResourceUnit--DIMENSION_UNIT-arrow\")])[1]"}
RESULT: {"using":"xpath","value":"(//span[contains(@id ,\"application-manageresources-display-component---newResourceUnit--DIMENSION_UNIT-arrow\")])[1]"}
COMMAND: POST /session/4b3369f25ef82e030cb388b696eaa2b5/element/f.6E5FC992F903C9EC30278D2915A1424A.d.D10FD165D5A7DB7642CF3F53F0455A1E.e.6451/click - {}
RESULT: {}
COMMAND: GET /session/4b3369f25ef82e030cb388b696eaa2b5/screenshot - {}
RESULT: {}
COMMAND: POST /session/4b3369f25ef82e030cb388b696eaa2b5/execute/async - {"script":"<script> [1562 bytes]","args":[{"selector":{"controlType":"sap.m.StandardListItem","viewName":"reusables.view.manageresources.NewResourceUnit","viewId":"application-manageresources-display-component---newResourceUnit","properties":{"title":"Centimeter"},"searchOpenDialogs":true,"interaction":{"idSuffix":"titleText"}},"wdio_ui5_key":"reusablesview.manageresources.NewResourceUnitsap.m.StandardListItem{\"title\":\"Centimeter\"}"}]}
RESULT: {"script":"<script> [1562 bytes]","args":[{"selector":{"controlType":"sap.m.StandardListItem","viewName":"reusables.view.manageresources.NewResourceUnit","viewId":"application-manageresources-display-component---newResourceUnit","properties":{"title":"Centimeter"},"searchOpenDialogs":true,"interaction":{"idSuffix":"titleText"}},"wdio_ui5_key":"reusablesview.manageresources.NewResourceUnitsap.m.StandardListItem{\"title\":\"Centimeter\"}"}]}
RESULT: undefined
COMMAND: POST /session/4b3369f25ef82e030cb388b696eaa2b5/element - {"using":"xpath","value":"//*[@id=\"__item201\"]"}
RESULT: {"using":"xpath","value":"//*[@id=\"__item201\"]"}
COMMAND: POST /session/4b3369f25ef82e030cb388b696eaa2b5/element/f.6E5FC992F903C9EC30278D2915A1424A.d.D10FD165D5A7DB7642CF3F53F0455A1E.e.6455/click - {}
RESULT: {}
COMMAND: GET /session/4b3369f25ef82e030cb388b696eaa2b5/screenshot - {}
RESULT: {}
COMMAND: POST /session/4b3369f25ef82e030cb388b696eaa2b5/execute/async - {"script":"<script> [1562 bytes]","args":[{"selector":{"id":"application-manageresources-display-component---newResourceUnit--newRRUPage-anchBar-application-manageresources-display-component---newResourceUnit--control-anchor","interaction":{"idSuffix":"BDI-content"}},"wdio_ui5_key":"applicationmanageresources-display-component---newResourceUnit--newRRUPage-anchBar-application-manageresources-display-component---newResourceUnit--control-anchor"}]}
RESULT: {"script":"<script> [1562 bytes]","args":[{"selector":{"id":"application-manageresources-display-component---newResourceUnit--newRRUPage-anchBar-application-manageresources-display-component---newResourceUnit--control-anchor","interaction":{"idSuffix":"BDI-content"}},"wdio_ui5_key":"applicationmanageresources-display-component---newResourceUnit--newRRUPage-anchBar-application-manageresources-display-component---newResourceUnit--control-anchor"}]}
RESULT: undefined
COMMAND: POST /session/4b3369f25ef82e030cb388b696eaa2b5/element - {"using":"xpath","value":"//*[@id=\"application-manageresources-display-component---newResourceUnit--newRRUPage-anchBar-application-manageresources-display-component---newResourceUnit--control-anchor\"]"}
RESULT: {"using":"xpath","value":"//*[@id=\"application-manageresources-display-component---newResourceUnit--newRRUPage-anchBar-application-manageresources-display-component---newResourceUnit--control-anchor\"]"}
COMMAND: POST /session/4b3369f25ef82e030cb388b696eaa2b5/element/f.6E5FC992F903C9EC30278D2915A1424A.d.D10FD165D5A7DB7642CF3F53F0455A1E.e.6457/click - {}
RESULT: {}
COMMAND: POST /session/4b3369f25ef82e030cb388b696eaa2b5/execute/async - {"script":"<script> [1562 bytes]","args":[{"selector":{"id":"application-manageresources-display-component---newResourceUnit--PLANNING_GROUP","interaction":{"idSuffix":"inner"}},"wdio_ui5_key":"applicationmanageresources-display-component---newResourceUnit--PLANNING_GROUP"}]}
COMMAND: GET /session/4b3369f25ef82e030cb388b696eaa2b5/screenshot - {}
RESULT: {"script":"<script> [1562 bytes]","args":[{"selector":{"id":"application-manageresources-display-component---newResourceUnit--PLANNING_GROUP","interaction":{"idSuffix":"inner"}},"wdio_ui5_key":"applicationmanageresources-display-component---newResourceUnit--PLANNING_GROUP"}]}
RESULT: undefined
COMMAND: POST /session/4b3369f25ef82e030cb388b696eaa2b5/execute/async - {"script":"<script> [776 bytes]","args":[{"enterText":"Heavy Equi","selector":{"id":"application-manageresources-display-component---newResourceUnit--PLANNING_GROUP","interaction":{"idSuffix":"inner"}},"clearTextFirst":true,"interactionType":"ENTER_TEXT"}]}
RESULT: {}
RESULT: {"script":"<script> [776 bytes]","args":[{"enterText":"Heavy Equi","selector":{"id":"application-manageresources-display-component---newResourceUnit--PLANNING_GROUP","interaction":{"idSuffix":"inner"}},"clearTextFirst":true,"interactionType":"ENTER_TEXT"}]}
COMMAND: POST /session/4b3369f25ef82e030cb388b696eaa2b5/execute/async - {"script":"<script> [1562 bytes]","args":[{"selector":{"id":"application-manageresources-display-component---newResourceUnit--ITEM_TYPE-arrow"},"wdio_ui5_key":"applicationmanageresources-display-component---newResourceUnit--ITEM_TYPE-arrow"}]}
RESULT: {"script":"<script> [1562 bytes]","args":[{"selector":{"id":"application-manageresources-display-component---newResourceUnit--ITEM_TYPE-arrow"},"wdio_ui5_key":"applicationmanageresources-display-component---newResourceUnit--ITEM_TYPE-arrow"}]}
RESULT: undefined
COMMAND: POST /session/4b3369f25ef82e030cb388b696eaa2b5/element - {"using":"xpath","value":"//*[@id=\"application-manageresources-display-component---newResourceUnit--ITEM_TYPE-arrow\"]"}
RESULT: {"using":"xpath","value":"//*[@id=\"application-manageresources-display-component---newResourceUnit--ITEM_TYPE-arrow\"]"}
COMMAND: POST /session/4b3369f25ef82e030cb388b696eaa2b5/element/f.6E5FC992F903C9EC30278D2915A1424A.d.D10FD165D5A7DB7642CF3F53F0455A1E.e.6462/click - {}
RESULT: {}
COMMAND: POST /session/4b3369f25ef82e030cb388b696eaa2b5/execute/async - {"script":"<script> [1562 bytes]","args":[{"selector":{"controlType":"sap.m.StandardListItem","viewName":"reusables.view.manageresources.NewResourceUnit","viewId":"application-manageresources-display-component---newResourceUnit","properties":{"title":"Resource Unit"},"searchOpenDialogs":true,"interaction":{"idSuffix":"titleText"}},"wdio_ui5_key":"reusablesview.manageresources.NewResourceUnitsap.m.StandardListItem{\"title\":\"Resource Unit\"}"}]}
COMMAND: GET /session/4b3369f25ef82e030cb388b696eaa2b5/screenshot - {}
RESULT: {"script":"<script> [1562 bytes]","args":[{"selector":{"controlType":"sap.m.StandardListItem","viewName":"reusables.view.manageresources.NewResourceUnit","viewId":"application-manageresources-display-component---newResourceUnit","properties":{"title":"Resource Unit"},"searchOpenDialogs":true,"interaction":{"idSuffix":"titleText"}},"wdio_ui5_key":"reusablesview.manageresources.NewResourceUnitsap.m.StandardListItem{\"title\":\"Resource Unit\"}"}]}
RESULT: undefined
COMMAND: POST /session/4b3369f25ef82e030cb388b696eaa2b5/element - {"using":"xpath","value":"//*[@id=\"__item223\"]"}
RESULT: {}
RESULT: {"using":"xpath","value":"//*[@id=\"__item223\"]"}
COMMAND: POST /session/4b3369f25ef82e030cb388b696eaa2b5/element/f.6E5FC992F903C9EC30278D2915A1424A.d.D10FD165D5A7DB7642CF3F53F0455A1E.e.6464/click - {}
RESULT: {}
COMMAND: POST /session/4b3369f25ef82e030cb388b696eaa2b5/element - {"using":"xpath","value":"//bdi[contains(text(), \"Time Segment\")]"}
COMMAND: GET /session/4b3369f25ef82e030cb388b696eaa2b5/screenshot - {}
RESULT: {"using":"xpath","value":"//bdi[contains(text(), \"Time Segment\")]"}
COMMAND: GET /session/4b3369f25ef82e030cb388b696eaa2b5/element/f.6E5FC992F903C9EC30278D2915A1424A.d.D10FD165D5A7DB7642CF3F53F0455A1E.e.6473/rect - {}
RESULT: {}
RESULT: {}
COMMAND: GET /session/4b3369f25ef82e030cb388b696eaa2b5/window/rect - {}
RESULT: {}
COMMAND: POST /session/4b3369f25ef82e030cb388b696eaa2b5/execute/sync - {"script":"<script> [92 bytes]","args":[]}
RESULT: {"script":"<script> [92 bytes]","args":[]}
COMMAND: POST /session/4b3369f25ef82e030cb388b696eaa2b5/actions - {"actions":[{"id":"action17","type":"wheel","parameters":{},"actions":[{"type":"scroll","x":-1820,"y":-21,"deltaX":0,"deltaY":0,"duration":0,"origin":{"element-6066-11e4-a52e-4f735466cecf":"f.6E5FC992F903C9EC30278D2915A1424A.d.D10FD165D5A7DB7642CF3F53F0455A1E.e.6473"}}]}]}
COMMAND: GET /session/4b3369f25ef82e030cb388b696eaa2b5/screenshot - {}
RESULT: {}
COMMAND: POST /session/4b3369f25ef82e030cb388b696eaa2b5/execute/sync - {"script":"<script> [79 bytes]","args":[{"element-6066-11e4-a52e-4f735466cecf":"f.6E5FC992F903C9EC30278D2915A1424A.d.D10FD165D5A7DB7642CF3F53F0455A1E.e.6473","ELEMENT":"f.6E5FC992F903C9EC30278D2915A1424A.d.D10FD165D5A7DB7642CF3F53F0455A1E.e.6473"},{"block":"start","inline":"nearest"}]}
RESULT: {"script":"<script> [79 bytes]","args":[{"element-6066-11e4-a52e-4f735466cecf":"f.6E5FC992F903C9EC30278D2915A1424A.d.D10FD165D5A7DB7642CF3F53F0455A1E.e.6473","ELEMENT":"f.6E5FC992F903C9EC30278D2915A1424A.d.D10FD165D5A7DB7642CF3F53F0455A1E.e.6473"},{"block":"start","inline":"nearest"}]}
COMMAND: POST /session/4b3369f25ef82e030cb388b696eaa2b5/execute/async - {"script":"<script> [1562 bytes]","args":[{"selector":{"id":"application-manageresources-display-component---newResourceUnit--btnAddTimeSegment-img"},"wdio_ui5_key":"applicationmanageresources-display-component---newResourceUnit--btnAddTimeSegment-img"}]}
COMMAND: GET /session/4b3369f25ef82e030cb388b696eaa2b5/screenshot - {}
RESULT: {"script":"<script> [1562 bytes]","args":[{"selector":{"id":"application-manageresources-display-component---newResourceUnit--btnAddTimeSegment-img"},"wdio_ui5_key":"applicationmanageresources-display-component---newResourceUnit--btnAddTimeSegment-img"}]}
RESULT: undefined
COMMAND: POST /session/4b3369f25ef82e030cb388b696eaa2b5/element - {"using":"xpath","value":"//*[@id=\"application-manageresources-display-component---newResourceUnit--btnAddTimeSegment-img\"]"}
RESULT: {}
RESULT: {"using":"xpath","value":"//*[@id=\"application-manageresources-display-component---newResourceUnit--btnAddTimeSegment-img\"]"}
COMMAND: POST /session/4b3369f25ef82e030cb388b696eaa2b5/element/f.6E5FC992F903C9EC30278D2915A1424A.d.D10FD165D5A7DB7642CF3F53F0455A1E.e.6476/click - {}
RESULT: {}
COMMAND: POST /session/4b3369f25ef82e030cb388b696eaa2b5/element - {"using":"xpath","value":"//input[@id=\"application-manageresources-display-component---newResourceUnit--idRuTSAdmin-application-manageresources-display-component---newResourceUnit--RUTimeSegment-0-inner\"]"}
COMMAND: GET /session/4b3369f25ef82e030cb388b696eaa2b5/screenshot - {}
RESULT: {"using":"xpath","value":"//input[@id=\"application-manageresources-display-component---newResourceUnit--idRuTSAdmin-application-manageresources-display-component---newResourceUnit--RUTimeSegment-0-inner\"]"}
COMMAND: POST /session/4b3369f25ef82e030cb388b696eaa2b5/element/f.6E5FC992F903C9EC30278D2915A1424A.d.D10FD165D5A7DB7642CF3F53F0455A1E.e.6479/clear - {}
RESULT: {}
RESULT: {}
COMMAND: POST /session/4b3369f25ef82e030cb388b696eaa2b5/element/f.6E5FC992F903C9EC30278D2915A1424A.d.D10FD165D5A7DB7642CF3F53F0455A1E.e.6479/value - {"text":"Webdriver Yard"}
COMMAND: GET /session/4b3369f25ef82e030cb388b696eaa2b5/screenshot - {}
RESULT: {"text":"Webdriver Yard"}
COMMAND: GET /session/4b3369f25ef82e030cb388b696eaa2b5/screenshot - {}
RESULT: {}
RESULT: {}
COMMAND: POST /session/4b3369f25ef82e030cb388b696eaa2b5/actions - {"actions":[{"id":"action18","type":"key","parameters":{},"actions":[{"type":"keyDown","value":"î€‡"},{"type":"pause","duration":10},{"type":"keyUp","value":"î€‡"}]}]}
RESULT: {"actions":[{"id":"action18","type":"key","parameters":{},"actions":[{"type":"keyDown","value":"î€‡"},{"type":"pause","duration":10},{"type":"keyUp","value":"î€‡"}]}]}
COMMAND: POST /session/4b3369f25ef82e030cb388b696eaa2b5/execute/async - {"script":"<script> [1562 bytes]","args":[{"selector":{"controlType":"sap.ui.core.Icon","viewName":"reusables.view.manageresources.NewResourceUnit","viewId":"application-manageresources-display-component---newResourceUnit","properties":{"src":{"regex":{"source":"slim\\-arrow\\-down"}}},"ancestor":{"controlType":"sap.m.ComboBox","viewName":"reusables.view.manageresources.NewResourceUnit","viewId":"application-manageresources-display-component---newResourceUnit","bindingPath":{"path":"/RESOURCE_UNIT_TIME_SEQUENCES/0","propertyPath":"COST_OBJECT_ADMIN_CST_TYPE","modelName":"oNewRruModel"}}},"wdio_ui5_key":"reusablesview.manageresources.NewResourceUnitsap.ui.core.Icon{\"src\":{\"regex\":{\"source\":\"slim\\\\-arrow\\\\-down\"}}}{\"controlType\":\"sap.m.ComboBox\",\"viewName\":\"reusables.view.manageresources.NewResourceUnit\",\"viewId\":\"application-manageresources-display-component---newResourceUnit\",\"bindingPath\":{\"path\":\"/RESOURCE_UNIT_TIME_SEQUENCES/0\",\"propertyPath\":\"COST_OBJECT_ADMIN_CST_TYPE\",\"modelName\":\"oNewRruModel\"}}"}]}
COMMAND: GET /session/4b3369f25ef82e030cb388b696eaa2b5/screenshot - {}
RESULT: {"script":"<script> [1562 bytes]","args":[{"selector":{"controlType":"sap.ui.core.Icon","viewName":"reusables.view.manageresources.NewResourceUnit","viewId":"application-manageresources-display-component---newResourceUnit","properties":{"src":{"regex":{"source":"slim\\-arrow\\-down"}}},"ancestor":{"controlType":"sap.m.ComboBox","viewName":"reusables.view.manageresources.NewResourceUnit","viewId":"application-manageresources-display-component---newResourceUnit","bindingPath":{"path":"/RESOURCE_UNIT_TIME_SEQUENCES/0","propertyPath":"COST_OBJECT_ADMIN_CST_TYPE","modelName":"oNewRruModel"}}},"wdio_ui5_key":"reusablesview.manageresources.NewResourceUnitsap.ui.core.Icon{\"src\":{\"regex\":{\"source\":\"slim\\\\-arrow\\\\-down\"}}}{\"controlType\":\"sap.m.ComboBox\",\"viewName\":\"reusables.view.manageresources.NewResourceUnit\",\"viewId\":\"application-manageresources-display-component---newResourceUnit\",\"bindingPath\":{\"path\":\"/RESOURCE_UNIT_TIME_SEQUENCES/0\",\"propertyPath\":\"COST_OBJECT_ADMIN_CST_TYPE\",\"modelName\":\"oNewRruModel\"}}"}]}
RESULT: undefined
COMMAND: POST /session/4b3369f25ef82e030cb388b696eaa2b5/element - {"using":"xpath","value":"//*[@id=\"__box4-application-manageresources-display-component---newResourceUnit--RUTimeSegment-0-arrow\"]"}
RESULT: {}
RESULT: {"using":"xpath","value":"//*[@id=\"__box4-application-manageresources-display-component---newResourceUnit--RUTimeSegment-0-arrow\"]"}
COMMAND: POST /session/4b3369f25ef82e030cb388b696eaa2b5/element/f.6E5FC992F903C9EC30278D2915A1424A.d.D10FD165D5A7DB7642CF3F53F0455A1E.e.6492/click - {}
RESULT: {}
COMMAND: POST /session/4b3369f25ef82e030cb388b696eaa2b5/execute/async - {"script":"<script> [1562 bytes]","args":[{"selector":{"controlType":"sap.m.StandardListItem","viewName":"reusables.view.manageresources.NewResourceUnit","viewId":"application-manageresources-display-component---newResourceUnit","properties":{"title":"PM Order"},"searchOpenDialogs":true,"interaction":{"idSuffix":"titleText"}},"wdio_ui5_key":"reusablesview.manageresources.NewResourceUnitsap.m.StandardListItem{\"title\":\"PM Order\"}"}]}
COMMAND: GET /session/4b3369f25ef82e030cb388b696eaa2b5/screenshot - {}
RESULT: {"script":"<script> [1562 bytes]","args":[{"selector":{"controlType":"sap.m.StandardListItem","viewName":"reusables.view.manageresources.NewResourceUnit","viewId":"application-manageresources-display-component---newResourceUnit","properties":{"title":"PM Order"},"searchOpenDialogs":true,"interaction":{"idSuffix":"titleText"}},"wdio_ui5_key":"reusablesview.manageresources.NewResourceUnitsap.m.StandardListItem{\"title\":\"PM Order\"}"}]}
RESULT: undefined
COMMAND: POST /session/4b3369f25ef82e030cb388b696eaa2b5/element - {"using":"xpath","value":"//*[@id=\"__item310\"]"}
RESULT: {}
RESULT: {"using":"xpath","value":"//*[@id=\"__item310\"]"}
COMMAND: POST /session/4b3369f25ef82e030cb388b696eaa2b5/element/f.6E5FC992F903C9EC30278D2915A1424A.d.D10FD165D5A7DB7642CF3F53F0455A1E.e.6496/click - {}
RESULT: {}
COMMAND: GET /session/4b3369f25ef82e030cb388b696eaa2b5/screenshot - {}
RESULT: {}
COMMAND: POST /session/4b3369f25ef82e030cb388b696eaa2b5/element - {"using":"xpath","value":"(//input[contains(@id ,\"-application-manageresources-display-component---newResourceUnit--RUTimeSegment-0-inner\")])[8]"}
RESULT: {"using":"xpath","value":"(//input[contains(@id ,\"-application-manageresources-display-component---newResourceUnit--RUTimeSegment-0-inner\")])[8]"}
COMMAND: POST /session/4b3369f25ef82e030cb388b696eaa2b5/element/f.6E5FC992F903C9EC30278D2915A1424A.d.D10FD165D5A7DB7642CF3F53F0455A1E.e.6499/clear - {}
RESULT: {}
COMMAND: POST /session/4b3369f25ef82e030cb388b696eaa2b5/element/f.6E5FC992F903C9EC30278D2915A1424A.d.D10FD165D5A7DB7642CF3F53F0455A1E.e.6499/value - {"text":"4000360"}
COMMAND: GET /session/4b3369f25ef82e030cb388b696eaa2b5/screenshot - {}
RESULT: {"text":"4000360"}
COMMAND: GET /session/4b3369f25ef82e030cb388b696eaa2b5/screenshot - {}
RESULT: {}
RESULT: {}
COMMAND: POST /session/4b3369f25ef82e030cb388b696eaa2b5/actions - {"actions":[{"id":"action19","type":"key","parameters":{},"actions":[{"type":"keyDown","value":"î€‡"},{"type":"pause","duration":10},{"type":"keyUp","value":"î€‡"}]}]}
RESULT: {"actions":[{"id":"action19","type":"key","parameters":{},"actions":[{"type":"keyDown","value":"î€‡"},{"type":"pause","duration":10},{"type":"keyUp","value":"î€‡"}]}]}
COMMAND: GET /session/4b3369f25ef82e030cb388b696eaa2b5/screenshot - {}
RESULT: {}
COMMAND: POST /session/4b3369f25ef82e030cb388b696eaa2b5/execute/async - {"script":"<script> [1562 bytes]","args":[{"selector":{"id":"application-manageresources-display-component---newResourceUnit--newTimeSegmentDateRangePicker-application-manageresources-display-component---newResourceUnit--RUTimeSegment-0","interaction":{"idSuffix":"inner"}},"wdio_ui5_key":"applicationmanageresources-display-component---newResourceUnit--newTimeSegmentDateRangePicker-application-manageresources-display-component---newResourceUnit--RUTimeSegment-0"}]}
RESULT: {"script":"<script> [1562 bytes]","args":[{"selector":{"id":"application-manageresources-display-component---newResourceUnit--newTimeSegmentDateRangePicker-application-manageresources-display-component---newResourceUnit--RUTimeSegment-0","interaction":{"idSuffix":"inner"}},"wdio_ui5_key":"applicationmanageresources-display-component---newResourceUnit--newTimeSegmentDateRangePicker-application-manageresources-display-component---newResourceUnit--RUTimeSegment-0"}]}
RESULT: undefined
COMMAND: POST /session/4b3369f25ef82e030cb388b696eaa2b5/execute/async - {"script":"<script> [1562 bytes]","args":[{"selector":{"id":"application-manageresources-display-component---newResourceUnit--newRRUPage-anchBar-application-manageresources-display-component---newResourceUnit--resource-anchor","interaction":{"idSuffix":"BDI-content"}},"wdio_ui5_key":"applicationmanageresources-display-component---newResourceUnit--newRRUPage-anchBar-application-manageresources-display-component---newResourceUnit--resource-anchor"}]}
RESULT: {"script":"<script> [1562 bytes]","args":[{"selector":{"id":"application-manageresources-display-component---newResourceUnit--newRRUPage-anchBar-application-manageresources-display-component---newResourceUnit--resource-anchor","interaction":{"idSuffix":"BDI-content"}},"wdio_ui5_key":"applicationmanageresources-display-component---newResourceUnit--newRRUPage-anchBar-application-manageresources-display-component---newResourceUnit--resource-anchor"}]}
RESULT: undefined
COMMAND: POST /session/4b3369f25ef82e030cb388b696eaa2b5/element - {"using":"xpath","value":"//*[@id=\"application-manageresources-display-component---newResourceUnit--newRRUPage-anchBar-application-manageresources-display-component---newResourceUnit--resource-anchor\"]"}
RESULT: {"using":"xpath","value":"//*[@id=\"application-manageresources-display-component---newResourceUnit--newRRUPage-anchBar-application-manageresources-display-component---newResourceUnit--resource-anchor\"]"}
COMMAND: POST /session/4b3369f25ef82e030cb388b696eaa2b5/element/f.6E5FC992F903C9EC30278D2915A1424A.d.D10FD165D5A7DB7642CF3F53F0455A1E.e.6504/click - {}
RESULT: {}
COMMAND: POST /session/4b3369f25ef82e030cb388b696eaa2b5/execute/async - {"script":"<script> [1562 bytes]","args":[{"selector":{"id":"application-manageresources-display-component---newResourceUnit--PLANNED_DELIVERY_DATE","interaction":{"idSuffix":"inner"}},"wdio_ui5_key":"applicationmanageresources-display-component---newResourceUnit--PLANNED_DELIVERY_DATE"}]}
COMMAND: GET /session/4b3369f25ef82e030cb388b696eaa2b5/screenshot - {}
RESULT: {"script":"<script> [1562 bytes]","args":[{"selector":{"id":"application-manageresources-display-component---newResourceUnit--PLANNED_DELIVERY_DATE","interaction":{"idSuffix":"inner"}},"wdio_ui5_key":"applicationmanageresources-display-component---newResourceUnit--PLANNED_DELIVERY_DATE"}]}
RESULT: undefined
COMMAND: POST /session/4b3369f25ef82e030cb388b696eaa2b5/execute/async - {"script":"<script> [6424 bytes]","args":[{"element-6066-11e4-a52e-4f735466cecf":"f.6E5FC992F903C9EC30278D2915A1424A.d.D10FD165D5A7DB7642CF3F53F0455A1E.e.6350"},"setValue",["07/12/24"]]}
RESULT: {}
RESULT: {"script":"<script> [6424 bytes]","args":[{"element-6066-11e4-a52e-4f735466cecf":"f.6E5FC992F903C9EC30278D2915A1424A.d.D10FD165D5A7DB7642CF3F53F0455A1E.e.6350"},"setValue",["07/12/24"]]}
COMMAND: POST /session/4b3369f25ef82e030cb388b696eaa2b5/execute/async - {"script":"<script> [1562 bytes]","args":[{"selector":{"controlType":"sap.m.Button","viewName":"reusables.view.manageresources.NewResourceUnit","viewId":"application-manageresources-display-component---newResourceUnit","i18NText":{"propertyName":"tooltip","key":"save"},"interaction":{"idSuffix":"BDI-content"}},"wdio_ui5_key":"reusablesview.manageresources.NewResourceUnitsap.m.Button{\"propertyName\":\"tooltip\",\"key\":\"save\"}"}]}
RESULT: {"script":"<script> [1562 bytes]","args":[{"selector":{"controlType":"sap.m.Button","viewName":"reusables.view.manageresources.NewResourceUnit","viewId":"application-manageresources-display-component---newResourceUnit","i18NText":{"propertyName":"tooltip","key":"save"},"interaction":{"idSuffix":"BDI-content"}},"wdio_ui5_key":"reusablesview.manageresources.NewResourceUnitsap.m.Button{\"propertyName\":\"tooltip\",\"key\":\"save\"}"}]}
RESULT: undefined
COMMAND: POST /session/4b3369f25ef82e030cb388b696eaa2b5/element - {"using":"xpath","value":"//*[@id=\"application-manageresources-display-component---newResourceUnit--createRuButton\"]"}
RESULT: {"using":"xpath","value":"//*[@id=\"application-manageresources-display-component---newResourceUnit--createRuButton\"]"}
COMMAND: POST /session/4b3369f25ef82e030cb388b696eaa2b5/element/f.6E5FC992F903C9EC30278D2915A1424A.d.D10FD165D5A7DB7642CF3F53F0455A1E.e.6309/click - {}
RESULT: {}
COMMAND: GET /session/4b3369f25ef82e030cb388b696eaa2b5/screenshot - {}
RESULT: {}
COMMAND: POST /session/4b3369f25ef82e030cb388b696eaa2b5/execute/async - {"script":"<script> [1562 bytes]","args":[{"selector":{"controlType":"sap.m.Button","properties":{"text":"Close"},"searchOpenDialogs":true,"interaction":{"idSuffix":"inner"}},"wdio_ui5_key":"sapm.Button{\"text\":\"Close\"}"}]}
RESULT: {"script":"<script> [1562 bytes]","args":[{"selector":{"controlType":"sap.m.Button","properties":{"text":"Close"},"searchOpenDialogs":true,"interaction":{"idSuffix":"inner"}},"wdio_ui5_key":"sapm.Button{\"text\":\"Close\"}"}]}
RESULT: undefined
COMMAND: POST /session/4b3369f25ef82e030cb388b696eaa2b5/element - {"using":"xpath","value":"//*[@id=\"__mbox-btn-0\"]"}
RESULT: {"using":"xpath","value":"//*[@id=\"__mbox-btn-0\"]"}
COMMAND: POST /session/4b3369f25ef82e030cb388b696eaa2b5/element/f.6E5FC992F903C9EC30278D2915A1424A.d.D10FD165D5A7DB7642CF3F53F0455A1E.e.6510/click - {}
RESULT: {}
COMMAND: GET /session/4b3369f25ef82e030cb388b696eaa2b5/screenshot - {}
COMMAND: POST /session/4b3369f25ef82e030cb388b696eaa2b5/execute/async - {"script":"<script> [1562 bytes]","args":[{"selector":{"controlType":"sap.m.Text","viewName":"etm.portal.ui.manageresources.view.Detail","viewId":"application-manageresources-display-component---detailRU","bindingPath":{"propertyPath":"ID","modelName":"catalogModel"}},"wdio_ui5_key":"etmportal.ui.manageresources.view.Detailsap.m.Text{\"propertyPath\":\"ID\",\"modelName\":\"catalogModel\"}"}]}
RESULT: {}
RESULT: {"script":"<script> [1562 bytes]","args":[{"selector":{"controlType":"sap.m.Text","viewName":"etm.portal.ui.manageresources.view.Detail","viewId":"application-manageresources-display-component---detailRU","bindingPath":{"propertyPath":"ID","modelName":"catalogModel"}},"wdio_ui5_key":"etmportal.ui.manageresources.view.Detailsap.m.Text{\"propertyPath\":\"ID\",\"modelName\":\"catalogModel\"}"}]}
RESULT: undefined
COMMAND: POST /session/4b3369f25ef82e030cb388b696eaa2b5/execute/async - {"script":"<script> [6424 bytes]","args":[{"element-6066-11e4-a52e-4f735466cecf":"f.6E5FC992F903C9EC30278D2915A1424A.d.D10FD165D5A7DB7642CF3F53F0455A1E.e.6549"},"getText",[]]}
RESULT: {"script":"<script> [6424 bytes]","args":[{"element-6066-11e4-a52e-4f735466cecf":"f.6E5FC992F903C9EC30278D2915A1424A.d.D10FD165D5A7DB7642CF3F53F0455A1E.e.6549"},"getText",[]]}
COMMAND: POST /session/4b3369f25ef82e030cb388b696eaa2b5/element - {"using":"xpath","value":"//bdi[text()=\"Edit\"]"}
RESULT: {"using":"xpath","value":"//bdi[text()=\"Edit\"]"}
COMMAND: GET /session/4b3369f25ef82e030cb388b696eaa2b5/element/f.6E5FC992F903C9EC30278D2915A1424A.d.D10FD165D5A7DB7642CF3F53F0455A1E.e.6550/enabled - {}
RESULT: {}
COMMAND: POST /session/4b3369f25ef82e030cb388b696eaa2b5/execute/sync - {"script":"<script> [8489 bytes]","args":[{"element-6066-11e4-a52e-4f735466cecf":"f.6E5FC992F903C9EC30278D2915A1424A.d.D10FD165D5A7DB7642CF3F53F0455A1E.e.6550","ELEMENT":"f.6E5FC992F903C9EC30278D2915A1424A.d.D10FD165D5A7DB7642CF3F53F0455A1E.e.6550"}]}
COMMAND: GET /session/4b3369f25ef82e030cb388b696eaa2b5/screenshot - {}
RESULT: {"script":"<script> [8489 bytes]","args":[{"element-6066-11e4-a52e-4f735466cecf":"f.6E5FC992F903C9EC30278D2915A1424A.d.D10FD165D5A7DB7642CF3F53F0455A1E.e.6550","ELEMENT":"f.6E5FC992F903C9EC30278D2915A1424A.d.D10FD165D5A7DB7642CF3F53F0455A1E.e.6550"}]}
COMMAND: POST /session/4b3369f25ef82e030cb388b696eaa2b5/execute/sync - {"script":"<script> [5351 bytes]","args":[{"element-6066-11e4-a52e-4f735466cecf":"f.6E5FC992F903C9EC30278D2915A1424A.d.D10FD165D5A7DB7642CF3F53F0455A1E.e.6550","ELEMENT":"f.6E5FC992F903C9EC30278D2915A1424A.d.D10FD165D5A7DB7642CF3F53F0455A1E.e.6550"}]}
COMMAND: GET /session/4b3369f25ef82e030cb388b696eaa2b5/screenshot - {}
RESULT: {}
RESULT: {"script":"<script> [5351 bytes]","args":[{"element-6066-11e4-a52e-4f735466cecf":"f.6E5FC992F903C9EC30278D2915A1424A.d.D10FD165D5A7DB7642CF3F53F0455A1E.e.6550","ELEMENT":"f.6E5FC992F903C9EC30278D2915A1424A.d.D10FD165D5A7DB7642CF3F53F0455A1E.e.6550"}]}
COMMAND: POST /session/4b3369f25ef82e030cb388b696eaa2b5/element/f.6E5FC992F903C9EC30278D2915A1424A.d.D10FD165D5A7DB7642CF3F53F0455A1E.e.6550/click - {}
COMMAND: GET /session/4b3369f25ef82e030cb388b696eaa2b5/screenshot - {}
RESULT: {}
RESULT: {}
RESULT: {}
COMMAND: GET /session/4b3369f25ef82e030cb388b696eaa2b5/screenshot - {}
RESULT: {}
COMMAND: POST /session/4b3369f25ef82e030cb388b696eaa2b5/element - {"using":"xpath","value":"//bdi[@id=\"application-manageresources-display-component---editResource--editRruPage-anchBar-application-manageresources-display-component---editResource--counters-anchor-BDI-content\"]"}
RESULT: {"using":"xpath","value":"//bdi[@id=\"application-manageresources-display-component---editResource--editRruPage-anchBar-application-manageresources-display-component---editResource--counters-anchor-BDI-content\"]"}
COMMAND: POST /session/4b3369f25ef82e030cb388b696eaa2b5/execute/sync - {"script":"<script> [8489 bytes]","args":[{"element-6066-11e4-a52e-4f735466cecf":"f.6E5FC992F903C9EC30278D2915A1424A.d.D10FD165D5A7DB7642CF3F53F0455A1E.e.6693","ELEMENT":"f.6E5FC992F903C9EC30278D2915A1424A.d.D10FD165D5A7DB7642CF3F53F0455A1E.e.6693"}]}
RESULT: {"script":"<script> [8489 bytes]","args":[{"element-6066-11e4-a52e-4f735466cecf":"f.6E5FC992F903C9EC30278D2915A1424A.d.D10FD165D5A7DB7642CF3F53F0455A1E.e.6693","ELEMENT":"f.6E5FC992F903C9EC30278D2915A1424A.d.D10FD165D5A7DB7642CF3F53F0455A1E.e.6693"}]}
COMMAND: POST /session/4b3369f25ef82e030cb388b696eaa2b5/element/f.6E5FC992F903C9EC30278D2915A1424A.d.D10FD165D5A7DB7642CF3F53F0455A1E.e.6693/click - {}
COMMAND: GET /session/4b3369f25ef82e030cb388b696eaa2b5/screenshot - {}
RESULT: {}
COMMAND: GET /session/4b3369f25ef82e030cb388b696eaa2b5/screenshot - {}
RESULT: {}
RESULT: {}
COMMAND: POST /session/4b3369f25ef82e030cb388b696eaa2b5/execute/async - {"script":"<script> [1562 bytes]","args":[{"selector":{"id":"application-manageresources-display-component---editResource--btnAddCounter-img"},"wdio_ui5_key":"applicationmanageresources-display-component---editResource--btnAddCounter-img"}]}
RESULT: {"script":"<script> [1562 bytes]","args":[{"selector":{"id":"application-manageresources-display-component---editResource--btnAddCounter-img"},"wdio_ui5_key":"applicationmanageresources-display-component---editResource--btnAddCounter-img"}]}
RESULT: undefined
COMMAND: POST /session/4b3369f25ef82e030cb388b696eaa2b5/element - {"using":"xpath","value":"//*[@id=\"application-manageresources-display-component---editResource--btnAddCounter-img\"]"}
RESULT: {"using":"xpath","value":"//*[@id=\"application-manageresources-display-component---editResource--btnAddCounter-img\"]"}
COMMAND: POST /session/4b3369f25ef82e030cb388b696eaa2b5/element/f.6E5FC992F903C9EC30278D2915A1424A.d.D10FD165D5A7DB7642CF3F53F0455A1E.e.6699/click - {}
RESULT: {}
COMMAND: GET /session/4b3369f25ef82e030cb388b696eaa2b5/screenshot - {}
RESULT: {}
COMMAND: POST /session/4b3369f25ef82e030cb388b696eaa2b5/execute/async - {"script":"<script> [1562 bytes]","args":[{"selector":{"id":"application-manageresources-display-component---editResource--HAND_OVER_TYPE-application-manageresources-display-component---editResource--RUCounters-0","interaction":{"idSuffix":"CbBg"}},"wdio_ui5_key":"applicationmanageresources-display-component---editResource--HAND_OVER_TYPE-application-manageresources-display-component---editResource--RUCounters-0"}]}
RESULT: {"script":"<script> [1562 bytes]","args":[{"selector":{"id":"application-manageresources-display-component---editResource--HAND_OVER_TYPE-application-manageresources-display-component---editResource--RUCounters-0","interaction":{"idSuffix":"CbBg"}},"wdio_ui5_key":"applicationmanageresources-display-component---editResource--HAND_OVER_TYPE-application-manageresources-display-component---editResource--RUCounters-0"}]}
RESULT: undefined
COMMAND: POST /session/4b3369f25ef82e030cb388b696eaa2b5/element - {"using":"xpath","value":"//*[@id=\"application-manageresources-display-component---editResource--HAND_OVER_TYPE-application-manageresources-display-component---editResource--RUCounters-0\"]"}
RESULT: {"using":"xpath","value":"//*[@id=\"application-manageresources-display-component---editResource--HAND_OVER_TYPE-application-manageresources-display-component---editResource--RUCounters-0\"]"}
COMMAND: POST /session/4b3369f25ef82e030cb388b696eaa2b5/element/f.6E5FC992F903C9EC30278D2915A1424A.d.D10FD165D5A7DB7642CF3F53F0455A1E.e.6704/click - {}
RESULT: {}
COMMAND: POST /session/4b3369f25ef82e030cb388b696eaa2b5/execute/async - {"script":"<script> [1562 bytes]","args":[{"selector":{"controlType":"sap.m.Button","viewName":"etm.portal.ui.manageresources.view.EditResource","viewId":"application-manageresources-display-component---editResource","i18NText":{"propertyName":"text","key":"save"},"interaction":{"idSuffix":"BDI-content"}},"wdio_ui5_key":"etmportal.ui.manageresources.view.EditResourcesap.m.Button{\"propertyName\":\"text\",\"key\":\"save\"}"}]}
COMMAND: GET /session/4b3369f25ef82e030cb388b696eaa2b5/screenshot - {}
RESULT: {"script":"<script> [1562 bytes]","args":[{"selector":{"controlType":"sap.m.Button","viewName":"etm.portal.ui.manageresources.view.EditResource","viewId":"application-manageresources-display-component---editResource","i18NText":{"propertyName":"text","key":"save"},"interaction":{"idSuffix":"BDI-content"}},"wdio_ui5_key":"etmportal.ui.manageresources.view.EditResourcesap.m.Button{\"propertyName\":\"text\",\"key\":\"save\"}"}]}
RESULT: undefined
COMMAND: POST /session/4b3369f25ef82e030cb388b696eaa2b5/element - {"using":"xpath","value":"//*[@id=\"__button102\"]"}
RESULT: {}
RESULT: {"using":"xpath","value":"//*[@id=\"__button102\"]"}
COMMAND: POST /session/4b3369f25ef82e030cb388b696eaa2b5/element/f.6E5FC992F903C9EC30278D2915A1424A.d.D10FD165D5A7DB7642CF3F53F0455A1E.e.6706/click - {}
RESULT: {}
COMMAND: GET /session/4b3369f25ef82e030cb388b696eaa2b5/screenshot - {}
RESULT: {}
COMMAND: POST /session/4b3369f25ef82e030cb388b696eaa2b5/element - {"using":"css selector","value":"#shell-header-logo"}
RESULT: {"using":"css selector","value":"#shell-header-logo"}
COMMAND: POST /session/4b3369f25ef82e030cb388b696eaa2b5/elements - {"using":"css selector","value":"#shell-header-logo"}
RESULT: {"using":"css selector","value":"#shell-header-logo"}
COMMAND: POST /session/4b3369f25ef82e030cb388b696eaa2b5/execute/sync - {"script":"<script> [8489 bytes]","args":[{"element-6066-11e4-a52e-4f735466cecf":"f.6E5FC992F903C9EC30278D2915A1424A.d.D10FD165D5A7DB7642CF3F53F0455A1E.e.5815","ELEMENT":"f.6E5FC992F903C9EC30278D2915A1424A.d.D10FD165D5A7DB7642CF3F53F0455A1E.e.5815"}]}
RESULT: {"script":"<script> [8489 bytes]","args":[{"element-6066-11e4-a52e-4f735466cecf":"f.6E5FC992F903C9EC30278D2915A1424A.d.D10FD165D5A7DB7642CF3F53F0455A1E.e.5815","ELEMENT":"f.6E5FC992F903C9EC30278D2915A1424A.d.D10FD165D5A7DB7642CF3F53F0455A1E.e.5815"}]}
COMMAND: POST /session/4b3369f25ef82e030cb388b696eaa2b5/execute/sync - {"script":"<script> [5351 bytes]","args":[{"element-6066-11e4-a52e-4f735466cecf":"f.6E5FC992F903C9EC30278D2915A1424A.d.D10FD165D5A7DB7642CF3F53F0455A1E.e.5815","ELEMENT":"f.6E5FC992F903C9EC30278D2915A1424A.d.D10FD165D5A7DB7642CF3F53F0455A1E.e.5815"}]}
COMMAND: GET /session/4b3369f25ef82e030cb388b696eaa2b5/screenshot - {}
RESULT: {"script":"<script> [5351 bytes]","args":[{"element-6066-11e4-a52e-4f735466cecf":"f.6E5FC992F903C9EC30278D2915A1424A.d.D10FD165D5A7DB7642CF3F53F0455A1E.e.5815","ELEMENT":"f.6E5FC992F903C9EC30278D2915A1424A.d.D10FD165D5A7DB7642CF3F53F0455A1E.e.5815"}]}
COMMAND: POST /session/4b3369f25ef82e030cb388b696eaa2b5/element/f.6E5FC992F903C9EC30278D2915A1424A.d.D10FD165D5A7DB7642CF3F53F0455A1E.e.5815/click - {}
COMMAND: GET /session/4b3369f25ef82e030cb388b696eaa2b5/screenshot - {}
RESULT: {}
RESULT: {}
RESULT: {}
COMMAND: GET /session/4b3369f25ef82e030cb388b696eaa2b5/screenshot - {}
RESULT: {}
COMMAND: POST /session/4b3369f25ef82e030cb388b696eaa2b5/element - {"using":"css selector","value":"#shell-header-logo"}
RESULT: {"using":"css selector","value":"#shell-header-logo"}
COMMAND: POST /session/4b3369f25ef82e030cb388b696eaa2b5/element/f.6E5FC992F903C9EC30278D2915A1424A.d.D10FD165D5A7DB7642CF3F53F0455A1E.e.6718/click - {}
RESULT: {}
COMMAND: GET /session/4b3369f25ef82e030cb388b696eaa2b5/screenshot - {}
RESULT: {}
]]></system-out>
    </testcase>
  </testsuite>
  <testsuite timestamp="2025-06-12T15:48:22" time="95.982" tests="2" failures="0" errors="0" skipped="0">
    <properties>
      <property name="specId" value="0" />
      <property name="suiteName" value="Personnel creation and reference material verification  US120163" />
      <property name="capabilities" value="chrome.137_0_7151_69.windows" />
      <property name="file" value="file:///D:/a/1/s/test/specs/R2C/create-personnel-no-material-reference.spec.js" />
    </properties>
    <testcase classname="chrome.137_0_7151_69.windows.Personnel_creation_and_reference_material_verification__US120163" name="Should create a new personnel and verify if the material reference is visible" time="76.174">
      <system-out><![CDATA[
RESULT: undefined
COMMAND: POST /session/4b3369f25ef82e030cb388b696eaa2b5/element - {"using":"xpath","value":"//*[@id=\"__tile32\"]"}
RESULT: {"using":"xpath","value":"//*[@id=\"__tile32\"]"}
COMMAND: POST /session/4b3369f25ef82e030cb388b696eaa2b5/element/f.6E5FC992F903C9EC30278D2915A1424A.d.D10FD165D5A7DB7642CF3F53F0455A1E.e.5833/click - {}
RESULT: {}
COMMAND: GET /session/4b3369f25ef82e030cb388b696eaa2b5/screenshot - {}
RESULT: {}
COMMAND: POST /session/4b3369f25ef82e030cb388b696eaa2b5/elements - {"using":"xpath","value":"//span[text()='Error']"}
RESULT: {"using":"xpath","value":"//span[text()='Error']"}
COMMAND: POST /session/4b3369f25ef82e030cb388b696eaa2b5/element - {"using":"xpath","value":"//button[@data-kt=\"addNewRUOverflowToolbarButton\"]"}
RESULT: {"using":"xpath","value":"//button[@data-kt=\"addNewRUOverflowToolbarButton\"]"}
COMMAND: POST /session/4b3369f25ef82e030cb388b696eaa2b5/execute/sync - {"script":"<script> [8489 bytes]","args":[{"element-6066-11e4-a52e-4f735466cecf":"f.6E5FC992F903C9EC30278D2915A1424A.d.D10FD165D5A7DB7642CF3F53F0455A1E.e.6757","ELEMENT":"f.6E5FC992F903C9EC30278D2915A1424A.d.D10FD165D5A7DB7642CF3F53F0455A1E.e.6757"}]}
RESULT: {"script":"<script> [8489 bytes]","args":[{"element-6066-11e4-a52e-4f735466cecf":"f.6E5FC992F903C9EC30278D2915A1424A.d.D10FD165D5A7DB7642CF3F53F0455A1E.e.6757","ELEMENT":"f.6E5FC992F903C9EC30278D2915A1424A.d.D10FD165D5A7DB7642CF3F53F0455A1E.e.6757"}]}
COMMAND: POST /session/4b3369f25ef82e030cb388b696eaa2b5/element/f.6E5FC992F903C9EC30278D2915A1424A.d.D10FD165D5A7DB7642CF3F53F0455A1E.e.6757/click - {}
COMMAND: GET /session/4b3369f25ef82e030cb388b696eaa2b5/screenshot - {}
RESULT: {}
RESULT: undefined
COMMAND: POST /session/4b3369f25ef82e030cb388b696eaa2b5/element - {"using":"xpath","value":"//*[@id=\"application-manageresources-display-component---newResourceUnit--TYPE-arrow\"]"}
COMMAND: GET /session/4b3369f25ef82e030cb388b696eaa2b5/screenshot - {}
RESULT: {}
RESULT: {"using":"xpath","value":"//*[@id=\"application-manageresources-display-component---newResourceUnit--TYPE-arrow\"]"}
COMMAND: POST /session/4b3369f25ef82e030cb388b696eaa2b5/element/f.6E5FC992F903C9EC30278D2915A1424A.d.D10FD165D5A7DB7642CF3F53F0455A1E.e.7071/click - {}
RESULT: {}
RESULT: {}
COMMAND: POST /session/4b3369f25ef82e030cb388b696eaa2b5/execute/async - {"script":"<script> [1562 bytes]","args":[{"selector":{"controlType":"sap.m.StandardListItem","viewName":"reusables.view.manageresources.NewResourceUnit","viewId":"application-manageresources-display-component---newResourceUnit","properties":{"title":"Personnel"},"searchOpenDialogs":true,"interaction":{"idSuffix":"titleText"}},"wdio_ui5_key":"reusablesview.manageresources.NewResourceUnitsap.m.StandardListItem{\"title\":\"Personnel\"}"}]}
COMMAND: GET /session/4b3369f25ef82e030cb388b696eaa2b5/screenshot - {}
RESULT: {"script":"<script> [1562 bytes]","args":[{"selector":{"controlType":"sap.m.StandardListItem","viewName":"reusables.view.manageresources.NewResourceUnit","viewId":"application-manageresources-display-component---newResourceUnit","properties":{"title":"Personnel"},"searchOpenDialogs":true,"interaction":{"idSuffix":"titleText"}},"wdio_ui5_key":"reusablesview.manageresources.NewResourceUnitsap.m.StandardListItem{\"title\":\"Personnel\"}"}]}
RESULT: undefined
COMMAND: POST /session/4b3369f25ef82e030cb388b696eaa2b5/element - {"using":"xpath","value":"//*[@id=\"__item950\"]"}
RESULT: {}
RESULT: {"using":"xpath","value":"//*[@id=\"__item950\"]"}
COMMAND: POST /session/4b3369f25ef82e030cb388b696eaa2b5/element/f.6E5FC992F903C9EC30278D2915A1424A.d.D10FD165D5A7DB7642CF3F53F0455A1E.e.7077/click - {}
RESULT: {}
RESULT: undefined
COMMAND: POST /session/4b3369f25ef82e030cb388b696eaa2b5/execute/async - {"script":"<script> [776 bytes]","args":[{"enterText":"WdIOPersonnelijoyw","selector":{"id":"application-manageresources-display-component---newResourceUnit--SHORT_TEXT","interaction":{"idSuffix":"inner"}},"clearTextFirst":true,"interactionType":"ENTER_TEXT"}]}
COMMAND: GET /session/4b3369f25ef82e030cb388b696eaa2b5/screenshot - {}
RESULT: {"script":"<script> [776 bytes]","args":[{"enterText":"WdIOPersonnelijoyw","selector":{"id":"application-manageresources-display-component---newResourceUnit--SHORT_TEXT","interaction":{"idSuffix":"inner"}},"clearTextFirst":true,"interactionType":"ENTER_TEXT"}]}
COMMAND: POST /session/4b3369f25ef82e030cb388b696eaa2b5/element - {"using":"xpath","value":"//bdi[contains(text(), \"Material\")]"}
RESULT: {}
RESULT: {"using":"xpath","value":"//bdi[contains(text(), \"Material\")]"}
COMMAND: POST /session/4b3369f25ef82e030cb388b696eaa2b5/element - {"using":"xpath","value":"//bdi[contains(text(), \"Material\")]"}
RESULT: {"using":"xpath","value":"//bdi[contains(text(), \"Material\")]"}
COMMAND: POST /session/4b3369f25ef82e030cb388b696eaa2b5/execute/async - {"script":"<script> [1562 bytes]","args":[{"selector":{"id":"application-manageresources-display-component---newResourceUnit--BASE_UNIT_OF_MEASURE-arrow"},"wdio_ui5_key":"applicationmanageresources-display-component---newResourceUnit--BASE_UNIT_OF_MEASURE-arrow"}]}
RESULT: {"script":"<script> [1562 bytes]","args":[{"selector":{"id":"application-manageresources-display-component---newResourceUnit--BASE_UNIT_OF_MEASURE-arrow"},"wdio_ui5_key":"applicationmanageresources-display-component---newResourceUnit--BASE_UNIT_OF_MEASURE-arrow"}]}
RESULT: undefined
COMMAND: POST /session/4b3369f25ef82e030cb388b696eaa2b5/element - {"using":"xpath","value":"//*[@id=\"application-manageresources-display-component---newResourceUnit--BASE_UNIT_OF_MEASURE-arrow\"]"}
RESULT: {"using":"xpath","value":"//*[@id=\"application-manageresources-display-component---newResourceUnit--BASE_UNIT_OF_MEASURE-arrow\"]"}
COMMAND: POST /session/4b3369f25ef82e030cb388b696eaa2b5/element/f.6E5FC992F903C9EC30278D2915A1424A.d.D10FD165D5A7DB7642CF3F53F0455A1E.e.7184/click - {}
RESULT: {}
COMMAND: POST /session/4b3369f25ef82e030cb388b696eaa2b5/execute/async - {"script":"<script> [1562 bytes]","args":[{"selector":{"controlType":"sap.m.StandardListItem","viewName":"reusables.view.manageresources.NewResourceUnit","viewId":"application-manageresources-display-component---newResourceUnit","properties":{"title":"Percent"},"searchOpenDialogs":true,"interaction":{"idSuffix":"titleText"}},"wdio_ui5_key":"reusablesview.manageresources.NewResourceUnitsap.m.StandardListItem{\"title\":\"Percent\"}"}]}
COMMAND: GET /session/4b3369f25ef82e030cb388b696eaa2b5/screenshot - {}
RESULT: {"script":"<script> [1562 bytes]","args":[{"selector":{"controlType":"sap.m.StandardListItem","viewName":"reusables.view.manageresources.NewResourceUnit","viewId":"application-manageresources-display-component---newResourceUnit","properties":{"title":"Percent"},"searchOpenDialogs":true,"interaction":{"idSuffix":"titleText"}},"wdio_ui5_key":"reusablesview.manageresources.NewResourceUnitsap.m.StandardListItem{\"title\":\"Percent\"}"}]}
RESULT: undefined
COMMAND: POST /session/4b3369f25ef82e030cb388b696eaa2b5/element - {"using":"xpath","value":"//*[@id=\"__item980\"]"}
RESULT: {}
RESULT: {"using":"xpath","value":"//*[@id=\"__item980\"]"}
COMMAND: POST /session/4b3369f25ef82e030cb388b696eaa2b5/element/f.6E5FC992F903C9EC30278D2915A1424A.d.D10FD165D5A7DB7642CF3F53F0455A1E.e.7186/click - {}
RESULT: {}
COMMAND: POST /session/4b3369f25ef82e030cb388b696eaa2b5/execute/async - {"script":"<script> [1562 bytes]","args":[{"selector":{"id":"application-manageresources-display-component---newResourceUnit--PLANNING_GROUP-arrow"},"wdio_ui5_key":"applicationmanageresources-display-component---newResourceUnit--PLANNING_GROUP-arrow"}]}
COMMAND: GET /session/4b3369f25ef82e030cb388b696eaa2b5/screenshot - {}
RESULT: {"script":"<script> [1562 bytes]","args":[{"selector":{"id":"application-manageresources-display-component---newResourceUnit--PLANNING_GROUP-arrow"},"wdio_ui5_key":"applicationmanageresources-display-component---newResourceUnit--PLANNING_GROUP-arrow"}]}
RESULT: undefined
COMMAND: POST /session/4b3369f25ef82e030cb388b696eaa2b5/element - {"using":"xpath","value":"//*[@id=\"application-manageresources-display-component---newResourceUnit--PLANNING_GROUP-arrow\"]"}
RESULT: {}
RESULT: {"using":"xpath","value":"//*[@id=\"application-manageresources-display-component---newResourceUnit--PLANNING_GROUP-arrow\"]"}
COMMAND: POST /session/4b3369f25ef82e030cb388b696eaa2b5/element/f.6E5FC992F903C9EC30278D2915A1424A.d.D10FD165D5A7DB7642CF3F53F0455A1E.e.7187/click - {}
RESULT: {}
COMMAND: GET /session/4b3369f25ef82e030cb388b696eaa2b5/screenshot - {}
RESULT: {}
COMMAND: POST /session/4b3369f25ef82e030cb388b696eaa2b5/execute/async - {"script":"<script> [1562 bytes]","args":[{"selector":{"controlType":"sap.m.StandardListItem","viewName":"reusables.view.manageresources.NewResourceUnit","viewId":"application-manageresources-display-component---newResourceUnit","properties":{"title":"Operating personnel"},"searchOpenDialogs":true,"interaction":{"idSuffix":"titleText"}},"wdio_ui5_key":"reusablesview.manageresources.NewResourceUnitsap.m.StandardListItem{\"title\":\"Operating personnel\"}"}]}
RESULT: {"script":"<script> [1562 bytes]","args":[{"selector":{"controlType":"sap.m.StandardListItem","viewName":"reusables.view.manageresources.NewResourceUnit","viewId":"application-manageresources-display-component---newResourceUnit","properties":{"title":"Operating personnel"},"searchOpenDialogs":true,"interaction":{"idSuffix":"titleText"}},"wdio_ui5_key":"reusablesview.manageresources.NewResourceUnitsap.m.StandardListItem{\"title\":\"Operating personnel\"}"}]}
RESULT: undefined
COMMAND: POST /session/4b3369f25ef82e030cb388b696eaa2b5/element - {"using":"xpath","value":"//*[@id=\"__item989\"]"}
RESULT: {"using":"xpath","value":"//*[@id=\"__item989\"]"}
COMMAND: POST /session/4b3369f25ef82e030cb388b696eaa2b5/element/f.6E5FC992F903C9EC30278D2915A1424A.d.D10FD165D5A7DB7642CF3F53F0455A1E.e.7189/click - {}
RESULT: {}
COMMAND: GET /session/4b3369f25ef82e030cb388b696eaa2b5/screenshot - {}
RESULT: {}
COMMAND: POST /session/4b3369f25ef82e030cb388b696eaa2b5/element - {"using":"xpath","value":"//bdi[contains(text(), \"Time Segment\")]"}
RESULT: {"using":"xpath","value":"//bdi[contains(text(), \"Time Segment\")]"}
COMMAND: GET /session/4b3369f25ef82e030cb388b696eaa2b5/element/f.6E5FC992F903C9EC30278D2915A1424A.d.D10FD165D5A7DB7642CF3F53F0455A1E.e.7190/rect - {}
RESULT: {}
COMMAND: GET /session/4b3369f25ef82e030cb388b696eaa2b5/window/rect - {}
RESULT: {}
COMMAND: POST /session/4b3369f25ef82e030cb388b696eaa2b5/execute/sync - {"script":"<script> [92 bytes]","args":[]}
RESULT: {"script":"<script> [92 bytes]","args":[]}
COMMAND: POST /session/4b3369f25ef82e030cb388b696eaa2b5/actions - {"actions":[{"id":"action20","type":"wheel","parameters":{},"actions":[{"type":"scroll","x":-1820,"y":804,"deltaX":0,"deltaY":0,"duration":0,"origin":{"element-6066-11e4-a52e-4f735466cecf":"f.6E5FC992F903C9EC30278D2915A1424A.d.D10FD165D5A7DB7642CF3F53F0455A1E.e.7190"}}]}]}
COMMAND: GET /session/4b3369f25ef82e030cb388b696eaa2b5/screenshot - {}
RESULT: {}
COMMAND: POST /session/4b3369f25ef82e030cb388b696eaa2b5/execute/sync - {"script":"<script> [79 bytes]","args":[{"element-6066-11e4-a52e-4f735466cecf":"f.6E5FC992F903C9EC30278D2915A1424A.d.D10FD165D5A7DB7642CF3F53F0455A1E.e.7190","ELEMENT":"f.6E5FC992F903C9EC30278D2915A1424A.d.D10FD165D5A7DB7642CF3F53F0455A1E.e.7190"},{"block":"start","inline":"nearest"}]}
RESULT: {"script":"<script> [79 bytes]","args":[{"element-6066-11e4-a52e-4f735466cecf":"f.6E5FC992F903C9EC30278D2915A1424A.d.D10FD165D5A7DB7642CF3F53F0455A1E.e.7190","ELEMENT":"f.6E5FC992F903C9EC30278D2915A1424A.d.D10FD165D5A7DB7642CF3F53F0455A1E.e.7190"},{"block":"start","inline":"nearest"}]}
COMMAND: GET /session/4b3369f25ef82e030cb388b696eaa2b5/screenshot - {}
RESULT: {}
COMMAND: POST /session/4b3369f25ef82e030cb388b696eaa2b5/element - {"using":"xpath","value":"//span[@id=\"application-manageresources-display-component---newResourceUnit--btnAddTimeSegment-img\"]"}
RESULT: {"using":"xpath","value":"//span[@id=\"application-manageresources-display-component---newResourceUnit--btnAddTimeSegment-img\"]"}
COMMAND: POST /session/4b3369f25ef82e030cb388b696eaa2b5/execute/sync - {"script":"<script> [8489 bytes]","args":[{"element-6066-11e4-a52e-4f735466cecf":"f.6E5FC992F903C9EC30278D2915A1424A.d.D10FD165D5A7DB7642CF3F53F0455A1E.e.7197","ELEMENT":"f.6E5FC992F903C9EC30278D2915A1424A.d.D10FD165D5A7DB7642CF3F53F0455A1E.e.7197"}]}
RESULT: {"script":"<script> [8489 bytes]","args":[{"element-6066-11e4-a52e-4f735466cecf":"f.6E5FC992F903C9EC30278D2915A1424A.d.D10FD165D5A7DB7642CF3F53F0455A1E.e.7197","ELEMENT":"f.6E5FC992F903C9EC30278D2915A1424A.d.D10FD165D5A7DB7642CF3F53F0455A1E.e.7197"}]}
COMMAND: POST /session/4b3369f25ef82e030cb388b696eaa2b5/element/f.6E5FC992F903C9EC30278D2915A1424A.d.D10FD165D5A7DB7642CF3F53F0455A1E.e.7197/click - {}
COMMAND: GET /session/4b3369f25ef82e030cb388b696eaa2b5/screenshot - {}
RESULT: {}
COMMAND: GET /session/4b3369f25ef82e030cb388b696eaa2b5/screenshot - {}
RESULT: {}
RESULT: {}
COMMAND: POST /session/4b3369f25ef82e030cb388b696eaa2b5/element - {"using":"xpath","value":"//input[@id=\"application-manageresources-display-component---newResourceUnit--idRuTSAdmin-application-manageresources-display-component---newResourceUnit--RUTimeSegment-0-inner\"]"}
RESULT: {"using":"xpath","value":"//input[@id=\"application-manageresources-display-component---newResourceUnit--idRuTSAdmin-application-manageresources-display-component---newResourceUnit--RUTimeSegment-0-inner\"]"}
COMMAND: POST /session/4b3369f25ef82e030cb388b696eaa2b5/element/f.6E5FC992F903C9EC30278D2915A1424A.d.D10FD165D5A7DB7642CF3F53F0455A1E.e.7200/clear - {}
RESULT: {}
COMMAND: POST /session/4b3369f25ef82e030cb388b696eaa2b5/element/f.6E5FC992F903C9EC30278D2915A1424A.d.D10FD165D5A7DB7642CF3F53F0455A1E.e.7200/value - {"text":"webdriveryard"}
COMMAND: GET /session/4b3369f25ef82e030cb388b696eaa2b5/screenshot - {}
RESULT: {"text":"webdriveryard"}
COMMAND: GET /session/4b3369f25ef82e030cb388b696eaa2b5/screenshot - {}
RESULT: {}
RESULT: {}
COMMAND: POST /session/4b3369f25ef82e030cb388b696eaa2b5/actions - {"actions":[{"id":"action21","type":"key","parameters":{},"actions":[{"type":"keyDown","value":"î€‡"},{"type":"pause","duration":10},{"type":"keyUp","value":"î€‡"}]}]}
RESULT: {"actions":[{"id":"action21","type":"key","parameters":{},"actions":[{"type":"keyDown","value":"î€‡"},{"type":"pause","duration":10},{"type":"keyUp","value":"î€‡"}]}]}
COMMAND: GET /session/4b3369f25ef82e030cb388b696eaa2b5/screenshot - {}
RESULT: {}
COMMAND: POST /session/4b3369f25ef82e030cb388b696eaa2b5/element - {"using":"xpath","value":"//input[contains(@id, \"application-manageresources-display-component---newResourceUnit--newControlDataDateRangePicker-inner\")]"}
RESULT: {"using":"xpath","value":"//input[contains(@id, \"application-manageresources-display-component---newResourceUnit--newControlDataDateRangePicker-inner\")]"}
COMMAND: POST /session/4b3369f25ef82e030cb388b696eaa2b5/element/f.6E5FC992F903C9EC30278D2915A1424A.d.D10FD165D5A7DB7642CF3F53F0455A1E.e.7106/clear - {}
RESULT: {}
COMMAND: POST /session/4b3369f25ef82e030cb388b696eaa2b5/element/f.6E5FC992F903C9EC30278D2915A1424A.d.D10FD165D5A7DB7642CF3F53F0455A1E.e.7106/value - {"text":"12/17/26 - 2/18/27"}
COMMAND: GET /session/4b3369f25ef82e030cb388b696eaa2b5/screenshot - {}
RESULT: {"text":"12/17/26 - 2/18/27"}
COMMAND: POST /session/4b3369f25ef82e030cb388b696eaa2b5/element - {"using":"xpath","value":"//bdi[contains(@id, \"application-manageresources-display-component---newResourceUnit--createRuButton-BDI-content\")]"}
COMMAND: GET /session/4b3369f25ef82e030cb388b696eaa2b5/screenshot - {}
RESULT: {}
RESULT: {"using":"xpath","value":"//bdi[contains(@id, \"application-manageresources-display-component---newResourceUnit--createRuButton-BDI-content\")]"}
COMMAND: POST /session/4b3369f25ef82e030cb388b696eaa2b5/element/f.6E5FC992F903C9EC30278D2915A1424A.d.D10FD165D5A7DB7642CF3F53F0455A1E.e.7212/click - {}
RESULT: {}
RESULT: {}
COMMAND: GET /session/4b3369f25ef82e030cb388b696eaa2b5/screenshot - {}
RESULT: {}
COMMAND: POST /session/4b3369f25ef82e030cb388b696eaa2b5/actions - {"actions":[{"id":"action22","type":"key","parameters":{},"actions":[{"type":"keyDown","value":"î€‡"},{"type":"pause","duration":10},{"type":"keyUp","value":"î€‡"}]}]}
RESULT: {"actions":[{"id":"action22","type":"key","parameters":{},"actions":[{"type":"keyDown","value":"î€‡"},{"type":"pause","duration":10},{"type":"keyUp","value":"î€‡"}]}]}
COMMAND: GET /session/4b3369f25ef82e030cb388b696eaa2b5/screenshot - {}
RESULT: {}
]]></system-out>
    </testcase>
    <testcase classname="chrome.137_0_7151_69.windows.Personnel_creation_and_reference_material_verification__US120163" name="Should verify if the reference material is visible in edit and detail mode" time="16.64">
      <system-out><![CDATA[
COMMAND: POST /session/4b3369f25ef82e030cb388b696eaa2b5/element - {"using":"xpath","value":"//bdi[contains(text(), \"Edit\")]"}
RESULT: {"using":"xpath","value":"//bdi[contains(text(), \"Edit\")]"}
COMMAND: POST /session/4b3369f25ef82e030cb388b696eaa2b5/element/f.6E5FC992F903C9EC30278D2915A1424A.d.D10FD165D5A7DB7642CF3F53F0455A1E.e.7250/click - {}
RESULT: {}
COMMAND: GET /session/4b3369f25ef82e030cb388b696eaa2b5/screenshot - {}
RESULT: {}
COMMAND: POST /session/4b3369f25ef82e030cb388b696eaa2b5/element - {"using":"xpath","value":"//bdi[contains(text(), \"Material\")]"}
RESULT: {"using":"xpath","value":"//bdi[contains(text(), \"Material\")]"}
COMMAND: POST /session/4b3369f25ef82e030cb388b696eaa2b5/element - {"using":"xpath","value":"//bdi[contains(text(), \"Material\")]"}
RESULT: {"using":"xpath","value":"//bdi[contains(text(), \"Material\")]"}
COMMAND: POST /session/4b3369f25ef82e030cb388b696eaa2b5/element - {"using":"xpath","value":"(//bdi[contains(text(), \"Save\")])[2]"}
RESULT: {"using":"xpath","value":"(//bdi[contains(text(), \"Save\")])[2]"}
COMMAND: POST /session/4b3369f25ef82e030cb388b696eaa2b5/element/f.6E5FC992F903C9EC30278D2915A1424A.d.D10FD165D5A7DB7642CF3F53F0455A1E.e.7300/click - {}
RESULT: {}
COMMAND: GET /session/4b3369f25ef82e030cb388b696eaa2b5/screenshot - {}
RESULT: {}
COMMAND: DELETE /session/4b3369f25ef82e030cb388b696eaa2b5 - {}
RESULT: {}
]]></system-out>
    </testcase>
  </testsuite>
</testsuites>