<?xml version="1.0" encoding="UTF-8"?>
<testsuites tests="18" failures="17" errors="17" skipped="0">
  <testsuite timestamp="2025-05-08T15:17:06" time="87.623" tests="2" failures="1" errors="1" skipped="0">
    <properties>
      <property name="specId" value="0" />
      <property name="suiteName" value="Assign the user test user id to an address" />
      <property name="capabilities" value="chrome.135_0_7049_115.windows" />
      <property name="file" value="file:///D:/a/1/s/test/specs/R2C/assign-user-id-to-an-address.spec.js" />
    </properties>
    <testcase classname="chrome.135_0_7049_115.windows.Assign_the_user_test_user_id_to_an_address" name="Should search for test1ETM create only if not present" time="30.946">
      <system-out><![CDATA[
COMMAND: POST /session/aae44c044d62af026641883e54bc7681/execute/async - {"script":"<script> [1562 bytes]","args":[{"selector":{"id":"application-addressmanagement-display-component---masterAdm--smartFilterBar-filterItemControl_BASIC-NAME-vhi"},"wdio_ui5_key":"applicationaddressmanagement-display-component---masterAdm--smartFilterBar-filterItemControl_BASIC-NAME-vhi"}]}
RESULT: {"script":"<script> [1562 bytes]","args":[{"selector":{"id":"application-addressmanagement-display-component---masterAdm--smartFilterBar-filterItemControl_BASIC-NAME-vhi"},"wdio_ui5_key":"applicationaddressmanagement-display-component---masterAdm--smartFilterBar-filterItemControl_BASIC-NAME-vhi"}]}
RESULT: undefined
COMMAND: POST /session/aae44c044d62af026641883e54bc7681/element - {"using":"xpath","value":"//*[@id=\"application-addressmanagement-display-component---masterAdm--smartFilterBar-filterItemControl_BASIC-NAME-vhi\"]"}
RESULT: {"using":"xpath","value":"//*[@id=\"application-addressmanagement-display-component---masterAdm--smartFilterBar-filterItemControl_BASIC-NAME-vhi\"]"}
COMMAND: POST /session/aae44c044d62af026641883e54bc7681/element/f.6722023AEB2883B9B4C488B54C74F3CE.d.0F83256F195D7F300B9FB4C73ECCEAFA.e.286/click - {}
COMMAND: POST /session/aae44c044d62af026641883e54bc7681/execute/async - {"script":"<script> [1562 bytes]","args":[{"selector":{"controlType":"sap.m.Input","viewName":"etm.portal.ui.addressmanagement.view.Master","viewId":"application-addressmanagement-display-component---masterAdm","properties":{"valueState":"None"},"searchOpenDialogs":true,"interaction":{"idSuffix":"inner"}},"wdio_ui5_key":"etmportal.ui.addressmanagement.view.Mastersap.m.Input{\"valueState\":\"None\"}"}]}
RESULT: {"script":"<script> [1562 bytes]","args":[{"selector":{"controlType":"sap.m.Input","viewName":"etm.portal.ui.addressmanagement.view.Master","viewId":"application-addressmanagement-display-component---masterAdm","properties":{"valueState":"None"},"searchOpenDialogs":true,"interaction":{"idSuffix":"inner"}},"wdio_ui5_key":"etmportal.ui.addressmanagement.view.Mastersap.m.Input{\"valueState\":\"None\"}"}]}
RESULT: undefined
COMMAND: POST /session/aae44c044d62af026641883e54bc7681/actions - {"actions":[{"id":"action1","type":"key","parameters":{},"actions":[{"type":"keyDown","value":"î€‡"},{"type":"pause","duration":10},{"type":"keyUp","value":"î€‡"}]}]}
RESULT: {"actions":[{"id":"action1","type":"key","parameters":{},"actions":[{"type":"keyDown","value":"î€‡"},{"type":"pause","duration":10},{"type":"keyUp","value":"î€‡"}]}]}
COMMAND: POST /session/aae44c044d62af026641883e54bc7681/execute/async - {"script":"<script> [1562 bytes]","args":[{"selector":{"id":"application-addressmanagement-display-component---masterAdm--smartFilterBar-filterItemControl_BASIC-NAME-valueHelpDialog-ok","searchOpenDialogs":true,"interaction":{"idSuffix":"BDI-content"}},"wdio_ui5_key":"applicationaddressmanagement-display-component---masterAdm--smartFilterBar-filterItemControl_BASIC-NAME-valueHelpDialog-ok"}]}
COMMAND: GET /session/aae44c044d62af026641883e54bc7681/screenshot - {}
RESULT: {"script":"<script> [1562 bytes]","args":[{"selector":{"id":"application-addressmanagement-display-component---masterAdm--smartFilterBar-filterItemControl_BASIC-NAME-valueHelpDialog-ok","searchOpenDialogs":true,"interaction":{"idSuffix":"BDI-content"}},"wdio_ui5_key":"applicationaddressmanagement-display-component---masterAdm--smartFilterBar-filterItemControl_BASIC-NAME-valueHelpDialog-ok"}]}
RESULT: undefined
RESULT: {}
COMMAND: POST /session/aae44c044d62af026641883e54bc7681/element - {"using":"xpath","value":"(//span[text()=\"Active\"])[1]"}
RESULT: {"using":"xpath","value":"(//span[text()=\"Active\"])[1]"}
COMMAND: POST /session/aae44c044d62af026641883e54bc7681/elements - {"using":"xpath","value":"(//span[text()=\"Active\"])[1]"}
RESULT: {"using":"xpath","value":"(//span[text()=\"Active\"])[1]"}
COMMAND: POST /session/aae44c044d62af026641883e54bc7681/execute/sync - {"script":"<script> [8489 bytes]","args":[{"element-6066-11e4-a52e-4f735466cecf":"f.6722023AEB2883B9B4C488B54C74F3CE.d.0F83256F195D7F300B9FB4C73ECCEAFA.e.289","ELEMENT":"f.6722023AEB2883B9B4C488B54C74F3CE.d.0F83256F195D7F300B9FB4C73ECCEAFA.e.289"}]}
RESULT: {"script":"<script> [8489 bytes]","args":[{"element-6066-11e4-a52e-4f735466cecf":"f.6722023AEB2883B9B4C488B54C74F3CE.d.0F83256F195D7F300B9FB4C73ECCEAFA.e.289","ELEMENT":"f.6722023AEB2883B9B4C488B54C74F3CE.d.0F83256F195D7F300B9FB4C73ECCEAFA.e.289"}]}
COMMAND: POST /session/aae44c044d62af026641883e54bc7681/execute/sync - {"script":"<script> [5351 bytes]","args":[{"element-6066-11e4-a52e-4f735466cecf":"f.6722023AEB2883B9B4C488B54C74F3CE.d.0F83256F195D7F300B9FB4C73ECCEAFA.e.289","ELEMENT":"f.6722023AEB2883B9B4C488B54C74F3CE.d.0F83256F195D7F300B9FB4C73ECCEAFA.e.289"}]}
COMMAND: GET /session/aae44c044d62af026641883e54bc7681/screenshot - {}
RESULT: {"script":"<script> [5351 bytes]","args":[{"element-6066-11e4-a52e-4f735466cecf":"f.6722023AEB2883B9B4C488B54C74F3CE.d.0F83256F195D7F300B9FB4C73ECCEAFA.e.289","ELEMENT":"f.6722023AEB2883B9B4C488B54C74F3CE.d.0F83256F195D7F300B9FB4C73ECCEAFA.e.289"}]}
COMMAND: POST /session/aae44c044d62af026641883e54bc7681/element/f.6722023AEB2883B9B4C488B54C74F3CE.d.0F83256F195D7F300B9FB4C73ECCEAFA.e.289/click - {}
COMMAND: GET /session/aae44c044d62af026641883e54bc7681/screenshot - {}
RESULT: {}
RESULT: {}
COMMAND: POST /session/aae44c044d62af026641883e54bc7681/element - {"using":"xpath","value":"//span[@id=\"application-addressmanagement-display-component---detailAdm--addressDetailDetailsName1\"]"}
COMMAND: GET /session/aae44c044d62af026641883e54bc7681/screenshot - {}
RESULT: {}
RESULT: {"using":"xpath","value":"//span[@id=\"application-addressmanagement-display-component---detailAdm--addressDetailDetailsName1\"]"}
COMMAND: POST /session/aae44c044d62af026641883e54bc7681/execute/sync - {"script":"<script> [8489 bytes]","args":[{"element-6066-11e4-a52e-4f735466cecf":"f.6722023AEB2883B9B4C488B54C74F3CE.d.0F83256F195D7F300B9FB4C73ECCEAFA.e.514","ELEMENT":"f.6722023AEB2883B9B4C488B54C74F3CE.d.0F83256F195D7F300B9FB4C73ECCEAFA.e.514"}]}
RESULT: {}
RESULT: {"script":"<script> [8489 bytes]","args":[{"element-6066-11e4-a52e-4f735466cecf":"f.6722023AEB2883B9B4C488B54C74F3CE.d.0F83256F195D7F300B9FB4C73ECCEAFA.e.514","ELEMENT":"f.6722023AEB2883B9B4C488B54C74F3CE.d.0F83256F195D7F300B9FB4C73ECCEAFA.e.514"}]}
]]></system-out>
    </testcase>
  </testsuite>
  <testsuite timestamp="2025-05-08T15:18:34" time="260.089" tests="2" failures="2" errors="2" skipped="0">
    <properties>
      <property name="specId" value="0" />
      <property name="suiteName" value="Create 2 Yards US112496" />
      <property name="capabilities" value="chrome.135_0_7049_115.windows" />
      <property name="file" value="file:///D:/a/1/s/test/specs/R2C/create-yard.spec.js" />
    </properties>
  </testsuite>
  <testsuite timestamp="2025-05-08T15:22:54" time="274.009" tests="4" failures="4" errors="4" skipped="0">
    <properties>
      <property name="specId" value="0" />
      <property name="suiteName" value="Create partner US118246" />
      <property name="capabilities" value="chrome.135_0_7049_115.windows" />
      <property name="file" value="file:///D:/a/1/s/test/specs/BTS/create-partner.spec.js" />
    </properties>
  </testsuite>
  <testsuite timestamp="2025-05-08T15:27:28" time="73.687" tests="1" failures="1" errors="1" skipped="0">
    <properties>
      <property name="specId" value="0" />
      <property name="suiteName" value="Create 2 sites US118246" />
      <property name="capabilities" value="chrome.135_0_7049_115.windows" />
      <property name="file" value="file:///D:/a/1/s/test/specs/R2C/create-site.spec.js" />
    </properties>
  </testsuite>
  <testsuite timestamp="2025-05-08T15:28:42" time="521.225" tests="2" failures="2" errors="2" skipped="0">
    <properties>
      <property name="specId" value="0" />
      <property name="suiteName" value="Create 2 RU material US118246" />
      <property name="capabilities" value="chrome.135_0_7049_115.windows" />
      <property name="file" value="file:///D:/a/1/s/test/specs/R2C/create-material.spec.js" />
    </properties>
  </testsuite>
  <testsuite timestamp="2025-05-08T15:37:23" time="254.75" tests="1" failures="1" errors="1" skipped="0">
    <properties>
      <property name="specId" value="0" />
      <property name="suiteName" value="create-equipment" />
      <property name="capabilities" value="chrome.135_0_7049_115.windows" />
      <property name="file" value="file:///D:/a/1/s/test/specs/R2C/create-equipment.spec.js" />
    </properties>
  </testsuite>
  <testsuite timestamp="2025-05-08T15:41:38" time="4.893" tests="1" failures="1" errors="1" skipped="0">
    <properties>
      <property name="specId" value="0" />
      <property name="suiteName" value="Personnel creation and reference material verification  US120163" />
      <property name="capabilities" value="chrome.135_0_7049_115.windows" />
      <property name="file" value="file:///D:/a/1/s/test/specs/R2C/create-personnel-no-material-reference.spec.js" />
    </properties>
  </testsuite>
  <testsuite timestamp="2025-05-08T15:41:43" time="470.195" tests="5" failures="5" errors="5" skipped="0">
    <properties>
      <property name="specId" value="0" />
      <property name="suiteName" value="Warehouse movements inventory test" />
      <property name="capabilities" value="chrome.135_0_7049_115.windows" />
      <property name="file" value="file:///D:/a/1/s/test/specs/R2C/create-resource.spec.js" />
    </properties>
  </testsuite>
</testsuites>