<?xml version="1.0" encoding="UTF-8"?>
<testsuites tests="18" failures="0" errors="0" skipped="0">
  <testsuite timestamp="2025-05-02T15:18:47" time="75.781" tests="2" failures="0" errors="0" skipped="0">
    <properties>
      <property name="specId" value="0" />
      <property name="suiteName" value="Assign the user test user id to an address" />
      <property name="capabilities" value="chrome.135_0_7049_96.windows" />
      <property name="file" value="file:///D:/a/1/s/test/specs/R2C/assign-user-id-to-an-address.spec.js" />
    </properties>
    <testcase classname="chrome.135_0_7049_96.windows.Assign_the_user_test_user_id_to_an_address" name="Should search for test1ETM create only if not present" time="27.219">
      <system-out><![CDATA[
COMMAND: POST /session/08ab26b8631a6e4e239c2287b57cf254/execute/async - {"script":"<script> [1562 bytes]","args":[{"selector":{"id":"application-addressmanagement-display-component---masterAdm--smartFilterBar-filterItemControl_BASIC-NAME-vhi"},"wdio_ui5_key":"applicationaddressmanagement-display-component---masterAdm--smartFilterBar-filterItemControl_BASIC-NAME-vhi"}]}
RESULT: {"script":"<script> [1562 bytes]","args":[{"selector":{"id":"application-addressmanagement-display-component---masterAdm--smartFilterBar-filterItemControl_BASIC-NAME-vhi"},"wdio_ui5_key":"applicationaddressmanagement-display-component---masterAdm--smartFilterBar-filterItemControl_BASIC-NAME-vhi"}]}
RESULT: undefined
COMMAND: POST /session/08ab26b8631a6e4e239c2287b57cf254/element - {"using":"xpath","value":"//*[@id=\"application-addressmanagement-display-component---masterAdm--smartFilterBar-filterItemControl_BASIC-NAME-vhi\"]"}
RESULT: {"using":"xpath","value":"//*[@id=\"application-addressmanagement-display-component---masterAdm--smartFilterBar-filterItemControl_BASIC-NAME-vhi\"]"}
COMMAND: POST /session/08ab26b8631a6e4e239c2287b57cf254/element/f.150F062B3A02957456735AB987B5EB04.d.88F67583257CC12D48634322D466218A.e.294/click - {}
RESULT: {}
COMMAND: POST /session/08ab26b8631a6e4e239c2287b57cf254/execute/async - {"script":"<script> [1562 bytes]","args":[{"selector":{"controlType":"sap.m.Input","viewName":"etm.portal.ui.addressmanagement.view.Master","viewId":"application-addressmanagement-display-component---masterAdm","properties":{"valueState":"None"},"searchOpenDialogs":true,"interaction":{"idSuffix":"inner"}},"wdio_ui5_key":"etmportal.ui.addressmanagement.view.Mastersap.m.Input{\"valueState\":\"None\"}"}]}
COMMAND: GET /session/08ab26b8631a6e4e239c2287b57cf254/screenshot - {}
RESULT: {"script":"<script> [1562 bytes]","args":[{"selector":{"controlType":"sap.m.Input","viewName":"etm.portal.ui.addressmanagement.view.Master","viewId":"application-addressmanagement-display-component---masterAdm","properties":{"valueState":"None"},"searchOpenDialogs":true,"interaction":{"idSuffix":"inner"}},"wdio_ui5_key":"etmportal.ui.addressmanagement.view.Mastersap.m.Input{\"valueState\":\"None\"}"}]}
RESULT: undefined
COMMAND: POST /session/08ab26b8631a6e4e239c2287b57cf254/execute/async - {"script":"<script> [776 bytes]","args":[{"enterText":"Test1ETM","selector":{"controlType":"sap.m.Input","viewName":"etm.portal.ui.addressmanagement.view.Master","viewId":"application-addressmanagement-display-component---masterAdm","properties":{"valueState":"None"},"searchOpenDialogs":true,"interaction":{"idSuffix":"inner"}},"clearTextFirst":true,"interactionType":"ENTER_TEXT"}]}
RESULT: {}
RESULT: {"script":"<script> [776 bytes]","args":[{"enterText":"Test1ETM","selector":{"controlType":"sap.m.Input","viewName":"etm.portal.ui.addressmanagement.view.Master","viewId":"application-addressmanagement-display-component---masterAdm","properties":{"valueState":"None"},"searchOpenDialogs":true,"interaction":{"idSuffix":"inner"}},"clearTextFirst":true,"interactionType":"ENTER_TEXT"}]}
COMMAND: POST /session/08ab26b8631a6e4e239c2287b57cf254/actions - {"actions":[{"id":"action1","type":"key","parameters":{},"actions":[{"type":"keyDown","value":"î€‡"},{"type":"pause","duration":10},{"type":"keyUp","value":"î€‡"}]}]}
RESULT: {"actions":[{"id":"action1","type":"key","parameters":{},"actions":[{"type":"keyDown","value":"î€‡"},{"type":"pause","duration":10},{"type":"keyUp","value":"î€‡"}]}]}
COMMAND: POST /session/08ab26b8631a6e4e239c2287b57cf254/execute/async - {"script":"<script> [1562 bytes]","args":[{"selector":{"id":"application-addressmanagement-display-component---masterAdm--smartFilterBar-filterItemControl_BASIC-NAME-valueHelpDialog-ok","searchOpenDialogs":true,"interaction":{"idSuffix":"BDI-content"}},"wdio_ui5_key":"applicationaddressmanagement-display-component---masterAdm--smartFilterBar-filterItemControl_BASIC-NAME-valueHelpDialog-ok"}]}
COMMAND: GET /session/08ab26b8631a6e4e239c2287b57cf254/screenshot - {}
RESULT: {"script":"<script> [1562 bytes]","args":[{"selector":{"id":"application-addressmanagement-display-component---masterAdm--smartFilterBar-filterItemControl_BASIC-NAME-valueHelpDialog-ok","searchOpenDialogs":true,"interaction":{"idSuffix":"BDI-content"}},"wdio_ui5_key":"applicationaddressmanagement-display-component---masterAdm--smartFilterBar-filterItemControl_BASIC-NAME-valueHelpDialog-ok"}]}
RESULT: undefined
COMMAND: POST /session/08ab26b8631a6e4e239c2287b57cf254/element - {"using":"xpath","value":"//*[@id=\"application-addressmanagement-display-component---masterAdm--smartFilterBar-filterItemControl_BASIC-NAME-valueHelpDialog-ok\"]"}
RESULT: {}
RESULT: {"using":"xpath","value":"//*[@id=\"application-addressmanagement-display-component---masterAdm--smartFilterBar-filterItemControl_BASIC-NAME-valueHelpDialog-ok\"]"}
COMMAND: POST /session/08ab26b8631a6e4e239c2287b57cf254/element/f.150F062B3A02957456735AB987B5EB04.d.88F67583257CC12D48634322D466218A.e.303/click - {}
RESULT: {}
COMMAND: GET /session/08ab26b8631a6e4e239c2287b57cf254/screenshot - {}
RESULT: {}
COMMAND: POST /session/08ab26b8631a6e4e239c2287b57cf254/element - {"using":"xpath","value":"(//span[text()=\"Active\"])[1]"}
RESULT: {"using":"xpath","value":"(//span[text()=\"Active\"])[1]"}
COMMAND: POST /session/08ab26b8631a6e4e239c2287b57cf254/elements - {"using":"xpath","value":"(//span[text()=\"Active\"])[1]"}
RESULT: {"using":"xpath","value":"(//span[text()=\"Active\"])[1]"}
COMMAND: POST /session/08ab26b8631a6e4e239c2287b57cf254/execute/sync - {"script":"<script> [8489 bytes]","args":[{"element-6066-11e4-a52e-4f735466cecf":"f.150F062B3A02957456735AB987B5EB04.d.88F67583257CC12D48634322D466218A.e.317","ELEMENT":"f.150F062B3A02957456735AB987B5EB04.d.88F67583257CC12D48634322D466218A.e.317"}]}
RESULT: {"script":"<script> [8489 bytes]","args":[{"element-6066-11e4-a52e-4f735466cecf":"f.150F062B3A02957456735AB987B5EB04.d.88F67583257CC12D48634322D466218A.e.317","ELEMENT":"f.150F062B3A02957456735AB987B5EB04.d.88F67583257CC12D48634322D466218A.e.317"}]}
COMMAND: POST /session/08ab26b8631a6e4e239c2287b57cf254/execute/sync - {"script":"<script> [5351 bytes]","args":[{"element-6066-11e4-a52e-4f735466cecf":"f.150F062B3A02957456735AB987B5EB04.d.88F67583257CC12D48634322D466218A.e.317","ELEMENT":"f.150F062B3A02957456735AB987B5EB04.d.88F67583257CC12D48634322D466218A.e.317"}]}
COMMAND: GET /session/08ab26b8631a6e4e239c2287b57cf254/screenshot - {}
RESULT: {"script":"<script> [5351 bytes]","args":[{"element-6066-11e4-a52e-4f735466cecf":"f.150F062B3A02957456735AB987B5EB04.d.88F67583257CC12D48634322D466218A.e.317","ELEMENT":"f.150F062B3A02957456735AB987B5EB04.d.88F67583257CC12D48634322D466218A.e.317"}]}
COMMAND: POST /session/08ab26b8631a6e4e239c2287b57cf254/element/f.150F062B3A02957456735AB987B5EB04.d.88F67583257CC12D48634322D466218A.e.317/click - {}
COMMAND: GET /session/08ab26b8631a6e4e239c2287b57cf254/screenshot - {}
RESULT: {}
RESULT: {}
COMMAND: POST /session/08ab26b8631a6e4e239c2287b57cf254/element - {"using":"xpath","value":"//span[@id=\"application-addressmanagement-display-component---detailAdm--addressDetailDetailsName1\"]"}
COMMAND: GET /session/08ab26b8631a6e4e239c2287b57cf254/screenshot - {}
RESULT: {}
RESULT: {"using":"xpath","value":"//span[@id=\"application-addressmanagement-display-component---detailAdm--addressDetailDetailsName1\"]"}
COMMAND: POST /session/08ab26b8631a6e4e239c2287b57cf254/execute/sync - {"script":"<script> [8489 bytes]","args":[{"element-6066-11e4-a52e-4f735466cecf":"f.150F062B3A02957456735AB987B5EB04.d.88F67583257CC12D48634322D466218A.e.397","ELEMENT":"f.150F062B3A02957456735AB987B5EB04.d.88F67583257CC12D48634322D466218A.e.397"}]}
RESULT: {}
RESULT: {"script":"<script> [8489 bytes]","args":[{"element-6066-11e4-a52e-4f735466cecf":"f.150F062B3A02957456735AB987B5EB04.d.88F67583257CC12D48634322D466218A.e.397","ELEMENT":"f.150F062B3A02957456735AB987B5EB04.d.88F67583257CC12D48634322D466218A.e.397"}]}
]]></system-out>
    </testcase>
    <testcase classname="chrome.135_0_7049_96.windows.Assign_the_user_test_user_id_to_an_address" name="Should edit the title of the created found address" time="14.162">
      <system-out><![CDATA[
COMMAND: POST /session/08ab26b8631a6e4e239c2287b57cf254/execute/async - {"script":"<script> [1562 bytes]","args":[{"selector":{"controlType":"sap.m.Button","viewName":"etm.portal.ui.addressmanagement.view.Detail","viewId":"application-addressmanagement-display-component---detailAdm","i18NText":{"propertyName":"text","key":"edit"}},"wdio_ui5_key":"etmportal.ui.addressmanagement.view.Detailsap.m.Button{\"propertyName\":\"text\",\"key\":\"edit\"}"}]}
COMMAND: GET /session/08ab26b8631a6e4e239c2287b57cf254/screenshot - {}
RESULT: {"script":"<script> [1562 bytes]","args":[{"selector":{"controlType":"sap.m.Button","viewName":"etm.portal.ui.addressmanagement.view.Detail","viewId":"application-addressmanagement-display-component---detailAdm","i18NText":{"propertyName":"text","key":"edit"}},"wdio_ui5_key":"etmportal.ui.addressmanagement.view.Detailsap.m.Button{\"propertyName\":\"text\",\"key\":\"edit\"}"}]}
RESULT: undefined
COMMAND: POST /session/08ab26b8631a6e4e239c2287b57cf254/element - {"using":"xpath","value":"//*[@id=\"__button16\"]"}
RESULT: {}
RESULT: {"using":"xpath","value":"//*[@id=\"__button16\"]"}
COMMAND: POST /session/08ab26b8631a6e4e239c2287b57cf254/element/f.150F062B3A02957456735AB987B5EB04.d.88F67583257CC12D48634322D466218A.e.404/click - {}
RESULT: {}
COMMAND: POST /session/08ab26b8631a6e4e239c2287b57cf254/execute/async - {"script":"<script> [1562 bytes]","args":[{"selector":{"controlType":"sap.ui.core.Icon","viewName":"etm.portal.ui.addressmanagement.view.EditDetail","properties":{"src":{"regex":{"source":"slim\\-arrow\\-down"}}},"ancestor":{"id":"addressTitle","viewName":"etm.portal.ui.addressmanagement.view.EditDetail"}},"wdio_ui5_key":"etmportal.ui.addressmanagement.view.EditDetailsap.ui.core.Icon{\"src\":{\"regex\":{\"source\":\"slim\\\\-arrow\\\\-down\"}}}{\"id\":\"addressTitle\",\"viewName\":\"etm.portal.ui.addressmanagement.view.EditDetail\"}"}]}
COMMAND: GET /session/08ab26b8631a6e4e239c2287b57cf254/screenshot - {}
RESULT: {"script":"<script> [1562 bytes]","args":[{"selector":{"controlType":"sap.ui.core.Icon","viewName":"etm.portal.ui.addressmanagement.view.EditDetail","properties":{"src":{"regex":{"source":"slim\\-arrow\\-down"}}},"ancestor":{"id":"addressTitle","viewName":"etm.portal.ui.addressmanagement.view.EditDetail"}},"wdio_ui5_key":"etmportal.ui.addressmanagement.view.EditDetailsap.ui.core.Icon{\"src\":{\"regex\":{\"source\":\"slim\\\\-arrow\\\\-down\"}}}{\"id\":\"addressTitle\",\"viewName\":\"etm.portal.ui.addressmanagement.view.EditDetail\"}"}]}
RESULT: undefined
COMMAND: POST /session/08ab26b8631a6e4e239c2287b57cf254/element - {"using":"xpath","value":"//*[@id=\"__xmlview58--addressTitle-arrow\"]"}
RESULT: {}
RESULT: {"using":"xpath","value":"//*[@id=\"__xmlview58--addressTitle-arrow\"]"}
COMMAND: POST /session/08ab26b8631a6e4e239c2287b57cf254/element/f.150F062B3A02957456735AB987B5EB04.d.88F67583257CC12D48634322D466218A.e.456/click - {}
RESULT: {}
COMMAND: POST /session/08ab26b8631a6e4e239c2287b57cf254/execute/async - {"script":"<script> [1562 bytes]","args":[{"selector":{"controlType":"sap.m.StandardListItem","viewName":"etm.portal.ui.addressmanagement.view.EditDetail","properties":{"title":"Dr."},"searchOpenDialogs":true},"wdio_ui5_key":"etmportal.ui.addressmanagement.view.EditDetailsap.m.StandardListItem{\"title\":\"Dr.\"}"}]}
COMMAND: GET /session/08ab26b8631a6e4e239c2287b57cf254/screenshot - {}
RESULT: {"script":"<script> [1562 bytes]","args":[{"selector":{"controlType":"sap.m.StandardListItem","viewName":"etm.portal.ui.addressmanagement.view.EditDetail","properties":{"title":"Dr."},"searchOpenDialogs":true},"wdio_ui5_key":"etmportal.ui.addressmanagement.view.EditDetailsap.m.StandardListItem{\"title\":\"Dr.\"}"}]}
RESULT: undefined
COMMAND: POST /session/08ab26b8631a6e4e239c2287b57cf254/element - {"using":"xpath","value":"//*[@id=\"__item233\"]"}
RESULT: {}
RESULT: {"using":"xpath","value":"//*[@id=\"__item233\"]"}
COMMAND: POST /session/08ab26b8631a6e4e239c2287b57cf254/element/f.150F062B3A02957456735AB987B5EB04.d.88F67583257CC12D48634322D466218A.e.458/click - {}
RESULT: {}
COMMAND: POST /session/08ab26b8631a6e4e239c2287b57cf254/execute/async - {"script":"<script> [1562 bytes]","args":[{"selector":{"controlType":"sap.m.Button","viewName":"etm.portal.ui.addressmanagement.view.EditDetail","i18NText":{"propertyName":"text","key":"save"}},"wdio_ui5_key":"etmportal.ui.addressmanagement.view.EditDetailsap.m.Button{\"propertyName\":\"text\",\"key\":\"save\"}"}]}
COMMAND: GET /session/08ab26b8631a6e4e239c2287b57cf254/screenshot - {}
RESULT: {"script":"<script> [1562 bytes]","args":[{"selector":{"controlType":"sap.m.Button","viewName":"etm.portal.ui.addressmanagement.view.EditDetail","i18NText":{"propertyName":"text","key":"save"}},"wdio_ui5_key":"etmportal.ui.addressmanagement.view.EditDetailsap.m.Button{\"propertyName\":\"text\",\"key\":\"save\"}"}]}
RESULT: undefined
COMMAND: POST /session/08ab26b8631a6e4e239c2287b57cf254/element - {"using":"xpath","value":"//*[@id=\"__button39\"]"}
RESULT: {}
RESULT: {"using":"xpath","value":"//*[@id=\"__button39\"]"}
COMMAND: POST /session/08ab26b8631a6e4e239c2287b57cf254/element/f.150F062B3A02957456735AB987B5EB04.d.88F67583257CC12D48634322D466218A.e.459/click - {}
RESULT: {}
COMMAND: GET /session/08ab26b8631a6e4e239c2287b57cf254/screenshot - {}
RESULT: {}
COMMAND: POST /session/08ab26b8631a6e4e239c2287b57cf254/element - {"using":"xpath","value":"//span[@id=\"application-addressmanagement-display-component---detailAdm--addressTitle\"]"}
RESULT: {"using":"xpath","value":"//span[@id=\"application-addressmanagement-display-component---detailAdm--addressTitle\"]"}
COMMAND: GET /session/08ab26b8631a6e4e239c2287b57cf254/element/f.150F062B3A02957456735AB987B5EB04.d.88F67583257CC12D48634322D466218A.e.470/text - {}
RESULT: {}
COMMAND: POST /session/08ab26b8631a6e4e239c2287b57cf254/element - {"using":"xpath","value":"//span[@id=\"application-addressmanagement-display-component---detailAdm--addressDetailDetailsName1\"]"}
RESULT: {"using":"xpath","value":"//span[@id=\"application-addressmanagement-display-component---detailAdm--addressDetailDetailsName1\"]"}
COMMAND: GET /session/08ab26b8631a6e4e239c2287b57cf254/element/f.150F062B3A02957456735AB987B5EB04.d.88F67583257CC12D48634322D466218A.e.397/text - {}
RESULT: {}
COMMAND: POST /session/08ab26b8631a6e4e239c2287b57cf254/refresh - {}
RESULT: {}
COMMAND: GET /session/08ab26b8631a6e4e239c2287b57cf254/screenshot - {}
RESULT: {}
COMMAND: POST /session/08ab26b8631a6e4e239c2287b57cf254/refresh - {}
RESULT: {}
COMMAND: GET /session/08ab26b8631a6e4e239c2287b57cf254/screenshot - {}
RESULT: {}
COMMAND: POST /session/08ab26b8631a6e4e239c2287b57cf254/window/fullscreen - {}
RESULT: {}
COMMAND: POST /session/08ab26b8631a6e4e239c2287b57cf254/execute/async - {"script":"<script> [189 bytes]","args":[]}
RESULT: {"script":"<script> [189 bytes]","args":[]}
COMMAND: POST /session/08ab26b8631a6e4e239c2287b57cf254/execute/async - {"script":"<script> [123 bytes]","args":[]}
RESULT: {"script":"<script> [123 bytes]","args":[]}
COMMAND: POST /session/08ab26b8631a6e4e239c2287b57cf254/timeouts - {"script":"<number>"}
RESULT: {"script":"<number>"}
COMMAND: GET /session/08ab26b8631a6e4e239c2287b57cf254/timeouts - {}
RESULT: {}
RESULT: undefined
COMMAND: POST /session/08ab26b8631a6e4e239c2287b57cf254/execute/async - {"script":"<script> [2676 bytes]","args":[]}
RESULT: {"script":"<script> [2676 bytes]","args":[]}
COMMAND: POST /session/08ab26b8631a6e4e239c2287b57cf254/execute/async - {"script":"<script> [2342 bytes]","args":[{"protocol":"http","hostname":"0.0.0.0","path":"/","capabilities":{"browserName":"chrome","goog:chromeOptions":{"binary":"C:\\Program Files\\Google\\Chrome\\Application\\chrome.exe","args":["--start-maximized"]}},"logLevel":"warn","connectionRetryTimeout":120000,"connectionRetryCount":3,"logLevels":{},"enableDirectConnect":true,"strictSSL":true,"_":"65 more keys: [\"cacheDir\",\"port\",\"requestedCapabilities\",\"automationProtocol\",\"baseUrl\",\"waitforInterval\",\"waitforTimeout\",\"onReload\",\"beforeCommand\",\"afterCommand\",\"rootDir\",\"specs\",\"suites\",\"exclude\",\"groupLogsByTestSpec\",\"excludeDriverLogs\",\"bail\",\"framework\",\"reporters\",\"services\",\"maxInstances\",\"maxInstancesPerCapability\",\"injectGlobals\",\"filesToWatch\",\"execArgv\",\"runnerEnv\",\"runner\",\"shard\",\"specFileRetries\",\"specFileRetriesDelay\",\"specFileRetriesDeferred\",\"reporterSyncInterval\",\"reporterSyncTimeout\",\"cucumberFeaturesWithLineNumbers\",\"autoCompileOpts\",\"mochaOpts\",\"jasmineOpts\",\"cucumberOpts\",\"onPrepare\",\"onWorkerStart\",\"onWorkerEnd\",\"before\",\"beforeSession\",\"beforeSuite\",\"beforeHook\",\"beforeTest\",\"afterTest\",\"afterHook\",\"afterSuite\",\"afterSession\",\"after\",\"onComplete\",\"beforeAssertion\",\"afterAssertion\",\"beforeFeature\",\"beforeScenario\",\"beforeStep\",\"afterStep\",\"afterScenario\",\"afterFeature\",\"_\",\"suite\",\"$0\",\"ignoredWorkerServices\",\"wdi5\"]"}]}
RESULT: {"script":"<script> [2342 bytes]","args":[{"protocol":"http","hostname":"0.0.0.0","path":"/","capabilities":{"browserName":"chrome","goog:chromeOptions":{"binary":"C:\\Program Files\\Google\\Chrome\\Application\\chrome.exe","args":["--start-maximized"]}},"logLevel":"warn","connectionRetryTimeout":120000,"connectionRetryCount":3,"logLevels":{},"enableDirectConnect":true,"strictSSL":true,"_":"65 more keys: [\"cacheDir\",\"port\",\"requestedCapabilities\",\"automationProtocol\",\"baseUrl\",\"waitforInterval\",\"waitforTimeout\",\"onReload\",\"beforeCommand\",\"afterCommand\",\"rootDir\",\"specs\",\"suites\",\"exclude\",\"groupLogsByTestSpec\",\"excludeDriverLogs\",\"bail\",\"framework\",\"reporters\",\"services\",\"maxInstances\",\"maxInstancesPerCapability\",\"injectGlobals\",\"filesToWatch\",\"execArgv\",\"runnerEnv\",\"runner\",\"shard\",\"specFileRetries\",\"specFileRetriesDelay\",\"specFileRetriesDeferred\",\"reporterSyncInterval\",\"reporterSyncTimeout\",\"cucumberFeaturesWithLineNumbers\",\"autoCompileOpts\",\"mochaOpts\",\"jasmineOpts\",\"cucumberOpts\",\"onPrepare\",\"onWorkerStart\",\"onWorkerEnd\",\"before\",\"beforeSession\",\"beforeSuite\",\"beforeHook\",\"beforeTest\",\"afterTest\",\"afterHook\",\"afterSuite\",\"afterSession\",\"after\",\"onComplete\",\"beforeAssertion\",\"afterAssertion\",\"beforeFeature\",\"beforeScenario\",\"beforeStep\",\"afterStep\",\"afterScenario\",\"afterFeature\",\"_\",\"suite\",\"$0\",\"ignoredWorkerServices\",\"wdi5\"]"}]}
COMMAND: POST /session/08ab26b8631a6e4e239c2287b57cf254/execute/async - {"script":"<script> [21126 bytes]","args":[35000]}
RESULT: {"script":"<script> [21126 bytes]","args":[35000]}
COMMAND: POST /session/08ab26b8631a6e4e239c2287b57cf254/element - {"using":"css selector","value":"#shell-header-logo"}
RESULT: {"using":"css selector","value":"#shell-header-logo"}
COMMAND: POST /session/08ab26b8631a6e4e239c2287b57cf254/element/f.150F062B3A02957456735AB987B5EB04.d.E1BACA1E75C5EE2118774A2A838BC2F8.e.483/click - {}
RESULT: {}
COMMAND: GET /session/08ab26b8631a6e4e239c2287b57cf254/screenshot - {}
RESULT: {}
COMMAND: POST /session/08ab26b8631a6e4e239c2287b57cf254/execute/async - {"script":"<script> [1562 bytes]","args":[{"selector":{"controlType":"sap.m.GenericTile","properties":{"header":"Manage Yards"}},"wdio_ui5_key":"sapm.GenericTile{\"header\":\"Manage Yards\"}"}]}
RESULT: {"script":"<script> [1562 bytes]","args":[{"selector":{"controlType":"sap.m.GenericTile","properties":{"header":"Manage Yards"}},"wdio_ui5_key":"sapm.GenericTile{\"header\":\"Manage Yards\"}"}]}
RESULT: undefined
COMMAND: POST /session/08ab26b8631a6e4e239c2287b57cf254/element - {"using":"xpath","value":"//*[@id=\"__tile52\"]"}
RESULT: {"using":"xpath","value":"//*[@id=\"__tile52\"]"}
COMMAND: POST /session/08ab26b8631a6e4e239c2287b57cf254/element/f.150F062B3A02957456735AB987B5EB04.d.E1BACA1E75C5EE2118774A2A838BC2F8.e.771/click - {}
RESULT: {}
]]></system-out>
    </testcase>
  </testsuite>
  <testsuite timestamp="2025-05-02T15:20:03" time="285.431" tests="2" failures="0" errors="0" skipped="0">
    <properties>
      <property name="specId" value="0" />
      <property name="suiteName" value="Create 2 Yards US112496" />
      <property name="capabilities" value="chrome.135_0_7049_96.windows" />
      <property name="file" value="file:///D:/a/1/s/test/specs/R2C/create-yard.spec.js" />
    </properties>
    <testcase classname="chrome.135_0_7049_96.windows.Create_2_Yards_US112496" name="Should create a new simple yard" time="142.71">
      <system-out><![CDATA[
COMMAND: GET /session/08ab26b8631a6e4e239c2287b57cf254/screenshot - {}
RESULT: {}
COMMAND: POST /session/08ab26b8631a6e4e239c2287b57cf254/execute/async - {"script":"<script> [1562 bytes]","args":[{"selector":{"controlType":"sap.ui.core.Icon","viewName":"etm.portal.ui.manageyards.view.Master","viewId":"application-manageyards-display-component---masterYard","properties":{"src":{"regex":{"source":"add"}}}},"wdio_ui5_key":"etmportal.ui.manageyards.view.Mastersap.ui.core.Icon{\"src\":{\"regex\":{\"source\":\"add\"}}}"}]}
RESULT: {"script":"<script> [1562 bytes]","args":[{"selector":{"controlType":"sap.ui.core.Icon","viewName":"etm.portal.ui.manageyards.view.Master","viewId":"application-manageyards-display-component---masterYard","properties":{"src":{"regex":{"source":"add"}}}},"wdio_ui5_key":"etmportal.ui.manageyards.view.Mastersap.ui.core.Icon{\"src\":{\"regex\":{\"source\":\"add\"}}}"}]}
RESULT: undefined
COMMAND: POST /session/08ab26b8631a6e4e239c2287b57cf254/element - {"using":"xpath","value":"//*[@id=\"__button25-img\"]"}
RESULT: {"using":"xpath","value":"//*[@id=\"__button25-img\"]"}
COMMAND: POST /session/08ab26b8631a6e4e239c2287b57cf254/element/f.150F062B3A02957456735AB987B5EB04.d.E1BACA1E75C5EE2118774A2A838BC2F8.e.914/click - {}
RESULT: {}
COMMAND: GET /session/08ab26b8631a6e4e239c2287b57cf254/screenshot - {}
RESULT: {}
COMMAND: POST /session/08ab26b8631a6e4e239c2287b57cf254/execute/async - {"script":"<script> [1562 bytes]","args":[{"selector":{"id":"application-manageyards-display-component---NewYard--yardId","interaction":{"idSuffix":"inner"}},"wdio_ui5_key":"applicationmanageyards-display-component---NewYard--yardId"}]}
RESULT: {"script":"<script> [1562 bytes]","args":[{"selector":{"id":"application-manageyards-display-component---NewYard--yardId","interaction":{"idSuffix":"inner"}},"wdio_ui5_key":"applicationmanageyards-display-component---NewYard--yardId"}]}
RESULT: undefined
COMMAND: POST /session/08ab26b8631a6e4e239c2287b57cf254/element - {"using":"xpath","value":"//*[@id=\"application-manageyards-display-component---NewYard--addressDetailDetailsName1-inner\"]"}
RESULT: {"using":"xpath","value":"//*[@id=\"application-manageyards-display-component---NewYard--addressDetailDetailsName1-inner\"]"}
COMMAND: POST /session/08ab26b8631a6e4e239c2287b57cf254/element/f.150F062B3A02957456735AB987B5EB04.d.E1BACA1E75C5EE2118774A2A838BC2F8.e.1041/clear - {}
RESULT: {}
COMMAND: POST /session/08ab26b8631a6e4e239c2287b57cf254/element/f.150F062B3A02957456735AB987B5EB04.d.E1BACA1E75C5EE2118774A2A838BC2F8.e.1041/value - {"text":"Webdriver Yard zzw7o"}
COMMAND: GET /session/08ab26b8631a6e4e239c2287b57cf254/screenshot - {}
RESULT: {"text":"Webdriver Yard zzw7o"}
COMMAND: POST /session/08ab26b8631a6e4e239c2287b57cf254/element - {"using":"xpath","value":"//*[@id=\"application-manageyards-display-component---NewYard--addressDetailDetailsLanguage-inner\"]"}
COMMAND: GET /session/08ab26b8631a6e4e239c2287b57cf254/screenshot - {}
RESULT: {}
RESULT: {"using":"xpath","value":"//*[@id=\"application-manageyards-display-component---NewYard--addressDetailDetailsLanguage-inner\"]"}
COMMAND: POST /session/08ab26b8631a6e4e239c2287b57cf254/element/f.150F062B3A02957456735AB987B5EB04.d.E1BACA1E75C5EE2118774A2A838BC2F8.e.1042/clear - {}
RESULT: {}
RESULT: {}
COMMAND: POST /session/08ab26b8631a6e4e239c2287b57cf254/element/f.150F062B3A02957456735AB987B5EB04.d.E1BACA1E75C5EE2118774A2A838BC2F8.e.1042/value - {"text":"Romanian"}
COMMAND: GET /session/08ab26b8631a6e4e239c2287b57cf254/screenshot - {}
RESULT: {"text":"Romanian"}
COMMAND: GET /session/08ab26b8631a6e4e239c2287b57cf254/screenshot - {}
RESULT: {}
RESULT: {}
COMMAND: POST /session/08ab26b8631a6e4e239c2287b57cf254/element - {"using":"xpath","value":"//*[@id=\"application-manageyards-display-component---NewYard--addressDetailDetailsCity1-inner\"]"}
RESULT: {"using":"xpath","value":"//*[@id=\"application-manageyards-display-component---NewYard--addressDetailDetailsCity1-inner\"]"}
COMMAND: POST /session/08ab26b8631a6e4e239c2287b57cf254/element/f.150F062B3A02957456735AB987B5EB04.d.E1BACA1E75C5EE2118774A2A838BC2F8.e.1044/clear - {}
RESULT: {}
COMMAND: POST /session/08ab26b8631a6e4e239c2287b57cf254/element/f.150F062B3A02957456735AB987B5EB04.d.E1BACA1E75C5EE2118774A2A838BC2F8.e.1044/value - {"text":"Bucuresti"}
COMMAND: GET /session/08ab26b8631a6e4e239c2287b57cf254/screenshot - {}
RESULT: {"text":"Bucuresti"}
COMMAND: GET /session/08ab26b8631a6e4e239c2287b57cf254/screenshot - {}
RESULT: {}
RESULT: {}
COMMAND: POST /session/08ab26b8631a6e4e239c2287b57cf254/element - {"using":"xpath","value":"//*[@id=\"application-manageyards-display-component---NewYard--addressDetailDetailsCountry-inner\"]"}
RESULT: {"using":"xpath","value":"//*[@id=\"application-manageyards-display-component---NewYard--addressDetailDetailsCountry-inner\"]"}
COMMAND: POST /session/08ab26b8631a6e4e239c2287b57cf254/element/f.150F062B3A02957456735AB987B5EB04.d.E1BACA1E75C5EE2118774A2A838BC2F8.e.1048/clear - {}
RESULT: {}
COMMAND: POST /session/08ab26b8631a6e4e239c2287b57cf254/element/f.150F062B3A02957456735AB987B5EB04.d.E1BACA1E75C5EE2118774A2A838BC2F8.e.1048/value - {"text":"Romania"}
COMMAND: GET /session/08ab26b8631a6e4e239c2287b57cf254/screenshot - {}
RESULT: {"text":"Romania"}
COMMAND: GET /session/08ab26b8631a6e4e239c2287b57cf254/screenshot - {}
RESULT: {}
RESULT: {}
COMMAND: POST /session/08ab26b8631a6e4e239c2287b57cf254/element - {"using":"xpath","value":"//div[contains(text(), \"Commercial\")]"}
RESULT: {"using":"xpath","value":"//div[contains(text(), \"Commercial\")]"}
COMMAND: GET /session/08ab26b8631a6e4e239c2287b57cf254/element/f.150F062B3A02957456735AB987B5EB04.d.E1BACA1E75C5EE2118774A2A838BC2F8.e.1239/rect - {}
RESULT: {}
COMMAND: GET /session/08ab26b8631a6e4e239c2287b57cf254/window/rect - {}
RESULT: {}
COMMAND: POST /session/08ab26b8631a6e4e239c2287b57cf254/execute/sync - {"script":"<script> [92 bytes]","args":[]}
RESULT: {"script":"<script> [92 bytes]","args":[]}
COMMAND: POST /session/08ab26b8631a6e4e239c2287b57cf254/actions - {"actions":[{"id":"action2","type":"wheel","parameters":{},"actions":[{"type":"scroll","x":-1825,"y":-44,"deltaX":0,"deltaY":0,"duration":0,"origin":{"element-6066-11e4-a52e-4f735466cecf":"f.150F062B3A02957456735AB987B5EB04.d.E1BACA1E75C5EE2118774A2A838BC2F8.e.1239"}}]}]}
COMMAND: GET /session/08ab26b8631a6e4e239c2287b57cf254/screenshot - {}
RESULT: {}
COMMAND: POST /session/08ab26b8631a6e4e239c2287b57cf254/execute/sync - {"script":"<script> [79 bytes]","args":[{"element-6066-11e4-a52e-4f735466cecf":"f.150F062B3A02957456735AB987B5EB04.d.E1BACA1E75C5EE2118774A2A838BC2F8.e.1239","ELEMENT":"f.150F062B3A02957456735AB987B5EB04.d.E1BACA1E75C5EE2118774A2A838BC2F8.e.1239"},{"block":"start","inline":"nearest"}]}
RESULT: {"script":"<script> [79 bytes]","args":[{"element-6066-11e4-a52e-4f735466cecf":"f.150F062B3A02957456735AB987B5EB04.d.E1BACA1E75C5EE2118774A2A838BC2F8.e.1239","ELEMENT":"f.150F062B3A02957456735AB987B5EB04.d.E1BACA1E75C5EE2118774A2A838BC2F8.e.1239"},{"block":"start","inline":"nearest"}]}
COMMAND: GET /session/08ab26b8631a6e4e239c2287b57cf254/screenshot - {}
RESULT: {}
COMMAND: POST /session/08ab26b8631a6e4e239c2287b57cf254/element - {"using":"xpath","value":"//input[@id='application-manageyards-display-component---NewYard--addressEditDetailsCostObjectCstType-inner']"}
RESULT: {"using":"xpath","value":"//input[@id='application-manageyards-display-component---NewYard--addressEditDetailsCostObjectCstType-inner']"}
COMMAND: POST /session/08ab26b8631a6e4e239c2287b57cf254/execute/sync - {"script":"<script> [8489 bytes]","args":[{"element-6066-11e4-a52e-4f735466cecf":"f.150F062B3A02957456735AB987B5EB04.d.E1BACA1E75C5EE2118774A2A838BC2F8.e.1054","ELEMENT":"f.150F062B3A02957456735AB987B5EB04.d.E1BACA1E75C5EE2118774A2A838BC2F8.e.1054"}]}
RESULT: {"script":"<script> [8489 bytes]","args":[{"element-6066-11e4-a52e-4f735466cecf":"f.150F062B3A02957456735AB987B5EB04.d.E1BACA1E75C5EE2118774A2A838BC2F8.e.1054","ELEMENT":"f.150F062B3A02957456735AB987B5EB04.d.E1BACA1E75C5EE2118774A2A838BC2F8.e.1054"}]}
COMMAND: POST /session/08ab26b8631a6e4e239c2287b57cf254/element/f.150F062B3A02957456735AB987B5EB04.d.E1BACA1E75C5EE2118774A2A838BC2F8.e.1054/clear - {}
COMMAND: GET /session/08ab26b8631a6e4e239c2287b57cf254/screenshot - {}
RESULT: {}
RESULT: {}
COMMAND: POST /session/08ab26b8631a6e4e239c2287b57cf254/element/f.150F062B3A02957456735AB987B5EB04.d.E1BACA1E75C5EE2118774A2A838BC2F8.e.1054/value - {"text":"Cost"}
COMMAND: GET /session/08ab26b8631a6e4e239c2287b57cf254/screenshot - {}
RESULT: {"text":"Cost"}
COMMAND: GET /session/08ab26b8631a6e4e239c2287b57cf254/screenshot - {}
RESULT: {}
RESULT: {}
COMMAND: POST /session/08ab26b8631a6e4e239c2287b57cf254/execute/async - {"script":"<script> [1562 bytes]","args":[{"selector":{"id":"application-manageyards-display-component---NewYard--addressNewCostObjectCstID","interaction":{"idSuffix":"inner"}},"wdio_ui5_key":"applicationmanageyards-display-component---NewYard--addressNewCostObjectCstID"}]}
RESULT: {"script":"<script> [1562 bytes]","args":[{"selector":{"id":"application-manageyards-display-component---NewYard--addressNewCostObjectCstID","interaction":{"idSuffix":"inner"}},"wdio_ui5_key":"applicationmanageyards-display-component---NewYard--addressNewCostObjectCstID"}]}
RESULT: undefined
COMMAND: POST /session/08ab26b8631a6e4e239c2287b57cf254/execute/async - {"script":"<script> [776 bytes]","args":[{"enterText":"10001013","selector":{"id":"application-manageyards-display-component---NewYard--addressNewCostObjectCstID","interaction":{"idSuffix":"inner"}},"clearTextFirst":true,"interactionType":"ENTER_TEXT"}]}
RESULT: {"script":"<script> [776 bytes]","args":[{"enterText":"10001013","selector":{"id":"application-manageyards-display-component---NewYard--addressNewCostObjectCstID","interaction":{"idSuffix":"inner"}},"clearTextFirst":true,"interactionType":"ENTER_TEXT"}]}
COMMAND: POST /session/08ab26b8631a6e4e239c2287b57cf254/actions - {"actions":[{"id":"action3","type":"key","parameters":{},"actions":[{"type":"keyDown","value":"î€‡"},{"type":"pause","duration":10},{"type":"keyUp","value":"î€‡"}]}]}
RESULT: {"actions":[{"id":"action3","type":"key","parameters":{},"actions":[{"type":"keyDown","value":"î€‡"},{"type":"pause","duration":10},{"type":"keyUp","value":"î€‡"}]}]}
COMMAND: GET /session/08ab26b8631a6e4e239c2287b57cf254/screenshot - {}
RESULT: {}
COMMAND: POST /session/08ab26b8631a6e4e239c2287b57cf254/execute/async - {"script":"<script> [1562 bytes]","args":[{"selector":{"controlType":"sap.m.Button","viewName":"etm.portal.ui.manageyards.view.New","viewId":"application-manageyards-display-component---NewYard","i18NText":{"propertyName":"text","key":"save"},"interaction":{"idSuffix":"inner"}},"wdio_ui5_key":"etmportal.ui.manageyards.view.Newsap.m.Button{\"propertyName\":\"text\",\"key\":\"save\"}"}]}
RESULT: {"script":"<script> [1562 bytes]","args":[{"selector":{"controlType":"sap.m.Button","viewName":"etm.portal.ui.manageyards.view.New","viewId":"application-manageyards-display-component---NewYard","i18NText":{"propertyName":"text","key":"save"},"interaction":{"idSuffix":"inner"}},"wdio_ui5_key":"etmportal.ui.manageyards.view.Newsap.m.Button{\"propertyName\":\"text\",\"key\":\"save\"}"}]}
RESULT: undefined
COMMAND: POST /session/08ab26b8631a6e4e239c2287b57cf254/element - {"using":"xpath","value":"//*[@id=\"__button39\"]"}
RESULT: {"using":"xpath","value":"//*[@id=\"__button39\"]"}
COMMAND: POST /session/08ab26b8631a6e4e239c2287b57cf254/element/f.150F062B3A02957456735AB987B5EB04.d.E1BACA1E75C5EE2118774A2A838BC2F8.e.1219/click - {}
RESULT: {}
COMMAND: GET /session/08ab26b8631a6e4e239c2287b57cf254/screenshot - {}
RESULT: {}
COMMAND: POST /session/08ab26b8631a6e4e239c2287b57cf254/element - {"using":"xpath","value":"//header/div/div/div/div/div/div[2]/div/span"}
RESULT: {"using":"xpath","value":"//header/div/div/div/div/div/div[2]/div/span"}
COMMAND: GET /session/08ab26b8631a6e4e239c2287b57cf254/element/f.150F062B3A02957456735AB987B5EB04.d.E1BACA1E75C5EE2118774A2A838BC2F8.e.1460/text - {}
RESULT: {}
COMMAND: POST /session/08ab26b8631a6e4e239c2287b57cf254/element - {"using":"xpath","value":"//header/div/div[2]/div[2]/span"}
RESULT: {"using":"xpath","value":"//header/div/div[2]/div[2]/span"}
COMMAND: GET /session/08ab26b8631a6e4e239c2287b57cf254/element/f.150F062B3A02957456735AB987B5EB04.d.E1BACA1E75C5EE2118774A2A838BC2F8.e.1461/text - {}
RESULT: {}
COMMAND: POST /session/08ab26b8631a6e4e239c2287b57cf254/execute/async - {"script":"<script> [1562 bytes]","args":[{"selector":{"controlType":"sap.m.OverflowToolbarButton","viewName":"etm.portal.ui.manageyards.view.Detail","viewId":"application-manageyards-display-component---detailYard","i18NText":{"propertyName":"tooltip","key":"closeColumn"},"interaction":{"idSuffix":"inner"}},"wdio_ui5_key":"etmportal.ui.manageyards.view.Detailsap.m.OverflowToolbarButton{\"propertyName\":\"tooltip\",\"key\":\"closeColumn\"}"}]}
RESULT: {"script":"<script> [1562 bytes]","args":[{"selector":{"controlType":"sap.m.OverflowToolbarButton","viewName":"etm.portal.ui.manageyards.view.Detail","viewId":"application-manageyards-display-component---detailYard","i18NText":{"propertyName":"tooltip","key":"closeColumn"},"interaction":{"idSuffix":"inner"}},"wdio_ui5_key":"etmportal.ui.manageyards.view.Detailsap.m.OverflowToolbarButton{\"propertyName\":\"tooltip\",\"key\":\"closeColumn\"}"}]}
RESULT: undefined
COMMAND: POST /session/08ab26b8631a6e4e239c2287b57cf254/element - {"using":"xpath","value":"//*[@id=\"__button62\"]"}
RESULT: {"using":"xpath","value":"//*[@id=\"__button62\"]"}
COMMAND: POST /session/08ab26b8631a6e4e239c2287b57cf254/element/f.150F062B3A02957456735AB987B5EB04.d.E1BACA1E75C5EE2118774A2A838BC2F8.e.1463/click - {}
RESULT: {}
COMMAND: POST /session/08ab26b8631a6e4e239c2287b57cf254/refresh - {}
COMMAND: GET /session/08ab26b8631a6e4e239c2287b57cf254/screenshot - {}
RESULT: {}
COMMAND: GET /session/08ab26b8631a6e4e239c2287b57cf254/screenshot - {}
RESULT: {}
RESULT: {}
COMMAND: POST /session/08ab26b8631a6e4e239c2287b57cf254/refresh - {}
RESULT: {}
COMMAND: GET /session/08ab26b8631a6e4e239c2287b57cf254/screenshot - {}
RESULT: {}
COMMAND: POST /session/08ab26b8631a6e4e239c2287b57cf254/window/fullscreen - {}
RESULT: {}
COMMAND: POST /session/08ab26b8631a6e4e239c2287b57cf254/execute/async - {"script":"<script> [189 bytes]","args":[]}
RESULT: {"script":"<script> [189 bytes]","args":[]}
COMMAND: POST /session/08ab26b8631a6e4e239c2287b57cf254/execute/async - {"script":"<script> [123 bytes]","args":[]}
RESULT: {"script":"<script> [123 bytes]","args":[]}
COMMAND: POST /session/08ab26b8631a6e4e239c2287b57cf254/timeouts - {"script":"<number>"}
RESULT: {"script":"<number>"}
COMMAND: GET /session/08ab26b8631a6e4e239c2287b57cf254/timeouts - {}
RESULT: {}
RESULT: undefined
COMMAND: POST /session/08ab26b8631a6e4e239c2287b57cf254/execute/async - {"script":"<script> [2676 bytes]","args":[]}
RESULT: {"script":"<script> [2676 bytes]","args":[]}
COMMAND: POST /session/08ab26b8631a6e4e239c2287b57cf254/execute/async - {"script":"<script> [2342 bytes]","args":[{"protocol":"http","hostname":"0.0.0.0","path":"/","capabilities":{"browserName":"chrome","goog:chromeOptions":{"binary":"C:\\Program Files\\Google\\Chrome\\Application\\chrome.exe","args":["--start-maximized"]}},"logLevel":"warn","connectionRetryTimeout":120000,"connectionRetryCount":3,"logLevels":{},"enableDirectConnect":true,"strictSSL":true,"_":"65 more keys: [\"cacheDir\",\"port\",\"requestedCapabilities\",\"automationProtocol\",\"baseUrl\",\"waitforInterval\",\"waitforTimeout\",\"onReload\",\"beforeCommand\",\"afterCommand\",\"rootDir\",\"specs\",\"suites\",\"exclude\",\"groupLogsByTestSpec\",\"excludeDriverLogs\",\"bail\",\"framework\",\"reporters\",\"services\",\"maxInstances\",\"maxInstancesPerCapability\",\"injectGlobals\",\"filesToWatch\",\"execArgv\",\"runnerEnv\",\"runner\",\"shard\",\"specFileRetries\",\"specFileRetriesDelay\",\"specFileRetriesDeferred\",\"reporterSyncInterval\",\"reporterSyncTimeout\",\"cucumberFeaturesWithLineNumbers\",\"autoCompileOpts\",\"mochaOpts\",\"jasmineOpts\",\"cucumberOpts\",\"onPrepare\",\"onWorkerStart\",\"onWorkerEnd\",\"before\",\"beforeSession\",\"beforeSuite\",\"beforeHook\",\"beforeTest\",\"afterTest\",\"afterHook\",\"afterSuite\",\"afterSession\",\"after\",\"onComplete\",\"beforeAssertion\",\"afterAssertion\",\"beforeFeature\",\"beforeScenario\",\"beforeStep\",\"afterStep\",\"afterScenario\",\"afterFeature\",\"_\",\"suite\",\"$0\",\"ignoredWorkerServices\",\"wdi5\"]"}]}
RESULT: {"script":"<script> [2342 bytes]","args":[{"protocol":"http","hostname":"0.0.0.0","path":"/","capabilities":{"browserName":"chrome","goog:chromeOptions":{"binary":"C:\\Program Files\\Google\\Chrome\\Application\\chrome.exe","args":["--start-maximized"]}},"logLevel":"warn","connectionRetryTimeout":120000,"connectionRetryCount":3,"logLevels":{},"enableDirectConnect":true,"strictSSL":true,"_":"65 more keys: [\"cacheDir\",\"port\",\"requestedCapabilities\",\"automationProtocol\",\"baseUrl\",\"waitforInterval\",\"waitforTimeout\",\"onReload\",\"beforeCommand\",\"afterCommand\",\"rootDir\",\"specs\",\"suites\",\"exclude\",\"groupLogsByTestSpec\",\"excludeDriverLogs\",\"bail\",\"framework\",\"reporters\",\"services\",\"maxInstances\",\"maxInstancesPerCapability\",\"injectGlobals\",\"filesToWatch\",\"execArgv\",\"runnerEnv\",\"runner\",\"shard\",\"specFileRetries\",\"specFileRetriesDelay\",\"specFileRetriesDeferred\",\"reporterSyncInterval\",\"reporterSyncTimeout\",\"cucumberFeaturesWithLineNumbers\",\"autoCompileOpts\",\"mochaOpts\",\"jasmineOpts\",\"cucumberOpts\",\"onPrepare\",\"onWorkerStart\",\"onWorkerEnd\",\"before\",\"beforeSession\",\"beforeSuite\",\"beforeHook\",\"beforeTest\",\"afterTest\",\"afterHook\",\"afterSuite\",\"afterSession\",\"after\",\"onComplete\",\"beforeAssertion\",\"afterAssertion\",\"beforeFeature\",\"beforeScenario\",\"beforeStep\",\"afterStep\",\"afterScenario\",\"afterFeature\",\"_\",\"suite\",\"$0\",\"ignoredWorkerServices\",\"wdi5\"]"}]}
COMMAND: POST /session/08ab26b8631a6e4e239c2287b57cf254/execute/async - {"script":"<script> [21126 bytes]","args":[35000]}
RESULT: {"script":"<script> [21126 bytes]","args":[35000]}
]]></system-out>
    </testcase>
    <testcase classname="chrome.135_0_7049_96.windows.Create_2_Yards_US112496" name="Should create a WHM yard" time="74.996">
      <system-out><![CDATA[
COMMAND: POST /session/08ab26b8631a6e4e239c2287b57cf254/execute/async - {"script":"<script> [1562 bytes]","args":[{"selector":{"controlType":"sap.ui.core.Icon","viewName":"etm.portal.ui.manageyards.view.Master","viewId":"application-manageyards-display-component---masterYard","properties":{"src":{"regex":{"source":"add"}}}},"wdio_ui5_key":"etmportal.ui.manageyards.view.Mastersap.ui.core.Icon{\"src\":{\"regex\":{\"source\":\"add\"}}}"}]}
RESULT: {"script":"<script> [1562 bytes]","args":[{"selector":{"controlType":"sap.ui.core.Icon","viewName":"etm.portal.ui.manageyards.view.Master","viewId":"application-manageyards-display-component---masterYard","properties":{"src":{"regex":{"source":"add"}}}},"wdio_ui5_key":"etmportal.ui.manageyards.view.Mastersap.ui.core.Icon{\"src\":{\"regex\":{\"source\":\"add\"}}}"}]}
RESULT: undefined
COMMAND: POST /session/08ab26b8631a6e4e239c2287b57cf254/element - {"using":"xpath","value":"//*[@id=\"__button9-img\"]"}
RESULT: {"using":"xpath","value":"//*[@id=\"__button9-img\"]"}
COMMAND: POST /session/08ab26b8631a6e4e239c2287b57cf254/element/f.150F062B3A02957456735AB987B5EB04.d.BD671648F3225A4B8672707351CFE02E.e.1753/click - {}
RESULT: {}
COMMAND: GET /session/08ab26b8631a6e4e239c2287b57cf254/screenshot - {}
RESULT: {}
COMMAND: POST /session/08ab26b8631a6e4e239c2287b57cf254/execute/async - {"script":"<script> [1562 bytes]","args":[{"selector":{"id":"application-manageyards-display-component---NewYard--yardId","interaction":{"idSuffix":"inner"}},"wdio_ui5_key":"applicationmanageyards-display-component---NewYard--yardId"}]}
RESULT: {"script":"<script> [1562 bytes]","args":[{"selector":{"id":"application-manageyards-display-component---NewYard--yardId","interaction":{"idSuffix":"inner"}},"wdio_ui5_key":"applicationmanageyards-display-component---NewYard--yardId"}]}
RESULT: undefined
COMMAND: POST /session/08ab26b8631a6e4e239c2287b57cf254/element - {"using":"xpath","value":"//*[@id=\"application-manageyards-display-component---NewYard--addressDetailDetailsName1-inner\"]"}
RESULT: {"using":"xpath","value":"//*[@id=\"application-manageyards-display-component---NewYard--addressDetailDetailsName1-inner\"]"}
COMMAND: POST /session/08ab26b8631a6e4e239c2287b57cf254/element/f.150F062B3A02957456735AB987B5EB04.d.BD671648F3225A4B8672707351CFE02E.e.1902/clear - {}
RESULT: {}
COMMAND: POST /session/08ab26b8631a6e4e239c2287b57cf254/element/f.150F062B3A02957456735AB987B5EB04.d.BD671648F3225A4B8672707351CFE02E.e.1902/value - {"text":"Webdriver WHM Yard gej5b"}
COMMAND: GET /session/08ab26b8631a6e4e239c2287b57cf254/screenshot - {}
RESULT: {"text":"Webdriver WHM Yard gej5b"}
COMMAND: POST /session/08ab26b8631a6e4e239c2287b57cf254/element - {"using":"xpath","value":"//*[@id=\"application-manageyards-display-component---NewYard--addressDetailDetailsLanguage-inner\"]"}
COMMAND: GET /session/08ab26b8631a6e4e239c2287b57cf254/screenshot - {}
RESULT: {}
RESULT: {"using":"xpath","value":"//*[@id=\"application-manageyards-display-component---NewYard--addressDetailDetailsLanguage-inner\"]"}
COMMAND: POST /session/08ab26b8631a6e4e239c2287b57cf254/element/f.150F062B3A02957456735AB987B5EB04.d.BD671648F3225A4B8672707351CFE02E.e.1903/clear - {}
RESULT: {}
RESULT: {}
COMMAND: POST /session/08ab26b8631a6e4e239c2287b57cf254/element/f.150F062B3A02957456735AB987B5EB04.d.BD671648F3225A4B8672707351CFE02E.e.1903/value - {"text":"Romanian"}
COMMAND: GET /session/08ab26b8631a6e4e239c2287b57cf254/screenshot - {}
RESULT: {"text":"Romanian"}
COMMAND: GET /session/08ab26b8631a6e4e239c2287b57cf254/screenshot - {}
RESULT: {}
RESULT: {}
COMMAND: POST /session/08ab26b8631a6e4e239c2287b57cf254/element - {"using":"xpath","value":"//*[@id=\"application-manageyards-display-component---NewYard--addressDetailDetailsCity1-inner\"]"}
RESULT: {"using":"xpath","value":"//*[@id=\"application-manageyards-display-component---NewYard--addressDetailDetailsCity1-inner\"]"}
COMMAND: POST /session/08ab26b8631a6e4e239c2287b57cf254/element/f.150F062B3A02957456735AB987B5EB04.d.BD671648F3225A4B8672707351CFE02E.e.1905/clear - {}
RESULT: {}
COMMAND: POST /session/08ab26b8631a6e4e239c2287b57cf254/element/f.150F062B3A02957456735AB987B5EB04.d.BD671648F3225A4B8672707351CFE02E.e.1905/value - {"text":"Bucuresti"}
COMMAND: GET /session/08ab26b8631a6e4e239c2287b57cf254/screenshot - {}
RESULT: {"text":"Bucuresti"}
COMMAND: GET /session/08ab26b8631a6e4e239c2287b57cf254/screenshot - {}
RESULT: {}
RESULT: {}
COMMAND: POST /session/08ab26b8631a6e4e239c2287b57cf254/element - {"using":"xpath","value":"//*[@id=\"application-manageyards-display-component---NewYard--addressDetailDetailsCountry-inner\"]"}
RESULT: {"using":"xpath","value":"//*[@id=\"application-manageyards-display-component---NewYard--addressDetailDetailsCountry-inner\"]"}
COMMAND: POST /session/08ab26b8631a6e4e239c2287b57cf254/element/f.150F062B3A02957456735AB987B5EB04.d.BD671648F3225A4B8672707351CFE02E.e.1909/clear - {}
RESULT: {}
COMMAND: POST /session/08ab26b8631a6e4e239c2287b57cf254/element/f.150F062B3A02957456735AB987B5EB04.d.BD671648F3225A4B8672707351CFE02E.e.1909/value - {"text":"Romania"}
COMMAND: GET /session/08ab26b8631a6e4e239c2287b57cf254/screenshot - {}
RESULT: {"text":"Romania"}
COMMAND: GET /session/08ab26b8631a6e4e239c2287b57cf254/screenshot - {}
RESULT: {}
COMMAND: POST /session/08ab26b8631a6e4e239c2287b57cf254/execute/async - {"script":"<script> [1562 bytes]","args":[{"selector":{"controlType":"sap.m.Button","viewName":"etm.portal.ui.manageyards.view.New","viewId":"application-manageyards-display-component---NewYard","properties":{"text":"Commercial"},"interaction":{"idSuffix":"BDI-content"}},"wdio_ui5_key":"etmportal.ui.manageyards.view.Newsap.m.Button{\"text\":\"Commercial\"}"}]}
RESULT: {}
RESULT: {"script":"<script> [1562 bytes]","args":[{"selector":{"controlType":"sap.m.Button","viewName":"etm.portal.ui.manageyards.view.New","viewId":"application-manageyards-display-component---NewYard","properties":{"text":"Commercial"},"interaction":{"idSuffix":"BDI-content"}},"wdio_ui5_key":"etmportal.ui.manageyards.view.Newsap.m.Button{\"text\":\"Commercial\"}"}]}
RESULT: undefined
COMMAND: POST /session/08ab26b8631a6e4e239c2287b57cf254/element - {"using":"xpath","value":"//*[@id=\"application-manageyards-display-component---NewYard--ObjectPageLayout-anchBar-__section18-anchor\"]"}
RESULT: {"using":"xpath","value":"//*[@id=\"application-manageyards-display-component---NewYard--ObjectPageLayout-anchBar-__section18-anchor\"]"}
COMMAND: POST /session/08ab26b8631a6e4e239c2287b57cf254/element/f.150F062B3A02957456735AB987B5EB04.d.BD671648F3225A4B8672707351CFE02E.e.2054/click - {}
RESULT: {}
COMMAND: GET /session/08ab26b8631a6e4e239c2287b57cf254/screenshot - {}
RESULT: {}
COMMAND: POST /session/08ab26b8631a6e4e239c2287b57cf254/element - {"using":"xpath","value":"//input[@id='application-manageyards-display-component---NewYard--addressEditDetailsCostObjectCstType-inner']"}
RESULT: {"using":"xpath","value":"//input[@id='application-manageyards-display-component---NewYard--addressEditDetailsCostObjectCstType-inner']"}
COMMAND: POST /session/08ab26b8631a6e4e239c2287b57cf254/execute/sync - {"script":"<script> [8489 bytes]","args":[{"element-6066-11e4-a52e-4f735466cecf":"f.150F062B3A02957456735AB987B5EB04.d.BD671648F3225A4B8672707351CFE02E.e.1915","ELEMENT":"f.150F062B3A02957456735AB987B5EB04.d.BD671648F3225A4B8672707351CFE02E.e.1915"}]}
RESULT: {"script":"<script> [8489 bytes]","args":[{"element-6066-11e4-a52e-4f735466cecf":"f.150F062B3A02957456735AB987B5EB04.d.BD671648F3225A4B8672707351CFE02E.e.1915","ELEMENT":"f.150F062B3A02957456735AB987B5EB04.d.BD671648F3225A4B8672707351CFE02E.e.1915"}]}
COMMAND: POST /session/08ab26b8631a6e4e239c2287b57cf254/element/f.150F062B3A02957456735AB987B5EB04.d.BD671648F3225A4B8672707351CFE02E.e.1915/clear - {}
COMMAND: GET /session/08ab26b8631a6e4e239c2287b57cf254/screenshot - {}
RESULT: {}
COMMAND: POST /session/08ab26b8631a6e4e239c2287b57cf254/element/f.150F062B3A02957456735AB987B5EB04.d.BD671648F3225A4B8672707351CFE02E.e.1915/value - {"text":"Cost"}
COMMAND: GET /session/08ab26b8631a6e4e239c2287b57cf254/screenshot - {}
RESULT: {}
RESULT: {"text":"Cost"}
COMMAND: GET /session/08ab26b8631a6e4e239c2287b57cf254/screenshot - {}
RESULT: {}
RESULT: {}
COMMAND: POST /session/08ab26b8631a6e4e239c2287b57cf254/execute/async - {"script":"<script> [1562 bytes]","args":[{"selector":{"id":"application-manageyards-display-component---NewYard--addressNewCostObjectCstID","interaction":{"idSuffix":"inner"}},"wdio_ui5_key":"applicationmanageyards-display-component---NewYard--addressNewCostObjectCstID"}]}
RESULT: {"script":"<script> [1562 bytes]","args":[{"selector":{"id":"application-manageyards-display-component---NewYard--addressNewCostObjectCstID","interaction":{"idSuffix":"inner"}},"wdio_ui5_key":"applicationmanageyards-display-component---NewYard--addressNewCostObjectCstID"}]}
RESULT: undefined
COMMAND: POST /session/08ab26b8631a6e4e239c2287b57cf254/execute/async - {"script":"<script> [776 bytes]","args":[{"enterText":"10001013","selector":{"id":"application-manageyards-display-component---NewYard--addressNewCostObjectCstID","interaction":{"idSuffix":"inner"}},"clearTextFirst":true,"interactionType":"ENTER_TEXT"}]}
RESULT: {"script":"<script> [776 bytes]","args":[{"enterText":"10001013","selector":{"id":"application-manageyards-display-component---NewYard--addressNewCostObjectCstID","interaction":{"idSuffix":"inner"}},"clearTextFirst":true,"interactionType":"ENTER_TEXT"}]}
COMMAND: POST /session/08ab26b8631a6e4e239c2287b57cf254/actions - {"actions":[{"id":"action4","type":"key","parameters":{},"actions":[{"type":"keyDown","value":"î€‡"},{"type":"pause","duration":10},{"type":"keyUp","value":"î€‡"}]}]}
RESULT: {"actions":[{"id":"action4","type":"key","parameters":{},"actions":[{"type":"keyDown","value":"î€‡"},{"type":"pause","duration":10},{"type":"keyUp","value":"î€‡"}]}]}
COMMAND: POST /session/08ab26b8631a6e4e239c2287b57cf254/execute/async - {"script":"<script> [1562 bytes]","args":[{"selector":{"id":"application-manageyards-display-component---NewYard--addressEditDetailsCurrency","interaction":{"idSuffix":"inner"}},"wdio_ui5_key":"applicationmanageyards-display-component---NewYard--addressEditDetailsCurrency"}]}
COMMAND: GET /session/08ab26b8631a6e4e239c2287b57cf254/screenshot - {}
RESULT: {"script":"<script> [1562 bytes]","args":[{"selector":{"id":"application-manageyards-display-component---NewYard--addressEditDetailsCurrency","interaction":{"idSuffix":"inner"}},"wdio_ui5_key":"applicationmanageyards-display-component---NewYard--addressEditDetailsCurrency"}]}
RESULT: undefined
COMMAND: POST /session/08ab26b8631a6e4e239c2287b57cf254/execute/async - {"script":"<script> [776 bytes]","args":[{"enterText":"Euro","selector":{"id":"application-manageyards-display-component---NewYard--addressEditDetailsCurrency","interaction":{"idSuffix":"inner"}},"clearTextFirst":true,"interactionType":"ENTER_TEXT"}]}
RESULT: {}
RESULT: {"script":"<script> [776 bytes]","args":[{"enterText":"Euro","selector":{"id":"application-manageyards-display-component---NewYard--addressEditDetailsCurrency","interaction":{"idSuffix":"inner"}},"clearTextFirst":true,"interactionType":"ENTER_TEXT"}]}
COMMAND: POST /session/08ab26b8631a6e4e239c2287b57cf254/execute/async - {"script":"<script> [1562 bytes]","args":[{"selector":{"controlType":"sap.m.Input","viewName":"etm.portal.ui.manageyards.view.New","viewId":"application-manageyards-display-component---NewYard","bindingPath":{"path":"","propertyPath":"/CONTROLLING_AREA","modelName":"NewYardModel"},"interaction":{"idSuffix":"inner"}},"wdio_ui5_key":"etmportal.ui.manageyards.view.Newsap.m.Input{\"path\":\"\",\"propertyPath\":\"/CONTROLLING_AREA\",\"modelName\":\"NewYardModel\"}"}]}
RESULT: {"script":"<script> [1562 bytes]","args":[{"selector":{"controlType":"sap.m.Input","viewName":"etm.portal.ui.manageyards.view.New","viewId":"application-manageyards-display-component---NewYard","bindingPath":{"path":"","propertyPath":"/CONTROLLING_AREA","modelName":"NewYardModel"},"interaction":{"idSuffix":"inner"}},"wdio_ui5_key":"etmportal.ui.manageyards.view.Newsap.m.Input{\"path\":\"\",\"propertyPath\":\"/CONTROLLING_AREA\",\"modelName\":\"NewYardModel\"}"}]}
RESULT: undefined
COMMAND: POST /session/08ab26b8631a6e4e239c2287b57cf254/execute/async - {"script":"<script> [776 bytes]","args":[{"enterText":"Z001","selector":{"controlType":"sap.m.Input","viewName":"etm.portal.ui.manageyards.view.New","viewId":"application-manageyards-display-component---NewYard","bindingPath":{"path":"","propertyPath":"/CONTROLLING_AREA","modelName":"NewYardModel"},"interaction":{"idSuffix":"inner"}},"clearTextFirst":true,"interactionType":"ENTER_TEXT"}]}
RESULT: {"script":"<script> [776 bytes]","args":[{"enterText":"Z001","selector":{"controlType":"sap.m.Input","viewName":"etm.portal.ui.manageyards.view.New","viewId":"application-manageyards-display-component---NewYard","bindingPath":{"path":"","propertyPath":"/CONTROLLING_AREA","modelName":"NewYardModel"},"interaction":{"idSuffix":"inner"}},"clearTextFirst":true,"interactionType":"ENTER_TEXT"}]}
COMMAND: POST /session/08ab26b8631a6e4e239c2287b57cf254/execute/async - {"script":"<script> [1562 bytes]","args":[{"selector":{"id":"application-manageyards-display-component---NewYard--companyCodeComboBox","interaction":{"idSuffix":"inner"}},"wdio_ui5_key":"applicationmanageyards-display-component---NewYard--companyCodeComboBox"}]}
RESULT: {"script":"<script> [1562 bytes]","args":[{"selector":{"id":"application-manageyards-display-component---NewYard--companyCodeComboBox","interaction":{"idSuffix":"inner"}},"wdio_ui5_key":"applicationmanageyards-display-component---NewYard--companyCodeComboBox"}]}
RESULT: undefined
COMMAND: POST /session/08ab26b8631a6e4e239c2287b57cf254/execute/async - {"script":"<script> [776 bytes]","args":[{"enterText":"1000","selector":{"id":"application-manageyards-display-component---NewYard--companyCodeComboBox","interaction":{"idSuffix":"inner"}},"clearTextFirst":true,"interactionType":"ENTER_TEXT"}]}
RESULT: {"script":"<script> [776 bytes]","args":[{"enterText":"1000","selector":{"id":"application-manageyards-display-component---NewYard--companyCodeComboBox","interaction":{"idSuffix":"inner"}},"clearTextFirst":true,"interactionType":"ENTER_TEXT"}]}
COMMAND: POST /session/08ab26b8631a6e4e239c2287b57cf254/actions - {"actions":[{"id":"action5","type":"key","parameters":{},"actions":[{"type":"keyDown","value":"î€‡"},{"type":"pause","duration":10},{"type":"keyUp","value":"î€‡"}]}]}
RESULT: {"actions":[{"id":"action5","type":"key","parameters":{},"actions":[{"type":"keyDown","value":"î€‡"},{"type":"pause","duration":10},{"type":"keyUp","value":"î€‡"}]}]}
COMMAND: POST /session/08ab26b8631a6e4e239c2287b57cf254/execute/async - {"script":"<script> [1562 bytes]","args":[{"selector":{"controlType":"sap.m.Input","viewName":"etm.portal.ui.manageyards.view.New","viewId":"application-manageyards-display-component---NewYard","bindingPath":{"path":"","propertyPath":"/PLANT","modelName":"NewYardModel"},"interaction":{"idSuffix":"inner"}},"wdio_ui5_key":"etmportal.ui.manageyards.view.Newsap.m.Input{\"path\":\"\",\"propertyPath\":\"/PLANT\",\"modelName\":\"NewYardModel\"}"}]}
COMMAND: GET /session/08ab26b8631a6e4e239c2287b57cf254/screenshot - {}
RESULT: {"script":"<script> [1562 bytes]","args":[{"selector":{"controlType":"sap.m.Input","viewName":"etm.portal.ui.manageyards.view.New","viewId":"application-manageyards-display-component---NewYard","bindingPath":{"path":"","propertyPath":"/PLANT","modelName":"NewYardModel"},"interaction":{"idSuffix":"inner"}},"wdio_ui5_key":"etmportal.ui.manageyards.view.Newsap.m.Input{\"path\":\"\",\"propertyPath\":\"/PLANT\",\"modelName\":\"NewYardModel\"}"}]}
RESULT: undefined
COMMAND: POST /session/08ab26b8631a6e4e239c2287b57cf254/execute/async - {"script":"<script> [776 bytes]","args":[{"enterText":"1001","selector":{"controlType":"sap.m.Input","viewName":"etm.portal.ui.manageyards.view.New","viewId":"application-manageyards-display-component---NewYard","bindingPath":{"path":"","propertyPath":"/PLANT","modelName":"NewYardModel"},"interaction":{"idSuffix":"inner"}},"clearTextFirst":true,"interactionType":"ENTER_TEXT"}]}
RESULT: {}
RESULT: {"script":"<script> [776 bytes]","args":[{"enterText":"1001","selector":{"controlType":"sap.m.Input","viewName":"etm.portal.ui.manageyards.view.New","viewId":"application-manageyards-display-component---NewYard","bindingPath":{"path":"","propertyPath":"/PLANT","modelName":"NewYardModel"},"interaction":{"idSuffix":"inner"}},"clearTextFirst":true,"interactionType":"ENTER_TEXT"}]}
COMMAND: POST /session/08ab26b8631a6e4e239c2287b57cf254/execute/async - {"script":"<script> [1562 bytes]","args":[{"selector":{"controlType":"sap.m.Input","viewName":"etm.portal.ui.manageyards.view.New","viewId":"application-manageyards-display-component---NewYard","bindingPath":{"path":"","propertyPath":"/SALES_AREA_VKORG","modelName":"NewYardModel"},"interaction":{"idSuffix":"inner"}},"wdio_ui5_key":"etmportal.ui.manageyards.view.Newsap.m.Input{\"path\":\"\",\"propertyPath\":\"/SALES_AREA_VKORG\",\"modelName\":\"NewYardModel\"}"}]}
RESULT: {"script":"<script> [1562 bytes]","args":[{"selector":{"controlType":"sap.m.Input","viewName":"etm.portal.ui.manageyards.view.New","viewId":"application-manageyards-display-component---NewYard","bindingPath":{"path":"","propertyPath":"/SALES_AREA_VKORG","modelName":"NewYardModel"},"interaction":{"idSuffix":"inner"}},"wdio_ui5_key":"etmportal.ui.manageyards.view.Newsap.m.Input{\"path\":\"\",\"propertyPath\":\"/SALES_AREA_VKORG\",\"modelName\":\"NewYardModel\"}"}]}
RESULT: undefined
COMMAND: POST /session/08ab26b8631a6e4e239c2287b57cf254/execute/async - {"script":"<script> [776 bytes]","args":[{"enterText":"C002","selector":{"controlType":"sap.m.Input","viewName":"etm.portal.ui.manageyards.view.New","viewId":"application-manageyards-display-component---NewYard","bindingPath":{"path":"","propertyPath":"/SALES_AREA_VKORG","modelName":"NewYardModel"},"interaction":{"idSuffix":"inner"}},"clearTextFirst":true,"interactionType":"ENTER_TEXT"}]}
RESULT: {"script":"<script> [776 bytes]","args":[{"enterText":"C002","selector":{"controlType":"sap.m.Input","viewName":"etm.portal.ui.manageyards.view.New","viewId":"application-manageyards-display-component---NewYard","bindingPath":{"path":"","propertyPath":"/SALES_AREA_VKORG","modelName":"NewYardModel"},"interaction":{"idSuffix":"inner"}},"clearTextFirst":true,"interactionType":"ENTER_TEXT"}]}
COMMAND: POST /session/08ab26b8631a6e4e239c2287b57cf254/execute/async - {"script":"<script> [1562 bytes]","args":[{"selector":{"controlType":"sap.m.Input","viewName":"etm.portal.ui.manageyards.view.New","viewId":"application-manageyards-display-component---NewYard","bindingPath":{"path":"","propertyPath":"/SALES_AREA_VTWEG","modelName":"NewYardModel"},"interaction":{"idSuffix":"inner"}},"wdio_ui5_key":"etmportal.ui.manageyards.view.Newsap.m.Input{\"path\":\"\",\"propertyPath\":\"/SALES_AREA_VTWEG\",\"modelName\":\"NewYardModel\"}"}]}
RESULT: {"script":"<script> [1562 bytes]","args":[{"selector":{"controlType":"sap.m.Input","viewName":"etm.portal.ui.manageyards.view.New","viewId":"application-manageyards-display-component---NewYard","bindingPath":{"path":"","propertyPath":"/SALES_AREA_VTWEG","modelName":"NewYardModel"},"interaction":{"idSuffix":"inner"}},"wdio_ui5_key":"etmportal.ui.manageyards.view.Newsap.m.Input{\"path\":\"\",\"propertyPath\":\"/SALES_AREA_VTWEG\",\"modelName\":\"NewYardModel\"}"}]}
RESULT: undefined
COMMAND: POST /session/08ab26b8631a6e4e239c2287b57cf254/execute/async - {"script":"<script> [776 bytes]","args":[{"enterText":"C2","selector":{"controlType":"sap.m.Input","viewName":"etm.portal.ui.manageyards.view.New","viewId":"application-manageyards-display-component---NewYard","bindingPath":{"path":"","propertyPath":"/SALES_AREA_VTWEG","modelName":"NewYardModel"},"interaction":{"idSuffix":"inner"}},"clearTextFirst":true,"interactionType":"ENTER_TEXT"}]}
RESULT: {"script":"<script> [776 bytes]","args":[{"enterText":"C2","selector":{"controlType":"sap.m.Input","viewName":"etm.portal.ui.manageyards.view.New","viewId":"application-manageyards-display-component---NewYard","bindingPath":{"path":"","propertyPath":"/SALES_AREA_VTWEG","modelName":"NewYardModel"},"interaction":{"idSuffix":"inner"}},"clearTextFirst":true,"interactionType":"ENTER_TEXT"}]}
COMMAND: POST /session/08ab26b8631a6e4e239c2287b57cf254/execute/async - {"script":"<script> [1562 bytes]","args":[{"selector":{"controlType":"sap.m.Input","viewName":"etm.portal.ui.manageyards.view.New","viewId":"application-manageyards-display-component---NewYard","bindingPath":{"path":"","propertyPath":"/SALES_AREA_SPART","modelName":"NewYardModel"},"interaction":{"idSuffix":"inner"}},"wdio_ui5_key":"etmportal.ui.manageyards.view.Newsap.m.Input{\"path\":\"\",\"propertyPath\":\"/SALES_AREA_SPART\",\"modelName\":\"NewYardModel\"}"}]}
RESULT: {"script":"<script> [1562 bytes]","args":[{"selector":{"controlType":"sap.m.Input","viewName":"etm.portal.ui.manageyards.view.New","viewId":"application-manageyards-display-component---NewYard","bindingPath":{"path":"","propertyPath":"/SALES_AREA_SPART","modelName":"NewYardModel"},"interaction":{"idSuffix":"inner"}},"wdio_ui5_key":"etmportal.ui.manageyards.view.Newsap.m.Input{\"path\":\"\",\"propertyPath\":\"/SALES_AREA_SPART\",\"modelName\":\"NewYardModel\"}"}]}
RESULT: undefined
COMMAND: POST /session/08ab26b8631a6e4e239c2287b57cf254/execute/async - {"script":"<script> [776 bytes]","args":[{"enterText":"C2","selector":{"controlType":"sap.m.Input","viewName":"etm.portal.ui.manageyards.view.New","viewId":"application-manageyards-display-component---NewYard","bindingPath":{"path":"","propertyPath":"/SALES_AREA_SPART","modelName":"NewYardModel"},"interaction":{"idSuffix":"inner"}},"clearTextFirst":true,"interactionType":"ENTER_TEXT"}]}
RESULT: {"script":"<script> [776 bytes]","args":[{"enterText":"C2","selector":{"controlType":"sap.m.Input","viewName":"etm.portal.ui.manageyards.view.New","viewId":"application-manageyards-display-component---NewYard","bindingPath":{"path":"","propertyPath":"/SALES_AREA_SPART","modelName":"NewYardModel"},"interaction":{"idSuffix":"inner"}},"clearTextFirst":true,"interactionType":"ENTER_TEXT"}]}
COMMAND: POST /session/08ab26b8631a6e4e239c2287b57cf254/execute/async - {"script":"<script> [1562 bytes]","args":[{"selector":{"id":"application-manageyards-display-component---NewYard--whmCheckBox","interaction":{"idSuffix":"CbBg"}},"wdio_ui5_key":"applicationmanageyards-display-component---NewYard--whmCheckBox"}]}
RESULT: {"script":"<script> [1562 bytes]","args":[{"selector":{"id":"application-manageyards-display-component---NewYard--whmCheckBox","interaction":{"idSuffix":"CbBg"}},"wdio_ui5_key":"applicationmanageyards-display-component---NewYard--whmCheckBox"}]}
RESULT: undefined
COMMAND: POST /session/08ab26b8631a6e4e239c2287b57cf254/element - {"using":"xpath","value":"//*[@id=\"application-manageyards-display-component---NewYard--whmCheckBox\"]"}
RESULT: {"using":"xpath","value":"//*[@id=\"application-manageyards-display-component---NewYard--whmCheckBox\"]"}
COMMAND: POST /session/08ab26b8631a6e4e239c2287b57cf254/element/f.150F062B3A02957456735AB987B5EB04.d.BD671648F3225A4B8672707351CFE02E.e.2077/click - {}
RESULT: {}
COMMAND: POST /session/08ab26b8631a6e4e239c2287b57cf254/execute/async - {"script":"<script> [1562 bytes]","args":[{"selector":{"controlType":"sap.m.Button","viewName":"etm.portal.ui.manageyards.view.New","viewId":"application-manageyards-display-component---NewYard","i18NText":{"propertyName":"text","key":"save"},"interaction":{"idSuffix":"inner"}},"wdio_ui5_key":"etmportal.ui.manageyards.view.Newsap.m.Button{\"propertyName\":\"text\",\"key\":\"save\"}"}]}
COMMAND: GET /session/08ab26b8631a6e4e239c2287b57cf254/screenshot - {}
RESULT: {"script":"<script> [1562 bytes]","args":[{"selector":{"controlType":"sap.m.Button","viewName":"etm.portal.ui.manageyards.view.New","viewId":"application-manageyards-display-component---NewYard","i18NText":{"propertyName":"text","key":"save"},"interaction":{"idSuffix":"inner"}},"wdio_ui5_key":"etmportal.ui.manageyards.view.Newsap.m.Button{\"propertyName\":\"text\",\"key\":\"save\"}"}]}
RESULT: undefined
COMMAND: POST /session/08ab26b8631a6e4e239c2287b57cf254/element - {"using":"xpath","value":"//*[@id=\"__button43\"]"}
RESULT: {}
RESULT: {"using":"xpath","value":"//*[@id=\"__button43\"]"}
COMMAND: POST /session/08ab26b8631a6e4e239c2287b57cf254/element/f.150F062B3A02957456735AB987B5EB04.d.BD671648F3225A4B8672707351CFE02E.e.2039/click - {}
RESULT: {}
COMMAND: GET /session/08ab26b8631a6e4e239c2287b57cf254/screenshot - {}
RESULT: {}
COMMAND: POST /session/08ab26b8631a6e4e239c2287b57cf254/element - {"using":"xpath","value":"//header/div/div/div/div/div/div[2]/div/span"}
RESULT: {"using":"xpath","value":"//header/div/div/div/div/div/div[2]/div/span"}
COMMAND: GET /session/08ab26b8631a6e4e239c2287b57cf254/element/f.150F062B3A02957456735AB987B5EB04.d.BD671648F3225A4B8672707351CFE02E.e.2229/text - {}
RESULT: {}
COMMAND: POST /session/08ab26b8631a6e4e239c2287b57cf254/element - {"using":"xpath","value":"//header/div/div[2]/div[2]/span"}
RESULT: {"using":"xpath","value":"//header/div/div[2]/div[2]/span"}
COMMAND: GET /session/08ab26b8631a6e4e239c2287b57cf254/element/f.150F062B3A02957456735AB987B5EB04.d.BD671648F3225A4B8672707351CFE02E.e.2230/text - {}
RESULT: {}
COMMAND: POST /session/08ab26b8631a6e4e239c2287b57cf254/element - {"using":"css selector","value":"#j_username"}
COMMAND: POST /session/08ab26b8631a6e4e239c2287b57cf254/url - {"url":"https://qa-testing-00-live-etm-ui.cfapps.eu10-004.hana.ondemand.com/"}
RESULT: {"using":"css selector","value":"#j_username"}
COMMAND: POST /session/08ab26b8631a6e4e239c2287b57cf254/element - {"using":"css selector","value":"#j_username"}
RESULT: {"url":"https://qa-testing-00-live-etm-ui.cfapps.eu10-004.hana.ondemand.com/"}
RESULT: undefined
COMMAND: GET /session/08ab26b8631a6e4e239c2287b57cf254/screenshot - {}
RESULT: {"using":"css selector","value":"#j_username"}
COMMAND: POST /session/08ab26b8631a6e4e239c2287b57cf254/element - {"using":"css selector","value":"#shell-header-logo"}
RESULT: {}
RESULT: {"using":"css selector","value":"#shell-header-logo"}
COMMAND: POST /session/08ab26b8631a6e4e239c2287b57cf254/execute/sync - {"script":"<script> [8489 bytes]","args":[{"element-6066-11e4-a52e-4f735466cecf":"f.150F062B3A02957456735AB987B5EB04.d.6407494787F1AAE8FA8E7E46EB2D93BD.e.2241","ELEMENT":"f.150F062B3A02957456735AB987B5EB04.d.6407494787F1AAE8FA8E7E46EB2D93BD.e.2241"}]}
RESULT: {"script":"<script> [8489 bytes]","args":[{"element-6066-11e4-a52e-4f735466cecf":"f.150F062B3A02957456735AB987B5EB04.d.6407494787F1AAE8FA8E7E46EB2D93BD.e.2241","ELEMENT":"f.150F062B3A02957456735AB987B5EB04.d.6407494787F1AAE8FA8E7E46EB2D93BD.e.2241"}]}
COMMAND: POST /session/08ab26b8631a6e4e239c2287b57cf254/element - {"using":"css selector","value":"#shell-header-logo"}
COMMAND: GET /session/08ab26b8631a6e4e239c2287b57cf254/screenshot - {}
RESULT: {"using":"css selector","value":"#shell-header-logo"}
COMMAND: POST /session/08ab26b8631a6e4e239c2287b57cf254/execute/sync - {"script":"<script> [8489 bytes]","args":[{"element-6066-11e4-a52e-4f735466cecf":"f.150F062B3A02957456735AB987B5EB04.d.6407494787F1AAE8FA8E7E46EB2D93BD.e.2241","ELEMENT":"f.150F062B3A02957456735AB987B5EB04.d.6407494787F1AAE8FA8E7E46EB2D93BD.e.2241"}]}
RESULT: {}
RESULT: {"script":"<script> [8489 bytes]","args":[{"element-6066-11e4-a52e-4f735466cecf":"f.150F062B3A02957456735AB987B5EB04.d.6407494787F1AAE8FA8E7E46EB2D93BD.e.2241","ELEMENT":"f.150F062B3A02957456735AB987B5EB04.d.6407494787F1AAE8FA8E7E46EB2D93BD.e.2241"}]}
COMMAND: POST /session/08ab26b8631a6e4e239c2287b57cf254/execute/sync - {"script":"<script> [5351 bytes]","args":[{"element-6066-11e4-a52e-4f735466cecf":"f.150F062B3A02957456735AB987B5EB04.d.6407494787F1AAE8FA8E7E46EB2D93BD.e.2241","ELEMENT":"f.150F062B3A02957456735AB987B5EB04.d.6407494787F1AAE8FA8E7E46EB2D93BD.e.2241"}]}
COMMAND: GET /session/08ab26b8631a6e4e239c2287b57cf254/screenshot - {}
RESULT: {"script":"<script> [5351 bytes]","args":[{"element-6066-11e4-a52e-4f735466cecf":"f.150F062B3A02957456735AB987B5EB04.d.6407494787F1AAE8FA8E7E46EB2D93BD.e.2241","ELEMENT":"f.150F062B3A02957456735AB987B5EB04.d.6407494787F1AAE8FA8E7E46EB2D93BD.e.2241"}]}
COMMAND: POST /session/08ab26b8631a6e4e239c2287b57cf254/element - {"using":"css selector","value":"#shell-header-logo"}
COMMAND: GET /session/08ab26b8631a6e4e239c2287b57cf254/screenshot - {}
RESULT: {}
RESULT: {"using":"css selector","value":"#shell-header-logo"}
COMMAND: POST /session/08ab26b8631a6e4e239c2287b57cf254/element/f.150F062B3A02957456735AB987B5EB04.d.6407494787F1AAE8FA8E7E46EB2D93BD.e.2241/click - {}
RESULT: {}
RESULT: {}
COMMAND: GET /session/08ab26b8631a6e4e239c2287b57cf254/screenshot - {}
RESULT: {}
COMMAND: POST /session/08ab26b8631a6e4e239c2287b57cf254/execute/async - {"script":"<script> [189 bytes]","args":[]}
RESULT: {"script":"<script> [189 bytes]","args":[]}
COMMAND: POST /session/08ab26b8631a6e4e239c2287b57cf254/execute/async - {"script":"<script> [123 bytes]","args":[]}
RESULT: {"script":"<script> [123 bytes]","args":[]}
COMMAND: POST /session/08ab26b8631a6e4e239c2287b57cf254/timeouts - {"script":"<number>"}
RESULT: {"script":"<number>"}
COMMAND: GET /session/08ab26b8631a6e4e239c2287b57cf254/timeouts - {}
RESULT: {}
RESULT: undefined
COMMAND: POST /session/08ab26b8631a6e4e239c2287b57cf254/execute/async - {"script":"<script> [2676 bytes]","args":[]}
RESULT: {"script":"<script> [2676 bytes]","args":[]}
COMMAND: POST /session/08ab26b8631a6e4e239c2287b57cf254/execute/async - {"script":"<script> [2342 bytes]","args":[{"protocol":"http","hostname":"0.0.0.0","path":"/","capabilities":{"browserName":"chrome","goog:chromeOptions":{"binary":"C:\\Program Files\\Google\\Chrome\\Application\\chrome.exe","args":["--start-maximized"]}},"logLevel":"warn","connectionRetryTimeout":120000,"connectionRetryCount":3,"logLevels":{},"enableDirectConnect":true,"strictSSL":true,"_":"65 more keys: [\"cacheDir\",\"port\",\"requestedCapabilities\",\"automationProtocol\",\"baseUrl\",\"waitforInterval\",\"waitforTimeout\",\"onReload\",\"beforeCommand\",\"afterCommand\",\"rootDir\",\"specs\",\"suites\",\"exclude\",\"groupLogsByTestSpec\",\"excludeDriverLogs\",\"bail\",\"framework\",\"reporters\",\"services\",\"maxInstances\",\"maxInstancesPerCapability\",\"injectGlobals\",\"filesToWatch\",\"execArgv\",\"runnerEnv\",\"runner\",\"shard\",\"specFileRetries\",\"specFileRetriesDelay\",\"specFileRetriesDeferred\",\"reporterSyncInterval\",\"reporterSyncTimeout\",\"cucumberFeaturesWithLineNumbers\",\"autoCompileOpts\",\"mochaOpts\",\"jasmineOpts\",\"cucumberOpts\",\"onPrepare\",\"onWorkerStart\",\"onWorkerEnd\",\"before\",\"beforeSession\",\"beforeSuite\",\"beforeHook\",\"beforeTest\",\"afterTest\",\"afterHook\",\"afterSuite\",\"afterSession\",\"after\",\"onComplete\",\"beforeAssertion\",\"afterAssertion\",\"beforeFeature\",\"beforeScenario\",\"beforeStep\",\"afterStep\",\"afterScenario\",\"afterFeature\",\"_\",\"suite\",\"$0\",\"ignoredWorkerServices\",\"wdi5\"]"}]}
RESULT: {"script":"<script> [2342 bytes]","args":[{"protocol":"http","hostname":"0.0.0.0","path":"/","capabilities":{"browserName":"chrome","goog:chromeOptions":{"binary":"C:\\Program Files\\Google\\Chrome\\Application\\chrome.exe","args":["--start-maximized"]}},"logLevel":"warn","connectionRetryTimeout":120000,"connectionRetryCount":3,"logLevels":{},"enableDirectConnect":true,"strictSSL":true,"_":"65 more keys: [\"cacheDir\",\"port\",\"requestedCapabilities\",\"automationProtocol\",\"baseUrl\",\"waitforInterval\",\"waitforTimeout\",\"onReload\",\"beforeCommand\",\"afterCommand\",\"rootDir\",\"specs\",\"suites\",\"exclude\",\"groupLogsByTestSpec\",\"excludeDriverLogs\",\"bail\",\"framework\",\"reporters\",\"services\",\"maxInstances\",\"maxInstancesPerCapability\",\"injectGlobals\",\"filesToWatch\",\"execArgv\",\"runnerEnv\",\"runner\",\"shard\",\"specFileRetries\",\"specFileRetriesDelay\",\"specFileRetriesDeferred\",\"reporterSyncInterval\",\"reporterSyncTimeout\",\"cucumberFeaturesWithLineNumbers\",\"autoCompileOpts\",\"mochaOpts\",\"jasmineOpts\",\"cucumberOpts\",\"onPrepare\",\"onWorkerStart\",\"onWorkerEnd\",\"before\",\"beforeSession\",\"beforeSuite\",\"beforeHook\",\"beforeTest\",\"afterTest\",\"afterHook\",\"afterSuite\",\"afterSession\",\"after\",\"onComplete\",\"beforeAssertion\",\"afterAssertion\",\"beforeFeature\",\"beforeScenario\",\"beforeStep\",\"afterStep\",\"afterScenario\",\"afterFeature\",\"_\",\"suite\",\"$0\",\"ignoredWorkerServices\",\"wdi5\"]"}]}
COMMAND: POST /session/08ab26b8631a6e4e239c2287b57cf254/execute/async - {"script":"<script> [21126 bytes]","args":[35000]}
RESULT: {"script":"<script> [21126 bytes]","args":[35000]}
COMMAND: POST /session/08ab26b8631a6e4e239c2287b57cf254/window/maximize - {}
RESULT: {}
COMMAND: POST /session/08ab26b8631a6e4e239c2287b57cf254/execute/async - {"script":"<script> [1562 bytes]","args":[{"selector":{"id":"shell-header","interaction":{"idSuffix":"icon"}},"wdio_ui5_key":"shellheader"}]}
COMMAND: GET /session/08ab26b8631a6e4e239c2287b57cf254/screenshot - {}
RESULT: {"script":"<script> [1562 bytes]","args":[{"selector":{"id":"shell-header","interaction":{"idSuffix":"icon"}},"wdio_ui5_key":"shellheader"}]}
RESULT: undefined
COMMAND: POST /session/08ab26b8631a6e4e239c2287b57cf254/refresh - {}
RESULT: {}
RESULT: {}
COMMAND: GET /session/08ab26b8631a6e4e239c2287b57cf254/screenshot - {}
RESULT: {}
COMMAND: POST /session/08ab26b8631a6e4e239c2287b57cf254/refresh - {}
RESULT: {}
COMMAND: GET /session/08ab26b8631a6e4e239c2287b57cf254/screenshot - {}
RESULT: {}
COMMAND: POST /session/08ab26b8631a6e4e239c2287b57cf254/window/fullscreen - {}
RESULT: {}
COMMAND: POST /session/08ab26b8631a6e4e239c2287b57cf254/execute/async - {"script":"<script> [189 bytes]","args":[]}
RESULT: {"script":"<script> [189 bytes]","args":[]}
COMMAND: POST /session/08ab26b8631a6e4e239c2287b57cf254/execute/async - {"script":"<script> [123 bytes]","args":[]}
RESULT: {"script":"<script> [123 bytes]","args":[]}
COMMAND: POST /session/08ab26b8631a6e4e239c2287b57cf254/timeouts - {"script":"<number>"}
RESULT: {"script":"<number>"}
COMMAND: GET /session/08ab26b8631a6e4e239c2287b57cf254/timeouts - {}
RESULT: {}
RESULT: undefined
COMMAND: POST /session/08ab26b8631a6e4e239c2287b57cf254/execute/async - {"script":"<script> [2676 bytes]","args":[]}
RESULT: {"script":"<script> [2676 bytes]","args":[]}
COMMAND: POST /session/08ab26b8631a6e4e239c2287b57cf254/execute/async - {"script":"<script> [2342 bytes]","args":[{"protocol":"http","hostname":"0.0.0.0","path":"/","capabilities":{"browserName":"chrome","goog:chromeOptions":{"binary":"C:\\Program Files\\Google\\Chrome\\Application\\chrome.exe","args":["--start-maximized"]}},"logLevel":"warn","connectionRetryTimeout":120000,"connectionRetryCount":3,"logLevels":{},"enableDirectConnect":true,"strictSSL":true,"_":"65 more keys: [\"cacheDir\",\"port\",\"requestedCapabilities\",\"automationProtocol\",\"baseUrl\",\"waitforInterval\",\"waitforTimeout\",\"onReload\",\"beforeCommand\",\"afterCommand\",\"rootDir\",\"specs\",\"suites\",\"exclude\",\"groupLogsByTestSpec\",\"excludeDriverLogs\",\"bail\",\"framework\",\"reporters\",\"services\",\"maxInstances\",\"maxInstancesPerCapability\",\"injectGlobals\",\"filesToWatch\",\"execArgv\",\"runnerEnv\",\"runner\",\"shard\",\"specFileRetries\",\"specFileRetriesDelay\",\"specFileRetriesDeferred\",\"reporterSyncInterval\",\"reporterSyncTimeout\",\"cucumberFeaturesWithLineNumbers\",\"autoCompileOpts\",\"mochaOpts\",\"jasmineOpts\",\"cucumberOpts\",\"onPrepare\",\"onWorkerStart\",\"onWorkerEnd\",\"before\",\"beforeSession\",\"beforeSuite\",\"beforeHook\",\"beforeTest\",\"afterTest\",\"afterHook\",\"afterSuite\",\"afterSession\",\"after\",\"onComplete\",\"beforeAssertion\",\"afterAssertion\",\"beforeFeature\",\"beforeScenario\",\"beforeStep\",\"afterStep\",\"afterScenario\",\"afterFeature\",\"_\",\"suite\",\"$0\",\"ignoredWorkerServices\",\"wdi5\"]"}]}
RESULT: {"script":"<script> [2342 bytes]","args":[{"protocol":"http","hostname":"0.0.0.0","path":"/","capabilities":{"browserName":"chrome","goog:chromeOptions":{"binary":"C:\\Program Files\\Google\\Chrome\\Application\\chrome.exe","args":["--start-maximized"]}},"logLevel":"warn","connectionRetryTimeout":120000,"connectionRetryCount":3,"logLevels":{},"enableDirectConnect":true,"strictSSL":true,"_":"65 more keys: [\"cacheDir\",\"port\",\"requestedCapabilities\",\"automationProtocol\",\"baseUrl\",\"waitforInterval\",\"waitforTimeout\",\"onReload\",\"beforeCommand\",\"afterCommand\",\"rootDir\",\"specs\",\"suites\",\"exclude\",\"groupLogsByTestSpec\",\"excludeDriverLogs\",\"bail\",\"framework\",\"reporters\",\"services\",\"maxInstances\",\"maxInstancesPerCapability\",\"injectGlobals\",\"filesToWatch\",\"execArgv\",\"runnerEnv\",\"runner\",\"shard\",\"specFileRetries\",\"specFileRetriesDelay\",\"specFileRetriesDeferred\",\"reporterSyncInterval\",\"reporterSyncTimeout\",\"cucumberFeaturesWithLineNumbers\",\"autoCompileOpts\",\"mochaOpts\",\"jasmineOpts\",\"cucumberOpts\",\"onPrepare\",\"onWorkerStart\",\"onWorkerEnd\",\"before\",\"beforeSession\",\"beforeSuite\",\"beforeHook\",\"beforeTest\",\"afterTest\",\"afterHook\",\"afterSuite\",\"afterSession\",\"after\",\"onComplete\",\"beforeAssertion\",\"afterAssertion\",\"beforeFeature\",\"beforeScenario\",\"beforeStep\",\"afterStep\",\"afterScenario\",\"afterFeature\",\"_\",\"suite\",\"$0\",\"ignoredWorkerServices\",\"wdi5\"]"}]}
COMMAND: POST /session/08ab26b8631a6e4e239c2287b57cf254/execute/async - {"script":"<script> [21126 bytes]","args":[35000]}
RESULT: {"script":"<script> [21126 bytes]","args":[35000]}
]]></system-out>
    </testcase>
  </testsuite>
  <testsuite timestamp="2025-05-02T15:24:48" time="253.784" tests="2" failures="0" errors="0" skipped="0">
    <properties>
      <property name="specId" value="0" />
      <property name="suiteName" value="Create partner US118246" />
      <property name="capabilities" value="chrome.135_0_7049_96.windows" />
      <property name="file" value="file:///D:/a/1/s/test/specs/BTS/create-partner.spec.js" />
    </properties>
    <testcase classname="chrome.135_0_7049_96.windows.Create_partner_US118246" name="Should create new external partner" time="109.036">
      <system-out><![CDATA[
COMMAND: POST /session/08ab26b8631a6e4e239c2287b57cf254/window/fullscreen - {}
RESULT: {}
COMMAND: POST /session/08ab26b8631a6e4e239c2287b57cf254/execute/async - {"script":"<script> [1562 bytes]","args":[{"selector":{"controlType":"sap.m.GenericTile","properties":{"header":"Manage Partners"}},"wdio_ui5_key":"sapm.GenericTile{\"header\":\"Manage Partners\"}"}]}
RESULT: {"script":"<script> [1562 bytes]","args":[{"selector":{"controlType":"sap.m.GenericTile","properties":{"header":"Manage Partners"}},"wdio_ui5_key":"sapm.GenericTile{\"header\":\"Manage Partners\"}"}]}
RESULT: undefined
COMMAND: POST /session/08ab26b8631a6e4e239c2287b57cf254/element - {"using":"xpath","value":"//*[@id=\"__tile38\"]"}
RESULT: {"using":"xpath","value":"//*[@id=\"__tile38\"]"}
COMMAND: POST /session/08ab26b8631a6e4e239c2287b57cf254/element/f.150F062B3A02957456735AB987B5EB04.d.0BF1BE51EB754F4A9FF4EAF3AF8E86A8.e.2407/click - {}
RESULT: {}
COMMAND: POST /session/08ab26b8631a6e4e239c2287b57cf254/element - {"using":"xpath","value":"//button[@data-kt=\"addButton\"]"}
COMMAND: GET /session/08ab26b8631a6e4e239c2287b57cf254/screenshot - {}
RESULT: {"using":"xpath","value":"//button[@data-kt=\"addButton\"]"}
COMMAND: POST /session/08ab26b8631a6e4e239c2287b57cf254/elements - {"using":"xpath","value":"//button[@data-kt=\"addButton\"]"}
RESULT: {}
RESULT: {"using":"xpath","value":"//button[@data-kt=\"addButton\"]"}
COMMAND: POST /session/08ab26b8631a6e4e239c2287b57cf254/elements - {"using":"xpath","value":"//button[@data-kt=\"addButton\"]"}
RESULT: {"using":"xpath","value":"//button[@data-kt=\"addButton\"]"}
COMMAND: POST /session/08ab26b8631a6e4e239c2287b57cf254/elements - {"using":"xpath","value":"//button[@data-kt=\"addButton\"]"}
RESULT: {"using":"xpath","value":"//button[@data-kt=\"addButton\"]"}
COMMAND: POST /session/08ab26b8631a6e4e239c2287b57cf254/elements - {"using":"xpath","value":"//button[@data-kt=\"addButton\"]"}
RESULT: {"using":"xpath","value":"//button[@data-kt=\"addButton\"]"}
COMMAND: POST /session/08ab26b8631a6e4e239c2287b57cf254/elements - {"using":"xpath","value":"//button[@data-kt=\"addButton\"]"}
RESULT: {"using":"xpath","value":"//button[@data-kt=\"addButton\"]"}
COMMAND: POST /session/08ab26b8631a6e4e239c2287b57cf254/elements - {"using":"xpath","value":"//button[@data-kt=\"addButton\"]"}
RESULT: {"using":"xpath","value":"//button[@data-kt=\"addButton\"]"}
COMMAND: POST /session/08ab26b8631a6e4e239c2287b57cf254/elements - {"using":"xpath","value":"//button[@data-kt=\"addButton\"]"}
RESULT: {"using":"xpath","value":"//button[@data-kt=\"addButton\"]"}
COMMAND: POST /session/08ab26b8631a6e4e239c2287b57cf254/elements - {"using":"xpath","value":"//button[@data-kt=\"addButton\"]"}
RESULT: {"using":"xpath","value":"//button[@data-kt=\"addButton\"]"}
COMMAND: POST /session/08ab26b8631a6e4e239c2287b57cf254/elements - {"using":"xpath","value":"//button[@data-kt=\"addButton\"]"}
RESULT: {"using":"xpath","value":"//button[@data-kt=\"addButton\"]"}
COMMAND: POST /session/08ab26b8631a6e4e239c2287b57cf254/elements - {"using":"xpath","value":"//button[@data-kt=\"addButton\"]"}
RESULT: {"using":"xpath","value":"//button[@data-kt=\"addButton\"]"}
COMMAND: POST /session/08ab26b8631a6e4e239c2287b57cf254/elements - {"using":"xpath","value":"//button[@data-kt=\"addButton\"]"}
RESULT: {"using":"xpath","value":"//button[@data-kt=\"addButton\"]"}
COMMAND: POST /session/08ab26b8631a6e4e239c2287b57cf254/elements - {"using":"xpath","value":"//button[@data-kt=\"addButton\"]"}
RESULT: {"using":"xpath","value":"//button[@data-kt=\"addButton\"]"}
COMMAND: POST /session/08ab26b8631a6e4e239c2287b57cf254/elements - {"using":"xpath","value":"//button[@data-kt=\"addButton\"]"}
RESULT: {"using":"xpath","value":"//button[@data-kt=\"addButton\"]"}
COMMAND: POST /session/08ab26b8631a6e4e239c2287b57cf254/elements - {"using":"xpath","value":"//button[@data-kt=\"addButton\"]"}
RESULT: {"using":"xpath","value":"//button[@data-kt=\"addButton\"]"}
COMMAND: POST /session/08ab26b8631a6e4e239c2287b57cf254/elements - {"using":"xpath","value":"//button[@data-kt=\"addButton\"]"}
RESULT: {"using":"xpath","value":"//button[@data-kt=\"addButton\"]"}
COMMAND: POST /session/08ab26b8631a6e4e239c2287b57cf254/elements - {"using":"xpath","value":"//button[@data-kt=\"addButton\"]"}
RESULT: {"using":"xpath","value":"//button[@data-kt=\"addButton\"]"}
COMMAND: POST /session/08ab26b8631a6e4e239c2287b57cf254/elements - {"using":"xpath","value":"//button[@data-kt=\"addButton\"]"}
RESULT: {"using":"xpath","value":"//button[@data-kt=\"addButton\"]"}
COMMAND: POST /session/08ab26b8631a6e4e239c2287b57cf254/elements - {"using":"xpath","value":"//button[@data-kt=\"addButton\"]"}
RESULT: {"using":"xpath","value":"//button[@data-kt=\"addButton\"]"}
COMMAND: POST /session/08ab26b8631a6e4e239c2287b57cf254/elements - {"using":"xpath","value":"//button[@data-kt=\"addButton\"]"}
RESULT: {"using":"xpath","value":"//button[@data-kt=\"addButton\"]"}
COMMAND: POST /session/08ab26b8631a6e4e239c2287b57cf254/elements - {"using":"xpath","value":"//button[@data-kt=\"addButton\"]"}
RESULT: {"using":"xpath","value":"//button[@data-kt=\"addButton\"]"}
COMMAND: POST /session/08ab26b8631a6e4e239c2287b57cf254/elements - {"using":"xpath","value":"//button[@data-kt=\"addButton\"]"}
RESULT: {"using":"xpath","value":"//button[@data-kt=\"addButton\"]"}
COMMAND: POST /session/08ab26b8631a6e4e239c2287b57cf254/elements - {"using":"xpath","value":"//button[@data-kt=\"addButton\"]"}
RESULT: {"using":"xpath","value":"//button[@data-kt=\"addButton\"]"}
COMMAND: POST /session/08ab26b8631a6e4e239c2287b57cf254/elements - {"using":"xpath","value":"//button[@data-kt=\"addButton\"]"}
RESULT: {"using":"xpath","value":"//button[@data-kt=\"addButton\"]"}
COMMAND: POST /session/08ab26b8631a6e4e239c2287b57cf254/elements - {"using":"xpath","value":"//button[@data-kt=\"addButton\"]"}
RESULT: {"using":"xpath","value":"//button[@data-kt=\"addButton\"]"}
COMMAND: POST /session/08ab26b8631a6e4e239c2287b57cf254/elements - {"using":"xpath","value":"//button[@data-kt=\"addButton\"]"}
RESULT: {"using":"xpath","value":"//button[@data-kt=\"addButton\"]"}
COMMAND: POST /session/08ab26b8631a6e4e239c2287b57cf254/elements - {"using":"xpath","value":"//button[@data-kt=\"addButton\"]"}
RESULT: {"using":"xpath","value":"//button[@data-kt=\"addButton\"]"}
COMMAND: POST /session/08ab26b8631a6e4e239c2287b57cf254/elements - {"using":"xpath","value":"//button[@data-kt=\"addButton\"]"}
RESULT: {"using":"xpath","value":"//button[@data-kt=\"addButton\"]"}
COMMAND: POST /session/08ab26b8631a6e4e239c2287b57cf254/elements - {"using":"xpath","value":"//button[@data-kt=\"addButton\"]"}
RESULT: {"using":"xpath","value":"//button[@data-kt=\"addButton\"]"}
COMMAND: POST /session/08ab26b8631a6e4e239c2287b57cf254/elements - {"using":"xpath","value":"//button[@data-kt=\"addButton\"]"}
RESULT: {"using":"xpath","value":"//button[@data-kt=\"addButton\"]"}
COMMAND: POST /session/08ab26b8631a6e4e239c2287b57cf254/elements - {"using":"xpath","value":"//button[@data-kt=\"addButton\"]"}
RESULT: {"using":"xpath","value":"//button[@data-kt=\"addButton\"]"}
COMMAND: POST /session/08ab26b8631a6e4e239c2287b57cf254/elements - {"using":"xpath","value":"//button[@data-kt=\"addButton\"]"}
RESULT: {"using":"xpath","value":"//button[@data-kt=\"addButton\"]"}
COMMAND: POST /session/08ab26b8631a6e4e239c2287b57cf254/elements - {"using":"xpath","value":"//button[@data-kt=\"addButton\"]"}
RESULT: {"using":"xpath","value":"//button[@data-kt=\"addButton\"]"}
COMMAND: POST /session/08ab26b8631a6e4e239c2287b57cf254/elements - {"using":"xpath","value":"//button[@data-kt=\"addButton\"]"}
RESULT: {"using":"xpath","value":"//button[@data-kt=\"addButton\"]"}
COMMAND: POST /session/08ab26b8631a6e4e239c2287b57cf254/elements - {"using":"xpath","value":"//button[@data-kt=\"addButton\"]"}
RESULT: {"using":"xpath","value":"//button[@data-kt=\"addButton\"]"}
COMMAND: POST /session/08ab26b8631a6e4e239c2287b57cf254/elements - {"using":"xpath","value":"//button[@data-kt=\"addButton\"]"}
RESULT: {"using":"xpath","value":"//button[@data-kt=\"addButton\"]"}
COMMAND: POST /session/08ab26b8631a6e4e239c2287b57cf254/elements - {"using":"xpath","value":"//button[@data-kt=\"addButton\"]"}
RESULT: {"using":"xpath","value":"//button[@data-kt=\"addButton\"]"}
COMMAND: POST /session/08ab26b8631a6e4e239c2287b57cf254/elements - {"using":"xpath","value":"//button[@data-kt=\"addButton\"]"}
RESULT: {"using":"xpath","value":"//button[@data-kt=\"addButton\"]"}
COMMAND: POST /session/08ab26b8631a6e4e239c2287b57cf254/elements - {"using":"xpath","value":"//button[@data-kt=\"addButton\"]"}
RESULT: {"using":"xpath","value":"//button[@data-kt=\"addButton\"]"}
COMMAND: POST /session/08ab26b8631a6e4e239c2287b57cf254/elements - {"using":"xpath","value":"//button[@data-kt=\"addButton\"]"}
RESULT: {"using":"xpath","value":"//button[@data-kt=\"addButton\"]"}
COMMAND: POST /session/08ab26b8631a6e4e239c2287b57cf254/elements - {"using":"xpath","value":"//button[@data-kt=\"addButton\"]"}
RESULT: {"using":"xpath","value":"//button[@data-kt=\"addButton\"]"}
COMMAND: POST /session/08ab26b8631a6e4e239c2287b57cf254/elements - {"using":"xpath","value":"//button[@data-kt=\"addButton\"]"}
RESULT: {"using":"xpath","value":"//button[@data-kt=\"addButton\"]"}
COMMAND: POST /session/08ab26b8631a6e4e239c2287b57cf254/elements - {"using":"xpath","value":"//button[@data-kt=\"addButton\"]"}
RESULT: {"using":"xpath","value":"//button[@data-kt=\"addButton\"]"}
COMMAND: POST /session/08ab26b8631a6e4e239c2287b57cf254/elements - {"using":"xpath","value":"//button[@data-kt=\"addButton\"]"}
RESULT: {"using":"xpath","value":"//button[@data-kt=\"addButton\"]"}
COMMAND: POST /session/08ab26b8631a6e4e239c2287b57cf254/elements - {"using":"xpath","value":"//button[@data-kt=\"addButton\"]"}
RESULT: {"using":"xpath","value":"//button[@data-kt=\"addButton\"]"}
COMMAND: POST /session/08ab26b8631a6e4e239c2287b57cf254/elements - {"using":"xpath","value":"//button[@data-kt=\"addButton\"]"}
RESULT: {"using":"xpath","value":"//button[@data-kt=\"addButton\"]"}
COMMAND: POST /session/08ab26b8631a6e4e239c2287b57cf254/element - {"using":"xpath","value":"//button[@data-kt=\"addButton\"]"}
RESULT: {"using":"xpath","value":"//button[@data-kt=\"addButton\"]"}
COMMAND: POST /session/08ab26b8631a6e4e239c2287b57cf254/execute/sync - {"script":"<script> [8489 bytes]","args":[{"element-6066-11e4-a52e-4f735466cecf":"f.150F062B3A02957456735AB987B5EB04.d.0BF1BE51EB754F4A9FF4EAF3AF8E86A8.e.2549","ELEMENT":"f.150F062B3A02957456735AB987B5EB04.d.0BF1BE51EB754F4A9FF4EAF3AF8E86A8.e.2549"}]}
RESULT: {"script":"<script> [8489 bytes]","args":[{"element-6066-11e4-a52e-4f735466cecf":"f.150F062B3A02957456735AB987B5EB04.d.0BF1BE51EB754F4A9FF4EAF3AF8E86A8.e.2549","ELEMENT":"f.150F062B3A02957456735AB987B5EB04.d.0BF1BE51EB754F4A9FF4EAF3AF8E86A8.e.2549"}]}
COMMAND: GET /session/08ab26b8631a6e4e239c2287b57cf254/element/f.150F062B3A02957456735AB987B5EB04.d.0BF1BE51EB754F4A9FF4EAF3AF8E86A8.e.2549/enabled - {}
COMMAND: GET /session/08ab26b8631a6e4e239c2287b57cf254/screenshot - {}
RESULT: {}
COMMAND: POST /session/08ab26b8631a6e4e239c2287b57cf254/execute/sync - {"script":"<script> [8489 bytes]","args":[{"element-6066-11e4-a52e-4f735466cecf":"f.150F062B3A02957456735AB987B5EB04.d.0BF1BE51EB754F4A9FF4EAF3AF8E86A8.e.2549","ELEMENT":"f.150F062B3A02957456735AB987B5EB04.d.0BF1BE51EB754F4A9FF4EAF3AF8E86A8.e.2549"}]}
COMMAND: GET /session/08ab26b8631a6e4e239c2287b57cf254/screenshot - {}
RESULT: {}
RESULT: {"script":"<script> [8489 bytes]","args":[{"element-6066-11e4-a52e-4f735466cecf":"f.150F062B3A02957456735AB987B5EB04.d.0BF1BE51EB754F4A9FF4EAF3AF8E86A8.e.2549","ELEMENT":"f.150F062B3A02957456735AB987B5EB04.d.0BF1BE51EB754F4A9FF4EAF3AF8E86A8.e.2549"}]}
COMMAND: POST /session/08ab26b8631a6e4e239c2287b57cf254/execute/sync - {"script":"<script> [5351 bytes]","args":[{"element-6066-11e4-a52e-4f735466cecf":"f.150F062B3A02957456735AB987B5EB04.d.0BF1BE51EB754F4A9FF4EAF3AF8E86A8.e.2549","ELEMENT":"f.150F062B3A02957456735AB987B5EB04.d.0BF1BE51EB754F4A9FF4EAF3AF8E86A8.e.2549"}]}
COMMAND: GET /session/08ab26b8631a6e4e239c2287b57cf254/screenshot - {}
RESULT: {}
RESULT: {"script":"<script> [5351 bytes]","args":[{"element-6066-11e4-a52e-4f735466cecf":"f.150F062B3A02957456735AB987B5EB04.d.0BF1BE51EB754F4A9FF4EAF3AF8E86A8.e.2549","ELEMENT":"f.150F062B3A02957456735AB987B5EB04.d.0BF1BE51EB754F4A9FF4EAF3AF8E86A8.e.2549"}]}
COMMAND: POST /session/08ab26b8631a6e4e239c2287b57cf254/element/f.150F062B3A02957456735AB987B5EB04.d.0BF1BE51EB754F4A9FF4EAF3AF8E86A8.e.2549/click - {}
COMMAND: GET /session/08ab26b8631a6e4e239c2287b57cf254/screenshot - {}
RESULT: {}
RESULT: {}
COMMAND: GET /session/08ab26b8631a6e4e239c2287b57cf254/screenshot - {}
RESULT: {}
RESULT: {}
COMMAND: POST /session/08ab26b8631a6e4e239c2287b57cf254/execute/async - {"script":"<script> [1562 bytes]","args":[{"selector":{"id":"application-managepartners-display-component---NewPartner--addressDetailDetailsName1","interaction":{"idSuffix":"inner"}},"wdio_ui5_key":"applicationmanagepartners-display-component---NewPartner--addressDetailDetailsName1"}]}
RESULT: {"script":"<script> [1562 bytes]","args":[{"selector":{"id":"application-managepartners-display-component---NewPartner--addressDetailDetailsName1","interaction":{"idSuffix":"inner"}},"wdio_ui5_key":"applicationmanagepartners-display-component---NewPartner--addressDetailDetailsName1"}]}
RESULT: undefined
COMMAND: POST /session/08ab26b8631a6e4e239c2287b57cf254/execute/async - {"script":"<script> [776 bytes]","args":[{"enterText":"External Partner WDIO","selector":{"id":"application-managepartners-display-component---NewPartner--addressDetailDetailsName1","interaction":{"idSuffix":"inner"}},"clearTextFirst":true,"interactionType":"ENTER_TEXT"}]}
RESULT: {"script":"<script> [776 bytes]","args":[{"enterText":"External Partner WDIO","selector":{"id":"application-managepartners-display-component---NewPartner--addressDetailDetailsName1","interaction":{"idSuffix":"inner"}},"clearTextFirst":true,"interactionType":"ENTER_TEXT"}]}
COMMAND: POST /session/08ab26b8631a6e4e239c2287b57cf254/execute/async - {"script":"<script> [1562 bytes]","args":[{"selector":{"id":"application-managepartners-display-component---NewPartner--addressDetailDetailsLanguage-arrow"},"wdio_ui5_key":"applicationmanagepartners-display-component---NewPartner--addressDetailDetailsLanguage-arrow"}]}
RESULT: {"script":"<script> [1562 bytes]","args":[{"selector":{"id":"application-managepartners-display-component---NewPartner--addressDetailDetailsLanguage-arrow"},"wdio_ui5_key":"applicationmanagepartners-display-component---NewPartner--addressDetailDetailsLanguage-arrow"}]}
RESULT: undefined
COMMAND: POST /session/08ab26b8631a6e4e239c2287b57cf254/element - {"using":"xpath","value":"//*[@id=\"application-managepartners-display-component---NewPartner--addressDetailDetailsLanguage-arrow\"]"}
RESULT: {"using":"xpath","value":"//*[@id=\"application-managepartners-display-component---NewPartner--addressDetailDetailsLanguage-arrow\"]"}
COMMAND: POST /session/08ab26b8631a6e4e239c2287b57cf254/element/f.150F062B3A02957456735AB987B5EB04.d.0BF1BE51EB754F4A9FF4EAF3AF8E86A8.e.2989/click - {}
RESULT: {}
COMMAND: POST /session/08ab26b8631a6e4e239c2287b57cf254/element - {"using":"xpath","value":"//span[contains(text(), \"English\")]"}
COMMAND: GET /session/08ab26b8631a6e4e239c2287b57cf254/screenshot - {}
RESULT: {"using":"xpath","value":"//span[contains(text(), \"English\")]"}
COMMAND: POST /session/08ab26b8631a6e4e239c2287b57cf254/element/f.150F062B3A02957456735AB987B5EB04.d.0BF1BE51EB754F4A9FF4EAF3AF8E86A8.e.2990/click - {}
RESULT: {}
RESULT: {}
COMMAND: GET /session/08ab26b8631a6e4e239c2287b57cf254/screenshot - {}
RESULT: {}
COMMAND: POST /session/08ab26b8631a6e4e239c2287b57cf254/execute/async - {"script":"<script> [1562 bytes]","args":[{"selector":{"id":"application-managepartners-display-component---NewPartner--addressDetailDetailsCity1","interaction":{"idSuffix":"inner"}},"wdio_ui5_key":"applicationmanagepartners-display-component---NewPartner--addressDetailDetailsCity1"}]}
RESULT: {"script":"<script> [1562 bytes]","args":[{"selector":{"id":"application-managepartners-display-component---NewPartner--addressDetailDetailsCity1","interaction":{"idSuffix":"inner"}},"wdio_ui5_key":"applicationmanagepartners-display-component---NewPartner--addressDetailDetailsCity1"}]}
RESULT: undefined
COMMAND: POST /session/08ab26b8631a6e4e239c2287b57cf254/execute/async - {"script":"<script> [776 bytes]","args":[{"enterText":"Rosario","selector":{"id":"application-managepartners-display-component---NewPartner--addressDetailDetailsCity1","interaction":{"idSuffix":"inner"}},"clearTextFirst":true,"interactionType":"ENTER_TEXT"}]}
RESULT: {"script":"<script> [776 bytes]","args":[{"enterText":"Rosario","selector":{"id":"application-managepartners-display-component---NewPartner--addressDetailDetailsCity1","interaction":{"idSuffix":"inner"}},"clearTextFirst":true,"interactionType":"ENTER_TEXT"}]}
COMMAND: POST /session/08ab26b8631a6e4e239c2287b57cf254/execute/async - {"script":"<script> [1562 bytes]","args":[{"selector":{"id":"application-managepartners-display-component---NewPartner--addressDetailDetailsCountry-arrow"},"wdio_ui5_key":"applicationmanagepartners-display-component---NewPartner--addressDetailDetailsCountry-arrow"}]}
RESULT: {"script":"<script> [1562 bytes]","args":[{"selector":{"id":"application-managepartners-display-component---NewPartner--addressDetailDetailsCountry-arrow"},"wdio_ui5_key":"applicationmanagepartners-display-component---NewPartner--addressDetailDetailsCountry-arrow"}]}
RESULT: undefined
COMMAND: POST /session/08ab26b8631a6e4e239c2287b57cf254/element - {"using":"xpath","value":"//*[@id=\"application-managepartners-display-component---NewPartner--addressDetailDetailsCountry-arrow\"]"}
RESULT: {"using":"xpath","value":"//*[@id=\"application-managepartners-display-component---NewPartner--addressDetailDetailsCountry-arrow\"]"}
COMMAND: POST /session/08ab26b8631a6e4e239c2287b57cf254/element/f.150F062B3A02957456735AB987B5EB04.d.0BF1BE51EB754F4A9FF4EAF3AF8E86A8.e.2965/click - {}
RESULT: {}
COMMAND: POST /session/08ab26b8631a6e4e239c2287b57cf254/element - {"using":"xpath","value":"//span[contains(text(), \"Argentina\")]"}
COMMAND: GET /session/08ab26b8631a6e4e239c2287b57cf254/screenshot - {}
RESULT: {"using":"xpath","value":"//span[contains(text(), \"Argentina\")]"}
COMMAND: POST /session/08ab26b8631a6e4e239c2287b57cf254/element/f.150F062B3A02957456735AB987B5EB04.d.0BF1BE51EB754F4A9FF4EAF3AF8E86A8.e.2992/click - {}
RESULT: {}
RESULT: {}
COMMAND: GET /session/08ab26b8631a6e4e239c2287b57cf254/screenshot - {}
RESULT: {}
COMMAND: POST /session/08ab26b8631a6e4e239c2287b57cf254/element - {"using":"xpath","value":"//bdi[contains(text(), \"Commercial\")]"}
RESULT: {"using":"xpath","value":"//bdi[contains(text(), \"Commercial\")]"}
COMMAND: POST /session/08ab26b8631a6e4e239c2287b57cf254/element/f.150F062B3A02957456735AB987B5EB04.d.0BF1BE51EB754F4A9FF4EAF3AF8E86A8.e.2993/click - {}
RESULT: {}
COMMAND: GET /session/08ab26b8631a6e4e239c2287b57cf254/screenshot - {}
RESULT: {}
COMMAND: POST /session/08ab26b8631a6e4e239c2287b57cf254/execute/async - {"script":"<script> [1562 bytes]","args":[{"selector":{"id":"application-managepartners-display-component---NewPartner--partnerDetailInternal-arrow"},"wdio_ui5_key":"applicationmanagepartners-display-component---NewPartner--partnerDetailInternal-arrow"}]}
RESULT: {"script":"<script> [1562 bytes]","args":[{"selector":{"id":"application-managepartners-display-component---NewPartner--partnerDetailInternal-arrow"},"wdio_ui5_key":"applicationmanagepartners-display-component---NewPartner--partnerDetailInternal-arrow"}]}
RESULT: undefined
COMMAND: POST /session/08ab26b8631a6e4e239c2287b57cf254/element - {"using":"xpath","value":"//*[@id=\"application-managepartners-display-component---NewPartner--partnerDetailInternal-arrow\"]"}
RESULT: {"using":"xpath","value":"//*[@id=\"application-managepartners-display-component---NewPartner--partnerDetailInternal-arrow\"]"}
COMMAND: POST /session/08ab26b8631a6e4e239c2287b57cf254/element/f.150F062B3A02957456735AB987B5EB04.d.0BF1BE51EB754F4A9FF4EAF3AF8E86A8.e.2999/click - {}
RESULT: {}
COMMAND: POST /session/08ab26b8631a6e4e239c2287b57cf254/element - {"using":"xpath","value":"//span[contains(text(), \"External partner\")]"}
COMMAND: GET /session/08ab26b8631a6e4e239c2287b57cf254/screenshot - {}
RESULT: {"using":"xpath","value":"//span[contains(text(), \"External partner\")]"}
COMMAND: POST /session/08ab26b8631a6e4e239c2287b57cf254/element/f.150F062B3A02957456735AB987B5EB04.d.0BF1BE51EB754F4A9FF4EAF3AF8E86A8.e.3000/click - {}
RESULT: {}
RESULT: {}
COMMAND: POST /session/08ab26b8631a6e4e239c2287b57cf254/execute/async - {"script":"<script> [1562 bytes]","args":[{"selector":{"id":"application-managepartners-display-component---NewPartner--partnerDetailsCurrency-arrow"},"wdio_ui5_key":"applicationmanagepartners-display-component---NewPartner--partnerDetailsCurrency-arrow"}]}
COMMAND: GET /session/08ab26b8631a6e4e239c2287b57cf254/screenshot - {}
RESULT: {"script":"<script> [1562 bytes]","args":[{"selector":{"id":"application-managepartners-display-component---NewPartner--partnerDetailsCurrency-arrow"},"wdio_ui5_key":"applicationmanagepartners-display-component---NewPartner--partnerDetailsCurrency-arrow"}]}
RESULT: undefined
COMMAND: POST /session/08ab26b8631a6e4e239c2287b57cf254/element - {"using":"xpath","value":"//*[@id=\"application-managepartners-display-component---NewPartner--partnerDetailsCurrency-arrow\"]"}
RESULT: {}
RESULT: {"using":"xpath","value":"//*[@id=\"application-managepartners-display-component---NewPartner--partnerDetailsCurrency-arrow\"]"}
COMMAND: POST /session/08ab26b8631a6e4e239c2287b57cf254/element/f.150F062B3A02957456735AB987B5EB04.d.0BF1BE51EB754F4A9FF4EAF3AF8E86A8.e.3005/click - {}
RESULT: {}
COMMAND: POST /session/08ab26b8631a6e4e239c2287b57cf254/element - {"using":"xpath","value":"//span[contains(text(), \"US Dollar\")]"}
COMMAND: GET /session/08ab26b8631a6e4e239c2287b57cf254/screenshot - {}
RESULT: {"using":"xpath","value":"//span[contains(text(), \"US Dollar\")]"}
COMMAND: POST /session/08ab26b8631a6e4e239c2287b57cf254/element/f.150F062B3A02957456735AB987B5EB04.d.0BF1BE51EB754F4A9FF4EAF3AF8E86A8.e.3006/click - {}
RESULT: {}
RESULT: {}
COMMAND: GET /session/08ab26b8631a6e4e239c2287b57cf254/screenshot - {}
RESULT: {}
COMMAND: POST /session/08ab26b8631a6e4e239c2287b57cf254/element - {"using":"xpath","value":"//input[@id=\"application-managepartners-display-component---NewPartner--companyCodeComboBox-inner\"]"}
RESULT: {"using":"xpath","value":"//input[@id=\"application-managepartners-display-component---NewPartner--companyCodeComboBox-inner\"]"}
COMMAND: POST /session/08ab26b8631a6e4e239c2287b57cf254/element/f.150F062B3A02957456735AB987B5EB04.d.0BF1BE51EB754F4A9FF4EAF3AF8E86A8.e.2860/clear - {}
RESULT: {}
COMMAND: POST /session/08ab26b8631a6e4e239c2287b57cf254/element/f.150F062B3A02957456735AB987B5EB04.d.0BF1BE51EB754F4A9FF4EAF3AF8E86A8.e.2860/value - {"text":"C002"}
COMMAND: GET /session/08ab26b8631a6e4e239c2287b57cf254/screenshot - {}
RESULT: {"text":"C002"}
COMMAND: GET /session/08ab26b8631a6e4e239c2287b57cf254/screenshot - {}
RESULT: {}
RESULT: {}
COMMAND: POST /session/08ab26b8631a6e4e239c2287b57cf254/element - {"using":"xpath","value":"//span[contains(text(), \"C002\")]"}
RESULT: {"using":"xpath","value":"//span[contains(text(), \"C002\")]"}
COMMAND: POST /session/08ab26b8631a6e4e239c2287b57cf254/element/f.150F062B3A02957456735AB987B5EB04.d.0BF1BE51EB754F4A9FF4EAF3AF8E86A8.e.3010/click - {}
RESULT: {}
COMMAND: GET /session/08ab26b8631a6e4e239c2287b57cf254/screenshot - {}
RESULT: {}
COMMAND: POST /session/08ab26b8631a6e4e239c2287b57cf254/execute/async - {"script":"<script> [1562 bytes]","args":[{"selector":{"id":"application-managepartners-display-component---NewPartner--btnAddTableRow-img"},"wdio_ui5_key":"applicationmanagepartners-display-component---NewPartner--btnAddTableRow-img"}]}
RESULT: {"script":"<script> [1562 bytes]","args":[{"selector":{"id":"application-managepartners-display-component---NewPartner--btnAddTableRow-img"},"wdio_ui5_key":"applicationmanagepartners-display-component---NewPartner--btnAddTableRow-img"}]}
RESULT: undefined
COMMAND: POST /session/08ab26b8631a6e4e239c2287b57cf254/element - {"using":"xpath","value":"//*[@id=\"application-managepartners-display-component---NewPartner--btnAddTableRow-img\"]"}
RESULT: {"using":"xpath","value":"//*[@id=\"application-managepartners-display-component---NewPartner--btnAddTableRow-img\"]"}
COMMAND: POST /session/08ab26b8631a6e4e239c2287b57cf254/element/f.150F062B3A02957456735AB987B5EB04.d.0BF1BE51EB754F4A9FF4EAF3AF8E86A8.e.3011/click - {}
RESULT: {}
COMMAND: GET /session/08ab26b8631a6e4e239c2287b57cf254/screenshot - {}
RESULT: {}
COMMAND: POST /session/08ab26b8631a6e4e239c2287b57cf254/element - {"using":"xpath","value":"//input[@id=\"application-managepartners-display-component---NewPartner--assignmentYard-application-managepartners-display-component---NewPartner--assignmentsTable-0-inner\"]"}
RESULT: {"using":"xpath","value":"//input[@id=\"application-managepartners-display-component---NewPartner--assignmentYard-application-managepartners-display-component---NewPartner--assignmentsTable-0-inner\"]"}
COMMAND: POST /session/08ab26b8631a6e4e239c2287b57cf254/element/f.150F062B3A02957456735AB987B5EB04.d.0BF1BE51EB754F4A9FF4EAF3AF8E86A8.e.3014/clear - {}
RESULT: {}
COMMAND: POST /session/08ab26b8631a6e4e239c2287b57cf254/element/f.150F062B3A02957456735AB987B5EB04.d.0BF1BE51EB754F4A9FF4EAF3AF8E86A8.e.3014/value - {"text":"500"}
COMMAND: GET /session/08ab26b8631a6e4e239c2287b57cf254/screenshot - {}
RESULT: {"text":"500"}
COMMAND: GET /session/08ab26b8631a6e4e239c2287b57cf254/screenshot - {}
RESULT: {}
RESULT: {}
COMMAND: POST /session/08ab26b8631a6e4e239c2287b57cf254/element - {"using":"xpath","value":"//li[.//span[text()='500']]"}
RESULT: {"using":"xpath","value":"//li[.//span[text()='500']]"}
COMMAND: POST /session/08ab26b8631a6e4e239c2287b57cf254/element/f.150F062B3A02957456735AB987B5EB04.d.0BF1BE51EB754F4A9FF4EAF3AF8E86A8.e.3022/click - {}
RESULT: {}
COMMAND: GET /session/08ab26b8631a6e4e239c2287b57cf254/screenshot - {}
RESULT: {}
COMMAND: POST /session/08ab26b8631a6e4e239c2287b57cf254/actions - {"actions":[{"id":"action6","type":"key","parameters":{},"actions":[{"type":"keyDown","value":"î€‡"},{"type":"pause","duration":10},{"type":"keyUp","value":"î€‡"}]}]}
RESULT: {"actions":[{"id":"action6","type":"key","parameters":{},"actions":[{"type":"keyDown","value":"î€‡"},{"type":"pause","duration":10},{"type":"keyUp","value":"î€‡"}]}]}
COMMAND: POST /session/08ab26b8631a6e4e239c2287b57cf254/element - {"using":"xpath","value":"//td[contains(@id, \"assignmentsTable-0-cell2\")]/div/div"}
COMMAND: GET /session/08ab26b8631a6e4e239c2287b57cf254/screenshot - {}
RESULT: {"using":"xpath","value":"//td[contains(@id, \"assignmentsTable-0-cell2\")]/div/div"}
COMMAND: POST /session/08ab26b8631a6e4e239c2287b57cf254/element/f.150F062B3A02957456735AB987B5EB04.d.0BF1BE51EB754F4A9FF4EAF3AF8E86A8.e.3025/click - {}
RESULT: {}
RESULT: {}
COMMAND: GET /session/08ab26b8631a6e4e239c2287b57cf254/screenshot - {}
RESULT: {}
COMMAND: POST /session/08ab26b8631a6e4e239c2287b57cf254/element - {"using":"xpath","value":"//button[@data-kt=\"saveButton\"]"}
RESULT: {"using":"xpath","value":"//button[@data-kt=\"saveButton\"]"}
COMMAND: POST /session/08ab26b8631a6e4e239c2287b57cf254/element/f.150F062B3A02957456735AB987B5EB04.d.0BF1BE51EB754F4A9FF4EAF3AF8E86A8.e.2967/click - {}
RESULT: {}
COMMAND: GET /session/08ab26b8631a6e4e239c2287b57cf254/screenshot - {}
RESULT: {}
COMMAND: POST /session/08ab26b8631a6e4e239c2287b57cf254/element - {"using":"xpath","value":"//header[contains(@id, 'ObjectPageLayout-headerTitle')]/div[1]/div[2]/div[2]/span[1]"}
RESULT: {"using":"xpath","value":"//header[contains(@id, 'ObjectPageLayout-headerTitle')]/div[1]/div[2]/div[2]/span[1]"}
COMMAND: POST /session/08ab26b8631a6e4e239c2287b57cf254/elements - {"using":"xpath","value":"//header[contains(@id, 'ObjectPageLayout-headerTitle')]/div[1]/div[2]/div[2]/span[1]"}
RESULT: {"using":"xpath","value":"//header[contains(@id, 'ObjectPageLayout-headerTitle')]/div[1]/div[2]/div[2]/span[1]"}
COMMAND: POST /session/08ab26b8631a6e4e239c2287b57cf254/execute/sync - {"script":"<script> [56 bytes]","args":[{"element-6066-11e4-a52e-4f735466cecf":"f.150F062B3A02957456735AB987B5EB04.d.0BF1BE51EB754F4A9FF4EAF3AF8E86A8.e.3188","ELEMENT":"f.150F062B3A02957456735AB987B5EB04.d.0BF1BE51EB754F4A9FF4EAF3AF8E86A8.e.3188"}]}
RESULT: {"script":"<script> [56 bytes]","args":[{"element-6066-11e4-a52e-4f735466cecf":"f.150F062B3A02957456735AB987B5EB04.d.0BF1BE51EB754F4A9FF4EAF3AF8E86A8.e.3188","ELEMENT":"f.150F062B3A02957456735AB987B5EB04.d.0BF1BE51EB754F4A9FF4EAF3AF8E86A8.e.3188"}]}
COMMAND: POST /session/08ab26b8631a6e4e239c2287b57cf254/element - {"using":"css selector","value":"#shell-header-logo"}
COMMAND: GET /session/08ab26b8631a6e4e239c2287b57cf254/screenshot - {}
RESULT: {"using":"css selector","value":"#shell-header-logo"}
COMMAND: POST /session/08ab26b8631a6e4e239c2287b57cf254/element/f.150F062B3A02957456735AB987B5EB04.d.0BF1BE51EB754F4A9FF4EAF3AF8E86A8.e.2514/click - {}
RESULT: {}
RESULT: {}
COMMAND: GET /session/08ab26b8631a6e4e239c2287b57cf254/screenshot - {}
RESULT: {}
COMMAND: POST /session/08ab26b8631a6e4e239c2287b57cf254/execute/sync - {"script":"<script> [299 bytes]","args":[["getModel","getResource"]]}
RESULT: {"script":"<script> [299 bytes]","args":[["getModel","getResource"]]}
COMMAND: GET /session/08ab26b8631a6e4e239c2287b57cf254/screenshot - {}
]]></system-out>
    </testcase>
    <testcase classname="chrome.135_0_7049_96.windows.Create_partner_US118246" name="Should create new external WHM partner" time="87.539">
      <system-out><![CDATA[
COMMAND: POST /session/08ab26b8631a6e4e239c2287b57cf254/window/fullscreen - {}
RESULT: {}
RESULT: {}
RESULT: undefined
COMMAND: POST /session/08ab26b8631a6e4e239c2287b57cf254/element - {"using":"xpath","value":"//*[@id=\"__tile38\"]"}
RESULT: {"using":"xpath","value":"//*[@id=\"__tile38\"]"}
COMMAND: POST /session/08ab26b8631a6e4e239c2287b57cf254/element/f.150F062B3A02957456735AB987B5EB04.d.0BF1BE51EB754F4A9FF4EAF3AF8E86A8.e.2407/click - {}
RESULT: {}
COMMAND: POST /session/08ab26b8631a6e4e239c2287b57cf254/element - {"using":"xpath","value":"//button[@data-kt=\"addButton\"]"}
COMMAND: GET /session/08ab26b8631a6e4e239c2287b57cf254/screenshot - {}
RESULT: {"using":"xpath","value":"//button[@data-kt=\"addButton\"]"}
COMMAND: POST /session/08ab26b8631a6e4e239c2287b57cf254/elements - {"using":"xpath","value":"//button[@data-kt=\"addButton\"]"}
RESULT: {}
RESULT: {"using":"xpath","value":"//button[@data-kt=\"addButton\"]"}
COMMAND: POST /session/08ab26b8631a6e4e239c2287b57cf254/elements - {"using":"xpath","value":"//button[@data-kt=\"addButton\"]"}
RESULT: {"using":"xpath","value":"//button[@data-kt=\"addButton\"]"}
COMMAND: POST /session/08ab26b8631a6e4e239c2287b57cf254/element - {"using":"xpath","value":"//button[@data-kt=\"addButton\"]"}
RESULT: {"using":"xpath","value":"//button[@data-kt=\"addButton\"]"}
COMMAND: POST /session/08ab26b8631a6e4e239c2287b57cf254/execute/sync - {"script":"<script> [8489 bytes]","args":[{"element-6066-11e4-a52e-4f735466cecf":"f.150F062B3A02957456735AB987B5EB04.d.0BF1BE51EB754F4A9FF4EAF3AF8E86A8.e.3235","ELEMENT":"f.150F062B3A02957456735AB987B5EB04.d.0BF1BE51EB754F4A9FF4EAF3AF8E86A8.e.3235"}]}
RESULT: {"script":"<script> [8489 bytes]","args":[{"element-6066-11e4-a52e-4f735466cecf":"f.150F062B3A02957456735AB987B5EB04.d.0BF1BE51EB754F4A9FF4EAF3AF8E86A8.e.3235","ELEMENT":"f.150F062B3A02957456735AB987B5EB04.d.0BF1BE51EB754F4A9FF4EAF3AF8E86A8.e.3235"}]}
COMMAND: GET /session/08ab26b8631a6e4e239c2287b57cf254/element/f.150F062B3A02957456735AB987B5EB04.d.0BF1BE51EB754F4A9FF4EAF3AF8E86A8.e.3235/enabled - {}
COMMAND: GET /session/08ab26b8631a6e4e239c2287b57cf254/screenshot - {}
RESULT: {}
COMMAND: POST /session/08ab26b8631a6e4e239c2287b57cf254/execute/sync - {"script":"<script> [8489 bytes]","args":[{"element-6066-11e4-a52e-4f735466cecf":"f.150F062B3A02957456735AB987B5EB04.d.0BF1BE51EB754F4A9FF4EAF3AF8E86A8.e.3235","ELEMENT":"f.150F062B3A02957456735AB987B5EB04.d.0BF1BE51EB754F4A9FF4EAF3AF8E86A8.e.3235"}]}
COMMAND: GET /session/08ab26b8631a6e4e239c2287b57cf254/screenshot - {}
RESULT: {}
RESULT: {"script":"<script> [8489 bytes]","args":[{"element-6066-11e4-a52e-4f735466cecf":"f.150F062B3A02957456735AB987B5EB04.d.0BF1BE51EB754F4A9FF4EAF3AF8E86A8.e.3235","ELEMENT":"f.150F062B3A02957456735AB987B5EB04.d.0BF1BE51EB754F4A9FF4EAF3AF8E86A8.e.3235"}]}
COMMAND: POST /session/08ab26b8631a6e4e239c2287b57cf254/execute/sync - {"script":"<script> [5351 bytes]","args":[{"element-6066-11e4-a52e-4f735466cecf":"f.150F062B3A02957456735AB987B5EB04.d.0BF1BE51EB754F4A9FF4EAF3AF8E86A8.e.3235","ELEMENT":"f.150F062B3A02957456735AB987B5EB04.d.0BF1BE51EB754F4A9FF4EAF3AF8E86A8.e.3235"}]}
COMMAND: GET /session/08ab26b8631a6e4e239c2287b57cf254/screenshot - {}
RESULT: {}
RESULT: {"script":"<script> [5351 bytes]","args":[{"element-6066-11e4-a52e-4f735466cecf":"f.150F062B3A02957456735AB987B5EB04.d.0BF1BE51EB754F4A9FF4EAF3AF8E86A8.e.3235","ELEMENT":"f.150F062B3A02957456735AB987B5EB04.d.0BF1BE51EB754F4A9FF4EAF3AF8E86A8.e.3235"}]}
COMMAND: POST /session/08ab26b8631a6e4e239c2287b57cf254/element/f.150F062B3A02957456735AB987B5EB04.d.0BF1BE51EB754F4A9FF4EAF3AF8E86A8.e.3235/click - {}
COMMAND: GET /session/08ab26b8631a6e4e239c2287b57cf254/screenshot - {}
RESULT: {}
RESULT: {}
COMMAND: GET /session/08ab26b8631a6e4e239c2287b57cf254/screenshot - {}
RESULT: undefined
COMMAND: POST /session/08ab26b8631a6e4e239c2287b57cf254/execute/async - {"script":"<script> [776 bytes]","args":[{"enterText":"WHM Partner WDIO","selector":{"id":"application-managepartners-display-component---NewPartner--addressDetailDetailsName1","interaction":{"idSuffix":"inner"}},"clearTextFirst":true,"interactionType":"ENTER_TEXT"}]}
RESULT: {}
RESULT: {}
RESULT: {"script":"<script> [776 bytes]","args":[{"enterText":"WHM Partner WDIO","selector":{"id":"application-managepartners-display-component---NewPartner--addressDetailDetailsName1","interaction":{"idSuffix":"inner"}},"clearTextFirst":true,"interactionType":"ENTER_TEXT"}]}
RESULT: undefined
COMMAND: POST /session/08ab26b8631a6e4e239c2287b57cf254/element - {"using":"xpath","value":"//*[@id=\"application-managepartners-display-component---NewPartner--addressDetailDetailsLanguage-arrow\"]"}
RESULT: {"using":"xpath","value":"//*[@id=\"application-managepartners-display-component---NewPartner--addressDetailDetailsLanguage-arrow\"]"}
COMMAND: POST /session/08ab26b8631a6e4e239c2287b57cf254/element/f.150F062B3A02957456735AB987B5EB04.d.0BF1BE51EB754F4A9FF4EAF3AF8E86A8.e.3665/click - {}
RESULT: {}
COMMAND: POST /session/08ab26b8631a6e4e239c2287b57cf254/element - {"using":"xpath","value":"//span[contains(text(), \"English\")]"}
COMMAND: GET /session/08ab26b8631a6e4e239c2287b57cf254/screenshot - {}
RESULT: {"using":"xpath","value":"//span[contains(text(), \"English\")]"}
COMMAND: POST /session/08ab26b8631a6e4e239c2287b57cf254/element/f.150F062B3A02957456735AB987B5EB04.d.0BF1BE51EB754F4A9FF4EAF3AF8E86A8.e.3666/click - {}
RESULT: {}
RESULT: {}
COMMAND: GET /session/08ab26b8631a6e4e239c2287b57cf254/screenshot - {}
RESULT: {}
RESULT: undefined
COMMAND: POST /session/08ab26b8631a6e4e239c2287b57cf254/execute/async - {"script":"<script> [776 bytes]","args":[{"enterText":"Rosario","selector":{"id":"application-managepartners-display-component---NewPartner--addressDetailDetailsCity1","interaction":{"idSuffix":"inner"}},"clearTextFirst":true,"interactionType":"ENTER_TEXT"}]}
RESULT: {"script":"<script> [776 bytes]","args":[{"enterText":"Rosario","selector":{"id":"application-managepartners-display-component---NewPartner--addressDetailDetailsCity1","interaction":{"idSuffix":"inner"}},"clearTextFirst":true,"interactionType":"ENTER_TEXT"}]}
RESULT: undefined
COMMAND: POST /session/08ab26b8631a6e4e239c2287b57cf254/element - {"using":"xpath","value":"//*[@id=\"application-managepartners-display-component---NewPartner--addressDetailDetailsCountry-arrow\"]"}
RESULT: {"using":"xpath","value":"//*[@id=\"application-managepartners-display-component---NewPartner--addressDetailDetailsCountry-arrow\"]"}
COMMAND: POST /session/08ab26b8631a6e4e239c2287b57cf254/element/f.150F062B3A02957456735AB987B5EB04.d.0BF1BE51EB754F4A9FF4EAF3AF8E86A8.e.3649/click - {}
RESULT: {}
COMMAND: POST /session/08ab26b8631a6e4e239c2287b57cf254/element - {"using":"xpath","value":"//span[contains(text(), \"Argentina\")]"}
COMMAND: GET /session/08ab26b8631a6e4e239c2287b57cf254/screenshot - {}
RESULT: {"using":"xpath","value":"//span[contains(text(), \"Argentina\")]"}
COMMAND: POST /session/08ab26b8631a6e4e239c2287b57cf254/element/f.150F062B3A02957456735AB987B5EB04.d.0BF1BE51EB754F4A9FF4EAF3AF8E86A8.e.3667/click - {}
RESULT: {}
RESULT: {}
COMMAND: GET /session/08ab26b8631a6e4e239c2287b57cf254/screenshot - {}
RESULT: {}
COMMAND: POST /session/08ab26b8631a6e4e239c2287b57cf254/element - {"using":"xpath","value":"//bdi[contains(text(), \"Commercial\")]"}
RESULT: {"using":"xpath","value":"//bdi[contains(text(), \"Commercial\")]"}
COMMAND: POST /session/08ab26b8631a6e4e239c2287b57cf254/element/f.150F062B3A02957456735AB987B5EB04.d.0BF1BE51EB754F4A9FF4EAF3AF8E86A8.e.3668/click - {}
RESULT: {}
COMMAND: GET /session/08ab26b8631a6e4e239c2287b57cf254/screenshot - {}
RESULT: {}
RESULT: undefined
COMMAND: POST /session/08ab26b8631a6e4e239c2287b57cf254/element - {"using":"xpath","value":"//*[@id=\"application-managepartners-display-component---NewPartner--partnerDetailInternal-arrow\"]"}
RESULT: {"using":"xpath","value":"//*[@id=\"application-managepartners-display-component---NewPartner--partnerDetailInternal-arrow\"]"}
COMMAND: POST /session/08ab26b8631a6e4e239c2287b57cf254/element/f.150F062B3A02957456735AB987B5EB04.d.0BF1BE51EB754F4A9FF4EAF3AF8E86A8.e.3674/click - {}
RESULT: {}
COMMAND: POST /session/08ab26b8631a6e4e239c2287b57cf254/element - {"using":"xpath","value":"//span[contains(text(), \"External partner\")]"}
COMMAND: GET /session/08ab26b8631a6e4e239c2287b57cf254/screenshot - {}
RESULT: {"using":"xpath","value":"//span[contains(text(), \"External partner\")]"}
COMMAND: POST /session/08ab26b8631a6e4e239c2287b57cf254/element/f.150F062B3A02957456735AB987B5EB04.d.0BF1BE51EB754F4A9FF4EAF3AF8E86A8.e.3675/click - {}
RESULT: {}
RESULT: {}
RESULT: undefined
COMMAND: POST /session/08ab26b8631a6e4e239c2287b57cf254/element - {"using":"xpath","value":"//*[@id=\"application-managepartners-display-component---NewPartner--partnerDetailsCurrency-arrow\"]"}
COMMAND: GET /session/08ab26b8631a6e4e239c2287b57cf254/screenshot - {}
RESULT: {"using":"xpath","value":"//*[@id=\"application-managepartners-display-component---NewPartner--partnerDetailsCurrency-arrow\"]"}
COMMAND: POST /session/08ab26b8631a6e4e239c2287b57cf254/element/f.150F062B3A02957456735AB987B5EB04.d.0BF1BE51EB754F4A9FF4EAF3AF8E86A8.e.3680/click - {}
RESULT: {}
RESULT: {}
COMMAND: POST /session/08ab26b8631a6e4e239c2287b57cf254/element - {"using":"xpath","value":"//span[contains(text(), \"US Dollar\")]"}
COMMAND: GET /session/08ab26b8631a6e4e239c2287b57cf254/screenshot - {}
RESULT: {"using":"xpath","value":"//span[contains(text(), \"US Dollar\")]"}
COMMAND: POST /session/08ab26b8631a6e4e239c2287b57cf254/element/f.150F062B3A02957456735AB987B5EB04.d.0BF1BE51EB754F4A9FF4EAF3AF8E86A8.e.3681/click - {}
RESULT: {}
RESULT: {}
COMMAND: GET /session/08ab26b8631a6e4e239c2287b57cf254/screenshot - {}
RESULT: {}
COMMAND: POST /session/08ab26b8631a6e4e239c2287b57cf254/element - {"using":"xpath","value":"//input[@id=\"application-managepartners-display-component---NewPartner--companyCodeComboBox-inner\"]"}
RESULT: {"using":"xpath","value":"//input[@id=\"application-managepartners-display-component---NewPartner--companyCodeComboBox-inner\"]"}
COMMAND: POST /session/08ab26b8631a6e4e239c2287b57cf254/element/f.150F062B3A02957456735AB987B5EB04.d.0BF1BE51EB754F4A9FF4EAF3AF8E86A8.e.3615/clear - {}
RESULT: {}
COMMAND: POST /session/08ab26b8631a6e4e239c2287b57cf254/element/f.150F062B3A02957456735AB987B5EB04.d.0BF1BE51EB754F4A9FF4EAF3AF8E86A8.e.3615/value - {"text":"C002"}
COMMAND: GET /session/08ab26b8631a6e4e239c2287b57cf254/screenshot - {}
RESULT: {"text":"C002"}
COMMAND: GET /session/08ab26b8631a6e4e239c2287b57cf254/screenshot - {}
RESULT: {}
RESULT: {}
COMMAND: POST /session/08ab26b8631a6e4e239c2287b57cf254/element - {"using":"xpath","value":"//span[contains(text(), \"C002\")]"}
RESULT: {"using":"xpath","value":"//span[contains(text(), \"C002\")]"}
COMMAND: POST /session/08ab26b8631a6e4e239c2287b57cf254/element/f.150F062B3A02957456735AB987B5EB04.d.0BF1BE51EB754F4A9FF4EAF3AF8E86A8.e.3685/click - {}
RESULT: {}
COMMAND: GET /session/08ab26b8631a6e4e239c2287b57cf254/screenshot - {}
RESULT: {}
RESULT: undefined
COMMAND: POST /session/08ab26b8631a6e4e239c2287b57cf254/element - {"using":"xpath","value":"//*[@id=\"application-managepartners-display-component---NewPartner--btnAddTableRow-img\"]"}
RESULT: {"using":"xpath","value":"//*[@id=\"application-managepartners-display-component---NewPartner--btnAddTableRow-img\"]"}
COMMAND: POST /session/08ab26b8631a6e4e239c2287b57cf254/element/f.150F062B3A02957456735AB987B5EB04.d.0BF1BE51EB754F4A9FF4EAF3AF8E86A8.e.3686/click - {}
RESULT: {}
COMMAND: GET /session/08ab26b8631a6e4e239c2287b57cf254/screenshot - {}
RESULT: {}
COMMAND: POST /session/08ab26b8631a6e4e239c2287b57cf254/element - {"using":"xpath","value":"//input[@id=\"application-managepartners-display-component---NewPartner--assignmentYard-application-managepartners-display-component---NewPartner--assignmentsTable-0-inner\"]"}
RESULT: {"using":"xpath","value":"//input[@id=\"application-managepartners-display-component---NewPartner--assignmentYard-application-managepartners-display-component---NewPartner--assignmentsTable-0-inner\"]"}
COMMAND: POST /session/08ab26b8631a6e4e239c2287b57cf254/element/f.150F062B3A02957456735AB987B5EB04.d.0BF1BE51EB754F4A9FF4EAF3AF8E86A8.e.3689/clear - {}
RESULT: {}
COMMAND: POST /session/08ab26b8631a6e4e239c2287b57cf254/element/f.150F062B3A02957456735AB987B5EB04.d.0BF1BE51EB754F4A9FF4EAF3AF8E86A8.e.3689/value - {"text":"501"}
COMMAND: GET /session/08ab26b8631a6e4e239c2287b57cf254/screenshot - {}
RESULT: {"text":"501"}
COMMAND: GET /session/08ab26b8631a6e4e239c2287b57cf254/screenshot - {}
COMMAND: POST /session/08ab26b8631a6e4e239c2287b57cf254/element - {"using":"xpath","value":"//li[.//span[text()='501']]"}
RESULT: {}
RESULT: {}
RESULT: {"using":"xpath","value":"//li[.//span[text()='501']]"}
COMMAND: POST /session/08ab26b8631a6e4e239c2287b57cf254/element/f.150F062B3A02957456735AB987B5EB04.d.0BF1BE51EB754F4A9FF4EAF3AF8E86A8.e.3697/click - {}
RESULT: {}
COMMAND: GET /session/08ab26b8631a6e4e239c2287b57cf254/screenshot - {}
RESULT: {}
COMMAND: POST /session/08ab26b8631a6e4e239c2287b57cf254/actions - {"actions":[{"id":"action7","type":"key","parameters":{},"actions":[{"type":"keyDown","value":"î€‡"},{"type":"pause","duration":10},{"type":"keyUp","value":"î€‡"}]}]}
RESULT: {"actions":[{"id":"action7","type":"key","parameters":{},"actions":[{"type":"keyDown","value":"î€‡"},{"type":"pause","duration":10},{"type":"keyUp","value":"î€‡"}]}]}
COMMAND: POST /session/08ab26b8631a6e4e239c2287b57cf254/element - {"using":"xpath","value":"//td[contains(@id, \"assignmentsTable-0-cell2\")]/div/div"}
COMMAND: GET /session/08ab26b8631a6e4e239c2287b57cf254/screenshot - {}
RESULT: {"using":"xpath","value":"//td[contains(@id, \"assignmentsTable-0-cell2\")]/div/div"}
COMMAND: POST /session/08ab26b8631a6e4e239c2287b57cf254/element/f.150F062B3A02957456735AB987B5EB04.d.0BF1BE51EB754F4A9FF4EAF3AF8E86A8.e.3700/click - {}
RESULT: {}
RESULT: {}
COMMAND: GET /session/08ab26b8631a6e4e239c2287b57cf254/screenshot - {}
RESULT: {}
COMMAND: POST /session/08ab26b8631a6e4e239c2287b57cf254/element - {"using":"xpath","value":"//button[@data-kt=\"saveButton\"]"}
RESULT: {"using":"xpath","value":"//button[@data-kt=\"saveButton\"]"}
COMMAND: POST /session/08ab26b8631a6e4e239c2287b57cf254/element/f.150F062B3A02957456735AB987B5EB04.d.0BF1BE51EB754F4A9FF4EAF3AF8E86A8.e.3651/click - {}
RESULT: {}
COMMAND: GET /session/08ab26b8631a6e4e239c2287b57cf254/screenshot - {}
RESULT: {}
COMMAND: POST /session/08ab26b8631a6e4e239c2287b57cf254/element - {"using":"xpath","value":"//header[contains(@id, 'ObjectPageLayout-headerTitle')]/div[1]/div[2]/div[2]/span[1]"}
RESULT: {"using":"xpath","value":"//header[contains(@id, 'ObjectPageLayout-headerTitle')]/div[1]/div[2]/div[2]/span[1]"}
COMMAND: POST /session/08ab26b8631a6e4e239c2287b57cf254/elements - {"using":"xpath","value":"//header[contains(@id, 'ObjectPageLayout-headerTitle')]/div[1]/div[2]/div[2]/span[1]"}
RESULT: {"using":"xpath","value":"//header[contains(@id, 'ObjectPageLayout-headerTitle')]/div[1]/div[2]/div[2]/span[1]"}
COMMAND: POST /session/08ab26b8631a6e4e239c2287b57cf254/execute/sync - {"script":"<script> [56 bytes]","args":[{"element-6066-11e4-a52e-4f735466cecf":"f.150F062B3A02957456735AB987B5EB04.d.0BF1BE51EB754F4A9FF4EAF3AF8E86A8.e.3862","ELEMENT":"f.150F062B3A02957456735AB987B5EB04.d.0BF1BE51EB754F4A9FF4EAF3AF8E86A8.e.3862"}]}
RESULT: {"script":"<script> [56 bytes]","args":[{"element-6066-11e4-a52e-4f735466cecf":"f.150F062B3A02957456735AB987B5EB04.d.0BF1BE51EB754F4A9FF4EAF3AF8E86A8.e.3862","ELEMENT":"f.150F062B3A02957456735AB987B5EB04.d.0BF1BE51EB754F4A9FF4EAF3AF8E86A8.e.3862"}]}
COMMAND: POST /session/08ab26b8631a6e4e239c2287b57cf254/element - {"using":"css selector","value":"#shell-header-logo"}
COMMAND: GET /session/08ab26b8631a6e4e239c2287b57cf254/screenshot - {}
RESULT: {"using":"css selector","value":"#shell-header-logo"}
COMMAND: POST /session/08ab26b8631a6e4e239c2287b57cf254/element/f.150F062B3A02957456735AB987B5EB04.d.0BF1BE51EB754F4A9FF4EAF3AF8E86A8.e.3191/click - {}
RESULT: {}
RESULT: {}
COMMAND: GET /session/08ab26b8631a6e4e239c2287b57cf254/screenshot - {}
RESULT: {}
COMMAND: POST /session/08ab26b8631a6e4e239c2287b57cf254/execute/sync - {"script":"<script> [299 bytes]","args":[["getModel","getResource"]]}
RESULT: {"script":"<script> [299 bytes]","args":[["getModel","getResource"]]}
COMMAND: GET /session/08ab26b8631a6e4e239c2287b57cf254/screenshot - {}
RESULT: {}
COMMAND: POST /session/08ab26b8631a6e4e239c2287b57cf254/refresh - {}
RESULT: {}
COMMAND: GET /session/08ab26b8631a6e4e239c2287b57cf254/screenshot - {}
RESULT: {}
COMMAND: POST /session/08ab26b8631a6e4e239c2287b57cf254/refresh - {}
RESULT: {}
COMMAND: GET /session/08ab26b8631a6e4e239c2287b57cf254/screenshot - {}
RESULT: {}
COMMAND: POST /session/08ab26b8631a6e4e239c2287b57cf254/window/fullscreen - {}
RESULT: {}
COMMAND: POST /session/08ab26b8631a6e4e239c2287b57cf254/execute/async - {"script":"<script> [189 bytes]","args":[]}
RESULT: {"script":"<script> [189 bytes]","args":[]}
COMMAND: POST /session/08ab26b8631a6e4e239c2287b57cf254/execute/async - {"script":"<script> [123 bytes]","args":[]}
RESULT: {"script":"<script> [123 bytes]","args":[]}
COMMAND: POST /session/08ab26b8631a6e4e239c2287b57cf254/timeouts - {"script":"<number>"}
RESULT: {"script":"<number>"}
COMMAND: GET /session/08ab26b8631a6e4e239c2287b57cf254/timeouts - {}
RESULT: {}
RESULT: undefined
COMMAND: POST /session/08ab26b8631a6e4e239c2287b57cf254/execute/async - {"script":"<script> [2676 bytes]","args":[]}
RESULT: {"script":"<script> [2676 bytes]","args":[]}
COMMAND: POST /session/08ab26b8631a6e4e239c2287b57cf254/execute/async - {"script":"<script> [2342 bytes]","args":[{"protocol":"http","hostname":"0.0.0.0","path":"/","capabilities":{"browserName":"chrome","goog:chromeOptions":{"binary":"C:\\Program Files\\Google\\Chrome\\Application\\chrome.exe","args":["--start-maximized"]}},"logLevel":"warn","connectionRetryTimeout":120000,"connectionRetryCount":3,"logLevels":{},"enableDirectConnect":true,"strictSSL":true,"_":"65 more keys: [\"cacheDir\",\"port\",\"requestedCapabilities\",\"automationProtocol\",\"baseUrl\",\"waitforInterval\",\"waitforTimeout\",\"onReload\",\"beforeCommand\",\"afterCommand\",\"rootDir\",\"specs\",\"suites\",\"exclude\",\"groupLogsByTestSpec\",\"excludeDriverLogs\",\"bail\",\"framework\",\"reporters\",\"services\",\"maxInstances\",\"maxInstancesPerCapability\",\"injectGlobals\",\"filesToWatch\",\"execArgv\",\"runnerEnv\",\"runner\",\"shard\",\"specFileRetries\",\"specFileRetriesDelay\",\"specFileRetriesDeferred\",\"reporterSyncInterval\",\"reporterSyncTimeout\",\"cucumberFeaturesWithLineNumbers\",\"autoCompileOpts\",\"mochaOpts\",\"jasmineOpts\",\"cucumberOpts\",\"onPrepare\",\"onWorkerStart\",\"onWorkerEnd\",\"before\",\"beforeSession\",\"beforeSuite\",\"beforeHook\",\"beforeTest\",\"afterTest\",\"afterHook\",\"afterSuite\",\"afterSession\",\"after\",\"onComplete\",\"beforeAssertion\",\"afterAssertion\",\"beforeFeature\",\"beforeScenario\",\"beforeStep\",\"afterStep\",\"afterScenario\",\"afterFeature\",\"_\",\"suite\",\"$0\",\"ignoredWorkerServices\",\"wdi5\"]"}]}
RESULT: {"script":"<script> [2342 bytes]","args":[{"protocol":"http","hostname":"0.0.0.0","path":"/","capabilities":{"browserName":"chrome","goog:chromeOptions":{"binary":"C:\\Program Files\\Google\\Chrome\\Application\\chrome.exe","args":["--start-maximized"]}},"logLevel":"warn","connectionRetryTimeout":120000,"connectionRetryCount":3,"logLevels":{},"enableDirectConnect":true,"strictSSL":true,"_":"65 more keys: [\"cacheDir\",\"port\",\"requestedCapabilities\",\"automationProtocol\",\"baseUrl\",\"waitforInterval\",\"waitforTimeout\",\"onReload\",\"beforeCommand\",\"afterCommand\",\"rootDir\",\"specs\",\"suites\",\"exclude\",\"groupLogsByTestSpec\",\"excludeDriverLogs\",\"bail\",\"framework\",\"reporters\",\"services\",\"maxInstances\",\"maxInstancesPerCapability\",\"injectGlobals\",\"filesToWatch\",\"execArgv\",\"runnerEnv\",\"runner\",\"shard\",\"specFileRetries\",\"specFileRetriesDelay\",\"specFileRetriesDeferred\",\"reporterSyncInterval\",\"reporterSyncTimeout\",\"cucumberFeaturesWithLineNumbers\",\"autoCompileOpts\",\"mochaOpts\",\"jasmineOpts\",\"cucumberOpts\",\"onPrepare\",\"onWorkerStart\",\"onWorkerEnd\",\"before\",\"beforeSession\",\"beforeSuite\",\"beforeHook\",\"beforeTest\",\"afterTest\",\"afterHook\",\"afterSuite\",\"afterSession\",\"after\",\"onComplete\",\"beforeAssertion\",\"afterAssertion\",\"beforeFeature\",\"beforeScenario\",\"beforeStep\",\"afterStep\",\"afterScenario\",\"afterFeature\",\"_\",\"suite\",\"$0\",\"ignoredWorkerServices\",\"wdi5\"]"}]}
COMMAND: POST /session/08ab26b8631a6e4e239c2287b57cf254/execute/async - {"script":"<script> [21126 bytes]","args":[35000]}
RESULT: {"script":"<script> [21126 bytes]","args":[35000]}
COMMAND: POST /session/08ab26b8631a6e4e239c2287b57cf254/element - {"using":"css selector","value":"#shell-header-logo"}
RESULT: {"using":"css selector","value":"#shell-header-logo"}
COMMAND: POST /session/08ab26b8631a6e4e239c2287b57cf254/element/f.150F062B3A02957456735AB987B5EB04.d.C2B0CF77D78FB735185D6197C7322D00.e.4003/click - {}
RESULT: {}
COMMAND: GET /session/08ab26b8631a6e4e239c2287b57cf254/screenshot - {}
RESULT: {}
COMMAND: POST /session/08ab26b8631a6e4e239c2287b57cf254/execute/async - {"script":"<script> [1562 bytes]","args":[{"selector":{"controlType":"sap.m.GenericTile","properties":{"header":"Manage Sites"}},"wdio_ui5_key":"sapm.GenericTile{\"header\":\"Manage Sites\"}"}]}
RESULT: {"script":"<script> [1562 bytes]","args":[{"selector":{"controlType":"sap.m.GenericTile","properties":{"header":"Manage Sites"}},"wdio_ui5_key":"sapm.GenericTile{\"header\":\"Manage Sites\"}"}]}
RESULT: undefined
COMMAND: POST /session/08ab26b8631a6e4e239c2287b57cf254/element - {"using":"xpath","value":"//*[@id=\"__tile32\"]"}
RESULT: {"using":"xpath","value":"//*[@id=\"__tile32\"]"}
COMMAND: POST /session/08ab26b8631a6e4e239c2287b57cf254/element/f.150F062B3A02957456735AB987B5EB04.d.C2B0CF77D78FB735185D6197C7322D00.e.3929/click - {}
RESULT: {}
]]></system-out>
    </testcase>
  </testsuite>
  <testsuite timestamp="2025-05-02T15:29:02" time="202.897" tests="2" failures="0" errors="0" skipped="0">
    <properties>
      <property name="specId" value="0" />
      <property name="suiteName" value="Create 2 sites US118246" />
      <property name="capabilities" value="chrome.135_0_7049_96.windows" />
      <property name="file" value="file:///D:/a/1/s/test/specs/R2C/create-site.spec.js" />
    </properties>
    <testcase classname="chrome.135_0_7049_96.windows.Create_2_sites_US118246" name="Should create new site" time="95.473">
      <system-out><![CDATA[
COMMAND: POST /session/08ab26b8631a6e4e239c2287b57cf254/execute/async - {"script":"<script> [1562 bytes]","args":[{"selector":{"controlType":"sap.m.Title","viewName":"etm.portal.ui.managesites.view.Master","viewId":"application-managesites-display-component---masterSite","i18NText":{"propertyName":"text","key":"sites"}},"wdio_ui5_key":"etmportal.ui.managesites.view.Mastersap.m.Title{\"propertyName\":\"text\",\"key\":\"sites\"}"}]}
COMMAND: GET /session/08ab26b8631a6e4e239c2287b57cf254/screenshot - {}
RESULT: {"script":"<script> [1562 bytes]","args":[{"selector":{"controlType":"sap.m.Title","viewName":"etm.portal.ui.managesites.view.Master","viewId":"application-managesites-display-component---masterSite","i18NText":{"propertyName":"text","key":"sites"}},"wdio_ui5_key":"etmportal.ui.managesites.view.Mastersap.m.Title{\"propertyName\":\"text\",\"key\":\"sites\"}"}]}
RESULT: undefined
COMMAND: POST /session/08ab26b8631a6e4e239c2287b57cf254/execute/async - {"script":"<script> [6424 bytes]","args":[{"element-6066-11e4-a52e-4f735466cecf":"f.150F062B3A02957456735AB987B5EB04.d.C2B0CF77D78FB735185D6197C7322D00.e.4177"},"getText",[]]}
RESULT: {}
RESULT: {"script":"<script> [6424 bytes]","args":[{"element-6066-11e4-a52e-4f735466cecf":"f.150F062B3A02957456735AB987B5EB04.d.C2B0CF77D78FB735185D6197C7322D00.e.4177"},"getText",[]]}
COMMAND: POST /session/08ab26b8631a6e4e239c2287b57cf254/execute/async - {"script":"<script> [1562 bytes]","args":[{"selector":{"controlType":"sap.ui.core.Icon","viewName":"etm.portal.ui.managesites.view.Master","viewId":"application-managesites-display-component---masterSite","properties":{"src":{"regex":{"source":"add"}}}},"wdio_ui5_key":"etmportal.ui.managesites.view.Mastersap.ui.core.Icon{\"src\":{\"regex\":{\"source\":\"add\"}}}"}]}
RESULT: {"script":"<script> [1562 bytes]","args":[{"selector":{"controlType":"sap.ui.core.Icon","viewName":"etm.portal.ui.managesites.view.Master","viewId":"application-managesites-display-component---masterSite","properties":{"src":{"regex":{"source":"add"}}}},"wdio_ui5_key":"etmportal.ui.managesites.view.Mastersap.ui.core.Icon{\"src\":{\"regex\":{\"source\":\"add\"}}}"}]}
RESULT: undefined
COMMAND: POST /session/08ab26b8631a6e4e239c2287b57cf254/element - {"using":"xpath","value":"//*[@id=\"__button4-img\"]"}
RESULT: {"using":"xpath","value":"//*[@id=\"__button4-img\"]"}
COMMAND: POST /session/08ab26b8631a6e4e239c2287b57cf254/element/f.150F062B3A02957456735AB987B5EB04.d.C2B0CF77D78FB735185D6197C7322D00.e.4051/click - {}
RESULT: {}
COMMAND: POST /session/08ab26b8631a6e4e239c2287b57cf254/execute/async - {"script":"<script> [1562 bytes]","args":[{"selector":{"id":"application-managesites-display-component---NewSite--siteId","interaction":{"idSuffix":"inner"}},"wdio_ui5_key":"applicationmanagesites-display-component---NewSite--siteId"}]}
COMMAND: GET /session/08ab26b8631a6e4e239c2287b57cf254/screenshot - {}
RESULT: {"script":"<script> [1562 bytes]","args":[{"selector":{"id":"application-managesites-display-component---NewSite--siteId","interaction":{"idSuffix":"inner"}},"wdio_ui5_key":"applicationmanagesites-display-component---NewSite--siteId"}]}
RESULT: undefined
COMMAND: POST /session/08ab26b8631a6e4e239c2287b57cf254/execute/async - {"script":"<script> [1562 bytes]","args":[{"selector":{"id":"application-managesites-display-component---NewSite--addressDetailDetailsName1","interaction":{"idSuffix":"inner"}},"wdio_ui5_key":"applicationmanagesites-display-component---NewSite--addressDetailDetailsName1"}]}
RESULT: {}
RESULT: {"script":"<script> [1562 bytes]","args":[{"selector":{"id":"application-managesites-display-component---NewSite--addressDetailDetailsName1","interaction":{"idSuffix":"inner"}},"wdio_ui5_key":"applicationmanagesites-display-component---NewSite--addressDetailDetailsName1"}]}
RESULT: undefined
COMMAND: POST /session/08ab26b8631a6e4e239c2287b57cf254/execute/async - {"script":"<script> [776 bytes]","args":[{"enterText":"Webdriver Site 93bmbk","selector":{"id":"application-managesites-display-component---NewSite--addressDetailDetailsName1","interaction":{"idSuffix":"inner"}},"clearTextFirst":true,"interactionType":"ENTER_TEXT"}]}
RESULT: {"script":"<script> [776 bytes]","args":[{"enterText":"Webdriver Site 93bmbk","selector":{"id":"application-managesites-display-component---NewSite--addressDetailDetailsName1","interaction":{"idSuffix":"inner"}},"clearTextFirst":true,"interactionType":"ENTER_TEXT"}]}
COMMAND: POST /session/08ab26b8631a6e4e239c2287b57cf254/execute/async - {"script":"<script> [1562 bytes]","args":[{"selector":{"id":"application-managesites-display-component---NewSite--addressDetailDetailsLanguage","interaction":{"idSuffix":"inner"}},"wdio_ui5_key":"applicationmanagesites-display-component---NewSite--addressDetailDetailsLanguage"}]}
RESULT: {"script":"<script> [1562 bytes]","args":[{"selector":{"id":"application-managesites-display-component---NewSite--addressDetailDetailsLanguage","interaction":{"idSuffix":"inner"}},"wdio_ui5_key":"applicationmanagesites-display-component---NewSite--addressDetailDetailsLanguage"}]}
RESULT: undefined
COMMAND: POST /session/08ab26b8631a6e4e239c2287b57cf254/execute/async - {"script":"<script> [776 bytes]","args":[{"enterText":"Romanian","selector":{"id":"application-managesites-display-component---NewSite--addressDetailDetailsLanguage","interaction":{"idSuffix":"inner"}},"clearTextFirst":true,"interactionType":"ENTER_TEXT"}]}
RESULT: {"script":"<script> [776 bytes]","args":[{"enterText":"Romanian","selector":{"id":"application-managesites-display-component---NewSite--addressDetailDetailsLanguage","interaction":{"idSuffix":"inner"}},"clearTextFirst":true,"interactionType":"ENTER_TEXT"}]}
COMMAND: POST /session/08ab26b8631a6e4e239c2287b57cf254/execute/async - {"script":"<script> [1562 bytes]","args":[{"selector":{"id":"application-managesites-display-component---NewSite--addressDetailDetailsCity1","interaction":{"idSuffix":"inner"}},"wdio_ui5_key":"applicationmanagesites-display-component---NewSite--addressDetailDetailsCity1"}]}
RESULT: {"script":"<script> [1562 bytes]","args":[{"selector":{"id":"application-managesites-display-component---NewSite--addressDetailDetailsCity1","interaction":{"idSuffix":"inner"}},"wdio_ui5_key":"applicationmanagesites-display-component---NewSite--addressDetailDetailsCity1"}]}
RESULT: undefined
COMMAND: POST /session/08ab26b8631a6e4e239c2287b57cf254/execute/async - {"script":"<script> [776 bytes]","args":[{"enterText":"Bucharest","selector":{"id":"application-managesites-display-component---NewSite--addressDetailDetailsCity1","interaction":{"idSuffix":"inner"}},"clearTextFirst":true,"interactionType":"ENTER_TEXT"}]}
RESULT: {"script":"<script> [776 bytes]","args":[{"enterText":"Bucharest","selector":{"id":"application-managesites-display-component---NewSite--addressDetailDetailsCity1","interaction":{"idSuffix":"inner"}},"clearTextFirst":true,"interactionType":"ENTER_TEXT"}]}
COMMAND: POST /session/08ab26b8631a6e4e239c2287b57cf254/execute/async - {"script":"<script> [1562 bytes]","args":[{"selector":{"id":"application-managesites-display-component---NewSite--addressDetailDetailsCountry","interaction":{"idSuffix":"inner"}},"wdio_ui5_key":"applicationmanagesites-display-component---NewSite--addressDetailDetailsCountry"}]}
RESULT: {"script":"<script> [1562 bytes]","args":[{"selector":{"id":"application-managesites-display-component---NewSite--addressDetailDetailsCountry","interaction":{"idSuffix":"inner"}},"wdio_ui5_key":"applicationmanagesites-display-component---NewSite--addressDetailDetailsCountry"}]}
RESULT: undefined
COMMAND: POST /session/08ab26b8631a6e4e239c2287b57cf254/execute/async - {"script":"<script> [776 bytes]","args":[{"enterText":"Romania","selector":{"id":"application-managesites-display-component---NewSite--addressDetailDetailsCountry","interaction":{"idSuffix":"inner"}},"clearTextFirst":true,"interactionType":"ENTER_TEXT"}]}
RESULT: {"script":"<script> [776 bytes]","args":[{"enterText":"Romania","selector":{"id":"application-managesites-display-component---NewSite--addressDetailDetailsCountry","interaction":{"idSuffix":"inner"}},"clearTextFirst":true,"interactionType":"ENTER_TEXT"}]}
COMMAND: POST /session/08ab26b8631a6e4e239c2287b57cf254/execute/async - {"script":"<script> [1562 bytes]","args":[{"selector":{"id":"application-managesites-display-component---NewSite--addressDetailDetailsCalendar","interaction":{"idSuffix":"inner"}},"wdio_ui5_key":"applicationmanagesites-display-component---NewSite--addressDetailDetailsCalendar"}]}
RESULT: {"script":"<script> [1562 bytes]","args":[{"selector":{"id":"application-managesites-display-component---NewSite--addressDetailDetailsCalendar","interaction":{"idSuffix":"inner"}},"wdio_ui5_key":"applicationmanagesites-display-component---NewSite--addressDetailDetailsCalendar"}]}
RESULT: undefined
COMMAND: POST /session/08ab26b8631a6e4e239c2287b57cf254/execute/async - {"script":"<script> [776 bytes]","args":[{"enterText":"Germany","selector":{"id":"application-managesites-display-component---NewSite--addressDetailDetailsCalendar","interaction":{"idSuffix":"inner"}},"clearTextFirst":true,"interactionType":"ENTER_TEXT"}]}
RESULT: {"script":"<script> [776 bytes]","args":[{"enterText":"Germany","selector":{"id":"application-managesites-display-component---NewSite--addressDetailDetailsCalendar","interaction":{"idSuffix":"inner"}},"clearTextFirst":true,"interactionType":"ENTER_TEXT"}]}
COMMAND: POST /session/08ab26b8631a6e4e239c2287b57cf254/execute/async - {"script":"<script> [1562 bytes]","args":[{"selector":{"id":"application-managesites-display-component---NewSite--addressEditDetailsCostObjectCstType-arrow"},"wdio_ui5_key":"applicationmanagesites-display-component---NewSite--addressEditDetailsCostObjectCstType-arrow"}]}
RESULT: {"script":"<script> [1562 bytes]","args":[{"selector":{"id":"application-managesites-display-component---NewSite--addressEditDetailsCostObjectCstType-arrow"},"wdio_ui5_key":"applicationmanagesites-display-component---NewSite--addressEditDetailsCostObjectCstType-arrow"}]}
RESULT: undefined
COMMAND: POST /session/08ab26b8631a6e4e239c2287b57cf254/element - {"using":"xpath","value":"//*[@id=\"application-managesites-display-component---NewSite--addressEditDetailsCostObjectCstType-arrow\"]"}
RESULT: {"using":"xpath","value":"//*[@id=\"application-managesites-display-component---NewSite--addressEditDetailsCostObjectCstType-arrow\"]"}
COMMAND: POST /session/08ab26b8631a6e4e239c2287b57cf254/element/f.150F062B3A02957456735AB987B5EB04.d.C2B0CF77D78FB735185D6197C7322D00.e.4444/click - {}
RESULT: {}
COMMAND: POST /session/08ab26b8631a6e4e239c2287b57cf254/element - {"using":"xpath","value":"//span[contains(text(), \"Work Breakdown Structure\")]"}
COMMAND: GET /session/08ab26b8631a6e4e239c2287b57cf254/screenshot - {}
RESULT: {"using":"xpath","value":"//span[contains(text(), \"Work Breakdown Structure\")]"}
COMMAND: POST /session/08ab26b8631a6e4e239c2287b57cf254/element/f.150F062B3A02957456735AB987B5EB04.d.C2B0CF77D78FB735185D6197C7322D00.e.4445/click - {}
RESULT: {}
RESULT: {}
COMMAND: GET /session/08ab26b8631a6e4e239c2287b57cf254/screenshot - {}
RESULT: {}
COMMAND: POST /session/08ab26b8631a6e4e239c2287b57cf254/execute/async - {"script":"<script> [1562 bytes]","args":[{"selector":{"id":"application-managesites-display-component---NewSite--addressNewCostObjectCstID-vhi"},"wdio_ui5_key":"applicationmanagesites-display-component---NewSite--addressNewCostObjectCstID-vhi"}]}
RESULT: {"script":"<script> [1562 bytes]","args":[{"selector":{"id":"application-managesites-display-component---NewSite--addressNewCostObjectCstID-vhi"},"wdio_ui5_key":"applicationmanagesites-display-component---NewSite--addressNewCostObjectCstID-vhi"}]}
RESULT: undefined
COMMAND: POST /session/08ab26b8631a6e4e239c2287b57cf254/element - {"using":"xpath","value":"//*[@id=\"application-managesites-display-component---NewSite--addressNewCostObjectCstID-vhi\"]"}
RESULT: {"using":"xpath","value":"//*[@id=\"application-managesites-display-component---NewSite--addressNewCostObjectCstID-vhi\"]"}
COMMAND: POST /session/08ab26b8631a6e4e239c2287b57cf254/element/f.150F062B3A02957456735AB987B5EB04.d.C2B0CF77D78FB735185D6197C7322D00.e.4450/click - {}
RESULT: {}
COMMAND: GET /session/08ab26b8631a6e4e239c2287b57cf254/screenshot - {}
RESULT: {}
COMMAND: POST /session/08ab26b8631a6e4e239c2287b57cf254/execute/async - {"script":"<script> [1562 bytes]","args":[{"selector":{"controlType":"sap.m.SearchField","properties":{"placeholder":"Search"},"searchOpenDialogs":true,"interaction":{"idSuffix":"I"}},"wdio_ui5_key":"sapm.SearchField{\"placeholder\":\"Search\"}"}]}
RESULT: {"script":"<script> [1562 bytes]","args":[{"selector":{"controlType":"sap.m.SearchField","properties":{"placeholder":"Search"},"searchOpenDialogs":true,"interaction":{"idSuffix":"I"}},"wdio_ui5_key":"sapm.SearchField{\"placeholder\":\"Search\"}"}]}
RESULT: undefined
COMMAND: POST /session/08ab26b8631a6e4e239c2287b57cf254/execute/async - {"script":"<script> [776 bytes]","args":[{"enterText":"A1-000100-01","selector":{"controlType":"sap.m.SearchField","properties":{"placeholder":"Search"},"searchOpenDialogs":true,"interaction":{"idSuffix":"I"}},"clearTextFirst":true,"interactionType":"ENTER_TEXT"}]}
RESULT: {"script":"<script> [776 bytes]","args":[{"enterText":"A1-000100-01","selector":{"controlType":"sap.m.SearchField","properties":{"placeholder":"Search"},"searchOpenDialogs":true,"interaction":{"idSuffix":"I"}},"clearTextFirst":true,"interactionType":"ENTER_TEXT"}]}
COMMAND: POST /session/08ab26b8631a6e4e239c2287b57cf254/actions - {"actions":[{"id":"action8","type":"key","parameters":{},"actions":[{"type":"keyDown","value":"î€‡"},{"type":"pause","duration":10},{"type":"keyUp","value":"î€‡"}]}]}
RESULT: {"actions":[{"id":"action8","type":"key","parameters":{},"actions":[{"type":"keyDown","value":"î€‡"},{"type":"pause","duration":10},{"type":"keyUp","value":"î€‡"}]}]}
COMMAND: GET /session/08ab26b8631a6e4e239c2287b57cf254/screenshot - {}
RESULT: {}
COMMAND: POST /session/08ab26b8631a6e4e239c2287b57cf254/element - {"using":"xpath","value":"//span[contains(text(), \"Template for ETO-Process\")]"}
RESULT: {"using":"xpath","value":"//span[contains(text(), \"Template for ETO-Process\")]"}
COMMAND: POST /session/08ab26b8631a6e4e239c2287b57cf254/element/f.150F062B3A02957456735AB987B5EB04.d.C2B0CF77D78FB735185D6197C7322D00.e.4470/click - {}
RESULT: {}
COMMAND: GET /session/08ab26b8631a6e4e239c2287b57cf254/screenshot - {}
RESULT: {}
COMMAND: POST /session/08ab26b8631a6e4e239c2287b57cf254/element - {"using":"xpath","value":"//bdi[contains(text(), \"OK\")]"}
RESULT: {"using":"xpath","value":"//bdi[contains(text(), \"OK\")]"}
COMMAND: POST /session/08ab26b8631a6e4e239c2287b57cf254/element/f.150F062B3A02957456735AB987B5EB04.d.C2B0CF77D78FB735185D6197C7322D00.e.4471/click - {}
RESULT: {}
COMMAND: GET /session/08ab26b8631a6e4e239c2287b57cf254/screenshot - {}
RESULT: {}
COMMAND: POST /session/08ab26b8631a6e4e239c2287b57cf254/element - {"using":"xpath","value":"//input[@id=\"application-managesites-display-component---NewSite--addressDetailDetailsYard-inner\"]"}
RESULT: {"using":"xpath","value":"//input[@id=\"application-managesites-display-component---NewSite--addressDetailDetailsYard-inner\"]"}
COMMAND: POST /session/08ab26b8631a6e4e239c2287b57cf254/element/f.150F062B3A02957456735AB987B5EB04.d.C2B0CF77D78FB735185D6197C7322D00.e.4288/value - {"text":"500"}
RESULT: {"text":"500"}
COMMAND: GET /session/08ab26b8631a6e4e239c2287b57cf254/screenshot - {}
RESULT: {}
COMMAND: POST /session/08ab26b8631a6e4e239c2287b57cf254/actions - {"actions":[{"id":"action9","type":"key","parameters":{},"actions":[{"type":"keyDown","value":"î€‡"},{"type":"pause","duration":10},{"type":"keyUp","value":"î€‡"}]}]}
RESULT: {"actions":[{"id":"action9","type":"key","parameters":{},"actions":[{"type":"keyDown","value":"î€‡"},{"type":"pause","duration":10},{"type":"keyUp","value":"î€‡"}]}]}
COMMAND: GET /session/08ab26b8631a6e4e239c2287b57cf254/screenshot - {}
RESULT: {}
COMMAND: POST /session/08ab26b8631a6e4e239c2287b57cf254/element - {"using":"xpath","value":"//input[@id=\"application-managesites-display-component---NewSite--addressDetailDetailsPartner-inner\"]"}
RESULT: {"using":"xpath","value":"//input[@id=\"application-managesites-display-component---NewSite--addressDetailDetailsPartner-inner\"]"}
COMMAND: POST /session/08ab26b8631a6e4e239c2287b57cf254/elements - {"using":"xpath","value":"//input[@id=\"application-managesites-display-component---NewSite--addressDetailDetailsPartner-inner\"]"}
RESULT: {"using":"xpath","value":"//input[@id=\"application-managesites-display-component---NewSite--addressDetailDetailsPartner-inner\"]"}
COMMAND: POST /session/08ab26b8631a6e4e239c2287b57cf254/execute/async - {"script":"<script> [1562 bytes]","args":[{"selector":{"controlType":"sap.m.Button","viewName":"etm.portal.ui.managesites.view.NewSmartSite","viewId":"application-managesites-display-component---NewSite","properties":{"text":"Commercial"},"interaction":{"idSuffix":"BDI-content"}},"wdio_ui5_key":"etmportal.ui.managesites.view.NewSmartSitesap.m.Button{\"text\":\"Commercial\"}"}]}
RESULT: {"script":"<script> [1562 bytes]","args":[{"selector":{"controlType":"sap.m.Button","viewName":"etm.portal.ui.managesites.view.NewSmartSite","viewId":"application-managesites-display-component---NewSite","properties":{"text":"Commercial"},"interaction":{"idSuffix":"BDI-content"}},"wdio_ui5_key":"etmportal.ui.managesites.view.NewSmartSitesap.m.Button{\"text\":\"Commercial\"}"}]}
RESULT: undefined
COMMAND: POST /session/08ab26b8631a6e4e239c2287b57cf254/element - {"using":"xpath","value":"//*[@id=\"application-managesites-display-component---NewSite--ObjectPageLayout-anchBar-__section5-anchor\"]"}
RESULT: {"using":"xpath","value":"//*[@id=\"application-managesites-display-component---NewSite--ObjectPageLayout-anchBar-__section5-anchor\"]"}
COMMAND: POST /session/08ab26b8631a6e4e239c2287b57cf254/element/f.150F062B3A02957456735AB987B5EB04.d.C2B0CF77D78FB735185D6197C7322D00.e.4478/click - {}
RESULT: {}
COMMAND: POST /session/08ab26b8631a6e4e239c2287b57cf254/execute/async - {"script":"<script> [1562 bytes]","args":[{"selector":{"controlType":"sap.m.Button","viewName":"etm.portal.ui.managesites.view.NewSmartSite","viewId":"application-managesites-display-component---NewSite","i18NText":{"propertyName":"text","key":"save"},"interaction":{"idSuffix":"BDI-content"}},"wdio_ui5_key":"etmportal.ui.managesites.view.NewSmartSitesap.m.Button{\"propertyName\":\"text\",\"key\":\"save\"}"}]}
COMMAND: GET /session/08ab26b8631a6e4e239c2287b57cf254/screenshot - {}
RESULT: {"script":"<script> [1562 bytes]","args":[{"selector":{"controlType":"sap.m.Button","viewName":"etm.portal.ui.managesites.view.NewSmartSite","viewId":"application-managesites-display-component---NewSite","i18NText":{"propertyName":"text","key":"save"},"interaction":{"idSuffix":"BDI-content"}},"wdio_ui5_key":"etmportal.ui.managesites.view.NewSmartSitesap.m.Button{\"propertyName\":\"text\",\"key\":\"save\"}"}]}
RESULT: undefined
COMMAND: POST /session/08ab26b8631a6e4e239c2287b57cf254/element - {"using":"xpath","value":"//*[@id=\"__button16\"]"}
RESULT: {}
RESULT: {"using":"xpath","value":"//*[@id=\"__button16\"]"}
COMMAND: POST /session/08ab26b8631a6e4e239c2287b57cf254/element/f.150F062B3A02957456735AB987B5EB04.d.C2B0CF77D78FB735185D6197C7322D00.e.4431/click - {}
RESULT: {}
COMMAND: GET /session/08ab26b8631a6e4e239c2287b57cf254/screenshot - {}
RESULT: {}
COMMAND: POST /session/08ab26b8631a6e4e239c2287b57cf254/execute/async - {"script":"<script> [1562 bytes]","args":[{"selector":{"id":"application-managesites-display-component---detailSite--addressDetailDetailsYardText"},"wdio_ui5_key":"applicationmanagesites-display-component---detailSite--addressDetailDetailsYardText"}]}
RESULT: {"script":"<script> [1562 bytes]","args":[{"selector":{"id":"application-managesites-display-component---detailSite--addressDetailDetailsYardText"},"wdio_ui5_key":"applicationmanagesites-display-component---detailSite--addressDetailDetailsYardText"}]}
RESULT: undefined
COMMAND: POST /session/08ab26b8631a6e4e239c2287b57cf254/element - {"using":"xpath","value":"//header/div/div[2]/div[2]/span"}
RESULT: {"using":"xpath","value":"//header/div/div[2]/div[2]/span"}
COMMAND: GET /session/08ab26b8631a6e4e239c2287b57cf254/element/f.150F062B3A02957456735AB987B5EB04.d.C2B0CF77D78FB735185D6197C7322D00.e.4690/text - {}
RESULT: {}
COMMAND: POST /session/08ab26b8631a6e4e239c2287b57cf254/execute/async - {"script":"<script> [1562 bytes]","args":[{"selector":{"controlType":"sap.m.Label","viewName":"etm.portal.ui.managesites.view.Detail","viewId":"application-managesites-display-component---detailSite","i18NText":{"propertyName":"text","key":"status"}},"wdio_ui5_key":"etmportal.ui.managesites.view.Detailsap.m.Label{\"propertyName\":\"text\",\"key\":\"status\"}"}]}
RESULT: {"script":"<script> [1562 bytes]","args":[{"selector":{"controlType":"sap.m.Label","viewName":"etm.portal.ui.managesites.view.Detail","viewId":"application-managesites-display-component---detailSite","i18NText":{"propertyName":"text","key":"status"}},"wdio_ui5_key":"etmportal.ui.managesites.view.Detailsap.m.Label{\"propertyName\":\"text\",\"key\":\"status\"}"}]}
RESULT: undefined
COMMAND: POST /session/08ab26b8631a6e4e239c2287b57cf254/execute/async - {"script":"<script> [6424 bytes]","args":[{"element-6066-11e4-a52e-4f735466cecf":"f.150F062B3A02957456735AB987B5EB04.d.C2B0CF77D78FB735185D6197C7322D00.e.4678"},"getText",[]]}
RESULT: {"script":"<script> [6424 bytes]","args":[{"element-6066-11e4-a52e-4f735466cecf":"f.150F062B3A02957456735AB987B5EB04.d.C2B0CF77D78FB735185D6197C7322D00.e.4678"},"getText",[]]}
]]></system-out>
    </testcase>
    <testcase classname="chrome.135_0_7049_96.windows.Create_2_sites_US118246" name="Should create WHM site" time="64.902">
      <system-out><![CDATA[
RESULT: undefined
COMMAND: POST /session/08ab26b8631a6e4e239c2287b57cf254/element - {"using":"xpath","value":"//*[@id=\"__button4-img\"]"}
RESULT: {"using":"xpath","value":"//*[@id=\"__button4-img\"]"}
COMMAND: POST /session/08ab26b8631a6e4e239c2287b57cf254/element/f.150F062B3A02957456735AB987B5EB04.d.C2B0CF77D78FB735185D6197C7322D00.e.4691/click - {}
RESULT: {}
COMMAND: GET /session/08ab26b8631a6e4e239c2287b57cf254/screenshot - {}
RESULT: {}
RESULT: undefined
COMMAND: POST /session/08ab26b8631a6e4e239c2287b57cf254/execute/async - {"script":"<script> [1562 bytes]","args":[{"selector":{"controlType":"sap.m.Button","viewName":"etm.portal.ui.managesites.view.NewSmartSite","viewId":"application-managesites-display-component---NewSite","properties":{"text":"General Information"},"interaction":{"idSuffix":"BDI-content"}},"wdio_ui5_key":"etmportal.ui.managesites.view.NewSmartSitesap.m.Button{\"text\":\"General Information\"}"}]}
RESULT: {"script":"<script> [1562 bytes]","args":[{"selector":{"controlType":"sap.m.Button","viewName":"etm.portal.ui.managesites.view.NewSmartSite","viewId":"application-managesites-display-component---NewSite","properties":{"text":"General Information"},"interaction":{"idSuffix":"BDI-content"}},"wdio_ui5_key":"etmportal.ui.managesites.view.NewSmartSitesap.m.Button{\"text\":\"General Information\"}"}]}
RESULT: undefined
COMMAND: POST /session/08ab26b8631a6e4e239c2287b57cf254/element - {"using":"xpath","value":"//*[@id=\"application-managesites-display-component---NewSite--ObjectPageLayout-anchBar-__section3-anchor\"]"}
RESULT: {"using":"xpath","value":"//*[@id=\"application-managesites-display-component---NewSite--ObjectPageLayout-anchBar-__section3-anchor\"]"}
COMMAND: POST /session/08ab26b8631a6e4e239c2287b57cf254/element/f.150F062B3A02957456735AB987B5EB04.d.C2B0CF77D78FB735185D6197C7322D00.e.4871/click - {}
RESULT: {}
RESULT: undefined
COMMAND: POST /session/08ab26b8631a6e4e239c2287b57cf254/execute/async - {"script":"<script> [776 bytes]","args":[{"enterText":"Webdriver WHM Site jl0p6","selector":{"id":"application-managesites-display-component---NewSite--addressDetailDetailsName1","interaction":{"idSuffix":"inner"}},"clearTextFirst":true,"interactionType":"ENTER_TEXT"}]}
COMMAND: GET /session/08ab26b8631a6e4e239c2287b57cf254/screenshot - {}
RESULT: {"script":"<script> [776 bytes]","args":[{"enterText":"Webdriver WHM Site jl0p6","selector":{"id":"application-managesites-display-component---NewSite--addressDetailDetailsName1","interaction":{"idSuffix":"inner"}},"clearTextFirst":true,"interactionType":"ENTER_TEXT"}]}
RESULT: {}
RESULT: undefined
COMMAND: POST /session/08ab26b8631a6e4e239c2287b57cf254/execute/async - {"script":"<script> [776 bytes]","args":[{"enterText":"Romanian","selector":{"id":"application-managesites-display-component---NewSite--addressDetailDetailsLanguage","interaction":{"idSuffix":"inner"}},"clearTextFirst":true,"interactionType":"ENTER_TEXT"}]}
RESULT: {"script":"<script> [776 bytes]","args":[{"enterText":"Romanian","selector":{"id":"application-managesites-display-component---NewSite--addressDetailDetailsLanguage","interaction":{"idSuffix":"inner"}},"clearTextFirst":true,"interactionType":"ENTER_TEXT"}]}
COMMAND: POST /session/08ab26b8631a6e4e239c2287b57cf254/actions - {"actions":[{"id":"action10","type":"key","parameters":{},"actions":[{"type":"keyDown","value":"î€‡"},{"type":"pause","duration":10},{"type":"keyUp","value":"î€‡"}]}]}
RESULT: {"actions":[{"id":"action10","type":"key","parameters":{},"actions":[{"type":"keyDown","value":"î€‡"},{"type":"pause","duration":10},{"type":"keyUp","value":"î€‡"}]}]}
RESULT: undefined
COMMAND: POST /session/08ab26b8631a6e4e239c2287b57cf254/execute/async - {"script":"<script> [776 bytes]","args":[{"enterText":"Bucharest","selector":{"id":"application-managesites-display-component---NewSite--addressDetailDetailsCity1","interaction":{"idSuffix":"inner"}},"clearTextFirst":true,"interactionType":"ENTER_TEXT"}]}
COMMAND: GET /session/08ab26b8631a6e4e239c2287b57cf254/screenshot - {}
RESULT: {"script":"<script> [776 bytes]","args":[{"enterText":"Bucharest","selector":{"id":"application-managesites-display-component---NewSite--addressDetailDetailsCity1","interaction":{"idSuffix":"inner"}},"clearTextFirst":true,"interactionType":"ENTER_TEXT"}]}
RESULT: {}
COMMAND: POST /session/08ab26b8631a6e4e239c2287b57cf254/actions - {"actions":[{"id":"action11","type":"key","parameters":{},"actions":[{"type":"keyDown","value":"î€‡"},{"type":"pause","duration":10},{"type":"keyUp","value":"î€‡"}]}]}
RESULT: {"actions":[{"id":"action11","type":"key","parameters":{},"actions":[{"type":"keyDown","value":"î€‡"},{"type":"pause","duration":10},{"type":"keyUp","value":"î€‡"}]}]}
RESULT: undefined
COMMAND: POST /session/08ab26b8631a6e4e239c2287b57cf254/execute/async - {"script":"<script> [6424 bytes]","args":[{"element-6066-11e4-a52e-4f735466cecf":"f.150F062B3A02957456735AB987B5EB04.d.C2B0CF77D78FB735185D6197C7322D00.e.4277"},"setValue",["Romania"]]}
COMMAND: GET /session/08ab26b8631a6e4e239c2287b57cf254/screenshot - {}
COMMAND: POST /session/08ab26b8631a6e4e239c2287b57cf254/execute/async - {"script":"<script> [1562 bytes]","args":[{"selector":{"id":"application-managesites-display-component---NewSite--addressDetailDetailsCountry","interaction":{"idSuffix":"inner"}},"wdio_ui5_key":"applicationmanagesites-display-component---NewSite--addressDetailDetailsCountry"}]}
RESULT: {}
RESULT: {"script":"<script> [1562 bytes]","args":[{"selector":{"id":"application-managesites-display-component---NewSite--addressDetailDetailsCountry","interaction":{"idSuffix":"inner"}},"wdio_ui5_key":"applicationmanagesites-display-component---NewSite--addressDetailDetailsCountry"}]}
COMMAND: POST /session/08ab26b8631a6e4e239c2287b57cf254/execute/async - {"script":"<script> [6424 bytes]","args":[{"element-6066-11e4-a52e-4f735466cecf":"f.150F062B3A02957456735AB987B5EB04.d.C2B0CF77D78FB735185D6197C7322D00.e.4745"},"setValue",["Romania"]]}
RESULT: {"script":"<script> [6424 bytes]","args":[{"element-6066-11e4-a52e-4f735466cecf":"f.150F062B3A02957456735AB987B5EB04.d.C2B0CF77D78FB735185D6197C7322D00.e.4745"},"setValue",["Romania"]]}
COMMAND: POST /session/08ab26b8631a6e4e239c2287b57cf254/actions - {"actions":[{"id":"action12","type":"key","parameters":{},"actions":[{"type":"keyDown","value":"î€‡"},{"type":"pause","duration":10},{"type":"keyUp","value":"î€‡"}]}]}
RESULT: {"actions":[{"id":"action12","type":"key","parameters":{},"actions":[{"type":"keyDown","value":"î€‡"},{"type":"pause","duration":10},{"type":"keyUp","value":"î€‡"}]}]}
RESULT: undefined
COMMAND: POST /session/08ab26b8631a6e4e239c2287b57cf254/execute/async - {"script":"<script> [776 bytes]","args":[{"enterText":"Germany","selector":{"id":"application-managesites-display-component---NewSite--addressDetailDetailsCalendar","interaction":{"idSuffix":"inner"}},"clearTextFirst":true,"interactionType":"ENTER_TEXT"}]}
COMMAND: GET /session/08ab26b8631a6e4e239c2287b57cf254/screenshot - {}
RESULT: {"script":"<script> [776 bytes]","args":[{"enterText":"Germany","selector":{"id":"application-managesites-display-component---NewSite--addressDetailDetailsCalendar","interaction":{"idSuffix":"inner"}},"clearTextFirst":true,"interactionType":"ENTER_TEXT"}]}
RESULT: {}
COMMAND: POST /session/08ab26b8631a6e4e239c2287b57cf254/actions - {"actions":[{"id":"action13","type":"key","parameters":{},"actions":[{"type":"keyDown","value":"î€‡"},{"type":"pause","duration":10},{"type":"keyUp","value":"î€‡"}]}]}
RESULT: {"actions":[{"id":"action13","type":"key","parameters":{},"actions":[{"type":"keyDown","value":"î€‡"},{"type":"pause","duration":10},{"type":"keyUp","value":"î€‡"}]}]}
COMMAND: POST /session/08ab26b8631a6e4e239c2287b57cf254/execute/async - {"script":"<script> [1562 bytes]","args":[{"selector":{"id":"application-managesites-display-component---NewSite--addressEditDetailsCostObjectCstType","interaction":{"idSuffix":"inner"}},"wdio_ui5_key":"applicationmanagesites-display-component---NewSite--addressEditDetailsCostObjectCstType"}]}
COMMAND: GET /session/08ab26b8631a6e4e239c2287b57cf254/screenshot - {}
RESULT: {"script":"<script> [1562 bytes]","args":[{"selector":{"id":"application-managesites-display-component---NewSite--addressEditDetailsCostObjectCstType","interaction":{"idSuffix":"inner"}},"wdio_ui5_key":"applicationmanagesites-display-component---NewSite--addressEditDetailsCostObjectCstType"}]}
RESULT: undefined
COMMAND: POST /session/08ab26b8631a6e4e239c2287b57cf254/execute/async - {"script":"<script> [776 bytes]","args":[{"enterText":"Cost","selector":{"id":"application-managesites-display-component---NewSite--addressEditDetailsCostObjectCstType","interaction":{"idSuffix":"inner"}},"clearTextFirst":true,"interactionType":"ENTER_TEXT"}]}
RESULT: {}
RESULT: {"script":"<script> [776 bytes]","args":[{"enterText":"Cost","selector":{"id":"application-managesites-display-component---NewSite--addressEditDetailsCostObjectCstType","interaction":{"idSuffix":"inner"}},"clearTextFirst":true,"interactionType":"ENTER_TEXT"}]}
COMMAND: POST /session/08ab26b8631a6e4e239c2287b57cf254/actions - {"actions":[{"id":"action14","type":"key","parameters":{},"actions":[{"type":"keyDown","value":"î€‡"},{"type":"pause","duration":10},{"type":"keyUp","value":"î€‡"}]}]}
RESULT: {"actions":[{"id":"action14","type":"key","parameters":{},"actions":[{"type":"keyDown","value":"î€‡"},{"type":"pause","duration":10},{"type":"keyUp","value":"î€‡"}]}]}
COMMAND: POST /session/08ab26b8631a6e4e239c2287b57cf254/execute/async - {"script":"<script> [1562 bytes]","args":[{"selector":{"id":"application-managesites-display-component---NewSite--addressNewCostObjectCstID","interaction":{"idSuffix":"inner"}},"wdio_ui5_key":"applicationmanagesites-display-component---NewSite--addressNewCostObjectCstID"}]}
COMMAND: GET /session/08ab26b8631a6e4e239c2287b57cf254/screenshot - {}
RESULT: {"script":"<script> [1562 bytes]","args":[{"selector":{"id":"application-managesites-display-component---NewSite--addressNewCostObjectCstID","interaction":{"idSuffix":"inner"}},"wdio_ui5_key":"applicationmanagesites-display-component---NewSite--addressNewCostObjectCstID"}]}
RESULT: undefined
COMMAND: POST /session/08ab26b8631a6e4e239c2287b57cf254/execute/async - {"script":"<script> [776 bytes]","args":[{"enterText":"1001","selector":{"id":"application-managesites-display-component---NewSite--addressNewCostObjectCstID","interaction":{"idSuffix":"inner"}},"clearTextFirst":true,"interactionType":"ENTER_TEXT"}]}
RESULT: {}
RESULT: {"script":"<script> [776 bytes]","args":[{"enterText":"1001","selector":{"id":"application-managesites-display-component---NewSite--addressNewCostObjectCstID","interaction":{"idSuffix":"inner"}},"clearTextFirst":true,"interactionType":"ENTER_TEXT"}]}
COMMAND: POST /session/08ab26b8631a6e4e239c2287b57cf254/actions - {"actions":[{"id":"action15","type":"key","parameters":{},"actions":[{"type":"keyDown","value":"î€‡"},{"type":"pause","duration":10},{"type":"keyUp","value":"î€‡"}]}]}
RESULT: {"actions":[{"id":"action15","type":"key","parameters":{},"actions":[{"type":"keyDown","value":"î€‡"},{"type":"pause","duration":10},{"type":"keyUp","value":"î€‡"}]}]}
COMMAND: POST /session/08ab26b8631a6e4e239c2287b57cf254/element - {"using":"xpath","value":"//input[@id=\"application-managesites-display-component---NewSite--addressDetailDetailsYard-inner\"]"}
COMMAND: GET /session/08ab26b8631a6e4e239c2287b57cf254/screenshot - {}
RESULT: {"using":"xpath","value":"//input[@id=\"application-managesites-display-component---NewSite--addressDetailDetailsYard-inner\"]"}
COMMAND: POST /session/08ab26b8631a6e4e239c2287b57cf254/element/f.150F062B3A02957456735AB987B5EB04.d.C2B0CF77D78FB735185D6197C7322D00.e.4756/value - {"text":"501"}
RESULT: {}
RESULT: {"text":"501"}
COMMAND: GET /session/08ab26b8631a6e4e239c2287b57cf254/screenshot - {}
RESULT: {}
COMMAND: POST /session/08ab26b8631a6e4e239c2287b57cf254/actions - {"actions":[{"id":"action16","type":"key","parameters":{},"actions":[{"type":"keyDown","value":"î€‡"},{"type":"pause","duration":10},{"type":"keyUp","value":"î€‡"}]}]}
RESULT: {"actions":[{"id":"action16","type":"key","parameters":{},"actions":[{"type":"keyDown","value":"î€‡"},{"type":"pause","duration":10},{"type":"keyUp","value":"î€‡"}]}]}
COMMAND: GET /session/08ab26b8631a6e4e239c2287b57cf254/screenshot - {}
RESULT: {}
COMMAND: POST /session/08ab26b8631a6e4e239c2287b57cf254/element - {"using":"xpath","value":"//input[@id=\"application-managesites-display-component---NewSite--addressDetailDetailsPartner-inner\"]"}
RESULT: {"using":"xpath","value":"//input[@id=\"application-managesites-display-component---NewSite--addressDetailDetailsPartner-inner\"]"}
COMMAND: POST /session/08ab26b8631a6e4e239c2287b57cf254/elements - {"using":"xpath","value":"//input[@id=\"application-managesites-display-component---NewSite--addressDetailDetailsPartner-inner\"]"}
RESULT: {"using":"xpath","value":"//input[@id=\"application-managesites-display-component---NewSite--addressDetailDetailsPartner-inner\"]"}
RESULT: undefined
COMMAND: POST /session/08ab26b8631a6e4e239c2287b57cf254/element - {"using":"xpath","value":"//*[@id=\"application-managesites-display-component---NewSite--ObjectPageLayout-anchBar-__section5-anchor\"]"}
RESULT: {"using":"xpath","value":"//*[@id=\"application-managesites-display-component---NewSite--ObjectPageLayout-anchBar-__section5-anchor\"]"}
COMMAND: POST /session/08ab26b8631a6e4e239c2287b57cf254/element/f.150F062B3A02957456735AB987B5EB04.d.C2B0CF77D78FB735185D6197C7322D00.e.4878/click - {}
RESULT: {}
COMMAND: POST /session/08ab26b8631a6e4e239c2287b57cf254/execute/async - {"script":"<script> [1562 bytes]","args":[{"selector":{"id":"application-managesites-display-component---NewSite--siteWhmCheckBox-label","interaction":{"idSuffix":"bdi"}},"wdio_ui5_key":"applicationmanagesites-display-component---NewSite--siteWhmCheckBox-label"}]}
COMMAND: GET /session/08ab26b8631a6e4e239c2287b57cf254/screenshot - {}
RESULT: {"script":"<script> [1562 bytes]","args":[{"selector":{"id":"application-managesites-display-component---NewSite--siteWhmCheckBox-label","interaction":{"idSuffix":"bdi"}},"wdio_ui5_key":"applicationmanagesites-display-component---NewSite--siteWhmCheckBox-label"}]}
RESULT: undefined
COMMAND: POST /session/08ab26b8631a6e4e239c2287b57cf254/element - {"using":"xpath","value":"//*[@id=\"application-managesites-display-component---NewSite--siteWhmCheckBox-label\"]"}
RESULT: {}
RESULT: {"using":"xpath","value":"//*[@id=\"application-managesites-display-component---NewSite--siteWhmCheckBox-label\"]"}
COMMAND: POST /session/08ab26b8631a6e4e239c2287b57cf254/element/f.150F062B3A02957456735AB987B5EB04.d.C2B0CF77D78FB735185D6197C7322D00.e.4882/click - {}
RESULT: {}
RESULT: undefined
COMMAND: POST /session/08ab26b8631a6e4e239c2287b57cf254/element - {"using":"xpath","value":"//*[@id=\"__button16\"]"}
COMMAND: GET /session/08ab26b8631a6e4e239c2287b57cf254/screenshot - {}
RESULT: {"using":"xpath","value":"//*[@id=\"__button16\"]"}
COMMAND: POST /session/08ab26b8631a6e4e239c2287b57cf254/element/f.150F062B3A02957456735AB987B5EB04.d.C2B0CF77D78FB735185D6197C7322D00.e.4883/click - {}
RESULT: {}
RESULT: {}
COMMAND: GET /session/08ab26b8631a6e4e239c2287b57cf254/screenshot - {}
RESULT: {}
COMMAND: POST /session/08ab26b8631a6e4e239c2287b57cf254/element - {"using":"xpath","value":"//header/div/div[2]/div[2]/span"}
RESULT: {"using":"xpath","value":"//header/div/div[2]/div[2]/span"}
COMMAND: GET /session/08ab26b8631a6e4e239c2287b57cf254/element/f.150F062B3A02957456735AB987B5EB04.d.C2B0CF77D78FB735185D6197C7322D00.e.5083/text - {}
RESULT: {}
RESULT: undefined
RESULT: undefined
COMMAND: POST /session/08ab26b8631a6e4e239c2287b57cf254/execute/async - {"script":"<script> [6424 bytes]","args":[{"element-6066-11e4-a52e-4f735466cecf":"f.150F062B3A02957456735AB987B5EB04.d.C2B0CF77D78FB735185D6197C7322D00.e.4678"},"getText",[]]}
COMMAND: POST /session/08ab26b8631a6e4e239c2287b57cf254/execute/async - {"script":"<script> [1562 bytes]","args":[{"selector":{"controlType":"sap.m.Label","viewName":"etm.portal.ui.managesites.view.Detail","viewId":"application-managesites-display-component---detailSite","i18NText":{"propertyName":"text","key":"status"}},"wdio_ui5_key":"etmportal.ui.managesites.view.Detailsap.m.Label{\"propertyName\":\"text\",\"key\":\"status\"}"}]}
RESULT: {"script":"<script> [1562 bytes]","args":[{"selector":{"controlType":"sap.m.Label","viewName":"etm.portal.ui.managesites.view.Detail","viewId":"application-managesites-display-component---detailSite","i18NText":{"propertyName":"text","key":"status"}},"wdio_ui5_key":"etmportal.ui.managesites.view.Detailsap.m.Label{\"propertyName\":\"text\",\"key\":\"status\"}"}]}
COMMAND: POST /session/08ab26b8631a6e4e239c2287b57cf254/execute/async - {"script":"<script> [6424 bytes]","args":[{"element-6066-11e4-a52e-4f735466cecf":"f.150F062B3A02957456735AB987B5EB04.d.C2B0CF77D78FB735185D6197C7322D00.e.5073"},"getText",[]]}
RESULT: {"script":"<script> [6424 bytes]","args":[{"element-6066-11e4-a52e-4f735466cecf":"f.150F062B3A02957456735AB987B5EB04.d.C2B0CF77D78FB735185D6197C7322D00.e.5073"},"getText",[]]}
COMMAND: POST /session/08ab26b8631a6e4e239c2287b57cf254/execute/async - {"script":"<script> [1562 bytes]","args":[{"selector":{"id":"shell-header","interaction":{"idSuffix":"icon"}},"wdio_ui5_key":"shellheader"}]}
RESULT: {"script":"<script> [1562 bytes]","args":[{"selector":{"id":"shell-header","interaction":{"idSuffix":"icon"}},"wdio_ui5_key":"shellheader"}]}
RESULT: undefined
COMMAND: POST /session/08ab26b8631a6e4e239c2287b57cf254/element - {"using":"xpath","value":"//*[@id=\"shell-header\"]"}
RESULT: {"using":"xpath","value":"//*[@id=\"shell-header\"]"}
COMMAND: POST /session/08ab26b8631a6e4e239c2287b57cf254/element/f.150F062B3A02957456735AB987B5EB04.d.C2B0CF77D78FB735185D6197C7322D00.e.5084/click - {}
RESULT: {}
COMMAND: POST /session/08ab26b8631a6e4e239c2287b57cf254/refresh - {}
COMMAND: GET /session/08ab26b8631a6e4e239c2287b57cf254/screenshot - {}
RESULT: {}
COMMAND: GET /session/08ab26b8631a6e4e239c2287b57cf254/screenshot - {}
RESULT: {}
RESULT: {}
COMMAND: POST /session/08ab26b8631a6e4e239c2287b57cf254/refresh - {}
RESULT: {}
COMMAND: GET /session/08ab26b8631a6e4e239c2287b57cf254/screenshot - {}
RESULT: {}
COMMAND: POST /session/08ab26b8631a6e4e239c2287b57cf254/window/fullscreen - {}
RESULT: {}
COMMAND: POST /session/08ab26b8631a6e4e239c2287b57cf254/execute/async - {"script":"<script> [189 bytes]","args":[]}
RESULT: {"script":"<script> [189 bytes]","args":[]}
COMMAND: POST /session/08ab26b8631a6e4e239c2287b57cf254/execute/async - {"script":"<script> [123 bytes]","args":[]}
RESULT: {"script":"<script> [123 bytes]","args":[]}
COMMAND: POST /session/08ab26b8631a6e4e239c2287b57cf254/timeouts - {"script":"<number>"}
RESULT: {"script":"<number>"}
COMMAND: GET /session/08ab26b8631a6e4e239c2287b57cf254/timeouts - {}
RESULT: {}
RESULT: undefined
COMMAND: POST /session/08ab26b8631a6e4e239c2287b57cf254/execute/async - {"script":"<script> [2676 bytes]","args":[]}
RESULT: {"script":"<script> [2676 bytes]","args":[]}
COMMAND: POST /session/08ab26b8631a6e4e239c2287b57cf254/execute/async - {"script":"<script> [2342 bytes]","args":[{"protocol":"http","hostname":"0.0.0.0","path":"/","capabilities":{"browserName":"chrome","goog:chromeOptions":{"binary":"C:\\Program Files\\Google\\Chrome\\Application\\chrome.exe","args":["--start-maximized"]}},"logLevel":"warn","connectionRetryTimeout":120000,"connectionRetryCount":3,"logLevels":{},"enableDirectConnect":true,"strictSSL":true,"_":"65 more keys: [\"cacheDir\",\"port\",\"requestedCapabilities\",\"automationProtocol\",\"baseUrl\",\"waitforInterval\",\"waitforTimeout\",\"onReload\",\"beforeCommand\",\"afterCommand\",\"rootDir\",\"specs\",\"suites\",\"exclude\",\"groupLogsByTestSpec\",\"excludeDriverLogs\",\"bail\",\"framework\",\"reporters\",\"services\",\"maxInstances\",\"maxInstancesPerCapability\",\"injectGlobals\",\"filesToWatch\",\"execArgv\",\"runnerEnv\",\"runner\",\"shard\",\"specFileRetries\",\"specFileRetriesDelay\",\"specFileRetriesDeferred\",\"reporterSyncInterval\",\"reporterSyncTimeout\",\"cucumberFeaturesWithLineNumbers\",\"autoCompileOpts\",\"mochaOpts\",\"jasmineOpts\",\"cucumberOpts\",\"onPrepare\",\"onWorkerStart\",\"onWorkerEnd\",\"before\",\"beforeSession\",\"beforeSuite\",\"beforeHook\",\"beforeTest\",\"afterTest\",\"afterHook\",\"afterSuite\",\"afterSession\",\"after\",\"onComplete\",\"beforeAssertion\",\"afterAssertion\",\"beforeFeature\",\"beforeScenario\",\"beforeStep\",\"afterStep\",\"afterScenario\",\"afterFeature\",\"_\",\"suite\",\"$0\",\"ignoredWorkerServices\",\"wdi5\"]"}]}
RESULT: {"script":"<script> [2342 bytes]","args":[{"protocol":"http","hostname":"0.0.0.0","path":"/","capabilities":{"browserName":"chrome","goog:chromeOptions":{"binary":"C:\\Program Files\\Google\\Chrome\\Application\\chrome.exe","args":["--start-maximized"]}},"logLevel":"warn","connectionRetryTimeout":120000,"connectionRetryCount":3,"logLevels":{},"enableDirectConnect":true,"strictSSL":true,"_":"65 more keys: [\"cacheDir\",\"port\",\"requestedCapabilities\",\"automationProtocol\",\"baseUrl\",\"waitforInterval\",\"waitforTimeout\",\"onReload\",\"beforeCommand\",\"afterCommand\",\"rootDir\",\"specs\",\"suites\",\"exclude\",\"groupLogsByTestSpec\",\"excludeDriverLogs\",\"bail\",\"framework\",\"reporters\",\"services\",\"maxInstances\",\"maxInstancesPerCapability\",\"injectGlobals\",\"filesToWatch\",\"execArgv\",\"runnerEnv\",\"runner\",\"shard\",\"specFileRetries\",\"specFileRetriesDelay\",\"specFileRetriesDeferred\",\"reporterSyncInterval\",\"reporterSyncTimeout\",\"cucumberFeaturesWithLineNumbers\",\"autoCompileOpts\",\"mochaOpts\",\"jasmineOpts\",\"cucumberOpts\",\"onPrepare\",\"onWorkerStart\",\"onWorkerEnd\",\"before\",\"beforeSession\",\"beforeSuite\",\"beforeHook\",\"beforeTest\",\"afterTest\",\"afterHook\",\"afterSuite\",\"afterSession\",\"after\",\"onComplete\",\"beforeAssertion\",\"afterAssertion\",\"beforeFeature\",\"beforeScenario\",\"beforeStep\",\"afterStep\",\"afterScenario\",\"afterFeature\",\"_\",\"suite\",\"$0\",\"ignoredWorkerServices\",\"wdi5\"]"}]}
COMMAND: POST /session/08ab26b8631a6e4e239c2287b57cf254/execute/async - {"script":"<script> [21126 bytes]","args":[35000]}
RESULT: {"script":"<script> [21126 bytes]","args":[35000]}
COMMAND: POST /session/08ab26b8631a6e4e239c2287b57cf254/element - {"using":"css selector","value":"#j_username"}
COMMAND: POST /session/08ab26b8631a6e4e239c2287b57cf254/url - {"url":"https://qa-testing-00-live-etm-ui.cfapps.eu10-004.hana.ondemand.com/"}
RESULT: {"using":"css selector","value":"#j_username"}
COMMAND: POST /session/08ab26b8631a6e4e239c2287b57cf254/element - {"using":"css selector","value":"#j_username"}
RESULT: {"url":"https://qa-testing-00-live-etm-ui.cfapps.eu10-004.hana.ondemand.com/"}
RESULT: undefined
COMMAND: GET /session/08ab26b8631a6e4e239c2287b57cf254/screenshot - {}
RESULT: {"using":"css selector","value":"#j_username"}
COMMAND: POST /session/08ab26b8631a6e4e239c2287b57cf254/element - {"using":"css selector","value":"#shell-header-logo"}
RESULT: {}
RESULT: {"using":"css selector","value":"#shell-header-logo"}
COMMAND: POST /session/08ab26b8631a6e4e239c2287b57cf254/execute/sync - {"script":"<script> [8489 bytes]","args":[{"element-6066-11e4-a52e-4f735466cecf":"f.150F062B3A02957456735AB987B5EB04.d.9B7F7DF35064435ED0A2EAE2A80045F2.e.5559","ELEMENT":"f.150F062B3A02957456735AB987B5EB04.d.9B7F7DF35064435ED0A2EAE2A80045F2.e.5559"}]}
RESULT: {"script":"<script> [8489 bytes]","args":[{"element-6066-11e4-a52e-4f735466cecf":"f.150F062B3A02957456735AB987B5EB04.d.9B7F7DF35064435ED0A2EAE2A80045F2.e.5559","ELEMENT":"f.150F062B3A02957456735AB987B5EB04.d.9B7F7DF35064435ED0A2EAE2A80045F2.e.5559"}]}
COMMAND: POST /session/08ab26b8631a6e4e239c2287b57cf254/element - {"using":"css selector","value":"#shell-header-logo"}
COMMAND: GET /session/08ab26b8631a6e4e239c2287b57cf254/screenshot - {}
RESULT: {"using":"css selector","value":"#shell-header-logo"}
COMMAND: POST /session/08ab26b8631a6e4e239c2287b57cf254/execute/sync - {"script":"<script> [8489 bytes]","args":[{"element-6066-11e4-a52e-4f735466cecf":"f.150F062B3A02957456735AB987B5EB04.d.9B7F7DF35064435ED0A2EAE2A80045F2.e.5559","ELEMENT":"f.150F062B3A02957456735AB987B5EB04.d.9B7F7DF35064435ED0A2EAE2A80045F2.e.5559"}]}
RESULT: {}
RESULT: {"script":"<script> [8489 bytes]","args":[{"element-6066-11e4-a52e-4f735466cecf":"f.150F062B3A02957456735AB987B5EB04.d.9B7F7DF35064435ED0A2EAE2A80045F2.e.5559","ELEMENT":"f.150F062B3A02957456735AB987B5EB04.d.9B7F7DF35064435ED0A2EAE2A80045F2.e.5559"}]}
COMMAND: POST /session/08ab26b8631a6e4e239c2287b57cf254/execute/sync - {"script":"<script> [5351 bytes]","args":[{"element-6066-11e4-a52e-4f735466cecf":"f.150F062B3A02957456735AB987B5EB04.d.9B7F7DF35064435ED0A2EAE2A80045F2.e.5559","ELEMENT":"f.150F062B3A02957456735AB987B5EB04.d.9B7F7DF35064435ED0A2EAE2A80045F2.e.5559"}]}
COMMAND: GET /session/08ab26b8631a6e4e239c2287b57cf254/screenshot - {}
RESULT: {"script":"<script> [5351 bytes]","args":[{"element-6066-11e4-a52e-4f735466cecf":"f.150F062B3A02957456735AB987B5EB04.d.9B7F7DF35064435ED0A2EAE2A80045F2.e.5559","ELEMENT":"f.150F062B3A02957456735AB987B5EB04.d.9B7F7DF35064435ED0A2EAE2A80045F2.e.5559"}]}
COMMAND: POST /session/08ab26b8631a6e4e239c2287b57cf254/element - {"using":"css selector","value":"#shell-header-logo"}
COMMAND: GET /session/08ab26b8631a6e4e239c2287b57cf254/screenshot - {}
RESULT: {}
RESULT: {"using":"css selector","value":"#shell-header-logo"}
COMMAND: POST /session/08ab26b8631a6e4e239c2287b57cf254/element/f.150F062B3A02957456735AB987B5EB04.d.9B7F7DF35064435ED0A2EAE2A80045F2.e.5559/click - {}
RESULT: {}
RESULT: {}
COMMAND: GET /session/08ab26b8631a6e4e239c2287b57cf254/screenshot - {}
RESULT: {}
COMMAND: POST /session/08ab26b8631a6e4e239c2287b57cf254/execute/async - {"script":"<script> [189 bytes]","args":[]}
RESULT: {"script":"<script> [189 bytes]","args":[]}
COMMAND: POST /session/08ab26b8631a6e4e239c2287b57cf254/execute/async - {"script":"<script> [123 bytes]","args":[]}
RESULT: {"script":"<script> [123 bytes]","args":[]}
COMMAND: POST /session/08ab26b8631a6e4e239c2287b57cf254/timeouts - {"script":"<number>"}
RESULT: {"script":"<number>"}
COMMAND: GET /session/08ab26b8631a6e4e239c2287b57cf254/timeouts - {}
RESULT: {}
RESULT: undefined
COMMAND: POST /session/08ab26b8631a6e4e239c2287b57cf254/execute/async - {"script":"<script> [2676 bytes]","args":[]}
RESULT: {"script":"<script> [2676 bytes]","args":[]}
COMMAND: POST /session/08ab26b8631a6e4e239c2287b57cf254/execute/async - {"script":"<script> [2342 bytes]","args":[{"protocol":"http","hostname":"0.0.0.0","path":"/","capabilities":{"browserName":"chrome","goog:chromeOptions":{"binary":"C:\\Program Files\\Google\\Chrome\\Application\\chrome.exe","args":["--start-maximized"]}},"logLevel":"warn","connectionRetryTimeout":120000,"connectionRetryCount":3,"logLevels":{},"enableDirectConnect":true,"strictSSL":true,"_":"65 more keys: [\"cacheDir\",\"port\",\"requestedCapabilities\",\"automationProtocol\",\"baseUrl\",\"waitforInterval\",\"waitforTimeout\",\"onReload\",\"beforeCommand\",\"afterCommand\",\"rootDir\",\"specs\",\"suites\",\"exclude\",\"groupLogsByTestSpec\",\"excludeDriverLogs\",\"bail\",\"framework\",\"reporters\",\"services\",\"maxInstances\",\"maxInstancesPerCapability\",\"injectGlobals\",\"filesToWatch\",\"execArgv\",\"runnerEnv\",\"runner\",\"shard\",\"specFileRetries\",\"specFileRetriesDelay\",\"specFileRetriesDeferred\",\"reporterSyncInterval\",\"reporterSyncTimeout\",\"cucumberFeaturesWithLineNumbers\",\"autoCompileOpts\",\"mochaOpts\",\"jasmineOpts\",\"cucumberOpts\",\"onPrepare\",\"onWorkerStart\",\"onWorkerEnd\",\"before\",\"beforeSession\",\"beforeSuite\",\"beforeHook\",\"beforeTest\",\"afterTest\",\"afterHook\",\"afterSuite\",\"afterSession\",\"after\",\"onComplete\",\"beforeAssertion\",\"afterAssertion\",\"beforeFeature\",\"beforeScenario\",\"beforeStep\",\"afterStep\",\"afterScenario\",\"afterFeature\",\"_\",\"suite\",\"$0\",\"ignoredWorkerServices\",\"wdi5\"]"}]}
RESULT: {"script":"<script> [2342 bytes]","args":[{"protocol":"http","hostname":"0.0.0.0","path":"/","capabilities":{"browserName":"chrome","goog:chromeOptions":{"binary":"C:\\Program Files\\Google\\Chrome\\Application\\chrome.exe","args":["--start-maximized"]}},"logLevel":"warn","connectionRetryTimeout":120000,"connectionRetryCount":3,"logLevels":{},"enableDirectConnect":true,"strictSSL":true,"_":"65 more keys: [\"cacheDir\",\"port\",\"requestedCapabilities\",\"automationProtocol\",\"baseUrl\",\"waitforInterval\",\"waitforTimeout\",\"onReload\",\"beforeCommand\",\"afterCommand\",\"rootDir\",\"specs\",\"suites\",\"exclude\",\"groupLogsByTestSpec\",\"excludeDriverLogs\",\"bail\",\"framework\",\"reporters\",\"services\",\"maxInstances\",\"maxInstancesPerCapability\",\"injectGlobals\",\"filesToWatch\",\"execArgv\",\"runnerEnv\",\"runner\",\"shard\",\"specFileRetries\",\"specFileRetriesDelay\",\"specFileRetriesDeferred\",\"reporterSyncInterval\",\"reporterSyncTimeout\",\"cucumberFeaturesWithLineNumbers\",\"autoCompileOpts\",\"mochaOpts\",\"jasmineOpts\",\"cucumberOpts\",\"onPrepare\",\"onWorkerStart\",\"onWorkerEnd\",\"before\",\"beforeSession\",\"beforeSuite\",\"beforeHook\",\"beforeTest\",\"afterTest\",\"afterHook\",\"afterSuite\",\"afterSession\",\"after\",\"onComplete\",\"beforeAssertion\",\"afterAssertion\",\"beforeFeature\",\"beforeScenario\",\"beforeStep\",\"afterStep\",\"afterScenario\",\"afterFeature\",\"_\",\"suite\",\"$0\",\"ignoredWorkerServices\",\"wdi5\"]"}]}
COMMAND: POST /session/08ab26b8631a6e4e239c2287b57cf254/execute/async - {"script":"<script> [21126 bytes]","args":[35000]}
RESULT: {"script":"<script> [21126 bytes]","args":[35000]}
COMMAND: POST /session/08ab26b8631a6e4e239c2287b57cf254/window/maximize - {}
RESULT: {}
COMMAND: POST /session/08ab26b8631a6e4e239c2287b57cf254/execute/async - {"script":"<script> [1562 bytes]","args":[{"selector":{"id":"shell-header","interaction":{"idSuffix":"icon"}},"wdio_ui5_key":"shellheader"}]}
COMMAND: GET /session/08ab26b8631a6e4e239c2287b57cf254/screenshot - {}
RESULT: {"script":"<script> [1562 bytes]","args":[{"selector":{"id":"shell-header","interaction":{"idSuffix":"icon"}},"wdio_ui5_key":"shellheader"}]}
RESULT: undefined
RESULT: {}
COMMAND: POST /session/08ab26b8631a6e4e239c2287b57cf254/execute/async - {"script":"<script> [1562 bytes]","args":[{"selector":{"controlType":"sap.m.Title","i18NText":{"propertyName":"text","key":"dataCollectionAgreement"},"searchOpenDialogs":true},"wdio_ui5_key":"sapm.Title{\"propertyName\":\"text\",\"key\":\"dataCollectionAgreement\"}"}]}
RESULT: {"script":"<script> [1562 bytes]","args":[{"selector":{"controlType":"sap.m.Title","i18NText":{"propertyName":"text","key":"dataCollectionAgreement"},"searchOpenDialogs":true},"wdio_ui5_key":"sapm.Title{\"propertyName\":\"text\",\"key\":\"dataCollectionAgreement\"}"}]}
RESULT: undefined
COMMAND: POST /session/08ab26b8631a6e4e239c2287b57cf254/execute/async - {"script":"<script> [1562 bytes]","args":[{"selector":{"controlType":"sap.m.GenericTile","properties":{"header":"Manage Resources"}},"wdio_ui5_key":"sapm.GenericTile{\"header\":\"Manage Resources\"}"}]}
RESULT: {"script":"<script> [1562 bytes]","args":[{"selector":{"controlType":"sap.m.GenericTile","properties":{"header":"Manage Resources"}},"wdio_ui5_key":"sapm.GenericTile{\"header\":\"Manage Resources\"}"}]}
RESULT: undefined
COMMAND: POST /session/08ab26b8631a6e4e239c2287b57cf254/element - {"using":"xpath","value":"//*[@id=\"__tile31\"]"}
RESULT: {"using":"xpath","value":"//*[@id=\"__tile31\"]"}
COMMAND: POST /session/08ab26b8631a6e4e239c2287b57cf254/element/f.150F062B3A02957456735AB987B5EB04.d.9B7F7DF35064435ED0A2EAE2A80045F2.e.5583/click - {}
RESULT: {}
COMMAND: GET /session/08ab26b8631a6e4e239c2287b57cf254/screenshot - {}
RESULT: {}
]]></system-out>
    </testcase>
  </testsuite>
  <testsuite timestamp="2025-05-02T15:32:25" time="572.166" tests="2" failures="0" errors="0" skipped="0">
    <properties>
      <property name="specId" value="0" />
      <property name="suiteName" value="Create 2 RU material US118246" />
      <property name="capabilities" value="chrome.135_0_7049_96.windows" />
      <property name="file" value="file:///D:/a/1/s/test/specs/R2C/create-material.spec.js" />
    </properties>
    <testcase classname="chrome.135_0_7049_96.windows.Create_2_RU_material_US118246" name="Create material" time="267.616">
      <system-out><![CDATA[
COMMAND: POST /session/08ab26b8631a6e4e239c2287b57cf254/element - {"using":"xpath","value":"//button[@data-kt=\"addNewRUOverflowToolbarButton\"]"}
RESULT: {"using":"xpath","value":"//button[@data-kt=\"addNewRUOverflowToolbarButton\"]"}
COMMAND: POST /session/08ab26b8631a6e4e239c2287b57cf254/element - {"using":"xpath","value":"//button[@data-kt=\"addNewRUOverflowToolbarButton\"]"}
RESULT: {"using":"xpath","value":"//button[@data-kt=\"addNewRUOverflowToolbarButton\"]"}
COMMAND: POST /session/08ab26b8631a6e4e239c2287b57cf254/element - {"using":"xpath","value":"//button[@data-kt=\"addNewRUOverflowToolbarButton\"]"}
RESULT: {"using":"xpath","value":"//button[@data-kt=\"addNewRUOverflowToolbarButton\"]"}
COMMAND: POST /session/08ab26b8631a6e4e239c2287b57cf254/execute/sync - {"script":"<script> [8489 bytes]","args":[{"element-6066-11e4-a52e-4f735466cecf":"f.150F062B3A02957456735AB987B5EB04.d.9B7F7DF35064435ED0A2EAE2A80045F2.e.5708","ELEMENT":"f.150F062B3A02957456735AB987B5EB04.d.9B7F7DF35064435ED0A2EAE2A80045F2.e.5708"}]}
RESULT: {"script":"<script> [8489 bytes]","args":[{"element-6066-11e4-a52e-4f735466cecf":"f.150F062B3A02957456735AB987B5EB04.d.9B7F7DF35064435ED0A2EAE2A80045F2.e.5708","ELEMENT":"f.150F062B3A02957456735AB987B5EB04.d.9B7F7DF35064435ED0A2EAE2A80045F2.e.5708"}]}
COMMAND: POST /session/08ab26b8631a6e4e239c2287b57cf254/element/f.150F062B3A02957456735AB987B5EB04.d.9B7F7DF35064435ED0A2EAE2A80045F2.e.5708/click - {}
COMMAND: GET /session/08ab26b8631a6e4e239c2287b57cf254/screenshot - {}
RESULT: {}
COMMAND: GET /session/08ab26b8631a6e4e239c2287b57cf254/screenshot - {}
RESULT: {}
RESULT: {}
COMMAND: POST /session/08ab26b8631a6e4e239c2287b57cf254/execute/async - {"script":"<script> [1562 bytes]","args":[{"selector":{"controlType":"sap.m.ComboBox","viewName":"reusables.view.manageresources.NewResourceUnit","viewId":"application-manageresources-display-component---newResourceUnit","bindingPath":{"path":"","propertyPath":"/RuTypes","modelName":"catalogModel"},"searchOpenDialogs":true},"wdio_ui5_key":"reusablesview.manageresources.NewResourceUnitsap.m.ComboBox{\"path\":\"\",\"propertyPath\":\"/RuTypes\",\"modelName\":\"catalogModel\"}"}]}
RESULT: {"script":"<script> [1562 bytes]","args":[{"selector":{"controlType":"sap.m.ComboBox","viewName":"reusables.view.manageresources.NewResourceUnit","viewId":"application-manageresources-display-component---newResourceUnit","bindingPath":{"path":"","propertyPath":"/RuTypes","modelName":"catalogModel"},"searchOpenDialogs":true},"wdio_ui5_key":"reusablesview.manageresources.NewResourceUnitsap.m.ComboBox{\"path\":\"\",\"propertyPath\":\"/RuTypes\",\"modelName\":\"catalogModel\"}"}]}
RESULT: undefined
COMMAND: POST /session/08ab26b8631a6e4e239c2287b57cf254/execute/async - {"script":"<script> [1562 bytes]","args":[{"selector":{"controlType":"sap.m.ComboBox","viewName":"reusables.view.manageresources.NewResourceUnit","viewId":"application-manageresources-display-component---newResourceUnit","bindingPath":{"path":"","propertyPath":"/Yards","modelName":"catalogModel"},"searchOpenDialogs":true},"wdio_ui5_key":"reusablesview.manageresources.NewResourceUnitsap.m.ComboBox{\"path\":\"\",\"propertyPath\":\"/Yards\",\"modelName\":\"catalogModel\"}"}]}
RESULT: {"script":"<script> [1562 bytes]","args":[{"selector":{"controlType":"sap.m.ComboBox","viewName":"reusables.view.manageresources.NewResourceUnit","viewId":"application-manageresources-display-component---newResourceUnit","bindingPath":{"path":"","propertyPath":"/Yards","modelName":"catalogModel"},"searchOpenDialogs":true},"wdio_ui5_key":"reusablesview.manageresources.NewResourceUnitsap.m.ComboBox{\"path\":\"\",\"propertyPath\":\"/Yards\",\"modelName\":\"catalogModel\"}"}]}
RESULT: undefined
COMMAND: POST /session/08ab26b8631a6e4e239c2287b57cf254/execute/async - {"script":"<script> [1562 bytes]","args":[{"selector":{"controlType":"etm.portal.ui.reusables.customControls.LiveSearchComboBox","viewName":"reusables.view.manageresources.NewResourceUnit","viewId":"application-manageresources-display-component---newResourceUnit","bindingPath":{"path":"","propertyPath":"/CatalogItems","modelName":"catalogModel"},"searchOpenDialogs":true},"wdio_ui5_key":"reusablesview.manageresources.NewResourceUnitetm.portal.ui.reusables.customControls.LiveSearchComboBox{\"path\":\"\",\"propertyPath\":\"/CatalogItems\",\"modelName\":\"catalogModel\"}"}]}
RESULT: {"script":"<script> [1562 bytes]","args":[{"selector":{"controlType":"etm.portal.ui.reusables.customControls.LiveSearchComboBox","viewName":"reusables.view.manageresources.NewResourceUnit","viewId":"application-manageresources-display-component---newResourceUnit","bindingPath":{"path":"","propertyPath":"/CatalogItems","modelName":"catalogModel"},"searchOpenDialogs":true},"wdio_ui5_key":"reusablesview.manageresources.NewResourceUnitetm.portal.ui.reusables.customControls.LiveSearchComboBox{\"path\":\"\",\"propertyPath\":\"/CatalogItems\",\"modelName\":\"catalogModel\"}"}]}
RESULT: undefined
COMMAND: POST /session/08ab26b8631a6e4e239c2287b57cf254/element - {"using":"xpath","value":"//bdi[text()=\"OK\"]"}
RESULT: {"using":"xpath","value":"//bdi[text()=\"OK\"]"}
COMMAND: POST /session/08ab26b8631a6e4e239c2287b57cf254/elements - {"using":"xpath","value":"//bdi[text()=\"OK\"]"}
RESULT: {"using":"xpath","value":"//bdi[text()=\"OK\"]"}
COMMAND: POST /session/08ab26b8631a6e4e239c2287b57cf254/elements - {"using":"xpath","value":"//bdi[text()=\"OK\"]"}
RESULT: {"using":"xpath","value":"//bdi[text()=\"OK\"]"}
COMMAND: POST /session/08ab26b8631a6e4e239c2287b57cf254/elements - {"using":"xpath","value":"//bdi[text()=\"OK\"]"}
RESULT: {"using":"xpath","value":"//bdi[text()=\"OK\"]"}
COMMAND: POST /session/08ab26b8631a6e4e239c2287b57cf254/elements - {"using":"xpath","value":"//bdi[text()=\"OK\"]"}
RESULT: {"using":"xpath","value":"//bdi[text()=\"OK\"]"}
COMMAND: POST /session/08ab26b8631a6e4e239c2287b57cf254/elements - {"using":"xpath","value":"//bdi[text()=\"OK\"]"}
RESULT: {"using":"xpath","value":"//bdi[text()=\"OK\"]"}
COMMAND: POST /session/08ab26b8631a6e4e239c2287b57cf254/elements - {"using":"xpath","value":"//bdi[text()=\"OK\"]"}
RESULT: {"using":"xpath","value":"//bdi[text()=\"OK\"]"}
COMMAND: POST /session/08ab26b8631a6e4e239c2287b57cf254/elements - {"using":"xpath","value":"//bdi[text()=\"OK\"]"}
RESULT: {"using":"xpath","value":"//bdi[text()=\"OK\"]"}
COMMAND: POST /session/08ab26b8631a6e4e239c2287b57cf254/elements - {"using":"xpath","value":"//bdi[text()=\"OK\"]"}
RESULT: {"using":"xpath","value":"//bdi[text()=\"OK\"]"}
COMMAND: POST /session/08ab26b8631a6e4e239c2287b57cf254/elements - {"using":"xpath","value":"//bdi[text()=\"OK\"]"}
RESULT: {"using":"xpath","value":"//bdi[text()=\"OK\"]"}
COMMAND: POST /session/08ab26b8631a6e4e239c2287b57cf254/elements - {"using":"xpath","value":"//bdi[text()=\"OK\"]"}
RESULT: {"using":"xpath","value":"//bdi[text()=\"OK\"]"}
COMMAND: POST /session/08ab26b8631a6e4e239c2287b57cf254/elements - {"using":"xpath","value":"//bdi[text()=\"OK\"]"}
RESULT: {"using":"xpath","value":"//bdi[text()=\"OK\"]"}
COMMAND: POST /session/08ab26b8631a6e4e239c2287b57cf254/elements - {"using":"xpath","value":"//bdi[text()=\"OK\"]"}
RESULT: {"using":"xpath","value":"//bdi[text()=\"OK\"]"}
COMMAND: POST /session/08ab26b8631a6e4e239c2287b57cf254/elements - {"using":"xpath","value":"//bdi[text()=\"OK\"]"}
RESULT: {"using":"xpath","value":"//bdi[text()=\"OK\"]"}
COMMAND: POST /session/08ab26b8631a6e4e239c2287b57cf254/elements - {"using":"xpath","value":"//bdi[text()=\"OK\"]"}
RESULT: {"using":"xpath","value":"//bdi[text()=\"OK\"]"}
COMMAND: POST /session/08ab26b8631a6e4e239c2287b57cf254/elements - {"using":"xpath","value":"//bdi[text()=\"OK\"]"}
RESULT: {"using":"xpath","value":"//bdi[text()=\"OK\"]"}
COMMAND: POST /session/08ab26b8631a6e4e239c2287b57cf254/elements - {"using":"xpath","value":"//bdi[text()=\"OK\"]"}
RESULT: {"using":"xpath","value":"//bdi[text()=\"OK\"]"}
COMMAND: POST /session/08ab26b8631a6e4e239c2287b57cf254/elements - {"using":"xpath","value":"//bdi[text()=\"OK\"]"}
RESULT: {"using":"xpath","value":"//bdi[text()=\"OK\"]"}
COMMAND: POST /session/08ab26b8631a6e4e239c2287b57cf254/elements - {"using":"xpath","value":"//bdi[text()=\"OK\"]"}
RESULT: {"using":"xpath","value":"//bdi[text()=\"OK\"]"}
COMMAND: POST /session/08ab26b8631a6e4e239c2287b57cf254/elements - {"using":"xpath","value":"//bdi[text()=\"OK\"]"}
RESULT: {"using":"xpath","value":"//bdi[text()=\"OK\"]"}
COMMAND: POST /session/08ab26b8631a6e4e239c2287b57cf254/elements - {"using":"xpath","value":"//bdi[text()=\"OK\"]"}
RESULT: {"using":"xpath","value":"//bdi[text()=\"OK\"]"}
COMMAND: POST /session/08ab26b8631a6e4e239c2287b57cf254/elements - {"using":"xpath","value":"//bdi[text()=\"OK\"]"}
RESULT: {"using":"xpath","value":"//bdi[text()=\"OK\"]"}
COMMAND: POST /session/08ab26b8631a6e4e239c2287b57cf254/elements - {"using":"xpath","value":"//bdi[text()=\"OK\"]"}
RESULT: {"using":"xpath","value":"//bdi[text()=\"OK\"]"}
COMMAND: POST /session/08ab26b8631a6e4e239c2287b57cf254/elements - {"using":"xpath","value":"//bdi[text()=\"OK\"]"}
RESULT: {"using":"xpath","value":"//bdi[text()=\"OK\"]"}
COMMAND: POST /session/08ab26b8631a6e4e239c2287b57cf254/elements - {"using":"xpath","value":"//bdi[text()=\"OK\"]"}
RESULT: {"using":"xpath","value":"//bdi[text()=\"OK\"]"}
COMMAND: POST /session/08ab26b8631a6e4e239c2287b57cf254/elements - {"using":"xpath","value":"//bdi[text()=\"OK\"]"}
RESULT: {"using":"xpath","value":"//bdi[text()=\"OK\"]"}
COMMAND: POST /session/08ab26b8631a6e4e239c2287b57cf254/elements - {"using":"xpath","value":"//bdi[text()=\"OK\"]"}
RESULT: {"using":"xpath","value":"//bdi[text()=\"OK\"]"}
COMMAND: POST /session/08ab26b8631a6e4e239c2287b57cf254/elements - {"using":"xpath","value":"//bdi[text()=\"OK\"]"}
RESULT: {"using":"xpath","value":"//bdi[text()=\"OK\"]"}
COMMAND: POST /session/08ab26b8631a6e4e239c2287b57cf254/elements - {"using":"xpath","value":"//bdi[text()=\"OK\"]"}
RESULT: {"using":"xpath","value":"//bdi[text()=\"OK\"]"}
COMMAND: POST /session/08ab26b8631a6e4e239c2287b57cf254/elements - {"using":"xpath","value":"//bdi[text()=\"OK\"]"}
RESULT: {"using":"xpath","value":"//bdi[text()=\"OK\"]"}
COMMAND: POST /session/08ab26b8631a6e4e239c2287b57cf254/elements - {"using":"xpath","value":"//bdi[text()=\"OK\"]"}
RESULT: {"using":"xpath","value":"//bdi[text()=\"OK\"]"}
COMMAND: POST /session/08ab26b8631a6e4e239c2287b57cf254/elements - {"using":"xpath","value":"//bdi[text()=\"OK\"]"}
RESULT: {"using":"xpath","value":"//bdi[text()=\"OK\"]"}
COMMAND: POST /session/08ab26b8631a6e4e239c2287b57cf254/elements - {"using":"xpath","value":"//bdi[text()=\"OK\"]"}
RESULT: {"using":"xpath","value":"//bdi[text()=\"OK\"]"}
COMMAND: POST /session/08ab26b8631a6e4e239c2287b57cf254/elements - {"using":"xpath","value":"//bdi[text()=\"OK\"]"}
RESULT: {"using":"xpath","value":"//bdi[text()=\"OK\"]"}
COMMAND: POST /session/08ab26b8631a6e4e239c2287b57cf254/elements - {"using":"xpath","value":"//bdi[text()=\"OK\"]"}
RESULT: {"using":"xpath","value":"//bdi[text()=\"OK\"]"}
COMMAND: POST /session/08ab26b8631a6e4e239c2287b57cf254/elements - {"using":"xpath","value":"//bdi[text()=\"OK\"]"}
RESULT: {"using":"xpath","value":"//bdi[text()=\"OK\"]"}
COMMAND: POST /session/08ab26b8631a6e4e239c2287b57cf254/elements - {"using":"xpath","value":"//bdi[text()=\"OK\"]"}
RESULT: {"using":"xpath","value":"//bdi[text()=\"OK\"]"}
COMMAND: POST /session/08ab26b8631a6e4e239c2287b57cf254/elements - {"using":"xpath","value":"//bdi[text()=\"OK\"]"}
RESULT: {"using":"xpath","value":"//bdi[text()=\"OK\"]"}
COMMAND: POST /session/08ab26b8631a6e4e239c2287b57cf254/elements - {"using":"xpath","value":"//bdi[text()=\"OK\"]"}
RESULT: {"using":"xpath","value":"//bdi[text()=\"OK\"]"}
COMMAND: POST /session/08ab26b8631a6e4e239c2287b57cf254/elements - {"using":"xpath","value":"//bdi[text()=\"OK\"]"}
RESULT: {"using":"xpath","value":"//bdi[text()=\"OK\"]"}
COMMAND: POST /session/08ab26b8631a6e4e239c2287b57cf254/elements - {"using":"xpath","value":"//bdi[text()=\"OK\"]"}
RESULT: {"using":"xpath","value":"//bdi[text()=\"OK\"]"}
COMMAND: POST /session/08ab26b8631a6e4e239c2287b57cf254/elements - {"using":"xpath","value":"//bdi[text()=\"OK\"]"}
RESULT: {"using":"xpath","value":"//bdi[text()=\"OK\"]"}
COMMAND: POST /session/08ab26b8631a6e4e239c2287b57cf254/elements - {"using":"xpath","value":"//bdi[text()=\"OK\"]"}
RESULT: {"using":"xpath","value":"//bdi[text()=\"OK\"]"}
COMMAND: POST /session/08ab26b8631a6e4e239c2287b57cf254/elements - {"using":"xpath","value":"//bdi[text()=\"OK\"]"}
RESULT: {"using":"xpath","value":"//bdi[text()=\"OK\"]"}
COMMAND: POST /session/08ab26b8631a6e4e239c2287b57cf254/elements - {"using":"xpath","value":"//bdi[text()=\"OK\"]"}
RESULT: {"using":"xpath","value":"//bdi[text()=\"OK\"]"}
COMMAND: POST /session/08ab26b8631a6e4e239c2287b57cf254/elements - {"using":"xpath","value":"//bdi[text()=\"OK\"]"}
RESULT: {"using":"xpath","value":"//bdi[text()=\"OK\"]"}
COMMAND: POST /session/08ab26b8631a6e4e239c2287b57cf254/elements - {"using":"xpath","value":"//bdi[text()=\"OK\"]"}
RESULT: {"using":"xpath","value":"//bdi[text()=\"OK\"]"}
COMMAND: POST /session/08ab26b8631a6e4e239c2287b57cf254/elements - {"using":"xpath","value":"//bdi[text()=\"OK\"]"}
RESULT: {"using":"xpath","value":"//bdi[text()=\"OK\"]"}
COMMAND: POST /session/08ab26b8631a6e4e239c2287b57cf254/elements - {"using":"xpath","value":"//bdi[text()=\"OK\"]"}
RESULT: {"using":"xpath","value":"//bdi[text()=\"OK\"]"}
COMMAND: POST /session/08ab26b8631a6e4e239c2287b57cf254/elements - {"using":"xpath","value":"//bdi[text()=\"OK\"]"}
RESULT: {"using":"xpath","value":"//bdi[text()=\"OK\"]"}
COMMAND: POST /session/08ab26b8631a6e4e239c2287b57cf254/elements - {"using":"xpath","value":"//bdi[text()=\"OK\"]"}
RESULT: {"using":"xpath","value":"//bdi[text()=\"OK\"]"}
COMMAND: POST /session/08ab26b8631a6e4e239c2287b57cf254/elements - {"using":"xpath","value":"//bdi[text()=\"OK\"]"}
RESULT: {"using":"xpath","value":"//bdi[text()=\"OK\"]"}
COMMAND: POST /session/08ab26b8631a6e4e239c2287b57cf254/elements - {"using":"xpath","value":"//bdi[text()=\"OK\"]"}
RESULT: {"using":"xpath","value":"//bdi[text()=\"OK\"]"}
COMMAND: POST /session/08ab26b8631a6e4e239c2287b57cf254/elements - {"using":"xpath","value":"//bdi[text()=\"OK\"]"}
RESULT: {"using":"xpath","value":"//bdi[text()=\"OK\"]"}
COMMAND: POST /session/08ab26b8631a6e4e239c2287b57cf254/elements - {"using":"xpath","value":"//bdi[text()=\"OK\"]"}
RESULT: {"using":"xpath","value":"//bdi[text()=\"OK\"]"}
COMMAND: POST /session/08ab26b8631a6e4e239c2287b57cf254/elements - {"using":"xpath","value":"//bdi[text()=\"OK\"]"}
RESULT: {"using":"xpath","value":"//bdi[text()=\"OK\"]"}
COMMAND: POST /session/08ab26b8631a6e4e239c2287b57cf254/elements - {"using":"xpath","value":"//bdi[text()=\"OK\"]"}
RESULT: {"using":"xpath","value":"//bdi[text()=\"OK\"]"}
COMMAND: POST /session/08ab26b8631a6e4e239c2287b57cf254/elements - {"using":"xpath","value":"//bdi[text()=\"OK\"]"}
RESULT: {"using":"xpath","value":"//bdi[text()=\"OK\"]"}
COMMAND: POST /session/08ab26b8631a6e4e239c2287b57cf254/elements - {"using":"xpath","value":"//bdi[text()=\"OK\"]"}
RESULT: {"using":"xpath","value":"//bdi[text()=\"OK\"]"}
COMMAND: POST /session/08ab26b8631a6e4e239c2287b57cf254/elements - {"using":"xpath","value":"//bdi[text()=\"OK\"]"}
RESULT: {"using":"xpath","value":"//bdi[text()=\"OK\"]"}
COMMAND: POST /session/08ab26b8631a6e4e239c2287b57cf254/elements - {"using":"xpath","value":"//bdi[text()=\"OK\"]"}
RESULT: {"using":"xpath","value":"//bdi[text()=\"OK\"]"}
COMMAND: POST /session/08ab26b8631a6e4e239c2287b57cf254/elements - {"using":"xpath","value":"//bdi[text()=\"OK\"]"}
RESULT: {"using":"xpath","value":"//bdi[text()=\"OK\"]"}
COMMAND: POST /session/08ab26b8631a6e4e239c2287b57cf254/elements - {"using":"xpath","value":"//bdi[text()=\"OK\"]"}
RESULT: {"using":"xpath","value":"//bdi[text()=\"OK\"]"}
COMMAND: POST /session/08ab26b8631a6e4e239c2287b57cf254/elements - {"using":"xpath","value":"//bdi[text()=\"OK\"]"}
RESULT: {"using":"xpath","value":"//bdi[text()=\"OK\"]"}
COMMAND: POST /session/08ab26b8631a6e4e239c2287b57cf254/elements - {"using":"xpath","value":"//bdi[text()=\"OK\"]"}
RESULT: {"using":"xpath","value":"//bdi[text()=\"OK\"]"}
COMMAND: POST /session/08ab26b8631a6e4e239c2287b57cf254/elements - {"using":"xpath","value":"//bdi[text()=\"OK\"]"}
RESULT: {"using":"xpath","value":"//bdi[text()=\"OK\"]"}
COMMAND: POST /session/08ab26b8631a6e4e239c2287b57cf254/elements - {"using":"xpath","value":"//bdi[text()=\"OK\"]"}
RESULT: {"using":"xpath","value":"//bdi[text()=\"OK\"]"}
COMMAND: POST /session/08ab26b8631a6e4e239c2287b57cf254/elements - {"using":"xpath","value":"//bdi[text()=\"OK\"]"}
RESULT: {"using":"xpath","value":"//bdi[text()=\"OK\"]"}
COMMAND: POST /session/08ab26b8631a6e4e239c2287b57cf254/elements - {"using":"xpath","value":"//bdi[text()=\"OK\"]"}
RESULT: {"using":"xpath","value":"//bdi[text()=\"OK\"]"}
COMMAND: POST /session/08ab26b8631a6e4e239c2287b57cf254/elements - {"using":"xpath","value":"//bdi[text()=\"OK\"]"}
RESULT: {"using":"xpath","value":"//bdi[text()=\"OK\"]"}
COMMAND: POST /session/08ab26b8631a6e4e239c2287b57cf254/elements - {"using":"xpath","value":"//bdi[text()=\"OK\"]"}
RESULT: {"using":"xpath","value":"//bdi[text()=\"OK\"]"}
COMMAND: POST /session/08ab26b8631a6e4e239c2287b57cf254/elements - {"using":"xpath","value":"//bdi[text()=\"OK\"]"}
RESULT: {"using":"xpath","value":"//bdi[text()=\"OK\"]"}
COMMAND: POST /session/08ab26b8631a6e4e239c2287b57cf254/elements - {"using":"xpath","value":"//bdi[text()=\"OK\"]"}
RESULT: {"using":"xpath","value":"//bdi[text()=\"OK\"]"}
COMMAND: POST /session/08ab26b8631a6e4e239c2287b57cf254/elements - {"using":"xpath","value":"//bdi[text()=\"OK\"]"}
RESULT: {"using":"xpath","value":"//bdi[text()=\"OK\"]"}
COMMAND: POST /session/08ab26b8631a6e4e239c2287b57cf254/elements - {"using":"xpath","value":"//bdi[text()=\"OK\"]"}
RESULT: {"using":"xpath","value":"//bdi[text()=\"OK\"]"}
COMMAND: POST /session/08ab26b8631a6e4e239c2287b57cf254/elements - {"using":"xpath","value":"//bdi[text()=\"OK\"]"}
RESULT: {"using":"xpath","value":"//bdi[text()=\"OK\"]"}
COMMAND: POST /session/08ab26b8631a6e4e239c2287b57cf254/elements - {"using":"xpath","value":"//bdi[text()=\"OK\"]"}
RESULT: {"using":"xpath","value":"//bdi[text()=\"OK\"]"}
COMMAND: POST /session/08ab26b8631a6e4e239c2287b57cf254/elements - {"using":"xpath","value":"//bdi[text()=\"OK\"]"}
RESULT: {"using":"xpath","value":"//bdi[text()=\"OK\"]"}
COMMAND: POST /session/08ab26b8631a6e4e239c2287b57cf254/elements - {"using":"xpath","value":"//bdi[text()=\"OK\"]"}
RESULT: {"using":"xpath","value":"//bdi[text()=\"OK\"]"}
COMMAND: POST /session/08ab26b8631a6e4e239c2287b57cf254/elements - {"using":"xpath","value":"//bdi[text()=\"OK\"]"}
RESULT: {"using":"xpath","value":"//bdi[text()=\"OK\"]"}
COMMAND: POST /session/08ab26b8631a6e4e239c2287b57cf254/elements - {"using":"xpath","value":"//bdi[text()=\"OK\"]"}
RESULT: {"using":"xpath","value":"//bdi[text()=\"OK\"]"}
COMMAND: POST /session/08ab26b8631a6e4e239c2287b57cf254/elements - {"using":"xpath","value":"//bdi[text()=\"OK\"]"}
RESULT: {"using":"xpath","value":"//bdi[text()=\"OK\"]"}
COMMAND: POST /session/08ab26b8631a6e4e239c2287b57cf254/elements - {"using":"xpath","value":"//bdi[text()=\"OK\"]"}
RESULT: {"using":"xpath","value":"//bdi[text()=\"OK\"]"}
COMMAND: POST /session/08ab26b8631a6e4e239c2287b57cf254/elements - {"using":"xpath","value":"//bdi[text()=\"OK\"]"}
RESULT: {"using":"xpath","value":"//bdi[text()=\"OK\"]"}
COMMAND: POST /session/08ab26b8631a6e4e239c2287b57cf254/elements - {"using":"xpath","value":"//bdi[text()=\"OK\"]"}
RESULT: {"using":"xpath","value":"//bdi[text()=\"OK\"]"}
COMMAND: POST /session/08ab26b8631a6e4e239c2287b57cf254/elements - {"using":"xpath","value":"//bdi[text()=\"OK\"]"}
RESULT: {"using":"xpath","value":"//bdi[text()=\"OK\"]"}
COMMAND: POST /session/08ab26b8631a6e4e239c2287b57cf254/elements - {"using":"xpath","value":"//bdi[text()=\"OK\"]"}
RESULT: {"using":"xpath","value":"//bdi[text()=\"OK\"]"}
COMMAND: POST /session/08ab26b8631a6e4e239c2287b57cf254/elements - {"using":"xpath","value":"//bdi[text()=\"OK\"]"}
RESULT: {"using":"xpath","value":"//bdi[text()=\"OK\"]"}
COMMAND: POST /session/08ab26b8631a6e4e239c2287b57cf254/elements - {"using":"xpath","value":"//bdi[text()=\"OK\"]"}
RESULT: {"using":"xpath","value":"//bdi[text()=\"OK\"]"}
COMMAND: POST /session/08ab26b8631a6e4e239c2287b57cf254/elements - {"using":"xpath","value":"//bdi[text()=\"OK\"]"}
RESULT: {"using":"xpath","value":"//bdi[text()=\"OK\"]"}
COMMAND: POST /session/08ab26b8631a6e4e239c2287b57cf254/elements - {"using":"xpath","value":"//bdi[text()=\"OK\"]"}
RESULT: {"using":"xpath","value":"//bdi[text()=\"OK\"]"}
COMMAND: POST /session/08ab26b8631a6e4e239c2287b57cf254/elements - {"using":"xpath","value":"//bdi[text()=\"OK\"]"}
RESULT: {"using":"xpath","value":"//bdi[text()=\"OK\"]"}
COMMAND: POST /session/08ab26b8631a6e4e239c2287b57cf254/elements - {"using":"xpath","value":"//bdi[text()=\"OK\"]"}
RESULT: {"using":"xpath","value":"//bdi[text()=\"OK\"]"}
COMMAND: POST /session/08ab26b8631a6e4e239c2287b57cf254/elements - {"using":"xpath","value":"//bdi[text()=\"OK\"]"}
RESULT: {"using":"xpath","value":"//bdi[text()=\"OK\"]"}
COMMAND: POST /session/08ab26b8631a6e4e239c2287b57cf254/elements - {"using":"xpath","value":"//bdi[text()=\"OK\"]"}
RESULT: {"using":"xpath","value":"//bdi[text()=\"OK\"]"}
COMMAND: POST /session/08ab26b8631a6e4e239c2287b57cf254/elements - {"using":"xpath","value":"//bdi[text()=\"OK\"]"}
RESULT: {"using":"xpath","value":"//bdi[text()=\"OK\"]"}
COMMAND: POST /session/08ab26b8631a6e4e239c2287b57cf254/elements - {"using":"xpath","value":"//bdi[text()=\"OK\"]"}
RESULT: {"using":"xpath","value":"//bdi[text()=\"OK\"]"}
COMMAND: POST /session/08ab26b8631a6e4e239c2287b57cf254/elements - {"using":"xpath","value":"//bdi[text()=\"OK\"]"}
RESULT: {"using":"xpath","value":"//bdi[text()=\"OK\"]"}
COMMAND: POST /session/08ab26b8631a6e4e239c2287b57cf254/elements - {"using":"xpath","value":"//bdi[text()=\"OK\"]"}
RESULT: {"using":"xpath","value":"//bdi[text()=\"OK\"]"}
COMMAND: POST /session/08ab26b8631a6e4e239c2287b57cf254/elements - {"using":"xpath","value":"//bdi[text()=\"OK\"]"}
RESULT: {"using":"xpath","value":"//bdi[text()=\"OK\"]"}
COMMAND: POST /session/08ab26b8631a6e4e239c2287b57cf254/elements - {"using":"xpath","value":"//bdi[text()=\"OK\"]"}
RESULT: {"using":"xpath","value":"//bdi[text()=\"OK\"]"}
COMMAND: POST /session/08ab26b8631a6e4e239c2287b57cf254/elements - {"using":"xpath","value":"//bdi[text()=\"OK\"]"}
RESULT: {"using":"xpath","value":"//bdi[text()=\"OK\"]"}
COMMAND: POST /session/08ab26b8631a6e4e239c2287b57cf254/elements - {"using":"xpath","value":"//bdi[text()=\"OK\"]"}
RESULT: {"using":"xpath","value":"//bdi[text()=\"OK\"]"}
COMMAND: POST /session/08ab26b8631a6e4e239c2287b57cf254/elements - {"using":"xpath","value":"//bdi[text()=\"OK\"]"}
RESULT: {"using":"xpath","value":"//bdi[text()=\"OK\"]"}
COMMAND: POST /session/08ab26b8631a6e4e239c2287b57cf254/elements - {"using":"xpath","value":"//bdi[text()=\"OK\"]"}
RESULT: {"using":"xpath","value":"//bdi[text()=\"OK\"]"}
COMMAND: POST /session/08ab26b8631a6e4e239c2287b57cf254/elements - {"using":"xpath","value":"//bdi[text()=\"OK\"]"}
RESULT: {"using":"xpath","value":"//bdi[text()=\"OK\"]"}
COMMAND: POST /session/08ab26b8631a6e4e239c2287b57cf254/elements - {"using":"xpath","value":"//bdi[text()=\"OK\"]"}
RESULT: {"using":"xpath","value":"//bdi[text()=\"OK\"]"}
COMMAND: POST /session/08ab26b8631a6e4e239c2287b57cf254/elements - {"using":"xpath","value":"//bdi[text()=\"OK\"]"}
RESULT: {"using":"xpath","value":"//bdi[text()=\"OK\"]"}
COMMAND: POST /session/08ab26b8631a6e4e239c2287b57cf254/elements - {"using":"xpath","value":"//bdi[text()=\"OK\"]"}
RESULT: {"using":"xpath","value":"//bdi[text()=\"OK\"]"}
COMMAND: POST /session/08ab26b8631a6e4e239c2287b57cf254/elements - {"using":"xpath","value":"//bdi[text()=\"OK\"]"}
RESULT: {"using":"xpath","value":"//bdi[text()=\"OK\"]"}
COMMAND: POST /session/08ab26b8631a6e4e239c2287b57cf254/elements - {"using":"xpath","value":"//bdi[text()=\"OK\"]"}
RESULT: {"using":"xpath","value":"//bdi[text()=\"OK\"]"}
COMMAND: POST /session/08ab26b8631a6e4e239c2287b57cf254/elements - {"using":"xpath","value":"//bdi[text()=\"OK\"]"}
RESULT: {"using":"xpath","value":"//bdi[text()=\"OK\"]"}
COMMAND: POST /session/08ab26b8631a6e4e239c2287b57cf254/elements - {"using":"xpath","value":"//bdi[text()=\"OK\"]"}
RESULT: {"using":"xpath","value":"//bdi[text()=\"OK\"]"}
COMMAND: POST /session/08ab26b8631a6e4e239c2287b57cf254/elements - {"using":"xpath","value":"//bdi[text()=\"OK\"]"}
RESULT: {"using":"xpath","value":"//bdi[text()=\"OK\"]"}
COMMAND: POST /session/08ab26b8631a6e4e239c2287b57cf254/elements - {"using":"xpath","value":"//bdi[text()=\"OK\"]"}
RESULT: {"using":"xpath","value":"//bdi[text()=\"OK\"]"}
COMMAND: POST /session/08ab26b8631a6e4e239c2287b57cf254/elements - {"using":"xpath","value":"//bdi[text()=\"OK\"]"}
RESULT: {"using":"xpath","value":"//bdi[text()=\"OK\"]"}
COMMAND: POST /session/08ab26b8631a6e4e239c2287b57cf254/elements - {"using":"xpath","value":"//bdi[text()=\"OK\"]"}
RESULT: {"using":"xpath","value":"//bdi[text()=\"OK\"]"}
COMMAND: POST /session/08ab26b8631a6e4e239c2287b57cf254/elements - {"using":"xpath","value":"//bdi[text()=\"OK\"]"}
RESULT: {"using":"xpath","value":"//bdi[text()=\"OK\"]"}
COMMAND: POST /session/08ab26b8631a6e4e239c2287b57cf254/elements - {"using":"xpath","value":"//bdi[text()=\"OK\"]"}
RESULT: {"using":"xpath","value":"//bdi[text()=\"OK\"]"}
COMMAND: POST /session/08ab26b8631a6e4e239c2287b57cf254/elements - {"using":"xpath","value":"//bdi[text()=\"OK\"]"}
RESULT: {"using":"xpath","value":"//bdi[text()=\"OK\"]"}
COMMAND: POST /session/08ab26b8631a6e4e239c2287b57cf254/elements - {"using":"xpath","value":"//bdi[text()=\"OK\"]"}
RESULT: {"using":"xpath","value":"//bdi[text()=\"OK\"]"}
COMMAND: POST /session/08ab26b8631a6e4e239c2287b57cf254/elements - {"using":"xpath","value":"//bdi[text()=\"OK\"]"}
COMMAND: POST /session/08ab26b8631a6e4e239c2287b57cf254/element - {"using":"xpath","value":"//bdi[text()=\"OK\"]"}
RESULT: {"using":"xpath","value":"//bdi[text()=\"OK\"]"}
RESULT: {"using":"xpath","value":"//bdi[text()=\"OK\"]"}
COMMAND: POST /session/08ab26b8631a6e4e239c2287b57cf254/elements - {"using":"xpath","value":"//bdi[text()=\"OK\"]"}
RESULT: {"using":"xpath","value":"//bdi[text()=\"OK\"]"}
COMMAND: POST /session/08ab26b8631a6e4e239c2287b57cf254/elements - {"using":"xpath","value":"//bdi[text()=\"OK\"]"}
RESULT: {"using":"xpath","value":"//bdi[text()=\"OK\"]"}
COMMAND: POST /session/08ab26b8631a6e4e239c2287b57cf254/elements - {"using":"xpath","value":"//bdi[text()=\"OK\"]"}
RESULT: {"using":"xpath","value":"//bdi[text()=\"OK\"]"}
COMMAND: POST /session/08ab26b8631a6e4e239c2287b57cf254/elements - {"using":"xpath","value":"//bdi[text()=\"OK\"]"}
RESULT: {"using":"xpath","value":"//bdi[text()=\"OK\"]"}
COMMAND: POST /session/08ab26b8631a6e4e239c2287b57cf254/elements - {"using":"xpath","value":"//bdi[text()=\"OK\"]"}
RESULT: {"using":"xpath","value":"//bdi[text()=\"OK\"]"}
COMMAND: POST /session/08ab26b8631a6e4e239c2287b57cf254/elements - {"using":"xpath","value":"//bdi[text()=\"OK\"]"}
RESULT: {"using":"xpath","value":"//bdi[text()=\"OK\"]"}
COMMAND: POST /session/08ab26b8631a6e4e239c2287b57cf254/elements - {"using":"xpath","value":"//bdi[text()=\"OK\"]"}
RESULT: {"using":"xpath","value":"//bdi[text()=\"OK\"]"}
COMMAND: POST /session/08ab26b8631a6e4e239c2287b57cf254/elements - {"using":"xpath","value":"//bdi[text()=\"OK\"]"}
RESULT: {"using":"xpath","value":"//bdi[text()=\"OK\"]"}
COMMAND: POST /session/08ab26b8631a6e4e239c2287b57cf254/elements - {"using":"xpath","value":"//bdi[text()=\"OK\"]"}
RESULT: {"using":"xpath","value":"//bdi[text()=\"OK\"]"}
COMMAND: POST /session/08ab26b8631a6e4e239c2287b57cf254/elements - {"using":"xpath","value":"//bdi[text()=\"OK\"]"}
RESULT: {"using":"xpath","value":"//bdi[text()=\"OK\"]"}
COMMAND: POST /session/08ab26b8631a6e4e239c2287b57cf254/elements - {"using":"xpath","value":"//bdi[text()=\"OK\"]"}
RESULT: {"using":"xpath","value":"//bdi[text()=\"OK\"]"}
COMMAND: POST /session/08ab26b8631a6e4e239c2287b57cf254/elements - {"using":"xpath","value":"//bdi[text()=\"OK\"]"}
RESULT: {"using":"xpath","value":"//bdi[text()=\"OK\"]"}
COMMAND: POST /session/08ab26b8631a6e4e239c2287b57cf254/elements - {"using":"xpath","value":"//bdi[text()=\"OK\"]"}
RESULT: {"using":"xpath","value":"//bdi[text()=\"OK\"]"}
COMMAND: POST /session/08ab26b8631a6e4e239c2287b57cf254/elements - {"using":"xpath","value":"//bdi[text()=\"OK\"]"}
RESULT: {"using":"xpath","value":"//bdi[text()=\"OK\"]"}
COMMAND: POST /session/08ab26b8631a6e4e239c2287b57cf254/elements - {"using":"xpath","value":"//bdi[text()=\"OK\"]"}
RESULT: {"using":"xpath","value":"//bdi[text()=\"OK\"]"}
COMMAND: POST /session/08ab26b8631a6e4e239c2287b57cf254/elements - {"using":"xpath","value":"//bdi[text()=\"OK\"]"}
RESULT: {"using":"xpath","value":"//bdi[text()=\"OK\"]"}
COMMAND: POST /session/08ab26b8631a6e4e239c2287b57cf254/elements - {"using":"xpath","value":"//bdi[text()=\"OK\"]"}
RESULT: {"using":"xpath","value":"//bdi[text()=\"OK\"]"}
COMMAND: POST /session/08ab26b8631a6e4e239c2287b57cf254/elements - {"using":"xpath","value":"//bdi[text()=\"OK\"]"}
RESULT: {"using":"xpath","value":"//bdi[text()=\"OK\"]"}
COMMAND: POST /session/08ab26b8631a6e4e239c2287b57cf254/elements - {"using":"xpath","value":"//bdi[text()=\"OK\"]"}
RESULT: {"using":"xpath","value":"//bdi[text()=\"OK\"]"}
COMMAND: POST /session/08ab26b8631a6e4e239c2287b57cf254/elements - {"using":"xpath","value":"//bdi[text()=\"OK\"]"}
RESULT: {"using":"xpath","value":"//bdi[text()=\"OK\"]"}
COMMAND: POST /session/08ab26b8631a6e4e239c2287b57cf254/elements - {"using":"xpath","value":"//bdi[text()=\"OK\"]"}
RESULT: {"using":"xpath","value":"//bdi[text()=\"OK\"]"}
COMMAND: POST /session/08ab26b8631a6e4e239c2287b57cf254/elements - {"using":"xpath","value":"//bdi[text()=\"OK\"]"}
RESULT: {"using":"xpath","value":"//bdi[text()=\"OK\"]"}
COMMAND: POST /session/08ab26b8631a6e4e239c2287b57cf254/elements - {"using":"xpath","value":"//bdi[text()=\"OK\"]"}
RESULT: {"using":"xpath","value":"//bdi[text()=\"OK\"]"}
COMMAND: POST /session/08ab26b8631a6e4e239c2287b57cf254/elements - {"using":"xpath","value":"//bdi[text()=\"OK\"]"}
RESULT: {"using":"xpath","value":"//bdi[text()=\"OK\"]"}
COMMAND: POST /session/08ab26b8631a6e4e239c2287b57cf254/elements - {"using":"xpath","value":"//bdi[text()=\"OK\"]"}
RESULT: {"using":"xpath","value":"//bdi[text()=\"OK\"]"}
COMMAND: POST /session/08ab26b8631a6e4e239c2287b57cf254/elements - {"using":"xpath","value":"//bdi[text()=\"OK\"]"}
RESULT: {"using":"xpath","value":"//bdi[text()=\"OK\"]"}
COMMAND: POST /session/08ab26b8631a6e4e239c2287b57cf254/elements - {"using":"xpath","value":"//bdi[text()=\"OK\"]"}
RESULT: {"using":"xpath","value":"//bdi[text()=\"OK\"]"}
COMMAND: POST /session/08ab26b8631a6e4e239c2287b57cf254/elements - {"using":"xpath","value":"//bdi[text()=\"OK\"]"}
RESULT: {"using":"xpath","value":"//bdi[text()=\"OK\"]"}
COMMAND: POST /session/08ab26b8631a6e4e239c2287b57cf254/elements - {"using":"xpath","value":"//bdi[text()=\"OK\"]"}
RESULT: {"using":"xpath","value":"//bdi[text()=\"OK\"]"}
COMMAND: POST /session/08ab26b8631a6e4e239c2287b57cf254/elements - {"using":"xpath","value":"//bdi[text()=\"OK\"]"}
RESULT: {"using":"xpath","value":"//bdi[text()=\"OK\"]"}
COMMAND: POST /session/08ab26b8631a6e4e239c2287b57cf254/elements - {"using":"xpath","value":"//bdi[text()=\"OK\"]"}
RESULT: {"using":"xpath","value":"//bdi[text()=\"OK\"]"}
COMMAND: POST /session/08ab26b8631a6e4e239c2287b57cf254/elements - {"using":"xpath","value":"//bdi[text()=\"OK\"]"}
RESULT: {"using":"xpath","value":"//bdi[text()=\"OK\"]"}
COMMAND: POST /session/08ab26b8631a6e4e239c2287b57cf254/elements - {"using":"xpath","value":"//bdi[text()=\"OK\"]"}
RESULT: {"using":"xpath","value":"//bdi[text()=\"OK\"]"}
COMMAND: POST /session/08ab26b8631a6e4e239c2287b57cf254/elements - {"using":"xpath","value":"//bdi[text()=\"OK\"]"}
RESULT: {"using":"xpath","value":"//bdi[text()=\"OK\"]"}
COMMAND: POST /session/08ab26b8631a6e4e239c2287b57cf254/elements - {"using":"xpath","value":"//bdi[text()=\"OK\"]"}
RESULT: {"using":"xpath","value":"//bdi[text()=\"OK\"]"}
COMMAND: POST /session/08ab26b8631a6e4e239c2287b57cf254/elements - {"using":"xpath","value":"//bdi[text()=\"OK\"]"}
RESULT: {"using":"xpath","value":"//bdi[text()=\"OK\"]"}
COMMAND: POST /session/08ab26b8631a6e4e239c2287b57cf254/elements - {"using":"xpath","value":"//bdi[text()=\"OK\"]"}
RESULT: {"using":"xpath","value":"//bdi[text()=\"OK\"]"}
COMMAND: POST /session/08ab26b8631a6e4e239c2287b57cf254/elements - {"using":"xpath","value":"//bdi[text()=\"OK\"]"}
RESULT: {"using":"xpath","value":"//bdi[text()=\"OK\"]"}
COMMAND: POST /session/08ab26b8631a6e4e239c2287b57cf254/elements - {"using":"xpath","value":"//bdi[text()=\"OK\"]"}
RESULT: {"using":"xpath","value":"//bdi[text()=\"OK\"]"}
COMMAND: POST /session/08ab26b8631a6e4e239c2287b57cf254/elements - {"using":"xpath","value":"//bdi[text()=\"OK\"]"}
RESULT: {"using":"xpath","value":"//bdi[text()=\"OK\"]"}
COMMAND: POST /session/08ab26b8631a6e4e239c2287b57cf254/elements - {"using":"xpath","value":"//bdi[text()=\"OK\"]"}
RESULT: {"using":"xpath","value":"//bdi[text()=\"OK\"]"}
COMMAND: POST /session/08ab26b8631a6e4e239c2287b57cf254/elements - {"using":"xpath","value":"//bdi[text()=\"OK\"]"}
RESULT: {"using":"xpath","value":"//bdi[text()=\"OK\"]"}
COMMAND: POST /session/08ab26b8631a6e4e239c2287b57cf254/elements - {"using":"xpath","value":"//bdi[text()=\"OK\"]"}
RESULT: {"using":"xpath","value":"//bdi[text()=\"OK\"]"}
COMMAND: POST /session/08ab26b8631a6e4e239c2287b57cf254/elements - {"using":"xpath","value":"//bdi[text()=\"OK\"]"}
RESULT: {"using":"xpath","value":"//bdi[text()=\"OK\"]"}
COMMAND: POST /session/08ab26b8631a6e4e239c2287b57cf254/elements - {"using":"xpath","value":"//bdi[text()=\"OK\"]"}
RESULT: {"using":"xpath","value":"//bdi[text()=\"OK\"]"}
COMMAND: POST /session/08ab26b8631a6e4e239c2287b57cf254/elements - {"using":"xpath","value":"//bdi[text()=\"OK\"]"}
RESULT: {"using":"xpath","value":"//bdi[text()=\"OK\"]"}
COMMAND: POST /session/08ab26b8631a6e4e239c2287b57cf254/elements - {"using":"xpath","value":"//bdi[text()=\"OK\"]"}
RESULT: {"using":"xpath","value":"//bdi[text()=\"OK\"]"}
COMMAND: POST /session/08ab26b8631a6e4e239c2287b57cf254/elements - {"using":"xpath","value":"//bdi[text()=\"OK\"]"}
RESULT: {"using":"xpath","value":"//bdi[text()=\"OK\"]"}
COMMAND: POST /session/08ab26b8631a6e4e239c2287b57cf254/elements - {"using":"xpath","value":"//bdi[text()=\"OK\"]"}
RESULT: {"using":"xpath","value":"//bdi[text()=\"OK\"]"}
COMMAND: POST /session/08ab26b8631a6e4e239c2287b57cf254/elements - {"using":"xpath","value":"//bdi[text()=\"OK\"]"}
RESULT: {"using":"xpath","value":"//bdi[text()=\"OK\"]"}
COMMAND: POST /session/08ab26b8631a6e4e239c2287b57cf254/elements - {"using":"xpath","value":"//bdi[text()=\"OK\"]"}
RESULT: {"using":"xpath","value":"//bdi[text()=\"OK\"]"}
COMMAND: POST /session/08ab26b8631a6e4e239c2287b57cf254/elements - {"using":"xpath","value":"//bdi[text()=\"OK\"]"}
RESULT: {"using":"xpath","value":"//bdi[text()=\"OK\"]"}
COMMAND: POST /session/08ab26b8631a6e4e239c2287b57cf254/elements - {"using":"xpath","value":"//bdi[text()=\"OK\"]"}
RESULT: {"using":"xpath","value":"//bdi[text()=\"OK\"]"}
COMMAND: POST /session/08ab26b8631a6e4e239c2287b57cf254/elements - {"using":"xpath","value":"//bdi[text()=\"OK\"]"}
RESULT: {"using":"xpath","value":"//bdi[text()=\"OK\"]"}
COMMAND: POST /session/08ab26b8631a6e4e239c2287b57cf254/elements - {"using":"xpath","value":"//bdi[text()=\"OK\"]"}
RESULT: {"using":"xpath","value":"//bdi[text()=\"OK\"]"}
COMMAND: POST /session/08ab26b8631a6e4e239c2287b57cf254/elements - {"using":"xpath","value":"//bdi[text()=\"OK\"]"}
RESULT: {"using":"xpath","value":"//bdi[text()=\"OK\"]"}
COMMAND: POST /session/08ab26b8631a6e4e239c2287b57cf254/elements - {"using":"xpath","value":"//bdi[text()=\"OK\"]"}
RESULT: {"using":"xpath","value":"//bdi[text()=\"OK\"]"}
COMMAND: POST /session/08ab26b8631a6e4e239c2287b57cf254/elements - {"using":"xpath","value":"//bdi[text()=\"OK\"]"}
RESULT: {"using":"xpath","value":"//bdi[text()=\"OK\"]"}
COMMAND: POST /session/08ab26b8631a6e4e239c2287b57cf254/elements - {"using":"xpath","value":"//bdi[text()=\"OK\"]"}
RESULT: {"using":"xpath","value":"//bdi[text()=\"OK\"]"}
COMMAND: POST /session/08ab26b8631a6e4e239c2287b57cf254/elements - {"using":"xpath","value":"//bdi[text()=\"OK\"]"}
RESULT: {"using":"xpath","value":"//bdi[text()=\"OK\"]"}
COMMAND: POST /session/08ab26b8631a6e4e239c2287b57cf254/elements - {"using":"xpath","value":"//bdi[text()=\"OK\"]"}
RESULT: {"using":"xpath","value":"//bdi[text()=\"OK\"]"}
COMMAND: POST /session/08ab26b8631a6e4e239c2287b57cf254/elements - {"using":"xpath","value":"//bdi[text()=\"OK\"]"}
RESULT: {"using":"xpath","value":"//bdi[text()=\"OK\"]"}
COMMAND: POST /session/08ab26b8631a6e4e239c2287b57cf254/elements - {"using":"xpath","value":"//bdi[text()=\"OK\"]"}
RESULT: {"using":"xpath","value":"//bdi[text()=\"OK\"]"}
COMMAND: POST /session/08ab26b8631a6e4e239c2287b57cf254/elements - {"using":"xpath","value":"//bdi[text()=\"OK\"]"}
RESULT: {"using":"xpath","value":"//bdi[text()=\"OK\"]"}
COMMAND: POST /session/08ab26b8631a6e4e239c2287b57cf254/elements - {"using":"xpath","value":"//bdi[text()=\"OK\"]"}
RESULT: {"using":"xpath","value":"//bdi[text()=\"OK\"]"}
COMMAND: POST /session/08ab26b8631a6e4e239c2287b57cf254/elements - {"using":"xpath","value":"//bdi[text()=\"OK\"]"}
RESULT: {"using":"xpath","value":"//bdi[text()=\"OK\"]"}
COMMAND: POST /session/08ab26b8631a6e4e239c2287b57cf254/elements - {"using":"xpath","value":"//bdi[text()=\"OK\"]"}
RESULT: {"using":"xpath","value":"//bdi[text()=\"OK\"]"}
COMMAND: POST /session/08ab26b8631a6e4e239c2287b57cf254/elements - {"using":"xpath","value":"//bdi[text()=\"OK\"]"}
RESULT: {"using":"xpath","value":"//bdi[text()=\"OK\"]"}
COMMAND: POST /session/08ab26b8631a6e4e239c2287b57cf254/elements - {"using":"xpath","value":"//bdi[text()=\"OK\"]"}
RESULT: {"using":"xpath","value":"//bdi[text()=\"OK\"]"}
COMMAND: POST /session/08ab26b8631a6e4e239c2287b57cf254/elements - {"using":"xpath","value":"//bdi[text()=\"OK\"]"}
RESULT: {"using":"xpath","value":"//bdi[text()=\"OK\"]"}
COMMAND: POST /session/08ab26b8631a6e4e239c2287b57cf254/elements - {"using":"xpath","value":"//bdi[text()=\"OK\"]"}
RESULT: {"using":"xpath","value":"//bdi[text()=\"OK\"]"}
COMMAND: POST /session/08ab26b8631a6e4e239c2287b57cf254/elements - {"using":"xpath","value":"//bdi[text()=\"OK\"]"}
RESULT: {"using":"xpath","value":"//bdi[text()=\"OK\"]"}
COMMAND: POST /session/08ab26b8631a6e4e239c2287b57cf254/elements - {"using":"xpath","value":"//bdi[text()=\"OK\"]"}
RESULT: {"using":"xpath","value":"//bdi[text()=\"OK\"]"}
COMMAND: POST /session/08ab26b8631a6e4e239c2287b57cf254/elements - {"using":"xpath","value":"//bdi[text()=\"OK\"]"}
RESULT: {"using":"xpath","value":"//bdi[text()=\"OK\"]"}
COMMAND: POST /session/08ab26b8631a6e4e239c2287b57cf254/elements - {"using":"xpath","value":"//bdi[text()=\"OK\"]"}
RESULT: {"using":"xpath","value":"//bdi[text()=\"OK\"]"}
COMMAND: POST /session/08ab26b8631a6e4e239c2287b57cf254/elements - {"using":"xpath","value":"//bdi[text()=\"OK\"]"}
RESULT: {"using":"xpath","value":"//bdi[text()=\"OK\"]"}
COMMAND: POST /session/08ab26b8631a6e4e239c2287b57cf254/elements - {"using":"xpath","value":"//bdi[text()=\"OK\"]"}
RESULT: {"using":"xpath","value":"//bdi[text()=\"OK\"]"}
COMMAND: POST /session/08ab26b8631a6e4e239c2287b57cf254/elements - {"using":"xpath","value":"//bdi[text()=\"OK\"]"}
RESULT: {"using":"xpath","value":"//bdi[text()=\"OK\"]"}
COMMAND: POST /session/08ab26b8631a6e4e239c2287b57cf254/elements - {"using":"xpath","value":"//bdi[text()=\"OK\"]"}
RESULT: {"using":"xpath","value":"//bdi[text()=\"OK\"]"}
COMMAND: POST /session/08ab26b8631a6e4e239c2287b57cf254/elements - {"using":"xpath","value":"//bdi[text()=\"OK\"]"}
RESULT: {"using":"xpath","value":"//bdi[text()=\"OK\"]"}
COMMAND: POST /session/08ab26b8631a6e4e239c2287b57cf254/elements - {"using":"xpath","value":"//bdi[text()=\"OK\"]"}
RESULT: {"using":"xpath","value":"//bdi[text()=\"OK\"]"}
COMMAND: POST /session/08ab26b8631a6e4e239c2287b57cf254/elements - {"using":"xpath","value":"//bdi[text()=\"OK\"]"}
RESULT: {"using":"xpath","value":"//bdi[text()=\"OK\"]"}
COMMAND: POST /session/08ab26b8631a6e4e239c2287b57cf254/elements - {"using":"xpath","value":"//bdi[text()=\"OK\"]"}
RESULT: {"using":"xpath","value":"//bdi[text()=\"OK\"]"}
COMMAND: POST /session/08ab26b8631a6e4e239c2287b57cf254/elements - {"using":"xpath","value":"//bdi[text()=\"OK\"]"}
RESULT: {"using":"xpath","value":"//bdi[text()=\"OK\"]"}
COMMAND: POST /session/08ab26b8631a6e4e239c2287b57cf254/elements - {"using":"xpath","value":"//bdi[text()=\"OK\"]"}
RESULT: {"using":"xpath","value":"//bdi[text()=\"OK\"]"}
COMMAND: POST /session/08ab26b8631a6e4e239c2287b57cf254/elements - {"using":"xpath","value":"//bdi[text()=\"OK\"]"}
RESULT: {"using":"xpath","value":"//bdi[text()=\"OK\"]"}
COMMAND: POST /session/08ab26b8631a6e4e239c2287b57cf254/elements - {"using":"xpath","value":"//bdi[text()=\"OK\"]"}
RESULT: {"using":"xpath","value":"//bdi[text()=\"OK\"]"}
COMMAND: POST /session/08ab26b8631a6e4e239c2287b57cf254/elements - {"using":"xpath","value":"//bdi[text()=\"OK\"]"}
RESULT: {"using":"xpath","value":"//bdi[text()=\"OK\"]"}
COMMAND: POST /session/08ab26b8631a6e4e239c2287b57cf254/elements - {"using":"xpath","value":"//bdi[text()=\"OK\"]"}
RESULT: {"using":"xpath","value":"//bdi[text()=\"OK\"]"}
COMMAND: POST /session/08ab26b8631a6e4e239c2287b57cf254/elements - {"using":"xpath","value":"//bdi[text()=\"OK\"]"}
RESULT: {"using":"xpath","value":"//bdi[text()=\"OK\"]"}
COMMAND: POST /session/08ab26b8631a6e4e239c2287b57cf254/elements - {"using":"xpath","value":"//bdi[text()=\"OK\"]"}
RESULT: {"using":"xpath","value":"//bdi[text()=\"OK\"]"}
COMMAND: POST /session/08ab26b8631a6e4e239c2287b57cf254/elements - {"using":"xpath","value":"//bdi[text()=\"OK\"]"}
RESULT: {"using":"xpath","value":"//bdi[text()=\"OK\"]"}
COMMAND: POST /session/08ab26b8631a6e4e239c2287b57cf254/elements - {"using":"xpath","value":"//bdi[text()=\"OK\"]"}
RESULT: {"using":"xpath","value":"//bdi[text()=\"OK\"]"}
COMMAND: POST /session/08ab26b8631a6e4e239c2287b57cf254/elements - {"using":"xpath","value":"//bdi[text()=\"OK\"]"}
RESULT: {"using":"xpath","value":"//bdi[text()=\"OK\"]"}
COMMAND: POST /session/08ab26b8631a6e4e239c2287b57cf254/elements - {"using":"xpath","value":"//bdi[text()=\"OK\"]"}
RESULT: {"using":"xpath","value":"//bdi[text()=\"OK\"]"}
COMMAND: POST /session/08ab26b8631a6e4e239c2287b57cf254/elements - {"using":"xpath","value":"//bdi[text()=\"OK\"]"}
RESULT: {"using":"xpath","value":"//bdi[text()=\"OK\"]"}
COMMAND: POST /session/08ab26b8631a6e4e239c2287b57cf254/elements - {"using":"xpath","value":"//bdi[text()=\"OK\"]"}
RESULT: {"using":"xpath","value":"//bdi[text()=\"OK\"]"}
COMMAND: POST /session/08ab26b8631a6e4e239c2287b57cf254/elements - {"using":"xpath","value":"//bdi[text()=\"OK\"]"}
RESULT: {"using":"xpath","value":"//bdi[text()=\"OK\"]"}
COMMAND: POST /session/08ab26b8631a6e4e239c2287b57cf254/elements - {"using":"xpath","value":"//bdi[text()=\"OK\"]"}
RESULT: {"using":"xpath","value":"//bdi[text()=\"OK\"]"}
COMMAND: POST /session/08ab26b8631a6e4e239c2287b57cf254/elements - {"using":"xpath","value":"//bdi[text()=\"OK\"]"}
RESULT: {"using":"xpath","value":"//bdi[text()=\"OK\"]"}
COMMAND: POST /session/08ab26b8631a6e4e239c2287b57cf254/elements - {"using":"xpath","value":"//bdi[text()=\"OK\"]"}
RESULT: {"using":"xpath","value":"//bdi[text()=\"OK\"]"}
COMMAND: POST /session/08ab26b8631a6e4e239c2287b57cf254/elements - {"using":"xpath","value":"//bdi[text()=\"OK\"]"}
RESULT: {"using":"xpath","value":"//bdi[text()=\"OK\"]"}
COMMAND: POST /session/08ab26b8631a6e4e239c2287b57cf254/elements - {"using":"xpath","value":"//bdi[text()=\"OK\"]"}
RESULT: {"using":"xpath","value":"//bdi[text()=\"OK\"]"}
COMMAND: POST /session/08ab26b8631a6e4e239c2287b57cf254/elements - {"using":"xpath","value":"//bdi[text()=\"OK\"]"}
RESULT: {"using":"xpath","value":"//bdi[text()=\"OK\"]"}
COMMAND: POST /session/08ab26b8631a6e4e239c2287b57cf254/elements - {"using":"xpath","value":"//bdi[text()=\"OK\"]"}
RESULT: {"using":"xpath","value":"//bdi[text()=\"OK\"]"}
COMMAND: POST /session/08ab26b8631a6e4e239c2287b57cf254/elements - {"using":"xpath","value":"//bdi[text()=\"OK\"]"}
RESULT: {"using":"xpath","value":"//bdi[text()=\"OK\"]"}
COMMAND: POST /session/08ab26b8631a6e4e239c2287b57cf254/elements - {"using":"xpath","value":"//bdi[text()=\"OK\"]"}
RESULT: {"using":"xpath","value":"//bdi[text()=\"OK\"]"}
COMMAND: POST /session/08ab26b8631a6e4e239c2287b57cf254/elements - {"using":"xpath","value":"//bdi[text()=\"OK\"]"}
RESULT: {"using":"xpath","value":"//bdi[text()=\"OK\"]"}
COMMAND: POST /session/08ab26b8631a6e4e239c2287b57cf254/elements - {"using":"xpath","value":"//bdi[text()=\"OK\"]"}
RESULT: {"using":"xpath","value":"//bdi[text()=\"OK\"]"}
COMMAND: POST /session/08ab26b8631a6e4e239c2287b57cf254/elements - {"using":"xpath","value":"//bdi[text()=\"OK\"]"}
RESULT: {"using":"xpath","value":"//bdi[text()=\"OK\"]"}
COMMAND: POST /session/08ab26b8631a6e4e239c2287b57cf254/elements - {"using":"xpath","value":"//bdi[text()=\"OK\"]"}
RESULT: {"using":"xpath","value":"//bdi[text()=\"OK\"]"}
COMMAND: POST /session/08ab26b8631a6e4e239c2287b57cf254/elements - {"using":"xpath","value":"//bdi[text()=\"OK\"]"}
RESULT: {"using":"xpath","value":"//bdi[text()=\"OK\"]"}
COMMAND: POST /session/08ab26b8631a6e4e239c2287b57cf254/elements - {"using":"xpath","value":"//bdi[text()=\"OK\"]"}
RESULT: {"using":"xpath","value":"//bdi[text()=\"OK\"]"}
COMMAND: POST /session/08ab26b8631a6e4e239c2287b57cf254/elements - {"using":"xpath","value":"//bdi[text()=\"OK\"]"}
RESULT: {"using":"xpath","value":"//bdi[text()=\"OK\"]"}
COMMAND: POST /session/08ab26b8631a6e4e239c2287b57cf254/elements - {"using":"xpath","value":"//bdi[text()=\"OK\"]"}
RESULT: {"using":"xpath","value":"//bdi[text()=\"OK\"]"}
COMMAND: POST /session/08ab26b8631a6e4e239c2287b57cf254/elements - {"using":"xpath","value":"//bdi[text()=\"OK\"]"}
RESULT: {"using":"xpath","value":"//bdi[text()=\"OK\"]"}
COMMAND: POST /session/08ab26b8631a6e4e239c2287b57cf254/elements - {"using":"xpath","value":"//bdi[text()=\"OK\"]"}
RESULT: {"using":"xpath","value":"//bdi[text()=\"OK\"]"}
COMMAND: POST /session/08ab26b8631a6e4e239c2287b57cf254/elements - {"using":"xpath","value":"//bdi[text()=\"OK\"]"}
RESULT: {"using":"xpath","value":"//bdi[text()=\"OK\"]"}
COMMAND: POST /session/08ab26b8631a6e4e239c2287b57cf254/elements - {"using":"xpath","value":"//bdi[text()=\"OK\"]"}
RESULT: {"using":"xpath","value":"//bdi[text()=\"OK\"]"}
COMMAND: POST /session/08ab26b8631a6e4e239c2287b57cf254/elements - {"using":"xpath","value":"//bdi[text()=\"OK\"]"}
RESULT: {"using":"xpath","value":"//bdi[text()=\"OK\"]"}
COMMAND: POST /session/08ab26b8631a6e4e239c2287b57cf254/execute/async - {"script":"<script> [1562 bytes]","args":[{"selector":{"id":"application-manageresources-display-component---newResourceUnit--TYPE-arrow"},"wdio_ui5_key":"applicationmanageresources-display-component---newResourceUnit--TYPE-arrow"}]}
RESULT: {"script":"<script> [1562 bytes]","args":[{"selector":{"id":"application-manageresources-display-component---newResourceUnit--TYPE-arrow"},"wdio_ui5_key":"applicationmanageresources-display-component---newResourceUnit--TYPE-arrow"}]}
RESULT: undefined
COMMAND: POST /session/08ab26b8631a6e4e239c2287b57cf254/element - {"using":"xpath","value":"//*[@id=\"application-manageresources-display-component---newResourceUnit--TYPE-arrow\"]"}
RESULT: {"using":"xpath","value":"//*[@id=\"application-manageresources-display-component---newResourceUnit--TYPE-arrow\"]"}
COMMAND: POST /session/08ab26b8631a6e4e239c2287b57cf254/element/f.150F062B3A02957456735AB987B5EB04.d.9B7F7DF35064435ED0A2EAE2A80045F2.e.5878/click - {}
RESULT: {}
COMMAND: POST /session/08ab26b8631a6e4e239c2287b57cf254/execute/async - {"script":"<script> [1562 bytes]","args":[{"selector":{"controlType":"sap.m.StandardListItem","viewName":"reusables.view.manageresources.NewResourceUnit","viewId":"application-manageresources-display-component---newResourceUnit","properties":{"title":"Material"},"searchOpenDialogs":true,"interaction":{"idSuffix":"titleText"}},"wdio_ui5_key":"reusablesview.manageresources.NewResourceUnitsap.m.StandardListItem{\"title\":\"Material\"}"}]}
COMMAND: GET /session/08ab26b8631a6e4e239c2287b57cf254/screenshot - {}
RESULT: {"script":"<script> [1562 bytes]","args":[{"selector":{"controlType":"sap.m.StandardListItem","viewName":"reusables.view.manageresources.NewResourceUnit","viewId":"application-manageresources-display-component---newResourceUnit","properties":{"title":"Material"},"searchOpenDialogs":true,"interaction":{"idSuffix":"titleText"}},"wdio_ui5_key":"reusablesview.manageresources.NewResourceUnitsap.m.StandardListItem{\"title\":\"Material\"}"}]}
RESULT: undefined
COMMAND: POST /session/08ab26b8631a6e4e239c2287b57cf254/element - {"using":"xpath","value":"//*[@id=\"__item142\"]"}
RESULT: {}
RESULT: {"using":"xpath","value":"//*[@id=\"__item142\"]"}
COMMAND: POST /session/08ab26b8631a6e4e239c2287b57cf254/element/f.150F062B3A02957456735AB987B5EB04.d.9B7F7DF35064435ED0A2EAE2A80045F2.e.5881/click - {}
RESULT: {}
COMMAND: POST /session/08ab26b8631a6e4e239c2287b57cf254/execute/async - {"script":"<script> [1562 bytes]","args":[{"selector":{"id":"application-manageresources-display-component---newResourceUnit--SHORT_TEXT","interaction":{"idSuffix":"inner"}},"wdio_ui5_key":"applicationmanageresources-display-component---newResourceUnit--SHORT_TEXT"}]}
COMMAND: GET /session/08ab26b8631a6e4e239c2287b57cf254/screenshot - {}
RESULT: {"script":"<script> [1562 bytes]","args":[{"selector":{"id":"application-manageresources-display-component---newResourceUnit--SHORT_TEXT","interaction":{"idSuffix":"inner"}},"wdio_ui5_key":"applicationmanageresources-display-component---newResourceUnit--SHORT_TEXT"}]}
RESULT: undefined
COMMAND: POST /session/08ab26b8631a6e4e239c2287b57cf254/execute/async - {"script":"<script> [776 bytes]","args":[{"enterText":"WebdriverRU R2Cse9ukk","selector":{"id":"application-manageresources-display-component---newResourceUnit--SHORT_TEXT","interaction":{"idSuffix":"inner"}},"clearTextFirst":true,"interactionType":"ENTER_TEXT"}]}
RESULT: {}
RESULT: {"script":"<script> [776 bytes]","args":[{"enterText":"WebdriverRU R2Cse9ukk","selector":{"id":"application-manageresources-display-component---newResourceUnit--SHORT_TEXT","interaction":{"idSuffix":"inner"}},"clearTextFirst":true,"interactionType":"ENTER_TEXT"}]}
COMMAND: POST /session/08ab26b8631a6e4e239c2287b57cf254/execute/async - {"script":"<script> [1562 bytes]","args":[{"selector":{"id":"application-manageresources-display-component---newResourceUnit--BASE_UNIT_OF_MEASURE-arrow"},"wdio_ui5_key":"applicationmanageresources-display-component---newResourceUnit--BASE_UNIT_OF_MEASURE-arrow"}]}
RESULT: {"script":"<script> [1562 bytes]","args":[{"selector":{"id":"application-manageresources-display-component---newResourceUnit--BASE_UNIT_OF_MEASURE-arrow"},"wdio_ui5_key":"applicationmanageresources-display-component---newResourceUnit--BASE_UNIT_OF_MEASURE-arrow"}]}
RESULT: undefined
COMMAND: POST /session/08ab26b8631a6e4e239c2287b57cf254/element - {"using":"xpath","value":"//*[@id=\"application-manageresources-display-component---newResourceUnit--BASE_UNIT_OF_MEASURE-arrow\"]"}
RESULT: {"using":"xpath","value":"//*[@id=\"application-manageresources-display-component---newResourceUnit--BASE_UNIT_OF_MEASURE-arrow\"]"}
COMMAND: POST /session/08ab26b8631a6e4e239c2287b57cf254/element/f.150F062B3A02957456735AB987B5EB04.d.9B7F7DF35064435ED0A2EAE2A80045F2.e.5939/click - {}
RESULT: {}
COMMAND: POST /session/08ab26b8631a6e4e239c2287b57cf254/execute/async - {"script":"<script> [1562 bytes]","args":[{"selector":{"controlType":"sap.m.StandardListItem","viewName":"reusables.view.manageresources.NewResourceUnit","viewId":"application-manageresources-display-component---newResourceUnit","properties":{"title":"Piece"},"searchOpenDialogs":true,"interaction":{"idSuffix":"titleText"}},"wdio_ui5_key":"reusablesview.manageresources.NewResourceUnitsap.m.StandardListItem{\"title\":\"Piece\"}"}]}
COMMAND: GET /session/08ab26b8631a6e4e239c2287b57cf254/screenshot - {}
RESULT: {"script":"<script> [1562 bytes]","args":[{"selector":{"controlType":"sap.m.StandardListItem","viewName":"reusables.view.manageresources.NewResourceUnit","viewId":"application-manageresources-display-component---newResourceUnit","properties":{"title":"Piece"},"searchOpenDialogs":true,"interaction":{"idSuffix":"titleText"}},"wdio_ui5_key":"reusablesview.manageresources.NewResourceUnitsap.m.StandardListItem{\"title\":\"Piece\"}"}]}
RESULT: undefined
COMMAND: POST /session/08ab26b8631a6e4e239c2287b57cf254/element - {"using":"xpath","value":"//*[@id=\"__item186\"]"}
RESULT: {}
RESULT: {"using":"xpath","value":"//*[@id=\"__item186\"]"}
COMMAND: POST /session/08ab26b8631a6e4e239c2287b57cf254/element/f.150F062B3A02957456735AB987B5EB04.d.9B7F7DF35064435ED0A2EAE2A80045F2.e.5941/click - {}
RESULT: {}
COMMAND: POST /session/08ab26b8631a6e4e239c2287b57cf254/execute/async - {"script":"<script> [1562 bytes]","args":[{"selector":{"id":"application-manageresources-display-component---newResourceUnit--WEIGHT_UNIT-arrow"},"wdio_ui5_key":"applicationmanageresources-display-component---newResourceUnit--WEIGHT_UNIT-arrow"}]}
COMMAND: GET /session/08ab26b8631a6e4e239c2287b57cf254/screenshot - {}
RESULT: {"script":"<script> [1562 bytes]","args":[{"selector":{"id":"application-manageresources-display-component---newResourceUnit--WEIGHT_UNIT-arrow"},"wdio_ui5_key":"applicationmanageresources-display-component---newResourceUnit--WEIGHT_UNIT-arrow"}]}
RESULT: undefined
COMMAND: POST /session/08ab26b8631a6e4e239c2287b57cf254/element - {"using":"xpath","value":"//*[@id=\"application-manageresources-display-component---newResourceUnit--WEIGHT_UNIT-arrow\"]"}
RESULT: {}
RESULT: {"using":"xpath","value":"//*[@id=\"application-manageresources-display-component---newResourceUnit--WEIGHT_UNIT-arrow\"]"}
COMMAND: POST /session/08ab26b8631a6e4e239c2287b57cf254/element/f.150F062B3A02957456735AB987B5EB04.d.9B7F7DF35064435ED0A2EAE2A80045F2.e.5942/click - {}
RESULT: {}
COMMAND: POST /session/08ab26b8631a6e4e239c2287b57cf254/execute/async - {"script":"<script> [1562 bytes]","args":[{"selector":{"controlType":"sap.m.StandardListItem","viewName":"reusables.view.manageresources.NewResourceUnit","viewId":"application-manageresources-display-component---newResourceUnit","properties":{"title":"Gram"},"searchOpenDialogs":true,"interaction":{"idSuffix":"content"}},"wdio_ui5_key":"reusablesview.manageresources.NewResourceUnitsap.m.StandardListItem{\"title\":\"Gram\"}"}]}
COMMAND: GET /session/08ab26b8631a6e4e239c2287b57cf254/screenshot - {}
RESULT: {"script":"<script> [1562 bytes]","args":[{"selector":{"controlType":"sap.m.StandardListItem","viewName":"reusables.view.manageresources.NewResourceUnit","viewId":"application-manageresources-display-component---newResourceUnit","properties":{"title":"Gram"},"searchOpenDialogs":true,"interaction":{"idSuffix":"content"}},"wdio_ui5_key":"reusablesview.manageresources.NewResourceUnitsap.m.StandardListItem{\"title\":\"Gram\"}"}]}
RESULT: undefined
COMMAND: POST /session/08ab26b8631a6e4e239c2287b57cf254/element - {"using":"xpath","value":"//*[@id=\"__item251\"]"}
RESULT: {}
RESULT: {"using":"xpath","value":"//*[@id=\"__item251\"]"}
COMMAND: POST /session/08ab26b8631a6e4e239c2287b57cf254/element/f.150F062B3A02957456735AB987B5EB04.d.9B7F7DF35064435ED0A2EAE2A80045F2.e.5944/click - {}
RESULT: {}
COMMAND: GET /session/08ab26b8631a6e4e239c2287b57cf254/screenshot - {}
RESULT: {}
COMMAND: POST /session/08ab26b8631a6e4e239c2287b57cf254/execute/async - {"script":"<script> [1562 bytes]","args":[{"selector":{"id":"application-manageresources-display-component---newResourceUnit--newRRUPage-OPHeaderContent-collapseBtn-img"},"wdio_ui5_key":"applicationmanageresources-display-component---newResourceUnit--newRRUPage-OPHeaderContent-collapseBtn-img"}]}
RESULT: {"script":"<script> [1562 bytes]","args":[{"selector":{"id":"application-manageresources-display-component---newResourceUnit--newRRUPage-OPHeaderContent-collapseBtn-img"},"wdio_ui5_key":"applicationmanageresources-display-component---newResourceUnit--newRRUPage-OPHeaderContent-collapseBtn-img"}]}
RESULT: undefined
COMMAND: POST /session/08ab26b8631a6e4e239c2287b57cf254/element - {"using":"xpath","value":"//*[@id=\"application-manageresources-display-component---newResourceUnit--newRRUPage-OPHeaderContent-collapseBtn-img\"]"}
RESULT: {"using":"xpath","value":"//*[@id=\"application-manageresources-display-component---newResourceUnit--newRRUPage-OPHeaderContent-collapseBtn-img\"]"}
COMMAND: POST /session/08ab26b8631a6e4e239c2287b57cf254/element/f.150F062B3A02957456735AB987B5EB04.d.9B7F7DF35064435ED0A2EAE2A80045F2.e.5890/click - {}
RESULT: {}
COMMAND: GET /session/08ab26b8631a6e4e239c2287b57cf254/screenshot - {}
RESULT: {}
COMMAND: POST /session/08ab26b8631a6e4e239c2287b57cf254/element - {"using":"xpath","value":"(//span[contains(@id ,\"application-manageresources-display-component---newResourceUnit--DIMENSION_UNIT-arrow\")])[1]"}
RESULT: {"using":"xpath","value":"(//span[contains(@id ,\"application-manageresources-display-component---newResourceUnit--DIMENSION_UNIT-arrow\")])[1]"}
COMMAND: POST /session/08ab26b8631a6e4e239c2287b57cf254/element/f.150F062B3A02957456735AB987B5EB04.d.9B7F7DF35064435ED0A2EAE2A80045F2.e.5950/click - {}
RESULT: {}
COMMAND: GET /session/08ab26b8631a6e4e239c2287b57cf254/screenshot - {}
RESULT: {}
COMMAND: POST /session/08ab26b8631a6e4e239c2287b57cf254/execute/async - {"script":"<script> [1562 bytes]","args":[{"selector":{"controlType":"sap.m.StandardListItem","viewName":"reusables.view.manageresources.NewResourceUnit","viewId":"application-manageresources-display-component---newResourceUnit","properties":{"title":"Centimeter"},"searchOpenDialogs":true,"interaction":{"idSuffix":"titleText"}},"wdio_ui5_key":"reusablesview.manageresources.NewResourceUnitsap.m.StandardListItem{\"title\":\"Centimeter\"}"}]}
RESULT: {"script":"<script> [1562 bytes]","args":[{"selector":{"controlType":"sap.m.StandardListItem","viewName":"reusables.view.manageresources.NewResourceUnit","viewId":"application-manageresources-display-component---newResourceUnit","properties":{"title":"Centimeter"},"searchOpenDialogs":true,"interaction":{"idSuffix":"titleText"}},"wdio_ui5_key":"reusablesview.manageresources.NewResourceUnitsap.m.StandardListItem{\"title\":\"Centimeter\"}"}]}
RESULT: undefined
COMMAND: POST /session/08ab26b8631a6e4e239c2287b57cf254/element - {"using":"xpath","value":"//*[@id=\"__item254\"]"}
RESULT: {"using":"xpath","value":"//*[@id=\"__item254\"]"}
COMMAND: POST /session/08ab26b8631a6e4e239c2287b57cf254/element/f.150F062B3A02957456735AB987B5EB04.d.9B7F7DF35064435ED0A2EAE2A80045F2.e.5952/click - {}
RESULT: {}
COMMAND: GET /session/08ab26b8631a6e4e239c2287b57cf254/screenshot - {}
RESULT: {}
COMMAND: POST /session/08ab26b8631a6e4e239c2287b57cf254/execute/async - {"script":"<script> [1562 bytes]","args":[{"selector":{"id":"application-manageresources-display-component---newResourceUnit--newRRUPage-anchBar-application-manageresources-display-component---newResourceUnit--reference-anchor","interaction":{"idSuffix":"BDI-content"}},"wdio_ui5_key":"applicationmanageresources-display-component---newResourceUnit--newRRUPage-anchBar-application-manageresources-display-component---newResourceUnit--reference-anchor"}]}
RESULT: {"script":"<script> [1562 bytes]","args":[{"selector":{"id":"application-manageresources-display-component---newResourceUnit--newRRUPage-anchBar-application-manageresources-display-component---newResourceUnit--reference-anchor","interaction":{"idSuffix":"BDI-content"}},"wdio_ui5_key":"applicationmanageresources-display-component---newResourceUnit--newRRUPage-anchBar-application-manageresources-display-component---newResourceUnit--reference-anchor"}]}
RESULT: undefined
COMMAND: POST /session/08ab26b8631a6e4e239c2287b57cf254/element - {"using":"xpath","value":"//*[@id=\"application-manageresources-display-component---newResourceUnit--newRRUPage-anchBar-application-manageresources-display-component---newResourceUnit--reference-anchor\"]"}
RESULT: {"using":"xpath","value":"//*[@id=\"application-manageresources-display-component---newResourceUnit--newRRUPage-anchBar-application-manageresources-display-component---newResourceUnit--reference-anchor\"]"}
COMMAND: POST /session/08ab26b8631a6e4e239c2287b57cf254/element/f.150F062B3A02957456735AB987B5EB04.d.9B7F7DF35064435ED0A2EAE2A80045F2.e.5954/click - {}
RESULT: {}
COMMAND: POST /session/08ab26b8631a6e4e239c2287b57cf254/execute/async - {"script":"<script> [1562 bytes]","args":[{"selector":{"id":"application-manageresources-display-component---newResourceUnit--PLANNING_GROUP-arrow"},"wdio_ui5_key":"applicationmanageresources-display-component---newResourceUnit--PLANNING_GROUP-arrow"}]}
COMMAND: GET /session/08ab26b8631a6e4e239c2287b57cf254/screenshot - {}
RESULT: {"script":"<script> [1562 bytes]","args":[{"selector":{"id":"application-manageresources-display-component---newResourceUnit--PLANNING_GROUP-arrow"},"wdio_ui5_key":"applicationmanageresources-display-component---newResourceUnit--PLANNING_GROUP-arrow"}]}
RESULT: undefined
COMMAND: POST /session/08ab26b8631a6e4e239c2287b57cf254/element - {"using":"xpath","value":"//*[@id=\"application-manageresources-display-component---newResourceUnit--PLANNING_GROUP-arrow\"]"}
RESULT: {}
RESULT: {"using":"xpath","value":"//*[@id=\"application-manageresources-display-component---newResourceUnit--PLANNING_GROUP-arrow\"]"}
COMMAND: POST /session/08ab26b8631a6e4e239c2287b57cf254/element/f.150F062B3A02957456735AB987B5EB04.d.9B7F7DF35064435ED0A2EAE2A80045F2.e.5957/click - {}
RESULT: {}
COMMAND: POST /session/08ab26b8631a6e4e239c2287b57cf254/execute/async - {"script":"<script> [1562 bytes]","args":[{"selector":{"controlType":"sap.m.StandardListItem","viewName":"reusables.view.manageresources.NewResourceUnit","viewId":"application-manageresources-display-component---newResourceUnit","properties":{"title":"Heavy Equi"},"searchOpenDialogs":true,"interaction":{"idSuffix":"content"}},"wdio_ui5_key":"reusablesview.manageresources.NewResourceUnitsap.m.StandardListItem{\"title\":\"Heavy Equi\"}"}]}
COMMAND: GET /session/08ab26b8631a6e4e239c2287b57cf254/screenshot - {}
RESULT: {"script":"<script> [1562 bytes]","args":[{"selector":{"controlType":"sap.m.StandardListItem","viewName":"reusables.view.manageresources.NewResourceUnit","viewId":"application-manageresources-display-component---newResourceUnit","properties":{"title":"Heavy Equi"},"searchOpenDialogs":true,"interaction":{"idSuffix":"content"}},"wdio_ui5_key":"reusablesview.manageresources.NewResourceUnitsap.m.StandardListItem{\"title\":\"Heavy Equi\"}"}]}
RESULT: undefined
COMMAND: POST /session/08ab26b8631a6e4e239c2287b57cf254/element - {"using":"xpath","value":"//*[@id=\"__item262\"]"}
RESULT: {}
RESULT: {"using":"xpath","value":"//*[@id=\"__item262\"]"}
COMMAND: POST /session/08ab26b8631a6e4e239c2287b57cf254/element/f.150F062B3A02957456735AB987B5EB04.d.9B7F7DF35064435ED0A2EAE2A80045F2.e.5961/click - {}
RESULT: {}
COMMAND: GET /session/08ab26b8631a6e4e239c2287b57cf254/screenshot - {}
RESULT: {}
COMMAND: POST /session/08ab26b8631a6e4e239c2287b57cf254/execute/async - {"script":"<script> [1562 bytes]","args":[{"selector":{"id":"application-manageresources-display-component---newResourceUnit--PLANNING_INDICATOR-arrow"},"wdio_ui5_key":"applicationmanageresources-display-component---newResourceUnit--PLANNING_INDICATOR-arrow"}]}
RESULT: {"script":"<script> [1562 bytes]","args":[{"selector":{"id":"application-manageresources-display-component---newResourceUnit--PLANNING_INDICATOR-arrow"},"wdio_ui5_key":"applicationmanageresources-display-component---newResourceUnit--PLANNING_INDICATOR-arrow"}]}
RESULT: undefined
COMMAND: POST /session/08ab26b8631a6e4e239c2287b57cf254/element - {"using":"xpath","value":"//*[@id=\"application-manageresources-display-component---newResourceUnit--PLANNING_INDICATOR-arrow\"]"}
RESULT: {"using":"xpath","value":"//*[@id=\"application-manageresources-display-component---newResourceUnit--PLANNING_INDICATOR-arrow\"]"}
COMMAND: POST /session/08ab26b8631a6e4e239c2287b57cf254/element/f.150F062B3A02957456735AB987B5EB04.d.9B7F7DF35064435ED0A2EAE2A80045F2.e.5962/click - {}
RESULT: {}
COMMAND: POST /session/08ab26b8631a6e4e239c2287b57cf254/execute/async - {"script":"<script> [1562 bytes]","args":[{"selector":{"controlType":"sap.m.StandardListItem","viewName":"reusables.view.manageresources.NewResourceUnit","viewId":"application-manageresources-display-component---newResourceUnit","properties":{"title":"10 - infinite"},"searchOpenDialogs":true,"interaction":{"idSuffix":"content"}},"wdio_ui5_key":"reusablesview.manageresources.NewResourceUnitsap.m.StandardListItem{\"title\":\"10 - infinite\"}"}]}
COMMAND: GET /session/08ab26b8631a6e4e239c2287b57cf254/screenshot - {}
RESULT: {"script":"<script> [1562 bytes]","args":[{"selector":{"controlType":"sap.m.StandardListItem","viewName":"reusables.view.manageresources.NewResourceUnit","viewId":"application-manageresources-display-component---newResourceUnit","properties":{"title":"10 - infinite"},"searchOpenDialogs":true,"interaction":{"idSuffix":"content"}},"wdio_ui5_key":"reusablesview.manageresources.NewResourceUnitsap.m.StandardListItem{\"title\":\"10 - infinite\"}"}]}
RESULT: undefined
COMMAND: POST /session/08ab26b8631a6e4e239c2287b57cf254/element - {"using":"xpath","value":"//*[@id=\"__item272\"]"}
RESULT: {}
RESULT: {"using":"xpath","value":"//*[@id=\"__item272\"]"}
COMMAND: POST /session/08ab26b8631a6e4e239c2287b57cf254/element/f.150F062B3A02957456735AB987B5EB04.d.9B7F7DF35064435ED0A2EAE2A80045F2.e.5964/click - {}
RESULT: {}
COMMAND: GET /session/08ab26b8631a6e4e239c2287b57cf254/screenshot - {}
RESULT: {}
COMMAND: POST /session/08ab26b8631a6e4e239c2287b57cf254/element - {"using":"xpath","value":"//bdi[contains(text(), \"Time Segment\")]"}
RESULT: {"using":"xpath","value":"//bdi[contains(text(), \"Time Segment\")]"}
COMMAND: GET /session/08ab26b8631a6e4e239c2287b57cf254/element/f.150F062B3A02957456735AB987B5EB04.d.9B7F7DF35064435ED0A2EAE2A80045F2.e.5965/rect - {}
RESULT: {}
COMMAND: GET /session/08ab26b8631a6e4e239c2287b57cf254/window/rect - {}
RESULT: {}
COMMAND: POST /session/08ab26b8631a6e4e239c2287b57cf254/execute/sync - {"script":"<script> [92 bytes]","args":[]}
RESULT: {"script":"<script> [92 bytes]","args":[]}
COMMAND: POST /session/08ab26b8631a6e4e239c2287b57cf254/actions - {"actions":[{"id":"action17","type":"wheel","parameters":{},"actions":[{"type":"scroll","x":-1820,"y":-21,"deltaX":0,"deltaY":0,"duration":0,"origin":{"element-6066-11e4-a52e-4f735466cecf":"f.150F062B3A02957456735AB987B5EB04.d.9B7F7DF35064435ED0A2EAE2A80045F2.e.5965"}}]}]}
COMMAND: GET /session/08ab26b8631a6e4e239c2287b57cf254/screenshot - {}
RESULT: {}
COMMAND: POST /session/08ab26b8631a6e4e239c2287b57cf254/execute/sync - {"script":"<script> [79 bytes]","args":[{"element-6066-11e4-a52e-4f735466cecf":"f.150F062B3A02957456735AB987B5EB04.d.9B7F7DF35064435ED0A2EAE2A80045F2.e.5965","ELEMENT":"f.150F062B3A02957456735AB987B5EB04.d.9B7F7DF35064435ED0A2EAE2A80045F2.e.5965"},{"block":"start","inline":"nearest"}]}
RESULT: {"script":"<script> [79 bytes]","args":[{"element-6066-11e4-a52e-4f735466cecf":"f.150F062B3A02957456735AB987B5EB04.d.9B7F7DF35064435ED0A2EAE2A80045F2.e.5965","ELEMENT":"f.150F062B3A02957456735AB987B5EB04.d.9B7F7DF35064435ED0A2EAE2A80045F2.e.5965"},{"block":"start","inline":"nearest"}]}
COMMAND: GET /session/08ab26b8631a6e4e239c2287b57cf254/screenshot - {}
RESULT: {}
COMMAND: POST /session/08ab26b8631a6e4e239c2287b57cf254/element - {"using":"xpath","value":"//span[@id=\"application-manageresources-display-component---newResourceUnit--btnAddTimeSegment-img\"]"}
RESULT: {"using":"xpath","value":"//span[@id=\"application-manageresources-display-component---newResourceUnit--btnAddTimeSegment-img\"]"}
COMMAND: POST /session/08ab26b8631a6e4e239c2287b57cf254/execute/sync - {"script":"<script> [8489 bytes]","args":[{"element-6066-11e4-a52e-4f735466cecf":"f.150F062B3A02957456735AB987B5EB04.d.9B7F7DF35064435ED0A2EAE2A80045F2.e.5968","ELEMENT":"f.150F062B3A02957456735AB987B5EB04.d.9B7F7DF35064435ED0A2EAE2A80045F2.e.5968"}]}
RESULT: {"script":"<script> [8489 bytes]","args":[{"element-6066-11e4-a52e-4f735466cecf":"f.150F062B3A02957456735AB987B5EB04.d.9B7F7DF35064435ED0A2EAE2A80045F2.e.5968","ELEMENT":"f.150F062B3A02957456735AB987B5EB04.d.9B7F7DF35064435ED0A2EAE2A80045F2.e.5968"}]}
COMMAND: POST /session/08ab26b8631a6e4e239c2287b57cf254/element/f.150F062B3A02957456735AB987B5EB04.d.9B7F7DF35064435ED0A2EAE2A80045F2.e.5968/click - {}
COMMAND: GET /session/08ab26b8631a6e4e239c2287b57cf254/screenshot - {}
RESULT: {}
COMMAND: GET /session/08ab26b8631a6e4e239c2287b57cf254/screenshot - {}
COMMAND: POST /session/08ab26b8631a6e4e239c2287b57cf254/element - {"using":"xpath","value":"//input[@id=\"application-manageresources-display-component---newResourceUnit--idRuTSAdmin-application-manageresources-display-component---newResourceUnit--RUTimeSegment-0-inner\"]"}
RESULT: {}
RESULT: {}
RESULT: {"using":"xpath","value":"//input[@id=\"application-manageresources-display-component---newResourceUnit--idRuTSAdmin-application-manageresources-display-component---newResourceUnit--RUTimeSegment-0-inner\"]"}
COMMAND: POST /session/08ab26b8631a6e4e239c2287b57cf254/element/f.150F062B3A02957456735AB987B5EB04.d.9B7F7DF35064435ED0A2EAE2A80045F2.e.5971/clear - {}
RESULT: {}
COMMAND: POST /session/08ab26b8631a6e4e239c2287b57cf254/element/f.150F062B3A02957456735AB987B5EB04.d.9B7F7DF35064435ED0A2EAE2A80045F2.e.5971/value - {"text":"500"}
COMMAND: GET /session/08ab26b8631a6e4e239c2287b57cf254/screenshot - {}
RESULT: {"text":"500"}
COMMAND: GET /session/08ab26b8631a6e4e239c2287b57cf254/screenshot - {}
RESULT: {}
RESULT: {}
COMMAND: POST /session/08ab26b8631a6e4e239c2287b57cf254/actions - {"actions":[{"id":"action18","type":"key","parameters":{},"actions":[{"type":"keyDown","value":"î€‡"},{"type":"pause","duration":10},{"type":"keyUp","value":"î€‡"}]}]}
RESULT: {"actions":[{"id":"action18","type":"key","parameters":{},"actions":[{"type":"keyDown","value":"î€‡"},{"type":"pause","duration":10},{"type":"keyUp","value":"î€‡"}]}]}
COMMAND: GET /session/08ab26b8631a6e4e239c2287b57cf254/screenshot - {}
RESULT: {}
COMMAND: POST /session/08ab26b8631a6e4e239c2287b57cf254/execute/async - {"script":"<script> [1562 bytes]","args":[{"selector":{"controlType":"sap.m.Button","viewName":"reusables.view.manageresources.NewResourceUnit","viewId":"application-manageresources-display-component---newResourceUnit","i18NText":{"propertyName":"tooltip","key":"save"},"interaction":{"idSuffix":"BDI-content"}},"wdio_ui5_key":"reusablesview.manageresources.NewResourceUnitsap.m.Button{\"propertyName\":\"tooltip\",\"key\":\"save\"}"}]}
RESULT: {"script":"<script> [1562 bytes]","args":[{"selector":{"controlType":"sap.m.Button","viewName":"reusables.view.manageresources.NewResourceUnit","viewId":"application-manageresources-display-component---newResourceUnit","i18NText":{"propertyName":"tooltip","key":"save"},"interaction":{"idSuffix":"BDI-content"}},"wdio_ui5_key":"reusablesview.manageresources.NewResourceUnitsap.m.Button{\"propertyName\":\"tooltip\",\"key\":\"save\"}"}]}
RESULT: undefined
COMMAND: POST /session/08ab26b8631a6e4e239c2287b57cf254/element - {"using":"xpath","value":"//*[@id=\"application-manageresources-display-component---newResourceUnit--createRuButton\"]"}
RESULT: {"using":"xpath","value":"//*[@id=\"application-manageresources-display-component---newResourceUnit--createRuButton\"]"}
COMMAND: POST /session/08ab26b8631a6e4e239c2287b57cf254/element/f.150F062B3A02957456735AB987B5EB04.d.9B7F7DF35064435ED0A2EAE2A80045F2.e.5896/click - {}
RESULT: {}
COMMAND: GET /session/08ab26b8631a6e4e239c2287b57cf254/screenshot - {}
RESULT: {}
COMMAND: POST /session/08ab26b8631a6e4e239c2287b57cf254/execute/async - {"script":"<script> [1562 bytes]","args":[{"selector":{"controlType":"sap.m.Title","properties":{"text":"Success"},"searchOpenDialogs":true},"wdio_ui5_key":"sapm.Title{\"text\":\"Success\"}"}]}
RESULT: {"script":"<script> [1562 bytes]","args":[{"selector":{"controlType":"sap.m.Title","properties":{"text":"Success"},"searchOpenDialogs":true},"wdio_ui5_key":"sapm.Title{\"text\":\"Success\"}"}]}
RESULT: undefined
COMMAND: POST /session/08ab26b8631a6e4e239c2287b57cf254/execute/async - {"script":"<script> [6424 bytes]","args":[{"element-6066-11e4-a52e-4f735466cecf":"f.150F062B3A02957456735AB987B5EB04.d.9B7F7DF35064435ED0A2EAE2A80045F2.e.5988"},"getText",[]]}
RESULT: {"script":"<script> [6424 bytes]","args":[{"element-6066-11e4-a52e-4f735466cecf":"f.150F062B3A02957456735AB987B5EB04.d.9B7F7DF35064435ED0A2EAE2A80045F2.e.5988"},"getText",[]]}
COMMAND: POST /session/08ab26b8631a6e4e239c2287b57cf254/element - {"using":"xpath","value":"//*[contains(@id, '__text') and (contains(text(), 'successfully created') or contains(., 'successfully created'))]"}
RESULT: {"using":"xpath","value":"//*[contains(@id, '__text') and (contains(text(), 'successfully created') or contains(., 'successfully created'))]"}
COMMAND: GET /session/08ab26b8631a6e4e239c2287b57cf254/element/f.150F062B3A02957456735AB987B5EB04.d.9B7F7DF35064435ED0A2EAE2A80045F2.e.5987/text - {}
RESULT: {}
COMMAND: POST /session/08ab26b8631a6e4e239c2287b57cf254/execute/async - {"script":"<script> [1562 bytes]","args":[{"selector":{"controlType":"sap.m.Button","properties":{"text":"Close"},"searchOpenDialogs":true,"interaction":{"idSuffix":"BDI-content"}},"wdio_ui5_key":"sapm.Button{\"text\":\"Close\"}"}]}
RESULT: {"script":"<script> [1562 bytes]","args":[{"selector":{"controlType":"sap.m.Button","properties":{"text":"Close"},"searchOpenDialogs":true,"interaction":{"idSuffix":"BDI-content"}},"wdio_ui5_key":"sapm.Button{\"text\":\"Close\"}"}]}
RESULT: undefined
COMMAND: POST /session/08ab26b8631a6e4e239c2287b57cf254/element - {"using":"xpath","value":"//*[@id=\"__mbox-btn-0\"]"}
RESULT: {"using":"xpath","value":"//*[@id=\"__mbox-btn-0\"]"}
COMMAND: POST /session/08ab26b8631a6e4e239c2287b57cf254/element/f.150F062B3A02957456735AB987B5EB04.d.9B7F7DF35064435ED0A2EAE2A80045F2.e.5984/click - {}
RESULT: {}
COMMAND: GET /session/08ab26b8631a6e4e239c2287b57cf254/screenshot - {}
RESULT: {}
COMMAND: POST /session/08ab26b8631a6e4e239c2287b57cf254/execute/async - {"script":"<script> [1562 bytes]","args":[{"selector":{"controlType":"sap.ui.core.Icon","viewName":"etm.portal.ui.manageresources.view.Detail","viewId":"application-manageresources-display-component---detailRU","properties":{"src":{"regex":{"source":"overflow"}}}},"wdio_ui5_key":"etmportal.ui.manageresources.view.Detailsap.ui.core.Icon{\"src\":{\"regex\":{\"source\":\"overflow\"}}}"}]}
RESULT: {"script":"<script> [1562 bytes]","args":[{"selector":{"controlType":"sap.ui.core.Icon","viewName":"etm.portal.ui.manageresources.view.Detail","viewId":"application-manageresources-display-component---detailRU","properties":{"src":{"regex":{"source":"overflow"}}}},"wdio_ui5_key":"etmportal.ui.manageresources.view.Detailsap.ui.core.Icon{\"src\":{\"regex\":{\"source\":\"overflow\"}}}"}]}
RESULT: undefined
COMMAND: POST /session/08ab26b8631a6e4e239c2287b57cf254/element - {"using":"xpath","value":"//*[@id=\"__title15-_actionsToolbar-overflowButton-img\"]"}
RESULT: {"using":"xpath","value":"//*[@id=\"__title15-_actionsToolbar-overflowButton-img\"]"}
COMMAND: POST /session/08ab26b8631a6e4e239c2287b57cf254/element/f.150F062B3A02957456735AB987B5EB04.d.9B7F7DF35064435ED0A2EAE2A80045F2.e.6021/click - {}
RESULT: {}
COMMAND: POST /session/08ab26b8631a6e4e239c2287b57cf254/execute/async - {"script":"<script> [1562 bytes]","args":[{"selector":{"controlType":"sap.m.Button","viewName":"etm.portal.ui.manageresources.view.Detail","viewId":"application-manageresources-display-component---detailRU","i18NText":{"propertyName":"tooltip","key":"closeColumn"},"searchOpenDialogs":true,"interaction":{"idSuffix":"inner"}},"wdio_ui5_key":"etmportal.ui.manageresources.view.Detailsap.m.Button{\"propertyName\":\"tooltip\",\"key\":\"closeColumn\"}"}]}
COMMAND: GET /session/08ab26b8631a6e4e239c2287b57cf254/screenshot - {}
RESULT: {"script":"<script> [1562 bytes]","args":[{"selector":{"controlType":"sap.m.Button","viewName":"etm.portal.ui.manageresources.view.Detail","viewId":"application-manageresources-display-component---detailRU","i18NText":{"propertyName":"tooltip","key":"closeColumn"},"searchOpenDialogs":true,"interaction":{"idSuffix":"inner"}},"wdio_ui5_key":"etmportal.ui.manageresources.view.Detailsap.m.Button{\"propertyName\":\"tooltip\",\"key\":\"closeColumn\"}"}]}
RESULT: undefined
COMMAND: POST /session/08ab26b8631a6e4e239c2287b57cf254/element - {"using":"xpath","value":"//*[@id=\"__button43\"]"}
RESULT: {}
RESULT: {"using":"xpath","value":"//*[@id=\"__button43\"]"}
COMMAND: POST /session/08ab26b8631a6e4e239c2287b57cf254/element/f.150F062B3A02957456735AB987B5EB04.d.9B7F7DF35064435ED0A2EAE2A80045F2.e.6025/click - {}
RESULT: {}
COMMAND: GET /session/08ab26b8631a6e4e239c2287b57cf254/screenshot - {}
RESULT: {}
COMMAND: POST /session/08ab26b8631a6e4e239c2287b57cf254/refresh - {}
RESULT: {}
COMMAND: GET /session/08ab26b8631a6e4e239c2287b57cf254/screenshot - {}
RESULT: {}
COMMAND: POST /session/08ab26b8631a6e4e239c2287b57cf254/refresh - {}
RESULT: {}
COMMAND: GET /session/08ab26b8631a6e4e239c2287b57cf254/screenshot - {}
RESULT: {}
COMMAND: POST /session/08ab26b8631a6e4e239c2287b57cf254/window/fullscreen - {}
RESULT: {}
COMMAND: POST /session/08ab26b8631a6e4e239c2287b57cf254/execute/async - {"script":"<script> [189 bytes]","args":[]}
RESULT: {"script":"<script> [189 bytes]","args":[]}
COMMAND: POST /session/08ab26b8631a6e4e239c2287b57cf254/execute/async - {"script":"<script> [123 bytes]","args":[]}
RESULT: {"script":"<script> [123 bytes]","args":[]}
COMMAND: POST /session/08ab26b8631a6e4e239c2287b57cf254/timeouts - {"script":"<number>"}
RESULT: {"script":"<number>"}
COMMAND: GET /session/08ab26b8631a6e4e239c2287b57cf254/timeouts - {}
RESULT: {}
RESULT: undefined
COMMAND: POST /session/08ab26b8631a6e4e239c2287b57cf254/execute/async - {"script":"<script> [2676 bytes]","args":[]}
RESULT: {"script":"<script> [2676 bytes]","args":[]}
COMMAND: POST /session/08ab26b8631a6e4e239c2287b57cf254/execute/async - {"script":"<script> [2342 bytes]","args":[{"protocol":"http","hostname":"0.0.0.0","path":"/","capabilities":{"browserName":"chrome","goog:chromeOptions":{"binary":"C:\\Program Files\\Google\\Chrome\\Application\\chrome.exe","args":["--start-maximized"]}},"logLevel":"warn","connectionRetryTimeout":120000,"connectionRetryCount":3,"logLevels":{},"enableDirectConnect":true,"strictSSL":true,"_":"65 more keys: [\"cacheDir\",\"port\",\"requestedCapabilities\",\"automationProtocol\",\"baseUrl\",\"waitforInterval\",\"waitforTimeout\",\"onReload\",\"beforeCommand\",\"afterCommand\",\"rootDir\",\"specs\",\"suites\",\"exclude\",\"groupLogsByTestSpec\",\"excludeDriverLogs\",\"bail\",\"framework\",\"reporters\",\"services\",\"maxInstances\",\"maxInstancesPerCapability\",\"injectGlobals\",\"filesToWatch\",\"execArgv\",\"runnerEnv\",\"runner\",\"shard\",\"specFileRetries\",\"specFileRetriesDelay\",\"specFileRetriesDeferred\",\"reporterSyncInterval\",\"reporterSyncTimeout\",\"cucumberFeaturesWithLineNumbers\",\"autoCompileOpts\",\"mochaOpts\",\"jasmineOpts\",\"cucumberOpts\",\"onPrepare\",\"onWorkerStart\",\"onWorkerEnd\",\"before\",\"beforeSession\",\"beforeSuite\",\"beforeHook\",\"beforeTest\",\"afterTest\",\"afterHook\",\"afterSuite\",\"afterSession\",\"after\",\"onComplete\",\"beforeAssertion\",\"afterAssertion\",\"beforeFeature\",\"beforeScenario\",\"beforeStep\",\"afterStep\",\"afterScenario\",\"afterFeature\",\"_\",\"suite\",\"$0\",\"ignoredWorkerServices\",\"wdi5\"]"}]}
RESULT: {"script":"<script> [2342 bytes]","args":[{"protocol":"http","hostname":"0.0.0.0","path":"/","capabilities":{"browserName":"chrome","goog:chromeOptions":{"binary":"C:\\Program Files\\Google\\Chrome\\Application\\chrome.exe","args":["--start-maximized"]}},"logLevel":"warn","connectionRetryTimeout":120000,"connectionRetryCount":3,"logLevels":{},"enableDirectConnect":true,"strictSSL":true,"_":"65 more keys: [\"cacheDir\",\"port\",\"requestedCapabilities\",\"automationProtocol\",\"baseUrl\",\"waitforInterval\",\"waitforTimeout\",\"onReload\",\"beforeCommand\",\"afterCommand\",\"rootDir\",\"specs\",\"suites\",\"exclude\",\"groupLogsByTestSpec\",\"excludeDriverLogs\",\"bail\",\"framework\",\"reporters\",\"services\",\"maxInstances\",\"maxInstancesPerCapability\",\"injectGlobals\",\"filesToWatch\",\"execArgv\",\"runnerEnv\",\"runner\",\"shard\",\"specFileRetries\",\"specFileRetriesDelay\",\"specFileRetriesDeferred\",\"reporterSyncInterval\",\"reporterSyncTimeout\",\"cucumberFeaturesWithLineNumbers\",\"autoCompileOpts\",\"mochaOpts\",\"jasmineOpts\",\"cucumberOpts\",\"onPrepare\",\"onWorkerStart\",\"onWorkerEnd\",\"before\",\"beforeSession\",\"beforeSuite\",\"beforeHook\",\"beforeTest\",\"afterTest\",\"afterHook\",\"afterSuite\",\"afterSession\",\"after\",\"onComplete\",\"beforeAssertion\",\"afterAssertion\",\"beforeFeature\",\"beforeScenario\",\"beforeStep\",\"afterStep\",\"afterScenario\",\"afterFeature\",\"_\",\"suite\",\"$0\",\"ignoredWorkerServices\",\"wdi5\"]"}]}
COMMAND: POST /session/08ab26b8631a6e4e239c2287b57cf254/execute/async - {"script":"<script> [21126 bytes]","args":[35000]}
RESULT: {"script":"<script> [21126 bytes]","args":[35000]}
]]></system-out>
    </testcase>
    <testcase classname="chrome.135_0_7049_96.windows.Create_2_RU_material_US118246" name="Create WHM material" time="196.185">
      <system-out><![CDATA[
COMMAND: POST /session/08ab26b8631a6e4e239c2287b57cf254/element - {"using":"xpath","value":"//button[@data-kt=\"addNewRUOverflowToolbarButton\"]"}
RESULT: {"using":"xpath","value":"//button[@data-kt=\"addNewRUOverflowToolbarButton\"]"}
COMMAND: POST /session/08ab26b8631a6e4e239c2287b57cf254/execute/sync - {"script":"<script> [8489 bytes]","args":[{"element-6066-11e4-a52e-4f735466cecf":"f.150F062B3A02957456735AB987B5EB04.d.D82311AC2D75B0E081F64CE22E57C1D7.e.6304","ELEMENT":"f.150F062B3A02957456735AB987B5EB04.d.D82311AC2D75B0E081F64CE22E57C1D7.e.6304"}]}
RESULT: {"script":"<script> [8489 bytes]","args":[{"element-6066-11e4-a52e-4f735466cecf":"f.150F062B3A02957456735AB987B5EB04.d.D82311AC2D75B0E081F64CE22E57C1D7.e.6304","ELEMENT":"f.150F062B3A02957456735AB987B5EB04.d.D82311AC2D75B0E081F64CE22E57C1D7.e.6304"}]}
COMMAND: POST /session/08ab26b8631a6e4e239c2287b57cf254/element/f.150F062B3A02957456735AB987B5EB04.d.D82311AC2D75B0E081F64CE22E57C1D7.e.6304/click - {}
COMMAND: GET /session/08ab26b8631a6e4e239c2287b57cf254/screenshot - {}
RESULT: {}
COMMAND: GET /session/08ab26b8631a6e4e239c2287b57cf254/screenshot - {}
COMMAND: POST /session/08ab26b8631a6e4e239c2287b57cf254/execute/async - {"script":"<script> [1562 bytes]","args":[{"selector":{"controlType":"sap.m.ComboBox","viewName":"reusables.view.manageresources.NewResourceUnit","viewId":"application-manageresources-display-component---newResourceUnit","bindingPath":{"path":"","propertyPath":"/RuTypes","modelName":"catalogModel"},"searchOpenDialogs":true},"wdio_ui5_key":"reusablesview.manageresources.NewResourceUnitsap.m.ComboBox{\"path\":\"\",\"propertyPath\":\"/RuTypes\",\"modelName\":\"catalogModel\"}"}]}
RESULT: {}
RESULT: {}
RESULT: {"script":"<script> [1562 bytes]","args":[{"selector":{"controlType":"sap.m.ComboBox","viewName":"reusables.view.manageresources.NewResourceUnit","viewId":"application-manageresources-display-component---newResourceUnit","bindingPath":{"path":"","propertyPath":"/RuTypes","modelName":"catalogModel"},"searchOpenDialogs":true},"wdio_ui5_key":"reusablesview.manageresources.NewResourceUnitsap.m.ComboBox{\"path\":\"\",\"propertyPath\":\"/RuTypes\",\"modelName\":\"catalogModel\"}"}]}
RESULT: undefined
COMMAND: POST /session/08ab26b8631a6e4e239c2287b57cf254/execute/async - {"script":"<script> [1562 bytes]","args":[{"selector":{"controlType":"sap.m.ComboBox","viewName":"reusables.view.manageresources.NewResourceUnit","viewId":"application-manageresources-display-component---newResourceUnit","bindingPath":{"path":"","propertyPath":"/Yards","modelName":"catalogModel"},"searchOpenDialogs":true},"wdio_ui5_key":"reusablesview.manageresources.NewResourceUnitsap.m.ComboBox{\"path\":\"\",\"propertyPath\":\"/Yards\",\"modelName\":\"catalogModel\"}"}]}
RESULT: {"script":"<script> [1562 bytes]","args":[{"selector":{"controlType":"sap.m.ComboBox","viewName":"reusables.view.manageresources.NewResourceUnit","viewId":"application-manageresources-display-component---newResourceUnit","bindingPath":{"path":"","propertyPath":"/Yards","modelName":"catalogModel"},"searchOpenDialogs":true},"wdio_ui5_key":"reusablesview.manageresources.NewResourceUnitsap.m.ComboBox{\"path\":\"\",\"propertyPath\":\"/Yards\",\"modelName\":\"catalogModel\"}"}]}
RESULT: undefined
COMMAND: POST /session/08ab26b8631a6e4e239c2287b57cf254/execute/async - {"script":"<script> [1562 bytes]","args":[{"selector":{"controlType":"etm.portal.ui.reusables.customControls.LiveSearchComboBox","viewName":"reusables.view.manageresources.NewResourceUnit","viewId":"application-manageresources-display-component---newResourceUnit","bindingPath":{"path":"","propertyPath":"/CatalogItems","modelName":"catalogModel"},"searchOpenDialogs":true},"wdio_ui5_key":"reusablesview.manageresources.NewResourceUnitetm.portal.ui.reusables.customControls.LiveSearchComboBox{\"path\":\"\",\"propertyPath\":\"/CatalogItems\",\"modelName\":\"catalogModel\"}"}]}
RESULT: {"script":"<script> [1562 bytes]","args":[{"selector":{"controlType":"etm.portal.ui.reusables.customControls.LiveSearchComboBox","viewName":"reusables.view.manageresources.NewResourceUnit","viewId":"application-manageresources-display-component---newResourceUnit","bindingPath":{"path":"","propertyPath":"/CatalogItems","modelName":"catalogModel"},"searchOpenDialogs":true},"wdio_ui5_key":"reusablesview.manageresources.NewResourceUnitetm.portal.ui.reusables.customControls.LiveSearchComboBox{\"path\":\"\",\"propertyPath\":\"/CatalogItems\",\"modelName\":\"catalogModel\"}"}]}
RESULT: undefined
COMMAND: POST /session/08ab26b8631a6e4e239c2287b57cf254/element - {"using":"xpath","value":"//bdi[text()=\"OK\"]"}
RESULT: {"using":"xpath","value":"//bdi[text()=\"OK\"]"}
COMMAND: POST /session/08ab26b8631a6e4e239c2287b57cf254/elements - {"using":"xpath","value":"//bdi[text()=\"OK\"]"}
RESULT: {"using":"xpath","value":"//bdi[text()=\"OK\"]"}
COMMAND: POST /session/08ab26b8631a6e4e239c2287b57cf254/elements - {"using":"xpath","value":"//bdi[text()=\"OK\"]"}
RESULT: {"using":"xpath","value":"//bdi[text()=\"OK\"]"}
COMMAND: POST /session/08ab26b8631a6e4e239c2287b57cf254/elements - {"using":"xpath","value":"//bdi[text()=\"OK\"]"}
RESULT: {"using":"xpath","value":"//bdi[text()=\"OK\"]"}
COMMAND: POST /session/08ab26b8631a6e4e239c2287b57cf254/elements - {"using":"xpath","value":"//bdi[text()=\"OK\"]"}
RESULT: {"using":"xpath","value":"//bdi[text()=\"OK\"]"}
COMMAND: POST /session/08ab26b8631a6e4e239c2287b57cf254/elements - {"using":"xpath","value":"//bdi[text()=\"OK\"]"}
RESULT: {"using":"xpath","value":"//bdi[text()=\"OK\"]"}
COMMAND: POST /session/08ab26b8631a6e4e239c2287b57cf254/elements - {"using":"xpath","value":"//bdi[text()=\"OK\"]"}
RESULT: {"using":"xpath","value":"//bdi[text()=\"OK\"]"}
COMMAND: POST /session/08ab26b8631a6e4e239c2287b57cf254/elements - {"using":"xpath","value":"//bdi[text()=\"OK\"]"}
RESULT: {"using":"xpath","value":"//bdi[text()=\"OK\"]"}
COMMAND: POST /session/08ab26b8631a6e4e239c2287b57cf254/elements - {"using":"xpath","value":"//bdi[text()=\"OK\"]"}
RESULT: {"using":"xpath","value":"//bdi[text()=\"OK\"]"}
COMMAND: POST /session/08ab26b8631a6e4e239c2287b57cf254/elements - {"using":"xpath","value":"//bdi[text()=\"OK\"]"}
RESULT: {"using":"xpath","value":"//bdi[text()=\"OK\"]"}
COMMAND: POST /session/08ab26b8631a6e4e239c2287b57cf254/elements - {"using":"xpath","value":"//bdi[text()=\"OK\"]"}
RESULT: {"using":"xpath","value":"//bdi[text()=\"OK\"]"}
COMMAND: POST /session/08ab26b8631a6e4e239c2287b57cf254/elements - {"using":"xpath","value":"//bdi[text()=\"OK\"]"}
RESULT: {"using":"xpath","value":"//bdi[text()=\"OK\"]"}
COMMAND: POST /session/08ab26b8631a6e4e239c2287b57cf254/elements - {"using":"xpath","value":"//bdi[text()=\"OK\"]"}
RESULT: {"using":"xpath","value":"//bdi[text()=\"OK\"]"}
COMMAND: POST /session/08ab26b8631a6e4e239c2287b57cf254/elements - {"using":"xpath","value":"//bdi[text()=\"OK\"]"}
RESULT: {"using":"xpath","value":"//bdi[text()=\"OK\"]"}
COMMAND: POST /session/08ab26b8631a6e4e239c2287b57cf254/elements - {"using":"xpath","value":"//bdi[text()=\"OK\"]"}
RESULT: {"using":"xpath","value":"//bdi[text()=\"OK\"]"}
COMMAND: POST /session/08ab26b8631a6e4e239c2287b57cf254/elements - {"using":"xpath","value":"//bdi[text()=\"OK\"]"}
RESULT: {"using":"xpath","value":"//bdi[text()=\"OK\"]"}
COMMAND: POST /session/08ab26b8631a6e4e239c2287b57cf254/elements - {"using":"xpath","value":"//bdi[text()=\"OK\"]"}
RESULT: {"using":"xpath","value":"//bdi[text()=\"OK\"]"}
COMMAND: POST /session/08ab26b8631a6e4e239c2287b57cf254/elements - {"using":"xpath","value":"//bdi[text()=\"OK\"]"}
RESULT: {"using":"xpath","value":"//bdi[text()=\"OK\"]"}
COMMAND: POST /session/08ab26b8631a6e4e239c2287b57cf254/elements - {"using":"xpath","value":"//bdi[text()=\"OK\"]"}
RESULT: {"using":"xpath","value":"//bdi[text()=\"OK\"]"}
COMMAND: POST /session/08ab26b8631a6e4e239c2287b57cf254/elements - {"using":"xpath","value":"//bdi[text()=\"OK\"]"}
RESULT: {"using":"xpath","value":"//bdi[text()=\"OK\"]"}
COMMAND: POST /session/08ab26b8631a6e4e239c2287b57cf254/elements - {"using":"xpath","value":"//bdi[text()=\"OK\"]"}
RESULT: {"using":"xpath","value":"//bdi[text()=\"OK\"]"}
COMMAND: POST /session/08ab26b8631a6e4e239c2287b57cf254/elements - {"using":"xpath","value":"//bdi[text()=\"OK\"]"}
RESULT: {"using":"xpath","value":"//bdi[text()=\"OK\"]"}
COMMAND: POST /session/08ab26b8631a6e4e239c2287b57cf254/elements - {"using":"xpath","value":"//bdi[text()=\"OK\"]"}
RESULT: {"using":"xpath","value":"//bdi[text()=\"OK\"]"}
COMMAND: POST /session/08ab26b8631a6e4e239c2287b57cf254/elements - {"using":"xpath","value":"//bdi[text()=\"OK\"]"}
RESULT: {"using":"xpath","value":"//bdi[text()=\"OK\"]"}
COMMAND: POST /session/08ab26b8631a6e4e239c2287b57cf254/elements - {"using":"xpath","value":"//bdi[text()=\"OK\"]"}
RESULT: {"using":"xpath","value":"//bdi[text()=\"OK\"]"}
COMMAND: POST /session/08ab26b8631a6e4e239c2287b57cf254/elements - {"using":"xpath","value":"//bdi[text()=\"OK\"]"}
RESULT: {"using":"xpath","value":"//bdi[text()=\"OK\"]"}
COMMAND: POST /session/08ab26b8631a6e4e239c2287b57cf254/elements - {"using":"xpath","value":"//bdi[text()=\"OK\"]"}
RESULT: {"using":"xpath","value":"//bdi[text()=\"OK\"]"}
COMMAND: POST /session/08ab26b8631a6e4e239c2287b57cf254/elements - {"using":"xpath","value":"//bdi[text()=\"OK\"]"}
RESULT: {"using":"xpath","value":"//bdi[text()=\"OK\"]"}
COMMAND: POST /session/08ab26b8631a6e4e239c2287b57cf254/elements - {"using":"xpath","value":"//bdi[text()=\"OK\"]"}
RESULT: {"using":"xpath","value":"//bdi[text()=\"OK\"]"}
COMMAND: POST /session/08ab26b8631a6e4e239c2287b57cf254/elements - {"using":"xpath","value":"//bdi[text()=\"OK\"]"}
RESULT: {"using":"xpath","value":"//bdi[text()=\"OK\"]"}
COMMAND: POST /session/08ab26b8631a6e4e239c2287b57cf254/elements - {"using":"xpath","value":"//bdi[text()=\"OK\"]"}
RESULT: {"using":"xpath","value":"//bdi[text()=\"OK\"]"}
COMMAND: POST /session/08ab26b8631a6e4e239c2287b57cf254/elements - {"using":"xpath","value":"//bdi[text()=\"OK\"]"}
RESULT: {"using":"xpath","value":"//bdi[text()=\"OK\"]"}
COMMAND: POST /session/08ab26b8631a6e4e239c2287b57cf254/elements - {"using":"xpath","value":"//bdi[text()=\"OK\"]"}
RESULT: {"using":"xpath","value":"//bdi[text()=\"OK\"]"}
COMMAND: POST /session/08ab26b8631a6e4e239c2287b57cf254/elements - {"using":"xpath","value":"//bdi[text()=\"OK\"]"}
RESULT: {"using":"xpath","value":"//bdi[text()=\"OK\"]"}
COMMAND: POST /session/08ab26b8631a6e4e239c2287b57cf254/elements - {"using":"xpath","value":"//bdi[text()=\"OK\"]"}
RESULT: {"using":"xpath","value":"//bdi[text()=\"OK\"]"}
COMMAND: POST /session/08ab26b8631a6e4e239c2287b57cf254/elements - {"using":"xpath","value":"//bdi[text()=\"OK\"]"}
RESULT: {"using":"xpath","value":"//bdi[text()=\"OK\"]"}
COMMAND: POST /session/08ab26b8631a6e4e239c2287b57cf254/elements - {"using":"xpath","value":"//bdi[text()=\"OK\"]"}
RESULT: {"using":"xpath","value":"//bdi[text()=\"OK\"]"}
COMMAND: POST /session/08ab26b8631a6e4e239c2287b57cf254/elements - {"using":"xpath","value":"//bdi[text()=\"OK\"]"}
RESULT: {"using":"xpath","value":"//bdi[text()=\"OK\"]"}
COMMAND: POST /session/08ab26b8631a6e4e239c2287b57cf254/elements - {"using":"xpath","value":"//bdi[text()=\"OK\"]"}
RESULT: {"using":"xpath","value":"//bdi[text()=\"OK\"]"}
COMMAND: POST /session/08ab26b8631a6e4e239c2287b57cf254/elements - {"using":"xpath","value":"//bdi[text()=\"OK\"]"}
RESULT: {"using":"xpath","value":"//bdi[text()=\"OK\"]"}
COMMAND: POST /session/08ab26b8631a6e4e239c2287b57cf254/elements - {"using":"xpath","value":"//bdi[text()=\"OK\"]"}
RESULT: {"using":"xpath","value":"//bdi[text()=\"OK\"]"}
COMMAND: POST /session/08ab26b8631a6e4e239c2287b57cf254/elements - {"using":"xpath","value":"//bdi[text()=\"OK\"]"}
RESULT: {"using":"xpath","value":"//bdi[text()=\"OK\"]"}
COMMAND: POST /session/08ab26b8631a6e4e239c2287b57cf254/elements - {"using":"xpath","value":"//bdi[text()=\"OK\"]"}
RESULT: {"using":"xpath","value":"//bdi[text()=\"OK\"]"}
COMMAND: POST /session/08ab26b8631a6e4e239c2287b57cf254/elements - {"using":"xpath","value":"//bdi[text()=\"OK\"]"}
RESULT: {"using":"xpath","value":"//bdi[text()=\"OK\"]"}
COMMAND: POST /session/08ab26b8631a6e4e239c2287b57cf254/elements - {"using":"xpath","value":"//bdi[text()=\"OK\"]"}
RESULT: {"using":"xpath","value":"//bdi[text()=\"OK\"]"}
COMMAND: POST /session/08ab26b8631a6e4e239c2287b57cf254/elements - {"using":"xpath","value":"//bdi[text()=\"OK\"]"}
RESULT: {"using":"xpath","value":"//bdi[text()=\"OK\"]"}
COMMAND: POST /session/08ab26b8631a6e4e239c2287b57cf254/elements - {"using":"xpath","value":"//bdi[text()=\"OK\"]"}
RESULT: {"using":"xpath","value":"//bdi[text()=\"OK\"]"}
COMMAND: POST /session/08ab26b8631a6e4e239c2287b57cf254/elements - {"using":"xpath","value":"//bdi[text()=\"OK\"]"}
RESULT: {"using":"xpath","value":"//bdi[text()=\"OK\"]"}
COMMAND: POST /session/08ab26b8631a6e4e239c2287b57cf254/elements - {"using":"xpath","value":"//bdi[text()=\"OK\"]"}
RESULT: {"using":"xpath","value":"//bdi[text()=\"OK\"]"}
COMMAND: POST /session/08ab26b8631a6e4e239c2287b57cf254/elements - {"using":"xpath","value":"//bdi[text()=\"OK\"]"}
RESULT: {"using":"xpath","value":"//bdi[text()=\"OK\"]"}
COMMAND: POST /session/08ab26b8631a6e4e239c2287b57cf254/elements - {"using":"xpath","value":"//bdi[text()=\"OK\"]"}
RESULT: {"using":"xpath","value":"//bdi[text()=\"OK\"]"}
COMMAND: POST /session/08ab26b8631a6e4e239c2287b57cf254/elements - {"using":"xpath","value":"//bdi[text()=\"OK\"]"}
RESULT: {"using":"xpath","value":"//bdi[text()=\"OK\"]"}
COMMAND: POST /session/08ab26b8631a6e4e239c2287b57cf254/elements - {"using":"xpath","value":"//bdi[text()=\"OK\"]"}
RESULT: {"using":"xpath","value":"//bdi[text()=\"OK\"]"}
COMMAND: POST /session/08ab26b8631a6e4e239c2287b57cf254/elements - {"using":"xpath","value":"//bdi[text()=\"OK\"]"}
RESULT: {"using":"xpath","value":"//bdi[text()=\"OK\"]"}
COMMAND: POST /session/08ab26b8631a6e4e239c2287b57cf254/elements - {"using":"xpath","value":"//bdi[text()=\"OK\"]"}
RESULT: {"using":"xpath","value":"//bdi[text()=\"OK\"]"}
COMMAND: POST /session/08ab26b8631a6e4e239c2287b57cf254/elements - {"using":"xpath","value":"//bdi[text()=\"OK\"]"}
RESULT: {"using":"xpath","value":"//bdi[text()=\"OK\"]"}
COMMAND: POST /session/08ab26b8631a6e4e239c2287b57cf254/elements - {"using":"xpath","value":"//bdi[text()=\"OK\"]"}
RESULT: {"using":"xpath","value":"//bdi[text()=\"OK\"]"}
COMMAND: POST /session/08ab26b8631a6e4e239c2287b57cf254/elements - {"using":"xpath","value":"//bdi[text()=\"OK\"]"}
RESULT: {"using":"xpath","value":"//bdi[text()=\"OK\"]"}
COMMAND: POST /session/08ab26b8631a6e4e239c2287b57cf254/elements - {"using":"xpath","value":"//bdi[text()=\"OK\"]"}
RESULT: {"using":"xpath","value":"//bdi[text()=\"OK\"]"}
COMMAND: POST /session/08ab26b8631a6e4e239c2287b57cf254/elements - {"using":"xpath","value":"//bdi[text()=\"OK\"]"}
RESULT: {"using":"xpath","value":"//bdi[text()=\"OK\"]"}
COMMAND: POST /session/08ab26b8631a6e4e239c2287b57cf254/elements - {"using":"xpath","value":"//bdi[text()=\"OK\"]"}
RESULT: {"using":"xpath","value":"//bdi[text()=\"OK\"]"}
COMMAND: POST /session/08ab26b8631a6e4e239c2287b57cf254/elements - {"using":"xpath","value":"//bdi[text()=\"OK\"]"}
RESULT: {"using":"xpath","value":"//bdi[text()=\"OK\"]"}
COMMAND: POST /session/08ab26b8631a6e4e239c2287b57cf254/elements - {"using":"xpath","value":"//bdi[text()=\"OK\"]"}
RESULT: {"using":"xpath","value":"//bdi[text()=\"OK\"]"}
COMMAND: POST /session/08ab26b8631a6e4e239c2287b57cf254/elements - {"using":"xpath","value":"//bdi[text()=\"OK\"]"}
RESULT: {"using":"xpath","value":"//bdi[text()=\"OK\"]"}
COMMAND: POST /session/08ab26b8631a6e4e239c2287b57cf254/elements - {"using":"xpath","value":"//bdi[text()=\"OK\"]"}
RESULT: {"using":"xpath","value":"//bdi[text()=\"OK\"]"}
COMMAND: POST /session/08ab26b8631a6e4e239c2287b57cf254/elements - {"using":"xpath","value":"//bdi[text()=\"OK\"]"}
RESULT: {"using":"xpath","value":"//bdi[text()=\"OK\"]"}
COMMAND: POST /session/08ab26b8631a6e4e239c2287b57cf254/elements - {"using":"xpath","value":"//bdi[text()=\"OK\"]"}
RESULT: {"using":"xpath","value":"//bdi[text()=\"OK\"]"}
COMMAND: POST /session/08ab26b8631a6e4e239c2287b57cf254/elements - {"using":"xpath","value":"//bdi[text()=\"OK\"]"}
RESULT: {"using":"xpath","value":"//bdi[text()=\"OK\"]"}
COMMAND: POST /session/08ab26b8631a6e4e239c2287b57cf254/elements - {"using":"xpath","value":"//bdi[text()=\"OK\"]"}
RESULT: {"using":"xpath","value":"//bdi[text()=\"OK\"]"}
COMMAND: POST /session/08ab26b8631a6e4e239c2287b57cf254/elements - {"using":"xpath","value":"//bdi[text()=\"OK\"]"}
RESULT: {"using":"xpath","value":"//bdi[text()=\"OK\"]"}
COMMAND: POST /session/08ab26b8631a6e4e239c2287b57cf254/elements - {"using":"xpath","value":"//bdi[text()=\"OK\"]"}
RESULT: {"using":"xpath","value":"//bdi[text()=\"OK\"]"}
COMMAND: POST /session/08ab26b8631a6e4e239c2287b57cf254/elements - {"using":"xpath","value":"//bdi[text()=\"OK\"]"}
RESULT: {"using":"xpath","value":"//bdi[text()=\"OK\"]"}
COMMAND: POST /session/08ab26b8631a6e4e239c2287b57cf254/elements - {"using":"xpath","value":"//bdi[text()=\"OK\"]"}
RESULT: {"using":"xpath","value":"//bdi[text()=\"OK\"]"}
COMMAND: POST /session/08ab26b8631a6e4e239c2287b57cf254/elements - {"using":"xpath","value":"//bdi[text()=\"OK\"]"}
RESULT: {"using":"xpath","value":"//bdi[text()=\"OK\"]"}
COMMAND: POST /session/08ab26b8631a6e4e239c2287b57cf254/elements - {"using":"xpath","value":"//bdi[text()=\"OK\"]"}
RESULT: {"using":"xpath","value":"//bdi[text()=\"OK\"]"}
COMMAND: POST /session/08ab26b8631a6e4e239c2287b57cf254/elements - {"using":"xpath","value":"//bdi[text()=\"OK\"]"}
RESULT: {"using":"xpath","value":"//bdi[text()=\"OK\"]"}
COMMAND: POST /session/08ab26b8631a6e4e239c2287b57cf254/elements - {"using":"xpath","value":"//bdi[text()=\"OK\"]"}
RESULT: {"using":"xpath","value":"//bdi[text()=\"OK\"]"}
COMMAND: POST /session/08ab26b8631a6e4e239c2287b57cf254/elements - {"using":"xpath","value":"//bdi[text()=\"OK\"]"}
RESULT: {"using":"xpath","value":"//bdi[text()=\"OK\"]"}
COMMAND: POST /session/08ab26b8631a6e4e239c2287b57cf254/elements - {"using":"xpath","value":"//bdi[text()=\"OK\"]"}
RESULT: {"using":"xpath","value":"//bdi[text()=\"OK\"]"}
COMMAND: POST /session/08ab26b8631a6e4e239c2287b57cf254/elements - {"using":"xpath","value":"//bdi[text()=\"OK\"]"}
RESULT: {"using":"xpath","value":"//bdi[text()=\"OK\"]"}
COMMAND: POST /session/08ab26b8631a6e4e239c2287b57cf254/elements - {"using":"xpath","value":"//bdi[text()=\"OK\"]"}
RESULT: {"using":"xpath","value":"//bdi[text()=\"OK\"]"}
COMMAND: POST /session/08ab26b8631a6e4e239c2287b57cf254/elements - {"using":"xpath","value":"//bdi[text()=\"OK\"]"}
RESULT: {"using":"xpath","value":"//bdi[text()=\"OK\"]"}
COMMAND: POST /session/08ab26b8631a6e4e239c2287b57cf254/elements - {"using":"xpath","value":"//bdi[text()=\"OK\"]"}
RESULT: {"using":"xpath","value":"//bdi[text()=\"OK\"]"}
COMMAND: POST /session/08ab26b8631a6e4e239c2287b57cf254/elements - {"using":"xpath","value":"//bdi[text()=\"OK\"]"}
RESULT: {"using":"xpath","value":"//bdi[text()=\"OK\"]"}
COMMAND: POST /session/08ab26b8631a6e4e239c2287b57cf254/elements - {"using":"xpath","value":"//bdi[text()=\"OK\"]"}
RESULT: {"using":"xpath","value":"//bdi[text()=\"OK\"]"}
COMMAND: POST /session/08ab26b8631a6e4e239c2287b57cf254/elements - {"using":"xpath","value":"//bdi[text()=\"OK\"]"}
RESULT: {"using":"xpath","value":"//bdi[text()=\"OK\"]"}
COMMAND: POST /session/08ab26b8631a6e4e239c2287b57cf254/elements - {"using":"xpath","value":"//bdi[text()=\"OK\"]"}
RESULT: {"using":"xpath","value":"//bdi[text()=\"OK\"]"}
COMMAND: POST /session/08ab26b8631a6e4e239c2287b57cf254/elements - {"using":"xpath","value":"//bdi[text()=\"OK\"]"}
RESULT: {"using":"xpath","value":"//bdi[text()=\"OK\"]"}
COMMAND: POST /session/08ab26b8631a6e4e239c2287b57cf254/elements - {"using":"xpath","value":"//bdi[text()=\"OK\"]"}
RESULT: {"using":"xpath","value":"//bdi[text()=\"OK\"]"}
COMMAND: POST /session/08ab26b8631a6e4e239c2287b57cf254/elements - {"using":"xpath","value":"//bdi[text()=\"OK\"]"}
RESULT: {"using":"xpath","value":"//bdi[text()=\"OK\"]"}
COMMAND: POST /session/08ab26b8631a6e4e239c2287b57cf254/elements - {"using":"xpath","value":"//bdi[text()=\"OK\"]"}
RESULT: {"using":"xpath","value":"//bdi[text()=\"OK\"]"}
COMMAND: POST /session/08ab26b8631a6e4e239c2287b57cf254/elements - {"using":"xpath","value":"//bdi[text()=\"OK\"]"}
RESULT: {"using":"xpath","value":"//bdi[text()=\"OK\"]"}
COMMAND: POST /session/08ab26b8631a6e4e239c2287b57cf254/elements - {"using":"xpath","value":"//bdi[text()=\"OK\"]"}
RESULT: {"using":"xpath","value":"//bdi[text()=\"OK\"]"}
COMMAND: POST /session/08ab26b8631a6e4e239c2287b57cf254/elements - {"using":"xpath","value":"//bdi[text()=\"OK\"]"}
RESULT: {"using":"xpath","value":"//bdi[text()=\"OK\"]"}
COMMAND: POST /session/08ab26b8631a6e4e239c2287b57cf254/elements - {"using":"xpath","value":"//bdi[text()=\"OK\"]"}
RESULT: {"using":"xpath","value":"//bdi[text()=\"OK\"]"}
COMMAND: POST /session/08ab26b8631a6e4e239c2287b57cf254/elements - {"using":"xpath","value":"//bdi[text()=\"OK\"]"}
RESULT: {"using":"xpath","value":"//bdi[text()=\"OK\"]"}
COMMAND: POST /session/08ab26b8631a6e4e239c2287b57cf254/elements - {"using":"xpath","value":"//bdi[text()=\"OK\"]"}
RESULT: {"using":"xpath","value":"//bdi[text()=\"OK\"]"}
COMMAND: POST /session/08ab26b8631a6e4e239c2287b57cf254/elements - {"using":"xpath","value":"//bdi[text()=\"OK\"]"}
RESULT: {"using":"xpath","value":"//bdi[text()=\"OK\"]"}
COMMAND: POST /session/08ab26b8631a6e4e239c2287b57cf254/elements - {"using":"xpath","value":"//bdi[text()=\"OK\"]"}
RESULT: {"using":"xpath","value":"//bdi[text()=\"OK\"]"}
COMMAND: POST /session/08ab26b8631a6e4e239c2287b57cf254/elements - {"using":"xpath","value":"//bdi[text()=\"OK\"]"}
RESULT: {"using":"xpath","value":"//bdi[text()=\"OK\"]"}
COMMAND: POST /session/08ab26b8631a6e4e239c2287b57cf254/elements - {"using":"xpath","value":"//bdi[text()=\"OK\"]"}
RESULT: {"using":"xpath","value":"//bdi[text()=\"OK\"]"}
COMMAND: POST /session/08ab26b8631a6e4e239c2287b57cf254/elements - {"using":"xpath","value":"//bdi[text()=\"OK\"]"}
RESULT: {"using":"xpath","value":"//bdi[text()=\"OK\"]"}
COMMAND: POST /session/08ab26b8631a6e4e239c2287b57cf254/elements - {"using":"xpath","value":"//bdi[text()=\"OK\"]"}
RESULT: {"using":"xpath","value":"//bdi[text()=\"OK\"]"}
COMMAND: POST /session/08ab26b8631a6e4e239c2287b57cf254/elements - {"using":"xpath","value":"//bdi[text()=\"OK\"]"}
RESULT: {"using":"xpath","value":"//bdi[text()=\"OK\"]"}
COMMAND: POST /session/08ab26b8631a6e4e239c2287b57cf254/elements - {"using":"xpath","value":"//bdi[text()=\"OK\"]"}
RESULT: {"using":"xpath","value":"//bdi[text()=\"OK\"]"}
COMMAND: POST /session/08ab26b8631a6e4e239c2287b57cf254/elements - {"using":"xpath","value":"//bdi[text()=\"OK\"]"}
RESULT: {"using":"xpath","value":"//bdi[text()=\"OK\"]"}
COMMAND: POST /session/08ab26b8631a6e4e239c2287b57cf254/elements - {"using":"xpath","value":"//bdi[text()=\"OK\"]"}
RESULT: {"using":"xpath","value":"//bdi[text()=\"OK\"]"}
COMMAND: POST /session/08ab26b8631a6e4e239c2287b57cf254/elements - {"using":"xpath","value":"//bdi[text()=\"OK\"]"}
RESULT: {"using":"xpath","value":"//bdi[text()=\"OK\"]"}
COMMAND: POST /session/08ab26b8631a6e4e239c2287b57cf254/elements - {"using":"xpath","value":"//bdi[text()=\"OK\"]"}
RESULT: {"using":"xpath","value":"//bdi[text()=\"OK\"]"}
COMMAND: POST /session/08ab26b8631a6e4e239c2287b57cf254/elements - {"using":"xpath","value":"//bdi[text()=\"OK\"]"}
RESULT: {"using":"xpath","value":"//bdi[text()=\"OK\"]"}
COMMAND: POST /session/08ab26b8631a6e4e239c2287b57cf254/elements - {"using":"xpath","value":"//bdi[text()=\"OK\"]"}
RESULT: {"using":"xpath","value":"//bdi[text()=\"OK\"]"}
COMMAND: POST /session/08ab26b8631a6e4e239c2287b57cf254/elements - {"using":"xpath","value":"//bdi[text()=\"OK\"]"}
RESULT: {"using":"xpath","value":"//bdi[text()=\"OK\"]"}
COMMAND: POST /session/08ab26b8631a6e4e239c2287b57cf254/elements - {"using":"xpath","value":"//bdi[text()=\"OK\"]"}
RESULT: {"using":"xpath","value":"//bdi[text()=\"OK\"]"}
COMMAND: POST /session/08ab26b8631a6e4e239c2287b57cf254/elements - {"using":"xpath","value":"//bdi[text()=\"OK\"]"}
RESULT: {"using":"xpath","value":"//bdi[text()=\"OK\"]"}
COMMAND: POST /session/08ab26b8631a6e4e239c2287b57cf254/elements - {"using":"xpath","value":"//bdi[text()=\"OK\"]"}
RESULT: {"using":"xpath","value":"//bdi[text()=\"OK\"]"}
COMMAND: POST /session/08ab26b8631a6e4e239c2287b57cf254/elements - {"using":"xpath","value":"//bdi[text()=\"OK\"]"}
RESULT: {"using":"xpath","value":"//bdi[text()=\"OK\"]"}
COMMAND: POST /session/08ab26b8631a6e4e239c2287b57cf254/elements - {"using":"xpath","value":"//bdi[text()=\"OK\"]"}
RESULT: {"using":"xpath","value":"//bdi[text()=\"OK\"]"}
COMMAND: POST /session/08ab26b8631a6e4e239c2287b57cf254/elements - {"using":"xpath","value":"//bdi[text()=\"OK\"]"}
RESULT: {"using":"xpath","value":"//bdi[text()=\"OK\"]"}
COMMAND: POST /session/08ab26b8631a6e4e239c2287b57cf254/elements - {"using":"xpath","value":"//bdi[text()=\"OK\"]"}
RESULT: {"using":"xpath","value":"//bdi[text()=\"OK\"]"}
COMMAND: POST /session/08ab26b8631a6e4e239c2287b57cf254/elements - {"using":"xpath","value":"//bdi[text()=\"OK\"]"}
RESULT: {"using":"xpath","value":"//bdi[text()=\"OK\"]"}
COMMAND: POST /session/08ab26b8631a6e4e239c2287b57cf254/elements - {"using":"xpath","value":"//bdi[text()=\"OK\"]"}
RESULT: {"using":"xpath","value":"//bdi[text()=\"OK\"]"}
COMMAND: POST /session/08ab26b8631a6e4e239c2287b57cf254/element - {"using":"xpath","value":"//bdi[text()=\"OK\"]"}
RESULT: {"using":"xpath","value":"//bdi[text()=\"OK\"]"}
COMMAND: POST /session/08ab26b8631a6e4e239c2287b57cf254/elements - {"using":"xpath","value":"//bdi[text()=\"OK\"]"}
RESULT: {"using":"xpath","value":"//bdi[text()=\"OK\"]"}
COMMAND: POST /session/08ab26b8631a6e4e239c2287b57cf254/elements - {"using":"xpath","value":"//bdi[text()=\"OK\"]"}
RESULT: {"using":"xpath","value":"//bdi[text()=\"OK\"]"}
COMMAND: POST /session/08ab26b8631a6e4e239c2287b57cf254/elements - {"using":"xpath","value":"//bdi[text()=\"OK\"]"}
RESULT: {"using":"xpath","value":"//bdi[text()=\"OK\"]"}
COMMAND: POST /session/08ab26b8631a6e4e239c2287b57cf254/elements - {"using":"xpath","value":"//bdi[text()=\"OK\"]"}
RESULT: {"using":"xpath","value":"//bdi[text()=\"OK\"]"}
COMMAND: POST /session/08ab26b8631a6e4e239c2287b57cf254/elements - {"using":"xpath","value":"//bdi[text()=\"OK\"]"}
RESULT: {"using":"xpath","value":"//bdi[text()=\"OK\"]"}
COMMAND: POST /session/08ab26b8631a6e4e239c2287b57cf254/elements - {"using":"xpath","value":"//bdi[text()=\"OK\"]"}
RESULT: {"using":"xpath","value":"//bdi[text()=\"OK\"]"}
COMMAND: POST /session/08ab26b8631a6e4e239c2287b57cf254/elements - {"using":"xpath","value":"//bdi[text()=\"OK\"]"}
RESULT: {"using":"xpath","value":"//bdi[text()=\"OK\"]"}
COMMAND: POST /session/08ab26b8631a6e4e239c2287b57cf254/elements - {"using":"xpath","value":"//bdi[text()=\"OK\"]"}
RESULT: {"using":"xpath","value":"//bdi[text()=\"OK\"]"}
COMMAND: POST /session/08ab26b8631a6e4e239c2287b57cf254/elements - {"using":"xpath","value":"//bdi[text()=\"OK\"]"}
RESULT: {"using":"xpath","value":"//bdi[text()=\"OK\"]"}
COMMAND: POST /session/08ab26b8631a6e4e239c2287b57cf254/elements - {"using":"xpath","value":"//bdi[text()=\"OK\"]"}
RESULT: {"using":"xpath","value":"//bdi[text()=\"OK\"]"}
COMMAND: POST /session/08ab26b8631a6e4e239c2287b57cf254/elements - {"using":"xpath","value":"//bdi[text()=\"OK\"]"}
RESULT: {"using":"xpath","value":"//bdi[text()=\"OK\"]"}
COMMAND: POST /session/08ab26b8631a6e4e239c2287b57cf254/elements - {"using":"xpath","value":"//bdi[text()=\"OK\"]"}
RESULT: {"using":"xpath","value":"//bdi[text()=\"OK\"]"}
COMMAND: POST /session/08ab26b8631a6e4e239c2287b57cf254/elements - {"using":"xpath","value":"//bdi[text()=\"OK\"]"}
RESULT: {"using":"xpath","value":"//bdi[text()=\"OK\"]"}
COMMAND: POST /session/08ab26b8631a6e4e239c2287b57cf254/elements - {"using":"xpath","value":"//bdi[text()=\"OK\"]"}
RESULT: {"using":"xpath","value":"//bdi[text()=\"OK\"]"}
COMMAND: POST /session/08ab26b8631a6e4e239c2287b57cf254/elements - {"using":"xpath","value":"//bdi[text()=\"OK\"]"}
RESULT: {"using":"xpath","value":"//bdi[text()=\"OK\"]"}
COMMAND: POST /session/08ab26b8631a6e4e239c2287b57cf254/elements - {"using":"xpath","value":"//bdi[text()=\"OK\"]"}
RESULT: {"using":"xpath","value":"//bdi[text()=\"OK\"]"}
COMMAND: POST /session/08ab26b8631a6e4e239c2287b57cf254/elements - {"using":"xpath","value":"//bdi[text()=\"OK\"]"}
RESULT: {"using":"xpath","value":"//bdi[text()=\"OK\"]"}
COMMAND: POST /session/08ab26b8631a6e4e239c2287b57cf254/elements - {"using":"xpath","value":"//bdi[text()=\"OK\"]"}
RESULT: {"using":"xpath","value":"//bdi[text()=\"OK\"]"}
COMMAND: POST /session/08ab26b8631a6e4e239c2287b57cf254/elements - {"using":"xpath","value":"//bdi[text()=\"OK\"]"}
RESULT: {"using":"xpath","value":"//bdi[text()=\"OK\"]"}
COMMAND: POST /session/08ab26b8631a6e4e239c2287b57cf254/elements - {"using":"xpath","value":"//bdi[text()=\"OK\"]"}
RESULT: {"using":"xpath","value":"//bdi[text()=\"OK\"]"}
COMMAND: POST /session/08ab26b8631a6e4e239c2287b57cf254/elements - {"using":"xpath","value":"//bdi[text()=\"OK\"]"}
RESULT: {"using":"xpath","value":"//bdi[text()=\"OK\"]"}
COMMAND: POST /session/08ab26b8631a6e4e239c2287b57cf254/elements - {"using":"xpath","value":"//bdi[text()=\"OK\"]"}
RESULT: {"using":"xpath","value":"//bdi[text()=\"OK\"]"}
COMMAND: POST /session/08ab26b8631a6e4e239c2287b57cf254/elements - {"using":"xpath","value":"//bdi[text()=\"OK\"]"}
RESULT: {"using":"xpath","value":"//bdi[text()=\"OK\"]"}
COMMAND: POST /session/08ab26b8631a6e4e239c2287b57cf254/elements - {"using":"xpath","value":"//bdi[text()=\"OK\"]"}
RESULT: {"using":"xpath","value":"//bdi[text()=\"OK\"]"}
COMMAND: POST /session/08ab26b8631a6e4e239c2287b57cf254/elements - {"using":"xpath","value":"//bdi[text()=\"OK\"]"}
RESULT: {"using":"xpath","value":"//bdi[text()=\"OK\"]"}
COMMAND: POST /session/08ab26b8631a6e4e239c2287b57cf254/elements - {"using":"xpath","value":"//bdi[text()=\"OK\"]"}
RESULT: {"using":"xpath","value":"//bdi[text()=\"OK\"]"}
COMMAND: POST /session/08ab26b8631a6e4e239c2287b57cf254/elements - {"using":"xpath","value":"//bdi[text()=\"OK\"]"}
RESULT: {"using":"xpath","value":"//bdi[text()=\"OK\"]"}
COMMAND: POST /session/08ab26b8631a6e4e239c2287b57cf254/elements - {"using":"xpath","value":"//bdi[text()=\"OK\"]"}
RESULT: {"using":"xpath","value":"//bdi[text()=\"OK\"]"}
COMMAND: POST /session/08ab26b8631a6e4e239c2287b57cf254/elements - {"using":"xpath","value":"//bdi[text()=\"OK\"]"}
RESULT: {"using":"xpath","value":"//bdi[text()=\"OK\"]"}
COMMAND: POST /session/08ab26b8631a6e4e239c2287b57cf254/elements - {"using":"xpath","value":"//bdi[text()=\"OK\"]"}
RESULT: {"using":"xpath","value":"//bdi[text()=\"OK\"]"}
COMMAND: POST /session/08ab26b8631a6e4e239c2287b57cf254/elements - {"using":"xpath","value":"//bdi[text()=\"OK\"]"}
RESULT: {"using":"xpath","value":"//bdi[text()=\"OK\"]"}
COMMAND: POST /session/08ab26b8631a6e4e239c2287b57cf254/elements - {"using":"xpath","value":"//bdi[text()=\"OK\"]"}
RESULT: {"using":"xpath","value":"//bdi[text()=\"OK\"]"}
COMMAND: POST /session/08ab26b8631a6e4e239c2287b57cf254/elements - {"using":"xpath","value":"//bdi[text()=\"OK\"]"}
RESULT: {"using":"xpath","value":"//bdi[text()=\"OK\"]"}
COMMAND: POST /session/08ab26b8631a6e4e239c2287b57cf254/elements - {"using":"xpath","value":"//bdi[text()=\"OK\"]"}
RESULT: {"using":"xpath","value":"//bdi[text()=\"OK\"]"}
COMMAND: POST /session/08ab26b8631a6e4e239c2287b57cf254/elements - {"using":"xpath","value":"//bdi[text()=\"OK\"]"}
RESULT: {"using":"xpath","value":"//bdi[text()=\"OK\"]"}
COMMAND: POST /session/08ab26b8631a6e4e239c2287b57cf254/elements - {"using":"xpath","value":"//bdi[text()=\"OK\"]"}
RESULT: {"using":"xpath","value":"//bdi[text()=\"OK\"]"}
COMMAND: POST /session/08ab26b8631a6e4e239c2287b57cf254/elements - {"using":"xpath","value":"//bdi[text()=\"OK\"]"}
RESULT: {"using":"xpath","value":"//bdi[text()=\"OK\"]"}
COMMAND: POST /session/08ab26b8631a6e4e239c2287b57cf254/elements - {"using":"xpath","value":"//bdi[text()=\"OK\"]"}
RESULT: {"using":"xpath","value":"//bdi[text()=\"OK\"]"}
COMMAND: POST /session/08ab26b8631a6e4e239c2287b57cf254/elements - {"using":"xpath","value":"//bdi[text()=\"OK\"]"}
RESULT: {"using":"xpath","value":"//bdi[text()=\"OK\"]"}
COMMAND: POST /session/08ab26b8631a6e4e239c2287b57cf254/elements - {"using":"xpath","value":"//bdi[text()=\"OK\"]"}
RESULT: {"using":"xpath","value":"//bdi[text()=\"OK\"]"}
COMMAND: POST /session/08ab26b8631a6e4e239c2287b57cf254/elements - {"using":"xpath","value":"//bdi[text()=\"OK\"]"}
RESULT: {"using":"xpath","value":"//bdi[text()=\"OK\"]"}
COMMAND: POST /session/08ab26b8631a6e4e239c2287b57cf254/elements - {"using":"xpath","value":"//bdi[text()=\"OK\"]"}
RESULT: {"using":"xpath","value":"//bdi[text()=\"OK\"]"}
COMMAND: POST /session/08ab26b8631a6e4e239c2287b57cf254/elements - {"using":"xpath","value":"//bdi[text()=\"OK\"]"}
RESULT: {"using":"xpath","value":"//bdi[text()=\"OK\"]"}
COMMAND: POST /session/08ab26b8631a6e4e239c2287b57cf254/elements - {"using":"xpath","value":"//bdi[text()=\"OK\"]"}
RESULT: {"using":"xpath","value":"//bdi[text()=\"OK\"]"}
COMMAND: POST /session/08ab26b8631a6e4e239c2287b57cf254/elements - {"using":"xpath","value":"//bdi[text()=\"OK\"]"}
RESULT: {"using":"xpath","value":"//bdi[text()=\"OK\"]"}
COMMAND: POST /session/08ab26b8631a6e4e239c2287b57cf254/elements - {"using":"xpath","value":"//bdi[text()=\"OK\"]"}
RESULT: {"using":"xpath","value":"//bdi[text()=\"OK\"]"}
COMMAND: POST /session/08ab26b8631a6e4e239c2287b57cf254/elements - {"using":"xpath","value":"//bdi[text()=\"OK\"]"}
RESULT: {"using":"xpath","value":"//bdi[text()=\"OK\"]"}
COMMAND: POST /session/08ab26b8631a6e4e239c2287b57cf254/elements - {"using":"xpath","value":"//bdi[text()=\"OK\"]"}
RESULT: {"using":"xpath","value":"//bdi[text()=\"OK\"]"}
COMMAND: POST /session/08ab26b8631a6e4e239c2287b57cf254/elements - {"using":"xpath","value":"//bdi[text()=\"OK\"]"}
RESULT: {"using":"xpath","value":"//bdi[text()=\"OK\"]"}
COMMAND: POST /session/08ab26b8631a6e4e239c2287b57cf254/elements - {"using":"xpath","value":"//bdi[text()=\"OK\"]"}
RESULT: {"using":"xpath","value":"//bdi[text()=\"OK\"]"}
COMMAND: POST /session/08ab26b8631a6e4e239c2287b57cf254/elements - {"using":"xpath","value":"//bdi[text()=\"OK\"]"}
RESULT: {"using":"xpath","value":"//bdi[text()=\"OK\"]"}
COMMAND: POST /session/08ab26b8631a6e4e239c2287b57cf254/elements - {"using":"xpath","value":"//bdi[text()=\"OK\"]"}
RESULT: {"using":"xpath","value":"//bdi[text()=\"OK\"]"}
COMMAND: POST /session/08ab26b8631a6e4e239c2287b57cf254/elements - {"using":"xpath","value":"//bdi[text()=\"OK\"]"}
RESULT: {"using":"xpath","value":"//bdi[text()=\"OK\"]"}
COMMAND: POST /session/08ab26b8631a6e4e239c2287b57cf254/elements - {"using":"xpath","value":"//bdi[text()=\"OK\"]"}
RESULT: {"using":"xpath","value":"//bdi[text()=\"OK\"]"}
COMMAND: POST /session/08ab26b8631a6e4e239c2287b57cf254/elements - {"using":"xpath","value":"//bdi[text()=\"OK\"]"}
RESULT: {"using":"xpath","value":"//bdi[text()=\"OK\"]"}
COMMAND: POST /session/08ab26b8631a6e4e239c2287b57cf254/elements - {"using":"xpath","value":"//bdi[text()=\"OK\"]"}
RESULT: {"using":"xpath","value":"//bdi[text()=\"OK\"]"}
COMMAND: POST /session/08ab26b8631a6e4e239c2287b57cf254/elements - {"using":"xpath","value":"//bdi[text()=\"OK\"]"}
RESULT: {"using":"xpath","value":"//bdi[text()=\"OK\"]"}
COMMAND: POST /session/08ab26b8631a6e4e239c2287b57cf254/elements - {"using":"xpath","value":"//bdi[text()=\"OK\"]"}
RESULT: {"using":"xpath","value":"//bdi[text()=\"OK\"]"}
COMMAND: POST /session/08ab26b8631a6e4e239c2287b57cf254/elements - {"using":"xpath","value":"//bdi[text()=\"OK\"]"}
RESULT: {"using":"xpath","value":"//bdi[text()=\"OK\"]"}
COMMAND: POST /session/08ab26b8631a6e4e239c2287b57cf254/elements - {"using":"xpath","value":"//bdi[text()=\"OK\"]"}
RESULT: {"using":"xpath","value":"//bdi[text()=\"OK\"]"}
COMMAND: POST /session/08ab26b8631a6e4e239c2287b57cf254/elements - {"using":"xpath","value":"//bdi[text()=\"OK\"]"}
RESULT: {"using":"xpath","value":"//bdi[text()=\"OK\"]"}
COMMAND: POST /session/08ab26b8631a6e4e239c2287b57cf254/elements - {"using":"xpath","value":"//bdi[text()=\"OK\"]"}
RESULT: {"using":"xpath","value":"//bdi[text()=\"OK\"]"}
COMMAND: POST /session/08ab26b8631a6e4e239c2287b57cf254/elements - {"using":"xpath","value":"//bdi[text()=\"OK\"]"}
RESULT: {"using":"xpath","value":"//bdi[text()=\"OK\"]"}
COMMAND: POST /session/08ab26b8631a6e4e239c2287b57cf254/elements - {"using":"xpath","value":"//bdi[text()=\"OK\"]"}
RESULT: {"using":"xpath","value":"//bdi[text()=\"OK\"]"}
COMMAND: POST /session/08ab26b8631a6e4e239c2287b57cf254/elements - {"using":"xpath","value":"//bdi[text()=\"OK\"]"}
RESULT: {"using":"xpath","value":"//bdi[text()=\"OK\"]"}
COMMAND: POST /session/08ab26b8631a6e4e239c2287b57cf254/elements - {"using":"xpath","value":"//bdi[text()=\"OK\"]"}
RESULT: {"using":"xpath","value":"//bdi[text()=\"OK\"]"}
COMMAND: POST /session/08ab26b8631a6e4e239c2287b57cf254/elements - {"using":"xpath","value":"//bdi[text()=\"OK\"]"}
RESULT: {"using":"xpath","value":"//bdi[text()=\"OK\"]"}
COMMAND: POST /session/08ab26b8631a6e4e239c2287b57cf254/elements - {"using":"xpath","value":"//bdi[text()=\"OK\"]"}
RESULT: {"using":"xpath","value":"//bdi[text()=\"OK\"]"}
COMMAND: POST /session/08ab26b8631a6e4e239c2287b57cf254/elements - {"using":"xpath","value":"//bdi[text()=\"OK\"]"}
RESULT: {"using":"xpath","value":"//bdi[text()=\"OK\"]"}
COMMAND: POST /session/08ab26b8631a6e4e239c2287b57cf254/elements - {"using":"xpath","value":"//bdi[text()=\"OK\"]"}
RESULT: {"using":"xpath","value":"//bdi[text()=\"OK\"]"}
COMMAND: POST /session/08ab26b8631a6e4e239c2287b57cf254/elements - {"using":"xpath","value":"//bdi[text()=\"OK\"]"}
RESULT: {"using":"xpath","value":"//bdi[text()=\"OK\"]"}
COMMAND: POST /session/08ab26b8631a6e4e239c2287b57cf254/elements - {"using":"xpath","value":"//bdi[text()=\"OK\"]"}
RESULT: {"using":"xpath","value":"//bdi[text()=\"OK\"]"}
COMMAND: POST /session/08ab26b8631a6e4e239c2287b57cf254/elements - {"using":"xpath","value":"//bdi[text()=\"OK\"]"}
RESULT: {"using":"xpath","value":"//bdi[text()=\"OK\"]"}
COMMAND: POST /session/08ab26b8631a6e4e239c2287b57cf254/elements - {"using":"xpath","value":"//bdi[text()=\"OK\"]"}
RESULT: {"using":"xpath","value":"//bdi[text()=\"OK\"]"}
COMMAND: POST /session/08ab26b8631a6e4e239c2287b57cf254/elements - {"using":"xpath","value":"//bdi[text()=\"OK\"]"}
RESULT: {"using":"xpath","value":"//bdi[text()=\"OK\"]"}
COMMAND: POST /session/08ab26b8631a6e4e239c2287b57cf254/elements - {"using":"xpath","value":"//bdi[text()=\"OK\"]"}
RESULT: {"using":"xpath","value":"//bdi[text()=\"OK\"]"}
COMMAND: POST /session/08ab26b8631a6e4e239c2287b57cf254/elements - {"using":"xpath","value":"//bdi[text()=\"OK\"]"}
RESULT: {"using":"xpath","value":"//bdi[text()=\"OK\"]"}
COMMAND: POST /session/08ab26b8631a6e4e239c2287b57cf254/elements - {"using":"xpath","value":"//bdi[text()=\"OK\"]"}
RESULT: {"using":"xpath","value":"//bdi[text()=\"OK\"]"}
COMMAND: POST /session/08ab26b8631a6e4e239c2287b57cf254/elements - {"using":"xpath","value":"//bdi[text()=\"OK\"]"}
RESULT: {"using":"xpath","value":"//bdi[text()=\"OK\"]"}
COMMAND: POST /session/08ab26b8631a6e4e239c2287b57cf254/elements - {"using":"xpath","value":"//bdi[text()=\"OK\"]"}
RESULT: {"using":"xpath","value":"//bdi[text()=\"OK\"]"}
COMMAND: POST /session/08ab26b8631a6e4e239c2287b57cf254/elements - {"using":"xpath","value":"//bdi[text()=\"OK\"]"}
RESULT: {"using":"xpath","value":"//bdi[text()=\"OK\"]"}
COMMAND: POST /session/08ab26b8631a6e4e239c2287b57cf254/elements - {"using":"xpath","value":"//bdi[text()=\"OK\"]"}
RESULT: {"using":"xpath","value":"//bdi[text()=\"OK\"]"}
COMMAND: POST /session/08ab26b8631a6e4e239c2287b57cf254/elements - {"using":"xpath","value":"//bdi[text()=\"OK\"]"}
RESULT: {"using":"xpath","value":"//bdi[text()=\"OK\"]"}
COMMAND: POST /session/08ab26b8631a6e4e239c2287b57cf254/elements - {"using":"xpath","value":"//bdi[text()=\"OK\"]"}
RESULT: {"using":"xpath","value":"//bdi[text()=\"OK\"]"}
COMMAND: POST /session/08ab26b8631a6e4e239c2287b57cf254/elements - {"using":"xpath","value":"//bdi[text()=\"OK\"]"}
RESULT: {"using":"xpath","value":"//bdi[text()=\"OK\"]"}
COMMAND: POST /session/08ab26b8631a6e4e239c2287b57cf254/elements - {"using":"xpath","value":"//bdi[text()=\"OK\"]"}
RESULT: {"using":"xpath","value":"//bdi[text()=\"OK\"]"}
COMMAND: POST /session/08ab26b8631a6e4e239c2287b57cf254/elements - {"using":"xpath","value":"//bdi[text()=\"OK\"]"}
RESULT: {"using":"xpath","value":"//bdi[text()=\"OK\"]"}
COMMAND: POST /session/08ab26b8631a6e4e239c2287b57cf254/elements - {"using":"xpath","value":"//bdi[text()=\"OK\"]"}
RESULT: {"using":"xpath","value":"//bdi[text()=\"OK\"]"}
COMMAND: POST /session/08ab26b8631a6e4e239c2287b57cf254/elements - {"using":"xpath","value":"//bdi[text()=\"OK\"]"}
RESULT: {"using":"xpath","value":"//bdi[text()=\"OK\"]"}
COMMAND: POST /session/08ab26b8631a6e4e239c2287b57cf254/elements - {"using":"xpath","value":"//bdi[text()=\"OK\"]"}
RESULT: {"using":"xpath","value":"//bdi[text()=\"OK\"]"}
COMMAND: POST /session/08ab26b8631a6e4e239c2287b57cf254/elements - {"using":"xpath","value":"//bdi[text()=\"OK\"]"}
RESULT: {"using":"xpath","value":"//bdi[text()=\"OK\"]"}
COMMAND: POST /session/08ab26b8631a6e4e239c2287b57cf254/elements - {"using":"xpath","value":"//bdi[text()=\"OK\"]"}
RESULT: {"using":"xpath","value":"//bdi[text()=\"OK\"]"}
COMMAND: POST /session/08ab26b8631a6e4e239c2287b57cf254/elements - {"using":"xpath","value":"//bdi[text()=\"OK\"]"}
RESULT: {"using":"xpath","value":"//bdi[text()=\"OK\"]"}
COMMAND: POST /session/08ab26b8631a6e4e239c2287b57cf254/elements - {"using":"xpath","value":"//bdi[text()=\"OK\"]"}
RESULT: {"using":"xpath","value":"//bdi[text()=\"OK\"]"}
COMMAND: POST /session/08ab26b8631a6e4e239c2287b57cf254/elements - {"using":"xpath","value":"//bdi[text()=\"OK\"]"}
RESULT: {"using":"xpath","value":"//bdi[text()=\"OK\"]"}
COMMAND: POST /session/08ab26b8631a6e4e239c2287b57cf254/elements - {"using":"xpath","value":"//bdi[text()=\"OK\"]"}
RESULT: {"using":"xpath","value":"//bdi[text()=\"OK\"]"}
COMMAND: POST /session/08ab26b8631a6e4e239c2287b57cf254/elements - {"using":"xpath","value":"//bdi[text()=\"OK\"]"}
RESULT: {"using":"xpath","value":"//bdi[text()=\"OK\"]"}
COMMAND: POST /session/08ab26b8631a6e4e239c2287b57cf254/elements - {"using":"xpath","value":"//bdi[text()=\"OK\"]"}
RESULT: {"using":"xpath","value":"//bdi[text()=\"OK\"]"}
COMMAND: POST /session/08ab26b8631a6e4e239c2287b57cf254/elements - {"using":"xpath","value":"//bdi[text()=\"OK\"]"}
RESULT: {"using":"xpath","value":"//bdi[text()=\"OK\"]"}
COMMAND: POST /session/08ab26b8631a6e4e239c2287b57cf254/elements - {"using":"xpath","value":"//bdi[text()=\"OK\"]"}
RESULT: {"using":"xpath","value":"//bdi[text()=\"OK\"]"}
COMMAND: POST /session/08ab26b8631a6e4e239c2287b57cf254/elements - {"using":"xpath","value":"//bdi[text()=\"OK\"]"}
RESULT: {"using":"xpath","value":"//bdi[text()=\"OK\"]"}
COMMAND: POST /session/08ab26b8631a6e4e239c2287b57cf254/elements - {"using":"xpath","value":"//bdi[text()=\"OK\"]"}
RESULT: {"using":"xpath","value":"//bdi[text()=\"OK\"]"}
COMMAND: POST /session/08ab26b8631a6e4e239c2287b57cf254/elements - {"using":"xpath","value":"//bdi[text()=\"OK\"]"}
RESULT: {"using":"xpath","value":"//bdi[text()=\"OK\"]"}
COMMAND: POST /session/08ab26b8631a6e4e239c2287b57cf254/elements - {"using":"xpath","value":"//bdi[text()=\"OK\"]"}
RESULT: {"using":"xpath","value":"//bdi[text()=\"OK\"]"}
COMMAND: POST /session/08ab26b8631a6e4e239c2287b57cf254/elements - {"using":"xpath","value":"//bdi[text()=\"OK\"]"}
RESULT: {"using":"xpath","value":"//bdi[text()=\"OK\"]"}
COMMAND: POST /session/08ab26b8631a6e4e239c2287b57cf254/elements - {"using":"xpath","value":"//bdi[text()=\"OK\"]"}
RESULT: {"using":"xpath","value":"//bdi[text()=\"OK\"]"}
COMMAND: POST /session/08ab26b8631a6e4e239c2287b57cf254/elements - {"using":"xpath","value":"//bdi[text()=\"OK\"]"}
RESULT: {"using":"xpath","value":"//bdi[text()=\"OK\"]"}
COMMAND: POST /session/08ab26b8631a6e4e239c2287b57cf254/elements - {"using":"xpath","value":"//bdi[text()=\"OK\"]"}
RESULT: {"using":"xpath","value":"//bdi[text()=\"OK\"]"}
COMMAND: POST /session/08ab26b8631a6e4e239c2287b57cf254/elements - {"using":"xpath","value":"//bdi[text()=\"OK\"]"}
RESULT: {"using":"xpath","value":"//bdi[text()=\"OK\"]"}
COMMAND: POST /session/08ab26b8631a6e4e239c2287b57cf254/elements - {"using":"xpath","value":"//bdi[text()=\"OK\"]"}
RESULT: {"using":"xpath","value":"//bdi[text()=\"OK\"]"}
COMMAND: POST /session/08ab26b8631a6e4e239c2287b57cf254/elements - {"using":"xpath","value":"//bdi[text()=\"OK\"]"}
RESULT: {"using":"xpath","value":"//bdi[text()=\"OK\"]"}
COMMAND: POST /session/08ab26b8631a6e4e239c2287b57cf254/elements - {"using":"xpath","value":"//bdi[text()=\"OK\"]"}
RESULT: {"using":"xpath","value":"//bdi[text()=\"OK\"]"}
COMMAND: POST /session/08ab26b8631a6e4e239c2287b57cf254/elements - {"using":"xpath","value":"//bdi[text()=\"OK\"]"}
RESULT: {"using":"xpath","value":"//bdi[text()=\"OK\"]"}
COMMAND: POST /session/08ab26b8631a6e4e239c2287b57cf254/elements - {"using":"xpath","value":"//bdi[text()=\"OK\"]"}
RESULT: {"using":"xpath","value":"//bdi[text()=\"OK\"]"}
COMMAND: POST /session/08ab26b8631a6e4e239c2287b57cf254/elements - {"using":"xpath","value":"//bdi[text()=\"OK\"]"}
RESULT: {"using":"xpath","value":"//bdi[text()=\"OK\"]"}
COMMAND: POST /session/08ab26b8631a6e4e239c2287b57cf254/elements - {"using":"xpath","value":"//bdi[text()=\"OK\"]"}
RESULT: {"using":"xpath","value":"//bdi[text()=\"OK\"]"}
COMMAND: POST /session/08ab26b8631a6e4e239c2287b57cf254/elements - {"using":"xpath","value":"//bdi[text()=\"OK\"]"}
RESULT: {"using":"xpath","value":"//bdi[text()=\"OK\"]"}
COMMAND: POST /session/08ab26b8631a6e4e239c2287b57cf254/elements - {"using":"xpath","value":"//bdi[text()=\"OK\"]"}
RESULT: {"using":"xpath","value":"//bdi[text()=\"OK\"]"}
COMMAND: POST /session/08ab26b8631a6e4e239c2287b57cf254/elements - {"using":"xpath","value":"//bdi[text()=\"OK\"]"}
RESULT: {"using":"xpath","value":"//bdi[text()=\"OK\"]"}
COMMAND: POST /session/08ab26b8631a6e4e239c2287b57cf254/elements - {"using":"xpath","value":"//bdi[text()=\"OK\"]"}
RESULT: {"using":"xpath","value":"//bdi[text()=\"OK\"]"}
COMMAND: POST /session/08ab26b8631a6e4e239c2287b57cf254/elements - {"using":"xpath","value":"//bdi[text()=\"OK\"]"}
COMMAND: POST /session/08ab26b8631a6e4e239c2287b57cf254/execute/async - {"script":"<script> [1562 bytes]","args":[{"selector":{"id":"application-manageresources-display-component---newResourceUnit--TYPE-arrow"},"wdio_ui5_key":"applicationmanageresources-display-component---newResourceUnit--TYPE-arrow"}]}
RESULT: {"using":"xpath","value":"//bdi[text()=\"OK\"]"}
RESULT: {"script":"<script> [1562 bytes]","args":[{"selector":{"id":"application-manageresources-display-component---newResourceUnit--TYPE-arrow"},"wdio_ui5_key":"applicationmanageresources-display-component---newResourceUnit--TYPE-arrow"}]}
RESULT: undefined
COMMAND: POST /session/08ab26b8631a6e4e239c2287b57cf254/element - {"using":"xpath","value":"//*[@id=\"application-manageresources-display-component---newResourceUnit--TYPE-arrow\"]"}
RESULT: {"using":"xpath","value":"//*[@id=\"application-manageresources-display-component---newResourceUnit--TYPE-arrow\"]"}
COMMAND: POST /session/08ab26b8631a6e4e239c2287b57cf254/element/f.150F062B3A02957456735AB987B5EB04.d.D82311AC2D75B0E081F64CE22E57C1D7.e.6743/click - {}
RESULT: {}
COMMAND: POST /session/08ab26b8631a6e4e239c2287b57cf254/execute/async - {"script":"<script> [1562 bytes]","args":[{"selector":{"controlType":"sap.m.StandardListItem","viewName":"reusables.view.manageresources.NewResourceUnit","viewId":"application-manageresources-display-component---newResourceUnit","properties":{"title":"Material"},"searchOpenDialogs":true,"interaction":{"idSuffix":"titleText"}},"wdio_ui5_key":"reusablesview.manageresources.NewResourceUnitsap.m.StandardListItem{\"title\":\"Material\"}"}]}
COMMAND: GET /session/08ab26b8631a6e4e239c2287b57cf254/screenshot - {}
RESULT: {"script":"<script> [1562 bytes]","args":[{"selector":{"controlType":"sap.m.StandardListItem","viewName":"reusables.view.manageresources.NewResourceUnit","viewId":"application-manageresources-display-component---newResourceUnit","properties":{"title":"Material"},"searchOpenDialogs":true,"interaction":{"idSuffix":"titleText"}},"wdio_ui5_key":"reusablesview.manageresources.NewResourceUnitsap.m.StandardListItem{\"title\":\"Material\"}"}]}
RESULT: undefined
COMMAND: POST /session/08ab26b8631a6e4e239c2287b57cf254/element - {"using":"xpath","value":"//*[@id=\"__item143\"]"}
RESULT: {}
RESULT: {"using":"xpath","value":"//*[@id=\"__item143\"]"}
COMMAND: POST /session/08ab26b8631a6e4e239c2287b57cf254/element/f.150F062B3A02957456735AB987B5EB04.d.D82311AC2D75B0E081F64CE22E57C1D7.e.6746/click - {}
RESULT: {}
COMMAND: POST /session/08ab26b8631a6e4e239c2287b57cf254/execute/async - {"script":"<script> [1562 bytes]","args":[{"selector":{"id":"application-manageresources-display-component---newResourceUnit--SHORT_TEXT","interaction":{"idSuffix":"inner"}},"wdio_ui5_key":"applicationmanageresources-display-component---newResourceUnit--SHORT_TEXT"}]}
COMMAND: GET /session/08ab26b8631a6e4e239c2287b57cf254/screenshot - {}
RESULT: {"script":"<script> [1562 bytes]","args":[{"selector":{"id":"application-manageresources-display-component---newResourceUnit--SHORT_TEXT","interaction":{"idSuffix":"inner"}},"wdio_ui5_key":"applicationmanageresources-display-component---newResourceUnit--SHORT_TEXT"}]}
RESULT: undefined
COMMAND: POST /session/08ab26b8631a6e4e239c2287b57cf254/execute/async - {"script":"<script> [776 bytes]","args":[{"enterText":"WebdriverWHM_RU R2C0u787","selector":{"id":"application-manageresources-display-component---newResourceUnit--SHORT_TEXT","interaction":{"idSuffix":"inner"}},"clearTextFirst":true,"interactionType":"ENTER_TEXT"}]}
RESULT: {}
RESULT: {"script":"<script> [776 bytes]","args":[{"enterText":"WebdriverWHM_RU R2C0u787","selector":{"id":"application-manageresources-display-component---newResourceUnit--SHORT_TEXT","interaction":{"idSuffix":"inner"}},"clearTextFirst":true,"interactionType":"ENTER_TEXT"}]}
COMMAND: POST /session/08ab26b8631a6e4e239c2287b57cf254/execute/async - {"script":"<script> [1562 bytes]","args":[{"selector":{"id":"application-manageresources-display-component---newResourceUnit--BASE_UNIT_OF_MEASURE-arrow"},"wdio_ui5_key":"applicationmanageresources-display-component---newResourceUnit--BASE_UNIT_OF_MEASURE-arrow"}]}
RESULT: {"script":"<script> [1562 bytes]","args":[{"selector":{"id":"application-manageresources-display-component---newResourceUnit--BASE_UNIT_OF_MEASURE-arrow"},"wdio_ui5_key":"applicationmanageresources-display-component---newResourceUnit--BASE_UNIT_OF_MEASURE-arrow"}]}
RESULT: undefined
COMMAND: POST /session/08ab26b8631a6e4e239c2287b57cf254/element - {"using":"xpath","value":"//*[@id=\"application-manageresources-display-component---newResourceUnit--BASE_UNIT_OF_MEASURE-arrow\"]"}
RESULT: {"using":"xpath","value":"//*[@id=\"application-manageresources-display-component---newResourceUnit--BASE_UNIT_OF_MEASURE-arrow\"]"}
COMMAND: POST /session/08ab26b8631a6e4e239c2287b57cf254/element/f.150F062B3A02957456735AB987B5EB04.d.D82311AC2D75B0E081F64CE22E57C1D7.e.6804/click - {}
RESULT: {}
COMMAND: POST /session/08ab26b8631a6e4e239c2287b57cf254/execute/async - {"script":"<script> [1562 bytes]","args":[{"selector":{"controlType":"sap.m.StandardListItem","viewName":"reusables.view.manageresources.NewResourceUnit","viewId":"application-manageresources-display-component---newResourceUnit","properties":{"title":"Piece"},"searchOpenDialogs":true,"interaction":{"idSuffix":"content"}},"wdio_ui5_key":"reusablesview.manageresources.NewResourceUnitsap.m.StandardListItem{\"title\":\"Piece\"}"}]}
COMMAND: GET /session/08ab26b8631a6e4e239c2287b57cf254/screenshot - {}
RESULT: {"script":"<script> [1562 bytes]","args":[{"selector":{"controlType":"sap.m.StandardListItem","viewName":"reusables.view.manageresources.NewResourceUnit","viewId":"application-manageresources-display-component---newResourceUnit","properties":{"title":"Piece"},"searchOpenDialogs":true,"interaction":{"idSuffix":"content"}},"wdio_ui5_key":"reusablesview.manageresources.NewResourceUnitsap.m.StandardListItem{\"title\":\"Piece\"}"}]}
RESULT: undefined
COMMAND: POST /session/08ab26b8631a6e4e239c2287b57cf254/element - {"using":"xpath","value":"//*[@id=\"__item187\"]"}
RESULT: {}
RESULT: {"using":"xpath","value":"//*[@id=\"__item187\"]"}
COMMAND: POST /session/08ab26b8631a6e4e239c2287b57cf254/element/f.150F062B3A02957456735AB987B5EB04.d.D82311AC2D75B0E081F64CE22E57C1D7.e.6806/click - {}
RESULT: {}
COMMAND: POST /session/08ab26b8631a6e4e239c2287b57cf254/execute/async - {"script":"<script> [1562 bytes]","args":[{"selector":{"id":"application-manageresources-display-component---newResourceUnit--WEIGHT_UNIT-arrow"},"wdio_ui5_key":"applicationmanageresources-display-component---newResourceUnit--WEIGHT_UNIT-arrow"}]}
COMMAND: GET /session/08ab26b8631a6e4e239c2287b57cf254/screenshot - {}
RESULT: {"script":"<script> [1562 bytes]","args":[{"selector":{"id":"application-manageresources-display-component---newResourceUnit--WEIGHT_UNIT-arrow"},"wdio_ui5_key":"applicationmanageresources-display-component---newResourceUnit--WEIGHT_UNIT-arrow"}]}
RESULT: undefined
COMMAND: POST /session/08ab26b8631a6e4e239c2287b57cf254/element - {"using":"xpath","value":"//*[@id=\"application-manageresources-display-component---newResourceUnit--WEIGHT_UNIT-arrow\"]"}
RESULT: {}
RESULT: {"using":"xpath","value":"//*[@id=\"application-manageresources-display-component---newResourceUnit--WEIGHT_UNIT-arrow\"]"}
COMMAND: POST /session/08ab26b8631a6e4e239c2287b57cf254/element/f.150F062B3A02957456735AB987B5EB04.d.D82311AC2D75B0E081F64CE22E57C1D7.e.6807/click - {}
RESULT: {}
COMMAND: POST /session/08ab26b8631a6e4e239c2287b57cf254/execute/async - {"script":"<script> [1562 bytes]","args":[{"selector":{"controlType":"sap.m.StandardListItem","viewName":"reusables.view.manageresources.NewResourceUnit","viewId":"application-manageresources-display-component---newResourceUnit","properties":{"title":"Gram"},"searchOpenDialogs":true,"interaction":{"idSuffix":"content"}},"wdio_ui5_key":"reusablesview.manageresources.NewResourceUnitsap.m.StandardListItem{\"title\":\"Gram\"}"}]}
COMMAND: GET /session/08ab26b8631a6e4e239c2287b57cf254/screenshot - {}
RESULT: {"script":"<script> [1562 bytes]","args":[{"selector":{"controlType":"sap.m.StandardListItem","viewName":"reusables.view.manageresources.NewResourceUnit","viewId":"application-manageresources-display-component---newResourceUnit","properties":{"title":"Gram"},"searchOpenDialogs":true,"interaction":{"idSuffix":"content"}},"wdio_ui5_key":"reusablesview.manageresources.NewResourceUnitsap.m.StandardListItem{\"title\":\"Gram\"}"}]}
RESULT: undefined
COMMAND: POST /session/08ab26b8631a6e4e239c2287b57cf254/element - {"using":"xpath","value":"//*[@id=\"__item252\"]"}
RESULT: {}
RESULT: {"using":"xpath","value":"//*[@id=\"__item252\"]"}
COMMAND: POST /session/08ab26b8631a6e4e239c2287b57cf254/element/f.150F062B3A02957456735AB987B5EB04.d.D82311AC2D75B0E081F64CE22E57C1D7.e.6809/click - {}
RESULT: {}
COMMAND: GET /session/08ab26b8631a6e4e239c2287b57cf254/screenshot - {}
RESULT: {}
COMMAND: POST /session/08ab26b8631a6e4e239c2287b57cf254/execute/async - {"script":"<script> [1562 bytes]","args":[{"selector":{"id":"application-manageresources-display-component---newResourceUnit--newRRUPage-OPHeaderContent-collapseBtn-img"},"wdio_ui5_key":"applicationmanageresources-display-component---newResourceUnit--newRRUPage-OPHeaderContent-collapseBtn-img"}]}
RESULT: {"script":"<script> [1562 bytes]","args":[{"selector":{"id":"application-manageresources-display-component---newResourceUnit--newRRUPage-OPHeaderContent-collapseBtn-img"},"wdio_ui5_key":"applicationmanageresources-display-component---newResourceUnit--newRRUPage-OPHeaderContent-collapseBtn-img"}]}
RESULT: undefined
COMMAND: POST /session/08ab26b8631a6e4e239c2287b57cf254/element - {"using":"xpath","value":"//*[@id=\"application-manageresources-display-component---newResourceUnit--newRRUPage-OPHeaderContent-collapseBtn-img\"]"}
RESULT: {"using":"xpath","value":"//*[@id=\"application-manageresources-display-component---newResourceUnit--newRRUPage-OPHeaderContent-collapseBtn-img\"]"}
COMMAND: POST /session/08ab26b8631a6e4e239c2287b57cf254/element/f.150F062B3A02957456735AB987B5EB04.d.D82311AC2D75B0E081F64CE22E57C1D7.e.6754/click - {}
RESULT: {}
COMMAND: GET /session/08ab26b8631a6e4e239c2287b57cf254/screenshot - {}
RESULT: {}
COMMAND: POST /session/08ab26b8631a6e4e239c2287b57cf254/element - {"using":"xpath","value":"(//span[contains(@id ,\"application-manageresources-display-component---newResourceUnit--DIMENSION_UNIT-arrow\")])[1]"}
RESULT: {"using":"xpath","value":"(//span[contains(@id ,\"application-manageresources-display-component---newResourceUnit--DIMENSION_UNIT-arrow\")])[1]"}
COMMAND: POST /session/08ab26b8631a6e4e239c2287b57cf254/element/f.150F062B3A02957456735AB987B5EB04.d.D82311AC2D75B0E081F64CE22E57C1D7.e.6813/click - {}
RESULT: {}
COMMAND: GET /session/08ab26b8631a6e4e239c2287b57cf254/screenshot - {}
RESULT: {}
COMMAND: POST /session/08ab26b8631a6e4e239c2287b57cf254/execute/async - {"script":"<script> [1562 bytes]","args":[{"selector":{"controlType":"sap.m.StandardListItem","viewName":"reusables.view.manageresources.NewResourceUnit","viewId":"application-manageresources-display-component---newResourceUnit","properties":{"title":"Centimeter"},"searchOpenDialogs":true,"interaction":{"idSuffix":"titleText"}},"wdio_ui5_key":"reusablesview.manageresources.NewResourceUnitsap.m.StandardListItem{\"title\":\"Centimeter\"}"}]}
RESULT: {"script":"<script> [1562 bytes]","args":[{"selector":{"controlType":"sap.m.StandardListItem","viewName":"reusables.view.manageresources.NewResourceUnit","viewId":"application-manageresources-display-component---newResourceUnit","properties":{"title":"Centimeter"},"searchOpenDialogs":true,"interaction":{"idSuffix":"titleText"}},"wdio_ui5_key":"reusablesview.manageresources.NewResourceUnitsap.m.StandardListItem{\"title\":\"Centimeter\"}"}]}
RESULT: undefined
COMMAND: POST /session/08ab26b8631a6e4e239c2287b57cf254/element - {"using":"xpath","value":"//*[@id=\"__item255\"]"}
RESULT: {"using":"xpath","value":"//*[@id=\"__item255\"]"}
COMMAND: POST /session/08ab26b8631a6e4e239c2287b57cf254/element/f.150F062B3A02957456735AB987B5EB04.d.D82311AC2D75B0E081F64CE22E57C1D7.e.6817/click - {}
RESULT: {}
COMMAND: GET /session/08ab26b8631a6e4e239c2287b57cf254/screenshot - {}
RESULT: {}
COMMAND: POST /session/08ab26b8631a6e4e239c2287b57cf254/execute/async - {"script":"<script> [1562 bytes]","args":[{"selector":{"id":"application-manageresources-display-component---newResourceUnit--newRRUPage-anchBar-application-manageresources-display-component---newResourceUnit--reference-anchor","interaction":{"idSuffix":"BDI-content"}},"wdio_ui5_key":"applicationmanageresources-display-component---newResourceUnit--newRRUPage-anchBar-application-manageresources-display-component---newResourceUnit--reference-anchor"}]}
RESULT: {"script":"<script> [1562 bytes]","args":[{"selector":{"id":"application-manageresources-display-component---newResourceUnit--newRRUPage-anchBar-application-manageresources-display-component---newResourceUnit--reference-anchor","interaction":{"idSuffix":"BDI-content"}},"wdio_ui5_key":"applicationmanageresources-display-component---newResourceUnit--newRRUPage-anchBar-application-manageresources-display-component---newResourceUnit--reference-anchor"}]}
RESULT: undefined
COMMAND: POST /session/08ab26b8631a6e4e239c2287b57cf254/element - {"using":"xpath","value":"//*[@id=\"application-manageresources-display-component---newResourceUnit--newRRUPage-anchBar-application-manageresources-display-component---newResourceUnit--reference-anchor\"]"}
RESULT: {"using":"xpath","value":"//*[@id=\"application-manageresources-display-component---newResourceUnit--newRRUPage-anchBar-application-manageresources-display-component---newResourceUnit--reference-anchor\"]"}
COMMAND: POST /session/08ab26b8631a6e4e239c2287b57cf254/element/f.150F062B3A02957456735AB987B5EB04.d.D82311AC2D75B0E081F64CE22E57C1D7.e.6819/click - {}
RESULT: {}
COMMAND: POST /session/08ab26b8631a6e4e239c2287b57cf254/execute/async - {"script":"<script> [1562 bytes]","args":[{"selector":{"id":"application-manageresources-display-component---newResourceUnit--PLANNING_GROUP-arrow"},"wdio_ui5_key":"applicationmanageresources-display-component---newResourceUnit--PLANNING_GROUP-arrow"}]}
COMMAND: GET /session/08ab26b8631a6e4e239c2287b57cf254/screenshot - {}
RESULT: {"script":"<script> [1562 bytes]","args":[{"selector":{"id":"application-manageresources-display-component---newResourceUnit--PLANNING_GROUP-arrow"},"wdio_ui5_key":"applicationmanageresources-display-component---newResourceUnit--PLANNING_GROUP-arrow"}]}
RESULT: undefined
COMMAND: POST /session/08ab26b8631a6e4e239c2287b57cf254/element - {"using":"xpath","value":"//*[@id=\"application-manageresources-display-component---newResourceUnit--PLANNING_GROUP-arrow\"]"}
RESULT: {}
RESULT: {"using":"xpath","value":"//*[@id=\"application-manageresources-display-component---newResourceUnit--PLANNING_GROUP-arrow\"]"}
COMMAND: POST /session/08ab26b8631a6e4e239c2287b57cf254/element/f.150F062B3A02957456735AB987B5EB04.d.D82311AC2D75B0E081F64CE22E57C1D7.e.6825/click - {}
RESULT: {}
COMMAND: POST /session/08ab26b8631a6e4e239c2287b57cf254/execute/async - {"script":"<script> [1562 bytes]","args":[{"selector":{"controlType":"sap.m.StandardListItem","viewName":"reusables.view.manageresources.NewResourceUnit","viewId":"application-manageresources-display-component---newResourceUnit","properties":{"title":"Heavy Equi"},"searchOpenDialogs":true,"interaction":{"idSuffix":"content"}},"wdio_ui5_key":"reusablesview.manageresources.NewResourceUnitsap.m.StandardListItem{\"title\":\"Heavy Equi\"}"}]}
COMMAND: GET /session/08ab26b8631a6e4e239c2287b57cf254/screenshot - {}
RESULT: {"script":"<script> [1562 bytes]","args":[{"selector":{"controlType":"sap.m.StandardListItem","viewName":"reusables.view.manageresources.NewResourceUnit","viewId":"application-manageresources-display-component---newResourceUnit","properties":{"title":"Heavy Equi"},"searchOpenDialogs":true,"interaction":{"idSuffix":"content"}},"wdio_ui5_key":"reusablesview.manageresources.NewResourceUnitsap.m.StandardListItem{\"title\":\"Heavy Equi\"}"}]}
RESULT: undefined
COMMAND: POST /session/08ab26b8631a6e4e239c2287b57cf254/element - {"using":"xpath","value":"//*[@id=\"__item263\"]"}
RESULT: {}
RESULT: {"using":"xpath","value":"//*[@id=\"__item263\"]"}
COMMAND: POST /session/08ab26b8631a6e4e239c2287b57cf254/element/f.150F062B3A02957456735AB987B5EB04.d.D82311AC2D75B0E081F64CE22E57C1D7.e.6827/click - {}
RESULT: {}
COMMAND: GET /session/08ab26b8631a6e4e239c2287b57cf254/screenshot - {}
RESULT: {}
COMMAND: POST /session/08ab26b8631a6e4e239c2287b57cf254/execute/async - {"script":"<script> [1562 bytes]","args":[{"selector":{"id":"application-manageresources-display-component---newResourceUnit--PLANNING_INDICATOR-arrow"},"wdio_ui5_key":"applicationmanageresources-display-component---newResourceUnit--PLANNING_INDICATOR-arrow"}]}
RESULT: {"script":"<script> [1562 bytes]","args":[{"selector":{"id":"application-manageresources-display-component---newResourceUnit--PLANNING_INDICATOR-arrow"},"wdio_ui5_key":"applicationmanageresources-display-component---newResourceUnit--PLANNING_INDICATOR-arrow"}]}
RESULT: undefined
COMMAND: POST /session/08ab26b8631a6e4e239c2287b57cf254/element - {"using":"xpath","value":"//*[@id=\"application-manageresources-display-component---newResourceUnit--PLANNING_INDICATOR-arrow\"]"}
RESULT: {"using":"xpath","value":"//*[@id=\"application-manageresources-display-component---newResourceUnit--PLANNING_INDICATOR-arrow\"]"}
COMMAND: POST /session/08ab26b8631a6e4e239c2287b57cf254/element/f.150F062B3A02957456735AB987B5EB04.d.D82311AC2D75B0E081F64CE22E57C1D7.e.6828/click - {}
RESULT: {}
COMMAND: POST /session/08ab26b8631a6e4e239c2287b57cf254/execute/async - {"script":"<script> [1562 bytes]","args":[{"selector":{"controlType":"sap.m.StandardListItem","viewName":"reusables.view.manageresources.NewResourceUnit","viewId":"application-manageresources-display-component---newResourceUnit","properties":{"title":"10 - infinite"},"searchOpenDialogs":true,"interaction":{"idSuffix":"content"}},"wdio_ui5_key":"reusablesview.manageresources.NewResourceUnitsap.m.StandardListItem{\"title\":\"10 - infinite\"}"}]}
COMMAND: GET /session/08ab26b8631a6e4e239c2287b57cf254/screenshot - {}
RESULT: {"script":"<script> [1562 bytes]","args":[{"selector":{"controlType":"sap.m.StandardListItem","viewName":"reusables.view.manageresources.NewResourceUnit","viewId":"application-manageresources-display-component---newResourceUnit","properties":{"title":"10 - infinite"},"searchOpenDialogs":true,"interaction":{"idSuffix":"content"}},"wdio_ui5_key":"reusablesview.manageresources.NewResourceUnitsap.m.StandardListItem{\"title\":\"10 - infinite\"}"}]}
RESULT: undefined
COMMAND: POST /session/08ab26b8631a6e4e239c2287b57cf254/element - {"using":"xpath","value":"//*[@id=\"__item273\"]"}
RESULT: {}
RESULT: {"using":"xpath","value":"//*[@id=\"__item273\"]"}
COMMAND: POST /session/08ab26b8631a6e4e239c2287b57cf254/element/f.150F062B3A02957456735AB987B5EB04.d.D82311AC2D75B0E081F64CE22E57C1D7.e.6830/click - {}
RESULT: {}
COMMAND: GET /session/08ab26b8631a6e4e239c2287b57cf254/screenshot - {}
RESULT: {}
COMMAND: POST /session/08ab26b8631a6e4e239c2287b57cf254/element - {"using":"xpath","value":"//bdi[contains(text(), \"Time Segment\")]"}
RESULT: {"using":"xpath","value":"//bdi[contains(text(), \"Time Segment\")]"}
COMMAND: GET /session/08ab26b8631a6e4e239c2287b57cf254/element/f.150F062B3A02957456735AB987B5EB04.d.D82311AC2D75B0E081F64CE22E57C1D7.e.6831/rect - {}
RESULT: {}
COMMAND: GET /session/08ab26b8631a6e4e239c2287b57cf254/window/rect - {}
RESULT: {}
COMMAND: POST /session/08ab26b8631a6e4e239c2287b57cf254/execute/sync - {"script":"<script> [92 bytes]","args":[]}
RESULT: {"script":"<script> [92 bytes]","args":[]}
COMMAND: POST /session/08ab26b8631a6e4e239c2287b57cf254/actions - {"actions":[{"id":"action19","type":"wheel","parameters":{},"actions":[{"type":"scroll","x":-1804,"y":-21,"deltaX":0,"deltaY":0,"duration":0,"origin":{"element-6066-11e4-a52e-4f735466cecf":"f.150F062B3A02957456735AB987B5EB04.d.D82311AC2D75B0E081F64CE22E57C1D7.e.6831"}}]}]}
COMMAND: GET /session/08ab26b8631a6e4e239c2287b57cf254/screenshot - {}
RESULT: {}
COMMAND: POST /session/08ab26b8631a6e4e239c2287b57cf254/execute/sync - {"script":"<script> [79 bytes]","args":[{"element-6066-11e4-a52e-4f735466cecf":"f.150F062B3A02957456735AB987B5EB04.d.D82311AC2D75B0E081F64CE22E57C1D7.e.6831","ELEMENT":"f.150F062B3A02957456735AB987B5EB04.d.D82311AC2D75B0E081F64CE22E57C1D7.e.6831"},{"block":"start","inline":"nearest"}]}
RESULT: {"script":"<script> [79 bytes]","args":[{"element-6066-11e4-a52e-4f735466cecf":"f.150F062B3A02957456735AB987B5EB04.d.D82311AC2D75B0E081F64CE22E57C1D7.e.6831","ELEMENT":"f.150F062B3A02957456735AB987B5EB04.d.D82311AC2D75B0E081F64CE22E57C1D7.e.6831"},{"block":"start","inline":"nearest"}]}
COMMAND: GET /session/08ab26b8631a6e4e239c2287b57cf254/screenshot - {}
RESULT: {}
COMMAND: POST /session/08ab26b8631a6e4e239c2287b57cf254/element - {"using":"xpath","value":"//span[@id=\"application-manageresources-display-component---newResourceUnit--btnAddTimeSegment-img\"]"}
RESULT: {"using":"xpath","value":"//span[@id=\"application-manageresources-display-component---newResourceUnit--btnAddTimeSegment-img\"]"}
COMMAND: POST /session/08ab26b8631a6e4e239c2287b57cf254/execute/sync - {"script":"<script> [8489 bytes]","args":[{"element-6066-11e4-a52e-4f735466cecf":"f.150F062B3A02957456735AB987B5EB04.d.D82311AC2D75B0E081F64CE22E57C1D7.e.6834","ELEMENT":"f.150F062B3A02957456735AB987B5EB04.d.D82311AC2D75B0E081F64CE22E57C1D7.e.6834"}]}
RESULT: {"script":"<script> [8489 bytes]","args":[{"element-6066-11e4-a52e-4f735466cecf":"f.150F062B3A02957456735AB987B5EB04.d.D82311AC2D75B0E081F64CE22E57C1D7.e.6834","ELEMENT":"f.150F062B3A02957456735AB987B5EB04.d.D82311AC2D75B0E081F64CE22E57C1D7.e.6834"}]}
COMMAND: POST /session/08ab26b8631a6e4e239c2287b57cf254/element/f.150F062B3A02957456735AB987B5EB04.d.D82311AC2D75B0E081F64CE22E57C1D7.e.6834/click - {}
COMMAND: GET /session/08ab26b8631a6e4e239c2287b57cf254/screenshot - {}
RESULT: {}
COMMAND: GET /session/08ab26b8631a6e4e239c2287b57cf254/screenshot - {}
RESULT: {}
RESULT: {}
COMMAND: POST /session/08ab26b8631a6e4e239c2287b57cf254/element - {"using":"xpath","value":"//input[@id=\"application-manageresources-display-component---newResourceUnit--idRuTSAdmin-application-manageresources-display-component---newResourceUnit--RUTimeSegment-0-inner\"]"}
RESULT: {"using":"xpath","value":"//input[@id=\"application-manageresources-display-component---newResourceUnit--idRuTSAdmin-application-manageresources-display-component---newResourceUnit--RUTimeSegment-0-inner\"]"}
COMMAND: POST /session/08ab26b8631a6e4e239c2287b57cf254/element/f.150F062B3A02957456735AB987B5EB04.d.D82311AC2D75B0E081F64CE22E57C1D7.e.6837/clear - {}
RESULT: {}
COMMAND: POST /session/08ab26b8631a6e4e239c2287b57cf254/element/f.150F062B3A02957456735AB987B5EB04.d.D82311AC2D75B0E081F64CE22E57C1D7.e.6837/value - {"text":"501"}
COMMAND: GET /session/08ab26b8631a6e4e239c2287b57cf254/screenshot - {}
RESULT: {"text":"501"}
COMMAND: GET /session/08ab26b8631a6e4e239c2287b57cf254/screenshot - {}
RESULT: {}
RESULT: {}
COMMAND: POST /session/08ab26b8631a6e4e239c2287b57cf254/actions - {"actions":[{"id":"action20","type":"key","parameters":{},"actions":[{"type":"keyDown","value":"î€‡"},{"type":"pause","duration":10},{"type":"keyUp","value":"î€‡"}]}]}
RESULT: {"actions":[{"id":"action20","type":"key","parameters":{},"actions":[{"type":"keyDown","value":"î€‡"},{"type":"pause","duration":10},{"type":"keyUp","value":"î€‡"}]}]}
COMMAND: POST /session/08ab26b8631a6e4e239c2287b57cf254/execute/async - {"script":"<script> [1562 bytes]","args":[{"selector":{"controlType":"sap.m.Button","viewName":"reusables.view.manageresources.NewResourceUnit","viewId":"application-manageresources-display-component---newResourceUnit","i18NText":{"propertyName":"tooltip","key":"save"},"interaction":{"idSuffix":"BDI-content"}},"wdio_ui5_key":"reusablesview.manageresources.NewResourceUnitsap.m.Button{\"propertyName\":\"tooltip\",\"key\":\"save\"}"}]}
COMMAND: GET /session/08ab26b8631a6e4e239c2287b57cf254/screenshot - {}
RESULT: {"script":"<script> [1562 bytes]","args":[{"selector":{"controlType":"sap.m.Button","viewName":"reusables.view.manageresources.NewResourceUnit","viewId":"application-manageresources-display-component---newResourceUnit","i18NText":{"propertyName":"tooltip","key":"save"},"interaction":{"idSuffix":"BDI-content"}},"wdio_ui5_key":"reusablesview.manageresources.NewResourceUnitsap.m.Button{\"propertyName\":\"tooltip\",\"key\":\"save\"}"}]}
RESULT: undefined
COMMAND: POST /session/08ab26b8631a6e4e239c2287b57cf254/element - {"using":"xpath","value":"//*[@id=\"application-manageresources-display-component---newResourceUnit--createRuButton\"]"}
RESULT: {}
RESULT: {"using":"xpath","value":"//*[@id=\"application-manageresources-display-component---newResourceUnit--createRuButton\"]"}
COMMAND: POST /session/08ab26b8631a6e4e239c2287b57cf254/element/f.150F062B3A02957456735AB987B5EB04.d.D82311AC2D75B0E081F64CE22E57C1D7.e.6760/click - {}
RESULT: {}
COMMAND: GET /session/08ab26b8631a6e4e239c2287b57cf254/screenshot - {}
RESULT: {}
COMMAND: POST /session/08ab26b8631a6e4e239c2287b57cf254/execute/async - {"script":"<script> [1562 bytes]","args":[{"selector":{"controlType":"sap.m.Title","properties":{"text":"Success"},"searchOpenDialogs":true},"wdio_ui5_key":"sapm.Title{\"text\":\"Success\"}"}]}
RESULT: {"script":"<script> [1562 bytes]","args":[{"selector":{"controlType":"sap.m.Title","properties":{"text":"Success"},"searchOpenDialogs":true},"wdio_ui5_key":"sapm.Title{\"text\":\"Success\"}"}]}
RESULT: undefined
COMMAND: POST /session/08ab26b8631a6e4e239c2287b57cf254/execute/async - {"script":"<script> [6424 bytes]","args":[{"element-6066-11e4-a52e-4f735466cecf":"f.150F062B3A02957456735AB987B5EB04.d.D82311AC2D75B0E081F64CE22E57C1D7.e.6853"},"getText",[]]}
RESULT: {"script":"<script> [6424 bytes]","args":[{"element-6066-11e4-a52e-4f735466cecf":"f.150F062B3A02957456735AB987B5EB04.d.D82311AC2D75B0E081F64CE22E57C1D7.e.6853"},"getText",[]]}
COMMAND: POST /session/08ab26b8631a6e4e239c2287b57cf254/element - {"using":"xpath","value":"//*[contains(@id, '__text') and (contains(text(), 'successfully created') or contains(., 'successfully created'))]"}
RESULT: {"using":"xpath","value":"//*[contains(@id, '__text') and (contains(text(), 'successfully created') or contains(., 'successfully created'))]"}
COMMAND: GET /session/08ab26b8631a6e4e239c2287b57cf254/element/f.150F062B3A02957456735AB987B5EB04.d.D82311AC2D75B0E081F64CE22E57C1D7.e.6851/text - {}
RESULT: {}
COMMAND: POST /session/08ab26b8631a6e4e239c2287b57cf254/execute/async - {"script":"<script> [1562 bytes]","args":[{"selector":{"controlType":"sap.m.Button","properties":{"text":"Close"},"searchOpenDialogs":true,"interaction":{"idSuffix":"BDI-content"}},"wdio_ui5_key":"sapm.Button{\"text\":\"Close\"}"}]}
RESULT: {"script":"<script> [1562 bytes]","args":[{"selector":{"controlType":"sap.m.Button","properties":{"text":"Close"},"searchOpenDialogs":true,"interaction":{"idSuffix":"BDI-content"}},"wdio_ui5_key":"sapm.Button{\"text\":\"Close\"}"}]}
RESULT: undefined
COMMAND: POST /session/08ab26b8631a6e4e239c2287b57cf254/element - {"using":"xpath","value":"//*[@id=\"__mbox-btn-0\"]"}
RESULT: {"using":"xpath","value":"//*[@id=\"__mbox-btn-0\"]"}
COMMAND: POST /session/08ab26b8631a6e4e239c2287b57cf254/element/f.150F062B3A02957456735AB987B5EB04.d.D82311AC2D75B0E081F64CE22E57C1D7.e.6849/click - {}
RESULT: {}
COMMAND: GET /session/08ab26b8631a6e4e239c2287b57cf254/screenshot - {}
RESULT: {}
COMMAND: POST /session/08ab26b8631a6e4e239c2287b57cf254/execute/async - {"script":"<script> [1562 bytes]","args":[{"selector":{"controlType":"sap.ui.core.Icon","viewName":"etm.portal.ui.manageresources.view.Detail","viewId":"application-manageresources-display-component---detailRU","properties":{"src":{"regex":{"source":"overflow"}}}},"wdio_ui5_key":"etmportal.ui.manageresources.view.Detailsap.ui.core.Icon{\"src\":{\"regex\":{\"source\":\"overflow\"}}}"}]}
RESULT: {"script":"<script> [1562 bytes]","args":[{"selector":{"controlType":"sap.ui.core.Icon","viewName":"etm.portal.ui.manageresources.view.Detail","viewId":"application-manageresources-display-component---detailRU","properties":{"src":{"regex":{"source":"overflow"}}}},"wdio_ui5_key":"etmportal.ui.manageresources.view.Detailsap.ui.core.Icon{\"src\":{\"regex\":{\"source\":\"overflow\"}}}"}]}
RESULT: undefined
COMMAND: POST /session/08ab26b8631a6e4e239c2287b57cf254/element - {"using":"xpath","value":"//*[@id=\"__title15-_actionsToolbar-overflowButton-img\"]"}
RESULT: {"using":"xpath","value":"//*[@id=\"__title15-_actionsToolbar-overflowButton-img\"]"}
COMMAND: POST /session/08ab26b8631a6e4e239c2287b57cf254/element/f.150F062B3A02957456735AB987B5EB04.d.D82311AC2D75B0E081F64CE22E57C1D7.e.6882/click - {}
RESULT: {}
COMMAND: POST /session/08ab26b8631a6e4e239c2287b57cf254/execute/async - {"script":"<script> [1562 bytes]","args":[{"selector":{"controlType":"sap.m.Button","viewName":"etm.portal.ui.manageresources.view.Detail","viewId":"application-manageresources-display-component---detailRU","i18NText":{"propertyName":"tooltip","key":"closeColumn"},"searchOpenDialogs":true,"interaction":{"idSuffix":"inner"}},"wdio_ui5_key":"etmportal.ui.manageresources.view.Detailsap.m.Button{\"propertyName\":\"tooltip\",\"key\":\"closeColumn\"}"}]}
COMMAND: GET /session/08ab26b8631a6e4e239c2287b57cf254/screenshot - {}
RESULT: {"script":"<script> [1562 bytes]","args":[{"selector":{"controlType":"sap.m.Button","viewName":"etm.portal.ui.manageresources.view.Detail","viewId":"application-manageresources-display-component---detailRU","i18NText":{"propertyName":"tooltip","key":"closeColumn"},"searchOpenDialogs":true,"interaction":{"idSuffix":"inner"}},"wdio_ui5_key":"etmportal.ui.manageresources.view.Detailsap.m.Button{\"propertyName\":\"tooltip\",\"key\":\"closeColumn\"}"}]}
RESULT: undefined
COMMAND: POST /session/08ab26b8631a6e4e239c2287b57cf254/element - {"using":"xpath","value":"//*[@id=\"__button41\"]"}
RESULT: {}
RESULT: {"using":"xpath","value":"//*[@id=\"__button41\"]"}
COMMAND: POST /session/08ab26b8631a6e4e239c2287b57cf254/element/f.150F062B3A02957456735AB987B5EB04.d.D82311AC2D75B0E081F64CE22E57C1D7.e.6884/click - {}
RESULT: {}
COMMAND: GET /session/08ab26b8631a6e4e239c2287b57cf254/screenshot - {}
COMMAND: POST /session/08ab26b8631a6e4e239c2287b57cf254/element - {"using":"css selector","value":"#j_username"}
COMMAND: POST /session/08ab26b8631a6e4e239c2287b57cf254/url - {"url":"https://qa-testing-00-live-etm-ui.cfapps.eu10-004.hana.ondemand.com/"}
RESULT: {}
RESULT: {"using":"css selector","value":"#j_username"}
COMMAND: POST /session/08ab26b8631a6e4e239c2287b57cf254/element - {"using":"css selector","value":"#j_username"}
RESULT: {"url":"https://qa-testing-00-live-etm-ui.cfapps.eu10-004.hana.ondemand.com/"}
RESULT: undefined
COMMAND: GET /session/08ab26b8631a6e4e239c2287b57cf254/screenshot - {}
RESULT: {"using":"css selector","value":"#j_username"}
COMMAND: POST /session/08ab26b8631a6e4e239c2287b57cf254/element - {"using":"css selector","value":"#shell-header-logo"}
RESULT: {}
RESULT: {"using":"css selector","value":"#shell-header-logo"}
COMMAND: POST /session/08ab26b8631a6e4e239c2287b57cf254/execute/sync - {"script":"<script> [8489 bytes]","args":[{"element-6066-11e4-a52e-4f735466cecf":"f.150F062B3A02957456735AB987B5EB04.d.33BB8AFCD2EC95BC7BF05015CF590F68.e.6920","ELEMENT":"f.150F062B3A02957456735AB987B5EB04.d.33BB8AFCD2EC95BC7BF05015CF590F68.e.6920"}]}
RESULT: {"script":"<script> [8489 bytes]","args":[{"element-6066-11e4-a52e-4f735466cecf":"f.150F062B3A02957456735AB987B5EB04.d.33BB8AFCD2EC95BC7BF05015CF590F68.e.6920","ELEMENT":"f.150F062B3A02957456735AB987B5EB04.d.33BB8AFCD2EC95BC7BF05015CF590F68.e.6920"}]}
COMMAND: POST /session/08ab26b8631a6e4e239c2287b57cf254/element - {"using":"css selector","value":"#shell-header-logo"}
COMMAND: GET /session/08ab26b8631a6e4e239c2287b57cf254/screenshot - {}
RESULT: {"using":"css selector","value":"#shell-header-logo"}
COMMAND: POST /session/08ab26b8631a6e4e239c2287b57cf254/execute/sync - {"script":"<script> [8489 bytes]","args":[{"element-6066-11e4-a52e-4f735466cecf":"f.150F062B3A02957456735AB987B5EB04.d.33BB8AFCD2EC95BC7BF05015CF590F68.e.6920","ELEMENT":"f.150F062B3A02957456735AB987B5EB04.d.33BB8AFCD2EC95BC7BF05015CF590F68.e.6920"}]}
RESULT: {}
RESULT: {"script":"<script> [8489 bytes]","args":[{"element-6066-11e4-a52e-4f735466cecf":"f.150F062B3A02957456735AB987B5EB04.d.33BB8AFCD2EC95BC7BF05015CF590F68.e.6920","ELEMENT":"f.150F062B3A02957456735AB987B5EB04.d.33BB8AFCD2EC95BC7BF05015CF590F68.e.6920"}]}
COMMAND: POST /session/08ab26b8631a6e4e239c2287b57cf254/execute/sync - {"script":"<script> [5351 bytes]","args":[{"element-6066-11e4-a52e-4f735466cecf":"f.150F062B3A02957456735AB987B5EB04.d.33BB8AFCD2EC95BC7BF05015CF590F68.e.6920","ELEMENT":"f.150F062B3A02957456735AB987B5EB04.d.33BB8AFCD2EC95BC7BF05015CF590F68.e.6920"}]}
COMMAND: GET /session/08ab26b8631a6e4e239c2287b57cf254/screenshot - {}
RESULT: {"script":"<script> [5351 bytes]","args":[{"element-6066-11e4-a52e-4f735466cecf":"f.150F062B3A02957456735AB987B5EB04.d.33BB8AFCD2EC95BC7BF05015CF590F68.e.6920","ELEMENT":"f.150F062B3A02957456735AB987B5EB04.d.33BB8AFCD2EC95BC7BF05015CF590F68.e.6920"}]}
COMMAND: POST /session/08ab26b8631a6e4e239c2287b57cf254/element - {"using":"css selector","value":"#shell-header-logo"}
COMMAND: GET /session/08ab26b8631a6e4e239c2287b57cf254/screenshot - {}
RESULT: {}
RESULT: {"using":"css selector","value":"#shell-header-logo"}
COMMAND: POST /session/08ab26b8631a6e4e239c2287b57cf254/element/f.150F062B3A02957456735AB987B5EB04.d.33BB8AFCD2EC95BC7BF05015CF590F68.e.6920/click - {}
RESULT: {}
RESULT: {}
COMMAND: GET /session/08ab26b8631a6e4e239c2287b57cf254/screenshot - {}
RESULT: {}
COMMAND: POST /session/08ab26b8631a6e4e239c2287b57cf254/execute/async - {"script":"<script> [189 bytes]","args":[]}
RESULT: {"script":"<script> [189 bytes]","args":[]}
COMMAND: POST /session/08ab26b8631a6e4e239c2287b57cf254/execute/async - {"script":"<script> [123 bytes]","args":[]}
RESULT: {"script":"<script> [123 bytes]","args":[]}
COMMAND: POST /session/08ab26b8631a6e4e239c2287b57cf254/timeouts - {"script":"<number>"}
RESULT: {"script":"<number>"}
COMMAND: GET /session/08ab26b8631a6e4e239c2287b57cf254/timeouts - {}
RESULT: {}
RESULT: undefined
COMMAND: POST /session/08ab26b8631a6e4e239c2287b57cf254/execute/async - {"script":"<script> [2676 bytes]","args":[]}
RESULT: {"script":"<script> [2676 bytes]","args":[]}
COMMAND: POST /session/08ab26b8631a6e4e239c2287b57cf254/execute/async - {"script":"<script> [2342 bytes]","args":[{"protocol":"http","hostname":"0.0.0.0","path":"/","capabilities":{"browserName":"chrome","goog:chromeOptions":{"binary":"C:\\Program Files\\Google\\Chrome\\Application\\chrome.exe","args":["--start-maximized"]}},"logLevel":"warn","connectionRetryTimeout":120000,"connectionRetryCount":3,"logLevels":{},"enableDirectConnect":true,"strictSSL":true,"_":"65 more keys: [\"cacheDir\",\"port\",\"requestedCapabilities\",\"automationProtocol\",\"baseUrl\",\"waitforInterval\",\"waitforTimeout\",\"onReload\",\"beforeCommand\",\"afterCommand\",\"rootDir\",\"specs\",\"suites\",\"exclude\",\"groupLogsByTestSpec\",\"excludeDriverLogs\",\"bail\",\"framework\",\"reporters\",\"services\",\"maxInstances\",\"maxInstancesPerCapability\",\"injectGlobals\",\"filesToWatch\",\"execArgv\",\"runnerEnv\",\"runner\",\"shard\",\"specFileRetries\",\"specFileRetriesDelay\",\"specFileRetriesDeferred\",\"reporterSyncInterval\",\"reporterSyncTimeout\",\"cucumberFeaturesWithLineNumbers\",\"autoCompileOpts\",\"mochaOpts\",\"jasmineOpts\",\"cucumberOpts\",\"onPrepare\",\"onWorkerStart\",\"onWorkerEnd\",\"before\",\"beforeSession\",\"beforeSuite\",\"beforeHook\",\"beforeTest\",\"afterTest\",\"afterHook\",\"afterSuite\",\"afterSession\",\"after\",\"onComplete\",\"beforeAssertion\",\"afterAssertion\",\"beforeFeature\",\"beforeScenario\",\"beforeStep\",\"afterStep\",\"afterScenario\",\"afterFeature\",\"_\",\"suite\",\"$0\",\"ignoredWorkerServices\",\"wdi5\"]"}]}
RESULT: {"script":"<script> [2342 bytes]","args":[{"protocol":"http","hostname":"0.0.0.0","path":"/","capabilities":{"browserName":"chrome","goog:chromeOptions":{"binary":"C:\\Program Files\\Google\\Chrome\\Application\\chrome.exe","args":["--start-maximized"]}},"logLevel":"warn","connectionRetryTimeout":120000,"connectionRetryCount":3,"logLevels":{},"enableDirectConnect":true,"strictSSL":true,"_":"65 more keys: [\"cacheDir\",\"port\",\"requestedCapabilities\",\"automationProtocol\",\"baseUrl\",\"waitforInterval\",\"waitforTimeout\",\"onReload\",\"beforeCommand\",\"afterCommand\",\"rootDir\",\"specs\",\"suites\",\"exclude\",\"groupLogsByTestSpec\",\"excludeDriverLogs\",\"bail\",\"framework\",\"reporters\",\"services\",\"maxInstances\",\"maxInstancesPerCapability\",\"injectGlobals\",\"filesToWatch\",\"execArgv\",\"runnerEnv\",\"runner\",\"shard\",\"specFileRetries\",\"specFileRetriesDelay\",\"specFileRetriesDeferred\",\"reporterSyncInterval\",\"reporterSyncTimeout\",\"cucumberFeaturesWithLineNumbers\",\"autoCompileOpts\",\"mochaOpts\",\"jasmineOpts\",\"cucumberOpts\",\"onPrepare\",\"onWorkerStart\",\"onWorkerEnd\",\"before\",\"beforeSession\",\"beforeSuite\",\"beforeHook\",\"beforeTest\",\"afterTest\",\"afterHook\",\"afterSuite\",\"afterSession\",\"after\",\"onComplete\",\"beforeAssertion\",\"afterAssertion\",\"beforeFeature\",\"beforeScenario\",\"beforeStep\",\"afterStep\",\"afterScenario\",\"afterFeature\",\"_\",\"suite\",\"$0\",\"ignoredWorkerServices\",\"wdi5\"]"}]}
COMMAND: POST /session/08ab26b8631a6e4e239c2287b57cf254/execute/async - {"script":"<script> [21126 bytes]","args":[35000]}
RESULT: {"script":"<script> [21126 bytes]","args":[35000]}
COMMAND: POST /session/08ab26b8631a6e4e239c2287b57cf254/window/maximize - {}
RESULT: {}
COMMAND: POST /session/08ab26b8631a6e4e239c2287b57cf254/execute/async - {"script":"<script> [1562 bytes]","args":[{"selector":{"id":"shell-header","interaction":{"idSuffix":"icon"}},"wdio_ui5_key":"shellheader"}]}
COMMAND: GET /session/08ab26b8631a6e4e239c2287b57cf254/screenshot - {}
RESULT: {"script":"<script> [1562 bytes]","args":[{"selector":{"id":"shell-header","interaction":{"idSuffix":"icon"}},"wdio_ui5_key":"shellheader"}]}
RESULT: undefined
]]></system-out>
    </testcase>
  </testsuite>
  <testsuite timestamp="2025-05-02T15:41:57" time="308.879" tests="1" failures="0" errors="0" skipped="0">
    <properties>
      <property name="specId" value="0" />
      <property name="suiteName" value="create-equipment" />
      <property name="capabilities" value="chrome.135_0_7049_96.windows" />
      <property name="file" value="file:///D:/a/1/s/test/specs/R2C/create-equipment.spec.js" />
    </properties>
    <testcase classname="chrome.135_0_7049_96.windows.create-equipment" name="create equipment" time="290.093">
      <system-out><![CDATA[
COMMAND: POST /session/08ab26b8631a6e4e239c2287b57cf254/execute/async - {"script":"<script> [1562 bytes]","args":[{"selector":{"controlType":"sap.m.GenericTile","properties":{"header":"Manage Resources"}},"wdio_ui5_key":"sapm.GenericTile{\"header\":\"Manage Resources\"}"}]}
RESULT: {}
RESULT: {"script":"<script> [1562 bytes]","args":[{"selector":{"controlType":"sap.m.GenericTile","properties":{"header":"Manage Resources"}},"wdio_ui5_key":"sapm.GenericTile{\"header\":\"Manage Resources\"}"}]}
RESULT: undefined
COMMAND: POST /session/08ab26b8631a6e4e239c2287b57cf254/element - {"using":"xpath","value":"//*[@id=\"__tile31\"]"}
RESULT: {"using":"xpath","value":"//*[@id=\"__tile31\"]"}
COMMAND: POST /session/08ab26b8631a6e4e239c2287b57cf254/element/f.150F062B3A02957456735AB987B5EB04.d.33BB8AFCD2EC95BC7BF05015CF590F68.e.6944/click - {}
RESULT: {}
COMMAND: GET /session/08ab26b8631a6e4e239c2287b57cf254/screenshot - {}
RESULT: {}
COMMAND: POST /session/08ab26b8631a6e4e239c2287b57cf254/element - {"using":"xpath","value":"//button[@data-kt=\"addNewRUOverflowToolbarButton\"]"}
RESULT: {"using":"xpath","value":"//button[@data-kt=\"addNewRUOverflowToolbarButton\"]"}
COMMAND: POST /session/08ab26b8631a6e4e239c2287b57cf254/element - {"using":"xpath","value":"//button[@data-kt=\"addNewRUOverflowToolbarButton\"]"}
RESULT: {"using":"xpath","value":"//button[@data-kt=\"addNewRUOverflowToolbarButton\"]"}
COMMAND: POST /session/08ab26b8631a6e4e239c2287b57cf254/element - {"using":"xpath","value":"//button[@data-kt=\"addNewRUOverflowToolbarButton\"]"}
COMMAND: POST /session/08ab26b8631a6e4e239c2287b57cf254/execute/async - {"script":"<script> [1562 bytes]","args":[{"selector":{"controlType":"sap.ui.core.Icon","viewName":"etm.portal.ui.manageresources.view.Master","viewId":"application-manageresources-display-component---masterRU","properties":{"src":{"regex":{"source":"add"}}}},"wdio_ui5_key":"etmportal.ui.manageresources.view.Mastersap.ui.core.Icon{\"src\":{\"regex\":{\"source\":\"add\"}}}"}]}
RESULT: {"using":"xpath","value":"//button[@data-kt=\"addNewRUOverflowToolbarButton\"]"}
COMMAND: POST /session/08ab26b8631a6e4e239c2287b57cf254/execute/sync - {"script":"<script> [8489 bytes]","args":[{"element-6066-11e4-a52e-4f735466cecf":"f.150F062B3A02957456735AB987B5EB04.d.33BB8AFCD2EC95BC7BF05015CF590F68.e.7068","ELEMENT":"f.150F062B3A02957456735AB987B5EB04.d.33BB8AFCD2EC95BC7BF05015CF590F68.e.7068"}]}
RESULT: {"script":"<script> [1562 bytes]","args":[{"selector":{"controlType":"sap.ui.core.Icon","viewName":"etm.portal.ui.manageresources.view.Master","viewId":"application-manageresources-display-component---masterRU","properties":{"src":{"regex":{"source":"add"}}}},"wdio_ui5_key":"etmportal.ui.manageresources.view.Mastersap.ui.core.Icon{\"src\":{\"regex\":{\"source\":\"add\"}}}"}]}
RESULT: undefined
COMMAND: POST /session/08ab26b8631a6e4e239c2287b57cf254/element - {"using":"xpath","value":"//*[@id=\"__button5-img\"]"}
RESULT: {"script":"<script> [8489 bytes]","args":[{"element-6066-11e4-a52e-4f735466cecf":"f.150F062B3A02957456735AB987B5EB04.d.33BB8AFCD2EC95BC7BF05015CF590F68.e.7068","ELEMENT":"f.150F062B3A02957456735AB987B5EB04.d.33BB8AFCD2EC95BC7BF05015CF590F68.e.7068"}]}
COMMAND: GET /session/08ab26b8631a6e4e239c2287b57cf254/screenshot - {}
RESULT: {"using":"xpath","value":"//*[@id=\"__button5-img\"]"}
COMMAND: POST /session/08ab26b8631a6e4e239c2287b57cf254/element/f.150F062B3A02957456735AB987B5EB04.d.33BB8AFCD2EC95BC7BF05015CF590F68.e.7081/click - {}
RESULT: {}
RESULT: {}
COMMAND: GET /session/08ab26b8631a6e4e239c2287b57cf254/screenshot - {}
RESULT: {}
COMMAND: POST /session/08ab26b8631a6e4e239c2287b57cf254/execute/async - {"script":"<script> [1562 bytes]","args":[{"selector":{"controlType":"sap.m.ComboBox","viewName":"reusables.view.manageresources.NewResourceUnit","viewId":"application-manageresources-display-component---newResourceUnit","bindingPath":{"path":"","propertyPath":"/RuTypes","modelName":"catalogModel"},"searchOpenDialogs":true},"wdio_ui5_key":"reusablesview.manageresources.NewResourceUnitsap.m.ComboBox{\"path\":\"\",\"propertyPath\":\"/RuTypes\",\"modelName\":\"catalogModel\"}"}]}
RESULT: {"script":"<script> [1562 bytes]","args":[{"selector":{"controlType":"sap.m.ComboBox","viewName":"reusables.view.manageresources.NewResourceUnit","viewId":"application-manageresources-display-component---newResourceUnit","bindingPath":{"path":"","propertyPath":"/RuTypes","modelName":"catalogModel"},"searchOpenDialogs":true},"wdio_ui5_key":"reusablesview.manageresources.NewResourceUnitsap.m.ComboBox{\"path\":\"\",\"propertyPath\":\"/RuTypes\",\"modelName\":\"catalogModel\"}"}]}
RESULT: undefined
COMMAND: POST /session/08ab26b8631a6e4e239c2287b57cf254/execute/async - {"script":"<script> [1562 bytes]","args":[{"selector":{"controlType":"sap.m.ComboBox","viewName":"reusables.view.manageresources.NewResourceUnit","viewId":"application-manageresources-display-component---newResourceUnit","bindingPath":{"path":"","propertyPath":"/Yards","modelName":"catalogModel"},"searchOpenDialogs":true},"wdio_ui5_key":"reusablesview.manageresources.NewResourceUnitsap.m.ComboBox{\"path\":\"\",\"propertyPath\":\"/Yards\",\"modelName\":\"catalogModel\"}"}]}
RESULT: {"script":"<script> [1562 bytes]","args":[{"selector":{"controlType":"sap.m.ComboBox","viewName":"reusables.view.manageresources.NewResourceUnit","viewId":"application-manageresources-display-component---newResourceUnit","bindingPath":{"path":"","propertyPath":"/Yards","modelName":"catalogModel"},"searchOpenDialogs":true},"wdio_ui5_key":"reusablesview.manageresources.NewResourceUnitsap.m.ComboBox{\"path\":\"\",\"propertyPath\":\"/Yards\",\"modelName\":\"catalogModel\"}"}]}
RESULT: undefined
COMMAND: POST /session/08ab26b8631a6e4e239c2287b57cf254/execute/async - {"script":"<script> [1562 bytes]","args":[{"selector":{"controlType":"etm.portal.ui.reusables.customControls.LiveSearchComboBox","viewName":"reusables.view.manageresources.NewResourceUnit","viewId":"application-manageresources-display-component---newResourceUnit","bindingPath":{"path":"","propertyPath":"/CatalogItems","modelName":"catalogModel"},"searchOpenDialogs":true},"wdio_ui5_key":"reusablesview.manageresources.NewResourceUnitetm.portal.ui.reusables.customControls.LiveSearchComboBox{\"path\":\"\",\"propertyPath\":\"/CatalogItems\",\"modelName\":\"catalogModel\"}"}]}
RESULT: {"script":"<script> [1562 bytes]","args":[{"selector":{"controlType":"etm.portal.ui.reusables.customControls.LiveSearchComboBox","viewName":"reusables.view.manageresources.NewResourceUnit","viewId":"application-manageresources-display-component---newResourceUnit","bindingPath":{"path":"","propertyPath":"/CatalogItems","modelName":"catalogModel"},"searchOpenDialogs":true},"wdio_ui5_key":"reusablesview.manageresources.NewResourceUnitetm.portal.ui.reusables.customControls.LiveSearchComboBox{\"path\":\"\",\"propertyPath\":\"/CatalogItems\",\"modelName\":\"catalogModel\"}"}]}
RESULT: undefined
COMMAND: POST /session/08ab26b8631a6e4e239c2287b57cf254/element - {"using":"xpath","value":"//bdi[text()=\"OK\"]"}
RESULT: {"using":"xpath","value":"//bdi[text()=\"OK\"]"}
COMMAND: POST /session/08ab26b8631a6e4e239c2287b57cf254/elements - {"using":"xpath","value":"//bdi[text()=\"OK\"]"}
RESULT: {"using":"xpath","value":"//bdi[text()=\"OK\"]"}
COMMAND: POST /session/08ab26b8631a6e4e239c2287b57cf254/elements - {"using":"xpath","value":"//bdi[text()=\"OK\"]"}
RESULT: {"using":"xpath","value":"//bdi[text()=\"OK\"]"}
COMMAND: POST /session/08ab26b8631a6e4e239c2287b57cf254/elements - {"using":"xpath","value":"//bdi[text()=\"OK\"]"}
RESULT: {"using":"xpath","value":"//bdi[text()=\"OK\"]"}
COMMAND: POST /session/08ab26b8631a6e4e239c2287b57cf254/elements - {"using":"xpath","value":"//bdi[text()=\"OK\"]"}
RESULT: {"using":"xpath","value":"//bdi[text()=\"OK\"]"}
COMMAND: POST /session/08ab26b8631a6e4e239c2287b57cf254/elements - {"using":"xpath","value":"//bdi[text()=\"OK\"]"}
RESULT: {"using":"xpath","value":"//bdi[text()=\"OK\"]"}
COMMAND: POST /session/08ab26b8631a6e4e239c2287b57cf254/elements - {"using":"xpath","value":"//bdi[text()=\"OK\"]"}
RESULT: {"using":"xpath","value":"//bdi[text()=\"OK\"]"}
COMMAND: POST /session/08ab26b8631a6e4e239c2287b57cf254/elements - {"using":"xpath","value":"//bdi[text()=\"OK\"]"}
RESULT: {"using":"xpath","value":"//bdi[text()=\"OK\"]"}
COMMAND: POST /session/08ab26b8631a6e4e239c2287b57cf254/elements - {"using":"xpath","value":"//bdi[text()=\"OK\"]"}
RESULT: {"using":"xpath","value":"//bdi[text()=\"OK\"]"}
COMMAND: POST /session/08ab26b8631a6e4e239c2287b57cf254/elements - {"using":"xpath","value":"//bdi[text()=\"OK\"]"}
RESULT: {"using":"xpath","value":"//bdi[text()=\"OK\"]"}
COMMAND: POST /session/08ab26b8631a6e4e239c2287b57cf254/elements - {"using":"xpath","value":"//bdi[text()=\"OK\"]"}
RESULT: {"using":"xpath","value":"//bdi[text()=\"OK\"]"}
COMMAND: POST /session/08ab26b8631a6e4e239c2287b57cf254/elements - {"using":"xpath","value":"//bdi[text()=\"OK\"]"}
RESULT: {"using":"xpath","value":"//bdi[text()=\"OK\"]"}
COMMAND: POST /session/08ab26b8631a6e4e239c2287b57cf254/elements - {"using":"xpath","value":"//bdi[text()=\"OK\"]"}
RESULT: {"using":"xpath","value":"//bdi[text()=\"OK\"]"}
COMMAND: POST /session/08ab26b8631a6e4e239c2287b57cf254/elements - {"using":"xpath","value":"//bdi[text()=\"OK\"]"}
RESULT: {"using":"xpath","value":"//bdi[text()=\"OK\"]"}
COMMAND: POST /session/08ab26b8631a6e4e239c2287b57cf254/elements - {"using":"xpath","value":"//bdi[text()=\"OK\"]"}
RESULT: {"using":"xpath","value":"//bdi[text()=\"OK\"]"}
COMMAND: POST /session/08ab26b8631a6e4e239c2287b57cf254/elements - {"using":"xpath","value":"//bdi[text()=\"OK\"]"}
RESULT: {"using":"xpath","value":"//bdi[text()=\"OK\"]"}
COMMAND: POST /session/08ab26b8631a6e4e239c2287b57cf254/elements - {"using":"xpath","value":"//bdi[text()=\"OK\"]"}
RESULT: {"using":"xpath","value":"//bdi[text()=\"OK\"]"}
COMMAND: POST /session/08ab26b8631a6e4e239c2287b57cf254/elements - {"using":"xpath","value":"//bdi[text()=\"OK\"]"}
RESULT: {"using":"xpath","value":"//bdi[text()=\"OK\"]"}
COMMAND: POST /session/08ab26b8631a6e4e239c2287b57cf254/elements - {"using":"xpath","value":"//bdi[text()=\"OK\"]"}
RESULT: {"using":"xpath","value":"//bdi[text()=\"OK\"]"}
COMMAND: POST /session/08ab26b8631a6e4e239c2287b57cf254/elements - {"using":"xpath","value":"//bdi[text()=\"OK\"]"}
RESULT: {"using":"xpath","value":"//bdi[text()=\"OK\"]"}
COMMAND: POST /session/08ab26b8631a6e4e239c2287b57cf254/elements - {"using":"xpath","value":"//bdi[text()=\"OK\"]"}
RESULT: {"using":"xpath","value":"//bdi[text()=\"OK\"]"}
COMMAND: POST /session/08ab26b8631a6e4e239c2287b57cf254/elements - {"using":"xpath","value":"//bdi[text()=\"OK\"]"}
RESULT: {"using":"xpath","value":"//bdi[text()=\"OK\"]"}
COMMAND: POST /session/08ab26b8631a6e4e239c2287b57cf254/elements - {"using":"xpath","value":"//bdi[text()=\"OK\"]"}
RESULT: {"using":"xpath","value":"//bdi[text()=\"OK\"]"}
COMMAND: POST /session/08ab26b8631a6e4e239c2287b57cf254/elements - {"using":"xpath","value":"//bdi[text()=\"OK\"]"}
RESULT: {"using":"xpath","value":"//bdi[text()=\"OK\"]"}
COMMAND: POST /session/08ab26b8631a6e4e239c2287b57cf254/elements - {"using":"xpath","value":"//bdi[text()=\"OK\"]"}
RESULT: {"using":"xpath","value":"//bdi[text()=\"OK\"]"}
COMMAND: POST /session/08ab26b8631a6e4e239c2287b57cf254/elements - {"using":"xpath","value":"//bdi[text()=\"OK\"]"}
RESULT: {"using":"xpath","value":"//bdi[text()=\"OK\"]"}
COMMAND: POST /session/08ab26b8631a6e4e239c2287b57cf254/elements - {"using":"xpath","value":"//bdi[text()=\"OK\"]"}
RESULT: {"using":"xpath","value":"//bdi[text()=\"OK\"]"}
COMMAND: POST /session/08ab26b8631a6e4e239c2287b57cf254/elements - {"using":"xpath","value":"//bdi[text()=\"OK\"]"}
RESULT: {"using":"xpath","value":"//bdi[text()=\"OK\"]"}
COMMAND: POST /session/08ab26b8631a6e4e239c2287b57cf254/elements - {"using":"xpath","value":"//bdi[text()=\"OK\"]"}
RESULT: {"using":"xpath","value":"//bdi[text()=\"OK\"]"}
COMMAND: POST /session/08ab26b8631a6e4e239c2287b57cf254/elements - {"using":"xpath","value":"//bdi[text()=\"OK\"]"}
RESULT: {"using":"xpath","value":"//bdi[text()=\"OK\"]"}
COMMAND: POST /session/08ab26b8631a6e4e239c2287b57cf254/elements - {"using":"xpath","value":"//bdi[text()=\"OK\"]"}
RESULT: {"using":"xpath","value":"//bdi[text()=\"OK\"]"}
COMMAND: POST /session/08ab26b8631a6e4e239c2287b57cf254/elements - {"using":"xpath","value":"//bdi[text()=\"OK\"]"}
RESULT: {"using":"xpath","value":"//bdi[text()=\"OK\"]"}
COMMAND: POST /session/08ab26b8631a6e4e239c2287b57cf254/elements - {"using":"xpath","value":"//bdi[text()=\"OK\"]"}
RESULT: {"using":"xpath","value":"//bdi[text()=\"OK\"]"}
COMMAND: POST /session/08ab26b8631a6e4e239c2287b57cf254/elements - {"using":"xpath","value":"//bdi[text()=\"OK\"]"}
RESULT: {"using":"xpath","value":"//bdi[text()=\"OK\"]"}
COMMAND: POST /session/08ab26b8631a6e4e239c2287b57cf254/elements - {"using":"xpath","value":"//bdi[text()=\"OK\"]"}
RESULT: {"using":"xpath","value":"//bdi[text()=\"OK\"]"}
COMMAND: POST /session/08ab26b8631a6e4e239c2287b57cf254/elements - {"using":"xpath","value":"//bdi[text()=\"OK\"]"}
RESULT: {"using":"xpath","value":"//bdi[text()=\"OK\"]"}
COMMAND: POST /session/08ab26b8631a6e4e239c2287b57cf254/elements - {"using":"xpath","value":"//bdi[text()=\"OK\"]"}
RESULT: {"using":"xpath","value":"//bdi[text()=\"OK\"]"}
COMMAND: POST /session/08ab26b8631a6e4e239c2287b57cf254/elements - {"using":"xpath","value":"//bdi[text()=\"OK\"]"}
RESULT: {"using":"xpath","value":"//bdi[text()=\"OK\"]"}
COMMAND: POST /session/08ab26b8631a6e4e239c2287b57cf254/elements - {"using":"xpath","value":"//bdi[text()=\"OK\"]"}
RESULT: {"using":"xpath","value":"//bdi[text()=\"OK\"]"}
COMMAND: POST /session/08ab26b8631a6e4e239c2287b57cf254/elements - {"using":"xpath","value":"//bdi[text()=\"OK\"]"}
RESULT: {"using":"xpath","value":"//bdi[text()=\"OK\"]"}
COMMAND: POST /session/08ab26b8631a6e4e239c2287b57cf254/elements - {"using":"xpath","value":"//bdi[text()=\"OK\"]"}
RESULT: {"using":"xpath","value":"//bdi[text()=\"OK\"]"}
COMMAND: POST /session/08ab26b8631a6e4e239c2287b57cf254/elements - {"using":"xpath","value":"//bdi[text()=\"OK\"]"}
RESULT: {"using":"xpath","value":"//bdi[text()=\"OK\"]"}
COMMAND: POST /session/08ab26b8631a6e4e239c2287b57cf254/elements - {"using":"xpath","value":"//bdi[text()=\"OK\"]"}
RESULT: {"using":"xpath","value":"//bdi[text()=\"OK\"]"}
COMMAND: POST /session/08ab26b8631a6e4e239c2287b57cf254/elements - {"using":"xpath","value":"//bdi[text()=\"OK\"]"}
RESULT: {"using":"xpath","value":"//bdi[text()=\"OK\"]"}
COMMAND: POST /session/08ab26b8631a6e4e239c2287b57cf254/elements - {"using":"xpath","value":"//bdi[text()=\"OK\"]"}
RESULT: {"using":"xpath","value":"//bdi[text()=\"OK\"]"}
COMMAND: POST /session/08ab26b8631a6e4e239c2287b57cf254/elements - {"using":"xpath","value":"//bdi[text()=\"OK\"]"}
RESULT: {"using":"xpath","value":"//bdi[text()=\"OK\"]"}
COMMAND: POST /session/08ab26b8631a6e4e239c2287b57cf254/elements - {"using":"xpath","value":"//bdi[text()=\"OK\"]"}
RESULT: {"using":"xpath","value":"//bdi[text()=\"OK\"]"}
COMMAND: POST /session/08ab26b8631a6e4e239c2287b57cf254/elements - {"using":"xpath","value":"//bdi[text()=\"OK\"]"}
RESULT: {"using":"xpath","value":"//bdi[text()=\"OK\"]"}
COMMAND: POST /session/08ab26b8631a6e4e239c2287b57cf254/elements - {"using":"xpath","value":"//bdi[text()=\"OK\"]"}
RESULT: {"using":"xpath","value":"//bdi[text()=\"OK\"]"}
COMMAND: POST /session/08ab26b8631a6e4e239c2287b57cf254/elements - {"using":"xpath","value":"//bdi[text()=\"OK\"]"}
RESULT: {"using":"xpath","value":"//bdi[text()=\"OK\"]"}
COMMAND: POST /session/08ab26b8631a6e4e239c2287b57cf254/elements - {"using":"xpath","value":"//bdi[text()=\"OK\"]"}
RESULT: {"using":"xpath","value":"//bdi[text()=\"OK\"]"}
COMMAND: POST /session/08ab26b8631a6e4e239c2287b57cf254/elements - {"using":"xpath","value":"//bdi[text()=\"OK\"]"}
RESULT: {"using":"xpath","value":"//bdi[text()=\"OK\"]"}
COMMAND: POST /session/08ab26b8631a6e4e239c2287b57cf254/elements - {"using":"xpath","value":"//bdi[text()=\"OK\"]"}
RESULT: {"using":"xpath","value":"//bdi[text()=\"OK\"]"}
COMMAND: POST /session/08ab26b8631a6e4e239c2287b57cf254/elements - {"using":"xpath","value":"//bdi[text()=\"OK\"]"}
RESULT: {"using":"xpath","value":"//bdi[text()=\"OK\"]"}
COMMAND: POST /session/08ab26b8631a6e4e239c2287b57cf254/elements - {"using":"xpath","value":"//bdi[text()=\"OK\"]"}
RESULT: {"using":"xpath","value":"//bdi[text()=\"OK\"]"}
COMMAND: POST /session/08ab26b8631a6e4e239c2287b57cf254/elements - {"using":"xpath","value":"//bdi[text()=\"OK\"]"}
RESULT: {"using":"xpath","value":"//bdi[text()=\"OK\"]"}
COMMAND: POST /session/08ab26b8631a6e4e239c2287b57cf254/elements - {"using":"xpath","value":"//bdi[text()=\"OK\"]"}
RESULT: {"using":"xpath","value":"//bdi[text()=\"OK\"]"}
COMMAND: POST /session/08ab26b8631a6e4e239c2287b57cf254/elements - {"using":"xpath","value":"//bdi[text()=\"OK\"]"}
RESULT: {"using":"xpath","value":"//bdi[text()=\"OK\"]"}
COMMAND: POST /session/08ab26b8631a6e4e239c2287b57cf254/elements - {"using":"xpath","value":"//bdi[text()=\"OK\"]"}
RESULT: {"using":"xpath","value":"//bdi[text()=\"OK\"]"}
COMMAND: POST /session/08ab26b8631a6e4e239c2287b57cf254/elements - {"using":"xpath","value":"//bdi[text()=\"OK\"]"}
RESULT: {"using":"xpath","value":"//bdi[text()=\"OK\"]"}
COMMAND: POST /session/08ab26b8631a6e4e239c2287b57cf254/elements - {"using":"xpath","value":"//bdi[text()=\"OK\"]"}
RESULT: {"using":"xpath","value":"//bdi[text()=\"OK\"]"}
COMMAND: POST /session/08ab26b8631a6e4e239c2287b57cf254/elements - {"using":"xpath","value":"//bdi[text()=\"OK\"]"}
RESULT: {"using":"xpath","value":"//bdi[text()=\"OK\"]"}
COMMAND: POST /session/08ab26b8631a6e4e239c2287b57cf254/elements - {"using":"xpath","value":"//bdi[text()=\"OK\"]"}
RESULT: {"using":"xpath","value":"//bdi[text()=\"OK\"]"}
COMMAND: POST /session/08ab26b8631a6e4e239c2287b57cf254/elements - {"using":"xpath","value":"//bdi[text()=\"OK\"]"}
RESULT: {"using":"xpath","value":"//bdi[text()=\"OK\"]"}
COMMAND: POST /session/08ab26b8631a6e4e239c2287b57cf254/elements - {"using":"xpath","value":"//bdi[text()=\"OK\"]"}
RESULT: {"using":"xpath","value":"//bdi[text()=\"OK\"]"}
COMMAND: POST /session/08ab26b8631a6e4e239c2287b57cf254/elements - {"using":"xpath","value":"//bdi[text()=\"OK\"]"}
RESULT: {"using":"xpath","value":"//bdi[text()=\"OK\"]"}
COMMAND: POST /session/08ab26b8631a6e4e239c2287b57cf254/elements - {"using":"xpath","value":"//bdi[text()=\"OK\"]"}
RESULT: {"using":"xpath","value":"//bdi[text()=\"OK\"]"}
COMMAND: POST /session/08ab26b8631a6e4e239c2287b57cf254/elements - {"using":"xpath","value":"//bdi[text()=\"OK\"]"}
RESULT: {"using":"xpath","value":"//bdi[text()=\"OK\"]"}
COMMAND: POST /session/08ab26b8631a6e4e239c2287b57cf254/elements - {"using":"xpath","value":"//bdi[text()=\"OK\"]"}
RESULT: {"using":"xpath","value":"//bdi[text()=\"OK\"]"}
COMMAND: POST /session/08ab26b8631a6e4e239c2287b57cf254/elements - {"using":"xpath","value":"//bdi[text()=\"OK\"]"}
RESULT: {"using":"xpath","value":"//bdi[text()=\"OK\"]"}
COMMAND: POST /session/08ab26b8631a6e4e239c2287b57cf254/elements - {"using":"xpath","value":"//bdi[text()=\"OK\"]"}
RESULT: {"using":"xpath","value":"//bdi[text()=\"OK\"]"}
COMMAND: POST /session/08ab26b8631a6e4e239c2287b57cf254/elements - {"using":"xpath","value":"//bdi[text()=\"OK\"]"}
RESULT: {"using":"xpath","value":"//bdi[text()=\"OK\"]"}
COMMAND: POST /session/08ab26b8631a6e4e239c2287b57cf254/elements - {"using":"xpath","value":"//bdi[text()=\"OK\"]"}
RESULT: {"using":"xpath","value":"//bdi[text()=\"OK\"]"}
COMMAND: POST /session/08ab26b8631a6e4e239c2287b57cf254/elements - {"using":"xpath","value":"//bdi[text()=\"OK\"]"}
RESULT: {"using":"xpath","value":"//bdi[text()=\"OK\"]"}
COMMAND: POST /session/08ab26b8631a6e4e239c2287b57cf254/elements - {"using":"xpath","value":"//bdi[text()=\"OK\"]"}
RESULT: {"using":"xpath","value":"//bdi[text()=\"OK\"]"}
COMMAND: POST /session/08ab26b8631a6e4e239c2287b57cf254/elements - {"using":"xpath","value":"//bdi[text()=\"OK\"]"}
RESULT: {"using":"xpath","value":"//bdi[text()=\"OK\"]"}
COMMAND: POST /session/08ab26b8631a6e4e239c2287b57cf254/elements - {"using":"xpath","value":"//bdi[text()=\"OK\"]"}
RESULT: {"using":"xpath","value":"//bdi[text()=\"OK\"]"}
COMMAND: POST /session/08ab26b8631a6e4e239c2287b57cf254/elements - {"using":"xpath","value":"//bdi[text()=\"OK\"]"}
RESULT: {"using":"xpath","value":"//bdi[text()=\"OK\"]"}
COMMAND: POST /session/08ab26b8631a6e4e239c2287b57cf254/elements - {"using":"xpath","value":"//bdi[text()=\"OK\"]"}
RESULT: {"using":"xpath","value":"//bdi[text()=\"OK\"]"}
COMMAND: POST /session/08ab26b8631a6e4e239c2287b57cf254/elements - {"using":"xpath","value":"//bdi[text()=\"OK\"]"}
RESULT: {"using":"xpath","value":"//bdi[text()=\"OK\"]"}
COMMAND: POST /session/08ab26b8631a6e4e239c2287b57cf254/elements - {"using":"xpath","value":"//bdi[text()=\"OK\"]"}
RESULT: {"using":"xpath","value":"//bdi[text()=\"OK\"]"}
COMMAND: POST /session/08ab26b8631a6e4e239c2287b57cf254/elements - {"using":"xpath","value":"//bdi[text()=\"OK\"]"}
RESULT: {"using":"xpath","value":"//bdi[text()=\"OK\"]"}
COMMAND: POST /session/08ab26b8631a6e4e239c2287b57cf254/elements - {"using":"xpath","value":"//bdi[text()=\"OK\"]"}
RESULT: {"using":"xpath","value":"//bdi[text()=\"OK\"]"}
COMMAND: POST /session/08ab26b8631a6e4e239c2287b57cf254/elements - {"using":"xpath","value":"//bdi[text()=\"OK\"]"}
RESULT: {"using":"xpath","value":"//bdi[text()=\"OK\"]"}
COMMAND: POST /session/08ab26b8631a6e4e239c2287b57cf254/elements - {"using":"xpath","value":"//bdi[text()=\"OK\"]"}
RESULT: {"using":"xpath","value":"//bdi[text()=\"OK\"]"}
COMMAND: POST /session/08ab26b8631a6e4e239c2287b57cf254/elements - {"using":"xpath","value":"//bdi[text()=\"OK\"]"}
RESULT: {"using":"xpath","value":"//bdi[text()=\"OK\"]"}
COMMAND: POST /session/08ab26b8631a6e4e239c2287b57cf254/elements - {"using":"xpath","value":"//bdi[text()=\"OK\"]"}
RESULT: {"using":"xpath","value":"//bdi[text()=\"OK\"]"}
COMMAND: POST /session/08ab26b8631a6e4e239c2287b57cf254/elements - {"using":"xpath","value":"//bdi[text()=\"OK\"]"}
RESULT: {"using":"xpath","value":"//bdi[text()=\"OK\"]"}
COMMAND: POST /session/08ab26b8631a6e4e239c2287b57cf254/elements - {"using":"xpath","value":"//bdi[text()=\"OK\"]"}
RESULT: {"using":"xpath","value":"//bdi[text()=\"OK\"]"}
COMMAND: POST /session/08ab26b8631a6e4e239c2287b57cf254/elements - {"using":"xpath","value":"//bdi[text()=\"OK\"]"}
RESULT: {"using":"xpath","value":"//bdi[text()=\"OK\"]"}
COMMAND: POST /session/08ab26b8631a6e4e239c2287b57cf254/elements - {"using":"xpath","value":"//bdi[text()=\"OK\"]"}
RESULT: {"using":"xpath","value":"//bdi[text()=\"OK\"]"}
COMMAND: POST /session/08ab26b8631a6e4e239c2287b57cf254/elements - {"using":"xpath","value":"//bdi[text()=\"OK\"]"}
RESULT: {"using":"xpath","value":"//bdi[text()=\"OK\"]"}
COMMAND: POST /session/08ab26b8631a6e4e239c2287b57cf254/elements - {"using":"xpath","value":"//bdi[text()=\"OK\"]"}
RESULT: {"using":"xpath","value":"//bdi[text()=\"OK\"]"}
COMMAND: POST /session/08ab26b8631a6e4e239c2287b57cf254/elements - {"using":"xpath","value":"//bdi[text()=\"OK\"]"}
RESULT: {"using":"xpath","value":"//bdi[text()=\"OK\"]"}
COMMAND: POST /session/08ab26b8631a6e4e239c2287b57cf254/elements - {"using":"xpath","value":"//bdi[text()=\"OK\"]"}
RESULT: {"using":"xpath","value":"//bdi[text()=\"OK\"]"}
COMMAND: POST /session/08ab26b8631a6e4e239c2287b57cf254/elements - {"using":"xpath","value":"//bdi[text()=\"OK\"]"}
RESULT: {"using":"xpath","value":"//bdi[text()=\"OK\"]"}
COMMAND: POST /session/08ab26b8631a6e4e239c2287b57cf254/elements - {"using":"xpath","value":"//bdi[text()=\"OK\"]"}
RESULT: {"using":"xpath","value":"//bdi[text()=\"OK\"]"}
COMMAND: POST /session/08ab26b8631a6e4e239c2287b57cf254/elements - {"using":"xpath","value":"//bdi[text()=\"OK\"]"}
RESULT: {"using":"xpath","value":"//bdi[text()=\"OK\"]"}
COMMAND: POST /session/08ab26b8631a6e4e239c2287b57cf254/elements - {"using":"xpath","value":"//bdi[text()=\"OK\"]"}
RESULT: {"using":"xpath","value":"//bdi[text()=\"OK\"]"}
COMMAND: POST /session/08ab26b8631a6e4e239c2287b57cf254/elements - {"using":"xpath","value":"//bdi[text()=\"OK\"]"}
RESULT: {"using":"xpath","value":"//bdi[text()=\"OK\"]"}
COMMAND: POST /session/08ab26b8631a6e4e239c2287b57cf254/elements - {"using":"xpath","value":"//bdi[text()=\"OK\"]"}
RESULT: {"using":"xpath","value":"//bdi[text()=\"OK\"]"}
COMMAND: POST /session/08ab26b8631a6e4e239c2287b57cf254/elements - {"using":"xpath","value":"//bdi[text()=\"OK\"]"}
RESULT: {"using":"xpath","value":"//bdi[text()=\"OK\"]"}
COMMAND: POST /session/08ab26b8631a6e4e239c2287b57cf254/elements - {"using":"xpath","value":"//bdi[text()=\"OK\"]"}
RESULT: {"using":"xpath","value":"//bdi[text()=\"OK\"]"}
COMMAND: POST /session/08ab26b8631a6e4e239c2287b57cf254/elements - {"using":"xpath","value":"//bdi[text()=\"OK\"]"}
RESULT: {"using":"xpath","value":"//bdi[text()=\"OK\"]"}
COMMAND: POST /session/08ab26b8631a6e4e239c2287b57cf254/elements - {"using":"xpath","value":"//bdi[text()=\"OK\"]"}
RESULT: {"using":"xpath","value":"//bdi[text()=\"OK\"]"}
COMMAND: POST /session/08ab26b8631a6e4e239c2287b57cf254/elements - {"using":"xpath","value":"//bdi[text()=\"OK\"]"}
RESULT: {"using":"xpath","value":"//bdi[text()=\"OK\"]"}
COMMAND: POST /session/08ab26b8631a6e4e239c2287b57cf254/elements - {"using":"xpath","value":"//bdi[text()=\"OK\"]"}
RESULT: {"using":"xpath","value":"//bdi[text()=\"OK\"]"}
COMMAND: POST /session/08ab26b8631a6e4e239c2287b57cf254/elements - {"using":"xpath","value":"//bdi[text()=\"OK\"]"}
RESULT: {"using":"xpath","value":"//bdi[text()=\"OK\"]"}
COMMAND: POST /session/08ab26b8631a6e4e239c2287b57cf254/elements - {"using":"xpath","value":"//bdi[text()=\"OK\"]"}
RESULT: {"using":"xpath","value":"//bdi[text()=\"OK\"]"}
COMMAND: POST /session/08ab26b8631a6e4e239c2287b57cf254/elements - {"using":"xpath","value":"//bdi[text()=\"OK\"]"}
RESULT: {"using":"xpath","value":"//bdi[text()=\"OK\"]"}
COMMAND: POST /session/08ab26b8631a6e4e239c2287b57cf254/elements - {"using":"xpath","value":"//bdi[text()=\"OK\"]"}
RESULT: {"using":"xpath","value":"//bdi[text()=\"OK\"]"}
COMMAND: POST /session/08ab26b8631a6e4e239c2287b57cf254/elements - {"using":"xpath","value":"//bdi[text()=\"OK\"]"}
RESULT: {"using":"xpath","value":"//bdi[text()=\"OK\"]"}
COMMAND: POST /session/08ab26b8631a6e4e239c2287b57cf254/elements - {"using":"xpath","value":"//bdi[text()=\"OK\"]"}
RESULT: {"using":"xpath","value":"//bdi[text()=\"OK\"]"}
COMMAND: POST /session/08ab26b8631a6e4e239c2287b57cf254/elements - {"using":"xpath","value":"//bdi[text()=\"OK\"]"}
RESULT: {"using":"xpath","value":"//bdi[text()=\"OK\"]"}
COMMAND: POST /session/08ab26b8631a6e4e239c2287b57cf254/elements - {"using":"xpath","value":"//bdi[text()=\"OK\"]"}
RESULT: {"using":"xpath","value":"//bdi[text()=\"OK\"]"}
COMMAND: POST /session/08ab26b8631a6e4e239c2287b57cf254/elements - {"using":"xpath","value":"//bdi[text()=\"OK\"]"}
RESULT: {"using":"xpath","value":"//bdi[text()=\"OK\"]"}
COMMAND: POST /session/08ab26b8631a6e4e239c2287b57cf254/elements - {"using":"xpath","value":"//bdi[text()=\"OK\"]"}
RESULT: {"using":"xpath","value":"//bdi[text()=\"OK\"]"}
COMMAND: POST /session/08ab26b8631a6e4e239c2287b57cf254/elements - {"using":"xpath","value":"//bdi[text()=\"OK\"]"}
RESULT: {"using":"xpath","value":"//bdi[text()=\"OK\"]"}
COMMAND: POST /session/08ab26b8631a6e4e239c2287b57cf254/elements - {"using":"xpath","value":"//bdi[text()=\"OK\"]"}
RESULT: {"using":"xpath","value":"//bdi[text()=\"OK\"]"}
COMMAND: POST /session/08ab26b8631a6e4e239c2287b57cf254/elements - {"using":"xpath","value":"//bdi[text()=\"OK\"]"}
RESULT: {"using":"xpath","value":"//bdi[text()=\"OK\"]"}
COMMAND: POST /session/08ab26b8631a6e4e239c2287b57cf254/elements - {"using":"xpath","value":"//bdi[text()=\"OK\"]"}
RESULT: {"using":"xpath","value":"//bdi[text()=\"OK\"]"}
COMMAND: POST /session/08ab26b8631a6e4e239c2287b57cf254/element - {"using":"xpath","value":"//bdi[text()=\"OK\"]"}
RESULT: {"using":"xpath","value":"//bdi[text()=\"OK\"]"}
COMMAND: POST /session/08ab26b8631a6e4e239c2287b57cf254/elements - {"using":"xpath","value":"//bdi[text()=\"OK\"]"}
RESULT: {"using":"xpath","value":"//bdi[text()=\"OK\"]"}
COMMAND: POST /session/08ab26b8631a6e4e239c2287b57cf254/elements - {"using":"xpath","value":"//bdi[text()=\"OK\"]"}
RESULT: {"using":"xpath","value":"//bdi[text()=\"OK\"]"}
COMMAND: POST /session/08ab26b8631a6e4e239c2287b57cf254/elements - {"using":"xpath","value":"//bdi[text()=\"OK\"]"}
RESULT: {"using":"xpath","value":"//bdi[text()=\"OK\"]"}
COMMAND: POST /session/08ab26b8631a6e4e239c2287b57cf254/elements - {"using":"xpath","value":"//bdi[text()=\"OK\"]"}
RESULT: {"using":"xpath","value":"//bdi[text()=\"OK\"]"}
COMMAND: POST /session/08ab26b8631a6e4e239c2287b57cf254/elements - {"using":"xpath","value":"//bdi[text()=\"OK\"]"}
RESULT: {"using":"xpath","value":"//bdi[text()=\"OK\"]"}
COMMAND: POST /session/08ab26b8631a6e4e239c2287b57cf254/elements - {"using":"xpath","value":"//bdi[text()=\"OK\"]"}
RESULT: {"using":"xpath","value":"//bdi[text()=\"OK\"]"}
COMMAND: POST /session/08ab26b8631a6e4e239c2287b57cf254/elements - {"using":"xpath","value":"//bdi[text()=\"OK\"]"}
RESULT: {"using":"xpath","value":"//bdi[text()=\"OK\"]"}
COMMAND: POST /session/08ab26b8631a6e4e239c2287b57cf254/elements - {"using":"xpath","value":"//bdi[text()=\"OK\"]"}
RESULT: {"using":"xpath","value":"//bdi[text()=\"OK\"]"}
COMMAND: POST /session/08ab26b8631a6e4e239c2287b57cf254/elements - {"using":"xpath","value":"//bdi[text()=\"OK\"]"}
RESULT: {"using":"xpath","value":"//bdi[text()=\"OK\"]"}
COMMAND: POST /session/08ab26b8631a6e4e239c2287b57cf254/elements - {"using":"xpath","value":"//bdi[text()=\"OK\"]"}
RESULT: {"using":"xpath","value":"//bdi[text()=\"OK\"]"}
COMMAND: POST /session/08ab26b8631a6e4e239c2287b57cf254/elements - {"using":"xpath","value":"//bdi[text()=\"OK\"]"}
RESULT: {"using":"xpath","value":"//bdi[text()=\"OK\"]"}
COMMAND: POST /session/08ab26b8631a6e4e239c2287b57cf254/elements - {"using":"xpath","value":"//bdi[text()=\"OK\"]"}
RESULT: {"using":"xpath","value":"//bdi[text()=\"OK\"]"}
COMMAND: POST /session/08ab26b8631a6e4e239c2287b57cf254/elements - {"using":"xpath","value":"//bdi[text()=\"OK\"]"}
RESULT: {"using":"xpath","value":"//bdi[text()=\"OK\"]"}
COMMAND: POST /session/08ab26b8631a6e4e239c2287b57cf254/elements - {"using":"xpath","value":"//bdi[text()=\"OK\"]"}
RESULT: {"using":"xpath","value":"//bdi[text()=\"OK\"]"}
COMMAND: POST /session/08ab26b8631a6e4e239c2287b57cf254/elements - {"using":"xpath","value":"//bdi[text()=\"OK\"]"}
RESULT: {"using":"xpath","value":"//bdi[text()=\"OK\"]"}
COMMAND: POST /session/08ab26b8631a6e4e239c2287b57cf254/elements - {"using":"xpath","value":"//bdi[text()=\"OK\"]"}
RESULT: {"using":"xpath","value":"//bdi[text()=\"OK\"]"}
COMMAND: POST /session/08ab26b8631a6e4e239c2287b57cf254/elements - {"using":"xpath","value":"//bdi[text()=\"OK\"]"}
RESULT: {"using":"xpath","value":"//bdi[text()=\"OK\"]"}
COMMAND: POST /session/08ab26b8631a6e4e239c2287b57cf254/elements - {"using":"xpath","value":"//bdi[text()=\"OK\"]"}
RESULT: {"using":"xpath","value":"//bdi[text()=\"OK\"]"}
COMMAND: POST /session/08ab26b8631a6e4e239c2287b57cf254/elements - {"using":"xpath","value":"//bdi[text()=\"OK\"]"}
RESULT: {"using":"xpath","value":"//bdi[text()=\"OK\"]"}
COMMAND: POST /session/08ab26b8631a6e4e239c2287b57cf254/elements - {"using":"xpath","value":"//bdi[text()=\"OK\"]"}
RESULT: {"using":"xpath","value":"//bdi[text()=\"OK\"]"}
COMMAND: POST /session/08ab26b8631a6e4e239c2287b57cf254/elements - {"using":"xpath","value":"//bdi[text()=\"OK\"]"}
RESULT: {"using":"xpath","value":"//bdi[text()=\"OK\"]"}
COMMAND: POST /session/08ab26b8631a6e4e239c2287b57cf254/elements - {"using":"xpath","value":"//bdi[text()=\"OK\"]"}
RESULT: {"using":"xpath","value":"//bdi[text()=\"OK\"]"}
COMMAND: POST /session/08ab26b8631a6e4e239c2287b57cf254/elements - {"using":"xpath","value":"//bdi[text()=\"OK\"]"}
RESULT: {"using":"xpath","value":"//bdi[text()=\"OK\"]"}
COMMAND: POST /session/08ab26b8631a6e4e239c2287b57cf254/elements - {"using":"xpath","value":"//bdi[text()=\"OK\"]"}
RESULT: {"using":"xpath","value":"//bdi[text()=\"OK\"]"}
COMMAND: POST /session/08ab26b8631a6e4e239c2287b57cf254/elements - {"using":"xpath","value":"//bdi[text()=\"OK\"]"}
RESULT: {"using":"xpath","value":"//bdi[text()=\"OK\"]"}
COMMAND: POST /session/08ab26b8631a6e4e239c2287b57cf254/elements - {"using":"xpath","value":"//bdi[text()=\"OK\"]"}
RESULT: {"using":"xpath","value":"//bdi[text()=\"OK\"]"}
COMMAND: POST /session/08ab26b8631a6e4e239c2287b57cf254/elements - {"using":"xpath","value":"//bdi[text()=\"OK\"]"}
RESULT: {"using":"xpath","value":"//bdi[text()=\"OK\"]"}
COMMAND: POST /session/08ab26b8631a6e4e239c2287b57cf254/elements - {"using":"xpath","value":"//bdi[text()=\"OK\"]"}
RESULT: {"using":"xpath","value":"//bdi[text()=\"OK\"]"}
COMMAND: POST /session/08ab26b8631a6e4e239c2287b57cf254/elements - {"using":"xpath","value":"//bdi[text()=\"OK\"]"}
RESULT: {"using":"xpath","value":"//bdi[text()=\"OK\"]"}
COMMAND: POST /session/08ab26b8631a6e4e239c2287b57cf254/elements - {"using":"xpath","value":"//bdi[text()=\"OK\"]"}
RESULT: {"using":"xpath","value":"//bdi[text()=\"OK\"]"}
COMMAND: POST /session/08ab26b8631a6e4e239c2287b57cf254/elements - {"using":"xpath","value":"//bdi[text()=\"OK\"]"}
RESULT: {"using":"xpath","value":"//bdi[text()=\"OK\"]"}
COMMAND: POST /session/08ab26b8631a6e4e239c2287b57cf254/elements - {"using":"xpath","value":"//bdi[text()=\"OK\"]"}
RESULT: {"using":"xpath","value":"//bdi[text()=\"OK\"]"}
COMMAND: POST /session/08ab26b8631a6e4e239c2287b57cf254/elements - {"using":"xpath","value":"//bdi[text()=\"OK\"]"}
RESULT: {"using":"xpath","value":"//bdi[text()=\"OK\"]"}
COMMAND: POST /session/08ab26b8631a6e4e239c2287b57cf254/elements - {"using":"xpath","value":"//bdi[text()=\"OK\"]"}
RESULT: {"using":"xpath","value":"//bdi[text()=\"OK\"]"}
COMMAND: POST /session/08ab26b8631a6e4e239c2287b57cf254/elements - {"using":"xpath","value":"//bdi[text()=\"OK\"]"}
RESULT: {"using":"xpath","value":"//bdi[text()=\"OK\"]"}
COMMAND: POST /session/08ab26b8631a6e4e239c2287b57cf254/elements - {"using":"xpath","value":"//bdi[text()=\"OK\"]"}
RESULT: {"using":"xpath","value":"//bdi[text()=\"OK\"]"}
COMMAND: POST /session/08ab26b8631a6e4e239c2287b57cf254/elements - {"using":"xpath","value":"//bdi[text()=\"OK\"]"}
RESULT: {"using":"xpath","value":"//bdi[text()=\"OK\"]"}
COMMAND: POST /session/08ab26b8631a6e4e239c2287b57cf254/elements - {"using":"xpath","value":"//bdi[text()=\"OK\"]"}
RESULT: {"using":"xpath","value":"//bdi[text()=\"OK\"]"}
COMMAND: POST /session/08ab26b8631a6e4e239c2287b57cf254/elements - {"using":"xpath","value":"//bdi[text()=\"OK\"]"}
RESULT: {"using":"xpath","value":"//bdi[text()=\"OK\"]"}
COMMAND: POST /session/08ab26b8631a6e4e239c2287b57cf254/elements - {"using":"xpath","value":"//bdi[text()=\"OK\"]"}
RESULT: {"using":"xpath","value":"//bdi[text()=\"OK\"]"}
COMMAND: POST /session/08ab26b8631a6e4e239c2287b57cf254/elements - {"using":"xpath","value":"//bdi[text()=\"OK\"]"}
RESULT: {"using":"xpath","value":"//bdi[text()=\"OK\"]"}
COMMAND: POST /session/08ab26b8631a6e4e239c2287b57cf254/elements - {"using":"xpath","value":"//bdi[text()=\"OK\"]"}
RESULT: {"using":"xpath","value":"//bdi[text()=\"OK\"]"}
COMMAND: POST /session/08ab26b8631a6e4e239c2287b57cf254/elements - {"using":"xpath","value":"//bdi[text()=\"OK\"]"}
RESULT: {"using":"xpath","value":"//bdi[text()=\"OK\"]"}
COMMAND: POST /session/08ab26b8631a6e4e239c2287b57cf254/elements - {"using":"xpath","value":"//bdi[text()=\"OK\"]"}
RESULT: {"using":"xpath","value":"//bdi[text()=\"OK\"]"}
COMMAND: POST /session/08ab26b8631a6e4e239c2287b57cf254/elements - {"using":"xpath","value":"//bdi[text()=\"OK\"]"}
RESULT: {"using":"xpath","value":"//bdi[text()=\"OK\"]"}
COMMAND: POST /session/08ab26b8631a6e4e239c2287b57cf254/elements - {"using":"xpath","value":"//bdi[text()=\"OK\"]"}
RESULT: {"using":"xpath","value":"//bdi[text()=\"OK\"]"}
COMMAND: POST /session/08ab26b8631a6e4e239c2287b57cf254/elements - {"using":"xpath","value":"//bdi[text()=\"OK\"]"}
RESULT: {"using":"xpath","value":"//bdi[text()=\"OK\"]"}
COMMAND: POST /session/08ab26b8631a6e4e239c2287b57cf254/elements - {"using":"xpath","value":"//bdi[text()=\"OK\"]"}
RESULT: {"using":"xpath","value":"//bdi[text()=\"OK\"]"}
COMMAND: POST /session/08ab26b8631a6e4e239c2287b57cf254/elements - {"using":"xpath","value":"//bdi[text()=\"OK\"]"}
RESULT: {"using":"xpath","value":"//bdi[text()=\"OK\"]"}
COMMAND: POST /session/08ab26b8631a6e4e239c2287b57cf254/elements - {"using":"xpath","value":"//bdi[text()=\"OK\"]"}
RESULT: {"using":"xpath","value":"//bdi[text()=\"OK\"]"}
COMMAND: POST /session/08ab26b8631a6e4e239c2287b57cf254/elements - {"using":"xpath","value":"//bdi[text()=\"OK\"]"}
RESULT: {"using":"xpath","value":"//bdi[text()=\"OK\"]"}
COMMAND: POST /session/08ab26b8631a6e4e239c2287b57cf254/elements - {"using":"xpath","value":"//bdi[text()=\"OK\"]"}
RESULT: {"using":"xpath","value":"//bdi[text()=\"OK\"]"}
COMMAND: POST /session/08ab26b8631a6e4e239c2287b57cf254/elements - {"using":"xpath","value":"//bdi[text()=\"OK\"]"}
RESULT: {"using":"xpath","value":"//bdi[text()=\"OK\"]"}
COMMAND: POST /session/08ab26b8631a6e4e239c2287b57cf254/elements - {"using":"xpath","value":"//bdi[text()=\"OK\"]"}
RESULT: {"using":"xpath","value":"//bdi[text()=\"OK\"]"}
COMMAND: POST /session/08ab26b8631a6e4e239c2287b57cf254/elements - {"using":"xpath","value":"//bdi[text()=\"OK\"]"}
RESULT: {"using":"xpath","value":"//bdi[text()=\"OK\"]"}
COMMAND: POST /session/08ab26b8631a6e4e239c2287b57cf254/elements - {"using":"xpath","value":"//bdi[text()=\"OK\"]"}
RESULT: {"using":"xpath","value":"//bdi[text()=\"OK\"]"}
COMMAND: POST /session/08ab26b8631a6e4e239c2287b57cf254/elements - {"using":"xpath","value":"//bdi[text()=\"OK\"]"}
RESULT: {"using":"xpath","value":"//bdi[text()=\"OK\"]"}
COMMAND: POST /session/08ab26b8631a6e4e239c2287b57cf254/elements - {"using":"xpath","value":"//bdi[text()=\"OK\"]"}
RESULT: {"using":"xpath","value":"//bdi[text()=\"OK\"]"}
COMMAND: POST /session/08ab26b8631a6e4e239c2287b57cf254/elements - {"using":"xpath","value":"//bdi[text()=\"OK\"]"}
RESULT: {"using":"xpath","value":"//bdi[text()=\"OK\"]"}
COMMAND: POST /session/08ab26b8631a6e4e239c2287b57cf254/elements - {"using":"xpath","value":"//bdi[text()=\"OK\"]"}
RESULT: {"using":"xpath","value":"//bdi[text()=\"OK\"]"}
COMMAND: POST /session/08ab26b8631a6e4e239c2287b57cf254/elements - {"using":"xpath","value":"//bdi[text()=\"OK\"]"}
RESULT: {"using":"xpath","value":"//bdi[text()=\"OK\"]"}
COMMAND: POST /session/08ab26b8631a6e4e239c2287b57cf254/elements - {"using":"xpath","value":"//bdi[text()=\"OK\"]"}
RESULT: {"using":"xpath","value":"//bdi[text()=\"OK\"]"}
COMMAND: POST /session/08ab26b8631a6e4e239c2287b57cf254/elements - {"using":"xpath","value":"//bdi[text()=\"OK\"]"}
RESULT: {"using":"xpath","value":"//bdi[text()=\"OK\"]"}
COMMAND: POST /session/08ab26b8631a6e4e239c2287b57cf254/elements - {"using":"xpath","value":"//bdi[text()=\"OK\"]"}
RESULT: {"using":"xpath","value":"//bdi[text()=\"OK\"]"}
COMMAND: POST /session/08ab26b8631a6e4e239c2287b57cf254/elements - {"using":"xpath","value":"//bdi[text()=\"OK\"]"}
RESULT: {"using":"xpath","value":"//bdi[text()=\"OK\"]"}
COMMAND: POST /session/08ab26b8631a6e4e239c2287b57cf254/elements - {"using":"xpath","value":"//bdi[text()=\"OK\"]"}
RESULT: {"using":"xpath","value":"//bdi[text()=\"OK\"]"}
COMMAND: POST /session/08ab26b8631a6e4e239c2287b57cf254/elements - {"using":"xpath","value":"//bdi[text()=\"OK\"]"}
RESULT: {"using":"xpath","value":"//bdi[text()=\"OK\"]"}
COMMAND: POST /session/08ab26b8631a6e4e239c2287b57cf254/elements - {"using":"xpath","value":"//bdi[text()=\"OK\"]"}
RESULT: {"using":"xpath","value":"//bdi[text()=\"OK\"]"}
COMMAND: POST /session/08ab26b8631a6e4e239c2287b57cf254/elements - {"using":"xpath","value":"//bdi[text()=\"OK\"]"}
RESULT: {"using":"xpath","value":"//bdi[text()=\"OK\"]"}
COMMAND: POST /session/08ab26b8631a6e4e239c2287b57cf254/elements - {"using":"xpath","value":"//bdi[text()=\"OK\"]"}
RESULT: {"using":"xpath","value":"//bdi[text()=\"OK\"]"}
COMMAND: POST /session/08ab26b8631a6e4e239c2287b57cf254/elements - {"using":"xpath","value":"//bdi[text()=\"OK\"]"}
RESULT: {"using":"xpath","value":"//bdi[text()=\"OK\"]"}
COMMAND: POST /session/08ab26b8631a6e4e239c2287b57cf254/elements - {"using":"xpath","value":"//bdi[text()=\"OK\"]"}
RESULT: {"using":"xpath","value":"//bdi[text()=\"OK\"]"}
COMMAND: POST /session/08ab26b8631a6e4e239c2287b57cf254/elements - {"using":"xpath","value":"//bdi[text()=\"OK\"]"}
RESULT: {"using":"xpath","value":"//bdi[text()=\"OK\"]"}
COMMAND: POST /session/08ab26b8631a6e4e239c2287b57cf254/elements - {"using":"xpath","value":"//bdi[text()=\"OK\"]"}
RESULT: {"using":"xpath","value":"//bdi[text()=\"OK\"]"}
COMMAND: POST /session/08ab26b8631a6e4e239c2287b57cf254/elements - {"using":"xpath","value":"//bdi[text()=\"OK\"]"}
RESULT: {"using":"xpath","value":"//bdi[text()=\"OK\"]"}
COMMAND: POST /session/08ab26b8631a6e4e239c2287b57cf254/elements - {"using":"xpath","value":"//bdi[text()=\"OK\"]"}
RESULT: {"using":"xpath","value":"//bdi[text()=\"OK\"]"}
COMMAND: POST /session/08ab26b8631a6e4e239c2287b57cf254/elements - {"using":"xpath","value":"//bdi[text()=\"OK\"]"}
RESULT: {"using":"xpath","value":"//bdi[text()=\"OK\"]"}
COMMAND: POST /session/08ab26b8631a6e4e239c2287b57cf254/elements - {"using":"xpath","value":"//bdi[text()=\"OK\"]"}
RESULT: {"using":"xpath","value":"//bdi[text()=\"OK\"]"}
COMMAND: POST /session/08ab26b8631a6e4e239c2287b57cf254/elements - {"using":"xpath","value":"//bdi[text()=\"OK\"]"}
RESULT: {"using":"xpath","value":"//bdi[text()=\"OK\"]"}
COMMAND: POST /session/08ab26b8631a6e4e239c2287b57cf254/elements - {"using":"xpath","value":"//bdi[text()=\"OK\"]"}
RESULT: {"using":"xpath","value":"//bdi[text()=\"OK\"]"}
COMMAND: POST /session/08ab26b8631a6e4e239c2287b57cf254/elements - {"using":"xpath","value":"//bdi[text()=\"OK\"]"}
RESULT: {"using":"xpath","value":"//bdi[text()=\"OK\"]"}
COMMAND: POST /session/08ab26b8631a6e4e239c2287b57cf254/elements - {"using":"xpath","value":"//bdi[text()=\"OK\"]"}
RESULT: {"using":"xpath","value":"//bdi[text()=\"OK\"]"}
COMMAND: POST /session/08ab26b8631a6e4e239c2287b57cf254/elements - {"using":"xpath","value":"//bdi[text()=\"OK\"]"}
RESULT: {"using":"xpath","value":"//bdi[text()=\"OK\"]"}
COMMAND: POST /session/08ab26b8631a6e4e239c2287b57cf254/elements - {"using":"xpath","value":"//bdi[text()=\"OK\"]"}
RESULT: {"using":"xpath","value":"//bdi[text()=\"OK\"]"}
COMMAND: POST /session/08ab26b8631a6e4e239c2287b57cf254/elements - {"using":"xpath","value":"//bdi[text()=\"OK\"]"}
RESULT: {"using":"xpath","value":"//bdi[text()=\"OK\"]"}
COMMAND: POST /session/08ab26b8631a6e4e239c2287b57cf254/elements - {"using":"xpath","value":"//bdi[text()=\"OK\"]"}
RESULT: {"using":"xpath","value":"//bdi[text()=\"OK\"]"}
COMMAND: POST /session/08ab26b8631a6e4e239c2287b57cf254/elements - {"using":"xpath","value":"//bdi[text()=\"OK\"]"}
RESULT: {"using":"xpath","value":"//bdi[text()=\"OK\"]"}
COMMAND: POST /session/08ab26b8631a6e4e239c2287b57cf254/elements - {"using":"xpath","value":"//bdi[text()=\"OK\"]"}
RESULT: {"using":"xpath","value":"//bdi[text()=\"OK\"]"}
COMMAND: POST /session/08ab26b8631a6e4e239c2287b57cf254/elements - {"using":"xpath","value":"//bdi[text()=\"OK\"]"}
RESULT: {"using":"xpath","value":"//bdi[text()=\"OK\"]"}
COMMAND: POST /session/08ab26b8631a6e4e239c2287b57cf254/elements - {"using":"xpath","value":"//bdi[text()=\"OK\"]"}
RESULT: {"using":"xpath","value":"//bdi[text()=\"OK\"]"}
COMMAND: POST /session/08ab26b8631a6e4e239c2287b57cf254/elements - {"using":"xpath","value":"//bdi[text()=\"OK\"]"}
RESULT: {"using":"xpath","value":"//bdi[text()=\"OK\"]"}
COMMAND: POST /session/08ab26b8631a6e4e239c2287b57cf254/elements - {"using":"xpath","value":"//bdi[text()=\"OK\"]"}
RESULT: {"using":"xpath","value":"//bdi[text()=\"OK\"]"}
COMMAND: POST /session/08ab26b8631a6e4e239c2287b57cf254/elements - {"using":"xpath","value":"//bdi[text()=\"OK\"]"}
RESULT: {"using":"xpath","value":"//bdi[text()=\"OK\"]"}
COMMAND: POST /session/08ab26b8631a6e4e239c2287b57cf254/elements - {"using":"xpath","value":"//bdi[text()=\"OK\"]"}
RESULT: {"using":"xpath","value":"//bdi[text()=\"OK\"]"}
COMMAND: POST /session/08ab26b8631a6e4e239c2287b57cf254/elements - {"using":"xpath","value":"//bdi[text()=\"OK\"]"}
RESULT: {"using":"xpath","value":"//bdi[text()=\"OK\"]"}
COMMAND: POST /session/08ab26b8631a6e4e239c2287b57cf254/elements - {"using":"xpath","value":"//bdi[text()=\"OK\"]"}
RESULT: {"using":"xpath","value":"//bdi[text()=\"OK\"]"}
COMMAND: POST /session/08ab26b8631a6e4e239c2287b57cf254/elements - {"using":"xpath","value":"//bdi[text()=\"OK\"]"}
RESULT: {"using":"xpath","value":"//bdi[text()=\"OK\"]"}
COMMAND: POST /session/08ab26b8631a6e4e239c2287b57cf254/elements - {"using":"xpath","value":"//bdi[text()=\"OK\"]"}
RESULT: {"using":"xpath","value":"//bdi[text()=\"OK\"]"}
COMMAND: POST /session/08ab26b8631a6e4e239c2287b57cf254/elements - {"using":"xpath","value":"//bdi[text()=\"OK\"]"}
RESULT: {"using":"xpath","value":"//bdi[text()=\"OK\"]"}
COMMAND: POST /session/08ab26b8631a6e4e239c2287b57cf254/elements - {"using":"xpath","value":"//bdi[text()=\"OK\"]"}
RESULT: {"using":"xpath","value":"//bdi[text()=\"OK\"]"}
COMMAND: POST /session/08ab26b8631a6e4e239c2287b57cf254/elements - {"using":"xpath","value":"//bdi[text()=\"OK\"]"}
RESULT: {"using":"xpath","value":"//bdi[text()=\"OK\"]"}
COMMAND: POST /session/08ab26b8631a6e4e239c2287b57cf254/elements - {"using":"xpath","value":"//bdi[text()=\"OK\"]"}
RESULT: {"using":"xpath","value":"//bdi[text()=\"OK\"]"}
COMMAND: POST /session/08ab26b8631a6e4e239c2287b57cf254/elements - {"using":"xpath","value":"//bdi[text()=\"OK\"]"}
RESULT: {"using":"xpath","value":"//bdi[text()=\"OK\"]"}
COMMAND: POST /session/08ab26b8631a6e4e239c2287b57cf254/elements - {"using":"xpath","value":"//bdi[text()=\"OK\"]"}
RESULT: {"using":"xpath","value":"//bdi[text()=\"OK\"]"}
COMMAND: POST /session/08ab26b8631a6e4e239c2287b57cf254/elements - {"using":"xpath","value":"//bdi[text()=\"OK\"]"}
RESULT: {"using":"xpath","value":"//bdi[text()=\"OK\"]"}
COMMAND: POST /session/08ab26b8631a6e4e239c2287b57cf254/elements - {"using":"xpath","value":"//bdi[text()=\"OK\"]"}
RESULT: {"using":"xpath","value":"//bdi[text()=\"OK\"]"}
COMMAND: POST /session/08ab26b8631a6e4e239c2287b57cf254/elements - {"using":"xpath","value":"//bdi[text()=\"OK\"]"}
RESULT: {"using":"xpath","value":"//bdi[text()=\"OK\"]"}
COMMAND: POST /session/08ab26b8631a6e4e239c2287b57cf254/elements - {"using":"xpath","value":"//bdi[text()=\"OK\"]"}
RESULT: {"using":"xpath","value":"//bdi[text()=\"OK\"]"}
COMMAND: POST /session/08ab26b8631a6e4e239c2287b57cf254/elements - {"using":"xpath","value":"//bdi[text()=\"OK\"]"}
RESULT: {"using":"xpath","value":"//bdi[text()=\"OK\"]"}
COMMAND: POST /session/08ab26b8631a6e4e239c2287b57cf254/elements - {"using":"xpath","value":"//bdi[text()=\"OK\"]"}
RESULT: {"using":"xpath","value":"//bdi[text()=\"OK\"]"}
COMMAND: POST /session/08ab26b8631a6e4e239c2287b57cf254/elements - {"using":"xpath","value":"//bdi[text()=\"OK\"]"}
RESULT: {"using":"xpath","value":"//bdi[text()=\"OK\"]"}
COMMAND: POST /session/08ab26b8631a6e4e239c2287b57cf254/elements - {"using":"xpath","value":"//bdi[text()=\"OK\"]"}
RESULT: {"using":"xpath","value":"//bdi[text()=\"OK\"]"}
COMMAND: POST /session/08ab26b8631a6e4e239c2287b57cf254/elements - {"using":"xpath","value":"//bdi[text()=\"OK\"]"}
RESULT: {"using":"xpath","value":"//bdi[text()=\"OK\"]"}
COMMAND: POST /session/08ab26b8631a6e4e239c2287b57cf254/elements - {"using":"xpath","value":"//bdi[text()=\"OK\"]"}
RESULT: {"using":"xpath","value":"//bdi[text()=\"OK\"]"}
COMMAND: POST /session/08ab26b8631a6e4e239c2287b57cf254/elements - {"using":"xpath","value":"//bdi[text()=\"OK\"]"}
RESULT: {"using":"xpath","value":"//bdi[text()=\"OK\"]"}
COMMAND: POST /session/08ab26b8631a6e4e239c2287b57cf254/elements - {"using":"xpath","value":"//bdi[text()=\"OK\"]"}
RESULT: {"using":"xpath","value":"//bdi[text()=\"OK\"]"}
COMMAND: POST /session/08ab26b8631a6e4e239c2287b57cf254/elements - {"using":"xpath","value":"//bdi[text()=\"OK\"]"}
RESULT: {"using":"xpath","value":"//bdi[text()=\"OK\"]"}
COMMAND: POST /session/08ab26b8631a6e4e239c2287b57cf254/elements - {"using":"xpath","value":"//bdi[text()=\"OK\"]"}
RESULT: {"using":"xpath","value":"//bdi[text()=\"OK\"]"}
COMMAND: POST /session/08ab26b8631a6e4e239c2287b57cf254/elements - {"using":"xpath","value":"//bdi[text()=\"OK\"]"}
RESULT: {"using":"xpath","value":"//bdi[text()=\"OK\"]"}
COMMAND: POST /session/08ab26b8631a6e4e239c2287b57cf254/elements - {"using":"xpath","value":"//bdi[text()=\"OK\"]"}
RESULT: {"using":"xpath","value":"//bdi[text()=\"OK\"]"}
COMMAND: POST /session/08ab26b8631a6e4e239c2287b57cf254/execute/async - {"script":"<script> [1562 bytes]","args":[{"selector":{"id":"application-manageresources-display-component---newResourceUnit--TYPE-arrow"},"wdio_ui5_key":"applicationmanageresources-display-component---newResourceUnit--TYPE-arrow"}]}
RESULT: {"script":"<script> [1562 bytes]","args":[{"selector":{"id":"application-manageresources-display-component---newResourceUnit--TYPE-arrow"},"wdio_ui5_key":"applicationmanageresources-display-component---newResourceUnit--TYPE-arrow"}]}
RESULT: undefined
COMMAND: POST /session/08ab26b8631a6e4e239c2287b57cf254/element - {"using":"xpath","value":"//*[@id=\"application-manageresources-display-component---newResourceUnit--TYPE-arrow\"]"}
RESULT: {"using":"xpath","value":"//*[@id=\"application-manageresources-display-component---newResourceUnit--TYPE-arrow\"]"}
COMMAND: POST /session/08ab26b8631a6e4e239c2287b57cf254/element/f.150F062B3A02957456735AB987B5EB04.d.33BB8AFCD2EC95BC7BF05015CF590F68.e.7391/click - {}
RESULT: {}
COMMAND: POST /session/08ab26b8631a6e4e239c2287b57cf254/execute/async - {"script":"<script> [1562 bytes]","args":[{"selector":{"controlType":"sap.m.StandardListItem","viewName":"reusables.view.manageresources.NewResourceUnit","viewId":"application-manageresources-display-component---newResourceUnit","properties":{"title":"Equipment"},"searchOpenDialogs":true,"interaction":{"idSuffix":"content"}},"wdio_ui5_key":"reusablesview.manageresources.NewResourceUnitsap.m.StandardListItem{\"title\":\"Equipment\"}"}]}
COMMAND: GET /session/08ab26b8631a6e4e239c2287b57cf254/screenshot - {}
RESULT: {"script":"<script> [1562 bytes]","args":[{"selector":{"controlType":"sap.m.StandardListItem","viewName":"reusables.view.manageresources.NewResourceUnit","viewId":"application-manageresources-display-component---newResourceUnit","properties":{"title":"Equipment"},"searchOpenDialogs":true,"interaction":{"idSuffix":"content"}},"wdio_ui5_key":"reusablesview.manageresources.NewResourceUnitsap.m.StandardListItem{\"title\":\"Equipment\"}"}]}
RESULT: undefined
COMMAND: POST /session/08ab26b8631a6e4e239c2287b57cf254/element - {"using":"xpath","value":"//*[@id=\"__item139\"]"}
RESULT: {}
RESULT: {"using":"xpath","value":"//*[@id=\"__item139\"]"}
COMMAND: POST /session/08ab26b8631a6e4e239c2287b57cf254/element/f.150F062B3A02957456735AB987B5EB04.d.33BB8AFCD2EC95BC7BF05015CF590F68.e.7394/click - {}
RESULT: {}
COMMAND: POST /session/08ab26b8631a6e4e239c2287b57cf254/execute/async - {"script":"<script> [1562 bytes]","args":[{"selector":{"id":"application-manageresources-display-component---newResourceUnit--resourceId","interaction":{"idSuffix":"inner"}},"wdio_ui5_key":"applicationmanageresources-display-component---newResourceUnit--resourceId"}]}
COMMAND: GET /session/08ab26b8631a6e4e239c2287b57cf254/screenshot - {}
RESULT: {"script":"<script> [1562 bytes]","args":[{"selector":{"id":"application-manageresources-display-component---newResourceUnit--resourceId","interaction":{"idSuffix":"inner"}},"wdio_ui5_key":"applicationmanageresources-display-component---newResourceUnit--resourceId"}]}
RESULT: undefined
COMMAND: POST /session/08ab26b8631a6e4e239c2287b57cf254/execute/async - {"script":"<script> [776 bytes]","args":[{"enterText":"EquipmentCounter d7cmr","selector":{"id":"application-manageresources-display-component---newResourceUnit--resourceId","interaction":{"idSuffix":"inner"}},"clearTextFirst":true,"interactionType":"ENTER_TEXT"}]}
RESULT: {}
RESULT: {"script":"<script> [776 bytes]","args":[{"enterText":"EquipmentCounter d7cmr","selector":{"id":"application-manageresources-display-component---newResourceUnit--resourceId","interaction":{"idSuffix":"inner"}},"clearTextFirst":true,"interactionType":"ENTER_TEXT"}]}
COMMAND: POST /session/08ab26b8631a6e4e239c2287b57cf254/execute/async - {"script":"<script> [1562 bytes]","args":[{"selector":{"id":"application-manageresources-display-component---newResourceUnit--SHORT_TEXT","interaction":{"idSuffix":"inner"}},"wdio_ui5_key":"applicationmanageresources-display-component---newResourceUnit--SHORT_TEXT"}]}
RESULT: {"script":"<script> [1562 bytes]","args":[{"selector":{"id":"application-manageresources-display-component---newResourceUnit--SHORT_TEXT","interaction":{"idSuffix":"inner"}},"wdio_ui5_key":"applicationmanageresources-display-component---newResourceUnit--SHORT_TEXT"}]}
RESULT: undefined
COMMAND: POST /session/08ab26b8631a6e4e239c2287b57cf254/execute/async - {"script":"<script> [776 bytes]","args":[{"enterText":"EquipmentCounter d7cmr","selector":{"id":"application-manageresources-display-component---newResourceUnit--SHORT_TEXT","interaction":{"idSuffix":"inner"}},"clearTextFirst":true,"interactionType":"ENTER_TEXT"}]}
RESULT: {"script":"<script> [776 bytes]","args":[{"enterText":"EquipmentCounter d7cmr","selector":{"id":"application-manageresources-display-component---newResourceUnit--SHORT_TEXT","interaction":{"idSuffix":"inner"}},"clearTextFirst":true,"interactionType":"ENTER_TEXT"}]}
COMMAND: POST /session/08ab26b8631a6e4e239c2287b57cf254/execute/async - {"script":"<script> [1562 bytes]","args":[{"selector":{"id":"application-manageresources-display-component---newResourceUnit--BASE_UNIT_OF_MEASURE","interaction":{"idSuffix":"inner"}},"wdio_ui5_key":"applicationmanageresources-display-component---newResourceUnit--BASE_UNIT_OF_MEASURE"}]}
RESULT: {"script":"<script> [1562 bytes]","args":[{"selector":{"id":"application-manageresources-display-component---newResourceUnit--BASE_UNIT_OF_MEASURE","interaction":{"idSuffix":"inner"}},"wdio_ui5_key":"applicationmanageresources-display-component---newResourceUnit--BASE_UNIT_OF_MEASURE"}]}
RESULT: undefined
COMMAND: POST /session/08ab26b8631a6e4e239c2287b57cf254/execute/async - {"script":"<script> [776 bytes]","args":[{"enterText":"Piece","selector":{"id":"application-manageresources-display-component---newResourceUnit--BASE_UNIT_OF_MEASURE","interaction":{"idSuffix":"inner"}},"clearTextFirst":true,"interactionType":"ENTER_TEXT"}]}
RESULT: {"script":"<script> [776 bytes]","args":[{"enterText":"Piece","selector":{"id":"application-manageresources-display-component---newResourceUnit--BASE_UNIT_OF_MEASURE","interaction":{"idSuffix":"inner"}},"clearTextFirst":true,"interactionType":"ENTER_TEXT"}]}
COMMAND: POST /session/08ab26b8631a6e4e239c2287b57cf254/execute/async - {"script":"<script> [1562 bytes]","args":[{"selector":{"id":"application-manageresources-display-component---newResourceUnit--WEIGHT_UNIT","interaction":{"idSuffix":"inner"}},"wdio_ui5_key":"applicationmanageresources-display-component---newResourceUnit--WEIGHT_UNIT"}]}
RESULT: {"script":"<script> [1562 bytes]","args":[{"selector":{"id":"application-manageresources-display-component---newResourceUnit--WEIGHT_UNIT","interaction":{"idSuffix":"inner"}},"wdio_ui5_key":"applicationmanageresources-display-component---newResourceUnit--WEIGHT_UNIT"}]}
RESULT: undefined
COMMAND: POST /session/08ab26b8631a6e4e239c2287b57cf254/execute/async - {"script":"<script> [776 bytes]","args":[{"enterText":"Gram","selector":{"id":"application-manageresources-display-component---newResourceUnit--WEIGHT_UNIT","interaction":{"idSuffix":"inner"}},"clearTextFirst":true,"interactionType":"ENTER_TEXT"}]}
RESULT: {"script":"<script> [776 bytes]","args":[{"enterText":"Gram","selector":{"id":"application-manageresources-display-component---newResourceUnit--WEIGHT_UNIT","interaction":{"idSuffix":"inner"}},"clearTextFirst":true,"interactionType":"ENTER_TEXT"}]}
COMMAND: POST /session/08ab26b8631a6e4e239c2287b57cf254/execute/async - {"script":"<script> [1562 bytes]","args":[{"selector":{"id":"application-manageresources-display-component---newResourceUnit--newRRUPage-OPHeaderContent-collapseBtn-img"},"wdio_ui5_key":"applicationmanageresources-display-component---newResourceUnit--newRRUPage-OPHeaderContent-collapseBtn-img"}]}
RESULT: {"script":"<script> [1562 bytes]","args":[{"selector":{"id":"application-manageresources-display-component---newResourceUnit--newRRUPage-OPHeaderContent-collapseBtn-img"},"wdio_ui5_key":"applicationmanageresources-display-component---newResourceUnit--newRRUPage-OPHeaderContent-collapseBtn-img"}]}
RESULT: undefined
COMMAND: POST /session/08ab26b8631a6e4e239c2287b57cf254/element - {"using":"xpath","value":"//*[@id=\"application-manageresources-display-component---newResourceUnit--newRRUPage-OPHeaderContent-collapseBtn-img\"]"}
RESULT: {"using":"xpath","value":"//*[@id=\"application-manageresources-display-component---newResourceUnit--newRRUPage-OPHeaderContent-collapseBtn-img\"]"}
COMMAND: POST /session/08ab26b8631a6e4e239c2287b57cf254/element/f.150F062B3A02957456735AB987B5EB04.d.33BB8AFCD2EC95BC7BF05015CF590F68.e.7402/click - {}
RESULT: {}
COMMAND: GET /session/08ab26b8631a6e4e239c2287b57cf254/screenshot - {}
RESULT: {}
COMMAND: POST /session/08ab26b8631a6e4e239c2287b57cf254/element - {"using":"xpath","value":"(//span[contains(@id ,\"application-manageresources-display-component---newResourceUnit--DIMENSION_UNIT-arrow\")])[1]"}
RESULT: {"using":"xpath","value":"(//span[contains(@id ,\"application-manageresources-display-component---newResourceUnit--DIMENSION_UNIT-arrow\")])[1]"}
COMMAND: POST /session/08ab26b8631a6e4e239c2287b57cf254/element/f.150F062B3A02957456735AB987B5EB04.d.33BB8AFCD2EC95BC7BF05015CF590F68.e.7527/click - {}
RESULT: {}
COMMAND: GET /session/08ab26b8631a6e4e239c2287b57cf254/screenshot - {}
RESULT: {}
COMMAND: POST /session/08ab26b8631a6e4e239c2287b57cf254/execute/async - {"script":"<script> [1562 bytes]","args":[{"selector":{"controlType":"sap.m.StandardListItem","viewName":"reusables.view.manageresources.NewResourceUnit","viewId":"application-manageresources-display-component---newResourceUnit","properties":{"title":"Centimeter"},"searchOpenDialogs":true,"interaction":{"idSuffix":"titleText"}},"wdio_ui5_key":"reusablesview.manageresources.NewResourceUnitsap.m.StandardListItem{\"title\":\"Centimeter\"}"}]}
RESULT: {"script":"<script> [1562 bytes]","args":[{"selector":{"controlType":"sap.m.StandardListItem","viewName":"reusables.view.manageresources.NewResourceUnit","viewId":"application-manageresources-display-component---newResourceUnit","properties":{"title":"Centimeter"},"searchOpenDialogs":true,"interaction":{"idSuffix":"titleText"}},"wdio_ui5_key":"reusablesview.manageresources.NewResourceUnitsap.m.StandardListItem{\"title\":\"Centimeter\"}"}]}
RESULT: undefined
COMMAND: POST /session/08ab26b8631a6e4e239c2287b57cf254/element - {"using":"xpath","value":"//*[@id=\"__item182\"]"}
RESULT: {"using":"xpath","value":"//*[@id=\"__item182\"]"}
COMMAND: POST /session/08ab26b8631a6e4e239c2287b57cf254/element/f.150F062B3A02957456735AB987B5EB04.d.33BB8AFCD2EC95BC7BF05015CF590F68.e.7529/click - {}
RESULT: {}
COMMAND: GET /session/08ab26b8631a6e4e239c2287b57cf254/screenshot - {}
RESULT: {}
COMMAND: POST /session/08ab26b8631a6e4e239c2287b57cf254/execute/async - {"script":"<script> [1562 bytes]","args":[{"selector":{"id":"application-manageresources-display-component---newResourceUnit--newRRUPage-anchBar-application-manageresources-display-component---newResourceUnit--control-anchor","interaction":{"idSuffix":"BDI-content"}},"wdio_ui5_key":"applicationmanageresources-display-component---newResourceUnit--newRRUPage-anchBar-application-manageresources-display-component---newResourceUnit--control-anchor"}]}
RESULT: {"script":"<script> [1562 bytes]","args":[{"selector":{"id":"application-manageresources-display-component---newResourceUnit--newRRUPage-anchBar-application-manageresources-display-component---newResourceUnit--control-anchor","interaction":{"idSuffix":"BDI-content"}},"wdio_ui5_key":"applicationmanageresources-display-component---newResourceUnit--newRRUPage-anchBar-application-manageresources-display-component---newResourceUnit--control-anchor"}]}
RESULT: undefined
COMMAND: POST /session/08ab26b8631a6e4e239c2287b57cf254/element - {"using":"xpath","value":"//*[@id=\"application-manageresources-display-component---newResourceUnit--newRRUPage-anchBar-application-manageresources-display-component---newResourceUnit--control-anchor\"]"}
RESULT: {"using":"xpath","value":"//*[@id=\"application-manageresources-display-component---newResourceUnit--newRRUPage-anchBar-application-manageresources-display-component---newResourceUnit--control-anchor\"]"}
COMMAND: POST /session/08ab26b8631a6e4e239c2287b57cf254/element/f.150F062B3A02957456735AB987B5EB04.d.33BB8AFCD2EC95BC7BF05015CF590F68.e.7531/click - {}
RESULT: {}
COMMAND: POST /session/08ab26b8631a6e4e239c2287b57cf254/execute/async - {"script":"<script> [1562 bytes]","args":[{"selector":{"id":"application-manageresources-display-component---newResourceUnit--PLANNING_GROUP","interaction":{"idSuffix":"inner"}},"wdio_ui5_key":"applicationmanageresources-display-component---newResourceUnit--PLANNING_GROUP"}]}
COMMAND: GET /session/08ab26b8631a6e4e239c2287b57cf254/screenshot - {}
RESULT: {"script":"<script> [1562 bytes]","args":[{"selector":{"id":"application-manageresources-display-component---newResourceUnit--PLANNING_GROUP","interaction":{"idSuffix":"inner"}},"wdio_ui5_key":"applicationmanageresources-display-component---newResourceUnit--PLANNING_GROUP"}]}
RESULT: undefined
COMMAND: POST /session/08ab26b8631a6e4e239c2287b57cf254/execute/async - {"script":"<script> [776 bytes]","args":[{"enterText":"Heavy Equi","selector":{"id":"application-manageresources-display-component---newResourceUnit--PLANNING_GROUP","interaction":{"idSuffix":"inner"}},"clearTextFirst":true,"interactionType":"ENTER_TEXT"}]}
RESULT: {}
RESULT: {"script":"<script> [776 bytes]","args":[{"enterText":"Heavy Equi","selector":{"id":"application-manageresources-display-component---newResourceUnit--PLANNING_GROUP","interaction":{"idSuffix":"inner"}},"clearTextFirst":true,"interactionType":"ENTER_TEXT"}]}
COMMAND: POST /session/08ab26b8631a6e4e239c2287b57cf254/execute/async - {"script":"<script> [1562 bytes]","args":[{"selector":{"id":"application-manageresources-display-component---newResourceUnit--ITEM_TYPE-arrow"},"wdio_ui5_key":"applicationmanageresources-display-component---newResourceUnit--ITEM_TYPE-arrow"}]}
RESULT: {"script":"<script> [1562 bytes]","args":[{"selector":{"id":"application-manageresources-display-component---newResourceUnit--ITEM_TYPE-arrow"},"wdio_ui5_key":"applicationmanageresources-display-component---newResourceUnit--ITEM_TYPE-arrow"}]}
RESULT: undefined
COMMAND: POST /session/08ab26b8631a6e4e239c2287b57cf254/element - {"using":"xpath","value":"//*[@id=\"application-manageresources-display-component---newResourceUnit--ITEM_TYPE-arrow\"]"}
RESULT: {"using":"xpath","value":"//*[@id=\"application-manageresources-display-component---newResourceUnit--ITEM_TYPE-arrow\"]"}
COMMAND: POST /session/08ab26b8631a6e4e239c2287b57cf254/element/f.150F062B3A02957456735AB987B5EB04.d.33BB8AFCD2EC95BC7BF05015CF590F68.e.7538/click - {}
RESULT: {}
COMMAND: POST /session/08ab26b8631a6e4e239c2287b57cf254/execute/async - {"script":"<script> [1562 bytes]","args":[{"selector":{"controlType":"sap.m.StandardListItem","viewName":"reusables.view.manageresources.NewResourceUnit","viewId":"application-manageresources-display-component---newResourceUnit","properties":{"title":"Resource Unit"},"searchOpenDialogs":true,"interaction":{"idSuffix":"titleText"}},"wdio_ui5_key":"reusablesview.manageresources.NewResourceUnitsap.m.StandardListItem{\"title\":\"Resource Unit\"}"}]}
COMMAND: GET /session/08ab26b8631a6e4e239c2287b57cf254/screenshot - {}
RESULT: {"script":"<script> [1562 bytes]","args":[{"selector":{"controlType":"sap.m.StandardListItem","viewName":"reusables.view.manageresources.NewResourceUnit","viewId":"application-manageresources-display-component---newResourceUnit","properties":{"title":"Resource Unit"},"searchOpenDialogs":true,"interaction":{"idSuffix":"titleText"}},"wdio_ui5_key":"reusablesview.manageresources.NewResourceUnitsap.m.StandardListItem{\"title\":\"Resource Unit\"}"}]}
RESULT: undefined
COMMAND: POST /session/08ab26b8631a6e4e239c2287b57cf254/element - {"using":"xpath","value":"//*[@id=\"__item204\"]"}
RESULT: {}
RESULT: {"using":"xpath","value":"//*[@id=\"__item204\"]"}
COMMAND: POST /session/08ab26b8631a6e4e239c2287b57cf254/element/f.150F062B3A02957456735AB987B5EB04.d.33BB8AFCD2EC95BC7BF05015CF590F68.e.7540/click - {}
RESULT: {}
COMMAND: POST /session/08ab26b8631a6e4e239c2287b57cf254/element - {"using":"xpath","value":"//bdi[contains(text(), \"Time Segment\")]"}
COMMAND: GET /session/08ab26b8631a6e4e239c2287b57cf254/screenshot - {}
RESULT: {"using":"xpath","value":"//bdi[contains(text(), \"Time Segment\")]"}
COMMAND: GET /session/08ab26b8631a6e4e239c2287b57cf254/element/f.150F062B3A02957456735AB987B5EB04.d.33BB8AFCD2EC95BC7BF05015CF590F68.e.7541/rect - {}
RESULT: {}
RESULT: {}
COMMAND: GET /session/08ab26b8631a6e4e239c2287b57cf254/window/rect - {}
RESULT: {}
COMMAND: POST /session/08ab26b8631a6e4e239c2287b57cf254/execute/sync - {"script":"<script> [92 bytes]","args":[]}
RESULT: {"script":"<script> [92 bytes]","args":[]}
COMMAND: POST /session/08ab26b8631a6e4e239c2287b57cf254/actions - {"actions":[{"id":"action21","type":"wheel","parameters":{},"actions":[{"type":"scroll","x":-1820,"y":-21,"deltaX":0,"deltaY":0,"duration":0,"origin":{"element-6066-11e4-a52e-4f735466cecf":"f.150F062B3A02957456735AB987B5EB04.d.33BB8AFCD2EC95BC7BF05015CF590F68.e.7541"}}]}]}
COMMAND: GET /session/08ab26b8631a6e4e239c2287b57cf254/screenshot - {}
RESULT: {}
COMMAND: POST /session/08ab26b8631a6e4e239c2287b57cf254/execute/sync - {"script":"<script> [79 bytes]","args":[{"element-6066-11e4-a52e-4f735466cecf":"f.150F062B3A02957456735AB987B5EB04.d.33BB8AFCD2EC95BC7BF05015CF590F68.e.7541","ELEMENT":"f.150F062B3A02957456735AB987B5EB04.d.33BB8AFCD2EC95BC7BF05015CF590F68.e.7541"},{"block":"start","inline":"nearest"}]}
RESULT: {"script":"<script> [79 bytes]","args":[{"element-6066-11e4-a52e-4f735466cecf":"f.150F062B3A02957456735AB987B5EB04.d.33BB8AFCD2EC95BC7BF05015CF590F68.e.7541","ELEMENT":"f.150F062B3A02957456735AB987B5EB04.d.33BB8AFCD2EC95BC7BF05015CF590F68.e.7541"},{"block":"start","inline":"nearest"}]}
COMMAND: POST /session/08ab26b8631a6e4e239c2287b57cf254/execute/async - {"script":"<script> [1562 bytes]","args":[{"selector":{"id":"application-manageresources-display-component---newResourceUnit--btnAddTimeSegment-img"},"wdio_ui5_key":"applicationmanageresources-display-component---newResourceUnit--btnAddTimeSegment-img"}]}
COMMAND: GET /session/08ab26b8631a6e4e239c2287b57cf254/screenshot - {}
RESULT: {"script":"<script> [1562 bytes]","args":[{"selector":{"id":"application-manageresources-display-component---newResourceUnit--btnAddTimeSegment-img"},"wdio_ui5_key":"applicationmanageresources-display-component---newResourceUnit--btnAddTimeSegment-img"}]}
RESULT: undefined
COMMAND: POST /session/08ab26b8631a6e4e239c2287b57cf254/element - {"using":"xpath","value":"//*[@id=\"application-manageresources-display-component---newResourceUnit--btnAddTimeSegment-img\"]"}
RESULT: {}
RESULT: {"using":"xpath","value":"//*[@id=\"application-manageresources-display-component---newResourceUnit--btnAddTimeSegment-img\"]"}
COMMAND: POST /session/08ab26b8631a6e4e239c2287b57cf254/element/f.150F062B3A02957456735AB987B5EB04.d.33BB8AFCD2EC95BC7BF05015CF590F68.e.7542/click - {}
RESULT: {}
COMMAND: POST /session/08ab26b8631a6e4e239c2287b57cf254/element - {"using":"xpath","value":"//input[@id=\"application-manageresources-display-component---newResourceUnit--idRuTSAdmin-application-manageresources-display-component---newResourceUnit--RUTimeSegment-0-inner\"]"}
COMMAND: GET /session/08ab26b8631a6e4e239c2287b57cf254/screenshot - {}
RESULT: {"using":"xpath","value":"//input[@id=\"application-manageresources-display-component---newResourceUnit--idRuTSAdmin-application-manageresources-display-component---newResourceUnit--RUTimeSegment-0-inner\"]"}
COMMAND: POST /session/08ab26b8631a6e4e239c2287b57cf254/element/f.150F062B3A02957456735AB987B5EB04.d.33BB8AFCD2EC95BC7BF05015CF590F68.e.7547/clear - {}
RESULT: {}
RESULT: {}
COMMAND: POST /session/08ab26b8631a6e4e239c2287b57cf254/element/f.150F062B3A02957456735AB987B5EB04.d.33BB8AFCD2EC95BC7BF05015CF590F68.e.7547/value - {"text":"Webdriver Yard"}
COMMAND: GET /session/08ab26b8631a6e4e239c2287b57cf254/screenshot - {}
RESULT: {"text":"Webdriver Yard"}
COMMAND: GET /session/08ab26b8631a6e4e239c2287b57cf254/screenshot - {}
RESULT: {}
RESULT: {}
COMMAND: POST /session/08ab26b8631a6e4e239c2287b57cf254/actions - {"actions":[{"id":"action22","type":"key","parameters":{},"actions":[{"type":"keyDown","value":"î€‡"},{"type":"pause","duration":10},{"type":"keyUp","value":"î€‡"}]}]}
RESULT: {"actions":[{"id":"action22","type":"key","parameters":{},"actions":[{"type":"keyDown","value":"î€‡"},{"type":"pause","duration":10},{"type":"keyUp","value":"î€‡"}]}]}
COMMAND: POST /session/08ab26b8631a6e4e239c2287b57cf254/execute/async - {"script":"<script> [1562 bytes]","args":[{"selector":{"controlType":"sap.ui.core.Icon","viewName":"reusables.view.manageresources.NewResourceUnit","viewId":"application-manageresources-display-component---newResourceUnit","properties":{"src":{"regex":{"source":"slim\\-arrow\\-down"}}},"ancestor":{"controlType":"sap.m.ComboBox","viewName":"reusables.view.manageresources.NewResourceUnit","viewId":"application-manageresources-display-component---newResourceUnit","bindingPath":{"path":"/RESOURCE_UNIT_TIME_SEQUENCES/0","propertyPath":"COST_OBJECT_ADMIN_CST_TYPE","modelName":"oNewRruModel"}}},"wdio_ui5_key":"reusablesview.manageresources.NewResourceUnitsap.ui.core.Icon{\"src\":{\"regex\":{\"source\":\"slim\\\\-arrow\\\\-down\"}}}{\"controlType\":\"sap.m.ComboBox\",\"viewName\":\"reusables.view.manageresources.NewResourceUnit\",\"viewId\":\"application-manageresources-display-component---newResourceUnit\",\"bindingPath\":{\"path\":\"/RESOURCE_UNIT_TIME_SEQUENCES/0\",\"propertyPath\":\"COST_OBJECT_ADMIN_CST_TYPE\",\"modelName\":\"oNewRruModel\"}}"}]}
COMMAND: GET /session/08ab26b8631a6e4e239c2287b57cf254/screenshot - {}
RESULT: {"script":"<script> [1562 bytes]","args":[{"selector":{"controlType":"sap.ui.core.Icon","viewName":"reusables.view.manageresources.NewResourceUnit","viewId":"application-manageresources-display-component---newResourceUnit","properties":{"src":{"regex":{"source":"slim\\-arrow\\-down"}}},"ancestor":{"controlType":"sap.m.ComboBox","viewName":"reusables.view.manageresources.NewResourceUnit","viewId":"application-manageresources-display-component---newResourceUnit","bindingPath":{"path":"/RESOURCE_UNIT_TIME_SEQUENCES/0","propertyPath":"COST_OBJECT_ADMIN_CST_TYPE","modelName":"oNewRruModel"}}},"wdio_ui5_key":"reusablesview.manageresources.NewResourceUnitsap.ui.core.Icon{\"src\":{\"regex\":{\"source\":\"slim\\\\-arrow\\\\-down\"}}}{\"controlType\":\"sap.m.ComboBox\",\"viewName\":\"reusables.view.manageresources.NewResourceUnit\",\"viewId\":\"application-manageresources-display-component---newResourceUnit\",\"bindingPath\":{\"path\":\"/RESOURCE_UNIT_TIME_SEQUENCES/0\",\"propertyPath\":\"COST_OBJECT_ADMIN_CST_TYPE\",\"modelName\":\"oNewRruModel\"}}"}]}
RESULT: undefined
COMMAND: POST /session/08ab26b8631a6e4e239c2287b57cf254/element - {"using":"xpath","value":"//*[@id=\"__box4-application-manageresources-display-component---newResourceUnit--RUTimeSegment-0-arrow\"]"}
RESULT: {}
RESULT: {"using":"xpath","value":"//*[@id=\"__box4-application-manageresources-display-component---newResourceUnit--RUTimeSegment-0-arrow\"]"}
COMMAND: POST /session/08ab26b8631a6e4e239c2287b57cf254/element/f.150F062B3A02957456735AB987B5EB04.d.33BB8AFCD2EC95BC7BF05015CF590F68.e.7560/click - {}
RESULT: {}
COMMAND: POST /session/08ab26b8631a6e4e239c2287b57cf254/execute/async - {"script":"<script> [1562 bytes]","args":[{"selector":{"controlType":"sap.m.StandardListItem","viewName":"reusables.view.manageresources.NewResourceUnit","viewId":"application-manageresources-display-component---newResourceUnit","properties":{"title":"PM Order"},"searchOpenDialogs":true,"interaction":{"idSuffix":"titleText"}},"wdio_ui5_key":"reusablesview.manageresources.NewResourceUnitsap.m.StandardListItem{\"title\":\"PM Order\"}"}]}
COMMAND: GET /session/08ab26b8631a6e4e239c2287b57cf254/screenshot - {}
RESULT: {"script":"<script> [1562 bytes]","args":[{"selector":{"controlType":"sap.m.StandardListItem","viewName":"reusables.view.manageresources.NewResourceUnit","viewId":"application-manageresources-display-component---newResourceUnit","properties":{"title":"PM Order"},"searchOpenDialogs":true,"interaction":{"idSuffix":"titleText"}},"wdio_ui5_key":"reusablesview.manageresources.NewResourceUnitsap.m.StandardListItem{\"title\":\"PM Order\"}"}]}
RESULT: undefined
COMMAND: POST /session/08ab26b8631a6e4e239c2287b57cf254/element - {"using":"xpath","value":"//*[@id=\"__item618\"]"}
RESULT: {}
RESULT: {"using":"xpath","value":"//*[@id=\"__item618\"]"}
COMMAND: POST /session/08ab26b8631a6e4e239c2287b57cf254/element/f.150F062B3A02957456735AB987B5EB04.d.33BB8AFCD2EC95BC7BF05015CF590F68.e.7564/click - {}
RESULT: {}
COMMAND: GET /session/08ab26b8631a6e4e239c2287b57cf254/screenshot - {}
RESULT: {}
COMMAND: POST /session/08ab26b8631a6e4e239c2287b57cf254/element - {"using":"xpath","value":"(//input[contains(@id ,\"-application-manageresources-display-component---newResourceUnit--RUTimeSegment-0-inner\")])[8]"}
RESULT: {"using":"xpath","value":"(//input[contains(@id ,\"-application-manageresources-display-component---newResourceUnit--RUTimeSegment-0-inner\")])[8]"}
COMMAND: POST /session/08ab26b8631a6e4e239c2287b57cf254/element/f.150F062B3A02957456735AB987B5EB04.d.33BB8AFCD2EC95BC7BF05015CF590F68.e.7567/clear - {}
RESULT: {}
COMMAND: POST /session/08ab26b8631a6e4e239c2287b57cf254/element/f.150F062B3A02957456735AB987B5EB04.d.33BB8AFCD2EC95BC7BF05015CF590F68.e.7567/value - {"text":"4000360"}
COMMAND: GET /session/08ab26b8631a6e4e239c2287b57cf254/screenshot - {}
RESULT: {"text":"4000360"}
COMMAND: GET /session/08ab26b8631a6e4e239c2287b57cf254/screenshot - {}
RESULT: {}
RESULT: {}
COMMAND: POST /session/08ab26b8631a6e4e239c2287b57cf254/actions - {"actions":[{"id":"action23","type":"key","parameters":{},"actions":[{"type":"keyDown","value":"î€‡"},{"type":"pause","duration":10},{"type":"keyUp","value":"î€‡"}]}]}
RESULT: {"actions":[{"id":"action23","type":"key","parameters":{},"actions":[{"type":"keyDown","value":"î€‡"},{"type":"pause","duration":10},{"type":"keyUp","value":"î€‡"}]}]}
COMMAND: GET /session/08ab26b8631a6e4e239c2287b57cf254/screenshot - {}
RESULT: {}
COMMAND: POST /session/08ab26b8631a6e4e239c2287b57cf254/execute/async - {"script":"<script> [1562 bytes]","args":[{"selector":{"id":"application-manageresources-display-component---newResourceUnit--newTimeSegmentDateRangePicker-application-manageresources-display-component---newResourceUnit--RUTimeSegment-0","interaction":{"idSuffix":"inner"}},"wdio_ui5_key":"applicationmanageresources-display-component---newResourceUnit--newTimeSegmentDateRangePicker-application-manageresources-display-component---newResourceUnit--RUTimeSegment-0"}]}
RESULT: {"script":"<script> [1562 bytes]","args":[{"selector":{"id":"application-manageresources-display-component---newResourceUnit--newTimeSegmentDateRangePicker-application-manageresources-display-component---newResourceUnit--RUTimeSegment-0","interaction":{"idSuffix":"inner"}},"wdio_ui5_key":"applicationmanageresources-display-component---newResourceUnit--newTimeSegmentDateRangePicker-application-manageresources-display-component---newResourceUnit--RUTimeSegment-0"}]}
RESULT: undefined
COMMAND: POST /session/08ab26b8631a6e4e239c2287b57cf254/execute/async - {"script":"<script> [1562 bytes]","args":[{"selector":{"id":"application-manageresources-display-component---newResourceUnit--newRRUPage-anchBar-application-manageresources-display-component---newResourceUnit--resource-anchor","interaction":{"idSuffix":"BDI-content"}},"wdio_ui5_key":"applicationmanageresources-display-component---newResourceUnit--newRRUPage-anchBar-application-manageresources-display-component---newResourceUnit--resource-anchor"}]}
RESULT: {"script":"<script> [1562 bytes]","args":[{"selector":{"id":"application-manageresources-display-component---newResourceUnit--newRRUPage-anchBar-application-manageresources-display-component---newResourceUnit--resource-anchor","interaction":{"idSuffix":"BDI-content"}},"wdio_ui5_key":"applicationmanageresources-display-component---newResourceUnit--newRRUPage-anchBar-application-manageresources-display-component---newResourceUnit--resource-anchor"}]}
RESULT: undefined
COMMAND: POST /session/08ab26b8631a6e4e239c2287b57cf254/element - {"using":"xpath","value":"//*[@id=\"application-manageresources-display-component---newResourceUnit--newRRUPage-anchBar-application-manageresources-display-component---newResourceUnit--resource-anchor\"]"}
RESULT: {"using":"xpath","value":"//*[@id=\"application-manageresources-display-component---newResourceUnit--newRRUPage-anchBar-application-manageresources-display-component---newResourceUnit--resource-anchor\"]"}
COMMAND: POST /session/08ab26b8631a6e4e239c2287b57cf254/element/f.150F062B3A02957456735AB987B5EB04.d.33BB8AFCD2EC95BC7BF05015CF590F68.e.7586/click - {}
RESULT: {}
COMMAND: POST /session/08ab26b8631a6e4e239c2287b57cf254/execute/async - {"script":"<script> [1562 bytes]","args":[{"selector":{"id":"application-manageresources-display-component---newResourceUnit--PLANNED_DELIVERY_DATE","interaction":{"idSuffix":"inner"}},"wdio_ui5_key":"applicationmanageresources-display-component---newResourceUnit--PLANNED_DELIVERY_DATE"}]}
COMMAND: GET /session/08ab26b8631a6e4e239c2287b57cf254/screenshot - {}
RESULT: {"script":"<script> [1562 bytes]","args":[{"selector":{"id":"application-manageresources-display-component---newResourceUnit--PLANNED_DELIVERY_DATE","interaction":{"idSuffix":"inner"}},"wdio_ui5_key":"applicationmanageresources-display-component---newResourceUnit--PLANNED_DELIVERY_DATE"}]}
RESULT: undefined
COMMAND: POST /session/08ab26b8631a6e4e239c2287b57cf254/execute/async - {"script":"<script> [6424 bytes]","args":[{"element-6066-11e4-a52e-4f735466cecf":"f.150F062B3A02957456735AB987B5EB04.d.33BB8AFCD2EC95BC7BF05015CF590F68.e.7448"},"setValue",["06/02/24"]]}
RESULT: {}
RESULT: {"script":"<script> [6424 bytes]","args":[{"element-6066-11e4-a52e-4f735466cecf":"f.150F062B3A02957456735AB987B5EB04.d.33BB8AFCD2EC95BC7BF05015CF590F68.e.7448"},"setValue",["06/02/24"]]}
COMMAND: POST /session/08ab26b8631a6e4e239c2287b57cf254/execute/async - {"script":"<script> [1562 bytes]","args":[{"selector":{"controlType":"sap.m.Button","viewName":"reusables.view.manageresources.NewResourceUnit","viewId":"application-manageresources-display-component---newResourceUnit","i18NText":{"propertyName":"tooltip","key":"save"},"interaction":{"idSuffix":"BDI-content"}},"wdio_ui5_key":"reusablesview.manageresources.NewResourceUnitsap.m.Button{\"propertyName\":\"tooltip\",\"key\":\"save\"}"}]}
RESULT: {"script":"<script> [1562 bytes]","args":[{"selector":{"controlType":"sap.m.Button","viewName":"reusables.view.manageresources.NewResourceUnit","viewId":"application-manageresources-display-component---newResourceUnit","i18NText":{"propertyName":"tooltip","key":"save"},"interaction":{"idSuffix":"BDI-content"}},"wdio_ui5_key":"reusablesview.manageresources.NewResourceUnitsap.m.Button{\"propertyName\":\"tooltip\",\"key\":\"save\"}"}]}
RESULT: undefined
COMMAND: POST /session/08ab26b8631a6e4e239c2287b57cf254/element - {"using":"xpath","value":"//*[@id=\"application-manageresources-display-component---newResourceUnit--createRuButton\"]"}
RESULT: {"using":"xpath","value":"//*[@id=\"application-manageresources-display-component---newResourceUnit--createRuButton\"]"}
COMMAND: POST /session/08ab26b8631a6e4e239c2287b57cf254/element/f.150F062B3A02957456735AB987B5EB04.d.33BB8AFCD2EC95BC7BF05015CF590F68.e.7408/click - {}
RESULT: {}
COMMAND: GET /session/08ab26b8631a6e4e239c2287b57cf254/screenshot - {}
RESULT: {}
COMMAND: POST /session/08ab26b8631a6e4e239c2287b57cf254/execute/async - {"script":"<script> [1562 bytes]","args":[{"selector":{"controlType":"sap.m.Button","properties":{"text":"Close"},"searchOpenDialogs":true,"interaction":{"idSuffix":"inner"}},"wdio_ui5_key":"sapm.Button{\"text\":\"Close\"}"}]}
RESULT: {"script":"<script> [1562 bytes]","args":[{"selector":{"controlType":"sap.m.Button","properties":{"text":"Close"},"searchOpenDialogs":true,"interaction":{"idSuffix":"inner"}},"wdio_ui5_key":"sapm.Button{\"text\":\"Close\"}"}]}
RESULT: undefined
COMMAND: POST /session/08ab26b8631a6e4e239c2287b57cf254/element - {"using":"xpath","value":"//*[@id=\"__mbox-btn-0\"]"}
RESULT: {"using":"xpath","value":"//*[@id=\"__mbox-btn-0\"]"}
COMMAND: POST /session/08ab26b8631a6e4e239c2287b57cf254/element/f.150F062B3A02957456735AB987B5EB04.d.33BB8AFCD2EC95BC7BF05015CF590F68.e.7592/click - {}
RESULT: {}
COMMAND: GET /session/08ab26b8631a6e4e239c2287b57cf254/screenshot - {}
RESULT: {}
COMMAND: POST /session/08ab26b8631a6e4e239c2287b57cf254/execute/async - {"script":"<script> [1562 bytes]","args":[{"selector":{"controlType":"sap.m.Text","viewName":"etm.portal.ui.manageresources.view.Detail","viewId":"application-manageresources-display-component---detailRU","bindingPath":{"propertyPath":"ID","modelName":"catalogModel"}},"wdio_ui5_key":"etmportal.ui.manageresources.view.Detailsap.m.Text{\"propertyPath\":\"ID\",\"modelName\":\"catalogModel\"}"}]}
RESULT: {"script":"<script> [1562 bytes]","args":[{"selector":{"controlType":"sap.m.Text","viewName":"etm.portal.ui.manageresources.view.Detail","viewId":"application-manageresources-display-component---detailRU","bindingPath":{"propertyPath":"ID","modelName":"catalogModel"}},"wdio_ui5_key":"etmportal.ui.manageresources.view.Detailsap.m.Text{\"propertyPath\":\"ID\",\"modelName\":\"catalogModel\"}"}]}
RESULT: undefined
COMMAND: POST /session/08ab26b8631a6e4e239c2287b57cf254/execute/async - {"script":"<script> [6424 bytes]","args":[{"element-6066-11e4-a52e-4f735466cecf":"f.150F062B3A02957456735AB987B5EB04.d.33BB8AFCD2EC95BC7BF05015CF590F68.e.7649"},"getText",[]]}
RESULT: {"script":"<script> [6424 bytes]","args":[{"element-6066-11e4-a52e-4f735466cecf":"f.150F062B3A02957456735AB987B5EB04.d.33BB8AFCD2EC95BC7BF05015CF590F68.e.7649"},"getText",[]]}
COMMAND: POST /session/08ab26b8631a6e4e239c2287b57cf254/element - {"using":"xpath","value":"//bdi[text()=\"Edit\"]"}
RESULT: {"using":"xpath","value":"//bdi[text()=\"Edit\"]"}
COMMAND: GET /session/08ab26b8631a6e4e239c2287b57cf254/element/f.150F062B3A02957456735AB987B5EB04.d.33BB8AFCD2EC95BC7BF05015CF590F68.e.7650/enabled - {}
RESULT: {}
COMMAND: POST /session/08ab26b8631a6e4e239c2287b57cf254/execute/sync - {"script":"<script> [8489 bytes]","args":[{"element-6066-11e4-a52e-4f735466cecf":"f.150F062B3A02957456735AB987B5EB04.d.33BB8AFCD2EC95BC7BF05015CF590F68.e.7650","ELEMENT":"f.150F062B3A02957456735AB987B5EB04.d.33BB8AFCD2EC95BC7BF05015CF590F68.e.7650"}]}
COMMAND: GET /session/08ab26b8631a6e4e239c2287b57cf254/screenshot - {}
RESULT: {"script":"<script> [8489 bytes]","args":[{"element-6066-11e4-a52e-4f735466cecf":"f.150F062B3A02957456735AB987B5EB04.d.33BB8AFCD2EC95BC7BF05015CF590F68.e.7650","ELEMENT":"f.150F062B3A02957456735AB987B5EB04.d.33BB8AFCD2EC95BC7BF05015CF590F68.e.7650"}]}
COMMAND: POST /session/08ab26b8631a6e4e239c2287b57cf254/execute/sync - {"script":"<script> [5351 bytes]","args":[{"element-6066-11e4-a52e-4f735466cecf":"f.150F062B3A02957456735AB987B5EB04.d.33BB8AFCD2EC95BC7BF05015CF590F68.e.7650","ELEMENT":"f.150F062B3A02957456735AB987B5EB04.d.33BB8AFCD2EC95BC7BF05015CF590F68.e.7650"}]}
COMMAND: GET /session/08ab26b8631a6e4e239c2287b57cf254/screenshot - {}
RESULT: {}
RESULT: {"script":"<script> [5351 bytes]","args":[{"element-6066-11e4-a52e-4f735466cecf":"f.150F062B3A02957456735AB987B5EB04.d.33BB8AFCD2EC95BC7BF05015CF590F68.e.7650","ELEMENT":"f.150F062B3A02957456735AB987B5EB04.d.33BB8AFCD2EC95BC7BF05015CF590F68.e.7650"}]}
COMMAND: POST /session/08ab26b8631a6e4e239c2287b57cf254/element/f.150F062B3A02957456735AB987B5EB04.d.33BB8AFCD2EC95BC7BF05015CF590F68.e.7650/click - {}
COMMAND: GET /session/08ab26b8631a6e4e239c2287b57cf254/screenshot - {}
RESULT: {}
RESULT: {}
COMMAND: GET /session/08ab26b8631a6e4e239c2287b57cf254/screenshot - {}
RESULT: {}
RESULT: {}
COMMAND: POST /session/08ab26b8631a6e4e239c2287b57cf254/element - {"using":"xpath","value":"//bdi[@id=\"application-manageresources-display-component---editResource--editRruPage-anchBar-application-manageresources-display-component---editResource--counters-anchor-BDI-content\"]"}
RESULT: {"using":"xpath","value":"//bdi[@id=\"application-manageresources-display-component---editResource--editRruPage-anchBar-application-manageresources-display-component---editResource--counters-anchor-BDI-content\"]"}
COMMAND: POST /session/08ab26b8631a6e4e239c2287b57cf254/execute/sync - {"script":"<script> [8489 bytes]","args":[{"element-6066-11e4-a52e-4f735466cecf":"f.150F062B3A02957456735AB987B5EB04.d.33BB8AFCD2EC95BC7BF05015CF590F68.e.7761","ELEMENT":"f.150F062B3A02957456735AB987B5EB04.d.33BB8AFCD2EC95BC7BF05015CF590F68.e.7761"}]}
RESULT: {"script":"<script> [8489 bytes]","args":[{"element-6066-11e4-a52e-4f735466cecf":"f.150F062B3A02957456735AB987B5EB04.d.33BB8AFCD2EC95BC7BF05015CF590F68.e.7761","ELEMENT":"f.150F062B3A02957456735AB987B5EB04.d.33BB8AFCD2EC95BC7BF05015CF590F68.e.7761"}]}
COMMAND: POST /session/08ab26b8631a6e4e239c2287b57cf254/element/f.150F062B3A02957456735AB987B5EB04.d.33BB8AFCD2EC95BC7BF05015CF590F68.e.7761/click - {}
COMMAND: GET /session/08ab26b8631a6e4e239c2287b57cf254/screenshot - {}
RESULT: {}
COMMAND: GET /session/08ab26b8631a6e4e239c2287b57cf254/screenshot - {}
RESULT: {}
RESULT: {}
COMMAND: POST /session/08ab26b8631a6e4e239c2287b57cf254/execute/async - {"script":"<script> [1562 bytes]","args":[{"selector":{"id":"application-manageresources-display-component---editResource--btnAddCounter-img"},"wdio_ui5_key":"applicationmanageresources-display-component---editResource--btnAddCounter-img"}]}
RESULT: {"script":"<script> [1562 bytes]","args":[{"selector":{"id":"application-manageresources-display-component---editResource--btnAddCounter-img"},"wdio_ui5_key":"applicationmanageresources-display-component---editResource--btnAddCounter-img"}]}
RESULT: undefined
COMMAND: POST /session/08ab26b8631a6e4e239c2287b57cf254/element - {"using":"xpath","value":"//*[@id=\"application-manageresources-display-component---editResource--btnAddCounter-img\"]"}
RESULT: {"using":"xpath","value":"//*[@id=\"application-manageresources-display-component---editResource--btnAddCounter-img\"]"}
COMMAND: POST /session/08ab26b8631a6e4e239c2287b57cf254/element/f.150F062B3A02957456735AB987B5EB04.d.33BB8AFCD2EC95BC7BF05015CF590F68.e.7801/click - {}
RESULT: {}
COMMAND: GET /session/08ab26b8631a6e4e239c2287b57cf254/screenshot - {}
RESULT: {}
COMMAND: POST /session/08ab26b8631a6e4e239c2287b57cf254/execute/async - {"script":"<script> [1562 bytes]","args":[{"selector":{"id":"application-manageresources-display-component---editResource--HAND_OVER_TYPE-application-manageresources-display-component---editResource--RUCounters-0","interaction":{"idSuffix":"CbBg"}},"wdio_ui5_key":"applicationmanageresources-display-component---editResource--HAND_OVER_TYPE-application-manageresources-display-component---editResource--RUCounters-0"}]}
RESULT: {"script":"<script> [1562 bytes]","args":[{"selector":{"id":"application-manageresources-display-component---editResource--HAND_OVER_TYPE-application-manageresources-display-component---editResource--RUCounters-0","interaction":{"idSuffix":"CbBg"}},"wdio_ui5_key":"applicationmanageresources-display-component---editResource--HAND_OVER_TYPE-application-manageresources-display-component---editResource--RUCounters-0"}]}
RESULT: undefined
COMMAND: POST /session/08ab26b8631a6e4e239c2287b57cf254/element - {"using":"xpath","value":"//*[@id=\"application-manageresources-display-component---editResource--HAND_OVER_TYPE-application-manageresources-display-component---editResource--RUCounters-0\"]"}
RESULT: {"using":"xpath","value":"//*[@id=\"application-manageresources-display-component---editResource--HAND_OVER_TYPE-application-manageresources-display-component---editResource--RUCounters-0\"]"}
COMMAND: POST /session/08ab26b8631a6e4e239c2287b57cf254/element/f.150F062B3A02957456735AB987B5EB04.d.33BB8AFCD2EC95BC7BF05015CF590F68.e.7807/click - {}
RESULT: {}
COMMAND: POST /session/08ab26b8631a6e4e239c2287b57cf254/execute/async - {"script":"<script> [1562 bytes]","args":[{"selector":{"controlType":"sap.m.Button","viewName":"etm.portal.ui.manageresources.view.EditResource","viewId":"application-manageresources-display-component---editResource","i18NText":{"propertyName":"text","key":"save"},"interaction":{"idSuffix":"BDI-content"}},"wdio_ui5_key":"etmportal.ui.manageresources.view.EditResourcesap.m.Button{\"propertyName\":\"text\",\"key\":\"save\"}"}]}
COMMAND: GET /session/08ab26b8631a6e4e239c2287b57cf254/screenshot - {}
RESULT: {"script":"<script> [1562 bytes]","args":[{"selector":{"controlType":"sap.m.Button","viewName":"etm.portal.ui.manageresources.view.EditResource","viewId":"application-manageresources-display-component---editResource","i18NText":{"propertyName":"text","key":"save"},"interaction":{"idSuffix":"BDI-content"}},"wdio_ui5_key":"etmportal.ui.manageresources.view.EditResourcesap.m.Button{\"propertyName\":\"text\",\"key\":\"save\"}"}]}
RESULT: undefined
COMMAND: POST /session/08ab26b8631a6e4e239c2287b57cf254/element - {"using":"xpath","value":"//*[@id=\"__button90\"]"}
RESULT: {}
RESULT: {"using":"xpath","value":"//*[@id=\"__button90\"]"}
COMMAND: POST /session/08ab26b8631a6e4e239c2287b57cf254/element/f.150F062B3A02957456735AB987B5EB04.d.33BB8AFCD2EC95BC7BF05015CF590F68.e.7809/click - {}
RESULT: {}
COMMAND: GET /session/08ab26b8631a6e4e239c2287b57cf254/screenshot - {}
RESULT: {}
COMMAND: POST /session/08ab26b8631a6e4e239c2287b57cf254/element - {"using":"css selector","value":"#shell-header-logo"}
RESULT: {"using":"css selector","value":"#shell-header-logo"}
COMMAND: POST /session/08ab26b8631a6e4e239c2287b57cf254/elements - {"using":"css selector","value":"#shell-header-logo"}
RESULT: {"using":"css selector","value":"#shell-header-logo"}
COMMAND: POST /session/08ab26b8631a6e4e239c2287b57cf254/execute/sync - {"script":"<script> [8489 bytes]","args":[{"element-6066-11e4-a52e-4f735466cecf":"f.150F062B3A02957456735AB987B5EB04.d.33BB8AFCD2EC95BC7BF05015CF590F68.e.6920","ELEMENT":"f.150F062B3A02957456735AB987B5EB04.d.33BB8AFCD2EC95BC7BF05015CF590F68.e.6920"}]}
RESULT: {"script":"<script> [8489 bytes]","args":[{"element-6066-11e4-a52e-4f735466cecf":"f.150F062B3A02957456735AB987B5EB04.d.33BB8AFCD2EC95BC7BF05015CF590F68.e.6920","ELEMENT":"f.150F062B3A02957456735AB987B5EB04.d.33BB8AFCD2EC95BC7BF05015CF590F68.e.6920"}]}
COMMAND: POST /session/08ab26b8631a6e4e239c2287b57cf254/execute/sync - {"script":"<script> [5351 bytes]","args":[{"element-6066-11e4-a52e-4f735466cecf":"f.150F062B3A02957456735AB987B5EB04.d.33BB8AFCD2EC95BC7BF05015CF590F68.e.6920","ELEMENT":"f.150F062B3A02957456735AB987B5EB04.d.33BB8AFCD2EC95BC7BF05015CF590F68.e.6920"}]}
COMMAND: GET /session/08ab26b8631a6e4e239c2287b57cf254/screenshot - {}
RESULT: {"script":"<script> [5351 bytes]","args":[{"element-6066-11e4-a52e-4f735466cecf":"f.150F062B3A02957456735AB987B5EB04.d.33BB8AFCD2EC95BC7BF05015CF590F68.e.6920","ELEMENT":"f.150F062B3A02957456735AB987B5EB04.d.33BB8AFCD2EC95BC7BF05015CF590F68.e.6920"}]}
COMMAND: POST /session/08ab26b8631a6e4e239c2287b57cf254/element/f.150F062B3A02957456735AB987B5EB04.d.33BB8AFCD2EC95BC7BF05015CF590F68.e.6920/click - {}
COMMAND: GET /session/08ab26b8631a6e4e239c2287b57cf254/screenshot - {}
RESULT: {}
RESULT: {}
COMMAND: GET /session/08ab26b8631a6e4e239c2287b57cf254/screenshot - {}
RESULT: {}
RESULT: {}
COMMAND: POST /session/08ab26b8631a6e4e239c2287b57cf254/element - {"using":"css selector","value":"#shell-header-logo"}
RESULT: {"using":"css selector","value":"#shell-header-logo"}
COMMAND: POST /session/08ab26b8631a6e4e239c2287b57cf254/element/f.150F062B3A02957456735AB987B5EB04.d.33BB8AFCD2EC95BC7BF05015CF590F68.e.7823/click - {}
RESULT: {}
COMMAND: GET /session/08ab26b8631a6e4e239c2287b57cf254/screenshot - {}
RESULT: {}
]]></system-out>
    </testcase>
  </testsuite>
  <testsuite timestamp="2025-05-02T15:47:06" time="89.581" tests="2" failures="0" errors="0" skipped="0">
    <properties>
      <property name="specId" value="0" />
      <property name="suiteName" value="Personnel creation and reference material verification  US120163" />
      <property name="capabilities" value="chrome.135_0_7049_96.windows" />
      <property name="file" value="file:///D:/a/1/s/test/specs/R2C/create-personnel-no-material-reference.spec.js" />
    </properties>
    <testcase classname="chrome.135_0_7049_96.windows.Personnel_creation_and_reference_material_verification__US120163" name="Should create a new personnel and verify if the material reference is visible" time="68.027">
      <system-out><![CDATA[
RESULT: undefined
COMMAND: POST /session/08ab26b8631a6e4e239c2287b57cf254/element - {"using":"xpath","value":"//*[@id=\"__tile31\"]"}
RESULT: {"using":"xpath","value":"//*[@id=\"__tile31\"]"}
COMMAND: POST /session/08ab26b8631a6e4e239c2287b57cf254/element/f.150F062B3A02957456735AB987B5EB04.d.33BB8AFCD2EC95BC7BF05015CF590F68.e.6944/click - {}
RESULT: {}
COMMAND: GET /session/08ab26b8631a6e4e239c2287b57cf254/screenshot - {}
RESULT: {}
COMMAND: POST /session/08ab26b8631a6e4e239c2287b57cf254/element - {"using":"xpath","value":"//button[@data-kt=\"addNewRUOverflowToolbarButton\"]"}
RESULT: {"using":"xpath","value":"//button[@data-kt=\"addNewRUOverflowToolbarButton\"]"}
COMMAND: POST /session/08ab26b8631a6e4e239c2287b57cf254/execute/sync - {"script":"<script> [8489 bytes]","args":[{"element-6066-11e4-a52e-4f735466cecf":"f.150F062B3A02957456735AB987B5EB04.d.33BB8AFCD2EC95BC7BF05015CF590F68.e.7889","ELEMENT":"f.150F062B3A02957456735AB987B5EB04.d.33BB8AFCD2EC95BC7BF05015CF590F68.e.7889"}]}
RESULT: {"script":"<script> [8489 bytes]","args":[{"element-6066-11e4-a52e-4f735466cecf":"f.150F062B3A02957456735AB987B5EB04.d.33BB8AFCD2EC95BC7BF05015CF590F68.e.7889","ELEMENT":"f.150F062B3A02957456735AB987B5EB04.d.33BB8AFCD2EC95BC7BF05015CF590F68.e.7889"}]}
COMMAND: POST /session/08ab26b8631a6e4e239c2287b57cf254/element/f.150F062B3A02957456735AB987B5EB04.d.33BB8AFCD2EC95BC7BF05015CF590F68.e.7889/click - {}
COMMAND: GET /session/08ab26b8631a6e4e239c2287b57cf254/screenshot - {}
RESULT: {}
RESULT: undefined
COMMAND: POST /session/08ab26b8631a6e4e239c2287b57cf254/element - {"using":"xpath","value":"//*[@id=\"application-manageresources-display-component---newResourceUnit--TYPE-arrow\"]"}
COMMAND: GET /session/08ab26b8631a6e4e239c2287b57cf254/screenshot - {}
RESULT: {}
RESULT: {"using":"xpath","value":"//*[@id=\"application-manageresources-display-component---newResourceUnit--TYPE-arrow\"]"}
COMMAND: POST /session/08ab26b8631a6e4e239c2287b57cf254/element/f.150F062B3A02957456735AB987B5EB04.d.33BB8AFCD2EC95BC7BF05015CF590F68.e.8223/click - {}
RESULT: {}
RESULT: {}
COMMAND: POST /session/08ab26b8631a6e4e239c2287b57cf254/execute/async - {"script":"<script> [1562 bytes]","args":[{"selector":{"controlType":"sap.m.StandardListItem","viewName":"reusables.view.manageresources.NewResourceUnit","viewId":"application-manageresources-display-component---newResourceUnit","properties":{"title":"Personnel"},"searchOpenDialogs":true,"interaction":{"idSuffix":"titleText"}},"wdio_ui5_key":"reusablesview.manageresources.NewResourceUnitsap.m.StandardListItem{\"title\":\"Personnel\"}"}]}
COMMAND: GET /session/08ab26b8631a6e4e239c2287b57cf254/screenshot - {}
RESULT: {"script":"<script> [1562 bytes]","args":[{"selector":{"controlType":"sap.m.StandardListItem","viewName":"reusables.view.manageresources.NewResourceUnit","viewId":"application-manageresources-display-component---newResourceUnit","properties":{"title":"Personnel"},"searchOpenDialogs":true,"interaction":{"idSuffix":"titleText"}},"wdio_ui5_key":"reusablesview.manageresources.NewResourceUnitsap.m.StandardListItem{\"title\":\"Personnel\"}"}]}
RESULT: undefined
COMMAND: POST /session/08ab26b8631a6e4e239c2287b57cf254/element - {"using":"xpath","value":"//*[@id=\"__item1196\"]"}
RESULT: {}
RESULT: {"using":"xpath","value":"//*[@id=\"__item1196\"]"}
COMMAND: POST /session/08ab26b8631a6e4e239c2287b57cf254/element/f.150F062B3A02957456735AB987B5EB04.d.33BB8AFCD2EC95BC7BF05015CF590F68.e.8226/click - {}
RESULT: {}
RESULT: undefined
COMMAND: POST /session/08ab26b8631a6e4e239c2287b57cf254/execute/async - {"script":"<script> [776 bytes]","args":[{"enterText":"WdIOPersonnelky1c3","selector":{"id":"application-manageresources-display-component---newResourceUnit--SHORT_TEXT","interaction":{"idSuffix":"inner"}},"clearTextFirst":true,"interactionType":"ENTER_TEXT"}]}
COMMAND: GET /session/08ab26b8631a6e4e239c2287b57cf254/screenshot - {}
RESULT: {"script":"<script> [776 bytes]","args":[{"enterText":"WdIOPersonnelky1c3","selector":{"id":"application-manageresources-display-component---newResourceUnit--SHORT_TEXT","interaction":{"idSuffix":"inner"}},"clearTextFirst":true,"interactionType":"ENTER_TEXT"}]}
COMMAND: POST /session/08ab26b8631a6e4e239c2287b57cf254/element - {"using":"xpath","value":"//bdi[contains(text(), \"Material\")]"}
RESULT: {}
RESULT: {"using":"xpath","value":"//bdi[contains(text(), \"Material\")]"}
COMMAND: POST /session/08ab26b8631a6e4e239c2287b57cf254/element - {"using":"xpath","value":"//bdi[contains(text(), \"Material\")]"}
RESULT: {"using":"xpath","value":"//bdi[contains(text(), \"Material\")]"}
COMMAND: POST /session/08ab26b8631a6e4e239c2287b57cf254/execute/async - {"script":"<script> [1562 bytes]","args":[{"selector":{"id":"application-manageresources-display-component---newResourceUnit--BASE_UNIT_OF_MEASURE-arrow"},"wdio_ui5_key":"applicationmanageresources-display-component---newResourceUnit--BASE_UNIT_OF_MEASURE-arrow"}]}
RESULT: {"script":"<script> [1562 bytes]","args":[{"selector":{"id":"application-manageresources-display-component---newResourceUnit--BASE_UNIT_OF_MEASURE-arrow"},"wdio_ui5_key":"applicationmanageresources-display-component---newResourceUnit--BASE_UNIT_OF_MEASURE-arrow"}]}
RESULT: undefined
COMMAND: POST /session/08ab26b8631a6e4e239c2287b57cf254/element - {"using":"xpath","value":"//*[@id=\"application-manageresources-display-component---newResourceUnit--BASE_UNIT_OF_MEASURE-arrow\"]"}
RESULT: {"using":"xpath","value":"//*[@id=\"application-manageresources-display-component---newResourceUnit--BASE_UNIT_OF_MEASURE-arrow\"]"}
COMMAND: POST /session/08ab26b8631a6e4e239c2287b57cf254/element/f.150F062B3A02957456735AB987B5EB04.d.33BB8AFCD2EC95BC7BF05015CF590F68.e.8268/click - {}
RESULT: {}
COMMAND: POST /session/08ab26b8631a6e4e239c2287b57cf254/execute/async - {"script":"<script> [1562 bytes]","args":[{"selector":{"controlType":"sap.m.StandardListItem","viewName":"reusables.view.manageresources.NewResourceUnit","viewId":"application-manageresources-display-component---newResourceUnit","properties":{"title":"Percent"},"searchOpenDialogs":true,"interaction":{"idSuffix":"titleText"}},"wdio_ui5_key":"reusablesview.manageresources.NewResourceUnitsap.m.StandardListItem{\"title\":\"Percent\"}"}]}
COMMAND: GET /session/08ab26b8631a6e4e239c2287b57cf254/screenshot - {}
RESULT: {"script":"<script> [1562 bytes]","args":[{"selector":{"controlType":"sap.m.StandardListItem","viewName":"reusables.view.manageresources.NewResourceUnit","viewId":"application-manageresources-display-component---newResourceUnit","properties":{"title":"Percent"},"searchOpenDialogs":true,"interaction":{"idSuffix":"titleText"}},"wdio_ui5_key":"reusablesview.manageresources.NewResourceUnitsap.m.StandardListItem{\"title\":\"Percent\"}"}]}
RESULT: undefined
COMMAND: POST /session/08ab26b8631a6e4e239c2287b57cf254/element - {"using":"xpath","value":"//*[@id=\"__item1218\"]"}
RESULT: {}
RESULT: {"using":"xpath","value":"//*[@id=\"__item1218\"]"}
COMMAND: POST /session/08ab26b8631a6e4e239c2287b57cf254/element/f.150F062B3A02957456735AB987B5EB04.d.33BB8AFCD2EC95BC7BF05015CF590F68.e.8270/click - {}
RESULT: {}
COMMAND: POST /session/08ab26b8631a6e4e239c2287b57cf254/execute/async - {"script":"<script> [1562 bytes]","args":[{"selector":{"id":"application-manageresources-display-component---newResourceUnit--PLANNING_GROUP-arrow"},"wdio_ui5_key":"applicationmanageresources-display-component---newResourceUnit--PLANNING_GROUP-arrow"}]}
COMMAND: GET /session/08ab26b8631a6e4e239c2287b57cf254/screenshot - {}
RESULT: {"script":"<script> [1562 bytes]","args":[{"selector":{"id":"application-manageresources-display-component---newResourceUnit--PLANNING_GROUP-arrow"},"wdio_ui5_key":"applicationmanageresources-display-component---newResourceUnit--PLANNING_GROUP-arrow"}]}
RESULT: undefined
COMMAND: POST /session/08ab26b8631a6e4e239c2287b57cf254/element - {"using":"xpath","value":"//*[@id=\"application-manageresources-display-component---newResourceUnit--PLANNING_GROUP-arrow\"]"}
RESULT: {}
RESULT: {"using":"xpath","value":"//*[@id=\"application-manageresources-display-component---newResourceUnit--PLANNING_GROUP-arrow\"]"}
COMMAND: POST /session/08ab26b8631a6e4e239c2287b57cf254/element/f.150F062B3A02957456735AB987B5EB04.d.33BB8AFCD2EC95BC7BF05015CF590F68.e.8271/click - {}
RESULT: {}
COMMAND: GET /session/08ab26b8631a6e4e239c2287b57cf254/screenshot - {}
RESULT: {}
COMMAND: POST /session/08ab26b8631a6e4e239c2287b57cf254/execute/async - {"script":"<script> [1562 bytes]","args":[{"selector":{"controlType":"sap.m.StandardListItem","viewName":"reusables.view.manageresources.NewResourceUnit","viewId":"application-manageresources-display-component---newResourceUnit","properties":{"title":"Operating personnel"},"searchOpenDialogs":true,"interaction":{"idSuffix":"titleText"}},"wdio_ui5_key":"reusablesview.manageresources.NewResourceUnitsap.m.StandardListItem{\"title\":\"Operating personnel\"}"}]}
RESULT: {"script":"<script> [1562 bytes]","args":[{"selector":{"controlType":"sap.m.StandardListItem","viewName":"reusables.view.manageresources.NewResourceUnit","viewId":"application-manageresources-display-component---newResourceUnit","properties":{"title":"Operating personnel"},"searchOpenDialogs":true,"interaction":{"idSuffix":"titleText"}},"wdio_ui5_key":"reusablesview.manageresources.NewResourceUnitsap.m.StandardListItem{\"title\":\"Operating personnel\"}"}]}
RESULT: undefined
COMMAND: POST /session/08ab26b8631a6e4e239c2287b57cf254/element - {"using":"xpath","value":"//*[@id=\"__item1227\"]"}
RESULT: {"using":"xpath","value":"//*[@id=\"__item1227\"]"}
COMMAND: POST /session/08ab26b8631a6e4e239c2287b57cf254/element/f.150F062B3A02957456735AB987B5EB04.d.33BB8AFCD2EC95BC7BF05015CF590F68.e.8273/click - {}
RESULT: {}
COMMAND: GET /session/08ab26b8631a6e4e239c2287b57cf254/screenshot - {}
RESULT: {}
COMMAND: POST /session/08ab26b8631a6e4e239c2287b57cf254/element - {"using":"xpath","value":"//bdi[contains(text(), \"Time Segment\")]"}
RESULT: {"using":"xpath","value":"//bdi[contains(text(), \"Time Segment\")]"}
COMMAND: GET /session/08ab26b8631a6e4e239c2287b57cf254/element/f.150F062B3A02957456735AB987B5EB04.d.33BB8AFCD2EC95BC7BF05015CF590F68.e.8274/rect - {}
RESULT: {}
COMMAND: GET /session/08ab26b8631a6e4e239c2287b57cf254/window/rect - {}
RESULT: {}
COMMAND: POST /session/08ab26b8631a6e4e239c2287b57cf254/execute/sync - {"script":"<script> [92 bytes]","args":[]}
RESULT: {"script":"<script> [92 bytes]","args":[]}
COMMAND: POST /session/08ab26b8631a6e4e239c2287b57cf254/actions - {"actions":[{"id":"action24","type":"wheel","parameters":{},"actions":[{"type":"scroll","x":-1820,"y":804,"deltaX":0,"deltaY":0,"duration":0,"origin":{"element-6066-11e4-a52e-4f735466cecf":"f.150F062B3A02957456735AB987B5EB04.d.33BB8AFCD2EC95BC7BF05015CF590F68.e.8274"}}]}]}
COMMAND: GET /session/08ab26b8631a6e4e239c2287b57cf254/screenshot - {}
RESULT: {}
COMMAND: POST /session/08ab26b8631a6e4e239c2287b57cf254/execute/sync - {"script":"<script> [79 bytes]","args":[{"element-6066-11e4-a52e-4f735466cecf":"f.150F062B3A02957456735AB987B5EB04.d.33BB8AFCD2EC95BC7BF05015CF590F68.e.8274","ELEMENT":"f.150F062B3A02957456735AB987B5EB04.d.33BB8AFCD2EC95BC7BF05015CF590F68.e.8274"},{"block":"start","inline":"nearest"}]}
RESULT: {"script":"<script> [79 bytes]","args":[{"element-6066-11e4-a52e-4f735466cecf":"f.150F062B3A02957456735AB987B5EB04.d.33BB8AFCD2EC95BC7BF05015CF590F68.e.8274","ELEMENT":"f.150F062B3A02957456735AB987B5EB04.d.33BB8AFCD2EC95BC7BF05015CF590F68.e.8274"},{"block":"start","inline":"nearest"}]}
COMMAND: GET /session/08ab26b8631a6e4e239c2287b57cf254/screenshot - {}
RESULT: {}
COMMAND: POST /session/08ab26b8631a6e4e239c2287b57cf254/element - {"using":"xpath","value":"//span[@id=\"application-manageresources-display-component---newResourceUnit--btnAddTimeSegment-img\"]"}
RESULT: {"using":"xpath","value":"//span[@id=\"application-manageresources-display-component---newResourceUnit--btnAddTimeSegment-img\"]"}
COMMAND: POST /session/08ab26b8631a6e4e239c2287b57cf254/execute/sync - {"script":"<script> [8489 bytes]","args":[{"element-6066-11e4-a52e-4f735466cecf":"f.150F062B3A02957456735AB987B5EB04.d.33BB8AFCD2EC95BC7BF05015CF590F68.e.8279","ELEMENT":"f.150F062B3A02957456735AB987B5EB04.d.33BB8AFCD2EC95BC7BF05015CF590F68.e.8279"}]}
RESULT: {"script":"<script> [8489 bytes]","args":[{"element-6066-11e4-a52e-4f735466cecf":"f.150F062B3A02957456735AB987B5EB04.d.33BB8AFCD2EC95BC7BF05015CF590F68.e.8279","ELEMENT":"f.150F062B3A02957456735AB987B5EB04.d.33BB8AFCD2EC95BC7BF05015CF590F68.e.8279"}]}
COMMAND: POST /session/08ab26b8631a6e4e239c2287b57cf254/element/f.150F062B3A02957456735AB987B5EB04.d.33BB8AFCD2EC95BC7BF05015CF590F68.e.8279/click - {}
COMMAND: GET /session/08ab26b8631a6e4e239c2287b57cf254/screenshot - {}
RESULT: {}
COMMAND: GET /session/08ab26b8631a6e4e239c2287b57cf254/screenshot - {}
COMMAND: POST /session/08ab26b8631a6e4e239c2287b57cf254/element - {"using":"xpath","value":"//input[@id=\"application-manageresources-display-component---newResourceUnit--idRuTSAdmin-application-manageresources-display-component---newResourceUnit--RUTimeSegment-0-inner\"]"}
RESULT: {}
RESULT: {}
RESULT: {"using":"xpath","value":"//input[@id=\"application-manageresources-display-component---newResourceUnit--idRuTSAdmin-application-manageresources-display-component---newResourceUnit--RUTimeSegment-0-inner\"]"}
COMMAND: POST /session/08ab26b8631a6e4e239c2287b57cf254/element/f.150F062B3A02957456735AB987B5EB04.d.33BB8AFCD2EC95BC7BF05015CF590F68.e.8282/clear - {}
RESULT: {}
COMMAND: POST /session/08ab26b8631a6e4e239c2287b57cf254/element/f.150F062B3A02957456735AB987B5EB04.d.33BB8AFCD2EC95BC7BF05015CF590F68.e.8282/value - {"text":"webdriveryard"}
COMMAND: GET /session/08ab26b8631a6e4e239c2287b57cf254/screenshot - {}
RESULT: {"text":"webdriveryard"}
COMMAND: GET /session/08ab26b8631a6e4e239c2287b57cf254/screenshot - {}
RESULT: {}
RESULT: {}
COMMAND: POST /session/08ab26b8631a6e4e239c2287b57cf254/actions - {"actions":[{"id":"action25","type":"key","parameters":{},"actions":[{"type":"keyDown","value":"î€‡"},{"type":"pause","duration":10},{"type":"keyUp","value":"î€‡"}]}]}
RESULT: {"actions":[{"id":"action25","type":"key","parameters":{},"actions":[{"type":"keyDown","value":"î€‡"},{"type":"pause","duration":10},{"type":"keyUp","value":"î€‡"}]}]}
COMMAND: GET /session/08ab26b8631a6e4e239c2287b57cf254/screenshot - {}
RESULT: {}
COMMAND: POST /session/08ab26b8631a6e4e239c2287b57cf254/element - {"using":"xpath","value":"//input[contains(@id, \"application-manageresources-display-component---newResourceUnit--newControlDataDateRangePicker-inner\")]"}
RESULT: {"using":"xpath","value":"//input[contains(@id, \"application-manageresources-display-component---newResourceUnit--newControlDataDateRangePicker-inner\")]"}
COMMAND: POST /session/08ab26b8631a6e4e239c2287b57cf254/element/f.150F062B3A02957456735AB987B5EB04.d.33BB8AFCD2EC95BC7BF05015CF590F68.e.8255/clear - {}
RESULT: {}
COMMAND: POST /session/08ab26b8631a6e4e239c2287b57cf254/element/f.150F062B3A02957456735AB987B5EB04.d.33BB8AFCD2EC95BC7BF05015CF590F68.e.8255/value - {"text":"12/17/26 - 2/18/27"}
COMMAND: GET /session/08ab26b8631a6e4e239c2287b57cf254/screenshot - {}
RESULT: {"text":"12/17/26 - 2/18/27"}
COMMAND: POST /session/08ab26b8631a6e4e239c2287b57cf254/element - {"using":"xpath","value":"//bdi[contains(@id, \"application-manageresources-display-component---newResourceUnit--createRuButton-BDI-content\")]"}
COMMAND: GET /session/08ab26b8631a6e4e239c2287b57cf254/screenshot - {}
RESULT: {}
RESULT: {"using":"xpath","value":"//bdi[contains(@id, \"application-manageresources-display-component---newResourceUnit--createRuButton-BDI-content\")]"}
COMMAND: POST /session/08ab26b8631a6e4e239c2287b57cf254/element/f.150F062B3A02957456735AB987B5EB04.d.33BB8AFCD2EC95BC7BF05015CF590F68.e.8298/click - {}
RESULT: {}
RESULT: {}
COMMAND: GET /session/08ab26b8631a6e4e239c2287b57cf254/screenshot - {}
RESULT: {}
COMMAND: POST /session/08ab26b8631a6e4e239c2287b57cf254/actions - {"actions":[{"id":"action26","type":"key","parameters":{},"actions":[{"type":"keyDown","value":"î€‡"},{"type":"pause","duration":10},{"type":"keyUp","value":"î€‡"}]}]}
RESULT: {"actions":[{"id":"action26","type":"key","parameters":{},"actions":[{"type":"keyDown","value":"î€‡"},{"type":"pause","duration":10},{"type":"keyUp","value":"î€‡"}]}]}
COMMAND: GET /session/08ab26b8631a6e4e239c2287b57cf254/screenshot - {}
RESULT: {}
]]></system-out>
    </testcase>
    <testcase classname="chrome.135_0_7049_96.windows.Personnel_creation_and_reference_material_verification__US120163" name="Should verify if the reference material is visible in edit and detail mode" time="17.633">
      <system-out><![CDATA[
COMMAND: POST /session/08ab26b8631a6e4e239c2287b57cf254/element - {"using":"xpath","value":"//bdi[contains(text(), \"Edit\")]"}
RESULT: {"using":"xpath","value":"//bdi[contains(text(), \"Edit\")]"}
COMMAND: POST /session/08ab26b8631a6e4e239c2287b57cf254/element/f.150F062B3A02957456735AB987B5EB04.d.33BB8AFCD2EC95BC7BF05015CF590F68.e.8329/click - {}
RESULT: {}
COMMAND: GET /session/08ab26b8631a6e4e239c2287b57cf254/screenshot - {}
RESULT: {}
COMMAND: POST /session/08ab26b8631a6e4e239c2287b57cf254/element - {"using":"xpath","value":"//bdi[contains(text(), \"Material\")]"}
RESULT: {"using":"xpath","value":"//bdi[contains(text(), \"Material\")]"}
COMMAND: POST /session/08ab26b8631a6e4e239c2287b57cf254/element - {"using":"xpath","value":"//bdi[contains(text(), \"Material\")]"}
RESULT: {"using":"xpath","value":"//bdi[contains(text(), \"Material\")]"}
COMMAND: POST /session/08ab26b8631a6e4e239c2287b57cf254/element - {"using":"xpath","value":"(//bdi[contains(text(), \"Save\")])[2]"}
RESULT: {"using":"xpath","value":"(//bdi[contains(text(), \"Save\")])[2]"}
COMMAND: POST /session/08ab26b8631a6e4e239c2287b57cf254/element/f.150F062B3A02957456735AB987B5EB04.d.33BB8AFCD2EC95BC7BF05015CF590F68.e.8380/click - {}
RESULT: {}
COMMAND: GET /session/08ab26b8631a6e4e239c2287b57cf254/screenshot - {}
RESULT: {}
COMMAND: POST /session/08ab26b8631a6e4e239c2287b57cf254/element - {"using":"css selector","value":"#j_username"}
COMMAND: POST /session/08ab26b8631a6e4e239c2287b57cf254/url - {"url":"https://qa-testing-00-live-etm-ui.cfapps.eu10-004.hana.ondemand.com/"}
RESULT: {"using":"css selector","value":"#j_username"}
COMMAND: POST /session/08ab26b8631a6e4e239c2287b57cf254/element - {"using":"css selector","value":"#j_username"}
RESULT: {"url":"https://qa-testing-00-live-etm-ui.cfapps.eu10-004.hana.ondemand.com/"}
RESULT: undefined
COMMAND: GET /session/08ab26b8631a6e4e239c2287b57cf254/screenshot - {}
RESULT: {"using":"css selector","value":"#j_username"}
COMMAND: POST /session/08ab26b8631a6e4e239c2287b57cf254/element - {"using":"css selector","value":"#shell-header-logo"}
RESULT: {}
RESULT: {"using":"css selector","value":"#shell-header-logo"}
COMMAND: POST /session/08ab26b8631a6e4e239c2287b57cf254/execute/sync - {"script":"<script> [8489 bytes]","args":[{"element-6066-11e4-a52e-4f735466cecf":"f.150F062B3A02957456735AB987B5EB04.d.89BBE96DDA9A23F67948A29D273D3AED.e.8402","ELEMENT":"f.150F062B3A02957456735AB987B5EB04.d.89BBE96DDA9A23F67948A29D273D3AED.e.8402"}]}
RESULT: {"script":"<script> [8489 bytes]","args":[{"element-6066-11e4-a52e-4f735466cecf":"f.150F062B3A02957456735AB987B5EB04.d.89BBE96DDA9A23F67948A29D273D3AED.e.8402","ELEMENT":"f.150F062B3A02957456735AB987B5EB04.d.89BBE96DDA9A23F67948A29D273D3AED.e.8402"}]}
COMMAND: POST /session/08ab26b8631a6e4e239c2287b57cf254/element - {"using":"css selector","value":"#shell-header-logo"}
COMMAND: GET /session/08ab26b8631a6e4e239c2287b57cf254/screenshot - {}
RESULT: {"using":"css selector","value":"#shell-header-logo"}
COMMAND: POST /session/08ab26b8631a6e4e239c2287b57cf254/execute/sync - {"script":"<script> [8489 bytes]","args":[{"element-6066-11e4-a52e-4f735466cecf":"f.150F062B3A02957456735AB987B5EB04.d.89BBE96DDA9A23F67948A29D273D3AED.e.8402","ELEMENT":"f.150F062B3A02957456735AB987B5EB04.d.89BBE96DDA9A23F67948A29D273D3AED.e.8402"}]}
RESULT: {}
RESULT: {"script":"<script> [8489 bytes]","args":[{"element-6066-11e4-a52e-4f735466cecf":"f.150F062B3A02957456735AB987B5EB04.d.89BBE96DDA9A23F67948A29D273D3AED.e.8402","ELEMENT":"f.150F062B3A02957456735AB987B5EB04.d.89BBE96DDA9A23F67948A29D273D3AED.e.8402"}]}
COMMAND: POST /session/08ab26b8631a6e4e239c2287b57cf254/execute/sync - {"script":"<script> [5351 bytes]","args":[{"element-6066-11e4-a52e-4f735466cecf":"f.150F062B3A02957456735AB987B5EB04.d.89BBE96DDA9A23F67948A29D273D3AED.e.8402","ELEMENT":"f.150F062B3A02957456735AB987B5EB04.d.89BBE96DDA9A23F67948A29D273D3AED.e.8402"}]}
COMMAND: GET /session/08ab26b8631a6e4e239c2287b57cf254/screenshot - {}
RESULT: {"script":"<script> [5351 bytes]","args":[{"element-6066-11e4-a52e-4f735466cecf":"f.150F062B3A02957456735AB987B5EB04.d.89BBE96DDA9A23F67948A29D273D3AED.e.8402","ELEMENT":"f.150F062B3A02957456735AB987B5EB04.d.89BBE96DDA9A23F67948A29D273D3AED.e.8402"}]}
COMMAND: POST /session/08ab26b8631a6e4e239c2287b57cf254/element - {"using":"css selector","value":"#shell-header-logo"}
COMMAND: GET /session/08ab26b8631a6e4e239c2287b57cf254/screenshot - {}
RESULT: {}
RESULT: {"using":"css selector","value":"#shell-header-logo"}
COMMAND: POST /session/08ab26b8631a6e4e239c2287b57cf254/element/f.150F062B3A02957456735AB987B5EB04.d.89BBE96DDA9A23F67948A29D273D3AED.e.8402/click - {}
RESULT: {}
RESULT: {}
COMMAND: GET /session/08ab26b8631a6e4e239c2287b57cf254/screenshot - {}
RESULT: {}
COMMAND: POST /session/08ab26b8631a6e4e239c2287b57cf254/execute/async - {"script":"<script> [189 bytes]","args":[]}
RESULT: {"script":"<script> [189 bytes]","args":[]}
COMMAND: POST /session/08ab26b8631a6e4e239c2287b57cf254/execute/async - {"script":"<script> [123 bytes]","args":[]}
RESULT: {"script":"<script> [123 bytes]","args":[]}
COMMAND: POST /session/08ab26b8631a6e4e239c2287b57cf254/timeouts - {"script":"<number>"}
RESULT: {"script":"<number>"}
COMMAND: GET /session/08ab26b8631a6e4e239c2287b57cf254/timeouts - {}
RESULT: {}
RESULT: undefined
COMMAND: POST /session/08ab26b8631a6e4e239c2287b57cf254/execute/async - {"script":"<script> [2676 bytes]","args":[]}
RESULT: {"script":"<script> [2676 bytes]","args":[]}
COMMAND: POST /session/08ab26b8631a6e4e239c2287b57cf254/execute/async - {"script":"<script> [2342 bytes]","args":[{"protocol":"http","hostname":"0.0.0.0","path":"/","capabilities":{"browserName":"chrome","goog:chromeOptions":{"binary":"C:\\Program Files\\Google\\Chrome\\Application\\chrome.exe","args":["--start-maximized"]}},"logLevel":"warn","connectionRetryTimeout":120000,"connectionRetryCount":3,"logLevels":{},"enableDirectConnect":true,"strictSSL":true,"_":"65 more keys: [\"cacheDir\",\"port\",\"requestedCapabilities\",\"automationProtocol\",\"baseUrl\",\"waitforInterval\",\"waitforTimeout\",\"onReload\",\"beforeCommand\",\"afterCommand\",\"rootDir\",\"specs\",\"suites\",\"exclude\",\"groupLogsByTestSpec\",\"excludeDriverLogs\",\"bail\",\"framework\",\"reporters\",\"services\",\"maxInstances\",\"maxInstancesPerCapability\",\"injectGlobals\",\"filesToWatch\",\"execArgv\",\"runnerEnv\",\"runner\",\"shard\",\"specFileRetries\",\"specFileRetriesDelay\",\"specFileRetriesDeferred\",\"reporterSyncInterval\",\"reporterSyncTimeout\",\"cucumberFeaturesWithLineNumbers\",\"autoCompileOpts\",\"mochaOpts\",\"jasmineOpts\",\"cucumberOpts\",\"onPrepare\",\"onWorkerStart\",\"onWorkerEnd\",\"before\",\"beforeSession\",\"beforeSuite\",\"beforeHook\",\"beforeTest\",\"afterTest\",\"afterHook\",\"afterSuite\",\"afterSession\",\"after\",\"onComplete\",\"beforeAssertion\",\"afterAssertion\",\"beforeFeature\",\"beforeScenario\",\"beforeStep\",\"afterStep\",\"afterScenario\",\"afterFeature\",\"_\",\"suite\",\"$0\",\"ignoredWorkerServices\",\"wdi5\"]"}]}
RESULT: {"script":"<script> [2342 bytes]","args":[{"protocol":"http","hostname":"0.0.0.0","path":"/","capabilities":{"browserName":"chrome","goog:chromeOptions":{"binary":"C:\\Program Files\\Google\\Chrome\\Application\\chrome.exe","args":["--start-maximized"]}},"logLevel":"warn","connectionRetryTimeout":120000,"connectionRetryCount":3,"logLevels":{},"enableDirectConnect":true,"strictSSL":true,"_":"65 more keys: [\"cacheDir\",\"port\",\"requestedCapabilities\",\"automationProtocol\",\"baseUrl\",\"waitforInterval\",\"waitforTimeout\",\"onReload\",\"beforeCommand\",\"afterCommand\",\"rootDir\",\"specs\",\"suites\",\"exclude\",\"groupLogsByTestSpec\",\"excludeDriverLogs\",\"bail\",\"framework\",\"reporters\",\"services\",\"maxInstances\",\"maxInstancesPerCapability\",\"injectGlobals\",\"filesToWatch\",\"execArgv\",\"runnerEnv\",\"runner\",\"shard\",\"specFileRetries\",\"specFileRetriesDelay\",\"specFileRetriesDeferred\",\"reporterSyncInterval\",\"reporterSyncTimeout\",\"cucumberFeaturesWithLineNumbers\",\"autoCompileOpts\",\"mochaOpts\",\"jasmineOpts\",\"cucumberOpts\",\"onPrepare\",\"onWorkerStart\",\"onWorkerEnd\",\"before\",\"beforeSession\",\"beforeSuite\",\"beforeHook\",\"beforeTest\",\"afterTest\",\"afterHook\",\"afterSuite\",\"afterSession\",\"after\",\"onComplete\",\"beforeAssertion\",\"afterAssertion\",\"beforeFeature\",\"beforeScenario\",\"beforeStep\",\"afterStep\",\"afterScenario\",\"afterFeature\",\"_\",\"suite\",\"$0\",\"ignoredWorkerServices\",\"wdi5\"]"}]}
COMMAND: POST /session/08ab26b8631a6e4e239c2287b57cf254/execute/async - {"script":"<script> [21126 bytes]","args":[35000]}
RESULT: {"script":"<script> [21126 bytes]","args":[35000]}
COMMAND: POST /session/08ab26b8631a6e4e239c2287b57cf254/window/maximize - {}
RESULT: {}
COMMAND: POST /session/08ab26b8631a6e4e239c2287b57cf254/execute/async - {"script":"<script> [1562 bytes]","args":[{"selector":{"id":"shell-header","interaction":{"idSuffix":"icon"}},"wdio_ui5_key":"shellheader"}]}
COMMAND: GET /session/08ab26b8631a6e4e239c2287b57cf254/screenshot - {}
RESULT: {"script":"<script> [1562 bytes]","args":[{"selector":{"id":"shell-header","interaction":{"idSuffix":"icon"}},"wdio_ui5_key":"shellheader"}]}
RESULT: undefined
RESULT: {}
]]></system-out>
    </testcase>
  </testsuite>
  <testsuite timestamp="2025-05-02T15:48:36" time="474.194" tests="5" failures="0" errors="0" skipped="0">
    <properties>
      <property name="specId" value="0" />
      <property name="suiteName" value="Warehouse movements inventory test" />
      <property name="capabilities" value="chrome.135_0_7049_96.windows" />
      <property name="file" value="file:///D:/a/1/s/test/specs/R2C/create-resource.spec.js" />
    </properties>
    <testcase classname="chrome.135_0_7049_96.windows.Warehouse_movements_inventory_test" name="Should create a new WHM yard" time="132.403">
      <system-out><![CDATA[
COMMAND: POST /session/08ab26b8631a6e4e239c2287b57cf254/execute/async - {"script":"<script> [1562 bytes]","args":[{"selector":{"controlType":"sap.m.GenericTile","properties":{"header":"Manage Yards"}},"wdio_ui5_key":"sapm.GenericTile{\"header\":\"Manage Yards\"}"}]}
RESULT: {"script":"<script> [1562 bytes]","args":[{"selector":{"controlType":"sap.m.GenericTile","properties":{"header":"Manage Yards"}},"wdio_ui5_key":"sapm.GenericTile{\"header\":\"Manage Yards\"}"}]}
RESULT: undefined
COMMAND: POST /session/08ab26b8631a6e4e239c2287b57cf254/element - {"using":"xpath","value":"//*[@id=\"__tile41\"]"}
RESULT: {"using":"xpath","value":"//*[@id=\"__tile41\"]"}
COMMAND: POST /session/08ab26b8631a6e4e239c2287b57cf254/element/f.150F062B3A02957456735AB987B5EB04.d.89BBE96DDA9A23F67948A29D273D3AED.e.8405/click - {}
RESULT: {}
COMMAND: GET /session/08ab26b8631a6e4e239c2287b57cf254/screenshot - {}
RESULT: {}
COMMAND: POST /session/08ab26b8631a6e4e239c2287b57cf254/execute/async - {"script":"<script> [1562 bytes]","args":[{"selector":{"controlType":"sap.ui.core.Icon","viewName":"etm.portal.ui.manageyards.view.Master","viewId":"application-manageyards-display-component---masterYard","properties":{"src":{"regex":{"source":"add"}}}},"wdio_ui5_key":"etmportal.ui.manageyards.view.Mastersap.ui.core.Icon{\"src\":{\"regex\":{\"source\":\"add\"}}}"}]}
RESULT: {"script":"<script> [1562 bytes]","args":[{"selector":{"controlType":"sap.ui.core.Icon","viewName":"etm.portal.ui.manageyards.view.Master","viewId":"application-manageyards-display-component---masterYard","properties":{"src":{"regex":{"source":"add"}}}},"wdio_ui5_key":"etmportal.ui.manageyards.view.Mastersap.ui.core.Icon{\"src\":{\"regex\":{\"source\":\"add\"}}}"}]}
RESULT: undefined
COMMAND: POST /session/08ab26b8631a6e4e239c2287b57cf254/element - {"using":"xpath","value":"//*[@id=\"__button4-img\"]"}
RESULT: {"using":"xpath","value":"//*[@id=\"__button4-img\"]"}
COMMAND: POST /session/08ab26b8631a6e4e239c2287b57cf254/element/f.150F062B3A02957456735AB987B5EB04.d.89BBE96DDA9A23F67948A29D273D3AED.e.8449/click - {}
RESULT: {}
COMMAND: GET /session/08ab26b8631a6e4e239c2287b57cf254/screenshot - {}
RESULT: {}
COMMAND: POST /session/08ab26b8631a6e4e239c2287b57cf254/execute/async - {"script":"<script> [1562 bytes]","args":[{"selector":{"id":"application-manageyards-display-component---NewYard--yardId","interaction":{"idSuffix":"inner"}},"wdio_ui5_key":"applicationmanageyards-display-component---NewYard--yardId"}]}
RESULT: {"script":"<script> [1562 bytes]","args":[{"selector":{"id":"application-manageyards-display-component---NewYard--yardId","interaction":{"idSuffix":"inner"}},"wdio_ui5_key":"applicationmanageyards-display-component---NewYard--yardId"}]}
RESULT: undefined
COMMAND: POST /session/08ab26b8631a6e4e239c2287b57cf254/element - {"using":"xpath","value":"//*[@id=\"application-manageyards-display-component---NewYard--addressDetailDetailsName1-inner\"]"}
RESULT: {"using":"xpath","value":"//*[@id=\"application-manageyards-display-component---NewYard--addressDetailDetailsName1-inner\"]"}
COMMAND: POST /session/08ab26b8631a6e4e239c2287b57cf254/element/f.150F062B3A02957456735AB987B5EB04.d.89BBE96DDA9A23F67948A29D273D3AED.e.8665/clear - {}
RESULT: {}
COMMAND: POST /session/08ab26b8631a6e4e239c2287b57cf254/element/f.150F062B3A02957456735AB987B5EB04.d.89BBE96DDA9A23F67948A29D273D3AED.e.8665/value - {"text":"WebdriverWHMYard642sol"}
COMMAND: GET /session/08ab26b8631a6e4e239c2287b57cf254/screenshot - {}
RESULT: {"text":"WebdriverWHMYard642sol"}
COMMAND: POST /session/08ab26b8631a6e4e239c2287b57cf254/element - {"using":"xpath","value":"//*[@id=\"application-manageyards-display-component---NewYard--addressDetailDetailsLanguage-inner\"]"}
COMMAND: GET /session/08ab26b8631a6e4e239c2287b57cf254/screenshot - {}
RESULT: {}
RESULT: {"using":"xpath","value":"//*[@id=\"application-manageyards-display-component---NewYard--addressDetailDetailsLanguage-inner\"]"}
COMMAND: POST /session/08ab26b8631a6e4e239c2287b57cf254/element/f.150F062B3A02957456735AB987B5EB04.d.89BBE96DDA9A23F67948A29D273D3AED.e.8666/clear - {}
RESULT: {}
RESULT: {}
COMMAND: POST /session/08ab26b8631a6e4e239c2287b57cf254/element/f.150F062B3A02957456735AB987B5EB04.d.89BBE96DDA9A23F67948A29D273D3AED.e.8666/value - {"text":"Romanian"}
COMMAND: GET /session/08ab26b8631a6e4e239c2287b57cf254/screenshot - {}
RESULT: {"text":"Romanian"}
COMMAND: POST /session/08ab26b8631a6e4e239c2287b57cf254/element - {"using":"xpath","value":"//input[contains(@id ,\"application-manageyards-display-component---NewYard--addressDetailDetailsName1-inner\")]"}
COMMAND: GET /session/08ab26b8631a6e4e239c2287b57cf254/screenshot - {}
RESULT: {}
RESULT: {"using":"xpath","value":"//input[contains(@id ,\"application-manageyards-display-component---NewYard--addressDetailDetailsName1-inner\")]"}
COMMAND: GET /session/08ab26b8631a6e4e239c2287b57cf254/element/f.150F062B3A02957456735AB987B5EB04.d.89BBE96DDA9A23F67948A29D273D3AED.e.8665/property/value - {}
RESULT: {}
RESULT: {}
COMMAND: GET /session/08ab26b8631a6e4e239c2287b57cf254/screenshot - {}
RESULT: {}
COMMAND: POST /session/08ab26b8631a6e4e239c2287b57cf254/element - {"using":"xpath","value":"//*[@id=\"application-manageyards-display-component---NewYard--addressDetailDetailsCity1-inner\"]"}
RESULT: {"using":"xpath","value":"//*[@id=\"application-manageyards-display-component---NewYard--addressDetailDetailsCity1-inner\"]"}
COMMAND: POST /session/08ab26b8631a6e4e239c2287b57cf254/element/f.150F062B3A02957456735AB987B5EB04.d.89BBE96DDA9A23F67948A29D273D3AED.e.8668/clear - {}
RESULT: {}
COMMAND: POST /session/08ab26b8631a6e4e239c2287b57cf254/element/f.150F062B3A02957456735AB987B5EB04.d.89BBE96DDA9A23F67948A29D273D3AED.e.8668/value - {"text":"Bucuresti"}
COMMAND: GET /session/08ab26b8631a6e4e239c2287b57cf254/screenshot - {}
RESULT: {"text":"Bucuresti"}
COMMAND: GET /session/08ab26b8631a6e4e239c2287b57cf254/screenshot - {}
RESULT: {}
RESULT: {}
COMMAND: POST /session/08ab26b8631a6e4e239c2287b57cf254/element - {"using":"xpath","value":"//*[@id=\"application-manageyards-display-component---NewYard--addressDetailDetailsCountry-inner\"]"}
RESULT: {"using":"xpath","value":"//*[@id=\"application-manageyards-display-component---NewYard--addressDetailDetailsCountry-inner\"]"}
COMMAND: POST /session/08ab26b8631a6e4e239c2287b57cf254/element/f.150F062B3A02957456735AB987B5EB04.d.89BBE96DDA9A23F67948A29D273D3AED.e.8672/clear - {}
RESULT: {}
COMMAND: POST /session/08ab26b8631a6e4e239c2287b57cf254/element/f.150F062B3A02957456735AB987B5EB04.d.89BBE96DDA9A23F67948A29D273D3AED.e.8672/value - {"text":"Romania"}
COMMAND: GET /session/08ab26b8631a6e4e239c2287b57cf254/screenshot - {}
RESULT: {"text":"Romania"}
COMMAND: GET /session/08ab26b8631a6e4e239c2287b57cf254/screenshot - {}
RESULT: {}
RESULT: {}
COMMAND: POST /session/08ab26b8631a6e4e239c2287b57cf254/execute/async - {"script":"<script> [1562 bytes]","args":[{"selector":{"controlType":"sap.m.Button","viewName":"etm.portal.ui.manageyards.view.New","viewId":"application-manageyards-display-component---NewYard","properties":{"text":"Commercial"},"interaction":{"idSuffix":"BDI-content"}},"wdio_ui5_key":"etmportal.ui.manageyards.view.Newsap.m.Button{\"text\":\"Commercial\"}"}]}
RESULT: {"script":"<script> [1562 bytes]","args":[{"selector":{"controlType":"sap.m.Button","viewName":"etm.portal.ui.manageyards.view.New","viewId":"application-manageyards-display-component---NewYard","properties":{"text":"Commercial"},"interaction":{"idSuffix":"BDI-content"}},"wdio_ui5_key":"etmportal.ui.manageyards.view.Newsap.m.Button{\"text\":\"Commercial\"}"}]}
RESULT: undefined
COMMAND: POST /session/08ab26b8631a6e4e239c2287b57cf254/element - {"using":"xpath","value":"//*[@id=\"application-manageyards-display-component---NewYard--ObjectPageLayout-anchBar-__section5-anchor\"]"}
RESULT: {"using":"xpath","value":"//*[@id=\"application-manageyards-display-component---NewYard--ObjectPageLayout-anchBar-__section5-anchor\"]"}
COMMAND: POST /session/08ab26b8631a6e4e239c2287b57cf254/element/f.150F062B3A02957456735AB987B5EB04.d.89BBE96DDA9A23F67948A29D273D3AED.e.8862/click - {}
RESULT: {}
COMMAND: GET /session/08ab26b8631a6e4e239c2287b57cf254/screenshot - {}
RESULT: {}
COMMAND: POST /session/08ab26b8631a6e4e239c2287b57cf254/element - {"using":"xpath","value":"//div[contains(text(), \"Commercial\")]"}
RESULT: {"using":"xpath","value":"//div[contains(text(), \"Commercial\")]"}
COMMAND: GET /session/08ab26b8631a6e4e239c2287b57cf254/element/f.150F062B3A02957456735AB987B5EB04.d.89BBE96DDA9A23F67948A29D273D3AED.e.8871/rect - {}
RESULT: {}
COMMAND: GET /session/08ab26b8631a6e4e239c2287b57cf254/window/rect - {}
RESULT: {}
COMMAND: POST /session/08ab26b8631a6e4e239c2287b57cf254/execute/sync - {"script":"<script> [92 bytes]","args":[]}
RESULT: {"script":"<script> [92 bytes]","args":[]}
COMMAND: POST /session/08ab26b8631a6e4e239c2287b57cf254/actions - {"actions":[{"id":"action27","type":"wheel","parameters":{},"actions":[{"type":"scroll","x":-1841,"y":-44,"deltaX":0,"deltaY":0,"duration":0,"origin":{"element-6066-11e4-a52e-4f735466cecf":"f.150F062B3A02957456735AB987B5EB04.d.89BBE96DDA9A23F67948A29D273D3AED.e.8871"}}]}]}
COMMAND: GET /session/08ab26b8631a6e4e239c2287b57cf254/screenshot - {}
RESULT: {}
COMMAND: POST /session/08ab26b8631a6e4e239c2287b57cf254/execute/sync - {"script":"<script> [79 bytes]","args":[{"element-6066-11e4-a52e-4f735466cecf":"f.150F062B3A02957456735AB987B5EB04.d.89BBE96DDA9A23F67948A29D273D3AED.e.8871","ELEMENT":"f.150F062B3A02957456735AB987B5EB04.d.89BBE96DDA9A23F67948A29D273D3AED.e.8871"},{"block":"start","inline":"nearest"}]}
RESULT: {"script":"<script> [79 bytes]","args":[{"element-6066-11e4-a52e-4f735466cecf":"f.150F062B3A02957456735AB987B5EB04.d.89BBE96DDA9A23F67948A29D273D3AED.e.8871","ELEMENT":"f.150F062B3A02957456735AB987B5EB04.d.89BBE96DDA9A23F67948A29D273D3AED.e.8871"},{"block":"start","inline":"nearest"}]}
COMMAND: GET /session/08ab26b8631a6e4e239c2287b57cf254/screenshot - {}
RESULT: {}
COMMAND: POST /session/08ab26b8631a6e4e239c2287b57cf254/execute/async - {"script":"<script> [1562 bytes]","args":[{"selector":{"id":"application-manageyards-display-component---NewYard--addressEditDetailsCostObjectCstType-arrow"},"wdio_ui5_key":"applicationmanageyards-display-component---NewYard--addressEditDetailsCostObjectCstType-arrow"}]}
RESULT: {"script":"<script> [1562 bytes]","args":[{"selector":{"id":"application-manageyards-display-component---NewYard--addressEditDetailsCostObjectCstType-arrow"},"wdio_ui5_key":"applicationmanageyards-display-component---NewYard--addressEditDetailsCostObjectCstType-arrow"}]}
RESULT: undefined
COMMAND: POST /session/08ab26b8631a6e4e239c2287b57cf254/element - {"using":"xpath","value":"//*[@id=\"application-manageyards-display-component---NewYard--addressEditDetailsCostObjectCstType-arrow\"]"}
RESULT: {"using":"xpath","value":"//*[@id=\"application-manageyards-display-component---NewYard--addressEditDetailsCostObjectCstType-arrow\"]"}
COMMAND: POST /session/08ab26b8631a6e4e239c2287b57cf254/element/f.150F062B3A02957456735AB987B5EB04.d.89BBE96DDA9A23F67948A29D273D3AED.e.8872/click - {}
RESULT: {}
COMMAND: POST /session/08ab26b8631a6e4e239c2287b57cf254/element - {"using":"xpath","value":"//span[contains(text(), \"Cost Center\")]"}
COMMAND: GET /session/08ab26b8631a6e4e239c2287b57cf254/screenshot - {}
RESULT: {"using":"xpath","value":"//span[contains(text(), \"Cost Center\")]"}
COMMAND: POST /session/08ab26b8631a6e4e239c2287b57cf254/element/f.150F062B3A02957456735AB987B5EB04.d.89BBE96DDA9A23F67948A29D273D3AED.e.8873/click - {}
RESULT: {}
RESULT: {}
COMMAND: GET /session/08ab26b8631a6e4e239c2287b57cf254/screenshot - {}
RESULT: {}
COMMAND: POST /session/08ab26b8631a6e4e239c2287b57cf254/execute/async - {"script":"<script> [1562 bytes]","args":[{"selector":{"id":"application-manageyards-display-component---NewYard--addressNewCostObjectCstID-vhi"},"wdio_ui5_key":"applicationmanageyards-display-component---NewYard--addressNewCostObjectCstID-vhi"}]}
RESULT: {"script":"<script> [1562 bytes]","args":[{"selector":{"id":"application-manageyards-display-component---NewYard--addressNewCostObjectCstID-vhi"},"wdio_ui5_key":"applicationmanageyards-display-component---NewYard--addressNewCostObjectCstID-vhi"}]}
RESULT: undefined
COMMAND: POST /session/08ab26b8631a6e4e239c2287b57cf254/element - {"using":"xpath","value":"//*[@id=\"application-manageyards-display-component---NewYard--addressNewCostObjectCstID-vhi\"]"}
RESULT: {"using":"xpath","value":"//*[@id=\"application-manageyards-display-component---NewYard--addressNewCostObjectCstID-vhi\"]"}
COMMAND: POST /session/08ab26b8631a6e4e239c2287b57cf254/element/f.150F062B3A02957456735AB987B5EB04.d.89BBE96DDA9A23F67948A29D273D3AED.e.8877/click - {}
RESULT: {}
COMMAND: GET /session/08ab26b8631a6e4e239c2287b57cf254/screenshot - {}
RESULT: {}
COMMAND: POST /session/08ab26b8631a6e4e239c2287b57cf254/execute/async - {"script":"<script> [1562 bytes]","args":[{"selector":{"controlType":"sap.m.SearchField","properties":{"placeholder":"Search"},"searchOpenDialogs":true,"interaction":{"idSuffix":"I"}},"wdio_ui5_key":"sapm.SearchField{\"placeholder\":\"Search\"}"}]}
RESULT: {"script":"<script> [1562 bytes]","args":[{"selector":{"controlType":"sap.m.SearchField","properties":{"placeholder":"Search"},"searchOpenDialogs":true,"interaction":{"idSuffix":"I"}},"wdio_ui5_key":"sapm.SearchField{\"placeholder\":\"Search\"}"}]}
RESULT: undefined
COMMAND: POST /session/08ab26b8631a6e4e239c2287b57cf254/execute/async - {"script":"<script> [776 bytes]","args":[{"enterText":"10001013","selector":{"controlType":"sap.m.SearchField","properties":{"placeholder":"Search"},"searchOpenDialogs":true,"interaction":{"idSuffix":"I"}},"clearTextFirst":true,"interactionType":"ENTER_TEXT"}]}
RESULT: {"script":"<script> [776 bytes]","args":[{"enterText":"10001013","selector":{"controlType":"sap.m.SearchField","properties":{"placeholder":"Search"},"searchOpenDialogs":true,"interaction":{"idSuffix":"I"}},"clearTextFirst":true,"interactionType":"ENTER_TEXT"}]}
COMMAND: POST /session/08ab26b8631a6e4e239c2287b57cf254/actions - {"actions":[{"id":"action28","type":"key","parameters":{},"actions":[{"type":"keyDown","value":"î€‡"},{"type":"pause","duration":10},{"type":"keyUp","value":"î€‡"}]}]}
RESULT: {"actions":[{"id":"action28","type":"key","parameters":{},"actions":[{"type":"keyDown","value":"î€‡"},{"type":"pause","duration":10},{"type":"keyUp","value":"î€‡"}]}]}
COMMAND: GET /session/08ab26b8631a6e4e239c2287b57cf254/screenshot - {}
RESULT: {}
COMMAND: POST /session/08ab26b8631a6e4e239c2287b57cf254/element - {"using":"xpath","value":"//span[contains(text(), \"General Management\")]"}
RESULT: {"using":"xpath","value":"//span[contains(text(), \"General Management\")]"}
COMMAND: POST /session/08ab26b8631a6e4e239c2287b57cf254/element/f.150F062B3A02957456735AB987B5EB04.d.89BBE96DDA9A23F67948A29D273D3AED.e.8919/click - {}
RESULT: {}
COMMAND: GET /session/08ab26b8631a6e4e239c2287b57cf254/screenshot - {}
RESULT: {}
COMMAND: POST /session/08ab26b8631a6e4e239c2287b57cf254/element - {"using":"xpath","value":"//bdi[contains(text(), \"OK\")]"}
RESULT: {"using":"xpath","value":"//bdi[contains(text(), \"OK\")]"}
COMMAND: POST /session/08ab26b8631a6e4e239c2287b57cf254/element/f.150F062B3A02957456735AB987B5EB04.d.89BBE96DDA9A23F67948A29D273D3AED.e.8920/click - {}
RESULT: {}
COMMAND: GET /session/08ab26b8631a6e4e239c2287b57cf254/screenshot - {}
RESULT: {}
COMMAND: POST /session/08ab26b8631a6e4e239c2287b57cf254/execute/async - {"script":"<script> [1562 bytes]","args":[{"selector":{"id":"application-manageyards-display-component---NewYard--addressEditDetailsCurrency","interaction":{"idSuffix":"inner"}},"wdio_ui5_key":"applicationmanageyards-display-component---NewYard--addressEditDetailsCurrency"}]}
RESULT: {"script":"<script> [1562 bytes]","args":[{"selector":{"id":"application-manageyards-display-component---NewYard--addressEditDetailsCurrency","interaction":{"idSuffix":"inner"}},"wdio_ui5_key":"applicationmanageyards-display-component---NewYard--addressEditDetailsCurrency"}]}
RESULT: undefined
COMMAND: POST /session/08ab26b8631a6e4e239c2287b57cf254/execute/async - {"script":"<script> [776 bytes]","args":[{"enterText":"Euro","selector":{"id":"application-manageyards-display-component---NewYard--addressEditDetailsCurrency","interaction":{"idSuffix":"inner"}},"clearTextFirst":true,"interactionType":"ENTER_TEXT"}]}
RESULT: {"script":"<script> [776 bytes]","args":[{"enterText":"Euro","selector":{"id":"application-manageyards-display-component---NewYard--addressEditDetailsCurrency","interaction":{"idSuffix":"inner"}},"clearTextFirst":true,"interactionType":"ENTER_TEXT"}]}
COMMAND: POST /session/08ab26b8631a6e4e239c2287b57cf254/execute/async - {"script":"<script> [1562 bytes]","args":[{"selector":{"controlType":"sap.m.Input","viewName":"etm.portal.ui.manageyards.view.New","viewId":"application-manageyards-display-component---NewYard","bindingPath":{"path":"","propertyPath":"/CONTROLLING_AREA","modelName":"NewYardModel"},"interaction":{"idSuffix":"inner"}},"wdio_ui5_key":"etmportal.ui.manageyards.view.Newsap.m.Input{\"path\":\"\",\"propertyPath\":\"/CONTROLLING_AREA\",\"modelName\":\"NewYardModel\"}"}]}
RESULT: {"script":"<script> [1562 bytes]","args":[{"selector":{"controlType":"sap.m.Input","viewName":"etm.portal.ui.manageyards.view.New","viewId":"application-manageyards-display-component---NewYard","bindingPath":{"path":"","propertyPath":"/CONTROLLING_AREA","modelName":"NewYardModel"},"interaction":{"idSuffix":"inner"}},"wdio_ui5_key":"etmportal.ui.manageyards.view.Newsap.m.Input{\"path\":\"\",\"propertyPath\":\"/CONTROLLING_AREA\",\"modelName\":\"NewYardModel\"}"}]}
RESULT: undefined
COMMAND: POST /session/08ab26b8631a6e4e239c2287b57cf254/execute/async - {"script":"<script> [776 bytes]","args":[{"enterText":"Z001","selector":{"controlType":"sap.m.Input","viewName":"etm.portal.ui.manageyards.view.New","viewId":"application-manageyards-display-component---NewYard","bindingPath":{"path":"","propertyPath":"/CONTROLLING_AREA","modelName":"NewYardModel"},"interaction":{"idSuffix":"inner"}},"clearTextFirst":true,"interactionType":"ENTER_TEXT"}]}
RESULT: {"script":"<script> [776 bytes]","args":[{"enterText":"Z001","selector":{"controlType":"sap.m.Input","viewName":"etm.portal.ui.manageyards.view.New","viewId":"application-manageyards-display-component---NewYard","bindingPath":{"path":"","propertyPath":"/CONTROLLING_AREA","modelName":"NewYardModel"},"interaction":{"idSuffix":"inner"}},"clearTextFirst":true,"interactionType":"ENTER_TEXT"}]}
COMMAND: POST /session/08ab26b8631a6e4e239c2287b57cf254/execute/async - {"script":"<script> [1562 bytes]","args":[{"selector":{"id":"application-manageyards-display-component---NewYard--companyCodeComboBox","interaction":{"idSuffix":"inner"}},"wdio_ui5_key":"applicationmanageyards-display-component---NewYard--companyCodeComboBox"}]}
RESULT: {"script":"<script> [1562 bytes]","args":[{"selector":{"id":"application-manageyards-display-component---NewYard--companyCodeComboBox","interaction":{"idSuffix":"inner"}},"wdio_ui5_key":"applicationmanageyards-display-component---NewYard--companyCodeComboBox"}]}
RESULT: undefined
COMMAND: POST /session/08ab26b8631a6e4e239c2287b57cf254/execute/async - {"script":"<script> [776 bytes]","args":[{"enterText":"1000","selector":{"id":"application-manageyards-display-component---NewYard--companyCodeComboBox","interaction":{"idSuffix":"inner"}},"clearTextFirst":true,"interactionType":"ENTER_TEXT"}]}
RESULT: {"script":"<script> [776 bytes]","args":[{"enterText":"1000","selector":{"id":"application-manageyards-display-component---NewYard--companyCodeComboBox","interaction":{"idSuffix":"inner"}},"clearTextFirst":true,"interactionType":"ENTER_TEXT"}]}
COMMAND: POST /session/08ab26b8631a6e4e239c2287b57cf254/actions - {"actions":[{"id":"action29","type":"key","parameters":{},"actions":[{"type":"keyDown","value":"î€‡"},{"type":"pause","duration":10},{"type":"keyUp","value":"î€‡"}]}]}
RESULT: {"actions":[{"id":"action29","type":"key","parameters":{},"actions":[{"type":"keyDown","value":"î€‡"},{"type":"pause","duration":10},{"type":"keyUp","value":"î€‡"}]}]}
COMMAND: POST /session/08ab26b8631a6e4e239c2287b57cf254/execute/async - {"script":"<script> [1562 bytes]","args":[{"selector":{"controlType":"sap.m.Input","viewName":"etm.portal.ui.manageyards.view.New","viewId":"application-manageyards-display-component---NewYard","bindingPath":{"path":"","propertyPath":"/PLANT","modelName":"NewYardModel"},"interaction":{"idSuffix":"inner"}},"wdio_ui5_key":"etmportal.ui.manageyards.view.Newsap.m.Input{\"path\":\"\",\"propertyPath\":\"/PLANT\",\"modelName\":\"NewYardModel\"}"}]}
COMMAND: GET /session/08ab26b8631a6e4e239c2287b57cf254/screenshot - {}
RESULT: {"script":"<script> [1562 bytes]","args":[{"selector":{"controlType":"sap.m.Input","viewName":"etm.portal.ui.manageyards.view.New","viewId":"application-manageyards-display-component---NewYard","bindingPath":{"path":"","propertyPath":"/PLANT","modelName":"NewYardModel"},"interaction":{"idSuffix":"inner"}},"wdio_ui5_key":"etmportal.ui.manageyards.view.Newsap.m.Input{\"path\":\"\",\"propertyPath\":\"/PLANT\",\"modelName\":\"NewYardModel\"}"}]}
RESULT: undefined
COMMAND: POST /session/08ab26b8631a6e4e239c2287b57cf254/execute/async - {"script":"<script> [776 bytes]","args":[{"enterText":"1001","selector":{"controlType":"sap.m.Input","viewName":"etm.portal.ui.manageyards.view.New","viewId":"application-manageyards-display-component---NewYard","bindingPath":{"path":"","propertyPath":"/PLANT","modelName":"NewYardModel"},"interaction":{"idSuffix":"inner"}},"clearTextFirst":true,"interactionType":"ENTER_TEXT"}]}
RESULT: {}
RESULT: {"script":"<script> [776 bytes]","args":[{"enterText":"1001","selector":{"controlType":"sap.m.Input","viewName":"etm.portal.ui.manageyards.view.New","viewId":"application-manageyards-display-component---NewYard","bindingPath":{"path":"","propertyPath":"/PLANT","modelName":"NewYardModel"},"interaction":{"idSuffix":"inner"}},"clearTextFirst":true,"interactionType":"ENTER_TEXT"}]}
COMMAND: POST /session/08ab26b8631a6e4e239c2287b57cf254/execute/async - {"script":"<script> [1562 bytes]","args":[{"selector":{"controlType":"sap.m.Input","viewName":"etm.portal.ui.manageyards.view.New","viewId":"application-manageyards-display-component---NewYard","bindingPath":{"path":"","propertyPath":"/SALES_AREA_VKORG","modelName":"NewYardModel"},"interaction":{"idSuffix":"inner"}},"wdio_ui5_key":"etmportal.ui.manageyards.view.Newsap.m.Input{\"path\":\"\",\"propertyPath\":\"/SALES_AREA_VKORG\",\"modelName\":\"NewYardModel\"}"}]}
RESULT: {"script":"<script> [1562 bytes]","args":[{"selector":{"controlType":"sap.m.Input","viewName":"etm.portal.ui.manageyards.view.New","viewId":"application-manageyards-display-component---NewYard","bindingPath":{"path":"","propertyPath":"/SALES_AREA_VKORG","modelName":"NewYardModel"},"interaction":{"idSuffix":"inner"}},"wdio_ui5_key":"etmportal.ui.manageyards.view.Newsap.m.Input{\"path\":\"\",\"propertyPath\":\"/SALES_AREA_VKORG\",\"modelName\":\"NewYardModel\"}"}]}
RESULT: undefined
COMMAND: POST /session/08ab26b8631a6e4e239c2287b57cf254/execute/async - {"script":"<script> [776 bytes]","args":[{"enterText":"C002","selector":{"controlType":"sap.m.Input","viewName":"etm.portal.ui.manageyards.view.New","viewId":"application-manageyards-display-component---NewYard","bindingPath":{"path":"","propertyPath":"/SALES_AREA_VKORG","modelName":"NewYardModel"},"interaction":{"idSuffix":"inner"}},"clearTextFirst":true,"interactionType":"ENTER_TEXT"}]}
RESULT: {"script":"<script> [776 bytes]","args":[{"enterText":"C002","selector":{"controlType":"sap.m.Input","viewName":"etm.portal.ui.manageyards.view.New","viewId":"application-manageyards-display-component---NewYard","bindingPath":{"path":"","propertyPath":"/SALES_AREA_VKORG","modelName":"NewYardModel"},"interaction":{"idSuffix":"inner"}},"clearTextFirst":true,"interactionType":"ENTER_TEXT"}]}
COMMAND: POST /session/08ab26b8631a6e4e239c2287b57cf254/execute/async - {"script":"<script> [1562 bytes]","args":[{"selector":{"controlType":"sap.m.Input","viewName":"etm.portal.ui.manageyards.view.New","viewId":"application-manageyards-display-component---NewYard","bindingPath":{"path":"","propertyPath":"/SALES_AREA_VTWEG","modelName":"NewYardModel"},"interaction":{"idSuffix":"inner"}},"wdio_ui5_key":"etmportal.ui.manageyards.view.Newsap.m.Input{\"path\":\"\",\"propertyPath\":\"/SALES_AREA_VTWEG\",\"modelName\":\"NewYardModel\"}"}]}
RESULT: {"script":"<script> [1562 bytes]","args":[{"selector":{"controlType":"sap.m.Input","viewName":"etm.portal.ui.manageyards.view.New","viewId":"application-manageyards-display-component---NewYard","bindingPath":{"path":"","propertyPath":"/SALES_AREA_VTWEG","modelName":"NewYardModel"},"interaction":{"idSuffix":"inner"}},"wdio_ui5_key":"etmportal.ui.manageyards.view.Newsap.m.Input{\"path\":\"\",\"propertyPath\":\"/SALES_AREA_VTWEG\",\"modelName\":\"NewYardModel\"}"}]}
RESULT: undefined
COMMAND: POST /session/08ab26b8631a6e4e239c2287b57cf254/execute/async - {"script":"<script> [776 bytes]","args":[{"enterText":"C2","selector":{"controlType":"sap.m.Input","viewName":"etm.portal.ui.manageyards.view.New","viewId":"application-manageyards-display-component---NewYard","bindingPath":{"path":"","propertyPath":"/SALES_AREA_VTWEG","modelName":"NewYardModel"},"interaction":{"idSuffix":"inner"}},"clearTextFirst":true,"interactionType":"ENTER_TEXT"}]}
RESULT: {"script":"<script> [776 bytes]","args":[{"enterText":"C2","selector":{"controlType":"sap.m.Input","viewName":"etm.portal.ui.manageyards.view.New","viewId":"application-manageyards-display-component---NewYard","bindingPath":{"path":"","propertyPath":"/SALES_AREA_VTWEG","modelName":"NewYardModel"},"interaction":{"idSuffix":"inner"}},"clearTextFirst":true,"interactionType":"ENTER_TEXT"}]}
COMMAND: POST /session/08ab26b8631a6e4e239c2287b57cf254/execute/async - {"script":"<script> [1562 bytes]","args":[{"selector":{"controlType":"sap.m.Input","viewName":"etm.portal.ui.manageyards.view.New","viewId":"application-manageyards-display-component---NewYard","bindingPath":{"path":"","propertyPath":"/SALES_AREA_SPART","modelName":"NewYardModel"},"interaction":{"idSuffix":"inner"}},"wdio_ui5_key":"etmportal.ui.manageyards.view.Newsap.m.Input{\"path\":\"\",\"propertyPath\":\"/SALES_AREA_SPART\",\"modelName\":\"NewYardModel\"}"}]}
RESULT: {"script":"<script> [1562 bytes]","args":[{"selector":{"controlType":"sap.m.Input","viewName":"etm.portal.ui.manageyards.view.New","viewId":"application-manageyards-display-component---NewYard","bindingPath":{"path":"","propertyPath":"/SALES_AREA_SPART","modelName":"NewYardModel"},"interaction":{"idSuffix":"inner"}},"wdio_ui5_key":"etmportal.ui.manageyards.view.Newsap.m.Input{\"path\":\"\",\"propertyPath\":\"/SALES_AREA_SPART\",\"modelName\":\"NewYardModel\"}"}]}
RESULT: undefined
COMMAND: POST /session/08ab26b8631a6e4e239c2287b57cf254/execute/async - {"script":"<script> [776 bytes]","args":[{"enterText":"C2","selector":{"controlType":"sap.m.Input","viewName":"etm.portal.ui.manageyards.view.New","viewId":"application-manageyards-display-component---NewYard","bindingPath":{"path":"","propertyPath":"/SALES_AREA_SPART","modelName":"NewYardModel"},"interaction":{"idSuffix":"inner"}},"clearTextFirst":true,"interactionType":"ENTER_TEXT"}]}
RESULT: {"script":"<script> [776 bytes]","args":[{"enterText":"C2","selector":{"controlType":"sap.m.Input","viewName":"etm.portal.ui.manageyards.view.New","viewId":"application-manageyards-display-component---NewYard","bindingPath":{"path":"","propertyPath":"/SALES_AREA_SPART","modelName":"NewYardModel"},"interaction":{"idSuffix":"inner"}},"clearTextFirst":true,"interactionType":"ENTER_TEXT"}]}
COMMAND: POST /session/08ab26b8631a6e4e239c2287b57cf254/execute/async - {"script":"<script> [1562 bytes]","args":[{"selector":{"id":"application-manageyards-display-component---NewYard--whmCheckBox","interaction":{"idSuffix":"CbBg"}},"wdio_ui5_key":"applicationmanageyards-display-component---NewYard--whmCheckBox"}]}
RESULT: {"script":"<script> [1562 bytes]","args":[{"selector":{"id":"application-manageyards-display-component---NewYard--whmCheckBox","interaction":{"idSuffix":"CbBg"}},"wdio_ui5_key":"applicationmanageyards-display-component---NewYard--whmCheckBox"}]}
RESULT: undefined
COMMAND: POST /session/08ab26b8631a6e4e239c2287b57cf254/element - {"using":"xpath","value":"//*[@id=\"application-manageyards-display-component---NewYard--whmCheckBox\"]"}
RESULT: {"using":"xpath","value":"//*[@id=\"application-manageyards-display-component---NewYard--whmCheckBox\"]"}
COMMAND: POST /session/08ab26b8631a6e4e239c2287b57cf254/element/f.150F062B3A02957456735AB987B5EB04.d.89BBE96DDA9A23F67948A29D273D3AED.e.8931/click - {}
RESULT: {}
COMMAND: POST /session/08ab26b8631a6e4e239c2287b57cf254/execute/async - {"script":"<script> [1562 bytes]","args":[{"selector":{"controlType":"sap.m.Button","viewName":"etm.portal.ui.manageyards.view.New","viewId":"application-manageyards-display-component---NewYard","i18NText":{"propertyName":"text","key":"save"},"interaction":{"idSuffix":"inner"}},"wdio_ui5_key":"etmportal.ui.manageyards.view.Newsap.m.Button{\"propertyName\":\"text\",\"key\":\"save\"}"}]}
COMMAND: GET /session/08ab26b8631a6e4e239c2287b57cf254/screenshot - {}
RESULT: {"script":"<script> [1562 bytes]","args":[{"selector":{"controlType":"sap.m.Button","viewName":"etm.portal.ui.manageyards.view.New","viewId":"application-manageyards-display-component---NewYard","i18NText":{"propertyName":"text","key":"save"},"interaction":{"idSuffix":"inner"}},"wdio_ui5_key":"etmportal.ui.manageyards.view.Newsap.m.Button{\"propertyName\":\"text\",\"key\":\"save\"}"}]}
RESULT: undefined
COMMAND: POST /session/08ab26b8631a6e4e239c2287b57cf254/element - {"using":"xpath","value":"//*[@id=\"__button18\"]"}
RESULT: {}
RESULT: {"using":"xpath","value":"//*[@id=\"__button18\"]"}
COMMAND: POST /session/08ab26b8631a6e4e239c2287b57cf254/element/f.150F062B3A02957456735AB987B5EB04.d.89BBE96DDA9A23F67948A29D273D3AED.e.8841/click - {}
RESULT: {}
COMMAND: GET /session/08ab26b8631a6e4e239c2287b57cf254/screenshot - {}
RESULT: {}
COMMAND: POST /session/08ab26b8631a6e4e239c2287b57cf254/element - {"using":"css selector","value":"#shell-header-logo"}
RESULT: {"using":"css selector","value":"#shell-header-logo"}
COMMAND: POST /session/08ab26b8631a6e4e239c2287b57cf254/element/f.150F062B3A02957456735AB987B5EB04.d.89BBE96DDA9A23F67948A29D273D3AED.e.8402/click - {}
RESULT: {}
COMMAND: GET /session/08ab26b8631a6e4e239c2287b57cf254/screenshot - {}
RESULT: {}
COMMAND: POST /session/08ab26b8631a6e4e239c2287b57cf254/refresh - {}
RESULT: {}
COMMAND: GET /session/08ab26b8631a6e4e239c2287b57cf254/screenshot - {}
RESULT: {}
COMMAND: POST /session/08ab26b8631a6e4e239c2287b57cf254/execute/async - {"script":"<script> [189 bytes]","args":[]}
RESULT: {"script":"<script> [189 bytes]","args":[]}
COMMAND: POST /session/08ab26b8631a6e4e239c2287b57cf254/execute/async - {"script":"<script> [123 bytes]","args":[]}
RESULT: {"script":"<script> [123 bytes]","args":[]}
COMMAND: POST /session/08ab26b8631a6e4e239c2287b57cf254/timeouts - {"script":"<number>"}
RESULT: {"script":"<number>"}
COMMAND: GET /session/08ab26b8631a6e4e239c2287b57cf254/timeouts - {}
RESULT: {}
RESULT: undefined
COMMAND: POST /session/08ab26b8631a6e4e239c2287b57cf254/execute/async - {"script":"<script> [2676 bytes]","args":[]}
RESULT: {"script":"<script> [2676 bytes]","args":[]}
COMMAND: POST /session/08ab26b8631a6e4e239c2287b57cf254/execute/async - {"script":"<script> [2342 bytes]","args":[{"protocol":"http","hostname":"0.0.0.0","path":"/","capabilities":{"browserName":"chrome","goog:chromeOptions":{"binary":"C:\\Program Files\\Google\\Chrome\\Application\\chrome.exe","args":["--start-maximized"]}},"logLevel":"warn","connectionRetryTimeout":120000,"connectionRetryCount":3,"logLevels":{},"enableDirectConnect":true,"strictSSL":true,"_":"65 more keys: [\"cacheDir\",\"port\",\"requestedCapabilities\",\"automationProtocol\",\"baseUrl\",\"waitforInterval\",\"waitforTimeout\",\"onReload\",\"beforeCommand\",\"afterCommand\",\"rootDir\",\"specs\",\"suites\",\"exclude\",\"groupLogsByTestSpec\",\"excludeDriverLogs\",\"bail\",\"framework\",\"reporters\",\"services\",\"maxInstances\",\"maxInstancesPerCapability\",\"injectGlobals\",\"filesToWatch\",\"execArgv\",\"runnerEnv\",\"runner\",\"shard\",\"specFileRetries\",\"specFileRetriesDelay\",\"specFileRetriesDeferred\",\"reporterSyncInterval\",\"reporterSyncTimeout\",\"cucumberFeaturesWithLineNumbers\",\"autoCompileOpts\",\"mochaOpts\",\"jasmineOpts\",\"cucumberOpts\",\"onPrepare\",\"onWorkerStart\",\"onWorkerEnd\",\"before\",\"beforeSession\",\"beforeSuite\",\"beforeHook\",\"beforeTest\",\"afterTest\",\"afterHook\",\"afterSuite\",\"afterSession\",\"after\",\"onComplete\",\"beforeAssertion\",\"afterAssertion\",\"beforeFeature\",\"beforeScenario\",\"beforeStep\",\"afterStep\",\"afterScenario\",\"afterFeature\",\"_\",\"suite\",\"$0\",\"ignoredWorkerServices\",\"wdi5\"]"}]}
RESULT: {"script":"<script> [2342 bytes]","args":[{"protocol":"http","hostname":"0.0.0.0","path":"/","capabilities":{"browserName":"chrome","goog:chromeOptions":{"binary":"C:\\Program Files\\Google\\Chrome\\Application\\chrome.exe","args":["--start-maximized"]}},"logLevel":"warn","connectionRetryTimeout":120000,"connectionRetryCount":3,"logLevels":{},"enableDirectConnect":true,"strictSSL":true,"_":"65 more keys: [\"cacheDir\",\"port\",\"requestedCapabilities\",\"automationProtocol\",\"baseUrl\",\"waitforInterval\",\"waitforTimeout\",\"onReload\",\"beforeCommand\",\"afterCommand\",\"rootDir\",\"specs\",\"suites\",\"exclude\",\"groupLogsByTestSpec\",\"excludeDriverLogs\",\"bail\",\"framework\",\"reporters\",\"services\",\"maxInstances\",\"maxInstancesPerCapability\",\"injectGlobals\",\"filesToWatch\",\"execArgv\",\"runnerEnv\",\"runner\",\"shard\",\"specFileRetries\",\"specFileRetriesDelay\",\"specFileRetriesDeferred\",\"reporterSyncInterval\",\"reporterSyncTimeout\",\"cucumberFeaturesWithLineNumbers\",\"autoCompileOpts\",\"mochaOpts\",\"jasmineOpts\",\"cucumberOpts\",\"onPrepare\",\"onWorkerStart\",\"onWorkerEnd\",\"before\",\"beforeSession\",\"beforeSuite\",\"beforeHook\",\"beforeTest\",\"afterTest\",\"afterHook\",\"afterSuite\",\"afterSession\",\"after\",\"onComplete\",\"beforeAssertion\",\"afterAssertion\",\"beforeFeature\",\"beforeScenario\",\"beforeStep\",\"afterStep\",\"afterScenario\",\"afterFeature\",\"_\",\"suite\",\"$0\",\"ignoredWorkerServices\",\"wdi5\"]"}]}
COMMAND: POST /session/08ab26b8631a6e4e239c2287b57cf254/execute/async - {"script":"<script> [21126 bytes]","args":[35000]}
RESULT: {"script":"<script> [21126 bytes]","args":[35000]}
]]></system-out>
    </testcase>
    <testcase classname="chrome.135_0_7049_96.windows.Warehouse_movements_inventory_test" name="Should create a new warehouse organization" time="63.838">
      <system-out><![CDATA[
COMMAND: POST /session/08ab26b8631a6e4e239c2287b57cf254/execute/async - {"script":"<script> [1562 bytes]","args":[{"selector":{"controlType":"sap.m.GenericTile","properties":{"header":"Bin Status Report"}},"wdio_ui5_key":"sapm.GenericTile{\"header\":\"Bin Status Report\"}"}]}
RESULT: {"script":"<script> [1562 bytes]","args":[{"selector":{"controlType":"sap.m.GenericTile","properties":{"header":"Bin Status Report"}},"wdio_ui5_key":"sapm.GenericTile{\"header\":\"Bin Status Report\"}"}]}
RESULT: undefined
COMMAND: POST /session/08ab26b8631a6e4e239c2287b57cf254/element - {"using":"xpath","value":"//*[@id=\"__tile104\"]"}
RESULT: {"using":"xpath","value":"//*[@id=\"__tile104\"]"}
COMMAND: POST /session/08ab26b8631a6e4e239c2287b57cf254/element/f.150F062B3A02957456735AB987B5EB04.d.A5327340166F8A869DAC5D9ABC6CE0C0.e.9146/click - {}
RESULT: {}
COMMAND: GET /session/08ab26b8631a6e4e239c2287b57cf254/screenshot - {}
RESULT: {}
COMMAND: POST /session/08ab26b8631a6e4e239c2287b57cf254/execute/async - {"script":"<script> [1562 bytes]","args":[{"selector":{"id":"application-binstatusreport-display-component---warehousing--createOrgBtn","interaction":{"idSuffix":"BDI-content"}},"wdio_ui5_key":"applicationbinstatusreport-display-component---warehousing--createOrgBtn"}]}
RESULT: {"script":"<script> [1562 bytes]","args":[{"selector":{"id":"application-binstatusreport-display-component---warehousing--createOrgBtn","interaction":{"idSuffix":"BDI-content"}},"wdio_ui5_key":"applicationbinstatusreport-display-component---warehousing--createOrgBtn"}]}
RESULT: undefined
COMMAND: POST /session/08ab26b8631a6e4e239c2287b57cf254/element - {"using":"xpath","value":"//*[@id=\"application-binstatusreport-display-component---warehousing--createOrgBtn\"]"}
RESULT: {"using":"xpath","value":"//*[@id=\"application-binstatusreport-display-component---warehousing--createOrgBtn\"]"}
COMMAND: POST /session/08ab26b8631a6e4e239c2287b57cf254/element/f.150F062B3A02957456735AB987B5EB04.d.A5327340166F8A869DAC5D9ABC6CE0C0.e.9191/click - {}
RESULT: {}
COMMAND: GET /session/08ab26b8631a6e4e239c2287b57cf254/screenshot - {}
RESULT: {}
COMMAND: POST /session/08ab26b8631a6e4e239c2287b57cf254/execute/async - {"script":"<script> [1562 bytes]","args":[{"selector":{"id":"createOrganizationPop--sectionInput","searchOpenDialogs":true,"interaction":{"idSuffix":"inner"}},"wdio_ui5_key":"createOrganizationPopsectionInput"}]}
RESULT: {"script":"<script> [1562 bytes]","args":[{"selector":{"id":"createOrganizationPop--sectionInput","searchOpenDialogs":true,"interaction":{"idSuffix":"inner"}},"wdio_ui5_key":"createOrganizationPopsectionInput"}]}
RESULT: undefined
COMMAND: POST /session/08ab26b8631a6e4e239c2287b57cf254/execute/async - {"script":"<script> [776 bytes]","args":[{"enterText":"Sec6zsqf","selector":{"id":"createOrganizationPop--sectionInput","searchOpenDialogs":true,"interaction":{"idSuffix":"inner"}},"clearTextFirst":true,"interactionType":"ENTER_TEXT"}]}
RESULT: {"script":"<script> [776 bytes]","args":[{"enterText":"Sec6zsqf","selector":{"id":"createOrganizationPop--sectionInput","searchOpenDialogs":true,"interaction":{"idSuffix":"inner"}},"clearTextFirst":true,"interactionType":"ENTER_TEXT"}]}
COMMAND: POST /session/08ab26b8631a6e4e239c2287b57cf254/execute/async - {"script":"<script> [1562 bytes]","args":[{"selector":{"id":"createOrganizationPop--descriptionInput","searchOpenDialogs":true,"interaction":{"idSuffix":"inner"}},"wdio_ui5_key":"createOrganizationPopdescriptionInput"}]}
RESULT: {"script":"<script> [1562 bytes]","args":[{"selector":{"id":"createOrganizationPop--descriptionInput","searchOpenDialogs":true,"interaction":{"idSuffix":"inner"}},"wdio_ui5_key":"createOrganizationPopdescriptionInput"}]}
RESULT: undefined
COMMAND: POST /session/08ab26b8631a6e4e239c2287b57cf254/execute/async - {"script":"<script> [776 bytes]","args":[{"enterText":"OrgNamesugzg","selector":{"id":"createOrganizationPop--descriptionInput","searchOpenDialogs":true,"interaction":{"idSuffix":"inner"}},"clearTextFirst":true,"interactionType":"ENTER_TEXT"}]}
RESULT: {"script":"<script> [776 bytes]","args":[{"enterText":"OrgNamesugzg","selector":{"id":"createOrganizationPop--descriptionInput","searchOpenDialogs":true,"interaction":{"idSuffix":"inner"}},"clearTextFirst":true,"interactionType":"ENTER_TEXT"}]}
COMMAND: POST /session/08ab26b8631a6e4e239c2287b57cf254/element - {"using":"xpath","value":"//input[contains(@id ,\"createOrganizationPop--yardOrg-inner\")]"}
RESULT: {"using":"xpath","value":"//input[contains(@id ,\"createOrganizationPop--yardOrg-inner\")]"}
COMMAND: POST /session/08ab26b8631a6e4e239c2287b57cf254/element/f.150F062B3A02957456735AB987B5EB04.d.A5327340166F8A869DAC5D9ABC6CE0C0.e.9231/clear - {}
RESULT: {}
COMMAND: POST /session/08ab26b8631a6e4e239c2287b57cf254/element/f.150F062B3A02957456735AB987B5EB04.d.A5327340166F8A869DAC5D9ABC6CE0C0.e.9231/value - {"text":"WebdriverWHMYard642sol"}
COMMAND: GET /session/08ab26b8631a6e4e239c2287b57cf254/screenshot - {}
RESULT: {"text":"WebdriverWHMYard642sol"}
COMMAND: GET /session/08ab26b8631a6e4e239c2287b57cf254/screenshot - {}
RESULT: {}
RESULT: {}
COMMAND: POST /session/08ab26b8631a6e4e239c2287b57cf254/actions - {"actions":[{"id":"action30","type":"key","parameters":{},"actions":[{"type":"keyDown","value":"î€‡"},{"type":"pause","duration":10},{"type":"keyUp","value":"î€‡"}]}]}
RESULT: {"actions":[{"id":"action30","type":"key","parameters":{},"actions":[{"type":"keyDown","value":"î€‡"},{"type":"pause","duration":10},{"type":"keyUp","value":"î€‡"}]}]}
COMMAND: GET /session/08ab26b8631a6e4e239c2287b57cf254/screenshot - {}
RESULT: {}
COMMAND: POST /session/08ab26b8631a6e4e239c2287b57cf254/execute/async - {"script":"<script> [1562 bytes]","args":[{"selector":{"id":"createOrganizationPop--grZone","searchOpenDialogs":true,"interaction":{"idSuffix":"CbBg"}},"wdio_ui5_key":"createOrganizationPopgrZone"}]}
RESULT: {"script":"<script> [1562 bytes]","args":[{"selector":{"id":"createOrganizationPop--grZone","searchOpenDialogs":true,"interaction":{"idSuffix":"CbBg"}},"wdio_ui5_key":"createOrganizationPopgrZone"}]}
RESULT: undefined
COMMAND: POST /session/08ab26b8631a6e4e239c2287b57cf254/element - {"using":"xpath","value":"//*[@id=\"createOrganizationPop--grZone\"]"}
RESULT: {"using":"xpath","value":"//*[@id=\"createOrganizationPop--grZone\"]"}
COMMAND: POST /session/08ab26b8631a6e4e239c2287b57cf254/element/f.150F062B3A02957456735AB987B5EB04.d.A5327340166F8A869DAC5D9ABC6CE0C0.e.9251/click - {}
RESULT: {}
COMMAND: POST /session/08ab26b8631a6e4e239c2287b57cf254/execute/async - {"script":"<script> [1562 bytes]","args":[{"selector":{"id":"createOrganizationPop--giZone","searchOpenDialogs":true,"interaction":{"idSuffix":"CbBg"}},"wdio_ui5_key":"createOrganizationPopgiZone"}]}
COMMAND: GET /session/08ab26b8631a6e4e239c2287b57cf254/screenshot - {}
RESULT: {"script":"<script> [1562 bytes]","args":[{"selector":{"id":"createOrganizationPop--giZone","searchOpenDialogs":true,"interaction":{"idSuffix":"CbBg"}},"wdio_ui5_key":"createOrganizationPopgiZone"}]}
RESULT: undefined
COMMAND: POST /session/08ab26b8631a6e4e239c2287b57cf254/element - {"using":"xpath","value":"//*[@id=\"createOrganizationPop--giZone\"]"}
RESULT: {}
RESULT: {"using":"xpath","value":"//*[@id=\"createOrganizationPop--giZone\"]"}
COMMAND: POST /session/08ab26b8631a6e4e239c2287b57cf254/element/f.150F062B3A02957456735AB987B5EB04.d.A5327340166F8A869DAC5D9ABC6CE0C0.e.9253/click - {}
RESULT: {}
COMMAND: POST /session/08ab26b8631a6e4e239c2287b57cf254/execute/async - {"script":"<script> [1562 bytes]","args":[{"selector":{"id":"createOrganizationPop--binNoInput","searchOpenDialogs":true,"interaction":{"idSuffix":"inner"}},"wdio_ui5_key":"createOrganizationPopbinNoInput"}]}
COMMAND: GET /session/08ab26b8631a6e4e239c2287b57cf254/screenshot - {}
RESULT: {"script":"<script> [1562 bytes]","args":[{"selector":{"id":"createOrganizationPop--binNoInput","searchOpenDialogs":true,"interaction":{"idSuffix":"inner"}},"wdio_ui5_key":"createOrganizationPopbinNoInput"}]}
RESULT: undefined
COMMAND: POST /session/08ab26b8631a6e4e239c2287b57cf254/execute/async - {"script":"<script> [776 bytes]","args":[{"enterText":"Bincfc6p","selector":{"id":"createOrganizationPop--binNoInput","searchOpenDialogs":true,"interaction":{"idSuffix":"inner"}},"clearTextFirst":true,"interactionType":"ENTER_TEXT"}]}
RESULT: {}
RESULT: {"script":"<script> [776 bytes]","args":[{"enterText":"Bincfc6p","selector":{"id":"createOrganizationPop--binNoInput","searchOpenDialogs":true,"interaction":{"idSuffix":"inner"}},"clearTextFirst":true,"interactionType":"ENTER_TEXT"}]}
COMMAND: POST /session/08ab26b8631a6e4e239c2287b57cf254/execute/async - {"script":"<script> [1562 bytes]","args":[{"selector":{"id":"createOrganizationPop--descriptionId","searchOpenDialogs":true,"interaction":{"idSuffix":"inner"}},"wdio_ui5_key":"createOrganizationPopdescriptionId"}]}
RESULT: {"script":"<script> [1562 bytes]","args":[{"selector":{"id":"createOrganizationPop--descriptionId","searchOpenDialogs":true,"interaction":{"idSuffix":"inner"}},"wdio_ui5_key":"createOrganizationPopdescriptionId"}]}
RESULT: undefined
COMMAND: POST /session/08ab26b8631a6e4e239c2287b57cf254/execute/async - {"script":"<script> [776 bytes]","args":[{"enterText":"Binnlzcm","selector":{"id":"createOrganizationPop--descriptionId","searchOpenDialogs":true,"interaction":{"idSuffix":"inner"}},"clearTextFirst":true,"interactionType":"ENTER_TEXT"}]}
RESULT: {"script":"<script> [776 bytes]","args":[{"enterText":"Binnlzcm","selector":{"id":"createOrganizationPop--descriptionId","searchOpenDialogs":true,"interaction":{"idSuffix":"inner"}},"clearTextFirst":true,"interactionType":"ENTER_TEXT"}]}
COMMAND: POST /session/08ab26b8631a6e4e239c2287b57cf254/execute/async - {"script":"<script> [1562 bytes]","args":[{"selector":{"controlType":"sap.m.CheckBox","viewName":"etm.portal.ui.binstatusreport.view.MasterWareBins","viewId":"application-binstatusreport-display-component---warehousing","bindingPath":{"path":"","propertyPath":"/ZONE","modelName":"newBin"},"searchOpenDialogs":true,"interaction":{"idSuffix":"CbBg"}},"wdio_ui5_key":"etmportal.ui.binstatusreport.view.MasterWareBinssap.m.CheckBox{\"path\":\"\",\"propertyPath\":\"/ZONE\",\"modelName\":\"newBin\"}"}]}
RESULT: {"script":"<script> [1562 bytes]","args":[{"selector":{"controlType":"sap.m.CheckBox","viewName":"etm.portal.ui.binstatusreport.view.MasterWareBins","viewId":"application-binstatusreport-display-component---warehousing","bindingPath":{"path":"","propertyPath":"/ZONE","modelName":"newBin"},"searchOpenDialogs":true,"interaction":{"idSuffix":"CbBg"}},"wdio_ui5_key":"etmportal.ui.binstatusreport.view.MasterWareBinssap.m.CheckBox{\"path\":\"\",\"propertyPath\":\"/ZONE\",\"modelName\":\"newBin\"}"}]}
RESULT: undefined
COMMAND: POST /session/08ab26b8631a6e4e239c2287b57cf254/element - {"using":"xpath","value":"//*[@id=\"__box12\"]"}
RESULT: {"using":"xpath","value":"//*[@id=\"__box12\"]"}
COMMAND: POST /session/08ab26b8631a6e4e239c2287b57cf254/element/f.150F062B3A02957456735AB987B5EB04.d.A5327340166F8A869DAC5D9ABC6CE0C0.e.9257/click - {}
RESULT: {}
COMMAND: POST /session/08ab26b8631a6e4e239c2287b57cf254/execute/async - {"script":"<script> [1562 bytes]","args":[{"selector":{"id":"createOrganizationPop--binTypesCB-arrow","searchOpenDialogs":true},"wdio_ui5_key":"createOrganizationPopbinTypesCB-arrow"}]}
COMMAND: GET /session/08ab26b8631a6e4e239c2287b57cf254/screenshot - {}
RESULT: {"script":"<script> [1562 bytes]","args":[{"selector":{"id":"createOrganizationPop--binTypesCB-arrow","searchOpenDialogs":true},"wdio_ui5_key":"createOrganizationPopbinTypesCB-arrow"}]}
RESULT: undefined
COMMAND: POST /session/08ab26b8631a6e4e239c2287b57cf254/element - {"using":"xpath","value":"//*[@id=\"createOrganizationPop--binTypesCB-arrow\"]"}
RESULT: {}
RESULT: {"using":"xpath","value":"//*[@id=\"createOrganizationPop--binTypesCB-arrow\"]"}
COMMAND: POST /session/08ab26b8631a6e4e239c2287b57cf254/element/f.150F062B3A02957456735AB987B5EB04.d.A5327340166F8A869DAC5D9ABC6CE0C0.e.9258/click - {}
RESULT: {}
COMMAND: POST /session/08ab26b8631a6e4e239c2287b57cf254/execute/async - {"script":"<script> [1562 bytes]","args":[{"selector":{"controlType":"sap.m.StandardListItem","viewName":"etm.portal.ui.binstatusreport.view.MasterWareBins","viewId":"application-binstatusreport-display-component---warehousing","properties":{"title":"1 - General / No capacity check"},"searchOpenDialogs":true,"interaction":{"idSuffix":"content"}},"wdio_ui5_key":"etmportal.ui.binstatusreport.view.MasterWareBinssap.m.StandardListItem{\"title\":\"1 - General / No capacity check\"}"}]}
COMMAND: GET /session/08ab26b8631a6e4e239c2287b57cf254/screenshot - {}
RESULT: {"script":"<script> [1562 bytes]","args":[{"selector":{"controlType":"sap.m.StandardListItem","viewName":"etm.portal.ui.binstatusreport.view.MasterWareBins","viewId":"application-binstatusreport-display-component---warehousing","properties":{"title":"1 - General / No capacity check"},"searchOpenDialogs":true,"interaction":{"idSuffix":"content"}},"wdio_ui5_key":"etmportal.ui.binstatusreport.view.MasterWareBinssap.m.StandardListItem{\"title\":\"1 - General / No capacity check\"}"}]}
RESULT: undefined
COMMAND: POST /session/08ab26b8631a6e4e239c2287b57cf254/element - {"using":"xpath","value":"//*[@id=\"__item116\"]"}
RESULT: {}
RESULT: {"using":"xpath","value":"//*[@id=\"__item116\"]"}
COMMAND: POST /session/08ab26b8631a6e4e239c2287b57cf254/element/f.150F062B3A02957456735AB987B5EB04.d.A5327340166F8A869DAC5D9ABC6CE0C0.e.9260/click - {}
RESULT: {}
COMMAND: POST /session/08ab26b8631a6e4e239c2287b57cf254/execute/async - {"script":"<script> [1562 bytes]","args":[{"selector":{"id":"createOrganizationPop--finishBtn","searchOpenDialogs":true,"interaction":{"idSuffix":"BDI-content"}},"wdio_ui5_key":"createOrganizationPopfinishBtn"}]}
COMMAND: GET /session/08ab26b8631a6e4e239c2287b57cf254/screenshot - {}
RESULT: {"script":"<script> [1562 bytes]","args":[{"selector":{"id":"createOrganizationPop--finishBtn","searchOpenDialogs":true,"interaction":{"idSuffix":"BDI-content"}},"wdio_ui5_key":"createOrganizationPopfinishBtn"}]}
RESULT: undefined
COMMAND: POST /session/08ab26b8631a6e4e239c2287b57cf254/element - {"using":"xpath","value":"//*[@id=\"createOrganizationPop--finishBtn\"]"}
RESULT: {}
RESULT: {"using":"xpath","value":"//*[@id=\"createOrganizationPop--finishBtn\"]"}
COMMAND: POST /session/08ab26b8631a6e4e239c2287b57cf254/element/f.150F062B3A02957456735AB987B5EB04.d.A5327340166F8A869DAC5D9ABC6CE0C0.e.9262/click - {}
RESULT: {}
COMMAND: GET /session/08ab26b8631a6e4e239c2287b57cf254/screenshot - {}
RESULT: {}
COMMAND: POST /session/08ab26b8631a6e4e239c2287b57cf254/element - {"using":"css selector","value":"#shell-header-logo"}
RESULT: {"using":"css selector","value":"#shell-header-logo"}
COMMAND: POST /session/08ab26b8631a6e4e239c2287b57cf254/element/f.150F062B3A02957456735AB987B5EB04.d.A5327340166F8A869DAC5D9ABC6CE0C0.e.9151/click - {}
RESULT: {}
COMMAND: GET /session/08ab26b8631a6e4e239c2287b57cf254/screenshot - {}
RESULT: {}
]]></system-out>
    </testcase>
    <testcase classname="chrome.135_0_7049_96.windows.Warehouse_movements_inventory_test" name="Should Create new material for WHM yard" time="133.067">
      <system-out><![CDATA[
COMMAND: POST /session/08ab26b8631a6e4e239c2287b57cf254/execute/async - {"script":"<script> [1562 bytes]","args":[{"selector":{"controlType":"sap.m.GenericTile","properties":{"header":"Manage Resources"}},"wdio_ui5_key":"sapm.GenericTile{\"header\":\"Manage Resources\"}"}]}
RESULT: {"script":"<script> [1562 bytes]","args":[{"selector":{"controlType":"sap.m.GenericTile","properties":{"header":"Manage Resources"}},"wdio_ui5_key":"sapm.GenericTile{\"header\":\"Manage Resources\"}"}]}
RESULT: undefined
COMMAND: POST /session/08ab26b8631a6e4e239c2287b57cf254/element - {"using":"xpath","value":"//*[@id=\"__tile39\"]"}
RESULT: {"using":"xpath","value":"//*[@id=\"__tile39\"]"}
COMMAND: POST /session/08ab26b8631a6e4e239c2287b57cf254/element/f.150F062B3A02957456735AB987B5EB04.d.A5327340166F8A869DAC5D9ABC6CE0C0.e.9269/click - {}
RESULT: {}
COMMAND: GET /session/08ab26b8631a6e4e239c2287b57cf254/screenshot - {}
RESULT: {}
COMMAND: POST /session/08ab26b8631a6e4e239c2287b57cf254/element - {"using":"xpath","value":"//button[@data-kt=\"addNewRUOverflowToolbarButton\"]"}
RESULT: {"using":"xpath","value":"//button[@data-kt=\"addNewRUOverflowToolbarButton\"]"}
COMMAND: POST /session/08ab26b8631a6e4e239c2287b57cf254/execute/sync - {"script":"<script> [8489 bytes]","args":[{"element-6066-11e4-a52e-4f735466cecf":"f.150F062B3A02957456735AB987B5EB04.d.A5327340166F8A869DAC5D9ABC6CE0C0.e.9299","ELEMENT":"f.150F062B3A02957456735AB987B5EB04.d.A5327340166F8A869DAC5D9ABC6CE0C0.e.9299"}]}
RESULT: {"script":"<script> [8489 bytes]","args":[{"element-6066-11e4-a52e-4f735466cecf":"f.150F062B3A02957456735AB987B5EB04.d.A5327340166F8A869DAC5D9ABC6CE0C0.e.9299","ELEMENT":"f.150F062B3A02957456735AB987B5EB04.d.A5327340166F8A869DAC5D9ABC6CE0C0.e.9299"}]}
COMMAND: POST /session/08ab26b8631a6e4e239c2287b57cf254/element/f.150F062B3A02957456735AB987B5EB04.d.A5327340166F8A869DAC5D9ABC6CE0C0.e.9299/click - {}
COMMAND: GET /session/08ab26b8631a6e4e239c2287b57cf254/screenshot - {}
RESULT: {}
COMMAND: POST /session/08ab26b8631a6e4e239c2287b57cf254/execute/async - {"script":"<script> [1562 bytes]","args":[{"selector":{"id":"application-manageresources-display-component---newResourceUnit--TYPE-arrow"},"wdio_ui5_key":"applicationmanageresources-display-component---newResourceUnit--TYPE-arrow"}]}
COMMAND: GET /session/08ab26b8631a6e4e239c2287b57cf254/screenshot - {}
RESULT: {}
RESULT: {"script":"<script> [1562 bytes]","args":[{"selector":{"id":"application-manageresources-display-component---newResourceUnit--TYPE-arrow"},"wdio_ui5_key":"applicationmanageresources-display-component---newResourceUnit--TYPE-arrow"}]}
RESULT: undefined
COMMAND: POST /session/08ab26b8631a6e4e239c2287b57cf254/element - {"using":"xpath","value":"//*[@id=\"application-manageresources-display-component---newResourceUnit--TYPE-arrow\"]"}
RESULT: {}
RESULT: {"using":"xpath","value":"//*[@id=\"application-manageresources-display-component---newResourceUnit--TYPE-arrow\"]"}
COMMAND: POST /session/08ab26b8631a6e4e239c2287b57cf254/element/f.150F062B3A02957456735AB987B5EB04.d.A5327340166F8A869DAC5D9ABC6CE0C0.e.9624/click - {}
RESULT: {}
COMMAND: POST /session/08ab26b8631a6e4e239c2287b57cf254/execute/async - {"script":"<script> [1562 bytes]","args":[{"selector":{"controlType":"sap.m.StandardListItem","viewName":"reusables.view.manageresources.NewResourceUnit","viewId":"application-manageresources-display-component---newResourceUnit","properties":{"title":"Material"},"searchOpenDialogs":true,"interaction":{"idSuffix":"titleText"}},"wdio_ui5_key":"reusablesview.manageresources.NewResourceUnitsap.m.StandardListItem{\"title\":\"Material\"}"}]}
COMMAND: GET /session/08ab26b8631a6e4e239c2287b57cf254/screenshot - {}
RESULT: {"script":"<script> [1562 bytes]","args":[{"selector":{"controlType":"sap.m.StandardListItem","viewName":"reusables.view.manageresources.NewResourceUnit","viewId":"application-manageresources-display-component---newResourceUnit","properties":{"title":"Material"},"searchOpenDialogs":true,"interaction":{"idSuffix":"titleText"}},"wdio_ui5_key":"reusablesview.manageresources.NewResourceUnitsap.m.StandardListItem{\"title\":\"Material\"}"}]}
RESULT: undefined
COMMAND: POST /session/08ab26b8631a6e4e239c2287b57cf254/element - {"using":"xpath","value":"//*[@id=\"__item246\"]"}
RESULT: {}
RESULT: {"using":"xpath","value":"//*[@id=\"__item246\"]"}
COMMAND: POST /session/08ab26b8631a6e4e239c2287b57cf254/element/f.150F062B3A02957456735AB987B5EB04.d.A5327340166F8A869DAC5D9ABC6CE0C0.e.9627/click - {}
RESULT: {}
COMMAND: POST /session/08ab26b8631a6e4e239c2287b57cf254/execute/async - {"script":"<script> [1562 bytes]","args":[{"selector":{"id":"application-manageresources-display-component---newResourceUnit--SHORT_TEXT","interaction":{"idSuffix":"inner"}},"wdio_ui5_key":"applicationmanageresources-display-component---newResourceUnit--SHORT_TEXT"}]}
COMMAND: GET /session/08ab26b8631a6e4e239c2287b57cf254/screenshot - {}
RESULT: {"script":"<script> [1562 bytes]","args":[{"selector":{"id":"application-manageresources-display-component---newResourceUnit--SHORT_TEXT","interaction":{"idSuffix":"inner"}},"wdio_ui5_key":"applicationmanageresources-display-component---newResourceUnit--SHORT_TEXT"}]}
RESULT: undefined
COMMAND: POST /session/08ab26b8631a6e4e239c2287b57cf254/execute/async - {"script":"<script> [776 bytes]","args":[{"enterText":"WebdriverRUR2Crhm6q","selector":{"id":"application-manageresources-display-component---newResourceUnit--SHORT_TEXT","interaction":{"idSuffix":"inner"}},"clearTextFirst":true,"interactionType":"ENTER_TEXT"}]}
RESULT: {}
RESULT: {"script":"<script> [776 bytes]","args":[{"enterText":"WebdriverRUR2Crhm6q","selector":{"id":"application-manageresources-display-component---newResourceUnit--SHORT_TEXT","interaction":{"idSuffix":"inner"}},"clearTextFirst":true,"interactionType":"ENTER_TEXT"}]}
COMMAND: POST /session/08ab26b8631a6e4e239c2287b57cf254/execute/async - {"script":"<script> [1562 bytes]","args":[{"selector":{"id":"application-manageresources-display-component---newResourceUnit--BASE_UNIT_OF_MEASURE-arrow"},"wdio_ui5_key":"applicationmanageresources-display-component---newResourceUnit--BASE_UNIT_OF_MEASURE-arrow"}]}
RESULT: {"script":"<script> [1562 bytes]","args":[{"selector":{"id":"application-manageresources-display-component---newResourceUnit--BASE_UNIT_OF_MEASURE-arrow"},"wdio_ui5_key":"applicationmanageresources-display-component---newResourceUnit--BASE_UNIT_OF_MEASURE-arrow"}]}
RESULT: undefined
COMMAND: POST /session/08ab26b8631a6e4e239c2287b57cf254/element - {"using":"xpath","value":"//*[@id=\"application-manageresources-display-component---newResourceUnit--BASE_UNIT_OF_MEASURE-arrow\"]"}
RESULT: {"using":"xpath","value":"//*[@id=\"application-manageresources-display-component---newResourceUnit--BASE_UNIT_OF_MEASURE-arrow\"]"}
COMMAND: POST /session/08ab26b8631a6e4e239c2287b57cf254/element/f.150F062B3A02957456735AB987B5EB04.d.A5327340166F8A869DAC5D9ABC6CE0C0.e.9683/click - {}
RESULT: {}
COMMAND: POST /session/08ab26b8631a6e4e239c2287b57cf254/execute/async - {"script":"<script> [1562 bytes]","args":[{"selector":{"controlType":"sap.m.StandardListItem","viewName":"reusables.view.manageresources.NewResourceUnit","viewId":"application-manageresources-display-component---newResourceUnit","properties":{"title":"Piece"},"searchOpenDialogs":true,"interaction":{"idSuffix":"titleText"}},"wdio_ui5_key":"reusablesview.manageresources.NewResourceUnitsap.m.StandardListItem{\"title\":\"Piece\"}"}]}
COMMAND: GET /session/08ab26b8631a6e4e239c2287b57cf254/screenshot - {}
RESULT: {"script":"<script> [1562 bytes]","args":[{"selector":{"controlType":"sap.m.StandardListItem","viewName":"reusables.view.manageresources.NewResourceUnit","viewId":"application-manageresources-display-component---newResourceUnit","properties":{"title":"Piece"},"searchOpenDialogs":true,"interaction":{"idSuffix":"titleText"}},"wdio_ui5_key":"reusablesview.manageresources.NewResourceUnitsap.m.StandardListItem{\"title\":\"Piece\"}"}]}
RESULT: undefined
COMMAND: POST /session/08ab26b8631a6e4e239c2287b57cf254/element - {"using":"xpath","value":"//*[@id=\"__item290\"]"}
RESULT: {}
RESULT: {"using":"xpath","value":"//*[@id=\"__item290\"]"}
COMMAND: POST /session/08ab26b8631a6e4e239c2287b57cf254/element/f.150F062B3A02957456735AB987B5EB04.d.A5327340166F8A869DAC5D9ABC6CE0C0.e.9685/click - {}
RESULT: {}
COMMAND: POST /session/08ab26b8631a6e4e239c2287b57cf254/element - {"using":"xpath","value":"//input[contains(@id ,\"application-manageresources-display-component---newResourceUnit--SHORT_TEXT-inner\")]"}
COMMAND: GET /session/08ab26b8631a6e4e239c2287b57cf254/screenshot - {}
RESULT: {"using":"xpath","value":"//input[contains(@id ,\"application-manageresources-display-component---newResourceUnit--SHORT_TEXT-inner\")]"}
COMMAND: GET /session/08ab26b8631a6e4e239c2287b57cf254/element/f.150F062B3A02957456735AB987B5EB04.d.A5327340166F8A869DAC5D9ABC6CE0C0.e.9644/property/value - {}
RESULT: {}
RESULT: {}
COMMAND: POST /session/08ab26b8631a6e4e239c2287b57cf254/execute/async - {"script":"<script> [1562 bytes]","args":[{"selector":{"id":"application-manageresources-display-component---newResourceUnit--WEIGHT_UNIT-arrow"},"wdio_ui5_key":"applicationmanageresources-display-component---newResourceUnit--WEIGHT_UNIT-arrow"}]}
COMMAND: GET /session/08ab26b8631a6e4e239c2287b57cf254/screenshot - {}
RESULT: {"script":"<script> [1562 bytes]","args":[{"selector":{"id":"application-manageresources-display-component---newResourceUnit--WEIGHT_UNIT-arrow"},"wdio_ui5_key":"applicationmanageresources-display-component---newResourceUnit--WEIGHT_UNIT-arrow"}]}
RESULT: undefined
COMMAND: POST /session/08ab26b8631a6e4e239c2287b57cf254/element - {"using":"xpath","value":"//*[@id=\"application-manageresources-display-component---newResourceUnit--WEIGHT_UNIT-arrow\"]"}
RESULT: {}
RESULT: {"using":"xpath","value":"//*[@id=\"application-manageresources-display-component---newResourceUnit--WEIGHT_UNIT-arrow\"]"}
COMMAND: POST /session/08ab26b8631a6e4e239c2287b57cf254/element/f.150F062B3A02957456735AB987B5EB04.d.A5327340166F8A869DAC5D9ABC6CE0C0.e.9686/click - {}
RESULT: {}
COMMAND: POST /session/08ab26b8631a6e4e239c2287b57cf254/execute/async - {"script":"<script> [1562 bytes]","args":[{"selector":{"controlType":"sap.m.StandardListItem","viewName":"reusables.view.manageresources.NewResourceUnit","viewId":"application-manageresources-display-component---newResourceUnit","properties":{"title":"Gram"},"searchOpenDialogs":true,"interaction":{"idSuffix":"content"}},"wdio_ui5_key":"reusablesview.manageresources.NewResourceUnitsap.m.StandardListItem{\"title\":\"Gram\"}"}]}
COMMAND: GET /session/08ab26b8631a6e4e239c2287b57cf254/screenshot - {}
RESULT: {"script":"<script> [1562 bytes]","args":[{"selector":{"controlType":"sap.m.StandardListItem","viewName":"reusables.view.manageresources.NewResourceUnit","viewId":"application-manageresources-display-component---newResourceUnit","properties":{"title":"Gram"},"searchOpenDialogs":true,"interaction":{"idSuffix":"content"}},"wdio_ui5_key":"reusablesview.manageresources.NewResourceUnitsap.m.StandardListItem{\"title\":\"Gram\"}"}]}
RESULT: undefined
COMMAND: POST /session/08ab26b8631a6e4e239c2287b57cf254/element - {"using":"xpath","value":"//*[@id=\"__item355\"]"}
RESULT: {}
RESULT: {"using":"xpath","value":"//*[@id=\"__item355\"]"}
COMMAND: POST /session/08ab26b8631a6e4e239c2287b57cf254/element/f.150F062B3A02957456735AB987B5EB04.d.A5327340166F8A869DAC5D9ABC6CE0C0.e.9688/click - {}
RESULT: {}
COMMAND: POST /session/08ab26b8631a6e4e239c2287b57cf254/execute/async - {"script":"<script> [1562 bytes]","args":[{"selector":{"id":"application-manageresources-display-component---newResourceUnit--newRRUPage-OPHeaderContent-collapseBtn-img"},"wdio_ui5_key":"applicationmanageresources-display-component---newResourceUnit--newRRUPage-OPHeaderContent-collapseBtn-img"}]}
COMMAND: GET /session/08ab26b8631a6e4e239c2287b57cf254/screenshot - {}
RESULT: {"script":"<script> [1562 bytes]","args":[{"selector":{"id":"application-manageresources-display-component---newResourceUnit--newRRUPage-OPHeaderContent-collapseBtn-img"},"wdio_ui5_key":"applicationmanageresources-display-component---newResourceUnit--newRRUPage-OPHeaderContent-collapseBtn-img"}]}
RESULT: undefined
COMMAND: POST /session/08ab26b8631a6e4e239c2287b57cf254/element - {"using":"xpath","value":"//*[@id=\"application-manageresources-display-component---newResourceUnit--newRRUPage-OPHeaderContent-collapseBtn-img\"]"}
RESULT: {}
RESULT: {"using":"xpath","value":"//*[@id=\"application-manageresources-display-component---newResourceUnit--newRRUPage-OPHeaderContent-collapseBtn-img\"]"}
COMMAND: POST /session/08ab26b8631a6e4e239c2287b57cf254/element/f.150F062B3A02957456735AB987B5EB04.d.A5327340166F8A869DAC5D9ABC6CE0C0.e.9634/click - {}
RESULT: {}
COMMAND: GET /session/08ab26b8631a6e4e239c2287b57cf254/screenshot - {}
RESULT: {}
COMMAND: POST /session/08ab26b8631a6e4e239c2287b57cf254/element - {"using":"xpath","value":"(//span[contains(@id ,\"application-manageresources-display-component---newResourceUnit--DIMENSION_UNIT-arrow\")])[1]"}
RESULT: {"using":"xpath","value":"(//span[contains(@id ,\"application-manageresources-display-component---newResourceUnit--DIMENSION_UNIT-arrow\")])[1]"}
COMMAND: POST /session/08ab26b8631a6e4e239c2287b57cf254/element/f.150F062B3A02957456735AB987B5EB04.d.A5327340166F8A869DAC5D9ABC6CE0C0.e.9692/click - {}
RESULT: {}
COMMAND: GET /session/08ab26b8631a6e4e239c2287b57cf254/screenshot - {}
RESULT: {}
COMMAND: POST /session/08ab26b8631a6e4e239c2287b57cf254/execute/async - {"script":"<script> [1562 bytes]","args":[{"selector":{"controlType":"sap.m.StandardListItem","viewName":"reusables.view.manageresources.NewResourceUnit","viewId":"application-manageresources-display-component---newResourceUnit","properties":{"title":"Centimeter"},"searchOpenDialogs":true,"interaction":{"idSuffix":"titleText"}},"wdio_ui5_key":"reusablesview.manageresources.NewResourceUnitsap.m.StandardListItem{\"title\":\"Centimeter\"}"}]}
RESULT: {"script":"<script> [1562 bytes]","args":[{"selector":{"controlType":"sap.m.StandardListItem","viewName":"reusables.view.manageresources.NewResourceUnit","viewId":"application-manageresources-display-component---newResourceUnit","properties":{"title":"Centimeter"},"searchOpenDialogs":true,"interaction":{"idSuffix":"titleText"}},"wdio_ui5_key":"reusablesview.manageresources.NewResourceUnitsap.m.StandardListItem{\"title\":\"Centimeter\"}"}]}
RESULT: undefined
COMMAND: POST /session/08ab26b8631a6e4e239c2287b57cf254/element - {"using":"xpath","value":"//*[@id=\"__item358\"]"}
RESULT: {"using":"xpath","value":"//*[@id=\"__item358\"]"}
COMMAND: POST /session/08ab26b8631a6e4e239c2287b57cf254/element/f.150F062B3A02957456735AB987B5EB04.d.A5327340166F8A869DAC5D9ABC6CE0C0.e.9696/click - {}
RESULT: {}
COMMAND: POST /session/08ab26b8631a6e4e239c2287b57cf254/execute/async - {"script":"<script> [1562 bytes]","args":[{"selector":{"id":"application-manageresources-display-component---newResourceUnit--newRRUPage-anchBar-application-manageresources-display-component---newResourceUnit--reference-anchor","interaction":{"idSuffix":"BDI-content"}},"wdio_ui5_key":"applicationmanageresources-display-component---newResourceUnit--newRRUPage-anchBar-application-manageresources-display-component---newResourceUnit--reference-anchor"}]}
COMMAND: GET /session/08ab26b8631a6e4e239c2287b57cf254/screenshot - {}
RESULT: {"script":"<script> [1562 bytes]","args":[{"selector":{"id":"application-manageresources-display-component---newResourceUnit--newRRUPage-anchBar-application-manageresources-display-component---newResourceUnit--reference-anchor","interaction":{"idSuffix":"BDI-content"}},"wdio_ui5_key":"applicationmanageresources-display-component---newResourceUnit--newRRUPage-anchBar-application-manageresources-display-component---newResourceUnit--reference-anchor"}]}
RESULT: undefined
COMMAND: POST /session/08ab26b8631a6e4e239c2287b57cf254/element - {"using":"xpath","value":"//*[@id=\"application-manageresources-display-component---newResourceUnit--newRRUPage-anchBar-application-manageresources-display-component---newResourceUnit--reference-anchor\"]"}
RESULT: {}
RESULT: {"using":"xpath","value":"//*[@id=\"application-manageresources-display-component---newResourceUnit--newRRUPage-anchBar-application-manageresources-display-component---newResourceUnit--reference-anchor\"]"}
COMMAND: POST /session/08ab26b8631a6e4e239c2287b57cf254/element/f.150F062B3A02957456735AB987B5EB04.d.A5327340166F8A869DAC5D9ABC6CE0C0.e.9698/click - {}
RESULT: {}
COMMAND: POST /session/08ab26b8631a6e4e239c2287b57cf254/execute/async - {"script":"<script> [1562 bytes]","args":[{"selector":{"id":"application-manageresources-display-component---newResourceUnit--PLANNING_GROUP-arrow"},"wdio_ui5_key":"applicationmanageresources-display-component---newResourceUnit--PLANNING_GROUP-arrow"}]}
COMMAND: GET /session/08ab26b8631a6e4e239c2287b57cf254/screenshot - {}
RESULT: {"script":"<script> [1562 bytes]","args":[{"selector":{"id":"application-manageresources-display-component---newResourceUnit--PLANNING_GROUP-arrow"},"wdio_ui5_key":"applicationmanageresources-display-component---newResourceUnit--PLANNING_GROUP-arrow"}]}
RESULT: undefined
COMMAND: POST /session/08ab26b8631a6e4e239c2287b57cf254/element - {"using":"xpath","value":"//*[@id=\"application-manageresources-display-component---newResourceUnit--PLANNING_GROUP-arrow\"]"}
RESULT: {}
RESULT: {"using":"xpath","value":"//*[@id=\"application-manageresources-display-component---newResourceUnit--PLANNING_GROUP-arrow\"]"}
COMMAND: POST /session/08ab26b8631a6e4e239c2287b57cf254/element/f.150F062B3A02957456735AB987B5EB04.d.A5327340166F8A869DAC5D9ABC6CE0C0.e.9702/click - {}
RESULT: {}
COMMAND: POST /session/08ab26b8631a6e4e239c2287b57cf254/execute/async - {"script":"<script> [1562 bytes]","args":[{"selector":{"controlType":"sap.m.StandardListItem","viewName":"reusables.view.manageresources.NewResourceUnit","viewId":"application-manageresources-display-component---newResourceUnit","properties":{"title":"Heavy Equi"},"searchOpenDialogs":true,"interaction":{"idSuffix":"content"}},"wdio_ui5_key":"reusablesview.manageresources.NewResourceUnitsap.m.StandardListItem{\"title\":\"Heavy Equi\"}"}]}
COMMAND: GET /session/08ab26b8631a6e4e239c2287b57cf254/screenshot - {}
RESULT: {"script":"<script> [1562 bytes]","args":[{"selector":{"controlType":"sap.m.StandardListItem","viewName":"reusables.view.manageresources.NewResourceUnit","viewId":"application-manageresources-display-component---newResourceUnit","properties":{"title":"Heavy Equi"},"searchOpenDialogs":true,"interaction":{"idSuffix":"content"}},"wdio_ui5_key":"reusablesview.manageresources.NewResourceUnitsap.m.StandardListItem{\"title\":\"Heavy Equi\"}"}]}
RESULT: undefined
COMMAND: POST /session/08ab26b8631a6e4e239c2287b57cf254/element - {"using":"xpath","value":"//*[@id=\"__item366\"]"}
RESULT: {}
RESULT: {"using":"xpath","value":"//*[@id=\"__item366\"]"}
COMMAND: POST /session/08ab26b8631a6e4e239c2287b57cf254/element/f.150F062B3A02957456735AB987B5EB04.d.A5327340166F8A869DAC5D9ABC6CE0C0.e.9704/click - {}
RESULT: {}
COMMAND: GET /session/08ab26b8631a6e4e239c2287b57cf254/screenshot - {}
RESULT: {}
COMMAND: POST /session/08ab26b8631a6e4e239c2287b57cf254/execute/async - {"script":"<script> [1562 bytes]","args":[{"selector":{"id":"application-manageresources-display-component---newResourceUnit--PLANNING_INDICATOR-arrow"},"wdio_ui5_key":"applicationmanageresources-display-component---newResourceUnit--PLANNING_INDICATOR-arrow"}]}
RESULT: {"script":"<script> [1562 bytes]","args":[{"selector":{"id":"application-manageresources-display-component---newResourceUnit--PLANNING_INDICATOR-arrow"},"wdio_ui5_key":"applicationmanageresources-display-component---newResourceUnit--PLANNING_INDICATOR-arrow"}]}
RESULT: undefined
COMMAND: POST /session/08ab26b8631a6e4e239c2287b57cf254/element - {"using":"xpath","value":"//*[@id=\"application-manageresources-display-component---newResourceUnit--PLANNING_INDICATOR-arrow\"]"}
RESULT: {"using":"xpath","value":"//*[@id=\"application-manageresources-display-component---newResourceUnit--PLANNING_INDICATOR-arrow\"]"}
COMMAND: POST /session/08ab26b8631a6e4e239c2287b57cf254/element/f.150F062B3A02957456735AB987B5EB04.d.A5327340166F8A869DAC5D9ABC6CE0C0.e.9705/click - {}
RESULT: {}
COMMAND: POST /session/08ab26b8631a6e4e239c2287b57cf254/execute/async - {"script":"<script> [1562 bytes]","args":[{"selector":{"controlType":"sap.m.StandardListItem","viewName":"reusables.view.manageresources.NewResourceUnit","viewId":"application-manageresources-display-component---newResourceUnit","properties":{"title":"10 - infinite"},"searchOpenDialogs":true,"interaction":{"idSuffix":"content"}},"wdio_ui5_key":"reusablesview.manageresources.NewResourceUnitsap.m.StandardListItem{\"title\":\"10 - infinite\"}"}]}
COMMAND: GET /session/08ab26b8631a6e4e239c2287b57cf254/screenshot - {}
RESULT: {"script":"<script> [1562 bytes]","args":[{"selector":{"controlType":"sap.m.StandardListItem","viewName":"reusables.view.manageresources.NewResourceUnit","viewId":"application-manageresources-display-component---newResourceUnit","properties":{"title":"10 - infinite"},"searchOpenDialogs":true,"interaction":{"idSuffix":"content"}},"wdio_ui5_key":"reusablesview.manageresources.NewResourceUnitsap.m.StandardListItem{\"title\":\"10 - infinite\"}"}]}
RESULT: undefined
COMMAND: POST /session/08ab26b8631a6e4e239c2287b57cf254/element - {"using":"xpath","value":"//*[@id=\"__item376\"]"}
RESULT: {}
RESULT: {"using":"xpath","value":"//*[@id=\"__item376\"]"}
COMMAND: POST /session/08ab26b8631a6e4e239c2287b57cf254/element/f.150F062B3A02957456735AB987B5EB04.d.A5327340166F8A869DAC5D9ABC6CE0C0.e.9707/click - {}
RESULT: {}
COMMAND: GET /session/08ab26b8631a6e4e239c2287b57cf254/screenshot - {}
RESULT: {}
COMMAND: POST /session/08ab26b8631a6e4e239c2287b57cf254/element - {"using":"xpath","value":"//bdi[contains(text(), \"Time Segment\")]"}
RESULT: {"using":"xpath","value":"//bdi[contains(text(), \"Time Segment\")]"}
COMMAND: GET /session/08ab26b8631a6e4e239c2287b57cf254/element/f.150F062B3A02957456735AB987B5EB04.d.A5327340166F8A869DAC5D9ABC6CE0C0.e.9708/rect - {}
RESULT: {}
COMMAND: GET /session/08ab26b8631a6e4e239c2287b57cf254/window/rect - {}
RESULT: {}
COMMAND: POST /session/08ab26b8631a6e4e239c2287b57cf254/execute/sync - {"script":"<script> [92 bytes]","args":[]}
RESULT: {"script":"<script> [92 bytes]","args":[]}
COMMAND: POST /session/08ab26b8631a6e4e239c2287b57cf254/actions - {"actions":[{"id":"action31","type":"wheel","parameters":{},"actions":[{"type":"scroll","x":-1820,"y":-21,"deltaX":0,"deltaY":0,"duration":0,"origin":{"element-6066-11e4-a52e-4f735466cecf":"f.150F062B3A02957456735AB987B5EB04.d.A5327340166F8A869DAC5D9ABC6CE0C0.e.9708"}}]}]}
COMMAND: GET /session/08ab26b8631a6e4e239c2287b57cf254/screenshot - {}
RESULT: {}
COMMAND: POST /session/08ab26b8631a6e4e239c2287b57cf254/execute/sync - {"script":"<script> [79 bytes]","args":[{"element-6066-11e4-a52e-4f735466cecf":"f.150F062B3A02957456735AB987B5EB04.d.A5327340166F8A869DAC5D9ABC6CE0C0.e.9708","ELEMENT":"f.150F062B3A02957456735AB987B5EB04.d.A5327340166F8A869DAC5D9ABC6CE0C0.e.9708"},{"block":"start","inline":"nearest"}]}
RESULT: {"script":"<script> [79 bytes]","args":[{"element-6066-11e4-a52e-4f735466cecf":"f.150F062B3A02957456735AB987B5EB04.d.A5327340166F8A869DAC5D9ABC6CE0C0.e.9708","ELEMENT":"f.150F062B3A02957456735AB987B5EB04.d.A5327340166F8A869DAC5D9ABC6CE0C0.e.9708"},{"block":"start","inline":"nearest"}]}
COMMAND: GET /session/08ab26b8631a6e4e239c2287b57cf254/screenshot - {}
RESULT: {}
COMMAND: POST /session/08ab26b8631a6e4e239c2287b57cf254/element - {"using":"xpath","value":"//span[@id=\"application-manageresources-display-component---newResourceUnit--btnAddTimeSegment-img\"]"}
RESULT: {"using":"xpath","value":"//span[@id=\"application-manageresources-display-component---newResourceUnit--btnAddTimeSegment-img\"]"}
COMMAND: POST /session/08ab26b8631a6e4e239c2287b57cf254/execute/sync - {"script":"<script> [8489 bytes]","args":[{"element-6066-11e4-a52e-4f735466cecf":"f.150F062B3A02957456735AB987B5EB04.d.A5327340166F8A869DAC5D9ABC6CE0C0.e.9711","ELEMENT":"f.150F062B3A02957456735AB987B5EB04.d.A5327340166F8A869DAC5D9ABC6CE0C0.e.9711"}]}
RESULT: {"script":"<script> [8489 bytes]","args":[{"element-6066-11e4-a52e-4f735466cecf":"f.150F062B3A02957456735AB987B5EB04.d.A5327340166F8A869DAC5D9ABC6CE0C0.e.9711","ELEMENT":"f.150F062B3A02957456735AB987B5EB04.d.A5327340166F8A869DAC5D9ABC6CE0C0.e.9711"}]}
COMMAND: POST /session/08ab26b8631a6e4e239c2287b57cf254/element/f.150F062B3A02957456735AB987B5EB04.d.A5327340166F8A869DAC5D9ABC6CE0C0.e.9711/click - {}
COMMAND: GET /session/08ab26b8631a6e4e239c2287b57cf254/screenshot - {}
RESULT: {}
COMMAND: GET /session/08ab26b8631a6e4e239c2287b57cf254/screenshot - {}
COMMAND: POST /session/08ab26b8631a6e4e239c2287b57cf254/element - {"using":"xpath","value":"//input[@id=\"application-manageresources-display-component---newResourceUnit--idRuTSAdmin-application-manageresources-display-component---newResourceUnit--RUTimeSegment-0-inner\"]"}
RESULT: {}
RESULT: {}
RESULT: {"using":"xpath","value":"//input[@id=\"application-manageresources-display-component---newResourceUnit--idRuTSAdmin-application-manageresources-display-component---newResourceUnit--RUTimeSegment-0-inner\"]"}
COMMAND: POST /session/08ab26b8631a6e4e239c2287b57cf254/element/f.150F062B3A02957456735AB987B5EB04.d.A5327340166F8A869DAC5D9ABC6CE0C0.e.9714/clear - {}
RESULT: {}
COMMAND: POST /session/08ab26b8631a6e4e239c2287b57cf254/element/f.150F062B3A02957456735AB987B5EB04.d.A5327340166F8A869DAC5D9ABC6CE0C0.e.9714/value - {"text":"WebdriverWHMYard642sol"}
COMMAND: GET /session/08ab26b8631a6e4e239c2287b57cf254/screenshot - {}
RESULT: {"text":"WebdriverWHMYard642sol"}
COMMAND: GET /session/08ab26b8631a6e4e239c2287b57cf254/screenshot - {}
COMMAND: POST /session/08ab26b8631a6e4e239c2287b57cf254/actions - {"actions":[{"id":"action32","type":"key","parameters":{},"actions":[{"type":"keyDown","value":"î€‡"},{"type":"pause","duration":10},{"type":"keyUp","value":"î€‡"}]}]}
RESULT: {}
RESULT: {}
RESULT: {"actions":[{"id":"action32","type":"key","parameters":{},"actions":[{"type":"keyDown","value":"î€‡"},{"type":"pause","duration":10},{"type":"keyUp","value":"î€‡"}]}]}
COMMAND: GET /session/08ab26b8631a6e4e239c2287b57cf254/screenshot - {}
RESULT: {}
COMMAND: POST /session/08ab26b8631a6e4e239c2287b57cf254/execute/async - {"script":"<script> [1562 bytes]","args":[{"selector":{"controlType":"sap.m.Button","viewName":"reusables.view.manageresources.NewResourceUnit","viewId":"application-manageresources-display-component---newResourceUnit","i18NText":{"propertyName":"tooltip","key":"save"},"interaction":{"idSuffix":"BDI-content"}},"wdio_ui5_key":"reusablesview.manageresources.NewResourceUnitsap.m.Button{\"propertyName\":\"tooltip\",\"key\":\"save\"}"}]}
RESULT: {"script":"<script> [1562 bytes]","args":[{"selector":{"controlType":"sap.m.Button","viewName":"reusables.view.manageresources.NewResourceUnit","viewId":"application-manageresources-display-component---newResourceUnit","i18NText":{"propertyName":"tooltip","key":"save"},"interaction":{"idSuffix":"BDI-content"}},"wdio_ui5_key":"reusablesview.manageresources.NewResourceUnitsap.m.Button{\"propertyName\":\"tooltip\",\"key\":\"save\"}"}]}
RESULT: undefined
COMMAND: POST /session/08ab26b8631a6e4e239c2287b57cf254/element - {"using":"xpath","value":"//*[@id=\"application-manageresources-display-component---newResourceUnit--createRuButton\"]"}
RESULT: {"using":"xpath","value":"//*[@id=\"application-manageresources-display-component---newResourceUnit--createRuButton\"]"}
COMMAND: POST /session/08ab26b8631a6e4e239c2287b57cf254/element/f.150F062B3A02957456735AB987B5EB04.d.A5327340166F8A869DAC5D9ABC6CE0C0.e.9640/click - {}
RESULT: {}
COMMAND: GET /session/08ab26b8631a6e4e239c2287b57cf254/screenshot - {}
RESULT: {}
COMMAND: POST /session/08ab26b8631a6e4e239c2287b57cf254/execute/async - {"script":"<script> [1562 bytes]","args":[{"selector":{"controlType":"sap.m.Title","properties":{"text":"Success"},"searchOpenDialogs":true},"wdio_ui5_key":"sapm.Title{\"text\":\"Success\"}"}]}
RESULT: {"script":"<script> [1562 bytes]","args":[{"selector":{"controlType":"sap.m.Title","properties":{"text":"Success"},"searchOpenDialogs":true},"wdio_ui5_key":"sapm.Title{\"text\":\"Success\"}"}]}
RESULT: undefined
COMMAND: POST /session/08ab26b8631a6e4e239c2287b57cf254/execute/async - {"script":"<script> [6424 bytes]","args":[{"element-6066-11e4-a52e-4f735466cecf":"f.150F062B3A02957456735AB987B5EB04.d.A5327340166F8A869DAC5D9ABC6CE0C0.e.9731"},"getText",[]]}
RESULT: {"script":"<script> [6424 bytes]","args":[{"element-6066-11e4-a52e-4f735466cecf":"f.150F062B3A02957456735AB987B5EB04.d.A5327340166F8A869DAC5D9ABC6CE0C0.e.9731"},"getText",[]]}
COMMAND: POST /session/08ab26b8631a6e4e239c2287b57cf254/element - {"using":"xpath","value":"//*[contains(@id, '__text') and (contains(text(), 'successfully created') or contains(., 'successfully created'))]"}
RESULT: {"using":"xpath","value":"//*[contains(@id, '__text') and (contains(text(), 'successfully created') or contains(., 'successfully created'))]"}
COMMAND: GET /session/08ab26b8631a6e4e239c2287b57cf254/element/f.150F062B3A02957456735AB987B5EB04.d.A5327340166F8A869DAC5D9ABC6CE0C0.e.9730/text - {}
RESULT: {}
COMMAND: POST /session/08ab26b8631a6e4e239c2287b57cf254/execute/async - {"script":"<script> [1562 bytes]","args":[{"selector":{"controlType":"sap.m.Button","properties":{"text":"Close"},"searchOpenDialogs":true,"interaction":{"idSuffix":"BDI-content"}},"wdio_ui5_key":"sapm.Button{\"text\":\"Close\"}"}]}
RESULT: {"script":"<script> [1562 bytes]","args":[{"selector":{"controlType":"sap.m.Button","properties":{"text":"Close"},"searchOpenDialogs":true,"interaction":{"idSuffix":"BDI-content"}},"wdio_ui5_key":"sapm.Button{\"text\":\"Close\"}"}]}
RESULT: undefined
COMMAND: POST /session/08ab26b8631a6e4e239c2287b57cf254/element - {"using":"xpath","value":"//*[@id=\"__mbox-btn-0\"]"}
RESULT: {"using":"xpath","value":"//*[@id=\"__mbox-btn-0\"]"}
COMMAND: POST /session/08ab26b8631a6e4e239c2287b57cf254/element/f.150F062B3A02957456735AB987B5EB04.d.A5327340166F8A869DAC5D9ABC6CE0C0.e.9727/click - {}
RESULT: {}
COMMAND: GET /session/08ab26b8631a6e4e239c2287b57cf254/screenshot - {}
RESULT: {}
COMMAND: POST /session/08ab26b8631a6e4e239c2287b57cf254/execute/async - {"script":"<script> [1562 bytes]","args":[{"selector":{"controlType":"sap.ui.core.Icon","viewName":"etm.portal.ui.manageresources.view.Detail","viewId":"application-manageresources-display-component---detailRU","properties":{"src":{"regex":{"source":"overflow"}}}},"wdio_ui5_key":"etmportal.ui.manageresources.view.Detailsap.ui.core.Icon{\"src\":{\"regex\":{\"source\":\"overflow\"}}}"}]}
RESULT: {"script":"<script> [1562 bytes]","args":[{"selector":{"controlType":"sap.ui.core.Icon","viewName":"etm.portal.ui.manageresources.view.Detail","viewId":"application-manageresources-display-component---detailRU","properties":{"src":{"regex":{"source":"overflow"}}}},"wdio_ui5_key":"etmportal.ui.manageresources.view.Detailsap.ui.core.Icon{\"src\":{\"regex\":{\"source\":\"overflow\"}}}"}]}
RESULT: undefined
COMMAND: POST /session/08ab26b8631a6e4e239c2287b57cf254/element - {"using":"xpath","value":"//*[@id=\"__title18-_actionsToolbar-overflowButton-img\"]"}
RESULT: {"using":"xpath","value":"//*[@id=\"__title18-_actionsToolbar-overflowButton-img\"]"}
COMMAND: POST /session/08ab26b8631a6e4e239c2287b57cf254/element/f.150F062B3A02957456735AB987B5EB04.d.A5327340166F8A869DAC5D9ABC6CE0C0.e.9766/click - {}
RESULT: {}
COMMAND: POST /session/08ab26b8631a6e4e239c2287b57cf254/execute/async - {"script":"<script> [1562 bytes]","args":[{"selector":{"controlType":"sap.m.Button","viewName":"etm.portal.ui.manageresources.view.Detail","viewId":"application-manageresources-display-component---detailRU","i18NText":{"propertyName":"tooltip","key":"closeColumn"},"searchOpenDialogs":true,"interaction":{"idSuffix":"inner"}},"wdio_ui5_key":"etmportal.ui.manageresources.view.Detailsap.m.Button{\"propertyName\":\"tooltip\",\"key\":\"closeColumn\"}"}]}
COMMAND: GET /session/08ab26b8631a6e4e239c2287b57cf254/screenshot - {}
RESULT: {"script":"<script> [1562 bytes]","args":[{"selector":{"controlType":"sap.m.Button","viewName":"etm.portal.ui.manageresources.view.Detail","viewId":"application-manageresources-display-component---detailRU","i18NText":{"propertyName":"tooltip","key":"closeColumn"},"searchOpenDialogs":true,"interaction":{"idSuffix":"inner"}},"wdio_ui5_key":"etmportal.ui.manageresources.view.Detailsap.m.Button{\"propertyName\":\"tooltip\",\"key\":\"closeColumn\"}"}]}
RESULT: undefined
COMMAND: POST /session/08ab26b8631a6e4e239c2287b57cf254/element - {"using":"xpath","value":"//*[@id=\"__button47\"]"}
RESULT: {}
RESULT: {"using":"xpath","value":"//*[@id=\"__button47\"]"}
COMMAND: POST /session/08ab26b8631a6e4e239c2287b57cf254/element/f.150F062B3A02957456735AB987B5EB04.d.A5327340166F8A869DAC5D9ABC6CE0C0.e.9768/click - {}
RESULT: {}
COMMAND: GET /session/08ab26b8631a6e4e239c2287b57cf254/screenshot - {}
RESULT: {}
COMMAND: POST /session/08ab26b8631a6e4e239c2287b57cf254/refresh - {}
RESULT: {}
COMMAND: GET /session/08ab26b8631a6e4e239c2287b57cf254/screenshot - {}
RESULT: {}
COMMAND: POST /session/08ab26b8631a6e4e239c2287b57cf254/execute/async - {"script":"<script> [189 bytes]","args":[]}
RESULT: {"script":"<script> [189 bytes]","args":[]}
COMMAND: POST /session/08ab26b8631a6e4e239c2287b57cf254/execute/async - {"script":"<script> [123 bytes]","args":[]}
RESULT: {"script":"<script> [123 bytes]","args":[]}
COMMAND: POST /session/08ab26b8631a6e4e239c2287b57cf254/timeouts - {"script":"<number>"}
RESULT: {"script":"<number>"}
COMMAND: GET /session/08ab26b8631a6e4e239c2287b57cf254/timeouts - {}
RESULT: {}
RESULT: undefined
COMMAND: POST /session/08ab26b8631a6e4e239c2287b57cf254/execute/async - {"script":"<script> [2676 bytes]","args":[]}
RESULT: {"script":"<script> [2676 bytes]","args":[]}
COMMAND: POST /session/08ab26b8631a6e4e239c2287b57cf254/execute/async - {"script":"<script> [2342 bytes]","args":[{"protocol":"http","hostname":"0.0.0.0","path":"/","capabilities":{"browserName":"chrome","goog:chromeOptions":{"binary":"C:\\Program Files\\Google\\Chrome\\Application\\chrome.exe","args":["--start-maximized"]}},"logLevel":"warn","connectionRetryTimeout":120000,"connectionRetryCount":3,"logLevels":{},"enableDirectConnect":true,"strictSSL":true,"_":"65 more keys: [\"cacheDir\",\"port\",\"requestedCapabilities\",\"automationProtocol\",\"baseUrl\",\"waitforInterval\",\"waitforTimeout\",\"onReload\",\"beforeCommand\",\"afterCommand\",\"rootDir\",\"specs\",\"suites\",\"exclude\",\"groupLogsByTestSpec\",\"excludeDriverLogs\",\"bail\",\"framework\",\"reporters\",\"services\",\"maxInstances\",\"maxInstancesPerCapability\",\"injectGlobals\",\"filesToWatch\",\"execArgv\",\"runnerEnv\",\"runner\",\"shard\",\"specFileRetries\",\"specFileRetriesDelay\",\"specFileRetriesDeferred\",\"reporterSyncInterval\",\"reporterSyncTimeout\",\"cucumberFeaturesWithLineNumbers\",\"autoCompileOpts\",\"mochaOpts\",\"jasmineOpts\",\"cucumberOpts\",\"onPrepare\",\"onWorkerStart\",\"onWorkerEnd\",\"before\",\"beforeSession\",\"beforeSuite\",\"beforeHook\",\"beforeTest\",\"afterTest\",\"afterHook\",\"afterSuite\",\"afterSession\",\"after\",\"onComplete\",\"beforeAssertion\",\"afterAssertion\",\"beforeFeature\",\"beforeScenario\",\"beforeStep\",\"afterStep\",\"afterScenario\",\"afterFeature\",\"_\",\"suite\",\"$0\",\"ignoredWorkerServices\",\"wdi5\"]"}]}
RESULT: {"script":"<script> [2342 bytes]","args":[{"protocol":"http","hostname":"0.0.0.0","path":"/","capabilities":{"browserName":"chrome","goog:chromeOptions":{"binary":"C:\\Program Files\\Google\\Chrome\\Application\\chrome.exe","args":["--start-maximized"]}},"logLevel":"warn","connectionRetryTimeout":120000,"connectionRetryCount":3,"logLevels":{},"enableDirectConnect":true,"strictSSL":true,"_":"65 more keys: [\"cacheDir\",\"port\",\"requestedCapabilities\",\"automationProtocol\",\"baseUrl\",\"waitforInterval\",\"waitforTimeout\",\"onReload\",\"beforeCommand\",\"afterCommand\",\"rootDir\",\"specs\",\"suites\",\"exclude\",\"groupLogsByTestSpec\",\"excludeDriverLogs\",\"bail\",\"framework\",\"reporters\",\"services\",\"maxInstances\",\"maxInstancesPerCapability\",\"injectGlobals\",\"filesToWatch\",\"execArgv\",\"runnerEnv\",\"runner\",\"shard\",\"specFileRetries\",\"specFileRetriesDelay\",\"specFileRetriesDeferred\",\"reporterSyncInterval\",\"reporterSyncTimeout\",\"cucumberFeaturesWithLineNumbers\",\"autoCompileOpts\",\"mochaOpts\",\"jasmineOpts\",\"cucumberOpts\",\"onPrepare\",\"onWorkerStart\",\"onWorkerEnd\",\"before\",\"beforeSession\",\"beforeSuite\",\"beforeHook\",\"beforeTest\",\"afterTest\",\"afterHook\",\"afterSuite\",\"afterSession\",\"after\",\"onComplete\",\"beforeAssertion\",\"afterAssertion\",\"beforeFeature\",\"beforeScenario\",\"beforeStep\",\"afterStep\",\"afterScenario\",\"afterFeature\",\"_\",\"suite\",\"$0\",\"ignoredWorkerServices\",\"wdi5\"]"}]}
COMMAND: POST /session/08ab26b8631a6e4e239c2287b57cf254/execute/async - {"script":"<script> [21126 bytes]","args":[35000]}
RESULT: {"script":"<script> [21126 bytes]","args":[35000]}
COMMAND: POST /session/08ab26b8631a6e4e239c2287b57cf254/element - {"using":"css selector","value":"#shell-header-logo"}
RESULT: {"using":"css selector","value":"#shell-header-logo"}
COMMAND: POST /session/08ab26b8631a6e4e239c2287b57cf254/element/f.150F062B3A02957456735AB987B5EB04.d.A99AC01E5A46CD5983992F1ECE58C73B.e.9872/click - {}
RESULT: {}
COMMAND: GET /session/08ab26b8631a6e4e239c2287b57cf254/screenshot - {}
RESULT: {}
COMMAND: POST /session/08ab26b8631a6e4e239c2287b57cf254/element - {"using":"css selector","value":"#shell-header-logo"}
RESULT: {"using":"css selector","value":"#shell-header-logo"}
COMMAND: POST /session/08ab26b8631a6e4e239c2287b57cf254/element/f.150F062B3A02957456735AB987B5EB04.d.A99AC01E5A46CD5983992F1ECE58C73B.e.10050/click - {}
RESULT: {}
COMMAND: GET /session/08ab26b8631a6e4e239c2287b57cf254/screenshot - {}
RESULT: {}
]]></system-out>
    </testcase>
    <testcase classname="chrome.135_0_7049_96.windows.Warehouse_movements_inventory_test" name="Should do a stock increase handover" time="76.762">
      <system-out><![CDATA[
COMMAND: POST /session/08ab26b8631a6e4e239c2287b57cf254/execute/async - {"script":"<script> [1562 bytes]","args":[{"selector":{"controlType":"sap.m.Text","viewName":"etm.portal.ui.managehandoverstile.view.Master","properties":{"text":"Manage Handovers"},"interaction":{"idSuffix":"inner"}},"wdio_ui5_key":"etmportal.ui.managehandoverstile.view.Mastersap.m.Text{\"text\":\"Manage Handovers\"}"}]}
RESULT: {"script":"<script> [1562 bytes]","args":[{"selector":{"controlType":"sap.m.Text","viewName":"etm.portal.ui.managehandoverstile.view.Master","properties":{"text":"Manage Handovers"},"interaction":{"idSuffix":"inner"}},"wdio_ui5_key":"etmportal.ui.managehandoverstile.view.Mastersap.m.Text{\"text\":\"Manage Handovers\"}"}]}
RESULT: undefined
COMMAND: POST /session/08ab26b8631a6e4e239c2287b57cf254/element - {"using":"xpath","value":"//*[@id=\"__tile132-title\"]"}
RESULT: {"using":"xpath","value":"//*[@id=\"__tile132-title\"]"}
COMMAND: POST /session/08ab26b8631a6e4e239c2287b57cf254/element/f.150F062B3A02957456735AB987B5EB04.d.A99AC01E5A46CD5983992F1ECE58C73B.e.10060/click - {}
RESULT: {}
COMMAND: GET /session/08ab26b8631a6e4e239c2287b57cf254/screenshot - {}
RESULT: {}
COMMAND: POST /session/08ab26b8631a6e4e239c2287b57cf254/element - {"using":"xpath","value":"//button[(@data-kt = 'masterHOAddButton')]"}
RESULT: {"using":"xpath","value":"//button[(@data-kt = 'masterHOAddButton')]"}
COMMAND: POST /session/08ab26b8631a6e4e239c2287b57cf254/elements - {"using":"xpath","value":"//button[(@data-kt = 'masterHOAddButton')]"}
RESULT: {"using":"xpath","value":"//button[(@data-kt = 'masterHOAddButton')]"}
COMMAND: POST /session/08ab26b8631a6e4e239c2287b57cf254/elements - {"using":"xpath","value":"//button[(@data-kt = 'masterHOAddButton')]"}
RESULT: {"using":"xpath","value":"//button[(@data-kt = 'masterHOAddButton')]"}
COMMAND: POST /session/08ab26b8631a6e4e239c2287b57cf254/element - {"using":"xpath","value":"//button[(@data-kt = 'masterHOAddButton')]"}
RESULT: {"using":"xpath","value":"//button[(@data-kt = 'masterHOAddButton')]"}
COMMAND: POST /session/08ab26b8631a6e4e239c2287b57cf254/element/f.150F062B3A02957456735AB987B5EB04.d.A99AC01E5A46CD5983992F1ECE58C73B.e.10090/click - {}
RESULT: {}
COMMAND: GET /session/08ab26b8631a6e4e239c2287b57cf254/screenshot - {}
RESULT: {}
COMMAND: POST /session/08ab26b8631a6e4e239c2287b57cf254/element - {"using":"xpath","value":"//span[contains(@id ,\"AddNewHO--typeSelect-arrow\")]"}
RESULT: {"using":"xpath","value":"//span[contains(@id ,\"AddNewHO--typeSelect-arrow\")]"}
COMMAND: POST /session/08ab26b8631a6e4e239c2287b57cf254/element/f.150F062B3A02957456735AB987B5EB04.d.A99AC01E5A46CD5983992F1ECE58C73B.e.10229/click - {}
RESULT: {}
COMMAND: POST /session/08ab26b8631a6e4e239c2287b57cf254/element - {"using":"xpath","value":"(//li[contains(text(), \"stock increase yard\")])[1]"}
COMMAND: GET /session/08ab26b8631a6e4e239c2287b57cf254/screenshot - {}
RESULT: {"using":"xpath","value":"(//li[contains(text(), \"stock increase yard\")])[1]"}
COMMAND: POST /session/08ab26b8631a6e4e239c2287b57cf254/element/f.150F062B3A02957456735AB987B5EB04.d.A99AC01E5A46CD5983992F1ECE58C73B.e.10230/click - {}
RESULT: {}
RESULT: {}
COMMAND: GET /session/08ab26b8631a6e4e239c2287b57cf254/screenshot - {}
RESULT: {}
COMMAND: POST /session/08ab26b8631a6e4e239c2287b57cf254/execute/async - {"script":"<script> [1562 bytes]","args":[{"selector":{"id":"application-managehandovers-display-component---AddNewHO--dueDate","interaction":{"idSuffix":"inner"}},"wdio_ui5_key":"applicationmanagehandovers-display-component---AddNewHO--dueDate"}]}
RESULT: {"script":"<script> [1562 bytes]","args":[{"selector":{"id":"application-managehandovers-display-component---AddNewHO--dueDate","interaction":{"idSuffix":"inner"}},"wdio_ui5_key":"applicationmanagehandovers-display-component---AddNewHO--dueDate"}]}
RESULT: undefined
COMMAND: POST /session/08ab26b8631a6e4e239c2287b57cf254/execute/async - {"script":"<script> [6424 bytes]","args":[{"element-6066-11e4-a52e-4f735466cecf":"f.150F062B3A02957456735AB987B5EB04.d.A99AC01E5A46CD5983992F1ECE58C73B.e.10232"},"setValue",["05/02/2025"]]}
RESULT: {"script":"<script> [6424 bytes]","args":[{"element-6066-11e4-a52e-4f735466cecf":"f.150F062B3A02957456735AB987B5EB04.d.A99AC01E5A46CD5983992F1ECE58C73B.e.10232"},"setValue",["05/02/2025"]]}
COMMAND: POST /session/08ab26b8631a6e4e239c2287b57cf254/element - {"using":"xpath","value":"//input[@id=\"generalSectionFrg--receiveYard-inner\"]"}
RESULT: {"using":"xpath","value":"//input[@id=\"generalSectionFrg--receiveYard-inner\"]"}
COMMAND: POST /session/08ab26b8631a6e4e239c2287b57cf254/element/f.150F062B3A02957456735AB987B5EB04.d.A99AC01E5A46CD5983992F1ECE58C73B.e.10238/clear - {}
RESULT: {}
COMMAND: POST /session/08ab26b8631a6e4e239c2287b57cf254/element/f.150F062B3A02957456735AB987B5EB04.d.A99AC01E5A46CD5983992F1ECE58C73B.e.10238/value - {"text":"WebdriverWHMYard642sol"}
COMMAND: GET /session/08ab26b8631a6e4e239c2287b57cf254/screenshot - {}
RESULT: {"text":"WebdriverWHMYard642sol"}
COMMAND: GET /session/08ab26b8631a6e4e239c2287b57cf254/screenshot - {}
RESULT: {}
RESULT: {}
COMMAND: POST /session/08ab26b8631a6e4e239c2287b57cf254/execute/async - {"script":"<script> [1562 bytes]","args":[{"selector":{"id":"application-managehandovers-display-component---AddNewHO--ObjectPageLayout-anchBar-application-managehandovers-display-component---AddNewHO--section4-anchor","interaction":{"idSuffix":"BDI-content"}},"wdio_ui5_key":"applicationmanagehandovers-display-component---AddNewHO--ObjectPageLayout-anchBar-application-managehandovers-display-component---AddNewHO--section4-anchor"}]}
RESULT: {"script":"<script> [1562 bytes]","args":[{"selector":{"id":"application-managehandovers-display-component---AddNewHO--ObjectPageLayout-anchBar-application-managehandovers-display-component---AddNewHO--section4-anchor","interaction":{"idSuffix":"BDI-content"}},"wdio_ui5_key":"applicationmanagehandovers-display-component---AddNewHO--ObjectPageLayout-anchBar-application-managehandovers-display-component---AddNewHO--section4-anchor"}]}
RESULT: undefined
COMMAND: POST /session/08ab26b8631a6e4e239c2287b57cf254/element - {"using":"xpath","value":"//*[@id=\"application-managehandovers-display-component---AddNewHO--ObjectPageLayout-anchBar-application-managehandovers-display-component---AddNewHO--section4-anchor\"]"}
RESULT: {"using":"xpath","value":"//*[@id=\"application-managehandovers-display-component---AddNewHO--ObjectPageLayout-anchBar-application-managehandovers-display-component---AddNewHO--section4-anchor\"]"}
COMMAND: POST /session/08ab26b8631a6e4e239c2287b57cf254/element/f.150F062B3A02957456735AB987B5EB04.d.A99AC01E5A46CD5983992F1ECE58C73B.e.10257/click - {}
RESULT: {}
COMMAND: GET /session/08ab26b8631a6e4e239c2287b57cf254/screenshot - {}
RESULT: {}
COMMAND: POST /session/08ab26b8631a6e4e239c2287b57cf254/element - {"using":"xpath","value":"//button[@aria-label=\"Add\"]"}
RESULT: {"using":"xpath","value":"//button[@aria-label=\"Add\"]"}
COMMAND: POST /session/08ab26b8631a6e4e239c2287b57cf254/element/f.150F062B3A02957456735AB987B5EB04.d.A99AC01E5A46CD5983992F1ECE58C73B.e.10260/click - {}
RESULT: {}
COMMAND: GET /session/08ab26b8631a6e4e239c2287b57cf254/screenshot - {}
RESULT: {}
COMMAND: POST /session/08ab26b8631a6e4e239c2287b57cf254/execute/async - {"script":"<script> [1562 bytes]","args":[{"selector":{"id":"application-managehandovers-display-component---AddNewHO--smartFilterBar-btnBasicSearch","searchOpenDialogs":true,"interaction":{"idSuffix":"I"}},"wdio_ui5_key":"applicationmanagehandovers-display-component---AddNewHO--smartFilterBar-btnBasicSearch"}]}
RESULT: {"script":"<script> [1562 bytes]","args":[{"selector":{"id":"application-managehandovers-display-component---AddNewHO--smartFilterBar-btnBasicSearch","searchOpenDialogs":true,"interaction":{"idSuffix":"I"}},"wdio_ui5_key":"applicationmanagehandovers-display-component---AddNewHO--smartFilterBar-btnBasicSearch"}]}
RESULT: undefined
COMMAND: POST /session/08ab26b8631a6e4e239c2287b57cf254/execute/async - {"script":"<script> [776 bytes]","args":[{"enterText":"WebdriverRUR2Crhm6q","selector":{"id":"application-managehandovers-display-component---AddNewHO--smartFilterBar-btnBasicSearch","searchOpenDialogs":true,"interaction":{"idSuffix":"I"}},"clearTextFirst":true,"interactionType":"ENTER_TEXT"}]}
RESULT: {"script":"<script> [776 bytes]","args":[{"enterText":"WebdriverRUR2Crhm6q","selector":{"id":"application-managehandovers-display-component---AddNewHO--smartFilterBar-btnBasicSearch","searchOpenDialogs":true,"interaction":{"idSuffix":"I"}},"clearTextFirst":true,"interactionType":"ENTER_TEXT"}]}
COMMAND: POST /session/08ab26b8631a6e4e239c2287b57cf254/actions - {"actions":[{"id":"action33","type":"key","parameters":{},"actions":[{"type":"keyDown","value":"î€‡"},{"type":"pause","duration":10},{"type":"keyUp","value":"î€‡"}]}]}
RESULT: {"actions":[{"id":"action33","type":"key","parameters":{},"actions":[{"type":"keyDown","value":"î€‡"},{"type":"pause","duration":10},{"type":"keyUp","value":"î€‡"}]}]}
COMMAND: POST /session/08ab26b8631a6e4e239c2287b57cf254/execute/async - {"script":"<script> [1562 bytes]","args":[{"selector":{"id":"application-managehandovers-display-component---AddNewHO--popup-sa","searchOpenDialogs":true,"interaction":{"idSuffix":"CbBg"}},"wdio_ui5_key":"applicationmanagehandovers-display-component---AddNewHO--popup-sa"}]}
COMMAND: GET /session/08ab26b8631a6e4e239c2287b57cf254/screenshot - {}
RESULT: {"script":"<script> [1562 bytes]","args":[{"selector":{"id":"application-managehandovers-display-component---AddNewHO--popup-sa","searchOpenDialogs":true,"interaction":{"idSuffix":"CbBg"}},"wdio_ui5_key":"applicationmanagehandovers-display-component---AddNewHO--popup-sa"}]}
RESULT: undefined
COMMAND: POST /session/08ab26b8631a6e4e239c2287b57cf254/element - {"using":"xpath","value":"//*[@id=\"application-managehandovers-display-component---AddNewHO--popup-sa\"]"}
RESULT: {}
RESULT: {"using":"xpath","value":"//*[@id=\"application-managehandovers-display-component---AddNewHO--popup-sa\"]"}
COMMAND: POST /session/08ab26b8631a6e4e239c2287b57cf254/element/f.150F062B3A02957456735AB987B5EB04.d.A99AC01E5A46CD5983992F1ECE58C73B.e.10416/click - {}
RESULT: {}
COMMAND: GET /session/08ab26b8631a6e4e239c2287b57cf254/screenshot - {}
RESULT: {}
COMMAND: POST /session/08ab26b8631a6e4e239c2287b57cf254/element - {"using":"xpath","value":"//bdi[contains(text(), \"Select\")]"}
RESULT: {"using":"xpath","value":"//bdi[contains(text(), \"Select\")]"}
COMMAND: POST /session/08ab26b8631a6e4e239c2287b57cf254/element/f.150F062B3A02957456735AB987B5EB04.d.A99AC01E5A46CD5983992F1ECE58C73B.e.10417/click - {}
RESULT: {}
COMMAND: GET /session/08ab26b8631a6e4e239c2287b57cf254/screenshot - {}
RESULT: {}
COMMAND: POST /session/08ab26b8631a6e4e239c2287b57cf254/element - {"using":"xpath","value":"//button[@data-kt=\"AddNewHOSaveButton\"]"}
RESULT: {"using":"xpath","value":"//button[@data-kt=\"AddNewHOSaveButton\"]"}
COMMAND: POST /session/08ab26b8631a6e4e239c2287b57cf254/element/f.150F062B3A02957456735AB987B5EB04.d.A99AC01E5A46CD5983992F1ECE58C73B.e.10421/click - {}
RESULT: {}
COMMAND: GET /session/08ab26b8631a6e4e239c2287b57cf254/screenshot - {}
RESULT: {}
COMMAND: POST /session/08ab26b8631a6e4e239c2287b57cf254/execute/async - {"script":"<script> [1562 bytes]","args":[{"selector":{"id":"receiptDatePicker","viewName":"etm.portal.ui.managehandovers.view.DetailExecuteHO","interaction":{"idSuffix":"inner"}},"wdio_ui5_key":"receiptDatePickeretmportal.ui.managehandovers.view.DetailExecuteHO"}]}
RESULT: {"script":"<script> [1562 bytes]","args":[{"selector":{"id":"receiptDatePicker","viewName":"etm.portal.ui.managehandovers.view.DetailExecuteHO","interaction":{"idSuffix":"inner"}},"wdio_ui5_key":"receiptDatePickeretmportal.ui.managehandovers.view.DetailExecuteHO"}]}
RESULT: undefined
COMMAND: POST /session/08ab26b8631a6e4e239c2287b57cf254/execute/async - {"script":"<script> [6424 bytes]","args":[{"element-6066-11e4-a52e-4f735466cecf":"f.150F062B3A02957456735AB987B5EB04.d.A99AC01E5A46CD5983992F1ECE58C73B.e.10450"},"setValue",["05/02/2025"]]}
RESULT: {"script":"<script> [6424 bytes]","args":[{"element-6066-11e4-a52e-4f735466cecf":"f.150F062B3A02957456735AB987B5EB04.d.A99AC01E5A46CD5983992F1ECE58C73B.e.10450"},"setValue",["05/02/2025"]]}
COMMAND: POST /session/08ab26b8631a6e4e239c2287b57cf254/element - {"using":"xpath","value":"//button[@data-kt=\"PickingTableConfirmAllButton\"]"}
RESULT: {"using":"xpath","value":"//button[@data-kt=\"PickingTableConfirmAllButton\"]"}
COMMAND: POST /session/08ab26b8631a6e4e239c2287b57cf254/element/f.150F062B3A02957456735AB987B5EB04.d.A99AC01E5A46CD5983992F1ECE58C73B.e.10468/click - {}
RESULT: {}
COMMAND: GET /session/08ab26b8631a6e4e239c2287b57cf254/screenshot - {}
RESULT: {}
COMMAND: POST /session/08ab26b8631a6e4e239c2287b57cf254/element - {"using":"xpath","value":"//bdi[contains(text(), \"OK\")]"}
RESULT: {"using":"xpath","value":"//bdi[contains(text(), \"OK\")]"}
COMMAND: POST /session/08ab26b8631a6e4e239c2287b57cf254/element/f.150F062B3A02957456735AB987B5EB04.d.A99AC01E5A46CD5983992F1ECE58C73B.e.10470/click - {}
RESULT: {}
COMMAND: GET /session/08ab26b8631a6e4e239c2287b57cf254/screenshot - {}
RESULT: {}
COMMAND: POST /session/08ab26b8631a6e4e239c2287b57cf254/element - {"using":"xpath","value":"(//bdi[contains(text(), \"Receive\")])[2]"}
RESULT: {"using":"xpath","value":"(//bdi[contains(text(), \"Receive\")])[2]"}
COMMAND: POST /session/08ab26b8631a6e4e239c2287b57cf254/element/f.150F062B3A02957456735AB987B5EB04.d.A99AC01E5A46CD5983992F1ECE58C73B.e.10472/click - {}
RESULT: {}
COMMAND: GET /session/08ab26b8631a6e4e239c2287b57cf254/screenshot - {}
RESULT: {}
COMMAND: POST /session/08ab26b8631a6e4e239c2287b57cf254/element - {"using":"css selector","value":"#shell-header-logo"}
RESULT: {"using":"css selector","value":"#shell-header-logo"}
COMMAND: POST /session/08ab26b8631a6e4e239c2287b57cf254/element/f.150F062B3A02957456735AB987B5EB04.d.A99AC01E5A46CD5983992F1ECE58C73B.e.10050/click - {}
RESULT: {}
COMMAND: GET /session/08ab26b8631a6e4e239c2287b57cf254/screenshot - {}
RESULT: {}
]]></system-out>
    </testcase>
    <testcase classname="chrome.135_0_7049_96.windows.Warehouse_movements_inventory_test" name="Verify the warehouse movement" time="42.88">
      <system-out><![CDATA[
COMMAND: POST /session/08ab26b8631a6e4e239c2287b57cf254/execute/async - {"script":"<script> [1562 bytes]","args":[{"selector":{"controlType":"sap.m.GenericTile","properties":{"header":"Manage Warehouse Movements"}},"wdio_ui5_key":"sapm.GenericTile{\"header\":\"Manage Warehouse Movements\"}"}]}
RESULT: {"script":"<script> [1562 bytes]","args":[{"selector":{"controlType":"sap.m.GenericTile","properties":{"header":"Manage Warehouse Movements"}},"wdio_ui5_key":"sapm.GenericTile{\"header\":\"Manage Warehouse Movements\"}"}]}
RESULT: undefined
COMMAND: POST /session/08ab26b8631a6e4e239c2287b57cf254/element - {"using":"xpath","value":"//*[@id=\"__tile105\"]"}
RESULT: {"using":"xpath","value":"//*[@id=\"__tile105\"]"}
COMMAND: POST /session/08ab26b8631a6e4e239c2287b57cf254/element/f.150F062B3A02957456735AB987B5EB04.d.A99AC01E5A46CD5983992F1ECE58C73B.e.10622/click - {}
RESULT: {}
COMMAND: GET /session/08ab26b8631a6e4e239c2287b57cf254/screenshot - {}
RESULT: {}
COMMAND: POST /session/08ab26b8631a6e4e239c2287b57cf254/execute/async - {"script":"<script> [1562 bytes]","args":[{"selector":{"id":"application-warehousemovements-display-component---warehouseMovements--smartFilterBar-filterItemControl_BASIC-YARD-vhi"},"wdio_ui5_key":"applicationwarehousemovements-display-component---warehouseMovements--smartFilterBar-filterItemControl_BASIC-YARD-vhi"}]}
RESULT: {"script":"<script> [1562 bytes]","args":[{"selector":{"id":"application-warehousemovements-display-component---warehouseMovements--smartFilterBar-filterItemControl_BASIC-YARD-vhi"},"wdio_ui5_key":"applicationwarehousemovements-display-component---warehouseMovements--smartFilterBar-filterItemControl_BASIC-YARD-vhi"}]}
RESULT: undefined
COMMAND: POST /session/08ab26b8631a6e4e239c2287b57cf254/element - {"using":"xpath","value":"//*[@id=\"application-warehousemovements-display-component---warehouseMovements--smartFilterBar-filterItemControl_BASIC-YARD-vhi\"]"}
RESULT: {"using":"xpath","value":"//*[@id=\"application-warehousemovements-display-component---warehouseMovements--smartFilterBar-filterItemControl_BASIC-YARD-vhi\"]"}
COMMAND: POST /session/08ab26b8631a6e4e239c2287b57cf254/element/f.150F062B3A02957456735AB987B5EB04.d.A99AC01E5A46CD5983992F1ECE58C73B.e.10712/click - {}
RESULT: {}
COMMAND: GET /session/08ab26b8631a6e4e239c2287b57cf254/screenshot - {}
RESULT: {}
COMMAND: POST /session/08ab26b8631a6e4e239c2287b57cf254/execute/async - {"script":"<script> [1562 bytes]","args":[{"selector":{"id":"application-warehousemovements-display-component---warehouseMovements--smartFilterBar-filterItemControl_BASIC-YARD-valueHelpDialog-smartFilterBar-btnBasicSearch","searchOpenDialogs":true,"interaction":{"idSuffix":"I"}},"wdio_ui5_key":"applicationwarehousemovements-display-component---warehouseMovements--smartFilterBar-filterItemControl_BASIC-YARD-valueHelpDialog-smartFilterBar-btnBasicSearch"}]}
RESULT: {"script":"<script> [1562 bytes]","args":[{"selector":{"id":"application-warehousemovements-display-component---warehouseMovements--smartFilterBar-filterItemControl_BASIC-YARD-valueHelpDialog-smartFilterBar-btnBasicSearch","searchOpenDialogs":true,"interaction":{"idSuffix":"I"}},"wdio_ui5_key":"applicationwarehousemovements-display-component---warehouseMovements--smartFilterBar-filterItemControl_BASIC-YARD-valueHelpDialog-smartFilterBar-btnBasicSearch"}]}
RESULT: undefined
COMMAND: POST /session/08ab26b8631a6e4e239c2287b57cf254/execute/async - {"script":"<script> [776 bytes]","args":[{"enterText":"WebdriverWHMYard642sol","selector":{"id":"application-warehousemovements-display-component---warehouseMovements--smartFilterBar-filterItemControl_BASIC-YARD-valueHelpDialog-smartFilterBar-btnBasicSearch","searchOpenDialogs":true,"interaction":{"idSuffix":"I"}},"clearTextFirst":true,"interactionType":"ENTER_TEXT"}]}
RESULT: {"script":"<script> [776 bytes]","args":[{"enterText":"WebdriverWHMYard642sol","selector":{"id":"application-warehousemovements-display-component---warehouseMovements--smartFilterBar-filterItemControl_BASIC-YARD-valueHelpDialog-smartFilterBar-btnBasicSearch","searchOpenDialogs":true,"interaction":{"idSuffix":"I"}},"clearTextFirst":true,"interactionType":"ENTER_TEXT"}]}
COMMAND: POST /session/08ab26b8631a6e4e239c2287b57cf254/actions - {"actions":[{"id":"action34","type":"key","parameters":{},"actions":[{"type":"keyDown","value":"î€‡"},{"type":"pause","duration":10},{"type":"keyUp","value":"î€‡"}]}]}
RESULT: {"actions":[{"id":"action34","type":"key","parameters":{},"actions":[{"type":"keyDown","value":"î€‡"},{"type":"pause","duration":10},{"type":"keyUp","value":"î€‡"}]}]}
COMMAND: GET /session/08ab26b8631a6e4e239c2287b57cf254/screenshot - {}
RESULT: {}
COMMAND: POST /session/08ab26b8631a6e4e239c2287b57cf254/element - {"using":"xpath","value":"//div[@id='application-warehousemovements-display-component---warehouseMovements--smartFilterBar-filterItemControl_BASIC-YARD-valueHelpDialog-table-rowsel0']"}
RESULT: {"using":"xpath","value":"//div[@id='application-warehousemovements-display-component---warehouseMovements--smartFilterBar-filterItemControl_BASIC-YARD-valueHelpDialog-table-rowsel0']"}
COMMAND: POST /session/08ab26b8631a6e4e239c2287b57cf254/element/f.150F062B3A02957456735AB987B5EB04.d.A99AC01E5A46CD5983992F1ECE58C73B.e.10724/click - {}
RESULT: {}
COMMAND: POST /session/08ab26b8631a6e4e239c2287b57cf254/execute/async - {"script":"<script> [1562 bytes]","args":[{"selector":{"id":"application-warehousemovements-display-component---warehouseMovements--smartFilterBar-filterItemControl_BASIC-YARD-valueHelpDialog-ok","searchOpenDialogs":true,"interaction":{"idSuffix":"BDI-content"}},"wdio_ui5_key":"applicationwarehousemovements-display-component---warehouseMovements--smartFilterBar-filterItemControl_BASIC-YARD-valueHelpDialog-ok"}]}
COMMAND: GET /session/08ab26b8631a6e4e239c2287b57cf254/screenshot - {}
RESULT: {"script":"<script> [1562 bytes]","args":[{"selector":{"id":"application-warehousemovements-display-component---warehouseMovements--smartFilterBar-filterItemControl_BASIC-YARD-valueHelpDialog-ok","searchOpenDialogs":true,"interaction":{"idSuffix":"BDI-content"}},"wdio_ui5_key":"applicationwarehousemovements-display-component---warehouseMovements--smartFilterBar-filterItemControl_BASIC-YARD-valueHelpDialog-ok"}]}
RESULT: undefined
COMMAND: POST /session/08ab26b8631a6e4e239c2287b57cf254/element - {"using":"xpath","value":"//*[@id=\"application-warehousemovements-display-component---warehouseMovements--smartFilterBar-filterItemControl_BASIC-YARD-valueHelpDialog-ok\"]"}
RESULT: {}
RESULT: {"using":"xpath","value":"//*[@id=\"application-warehousemovements-display-component---warehouseMovements--smartFilterBar-filterItemControl_BASIC-YARD-valueHelpDialog-ok\"]"}
COMMAND: POST /session/08ab26b8631a6e4e239c2287b57cf254/element/f.150F062B3A02957456735AB987B5EB04.d.A99AC01E5A46CD5983992F1ECE58C73B.e.10727/click - {}
RESULT: {}
COMMAND: POST /session/08ab26b8631a6e4e239c2287b57cf254/execute/async - {"script":"<script> [1562 bytes]","args":[{"selector":{"controlType":"sap.ui.core.Icon","viewName":"etm.portal.ui.warehousemovements.view.MasterMovement","viewId":"application-warehousemovements-display-component---warehouseMovements","properties":{"src":{"regex":{"source":"add"}}}},"wdio_ui5_key":"etmportal.ui.warehousemovements.view.MasterMovementsap.ui.core.Icon{\"src\":{\"regex\":{\"source\":\"add\"}}}"}]}
COMMAND: GET /session/08ab26b8631a6e4e239c2287b57cf254/screenshot - {}
RESULT: {"script":"<script> [1562 bytes]","args":[{"selector":{"controlType":"sap.ui.core.Icon","viewName":"etm.portal.ui.warehousemovements.view.MasterMovement","viewId":"application-warehousemovements-display-component---warehouseMovements","properties":{"src":{"regex":{"source":"add"}}}},"wdio_ui5_key":"etmportal.ui.warehousemovements.view.MasterMovementsap.ui.core.Icon{\"src\":{\"regex\":{\"source\":\"add\"}}}"}]}
RESULT: undefined
COMMAND: POST /session/08ab26b8631a6e4e239c2287b57cf254/element - {"using":"xpath","value":"//*[@id=\"__button73-img\"]"}
RESULT: {}
RESULT: {"using":"xpath","value":"//*[@id=\"__button73-img\"]"}
COMMAND: POST /session/08ab26b8631a6e4e239c2287b57cf254/element/f.150F062B3A02957456735AB987B5EB04.d.A99AC01E5A46CD5983992F1ECE58C73B.e.10659/click - {}
RESULT: {}
COMMAND: POST /session/08ab26b8631a6e4e239c2287b57cf254/element - {"using":"xpath","value":"//input[contains(@id ,\"application-warehousemovements-display-component---addMovement--sectionsList-inner\")]"}
COMMAND: GET /session/08ab26b8631a6e4e239c2287b57cf254/screenshot - {}
RESULT: {"using":"xpath","value":"//input[contains(@id ,\"application-warehousemovements-display-component---addMovement--sectionsList-inner\")]"}
COMMAND: POST /session/08ab26b8631a6e4e239c2287b57cf254/elements - {"using":"xpath","value":"//input[contains(@id ,\"application-warehousemovements-display-component---addMovement--sectionsList-inner\")]"}
RESULT: {}
RESULT: {"using":"xpath","value":"//input[contains(@id ,\"application-warehousemovements-display-component---addMovement--sectionsList-inner\")]"}
COMMAND: POST /session/08ab26b8631a6e4e239c2287b57cf254/elements - {"using":"xpath","value":"//input[contains(@id ,\"application-warehousemovements-display-component---addMovement--sectionsList-inner\")]"}
RESULT: {"using":"xpath","value":"//input[contains(@id ,\"application-warehousemovements-display-component---addMovement--sectionsList-inner\")]"}
COMMAND: POST /session/08ab26b8631a6e4e239c2287b57cf254/element - {"using":"xpath","value":"//input[contains(@id ,\"application-warehousemovements-display-component---addMovement--sectionsList-inner\")]"}
RESULT: {"using":"xpath","value":"//input[contains(@id ,\"application-warehousemovements-display-component---addMovement--sectionsList-inner\")]"}
COMMAND: POST /session/08ab26b8631a6e4e239c2287b57cf254/element/f.150F062B3A02957456735AB987B5EB04.d.A99AC01E5A46CD5983992F1ECE58C73B.e.10793/clear - {}
RESULT: {}
COMMAND: POST /session/08ab26b8631a6e4e239c2287b57cf254/element/f.150F062B3A02957456735AB987B5EB04.d.A99AC01E5A46CD5983992F1ECE58C73B.e.10793/value - {"text":"Sec6zsqf"}
COMMAND: GET /session/08ab26b8631a6e4e239c2287b57cf254/screenshot - {}
RESULT: {"text":"Sec6zsqf"}
COMMAND: GET /session/08ab26b8631a6e4e239c2287b57cf254/screenshot - {}
RESULT: {}
RESULT: {}
COMMAND: POST /session/08ab26b8631a6e4e239c2287b57cf254/actions - {"actions":[{"id":"action35","type":"key","parameters":{},"actions":[{"type":"keyDown","value":"î€‡"},{"type":"pause","duration":10},{"type":"keyUp","value":"î€‡"}]}]}
RESULT: {"actions":[{"id":"action35","type":"key","parameters":{},"actions":[{"type":"keyDown","value":"î€‡"},{"type":"pause","duration":10},{"type":"keyUp","value":"î€‡"}]}]}
COMMAND: GET /session/08ab26b8631a6e4e239c2287b57cf254/screenshot - {}
RESULT: {}
COMMAND: POST /session/08ab26b8631a6e4e239c2287b57cf254/execute/async - {"script":"<script> [1562 bytes]","args":[{"selector":{"id":"application-warehousemovements-display-component---addMovement--addItem-img"},"wdio_ui5_key":"applicationwarehousemovements-display-component---addMovement--addItem-img"}]}
RESULT: {"script":"<script> [1562 bytes]","args":[{"selector":{"id":"application-warehousemovements-display-component---addMovement--addItem-img"},"wdio_ui5_key":"applicationwarehousemovements-display-component---addMovement--addItem-img"}]}
RESULT: undefined
COMMAND: POST /session/08ab26b8631a6e4e239c2287b57cf254/element - {"using":"xpath","value":"//*[@id=\"application-warehousemovements-display-component---addMovement--addItem-img\"]"}
RESULT: {"using":"xpath","value":"//*[@id=\"application-warehousemovements-display-component---addMovement--addItem-img\"]"}
COMMAND: POST /session/08ab26b8631a6e4e239c2287b57cf254/element/f.150F062B3A02957456735AB987B5EB04.d.A99AC01E5A46CD5983992F1ECE58C73B.e.10777/click - {}
RESULT: {}
COMMAND: POST /session/08ab26b8631a6e4e239c2287b57cf254/execute/async - {"script":"<script> [1562 bytes]","args":[{"selector":{"id":"movementItemsPopUp--invSearch","searchOpenDialogs":true,"interaction":{"idSuffix":"I"}},"wdio_ui5_key":"movementItemsPopUpinvSearch"}]}
COMMAND: GET /session/08ab26b8631a6e4e239c2287b57cf254/screenshot - {}
RESULT: {"script":"<script> [1562 bytes]","args":[{"selector":{"id":"movementItemsPopUp--invSearch","searchOpenDialogs":true,"interaction":{"idSuffix":"I"}},"wdio_ui5_key":"movementItemsPopUpinvSearch"}]}
RESULT: undefined
COMMAND: POST /session/08ab26b8631a6e4e239c2287b57cf254/execute/async - {"script":"<script> [776 bytes]","args":[{"enterText":"WebdriverRUR2Crhm6q","selector":{"id":"movementItemsPopUp--invSearch","searchOpenDialogs":true,"interaction":{"idSuffix":"I"}},"clearTextFirst":true,"interactionType":"ENTER_TEXT"}]}
RESULT: {}
RESULT: {"script":"<script> [776 bytes]","args":[{"enterText":"WebdriverRUR2Crhm6q","selector":{"id":"movementItemsPopUp--invSearch","searchOpenDialogs":true,"interaction":{"idSuffix":"I"}},"clearTextFirst":true,"interactionType":"ENTER_TEXT"}]}
COMMAND: POST /session/08ab26b8631a6e4e239c2287b57cf254/execute/async - {"script":"<script> [1562 bytes]","args":[{"selector":{"id":"movementItemsPopUp--movementItemsTable-sa","searchOpenDialogs":true,"interaction":{"idSuffix":"CbBg"}},"wdio_ui5_key":"movementItemsPopUpmovementItemsTable-sa"}]}
RESULT: {"script":"<script> [1562 bytes]","args":[{"selector":{"id":"movementItemsPopUp--movementItemsTable-sa","searchOpenDialogs":true,"interaction":{"idSuffix":"CbBg"}},"wdio_ui5_key":"movementItemsPopUpmovementItemsTable-sa"}]}
RESULT: undefined
COMMAND: POST /session/08ab26b8631a6e4e239c2287b57cf254/element - {"using":"xpath","value":"//*[@id=\"movementItemsPopUp--movementItemsTable-sa\"]"}
RESULT: {"using":"xpath","value":"//*[@id=\"movementItemsPopUp--movementItemsTable-sa\"]"}
COMMAND: POST /session/08ab26b8631a6e4e239c2287b57cf254/element/f.150F062B3A02957456735AB987B5EB04.d.A99AC01E5A46CD5983992F1ECE58C73B.e.10877/click - {}
RESULT: {}
COMMAND: POST /session/08ab26b8631a6e4e239c2287b57cf254/execute/async - {"script":"<script> [1562 bytes]","args":[{"selector":{"id":"movementItemsPopUp--createBtn","searchOpenDialogs":true,"interaction":{"idSuffix":"BDI-content"}},"wdio_ui5_key":"movementItemsPopUpcreateBtn"}]}
COMMAND: GET /session/08ab26b8631a6e4e239c2287b57cf254/screenshot - {}
RESULT: {"script":"<script> [1562 bytes]","args":[{"selector":{"id":"movementItemsPopUp--createBtn","searchOpenDialogs":true,"interaction":{"idSuffix":"BDI-content"}},"wdio_ui5_key":"movementItemsPopUpcreateBtn"}]}
RESULT: undefined
COMMAND: POST /session/08ab26b8631a6e4e239c2287b57cf254/element - {"using":"xpath","value":"//*[@id=\"movementItemsPopUp--createBtn\"]"}
RESULT: {}
RESULT: {"using":"xpath","value":"//*[@id=\"movementItemsPopUp--createBtn\"]"}
COMMAND: POST /session/08ab26b8631a6e4e239c2287b57cf254/element/f.150F062B3A02957456735AB987B5EB04.d.A99AC01E5A46CD5983992F1ECE58C73B.e.10879/click - {}
RESULT: {}
COMMAND: GET /session/08ab26b8631a6e4e239c2287b57cf254/screenshot - {}
RESULT: {}
COMMAND: DELETE /session/08ab26b8631a6e4e239c2287b57cf254 - {}
RESULT: {}
]]></system-out>
    </testcase>
  </testsuite>
</testsuites>